<?xml version="1.0" encoding="UTF-8"?>
<testsuite xmlns:xsi="http://www.w3.org/2001/XMLSchema-instance" xsi:noNamespaceSchemaLocation="https://maven.apache.org/surefire/maven-surefire-plugin/xsd/surefire-test-report-3.0.xsd" version="3.0" name="org.apache.hive.hcatalog.api.TestHCatClient" time="401.075" tests="19" errors="0" skipped="0" failures="6">
  <properties>
    <property name="build.test.dir" value="/home/alex/Repositories/hive/hcatalog/webhcat/java-client/target/tmp"/>
    <property name="awt.toolkit" value="sun.awt.X11.XToolkit"/>
    <property name="test.tmp.dir.uri" value="file:///home/alex/Repositories/hive/hcatalog/webhcat/java-client/target/tmp"/>
    <property name="java.specification.version" value="1.8"/>
    <property name="qfile" value=""/>
    <property name="test.warehouse.dir" value="pfile:///home/alex/Repositories/hive/hcatalog/webhcat/java-client/target/warehouse"/>
    <property name="sun.cpu.isalist" value=""/>
    <property name="sun.jnu.encoding" value="UTF-8"/>
    <property name="run_disabled" value=""/>
    <property name="nondexPrintstack" value="false"/>
    <property name="sun.arch.data.model" value="64"/>
    <property name="java.vendor.url" value="http://java.oracle.com/"/>
    <property name="user.country.format" value="PT"/>
    <property name="test.tmp.dir" value="/home/alex/Repositories/hive/hcatalog/webhcat/java-client/target/tmp"/>
    <property name="sun.boot.library.path" value="/usr/lib/jvm/java-8-openjdk-amd64/jre/lib/amd64"/>
    <property name="sun.java.command" value="/home/alex/Repositories/hive/hcatalog/webhcat/java-client/target/surefire/surefirebooter8911443329279395809.jar /home/alex/Repositories/hive/hcatalog/webhcat/java-client/target/surefire 2024-04-23T21-59-46_173-jvmRun1 surefire8934992711084625745tmp surefire_3853998402268452542130tmp"/>
    <property name="hive.metastore.event.message.factory" value="org.apache.hadoop.hive.metastore.messaging.json.JSONMessageEncoder"/>
    <property name="nondexExecid" value="B8ezqEjEejb1LaSK3KojMwqNjTX053SLSZLsnV6tE0="/>
    <property name="java.specification.vendor" value="Oracle Corporation"/>
    <property name="java.home" value="/usr/lib/jvm/java-8-openjdk-amd64/jre"/>
    <property name="file.separator" value="/"/>
    <property name="basedir" value="/home/alex/Repositories/hive/hcatalog/webhcat/java-client"/>
    <property name="line.separator" value="&#10;"/>
    <property name="nondexEnd" value="9223372036854775807"/>
    <property name="hive.exec.post.hooks" value=" "/>
    <property name="derby.stream.error.file" value="/home/alex/Repositories/hive/hcatalog/webhcat/java-client/target/tmp/derby.log"/>
    <property name="java.vm.specification.vendor" value="Oracle Corporation"/>
    <property name="java.specification.name" value="Java Platform API Specification"/>
    <property name="sun.boot.class.path" value="/home/alex/Repositories/hive/hcatalog/webhcat/java-client/.nondex/nondex-instr.jar:/home/alex/.m2/repository/edu/illinois/nondex-common/2.1.7/nondex-common-2.1.7.jar:/home/alex/.m2/repository/edu/illinois/nondex-annotations/2.1.7/nondex-annotations-2.1.7.jar:/usr/lib/jvm/java-8-openjdk-amd64/jre/lib/resources.jar:/usr/lib/jvm/java-8-openjdk-amd64/jre/lib/rt.jar:/usr/lib/jvm/java-8-openjdk-amd64/jre/lib/sunrsasign.jar:/usr/lib/jvm/java-8-openjdk-amd64/jre/lib/jsse.jar:/usr/lib/jvm/java-8-openjdk-amd64/jre/lib/jce.jar:/usr/lib/jvm/java-8-openjdk-amd64/jre/lib/charsets.jar:/usr/lib/jvm/java-8-openjdk-amd64/jre/lib/jfr.jar:/usr/lib/jvm/java-8-openjdk-amd64/jre/classes"/>
    <property name="log4j.debug" value="true"/>
    <property name="sun.management.compiler" value="HotSpot 64-Bit Tiered Compilers"/>
    <property name="spark.home" value=""/>
    <property name="java.runtime.version" value="1.8.0_402-8u402-ga-2ubuntu1~22.04-b06"/>
    <property name="user.name" value="alex"/>
    <property name="test.src.tables" value=""/>
    <property name="file.encoding" value="UTF-8"/>
    <property name="qfile_regex" value=""/>
    <property name="hadoop.bin.path" value="/home/alex/Repositories/hive/hcatalog/webhcat/java-client/../../../testutils/hadoop"/>
    <property name="localRepository" value="/home/alex/.m2/repository"/>
    <property name="build.dir" value="/home/alex/Repositories/hive/hcatalog/webhcat/java-client/target"/>
    <property name="nondexDir" value="/home/alex/Repositories/hive/hcatalog/webhcat/java-client/.nondex"/>
    <property name="mapred.job.tracker" value="local"/>
    <property name="nondexJarDir" value="/home/alex/Repositories/hive/hcatalog/webhcat/java-client/.nondex"/>
    <property name="java.io.tmpdir" value="/home/alex/Repositories/hive/hcatalog/webhcat/java-client/target/tmp"/>
    <property name="com.zaxxer.hikari.pool_number" value="11"/>
    <property name="java.version" value="1.8.0_402"/>
    <property name="hive.version" value="4.0.0-SNAPSHOT"/>
    <property name="java.vm.specification.name" value="Java Virtual Machine Specification"/>
    <property name="java.awt.printerjob" value="sun.print.PSPrinterJob"/>
    <property name="sun.os.patch.level" value="unknown"/>
    <property name="java.library.path" value="/usr/java/packages/lib/amd64:/usr/lib/x86_64-linux-gnu/jni:/lib/x86_64-linux-gnu:/usr/lib/x86_64-linux-gnu:/usr/lib/jni:/lib:/usr/lib"/>
    <property name="test.data.dir" value="/home/alex/Repositories/hive/hcatalog/webhcat/java-client/../../../data/files"/>
    <property name="java.vendor" value="Private Build"/>
    <property name="java.specification.maintenance.version" value="5"/>
    <property name="sun.io.unicode.encoding" value="UnicodeLittle"/>
    <property name="initScript" value=""/>
    <property name="sun.desktop" value="gnome"/>
    <property name="file.encoding.pkg" value="sun.io"/>
    <property name="nondexStart" value="0"/>
    <property name="log4j.configurationFile" value="file:///home/alex/Repositories/hive/hcatalog/webhcat/java-client/target/testconf/hive-log4j2.properties"/>
    <property name="java.class.path" value="/home/alex/Repositories/hive/hcatalog/webhcat/java-client/target/test-classes:/home/alex/Repositories/hive/hcatalog/webhcat/java-client/target/classes:/home/alex/Repositories/hive/hcatalog/core/target/classes:/home/alex/Repositories/hive/cli/target/classes:/home/alex/Repositories/hive/service/target/classes:/home/alex/Repositories/hive/llap-server/target/classes:/home/alex/.m2/repository/com/lmax/disruptor/3.3.7/disruptor-3.3.7.jar:/home/alex/Repositories/hive/llap-common/target/test-classes:/home/alex/Repositories/hive/hplsql/target/classes:/home/alex/.m2/repository/org/antlr/antlr4-runtime/4.5/antlr4-runtime-4.5.jar:/home/alex/.m2/repository/org/abego/treelayout/org.abego.treelayout.core/1.0.1/org.abego.treelayout.core-1.0.1.jar:/home/alex/.m2/repository/javax/servlet/jsp/javax.servlet.jsp-api/2.3.1/javax.servlet.jsp-api-2.3.1.jar:/home/alex/.m2/repository/org/eclipse/jetty/jetty-runner/9.3.27.v20190418/jetty-runner-9.3.27.v20190418.jar:/home/alex/.m2/repository/org/eclipse/jetty/jetty-plus/9.3.27.v20190418/jetty-plus-9.3.27.v20190418.jar:/home/alex/.m2/repository/org/eclipse/jetty/jetty-annotations/9.3.27.v20190418/jetty-annotations-9.3.27.v20190418.jar:/home/alex/.m2/repository/org/ow2/asm/asm-commons/6.0/asm-commons-6.0.jar:/home/alex/.m2/repository/org/ow2/asm/asm-tree/6.0/asm-tree-6.0.jar:/home/alex/.m2/repository/org/eclipse/jetty/jetty-jaas/9.3.27.v20190418/jetty-jaas-9.3.27.v20190418.jar:/home/alex/.m2/repository/org/eclipse/jetty/websocket/websocket-server/9.3.27.v20190418/websocket-server-9.3.27.v20190418.jar:/home/alex/.m2/repository/org/eclipse/jetty/websocket/websocket-common/9.3.27.v20190418/websocket-common-9.3.27.v20190418.jar:/home/alex/.m2/repository/org/eclipse/jetty/websocket/websocket-api/9.3.27.v20190418/websocket-api-9.3.27.v20190418.jar:/home/alex/.m2/repository/org/eclipse/jetty/websocket/websocket-client/9.3.27.v20190418/websocket-client-9.3.27.v20190418.jar:/home/alex/.m2/repository/org/eclipse/jetty/websocket/websocket-servlet/9.3.27.v20190418/websocket-servlet-9.3.27.v20190418.jar:/home/alex/.m2/repository/org/eclipse/jetty/jetty-jndi/9.3.27.v20190418/jetty-jndi-9.3.27.v20190418.jar:/home/alex/.m2/repository/org/eclipse/jetty/apache-jsp/9.3.27.v20190418/apache-jsp-9.3.27.v20190418.jar:/home/alex/.m2/repository/org/eclipse/jetty/toolchain/jetty-schemas/3.1/jetty-schemas-3.1.jar:/home/alex/.m2/repository/org/eclipse/jdt/core/compiler/ecj/4.4.2/ecj-4.4.2.jar:/home/alex/.m2/repository/org/eclipse/jetty/apache-jstl/9.3.27.v20190418/apache-jstl-9.3.27.v20190418.jar:/home/alex/.m2/repository/org/apache/taglibs/taglibs-standard-spec/1.2.5/taglibs-standard-spec-1.2.5.jar:/home/alex/.m2/repository/org/apache/taglibs/taglibs-standard-impl/1.2.5/taglibs-standard-impl-1.2.5.jar:/home/alex/.m2/repository/org/bouncycastle/bcprov-jdk15on/1.64/bcprov-jdk15on-1.64.jar:/home/alex/.m2/repository/org/apache/santuario/xmlsec/2.2.1/xmlsec-2.2.1.jar:/home/alex/.m2/repository/org/jamon/jamon-runtime/2.3.1/jamon-runtime-2.3.1.jar:/home/alex/Repositories/hive/common/target/classes:/home/alex/Repositories/hive/classification/target/classes:/home/alex/.m2/repository/org/eclipse/jetty/jetty-http/9.3.27.v20190418/jetty-http-9.3.27.v20190418.jar:/home/alex/.m2/repository/org/eclipse/jetty/jetty-rewrite/9.3.27.v20190418/jetty-rewrite-9.3.27.v20190418.jar:/home/alex/.m2/repository/org/eclipse/jetty/jetty-client/9.3.27.v20190418/jetty-client-9.3.27.v20190418.jar:/home/alex/.m2/repository/org/apache/logging/log4j/log4j-web/2.13.2/log4j-web-2.13.2.jar:/home/alex/.m2/repository/net/sf/jpam/jpam/1.1/jpam-1.1.jar:/home/alex/Repositories/hive/metastore/target/classes:/home/alex/.m2/repository/com/google/guava/guava/19.0/guava-19.0.jar:/home/alex/.m2/repository/com/fasterxml/jackson/core/jackson-annotations/2.12.0/jackson-annotations-2.12.0.jar:/home/alex/.m2/repository/com/fasterxml/jackson/core/jackson-core/2.12.0/jackson-core-2.12.0.jar:/home/alex/.m2/repository/com/fasterxml/jackson/core/jackson-databind/2.12.0/jackson-databind-2.12.0.jar:/home/alex/.m2/repository/org/apache/hadoop/hadoop-annotations/3.1.0/hadoop-annotations-3.1.0.jar:/usr/lib/jvm/java-8-openjdk-amd64/jre/../lib/tools.jar:/home/alex/.m2/repository/org/apache/hadoop/hadoop-archives/3.1.0/hadoop-archives-3.1.0.jar:/home/alex/.m2/repository/org/apache/hadoop/hadoop-hdfs/3.1.0/hadoop-hdfs-3.1.0.jar:/home/alex/.m2/repository/org/eclipse/jetty/jetty-util-ajax/9.3.19.v20170502/jetty-util-ajax-9.3.19.v20170502.jar:/home/alex/.m2/repository/commons-daemon/commons-daemon/1.0.13/commons-daemon-1.0.13.jar:/home/alex/.m2/repository/io/netty/netty-all/4.1.65.Final/netty-all-4.1.65.Final.jar:/home/alex/.m2/repository/org/fusesource/leveldbjni/leveldbjni-all/1.8/leveldbjni-all-1.8.jar:/home/alex/Repositories/hive/hcatalog/server-extensions/target/classes:/home/alex/.m2/repository/jakarta/jms/jakarta.jms-api/2.0.2/jakarta.jms-api-2.0.2.jar:/home/alex/Repositories/hive/ql/target/classes:/home/alex/.m2/repository/org/apache/atlas/atlas-client-v2/2.1.0/atlas-client-v2-2.1.0.jar:/home/alex/.m2/repository/cglib/cglib/2.2.2/cglib-2.2.2.jar:/home/alex/.m2/repository/asm/asm/3.3.1/asm-3.3.1.jar:/home/alex/.m2/repository/org/apache/atlas/atlas-client-common/2.1.0/atlas-client-common-2.1.0.jar:/home/alex/.m2/repository/org/apache/httpcomponents/httpclient/4.5.13/httpclient-4.5.13.jar:/home/alex/.m2/repository/com/sun/jersey/jersey-client/1.19/jersey-client-1.19.jar:/home/alex/.m2/repository/org/apache/atlas/atlas-intg/2.1.0/atlas-intg-2.1.0.jar:/home/alex/.m2/repository/commons-validator/commons-validator/1.6/commons-validator-1.6.jar:/home/alex/.m2/repository/commons-digester/commons-digester/1.8.1/commons-digester-1.8.1.jar:/home/alex/.m2/repository/com/fasterxml/jackson/jaxrs/jackson-jaxrs-base/2.12.0/jackson-jaxrs-base-2.12.0.jar:/home/alex/.m2/repository/com/fasterxml/jackson/jaxrs/jackson-jaxrs-json-provider/2.12.0/jackson-jaxrs-json-provider-2.12.0.jar:/home/alex/.m2/repository/javax/inject/javax.inject/1/javax.inject-1.jar:/home/alex/.m2/repository/org/springframework/spring-context/4.3.20.RELEASE/spring-context-4.3.20.RELEASE.jar:/home/alex/.m2/repository/org/springframework/spring-aop/4.3.20.RELEASE/spring-aop-4.3.20.RELEASE.jar:/home/alex/.m2/repository/org/springframework/spring-beans/4.3.20.RELEASE/spring-beans-4.3.20.RELEASE.jar:/home/alex/.m2/repository/org/springframework/spring-core/4.3.20.RELEASE/spring-core-4.3.20.RELEASE.jar:/home/alex/.m2/repository/org/springframework/spring-expression/4.3.20.RELEASE/spring-expression-4.3.20.RELEASE.jar:/home/alex/.m2/repository/commons-configuration/commons-configuration/1.10/commons-configuration-1.10.jar:/home/alex/.m2/repository/org/apache/commons/commons-math3/3.6.1/commons-math3-3.6.1.jar:/home/alex/Repositories/hive/vector-code-gen/target/classes:/home/alex/.m2/repository/org/apache/velocity/velocity/1.5/velocity-1.5.jar:/home/alex/Repositories/hive/serde/target/classes:/home/alex/.m2/repository/org/apache/arrow/arrow-vector/0.15.1/arrow-vector-0.15.1.jar:/home/alex/.m2/repository/org/apache/arrow/arrow-format/0.15.1/arrow-format-0.15.1.jar:/home/alex/.m2/repository/org/apache/arrow/arrow-memory/0.15.1/arrow-memory-0.15.1.jar:/home/alex/.m2/repository/com/google/flatbuffers/flatbuffers-java/1.9.0/flatbuffers-java-1.9.0.jar:/home/alex/.m2/repository/com/carrotsearch/hppc/0.7.2/hppc-0.7.2.jar:/home/alex/.m2/repository/com/github/davidmoten/flatbuffers-java/1.6.0.1/flatbuffers-java-1.6.0.1.jar:/home/alex/Repositories/hive/parser/target/classes:/home/alex/Repositories/hive/udf/target/classes:/home/alex/Repositories/hive/service-rpc/target/classes:/home/alex/Repositories/hive/llap-client/target/classes:/home/alex/Repositories/hive/llap-common/target/classes:/home/alex/.m2/repository/io/jsonwebtoken/jjwt-api/0.10.5/jjwt-api-0.10.5.jar:/home/alex/.m2/repository/io/jsonwebtoken/jjwt-impl/0.10.5/jjwt-impl-0.10.5.jar:/home/alex/.m2/repository/io/jsonwebtoken/jjwt-jackson/0.10.5/jjwt-jackson-0.10.5.jar:/home/alex/Repositories/hive/llap-tez/target/classes:/home/alex/Repositories/hive/shims/aggregator/target/classes:/home/alex/Repositories/hive/shims/common/target/classes:/home/alex/Repositories/hive/shims/0.23/target/classes:/home/alex/.m2/repository/org/apache/hadoop/hadoop-yarn-server-resourcemanager/3.1.0/hadoop-yarn-server-resourcemanager-3.1.0.jar:/home/alex/.m2/repository/org/apache/hadoop/hadoop-yarn-server-common/3.1.0/hadoop-yarn-server-common-3.1.0.jar:/home/alex/.m2/repository/org/apache/geronimo/specs/geronimo-jcache_1.0_spec/1.0-alpha-1/geronimo-jcache_1.0_spec-1.0-alpha-1.jar:/home/alex/.m2/repository/org/ehcache/ehcache/3.3.1/ehcache-3.3.1.jar:/home/alex/.m2/repository/com/zaxxer/HikariCP-java7/2.4.12/HikariCP-java7-2.4.12.jar:/home/alex/.m2/repository/org/apache/hadoop/hadoop-yarn-server-applicationhistoryservice/3.1.0/hadoop-yarn-server-applicationhistoryservice-3.1.0.jar:/home/alex/.m2/repository/de/ruedigermoeller/fst/2.50/fst-2.50.jar:/home/alex/.m2/repository/com/cedarsoftware/java-util/1.9.0/java-util-1.9.0.jar:/home/alex/.m2/repository/com/cedarsoftware/json-io/2.5.1/json-io-2.5.1.jar:/home/alex/Repositories/hive/shims/scheduler/target/classes:/home/alex/Repositories/hive/spark-client/target/classes:/home/alex/.m2/repository/com/fasterxml/jackson/module/jackson-module-scala_2.12/2.12.0/jackson-module-scala_2.12-2.12.0.jar:/home/alex/.m2/repository/org/scala-lang/scala-library/2.12.10/scala-library-2.12.10.jar:/home/alex/.m2/repository/org/apache/spark/spark-core_2.12/2.4.5/spark-core_2.12-2.4.5.jar:/home/alex/.m2/repository/com/twitter/chill_2.12/0.9.3/chill_2.12-0.9.3.jar:/home/alex/.m2/repository/com/twitter/chill-java/0.9.3/chill-java-0.9.3.jar:/home/alex/.m2/repository/org/apache/xbean/xbean-asm6-shaded/4.8/xbean-asm6-shaded-4.8.jar:/home/alex/.m2/repository/org/apache/hadoop/hadoop-client/3.1.0/hadoop-client-3.1.0.jar:/home/alex/.m2/repository/org/apache/hadoop/hadoop-mapreduce-client-jobclient/3.1.0/hadoop-mapreduce-client-jobclient-3.1.0.jar:/home/alex/.m2/repository/org/apache/hadoop/hadoop-mapreduce-client-common/3.1.0/hadoop-mapreduce-client-common-3.1.0.jar:/home/alex/.m2/repository/org/apache/spark/spark-launcher_2.12/2.4.5/spark-launcher_2.12-2.4.5.jar:/home/alex/.m2/repository/org/apache/spark/spark-kvstore_2.12/2.4.5/spark-kvstore_2.12-2.4.5.jar:/home/alex/.m2/repository/org/apache/spark/spark-network-common_2.12/2.4.5/spark-network-common_2.12-2.4.5.jar:/home/alex/.m2/repository/org/apache/spark/spark-network-shuffle_2.12/2.4.5/spark-network-shuffle_2.12-2.4.5.jar:/home/alex/.m2/repository/org/apache/spark/spark-unsafe_2.12/2.4.5/spark-unsafe_2.12-2.4.5.jar:/home/alex/.m2/repository/javax/activation/activation/1.1.1/activation-1.1.1.jar:/home/alex/.m2/repository/org/slf4j/jul-to-slf4j/1.7.16/jul-to-slf4j-1.7.16.jar:/home/alex/.m2/repository/org/slf4j/jcl-over-slf4j/1.7.16/jcl-over-slf4j-1.7.16.jar:/home/alex/.m2/repository/com/ning/compress-lzf/1.0.3/compress-lzf-1.0.3.jar:/home/alex/.m2/repository/org/roaringbitmap/RoaringBitmap/0.7.45/RoaringBitmap-0.7.45.jar:/home/alex/.m2/repository/org/roaringbitmap/shims/0.7.45/shims-0.7.45.jar:/home/alex/.m2/repository/org/json4s/json4s-jackson_2.12/3.5.3/json4s-jackson_2.12-3.5.3.jar:/home/alex/.m2/repository/org/json4s/json4s-core_2.12/3.5.3/json4s-core_2.12-3.5.3.jar:/home/alex/.m2/repository/org/json4s/json4s-ast_2.12/3.5.3/json4s-ast_2.12-3.5.3.jar:/home/alex/.m2/repository/org/json4s/json4s-scalap_2.12/3.5.3/json4s-scalap_2.12-3.5.3.jar:/home/alex/.m2/repository/org/scala-lang/modules/scala-xml_2.12/1.0.6/scala-xml_2.12-1.0.6.jar:/home/alex/.m2/repository/com/clearspring/analytics/stream/2.7.0/stream-2.7.0.jar:/home/alex/.m2/repository/io/dropwizard/metrics/metrics-graphite/3.1.5/metrics-graphite-3.1.5.jar:/home/alex/.m2/repository/net/razorvine/pyrolite/4.13/pyrolite-4.13.jar:/home/alex/.m2/repository/net/sf/py4j/py4j/0.10.7/py4j-0.10.7.jar:/home/alex/.m2/repository/org/apache/spark/spark-tags_2.12/2.4.5/spark-tags_2.12-2.4.5.jar:/home/alex/.m2/repository/org/apache/commons/commons-crypto/1.0.0/commons-crypto-1.0.0.jar:/home/alex/.m2/repository/org/spark-project/spark/unused/1.0.0/unused-1.0.0.jar:/home/alex/.m2/repository/org/apache/spark/spark-yarn_2.12/2.4.5/spark-yarn_2.12-2.4.5.jar:/home/alex/.m2/repository/org/apache/hadoop/hadoop-yarn-server-web-proxy/3.1.0/hadoop-yarn-server-web-proxy-3.1.0.jar:/home/alex/Repositories/hive/storage-api/target/classes:/home/alex/.m2/repository/com/amazonaws/secretsmanager/aws-secretsmanager-caching-java/1.0.1/aws-secretsmanager-caching-java-1.0.1.jar:/home/alex/.m2/repository/com/esotericsoftware/kryo/5.0.3/kryo-5.0.3.jar:/home/alex/.m2/repository/com/esotericsoftware/minlog/1.3.1/minlog-1.3.1.jar:/home/alex/.m2/repository/com/esotericsoftware/reflectasm/1.11.9/reflectasm-1.11.9.jar:/home/alex/.m2/repository/com/google/protobuf/protobuf-java/2.5.0/protobuf-java-2.5.0.jar:/home/alex/.m2/repository/org/apache/parquet/parquet-hadoop-bundle/1.11.1/parquet-hadoop-bundle-1.11.1.jar:/home/alex/.m2/repository/commons-codec/commons-codec/1.15/commons-codec-1.15.jar:/home/alex/.m2/repository/commons-io/commons-io/2.6/commons-io-2.6.jar:/home/alex/.m2/repository/org/apache/commons/commons-collections4/4.1/commons-collections4-4.1.jar:/home/alex/.m2/repository/org/apache/commons/commons-lang3/3.9/commons-lang3-3.9.jar:/home/alex/.m2/repository/org/apache/commons/commons-text/1.8/commons-text-1.8.jar:/home/alex/.m2/repository/javolution/javolution/5.5.1/javolution-5.5.1.jar:/home/alex/.m2/repository/org/apache/logging/log4j/log4j-1.2-api/2.13.2/log4j-1.2-api-2.13.2.jar:/home/alex/.m2/repository/org/apache/logging/log4j/log4j-api/2.13.2/log4j-api-2.13.2.jar:/home/alex/.m2/repository/org/apache/logging/log4j/log4j-core/2.13.2/log4j-core-2.13.2.jar:/home/alex/.m2/repository/org/apache/logging/log4j/log4j-slf4j-impl/2.13.2/log4j-slf4j-impl-2.13.2.jar:/home/alex/.m2/repository/org/antlr/antlr-runtime/3.5.2/antlr-runtime-3.5.2.jar:/home/alex/.m2/repository/org/antlr/ST4/4.0.4/ST4-4.0.4.jar:/home/alex/.m2/repository/org/apache/avro/avro/1.8.2/avro-1.8.2.jar:/home/alex/.m2/repository/com/thoughtworks/paranamer/paranamer/2.8/paranamer-2.8.jar:/home/alex/.m2/repository/org/xerial/snappy/snappy-java/1.1.4/snappy-java-1.1.4.jar:/home/alex/.m2/repository/org/tukaani/xz/1.5/xz-1.5.jar:/home/alex/.m2/repository/org/apache/avro/avro-mapred/1.8.2/avro-mapred-1.8.2-hadoop2.jar:/home/alex/.m2/repository/org/apache/avro/avro-ipc/1.8.2/avro-ipc-1.8.2.jar:/home/alex/.m2/repository/org/apache/ant/ant/1.9.1/ant-1.9.1.jar:/home/alex/.m2/repository/org/apache/ant/ant-launcher/1.9.1/ant-launcher-1.9.1.jar:/home/alex/.m2/repository/org/apache/commons/commons-compress/1.21/commons-compress-1.21.jar:/home/alex/.m2/repository/org/apache/thrift/libfb303/0.9.3/libfb303-0.9.3.jar:/home/alex/.m2/repository/org/apache/hadoop/hadoop-yarn-registry/3.1.0/hadoop-yarn-registry-3.1.0.jar:/home/alex/.m2/repository/org/apache/hadoop/hadoop-yarn-api/3.1.0/hadoop-yarn-api-3.1.0.jar:/home/alex/.m2/repository/org/apache/curator/curator-client/4.2.0/curator-client-4.2.0.jar:/home/alex/.m2/repository/dnsjava/dnsjava/2.1.7/dnsjava-2.1.7.jar:/home/alex/.m2/repository/org/apache/orc/orc-tools/1.6.9/orc-tools-1.6.9.jar:/home/alex/.m2/repository/com/opencsv/opencsv/3.9/opencsv-3.9.jar:/home/alex/.m2/repository/org/codehaus/jettison/jettison/1.1/jettison-1.1.jar:/home/alex/.m2/repository/org/threeten/threetenbp/1.3.5/threetenbp-1.3.5.jar:/home/alex/.m2/repository/org/apache/ivy/ivy/2.4.0/ivy-2.4.0.jar:/home/alex/.m2/repository/org/apache/thrift/libthrift/0.14.1/libthrift-0.14.1.jar:/home/alex/.m2/repository/org/apache/httpcomponents/httpcore/4.4.13/httpcore-4.4.13.jar:/home/alex/.m2/repository/org/apache/tomcat/embed/tomcat-embed-core/8.5.46/tomcat-embed-core-8.5.46.jar:/home/alex/.m2/repository/org/apache/tomcat/tomcat-annotations-api/8.5.46/tomcat-annotations-api-8.5.46.jar:/home/alex/.m2/repository/javax/annotation/javax.annotation-api/1.3.2/javax.annotation-api-1.3.2.jar:/home/alex/.m2/repository/org/apache/zookeeper/zookeeper/3.5.5/zookeeper-3.5.5.jar:/home/alex/.m2/repository/org/apache/zookeeper/zookeeper-jute/3.5.5/zookeeper-jute-3.5.5.jar:/home/alex/.m2/repository/org/apache/yetus/audience-annotations/0.5.0/audience-annotations-0.5.0.jar:/home/alex/.m2/repository/org/apache/curator/curator-framework/4.2.0/curator-framework-4.2.0.jar:/home/alex/.m2/repository/org/apache/datasketches/datasketches-hive/1.1.0-incubating/datasketches-hive-1.1.0-incubating.jar:/home/alex/.m2/repository/org/apache/datasketches/datasketches-java/1.3.0-incubating/datasketches-java-1.3.0-incubating.jar:/home/alex/.m2/repository/org/apache/datasketches/datasketches-memory/1.2.0-incubating/datasketches-memory-1.2.0-incubating.jar:/home/alex/.m2/repository/org/slf4j/slf4j-simple/1.7.27/slf4j-simple-1.7.27.jar:/home/alex/.m2/repository/org/codehaus/groovy/groovy-all/2.4.11/groovy-all-2.4.11.jar:/home/alex/.m2/repository/org/jodd/jodd-util/6.0.0/jodd-util-6.0.0.jar:/home/alex/.m2/repository/com/fasterxml/jackson/dataformat/jackson-dataformat-yaml/2.12.0/jackson-dataformat-yaml-2.12.0.jar:/home/alex/.m2/repository/org/yaml/snakeyaml/1.27/snakeyaml-1.27.jar:/home/alex/.m2/repository/org/datanucleus/datanucleus-core/5.2.4/datanucleus-core-5.2.4.jar:/home/alex/.m2/repository/org/apache/calcite/calcite-core/1.25.0/calcite-core-1.25.0.jar:/home/alex/.m2/repository/org/apache/calcite/calcite-linq4j/1.25.0/calcite-linq4j-1.25.0.jar:/home/alex/.m2/repository/org/apiguardian/apiguardian-api/1.1.0/apiguardian-api-1.1.0.jar:/home/alex/.m2/repository/com/esri/geometry/esri-geometry-api/2.2.0/esri-geometry-api-2.2.0.jar:/home/alex/.m2/repository/com/yahoo/datasketches/sketches-core/0.9.0/sketches-core-0.9.0.jar:/home/alex/.m2/repository/com/yahoo/datasketches/memory/0.9.0/memory-0.9.0.jar:/home/alex/.m2/repository/org/apache/calcite/calcite-druid/1.25.0/calcite-druid-1.25.0.jar:/home/alex/.m2/repository/org/apache/calcite/avatica/avatica/1.12.0/avatica-1.12.0.jar:/home/alex/.m2/repository/com/googlecode/javaewah/JavaEWAH/0.3.2/JavaEWAH-0.3.2.jar:/home/alex/.m2/repository/com/google/code/gson/gson/2.2.4/gson-2.2.4.jar:/home/alex/.m2/repository/com/tdunning/json/1.8/json-1.8.jar:/home/alex/.m2/repository/stax/stax-api/1.0.1/stax-api-1.0.1.jar:/home/alex/.m2/repository/net/sf/opencsv/opencsv/2.3/opencsv-2.3.jar:/home/alex/Repositories/hive/standalone-metastore/metastore-server/target/classes:/home/alex/.m2/repository/com/google/re2j/re2j/1.2/re2j-1.2.jar:/home/alex/.m2/repository/org/reflections/reflections/0.9.10/reflections-0.9.10.jar:/home/alex/.m2/repository/org/javassist/javassist/3.19.0-GA/javassist-3.19.0-GA.jar:/home/alex/.m2/repository/com/jayway/jsonpath/json-path/2.4.0/json-path-2.4.0.jar:/home/alex/.m2/repository/net/minidev/json-smart/2.3/json-smart-2.3.jar:/home/alex/.m2/repository/net/minidev/accessors-smart/1.2/accessors-smart-1.2.jar:/home/alex/.m2/repository/org/ow2/asm/asm/5.0.4/asm-5.0.4.jar:/home/alex/.m2/repository/org/codehaus/janino/commons-compiler/3.0.11/commons-compiler-3.0.11.jar:/home/alex/.m2/repository/org/codehaus/janino/janino/3.0.11/janino-3.0.11.jar:/home/alex/.m2/repository/com/sun/jersey/contribs/jersey-multipart/1.19/jersey-multipart-1.19.jar:/home/alex/.m2/repository/org/jvnet/mimepull/mimepull/1.9.3/mimepull-1.9.3.jar:/home/alex/.m2/repository/org/apache/kafka/kafka-clients/2.5.0/kafka-clients-2.5.0.jar:/home/alex/.m2/repository/com/github/luben/zstd-jni/1.4.4-7/zstd-jni-1.4.4-7.jar:/home/alex/.m2/repository/org/lz4/lz4-java/1.7.1/lz4-java-1.7.1.jar:/home/alex/.m2/repository/org/apache/hadoop/hadoop-common/3.1.0/hadoop-common-3.1.0.jar:/home/alex/.m2/repository/commons-cli/commons-cli/1.4/commons-cli-1.4.jar:/home/alex/.m2/repository/commons-net/commons-net/3.6/commons-net-3.6.jar:/home/alex/.m2/repository/commons-collections/commons-collections/3.2.2/commons-collections-3.2.2.jar:/home/alex/.m2/repository/javax/servlet/javax.servlet-api/3.1.0/javax.servlet-api-3.1.0.jar:/home/alex/.m2/repository/org/eclipse/jetty/jetty-server/9.3.27.v20190418/jetty-server-9.3.27.v20190418.jar:/home/alex/.m2/repository/org/eclipse/jetty/jetty-io/9.3.27.v20190418/jetty-io-9.3.27.v20190418.jar:/home/alex/.m2/repository/org/eclipse/jetty/jetty-util/9.3.27.v20190418/jetty-util-9.3.27.v20190418.jar:/home/alex/.m2/repository/org/eclipse/jetty/jetty-servlet/9.3.27.v20190418/jetty-servlet-9.3.27.v20190418.jar:/home/alex/.m2/repository/org/eclipse/jetty/jetty-security/9.3.27.v20190418/jetty-security-9.3.27.v20190418.jar:/home/alex/.m2/repository/org/eclipse/jetty/jetty-webapp/9.3.27.v20190418/jetty-webapp-9.3.27.v20190418.jar:/home/alex/.m2/repository/org/eclipse/jetty/jetty-xml/9.3.27.v20190418/jetty-xml-9.3.27.v20190418.jar:/home/alex/.m2/repository/javax/servlet/jsp/jsp-api/2.1/jsp-api-2.1.jar:/home/alex/.m2/repository/com/sun/jersey/jersey-core/1.19/jersey-core-1.19.jar:/home/alex/.m2/repository/javax/ws/rs/jsr311-api/1.1.1/jsr311-api-1.1.1.jar:/home/alex/.m2/repository/com/sun/jersey/jersey-servlet/1.19/jersey-servlet-1.19.jar:/home/alex/.m2/repository/com/sun/jersey/jersey-json/1.19/jersey-json-1.19.jar:/home/alex/.m2/repository/com/sun/xml/bind/jaxb-impl/2.2.3-1/jaxb-impl-2.2.3-1.jar:/home/alex/.m2/repository/org/codehaus/jackson/jackson-jaxrs/1.9.2/jackson-jaxrs-1.9.2.jar:/home/alex/.m2/repository/org/codehaus/jackson/jackson-xc/1.9.2/jackson-xc-1.9.2.jar:/home/alex/.m2/repository/com/sun/jersey/jersey-server/1.19/jersey-server-1.19.jar:/home/alex/.m2/repository/log4j/log4j/1.2.17/log4j-1.2.17.jar:/home/alex/.m2/repository/commons-lang/commons-lang/2.6/commons-lang-2.6.jar:/home/alex/.m2/repository/org/apache/commons/commons-configuration2/2.1.1/commons-configuration2-2.1.1.jar:/home/alex/.m2/repository/org/apache/hadoop/hadoop-auth/3.1.0/hadoop-auth-3.1.0.jar:/home/alex/.m2/repository/com/nimbusds/nimbus-jose-jwt/4.41.1/nimbus-jose-jwt-4.41.1.jar:/home/alex/.m2/repository/com/github/stephenc/jcip/jcip-annotations/1.0-1/jcip-annotations-1.0-1.jar:/home/alex/.m2/repository/com/jcraft/jsch/0.1.54/jsch-0.1.54.jar:/home/alex/.m2/repository/com/google/code/findbugs/jsr305/3.0.0/jsr305-3.0.0.jar:/home/alex/.m2/repository/org/apache/htrace/htrace-core4/4.1.0-incubating/htrace-core4-4.1.0-incubating.jar:/home/alex/.m2/repository/org/apache/kerby/kerb-simplekdc/1.0.1/kerb-simplekdc-1.0.1.jar:/home/alex/.m2/repository/org/apache/kerby/kerb-client/1.0.1/kerb-client-1.0.1.jar:/home/alex/.m2/repository/org/apache/kerby/kerby-config/1.0.1/kerby-config-1.0.1.jar:/home/alex/.m2/repository/org/apache/kerby/kerb-core/1.0.1/kerb-core-1.0.1.jar:/home/alex/.m2/repository/org/apache/kerby/kerby-pkix/1.0.1/kerby-pkix-1.0.1.jar:/home/alex/.m2/repository/org/apache/kerby/kerby-asn1/1.0.1/kerby-asn1-1.0.1.jar:/home/alex/.m2/repository/org/apache/kerby/kerby-util/1.0.1/kerby-util-1.0.1.jar:/home/alex/.m2/repository/org/apache/kerby/kerb-common/1.0.1/kerb-common-1.0.1.jar:/home/alex/.m2/repository/org/apache/kerby/kerb-crypto/1.0.1/kerb-crypto-1.0.1.jar:/home/alex/.m2/repository/org/apache/kerby/kerb-util/1.0.1/kerb-util-1.0.1.jar:/home/alex/.m2/repository/org/apache/kerby/token-provider/1.0.1/token-provider-1.0.1.jar:/home/alex/.m2/repository/org/apache/kerby/kerb-admin/1.0.1/kerb-admin-1.0.1.jar:/home/alex/.m2/repository/org/apache/kerby/kerb-server/1.0.1/kerb-server-1.0.1.jar:/home/alex/.m2/repository/org/apache/kerby/kerb-identity/1.0.1/kerb-identity-1.0.1.jar:/home/alex/.m2/repository/org/apache/kerby/kerby-xdr/1.0.1/kerby-xdr-1.0.1.jar:/home/alex/.m2/repository/org/codehaus/woodstox/stax2-api/3.1.4/stax2-api-3.1.4.jar:/home/alex/.m2/repository/com/fasterxml/woodstox/woodstox-core/5.0.3/woodstox-core-5.0.3.jar:/home/alex/.m2/repository/org/apache/hadoop/hadoop-mapreduce-client-core/3.1.0/hadoop-mapreduce-client-core-3.1.0.jar:/home/alex/.m2/repository/org/apache/hadoop/hadoop-yarn-client/3.1.0/hadoop-yarn-client-3.1.0.jar:/home/alex/.m2/repository/org/apache/hadoop/hadoop-yarn-common/3.1.0/hadoop-yarn-common-3.1.0.jar:/home/alex/.m2/repository/javax/xml/bind/jaxb-api/2.2.11/jaxb-api-2.2.11.jar:/home/alex/.m2/repository/com/google/inject/guice/4.0/guice-4.0.jar:/home/alex/.m2/repository/aopalliance/aopalliance/1.0/aopalliance-1.0.jar:/home/alex/.m2/repository/com/sun/jersey/contribs/jersey-guice/1.19/jersey-guice-1.19.jar:/home/alex/.m2/repository/com/fasterxml/jackson/module/jackson-module-jaxb-annotations/2.12.0/jackson-module-jaxb-annotations-2.12.0.jar:/home/alex/.m2/repository/jakarta/xml/bind/jakarta.xml.bind-api/2.3.2/jakarta.xml.bind-api-2.3.2.jar:/home/alex/.m2/repository/jakarta/activation/jakarta.activation-api/1.2.1/jakarta.activation-api-1.2.1.jar:/home/alex/.m2/repository/org/apache/hadoop/hadoop-hdfs-client/3.1.0/hadoop-hdfs-client-3.1.0.jar:/home/alex/.m2/repository/com/squareup/okhttp/okhttp/2.7.5/okhttp-2.7.5.jar:/home/alex/.m2/repository/com/squareup/okio/okio/1.6.0/okio-1.6.0.jar:/home/alex/.m2/repository/com/google/inject/extensions/guice-servlet/4.0/guice-servlet-4.0.jar:/home/alex/Repositories/hive/ql/target/test-classes:/home/alex/Repositories/hive/standalone-metastore/metastore-common/target/test-classes:/home/alex/.m2/repository/org/apache/orc/orc-core/1.6.9/orc-core-1.6.9.jar:/home/alex/.m2/repository/org/apache/orc/orc-shims/1.6.9/orc-shims-1.6.9.jar:/home/alex/.m2/repository/io/airlift/aircompressor/0.19/aircompressor-0.19.jar:/home/alex/.m2/repository/org/jetbrains/annotations/17.0.0/annotations-17.0.0.jar:/home/alex/.m2/repository/org/threeten/threeten-extra/1.5.0/threeten-extra-1.5.0.jar:/home/alex/.m2/repository/com/github/joshelser/dropwizard-metrics-hadoop-metrics2-reporter/0.1.2/dropwizard-metrics-hadoop-metrics2-reporter-0.1.2.jar:/home/alex/.m2/repository/com/zaxxer/HikariCP/2.6.1/HikariCP-2.6.1.jar:/home/alex/.m2/repository/io/dropwizard/metrics/metrics-core/3.1.0/metrics-core-3.1.0.jar:/home/alex/.m2/repository/io/dropwizard/metrics/metrics-jvm/3.1.0/metrics-jvm-3.1.0.jar:/home/alex/.m2/repository/io/dropwizard/metrics/metrics-json/3.1.0/metrics-json-3.1.0.jar:/home/alex/.m2/repository/org/apache/derby/derby/10.14.1.0/derby-10.14.1.0.jar:/home/alex/.m2/repository/commons-logging/commons-logging/1.1.3/commons-logging-1.1.3.jar:/home/alex/.m2/repository/com/github/ben-manes/caffeine/caffeine/2.8.4/caffeine-2.8.4.jar:/home/alex/.m2/repository/org/checkerframework/checker-qual/3.4.0/checker-qual-3.4.0.jar:/home/alex/.m2/repository/com/google/errorprone/error_prone_annotations/2.3.4/error_prone_annotations-2.3.4.jar:/home/alex/.m2/repository/org/apache/curator/curator-recipes/4.2.0/curator-recipes-4.2.0.jar:/home/alex/Repositories/hive/standalone-metastore/metastore-server/target/test-classes:/home/alex/Repositories/hive/standalone-metastore/metastore-common/target/classes:/home/alex/.m2/repository/org/apache/commons/commons-dbcp2/2.7.0/commons-dbcp2-2.7.0.jar:/home/alex/.m2/repository/org/apache/commons/commons-pool2/2.7.0/commons-pool2-2.7.0.jar:/home/alex/.m2/repository/commons-beanutils/commons-beanutils/1.9.4/commons-beanutils-1.9.4.jar:/home/alex/.m2/repository/org/datanucleus/datanucleus-api-jdo/5.2.4/datanucleus-api-jdo-5.2.4.jar:/home/alex/.m2/repository/org/datanucleus/datanucleus-rdbms/5.2.4/datanucleus-rdbms-5.2.4.jar:/home/alex/.m2/repository/org/datanucleus/javax.jdo/3.2.0-release/javax.jdo-3.2.0-release.jar:/home/alex/.m2/repository/javax/transaction/javax.transaction-api/1.3/javax.transaction-api-1.3.jar:/home/alex/.m2/repository/org/glassfish/corba/glassfish-corba-omgapi/4.2.2/glassfish-corba-omgapi-4.2.2.jar:/home/alex/.m2/repository/sqlline/sqlline/1.9.0/sqlline-1.9.0.jar:/home/alex/.m2/repository/org/jline/jline-terminal/3.12.1/jline-terminal-3.12.1.jar:/home/alex/.m2/repository/org/jline/jline-reader/3.12.1/jline-reader-3.12.1.jar:/home/alex/.m2/repository/org/jline/jline-terminal-jansi/3.12.1/jline-terminal-jansi-3.12.1.jar:/home/alex/.m2/repository/org/fusesource/jansi/jansi/1.18/jansi-1.18.jar:/home/alex/.m2/repository/org/jline/jline-terminal-jna/3.12.1/jline-terminal-jna-3.12.1.jar:/home/alex/.m2/repository/net/java/dev/jna/jna/5.3.1/jna-5.3.1.jar:/home/alex/.m2/repository/org/jline/jline-builtins/3.12.1/jline-builtins-3.12.1.jar:/home/alex/.m2/repository/org/jline/jline-style/3.12.1/jline-style-3.12.1.jar:/home/alex/.m2/repository/jline/jline/2.14.6/jline-2.14.6.jar:/home/alex/.m2/repository/com/cronutils/cron-utils/9.1.3/cron-utils-9.1.3.jar:/home/alex/.m2/repository/org/glassfish/javax.el/3.0.0/javax.el-3.0.0.jar:/home/alex/.m2/repository/com/oracle/database/jdbc/ojdbc8/21.3.0.0/ojdbc8-21.3.0.0.jar:/home/alex/.m2/repository/mysql/mysql-connector-java/8.0.27/mysql-connector-java-8.0.27.jar:/home/alex/.m2/repository/com/microsoft/sqlserver/mssql-jdbc/6.2.1.jre8/mssql-jdbc-6.2.1.jre8.jar:/home/alex/.m2/repository/org/postgresql/postgresql/42.2.14/postgresql-42.2.14.jar:/home/alex/Repositories/hive/hcatalog/core/target/test-classes:/home/alex/.m2/repository/org/apache/pig/pig/0.16.0/pig-0.16.0-h2.jar:/home/alex/.m2/repository/xmlenc/xmlenc/0.52/xmlenc-0.52.jar:/home/alex/.m2/repository/commons-httpclient/commons-httpclient/3.1/commons-httpclient-3.1.jar:/home/alex/.m2/repository/org/mortbay/jetty/jetty/6.1.26/jetty-6.1.26.jar:/home/alex/.m2/repository/org/mortbay/jetty/servlet-api/2.5-20081211/servlet-api-2.5-20081211.jar:/home/alex/.m2/repository/org/mortbay/jetty/jetty-util/6.1.26/jetty-util-6.1.26.jar:/home/alex/.m2/repository/org/mortbay/jetty/jsp-api-2.1/6.1.14/jsp-api-2.1-6.1.14.jar:/home/alex/.m2/repository/org/mortbay/jetty/jsp-2.1/6.1.14/jsp-2.1-6.1.14.jar:/home/alex/.m2/repository/org/eclipse/jdt/core/3.1.1/core-3.1.1.jar:/home/alex/.m2/repository/ant/ant/1.6.5/ant-1.6.5.jar:/home/alex/.m2/repository/commons-el/commons-el/1.0/commons-el-1.0.jar:/home/alex/.m2/repository/net/java/dev/jets3t/jets3t/0.7.1/jets3t-0.7.1.jar:/home/alex/.m2/repository/org/mortbay/jetty/servlet-api-2.5/6.1.14/servlet-api-2.5-6.1.14.jar:/home/alex/.m2/repository/net/sf/kosmosfs/kfs/0.3/kfs-0.3.jar:/home/alex/.m2/repository/junit/junit/4.13/junit-4.13.jar:/home/alex/.m2/repository/org/hamcrest/hamcrest-core/1.3/hamcrest-core-1.3.jar:/home/alex/.m2/repository/hsqldb/hsqldb/1.8.0.10/hsqldb-1.8.0.10.jar:/home/alex/.m2/repository/oro/oro/2.0.8/oro-2.0.8.jar:/home/alex/.m2/repository/dk/brics/automaton/automaton/1.11-8/automaton-1.11-8.jar:/home/alex/.m2/repository/org/codehaus/jackson/jackson-mapper-asl/1.8.8/jackson-mapper-asl-1.8.8.jar:/home/alex/.m2/repository/org/codehaus/jackson/jackson-core-asl/1.8.8/jackson-core-asl-1.8.8.jar:/home/alex/.m2/repository/joda-time/joda-time/2.9.9/joda-time-2.9.9.jar:/home/alex/.m2/repository/org/slf4j/slf4j-api/1.7.30/slf4j-api-1.7.30.jar:/home/alex/.m2/repository/org/mockito/mockito-core/3.4.4/mockito-core-3.4.4.jar:/home/alex/.m2/repository/net/bytebuddy/byte-buddy/1.10.13/byte-buddy-1.10.13.jar:/home/alex/.m2/repository/net/bytebuddy/byte-buddy-agent/1.10.13/byte-buddy-agent-1.10.13.jar:/home/alex/.m2/repository/org/objenesis/objenesis/2.6/objenesis-2.6.jar:/home/alex/Repositories/hive/hcatalog/webhcat/java-client/target/testconf:/home/alex/Repositories/hive/hcatalog/webhcat/java-client/../../../conf:"/>
    <property name="java.vm.vendor" value="Private Build"/>
    <property name="hadoop.version" value="3.1.0"/>
    <property name="user.timezone" value="US/Pacific"/>
    <property name="test.local.warehouse.dir" value="pfile:///home/alex/Repositories/hive/hcatalog/webhcat/java-client/target/localfs/warehouse"/>
    <property name="java.vm.specification.version" value="1.8"/>
    <property name="os.name" value="Linux"/>
    <property name="test.build.data" value="/home/alex/Repositories/hive/hcatalog/webhcat/java-client/target/tmp"/>
    <property name="clustermode" value=""/>
    <property name="user.country" value="US"/>
    <property name="sun.java.launcher" value="SUN_STANDARD"/>
    <property name="test.data.files" value="/home/alex/Repositories/hive/hcatalog/webhcat/java-client/../../../data/files"/>
    <property name="nondexLogging" value="CONFIG"/>
    <property name="surefire.test.class.path" value="/home/alex/Repositories/hive/hcatalog/webhcat/java-client/target/test-classes:/home/alex/Repositories/hive/hcatalog/webhcat/java-client/target/classes:/home/alex/Repositories/hive/hcatalog/core/target/classes:/home/alex/Repositories/hive/cli/target/classes:/home/alex/Repositories/hive/service/target/classes:/home/alex/Repositories/hive/llap-server/target/classes:/home/alex/.m2/repository/com/lmax/disruptor/3.3.7/disruptor-3.3.7.jar:/home/alex/Repositories/hive/llap-common/target/test-classes:/home/alex/Repositories/hive/hplsql/target/classes:/home/alex/.m2/repository/org/antlr/antlr4-runtime/4.5/antlr4-runtime-4.5.jar:/home/alex/.m2/repository/org/abego/treelayout/org.abego.treelayout.core/1.0.1/org.abego.treelayout.core-1.0.1.jar:/home/alex/.m2/repository/javax/servlet/jsp/javax.servlet.jsp-api/2.3.1/javax.servlet.jsp-api-2.3.1.jar:/home/alex/.m2/repository/org/eclipse/jetty/jetty-runner/9.3.27.v20190418/jetty-runner-9.3.27.v20190418.jar:/home/alex/.m2/repository/org/eclipse/jetty/jetty-plus/9.3.27.v20190418/jetty-plus-9.3.27.v20190418.jar:/home/alex/.m2/repository/org/eclipse/jetty/jetty-annotations/9.3.27.v20190418/jetty-annotations-9.3.27.v20190418.jar:/home/alex/.m2/repository/org/ow2/asm/asm-commons/6.0/asm-commons-6.0.jar:/home/alex/.m2/repository/org/ow2/asm/asm-tree/6.0/asm-tree-6.0.jar:/home/alex/.m2/repository/org/eclipse/jetty/jetty-jaas/9.3.27.v20190418/jetty-jaas-9.3.27.v20190418.jar:/home/alex/.m2/repository/org/eclipse/jetty/websocket/websocket-server/9.3.27.v20190418/websocket-server-9.3.27.v20190418.jar:/home/alex/.m2/repository/org/eclipse/jetty/websocket/websocket-common/9.3.27.v20190418/websocket-common-9.3.27.v20190418.jar:/home/alex/.m2/repository/org/eclipse/jetty/websocket/websocket-api/9.3.27.v20190418/websocket-api-9.3.27.v20190418.jar:/home/alex/.m2/repository/org/eclipse/jetty/websocket/websocket-client/9.3.27.v20190418/websocket-client-9.3.27.v20190418.jar:/home/alex/.m2/repository/org/eclipse/jetty/websocket/websocket-servlet/9.3.27.v20190418/websocket-servlet-9.3.27.v20190418.jar:/home/alex/.m2/repository/org/eclipse/jetty/jetty-jndi/9.3.27.v20190418/jetty-jndi-9.3.27.v20190418.jar:/home/alex/.m2/repository/org/eclipse/jetty/apache-jsp/9.3.27.v20190418/apache-jsp-9.3.27.v20190418.jar:/home/alex/.m2/repository/org/eclipse/jetty/toolchain/jetty-schemas/3.1/jetty-schemas-3.1.jar:/home/alex/.m2/repository/org/eclipse/jdt/core/compiler/ecj/4.4.2/ecj-4.4.2.jar:/home/alex/.m2/repository/org/eclipse/jetty/apache-jstl/9.3.27.v20190418/apache-jstl-9.3.27.v20190418.jar:/home/alex/.m2/repository/org/apache/taglibs/taglibs-standard-spec/1.2.5/taglibs-standard-spec-1.2.5.jar:/home/alex/.m2/repository/org/apache/taglibs/taglibs-standard-impl/1.2.5/taglibs-standard-impl-1.2.5.jar:/home/alex/.m2/repository/org/bouncycastle/bcprov-jdk15on/1.64/bcprov-jdk15on-1.64.jar:/home/alex/.m2/repository/org/apache/santuario/xmlsec/2.2.1/xmlsec-2.2.1.jar:/home/alex/.m2/repository/org/jamon/jamon-runtime/2.3.1/jamon-runtime-2.3.1.jar:/home/alex/Repositories/hive/common/target/classes:/home/alex/Repositories/hive/classification/target/classes:/home/alex/.m2/repository/org/eclipse/jetty/jetty-http/9.3.27.v20190418/jetty-http-9.3.27.v20190418.jar:/home/alex/.m2/repository/org/eclipse/jetty/jetty-rewrite/9.3.27.v20190418/jetty-rewrite-9.3.27.v20190418.jar:/home/alex/.m2/repository/org/eclipse/jetty/jetty-client/9.3.27.v20190418/jetty-client-9.3.27.v20190418.jar:/home/alex/.m2/repository/org/apache/logging/log4j/log4j-web/2.13.2/log4j-web-2.13.2.jar:/home/alex/.m2/repository/net/sf/jpam/jpam/1.1/jpam-1.1.jar:/home/alex/Repositories/hive/metastore/target/classes:/home/alex/.m2/repository/com/google/guava/guava/19.0/guava-19.0.jar:/home/alex/.m2/repository/com/fasterxml/jackson/core/jackson-annotations/2.12.0/jackson-annotations-2.12.0.jar:/home/alex/.m2/repository/com/fasterxml/jackson/core/jackson-core/2.12.0/jackson-core-2.12.0.jar:/home/alex/.m2/repository/com/fasterxml/jackson/core/jackson-databind/2.12.0/jackson-databind-2.12.0.jar:/home/alex/.m2/repository/org/apache/hadoop/hadoop-annotations/3.1.0/hadoop-annotations-3.1.0.jar:/usr/lib/jvm/java-8-openjdk-amd64/jre/../lib/tools.jar:/home/alex/.m2/repository/org/apache/hadoop/hadoop-archives/3.1.0/hadoop-archives-3.1.0.jar:/home/alex/.m2/repository/org/apache/hadoop/hadoop-hdfs/3.1.0/hadoop-hdfs-3.1.0.jar:/home/alex/.m2/repository/org/eclipse/jetty/jetty-util-ajax/9.3.19.v20170502/jetty-util-ajax-9.3.19.v20170502.jar:/home/alex/.m2/repository/commons-daemon/commons-daemon/1.0.13/commons-daemon-1.0.13.jar:/home/alex/.m2/repository/io/netty/netty-all/4.1.65.Final/netty-all-4.1.65.Final.jar:/home/alex/.m2/repository/org/fusesource/leveldbjni/leveldbjni-all/1.8/leveldbjni-all-1.8.jar:/home/alex/Repositories/hive/hcatalog/server-extensions/target/classes:/home/alex/.m2/repository/jakarta/jms/jakarta.jms-api/2.0.2/jakarta.jms-api-2.0.2.jar:/home/alex/Repositories/hive/ql/target/classes:/home/alex/.m2/repository/org/apache/atlas/atlas-client-v2/2.1.0/atlas-client-v2-2.1.0.jar:/home/alex/.m2/repository/cglib/cglib/2.2.2/cglib-2.2.2.jar:/home/alex/.m2/repository/asm/asm/3.3.1/asm-3.3.1.jar:/home/alex/.m2/repository/org/apache/atlas/atlas-client-common/2.1.0/atlas-client-common-2.1.0.jar:/home/alex/.m2/repository/org/apache/httpcomponents/httpclient/4.5.13/httpclient-4.5.13.jar:/home/alex/.m2/repository/com/sun/jersey/jersey-client/1.19/jersey-client-1.19.jar:/home/alex/.m2/repository/org/apache/atlas/atlas-intg/2.1.0/atlas-intg-2.1.0.jar:/home/alex/.m2/repository/commons-validator/commons-validator/1.6/commons-validator-1.6.jar:/home/alex/.m2/repository/commons-digester/commons-digester/1.8.1/commons-digester-1.8.1.jar:/home/alex/.m2/repository/com/fasterxml/jackson/jaxrs/jackson-jaxrs-base/2.12.0/jackson-jaxrs-base-2.12.0.jar:/home/alex/.m2/repository/com/fasterxml/jackson/jaxrs/jackson-jaxrs-json-provider/2.12.0/jackson-jaxrs-json-provider-2.12.0.jar:/home/alex/.m2/repository/javax/inject/javax.inject/1/javax.inject-1.jar:/home/alex/.m2/repository/org/springframework/spring-context/4.3.20.RELEASE/spring-context-4.3.20.RELEASE.jar:/home/alex/.m2/repository/org/springframework/spring-aop/4.3.20.RELEASE/spring-aop-4.3.20.RELEASE.jar:/home/alex/.m2/repository/org/springframework/spring-beans/4.3.20.RELEASE/spring-beans-4.3.20.RELEASE.jar:/home/alex/.m2/repository/org/springframework/spring-core/4.3.20.RELEASE/spring-core-4.3.20.RELEASE.jar:/home/alex/.m2/repository/org/springframework/spring-expression/4.3.20.RELEASE/spring-expression-4.3.20.RELEASE.jar:/home/alex/.m2/repository/commons-configuration/commons-configuration/1.10/commons-configuration-1.10.jar:/home/alex/.m2/repository/org/apache/commons/commons-math3/3.6.1/commons-math3-3.6.1.jar:/home/alex/Repositories/hive/vector-code-gen/target/classes:/home/alex/.m2/repository/org/apache/velocity/velocity/1.5/velocity-1.5.jar:/home/alex/Repositories/hive/serde/target/classes:/home/alex/.m2/repository/org/apache/arrow/arrow-vector/0.15.1/arrow-vector-0.15.1.jar:/home/alex/.m2/repository/org/apache/arrow/arrow-format/0.15.1/arrow-format-0.15.1.jar:/home/alex/.m2/repository/org/apache/arrow/arrow-memory/0.15.1/arrow-memory-0.15.1.jar:/home/alex/.m2/repository/com/google/flatbuffers/flatbuffers-java/1.9.0/flatbuffers-java-1.9.0.jar:/home/alex/.m2/repository/com/carrotsearch/hppc/0.7.2/hppc-0.7.2.jar:/home/alex/.m2/repository/com/github/davidmoten/flatbuffers-java/1.6.0.1/flatbuffers-java-1.6.0.1.jar:/home/alex/Repositories/hive/parser/target/classes:/home/alex/Repositories/hive/udf/target/classes:/home/alex/Repositories/hive/service-rpc/target/classes:/home/alex/Repositories/hive/llap-client/target/classes:/home/alex/Repositories/hive/llap-common/target/classes:/home/alex/.m2/repository/io/jsonwebtoken/jjwt-api/0.10.5/jjwt-api-0.10.5.jar:/home/alex/.m2/repository/io/jsonwebtoken/jjwt-impl/0.10.5/jjwt-impl-0.10.5.jar:/home/alex/.m2/repository/io/jsonwebtoken/jjwt-jackson/0.10.5/jjwt-jackson-0.10.5.jar:/home/alex/Repositories/hive/llap-tez/target/classes:/home/alex/Repositories/hive/shims/aggregator/target/classes:/home/alex/Repositories/hive/shims/common/target/classes:/home/alex/Repositories/hive/shims/0.23/target/classes:/home/alex/.m2/repository/org/apache/hadoop/hadoop-yarn-server-resourcemanager/3.1.0/hadoop-yarn-server-resourcemanager-3.1.0.jar:/home/alex/.m2/repository/org/apache/hadoop/hadoop-yarn-server-common/3.1.0/hadoop-yarn-server-common-3.1.0.jar:/home/alex/.m2/repository/org/apache/geronimo/specs/geronimo-jcache_1.0_spec/1.0-alpha-1/geronimo-jcache_1.0_spec-1.0-alpha-1.jar:/home/alex/.m2/repository/org/ehcache/ehcache/3.3.1/ehcache-3.3.1.jar:/home/alex/.m2/repository/com/zaxxer/HikariCP-java7/2.4.12/HikariCP-java7-2.4.12.jar:/home/alex/.m2/repository/org/apache/hadoop/hadoop-yarn-server-applicationhistoryservice/3.1.0/hadoop-yarn-server-applicationhistoryservice-3.1.0.jar:/home/alex/.m2/repository/de/ruedigermoeller/fst/2.50/fst-2.50.jar:/home/alex/.m2/repository/com/cedarsoftware/java-util/1.9.0/java-util-1.9.0.jar:/home/alex/.m2/repository/com/cedarsoftware/json-io/2.5.1/json-io-2.5.1.jar:/home/alex/Repositories/hive/shims/scheduler/target/classes:/home/alex/Repositories/hive/spark-client/target/classes:/home/alex/.m2/repository/com/fasterxml/jackson/module/jackson-module-scala_2.12/2.12.0/jackson-module-scala_2.12-2.12.0.jar:/home/alex/.m2/repository/org/scala-lang/scala-library/2.12.10/scala-library-2.12.10.jar:/home/alex/.m2/repository/org/apache/spark/spark-core_2.12/2.4.5/spark-core_2.12-2.4.5.jar:/home/alex/.m2/repository/com/twitter/chill_2.12/0.9.3/chill_2.12-0.9.3.jar:/home/alex/.m2/repository/com/twitter/chill-java/0.9.3/chill-java-0.9.3.jar:/home/alex/.m2/repository/org/apache/xbean/xbean-asm6-shaded/4.8/xbean-asm6-shaded-4.8.jar:/home/alex/.m2/repository/org/apache/hadoop/hadoop-client/3.1.0/hadoop-client-3.1.0.jar:/home/alex/.m2/repository/org/apache/hadoop/hadoop-mapreduce-client-jobclient/3.1.0/hadoop-mapreduce-client-jobclient-3.1.0.jar:/home/alex/.m2/repository/org/apache/hadoop/hadoop-mapreduce-client-common/3.1.0/hadoop-mapreduce-client-common-3.1.0.jar:/home/alex/.m2/repository/org/apache/spark/spark-launcher_2.12/2.4.5/spark-launcher_2.12-2.4.5.jar:/home/alex/.m2/repository/org/apache/spark/spark-kvstore_2.12/2.4.5/spark-kvstore_2.12-2.4.5.jar:/home/alex/.m2/repository/org/apache/spark/spark-network-common_2.12/2.4.5/spark-network-common_2.12-2.4.5.jar:/home/alex/.m2/repository/org/apache/spark/spark-network-shuffle_2.12/2.4.5/spark-network-shuffle_2.12-2.4.5.jar:/home/alex/.m2/repository/org/apache/spark/spark-unsafe_2.12/2.4.5/spark-unsafe_2.12-2.4.5.jar:/home/alex/.m2/repository/javax/activation/activation/1.1.1/activation-1.1.1.jar:/home/alex/.m2/repository/org/slf4j/jul-to-slf4j/1.7.16/jul-to-slf4j-1.7.16.jar:/home/alex/.m2/repository/org/slf4j/jcl-over-slf4j/1.7.16/jcl-over-slf4j-1.7.16.jar:/home/alex/.m2/repository/com/ning/compress-lzf/1.0.3/compress-lzf-1.0.3.jar:/home/alex/.m2/repository/org/roaringbitmap/RoaringBitmap/0.7.45/RoaringBitmap-0.7.45.jar:/home/alex/.m2/repository/org/roaringbitmap/shims/0.7.45/shims-0.7.45.jar:/home/alex/.m2/repository/org/json4s/json4s-jackson_2.12/3.5.3/json4s-jackson_2.12-3.5.3.jar:/home/alex/.m2/repository/org/json4s/json4s-core_2.12/3.5.3/json4s-core_2.12-3.5.3.jar:/home/alex/.m2/repository/org/json4s/json4s-ast_2.12/3.5.3/json4s-ast_2.12-3.5.3.jar:/home/alex/.m2/repository/org/json4s/json4s-scalap_2.12/3.5.3/json4s-scalap_2.12-3.5.3.jar:/home/alex/.m2/repository/org/scala-lang/modules/scala-xml_2.12/1.0.6/scala-xml_2.12-1.0.6.jar:/home/alex/.m2/repository/com/clearspring/analytics/stream/2.7.0/stream-2.7.0.jar:/home/alex/.m2/repository/io/dropwizard/metrics/metrics-graphite/3.1.5/metrics-graphite-3.1.5.jar:/home/alex/.m2/repository/net/razorvine/pyrolite/4.13/pyrolite-4.13.jar:/home/alex/.m2/repository/net/sf/py4j/py4j/0.10.7/py4j-0.10.7.jar:/home/alex/.m2/repository/org/apache/spark/spark-tags_2.12/2.4.5/spark-tags_2.12-2.4.5.jar:/home/alex/.m2/repository/org/apache/commons/commons-crypto/1.0.0/commons-crypto-1.0.0.jar:/home/alex/.m2/repository/org/spark-project/spark/unused/1.0.0/unused-1.0.0.jar:/home/alex/.m2/repository/org/apache/spark/spark-yarn_2.12/2.4.5/spark-yarn_2.12-2.4.5.jar:/home/alex/.m2/repository/org/apache/hadoop/hadoop-yarn-server-web-proxy/3.1.0/hadoop-yarn-server-web-proxy-3.1.0.jar:/home/alex/Repositories/hive/storage-api/target/classes:/home/alex/.m2/repository/com/amazonaws/secretsmanager/aws-secretsmanager-caching-java/1.0.1/aws-secretsmanager-caching-java-1.0.1.jar:/home/alex/.m2/repository/com/esotericsoftware/kryo/5.0.3/kryo-5.0.3.jar:/home/alex/.m2/repository/com/esotericsoftware/minlog/1.3.1/minlog-1.3.1.jar:/home/alex/.m2/repository/com/esotericsoftware/reflectasm/1.11.9/reflectasm-1.11.9.jar:/home/alex/.m2/repository/com/google/protobuf/protobuf-java/2.5.0/protobuf-java-2.5.0.jar:/home/alex/.m2/repository/org/apache/parquet/parquet-hadoop-bundle/1.11.1/parquet-hadoop-bundle-1.11.1.jar:/home/alex/.m2/repository/commons-codec/commons-codec/1.15/commons-codec-1.15.jar:/home/alex/.m2/repository/commons-io/commons-io/2.6/commons-io-2.6.jar:/home/alex/.m2/repository/org/apache/commons/commons-collections4/4.1/commons-collections4-4.1.jar:/home/alex/.m2/repository/org/apache/commons/commons-lang3/3.9/commons-lang3-3.9.jar:/home/alex/.m2/repository/org/apache/commons/commons-text/1.8/commons-text-1.8.jar:/home/alex/.m2/repository/javolution/javolution/5.5.1/javolution-5.5.1.jar:/home/alex/.m2/repository/org/apache/logging/log4j/log4j-1.2-api/2.13.2/log4j-1.2-api-2.13.2.jar:/home/alex/.m2/repository/org/apache/logging/log4j/log4j-api/2.13.2/log4j-api-2.13.2.jar:/home/alex/.m2/repository/org/apache/logging/log4j/log4j-core/2.13.2/log4j-core-2.13.2.jar:/home/alex/.m2/repository/org/apache/logging/log4j/log4j-slf4j-impl/2.13.2/log4j-slf4j-impl-2.13.2.jar:/home/alex/.m2/repository/org/antlr/antlr-runtime/3.5.2/antlr-runtime-3.5.2.jar:/home/alex/.m2/repository/org/antlr/ST4/4.0.4/ST4-4.0.4.jar:/home/alex/.m2/repository/org/apache/avro/avro/1.8.2/avro-1.8.2.jar:/home/alex/.m2/repository/com/thoughtworks/paranamer/paranamer/2.8/paranamer-2.8.jar:/home/alex/.m2/repository/org/xerial/snappy/snappy-java/1.1.4/snappy-java-1.1.4.jar:/home/alex/.m2/repository/org/tukaani/xz/1.5/xz-1.5.jar:/home/alex/.m2/repository/org/apache/avro/avro-mapred/1.8.2/avro-mapred-1.8.2-hadoop2.jar:/home/alex/.m2/repository/org/apache/avro/avro-ipc/1.8.2/avro-ipc-1.8.2.jar:/home/alex/.m2/repository/org/apache/ant/ant/1.9.1/ant-1.9.1.jar:/home/alex/.m2/repository/org/apache/ant/ant-launcher/1.9.1/ant-launcher-1.9.1.jar:/home/alex/.m2/repository/org/apache/commons/commons-compress/1.21/commons-compress-1.21.jar:/home/alex/.m2/repository/org/apache/thrift/libfb303/0.9.3/libfb303-0.9.3.jar:/home/alex/.m2/repository/org/apache/hadoop/hadoop-yarn-registry/3.1.0/hadoop-yarn-registry-3.1.0.jar:/home/alex/.m2/repository/org/apache/hadoop/hadoop-yarn-api/3.1.0/hadoop-yarn-api-3.1.0.jar:/home/alex/.m2/repository/org/apache/curator/curator-client/4.2.0/curator-client-4.2.0.jar:/home/alex/.m2/repository/dnsjava/dnsjava/2.1.7/dnsjava-2.1.7.jar:/home/alex/.m2/repository/org/apache/orc/orc-tools/1.6.9/orc-tools-1.6.9.jar:/home/alex/.m2/repository/com/opencsv/opencsv/3.9/opencsv-3.9.jar:/home/alex/.m2/repository/org/codehaus/jettison/jettison/1.1/jettison-1.1.jar:/home/alex/.m2/repository/org/threeten/threetenbp/1.3.5/threetenbp-1.3.5.jar:/home/alex/.m2/repository/org/apache/ivy/ivy/2.4.0/ivy-2.4.0.jar:/home/alex/.m2/repository/org/apache/thrift/libthrift/0.14.1/libthrift-0.14.1.jar:/home/alex/.m2/repository/org/apache/httpcomponents/httpcore/4.4.13/httpcore-4.4.13.jar:/home/alex/.m2/repository/org/apache/tomcat/embed/tomcat-embed-core/8.5.46/tomcat-embed-core-8.5.46.jar:/home/alex/.m2/repository/org/apache/tomcat/tomcat-annotations-api/8.5.46/tomcat-annotations-api-8.5.46.jar:/home/alex/.m2/repository/javax/annotation/javax.annotation-api/1.3.2/javax.annotation-api-1.3.2.jar:/home/alex/.m2/repository/org/apache/zookeeper/zookeeper/3.5.5/zookeeper-3.5.5.jar:/home/alex/.m2/repository/org/apache/zookeeper/zookeeper-jute/3.5.5/zookeeper-jute-3.5.5.jar:/home/alex/.m2/repository/org/apache/yetus/audience-annotations/0.5.0/audience-annotations-0.5.0.jar:/home/alex/.m2/repository/org/apache/curator/curator-framework/4.2.0/curator-framework-4.2.0.jar:/home/alex/.m2/repository/org/apache/datasketches/datasketches-hive/1.1.0-incubating/datasketches-hive-1.1.0-incubating.jar:/home/alex/.m2/repository/org/apache/datasketches/datasketches-java/1.3.0-incubating/datasketches-java-1.3.0-incubating.jar:/home/alex/.m2/repository/org/apache/datasketches/datasketches-memory/1.2.0-incubating/datasketches-memory-1.2.0-incubating.jar:/home/alex/.m2/repository/org/slf4j/slf4j-simple/1.7.27/slf4j-simple-1.7.27.jar:/home/alex/.m2/repository/org/codehaus/groovy/groovy-all/2.4.11/groovy-all-2.4.11.jar:/home/alex/.m2/repository/org/jodd/jodd-util/6.0.0/jodd-util-6.0.0.jar:/home/alex/.m2/repository/com/fasterxml/jackson/dataformat/jackson-dataformat-yaml/2.12.0/jackson-dataformat-yaml-2.12.0.jar:/home/alex/.m2/repository/org/yaml/snakeyaml/1.27/snakeyaml-1.27.jar:/home/alex/.m2/repository/org/datanucleus/datanucleus-core/5.2.4/datanucleus-core-5.2.4.jar:/home/alex/.m2/repository/org/apache/calcite/calcite-core/1.25.0/calcite-core-1.25.0.jar:/home/alex/.m2/repository/org/apache/calcite/calcite-linq4j/1.25.0/calcite-linq4j-1.25.0.jar:/home/alex/.m2/repository/org/apiguardian/apiguardian-api/1.1.0/apiguardian-api-1.1.0.jar:/home/alex/.m2/repository/com/esri/geometry/esri-geometry-api/2.2.0/esri-geometry-api-2.2.0.jar:/home/alex/.m2/repository/com/yahoo/datasketches/sketches-core/0.9.0/sketches-core-0.9.0.jar:/home/alex/.m2/repository/com/yahoo/datasketches/memory/0.9.0/memory-0.9.0.jar:/home/alex/.m2/repository/org/apache/calcite/calcite-druid/1.25.0/calcite-druid-1.25.0.jar:/home/alex/.m2/repository/org/apache/calcite/avatica/avatica/1.12.0/avatica-1.12.0.jar:/home/alex/.m2/repository/com/googlecode/javaewah/JavaEWAH/0.3.2/JavaEWAH-0.3.2.jar:/home/alex/.m2/repository/com/google/code/gson/gson/2.2.4/gson-2.2.4.jar:/home/alex/.m2/repository/com/tdunning/json/1.8/json-1.8.jar:/home/alex/.m2/repository/stax/stax-api/1.0.1/stax-api-1.0.1.jar:/home/alex/.m2/repository/net/sf/opencsv/opencsv/2.3/opencsv-2.3.jar:/home/alex/Repositories/hive/standalone-metastore/metastore-server/target/classes:/home/alex/.m2/repository/com/google/re2j/re2j/1.2/re2j-1.2.jar:/home/alex/.m2/repository/org/reflections/reflections/0.9.10/reflections-0.9.10.jar:/home/alex/.m2/repository/org/javassist/javassist/3.19.0-GA/javassist-3.19.0-GA.jar:/home/alex/.m2/repository/com/jayway/jsonpath/json-path/2.4.0/json-path-2.4.0.jar:/home/alex/.m2/repository/net/minidev/json-smart/2.3/json-smart-2.3.jar:/home/alex/.m2/repository/net/minidev/accessors-smart/1.2/accessors-smart-1.2.jar:/home/alex/.m2/repository/org/ow2/asm/asm/5.0.4/asm-5.0.4.jar:/home/alex/.m2/repository/org/codehaus/janino/commons-compiler/3.0.11/commons-compiler-3.0.11.jar:/home/alex/.m2/repository/org/codehaus/janino/janino/3.0.11/janino-3.0.11.jar:/home/alex/.m2/repository/com/sun/jersey/contribs/jersey-multipart/1.19/jersey-multipart-1.19.jar:/home/alex/.m2/repository/org/jvnet/mimepull/mimepull/1.9.3/mimepull-1.9.3.jar:/home/alex/.m2/repository/org/apache/kafka/kafka-clients/2.5.0/kafka-clients-2.5.0.jar:/home/alex/.m2/repository/com/github/luben/zstd-jni/1.4.4-7/zstd-jni-1.4.4-7.jar:/home/alex/.m2/repository/org/lz4/lz4-java/1.7.1/lz4-java-1.7.1.jar:/home/alex/.m2/repository/org/apache/hadoop/hadoop-common/3.1.0/hadoop-common-3.1.0.jar:/home/alex/.m2/repository/commons-cli/commons-cli/1.4/commons-cli-1.4.jar:/home/alex/.m2/repository/commons-net/commons-net/3.6/commons-net-3.6.jar:/home/alex/.m2/repository/commons-collections/commons-collections/3.2.2/commons-collections-3.2.2.jar:/home/alex/.m2/repository/javax/servlet/javax.servlet-api/3.1.0/javax.servlet-api-3.1.0.jar:/home/alex/.m2/repository/org/eclipse/jetty/jetty-server/9.3.27.v20190418/jetty-server-9.3.27.v20190418.jar:/home/alex/.m2/repository/org/eclipse/jetty/jetty-io/9.3.27.v20190418/jetty-io-9.3.27.v20190418.jar:/home/alex/.m2/repository/org/eclipse/jetty/jetty-util/9.3.27.v20190418/jetty-util-9.3.27.v20190418.jar:/home/alex/.m2/repository/org/eclipse/jetty/jetty-servlet/9.3.27.v20190418/jetty-servlet-9.3.27.v20190418.jar:/home/alex/.m2/repository/org/eclipse/jetty/jetty-security/9.3.27.v20190418/jetty-security-9.3.27.v20190418.jar:/home/alex/.m2/repository/org/eclipse/jetty/jetty-webapp/9.3.27.v20190418/jetty-webapp-9.3.27.v20190418.jar:/home/alex/.m2/repository/org/eclipse/jetty/jetty-xml/9.3.27.v20190418/jetty-xml-9.3.27.v20190418.jar:/home/alex/.m2/repository/javax/servlet/jsp/jsp-api/2.1/jsp-api-2.1.jar:/home/alex/.m2/repository/com/sun/jersey/jersey-core/1.19/jersey-core-1.19.jar:/home/alex/.m2/repository/javax/ws/rs/jsr311-api/1.1.1/jsr311-api-1.1.1.jar:/home/alex/.m2/repository/com/sun/jersey/jersey-servlet/1.19/jersey-servlet-1.19.jar:/home/alex/.m2/repository/com/sun/jersey/jersey-json/1.19/jersey-json-1.19.jar:/home/alex/.m2/repository/com/sun/xml/bind/jaxb-impl/2.2.3-1/jaxb-impl-2.2.3-1.jar:/home/alex/.m2/repository/org/codehaus/jackson/jackson-jaxrs/1.9.2/jackson-jaxrs-1.9.2.jar:/home/alex/.m2/repository/org/codehaus/jackson/jackson-xc/1.9.2/jackson-xc-1.9.2.jar:/home/alex/.m2/repository/com/sun/jersey/jersey-server/1.19/jersey-server-1.19.jar:/home/alex/.m2/repository/log4j/log4j/1.2.17/log4j-1.2.17.jar:/home/alex/.m2/repository/commons-lang/commons-lang/2.6/commons-lang-2.6.jar:/home/alex/.m2/repository/org/apache/commons/commons-configuration2/2.1.1/commons-configuration2-2.1.1.jar:/home/alex/.m2/repository/org/apache/hadoop/hadoop-auth/3.1.0/hadoop-auth-3.1.0.jar:/home/alex/.m2/repository/com/nimbusds/nimbus-jose-jwt/4.41.1/nimbus-jose-jwt-4.41.1.jar:/home/alex/.m2/repository/com/github/stephenc/jcip/jcip-annotations/1.0-1/jcip-annotations-1.0-1.jar:/home/alex/.m2/repository/com/jcraft/jsch/0.1.54/jsch-0.1.54.jar:/home/alex/.m2/repository/com/google/code/findbugs/jsr305/3.0.0/jsr305-3.0.0.jar:/home/alex/.m2/repository/org/apache/htrace/htrace-core4/4.1.0-incubating/htrace-core4-4.1.0-incubating.jar:/home/alex/.m2/repository/org/apache/kerby/kerb-simplekdc/1.0.1/kerb-simplekdc-1.0.1.jar:/home/alex/.m2/repository/org/apache/kerby/kerb-client/1.0.1/kerb-client-1.0.1.jar:/home/alex/.m2/repository/org/apache/kerby/kerby-config/1.0.1/kerby-config-1.0.1.jar:/home/alex/.m2/repository/org/apache/kerby/kerb-core/1.0.1/kerb-core-1.0.1.jar:/home/alex/.m2/repository/org/apache/kerby/kerby-pkix/1.0.1/kerby-pkix-1.0.1.jar:/home/alex/.m2/repository/org/apache/kerby/kerby-asn1/1.0.1/kerby-asn1-1.0.1.jar:/home/alex/.m2/repository/org/apache/kerby/kerby-util/1.0.1/kerby-util-1.0.1.jar:/home/alex/.m2/repository/org/apache/kerby/kerb-common/1.0.1/kerb-common-1.0.1.jar:/home/alex/.m2/repository/org/apache/kerby/kerb-crypto/1.0.1/kerb-crypto-1.0.1.jar:/home/alex/.m2/repository/org/apache/kerby/kerb-util/1.0.1/kerb-util-1.0.1.jar:/home/alex/.m2/repository/org/apache/kerby/token-provider/1.0.1/token-provider-1.0.1.jar:/home/alex/.m2/repository/org/apache/kerby/kerb-admin/1.0.1/kerb-admin-1.0.1.jar:/home/alex/.m2/repository/org/apache/kerby/kerb-server/1.0.1/kerb-server-1.0.1.jar:/home/alex/.m2/repository/org/apache/kerby/kerb-identity/1.0.1/kerb-identity-1.0.1.jar:/home/alex/.m2/repository/org/apache/kerby/kerby-xdr/1.0.1/kerby-xdr-1.0.1.jar:/home/alex/.m2/repository/org/codehaus/woodstox/stax2-api/3.1.4/stax2-api-3.1.4.jar:/home/alex/.m2/repository/com/fasterxml/woodstox/woodstox-core/5.0.3/woodstox-core-5.0.3.jar:/home/alex/.m2/repository/org/apache/hadoop/hadoop-mapreduce-client-core/3.1.0/hadoop-mapreduce-client-core-3.1.0.jar:/home/alex/.m2/repository/org/apache/hadoop/hadoop-yarn-client/3.1.0/hadoop-yarn-client-3.1.0.jar:/home/alex/.m2/repository/org/apache/hadoop/hadoop-yarn-common/3.1.0/hadoop-yarn-common-3.1.0.jar:/home/alex/.m2/repository/javax/xml/bind/jaxb-api/2.2.11/jaxb-api-2.2.11.jar:/home/alex/.m2/repository/com/google/inject/guice/4.0/guice-4.0.jar:/home/alex/.m2/repository/aopalliance/aopalliance/1.0/aopalliance-1.0.jar:/home/alex/.m2/repository/com/sun/jersey/contribs/jersey-guice/1.19/jersey-guice-1.19.jar:/home/alex/.m2/repository/com/fasterxml/jackson/module/jackson-module-jaxb-annotations/2.12.0/jackson-module-jaxb-annotations-2.12.0.jar:/home/alex/.m2/repository/jakarta/xml/bind/jakarta.xml.bind-api/2.3.2/jakarta.xml.bind-api-2.3.2.jar:/home/alex/.m2/repository/jakarta/activation/jakarta.activation-api/1.2.1/jakarta.activation-api-1.2.1.jar:/home/alex/.m2/repository/org/apache/hadoop/hadoop-hdfs-client/3.1.0/hadoop-hdfs-client-3.1.0.jar:/home/alex/.m2/repository/com/squareup/okhttp/okhttp/2.7.5/okhttp-2.7.5.jar:/home/alex/.m2/repository/com/squareup/okio/okio/1.6.0/okio-1.6.0.jar:/home/alex/.m2/repository/com/google/inject/extensions/guice-servlet/4.0/guice-servlet-4.0.jar:/home/alex/Repositories/hive/ql/target/test-classes:/home/alex/Repositories/hive/standalone-metastore/metastore-common/target/test-classes:/home/alex/.m2/repository/org/apache/orc/orc-core/1.6.9/orc-core-1.6.9.jar:/home/alex/.m2/repository/org/apache/orc/orc-shims/1.6.9/orc-shims-1.6.9.jar:/home/alex/.m2/repository/io/airlift/aircompressor/0.19/aircompressor-0.19.jar:/home/alex/.m2/repository/org/jetbrains/annotations/17.0.0/annotations-17.0.0.jar:/home/alex/.m2/repository/org/threeten/threeten-extra/1.5.0/threeten-extra-1.5.0.jar:/home/alex/.m2/repository/com/github/joshelser/dropwizard-metrics-hadoop-metrics2-reporter/0.1.2/dropwizard-metrics-hadoop-metrics2-reporter-0.1.2.jar:/home/alex/.m2/repository/com/zaxxer/HikariCP/2.6.1/HikariCP-2.6.1.jar:/home/alex/.m2/repository/io/dropwizard/metrics/metrics-core/3.1.0/metrics-core-3.1.0.jar:/home/alex/.m2/repository/io/dropwizard/metrics/metrics-jvm/3.1.0/metrics-jvm-3.1.0.jar:/home/alex/.m2/repository/io/dropwizard/metrics/metrics-json/3.1.0/metrics-json-3.1.0.jar:/home/alex/.m2/repository/org/apache/derby/derby/10.14.1.0/derby-10.14.1.0.jar:/home/alex/.m2/repository/commons-logging/commons-logging/1.1.3/commons-logging-1.1.3.jar:/home/alex/.m2/repository/com/github/ben-manes/caffeine/caffeine/2.8.4/caffeine-2.8.4.jar:/home/alex/.m2/repository/org/checkerframework/checker-qual/3.4.0/checker-qual-3.4.0.jar:/home/alex/.m2/repository/com/google/errorprone/error_prone_annotations/2.3.4/error_prone_annotations-2.3.4.jar:/home/alex/.m2/repository/org/apache/curator/curator-recipes/4.2.0/curator-recipes-4.2.0.jar:/home/alex/Repositories/hive/standalone-metastore/metastore-server/target/test-classes:/home/alex/Repositories/hive/standalone-metastore/metastore-common/target/classes:/home/alex/.m2/repository/org/apache/commons/commons-dbcp2/2.7.0/commons-dbcp2-2.7.0.jar:/home/alex/.m2/repository/org/apache/commons/commons-pool2/2.7.0/commons-pool2-2.7.0.jar:/home/alex/.m2/repository/commons-beanutils/commons-beanutils/1.9.4/commons-beanutils-1.9.4.jar:/home/alex/.m2/repository/org/datanucleus/datanucleus-api-jdo/5.2.4/datanucleus-api-jdo-5.2.4.jar:/home/alex/.m2/repository/org/datanucleus/datanucleus-rdbms/5.2.4/datanucleus-rdbms-5.2.4.jar:/home/alex/.m2/repository/org/datanucleus/javax.jdo/3.2.0-release/javax.jdo-3.2.0-release.jar:/home/alex/.m2/repository/javax/transaction/javax.transaction-api/1.3/javax.transaction-api-1.3.jar:/home/alex/.m2/repository/org/glassfish/corba/glassfish-corba-omgapi/4.2.2/glassfish-corba-omgapi-4.2.2.jar:/home/alex/.m2/repository/sqlline/sqlline/1.9.0/sqlline-1.9.0.jar:/home/alex/.m2/repository/org/jline/jline-terminal/3.12.1/jline-terminal-3.12.1.jar:/home/alex/.m2/repository/org/jline/jline-reader/3.12.1/jline-reader-3.12.1.jar:/home/alex/.m2/repository/org/jline/jline-terminal-jansi/3.12.1/jline-terminal-jansi-3.12.1.jar:/home/alex/.m2/repository/org/fusesource/jansi/jansi/1.18/jansi-1.18.jar:/home/alex/.m2/repository/org/jline/jline-terminal-jna/3.12.1/jline-terminal-jna-3.12.1.jar:/home/alex/.m2/repository/net/java/dev/jna/jna/5.3.1/jna-5.3.1.jar:/home/alex/.m2/repository/org/jline/jline-builtins/3.12.1/jline-builtins-3.12.1.jar:/home/alex/.m2/repository/org/jline/jline-style/3.12.1/jline-style-3.12.1.jar:/home/alex/.m2/repository/jline/jline/2.14.6/jline-2.14.6.jar:/home/alex/.m2/repository/com/cronutils/cron-utils/9.1.3/cron-utils-9.1.3.jar:/home/alex/.m2/repository/org/glassfish/javax.el/3.0.0/javax.el-3.0.0.jar:/home/alex/.m2/repository/com/oracle/database/jdbc/ojdbc8/21.3.0.0/ojdbc8-21.3.0.0.jar:/home/alex/.m2/repository/mysql/mysql-connector-java/8.0.27/mysql-connector-java-8.0.27.jar:/home/alex/.m2/repository/com/microsoft/sqlserver/mssql-jdbc/6.2.1.jre8/mssql-jdbc-6.2.1.jre8.jar:/home/alex/.m2/repository/org/postgresql/postgresql/42.2.14/postgresql-42.2.14.jar:/home/alex/Repositories/hive/hcatalog/core/target/test-classes:/home/alex/.m2/repository/org/apache/pig/pig/0.16.0/pig-0.16.0-h2.jar:/home/alex/.m2/repository/xmlenc/xmlenc/0.52/xmlenc-0.52.jar:/home/alex/.m2/repository/commons-httpclient/commons-httpclient/3.1/commons-httpclient-3.1.jar:/home/alex/.m2/repository/org/mortbay/jetty/jetty/6.1.26/jetty-6.1.26.jar:/home/alex/.m2/repository/org/mortbay/jetty/servlet-api/2.5-20081211/servlet-api-2.5-20081211.jar:/home/alex/.m2/repository/org/mortbay/jetty/jetty-util/6.1.26/jetty-util-6.1.26.jar:/home/alex/.m2/repository/org/mortbay/jetty/jsp-api-2.1/6.1.14/jsp-api-2.1-6.1.14.jar:/home/alex/.m2/repository/org/mortbay/jetty/jsp-2.1/6.1.14/jsp-2.1-6.1.14.jar:/home/alex/.m2/repository/org/eclipse/jdt/core/3.1.1/core-3.1.1.jar:/home/alex/.m2/repository/ant/ant/1.6.5/ant-1.6.5.jar:/home/alex/.m2/repository/commons-el/commons-el/1.0/commons-el-1.0.jar:/home/alex/.m2/repository/net/java/dev/jets3t/jets3t/0.7.1/jets3t-0.7.1.jar:/home/alex/.m2/repository/org/mortbay/jetty/servlet-api-2.5/6.1.14/servlet-api-2.5-6.1.14.jar:/home/alex/.m2/repository/net/sf/kosmosfs/kfs/0.3/kfs-0.3.jar:/home/alex/.m2/repository/junit/junit/4.13/junit-4.13.jar:/home/alex/.m2/repository/org/hamcrest/hamcrest-core/1.3/hamcrest-core-1.3.jar:/home/alex/.m2/repository/hsqldb/hsqldb/1.8.0.10/hsqldb-1.8.0.10.jar:/home/alex/.m2/repository/oro/oro/2.0.8/oro-2.0.8.jar:/home/alex/.m2/repository/dk/brics/automaton/automaton/1.11-8/automaton-1.11-8.jar:/home/alex/.m2/repository/org/codehaus/jackson/jackson-mapper-asl/1.8.8/jackson-mapper-asl-1.8.8.jar:/home/alex/.m2/repository/org/codehaus/jackson/jackson-core-asl/1.8.8/jackson-core-asl-1.8.8.jar:/home/alex/.m2/repository/joda-time/joda-time/2.9.9/joda-time-2.9.9.jar:/home/alex/.m2/repository/org/slf4j/slf4j-api/1.7.30/slf4j-api-1.7.30.jar:/home/alex/.m2/repository/org/mockito/mockito-core/3.4.4/mockito-core-3.4.4.jar:/home/alex/.m2/repository/net/bytebuddy/byte-buddy/1.10.13/byte-buddy-1.10.13.jar:/home/alex/.m2/repository/net/bytebuddy/byte-buddy-agent/1.10.13/byte-buddy-agent-1.10.13.jar:/home/alex/.m2/repository/org/objenesis/objenesis/2.6/objenesis-2.6.jar:/home/alex/Repositories/hive/hcatalog/webhcat/java-client/target/testconf:/home/alex/Repositories/hive/hcatalog/webhcat/java-client/../../../conf:"/>
    <property name="sun.cpu.endian" value="little"/>
    <property name="user.home" value="/home/alex"/>
    <property name="user.language" value="en"/>
    <property name="java.security.krb5.conf" value="/home/alex/Repositories/hive/hcatalog/webhcat/java-client/target/testconf/krb5.conf"/>
    <property name="test.dfs.mkdir" value=""/>
    <property name="java.awt.graphicsenv" value="sun.awt.X11GraphicsEnvironment"/>
    <property name="hive.exec.pre.hooks" value=" "/>
    <property name="nondexFilter" value=".*"/>
    <property name="nondexSeed" value="933178"/>
    <property name="surefire.real.class.path" value="/home/alex/Repositories/hive/hcatalog/webhcat/java-client/target/surefire/surefirebooter8911443329279395809.jar"/>
    <property name="hadoop.log.dir" value="/home/alex/Repositories/hive/hcatalog/webhcat/java-client/target/tmp"/>
    <property name="java.net.preferIPv4Stack" value="true"/>
    <property name="path.separator" value=":"/>
    <property name="os.version" value="6.5.0-28-generic"/>
    <property name="java.endorsed.dirs" value="/usr/lib/jvm/java-8-openjdk-amd64/jre/lib/endorsed"/>
    <property name="java.runtime.name" value="OpenJDK Runtime Environment"/>
    <property name="hive.test.console.log.level" value="INFO"/>
    <property name="java.vm.name" value="OpenJDK 64-Bit Server VM"/>
    <property name="java.vendor.url.bug" value="http://bugreport.sun.com/bugreport/"/>
    <property name="maven.local.repository" value="/home/alex/.m2/repository"/>
    <property name="user.dir" value="/home/alex/Repositories/hive/hcatalog/webhcat/java-client"/>
    <property name="os.arch" value="amd64"/>
    <property name="nondexMode" value="FULL"/>
    <property name="user.language.format" value="pt"/>
    <property name="antlr.version" value="3.5.2"/>
    <property name="hive.metastore.transactional.event.listeners" value="org.apache.hive.hcatalog.listener.DbNotificationListener"/>
    <property name="derby.version" value="10.14.1.0"/>
    <property name="java.vm.info" value="mixed mode"/>
    <property name="java.vm.version" value="25.402-b06"/>
    <property name="java.ext.dirs" value="/usr/lib/jvm/java-8-openjdk-amd64/jre/lib/ext:/usr/java/packages/lib/ext"/>
    <property name="java.class.version" value="52.0"/>
    <property name="test.output.overwrite" value=""/>
    <property name="hive.root" value="/home/alex/Repositories/hive/hcatalog/webhcat/java-client/../../../"/>
  </properties>
  <testcase name="testGetPartitionsWithPartialSpec" classname="org.apache.hive.hcatalog.api.TestHCatClient" time="4.974"/>
  <testcase name="testDatabaseLocation" classname="org.apache.hive.hcatalog.api.TestHCatClient" time="0.094"/>
  <testcase name="testDropPartitionsWithPartialSpec" classname="org.apache.hive.hcatalog.api.TestHCatClient" time="46.193">
    <failure message="Unexpected exception! org.apache.hive.hcatalog.common.HCatException : 9001 : Exception occurred while processing HCat request : MetaException while dropping db.. Cause : MetaException(message:javax.jdo.JDODataStoreException: Exception thrown flushing changes to datastore&#10;NestedThrowables:&#10;java.sql.BatchUpdateException: DELETE on table &apos;DBS&apos; caused a violation of foreign key constraint &apos;TBLS_FK1&apos; for key (4).  The statement has been rolled back.)" type="java.lang.AssertionError"><![CDATA[java.lang.AssertionError: 
Unexpected exception! org.apache.hive.hcatalog.common.HCatException : 9001 : Exception occurred while processing HCat request : MetaException while dropping db.. Cause : MetaException(message:javax.jdo.JDODataStoreException: Exception thrown flushing changes to datastore
NestedThrowables:
java.sql.BatchUpdateException: DELETE on table 'DBS' caused a violation of foreign key constraint 'TBLS_FK1' for key (4).  The statement has been rolled back.)
	at org.junit.Assert.fail(Assert.java:89)
	at org.junit.Assert.assertTrue(Assert.java:42)
	at org.apache.hive.hcatalog.api.TestHCatClient.testDropPartitionsWithPartialSpec(TestHCatClient.java:809)
	at sun.reflect.NativeMethodAccessorImpl.invoke0(Native Method)
	at sun.reflect.NativeMethodAccessorImpl.invoke(NativeMethodAccessorImpl.java:62)
	at sun.reflect.DelegatingMethodAccessorImpl.invoke(DelegatingMethodAccessorImpl.java:43)
	at java.lang.reflect.Method.invoke(Method.java:498)
	at org.junit.runners.model.FrameworkMethod$1.runReflectiveCall(FrameworkMethod.java:59)
	at org.junit.internal.runners.model.ReflectiveCallable.run(ReflectiveCallable.java:12)
	at org.junit.runners.model.FrameworkMethod.invokeExplosively(FrameworkMethod.java:56)
	at org.junit.internal.runners.statements.InvokeMethod.evaluate(InvokeMethod.java:17)
	at org.junit.runners.ParentRunner$3.evaluate(ParentRunner.java:306)
	at org.junit.runners.BlockJUnit4ClassRunner$1.evaluate(BlockJUnit4ClassRunner.java:100)
	at org.junit.runners.ParentRunner.runLeaf(ParentRunner.java:366)
	at org.junit.runners.BlockJUnit4ClassRunner.runChild(BlockJUnit4ClassRunner.java:103)
	at org.junit.runners.BlockJUnit4ClassRunner.runChild(BlockJUnit4ClassRunner.java:63)
	at org.junit.runners.ParentRunner$4.run(ParentRunner.java:331)
	at org.junit.runners.ParentRunner$1.schedule(ParentRunner.java:79)
	at org.junit.runners.ParentRunner.runChildren(ParentRunner.java:329)
	at org.junit.runners.ParentRunner.access$100(ParentRunner.java:66)
	at org.junit.runners.ParentRunner$2.evaluate(ParentRunner.java:293)
	at org.junit.internal.runners.statements.RunBefores.evaluate(RunBefores.java:26)
	at org.junit.internal.runners.statements.RunAfters.evaluate(RunAfters.java:27)
	at org.junit.runners.ParentRunner$3.evaluate(ParentRunner.java:306)
	at org.junit.runners.ParentRunner.run(ParentRunner.java:413)
	at org.junit.runners.Suite.runChild(Suite.java:128)
	at org.junit.runners.Suite.runChild(Suite.java:27)
	at org.junit.runners.ParentRunner$4.run(ParentRunner.java:331)
	at org.junit.runners.ParentRunner$1.schedule(ParentRunner.java:79)
	at org.junit.runners.ParentRunner.runChildren(ParentRunner.java:329)
	at org.junit.runners.ParentRunner.access$100(ParentRunner.java:66)
	at org.junit.runners.ParentRunner$2.evaluate(ParentRunner.java:293)
	at org.junit.runners.ParentRunner$3.evaluate(ParentRunner.java:306)
	at org.junit.runners.ParentRunner.run(ParentRunner.java:413)
	at org.apache.maven.surefire.junitcore.JUnitCore.run(JUnitCore.java:55)
	at org.apache.maven.surefire.junitcore.JUnitCoreWrapper.createRequestAndRun(JUnitCoreWrapper.java:137)
	at org.apache.maven.surefire.junitcore.JUnitCoreWrapper.executeEager(JUnitCoreWrapper.java:107)
	at org.apache.maven.surefire.junitcore.JUnitCoreWrapper.execute(JUnitCoreWrapper.java:83)
	at org.apache.maven.surefire.junitcore.JUnitCoreWrapper.execute(JUnitCoreWrapper.java:75)
	at org.apache.maven.surefire.junitcore.JUnitCoreProvider.invoke(JUnitCoreProvider.java:158)
	at org.apache.maven.surefire.booter.ForkedBooter.runSuitesInProcess(ForkedBooter.java:377)
	at org.apache.maven.surefire.booter.ForkedBooter.execute(ForkedBooter.java:138)
	at org.apache.maven.surefire.booter.ForkedBooter.run(ForkedBooter.java:465)
	at org.apache.maven.surefire.booter.ForkedBooter.main(ForkedBooter.java:451)
]]></failure>
    <system-err><![CDATA[2024-04-24T12:05:38,488  WARN [main] conf.HiveConf: HiveConf of name hive.llap.io.cache.orc.alloc.max does not exist
2024-04-24T12:05:38,489  WARN [main] conf.HiveConf: HiveConf of name hive.llap.io.cache.orc.arena.size does not exist
2024-04-24T12:05:38,489  WARN [main] conf.HiveConf: HiveConf of name hive.metastore.client.cache.maxSize does not exist
2024-04-24T12:05:38,489  WARN [main] conf.HiveConf: HiveConf of name hive.dummyparam.test.server.specific.config.hivesite does not exist
2024-04-24T12:05:38,489  WARN [main] conf.HiveConf: HiveConf of name hive.stats.key.prefix.reserve.length does not exist
2024-04-24T12:05:38,489  WARN [main] conf.HiveConf: HiveConf of name hive.metastore.metadb.dir does not exist
2024-04-24T12:05:38,489  WARN [main] conf.HiveConf: HiveConf of name hive.llap.io.cache.orc.size does not exist
2024-04-24T12:05:38,489  WARN [main] conf.HiveConf: HiveConf of name hive.llap.io.cache.orc.alloc.min does not exist
2024-04-24T12:05:38,489  WARN [main] conf.HiveConf: HiveConf of name hive.metastore.client.cache.recordStats does not exist
2024-04-24T12:05:38,489  WARN [main] conf.HiveConf: HiveConf of name hive.dummyparam.test.server.specific.config.metastoresite does not exist
2024-04-24T12:05:38,490  WARN [main] conf.HiveConf: HiveConf of name hive.dummyparam.test.server.specific.config.override does not exist
2024-04-24T12:05:38,496  INFO [main] common.HCatUtil: mapreduce.lib.hcatoutput.hive.conf not set. Generating configuration differences.
2024-04-24T12:05:38,498  INFO [main] common.HCatUtil: Configuration differences={datanucleus.schema.autoCreateAll=true, hive.exec.scratchdir=${test.tmp.dir}/scratchdir, hive.strict.timestamp.conversion=false, datanucleus.connectionPool.maxPoolSize=4, hive.ignore.mapjoin.hint=false, hive.query.reexecution.stats.persist.scope=query, hive.cbo.fallback.strategy=TEST, hive.users.in.admin.role=hive_admin_user, hive.metastore.warehouse.dir=${test.warehouse.dir}, hive.server2.operation.log.purgePolicy.timeToLive=5s, hive.llap.io.allocator.direct=false, hive.default.rcfile.serde=org.apache.hadoop.hive.serde2.columnar.ColumnarSerDe, javax.jdo.option.ConnectionURL=jdbc:derby:memory:${test.tmp.dir}/junit_metastore_db;create=true, hive.test.dummystats.aggregator=value2, hive.scheduled.queries.executor.enabled=false, hive.querylog.location=${test.tmp.dir}/tmp, hive.exec.local.scratchdir=${test.tmp.dir}/localscratchdir/, hive.jar.path=${maven.local.repository}/org/apache/hive/hive-exec/${hive.version}/hive-exec-${hive.version}.jar, hive.fetch.task.conversion=minimal, hive.mapjoin.max.gc.time.percentage=0.99, hive.security.authorization.manager=org.apache.hadoop.hive.ql.security.authorization.plugin.sqlstd.SQLStdHiveAuthorizerFactoryForTest, hive.in.test=true, hive.stats.fetch.bitvector=true, hive.query.results.cache.enabled=false, hive.metastore.client.cache.enabled=true, hive.auto.convert.join=false, hive.exec.submit.local.task.via.child=false, hive.conf.restricted.list=from.hivemetastore-site.xml, hive.metastore.schema.verification=false}
2024-04-24T12:05:38,499  WARN [main] metastore.HiveMetaStoreClient: Unexpected increment of user count beyond one: 2 HCatClient: thread: 1 users=2 expired=false closed=false
2024-04-24T12:05:38,499  INFO [TThreadPoolServer WorkerProcess-%d] HiveMetaStore.audit: ugi=alex	ip=127.0.0.1	cmd=source:127.0.0.1 get_databases: @hive#NonExistentDatabaseUsedForHealthCheck	
2024-04-24T12:05:38,502  INFO [TThreadPoolServer WorkerProcess-%d] HiveMetaStore.audit: ugi=alex	ip=127.0.0.1	cmd=source:127.0.0.1 get_database: myDb	
2024-04-24T12:05:38,503  INFO [TThreadPoolServer WorkerProcess-%d] HiveMetaStore.audit: ugi=alex	ip=127.0.0.1	cmd=source:127.0.0.1 create_database: Database(name:myDb, description:null, locationUri:null, parameters:null, catalogName:hive)	
2024-04-24T12:05:38,506  INFO [TThreadPoolServer WorkerProcess-%d] metastore.HMSHandler: Creating database path in external directory pfile:/home/alex/Repositories/hive/hcatalog/webhcat/java-client/target/warehouse/34727/mydb.db
2024-04-24T12:05:38,506  INFO [TThreadPoolServer WorkerProcess-%d] utils.FileUtils: Creating directory if it doesn't exist: pfile:/home/alex/Repositories/hive/hcatalog/webhcat/java-client/target/warehouse/34727/mydb.db
2024-04-24T12:05:38,510  INFO [TThreadPoolServer WorkerProcess-%d] metastore.HMSHandler: Created database path in external directory pfile:/home/alex/Repositories/hive/hcatalog/webhcat/java-client/target/warehouse/34727/mydb.db
2024-04-24T12:05:38,514  WARN [main] api.HCatTable: Conf hasn't been set yet. Using defaults.
2024-04-24T12:05:38,576  WARN [main] conf.HiveConf: HiveConf of name hive.dummyparam.test.server.specific.config.override does not exist
2024-04-24T12:05:38,576  WARN [main] conf.HiveConf: HiveConf of name hive.metastore.client.cache.recordStats does not exist
2024-04-24T12:05:38,576  WARN [main] conf.HiveConf: HiveConf of name hive.dummyparam.test.server.specific.config.hivesite does not exist
2024-04-24T12:05:38,576  WARN [main] conf.HiveConf: HiveConf of name hive.llap.io.cache.orc.arena.size does not exist
2024-04-24T12:05:38,577  WARN [main] conf.HiveConf: HiveConf of name hive.metastore.metadb.dir does not exist
2024-04-24T12:05:38,577  WARN [main] conf.HiveConf: HiveConf of name hive.dummyparam.test.server.specific.config.metastoresite does not exist
2024-04-24T12:05:38,577  WARN [main] conf.HiveConf: HiveConf of name hive.llap.io.cache.orc.alloc.min does not exist
2024-04-24T12:05:38,577  WARN [main] conf.HiveConf: HiveConf of name hive.llap.io.cache.orc.alloc.max does not exist
2024-04-24T12:05:38,577  WARN [main] conf.HiveConf: HiveConf of name hive.stats.key.prefix.reserve.length does not exist
2024-04-24T12:05:38,577  WARN [main] conf.HiveConf: HiveConf of name hive.llap.io.cache.orc.size does not exist
2024-04-24T12:05:38,577  WARN [main] conf.HiveConf: HiveConf of name hive.metastore.client.cache.maxSize does not exist
2024-04-24T12:05:38,578  INFO [TThreadPoolServer WorkerProcess-%d] HiveMetaStore.audit: ugi=alex	ip=127.0.0.1	cmd=source:127.0.0.1 create_table_req: Table(tableName:myTable, dbName:myDb, owner:alex, createTime:1713985538, lastAccessTime:0, retention:0, sd:StorageDescriptor(cols:[FieldSchema(name:foo, type:int, comment:), FieldSchema(name:bar, type:string, comment:)], location:null, inputFormat:org.apache.hadoop.mapred.TextInputFormat, outputFormat:org.apache.hadoop.hive.ql.io.HiveIgnoreKeyTextOutputFormat, compressed:false, numBuckets:0, serdeInfo:SerDeInfo(name:null, serializationLib:org.apache.hadoop.hive.serde2.lazy.LazySimpleSerDe, parameters:{serialization.format=1}), bucketCols:null, sortCols:null, parameters:null), partitionKeys:[FieldSchema(name:dt, type:string, comment:), FieldSchema(name:grid, type:string, comment:)], parameters:{bucketing_version=2}, viewOriginalText:null, viewExpandedText:null, tableType:MANAGED_TABLE, catName:hive, ownerType:USER)	
2024-04-24T12:05:38,583  INFO [TThreadPoolServer WorkerProcess-%d] utils.FileUtils: Creating directory if it doesn't exist: pfile:/home/alex/Repositories/hive/hcatalog/webhcat/java-client/target/warehouse/34727/mydb.db/mytable
2024-04-24T12:05:38,644  INFO [TThreadPoolServer WorkerProcess-%d] HiveMetaStore.audit: ugi=alex	ip=127.0.0.1	cmd=source:127.0.0.1 get_table : tbl=hive.myDb.myTable	
2024-04-24T12:05:38,670  INFO [TThreadPoolServer WorkerProcess-%d] metastore.HMSHandler: Skipping translation for processor with null
2024-04-24T12:05:38,672  INFO [TThreadPoolServer WorkerProcess-%d] HiveMetaStore.audit: ugi=alex	ip=127.0.0.1	cmd=source:127.0.0.1 get_table : tbl=hive.mydb.mytable	
2024-04-24T12:05:38,681  INFO [TThreadPoolServer WorkerProcess-%d] metastore.HMSHandler: Skipping translation for processor with null
2024-04-24T12:05:38,682  INFO [TThreadPoolServer WorkerProcess-%d] HiveMetaStore.audit: ugi=alex	ip=127.0.0.1	cmd=source:127.0.0.1 add_partition : tbl=hive.mydb.mytable	
2024-04-24T12:05:38,699  INFO [TThreadPoolServer WorkerProcess-%d] utils.FileUtils: Creating directory if it doesn't exist: pfile:/home/alex/Repositories/hive/hcatalog/webhcat/java-client/target/warehouse/34727/mydb.db/mytable/dt=2011_12_31/grid=AB
2024-04-24T12:05:38,730  INFO [TThreadPoolServer WorkerProcess-%d] HiveMetaStore.audit: ugi=alex	ip=127.0.0.1	cmd=source:127.0.0.1 get_table : tbl=hive.mydb.mytable	
2024-04-24T12:05:38,741  INFO [TThreadPoolServer WorkerProcess-%d] metastore.HMSHandler: Skipping translation for processor with null
2024-04-24T12:05:38,742  INFO [TThreadPoolServer WorkerProcess-%d] HiveMetaStore.audit: ugi=alex	ip=127.0.0.1	cmd=source:127.0.0.1 add_partition : tbl=hive.mydb.mytable	
2024-04-24T12:05:38,750  INFO [TThreadPoolServer WorkerProcess-%d] utils.FileUtils: Creating directory if it doesn't exist: pfile:/home/alex/Repositories/hive/hcatalog/webhcat/java-client/target/warehouse/34727/mydb.db/mytable/dt=2012_01_01/grid=AB
2024-04-24T12:05:38,769  INFO [TThreadPoolServer WorkerProcess-%d] HiveMetaStore.audit: ugi=alex	ip=127.0.0.1	cmd=source:127.0.0.1 get_table : tbl=hive.mydb.mytable	
2024-04-24T12:05:38,781  INFO [TThreadPoolServer WorkerProcess-%d] metastore.HMSHandler: Skipping translation for processor with null
2024-04-24T12:05:38,782  INFO [TThreadPoolServer WorkerProcess-%d] HiveMetaStore.audit: ugi=alex	ip=127.0.0.1	cmd=source:127.0.0.1 add_partition : tbl=hive.mydb.mytable	
2024-04-24T12:05:38,803  INFO [TThreadPoolServer WorkerProcess-%d] utils.FileUtils: Creating directory if it doesn't exist: pfile:/home/alex/Repositories/hive/hcatalog/webhcat/java-client/target/warehouse/34727/mydb.db/mytable/dt=2012_01_01/grid=OB
2024-04-24T12:05:38,819  INFO [TThreadPoolServer WorkerProcess-%d] HiveMetaStore.audit: ugi=alex	ip=127.0.0.1	cmd=source:127.0.0.1 get_table : tbl=hive.mydb.mytable	
2024-04-24T12:05:38,830  INFO [TThreadPoolServer WorkerProcess-%d] metastore.HMSHandler: Skipping translation for processor with null
2024-04-24T12:05:38,831  INFO [TThreadPoolServer WorkerProcess-%d] HiveMetaStore.audit: ugi=alex	ip=127.0.0.1	cmd=source:127.0.0.1 add_partition : tbl=hive.mydb.mytable	
2024-04-24T12:05:38,842  INFO [TThreadPoolServer WorkerProcess-%d] utils.FileUtils: Creating directory if it doesn't exist: pfile:/home/alex/Repositories/hive/hcatalog/webhcat/java-client/target/warehouse/34727/mydb.db/mytable/dt=2012_01_01/grid=XB
2024-04-24T12:05:38,862  INFO [main] api.HCatClientHMSImpl: HCatClient dropPartitions(db=myDb,table=myTable, partitionSpec: [{dt=2012_01_01}]).
2024-04-24T12:05:38,863  INFO [TThreadPoolServer WorkerProcess-%d] HiveMetaStore.audit: ugi=alex	ip=127.0.0.1	cmd=source:127.0.0.1 get_table : tbl=hive.myDb.myTable	
2024-04-24T12:05:38,875  INFO [TThreadPoolServer WorkerProcess-%d] metastore.HMSHandler: Skipping translation for processor with null
2024-04-24T12:05:38,876  INFO [main] api.HCatClientHMSImpl: HCatClient: Dropping partitions using partition-predicate Expressions.
2024-04-24T12:05:42,080  WARN [main] exec.FunctionRegistry: UDF Class org.apache.datasketches.hive.hll.UnionSketchUDF does not have description. Please annotate the class with the org.apache.hadoop.hive.ql.exec.Description annotation and provide the description of the function.
2024-04-24T12:05:42,088  WARN [main] exec.FunctionRegistry: UDF Class org.apache.datasketches.hive.theta.UnionSketchUDF does not have description. Please annotate the class with the org.apache.hadoop.hive.ql.exec.Description annotation and provide the description of the function.
2024-04-24T12:05:42,090  WARN [main] exec.FunctionRegistry: UDF Class org.apache.datasketches.hive.theta.IntersectSketchUDF does not have description. Please annotate the class with the org.apache.hadoop.hive.ql.exec.Description annotation and provide the description of the function.
2024-04-24T12:05:42,090  WARN [main] exec.FunctionRegistry: UDF Class org.apache.datasketches.hive.theta.ExcludeSketchUDF does not have description. Please annotate the class with the org.apache.hadoop.hive.ql.exec.Description annotation and provide the description of the function.
2024-04-24T12:05:42,099  WARN [main] exec.FunctionRegistry: UDF Class org.apache.datasketches.hive.theta.EstimateSketchUDF does not have description. Please annotate the class with the org.apache.hadoop.hive.ql.exec.Description annotation and provide the description of the function.
2024-04-24T12:05:42,123  WARN [main] exec.FunctionRegistry: UDF Class org.apache.datasketches.hive.tuple.ArrayOfDoublesSketchToValuesUDTF does not have description. Please annotate the class with the org.apache.hadoop.hive.ql.exec.Description annotation and provide the description of the function.
2024-04-24T12:05:42,158  WARN [main] exec.FunctionRegistry: UDF Class org.apache.datasketches.hive.cpc.UnionSketchUDF does not have description. Please annotate the class with the org.apache.hadoop.hive.ql.exec.Description annotation and provide the description of the function.
2024-04-24T12:05:42,977  INFO [TThreadPoolServer WorkerProcess-%d] metastore.HMSHandler: dropPartition() will move partition-directories to trash-directory.
2024-04-24T12:05:42,999  INFO [TThreadPoolServer WorkerProcess-%d] HiveMetaStore.audit: ugi=alex	ip=127.0.0.1	cmd=source:127.0.0.1 get_table : tbl=hive.myDb.myTable	
2024-04-24T12:05:43,008  INFO [TThreadPoolServer WorkerProcess-%d] metastore.HMSHandler: Skipping translation for processor with null
2024-04-24T12:05:43,036  INFO [TThreadPoolServer WorkerProcess-%d] HiveMetaStore.audit: ugi=alex	ip=127.0.0.1	cmd=source:127.0.0.1 get_partitions : tbl=hive.myDb.myTable	
2024-04-24T12:05:43,071  INFO [TThreadPoolServer WorkerProcess-%d] HiveMetaStore.audit: ugi=alex	ip=127.0.0.1	cmd=source:127.0.0.1 get_database: myDb	
2024-04-24T12:05:43,074  INFO [TThreadPoolServer WorkerProcess-%d] HiveMetaStore.audit: ugi=alex	ip=127.0.0.1	cmd=source:127.0.0.1 get_tables_by_type: db=@hive#myDb pat=.*,type=MATERIALIZED_VIEW	
2024-04-24T12:05:43,074  INFO [TThreadPoolServer WorkerProcess-%d] HiveMetaStore.audit: ugi=alex	ip=127.0.0.1	cmd=source:127.0.0.1 getTablesByTypeCore: catName=hive: db=myDb pat=.*,type=MATERIALIZED_VIEW	
2024-04-24T12:05:43,080  INFO [TThreadPoolServer WorkerProcess-%d] HiveMetaStore.audit: ugi=alex	ip=127.0.0.1	cmd=source:127.0.0.1 get_all_tables: db=@hive#myDb	
2024-04-24T12:05:43,085  INFO [TThreadPoolServer WorkerProcess-%d] HiveMetaStore.audit: ugi=alex	ip=127.0.0.1	cmd=source:127.0.0.1 get_multi_table : db=myDb tbls=mytable	
2024-04-24T12:05:43,091  INFO [TThreadPoolServer WorkerProcess-%d] HiveMetaStore.audit: ugi=alex	ip=127.0.0.1	cmd=source:127.0.0.1 drop_database: @hive#myDb	
2024-04-24T12:05:43,093  INFO [TThreadPoolServer WorkerProcess-%d] HiveMetaStore.audit: ugi=alex	ip=127.0.0.1	cmd=source:127.0.0.1 get_all_tables: db=@hive#myDb	
2024-04-24T12:05:43,094  INFO [TThreadPoolServer WorkerProcess-%d] HiveMetaStore.audit: ugi=alex	ip=127.0.0.1	cmd=source:127.0.0.1 get_functions: db=@hive#myDb pat=*	
2024-04-24T12:05:43,099  INFO [TThreadPoolServer WorkerProcess-%d] HiveMetaStore.audit: ugi=alex	ip=127.0.0.1	cmd=source:127.0.0.1 get_all_stored_procedures	
2024-04-24T12:05:43,103  INFO [TThreadPoolServer WorkerProcess-%d] HiveMetaStore.audit: ugi=alex	ip=127.0.0.1	cmd=source:127.0.0.1 get_all_packages	
2024-04-24T12:05:43,108  INFO [TThreadPoolServer WorkerProcess-%d] HiveMetaStore.audit: ugi=alex	ip=127.0.0.1	cmd=source:127.0.0.1 getTablesByTypeCore: catName=hive: db=myDb pat=.*,type=MATERIALIZED_VIEW	
2024-04-24T12:05:43,112  INFO [TThreadPoolServer WorkerProcess-%d] metastore.ObjectStore: Dropping database hive.myDb along with all tables
2024-04-24T12:05:43,140 ERROR [TThreadPoolServer WorkerProcess-%d] metastore.RetryingHMSHandler: Retrying HMSHandler after 2000 ms (attempt 1 of 10) with error: javax.jdo.JDODataStoreException: Exception thrown flushing changes to datastore
	at org.datanucleus.api.jdo.NucleusJDOHelper.getJDOExceptionForNucleusException(NucleusJDOHelper.java:542)
	at org.datanucleus.api.jdo.JDOPersistenceManager.flush(JDOPersistenceManager.java:2081)
	at org.apache.hadoop.hive.metastore.ObjectStore.addNotificationEvent(ObjectStore.java:11639)
	at sun.reflect.GeneratedMethodAccessor68.invoke(Unknown Source)
	at sun.reflect.DelegatingMethodAccessorImpl.invoke(DelegatingMethodAccessorImpl.java:43)
	at java.lang.reflect.Method.invoke(Method.java:498)
	at org.apache.hadoop.hive.metastore.RawStoreProxy.invoke(RawStoreProxy.java:97)
	at com.sun.proxy.$Proxy32.addNotificationEvent(Unknown Source)
	at org.apache.hive.hcatalog.listener.DbNotificationListener.process(DbNotificationListener.java:1403)
	at org.apache.hive.hcatalog.listener.DbNotificationListener.onDropDatabase(DbNotificationListener.java:513)
	at org.apache.hadoop.hive.metastore.MetaStoreListenerNotifier$26.notify(MetaStoreListenerNotifier.java:99)
	at org.apache.hadoop.hive.metastore.MetaStoreListenerNotifier.notifyEvent(MetaStoreListenerNotifier.java:339)
	at org.apache.hadoop.hive.metastore.HMSHandler.drop_database_core(HMSHandler.java:1785)
	at org.apache.hadoop.hive.metastore.HMSHandler.drop_database(HMSHandler.java:1869)
	at sun.reflect.NativeMethodAccessorImpl.invoke0(Native Method)
	at sun.reflect.NativeMethodAccessorImpl.invoke(NativeMethodAccessorImpl.java:62)
	at sun.reflect.DelegatingMethodAccessorImpl.invoke(DelegatingMethodAccessorImpl.java:43)
	at java.lang.reflect.Method.invoke(Method.java:498)
	at org.apache.hadoop.hive.metastore.RetryingHMSHandler.invokeInternal(RetryingHMSHandler.java:147)
	at org.apache.hadoop.hive.metastore.RetryingHMSHandler.invoke(RetryingHMSHandler.java:108)
	at com.sun.proxy.$Proxy34.drop_database(Unknown Source)
	at org.apache.hadoop.hive.metastore.api.ThriftHiveMetastore$Processor$drop_database.getResult(ThriftHiveMetastore.java:18285)
	at org.apache.hadoop.hive.metastore.api.ThriftHiveMetastore$Processor$drop_database.getResult(ThriftHiveMetastore.java:18264)
	at org.apache.thrift.ProcessFunction.process(ProcessFunction.java:38)
	at org.apache.hadoop.hive.metastore.TUGIBasedProcessor$1.run(TUGIBasedProcessor.java:111)
	at org.apache.hadoop.hive.metastore.TUGIBasedProcessor$1.run(TUGIBasedProcessor.java:107)
	at java.security.AccessController.doPrivileged(Native Method)
	at javax.security.auth.Subject.doAs(Subject.java:422)
	at org.apache.hadoop.security.UserGroupInformation.doAs(UserGroupInformation.java:1682)
	at org.apache.hadoop.hive.metastore.TUGIBasedProcessor.process(TUGIBasedProcessor.java:119)
	at org.apache.thrift.server.TThreadPoolServer$WorkerProcess.run(TThreadPoolServer.java:248)
	at java.util.concurrent.ThreadPoolExecutor.runWorker(ThreadPoolExecutor.java:1149)
	at java.util.concurrent.ThreadPoolExecutor$Worker.run(ThreadPoolExecutor.java:624)
	at java.lang.Thread.run(Thread.java:750)
NestedThrowablesStackTrace:
java.sql.BatchUpdateException: DELETE on table 'DBS' caused a violation of foreign key constraint 'TBLS_FK1' for key (4).  The statement has been rolled back.
	at org.apache.derby.impl.jdbc.EmbedStatement.executeLargeBatch(Unknown Source)
	at org.apache.derby.impl.jdbc.EmbedStatement.executeBatch(Unknown Source)
	at com.zaxxer.hikari.pool.ProxyStatement.executeBatch(ProxyStatement.java:128)
	at com.zaxxer.hikari.pool.HikariProxyPreparedStatement.executeBatch(HikariProxyPreparedStatement.java)
	at org.datanucleus.store.rdbms.ParamLoggingPreparedStatement.executeBatch(ParamLoggingPreparedStatement.java:366)
	at org.datanucleus.store.rdbms.SQLController.processConnectionStatement(SQLController.java:675)
	at org.datanucleus.store.rdbms.SQLController.processStatementsForConnection(SQLController.java:643)
	at org.datanucleus.store.rdbms.SQLController$1.transactionFlushed(SQLController.java:729)
	at org.datanucleus.store.connection.AbstractManagedConnection.transactionFlushed(AbstractManagedConnection.java:95)
	at org.datanucleus.store.connection.ConnectionManagerImpl$2.transactionFlushed(ConnectionManagerImpl.java:528)
	at org.datanucleus.TransactionImpl.flush(TransactionImpl.java:222)
	at org.datanucleus.ExecutionContextImpl.flushInternal(ExecutionContextImpl.java:4068)
	at org.datanucleus.ExecutionContextThreadedImpl.flushInternal(ExecutionContextThreadedImpl.java:448)
	at org.datanucleus.ExecutionContextImpl.flush(ExecutionContextImpl.java:4009)
	at org.datanucleus.ExecutionContextThreadedImpl.flush(ExecutionContextThreadedImpl.java:434)
	at org.datanucleus.api.jdo.JDOPersistenceManager.flush(JDOPersistenceManager.java:2064)
	at org.apache.hadoop.hive.metastore.ObjectStore.addNotificationEvent(ObjectStore.java:11639)
	at sun.reflect.GeneratedMethodAccessor68.invoke(Unknown Source)
	at sun.reflect.DelegatingMethodAccessorImpl.invoke(DelegatingMethodAccessorImpl.java:43)
	at java.lang.reflect.Method.invoke(Method.java:498)
	at org.apache.hadoop.hive.metastore.RawStoreProxy.invoke(RawStoreProxy.java:97)
	at com.sun.proxy.$Proxy32.addNotificationEvent(Unknown Source)
	at org.apache.hive.hcatalog.listener.DbNotificationListener.process(DbNotificationListener.java:1403)
	at org.apache.hive.hcatalog.listener.DbNotificationListener.onDropDatabase(DbNotificationListener.java:513)
	at org.apache.hadoop.hive.metastore.MetaStoreListenerNotifier$26.notify(MetaStoreListenerNotifier.java:99)
	at org.apache.hadoop.hive.metastore.MetaStoreListenerNotifier.notifyEvent(MetaStoreListenerNotifier.java:339)
	at org.apache.hadoop.hive.metastore.HMSHandler.drop_database_core(HMSHandler.java:1785)
	at org.apache.hadoop.hive.metastore.HMSHandler.drop_database(HMSHandler.java:1869)
	at sun.reflect.NativeMethodAccessorImpl.invoke0(Native Method)
	at sun.reflect.NativeMethodAccessorImpl.invoke(NativeMethodAccessorImpl.java:62)
	at sun.reflect.DelegatingMethodAccessorImpl.invoke(DelegatingMethodAccessorImpl.java:43)
	at java.lang.reflect.Method.invoke(Method.java:498)
	at org.apache.hadoop.hive.metastore.RetryingHMSHandler.invokeInternal(RetryingHMSHandler.java:147)
	at org.apache.hadoop.hive.metastore.RetryingHMSHandler.invoke(RetryingHMSHandler.java:108)
	at com.sun.proxy.$Proxy34.drop_database(Unknown Source)
	at org.apache.hadoop.hive.metastore.api.ThriftHiveMetastore$Processor$drop_database.getResult(ThriftHiveMetastore.java:18285)
	at org.apache.hadoop.hive.metastore.api.ThriftHiveMetastore$Processor$drop_database.getResult(ThriftHiveMetastore.java:18264)
	at org.apache.thrift.ProcessFunction.process(ProcessFunction.java:38)
	at org.apache.hadoop.hive.metastore.TUGIBasedProcessor$1.run(TUGIBasedProcessor.java:111)
	at org.apache.hadoop.hive.metastore.TUGIBasedProcessor$1.run(TUGIBasedProcessor.java:107)
	at java.security.AccessController.doPrivileged(Native Method)
	at javax.security.auth.Subject.doAs(Subject.java:422)
	at org.apache.hadoop.security.UserGroupInformation.doAs(UserGroupInformation.java:1682)
	at org.apache.hadoop.hive.metastore.TUGIBasedProcessor.process(TUGIBasedProcessor.java:119)
	at org.apache.thrift.server.TThreadPoolServer$WorkerProcess.run(TThreadPoolServer.java:248)
	at java.util.concurrent.ThreadPoolExecutor.runWorker(ThreadPoolExecutor.java:1149)
	at java.util.concurrent.ThreadPoolExecutor$Worker.run(ThreadPoolExecutor.java:624)
	at java.lang.Thread.run(Thread.java:750)
Caused by: org.apache.derby.shared.common.error.DerbySQLIntegrityConstraintViolationException: DELETE on table 'DBS' caused a violation of foreign key constraint 'TBLS_FK1' for key (4).  The statement has been rolled back.
	at org.apache.derby.impl.jdbc.SQLExceptionFactory.getSQLException(Unknown Source)
	at org.apache.derby.impl.jdbc.Util.generateCsSQLException(Unknown Source)
	at org.apache.derby.impl.jdbc.TransactionResourceImpl.wrapInSQLException(Unknown Source)
	at org.apache.derby.impl.jdbc.TransactionResourceImpl.handleException(Unknown Source)
	at org.apache.derby.impl.jdbc.EmbedConnection.handleException(Unknown Source)
	at org.apache.derby.impl.jdbc.ConnectionChild.handleException(Unknown Source)
	at org.apache.derby.impl.jdbc.EmbedStatement.executeStatement(Unknown Source)
	at org.apache.derby.impl.jdbc.EmbedPreparedStatement.executeBatchElement(Unknown Source)
	... 48 more
Caused by: ERROR 23503: DELETE on table 'DBS' caused a violation of foreign key constraint 'TBLS_FK1' for key (4).  The statement has been rolled back.
	at org.apache.derby.iapi.error.StandardException.newException(Unknown Source)
	at org.apache.derby.iapi.error.StandardException.newException(Unknown Source)
	at org.apache.derby.impl.sql.execute.ReferencedKeyRIChecker.doCheck(Unknown Source)
	at org.apache.derby.impl.sql.execute.RISetChecker.doPKCheck(Unknown Source)
	at org.apache.derby.impl.sql.execute.DeleteResultSet.collectAffectedRows(Unknown Source)
	at org.apache.derby.impl.sql.execute.DeleteResultSet.open(Unknown Source)
	at org.apache.derby.impl.sql.GenericPreparedStatement.executeStmt(Unknown Source)
	at org.apache.derby.impl.sql.GenericPreparedStatement.execute(Unknown Source)
	... 50 more

2024-04-24T12:05:45,142  INFO [TThreadPoolServer WorkerProcess-%d] HiveMetaStore.audit: ugi=alex	ip=127.0.0.1	cmd=source:127.0.0.1 drop_database: @hive#myDb	
2024-04-24T12:05:45,146  INFO [TThreadPoolServer WorkerProcess-%d] HiveMetaStore.audit: ugi=alex	ip=127.0.0.1	cmd=source:127.0.0.1 get_all_tables: db=@hive#myDb	
2024-04-24T12:05:45,146  INFO [TThreadPoolServer WorkerProcess-%d] HiveMetaStore.audit: ugi=alex	ip=127.0.0.1	cmd=source:127.0.0.1 get_functions: db=@hive#myDb pat=*	
2024-04-24T12:05:45,149  INFO [TThreadPoolServer WorkerProcess-%d] HiveMetaStore.audit: ugi=alex	ip=127.0.0.1	cmd=source:127.0.0.1 get_all_stored_procedures	
2024-04-24T12:05:45,150  INFO [TThreadPoolServer WorkerProcess-%d] HiveMetaStore.audit: ugi=alex	ip=127.0.0.1	cmd=source:127.0.0.1 get_all_packages	
2024-04-24T12:05:45,151  INFO [TThreadPoolServer WorkerProcess-%d] HiveMetaStore.audit: ugi=alex	ip=127.0.0.1	cmd=source:127.0.0.1 getTablesByTypeCore: catName=hive: db=myDb pat=.*,type=MATERIALIZED_VIEW	
2024-04-24T12:05:45,155  INFO [TThreadPoolServer WorkerProcess-%d] metastore.ObjectStore: Dropping database hive.myDb along with all tables
2024-04-24T12:05:45,160 ERROR [TThreadPoolServer WorkerProcess-%d] metastore.RetryingHMSHandler: Retrying HMSHandler after 2000 ms (attempt 2 of 10) with error: javax.jdo.JDODataStoreException: Exception thrown flushing changes to datastore
	at org.datanucleus.api.jdo.NucleusJDOHelper.getJDOExceptionForNucleusException(NucleusJDOHelper.java:542)
	at org.datanucleus.api.jdo.JDOPersistenceManager.flush(JDOPersistenceManager.java:2081)
	at org.apache.hadoop.hive.metastore.ObjectStore.addNotificationEvent(ObjectStore.java:11639)
	at sun.reflect.GeneratedMethodAccessor68.invoke(Unknown Source)
	at sun.reflect.DelegatingMethodAccessorImpl.invoke(DelegatingMethodAccessorImpl.java:43)
	at java.lang.reflect.Method.invoke(Method.java:498)
	at org.apache.hadoop.hive.metastore.RawStoreProxy.invoke(RawStoreProxy.java:97)
	at com.sun.proxy.$Proxy32.addNotificationEvent(Unknown Source)
	at org.apache.hive.hcatalog.listener.DbNotificationListener.process(DbNotificationListener.java:1403)
	at org.apache.hive.hcatalog.listener.DbNotificationListener.onDropDatabase(DbNotificationListener.java:513)
	at org.apache.hadoop.hive.metastore.MetaStoreListenerNotifier$26.notify(MetaStoreListenerNotifier.java:99)
	at org.apache.hadoop.hive.metastore.MetaStoreListenerNotifier.notifyEvent(MetaStoreListenerNotifier.java:339)
	at org.apache.hadoop.hive.metastore.HMSHandler.drop_database_core(HMSHandler.java:1785)
	at org.apache.hadoop.hive.metastore.HMSHandler.drop_database(HMSHandler.java:1869)
	at sun.reflect.NativeMethodAccessorImpl.invoke0(Native Method)
	at sun.reflect.NativeMethodAccessorImpl.invoke(NativeMethodAccessorImpl.java:62)
	at sun.reflect.DelegatingMethodAccessorImpl.invoke(DelegatingMethodAccessorImpl.java:43)
	at java.lang.reflect.Method.invoke(Method.java:498)
	at org.apache.hadoop.hive.metastore.RetryingHMSHandler.invokeInternal(RetryingHMSHandler.java:147)
	at org.apache.hadoop.hive.metastore.RetryingHMSHandler.invoke(RetryingHMSHandler.java:108)
	at com.sun.proxy.$Proxy34.drop_database(Unknown Source)
	at org.apache.hadoop.hive.metastore.api.ThriftHiveMetastore$Processor$drop_database.getResult(ThriftHiveMetastore.java:18285)
	at org.apache.hadoop.hive.metastore.api.ThriftHiveMetastore$Processor$drop_database.getResult(ThriftHiveMetastore.java:18264)
	at org.apache.thrift.ProcessFunction.process(ProcessFunction.java:38)
	at org.apache.hadoop.hive.metastore.TUGIBasedProcessor$1.run(TUGIBasedProcessor.java:111)
	at org.apache.hadoop.hive.metastore.TUGIBasedProcessor$1.run(TUGIBasedProcessor.java:107)
	at java.security.AccessController.doPrivileged(Native Method)
	at javax.security.auth.Subject.doAs(Subject.java:422)
	at org.apache.hadoop.security.UserGroupInformation.doAs(UserGroupInformation.java:1682)
	at org.apache.hadoop.hive.metastore.TUGIBasedProcessor.process(TUGIBasedProcessor.java:119)
	at org.apache.thrift.server.TThreadPoolServer$WorkerProcess.run(TThreadPoolServer.java:248)
	at java.util.concurrent.ThreadPoolExecutor.runWorker(ThreadPoolExecutor.java:1149)
	at java.util.concurrent.ThreadPoolExecutor$Worker.run(ThreadPoolExecutor.java:624)
	at java.lang.Thread.run(Thread.java:750)
NestedThrowablesStackTrace:
java.sql.BatchUpdateException: DELETE on table 'DBS' caused a violation of foreign key constraint 'TBLS_FK1' for key (4).  The statement has been rolled back.
	at org.apache.derby.impl.jdbc.EmbedStatement.executeLargeBatch(Unknown Source)
	at org.apache.derby.impl.jdbc.EmbedStatement.executeBatch(Unknown Source)
	at com.zaxxer.hikari.pool.ProxyStatement.executeBatch(ProxyStatement.java:128)
	at com.zaxxer.hikari.pool.HikariProxyPreparedStatement.executeBatch(HikariProxyPreparedStatement.java)
	at org.datanucleus.store.rdbms.ParamLoggingPreparedStatement.executeBatch(ParamLoggingPreparedStatement.java:366)
	at org.datanucleus.store.rdbms.SQLController.processConnectionStatement(SQLController.java:675)
	at org.datanucleus.store.rdbms.SQLController.processStatementsForConnection(SQLController.java:643)
	at org.datanucleus.store.rdbms.SQLController$1.transactionFlushed(SQLController.java:729)
	at org.datanucleus.store.connection.AbstractManagedConnection.transactionFlushed(AbstractManagedConnection.java:95)
	at org.datanucleus.store.connection.ConnectionManagerImpl$2.transactionFlushed(ConnectionManagerImpl.java:528)
	at org.datanucleus.TransactionImpl.flush(TransactionImpl.java:222)
	at org.datanucleus.ExecutionContextImpl.flushInternal(ExecutionContextImpl.java:4068)
	at org.datanucleus.ExecutionContextThreadedImpl.flushInternal(ExecutionContextThreadedImpl.java:448)
	at org.datanucleus.ExecutionContextImpl.flush(ExecutionContextImpl.java:4009)
	at org.datanucleus.ExecutionContextThreadedImpl.flush(ExecutionContextThreadedImpl.java:434)
	at org.datanucleus.api.jdo.JDOPersistenceManager.flush(JDOPersistenceManager.java:2064)
	at org.apache.hadoop.hive.metastore.ObjectStore.addNotificationEvent(ObjectStore.java:11639)
	at sun.reflect.GeneratedMethodAccessor68.invoke(Unknown Source)
	at sun.reflect.DelegatingMethodAccessorImpl.invoke(DelegatingMethodAccessorImpl.java:43)
	at java.lang.reflect.Method.invoke(Method.java:498)
	at org.apache.hadoop.hive.metastore.RawStoreProxy.invoke(RawStoreProxy.java:97)
	at com.sun.proxy.$Proxy32.addNotificationEvent(Unknown Source)
	at org.apache.hive.hcatalog.listener.DbNotificationListener.process(DbNotificationListener.java:1403)
	at org.apache.hive.hcatalog.listener.DbNotificationListener.onDropDatabase(DbNotificationListener.java:513)
	at org.apache.hadoop.hive.metastore.MetaStoreListenerNotifier$26.notify(MetaStoreListenerNotifier.java:99)
	at org.apache.hadoop.hive.metastore.MetaStoreListenerNotifier.notifyEvent(MetaStoreListenerNotifier.java:339)
	at org.apache.hadoop.hive.metastore.HMSHandler.drop_database_core(HMSHandler.java:1785)
	at org.apache.hadoop.hive.metastore.HMSHandler.drop_database(HMSHandler.java:1869)
	at sun.reflect.NativeMethodAccessorImpl.invoke0(Native Method)
	at sun.reflect.NativeMethodAccessorImpl.invoke(NativeMethodAccessorImpl.java:62)
	at sun.reflect.DelegatingMethodAccessorImpl.invoke(DelegatingMethodAccessorImpl.java:43)
	at java.lang.reflect.Method.invoke(Method.java:498)
	at org.apache.hadoop.hive.metastore.RetryingHMSHandler.invokeInternal(RetryingHMSHandler.java:147)
	at org.apache.hadoop.hive.metastore.RetryingHMSHandler.invoke(RetryingHMSHandler.java:108)
	at com.sun.proxy.$Proxy34.drop_database(Unknown Source)
	at org.apache.hadoop.hive.metastore.api.ThriftHiveMetastore$Processor$drop_database.getResult(ThriftHiveMetastore.java:18285)
	at org.apache.hadoop.hive.metastore.api.ThriftHiveMetastore$Processor$drop_database.getResult(ThriftHiveMetastore.java:18264)
	at org.apache.thrift.ProcessFunction.process(ProcessFunction.java:38)
	at org.apache.hadoop.hive.metastore.TUGIBasedProcessor$1.run(TUGIBasedProcessor.java:111)
	at org.apache.hadoop.hive.metastore.TUGIBasedProcessor$1.run(TUGIBasedProcessor.java:107)
	at java.security.AccessController.doPrivileged(Native Method)
	at javax.security.auth.Subject.doAs(Subject.java:422)
	at org.apache.hadoop.security.UserGroupInformation.doAs(UserGroupInformation.java:1682)
	at org.apache.hadoop.hive.metastore.TUGIBasedProcessor.process(TUGIBasedProcessor.java:119)
	at org.apache.thrift.server.TThreadPoolServer$WorkerProcess.run(TThreadPoolServer.java:248)
	at java.util.concurrent.ThreadPoolExecutor.runWorker(ThreadPoolExecutor.java:1149)
	at java.util.concurrent.ThreadPoolExecutor$Worker.run(ThreadPoolExecutor.java:624)
	at java.lang.Thread.run(Thread.java:750)
Caused by: org.apache.derby.shared.common.error.DerbySQLIntegrityConstraintViolationException: DELETE on table 'DBS' caused a violation of foreign key constraint 'TBLS_FK1' for key (4).  The statement has been rolled back.
	at org.apache.derby.impl.jdbc.SQLExceptionFactory.getSQLException(Unknown Source)
	at org.apache.derby.impl.jdbc.Util.generateCsSQLException(Unknown Source)
	at org.apache.derby.impl.jdbc.TransactionResourceImpl.wrapInSQLException(Unknown Source)
	at org.apache.derby.impl.jdbc.TransactionResourceImpl.handleException(Unknown Source)
	at org.apache.derby.impl.jdbc.EmbedConnection.handleException(Unknown Source)
	at org.apache.derby.impl.jdbc.ConnectionChild.handleException(Unknown Source)
	at org.apache.derby.impl.jdbc.EmbedStatement.executeStatement(Unknown Source)
	at org.apache.derby.impl.jdbc.EmbedPreparedStatement.executeBatchElement(Unknown Source)
	... 48 more
Caused by: ERROR 23503: DELETE on table 'DBS' caused a violation of foreign key constraint 'TBLS_FK1' for key (4).  The statement has been rolled back.
	at org.apache.derby.iapi.error.StandardException.newException(Unknown Source)
	at org.apache.derby.iapi.error.StandardException.newException(Unknown Source)
	at org.apache.derby.impl.sql.execute.ReferencedKeyRIChecker.doCheck(Unknown Source)
	at org.apache.derby.impl.sql.execute.RISetChecker.doPKCheck(Unknown Source)
	at org.apache.derby.impl.sql.execute.DeleteResultSet.collectAffectedRows(Unknown Source)
	at org.apache.derby.impl.sql.execute.DeleteResultSet.open(Unknown Source)
	at org.apache.derby.impl.sql.GenericPreparedStatement.executeStmt(Unknown Source)
	at org.apache.derby.impl.sql.GenericPreparedStatement.execute(Unknown Source)
	... 50 more

2024-04-24T12:05:47,161  INFO [TThreadPoolServer WorkerProcess-%d] HiveMetaStore.audit: ugi=alex	ip=127.0.0.1	cmd=source:127.0.0.1 drop_database: @hive#myDb	
2024-04-24T12:05:47,167  INFO [TThreadPoolServer WorkerProcess-%d] HiveMetaStore.audit: ugi=alex	ip=127.0.0.1	cmd=source:127.0.0.1 get_all_tables: db=@hive#myDb	
2024-04-24T12:05:47,170  INFO [TThreadPoolServer WorkerProcess-%d] HiveMetaStore.audit: ugi=alex	ip=127.0.0.1	cmd=source:127.0.0.1 get_functions: db=@hive#myDb pat=*	
2024-04-24T12:05:47,173  INFO [TThreadPoolServer WorkerProcess-%d] HiveMetaStore.audit: ugi=alex	ip=127.0.0.1	cmd=source:127.0.0.1 get_all_stored_procedures	
2024-04-24T12:05:47,174  INFO [TThreadPoolServer WorkerProcess-%d] HiveMetaStore.audit: ugi=alex	ip=127.0.0.1	cmd=source:127.0.0.1 get_all_packages	
2024-04-24T12:05:47,176  INFO [TThreadPoolServer WorkerProcess-%d] HiveMetaStore.audit: ugi=alex	ip=127.0.0.1	cmd=source:127.0.0.1 getTablesByTypeCore: catName=hive: db=myDb pat=.*,type=MATERIALIZED_VIEW	
2024-04-24T12:05:47,180  INFO [TThreadPoolServer WorkerProcess-%d] metastore.ObjectStore: Dropping database hive.myDb along with all tables
2024-04-24T12:05:47,184 ERROR [TThreadPoolServer WorkerProcess-%d] metastore.RetryingHMSHandler: Retrying HMSHandler after 2000 ms (attempt 3 of 10) with error: javax.jdo.JDODataStoreException: Exception thrown flushing changes to datastore
	at org.datanucleus.api.jdo.NucleusJDOHelper.getJDOExceptionForNucleusException(NucleusJDOHelper.java:542)
	at org.datanucleus.api.jdo.JDOPersistenceManager.flush(JDOPersistenceManager.java:2081)
	at org.apache.hadoop.hive.metastore.ObjectStore.addNotificationEvent(ObjectStore.java:11639)
	at sun.reflect.GeneratedMethodAccessor68.invoke(Unknown Source)
	at sun.reflect.DelegatingMethodAccessorImpl.invoke(DelegatingMethodAccessorImpl.java:43)
	at java.lang.reflect.Method.invoke(Method.java:498)
	at org.apache.hadoop.hive.metastore.RawStoreProxy.invoke(RawStoreProxy.java:97)
	at com.sun.proxy.$Proxy32.addNotificationEvent(Unknown Source)
	at org.apache.hive.hcatalog.listener.DbNotificationListener.process(DbNotificationListener.java:1403)
	at org.apache.hive.hcatalog.listener.DbNotificationListener.onDropDatabase(DbNotificationListener.java:513)
	at org.apache.hadoop.hive.metastore.MetaStoreListenerNotifier$26.notify(MetaStoreListenerNotifier.java:99)
	at org.apache.hadoop.hive.metastore.MetaStoreListenerNotifier.notifyEvent(MetaStoreListenerNotifier.java:339)
	at org.apache.hadoop.hive.metastore.HMSHandler.drop_database_core(HMSHandler.java:1785)
	at org.apache.hadoop.hive.metastore.HMSHandler.drop_database(HMSHandler.java:1869)
	at sun.reflect.NativeMethodAccessorImpl.invoke0(Native Method)
	at sun.reflect.NativeMethodAccessorImpl.invoke(NativeMethodAccessorImpl.java:62)
	at sun.reflect.DelegatingMethodAccessorImpl.invoke(DelegatingMethodAccessorImpl.java:43)
	at java.lang.reflect.Method.invoke(Method.java:498)
	at org.apache.hadoop.hive.metastore.RetryingHMSHandler.invokeInternal(RetryingHMSHandler.java:147)
	at org.apache.hadoop.hive.metastore.RetryingHMSHandler.invoke(RetryingHMSHandler.java:108)
	at com.sun.proxy.$Proxy34.drop_database(Unknown Source)
	at org.apache.hadoop.hive.metastore.api.ThriftHiveMetastore$Processor$drop_database.getResult(ThriftHiveMetastore.java:18285)
	at org.apache.hadoop.hive.metastore.api.ThriftHiveMetastore$Processor$drop_database.getResult(ThriftHiveMetastore.java:18264)
	at org.apache.thrift.ProcessFunction.process(ProcessFunction.java:38)
	at org.apache.hadoop.hive.metastore.TUGIBasedProcessor$1.run(TUGIBasedProcessor.java:111)
	at org.apache.hadoop.hive.metastore.TUGIBasedProcessor$1.run(TUGIBasedProcessor.java:107)
	at java.security.AccessController.doPrivileged(Native Method)
	at javax.security.auth.Subject.doAs(Subject.java:422)
	at org.apache.hadoop.security.UserGroupInformation.doAs(UserGroupInformation.java:1682)
	at org.apache.hadoop.hive.metastore.TUGIBasedProcessor.process(TUGIBasedProcessor.java:119)
	at org.apache.thrift.server.TThreadPoolServer$WorkerProcess.run(TThreadPoolServer.java:248)
	at java.util.concurrent.ThreadPoolExecutor.runWorker(ThreadPoolExecutor.java:1149)
	at java.util.concurrent.ThreadPoolExecutor$Worker.run(ThreadPoolExecutor.java:624)
	at java.lang.Thread.run(Thread.java:750)
NestedThrowablesStackTrace:
java.sql.BatchUpdateException: DELETE on table 'DBS' caused a violation of foreign key constraint 'TBLS_FK1' for key (4).  The statement has been rolled back.
	at org.apache.derby.impl.jdbc.EmbedStatement.executeLargeBatch(Unknown Source)
	at org.apache.derby.impl.jdbc.EmbedStatement.executeBatch(Unknown Source)
	at com.zaxxer.hikari.pool.ProxyStatement.executeBatch(ProxyStatement.java:128)
	at com.zaxxer.hikari.pool.HikariProxyPreparedStatement.executeBatch(HikariProxyPreparedStatement.java)
	at org.datanucleus.store.rdbms.ParamLoggingPreparedStatement.executeBatch(ParamLoggingPreparedStatement.java:366)
	at org.datanucleus.store.rdbms.SQLController.processConnectionStatement(SQLController.java:675)
	at org.datanucleus.store.rdbms.SQLController.processStatementsForConnection(SQLController.java:643)
	at org.datanucleus.store.rdbms.SQLController$1.transactionFlushed(SQLController.java:729)
	at org.datanucleus.store.connection.AbstractManagedConnection.transactionFlushed(AbstractManagedConnection.java:95)
	at org.datanucleus.store.connection.ConnectionManagerImpl$2.transactionFlushed(ConnectionManagerImpl.java:528)
	at org.datanucleus.TransactionImpl.flush(TransactionImpl.java:222)
	at org.datanucleus.ExecutionContextImpl.flushInternal(ExecutionContextImpl.java:4068)
	at org.datanucleus.ExecutionContextThreadedImpl.flushInternal(ExecutionContextThreadedImpl.java:448)
	at org.datanucleus.ExecutionContextImpl.flush(ExecutionContextImpl.java:4009)
	at org.datanucleus.ExecutionContextThreadedImpl.flush(ExecutionContextThreadedImpl.java:434)
	at org.datanucleus.api.jdo.JDOPersistenceManager.flush(JDOPersistenceManager.java:2064)
	at org.apache.hadoop.hive.metastore.ObjectStore.addNotificationEvent(ObjectStore.java:11639)
	at sun.reflect.GeneratedMethodAccessor68.invoke(Unknown Source)
	at sun.reflect.DelegatingMethodAccessorImpl.invoke(DelegatingMethodAccessorImpl.java:43)
	at java.lang.reflect.Method.invoke(Method.java:498)
	at org.apache.hadoop.hive.metastore.RawStoreProxy.invoke(RawStoreProxy.java:97)
	at com.sun.proxy.$Proxy32.addNotificationEvent(Unknown Source)
	at org.apache.hive.hcatalog.listener.DbNotificationListener.process(DbNotificationListener.java:1403)
	at org.apache.hive.hcatalog.listener.DbNotificationListener.onDropDatabase(DbNotificationListener.java:513)
	at org.apache.hadoop.hive.metastore.MetaStoreListenerNotifier$26.notify(MetaStoreListenerNotifier.java:99)
	at org.apache.hadoop.hive.metastore.MetaStoreListenerNotifier.notifyEvent(MetaStoreListenerNotifier.java:339)
	at org.apache.hadoop.hive.metastore.HMSHandler.drop_database_core(HMSHandler.java:1785)
	at org.apache.hadoop.hive.metastore.HMSHandler.drop_database(HMSHandler.java:1869)
	at sun.reflect.NativeMethodAccessorImpl.invoke0(Native Method)
	at sun.reflect.NativeMethodAccessorImpl.invoke(NativeMethodAccessorImpl.java:62)
	at sun.reflect.DelegatingMethodAccessorImpl.invoke(DelegatingMethodAccessorImpl.java:43)
	at java.lang.reflect.Method.invoke(Method.java:498)
	at org.apache.hadoop.hive.metastore.RetryingHMSHandler.invokeInternal(RetryingHMSHandler.java:147)
	at org.apache.hadoop.hive.metastore.RetryingHMSHandler.invoke(RetryingHMSHandler.java:108)
	at com.sun.proxy.$Proxy34.drop_database(Unknown Source)
	at org.apache.hadoop.hive.metastore.api.ThriftHiveMetastore$Processor$drop_database.getResult(ThriftHiveMetastore.java:18285)
	at org.apache.hadoop.hive.metastore.api.ThriftHiveMetastore$Processor$drop_database.getResult(ThriftHiveMetastore.java:18264)
	at org.apache.thrift.ProcessFunction.process(ProcessFunction.java:38)
	at org.apache.hadoop.hive.metastore.TUGIBasedProcessor$1.run(TUGIBasedProcessor.java:111)
	at org.apache.hadoop.hive.metastore.TUGIBasedProcessor$1.run(TUGIBasedProcessor.java:107)
	at java.security.AccessController.doPrivileged(Native Method)
	at javax.security.auth.Subject.doAs(Subject.java:422)
	at org.apache.hadoop.security.UserGroupInformation.doAs(UserGroupInformation.java:1682)
	at org.apache.hadoop.hive.metastore.TUGIBasedProcessor.process(TUGIBasedProcessor.java:119)
	at org.apache.thrift.server.TThreadPoolServer$WorkerProcess.run(TThreadPoolServer.java:248)
	at java.util.concurrent.ThreadPoolExecutor.runWorker(ThreadPoolExecutor.java:1149)
	at java.util.concurrent.ThreadPoolExecutor$Worker.run(ThreadPoolExecutor.java:624)
	at java.lang.Thread.run(Thread.java:750)
Caused by: org.apache.derby.shared.common.error.DerbySQLIntegrityConstraintViolationException: DELETE on table 'DBS' caused a violation of foreign key constraint 'TBLS_FK1' for key (4).  The statement has been rolled back.
	at org.apache.derby.impl.jdbc.SQLExceptionFactory.getSQLException(Unknown Source)
	at org.apache.derby.impl.jdbc.Util.generateCsSQLException(Unknown Source)
	at org.apache.derby.impl.jdbc.TransactionResourceImpl.wrapInSQLException(Unknown Source)
	at org.apache.derby.impl.jdbc.TransactionResourceImpl.handleException(Unknown Source)
	at org.apache.derby.impl.jdbc.EmbedConnection.handleException(Unknown Source)
	at org.apache.derby.impl.jdbc.ConnectionChild.handleException(Unknown Source)
	at org.apache.derby.impl.jdbc.EmbedStatement.executeStatement(Unknown Source)
	at org.apache.derby.impl.jdbc.EmbedPreparedStatement.executeBatchElement(Unknown Source)
	... 48 more
Caused by: ERROR 23503: DELETE on table 'DBS' caused a violation of foreign key constraint 'TBLS_FK1' for key (4).  The statement has been rolled back.
	at org.apache.derby.iapi.error.StandardException.newException(Unknown Source)
	at org.apache.derby.iapi.error.StandardException.newException(Unknown Source)
	at org.apache.derby.impl.sql.execute.ReferencedKeyRIChecker.doCheck(Unknown Source)
	at org.apache.derby.impl.sql.execute.RISetChecker.doPKCheck(Unknown Source)
	at org.apache.derby.impl.sql.execute.DeleteResultSet.collectAffectedRows(Unknown Source)
	at org.apache.derby.impl.sql.execute.DeleteResultSet.open(Unknown Source)
	at org.apache.derby.impl.sql.GenericPreparedStatement.executeStmt(Unknown Source)
	at org.apache.derby.impl.sql.GenericPreparedStatement.execute(Unknown Source)
	... 50 more

2024-04-24T12:05:49,185  INFO [TThreadPoolServer WorkerProcess-%d] HiveMetaStore.audit: ugi=alex	ip=127.0.0.1	cmd=source:127.0.0.1 drop_database: @hive#myDb	
2024-04-24T12:05:49,190  INFO [TThreadPoolServer WorkerProcess-%d] HiveMetaStore.audit: ugi=alex	ip=127.0.0.1	cmd=source:127.0.0.1 get_all_tables: db=@hive#myDb	
2024-04-24T12:05:49,191  INFO [TThreadPoolServer WorkerProcess-%d] HiveMetaStore.audit: ugi=alex	ip=127.0.0.1	cmd=source:127.0.0.1 get_functions: db=@hive#myDb pat=*	
2024-04-24T12:05:49,193  INFO [TThreadPoolServer WorkerProcess-%d] HiveMetaStore.audit: ugi=alex	ip=127.0.0.1	cmd=source:127.0.0.1 get_all_stored_procedures	
2024-04-24T12:05:49,194  INFO [TThreadPoolServer WorkerProcess-%d] HiveMetaStore.audit: ugi=alex	ip=127.0.0.1	cmd=source:127.0.0.1 get_all_packages	
2024-04-24T12:05:49,195  INFO [TThreadPoolServer WorkerProcess-%d] HiveMetaStore.audit: ugi=alex	ip=127.0.0.1	cmd=source:127.0.0.1 getTablesByTypeCore: catName=hive: db=myDb pat=.*,type=MATERIALIZED_VIEW	
2024-04-24T12:05:49,198  INFO [TThreadPoolServer WorkerProcess-%d] metastore.ObjectStore: Dropping database hive.myDb along with all tables
2024-04-24T12:05:49,202 ERROR [TThreadPoolServer WorkerProcess-%d] metastore.RetryingHMSHandler: Retrying HMSHandler after 2000 ms (attempt 4 of 10) with error: javax.jdo.JDODataStoreException: Exception thrown flushing changes to datastore
	at org.datanucleus.api.jdo.NucleusJDOHelper.getJDOExceptionForNucleusException(NucleusJDOHelper.java:542)
	at org.datanucleus.api.jdo.JDOPersistenceManager.flush(JDOPersistenceManager.java:2081)
	at org.apache.hadoop.hive.metastore.ObjectStore.addNotificationEvent(ObjectStore.java:11639)
	at sun.reflect.GeneratedMethodAccessor68.invoke(Unknown Source)
	at sun.reflect.DelegatingMethodAccessorImpl.invoke(DelegatingMethodAccessorImpl.java:43)
	at java.lang.reflect.Method.invoke(Method.java:498)
	at org.apache.hadoop.hive.metastore.RawStoreProxy.invoke(RawStoreProxy.java:97)
	at com.sun.proxy.$Proxy32.addNotificationEvent(Unknown Source)
	at org.apache.hive.hcatalog.listener.DbNotificationListener.process(DbNotificationListener.java:1403)
	at org.apache.hive.hcatalog.listener.DbNotificationListener.onDropDatabase(DbNotificationListener.java:513)
	at org.apache.hadoop.hive.metastore.MetaStoreListenerNotifier$26.notify(MetaStoreListenerNotifier.java:99)
	at org.apache.hadoop.hive.metastore.MetaStoreListenerNotifier.notifyEvent(MetaStoreListenerNotifier.java:339)
	at org.apache.hadoop.hive.metastore.HMSHandler.drop_database_core(HMSHandler.java:1785)
	at org.apache.hadoop.hive.metastore.HMSHandler.drop_database(HMSHandler.java:1869)
	at sun.reflect.NativeMethodAccessorImpl.invoke0(Native Method)
	at sun.reflect.NativeMethodAccessorImpl.invoke(NativeMethodAccessorImpl.java:62)
	at sun.reflect.DelegatingMethodAccessorImpl.invoke(DelegatingMethodAccessorImpl.java:43)
	at java.lang.reflect.Method.invoke(Method.java:498)
	at org.apache.hadoop.hive.metastore.RetryingHMSHandler.invokeInternal(RetryingHMSHandler.java:147)
	at org.apache.hadoop.hive.metastore.RetryingHMSHandler.invoke(RetryingHMSHandler.java:108)
	at com.sun.proxy.$Proxy34.drop_database(Unknown Source)
	at org.apache.hadoop.hive.metastore.api.ThriftHiveMetastore$Processor$drop_database.getResult(ThriftHiveMetastore.java:18285)
	at org.apache.hadoop.hive.metastore.api.ThriftHiveMetastore$Processor$drop_database.getResult(ThriftHiveMetastore.java:18264)
	at org.apache.thrift.ProcessFunction.process(ProcessFunction.java:38)
	at org.apache.hadoop.hive.metastore.TUGIBasedProcessor$1.run(TUGIBasedProcessor.java:111)
	at org.apache.hadoop.hive.metastore.TUGIBasedProcessor$1.run(TUGIBasedProcessor.java:107)
	at java.security.AccessController.doPrivileged(Native Method)
	at javax.security.auth.Subject.doAs(Subject.java:422)
	at org.apache.hadoop.security.UserGroupInformation.doAs(UserGroupInformation.java:1682)
	at org.apache.hadoop.hive.metastore.TUGIBasedProcessor.process(TUGIBasedProcessor.java:119)
	at org.apache.thrift.server.TThreadPoolServer$WorkerProcess.run(TThreadPoolServer.java:248)
	at java.util.concurrent.ThreadPoolExecutor.runWorker(ThreadPoolExecutor.java:1149)
	at java.util.concurrent.ThreadPoolExecutor$Worker.run(ThreadPoolExecutor.java:624)
	at java.lang.Thread.run(Thread.java:750)
NestedThrowablesStackTrace:
java.sql.BatchUpdateException: DELETE on table 'DBS' caused a violation of foreign key constraint 'TBLS_FK1' for key (4).  The statement has been rolled back.
	at org.apache.derby.impl.jdbc.EmbedStatement.executeLargeBatch(Unknown Source)
	at org.apache.derby.impl.jdbc.EmbedStatement.executeBatch(Unknown Source)
	at com.zaxxer.hikari.pool.ProxyStatement.executeBatch(ProxyStatement.java:128)
	at com.zaxxer.hikari.pool.HikariProxyPreparedStatement.executeBatch(HikariProxyPreparedStatement.java)
	at org.datanucleus.store.rdbms.ParamLoggingPreparedStatement.executeBatch(ParamLoggingPreparedStatement.java:366)
	at org.datanucleus.store.rdbms.SQLController.processConnectionStatement(SQLController.java:675)
	at org.datanucleus.store.rdbms.SQLController.processStatementsForConnection(SQLController.java:643)
	at org.datanucleus.store.rdbms.SQLController$1.transactionFlushed(SQLController.java:729)
	at org.datanucleus.store.connection.AbstractManagedConnection.transactionFlushed(AbstractManagedConnection.java:95)
	at org.datanucleus.store.connection.ConnectionManagerImpl$2.transactionFlushed(ConnectionManagerImpl.java:528)
	at org.datanucleus.TransactionImpl.flush(TransactionImpl.java:222)
	at org.datanucleus.ExecutionContextImpl.flushInternal(ExecutionContextImpl.java:4068)
	at org.datanucleus.ExecutionContextThreadedImpl.flushInternal(ExecutionContextThreadedImpl.java:448)
	at org.datanucleus.ExecutionContextImpl.flush(ExecutionContextImpl.java:4009)
	at org.datanucleus.ExecutionContextThreadedImpl.flush(ExecutionContextThreadedImpl.java:434)
	at org.datanucleus.api.jdo.JDOPersistenceManager.flush(JDOPersistenceManager.java:2064)
	at org.apache.hadoop.hive.metastore.ObjectStore.addNotificationEvent(ObjectStore.java:11639)
	at sun.reflect.GeneratedMethodAccessor68.invoke(Unknown Source)
	at sun.reflect.DelegatingMethodAccessorImpl.invoke(DelegatingMethodAccessorImpl.java:43)
	at java.lang.reflect.Method.invoke(Method.java:498)
	at org.apache.hadoop.hive.metastore.RawStoreProxy.invoke(RawStoreProxy.java:97)
	at com.sun.proxy.$Proxy32.addNotificationEvent(Unknown Source)
	at org.apache.hive.hcatalog.listener.DbNotificationListener.process(DbNotificationListener.java:1403)
	at org.apache.hive.hcatalog.listener.DbNotificationListener.onDropDatabase(DbNotificationListener.java:513)
	at org.apache.hadoop.hive.metastore.MetaStoreListenerNotifier$26.notify(MetaStoreListenerNotifier.java:99)
	at org.apache.hadoop.hive.metastore.MetaStoreListenerNotifier.notifyEvent(MetaStoreListenerNotifier.java:339)
	at org.apache.hadoop.hive.metastore.HMSHandler.drop_database_core(HMSHandler.java:1785)
	at org.apache.hadoop.hive.metastore.HMSHandler.drop_database(HMSHandler.java:1869)
	at sun.reflect.NativeMethodAccessorImpl.invoke0(Native Method)
	at sun.reflect.NativeMethodAccessorImpl.invoke(NativeMethodAccessorImpl.java:62)
	at sun.reflect.DelegatingMethodAccessorImpl.invoke(DelegatingMethodAccessorImpl.java:43)
	at java.lang.reflect.Method.invoke(Method.java:498)
	at org.apache.hadoop.hive.metastore.RetryingHMSHandler.invokeInternal(RetryingHMSHandler.java:147)
	at org.apache.hadoop.hive.metastore.RetryingHMSHandler.invoke(RetryingHMSHandler.java:108)
	at com.sun.proxy.$Proxy34.drop_database(Unknown Source)
	at org.apache.hadoop.hive.metastore.api.ThriftHiveMetastore$Processor$drop_database.getResult(ThriftHiveMetastore.java:18285)
	at org.apache.hadoop.hive.metastore.api.ThriftHiveMetastore$Processor$drop_database.getResult(ThriftHiveMetastore.java:18264)
	at org.apache.thrift.ProcessFunction.process(ProcessFunction.java:38)
	at org.apache.hadoop.hive.metastore.TUGIBasedProcessor$1.run(TUGIBasedProcessor.java:111)
	at org.apache.hadoop.hive.metastore.TUGIBasedProcessor$1.run(TUGIBasedProcessor.java:107)
	at java.security.AccessController.doPrivileged(Native Method)
	at javax.security.auth.Subject.doAs(Subject.java:422)
	at org.apache.hadoop.security.UserGroupInformation.doAs(UserGroupInformation.java:1682)
	at org.apache.hadoop.hive.metastore.TUGIBasedProcessor.process(TUGIBasedProcessor.java:119)
	at org.apache.thrift.server.TThreadPoolServer$WorkerProcess.run(TThreadPoolServer.java:248)
	at java.util.concurrent.ThreadPoolExecutor.runWorker(ThreadPoolExecutor.java:1149)
	at java.util.concurrent.ThreadPoolExecutor$Worker.run(ThreadPoolExecutor.java:624)
	at java.lang.Thread.run(Thread.java:750)
Caused by: org.apache.derby.shared.common.error.DerbySQLIntegrityConstraintViolationException: DELETE on table 'DBS' caused a violation of foreign key constraint 'TBLS_FK1' for key (4).  The statement has been rolled back.
	at org.apache.derby.impl.jdbc.SQLExceptionFactory.getSQLException(Unknown Source)
	at org.apache.derby.impl.jdbc.Util.generateCsSQLException(Unknown Source)
	at org.apache.derby.impl.jdbc.TransactionResourceImpl.wrapInSQLException(Unknown Source)
	at org.apache.derby.impl.jdbc.TransactionResourceImpl.handleException(Unknown Source)
	at org.apache.derby.impl.jdbc.EmbedConnection.handleException(Unknown Source)
	at org.apache.derby.impl.jdbc.ConnectionChild.handleException(Unknown Source)
	at org.apache.derby.impl.jdbc.EmbedStatement.executeStatement(Unknown Source)
	at org.apache.derby.impl.jdbc.EmbedPreparedStatement.executeBatchElement(Unknown Source)
	... 48 more
Caused by: ERROR 23503: DELETE on table 'DBS' caused a violation of foreign key constraint 'TBLS_FK1' for key (4).  The statement has been rolled back.
	at org.apache.derby.iapi.error.StandardException.newException(Unknown Source)
	at org.apache.derby.iapi.error.StandardException.newException(Unknown Source)
	at org.apache.derby.impl.sql.execute.ReferencedKeyRIChecker.doCheck(Unknown Source)
	at org.apache.derby.impl.sql.execute.RISetChecker.doPKCheck(Unknown Source)
	at org.apache.derby.impl.sql.execute.DeleteResultSet.collectAffectedRows(Unknown Source)
	at org.apache.derby.impl.sql.execute.DeleteResultSet.open(Unknown Source)
	at org.apache.derby.impl.sql.GenericPreparedStatement.executeStmt(Unknown Source)
	at org.apache.derby.impl.sql.GenericPreparedStatement.execute(Unknown Source)
	... 50 more

2024-04-24T12:05:51,203  INFO [TThreadPoolServer WorkerProcess-%d] HiveMetaStore.audit: ugi=alex	ip=127.0.0.1	cmd=source:127.0.0.1 drop_database: @hive#myDb	
2024-04-24T12:05:51,208  INFO [TThreadPoolServer WorkerProcess-%d] HiveMetaStore.audit: ugi=alex	ip=127.0.0.1	cmd=source:127.0.0.1 get_all_tables: db=@hive#myDb	
2024-04-24T12:05:51,209  INFO [TThreadPoolServer WorkerProcess-%d] HiveMetaStore.audit: ugi=alex	ip=127.0.0.1	cmd=source:127.0.0.1 get_functions: db=@hive#myDb pat=*	
2024-04-24T12:05:51,211  INFO [TThreadPoolServer WorkerProcess-%d] HiveMetaStore.audit: ugi=alex	ip=127.0.0.1	cmd=source:127.0.0.1 get_all_stored_procedures	
2024-04-24T12:05:51,212  INFO [TThreadPoolServer WorkerProcess-%d] HiveMetaStore.audit: ugi=alex	ip=127.0.0.1	cmd=source:127.0.0.1 get_all_packages	
2024-04-24T12:05:51,213  INFO [TThreadPoolServer WorkerProcess-%d] HiveMetaStore.audit: ugi=alex	ip=127.0.0.1	cmd=source:127.0.0.1 getTablesByTypeCore: catName=hive: db=myDb pat=.*,type=MATERIALIZED_VIEW	
2024-04-24T12:05:51,216  INFO [TThreadPoolServer WorkerProcess-%d] metastore.ObjectStore: Dropping database hive.myDb along with all tables
2024-04-24T12:05:51,221 ERROR [TThreadPoolServer WorkerProcess-%d] metastore.RetryingHMSHandler: Retrying HMSHandler after 2000 ms (attempt 5 of 10) with error: javax.jdo.JDODataStoreException: Exception thrown flushing changes to datastore
	at org.datanucleus.api.jdo.NucleusJDOHelper.getJDOExceptionForNucleusException(NucleusJDOHelper.java:542)
	at org.datanucleus.api.jdo.JDOPersistenceManager.flush(JDOPersistenceManager.java:2081)
	at org.apache.hadoop.hive.metastore.ObjectStore.addNotificationEvent(ObjectStore.java:11639)
	at sun.reflect.GeneratedMethodAccessor68.invoke(Unknown Source)
	at sun.reflect.DelegatingMethodAccessorImpl.invoke(DelegatingMethodAccessorImpl.java:43)
	at java.lang.reflect.Method.invoke(Method.java:498)
	at org.apache.hadoop.hive.metastore.RawStoreProxy.invoke(RawStoreProxy.java:97)
	at com.sun.proxy.$Proxy32.addNotificationEvent(Unknown Source)
	at org.apache.hive.hcatalog.listener.DbNotificationListener.process(DbNotificationListener.java:1403)
	at org.apache.hive.hcatalog.listener.DbNotificationListener.onDropDatabase(DbNotificationListener.java:513)
	at org.apache.hadoop.hive.metastore.MetaStoreListenerNotifier$26.notify(MetaStoreListenerNotifier.java:99)
	at org.apache.hadoop.hive.metastore.MetaStoreListenerNotifier.notifyEvent(MetaStoreListenerNotifier.java:339)
	at org.apache.hadoop.hive.metastore.HMSHandler.drop_database_core(HMSHandler.java:1785)
	at org.apache.hadoop.hive.metastore.HMSHandler.drop_database(HMSHandler.java:1869)
	at sun.reflect.NativeMethodAccessorImpl.invoke0(Native Method)
	at sun.reflect.NativeMethodAccessorImpl.invoke(NativeMethodAccessorImpl.java:62)
	at sun.reflect.DelegatingMethodAccessorImpl.invoke(DelegatingMethodAccessorImpl.java:43)
	at java.lang.reflect.Method.invoke(Method.java:498)
	at org.apache.hadoop.hive.metastore.RetryingHMSHandler.invokeInternal(RetryingHMSHandler.java:147)
	at org.apache.hadoop.hive.metastore.RetryingHMSHandler.invoke(RetryingHMSHandler.java:108)
	at com.sun.proxy.$Proxy34.drop_database(Unknown Source)
	at org.apache.hadoop.hive.metastore.api.ThriftHiveMetastore$Processor$drop_database.getResult(ThriftHiveMetastore.java:18285)
	at org.apache.hadoop.hive.metastore.api.ThriftHiveMetastore$Processor$drop_database.getResult(ThriftHiveMetastore.java:18264)
	at org.apache.thrift.ProcessFunction.process(ProcessFunction.java:38)
	at org.apache.hadoop.hive.metastore.TUGIBasedProcessor$1.run(TUGIBasedProcessor.java:111)
	at org.apache.hadoop.hive.metastore.TUGIBasedProcessor$1.run(TUGIBasedProcessor.java:107)
	at java.security.AccessController.doPrivileged(Native Method)
	at javax.security.auth.Subject.doAs(Subject.java:422)
	at org.apache.hadoop.security.UserGroupInformation.doAs(UserGroupInformation.java:1682)
	at org.apache.hadoop.hive.metastore.TUGIBasedProcessor.process(TUGIBasedProcessor.java:119)
	at org.apache.thrift.server.TThreadPoolServer$WorkerProcess.run(TThreadPoolServer.java:248)
	at java.util.concurrent.ThreadPoolExecutor.runWorker(ThreadPoolExecutor.java:1149)
	at java.util.concurrent.ThreadPoolExecutor$Worker.run(ThreadPoolExecutor.java:624)
	at java.lang.Thread.run(Thread.java:750)
NestedThrowablesStackTrace:
java.sql.BatchUpdateException: DELETE on table 'DBS' caused a violation of foreign key constraint 'TBLS_FK1' for key (4).  The statement has been rolled back.
	at org.apache.derby.impl.jdbc.EmbedStatement.executeLargeBatch(Unknown Source)
	at org.apache.derby.impl.jdbc.EmbedStatement.executeBatch(Unknown Source)
	at com.zaxxer.hikari.pool.ProxyStatement.executeBatch(ProxyStatement.java:128)
	at com.zaxxer.hikari.pool.HikariProxyPreparedStatement.executeBatch(HikariProxyPreparedStatement.java)
	at org.datanucleus.store.rdbms.ParamLoggingPreparedStatement.executeBatch(ParamLoggingPreparedStatement.java:366)
	at org.datanucleus.store.rdbms.SQLController.processConnectionStatement(SQLController.java:675)
	at org.datanucleus.store.rdbms.SQLController.processStatementsForConnection(SQLController.java:643)
	at org.datanucleus.store.rdbms.SQLController$1.transactionFlushed(SQLController.java:729)
	at org.datanucleus.store.connection.AbstractManagedConnection.transactionFlushed(AbstractManagedConnection.java:95)
	at org.datanucleus.store.connection.ConnectionManagerImpl$2.transactionFlushed(ConnectionManagerImpl.java:528)
	at org.datanucleus.TransactionImpl.flush(TransactionImpl.java:222)
	at org.datanucleus.ExecutionContextImpl.flushInternal(ExecutionContextImpl.java:4068)
	at org.datanucleus.ExecutionContextThreadedImpl.flushInternal(ExecutionContextThreadedImpl.java:448)
	at org.datanucleus.ExecutionContextImpl.flush(ExecutionContextImpl.java:4009)
	at org.datanucleus.ExecutionContextThreadedImpl.flush(ExecutionContextThreadedImpl.java:434)
	at org.datanucleus.api.jdo.JDOPersistenceManager.flush(JDOPersistenceManager.java:2064)
	at org.apache.hadoop.hive.metastore.ObjectStore.addNotificationEvent(ObjectStore.java:11639)
	at sun.reflect.GeneratedMethodAccessor68.invoke(Unknown Source)
	at sun.reflect.DelegatingMethodAccessorImpl.invoke(DelegatingMethodAccessorImpl.java:43)
	at java.lang.reflect.Method.invoke(Method.java:498)
	at org.apache.hadoop.hive.metastore.RawStoreProxy.invoke(RawStoreProxy.java:97)
	at com.sun.proxy.$Proxy32.addNotificationEvent(Unknown Source)
	at org.apache.hive.hcatalog.listener.DbNotificationListener.process(DbNotificationListener.java:1403)
	at org.apache.hive.hcatalog.listener.DbNotificationListener.onDropDatabase(DbNotificationListener.java:513)
	at org.apache.hadoop.hive.metastore.MetaStoreListenerNotifier$26.notify(MetaStoreListenerNotifier.java:99)
	at org.apache.hadoop.hive.metastore.MetaStoreListenerNotifier.notifyEvent(MetaStoreListenerNotifier.java:339)
	at org.apache.hadoop.hive.metastore.HMSHandler.drop_database_core(HMSHandler.java:1785)
	at org.apache.hadoop.hive.metastore.HMSHandler.drop_database(HMSHandler.java:1869)
	at sun.reflect.NativeMethodAccessorImpl.invoke0(Native Method)
	at sun.reflect.NativeMethodAccessorImpl.invoke(NativeMethodAccessorImpl.java:62)
	at sun.reflect.DelegatingMethodAccessorImpl.invoke(DelegatingMethodAccessorImpl.java:43)
	at java.lang.reflect.Method.invoke(Method.java:498)
	at org.apache.hadoop.hive.metastore.RetryingHMSHandler.invokeInternal(RetryingHMSHandler.java:147)
	at org.apache.hadoop.hive.metastore.RetryingHMSHandler.invoke(RetryingHMSHandler.java:108)
	at com.sun.proxy.$Proxy34.drop_database(Unknown Source)
	at org.apache.hadoop.hive.metastore.api.ThriftHiveMetastore$Processor$drop_database.getResult(ThriftHiveMetastore.java:18285)
	at org.apache.hadoop.hive.metastore.api.ThriftHiveMetastore$Processor$drop_database.getResult(ThriftHiveMetastore.java:18264)
	at org.apache.thrift.ProcessFunction.process(ProcessFunction.java:38)
	at org.apache.hadoop.hive.metastore.TUGIBasedProcessor$1.run(TUGIBasedProcessor.java:111)
	at org.apache.hadoop.hive.metastore.TUGIBasedProcessor$1.run(TUGIBasedProcessor.java:107)
	at java.security.AccessController.doPrivileged(Native Method)
	at javax.security.auth.Subject.doAs(Subject.java:422)
	at org.apache.hadoop.security.UserGroupInformation.doAs(UserGroupInformation.java:1682)
	at org.apache.hadoop.hive.metastore.TUGIBasedProcessor.process(TUGIBasedProcessor.java:119)
	at org.apache.thrift.server.TThreadPoolServer$WorkerProcess.run(TThreadPoolServer.java:248)
	at java.util.concurrent.ThreadPoolExecutor.runWorker(ThreadPoolExecutor.java:1149)
	at java.util.concurrent.ThreadPoolExecutor$Worker.run(ThreadPoolExecutor.java:624)
	at java.lang.Thread.run(Thread.java:750)
Caused by: org.apache.derby.shared.common.error.DerbySQLIntegrityConstraintViolationException: DELETE on table 'DBS' caused a violation of foreign key constraint 'TBLS_FK1' for key (4).  The statement has been rolled back.
	at org.apache.derby.impl.jdbc.SQLExceptionFactory.getSQLException(Unknown Source)
	at org.apache.derby.impl.jdbc.Util.generateCsSQLException(Unknown Source)
	at org.apache.derby.impl.jdbc.TransactionResourceImpl.wrapInSQLException(Unknown Source)
	at org.apache.derby.impl.jdbc.TransactionResourceImpl.handleException(Unknown Source)
	at org.apache.derby.impl.jdbc.EmbedConnection.handleException(Unknown Source)
	at org.apache.derby.impl.jdbc.ConnectionChild.handleException(Unknown Source)
	at org.apache.derby.impl.jdbc.EmbedStatement.executeStatement(Unknown Source)
	at org.apache.derby.impl.jdbc.EmbedPreparedStatement.executeBatchElement(Unknown Source)
	... 48 more
Caused by: ERROR 23503: DELETE on table 'DBS' caused a violation of foreign key constraint 'TBLS_FK1' for key (4).  The statement has been rolled back.
	at org.apache.derby.iapi.error.StandardException.newException(Unknown Source)
	at org.apache.derby.iapi.error.StandardException.newException(Unknown Source)
	at org.apache.derby.impl.sql.execute.ReferencedKeyRIChecker.doCheck(Unknown Source)
	at org.apache.derby.impl.sql.execute.RISetChecker.doPKCheck(Unknown Source)
	at org.apache.derby.impl.sql.execute.DeleteResultSet.collectAffectedRows(Unknown Source)
	at org.apache.derby.impl.sql.execute.DeleteResultSet.open(Unknown Source)
	at org.apache.derby.impl.sql.GenericPreparedStatement.executeStmt(Unknown Source)
	at org.apache.derby.impl.sql.GenericPreparedStatement.execute(Unknown Source)
	... 50 more

2024-04-24T12:05:53,222  INFO [TThreadPoolServer WorkerProcess-%d] HiveMetaStore.audit: ugi=alex	ip=127.0.0.1	cmd=source:127.0.0.1 drop_database: @hive#myDb	
2024-04-24T12:05:53,225  INFO [TThreadPoolServer WorkerProcess-%d] HiveMetaStore.audit: ugi=alex	ip=127.0.0.1	cmd=source:127.0.0.1 get_all_tables: db=@hive#myDb	
2024-04-24T12:05:53,226  INFO [TThreadPoolServer WorkerProcess-%d] HiveMetaStore.audit: ugi=alex	ip=127.0.0.1	cmd=source:127.0.0.1 get_functions: db=@hive#myDb pat=*	
2024-04-24T12:05:53,228  INFO [TThreadPoolServer WorkerProcess-%d] HiveMetaStore.audit: ugi=alex	ip=127.0.0.1	cmd=source:127.0.0.1 get_all_stored_procedures	
2024-04-24T12:05:53,229  INFO [TThreadPoolServer WorkerProcess-%d] HiveMetaStore.audit: ugi=alex	ip=127.0.0.1	cmd=source:127.0.0.1 get_all_packages	
2024-04-24T12:05:53,230  INFO [TThreadPoolServer WorkerProcess-%d] HiveMetaStore.audit: ugi=alex	ip=127.0.0.1	cmd=source:127.0.0.1 getTablesByTypeCore: catName=hive: db=myDb pat=.*,type=MATERIALIZED_VIEW	
2024-04-24T12:05:53,233  INFO [TThreadPoolServer WorkerProcess-%d] metastore.ObjectStore: Dropping database hive.myDb along with all tables
2024-04-24T12:05:53,238 ERROR [TThreadPoolServer WorkerProcess-%d] metastore.RetryingHMSHandler: Retrying HMSHandler after 2000 ms (attempt 6 of 10) with error: javax.jdo.JDODataStoreException: Exception thrown flushing changes to datastore
	at org.datanucleus.api.jdo.NucleusJDOHelper.getJDOExceptionForNucleusException(NucleusJDOHelper.java:542)
	at org.datanucleus.api.jdo.JDOPersistenceManager.flush(JDOPersistenceManager.java:2081)
	at org.apache.hadoop.hive.metastore.ObjectStore.addNotificationEvent(ObjectStore.java:11639)
	at sun.reflect.GeneratedMethodAccessor68.invoke(Unknown Source)
	at sun.reflect.DelegatingMethodAccessorImpl.invoke(DelegatingMethodAccessorImpl.java:43)
	at java.lang.reflect.Method.invoke(Method.java:498)
	at org.apache.hadoop.hive.metastore.RawStoreProxy.invoke(RawStoreProxy.java:97)
	at com.sun.proxy.$Proxy32.addNotificationEvent(Unknown Source)
	at org.apache.hive.hcatalog.listener.DbNotificationListener.process(DbNotificationListener.java:1403)
	at org.apache.hive.hcatalog.listener.DbNotificationListener.onDropDatabase(DbNotificationListener.java:513)
	at org.apache.hadoop.hive.metastore.MetaStoreListenerNotifier$26.notify(MetaStoreListenerNotifier.java:99)
	at org.apache.hadoop.hive.metastore.MetaStoreListenerNotifier.notifyEvent(MetaStoreListenerNotifier.java:339)
	at org.apache.hadoop.hive.metastore.HMSHandler.drop_database_core(HMSHandler.java:1785)
	at org.apache.hadoop.hive.metastore.HMSHandler.drop_database(HMSHandler.java:1869)
	at sun.reflect.NativeMethodAccessorImpl.invoke0(Native Method)
	at sun.reflect.NativeMethodAccessorImpl.invoke(NativeMethodAccessorImpl.java:62)
	at sun.reflect.DelegatingMethodAccessorImpl.invoke(DelegatingMethodAccessorImpl.java:43)
	at java.lang.reflect.Method.invoke(Method.java:498)
	at org.apache.hadoop.hive.metastore.RetryingHMSHandler.invokeInternal(RetryingHMSHandler.java:147)
	at org.apache.hadoop.hive.metastore.RetryingHMSHandler.invoke(RetryingHMSHandler.java:108)
	at com.sun.proxy.$Proxy34.drop_database(Unknown Source)
	at org.apache.hadoop.hive.metastore.api.ThriftHiveMetastore$Processor$drop_database.getResult(ThriftHiveMetastore.java:18285)
	at org.apache.hadoop.hive.metastore.api.ThriftHiveMetastore$Processor$drop_database.getResult(ThriftHiveMetastore.java:18264)
	at org.apache.thrift.ProcessFunction.process(ProcessFunction.java:38)
	at org.apache.hadoop.hive.metastore.TUGIBasedProcessor$1.run(TUGIBasedProcessor.java:111)
	at org.apache.hadoop.hive.metastore.TUGIBasedProcessor$1.run(TUGIBasedProcessor.java:107)
	at java.security.AccessController.doPrivileged(Native Method)
	at javax.security.auth.Subject.doAs(Subject.java:422)
	at org.apache.hadoop.security.UserGroupInformation.doAs(UserGroupInformation.java:1682)
	at org.apache.hadoop.hive.metastore.TUGIBasedProcessor.process(TUGIBasedProcessor.java:119)
	at org.apache.thrift.server.TThreadPoolServer$WorkerProcess.run(TThreadPoolServer.java:248)
	at java.util.concurrent.ThreadPoolExecutor.runWorker(ThreadPoolExecutor.java:1149)
	at java.util.concurrent.ThreadPoolExecutor$Worker.run(ThreadPoolExecutor.java:624)
	at java.lang.Thread.run(Thread.java:750)
NestedThrowablesStackTrace:
java.sql.BatchUpdateException: DELETE on table 'DBS' caused a violation of foreign key constraint 'TBLS_FK1' for key (4).  The statement has been rolled back.
	at org.apache.derby.impl.jdbc.EmbedStatement.executeLargeBatch(Unknown Source)
	at org.apache.derby.impl.jdbc.EmbedStatement.executeBatch(Unknown Source)
	at com.zaxxer.hikari.pool.ProxyStatement.executeBatch(ProxyStatement.java:128)
	at com.zaxxer.hikari.pool.HikariProxyPreparedStatement.executeBatch(HikariProxyPreparedStatement.java)
	at org.datanucleus.store.rdbms.ParamLoggingPreparedStatement.executeBatch(ParamLoggingPreparedStatement.java:366)
	at org.datanucleus.store.rdbms.SQLController.processConnectionStatement(SQLController.java:675)
	at org.datanucleus.store.rdbms.SQLController.processStatementsForConnection(SQLController.java:643)
	at org.datanucleus.store.rdbms.SQLController$1.transactionFlushed(SQLController.java:729)
	at org.datanucleus.store.connection.AbstractManagedConnection.transactionFlushed(AbstractManagedConnection.java:95)
	at org.datanucleus.store.connection.ConnectionManagerImpl$2.transactionFlushed(ConnectionManagerImpl.java:528)
	at org.datanucleus.TransactionImpl.flush(TransactionImpl.java:222)
	at org.datanucleus.ExecutionContextImpl.flushInternal(ExecutionContextImpl.java:4068)
	at org.datanucleus.ExecutionContextThreadedImpl.flushInternal(ExecutionContextThreadedImpl.java:448)
	at org.datanucleus.ExecutionContextImpl.flush(ExecutionContextImpl.java:4009)
	at org.datanucleus.ExecutionContextThreadedImpl.flush(ExecutionContextThreadedImpl.java:434)
	at org.datanucleus.api.jdo.JDOPersistenceManager.flush(JDOPersistenceManager.java:2064)
	at org.apache.hadoop.hive.metastore.ObjectStore.addNotificationEvent(ObjectStore.java:11639)
	at sun.reflect.GeneratedMethodAccessor68.invoke(Unknown Source)
	at sun.reflect.DelegatingMethodAccessorImpl.invoke(DelegatingMethodAccessorImpl.java:43)
	at java.lang.reflect.Method.invoke(Method.java:498)
	at org.apache.hadoop.hive.metastore.RawStoreProxy.invoke(RawStoreProxy.java:97)
	at com.sun.proxy.$Proxy32.addNotificationEvent(Unknown Source)
	at org.apache.hive.hcatalog.listener.DbNotificationListener.process(DbNotificationListener.java:1403)
	at org.apache.hive.hcatalog.listener.DbNotificationListener.onDropDatabase(DbNotificationListener.java:513)
	at org.apache.hadoop.hive.metastore.MetaStoreListenerNotifier$26.notify(MetaStoreListenerNotifier.java:99)
	at org.apache.hadoop.hive.metastore.MetaStoreListenerNotifier.notifyEvent(MetaStoreListenerNotifier.java:339)
	at org.apache.hadoop.hive.metastore.HMSHandler.drop_database_core(HMSHandler.java:1785)
	at org.apache.hadoop.hive.metastore.HMSHandler.drop_database(HMSHandler.java:1869)
	at sun.reflect.NativeMethodAccessorImpl.invoke0(Native Method)
	at sun.reflect.NativeMethodAccessorImpl.invoke(NativeMethodAccessorImpl.java:62)
	at sun.reflect.DelegatingMethodAccessorImpl.invoke(DelegatingMethodAccessorImpl.java:43)
	at java.lang.reflect.Method.invoke(Method.java:498)
	at org.apache.hadoop.hive.metastore.RetryingHMSHandler.invokeInternal(RetryingHMSHandler.java:147)
	at org.apache.hadoop.hive.metastore.RetryingHMSHandler.invoke(RetryingHMSHandler.java:108)
	at com.sun.proxy.$Proxy34.drop_database(Unknown Source)
	at org.apache.hadoop.hive.metastore.api.ThriftHiveMetastore$Processor$drop_database.getResult(ThriftHiveMetastore.java:18285)
	at org.apache.hadoop.hive.metastore.api.ThriftHiveMetastore$Processor$drop_database.getResult(ThriftHiveMetastore.java:18264)
	at org.apache.thrift.ProcessFunction.process(ProcessFunction.java:38)
	at org.apache.hadoop.hive.metastore.TUGIBasedProcessor$1.run(TUGIBasedProcessor.java:111)
	at org.apache.hadoop.hive.metastore.TUGIBasedProcessor$1.run(TUGIBasedProcessor.java:107)
	at java.security.AccessController.doPrivileged(Native Method)
	at javax.security.auth.Subject.doAs(Subject.java:422)
	at org.apache.hadoop.security.UserGroupInformation.doAs(UserGroupInformation.java:1682)
	at org.apache.hadoop.hive.metastore.TUGIBasedProcessor.process(TUGIBasedProcessor.java:119)
	at org.apache.thrift.server.TThreadPoolServer$WorkerProcess.run(TThreadPoolServer.java:248)
	at java.util.concurrent.ThreadPoolExecutor.runWorker(ThreadPoolExecutor.java:1149)
	at java.util.concurrent.ThreadPoolExecutor$Worker.run(ThreadPoolExecutor.java:624)
	at java.lang.Thread.run(Thread.java:750)
Caused by: org.apache.derby.shared.common.error.DerbySQLIntegrityConstraintViolationException: DELETE on table 'DBS' caused a violation of foreign key constraint 'TBLS_FK1' for key (4).  The statement has been rolled back.
	at org.apache.derby.impl.jdbc.SQLExceptionFactory.getSQLException(Unknown Source)
	at org.apache.derby.impl.jdbc.Util.generateCsSQLException(Unknown Source)
	at org.apache.derby.impl.jdbc.TransactionResourceImpl.wrapInSQLException(Unknown Source)
	at org.apache.derby.impl.jdbc.TransactionResourceImpl.handleException(Unknown Source)
	at org.apache.derby.impl.jdbc.EmbedConnection.handleException(Unknown Source)
	at org.apache.derby.impl.jdbc.ConnectionChild.handleException(Unknown Source)
	at org.apache.derby.impl.jdbc.EmbedStatement.executeStatement(Unknown Source)
	at org.apache.derby.impl.jdbc.EmbedPreparedStatement.executeBatchElement(Unknown Source)
	... 48 more
Caused by: ERROR 23503: DELETE on table 'DBS' caused a violation of foreign key constraint 'TBLS_FK1' for key (4).  The statement has been rolled back.
	at org.apache.derby.iapi.error.StandardException.newException(Unknown Source)
	at org.apache.derby.iapi.error.StandardException.newException(Unknown Source)
	at org.apache.derby.impl.sql.execute.ReferencedKeyRIChecker.doCheck(Unknown Source)
	at org.apache.derby.impl.sql.execute.RISetChecker.doPKCheck(Unknown Source)
	at org.apache.derby.impl.sql.execute.DeleteResultSet.collectAffectedRows(Unknown Source)
	at org.apache.derby.impl.sql.execute.DeleteResultSet.open(Unknown Source)
	at org.apache.derby.impl.sql.GenericPreparedStatement.executeStmt(Unknown Source)
	at org.apache.derby.impl.sql.GenericPreparedStatement.execute(Unknown Source)
	... 50 more

2024-04-24T12:05:55,239  INFO [TThreadPoolServer WorkerProcess-%d] HiveMetaStore.audit: ugi=alex	ip=127.0.0.1	cmd=source:127.0.0.1 drop_database: @hive#myDb	
2024-04-24T12:05:55,243  INFO [TThreadPoolServer WorkerProcess-%d] HiveMetaStore.audit: ugi=alex	ip=127.0.0.1	cmd=source:127.0.0.1 get_all_tables: db=@hive#myDb	
2024-04-24T12:05:55,244  INFO [TThreadPoolServer WorkerProcess-%d] HiveMetaStore.audit: ugi=alex	ip=127.0.0.1	cmd=source:127.0.0.1 get_functions: db=@hive#myDb pat=*	
2024-04-24T12:05:55,245  INFO [TThreadPoolServer WorkerProcess-%d] HiveMetaStore.audit: ugi=alex	ip=127.0.0.1	cmd=source:127.0.0.1 get_all_stored_procedures	
2024-04-24T12:05:55,246  INFO [TThreadPoolServer WorkerProcess-%d] HiveMetaStore.audit: ugi=alex	ip=127.0.0.1	cmd=source:127.0.0.1 get_all_packages	
2024-04-24T12:05:55,247  INFO [TThreadPoolServer WorkerProcess-%d] HiveMetaStore.audit: ugi=alex	ip=127.0.0.1	cmd=source:127.0.0.1 getTablesByTypeCore: catName=hive: db=myDb pat=.*,type=MATERIALIZED_VIEW	
2024-04-24T12:05:55,251  INFO [TThreadPoolServer WorkerProcess-%d] metastore.ObjectStore: Dropping database hive.myDb along with all tables
2024-04-24T12:05:55,256 ERROR [TThreadPoolServer WorkerProcess-%d] metastore.RetryingHMSHandler: Retrying HMSHandler after 2000 ms (attempt 7 of 10) with error: javax.jdo.JDODataStoreException: Exception thrown flushing changes to datastore
	at org.datanucleus.api.jdo.NucleusJDOHelper.getJDOExceptionForNucleusException(NucleusJDOHelper.java:542)
	at org.datanucleus.api.jdo.JDOPersistenceManager.flush(JDOPersistenceManager.java:2081)
	at org.apache.hadoop.hive.metastore.ObjectStore.addNotificationEvent(ObjectStore.java:11639)
	at sun.reflect.GeneratedMethodAccessor68.invoke(Unknown Source)
	at sun.reflect.DelegatingMethodAccessorImpl.invoke(DelegatingMethodAccessorImpl.java:43)
	at java.lang.reflect.Method.invoke(Method.java:498)
	at org.apache.hadoop.hive.metastore.RawStoreProxy.invoke(RawStoreProxy.java:97)
	at com.sun.proxy.$Proxy32.addNotificationEvent(Unknown Source)
	at org.apache.hive.hcatalog.listener.DbNotificationListener.process(DbNotificationListener.java:1403)
	at org.apache.hive.hcatalog.listener.DbNotificationListener.onDropDatabase(DbNotificationListener.java:513)
	at org.apache.hadoop.hive.metastore.MetaStoreListenerNotifier$26.notify(MetaStoreListenerNotifier.java:99)
	at org.apache.hadoop.hive.metastore.MetaStoreListenerNotifier.notifyEvent(MetaStoreListenerNotifier.java:339)
	at org.apache.hadoop.hive.metastore.HMSHandler.drop_database_core(HMSHandler.java:1785)
	at org.apache.hadoop.hive.metastore.HMSHandler.drop_database(HMSHandler.java:1869)
	at sun.reflect.NativeMethodAccessorImpl.invoke0(Native Method)
	at sun.reflect.NativeMethodAccessorImpl.invoke(NativeMethodAccessorImpl.java:62)
	at sun.reflect.DelegatingMethodAccessorImpl.invoke(DelegatingMethodAccessorImpl.java:43)
	at java.lang.reflect.Method.invoke(Method.java:498)
	at org.apache.hadoop.hive.metastore.RetryingHMSHandler.invokeInternal(RetryingHMSHandler.java:147)
	at org.apache.hadoop.hive.metastore.RetryingHMSHandler.invoke(RetryingHMSHandler.java:108)
	at com.sun.proxy.$Proxy34.drop_database(Unknown Source)
	at org.apache.hadoop.hive.metastore.api.ThriftHiveMetastore$Processor$drop_database.getResult(ThriftHiveMetastore.java:18285)
	at org.apache.hadoop.hive.metastore.api.ThriftHiveMetastore$Processor$drop_database.getResult(ThriftHiveMetastore.java:18264)
	at org.apache.thrift.ProcessFunction.process(ProcessFunction.java:38)
	at org.apache.hadoop.hive.metastore.TUGIBasedProcessor$1.run(TUGIBasedProcessor.java:111)
	at org.apache.hadoop.hive.metastore.TUGIBasedProcessor$1.run(TUGIBasedProcessor.java:107)
	at java.security.AccessController.doPrivileged(Native Method)
	at javax.security.auth.Subject.doAs(Subject.java:422)
	at org.apache.hadoop.security.UserGroupInformation.doAs(UserGroupInformation.java:1682)
	at org.apache.hadoop.hive.metastore.TUGIBasedProcessor.process(TUGIBasedProcessor.java:119)
	at org.apache.thrift.server.TThreadPoolServer$WorkerProcess.run(TThreadPoolServer.java:248)
	at java.util.concurrent.ThreadPoolExecutor.runWorker(ThreadPoolExecutor.java:1149)
	at java.util.concurrent.ThreadPoolExecutor$Worker.run(ThreadPoolExecutor.java:624)
	at java.lang.Thread.run(Thread.java:750)
NestedThrowablesStackTrace:
java.sql.BatchUpdateException: DELETE on table 'DBS' caused a violation of foreign key constraint 'TBLS_FK1' for key (4).  The statement has been rolled back.
	at org.apache.derby.impl.jdbc.EmbedStatement.executeLargeBatch(Unknown Source)
	at org.apache.derby.impl.jdbc.EmbedStatement.executeBatch(Unknown Source)
	at com.zaxxer.hikari.pool.ProxyStatement.executeBatch(ProxyStatement.java:128)
	at com.zaxxer.hikari.pool.HikariProxyPreparedStatement.executeBatch(HikariProxyPreparedStatement.java)
	at org.datanucleus.store.rdbms.ParamLoggingPreparedStatement.executeBatch(ParamLoggingPreparedStatement.java:366)
	at org.datanucleus.store.rdbms.SQLController.processConnectionStatement(SQLController.java:675)
	at org.datanucleus.store.rdbms.SQLController.processStatementsForConnection(SQLController.java:643)
	at org.datanucleus.store.rdbms.SQLController$1.transactionFlushed(SQLController.java:729)
	at org.datanucleus.store.connection.AbstractManagedConnection.transactionFlushed(AbstractManagedConnection.java:95)
	at org.datanucleus.store.connection.ConnectionManagerImpl$2.transactionFlushed(ConnectionManagerImpl.java:528)
	at org.datanucleus.TransactionImpl.flush(TransactionImpl.java:222)
	at org.datanucleus.ExecutionContextImpl.flushInternal(ExecutionContextImpl.java:4068)
	at org.datanucleus.ExecutionContextThreadedImpl.flushInternal(ExecutionContextThreadedImpl.java:448)
	at org.datanucleus.ExecutionContextImpl.flush(ExecutionContextImpl.java:4009)
	at org.datanucleus.ExecutionContextThreadedImpl.flush(ExecutionContextThreadedImpl.java:434)
	at org.datanucleus.api.jdo.JDOPersistenceManager.flush(JDOPersistenceManager.java:2064)
	at org.apache.hadoop.hive.metastore.ObjectStore.addNotificationEvent(ObjectStore.java:11639)
	at sun.reflect.GeneratedMethodAccessor68.invoke(Unknown Source)
	at sun.reflect.DelegatingMethodAccessorImpl.invoke(DelegatingMethodAccessorImpl.java:43)
	at java.lang.reflect.Method.invoke(Method.java:498)
	at org.apache.hadoop.hive.metastore.RawStoreProxy.invoke(RawStoreProxy.java:97)
	at com.sun.proxy.$Proxy32.addNotificationEvent(Unknown Source)
	at org.apache.hive.hcatalog.listener.DbNotificationListener.process(DbNotificationListener.java:1403)
	at org.apache.hive.hcatalog.listener.DbNotificationListener.onDropDatabase(DbNotificationListener.java:513)
	at org.apache.hadoop.hive.metastore.MetaStoreListenerNotifier$26.notify(MetaStoreListenerNotifier.java:99)
	at org.apache.hadoop.hive.metastore.MetaStoreListenerNotifier.notifyEvent(MetaStoreListenerNotifier.java:339)
	at org.apache.hadoop.hive.metastore.HMSHandler.drop_database_core(HMSHandler.java:1785)
	at org.apache.hadoop.hive.metastore.HMSHandler.drop_database(HMSHandler.java:1869)
	at sun.reflect.NativeMethodAccessorImpl.invoke0(Native Method)
	at sun.reflect.NativeMethodAccessorImpl.invoke(NativeMethodAccessorImpl.java:62)
	at sun.reflect.DelegatingMethodAccessorImpl.invoke(DelegatingMethodAccessorImpl.java:43)
	at java.lang.reflect.Method.invoke(Method.java:498)
	at org.apache.hadoop.hive.metastore.RetryingHMSHandler.invokeInternal(RetryingHMSHandler.java:147)
	at org.apache.hadoop.hive.metastore.RetryingHMSHandler.invoke(RetryingHMSHandler.java:108)
	at com.sun.proxy.$Proxy34.drop_database(Unknown Source)
	at org.apache.hadoop.hive.metastore.api.ThriftHiveMetastore$Processor$drop_database.getResult(ThriftHiveMetastore.java:18285)
	at org.apache.hadoop.hive.metastore.api.ThriftHiveMetastore$Processor$drop_database.getResult(ThriftHiveMetastore.java:18264)
	at org.apache.thrift.ProcessFunction.process(ProcessFunction.java:38)
	at org.apache.hadoop.hive.metastore.TUGIBasedProcessor$1.run(TUGIBasedProcessor.java:111)
	at org.apache.hadoop.hive.metastore.TUGIBasedProcessor$1.run(TUGIBasedProcessor.java:107)
	at java.security.AccessController.doPrivileged(Native Method)
	at javax.security.auth.Subject.doAs(Subject.java:422)
	at org.apache.hadoop.security.UserGroupInformation.doAs(UserGroupInformation.java:1682)
	at org.apache.hadoop.hive.metastore.TUGIBasedProcessor.process(TUGIBasedProcessor.java:119)
	at org.apache.thrift.server.TThreadPoolServer$WorkerProcess.run(TThreadPoolServer.java:248)
	at java.util.concurrent.ThreadPoolExecutor.runWorker(ThreadPoolExecutor.java:1149)
	at java.util.concurrent.ThreadPoolExecutor$Worker.run(ThreadPoolExecutor.java:624)
	at java.lang.Thread.run(Thread.java:750)
Caused by: org.apache.derby.shared.common.error.DerbySQLIntegrityConstraintViolationException: DELETE on table 'DBS' caused a violation of foreign key constraint 'TBLS_FK1' for key (4).  The statement has been rolled back.
	at org.apache.derby.impl.jdbc.SQLExceptionFactory.getSQLException(Unknown Source)
	at org.apache.derby.impl.jdbc.Util.generateCsSQLException(Unknown Source)
	at org.apache.derby.impl.jdbc.TransactionResourceImpl.wrapInSQLException(Unknown Source)
	at org.apache.derby.impl.jdbc.TransactionResourceImpl.handleException(Unknown Source)
	at org.apache.derby.impl.jdbc.EmbedConnection.handleException(Unknown Source)
	at org.apache.derby.impl.jdbc.ConnectionChild.handleException(Unknown Source)
	at org.apache.derby.impl.jdbc.EmbedStatement.executeStatement(Unknown Source)
	at org.apache.derby.impl.jdbc.EmbedPreparedStatement.executeBatchElement(Unknown Source)
	... 48 more
Caused by: ERROR 23503: DELETE on table 'DBS' caused a violation of foreign key constraint 'TBLS_FK1' for key (4).  The statement has been rolled back.
	at org.apache.derby.iapi.error.StandardException.newException(Unknown Source)
	at org.apache.derby.iapi.error.StandardException.newException(Unknown Source)
	at org.apache.derby.impl.sql.execute.ReferencedKeyRIChecker.doCheck(Unknown Source)
	at org.apache.derby.impl.sql.execute.RISetChecker.doPKCheck(Unknown Source)
	at org.apache.derby.impl.sql.execute.DeleteResultSet.collectAffectedRows(Unknown Source)
	at org.apache.derby.impl.sql.execute.DeleteResultSet.open(Unknown Source)
	at org.apache.derby.impl.sql.GenericPreparedStatement.executeStmt(Unknown Source)
	at org.apache.derby.impl.sql.GenericPreparedStatement.execute(Unknown Source)
	... 50 more

2024-04-24T12:05:57,257  INFO [TThreadPoolServer WorkerProcess-%d] HiveMetaStore.audit: ugi=alex	ip=127.0.0.1	cmd=source:127.0.0.1 drop_database: @hive#myDb	
2024-04-24T12:05:57,261  INFO [TThreadPoolServer WorkerProcess-%d] HiveMetaStore.audit: ugi=alex	ip=127.0.0.1	cmd=source:127.0.0.1 get_all_tables: db=@hive#myDb	
2024-04-24T12:05:57,264  INFO [TThreadPoolServer WorkerProcess-%d] HiveMetaStore.audit: ugi=alex	ip=127.0.0.1	cmd=source:127.0.0.1 get_functions: db=@hive#myDb pat=*	
2024-04-24T12:05:57,269  INFO [TThreadPoolServer WorkerProcess-%d] HiveMetaStore.audit: ugi=alex	ip=127.0.0.1	cmd=source:127.0.0.1 get_all_stored_procedures	
2024-04-24T12:05:57,273  INFO [TThreadPoolServer WorkerProcess-%d] HiveMetaStore.audit: ugi=alex	ip=127.0.0.1	cmd=source:127.0.0.1 get_all_packages	
2024-04-24T12:05:57,277  INFO [TThreadPoolServer WorkerProcess-%d] HiveMetaStore.audit: ugi=alex	ip=127.0.0.1	cmd=source:127.0.0.1 getTablesByTypeCore: catName=hive: db=myDb pat=.*,type=MATERIALIZED_VIEW	
2024-04-24T12:05:57,289  INFO [TThreadPoolServer WorkerProcess-%d] metastore.ObjectStore: Dropping database hive.myDb along with all tables
2024-04-24T12:05:57,300 ERROR [TThreadPoolServer WorkerProcess-%d] metastore.RetryingHMSHandler: Retrying HMSHandler after 2000 ms (attempt 8 of 10) with error: javax.jdo.JDODataStoreException: Exception thrown flushing changes to datastore
	at org.datanucleus.api.jdo.NucleusJDOHelper.getJDOExceptionForNucleusException(NucleusJDOHelper.java:542)
	at org.datanucleus.api.jdo.JDOPersistenceManager.flush(JDOPersistenceManager.java:2081)
	at org.apache.hadoop.hive.metastore.ObjectStore.addNotificationEvent(ObjectStore.java:11639)
	at sun.reflect.GeneratedMethodAccessor68.invoke(Unknown Source)
	at sun.reflect.DelegatingMethodAccessorImpl.invoke(DelegatingMethodAccessorImpl.java:43)
	at java.lang.reflect.Method.invoke(Method.java:498)
	at org.apache.hadoop.hive.metastore.RawStoreProxy.invoke(RawStoreProxy.java:97)
	at com.sun.proxy.$Proxy32.addNotificationEvent(Unknown Source)
	at org.apache.hive.hcatalog.listener.DbNotificationListener.process(DbNotificationListener.java:1403)
	at org.apache.hive.hcatalog.listener.DbNotificationListener.onDropDatabase(DbNotificationListener.java:513)
	at org.apache.hadoop.hive.metastore.MetaStoreListenerNotifier$26.notify(MetaStoreListenerNotifier.java:99)
	at org.apache.hadoop.hive.metastore.MetaStoreListenerNotifier.notifyEvent(MetaStoreListenerNotifier.java:339)
	at org.apache.hadoop.hive.metastore.HMSHandler.drop_database_core(HMSHandler.java:1785)
	at org.apache.hadoop.hive.metastore.HMSHandler.drop_database(HMSHandler.java:1869)
	at sun.reflect.NativeMethodAccessorImpl.invoke0(Native Method)
	at sun.reflect.NativeMethodAccessorImpl.invoke(NativeMethodAccessorImpl.java:62)
	at sun.reflect.DelegatingMethodAccessorImpl.invoke(DelegatingMethodAccessorImpl.java:43)
	at java.lang.reflect.Method.invoke(Method.java:498)
	at org.apache.hadoop.hive.metastore.RetryingHMSHandler.invokeInternal(RetryingHMSHandler.java:147)
	at org.apache.hadoop.hive.metastore.RetryingHMSHandler.invoke(RetryingHMSHandler.java:108)
	at com.sun.proxy.$Proxy34.drop_database(Unknown Source)
	at org.apache.hadoop.hive.metastore.api.ThriftHiveMetastore$Processor$drop_database.getResult(ThriftHiveMetastore.java:18285)
	at org.apache.hadoop.hive.metastore.api.ThriftHiveMetastore$Processor$drop_database.getResult(ThriftHiveMetastore.java:18264)
	at org.apache.thrift.ProcessFunction.process(ProcessFunction.java:38)
	at org.apache.hadoop.hive.metastore.TUGIBasedProcessor$1.run(TUGIBasedProcessor.java:111)
	at org.apache.hadoop.hive.metastore.TUGIBasedProcessor$1.run(TUGIBasedProcessor.java:107)
	at java.security.AccessController.doPrivileged(Native Method)
	at javax.security.auth.Subject.doAs(Subject.java:422)
	at org.apache.hadoop.security.UserGroupInformation.doAs(UserGroupInformation.java:1682)
	at org.apache.hadoop.hive.metastore.TUGIBasedProcessor.process(TUGIBasedProcessor.java:119)
	at org.apache.thrift.server.TThreadPoolServer$WorkerProcess.run(TThreadPoolServer.java:248)
	at java.util.concurrent.ThreadPoolExecutor.runWorker(ThreadPoolExecutor.java:1149)
	at java.util.concurrent.ThreadPoolExecutor$Worker.run(ThreadPoolExecutor.java:624)
	at java.lang.Thread.run(Thread.java:750)
NestedThrowablesStackTrace:
java.sql.BatchUpdateException: DELETE on table 'DBS' caused a violation of foreign key constraint 'TBLS_FK1' for key (4).  The statement has been rolled back.
	at org.apache.derby.impl.jdbc.EmbedStatement.executeLargeBatch(Unknown Source)
	at org.apache.derby.impl.jdbc.EmbedStatement.executeBatch(Unknown Source)
	at com.zaxxer.hikari.pool.ProxyStatement.executeBatch(ProxyStatement.java:128)
	at com.zaxxer.hikari.pool.HikariProxyPreparedStatement.executeBatch(HikariProxyPreparedStatement.java)
	at org.datanucleus.store.rdbms.ParamLoggingPreparedStatement.executeBatch(ParamLoggingPreparedStatement.java:366)
	at org.datanucleus.store.rdbms.SQLController.processConnectionStatement(SQLController.java:675)
	at org.datanucleus.store.rdbms.SQLController.processStatementsForConnection(SQLController.java:643)
	at org.datanucleus.store.rdbms.SQLController$1.transactionFlushed(SQLController.java:729)
	at org.datanucleus.store.connection.AbstractManagedConnection.transactionFlushed(AbstractManagedConnection.java:95)
	at org.datanucleus.store.connection.ConnectionManagerImpl$2.transactionFlushed(ConnectionManagerImpl.java:528)
	at org.datanucleus.TransactionImpl.flush(TransactionImpl.java:222)
	at org.datanucleus.ExecutionContextImpl.flushInternal(ExecutionContextImpl.java:4068)
	at org.datanucleus.ExecutionContextThreadedImpl.flushInternal(ExecutionContextThreadedImpl.java:448)
	at org.datanucleus.ExecutionContextImpl.flush(ExecutionContextImpl.java:4009)
	at org.datanucleus.ExecutionContextThreadedImpl.flush(ExecutionContextThreadedImpl.java:434)
	at org.datanucleus.api.jdo.JDOPersistenceManager.flush(JDOPersistenceManager.java:2064)
	at org.apache.hadoop.hive.metastore.ObjectStore.addNotificationEvent(ObjectStore.java:11639)
	at sun.reflect.GeneratedMethodAccessor68.invoke(Unknown Source)
	at sun.reflect.DelegatingMethodAccessorImpl.invoke(DelegatingMethodAccessorImpl.java:43)
	at java.lang.reflect.Method.invoke(Method.java:498)
	at org.apache.hadoop.hive.metastore.RawStoreProxy.invoke(RawStoreProxy.java:97)
	at com.sun.proxy.$Proxy32.addNotificationEvent(Unknown Source)
	at org.apache.hive.hcatalog.listener.DbNotificationListener.process(DbNotificationListener.java:1403)
	at org.apache.hive.hcatalog.listener.DbNotificationListener.onDropDatabase(DbNotificationListener.java:513)
	at org.apache.hadoop.hive.metastore.MetaStoreListenerNotifier$26.notify(MetaStoreListenerNotifier.java:99)
	at org.apache.hadoop.hive.metastore.MetaStoreListenerNotifier.notifyEvent(MetaStoreListenerNotifier.java:339)
	at org.apache.hadoop.hive.metastore.HMSHandler.drop_database_core(HMSHandler.java:1785)
	at org.apache.hadoop.hive.metastore.HMSHandler.drop_database(HMSHandler.java:1869)
	at sun.reflect.NativeMethodAccessorImpl.invoke0(Native Method)
	at sun.reflect.NativeMethodAccessorImpl.invoke(NativeMethodAccessorImpl.java:62)
	at sun.reflect.DelegatingMethodAccessorImpl.invoke(DelegatingMethodAccessorImpl.java:43)
	at java.lang.reflect.Method.invoke(Method.java:498)
	at org.apache.hadoop.hive.metastore.RetryingHMSHandler.invokeInternal(RetryingHMSHandler.java:147)
	at org.apache.hadoop.hive.metastore.RetryingHMSHandler.invoke(RetryingHMSHandler.java:108)
	at com.sun.proxy.$Proxy34.drop_database(Unknown Source)
	at org.apache.hadoop.hive.metastore.api.ThriftHiveMetastore$Processor$drop_database.getResult(ThriftHiveMetastore.java:18285)
	at org.apache.hadoop.hive.metastore.api.ThriftHiveMetastore$Processor$drop_database.getResult(ThriftHiveMetastore.java:18264)
	at org.apache.thrift.ProcessFunction.process(ProcessFunction.java:38)
	at org.apache.hadoop.hive.metastore.TUGIBasedProcessor$1.run(TUGIBasedProcessor.java:111)
	at org.apache.hadoop.hive.metastore.TUGIBasedProcessor$1.run(TUGIBasedProcessor.java:107)
	at java.security.AccessController.doPrivileged(Native Method)
	at javax.security.auth.Subject.doAs(Subject.java:422)
	at org.apache.hadoop.security.UserGroupInformation.doAs(UserGroupInformation.java:1682)
	at org.apache.hadoop.hive.metastore.TUGIBasedProcessor.process(TUGIBasedProcessor.java:119)
	at org.apache.thrift.server.TThreadPoolServer$WorkerProcess.run(TThreadPoolServer.java:248)
	at java.util.concurrent.ThreadPoolExecutor.runWorker(ThreadPoolExecutor.java:1149)
	at java.util.concurrent.ThreadPoolExecutor$Worker.run(ThreadPoolExecutor.java:624)
	at java.lang.Thread.run(Thread.java:750)
Caused by: org.apache.derby.shared.common.error.DerbySQLIntegrityConstraintViolationException: DELETE on table 'DBS' caused a violation of foreign key constraint 'TBLS_FK1' for key (4).  The statement has been rolled back.
	at org.apache.derby.impl.jdbc.SQLExceptionFactory.getSQLException(Unknown Source)
	at org.apache.derby.impl.jdbc.Util.generateCsSQLException(Unknown Source)
	at org.apache.derby.impl.jdbc.TransactionResourceImpl.wrapInSQLException(Unknown Source)
	at org.apache.derby.impl.jdbc.TransactionResourceImpl.handleException(Unknown Source)
	at org.apache.derby.impl.jdbc.EmbedConnection.handleException(Unknown Source)
	at org.apache.derby.impl.jdbc.ConnectionChild.handleException(Unknown Source)
	at org.apache.derby.impl.jdbc.EmbedStatement.executeStatement(Unknown Source)
	at org.apache.derby.impl.jdbc.EmbedPreparedStatement.executeBatchElement(Unknown Source)
	... 48 more
Caused by: ERROR 23503: DELETE on table 'DBS' caused a violation of foreign key constraint 'TBLS_FK1' for key (4).  The statement has been rolled back.
	at org.apache.derby.iapi.error.StandardException.newException(Unknown Source)
	at org.apache.derby.iapi.error.StandardException.newException(Unknown Source)
	at org.apache.derby.impl.sql.execute.ReferencedKeyRIChecker.doCheck(Unknown Source)
	at org.apache.derby.impl.sql.execute.RISetChecker.doPKCheck(Unknown Source)
	at org.apache.derby.impl.sql.execute.DeleteResultSet.collectAffectedRows(Unknown Source)
	at org.apache.derby.impl.sql.execute.DeleteResultSet.open(Unknown Source)
	at org.apache.derby.impl.sql.GenericPreparedStatement.executeStmt(Unknown Source)
	at org.apache.derby.impl.sql.GenericPreparedStatement.execute(Unknown Source)
	... 50 more

2024-04-24T12:05:59,301  INFO [TThreadPoolServer WorkerProcess-%d] HiveMetaStore.audit: ugi=alex	ip=127.0.0.1	cmd=source:127.0.0.1 drop_database: @hive#myDb	
2024-04-24T12:05:59,305  INFO [TThreadPoolServer WorkerProcess-%d] HiveMetaStore.audit: ugi=alex	ip=127.0.0.1	cmd=source:127.0.0.1 get_all_tables: db=@hive#myDb	
2024-04-24T12:05:59,305  INFO [TThreadPoolServer WorkerProcess-%d] HiveMetaStore.audit: ugi=alex	ip=127.0.0.1	cmd=source:127.0.0.1 get_functions: db=@hive#myDb pat=*	
2024-04-24T12:05:59,307  INFO [TThreadPoolServer WorkerProcess-%d] HiveMetaStore.audit: ugi=alex	ip=127.0.0.1	cmd=source:127.0.0.1 get_all_stored_procedures	
2024-04-24T12:05:59,308  INFO [TThreadPoolServer WorkerProcess-%d] HiveMetaStore.audit: ugi=alex	ip=127.0.0.1	cmd=source:127.0.0.1 get_all_packages	
2024-04-24T12:05:59,309  INFO [TThreadPoolServer WorkerProcess-%d] HiveMetaStore.audit: ugi=alex	ip=127.0.0.1	cmd=source:127.0.0.1 getTablesByTypeCore: catName=hive: db=myDb pat=.*,type=MATERIALIZED_VIEW	
2024-04-24T12:05:59,313  INFO [TThreadPoolServer WorkerProcess-%d] metastore.ObjectStore: Dropping database hive.myDb along with all tables
2024-04-24T12:05:59,317 ERROR [TThreadPoolServer WorkerProcess-%d] metastore.RetryingHMSHandler: Retrying HMSHandler after 2000 ms (attempt 9 of 10) with error: javax.jdo.JDODataStoreException: Exception thrown flushing changes to datastore
	at org.datanucleus.api.jdo.NucleusJDOHelper.getJDOExceptionForNucleusException(NucleusJDOHelper.java:542)
	at org.datanucleus.api.jdo.JDOPersistenceManager.flush(JDOPersistenceManager.java:2081)
	at org.apache.hadoop.hive.metastore.ObjectStore.addNotificationEvent(ObjectStore.java:11639)
	at sun.reflect.GeneratedMethodAccessor68.invoke(Unknown Source)
	at sun.reflect.DelegatingMethodAccessorImpl.invoke(DelegatingMethodAccessorImpl.java:43)
	at java.lang.reflect.Method.invoke(Method.java:498)
	at org.apache.hadoop.hive.metastore.RawStoreProxy.invoke(RawStoreProxy.java:97)
	at com.sun.proxy.$Proxy32.addNotificationEvent(Unknown Source)
	at org.apache.hive.hcatalog.listener.DbNotificationListener.process(DbNotificationListener.java:1403)
	at org.apache.hive.hcatalog.listener.DbNotificationListener.onDropDatabase(DbNotificationListener.java:513)
	at org.apache.hadoop.hive.metastore.MetaStoreListenerNotifier$26.notify(MetaStoreListenerNotifier.java:99)
	at org.apache.hadoop.hive.metastore.MetaStoreListenerNotifier.notifyEvent(MetaStoreListenerNotifier.java:339)
	at org.apache.hadoop.hive.metastore.HMSHandler.drop_database_core(HMSHandler.java:1785)
	at org.apache.hadoop.hive.metastore.HMSHandler.drop_database(HMSHandler.java:1869)
	at sun.reflect.NativeMethodAccessorImpl.invoke0(Native Method)
	at sun.reflect.NativeMethodAccessorImpl.invoke(NativeMethodAccessorImpl.java:62)
	at sun.reflect.DelegatingMethodAccessorImpl.invoke(DelegatingMethodAccessorImpl.java:43)
	at java.lang.reflect.Method.invoke(Method.java:498)
	at org.apache.hadoop.hive.metastore.RetryingHMSHandler.invokeInternal(RetryingHMSHandler.java:147)
	at org.apache.hadoop.hive.metastore.RetryingHMSHandler.invoke(RetryingHMSHandler.java:108)
	at com.sun.proxy.$Proxy34.drop_database(Unknown Source)
	at org.apache.hadoop.hive.metastore.api.ThriftHiveMetastore$Processor$drop_database.getResult(ThriftHiveMetastore.java:18285)
	at org.apache.hadoop.hive.metastore.api.ThriftHiveMetastore$Processor$drop_database.getResult(ThriftHiveMetastore.java:18264)
	at org.apache.thrift.ProcessFunction.process(ProcessFunction.java:38)
	at org.apache.hadoop.hive.metastore.TUGIBasedProcessor$1.run(TUGIBasedProcessor.java:111)
	at org.apache.hadoop.hive.metastore.TUGIBasedProcessor$1.run(TUGIBasedProcessor.java:107)
	at java.security.AccessController.doPrivileged(Native Method)
	at javax.security.auth.Subject.doAs(Subject.java:422)
	at org.apache.hadoop.security.UserGroupInformation.doAs(UserGroupInformation.java:1682)
	at org.apache.hadoop.hive.metastore.TUGIBasedProcessor.process(TUGIBasedProcessor.java:119)
	at org.apache.thrift.server.TThreadPoolServer$WorkerProcess.run(TThreadPoolServer.java:248)
	at java.util.concurrent.ThreadPoolExecutor.runWorker(ThreadPoolExecutor.java:1149)
	at java.util.concurrent.ThreadPoolExecutor$Worker.run(ThreadPoolExecutor.java:624)
	at java.lang.Thread.run(Thread.java:750)
NestedThrowablesStackTrace:
java.sql.BatchUpdateException: DELETE on table 'DBS' caused a violation of foreign key constraint 'TBLS_FK1' for key (4).  The statement has been rolled back.
	at org.apache.derby.impl.jdbc.EmbedStatement.executeLargeBatch(Unknown Source)
	at org.apache.derby.impl.jdbc.EmbedStatement.executeBatch(Unknown Source)
	at com.zaxxer.hikari.pool.ProxyStatement.executeBatch(ProxyStatement.java:128)
	at com.zaxxer.hikari.pool.HikariProxyPreparedStatement.executeBatch(HikariProxyPreparedStatement.java)
	at org.datanucleus.store.rdbms.ParamLoggingPreparedStatement.executeBatch(ParamLoggingPreparedStatement.java:366)
	at org.datanucleus.store.rdbms.SQLController.processConnectionStatement(SQLController.java:675)
	at org.datanucleus.store.rdbms.SQLController.processStatementsForConnection(SQLController.java:643)
	at org.datanucleus.store.rdbms.SQLController$1.transactionFlushed(SQLController.java:729)
	at org.datanucleus.store.connection.AbstractManagedConnection.transactionFlushed(AbstractManagedConnection.java:95)
	at org.datanucleus.store.connection.ConnectionManagerImpl$2.transactionFlushed(ConnectionManagerImpl.java:528)
	at org.datanucleus.TransactionImpl.flush(TransactionImpl.java:222)
	at org.datanucleus.ExecutionContextImpl.flushInternal(ExecutionContextImpl.java:4068)
	at org.datanucleus.ExecutionContextThreadedImpl.flushInternal(ExecutionContextThreadedImpl.java:448)
	at org.datanucleus.ExecutionContextImpl.flush(ExecutionContextImpl.java:4009)
	at org.datanucleus.ExecutionContextThreadedImpl.flush(ExecutionContextThreadedImpl.java:434)
	at org.datanucleus.api.jdo.JDOPersistenceManager.flush(JDOPersistenceManager.java:2064)
	at org.apache.hadoop.hive.metastore.ObjectStore.addNotificationEvent(ObjectStore.java:11639)
	at sun.reflect.GeneratedMethodAccessor68.invoke(Unknown Source)
	at sun.reflect.DelegatingMethodAccessorImpl.invoke(DelegatingMethodAccessorImpl.java:43)
	at java.lang.reflect.Method.invoke(Method.java:498)
	at org.apache.hadoop.hive.metastore.RawStoreProxy.invoke(RawStoreProxy.java:97)
	at com.sun.proxy.$Proxy32.addNotificationEvent(Unknown Source)
	at org.apache.hive.hcatalog.listener.DbNotificationListener.process(DbNotificationListener.java:1403)
	at org.apache.hive.hcatalog.listener.DbNotificationListener.onDropDatabase(DbNotificationListener.java:513)
	at org.apache.hadoop.hive.metastore.MetaStoreListenerNotifier$26.notify(MetaStoreListenerNotifier.java:99)
	at org.apache.hadoop.hive.metastore.MetaStoreListenerNotifier.notifyEvent(MetaStoreListenerNotifier.java:339)
	at org.apache.hadoop.hive.metastore.HMSHandler.drop_database_core(HMSHandler.java:1785)
	at org.apache.hadoop.hive.metastore.HMSHandler.drop_database(HMSHandler.java:1869)
	at sun.reflect.NativeMethodAccessorImpl.invoke0(Native Method)
	at sun.reflect.NativeMethodAccessorImpl.invoke(NativeMethodAccessorImpl.java:62)
	at sun.reflect.DelegatingMethodAccessorImpl.invoke(DelegatingMethodAccessorImpl.java:43)
	at java.lang.reflect.Method.invoke(Method.java:498)
	at org.apache.hadoop.hive.metastore.RetryingHMSHandler.invokeInternal(RetryingHMSHandler.java:147)
	at org.apache.hadoop.hive.metastore.RetryingHMSHandler.invoke(RetryingHMSHandler.java:108)
	at com.sun.proxy.$Proxy34.drop_database(Unknown Source)
	at org.apache.hadoop.hive.metastore.api.ThriftHiveMetastore$Processor$drop_database.getResult(ThriftHiveMetastore.java:18285)
	at org.apache.hadoop.hive.metastore.api.ThriftHiveMetastore$Processor$drop_database.getResult(ThriftHiveMetastore.java:18264)
	at org.apache.thrift.ProcessFunction.process(ProcessFunction.java:38)
	at org.apache.hadoop.hive.metastore.TUGIBasedProcessor$1.run(TUGIBasedProcessor.java:111)
	at org.apache.hadoop.hive.metastore.TUGIBasedProcessor$1.run(TUGIBasedProcessor.java:107)
	at java.security.AccessController.doPrivileged(Native Method)
	at javax.security.auth.Subject.doAs(Subject.java:422)
	at org.apache.hadoop.security.UserGroupInformation.doAs(UserGroupInformation.java:1682)
	at org.apache.hadoop.hive.metastore.TUGIBasedProcessor.process(TUGIBasedProcessor.java:119)
	at org.apache.thrift.server.TThreadPoolServer$WorkerProcess.run(TThreadPoolServer.java:248)
	at java.util.concurrent.ThreadPoolExecutor.runWorker(ThreadPoolExecutor.java:1149)
	at java.util.concurrent.ThreadPoolExecutor$Worker.run(ThreadPoolExecutor.java:624)
	at java.lang.Thread.run(Thread.java:750)
Caused by: org.apache.derby.shared.common.error.DerbySQLIntegrityConstraintViolationException: DELETE on table 'DBS' caused a violation of foreign key constraint 'TBLS_FK1' for key (4).  The statement has been rolled back.
	at org.apache.derby.impl.jdbc.SQLExceptionFactory.getSQLException(Unknown Source)
	at org.apache.derby.impl.jdbc.Util.generateCsSQLException(Unknown Source)
	at org.apache.derby.impl.jdbc.TransactionResourceImpl.wrapInSQLException(Unknown Source)
	at org.apache.derby.impl.jdbc.TransactionResourceImpl.handleException(Unknown Source)
	at org.apache.derby.impl.jdbc.EmbedConnection.handleException(Unknown Source)
	at org.apache.derby.impl.jdbc.ConnectionChild.handleException(Unknown Source)
	at org.apache.derby.impl.jdbc.EmbedStatement.executeStatement(Unknown Source)
	at org.apache.derby.impl.jdbc.EmbedPreparedStatement.executeBatchElement(Unknown Source)
	... 48 more
Caused by: ERROR 23503: DELETE on table 'DBS' caused a violation of foreign key constraint 'TBLS_FK1' for key (4).  The statement has been rolled back.
	at org.apache.derby.iapi.error.StandardException.newException(Unknown Source)
	at org.apache.derby.iapi.error.StandardException.newException(Unknown Source)
	at org.apache.derby.impl.sql.execute.ReferencedKeyRIChecker.doCheck(Unknown Source)
	at org.apache.derby.impl.sql.execute.RISetChecker.doPKCheck(Unknown Source)
	at org.apache.derby.impl.sql.execute.DeleteResultSet.collectAffectedRows(Unknown Source)
	at org.apache.derby.impl.sql.execute.DeleteResultSet.open(Unknown Source)
	at org.apache.derby.impl.sql.GenericPreparedStatement.executeStmt(Unknown Source)
	at org.apache.derby.impl.sql.GenericPreparedStatement.execute(Unknown Source)
	... 50 more

2024-04-24T12:06:01,318  INFO [TThreadPoolServer WorkerProcess-%d] HiveMetaStore.audit: ugi=alex	ip=127.0.0.1	cmd=source:127.0.0.1 drop_database: @hive#myDb	
2024-04-24T12:06:01,323  INFO [TThreadPoolServer WorkerProcess-%d] HiveMetaStore.audit: ugi=alex	ip=127.0.0.1	cmd=source:127.0.0.1 get_all_tables: db=@hive#myDb	
2024-04-24T12:06:01,324  INFO [TThreadPoolServer WorkerProcess-%d] HiveMetaStore.audit: ugi=alex	ip=127.0.0.1	cmd=source:127.0.0.1 get_functions: db=@hive#myDb pat=*	
2024-04-24T12:06:01,325  INFO [TThreadPoolServer WorkerProcess-%d] HiveMetaStore.audit: ugi=alex	ip=127.0.0.1	cmd=source:127.0.0.1 get_all_stored_procedures	
2024-04-24T12:06:01,326  INFO [TThreadPoolServer WorkerProcess-%d] HiveMetaStore.audit: ugi=alex	ip=127.0.0.1	cmd=source:127.0.0.1 get_all_packages	
2024-04-24T12:06:01,328  INFO [TThreadPoolServer WorkerProcess-%d] HiveMetaStore.audit: ugi=alex	ip=127.0.0.1	cmd=source:127.0.0.1 getTablesByTypeCore: catName=hive: db=myDb pat=.*,type=MATERIALIZED_VIEW	
2024-04-24T12:06:01,331  INFO [TThreadPoolServer WorkerProcess-%d] metastore.ObjectStore: Dropping database hive.myDb along with all tables
2024-04-24T12:06:01,336 ERROR [TThreadPoolServer WorkerProcess-%d] metastore.RetryingHMSHandler: Retrying HMSHandler after 2000 ms (attempt 10 of 10) with error: javax.jdo.JDODataStoreException: Exception thrown flushing changes to datastore
	at org.datanucleus.api.jdo.NucleusJDOHelper.getJDOExceptionForNucleusException(NucleusJDOHelper.java:542)
	at org.datanucleus.api.jdo.JDOPersistenceManager.flush(JDOPersistenceManager.java:2081)
	at org.apache.hadoop.hive.metastore.ObjectStore.addNotificationEvent(ObjectStore.java:11639)
	at sun.reflect.GeneratedMethodAccessor68.invoke(Unknown Source)
	at sun.reflect.DelegatingMethodAccessorImpl.invoke(DelegatingMethodAccessorImpl.java:43)
	at java.lang.reflect.Method.invoke(Method.java:498)
	at org.apache.hadoop.hive.metastore.RawStoreProxy.invoke(RawStoreProxy.java:97)
	at com.sun.proxy.$Proxy32.addNotificationEvent(Unknown Source)
	at org.apache.hive.hcatalog.listener.DbNotificationListener.process(DbNotificationListener.java:1403)
	at org.apache.hive.hcatalog.listener.DbNotificationListener.onDropDatabase(DbNotificationListener.java:513)
	at org.apache.hadoop.hive.metastore.MetaStoreListenerNotifier$26.notify(MetaStoreListenerNotifier.java:99)
	at org.apache.hadoop.hive.metastore.MetaStoreListenerNotifier.notifyEvent(MetaStoreListenerNotifier.java:339)
	at org.apache.hadoop.hive.metastore.HMSHandler.drop_database_core(HMSHandler.java:1785)
	at org.apache.hadoop.hive.metastore.HMSHandler.drop_database(HMSHandler.java:1869)
	at sun.reflect.NativeMethodAccessorImpl.invoke0(Native Method)
	at sun.reflect.NativeMethodAccessorImpl.invoke(NativeMethodAccessorImpl.java:62)
	at sun.reflect.DelegatingMethodAccessorImpl.invoke(DelegatingMethodAccessorImpl.java:43)
	at java.lang.reflect.Method.invoke(Method.java:498)
	at org.apache.hadoop.hive.metastore.RetryingHMSHandler.invokeInternal(RetryingHMSHandler.java:147)
	at org.apache.hadoop.hive.metastore.RetryingHMSHandler.invoke(RetryingHMSHandler.java:108)
	at com.sun.proxy.$Proxy34.drop_database(Unknown Source)
	at org.apache.hadoop.hive.metastore.api.ThriftHiveMetastore$Processor$drop_database.getResult(ThriftHiveMetastore.java:18285)
	at org.apache.hadoop.hive.metastore.api.ThriftHiveMetastore$Processor$drop_database.getResult(ThriftHiveMetastore.java:18264)
	at org.apache.thrift.ProcessFunction.process(ProcessFunction.java:38)
	at org.apache.hadoop.hive.metastore.TUGIBasedProcessor$1.run(TUGIBasedProcessor.java:111)
	at org.apache.hadoop.hive.metastore.TUGIBasedProcessor$1.run(TUGIBasedProcessor.java:107)
	at java.security.AccessController.doPrivileged(Native Method)
	at javax.security.auth.Subject.doAs(Subject.java:422)
	at org.apache.hadoop.security.UserGroupInformation.doAs(UserGroupInformation.java:1682)
	at org.apache.hadoop.hive.metastore.TUGIBasedProcessor.process(TUGIBasedProcessor.java:119)
	at org.apache.thrift.server.TThreadPoolServer$WorkerProcess.run(TThreadPoolServer.java:248)
	at java.util.concurrent.ThreadPoolExecutor.runWorker(ThreadPoolExecutor.java:1149)
	at java.util.concurrent.ThreadPoolExecutor$Worker.run(ThreadPoolExecutor.java:624)
	at java.lang.Thread.run(Thread.java:750)
NestedThrowablesStackTrace:
java.sql.BatchUpdateException: DELETE on table 'DBS' caused a violation of foreign key constraint 'TBLS_FK1' for key (4).  The statement has been rolled back.
	at org.apache.derby.impl.jdbc.EmbedStatement.executeLargeBatch(Unknown Source)
	at org.apache.derby.impl.jdbc.EmbedStatement.executeBatch(Unknown Source)
	at com.zaxxer.hikari.pool.ProxyStatement.executeBatch(ProxyStatement.java:128)
	at com.zaxxer.hikari.pool.HikariProxyPreparedStatement.executeBatch(HikariProxyPreparedStatement.java)
	at org.datanucleus.store.rdbms.ParamLoggingPreparedStatement.executeBatch(ParamLoggingPreparedStatement.java:366)
	at org.datanucleus.store.rdbms.SQLController.processConnectionStatement(SQLController.java:675)
	at org.datanucleus.store.rdbms.SQLController.processStatementsForConnection(SQLController.java:643)
	at org.datanucleus.store.rdbms.SQLController$1.transactionFlushed(SQLController.java:729)
	at org.datanucleus.store.connection.AbstractManagedConnection.transactionFlushed(AbstractManagedConnection.java:95)
	at org.datanucleus.store.connection.ConnectionManagerImpl$2.transactionFlushed(ConnectionManagerImpl.java:528)
	at org.datanucleus.TransactionImpl.flush(TransactionImpl.java:222)
	at org.datanucleus.ExecutionContextImpl.flushInternal(ExecutionContextImpl.java:4068)
	at org.datanucleus.ExecutionContextThreadedImpl.flushInternal(ExecutionContextThreadedImpl.java:448)
	at org.datanucleus.ExecutionContextImpl.flush(ExecutionContextImpl.java:4009)
	at org.datanucleus.ExecutionContextThreadedImpl.flush(ExecutionContextThreadedImpl.java:434)
	at org.datanucleus.api.jdo.JDOPersistenceManager.flush(JDOPersistenceManager.java:2064)
	at org.apache.hadoop.hive.metastore.ObjectStore.addNotificationEvent(ObjectStore.java:11639)
	at sun.reflect.GeneratedMethodAccessor68.invoke(Unknown Source)
	at sun.reflect.DelegatingMethodAccessorImpl.invoke(DelegatingMethodAccessorImpl.java:43)
	at java.lang.reflect.Method.invoke(Method.java:498)
	at org.apache.hadoop.hive.metastore.RawStoreProxy.invoke(RawStoreProxy.java:97)
	at com.sun.proxy.$Proxy32.addNotificationEvent(Unknown Source)
	at org.apache.hive.hcatalog.listener.DbNotificationListener.process(DbNotificationListener.java:1403)
	at org.apache.hive.hcatalog.listener.DbNotificationListener.onDropDatabase(DbNotificationListener.java:513)
	at org.apache.hadoop.hive.metastore.MetaStoreListenerNotifier$26.notify(MetaStoreListenerNotifier.java:99)
	at org.apache.hadoop.hive.metastore.MetaStoreListenerNotifier.notifyEvent(MetaStoreListenerNotifier.java:339)
	at org.apache.hadoop.hive.metastore.HMSHandler.drop_database_core(HMSHandler.java:1785)
	at org.apache.hadoop.hive.metastore.HMSHandler.drop_database(HMSHandler.java:1869)
	at sun.reflect.NativeMethodAccessorImpl.invoke0(Native Method)
	at sun.reflect.NativeMethodAccessorImpl.invoke(NativeMethodAccessorImpl.java:62)
	at sun.reflect.DelegatingMethodAccessorImpl.invoke(DelegatingMethodAccessorImpl.java:43)
	at java.lang.reflect.Method.invoke(Method.java:498)
	at org.apache.hadoop.hive.metastore.RetryingHMSHandler.invokeInternal(RetryingHMSHandler.java:147)
	at org.apache.hadoop.hive.metastore.RetryingHMSHandler.invoke(RetryingHMSHandler.java:108)
	at com.sun.proxy.$Proxy34.drop_database(Unknown Source)
	at org.apache.hadoop.hive.metastore.api.ThriftHiveMetastore$Processor$drop_database.getResult(ThriftHiveMetastore.java:18285)
	at org.apache.hadoop.hive.metastore.api.ThriftHiveMetastore$Processor$drop_database.getResult(ThriftHiveMetastore.java:18264)
	at org.apache.thrift.ProcessFunction.process(ProcessFunction.java:38)
	at org.apache.hadoop.hive.metastore.TUGIBasedProcessor$1.run(TUGIBasedProcessor.java:111)
	at org.apache.hadoop.hive.metastore.TUGIBasedProcessor$1.run(TUGIBasedProcessor.java:107)
	at java.security.AccessController.doPrivileged(Native Method)
	at javax.security.auth.Subject.doAs(Subject.java:422)
	at org.apache.hadoop.security.UserGroupInformation.doAs(UserGroupInformation.java:1682)
	at org.apache.hadoop.hive.metastore.TUGIBasedProcessor.process(TUGIBasedProcessor.java:119)
	at org.apache.thrift.server.TThreadPoolServer$WorkerProcess.run(TThreadPoolServer.java:248)
	at java.util.concurrent.ThreadPoolExecutor.runWorker(ThreadPoolExecutor.java:1149)
	at java.util.concurrent.ThreadPoolExecutor$Worker.run(ThreadPoolExecutor.java:624)
	at java.lang.Thread.run(Thread.java:750)
Caused by: org.apache.derby.shared.common.error.DerbySQLIntegrityConstraintViolationException: DELETE on table 'DBS' caused a violation of foreign key constraint 'TBLS_FK1' for key (4).  The statement has been rolled back.
	at org.apache.derby.impl.jdbc.SQLExceptionFactory.getSQLException(Unknown Source)
	at org.apache.derby.impl.jdbc.Util.generateCsSQLException(Unknown Source)
	at org.apache.derby.impl.jdbc.TransactionResourceImpl.wrapInSQLException(Unknown Source)
	at org.apache.derby.impl.jdbc.TransactionResourceImpl.handleException(Unknown Source)
	at org.apache.derby.impl.jdbc.EmbedConnection.handleException(Unknown Source)
	at org.apache.derby.impl.jdbc.ConnectionChild.handleException(Unknown Source)
	at org.apache.derby.impl.jdbc.EmbedStatement.executeStatement(Unknown Source)
	at org.apache.derby.impl.jdbc.EmbedPreparedStatement.executeBatchElement(Unknown Source)
	... 48 more
Caused by: ERROR 23503: DELETE on table 'DBS' caused a violation of foreign key constraint 'TBLS_FK1' for key (4).  The statement has been rolled back.
	at org.apache.derby.iapi.error.StandardException.newException(Unknown Source)
	at org.apache.derby.iapi.error.StandardException.newException(Unknown Source)
	at org.apache.derby.impl.sql.execute.ReferencedKeyRIChecker.doCheck(Unknown Source)
	at org.apache.derby.impl.sql.execute.RISetChecker.doPKCheck(Unknown Source)
	at org.apache.derby.impl.sql.execute.DeleteResultSet.collectAffectedRows(Unknown Source)
	at org.apache.derby.impl.sql.execute.DeleteResultSet.open(Unknown Source)
	at org.apache.derby.impl.sql.GenericPreparedStatement.executeStmt(Unknown Source)
	at org.apache.derby.impl.sql.GenericPreparedStatement.execute(Unknown Source)
	... 50 more

2024-04-24T12:06:03,337  INFO [TThreadPoolServer WorkerProcess-%d] HiveMetaStore.audit: ugi=alex	ip=127.0.0.1	cmd=source:127.0.0.1 drop_database: @hive#myDb	
2024-04-24T12:06:03,341  INFO [TThreadPoolServer WorkerProcess-%d] HiveMetaStore.audit: ugi=alex	ip=127.0.0.1	cmd=source:127.0.0.1 get_all_tables: db=@hive#myDb	
2024-04-24T12:06:03,342  INFO [TThreadPoolServer WorkerProcess-%d] HiveMetaStore.audit: ugi=alex	ip=127.0.0.1	cmd=source:127.0.0.1 get_functions: db=@hive#myDb pat=*	
2024-04-24T12:06:03,344  INFO [TThreadPoolServer WorkerProcess-%d] HiveMetaStore.audit: ugi=alex	ip=127.0.0.1	cmd=source:127.0.0.1 get_all_stored_procedures	
2024-04-24T12:06:03,345  INFO [TThreadPoolServer WorkerProcess-%d] HiveMetaStore.audit: ugi=alex	ip=127.0.0.1	cmd=source:127.0.0.1 get_all_packages	
2024-04-24T12:06:03,346  INFO [TThreadPoolServer WorkerProcess-%d] HiveMetaStore.audit: ugi=alex	ip=127.0.0.1	cmd=source:127.0.0.1 getTablesByTypeCore: catName=hive: db=myDb pat=.*,type=MATERIALIZED_VIEW	
2024-04-24T12:06:03,350  INFO [TThreadPoolServer WorkerProcess-%d] metastore.ObjectStore: Dropping database hive.myDb along with all tables
2024-04-24T12:06:03,354 ERROR [TThreadPoolServer WorkerProcess-%d] metastore.RetryingHMSHandler: HMSHandler Fatal error: javax.jdo.JDODataStoreException: Exception thrown flushing changes to datastore
	at org.datanucleus.api.jdo.NucleusJDOHelper.getJDOExceptionForNucleusException(NucleusJDOHelper.java:542)
	at org.datanucleus.api.jdo.JDOPersistenceManager.flush(JDOPersistenceManager.java:2081)
	at org.apache.hadoop.hive.metastore.ObjectStore.addNotificationEvent(ObjectStore.java:11639)
	at sun.reflect.GeneratedMethodAccessor68.invoke(Unknown Source)
	at sun.reflect.DelegatingMethodAccessorImpl.invoke(DelegatingMethodAccessorImpl.java:43)
	at java.lang.reflect.Method.invoke(Method.java:498)
	at org.apache.hadoop.hive.metastore.RawStoreProxy.invoke(RawStoreProxy.java:97)
	at com.sun.proxy.$Proxy32.addNotificationEvent(Unknown Source)
	at org.apache.hive.hcatalog.listener.DbNotificationListener.process(DbNotificationListener.java:1403)
	at org.apache.hive.hcatalog.listener.DbNotificationListener.onDropDatabase(DbNotificationListener.java:513)
	at org.apache.hadoop.hive.metastore.MetaStoreListenerNotifier$26.notify(MetaStoreListenerNotifier.java:99)
	at org.apache.hadoop.hive.metastore.MetaStoreListenerNotifier.notifyEvent(MetaStoreListenerNotifier.java:339)
	at org.apache.hadoop.hive.metastore.HMSHandler.drop_database_core(HMSHandler.java:1785)
	at org.apache.hadoop.hive.metastore.HMSHandler.drop_database(HMSHandler.java:1869)
	at sun.reflect.NativeMethodAccessorImpl.invoke0(Native Method)
	at sun.reflect.NativeMethodAccessorImpl.invoke(NativeMethodAccessorImpl.java:62)
	at sun.reflect.DelegatingMethodAccessorImpl.invoke(DelegatingMethodAccessorImpl.java:43)
	at java.lang.reflect.Method.invoke(Method.java:498)
	at org.apache.hadoop.hive.metastore.RetryingHMSHandler.invokeInternal(RetryingHMSHandler.java:147)
	at org.apache.hadoop.hive.metastore.RetryingHMSHandler.invoke(RetryingHMSHandler.java:108)
	at com.sun.proxy.$Proxy34.drop_database(Unknown Source)
	at org.apache.hadoop.hive.metastore.api.ThriftHiveMetastore$Processor$drop_database.getResult(ThriftHiveMetastore.java:18285)
	at org.apache.hadoop.hive.metastore.api.ThriftHiveMetastore$Processor$drop_database.getResult(ThriftHiveMetastore.java:18264)
	at org.apache.thrift.ProcessFunction.process(ProcessFunction.java:38)
	at org.apache.hadoop.hive.metastore.TUGIBasedProcessor$1.run(TUGIBasedProcessor.java:111)
	at org.apache.hadoop.hive.metastore.TUGIBasedProcessor$1.run(TUGIBasedProcessor.java:107)
	at java.security.AccessController.doPrivileged(Native Method)
	at javax.security.auth.Subject.doAs(Subject.java:422)
	at org.apache.hadoop.security.UserGroupInformation.doAs(UserGroupInformation.java:1682)
	at org.apache.hadoop.hive.metastore.TUGIBasedProcessor.process(TUGIBasedProcessor.java:119)
	at org.apache.thrift.server.TThreadPoolServer$WorkerProcess.run(TThreadPoolServer.java:248)
	at java.util.concurrent.ThreadPoolExecutor.runWorker(ThreadPoolExecutor.java:1149)
	at java.util.concurrent.ThreadPoolExecutor$Worker.run(ThreadPoolExecutor.java:624)
	at java.lang.Thread.run(Thread.java:750)
NestedThrowablesStackTrace:
java.sql.BatchUpdateException: DELETE on table 'DBS' caused a violation of foreign key constraint 'TBLS_FK1' for key (4).  The statement has been rolled back.
	at org.apache.derby.impl.jdbc.EmbedStatement.executeLargeBatch(Unknown Source)
	at org.apache.derby.impl.jdbc.EmbedStatement.executeBatch(Unknown Source)
	at com.zaxxer.hikari.pool.ProxyStatement.executeBatch(ProxyStatement.java:128)
	at com.zaxxer.hikari.pool.HikariProxyPreparedStatement.executeBatch(HikariProxyPreparedStatement.java)
	at org.datanucleus.store.rdbms.ParamLoggingPreparedStatement.executeBatch(ParamLoggingPreparedStatement.java:366)
	at org.datanucleus.store.rdbms.SQLController.processConnectionStatement(SQLController.java:675)
	at org.datanucleus.store.rdbms.SQLController.processStatementsForConnection(SQLController.java:643)
	at org.datanucleus.store.rdbms.SQLController$1.transactionFlushed(SQLController.java:729)
	at org.datanucleus.store.connection.AbstractManagedConnection.transactionFlushed(AbstractManagedConnection.java:95)
	at org.datanucleus.store.connection.ConnectionManagerImpl$2.transactionFlushed(ConnectionManagerImpl.java:528)
	at org.datanucleus.TransactionImpl.flush(TransactionImpl.java:222)
	at org.datanucleus.ExecutionContextImpl.flushInternal(ExecutionContextImpl.java:4068)
	at org.datanucleus.ExecutionContextThreadedImpl.flushInternal(ExecutionContextThreadedImpl.java:448)
	at org.datanucleus.ExecutionContextImpl.flush(ExecutionContextImpl.java:4009)
	at org.datanucleus.ExecutionContextThreadedImpl.flush(ExecutionContextThreadedImpl.java:434)
	at org.datanucleus.api.jdo.JDOPersistenceManager.flush(JDOPersistenceManager.java:2064)
	at org.apache.hadoop.hive.metastore.ObjectStore.addNotificationEvent(ObjectStore.java:11639)
	at sun.reflect.GeneratedMethodAccessor68.invoke(Unknown Source)
	at sun.reflect.DelegatingMethodAccessorImpl.invoke(DelegatingMethodAccessorImpl.java:43)
	at java.lang.reflect.Method.invoke(Method.java:498)
	at org.apache.hadoop.hive.metastore.RawStoreProxy.invoke(RawStoreProxy.java:97)
	at com.sun.proxy.$Proxy32.addNotificationEvent(Unknown Source)
	at org.apache.hive.hcatalog.listener.DbNotificationListener.process(DbNotificationListener.java:1403)
	at org.apache.hive.hcatalog.listener.DbNotificationListener.onDropDatabase(DbNotificationListener.java:513)
	at org.apache.hadoop.hive.metastore.MetaStoreListenerNotifier$26.notify(MetaStoreListenerNotifier.java:99)
	at org.apache.hadoop.hive.metastore.MetaStoreListenerNotifier.notifyEvent(MetaStoreListenerNotifier.java:339)
	at org.apache.hadoop.hive.metastore.HMSHandler.drop_database_core(HMSHandler.java:1785)
	at org.apache.hadoop.hive.metastore.HMSHandler.drop_database(HMSHandler.java:1869)
	at sun.reflect.NativeMethodAccessorImpl.invoke0(Native Method)
	at sun.reflect.NativeMethodAccessorImpl.invoke(NativeMethodAccessorImpl.java:62)
	at sun.reflect.DelegatingMethodAccessorImpl.invoke(DelegatingMethodAccessorImpl.java:43)
	at java.lang.reflect.Method.invoke(Method.java:498)
	at org.apache.hadoop.hive.metastore.RetryingHMSHandler.invokeInternal(RetryingHMSHandler.java:147)
	at org.apache.hadoop.hive.metastore.RetryingHMSHandler.invoke(RetryingHMSHandler.java:108)
	at com.sun.proxy.$Proxy34.drop_database(Unknown Source)
	at org.apache.hadoop.hive.metastore.api.ThriftHiveMetastore$Processor$drop_database.getResult(ThriftHiveMetastore.java:18285)
	at org.apache.hadoop.hive.metastore.api.ThriftHiveMetastore$Processor$drop_database.getResult(ThriftHiveMetastore.java:18264)
	at org.apache.thrift.ProcessFunction.process(ProcessFunction.java:38)
	at org.apache.hadoop.hive.metastore.TUGIBasedProcessor$1.run(TUGIBasedProcessor.java:111)
	at org.apache.hadoop.hive.metastore.TUGIBasedProcessor$1.run(TUGIBasedProcessor.java:107)
	at java.security.AccessController.doPrivileged(Native Method)
	at javax.security.auth.Subject.doAs(Subject.java:422)
	at org.apache.hadoop.security.UserGroupInformation.doAs(UserGroupInformation.java:1682)
	at org.apache.hadoop.hive.metastore.TUGIBasedProcessor.process(TUGIBasedProcessor.java:119)
	at org.apache.thrift.server.TThreadPoolServer$WorkerProcess.run(TThreadPoolServer.java:248)
	at java.util.concurrent.ThreadPoolExecutor.runWorker(ThreadPoolExecutor.java:1149)
	at java.util.concurrent.ThreadPoolExecutor$Worker.run(ThreadPoolExecutor.java:624)
	at java.lang.Thread.run(Thread.java:750)
Caused by: org.apache.derby.shared.common.error.DerbySQLIntegrityConstraintViolationException: DELETE on table 'DBS' caused a violation of foreign key constraint 'TBLS_FK1' for key (4).  The statement has been rolled back.
	at org.apache.derby.impl.jdbc.SQLExceptionFactory.getSQLException(Unknown Source)
	at org.apache.derby.impl.jdbc.Util.generateCsSQLException(Unknown Source)
	at org.apache.derby.impl.jdbc.TransactionResourceImpl.wrapInSQLException(Unknown Source)
	at org.apache.derby.impl.jdbc.TransactionResourceImpl.handleException(Unknown Source)
	at org.apache.derby.impl.jdbc.EmbedConnection.handleException(Unknown Source)
	at org.apache.derby.impl.jdbc.ConnectionChild.handleException(Unknown Source)
	at org.apache.derby.impl.jdbc.EmbedStatement.executeStatement(Unknown Source)
	at org.apache.derby.impl.jdbc.EmbedPreparedStatement.executeBatchElement(Unknown Source)
	... 48 more
Caused by: ERROR 23503: DELETE on table 'DBS' caused a violation of foreign key constraint 'TBLS_FK1' for key (4).  The statement has been rolled back.
	at org.apache.derby.iapi.error.StandardException.newException(Unknown Source)
	at org.apache.derby.iapi.error.StandardException.newException(Unknown Source)
	at org.apache.derby.impl.sql.execute.ReferencedKeyRIChecker.doCheck(Unknown Source)
	at org.apache.derby.impl.sql.execute.RISetChecker.doPKCheck(Unknown Source)
	at org.apache.derby.impl.sql.execute.DeleteResultSet.collectAffectedRows(Unknown Source)
	at org.apache.derby.impl.sql.execute.DeleteResultSet.open(Unknown Source)
	at org.apache.derby.impl.sql.GenericPreparedStatement.executeStmt(Unknown Source)
	at org.apache.derby.impl.sql.GenericPreparedStatement.execute(Unknown Source)
	... 50 more

2024-04-24T12:06:03,358  WARN [main] metastore.RetryingMetaStoreClient: MetaStoreClient lost connection. Attempting to reconnect (1 of 1) after 1s. dropDatabase
org.apache.hadoop.hive.metastore.api.MetaException: javax.jdo.JDODataStoreException: Exception thrown flushing changes to datastore
NestedThrowables:
java.sql.BatchUpdateException: DELETE on table 'DBS' caused a violation of foreign key constraint 'TBLS_FK1' for key (4).  The statement has been rolled back.
	at org.apache.hadoop.hive.metastore.api.ThriftHiveMetastore$drop_database_result$drop_database_resultStandardScheme.read(ThriftHiveMetastore.java:54495) ~[classes/:?]
	at org.apache.hadoop.hive.metastore.api.ThriftHiveMetastore$drop_database_result$drop_database_resultStandardScheme.read(ThriftHiveMetastore.java:54463) ~[classes/:?]
	at org.apache.hadoop.hive.metastore.api.ThriftHiveMetastore$drop_database_result.read(ThriftHiveMetastore.java:54397) ~[classes/:?]
	at org.apache.thrift.TServiceClient.receiveBase(TServiceClient.java:88) ~[libthrift-0.14.1.jar:0.14.1]
	at org.apache.hadoop.hive.metastore.api.ThriftHiveMetastore$Client.recv_drop_database(ThriftHiveMetastore.java:1404) ~[classes/:?]
	at org.apache.hadoop.hive.metastore.api.ThriftHiveMetastore$Client.drop_database(ThriftHiveMetastore.java:1389) ~[classes/:?]
	at org.apache.hadoop.hive.metastore.HiveMetaStoreClient.dropDatabaseCascadePerDb(HiveMetaStoreClient.java:1601) ~[classes/:?]
	at org.apache.hadoop.hive.metastore.HiveMetaStoreClient.dropDatabase(HiveMetaStoreClient.java:1532) ~[classes/:?]
	at org.apache.hadoop.hive.metastore.HiveMetaStoreClient.dropDatabase(HiveMetaStoreClient.java:1485) ~[classes/:?]
	at sun.reflect.NativeMethodAccessorImpl.invoke0(Native Method) ~[?:1.8.0_402]
	at sun.reflect.NativeMethodAccessorImpl.invoke(NativeMethodAccessorImpl.java:62) ~[?:1.8.0_402]
	at sun.reflect.DelegatingMethodAccessorImpl.invoke(DelegatingMethodAccessorImpl.java:43) ~[?:1.8.0_402]
	at java.lang.reflect.Method.invoke(Method.java:498) ~[?:1.8.0_402]
	at org.apache.hadoop.hive.metastore.RetryingMetaStoreClient.invoke(RetryingMetaStoreClient.java:214) [classes/:?]
	at com.sun.proxy.$Proxy35.dropDatabase(Unknown Source) [?:?]
	at org.apache.hive.hcatalog.api.HCatClientHMSImpl.dropDatabase(HCatClientHMSImpl.java:154) [classes/:?]
	at org.apache.hive.hcatalog.api.TestHCatClient.testDropPartitionsWithPartialSpec(TestHCatClient.java:805) [test-classes/:?]
	at sun.reflect.NativeMethodAccessorImpl.invoke0(Native Method) ~[?:1.8.0_402]
	at sun.reflect.NativeMethodAccessorImpl.invoke(NativeMethodAccessorImpl.java:62) ~[?:1.8.0_402]
	at sun.reflect.DelegatingMethodAccessorImpl.invoke(DelegatingMethodAccessorImpl.java:43) ~[?:1.8.0_402]
	at java.lang.reflect.Method.invoke(Method.java:498) ~[?:1.8.0_402]
	at org.junit.runners.model.FrameworkMethod$1.runReflectiveCall(FrameworkMethod.java:59) [junit-4.13.jar:4.13]
	at org.junit.internal.runners.model.ReflectiveCallable.run(ReflectiveCallable.java:12) [junit-4.13.jar:4.13]
	at org.junit.runners.model.FrameworkMethod.invokeExplosively(FrameworkMethod.java:56) [junit-4.13.jar:4.13]
	at org.junit.internal.runners.statements.InvokeMethod.evaluate(InvokeMethod.java:17) [junit-4.13.jar:4.13]
	at org.junit.runners.ParentRunner$3.evaluate(ParentRunner.java:306) [junit-4.13.jar:4.13]
	at org.junit.runners.BlockJUnit4ClassRunner$1.evaluate(BlockJUnit4ClassRunner.java:100) [junit-4.13.jar:4.13]
	at org.junit.runners.ParentRunner.runLeaf(ParentRunner.java:366) [junit-4.13.jar:4.13]
	at org.junit.runners.BlockJUnit4ClassRunner.runChild(BlockJUnit4ClassRunner.java:103) [junit-4.13.jar:4.13]
	at org.junit.runners.BlockJUnit4ClassRunner.runChild(BlockJUnit4ClassRunner.java:63) [junit-4.13.jar:4.13]
	at org.junit.runners.ParentRunner$4.run(ParentRunner.java:331) [junit-4.13.jar:4.13]
	at org.junit.runners.ParentRunner$1.schedule(ParentRunner.java:79) [junit-4.13.jar:4.13]
	at org.junit.runners.ParentRunner.runChildren(ParentRunner.java:329) [junit-4.13.jar:4.13]
	at org.junit.runners.ParentRunner.access$100(ParentRunner.java:66) [junit-4.13.jar:4.13]
	at org.junit.runners.ParentRunner$2.evaluate(ParentRunner.java:293) [junit-4.13.jar:4.13]
	at org.junit.internal.runners.statements.RunBefores.evaluate(RunBefores.java:26) [junit-4.13.jar:4.13]
	at org.junit.internal.runners.statements.RunAfters.evaluate(RunAfters.java:27) [junit-4.13.jar:4.13]
	at org.junit.runners.ParentRunner$3.evaluate(ParentRunner.java:306) [junit-4.13.jar:4.13]
	at org.junit.runners.ParentRunner.run(ParentRunner.java:413) [junit-4.13.jar:4.13]
	at org.junit.runners.Suite.runChild(Suite.java:128) [junit-4.13.jar:4.13]
	at org.junit.runners.Suite.runChild(Suite.java:27) [junit-4.13.jar:4.13]
	at org.junit.runners.ParentRunner$4.run(ParentRunner.java:331) [junit-4.13.jar:4.13]
	at org.junit.runners.ParentRunner$1.schedule(ParentRunner.java:79) [junit-4.13.jar:4.13]
	at org.junit.runners.ParentRunner.runChildren(ParentRunner.java:329) [junit-4.13.jar:4.13]
	at org.junit.runners.ParentRunner.access$100(ParentRunner.java:66) [junit-4.13.jar:4.13]
	at org.junit.runners.ParentRunner$2.evaluate(ParentRunner.java:293) [junit-4.13.jar:4.13]
	at org.junit.runners.ParentRunner$3.evaluate(ParentRunner.java:306) [junit-4.13.jar:4.13]
	at org.junit.runners.ParentRunner.run(ParentRunner.java:413) [junit-4.13.jar:4.13]
	at org.apache.maven.surefire.junitcore.JUnitCore.run(JUnitCore.java:55) [surefire-junit47-3.0.0-M4.jar:3.0.0-M4]
	at org.apache.maven.surefire.junitcore.JUnitCoreWrapper.createRequestAndRun(JUnitCoreWrapper.java:137) [surefire-junit47-3.0.0-M4.jar:3.0.0-M4]
	at org.apache.maven.surefire.junitcore.JUnitCoreWrapper.executeEager(JUnitCoreWrapper.java:107) [surefire-junit47-3.0.0-M4.jar:3.0.0-M4]
	at org.apache.maven.surefire.junitcore.JUnitCoreWrapper.execute(JUnitCoreWrapper.java:83) [surefire-junit47-3.0.0-M4.jar:3.0.0-M4]
	at org.apache.maven.surefire.junitcore.JUnitCoreWrapper.execute(JUnitCoreWrapper.java:75) [surefire-junit47-3.0.0-M4.jar:3.0.0-M4]
	at org.apache.maven.surefire.junitcore.JUnitCoreProvider.invoke(JUnitCoreProvider.java:158) [surefire-junit47-3.0.0-M4.jar:3.0.0-M4]
	at org.apache.maven.surefire.booter.ForkedBooter.runSuitesInProcess(ForkedBooter.java:377) [surefire-booter-3.0.0-M4.jar:3.0.0-M4]
	at org.apache.maven.surefire.booter.ForkedBooter.execute(ForkedBooter.java:138) [surefire-booter-3.0.0-M4.jar:3.0.0-M4]
	at org.apache.maven.surefire.booter.ForkedBooter.run(ForkedBooter.java:465) [surefire-booter-3.0.0-M4.jar:3.0.0-M4]
	at org.apache.maven.surefire.booter.ForkedBooter.main(ForkedBooter.java:451) [surefire-booter-3.0.0-M4.jar:3.0.0-M4]
2024-04-24T12:06:04,359  INFO [main] metastore.RetryingMetaStoreClient: RetryingMetaStoreClient trying reconnect as alex (auth:SIMPLE)
2024-04-24T12:06:04,362  WARN [main] metastore.HiveMetaStoreClient: Non-zero user count preventing client tear down: users=1 expired=false
2024-04-24T12:06:04,362  INFO [main] metastore.HiveMetaStoreClient: Trying to connect to metastore with URI (thrift://localhost:34727)
2024-04-24T12:06:04,363  INFO [main] metastore.HiveMetaStoreClient: Opened a connection to metastore, URI (thrift://localhost:34727) current connections: 2
2024-04-24T12:06:04,364  INFO [TThreadPoolServer WorkerProcess-%d] HiveMetaStore.audit: ugi=alex	ip=127.0.0.1	cmd=source:127.0.0.1 get_database: myDb	
2024-04-24T12:06:04,365  INFO [TThreadPoolServer WorkerProcess-%d] metastore.HMSHandler: 3: Opening raw store with implementation class:org.apache.hadoop.hive.metastore.ObjectStore
2024-04-24T12:06:04,366  INFO [TThreadPoolServer WorkerProcess-%d] metastore.ObjectStore: RawStore: org.apache.hadoop.hive.metastore.ObjectStore@d3cbb1c, with PersistenceManager: null will be shutdown
2024-04-24T12:06:04,366  INFO [TThreadPoolServer WorkerProcess-%d] metastore.ObjectStore: RawStore: org.apache.hadoop.hive.metastore.ObjectStore@d3cbb1c, with PersistenceManager: org.datanucleus.api.jdo.JDOPersistenceManager@7db26b8b created in the thread with id: 69
2024-04-24T12:06:04,406  INFO [TThreadPoolServer WorkerProcess-%d] metastore.HMSHandler: Created RawStore: org.apache.hadoop.hive.metastore.ObjectStore@d3cbb1c from thread id: 69
2024-04-24T12:06:04,408  INFO [TThreadPoolServer WorkerProcess-%d] HiveMetaStore.audit: ugi=alex	ip=127.0.0.1	cmd=source:127.0.0.1 get_tables_by_type: db=@hive#myDb pat=.*,type=MATERIALIZED_VIEW	
2024-04-24T12:06:04,408  INFO [TThreadPoolServer WorkerProcess-%d] HiveMetaStore.audit: ugi=alex	ip=127.0.0.1	cmd=source:127.0.0.1 getTablesByTypeCore: catName=hive: db=myDb pat=.*,type=MATERIALIZED_VIEW	
2024-04-24T12:06:04,411  INFO [TThreadPoolServer WorkerProcess-%d] HiveMetaStore.audit: ugi=alex	ip=127.0.0.1	cmd=source:127.0.0.1 get_all_tables: db=@hive#myDb	
2024-04-24T12:06:04,414  INFO [TThreadPoolServer WorkerProcess-%d] HiveMetaStore.audit: ugi=alex	ip=127.0.0.1	cmd=source:127.0.0.1 get_multi_table : db=myDb tbls=mytable	
2024-04-24T12:06:04,416  INFO [TThreadPoolServer WorkerProcess-%d] HiveMetaStore.audit: ugi=alex	ip=127.0.0.1	cmd=source:127.0.0.1 drop_database: @hive#myDb	
2024-04-24T12:06:04,417  INFO [TThreadPoolServer WorkerProcess-%d] HiveMetaStore.audit: ugi=alex	ip=127.0.0.1	cmd=source:127.0.0.1 get_all_tables: db=@hive#myDb	
2024-04-24T12:06:04,418  INFO [TThreadPoolServer WorkerProcess-%d] HiveMetaStore.audit: ugi=alex	ip=127.0.0.1	cmd=source:127.0.0.1 get_functions: db=@hive#myDb pat=*	
2024-04-24T12:06:04,420  INFO [TThreadPoolServer WorkerProcess-%d] HiveMetaStore.audit: ugi=alex	ip=127.0.0.1	cmd=source:127.0.0.1 get_all_stored_procedures	
2024-04-24T12:06:04,421  INFO [TThreadPoolServer WorkerProcess-%d] HiveMetaStore.audit: ugi=alex	ip=127.0.0.1	cmd=source:127.0.0.1 get_all_packages	
2024-04-24T12:06:04,423  INFO [TThreadPoolServer WorkerProcess-%d] HiveMetaStore.audit: ugi=alex	ip=127.0.0.1	cmd=source:127.0.0.1 getTablesByTypeCore: catName=hive: db=myDb pat=.*,type=MATERIALIZED_VIEW	
2024-04-24T12:06:04,425  INFO [TThreadPoolServer WorkerProcess-%d] metastore.ObjectStore: Dropping database hive.myDb along with all tables
2024-04-24T12:06:04,433 ERROR [TThreadPoolServer WorkerProcess-%d] metastore.RetryingHMSHandler: Retrying HMSHandler after 2000 ms (attempt 1 of 10) with error: javax.jdo.JDODataStoreException: Exception thrown flushing changes to datastore
	at org.datanucleus.api.jdo.NucleusJDOHelper.getJDOExceptionForNucleusException(NucleusJDOHelper.java:542)
	at org.datanucleus.api.jdo.JDOPersistenceManager.flush(JDOPersistenceManager.java:2081)
	at org.apache.hadoop.hive.metastore.ObjectStore.addNotificationEvent(ObjectStore.java:11639)
	at sun.reflect.GeneratedMethodAccessor68.invoke(Unknown Source)
	at sun.reflect.DelegatingMethodAccessorImpl.invoke(DelegatingMethodAccessorImpl.java:43)
	at java.lang.reflect.Method.invoke(Method.java:498)
	at org.apache.hadoop.hive.metastore.RawStoreProxy.invoke(RawStoreProxy.java:97)
	at com.sun.proxy.$Proxy32.addNotificationEvent(Unknown Source)
	at org.apache.hive.hcatalog.listener.DbNotificationListener.process(DbNotificationListener.java:1403)
	at org.apache.hive.hcatalog.listener.DbNotificationListener.onDropDatabase(DbNotificationListener.java:513)
	at org.apache.hadoop.hive.metastore.MetaStoreListenerNotifier$26.notify(MetaStoreListenerNotifier.java:99)
	at org.apache.hadoop.hive.metastore.MetaStoreListenerNotifier.notifyEvent(MetaStoreListenerNotifier.java:339)
	at org.apache.hadoop.hive.metastore.HMSHandler.drop_database_core(HMSHandler.java:1785)
	at org.apache.hadoop.hive.metastore.HMSHandler.drop_database(HMSHandler.java:1869)
	at sun.reflect.NativeMethodAccessorImpl.invoke0(Native Method)
	at sun.reflect.NativeMethodAccessorImpl.invoke(NativeMethodAccessorImpl.java:62)
	at sun.reflect.DelegatingMethodAccessorImpl.invoke(DelegatingMethodAccessorImpl.java:43)
	at java.lang.reflect.Method.invoke(Method.java:498)
	at org.apache.hadoop.hive.metastore.RetryingHMSHandler.invokeInternal(RetryingHMSHandler.java:147)
	at org.apache.hadoop.hive.metastore.RetryingHMSHandler.invoke(RetryingHMSHandler.java:108)
	at com.sun.proxy.$Proxy34.drop_database(Unknown Source)
	at org.apache.hadoop.hive.metastore.api.ThriftHiveMetastore$Processor$drop_database.getResult(ThriftHiveMetastore.java:18285)
	at org.apache.hadoop.hive.metastore.api.ThriftHiveMetastore$Processor$drop_database.getResult(ThriftHiveMetastore.java:18264)
	at org.apache.thrift.ProcessFunction.process(ProcessFunction.java:38)
	at org.apache.hadoop.hive.metastore.TUGIBasedProcessor$1.run(TUGIBasedProcessor.java:111)
	at org.apache.hadoop.hive.metastore.TUGIBasedProcessor$1.run(TUGIBasedProcessor.java:107)
	at java.security.AccessController.doPrivileged(Native Method)
	at javax.security.auth.Subject.doAs(Subject.java:422)
	at org.apache.hadoop.security.UserGroupInformation.doAs(UserGroupInformation.java:1682)
	at org.apache.hadoop.hive.metastore.TUGIBasedProcessor.process(TUGIBasedProcessor.java:119)
	at org.apache.thrift.server.TThreadPoolServer$WorkerProcess.run(TThreadPoolServer.java:248)
	at java.util.concurrent.ThreadPoolExecutor.runWorker(ThreadPoolExecutor.java:1149)
	at java.util.concurrent.ThreadPoolExecutor$Worker.run(ThreadPoolExecutor.java:624)
	at java.lang.Thread.run(Thread.java:750)
NestedThrowablesStackTrace:
java.sql.BatchUpdateException: DELETE on table 'DBS' caused a violation of foreign key constraint 'TBLS_FK1' for key (4).  The statement has been rolled back.
	at org.apache.derby.impl.jdbc.EmbedStatement.executeLargeBatch(Unknown Source)
	at org.apache.derby.impl.jdbc.EmbedStatement.executeBatch(Unknown Source)
	at com.zaxxer.hikari.pool.ProxyStatement.executeBatch(ProxyStatement.java:128)
	at com.zaxxer.hikari.pool.HikariProxyPreparedStatement.executeBatch(HikariProxyPreparedStatement.java)
	at org.datanucleus.store.rdbms.ParamLoggingPreparedStatement.executeBatch(ParamLoggingPreparedStatement.java:366)
	at org.datanucleus.store.rdbms.SQLController.processConnectionStatement(SQLController.java:675)
	at org.datanucleus.store.rdbms.SQLController.processStatementsForConnection(SQLController.java:643)
	at org.datanucleus.store.rdbms.SQLController$1.transactionFlushed(SQLController.java:729)
	at org.datanucleus.store.connection.AbstractManagedConnection.transactionFlushed(AbstractManagedConnection.java:95)
	at org.datanucleus.store.connection.ConnectionManagerImpl$2.transactionFlushed(ConnectionManagerImpl.java:528)
	at org.datanucleus.TransactionImpl.flush(TransactionImpl.java:222)
	at org.datanucleus.ExecutionContextImpl.flushInternal(ExecutionContextImpl.java:4068)
	at org.datanucleus.ExecutionContextThreadedImpl.flushInternal(ExecutionContextThreadedImpl.java:448)
	at org.datanucleus.ExecutionContextImpl.flush(ExecutionContextImpl.java:4009)
	at org.datanucleus.ExecutionContextThreadedImpl.flush(ExecutionContextThreadedImpl.java:434)
	at org.datanucleus.api.jdo.JDOPersistenceManager.flush(JDOPersistenceManager.java:2064)
	at org.apache.hadoop.hive.metastore.ObjectStore.addNotificationEvent(ObjectStore.java:11639)
	at sun.reflect.GeneratedMethodAccessor68.invoke(Unknown Source)
	at sun.reflect.DelegatingMethodAccessorImpl.invoke(DelegatingMethodAccessorImpl.java:43)
	at java.lang.reflect.Method.invoke(Method.java:498)
	at org.apache.hadoop.hive.metastore.RawStoreProxy.invoke(RawStoreProxy.java:97)
	at com.sun.proxy.$Proxy32.addNotificationEvent(Unknown Source)
	at org.apache.hive.hcatalog.listener.DbNotificationListener.process(DbNotificationListener.java:1403)
	at org.apache.hive.hcatalog.listener.DbNotificationListener.onDropDatabase(DbNotificationListener.java:513)
	at org.apache.hadoop.hive.metastore.MetaStoreListenerNotifier$26.notify(MetaStoreListenerNotifier.java:99)
	at org.apache.hadoop.hive.metastore.MetaStoreListenerNotifier.notifyEvent(MetaStoreListenerNotifier.java:339)
	at org.apache.hadoop.hive.metastore.HMSHandler.drop_database_core(HMSHandler.java:1785)
	at org.apache.hadoop.hive.metastore.HMSHandler.drop_database(HMSHandler.java:1869)
	at sun.reflect.NativeMethodAccessorImpl.invoke0(Native Method)
	at sun.reflect.NativeMethodAccessorImpl.invoke(NativeMethodAccessorImpl.java:62)
	at sun.reflect.DelegatingMethodAccessorImpl.invoke(DelegatingMethodAccessorImpl.java:43)
	at java.lang.reflect.Method.invoke(Method.java:498)
	at org.apache.hadoop.hive.metastore.RetryingHMSHandler.invokeInternal(RetryingHMSHandler.java:147)
	at org.apache.hadoop.hive.metastore.RetryingHMSHandler.invoke(RetryingHMSHandler.java:108)
	at com.sun.proxy.$Proxy34.drop_database(Unknown Source)
	at org.apache.hadoop.hive.metastore.api.ThriftHiveMetastore$Processor$drop_database.getResult(ThriftHiveMetastore.java:18285)
	at org.apache.hadoop.hive.metastore.api.ThriftHiveMetastore$Processor$drop_database.getResult(ThriftHiveMetastore.java:18264)
	at org.apache.thrift.ProcessFunction.process(ProcessFunction.java:38)
	at org.apache.hadoop.hive.metastore.TUGIBasedProcessor$1.run(TUGIBasedProcessor.java:111)
	at org.apache.hadoop.hive.metastore.TUGIBasedProcessor$1.run(TUGIBasedProcessor.java:107)
	at java.security.AccessController.doPrivileged(Native Method)
	at javax.security.auth.Subject.doAs(Subject.java:422)
	at org.apache.hadoop.security.UserGroupInformation.doAs(UserGroupInformation.java:1682)
	at org.apache.hadoop.hive.metastore.TUGIBasedProcessor.process(TUGIBasedProcessor.java:119)
	at org.apache.thrift.server.TThreadPoolServer$WorkerProcess.run(TThreadPoolServer.java:248)
	at java.util.concurrent.ThreadPoolExecutor.runWorker(ThreadPoolExecutor.java:1149)
	at java.util.concurrent.ThreadPoolExecutor$Worker.run(ThreadPoolExecutor.java:624)
	at java.lang.Thread.run(Thread.java:750)
Caused by: org.apache.derby.shared.common.error.DerbySQLIntegrityConstraintViolationException: DELETE on table 'DBS' caused a violation of foreign key constraint 'TBLS_FK1' for key (4).  The statement has been rolled back.
	at org.apache.derby.impl.jdbc.SQLExceptionFactory.getSQLException(Unknown Source)
	at org.apache.derby.impl.jdbc.Util.generateCsSQLException(Unknown Source)
	at org.apache.derby.impl.jdbc.TransactionResourceImpl.wrapInSQLException(Unknown Source)
	at org.apache.derby.impl.jdbc.TransactionResourceImpl.handleException(Unknown Source)
	at org.apache.derby.impl.jdbc.EmbedConnection.handleException(Unknown Source)
	at org.apache.derby.impl.jdbc.ConnectionChild.handleException(Unknown Source)
	at org.apache.derby.impl.jdbc.EmbedStatement.executeStatement(Unknown Source)
	at org.apache.derby.impl.jdbc.EmbedPreparedStatement.executeBatchElement(Unknown Source)
	... 48 more
Caused by: ERROR 23503: DELETE on table 'DBS' caused a violation of foreign key constraint 'TBLS_FK1' for key (4).  The statement has been rolled back.
	at org.apache.derby.iapi.error.StandardException.newException(Unknown Source)
	at org.apache.derby.iapi.error.StandardException.newException(Unknown Source)
	at org.apache.derby.impl.sql.execute.ReferencedKeyRIChecker.doCheck(Unknown Source)
	at org.apache.derby.impl.sql.execute.RISetChecker.doPKCheck(Unknown Source)
	at org.apache.derby.impl.sql.execute.DeleteResultSet.collectAffectedRows(Unknown Source)
	at org.apache.derby.impl.sql.execute.DeleteResultSet.open(Unknown Source)
	at org.apache.derby.impl.sql.GenericPreparedStatement.executeStmt(Unknown Source)
	at org.apache.derby.impl.sql.GenericPreparedStatement.execute(Unknown Source)
	... 50 more

2024-04-24T12:06:05,962  INFO [TThreadPoolServer WorkerProcess-%d] HiveMetaStore.audit: ugi=alex	ip=127.0.0.1	cmd=Cleaning up thread local RawStore...	
2024-04-24T12:06:05,962  INFO [TThreadPoolServer WorkerProcess-%d] metastore.ObjectStore: RawStore: org.apache.hadoop.hive.metastore.ObjectStore@6dfcb64e, with PersistenceManager: org.datanucleus.api.jdo.JDOPersistenceManager@7dd8f1da will be shutdown
2024-04-24T12:06:05,963  INFO [TThreadPoolServer WorkerProcess-%d] HiveMetaStore.audit: ugi=alex	ip=127.0.0.1	cmd=Done cleaning up thread local RawStore	
2024-04-24T12:06:06,435  INFO [TThreadPoolServer WorkerProcess-%d] HiveMetaStore.audit: ugi=alex	ip=127.0.0.1	cmd=source:127.0.0.1 drop_database: @hive#myDb	
2024-04-24T12:06:06,438  INFO [TThreadPoolServer WorkerProcess-%d] HiveMetaStore.audit: ugi=alex	ip=127.0.0.1	cmd=source:127.0.0.1 get_all_tables: db=@hive#myDb	
2024-04-24T12:06:06,439  INFO [TThreadPoolServer WorkerProcess-%d] HiveMetaStore.audit: ugi=alex	ip=127.0.0.1	cmd=source:127.0.0.1 get_functions: db=@hive#myDb pat=*	
2024-04-24T12:06:06,440  INFO [TThreadPoolServer WorkerProcess-%d] HiveMetaStore.audit: ugi=alex	ip=127.0.0.1	cmd=source:127.0.0.1 get_all_stored_procedures	
2024-04-24T12:06:06,441  INFO [TThreadPoolServer WorkerProcess-%d] HiveMetaStore.audit: ugi=alex	ip=127.0.0.1	cmd=source:127.0.0.1 get_all_packages	
2024-04-24T12:06:06,442  INFO [TThreadPoolServer WorkerProcess-%d] HiveMetaStore.audit: ugi=alex	ip=127.0.0.1	cmd=source:127.0.0.1 getTablesByTypeCore: catName=hive: db=myDb pat=.*,type=MATERIALIZED_VIEW	
2024-04-24T12:06:06,444  INFO [TThreadPoolServer WorkerProcess-%d] metastore.ObjectStore: Dropping database hive.myDb along with all tables
2024-04-24T12:06:06,450 ERROR [TThreadPoolServer WorkerProcess-%d] metastore.RetryingHMSHandler: Retrying HMSHandler after 2000 ms (attempt 2 of 10) with error: javax.jdo.JDODataStoreException: Exception thrown flushing changes to datastore
	at org.datanucleus.api.jdo.NucleusJDOHelper.getJDOExceptionForNucleusException(NucleusJDOHelper.java:542)
	at org.datanucleus.api.jdo.JDOPersistenceManager.flush(JDOPersistenceManager.java:2081)
	at org.apache.hadoop.hive.metastore.ObjectStore.addNotificationEvent(ObjectStore.java:11639)
	at sun.reflect.GeneratedMethodAccessor68.invoke(Unknown Source)
	at sun.reflect.DelegatingMethodAccessorImpl.invoke(DelegatingMethodAccessorImpl.java:43)
	at java.lang.reflect.Method.invoke(Method.java:498)
	at org.apache.hadoop.hive.metastore.RawStoreProxy.invoke(RawStoreProxy.java:97)
	at com.sun.proxy.$Proxy32.addNotificationEvent(Unknown Source)
	at org.apache.hive.hcatalog.listener.DbNotificationListener.process(DbNotificationListener.java:1403)
	at org.apache.hive.hcatalog.listener.DbNotificationListener.onDropDatabase(DbNotificationListener.java:513)
	at org.apache.hadoop.hive.metastore.MetaStoreListenerNotifier$26.notify(MetaStoreListenerNotifier.java:99)
	at org.apache.hadoop.hive.metastore.MetaStoreListenerNotifier.notifyEvent(MetaStoreListenerNotifier.java:339)
	at org.apache.hadoop.hive.metastore.HMSHandler.drop_database_core(HMSHandler.java:1785)
	at org.apache.hadoop.hive.metastore.HMSHandler.drop_database(HMSHandler.java:1869)
	at sun.reflect.NativeMethodAccessorImpl.invoke0(Native Method)
	at sun.reflect.NativeMethodAccessorImpl.invoke(NativeMethodAccessorImpl.java:62)
	at sun.reflect.DelegatingMethodAccessorImpl.invoke(DelegatingMethodAccessorImpl.java:43)
	at java.lang.reflect.Method.invoke(Method.java:498)
	at org.apache.hadoop.hive.metastore.RetryingHMSHandler.invokeInternal(RetryingHMSHandler.java:147)
	at org.apache.hadoop.hive.metastore.RetryingHMSHandler.invoke(RetryingHMSHandler.java:108)
	at com.sun.proxy.$Proxy34.drop_database(Unknown Source)
	at org.apache.hadoop.hive.metastore.api.ThriftHiveMetastore$Processor$drop_database.getResult(ThriftHiveMetastore.java:18285)
	at org.apache.hadoop.hive.metastore.api.ThriftHiveMetastore$Processor$drop_database.getResult(ThriftHiveMetastore.java:18264)
	at org.apache.thrift.ProcessFunction.process(ProcessFunction.java:38)
	at org.apache.hadoop.hive.metastore.TUGIBasedProcessor$1.run(TUGIBasedProcessor.java:111)
	at org.apache.hadoop.hive.metastore.TUGIBasedProcessor$1.run(TUGIBasedProcessor.java:107)
	at java.security.AccessController.doPrivileged(Native Method)
	at javax.security.auth.Subject.doAs(Subject.java:422)
	at org.apache.hadoop.security.UserGroupInformation.doAs(UserGroupInformation.java:1682)
	at org.apache.hadoop.hive.metastore.TUGIBasedProcessor.process(TUGIBasedProcessor.java:119)
	at org.apache.thrift.server.TThreadPoolServer$WorkerProcess.run(TThreadPoolServer.java:248)
	at java.util.concurrent.ThreadPoolExecutor.runWorker(ThreadPoolExecutor.java:1149)
	at java.util.concurrent.ThreadPoolExecutor$Worker.run(ThreadPoolExecutor.java:624)
	at java.lang.Thread.run(Thread.java:750)
NestedThrowablesStackTrace:
java.sql.BatchUpdateException: DELETE on table 'DBS' caused a violation of foreign key constraint 'TBLS_FK1' for key (4).  The statement has been rolled back.
	at org.apache.derby.impl.jdbc.EmbedStatement.executeLargeBatch(Unknown Source)
	at org.apache.derby.impl.jdbc.EmbedStatement.executeBatch(Unknown Source)
	at com.zaxxer.hikari.pool.ProxyStatement.executeBatch(ProxyStatement.java:128)
	at com.zaxxer.hikari.pool.HikariProxyPreparedStatement.executeBatch(HikariProxyPreparedStatement.java)
	at org.datanucleus.store.rdbms.ParamLoggingPreparedStatement.executeBatch(ParamLoggingPreparedStatement.java:366)
	at org.datanucleus.store.rdbms.SQLController.processConnectionStatement(SQLController.java:675)
	at org.datanucleus.store.rdbms.SQLController.processStatementsForConnection(SQLController.java:643)
	at org.datanucleus.store.rdbms.SQLController$1.transactionFlushed(SQLController.java:729)
	at org.datanucleus.store.connection.AbstractManagedConnection.transactionFlushed(AbstractManagedConnection.java:95)
	at org.datanucleus.store.connection.ConnectionManagerImpl$2.transactionFlushed(ConnectionManagerImpl.java:528)
	at org.datanucleus.TransactionImpl.flush(TransactionImpl.java:222)
	at org.datanucleus.ExecutionContextImpl.flushInternal(ExecutionContextImpl.java:4068)
	at org.datanucleus.ExecutionContextThreadedImpl.flushInternal(ExecutionContextThreadedImpl.java:448)
	at org.datanucleus.ExecutionContextImpl.flush(ExecutionContextImpl.java:4009)
	at org.datanucleus.ExecutionContextThreadedImpl.flush(ExecutionContextThreadedImpl.java:434)
	at org.datanucleus.api.jdo.JDOPersistenceManager.flush(JDOPersistenceManager.java:2064)
	at org.apache.hadoop.hive.metastore.ObjectStore.addNotificationEvent(ObjectStore.java:11639)
	at sun.reflect.GeneratedMethodAccessor68.invoke(Unknown Source)
	at sun.reflect.DelegatingMethodAccessorImpl.invoke(DelegatingMethodAccessorImpl.java:43)
	at java.lang.reflect.Method.invoke(Method.java:498)
	at org.apache.hadoop.hive.metastore.RawStoreProxy.invoke(RawStoreProxy.java:97)
	at com.sun.proxy.$Proxy32.addNotificationEvent(Unknown Source)
	at org.apache.hive.hcatalog.listener.DbNotificationListener.process(DbNotificationListener.java:1403)
	at org.apache.hive.hcatalog.listener.DbNotificationListener.onDropDatabase(DbNotificationListener.java:513)
	at org.apache.hadoop.hive.metastore.MetaStoreListenerNotifier$26.notify(MetaStoreListenerNotifier.java:99)
	at org.apache.hadoop.hive.metastore.MetaStoreListenerNotifier.notifyEvent(MetaStoreListenerNotifier.java:339)
	at org.apache.hadoop.hive.metastore.HMSHandler.drop_database_core(HMSHandler.java:1785)
	at org.apache.hadoop.hive.metastore.HMSHandler.drop_database(HMSHandler.java:1869)
	at sun.reflect.NativeMethodAccessorImpl.invoke0(Native Method)
	at sun.reflect.NativeMethodAccessorImpl.invoke(NativeMethodAccessorImpl.java:62)
	at sun.reflect.DelegatingMethodAccessorImpl.invoke(DelegatingMethodAccessorImpl.java:43)
	at java.lang.reflect.Method.invoke(Method.java:498)
	at org.apache.hadoop.hive.metastore.RetryingHMSHandler.invokeInternal(RetryingHMSHandler.java:147)
	at org.apache.hadoop.hive.metastore.RetryingHMSHandler.invoke(RetryingHMSHandler.java:108)
	at com.sun.proxy.$Proxy34.drop_database(Unknown Source)
	at org.apache.hadoop.hive.metastore.api.ThriftHiveMetastore$Processor$drop_database.getResult(ThriftHiveMetastore.java:18285)
	at org.apache.hadoop.hive.metastore.api.ThriftHiveMetastore$Processor$drop_database.getResult(ThriftHiveMetastore.java:18264)
	at org.apache.thrift.ProcessFunction.process(ProcessFunction.java:38)
	at org.apache.hadoop.hive.metastore.TUGIBasedProcessor$1.run(TUGIBasedProcessor.java:111)
	at org.apache.hadoop.hive.metastore.TUGIBasedProcessor$1.run(TUGIBasedProcessor.java:107)
	at java.security.AccessController.doPrivileged(Native Method)
	at javax.security.auth.Subject.doAs(Subject.java:422)
	at org.apache.hadoop.security.UserGroupInformation.doAs(UserGroupInformation.java:1682)
	at org.apache.hadoop.hive.metastore.TUGIBasedProcessor.process(TUGIBasedProcessor.java:119)
	at org.apache.thrift.server.TThreadPoolServer$WorkerProcess.run(TThreadPoolServer.java:248)
	at java.util.concurrent.ThreadPoolExecutor.runWorker(ThreadPoolExecutor.java:1149)
	at java.util.concurrent.ThreadPoolExecutor$Worker.run(ThreadPoolExecutor.java:624)
	at java.lang.Thread.run(Thread.java:750)
Caused by: org.apache.derby.shared.common.error.DerbySQLIntegrityConstraintViolationException: DELETE on table 'DBS' caused a violation of foreign key constraint 'TBLS_FK1' for key (4).  The statement has been rolled back.
	at org.apache.derby.impl.jdbc.SQLExceptionFactory.getSQLException(Unknown Source)
	at org.apache.derby.impl.jdbc.Util.generateCsSQLException(Unknown Source)
	at org.apache.derby.impl.jdbc.TransactionResourceImpl.wrapInSQLException(Unknown Source)
	at org.apache.derby.impl.jdbc.TransactionResourceImpl.handleException(Unknown Source)
	at org.apache.derby.impl.jdbc.EmbedConnection.handleException(Unknown Source)
	at org.apache.derby.impl.jdbc.ConnectionChild.handleException(Unknown Source)
	at org.apache.derby.impl.jdbc.EmbedStatement.executeStatement(Unknown Source)
	at org.apache.derby.impl.jdbc.EmbedPreparedStatement.executeBatchElement(Unknown Source)
	... 48 more
Caused by: ERROR 23503: DELETE on table 'DBS' caused a violation of foreign key constraint 'TBLS_FK1' for key (4).  The statement has been rolled back.
	at org.apache.derby.iapi.error.StandardException.newException(Unknown Source)
	at org.apache.derby.iapi.error.StandardException.newException(Unknown Source)
	at org.apache.derby.impl.sql.execute.ReferencedKeyRIChecker.doCheck(Unknown Source)
	at org.apache.derby.impl.sql.execute.RISetChecker.doPKCheck(Unknown Source)
	at org.apache.derby.impl.sql.execute.DeleteResultSet.collectAffectedRows(Unknown Source)
	at org.apache.derby.impl.sql.execute.DeleteResultSet.open(Unknown Source)
	at org.apache.derby.impl.sql.GenericPreparedStatement.executeStmt(Unknown Source)
	at org.apache.derby.impl.sql.GenericPreparedStatement.execute(Unknown Source)
	... 50 more

2024-04-24T12:06:08,452  INFO [TThreadPoolServer WorkerProcess-%d] HiveMetaStore.audit: ugi=alex	ip=127.0.0.1	cmd=source:127.0.0.1 drop_database: @hive#myDb	
2024-04-24T12:06:08,455  INFO [TThreadPoolServer WorkerProcess-%d] HiveMetaStore.audit: ugi=alex	ip=127.0.0.1	cmd=source:127.0.0.1 get_all_tables: db=@hive#myDb	
2024-04-24T12:06:08,456  INFO [TThreadPoolServer WorkerProcess-%d] HiveMetaStore.audit: ugi=alex	ip=127.0.0.1	cmd=source:127.0.0.1 get_functions: db=@hive#myDb pat=*	
2024-04-24T12:06:08,457  INFO [TThreadPoolServer WorkerProcess-%d] HiveMetaStore.audit: ugi=alex	ip=127.0.0.1	cmd=source:127.0.0.1 get_all_stored_procedures	
2024-04-24T12:06:08,459  INFO [TThreadPoolServer WorkerProcess-%d] HiveMetaStore.audit: ugi=alex	ip=127.0.0.1	cmd=source:127.0.0.1 get_all_packages	
2024-04-24T12:06:08,460  INFO [TThreadPoolServer WorkerProcess-%d] HiveMetaStore.audit: ugi=alex	ip=127.0.0.1	cmd=source:127.0.0.1 getTablesByTypeCore: catName=hive: db=myDb pat=.*,type=MATERIALIZED_VIEW	
2024-04-24T12:06:08,463  INFO [TThreadPoolServer WorkerProcess-%d] metastore.ObjectStore: Dropping database hive.myDb along with all tables
2024-04-24T12:06:08,468 ERROR [TThreadPoolServer WorkerProcess-%d] metastore.RetryingHMSHandler: Retrying HMSHandler after 2000 ms (attempt 3 of 10) with error: javax.jdo.JDODataStoreException: Exception thrown flushing changes to datastore
	at org.datanucleus.api.jdo.NucleusJDOHelper.getJDOExceptionForNucleusException(NucleusJDOHelper.java:542)
	at org.datanucleus.api.jdo.JDOPersistenceManager.flush(JDOPersistenceManager.java:2081)
	at org.apache.hadoop.hive.metastore.ObjectStore.addNotificationEvent(ObjectStore.java:11639)
	at sun.reflect.GeneratedMethodAccessor68.invoke(Unknown Source)
	at sun.reflect.DelegatingMethodAccessorImpl.invoke(DelegatingMethodAccessorImpl.java:43)
	at java.lang.reflect.Method.invoke(Method.java:498)
	at org.apache.hadoop.hive.metastore.RawStoreProxy.invoke(RawStoreProxy.java:97)
	at com.sun.proxy.$Proxy32.addNotificationEvent(Unknown Source)
	at org.apache.hive.hcatalog.listener.DbNotificationListener.process(DbNotificationListener.java:1403)
	at org.apache.hive.hcatalog.listener.DbNotificationListener.onDropDatabase(DbNotificationListener.java:513)
	at org.apache.hadoop.hive.metastore.MetaStoreListenerNotifier$26.notify(MetaStoreListenerNotifier.java:99)
	at org.apache.hadoop.hive.metastore.MetaStoreListenerNotifier.notifyEvent(MetaStoreListenerNotifier.java:339)
	at org.apache.hadoop.hive.metastore.HMSHandler.drop_database_core(HMSHandler.java:1785)
	at org.apache.hadoop.hive.metastore.HMSHandler.drop_database(HMSHandler.java:1869)
	at sun.reflect.NativeMethodAccessorImpl.invoke0(Native Method)
	at sun.reflect.NativeMethodAccessorImpl.invoke(NativeMethodAccessorImpl.java:62)
	at sun.reflect.DelegatingMethodAccessorImpl.invoke(DelegatingMethodAccessorImpl.java:43)
	at java.lang.reflect.Method.invoke(Method.java:498)
	at org.apache.hadoop.hive.metastore.RetryingHMSHandler.invokeInternal(RetryingHMSHandler.java:147)
	at org.apache.hadoop.hive.metastore.RetryingHMSHandler.invoke(RetryingHMSHandler.java:108)
	at com.sun.proxy.$Proxy34.drop_database(Unknown Source)
	at org.apache.hadoop.hive.metastore.api.ThriftHiveMetastore$Processor$drop_database.getResult(ThriftHiveMetastore.java:18285)
	at org.apache.hadoop.hive.metastore.api.ThriftHiveMetastore$Processor$drop_database.getResult(ThriftHiveMetastore.java:18264)
	at org.apache.thrift.ProcessFunction.process(ProcessFunction.java:38)
	at org.apache.hadoop.hive.metastore.TUGIBasedProcessor$1.run(TUGIBasedProcessor.java:111)
	at org.apache.hadoop.hive.metastore.TUGIBasedProcessor$1.run(TUGIBasedProcessor.java:107)
	at java.security.AccessController.doPrivileged(Native Method)
	at javax.security.auth.Subject.doAs(Subject.java:422)
	at org.apache.hadoop.security.UserGroupInformation.doAs(UserGroupInformation.java:1682)
	at org.apache.hadoop.hive.metastore.TUGIBasedProcessor.process(TUGIBasedProcessor.java:119)
	at org.apache.thrift.server.TThreadPoolServer$WorkerProcess.run(TThreadPoolServer.java:248)
	at java.util.concurrent.ThreadPoolExecutor.runWorker(ThreadPoolExecutor.java:1149)
	at java.util.concurrent.ThreadPoolExecutor$Worker.run(ThreadPoolExecutor.java:624)
	at java.lang.Thread.run(Thread.java:750)
NestedThrowablesStackTrace:
java.sql.BatchUpdateException: DELETE on table 'DBS' caused a violation of foreign key constraint 'TBLS_FK1' for key (4).  The statement has been rolled back.
	at org.apache.derby.impl.jdbc.EmbedStatement.executeLargeBatch(Unknown Source)
	at org.apache.derby.impl.jdbc.EmbedStatement.executeBatch(Unknown Source)
	at com.zaxxer.hikari.pool.ProxyStatement.executeBatch(ProxyStatement.java:128)
	at com.zaxxer.hikari.pool.HikariProxyPreparedStatement.executeBatch(HikariProxyPreparedStatement.java)
	at org.datanucleus.store.rdbms.ParamLoggingPreparedStatement.executeBatch(ParamLoggingPreparedStatement.java:366)
	at org.datanucleus.store.rdbms.SQLController.processConnectionStatement(SQLController.java:675)
	at org.datanucleus.store.rdbms.SQLController.processStatementsForConnection(SQLController.java:643)
	at org.datanucleus.store.rdbms.SQLController$1.transactionFlushed(SQLController.java:729)
	at org.datanucleus.store.connection.AbstractManagedConnection.transactionFlushed(AbstractManagedConnection.java:95)
	at org.datanucleus.store.connection.ConnectionManagerImpl$2.transactionFlushed(ConnectionManagerImpl.java:528)
	at org.datanucleus.TransactionImpl.flush(TransactionImpl.java:222)
	at org.datanucleus.ExecutionContextImpl.flushInternal(ExecutionContextImpl.java:4068)
	at org.datanucleus.ExecutionContextThreadedImpl.flushInternal(ExecutionContextThreadedImpl.java:448)
	at org.datanucleus.ExecutionContextImpl.flush(ExecutionContextImpl.java:4009)
	at org.datanucleus.ExecutionContextThreadedImpl.flush(ExecutionContextThreadedImpl.java:434)
	at org.datanucleus.api.jdo.JDOPersistenceManager.flush(JDOPersistenceManager.java:2064)
	at org.apache.hadoop.hive.metastore.ObjectStore.addNotificationEvent(ObjectStore.java:11639)
	at sun.reflect.GeneratedMethodAccessor68.invoke(Unknown Source)
	at sun.reflect.DelegatingMethodAccessorImpl.invoke(DelegatingMethodAccessorImpl.java:43)
	at java.lang.reflect.Method.invoke(Method.java:498)
	at org.apache.hadoop.hive.metastore.RawStoreProxy.invoke(RawStoreProxy.java:97)
	at com.sun.proxy.$Proxy32.addNotificationEvent(Unknown Source)
	at org.apache.hive.hcatalog.listener.DbNotificationListener.process(DbNotificationListener.java:1403)
	at org.apache.hive.hcatalog.listener.DbNotificationListener.onDropDatabase(DbNotificationListener.java:513)
	at org.apache.hadoop.hive.metastore.MetaStoreListenerNotifier$26.notify(MetaStoreListenerNotifier.java:99)
	at org.apache.hadoop.hive.metastore.MetaStoreListenerNotifier.notifyEvent(MetaStoreListenerNotifier.java:339)
	at org.apache.hadoop.hive.metastore.HMSHandler.drop_database_core(HMSHandler.java:1785)
	at org.apache.hadoop.hive.metastore.HMSHandler.drop_database(HMSHandler.java:1869)
	at sun.reflect.NativeMethodAccessorImpl.invoke0(Native Method)
	at sun.reflect.NativeMethodAccessorImpl.invoke(NativeMethodAccessorImpl.java:62)
	at sun.reflect.DelegatingMethodAccessorImpl.invoke(DelegatingMethodAccessorImpl.java:43)
	at java.lang.reflect.Method.invoke(Method.java:498)
	at org.apache.hadoop.hive.metastore.RetryingHMSHandler.invokeInternal(RetryingHMSHandler.java:147)
	at org.apache.hadoop.hive.metastore.RetryingHMSHandler.invoke(RetryingHMSHandler.java:108)
	at com.sun.proxy.$Proxy34.drop_database(Unknown Source)
	at org.apache.hadoop.hive.metastore.api.ThriftHiveMetastore$Processor$drop_database.getResult(ThriftHiveMetastore.java:18285)
	at org.apache.hadoop.hive.metastore.api.ThriftHiveMetastore$Processor$drop_database.getResult(ThriftHiveMetastore.java:18264)
	at org.apache.thrift.ProcessFunction.process(ProcessFunction.java:38)
	at org.apache.hadoop.hive.metastore.TUGIBasedProcessor$1.run(TUGIBasedProcessor.java:111)
	at org.apache.hadoop.hive.metastore.TUGIBasedProcessor$1.run(TUGIBasedProcessor.java:107)
	at java.security.AccessController.doPrivileged(Native Method)
	at javax.security.auth.Subject.doAs(Subject.java:422)
	at org.apache.hadoop.security.UserGroupInformation.doAs(UserGroupInformation.java:1682)
	at org.apache.hadoop.hive.metastore.TUGIBasedProcessor.process(TUGIBasedProcessor.java:119)
	at org.apache.thrift.server.TThreadPoolServer$WorkerProcess.run(TThreadPoolServer.java:248)
	at java.util.concurrent.ThreadPoolExecutor.runWorker(ThreadPoolExecutor.java:1149)
	at java.util.concurrent.ThreadPoolExecutor$Worker.run(ThreadPoolExecutor.java:624)
	at java.lang.Thread.run(Thread.java:750)
Caused by: org.apache.derby.shared.common.error.DerbySQLIntegrityConstraintViolationException: DELETE on table 'DBS' caused a violation of foreign key constraint 'TBLS_FK1' for key (4).  The statement has been rolled back.
	at org.apache.derby.impl.jdbc.SQLExceptionFactory.getSQLException(Unknown Source)
	at org.apache.derby.impl.jdbc.Util.generateCsSQLException(Unknown Source)
	at org.apache.derby.impl.jdbc.TransactionResourceImpl.wrapInSQLException(Unknown Source)
	at org.apache.derby.impl.jdbc.TransactionResourceImpl.handleException(Unknown Source)
	at org.apache.derby.impl.jdbc.EmbedConnection.handleException(Unknown Source)
	at org.apache.derby.impl.jdbc.ConnectionChild.handleException(Unknown Source)
	at org.apache.derby.impl.jdbc.EmbedStatement.executeStatement(Unknown Source)
	at org.apache.derby.impl.jdbc.EmbedPreparedStatement.executeBatchElement(Unknown Source)
	... 48 more
Caused by: ERROR 23503: DELETE on table 'DBS' caused a violation of foreign key constraint 'TBLS_FK1' for key (4).  The statement has been rolled back.
	at org.apache.derby.iapi.error.StandardException.newException(Unknown Source)
	at org.apache.derby.iapi.error.StandardException.newException(Unknown Source)
	at org.apache.derby.impl.sql.execute.ReferencedKeyRIChecker.doCheck(Unknown Source)
	at org.apache.derby.impl.sql.execute.RISetChecker.doPKCheck(Unknown Source)
	at org.apache.derby.impl.sql.execute.DeleteResultSet.collectAffectedRows(Unknown Source)
	at org.apache.derby.impl.sql.execute.DeleteResultSet.open(Unknown Source)
	at org.apache.derby.impl.sql.GenericPreparedStatement.executeStmt(Unknown Source)
	at org.apache.derby.impl.sql.GenericPreparedStatement.execute(Unknown Source)
	... 50 more

2024-04-24T12:06:10,469  INFO [TThreadPoolServer WorkerProcess-%d] HiveMetaStore.audit: ugi=alex	ip=127.0.0.1	cmd=source:127.0.0.1 drop_database: @hive#myDb	
2024-04-24T12:06:10,472  INFO [TThreadPoolServer WorkerProcess-%d] HiveMetaStore.audit: ugi=alex	ip=127.0.0.1	cmd=source:127.0.0.1 get_all_tables: db=@hive#myDb	
2024-04-24T12:06:10,473  INFO [TThreadPoolServer WorkerProcess-%d] HiveMetaStore.audit: ugi=alex	ip=127.0.0.1	cmd=source:127.0.0.1 get_functions: db=@hive#myDb pat=*	
2024-04-24T12:06:10,475  INFO [TThreadPoolServer WorkerProcess-%d] HiveMetaStore.audit: ugi=alex	ip=127.0.0.1	cmd=source:127.0.0.1 get_all_stored_procedures	
2024-04-24T12:06:10,476  INFO [TThreadPoolServer WorkerProcess-%d] HiveMetaStore.audit: ugi=alex	ip=127.0.0.1	cmd=source:127.0.0.1 get_all_packages	
2024-04-24T12:06:10,476  INFO [TThreadPoolServer WorkerProcess-%d] HiveMetaStore.audit: ugi=alex	ip=127.0.0.1	cmd=source:127.0.0.1 getTablesByTypeCore: catName=hive: db=myDb pat=.*,type=MATERIALIZED_VIEW	
2024-04-24T12:06:10,480  INFO [TThreadPoolServer WorkerProcess-%d] metastore.ObjectStore: Dropping database hive.myDb along with all tables
2024-04-24T12:06:10,485 ERROR [TThreadPoolServer WorkerProcess-%d] metastore.RetryingHMSHandler: Retrying HMSHandler after 2000 ms (attempt 4 of 10) with error: javax.jdo.JDODataStoreException: Exception thrown flushing changes to datastore
	at org.datanucleus.api.jdo.NucleusJDOHelper.getJDOExceptionForNucleusException(NucleusJDOHelper.java:542)
	at org.datanucleus.api.jdo.JDOPersistenceManager.flush(JDOPersistenceManager.java:2081)
	at org.apache.hadoop.hive.metastore.ObjectStore.addNotificationEvent(ObjectStore.java:11639)
	at sun.reflect.GeneratedMethodAccessor68.invoke(Unknown Source)
	at sun.reflect.DelegatingMethodAccessorImpl.invoke(DelegatingMethodAccessorImpl.java:43)
	at java.lang.reflect.Method.invoke(Method.java:498)
	at org.apache.hadoop.hive.metastore.RawStoreProxy.invoke(RawStoreProxy.java:97)
	at com.sun.proxy.$Proxy32.addNotificationEvent(Unknown Source)
	at org.apache.hive.hcatalog.listener.DbNotificationListener.process(DbNotificationListener.java:1403)
	at org.apache.hive.hcatalog.listener.DbNotificationListener.onDropDatabase(DbNotificationListener.java:513)
	at org.apache.hadoop.hive.metastore.MetaStoreListenerNotifier$26.notify(MetaStoreListenerNotifier.java:99)
	at org.apache.hadoop.hive.metastore.MetaStoreListenerNotifier.notifyEvent(MetaStoreListenerNotifier.java:339)
	at org.apache.hadoop.hive.metastore.HMSHandler.drop_database_core(HMSHandler.java:1785)
	at org.apache.hadoop.hive.metastore.HMSHandler.drop_database(HMSHandler.java:1869)
	at sun.reflect.GeneratedMethodAccessor74.invoke(Unknown Source)
	at sun.reflect.DelegatingMethodAccessorImpl.invoke(DelegatingMethodAccessorImpl.java:43)
	at java.lang.reflect.Method.invoke(Method.java:498)
	at org.apache.hadoop.hive.metastore.RetryingHMSHandler.invokeInternal(RetryingHMSHandler.java:147)
	at org.apache.hadoop.hive.metastore.RetryingHMSHandler.invoke(RetryingHMSHandler.java:108)
	at com.sun.proxy.$Proxy34.drop_database(Unknown Source)
	at org.apache.hadoop.hive.metastore.api.ThriftHiveMetastore$Processor$drop_database.getResult(ThriftHiveMetastore.java:18285)
	at org.apache.hadoop.hive.metastore.api.ThriftHiveMetastore$Processor$drop_database.getResult(ThriftHiveMetastore.java:18264)
	at org.apache.thrift.ProcessFunction.process(ProcessFunction.java:38)
	at org.apache.hadoop.hive.metastore.TUGIBasedProcessor$1.run(TUGIBasedProcessor.java:111)
	at org.apache.hadoop.hive.metastore.TUGIBasedProcessor$1.run(TUGIBasedProcessor.java:107)
	at java.security.AccessController.doPrivileged(Native Method)
	at javax.security.auth.Subject.doAs(Subject.java:422)
	at org.apache.hadoop.security.UserGroupInformation.doAs(UserGroupInformation.java:1682)
	at org.apache.hadoop.hive.metastore.TUGIBasedProcessor.process(TUGIBasedProcessor.java:119)
	at org.apache.thrift.server.TThreadPoolServer$WorkerProcess.run(TThreadPoolServer.java:248)
	at java.util.concurrent.ThreadPoolExecutor.runWorker(ThreadPoolExecutor.java:1149)
	at java.util.concurrent.ThreadPoolExecutor$Worker.run(ThreadPoolExecutor.java:624)
	at java.lang.Thread.run(Thread.java:750)
NestedThrowablesStackTrace:
java.sql.BatchUpdateException: DELETE on table 'DBS' caused a violation of foreign key constraint 'TBLS_FK1' for key (4).  The statement has been rolled back.
	at org.apache.derby.impl.jdbc.EmbedStatement.executeLargeBatch(Unknown Source)
	at org.apache.derby.impl.jdbc.EmbedStatement.executeBatch(Unknown Source)
	at com.zaxxer.hikari.pool.ProxyStatement.executeBatch(ProxyStatement.java:128)
	at com.zaxxer.hikari.pool.HikariProxyPreparedStatement.executeBatch(HikariProxyPreparedStatement.java)
	at org.datanucleus.store.rdbms.ParamLoggingPreparedStatement.executeBatch(ParamLoggingPreparedStatement.java:366)
	at org.datanucleus.store.rdbms.SQLController.processConnectionStatement(SQLController.java:675)
	at org.datanucleus.store.rdbms.SQLController.processStatementsForConnection(SQLController.java:643)
	at org.datanucleus.store.rdbms.SQLController$1.transactionFlushed(SQLController.java:729)
	at org.datanucleus.store.connection.AbstractManagedConnection.transactionFlushed(AbstractManagedConnection.java:95)
	at org.datanucleus.store.connection.ConnectionManagerImpl$2.transactionFlushed(ConnectionManagerImpl.java:528)
	at org.datanucleus.TransactionImpl.flush(TransactionImpl.java:222)
	at org.datanucleus.ExecutionContextImpl.flushInternal(ExecutionContextImpl.java:4068)
	at org.datanucleus.ExecutionContextThreadedImpl.flushInternal(ExecutionContextThreadedImpl.java:448)
	at org.datanucleus.ExecutionContextImpl.flush(ExecutionContextImpl.java:4009)
	at org.datanucleus.ExecutionContextThreadedImpl.flush(ExecutionContextThreadedImpl.java:434)
	at org.datanucleus.api.jdo.JDOPersistenceManager.flush(JDOPersistenceManager.java:2064)
	at org.apache.hadoop.hive.metastore.ObjectStore.addNotificationEvent(ObjectStore.java:11639)
	at sun.reflect.GeneratedMethodAccessor68.invoke(Unknown Source)
	at sun.reflect.DelegatingMethodAccessorImpl.invoke(DelegatingMethodAccessorImpl.java:43)
	at java.lang.reflect.Method.invoke(Method.java:498)
	at org.apache.hadoop.hive.metastore.RawStoreProxy.invoke(RawStoreProxy.java:97)
	at com.sun.proxy.$Proxy32.addNotificationEvent(Unknown Source)
	at org.apache.hive.hcatalog.listener.DbNotificationListener.process(DbNotificationListener.java:1403)
	at org.apache.hive.hcatalog.listener.DbNotificationListener.onDropDatabase(DbNotificationListener.java:513)
	at org.apache.hadoop.hive.metastore.MetaStoreListenerNotifier$26.notify(MetaStoreListenerNotifier.java:99)
	at org.apache.hadoop.hive.metastore.MetaStoreListenerNotifier.notifyEvent(MetaStoreListenerNotifier.java:339)
	at org.apache.hadoop.hive.metastore.HMSHandler.drop_database_core(HMSHandler.java:1785)
	at org.apache.hadoop.hive.metastore.HMSHandler.drop_database(HMSHandler.java:1869)
	at sun.reflect.GeneratedMethodAccessor74.invoke(Unknown Source)
	at sun.reflect.DelegatingMethodAccessorImpl.invoke(DelegatingMethodAccessorImpl.java:43)
	at java.lang.reflect.Method.invoke(Method.java:498)
	at org.apache.hadoop.hive.metastore.RetryingHMSHandler.invokeInternal(RetryingHMSHandler.java:147)
	at org.apache.hadoop.hive.metastore.RetryingHMSHandler.invoke(RetryingHMSHandler.java:108)
	at com.sun.proxy.$Proxy34.drop_database(Unknown Source)
	at org.apache.hadoop.hive.metastore.api.ThriftHiveMetastore$Processor$drop_database.getResult(ThriftHiveMetastore.java:18285)
	at org.apache.hadoop.hive.metastore.api.ThriftHiveMetastore$Processor$drop_database.getResult(ThriftHiveMetastore.java:18264)
	at org.apache.thrift.ProcessFunction.process(ProcessFunction.java:38)
	at org.apache.hadoop.hive.metastore.TUGIBasedProcessor$1.run(TUGIBasedProcessor.java:111)
	at org.apache.hadoop.hive.metastore.TUGIBasedProcessor$1.run(TUGIBasedProcessor.java:107)
	at java.security.AccessController.doPrivileged(Native Method)
	at javax.security.auth.Subject.doAs(Subject.java:422)
	at org.apache.hadoop.security.UserGroupInformation.doAs(UserGroupInformation.java:1682)
	at org.apache.hadoop.hive.metastore.TUGIBasedProcessor.process(TUGIBasedProcessor.java:119)
	at org.apache.thrift.server.TThreadPoolServer$WorkerProcess.run(TThreadPoolServer.java:248)
	at java.util.concurrent.ThreadPoolExecutor.runWorker(ThreadPoolExecutor.java:1149)
	at java.util.concurrent.ThreadPoolExecutor$Worker.run(ThreadPoolExecutor.java:624)
	at java.lang.Thread.run(Thread.java:750)
Caused by: org.apache.derby.shared.common.error.DerbySQLIntegrityConstraintViolationException: DELETE on table 'DBS' caused a violation of foreign key constraint 'TBLS_FK1' for key (4).  The statement has been rolled back.
	at org.apache.derby.impl.jdbc.SQLExceptionFactory.getSQLException(Unknown Source)
	at org.apache.derby.impl.jdbc.Util.generateCsSQLException(Unknown Source)
	at org.apache.derby.impl.jdbc.TransactionResourceImpl.wrapInSQLException(Unknown Source)
	at org.apache.derby.impl.jdbc.TransactionResourceImpl.handleException(Unknown Source)
	at org.apache.derby.impl.jdbc.EmbedConnection.handleException(Unknown Source)
	at org.apache.derby.impl.jdbc.ConnectionChild.handleException(Unknown Source)
	at org.apache.derby.impl.jdbc.EmbedStatement.executeStatement(Unknown Source)
	at org.apache.derby.impl.jdbc.EmbedPreparedStatement.executeBatchElement(Unknown Source)
	... 47 more
Caused by: ERROR 23503: DELETE on table 'DBS' caused a violation of foreign key constraint 'TBLS_FK1' for key (4).  The statement has been rolled back.
	at org.apache.derby.iapi.error.StandardException.newException(Unknown Source)
	at org.apache.derby.iapi.error.StandardException.newException(Unknown Source)
	at org.apache.derby.impl.sql.execute.ReferencedKeyRIChecker.doCheck(Unknown Source)
	at org.apache.derby.impl.sql.execute.RISetChecker.doPKCheck(Unknown Source)
	at org.apache.derby.impl.sql.execute.DeleteResultSet.collectAffectedRows(Unknown Source)
	at org.apache.derby.impl.sql.execute.DeleteResultSet.open(Unknown Source)
	at org.apache.derby.impl.sql.GenericPreparedStatement.executeStmt(Unknown Source)
	at org.apache.derby.impl.sql.GenericPreparedStatement.execute(Unknown Source)
	... 49 more

2024-04-24T12:06:12,486  INFO [TThreadPoolServer WorkerProcess-%d] HiveMetaStore.audit: ugi=alex	ip=127.0.0.1	cmd=source:127.0.0.1 drop_database: @hive#myDb	
2024-04-24T12:06:12,489  INFO [TThreadPoolServer WorkerProcess-%d] HiveMetaStore.audit: ugi=alex	ip=127.0.0.1	cmd=source:127.0.0.1 get_all_tables: db=@hive#myDb	
2024-04-24T12:06:12,491  INFO [TThreadPoolServer WorkerProcess-%d] HiveMetaStore.audit: ugi=alex	ip=127.0.0.1	cmd=source:127.0.0.1 get_functions: db=@hive#myDb pat=*	
2024-04-24T12:06:12,493  INFO [TThreadPoolServer WorkerProcess-%d] HiveMetaStore.audit: ugi=alex	ip=127.0.0.1	cmd=source:127.0.0.1 get_all_stored_procedures	
2024-04-24T12:06:12,494  INFO [TThreadPoolServer WorkerProcess-%d] HiveMetaStore.audit: ugi=alex	ip=127.0.0.1	cmd=source:127.0.0.1 get_all_packages	
2024-04-24T12:06:12,495  INFO [TThreadPoolServer WorkerProcess-%d] HiveMetaStore.audit: ugi=alex	ip=127.0.0.1	cmd=source:127.0.0.1 getTablesByTypeCore: catName=hive: db=myDb pat=.*,type=MATERIALIZED_VIEW	
2024-04-24T12:06:12,498  INFO [TThreadPoolServer WorkerProcess-%d] metastore.ObjectStore: Dropping database hive.myDb along with all tables
2024-04-24T12:06:12,503 ERROR [TThreadPoolServer WorkerProcess-%d] metastore.RetryingHMSHandler: Retrying HMSHandler after 2000 ms (attempt 5 of 10) with error: javax.jdo.JDODataStoreException: Exception thrown flushing changes to datastore
	at org.datanucleus.api.jdo.NucleusJDOHelper.getJDOExceptionForNucleusException(NucleusJDOHelper.java:542)
	at org.datanucleus.api.jdo.JDOPersistenceManager.flush(JDOPersistenceManager.java:2081)
	at org.apache.hadoop.hive.metastore.ObjectStore.addNotificationEvent(ObjectStore.java:11639)
	at sun.reflect.GeneratedMethodAccessor68.invoke(Unknown Source)
	at sun.reflect.DelegatingMethodAccessorImpl.invoke(DelegatingMethodAccessorImpl.java:43)
	at java.lang.reflect.Method.invoke(Method.java:498)
	at org.apache.hadoop.hive.metastore.RawStoreProxy.invoke(RawStoreProxy.java:97)
	at com.sun.proxy.$Proxy32.addNotificationEvent(Unknown Source)
	at org.apache.hive.hcatalog.listener.DbNotificationListener.process(DbNotificationListener.java:1403)
	at org.apache.hive.hcatalog.listener.DbNotificationListener.onDropDatabase(DbNotificationListener.java:513)
	at org.apache.hadoop.hive.metastore.MetaStoreListenerNotifier$26.notify(MetaStoreListenerNotifier.java:99)
	at org.apache.hadoop.hive.metastore.MetaStoreListenerNotifier.notifyEvent(MetaStoreListenerNotifier.java:339)
	at org.apache.hadoop.hive.metastore.HMSHandler.drop_database_core(HMSHandler.java:1785)
	at org.apache.hadoop.hive.metastore.HMSHandler.drop_database(HMSHandler.java:1869)
	at sun.reflect.GeneratedMethodAccessor74.invoke(Unknown Source)
	at sun.reflect.DelegatingMethodAccessorImpl.invoke(DelegatingMethodAccessorImpl.java:43)
	at java.lang.reflect.Method.invoke(Method.java:498)
	at org.apache.hadoop.hive.metastore.RetryingHMSHandler.invokeInternal(RetryingHMSHandler.java:147)
	at org.apache.hadoop.hive.metastore.RetryingHMSHandler.invoke(RetryingHMSHandler.java:108)
	at com.sun.proxy.$Proxy34.drop_database(Unknown Source)
	at org.apache.hadoop.hive.metastore.api.ThriftHiveMetastore$Processor$drop_database.getResult(ThriftHiveMetastore.java:18285)
	at org.apache.hadoop.hive.metastore.api.ThriftHiveMetastore$Processor$drop_database.getResult(ThriftHiveMetastore.java:18264)
	at org.apache.thrift.ProcessFunction.process(ProcessFunction.java:38)
	at org.apache.hadoop.hive.metastore.TUGIBasedProcessor$1.run(TUGIBasedProcessor.java:111)
	at org.apache.hadoop.hive.metastore.TUGIBasedProcessor$1.run(TUGIBasedProcessor.java:107)
	at java.security.AccessController.doPrivileged(Native Method)
	at javax.security.auth.Subject.doAs(Subject.java:422)
	at org.apache.hadoop.security.UserGroupInformation.doAs(UserGroupInformation.java:1682)
	at org.apache.hadoop.hive.metastore.TUGIBasedProcessor.process(TUGIBasedProcessor.java:119)
	at org.apache.thrift.server.TThreadPoolServer$WorkerProcess.run(TThreadPoolServer.java:248)
	at java.util.concurrent.ThreadPoolExecutor.runWorker(ThreadPoolExecutor.java:1149)
	at java.util.concurrent.ThreadPoolExecutor$Worker.run(ThreadPoolExecutor.java:624)
	at java.lang.Thread.run(Thread.java:750)
NestedThrowablesStackTrace:
java.sql.BatchUpdateException: DELETE on table 'DBS' caused a violation of foreign key constraint 'TBLS_FK1' for key (4).  The statement has been rolled back.
	at org.apache.derby.impl.jdbc.EmbedStatement.executeLargeBatch(Unknown Source)
	at org.apache.derby.impl.jdbc.EmbedStatement.executeBatch(Unknown Source)
	at com.zaxxer.hikari.pool.ProxyStatement.executeBatch(ProxyStatement.java:128)
	at com.zaxxer.hikari.pool.HikariProxyPreparedStatement.executeBatch(HikariProxyPreparedStatement.java)
	at org.datanucleus.store.rdbms.ParamLoggingPreparedStatement.executeBatch(ParamLoggingPreparedStatement.java:366)
	at org.datanucleus.store.rdbms.SQLController.processConnectionStatement(SQLController.java:675)
	at org.datanucleus.store.rdbms.SQLController.processStatementsForConnection(SQLController.java:643)
	at org.datanucleus.store.rdbms.SQLController$1.transactionFlushed(SQLController.java:729)
	at org.datanucleus.store.connection.AbstractManagedConnection.transactionFlushed(AbstractManagedConnection.java:95)
	at org.datanucleus.store.connection.ConnectionManagerImpl$2.transactionFlushed(ConnectionManagerImpl.java:528)
	at org.datanucleus.TransactionImpl.flush(TransactionImpl.java:222)
	at org.datanucleus.ExecutionContextImpl.flushInternal(ExecutionContextImpl.java:4068)
	at org.datanucleus.ExecutionContextThreadedImpl.flushInternal(ExecutionContextThreadedImpl.java:448)
	at org.datanucleus.ExecutionContextImpl.flush(ExecutionContextImpl.java:4009)
	at org.datanucleus.ExecutionContextThreadedImpl.flush(ExecutionContextThreadedImpl.java:434)
	at org.datanucleus.api.jdo.JDOPersistenceManager.flush(JDOPersistenceManager.java:2064)
	at org.apache.hadoop.hive.metastore.ObjectStore.addNotificationEvent(ObjectStore.java:11639)
	at sun.reflect.GeneratedMethodAccessor68.invoke(Unknown Source)
	at sun.reflect.DelegatingMethodAccessorImpl.invoke(DelegatingMethodAccessorImpl.java:43)
	at java.lang.reflect.Method.invoke(Method.java:498)
	at org.apache.hadoop.hive.metastore.RawStoreProxy.invoke(RawStoreProxy.java:97)
	at com.sun.proxy.$Proxy32.addNotificationEvent(Unknown Source)
	at org.apache.hive.hcatalog.listener.DbNotificationListener.process(DbNotificationListener.java:1403)
	at org.apache.hive.hcatalog.listener.DbNotificationListener.onDropDatabase(DbNotificationListener.java:513)
	at org.apache.hadoop.hive.metastore.MetaStoreListenerNotifier$26.notify(MetaStoreListenerNotifier.java:99)
	at org.apache.hadoop.hive.metastore.MetaStoreListenerNotifier.notifyEvent(MetaStoreListenerNotifier.java:339)
	at org.apache.hadoop.hive.metastore.HMSHandler.drop_database_core(HMSHandler.java:1785)
	at org.apache.hadoop.hive.metastore.HMSHandler.drop_database(HMSHandler.java:1869)
	at sun.reflect.GeneratedMethodAccessor74.invoke(Unknown Source)
	at sun.reflect.DelegatingMethodAccessorImpl.invoke(DelegatingMethodAccessorImpl.java:43)
	at java.lang.reflect.Method.invoke(Method.java:498)
	at org.apache.hadoop.hive.metastore.RetryingHMSHandler.invokeInternal(RetryingHMSHandler.java:147)
	at org.apache.hadoop.hive.metastore.RetryingHMSHandler.invoke(RetryingHMSHandler.java:108)
	at com.sun.proxy.$Proxy34.drop_database(Unknown Source)
	at org.apache.hadoop.hive.metastore.api.ThriftHiveMetastore$Processor$drop_database.getResult(ThriftHiveMetastore.java:18285)
	at org.apache.hadoop.hive.metastore.api.ThriftHiveMetastore$Processor$drop_database.getResult(ThriftHiveMetastore.java:18264)
	at org.apache.thrift.ProcessFunction.process(ProcessFunction.java:38)
	at org.apache.hadoop.hive.metastore.TUGIBasedProcessor$1.run(TUGIBasedProcessor.java:111)
	at org.apache.hadoop.hive.metastore.TUGIBasedProcessor$1.run(TUGIBasedProcessor.java:107)
	at java.security.AccessController.doPrivileged(Native Method)
	at javax.security.auth.Subject.doAs(Subject.java:422)
	at org.apache.hadoop.security.UserGroupInformation.doAs(UserGroupInformation.java:1682)
	at org.apache.hadoop.hive.metastore.TUGIBasedProcessor.process(TUGIBasedProcessor.java:119)
	at org.apache.thrift.server.TThreadPoolServer$WorkerProcess.run(TThreadPoolServer.java:248)
	at java.util.concurrent.ThreadPoolExecutor.runWorker(ThreadPoolExecutor.java:1149)
	at java.util.concurrent.ThreadPoolExecutor$Worker.run(ThreadPoolExecutor.java:624)
	at java.lang.Thread.run(Thread.java:750)
Caused by: org.apache.derby.shared.common.error.DerbySQLIntegrityConstraintViolationException: DELETE on table 'DBS' caused a violation of foreign key constraint 'TBLS_FK1' for key (4).  The statement has been rolled back.
	at org.apache.derby.impl.jdbc.SQLExceptionFactory.getSQLException(Unknown Source)
	at org.apache.derby.impl.jdbc.Util.generateCsSQLException(Unknown Source)
	at org.apache.derby.impl.jdbc.TransactionResourceImpl.wrapInSQLException(Unknown Source)
	at org.apache.derby.impl.jdbc.TransactionResourceImpl.handleException(Unknown Source)
	at org.apache.derby.impl.jdbc.EmbedConnection.handleException(Unknown Source)
	at org.apache.derby.impl.jdbc.ConnectionChild.handleException(Unknown Source)
	at org.apache.derby.impl.jdbc.EmbedStatement.executeStatement(Unknown Source)
	at org.apache.derby.impl.jdbc.EmbedPreparedStatement.executeBatchElement(Unknown Source)
	... 47 more
Caused by: ERROR 23503: DELETE on table 'DBS' caused a violation of foreign key constraint 'TBLS_FK1' for key (4).  The statement has been rolled back.
	at org.apache.derby.iapi.error.StandardException.newException(Unknown Source)
	at org.apache.derby.iapi.error.StandardException.newException(Unknown Source)
	at org.apache.derby.impl.sql.execute.ReferencedKeyRIChecker.doCheck(Unknown Source)
	at org.apache.derby.impl.sql.execute.RISetChecker.doPKCheck(Unknown Source)
	at org.apache.derby.impl.sql.execute.DeleteResultSet.collectAffectedRows(Unknown Source)
	at org.apache.derby.impl.sql.execute.DeleteResultSet.open(Unknown Source)
	at org.apache.derby.impl.sql.GenericPreparedStatement.executeStmt(Unknown Source)
	at org.apache.derby.impl.sql.GenericPreparedStatement.execute(Unknown Source)
	... 49 more

2024-04-24T12:06:14,504  INFO [TThreadPoolServer WorkerProcess-%d] HiveMetaStore.audit: ugi=alex	ip=127.0.0.1	cmd=source:127.0.0.1 drop_database: @hive#myDb	
2024-04-24T12:06:14,508  INFO [TThreadPoolServer WorkerProcess-%d] HiveMetaStore.audit: ugi=alex	ip=127.0.0.1	cmd=source:127.0.0.1 get_all_tables: db=@hive#myDb	
2024-04-24T12:06:14,509  INFO [TThreadPoolServer WorkerProcess-%d] HiveMetaStore.audit: ugi=alex	ip=127.0.0.1	cmd=source:127.0.0.1 get_functions: db=@hive#myDb pat=*	
2024-04-24T12:06:14,510  INFO [TThreadPoolServer WorkerProcess-%d] HiveMetaStore.audit: ugi=alex	ip=127.0.0.1	cmd=source:127.0.0.1 get_all_stored_procedures	
2024-04-24T12:06:14,511  INFO [TThreadPoolServer WorkerProcess-%d] HiveMetaStore.audit: ugi=alex	ip=127.0.0.1	cmd=source:127.0.0.1 get_all_packages	
2024-04-24T12:06:14,512  INFO [TThreadPoolServer WorkerProcess-%d] HiveMetaStore.audit: ugi=alex	ip=127.0.0.1	cmd=source:127.0.0.1 getTablesByTypeCore: catName=hive: db=myDb pat=.*,type=MATERIALIZED_VIEW	
2024-04-24T12:06:14,514  INFO [TThreadPoolServer WorkerProcess-%d] metastore.ObjectStore: Dropping database hive.myDb along with all tables
2024-04-24T12:06:14,518 ERROR [TThreadPoolServer WorkerProcess-%d] metastore.RetryingHMSHandler: Retrying HMSHandler after 2000 ms (attempt 6 of 10) with error: javax.jdo.JDODataStoreException: Exception thrown flushing changes to datastore
	at org.datanucleus.api.jdo.NucleusJDOHelper.getJDOExceptionForNucleusException(NucleusJDOHelper.java:542)
	at org.datanucleus.api.jdo.JDOPersistenceManager.flush(JDOPersistenceManager.java:2081)
	at org.apache.hadoop.hive.metastore.ObjectStore.addNotificationEvent(ObjectStore.java:11639)
	at sun.reflect.GeneratedMethodAccessor68.invoke(Unknown Source)
	at sun.reflect.DelegatingMethodAccessorImpl.invoke(DelegatingMethodAccessorImpl.java:43)
	at java.lang.reflect.Method.invoke(Method.java:498)
	at org.apache.hadoop.hive.metastore.RawStoreProxy.invoke(RawStoreProxy.java:97)
	at com.sun.proxy.$Proxy32.addNotificationEvent(Unknown Source)
	at org.apache.hive.hcatalog.listener.DbNotificationListener.process(DbNotificationListener.java:1403)
	at org.apache.hive.hcatalog.listener.DbNotificationListener.onDropDatabase(DbNotificationListener.java:513)
	at org.apache.hadoop.hive.metastore.MetaStoreListenerNotifier$26.notify(MetaStoreListenerNotifier.java:99)
	at org.apache.hadoop.hive.metastore.MetaStoreListenerNotifier.notifyEvent(MetaStoreListenerNotifier.java:339)
	at org.apache.hadoop.hive.metastore.HMSHandler.drop_database_core(HMSHandler.java:1785)
	at org.apache.hadoop.hive.metastore.HMSHandler.drop_database(HMSHandler.java:1869)
	at sun.reflect.GeneratedMethodAccessor74.invoke(Unknown Source)
	at sun.reflect.DelegatingMethodAccessorImpl.invoke(DelegatingMethodAccessorImpl.java:43)
	at java.lang.reflect.Method.invoke(Method.java:498)
	at org.apache.hadoop.hive.metastore.RetryingHMSHandler.invokeInternal(RetryingHMSHandler.java:147)
	at org.apache.hadoop.hive.metastore.RetryingHMSHandler.invoke(RetryingHMSHandler.java:108)
	at com.sun.proxy.$Proxy34.drop_database(Unknown Source)
	at org.apache.hadoop.hive.metastore.api.ThriftHiveMetastore$Processor$drop_database.getResult(ThriftHiveMetastore.java:18285)
	at org.apache.hadoop.hive.metastore.api.ThriftHiveMetastore$Processor$drop_database.getResult(ThriftHiveMetastore.java:18264)
	at org.apache.thrift.ProcessFunction.process(ProcessFunction.java:38)
	at org.apache.hadoop.hive.metastore.TUGIBasedProcessor$1.run(TUGIBasedProcessor.java:111)
	at org.apache.hadoop.hive.metastore.TUGIBasedProcessor$1.run(TUGIBasedProcessor.java:107)
	at java.security.AccessController.doPrivileged(Native Method)
	at javax.security.auth.Subject.doAs(Subject.java:422)
	at org.apache.hadoop.security.UserGroupInformation.doAs(UserGroupInformation.java:1682)
	at org.apache.hadoop.hive.metastore.TUGIBasedProcessor.process(TUGIBasedProcessor.java:119)
	at org.apache.thrift.server.TThreadPoolServer$WorkerProcess.run(TThreadPoolServer.java:248)
	at java.util.concurrent.ThreadPoolExecutor.runWorker(ThreadPoolExecutor.java:1149)
	at java.util.concurrent.ThreadPoolExecutor$Worker.run(ThreadPoolExecutor.java:624)
	at java.lang.Thread.run(Thread.java:750)
NestedThrowablesStackTrace:
java.sql.BatchUpdateException: DELETE on table 'DBS' caused a violation of foreign key constraint 'TBLS_FK1' for key (4).  The statement has been rolled back.
	at org.apache.derby.impl.jdbc.EmbedStatement.executeLargeBatch(Unknown Source)
	at org.apache.derby.impl.jdbc.EmbedStatement.executeBatch(Unknown Source)
	at com.zaxxer.hikari.pool.ProxyStatement.executeBatch(ProxyStatement.java:128)
	at com.zaxxer.hikari.pool.HikariProxyPreparedStatement.executeBatch(HikariProxyPreparedStatement.java)
	at org.datanucleus.store.rdbms.ParamLoggingPreparedStatement.executeBatch(ParamLoggingPreparedStatement.java:366)
	at org.datanucleus.store.rdbms.SQLController.processConnectionStatement(SQLController.java:675)
	at org.datanucleus.store.rdbms.SQLController.processStatementsForConnection(SQLController.java:643)
	at org.datanucleus.store.rdbms.SQLController$1.transactionFlushed(SQLController.java:729)
	at org.datanucleus.store.connection.AbstractManagedConnection.transactionFlushed(AbstractManagedConnection.java:95)
	at org.datanucleus.store.connection.ConnectionManagerImpl$2.transactionFlushed(ConnectionManagerImpl.java:528)
	at org.datanucleus.TransactionImpl.flush(TransactionImpl.java:222)
	at org.datanucleus.ExecutionContextImpl.flushInternal(ExecutionContextImpl.java:4068)
	at org.datanucleus.ExecutionContextThreadedImpl.flushInternal(ExecutionContextThreadedImpl.java:448)
	at org.datanucleus.ExecutionContextImpl.flush(ExecutionContextImpl.java:4009)
	at org.datanucleus.ExecutionContextThreadedImpl.flush(ExecutionContextThreadedImpl.java:434)
	at org.datanucleus.api.jdo.JDOPersistenceManager.flush(JDOPersistenceManager.java:2064)
	at org.apache.hadoop.hive.metastore.ObjectStore.addNotificationEvent(ObjectStore.java:11639)
	at sun.reflect.GeneratedMethodAccessor68.invoke(Unknown Source)
	at sun.reflect.DelegatingMethodAccessorImpl.invoke(DelegatingMethodAccessorImpl.java:43)
	at java.lang.reflect.Method.invoke(Method.java:498)
	at org.apache.hadoop.hive.metastore.RawStoreProxy.invoke(RawStoreProxy.java:97)
	at com.sun.proxy.$Proxy32.addNotificationEvent(Unknown Source)
	at org.apache.hive.hcatalog.listener.DbNotificationListener.process(DbNotificationListener.java:1403)
	at org.apache.hive.hcatalog.listener.DbNotificationListener.onDropDatabase(DbNotificationListener.java:513)
	at org.apache.hadoop.hive.metastore.MetaStoreListenerNotifier$26.notify(MetaStoreListenerNotifier.java:99)
	at org.apache.hadoop.hive.metastore.MetaStoreListenerNotifier.notifyEvent(MetaStoreListenerNotifier.java:339)
	at org.apache.hadoop.hive.metastore.HMSHandler.drop_database_core(HMSHandler.java:1785)
	at org.apache.hadoop.hive.metastore.HMSHandler.drop_database(HMSHandler.java:1869)
	at sun.reflect.GeneratedMethodAccessor74.invoke(Unknown Source)
	at sun.reflect.DelegatingMethodAccessorImpl.invoke(DelegatingMethodAccessorImpl.java:43)
	at java.lang.reflect.Method.invoke(Method.java:498)
	at org.apache.hadoop.hive.metastore.RetryingHMSHandler.invokeInternal(RetryingHMSHandler.java:147)
	at org.apache.hadoop.hive.metastore.RetryingHMSHandler.invoke(RetryingHMSHandler.java:108)
	at com.sun.proxy.$Proxy34.drop_database(Unknown Source)
	at org.apache.hadoop.hive.metastore.api.ThriftHiveMetastore$Processor$drop_database.getResult(ThriftHiveMetastore.java:18285)
	at org.apache.hadoop.hive.metastore.api.ThriftHiveMetastore$Processor$drop_database.getResult(ThriftHiveMetastore.java:18264)
	at org.apache.thrift.ProcessFunction.process(ProcessFunction.java:38)
	at org.apache.hadoop.hive.metastore.TUGIBasedProcessor$1.run(TUGIBasedProcessor.java:111)
	at org.apache.hadoop.hive.metastore.TUGIBasedProcessor$1.run(TUGIBasedProcessor.java:107)
	at java.security.AccessController.doPrivileged(Native Method)
	at javax.security.auth.Subject.doAs(Subject.java:422)
	at org.apache.hadoop.security.UserGroupInformation.doAs(UserGroupInformation.java:1682)
	at org.apache.hadoop.hive.metastore.TUGIBasedProcessor.process(TUGIBasedProcessor.java:119)
	at org.apache.thrift.server.TThreadPoolServer$WorkerProcess.run(TThreadPoolServer.java:248)
	at java.util.concurrent.ThreadPoolExecutor.runWorker(ThreadPoolExecutor.java:1149)
	at java.util.concurrent.ThreadPoolExecutor$Worker.run(ThreadPoolExecutor.java:624)
	at java.lang.Thread.run(Thread.java:750)
Caused by: org.apache.derby.shared.common.error.DerbySQLIntegrityConstraintViolationException: DELETE on table 'DBS' caused a violation of foreign key constraint 'TBLS_FK1' for key (4).  The statement has been rolled back.
	at org.apache.derby.impl.jdbc.SQLExceptionFactory.getSQLException(Unknown Source)
	at org.apache.derby.impl.jdbc.Util.generateCsSQLException(Unknown Source)
	at org.apache.derby.impl.jdbc.TransactionResourceImpl.wrapInSQLException(Unknown Source)
	at org.apache.derby.impl.jdbc.TransactionResourceImpl.handleException(Unknown Source)
	at org.apache.derby.impl.jdbc.EmbedConnection.handleException(Unknown Source)
	at org.apache.derby.impl.jdbc.ConnectionChild.handleException(Unknown Source)
	at org.apache.derby.impl.jdbc.EmbedStatement.executeStatement(Unknown Source)
	at org.apache.derby.impl.jdbc.EmbedPreparedStatement.executeBatchElement(Unknown Source)
	... 47 more
Caused by: ERROR 23503: DELETE on table 'DBS' caused a violation of foreign key constraint 'TBLS_FK1' for key (4).  The statement has been rolled back.
	at org.apache.derby.iapi.error.StandardException.newException(Unknown Source)
	at org.apache.derby.iapi.error.StandardException.newException(Unknown Source)
	at org.apache.derby.impl.sql.execute.ReferencedKeyRIChecker.doCheck(Unknown Source)
	at org.apache.derby.impl.sql.execute.RISetChecker.doPKCheck(Unknown Source)
	at org.apache.derby.impl.sql.execute.DeleteResultSet.collectAffectedRows(Unknown Source)
	at org.apache.derby.impl.sql.execute.DeleteResultSet.open(Unknown Source)
	at org.apache.derby.impl.sql.GenericPreparedStatement.executeStmt(Unknown Source)
	at org.apache.derby.impl.sql.GenericPreparedStatement.execute(Unknown Source)
	... 49 more

2024-04-24T12:06:16,519  INFO [TThreadPoolServer WorkerProcess-%d] HiveMetaStore.audit: ugi=alex	ip=127.0.0.1	cmd=source:127.0.0.1 drop_database: @hive#myDb	
2024-04-24T12:06:16,522  INFO [TThreadPoolServer WorkerProcess-%d] HiveMetaStore.audit: ugi=alex	ip=127.0.0.1	cmd=source:127.0.0.1 get_all_tables: db=@hive#myDb	
2024-04-24T12:06:16,523  INFO [TThreadPoolServer WorkerProcess-%d] HiveMetaStore.audit: ugi=alex	ip=127.0.0.1	cmd=source:127.0.0.1 get_functions: db=@hive#myDb pat=*	
2024-04-24T12:06:16,524  INFO [TThreadPoolServer WorkerProcess-%d] HiveMetaStore.audit: ugi=alex	ip=127.0.0.1	cmd=source:127.0.0.1 get_all_stored_procedures	
2024-04-24T12:06:16,525  INFO [TThreadPoolServer WorkerProcess-%d] HiveMetaStore.audit: ugi=alex	ip=127.0.0.1	cmd=source:127.0.0.1 get_all_packages	
2024-04-24T12:06:16,526  INFO [TThreadPoolServer WorkerProcess-%d] HiveMetaStore.audit: ugi=alex	ip=127.0.0.1	cmd=source:127.0.0.1 getTablesByTypeCore: catName=hive: db=myDb pat=.*,type=MATERIALIZED_VIEW	
2024-04-24T12:06:16,528  INFO [TThreadPoolServer WorkerProcess-%d] metastore.ObjectStore: Dropping database hive.myDb along with all tables
2024-04-24T12:06:16,532 ERROR [TThreadPoolServer WorkerProcess-%d] metastore.RetryingHMSHandler: Retrying HMSHandler after 2000 ms (attempt 7 of 10) with error: javax.jdo.JDODataStoreException: Exception thrown flushing changes to datastore
	at org.datanucleus.api.jdo.NucleusJDOHelper.getJDOExceptionForNucleusException(NucleusJDOHelper.java:542)
	at org.datanucleus.api.jdo.JDOPersistenceManager.flush(JDOPersistenceManager.java:2081)
	at org.apache.hadoop.hive.metastore.ObjectStore.addNotificationEvent(ObjectStore.java:11639)
	at sun.reflect.GeneratedMethodAccessor68.invoke(Unknown Source)
	at sun.reflect.DelegatingMethodAccessorImpl.invoke(DelegatingMethodAccessorImpl.java:43)
	at java.lang.reflect.Method.invoke(Method.java:498)
	at org.apache.hadoop.hive.metastore.RawStoreProxy.invoke(RawStoreProxy.java:97)
	at com.sun.proxy.$Proxy32.addNotificationEvent(Unknown Source)
	at org.apache.hive.hcatalog.listener.DbNotificationListener.process(DbNotificationListener.java:1403)
	at org.apache.hive.hcatalog.listener.DbNotificationListener.onDropDatabase(DbNotificationListener.java:513)
	at org.apache.hadoop.hive.metastore.MetaStoreListenerNotifier$26.notify(MetaStoreListenerNotifier.java:99)
	at org.apache.hadoop.hive.metastore.MetaStoreListenerNotifier.notifyEvent(MetaStoreListenerNotifier.java:339)
	at org.apache.hadoop.hive.metastore.HMSHandler.drop_database_core(HMSHandler.java:1785)
	at org.apache.hadoop.hive.metastore.HMSHandler.drop_database(HMSHandler.java:1869)
	at sun.reflect.GeneratedMethodAccessor74.invoke(Unknown Source)
	at sun.reflect.DelegatingMethodAccessorImpl.invoke(DelegatingMethodAccessorImpl.java:43)
	at java.lang.reflect.Method.invoke(Method.java:498)
	at org.apache.hadoop.hive.metastore.RetryingHMSHandler.invokeInternal(RetryingHMSHandler.java:147)
	at org.apache.hadoop.hive.metastore.RetryingHMSHandler.invoke(RetryingHMSHandler.java:108)
	at com.sun.proxy.$Proxy34.drop_database(Unknown Source)
	at org.apache.hadoop.hive.metastore.api.ThriftHiveMetastore$Processor$drop_database.getResult(ThriftHiveMetastore.java:18285)
	at org.apache.hadoop.hive.metastore.api.ThriftHiveMetastore$Processor$drop_database.getResult(ThriftHiveMetastore.java:18264)
	at org.apache.thrift.ProcessFunction.process(ProcessFunction.java:38)
	at org.apache.hadoop.hive.metastore.TUGIBasedProcessor$1.run(TUGIBasedProcessor.java:111)
	at org.apache.hadoop.hive.metastore.TUGIBasedProcessor$1.run(TUGIBasedProcessor.java:107)
	at java.security.AccessController.doPrivileged(Native Method)
	at javax.security.auth.Subject.doAs(Subject.java:422)
	at org.apache.hadoop.security.UserGroupInformation.doAs(UserGroupInformation.java:1682)
	at org.apache.hadoop.hive.metastore.TUGIBasedProcessor.process(TUGIBasedProcessor.java:119)
	at org.apache.thrift.server.TThreadPoolServer$WorkerProcess.run(TThreadPoolServer.java:248)
	at java.util.concurrent.ThreadPoolExecutor.runWorker(ThreadPoolExecutor.java:1149)
	at java.util.concurrent.ThreadPoolExecutor$Worker.run(ThreadPoolExecutor.java:624)
	at java.lang.Thread.run(Thread.java:750)
NestedThrowablesStackTrace:
java.sql.BatchUpdateException: DELETE on table 'DBS' caused a violation of foreign key constraint 'TBLS_FK1' for key (4).  The statement has been rolled back.
	at org.apache.derby.impl.jdbc.EmbedStatement.executeLargeBatch(Unknown Source)
	at org.apache.derby.impl.jdbc.EmbedStatement.executeBatch(Unknown Source)
	at com.zaxxer.hikari.pool.ProxyStatement.executeBatch(ProxyStatement.java:128)
	at com.zaxxer.hikari.pool.HikariProxyPreparedStatement.executeBatch(HikariProxyPreparedStatement.java)
	at org.datanucleus.store.rdbms.ParamLoggingPreparedStatement.executeBatch(ParamLoggingPreparedStatement.java:366)
	at org.datanucleus.store.rdbms.SQLController.processConnectionStatement(SQLController.java:675)
	at org.datanucleus.store.rdbms.SQLController.processStatementsForConnection(SQLController.java:643)
	at org.datanucleus.store.rdbms.SQLController$1.transactionFlushed(SQLController.java:729)
	at org.datanucleus.store.connection.AbstractManagedConnection.transactionFlushed(AbstractManagedConnection.java:95)
	at org.datanucleus.store.connection.ConnectionManagerImpl$2.transactionFlushed(ConnectionManagerImpl.java:528)
	at org.datanucleus.TransactionImpl.flush(TransactionImpl.java:222)
	at org.datanucleus.ExecutionContextImpl.flushInternal(ExecutionContextImpl.java:4068)
	at org.datanucleus.ExecutionContextThreadedImpl.flushInternal(ExecutionContextThreadedImpl.java:448)
	at org.datanucleus.ExecutionContextImpl.flush(ExecutionContextImpl.java:4009)
	at org.datanucleus.ExecutionContextThreadedImpl.flush(ExecutionContextThreadedImpl.java:434)
	at org.datanucleus.api.jdo.JDOPersistenceManager.flush(JDOPersistenceManager.java:2064)
	at org.apache.hadoop.hive.metastore.ObjectStore.addNotificationEvent(ObjectStore.java:11639)
	at sun.reflect.GeneratedMethodAccessor68.invoke(Unknown Source)
	at sun.reflect.DelegatingMethodAccessorImpl.invoke(DelegatingMethodAccessorImpl.java:43)
	at java.lang.reflect.Method.invoke(Method.java:498)
	at org.apache.hadoop.hive.metastore.RawStoreProxy.invoke(RawStoreProxy.java:97)
	at com.sun.proxy.$Proxy32.addNotificationEvent(Unknown Source)
	at org.apache.hive.hcatalog.listener.DbNotificationListener.process(DbNotificationListener.java:1403)
	at org.apache.hive.hcatalog.listener.DbNotificationListener.onDropDatabase(DbNotificationListener.java:513)
	at org.apache.hadoop.hive.metastore.MetaStoreListenerNotifier$26.notify(MetaStoreListenerNotifier.java:99)
	at org.apache.hadoop.hive.metastore.MetaStoreListenerNotifier.notifyEvent(MetaStoreListenerNotifier.java:339)
	at org.apache.hadoop.hive.metastore.HMSHandler.drop_database_core(HMSHandler.java:1785)
	at org.apache.hadoop.hive.metastore.HMSHandler.drop_database(HMSHandler.java:1869)
	at sun.reflect.GeneratedMethodAccessor74.invoke(Unknown Source)
	at sun.reflect.DelegatingMethodAccessorImpl.invoke(DelegatingMethodAccessorImpl.java:43)
	at java.lang.reflect.Method.invoke(Method.java:498)
	at org.apache.hadoop.hive.metastore.RetryingHMSHandler.invokeInternal(RetryingHMSHandler.java:147)
	at org.apache.hadoop.hive.metastore.RetryingHMSHandler.invoke(RetryingHMSHandler.java:108)
	at com.sun.proxy.$Proxy34.drop_database(Unknown Source)
	at org.apache.hadoop.hive.metastore.api.ThriftHiveMetastore$Processor$drop_database.getResult(ThriftHiveMetastore.java:18285)
	at org.apache.hadoop.hive.metastore.api.ThriftHiveMetastore$Processor$drop_database.getResult(ThriftHiveMetastore.java:18264)
	at org.apache.thrift.ProcessFunction.process(ProcessFunction.java:38)
	at org.apache.hadoop.hive.metastore.TUGIBasedProcessor$1.run(TUGIBasedProcessor.java:111)
	at org.apache.hadoop.hive.metastore.TUGIBasedProcessor$1.run(TUGIBasedProcessor.java:107)
	at java.security.AccessController.doPrivileged(Native Method)
	at javax.security.auth.Subject.doAs(Subject.java:422)
	at org.apache.hadoop.security.UserGroupInformation.doAs(UserGroupInformation.java:1682)
	at org.apache.hadoop.hive.metastore.TUGIBasedProcessor.process(TUGIBasedProcessor.java:119)
	at org.apache.thrift.server.TThreadPoolServer$WorkerProcess.run(TThreadPoolServer.java:248)
	at java.util.concurrent.ThreadPoolExecutor.runWorker(ThreadPoolExecutor.java:1149)
	at java.util.concurrent.ThreadPoolExecutor$Worker.run(ThreadPoolExecutor.java:624)
	at java.lang.Thread.run(Thread.java:750)
Caused by: org.apache.derby.shared.common.error.DerbySQLIntegrityConstraintViolationException: DELETE on table 'DBS' caused a violation of foreign key constraint 'TBLS_FK1' for key (4).  The statement has been rolled back.
	at org.apache.derby.impl.jdbc.SQLExceptionFactory.getSQLException(Unknown Source)
	at org.apache.derby.impl.jdbc.Util.generateCsSQLException(Unknown Source)
	at org.apache.derby.impl.jdbc.TransactionResourceImpl.wrapInSQLException(Unknown Source)
	at org.apache.derby.impl.jdbc.TransactionResourceImpl.handleException(Unknown Source)
	at org.apache.derby.impl.jdbc.EmbedConnection.handleException(Unknown Source)
	at org.apache.derby.impl.jdbc.ConnectionChild.handleException(Unknown Source)
	at org.apache.derby.impl.jdbc.EmbedStatement.executeStatement(Unknown Source)
	at org.apache.derby.impl.jdbc.EmbedPreparedStatement.executeBatchElement(Unknown Source)
	... 47 more
Caused by: ERROR 23503: DELETE on table 'DBS' caused a violation of foreign key constraint 'TBLS_FK1' for key (4).  The statement has been rolled back.
	at org.apache.derby.iapi.error.StandardException.newException(Unknown Source)
	at org.apache.derby.iapi.error.StandardException.newException(Unknown Source)
	at org.apache.derby.impl.sql.execute.ReferencedKeyRIChecker.doCheck(Unknown Source)
	at org.apache.derby.impl.sql.execute.RISetChecker.doPKCheck(Unknown Source)
	at org.apache.derby.impl.sql.execute.DeleteResultSet.collectAffectedRows(Unknown Source)
	at org.apache.derby.impl.sql.execute.DeleteResultSet.open(Unknown Source)
	at org.apache.derby.impl.sql.GenericPreparedStatement.executeStmt(Unknown Source)
	at org.apache.derby.impl.sql.GenericPreparedStatement.execute(Unknown Source)
	... 49 more

2024-04-24T12:06:18,533  INFO [TThreadPoolServer WorkerProcess-%d] HiveMetaStore.audit: ugi=alex	ip=127.0.0.1	cmd=source:127.0.0.1 drop_database: @hive#myDb	
2024-04-24T12:06:18,541  INFO [TThreadPoolServer WorkerProcess-%d] HiveMetaStore.audit: ugi=alex	ip=127.0.0.1	cmd=source:127.0.0.1 get_all_tables: db=@hive#myDb	
2024-04-24T12:06:18,541  INFO [TThreadPoolServer WorkerProcess-%d] HiveMetaStore.audit: ugi=alex	ip=127.0.0.1	cmd=source:127.0.0.1 get_functions: db=@hive#myDb pat=*	
2024-04-24T12:06:18,543  INFO [TThreadPoolServer WorkerProcess-%d] HiveMetaStore.audit: ugi=alex	ip=127.0.0.1	cmd=source:127.0.0.1 get_all_stored_procedures	
2024-04-24T12:06:18,544  INFO [TThreadPoolServer WorkerProcess-%d] HiveMetaStore.audit: ugi=alex	ip=127.0.0.1	cmd=source:127.0.0.1 get_all_packages	
2024-04-24T12:06:18,546  INFO [TThreadPoolServer WorkerProcess-%d] HiveMetaStore.audit: ugi=alex	ip=127.0.0.1	cmd=source:127.0.0.1 getTablesByTypeCore: catName=hive: db=myDb pat=.*,type=MATERIALIZED_VIEW	
2024-04-24T12:06:18,548  INFO [TThreadPoolServer WorkerProcess-%d] metastore.ObjectStore: Dropping database hive.myDb along with all tables
2024-04-24T12:06:18,553 ERROR [TThreadPoolServer WorkerProcess-%d] metastore.RetryingHMSHandler: Retrying HMSHandler after 2000 ms (attempt 8 of 10) with error: javax.jdo.JDODataStoreException: Exception thrown flushing changes to datastore
	at org.datanucleus.api.jdo.NucleusJDOHelper.getJDOExceptionForNucleusException(NucleusJDOHelper.java:542)
	at org.datanucleus.api.jdo.JDOPersistenceManager.flush(JDOPersistenceManager.java:2081)
	at org.apache.hadoop.hive.metastore.ObjectStore.addNotificationEvent(ObjectStore.java:11639)
	at sun.reflect.GeneratedMethodAccessor68.invoke(Unknown Source)
	at sun.reflect.DelegatingMethodAccessorImpl.invoke(DelegatingMethodAccessorImpl.java:43)
	at java.lang.reflect.Method.invoke(Method.java:498)
	at org.apache.hadoop.hive.metastore.RawStoreProxy.invoke(RawStoreProxy.java:97)
	at com.sun.proxy.$Proxy32.addNotificationEvent(Unknown Source)
	at org.apache.hive.hcatalog.listener.DbNotificationListener.process(DbNotificationListener.java:1403)
	at org.apache.hive.hcatalog.listener.DbNotificationListener.onDropDatabase(DbNotificationListener.java:513)
	at org.apache.hadoop.hive.metastore.MetaStoreListenerNotifier$26.notify(MetaStoreListenerNotifier.java:99)
	at org.apache.hadoop.hive.metastore.MetaStoreListenerNotifier.notifyEvent(MetaStoreListenerNotifier.java:339)
	at org.apache.hadoop.hive.metastore.HMSHandler.drop_database_core(HMSHandler.java:1785)
	at org.apache.hadoop.hive.metastore.HMSHandler.drop_database(HMSHandler.java:1869)
	at sun.reflect.GeneratedMethodAccessor74.invoke(Unknown Source)
	at sun.reflect.DelegatingMethodAccessorImpl.invoke(DelegatingMethodAccessorImpl.java:43)
	at java.lang.reflect.Method.invoke(Method.java:498)
	at org.apache.hadoop.hive.metastore.RetryingHMSHandler.invokeInternal(RetryingHMSHandler.java:147)
	at org.apache.hadoop.hive.metastore.RetryingHMSHandler.invoke(RetryingHMSHandler.java:108)
	at com.sun.proxy.$Proxy34.drop_database(Unknown Source)
	at org.apache.hadoop.hive.metastore.api.ThriftHiveMetastore$Processor$drop_database.getResult(ThriftHiveMetastore.java:18285)
	at org.apache.hadoop.hive.metastore.api.ThriftHiveMetastore$Processor$drop_database.getResult(ThriftHiveMetastore.java:18264)
	at org.apache.thrift.ProcessFunction.process(ProcessFunction.java:38)
	at org.apache.hadoop.hive.metastore.TUGIBasedProcessor$1.run(TUGIBasedProcessor.java:111)
	at org.apache.hadoop.hive.metastore.TUGIBasedProcessor$1.run(TUGIBasedProcessor.java:107)
	at java.security.AccessController.doPrivileged(Native Method)
	at javax.security.auth.Subject.doAs(Subject.java:422)
	at org.apache.hadoop.security.UserGroupInformation.doAs(UserGroupInformation.java:1682)
	at org.apache.hadoop.hive.metastore.TUGIBasedProcessor.process(TUGIBasedProcessor.java:119)
	at org.apache.thrift.server.TThreadPoolServer$WorkerProcess.run(TThreadPoolServer.java:248)
	at java.util.concurrent.ThreadPoolExecutor.runWorker(ThreadPoolExecutor.java:1149)
	at java.util.concurrent.ThreadPoolExecutor$Worker.run(ThreadPoolExecutor.java:624)
	at java.lang.Thread.run(Thread.java:750)
NestedThrowablesStackTrace:
java.sql.BatchUpdateException: DELETE on table 'DBS' caused a violation of foreign key constraint 'TBLS_FK1' for key (4).  The statement has been rolled back.
	at org.apache.derby.impl.jdbc.EmbedStatement.executeLargeBatch(Unknown Source)
	at org.apache.derby.impl.jdbc.EmbedStatement.executeBatch(Unknown Source)
	at com.zaxxer.hikari.pool.ProxyStatement.executeBatch(ProxyStatement.java:128)
	at com.zaxxer.hikari.pool.HikariProxyPreparedStatement.executeBatch(HikariProxyPreparedStatement.java)
	at org.datanucleus.store.rdbms.ParamLoggingPreparedStatement.executeBatch(ParamLoggingPreparedStatement.java:366)
	at org.datanucleus.store.rdbms.SQLController.processConnectionStatement(SQLController.java:675)
	at org.datanucleus.store.rdbms.SQLController.processStatementsForConnection(SQLController.java:643)
	at org.datanucleus.store.rdbms.SQLController$1.transactionFlushed(SQLController.java:729)
	at org.datanucleus.store.connection.AbstractManagedConnection.transactionFlushed(AbstractManagedConnection.java:95)
	at org.datanucleus.store.connection.ConnectionManagerImpl$2.transactionFlushed(ConnectionManagerImpl.java:528)
	at org.datanucleus.TransactionImpl.flush(TransactionImpl.java:222)
	at org.datanucleus.ExecutionContextImpl.flushInternal(ExecutionContextImpl.java:4068)
	at org.datanucleus.ExecutionContextThreadedImpl.flushInternal(ExecutionContextThreadedImpl.java:448)
	at org.datanucleus.ExecutionContextImpl.flush(ExecutionContextImpl.java:4009)
	at org.datanucleus.ExecutionContextThreadedImpl.flush(ExecutionContextThreadedImpl.java:434)
	at org.datanucleus.api.jdo.JDOPersistenceManager.flush(JDOPersistenceManager.java:2064)
	at org.apache.hadoop.hive.metastore.ObjectStore.addNotificationEvent(ObjectStore.java:11639)
	at sun.reflect.GeneratedMethodAccessor68.invoke(Unknown Source)
	at sun.reflect.DelegatingMethodAccessorImpl.invoke(DelegatingMethodAccessorImpl.java:43)
	at java.lang.reflect.Method.invoke(Method.java:498)
	at org.apache.hadoop.hive.metastore.RawStoreProxy.invoke(RawStoreProxy.java:97)
	at com.sun.proxy.$Proxy32.addNotificationEvent(Unknown Source)
	at org.apache.hive.hcatalog.listener.DbNotificationListener.process(DbNotificationListener.java:1403)
	at org.apache.hive.hcatalog.listener.DbNotificationListener.onDropDatabase(DbNotificationListener.java:513)
	at org.apache.hadoop.hive.metastore.MetaStoreListenerNotifier$26.notify(MetaStoreListenerNotifier.java:99)
	at org.apache.hadoop.hive.metastore.MetaStoreListenerNotifier.notifyEvent(MetaStoreListenerNotifier.java:339)
	at org.apache.hadoop.hive.metastore.HMSHandler.drop_database_core(HMSHandler.java:1785)
	at org.apache.hadoop.hive.metastore.HMSHandler.drop_database(HMSHandler.java:1869)
	at sun.reflect.GeneratedMethodAccessor74.invoke(Unknown Source)
	at sun.reflect.DelegatingMethodAccessorImpl.invoke(DelegatingMethodAccessorImpl.java:43)
	at java.lang.reflect.Method.invoke(Method.java:498)
	at org.apache.hadoop.hive.metastore.RetryingHMSHandler.invokeInternal(RetryingHMSHandler.java:147)
	at org.apache.hadoop.hive.metastore.RetryingHMSHandler.invoke(RetryingHMSHandler.java:108)
	at com.sun.proxy.$Proxy34.drop_database(Unknown Source)
	at org.apache.hadoop.hive.metastore.api.ThriftHiveMetastore$Processor$drop_database.getResult(ThriftHiveMetastore.java:18285)
	at org.apache.hadoop.hive.metastore.api.ThriftHiveMetastore$Processor$drop_database.getResult(ThriftHiveMetastore.java:18264)
	at org.apache.thrift.ProcessFunction.process(ProcessFunction.java:38)
	at org.apache.hadoop.hive.metastore.TUGIBasedProcessor$1.run(TUGIBasedProcessor.java:111)
	at org.apache.hadoop.hive.metastore.TUGIBasedProcessor$1.run(TUGIBasedProcessor.java:107)
	at java.security.AccessController.doPrivileged(Native Method)
	at javax.security.auth.Subject.doAs(Subject.java:422)
	at org.apache.hadoop.security.UserGroupInformation.doAs(UserGroupInformation.java:1682)
	at org.apache.hadoop.hive.metastore.TUGIBasedProcessor.process(TUGIBasedProcessor.java:119)
	at org.apache.thrift.server.TThreadPoolServer$WorkerProcess.run(TThreadPoolServer.java:248)
	at java.util.concurrent.ThreadPoolExecutor.runWorker(ThreadPoolExecutor.java:1149)
	at java.util.concurrent.ThreadPoolExecutor$Worker.run(ThreadPoolExecutor.java:624)
	at java.lang.Thread.run(Thread.java:750)
Caused by: org.apache.derby.shared.common.error.DerbySQLIntegrityConstraintViolationException: DELETE on table 'DBS' caused a violation of foreign key constraint 'TBLS_FK1' for key (4).  The statement has been rolled back.
	at org.apache.derby.impl.jdbc.SQLExceptionFactory.getSQLException(Unknown Source)
	at org.apache.derby.impl.jdbc.Util.generateCsSQLException(Unknown Source)
	at org.apache.derby.impl.jdbc.TransactionResourceImpl.wrapInSQLException(Unknown Source)
	at org.apache.derby.impl.jdbc.TransactionResourceImpl.handleException(Unknown Source)
	at org.apache.derby.impl.jdbc.EmbedConnection.handleException(Unknown Source)
	at org.apache.derby.impl.jdbc.ConnectionChild.handleException(Unknown Source)
	at org.apache.derby.impl.jdbc.EmbedStatement.executeStatement(Unknown Source)
	at org.apache.derby.impl.jdbc.EmbedPreparedStatement.executeBatchElement(Unknown Source)
	... 47 more
Caused by: ERROR 23503: DELETE on table 'DBS' caused a violation of foreign key constraint 'TBLS_FK1' for key (4).  The statement has been rolled back.
	at org.apache.derby.iapi.error.StandardException.newException(Unknown Source)
	at org.apache.derby.iapi.error.StandardException.newException(Unknown Source)
	at org.apache.derby.impl.sql.execute.ReferencedKeyRIChecker.doCheck(Unknown Source)
	at org.apache.derby.impl.sql.execute.RISetChecker.doPKCheck(Unknown Source)
	at org.apache.derby.impl.sql.execute.DeleteResultSet.collectAffectedRows(Unknown Source)
	at org.apache.derby.impl.sql.execute.DeleteResultSet.open(Unknown Source)
	at org.apache.derby.impl.sql.GenericPreparedStatement.executeStmt(Unknown Source)
	at org.apache.derby.impl.sql.GenericPreparedStatement.execute(Unknown Source)
	... 49 more

2024-04-24T12:06:20,554  INFO [TThreadPoolServer WorkerProcess-%d] HiveMetaStore.audit: ugi=alex	ip=127.0.0.1	cmd=source:127.0.0.1 drop_database: @hive#myDb	
2024-04-24T12:06:20,557  INFO [TThreadPoolServer WorkerProcess-%d] HiveMetaStore.audit: ugi=alex	ip=127.0.0.1	cmd=source:127.0.0.1 get_all_tables: db=@hive#myDb	
2024-04-24T12:06:20,558  INFO [TThreadPoolServer WorkerProcess-%d] HiveMetaStore.audit: ugi=alex	ip=127.0.0.1	cmd=source:127.0.0.1 get_functions: db=@hive#myDb pat=*	
2024-04-24T12:06:20,559  INFO [TThreadPoolServer WorkerProcess-%d] HiveMetaStore.audit: ugi=alex	ip=127.0.0.1	cmd=source:127.0.0.1 get_all_stored_procedures	
2024-04-24T12:06:20,560  INFO [TThreadPoolServer WorkerProcess-%d] HiveMetaStore.audit: ugi=alex	ip=127.0.0.1	cmd=source:127.0.0.1 get_all_packages	
2024-04-24T12:06:20,560  INFO [TThreadPoolServer WorkerProcess-%d] HiveMetaStore.audit: ugi=alex	ip=127.0.0.1	cmd=source:127.0.0.1 getTablesByTypeCore: catName=hive: db=myDb pat=.*,type=MATERIALIZED_VIEW	
2024-04-24T12:06:20,563  INFO [TThreadPoolServer WorkerProcess-%d] metastore.ObjectStore: Dropping database hive.myDb along with all tables
2024-04-24T12:06:20,566 ERROR [TThreadPoolServer WorkerProcess-%d] metastore.RetryingHMSHandler: Retrying HMSHandler after 2000 ms (attempt 9 of 10) with error: javax.jdo.JDODataStoreException: Exception thrown flushing changes to datastore
	at org.datanucleus.api.jdo.NucleusJDOHelper.getJDOExceptionForNucleusException(NucleusJDOHelper.java:542)
	at org.datanucleus.api.jdo.JDOPersistenceManager.flush(JDOPersistenceManager.java:2081)
	at org.apache.hadoop.hive.metastore.ObjectStore.addNotificationEvent(ObjectStore.java:11639)
	at sun.reflect.GeneratedMethodAccessor68.invoke(Unknown Source)
	at sun.reflect.DelegatingMethodAccessorImpl.invoke(DelegatingMethodAccessorImpl.java:43)
	at java.lang.reflect.Method.invoke(Method.java:498)
	at org.apache.hadoop.hive.metastore.RawStoreProxy.invoke(RawStoreProxy.java:97)
	at com.sun.proxy.$Proxy32.addNotificationEvent(Unknown Source)
	at org.apache.hive.hcatalog.listener.DbNotificationListener.process(DbNotificationListener.java:1403)
	at org.apache.hive.hcatalog.listener.DbNotificationListener.onDropDatabase(DbNotificationListener.java:513)
	at org.apache.hadoop.hive.metastore.MetaStoreListenerNotifier$26.notify(MetaStoreListenerNotifier.java:99)
	at org.apache.hadoop.hive.metastore.MetaStoreListenerNotifier.notifyEvent(MetaStoreListenerNotifier.java:339)
	at org.apache.hadoop.hive.metastore.HMSHandler.drop_database_core(HMSHandler.java:1785)
	at org.apache.hadoop.hive.metastore.HMSHandler.drop_database(HMSHandler.java:1869)
	at sun.reflect.GeneratedMethodAccessor74.invoke(Unknown Source)
	at sun.reflect.DelegatingMethodAccessorImpl.invoke(DelegatingMethodAccessorImpl.java:43)
	at java.lang.reflect.Method.invoke(Method.java:498)
	at org.apache.hadoop.hive.metastore.RetryingHMSHandler.invokeInternal(RetryingHMSHandler.java:147)
	at org.apache.hadoop.hive.metastore.RetryingHMSHandler.invoke(RetryingHMSHandler.java:108)
	at com.sun.proxy.$Proxy34.drop_database(Unknown Source)
	at org.apache.hadoop.hive.metastore.api.ThriftHiveMetastore$Processor$drop_database.getResult(ThriftHiveMetastore.java:18285)
	at org.apache.hadoop.hive.metastore.api.ThriftHiveMetastore$Processor$drop_database.getResult(ThriftHiveMetastore.java:18264)
	at org.apache.thrift.ProcessFunction.process(ProcessFunction.java:38)
	at org.apache.hadoop.hive.metastore.TUGIBasedProcessor$1.run(TUGIBasedProcessor.java:111)
	at org.apache.hadoop.hive.metastore.TUGIBasedProcessor$1.run(TUGIBasedProcessor.java:107)
	at java.security.AccessController.doPrivileged(Native Method)
	at javax.security.auth.Subject.doAs(Subject.java:422)
	at org.apache.hadoop.security.UserGroupInformation.doAs(UserGroupInformation.java:1682)
	at org.apache.hadoop.hive.metastore.TUGIBasedProcessor.process(TUGIBasedProcessor.java:119)
	at org.apache.thrift.server.TThreadPoolServer$WorkerProcess.run(TThreadPoolServer.java:248)
	at java.util.concurrent.ThreadPoolExecutor.runWorker(ThreadPoolExecutor.java:1149)
	at java.util.concurrent.ThreadPoolExecutor$Worker.run(ThreadPoolExecutor.java:624)
	at java.lang.Thread.run(Thread.java:750)
NestedThrowablesStackTrace:
java.sql.BatchUpdateException: DELETE on table 'DBS' caused a violation of foreign key constraint 'TBLS_FK1' for key (4).  The statement has been rolled back.
	at org.apache.derby.impl.jdbc.EmbedStatement.executeLargeBatch(Unknown Source)
	at org.apache.derby.impl.jdbc.EmbedStatement.executeBatch(Unknown Source)
	at com.zaxxer.hikari.pool.ProxyStatement.executeBatch(ProxyStatement.java:128)
	at com.zaxxer.hikari.pool.HikariProxyPreparedStatement.executeBatch(HikariProxyPreparedStatement.java)
	at org.datanucleus.store.rdbms.ParamLoggingPreparedStatement.executeBatch(ParamLoggingPreparedStatement.java:366)
	at org.datanucleus.store.rdbms.SQLController.processConnectionStatement(SQLController.java:675)
	at org.datanucleus.store.rdbms.SQLController.processStatementsForConnection(SQLController.java:643)
	at org.datanucleus.store.rdbms.SQLController$1.transactionFlushed(SQLController.java:729)
	at org.datanucleus.store.connection.AbstractManagedConnection.transactionFlushed(AbstractManagedConnection.java:95)
	at org.datanucleus.store.connection.ConnectionManagerImpl$2.transactionFlushed(ConnectionManagerImpl.java:528)
	at org.datanucleus.TransactionImpl.flush(TransactionImpl.java:222)
	at org.datanucleus.ExecutionContextImpl.flushInternal(ExecutionContextImpl.java:4068)
	at org.datanucleus.ExecutionContextThreadedImpl.flushInternal(ExecutionContextThreadedImpl.java:448)
	at org.datanucleus.ExecutionContextImpl.flush(ExecutionContextImpl.java:4009)
	at org.datanucleus.ExecutionContextThreadedImpl.flush(ExecutionContextThreadedImpl.java:434)
	at org.datanucleus.api.jdo.JDOPersistenceManager.flush(JDOPersistenceManager.java:2064)
	at org.apache.hadoop.hive.metastore.ObjectStore.addNotificationEvent(ObjectStore.java:11639)
	at sun.reflect.GeneratedMethodAccessor68.invoke(Unknown Source)
	at sun.reflect.DelegatingMethodAccessorImpl.invoke(DelegatingMethodAccessorImpl.java:43)
	at java.lang.reflect.Method.invoke(Method.java:498)
	at org.apache.hadoop.hive.metastore.RawStoreProxy.invoke(RawStoreProxy.java:97)
	at com.sun.proxy.$Proxy32.addNotificationEvent(Unknown Source)
	at org.apache.hive.hcatalog.listener.DbNotificationListener.process(DbNotificationListener.java:1403)
	at org.apache.hive.hcatalog.listener.DbNotificationListener.onDropDatabase(DbNotificationListener.java:513)
	at org.apache.hadoop.hive.metastore.MetaStoreListenerNotifier$26.notify(MetaStoreListenerNotifier.java:99)
	at org.apache.hadoop.hive.metastore.MetaStoreListenerNotifier.notifyEvent(MetaStoreListenerNotifier.java:339)
	at org.apache.hadoop.hive.metastore.HMSHandler.drop_database_core(HMSHandler.java:1785)
	at org.apache.hadoop.hive.metastore.HMSHandler.drop_database(HMSHandler.java:1869)
	at sun.reflect.GeneratedMethodAccessor74.invoke(Unknown Source)
	at sun.reflect.DelegatingMethodAccessorImpl.invoke(DelegatingMethodAccessorImpl.java:43)
	at java.lang.reflect.Method.invoke(Method.java:498)
	at org.apache.hadoop.hive.metastore.RetryingHMSHandler.invokeInternal(RetryingHMSHandler.java:147)
	at org.apache.hadoop.hive.metastore.RetryingHMSHandler.invoke(RetryingHMSHandler.java:108)
	at com.sun.proxy.$Proxy34.drop_database(Unknown Source)
	at org.apache.hadoop.hive.metastore.api.ThriftHiveMetastore$Processor$drop_database.getResult(ThriftHiveMetastore.java:18285)
	at org.apache.hadoop.hive.metastore.api.ThriftHiveMetastore$Processor$drop_database.getResult(ThriftHiveMetastore.java:18264)
	at org.apache.thrift.ProcessFunction.process(ProcessFunction.java:38)
	at org.apache.hadoop.hive.metastore.TUGIBasedProcessor$1.run(TUGIBasedProcessor.java:111)
	at org.apache.hadoop.hive.metastore.TUGIBasedProcessor$1.run(TUGIBasedProcessor.java:107)
	at java.security.AccessController.doPrivileged(Native Method)
	at javax.security.auth.Subject.doAs(Subject.java:422)
	at org.apache.hadoop.security.UserGroupInformation.doAs(UserGroupInformation.java:1682)
	at org.apache.hadoop.hive.metastore.TUGIBasedProcessor.process(TUGIBasedProcessor.java:119)
	at org.apache.thrift.server.TThreadPoolServer$WorkerProcess.run(TThreadPoolServer.java:248)
	at java.util.concurrent.ThreadPoolExecutor.runWorker(ThreadPoolExecutor.java:1149)
	at java.util.concurrent.ThreadPoolExecutor$Worker.run(ThreadPoolExecutor.java:624)
	at java.lang.Thread.run(Thread.java:750)
Caused by: org.apache.derby.shared.common.error.DerbySQLIntegrityConstraintViolationException: DELETE on table 'DBS' caused a violation of foreign key constraint 'TBLS_FK1' for key (4).  The statement has been rolled back.
	at org.apache.derby.impl.jdbc.SQLExceptionFactory.getSQLException(Unknown Source)
	at org.apache.derby.impl.jdbc.Util.generateCsSQLException(Unknown Source)
	at org.apache.derby.impl.jdbc.TransactionResourceImpl.wrapInSQLException(Unknown Source)
	at org.apache.derby.impl.jdbc.TransactionResourceImpl.handleException(Unknown Source)
	at org.apache.derby.impl.jdbc.EmbedConnection.handleException(Unknown Source)
	at org.apache.derby.impl.jdbc.ConnectionChild.handleException(Unknown Source)
	at org.apache.derby.impl.jdbc.EmbedStatement.executeStatement(Unknown Source)
	at org.apache.derby.impl.jdbc.EmbedPreparedStatement.executeBatchElement(Unknown Source)
	... 47 more
Caused by: ERROR 23503: DELETE on table 'DBS' caused a violation of foreign key constraint 'TBLS_FK1' for key (4).  The statement has been rolled back.
	at org.apache.derby.iapi.error.StandardException.newException(Unknown Source)
	at org.apache.derby.iapi.error.StandardException.newException(Unknown Source)
	at org.apache.derby.impl.sql.execute.ReferencedKeyRIChecker.doCheck(Unknown Source)
	at org.apache.derby.impl.sql.execute.RISetChecker.doPKCheck(Unknown Source)
	at org.apache.derby.impl.sql.execute.DeleteResultSet.collectAffectedRows(Unknown Source)
	at org.apache.derby.impl.sql.execute.DeleteResultSet.open(Unknown Source)
	at org.apache.derby.impl.sql.GenericPreparedStatement.executeStmt(Unknown Source)
	at org.apache.derby.impl.sql.GenericPreparedStatement.execute(Unknown Source)
	... 49 more

2024-04-24T12:06:22,567  INFO [TThreadPoolServer WorkerProcess-%d] HiveMetaStore.audit: ugi=alex	ip=127.0.0.1	cmd=source:127.0.0.1 drop_database: @hive#myDb	
2024-04-24T12:06:22,570  INFO [TThreadPoolServer WorkerProcess-%d] HiveMetaStore.audit: ugi=alex	ip=127.0.0.1	cmd=source:127.0.0.1 get_all_tables: db=@hive#myDb	
2024-04-24T12:06:22,571  INFO [TThreadPoolServer WorkerProcess-%d] HiveMetaStore.audit: ugi=alex	ip=127.0.0.1	cmd=source:127.0.0.1 get_functions: db=@hive#myDb pat=*	
2024-04-24T12:06:22,572  INFO [TThreadPoolServer WorkerProcess-%d] HiveMetaStore.audit: ugi=alex	ip=127.0.0.1	cmd=source:127.0.0.1 get_all_stored_procedures	
2024-04-24T12:06:22,573  INFO [TThreadPoolServer WorkerProcess-%d] HiveMetaStore.audit: ugi=alex	ip=127.0.0.1	cmd=source:127.0.0.1 get_all_packages	
2024-04-24T12:06:22,574  INFO [TThreadPoolServer WorkerProcess-%d] HiveMetaStore.audit: ugi=alex	ip=127.0.0.1	cmd=source:127.0.0.1 getTablesByTypeCore: catName=hive: db=myDb pat=.*,type=MATERIALIZED_VIEW	
2024-04-24T12:06:22,576  INFO [TThreadPoolServer WorkerProcess-%d] metastore.ObjectStore: Dropping database hive.myDb along with all tables
2024-04-24T12:06:22,580 ERROR [TThreadPoolServer WorkerProcess-%d] metastore.RetryingHMSHandler: Retrying HMSHandler after 2000 ms (attempt 10 of 10) with error: javax.jdo.JDODataStoreException: Exception thrown flushing changes to datastore
	at org.datanucleus.api.jdo.NucleusJDOHelper.getJDOExceptionForNucleusException(NucleusJDOHelper.java:542)
	at org.datanucleus.api.jdo.JDOPersistenceManager.flush(JDOPersistenceManager.java:2081)
	at org.apache.hadoop.hive.metastore.ObjectStore.addNotificationEvent(ObjectStore.java:11639)
	at sun.reflect.GeneratedMethodAccessor68.invoke(Unknown Source)
	at sun.reflect.DelegatingMethodAccessorImpl.invoke(DelegatingMethodAccessorImpl.java:43)
	at java.lang.reflect.Method.invoke(Method.java:498)
	at org.apache.hadoop.hive.metastore.RawStoreProxy.invoke(RawStoreProxy.java:97)
	at com.sun.proxy.$Proxy32.addNotificationEvent(Unknown Source)
	at org.apache.hive.hcatalog.listener.DbNotificationListener.process(DbNotificationListener.java:1403)
	at org.apache.hive.hcatalog.listener.DbNotificationListener.onDropDatabase(DbNotificationListener.java:513)
	at org.apache.hadoop.hive.metastore.MetaStoreListenerNotifier$26.notify(MetaStoreListenerNotifier.java:99)
	at org.apache.hadoop.hive.metastore.MetaStoreListenerNotifier.notifyEvent(MetaStoreListenerNotifier.java:339)
	at org.apache.hadoop.hive.metastore.HMSHandler.drop_database_core(HMSHandler.java:1785)
	at org.apache.hadoop.hive.metastore.HMSHandler.drop_database(HMSHandler.java:1869)
	at sun.reflect.GeneratedMethodAccessor74.invoke(Unknown Source)
	at sun.reflect.DelegatingMethodAccessorImpl.invoke(DelegatingMethodAccessorImpl.java:43)
	at java.lang.reflect.Method.invoke(Method.java:498)
	at org.apache.hadoop.hive.metastore.RetryingHMSHandler.invokeInternal(RetryingHMSHandler.java:147)
	at org.apache.hadoop.hive.metastore.RetryingHMSHandler.invoke(RetryingHMSHandler.java:108)
	at com.sun.proxy.$Proxy34.drop_database(Unknown Source)
	at org.apache.hadoop.hive.metastore.api.ThriftHiveMetastore$Processor$drop_database.getResult(ThriftHiveMetastore.java:18285)
	at org.apache.hadoop.hive.metastore.api.ThriftHiveMetastore$Processor$drop_database.getResult(ThriftHiveMetastore.java:18264)
	at org.apache.thrift.ProcessFunction.process(ProcessFunction.java:38)
	at org.apache.hadoop.hive.metastore.TUGIBasedProcessor$1.run(TUGIBasedProcessor.java:111)
	at org.apache.hadoop.hive.metastore.TUGIBasedProcessor$1.run(TUGIBasedProcessor.java:107)
	at java.security.AccessController.doPrivileged(Native Method)
	at javax.security.auth.Subject.doAs(Subject.java:422)
	at org.apache.hadoop.security.UserGroupInformation.doAs(UserGroupInformation.java:1682)
	at org.apache.hadoop.hive.metastore.TUGIBasedProcessor.process(TUGIBasedProcessor.java:119)
	at org.apache.thrift.server.TThreadPoolServer$WorkerProcess.run(TThreadPoolServer.java:248)
	at java.util.concurrent.ThreadPoolExecutor.runWorker(ThreadPoolExecutor.java:1149)
	at java.util.concurrent.ThreadPoolExecutor$Worker.run(ThreadPoolExecutor.java:624)
	at java.lang.Thread.run(Thread.java:750)
NestedThrowablesStackTrace:
java.sql.BatchUpdateException: DELETE on table 'DBS' caused a violation of foreign key constraint 'TBLS_FK1' for key (4).  The statement has been rolled back.
	at org.apache.derby.impl.jdbc.EmbedStatement.executeLargeBatch(Unknown Source)
	at org.apache.derby.impl.jdbc.EmbedStatement.executeBatch(Unknown Source)
	at com.zaxxer.hikari.pool.ProxyStatement.executeBatch(ProxyStatement.java:128)
	at com.zaxxer.hikari.pool.HikariProxyPreparedStatement.executeBatch(HikariProxyPreparedStatement.java)
	at org.datanucleus.store.rdbms.ParamLoggingPreparedStatement.executeBatch(ParamLoggingPreparedStatement.java:366)
	at org.datanucleus.store.rdbms.SQLController.processConnectionStatement(SQLController.java:675)
	at org.datanucleus.store.rdbms.SQLController.processStatementsForConnection(SQLController.java:643)
	at org.datanucleus.store.rdbms.SQLController$1.transactionFlushed(SQLController.java:729)
	at org.datanucleus.store.connection.AbstractManagedConnection.transactionFlushed(AbstractManagedConnection.java:95)
	at org.datanucleus.store.connection.ConnectionManagerImpl$2.transactionFlushed(ConnectionManagerImpl.java:528)
	at org.datanucleus.TransactionImpl.flush(TransactionImpl.java:222)
	at org.datanucleus.ExecutionContextImpl.flushInternal(ExecutionContextImpl.java:4068)
	at org.datanucleus.ExecutionContextThreadedImpl.flushInternal(ExecutionContextThreadedImpl.java:448)
	at org.datanucleus.ExecutionContextImpl.flush(ExecutionContextImpl.java:4009)
	at org.datanucleus.ExecutionContextThreadedImpl.flush(ExecutionContextThreadedImpl.java:434)
	at org.datanucleus.api.jdo.JDOPersistenceManager.flush(JDOPersistenceManager.java:2064)
	at org.apache.hadoop.hive.metastore.ObjectStore.addNotificationEvent(ObjectStore.java:11639)
	at sun.reflect.GeneratedMethodAccessor68.invoke(Unknown Source)
	at sun.reflect.DelegatingMethodAccessorImpl.invoke(DelegatingMethodAccessorImpl.java:43)
	at java.lang.reflect.Method.invoke(Method.java:498)
	at org.apache.hadoop.hive.metastore.RawStoreProxy.invoke(RawStoreProxy.java:97)
	at com.sun.proxy.$Proxy32.addNotificationEvent(Unknown Source)
	at org.apache.hive.hcatalog.listener.DbNotificationListener.process(DbNotificationListener.java:1403)
	at org.apache.hive.hcatalog.listener.DbNotificationListener.onDropDatabase(DbNotificationListener.java:513)
	at org.apache.hadoop.hive.metastore.MetaStoreListenerNotifier$26.notify(MetaStoreListenerNotifier.java:99)
	at org.apache.hadoop.hive.metastore.MetaStoreListenerNotifier.notifyEvent(MetaStoreListenerNotifier.java:339)
	at org.apache.hadoop.hive.metastore.HMSHandler.drop_database_core(HMSHandler.java:1785)
	at org.apache.hadoop.hive.metastore.HMSHandler.drop_database(HMSHandler.java:1869)
	at sun.reflect.GeneratedMethodAccessor74.invoke(Unknown Source)
	at sun.reflect.DelegatingMethodAccessorImpl.invoke(DelegatingMethodAccessorImpl.java:43)
	at java.lang.reflect.Method.invoke(Method.java:498)
	at org.apache.hadoop.hive.metastore.RetryingHMSHandler.invokeInternal(RetryingHMSHandler.java:147)
	at org.apache.hadoop.hive.metastore.RetryingHMSHandler.invoke(RetryingHMSHandler.java:108)
	at com.sun.proxy.$Proxy34.drop_database(Unknown Source)
	at org.apache.hadoop.hive.metastore.api.ThriftHiveMetastore$Processor$drop_database.getResult(ThriftHiveMetastore.java:18285)
	at org.apache.hadoop.hive.metastore.api.ThriftHiveMetastore$Processor$drop_database.getResult(ThriftHiveMetastore.java:18264)
	at org.apache.thrift.ProcessFunction.process(ProcessFunction.java:38)
	at org.apache.hadoop.hive.metastore.TUGIBasedProcessor$1.run(TUGIBasedProcessor.java:111)
	at org.apache.hadoop.hive.metastore.TUGIBasedProcessor$1.run(TUGIBasedProcessor.java:107)
	at java.security.AccessController.doPrivileged(Native Method)
	at javax.security.auth.Subject.doAs(Subject.java:422)
	at org.apache.hadoop.security.UserGroupInformation.doAs(UserGroupInformation.java:1682)
	at org.apache.hadoop.hive.metastore.TUGIBasedProcessor.process(TUGIBasedProcessor.java:119)
	at org.apache.thrift.server.TThreadPoolServer$WorkerProcess.run(TThreadPoolServer.java:248)
	at java.util.concurrent.ThreadPoolExecutor.runWorker(ThreadPoolExecutor.java:1149)
	at java.util.concurrent.ThreadPoolExecutor$Worker.run(ThreadPoolExecutor.java:624)
	at java.lang.Thread.run(Thread.java:750)
Caused by: org.apache.derby.shared.common.error.DerbySQLIntegrityConstraintViolationException: DELETE on table 'DBS' caused a violation of foreign key constraint 'TBLS_FK1' for key (4).  The statement has been rolled back.
	at org.apache.derby.impl.jdbc.SQLExceptionFactory.getSQLException(Unknown Source)
	at org.apache.derby.impl.jdbc.Util.generateCsSQLException(Unknown Source)
	at org.apache.derby.impl.jdbc.TransactionResourceImpl.wrapInSQLException(Unknown Source)
	at org.apache.derby.impl.jdbc.TransactionResourceImpl.handleException(Unknown Source)
	at org.apache.derby.impl.jdbc.EmbedConnection.handleException(Unknown Source)
	at org.apache.derby.impl.jdbc.ConnectionChild.handleException(Unknown Source)
	at org.apache.derby.impl.jdbc.EmbedStatement.executeStatement(Unknown Source)
	at org.apache.derby.impl.jdbc.EmbedPreparedStatement.executeBatchElement(Unknown Source)
	... 47 more
Caused by: ERROR 23503: DELETE on table 'DBS' caused a violation of foreign key constraint 'TBLS_FK1' for key (4).  The statement has been rolled back.
	at org.apache.derby.iapi.error.StandardException.newException(Unknown Source)
	at org.apache.derby.iapi.error.StandardException.newException(Unknown Source)
	at org.apache.derby.impl.sql.execute.ReferencedKeyRIChecker.doCheck(Unknown Source)
	at org.apache.derby.impl.sql.execute.RISetChecker.doPKCheck(Unknown Source)
	at org.apache.derby.impl.sql.execute.DeleteResultSet.collectAffectedRows(Unknown Source)
	at org.apache.derby.impl.sql.execute.DeleteResultSet.open(Unknown Source)
	at org.apache.derby.impl.sql.GenericPreparedStatement.executeStmt(Unknown Source)
	at org.apache.derby.impl.sql.GenericPreparedStatement.execute(Unknown Source)
	... 49 more

2024-04-24T12:06:24,581  INFO [TThreadPoolServer WorkerProcess-%d] HiveMetaStore.audit: ugi=alex	ip=127.0.0.1	cmd=source:127.0.0.1 drop_database: @hive#myDb	
2024-04-24T12:06:24,584  INFO [TThreadPoolServer WorkerProcess-%d] HiveMetaStore.audit: ugi=alex	ip=127.0.0.1	cmd=source:127.0.0.1 get_all_tables: db=@hive#myDb	
2024-04-24T12:06:24,584  INFO [TThreadPoolServer WorkerProcess-%d] HiveMetaStore.audit: ugi=alex	ip=127.0.0.1	cmd=source:127.0.0.1 get_functions: db=@hive#myDb pat=*	
2024-04-24T12:06:24,586  INFO [TThreadPoolServer WorkerProcess-%d] HiveMetaStore.audit: ugi=alex	ip=127.0.0.1	cmd=source:127.0.0.1 get_all_stored_procedures	
2024-04-24T12:06:24,587  INFO [TThreadPoolServer WorkerProcess-%d] HiveMetaStore.audit: ugi=alex	ip=127.0.0.1	cmd=source:127.0.0.1 get_all_packages	
2024-04-24T12:06:24,588  INFO [TThreadPoolServer WorkerProcess-%d] HiveMetaStore.audit: ugi=alex	ip=127.0.0.1	cmd=source:127.0.0.1 getTablesByTypeCore: catName=hive: db=myDb pat=.*,type=MATERIALIZED_VIEW	
2024-04-24T12:06:24,590  INFO [TThreadPoolServer WorkerProcess-%d] metastore.ObjectStore: Dropping database hive.myDb along with all tables
2024-04-24T12:06:24,594 ERROR [TThreadPoolServer WorkerProcess-%d] metastore.RetryingHMSHandler: HMSHandler Fatal error: javax.jdo.JDODataStoreException: Exception thrown flushing changes to datastore
	at org.datanucleus.api.jdo.NucleusJDOHelper.getJDOExceptionForNucleusException(NucleusJDOHelper.java:542)
	at org.datanucleus.api.jdo.JDOPersistenceManager.flush(JDOPersistenceManager.java:2081)
	at org.apache.hadoop.hive.metastore.ObjectStore.addNotificationEvent(ObjectStore.java:11639)
	at sun.reflect.GeneratedMethodAccessor68.invoke(Unknown Source)
	at sun.reflect.DelegatingMethodAccessorImpl.invoke(DelegatingMethodAccessorImpl.java:43)
	at java.lang.reflect.Method.invoke(Method.java:498)
	at org.apache.hadoop.hive.metastore.RawStoreProxy.invoke(RawStoreProxy.java:97)
	at com.sun.proxy.$Proxy32.addNotificationEvent(Unknown Source)
	at org.apache.hive.hcatalog.listener.DbNotificationListener.process(DbNotificationListener.java:1403)
	at org.apache.hive.hcatalog.listener.DbNotificationListener.onDropDatabase(DbNotificationListener.java:513)
	at org.apache.hadoop.hive.metastore.MetaStoreListenerNotifier$26.notify(MetaStoreListenerNotifier.java:99)
	at org.apache.hadoop.hive.metastore.MetaStoreListenerNotifier.notifyEvent(MetaStoreListenerNotifier.java:339)
	at org.apache.hadoop.hive.metastore.HMSHandler.drop_database_core(HMSHandler.java:1785)
	at org.apache.hadoop.hive.metastore.HMSHandler.drop_database(HMSHandler.java:1869)
	at sun.reflect.GeneratedMethodAccessor74.invoke(Unknown Source)
	at sun.reflect.DelegatingMethodAccessorImpl.invoke(DelegatingMethodAccessorImpl.java:43)
	at java.lang.reflect.Method.invoke(Method.java:498)
	at org.apache.hadoop.hive.metastore.RetryingHMSHandler.invokeInternal(RetryingHMSHandler.java:147)
	at org.apache.hadoop.hive.metastore.RetryingHMSHandler.invoke(RetryingHMSHandler.java:108)
	at com.sun.proxy.$Proxy34.drop_database(Unknown Source)
	at org.apache.hadoop.hive.metastore.api.ThriftHiveMetastore$Processor$drop_database.getResult(ThriftHiveMetastore.java:18285)
	at org.apache.hadoop.hive.metastore.api.ThriftHiveMetastore$Processor$drop_database.getResult(ThriftHiveMetastore.java:18264)
	at org.apache.thrift.ProcessFunction.process(ProcessFunction.java:38)
	at org.apache.hadoop.hive.metastore.TUGIBasedProcessor$1.run(TUGIBasedProcessor.java:111)
	at org.apache.hadoop.hive.metastore.TUGIBasedProcessor$1.run(TUGIBasedProcessor.java:107)
	at java.security.AccessController.doPrivileged(Native Method)
	at javax.security.auth.Subject.doAs(Subject.java:422)
	at org.apache.hadoop.security.UserGroupInformation.doAs(UserGroupInformation.java:1682)
	at org.apache.hadoop.hive.metastore.TUGIBasedProcessor.process(TUGIBasedProcessor.java:119)
	at org.apache.thrift.server.TThreadPoolServer$WorkerProcess.run(TThreadPoolServer.java:248)
	at java.util.concurrent.ThreadPoolExecutor.runWorker(ThreadPoolExecutor.java:1149)
	at java.util.concurrent.ThreadPoolExecutor$Worker.run(ThreadPoolExecutor.java:624)
	at java.lang.Thread.run(Thread.java:750)
NestedThrowablesStackTrace:
java.sql.BatchUpdateException: DELETE on table 'DBS' caused a violation of foreign key constraint 'TBLS_FK1' for key (4).  The statement has been rolled back.
	at org.apache.derby.impl.jdbc.EmbedStatement.executeLargeBatch(Unknown Source)
	at org.apache.derby.impl.jdbc.EmbedStatement.executeBatch(Unknown Source)
	at com.zaxxer.hikari.pool.ProxyStatement.executeBatch(ProxyStatement.java:128)
	at com.zaxxer.hikari.pool.HikariProxyPreparedStatement.executeBatch(HikariProxyPreparedStatement.java)
	at org.datanucleus.store.rdbms.ParamLoggingPreparedStatement.executeBatch(ParamLoggingPreparedStatement.java:366)
	at org.datanucleus.store.rdbms.SQLController.processConnectionStatement(SQLController.java:675)
	at org.datanucleus.store.rdbms.SQLController.processStatementsForConnection(SQLController.java:643)
	at org.datanucleus.store.rdbms.SQLController$1.transactionFlushed(SQLController.java:729)
	at org.datanucleus.store.connection.AbstractManagedConnection.transactionFlushed(AbstractManagedConnection.java:95)
	at org.datanucleus.store.connection.ConnectionManagerImpl$2.transactionFlushed(ConnectionManagerImpl.java:528)
	at org.datanucleus.TransactionImpl.flush(TransactionImpl.java:222)
	at org.datanucleus.ExecutionContextImpl.flushInternal(ExecutionContextImpl.java:4068)
	at org.datanucleus.ExecutionContextThreadedImpl.flushInternal(ExecutionContextThreadedImpl.java:448)
	at org.datanucleus.ExecutionContextImpl.flush(ExecutionContextImpl.java:4009)
	at org.datanucleus.ExecutionContextThreadedImpl.flush(ExecutionContextThreadedImpl.java:434)
	at org.datanucleus.api.jdo.JDOPersistenceManager.flush(JDOPersistenceManager.java:2064)
	at org.apache.hadoop.hive.metastore.ObjectStore.addNotificationEvent(ObjectStore.java:11639)
	at sun.reflect.GeneratedMethodAccessor68.invoke(Unknown Source)
	at sun.reflect.DelegatingMethodAccessorImpl.invoke(DelegatingMethodAccessorImpl.java:43)
	at java.lang.reflect.Method.invoke(Method.java:498)
	at org.apache.hadoop.hive.metastore.RawStoreProxy.invoke(RawStoreProxy.java:97)
	at com.sun.proxy.$Proxy32.addNotificationEvent(Unknown Source)
	at org.apache.hive.hcatalog.listener.DbNotificationListener.process(DbNotificationListener.java:1403)
	at org.apache.hive.hcatalog.listener.DbNotificationListener.onDropDatabase(DbNotificationListener.java:513)
	at org.apache.hadoop.hive.metastore.MetaStoreListenerNotifier$26.notify(MetaStoreListenerNotifier.java:99)
	at org.apache.hadoop.hive.metastore.MetaStoreListenerNotifier.notifyEvent(MetaStoreListenerNotifier.java:339)
	at org.apache.hadoop.hive.metastore.HMSHandler.drop_database_core(HMSHandler.java:1785)
	at org.apache.hadoop.hive.metastore.HMSHandler.drop_database(HMSHandler.java:1869)
	at sun.reflect.GeneratedMethodAccessor74.invoke(Unknown Source)
	at sun.reflect.DelegatingMethodAccessorImpl.invoke(DelegatingMethodAccessorImpl.java:43)
	at java.lang.reflect.Method.invoke(Method.java:498)
	at org.apache.hadoop.hive.metastore.RetryingHMSHandler.invokeInternal(RetryingHMSHandler.java:147)
	at org.apache.hadoop.hive.metastore.RetryingHMSHandler.invoke(RetryingHMSHandler.java:108)
	at com.sun.proxy.$Proxy34.drop_database(Unknown Source)
	at org.apache.hadoop.hive.metastore.api.ThriftHiveMetastore$Processor$drop_database.getResult(ThriftHiveMetastore.java:18285)
	at org.apache.hadoop.hive.metastore.api.ThriftHiveMetastore$Processor$drop_database.getResult(ThriftHiveMetastore.java:18264)
	at org.apache.thrift.ProcessFunction.process(ProcessFunction.java:38)
	at org.apache.hadoop.hive.metastore.TUGIBasedProcessor$1.run(TUGIBasedProcessor.java:111)
	at org.apache.hadoop.hive.metastore.TUGIBasedProcessor$1.run(TUGIBasedProcessor.java:107)
	at java.security.AccessController.doPrivileged(Native Method)
	at javax.security.auth.Subject.doAs(Subject.java:422)
	at org.apache.hadoop.security.UserGroupInformation.doAs(UserGroupInformation.java:1682)
	at org.apache.hadoop.hive.metastore.TUGIBasedProcessor.process(TUGIBasedProcessor.java:119)
	at org.apache.thrift.server.TThreadPoolServer$WorkerProcess.run(TThreadPoolServer.java:248)
	at java.util.concurrent.ThreadPoolExecutor.runWorker(ThreadPoolExecutor.java:1149)
	at java.util.concurrent.ThreadPoolExecutor$Worker.run(ThreadPoolExecutor.java:624)
	at java.lang.Thread.run(Thread.java:750)
Caused by: org.apache.derby.shared.common.error.DerbySQLIntegrityConstraintViolationException: DELETE on table 'DBS' caused a violation of foreign key constraint 'TBLS_FK1' for key (4).  The statement has been rolled back.
	at org.apache.derby.impl.jdbc.SQLExceptionFactory.getSQLException(Unknown Source)
	at org.apache.derby.impl.jdbc.Util.generateCsSQLException(Unknown Source)
	at org.apache.derby.impl.jdbc.TransactionResourceImpl.wrapInSQLException(Unknown Source)
	at org.apache.derby.impl.jdbc.TransactionResourceImpl.handleException(Unknown Source)
	at org.apache.derby.impl.jdbc.EmbedConnection.handleException(Unknown Source)
	at org.apache.derby.impl.jdbc.ConnectionChild.handleException(Unknown Source)
	at org.apache.derby.impl.jdbc.EmbedStatement.executeStatement(Unknown Source)
	at org.apache.derby.impl.jdbc.EmbedPreparedStatement.executeBatchElement(Unknown Source)
	... 47 more
Caused by: ERROR 23503: DELETE on table 'DBS' caused a violation of foreign key constraint 'TBLS_FK1' for key (4).  The statement has been rolled back.
	at org.apache.derby.iapi.error.StandardException.newException(Unknown Source)
	at org.apache.derby.iapi.error.StandardException.newException(Unknown Source)
	at org.apache.derby.impl.sql.execute.ReferencedKeyRIChecker.doCheck(Unknown Source)
	at org.apache.derby.impl.sql.execute.RISetChecker.doPKCheck(Unknown Source)
	at org.apache.derby.impl.sql.execute.DeleteResultSet.collectAffectedRows(Unknown Source)
	at org.apache.derby.impl.sql.execute.DeleteResultSet.open(Unknown Source)
	at org.apache.derby.impl.sql.GenericPreparedStatement.executeStmt(Unknown Source)
	at org.apache.derby.impl.sql.GenericPreparedStatement.execute(Unknown Source)
	... 49 more

2024-04-24T12:06:24,595 ERROR [main] api.TestHCatClient: Unexpected exception!
org.apache.hive.hcatalog.common.HCatException: org.apache.hive.hcatalog.common.HCatException : 9001 : Exception occurred while processing HCat request : MetaException while dropping db.. Cause : MetaException(message:javax.jdo.JDODataStoreException: Exception thrown flushing changes to datastore
NestedThrowables:
java.sql.BatchUpdateException: DELETE on table 'DBS' caused a violation of foreign key constraint 'TBLS_FK1' for key (4).  The statement has been rolled back.)
	at org.apache.hive.hcatalog.api.HCatClientHMSImpl.dropDatabase(HCatClientHMSImpl.java:164) ~[classes/:?]
	at org.apache.hive.hcatalog.api.TestHCatClient.testDropPartitionsWithPartialSpec(TestHCatClient.java:805) [test-classes/:?]
	at sun.reflect.NativeMethodAccessorImpl.invoke0(Native Method) ~[?:1.8.0_402]
	at sun.reflect.NativeMethodAccessorImpl.invoke(NativeMethodAccessorImpl.java:62) ~[?:1.8.0_402]
	at sun.reflect.DelegatingMethodAccessorImpl.invoke(DelegatingMethodAccessorImpl.java:43) ~[?:1.8.0_402]
	at java.lang.reflect.Method.invoke(Method.java:498) ~[?:1.8.0_402]
	at org.junit.runners.model.FrameworkMethod$1.runReflectiveCall(FrameworkMethod.java:59) [junit-4.13.jar:4.13]
	at org.junit.internal.runners.model.ReflectiveCallable.run(ReflectiveCallable.java:12) [junit-4.13.jar:4.13]
	at org.junit.runners.model.FrameworkMethod.invokeExplosively(FrameworkMethod.java:56) [junit-4.13.jar:4.13]
	at org.junit.internal.runners.statements.InvokeMethod.evaluate(InvokeMethod.java:17) [junit-4.13.jar:4.13]
	at org.junit.runners.ParentRunner$3.evaluate(ParentRunner.java:306) [junit-4.13.jar:4.13]
	at org.junit.runners.BlockJUnit4ClassRunner$1.evaluate(BlockJUnit4ClassRunner.java:100) [junit-4.13.jar:4.13]
	at org.junit.runners.ParentRunner.runLeaf(ParentRunner.java:366) [junit-4.13.jar:4.13]
	at org.junit.runners.BlockJUnit4ClassRunner.runChild(BlockJUnit4ClassRunner.java:103) [junit-4.13.jar:4.13]
	at org.junit.runners.BlockJUnit4ClassRunner.runChild(BlockJUnit4ClassRunner.java:63) [junit-4.13.jar:4.13]
	at org.junit.runners.ParentRunner$4.run(ParentRunner.java:331) [junit-4.13.jar:4.13]
	at org.junit.runners.ParentRunner$1.schedule(ParentRunner.java:79) [junit-4.13.jar:4.13]
	at org.junit.runners.ParentRunner.runChildren(ParentRunner.java:329) [junit-4.13.jar:4.13]
	at org.junit.runners.ParentRunner.access$100(ParentRunner.java:66) [junit-4.13.jar:4.13]
	at org.junit.runners.ParentRunner$2.evaluate(ParentRunner.java:293) [junit-4.13.jar:4.13]
	at org.junit.internal.runners.statements.RunBefores.evaluate(RunBefores.java:26) [junit-4.13.jar:4.13]
	at org.junit.internal.runners.statements.RunAfters.evaluate(RunAfters.java:27) [junit-4.13.jar:4.13]
	at org.junit.runners.ParentRunner$3.evaluate(ParentRunner.java:306) [junit-4.13.jar:4.13]
	at org.junit.runners.ParentRunner.run(ParentRunner.java:413) [junit-4.13.jar:4.13]
	at org.junit.runners.Suite.runChild(Suite.java:128) [junit-4.13.jar:4.13]
	at org.junit.runners.Suite.runChild(Suite.java:27) [junit-4.13.jar:4.13]
	at org.junit.runners.ParentRunner$4.run(ParentRunner.java:331) [junit-4.13.jar:4.13]
	at org.junit.runners.ParentRunner$1.schedule(ParentRunner.java:79) [junit-4.13.jar:4.13]
	at org.junit.runners.ParentRunner.runChildren(ParentRunner.java:329) [junit-4.13.jar:4.13]
	at org.junit.runners.ParentRunner.access$100(ParentRunner.java:66) [junit-4.13.jar:4.13]
	at org.junit.runners.ParentRunner$2.evaluate(ParentRunner.java:293) [junit-4.13.jar:4.13]
	at org.junit.runners.ParentRunner$3.evaluate(ParentRunner.java:306) [junit-4.13.jar:4.13]
	at org.junit.runners.ParentRunner.run(ParentRunner.java:413) [junit-4.13.jar:4.13]
	at org.apache.maven.surefire.junitcore.JUnitCore.run(JUnitCore.java:55) [surefire-junit47-3.0.0-M4.jar:3.0.0-M4]
	at org.apache.maven.surefire.junitcore.JUnitCoreWrapper.createRequestAndRun(JUnitCoreWrapper.java:137) [surefire-junit47-3.0.0-M4.jar:3.0.0-M4]
	at org.apache.maven.surefire.junitcore.JUnitCoreWrapper.executeEager(JUnitCoreWrapper.java:107) [surefire-junit47-3.0.0-M4.jar:3.0.0-M4]
	at org.apache.maven.surefire.junitcore.JUnitCoreWrapper.execute(JUnitCoreWrapper.java:83) [surefire-junit47-3.0.0-M4.jar:3.0.0-M4]
	at org.apache.maven.surefire.junitcore.JUnitCoreWrapper.execute(JUnitCoreWrapper.java:75) [surefire-junit47-3.0.0-M4.jar:3.0.0-M4]
	at org.apache.maven.surefire.junitcore.JUnitCoreProvider.invoke(JUnitCoreProvider.java:158) [surefire-junit47-3.0.0-M4.jar:3.0.0-M4]
	at org.apache.maven.surefire.booter.ForkedBooter.runSuitesInProcess(ForkedBooter.java:377) [surefire-booter-3.0.0-M4.jar:3.0.0-M4]
	at org.apache.maven.surefire.booter.ForkedBooter.execute(ForkedBooter.java:138) [surefire-booter-3.0.0-M4.jar:3.0.0-M4]
	at org.apache.maven.surefire.booter.ForkedBooter.run(ForkedBooter.java:465) [surefire-booter-3.0.0-M4.jar:3.0.0-M4]
	at org.apache.maven.surefire.booter.ForkedBooter.main(ForkedBooter.java:451) [surefire-booter-3.0.0-M4.jar:3.0.0-M4]
Caused by: org.apache.hadoop.hive.metastore.api.MetaException: javax.jdo.JDODataStoreException: Exception thrown flushing changes to datastore
NestedThrowables:
java.sql.BatchUpdateException: DELETE on table 'DBS' caused a violation of foreign key constraint 'TBLS_FK1' for key (4).  The statement has been rolled back.
	at org.apache.hadoop.hive.metastore.api.ThriftHiveMetastore$drop_database_result$drop_database_resultStandardScheme.read(ThriftHiveMetastore.java:54495) ~[classes/:?]
	at org.apache.hadoop.hive.metastore.api.ThriftHiveMetastore$drop_database_result$drop_database_resultStandardScheme.read(ThriftHiveMetastore.java:54463) ~[classes/:?]
	at org.apache.hadoop.hive.metastore.api.ThriftHiveMetastore$drop_database_result.read(ThriftHiveMetastore.java:54397) ~[classes/:?]
	at org.apache.thrift.TServiceClient.receiveBase(TServiceClient.java:88) ~[libthrift-0.14.1.jar:0.14.1]
	at org.apache.hadoop.hive.metastore.api.ThriftHiveMetastore$Client.recv_drop_database(ThriftHiveMetastore.java:1404) ~[classes/:?]
	at org.apache.hadoop.hive.metastore.api.ThriftHiveMetastore$Client.drop_database(ThriftHiveMetastore.java:1389) ~[classes/:?]
	at org.apache.hadoop.hive.metastore.HiveMetaStoreClient.dropDatabaseCascadePerDb(HiveMetaStoreClient.java:1601) ~[classes/:?]
	at org.apache.hadoop.hive.metastore.HiveMetaStoreClient.dropDatabase(HiveMetaStoreClient.java:1532) ~[classes/:?]
	at org.apache.hadoop.hive.metastore.HiveMetaStoreClient.dropDatabase(HiveMetaStoreClient.java:1485) ~[classes/:?]
	at sun.reflect.NativeMethodAccessorImpl.invoke0(Native Method) ~[?:1.8.0_402]
	at sun.reflect.NativeMethodAccessorImpl.invoke(NativeMethodAccessorImpl.java:62) ~[?:1.8.0_402]
	at sun.reflect.DelegatingMethodAccessorImpl.invoke(DelegatingMethodAccessorImpl.java:43) ~[?:1.8.0_402]
	at java.lang.reflect.Method.invoke(Method.java:498) ~[?:1.8.0_402]
	at org.apache.hadoop.hive.metastore.RetryingMetaStoreClient.invoke(RetryingMetaStoreClient.java:214) ~[classes/:?]
	at com.sun.proxy.$Proxy35.dropDatabase(Unknown Source) ~[?:?]
	at org.apache.hive.hcatalog.api.HCatClientHMSImpl.dropDatabase(HCatClientHMSImpl.java:154) ~[classes/:?]
	... 42 more
]]></system-err>
  </testcase>
  <testcase name="testBasicDDLCommands" classname="org.apache.hive.hcatalog.api.TestHCatClient" time="0.613"/>
  <testcase name="testTransportFailure" classname="org.apache.hive.hcatalog.api.TestHCatClient" time="0.275"/>
  <testcase name="testRenameTable" classname="org.apache.hive.hcatalog.api.TestHCatClient" time="0.268"/>
  <testcase name="testDropTableException" classname="org.apache.hive.hcatalog.api.TestHCatClient" time="0.063"/>
  <testcase name="testReplicationTaskIter" classname="org.apache.hive.hcatalog.api.TestHCatClient" time="3.154"/>
  <testcase name="testObjectNotFoundException" classname="org.apache.hive.hcatalog.api.TestHCatClient" time="0.291"/>
  <testcase name="testTableSchemaPropagation" classname="org.apache.hive.hcatalog.api.TestHCatClient" time="79.358"/>
  <testcase name="testEmptyTableInstantiation" classname="org.apache.hive.hcatalog.api.TestHCatClient" time="22.122"/>
  <testcase name="testPartitionsHCatClientImpl" classname="org.apache.hive.hcatalog.api.TestHCatClient" time="0.597"/>
  <testcase name="testCreateTableLike" classname="org.apache.hive.hcatalog.api.TestHCatClient" time="0.186">
    <failure type="java.lang.AssertionError"><![CDATA[java.lang.AssertionError
	at org.junit.Assert.fail(Assert.java:87)
	at org.junit.Assert.assertTrue(Assert.java:42)
	at org.junit.Assert.assertTrue(Assert.java:53)
	at org.apache.hive.hcatalog.api.TestHCatClient.testCreateTableLike(TestHCatClient.java:419)
	at sun.reflect.NativeMethodAccessorImpl.invoke0(Native Method)
	at sun.reflect.NativeMethodAccessorImpl.invoke(NativeMethodAccessorImpl.java:62)
	at sun.reflect.DelegatingMethodAccessorImpl.invoke(DelegatingMethodAccessorImpl.java:43)
	at java.lang.reflect.Method.invoke(Method.java:498)
	at org.junit.runners.model.FrameworkMethod$1.runReflectiveCall(FrameworkMethod.java:59)
	at org.junit.internal.runners.model.ReflectiveCallable.run(ReflectiveCallable.java:12)
	at org.junit.runners.model.FrameworkMethod.invokeExplosively(FrameworkMethod.java:56)
	at org.junit.internal.runners.statements.InvokeMethod.evaluate(InvokeMethod.java:17)
	at org.junit.runners.ParentRunner$3.evaluate(ParentRunner.java:306)
	at org.junit.runners.BlockJUnit4ClassRunner$1.evaluate(BlockJUnit4ClassRunner.java:100)
	at org.junit.runners.ParentRunner.runLeaf(ParentRunner.java:366)
	at org.junit.runners.BlockJUnit4ClassRunner.runChild(BlockJUnit4ClassRunner.java:103)
	at org.junit.runners.BlockJUnit4ClassRunner.runChild(BlockJUnit4ClassRunner.java:63)
	at org.junit.runners.ParentRunner$4.run(ParentRunner.java:331)
	at org.junit.runners.ParentRunner$1.schedule(ParentRunner.java:79)
	at org.junit.runners.ParentRunner.runChildren(ParentRunner.java:329)
	at org.junit.runners.ParentRunner.access$100(ParentRunner.java:66)
	at org.junit.runners.ParentRunner$2.evaluate(ParentRunner.java:293)
	at org.junit.internal.runners.statements.RunBefores.evaluate(RunBefores.java:26)
	at org.junit.internal.runners.statements.RunAfters.evaluate(RunAfters.java:27)
	at org.junit.runners.ParentRunner$3.evaluate(ParentRunner.java:306)
	at org.junit.runners.ParentRunner.run(ParentRunner.java:413)
	at org.junit.runners.Suite.runChild(Suite.java:128)
	at org.junit.runners.Suite.runChild(Suite.java:27)
	at org.junit.runners.ParentRunner$4.run(ParentRunner.java:331)
	at org.junit.runners.ParentRunner$1.schedule(ParentRunner.java:79)
	at org.junit.runners.ParentRunner.runChildren(ParentRunner.java:329)
	at org.junit.runners.ParentRunner.access$100(ParentRunner.java:66)
	at org.junit.runners.ParentRunner$2.evaluate(ParentRunner.java:293)
	at org.junit.runners.ParentRunner$3.evaluate(ParentRunner.java:306)
	at org.junit.runners.ParentRunner.run(ParentRunner.java:413)
	at org.apache.maven.surefire.junitcore.JUnitCore.run(JUnitCore.java:55)
	at org.apache.maven.surefire.junitcore.JUnitCoreWrapper.createRequestAndRun(JUnitCoreWrapper.java:137)
	at org.apache.maven.surefire.junitcore.JUnitCoreWrapper.executeEager(JUnitCoreWrapper.java:107)
	at org.apache.maven.surefire.junitcore.JUnitCoreWrapper.execute(JUnitCoreWrapper.java:83)
	at org.apache.maven.surefire.junitcore.JUnitCoreWrapper.execute(JUnitCoreWrapper.java:75)
	at org.apache.maven.surefire.junitcore.JUnitCoreProvider.invoke(JUnitCoreProvider.java:158)
	at org.apache.maven.surefire.booter.ForkedBooter.runSuitesInProcess(ForkedBooter.java:377)
	at org.apache.maven.surefire.booter.ForkedBooter.execute(ForkedBooter.java:138)
	at org.apache.maven.surefire.booter.ForkedBooter.run(ForkedBooter.java:465)
	at org.apache.maven.surefire.booter.ForkedBooter.main(ForkedBooter.java:451)
]]></failure>
    <system-err><![CDATA[2024-04-24T12:08:11,412  WARN [main] conf.HiveConf: HiveConf of name hive.metastore.metadb.dir does not exist
2024-04-24T12:08:11,413  WARN [main] conf.HiveConf: HiveConf of name hive.dummyparam.test.server.specific.config.override does not exist
2024-04-24T12:08:11,413  WARN [main] conf.HiveConf: HiveConf of name hive.stats.key.prefix.reserve.length does not exist
2024-04-24T12:08:11,413  WARN [main] conf.HiveConf: HiveConf of name hive.metastore.client.cache.recordStats does not exist
2024-04-24T12:08:11,413  WARN [main] conf.HiveConf: HiveConf of name hive.dummyparam.test.server.specific.config.metastoresite does not exist
2024-04-24T12:08:11,413  WARN [main] conf.HiveConf: HiveConf of name hive.dummyparam.test.server.specific.config.hivesite does not exist
2024-04-24T12:08:11,413  WARN [main] conf.HiveConf: HiveConf of name hive.llap.io.cache.orc.arena.size does not exist
2024-04-24T12:08:11,413  WARN [main] conf.HiveConf: HiveConf of name hive.metastore.client.cache.maxSize does not exist
2024-04-24T12:08:11,413  WARN [main] conf.HiveConf: HiveConf of name hive.llap.io.cache.orc.size does not exist
2024-04-24T12:08:11,413  WARN [main] conf.HiveConf: HiveConf of name hive.llap.io.cache.orc.alloc.max does not exist
2024-04-24T12:08:11,413  WARN [main] conf.HiveConf: HiveConf of name hive.llap.io.cache.orc.alloc.min does not exist
2024-04-24T12:08:11,413  INFO [main] common.HCatUtil: mapreduce.lib.hcatoutput.hive.conf not set. Generating configuration differences.
2024-04-24T12:08:11,415  INFO [main] common.HCatUtil: Configuration differences={datanucleus.schema.autoCreateAll=true, hive.exec.scratchdir=${test.tmp.dir}/scratchdir, hive.strict.timestamp.conversion=false, datanucleus.connectionPool.maxPoolSize=4, hive.ignore.mapjoin.hint=false, hive.query.reexecution.stats.persist.scope=query, hive.cbo.fallback.strategy=TEST, hive.users.in.admin.role=hive_admin_user, hive.metastore.warehouse.dir=${test.warehouse.dir}, hive.server2.operation.log.purgePolicy.timeToLive=5s, hive.llap.io.allocator.direct=false, hive.default.rcfile.serde=org.apache.hadoop.hive.serde2.columnar.ColumnarSerDe, javax.jdo.option.ConnectionURL=jdbc:derby:memory:${test.tmp.dir}/junit_metastore_db;create=true, hive.test.dummystats.aggregator=value2, hive.scheduled.queries.executor.enabled=false, hive.querylog.location=${test.tmp.dir}/tmp, hive.jar.path=${maven.local.repository}/org/apache/hive/hive-exec/${hive.version}/hive-exec-${hive.version}.jar, hive.exec.local.scratchdir=${test.tmp.dir}/localscratchdir/, hive.fetch.task.conversion=minimal, hive.security.authorization.manager=org.apache.hadoop.hive.ql.security.authorization.plugin.sqlstd.SQLStdHiveAuthorizerFactoryForTest, hive.mapjoin.max.gc.time.percentage=0.99, hive.in.test=true, hive.stats.fetch.bitvector=true, hive.query.results.cache.enabled=false, hive.metastore.client.cache.enabled=true, hive.auto.convert.join=false, hive.exec.submit.local.task.via.child=false, hive.conf.restricted.list=from.hivemetastore-site.xml, hive.metastore.schema.verification=false}
2024-04-24T12:08:11,415  WARN [main] metastore.HiveMetaStoreClient: Unexpected increment of user count beyond one: 2 HCatClient: thread: 1 users=2 expired=false closed=false
2024-04-24T12:08:11,415  INFO [TThreadPoolServer WorkerProcess-%d] HiveMetaStore.audit: ugi=alex	ip=127.0.0.1	cmd=source:127.0.0.1 get_databases: @hive#NonExistentDatabaseUsedForHealthCheck	
2024-04-24T12:08:11,419  INFO [TThreadPoolServer WorkerProcess-%d] HiveMetaStore.audit: ugi=alex	ip=127.0.0.1	cmd=source:127.0.0.1 get_table : tbl=hive.default.tableone	
2024-04-24T12:08:11,421  INFO [TThreadPoolServer WorkerProcess-%d] HiveMetaStore.audit: ugi=alex	ip=127.0.0.1	cmd=source:127.0.0.1 get_table : tbl=hive.default.tabletwo	
2024-04-24T12:08:11,423  WARN [main] api.HCatTable: Conf hasn't been set yet. Using defaults.
2024-04-24T12:08:11,480  WARN [main] conf.HiveConf: HiveConf of name hive.metastore.client.cache.recordStats does not exist
2024-04-24T12:08:11,480  WARN [main] conf.HiveConf: HiveConf of name hive.llap.io.cache.orc.size does not exist
2024-04-24T12:08:11,480  WARN [main] conf.HiveConf: HiveConf of name hive.metastore.client.cache.maxSize does not exist
2024-04-24T12:08:11,480  WARN [main] conf.HiveConf: HiveConf of name hive.llap.io.cache.orc.alloc.max does not exist
2024-04-24T12:08:11,480  WARN [main] conf.HiveConf: HiveConf of name hive.llap.io.cache.orc.arena.size does not exist
2024-04-24T12:08:11,480  WARN [main] conf.HiveConf: HiveConf of name hive.stats.key.prefix.reserve.length does not exist
2024-04-24T12:08:11,480  WARN [main] conf.HiveConf: HiveConf of name hive.dummyparam.test.server.specific.config.metastoresite does not exist
2024-04-24T12:08:11,480  WARN [main] conf.HiveConf: HiveConf of name hive.dummyparam.test.server.specific.config.override does not exist
2024-04-24T12:08:11,480  WARN [main] conf.HiveConf: HiveConf of name hive.dummyparam.test.server.specific.config.hivesite does not exist
2024-04-24T12:08:11,480  WARN [main] conf.HiveConf: HiveConf of name hive.llap.io.cache.orc.alloc.min does not exist
2024-04-24T12:08:11,480  WARN [main] conf.HiveConf: HiveConf of name hive.metastore.metadb.dir does not exist
2024-04-24T12:08:11,481  INFO [TThreadPoolServer WorkerProcess-%d] HiveMetaStore.audit: ugi=alex	ip=127.0.0.1	cmd=source:127.0.0.1 create_table_req: Table(tableName:tableone, dbName:default, owner:alex, createTime:1713985691, lastAccessTime:0, retention:0, sd:StorageDescriptor(cols:[FieldSchema(name:id, type:int, comment:id columns), FieldSchema(name:value, type:string, comment:id columns)], location:null, inputFormat:org.apache.hadoop.hive.ql.io.RCFileInputFormat, outputFormat:org.apache.hadoop.hive.ql.io.RCFileOutputFormat, compressed:false, numBuckets:0, serdeInfo:SerDeInfo(name:null, serializationLib:org.apache.hadoop.hive.serde2.columnar.LazyBinaryColumnarSerDe, parameters:{serialization.format=1}), bucketCols:null, sortCols:null, parameters:null), partitionKeys:[], parameters:{bucketing_version=2}, viewOriginalText:null, viewExpandedText:null, tableType:MANAGED_TABLE, catName:hive, ownerType:USER)	
2024-04-24T12:08:11,485  INFO [TThreadPoolServer WorkerProcess-%d] utils.FileUtils: Creating directory if it doesn't exist: pfile:/home/alex/Repositories/hive/hcatalog/webhcat/java-client/target/warehouse/34727/tableone
2024-04-24T12:08:11,510  INFO [TThreadPoolServer WorkerProcess-%d] HiveMetaStore.audit: ugi=alex	ip=127.0.0.1	cmd=source:127.0.0.1 get_table : tbl=hive.default.tableone	
2024-04-24T12:08:11,516  INFO [TThreadPoolServer WorkerProcess-%d] metastore.HMSHandler: Skipping translation for processor with null
2024-04-24T12:08:11,517  INFO [TThreadPoolServer WorkerProcess-%d] HiveMetaStore.audit: ugi=alex	ip=127.0.0.1	cmd=source:127.0.0.1 create_table_req: Table(tableName:tabletwo, dbName:default, owner:null, createTime:1713985691, lastAccessTime:0, retention:0, sd:StorageDescriptor(cols:[FieldSchema(name:id, type:int, comment:id columns), FieldSchema(name:value, type:string, comment:id columns)], location:pfile:/home/alex/Repositories/hive/hcatalog/webhcat/java-client/target/warehouse/34727/tableone, inputFormat:org.apache.hadoop.hive.ql.io.RCFileInputFormat, outputFormat:org.apache.hadoop.hive.ql.io.RCFileOutputFormat, compressed:false, numBuckets:0, serdeInfo:SerDeInfo(name:null, serializationLib:org.apache.hadoop.hive.serde2.columnar.LazyBinaryColumnarSerDe, parameters:{serialization.format=1}), bucketCols:[], sortCols:[], parameters:{}, skewedInfo:SkewedInfo(skewedColNames:[], skewedColValues:[], skewedColValueLocationMaps:{}), storedAsSubDirectories:false), partitionKeys:null, parameters:{transient_lastDdlTime=1713985691, bucketing_version=2, EXTERNAL=TRUE}, viewOriginalText:null, viewExpandedText:null, tableType:EXTERNAL_TABLE, catName:hive, ownerType:USER)	
2024-04-24T12:08:11,530  INFO [TThreadPoolServer WorkerProcess-%d] utils.MetaStoreServerUtils: Updating table stats for tabletwo
2024-04-24T12:08:11,530  INFO [TThreadPoolServer WorkerProcess-%d] utils.MetaStoreServerUtils: Updated size of table tabletwo to 0
2024-04-24T12:08:11,543  INFO [TThreadPoolServer WorkerProcess-%d] HiveMetaStore.audit: ugi=alex	ip=127.0.0.1	cmd=source:127.0.0.1 get_multi_table : db=default tbls=null	
]]></system-err>
  </testcase>
  <testcase name="testOtherFailure" classname="org.apache.hive.hcatalog.api.TestHCatClient" time="0.358"/>
  <testcase name="testPartitionSpecRegistrationWithCustomSchema" classname="org.apache.hive.hcatalog.api.TestHCatClient" time="68.548">
    <failure message="Unexpected exception! org.apache.hive.hcatalog.common.HCatException : 9001 : Exception occurred while processing HCat request : MetaException while dropping db.. Cause : MetaException(message:javax.jdo.JDODataStoreException: Exception thrown flushing changes to datastore&#10;NestedThrowables:&#10;java.sql.BatchUpdateException: DELETE on table &apos;DBS&apos; caused a violation of foreign key constraint &apos;TBLS_FK1&apos; for key (11).  The statement has been rolled back.)" type="java.lang.AssertionError"><![CDATA[java.lang.AssertionError: 
Unexpected exception! org.apache.hive.hcatalog.common.HCatException : 9001 : Exception occurred while processing HCat request : MetaException while dropping db.. Cause : MetaException(message:javax.jdo.JDODataStoreException: Exception thrown flushing changes to datastore
NestedThrowables:
java.sql.BatchUpdateException: DELETE on table 'DBS' caused a violation of foreign key constraint 'TBLS_FK1' for key (11).  The statement has been rolled back.)
	at org.junit.Assert.fail(Assert.java:89)
	at org.junit.Assert.assertTrue(Assert.java:42)
	at org.apache.hive.hcatalog.api.TestHCatClient.testPartitionSpecRegistrationWithCustomSchema(TestHCatClient.java:1345)
	at sun.reflect.NativeMethodAccessorImpl.invoke0(Native Method)
	at sun.reflect.NativeMethodAccessorImpl.invoke(NativeMethodAccessorImpl.java:62)
	at sun.reflect.DelegatingMethodAccessorImpl.invoke(DelegatingMethodAccessorImpl.java:43)
	at java.lang.reflect.Method.invoke(Method.java:498)
	at org.junit.runners.model.FrameworkMethod$1.runReflectiveCall(FrameworkMethod.java:59)
	at org.junit.internal.runners.model.ReflectiveCallable.run(ReflectiveCallable.java:12)
	at org.junit.runners.model.FrameworkMethod.invokeExplosively(FrameworkMethod.java:56)
	at org.junit.internal.runners.statements.InvokeMethod.evaluate(InvokeMethod.java:17)
	at org.junit.runners.ParentRunner$3.evaluate(ParentRunner.java:306)
	at org.junit.runners.BlockJUnit4ClassRunner$1.evaluate(BlockJUnit4ClassRunner.java:100)
	at org.junit.runners.ParentRunner.runLeaf(ParentRunner.java:366)
	at org.junit.runners.BlockJUnit4ClassRunner.runChild(BlockJUnit4ClassRunner.java:103)
	at org.junit.runners.BlockJUnit4ClassRunner.runChild(BlockJUnit4ClassRunner.java:63)
	at org.junit.runners.ParentRunner$4.run(ParentRunner.java:331)
	at org.junit.runners.ParentRunner$1.schedule(ParentRunner.java:79)
	at org.junit.runners.ParentRunner.runChildren(ParentRunner.java:329)
	at org.junit.runners.ParentRunner.access$100(ParentRunner.java:66)
	at org.junit.runners.ParentRunner$2.evaluate(ParentRunner.java:293)
	at org.junit.internal.runners.statements.RunBefores.evaluate(RunBefores.java:26)
	at org.junit.internal.runners.statements.RunAfters.evaluate(RunAfters.java:27)
	at org.junit.runners.ParentRunner$3.evaluate(ParentRunner.java:306)
	at org.junit.runners.ParentRunner.run(ParentRunner.java:413)
	at org.junit.runners.Suite.runChild(Suite.java:128)
	at org.junit.runners.Suite.runChild(Suite.java:27)
	at org.junit.runners.ParentRunner$4.run(ParentRunner.java:331)
	at org.junit.runners.ParentRunner$1.schedule(ParentRunner.java:79)
	at org.junit.runners.ParentRunner.runChildren(ParentRunner.java:329)
	at org.junit.runners.ParentRunner.access$100(ParentRunner.java:66)
	at org.junit.runners.ParentRunner$2.evaluate(ParentRunner.java:293)
	at org.junit.runners.ParentRunner$3.evaluate(ParentRunner.java:306)
	at org.junit.runners.ParentRunner.run(ParentRunner.java:413)
	at org.apache.maven.surefire.junitcore.JUnitCore.run(JUnitCore.java:55)
	at org.apache.maven.surefire.junitcore.JUnitCoreWrapper.createRequestAndRun(JUnitCoreWrapper.java:137)
	at org.apache.maven.surefire.junitcore.JUnitCoreWrapper.executeEager(JUnitCoreWrapper.java:107)
	at org.apache.maven.surefire.junitcore.JUnitCoreWrapper.execute(JUnitCoreWrapper.java:83)
	at org.apache.maven.surefire.junitcore.JUnitCoreWrapper.execute(JUnitCoreWrapper.java:75)
	at org.apache.maven.surefire.junitcore.JUnitCoreProvider.invoke(JUnitCoreProvider.java:158)
	at org.apache.maven.surefire.booter.ForkedBooter.runSuitesInProcess(ForkedBooter.java:377)
	at org.apache.maven.surefire.booter.ForkedBooter.execute(ForkedBooter.java:138)
	at org.apache.maven.surefire.booter.ForkedBooter.run(ForkedBooter.java:465)
	at org.apache.maven.surefire.booter.ForkedBooter.main(ForkedBooter.java:451)
]]></failure>
    <system-err><![CDATA[2024-04-24T12:08:11,956  WARN [main] conf.HiveConf: HiveConf of name hive.llap.io.cache.orc.alloc.min does not exist
2024-04-24T12:08:11,956  WARN [main] conf.HiveConf: HiveConf of name hive.stats.key.prefix.reserve.length does not exist
2024-04-24T12:08:11,956  WARN [main] conf.HiveConf: HiveConf of name hive.metastore.metadb.dir does not exist
2024-04-24T12:08:11,956  WARN [main] conf.HiveConf: HiveConf of name hive.llap.io.cache.orc.alloc.max does not exist
2024-04-24T12:08:11,956  WARN [main] conf.HiveConf: HiveConf of name hive.metastore.client.cache.maxSize does not exist
2024-04-24T12:08:11,956  WARN [main] conf.HiveConf: HiveConf of name hive.metastore.client.cache.recordStats does not exist
2024-04-24T12:08:11,957  WARN [main] conf.HiveConf: HiveConf of name hive.dummyparam.test.server.specific.config.hivesite does not exist
2024-04-24T12:08:11,957  WARN [main] conf.HiveConf: HiveConf of name hive.llap.io.cache.orc.arena.size does not exist
2024-04-24T12:08:11,957  WARN [main] conf.HiveConf: HiveConf of name hive.dummyparam.test.server.specific.config.metastoresite does not exist
2024-04-24T12:08:11,957  WARN [main] conf.HiveConf: HiveConf of name hive.llap.io.cache.orc.size does not exist
2024-04-24T12:08:11,957  WARN [main] conf.HiveConf: HiveConf of name hive.dummyparam.test.server.specific.config.override does not exist
2024-04-24T12:08:11,957  INFO [main] common.HCatUtil: mapreduce.lib.hcatoutput.hive.conf not set. Generating configuration differences.
2024-04-24T12:08:11,959  INFO [main] common.HCatUtil: Configuration differences={datanucleus.schema.autoCreateAll=true, hive.exec.scratchdir=${test.tmp.dir}/scratchdir, hive.strict.timestamp.conversion=false, datanucleus.connectionPool.maxPoolSize=4, hive.ignore.mapjoin.hint=false, hive.query.reexecution.stats.persist.scope=query, hive.cbo.fallback.strategy=TEST, hive.users.in.admin.role=hive_admin_user, hive.metastore.warehouse.dir=${test.warehouse.dir}, hive.server2.operation.log.purgePolicy.timeToLive=5s, hive.llap.io.allocator.direct=false, hive.default.rcfile.serde=org.apache.hadoop.hive.serde2.columnar.ColumnarSerDe, javax.jdo.option.ConnectionURL=jdbc:derby:memory:${test.tmp.dir}/junit_metastore_db;create=true, hive.test.dummystats.aggregator=value2, hive.scheduled.queries.executor.enabled=false, hive.querylog.location=${test.tmp.dir}/tmp, hive.exec.local.scratchdir=${test.tmp.dir}/localscratchdir/, hive.jar.path=${maven.local.repository}/org/apache/hive/hive-exec/${hive.version}/hive-exec-${hive.version}.jar, hive.fetch.task.conversion=minimal, hive.security.authorization.manager=org.apache.hadoop.hive.ql.security.authorization.plugin.sqlstd.SQLStdHiveAuthorizerFactoryForTest, hive.mapjoin.max.gc.time.percentage=0.99, hive.in.test=true, hive.stats.fetch.bitvector=true, hive.query.results.cache.enabled=false, hive.metastore.client.cache.enabled=true, hive.auto.convert.join=false, hive.exec.submit.local.task.via.child=false, hive.conf.restricted.list=from.hivemetastore-site.xml, hive.metastore.schema.verification=false}
2024-04-24T12:08:11,959  WARN [main] metastore.HiveMetaStoreClient: Unexpected increment of user count beyond one: 3 HCatClient: thread: 1 users=3 expired=false closed=false
2024-04-24T12:08:11,960  INFO [TThreadPoolServer WorkerProcess-%d] HiveMetaStore.audit: ugi=alex	ip=127.0.0.1	cmd=source:127.0.0.1 get_databases: @hive#NonExistentDatabaseUsedForHealthCheck	
2024-04-24T12:08:11,962  INFO [TThreadPoolServer WorkerProcess-%d] HiveMetaStore.audit: ugi=alex	ip=127.0.0.1	cmd=source:127.0.0.1 get_database: myDb	
2024-04-24T12:08:11,963  INFO [TThreadPoolServer WorkerProcess-%d] HiveMetaStore.audit: ugi=alex	ip=127.0.0.1	cmd=source:127.0.0.1 get_tables_by_type: db=@hive#myDb pat=.*,type=MATERIALIZED_VIEW	
2024-04-24T12:08:11,963  INFO [TThreadPoolServer WorkerProcess-%d] HiveMetaStore.audit: ugi=alex	ip=127.0.0.1	cmd=source:127.0.0.1 getTablesByTypeCore: catName=hive: db=myDb pat=.*,type=MATERIALIZED_VIEW	
2024-04-24T12:08:11,967  INFO [TThreadPoolServer WorkerProcess-%d] HiveMetaStore.audit: ugi=alex	ip=127.0.0.1	cmd=source:127.0.0.1 get_all_tables: db=@hive#myDb	
2024-04-24T12:08:11,971  INFO [TThreadPoolServer WorkerProcess-%d] HiveMetaStore.audit: ugi=alex	ip=127.0.0.1	cmd=source:127.0.0.1 get_multi_table : db=myDb tbls=mytable	
2024-04-24T12:08:11,976  INFO [TThreadPoolServer WorkerProcess-%d] HiveMetaStore.audit: ugi=alex	ip=127.0.0.1	cmd=source:127.0.0.1 drop_database: @hive#myDb	
2024-04-24T12:08:11,977  INFO [TThreadPoolServer WorkerProcess-%d] HiveMetaStore.audit: ugi=alex	ip=127.0.0.1	cmd=source:127.0.0.1 get_all_tables: db=@hive#myDb	
2024-04-24T12:08:11,977  INFO [TThreadPoolServer WorkerProcess-%d] HiveMetaStore.audit: ugi=alex	ip=127.0.0.1	cmd=source:127.0.0.1 get_functions: db=@hive#myDb pat=*	
2024-04-24T12:08:11,988  INFO [TThreadPoolServer WorkerProcess-%d] HiveMetaStore.audit: ugi=alex	ip=127.0.0.1	cmd=source:127.0.0.1 get_all_stored_procedures	
2024-04-24T12:08:11,995  INFO [TThreadPoolServer WorkerProcess-%d] HiveMetaStore.audit: ugi=alex	ip=127.0.0.1	cmd=source:127.0.0.1 get_all_packages	
2024-04-24T12:08:12,032  INFO [TThreadPoolServer WorkerProcess-%d] HiveMetaStore.audit: ugi=alex	ip=127.0.0.1	cmd=source:127.0.0.1 getTablesByTypeCore: catName=hive: db=myDb pat=.*,type=MATERIALIZED_VIEW	
2024-04-24T12:08:12,035  INFO [TThreadPoolServer WorkerProcess-%d] metastore.ObjectStore: Dropping database hive.myDb along with all tables
2024-04-24T12:08:12,077 ERROR [TThreadPoolServer WorkerProcess-%d] metastore.RetryingHMSHandler: Retrying HMSHandler after 2000 ms (attempt 1 of 10) with error: javax.jdo.JDODataStoreException: Exception thrown flushing changes to datastore
	at org.datanucleus.api.jdo.NucleusJDOHelper.getJDOExceptionForNucleusException(NucleusJDOHelper.java:542)
	at org.datanucleus.api.jdo.JDOPersistenceManager.flush(JDOPersistenceManager.java:2081)
	at org.apache.hadoop.hive.metastore.ObjectStore.addNotificationEvent(ObjectStore.java:11639)
	at sun.reflect.GeneratedMethodAccessor68.invoke(Unknown Source)
	at sun.reflect.DelegatingMethodAccessorImpl.invoke(DelegatingMethodAccessorImpl.java:43)
	at java.lang.reflect.Method.invoke(Method.java:498)
	at org.apache.hadoop.hive.metastore.RawStoreProxy.invoke(RawStoreProxy.java:97)
	at com.sun.proxy.$Proxy32.addNotificationEvent(Unknown Source)
	at org.apache.hive.hcatalog.listener.DbNotificationListener.process(DbNotificationListener.java:1403)
	at org.apache.hive.hcatalog.listener.DbNotificationListener.onDropDatabase(DbNotificationListener.java:513)
	at org.apache.hadoop.hive.metastore.MetaStoreListenerNotifier$26.notify(MetaStoreListenerNotifier.java:99)
	at org.apache.hadoop.hive.metastore.MetaStoreListenerNotifier.notifyEvent(MetaStoreListenerNotifier.java:339)
	at org.apache.hadoop.hive.metastore.HMSHandler.drop_database_core(HMSHandler.java:1785)
	at org.apache.hadoop.hive.metastore.HMSHandler.drop_database(HMSHandler.java:1869)
	at sun.reflect.GeneratedMethodAccessor74.invoke(Unknown Source)
	at sun.reflect.DelegatingMethodAccessorImpl.invoke(DelegatingMethodAccessorImpl.java:43)
	at java.lang.reflect.Method.invoke(Method.java:498)
	at org.apache.hadoop.hive.metastore.RetryingHMSHandler.invokeInternal(RetryingHMSHandler.java:147)
	at org.apache.hadoop.hive.metastore.RetryingHMSHandler.invoke(RetryingHMSHandler.java:108)
	at com.sun.proxy.$Proxy34.drop_database(Unknown Source)
	at org.apache.hadoop.hive.metastore.api.ThriftHiveMetastore$Processor$drop_database.getResult(ThriftHiveMetastore.java:18285)
	at org.apache.hadoop.hive.metastore.api.ThriftHiveMetastore$Processor$drop_database.getResult(ThriftHiveMetastore.java:18264)
	at org.apache.thrift.ProcessFunction.process(ProcessFunction.java:38)
	at org.apache.hadoop.hive.metastore.TUGIBasedProcessor$1.run(TUGIBasedProcessor.java:111)
	at org.apache.hadoop.hive.metastore.TUGIBasedProcessor$1.run(TUGIBasedProcessor.java:107)
	at java.security.AccessController.doPrivileged(Native Method)
	at javax.security.auth.Subject.doAs(Subject.java:422)
	at org.apache.hadoop.security.UserGroupInformation.doAs(UserGroupInformation.java:1682)
	at org.apache.hadoop.hive.metastore.TUGIBasedProcessor.process(TUGIBasedProcessor.java:119)
	at org.apache.thrift.server.TThreadPoolServer$WorkerProcess.run(TThreadPoolServer.java:248)
	at java.util.concurrent.ThreadPoolExecutor.runWorker(ThreadPoolExecutor.java:1149)
	at java.util.concurrent.ThreadPoolExecutor$Worker.run(ThreadPoolExecutor.java:624)
	at java.lang.Thread.run(Thread.java:750)
NestedThrowablesStackTrace:
java.sql.BatchUpdateException: DELETE on table 'DBS' caused a violation of foreign key constraint 'TBLS_FK1' for key (11).  The statement has been rolled back.
	at org.apache.derby.impl.jdbc.EmbedStatement.executeLargeBatch(Unknown Source)
	at org.apache.derby.impl.jdbc.EmbedStatement.executeBatch(Unknown Source)
	at com.zaxxer.hikari.pool.ProxyStatement.executeBatch(ProxyStatement.java:128)
	at com.zaxxer.hikari.pool.HikariProxyPreparedStatement.executeBatch(HikariProxyPreparedStatement.java)
	at org.datanucleus.store.rdbms.ParamLoggingPreparedStatement.executeBatch(ParamLoggingPreparedStatement.java:366)
	at org.datanucleus.store.rdbms.SQLController.processConnectionStatement(SQLController.java:675)
	at org.datanucleus.store.rdbms.SQLController.processStatementsForConnection(SQLController.java:643)
	at org.datanucleus.store.rdbms.SQLController$1.transactionFlushed(SQLController.java:729)
	at org.datanucleus.store.connection.AbstractManagedConnection.transactionFlushed(AbstractManagedConnection.java:95)
	at org.datanucleus.store.connection.ConnectionManagerImpl$2.transactionFlushed(ConnectionManagerImpl.java:528)
	at org.datanucleus.TransactionImpl.flush(TransactionImpl.java:222)
	at org.datanucleus.ExecutionContextImpl.flushInternal(ExecutionContextImpl.java:4068)
	at org.datanucleus.ExecutionContextThreadedImpl.flushInternal(ExecutionContextThreadedImpl.java:448)
	at org.datanucleus.ExecutionContextImpl.flush(ExecutionContextImpl.java:4009)
	at org.datanucleus.ExecutionContextThreadedImpl.flush(ExecutionContextThreadedImpl.java:434)
	at org.datanucleus.api.jdo.JDOPersistenceManager.flush(JDOPersistenceManager.java:2064)
	at org.apache.hadoop.hive.metastore.ObjectStore.addNotificationEvent(ObjectStore.java:11639)
	at sun.reflect.GeneratedMethodAccessor68.invoke(Unknown Source)
	at sun.reflect.DelegatingMethodAccessorImpl.invoke(DelegatingMethodAccessorImpl.java:43)
	at java.lang.reflect.Method.invoke(Method.java:498)
	at org.apache.hadoop.hive.metastore.RawStoreProxy.invoke(RawStoreProxy.java:97)
	at com.sun.proxy.$Proxy32.addNotificationEvent(Unknown Source)
	at org.apache.hive.hcatalog.listener.DbNotificationListener.process(DbNotificationListener.java:1403)
	at org.apache.hive.hcatalog.listener.DbNotificationListener.onDropDatabase(DbNotificationListener.java:513)
	at org.apache.hadoop.hive.metastore.MetaStoreListenerNotifier$26.notify(MetaStoreListenerNotifier.java:99)
	at org.apache.hadoop.hive.metastore.MetaStoreListenerNotifier.notifyEvent(MetaStoreListenerNotifier.java:339)
	at org.apache.hadoop.hive.metastore.HMSHandler.drop_database_core(HMSHandler.java:1785)
	at org.apache.hadoop.hive.metastore.HMSHandler.drop_database(HMSHandler.java:1869)
	at sun.reflect.GeneratedMethodAccessor74.invoke(Unknown Source)
	at sun.reflect.DelegatingMethodAccessorImpl.invoke(DelegatingMethodAccessorImpl.java:43)
	at java.lang.reflect.Method.invoke(Method.java:498)
	at org.apache.hadoop.hive.metastore.RetryingHMSHandler.invokeInternal(RetryingHMSHandler.java:147)
	at org.apache.hadoop.hive.metastore.RetryingHMSHandler.invoke(RetryingHMSHandler.java:108)
	at com.sun.proxy.$Proxy34.drop_database(Unknown Source)
	at org.apache.hadoop.hive.metastore.api.ThriftHiveMetastore$Processor$drop_database.getResult(ThriftHiveMetastore.java:18285)
	at org.apache.hadoop.hive.metastore.api.ThriftHiveMetastore$Processor$drop_database.getResult(ThriftHiveMetastore.java:18264)
	at org.apache.thrift.ProcessFunction.process(ProcessFunction.java:38)
	at org.apache.hadoop.hive.metastore.TUGIBasedProcessor$1.run(TUGIBasedProcessor.java:111)
	at org.apache.hadoop.hive.metastore.TUGIBasedProcessor$1.run(TUGIBasedProcessor.java:107)
	at java.security.AccessController.doPrivileged(Native Method)
	at javax.security.auth.Subject.doAs(Subject.java:422)
	at org.apache.hadoop.security.UserGroupInformation.doAs(UserGroupInformation.java:1682)
	at org.apache.hadoop.hive.metastore.TUGIBasedProcessor.process(TUGIBasedProcessor.java:119)
	at org.apache.thrift.server.TThreadPoolServer$WorkerProcess.run(TThreadPoolServer.java:248)
	at java.util.concurrent.ThreadPoolExecutor.runWorker(ThreadPoolExecutor.java:1149)
	at java.util.concurrent.ThreadPoolExecutor$Worker.run(ThreadPoolExecutor.java:624)
	at java.lang.Thread.run(Thread.java:750)
Caused by: org.apache.derby.shared.common.error.DerbySQLIntegrityConstraintViolationException: DELETE on table 'DBS' caused a violation of foreign key constraint 'TBLS_FK1' for key (11).  The statement has been rolled back.
	at org.apache.derby.impl.jdbc.SQLExceptionFactory.getSQLException(Unknown Source)
	at org.apache.derby.impl.jdbc.Util.generateCsSQLException(Unknown Source)
	at org.apache.derby.impl.jdbc.TransactionResourceImpl.wrapInSQLException(Unknown Source)
	at org.apache.derby.impl.jdbc.TransactionResourceImpl.handleException(Unknown Source)
	at org.apache.derby.impl.jdbc.EmbedConnection.handleException(Unknown Source)
	at org.apache.derby.impl.jdbc.ConnectionChild.handleException(Unknown Source)
	at org.apache.derby.impl.jdbc.EmbedStatement.executeStatement(Unknown Source)
	at org.apache.derby.impl.jdbc.EmbedPreparedStatement.executeBatchElement(Unknown Source)
	... 47 more
Caused by: ERROR 23503: DELETE on table 'DBS' caused a violation of foreign key constraint 'TBLS_FK1' for key (11).  The statement has been rolled back.
	at org.apache.derby.iapi.error.StandardException.newException(Unknown Source)
	at org.apache.derby.iapi.error.StandardException.newException(Unknown Source)
	at org.apache.derby.impl.sql.execute.ReferencedKeyRIChecker.doCheck(Unknown Source)
	at org.apache.derby.impl.sql.execute.RISetChecker.doPKCheck(Unknown Source)
	at org.apache.derby.impl.sql.execute.DeleteResultSet.collectAffectedRows(Unknown Source)
	at org.apache.derby.impl.sql.execute.DeleteResultSet.open(Unknown Source)
	at org.apache.derby.impl.sql.GenericPreparedStatement.executeStmt(Unknown Source)
	at org.apache.derby.impl.sql.GenericPreparedStatement.execute(Unknown Source)
	... 49 more

2024-04-24T12:08:14,078  INFO [TThreadPoolServer WorkerProcess-%d] HiveMetaStore.audit: ugi=alex	ip=127.0.0.1	cmd=source:127.0.0.1 drop_database: @hive#myDb	
2024-04-24T12:08:14,081  INFO [TThreadPoolServer WorkerProcess-%d] HiveMetaStore.audit: ugi=alex	ip=127.0.0.1	cmd=source:127.0.0.1 get_all_tables: db=@hive#myDb	
2024-04-24T12:08:14,082  INFO [TThreadPoolServer WorkerProcess-%d] HiveMetaStore.audit: ugi=alex	ip=127.0.0.1	cmd=source:127.0.0.1 get_functions: db=@hive#myDb pat=*	
2024-04-24T12:08:14,084  INFO [TThreadPoolServer WorkerProcess-%d] HiveMetaStore.audit: ugi=alex	ip=127.0.0.1	cmd=source:127.0.0.1 get_all_stored_procedures	
2024-04-24T12:08:14,084  INFO [TThreadPoolServer WorkerProcess-%d] HiveMetaStore.audit: ugi=alex	ip=127.0.0.1	cmd=source:127.0.0.1 get_all_packages	
2024-04-24T12:08:14,085  INFO [TThreadPoolServer WorkerProcess-%d] HiveMetaStore.audit: ugi=alex	ip=127.0.0.1	cmd=source:127.0.0.1 getTablesByTypeCore: catName=hive: db=myDb pat=.*,type=MATERIALIZED_VIEW	
2024-04-24T12:08:14,088  INFO [TThreadPoolServer WorkerProcess-%d] metastore.ObjectStore: Dropping database hive.myDb along with all tables
2024-04-24T12:08:14,091 ERROR [TThreadPoolServer WorkerProcess-%d] metastore.RetryingHMSHandler: Retrying HMSHandler after 2000 ms (attempt 2 of 10) with error: javax.jdo.JDODataStoreException: Exception thrown flushing changes to datastore
	at org.datanucleus.api.jdo.NucleusJDOHelper.getJDOExceptionForNucleusException(NucleusJDOHelper.java:542)
	at org.datanucleus.api.jdo.JDOPersistenceManager.flush(JDOPersistenceManager.java:2081)
	at org.apache.hadoop.hive.metastore.ObjectStore.addNotificationEvent(ObjectStore.java:11639)
	at sun.reflect.GeneratedMethodAccessor68.invoke(Unknown Source)
	at sun.reflect.DelegatingMethodAccessorImpl.invoke(DelegatingMethodAccessorImpl.java:43)
	at java.lang.reflect.Method.invoke(Method.java:498)
	at org.apache.hadoop.hive.metastore.RawStoreProxy.invoke(RawStoreProxy.java:97)
	at com.sun.proxy.$Proxy32.addNotificationEvent(Unknown Source)
	at org.apache.hive.hcatalog.listener.DbNotificationListener.process(DbNotificationListener.java:1403)
	at org.apache.hive.hcatalog.listener.DbNotificationListener.onDropDatabase(DbNotificationListener.java:513)
	at org.apache.hadoop.hive.metastore.MetaStoreListenerNotifier$26.notify(MetaStoreListenerNotifier.java:99)
	at org.apache.hadoop.hive.metastore.MetaStoreListenerNotifier.notifyEvent(MetaStoreListenerNotifier.java:339)
	at org.apache.hadoop.hive.metastore.HMSHandler.drop_database_core(HMSHandler.java:1785)
	at org.apache.hadoop.hive.metastore.HMSHandler.drop_database(HMSHandler.java:1869)
	at sun.reflect.GeneratedMethodAccessor74.invoke(Unknown Source)
	at sun.reflect.DelegatingMethodAccessorImpl.invoke(DelegatingMethodAccessorImpl.java:43)
	at java.lang.reflect.Method.invoke(Method.java:498)
	at org.apache.hadoop.hive.metastore.RetryingHMSHandler.invokeInternal(RetryingHMSHandler.java:147)
	at org.apache.hadoop.hive.metastore.RetryingHMSHandler.invoke(RetryingHMSHandler.java:108)
	at com.sun.proxy.$Proxy34.drop_database(Unknown Source)
	at org.apache.hadoop.hive.metastore.api.ThriftHiveMetastore$Processor$drop_database.getResult(ThriftHiveMetastore.java:18285)
	at org.apache.hadoop.hive.metastore.api.ThriftHiveMetastore$Processor$drop_database.getResult(ThriftHiveMetastore.java:18264)
	at org.apache.thrift.ProcessFunction.process(ProcessFunction.java:38)
	at org.apache.hadoop.hive.metastore.TUGIBasedProcessor$1.run(TUGIBasedProcessor.java:111)
	at org.apache.hadoop.hive.metastore.TUGIBasedProcessor$1.run(TUGIBasedProcessor.java:107)
	at java.security.AccessController.doPrivileged(Native Method)
	at javax.security.auth.Subject.doAs(Subject.java:422)
	at org.apache.hadoop.security.UserGroupInformation.doAs(UserGroupInformation.java:1682)
	at org.apache.hadoop.hive.metastore.TUGIBasedProcessor.process(TUGIBasedProcessor.java:119)
	at org.apache.thrift.server.TThreadPoolServer$WorkerProcess.run(TThreadPoolServer.java:248)
	at java.util.concurrent.ThreadPoolExecutor.runWorker(ThreadPoolExecutor.java:1149)
	at java.util.concurrent.ThreadPoolExecutor$Worker.run(ThreadPoolExecutor.java:624)
	at java.lang.Thread.run(Thread.java:750)
NestedThrowablesStackTrace:
java.sql.BatchUpdateException: DELETE on table 'DBS' caused a violation of foreign key constraint 'TBLS_FK1' for key (11).  The statement has been rolled back.
	at org.apache.derby.impl.jdbc.EmbedStatement.executeLargeBatch(Unknown Source)
	at org.apache.derby.impl.jdbc.EmbedStatement.executeBatch(Unknown Source)
	at com.zaxxer.hikari.pool.ProxyStatement.executeBatch(ProxyStatement.java:128)
	at com.zaxxer.hikari.pool.HikariProxyPreparedStatement.executeBatch(HikariProxyPreparedStatement.java)
	at org.datanucleus.store.rdbms.ParamLoggingPreparedStatement.executeBatch(ParamLoggingPreparedStatement.java:366)
	at org.datanucleus.store.rdbms.SQLController.processConnectionStatement(SQLController.java:675)
	at org.datanucleus.store.rdbms.SQLController.processStatementsForConnection(SQLController.java:643)
	at org.datanucleus.store.rdbms.SQLController$1.transactionFlushed(SQLController.java:729)
	at org.datanucleus.store.connection.AbstractManagedConnection.transactionFlushed(AbstractManagedConnection.java:95)
	at org.datanucleus.store.connection.ConnectionManagerImpl$2.transactionFlushed(ConnectionManagerImpl.java:528)
	at org.datanucleus.TransactionImpl.flush(TransactionImpl.java:222)
	at org.datanucleus.ExecutionContextImpl.flushInternal(ExecutionContextImpl.java:4068)
	at org.datanucleus.ExecutionContextThreadedImpl.flushInternal(ExecutionContextThreadedImpl.java:448)
	at org.datanucleus.ExecutionContextImpl.flush(ExecutionContextImpl.java:4009)
	at org.datanucleus.ExecutionContextThreadedImpl.flush(ExecutionContextThreadedImpl.java:434)
	at org.datanucleus.api.jdo.JDOPersistenceManager.flush(JDOPersistenceManager.java:2064)
	at org.apache.hadoop.hive.metastore.ObjectStore.addNotificationEvent(ObjectStore.java:11639)
	at sun.reflect.GeneratedMethodAccessor68.invoke(Unknown Source)
	at sun.reflect.DelegatingMethodAccessorImpl.invoke(DelegatingMethodAccessorImpl.java:43)
	at java.lang.reflect.Method.invoke(Method.java:498)
	at org.apache.hadoop.hive.metastore.RawStoreProxy.invoke(RawStoreProxy.java:97)
	at com.sun.proxy.$Proxy32.addNotificationEvent(Unknown Source)
	at org.apache.hive.hcatalog.listener.DbNotificationListener.process(DbNotificationListener.java:1403)
	at org.apache.hive.hcatalog.listener.DbNotificationListener.onDropDatabase(DbNotificationListener.java:513)
	at org.apache.hadoop.hive.metastore.MetaStoreListenerNotifier$26.notify(MetaStoreListenerNotifier.java:99)
	at org.apache.hadoop.hive.metastore.MetaStoreListenerNotifier.notifyEvent(MetaStoreListenerNotifier.java:339)
	at org.apache.hadoop.hive.metastore.HMSHandler.drop_database_core(HMSHandler.java:1785)
	at org.apache.hadoop.hive.metastore.HMSHandler.drop_database(HMSHandler.java:1869)
	at sun.reflect.GeneratedMethodAccessor74.invoke(Unknown Source)
	at sun.reflect.DelegatingMethodAccessorImpl.invoke(DelegatingMethodAccessorImpl.java:43)
	at java.lang.reflect.Method.invoke(Method.java:498)
	at org.apache.hadoop.hive.metastore.RetryingHMSHandler.invokeInternal(RetryingHMSHandler.java:147)
	at org.apache.hadoop.hive.metastore.RetryingHMSHandler.invoke(RetryingHMSHandler.java:108)
	at com.sun.proxy.$Proxy34.drop_database(Unknown Source)
	at org.apache.hadoop.hive.metastore.api.ThriftHiveMetastore$Processor$drop_database.getResult(ThriftHiveMetastore.java:18285)
	at org.apache.hadoop.hive.metastore.api.ThriftHiveMetastore$Processor$drop_database.getResult(ThriftHiveMetastore.java:18264)
	at org.apache.thrift.ProcessFunction.process(ProcessFunction.java:38)
	at org.apache.hadoop.hive.metastore.TUGIBasedProcessor$1.run(TUGIBasedProcessor.java:111)
	at org.apache.hadoop.hive.metastore.TUGIBasedProcessor$1.run(TUGIBasedProcessor.java:107)
	at java.security.AccessController.doPrivileged(Native Method)
	at javax.security.auth.Subject.doAs(Subject.java:422)
	at org.apache.hadoop.security.UserGroupInformation.doAs(UserGroupInformation.java:1682)
	at org.apache.hadoop.hive.metastore.TUGIBasedProcessor.process(TUGIBasedProcessor.java:119)
	at org.apache.thrift.server.TThreadPoolServer$WorkerProcess.run(TThreadPoolServer.java:248)
	at java.util.concurrent.ThreadPoolExecutor.runWorker(ThreadPoolExecutor.java:1149)
	at java.util.concurrent.ThreadPoolExecutor$Worker.run(ThreadPoolExecutor.java:624)
	at java.lang.Thread.run(Thread.java:750)
Caused by: org.apache.derby.shared.common.error.DerbySQLIntegrityConstraintViolationException: DELETE on table 'DBS' caused a violation of foreign key constraint 'TBLS_FK1' for key (11).  The statement has been rolled back.
	at org.apache.derby.impl.jdbc.SQLExceptionFactory.getSQLException(Unknown Source)
	at org.apache.derby.impl.jdbc.Util.generateCsSQLException(Unknown Source)
	at org.apache.derby.impl.jdbc.TransactionResourceImpl.wrapInSQLException(Unknown Source)
	at org.apache.derby.impl.jdbc.TransactionResourceImpl.handleException(Unknown Source)
	at org.apache.derby.impl.jdbc.EmbedConnection.handleException(Unknown Source)
	at org.apache.derby.impl.jdbc.ConnectionChild.handleException(Unknown Source)
	at org.apache.derby.impl.jdbc.EmbedStatement.executeStatement(Unknown Source)
	at org.apache.derby.impl.jdbc.EmbedPreparedStatement.executeBatchElement(Unknown Source)
	... 47 more
Caused by: ERROR 23503: DELETE on table 'DBS' caused a violation of foreign key constraint 'TBLS_FK1' for key (11).  The statement has been rolled back.
	at org.apache.derby.iapi.error.StandardException.newException(Unknown Source)
	at org.apache.derby.iapi.error.StandardException.newException(Unknown Source)
	at org.apache.derby.impl.sql.execute.ReferencedKeyRIChecker.doCheck(Unknown Source)
	at org.apache.derby.impl.sql.execute.RISetChecker.doPKCheck(Unknown Source)
	at org.apache.derby.impl.sql.execute.DeleteResultSet.collectAffectedRows(Unknown Source)
	at org.apache.derby.impl.sql.execute.DeleteResultSet.open(Unknown Source)
	at org.apache.derby.impl.sql.GenericPreparedStatement.executeStmt(Unknown Source)
	at org.apache.derby.impl.sql.GenericPreparedStatement.execute(Unknown Source)
	... 49 more

2024-04-24T12:08:16,092  INFO [TThreadPoolServer WorkerProcess-%d] HiveMetaStore.audit: ugi=alex	ip=127.0.0.1	cmd=source:127.0.0.1 drop_database: @hive#myDb	
2024-04-24T12:08:16,096  INFO [TThreadPoolServer WorkerProcess-%d] HiveMetaStore.audit: ugi=alex	ip=127.0.0.1	cmd=source:127.0.0.1 get_all_tables: db=@hive#myDb	
2024-04-24T12:08:16,097  INFO [TThreadPoolServer WorkerProcess-%d] HiveMetaStore.audit: ugi=alex	ip=127.0.0.1	cmd=source:127.0.0.1 get_functions: db=@hive#myDb pat=*	
2024-04-24T12:08:16,098  INFO [TThreadPoolServer WorkerProcess-%d] HiveMetaStore.audit: ugi=alex	ip=127.0.0.1	cmd=source:127.0.0.1 get_all_stored_procedures	
2024-04-24T12:08:16,099  INFO [TThreadPoolServer WorkerProcess-%d] HiveMetaStore.audit: ugi=alex	ip=127.0.0.1	cmd=source:127.0.0.1 get_all_packages	
2024-04-24T12:08:16,100  INFO [TThreadPoolServer WorkerProcess-%d] HiveMetaStore.audit: ugi=alex	ip=127.0.0.1	cmd=source:127.0.0.1 getTablesByTypeCore: catName=hive: db=myDb pat=.*,type=MATERIALIZED_VIEW	
2024-04-24T12:08:16,110  INFO [TThreadPoolServer WorkerProcess-%d] HiveMetaStore.audit: ugi=alex	ip=127.0.0.1	cmd=source:127.0.0.1 drop_table : tbl=hive.mydb.mytable	
2024-04-24T12:08:16,128  INFO [TThreadPoolServer WorkerProcess-%d] metastore.ObjectStore: Dropping database hive.myDb along with all tables
2024-04-24T12:08:16,136  WARN [TThreadPoolServer WorkerProcess-%d] utils.FileUtils: File file:/home/alex/Repositories/hive/hcatalog/webhcat/java-client/target/warehouse/34727/mydb.db does not exist; Force to delete it.
2024-04-24T12:08:16,136 ERROR [TThreadPoolServer WorkerProcess-%d] utils.FileUtils: Failed to delete pfile:/home/alex/Repositories/hive/hcatalog/webhcat/java-client/target/warehouse/34727/mydb.db
2024-04-24T12:08:16,187  WARN [main] conf.HiveConf: HiveConf of name hive.llap.io.cache.orc.alloc.max does not exist
2024-04-24T12:08:16,188  WARN [main] conf.HiveConf: HiveConf of name hive.llap.io.cache.orc.arena.size does not exist
2024-04-24T12:08:16,188  WARN [main] conf.HiveConf: HiveConf of name hive.dummyparam.test.server.specific.config.hivesite does not exist
2024-04-24T12:08:16,188  WARN [main] conf.HiveConf: HiveConf of name hive.llap.io.cache.orc.size does not exist
2024-04-24T12:08:16,188  WARN [main] conf.HiveConf: HiveConf of name hive.dummyparam.test.server.specific.config.metastoresite does not exist
2024-04-24T12:08:16,188  WARN [main] conf.HiveConf: HiveConf of name hive.llap.io.cache.orc.alloc.min does not exist
2024-04-24T12:08:16,188  WARN [main] conf.HiveConf: HiveConf of name hive.stats.key.prefix.reserve.length does not exist
2024-04-24T12:08:16,188  WARN [main] conf.HiveConf: HiveConf of name hive.metastore.client.cache.maxSize does not exist
2024-04-24T12:08:16,188  WARN [main] conf.HiveConf: HiveConf of name hive.dummyparam.test.server.specific.config.override does not exist
2024-04-24T12:08:16,188  WARN [main] conf.HiveConf: HiveConf of name hive.metastore.metadb.dir does not exist
2024-04-24T12:08:16,188  WARN [main] conf.HiveConf: HiveConf of name hive.metastore.client.cache.recordStats does not exist
2024-04-24T12:08:16,188  INFO [main] common.HCatUtil: mapreduce.lib.hcatoutput.hive.conf not set. Generating configuration differences.
2024-04-24T12:08:16,190  INFO [main] common.HCatUtil: Configuration differences={datanucleus.schema.autoCreateAll=true, hive.exec.scratchdir=${test.tmp.dir}/scratchdir, hive.strict.timestamp.conversion=false, datanucleus.connectionPool.maxPoolSize=4, hive.ignore.mapjoin.hint=false, hive.query.reexecution.stats.persist.scope=query, hive.cbo.fallback.strategy=TEST, hive.users.in.admin.role=hive_admin_user, hive.metastore.warehouse.dir=${test.warehouse.dir}, hive.server2.operation.log.purgePolicy.timeToLive=5s, hive.llap.io.allocator.direct=false, hive.default.rcfile.serde=org.apache.hadoop.hive.serde2.columnar.ColumnarSerDe, javax.jdo.option.ConnectionURL=jdbc:derby:memory:${test.tmp.dir}/junit_metastore_db;create=true, hive.test.dummystats.aggregator=value2, hive.scheduled.queries.executor.enabled=false, hive.querylog.location=${test.tmp.dir}/tmp, hive.exec.local.scratchdir=${test.tmp.dir}/localscratchdir/, hive.jar.path=${maven.local.repository}/org/apache/hive/hive-exec/${hive.version}/hive-exec-${hive.version}.jar, hive.fetch.task.conversion=minimal, hive.security.authorization.manager=org.apache.hadoop.hive.ql.security.authorization.plugin.sqlstd.SQLStdHiveAuthorizerFactoryForTest, hive.mapjoin.max.gc.time.percentage=0.99, hive.in.test=true, hive.stats.fetch.bitvector=true, hive.query.results.cache.enabled=false, hive.metastore.client.cache.enabled=true, hive.auto.convert.join=false, hive.exec.submit.local.task.via.child=false, hive.conf.restricted.list=from.hivemetastore-site.xml, hive.metastore.schema.verification=false}
2024-04-24T12:08:16,190  WARN [main] metastore.HiveMetaStoreClient: Unexpected increment of user count beyond one: 4 HCatClient: thread: 1 users=4 expired=false closed=false
2024-04-24T12:08:16,190  INFO [TThreadPoolServer WorkerProcess-%d] HiveMetaStore.audit: ugi=alex	ip=127.0.0.1	cmd=source:127.0.0.1 get_databases: @hive#NonExistentDatabaseUsedForHealthCheck	
2024-04-24T12:08:16,192  INFO [TThreadPoolServer WorkerProcess-%d] HiveMetaStore.audit: ugi=alex	ip=127.0.0.1	cmd=source:127.0.0.1 create_database: Database(name:myDb, description:null, locationUri:null, parameters:null, catalogName:hive)	
2024-04-24T12:08:16,196  INFO [TThreadPoolServer WorkerProcess-%d] metastore.HMSHandler: Creating database path in external directory pfile:/home/alex/Repositories/hive/hcatalog/webhcat/java-client/target/warehouse/34727/mydb.db
2024-04-24T12:08:16,196  INFO [TThreadPoolServer WorkerProcess-%d] utils.FileUtils: Creating directory if it doesn't exist: pfile:/home/alex/Repositories/hive/hcatalog/webhcat/java-client/target/warehouse/34727/mydb.db
2024-04-24T12:08:16,198  INFO [TThreadPoolServer WorkerProcess-%d] metastore.HMSHandler: Created database path in external directory pfile:/home/alex/Repositories/hive/hcatalog/webhcat/java-client/target/warehouse/34727/mydb.db
2024-04-24T12:08:16,249  WARN [main] conf.HiveConf: HiveConf of name hive.metastore.client.cache.maxSize does not exist
2024-04-24T12:08:16,249  WARN [main] conf.HiveConf: HiveConf of name hive.dummyparam.test.server.specific.config.hivesite does not exist
2024-04-24T12:08:16,249  WARN [main] conf.HiveConf: HiveConf of name hive.llap.io.cache.orc.alloc.min does not exist
2024-04-24T12:08:16,249  WARN [main] conf.HiveConf: HiveConf of name hive.llap.io.cache.orc.alloc.max does not exist
2024-04-24T12:08:16,249  WARN [main] conf.HiveConf: HiveConf of name hive.metastore.metadb.dir does not exist
2024-04-24T12:08:16,249  WARN [main] conf.HiveConf: HiveConf of name hive.llap.io.cache.orc.size does not exist
2024-04-24T12:08:16,249  WARN [main] conf.HiveConf: HiveConf of name hive.llap.io.cache.orc.arena.size does not exist
2024-04-24T12:08:16,249  WARN [main] conf.HiveConf: HiveConf of name hive.stats.key.prefix.reserve.length does not exist
2024-04-24T12:08:16,249  WARN [main] conf.HiveConf: HiveConf of name hive.dummyparam.test.server.specific.config.override does not exist
2024-04-24T12:08:16,249  WARN [main] conf.HiveConf: HiveConf of name hive.metastore.client.cache.recordStats does not exist
2024-04-24T12:08:16,249  WARN [main] conf.HiveConf: HiveConf of name hive.dummyparam.test.server.specific.config.metastoresite does not exist
2024-04-24T12:08:16,250  INFO [main] common.HCatUtil: mapreduce.lib.hcatoutput.hive.conf not set. Generating configuration differences.
2024-04-24T12:08:16,251  INFO [main] common.HCatUtil: Configuration differences={datanucleus.schema.autoCreateAll=true, hive.exec.scratchdir=${test.tmp.dir}/scratchdir, hive.strict.timestamp.conversion=false, datanucleus.connectionPool.maxPoolSize=4, hive.ignore.mapjoin.hint=false, hive.query.reexecution.stats.persist.scope=query, hive.users.in.admin.role=hive_admin_user, hive.cbo.fallback.strategy=TEST, hive.metastore.warehouse.dir=${test.warehouse.dir}, hive.server2.operation.log.purgePolicy.timeToLive=5s, hive.llap.io.allocator.direct=false, hive.default.rcfile.serde=org.apache.hadoop.hive.serde2.columnar.ColumnarSerDe, javax.jdo.option.ConnectionURL=jdbc:derby:memory:${test.tmp.dir}/junit_metastore_db;create=true, hive.test.dummystats.aggregator=value2, hive.scheduled.queries.executor.enabled=false, hive.querylog.location=${test.tmp.dir}/tmp, hive.exec.local.scratchdir=${test.tmp.dir}/localscratchdir/, hive.jar.path=${maven.local.repository}/org/apache/hive/hive-exec/${hive.version}/hive-exec-${hive.version}.jar, hive.fetch.task.conversion=minimal, hive.security.authorization.manager=org.apache.hadoop.hive.ql.security.authorization.plugin.sqlstd.SQLStdHiveAuthorizerFactoryForTest, hive.mapjoin.max.gc.time.percentage=0.99, hive.in.test=true, hive.stats.fetch.bitvector=true, hive.metastore.client.cache.enabled=true, hive.query.results.cache.enabled=false, hive.auto.convert.join=false, hive.exec.submit.local.task.via.child=false, hive.metastore.schema.verification=false, hive.conf.restricted.list=from.hivemetastore-site.xml}
2024-04-24T12:08:16,253  WARN [main] metastore.HiveMetaStoreClient: Unexpected increment of user count beyond one: 5 HCatClient: thread: 1 users=5 expired=false closed=false
2024-04-24T12:08:16,253  INFO [TThreadPoolServer WorkerProcess-%d] HiveMetaStore.audit: ugi=alex	ip=127.0.0.1	cmd=source:127.0.0.1 get_databases: @hive#NonExistentDatabaseUsedForHealthCheck	
2024-04-24T12:08:16,255  WARN [main] api.HCatTable: Conf hasn't been set yet. Using defaults.
2024-04-24T12:08:16,311  WARN [main] conf.HiveConf: HiveConf of name hive.metastore.client.cache.recordStats does not exist
2024-04-24T12:08:16,311  WARN [main] conf.HiveConf: HiveConf of name hive.llap.io.cache.orc.size does not exist
2024-04-24T12:08:16,311  WARN [main] conf.HiveConf: HiveConf of name hive.llap.io.cache.orc.alloc.max does not exist
2024-04-24T12:08:16,311  WARN [main] conf.HiveConf: HiveConf of name hive.dummyparam.test.server.specific.config.metastoresite does not exist
2024-04-24T12:08:16,311  WARN [main] conf.HiveConf: HiveConf of name hive.stats.key.prefix.reserve.length does not exist
2024-04-24T12:08:16,311  WARN [main] conf.HiveConf: HiveConf of name hive.dummyparam.test.server.specific.config.override does not exist
2024-04-24T12:08:16,311  WARN [main] conf.HiveConf: HiveConf of name hive.llap.io.cache.orc.alloc.min does not exist
2024-04-24T12:08:16,311  WARN [main] conf.HiveConf: HiveConf of name hive.metastore.metadb.dir does not exist
2024-04-24T12:08:16,311  WARN [main] conf.HiveConf: HiveConf of name hive.dummyparam.test.server.specific.config.hivesite does not exist
2024-04-24T12:08:16,311  WARN [main] conf.HiveConf: HiveConf of name hive.metastore.client.cache.maxSize does not exist
2024-04-24T12:08:16,311  WARN [main] conf.HiveConf: HiveConf of name hive.llap.io.cache.orc.arena.size does not exist
2024-04-24T12:08:16,312  INFO [TThreadPoolServer WorkerProcess-%d] HiveMetaStore.audit: ugi=alex	ip=127.0.0.1	cmd=source:127.0.0.1 create_table_req: Table(tableName:myTable, dbName:myDb, owner:alex, createTime:1713985696, lastAccessTime:0, retention:0, sd:StorageDescriptor(cols:[FieldSchema(name:foo, type:int, comment:), FieldSchema(name:bar, type:string, comment:)], location:null, inputFormat:org.apache.hadoop.mapred.TextInputFormat, outputFormat:org.apache.hadoop.hive.ql.io.HiveIgnoreKeyTextOutputFormat, compressed:false, numBuckets:0, serdeInfo:SerDeInfo(name:null, serializationLib:org.apache.hadoop.hive.serde2.lazy.LazySimpleSerDe, parameters:{serialization.format=1}), bucketCols:null, sortCols:null, parameters:null), partitionKeys:[FieldSchema(name:dt, type:string, comment:), FieldSchema(name:grid, type:string, comment:)], parameters:{bucketing_version=2, comment=Source table.}, viewOriginalText:null, viewExpandedText:null, tableType:MANAGED_TABLE, catName:hive, ownerType:USER)	
2024-04-24T12:08:16,315  INFO [TThreadPoolServer WorkerProcess-%d] utils.FileUtils: Creating directory if it doesn't exist: pfile:/home/alex/Repositories/hive/hcatalog/webhcat/java-client/target/warehouse/34727/mydb.db/mytable
2024-04-24T12:08:16,376  WARN [main] conf.HiveConf: HiveConf of name hive.llap.io.cache.orc.alloc.min does not exist
2024-04-24T12:08:16,376  WARN [main] conf.HiveConf: HiveConf of name hive.llap.io.cache.orc.arena.size does not exist
2024-04-24T12:08:16,376  WARN [main] conf.HiveConf: HiveConf of name hive.metastore.metadb.dir does not exist
2024-04-24T12:08:16,376  WARN [main] conf.HiveConf: HiveConf of name hive.llap.io.cache.orc.size does not exist
2024-04-24T12:08:16,376  WARN [main] conf.HiveConf: HiveConf of name hive.dummyparam.test.server.specific.config.hivesite does not exist
2024-04-24T12:08:16,376  WARN [main] conf.HiveConf: HiveConf of name hive.stats.key.prefix.reserve.length does not exist
2024-04-24T12:08:16,376  WARN [main] conf.HiveConf: HiveConf of name hive.llap.io.cache.orc.alloc.max does not exist
2024-04-24T12:08:16,376  WARN [main] conf.HiveConf: HiveConf of name hive.dummyparam.test.server.specific.config.override does not exist
2024-04-24T12:08:16,376  WARN [main] conf.HiveConf: HiveConf of name hive.metastore.client.cache.maxSize does not exist
2024-04-24T12:08:16,376  WARN [main] conf.HiveConf: HiveConf of name hive.dummyparam.test.server.specific.config.metastoresite does not exist
2024-04-24T12:08:16,376  WARN [main] conf.HiveConf: HiveConf of name hive.metastore.client.cache.recordStats does not exist
2024-04-24T12:08:16,376  INFO [main] common.HCatUtil: mapreduce.lib.hcatoutput.hive.conf not set. Generating configuration differences.
2024-04-24T12:08:16,378  INFO [main] common.HCatUtil: Configuration differences={datanucleus.schema.autoCreateAll=true, hive.exec.scratchdir=${test.tmp.dir}/scratchdir, hive.strict.timestamp.conversion=false, datanucleus.connectionPool.maxPoolSize=4, hive.ignore.mapjoin.hint=false, hive.query.reexecution.stats.persist.scope=query, hive.cbo.fallback.strategy=TEST, hive.users.in.admin.role=hive_admin_user, hive.metastore.warehouse.dir=${test.warehouse.dir}, hive.server2.operation.log.purgePolicy.timeToLive=5s, hive.llap.io.allocator.direct=false, hive.default.rcfile.serde=org.apache.hadoop.hive.serde2.columnar.ColumnarSerDe, javax.jdo.option.ConnectionURL=jdbc:derby:memory:${test.tmp.dir}/junit_metastore_db;create=true, hive.test.dummystats.aggregator=value2, hive.scheduled.queries.executor.enabled=false, hive.querylog.location=${test.tmp.dir}/tmp, hive.jar.path=${maven.local.repository}/org/apache/hive/hive-exec/${hive.version}/hive-exec-${hive.version}.jar, hive.exec.local.scratchdir=${test.tmp.dir}/localscratchdir/, hive.fetch.task.conversion=minimal, hive.mapjoin.max.gc.time.percentage=0.99, hive.security.authorization.manager=org.apache.hadoop.hive.ql.security.authorization.plugin.sqlstd.SQLStdHiveAuthorizerFactoryForTest, hive.in.test=true, hive.stats.fetch.bitvector=true, hive.query.results.cache.enabled=false, hive.metastore.client.cache.enabled=true, hive.auto.convert.join=false, hive.exec.submit.local.task.via.child=false, hive.conf.restricted.list=from.hivemetastore-site.xml, hive.metastore.schema.verification=false}
2024-04-24T12:08:16,378  WARN [main] metastore.HiveMetaStoreClient: Unexpected increment of user count beyond one: 6 HCatClient: thread: 1 users=6 expired=false closed=false
2024-04-24T12:08:16,379  INFO [TThreadPoolServer WorkerProcess-%d] HiveMetaStore.audit: ugi=alex	ip=127.0.0.1	cmd=source:127.0.0.1 get_databases: @hive#NonExistentDatabaseUsedForHealthCheck	
2024-04-24T12:08:16,380  INFO [TThreadPoolServer WorkerProcess-%d] HiveMetaStore.audit: ugi=alex	ip=127.0.0.1	cmd=source:127.0.0.1 get_table : tbl=hive.myDb.myTable	
2024-04-24T12:08:16,387  INFO [TThreadPoolServer WorkerProcess-%d] metastore.HMSHandler: Skipping translation for processor with null
2024-04-24T12:08:16,438  WARN [main] conf.HiveConf: HiveConf of name hive.metastore.client.cache.maxSize does not exist
2024-04-24T12:08:16,438  WARN [main] conf.HiveConf: HiveConf of name hive.metastore.client.cache.recordStats does not exist
2024-04-24T12:08:16,438  WARN [main] conf.HiveConf: HiveConf of name hive.dummyparam.test.server.specific.config.hivesite does not exist
2024-04-24T12:08:16,438  WARN [main] conf.HiveConf: HiveConf of name hive.stats.key.prefix.reserve.length does not exist
2024-04-24T12:08:16,438  WARN [main] conf.HiveConf: HiveConf of name hive.llap.io.cache.orc.alloc.max does not exist
2024-04-24T12:08:16,438  WARN [main] conf.HiveConf: HiveConf of name hive.llap.io.cache.orc.alloc.min does not exist
2024-04-24T12:08:16,438  WARN [main] conf.HiveConf: HiveConf of name hive.llap.io.cache.orc.arena.size does not exist
2024-04-24T12:08:16,438  WARN [main] conf.HiveConf: HiveConf of name hive.dummyparam.test.server.specific.config.metastoresite does not exist
2024-04-24T12:08:16,438  WARN [main] conf.HiveConf: HiveConf of name hive.metastore.metadb.dir does not exist
2024-04-24T12:08:16,438  WARN [main] conf.HiveConf: HiveConf of name hive.dummyparam.test.server.specific.config.override does not exist
2024-04-24T12:08:16,438  WARN [main] conf.HiveConf: HiveConf of name hive.llap.io.cache.orc.size does not exist
2024-04-24T12:08:16,438  INFO [main] common.HCatUtil: mapreduce.lib.hcatoutput.hive.conf not set. Generating configuration differences.
2024-04-24T12:08:16,440  INFO [main] common.HCatUtil: Configuration differences={datanucleus.schema.autoCreateAll=true, hive.exec.scratchdir=${test.tmp.dir}/scratchdir, hive.strict.timestamp.conversion=false, datanucleus.connectionPool.maxPoolSize=4, hive.ignore.mapjoin.hint=false, hive.query.reexecution.stats.persist.scope=query, hive.users.in.admin.role=hive_admin_user, hive.cbo.fallback.strategy=TEST, hive.metastore.warehouse.dir=${test.warehouse.dir}, hive.server2.operation.log.purgePolicy.timeToLive=5s, hive.llap.io.allocator.direct=false, hive.default.rcfile.serde=org.apache.hadoop.hive.serde2.columnar.ColumnarSerDe, javax.jdo.option.ConnectionURL=jdbc:derby:memory:${test.tmp.dir}/junit_metastore_db;create=true, hive.test.dummystats.aggregator=value2, hive.scheduled.queries.executor.enabled=false, hive.querylog.location=${test.tmp.dir}/tmp, hive.jar.path=${maven.local.repository}/org/apache/hive/hive-exec/${hive.version}/hive-exec-${hive.version}.jar, hive.exec.local.scratchdir=${test.tmp.dir}/localscratchdir/, hive.fetch.task.conversion=minimal, hive.security.authorization.manager=org.apache.hadoop.hive.ql.security.authorization.plugin.sqlstd.SQLStdHiveAuthorizerFactoryForTest, hive.mapjoin.max.gc.time.percentage=0.99, hive.in.test=true, hive.stats.fetch.bitvector=true, hive.query.results.cache.enabled=false, hive.metastore.client.cache.enabled=true, hive.auto.convert.join=false, hive.exec.submit.local.task.via.child=false, hive.metastore.schema.verification=false, hive.conf.restricted.list=from.hivemetastore-site.xml}
2024-04-24T12:08:16,440  WARN [main] metastore.HiveMetaStoreClient: Unexpected increment of user count beyond one: 7 HCatClient: thread: 1 users=7 expired=false closed=false
2024-04-24T12:08:16,440  INFO [TThreadPoolServer WorkerProcess-%d] HiveMetaStore.audit: ugi=alex	ip=127.0.0.1	cmd=source:127.0.0.1 get_databases: @hive#NonExistentDatabaseUsedForHealthCheck	
2024-04-24T12:08:16,442  INFO [TThreadPoolServer WorkerProcess-%d] HiveMetaStore.audit: ugi=alex	ip=127.0.0.1	cmd=source:127.0.0.1 get_table : tbl=hive.mydb.mytable	
2024-04-24T12:08:16,448  INFO [TThreadPoolServer WorkerProcess-%d] metastore.HMSHandler: Skipping translation for processor with null
2024-04-24T12:08:16,449  INFO [TThreadPoolServer WorkerProcess-%d] HiveMetaStore.audit: ugi=alex	ip=127.0.0.1	cmd=source:127.0.0.1 add_partition : tbl=hive.mydb.mytable	
2024-04-24T12:08:16,457  INFO [TThreadPoolServer WorkerProcess-%d] utils.FileUtils: Creating directory if it doesn't exist: pfile:/home/alex/Repositories/hive/hcatalog/webhcat/java-client/target/warehouse/34727/mydb.db/mytable/dt=2011_12_31/grid=AB
2024-04-24T12:08:16,538  WARN [main] conf.HiveConf: HiveConf of name hive.dummyparam.test.server.specific.config.hivesite does not exist
2024-04-24T12:08:16,538  WARN [main] conf.HiveConf: HiveConf of name hive.dummyparam.test.server.specific.config.metastoresite does not exist
2024-04-24T12:08:16,538  WARN [main] conf.HiveConf: HiveConf of name hive.metastore.client.cache.maxSize does not exist
2024-04-24T12:08:16,538  WARN [main] conf.HiveConf: HiveConf of name hive.llap.io.cache.orc.alloc.max does not exist
2024-04-24T12:08:16,539  WARN [main] conf.HiveConf: HiveConf of name hive.llap.io.cache.orc.arena.size does not exist
2024-04-24T12:08:16,539  WARN [main] conf.HiveConf: HiveConf of name hive.stats.key.prefix.reserve.length does not exist
2024-04-24T12:08:16,539  WARN [main] conf.HiveConf: HiveConf of name hive.llap.io.cache.orc.alloc.min does not exist
2024-04-24T12:08:16,539  WARN [main] conf.HiveConf: HiveConf of name hive.llap.io.cache.orc.size does not exist
2024-04-24T12:08:16,539  WARN [main] conf.HiveConf: HiveConf of name hive.metastore.client.cache.recordStats does not exist
2024-04-24T12:08:16,539  WARN [main] conf.HiveConf: HiveConf of name hive.metastore.metadb.dir does not exist
2024-04-24T12:08:16,539  WARN [main] conf.HiveConf: HiveConf of name hive.dummyparam.test.server.specific.config.override does not exist
2024-04-24T12:08:16,539  INFO [main] common.HCatUtil: mapreduce.lib.hcatoutput.hive.conf not set. Generating configuration differences.
2024-04-24T12:08:16,541  INFO [main] common.HCatUtil: Configuration differences={datanucleus.schema.autoCreateAll=true, hive.exec.scratchdir=${test.tmp.dir}/scratchdir, hive.strict.timestamp.conversion=false, datanucleus.connectionPool.maxPoolSize=4, hive.ignore.mapjoin.hint=false, hive.query.reexecution.stats.persist.scope=query, hive.users.in.admin.role=hive_admin_user, hive.cbo.fallback.strategy=TEST, hive.metastore.warehouse.dir=${test.warehouse.dir}, hive.server2.operation.log.purgePolicy.timeToLive=5s, hive.llap.io.allocator.direct=false, hive.default.rcfile.serde=org.apache.hadoop.hive.serde2.columnar.ColumnarSerDe, javax.jdo.option.ConnectionURL=jdbc:derby:memory:${test.tmp.dir}/junit_metastore_db;create=true, hive.test.dummystats.aggregator=value2, hive.scheduled.queries.executor.enabled=false, hive.querylog.location=${test.tmp.dir}/tmp, hive.jar.path=${maven.local.repository}/org/apache/hive/hive-exec/${hive.version}/hive-exec-${hive.version}.jar, hive.exec.local.scratchdir=${test.tmp.dir}/localscratchdir/, hive.fetch.task.conversion=minimal, hive.mapjoin.max.gc.time.percentage=0.99, hive.security.authorization.manager=org.apache.hadoop.hive.ql.security.authorization.plugin.sqlstd.SQLStdHiveAuthorizerFactoryForTest, hive.in.test=true, hive.stats.fetch.bitvector=true, hive.query.results.cache.enabled=false, hive.metastore.client.cache.enabled=true, hive.auto.convert.join=false, hive.exec.submit.local.task.via.child=false, hive.conf.restricted.list=from.hivemetastore-site.xml, hive.metastore.schema.verification=false}
2024-04-24T12:08:16,542  WARN [main] metastore.HiveMetaStoreClient: Unexpected increment of user count beyond one: 8 HCatClient: thread: 1 users=8 expired=false closed=false
2024-04-24T12:08:16,542  INFO [TThreadPoolServer WorkerProcess-%d] HiveMetaStore.audit: ugi=alex	ip=127.0.0.1	cmd=source:127.0.0.1 get_databases: @hive#NonExistentDatabaseUsedForHealthCheck	
2024-04-24T12:08:16,544  INFO [TThreadPoolServer WorkerProcess-%d] HiveMetaStore.audit: ugi=alex	ip=127.0.0.1	cmd=source:127.0.0.1 get_table : tbl=hive.myDb.myTable	
2024-04-24T12:08:16,549  INFO [TThreadPoolServer WorkerProcess-%d] metastore.HMSHandler: Skipping translation for processor with null
2024-04-24T12:08:16,550  INFO [TThreadPoolServer WorkerProcess-%d] HiveMetaStore.audit: ugi=alex	ip=127.0.0.1	cmd=source:127.0.0.1 get_partitions : tbl=hive.myDb.myTable	
2024-04-24T12:08:16,620  WARN [main] conf.HiveConf: HiveConf of name hive.stats.key.prefix.reserve.length does not exist
2024-04-24T12:08:16,620  WARN [main] conf.HiveConf: HiveConf of name hive.metastore.metadb.dir does not exist
2024-04-24T12:08:16,620  WARN [main] conf.HiveConf: HiveConf of name hive.dummyparam.test.server.specific.config.metastoresite does not exist
2024-04-24T12:08:16,620  WARN [main] conf.HiveConf: HiveConf of name hive.dummyparam.test.server.specific.config.override does not exist
2024-04-24T12:08:16,620  WARN [main] conf.HiveConf: HiveConf of name hive.llap.io.cache.orc.size does not exist
2024-04-24T12:08:16,620  WARN [main] conf.HiveConf: HiveConf of name hive.llap.io.cache.orc.alloc.max does not exist
2024-04-24T12:08:16,620  WARN [main] conf.HiveConf: HiveConf of name hive.llap.io.cache.orc.alloc.min does not exist
2024-04-24T12:08:16,620  WARN [main] conf.HiveConf: HiveConf of name hive.metastore.client.cache.maxSize does not exist
2024-04-24T12:08:16,620  WARN [main] conf.HiveConf: HiveConf of name hive.llap.io.cache.orc.arena.size does not exist
2024-04-24T12:08:16,620  WARN [main] conf.HiveConf: HiveConf of name hive.metastore.client.cache.recordStats does not exist
2024-04-24T12:08:16,620  WARN [main] conf.HiveConf: HiveConf of name hive.dummyparam.test.server.specific.config.hivesite does not exist
2024-04-24T12:08:16,621  INFO [main] common.HCatUtil: mapreduce.lib.hcatoutput.hive.conf not set. Generating configuration differences.
2024-04-24T12:08:16,622  INFO [main] common.HCatUtil: Configuration differences={datanucleus.schema.autoCreateAll=true, hive.exec.scratchdir=${test.tmp.dir}/scratchdir, hive.strict.timestamp.conversion=false, datanucleus.connectionPool.maxPoolSize=4, hive.ignore.mapjoin.hint=false, hive.query.reexecution.stats.persist.scope=query, hive.cbo.fallback.strategy=TEST, hive.users.in.admin.role=hive_admin_user, hive.metastore.warehouse.dir=${test.warehouse.dir}, hive.server2.operation.log.purgePolicy.timeToLive=5s, hive.llap.io.allocator.direct=false, hive.default.rcfile.serde=org.apache.hadoop.hive.serde2.columnar.ColumnarSerDe, javax.jdo.option.ConnectionURL=jdbc:derby:memory:${test.tmp.dir}/junit_metastore_db;create=true, hive.test.dummystats.aggregator=value2, hive.scheduled.queries.executor.enabled=false, hive.querylog.location=${test.tmp.dir}/tmp, hive.exec.local.scratchdir=${test.tmp.dir}/localscratchdir/, hive.jar.path=${maven.local.repository}/org/apache/hive/hive-exec/${hive.version}/hive-exec-${hive.version}.jar, hive.fetch.task.conversion=minimal, hive.mapjoin.max.gc.time.percentage=0.99, hive.security.authorization.manager=org.apache.hadoop.hive.ql.security.authorization.plugin.sqlstd.SQLStdHiveAuthorizerFactoryForTest, hive.in.test=true, hive.stats.fetch.bitvector=true, hive.query.results.cache.enabled=false, hive.metastore.client.cache.enabled=true, hive.auto.convert.join=false, hive.exec.submit.local.task.via.child=false, hive.metastore.schema.verification=false, hive.conf.restricted.list=from.hivemetastore-site.xml}
2024-04-24T12:08:16,624  WARN [main] metastore.HiveMetaStoreClient: Unexpected increment of user count beyond one: 9 HCatClient: thread: 1 users=9 expired=false closed=false
2024-04-24T12:08:16,624  INFO [TThreadPoolServer WorkerProcess-%d] HiveMetaStore.audit: ugi=alex	ip=127.0.0.1	cmd=source:127.0.0.1 get_databases: @hive#NonExistentDatabaseUsedForHealthCheck	
2024-04-24T12:08:16,625  INFO [TThreadPoolServer WorkerProcess-%d] HiveMetaStore.audit: ugi=alex	ip=127.0.0.1	cmd=source:127.0.0.1 get_table : tbl=hive.myDb.myTable	
2024-04-24T12:08:16,633  INFO [TThreadPoolServer WorkerProcess-%d] metastore.HMSHandler: Skipping translation for processor with null
2024-04-24T12:08:16,634  INFO [TThreadPoolServer WorkerProcess-%d] HiveMetaStore.audit: ugi=alex	ip=127.0.0.1	cmd=source:127.0.0.1 get_partition : tbl=hive.myDb.myTable[2011_12_31,AB]	
2024-04-24T12:08:16,707  WARN [main] conf.HiveConf: HiveConf of name hive.llap.io.cache.orc.alloc.max does not exist
2024-04-24T12:08:16,707  WARN [main] conf.HiveConf: HiveConf of name hive.dummyparam.test.server.specific.config.metastoresite does not exist
2024-04-24T12:08:16,707  WARN [main] conf.HiveConf: HiveConf of name hive.metastore.client.cache.maxSize does not exist
2024-04-24T12:08:16,707  WARN [main] conf.HiveConf: HiveConf of name hive.stats.key.prefix.reserve.length does not exist
2024-04-24T12:08:16,707  WARN [main] conf.HiveConf: HiveConf of name hive.llap.io.cache.orc.size does not exist
2024-04-24T12:08:16,707  WARN [main] conf.HiveConf: HiveConf of name hive.llap.io.cache.orc.alloc.min does not exist
2024-04-24T12:08:16,707  WARN [main] conf.HiveConf: HiveConf of name hive.metastore.metadb.dir does not exist
2024-04-24T12:08:16,707  WARN [main] conf.HiveConf: HiveConf of name hive.dummyparam.test.server.specific.config.hivesite does not exist
2024-04-24T12:08:16,707  WARN [main] conf.HiveConf: HiveConf of name hive.llap.io.cache.orc.arena.size does not exist
2024-04-24T12:08:16,708  WARN [main] conf.HiveConf: HiveConf of name hive.dummyparam.test.server.specific.config.override does not exist
2024-04-24T12:08:16,708  WARN [main] conf.HiveConf: HiveConf of name hive.metastore.client.cache.recordStats does not exist
2024-04-24T12:08:16,708  INFO [main] common.HCatUtil: mapreduce.lib.hcatoutput.hive.conf not set. Generating configuration differences.
2024-04-24T12:08:16,710  INFO [main] common.HCatUtil: Configuration differences={datanucleus.schema.autoCreateAll=true, hive.exec.scratchdir=${test.tmp.dir}/scratchdir, hive.strict.timestamp.conversion=false, datanucleus.connectionPool.maxPoolSize=4, hive.ignore.mapjoin.hint=false, hive.query.reexecution.stats.persist.scope=query, hive.cbo.fallback.strategy=TEST, hive.users.in.admin.role=hive_admin_user, hive.metastore.warehouse.dir=${test.warehouse.dir}, hive.server2.operation.log.purgePolicy.timeToLive=5s, hive.llap.io.allocator.direct=false, hive.default.rcfile.serde=org.apache.hadoop.hive.serde2.columnar.ColumnarSerDe, javax.jdo.option.ConnectionURL=jdbc:derby:memory:${test.tmp.dir}/junit_metastore_db;create=true, hive.test.dummystats.aggregator=value2, hive.scheduled.queries.executor.enabled=false, hive.querylog.location=${test.tmp.dir}/tmp, hive.exec.local.scratchdir=${test.tmp.dir}/localscratchdir/, hive.jar.path=${maven.local.repository}/org/apache/hive/hive-exec/${hive.version}/hive-exec-${hive.version}.jar, hive.fetch.task.conversion=minimal, hive.security.authorization.manager=org.apache.hadoop.hive.ql.security.authorization.plugin.sqlstd.SQLStdHiveAuthorizerFactoryForTest, hive.mapjoin.max.gc.time.percentage=0.99, hive.in.test=true, hive.stats.fetch.bitvector=true, hive.query.results.cache.enabled=false, hive.metastore.client.cache.enabled=true, hive.auto.convert.join=false, hive.exec.submit.local.task.via.child=false, hive.conf.restricted.list=from.hivemetastore-site.xml, hive.metastore.schema.verification=false}
2024-04-24T12:08:16,711  WARN [main] metastore.HiveMetaStoreClient: Unexpected increment of user count beyond one: 3 HCatClient: thread: 1 users=3 expired=false closed=false
2024-04-24T12:08:16,711  INFO [TThreadPoolServer WorkerProcess-%d] HiveMetaStore.audit: ugi=alex	ip=127.0.0.1	cmd=source:127.0.0.1 get_databases: @hive#NonExistentDatabaseUsedForHealthCheck	
2024-04-24T12:08:16,711 ERROR [TThreadPoolServer WorkerProcess-%d] metastore.RetryingHMSHandler: Retrying HMSHandler after 2000 ms (attempt 1 of 10) with error: javax.jdo.JDOFatalUserException: Persistence Manager has been closed
	at org.datanucleus.api.jdo.JDOPersistenceManager.assertIsOpen(JDOPersistenceManager.java:2235)
	at org.datanucleus.api.jdo.JDOPersistenceManager.evictAll(JDOPersistenceManager.java:481)
	at org.apache.hadoop.hive.metastore.ObjectStore.rollbackTransaction(ObjectStore.java:652)
	at org.apache.hadoop.hive.metastore.ObjectStore.rollbackAndCleanup(ObjectStore.java:12974)
	at org.apache.hadoop.hive.metastore.ObjectStore.getDatabases(ObjectStore.java:1007)
	at sun.reflect.GeneratedMethodAccessor157.invoke(Unknown Source)
	at sun.reflect.DelegatingMethodAccessorImpl.invoke(DelegatingMethodAccessorImpl.java:43)
	at java.lang.reflect.Method.invoke(Method.java:498)
	at org.apache.hadoop.hive.metastore.RawStoreProxy.invoke(RawStoreProxy.java:97)
	at com.sun.proxy.$Proxy32.getDatabases(Unknown Source)
	at org.apache.hadoop.hive.metastore.HMSHandler.get_databases(HMSHandler.java:1895)
	at sun.reflect.GeneratedMethodAccessor156.invoke(Unknown Source)
	at sun.reflect.DelegatingMethodAccessorImpl.invoke(DelegatingMethodAccessorImpl.java:43)
	at java.lang.reflect.Method.invoke(Method.java:498)
	at org.apache.hadoop.hive.metastore.RetryingHMSHandler.invokeInternal(RetryingHMSHandler.java:147)
	at org.apache.hadoop.hive.metastore.RetryingHMSHandler.invoke(RetryingHMSHandler.java:108)
	at com.sun.proxy.$Proxy34.get_databases(Unknown Source)
	at org.apache.hadoop.hive.metastore.api.ThriftHiveMetastore$Processor$get_databases.getResult(ThriftHiveMetastore.java:18318)
	at org.apache.hadoop.hive.metastore.api.ThriftHiveMetastore$Processor$get_databases.getResult(ThriftHiveMetastore.java:18297)
	at org.apache.thrift.ProcessFunction.process(ProcessFunction.java:38)
	at org.apache.hadoop.hive.metastore.TUGIBasedProcessor$1.run(TUGIBasedProcessor.java:111)
	at org.apache.hadoop.hive.metastore.TUGIBasedProcessor$1.run(TUGIBasedProcessor.java:107)
	at java.security.AccessController.doPrivileged(Native Method)
	at javax.security.auth.Subject.doAs(Subject.java:422)
	at org.apache.hadoop.security.UserGroupInformation.doAs(UserGroupInformation.java:1682)
	at org.apache.hadoop.hive.metastore.TUGIBasedProcessor.process(TUGIBasedProcessor.java:119)
	at org.apache.thrift.server.TThreadPoolServer$WorkerProcess.run(TThreadPoolServer.java:248)
	at java.util.concurrent.ThreadPoolExecutor.runWorker(ThreadPoolExecutor.java:1149)
	at java.util.concurrent.ThreadPoolExecutor$Worker.run(ThreadPoolExecutor.java:624)
	at java.lang.Thread.run(Thread.java:750)

2024-04-24T12:08:18,712  INFO [TThreadPoolServer WorkerProcess-%d] HiveMetaStore.audit: ugi=alex	ip=127.0.0.1	cmd=source:127.0.0.1 get_databases: @hive#NonExistentDatabaseUsedForHealthCheck	
2024-04-24T12:08:18,713 ERROR [TThreadPoolServer WorkerProcess-%d] metastore.RetryingHMSHandler: Retrying HMSHandler after 2000 ms (attempt 2 of 10) with error: javax.jdo.JDOFatalUserException: Persistence Manager has been closed
	at org.datanucleus.api.jdo.JDOPersistenceManager.assertIsOpen(JDOPersistenceManager.java:2235)
	at org.datanucleus.api.jdo.JDOPersistenceManager.evictAll(JDOPersistenceManager.java:481)
	at org.apache.hadoop.hive.metastore.ObjectStore.rollbackTransaction(ObjectStore.java:652)
	at org.apache.hadoop.hive.metastore.ObjectStore.rollbackAndCleanup(ObjectStore.java:12974)
	at org.apache.hadoop.hive.metastore.ObjectStore.getDatabases(ObjectStore.java:1007)
	at sun.reflect.GeneratedMethodAccessor157.invoke(Unknown Source)
	at sun.reflect.DelegatingMethodAccessorImpl.invoke(DelegatingMethodAccessorImpl.java:43)
	at java.lang.reflect.Method.invoke(Method.java:498)
	at org.apache.hadoop.hive.metastore.RawStoreProxy.invoke(RawStoreProxy.java:97)
	at com.sun.proxy.$Proxy32.getDatabases(Unknown Source)
	at org.apache.hadoop.hive.metastore.HMSHandler.get_databases(HMSHandler.java:1895)
	at sun.reflect.GeneratedMethodAccessor156.invoke(Unknown Source)
	at sun.reflect.DelegatingMethodAccessorImpl.invoke(DelegatingMethodAccessorImpl.java:43)
	at java.lang.reflect.Method.invoke(Method.java:498)
	at org.apache.hadoop.hive.metastore.RetryingHMSHandler.invokeInternal(RetryingHMSHandler.java:147)
	at org.apache.hadoop.hive.metastore.RetryingHMSHandler.invoke(RetryingHMSHandler.java:108)
	at com.sun.proxy.$Proxy34.get_databases(Unknown Source)
	at org.apache.hadoop.hive.metastore.api.ThriftHiveMetastore$Processor$get_databases.getResult(ThriftHiveMetastore.java:18318)
	at org.apache.hadoop.hive.metastore.api.ThriftHiveMetastore$Processor$get_databases.getResult(ThriftHiveMetastore.java:18297)
	at org.apache.thrift.ProcessFunction.process(ProcessFunction.java:38)
	at org.apache.hadoop.hive.metastore.TUGIBasedProcessor$1.run(TUGIBasedProcessor.java:111)
	at org.apache.hadoop.hive.metastore.TUGIBasedProcessor$1.run(TUGIBasedProcessor.java:107)
	at java.security.AccessController.doPrivileged(Native Method)
	at javax.security.auth.Subject.doAs(Subject.java:422)
	at org.apache.hadoop.security.UserGroupInformation.doAs(UserGroupInformation.java:1682)
	at org.apache.hadoop.hive.metastore.TUGIBasedProcessor.process(TUGIBasedProcessor.java:119)
	at org.apache.thrift.server.TThreadPoolServer$WorkerProcess.run(TThreadPoolServer.java:248)
	at java.util.concurrent.ThreadPoolExecutor.runWorker(ThreadPoolExecutor.java:1149)
	at java.util.concurrent.ThreadPoolExecutor$Worker.run(ThreadPoolExecutor.java:624)
	at java.lang.Thread.run(Thread.java:750)

2024-04-24T12:08:20,714  INFO [TThreadPoolServer WorkerProcess-%d] HiveMetaStore.audit: ugi=alex	ip=127.0.0.1	cmd=source:127.0.0.1 get_databases: @hive#NonExistentDatabaseUsedForHealthCheck	
2024-04-24T12:08:20,714 ERROR [TThreadPoolServer WorkerProcess-%d] metastore.RetryingHMSHandler: Retrying HMSHandler after 2000 ms (attempt 3 of 10) with error: javax.jdo.JDOFatalUserException: Persistence Manager has been closed
	at org.datanucleus.api.jdo.JDOPersistenceManager.assertIsOpen(JDOPersistenceManager.java:2235)
	at org.datanucleus.api.jdo.JDOPersistenceManager.evictAll(JDOPersistenceManager.java:481)
	at org.apache.hadoop.hive.metastore.ObjectStore.rollbackTransaction(ObjectStore.java:652)
	at org.apache.hadoop.hive.metastore.ObjectStore.rollbackAndCleanup(ObjectStore.java:12974)
	at org.apache.hadoop.hive.metastore.ObjectStore.getDatabases(ObjectStore.java:1007)
	at sun.reflect.GeneratedMethodAccessor157.invoke(Unknown Source)
	at sun.reflect.DelegatingMethodAccessorImpl.invoke(DelegatingMethodAccessorImpl.java:43)
	at java.lang.reflect.Method.invoke(Method.java:498)
	at org.apache.hadoop.hive.metastore.RawStoreProxy.invoke(RawStoreProxy.java:97)
	at com.sun.proxy.$Proxy32.getDatabases(Unknown Source)
	at org.apache.hadoop.hive.metastore.HMSHandler.get_databases(HMSHandler.java:1895)
	at sun.reflect.GeneratedMethodAccessor156.invoke(Unknown Source)
	at sun.reflect.DelegatingMethodAccessorImpl.invoke(DelegatingMethodAccessorImpl.java:43)
	at java.lang.reflect.Method.invoke(Method.java:498)
	at org.apache.hadoop.hive.metastore.RetryingHMSHandler.invokeInternal(RetryingHMSHandler.java:147)
	at org.apache.hadoop.hive.metastore.RetryingHMSHandler.invoke(RetryingHMSHandler.java:108)
	at com.sun.proxy.$Proxy34.get_databases(Unknown Source)
	at org.apache.hadoop.hive.metastore.api.ThriftHiveMetastore$Processor$get_databases.getResult(ThriftHiveMetastore.java:18318)
	at org.apache.hadoop.hive.metastore.api.ThriftHiveMetastore$Processor$get_databases.getResult(ThriftHiveMetastore.java:18297)
	at org.apache.thrift.ProcessFunction.process(ProcessFunction.java:38)
	at org.apache.hadoop.hive.metastore.TUGIBasedProcessor$1.run(TUGIBasedProcessor.java:111)
	at org.apache.hadoop.hive.metastore.TUGIBasedProcessor$1.run(TUGIBasedProcessor.java:107)
	at java.security.AccessController.doPrivileged(Native Method)
	at javax.security.auth.Subject.doAs(Subject.java:422)
	at org.apache.hadoop.security.UserGroupInformation.doAs(UserGroupInformation.java:1682)
	at org.apache.hadoop.hive.metastore.TUGIBasedProcessor.process(TUGIBasedProcessor.java:119)
	at org.apache.thrift.server.TThreadPoolServer$WorkerProcess.run(TThreadPoolServer.java:248)
	at java.util.concurrent.ThreadPoolExecutor.runWorker(ThreadPoolExecutor.java:1149)
	at java.util.concurrent.ThreadPoolExecutor$Worker.run(ThreadPoolExecutor.java:624)
	at java.lang.Thread.run(Thread.java:750)

2024-04-24T12:08:22,715  INFO [TThreadPoolServer WorkerProcess-%d] HiveMetaStore.audit: ugi=alex	ip=127.0.0.1	cmd=source:127.0.0.1 get_databases: @hive#NonExistentDatabaseUsedForHealthCheck	
2024-04-24T12:08:22,716 ERROR [TThreadPoolServer WorkerProcess-%d] metastore.RetryingHMSHandler: Retrying HMSHandler after 2000 ms (attempt 4 of 10) with error: javax.jdo.JDOFatalUserException: Persistence Manager has been closed
	at org.datanucleus.api.jdo.JDOPersistenceManager.assertIsOpen(JDOPersistenceManager.java:2235)
	at org.datanucleus.api.jdo.JDOPersistenceManager.evictAll(JDOPersistenceManager.java:481)
	at org.apache.hadoop.hive.metastore.ObjectStore.rollbackTransaction(ObjectStore.java:652)
	at org.apache.hadoop.hive.metastore.ObjectStore.rollbackAndCleanup(ObjectStore.java:12974)
	at org.apache.hadoop.hive.metastore.ObjectStore.getDatabases(ObjectStore.java:1007)
	at sun.reflect.GeneratedMethodAccessor157.invoke(Unknown Source)
	at sun.reflect.DelegatingMethodAccessorImpl.invoke(DelegatingMethodAccessorImpl.java:43)
	at java.lang.reflect.Method.invoke(Method.java:498)
	at org.apache.hadoop.hive.metastore.RawStoreProxy.invoke(RawStoreProxy.java:97)
	at com.sun.proxy.$Proxy32.getDatabases(Unknown Source)
	at org.apache.hadoop.hive.metastore.HMSHandler.get_databases(HMSHandler.java:1895)
	at sun.reflect.GeneratedMethodAccessor156.invoke(Unknown Source)
	at sun.reflect.DelegatingMethodAccessorImpl.invoke(DelegatingMethodAccessorImpl.java:43)
	at java.lang.reflect.Method.invoke(Method.java:498)
	at org.apache.hadoop.hive.metastore.RetryingHMSHandler.invokeInternal(RetryingHMSHandler.java:147)
	at org.apache.hadoop.hive.metastore.RetryingHMSHandler.invoke(RetryingHMSHandler.java:108)
	at com.sun.proxy.$Proxy34.get_databases(Unknown Source)
	at org.apache.hadoop.hive.metastore.api.ThriftHiveMetastore$Processor$get_databases.getResult(ThriftHiveMetastore.java:18318)
	at org.apache.hadoop.hive.metastore.api.ThriftHiveMetastore$Processor$get_databases.getResult(ThriftHiveMetastore.java:18297)
	at org.apache.thrift.ProcessFunction.process(ProcessFunction.java:38)
	at org.apache.hadoop.hive.metastore.TUGIBasedProcessor$1.run(TUGIBasedProcessor.java:111)
	at org.apache.hadoop.hive.metastore.TUGIBasedProcessor$1.run(TUGIBasedProcessor.java:107)
	at java.security.AccessController.doPrivileged(Native Method)
	at javax.security.auth.Subject.doAs(Subject.java:422)
	at org.apache.hadoop.security.UserGroupInformation.doAs(UserGroupInformation.java:1682)
	at org.apache.hadoop.hive.metastore.TUGIBasedProcessor.process(TUGIBasedProcessor.java:119)
	at org.apache.thrift.server.TThreadPoolServer$WorkerProcess.run(TThreadPoolServer.java:248)
	at java.util.concurrent.ThreadPoolExecutor.runWorker(ThreadPoolExecutor.java:1149)
	at java.util.concurrent.ThreadPoolExecutor$Worker.run(ThreadPoolExecutor.java:624)
	at java.lang.Thread.run(Thread.java:750)

2024-04-24T12:08:24,717  INFO [TThreadPoolServer WorkerProcess-%d] HiveMetaStore.audit: ugi=alex	ip=127.0.0.1	cmd=source:127.0.0.1 get_databases: @hive#NonExistentDatabaseUsedForHealthCheck	
2024-04-24T12:08:24,718 ERROR [TThreadPoolServer WorkerProcess-%d] metastore.RetryingHMSHandler: Retrying HMSHandler after 2000 ms (attempt 5 of 10) with error: javax.jdo.JDOFatalUserException: Persistence Manager has been closed
	at org.datanucleus.api.jdo.JDOPersistenceManager.assertIsOpen(JDOPersistenceManager.java:2235)
	at org.datanucleus.api.jdo.JDOPersistenceManager.evictAll(JDOPersistenceManager.java:481)
	at org.apache.hadoop.hive.metastore.ObjectStore.rollbackTransaction(ObjectStore.java:652)
	at org.apache.hadoop.hive.metastore.ObjectStore.rollbackAndCleanup(ObjectStore.java:12974)
	at org.apache.hadoop.hive.metastore.ObjectStore.getDatabases(ObjectStore.java:1007)
	at sun.reflect.GeneratedMethodAccessor157.invoke(Unknown Source)
	at sun.reflect.DelegatingMethodAccessorImpl.invoke(DelegatingMethodAccessorImpl.java:43)
	at java.lang.reflect.Method.invoke(Method.java:498)
	at org.apache.hadoop.hive.metastore.RawStoreProxy.invoke(RawStoreProxy.java:97)
	at com.sun.proxy.$Proxy32.getDatabases(Unknown Source)
	at org.apache.hadoop.hive.metastore.HMSHandler.get_databases(HMSHandler.java:1895)
	at sun.reflect.GeneratedMethodAccessor156.invoke(Unknown Source)
	at sun.reflect.DelegatingMethodAccessorImpl.invoke(DelegatingMethodAccessorImpl.java:43)
	at java.lang.reflect.Method.invoke(Method.java:498)
	at org.apache.hadoop.hive.metastore.RetryingHMSHandler.invokeInternal(RetryingHMSHandler.java:147)
	at org.apache.hadoop.hive.metastore.RetryingHMSHandler.invoke(RetryingHMSHandler.java:108)
	at com.sun.proxy.$Proxy34.get_databases(Unknown Source)
	at org.apache.hadoop.hive.metastore.api.ThriftHiveMetastore$Processor$get_databases.getResult(ThriftHiveMetastore.java:18318)
	at org.apache.hadoop.hive.metastore.api.ThriftHiveMetastore$Processor$get_databases.getResult(ThriftHiveMetastore.java:18297)
	at org.apache.thrift.ProcessFunction.process(ProcessFunction.java:38)
	at org.apache.hadoop.hive.metastore.TUGIBasedProcessor$1.run(TUGIBasedProcessor.java:111)
	at org.apache.hadoop.hive.metastore.TUGIBasedProcessor$1.run(TUGIBasedProcessor.java:107)
	at java.security.AccessController.doPrivileged(Native Method)
	at javax.security.auth.Subject.doAs(Subject.java:422)
	at org.apache.hadoop.security.UserGroupInformation.doAs(UserGroupInformation.java:1682)
	at org.apache.hadoop.hive.metastore.TUGIBasedProcessor.process(TUGIBasedProcessor.java:119)
	at org.apache.thrift.server.TThreadPoolServer$WorkerProcess.run(TThreadPoolServer.java:248)
	at java.util.concurrent.ThreadPoolExecutor.runWorker(ThreadPoolExecutor.java:1149)
	at java.util.concurrent.ThreadPoolExecutor$Worker.run(ThreadPoolExecutor.java:624)
	at java.lang.Thread.run(Thread.java:750)

2024-04-24T12:08:26,719  INFO [TThreadPoolServer WorkerProcess-%d] HiveMetaStore.audit: ugi=alex	ip=127.0.0.1	cmd=source:127.0.0.1 get_databases: @hive#NonExistentDatabaseUsedForHealthCheck	
2024-04-24T12:08:26,720 ERROR [TThreadPoolServer WorkerProcess-%d] metastore.RetryingHMSHandler: Retrying HMSHandler after 2000 ms (attempt 6 of 10) with error: javax.jdo.JDOFatalUserException: Persistence Manager has been closed
	at org.datanucleus.api.jdo.JDOPersistenceManager.assertIsOpen(JDOPersistenceManager.java:2235)
	at org.datanucleus.api.jdo.JDOPersistenceManager.evictAll(JDOPersistenceManager.java:481)
	at org.apache.hadoop.hive.metastore.ObjectStore.rollbackTransaction(ObjectStore.java:652)
	at org.apache.hadoop.hive.metastore.ObjectStore.rollbackAndCleanup(ObjectStore.java:12974)
	at org.apache.hadoop.hive.metastore.ObjectStore.getDatabases(ObjectStore.java:1007)
	at sun.reflect.GeneratedMethodAccessor157.invoke(Unknown Source)
	at sun.reflect.DelegatingMethodAccessorImpl.invoke(DelegatingMethodAccessorImpl.java:43)
	at java.lang.reflect.Method.invoke(Method.java:498)
	at org.apache.hadoop.hive.metastore.RawStoreProxy.invoke(RawStoreProxy.java:97)
	at com.sun.proxy.$Proxy32.getDatabases(Unknown Source)
	at org.apache.hadoop.hive.metastore.HMSHandler.get_databases(HMSHandler.java:1895)
	at sun.reflect.GeneratedMethodAccessor156.invoke(Unknown Source)
	at sun.reflect.DelegatingMethodAccessorImpl.invoke(DelegatingMethodAccessorImpl.java:43)
	at java.lang.reflect.Method.invoke(Method.java:498)
	at org.apache.hadoop.hive.metastore.RetryingHMSHandler.invokeInternal(RetryingHMSHandler.java:147)
	at org.apache.hadoop.hive.metastore.RetryingHMSHandler.invoke(RetryingHMSHandler.java:108)
	at com.sun.proxy.$Proxy34.get_databases(Unknown Source)
	at org.apache.hadoop.hive.metastore.api.ThriftHiveMetastore$Processor$get_databases.getResult(ThriftHiveMetastore.java:18318)
	at org.apache.hadoop.hive.metastore.api.ThriftHiveMetastore$Processor$get_databases.getResult(ThriftHiveMetastore.java:18297)
	at org.apache.thrift.ProcessFunction.process(ProcessFunction.java:38)
	at org.apache.hadoop.hive.metastore.TUGIBasedProcessor$1.run(TUGIBasedProcessor.java:111)
	at org.apache.hadoop.hive.metastore.TUGIBasedProcessor$1.run(TUGIBasedProcessor.java:107)
	at java.security.AccessController.doPrivileged(Native Method)
	at javax.security.auth.Subject.doAs(Subject.java:422)
	at org.apache.hadoop.security.UserGroupInformation.doAs(UserGroupInformation.java:1682)
	at org.apache.hadoop.hive.metastore.TUGIBasedProcessor.process(TUGIBasedProcessor.java:119)
	at org.apache.thrift.server.TThreadPoolServer$WorkerProcess.run(TThreadPoolServer.java:248)
	at java.util.concurrent.ThreadPoolExecutor.runWorker(ThreadPoolExecutor.java:1149)
	at java.util.concurrent.ThreadPoolExecutor$Worker.run(ThreadPoolExecutor.java:624)
	at java.lang.Thread.run(Thread.java:750)

2024-04-24T12:08:28,721  INFO [TThreadPoolServer WorkerProcess-%d] HiveMetaStore.audit: ugi=alex	ip=127.0.0.1	cmd=source:127.0.0.1 get_databases: @hive#NonExistentDatabaseUsedForHealthCheck	
2024-04-24T12:08:28,722 ERROR [TThreadPoolServer WorkerProcess-%d] metastore.RetryingHMSHandler: Retrying HMSHandler after 2000 ms (attempt 7 of 10) with error: javax.jdo.JDOFatalUserException: Persistence Manager has been closed
	at org.datanucleus.api.jdo.JDOPersistenceManager.assertIsOpen(JDOPersistenceManager.java:2235)
	at org.datanucleus.api.jdo.JDOPersistenceManager.evictAll(JDOPersistenceManager.java:481)
	at org.apache.hadoop.hive.metastore.ObjectStore.rollbackTransaction(ObjectStore.java:652)
	at org.apache.hadoop.hive.metastore.ObjectStore.rollbackAndCleanup(ObjectStore.java:12974)
	at org.apache.hadoop.hive.metastore.ObjectStore.getDatabases(ObjectStore.java:1007)
	at sun.reflect.GeneratedMethodAccessor157.invoke(Unknown Source)
	at sun.reflect.DelegatingMethodAccessorImpl.invoke(DelegatingMethodAccessorImpl.java:43)
	at java.lang.reflect.Method.invoke(Method.java:498)
	at org.apache.hadoop.hive.metastore.RawStoreProxy.invoke(RawStoreProxy.java:97)
	at com.sun.proxy.$Proxy32.getDatabases(Unknown Source)
	at org.apache.hadoop.hive.metastore.HMSHandler.get_databases(HMSHandler.java:1895)
	at sun.reflect.GeneratedMethodAccessor156.invoke(Unknown Source)
	at sun.reflect.DelegatingMethodAccessorImpl.invoke(DelegatingMethodAccessorImpl.java:43)
	at java.lang.reflect.Method.invoke(Method.java:498)
	at org.apache.hadoop.hive.metastore.RetryingHMSHandler.invokeInternal(RetryingHMSHandler.java:147)
	at org.apache.hadoop.hive.metastore.RetryingHMSHandler.invoke(RetryingHMSHandler.java:108)
	at com.sun.proxy.$Proxy34.get_databases(Unknown Source)
	at org.apache.hadoop.hive.metastore.api.ThriftHiveMetastore$Processor$get_databases.getResult(ThriftHiveMetastore.java:18318)
	at org.apache.hadoop.hive.metastore.api.ThriftHiveMetastore$Processor$get_databases.getResult(ThriftHiveMetastore.java:18297)
	at org.apache.thrift.ProcessFunction.process(ProcessFunction.java:38)
	at org.apache.hadoop.hive.metastore.TUGIBasedProcessor$1.run(TUGIBasedProcessor.java:111)
	at org.apache.hadoop.hive.metastore.TUGIBasedProcessor$1.run(TUGIBasedProcessor.java:107)
	at java.security.AccessController.doPrivileged(Native Method)
	at javax.security.auth.Subject.doAs(Subject.java:422)
	at org.apache.hadoop.security.UserGroupInformation.doAs(UserGroupInformation.java:1682)
	at org.apache.hadoop.hive.metastore.TUGIBasedProcessor.process(TUGIBasedProcessor.java:119)
	at org.apache.thrift.server.TThreadPoolServer$WorkerProcess.run(TThreadPoolServer.java:248)
	at java.util.concurrent.ThreadPoolExecutor.runWorker(ThreadPoolExecutor.java:1149)
	at java.util.concurrent.ThreadPoolExecutor$Worker.run(ThreadPoolExecutor.java:624)
	at java.lang.Thread.run(Thread.java:750)

2024-04-24T12:08:30,723  INFO [TThreadPoolServer WorkerProcess-%d] HiveMetaStore.audit: ugi=alex	ip=127.0.0.1	cmd=source:127.0.0.1 get_databases: @hive#NonExistentDatabaseUsedForHealthCheck	
2024-04-24T12:08:30,724 ERROR [TThreadPoolServer WorkerProcess-%d] metastore.RetryingHMSHandler: Retrying HMSHandler after 2000 ms (attempt 8 of 10) with error: javax.jdo.JDOFatalUserException: Persistence Manager has been closed
	at org.datanucleus.api.jdo.JDOPersistenceManager.assertIsOpen(JDOPersistenceManager.java:2235)
	at org.datanucleus.api.jdo.JDOPersistenceManager.evictAll(JDOPersistenceManager.java:481)
	at org.apache.hadoop.hive.metastore.ObjectStore.rollbackTransaction(ObjectStore.java:652)
	at org.apache.hadoop.hive.metastore.ObjectStore.rollbackAndCleanup(ObjectStore.java:12974)
	at org.apache.hadoop.hive.metastore.ObjectStore.getDatabases(ObjectStore.java:1007)
	at sun.reflect.GeneratedMethodAccessor157.invoke(Unknown Source)
	at sun.reflect.DelegatingMethodAccessorImpl.invoke(DelegatingMethodAccessorImpl.java:43)
	at java.lang.reflect.Method.invoke(Method.java:498)
	at org.apache.hadoop.hive.metastore.RawStoreProxy.invoke(RawStoreProxy.java:97)
	at com.sun.proxy.$Proxy32.getDatabases(Unknown Source)
	at org.apache.hadoop.hive.metastore.HMSHandler.get_databases(HMSHandler.java:1895)
	at sun.reflect.GeneratedMethodAccessor156.invoke(Unknown Source)
	at sun.reflect.DelegatingMethodAccessorImpl.invoke(DelegatingMethodAccessorImpl.java:43)
	at java.lang.reflect.Method.invoke(Method.java:498)
	at org.apache.hadoop.hive.metastore.RetryingHMSHandler.invokeInternal(RetryingHMSHandler.java:147)
	at org.apache.hadoop.hive.metastore.RetryingHMSHandler.invoke(RetryingHMSHandler.java:108)
	at com.sun.proxy.$Proxy34.get_databases(Unknown Source)
	at org.apache.hadoop.hive.metastore.api.ThriftHiveMetastore$Processor$get_databases.getResult(ThriftHiveMetastore.java:18318)
	at org.apache.hadoop.hive.metastore.api.ThriftHiveMetastore$Processor$get_databases.getResult(ThriftHiveMetastore.java:18297)
	at org.apache.thrift.ProcessFunction.process(ProcessFunction.java:38)
	at org.apache.hadoop.hive.metastore.TUGIBasedProcessor$1.run(TUGIBasedProcessor.java:111)
	at org.apache.hadoop.hive.metastore.TUGIBasedProcessor$1.run(TUGIBasedProcessor.java:107)
	at java.security.AccessController.doPrivileged(Native Method)
	at javax.security.auth.Subject.doAs(Subject.java:422)
	at org.apache.hadoop.security.UserGroupInformation.doAs(UserGroupInformation.java:1682)
	at org.apache.hadoop.hive.metastore.TUGIBasedProcessor.process(TUGIBasedProcessor.java:119)
	at org.apache.thrift.server.TThreadPoolServer$WorkerProcess.run(TThreadPoolServer.java:248)
	at java.util.concurrent.ThreadPoolExecutor.runWorker(ThreadPoolExecutor.java:1149)
	at java.util.concurrent.ThreadPoolExecutor$Worker.run(ThreadPoolExecutor.java:624)
	at java.lang.Thread.run(Thread.java:750)

2024-04-24T12:08:32,725  INFO [TThreadPoolServer WorkerProcess-%d] HiveMetaStore.audit: ugi=alex	ip=127.0.0.1	cmd=source:127.0.0.1 get_databases: @hive#NonExistentDatabaseUsedForHealthCheck	
2024-04-24T12:08:32,726 ERROR [TThreadPoolServer WorkerProcess-%d] metastore.RetryingHMSHandler: Retrying HMSHandler after 2000 ms (attempt 9 of 10) with error: javax.jdo.JDOFatalUserException: Persistence Manager has been closed
	at org.datanucleus.api.jdo.JDOPersistenceManager.assertIsOpen(JDOPersistenceManager.java:2235)
	at org.datanucleus.api.jdo.JDOPersistenceManager.evictAll(JDOPersistenceManager.java:481)
	at org.apache.hadoop.hive.metastore.ObjectStore.rollbackTransaction(ObjectStore.java:652)
	at org.apache.hadoop.hive.metastore.ObjectStore.rollbackAndCleanup(ObjectStore.java:12974)
	at org.apache.hadoop.hive.metastore.ObjectStore.getDatabases(ObjectStore.java:1007)
	at sun.reflect.GeneratedMethodAccessor157.invoke(Unknown Source)
	at sun.reflect.DelegatingMethodAccessorImpl.invoke(DelegatingMethodAccessorImpl.java:43)
	at java.lang.reflect.Method.invoke(Method.java:498)
	at org.apache.hadoop.hive.metastore.RawStoreProxy.invoke(RawStoreProxy.java:97)
	at com.sun.proxy.$Proxy32.getDatabases(Unknown Source)
	at org.apache.hadoop.hive.metastore.HMSHandler.get_databases(HMSHandler.java:1895)
	at sun.reflect.GeneratedMethodAccessor156.invoke(Unknown Source)
	at sun.reflect.DelegatingMethodAccessorImpl.invoke(DelegatingMethodAccessorImpl.java:43)
	at java.lang.reflect.Method.invoke(Method.java:498)
	at org.apache.hadoop.hive.metastore.RetryingHMSHandler.invokeInternal(RetryingHMSHandler.java:147)
	at org.apache.hadoop.hive.metastore.RetryingHMSHandler.invoke(RetryingHMSHandler.java:108)
	at com.sun.proxy.$Proxy34.get_databases(Unknown Source)
	at org.apache.hadoop.hive.metastore.api.ThriftHiveMetastore$Processor$get_databases.getResult(ThriftHiveMetastore.java:18318)
	at org.apache.hadoop.hive.metastore.api.ThriftHiveMetastore$Processor$get_databases.getResult(ThriftHiveMetastore.java:18297)
	at org.apache.thrift.ProcessFunction.process(ProcessFunction.java:38)
	at org.apache.hadoop.hive.metastore.TUGIBasedProcessor$1.run(TUGIBasedProcessor.java:111)
	at org.apache.hadoop.hive.metastore.TUGIBasedProcessor$1.run(TUGIBasedProcessor.java:107)
	at java.security.AccessController.doPrivileged(Native Method)
	at javax.security.auth.Subject.doAs(Subject.java:422)
	at org.apache.hadoop.security.UserGroupInformation.doAs(UserGroupInformation.java:1682)
	at org.apache.hadoop.hive.metastore.TUGIBasedProcessor.process(TUGIBasedProcessor.java:119)
	at org.apache.thrift.server.TThreadPoolServer$WorkerProcess.run(TThreadPoolServer.java:248)
	at java.util.concurrent.ThreadPoolExecutor.runWorker(ThreadPoolExecutor.java:1149)
	at java.util.concurrent.ThreadPoolExecutor$Worker.run(ThreadPoolExecutor.java:624)
	at java.lang.Thread.run(Thread.java:750)

2024-04-24T12:08:34,726  INFO [TThreadPoolServer WorkerProcess-%d] HiveMetaStore.audit: ugi=alex	ip=127.0.0.1	cmd=source:127.0.0.1 get_databases: @hive#NonExistentDatabaseUsedForHealthCheck	
2024-04-24T12:08:34,727 ERROR [TThreadPoolServer WorkerProcess-%d] metastore.RetryingHMSHandler: Retrying HMSHandler after 2000 ms (attempt 10 of 10) with error: javax.jdo.JDOFatalUserException: Persistence Manager has been closed
	at org.datanucleus.api.jdo.JDOPersistenceManager.assertIsOpen(JDOPersistenceManager.java:2235)
	at org.datanucleus.api.jdo.JDOPersistenceManager.evictAll(JDOPersistenceManager.java:481)
	at org.apache.hadoop.hive.metastore.ObjectStore.rollbackTransaction(ObjectStore.java:652)
	at org.apache.hadoop.hive.metastore.ObjectStore.rollbackAndCleanup(ObjectStore.java:12974)
	at org.apache.hadoop.hive.metastore.ObjectStore.getDatabases(ObjectStore.java:1007)
	at sun.reflect.GeneratedMethodAccessor157.invoke(Unknown Source)
	at sun.reflect.DelegatingMethodAccessorImpl.invoke(DelegatingMethodAccessorImpl.java:43)
	at java.lang.reflect.Method.invoke(Method.java:498)
	at org.apache.hadoop.hive.metastore.RawStoreProxy.invoke(RawStoreProxy.java:97)
	at com.sun.proxy.$Proxy32.getDatabases(Unknown Source)
	at org.apache.hadoop.hive.metastore.HMSHandler.get_databases(HMSHandler.java:1895)
	at sun.reflect.GeneratedMethodAccessor156.invoke(Unknown Source)
	at sun.reflect.DelegatingMethodAccessorImpl.invoke(DelegatingMethodAccessorImpl.java:43)
	at java.lang.reflect.Method.invoke(Method.java:498)
	at org.apache.hadoop.hive.metastore.RetryingHMSHandler.invokeInternal(RetryingHMSHandler.java:147)
	at org.apache.hadoop.hive.metastore.RetryingHMSHandler.invoke(RetryingHMSHandler.java:108)
	at com.sun.proxy.$Proxy34.get_databases(Unknown Source)
	at org.apache.hadoop.hive.metastore.api.ThriftHiveMetastore$Processor$get_databases.getResult(ThriftHiveMetastore.java:18318)
	at org.apache.hadoop.hive.metastore.api.ThriftHiveMetastore$Processor$get_databases.getResult(ThriftHiveMetastore.java:18297)
	at org.apache.thrift.ProcessFunction.process(ProcessFunction.java:38)
	at org.apache.hadoop.hive.metastore.TUGIBasedProcessor$1.run(TUGIBasedProcessor.java:111)
	at org.apache.hadoop.hive.metastore.TUGIBasedProcessor$1.run(TUGIBasedProcessor.java:107)
	at java.security.AccessController.doPrivileged(Native Method)
	at javax.security.auth.Subject.doAs(Subject.java:422)
	at org.apache.hadoop.security.UserGroupInformation.doAs(UserGroupInformation.java:1682)
	at org.apache.hadoop.hive.metastore.TUGIBasedProcessor.process(TUGIBasedProcessor.java:119)
	at org.apache.thrift.server.TThreadPoolServer$WorkerProcess.run(TThreadPoolServer.java:248)
	at java.util.concurrent.ThreadPoolExecutor.runWorker(ThreadPoolExecutor.java:1149)
	at java.util.concurrent.ThreadPoolExecutor$Worker.run(ThreadPoolExecutor.java:624)
	at java.lang.Thread.run(Thread.java:750)

2024-04-24T12:08:36,728  INFO [TThreadPoolServer WorkerProcess-%d] HiveMetaStore.audit: ugi=alex	ip=127.0.0.1	cmd=source:127.0.0.1 get_databases: @hive#NonExistentDatabaseUsedForHealthCheck	
2024-04-24T12:08:36,728 ERROR [TThreadPoolServer WorkerProcess-%d] metastore.RetryingHMSHandler: HMSHandler Fatal error: javax.jdo.JDOFatalUserException: Persistence Manager has been closed
	at org.datanucleus.api.jdo.JDOPersistenceManager.assertIsOpen(JDOPersistenceManager.java:2235)
	at org.datanucleus.api.jdo.JDOPersistenceManager.evictAll(JDOPersistenceManager.java:481)
	at org.apache.hadoop.hive.metastore.ObjectStore.rollbackTransaction(ObjectStore.java:652)
	at org.apache.hadoop.hive.metastore.ObjectStore.rollbackAndCleanup(ObjectStore.java:12974)
	at org.apache.hadoop.hive.metastore.ObjectStore.getDatabases(ObjectStore.java:1007)
	at sun.reflect.GeneratedMethodAccessor157.invoke(Unknown Source)
	at sun.reflect.DelegatingMethodAccessorImpl.invoke(DelegatingMethodAccessorImpl.java:43)
	at java.lang.reflect.Method.invoke(Method.java:498)
	at org.apache.hadoop.hive.metastore.RawStoreProxy.invoke(RawStoreProxy.java:97)
	at com.sun.proxy.$Proxy32.getDatabases(Unknown Source)
	at org.apache.hadoop.hive.metastore.HMSHandler.get_databases(HMSHandler.java:1895)
	at sun.reflect.GeneratedMethodAccessor156.invoke(Unknown Source)
	at sun.reflect.DelegatingMethodAccessorImpl.invoke(DelegatingMethodAccessorImpl.java:43)
	at java.lang.reflect.Method.invoke(Method.java:498)
	at org.apache.hadoop.hive.metastore.RetryingHMSHandler.invokeInternal(RetryingHMSHandler.java:147)
	at org.apache.hadoop.hive.metastore.RetryingHMSHandler.invoke(RetryingHMSHandler.java:108)
	at com.sun.proxy.$Proxy34.get_databases(Unknown Source)
	at org.apache.hadoop.hive.metastore.api.ThriftHiveMetastore$Processor$get_databases.getResult(ThriftHiveMetastore.java:18318)
	at org.apache.hadoop.hive.metastore.api.ThriftHiveMetastore$Processor$get_databases.getResult(ThriftHiveMetastore.java:18297)
	at org.apache.thrift.ProcessFunction.process(ProcessFunction.java:38)
	at org.apache.hadoop.hive.metastore.TUGIBasedProcessor$1.run(TUGIBasedProcessor.java:111)
	at org.apache.hadoop.hive.metastore.TUGIBasedProcessor$1.run(TUGIBasedProcessor.java:107)
	at java.security.AccessController.doPrivileged(Native Method)
	at javax.security.auth.Subject.doAs(Subject.java:422)
	at org.apache.hadoop.security.UserGroupInformation.doAs(UserGroupInformation.java:1682)
	at org.apache.hadoop.hive.metastore.TUGIBasedProcessor.process(TUGIBasedProcessor.java:119)
	at org.apache.thrift.server.TThreadPoolServer$WorkerProcess.run(TThreadPoolServer.java:248)
	at java.util.concurrent.ThreadPoolExecutor.runWorker(ThreadPoolExecutor.java:1149)
	at java.util.concurrent.ThreadPoolExecutor$Worker.run(ThreadPoolExecutor.java:624)
	at java.lang.Thread.run(Thread.java:750)

2024-04-24T12:08:36,728  WARN [main] metastore.HiveMetaStoreClient: Evicted client has non-zero user count: 3
2024-04-24T12:08:36,728  WARN [main] metastore.HiveMetaStoreClient: Non-zero user count preventing client tear down: users=3 expired=true
2024-04-24T12:08:36,729  WARN [main] metastore.HiveMetaStoreClient: Non-zero user count preventing client tear down: users=2 expired=true
2024-04-24T12:08:36,729  INFO [main] metastore.HiveMetaStoreClient: HMS client filtering is enabled.
2024-04-24T12:08:36,729  INFO [main] metastore.HiveMetaStoreClient: Resolved metastore uris: [thrift://localhost:34877]
2024-04-24T12:08:36,730  INFO [main] metastore.HiveMetaStoreClient: Trying to connect to metastore with URI (thrift://localhost:34877)
2024-04-24T12:08:36,730  INFO [main] metastore.HiveMetaStoreClient: Opened a connection to metastore, URI (thrift://localhost:34877) current connections: 5
2024-04-24T12:08:36,731  INFO [main] metastore.RetryingMetaStoreClient: RetryingMetaStoreClient proxy=class org.apache.hive.hcatalog.common.HiveClientCache$CacheableHiveMetaStoreClient ugi=alex (auth:SIMPLE) retries=1 delay=1 lifetime=0
2024-04-24T12:08:36,731  INFO [TThreadPoolServer WorkerProcess-%d] HiveMetaStore.audit: ugi=alex	ip=127.0.0.1	cmd=source:127.0.0.1 get_database: myDb	
2024-04-24T12:08:36,732  INFO [TThreadPoolServer WorkerProcess-%d] metastore.HMSHandler: 11: Opening raw store with implementation class:org.apache.hadoop.hive.metastore.ObjectStore
2024-04-24T12:08:36,732  INFO [TThreadPoolServer WorkerProcess-%d] metastore.PersistenceManagerProvider: Configuration datanucleus.autoStartMechanismMode is not set. Defaulting to 'ignored'
2024-04-24T12:08:36,733  INFO [TThreadPoolServer WorkerProcess-%d] metastore.PersistenceManagerProvider: Updating the pmf due to property change
2024-04-24T12:08:36,735  WARN [TThreadPoolServer WorkerProcess-%d] hikari.HikariConfig: HikariPool-10 - leakDetectionThreshold is less than 2000ms or more than maxLifetime, disabling it.
2024-04-24T12:08:36,736  INFO [TThreadPoolServer WorkerProcess-%d] hikari.HikariDataSource: HikariPool-10 - Starting...
2024-04-24T12:08:36,737  INFO [TThreadPoolServer WorkerProcess-%d] pool.PoolBase: HikariPool-10 - Driver does not support get/set network timeout for connections. (Feature not implemented: No details.)
2024-04-24T12:08:36,738  INFO [TThreadPoolServer WorkerProcess-%d] hikari.HikariDataSource: HikariPool-10 - Start completed.
2024-04-24T12:08:38,094  INFO [TThreadPoolServer WorkerProcess-%d] metastore.PersistenceManagerProvider: Setting MetaStore object pin classes with hive.metastore.cache.pinobjtypes="Table,StorageDescriptor,SerDeInfo,Partition,Database,Type,FieldSchema,Order"
2024-04-24T12:08:38,094  INFO [TThreadPoolServer WorkerProcess-%d] metastore.ObjectStore: RawStore: org.apache.hadoop.hive.metastore.ObjectStore@1ad1217b, with PersistenceManager: null will be shutdown
2024-04-24T12:08:38,095  INFO [TThreadPoolServer WorkerProcess-%d] metastore.ObjectStore: RawStore: org.apache.hadoop.hive.metastore.ObjectStore@1ad1217b, with PersistenceManager: org.datanucleus.api.jdo.JDOPersistenceManager@655c6667 created in the thread with id: 202
2024-04-24T12:08:38,549  WARN [Finalizer] metastore.HiveMetaStoreClient: Closing client with non-zero user count: users=2 expired=true
2024-04-24T12:08:38,549  INFO [TThreadPoolServer WorkerProcess-%d] HiveMetaStore.audit: ugi=alex	ip=127.0.0.1	cmd=Cleaning up thread local RawStore...	
2024-04-24T12:08:38,549  INFO [TThreadPoolServer WorkerProcess-%d] metastore.ObjectStore: RawStore: org.apache.hadoop.hive.metastore.ObjectStore@63c5180a, with PersistenceManager: org.datanucleus.api.jdo.JDOPersistenceManager@77c3fd54 will be shutdown
2024-04-24T12:08:38,549  INFO [TThreadPoolServer WorkerProcess-%d] HiveMetaStore.audit: ugi=alex	ip=127.0.0.1	cmd=Done cleaning up thread local RawStore	
2024-04-24T12:08:38,550  INFO [Finalizer] metastore.HiveMetaStoreClient: Closed a connection to metastore, current connections: 4
2024-04-24T12:08:38,550  INFO [TThreadPoolServer WorkerProcess-%d] HiveMetaStore.audit: ugi=alex	ip=127.0.0.1	cmd=Done cleaning up thread local RawStore	
2024-04-24T12:08:39,051  INFO [TThreadPoolServer WorkerProcess-%d] metastore.HMSHandler: Created RawStore: org.apache.hadoop.hive.metastore.ObjectStore@1ad1217b from thread id: 202
2024-04-24T12:08:39,054  INFO [TThreadPoolServer WorkerProcess-%d] HiveMetaStore.audit: ugi=alex	ip=127.0.0.1	cmd=source:127.0.0.1 get_tables_by_type: db=@hive#myDb pat=.*,type=MATERIALIZED_VIEW	
2024-04-24T12:08:39,054  INFO [TThreadPoolServer WorkerProcess-%d] HiveMetaStore.audit: ugi=alex	ip=127.0.0.1	cmd=source:127.0.0.1 getTablesByTypeCore: catName=hive: db=myDb pat=.*,type=MATERIALIZED_VIEW	
2024-04-24T12:08:39,058  INFO [TThreadPoolServer WorkerProcess-%d] HiveMetaStore.audit: ugi=alex	ip=127.0.0.1	cmd=source:127.0.0.1 get_all_tables: db=@hive#myDb	
2024-04-24T12:08:39,062  INFO [TThreadPoolServer WorkerProcess-%d] HiveMetaStore.audit: ugi=alex	ip=127.0.0.1	cmd=source:127.0.0.1 get_multi_table : db=myDb tbls=mytable	
2024-04-24T12:08:39,067  INFO [TThreadPoolServer WorkerProcess-%d] HiveMetaStore.audit: ugi=alex	ip=127.0.0.1	cmd=source:127.0.0.1 drop_database: @hive#myDb	
2024-04-24T12:08:39,068  INFO [TThreadPoolServer WorkerProcess-%d] HiveMetaStore.audit: ugi=alex	ip=127.0.0.1	cmd=source:127.0.0.1 get_all_tables: db=@hive#myDb	
2024-04-24T12:08:39,068  INFO [TThreadPoolServer WorkerProcess-%d] HiveMetaStore.audit: ugi=alex	ip=127.0.0.1	cmd=source:127.0.0.1 get_functions: db=@hive#myDb pat=*	
2024-04-24T12:08:39,081  INFO [TThreadPoolServer WorkerProcess-%d] HiveMetaStore.audit: ugi=alex	ip=127.0.0.1	cmd=source:127.0.0.1 get_all_stored_procedures	
2024-04-24T12:08:39,089  INFO [TThreadPoolServer WorkerProcess-%d] HiveMetaStore.audit: ugi=alex	ip=127.0.0.1	cmd=source:127.0.0.1 get_all_packages	
2024-04-24T12:08:39,125  INFO [TThreadPoolServer WorkerProcess-%d] HiveMetaStore.audit: ugi=alex	ip=127.0.0.1	cmd=source:127.0.0.1 getTablesByTypeCore: catName=hive: db=myDb pat=.*,type=MATERIALIZED_VIEW	
2024-04-24T12:08:39,127  INFO [TThreadPoolServer WorkerProcess-%d] metastore.ObjectStore: Dropping database hive.myDb along with all tables
2024-04-24T12:08:39,165 ERROR [TThreadPoolServer WorkerProcess-%d] metastore.RetryingHMSHandler: Retrying HMSHandler after 2000 ms (attempt 1 of 10) with error: javax.jdo.JDODataStoreException: Exception thrown flushing changes to datastore
	at org.datanucleus.api.jdo.NucleusJDOHelper.getJDOExceptionForNucleusException(NucleusJDOHelper.java:542)
	at org.datanucleus.api.jdo.JDOPersistenceManager.flush(JDOPersistenceManager.java:2081)
	at org.apache.hadoop.hive.metastore.ObjectStore.addNotificationEvent(ObjectStore.java:11639)
	at sun.reflect.GeneratedMethodAccessor68.invoke(Unknown Source)
	at sun.reflect.DelegatingMethodAccessorImpl.invoke(DelegatingMethodAccessorImpl.java:43)
	at java.lang.reflect.Method.invoke(Method.java:498)
	at org.apache.hadoop.hive.metastore.RawStoreProxy.invoke(RawStoreProxy.java:97)
	at com.sun.proxy.$Proxy32.addNotificationEvent(Unknown Source)
	at org.apache.hive.hcatalog.listener.DbNotificationListener.process(DbNotificationListener.java:1403)
	at org.apache.hive.hcatalog.listener.DbNotificationListener.onDropDatabase(DbNotificationListener.java:513)
	at org.apache.hadoop.hive.metastore.MetaStoreListenerNotifier$26.notify(MetaStoreListenerNotifier.java:99)
	at org.apache.hadoop.hive.metastore.MetaStoreListenerNotifier.notifyEvent(MetaStoreListenerNotifier.java:339)
	at org.apache.hadoop.hive.metastore.HMSHandler.drop_database_core(HMSHandler.java:1785)
	at org.apache.hadoop.hive.metastore.HMSHandler.drop_database(HMSHandler.java:1869)
	at sun.reflect.GeneratedMethodAccessor74.invoke(Unknown Source)
	at sun.reflect.DelegatingMethodAccessorImpl.invoke(DelegatingMethodAccessorImpl.java:43)
	at java.lang.reflect.Method.invoke(Method.java:498)
	at org.apache.hadoop.hive.metastore.RetryingHMSHandler.invokeInternal(RetryingHMSHandler.java:147)
	at org.apache.hadoop.hive.metastore.RetryingHMSHandler.invoke(RetryingHMSHandler.java:108)
	at com.sun.proxy.$Proxy34.drop_database(Unknown Source)
	at org.apache.hadoop.hive.metastore.api.ThriftHiveMetastore$Processor$drop_database.getResult(ThriftHiveMetastore.java:18285)
	at org.apache.hadoop.hive.metastore.api.ThriftHiveMetastore$Processor$drop_database.getResult(ThriftHiveMetastore.java:18264)
	at org.apache.thrift.ProcessFunction.process(ProcessFunction.java:38)
	at org.apache.hadoop.hive.metastore.TUGIBasedProcessor$1.run(TUGIBasedProcessor.java:111)
	at org.apache.hadoop.hive.metastore.TUGIBasedProcessor$1.run(TUGIBasedProcessor.java:107)
	at java.security.AccessController.doPrivileged(Native Method)
	at javax.security.auth.Subject.doAs(Subject.java:422)
	at org.apache.hadoop.security.UserGroupInformation.doAs(UserGroupInformation.java:1682)
	at org.apache.hadoop.hive.metastore.TUGIBasedProcessor.process(TUGIBasedProcessor.java:119)
	at org.apache.thrift.server.TThreadPoolServer$WorkerProcess.run(TThreadPoolServer.java:248)
	at java.util.concurrent.ThreadPoolExecutor.runWorker(ThreadPoolExecutor.java:1149)
	at java.util.concurrent.ThreadPoolExecutor$Worker.run(ThreadPoolExecutor.java:624)
	at java.lang.Thread.run(Thread.java:750)
NestedThrowablesStackTrace:
java.sql.BatchUpdateException: DELETE on table 'DBS' caused a violation of foreign key constraint 'TBLS_FK1' for key (11).  The statement has been rolled back.
	at org.apache.derby.impl.jdbc.EmbedStatement.executeLargeBatch(Unknown Source)
	at org.apache.derby.impl.jdbc.EmbedStatement.executeBatch(Unknown Source)
	at com.zaxxer.hikari.pool.ProxyStatement.executeBatch(ProxyStatement.java:128)
	at com.zaxxer.hikari.pool.HikariProxyPreparedStatement.executeBatch(HikariProxyPreparedStatement.java)
	at org.datanucleus.store.rdbms.ParamLoggingPreparedStatement.executeBatch(ParamLoggingPreparedStatement.java:366)
	at org.datanucleus.store.rdbms.SQLController.processConnectionStatement(SQLController.java:675)
	at org.datanucleus.store.rdbms.SQLController.processStatementsForConnection(SQLController.java:643)
	at org.datanucleus.store.rdbms.SQLController$1.transactionFlushed(SQLController.java:729)
	at org.datanucleus.store.connection.AbstractManagedConnection.transactionFlushed(AbstractManagedConnection.java:95)
	at org.datanucleus.store.connection.ConnectionManagerImpl$2.transactionFlushed(ConnectionManagerImpl.java:528)
	at org.datanucleus.TransactionImpl.flush(TransactionImpl.java:222)
	at org.datanucleus.ExecutionContextImpl.flushInternal(ExecutionContextImpl.java:4068)
	at org.datanucleus.ExecutionContextThreadedImpl.flushInternal(ExecutionContextThreadedImpl.java:448)
	at org.datanucleus.ExecutionContextImpl.flush(ExecutionContextImpl.java:4009)
	at org.datanucleus.ExecutionContextThreadedImpl.flush(ExecutionContextThreadedImpl.java:434)
	at org.datanucleus.api.jdo.JDOPersistenceManager.flush(JDOPersistenceManager.java:2064)
	at org.apache.hadoop.hive.metastore.ObjectStore.addNotificationEvent(ObjectStore.java:11639)
	at sun.reflect.GeneratedMethodAccessor68.invoke(Unknown Source)
	at sun.reflect.DelegatingMethodAccessorImpl.invoke(DelegatingMethodAccessorImpl.java:43)
	at java.lang.reflect.Method.invoke(Method.java:498)
	at org.apache.hadoop.hive.metastore.RawStoreProxy.invoke(RawStoreProxy.java:97)
	at com.sun.proxy.$Proxy32.addNotificationEvent(Unknown Source)
	at org.apache.hive.hcatalog.listener.DbNotificationListener.process(DbNotificationListener.java:1403)
	at org.apache.hive.hcatalog.listener.DbNotificationListener.onDropDatabase(DbNotificationListener.java:513)
	at org.apache.hadoop.hive.metastore.MetaStoreListenerNotifier$26.notify(MetaStoreListenerNotifier.java:99)
	at org.apache.hadoop.hive.metastore.MetaStoreListenerNotifier.notifyEvent(MetaStoreListenerNotifier.java:339)
	at org.apache.hadoop.hive.metastore.HMSHandler.drop_database_core(HMSHandler.java:1785)
	at org.apache.hadoop.hive.metastore.HMSHandler.drop_database(HMSHandler.java:1869)
	at sun.reflect.GeneratedMethodAccessor74.invoke(Unknown Source)
	at sun.reflect.DelegatingMethodAccessorImpl.invoke(DelegatingMethodAccessorImpl.java:43)
	at java.lang.reflect.Method.invoke(Method.java:498)
	at org.apache.hadoop.hive.metastore.RetryingHMSHandler.invokeInternal(RetryingHMSHandler.java:147)
	at org.apache.hadoop.hive.metastore.RetryingHMSHandler.invoke(RetryingHMSHandler.java:108)
	at com.sun.proxy.$Proxy34.drop_database(Unknown Source)
	at org.apache.hadoop.hive.metastore.api.ThriftHiveMetastore$Processor$drop_database.getResult(ThriftHiveMetastore.java:18285)
	at org.apache.hadoop.hive.metastore.api.ThriftHiveMetastore$Processor$drop_database.getResult(ThriftHiveMetastore.java:18264)
	at org.apache.thrift.ProcessFunction.process(ProcessFunction.java:38)
	at org.apache.hadoop.hive.metastore.TUGIBasedProcessor$1.run(TUGIBasedProcessor.java:111)
	at org.apache.hadoop.hive.metastore.TUGIBasedProcessor$1.run(TUGIBasedProcessor.java:107)
	at java.security.AccessController.doPrivileged(Native Method)
	at javax.security.auth.Subject.doAs(Subject.java:422)
	at org.apache.hadoop.security.UserGroupInformation.doAs(UserGroupInformation.java:1682)
	at org.apache.hadoop.hive.metastore.TUGIBasedProcessor.process(TUGIBasedProcessor.java:119)
	at org.apache.thrift.server.TThreadPoolServer$WorkerProcess.run(TThreadPoolServer.java:248)
	at java.util.concurrent.ThreadPoolExecutor.runWorker(ThreadPoolExecutor.java:1149)
	at java.util.concurrent.ThreadPoolExecutor$Worker.run(ThreadPoolExecutor.java:624)
	at java.lang.Thread.run(Thread.java:750)
Caused by: org.apache.derby.shared.common.error.DerbySQLIntegrityConstraintViolationException: DELETE on table 'DBS' caused a violation of foreign key constraint 'TBLS_FK1' for key (11).  The statement has been rolled back.
	at org.apache.derby.impl.jdbc.SQLExceptionFactory.getSQLException(Unknown Source)
	at org.apache.derby.impl.jdbc.Util.generateCsSQLException(Unknown Source)
	at org.apache.derby.impl.jdbc.TransactionResourceImpl.wrapInSQLException(Unknown Source)
	at org.apache.derby.impl.jdbc.TransactionResourceImpl.handleException(Unknown Source)
	at org.apache.derby.impl.jdbc.EmbedConnection.handleException(Unknown Source)
	at org.apache.derby.impl.jdbc.ConnectionChild.handleException(Unknown Source)
	at org.apache.derby.impl.jdbc.EmbedStatement.executeStatement(Unknown Source)
	at org.apache.derby.impl.jdbc.EmbedPreparedStatement.executeBatchElement(Unknown Source)
	... 47 more
Caused by: ERROR 23503: DELETE on table 'DBS' caused a violation of foreign key constraint 'TBLS_FK1' for key (11).  The statement has been rolled back.
	at org.apache.derby.iapi.error.StandardException.newException(Unknown Source)
	at org.apache.derby.iapi.error.StandardException.newException(Unknown Source)
	at org.apache.derby.impl.sql.execute.ReferencedKeyRIChecker.doCheck(Unknown Source)
	at org.apache.derby.impl.sql.execute.RISetChecker.doPKCheck(Unknown Source)
	at org.apache.derby.impl.sql.execute.DeleteResultSet.collectAffectedRows(Unknown Source)
	at org.apache.derby.impl.sql.execute.DeleteResultSet.open(Unknown Source)
	at org.apache.derby.impl.sql.GenericPreparedStatement.executeStmt(Unknown Source)
	at org.apache.derby.impl.sql.GenericPreparedStatement.execute(Unknown Source)
	... 49 more

2024-04-24T12:08:41,165  INFO [TThreadPoolServer WorkerProcess-%d] HiveMetaStore.audit: ugi=alex	ip=127.0.0.1	cmd=source:127.0.0.1 drop_database: @hive#myDb	
2024-04-24T12:08:41,168  INFO [TThreadPoolServer WorkerProcess-%d] HiveMetaStore.audit: ugi=alex	ip=127.0.0.1	cmd=source:127.0.0.1 get_all_tables: db=@hive#myDb	
2024-04-24T12:08:41,170  INFO [TThreadPoolServer WorkerProcess-%d] HiveMetaStore.audit: ugi=alex	ip=127.0.0.1	cmd=source:127.0.0.1 get_functions: db=@hive#myDb pat=*	
2024-04-24T12:08:41,172  INFO [TThreadPoolServer WorkerProcess-%d] HiveMetaStore.audit: ugi=alex	ip=127.0.0.1	cmd=source:127.0.0.1 get_all_stored_procedures	
2024-04-24T12:08:41,172  INFO [TThreadPoolServer WorkerProcess-%d] HiveMetaStore.audit: ugi=alex	ip=127.0.0.1	cmd=source:127.0.0.1 get_all_packages	
2024-04-24T12:08:41,173  INFO [TThreadPoolServer WorkerProcess-%d] HiveMetaStore.audit: ugi=alex	ip=127.0.0.1	cmd=source:127.0.0.1 getTablesByTypeCore: catName=hive: db=myDb pat=.*,type=MATERIALIZED_VIEW	
2024-04-24T12:08:41,175  INFO [TThreadPoolServer WorkerProcess-%d] metastore.ObjectStore: Dropping database hive.myDb along with all tables
2024-04-24T12:08:41,179 ERROR [TThreadPoolServer WorkerProcess-%d] metastore.RetryingHMSHandler: Retrying HMSHandler after 2000 ms (attempt 2 of 10) with error: javax.jdo.JDODataStoreException: Exception thrown flushing changes to datastore
	at org.datanucleus.api.jdo.NucleusJDOHelper.getJDOExceptionForNucleusException(NucleusJDOHelper.java:542)
	at org.datanucleus.api.jdo.JDOPersistenceManager.flush(JDOPersistenceManager.java:2081)
	at org.apache.hadoop.hive.metastore.ObjectStore.addNotificationEvent(ObjectStore.java:11639)
	at sun.reflect.GeneratedMethodAccessor68.invoke(Unknown Source)
	at sun.reflect.DelegatingMethodAccessorImpl.invoke(DelegatingMethodAccessorImpl.java:43)
	at java.lang.reflect.Method.invoke(Method.java:498)
	at org.apache.hadoop.hive.metastore.RawStoreProxy.invoke(RawStoreProxy.java:97)
	at com.sun.proxy.$Proxy32.addNotificationEvent(Unknown Source)
	at org.apache.hive.hcatalog.listener.DbNotificationListener.process(DbNotificationListener.java:1403)
	at org.apache.hive.hcatalog.listener.DbNotificationListener.onDropDatabase(DbNotificationListener.java:513)
	at org.apache.hadoop.hive.metastore.MetaStoreListenerNotifier$26.notify(MetaStoreListenerNotifier.java:99)
	at org.apache.hadoop.hive.metastore.MetaStoreListenerNotifier.notifyEvent(MetaStoreListenerNotifier.java:339)
	at org.apache.hadoop.hive.metastore.HMSHandler.drop_database_core(HMSHandler.java:1785)
	at org.apache.hadoop.hive.metastore.HMSHandler.drop_database(HMSHandler.java:1869)
	at sun.reflect.GeneratedMethodAccessor74.invoke(Unknown Source)
	at sun.reflect.DelegatingMethodAccessorImpl.invoke(DelegatingMethodAccessorImpl.java:43)
	at java.lang.reflect.Method.invoke(Method.java:498)
	at org.apache.hadoop.hive.metastore.RetryingHMSHandler.invokeInternal(RetryingHMSHandler.java:147)
	at org.apache.hadoop.hive.metastore.RetryingHMSHandler.invoke(RetryingHMSHandler.java:108)
	at com.sun.proxy.$Proxy34.drop_database(Unknown Source)
	at org.apache.hadoop.hive.metastore.api.ThriftHiveMetastore$Processor$drop_database.getResult(ThriftHiveMetastore.java:18285)
	at org.apache.hadoop.hive.metastore.api.ThriftHiveMetastore$Processor$drop_database.getResult(ThriftHiveMetastore.java:18264)
	at org.apache.thrift.ProcessFunction.process(ProcessFunction.java:38)
	at org.apache.hadoop.hive.metastore.TUGIBasedProcessor$1.run(TUGIBasedProcessor.java:111)
	at org.apache.hadoop.hive.metastore.TUGIBasedProcessor$1.run(TUGIBasedProcessor.java:107)
	at java.security.AccessController.doPrivileged(Native Method)
	at javax.security.auth.Subject.doAs(Subject.java:422)
	at org.apache.hadoop.security.UserGroupInformation.doAs(UserGroupInformation.java:1682)
	at org.apache.hadoop.hive.metastore.TUGIBasedProcessor.process(TUGIBasedProcessor.java:119)
	at org.apache.thrift.server.TThreadPoolServer$WorkerProcess.run(TThreadPoolServer.java:248)
	at java.util.concurrent.ThreadPoolExecutor.runWorker(ThreadPoolExecutor.java:1149)
	at java.util.concurrent.ThreadPoolExecutor$Worker.run(ThreadPoolExecutor.java:624)
	at java.lang.Thread.run(Thread.java:750)
NestedThrowablesStackTrace:
java.sql.BatchUpdateException: DELETE on table 'DBS' caused a violation of foreign key constraint 'TBLS_FK1' for key (11).  The statement has been rolled back.
	at org.apache.derby.impl.jdbc.EmbedStatement.executeLargeBatch(Unknown Source)
	at org.apache.derby.impl.jdbc.EmbedStatement.executeBatch(Unknown Source)
	at com.zaxxer.hikari.pool.ProxyStatement.executeBatch(ProxyStatement.java:128)
	at com.zaxxer.hikari.pool.HikariProxyPreparedStatement.executeBatch(HikariProxyPreparedStatement.java)
	at org.datanucleus.store.rdbms.ParamLoggingPreparedStatement.executeBatch(ParamLoggingPreparedStatement.java:366)
	at org.datanucleus.store.rdbms.SQLController.processConnectionStatement(SQLController.java:675)
	at org.datanucleus.store.rdbms.SQLController.processStatementsForConnection(SQLController.java:643)
	at org.datanucleus.store.rdbms.SQLController$1.transactionFlushed(SQLController.java:729)
	at org.datanucleus.store.connection.AbstractManagedConnection.transactionFlushed(AbstractManagedConnection.java:95)
	at org.datanucleus.store.connection.ConnectionManagerImpl$2.transactionFlushed(ConnectionManagerImpl.java:528)
	at org.datanucleus.TransactionImpl.flush(TransactionImpl.java:222)
	at org.datanucleus.ExecutionContextImpl.flushInternal(ExecutionContextImpl.java:4068)
	at org.datanucleus.ExecutionContextThreadedImpl.flushInternal(ExecutionContextThreadedImpl.java:448)
	at org.datanucleus.ExecutionContextImpl.flush(ExecutionContextImpl.java:4009)
	at org.datanucleus.ExecutionContextThreadedImpl.flush(ExecutionContextThreadedImpl.java:434)
	at org.datanucleus.api.jdo.JDOPersistenceManager.flush(JDOPersistenceManager.java:2064)
	at org.apache.hadoop.hive.metastore.ObjectStore.addNotificationEvent(ObjectStore.java:11639)
	at sun.reflect.GeneratedMethodAccessor68.invoke(Unknown Source)
	at sun.reflect.DelegatingMethodAccessorImpl.invoke(DelegatingMethodAccessorImpl.java:43)
	at java.lang.reflect.Method.invoke(Method.java:498)
	at org.apache.hadoop.hive.metastore.RawStoreProxy.invoke(RawStoreProxy.java:97)
	at com.sun.proxy.$Proxy32.addNotificationEvent(Unknown Source)
	at org.apache.hive.hcatalog.listener.DbNotificationListener.process(DbNotificationListener.java:1403)
	at org.apache.hive.hcatalog.listener.DbNotificationListener.onDropDatabase(DbNotificationListener.java:513)
	at org.apache.hadoop.hive.metastore.MetaStoreListenerNotifier$26.notify(MetaStoreListenerNotifier.java:99)
	at org.apache.hadoop.hive.metastore.MetaStoreListenerNotifier.notifyEvent(MetaStoreListenerNotifier.java:339)
	at org.apache.hadoop.hive.metastore.HMSHandler.drop_database_core(HMSHandler.java:1785)
	at org.apache.hadoop.hive.metastore.HMSHandler.drop_database(HMSHandler.java:1869)
	at sun.reflect.GeneratedMethodAccessor74.invoke(Unknown Source)
	at sun.reflect.DelegatingMethodAccessorImpl.invoke(DelegatingMethodAccessorImpl.java:43)
	at java.lang.reflect.Method.invoke(Method.java:498)
	at org.apache.hadoop.hive.metastore.RetryingHMSHandler.invokeInternal(RetryingHMSHandler.java:147)
	at org.apache.hadoop.hive.metastore.RetryingHMSHandler.invoke(RetryingHMSHandler.java:108)
	at com.sun.proxy.$Proxy34.drop_database(Unknown Source)
	at org.apache.hadoop.hive.metastore.api.ThriftHiveMetastore$Processor$drop_database.getResult(ThriftHiveMetastore.java:18285)
	at org.apache.hadoop.hive.metastore.api.ThriftHiveMetastore$Processor$drop_database.getResult(ThriftHiveMetastore.java:18264)
	at org.apache.thrift.ProcessFunction.process(ProcessFunction.java:38)
	at org.apache.hadoop.hive.metastore.TUGIBasedProcessor$1.run(TUGIBasedProcessor.java:111)
	at org.apache.hadoop.hive.metastore.TUGIBasedProcessor$1.run(TUGIBasedProcessor.java:107)
	at java.security.AccessController.doPrivileged(Native Method)
	at javax.security.auth.Subject.doAs(Subject.java:422)
	at org.apache.hadoop.security.UserGroupInformation.doAs(UserGroupInformation.java:1682)
	at org.apache.hadoop.hive.metastore.TUGIBasedProcessor.process(TUGIBasedProcessor.java:119)
	at org.apache.thrift.server.TThreadPoolServer$WorkerProcess.run(TThreadPoolServer.java:248)
	at java.util.concurrent.ThreadPoolExecutor.runWorker(ThreadPoolExecutor.java:1149)
	at java.util.concurrent.ThreadPoolExecutor$Worker.run(ThreadPoolExecutor.java:624)
	at java.lang.Thread.run(Thread.java:750)
Caused by: org.apache.derby.shared.common.error.DerbySQLIntegrityConstraintViolationException: DELETE on table 'DBS' caused a violation of foreign key constraint 'TBLS_FK1' for key (11).  The statement has been rolled back.
	at org.apache.derby.impl.jdbc.SQLExceptionFactory.getSQLException(Unknown Source)
	at org.apache.derby.impl.jdbc.Util.generateCsSQLException(Unknown Source)
	at org.apache.derby.impl.jdbc.TransactionResourceImpl.wrapInSQLException(Unknown Source)
	at org.apache.derby.impl.jdbc.TransactionResourceImpl.handleException(Unknown Source)
	at org.apache.derby.impl.jdbc.EmbedConnection.handleException(Unknown Source)
	at org.apache.derby.impl.jdbc.ConnectionChild.handleException(Unknown Source)
	at org.apache.derby.impl.jdbc.EmbedStatement.executeStatement(Unknown Source)
	at org.apache.derby.impl.jdbc.EmbedPreparedStatement.executeBatchElement(Unknown Source)
	... 47 more
Caused by: ERROR 23503: DELETE on table 'DBS' caused a violation of foreign key constraint 'TBLS_FK1' for key (11).  The statement has been rolled back.
	at org.apache.derby.iapi.error.StandardException.newException(Unknown Source)
	at org.apache.derby.iapi.error.StandardException.newException(Unknown Source)
	at org.apache.derby.impl.sql.execute.ReferencedKeyRIChecker.doCheck(Unknown Source)
	at org.apache.derby.impl.sql.execute.RISetChecker.doPKCheck(Unknown Source)
	at org.apache.derby.impl.sql.execute.DeleteResultSet.collectAffectedRows(Unknown Source)
	at org.apache.derby.impl.sql.execute.DeleteResultSet.open(Unknown Source)
	at org.apache.derby.impl.sql.GenericPreparedStatement.executeStmt(Unknown Source)
	at org.apache.derby.impl.sql.GenericPreparedStatement.execute(Unknown Source)
	... 49 more

2024-04-24T12:08:43,179  INFO [TThreadPoolServer WorkerProcess-%d] HiveMetaStore.audit: ugi=alex	ip=127.0.0.1	cmd=source:127.0.0.1 drop_database: @hive#myDb	
2024-04-24T12:08:43,182  INFO [TThreadPoolServer WorkerProcess-%d] HiveMetaStore.audit: ugi=alex	ip=127.0.0.1	cmd=source:127.0.0.1 get_all_tables: db=@hive#myDb	
2024-04-24T12:08:43,183  INFO [TThreadPoolServer WorkerProcess-%d] HiveMetaStore.audit: ugi=alex	ip=127.0.0.1	cmd=source:127.0.0.1 get_functions: db=@hive#myDb pat=*	
2024-04-24T12:08:43,184  INFO [TThreadPoolServer WorkerProcess-%d] HiveMetaStore.audit: ugi=alex	ip=127.0.0.1	cmd=source:127.0.0.1 get_all_stored_procedures	
2024-04-24T12:08:43,185  INFO [TThreadPoolServer WorkerProcess-%d] HiveMetaStore.audit: ugi=alex	ip=127.0.0.1	cmd=source:127.0.0.1 get_all_packages	
2024-04-24T12:08:43,185  INFO [TThreadPoolServer WorkerProcess-%d] HiveMetaStore.audit: ugi=alex	ip=127.0.0.1	cmd=source:127.0.0.1 getTablesByTypeCore: catName=hive: db=myDb pat=.*,type=MATERIALIZED_VIEW	
2024-04-24T12:08:43,187  INFO [TThreadPoolServer WorkerProcess-%d] metastore.ObjectStore: Dropping database hive.myDb along with all tables
2024-04-24T12:08:43,190 ERROR [TThreadPoolServer WorkerProcess-%d] metastore.RetryingHMSHandler: Retrying HMSHandler after 2000 ms (attempt 3 of 10) with error: javax.jdo.JDODataStoreException: Exception thrown flushing changes to datastore
	at org.datanucleus.api.jdo.NucleusJDOHelper.getJDOExceptionForNucleusException(NucleusJDOHelper.java:542)
	at org.datanucleus.api.jdo.JDOPersistenceManager.flush(JDOPersistenceManager.java:2081)
	at org.apache.hadoop.hive.metastore.ObjectStore.addNotificationEvent(ObjectStore.java:11639)
	at sun.reflect.GeneratedMethodAccessor68.invoke(Unknown Source)
	at sun.reflect.DelegatingMethodAccessorImpl.invoke(DelegatingMethodAccessorImpl.java:43)
	at java.lang.reflect.Method.invoke(Method.java:498)
	at org.apache.hadoop.hive.metastore.RawStoreProxy.invoke(RawStoreProxy.java:97)
	at com.sun.proxy.$Proxy32.addNotificationEvent(Unknown Source)
	at org.apache.hive.hcatalog.listener.DbNotificationListener.process(DbNotificationListener.java:1403)
	at org.apache.hive.hcatalog.listener.DbNotificationListener.onDropDatabase(DbNotificationListener.java:513)
	at org.apache.hadoop.hive.metastore.MetaStoreListenerNotifier$26.notify(MetaStoreListenerNotifier.java:99)
	at org.apache.hadoop.hive.metastore.MetaStoreListenerNotifier.notifyEvent(MetaStoreListenerNotifier.java:339)
	at org.apache.hadoop.hive.metastore.HMSHandler.drop_database_core(HMSHandler.java:1785)
	at org.apache.hadoop.hive.metastore.HMSHandler.drop_database(HMSHandler.java:1869)
	at sun.reflect.GeneratedMethodAccessor74.invoke(Unknown Source)
	at sun.reflect.DelegatingMethodAccessorImpl.invoke(DelegatingMethodAccessorImpl.java:43)
	at java.lang.reflect.Method.invoke(Method.java:498)
	at org.apache.hadoop.hive.metastore.RetryingHMSHandler.invokeInternal(RetryingHMSHandler.java:147)
	at org.apache.hadoop.hive.metastore.RetryingHMSHandler.invoke(RetryingHMSHandler.java:108)
	at com.sun.proxy.$Proxy34.drop_database(Unknown Source)
	at org.apache.hadoop.hive.metastore.api.ThriftHiveMetastore$Processor$drop_database.getResult(ThriftHiveMetastore.java:18285)
	at org.apache.hadoop.hive.metastore.api.ThriftHiveMetastore$Processor$drop_database.getResult(ThriftHiveMetastore.java:18264)
	at org.apache.thrift.ProcessFunction.process(ProcessFunction.java:38)
	at org.apache.hadoop.hive.metastore.TUGIBasedProcessor$1.run(TUGIBasedProcessor.java:111)
	at org.apache.hadoop.hive.metastore.TUGIBasedProcessor$1.run(TUGIBasedProcessor.java:107)
	at java.security.AccessController.doPrivileged(Native Method)
	at javax.security.auth.Subject.doAs(Subject.java:422)
	at org.apache.hadoop.security.UserGroupInformation.doAs(UserGroupInformation.java:1682)
	at org.apache.hadoop.hive.metastore.TUGIBasedProcessor.process(TUGIBasedProcessor.java:119)
	at org.apache.thrift.server.TThreadPoolServer$WorkerProcess.run(TThreadPoolServer.java:248)
	at java.util.concurrent.ThreadPoolExecutor.runWorker(ThreadPoolExecutor.java:1149)
	at java.util.concurrent.ThreadPoolExecutor$Worker.run(ThreadPoolExecutor.java:624)
	at java.lang.Thread.run(Thread.java:750)
NestedThrowablesStackTrace:
java.sql.BatchUpdateException: DELETE on table 'DBS' caused a violation of foreign key constraint 'TBLS_FK1' for key (11).  The statement has been rolled back.
	at org.apache.derby.impl.jdbc.EmbedStatement.executeLargeBatch(Unknown Source)
	at org.apache.derby.impl.jdbc.EmbedStatement.executeBatch(Unknown Source)
	at com.zaxxer.hikari.pool.ProxyStatement.executeBatch(ProxyStatement.java:128)
	at com.zaxxer.hikari.pool.HikariProxyPreparedStatement.executeBatch(HikariProxyPreparedStatement.java)
	at org.datanucleus.store.rdbms.ParamLoggingPreparedStatement.executeBatch(ParamLoggingPreparedStatement.java:366)
	at org.datanucleus.store.rdbms.SQLController.processConnectionStatement(SQLController.java:675)
	at org.datanucleus.store.rdbms.SQLController.processStatementsForConnection(SQLController.java:643)
	at org.datanucleus.store.rdbms.SQLController$1.transactionFlushed(SQLController.java:729)
	at org.datanucleus.store.connection.AbstractManagedConnection.transactionFlushed(AbstractManagedConnection.java:95)
	at org.datanucleus.store.connection.ConnectionManagerImpl$2.transactionFlushed(ConnectionManagerImpl.java:528)
	at org.datanucleus.TransactionImpl.flush(TransactionImpl.java:222)
	at org.datanucleus.ExecutionContextImpl.flushInternal(ExecutionContextImpl.java:4068)
	at org.datanucleus.ExecutionContextThreadedImpl.flushInternal(ExecutionContextThreadedImpl.java:448)
	at org.datanucleus.ExecutionContextImpl.flush(ExecutionContextImpl.java:4009)
	at org.datanucleus.ExecutionContextThreadedImpl.flush(ExecutionContextThreadedImpl.java:434)
	at org.datanucleus.api.jdo.JDOPersistenceManager.flush(JDOPersistenceManager.java:2064)
	at org.apache.hadoop.hive.metastore.ObjectStore.addNotificationEvent(ObjectStore.java:11639)
	at sun.reflect.GeneratedMethodAccessor68.invoke(Unknown Source)
	at sun.reflect.DelegatingMethodAccessorImpl.invoke(DelegatingMethodAccessorImpl.java:43)
	at java.lang.reflect.Method.invoke(Method.java:498)
	at org.apache.hadoop.hive.metastore.RawStoreProxy.invoke(RawStoreProxy.java:97)
	at com.sun.proxy.$Proxy32.addNotificationEvent(Unknown Source)
	at org.apache.hive.hcatalog.listener.DbNotificationListener.process(DbNotificationListener.java:1403)
	at org.apache.hive.hcatalog.listener.DbNotificationListener.onDropDatabase(DbNotificationListener.java:513)
	at org.apache.hadoop.hive.metastore.MetaStoreListenerNotifier$26.notify(MetaStoreListenerNotifier.java:99)
	at org.apache.hadoop.hive.metastore.MetaStoreListenerNotifier.notifyEvent(MetaStoreListenerNotifier.java:339)
	at org.apache.hadoop.hive.metastore.HMSHandler.drop_database_core(HMSHandler.java:1785)
	at org.apache.hadoop.hive.metastore.HMSHandler.drop_database(HMSHandler.java:1869)
	at sun.reflect.GeneratedMethodAccessor74.invoke(Unknown Source)
	at sun.reflect.DelegatingMethodAccessorImpl.invoke(DelegatingMethodAccessorImpl.java:43)
	at java.lang.reflect.Method.invoke(Method.java:498)
	at org.apache.hadoop.hive.metastore.RetryingHMSHandler.invokeInternal(RetryingHMSHandler.java:147)
	at org.apache.hadoop.hive.metastore.RetryingHMSHandler.invoke(RetryingHMSHandler.java:108)
	at com.sun.proxy.$Proxy34.drop_database(Unknown Source)
	at org.apache.hadoop.hive.metastore.api.ThriftHiveMetastore$Processor$drop_database.getResult(ThriftHiveMetastore.java:18285)
	at org.apache.hadoop.hive.metastore.api.ThriftHiveMetastore$Processor$drop_database.getResult(ThriftHiveMetastore.java:18264)
	at org.apache.thrift.ProcessFunction.process(ProcessFunction.java:38)
	at org.apache.hadoop.hive.metastore.TUGIBasedProcessor$1.run(TUGIBasedProcessor.java:111)
	at org.apache.hadoop.hive.metastore.TUGIBasedProcessor$1.run(TUGIBasedProcessor.java:107)
	at java.security.AccessController.doPrivileged(Native Method)
	at javax.security.auth.Subject.doAs(Subject.java:422)
	at org.apache.hadoop.security.UserGroupInformation.doAs(UserGroupInformation.java:1682)
	at org.apache.hadoop.hive.metastore.TUGIBasedProcessor.process(TUGIBasedProcessor.java:119)
	at org.apache.thrift.server.TThreadPoolServer$WorkerProcess.run(TThreadPoolServer.java:248)
	at java.util.concurrent.ThreadPoolExecutor.runWorker(ThreadPoolExecutor.java:1149)
	at java.util.concurrent.ThreadPoolExecutor$Worker.run(ThreadPoolExecutor.java:624)
	at java.lang.Thread.run(Thread.java:750)
Caused by: org.apache.derby.shared.common.error.DerbySQLIntegrityConstraintViolationException: DELETE on table 'DBS' caused a violation of foreign key constraint 'TBLS_FK1' for key (11).  The statement has been rolled back.
	at org.apache.derby.impl.jdbc.SQLExceptionFactory.getSQLException(Unknown Source)
	at org.apache.derby.impl.jdbc.Util.generateCsSQLException(Unknown Source)
	at org.apache.derby.impl.jdbc.TransactionResourceImpl.wrapInSQLException(Unknown Source)
	at org.apache.derby.impl.jdbc.TransactionResourceImpl.handleException(Unknown Source)
	at org.apache.derby.impl.jdbc.EmbedConnection.handleException(Unknown Source)
	at org.apache.derby.impl.jdbc.ConnectionChild.handleException(Unknown Source)
	at org.apache.derby.impl.jdbc.EmbedStatement.executeStatement(Unknown Source)
	at org.apache.derby.impl.jdbc.EmbedPreparedStatement.executeBatchElement(Unknown Source)
	... 47 more
Caused by: ERROR 23503: DELETE on table 'DBS' caused a violation of foreign key constraint 'TBLS_FK1' for key (11).  The statement has been rolled back.
	at org.apache.derby.iapi.error.StandardException.newException(Unknown Source)
	at org.apache.derby.iapi.error.StandardException.newException(Unknown Source)
	at org.apache.derby.impl.sql.execute.ReferencedKeyRIChecker.doCheck(Unknown Source)
	at org.apache.derby.impl.sql.execute.RISetChecker.doPKCheck(Unknown Source)
	at org.apache.derby.impl.sql.execute.DeleteResultSet.collectAffectedRows(Unknown Source)
	at org.apache.derby.impl.sql.execute.DeleteResultSet.open(Unknown Source)
	at org.apache.derby.impl.sql.GenericPreparedStatement.executeStmt(Unknown Source)
	at org.apache.derby.impl.sql.GenericPreparedStatement.execute(Unknown Source)
	... 49 more

2024-04-24T12:08:45,191  INFO [TThreadPoolServer WorkerProcess-%d] HiveMetaStore.audit: ugi=alex	ip=127.0.0.1	cmd=source:127.0.0.1 drop_database: @hive#myDb	
2024-04-24T12:08:45,193  INFO [TThreadPoolServer WorkerProcess-%d] HiveMetaStore.audit: ugi=alex	ip=127.0.0.1	cmd=source:127.0.0.1 get_all_tables: db=@hive#myDb	
2024-04-24T12:08:45,194  INFO [TThreadPoolServer WorkerProcess-%d] HiveMetaStore.audit: ugi=alex	ip=127.0.0.1	cmd=source:127.0.0.1 get_functions: db=@hive#myDb pat=*	
2024-04-24T12:08:45,195  INFO [TThreadPoolServer WorkerProcess-%d] HiveMetaStore.audit: ugi=alex	ip=127.0.0.1	cmd=source:127.0.0.1 get_all_stored_procedures	
2024-04-24T12:08:45,195  INFO [TThreadPoolServer WorkerProcess-%d] HiveMetaStore.audit: ugi=alex	ip=127.0.0.1	cmd=source:127.0.0.1 get_all_packages	
2024-04-24T12:08:45,196  INFO [TThreadPoolServer WorkerProcess-%d] HiveMetaStore.audit: ugi=alex	ip=127.0.0.1	cmd=source:127.0.0.1 getTablesByTypeCore: catName=hive: db=myDb pat=.*,type=MATERIALIZED_VIEW	
2024-04-24T12:08:45,198  INFO [TThreadPoolServer WorkerProcess-%d] metastore.ObjectStore: Dropping database hive.myDb along with all tables
2024-04-24T12:08:45,201 ERROR [TThreadPoolServer WorkerProcess-%d] metastore.RetryingHMSHandler: Retrying HMSHandler after 2000 ms (attempt 4 of 10) with error: javax.jdo.JDODataStoreException: Exception thrown flushing changes to datastore
	at org.datanucleus.api.jdo.NucleusJDOHelper.getJDOExceptionForNucleusException(NucleusJDOHelper.java:542)
	at org.datanucleus.api.jdo.JDOPersistenceManager.flush(JDOPersistenceManager.java:2081)
	at org.apache.hadoop.hive.metastore.ObjectStore.addNotificationEvent(ObjectStore.java:11639)
	at sun.reflect.GeneratedMethodAccessor68.invoke(Unknown Source)
	at sun.reflect.DelegatingMethodAccessorImpl.invoke(DelegatingMethodAccessorImpl.java:43)
	at java.lang.reflect.Method.invoke(Method.java:498)
	at org.apache.hadoop.hive.metastore.RawStoreProxy.invoke(RawStoreProxy.java:97)
	at com.sun.proxy.$Proxy32.addNotificationEvent(Unknown Source)
	at org.apache.hive.hcatalog.listener.DbNotificationListener.process(DbNotificationListener.java:1403)
	at org.apache.hive.hcatalog.listener.DbNotificationListener.onDropDatabase(DbNotificationListener.java:513)
	at org.apache.hadoop.hive.metastore.MetaStoreListenerNotifier$26.notify(MetaStoreListenerNotifier.java:99)
	at org.apache.hadoop.hive.metastore.MetaStoreListenerNotifier.notifyEvent(MetaStoreListenerNotifier.java:339)
	at org.apache.hadoop.hive.metastore.HMSHandler.drop_database_core(HMSHandler.java:1785)
	at org.apache.hadoop.hive.metastore.HMSHandler.drop_database(HMSHandler.java:1869)
	at sun.reflect.GeneratedMethodAccessor74.invoke(Unknown Source)
	at sun.reflect.DelegatingMethodAccessorImpl.invoke(DelegatingMethodAccessorImpl.java:43)
	at java.lang.reflect.Method.invoke(Method.java:498)
	at org.apache.hadoop.hive.metastore.RetryingHMSHandler.invokeInternal(RetryingHMSHandler.java:147)
	at org.apache.hadoop.hive.metastore.RetryingHMSHandler.invoke(RetryingHMSHandler.java:108)
	at com.sun.proxy.$Proxy34.drop_database(Unknown Source)
	at org.apache.hadoop.hive.metastore.api.ThriftHiveMetastore$Processor$drop_database.getResult(ThriftHiveMetastore.java:18285)
	at org.apache.hadoop.hive.metastore.api.ThriftHiveMetastore$Processor$drop_database.getResult(ThriftHiveMetastore.java:18264)
	at org.apache.thrift.ProcessFunction.process(ProcessFunction.java:38)
	at org.apache.hadoop.hive.metastore.TUGIBasedProcessor$1.run(TUGIBasedProcessor.java:111)
	at org.apache.hadoop.hive.metastore.TUGIBasedProcessor$1.run(TUGIBasedProcessor.java:107)
	at java.security.AccessController.doPrivileged(Native Method)
	at javax.security.auth.Subject.doAs(Subject.java:422)
	at org.apache.hadoop.security.UserGroupInformation.doAs(UserGroupInformation.java:1682)
	at org.apache.hadoop.hive.metastore.TUGIBasedProcessor.process(TUGIBasedProcessor.java:119)
	at org.apache.thrift.server.TThreadPoolServer$WorkerProcess.run(TThreadPoolServer.java:248)
	at java.util.concurrent.ThreadPoolExecutor.runWorker(ThreadPoolExecutor.java:1149)
	at java.util.concurrent.ThreadPoolExecutor$Worker.run(ThreadPoolExecutor.java:624)
	at java.lang.Thread.run(Thread.java:750)
NestedThrowablesStackTrace:
java.sql.BatchUpdateException: DELETE on table 'DBS' caused a violation of foreign key constraint 'TBLS_FK1' for key (11).  The statement has been rolled back.
	at org.apache.derby.impl.jdbc.EmbedStatement.executeLargeBatch(Unknown Source)
	at org.apache.derby.impl.jdbc.EmbedStatement.executeBatch(Unknown Source)
	at com.zaxxer.hikari.pool.ProxyStatement.executeBatch(ProxyStatement.java:128)
	at com.zaxxer.hikari.pool.HikariProxyPreparedStatement.executeBatch(HikariProxyPreparedStatement.java)
	at org.datanucleus.store.rdbms.ParamLoggingPreparedStatement.executeBatch(ParamLoggingPreparedStatement.java:366)
	at org.datanucleus.store.rdbms.SQLController.processConnectionStatement(SQLController.java:675)
	at org.datanucleus.store.rdbms.SQLController.processStatementsForConnection(SQLController.java:643)
	at org.datanucleus.store.rdbms.SQLController$1.transactionFlushed(SQLController.java:729)
	at org.datanucleus.store.connection.AbstractManagedConnection.transactionFlushed(AbstractManagedConnection.java:95)
	at org.datanucleus.store.connection.ConnectionManagerImpl$2.transactionFlushed(ConnectionManagerImpl.java:528)
	at org.datanucleus.TransactionImpl.flush(TransactionImpl.java:222)
	at org.datanucleus.ExecutionContextImpl.flushInternal(ExecutionContextImpl.java:4068)
	at org.datanucleus.ExecutionContextThreadedImpl.flushInternal(ExecutionContextThreadedImpl.java:448)
	at org.datanucleus.ExecutionContextImpl.flush(ExecutionContextImpl.java:4009)
	at org.datanucleus.ExecutionContextThreadedImpl.flush(ExecutionContextThreadedImpl.java:434)
	at org.datanucleus.api.jdo.JDOPersistenceManager.flush(JDOPersistenceManager.java:2064)
	at org.apache.hadoop.hive.metastore.ObjectStore.addNotificationEvent(ObjectStore.java:11639)
	at sun.reflect.GeneratedMethodAccessor68.invoke(Unknown Source)
	at sun.reflect.DelegatingMethodAccessorImpl.invoke(DelegatingMethodAccessorImpl.java:43)
	at java.lang.reflect.Method.invoke(Method.java:498)
	at org.apache.hadoop.hive.metastore.RawStoreProxy.invoke(RawStoreProxy.java:97)
	at com.sun.proxy.$Proxy32.addNotificationEvent(Unknown Source)
	at org.apache.hive.hcatalog.listener.DbNotificationListener.process(DbNotificationListener.java:1403)
	at org.apache.hive.hcatalog.listener.DbNotificationListener.onDropDatabase(DbNotificationListener.java:513)
	at org.apache.hadoop.hive.metastore.MetaStoreListenerNotifier$26.notify(MetaStoreListenerNotifier.java:99)
	at org.apache.hadoop.hive.metastore.MetaStoreListenerNotifier.notifyEvent(MetaStoreListenerNotifier.java:339)
	at org.apache.hadoop.hive.metastore.HMSHandler.drop_database_core(HMSHandler.java:1785)
	at org.apache.hadoop.hive.metastore.HMSHandler.drop_database(HMSHandler.java:1869)
	at sun.reflect.GeneratedMethodAccessor74.invoke(Unknown Source)
	at sun.reflect.DelegatingMethodAccessorImpl.invoke(DelegatingMethodAccessorImpl.java:43)
	at java.lang.reflect.Method.invoke(Method.java:498)
	at org.apache.hadoop.hive.metastore.RetryingHMSHandler.invokeInternal(RetryingHMSHandler.java:147)
	at org.apache.hadoop.hive.metastore.RetryingHMSHandler.invoke(RetryingHMSHandler.java:108)
	at com.sun.proxy.$Proxy34.drop_database(Unknown Source)
	at org.apache.hadoop.hive.metastore.api.ThriftHiveMetastore$Processor$drop_database.getResult(ThriftHiveMetastore.java:18285)
	at org.apache.hadoop.hive.metastore.api.ThriftHiveMetastore$Processor$drop_database.getResult(ThriftHiveMetastore.java:18264)
	at org.apache.thrift.ProcessFunction.process(ProcessFunction.java:38)
	at org.apache.hadoop.hive.metastore.TUGIBasedProcessor$1.run(TUGIBasedProcessor.java:111)
	at org.apache.hadoop.hive.metastore.TUGIBasedProcessor$1.run(TUGIBasedProcessor.java:107)
	at java.security.AccessController.doPrivileged(Native Method)
	at javax.security.auth.Subject.doAs(Subject.java:422)
	at org.apache.hadoop.security.UserGroupInformation.doAs(UserGroupInformation.java:1682)
	at org.apache.hadoop.hive.metastore.TUGIBasedProcessor.process(TUGIBasedProcessor.java:119)
	at org.apache.thrift.server.TThreadPoolServer$WorkerProcess.run(TThreadPoolServer.java:248)
	at java.util.concurrent.ThreadPoolExecutor.runWorker(ThreadPoolExecutor.java:1149)
	at java.util.concurrent.ThreadPoolExecutor$Worker.run(ThreadPoolExecutor.java:624)
	at java.lang.Thread.run(Thread.java:750)
Caused by: org.apache.derby.shared.common.error.DerbySQLIntegrityConstraintViolationException: DELETE on table 'DBS' caused a violation of foreign key constraint 'TBLS_FK1' for key (11).  The statement has been rolled back.
	at org.apache.derby.impl.jdbc.SQLExceptionFactory.getSQLException(Unknown Source)
	at org.apache.derby.impl.jdbc.Util.generateCsSQLException(Unknown Source)
	at org.apache.derby.impl.jdbc.TransactionResourceImpl.wrapInSQLException(Unknown Source)
	at org.apache.derby.impl.jdbc.TransactionResourceImpl.handleException(Unknown Source)
	at org.apache.derby.impl.jdbc.EmbedConnection.handleException(Unknown Source)
	at org.apache.derby.impl.jdbc.ConnectionChild.handleException(Unknown Source)
	at org.apache.derby.impl.jdbc.EmbedStatement.executeStatement(Unknown Source)
	at org.apache.derby.impl.jdbc.EmbedPreparedStatement.executeBatchElement(Unknown Source)
	... 47 more
Caused by: ERROR 23503: DELETE on table 'DBS' caused a violation of foreign key constraint 'TBLS_FK1' for key (11).  The statement has been rolled back.
	at org.apache.derby.iapi.error.StandardException.newException(Unknown Source)
	at org.apache.derby.iapi.error.StandardException.newException(Unknown Source)
	at org.apache.derby.impl.sql.execute.ReferencedKeyRIChecker.doCheck(Unknown Source)
	at org.apache.derby.impl.sql.execute.RISetChecker.doPKCheck(Unknown Source)
	at org.apache.derby.impl.sql.execute.DeleteResultSet.collectAffectedRows(Unknown Source)
	at org.apache.derby.impl.sql.execute.DeleteResultSet.open(Unknown Source)
	at org.apache.derby.impl.sql.GenericPreparedStatement.executeStmt(Unknown Source)
	at org.apache.derby.impl.sql.GenericPreparedStatement.execute(Unknown Source)
	... 49 more

2024-04-24T12:08:47,202  INFO [TThreadPoolServer WorkerProcess-%d] HiveMetaStore.audit: ugi=alex	ip=127.0.0.1	cmd=source:127.0.0.1 drop_database: @hive#myDb	
2024-04-24T12:08:47,205  INFO [TThreadPoolServer WorkerProcess-%d] HiveMetaStore.audit: ugi=alex	ip=127.0.0.1	cmd=source:127.0.0.1 get_all_tables: db=@hive#myDb	
2024-04-24T12:08:47,206  INFO [TThreadPoolServer WorkerProcess-%d] HiveMetaStore.audit: ugi=alex	ip=127.0.0.1	cmd=source:127.0.0.1 get_functions: db=@hive#myDb pat=*	
2024-04-24T12:08:47,210  INFO [TThreadPoolServer WorkerProcess-%d] HiveMetaStore.audit: ugi=alex	ip=127.0.0.1	cmd=source:127.0.0.1 get_all_stored_procedures	
2024-04-24T12:08:47,212  INFO [TThreadPoolServer WorkerProcess-%d] HiveMetaStore.audit: ugi=alex	ip=127.0.0.1	cmd=source:127.0.0.1 get_all_packages	
2024-04-24T12:08:47,215  INFO [TThreadPoolServer WorkerProcess-%d] HiveMetaStore.audit: ugi=alex	ip=127.0.0.1	cmd=source:127.0.0.1 getTablesByTypeCore: catName=hive: db=myDb pat=.*,type=MATERIALIZED_VIEW	
2024-04-24T12:08:47,221  INFO [TThreadPoolServer WorkerProcess-%d] metastore.ObjectStore: Dropping database hive.myDb along with all tables
2024-04-24T12:08:47,231 ERROR [TThreadPoolServer WorkerProcess-%d] metastore.RetryingHMSHandler: Retrying HMSHandler after 2000 ms (attempt 5 of 10) with error: javax.jdo.JDODataStoreException: Exception thrown flushing changes to datastore
	at org.datanucleus.api.jdo.NucleusJDOHelper.getJDOExceptionForNucleusException(NucleusJDOHelper.java:542)
	at org.datanucleus.api.jdo.JDOPersistenceManager.flush(JDOPersistenceManager.java:2081)
	at org.apache.hadoop.hive.metastore.ObjectStore.addNotificationEvent(ObjectStore.java:11639)
	at sun.reflect.GeneratedMethodAccessor68.invoke(Unknown Source)
	at sun.reflect.DelegatingMethodAccessorImpl.invoke(DelegatingMethodAccessorImpl.java:43)
	at java.lang.reflect.Method.invoke(Method.java:498)
	at org.apache.hadoop.hive.metastore.RawStoreProxy.invoke(RawStoreProxy.java:97)
	at com.sun.proxy.$Proxy32.addNotificationEvent(Unknown Source)
	at org.apache.hive.hcatalog.listener.DbNotificationListener.process(DbNotificationListener.java:1403)
	at org.apache.hive.hcatalog.listener.DbNotificationListener.onDropDatabase(DbNotificationListener.java:513)
	at org.apache.hadoop.hive.metastore.MetaStoreListenerNotifier$26.notify(MetaStoreListenerNotifier.java:99)
	at org.apache.hadoop.hive.metastore.MetaStoreListenerNotifier.notifyEvent(MetaStoreListenerNotifier.java:339)
	at org.apache.hadoop.hive.metastore.HMSHandler.drop_database_core(HMSHandler.java:1785)
	at org.apache.hadoop.hive.metastore.HMSHandler.drop_database(HMSHandler.java:1869)
	at sun.reflect.GeneratedMethodAccessor74.invoke(Unknown Source)
	at sun.reflect.DelegatingMethodAccessorImpl.invoke(DelegatingMethodAccessorImpl.java:43)
	at java.lang.reflect.Method.invoke(Method.java:498)
	at org.apache.hadoop.hive.metastore.RetryingHMSHandler.invokeInternal(RetryingHMSHandler.java:147)
	at org.apache.hadoop.hive.metastore.RetryingHMSHandler.invoke(RetryingHMSHandler.java:108)
	at com.sun.proxy.$Proxy34.drop_database(Unknown Source)
	at org.apache.hadoop.hive.metastore.api.ThriftHiveMetastore$Processor$drop_database.getResult(ThriftHiveMetastore.java:18285)
	at org.apache.hadoop.hive.metastore.api.ThriftHiveMetastore$Processor$drop_database.getResult(ThriftHiveMetastore.java:18264)
	at org.apache.thrift.ProcessFunction.process(ProcessFunction.java:38)
	at org.apache.hadoop.hive.metastore.TUGIBasedProcessor$1.run(TUGIBasedProcessor.java:111)
	at org.apache.hadoop.hive.metastore.TUGIBasedProcessor$1.run(TUGIBasedProcessor.java:107)
	at java.security.AccessController.doPrivileged(Native Method)
	at javax.security.auth.Subject.doAs(Subject.java:422)
	at org.apache.hadoop.security.UserGroupInformation.doAs(UserGroupInformation.java:1682)
	at org.apache.hadoop.hive.metastore.TUGIBasedProcessor.process(TUGIBasedProcessor.java:119)
	at org.apache.thrift.server.TThreadPoolServer$WorkerProcess.run(TThreadPoolServer.java:248)
	at java.util.concurrent.ThreadPoolExecutor.runWorker(ThreadPoolExecutor.java:1149)
	at java.util.concurrent.ThreadPoolExecutor$Worker.run(ThreadPoolExecutor.java:624)
	at java.lang.Thread.run(Thread.java:750)
NestedThrowablesStackTrace:
java.sql.BatchUpdateException: DELETE on table 'DBS' caused a violation of foreign key constraint 'TBLS_FK1' for key (11).  The statement has been rolled back.
	at org.apache.derby.impl.jdbc.EmbedStatement.executeLargeBatch(Unknown Source)
	at org.apache.derby.impl.jdbc.EmbedStatement.executeBatch(Unknown Source)
	at com.zaxxer.hikari.pool.ProxyStatement.executeBatch(ProxyStatement.java:128)
	at com.zaxxer.hikari.pool.HikariProxyPreparedStatement.executeBatch(HikariProxyPreparedStatement.java)
	at org.datanucleus.store.rdbms.ParamLoggingPreparedStatement.executeBatch(ParamLoggingPreparedStatement.java:366)
	at org.datanucleus.store.rdbms.SQLController.processConnectionStatement(SQLController.java:675)
	at org.datanucleus.store.rdbms.SQLController.processStatementsForConnection(SQLController.java:643)
	at org.datanucleus.store.rdbms.SQLController$1.transactionFlushed(SQLController.java:729)
	at org.datanucleus.store.connection.AbstractManagedConnection.transactionFlushed(AbstractManagedConnection.java:95)
	at org.datanucleus.store.connection.ConnectionManagerImpl$2.transactionFlushed(ConnectionManagerImpl.java:528)
	at org.datanucleus.TransactionImpl.flush(TransactionImpl.java:222)
	at org.datanucleus.ExecutionContextImpl.flushInternal(ExecutionContextImpl.java:4068)
	at org.datanucleus.ExecutionContextThreadedImpl.flushInternal(ExecutionContextThreadedImpl.java:448)
	at org.datanucleus.ExecutionContextImpl.flush(ExecutionContextImpl.java:4009)
	at org.datanucleus.ExecutionContextThreadedImpl.flush(ExecutionContextThreadedImpl.java:434)
	at org.datanucleus.api.jdo.JDOPersistenceManager.flush(JDOPersistenceManager.java:2064)
	at org.apache.hadoop.hive.metastore.ObjectStore.addNotificationEvent(ObjectStore.java:11639)
	at sun.reflect.GeneratedMethodAccessor68.invoke(Unknown Source)
	at sun.reflect.DelegatingMethodAccessorImpl.invoke(DelegatingMethodAccessorImpl.java:43)
	at java.lang.reflect.Method.invoke(Method.java:498)
	at org.apache.hadoop.hive.metastore.RawStoreProxy.invoke(RawStoreProxy.java:97)
	at com.sun.proxy.$Proxy32.addNotificationEvent(Unknown Source)
	at org.apache.hive.hcatalog.listener.DbNotificationListener.process(DbNotificationListener.java:1403)
	at org.apache.hive.hcatalog.listener.DbNotificationListener.onDropDatabase(DbNotificationListener.java:513)
	at org.apache.hadoop.hive.metastore.MetaStoreListenerNotifier$26.notify(MetaStoreListenerNotifier.java:99)
	at org.apache.hadoop.hive.metastore.MetaStoreListenerNotifier.notifyEvent(MetaStoreListenerNotifier.java:339)
	at org.apache.hadoop.hive.metastore.HMSHandler.drop_database_core(HMSHandler.java:1785)
	at org.apache.hadoop.hive.metastore.HMSHandler.drop_database(HMSHandler.java:1869)
	at sun.reflect.GeneratedMethodAccessor74.invoke(Unknown Source)
	at sun.reflect.DelegatingMethodAccessorImpl.invoke(DelegatingMethodAccessorImpl.java:43)
	at java.lang.reflect.Method.invoke(Method.java:498)
	at org.apache.hadoop.hive.metastore.RetryingHMSHandler.invokeInternal(RetryingHMSHandler.java:147)
	at org.apache.hadoop.hive.metastore.RetryingHMSHandler.invoke(RetryingHMSHandler.java:108)
	at com.sun.proxy.$Proxy34.drop_database(Unknown Source)
	at org.apache.hadoop.hive.metastore.api.ThriftHiveMetastore$Processor$drop_database.getResult(ThriftHiveMetastore.java:18285)
	at org.apache.hadoop.hive.metastore.api.ThriftHiveMetastore$Processor$drop_database.getResult(ThriftHiveMetastore.java:18264)
	at org.apache.thrift.ProcessFunction.process(ProcessFunction.java:38)
	at org.apache.hadoop.hive.metastore.TUGIBasedProcessor$1.run(TUGIBasedProcessor.java:111)
	at org.apache.hadoop.hive.metastore.TUGIBasedProcessor$1.run(TUGIBasedProcessor.java:107)
	at java.security.AccessController.doPrivileged(Native Method)
	at javax.security.auth.Subject.doAs(Subject.java:422)
	at org.apache.hadoop.security.UserGroupInformation.doAs(UserGroupInformation.java:1682)
	at org.apache.hadoop.hive.metastore.TUGIBasedProcessor.process(TUGIBasedProcessor.java:119)
	at org.apache.thrift.server.TThreadPoolServer$WorkerProcess.run(TThreadPoolServer.java:248)
	at java.util.concurrent.ThreadPoolExecutor.runWorker(ThreadPoolExecutor.java:1149)
	at java.util.concurrent.ThreadPoolExecutor$Worker.run(ThreadPoolExecutor.java:624)
	at java.lang.Thread.run(Thread.java:750)
Caused by: org.apache.derby.shared.common.error.DerbySQLIntegrityConstraintViolationException: DELETE on table 'DBS' caused a violation of foreign key constraint 'TBLS_FK1' for key (11).  The statement has been rolled back.
	at org.apache.derby.impl.jdbc.SQLExceptionFactory.getSQLException(Unknown Source)
	at org.apache.derby.impl.jdbc.Util.generateCsSQLException(Unknown Source)
	at org.apache.derby.impl.jdbc.TransactionResourceImpl.wrapInSQLException(Unknown Source)
	at org.apache.derby.impl.jdbc.TransactionResourceImpl.handleException(Unknown Source)
	at org.apache.derby.impl.jdbc.EmbedConnection.handleException(Unknown Source)
	at org.apache.derby.impl.jdbc.ConnectionChild.handleException(Unknown Source)
	at org.apache.derby.impl.jdbc.EmbedStatement.executeStatement(Unknown Source)
	at org.apache.derby.impl.jdbc.EmbedPreparedStatement.executeBatchElement(Unknown Source)
	... 47 more
Caused by: ERROR 23503: DELETE on table 'DBS' caused a violation of foreign key constraint 'TBLS_FK1' for key (11).  The statement has been rolled back.
	at org.apache.derby.iapi.error.StandardException.newException(Unknown Source)
	at org.apache.derby.iapi.error.StandardException.newException(Unknown Source)
	at org.apache.derby.impl.sql.execute.ReferencedKeyRIChecker.doCheck(Unknown Source)
	at org.apache.derby.impl.sql.execute.RISetChecker.doPKCheck(Unknown Source)
	at org.apache.derby.impl.sql.execute.DeleteResultSet.collectAffectedRows(Unknown Source)
	at org.apache.derby.impl.sql.execute.DeleteResultSet.open(Unknown Source)
	at org.apache.derby.impl.sql.GenericPreparedStatement.executeStmt(Unknown Source)
	at org.apache.derby.impl.sql.GenericPreparedStatement.execute(Unknown Source)
	... 49 more

2024-04-24T12:08:49,232  INFO [TThreadPoolServer WorkerProcess-%d] HiveMetaStore.audit: ugi=alex	ip=127.0.0.1	cmd=source:127.0.0.1 drop_database: @hive#myDb	
2024-04-24T12:08:49,234  INFO [TThreadPoolServer WorkerProcess-%d] HiveMetaStore.audit: ugi=alex	ip=127.0.0.1	cmd=source:127.0.0.1 get_all_tables: db=@hive#myDb	
2024-04-24T12:08:49,235  INFO [TThreadPoolServer WorkerProcess-%d] HiveMetaStore.audit: ugi=alex	ip=127.0.0.1	cmd=source:127.0.0.1 get_functions: db=@hive#myDb pat=*	
2024-04-24T12:08:49,239  INFO [TThreadPoolServer WorkerProcess-%d] HiveMetaStore.audit: ugi=alex	ip=127.0.0.1	cmd=source:127.0.0.1 get_all_stored_procedures	
2024-04-24T12:08:49,240  INFO [TThreadPoolServer WorkerProcess-%d] HiveMetaStore.audit: ugi=alex	ip=127.0.0.1	cmd=source:127.0.0.1 get_all_packages	
2024-04-24T12:08:49,240  INFO [TThreadPoolServer WorkerProcess-%d] HiveMetaStore.audit: ugi=alex	ip=127.0.0.1	cmd=source:127.0.0.1 getTablesByTypeCore: catName=hive: db=myDb pat=.*,type=MATERIALIZED_VIEW	
2024-04-24T12:08:49,242  INFO [TThreadPoolServer WorkerProcess-%d] metastore.ObjectStore: Dropping database hive.myDb along with all tables
2024-04-24T12:08:49,245 ERROR [TThreadPoolServer WorkerProcess-%d] metastore.RetryingHMSHandler: Retrying HMSHandler after 2000 ms (attempt 6 of 10) with error: javax.jdo.JDODataStoreException: Exception thrown flushing changes to datastore
	at org.datanucleus.api.jdo.NucleusJDOHelper.getJDOExceptionForNucleusException(NucleusJDOHelper.java:542)
	at org.datanucleus.api.jdo.JDOPersistenceManager.flush(JDOPersistenceManager.java:2081)
	at org.apache.hadoop.hive.metastore.ObjectStore.addNotificationEvent(ObjectStore.java:11639)
	at sun.reflect.GeneratedMethodAccessor68.invoke(Unknown Source)
	at sun.reflect.DelegatingMethodAccessorImpl.invoke(DelegatingMethodAccessorImpl.java:43)
	at java.lang.reflect.Method.invoke(Method.java:498)
	at org.apache.hadoop.hive.metastore.RawStoreProxy.invoke(RawStoreProxy.java:97)
	at com.sun.proxy.$Proxy32.addNotificationEvent(Unknown Source)
	at org.apache.hive.hcatalog.listener.DbNotificationListener.process(DbNotificationListener.java:1403)
	at org.apache.hive.hcatalog.listener.DbNotificationListener.onDropDatabase(DbNotificationListener.java:513)
	at org.apache.hadoop.hive.metastore.MetaStoreListenerNotifier$26.notify(MetaStoreListenerNotifier.java:99)
	at org.apache.hadoop.hive.metastore.MetaStoreListenerNotifier.notifyEvent(MetaStoreListenerNotifier.java:339)
	at org.apache.hadoop.hive.metastore.HMSHandler.drop_database_core(HMSHandler.java:1785)
	at org.apache.hadoop.hive.metastore.HMSHandler.drop_database(HMSHandler.java:1869)
	at sun.reflect.GeneratedMethodAccessor74.invoke(Unknown Source)
	at sun.reflect.DelegatingMethodAccessorImpl.invoke(DelegatingMethodAccessorImpl.java:43)
	at java.lang.reflect.Method.invoke(Method.java:498)
	at org.apache.hadoop.hive.metastore.RetryingHMSHandler.invokeInternal(RetryingHMSHandler.java:147)
	at org.apache.hadoop.hive.metastore.RetryingHMSHandler.invoke(RetryingHMSHandler.java:108)
	at com.sun.proxy.$Proxy34.drop_database(Unknown Source)
	at org.apache.hadoop.hive.metastore.api.ThriftHiveMetastore$Processor$drop_database.getResult(ThriftHiveMetastore.java:18285)
	at org.apache.hadoop.hive.metastore.api.ThriftHiveMetastore$Processor$drop_database.getResult(ThriftHiveMetastore.java:18264)
	at org.apache.thrift.ProcessFunction.process(ProcessFunction.java:38)
	at org.apache.hadoop.hive.metastore.TUGIBasedProcessor$1.run(TUGIBasedProcessor.java:111)
	at org.apache.hadoop.hive.metastore.TUGIBasedProcessor$1.run(TUGIBasedProcessor.java:107)
	at java.security.AccessController.doPrivileged(Native Method)
	at javax.security.auth.Subject.doAs(Subject.java:422)
	at org.apache.hadoop.security.UserGroupInformation.doAs(UserGroupInformation.java:1682)
	at org.apache.hadoop.hive.metastore.TUGIBasedProcessor.process(TUGIBasedProcessor.java:119)
	at org.apache.thrift.server.TThreadPoolServer$WorkerProcess.run(TThreadPoolServer.java:248)
	at java.util.concurrent.ThreadPoolExecutor.runWorker(ThreadPoolExecutor.java:1149)
	at java.util.concurrent.ThreadPoolExecutor$Worker.run(ThreadPoolExecutor.java:624)
	at java.lang.Thread.run(Thread.java:750)
NestedThrowablesStackTrace:
java.sql.BatchUpdateException: DELETE on table 'DBS' caused a violation of foreign key constraint 'TBLS_FK1' for key (11).  The statement has been rolled back.
	at org.apache.derby.impl.jdbc.EmbedStatement.executeLargeBatch(Unknown Source)
	at org.apache.derby.impl.jdbc.EmbedStatement.executeBatch(Unknown Source)
	at com.zaxxer.hikari.pool.ProxyStatement.executeBatch(ProxyStatement.java:128)
	at com.zaxxer.hikari.pool.HikariProxyPreparedStatement.executeBatch(HikariProxyPreparedStatement.java)
	at org.datanucleus.store.rdbms.ParamLoggingPreparedStatement.executeBatch(ParamLoggingPreparedStatement.java:366)
	at org.datanucleus.store.rdbms.SQLController.processConnectionStatement(SQLController.java:675)
	at org.datanucleus.store.rdbms.SQLController.processStatementsForConnection(SQLController.java:643)
	at org.datanucleus.store.rdbms.SQLController$1.transactionFlushed(SQLController.java:729)
	at org.datanucleus.store.connection.AbstractManagedConnection.transactionFlushed(AbstractManagedConnection.java:95)
	at org.datanucleus.store.connection.ConnectionManagerImpl$2.transactionFlushed(ConnectionManagerImpl.java:528)
	at org.datanucleus.TransactionImpl.flush(TransactionImpl.java:222)
	at org.datanucleus.ExecutionContextImpl.flushInternal(ExecutionContextImpl.java:4068)
	at org.datanucleus.ExecutionContextThreadedImpl.flushInternal(ExecutionContextThreadedImpl.java:448)
	at org.datanucleus.ExecutionContextImpl.flush(ExecutionContextImpl.java:4009)
	at org.datanucleus.ExecutionContextThreadedImpl.flush(ExecutionContextThreadedImpl.java:434)
	at org.datanucleus.api.jdo.JDOPersistenceManager.flush(JDOPersistenceManager.java:2064)
	at org.apache.hadoop.hive.metastore.ObjectStore.addNotificationEvent(ObjectStore.java:11639)
	at sun.reflect.GeneratedMethodAccessor68.invoke(Unknown Source)
	at sun.reflect.DelegatingMethodAccessorImpl.invoke(DelegatingMethodAccessorImpl.java:43)
	at java.lang.reflect.Method.invoke(Method.java:498)
	at org.apache.hadoop.hive.metastore.RawStoreProxy.invoke(RawStoreProxy.java:97)
	at com.sun.proxy.$Proxy32.addNotificationEvent(Unknown Source)
	at org.apache.hive.hcatalog.listener.DbNotificationListener.process(DbNotificationListener.java:1403)
	at org.apache.hive.hcatalog.listener.DbNotificationListener.onDropDatabase(DbNotificationListener.java:513)
	at org.apache.hadoop.hive.metastore.MetaStoreListenerNotifier$26.notify(MetaStoreListenerNotifier.java:99)
	at org.apache.hadoop.hive.metastore.MetaStoreListenerNotifier.notifyEvent(MetaStoreListenerNotifier.java:339)
	at org.apache.hadoop.hive.metastore.HMSHandler.drop_database_core(HMSHandler.java:1785)
	at org.apache.hadoop.hive.metastore.HMSHandler.drop_database(HMSHandler.java:1869)
	at sun.reflect.GeneratedMethodAccessor74.invoke(Unknown Source)
	at sun.reflect.DelegatingMethodAccessorImpl.invoke(DelegatingMethodAccessorImpl.java:43)
	at java.lang.reflect.Method.invoke(Method.java:498)
	at org.apache.hadoop.hive.metastore.RetryingHMSHandler.invokeInternal(RetryingHMSHandler.java:147)
	at org.apache.hadoop.hive.metastore.RetryingHMSHandler.invoke(RetryingHMSHandler.java:108)
	at com.sun.proxy.$Proxy34.drop_database(Unknown Source)
	at org.apache.hadoop.hive.metastore.api.ThriftHiveMetastore$Processor$drop_database.getResult(ThriftHiveMetastore.java:18285)
	at org.apache.hadoop.hive.metastore.api.ThriftHiveMetastore$Processor$drop_database.getResult(ThriftHiveMetastore.java:18264)
	at org.apache.thrift.ProcessFunction.process(ProcessFunction.java:38)
	at org.apache.hadoop.hive.metastore.TUGIBasedProcessor$1.run(TUGIBasedProcessor.java:111)
	at org.apache.hadoop.hive.metastore.TUGIBasedProcessor$1.run(TUGIBasedProcessor.java:107)
	at java.security.AccessController.doPrivileged(Native Method)
	at javax.security.auth.Subject.doAs(Subject.java:422)
	at org.apache.hadoop.security.UserGroupInformation.doAs(UserGroupInformation.java:1682)
	at org.apache.hadoop.hive.metastore.TUGIBasedProcessor.process(TUGIBasedProcessor.java:119)
	at org.apache.thrift.server.TThreadPoolServer$WorkerProcess.run(TThreadPoolServer.java:248)
	at java.util.concurrent.ThreadPoolExecutor.runWorker(ThreadPoolExecutor.java:1149)
	at java.util.concurrent.ThreadPoolExecutor$Worker.run(ThreadPoolExecutor.java:624)
	at java.lang.Thread.run(Thread.java:750)
Caused by: org.apache.derby.shared.common.error.DerbySQLIntegrityConstraintViolationException: DELETE on table 'DBS' caused a violation of foreign key constraint 'TBLS_FK1' for key (11).  The statement has been rolled back.
	at org.apache.derby.impl.jdbc.SQLExceptionFactory.getSQLException(Unknown Source)
	at org.apache.derby.impl.jdbc.Util.generateCsSQLException(Unknown Source)
	at org.apache.derby.impl.jdbc.TransactionResourceImpl.wrapInSQLException(Unknown Source)
	at org.apache.derby.impl.jdbc.TransactionResourceImpl.handleException(Unknown Source)
	at org.apache.derby.impl.jdbc.EmbedConnection.handleException(Unknown Source)
	at org.apache.derby.impl.jdbc.ConnectionChild.handleException(Unknown Source)
	at org.apache.derby.impl.jdbc.EmbedStatement.executeStatement(Unknown Source)
	at org.apache.derby.impl.jdbc.EmbedPreparedStatement.executeBatchElement(Unknown Source)
	... 47 more
Caused by: ERROR 23503: DELETE on table 'DBS' caused a violation of foreign key constraint 'TBLS_FK1' for key (11).  The statement has been rolled back.
	at org.apache.derby.iapi.error.StandardException.newException(Unknown Source)
	at org.apache.derby.iapi.error.StandardException.newException(Unknown Source)
	at org.apache.derby.impl.sql.execute.ReferencedKeyRIChecker.doCheck(Unknown Source)
	at org.apache.derby.impl.sql.execute.RISetChecker.doPKCheck(Unknown Source)
	at org.apache.derby.impl.sql.execute.DeleteResultSet.collectAffectedRows(Unknown Source)
	at org.apache.derby.impl.sql.execute.DeleteResultSet.open(Unknown Source)
	at org.apache.derby.impl.sql.GenericPreparedStatement.executeStmt(Unknown Source)
	at org.apache.derby.impl.sql.GenericPreparedStatement.execute(Unknown Source)
	... 49 more

2024-04-24T12:08:51,246  INFO [TThreadPoolServer WorkerProcess-%d] HiveMetaStore.audit: ugi=alex	ip=127.0.0.1	cmd=source:127.0.0.1 drop_database: @hive#myDb	
2024-04-24T12:08:51,249  INFO [TThreadPoolServer WorkerProcess-%d] HiveMetaStore.audit: ugi=alex	ip=127.0.0.1	cmd=source:127.0.0.1 get_all_tables: db=@hive#myDb	
2024-04-24T12:08:51,249  INFO [TThreadPoolServer WorkerProcess-%d] HiveMetaStore.audit: ugi=alex	ip=127.0.0.1	cmd=source:127.0.0.1 get_functions: db=@hive#myDb pat=*	
2024-04-24T12:08:51,250  INFO [TThreadPoolServer WorkerProcess-%d] HiveMetaStore.audit: ugi=alex	ip=127.0.0.1	cmd=source:127.0.0.1 get_all_stored_procedures	
2024-04-24T12:08:51,251  INFO [TThreadPoolServer WorkerProcess-%d] HiveMetaStore.audit: ugi=alex	ip=127.0.0.1	cmd=source:127.0.0.1 get_all_packages	
2024-04-24T12:08:51,252  INFO [TThreadPoolServer WorkerProcess-%d] HiveMetaStore.audit: ugi=alex	ip=127.0.0.1	cmd=source:127.0.0.1 getTablesByTypeCore: catName=hive: db=myDb pat=.*,type=MATERIALIZED_VIEW	
2024-04-24T12:08:51,254  INFO [TThreadPoolServer WorkerProcess-%d] metastore.ObjectStore: Dropping database hive.myDb along with all tables
2024-04-24T12:08:51,257 ERROR [TThreadPoolServer WorkerProcess-%d] metastore.RetryingHMSHandler: Retrying HMSHandler after 2000 ms (attempt 7 of 10) with error: javax.jdo.JDODataStoreException: Exception thrown flushing changes to datastore
	at org.datanucleus.api.jdo.NucleusJDOHelper.getJDOExceptionForNucleusException(NucleusJDOHelper.java:542)
	at org.datanucleus.api.jdo.JDOPersistenceManager.flush(JDOPersistenceManager.java:2081)
	at org.apache.hadoop.hive.metastore.ObjectStore.addNotificationEvent(ObjectStore.java:11639)
	at sun.reflect.GeneratedMethodAccessor68.invoke(Unknown Source)
	at sun.reflect.DelegatingMethodAccessorImpl.invoke(DelegatingMethodAccessorImpl.java:43)
	at java.lang.reflect.Method.invoke(Method.java:498)
	at org.apache.hadoop.hive.metastore.RawStoreProxy.invoke(RawStoreProxy.java:97)
	at com.sun.proxy.$Proxy32.addNotificationEvent(Unknown Source)
	at org.apache.hive.hcatalog.listener.DbNotificationListener.process(DbNotificationListener.java:1403)
	at org.apache.hive.hcatalog.listener.DbNotificationListener.onDropDatabase(DbNotificationListener.java:513)
	at org.apache.hadoop.hive.metastore.MetaStoreListenerNotifier$26.notify(MetaStoreListenerNotifier.java:99)
	at org.apache.hadoop.hive.metastore.MetaStoreListenerNotifier.notifyEvent(MetaStoreListenerNotifier.java:339)
	at org.apache.hadoop.hive.metastore.HMSHandler.drop_database_core(HMSHandler.java:1785)
	at org.apache.hadoop.hive.metastore.HMSHandler.drop_database(HMSHandler.java:1869)
	at sun.reflect.GeneratedMethodAccessor74.invoke(Unknown Source)
	at sun.reflect.DelegatingMethodAccessorImpl.invoke(DelegatingMethodAccessorImpl.java:43)
	at java.lang.reflect.Method.invoke(Method.java:498)
	at org.apache.hadoop.hive.metastore.RetryingHMSHandler.invokeInternal(RetryingHMSHandler.java:147)
	at org.apache.hadoop.hive.metastore.RetryingHMSHandler.invoke(RetryingHMSHandler.java:108)
	at com.sun.proxy.$Proxy34.drop_database(Unknown Source)
	at org.apache.hadoop.hive.metastore.api.ThriftHiveMetastore$Processor$drop_database.getResult(ThriftHiveMetastore.java:18285)
	at org.apache.hadoop.hive.metastore.api.ThriftHiveMetastore$Processor$drop_database.getResult(ThriftHiveMetastore.java:18264)
	at org.apache.thrift.ProcessFunction.process(ProcessFunction.java:38)
	at org.apache.hadoop.hive.metastore.TUGIBasedProcessor$1.run(TUGIBasedProcessor.java:111)
	at org.apache.hadoop.hive.metastore.TUGIBasedProcessor$1.run(TUGIBasedProcessor.java:107)
	at java.security.AccessController.doPrivileged(Native Method)
	at javax.security.auth.Subject.doAs(Subject.java:422)
	at org.apache.hadoop.security.UserGroupInformation.doAs(UserGroupInformation.java:1682)
	at org.apache.hadoop.hive.metastore.TUGIBasedProcessor.process(TUGIBasedProcessor.java:119)
	at org.apache.thrift.server.TThreadPoolServer$WorkerProcess.run(TThreadPoolServer.java:248)
	at java.util.concurrent.ThreadPoolExecutor.runWorker(ThreadPoolExecutor.java:1149)
	at java.util.concurrent.ThreadPoolExecutor$Worker.run(ThreadPoolExecutor.java:624)
	at java.lang.Thread.run(Thread.java:750)
NestedThrowablesStackTrace:
java.sql.BatchUpdateException: DELETE on table 'DBS' caused a violation of foreign key constraint 'TBLS_FK1' for key (11).  The statement has been rolled back.
	at org.apache.derby.impl.jdbc.EmbedStatement.executeLargeBatch(Unknown Source)
	at org.apache.derby.impl.jdbc.EmbedStatement.executeBatch(Unknown Source)
	at com.zaxxer.hikari.pool.ProxyStatement.executeBatch(ProxyStatement.java:128)
	at com.zaxxer.hikari.pool.HikariProxyPreparedStatement.executeBatch(HikariProxyPreparedStatement.java)
	at org.datanucleus.store.rdbms.ParamLoggingPreparedStatement.executeBatch(ParamLoggingPreparedStatement.java:366)
	at org.datanucleus.store.rdbms.SQLController.processConnectionStatement(SQLController.java:675)
	at org.datanucleus.store.rdbms.SQLController.processStatementsForConnection(SQLController.java:643)
	at org.datanucleus.store.rdbms.SQLController$1.transactionFlushed(SQLController.java:729)
	at org.datanucleus.store.connection.AbstractManagedConnection.transactionFlushed(AbstractManagedConnection.java:95)
	at org.datanucleus.store.connection.ConnectionManagerImpl$2.transactionFlushed(ConnectionManagerImpl.java:528)
	at org.datanucleus.TransactionImpl.flush(TransactionImpl.java:222)
	at org.datanucleus.ExecutionContextImpl.flushInternal(ExecutionContextImpl.java:4068)
	at org.datanucleus.ExecutionContextThreadedImpl.flushInternal(ExecutionContextThreadedImpl.java:448)
	at org.datanucleus.ExecutionContextImpl.flush(ExecutionContextImpl.java:4009)
	at org.datanucleus.ExecutionContextThreadedImpl.flush(ExecutionContextThreadedImpl.java:434)
	at org.datanucleus.api.jdo.JDOPersistenceManager.flush(JDOPersistenceManager.java:2064)
	at org.apache.hadoop.hive.metastore.ObjectStore.addNotificationEvent(ObjectStore.java:11639)
	at sun.reflect.GeneratedMethodAccessor68.invoke(Unknown Source)
	at sun.reflect.DelegatingMethodAccessorImpl.invoke(DelegatingMethodAccessorImpl.java:43)
	at java.lang.reflect.Method.invoke(Method.java:498)
	at org.apache.hadoop.hive.metastore.RawStoreProxy.invoke(RawStoreProxy.java:97)
	at com.sun.proxy.$Proxy32.addNotificationEvent(Unknown Source)
	at org.apache.hive.hcatalog.listener.DbNotificationListener.process(DbNotificationListener.java:1403)
	at org.apache.hive.hcatalog.listener.DbNotificationListener.onDropDatabase(DbNotificationListener.java:513)
	at org.apache.hadoop.hive.metastore.MetaStoreListenerNotifier$26.notify(MetaStoreListenerNotifier.java:99)
	at org.apache.hadoop.hive.metastore.MetaStoreListenerNotifier.notifyEvent(MetaStoreListenerNotifier.java:339)
	at org.apache.hadoop.hive.metastore.HMSHandler.drop_database_core(HMSHandler.java:1785)
	at org.apache.hadoop.hive.metastore.HMSHandler.drop_database(HMSHandler.java:1869)
	at sun.reflect.GeneratedMethodAccessor74.invoke(Unknown Source)
	at sun.reflect.DelegatingMethodAccessorImpl.invoke(DelegatingMethodAccessorImpl.java:43)
	at java.lang.reflect.Method.invoke(Method.java:498)
	at org.apache.hadoop.hive.metastore.RetryingHMSHandler.invokeInternal(RetryingHMSHandler.java:147)
	at org.apache.hadoop.hive.metastore.RetryingHMSHandler.invoke(RetryingHMSHandler.java:108)
	at com.sun.proxy.$Proxy34.drop_database(Unknown Source)
	at org.apache.hadoop.hive.metastore.api.ThriftHiveMetastore$Processor$drop_database.getResult(ThriftHiveMetastore.java:18285)
	at org.apache.hadoop.hive.metastore.api.ThriftHiveMetastore$Processor$drop_database.getResult(ThriftHiveMetastore.java:18264)
	at org.apache.thrift.ProcessFunction.process(ProcessFunction.java:38)
	at org.apache.hadoop.hive.metastore.TUGIBasedProcessor$1.run(TUGIBasedProcessor.java:111)
	at org.apache.hadoop.hive.metastore.TUGIBasedProcessor$1.run(TUGIBasedProcessor.java:107)
	at java.security.AccessController.doPrivileged(Native Method)
	at javax.security.auth.Subject.doAs(Subject.java:422)
	at org.apache.hadoop.security.UserGroupInformation.doAs(UserGroupInformation.java:1682)
	at org.apache.hadoop.hive.metastore.TUGIBasedProcessor.process(TUGIBasedProcessor.java:119)
	at org.apache.thrift.server.TThreadPoolServer$WorkerProcess.run(TThreadPoolServer.java:248)
	at java.util.concurrent.ThreadPoolExecutor.runWorker(ThreadPoolExecutor.java:1149)
	at java.util.concurrent.ThreadPoolExecutor$Worker.run(ThreadPoolExecutor.java:624)
	at java.lang.Thread.run(Thread.java:750)
Caused by: org.apache.derby.shared.common.error.DerbySQLIntegrityConstraintViolationException: DELETE on table 'DBS' caused a violation of foreign key constraint 'TBLS_FK1' for key (11).  The statement has been rolled back.
	at org.apache.derby.impl.jdbc.SQLExceptionFactory.getSQLException(Unknown Source)
	at org.apache.derby.impl.jdbc.Util.generateCsSQLException(Unknown Source)
	at org.apache.derby.impl.jdbc.TransactionResourceImpl.wrapInSQLException(Unknown Source)
	at org.apache.derby.impl.jdbc.TransactionResourceImpl.handleException(Unknown Source)
	at org.apache.derby.impl.jdbc.EmbedConnection.handleException(Unknown Source)
	at org.apache.derby.impl.jdbc.ConnectionChild.handleException(Unknown Source)
	at org.apache.derby.impl.jdbc.EmbedStatement.executeStatement(Unknown Source)
	at org.apache.derby.impl.jdbc.EmbedPreparedStatement.executeBatchElement(Unknown Source)
	... 47 more
Caused by: ERROR 23503: DELETE on table 'DBS' caused a violation of foreign key constraint 'TBLS_FK1' for key (11).  The statement has been rolled back.
	at org.apache.derby.iapi.error.StandardException.newException(Unknown Source)
	at org.apache.derby.iapi.error.StandardException.newException(Unknown Source)
	at org.apache.derby.impl.sql.execute.ReferencedKeyRIChecker.doCheck(Unknown Source)
	at org.apache.derby.impl.sql.execute.RISetChecker.doPKCheck(Unknown Source)
	at org.apache.derby.impl.sql.execute.DeleteResultSet.collectAffectedRows(Unknown Source)
	at org.apache.derby.impl.sql.execute.DeleteResultSet.open(Unknown Source)
	at org.apache.derby.impl.sql.GenericPreparedStatement.executeStmt(Unknown Source)
	at org.apache.derby.impl.sql.GenericPreparedStatement.execute(Unknown Source)
	... 49 more

2024-04-24T12:08:53,258  INFO [TThreadPoolServer WorkerProcess-%d] HiveMetaStore.audit: ugi=alex	ip=127.0.0.1	cmd=source:127.0.0.1 drop_database: @hive#myDb	
2024-04-24T12:08:53,260  INFO [TThreadPoolServer WorkerProcess-%d] HiveMetaStore.audit: ugi=alex	ip=127.0.0.1	cmd=source:127.0.0.1 get_all_tables: db=@hive#myDb	
2024-04-24T12:08:53,261  INFO [TThreadPoolServer WorkerProcess-%d] HiveMetaStore.audit: ugi=alex	ip=127.0.0.1	cmd=source:127.0.0.1 get_functions: db=@hive#myDb pat=*	
2024-04-24T12:08:53,262  INFO [TThreadPoolServer WorkerProcess-%d] HiveMetaStore.audit: ugi=alex	ip=127.0.0.1	cmd=source:127.0.0.1 get_all_stored_procedures	
2024-04-24T12:08:53,263  INFO [TThreadPoolServer WorkerProcess-%d] HiveMetaStore.audit: ugi=alex	ip=127.0.0.1	cmd=source:127.0.0.1 get_all_packages	
2024-04-24T12:08:53,264  INFO [TThreadPoolServer WorkerProcess-%d] HiveMetaStore.audit: ugi=alex	ip=127.0.0.1	cmd=source:127.0.0.1 getTablesByTypeCore: catName=hive: db=myDb pat=.*,type=MATERIALIZED_VIEW	
2024-04-24T12:08:53,266  INFO [TThreadPoolServer WorkerProcess-%d] metastore.ObjectStore: Dropping database hive.myDb along with all tables
2024-04-24T12:08:53,269 ERROR [TThreadPoolServer WorkerProcess-%d] metastore.RetryingHMSHandler: Retrying HMSHandler after 2000 ms (attempt 8 of 10) with error: javax.jdo.JDODataStoreException: Exception thrown flushing changes to datastore
	at org.datanucleus.api.jdo.NucleusJDOHelper.getJDOExceptionForNucleusException(NucleusJDOHelper.java:542)
	at org.datanucleus.api.jdo.JDOPersistenceManager.flush(JDOPersistenceManager.java:2081)
	at org.apache.hadoop.hive.metastore.ObjectStore.addNotificationEvent(ObjectStore.java:11639)
	at sun.reflect.GeneratedMethodAccessor68.invoke(Unknown Source)
	at sun.reflect.DelegatingMethodAccessorImpl.invoke(DelegatingMethodAccessorImpl.java:43)
	at java.lang.reflect.Method.invoke(Method.java:498)
	at org.apache.hadoop.hive.metastore.RawStoreProxy.invoke(RawStoreProxy.java:97)
	at com.sun.proxy.$Proxy32.addNotificationEvent(Unknown Source)
	at org.apache.hive.hcatalog.listener.DbNotificationListener.process(DbNotificationListener.java:1403)
	at org.apache.hive.hcatalog.listener.DbNotificationListener.onDropDatabase(DbNotificationListener.java:513)
	at org.apache.hadoop.hive.metastore.MetaStoreListenerNotifier$26.notify(MetaStoreListenerNotifier.java:99)
	at org.apache.hadoop.hive.metastore.MetaStoreListenerNotifier.notifyEvent(MetaStoreListenerNotifier.java:339)
	at org.apache.hadoop.hive.metastore.HMSHandler.drop_database_core(HMSHandler.java:1785)
	at org.apache.hadoop.hive.metastore.HMSHandler.drop_database(HMSHandler.java:1869)
	at sun.reflect.GeneratedMethodAccessor74.invoke(Unknown Source)
	at sun.reflect.DelegatingMethodAccessorImpl.invoke(DelegatingMethodAccessorImpl.java:43)
	at java.lang.reflect.Method.invoke(Method.java:498)
	at org.apache.hadoop.hive.metastore.RetryingHMSHandler.invokeInternal(RetryingHMSHandler.java:147)
	at org.apache.hadoop.hive.metastore.RetryingHMSHandler.invoke(RetryingHMSHandler.java:108)
	at com.sun.proxy.$Proxy34.drop_database(Unknown Source)
	at org.apache.hadoop.hive.metastore.api.ThriftHiveMetastore$Processor$drop_database.getResult(ThriftHiveMetastore.java:18285)
	at org.apache.hadoop.hive.metastore.api.ThriftHiveMetastore$Processor$drop_database.getResult(ThriftHiveMetastore.java:18264)
	at org.apache.thrift.ProcessFunction.process(ProcessFunction.java:38)
	at org.apache.hadoop.hive.metastore.TUGIBasedProcessor$1.run(TUGIBasedProcessor.java:111)
	at org.apache.hadoop.hive.metastore.TUGIBasedProcessor$1.run(TUGIBasedProcessor.java:107)
	at java.security.AccessController.doPrivileged(Native Method)
	at javax.security.auth.Subject.doAs(Subject.java:422)
	at org.apache.hadoop.security.UserGroupInformation.doAs(UserGroupInformation.java:1682)
	at org.apache.hadoop.hive.metastore.TUGIBasedProcessor.process(TUGIBasedProcessor.java:119)
	at org.apache.thrift.server.TThreadPoolServer$WorkerProcess.run(TThreadPoolServer.java:248)
	at java.util.concurrent.ThreadPoolExecutor.runWorker(ThreadPoolExecutor.java:1149)
	at java.util.concurrent.ThreadPoolExecutor$Worker.run(ThreadPoolExecutor.java:624)
	at java.lang.Thread.run(Thread.java:750)
NestedThrowablesStackTrace:
java.sql.BatchUpdateException: DELETE on table 'DBS' caused a violation of foreign key constraint 'TBLS_FK1' for key (11).  The statement has been rolled back.
	at org.apache.derby.impl.jdbc.EmbedStatement.executeLargeBatch(Unknown Source)
	at org.apache.derby.impl.jdbc.EmbedStatement.executeBatch(Unknown Source)
	at com.zaxxer.hikari.pool.ProxyStatement.executeBatch(ProxyStatement.java:128)
	at com.zaxxer.hikari.pool.HikariProxyPreparedStatement.executeBatch(HikariProxyPreparedStatement.java)
	at org.datanucleus.store.rdbms.ParamLoggingPreparedStatement.executeBatch(ParamLoggingPreparedStatement.java:366)
	at org.datanucleus.store.rdbms.SQLController.processConnectionStatement(SQLController.java:675)
	at org.datanucleus.store.rdbms.SQLController.processStatementsForConnection(SQLController.java:643)
	at org.datanucleus.store.rdbms.SQLController$1.transactionFlushed(SQLController.java:729)
	at org.datanucleus.store.connection.AbstractManagedConnection.transactionFlushed(AbstractManagedConnection.java:95)
	at org.datanucleus.store.connection.ConnectionManagerImpl$2.transactionFlushed(ConnectionManagerImpl.java:528)
	at org.datanucleus.TransactionImpl.flush(TransactionImpl.java:222)
	at org.datanucleus.ExecutionContextImpl.flushInternal(ExecutionContextImpl.java:4068)
	at org.datanucleus.ExecutionContextThreadedImpl.flushInternal(ExecutionContextThreadedImpl.java:448)
	at org.datanucleus.ExecutionContextImpl.flush(ExecutionContextImpl.java:4009)
	at org.datanucleus.ExecutionContextThreadedImpl.flush(ExecutionContextThreadedImpl.java:434)
	at org.datanucleus.api.jdo.JDOPersistenceManager.flush(JDOPersistenceManager.java:2064)
	at org.apache.hadoop.hive.metastore.ObjectStore.addNotificationEvent(ObjectStore.java:11639)
	at sun.reflect.GeneratedMethodAccessor68.invoke(Unknown Source)
	at sun.reflect.DelegatingMethodAccessorImpl.invoke(DelegatingMethodAccessorImpl.java:43)
	at java.lang.reflect.Method.invoke(Method.java:498)
	at org.apache.hadoop.hive.metastore.RawStoreProxy.invoke(RawStoreProxy.java:97)
	at com.sun.proxy.$Proxy32.addNotificationEvent(Unknown Source)
	at org.apache.hive.hcatalog.listener.DbNotificationListener.process(DbNotificationListener.java:1403)
	at org.apache.hive.hcatalog.listener.DbNotificationListener.onDropDatabase(DbNotificationListener.java:513)
	at org.apache.hadoop.hive.metastore.MetaStoreListenerNotifier$26.notify(MetaStoreListenerNotifier.java:99)
	at org.apache.hadoop.hive.metastore.MetaStoreListenerNotifier.notifyEvent(MetaStoreListenerNotifier.java:339)
	at org.apache.hadoop.hive.metastore.HMSHandler.drop_database_core(HMSHandler.java:1785)
	at org.apache.hadoop.hive.metastore.HMSHandler.drop_database(HMSHandler.java:1869)
	at sun.reflect.GeneratedMethodAccessor74.invoke(Unknown Source)
	at sun.reflect.DelegatingMethodAccessorImpl.invoke(DelegatingMethodAccessorImpl.java:43)
	at java.lang.reflect.Method.invoke(Method.java:498)
	at org.apache.hadoop.hive.metastore.RetryingHMSHandler.invokeInternal(RetryingHMSHandler.java:147)
	at org.apache.hadoop.hive.metastore.RetryingHMSHandler.invoke(RetryingHMSHandler.java:108)
	at com.sun.proxy.$Proxy34.drop_database(Unknown Source)
	at org.apache.hadoop.hive.metastore.api.ThriftHiveMetastore$Processor$drop_database.getResult(ThriftHiveMetastore.java:18285)
	at org.apache.hadoop.hive.metastore.api.ThriftHiveMetastore$Processor$drop_database.getResult(ThriftHiveMetastore.java:18264)
	at org.apache.thrift.ProcessFunction.process(ProcessFunction.java:38)
	at org.apache.hadoop.hive.metastore.TUGIBasedProcessor$1.run(TUGIBasedProcessor.java:111)
	at org.apache.hadoop.hive.metastore.TUGIBasedProcessor$1.run(TUGIBasedProcessor.java:107)
	at java.security.AccessController.doPrivileged(Native Method)
	at javax.security.auth.Subject.doAs(Subject.java:422)
	at org.apache.hadoop.security.UserGroupInformation.doAs(UserGroupInformation.java:1682)
	at org.apache.hadoop.hive.metastore.TUGIBasedProcessor.process(TUGIBasedProcessor.java:119)
	at org.apache.thrift.server.TThreadPoolServer$WorkerProcess.run(TThreadPoolServer.java:248)
	at java.util.concurrent.ThreadPoolExecutor.runWorker(ThreadPoolExecutor.java:1149)
	at java.util.concurrent.ThreadPoolExecutor$Worker.run(ThreadPoolExecutor.java:624)
	at java.lang.Thread.run(Thread.java:750)
Caused by: org.apache.derby.shared.common.error.DerbySQLIntegrityConstraintViolationException: DELETE on table 'DBS' caused a violation of foreign key constraint 'TBLS_FK1' for key (11).  The statement has been rolled back.
	at org.apache.derby.impl.jdbc.SQLExceptionFactory.getSQLException(Unknown Source)
	at org.apache.derby.impl.jdbc.Util.generateCsSQLException(Unknown Source)
	at org.apache.derby.impl.jdbc.TransactionResourceImpl.wrapInSQLException(Unknown Source)
	at org.apache.derby.impl.jdbc.TransactionResourceImpl.handleException(Unknown Source)
	at org.apache.derby.impl.jdbc.EmbedConnection.handleException(Unknown Source)
	at org.apache.derby.impl.jdbc.ConnectionChild.handleException(Unknown Source)
	at org.apache.derby.impl.jdbc.EmbedStatement.executeStatement(Unknown Source)
	at org.apache.derby.impl.jdbc.EmbedPreparedStatement.executeBatchElement(Unknown Source)
	... 47 more
Caused by: ERROR 23503: DELETE on table 'DBS' caused a violation of foreign key constraint 'TBLS_FK1' for key (11).  The statement has been rolled back.
	at org.apache.derby.iapi.error.StandardException.newException(Unknown Source)
	at org.apache.derby.iapi.error.StandardException.newException(Unknown Source)
	at org.apache.derby.impl.sql.execute.ReferencedKeyRIChecker.doCheck(Unknown Source)
	at org.apache.derby.impl.sql.execute.RISetChecker.doPKCheck(Unknown Source)
	at org.apache.derby.impl.sql.execute.DeleteResultSet.collectAffectedRows(Unknown Source)
	at org.apache.derby.impl.sql.execute.DeleteResultSet.open(Unknown Source)
	at org.apache.derby.impl.sql.GenericPreparedStatement.executeStmt(Unknown Source)
	at org.apache.derby.impl.sql.GenericPreparedStatement.execute(Unknown Source)
	... 49 more

2024-04-24T12:08:55,269  INFO [TThreadPoolServer WorkerProcess-%d] HiveMetaStore.audit: ugi=alex	ip=127.0.0.1	cmd=source:127.0.0.1 drop_database: @hive#myDb	
2024-04-24T12:08:55,272  INFO [TThreadPoolServer WorkerProcess-%d] HiveMetaStore.audit: ugi=alex	ip=127.0.0.1	cmd=source:127.0.0.1 get_all_tables: db=@hive#myDb	
2024-04-24T12:08:55,273  INFO [TThreadPoolServer WorkerProcess-%d] HiveMetaStore.audit: ugi=alex	ip=127.0.0.1	cmd=source:127.0.0.1 get_functions: db=@hive#myDb pat=*	
2024-04-24T12:08:55,275  INFO [TThreadPoolServer WorkerProcess-%d] HiveMetaStore.audit: ugi=alex	ip=127.0.0.1	cmd=source:127.0.0.1 get_all_stored_procedures	
2024-04-24T12:08:55,275  INFO [TThreadPoolServer WorkerProcess-%d] HiveMetaStore.audit: ugi=alex	ip=127.0.0.1	cmd=source:127.0.0.1 get_all_packages	
2024-04-24T12:08:55,276  INFO [TThreadPoolServer WorkerProcess-%d] HiveMetaStore.audit: ugi=alex	ip=127.0.0.1	cmd=source:127.0.0.1 getTablesByTypeCore: catName=hive: db=myDb pat=.*,type=MATERIALIZED_VIEW	
2024-04-24T12:08:55,278  INFO [TThreadPoolServer WorkerProcess-%d] metastore.ObjectStore: Dropping database hive.myDb along with all tables
2024-04-24T12:08:55,281 ERROR [TThreadPoolServer WorkerProcess-%d] metastore.RetryingHMSHandler: Retrying HMSHandler after 2000 ms (attempt 9 of 10) with error: javax.jdo.JDODataStoreException: Exception thrown flushing changes to datastore
	at org.datanucleus.api.jdo.NucleusJDOHelper.getJDOExceptionForNucleusException(NucleusJDOHelper.java:542)
	at org.datanucleus.api.jdo.JDOPersistenceManager.flush(JDOPersistenceManager.java:2081)
	at org.apache.hadoop.hive.metastore.ObjectStore.addNotificationEvent(ObjectStore.java:11639)
	at sun.reflect.GeneratedMethodAccessor68.invoke(Unknown Source)
	at sun.reflect.DelegatingMethodAccessorImpl.invoke(DelegatingMethodAccessorImpl.java:43)
	at java.lang.reflect.Method.invoke(Method.java:498)
	at org.apache.hadoop.hive.metastore.RawStoreProxy.invoke(RawStoreProxy.java:97)
	at com.sun.proxy.$Proxy32.addNotificationEvent(Unknown Source)
	at org.apache.hive.hcatalog.listener.DbNotificationListener.process(DbNotificationListener.java:1403)
	at org.apache.hive.hcatalog.listener.DbNotificationListener.onDropDatabase(DbNotificationListener.java:513)
	at org.apache.hadoop.hive.metastore.MetaStoreListenerNotifier$26.notify(MetaStoreListenerNotifier.java:99)
	at org.apache.hadoop.hive.metastore.MetaStoreListenerNotifier.notifyEvent(MetaStoreListenerNotifier.java:339)
	at org.apache.hadoop.hive.metastore.HMSHandler.drop_database_core(HMSHandler.java:1785)
	at org.apache.hadoop.hive.metastore.HMSHandler.drop_database(HMSHandler.java:1869)
	at sun.reflect.GeneratedMethodAccessor74.invoke(Unknown Source)
	at sun.reflect.DelegatingMethodAccessorImpl.invoke(DelegatingMethodAccessorImpl.java:43)
	at java.lang.reflect.Method.invoke(Method.java:498)
	at org.apache.hadoop.hive.metastore.RetryingHMSHandler.invokeInternal(RetryingHMSHandler.java:147)
	at org.apache.hadoop.hive.metastore.RetryingHMSHandler.invoke(RetryingHMSHandler.java:108)
	at com.sun.proxy.$Proxy34.drop_database(Unknown Source)
	at org.apache.hadoop.hive.metastore.api.ThriftHiveMetastore$Processor$drop_database.getResult(ThriftHiveMetastore.java:18285)
	at org.apache.hadoop.hive.metastore.api.ThriftHiveMetastore$Processor$drop_database.getResult(ThriftHiveMetastore.java:18264)
	at org.apache.thrift.ProcessFunction.process(ProcessFunction.java:38)
	at org.apache.hadoop.hive.metastore.TUGIBasedProcessor$1.run(TUGIBasedProcessor.java:111)
	at org.apache.hadoop.hive.metastore.TUGIBasedProcessor$1.run(TUGIBasedProcessor.java:107)
	at java.security.AccessController.doPrivileged(Native Method)
	at javax.security.auth.Subject.doAs(Subject.java:422)
	at org.apache.hadoop.security.UserGroupInformation.doAs(UserGroupInformation.java:1682)
	at org.apache.hadoop.hive.metastore.TUGIBasedProcessor.process(TUGIBasedProcessor.java:119)
	at org.apache.thrift.server.TThreadPoolServer$WorkerProcess.run(TThreadPoolServer.java:248)
	at java.util.concurrent.ThreadPoolExecutor.runWorker(ThreadPoolExecutor.java:1149)
	at java.util.concurrent.ThreadPoolExecutor$Worker.run(ThreadPoolExecutor.java:624)
	at java.lang.Thread.run(Thread.java:750)
NestedThrowablesStackTrace:
java.sql.BatchUpdateException: DELETE on table 'DBS' caused a violation of foreign key constraint 'TBLS_FK1' for key (11).  The statement has been rolled back.
	at org.apache.derby.impl.jdbc.EmbedStatement.executeLargeBatch(Unknown Source)
	at org.apache.derby.impl.jdbc.EmbedStatement.executeBatch(Unknown Source)
	at com.zaxxer.hikari.pool.ProxyStatement.executeBatch(ProxyStatement.java:128)
	at com.zaxxer.hikari.pool.HikariProxyPreparedStatement.executeBatch(HikariProxyPreparedStatement.java)
	at org.datanucleus.store.rdbms.ParamLoggingPreparedStatement.executeBatch(ParamLoggingPreparedStatement.java:366)
	at org.datanucleus.store.rdbms.SQLController.processConnectionStatement(SQLController.java:675)
	at org.datanucleus.store.rdbms.SQLController.processStatementsForConnection(SQLController.java:643)
	at org.datanucleus.store.rdbms.SQLController$1.transactionFlushed(SQLController.java:729)
	at org.datanucleus.store.connection.AbstractManagedConnection.transactionFlushed(AbstractManagedConnection.java:95)
	at org.datanucleus.store.connection.ConnectionManagerImpl$2.transactionFlushed(ConnectionManagerImpl.java:528)
	at org.datanucleus.TransactionImpl.flush(TransactionImpl.java:222)
	at org.datanucleus.ExecutionContextImpl.flushInternal(ExecutionContextImpl.java:4068)
	at org.datanucleus.ExecutionContextThreadedImpl.flushInternal(ExecutionContextThreadedImpl.java:448)
	at org.datanucleus.ExecutionContextImpl.flush(ExecutionContextImpl.java:4009)
	at org.datanucleus.ExecutionContextThreadedImpl.flush(ExecutionContextThreadedImpl.java:434)
	at org.datanucleus.api.jdo.JDOPersistenceManager.flush(JDOPersistenceManager.java:2064)
	at org.apache.hadoop.hive.metastore.ObjectStore.addNotificationEvent(ObjectStore.java:11639)
	at sun.reflect.GeneratedMethodAccessor68.invoke(Unknown Source)
	at sun.reflect.DelegatingMethodAccessorImpl.invoke(DelegatingMethodAccessorImpl.java:43)
	at java.lang.reflect.Method.invoke(Method.java:498)
	at org.apache.hadoop.hive.metastore.RawStoreProxy.invoke(RawStoreProxy.java:97)
	at com.sun.proxy.$Proxy32.addNotificationEvent(Unknown Source)
	at org.apache.hive.hcatalog.listener.DbNotificationListener.process(DbNotificationListener.java:1403)
	at org.apache.hive.hcatalog.listener.DbNotificationListener.onDropDatabase(DbNotificationListener.java:513)
	at org.apache.hadoop.hive.metastore.MetaStoreListenerNotifier$26.notify(MetaStoreListenerNotifier.java:99)
	at org.apache.hadoop.hive.metastore.MetaStoreListenerNotifier.notifyEvent(MetaStoreListenerNotifier.java:339)
	at org.apache.hadoop.hive.metastore.HMSHandler.drop_database_core(HMSHandler.java:1785)
	at org.apache.hadoop.hive.metastore.HMSHandler.drop_database(HMSHandler.java:1869)
	at sun.reflect.GeneratedMethodAccessor74.invoke(Unknown Source)
	at sun.reflect.DelegatingMethodAccessorImpl.invoke(DelegatingMethodAccessorImpl.java:43)
	at java.lang.reflect.Method.invoke(Method.java:498)
	at org.apache.hadoop.hive.metastore.RetryingHMSHandler.invokeInternal(RetryingHMSHandler.java:147)
	at org.apache.hadoop.hive.metastore.RetryingHMSHandler.invoke(RetryingHMSHandler.java:108)
	at com.sun.proxy.$Proxy34.drop_database(Unknown Source)
	at org.apache.hadoop.hive.metastore.api.ThriftHiveMetastore$Processor$drop_database.getResult(ThriftHiveMetastore.java:18285)
	at org.apache.hadoop.hive.metastore.api.ThriftHiveMetastore$Processor$drop_database.getResult(ThriftHiveMetastore.java:18264)
	at org.apache.thrift.ProcessFunction.process(ProcessFunction.java:38)
	at org.apache.hadoop.hive.metastore.TUGIBasedProcessor$1.run(TUGIBasedProcessor.java:111)
	at org.apache.hadoop.hive.metastore.TUGIBasedProcessor$1.run(TUGIBasedProcessor.java:107)
	at java.security.AccessController.doPrivileged(Native Method)
	at javax.security.auth.Subject.doAs(Subject.java:422)
	at org.apache.hadoop.security.UserGroupInformation.doAs(UserGroupInformation.java:1682)
	at org.apache.hadoop.hive.metastore.TUGIBasedProcessor.process(TUGIBasedProcessor.java:119)
	at org.apache.thrift.server.TThreadPoolServer$WorkerProcess.run(TThreadPoolServer.java:248)
	at java.util.concurrent.ThreadPoolExecutor.runWorker(ThreadPoolExecutor.java:1149)
	at java.util.concurrent.ThreadPoolExecutor$Worker.run(ThreadPoolExecutor.java:624)
	at java.lang.Thread.run(Thread.java:750)
Caused by: org.apache.derby.shared.common.error.DerbySQLIntegrityConstraintViolationException: DELETE on table 'DBS' caused a violation of foreign key constraint 'TBLS_FK1' for key (11).  The statement has been rolled back.
	at org.apache.derby.impl.jdbc.SQLExceptionFactory.getSQLException(Unknown Source)
	at org.apache.derby.impl.jdbc.Util.generateCsSQLException(Unknown Source)
	at org.apache.derby.impl.jdbc.TransactionResourceImpl.wrapInSQLException(Unknown Source)
	at org.apache.derby.impl.jdbc.TransactionResourceImpl.handleException(Unknown Source)
	at org.apache.derby.impl.jdbc.EmbedConnection.handleException(Unknown Source)
	at org.apache.derby.impl.jdbc.ConnectionChild.handleException(Unknown Source)
	at org.apache.derby.impl.jdbc.EmbedStatement.executeStatement(Unknown Source)
	at org.apache.derby.impl.jdbc.EmbedPreparedStatement.executeBatchElement(Unknown Source)
	... 47 more
Caused by: ERROR 23503: DELETE on table 'DBS' caused a violation of foreign key constraint 'TBLS_FK1' for key (11).  The statement has been rolled back.
	at org.apache.derby.iapi.error.StandardException.newException(Unknown Source)
	at org.apache.derby.iapi.error.StandardException.newException(Unknown Source)
	at org.apache.derby.impl.sql.execute.ReferencedKeyRIChecker.doCheck(Unknown Source)
	at org.apache.derby.impl.sql.execute.RISetChecker.doPKCheck(Unknown Source)
	at org.apache.derby.impl.sql.execute.DeleteResultSet.collectAffectedRows(Unknown Source)
	at org.apache.derby.impl.sql.execute.DeleteResultSet.open(Unknown Source)
	at org.apache.derby.impl.sql.GenericPreparedStatement.executeStmt(Unknown Source)
	at org.apache.derby.impl.sql.GenericPreparedStatement.execute(Unknown Source)
	... 49 more

2024-04-24T12:08:57,282  INFO [TThreadPoolServer WorkerProcess-%d] HiveMetaStore.audit: ugi=alex	ip=127.0.0.1	cmd=source:127.0.0.1 drop_database: @hive#myDb	
2024-04-24T12:08:57,285  INFO [TThreadPoolServer WorkerProcess-%d] HiveMetaStore.audit: ugi=alex	ip=127.0.0.1	cmd=source:127.0.0.1 get_all_tables: db=@hive#myDb	
2024-04-24T12:08:57,286  INFO [TThreadPoolServer WorkerProcess-%d] HiveMetaStore.audit: ugi=alex	ip=127.0.0.1	cmd=source:127.0.0.1 get_functions: db=@hive#myDb pat=*	
2024-04-24T12:08:57,289  INFO [TThreadPoolServer WorkerProcess-%d] HiveMetaStore.audit: ugi=alex	ip=127.0.0.1	cmd=source:127.0.0.1 get_all_stored_procedures	
2024-04-24T12:08:57,289  INFO [TThreadPoolServer WorkerProcess-%d] HiveMetaStore.audit: ugi=alex	ip=127.0.0.1	cmd=source:127.0.0.1 get_all_packages	
2024-04-24T12:08:57,290  INFO [TThreadPoolServer WorkerProcess-%d] HiveMetaStore.audit: ugi=alex	ip=127.0.0.1	cmd=source:127.0.0.1 getTablesByTypeCore: catName=hive: db=myDb pat=.*,type=MATERIALIZED_VIEW	
2024-04-24T12:08:57,292  INFO [TThreadPoolServer WorkerProcess-%d] metastore.ObjectStore: Dropping database hive.myDb along with all tables
2024-04-24T12:08:57,294 ERROR [TThreadPoolServer WorkerProcess-%d] metastore.RetryingHMSHandler: Retrying HMSHandler after 2000 ms (attempt 10 of 10) with error: javax.jdo.JDODataStoreException: Exception thrown flushing changes to datastore
	at org.datanucleus.api.jdo.NucleusJDOHelper.getJDOExceptionForNucleusException(NucleusJDOHelper.java:542)
	at org.datanucleus.api.jdo.JDOPersistenceManager.flush(JDOPersistenceManager.java:2081)
	at org.apache.hadoop.hive.metastore.ObjectStore.addNotificationEvent(ObjectStore.java:11639)
	at sun.reflect.GeneratedMethodAccessor68.invoke(Unknown Source)
	at sun.reflect.DelegatingMethodAccessorImpl.invoke(DelegatingMethodAccessorImpl.java:43)
	at java.lang.reflect.Method.invoke(Method.java:498)
	at org.apache.hadoop.hive.metastore.RawStoreProxy.invoke(RawStoreProxy.java:97)
	at com.sun.proxy.$Proxy32.addNotificationEvent(Unknown Source)
	at org.apache.hive.hcatalog.listener.DbNotificationListener.process(DbNotificationListener.java:1403)
	at org.apache.hive.hcatalog.listener.DbNotificationListener.onDropDatabase(DbNotificationListener.java:513)
	at org.apache.hadoop.hive.metastore.MetaStoreListenerNotifier$26.notify(MetaStoreListenerNotifier.java:99)
	at org.apache.hadoop.hive.metastore.MetaStoreListenerNotifier.notifyEvent(MetaStoreListenerNotifier.java:339)
	at org.apache.hadoop.hive.metastore.HMSHandler.drop_database_core(HMSHandler.java:1785)
	at org.apache.hadoop.hive.metastore.HMSHandler.drop_database(HMSHandler.java:1869)
	at sun.reflect.GeneratedMethodAccessor74.invoke(Unknown Source)
	at sun.reflect.DelegatingMethodAccessorImpl.invoke(DelegatingMethodAccessorImpl.java:43)
	at java.lang.reflect.Method.invoke(Method.java:498)
	at org.apache.hadoop.hive.metastore.RetryingHMSHandler.invokeInternal(RetryingHMSHandler.java:147)
	at org.apache.hadoop.hive.metastore.RetryingHMSHandler.invoke(RetryingHMSHandler.java:108)
	at com.sun.proxy.$Proxy34.drop_database(Unknown Source)
	at org.apache.hadoop.hive.metastore.api.ThriftHiveMetastore$Processor$drop_database.getResult(ThriftHiveMetastore.java:18285)
	at org.apache.hadoop.hive.metastore.api.ThriftHiveMetastore$Processor$drop_database.getResult(ThriftHiveMetastore.java:18264)
	at org.apache.thrift.ProcessFunction.process(ProcessFunction.java:38)
	at org.apache.hadoop.hive.metastore.TUGIBasedProcessor$1.run(TUGIBasedProcessor.java:111)
	at org.apache.hadoop.hive.metastore.TUGIBasedProcessor$1.run(TUGIBasedProcessor.java:107)
	at java.security.AccessController.doPrivileged(Native Method)
	at javax.security.auth.Subject.doAs(Subject.java:422)
	at org.apache.hadoop.security.UserGroupInformation.doAs(UserGroupInformation.java:1682)
	at org.apache.hadoop.hive.metastore.TUGIBasedProcessor.process(TUGIBasedProcessor.java:119)
	at org.apache.thrift.server.TThreadPoolServer$WorkerProcess.run(TThreadPoolServer.java:248)
	at java.util.concurrent.ThreadPoolExecutor.runWorker(ThreadPoolExecutor.java:1149)
	at java.util.concurrent.ThreadPoolExecutor$Worker.run(ThreadPoolExecutor.java:624)
	at java.lang.Thread.run(Thread.java:750)
NestedThrowablesStackTrace:
java.sql.BatchUpdateException: DELETE on table 'DBS' caused a violation of foreign key constraint 'TBLS_FK1' for key (11).  The statement has been rolled back.
	at org.apache.derby.impl.jdbc.EmbedStatement.executeLargeBatch(Unknown Source)
	at org.apache.derby.impl.jdbc.EmbedStatement.executeBatch(Unknown Source)
	at com.zaxxer.hikari.pool.ProxyStatement.executeBatch(ProxyStatement.java:128)
	at com.zaxxer.hikari.pool.HikariProxyPreparedStatement.executeBatch(HikariProxyPreparedStatement.java)
	at org.datanucleus.store.rdbms.ParamLoggingPreparedStatement.executeBatch(ParamLoggingPreparedStatement.java:366)
	at org.datanucleus.store.rdbms.SQLController.processConnectionStatement(SQLController.java:675)
	at org.datanucleus.store.rdbms.SQLController.processStatementsForConnection(SQLController.java:643)
	at org.datanucleus.store.rdbms.SQLController$1.transactionFlushed(SQLController.java:729)
	at org.datanucleus.store.connection.AbstractManagedConnection.transactionFlushed(AbstractManagedConnection.java:95)
	at org.datanucleus.store.connection.ConnectionManagerImpl$2.transactionFlushed(ConnectionManagerImpl.java:528)
	at org.datanucleus.TransactionImpl.flush(TransactionImpl.java:222)
	at org.datanucleus.ExecutionContextImpl.flushInternal(ExecutionContextImpl.java:4068)
	at org.datanucleus.ExecutionContextThreadedImpl.flushInternal(ExecutionContextThreadedImpl.java:448)
	at org.datanucleus.ExecutionContextImpl.flush(ExecutionContextImpl.java:4009)
	at org.datanucleus.ExecutionContextThreadedImpl.flush(ExecutionContextThreadedImpl.java:434)
	at org.datanucleus.api.jdo.JDOPersistenceManager.flush(JDOPersistenceManager.java:2064)
	at org.apache.hadoop.hive.metastore.ObjectStore.addNotificationEvent(ObjectStore.java:11639)
	at sun.reflect.GeneratedMethodAccessor68.invoke(Unknown Source)
	at sun.reflect.DelegatingMethodAccessorImpl.invoke(DelegatingMethodAccessorImpl.java:43)
	at java.lang.reflect.Method.invoke(Method.java:498)
	at org.apache.hadoop.hive.metastore.RawStoreProxy.invoke(RawStoreProxy.java:97)
	at com.sun.proxy.$Proxy32.addNotificationEvent(Unknown Source)
	at org.apache.hive.hcatalog.listener.DbNotificationListener.process(DbNotificationListener.java:1403)
	at org.apache.hive.hcatalog.listener.DbNotificationListener.onDropDatabase(DbNotificationListener.java:513)
	at org.apache.hadoop.hive.metastore.MetaStoreListenerNotifier$26.notify(MetaStoreListenerNotifier.java:99)
	at org.apache.hadoop.hive.metastore.MetaStoreListenerNotifier.notifyEvent(MetaStoreListenerNotifier.java:339)
	at org.apache.hadoop.hive.metastore.HMSHandler.drop_database_core(HMSHandler.java:1785)
	at org.apache.hadoop.hive.metastore.HMSHandler.drop_database(HMSHandler.java:1869)
	at sun.reflect.GeneratedMethodAccessor74.invoke(Unknown Source)
	at sun.reflect.DelegatingMethodAccessorImpl.invoke(DelegatingMethodAccessorImpl.java:43)
	at java.lang.reflect.Method.invoke(Method.java:498)
	at org.apache.hadoop.hive.metastore.RetryingHMSHandler.invokeInternal(RetryingHMSHandler.java:147)
	at org.apache.hadoop.hive.metastore.RetryingHMSHandler.invoke(RetryingHMSHandler.java:108)
	at com.sun.proxy.$Proxy34.drop_database(Unknown Source)
	at org.apache.hadoop.hive.metastore.api.ThriftHiveMetastore$Processor$drop_database.getResult(ThriftHiveMetastore.java:18285)
	at org.apache.hadoop.hive.metastore.api.ThriftHiveMetastore$Processor$drop_database.getResult(ThriftHiveMetastore.java:18264)
	at org.apache.thrift.ProcessFunction.process(ProcessFunction.java:38)
	at org.apache.hadoop.hive.metastore.TUGIBasedProcessor$1.run(TUGIBasedProcessor.java:111)
	at org.apache.hadoop.hive.metastore.TUGIBasedProcessor$1.run(TUGIBasedProcessor.java:107)
	at java.security.AccessController.doPrivileged(Native Method)
	at javax.security.auth.Subject.doAs(Subject.java:422)
	at org.apache.hadoop.security.UserGroupInformation.doAs(UserGroupInformation.java:1682)
	at org.apache.hadoop.hive.metastore.TUGIBasedProcessor.process(TUGIBasedProcessor.java:119)
	at org.apache.thrift.server.TThreadPoolServer$WorkerProcess.run(TThreadPoolServer.java:248)
	at java.util.concurrent.ThreadPoolExecutor.runWorker(ThreadPoolExecutor.java:1149)
	at java.util.concurrent.ThreadPoolExecutor$Worker.run(ThreadPoolExecutor.java:624)
	at java.lang.Thread.run(Thread.java:750)
Caused by: org.apache.derby.shared.common.error.DerbySQLIntegrityConstraintViolationException: DELETE on table 'DBS' caused a violation of foreign key constraint 'TBLS_FK1' for key (11).  The statement has been rolled back.
	at org.apache.derby.impl.jdbc.SQLExceptionFactory.getSQLException(Unknown Source)
	at org.apache.derby.impl.jdbc.Util.generateCsSQLException(Unknown Source)
	at org.apache.derby.impl.jdbc.TransactionResourceImpl.wrapInSQLException(Unknown Source)
	at org.apache.derby.impl.jdbc.TransactionResourceImpl.handleException(Unknown Source)
	at org.apache.derby.impl.jdbc.EmbedConnection.handleException(Unknown Source)
	at org.apache.derby.impl.jdbc.ConnectionChild.handleException(Unknown Source)
	at org.apache.derby.impl.jdbc.EmbedStatement.executeStatement(Unknown Source)
	at org.apache.derby.impl.jdbc.EmbedPreparedStatement.executeBatchElement(Unknown Source)
	... 47 more
Caused by: ERROR 23503: DELETE on table 'DBS' caused a violation of foreign key constraint 'TBLS_FK1' for key (11).  The statement has been rolled back.
	at org.apache.derby.iapi.error.StandardException.newException(Unknown Source)
	at org.apache.derby.iapi.error.StandardException.newException(Unknown Source)
	at org.apache.derby.impl.sql.execute.ReferencedKeyRIChecker.doCheck(Unknown Source)
	at org.apache.derby.impl.sql.execute.RISetChecker.doPKCheck(Unknown Source)
	at org.apache.derby.impl.sql.execute.DeleteResultSet.collectAffectedRows(Unknown Source)
	at org.apache.derby.impl.sql.execute.DeleteResultSet.open(Unknown Source)
	at org.apache.derby.impl.sql.GenericPreparedStatement.executeStmt(Unknown Source)
	at org.apache.derby.impl.sql.GenericPreparedStatement.execute(Unknown Source)
	... 49 more

2024-04-24T12:08:59,295  INFO [TThreadPoolServer WorkerProcess-%d] HiveMetaStore.audit: ugi=alex	ip=127.0.0.1	cmd=source:127.0.0.1 drop_database: @hive#myDb	
2024-04-24T12:08:59,296  INFO [TThreadPoolServer WorkerProcess-%d] HiveMetaStore.audit: ugi=alex	ip=127.0.0.1	cmd=source:127.0.0.1 get_all_tables: db=@hive#myDb	
2024-04-24T12:08:59,297  INFO [TThreadPoolServer WorkerProcess-%d] HiveMetaStore.audit: ugi=alex	ip=127.0.0.1	cmd=source:127.0.0.1 get_functions: db=@hive#myDb pat=*	
2024-04-24T12:08:59,298  INFO [TThreadPoolServer WorkerProcess-%d] HiveMetaStore.audit: ugi=alex	ip=127.0.0.1	cmd=source:127.0.0.1 get_all_stored_procedures	
2024-04-24T12:08:59,299  INFO [TThreadPoolServer WorkerProcess-%d] HiveMetaStore.audit: ugi=alex	ip=127.0.0.1	cmd=source:127.0.0.1 get_all_packages	
2024-04-24T12:08:59,300  INFO [TThreadPoolServer WorkerProcess-%d] HiveMetaStore.audit: ugi=alex	ip=127.0.0.1	cmd=source:127.0.0.1 getTablesByTypeCore: catName=hive: db=myDb pat=.*,type=MATERIALIZED_VIEW	
2024-04-24T12:08:59,301  INFO [TThreadPoolServer WorkerProcess-%d] metastore.ObjectStore: Dropping database hive.myDb along with all tables
2024-04-24T12:08:59,304 ERROR [TThreadPoolServer WorkerProcess-%d] metastore.RetryingHMSHandler: HMSHandler Fatal error: javax.jdo.JDODataStoreException: Exception thrown flushing changes to datastore
	at org.datanucleus.api.jdo.NucleusJDOHelper.getJDOExceptionForNucleusException(NucleusJDOHelper.java:542)
	at org.datanucleus.api.jdo.JDOPersistenceManager.flush(JDOPersistenceManager.java:2081)
	at org.apache.hadoop.hive.metastore.ObjectStore.addNotificationEvent(ObjectStore.java:11639)
	at sun.reflect.GeneratedMethodAccessor68.invoke(Unknown Source)
	at sun.reflect.DelegatingMethodAccessorImpl.invoke(DelegatingMethodAccessorImpl.java:43)
	at java.lang.reflect.Method.invoke(Method.java:498)
	at org.apache.hadoop.hive.metastore.RawStoreProxy.invoke(RawStoreProxy.java:97)
	at com.sun.proxy.$Proxy32.addNotificationEvent(Unknown Source)
	at org.apache.hive.hcatalog.listener.DbNotificationListener.process(DbNotificationListener.java:1403)
	at org.apache.hive.hcatalog.listener.DbNotificationListener.onDropDatabase(DbNotificationListener.java:513)
	at org.apache.hadoop.hive.metastore.MetaStoreListenerNotifier$26.notify(MetaStoreListenerNotifier.java:99)
	at org.apache.hadoop.hive.metastore.MetaStoreListenerNotifier.notifyEvent(MetaStoreListenerNotifier.java:339)
	at org.apache.hadoop.hive.metastore.HMSHandler.drop_database_core(HMSHandler.java:1785)
	at org.apache.hadoop.hive.metastore.HMSHandler.drop_database(HMSHandler.java:1869)
	at sun.reflect.GeneratedMethodAccessor74.invoke(Unknown Source)
	at sun.reflect.DelegatingMethodAccessorImpl.invoke(DelegatingMethodAccessorImpl.java:43)
	at java.lang.reflect.Method.invoke(Method.java:498)
	at org.apache.hadoop.hive.metastore.RetryingHMSHandler.invokeInternal(RetryingHMSHandler.java:147)
	at org.apache.hadoop.hive.metastore.RetryingHMSHandler.invoke(RetryingHMSHandler.java:108)
	at com.sun.proxy.$Proxy34.drop_database(Unknown Source)
	at org.apache.hadoop.hive.metastore.api.ThriftHiveMetastore$Processor$drop_database.getResult(ThriftHiveMetastore.java:18285)
	at org.apache.hadoop.hive.metastore.api.ThriftHiveMetastore$Processor$drop_database.getResult(ThriftHiveMetastore.java:18264)
	at org.apache.thrift.ProcessFunction.process(ProcessFunction.java:38)
	at org.apache.hadoop.hive.metastore.TUGIBasedProcessor$1.run(TUGIBasedProcessor.java:111)
	at org.apache.hadoop.hive.metastore.TUGIBasedProcessor$1.run(TUGIBasedProcessor.java:107)
	at java.security.AccessController.doPrivileged(Native Method)
	at javax.security.auth.Subject.doAs(Subject.java:422)
	at org.apache.hadoop.security.UserGroupInformation.doAs(UserGroupInformation.java:1682)
	at org.apache.hadoop.hive.metastore.TUGIBasedProcessor.process(TUGIBasedProcessor.java:119)
	at org.apache.thrift.server.TThreadPoolServer$WorkerProcess.run(TThreadPoolServer.java:248)
	at java.util.concurrent.ThreadPoolExecutor.runWorker(ThreadPoolExecutor.java:1149)
	at java.util.concurrent.ThreadPoolExecutor$Worker.run(ThreadPoolExecutor.java:624)
	at java.lang.Thread.run(Thread.java:750)
NestedThrowablesStackTrace:
java.sql.BatchUpdateException: DELETE on table 'DBS' caused a violation of foreign key constraint 'TBLS_FK1' for key (11).  The statement has been rolled back.
	at org.apache.derby.impl.jdbc.EmbedStatement.executeLargeBatch(Unknown Source)
	at org.apache.derby.impl.jdbc.EmbedStatement.executeBatch(Unknown Source)
	at com.zaxxer.hikari.pool.ProxyStatement.executeBatch(ProxyStatement.java:128)
	at com.zaxxer.hikari.pool.HikariProxyPreparedStatement.executeBatch(HikariProxyPreparedStatement.java)
	at org.datanucleus.store.rdbms.ParamLoggingPreparedStatement.executeBatch(ParamLoggingPreparedStatement.java:366)
	at org.datanucleus.store.rdbms.SQLController.processConnectionStatement(SQLController.java:675)
	at org.datanucleus.store.rdbms.SQLController.processStatementsForConnection(SQLController.java:643)
	at org.datanucleus.store.rdbms.SQLController$1.transactionFlushed(SQLController.java:729)
	at org.datanucleus.store.connection.AbstractManagedConnection.transactionFlushed(AbstractManagedConnection.java:95)
	at org.datanucleus.store.connection.ConnectionManagerImpl$2.transactionFlushed(ConnectionManagerImpl.java:528)
	at org.datanucleus.TransactionImpl.flush(TransactionImpl.java:222)
	at org.datanucleus.ExecutionContextImpl.flushInternal(ExecutionContextImpl.java:4068)
	at org.datanucleus.ExecutionContextThreadedImpl.flushInternal(ExecutionContextThreadedImpl.java:448)
	at org.datanucleus.ExecutionContextImpl.flush(ExecutionContextImpl.java:4009)
	at org.datanucleus.ExecutionContextThreadedImpl.flush(ExecutionContextThreadedImpl.java:434)
	at org.datanucleus.api.jdo.JDOPersistenceManager.flush(JDOPersistenceManager.java:2064)
	at org.apache.hadoop.hive.metastore.ObjectStore.addNotificationEvent(ObjectStore.java:11639)
	at sun.reflect.GeneratedMethodAccessor68.invoke(Unknown Source)
	at sun.reflect.DelegatingMethodAccessorImpl.invoke(DelegatingMethodAccessorImpl.java:43)
	at java.lang.reflect.Method.invoke(Method.java:498)
	at org.apache.hadoop.hive.metastore.RawStoreProxy.invoke(RawStoreProxy.java:97)
	at com.sun.proxy.$Proxy32.addNotificationEvent(Unknown Source)
	at org.apache.hive.hcatalog.listener.DbNotificationListener.process(DbNotificationListener.java:1403)
	at org.apache.hive.hcatalog.listener.DbNotificationListener.onDropDatabase(DbNotificationListener.java:513)
	at org.apache.hadoop.hive.metastore.MetaStoreListenerNotifier$26.notify(MetaStoreListenerNotifier.java:99)
	at org.apache.hadoop.hive.metastore.MetaStoreListenerNotifier.notifyEvent(MetaStoreListenerNotifier.java:339)
	at org.apache.hadoop.hive.metastore.HMSHandler.drop_database_core(HMSHandler.java:1785)
	at org.apache.hadoop.hive.metastore.HMSHandler.drop_database(HMSHandler.java:1869)
	at sun.reflect.GeneratedMethodAccessor74.invoke(Unknown Source)
	at sun.reflect.DelegatingMethodAccessorImpl.invoke(DelegatingMethodAccessorImpl.java:43)
	at java.lang.reflect.Method.invoke(Method.java:498)
	at org.apache.hadoop.hive.metastore.RetryingHMSHandler.invokeInternal(RetryingHMSHandler.java:147)
	at org.apache.hadoop.hive.metastore.RetryingHMSHandler.invoke(RetryingHMSHandler.java:108)
	at com.sun.proxy.$Proxy34.drop_database(Unknown Source)
	at org.apache.hadoop.hive.metastore.api.ThriftHiveMetastore$Processor$drop_database.getResult(ThriftHiveMetastore.java:18285)
	at org.apache.hadoop.hive.metastore.api.ThriftHiveMetastore$Processor$drop_database.getResult(ThriftHiveMetastore.java:18264)
	at org.apache.thrift.ProcessFunction.process(ProcessFunction.java:38)
	at org.apache.hadoop.hive.metastore.TUGIBasedProcessor$1.run(TUGIBasedProcessor.java:111)
	at org.apache.hadoop.hive.metastore.TUGIBasedProcessor$1.run(TUGIBasedProcessor.java:107)
	at java.security.AccessController.doPrivileged(Native Method)
	at javax.security.auth.Subject.doAs(Subject.java:422)
	at org.apache.hadoop.security.UserGroupInformation.doAs(UserGroupInformation.java:1682)
	at org.apache.hadoop.hive.metastore.TUGIBasedProcessor.process(TUGIBasedProcessor.java:119)
	at org.apache.thrift.server.TThreadPoolServer$WorkerProcess.run(TThreadPoolServer.java:248)
	at java.util.concurrent.ThreadPoolExecutor.runWorker(ThreadPoolExecutor.java:1149)
	at java.util.concurrent.ThreadPoolExecutor$Worker.run(ThreadPoolExecutor.java:624)
	at java.lang.Thread.run(Thread.java:750)
Caused by: org.apache.derby.shared.common.error.DerbySQLIntegrityConstraintViolationException: DELETE on table 'DBS' caused a violation of foreign key constraint 'TBLS_FK1' for key (11).  The statement has been rolled back.
	at org.apache.derby.impl.jdbc.SQLExceptionFactory.getSQLException(Unknown Source)
	at org.apache.derby.impl.jdbc.Util.generateCsSQLException(Unknown Source)
	at org.apache.derby.impl.jdbc.TransactionResourceImpl.wrapInSQLException(Unknown Source)
	at org.apache.derby.impl.jdbc.TransactionResourceImpl.handleException(Unknown Source)
	at org.apache.derby.impl.jdbc.EmbedConnection.handleException(Unknown Source)
	at org.apache.derby.impl.jdbc.ConnectionChild.handleException(Unknown Source)
	at org.apache.derby.impl.jdbc.EmbedStatement.executeStatement(Unknown Source)
	at org.apache.derby.impl.jdbc.EmbedPreparedStatement.executeBatchElement(Unknown Source)
	... 47 more
Caused by: ERROR 23503: DELETE on table 'DBS' caused a violation of foreign key constraint 'TBLS_FK1' for key (11).  The statement has been rolled back.
	at org.apache.derby.iapi.error.StandardException.newException(Unknown Source)
	at org.apache.derby.iapi.error.StandardException.newException(Unknown Source)
	at org.apache.derby.impl.sql.execute.ReferencedKeyRIChecker.doCheck(Unknown Source)
	at org.apache.derby.impl.sql.execute.RISetChecker.doPKCheck(Unknown Source)
	at org.apache.derby.impl.sql.execute.DeleteResultSet.collectAffectedRows(Unknown Source)
	at org.apache.derby.impl.sql.execute.DeleteResultSet.open(Unknown Source)
	at org.apache.derby.impl.sql.GenericPreparedStatement.executeStmt(Unknown Source)
	at org.apache.derby.impl.sql.GenericPreparedStatement.execute(Unknown Source)
	... 49 more

2024-04-24T12:08:59,305  WARN [main] metastore.RetryingMetaStoreClient: MetaStoreClient lost connection. Attempting to reconnect (1 of 1) after 1s. dropDatabase
org.apache.hadoop.hive.metastore.api.MetaException: javax.jdo.JDODataStoreException: Exception thrown flushing changes to datastore
NestedThrowables:
java.sql.BatchUpdateException: DELETE on table 'DBS' caused a violation of foreign key constraint 'TBLS_FK1' for key (11).  The statement has been rolled back.
	at org.apache.hadoop.hive.metastore.api.ThriftHiveMetastore$drop_database_result$drop_database_resultStandardScheme.read(ThriftHiveMetastore.java:54495) ~[classes/:?]
	at org.apache.hadoop.hive.metastore.api.ThriftHiveMetastore$drop_database_result$drop_database_resultStandardScheme.read(ThriftHiveMetastore.java:54463) ~[classes/:?]
	at org.apache.hadoop.hive.metastore.api.ThriftHiveMetastore$drop_database_result.read(ThriftHiveMetastore.java:54397) ~[classes/:?]
	at org.apache.thrift.TServiceClient.receiveBase(TServiceClient.java:88) ~[libthrift-0.14.1.jar:0.14.1]
	at org.apache.hadoop.hive.metastore.api.ThriftHiveMetastore$Client.recv_drop_database(ThriftHiveMetastore.java:1404) ~[classes/:?]
	at org.apache.hadoop.hive.metastore.api.ThriftHiveMetastore$Client.drop_database(ThriftHiveMetastore.java:1389) ~[classes/:?]
	at org.apache.hadoop.hive.metastore.HiveMetaStoreClient.dropDatabaseCascadePerDb(HiveMetaStoreClient.java:1601) ~[classes/:?]
	at org.apache.hadoop.hive.metastore.HiveMetaStoreClient.dropDatabase(HiveMetaStoreClient.java:1532) ~[classes/:?]
	at org.apache.hadoop.hive.metastore.HiveMetaStoreClient.dropDatabase(HiveMetaStoreClient.java:1485) ~[classes/:?]
	at sun.reflect.NativeMethodAccessorImpl.invoke0(Native Method) ~[?:1.8.0_402]
	at sun.reflect.NativeMethodAccessorImpl.invoke(NativeMethodAccessorImpl.java:62) ~[?:1.8.0_402]
	at sun.reflect.DelegatingMethodAccessorImpl.invoke(DelegatingMethodAccessorImpl.java:43) ~[?:1.8.0_402]
	at java.lang.reflect.Method.invoke(Method.java:498) ~[?:1.8.0_402]
	at org.apache.hadoop.hive.metastore.RetryingMetaStoreClient.invoke(RetryingMetaStoreClient.java:214) [classes/:?]
	at com.sun.proxy.$Proxy35.dropDatabase(Unknown Source) [?:?]
	at org.apache.hive.hcatalog.api.HCatClientHMSImpl.dropDatabase(HCatClientHMSImpl.java:154) [classes/:?]
	at org.apache.hive.hcatalog.api.TestHCatClient.testPartitionSpecRegistrationWithCustomSchema(TestHCatClient.java:1278) [test-classes/:?]
	at sun.reflect.NativeMethodAccessorImpl.invoke0(Native Method) ~[?:1.8.0_402]
	at sun.reflect.NativeMethodAccessorImpl.invoke(NativeMethodAccessorImpl.java:62) ~[?:1.8.0_402]
	at sun.reflect.DelegatingMethodAccessorImpl.invoke(DelegatingMethodAccessorImpl.java:43) ~[?:1.8.0_402]
	at java.lang.reflect.Method.invoke(Method.java:498) ~[?:1.8.0_402]
	at org.junit.runners.model.FrameworkMethod$1.runReflectiveCall(FrameworkMethod.java:59) [junit-4.13.jar:4.13]
	at org.junit.internal.runners.model.ReflectiveCallable.run(ReflectiveCallable.java:12) [junit-4.13.jar:4.13]
	at org.junit.runners.model.FrameworkMethod.invokeExplosively(FrameworkMethod.java:56) [junit-4.13.jar:4.13]
	at org.junit.internal.runners.statements.InvokeMethod.evaluate(InvokeMethod.java:17) [junit-4.13.jar:4.13]
	at org.junit.runners.ParentRunner$3.evaluate(ParentRunner.java:306) [junit-4.13.jar:4.13]
	at org.junit.runners.BlockJUnit4ClassRunner$1.evaluate(BlockJUnit4ClassRunner.java:100) [junit-4.13.jar:4.13]
	at org.junit.runners.ParentRunner.runLeaf(ParentRunner.java:366) [junit-4.13.jar:4.13]
	at org.junit.runners.BlockJUnit4ClassRunner.runChild(BlockJUnit4ClassRunner.java:103) [junit-4.13.jar:4.13]
	at org.junit.runners.BlockJUnit4ClassRunner.runChild(BlockJUnit4ClassRunner.java:63) [junit-4.13.jar:4.13]
	at org.junit.runners.ParentRunner$4.run(ParentRunner.java:331) [junit-4.13.jar:4.13]
	at org.junit.runners.ParentRunner$1.schedule(ParentRunner.java:79) [junit-4.13.jar:4.13]
	at org.junit.runners.ParentRunner.runChildren(ParentRunner.java:329) [junit-4.13.jar:4.13]
	at org.junit.runners.ParentRunner.access$100(ParentRunner.java:66) [junit-4.13.jar:4.13]
	at org.junit.runners.ParentRunner$2.evaluate(ParentRunner.java:293) [junit-4.13.jar:4.13]
	at org.junit.internal.runners.statements.RunBefores.evaluate(RunBefores.java:26) [junit-4.13.jar:4.13]
	at org.junit.internal.runners.statements.RunAfters.evaluate(RunAfters.java:27) [junit-4.13.jar:4.13]
	at org.junit.runners.ParentRunner$3.evaluate(ParentRunner.java:306) [junit-4.13.jar:4.13]
	at org.junit.runners.ParentRunner.run(ParentRunner.java:413) [junit-4.13.jar:4.13]
	at org.junit.runners.Suite.runChild(Suite.java:128) [junit-4.13.jar:4.13]
	at org.junit.runners.Suite.runChild(Suite.java:27) [junit-4.13.jar:4.13]
	at org.junit.runners.ParentRunner$4.run(ParentRunner.java:331) [junit-4.13.jar:4.13]
	at org.junit.runners.ParentRunner$1.schedule(ParentRunner.java:79) [junit-4.13.jar:4.13]
	at org.junit.runners.ParentRunner.runChildren(ParentRunner.java:329) [junit-4.13.jar:4.13]
	at org.junit.runners.ParentRunner.access$100(ParentRunner.java:66) [junit-4.13.jar:4.13]
	at org.junit.runners.ParentRunner$2.evaluate(ParentRunner.java:293) [junit-4.13.jar:4.13]
	at org.junit.runners.ParentRunner$3.evaluate(ParentRunner.java:306) [junit-4.13.jar:4.13]
	at org.junit.runners.ParentRunner.run(ParentRunner.java:413) [junit-4.13.jar:4.13]
	at org.apache.maven.surefire.junitcore.JUnitCore.run(JUnitCore.java:55) [surefire-junit47-3.0.0-M4.jar:3.0.0-M4]
	at org.apache.maven.surefire.junitcore.JUnitCoreWrapper.createRequestAndRun(JUnitCoreWrapper.java:137) [surefire-junit47-3.0.0-M4.jar:3.0.0-M4]
	at org.apache.maven.surefire.junitcore.JUnitCoreWrapper.executeEager(JUnitCoreWrapper.java:107) [surefire-junit47-3.0.0-M4.jar:3.0.0-M4]
	at org.apache.maven.surefire.junitcore.JUnitCoreWrapper.execute(JUnitCoreWrapper.java:83) [surefire-junit47-3.0.0-M4.jar:3.0.0-M4]
	at org.apache.maven.surefire.junitcore.JUnitCoreWrapper.execute(JUnitCoreWrapper.java:75) [surefire-junit47-3.0.0-M4.jar:3.0.0-M4]
	at org.apache.maven.surefire.junitcore.JUnitCoreProvider.invoke(JUnitCoreProvider.java:158) [surefire-junit47-3.0.0-M4.jar:3.0.0-M4]
	at org.apache.maven.surefire.booter.ForkedBooter.runSuitesInProcess(ForkedBooter.java:377) [surefire-booter-3.0.0-M4.jar:3.0.0-M4]
	at org.apache.maven.surefire.booter.ForkedBooter.execute(ForkedBooter.java:138) [surefire-booter-3.0.0-M4.jar:3.0.0-M4]
	at org.apache.maven.surefire.booter.ForkedBooter.run(ForkedBooter.java:465) [surefire-booter-3.0.0-M4.jar:3.0.0-M4]
	at org.apache.maven.surefire.booter.ForkedBooter.main(ForkedBooter.java:451) [surefire-booter-3.0.0-M4.jar:3.0.0-M4]
2024-04-24T12:09:00,306  INFO [main] metastore.RetryingMetaStoreClient: RetryingMetaStoreClient trying reconnect as alex (auth:SIMPLE)
2024-04-24T12:09:00,306  INFO [main] metastore.HiveMetaStoreClient: Trying to connect to metastore with URI (thrift://localhost:34877)
2024-04-24T12:09:00,307  INFO [main] metastore.HiveMetaStoreClient: Opened a connection to metastore, URI (thrift://localhost:34877) current connections: 5
2024-04-24T12:09:00,309  INFO [TThreadPoolServer WorkerProcess-%d] HiveMetaStore.audit: ugi=alex	ip=127.0.0.1	cmd=source:127.0.0.1 get_database: myDb	
2024-04-24T12:09:00,313  INFO [TThreadPoolServer WorkerProcess-%d] metastore.HMSHandler: 12: Opening raw store with implementation class:org.apache.hadoop.hive.metastore.ObjectStore
2024-04-24T12:09:00,313  INFO [TThreadPoolServer WorkerProcess-%d] metastore.PersistenceManagerProvider: Configuration datanucleus.autoStartMechanismMode is not set. Defaulting to 'ignored'
2024-04-24T12:09:00,314  INFO [TThreadPoolServer WorkerProcess-%d] metastore.ObjectStore: RawStore: org.apache.hadoop.hive.metastore.ObjectStore@33e5c388, with PersistenceManager: null will be shutdown
2024-04-24T12:09:00,315  INFO [TThreadPoolServer WorkerProcess-%d] metastore.ObjectStore: RawStore: org.apache.hadoop.hive.metastore.ObjectStore@33e5c388, with PersistenceManager: org.datanucleus.api.jdo.JDOPersistenceManager@36bd308c created in the thread with id: 209
2024-04-24T12:09:00,317  INFO [TThreadPoolServer WorkerProcess-%d] metastore.HMSHandler: Created RawStore: org.apache.hadoop.hive.metastore.ObjectStore@33e5c388 from thread id: 209
2024-04-24T12:09:00,318  INFO [TThreadPoolServer WorkerProcess-%d] HiveMetaStore.audit: ugi=alex	ip=127.0.0.1	cmd=source:127.0.0.1 get_tables_by_type: db=@hive#myDb pat=.*,type=MATERIALIZED_VIEW	
2024-04-24T12:09:00,318  INFO [TThreadPoolServer WorkerProcess-%d] HiveMetaStore.audit: ugi=alex	ip=127.0.0.1	cmd=source:127.0.0.1 getTablesByTypeCore: catName=hive: db=myDb pat=.*,type=MATERIALIZED_VIEW	
2024-04-24T12:09:00,320  INFO [TThreadPoolServer WorkerProcess-%d] HiveMetaStore.audit: ugi=alex	ip=127.0.0.1	cmd=source:127.0.0.1 get_all_tables: db=@hive#myDb	
2024-04-24T12:09:00,322  INFO [TThreadPoolServer WorkerProcess-%d] HiveMetaStore.audit: ugi=alex	ip=127.0.0.1	cmd=source:127.0.0.1 get_multi_table : db=myDb tbls=mytable	
2024-04-24T12:09:00,323  INFO [TThreadPoolServer WorkerProcess-%d] HiveMetaStore.audit: ugi=alex	ip=127.0.0.1	cmd=source:127.0.0.1 drop_database: @hive#myDb	
2024-04-24T12:09:00,324  INFO [TThreadPoolServer WorkerProcess-%d] HiveMetaStore.audit: ugi=alex	ip=127.0.0.1	cmd=source:127.0.0.1 get_all_tables: db=@hive#myDb	
2024-04-24T12:09:00,325  INFO [TThreadPoolServer WorkerProcess-%d] HiveMetaStore.audit: ugi=alex	ip=127.0.0.1	cmd=source:127.0.0.1 get_functions: db=@hive#myDb pat=*	
2024-04-24T12:09:00,326  INFO [TThreadPoolServer WorkerProcess-%d] HiveMetaStore.audit: ugi=alex	ip=127.0.0.1	cmd=source:127.0.0.1 get_all_stored_procedures	
2024-04-24T12:09:00,327  INFO [TThreadPoolServer WorkerProcess-%d] HiveMetaStore.audit: ugi=alex	ip=127.0.0.1	cmd=source:127.0.0.1 get_all_packages	
2024-04-24T12:09:00,328  INFO [TThreadPoolServer WorkerProcess-%d] HiveMetaStore.audit: ugi=alex	ip=127.0.0.1	cmd=source:127.0.0.1 getTablesByTypeCore: catName=hive: db=myDb pat=.*,type=MATERIALIZED_VIEW	
2024-04-24T12:09:00,331  INFO [TThreadPoolServer WorkerProcess-%d] metastore.ObjectStore: Dropping database hive.myDb along with all tables
2024-04-24T12:09:00,335 ERROR [TThreadPoolServer WorkerProcess-%d] metastore.RetryingHMSHandler: Retrying HMSHandler after 2000 ms (attempt 1 of 10) with error: javax.jdo.JDODataStoreException: Exception thrown flushing changes to datastore
	at org.datanucleus.api.jdo.NucleusJDOHelper.getJDOExceptionForNucleusException(NucleusJDOHelper.java:542)
	at org.datanucleus.api.jdo.JDOPersistenceManager.flush(JDOPersistenceManager.java:2081)
	at org.apache.hadoop.hive.metastore.ObjectStore.addNotificationEvent(ObjectStore.java:11639)
	at sun.reflect.GeneratedMethodAccessor68.invoke(Unknown Source)
	at sun.reflect.DelegatingMethodAccessorImpl.invoke(DelegatingMethodAccessorImpl.java:43)
	at java.lang.reflect.Method.invoke(Method.java:498)
	at org.apache.hadoop.hive.metastore.RawStoreProxy.invoke(RawStoreProxy.java:97)
	at com.sun.proxy.$Proxy32.addNotificationEvent(Unknown Source)
	at org.apache.hive.hcatalog.listener.DbNotificationListener.process(DbNotificationListener.java:1403)
	at org.apache.hive.hcatalog.listener.DbNotificationListener.onDropDatabase(DbNotificationListener.java:513)
	at org.apache.hadoop.hive.metastore.MetaStoreListenerNotifier$26.notify(MetaStoreListenerNotifier.java:99)
	at org.apache.hadoop.hive.metastore.MetaStoreListenerNotifier.notifyEvent(MetaStoreListenerNotifier.java:339)
	at org.apache.hadoop.hive.metastore.HMSHandler.drop_database_core(HMSHandler.java:1785)
	at org.apache.hadoop.hive.metastore.HMSHandler.drop_database(HMSHandler.java:1869)
	at sun.reflect.GeneratedMethodAccessor74.invoke(Unknown Source)
	at sun.reflect.DelegatingMethodAccessorImpl.invoke(DelegatingMethodAccessorImpl.java:43)
	at java.lang.reflect.Method.invoke(Method.java:498)
	at org.apache.hadoop.hive.metastore.RetryingHMSHandler.invokeInternal(RetryingHMSHandler.java:147)
	at org.apache.hadoop.hive.metastore.RetryingHMSHandler.invoke(RetryingHMSHandler.java:108)
	at com.sun.proxy.$Proxy34.drop_database(Unknown Source)
	at org.apache.hadoop.hive.metastore.api.ThriftHiveMetastore$Processor$drop_database.getResult(ThriftHiveMetastore.java:18285)
	at org.apache.hadoop.hive.metastore.api.ThriftHiveMetastore$Processor$drop_database.getResult(ThriftHiveMetastore.java:18264)
	at org.apache.thrift.ProcessFunction.process(ProcessFunction.java:38)
	at org.apache.hadoop.hive.metastore.TUGIBasedProcessor$1.run(TUGIBasedProcessor.java:111)
	at org.apache.hadoop.hive.metastore.TUGIBasedProcessor$1.run(TUGIBasedProcessor.java:107)
	at java.security.AccessController.doPrivileged(Native Method)
	at javax.security.auth.Subject.doAs(Subject.java:422)
	at org.apache.hadoop.security.UserGroupInformation.doAs(UserGroupInformation.java:1682)
	at org.apache.hadoop.hive.metastore.TUGIBasedProcessor.process(TUGIBasedProcessor.java:119)
	at org.apache.thrift.server.TThreadPoolServer$WorkerProcess.run(TThreadPoolServer.java:248)
	at java.util.concurrent.ThreadPoolExecutor.runWorker(ThreadPoolExecutor.java:1149)
	at java.util.concurrent.ThreadPoolExecutor$Worker.run(ThreadPoolExecutor.java:624)
	at java.lang.Thread.run(Thread.java:750)
NestedThrowablesStackTrace:
java.sql.BatchUpdateException: DELETE on table 'DBS' caused a violation of foreign key constraint 'TBLS_FK1' for key (11).  The statement has been rolled back.
	at org.apache.derby.impl.jdbc.EmbedStatement.executeLargeBatch(Unknown Source)
	at org.apache.derby.impl.jdbc.EmbedStatement.executeBatch(Unknown Source)
	at com.zaxxer.hikari.pool.ProxyStatement.executeBatch(ProxyStatement.java:128)
	at com.zaxxer.hikari.pool.HikariProxyPreparedStatement.executeBatch(HikariProxyPreparedStatement.java)
	at org.datanucleus.store.rdbms.ParamLoggingPreparedStatement.executeBatch(ParamLoggingPreparedStatement.java:366)
	at org.datanucleus.store.rdbms.SQLController.processConnectionStatement(SQLController.java:675)
	at org.datanucleus.store.rdbms.SQLController.processStatementsForConnection(SQLController.java:643)
	at org.datanucleus.store.rdbms.SQLController$1.transactionFlushed(SQLController.java:729)
	at org.datanucleus.store.connection.AbstractManagedConnection.transactionFlushed(AbstractManagedConnection.java:95)
	at org.datanucleus.store.connection.ConnectionManagerImpl$2.transactionFlushed(ConnectionManagerImpl.java:528)
	at org.datanucleus.TransactionImpl.flush(TransactionImpl.java:222)
	at org.datanucleus.ExecutionContextImpl.flushInternal(ExecutionContextImpl.java:4068)
	at org.datanucleus.ExecutionContextThreadedImpl.flushInternal(ExecutionContextThreadedImpl.java:448)
	at org.datanucleus.ExecutionContextImpl.flush(ExecutionContextImpl.java:4009)
	at org.datanucleus.ExecutionContextThreadedImpl.flush(ExecutionContextThreadedImpl.java:434)
	at org.datanucleus.api.jdo.JDOPersistenceManager.flush(JDOPersistenceManager.java:2064)
	at org.apache.hadoop.hive.metastore.ObjectStore.addNotificationEvent(ObjectStore.java:11639)
	at sun.reflect.GeneratedMethodAccessor68.invoke(Unknown Source)
	at sun.reflect.DelegatingMethodAccessorImpl.invoke(DelegatingMethodAccessorImpl.java:43)
	at java.lang.reflect.Method.invoke(Method.java:498)
	at org.apache.hadoop.hive.metastore.RawStoreProxy.invoke(RawStoreProxy.java:97)
	at com.sun.proxy.$Proxy32.addNotificationEvent(Unknown Source)
	at org.apache.hive.hcatalog.listener.DbNotificationListener.process(DbNotificationListener.java:1403)
	at org.apache.hive.hcatalog.listener.DbNotificationListener.onDropDatabase(DbNotificationListener.java:513)
	at org.apache.hadoop.hive.metastore.MetaStoreListenerNotifier$26.notify(MetaStoreListenerNotifier.java:99)
	at org.apache.hadoop.hive.metastore.MetaStoreListenerNotifier.notifyEvent(MetaStoreListenerNotifier.java:339)
	at org.apache.hadoop.hive.metastore.HMSHandler.drop_database_core(HMSHandler.java:1785)
	at org.apache.hadoop.hive.metastore.HMSHandler.drop_database(HMSHandler.java:1869)
	at sun.reflect.GeneratedMethodAccessor74.invoke(Unknown Source)
	at sun.reflect.DelegatingMethodAccessorImpl.invoke(DelegatingMethodAccessorImpl.java:43)
	at java.lang.reflect.Method.invoke(Method.java:498)
	at org.apache.hadoop.hive.metastore.RetryingHMSHandler.invokeInternal(RetryingHMSHandler.java:147)
	at org.apache.hadoop.hive.metastore.RetryingHMSHandler.invoke(RetryingHMSHandler.java:108)
	at com.sun.proxy.$Proxy34.drop_database(Unknown Source)
	at org.apache.hadoop.hive.metastore.api.ThriftHiveMetastore$Processor$drop_database.getResult(ThriftHiveMetastore.java:18285)
	at org.apache.hadoop.hive.metastore.api.ThriftHiveMetastore$Processor$drop_database.getResult(ThriftHiveMetastore.java:18264)
	at org.apache.thrift.ProcessFunction.process(ProcessFunction.java:38)
	at org.apache.hadoop.hive.metastore.TUGIBasedProcessor$1.run(TUGIBasedProcessor.java:111)
	at org.apache.hadoop.hive.metastore.TUGIBasedProcessor$1.run(TUGIBasedProcessor.java:107)
	at java.security.AccessController.doPrivileged(Native Method)
	at javax.security.auth.Subject.doAs(Subject.java:422)
	at org.apache.hadoop.security.UserGroupInformation.doAs(UserGroupInformation.java:1682)
	at org.apache.hadoop.hive.metastore.TUGIBasedProcessor.process(TUGIBasedProcessor.java:119)
	at org.apache.thrift.server.TThreadPoolServer$WorkerProcess.run(TThreadPoolServer.java:248)
	at java.util.concurrent.ThreadPoolExecutor.runWorker(ThreadPoolExecutor.java:1149)
	at java.util.concurrent.ThreadPoolExecutor$Worker.run(ThreadPoolExecutor.java:624)
	at java.lang.Thread.run(Thread.java:750)
Caused by: org.apache.derby.shared.common.error.DerbySQLIntegrityConstraintViolationException: DELETE on table 'DBS' caused a violation of foreign key constraint 'TBLS_FK1' for key (11).  The statement has been rolled back.
	at org.apache.derby.impl.jdbc.SQLExceptionFactory.getSQLException(Unknown Source)
	at org.apache.derby.impl.jdbc.Util.generateCsSQLException(Unknown Source)
	at org.apache.derby.impl.jdbc.TransactionResourceImpl.wrapInSQLException(Unknown Source)
	at org.apache.derby.impl.jdbc.TransactionResourceImpl.handleException(Unknown Source)
	at org.apache.derby.impl.jdbc.EmbedConnection.handleException(Unknown Source)
	at org.apache.derby.impl.jdbc.ConnectionChild.handleException(Unknown Source)
	at org.apache.derby.impl.jdbc.EmbedStatement.executeStatement(Unknown Source)
	at org.apache.derby.impl.jdbc.EmbedPreparedStatement.executeBatchElement(Unknown Source)
	... 47 more
Caused by: ERROR 23503: DELETE on table 'DBS' caused a violation of foreign key constraint 'TBLS_FK1' for key (11).  The statement has been rolled back.
	at org.apache.derby.iapi.error.StandardException.newException(Unknown Source)
	at org.apache.derby.iapi.error.StandardException.newException(Unknown Source)
	at org.apache.derby.impl.sql.execute.ReferencedKeyRIChecker.doCheck(Unknown Source)
	at org.apache.derby.impl.sql.execute.RISetChecker.doPKCheck(Unknown Source)
	at org.apache.derby.impl.sql.execute.DeleteResultSet.collectAffectedRows(Unknown Source)
	at org.apache.derby.impl.sql.execute.DeleteResultSet.open(Unknown Source)
	at org.apache.derby.impl.sql.GenericPreparedStatement.executeStmt(Unknown Source)
	at org.apache.derby.impl.sql.GenericPreparedStatement.execute(Unknown Source)
	... 49 more

2024-04-24T12:09:02,336  INFO [TThreadPoolServer WorkerProcess-%d] HiveMetaStore.audit: ugi=alex	ip=127.0.0.1	cmd=source:127.0.0.1 drop_database: @hive#myDb	
2024-04-24T12:09:02,339  INFO [TThreadPoolServer WorkerProcess-%d] HiveMetaStore.audit: ugi=alex	ip=127.0.0.1	cmd=source:127.0.0.1 get_all_tables: db=@hive#myDb	
2024-04-24T12:09:02,340  INFO [TThreadPoolServer WorkerProcess-%d] HiveMetaStore.audit: ugi=alex	ip=127.0.0.1	cmd=source:127.0.0.1 get_functions: db=@hive#myDb pat=*	
2024-04-24T12:09:02,343  INFO [TThreadPoolServer WorkerProcess-%d] HiveMetaStore.audit: ugi=alex	ip=127.0.0.1	cmd=source:127.0.0.1 get_all_stored_procedures	
2024-04-24T12:09:02,343  INFO [TThreadPoolServer WorkerProcess-%d] HiveMetaStore.audit: ugi=alex	ip=127.0.0.1	cmd=source:127.0.0.1 get_all_packages	
2024-04-24T12:09:02,344  INFO [TThreadPoolServer WorkerProcess-%d] HiveMetaStore.audit: ugi=alex	ip=127.0.0.1	cmd=source:127.0.0.1 getTablesByTypeCore: catName=hive: db=myDb pat=.*,type=MATERIALIZED_VIEW	
2024-04-24T12:09:02,346  INFO [TThreadPoolServer WorkerProcess-%d] metastore.ObjectStore: Dropping database hive.myDb along with all tables
2024-04-24T12:09:02,349 ERROR [TThreadPoolServer WorkerProcess-%d] metastore.RetryingHMSHandler: Retrying HMSHandler after 2000 ms (attempt 2 of 10) with error: javax.jdo.JDODataStoreException: Exception thrown flushing changes to datastore
	at org.datanucleus.api.jdo.NucleusJDOHelper.getJDOExceptionForNucleusException(NucleusJDOHelper.java:542)
	at org.datanucleus.api.jdo.JDOPersistenceManager.flush(JDOPersistenceManager.java:2081)
	at org.apache.hadoop.hive.metastore.ObjectStore.addNotificationEvent(ObjectStore.java:11639)
	at sun.reflect.GeneratedMethodAccessor68.invoke(Unknown Source)
	at sun.reflect.DelegatingMethodAccessorImpl.invoke(DelegatingMethodAccessorImpl.java:43)
	at java.lang.reflect.Method.invoke(Method.java:498)
	at org.apache.hadoop.hive.metastore.RawStoreProxy.invoke(RawStoreProxy.java:97)
	at com.sun.proxy.$Proxy32.addNotificationEvent(Unknown Source)
	at org.apache.hive.hcatalog.listener.DbNotificationListener.process(DbNotificationListener.java:1403)
	at org.apache.hive.hcatalog.listener.DbNotificationListener.onDropDatabase(DbNotificationListener.java:513)
	at org.apache.hadoop.hive.metastore.MetaStoreListenerNotifier$26.notify(MetaStoreListenerNotifier.java:99)
	at org.apache.hadoop.hive.metastore.MetaStoreListenerNotifier.notifyEvent(MetaStoreListenerNotifier.java:339)
	at org.apache.hadoop.hive.metastore.HMSHandler.drop_database_core(HMSHandler.java:1785)
	at org.apache.hadoop.hive.metastore.HMSHandler.drop_database(HMSHandler.java:1869)
	at sun.reflect.GeneratedMethodAccessor74.invoke(Unknown Source)
	at sun.reflect.DelegatingMethodAccessorImpl.invoke(DelegatingMethodAccessorImpl.java:43)
	at java.lang.reflect.Method.invoke(Method.java:498)
	at org.apache.hadoop.hive.metastore.RetryingHMSHandler.invokeInternal(RetryingHMSHandler.java:147)
	at org.apache.hadoop.hive.metastore.RetryingHMSHandler.invoke(RetryingHMSHandler.java:108)
	at com.sun.proxy.$Proxy34.drop_database(Unknown Source)
	at org.apache.hadoop.hive.metastore.api.ThriftHiveMetastore$Processor$drop_database.getResult(ThriftHiveMetastore.java:18285)
	at org.apache.hadoop.hive.metastore.api.ThriftHiveMetastore$Processor$drop_database.getResult(ThriftHiveMetastore.java:18264)
	at org.apache.thrift.ProcessFunction.process(ProcessFunction.java:38)
	at org.apache.hadoop.hive.metastore.TUGIBasedProcessor$1.run(TUGIBasedProcessor.java:111)
	at org.apache.hadoop.hive.metastore.TUGIBasedProcessor$1.run(TUGIBasedProcessor.java:107)
	at java.security.AccessController.doPrivileged(Native Method)
	at javax.security.auth.Subject.doAs(Subject.java:422)
	at org.apache.hadoop.security.UserGroupInformation.doAs(UserGroupInformation.java:1682)
	at org.apache.hadoop.hive.metastore.TUGIBasedProcessor.process(TUGIBasedProcessor.java:119)
	at org.apache.thrift.server.TThreadPoolServer$WorkerProcess.run(TThreadPoolServer.java:248)
	at java.util.concurrent.ThreadPoolExecutor.runWorker(ThreadPoolExecutor.java:1149)
	at java.util.concurrent.ThreadPoolExecutor$Worker.run(ThreadPoolExecutor.java:624)
	at java.lang.Thread.run(Thread.java:750)
NestedThrowablesStackTrace:
java.sql.BatchUpdateException: DELETE on table 'DBS' caused a violation of foreign key constraint 'TBLS_FK1' for key (11).  The statement has been rolled back.
	at org.apache.derby.impl.jdbc.EmbedStatement.executeLargeBatch(Unknown Source)
	at org.apache.derby.impl.jdbc.EmbedStatement.executeBatch(Unknown Source)
	at com.zaxxer.hikari.pool.ProxyStatement.executeBatch(ProxyStatement.java:128)
	at com.zaxxer.hikari.pool.HikariProxyPreparedStatement.executeBatch(HikariProxyPreparedStatement.java)
	at org.datanucleus.store.rdbms.ParamLoggingPreparedStatement.executeBatch(ParamLoggingPreparedStatement.java:366)
	at org.datanucleus.store.rdbms.SQLController.processConnectionStatement(SQLController.java:675)
	at org.datanucleus.store.rdbms.SQLController.processStatementsForConnection(SQLController.java:643)
	at org.datanucleus.store.rdbms.SQLController$1.transactionFlushed(SQLController.java:729)
	at org.datanucleus.store.connection.AbstractManagedConnection.transactionFlushed(AbstractManagedConnection.java:95)
	at org.datanucleus.store.connection.ConnectionManagerImpl$2.transactionFlushed(ConnectionManagerImpl.java:528)
	at org.datanucleus.TransactionImpl.flush(TransactionImpl.java:222)
	at org.datanucleus.ExecutionContextImpl.flushInternal(ExecutionContextImpl.java:4068)
	at org.datanucleus.ExecutionContextThreadedImpl.flushInternal(ExecutionContextThreadedImpl.java:448)
	at org.datanucleus.ExecutionContextImpl.flush(ExecutionContextImpl.java:4009)
	at org.datanucleus.ExecutionContextThreadedImpl.flush(ExecutionContextThreadedImpl.java:434)
	at org.datanucleus.api.jdo.JDOPersistenceManager.flush(JDOPersistenceManager.java:2064)
	at org.apache.hadoop.hive.metastore.ObjectStore.addNotificationEvent(ObjectStore.java:11639)
	at sun.reflect.GeneratedMethodAccessor68.invoke(Unknown Source)
	at sun.reflect.DelegatingMethodAccessorImpl.invoke(DelegatingMethodAccessorImpl.java:43)
	at java.lang.reflect.Method.invoke(Method.java:498)
	at org.apache.hadoop.hive.metastore.RawStoreProxy.invoke(RawStoreProxy.java:97)
	at com.sun.proxy.$Proxy32.addNotificationEvent(Unknown Source)
	at org.apache.hive.hcatalog.listener.DbNotificationListener.process(DbNotificationListener.java:1403)
	at org.apache.hive.hcatalog.listener.DbNotificationListener.onDropDatabase(DbNotificationListener.java:513)
	at org.apache.hadoop.hive.metastore.MetaStoreListenerNotifier$26.notify(MetaStoreListenerNotifier.java:99)
	at org.apache.hadoop.hive.metastore.MetaStoreListenerNotifier.notifyEvent(MetaStoreListenerNotifier.java:339)
	at org.apache.hadoop.hive.metastore.HMSHandler.drop_database_core(HMSHandler.java:1785)
	at org.apache.hadoop.hive.metastore.HMSHandler.drop_database(HMSHandler.java:1869)
	at sun.reflect.GeneratedMethodAccessor74.invoke(Unknown Source)
	at sun.reflect.DelegatingMethodAccessorImpl.invoke(DelegatingMethodAccessorImpl.java:43)
	at java.lang.reflect.Method.invoke(Method.java:498)
	at org.apache.hadoop.hive.metastore.RetryingHMSHandler.invokeInternal(RetryingHMSHandler.java:147)
	at org.apache.hadoop.hive.metastore.RetryingHMSHandler.invoke(RetryingHMSHandler.java:108)
	at com.sun.proxy.$Proxy34.drop_database(Unknown Source)
	at org.apache.hadoop.hive.metastore.api.ThriftHiveMetastore$Processor$drop_database.getResult(ThriftHiveMetastore.java:18285)
	at org.apache.hadoop.hive.metastore.api.ThriftHiveMetastore$Processor$drop_database.getResult(ThriftHiveMetastore.java:18264)
	at org.apache.thrift.ProcessFunction.process(ProcessFunction.java:38)
	at org.apache.hadoop.hive.metastore.TUGIBasedProcessor$1.run(TUGIBasedProcessor.java:111)
	at org.apache.hadoop.hive.metastore.TUGIBasedProcessor$1.run(TUGIBasedProcessor.java:107)
	at java.security.AccessController.doPrivileged(Native Method)
	at javax.security.auth.Subject.doAs(Subject.java:422)
	at org.apache.hadoop.security.UserGroupInformation.doAs(UserGroupInformation.java:1682)
	at org.apache.hadoop.hive.metastore.TUGIBasedProcessor.process(TUGIBasedProcessor.java:119)
	at org.apache.thrift.server.TThreadPoolServer$WorkerProcess.run(TThreadPoolServer.java:248)
	at java.util.concurrent.ThreadPoolExecutor.runWorker(ThreadPoolExecutor.java:1149)
	at java.util.concurrent.ThreadPoolExecutor$Worker.run(ThreadPoolExecutor.java:624)
	at java.lang.Thread.run(Thread.java:750)
Caused by: org.apache.derby.shared.common.error.DerbySQLIntegrityConstraintViolationException: DELETE on table 'DBS' caused a violation of foreign key constraint 'TBLS_FK1' for key (11).  The statement has been rolled back.
	at org.apache.derby.impl.jdbc.SQLExceptionFactory.getSQLException(Unknown Source)
	at org.apache.derby.impl.jdbc.Util.generateCsSQLException(Unknown Source)
	at org.apache.derby.impl.jdbc.TransactionResourceImpl.wrapInSQLException(Unknown Source)
	at org.apache.derby.impl.jdbc.TransactionResourceImpl.handleException(Unknown Source)
	at org.apache.derby.impl.jdbc.EmbedConnection.handleException(Unknown Source)
	at org.apache.derby.impl.jdbc.ConnectionChild.handleException(Unknown Source)
	at org.apache.derby.impl.jdbc.EmbedStatement.executeStatement(Unknown Source)
	at org.apache.derby.impl.jdbc.EmbedPreparedStatement.executeBatchElement(Unknown Source)
	... 47 more
Caused by: ERROR 23503: DELETE on table 'DBS' caused a violation of foreign key constraint 'TBLS_FK1' for key (11).  The statement has been rolled back.
	at org.apache.derby.iapi.error.StandardException.newException(Unknown Source)
	at org.apache.derby.iapi.error.StandardException.newException(Unknown Source)
	at org.apache.derby.impl.sql.execute.ReferencedKeyRIChecker.doCheck(Unknown Source)
	at org.apache.derby.impl.sql.execute.RISetChecker.doPKCheck(Unknown Source)
	at org.apache.derby.impl.sql.execute.DeleteResultSet.collectAffectedRows(Unknown Source)
	at org.apache.derby.impl.sql.execute.DeleteResultSet.open(Unknown Source)
	at org.apache.derby.impl.sql.GenericPreparedStatement.executeStmt(Unknown Source)
	at org.apache.derby.impl.sql.GenericPreparedStatement.execute(Unknown Source)
	... 49 more

2024-04-24T12:09:04,350  INFO [TThreadPoolServer WorkerProcess-%d] HiveMetaStore.audit: ugi=alex	ip=127.0.0.1	cmd=source:127.0.0.1 drop_database: @hive#myDb	
2024-04-24T12:09:04,353  INFO [TThreadPoolServer WorkerProcess-%d] HiveMetaStore.audit: ugi=alex	ip=127.0.0.1	cmd=source:127.0.0.1 get_all_tables: db=@hive#myDb	
2024-04-24T12:09:04,354  INFO [TThreadPoolServer WorkerProcess-%d] HiveMetaStore.audit: ugi=alex	ip=127.0.0.1	cmd=source:127.0.0.1 get_functions: db=@hive#myDb pat=*	
2024-04-24T12:09:04,355  INFO [TThreadPoolServer WorkerProcess-%d] HiveMetaStore.audit: ugi=alex	ip=127.0.0.1	cmd=source:127.0.0.1 get_all_stored_procedures	
2024-04-24T12:09:04,356  INFO [TThreadPoolServer WorkerProcess-%d] HiveMetaStore.audit: ugi=alex	ip=127.0.0.1	cmd=source:127.0.0.1 get_all_packages	
2024-04-24T12:09:04,357  INFO [TThreadPoolServer WorkerProcess-%d] HiveMetaStore.audit: ugi=alex	ip=127.0.0.1	cmd=source:127.0.0.1 getTablesByTypeCore: catName=hive: db=myDb pat=.*,type=MATERIALIZED_VIEW	
2024-04-24T12:09:04,359  INFO [TThreadPoolServer WorkerProcess-%d] metastore.ObjectStore: Dropping database hive.myDb along with all tables
2024-04-24T12:09:04,362 ERROR [TThreadPoolServer WorkerProcess-%d] metastore.RetryingHMSHandler: Retrying HMSHandler after 2000 ms (attempt 3 of 10) with error: javax.jdo.JDODataStoreException: Exception thrown flushing changes to datastore
	at org.datanucleus.api.jdo.NucleusJDOHelper.getJDOExceptionForNucleusException(NucleusJDOHelper.java:542)
	at org.datanucleus.api.jdo.JDOPersistenceManager.flush(JDOPersistenceManager.java:2081)
	at org.apache.hadoop.hive.metastore.ObjectStore.addNotificationEvent(ObjectStore.java:11639)
	at sun.reflect.GeneratedMethodAccessor68.invoke(Unknown Source)
	at sun.reflect.DelegatingMethodAccessorImpl.invoke(DelegatingMethodAccessorImpl.java:43)
	at java.lang.reflect.Method.invoke(Method.java:498)
	at org.apache.hadoop.hive.metastore.RawStoreProxy.invoke(RawStoreProxy.java:97)
	at com.sun.proxy.$Proxy32.addNotificationEvent(Unknown Source)
	at org.apache.hive.hcatalog.listener.DbNotificationListener.process(DbNotificationListener.java:1403)
	at org.apache.hive.hcatalog.listener.DbNotificationListener.onDropDatabase(DbNotificationListener.java:513)
	at org.apache.hadoop.hive.metastore.MetaStoreListenerNotifier$26.notify(MetaStoreListenerNotifier.java:99)
	at org.apache.hadoop.hive.metastore.MetaStoreListenerNotifier.notifyEvent(MetaStoreListenerNotifier.java:339)
	at org.apache.hadoop.hive.metastore.HMSHandler.drop_database_core(HMSHandler.java:1785)
	at org.apache.hadoop.hive.metastore.HMSHandler.drop_database(HMSHandler.java:1869)
	at sun.reflect.GeneratedMethodAccessor74.invoke(Unknown Source)
	at sun.reflect.DelegatingMethodAccessorImpl.invoke(DelegatingMethodAccessorImpl.java:43)
	at java.lang.reflect.Method.invoke(Method.java:498)
	at org.apache.hadoop.hive.metastore.RetryingHMSHandler.invokeInternal(RetryingHMSHandler.java:147)
	at org.apache.hadoop.hive.metastore.RetryingHMSHandler.invoke(RetryingHMSHandler.java:108)
	at com.sun.proxy.$Proxy34.drop_database(Unknown Source)
	at org.apache.hadoop.hive.metastore.api.ThriftHiveMetastore$Processor$drop_database.getResult(ThriftHiveMetastore.java:18285)
	at org.apache.hadoop.hive.metastore.api.ThriftHiveMetastore$Processor$drop_database.getResult(ThriftHiveMetastore.java:18264)
	at org.apache.thrift.ProcessFunction.process(ProcessFunction.java:38)
	at org.apache.hadoop.hive.metastore.TUGIBasedProcessor$1.run(TUGIBasedProcessor.java:111)
	at org.apache.hadoop.hive.metastore.TUGIBasedProcessor$1.run(TUGIBasedProcessor.java:107)
	at java.security.AccessController.doPrivileged(Native Method)
	at javax.security.auth.Subject.doAs(Subject.java:422)
	at org.apache.hadoop.security.UserGroupInformation.doAs(UserGroupInformation.java:1682)
	at org.apache.hadoop.hive.metastore.TUGIBasedProcessor.process(TUGIBasedProcessor.java:119)
	at org.apache.thrift.server.TThreadPoolServer$WorkerProcess.run(TThreadPoolServer.java:248)
	at java.util.concurrent.ThreadPoolExecutor.runWorker(ThreadPoolExecutor.java:1149)
	at java.util.concurrent.ThreadPoolExecutor$Worker.run(ThreadPoolExecutor.java:624)
	at java.lang.Thread.run(Thread.java:750)
NestedThrowablesStackTrace:
java.sql.BatchUpdateException: DELETE on table 'DBS' caused a violation of foreign key constraint 'TBLS_FK1' for key (11).  The statement has been rolled back.
	at org.apache.derby.impl.jdbc.EmbedStatement.executeLargeBatch(Unknown Source)
	at org.apache.derby.impl.jdbc.EmbedStatement.executeBatch(Unknown Source)
	at com.zaxxer.hikari.pool.ProxyStatement.executeBatch(ProxyStatement.java:128)
	at com.zaxxer.hikari.pool.HikariProxyPreparedStatement.executeBatch(HikariProxyPreparedStatement.java)
	at org.datanucleus.store.rdbms.ParamLoggingPreparedStatement.executeBatch(ParamLoggingPreparedStatement.java:366)
	at org.datanucleus.store.rdbms.SQLController.processConnectionStatement(SQLController.java:675)
	at org.datanucleus.store.rdbms.SQLController.processStatementsForConnection(SQLController.java:643)
	at org.datanucleus.store.rdbms.SQLController$1.transactionFlushed(SQLController.java:729)
	at org.datanucleus.store.connection.AbstractManagedConnection.transactionFlushed(AbstractManagedConnection.java:95)
	at org.datanucleus.store.connection.ConnectionManagerImpl$2.transactionFlushed(ConnectionManagerImpl.java:528)
	at org.datanucleus.TransactionImpl.flush(TransactionImpl.java:222)
	at org.datanucleus.ExecutionContextImpl.flushInternal(ExecutionContextImpl.java:4068)
	at org.datanucleus.ExecutionContextThreadedImpl.flushInternal(ExecutionContextThreadedImpl.java:448)
	at org.datanucleus.ExecutionContextImpl.flush(ExecutionContextImpl.java:4009)
	at org.datanucleus.ExecutionContextThreadedImpl.flush(ExecutionContextThreadedImpl.java:434)
	at org.datanucleus.api.jdo.JDOPersistenceManager.flush(JDOPersistenceManager.java:2064)
	at org.apache.hadoop.hive.metastore.ObjectStore.addNotificationEvent(ObjectStore.java:11639)
	at sun.reflect.GeneratedMethodAccessor68.invoke(Unknown Source)
	at sun.reflect.DelegatingMethodAccessorImpl.invoke(DelegatingMethodAccessorImpl.java:43)
	at java.lang.reflect.Method.invoke(Method.java:498)
	at org.apache.hadoop.hive.metastore.RawStoreProxy.invoke(RawStoreProxy.java:97)
	at com.sun.proxy.$Proxy32.addNotificationEvent(Unknown Source)
	at org.apache.hive.hcatalog.listener.DbNotificationListener.process(DbNotificationListener.java:1403)
	at org.apache.hive.hcatalog.listener.DbNotificationListener.onDropDatabase(DbNotificationListener.java:513)
	at org.apache.hadoop.hive.metastore.MetaStoreListenerNotifier$26.notify(MetaStoreListenerNotifier.java:99)
	at org.apache.hadoop.hive.metastore.MetaStoreListenerNotifier.notifyEvent(MetaStoreListenerNotifier.java:339)
	at org.apache.hadoop.hive.metastore.HMSHandler.drop_database_core(HMSHandler.java:1785)
	at org.apache.hadoop.hive.metastore.HMSHandler.drop_database(HMSHandler.java:1869)
	at sun.reflect.GeneratedMethodAccessor74.invoke(Unknown Source)
	at sun.reflect.DelegatingMethodAccessorImpl.invoke(DelegatingMethodAccessorImpl.java:43)
	at java.lang.reflect.Method.invoke(Method.java:498)
	at org.apache.hadoop.hive.metastore.RetryingHMSHandler.invokeInternal(RetryingHMSHandler.java:147)
	at org.apache.hadoop.hive.metastore.RetryingHMSHandler.invoke(RetryingHMSHandler.java:108)
	at com.sun.proxy.$Proxy34.drop_database(Unknown Source)
	at org.apache.hadoop.hive.metastore.api.ThriftHiveMetastore$Processor$drop_database.getResult(ThriftHiveMetastore.java:18285)
	at org.apache.hadoop.hive.metastore.api.ThriftHiveMetastore$Processor$drop_database.getResult(ThriftHiveMetastore.java:18264)
	at org.apache.thrift.ProcessFunction.process(ProcessFunction.java:38)
	at org.apache.hadoop.hive.metastore.TUGIBasedProcessor$1.run(TUGIBasedProcessor.java:111)
	at org.apache.hadoop.hive.metastore.TUGIBasedProcessor$1.run(TUGIBasedProcessor.java:107)
	at java.security.AccessController.doPrivileged(Native Method)
	at javax.security.auth.Subject.doAs(Subject.java:422)
	at org.apache.hadoop.security.UserGroupInformation.doAs(UserGroupInformation.java:1682)
	at org.apache.hadoop.hive.metastore.TUGIBasedProcessor.process(TUGIBasedProcessor.java:119)
	at org.apache.thrift.server.TThreadPoolServer$WorkerProcess.run(TThreadPoolServer.java:248)
	at java.util.concurrent.ThreadPoolExecutor.runWorker(ThreadPoolExecutor.java:1149)
	at java.util.concurrent.ThreadPoolExecutor$Worker.run(ThreadPoolExecutor.java:624)
	at java.lang.Thread.run(Thread.java:750)
Caused by: org.apache.derby.shared.common.error.DerbySQLIntegrityConstraintViolationException: DELETE on table 'DBS' caused a violation of foreign key constraint 'TBLS_FK1' for key (11).  The statement has been rolled back.
	at org.apache.derby.impl.jdbc.SQLExceptionFactory.getSQLException(Unknown Source)
	at org.apache.derby.impl.jdbc.Util.generateCsSQLException(Unknown Source)
	at org.apache.derby.impl.jdbc.TransactionResourceImpl.wrapInSQLException(Unknown Source)
	at org.apache.derby.impl.jdbc.TransactionResourceImpl.handleException(Unknown Source)
	at org.apache.derby.impl.jdbc.EmbedConnection.handleException(Unknown Source)
	at org.apache.derby.impl.jdbc.ConnectionChild.handleException(Unknown Source)
	at org.apache.derby.impl.jdbc.EmbedStatement.executeStatement(Unknown Source)
	at org.apache.derby.impl.jdbc.EmbedPreparedStatement.executeBatchElement(Unknown Source)
	... 47 more
Caused by: ERROR 23503: DELETE on table 'DBS' caused a violation of foreign key constraint 'TBLS_FK1' for key (11).  The statement has been rolled back.
	at org.apache.derby.iapi.error.StandardException.newException(Unknown Source)
	at org.apache.derby.iapi.error.StandardException.newException(Unknown Source)
	at org.apache.derby.impl.sql.execute.ReferencedKeyRIChecker.doCheck(Unknown Source)
	at org.apache.derby.impl.sql.execute.RISetChecker.doPKCheck(Unknown Source)
	at org.apache.derby.impl.sql.execute.DeleteResultSet.collectAffectedRows(Unknown Source)
	at org.apache.derby.impl.sql.execute.DeleteResultSet.open(Unknown Source)
	at org.apache.derby.impl.sql.GenericPreparedStatement.executeStmt(Unknown Source)
	at org.apache.derby.impl.sql.GenericPreparedStatement.execute(Unknown Source)
	... 49 more

2024-04-24T12:09:06,363  INFO [TThreadPoolServer WorkerProcess-%d] HiveMetaStore.audit: ugi=alex	ip=127.0.0.1	cmd=source:127.0.0.1 drop_database: @hive#myDb	
2024-04-24T12:09:06,365  INFO [TThreadPoolServer WorkerProcess-%d] HiveMetaStore.audit: ugi=alex	ip=127.0.0.1	cmd=source:127.0.0.1 get_all_tables: db=@hive#myDb	
2024-04-24T12:09:06,366  INFO [TThreadPoolServer WorkerProcess-%d] HiveMetaStore.audit: ugi=alex	ip=127.0.0.1	cmd=source:127.0.0.1 get_functions: db=@hive#myDb pat=*	
2024-04-24T12:09:06,367  INFO [TThreadPoolServer WorkerProcess-%d] HiveMetaStore.audit: ugi=alex	ip=127.0.0.1	cmd=source:127.0.0.1 get_all_stored_procedures	
2024-04-24T12:09:06,368  INFO [TThreadPoolServer WorkerProcess-%d] HiveMetaStore.audit: ugi=alex	ip=127.0.0.1	cmd=source:127.0.0.1 get_all_packages	
2024-04-24T12:09:06,369  INFO [TThreadPoolServer WorkerProcess-%d] HiveMetaStore.audit: ugi=alex	ip=127.0.0.1	cmd=source:127.0.0.1 getTablesByTypeCore: catName=hive: db=myDb pat=.*,type=MATERIALIZED_VIEW	
2024-04-24T12:09:06,370  INFO [TThreadPoolServer WorkerProcess-%d] metastore.ObjectStore: Dropping database hive.myDb along with all tables
2024-04-24T12:09:06,374 ERROR [TThreadPoolServer WorkerProcess-%d] metastore.RetryingHMSHandler: Retrying HMSHandler after 2000 ms (attempt 4 of 10) with error: javax.jdo.JDODataStoreException: Exception thrown flushing changes to datastore
	at org.datanucleus.api.jdo.NucleusJDOHelper.getJDOExceptionForNucleusException(NucleusJDOHelper.java:542)
	at org.datanucleus.api.jdo.JDOPersistenceManager.flush(JDOPersistenceManager.java:2081)
	at org.apache.hadoop.hive.metastore.ObjectStore.addNotificationEvent(ObjectStore.java:11639)
	at sun.reflect.GeneratedMethodAccessor68.invoke(Unknown Source)
	at sun.reflect.DelegatingMethodAccessorImpl.invoke(DelegatingMethodAccessorImpl.java:43)
	at java.lang.reflect.Method.invoke(Method.java:498)
	at org.apache.hadoop.hive.metastore.RawStoreProxy.invoke(RawStoreProxy.java:97)
	at com.sun.proxy.$Proxy32.addNotificationEvent(Unknown Source)
	at org.apache.hive.hcatalog.listener.DbNotificationListener.process(DbNotificationListener.java:1403)
	at org.apache.hive.hcatalog.listener.DbNotificationListener.onDropDatabase(DbNotificationListener.java:513)
	at org.apache.hadoop.hive.metastore.MetaStoreListenerNotifier$26.notify(MetaStoreListenerNotifier.java:99)
	at org.apache.hadoop.hive.metastore.MetaStoreListenerNotifier.notifyEvent(MetaStoreListenerNotifier.java:339)
	at org.apache.hadoop.hive.metastore.HMSHandler.drop_database_core(HMSHandler.java:1785)
	at org.apache.hadoop.hive.metastore.HMSHandler.drop_database(HMSHandler.java:1869)
	at sun.reflect.GeneratedMethodAccessor74.invoke(Unknown Source)
	at sun.reflect.DelegatingMethodAccessorImpl.invoke(DelegatingMethodAccessorImpl.java:43)
	at java.lang.reflect.Method.invoke(Method.java:498)
	at org.apache.hadoop.hive.metastore.RetryingHMSHandler.invokeInternal(RetryingHMSHandler.java:147)
	at org.apache.hadoop.hive.metastore.RetryingHMSHandler.invoke(RetryingHMSHandler.java:108)
	at com.sun.proxy.$Proxy34.drop_database(Unknown Source)
	at org.apache.hadoop.hive.metastore.api.ThriftHiveMetastore$Processor$drop_database.getResult(ThriftHiveMetastore.java:18285)
	at org.apache.hadoop.hive.metastore.api.ThriftHiveMetastore$Processor$drop_database.getResult(ThriftHiveMetastore.java:18264)
	at org.apache.thrift.ProcessFunction.process(ProcessFunction.java:38)
	at org.apache.hadoop.hive.metastore.TUGIBasedProcessor$1.run(TUGIBasedProcessor.java:111)
	at org.apache.hadoop.hive.metastore.TUGIBasedProcessor$1.run(TUGIBasedProcessor.java:107)
	at java.security.AccessController.doPrivileged(Native Method)
	at javax.security.auth.Subject.doAs(Subject.java:422)
	at org.apache.hadoop.security.UserGroupInformation.doAs(UserGroupInformation.java:1682)
	at org.apache.hadoop.hive.metastore.TUGIBasedProcessor.process(TUGIBasedProcessor.java:119)
	at org.apache.thrift.server.TThreadPoolServer$WorkerProcess.run(TThreadPoolServer.java:248)
	at java.util.concurrent.ThreadPoolExecutor.runWorker(ThreadPoolExecutor.java:1149)
	at java.util.concurrent.ThreadPoolExecutor$Worker.run(ThreadPoolExecutor.java:624)
	at java.lang.Thread.run(Thread.java:750)
NestedThrowablesStackTrace:
java.sql.BatchUpdateException: DELETE on table 'DBS' caused a violation of foreign key constraint 'TBLS_FK1' for key (11).  The statement has been rolled back.
	at org.apache.derby.impl.jdbc.EmbedStatement.executeLargeBatch(Unknown Source)
	at org.apache.derby.impl.jdbc.EmbedStatement.executeBatch(Unknown Source)
	at com.zaxxer.hikari.pool.ProxyStatement.executeBatch(ProxyStatement.java:128)
	at com.zaxxer.hikari.pool.HikariProxyPreparedStatement.executeBatch(HikariProxyPreparedStatement.java)
	at org.datanucleus.store.rdbms.ParamLoggingPreparedStatement.executeBatch(ParamLoggingPreparedStatement.java:366)
	at org.datanucleus.store.rdbms.SQLController.processConnectionStatement(SQLController.java:675)
	at org.datanucleus.store.rdbms.SQLController.processStatementsForConnection(SQLController.java:643)
	at org.datanucleus.store.rdbms.SQLController$1.transactionFlushed(SQLController.java:729)
	at org.datanucleus.store.connection.AbstractManagedConnection.transactionFlushed(AbstractManagedConnection.java:95)
	at org.datanucleus.store.connection.ConnectionManagerImpl$2.transactionFlushed(ConnectionManagerImpl.java:528)
	at org.datanucleus.TransactionImpl.flush(TransactionImpl.java:222)
	at org.datanucleus.ExecutionContextImpl.flushInternal(ExecutionContextImpl.java:4068)
	at org.datanucleus.ExecutionContextThreadedImpl.flushInternal(ExecutionContextThreadedImpl.java:448)
	at org.datanucleus.ExecutionContextImpl.flush(ExecutionContextImpl.java:4009)
	at org.datanucleus.ExecutionContextThreadedImpl.flush(ExecutionContextThreadedImpl.java:434)
	at org.datanucleus.api.jdo.JDOPersistenceManager.flush(JDOPersistenceManager.java:2064)
	at org.apache.hadoop.hive.metastore.ObjectStore.addNotificationEvent(ObjectStore.java:11639)
	at sun.reflect.GeneratedMethodAccessor68.invoke(Unknown Source)
	at sun.reflect.DelegatingMethodAccessorImpl.invoke(DelegatingMethodAccessorImpl.java:43)
	at java.lang.reflect.Method.invoke(Method.java:498)
	at org.apache.hadoop.hive.metastore.RawStoreProxy.invoke(RawStoreProxy.java:97)
	at com.sun.proxy.$Proxy32.addNotificationEvent(Unknown Source)
	at org.apache.hive.hcatalog.listener.DbNotificationListener.process(DbNotificationListener.java:1403)
	at org.apache.hive.hcatalog.listener.DbNotificationListener.onDropDatabase(DbNotificationListener.java:513)
	at org.apache.hadoop.hive.metastore.MetaStoreListenerNotifier$26.notify(MetaStoreListenerNotifier.java:99)
	at org.apache.hadoop.hive.metastore.MetaStoreListenerNotifier.notifyEvent(MetaStoreListenerNotifier.java:339)
	at org.apache.hadoop.hive.metastore.HMSHandler.drop_database_core(HMSHandler.java:1785)
	at org.apache.hadoop.hive.metastore.HMSHandler.drop_database(HMSHandler.java:1869)
	at sun.reflect.GeneratedMethodAccessor74.invoke(Unknown Source)
	at sun.reflect.DelegatingMethodAccessorImpl.invoke(DelegatingMethodAccessorImpl.java:43)
	at java.lang.reflect.Method.invoke(Method.java:498)
	at org.apache.hadoop.hive.metastore.RetryingHMSHandler.invokeInternal(RetryingHMSHandler.java:147)
	at org.apache.hadoop.hive.metastore.RetryingHMSHandler.invoke(RetryingHMSHandler.java:108)
	at com.sun.proxy.$Proxy34.drop_database(Unknown Source)
	at org.apache.hadoop.hive.metastore.api.ThriftHiveMetastore$Processor$drop_database.getResult(ThriftHiveMetastore.java:18285)
	at org.apache.hadoop.hive.metastore.api.ThriftHiveMetastore$Processor$drop_database.getResult(ThriftHiveMetastore.java:18264)
	at org.apache.thrift.ProcessFunction.process(ProcessFunction.java:38)
	at org.apache.hadoop.hive.metastore.TUGIBasedProcessor$1.run(TUGIBasedProcessor.java:111)
	at org.apache.hadoop.hive.metastore.TUGIBasedProcessor$1.run(TUGIBasedProcessor.java:107)
	at java.security.AccessController.doPrivileged(Native Method)
	at javax.security.auth.Subject.doAs(Subject.java:422)
	at org.apache.hadoop.security.UserGroupInformation.doAs(UserGroupInformation.java:1682)
	at org.apache.hadoop.hive.metastore.TUGIBasedProcessor.process(TUGIBasedProcessor.java:119)
	at org.apache.thrift.server.TThreadPoolServer$WorkerProcess.run(TThreadPoolServer.java:248)
	at java.util.concurrent.ThreadPoolExecutor.runWorker(ThreadPoolExecutor.java:1149)
	at java.util.concurrent.ThreadPoolExecutor$Worker.run(ThreadPoolExecutor.java:624)
	at java.lang.Thread.run(Thread.java:750)
Caused by: org.apache.derby.shared.common.error.DerbySQLIntegrityConstraintViolationException: DELETE on table 'DBS' caused a violation of foreign key constraint 'TBLS_FK1' for key (11).  The statement has been rolled back.
	at org.apache.derby.impl.jdbc.SQLExceptionFactory.getSQLException(Unknown Source)
	at org.apache.derby.impl.jdbc.Util.generateCsSQLException(Unknown Source)
	at org.apache.derby.impl.jdbc.TransactionResourceImpl.wrapInSQLException(Unknown Source)
	at org.apache.derby.impl.jdbc.TransactionResourceImpl.handleException(Unknown Source)
	at org.apache.derby.impl.jdbc.EmbedConnection.handleException(Unknown Source)
	at org.apache.derby.impl.jdbc.ConnectionChild.handleException(Unknown Source)
	at org.apache.derby.impl.jdbc.EmbedStatement.executeStatement(Unknown Source)
	at org.apache.derby.impl.jdbc.EmbedPreparedStatement.executeBatchElement(Unknown Source)
	... 47 more
Caused by: ERROR 23503: DELETE on table 'DBS' caused a violation of foreign key constraint 'TBLS_FK1' for key (11).  The statement has been rolled back.
	at org.apache.derby.iapi.error.StandardException.newException(Unknown Source)
	at org.apache.derby.iapi.error.StandardException.newException(Unknown Source)
	at org.apache.derby.impl.sql.execute.ReferencedKeyRIChecker.doCheck(Unknown Source)
	at org.apache.derby.impl.sql.execute.RISetChecker.doPKCheck(Unknown Source)
	at org.apache.derby.impl.sql.execute.DeleteResultSet.collectAffectedRows(Unknown Source)
	at org.apache.derby.impl.sql.execute.DeleteResultSet.open(Unknown Source)
	at org.apache.derby.impl.sql.GenericPreparedStatement.executeStmt(Unknown Source)
	at org.apache.derby.impl.sql.GenericPreparedStatement.execute(Unknown Source)
	... 49 more

2024-04-24T12:09:08,375  INFO [TThreadPoolServer WorkerProcess-%d] HiveMetaStore.audit: ugi=alex	ip=127.0.0.1	cmd=source:127.0.0.1 drop_database: @hive#myDb	
2024-04-24T12:09:08,377  INFO [TThreadPoolServer WorkerProcess-%d] HiveMetaStore.audit: ugi=alex	ip=127.0.0.1	cmd=source:127.0.0.1 get_all_tables: db=@hive#myDb	
2024-04-24T12:09:08,377  INFO [TThreadPoolServer WorkerProcess-%d] HiveMetaStore.audit: ugi=alex	ip=127.0.0.1	cmd=source:127.0.0.1 get_functions: db=@hive#myDb pat=*	
2024-04-24T12:09:08,379  INFO [TThreadPoolServer WorkerProcess-%d] HiveMetaStore.audit: ugi=alex	ip=127.0.0.1	cmd=source:127.0.0.1 get_all_stored_procedures	
2024-04-24T12:09:08,380  INFO [TThreadPoolServer WorkerProcess-%d] HiveMetaStore.audit: ugi=alex	ip=127.0.0.1	cmd=source:127.0.0.1 get_all_packages	
2024-04-24T12:09:08,381  INFO [TThreadPoolServer WorkerProcess-%d] HiveMetaStore.audit: ugi=alex	ip=127.0.0.1	cmd=source:127.0.0.1 getTablesByTypeCore: catName=hive: db=myDb pat=.*,type=MATERIALIZED_VIEW	
2024-04-24T12:09:08,382  INFO [TThreadPoolServer WorkerProcess-%d] metastore.ObjectStore: Dropping database hive.myDb along with all tables
2024-04-24T12:09:08,386 ERROR [TThreadPoolServer WorkerProcess-%d] metastore.RetryingHMSHandler: Retrying HMSHandler after 2000 ms (attempt 5 of 10) with error: javax.jdo.JDODataStoreException: Exception thrown flushing changes to datastore
	at org.datanucleus.api.jdo.NucleusJDOHelper.getJDOExceptionForNucleusException(NucleusJDOHelper.java:542)
	at org.datanucleus.api.jdo.JDOPersistenceManager.flush(JDOPersistenceManager.java:2081)
	at org.apache.hadoop.hive.metastore.ObjectStore.addNotificationEvent(ObjectStore.java:11639)
	at sun.reflect.GeneratedMethodAccessor68.invoke(Unknown Source)
	at sun.reflect.DelegatingMethodAccessorImpl.invoke(DelegatingMethodAccessorImpl.java:43)
	at java.lang.reflect.Method.invoke(Method.java:498)
	at org.apache.hadoop.hive.metastore.RawStoreProxy.invoke(RawStoreProxy.java:97)
	at com.sun.proxy.$Proxy32.addNotificationEvent(Unknown Source)
	at org.apache.hive.hcatalog.listener.DbNotificationListener.process(DbNotificationListener.java:1403)
	at org.apache.hive.hcatalog.listener.DbNotificationListener.onDropDatabase(DbNotificationListener.java:513)
	at org.apache.hadoop.hive.metastore.MetaStoreListenerNotifier$26.notify(MetaStoreListenerNotifier.java:99)
	at org.apache.hadoop.hive.metastore.MetaStoreListenerNotifier.notifyEvent(MetaStoreListenerNotifier.java:339)
	at org.apache.hadoop.hive.metastore.HMSHandler.drop_database_core(HMSHandler.java:1785)
	at org.apache.hadoop.hive.metastore.HMSHandler.drop_database(HMSHandler.java:1869)
	at sun.reflect.GeneratedMethodAccessor74.invoke(Unknown Source)
	at sun.reflect.DelegatingMethodAccessorImpl.invoke(DelegatingMethodAccessorImpl.java:43)
	at java.lang.reflect.Method.invoke(Method.java:498)
	at org.apache.hadoop.hive.metastore.RetryingHMSHandler.invokeInternal(RetryingHMSHandler.java:147)
	at org.apache.hadoop.hive.metastore.RetryingHMSHandler.invoke(RetryingHMSHandler.java:108)
	at com.sun.proxy.$Proxy34.drop_database(Unknown Source)
	at org.apache.hadoop.hive.metastore.api.ThriftHiveMetastore$Processor$drop_database.getResult(ThriftHiveMetastore.java:18285)
	at org.apache.hadoop.hive.metastore.api.ThriftHiveMetastore$Processor$drop_database.getResult(ThriftHiveMetastore.java:18264)
	at org.apache.thrift.ProcessFunction.process(ProcessFunction.java:38)
	at org.apache.hadoop.hive.metastore.TUGIBasedProcessor$1.run(TUGIBasedProcessor.java:111)
	at org.apache.hadoop.hive.metastore.TUGIBasedProcessor$1.run(TUGIBasedProcessor.java:107)
	at java.security.AccessController.doPrivileged(Native Method)
	at javax.security.auth.Subject.doAs(Subject.java:422)
	at org.apache.hadoop.security.UserGroupInformation.doAs(UserGroupInformation.java:1682)
	at org.apache.hadoop.hive.metastore.TUGIBasedProcessor.process(TUGIBasedProcessor.java:119)
	at org.apache.thrift.server.TThreadPoolServer$WorkerProcess.run(TThreadPoolServer.java:248)
	at java.util.concurrent.ThreadPoolExecutor.runWorker(ThreadPoolExecutor.java:1149)
	at java.util.concurrent.ThreadPoolExecutor$Worker.run(ThreadPoolExecutor.java:624)
	at java.lang.Thread.run(Thread.java:750)
NestedThrowablesStackTrace:
java.sql.BatchUpdateException: DELETE on table 'DBS' caused a violation of foreign key constraint 'TBLS_FK1' for key (11).  The statement has been rolled back.
	at org.apache.derby.impl.jdbc.EmbedStatement.executeLargeBatch(Unknown Source)
	at org.apache.derby.impl.jdbc.EmbedStatement.executeBatch(Unknown Source)
	at com.zaxxer.hikari.pool.ProxyStatement.executeBatch(ProxyStatement.java:128)
	at com.zaxxer.hikari.pool.HikariProxyPreparedStatement.executeBatch(HikariProxyPreparedStatement.java)
	at org.datanucleus.store.rdbms.ParamLoggingPreparedStatement.executeBatch(ParamLoggingPreparedStatement.java:366)
	at org.datanucleus.store.rdbms.SQLController.processConnectionStatement(SQLController.java:675)
	at org.datanucleus.store.rdbms.SQLController.processStatementsForConnection(SQLController.java:643)
	at org.datanucleus.store.rdbms.SQLController$1.transactionFlushed(SQLController.java:729)
	at org.datanucleus.store.connection.AbstractManagedConnection.transactionFlushed(AbstractManagedConnection.java:95)
	at org.datanucleus.store.connection.ConnectionManagerImpl$2.transactionFlushed(ConnectionManagerImpl.java:528)
	at org.datanucleus.TransactionImpl.flush(TransactionImpl.java:222)
	at org.datanucleus.ExecutionContextImpl.flushInternal(ExecutionContextImpl.java:4068)
	at org.datanucleus.ExecutionContextThreadedImpl.flushInternal(ExecutionContextThreadedImpl.java:448)
	at org.datanucleus.ExecutionContextImpl.flush(ExecutionContextImpl.java:4009)
	at org.datanucleus.ExecutionContextThreadedImpl.flush(ExecutionContextThreadedImpl.java:434)
	at org.datanucleus.api.jdo.JDOPersistenceManager.flush(JDOPersistenceManager.java:2064)
	at org.apache.hadoop.hive.metastore.ObjectStore.addNotificationEvent(ObjectStore.java:11639)
	at sun.reflect.GeneratedMethodAccessor68.invoke(Unknown Source)
	at sun.reflect.DelegatingMethodAccessorImpl.invoke(DelegatingMethodAccessorImpl.java:43)
	at java.lang.reflect.Method.invoke(Method.java:498)
	at org.apache.hadoop.hive.metastore.RawStoreProxy.invoke(RawStoreProxy.java:97)
	at com.sun.proxy.$Proxy32.addNotificationEvent(Unknown Source)
	at org.apache.hive.hcatalog.listener.DbNotificationListener.process(DbNotificationListener.java:1403)
	at org.apache.hive.hcatalog.listener.DbNotificationListener.onDropDatabase(DbNotificationListener.java:513)
	at org.apache.hadoop.hive.metastore.MetaStoreListenerNotifier$26.notify(MetaStoreListenerNotifier.java:99)
	at org.apache.hadoop.hive.metastore.MetaStoreListenerNotifier.notifyEvent(MetaStoreListenerNotifier.java:339)
	at org.apache.hadoop.hive.metastore.HMSHandler.drop_database_core(HMSHandler.java:1785)
	at org.apache.hadoop.hive.metastore.HMSHandler.drop_database(HMSHandler.java:1869)
	at sun.reflect.GeneratedMethodAccessor74.invoke(Unknown Source)
	at sun.reflect.DelegatingMethodAccessorImpl.invoke(DelegatingMethodAccessorImpl.java:43)
	at java.lang.reflect.Method.invoke(Method.java:498)
	at org.apache.hadoop.hive.metastore.RetryingHMSHandler.invokeInternal(RetryingHMSHandler.java:147)
	at org.apache.hadoop.hive.metastore.RetryingHMSHandler.invoke(RetryingHMSHandler.java:108)
	at com.sun.proxy.$Proxy34.drop_database(Unknown Source)
	at org.apache.hadoop.hive.metastore.api.ThriftHiveMetastore$Processor$drop_database.getResult(ThriftHiveMetastore.java:18285)
	at org.apache.hadoop.hive.metastore.api.ThriftHiveMetastore$Processor$drop_database.getResult(ThriftHiveMetastore.java:18264)
	at org.apache.thrift.ProcessFunction.process(ProcessFunction.java:38)
	at org.apache.hadoop.hive.metastore.TUGIBasedProcessor$1.run(TUGIBasedProcessor.java:111)
	at org.apache.hadoop.hive.metastore.TUGIBasedProcessor$1.run(TUGIBasedProcessor.java:107)
	at java.security.AccessController.doPrivileged(Native Method)
	at javax.security.auth.Subject.doAs(Subject.java:422)
	at org.apache.hadoop.security.UserGroupInformation.doAs(UserGroupInformation.java:1682)
	at org.apache.hadoop.hive.metastore.TUGIBasedProcessor.process(TUGIBasedProcessor.java:119)
	at org.apache.thrift.server.TThreadPoolServer$WorkerProcess.run(TThreadPoolServer.java:248)
	at java.util.concurrent.ThreadPoolExecutor.runWorker(ThreadPoolExecutor.java:1149)
	at java.util.concurrent.ThreadPoolExecutor$Worker.run(ThreadPoolExecutor.java:624)
	at java.lang.Thread.run(Thread.java:750)
Caused by: org.apache.derby.shared.common.error.DerbySQLIntegrityConstraintViolationException: DELETE on table 'DBS' caused a violation of foreign key constraint 'TBLS_FK1' for key (11).  The statement has been rolled back.
	at org.apache.derby.impl.jdbc.SQLExceptionFactory.getSQLException(Unknown Source)
	at org.apache.derby.impl.jdbc.Util.generateCsSQLException(Unknown Source)
	at org.apache.derby.impl.jdbc.TransactionResourceImpl.wrapInSQLException(Unknown Source)
	at org.apache.derby.impl.jdbc.TransactionResourceImpl.handleException(Unknown Source)
	at org.apache.derby.impl.jdbc.EmbedConnection.handleException(Unknown Source)
	at org.apache.derby.impl.jdbc.ConnectionChild.handleException(Unknown Source)
	at org.apache.derby.impl.jdbc.EmbedStatement.executeStatement(Unknown Source)
	at org.apache.derby.impl.jdbc.EmbedPreparedStatement.executeBatchElement(Unknown Source)
	... 47 more
Caused by: ERROR 23503: DELETE on table 'DBS' caused a violation of foreign key constraint 'TBLS_FK1' for key (11).  The statement has been rolled back.
	at org.apache.derby.iapi.error.StandardException.newException(Unknown Source)
	at org.apache.derby.iapi.error.StandardException.newException(Unknown Source)
	at org.apache.derby.impl.sql.execute.ReferencedKeyRIChecker.doCheck(Unknown Source)
	at org.apache.derby.impl.sql.execute.RISetChecker.doPKCheck(Unknown Source)
	at org.apache.derby.impl.sql.execute.DeleteResultSet.collectAffectedRows(Unknown Source)
	at org.apache.derby.impl.sql.execute.DeleteResultSet.open(Unknown Source)
	at org.apache.derby.impl.sql.GenericPreparedStatement.executeStmt(Unknown Source)
	at org.apache.derby.impl.sql.GenericPreparedStatement.execute(Unknown Source)
	... 49 more

2024-04-24T12:09:10,386  INFO [TThreadPoolServer WorkerProcess-%d] HiveMetaStore.audit: ugi=alex	ip=127.0.0.1	cmd=source:127.0.0.1 drop_database: @hive#myDb	
2024-04-24T12:09:10,389  INFO [TThreadPoolServer WorkerProcess-%d] HiveMetaStore.audit: ugi=alex	ip=127.0.0.1	cmd=source:127.0.0.1 get_all_tables: db=@hive#myDb	
2024-04-24T12:09:10,390  INFO [TThreadPoolServer WorkerProcess-%d] HiveMetaStore.audit: ugi=alex	ip=127.0.0.1	cmd=source:127.0.0.1 get_functions: db=@hive#myDb pat=*	
2024-04-24T12:09:10,392  INFO [TThreadPoolServer WorkerProcess-%d] HiveMetaStore.audit: ugi=alex	ip=127.0.0.1	cmd=source:127.0.0.1 get_all_stored_procedures	
2024-04-24T12:09:10,393  INFO [TThreadPoolServer WorkerProcess-%d] HiveMetaStore.audit: ugi=alex	ip=127.0.0.1	cmd=source:127.0.0.1 get_all_packages	
2024-04-24T12:09:10,393  INFO [TThreadPoolServer WorkerProcess-%d] HiveMetaStore.audit: ugi=alex	ip=127.0.0.1	cmd=source:127.0.0.1 getTablesByTypeCore: catName=hive: db=myDb pat=.*,type=MATERIALIZED_VIEW	
2024-04-24T12:09:10,395  INFO [TThreadPoolServer WorkerProcess-%d] metastore.ObjectStore: Dropping database hive.myDb along with all tables
2024-04-24T12:09:10,398 ERROR [TThreadPoolServer WorkerProcess-%d] metastore.RetryingHMSHandler: Retrying HMSHandler after 2000 ms (attempt 6 of 10) with error: javax.jdo.JDODataStoreException: Exception thrown flushing changes to datastore
	at org.datanucleus.api.jdo.NucleusJDOHelper.getJDOExceptionForNucleusException(NucleusJDOHelper.java:542)
	at org.datanucleus.api.jdo.JDOPersistenceManager.flush(JDOPersistenceManager.java:2081)
	at org.apache.hadoop.hive.metastore.ObjectStore.addNotificationEvent(ObjectStore.java:11639)
	at sun.reflect.GeneratedMethodAccessor68.invoke(Unknown Source)
	at sun.reflect.DelegatingMethodAccessorImpl.invoke(DelegatingMethodAccessorImpl.java:43)
	at java.lang.reflect.Method.invoke(Method.java:498)
	at org.apache.hadoop.hive.metastore.RawStoreProxy.invoke(RawStoreProxy.java:97)
	at com.sun.proxy.$Proxy32.addNotificationEvent(Unknown Source)
	at org.apache.hive.hcatalog.listener.DbNotificationListener.process(DbNotificationListener.java:1403)
	at org.apache.hive.hcatalog.listener.DbNotificationListener.onDropDatabase(DbNotificationListener.java:513)
	at org.apache.hadoop.hive.metastore.MetaStoreListenerNotifier$26.notify(MetaStoreListenerNotifier.java:99)
	at org.apache.hadoop.hive.metastore.MetaStoreListenerNotifier.notifyEvent(MetaStoreListenerNotifier.java:339)
	at org.apache.hadoop.hive.metastore.HMSHandler.drop_database_core(HMSHandler.java:1785)
	at org.apache.hadoop.hive.metastore.HMSHandler.drop_database(HMSHandler.java:1869)
	at sun.reflect.GeneratedMethodAccessor74.invoke(Unknown Source)
	at sun.reflect.DelegatingMethodAccessorImpl.invoke(DelegatingMethodAccessorImpl.java:43)
	at java.lang.reflect.Method.invoke(Method.java:498)
	at org.apache.hadoop.hive.metastore.RetryingHMSHandler.invokeInternal(RetryingHMSHandler.java:147)
	at org.apache.hadoop.hive.metastore.RetryingHMSHandler.invoke(RetryingHMSHandler.java:108)
	at com.sun.proxy.$Proxy34.drop_database(Unknown Source)
	at org.apache.hadoop.hive.metastore.api.ThriftHiveMetastore$Processor$drop_database.getResult(ThriftHiveMetastore.java:18285)
	at org.apache.hadoop.hive.metastore.api.ThriftHiveMetastore$Processor$drop_database.getResult(ThriftHiveMetastore.java:18264)
	at org.apache.thrift.ProcessFunction.process(ProcessFunction.java:38)
	at org.apache.hadoop.hive.metastore.TUGIBasedProcessor$1.run(TUGIBasedProcessor.java:111)
	at org.apache.hadoop.hive.metastore.TUGIBasedProcessor$1.run(TUGIBasedProcessor.java:107)
	at java.security.AccessController.doPrivileged(Native Method)
	at javax.security.auth.Subject.doAs(Subject.java:422)
	at org.apache.hadoop.security.UserGroupInformation.doAs(UserGroupInformation.java:1682)
	at org.apache.hadoop.hive.metastore.TUGIBasedProcessor.process(TUGIBasedProcessor.java:119)
	at org.apache.thrift.server.TThreadPoolServer$WorkerProcess.run(TThreadPoolServer.java:248)
	at java.util.concurrent.ThreadPoolExecutor.runWorker(ThreadPoolExecutor.java:1149)
	at java.util.concurrent.ThreadPoolExecutor$Worker.run(ThreadPoolExecutor.java:624)
	at java.lang.Thread.run(Thread.java:750)
NestedThrowablesStackTrace:
java.sql.BatchUpdateException: DELETE on table 'DBS' caused a violation of foreign key constraint 'TBLS_FK1' for key (11).  The statement has been rolled back.
	at org.apache.derby.impl.jdbc.EmbedStatement.executeLargeBatch(Unknown Source)
	at org.apache.derby.impl.jdbc.EmbedStatement.executeBatch(Unknown Source)
	at com.zaxxer.hikari.pool.ProxyStatement.executeBatch(ProxyStatement.java:128)
	at com.zaxxer.hikari.pool.HikariProxyPreparedStatement.executeBatch(HikariProxyPreparedStatement.java)
	at org.datanucleus.store.rdbms.ParamLoggingPreparedStatement.executeBatch(ParamLoggingPreparedStatement.java:366)
	at org.datanucleus.store.rdbms.SQLController.processConnectionStatement(SQLController.java:675)
	at org.datanucleus.store.rdbms.SQLController.processStatementsForConnection(SQLController.java:643)
	at org.datanucleus.store.rdbms.SQLController$1.transactionFlushed(SQLController.java:729)
	at org.datanucleus.store.connection.AbstractManagedConnection.transactionFlushed(AbstractManagedConnection.java:95)
	at org.datanucleus.store.connection.ConnectionManagerImpl$2.transactionFlushed(ConnectionManagerImpl.java:528)
	at org.datanucleus.TransactionImpl.flush(TransactionImpl.java:222)
	at org.datanucleus.ExecutionContextImpl.flushInternal(ExecutionContextImpl.java:4068)
	at org.datanucleus.ExecutionContextThreadedImpl.flushInternal(ExecutionContextThreadedImpl.java:448)
	at org.datanucleus.ExecutionContextImpl.flush(ExecutionContextImpl.java:4009)
	at org.datanucleus.ExecutionContextThreadedImpl.flush(ExecutionContextThreadedImpl.java:434)
	at org.datanucleus.api.jdo.JDOPersistenceManager.flush(JDOPersistenceManager.java:2064)
	at org.apache.hadoop.hive.metastore.ObjectStore.addNotificationEvent(ObjectStore.java:11639)
	at sun.reflect.GeneratedMethodAccessor68.invoke(Unknown Source)
	at sun.reflect.DelegatingMethodAccessorImpl.invoke(DelegatingMethodAccessorImpl.java:43)
	at java.lang.reflect.Method.invoke(Method.java:498)
	at org.apache.hadoop.hive.metastore.RawStoreProxy.invoke(RawStoreProxy.java:97)
	at com.sun.proxy.$Proxy32.addNotificationEvent(Unknown Source)
	at org.apache.hive.hcatalog.listener.DbNotificationListener.process(DbNotificationListener.java:1403)
	at org.apache.hive.hcatalog.listener.DbNotificationListener.onDropDatabase(DbNotificationListener.java:513)
	at org.apache.hadoop.hive.metastore.MetaStoreListenerNotifier$26.notify(MetaStoreListenerNotifier.java:99)
	at org.apache.hadoop.hive.metastore.MetaStoreListenerNotifier.notifyEvent(MetaStoreListenerNotifier.java:339)
	at org.apache.hadoop.hive.metastore.HMSHandler.drop_database_core(HMSHandler.java:1785)
	at org.apache.hadoop.hive.metastore.HMSHandler.drop_database(HMSHandler.java:1869)
	at sun.reflect.GeneratedMethodAccessor74.invoke(Unknown Source)
	at sun.reflect.DelegatingMethodAccessorImpl.invoke(DelegatingMethodAccessorImpl.java:43)
	at java.lang.reflect.Method.invoke(Method.java:498)
	at org.apache.hadoop.hive.metastore.RetryingHMSHandler.invokeInternal(RetryingHMSHandler.java:147)
	at org.apache.hadoop.hive.metastore.RetryingHMSHandler.invoke(RetryingHMSHandler.java:108)
	at com.sun.proxy.$Proxy34.drop_database(Unknown Source)
	at org.apache.hadoop.hive.metastore.api.ThriftHiveMetastore$Processor$drop_database.getResult(ThriftHiveMetastore.java:18285)
	at org.apache.hadoop.hive.metastore.api.ThriftHiveMetastore$Processor$drop_database.getResult(ThriftHiveMetastore.java:18264)
	at org.apache.thrift.ProcessFunction.process(ProcessFunction.java:38)
	at org.apache.hadoop.hive.metastore.TUGIBasedProcessor$1.run(TUGIBasedProcessor.java:111)
	at org.apache.hadoop.hive.metastore.TUGIBasedProcessor$1.run(TUGIBasedProcessor.java:107)
	at java.security.AccessController.doPrivileged(Native Method)
	at javax.security.auth.Subject.doAs(Subject.java:422)
	at org.apache.hadoop.security.UserGroupInformation.doAs(UserGroupInformation.java:1682)
	at org.apache.hadoop.hive.metastore.TUGIBasedProcessor.process(TUGIBasedProcessor.java:119)
	at org.apache.thrift.server.TThreadPoolServer$WorkerProcess.run(TThreadPoolServer.java:248)
	at java.util.concurrent.ThreadPoolExecutor.runWorker(ThreadPoolExecutor.java:1149)
	at java.util.concurrent.ThreadPoolExecutor$Worker.run(ThreadPoolExecutor.java:624)
	at java.lang.Thread.run(Thread.java:750)
Caused by: org.apache.derby.shared.common.error.DerbySQLIntegrityConstraintViolationException: DELETE on table 'DBS' caused a violation of foreign key constraint 'TBLS_FK1' for key (11).  The statement has been rolled back.
	at org.apache.derby.impl.jdbc.SQLExceptionFactory.getSQLException(Unknown Source)
	at org.apache.derby.impl.jdbc.Util.generateCsSQLException(Unknown Source)
	at org.apache.derby.impl.jdbc.TransactionResourceImpl.wrapInSQLException(Unknown Source)
	at org.apache.derby.impl.jdbc.TransactionResourceImpl.handleException(Unknown Source)
	at org.apache.derby.impl.jdbc.EmbedConnection.handleException(Unknown Source)
	at org.apache.derby.impl.jdbc.ConnectionChild.handleException(Unknown Source)
	at org.apache.derby.impl.jdbc.EmbedStatement.executeStatement(Unknown Source)
	at org.apache.derby.impl.jdbc.EmbedPreparedStatement.executeBatchElement(Unknown Source)
	... 47 more
Caused by: ERROR 23503: DELETE on table 'DBS' caused a violation of foreign key constraint 'TBLS_FK1' for key (11).  The statement has been rolled back.
	at org.apache.derby.iapi.error.StandardException.newException(Unknown Source)
	at org.apache.derby.iapi.error.StandardException.newException(Unknown Source)
	at org.apache.derby.impl.sql.execute.ReferencedKeyRIChecker.doCheck(Unknown Source)
	at org.apache.derby.impl.sql.execute.RISetChecker.doPKCheck(Unknown Source)
	at org.apache.derby.impl.sql.execute.DeleteResultSet.collectAffectedRows(Unknown Source)
	at org.apache.derby.impl.sql.execute.DeleteResultSet.open(Unknown Source)
	at org.apache.derby.impl.sql.GenericPreparedStatement.executeStmt(Unknown Source)
	at org.apache.derby.impl.sql.GenericPreparedStatement.execute(Unknown Source)
	... 49 more

2024-04-24T12:09:12,398  INFO [TThreadPoolServer WorkerProcess-%d] HiveMetaStore.audit: ugi=alex	ip=127.0.0.1	cmd=source:127.0.0.1 drop_database: @hive#myDb	
2024-04-24T12:09:12,401  INFO [TThreadPoolServer WorkerProcess-%d] HiveMetaStore.audit: ugi=alex	ip=127.0.0.1	cmd=source:127.0.0.1 get_all_tables: db=@hive#myDb	
2024-04-24T12:09:12,402  INFO [TThreadPoolServer WorkerProcess-%d] HiveMetaStore.audit: ugi=alex	ip=127.0.0.1	cmd=source:127.0.0.1 get_functions: db=@hive#myDb pat=*	
2024-04-24T12:09:12,403  INFO [TThreadPoolServer WorkerProcess-%d] HiveMetaStore.audit: ugi=alex	ip=127.0.0.1	cmd=source:127.0.0.1 get_all_stored_procedures	
2024-04-24T12:09:12,403  INFO [TThreadPoolServer WorkerProcess-%d] HiveMetaStore.audit: ugi=alex	ip=127.0.0.1	cmd=source:127.0.0.1 get_all_packages	
2024-04-24T12:09:12,404  INFO [TThreadPoolServer WorkerProcess-%d] HiveMetaStore.audit: ugi=alex	ip=127.0.0.1	cmd=source:127.0.0.1 getTablesByTypeCore: catName=hive: db=myDb pat=.*,type=MATERIALIZED_VIEW	
2024-04-24T12:09:12,406  INFO [TThreadPoolServer WorkerProcess-%d] metastore.ObjectStore: Dropping database hive.myDb along with all tables
2024-04-24T12:09:12,409 ERROR [TThreadPoolServer WorkerProcess-%d] metastore.RetryingHMSHandler: Retrying HMSHandler after 2000 ms (attempt 7 of 10) with error: javax.jdo.JDODataStoreException: Exception thrown flushing changes to datastore
	at org.datanucleus.api.jdo.NucleusJDOHelper.getJDOExceptionForNucleusException(NucleusJDOHelper.java:542)
	at org.datanucleus.api.jdo.JDOPersistenceManager.flush(JDOPersistenceManager.java:2081)
	at org.apache.hadoop.hive.metastore.ObjectStore.addNotificationEvent(ObjectStore.java:11639)
	at sun.reflect.GeneratedMethodAccessor68.invoke(Unknown Source)
	at sun.reflect.DelegatingMethodAccessorImpl.invoke(DelegatingMethodAccessorImpl.java:43)
	at java.lang.reflect.Method.invoke(Method.java:498)
	at org.apache.hadoop.hive.metastore.RawStoreProxy.invoke(RawStoreProxy.java:97)
	at com.sun.proxy.$Proxy32.addNotificationEvent(Unknown Source)
	at org.apache.hive.hcatalog.listener.DbNotificationListener.process(DbNotificationListener.java:1403)
	at org.apache.hive.hcatalog.listener.DbNotificationListener.onDropDatabase(DbNotificationListener.java:513)
	at org.apache.hadoop.hive.metastore.MetaStoreListenerNotifier$26.notify(MetaStoreListenerNotifier.java:99)
	at org.apache.hadoop.hive.metastore.MetaStoreListenerNotifier.notifyEvent(MetaStoreListenerNotifier.java:339)
	at org.apache.hadoop.hive.metastore.HMSHandler.drop_database_core(HMSHandler.java:1785)
	at org.apache.hadoop.hive.metastore.HMSHandler.drop_database(HMSHandler.java:1869)
	at sun.reflect.GeneratedMethodAccessor74.invoke(Unknown Source)
	at sun.reflect.DelegatingMethodAccessorImpl.invoke(DelegatingMethodAccessorImpl.java:43)
	at java.lang.reflect.Method.invoke(Method.java:498)
	at org.apache.hadoop.hive.metastore.RetryingHMSHandler.invokeInternal(RetryingHMSHandler.java:147)
	at org.apache.hadoop.hive.metastore.RetryingHMSHandler.invoke(RetryingHMSHandler.java:108)
	at com.sun.proxy.$Proxy34.drop_database(Unknown Source)
	at org.apache.hadoop.hive.metastore.api.ThriftHiveMetastore$Processor$drop_database.getResult(ThriftHiveMetastore.java:18285)
	at org.apache.hadoop.hive.metastore.api.ThriftHiveMetastore$Processor$drop_database.getResult(ThriftHiveMetastore.java:18264)
	at org.apache.thrift.ProcessFunction.process(ProcessFunction.java:38)
	at org.apache.hadoop.hive.metastore.TUGIBasedProcessor$1.run(TUGIBasedProcessor.java:111)
	at org.apache.hadoop.hive.metastore.TUGIBasedProcessor$1.run(TUGIBasedProcessor.java:107)
	at java.security.AccessController.doPrivileged(Native Method)
	at javax.security.auth.Subject.doAs(Subject.java:422)
	at org.apache.hadoop.security.UserGroupInformation.doAs(UserGroupInformation.java:1682)
	at org.apache.hadoop.hive.metastore.TUGIBasedProcessor.process(TUGIBasedProcessor.java:119)
	at org.apache.thrift.server.TThreadPoolServer$WorkerProcess.run(TThreadPoolServer.java:248)
	at java.util.concurrent.ThreadPoolExecutor.runWorker(ThreadPoolExecutor.java:1149)
	at java.util.concurrent.ThreadPoolExecutor$Worker.run(ThreadPoolExecutor.java:624)
	at java.lang.Thread.run(Thread.java:750)
NestedThrowablesStackTrace:
java.sql.BatchUpdateException: DELETE on table 'DBS' caused a violation of foreign key constraint 'TBLS_FK1' for key (11).  The statement has been rolled back.
	at org.apache.derby.impl.jdbc.EmbedStatement.executeLargeBatch(Unknown Source)
	at org.apache.derby.impl.jdbc.EmbedStatement.executeBatch(Unknown Source)
	at com.zaxxer.hikari.pool.ProxyStatement.executeBatch(ProxyStatement.java:128)
	at com.zaxxer.hikari.pool.HikariProxyPreparedStatement.executeBatch(HikariProxyPreparedStatement.java)
	at org.datanucleus.store.rdbms.ParamLoggingPreparedStatement.executeBatch(ParamLoggingPreparedStatement.java:366)
	at org.datanucleus.store.rdbms.SQLController.processConnectionStatement(SQLController.java:675)
	at org.datanucleus.store.rdbms.SQLController.processStatementsForConnection(SQLController.java:643)
	at org.datanucleus.store.rdbms.SQLController$1.transactionFlushed(SQLController.java:729)
	at org.datanucleus.store.connection.AbstractManagedConnection.transactionFlushed(AbstractManagedConnection.java:95)
	at org.datanucleus.store.connection.ConnectionManagerImpl$2.transactionFlushed(ConnectionManagerImpl.java:528)
	at org.datanucleus.TransactionImpl.flush(TransactionImpl.java:222)
	at org.datanucleus.ExecutionContextImpl.flushInternal(ExecutionContextImpl.java:4068)
	at org.datanucleus.ExecutionContextThreadedImpl.flushInternal(ExecutionContextThreadedImpl.java:448)
	at org.datanucleus.ExecutionContextImpl.flush(ExecutionContextImpl.java:4009)
	at org.datanucleus.ExecutionContextThreadedImpl.flush(ExecutionContextThreadedImpl.java:434)
	at org.datanucleus.api.jdo.JDOPersistenceManager.flush(JDOPersistenceManager.java:2064)
	at org.apache.hadoop.hive.metastore.ObjectStore.addNotificationEvent(ObjectStore.java:11639)
	at sun.reflect.GeneratedMethodAccessor68.invoke(Unknown Source)
	at sun.reflect.DelegatingMethodAccessorImpl.invoke(DelegatingMethodAccessorImpl.java:43)
	at java.lang.reflect.Method.invoke(Method.java:498)
	at org.apache.hadoop.hive.metastore.RawStoreProxy.invoke(RawStoreProxy.java:97)
	at com.sun.proxy.$Proxy32.addNotificationEvent(Unknown Source)
	at org.apache.hive.hcatalog.listener.DbNotificationListener.process(DbNotificationListener.java:1403)
	at org.apache.hive.hcatalog.listener.DbNotificationListener.onDropDatabase(DbNotificationListener.java:513)
	at org.apache.hadoop.hive.metastore.MetaStoreListenerNotifier$26.notify(MetaStoreListenerNotifier.java:99)
	at org.apache.hadoop.hive.metastore.MetaStoreListenerNotifier.notifyEvent(MetaStoreListenerNotifier.java:339)
	at org.apache.hadoop.hive.metastore.HMSHandler.drop_database_core(HMSHandler.java:1785)
	at org.apache.hadoop.hive.metastore.HMSHandler.drop_database(HMSHandler.java:1869)
	at sun.reflect.GeneratedMethodAccessor74.invoke(Unknown Source)
	at sun.reflect.DelegatingMethodAccessorImpl.invoke(DelegatingMethodAccessorImpl.java:43)
	at java.lang.reflect.Method.invoke(Method.java:498)
	at org.apache.hadoop.hive.metastore.RetryingHMSHandler.invokeInternal(RetryingHMSHandler.java:147)
	at org.apache.hadoop.hive.metastore.RetryingHMSHandler.invoke(RetryingHMSHandler.java:108)
	at com.sun.proxy.$Proxy34.drop_database(Unknown Source)
	at org.apache.hadoop.hive.metastore.api.ThriftHiveMetastore$Processor$drop_database.getResult(ThriftHiveMetastore.java:18285)
	at org.apache.hadoop.hive.metastore.api.ThriftHiveMetastore$Processor$drop_database.getResult(ThriftHiveMetastore.java:18264)
	at org.apache.thrift.ProcessFunction.process(ProcessFunction.java:38)
	at org.apache.hadoop.hive.metastore.TUGIBasedProcessor$1.run(TUGIBasedProcessor.java:111)
	at org.apache.hadoop.hive.metastore.TUGIBasedProcessor$1.run(TUGIBasedProcessor.java:107)
	at java.security.AccessController.doPrivileged(Native Method)
	at javax.security.auth.Subject.doAs(Subject.java:422)
	at org.apache.hadoop.security.UserGroupInformation.doAs(UserGroupInformation.java:1682)
	at org.apache.hadoop.hive.metastore.TUGIBasedProcessor.process(TUGIBasedProcessor.java:119)
	at org.apache.thrift.server.TThreadPoolServer$WorkerProcess.run(TThreadPoolServer.java:248)
	at java.util.concurrent.ThreadPoolExecutor.runWorker(ThreadPoolExecutor.java:1149)
	at java.util.concurrent.ThreadPoolExecutor$Worker.run(ThreadPoolExecutor.java:624)
	at java.lang.Thread.run(Thread.java:750)
Caused by: org.apache.derby.shared.common.error.DerbySQLIntegrityConstraintViolationException: DELETE on table 'DBS' caused a violation of foreign key constraint 'TBLS_FK1' for key (11).  The statement has been rolled back.
	at org.apache.derby.impl.jdbc.SQLExceptionFactory.getSQLException(Unknown Source)
	at org.apache.derby.impl.jdbc.Util.generateCsSQLException(Unknown Source)
	at org.apache.derby.impl.jdbc.TransactionResourceImpl.wrapInSQLException(Unknown Source)
	at org.apache.derby.impl.jdbc.TransactionResourceImpl.handleException(Unknown Source)
	at org.apache.derby.impl.jdbc.EmbedConnection.handleException(Unknown Source)
	at org.apache.derby.impl.jdbc.ConnectionChild.handleException(Unknown Source)
	at org.apache.derby.impl.jdbc.EmbedStatement.executeStatement(Unknown Source)
	at org.apache.derby.impl.jdbc.EmbedPreparedStatement.executeBatchElement(Unknown Source)
	... 47 more
Caused by: ERROR 23503: DELETE on table 'DBS' caused a violation of foreign key constraint 'TBLS_FK1' for key (11).  The statement has been rolled back.
	at org.apache.derby.iapi.error.StandardException.newException(Unknown Source)
	at org.apache.derby.iapi.error.StandardException.newException(Unknown Source)
	at org.apache.derby.impl.sql.execute.ReferencedKeyRIChecker.doCheck(Unknown Source)
	at org.apache.derby.impl.sql.execute.RISetChecker.doPKCheck(Unknown Source)
	at org.apache.derby.impl.sql.execute.DeleteResultSet.collectAffectedRows(Unknown Source)
	at org.apache.derby.impl.sql.execute.DeleteResultSet.open(Unknown Source)
	at org.apache.derby.impl.sql.GenericPreparedStatement.executeStmt(Unknown Source)
	at org.apache.derby.impl.sql.GenericPreparedStatement.execute(Unknown Source)
	... 49 more

2024-04-24T12:09:14,410  INFO [TThreadPoolServer WorkerProcess-%d] HiveMetaStore.audit: ugi=alex	ip=127.0.0.1	cmd=source:127.0.0.1 drop_database: @hive#myDb	
2024-04-24T12:09:14,412  INFO [TThreadPoolServer WorkerProcess-%d] HiveMetaStore.audit: ugi=alex	ip=127.0.0.1	cmd=source:127.0.0.1 get_all_tables: db=@hive#myDb	
2024-04-24T12:09:14,413  INFO [TThreadPoolServer WorkerProcess-%d] HiveMetaStore.audit: ugi=alex	ip=127.0.0.1	cmd=source:127.0.0.1 get_functions: db=@hive#myDb pat=*	
2024-04-24T12:09:14,416  INFO [TThreadPoolServer WorkerProcess-%d] HiveMetaStore.audit: ugi=alex	ip=127.0.0.1	cmd=source:127.0.0.1 get_all_stored_procedures	
2024-04-24T12:09:14,417  INFO [TThreadPoolServer WorkerProcess-%d] HiveMetaStore.audit: ugi=alex	ip=127.0.0.1	cmd=source:127.0.0.1 get_all_packages	
2024-04-24T12:09:14,418  INFO [TThreadPoolServer WorkerProcess-%d] HiveMetaStore.audit: ugi=alex	ip=127.0.0.1	cmd=source:127.0.0.1 getTablesByTypeCore: catName=hive: db=myDb pat=.*,type=MATERIALIZED_VIEW	
2024-04-24T12:09:14,420  INFO [TThreadPoolServer WorkerProcess-%d] metastore.ObjectStore: Dropping database hive.myDb along with all tables
2024-04-24T12:09:14,423 ERROR [TThreadPoolServer WorkerProcess-%d] metastore.RetryingHMSHandler: Retrying HMSHandler after 2000 ms (attempt 8 of 10) with error: javax.jdo.JDODataStoreException: Exception thrown flushing changes to datastore
	at org.datanucleus.api.jdo.NucleusJDOHelper.getJDOExceptionForNucleusException(NucleusJDOHelper.java:542)
	at org.datanucleus.api.jdo.JDOPersistenceManager.flush(JDOPersistenceManager.java:2081)
	at org.apache.hadoop.hive.metastore.ObjectStore.addNotificationEvent(ObjectStore.java:11639)
	at sun.reflect.GeneratedMethodAccessor68.invoke(Unknown Source)
	at sun.reflect.DelegatingMethodAccessorImpl.invoke(DelegatingMethodAccessorImpl.java:43)
	at java.lang.reflect.Method.invoke(Method.java:498)
	at org.apache.hadoop.hive.metastore.RawStoreProxy.invoke(RawStoreProxy.java:97)
	at com.sun.proxy.$Proxy32.addNotificationEvent(Unknown Source)
	at org.apache.hive.hcatalog.listener.DbNotificationListener.process(DbNotificationListener.java:1403)
	at org.apache.hive.hcatalog.listener.DbNotificationListener.onDropDatabase(DbNotificationListener.java:513)
	at org.apache.hadoop.hive.metastore.MetaStoreListenerNotifier$26.notify(MetaStoreListenerNotifier.java:99)
	at org.apache.hadoop.hive.metastore.MetaStoreListenerNotifier.notifyEvent(MetaStoreListenerNotifier.java:339)
	at org.apache.hadoop.hive.metastore.HMSHandler.drop_database_core(HMSHandler.java:1785)
	at org.apache.hadoop.hive.metastore.HMSHandler.drop_database(HMSHandler.java:1869)
	at sun.reflect.GeneratedMethodAccessor74.invoke(Unknown Source)
	at sun.reflect.DelegatingMethodAccessorImpl.invoke(DelegatingMethodAccessorImpl.java:43)
	at java.lang.reflect.Method.invoke(Method.java:498)
	at org.apache.hadoop.hive.metastore.RetryingHMSHandler.invokeInternal(RetryingHMSHandler.java:147)
	at org.apache.hadoop.hive.metastore.RetryingHMSHandler.invoke(RetryingHMSHandler.java:108)
	at com.sun.proxy.$Proxy34.drop_database(Unknown Source)
	at org.apache.hadoop.hive.metastore.api.ThriftHiveMetastore$Processor$drop_database.getResult(ThriftHiveMetastore.java:18285)
	at org.apache.hadoop.hive.metastore.api.ThriftHiveMetastore$Processor$drop_database.getResult(ThriftHiveMetastore.java:18264)
	at org.apache.thrift.ProcessFunction.process(ProcessFunction.java:38)
	at org.apache.hadoop.hive.metastore.TUGIBasedProcessor$1.run(TUGIBasedProcessor.java:111)
	at org.apache.hadoop.hive.metastore.TUGIBasedProcessor$1.run(TUGIBasedProcessor.java:107)
	at java.security.AccessController.doPrivileged(Native Method)
	at javax.security.auth.Subject.doAs(Subject.java:422)
	at org.apache.hadoop.security.UserGroupInformation.doAs(UserGroupInformation.java:1682)
	at org.apache.hadoop.hive.metastore.TUGIBasedProcessor.process(TUGIBasedProcessor.java:119)
	at org.apache.thrift.server.TThreadPoolServer$WorkerProcess.run(TThreadPoolServer.java:248)
	at java.util.concurrent.ThreadPoolExecutor.runWorker(ThreadPoolExecutor.java:1149)
	at java.util.concurrent.ThreadPoolExecutor$Worker.run(ThreadPoolExecutor.java:624)
	at java.lang.Thread.run(Thread.java:750)
NestedThrowablesStackTrace:
java.sql.BatchUpdateException: DELETE on table 'DBS' caused a violation of foreign key constraint 'TBLS_FK1' for key (11).  The statement has been rolled back.
	at org.apache.derby.impl.jdbc.EmbedStatement.executeLargeBatch(Unknown Source)
	at org.apache.derby.impl.jdbc.EmbedStatement.executeBatch(Unknown Source)
	at com.zaxxer.hikari.pool.ProxyStatement.executeBatch(ProxyStatement.java:128)
	at com.zaxxer.hikari.pool.HikariProxyPreparedStatement.executeBatch(HikariProxyPreparedStatement.java)
	at org.datanucleus.store.rdbms.ParamLoggingPreparedStatement.executeBatch(ParamLoggingPreparedStatement.java:366)
	at org.datanucleus.store.rdbms.SQLController.processConnectionStatement(SQLController.java:675)
	at org.datanucleus.store.rdbms.SQLController.processStatementsForConnection(SQLController.java:643)
	at org.datanucleus.store.rdbms.SQLController$1.transactionFlushed(SQLController.java:729)
	at org.datanucleus.store.connection.AbstractManagedConnection.transactionFlushed(AbstractManagedConnection.java:95)
	at org.datanucleus.store.connection.ConnectionManagerImpl$2.transactionFlushed(ConnectionManagerImpl.java:528)
	at org.datanucleus.TransactionImpl.flush(TransactionImpl.java:222)
	at org.datanucleus.ExecutionContextImpl.flushInternal(ExecutionContextImpl.java:4068)
	at org.datanucleus.ExecutionContextThreadedImpl.flushInternal(ExecutionContextThreadedImpl.java:448)
	at org.datanucleus.ExecutionContextImpl.flush(ExecutionContextImpl.java:4009)
	at org.datanucleus.ExecutionContextThreadedImpl.flush(ExecutionContextThreadedImpl.java:434)
	at org.datanucleus.api.jdo.JDOPersistenceManager.flush(JDOPersistenceManager.java:2064)
	at org.apache.hadoop.hive.metastore.ObjectStore.addNotificationEvent(ObjectStore.java:11639)
	at sun.reflect.GeneratedMethodAccessor68.invoke(Unknown Source)
	at sun.reflect.DelegatingMethodAccessorImpl.invoke(DelegatingMethodAccessorImpl.java:43)
	at java.lang.reflect.Method.invoke(Method.java:498)
	at org.apache.hadoop.hive.metastore.RawStoreProxy.invoke(RawStoreProxy.java:97)
	at com.sun.proxy.$Proxy32.addNotificationEvent(Unknown Source)
	at org.apache.hive.hcatalog.listener.DbNotificationListener.process(DbNotificationListener.java:1403)
	at org.apache.hive.hcatalog.listener.DbNotificationListener.onDropDatabase(DbNotificationListener.java:513)
	at org.apache.hadoop.hive.metastore.MetaStoreListenerNotifier$26.notify(MetaStoreListenerNotifier.java:99)
	at org.apache.hadoop.hive.metastore.MetaStoreListenerNotifier.notifyEvent(MetaStoreListenerNotifier.java:339)
	at org.apache.hadoop.hive.metastore.HMSHandler.drop_database_core(HMSHandler.java:1785)
	at org.apache.hadoop.hive.metastore.HMSHandler.drop_database(HMSHandler.java:1869)
	at sun.reflect.GeneratedMethodAccessor74.invoke(Unknown Source)
	at sun.reflect.DelegatingMethodAccessorImpl.invoke(DelegatingMethodAccessorImpl.java:43)
	at java.lang.reflect.Method.invoke(Method.java:498)
	at org.apache.hadoop.hive.metastore.RetryingHMSHandler.invokeInternal(RetryingHMSHandler.java:147)
	at org.apache.hadoop.hive.metastore.RetryingHMSHandler.invoke(RetryingHMSHandler.java:108)
	at com.sun.proxy.$Proxy34.drop_database(Unknown Source)
	at org.apache.hadoop.hive.metastore.api.ThriftHiveMetastore$Processor$drop_database.getResult(ThriftHiveMetastore.java:18285)
	at org.apache.hadoop.hive.metastore.api.ThriftHiveMetastore$Processor$drop_database.getResult(ThriftHiveMetastore.java:18264)
	at org.apache.thrift.ProcessFunction.process(ProcessFunction.java:38)
	at org.apache.hadoop.hive.metastore.TUGIBasedProcessor$1.run(TUGIBasedProcessor.java:111)
	at org.apache.hadoop.hive.metastore.TUGIBasedProcessor$1.run(TUGIBasedProcessor.java:107)
	at java.security.AccessController.doPrivileged(Native Method)
	at javax.security.auth.Subject.doAs(Subject.java:422)
	at org.apache.hadoop.security.UserGroupInformation.doAs(UserGroupInformation.java:1682)
	at org.apache.hadoop.hive.metastore.TUGIBasedProcessor.process(TUGIBasedProcessor.java:119)
	at org.apache.thrift.server.TThreadPoolServer$WorkerProcess.run(TThreadPoolServer.java:248)
	at java.util.concurrent.ThreadPoolExecutor.runWorker(ThreadPoolExecutor.java:1149)
	at java.util.concurrent.ThreadPoolExecutor$Worker.run(ThreadPoolExecutor.java:624)
	at java.lang.Thread.run(Thread.java:750)
Caused by: org.apache.derby.shared.common.error.DerbySQLIntegrityConstraintViolationException: DELETE on table 'DBS' caused a violation of foreign key constraint 'TBLS_FK1' for key (11).  The statement has been rolled back.
	at org.apache.derby.impl.jdbc.SQLExceptionFactory.getSQLException(Unknown Source)
	at org.apache.derby.impl.jdbc.Util.generateCsSQLException(Unknown Source)
	at org.apache.derby.impl.jdbc.TransactionResourceImpl.wrapInSQLException(Unknown Source)
	at org.apache.derby.impl.jdbc.TransactionResourceImpl.handleException(Unknown Source)
	at org.apache.derby.impl.jdbc.EmbedConnection.handleException(Unknown Source)
	at org.apache.derby.impl.jdbc.ConnectionChild.handleException(Unknown Source)
	at org.apache.derby.impl.jdbc.EmbedStatement.executeStatement(Unknown Source)
	at org.apache.derby.impl.jdbc.EmbedPreparedStatement.executeBatchElement(Unknown Source)
	... 47 more
Caused by: ERROR 23503: DELETE on table 'DBS' caused a violation of foreign key constraint 'TBLS_FK1' for key (11).  The statement has been rolled back.
	at org.apache.derby.iapi.error.StandardException.newException(Unknown Source)
	at org.apache.derby.iapi.error.StandardException.newException(Unknown Source)
	at org.apache.derby.impl.sql.execute.ReferencedKeyRIChecker.doCheck(Unknown Source)
	at org.apache.derby.impl.sql.execute.RISetChecker.doPKCheck(Unknown Source)
	at org.apache.derby.impl.sql.execute.DeleteResultSet.collectAffectedRows(Unknown Source)
	at org.apache.derby.impl.sql.execute.DeleteResultSet.open(Unknown Source)
	at org.apache.derby.impl.sql.GenericPreparedStatement.executeStmt(Unknown Source)
	at org.apache.derby.impl.sql.GenericPreparedStatement.execute(Unknown Source)
	... 49 more

2024-04-24T12:09:16,424  INFO [TThreadPoolServer WorkerProcess-%d] HiveMetaStore.audit: ugi=alex	ip=127.0.0.1	cmd=source:127.0.0.1 drop_database: @hive#myDb	
2024-04-24T12:09:16,426  INFO [TThreadPoolServer WorkerProcess-%d] HiveMetaStore.audit: ugi=alex	ip=127.0.0.1	cmd=source:127.0.0.1 get_all_tables: db=@hive#myDb	
2024-04-24T12:09:16,427  INFO [TThreadPoolServer WorkerProcess-%d] HiveMetaStore.audit: ugi=alex	ip=127.0.0.1	cmd=source:127.0.0.1 get_functions: db=@hive#myDb pat=*	
2024-04-24T12:09:16,428  INFO [TThreadPoolServer WorkerProcess-%d] HiveMetaStore.audit: ugi=alex	ip=127.0.0.1	cmd=source:127.0.0.1 get_all_stored_procedures	
2024-04-24T12:09:16,429  INFO [TThreadPoolServer WorkerProcess-%d] HiveMetaStore.audit: ugi=alex	ip=127.0.0.1	cmd=source:127.0.0.1 get_all_packages	
2024-04-24T12:09:16,430  INFO [TThreadPoolServer WorkerProcess-%d] HiveMetaStore.audit: ugi=alex	ip=127.0.0.1	cmd=source:127.0.0.1 getTablesByTypeCore: catName=hive: db=myDb pat=.*,type=MATERIALIZED_VIEW	
2024-04-24T12:09:16,432  INFO [TThreadPoolServer WorkerProcess-%d] metastore.ObjectStore: Dropping database hive.myDb along with all tables
2024-04-24T12:09:16,435 ERROR [TThreadPoolServer WorkerProcess-%d] metastore.RetryingHMSHandler: Retrying HMSHandler after 2000 ms (attempt 9 of 10) with error: javax.jdo.JDODataStoreException: Exception thrown flushing changes to datastore
	at org.datanucleus.api.jdo.NucleusJDOHelper.getJDOExceptionForNucleusException(NucleusJDOHelper.java:542)
	at org.datanucleus.api.jdo.JDOPersistenceManager.flush(JDOPersistenceManager.java:2081)
	at org.apache.hadoop.hive.metastore.ObjectStore.addNotificationEvent(ObjectStore.java:11639)
	at sun.reflect.GeneratedMethodAccessor68.invoke(Unknown Source)
	at sun.reflect.DelegatingMethodAccessorImpl.invoke(DelegatingMethodAccessorImpl.java:43)
	at java.lang.reflect.Method.invoke(Method.java:498)
	at org.apache.hadoop.hive.metastore.RawStoreProxy.invoke(RawStoreProxy.java:97)
	at com.sun.proxy.$Proxy32.addNotificationEvent(Unknown Source)
	at org.apache.hive.hcatalog.listener.DbNotificationListener.process(DbNotificationListener.java:1403)
	at org.apache.hive.hcatalog.listener.DbNotificationListener.onDropDatabase(DbNotificationListener.java:513)
	at org.apache.hadoop.hive.metastore.MetaStoreListenerNotifier$26.notify(MetaStoreListenerNotifier.java:99)
	at org.apache.hadoop.hive.metastore.MetaStoreListenerNotifier.notifyEvent(MetaStoreListenerNotifier.java:339)
	at org.apache.hadoop.hive.metastore.HMSHandler.drop_database_core(HMSHandler.java:1785)
	at org.apache.hadoop.hive.metastore.HMSHandler.drop_database(HMSHandler.java:1869)
	at sun.reflect.GeneratedMethodAccessor74.invoke(Unknown Source)
	at sun.reflect.DelegatingMethodAccessorImpl.invoke(DelegatingMethodAccessorImpl.java:43)
	at java.lang.reflect.Method.invoke(Method.java:498)
	at org.apache.hadoop.hive.metastore.RetryingHMSHandler.invokeInternal(RetryingHMSHandler.java:147)
	at org.apache.hadoop.hive.metastore.RetryingHMSHandler.invoke(RetryingHMSHandler.java:108)
	at com.sun.proxy.$Proxy34.drop_database(Unknown Source)
	at org.apache.hadoop.hive.metastore.api.ThriftHiveMetastore$Processor$drop_database.getResult(ThriftHiveMetastore.java:18285)
	at org.apache.hadoop.hive.metastore.api.ThriftHiveMetastore$Processor$drop_database.getResult(ThriftHiveMetastore.java:18264)
	at org.apache.thrift.ProcessFunction.process(ProcessFunction.java:38)
	at org.apache.hadoop.hive.metastore.TUGIBasedProcessor$1.run(TUGIBasedProcessor.java:111)
	at org.apache.hadoop.hive.metastore.TUGIBasedProcessor$1.run(TUGIBasedProcessor.java:107)
	at java.security.AccessController.doPrivileged(Native Method)
	at javax.security.auth.Subject.doAs(Subject.java:422)
	at org.apache.hadoop.security.UserGroupInformation.doAs(UserGroupInformation.java:1682)
	at org.apache.hadoop.hive.metastore.TUGIBasedProcessor.process(TUGIBasedProcessor.java:119)
	at org.apache.thrift.server.TThreadPoolServer$WorkerProcess.run(TThreadPoolServer.java:248)
	at java.util.concurrent.ThreadPoolExecutor.runWorker(ThreadPoolExecutor.java:1149)
	at java.util.concurrent.ThreadPoolExecutor$Worker.run(ThreadPoolExecutor.java:624)
	at java.lang.Thread.run(Thread.java:750)
NestedThrowablesStackTrace:
java.sql.BatchUpdateException: DELETE on table 'DBS' caused a violation of foreign key constraint 'TBLS_FK1' for key (11).  The statement has been rolled back.
	at org.apache.derby.impl.jdbc.EmbedStatement.executeLargeBatch(Unknown Source)
	at org.apache.derby.impl.jdbc.EmbedStatement.executeBatch(Unknown Source)
	at com.zaxxer.hikari.pool.ProxyStatement.executeBatch(ProxyStatement.java:128)
	at com.zaxxer.hikari.pool.HikariProxyPreparedStatement.executeBatch(HikariProxyPreparedStatement.java)
	at org.datanucleus.store.rdbms.ParamLoggingPreparedStatement.executeBatch(ParamLoggingPreparedStatement.java:366)
	at org.datanucleus.store.rdbms.SQLController.processConnectionStatement(SQLController.java:675)
	at org.datanucleus.store.rdbms.SQLController.processStatementsForConnection(SQLController.java:643)
	at org.datanucleus.store.rdbms.SQLController$1.transactionFlushed(SQLController.java:729)
	at org.datanucleus.store.connection.AbstractManagedConnection.transactionFlushed(AbstractManagedConnection.java:95)
	at org.datanucleus.store.connection.ConnectionManagerImpl$2.transactionFlushed(ConnectionManagerImpl.java:528)
	at org.datanucleus.TransactionImpl.flush(TransactionImpl.java:222)
	at org.datanucleus.ExecutionContextImpl.flushInternal(ExecutionContextImpl.java:4068)
	at org.datanucleus.ExecutionContextThreadedImpl.flushInternal(ExecutionContextThreadedImpl.java:448)
	at org.datanucleus.ExecutionContextImpl.flush(ExecutionContextImpl.java:4009)
	at org.datanucleus.ExecutionContextThreadedImpl.flush(ExecutionContextThreadedImpl.java:434)
	at org.datanucleus.api.jdo.JDOPersistenceManager.flush(JDOPersistenceManager.java:2064)
	at org.apache.hadoop.hive.metastore.ObjectStore.addNotificationEvent(ObjectStore.java:11639)
	at sun.reflect.GeneratedMethodAccessor68.invoke(Unknown Source)
	at sun.reflect.DelegatingMethodAccessorImpl.invoke(DelegatingMethodAccessorImpl.java:43)
	at java.lang.reflect.Method.invoke(Method.java:498)
	at org.apache.hadoop.hive.metastore.RawStoreProxy.invoke(RawStoreProxy.java:97)
	at com.sun.proxy.$Proxy32.addNotificationEvent(Unknown Source)
	at org.apache.hive.hcatalog.listener.DbNotificationListener.process(DbNotificationListener.java:1403)
	at org.apache.hive.hcatalog.listener.DbNotificationListener.onDropDatabase(DbNotificationListener.java:513)
	at org.apache.hadoop.hive.metastore.MetaStoreListenerNotifier$26.notify(MetaStoreListenerNotifier.java:99)
	at org.apache.hadoop.hive.metastore.MetaStoreListenerNotifier.notifyEvent(MetaStoreListenerNotifier.java:339)
	at org.apache.hadoop.hive.metastore.HMSHandler.drop_database_core(HMSHandler.java:1785)
	at org.apache.hadoop.hive.metastore.HMSHandler.drop_database(HMSHandler.java:1869)
	at sun.reflect.GeneratedMethodAccessor74.invoke(Unknown Source)
	at sun.reflect.DelegatingMethodAccessorImpl.invoke(DelegatingMethodAccessorImpl.java:43)
	at java.lang.reflect.Method.invoke(Method.java:498)
	at org.apache.hadoop.hive.metastore.RetryingHMSHandler.invokeInternal(RetryingHMSHandler.java:147)
	at org.apache.hadoop.hive.metastore.RetryingHMSHandler.invoke(RetryingHMSHandler.java:108)
	at com.sun.proxy.$Proxy34.drop_database(Unknown Source)
	at org.apache.hadoop.hive.metastore.api.ThriftHiveMetastore$Processor$drop_database.getResult(ThriftHiveMetastore.java:18285)
	at org.apache.hadoop.hive.metastore.api.ThriftHiveMetastore$Processor$drop_database.getResult(ThriftHiveMetastore.java:18264)
	at org.apache.thrift.ProcessFunction.process(ProcessFunction.java:38)
	at org.apache.hadoop.hive.metastore.TUGIBasedProcessor$1.run(TUGIBasedProcessor.java:111)
	at org.apache.hadoop.hive.metastore.TUGIBasedProcessor$1.run(TUGIBasedProcessor.java:107)
	at java.security.AccessController.doPrivileged(Native Method)
	at javax.security.auth.Subject.doAs(Subject.java:422)
	at org.apache.hadoop.security.UserGroupInformation.doAs(UserGroupInformation.java:1682)
	at org.apache.hadoop.hive.metastore.TUGIBasedProcessor.process(TUGIBasedProcessor.java:119)
	at org.apache.thrift.server.TThreadPoolServer$WorkerProcess.run(TThreadPoolServer.java:248)
	at java.util.concurrent.ThreadPoolExecutor.runWorker(ThreadPoolExecutor.java:1149)
	at java.util.concurrent.ThreadPoolExecutor$Worker.run(ThreadPoolExecutor.java:624)
	at java.lang.Thread.run(Thread.java:750)
Caused by: org.apache.derby.shared.common.error.DerbySQLIntegrityConstraintViolationException: DELETE on table 'DBS' caused a violation of foreign key constraint 'TBLS_FK1' for key (11).  The statement has been rolled back.
	at org.apache.derby.impl.jdbc.SQLExceptionFactory.getSQLException(Unknown Source)
	at org.apache.derby.impl.jdbc.Util.generateCsSQLException(Unknown Source)
	at org.apache.derby.impl.jdbc.TransactionResourceImpl.wrapInSQLException(Unknown Source)
	at org.apache.derby.impl.jdbc.TransactionResourceImpl.handleException(Unknown Source)
	at org.apache.derby.impl.jdbc.EmbedConnection.handleException(Unknown Source)
	at org.apache.derby.impl.jdbc.ConnectionChild.handleException(Unknown Source)
	at org.apache.derby.impl.jdbc.EmbedStatement.executeStatement(Unknown Source)
	at org.apache.derby.impl.jdbc.EmbedPreparedStatement.executeBatchElement(Unknown Source)
	... 47 more
Caused by: ERROR 23503: DELETE on table 'DBS' caused a violation of foreign key constraint 'TBLS_FK1' for key (11).  The statement has been rolled back.
	at org.apache.derby.iapi.error.StandardException.newException(Unknown Source)
	at org.apache.derby.iapi.error.StandardException.newException(Unknown Source)
	at org.apache.derby.impl.sql.execute.ReferencedKeyRIChecker.doCheck(Unknown Source)
	at org.apache.derby.impl.sql.execute.RISetChecker.doPKCheck(Unknown Source)
	at org.apache.derby.impl.sql.execute.DeleteResultSet.collectAffectedRows(Unknown Source)
	at org.apache.derby.impl.sql.execute.DeleteResultSet.open(Unknown Source)
	at org.apache.derby.impl.sql.GenericPreparedStatement.executeStmt(Unknown Source)
	at org.apache.derby.impl.sql.GenericPreparedStatement.execute(Unknown Source)
	... 49 more

2024-04-24T12:09:18,436  INFO [TThreadPoolServer WorkerProcess-%d] HiveMetaStore.audit: ugi=alex	ip=127.0.0.1	cmd=source:127.0.0.1 drop_database: @hive#myDb	
2024-04-24T12:09:18,436  INFO [TThreadPoolServer WorkerProcess-%d] HiveMetaStore.audit: ugi=alex	ip=127.0.0.1	cmd=source:127.0.0.1 get_all_tables: db=@hive#myDb	
2024-04-24T12:09:18,437  INFO [TThreadPoolServer WorkerProcess-%d] HiveMetaStore.audit: ugi=alex	ip=127.0.0.1	cmd=source:127.0.0.1 get_functions: db=@hive#myDb pat=*	
2024-04-24T12:09:18,438  INFO [TThreadPoolServer WorkerProcess-%d] HiveMetaStore.audit: ugi=alex	ip=127.0.0.1	cmd=source:127.0.0.1 get_all_stored_procedures	
2024-04-24T12:09:18,439  INFO [TThreadPoolServer WorkerProcess-%d] HiveMetaStore.audit: ugi=alex	ip=127.0.0.1	cmd=source:127.0.0.1 get_all_packages	
2024-04-24T12:09:18,439  INFO [TThreadPoolServer WorkerProcess-%d] HiveMetaStore.audit: ugi=alex	ip=127.0.0.1	cmd=source:127.0.0.1 getTablesByTypeCore: catName=hive: db=myDb pat=.*,type=MATERIALIZED_VIEW	
2024-04-24T12:09:18,441  INFO [TThreadPoolServer WorkerProcess-%d] metastore.ObjectStore: Dropping database hive.myDb along with all tables
2024-04-24T12:09:18,444 ERROR [TThreadPoolServer WorkerProcess-%d] metastore.RetryingHMSHandler: Retrying HMSHandler after 2000 ms (attempt 10 of 10) with error: javax.jdo.JDODataStoreException: Exception thrown flushing changes to datastore
	at org.datanucleus.api.jdo.NucleusJDOHelper.getJDOExceptionForNucleusException(NucleusJDOHelper.java:542)
	at org.datanucleus.api.jdo.JDOPersistenceManager.flush(JDOPersistenceManager.java:2081)
	at org.apache.hadoop.hive.metastore.ObjectStore.addNotificationEvent(ObjectStore.java:11639)
	at sun.reflect.GeneratedMethodAccessor68.invoke(Unknown Source)
	at sun.reflect.DelegatingMethodAccessorImpl.invoke(DelegatingMethodAccessorImpl.java:43)
	at java.lang.reflect.Method.invoke(Method.java:498)
	at org.apache.hadoop.hive.metastore.RawStoreProxy.invoke(RawStoreProxy.java:97)
	at com.sun.proxy.$Proxy32.addNotificationEvent(Unknown Source)
	at org.apache.hive.hcatalog.listener.DbNotificationListener.process(DbNotificationListener.java:1403)
	at org.apache.hive.hcatalog.listener.DbNotificationListener.onDropDatabase(DbNotificationListener.java:513)
	at org.apache.hadoop.hive.metastore.MetaStoreListenerNotifier$26.notify(MetaStoreListenerNotifier.java:99)
	at org.apache.hadoop.hive.metastore.MetaStoreListenerNotifier.notifyEvent(MetaStoreListenerNotifier.java:339)
	at org.apache.hadoop.hive.metastore.HMSHandler.drop_database_core(HMSHandler.java:1785)
	at org.apache.hadoop.hive.metastore.HMSHandler.drop_database(HMSHandler.java:1869)
	at sun.reflect.GeneratedMethodAccessor74.invoke(Unknown Source)
	at sun.reflect.DelegatingMethodAccessorImpl.invoke(DelegatingMethodAccessorImpl.java:43)
	at java.lang.reflect.Method.invoke(Method.java:498)
	at org.apache.hadoop.hive.metastore.RetryingHMSHandler.invokeInternal(RetryingHMSHandler.java:147)
	at org.apache.hadoop.hive.metastore.RetryingHMSHandler.invoke(RetryingHMSHandler.java:108)
	at com.sun.proxy.$Proxy34.drop_database(Unknown Source)
	at org.apache.hadoop.hive.metastore.api.ThriftHiveMetastore$Processor$drop_database.getResult(ThriftHiveMetastore.java:18285)
	at org.apache.hadoop.hive.metastore.api.ThriftHiveMetastore$Processor$drop_database.getResult(ThriftHiveMetastore.java:18264)
	at org.apache.thrift.ProcessFunction.process(ProcessFunction.java:38)
	at org.apache.hadoop.hive.metastore.TUGIBasedProcessor$1.run(TUGIBasedProcessor.java:111)
	at org.apache.hadoop.hive.metastore.TUGIBasedProcessor$1.run(TUGIBasedProcessor.java:107)
	at java.security.AccessController.doPrivileged(Native Method)
	at javax.security.auth.Subject.doAs(Subject.java:422)
	at org.apache.hadoop.security.UserGroupInformation.doAs(UserGroupInformation.java:1682)
	at org.apache.hadoop.hive.metastore.TUGIBasedProcessor.process(TUGIBasedProcessor.java:119)
	at org.apache.thrift.server.TThreadPoolServer$WorkerProcess.run(TThreadPoolServer.java:248)
	at java.util.concurrent.ThreadPoolExecutor.runWorker(ThreadPoolExecutor.java:1149)
	at java.util.concurrent.ThreadPoolExecutor$Worker.run(ThreadPoolExecutor.java:624)
	at java.lang.Thread.run(Thread.java:750)
NestedThrowablesStackTrace:
java.sql.BatchUpdateException: DELETE on table 'DBS' caused a violation of foreign key constraint 'TBLS_FK1' for key (11).  The statement has been rolled back.
	at org.apache.derby.impl.jdbc.EmbedStatement.executeLargeBatch(Unknown Source)
	at org.apache.derby.impl.jdbc.EmbedStatement.executeBatch(Unknown Source)
	at com.zaxxer.hikari.pool.ProxyStatement.executeBatch(ProxyStatement.java:128)
	at com.zaxxer.hikari.pool.HikariProxyPreparedStatement.executeBatch(HikariProxyPreparedStatement.java)
	at org.datanucleus.store.rdbms.ParamLoggingPreparedStatement.executeBatch(ParamLoggingPreparedStatement.java:366)
	at org.datanucleus.store.rdbms.SQLController.processConnectionStatement(SQLController.java:675)
	at org.datanucleus.store.rdbms.SQLController.processStatementsForConnection(SQLController.java:643)
	at org.datanucleus.store.rdbms.SQLController$1.transactionFlushed(SQLController.java:729)
	at org.datanucleus.store.connection.AbstractManagedConnection.transactionFlushed(AbstractManagedConnection.java:95)
	at org.datanucleus.store.connection.ConnectionManagerImpl$2.transactionFlushed(ConnectionManagerImpl.java:528)
	at org.datanucleus.TransactionImpl.flush(TransactionImpl.java:222)
	at org.datanucleus.ExecutionContextImpl.flushInternal(ExecutionContextImpl.java:4068)
	at org.datanucleus.ExecutionContextThreadedImpl.flushInternal(ExecutionContextThreadedImpl.java:448)
	at org.datanucleus.ExecutionContextImpl.flush(ExecutionContextImpl.java:4009)
	at org.datanucleus.ExecutionContextThreadedImpl.flush(ExecutionContextThreadedImpl.java:434)
	at org.datanucleus.api.jdo.JDOPersistenceManager.flush(JDOPersistenceManager.java:2064)
	at org.apache.hadoop.hive.metastore.ObjectStore.addNotificationEvent(ObjectStore.java:11639)
	at sun.reflect.GeneratedMethodAccessor68.invoke(Unknown Source)
	at sun.reflect.DelegatingMethodAccessorImpl.invoke(DelegatingMethodAccessorImpl.java:43)
	at java.lang.reflect.Method.invoke(Method.java:498)
	at org.apache.hadoop.hive.metastore.RawStoreProxy.invoke(RawStoreProxy.java:97)
	at com.sun.proxy.$Proxy32.addNotificationEvent(Unknown Source)
	at org.apache.hive.hcatalog.listener.DbNotificationListener.process(DbNotificationListener.java:1403)
	at org.apache.hive.hcatalog.listener.DbNotificationListener.onDropDatabase(DbNotificationListener.java:513)
	at org.apache.hadoop.hive.metastore.MetaStoreListenerNotifier$26.notify(MetaStoreListenerNotifier.java:99)
	at org.apache.hadoop.hive.metastore.MetaStoreListenerNotifier.notifyEvent(MetaStoreListenerNotifier.java:339)
	at org.apache.hadoop.hive.metastore.HMSHandler.drop_database_core(HMSHandler.java:1785)
	at org.apache.hadoop.hive.metastore.HMSHandler.drop_database(HMSHandler.java:1869)
	at sun.reflect.GeneratedMethodAccessor74.invoke(Unknown Source)
	at sun.reflect.DelegatingMethodAccessorImpl.invoke(DelegatingMethodAccessorImpl.java:43)
	at java.lang.reflect.Method.invoke(Method.java:498)
	at org.apache.hadoop.hive.metastore.RetryingHMSHandler.invokeInternal(RetryingHMSHandler.java:147)
	at org.apache.hadoop.hive.metastore.RetryingHMSHandler.invoke(RetryingHMSHandler.java:108)
	at com.sun.proxy.$Proxy34.drop_database(Unknown Source)
	at org.apache.hadoop.hive.metastore.api.ThriftHiveMetastore$Processor$drop_database.getResult(ThriftHiveMetastore.java:18285)
	at org.apache.hadoop.hive.metastore.api.ThriftHiveMetastore$Processor$drop_database.getResult(ThriftHiveMetastore.java:18264)
	at org.apache.thrift.ProcessFunction.process(ProcessFunction.java:38)
	at org.apache.hadoop.hive.metastore.TUGIBasedProcessor$1.run(TUGIBasedProcessor.java:111)
	at org.apache.hadoop.hive.metastore.TUGIBasedProcessor$1.run(TUGIBasedProcessor.java:107)
	at java.security.AccessController.doPrivileged(Native Method)
	at javax.security.auth.Subject.doAs(Subject.java:422)
	at org.apache.hadoop.security.UserGroupInformation.doAs(UserGroupInformation.java:1682)
	at org.apache.hadoop.hive.metastore.TUGIBasedProcessor.process(TUGIBasedProcessor.java:119)
	at org.apache.thrift.server.TThreadPoolServer$WorkerProcess.run(TThreadPoolServer.java:248)
	at java.util.concurrent.ThreadPoolExecutor.runWorker(ThreadPoolExecutor.java:1149)
	at java.util.concurrent.ThreadPoolExecutor$Worker.run(ThreadPoolExecutor.java:624)
	at java.lang.Thread.run(Thread.java:750)
Caused by: org.apache.derby.shared.common.error.DerbySQLIntegrityConstraintViolationException: DELETE on table 'DBS' caused a violation of foreign key constraint 'TBLS_FK1' for key (11).  The statement has been rolled back.
	at org.apache.derby.impl.jdbc.SQLExceptionFactory.getSQLException(Unknown Source)
	at org.apache.derby.impl.jdbc.Util.generateCsSQLException(Unknown Source)
	at org.apache.derby.impl.jdbc.TransactionResourceImpl.wrapInSQLException(Unknown Source)
	at org.apache.derby.impl.jdbc.TransactionResourceImpl.handleException(Unknown Source)
	at org.apache.derby.impl.jdbc.EmbedConnection.handleException(Unknown Source)
	at org.apache.derby.impl.jdbc.ConnectionChild.handleException(Unknown Source)
	at org.apache.derby.impl.jdbc.EmbedStatement.executeStatement(Unknown Source)
	at org.apache.derby.impl.jdbc.EmbedPreparedStatement.executeBatchElement(Unknown Source)
	... 47 more
Caused by: ERROR 23503: DELETE on table 'DBS' caused a violation of foreign key constraint 'TBLS_FK1' for key (11).  The statement has been rolled back.
	at org.apache.derby.iapi.error.StandardException.newException(Unknown Source)
	at org.apache.derby.iapi.error.StandardException.newException(Unknown Source)
	at org.apache.derby.impl.sql.execute.ReferencedKeyRIChecker.doCheck(Unknown Source)
	at org.apache.derby.impl.sql.execute.RISetChecker.doPKCheck(Unknown Source)
	at org.apache.derby.impl.sql.execute.DeleteResultSet.collectAffectedRows(Unknown Source)
	at org.apache.derby.impl.sql.execute.DeleteResultSet.open(Unknown Source)
	at org.apache.derby.impl.sql.GenericPreparedStatement.executeStmt(Unknown Source)
	at org.apache.derby.impl.sql.GenericPreparedStatement.execute(Unknown Source)
	... 49 more

2024-04-24T12:09:20,445  INFO [TThreadPoolServer WorkerProcess-%d] HiveMetaStore.audit: ugi=alex	ip=127.0.0.1	cmd=source:127.0.0.1 drop_database: @hive#myDb	
2024-04-24T12:09:20,447  INFO [TThreadPoolServer WorkerProcess-%d] HiveMetaStore.audit: ugi=alex	ip=127.0.0.1	cmd=source:127.0.0.1 get_all_tables: db=@hive#myDb	
2024-04-24T12:09:20,448  INFO [TThreadPoolServer WorkerProcess-%d] HiveMetaStore.audit: ugi=alex	ip=127.0.0.1	cmd=source:127.0.0.1 get_functions: db=@hive#myDb pat=*	
2024-04-24T12:09:20,450  INFO [TThreadPoolServer WorkerProcess-%d] HiveMetaStore.audit: ugi=alex	ip=127.0.0.1	cmd=source:127.0.0.1 get_all_stored_procedures	
2024-04-24T12:09:20,451  INFO [TThreadPoolServer WorkerProcess-%d] HiveMetaStore.audit: ugi=alex	ip=127.0.0.1	cmd=source:127.0.0.1 get_all_packages	
2024-04-24T12:09:20,451  INFO [TThreadPoolServer WorkerProcess-%d] HiveMetaStore.audit: ugi=alex	ip=127.0.0.1	cmd=source:127.0.0.1 getTablesByTypeCore: catName=hive: db=myDb pat=.*,type=MATERIALIZED_VIEW	
2024-04-24T12:09:20,454  INFO [TThreadPoolServer WorkerProcess-%d] metastore.ObjectStore: Dropping database hive.myDb along with all tables
2024-04-24T12:09:20,456 ERROR [TThreadPoolServer WorkerProcess-%d] metastore.RetryingHMSHandler: HMSHandler Fatal error: javax.jdo.JDODataStoreException: Exception thrown flushing changes to datastore
	at org.datanucleus.api.jdo.NucleusJDOHelper.getJDOExceptionForNucleusException(NucleusJDOHelper.java:542)
	at org.datanucleus.api.jdo.JDOPersistenceManager.flush(JDOPersistenceManager.java:2081)
	at org.apache.hadoop.hive.metastore.ObjectStore.addNotificationEvent(ObjectStore.java:11639)
	at sun.reflect.GeneratedMethodAccessor68.invoke(Unknown Source)
	at sun.reflect.DelegatingMethodAccessorImpl.invoke(DelegatingMethodAccessorImpl.java:43)
	at java.lang.reflect.Method.invoke(Method.java:498)
	at org.apache.hadoop.hive.metastore.RawStoreProxy.invoke(RawStoreProxy.java:97)
	at com.sun.proxy.$Proxy32.addNotificationEvent(Unknown Source)
	at org.apache.hive.hcatalog.listener.DbNotificationListener.process(DbNotificationListener.java:1403)
	at org.apache.hive.hcatalog.listener.DbNotificationListener.onDropDatabase(DbNotificationListener.java:513)
	at org.apache.hadoop.hive.metastore.MetaStoreListenerNotifier$26.notify(MetaStoreListenerNotifier.java:99)
	at org.apache.hadoop.hive.metastore.MetaStoreListenerNotifier.notifyEvent(MetaStoreListenerNotifier.java:339)
	at org.apache.hadoop.hive.metastore.HMSHandler.drop_database_core(HMSHandler.java:1785)
	at org.apache.hadoop.hive.metastore.HMSHandler.drop_database(HMSHandler.java:1869)
	at sun.reflect.GeneratedMethodAccessor74.invoke(Unknown Source)
	at sun.reflect.DelegatingMethodAccessorImpl.invoke(DelegatingMethodAccessorImpl.java:43)
	at java.lang.reflect.Method.invoke(Method.java:498)
	at org.apache.hadoop.hive.metastore.RetryingHMSHandler.invokeInternal(RetryingHMSHandler.java:147)
	at org.apache.hadoop.hive.metastore.RetryingHMSHandler.invoke(RetryingHMSHandler.java:108)
	at com.sun.proxy.$Proxy34.drop_database(Unknown Source)
	at org.apache.hadoop.hive.metastore.api.ThriftHiveMetastore$Processor$drop_database.getResult(ThriftHiveMetastore.java:18285)
	at org.apache.hadoop.hive.metastore.api.ThriftHiveMetastore$Processor$drop_database.getResult(ThriftHiveMetastore.java:18264)
	at org.apache.thrift.ProcessFunction.process(ProcessFunction.java:38)
	at org.apache.hadoop.hive.metastore.TUGIBasedProcessor$1.run(TUGIBasedProcessor.java:111)
	at org.apache.hadoop.hive.metastore.TUGIBasedProcessor$1.run(TUGIBasedProcessor.java:107)
	at java.security.AccessController.doPrivileged(Native Method)
	at javax.security.auth.Subject.doAs(Subject.java:422)
	at org.apache.hadoop.security.UserGroupInformation.doAs(UserGroupInformation.java:1682)
	at org.apache.hadoop.hive.metastore.TUGIBasedProcessor.process(TUGIBasedProcessor.java:119)
	at org.apache.thrift.server.TThreadPoolServer$WorkerProcess.run(TThreadPoolServer.java:248)
	at java.util.concurrent.ThreadPoolExecutor.runWorker(ThreadPoolExecutor.java:1149)
	at java.util.concurrent.ThreadPoolExecutor$Worker.run(ThreadPoolExecutor.java:624)
	at java.lang.Thread.run(Thread.java:750)
NestedThrowablesStackTrace:
java.sql.BatchUpdateException: DELETE on table 'DBS' caused a violation of foreign key constraint 'TBLS_FK1' for key (11).  The statement has been rolled back.
	at org.apache.derby.impl.jdbc.EmbedStatement.executeLargeBatch(Unknown Source)
	at org.apache.derby.impl.jdbc.EmbedStatement.executeBatch(Unknown Source)
	at com.zaxxer.hikari.pool.ProxyStatement.executeBatch(ProxyStatement.java:128)
	at com.zaxxer.hikari.pool.HikariProxyPreparedStatement.executeBatch(HikariProxyPreparedStatement.java)
	at org.datanucleus.store.rdbms.ParamLoggingPreparedStatement.executeBatch(ParamLoggingPreparedStatement.java:366)
	at org.datanucleus.store.rdbms.SQLController.processConnectionStatement(SQLController.java:675)
	at org.datanucleus.store.rdbms.SQLController.processStatementsForConnection(SQLController.java:643)
	at org.datanucleus.store.rdbms.SQLController$1.transactionFlushed(SQLController.java:729)
	at org.datanucleus.store.connection.AbstractManagedConnection.transactionFlushed(AbstractManagedConnection.java:95)
	at org.datanucleus.store.connection.ConnectionManagerImpl$2.transactionFlushed(ConnectionManagerImpl.java:528)
	at org.datanucleus.TransactionImpl.flush(TransactionImpl.java:222)
	at org.datanucleus.ExecutionContextImpl.flushInternal(ExecutionContextImpl.java:4068)
	at org.datanucleus.ExecutionContextThreadedImpl.flushInternal(ExecutionContextThreadedImpl.java:448)
	at org.datanucleus.ExecutionContextImpl.flush(ExecutionContextImpl.java:4009)
	at org.datanucleus.ExecutionContextThreadedImpl.flush(ExecutionContextThreadedImpl.java:434)
	at org.datanucleus.api.jdo.JDOPersistenceManager.flush(JDOPersistenceManager.java:2064)
	at org.apache.hadoop.hive.metastore.ObjectStore.addNotificationEvent(ObjectStore.java:11639)
	at sun.reflect.GeneratedMethodAccessor68.invoke(Unknown Source)
	at sun.reflect.DelegatingMethodAccessorImpl.invoke(DelegatingMethodAccessorImpl.java:43)
	at java.lang.reflect.Method.invoke(Method.java:498)
	at org.apache.hadoop.hive.metastore.RawStoreProxy.invoke(RawStoreProxy.java:97)
	at com.sun.proxy.$Proxy32.addNotificationEvent(Unknown Source)
	at org.apache.hive.hcatalog.listener.DbNotificationListener.process(DbNotificationListener.java:1403)
	at org.apache.hive.hcatalog.listener.DbNotificationListener.onDropDatabase(DbNotificationListener.java:513)
	at org.apache.hadoop.hive.metastore.MetaStoreListenerNotifier$26.notify(MetaStoreListenerNotifier.java:99)
	at org.apache.hadoop.hive.metastore.MetaStoreListenerNotifier.notifyEvent(MetaStoreListenerNotifier.java:339)
	at org.apache.hadoop.hive.metastore.HMSHandler.drop_database_core(HMSHandler.java:1785)
	at org.apache.hadoop.hive.metastore.HMSHandler.drop_database(HMSHandler.java:1869)
	at sun.reflect.GeneratedMethodAccessor74.invoke(Unknown Source)
	at sun.reflect.DelegatingMethodAccessorImpl.invoke(DelegatingMethodAccessorImpl.java:43)
	at java.lang.reflect.Method.invoke(Method.java:498)
	at org.apache.hadoop.hive.metastore.RetryingHMSHandler.invokeInternal(RetryingHMSHandler.java:147)
	at org.apache.hadoop.hive.metastore.RetryingHMSHandler.invoke(RetryingHMSHandler.java:108)
	at com.sun.proxy.$Proxy34.drop_database(Unknown Source)
	at org.apache.hadoop.hive.metastore.api.ThriftHiveMetastore$Processor$drop_database.getResult(ThriftHiveMetastore.java:18285)
	at org.apache.hadoop.hive.metastore.api.ThriftHiveMetastore$Processor$drop_database.getResult(ThriftHiveMetastore.java:18264)
	at org.apache.thrift.ProcessFunction.process(ProcessFunction.java:38)
	at org.apache.hadoop.hive.metastore.TUGIBasedProcessor$1.run(TUGIBasedProcessor.java:111)
	at org.apache.hadoop.hive.metastore.TUGIBasedProcessor$1.run(TUGIBasedProcessor.java:107)
	at java.security.AccessController.doPrivileged(Native Method)
	at javax.security.auth.Subject.doAs(Subject.java:422)
	at org.apache.hadoop.security.UserGroupInformation.doAs(UserGroupInformation.java:1682)
	at org.apache.hadoop.hive.metastore.TUGIBasedProcessor.process(TUGIBasedProcessor.java:119)
	at org.apache.thrift.server.TThreadPoolServer$WorkerProcess.run(TThreadPoolServer.java:248)
	at java.util.concurrent.ThreadPoolExecutor.runWorker(ThreadPoolExecutor.java:1149)
	at java.util.concurrent.ThreadPoolExecutor$Worker.run(ThreadPoolExecutor.java:624)
	at java.lang.Thread.run(Thread.java:750)
Caused by: org.apache.derby.shared.common.error.DerbySQLIntegrityConstraintViolationException: DELETE on table 'DBS' caused a violation of foreign key constraint 'TBLS_FK1' for key (11).  The statement has been rolled back.
	at org.apache.derby.impl.jdbc.SQLExceptionFactory.getSQLException(Unknown Source)
	at org.apache.derby.impl.jdbc.Util.generateCsSQLException(Unknown Source)
	at org.apache.derby.impl.jdbc.TransactionResourceImpl.wrapInSQLException(Unknown Source)
	at org.apache.derby.impl.jdbc.TransactionResourceImpl.handleException(Unknown Source)
	at org.apache.derby.impl.jdbc.EmbedConnection.handleException(Unknown Source)
	at org.apache.derby.impl.jdbc.ConnectionChild.handleException(Unknown Source)
	at org.apache.derby.impl.jdbc.EmbedStatement.executeStatement(Unknown Source)
	at org.apache.derby.impl.jdbc.EmbedPreparedStatement.executeBatchElement(Unknown Source)
	... 47 more
Caused by: ERROR 23503: DELETE on table 'DBS' caused a violation of foreign key constraint 'TBLS_FK1' for key (11).  The statement has been rolled back.
	at org.apache.derby.iapi.error.StandardException.newException(Unknown Source)
	at org.apache.derby.iapi.error.StandardException.newException(Unknown Source)
	at org.apache.derby.impl.sql.execute.ReferencedKeyRIChecker.doCheck(Unknown Source)
	at org.apache.derby.impl.sql.execute.RISetChecker.doPKCheck(Unknown Source)
	at org.apache.derby.impl.sql.execute.DeleteResultSet.collectAffectedRows(Unknown Source)
	at org.apache.derby.impl.sql.execute.DeleteResultSet.open(Unknown Source)
	at org.apache.derby.impl.sql.GenericPreparedStatement.executeStmt(Unknown Source)
	at org.apache.derby.impl.sql.GenericPreparedStatement.execute(Unknown Source)
	... 49 more

2024-04-24T12:09:20,457 ERROR [main] api.TestHCatClient: Unexpected exception! 
org.apache.hive.hcatalog.common.HCatException: org.apache.hive.hcatalog.common.HCatException : 9001 : Exception occurred while processing HCat request : MetaException while dropping db.. Cause : MetaException(message:javax.jdo.JDODataStoreException: Exception thrown flushing changes to datastore
NestedThrowables:
java.sql.BatchUpdateException: DELETE on table 'DBS' caused a violation of foreign key constraint 'TBLS_FK1' for key (11).  The statement has been rolled back.)
	at org.apache.hive.hcatalog.api.HCatClientHMSImpl.dropDatabase(HCatClientHMSImpl.java:164) ~[classes/:?]
	at org.apache.hive.hcatalog.api.TestHCatClient.testPartitionSpecRegistrationWithCustomSchema(TestHCatClient.java:1278) [test-classes/:?]
	at sun.reflect.NativeMethodAccessorImpl.invoke0(Native Method) ~[?:1.8.0_402]
	at sun.reflect.NativeMethodAccessorImpl.invoke(NativeMethodAccessorImpl.java:62) ~[?:1.8.0_402]
	at sun.reflect.DelegatingMethodAccessorImpl.invoke(DelegatingMethodAccessorImpl.java:43) ~[?:1.8.0_402]
	at java.lang.reflect.Method.invoke(Method.java:498) ~[?:1.8.0_402]
	at org.junit.runners.model.FrameworkMethod$1.runReflectiveCall(FrameworkMethod.java:59) [junit-4.13.jar:4.13]
	at org.junit.internal.runners.model.ReflectiveCallable.run(ReflectiveCallable.java:12) [junit-4.13.jar:4.13]
	at org.junit.runners.model.FrameworkMethod.invokeExplosively(FrameworkMethod.java:56) [junit-4.13.jar:4.13]
	at org.junit.internal.runners.statements.InvokeMethod.evaluate(InvokeMethod.java:17) [junit-4.13.jar:4.13]
	at org.junit.runners.ParentRunner$3.evaluate(ParentRunner.java:306) [junit-4.13.jar:4.13]
	at org.junit.runners.BlockJUnit4ClassRunner$1.evaluate(BlockJUnit4ClassRunner.java:100) [junit-4.13.jar:4.13]
	at org.junit.runners.ParentRunner.runLeaf(ParentRunner.java:366) [junit-4.13.jar:4.13]
	at org.junit.runners.BlockJUnit4ClassRunner.runChild(BlockJUnit4ClassRunner.java:103) [junit-4.13.jar:4.13]
	at org.junit.runners.BlockJUnit4ClassRunner.runChild(BlockJUnit4ClassRunner.java:63) [junit-4.13.jar:4.13]
	at org.junit.runners.ParentRunner$4.run(ParentRunner.java:331) [junit-4.13.jar:4.13]
	at org.junit.runners.ParentRunner$1.schedule(ParentRunner.java:79) [junit-4.13.jar:4.13]
	at org.junit.runners.ParentRunner.runChildren(ParentRunner.java:329) [junit-4.13.jar:4.13]
	at org.junit.runners.ParentRunner.access$100(ParentRunner.java:66) [junit-4.13.jar:4.13]
	at org.junit.runners.ParentRunner$2.evaluate(ParentRunner.java:293) [junit-4.13.jar:4.13]
	at org.junit.internal.runners.statements.RunBefores.evaluate(RunBefores.java:26) [junit-4.13.jar:4.13]
	at org.junit.internal.runners.statements.RunAfters.evaluate(RunAfters.java:27) [junit-4.13.jar:4.13]
	at org.junit.runners.ParentRunner$3.evaluate(ParentRunner.java:306) [junit-4.13.jar:4.13]
	at org.junit.runners.ParentRunner.run(ParentRunner.java:413) [junit-4.13.jar:4.13]
	at org.junit.runners.Suite.runChild(Suite.java:128) [junit-4.13.jar:4.13]
	at org.junit.runners.Suite.runChild(Suite.java:27) [junit-4.13.jar:4.13]
	at org.junit.runners.ParentRunner$4.run(ParentRunner.java:331) [junit-4.13.jar:4.13]
	at org.junit.runners.ParentRunner$1.schedule(ParentRunner.java:79) [junit-4.13.jar:4.13]
	at org.junit.runners.ParentRunner.runChildren(ParentRunner.java:329) [junit-4.13.jar:4.13]
	at org.junit.runners.ParentRunner.access$100(ParentRunner.java:66) [junit-4.13.jar:4.13]
	at org.junit.runners.ParentRunner$2.evaluate(ParentRunner.java:293) [junit-4.13.jar:4.13]
	at org.junit.runners.ParentRunner$3.evaluate(ParentRunner.java:306) [junit-4.13.jar:4.13]
	at org.junit.runners.ParentRunner.run(ParentRunner.java:413) [junit-4.13.jar:4.13]
	at org.apache.maven.surefire.junitcore.JUnitCore.run(JUnitCore.java:55) [surefire-junit47-3.0.0-M4.jar:3.0.0-M4]
	at org.apache.maven.surefire.junitcore.JUnitCoreWrapper.createRequestAndRun(JUnitCoreWrapper.java:137) [surefire-junit47-3.0.0-M4.jar:3.0.0-M4]
	at org.apache.maven.surefire.junitcore.JUnitCoreWrapper.executeEager(JUnitCoreWrapper.java:107) [surefire-junit47-3.0.0-M4.jar:3.0.0-M4]
	at org.apache.maven.surefire.junitcore.JUnitCoreWrapper.execute(JUnitCoreWrapper.java:83) [surefire-junit47-3.0.0-M4.jar:3.0.0-M4]
	at org.apache.maven.surefire.junitcore.JUnitCoreWrapper.execute(JUnitCoreWrapper.java:75) [surefire-junit47-3.0.0-M4.jar:3.0.0-M4]
	at org.apache.maven.surefire.junitcore.JUnitCoreProvider.invoke(JUnitCoreProvider.java:158) [surefire-junit47-3.0.0-M4.jar:3.0.0-M4]
	at org.apache.maven.surefire.booter.ForkedBooter.runSuitesInProcess(ForkedBooter.java:377) [surefire-booter-3.0.0-M4.jar:3.0.0-M4]
	at org.apache.maven.surefire.booter.ForkedBooter.execute(ForkedBooter.java:138) [surefire-booter-3.0.0-M4.jar:3.0.0-M4]
	at org.apache.maven.surefire.booter.ForkedBooter.run(ForkedBooter.java:465) [surefire-booter-3.0.0-M4.jar:3.0.0-M4]
	at org.apache.maven.surefire.booter.ForkedBooter.main(ForkedBooter.java:451) [surefire-booter-3.0.0-M4.jar:3.0.0-M4]
Caused by: org.apache.hadoop.hive.metastore.api.MetaException: javax.jdo.JDODataStoreException: Exception thrown flushing changes to datastore
NestedThrowables:
java.sql.BatchUpdateException: DELETE on table 'DBS' caused a violation of foreign key constraint 'TBLS_FK1' for key (11).  The statement has been rolled back.
	at org.apache.hadoop.hive.metastore.api.ThriftHiveMetastore$drop_database_result$drop_database_resultStandardScheme.read(ThriftHiveMetastore.java:54495) ~[classes/:?]
	at org.apache.hadoop.hive.metastore.api.ThriftHiveMetastore$drop_database_result$drop_database_resultStandardScheme.read(ThriftHiveMetastore.java:54463) ~[classes/:?]
	at org.apache.hadoop.hive.metastore.api.ThriftHiveMetastore$drop_database_result.read(ThriftHiveMetastore.java:54397) ~[classes/:?]
	at org.apache.thrift.TServiceClient.receiveBase(TServiceClient.java:88) ~[libthrift-0.14.1.jar:0.14.1]
	at org.apache.hadoop.hive.metastore.api.ThriftHiveMetastore$Client.recv_drop_database(ThriftHiveMetastore.java:1404) ~[classes/:?]
	at org.apache.hadoop.hive.metastore.api.ThriftHiveMetastore$Client.drop_database(ThriftHiveMetastore.java:1389) ~[classes/:?]
	at org.apache.hadoop.hive.metastore.HiveMetaStoreClient.dropDatabaseCascadePerDb(HiveMetaStoreClient.java:1601) ~[classes/:?]
	at org.apache.hadoop.hive.metastore.HiveMetaStoreClient.dropDatabase(HiveMetaStoreClient.java:1532) ~[classes/:?]
	at org.apache.hadoop.hive.metastore.HiveMetaStoreClient.dropDatabase(HiveMetaStoreClient.java:1485) ~[classes/:?]
	at sun.reflect.NativeMethodAccessorImpl.invoke0(Native Method) ~[?:1.8.0_402]
	at sun.reflect.NativeMethodAccessorImpl.invoke(NativeMethodAccessorImpl.java:62) ~[?:1.8.0_402]
	at sun.reflect.DelegatingMethodAccessorImpl.invoke(DelegatingMethodAccessorImpl.java:43) ~[?:1.8.0_402]
	at java.lang.reflect.Method.invoke(Method.java:498) ~[?:1.8.0_402]
	at org.apache.hadoop.hive.metastore.RetryingMetaStoreClient.invoke(RetryingMetaStoreClient.java:214) ~[classes/:?]
	at com.sun.proxy.$Proxy35.dropDatabase(Unknown Source) ~[?:?]
	at org.apache.hive.hcatalog.api.HCatClientHMSImpl.dropDatabase(HCatClientHMSImpl.java:154) ~[classes/:?]
	... 42 more
]]></system-err>
  </testcase>
  <testcase name="testUpdateTableSchema" classname="org.apache.hive.hcatalog.api.TestHCatClient" time="63.63">
    <failure message="Unexpected exception: org.apache.hive.hcatalog.common.HCatException : 9001 : Exception occurred while processing HCat request : MetaException while dropping db.. Cause : MetaException(message:javax.jdo.JDODataStoreException: Exception thrown flushing changes to datastore&#10;NestedThrowables:&#10;java.sql.BatchUpdateException: DELETE on table &apos;DBS&apos; caused a violation of foreign key constraint &apos;TBLS_FK1&apos; for key (31).  The statement has been rolled back.)" type="java.lang.AssertionError"><![CDATA[java.lang.AssertionError: 
Unexpected exception: org.apache.hive.hcatalog.common.HCatException : 9001 : Exception occurred while processing HCat request : MetaException while dropping db.. Cause : MetaException(message:javax.jdo.JDODataStoreException: Exception thrown flushing changes to datastore
NestedThrowables:
java.sql.BatchUpdateException: DELETE on table 'DBS' caused a violation of foreign key constraint 'TBLS_FK1' for key (31).  The statement has been rolled back.)
	at org.junit.Assert.fail(Assert.java:89)
	at org.junit.Assert.assertTrue(Assert.java:42)
	at org.apache.hive.hcatalog.api.TestHCatClient.testUpdateTableSchema(TestHCatClient.java:559)
	at sun.reflect.NativeMethodAccessorImpl.invoke0(Native Method)
	at sun.reflect.NativeMethodAccessorImpl.invoke(NativeMethodAccessorImpl.java:62)
	at sun.reflect.DelegatingMethodAccessorImpl.invoke(DelegatingMethodAccessorImpl.java:43)
	at java.lang.reflect.Method.invoke(Method.java:498)
	at org.junit.runners.model.FrameworkMethod$1.runReflectiveCall(FrameworkMethod.java:59)
	at org.junit.internal.runners.model.ReflectiveCallable.run(ReflectiveCallable.java:12)
	at org.junit.runners.model.FrameworkMethod.invokeExplosively(FrameworkMethod.java:56)
	at org.junit.internal.runners.statements.InvokeMethod.evaluate(InvokeMethod.java:17)
	at org.junit.runners.ParentRunner$3.evaluate(ParentRunner.java:306)
	at org.junit.runners.BlockJUnit4ClassRunner$1.evaluate(BlockJUnit4ClassRunner.java:100)
	at org.junit.runners.ParentRunner.runLeaf(ParentRunner.java:366)
	at org.junit.runners.BlockJUnit4ClassRunner.runChild(BlockJUnit4ClassRunner.java:103)
	at org.junit.runners.BlockJUnit4ClassRunner.runChild(BlockJUnit4ClassRunner.java:63)
	at org.junit.runners.ParentRunner$4.run(ParentRunner.java:331)
	at org.junit.runners.ParentRunner$1.schedule(ParentRunner.java:79)
	at org.junit.runners.ParentRunner.runChildren(ParentRunner.java:329)
	at org.junit.runners.ParentRunner.access$100(ParentRunner.java:66)
	at org.junit.runners.ParentRunner$2.evaluate(ParentRunner.java:293)
	at org.junit.internal.runners.statements.RunBefores.evaluate(RunBefores.java:26)
	at org.junit.internal.runners.statements.RunAfters.evaluate(RunAfters.java:27)
	at org.junit.runners.ParentRunner$3.evaluate(ParentRunner.java:306)
	at org.junit.runners.ParentRunner.run(ParentRunner.java:413)
	at org.junit.runners.Suite.runChild(Suite.java:128)
	at org.junit.runners.Suite.runChild(Suite.java:27)
	at org.junit.runners.ParentRunner$4.run(ParentRunner.java:331)
	at org.junit.runners.ParentRunner$1.schedule(ParentRunner.java:79)
	at org.junit.runners.ParentRunner.runChildren(ParentRunner.java:329)
	at org.junit.runners.ParentRunner.access$100(ParentRunner.java:66)
	at org.junit.runners.ParentRunner$2.evaluate(ParentRunner.java:293)
	at org.junit.runners.ParentRunner$3.evaluate(ParentRunner.java:306)
	at org.junit.runners.ParentRunner.run(ParentRunner.java:413)
	at org.apache.maven.surefire.junitcore.JUnitCore.run(JUnitCore.java:55)
	at org.apache.maven.surefire.junitcore.JUnitCoreWrapper.createRequestAndRun(JUnitCoreWrapper.java:137)
	at org.apache.maven.surefire.junitcore.JUnitCoreWrapper.executeEager(JUnitCoreWrapper.java:107)
	at org.apache.maven.surefire.junitcore.JUnitCoreWrapper.execute(JUnitCoreWrapper.java:83)
	at org.apache.maven.surefire.junitcore.JUnitCoreWrapper.execute(JUnitCoreWrapper.java:75)
	at org.apache.maven.surefire.junitcore.JUnitCoreProvider.invoke(JUnitCoreProvider.java:158)
	at org.apache.maven.surefire.booter.ForkedBooter.runSuitesInProcess(ForkedBooter.java:377)
	at org.apache.maven.surefire.booter.ForkedBooter.execute(ForkedBooter.java:138)
	at org.apache.maven.surefire.booter.ForkedBooter.run(ForkedBooter.java:465)
	at org.apache.maven.surefire.booter.ForkedBooter.main(ForkedBooter.java:451)
]]></failure>
    <system-err><![CDATA[2024-04-24T12:09:20,504  WARN [main] conf.HiveConf: HiveConf of name hive.llap.io.cache.orc.alloc.min does not exist
2024-04-24T12:09:20,504  WARN [main] conf.HiveConf: HiveConf of name hive.stats.key.prefix.reserve.length does not exist
2024-04-24T12:09:20,504  WARN [main] conf.HiveConf: HiveConf of name hive.metastore.client.cache.maxSize does not exist
2024-04-24T12:09:20,504  WARN [main] conf.HiveConf: HiveConf of name hive.dummyparam.test.server.specific.config.metastoresite does not exist
2024-04-24T12:09:20,504  WARN [main] conf.HiveConf: HiveConf of name hive.llap.io.cache.orc.arena.size does not exist
2024-04-24T12:09:20,504  WARN [main] conf.HiveConf: HiveConf of name hive.dummyparam.test.server.specific.config.hivesite does not exist
2024-04-24T12:09:20,504  WARN [main] conf.HiveConf: HiveConf of name hive.llap.io.cache.orc.size does not exist
2024-04-24T12:09:20,504  WARN [main] conf.HiveConf: HiveConf of name hive.llap.io.cache.orc.alloc.max does not exist
2024-04-24T12:09:20,504  WARN [main] conf.HiveConf: HiveConf of name hive.metastore.client.cache.recordStats does not exist
2024-04-24T12:09:20,504  WARN [main] conf.HiveConf: HiveConf of name hive.metastore.metadb.dir does not exist
2024-04-24T12:09:20,504  WARN [main] conf.HiveConf: HiveConf of name hive.dummyparam.test.server.specific.config.override does not exist
2024-04-24T12:09:20,504  INFO [main] common.HCatUtil: mapreduce.lib.hcatoutput.hive.conf not set. Generating configuration differences.
2024-04-24T12:09:20,506  INFO [main] common.HCatUtil: Configuration differences={datanucleus.schema.autoCreateAll=true, hive.exec.scratchdir=${test.tmp.dir}/scratchdir, hive.strict.timestamp.conversion=false, datanucleus.connectionPool.maxPoolSize=4, hive.ignore.mapjoin.hint=false, hive.query.reexecution.stats.persist.scope=query, hive.users.in.admin.role=hive_admin_user, hive.cbo.fallback.strategy=TEST, hive.metastore.warehouse.dir=${test.warehouse.dir}, hive.server2.operation.log.purgePolicy.timeToLive=5s, hive.llap.io.allocator.direct=false, hive.default.rcfile.serde=org.apache.hadoop.hive.serde2.columnar.ColumnarSerDe, javax.jdo.option.ConnectionURL=jdbc:derby:memory:${test.tmp.dir}/junit_metastore_db;create=true, hive.test.dummystats.aggregator=value2, hive.scheduled.queries.executor.enabled=false, hive.querylog.location=${test.tmp.dir}/tmp, hive.exec.local.scratchdir=${test.tmp.dir}/localscratchdir/, hive.jar.path=${maven.local.repository}/org/apache/hive/hive-exec/${hive.version}/hive-exec-${hive.version}.jar, hive.fetch.task.conversion=minimal, hive.mapjoin.max.gc.time.percentage=0.99, hive.security.authorization.manager=org.apache.hadoop.hive.ql.security.authorization.plugin.sqlstd.SQLStdHiveAuthorizerFactoryForTest, hive.in.test=true, hive.stats.fetch.bitvector=true, hive.query.results.cache.enabled=false, hive.metastore.client.cache.enabled=true, hive.auto.convert.join=false, hive.exec.submit.local.task.via.child=false, hive.metastore.schema.verification=false, hive.conf.restricted.list=from.hivemetastore-site.xml}
2024-04-24T12:09:20,506  WARN [main] metastore.HiveMetaStoreClient: Unexpected increment of user count beyond one: 10 HCatClient: thread: 1 users=10 expired=false closed=false
2024-04-24T12:09:20,507  INFO [TThreadPoolServer WorkerProcess-%d] HiveMetaStore.audit: ugi=alex	ip=127.0.0.1	cmd=source:127.0.0.1 get_databases: @hive#NonExistentDatabaseUsedForHealthCheck	
2024-04-24T12:09:20,507 ERROR [TThreadPoolServer WorkerProcess-%d] metastore.RetryingHMSHandler: Retrying HMSHandler after 2000 ms (attempt 1 of 10) with error: javax.jdo.JDOFatalUserException: Persistence Manager has been closed
	at org.datanucleus.api.jdo.JDOPersistenceManager.assertIsOpen(JDOPersistenceManager.java:2235)
	at org.datanucleus.api.jdo.JDOPersistenceManager.evictAll(JDOPersistenceManager.java:481)
	at org.apache.hadoop.hive.metastore.ObjectStore.rollbackTransaction(ObjectStore.java:652)
	at org.apache.hadoop.hive.metastore.ObjectStore.rollbackAndCleanup(ObjectStore.java:12974)
	at org.apache.hadoop.hive.metastore.ObjectStore.getDatabases(ObjectStore.java:1007)
	at sun.reflect.GeneratedMethodAccessor157.invoke(Unknown Source)
	at sun.reflect.DelegatingMethodAccessorImpl.invoke(DelegatingMethodAccessorImpl.java:43)
	at java.lang.reflect.Method.invoke(Method.java:498)
	at org.apache.hadoop.hive.metastore.RawStoreProxy.invoke(RawStoreProxy.java:97)
	at com.sun.proxy.$Proxy32.getDatabases(Unknown Source)
	at org.apache.hadoop.hive.metastore.HMSHandler.get_databases(HMSHandler.java:1895)
	at sun.reflect.GeneratedMethodAccessor156.invoke(Unknown Source)
	at sun.reflect.DelegatingMethodAccessorImpl.invoke(DelegatingMethodAccessorImpl.java:43)
	at java.lang.reflect.Method.invoke(Method.java:498)
	at org.apache.hadoop.hive.metastore.RetryingHMSHandler.invokeInternal(RetryingHMSHandler.java:147)
	at org.apache.hadoop.hive.metastore.RetryingHMSHandler.invoke(RetryingHMSHandler.java:108)
	at com.sun.proxy.$Proxy34.get_databases(Unknown Source)
	at org.apache.hadoop.hive.metastore.api.ThriftHiveMetastore$Processor$get_databases.getResult(ThriftHiveMetastore.java:18318)
	at org.apache.hadoop.hive.metastore.api.ThriftHiveMetastore$Processor$get_databases.getResult(ThriftHiveMetastore.java:18297)
	at org.apache.thrift.ProcessFunction.process(ProcessFunction.java:38)
	at org.apache.hadoop.hive.metastore.TUGIBasedProcessor$1.run(TUGIBasedProcessor.java:111)
	at org.apache.hadoop.hive.metastore.TUGIBasedProcessor$1.run(TUGIBasedProcessor.java:107)
	at java.security.AccessController.doPrivileged(Native Method)
	at javax.security.auth.Subject.doAs(Subject.java:422)
	at org.apache.hadoop.security.UserGroupInformation.doAs(UserGroupInformation.java:1682)
	at org.apache.hadoop.hive.metastore.TUGIBasedProcessor.process(TUGIBasedProcessor.java:119)
	at org.apache.thrift.server.TThreadPoolServer$WorkerProcess.run(TThreadPoolServer.java:248)
	at java.util.concurrent.ThreadPoolExecutor.runWorker(ThreadPoolExecutor.java:1149)
	at java.util.concurrent.ThreadPoolExecutor$Worker.run(ThreadPoolExecutor.java:624)
	at java.lang.Thread.run(Thread.java:750)

2024-04-24T12:09:22,508  INFO [TThreadPoolServer WorkerProcess-%d] HiveMetaStore.audit: ugi=alex	ip=127.0.0.1	cmd=source:127.0.0.1 get_databases: @hive#NonExistentDatabaseUsedForHealthCheck	
2024-04-24T12:09:22,508 ERROR [TThreadPoolServer WorkerProcess-%d] metastore.RetryingHMSHandler: Retrying HMSHandler after 2000 ms (attempt 2 of 10) with error: javax.jdo.JDOFatalUserException: Persistence Manager has been closed
	at org.datanucleus.api.jdo.JDOPersistenceManager.assertIsOpen(JDOPersistenceManager.java:2235)
	at org.datanucleus.api.jdo.JDOPersistenceManager.evictAll(JDOPersistenceManager.java:481)
	at org.apache.hadoop.hive.metastore.ObjectStore.rollbackTransaction(ObjectStore.java:652)
	at org.apache.hadoop.hive.metastore.ObjectStore.rollbackAndCleanup(ObjectStore.java:12974)
	at org.apache.hadoop.hive.metastore.ObjectStore.getDatabases(ObjectStore.java:1007)
	at sun.reflect.GeneratedMethodAccessor157.invoke(Unknown Source)
	at sun.reflect.DelegatingMethodAccessorImpl.invoke(DelegatingMethodAccessorImpl.java:43)
	at java.lang.reflect.Method.invoke(Method.java:498)
	at org.apache.hadoop.hive.metastore.RawStoreProxy.invoke(RawStoreProxy.java:97)
	at com.sun.proxy.$Proxy32.getDatabases(Unknown Source)
	at org.apache.hadoop.hive.metastore.HMSHandler.get_databases(HMSHandler.java:1895)
	at sun.reflect.GeneratedMethodAccessor156.invoke(Unknown Source)
	at sun.reflect.DelegatingMethodAccessorImpl.invoke(DelegatingMethodAccessorImpl.java:43)
	at java.lang.reflect.Method.invoke(Method.java:498)
	at org.apache.hadoop.hive.metastore.RetryingHMSHandler.invokeInternal(RetryingHMSHandler.java:147)
	at org.apache.hadoop.hive.metastore.RetryingHMSHandler.invoke(RetryingHMSHandler.java:108)
	at com.sun.proxy.$Proxy34.get_databases(Unknown Source)
	at org.apache.hadoop.hive.metastore.api.ThriftHiveMetastore$Processor$get_databases.getResult(ThriftHiveMetastore.java:18318)
	at org.apache.hadoop.hive.metastore.api.ThriftHiveMetastore$Processor$get_databases.getResult(ThriftHiveMetastore.java:18297)
	at org.apache.thrift.ProcessFunction.process(ProcessFunction.java:38)
	at org.apache.hadoop.hive.metastore.TUGIBasedProcessor$1.run(TUGIBasedProcessor.java:111)
	at org.apache.hadoop.hive.metastore.TUGIBasedProcessor$1.run(TUGIBasedProcessor.java:107)
	at java.security.AccessController.doPrivileged(Native Method)
	at javax.security.auth.Subject.doAs(Subject.java:422)
	at org.apache.hadoop.security.UserGroupInformation.doAs(UserGroupInformation.java:1682)
	at org.apache.hadoop.hive.metastore.TUGIBasedProcessor.process(TUGIBasedProcessor.java:119)
	at org.apache.thrift.server.TThreadPoolServer$WorkerProcess.run(TThreadPoolServer.java:248)
	at java.util.concurrent.ThreadPoolExecutor.runWorker(ThreadPoolExecutor.java:1149)
	at java.util.concurrent.ThreadPoolExecutor$Worker.run(ThreadPoolExecutor.java:624)
	at java.lang.Thread.run(Thread.java:750)

2024-04-24T12:09:24,509  INFO [TThreadPoolServer WorkerProcess-%d] HiveMetaStore.audit: ugi=alex	ip=127.0.0.1	cmd=source:127.0.0.1 get_databases: @hive#NonExistentDatabaseUsedForHealthCheck	
2024-04-24T12:09:24,510 ERROR [TThreadPoolServer WorkerProcess-%d] metastore.RetryingHMSHandler: Retrying HMSHandler after 2000 ms (attempt 3 of 10) with error: javax.jdo.JDOFatalUserException: Persistence Manager has been closed
	at org.datanucleus.api.jdo.JDOPersistenceManager.assertIsOpen(JDOPersistenceManager.java:2235)
	at org.datanucleus.api.jdo.JDOPersistenceManager.evictAll(JDOPersistenceManager.java:481)
	at org.apache.hadoop.hive.metastore.ObjectStore.rollbackTransaction(ObjectStore.java:652)
	at org.apache.hadoop.hive.metastore.ObjectStore.rollbackAndCleanup(ObjectStore.java:12974)
	at org.apache.hadoop.hive.metastore.ObjectStore.getDatabases(ObjectStore.java:1007)
	at sun.reflect.GeneratedMethodAccessor157.invoke(Unknown Source)
	at sun.reflect.DelegatingMethodAccessorImpl.invoke(DelegatingMethodAccessorImpl.java:43)
	at java.lang.reflect.Method.invoke(Method.java:498)
	at org.apache.hadoop.hive.metastore.RawStoreProxy.invoke(RawStoreProxy.java:97)
	at com.sun.proxy.$Proxy32.getDatabases(Unknown Source)
	at org.apache.hadoop.hive.metastore.HMSHandler.get_databases(HMSHandler.java:1895)
	at sun.reflect.GeneratedMethodAccessor156.invoke(Unknown Source)
	at sun.reflect.DelegatingMethodAccessorImpl.invoke(DelegatingMethodAccessorImpl.java:43)
	at java.lang.reflect.Method.invoke(Method.java:498)
	at org.apache.hadoop.hive.metastore.RetryingHMSHandler.invokeInternal(RetryingHMSHandler.java:147)
	at org.apache.hadoop.hive.metastore.RetryingHMSHandler.invoke(RetryingHMSHandler.java:108)
	at com.sun.proxy.$Proxy34.get_databases(Unknown Source)
	at org.apache.hadoop.hive.metastore.api.ThriftHiveMetastore$Processor$get_databases.getResult(ThriftHiveMetastore.java:18318)
	at org.apache.hadoop.hive.metastore.api.ThriftHiveMetastore$Processor$get_databases.getResult(ThriftHiveMetastore.java:18297)
	at org.apache.thrift.ProcessFunction.process(ProcessFunction.java:38)
	at org.apache.hadoop.hive.metastore.TUGIBasedProcessor$1.run(TUGIBasedProcessor.java:111)
	at org.apache.hadoop.hive.metastore.TUGIBasedProcessor$1.run(TUGIBasedProcessor.java:107)
	at java.security.AccessController.doPrivileged(Native Method)
	at javax.security.auth.Subject.doAs(Subject.java:422)
	at org.apache.hadoop.security.UserGroupInformation.doAs(UserGroupInformation.java:1682)
	at org.apache.hadoop.hive.metastore.TUGIBasedProcessor.process(TUGIBasedProcessor.java:119)
	at org.apache.thrift.server.TThreadPoolServer$WorkerProcess.run(TThreadPoolServer.java:248)
	at java.util.concurrent.ThreadPoolExecutor.runWorker(ThreadPoolExecutor.java:1149)
	at java.util.concurrent.ThreadPoolExecutor$Worker.run(ThreadPoolExecutor.java:624)
	at java.lang.Thread.run(Thread.java:750)

2024-04-24T12:09:26,511  INFO [TThreadPoolServer WorkerProcess-%d] HiveMetaStore.audit: ugi=alex	ip=127.0.0.1	cmd=source:127.0.0.1 get_databases: @hive#NonExistentDatabaseUsedForHealthCheck	
2024-04-24T12:09:26,512 ERROR [TThreadPoolServer WorkerProcess-%d] metastore.RetryingHMSHandler: Retrying HMSHandler after 2000 ms (attempt 4 of 10) with error: javax.jdo.JDOFatalUserException: Persistence Manager has been closed
	at org.datanucleus.api.jdo.JDOPersistenceManager.assertIsOpen(JDOPersistenceManager.java:2235)
	at org.datanucleus.api.jdo.JDOPersistenceManager.evictAll(JDOPersistenceManager.java:481)
	at org.apache.hadoop.hive.metastore.ObjectStore.rollbackTransaction(ObjectStore.java:652)
	at org.apache.hadoop.hive.metastore.ObjectStore.rollbackAndCleanup(ObjectStore.java:12974)
	at org.apache.hadoop.hive.metastore.ObjectStore.getDatabases(ObjectStore.java:1007)
	at sun.reflect.GeneratedMethodAccessor157.invoke(Unknown Source)
	at sun.reflect.DelegatingMethodAccessorImpl.invoke(DelegatingMethodAccessorImpl.java:43)
	at java.lang.reflect.Method.invoke(Method.java:498)
	at org.apache.hadoop.hive.metastore.RawStoreProxy.invoke(RawStoreProxy.java:97)
	at com.sun.proxy.$Proxy32.getDatabases(Unknown Source)
	at org.apache.hadoop.hive.metastore.HMSHandler.get_databases(HMSHandler.java:1895)
	at sun.reflect.GeneratedMethodAccessor156.invoke(Unknown Source)
	at sun.reflect.DelegatingMethodAccessorImpl.invoke(DelegatingMethodAccessorImpl.java:43)
	at java.lang.reflect.Method.invoke(Method.java:498)
	at org.apache.hadoop.hive.metastore.RetryingHMSHandler.invokeInternal(RetryingHMSHandler.java:147)
	at org.apache.hadoop.hive.metastore.RetryingHMSHandler.invoke(RetryingHMSHandler.java:108)
	at com.sun.proxy.$Proxy34.get_databases(Unknown Source)
	at org.apache.hadoop.hive.metastore.api.ThriftHiveMetastore$Processor$get_databases.getResult(ThriftHiveMetastore.java:18318)
	at org.apache.hadoop.hive.metastore.api.ThriftHiveMetastore$Processor$get_databases.getResult(ThriftHiveMetastore.java:18297)
	at org.apache.thrift.ProcessFunction.process(ProcessFunction.java:38)
	at org.apache.hadoop.hive.metastore.TUGIBasedProcessor$1.run(TUGIBasedProcessor.java:111)
	at org.apache.hadoop.hive.metastore.TUGIBasedProcessor$1.run(TUGIBasedProcessor.java:107)
	at java.security.AccessController.doPrivileged(Native Method)
	at javax.security.auth.Subject.doAs(Subject.java:422)
	at org.apache.hadoop.security.UserGroupInformation.doAs(UserGroupInformation.java:1682)
	at org.apache.hadoop.hive.metastore.TUGIBasedProcessor.process(TUGIBasedProcessor.java:119)
	at org.apache.thrift.server.TThreadPoolServer$WorkerProcess.run(TThreadPoolServer.java:248)
	at java.util.concurrent.ThreadPoolExecutor.runWorker(ThreadPoolExecutor.java:1149)
	at java.util.concurrent.ThreadPoolExecutor$Worker.run(ThreadPoolExecutor.java:624)
	at java.lang.Thread.run(Thread.java:750)

2024-04-24T12:09:28,513  INFO [TThreadPoolServer WorkerProcess-%d] HiveMetaStore.audit: ugi=alex	ip=127.0.0.1	cmd=source:127.0.0.1 get_databases: @hive#NonExistentDatabaseUsedForHealthCheck	
2024-04-24T12:09:28,513 ERROR [TThreadPoolServer WorkerProcess-%d] metastore.RetryingHMSHandler: Retrying HMSHandler after 2000 ms (attempt 5 of 10) with error: javax.jdo.JDOFatalUserException: Persistence Manager has been closed
	at org.datanucleus.api.jdo.JDOPersistenceManager.assertIsOpen(JDOPersistenceManager.java:2235)
	at org.datanucleus.api.jdo.JDOPersistenceManager.evictAll(JDOPersistenceManager.java:481)
	at org.apache.hadoop.hive.metastore.ObjectStore.rollbackTransaction(ObjectStore.java:652)
	at org.apache.hadoop.hive.metastore.ObjectStore.rollbackAndCleanup(ObjectStore.java:12974)
	at org.apache.hadoop.hive.metastore.ObjectStore.getDatabases(ObjectStore.java:1007)
	at sun.reflect.GeneratedMethodAccessor157.invoke(Unknown Source)
	at sun.reflect.DelegatingMethodAccessorImpl.invoke(DelegatingMethodAccessorImpl.java:43)
	at java.lang.reflect.Method.invoke(Method.java:498)
	at org.apache.hadoop.hive.metastore.RawStoreProxy.invoke(RawStoreProxy.java:97)
	at com.sun.proxy.$Proxy32.getDatabases(Unknown Source)
	at org.apache.hadoop.hive.metastore.HMSHandler.get_databases(HMSHandler.java:1895)
	at sun.reflect.GeneratedMethodAccessor156.invoke(Unknown Source)
	at sun.reflect.DelegatingMethodAccessorImpl.invoke(DelegatingMethodAccessorImpl.java:43)
	at java.lang.reflect.Method.invoke(Method.java:498)
	at org.apache.hadoop.hive.metastore.RetryingHMSHandler.invokeInternal(RetryingHMSHandler.java:147)
	at org.apache.hadoop.hive.metastore.RetryingHMSHandler.invoke(RetryingHMSHandler.java:108)
	at com.sun.proxy.$Proxy34.get_databases(Unknown Source)
	at org.apache.hadoop.hive.metastore.api.ThriftHiveMetastore$Processor$get_databases.getResult(ThriftHiveMetastore.java:18318)
	at org.apache.hadoop.hive.metastore.api.ThriftHiveMetastore$Processor$get_databases.getResult(ThriftHiveMetastore.java:18297)
	at org.apache.thrift.ProcessFunction.process(ProcessFunction.java:38)
	at org.apache.hadoop.hive.metastore.TUGIBasedProcessor$1.run(TUGIBasedProcessor.java:111)
	at org.apache.hadoop.hive.metastore.TUGIBasedProcessor$1.run(TUGIBasedProcessor.java:107)
	at java.security.AccessController.doPrivileged(Native Method)
	at javax.security.auth.Subject.doAs(Subject.java:422)
	at org.apache.hadoop.security.UserGroupInformation.doAs(UserGroupInformation.java:1682)
	at org.apache.hadoop.hive.metastore.TUGIBasedProcessor.process(TUGIBasedProcessor.java:119)
	at org.apache.thrift.server.TThreadPoolServer$WorkerProcess.run(TThreadPoolServer.java:248)
	at java.util.concurrent.ThreadPoolExecutor.runWorker(ThreadPoolExecutor.java:1149)
	at java.util.concurrent.ThreadPoolExecutor$Worker.run(ThreadPoolExecutor.java:624)
	at java.lang.Thread.run(Thread.java:750)

2024-04-24T12:09:30,514  INFO [TThreadPoolServer WorkerProcess-%d] HiveMetaStore.audit: ugi=alex	ip=127.0.0.1	cmd=source:127.0.0.1 get_databases: @hive#NonExistentDatabaseUsedForHealthCheck	
2024-04-24T12:09:30,515 ERROR [TThreadPoolServer WorkerProcess-%d] metastore.RetryingHMSHandler: Retrying HMSHandler after 2000 ms (attempt 6 of 10) with error: javax.jdo.JDOFatalUserException: Persistence Manager has been closed
	at org.datanucleus.api.jdo.JDOPersistenceManager.assertIsOpen(JDOPersistenceManager.java:2235)
	at org.datanucleus.api.jdo.JDOPersistenceManager.evictAll(JDOPersistenceManager.java:481)
	at org.apache.hadoop.hive.metastore.ObjectStore.rollbackTransaction(ObjectStore.java:652)
	at org.apache.hadoop.hive.metastore.ObjectStore.rollbackAndCleanup(ObjectStore.java:12974)
	at org.apache.hadoop.hive.metastore.ObjectStore.getDatabases(ObjectStore.java:1007)
	at sun.reflect.GeneratedMethodAccessor157.invoke(Unknown Source)
	at sun.reflect.DelegatingMethodAccessorImpl.invoke(DelegatingMethodAccessorImpl.java:43)
	at java.lang.reflect.Method.invoke(Method.java:498)
	at org.apache.hadoop.hive.metastore.RawStoreProxy.invoke(RawStoreProxy.java:97)
	at com.sun.proxy.$Proxy32.getDatabases(Unknown Source)
	at org.apache.hadoop.hive.metastore.HMSHandler.get_databases(HMSHandler.java:1895)
	at sun.reflect.GeneratedMethodAccessor156.invoke(Unknown Source)
	at sun.reflect.DelegatingMethodAccessorImpl.invoke(DelegatingMethodAccessorImpl.java:43)
	at java.lang.reflect.Method.invoke(Method.java:498)
	at org.apache.hadoop.hive.metastore.RetryingHMSHandler.invokeInternal(RetryingHMSHandler.java:147)
	at org.apache.hadoop.hive.metastore.RetryingHMSHandler.invoke(RetryingHMSHandler.java:108)
	at com.sun.proxy.$Proxy34.get_databases(Unknown Source)
	at org.apache.hadoop.hive.metastore.api.ThriftHiveMetastore$Processor$get_databases.getResult(ThriftHiveMetastore.java:18318)
	at org.apache.hadoop.hive.metastore.api.ThriftHiveMetastore$Processor$get_databases.getResult(ThriftHiveMetastore.java:18297)
	at org.apache.thrift.ProcessFunction.process(ProcessFunction.java:38)
	at org.apache.hadoop.hive.metastore.TUGIBasedProcessor$1.run(TUGIBasedProcessor.java:111)
	at org.apache.hadoop.hive.metastore.TUGIBasedProcessor$1.run(TUGIBasedProcessor.java:107)
	at java.security.AccessController.doPrivileged(Native Method)
	at javax.security.auth.Subject.doAs(Subject.java:422)
	at org.apache.hadoop.security.UserGroupInformation.doAs(UserGroupInformation.java:1682)
	at org.apache.hadoop.hive.metastore.TUGIBasedProcessor.process(TUGIBasedProcessor.java:119)
	at org.apache.thrift.server.TThreadPoolServer$WorkerProcess.run(TThreadPoolServer.java:248)
	at java.util.concurrent.ThreadPoolExecutor.runWorker(ThreadPoolExecutor.java:1149)
	at java.util.concurrent.ThreadPoolExecutor$Worker.run(ThreadPoolExecutor.java:624)
	at java.lang.Thread.run(Thread.java:750)

2024-04-24T12:09:32,516  INFO [TThreadPoolServer WorkerProcess-%d] HiveMetaStore.audit: ugi=alex	ip=127.0.0.1	cmd=source:127.0.0.1 get_databases: @hive#NonExistentDatabaseUsedForHealthCheck	
2024-04-24T12:09:32,517 ERROR [TThreadPoolServer WorkerProcess-%d] metastore.RetryingHMSHandler: Retrying HMSHandler after 2000 ms (attempt 7 of 10) with error: javax.jdo.JDOFatalUserException: Persistence Manager has been closed
	at org.datanucleus.api.jdo.JDOPersistenceManager.assertIsOpen(JDOPersistenceManager.java:2235)
	at org.datanucleus.api.jdo.JDOPersistenceManager.evictAll(JDOPersistenceManager.java:481)
	at org.apache.hadoop.hive.metastore.ObjectStore.rollbackTransaction(ObjectStore.java:652)
	at org.apache.hadoop.hive.metastore.ObjectStore.rollbackAndCleanup(ObjectStore.java:12974)
	at org.apache.hadoop.hive.metastore.ObjectStore.getDatabases(ObjectStore.java:1007)
	at sun.reflect.GeneratedMethodAccessor157.invoke(Unknown Source)
	at sun.reflect.DelegatingMethodAccessorImpl.invoke(DelegatingMethodAccessorImpl.java:43)
	at java.lang.reflect.Method.invoke(Method.java:498)
	at org.apache.hadoop.hive.metastore.RawStoreProxy.invoke(RawStoreProxy.java:97)
	at com.sun.proxy.$Proxy32.getDatabases(Unknown Source)
	at org.apache.hadoop.hive.metastore.HMSHandler.get_databases(HMSHandler.java:1895)
	at sun.reflect.GeneratedMethodAccessor156.invoke(Unknown Source)
	at sun.reflect.DelegatingMethodAccessorImpl.invoke(DelegatingMethodAccessorImpl.java:43)
	at java.lang.reflect.Method.invoke(Method.java:498)
	at org.apache.hadoop.hive.metastore.RetryingHMSHandler.invokeInternal(RetryingHMSHandler.java:147)
	at org.apache.hadoop.hive.metastore.RetryingHMSHandler.invoke(RetryingHMSHandler.java:108)
	at com.sun.proxy.$Proxy34.get_databases(Unknown Source)
	at org.apache.hadoop.hive.metastore.api.ThriftHiveMetastore$Processor$get_databases.getResult(ThriftHiveMetastore.java:18318)
	at org.apache.hadoop.hive.metastore.api.ThriftHiveMetastore$Processor$get_databases.getResult(ThriftHiveMetastore.java:18297)
	at org.apache.thrift.ProcessFunction.process(ProcessFunction.java:38)
	at org.apache.hadoop.hive.metastore.TUGIBasedProcessor$1.run(TUGIBasedProcessor.java:111)
	at org.apache.hadoop.hive.metastore.TUGIBasedProcessor$1.run(TUGIBasedProcessor.java:107)
	at java.security.AccessController.doPrivileged(Native Method)
	at javax.security.auth.Subject.doAs(Subject.java:422)
	at org.apache.hadoop.security.UserGroupInformation.doAs(UserGroupInformation.java:1682)
	at org.apache.hadoop.hive.metastore.TUGIBasedProcessor.process(TUGIBasedProcessor.java:119)
	at org.apache.thrift.server.TThreadPoolServer$WorkerProcess.run(TThreadPoolServer.java:248)
	at java.util.concurrent.ThreadPoolExecutor.runWorker(ThreadPoolExecutor.java:1149)
	at java.util.concurrent.ThreadPoolExecutor$Worker.run(ThreadPoolExecutor.java:624)
	at java.lang.Thread.run(Thread.java:750)

2024-04-24T12:09:34,518  INFO [TThreadPoolServer WorkerProcess-%d] HiveMetaStore.audit: ugi=alex	ip=127.0.0.1	cmd=source:127.0.0.1 get_databases: @hive#NonExistentDatabaseUsedForHealthCheck	
2024-04-24T12:09:34,519 ERROR [TThreadPoolServer WorkerProcess-%d] metastore.RetryingHMSHandler: Retrying HMSHandler after 2000 ms (attempt 8 of 10) with error: javax.jdo.JDOFatalUserException: Persistence Manager has been closed
	at org.datanucleus.api.jdo.JDOPersistenceManager.assertIsOpen(JDOPersistenceManager.java:2235)
	at org.datanucleus.api.jdo.JDOPersistenceManager.evictAll(JDOPersistenceManager.java:481)
	at org.apache.hadoop.hive.metastore.ObjectStore.rollbackTransaction(ObjectStore.java:652)
	at org.apache.hadoop.hive.metastore.ObjectStore.rollbackAndCleanup(ObjectStore.java:12974)
	at org.apache.hadoop.hive.metastore.ObjectStore.getDatabases(ObjectStore.java:1007)
	at sun.reflect.GeneratedMethodAccessor157.invoke(Unknown Source)
	at sun.reflect.DelegatingMethodAccessorImpl.invoke(DelegatingMethodAccessorImpl.java:43)
	at java.lang.reflect.Method.invoke(Method.java:498)
	at org.apache.hadoop.hive.metastore.RawStoreProxy.invoke(RawStoreProxy.java:97)
	at com.sun.proxy.$Proxy32.getDatabases(Unknown Source)
	at org.apache.hadoop.hive.metastore.HMSHandler.get_databases(HMSHandler.java:1895)
	at sun.reflect.GeneratedMethodAccessor156.invoke(Unknown Source)
	at sun.reflect.DelegatingMethodAccessorImpl.invoke(DelegatingMethodAccessorImpl.java:43)
	at java.lang.reflect.Method.invoke(Method.java:498)
	at org.apache.hadoop.hive.metastore.RetryingHMSHandler.invokeInternal(RetryingHMSHandler.java:147)
	at org.apache.hadoop.hive.metastore.RetryingHMSHandler.invoke(RetryingHMSHandler.java:108)
	at com.sun.proxy.$Proxy34.get_databases(Unknown Source)
	at org.apache.hadoop.hive.metastore.api.ThriftHiveMetastore$Processor$get_databases.getResult(ThriftHiveMetastore.java:18318)
	at org.apache.hadoop.hive.metastore.api.ThriftHiveMetastore$Processor$get_databases.getResult(ThriftHiveMetastore.java:18297)
	at org.apache.thrift.ProcessFunction.process(ProcessFunction.java:38)
	at org.apache.hadoop.hive.metastore.TUGIBasedProcessor$1.run(TUGIBasedProcessor.java:111)
	at org.apache.hadoop.hive.metastore.TUGIBasedProcessor$1.run(TUGIBasedProcessor.java:107)
	at java.security.AccessController.doPrivileged(Native Method)
	at javax.security.auth.Subject.doAs(Subject.java:422)
	at org.apache.hadoop.security.UserGroupInformation.doAs(UserGroupInformation.java:1682)
	at org.apache.hadoop.hive.metastore.TUGIBasedProcessor.process(TUGIBasedProcessor.java:119)
	at org.apache.thrift.server.TThreadPoolServer$WorkerProcess.run(TThreadPoolServer.java:248)
	at java.util.concurrent.ThreadPoolExecutor.runWorker(ThreadPoolExecutor.java:1149)
	at java.util.concurrent.ThreadPoolExecutor$Worker.run(ThreadPoolExecutor.java:624)
	at java.lang.Thread.run(Thread.java:750)

2024-04-24T12:09:36,519  INFO [TThreadPoolServer WorkerProcess-%d] HiveMetaStore.audit: ugi=alex	ip=127.0.0.1	cmd=source:127.0.0.1 get_databases: @hive#NonExistentDatabaseUsedForHealthCheck	
2024-04-24T12:09:36,520 ERROR [TThreadPoolServer WorkerProcess-%d] metastore.RetryingHMSHandler: Retrying HMSHandler after 2000 ms (attempt 9 of 10) with error: javax.jdo.JDOFatalUserException: Persistence Manager has been closed
	at org.datanucleus.api.jdo.JDOPersistenceManager.assertIsOpen(JDOPersistenceManager.java:2235)
	at org.datanucleus.api.jdo.JDOPersistenceManager.evictAll(JDOPersistenceManager.java:481)
	at org.apache.hadoop.hive.metastore.ObjectStore.rollbackTransaction(ObjectStore.java:652)
	at org.apache.hadoop.hive.metastore.ObjectStore.rollbackAndCleanup(ObjectStore.java:12974)
	at org.apache.hadoop.hive.metastore.ObjectStore.getDatabases(ObjectStore.java:1007)
	at sun.reflect.GeneratedMethodAccessor157.invoke(Unknown Source)
	at sun.reflect.DelegatingMethodAccessorImpl.invoke(DelegatingMethodAccessorImpl.java:43)
	at java.lang.reflect.Method.invoke(Method.java:498)
	at org.apache.hadoop.hive.metastore.RawStoreProxy.invoke(RawStoreProxy.java:97)
	at com.sun.proxy.$Proxy32.getDatabases(Unknown Source)
	at org.apache.hadoop.hive.metastore.HMSHandler.get_databases(HMSHandler.java:1895)
	at sun.reflect.GeneratedMethodAccessor156.invoke(Unknown Source)
	at sun.reflect.DelegatingMethodAccessorImpl.invoke(DelegatingMethodAccessorImpl.java:43)
	at java.lang.reflect.Method.invoke(Method.java:498)
	at org.apache.hadoop.hive.metastore.RetryingHMSHandler.invokeInternal(RetryingHMSHandler.java:147)
	at org.apache.hadoop.hive.metastore.RetryingHMSHandler.invoke(RetryingHMSHandler.java:108)
	at com.sun.proxy.$Proxy34.get_databases(Unknown Source)
	at org.apache.hadoop.hive.metastore.api.ThriftHiveMetastore$Processor$get_databases.getResult(ThriftHiveMetastore.java:18318)
	at org.apache.hadoop.hive.metastore.api.ThriftHiveMetastore$Processor$get_databases.getResult(ThriftHiveMetastore.java:18297)
	at org.apache.thrift.ProcessFunction.process(ProcessFunction.java:38)
	at org.apache.hadoop.hive.metastore.TUGIBasedProcessor$1.run(TUGIBasedProcessor.java:111)
	at org.apache.hadoop.hive.metastore.TUGIBasedProcessor$1.run(TUGIBasedProcessor.java:107)
	at java.security.AccessController.doPrivileged(Native Method)
	at javax.security.auth.Subject.doAs(Subject.java:422)
	at org.apache.hadoop.security.UserGroupInformation.doAs(UserGroupInformation.java:1682)
	at org.apache.hadoop.hive.metastore.TUGIBasedProcessor.process(TUGIBasedProcessor.java:119)
	at org.apache.thrift.server.TThreadPoolServer$WorkerProcess.run(TThreadPoolServer.java:248)
	at java.util.concurrent.ThreadPoolExecutor.runWorker(ThreadPoolExecutor.java:1149)
	at java.util.concurrent.ThreadPoolExecutor$Worker.run(ThreadPoolExecutor.java:624)
	at java.lang.Thread.run(Thread.java:750)

2024-04-24T12:09:38,521  INFO [TThreadPoolServer WorkerProcess-%d] HiveMetaStore.audit: ugi=alex	ip=127.0.0.1	cmd=source:127.0.0.1 get_databases: @hive#NonExistentDatabaseUsedForHealthCheck	
2024-04-24T12:09:38,521 ERROR [TThreadPoolServer WorkerProcess-%d] metastore.RetryingHMSHandler: Retrying HMSHandler after 2000 ms (attempt 10 of 10) with error: javax.jdo.JDOFatalUserException: Persistence Manager has been closed
	at org.datanucleus.api.jdo.JDOPersistenceManager.assertIsOpen(JDOPersistenceManager.java:2235)
	at org.datanucleus.api.jdo.JDOPersistenceManager.evictAll(JDOPersistenceManager.java:481)
	at org.apache.hadoop.hive.metastore.ObjectStore.rollbackTransaction(ObjectStore.java:652)
	at org.apache.hadoop.hive.metastore.ObjectStore.rollbackAndCleanup(ObjectStore.java:12974)
	at org.apache.hadoop.hive.metastore.ObjectStore.getDatabases(ObjectStore.java:1007)
	at sun.reflect.GeneratedMethodAccessor157.invoke(Unknown Source)
	at sun.reflect.DelegatingMethodAccessorImpl.invoke(DelegatingMethodAccessorImpl.java:43)
	at java.lang.reflect.Method.invoke(Method.java:498)
	at org.apache.hadoop.hive.metastore.RawStoreProxy.invoke(RawStoreProxy.java:97)
	at com.sun.proxy.$Proxy32.getDatabases(Unknown Source)
	at org.apache.hadoop.hive.metastore.HMSHandler.get_databases(HMSHandler.java:1895)
	at sun.reflect.GeneratedMethodAccessor156.invoke(Unknown Source)
	at sun.reflect.DelegatingMethodAccessorImpl.invoke(DelegatingMethodAccessorImpl.java:43)
	at java.lang.reflect.Method.invoke(Method.java:498)
	at org.apache.hadoop.hive.metastore.RetryingHMSHandler.invokeInternal(RetryingHMSHandler.java:147)
	at org.apache.hadoop.hive.metastore.RetryingHMSHandler.invoke(RetryingHMSHandler.java:108)
	at com.sun.proxy.$Proxy34.get_databases(Unknown Source)
	at org.apache.hadoop.hive.metastore.api.ThriftHiveMetastore$Processor$get_databases.getResult(ThriftHiveMetastore.java:18318)
	at org.apache.hadoop.hive.metastore.api.ThriftHiveMetastore$Processor$get_databases.getResult(ThriftHiveMetastore.java:18297)
	at org.apache.thrift.ProcessFunction.process(ProcessFunction.java:38)
	at org.apache.hadoop.hive.metastore.TUGIBasedProcessor$1.run(TUGIBasedProcessor.java:111)
	at org.apache.hadoop.hive.metastore.TUGIBasedProcessor$1.run(TUGIBasedProcessor.java:107)
	at java.security.AccessController.doPrivileged(Native Method)
	at javax.security.auth.Subject.doAs(Subject.java:422)
	at org.apache.hadoop.security.UserGroupInformation.doAs(UserGroupInformation.java:1682)
	at org.apache.hadoop.hive.metastore.TUGIBasedProcessor.process(TUGIBasedProcessor.java:119)
	at org.apache.thrift.server.TThreadPoolServer$WorkerProcess.run(TThreadPoolServer.java:248)
	at java.util.concurrent.ThreadPoolExecutor.runWorker(ThreadPoolExecutor.java:1149)
	at java.util.concurrent.ThreadPoolExecutor$Worker.run(ThreadPoolExecutor.java:624)
	at java.lang.Thread.run(Thread.java:750)

2024-04-24T12:09:40,522  INFO [TThreadPoolServer WorkerProcess-%d] HiveMetaStore.audit: ugi=alex	ip=127.0.0.1	cmd=source:127.0.0.1 get_databases: @hive#NonExistentDatabaseUsedForHealthCheck	
2024-04-24T12:09:40,523 ERROR [TThreadPoolServer WorkerProcess-%d] metastore.RetryingHMSHandler: HMSHandler Fatal error: javax.jdo.JDOFatalUserException: Persistence Manager has been closed
	at org.datanucleus.api.jdo.JDOPersistenceManager.assertIsOpen(JDOPersistenceManager.java:2235)
	at org.datanucleus.api.jdo.JDOPersistenceManager.evictAll(JDOPersistenceManager.java:481)
	at org.apache.hadoop.hive.metastore.ObjectStore.rollbackTransaction(ObjectStore.java:652)
	at org.apache.hadoop.hive.metastore.ObjectStore.rollbackAndCleanup(ObjectStore.java:12974)
	at org.apache.hadoop.hive.metastore.ObjectStore.getDatabases(ObjectStore.java:1007)
	at sun.reflect.GeneratedMethodAccessor157.invoke(Unknown Source)
	at sun.reflect.DelegatingMethodAccessorImpl.invoke(DelegatingMethodAccessorImpl.java:43)
	at java.lang.reflect.Method.invoke(Method.java:498)
	at org.apache.hadoop.hive.metastore.RawStoreProxy.invoke(RawStoreProxy.java:97)
	at com.sun.proxy.$Proxy32.getDatabases(Unknown Source)
	at org.apache.hadoop.hive.metastore.HMSHandler.get_databases(HMSHandler.java:1895)
	at sun.reflect.GeneratedMethodAccessor156.invoke(Unknown Source)
	at sun.reflect.DelegatingMethodAccessorImpl.invoke(DelegatingMethodAccessorImpl.java:43)
	at java.lang.reflect.Method.invoke(Method.java:498)
	at org.apache.hadoop.hive.metastore.RetryingHMSHandler.invokeInternal(RetryingHMSHandler.java:147)
	at org.apache.hadoop.hive.metastore.RetryingHMSHandler.invoke(RetryingHMSHandler.java:108)
	at com.sun.proxy.$Proxy34.get_databases(Unknown Source)
	at org.apache.hadoop.hive.metastore.api.ThriftHiveMetastore$Processor$get_databases.getResult(ThriftHiveMetastore.java:18318)
	at org.apache.hadoop.hive.metastore.api.ThriftHiveMetastore$Processor$get_databases.getResult(ThriftHiveMetastore.java:18297)
	at org.apache.thrift.ProcessFunction.process(ProcessFunction.java:38)
	at org.apache.hadoop.hive.metastore.TUGIBasedProcessor$1.run(TUGIBasedProcessor.java:111)
	at org.apache.hadoop.hive.metastore.TUGIBasedProcessor$1.run(TUGIBasedProcessor.java:107)
	at java.security.AccessController.doPrivileged(Native Method)
	at javax.security.auth.Subject.doAs(Subject.java:422)
	at org.apache.hadoop.security.UserGroupInformation.doAs(UserGroupInformation.java:1682)
	at org.apache.hadoop.hive.metastore.TUGIBasedProcessor.process(TUGIBasedProcessor.java:119)
	at org.apache.thrift.server.TThreadPoolServer$WorkerProcess.run(TThreadPoolServer.java:248)
	at java.util.concurrent.ThreadPoolExecutor.runWorker(ThreadPoolExecutor.java:1149)
	at java.util.concurrent.ThreadPoolExecutor$Worker.run(ThreadPoolExecutor.java:624)
	at java.lang.Thread.run(Thread.java:750)

2024-04-24T12:09:40,524  WARN [main] metastore.HiveMetaStoreClient: Evicted client has non-zero user count: 10
2024-04-24T12:09:40,524  WARN [main] metastore.HiveMetaStoreClient: Non-zero user count preventing client tear down: users=10 expired=true
2024-04-24T12:09:40,524  WARN [main] metastore.HiveMetaStoreClient: Non-zero user count preventing client tear down: users=9 expired=true
2024-04-24T12:09:40,526  INFO [main] metastore.HiveMetaStoreClient: HMS client filtering is enabled.
2024-04-24T12:09:40,527  INFO [main] metastore.HiveMetaStoreClient: Resolved metastore uris: [thrift://localhost:34727]
2024-04-24T12:09:40,527  INFO [main] metastore.HiveMetaStoreClient: Trying to connect to metastore with URI (thrift://localhost:34727)
2024-04-24T12:09:40,528  INFO [main] metastore.HiveMetaStoreClient: Opened a connection to metastore, URI (thrift://localhost:34727) current connections: 6
2024-04-24T12:09:40,530  INFO [main] metastore.RetryingMetaStoreClient: RetryingMetaStoreClient proxy=class org.apache.hive.hcatalog.common.HiveClientCache$CacheableHiveMetaStoreClient ugi=alex (auth:SIMPLE) retries=1 delay=1 lifetime=0
2024-04-24T12:09:40,533  INFO [TThreadPoolServer WorkerProcess-%d] HiveMetaStore.audit: ugi=alex	ip=127.0.0.1	cmd=source:127.0.0.1 get_database: testUpdateTableSchema_DBName	
2024-04-24T12:09:40,535  INFO [TThreadPoolServer WorkerProcess-%d] metastore.HMSHandler: 13: Opening raw store with implementation class:org.apache.hadoop.hive.metastore.ObjectStore
2024-04-24T12:09:40,536  INFO [TThreadPoolServer WorkerProcess-%d] metastore.PersistenceManagerProvider: Updating the pmf due to property change
2024-04-24T12:09:40,541  WARN [TThreadPoolServer WorkerProcess-%d] hikari.HikariConfig: HikariPool-11 - leakDetectionThreshold is less than 2000ms or more than maxLifetime, disabling it.
2024-04-24T12:09:40,543  INFO [TThreadPoolServer WorkerProcess-%d] hikari.HikariDataSource: HikariPool-11 - Starting...
2024-04-24T12:09:40,547  INFO [TThreadPoolServer WorkerProcess-%d] pool.PoolBase: HikariPool-11 - Driver does not support get/set network timeout for connections. (Feature not implemented: No details.)
2024-04-24T12:09:40,549  INFO [TThreadPoolServer WorkerProcess-%d] hikari.HikariDataSource: HikariPool-11 - Start completed.
2024-04-24T12:09:41,627  WARN [Finalizer] metastore.HiveMetaStoreClient: Closing client with non-zero user count: users=9 expired=true
2024-04-24T12:09:41,628  INFO [Finalizer] metastore.HiveMetaStoreClient: Closed a connection to metastore, current connections: 5
2024-04-24T12:09:41,628  INFO [TThreadPoolServer WorkerProcess-%d] HiveMetaStore.audit: ugi=alex	ip=127.0.0.1	cmd=Cleaning up thread local RawStore...	
2024-04-24T12:09:41,628  INFO [TThreadPoolServer WorkerProcess-%d] HiveMetaStore.audit: ugi=alex	ip=127.0.0.1	cmd=Cleaning up thread local RawStore...	
2024-04-24T12:09:41,628  INFO [TThreadPoolServer WorkerProcess-%d] metastore.ObjectStore: RawStore: org.apache.hadoop.hive.metastore.ObjectStore@1ad1217b, with PersistenceManager: org.datanucleus.api.jdo.JDOPersistenceManager@655c6667 will be shutdown
2024-04-24T12:09:41,628  INFO [TThreadPoolServer WorkerProcess-%d] metastore.ObjectStore: RawStore: org.apache.hadoop.hive.metastore.ObjectStore@e373da6, with PersistenceManager: org.datanucleus.api.jdo.JDOPersistenceManager@44ea9730 will be shutdown
2024-04-24T12:09:41,628  INFO [TThreadPoolServer WorkerProcess-%d] HiveMetaStore.audit: ugi=alex	ip=127.0.0.1	cmd=Done cleaning up thread local RawStore	
2024-04-24T12:09:41,628  INFO [TThreadPoolServer WorkerProcess-%d] HiveMetaStore.audit: ugi=alex	ip=127.0.0.1	cmd=Done cleaning up thread local RawStore	
2024-04-24T12:09:41,629  INFO [TThreadPoolServer WorkerProcess-%d] HiveMetaStore.audit: ugi=alex	ip=127.0.0.1	cmd=Done cleaning up thread local RawStore	
2024-04-24T12:09:41,924  INFO [TThreadPoolServer WorkerProcess-%d] metastore.PersistenceManagerProvider: Setting MetaStore object pin classes with hive.metastore.cache.pinobjtypes="Table,StorageDescriptor,SerDeInfo,Partition,Database,Type,FieldSchema,Order"
2024-04-24T12:09:41,924  INFO [TThreadPoolServer WorkerProcess-%d] metastore.ObjectStore: RawStore: org.apache.hadoop.hive.metastore.ObjectStore@3b1b744d, with PersistenceManager: null will be shutdown
2024-04-24T12:09:41,924  INFO [TThreadPoolServer WorkerProcess-%d] metastore.ObjectStore: RawStore: org.apache.hadoop.hive.metastore.ObjectStore@3b1b744d, with PersistenceManager: org.datanucleus.api.jdo.JDOPersistenceManager@9139719 created in the thread with id: 210
2024-04-24T12:09:42,433  INFO [TThreadPoolServer WorkerProcess-%d] metastore.HMSHandler: Created RawStore: org.apache.hadoop.hive.metastore.ObjectStore@3b1b744d from thread id: 210
2024-04-24T12:09:42,435  INFO [TThreadPoolServer WorkerProcess-%d] HiveMetaStore.audit: ugi=alex	ip=127.0.0.1	cmd=source:127.0.0.1 create_database: Database(name:testUpdateTableSchema_DBName, description:null, locationUri:null, parameters:null, catalogName:hive)	
2024-04-24T12:09:42,440  INFO [TThreadPoolServer WorkerProcess-%d] metastore.HMSHandler: Creating database path in external directory pfile:/home/alex/Repositories/hive/hcatalog/webhcat/java-client/target/warehouse/34727/testupdatetableschema_dbname.db
2024-04-24T12:09:42,440  INFO [TThreadPoolServer WorkerProcess-%d] utils.FileUtils: Creating directory if it doesn't exist: pfile:/home/alex/Repositories/hive/hcatalog/webhcat/java-client/target/warehouse/34727/testupdatetableschema_dbname.db
2024-04-24T12:09:42,442  INFO [TThreadPoolServer WorkerProcess-%d] metastore.HMSHandler: Created database path in external directory pfile:/home/alex/Repositories/hive/hcatalog/webhcat/java-client/target/warehouse/34727/testupdatetableschema_dbname.db
2024-04-24T12:09:42,453  WARN [main] api.HCatTable: Conf hasn't been set yet. Using defaults.
2024-04-24T12:09:42,509  WARN [main] conf.HiveConf: HiveConf of name hive.dummyparam.test.server.specific.config.override does not exist
2024-04-24T12:09:42,509  WARN [main] conf.HiveConf: HiveConf of name hive.metastore.metadb.dir does not exist
2024-04-24T12:09:42,509  WARN [main] conf.HiveConf: HiveConf of name hive.llap.io.cache.orc.arena.size does not exist
2024-04-24T12:09:42,509  WARN [main] conf.HiveConf: HiveConf of name hive.stats.key.prefix.reserve.length does not exist
2024-04-24T12:09:42,509  WARN [main] conf.HiveConf: HiveConf of name hive.dummyparam.test.server.specific.config.metastoresite does not exist
2024-04-24T12:09:42,509  WARN [main] conf.HiveConf: HiveConf of name hive.llap.io.cache.orc.alloc.min does not exist
2024-04-24T12:09:42,509  WARN [main] conf.HiveConf: HiveConf of name hive.metastore.client.cache.recordStats does not exist
2024-04-24T12:09:42,509  WARN [main] conf.HiveConf: HiveConf of name hive.metastore.client.cache.maxSize does not exist
2024-04-24T12:09:42,509  WARN [main] conf.HiveConf: HiveConf of name hive.llap.io.cache.orc.alloc.max does not exist
2024-04-24T12:09:42,509  WARN [main] conf.HiveConf: HiveConf of name hive.llap.io.cache.orc.size does not exist
2024-04-24T12:09:42,509  WARN [main] conf.HiveConf: HiveConf of name hive.dummyparam.test.server.specific.config.hivesite does not exist
2024-04-24T12:09:42,510  INFO [TThreadPoolServer WorkerProcess-%d] HiveMetaStore.audit: ugi=alex	ip=127.0.0.1	cmd=source:127.0.0.1 create_table_req: Table(tableName:testUpdateTableSchema_TableName, dbName:testUpdateTableSchema_DBName, owner:alex, createTime:1713985782, lastAccessTime:0, retention:0, sd:StorageDescriptor(cols:[FieldSchema(name:foo, type:int, comment:), FieldSchema(name:bar, type:string, comment:)], location:null, inputFormat:org.apache.hadoop.mapred.TextInputFormat, outputFormat:org.apache.hadoop.hive.ql.io.HiveIgnoreKeyTextOutputFormat, compressed:false, numBuckets:0, serdeInfo:SerDeInfo(name:null, serializationLib:org.apache.hadoop.hive.serde2.lazy.LazySimpleSerDe, parameters:{serialization.format=1}), bucketCols:null, sortCols:null, parameters:null), partitionKeys:[], parameters:{bucketing_version=2}, viewOriginalText:null, viewExpandedText:null, tableType:MANAGED_TABLE, catName:hive, ownerType:USER)	
2024-04-24T12:09:42,517  INFO [TThreadPoolServer WorkerProcess-%d] utils.FileUtils: Creating directory if it doesn't exist: pfile:/home/alex/Repositories/hive/hcatalog/webhcat/java-client/target/warehouse/34727/testupdatetableschema_dbname.db/testupdatetableschema_tablename
2024-04-24T12:09:42,550  INFO [TThreadPoolServer WorkerProcess-%d] HiveMetaStore.audit: ugi=alex	ip=127.0.0.1	cmd=source:127.0.0.1 get_table : tbl=hive.testUpdateTableSchema_DBName.testUpdateTableSchema_TableName	
2024-04-24T12:09:42,561  INFO [TThreadPoolServer WorkerProcess-%d] metastore.HMSHandler: Skipping translation for processor with null
2024-04-24T12:09:42,562  INFO [TThreadPoolServer WorkerProcess-%d] HiveMetaStore.audit: ugi=alex	ip=127.0.0.1	cmd=source:127.0.0.1 alter_table: hive.testUpdateTableSchema_DBName.testUpdateTableSchema_TableName newtbl=testupdatetableschema_tablename	
2024-04-24T12:09:42,577  INFO [TThreadPoolServer WorkerProcess-%d] utils.MetaStoreServerUtils: Updating table stats for testupdatetableschema_tablename
2024-04-24T12:09:42,577  INFO [TThreadPoolServer WorkerProcess-%d] utils.MetaStoreServerUtils: Updated size of table testupdatetableschema_tablename to 0
2024-04-24T12:09:42,606  INFO [TThreadPoolServer WorkerProcess-%d] HiveMetaStore.audit: ugi=alex	ip=127.0.0.1	cmd=source:127.0.0.1 get_table : tbl=hive.testUpdateTableSchema_DBName.testUpdateTableSchema_TableName	
2024-04-24T12:09:42,611  INFO [TThreadPoolServer WorkerProcess-%d] metastore.HMSHandler: Skipping translation for processor with null
2024-04-24T12:09:42,612  INFO [TThreadPoolServer WorkerProcess-%d] HiveMetaStore.audit: ugi=alex	ip=127.0.0.1	cmd=source:127.0.0.1 get_database: testUpdateTableSchema_DBName	
2024-04-24T12:09:42,614  INFO [TThreadPoolServer WorkerProcess-%d] HiveMetaStore.audit: ugi=alex	ip=127.0.0.1	cmd=source:127.0.0.1 get_tables_by_type: db=@hive#testUpdateTableSchema_DBName pat=.*,type=MATERIALIZED_VIEW	
2024-04-24T12:09:42,614  INFO [TThreadPoolServer WorkerProcess-%d] HiveMetaStore.audit: ugi=alex	ip=127.0.0.1	cmd=source:127.0.0.1 getTablesByTypeCore: catName=hive: db=testUpdateTableSchema_DBName pat=.*,type=MATERIALIZED_VIEW	
2024-04-24T12:09:42,618  INFO [TThreadPoolServer WorkerProcess-%d] HiveMetaStore.audit: ugi=alex	ip=127.0.0.1	cmd=source:127.0.0.1 get_all_tables: db=@hive#testUpdateTableSchema_DBName	
2024-04-24T12:09:42,621  INFO [TThreadPoolServer WorkerProcess-%d] HiveMetaStore.audit: ugi=alex	ip=127.0.0.1	cmd=source:127.0.0.1 get_multi_table : db=testUpdateTableSchema_DBName tbls=testupdatetableschema_tablename	
2024-04-24T12:09:42,626  INFO [TThreadPoolServer WorkerProcess-%d] HiveMetaStore.audit: ugi=alex	ip=127.0.0.1	cmd=source:127.0.0.1 drop_database: @hive#testUpdateTableSchema_DBName	
2024-04-24T12:09:42,627  INFO [TThreadPoolServer WorkerProcess-%d] HiveMetaStore.audit: ugi=alex	ip=127.0.0.1	cmd=source:127.0.0.1 get_all_tables: db=@hive#testUpdateTableSchema_DBName	
2024-04-24T12:09:42,627  INFO [TThreadPoolServer WorkerProcess-%d] HiveMetaStore.audit: ugi=alex	ip=127.0.0.1	cmd=source:127.0.0.1 get_functions: db=@hive#testUpdateTableSchema_DBName pat=*	
2024-04-24T12:09:42,637  INFO [TThreadPoolServer WorkerProcess-%d] HiveMetaStore.audit: ugi=alex	ip=127.0.0.1	cmd=source:127.0.0.1 get_all_stored_procedures	
2024-04-24T12:09:42,643  INFO [TThreadPoolServer WorkerProcess-%d] HiveMetaStore.audit: ugi=alex	ip=127.0.0.1	cmd=source:127.0.0.1 get_all_packages	
2024-04-24T12:09:42,693  INFO [TThreadPoolServer WorkerProcess-%d] HiveMetaStore.audit: ugi=alex	ip=127.0.0.1	cmd=source:127.0.0.1 getTablesByTypeCore: catName=hive: db=testUpdateTableSchema_DBName pat=.*,type=MATERIALIZED_VIEW	
2024-04-24T12:09:42,695  INFO [TThreadPoolServer WorkerProcess-%d] metastore.ObjectStore: Dropping database hive.testUpdateTableSchema_DBName along with all tables
2024-04-24T12:09:42,736 ERROR [TThreadPoolServer WorkerProcess-%d] metastore.RetryingHMSHandler: Retrying HMSHandler after 2000 ms (attempt 1 of 10) with error: javax.jdo.JDODataStoreException: Exception thrown flushing changes to datastore
	at org.datanucleus.api.jdo.NucleusJDOHelper.getJDOExceptionForNucleusException(NucleusJDOHelper.java:542)
	at org.datanucleus.api.jdo.JDOPersistenceManager.flush(JDOPersistenceManager.java:2081)
	at org.apache.hadoop.hive.metastore.ObjectStore.addNotificationEvent(ObjectStore.java:11639)
	at sun.reflect.GeneratedMethodAccessor68.invoke(Unknown Source)
	at sun.reflect.DelegatingMethodAccessorImpl.invoke(DelegatingMethodAccessorImpl.java:43)
	at java.lang.reflect.Method.invoke(Method.java:498)
	at org.apache.hadoop.hive.metastore.RawStoreProxy.invoke(RawStoreProxy.java:97)
	at com.sun.proxy.$Proxy32.addNotificationEvent(Unknown Source)
	at org.apache.hive.hcatalog.listener.DbNotificationListener.process(DbNotificationListener.java:1403)
	at org.apache.hive.hcatalog.listener.DbNotificationListener.onDropDatabase(DbNotificationListener.java:513)
	at org.apache.hadoop.hive.metastore.MetaStoreListenerNotifier$26.notify(MetaStoreListenerNotifier.java:99)
	at org.apache.hadoop.hive.metastore.MetaStoreListenerNotifier.notifyEvent(MetaStoreListenerNotifier.java:339)
	at org.apache.hadoop.hive.metastore.HMSHandler.drop_database_core(HMSHandler.java:1785)
	at org.apache.hadoop.hive.metastore.HMSHandler.drop_database(HMSHandler.java:1869)
	at sun.reflect.GeneratedMethodAccessor74.invoke(Unknown Source)
	at sun.reflect.DelegatingMethodAccessorImpl.invoke(DelegatingMethodAccessorImpl.java:43)
	at java.lang.reflect.Method.invoke(Method.java:498)
	at org.apache.hadoop.hive.metastore.RetryingHMSHandler.invokeInternal(RetryingHMSHandler.java:147)
	at org.apache.hadoop.hive.metastore.RetryingHMSHandler.invoke(RetryingHMSHandler.java:108)
	at com.sun.proxy.$Proxy34.drop_database(Unknown Source)
	at org.apache.hadoop.hive.metastore.api.ThriftHiveMetastore$Processor$drop_database.getResult(ThriftHiveMetastore.java:18285)
	at org.apache.hadoop.hive.metastore.api.ThriftHiveMetastore$Processor$drop_database.getResult(ThriftHiveMetastore.java:18264)
	at org.apache.thrift.ProcessFunction.process(ProcessFunction.java:38)
	at org.apache.hadoop.hive.metastore.TUGIBasedProcessor$1.run(TUGIBasedProcessor.java:111)
	at org.apache.hadoop.hive.metastore.TUGIBasedProcessor$1.run(TUGIBasedProcessor.java:107)
	at java.security.AccessController.doPrivileged(Native Method)
	at javax.security.auth.Subject.doAs(Subject.java:422)
	at org.apache.hadoop.security.UserGroupInformation.doAs(UserGroupInformation.java:1682)
	at org.apache.hadoop.hive.metastore.TUGIBasedProcessor.process(TUGIBasedProcessor.java:119)
	at org.apache.thrift.server.TThreadPoolServer$WorkerProcess.run(TThreadPoolServer.java:248)
	at java.util.concurrent.ThreadPoolExecutor.runWorker(ThreadPoolExecutor.java:1149)
	at java.util.concurrent.ThreadPoolExecutor$Worker.run(ThreadPoolExecutor.java:624)
	at java.lang.Thread.run(Thread.java:750)
NestedThrowablesStackTrace:
java.sql.BatchUpdateException: DELETE on table 'DBS' caused a violation of foreign key constraint 'TBLS_FK1' for key (31).  The statement has been rolled back.
	at org.apache.derby.impl.jdbc.EmbedStatement.executeLargeBatch(Unknown Source)
	at org.apache.derby.impl.jdbc.EmbedStatement.executeBatch(Unknown Source)
	at com.zaxxer.hikari.pool.ProxyStatement.executeBatch(ProxyStatement.java:128)
	at com.zaxxer.hikari.pool.HikariProxyPreparedStatement.executeBatch(HikariProxyPreparedStatement.java)
	at org.datanucleus.store.rdbms.ParamLoggingPreparedStatement.executeBatch(ParamLoggingPreparedStatement.java:366)
	at org.datanucleus.store.rdbms.SQLController.processConnectionStatement(SQLController.java:675)
	at org.datanucleus.store.rdbms.SQLController.processStatementsForConnection(SQLController.java:643)
	at org.datanucleus.store.rdbms.SQLController$1.transactionFlushed(SQLController.java:729)
	at org.datanucleus.store.connection.AbstractManagedConnection.transactionFlushed(AbstractManagedConnection.java:95)
	at org.datanucleus.store.connection.ConnectionManagerImpl$2.transactionFlushed(ConnectionManagerImpl.java:528)
	at org.datanucleus.TransactionImpl.flush(TransactionImpl.java:222)
	at org.datanucleus.ExecutionContextImpl.flushInternal(ExecutionContextImpl.java:4068)
	at org.datanucleus.ExecutionContextThreadedImpl.flushInternal(ExecutionContextThreadedImpl.java:448)
	at org.datanucleus.ExecutionContextImpl.flush(ExecutionContextImpl.java:4009)
	at org.datanucleus.ExecutionContextThreadedImpl.flush(ExecutionContextThreadedImpl.java:434)
	at org.datanucleus.api.jdo.JDOPersistenceManager.flush(JDOPersistenceManager.java:2064)
	at org.apache.hadoop.hive.metastore.ObjectStore.addNotificationEvent(ObjectStore.java:11639)
	at sun.reflect.GeneratedMethodAccessor68.invoke(Unknown Source)
	at sun.reflect.DelegatingMethodAccessorImpl.invoke(DelegatingMethodAccessorImpl.java:43)
	at java.lang.reflect.Method.invoke(Method.java:498)
	at org.apache.hadoop.hive.metastore.RawStoreProxy.invoke(RawStoreProxy.java:97)
	at com.sun.proxy.$Proxy32.addNotificationEvent(Unknown Source)
	at org.apache.hive.hcatalog.listener.DbNotificationListener.process(DbNotificationListener.java:1403)
	at org.apache.hive.hcatalog.listener.DbNotificationListener.onDropDatabase(DbNotificationListener.java:513)
	at org.apache.hadoop.hive.metastore.MetaStoreListenerNotifier$26.notify(MetaStoreListenerNotifier.java:99)
	at org.apache.hadoop.hive.metastore.MetaStoreListenerNotifier.notifyEvent(MetaStoreListenerNotifier.java:339)
	at org.apache.hadoop.hive.metastore.HMSHandler.drop_database_core(HMSHandler.java:1785)
	at org.apache.hadoop.hive.metastore.HMSHandler.drop_database(HMSHandler.java:1869)
	at sun.reflect.GeneratedMethodAccessor74.invoke(Unknown Source)
	at sun.reflect.DelegatingMethodAccessorImpl.invoke(DelegatingMethodAccessorImpl.java:43)
	at java.lang.reflect.Method.invoke(Method.java:498)
	at org.apache.hadoop.hive.metastore.RetryingHMSHandler.invokeInternal(RetryingHMSHandler.java:147)
	at org.apache.hadoop.hive.metastore.RetryingHMSHandler.invoke(RetryingHMSHandler.java:108)
	at com.sun.proxy.$Proxy34.drop_database(Unknown Source)
	at org.apache.hadoop.hive.metastore.api.ThriftHiveMetastore$Processor$drop_database.getResult(ThriftHiveMetastore.java:18285)
	at org.apache.hadoop.hive.metastore.api.ThriftHiveMetastore$Processor$drop_database.getResult(ThriftHiveMetastore.java:18264)
	at org.apache.thrift.ProcessFunction.process(ProcessFunction.java:38)
	at org.apache.hadoop.hive.metastore.TUGIBasedProcessor$1.run(TUGIBasedProcessor.java:111)
	at org.apache.hadoop.hive.metastore.TUGIBasedProcessor$1.run(TUGIBasedProcessor.java:107)
	at java.security.AccessController.doPrivileged(Native Method)
	at javax.security.auth.Subject.doAs(Subject.java:422)
	at org.apache.hadoop.security.UserGroupInformation.doAs(UserGroupInformation.java:1682)
	at org.apache.hadoop.hive.metastore.TUGIBasedProcessor.process(TUGIBasedProcessor.java:119)
	at org.apache.thrift.server.TThreadPoolServer$WorkerProcess.run(TThreadPoolServer.java:248)
	at java.util.concurrent.ThreadPoolExecutor.runWorker(ThreadPoolExecutor.java:1149)
	at java.util.concurrent.ThreadPoolExecutor$Worker.run(ThreadPoolExecutor.java:624)
	at java.lang.Thread.run(Thread.java:750)
Caused by: org.apache.derby.shared.common.error.DerbySQLIntegrityConstraintViolationException: DELETE on table 'DBS' caused a violation of foreign key constraint 'TBLS_FK1' for key (31).  The statement has been rolled back.
	at org.apache.derby.impl.jdbc.SQLExceptionFactory.getSQLException(Unknown Source)
	at org.apache.derby.impl.jdbc.Util.generateCsSQLException(Unknown Source)
	at org.apache.derby.impl.jdbc.TransactionResourceImpl.wrapInSQLException(Unknown Source)
	at org.apache.derby.impl.jdbc.TransactionResourceImpl.handleException(Unknown Source)
	at org.apache.derby.impl.jdbc.EmbedConnection.handleException(Unknown Source)
	at org.apache.derby.impl.jdbc.ConnectionChild.handleException(Unknown Source)
	at org.apache.derby.impl.jdbc.EmbedStatement.executeStatement(Unknown Source)
	at org.apache.derby.impl.jdbc.EmbedPreparedStatement.executeBatchElement(Unknown Source)
	... 47 more
Caused by: ERROR 23503: DELETE on table 'DBS' caused a violation of foreign key constraint 'TBLS_FK1' for key (31).  The statement has been rolled back.
	at org.apache.derby.iapi.error.StandardException.newException(Unknown Source)
	at org.apache.derby.iapi.error.StandardException.newException(Unknown Source)
	at org.apache.derby.impl.sql.execute.ReferencedKeyRIChecker.doCheck(Unknown Source)
	at org.apache.derby.impl.sql.execute.RISetChecker.doPKCheck(Unknown Source)
	at org.apache.derby.impl.sql.execute.DeleteResultSet.collectAffectedRows(Unknown Source)
	at org.apache.derby.impl.sql.execute.DeleteResultSet.open(Unknown Source)
	at org.apache.derby.impl.sql.GenericPreparedStatement.executeStmt(Unknown Source)
	at org.apache.derby.impl.sql.GenericPreparedStatement.execute(Unknown Source)
	... 49 more

2024-04-24T12:09:44,737  INFO [TThreadPoolServer WorkerProcess-%d] HiveMetaStore.audit: ugi=alex	ip=127.0.0.1	cmd=source:127.0.0.1 drop_database: @hive#testUpdateTableSchema_DBName	
2024-04-24T12:09:44,740  INFO [TThreadPoolServer WorkerProcess-%d] HiveMetaStore.audit: ugi=alex	ip=127.0.0.1	cmd=source:127.0.0.1 get_all_tables: db=@hive#testUpdateTableSchema_DBName	
2024-04-24T12:09:44,741  INFO [TThreadPoolServer WorkerProcess-%d] HiveMetaStore.audit: ugi=alex	ip=127.0.0.1	cmd=source:127.0.0.1 get_functions: db=@hive#testUpdateTableSchema_DBName pat=*	
2024-04-24T12:09:44,743  INFO [TThreadPoolServer WorkerProcess-%d] HiveMetaStore.audit: ugi=alex	ip=127.0.0.1	cmd=source:127.0.0.1 get_all_stored_procedures	
2024-04-24T12:09:44,743  INFO [TThreadPoolServer WorkerProcess-%d] HiveMetaStore.audit: ugi=alex	ip=127.0.0.1	cmd=source:127.0.0.1 get_all_packages	
2024-04-24T12:09:44,744  INFO [TThreadPoolServer WorkerProcess-%d] HiveMetaStore.audit: ugi=alex	ip=127.0.0.1	cmd=source:127.0.0.1 getTablesByTypeCore: catName=hive: db=testUpdateTableSchema_DBName pat=.*,type=MATERIALIZED_VIEW	
2024-04-24T12:09:44,746  INFO [TThreadPoolServer WorkerProcess-%d] metastore.ObjectStore: Dropping database hive.testUpdateTableSchema_DBName along with all tables
2024-04-24T12:09:44,749 ERROR [TThreadPoolServer WorkerProcess-%d] metastore.RetryingHMSHandler: Retrying HMSHandler after 2000 ms (attempt 2 of 10) with error: javax.jdo.JDODataStoreException: Exception thrown flushing changes to datastore
	at org.datanucleus.api.jdo.NucleusJDOHelper.getJDOExceptionForNucleusException(NucleusJDOHelper.java:542)
	at org.datanucleus.api.jdo.JDOPersistenceManager.flush(JDOPersistenceManager.java:2081)
	at org.apache.hadoop.hive.metastore.ObjectStore.addNotificationEvent(ObjectStore.java:11639)
	at sun.reflect.GeneratedMethodAccessor68.invoke(Unknown Source)
	at sun.reflect.DelegatingMethodAccessorImpl.invoke(DelegatingMethodAccessorImpl.java:43)
	at java.lang.reflect.Method.invoke(Method.java:498)
	at org.apache.hadoop.hive.metastore.RawStoreProxy.invoke(RawStoreProxy.java:97)
	at com.sun.proxy.$Proxy32.addNotificationEvent(Unknown Source)
	at org.apache.hive.hcatalog.listener.DbNotificationListener.process(DbNotificationListener.java:1403)
	at org.apache.hive.hcatalog.listener.DbNotificationListener.onDropDatabase(DbNotificationListener.java:513)
	at org.apache.hadoop.hive.metastore.MetaStoreListenerNotifier$26.notify(MetaStoreListenerNotifier.java:99)
	at org.apache.hadoop.hive.metastore.MetaStoreListenerNotifier.notifyEvent(MetaStoreListenerNotifier.java:339)
	at org.apache.hadoop.hive.metastore.HMSHandler.drop_database_core(HMSHandler.java:1785)
	at org.apache.hadoop.hive.metastore.HMSHandler.drop_database(HMSHandler.java:1869)
	at sun.reflect.GeneratedMethodAccessor74.invoke(Unknown Source)
	at sun.reflect.DelegatingMethodAccessorImpl.invoke(DelegatingMethodAccessorImpl.java:43)
	at java.lang.reflect.Method.invoke(Method.java:498)
	at org.apache.hadoop.hive.metastore.RetryingHMSHandler.invokeInternal(RetryingHMSHandler.java:147)
	at org.apache.hadoop.hive.metastore.RetryingHMSHandler.invoke(RetryingHMSHandler.java:108)
	at com.sun.proxy.$Proxy34.drop_database(Unknown Source)
	at org.apache.hadoop.hive.metastore.api.ThriftHiveMetastore$Processor$drop_database.getResult(ThriftHiveMetastore.java:18285)
	at org.apache.hadoop.hive.metastore.api.ThriftHiveMetastore$Processor$drop_database.getResult(ThriftHiveMetastore.java:18264)
	at org.apache.thrift.ProcessFunction.process(ProcessFunction.java:38)
	at org.apache.hadoop.hive.metastore.TUGIBasedProcessor$1.run(TUGIBasedProcessor.java:111)
	at org.apache.hadoop.hive.metastore.TUGIBasedProcessor$1.run(TUGIBasedProcessor.java:107)
	at java.security.AccessController.doPrivileged(Native Method)
	at javax.security.auth.Subject.doAs(Subject.java:422)
	at org.apache.hadoop.security.UserGroupInformation.doAs(UserGroupInformation.java:1682)
	at org.apache.hadoop.hive.metastore.TUGIBasedProcessor.process(TUGIBasedProcessor.java:119)
	at org.apache.thrift.server.TThreadPoolServer$WorkerProcess.run(TThreadPoolServer.java:248)
	at java.util.concurrent.ThreadPoolExecutor.runWorker(ThreadPoolExecutor.java:1149)
	at java.util.concurrent.ThreadPoolExecutor$Worker.run(ThreadPoolExecutor.java:624)
	at java.lang.Thread.run(Thread.java:750)
NestedThrowablesStackTrace:
java.sql.BatchUpdateException: DELETE on table 'DBS' caused a violation of foreign key constraint 'TBLS_FK1' for key (31).  The statement has been rolled back.
	at org.apache.derby.impl.jdbc.EmbedStatement.executeLargeBatch(Unknown Source)
	at org.apache.derby.impl.jdbc.EmbedStatement.executeBatch(Unknown Source)
	at com.zaxxer.hikari.pool.ProxyStatement.executeBatch(ProxyStatement.java:128)
	at com.zaxxer.hikari.pool.HikariProxyPreparedStatement.executeBatch(HikariProxyPreparedStatement.java)
	at org.datanucleus.store.rdbms.ParamLoggingPreparedStatement.executeBatch(ParamLoggingPreparedStatement.java:366)
	at org.datanucleus.store.rdbms.SQLController.processConnectionStatement(SQLController.java:675)
	at org.datanucleus.store.rdbms.SQLController.processStatementsForConnection(SQLController.java:643)
	at org.datanucleus.store.rdbms.SQLController$1.transactionFlushed(SQLController.java:729)
	at org.datanucleus.store.connection.AbstractManagedConnection.transactionFlushed(AbstractManagedConnection.java:95)
	at org.datanucleus.store.connection.ConnectionManagerImpl$2.transactionFlushed(ConnectionManagerImpl.java:528)
	at org.datanucleus.TransactionImpl.flush(TransactionImpl.java:222)
	at org.datanucleus.ExecutionContextImpl.flushInternal(ExecutionContextImpl.java:4068)
	at org.datanucleus.ExecutionContextThreadedImpl.flushInternal(ExecutionContextThreadedImpl.java:448)
	at org.datanucleus.ExecutionContextImpl.flush(ExecutionContextImpl.java:4009)
	at org.datanucleus.ExecutionContextThreadedImpl.flush(ExecutionContextThreadedImpl.java:434)
	at org.datanucleus.api.jdo.JDOPersistenceManager.flush(JDOPersistenceManager.java:2064)
	at org.apache.hadoop.hive.metastore.ObjectStore.addNotificationEvent(ObjectStore.java:11639)
	at sun.reflect.GeneratedMethodAccessor68.invoke(Unknown Source)
	at sun.reflect.DelegatingMethodAccessorImpl.invoke(DelegatingMethodAccessorImpl.java:43)
	at java.lang.reflect.Method.invoke(Method.java:498)
	at org.apache.hadoop.hive.metastore.RawStoreProxy.invoke(RawStoreProxy.java:97)
	at com.sun.proxy.$Proxy32.addNotificationEvent(Unknown Source)
	at org.apache.hive.hcatalog.listener.DbNotificationListener.process(DbNotificationListener.java:1403)
	at org.apache.hive.hcatalog.listener.DbNotificationListener.onDropDatabase(DbNotificationListener.java:513)
	at org.apache.hadoop.hive.metastore.MetaStoreListenerNotifier$26.notify(MetaStoreListenerNotifier.java:99)
	at org.apache.hadoop.hive.metastore.MetaStoreListenerNotifier.notifyEvent(MetaStoreListenerNotifier.java:339)
	at org.apache.hadoop.hive.metastore.HMSHandler.drop_database_core(HMSHandler.java:1785)
	at org.apache.hadoop.hive.metastore.HMSHandler.drop_database(HMSHandler.java:1869)
	at sun.reflect.GeneratedMethodAccessor74.invoke(Unknown Source)
	at sun.reflect.DelegatingMethodAccessorImpl.invoke(DelegatingMethodAccessorImpl.java:43)
	at java.lang.reflect.Method.invoke(Method.java:498)
	at org.apache.hadoop.hive.metastore.RetryingHMSHandler.invokeInternal(RetryingHMSHandler.java:147)
	at org.apache.hadoop.hive.metastore.RetryingHMSHandler.invoke(RetryingHMSHandler.java:108)
	at com.sun.proxy.$Proxy34.drop_database(Unknown Source)
	at org.apache.hadoop.hive.metastore.api.ThriftHiveMetastore$Processor$drop_database.getResult(ThriftHiveMetastore.java:18285)
	at org.apache.hadoop.hive.metastore.api.ThriftHiveMetastore$Processor$drop_database.getResult(ThriftHiveMetastore.java:18264)
	at org.apache.thrift.ProcessFunction.process(ProcessFunction.java:38)
	at org.apache.hadoop.hive.metastore.TUGIBasedProcessor$1.run(TUGIBasedProcessor.java:111)
	at org.apache.hadoop.hive.metastore.TUGIBasedProcessor$1.run(TUGIBasedProcessor.java:107)
	at java.security.AccessController.doPrivileged(Native Method)
	at javax.security.auth.Subject.doAs(Subject.java:422)
	at org.apache.hadoop.security.UserGroupInformation.doAs(UserGroupInformation.java:1682)
	at org.apache.hadoop.hive.metastore.TUGIBasedProcessor.process(TUGIBasedProcessor.java:119)
	at org.apache.thrift.server.TThreadPoolServer$WorkerProcess.run(TThreadPoolServer.java:248)
	at java.util.concurrent.ThreadPoolExecutor.runWorker(ThreadPoolExecutor.java:1149)
	at java.util.concurrent.ThreadPoolExecutor$Worker.run(ThreadPoolExecutor.java:624)
	at java.lang.Thread.run(Thread.java:750)
Caused by: org.apache.derby.shared.common.error.DerbySQLIntegrityConstraintViolationException: DELETE on table 'DBS' caused a violation of foreign key constraint 'TBLS_FK1' for key (31).  The statement has been rolled back.
	at org.apache.derby.impl.jdbc.SQLExceptionFactory.getSQLException(Unknown Source)
	at org.apache.derby.impl.jdbc.Util.generateCsSQLException(Unknown Source)
	at org.apache.derby.impl.jdbc.TransactionResourceImpl.wrapInSQLException(Unknown Source)
	at org.apache.derby.impl.jdbc.TransactionResourceImpl.handleException(Unknown Source)
	at org.apache.derby.impl.jdbc.EmbedConnection.handleException(Unknown Source)
	at org.apache.derby.impl.jdbc.ConnectionChild.handleException(Unknown Source)
	at org.apache.derby.impl.jdbc.EmbedStatement.executeStatement(Unknown Source)
	at org.apache.derby.impl.jdbc.EmbedPreparedStatement.executeBatchElement(Unknown Source)
	... 47 more
Caused by: ERROR 23503: DELETE on table 'DBS' caused a violation of foreign key constraint 'TBLS_FK1' for key (31).  The statement has been rolled back.
	at org.apache.derby.iapi.error.StandardException.newException(Unknown Source)
	at org.apache.derby.iapi.error.StandardException.newException(Unknown Source)
	at org.apache.derby.impl.sql.execute.ReferencedKeyRIChecker.doCheck(Unknown Source)
	at org.apache.derby.impl.sql.execute.RISetChecker.doPKCheck(Unknown Source)
	at org.apache.derby.impl.sql.execute.DeleteResultSet.collectAffectedRows(Unknown Source)
	at org.apache.derby.impl.sql.execute.DeleteResultSet.open(Unknown Source)
	at org.apache.derby.impl.sql.GenericPreparedStatement.executeStmt(Unknown Source)
	at org.apache.derby.impl.sql.GenericPreparedStatement.execute(Unknown Source)
	... 49 more

2024-04-24T12:09:46,750  INFO [TThreadPoolServer WorkerProcess-%d] HiveMetaStore.audit: ugi=alex	ip=127.0.0.1	cmd=source:127.0.0.1 drop_database: @hive#testUpdateTableSchema_DBName	
2024-04-24T12:09:46,753  INFO [TThreadPoolServer WorkerProcess-%d] HiveMetaStore.audit: ugi=alex	ip=127.0.0.1	cmd=source:127.0.0.1 get_all_tables: db=@hive#testUpdateTableSchema_DBName	
2024-04-24T12:09:46,754  INFO [TThreadPoolServer WorkerProcess-%d] HiveMetaStore.audit: ugi=alex	ip=127.0.0.1	cmd=source:127.0.0.1 get_functions: db=@hive#testUpdateTableSchema_DBName pat=*	
2024-04-24T12:09:46,756  INFO [TThreadPoolServer WorkerProcess-%d] HiveMetaStore.audit: ugi=alex	ip=127.0.0.1	cmd=source:127.0.0.1 get_all_stored_procedures	
2024-04-24T12:09:46,757  INFO [TThreadPoolServer WorkerProcess-%d] HiveMetaStore.audit: ugi=alex	ip=127.0.0.1	cmd=source:127.0.0.1 get_all_packages	
2024-04-24T12:09:46,758  INFO [TThreadPoolServer WorkerProcess-%d] HiveMetaStore.audit: ugi=alex	ip=127.0.0.1	cmd=source:127.0.0.1 getTablesByTypeCore: catName=hive: db=testUpdateTableSchema_DBName pat=.*,type=MATERIALIZED_VIEW	
2024-04-24T12:09:46,763  INFO [TThreadPoolServer WorkerProcess-%d] metastore.ObjectStore: Dropping database hive.testUpdateTableSchema_DBName along with all tables
2024-04-24T12:09:46,768 ERROR [TThreadPoolServer WorkerProcess-%d] metastore.RetryingHMSHandler: Retrying HMSHandler after 2000 ms (attempt 3 of 10) with error: javax.jdo.JDODataStoreException: Exception thrown flushing changes to datastore
	at org.datanucleus.api.jdo.NucleusJDOHelper.getJDOExceptionForNucleusException(NucleusJDOHelper.java:542)
	at org.datanucleus.api.jdo.JDOPersistenceManager.flush(JDOPersistenceManager.java:2081)
	at org.apache.hadoop.hive.metastore.ObjectStore.addNotificationEvent(ObjectStore.java:11639)
	at sun.reflect.GeneratedMethodAccessor68.invoke(Unknown Source)
	at sun.reflect.DelegatingMethodAccessorImpl.invoke(DelegatingMethodAccessorImpl.java:43)
	at java.lang.reflect.Method.invoke(Method.java:498)
	at org.apache.hadoop.hive.metastore.RawStoreProxy.invoke(RawStoreProxy.java:97)
	at com.sun.proxy.$Proxy32.addNotificationEvent(Unknown Source)
	at org.apache.hive.hcatalog.listener.DbNotificationListener.process(DbNotificationListener.java:1403)
	at org.apache.hive.hcatalog.listener.DbNotificationListener.onDropDatabase(DbNotificationListener.java:513)
	at org.apache.hadoop.hive.metastore.MetaStoreListenerNotifier$26.notify(MetaStoreListenerNotifier.java:99)
	at org.apache.hadoop.hive.metastore.MetaStoreListenerNotifier.notifyEvent(MetaStoreListenerNotifier.java:339)
	at org.apache.hadoop.hive.metastore.HMSHandler.drop_database_core(HMSHandler.java:1785)
	at org.apache.hadoop.hive.metastore.HMSHandler.drop_database(HMSHandler.java:1869)
	at sun.reflect.GeneratedMethodAccessor74.invoke(Unknown Source)
	at sun.reflect.DelegatingMethodAccessorImpl.invoke(DelegatingMethodAccessorImpl.java:43)
	at java.lang.reflect.Method.invoke(Method.java:498)
	at org.apache.hadoop.hive.metastore.RetryingHMSHandler.invokeInternal(RetryingHMSHandler.java:147)
	at org.apache.hadoop.hive.metastore.RetryingHMSHandler.invoke(RetryingHMSHandler.java:108)
	at com.sun.proxy.$Proxy34.drop_database(Unknown Source)
	at org.apache.hadoop.hive.metastore.api.ThriftHiveMetastore$Processor$drop_database.getResult(ThriftHiveMetastore.java:18285)
	at org.apache.hadoop.hive.metastore.api.ThriftHiveMetastore$Processor$drop_database.getResult(ThriftHiveMetastore.java:18264)
	at org.apache.thrift.ProcessFunction.process(ProcessFunction.java:38)
	at org.apache.hadoop.hive.metastore.TUGIBasedProcessor$1.run(TUGIBasedProcessor.java:111)
	at org.apache.hadoop.hive.metastore.TUGIBasedProcessor$1.run(TUGIBasedProcessor.java:107)
	at java.security.AccessController.doPrivileged(Native Method)
	at javax.security.auth.Subject.doAs(Subject.java:422)
	at org.apache.hadoop.security.UserGroupInformation.doAs(UserGroupInformation.java:1682)
	at org.apache.hadoop.hive.metastore.TUGIBasedProcessor.process(TUGIBasedProcessor.java:119)
	at org.apache.thrift.server.TThreadPoolServer$WorkerProcess.run(TThreadPoolServer.java:248)
	at java.util.concurrent.ThreadPoolExecutor.runWorker(ThreadPoolExecutor.java:1149)
	at java.util.concurrent.ThreadPoolExecutor$Worker.run(ThreadPoolExecutor.java:624)
	at java.lang.Thread.run(Thread.java:750)
NestedThrowablesStackTrace:
java.sql.BatchUpdateException: DELETE on table 'DBS' caused a violation of foreign key constraint 'TBLS_FK1' for key (31).  The statement has been rolled back.
	at org.apache.derby.impl.jdbc.EmbedStatement.executeLargeBatch(Unknown Source)
	at org.apache.derby.impl.jdbc.EmbedStatement.executeBatch(Unknown Source)
	at com.zaxxer.hikari.pool.ProxyStatement.executeBatch(ProxyStatement.java:128)
	at com.zaxxer.hikari.pool.HikariProxyPreparedStatement.executeBatch(HikariProxyPreparedStatement.java)
	at org.datanucleus.store.rdbms.ParamLoggingPreparedStatement.executeBatch(ParamLoggingPreparedStatement.java:366)
	at org.datanucleus.store.rdbms.SQLController.processConnectionStatement(SQLController.java:675)
	at org.datanucleus.store.rdbms.SQLController.processStatementsForConnection(SQLController.java:643)
	at org.datanucleus.store.rdbms.SQLController$1.transactionFlushed(SQLController.java:729)
	at org.datanucleus.store.connection.AbstractManagedConnection.transactionFlushed(AbstractManagedConnection.java:95)
	at org.datanucleus.store.connection.ConnectionManagerImpl$2.transactionFlushed(ConnectionManagerImpl.java:528)
	at org.datanucleus.TransactionImpl.flush(TransactionImpl.java:222)
	at org.datanucleus.ExecutionContextImpl.flushInternal(ExecutionContextImpl.java:4068)
	at org.datanucleus.ExecutionContextThreadedImpl.flushInternal(ExecutionContextThreadedImpl.java:448)
	at org.datanucleus.ExecutionContextImpl.flush(ExecutionContextImpl.java:4009)
	at org.datanucleus.ExecutionContextThreadedImpl.flush(ExecutionContextThreadedImpl.java:434)
	at org.datanucleus.api.jdo.JDOPersistenceManager.flush(JDOPersistenceManager.java:2064)
	at org.apache.hadoop.hive.metastore.ObjectStore.addNotificationEvent(ObjectStore.java:11639)
	at sun.reflect.GeneratedMethodAccessor68.invoke(Unknown Source)
	at sun.reflect.DelegatingMethodAccessorImpl.invoke(DelegatingMethodAccessorImpl.java:43)
	at java.lang.reflect.Method.invoke(Method.java:498)
	at org.apache.hadoop.hive.metastore.RawStoreProxy.invoke(RawStoreProxy.java:97)
	at com.sun.proxy.$Proxy32.addNotificationEvent(Unknown Source)
	at org.apache.hive.hcatalog.listener.DbNotificationListener.process(DbNotificationListener.java:1403)
	at org.apache.hive.hcatalog.listener.DbNotificationListener.onDropDatabase(DbNotificationListener.java:513)
	at org.apache.hadoop.hive.metastore.MetaStoreListenerNotifier$26.notify(MetaStoreListenerNotifier.java:99)
	at org.apache.hadoop.hive.metastore.MetaStoreListenerNotifier.notifyEvent(MetaStoreListenerNotifier.java:339)
	at org.apache.hadoop.hive.metastore.HMSHandler.drop_database_core(HMSHandler.java:1785)
	at org.apache.hadoop.hive.metastore.HMSHandler.drop_database(HMSHandler.java:1869)
	at sun.reflect.GeneratedMethodAccessor74.invoke(Unknown Source)
	at sun.reflect.DelegatingMethodAccessorImpl.invoke(DelegatingMethodAccessorImpl.java:43)
	at java.lang.reflect.Method.invoke(Method.java:498)
	at org.apache.hadoop.hive.metastore.RetryingHMSHandler.invokeInternal(RetryingHMSHandler.java:147)
	at org.apache.hadoop.hive.metastore.RetryingHMSHandler.invoke(RetryingHMSHandler.java:108)
	at com.sun.proxy.$Proxy34.drop_database(Unknown Source)
	at org.apache.hadoop.hive.metastore.api.ThriftHiveMetastore$Processor$drop_database.getResult(ThriftHiveMetastore.java:18285)
	at org.apache.hadoop.hive.metastore.api.ThriftHiveMetastore$Processor$drop_database.getResult(ThriftHiveMetastore.java:18264)
	at org.apache.thrift.ProcessFunction.process(ProcessFunction.java:38)
	at org.apache.hadoop.hive.metastore.TUGIBasedProcessor$1.run(TUGIBasedProcessor.java:111)
	at org.apache.hadoop.hive.metastore.TUGIBasedProcessor$1.run(TUGIBasedProcessor.java:107)
	at java.security.AccessController.doPrivileged(Native Method)
	at javax.security.auth.Subject.doAs(Subject.java:422)
	at org.apache.hadoop.security.UserGroupInformation.doAs(UserGroupInformation.java:1682)
	at org.apache.hadoop.hive.metastore.TUGIBasedProcessor.process(TUGIBasedProcessor.java:119)
	at org.apache.thrift.server.TThreadPoolServer$WorkerProcess.run(TThreadPoolServer.java:248)
	at java.util.concurrent.ThreadPoolExecutor.runWorker(ThreadPoolExecutor.java:1149)
	at java.util.concurrent.ThreadPoolExecutor$Worker.run(ThreadPoolExecutor.java:624)
	at java.lang.Thread.run(Thread.java:750)
Caused by: org.apache.derby.shared.common.error.DerbySQLIntegrityConstraintViolationException: DELETE on table 'DBS' caused a violation of foreign key constraint 'TBLS_FK1' for key (31).  The statement has been rolled back.
	at org.apache.derby.impl.jdbc.SQLExceptionFactory.getSQLException(Unknown Source)
	at org.apache.derby.impl.jdbc.Util.generateCsSQLException(Unknown Source)
	at org.apache.derby.impl.jdbc.TransactionResourceImpl.wrapInSQLException(Unknown Source)
	at org.apache.derby.impl.jdbc.TransactionResourceImpl.handleException(Unknown Source)
	at org.apache.derby.impl.jdbc.EmbedConnection.handleException(Unknown Source)
	at org.apache.derby.impl.jdbc.ConnectionChild.handleException(Unknown Source)
	at org.apache.derby.impl.jdbc.EmbedStatement.executeStatement(Unknown Source)
	at org.apache.derby.impl.jdbc.EmbedPreparedStatement.executeBatchElement(Unknown Source)
	... 47 more
Caused by: ERROR 23503: DELETE on table 'DBS' caused a violation of foreign key constraint 'TBLS_FK1' for key (31).  The statement has been rolled back.
	at org.apache.derby.iapi.error.StandardException.newException(Unknown Source)
	at org.apache.derby.iapi.error.StandardException.newException(Unknown Source)
	at org.apache.derby.impl.sql.execute.ReferencedKeyRIChecker.doCheck(Unknown Source)
	at org.apache.derby.impl.sql.execute.RISetChecker.doPKCheck(Unknown Source)
	at org.apache.derby.impl.sql.execute.DeleteResultSet.collectAffectedRows(Unknown Source)
	at org.apache.derby.impl.sql.execute.DeleteResultSet.open(Unknown Source)
	at org.apache.derby.impl.sql.GenericPreparedStatement.executeStmt(Unknown Source)
	at org.apache.derby.impl.sql.GenericPreparedStatement.execute(Unknown Source)
	... 49 more

2024-04-24T12:09:48,769  INFO [TThreadPoolServer WorkerProcess-%d] HiveMetaStore.audit: ugi=alex	ip=127.0.0.1	cmd=source:127.0.0.1 drop_database: @hive#testUpdateTableSchema_DBName	
2024-04-24T12:09:48,773  INFO [TThreadPoolServer WorkerProcess-%d] HiveMetaStore.audit: ugi=alex	ip=127.0.0.1	cmd=source:127.0.0.1 get_all_tables: db=@hive#testUpdateTableSchema_DBName	
2024-04-24T12:09:48,774  INFO [TThreadPoolServer WorkerProcess-%d] HiveMetaStore.audit: ugi=alex	ip=127.0.0.1	cmd=source:127.0.0.1 get_functions: db=@hive#testUpdateTableSchema_DBName pat=*	
2024-04-24T12:09:48,775  INFO [TThreadPoolServer WorkerProcess-%d] HiveMetaStore.audit: ugi=alex	ip=127.0.0.1	cmd=source:127.0.0.1 get_all_stored_procedures	
2024-04-24T12:09:48,776  INFO [TThreadPoolServer WorkerProcess-%d] HiveMetaStore.audit: ugi=alex	ip=127.0.0.1	cmd=source:127.0.0.1 get_all_packages	
2024-04-24T12:09:48,777  INFO [TThreadPoolServer WorkerProcess-%d] HiveMetaStore.audit: ugi=alex	ip=127.0.0.1	cmd=source:127.0.0.1 getTablesByTypeCore: catName=hive: db=testUpdateTableSchema_DBName pat=.*,type=MATERIALIZED_VIEW	
2024-04-24T12:09:48,779  INFO [TThreadPoolServer WorkerProcess-%d] metastore.ObjectStore: Dropping database hive.testUpdateTableSchema_DBName along with all tables
2024-04-24T12:09:48,782 ERROR [TThreadPoolServer WorkerProcess-%d] metastore.RetryingHMSHandler: Retrying HMSHandler after 2000 ms (attempt 4 of 10) with error: javax.jdo.JDODataStoreException: Exception thrown flushing changes to datastore
	at org.datanucleus.api.jdo.NucleusJDOHelper.getJDOExceptionForNucleusException(NucleusJDOHelper.java:542)
	at org.datanucleus.api.jdo.JDOPersistenceManager.flush(JDOPersistenceManager.java:2081)
	at org.apache.hadoop.hive.metastore.ObjectStore.addNotificationEvent(ObjectStore.java:11639)
	at sun.reflect.GeneratedMethodAccessor68.invoke(Unknown Source)
	at sun.reflect.DelegatingMethodAccessorImpl.invoke(DelegatingMethodAccessorImpl.java:43)
	at java.lang.reflect.Method.invoke(Method.java:498)
	at org.apache.hadoop.hive.metastore.RawStoreProxy.invoke(RawStoreProxy.java:97)
	at com.sun.proxy.$Proxy32.addNotificationEvent(Unknown Source)
	at org.apache.hive.hcatalog.listener.DbNotificationListener.process(DbNotificationListener.java:1403)
	at org.apache.hive.hcatalog.listener.DbNotificationListener.onDropDatabase(DbNotificationListener.java:513)
	at org.apache.hadoop.hive.metastore.MetaStoreListenerNotifier$26.notify(MetaStoreListenerNotifier.java:99)
	at org.apache.hadoop.hive.metastore.MetaStoreListenerNotifier.notifyEvent(MetaStoreListenerNotifier.java:339)
	at org.apache.hadoop.hive.metastore.HMSHandler.drop_database_core(HMSHandler.java:1785)
	at org.apache.hadoop.hive.metastore.HMSHandler.drop_database(HMSHandler.java:1869)
	at sun.reflect.GeneratedMethodAccessor74.invoke(Unknown Source)
	at sun.reflect.DelegatingMethodAccessorImpl.invoke(DelegatingMethodAccessorImpl.java:43)
	at java.lang.reflect.Method.invoke(Method.java:498)
	at org.apache.hadoop.hive.metastore.RetryingHMSHandler.invokeInternal(RetryingHMSHandler.java:147)
	at org.apache.hadoop.hive.metastore.RetryingHMSHandler.invoke(RetryingHMSHandler.java:108)
	at com.sun.proxy.$Proxy34.drop_database(Unknown Source)
	at org.apache.hadoop.hive.metastore.api.ThriftHiveMetastore$Processor$drop_database.getResult(ThriftHiveMetastore.java:18285)
	at org.apache.hadoop.hive.metastore.api.ThriftHiveMetastore$Processor$drop_database.getResult(ThriftHiveMetastore.java:18264)
	at org.apache.thrift.ProcessFunction.process(ProcessFunction.java:38)
	at org.apache.hadoop.hive.metastore.TUGIBasedProcessor$1.run(TUGIBasedProcessor.java:111)
	at org.apache.hadoop.hive.metastore.TUGIBasedProcessor$1.run(TUGIBasedProcessor.java:107)
	at java.security.AccessController.doPrivileged(Native Method)
	at javax.security.auth.Subject.doAs(Subject.java:422)
	at org.apache.hadoop.security.UserGroupInformation.doAs(UserGroupInformation.java:1682)
	at org.apache.hadoop.hive.metastore.TUGIBasedProcessor.process(TUGIBasedProcessor.java:119)
	at org.apache.thrift.server.TThreadPoolServer$WorkerProcess.run(TThreadPoolServer.java:248)
	at java.util.concurrent.ThreadPoolExecutor.runWorker(ThreadPoolExecutor.java:1149)
	at java.util.concurrent.ThreadPoolExecutor$Worker.run(ThreadPoolExecutor.java:624)
	at java.lang.Thread.run(Thread.java:750)
NestedThrowablesStackTrace:
java.sql.BatchUpdateException: DELETE on table 'DBS' caused a violation of foreign key constraint 'TBLS_FK1' for key (31).  The statement has been rolled back.
	at org.apache.derby.impl.jdbc.EmbedStatement.executeLargeBatch(Unknown Source)
	at org.apache.derby.impl.jdbc.EmbedStatement.executeBatch(Unknown Source)
	at com.zaxxer.hikari.pool.ProxyStatement.executeBatch(ProxyStatement.java:128)
	at com.zaxxer.hikari.pool.HikariProxyPreparedStatement.executeBatch(HikariProxyPreparedStatement.java)
	at org.datanucleus.store.rdbms.ParamLoggingPreparedStatement.executeBatch(ParamLoggingPreparedStatement.java:366)
	at org.datanucleus.store.rdbms.SQLController.processConnectionStatement(SQLController.java:675)
	at org.datanucleus.store.rdbms.SQLController.processStatementsForConnection(SQLController.java:643)
	at org.datanucleus.store.rdbms.SQLController$1.transactionFlushed(SQLController.java:729)
	at org.datanucleus.store.connection.AbstractManagedConnection.transactionFlushed(AbstractManagedConnection.java:95)
	at org.datanucleus.store.connection.ConnectionManagerImpl$2.transactionFlushed(ConnectionManagerImpl.java:528)
	at org.datanucleus.TransactionImpl.flush(TransactionImpl.java:222)
	at org.datanucleus.ExecutionContextImpl.flushInternal(ExecutionContextImpl.java:4068)
	at org.datanucleus.ExecutionContextThreadedImpl.flushInternal(ExecutionContextThreadedImpl.java:448)
	at org.datanucleus.ExecutionContextImpl.flush(ExecutionContextImpl.java:4009)
	at org.datanucleus.ExecutionContextThreadedImpl.flush(ExecutionContextThreadedImpl.java:434)
	at org.datanucleus.api.jdo.JDOPersistenceManager.flush(JDOPersistenceManager.java:2064)
	at org.apache.hadoop.hive.metastore.ObjectStore.addNotificationEvent(ObjectStore.java:11639)
	at sun.reflect.GeneratedMethodAccessor68.invoke(Unknown Source)
	at sun.reflect.DelegatingMethodAccessorImpl.invoke(DelegatingMethodAccessorImpl.java:43)
	at java.lang.reflect.Method.invoke(Method.java:498)
	at org.apache.hadoop.hive.metastore.RawStoreProxy.invoke(RawStoreProxy.java:97)
	at com.sun.proxy.$Proxy32.addNotificationEvent(Unknown Source)
	at org.apache.hive.hcatalog.listener.DbNotificationListener.process(DbNotificationListener.java:1403)
	at org.apache.hive.hcatalog.listener.DbNotificationListener.onDropDatabase(DbNotificationListener.java:513)
	at org.apache.hadoop.hive.metastore.MetaStoreListenerNotifier$26.notify(MetaStoreListenerNotifier.java:99)
	at org.apache.hadoop.hive.metastore.MetaStoreListenerNotifier.notifyEvent(MetaStoreListenerNotifier.java:339)
	at org.apache.hadoop.hive.metastore.HMSHandler.drop_database_core(HMSHandler.java:1785)
	at org.apache.hadoop.hive.metastore.HMSHandler.drop_database(HMSHandler.java:1869)
	at sun.reflect.GeneratedMethodAccessor74.invoke(Unknown Source)
	at sun.reflect.DelegatingMethodAccessorImpl.invoke(DelegatingMethodAccessorImpl.java:43)
	at java.lang.reflect.Method.invoke(Method.java:498)
	at org.apache.hadoop.hive.metastore.RetryingHMSHandler.invokeInternal(RetryingHMSHandler.java:147)
	at org.apache.hadoop.hive.metastore.RetryingHMSHandler.invoke(RetryingHMSHandler.java:108)
	at com.sun.proxy.$Proxy34.drop_database(Unknown Source)
	at org.apache.hadoop.hive.metastore.api.ThriftHiveMetastore$Processor$drop_database.getResult(ThriftHiveMetastore.java:18285)
	at org.apache.hadoop.hive.metastore.api.ThriftHiveMetastore$Processor$drop_database.getResult(ThriftHiveMetastore.java:18264)
	at org.apache.thrift.ProcessFunction.process(ProcessFunction.java:38)
	at org.apache.hadoop.hive.metastore.TUGIBasedProcessor$1.run(TUGIBasedProcessor.java:111)
	at org.apache.hadoop.hive.metastore.TUGIBasedProcessor$1.run(TUGIBasedProcessor.java:107)
	at java.security.AccessController.doPrivileged(Native Method)
	at javax.security.auth.Subject.doAs(Subject.java:422)
	at org.apache.hadoop.security.UserGroupInformation.doAs(UserGroupInformation.java:1682)
	at org.apache.hadoop.hive.metastore.TUGIBasedProcessor.process(TUGIBasedProcessor.java:119)
	at org.apache.thrift.server.TThreadPoolServer$WorkerProcess.run(TThreadPoolServer.java:248)
	at java.util.concurrent.ThreadPoolExecutor.runWorker(ThreadPoolExecutor.java:1149)
	at java.util.concurrent.ThreadPoolExecutor$Worker.run(ThreadPoolExecutor.java:624)
	at java.lang.Thread.run(Thread.java:750)
Caused by: org.apache.derby.shared.common.error.DerbySQLIntegrityConstraintViolationException: DELETE on table 'DBS' caused a violation of foreign key constraint 'TBLS_FK1' for key (31).  The statement has been rolled back.
	at org.apache.derby.impl.jdbc.SQLExceptionFactory.getSQLException(Unknown Source)
	at org.apache.derby.impl.jdbc.Util.generateCsSQLException(Unknown Source)
	at org.apache.derby.impl.jdbc.TransactionResourceImpl.wrapInSQLException(Unknown Source)
	at org.apache.derby.impl.jdbc.TransactionResourceImpl.handleException(Unknown Source)
	at org.apache.derby.impl.jdbc.EmbedConnection.handleException(Unknown Source)
	at org.apache.derby.impl.jdbc.ConnectionChild.handleException(Unknown Source)
	at org.apache.derby.impl.jdbc.EmbedStatement.executeStatement(Unknown Source)
	at org.apache.derby.impl.jdbc.EmbedPreparedStatement.executeBatchElement(Unknown Source)
	... 47 more
Caused by: ERROR 23503: DELETE on table 'DBS' caused a violation of foreign key constraint 'TBLS_FK1' for key (31).  The statement has been rolled back.
	at org.apache.derby.iapi.error.StandardException.newException(Unknown Source)
	at org.apache.derby.iapi.error.StandardException.newException(Unknown Source)
	at org.apache.derby.impl.sql.execute.ReferencedKeyRIChecker.doCheck(Unknown Source)
	at org.apache.derby.impl.sql.execute.RISetChecker.doPKCheck(Unknown Source)
	at org.apache.derby.impl.sql.execute.DeleteResultSet.collectAffectedRows(Unknown Source)
	at org.apache.derby.impl.sql.execute.DeleteResultSet.open(Unknown Source)
	at org.apache.derby.impl.sql.GenericPreparedStatement.executeStmt(Unknown Source)
	at org.apache.derby.impl.sql.GenericPreparedStatement.execute(Unknown Source)
	... 49 more

2024-04-24T12:09:50,783  INFO [TThreadPoolServer WorkerProcess-%d] HiveMetaStore.audit: ugi=alex	ip=127.0.0.1	cmd=source:127.0.0.1 drop_database: @hive#testUpdateTableSchema_DBName	
2024-04-24T12:09:50,786  INFO [TThreadPoolServer WorkerProcess-%d] HiveMetaStore.audit: ugi=alex	ip=127.0.0.1	cmd=source:127.0.0.1 get_all_tables: db=@hive#testUpdateTableSchema_DBName	
2024-04-24T12:09:50,788  INFO [TThreadPoolServer WorkerProcess-%d] HiveMetaStore.audit: ugi=alex	ip=127.0.0.1	cmd=source:127.0.0.1 get_functions: db=@hive#testUpdateTableSchema_DBName pat=*	
2024-04-24T12:09:50,792  INFO [TThreadPoolServer WorkerProcess-%d] HiveMetaStore.audit: ugi=alex	ip=127.0.0.1	cmd=source:127.0.0.1 get_all_stored_procedures	
2024-04-24T12:09:50,795  INFO [TThreadPoolServer WorkerProcess-%d] HiveMetaStore.audit: ugi=alex	ip=127.0.0.1	cmd=source:127.0.0.1 get_all_packages	
2024-04-24T12:09:50,798  INFO [TThreadPoolServer WorkerProcess-%d] HiveMetaStore.audit: ugi=alex	ip=127.0.0.1	cmd=source:127.0.0.1 getTablesByTypeCore: catName=hive: db=testUpdateTableSchema_DBName pat=.*,type=MATERIALIZED_VIEW	
2024-04-24T12:09:50,807  INFO [TThreadPoolServer WorkerProcess-%d] metastore.ObjectStore: Dropping database hive.testUpdateTableSchema_DBName along with all tables
2024-04-24T12:09:50,816 ERROR [TThreadPoolServer WorkerProcess-%d] metastore.RetryingHMSHandler: Retrying HMSHandler after 2000 ms (attempt 5 of 10) with error: javax.jdo.JDODataStoreException: Exception thrown flushing changes to datastore
	at org.datanucleus.api.jdo.NucleusJDOHelper.getJDOExceptionForNucleusException(NucleusJDOHelper.java:542)
	at org.datanucleus.api.jdo.JDOPersistenceManager.flush(JDOPersistenceManager.java:2081)
	at org.apache.hadoop.hive.metastore.ObjectStore.addNotificationEvent(ObjectStore.java:11639)
	at sun.reflect.GeneratedMethodAccessor68.invoke(Unknown Source)
	at sun.reflect.DelegatingMethodAccessorImpl.invoke(DelegatingMethodAccessorImpl.java:43)
	at java.lang.reflect.Method.invoke(Method.java:498)
	at org.apache.hadoop.hive.metastore.RawStoreProxy.invoke(RawStoreProxy.java:97)
	at com.sun.proxy.$Proxy32.addNotificationEvent(Unknown Source)
	at org.apache.hive.hcatalog.listener.DbNotificationListener.process(DbNotificationListener.java:1403)
	at org.apache.hive.hcatalog.listener.DbNotificationListener.onDropDatabase(DbNotificationListener.java:513)
	at org.apache.hadoop.hive.metastore.MetaStoreListenerNotifier$26.notify(MetaStoreListenerNotifier.java:99)
	at org.apache.hadoop.hive.metastore.MetaStoreListenerNotifier.notifyEvent(MetaStoreListenerNotifier.java:339)
	at org.apache.hadoop.hive.metastore.HMSHandler.drop_database_core(HMSHandler.java:1785)
	at org.apache.hadoop.hive.metastore.HMSHandler.drop_database(HMSHandler.java:1869)
	at sun.reflect.GeneratedMethodAccessor74.invoke(Unknown Source)
	at sun.reflect.DelegatingMethodAccessorImpl.invoke(DelegatingMethodAccessorImpl.java:43)
	at java.lang.reflect.Method.invoke(Method.java:498)
	at org.apache.hadoop.hive.metastore.RetryingHMSHandler.invokeInternal(RetryingHMSHandler.java:147)
	at org.apache.hadoop.hive.metastore.RetryingHMSHandler.invoke(RetryingHMSHandler.java:108)
	at com.sun.proxy.$Proxy34.drop_database(Unknown Source)
	at org.apache.hadoop.hive.metastore.api.ThriftHiveMetastore$Processor$drop_database.getResult(ThriftHiveMetastore.java:18285)
	at org.apache.hadoop.hive.metastore.api.ThriftHiveMetastore$Processor$drop_database.getResult(ThriftHiveMetastore.java:18264)
	at org.apache.thrift.ProcessFunction.process(ProcessFunction.java:38)
	at org.apache.hadoop.hive.metastore.TUGIBasedProcessor$1.run(TUGIBasedProcessor.java:111)
	at org.apache.hadoop.hive.metastore.TUGIBasedProcessor$1.run(TUGIBasedProcessor.java:107)
	at java.security.AccessController.doPrivileged(Native Method)
	at javax.security.auth.Subject.doAs(Subject.java:422)
	at org.apache.hadoop.security.UserGroupInformation.doAs(UserGroupInformation.java:1682)
	at org.apache.hadoop.hive.metastore.TUGIBasedProcessor.process(TUGIBasedProcessor.java:119)
	at org.apache.thrift.server.TThreadPoolServer$WorkerProcess.run(TThreadPoolServer.java:248)
	at java.util.concurrent.ThreadPoolExecutor.runWorker(ThreadPoolExecutor.java:1149)
	at java.util.concurrent.ThreadPoolExecutor$Worker.run(ThreadPoolExecutor.java:624)
	at java.lang.Thread.run(Thread.java:750)
NestedThrowablesStackTrace:
java.sql.BatchUpdateException: DELETE on table 'DBS' caused a violation of foreign key constraint 'TBLS_FK1' for key (31).  The statement has been rolled back.
	at org.apache.derby.impl.jdbc.EmbedStatement.executeLargeBatch(Unknown Source)
	at org.apache.derby.impl.jdbc.EmbedStatement.executeBatch(Unknown Source)
	at com.zaxxer.hikari.pool.ProxyStatement.executeBatch(ProxyStatement.java:128)
	at com.zaxxer.hikari.pool.HikariProxyPreparedStatement.executeBatch(HikariProxyPreparedStatement.java)
	at org.datanucleus.store.rdbms.ParamLoggingPreparedStatement.executeBatch(ParamLoggingPreparedStatement.java:366)
	at org.datanucleus.store.rdbms.SQLController.processConnectionStatement(SQLController.java:675)
	at org.datanucleus.store.rdbms.SQLController.processStatementsForConnection(SQLController.java:643)
	at org.datanucleus.store.rdbms.SQLController$1.transactionFlushed(SQLController.java:729)
	at org.datanucleus.store.connection.AbstractManagedConnection.transactionFlushed(AbstractManagedConnection.java:95)
	at org.datanucleus.store.connection.ConnectionManagerImpl$2.transactionFlushed(ConnectionManagerImpl.java:528)
	at org.datanucleus.TransactionImpl.flush(TransactionImpl.java:222)
	at org.datanucleus.ExecutionContextImpl.flushInternal(ExecutionContextImpl.java:4068)
	at org.datanucleus.ExecutionContextThreadedImpl.flushInternal(ExecutionContextThreadedImpl.java:448)
	at org.datanucleus.ExecutionContextImpl.flush(ExecutionContextImpl.java:4009)
	at org.datanucleus.ExecutionContextThreadedImpl.flush(ExecutionContextThreadedImpl.java:434)
	at org.datanucleus.api.jdo.JDOPersistenceManager.flush(JDOPersistenceManager.java:2064)
	at org.apache.hadoop.hive.metastore.ObjectStore.addNotificationEvent(ObjectStore.java:11639)
	at sun.reflect.GeneratedMethodAccessor68.invoke(Unknown Source)
	at sun.reflect.DelegatingMethodAccessorImpl.invoke(DelegatingMethodAccessorImpl.java:43)
	at java.lang.reflect.Method.invoke(Method.java:498)
	at org.apache.hadoop.hive.metastore.RawStoreProxy.invoke(RawStoreProxy.java:97)
	at com.sun.proxy.$Proxy32.addNotificationEvent(Unknown Source)
	at org.apache.hive.hcatalog.listener.DbNotificationListener.process(DbNotificationListener.java:1403)
	at org.apache.hive.hcatalog.listener.DbNotificationListener.onDropDatabase(DbNotificationListener.java:513)
	at org.apache.hadoop.hive.metastore.MetaStoreListenerNotifier$26.notify(MetaStoreListenerNotifier.java:99)
	at org.apache.hadoop.hive.metastore.MetaStoreListenerNotifier.notifyEvent(MetaStoreListenerNotifier.java:339)
	at org.apache.hadoop.hive.metastore.HMSHandler.drop_database_core(HMSHandler.java:1785)
	at org.apache.hadoop.hive.metastore.HMSHandler.drop_database(HMSHandler.java:1869)
	at sun.reflect.GeneratedMethodAccessor74.invoke(Unknown Source)
	at sun.reflect.DelegatingMethodAccessorImpl.invoke(DelegatingMethodAccessorImpl.java:43)
	at java.lang.reflect.Method.invoke(Method.java:498)
	at org.apache.hadoop.hive.metastore.RetryingHMSHandler.invokeInternal(RetryingHMSHandler.java:147)
	at org.apache.hadoop.hive.metastore.RetryingHMSHandler.invoke(RetryingHMSHandler.java:108)
	at com.sun.proxy.$Proxy34.drop_database(Unknown Source)
	at org.apache.hadoop.hive.metastore.api.ThriftHiveMetastore$Processor$drop_database.getResult(ThriftHiveMetastore.java:18285)
	at org.apache.hadoop.hive.metastore.api.ThriftHiveMetastore$Processor$drop_database.getResult(ThriftHiveMetastore.java:18264)
	at org.apache.thrift.ProcessFunction.process(ProcessFunction.java:38)
	at org.apache.hadoop.hive.metastore.TUGIBasedProcessor$1.run(TUGIBasedProcessor.java:111)
	at org.apache.hadoop.hive.metastore.TUGIBasedProcessor$1.run(TUGIBasedProcessor.java:107)
	at java.security.AccessController.doPrivileged(Native Method)
	at javax.security.auth.Subject.doAs(Subject.java:422)
	at org.apache.hadoop.security.UserGroupInformation.doAs(UserGroupInformation.java:1682)
	at org.apache.hadoop.hive.metastore.TUGIBasedProcessor.process(TUGIBasedProcessor.java:119)
	at org.apache.thrift.server.TThreadPoolServer$WorkerProcess.run(TThreadPoolServer.java:248)
	at java.util.concurrent.ThreadPoolExecutor.runWorker(ThreadPoolExecutor.java:1149)
	at java.util.concurrent.ThreadPoolExecutor$Worker.run(ThreadPoolExecutor.java:624)
	at java.lang.Thread.run(Thread.java:750)
Caused by: org.apache.derby.shared.common.error.DerbySQLIntegrityConstraintViolationException: DELETE on table 'DBS' caused a violation of foreign key constraint 'TBLS_FK1' for key (31).  The statement has been rolled back.
	at org.apache.derby.impl.jdbc.SQLExceptionFactory.getSQLException(Unknown Source)
	at org.apache.derby.impl.jdbc.Util.generateCsSQLException(Unknown Source)
	at org.apache.derby.impl.jdbc.TransactionResourceImpl.wrapInSQLException(Unknown Source)
	at org.apache.derby.impl.jdbc.TransactionResourceImpl.handleException(Unknown Source)
	at org.apache.derby.impl.jdbc.EmbedConnection.handleException(Unknown Source)
	at org.apache.derby.impl.jdbc.ConnectionChild.handleException(Unknown Source)
	at org.apache.derby.impl.jdbc.EmbedStatement.executeStatement(Unknown Source)
	at org.apache.derby.impl.jdbc.EmbedPreparedStatement.executeBatchElement(Unknown Source)
	... 47 more
Caused by: ERROR 23503: DELETE on table 'DBS' caused a violation of foreign key constraint 'TBLS_FK1' for key (31).  The statement has been rolled back.
	at org.apache.derby.iapi.error.StandardException.newException(Unknown Source)
	at org.apache.derby.iapi.error.StandardException.newException(Unknown Source)
	at org.apache.derby.impl.sql.execute.ReferencedKeyRIChecker.doCheck(Unknown Source)
	at org.apache.derby.impl.sql.execute.RISetChecker.doPKCheck(Unknown Source)
	at org.apache.derby.impl.sql.execute.DeleteResultSet.collectAffectedRows(Unknown Source)
	at org.apache.derby.impl.sql.execute.DeleteResultSet.open(Unknown Source)
	at org.apache.derby.impl.sql.GenericPreparedStatement.executeStmt(Unknown Source)
	at org.apache.derby.impl.sql.GenericPreparedStatement.execute(Unknown Source)
	... 49 more

2024-04-24T12:09:52,817  INFO [TThreadPoolServer WorkerProcess-%d] HiveMetaStore.audit: ugi=alex	ip=127.0.0.1	cmd=source:127.0.0.1 drop_database: @hive#testUpdateTableSchema_DBName	
2024-04-24T12:09:52,821  INFO [TThreadPoolServer WorkerProcess-%d] HiveMetaStore.audit: ugi=alex	ip=127.0.0.1	cmd=source:127.0.0.1 get_all_tables: db=@hive#testUpdateTableSchema_DBName	
2024-04-24T12:09:52,821  INFO [TThreadPoolServer WorkerProcess-%d] HiveMetaStore.audit: ugi=alex	ip=127.0.0.1	cmd=source:127.0.0.1 get_functions: db=@hive#testUpdateTableSchema_DBName pat=*	
2024-04-24T12:09:52,822  INFO [TThreadPoolServer WorkerProcess-%d] HiveMetaStore.audit: ugi=alex	ip=127.0.0.1	cmd=source:127.0.0.1 get_all_stored_procedures	
2024-04-24T12:09:52,823  INFO [TThreadPoolServer WorkerProcess-%d] HiveMetaStore.audit: ugi=alex	ip=127.0.0.1	cmd=source:127.0.0.1 get_all_packages	
2024-04-24T12:09:52,824  INFO [TThreadPoolServer WorkerProcess-%d] HiveMetaStore.audit: ugi=alex	ip=127.0.0.1	cmd=source:127.0.0.1 getTablesByTypeCore: catName=hive: db=testUpdateTableSchema_DBName pat=.*,type=MATERIALIZED_VIEW	
2024-04-24T12:09:52,826  INFO [TThreadPoolServer WorkerProcess-%d] metastore.ObjectStore: Dropping database hive.testUpdateTableSchema_DBName along with all tables
2024-04-24T12:09:52,829 ERROR [TThreadPoolServer WorkerProcess-%d] metastore.RetryingHMSHandler: Retrying HMSHandler after 2000 ms (attempt 6 of 10) with error: javax.jdo.JDODataStoreException: Exception thrown flushing changes to datastore
	at org.datanucleus.api.jdo.NucleusJDOHelper.getJDOExceptionForNucleusException(NucleusJDOHelper.java:542)
	at org.datanucleus.api.jdo.JDOPersistenceManager.flush(JDOPersistenceManager.java:2081)
	at org.apache.hadoop.hive.metastore.ObjectStore.addNotificationEvent(ObjectStore.java:11639)
	at sun.reflect.GeneratedMethodAccessor68.invoke(Unknown Source)
	at sun.reflect.DelegatingMethodAccessorImpl.invoke(DelegatingMethodAccessorImpl.java:43)
	at java.lang.reflect.Method.invoke(Method.java:498)
	at org.apache.hadoop.hive.metastore.RawStoreProxy.invoke(RawStoreProxy.java:97)
	at com.sun.proxy.$Proxy32.addNotificationEvent(Unknown Source)
	at org.apache.hive.hcatalog.listener.DbNotificationListener.process(DbNotificationListener.java:1403)
	at org.apache.hive.hcatalog.listener.DbNotificationListener.onDropDatabase(DbNotificationListener.java:513)
	at org.apache.hadoop.hive.metastore.MetaStoreListenerNotifier$26.notify(MetaStoreListenerNotifier.java:99)
	at org.apache.hadoop.hive.metastore.MetaStoreListenerNotifier.notifyEvent(MetaStoreListenerNotifier.java:339)
	at org.apache.hadoop.hive.metastore.HMSHandler.drop_database_core(HMSHandler.java:1785)
	at org.apache.hadoop.hive.metastore.HMSHandler.drop_database(HMSHandler.java:1869)
	at sun.reflect.GeneratedMethodAccessor74.invoke(Unknown Source)
	at sun.reflect.DelegatingMethodAccessorImpl.invoke(DelegatingMethodAccessorImpl.java:43)
	at java.lang.reflect.Method.invoke(Method.java:498)
	at org.apache.hadoop.hive.metastore.RetryingHMSHandler.invokeInternal(RetryingHMSHandler.java:147)
	at org.apache.hadoop.hive.metastore.RetryingHMSHandler.invoke(RetryingHMSHandler.java:108)
	at com.sun.proxy.$Proxy34.drop_database(Unknown Source)
	at org.apache.hadoop.hive.metastore.api.ThriftHiveMetastore$Processor$drop_database.getResult(ThriftHiveMetastore.java:18285)
	at org.apache.hadoop.hive.metastore.api.ThriftHiveMetastore$Processor$drop_database.getResult(ThriftHiveMetastore.java:18264)
	at org.apache.thrift.ProcessFunction.process(ProcessFunction.java:38)
	at org.apache.hadoop.hive.metastore.TUGIBasedProcessor$1.run(TUGIBasedProcessor.java:111)
	at org.apache.hadoop.hive.metastore.TUGIBasedProcessor$1.run(TUGIBasedProcessor.java:107)
	at java.security.AccessController.doPrivileged(Native Method)
	at javax.security.auth.Subject.doAs(Subject.java:422)
	at org.apache.hadoop.security.UserGroupInformation.doAs(UserGroupInformation.java:1682)
	at org.apache.hadoop.hive.metastore.TUGIBasedProcessor.process(TUGIBasedProcessor.java:119)
	at org.apache.thrift.server.TThreadPoolServer$WorkerProcess.run(TThreadPoolServer.java:248)
	at java.util.concurrent.ThreadPoolExecutor.runWorker(ThreadPoolExecutor.java:1149)
	at java.util.concurrent.ThreadPoolExecutor$Worker.run(ThreadPoolExecutor.java:624)
	at java.lang.Thread.run(Thread.java:750)
NestedThrowablesStackTrace:
java.sql.BatchUpdateException: DELETE on table 'DBS' caused a violation of foreign key constraint 'TBLS_FK1' for key (31).  The statement has been rolled back.
	at org.apache.derby.impl.jdbc.EmbedStatement.executeLargeBatch(Unknown Source)
	at org.apache.derby.impl.jdbc.EmbedStatement.executeBatch(Unknown Source)
	at com.zaxxer.hikari.pool.ProxyStatement.executeBatch(ProxyStatement.java:128)
	at com.zaxxer.hikari.pool.HikariProxyPreparedStatement.executeBatch(HikariProxyPreparedStatement.java)
	at org.datanucleus.store.rdbms.ParamLoggingPreparedStatement.executeBatch(ParamLoggingPreparedStatement.java:366)
	at org.datanucleus.store.rdbms.SQLController.processConnectionStatement(SQLController.java:675)
	at org.datanucleus.store.rdbms.SQLController.processStatementsForConnection(SQLController.java:643)
	at org.datanucleus.store.rdbms.SQLController$1.transactionFlushed(SQLController.java:729)
	at org.datanucleus.store.connection.AbstractManagedConnection.transactionFlushed(AbstractManagedConnection.java:95)
	at org.datanucleus.store.connection.ConnectionManagerImpl$2.transactionFlushed(ConnectionManagerImpl.java:528)
	at org.datanucleus.TransactionImpl.flush(TransactionImpl.java:222)
	at org.datanucleus.ExecutionContextImpl.flushInternal(ExecutionContextImpl.java:4068)
	at org.datanucleus.ExecutionContextThreadedImpl.flushInternal(ExecutionContextThreadedImpl.java:448)
	at org.datanucleus.ExecutionContextImpl.flush(ExecutionContextImpl.java:4009)
	at org.datanucleus.ExecutionContextThreadedImpl.flush(ExecutionContextThreadedImpl.java:434)
	at org.datanucleus.api.jdo.JDOPersistenceManager.flush(JDOPersistenceManager.java:2064)
	at org.apache.hadoop.hive.metastore.ObjectStore.addNotificationEvent(ObjectStore.java:11639)
	at sun.reflect.GeneratedMethodAccessor68.invoke(Unknown Source)
	at sun.reflect.DelegatingMethodAccessorImpl.invoke(DelegatingMethodAccessorImpl.java:43)
	at java.lang.reflect.Method.invoke(Method.java:498)
	at org.apache.hadoop.hive.metastore.RawStoreProxy.invoke(RawStoreProxy.java:97)
	at com.sun.proxy.$Proxy32.addNotificationEvent(Unknown Source)
	at org.apache.hive.hcatalog.listener.DbNotificationListener.process(DbNotificationListener.java:1403)
	at org.apache.hive.hcatalog.listener.DbNotificationListener.onDropDatabase(DbNotificationListener.java:513)
	at org.apache.hadoop.hive.metastore.MetaStoreListenerNotifier$26.notify(MetaStoreListenerNotifier.java:99)
	at org.apache.hadoop.hive.metastore.MetaStoreListenerNotifier.notifyEvent(MetaStoreListenerNotifier.java:339)
	at org.apache.hadoop.hive.metastore.HMSHandler.drop_database_core(HMSHandler.java:1785)
	at org.apache.hadoop.hive.metastore.HMSHandler.drop_database(HMSHandler.java:1869)
	at sun.reflect.GeneratedMethodAccessor74.invoke(Unknown Source)
	at sun.reflect.DelegatingMethodAccessorImpl.invoke(DelegatingMethodAccessorImpl.java:43)
	at java.lang.reflect.Method.invoke(Method.java:498)
	at org.apache.hadoop.hive.metastore.RetryingHMSHandler.invokeInternal(RetryingHMSHandler.java:147)
	at org.apache.hadoop.hive.metastore.RetryingHMSHandler.invoke(RetryingHMSHandler.java:108)
	at com.sun.proxy.$Proxy34.drop_database(Unknown Source)
	at org.apache.hadoop.hive.metastore.api.ThriftHiveMetastore$Processor$drop_database.getResult(ThriftHiveMetastore.java:18285)
	at org.apache.hadoop.hive.metastore.api.ThriftHiveMetastore$Processor$drop_database.getResult(ThriftHiveMetastore.java:18264)
	at org.apache.thrift.ProcessFunction.process(ProcessFunction.java:38)
	at org.apache.hadoop.hive.metastore.TUGIBasedProcessor$1.run(TUGIBasedProcessor.java:111)
	at org.apache.hadoop.hive.metastore.TUGIBasedProcessor$1.run(TUGIBasedProcessor.java:107)
	at java.security.AccessController.doPrivileged(Native Method)
	at javax.security.auth.Subject.doAs(Subject.java:422)
	at org.apache.hadoop.security.UserGroupInformation.doAs(UserGroupInformation.java:1682)
	at org.apache.hadoop.hive.metastore.TUGIBasedProcessor.process(TUGIBasedProcessor.java:119)
	at org.apache.thrift.server.TThreadPoolServer$WorkerProcess.run(TThreadPoolServer.java:248)
	at java.util.concurrent.ThreadPoolExecutor.runWorker(ThreadPoolExecutor.java:1149)
	at java.util.concurrent.ThreadPoolExecutor$Worker.run(ThreadPoolExecutor.java:624)
	at java.lang.Thread.run(Thread.java:750)
Caused by: org.apache.derby.shared.common.error.DerbySQLIntegrityConstraintViolationException: DELETE on table 'DBS' caused a violation of foreign key constraint 'TBLS_FK1' for key (31).  The statement has been rolled back.
	at org.apache.derby.impl.jdbc.SQLExceptionFactory.getSQLException(Unknown Source)
	at org.apache.derby.impl.jdbc.Util.generateCsSQLException(Unknown Source)
	at org.apache.derby.impl.jdbc.TransactionResourceImpl.wrapInSQLException(Unknown Source)
	at org.apache.derby.impl.jdbc.TransactionResourceImpl.handleException(Unknown Source)
	at org.apache.derby.impl.jdbc.EmbedConnection.handleException(Unknown Source)
	at org.apache.derby.impl.jdbc.ConnectionChild.handleException(Unknown Source)
	at org.apache.derby.impl.jdbc.EmbedStatement.executeStatement(Unknown Source)
	at org.apache.derby.impl.jdbc.EmbedPreparedStatement.executeBatchElement(Unknown Source)
	... 47 more
Caused by: ERROR 23503: DELETE on table 'DBS' caused a violation of foreign key constraint 'TBLS_FK1' for key (31).  The statement has been rolled back.
	at org.apache.derby.iapi.error.StandardException.newException(Unknown Source)
	at org.apache.derby.iapi.error.StandardException.newException(Unknown Source)
	at org.apache.derby.impl.sql.execute.ReferencedKeyRIChecker.doCheck(Unknown Source)
	at org.apache.derby.impl.sql.execute.RISetChecker.doPKCheck(Unknown Source)
	at org.apache.derby.impl.sql.execute.DeleteResultSet.collectAffectedRows(Unknown Source)
	at org.apache.derby.impl.sql.execute.DeleteResultSet.open(Unknown Source)
	at org.apache.derby.impl.sql.GenericPreparedStatement.executeStmt(Unknown Source)
	at org.apache.derby.impl.sql.GenericPreparedStatement.execute(Unknown Source)
	... 49 more

2024-04-24T12:09:54,830  INFO [TThreadPoolServer WorkerProcess-%d] HiveMetaStore.audit: ugi=alex	ip=127.0.0.1	cmd=source:127.0.0.1 drop_database: @hive#testUpdateTableSchema_DBName	
2024-04-24T12:09:54,833  INFO [TThreadPoolServer WorkerProcess-%d] HiveMetaStore.audit: ugi=alex	ip=127.0.0.1	cmd=source:127.0.0.1 get_all_tables: db=@hive#testUpdateTableSchema_DBName	
2024-04-24T12:09:54,835  INFO [TThreadPoolServer WorkerProcess-%d] HiveMetaStore.audit: ugi=alex	ip=127.0.0.1	cmd=source:127.0.0.1 get_functions: db=@hive#testUpdateTableSchema_DBName pat=*	
2024-04-24T12:09:54,839  INFO [TThreadPoolServer WorkerProcess-%d] HiveMetaStore.audit: ugi=alex	ip=127.0.0.1	cmd=source:127.0.0.1 get_all_stored_procedures	
2024-04-24T12:09:54,842  INFO [TThreadPoolServer WorkerProcess-%d] HiveMetaStore.audit: ugi=alex	ip=127.0.0.1	cmd=source:127.0.0.1 get_all_packages	
2024-04-24T12:09:54,844  INFO [TThreadPoolServer WorkerProcess-%d] HiveMetaStore.audit: ugi=alex	ip=127.0.0.1	cmd=source:127.0.0.1 getTablesByTypeCore: catName=hive: db=testUpdateTableSchema_DBName pat=.*,type=MATERIALIZED_VIEW	
2024-04-24T12:09:54,853  INFO [TThreadPoolServer WorkerProcess-%d] metastore.ObjectStore: Dropping database hive.testUpdateTableSchema_DBName along with all tables
2024-04-24T12:09:54,860 ERROR [TThreadPoolServer WorkerProcess-%d] metastore.RetryingHMSHandler: Retrying HMSHandler after 2000 ms (attempt 7 of 10) with error: javax.jdo.JDODataStoreException: Exception thrown flushing changes to datastore
	at org.datanucleus.api.jdo.NucleusJDOHelper.getJDOExceptionForNucleusException(NucleusJDOHelper.java:542)
	at org.datanucleus.api.jdo.JDOPersistenceManager.flush(JDOPersistenceManager.java:2081)
	at org.apache.hadoop.hive.metastore.ObjectStore.addNotificationEvent(ObjectStore.java:11639)
	at sun.reflect.GeneratedMethodAccessor68.invoke(Unknown Source)
	at sun.reflect.DelegatingMethodAccessorImpl.invoke(DelegatingMethodAccessorImpl.java:43)
	at java.lang.reflect.Method.invoke(Method.java:498)
	at org.apache.hadoop.hive.metastore.RawStoreProxy.invoke(RawStoreProxy.java:97)
	at com.sun.proxy.$Proxy32.addNotificationEvent(Unknown Source)
	at org.apache.hive.hcatalog.listener.DbNotificationListener.process(DbNotificationListener.java:1403)
	at org.apache.hive.hcatalog.listener.DbNotificationListener.onDropDatabase(DbNotificationListener.java:513)
	at org.apache.hadoop.hive.metastore.MetaStoreListenerNotifier$26.notify(MetaStoreListenerNotifier.java:99)
	at org.apache.hadoop.hive.metastore.MetaStoreListenerNotifier.notifyEvent(MetaStoreListenerNotifier.java:339)
	at org.apache.hadoop.hive.metastore.HMSHandler.drop_database_core(HMSHandler.java:1785)
	at org.apache.hadoop.hive.metastore.HMSHandler.drop_database(HMSHandler.java:1869)
	at sun.reflect.GeneratedMethodAccessor74.invoke(Unknown Source)
	at sun.reflect.DelegatingMethodAccessorImpl.invoke(DelegatingMethodAccessorImpl.java:43)
	at java.lang.reflect.Method.invoke(Method.java:498)
	at org.apache.hadoop.hive.metastore.RetryingHMSHandler.invokeInternal(RetryingHMSHandler.java:147)
	at org.apache.hadoop.hive.metastore.RetryingHMSHandler.invoke(RetryingHMSHandler.java:108)
	at com.sun.proxy.$Proxy34.drop_database(Unknown Source)
	at org.apache.hadoop.hive.metastore.api.ThriftHiveMetastore$Processor$drop_database.getResult(ThriftHiveMetastore.java:18285)
	at org.apache.hadoop.hive.metastore.api.ThriftHiveMetastore$Processor$drop_database.getResult(ThriftHiveMetastore.java:18264)
	at org.apache.thrift.ProcessFunction.process(ProcessFunction.java:38)
	at org.apache.hadoop.hive.metastore.TUGIBasedProcessor$1.run(TUGIBasedProcessor.java:111)
	at org.apache.hadoop.hive.metastore.TUGIBasedProcessor$1.run(TUGIBasedProcessor.java:107)
	at java.security.AccessController.doPrivileged(Native Method)
	at javax.security.auth.Subject.doAs(Subject.java:422)
	at org.apache.hadoop.security.UserGroupInformation.doAs(UserGroupInformation.java:1682)
	at org.apache.hadoop.hive.metastore.TUGIBasedProcessor.process(TUGIBasedProcessor.java:119)
	at org.apache.thrift.server.TThreadPoolServer$WorkerProcess.run(TThreadPoolServer.java:248)
	at java.util.concurrent.ThreadPoolExecutor.runWorker(ThreadPoolExecutor.java:1149)
	at java.util.concurrent.ThreadPoolExecutor$Worker.run(ThreadPoolExecutor.java:624)
	at java.lang.Thread.run(Thread.java:750)
NestedThrowablesStackTrace:
java.sql.BatchUpdateException: DELETE on table 'DBS' caused a violation of foreign key constraint 'TBLS_FK1' for key (31).  The statement has been rolled back.
	at org.apache.derby.impl.jdbc.EmbedStatement.executeLargeBatch(Unknown Source)
	at org.apache.derby.impl.jdbc.EmbedStatement.executeBatch(Unknown Source)
	at com.zaxxer.hikari.pool.ProxyStatement.executeBatch(ProxyStatement.java:128)
	at com.zaxxer.hikari.pool.HikariProxyPreparedStatement.executeBatch(HikariProxyPreparedStatement.java)
	at org.datanucleus.store.rdbms.ParamLoggingPreparedStatement.executeBatch(ParamLoggingPreparedStatement.java:366)
	at org.datanucleus.store.rdbms.SQLController.processConnectionStatement(SQLController.java:675)
	at org.datanucleus.store.rdbms.SQLController.processStatementsForConnection(SQLController.java:643)
	at org.datanucleus.store.rdbms.SQLController$1.transactionFlushed(SQLController.java:729)
	at org.datanucleus.store.connection.AbstractManagedConnection.transactionFlushed(AbstractManagedConnection.java:95)
	at org.datanucleus.store.connection.ConnectionManagerImpl$2.transactionFlushed(ConnectionManagerImpl.java:528)
	at org.datanucleus.TransactionImpl.flush(TransactionImpl.java:222)
	at org.datanucleus.ExecutionContextImpl.flushInternal(ExecutionContextImpl.java:4068)
	at org.datanucleus.ExecutionContextThreadedImpl.flushInternal(ExecutionContextThreadedImpl.java:448)
	at org.datanucleus.ExecutionContextImpl.flush(ExecutionContextImpl.java:4009)
	at org.datanucleus.ExecutionContextThreadedImpl.flush(ExecutionContextThreadedImpl.java:434)
	at org.datanucleus.api.jdo.JDOPersistenceManager.flush(JDOPersistenceManager.java:2064)
	at org.apache.hadoop.hive.metastore.ObjectStore.addNotificationEvent(ObjectStore.java:11639)
	at sun.reflect.GeneratedMethodAccessor68.invoke(Unknown Source)
	at sun.reflect.DelegatingMethodAccessorImpl.invoke(DelegatingMethodAccessorImpl.java:43)
	at java.lang.reflect.Method.invoke(Method.java:498)
	at org.apache.hadoop.hive.metastore.RawStoreProxy.invoke(RawStoreProxy.java:97)
	at com.sun.proxy.$Proxy32.addNotificationEvent(Unknown Source)
	at org.apache.hive.hcatalog.listener.DbNotificationListener.process(DbNotificationListener.java:1403)
	at org.apache.hive.hcatalog.listener.DbNotificationListener.onDropDatabase(DbNotificationListener.java:513)
	at org.apache.hadoop.hive.metastore.MetaStoreListenerNotifier$26.notify(MetaStoreListenerNotifier.java:99)
	at org.apache.hadoop.hive.metastore.MetaStoreListenerNotifier.notifyEvent(MetaStoreListenerNotifier.java:339)
	at org.apache.hadoop.hive.metastore.HMSHandler.drop_database_core(HMSHandler.java:1785)
	at org.apache.hadoop.hive.metastore.HMSHandler.drop_database(HMSHandler.java:1869)
	at sun.reflect.GeneratedMethodAccessor74.invoke(Unknown Source)
	at sun.reflect.DelegatingMethodAccessorImpl.invoke(DelegatingMethodAccessorImpl.java:43)
	at java.lang.reflect.Method.invoke(Method.java:498)
	at org.apache.hadoop.hive.metastore.RetryingHMSHandler.invokeInternal(RetryingHMSHandler.java:147)
	at org.apache.hadoop.hive.metastore.RetryingHMSHandler.invoke(RetryingHMSHandler.java:108)
	at com.sun.proxy.$Proxy34.drop_database(Unknown Source)
	at org.apache.hadoop.hive.metastore.api.ThriftHiveMetastore$Processor$drop_database.getResult(ThriftHiveMetastore.java:18285)
	at org.apache.hadoop.hive.metastore.api.ThriftHiveMetastore$Processor$drop_database.getResult(ThriftHiveMetastore.java:18264)
	at org.apache.thrift.ProcessFunction.process(ProcessFunction.java:38)
	at org.apache.hadoop.hive.metastore.TUGIBasedProcessor$1.run(TUGIBasedProcessor.java:111)
	at org.apache.hadoop.hive.metastore.TUGIBasedProcessor$1.run(TUGIBasedProcessor.java:107)
	at java.security.AccessController.doPrivileged(Native Method)
	at javax.security.auth.Subject.doAs(Subject.java:422)
	at org.apache.hadoop.security.UserGroupInformation.doAs(UserGroupInformation.java:1682)
	at org.apache.hadoop.hive.metastore.TUGIBasedProcessor.process(TUGIBasedProcessor.java:119)
	at org.apache.thrift.server.TThreadPoolServer$WorkerProcess.run(TThreadPoolServer.java:248)
	at java.util.concurrent.ThreadPoolExecutor.runWorker(ThreadPoolExecutor.java:1149)
	at java.util.concurrent.ThreadPoolExecutor$Worker.run(ThreadPoolExecutor.java:624)
	at java.lang.Thread.run(Thread.java:750)
Caused by: org.apache.derby.shared.common.error.DerbySQLIntegrityConstraintViolationException: DELETE on table 'DBS' caused a violation of foreign key constraint 'TBLS_FK1' for key (31).  The statement has been rolled back.
	at org.apache.derby.impl.jdbc.SQLExceptionFactory.getSQLException(Unknown Source)
	at org.apache.derby.impl.jdbc.Util.generateCsSQLException(Unknown Source)
	at org.apache.derby.impl.jdbc.TransactionResourceImpl.wrapInSQLException(Unknown Source)
	at org.apache.derby.impl.jdbc.TransactionResourceImpl.handleException(Unknown Source)
	at org.apache.derby.impl.jdbc.EmbedConnection.handleException(Unknown Source)
	at org.apache.derby.impl.jdbc.ConnectionChild.handleException(Unknown Source)
	at org.apache.derby.impl.jdbc.EmbedStatement.executeStatement(Unknown Source)
	at org.apache.derby.impl.jdbc.EmbedPreparedStatement.executeBatchElement(Unknown Source)
	... 47 more
Caused by: ERROR 23503: DELETE on table 'DBS' caused a violation of foreign key constraint 'TBLS_FK1' for key (31).  The statement has been rolled back.
	at org.apache.derby.iapi.error.StandardException.newException(Unknown Source)
	at org.apache.derby.iapi.error.StandardException.newException(Unknown Source)
	at org.apache.derby.impl.sql.execute.ReferencedKeyRIChecker.doCheck(Unknown Source)
	at org.apache.derby.impl.sql.execute.RISetChecker.doPKCheck(Unknown Source)
	at org.apache.derby.impl.sql.execute.DeleteResultSet.collectAffectedRows(Unknown Source)
	at org.apache.derby.impl.sql.execute.DeleteResultSet.open(Unknown Source)
	at org.apache.derby.impl.sql.GenericPreparedStatement.executeStmt(Unknown Source)
	at org.apache.derby.impl.sql.GenericPreparedStatement.execute(Unknown Source)
	... 49 more

2024-04-24T12:09:56,860  INFO [TThreadPoolServer WorkerProcess-%d] HiveMetaStore.audit: ugi=alex	ip=127.0.0.1	cmd=source:127.0.0.1 drop_database: @hive#testUpdateTableSchema_DBName	
2024-04-24T12:09:56,863  INFO [TThreadPoolServer WorkerProcess-%d] HiveMetaStore.audit: ugi=alex	ip=127.0.0.1	cmd=source:127.0.0.1 get_all_tables: db=@hive#testUpdateTableSchema_DBName	
2024-04-24T12:09:56,864  INFO [TThreadPoolServer WorkerProcess-%d] HiveMetaStore.audit: ugi=alex	ip=127.0.0.1	cmd=source:127.0.0.1 get_functions: db=@hive#testUpdateTableSchema_DBName pat=*	
2024-04-24T12:09:56,865  INFO [TThreadPoolServer WorkerProcess-%d] HiveMetaStore.audit: ugi=alex	ip=127.0.0.1	cmd=source:127.0.0.1 get_all_stored_procedures	
2024-04-24T12:09:56,866  INFO [TThreadPoolServer WorkerProcess-%d] HiveMetaStore.audit: ugi=alex	ip=127.0.0.1	cmd=source:127.0.0.1 get_all_packages	
2024-04-24T12:09:56,867  INFO [TThreadPoolServer WorkerProcess-%d] HiveMetaStore.audit: ugi=alex	ip=127.0.0.1	cmd=source:127.0.0.1 getTablesByTypeCore: catName=hive: db=testUpdateTableSchema_DBName pat=.*,type=MATERIALIZED_VIEW	
2024-04-24T12:09:56,869  INFO [TThreadPoolServer WorkerProcess-%d] metastore.ObjectStore: Dropping database hive.testUpdateTableSchema_DBName along with all tables
2024-04-24T12:09:56,873 ERROR [TThreadPoolServer WorkerProcess-%d] metastore.RetryingHMSHandler: Retrying HMSHandler after 2000 ms (attempt 8 of 10) with error: javax.jdo.JDODataStoreException: Exception thrown flushing changes to datastore
	at org.datanucleus.api.jdo.NucleusJDOHelper.getJDOExceptionForNucleusException(NucleusJDOHelper.java:542)
	at org.datanucleus.api.jdo.JDOPersistenceManager.flush(JDOPersistenceManager.java:2081)
	at org.apache.hadoop.hive.metastore.ObjectStore.addNotificationEvent(ObjectStore.java:11639)
	at sun.reflect.GeneratedMethodAccessor68.invoke(Unknown Source)
	at sun.reflect.DelegatingMethodAccessorImpl.invoke(DelegatingMethodAccessorImpl.java:43)
	at java.lang.reflect.Method.invoke(Method.java:498)
	at org.apache.hadoop.hive.metastore.RawStoreProxy.invoke(RawStoreProxy.java:97)
	at com.sun.proxy.$Proxy32.addNotificationEvent(Unknown Source)
	at org.apache.hive.hcatalog.listener.DbNotificationListener.process(DbNotificationListener.java:1403)
	at org.apache.hive.hcatalog.listener.DbNotificationListener.onDropDatabase(DbNotificationListener.java:513)
	at org.apache.hadoop.hive.metastore.MetaStoreListenerNotifier$26.notify(MetaStoreListenerNotifier.java:99)
	at org.apache.hadoop.hive.metastore.MetaStoreListenerNotifier.notifyEvent(MetaStoreListenerNotifier.java:339)
	at org.apache.hadoop.hive.metastore.HMSHandler.drop_database_core(HMSHandler.java:1785)
	at org.apache.hadoop.hive.metastore.HMSHandler.drop_database(HMSHandler.java:1869)
	at sun.reflect.GeneratedMethodAccessor74.invoke(Unknown Source)
	at sun.reflect.DelegatingMethodAccessorImpl.invoke(DelegatingMethodAccessorImpl.java:43)
	at java.lang.reflect.Method.invoke(Method.java:498)
	at org.apache.hadoop.hive.metastore.RetryingHMSHandler.invokeInternal(RetryingHMSHandler.java:147)
	at org.apache.hadoop.hive.metastore.RetryingHMSHandler.invoke(RetryingHMSHandler.java:108)
	at com.sun.proxy.$Proxy34.drop_database(Unknown Source)
	at org.apache.hadoop.hive.metastore.api.ThriftHiveMetastore$Processor$drop_database.getResult(ThriftHiveMetastore.java:18285)
	at org.apache.hadoop.hive.metastore.api.ThriftHiveMetastore$Processor$drop_database.getResult(ThriftHiveMetastore.java:18264)
	at org.apache.thrift.ProcessFunction.process(ProcessFunction.java:38)
	at org.apache.hadoop.hive.metastore.TUGIBasedProcessor$1.run(TUGIBasedProcessor.java:111)
	at org.apache.hadoop.hive.metastore.TUGIBasedProcessor$1.run(TUGIBasedProcessor.java:107)
	at java.security.AccessController.doPrivileged(Native Method)
	at javax.security.auth.Subject.doAs(Subject.java:422)
	at org.apache.hadoop.security.UserGroupInformation.doAs(UserGroupInformation.java:1682)
	at org.apache.hadoop.hive.metastore.TUGIBasedProcessor.process(TUGIBasedProcessor.java:119)
	at org.apache.thrift.server.TThreadPoolServer$WorkerProcess.run(TThreadPoolServer.java:248)
	at java.util.concurrent.ThreadPoolExecutor.runWorker(ThreadPoolExecutor.java:1149)
	at java.util.concurrent.ThreadPoolExecutor$Worker.run(ThreadPoolExecutor.java:624)
	at java.lang.Thread.run(Thread.java:750)
NestedThrowablesStackTrace:
java.sql.BatchUpdateException: DELETE on table 'DBS' caused a violation of foreign key constraint 'TBLS_FK1' for key (31).  The statement has been rolled back.
	at org.apache.derby.impl.jdbc.EmbedStatement.executeLargeBatch(Unknown Source)
	at org.apache.derby.impl.jdbc.EmbedStatement.executeBatch(Unknown Source)
	at com.zaxxer.hikari.pool.ProxyStatement.executeBatch(ProxyStatement.java:128)
	at com.zaxxer.hikari.pool.HikariProxyPreparedStatement.executeBatch(HikariProxyPreparedStatement.java)
	at org.datanucleus.store.rdbms.ParamLoggingPreparedStatement.executeBatch(ParamLoggingPreparedStatement.java:366)
	at org.datanucleus.store.rdbms.SQLController.processConnectionStatement(SQLController.java:675)
	at org.datanucleus.store.rdbms.SQLController.processStatementsForConnection(SQLController.java:643)
	at org.datanucleus.store.rdbms.SQLController$1.transactionFlushed(SQLController.java:729)
	at org.datanucleus.store.connection.AbstractManagedConnection.transactionFlushed(AbstractManagedConnection.java:95)
	at org.datanucleus.store.connection.ConnectionManagerImpl$2.transactionFlushed(ConnectionManagerImpl.java:528)
	at org.datanucleus.TransactionImpl.flush(TransactionImpl.java:222)
	at org.datanucleus.ExecutionContextImpl.flushInternal(ExecutionContextImpl.java:4068)
	at org.datanucleus.ExecutionContextThreadedImpl.flushInternal(ExecutionContextThreadedImpl.java:448)
	at org.datanucleus.ExecutionContextImpl.flush(ExecutionContextImpl.java:4009)
	at org.datanucleus.ExecutionContextThreadedImpl.flush(ExecutionContextThreadedImpl.java:434)
	at org.datanucleus.api.jdo.JDOPersistenceManager.flush(JDOPersistenceManager.java:2064)
	at org.apache.hadoop.hive.metastore.ObjectStore.addNotificationEvent(ObjectStore.java:11639)
	at sun.reflect.GeneratedMethodAccessor68.invoke(Unknown Source)
	at sun.reflect.DelegatingMethodAccessorImpl.invoke(DelegatingMethodAccessorImpl.java:43)
	at java.lang.reflect.Method.invoke(Method.java:498)
	at org.apache.hadoop.hive.metastore.RawStoreProxy.invoke(RawStoreProxy.java:97)
	at com.sun.proxy.$Proxy32.addNotificationEvent(Unknown Source)
	at org.apache.hive.hcatalog.listener.DbNotificationListener.process(DbNotificationListener.java:1403)
	at org.apache.hive.hcatalog.listener.DbNotificationListener.onDropDatabase(DbNotificationListener.java:513)
	at org.apache.hadoop.hive.metastore.MetaStoreListenerNotifier$26.notify(MetaStoreListenerNotifier.java:99)
	at org.apache.hadoop.hive.metastore.MetaStoreListenerNotifier.notifyEvent(MetaStoreListenerNotifier.java:339)
	at org.apache.hadoop.hive.metastore.HMSHandler.drop_database_core(HMSHandler.java:1785)
	at org.apache.hadoop.hive.metastore.HMSHandler.drop_database(HMSHandler.java:1869)
	at sun.reflect.GeneratedMethodAccessor74.invoke(Unknown Source)
	at sun.reflect.DelegatingMethodAccessorImpl.invoke(DelegatingMethodAccessorImpl.java:43)
	at java.lang.reflect.Method.invoke(Method.java:498)
	at org.apache.hadoop.hive.metastore.RetryingHMSHandler.invokeInternal(RetryingHMSHandler.java:147)
	at org.apache.hadoop.hive.metastore.RetryingHMSHandler.invoke(RetryingHMSHandler.java:108)
	at com.sun.proxy.$Proxy34.drop_database(Unknown Source)
	at org.apache.hadoop.hive.metastore.api.ThriftHiveMetastore$Processor$drop_database.getResult(ThriftHiveMetastore.java:18285)
	at org.apache.hadoop.hive.metastore.api.ThriftHiveMetastore$Processor$drop_database.getResult(ThriftHiveMetastore.java:18264)
	at org.apache.thrift.ProcessFunction.process(ProcessFunction.java:38)
	at org.apache.hadoop.hive.metastore.TUGIBasedProcessor$1.run(TUGIBasedProcessor.java:111)
	at org.apache.hadoop.hive.metastore.TUGIBasedProcessor$1.run(TUGIBasedProcessor.java:107)
	at java.security.AccessController.doPrivileged(Native Method)
	at javax.security.auth.Subject.doAs(Subject.java:422)
	at org.apache.hadoop.security.UserGroupInformation.doAs(UserGroupInformation.java:1682)
	at org.apache.hadoop.hive.metastore.TUGIBasedProcessor.process(TUGIBasedProcessor.java:119)
	at org.apache.thrift.server.TThreadPoolServer$WorkerProcess.run(TThreadPoolServer.java:248)
	at java.util.concurrent.ThreadPoolExecutor.runWorker(ThreadPoolExecutor.java:1149)
	at java.util.concurrent.ThreadPoolExecutor$Worker.run(ThreadPoolExecutor.java:624)
	at java.lang.Thread.run(Thread.java:750)
Caused by: org.apache.derby.shared.common.error.DerbySQLIntegrityConstraintViolationException: DELETE on table 'DBS' caused a violation of foreign key constraint 'TBLS_FK1' for key (31).  The statement has been rolled back.
	at org.apache.derby.impl.jdbc.SQLExceptionFactory.getSQLException(Unknown Source)
	at org.apache.derby.impl.jdbc.Util.generateCsSQLException(Unknown Source)
	at org.apache.derby.impl.jdbc.TransactionResourceImpl.wrapInSQLException(Unknown Source)
	at org.apache.derby.impl.jdbc.TransactionResourceImpl.handleException(Unknown Source)
	at org.apache.derby.impl.jdbc.EmbedConnection.handleException(Unknown Source)
	at org.apache.derby.impl.jdbc.ConnectionChild.handleException(Unknown Source)
	at org.apache.derby.impl.jdbc.EmbedStatement.executeStatement(Unknown Source)
	at org.apache.derby.impl.jdbc.EmbedPreparedStatement.executeBatchElement(Unknown Source)
	... 47 more
Caused by: ERROR 23503: DELETE on table 'DBS' caused a violation of foreign key constraint 'TBLS_FK1' for key (31).  The statement has been rolled back.
	at org.apache.derby.iapi.error.StandardException.newException(Unknown Source)
	at org.apache.derby.iapi.error.StandardException.newException(Unknown Source)
	at org.apache.derby.impl.sql.execute.ReferencedKeyRIChecker.doCheck(Unknown Source)
	at org.apache.derby.impl.sql.execute.RISetChecker.doPKCheck(Unknown Source)
	at org.apache.derby.impl.sql.execute.DeleteResultSet.collectAffectedRows(Unknown Source)
	at org.apache.derby.impl.sql.execute.DeleteResultSet.open(Unknown Source)
	at org.apache.derby.impl.sql.GenericPreparedStatement.executeStmt(Unknown Source)
	at org.apache.derby.impl.sql.GenericPreparedStatement.execute(Unknown Source)
	... 49 more

2024-04-24T12:09:58,874  INFO [TThreadPoolServer WorkerProcess-%d] HiveMetaStore.audit: ugi=alex	ip=127.0.0.1	cmd=source:127.0.0.1 drop_database: @hive#testUpdateTableSchema_DBName	
2024-04-24T12:09:58,877  INFO [TThreadPoolServer WorkerProcess-%d] HiveMetaStore.audit: ugi=alex	ip=127.0.0.1	cmd=source:127.0.0.1 get_all_tables: db=@hive#testUpdateTableSchema_DBName	
2024-04-24T12:09:58,877  INFO [TThreadPoolServer WorkerProcess-%d] HiveMetaStore.audit: ugi=alex	ip=127.0.0.1	cmd=source:127.0.0.1 get_functions: db=@hive#testUpdateTableSchema_DBName pat=*	
2024-04-24T12:09:58,878  INFO [TThreadPoolServer WorkerProcess-%d] HiveMetaStore.audit: ugi=alex	ip=127.0.0.1	cmd=source:127.0.0.1 get_all_stored_procedures	
2024-04-24T12:09:58,879  INFO [TThreadPoolServer WorkerProcess-%d] HiveMetaStore.audit: ugi=alex	ip=127.0.0.1	cmd=source:127.0.0.1 get_all_packages	
2024-04-24T12:09:58,880  INFO [TThreadPoolServer WorkerProcess-%d] HiveMetaStore.audit: ugi=alex	ip=127.0.0.1	cmd=source:127.0.0.1 getTablesByTypeCore: catName=hive: db=testUpdateTableSchema_DBName pat=.*,type=MATERIALIZED_VIEW	
2024-04-24T12:09:58,883  INFO [TThreadPoolServer WorkerProcess-%d] metastore.ObjectStore: Dropping database hive.testUpdateTableSchema_DBName along with all tables
2024-04-24T12:09:58,886 ERROR [TThreadPoolServer WorkerProcess-%d] metastore.RetryingHMSHandler: Retrying HMSHandler after 2000 ms (attempt 9 of 10) with error: javax.jdo.JDODataStoreException: Exception thrown flushing changes to datastore
	at org.datanucleus.api.jdo.NucleusJDOHelper.getJDOExceptionForNucleusException(NucleusJDOHelper.java:542)
	at org.datanucleus.api.jdo.JDOPersistenceManager.flush(JDOPersistenceManager.java:2081)
	at org.apache.hadoop.hive.metastore.ObjectStore.addNotificationEvent(ObjectStore.java:11639)
	at sun.reflect.GeneratedMethodAccessor68.invoke(Unknown Source)
	at sun.reflect.DelegatingMethodAccessorImpl.invoke(DelegatingMethodAccessorImpl.java:43)
	at java.lang.reflect.Method.invoke(Method.java:498)
	at org.apache.hadoop.hive.metastore.RawStoreProxy.invoke(RawStoreProxy.java:97)
	at com.sun.proxy.$Proxy32.addNotificationEvent(Unknown Source)
	at org.apache.hive.hcatalog.listener.DbNotificationListener.process(DbNotificationListener.java:1403)
	at org.apache.hive.hcatalog.listener.DbNotificationListener.onDropDatabase(DbNotificationListener.java:513)
	at org.apache.hadoop.hive.metastore.MetaStoreListenerNotifier$26.notify(MetaStoreListenerNotifier.java:99)
	at org.apache.hadoop.hive.metastore.MetaStoreListenerNotifier.notifyEvent(MetaStoreListenerNotifier.java:339)
	at org.apache.hadoop.hive.metastore.HMSHandler.drop_database_core(HMSHandler.java:1785)
	at org.apache.hadoop.hive.metastore.HMSHandler.drop_database(HMSHandler.java:1869)
	at sun.reflect.GeneratedMethodAccessor74.invoke(Unknown Source)
	at sun.reflect.DelegatingMethodAccessorImpl.invoke(DelegatingMethodAccessorImpl.java:43)
	at java.lang.reflect.Method.invoke(Method.java:498)
	at org.apache.hadoop.hive.metastore.RetryingHMSHandler.invokeInternal(RetryingHMSHandler.java:147)
	at org.apache.hadoop.hive.metastore.RetryingHMSHandler.invoke(RetryingHMSHandler.java:108)
	at com.sun.proxy.$Proxy34.drop_database(Unknown Source)
	at org.apache.hadoop.hive.metastore.api.ThriftHiveMetastore$Processor$drop_database.getResult(ThriftHiveMetastore.java:18285)
	at org.apache.hadoop.hive.metastore.api.ThriftHiveMetastore$Processor$drop_database.getResult(ThriftHiveMetastore.java:18264)
	at org.apache.thrift.ProcessFunction.process(ProcessFunction.java:38)
	at org.apache.hadoop.hive.metastore.TUGIBasedProcessor$1.run(TUGIBasedProcessor.java:111)
	at org.apache.hadoop.hive.metastore.TUGIBasedProcessor$1.run(TUGIBasedProcessor.java:107)
	at java.security.AccessController.doPrivileged(Native Method)
	at javax.security.auth.Subject.doAs(Subject.java:422)
	at org.apache.hadoop.security.UserGroupInformation.doAs(UserGroupInformation.java:1682)
	at org.apache.hadoop.hive.metastore.TUGIBasedProcessor.process(TUGIBasedProcessor.java:119)
	at org.apache.thrift.server.TThreadPoolServer$WorkerProcess.run(TThreadPoolServer.java:248)
	at java.util.concurrent.ThreadPoolExecutor.runWorker(ThreadPoolExecutor.java:1149)
	at java.util.concurrent.ThreadPoolExecutor$Worker.run(ThreadPoolExecutor.java:624)
	at java.lang.Thread.run(Thread.java:750)
NestedThrowablesStackTrace:
java.sql.BatchUpdateException: DELETE on table 'DBS' caused a violation of foreign key constraint 'TBLS_FK1' for key (31).  The statement has been rolled back.
	at org.apache.derby.impl.jdbc.EmbedStatement.executeLargeBatch(Unknown Source)
	at org.apache.derby.impl.jdbc.EmbedStatement.executeBatch(Unknown Source)
	at com.zaxxer.hikari.pool.ProxyStatement.executeBatch(ProxyStatement.java:128)
	at com.zaxxer.hikari.pool.HikariProxyPreparedStatement.executeBatch(HikariProxyPreparedStatement.java)
	at org.datanucleus.store.rdbms.ParamLoggingPreparedStatement.executeBatch(ParamLoggingPreparedStatement.java:366)
	at org.datanucleus.store.rdbms.SQLController.processConnectionStatement(SQLController.java:675)
	at org.datanucleus.store.rdbms.SQLController.processStatementsForConnection(SQLController.java:643)
	at org.datanucleus.store.rdbms.SQLController$1.transactionFlushed(SQLController.java:729)
	at org.datanucleus.store.connection.AbstractManagedConnection.transactionFlushed(AbstractManagedConnection.java:95)
	at org.datanucleus.store.connection.ConnectionManagerImpl$2.transactionFlushed(ConnectionManagerImpl.java:528)
	at org.datanucleus.TransactionImpl.flush(TransactionImpl.java:222)
	at org.datanucleus.ExecutionContextImpl.flushInternal(ExecutionContextImpl.java:4068)
	at org.datanucleus.ExecutionContextThreadedImpl.flushInternal(ExecutionContextThreadedImpl.java:448)
	at org.datanucleus.ExecutionContextImpl.flush(ExecutionContextImpl.java:4009)
	at org.datanucleus.ExecutionContextThreadedImpl.flush(ExecutionContextThreadedImpl.java:434)
	at org.datanucleus.api.jdo.JDOPersistenceManager.flush(JDOPersistenceManager.java:2064)
	at org.apache.hadoop.hive.metastore.ObjectStore.addNotificationEvent(ObjectStore.java:11639)
	at sun.reflect.GeneratedMethodAccessor68.invoke(Unknown Source)
	at sun.reflect.DelegatingMethodAccessorImpl.invoke(DelegatingMethodAccessorImpl.java:43)
	at java.lang.reflect.Method.invoke(Method.java:498)
	at org.apache.hadoop.hive.metastore.RawStoreProxy.invoke(RawStoreProxy.java:97)
	at com.sun.proxy.$Proxy32.addNotificationEvent(Unknown Source)
	at org.apache.hive.hcatalog.listener.DbNotificationListener.process(DbNotificationListener.java:1403)
	at org.apache.hive.hcatalog.listener.DbNotificationListener.onDropDatabase(DbNotificationListener.java:513)
	at org.apache.hadoop.hive.metastore.MetaStoreListenerNotifier$26.notify(MetaStoreListenerNotifier.java:99)
	at org.apache.hadoop.hive.metastore.MetaStoreListenerNotifier.notifyEvent(MetaStoreListenerNotifier.java:339)
	at org.apache.hadoop.hive.metastore.HMSHandler.drop_database_core(HMSHandler.java:1785)
	at org.apache.hadoop.hive.metastore.HMSHandler.drop_database(HMSHandler.java:1869)
	at sun.reflect.GeneratedMethodAccessor74.invoke(Unknown Source)
	at sun.reflect.DelegatingMethodAccessorImpl.invoke(DelegatingMethodAccessorImpl.java:43)
	at java.lang.reflect.Method.invoke(Method.java:498)
	at org.apache.hadoop.hive.metastore.RetryingHMSHandler.invokeInternal(RetryingHMSHandler.java:147)
	at org.apache.hadoop.hive.metastore.RetryingHMSHandler.invoke(RetryingHMSHandler.java:108)
	at com.sun.proxy.$Proxy34.drop_database(Unknown Source)
	at org.apache.hadoop.hive.metastore.api.ThriftHiveMetastore$Processor$drop_database.getResult(ThriftHiveMetastore.java:18285)
	at org.apache.hadoop.hive.metastore.api.ThriftHiveMetastore$Processor$drop_database.getResult(ThriftHiveMetastore.java:18264)
	at org.apache.thrift.ProcessFunction.process(ProcessFunction.java:38)
	at org.apache.hadoop.hive.metastore.TUGIBasedProcessor$1.run(TUGIBasedProcessor.java:111)
	at org.apache.hadoop.hive.metastore.TUGIBasedProcessor$1.run(TUGIBasedProcessor.java:107)
	at java.security.AccessController.doPrivileged(Native Method)
	at javax.security.auth.Subject.doAs(Subject.java:422)
	at org.apache.hadoop.security.UserGroupInformation.doAs(UserGroupInformation.java:1682)
	at org.apache.hadoop.hive.metastore.TUGIBasedProcessor.process(TUGIBasedProcessor.java:119)
	at org.apache.thrift.server.TThreadPoolServer$WorkerProcess.run(TThreadPoolServer.java:248)
	at java.util.concurrent.ThreadPoolExecutor.runWorker(ThreadPoolExecutor.java:1149)
	at java.util.concurrent.ThreadPoolExecutor$Worker.run(ThreadPoolExecutor.java:624)
	at java.lang.Thread.run(Thread.java:750)
Caused by: org.apache.derby.shared.common.error.DerbySQLIntegrityConstraintViolationException: DELETE on table 'DBS' caused a violation of foreign key constraint 'TBLS_FK1' for key (31).  The statement has been rolled back.
	at org.apache.derby.impl.jdbc.SQLExceptionFactory.getSQLException(Unknown Source)
	at org.apache.derby.impl.jdbc.Util.generateCsSQLException(Unknown Source)
	at org.apache.derby.impl.jdbc.TransactionResourceImpl.wrapInSQLException(Unknown Source)
	at org.apache.derby.impl.jdbc.TransactionResourceImpl.handleException(Unknown Source)
	at org.apache.derby.impl.jdbc.EmbedConnection.handleException(Unknown Source)
	at org.apache.derby.impl.jdbc.ConnectionChild.handleException(Unknown Source)
	at org.apache.derby.impl.jdbc.EmbedStatement.executeStatement(Unknown Source)
	at org.apache.derby.impl.jdbc.EmbedPreparedStatement.executeBatchElement(Unknown Source)
	... 47 more
Caused by: ERROR 23503: DELETE on table 'DBS' caused a violation of foreign key constraint 'TBLS_FK1' for key (31).  The statement has been rolled back.
	at org.apache.derby.iapi.error.StandardException.newException(Unknown Source)
	at org.apache.derby.iapi.error.StandardException.newException(Unknown Source)
	at org.apache.derby.impl.sql.execute.ReferencedKeyRIChecker.doCheck(Unknown Source)
	at org.apache.derby.impl.sql.execute.RISetChecker.doPKCheck(Unknown Source)
	at org.apache.derby.impl.sql.execute.DeleteResultSet.collectAffectedRows(Unknown Source)
	at org.apache.derby.impl.sql.execute.DeleteResultSet.open(Unknown Source)
	at org.apache.derby.impl.sql.GenericPreparedStatement.executeStmt(Unknown Source)
	at org.apache.derby.impl.sql.GenericPreparedStatement.execute(Unknown Source)
	... 49 more

2024-04-24T12:10:00,887  INFO [TThreadPoolServer WorkerProcess-%d] HiveMetaStore.audit: ugi=alex	ip=127.0.0.1	cmd=source:127.0.0.1 drop_database: @hive#testUpdateTableSchema_DBName	
2024-04-24T12:10:00,890  INFO [TThreadPoolServer WorkerProcess-%d] HiveMetaStore.audit: ugi=alex	ip=127.0.0.1	cmd=source:127.0.0.1 get_all_tables: db=@hive#testUpdateTableSchema_DBName	
2024-04-24T12:10:00,892  INFO [TThreadPoolServer WorkerProcess-%d] HiveMetaStore.audit: ugi=alex	ip=127.0.0.1	cmd=source:127.0.0.1 get_functions: db=@hive#testUpdateTableSchema_DBName pat=*	
2024-04-24T12:10:00,893  INFO [TThreadPoolServer WorkerProcess-%d] HiveMetaStore.audit: ugi=alex	ip=127.0.0.1	cmd=source:127.0.0.1 get_all_stored_procedures	
2024-04-24T12:10:00,894  INFO [TThreadPoolServer WorkerProcess-%d] HiveMetaStore.audit: ugi=alex	ip=127.0.0.1	cmd=source:127.0.0.1 get_all_packages	
2024-04-24T12:10:00,895  INFO [TThreadPoolServer WorkerProcess-%d] HiveMetaStore.audit: ugi=alex	ip=127.0.0.1	cmd=source:127.0.0.1 getTablesByTypeCore: catName=hive: db=testUpdateTableSchema_DBName pat=.*,type=MATERIALIZED_VIEW	
2024-04-24T12:10:00,897  INFO [TThreadPoolServer WorkerProcess-%d] metastore.ObjectStore: Dropping database hive.testUpdateTableSchema_DBName along with all tables
2024-04-24T12:10:00,900 ERROR [TThreadPoolServer WorkerProcess-%d] metastore.RetryingHMSHandler: Retrying HMSHandler after 2000 ms (attempt 10 of 10) with error: javax.jdo.JDODataStoreException: Exception thrown flushing changes to datastore
	at org.datanucleus.api.jdo.NucleusJDOHelper.getJDOExceptionForNucleusException(NucleusJDOHelper.java:542)
	at org.datanucleus.api.jdo.JDOPersistenceManager.flush(JDOPersistenceManager.java:2081)
	at org.apache.hadoop.hive.metastore.ObjectStore.addNotificationEvent(ObjectStore.java:11639)
	at sun.reflect.GeneratedMethodAccessor68.invoke(Unknown Source)
	at sun.reflect.DelegatingMethodAccessorImpl.invoke(DelegatingMethodAccessorImpl.java:43)
	at java.lang.reflect.Method.invoke(Method.java:498)
	at org.apache.hadoop.hive.metastore.RawStoreProxy.invoke(RawStoreProxy.java:97)
	at com.sun.proxy.$Proxy32.addNotificationEvent(Unknown Source)
	at org.apache.hive.hcatalog.listener.DbNotificationListener.process(DbNotificationListener.java:1403)
	at org.apache.hive.hcatalog.listener.DbNotificationListener.onDropDatabase(DbNotificationListener.java:513)
	at org.apache.hadoop.hive.metastore.MetaStoreListenerNotifier$26.notify(MetaStoreListenerNotifier.java:99)
	at org.apache.hadoop.hive.metastore.MetaStoreListenerNotifier.notifyEvent(MetaStoreListenerNotifier.java:339)
	at org.apache.hadoop.hive.metastore.HMSHandler.drop_database_core(HMSHandler.java:1785)
	at org.apache.hadoop.hive.metastore.HMSHandler.drop_database(HMSHandler.java:1869)
	at sun.reflect.GeneratedMethodAccessor74.invoke(Unknown Source)
	at sun.reflect.DelegatingMethodAccessorImpl.invoke(DelegatingMethodAccessorImpl.java:43)
	at java.lang.reflect.Method.invoke(Method.java:498)
	at org.apache.hadoop.hive.metastore.RetryingHMSHandler.invokeInternal(RetryingHMSHandler.java:147)
	at org.apache.hadoop.hive.metastore.RetryingHMSHandler.invoke(RetryingHMSHandler.java:108)
	at com.sun.proxy.$Proxy34.drop_database(Unknown Source)
	at org.apache.hadoop.hive.metastore.api.ThriftHiveMetastore$Processor$drop_database.getResult(ThriftHiveMetastore.java:18285)
	at org.apache.hadoop.hive.metastore.api.ThriftHiveMetastore$Processor$drop_database.getResult(ThriftHiveMetastore.java:18264)
	at org.apache.thrift.ProcessFunction.process(ProcessFunction.java:38)
	at org.apache.hadoop.hive.metastore.TUGIBasedProcessor$1.run(TUGIBasedProcessor.java:111)
	at org.apache.hadoop.hive.metastore.TUGIBasedProcessor$1.run(TUGIBasedProcessor.java:107)
	at java.security.AccessController.doPrivileged(Native Method)
	at javax.security.auth.Subject.doAs(Subject.java:422)
	at org.apache.hadoop.security.UserGroupInformation.doAs(UserGroupInformation.java:1682)
	at org.apache.hadoop.hive.metastore.TUGIBasedProcessor.process(TUGIBasedProcessor.java:119)
	at org.apache.thrift.server.TThreadPoolServer$WorkerProcess.run(TThreadPoolServer.java:248)
	at java.util.concurrent.ThreadPoolExecutor.runWorker(ThreadPoolExecutor.java:1149)
	at java.util.concurrent.ThreadPoolExecutor$Worker.run(ThreadPoolExecutor.java:624)
	at java.lang.Thread.run(Thread.java:750)
NestedThrowablesStackTrace:
java.sql.BatchUpdateException: DELETE on table 'DBS' caused a violation of foreign key constraint 'TBLS_FK1' for key (31).  The statement has been rolled back.
	at org.apache.derby.impl.jdbc.EmbedStatement.executeLargeBatch(Unknown Source)
	at org.apache.derby.impl.jdbc.EmbedStatement.executeBatch(Unknown Source)
	at com.zaxxer.hikari.pool.ProxyStatement.executeBatch(ProxyStatement.java:128)
	at com.zaxxer.hikari.pool.HikariProxyPreparedStatement.executeBatch(HikariProxyPreparedStatement.java)
	at org.datanucleus.store.rdbms.ParamLoggingPreparedStatement.executeBatch(ParamLoggingPreparedStatement.java:366)
	at org.datanucleus.store.rdbms.SQLController.processConnectionStatement(SQLController.java:675)
	at org.datanucleus.store.rdbms.SQLController.processStatementsForConnection(SQLController.java:643)
	at org.datanucleus.store.rdbms.SQLController$1.transactionFlushed(SQLController.java:729)
	at org.datanucleus.store.connection.AbstractManagedConnection.transactionFlushed(AbstractManagedConnection.java:95)
	at org.datanucleus.store.connection.ConnectionManagerImpl$2.transactionFlushed(ConnectionManagerImpl.java:528)
	at org.datanucleus.TransactionImpl.flush(TransactionImpl.java:222)
	at org.datanucleus.ExecutionContextImpl.flushInternal(ExecutionContextImpl.java:4068)
	at org.datanucleus.ExecutionContextThreadedImpl.flushInternal(ExecutionContextThreadedImpl.java:448)
	at org.datanucleus.ExecutionContextImpl.flush(ExecutionContextImpl.java:4009)
	at org.datanucleus.ExecutionContextThreadedImpl.flush(ExecutionContextThreadedImpl.java:434)
	at org.datanucleus.api.jdo.JDOPersistenceManager.flush(JDOPersistenceManager.java:2064)
	at org.apache.hadoop.hive.metastore.ObjectStore.addNotificationEvent(ObjectStore.java:11639)
	at sun.reflect.GeneratedMethodAccessor68.invoke(Unknown Source)
	at sun.reflect.DelegatingMethodAccessorImpl.invoke(DelegatingMethodAccessorImpl.java:43)
	at java.lang.reflect.Method.invoke(Method.java:498)
	at org.apache.hadoop.hive.metastore.RawStoreProxy.invoke(RawStoreProxy.java:97)
	at com.sun.proxy.$Proxy32.addNotificationEvent(Unknown Source)
	at org.apache.hive.hcatalog.listener.DbNotificationListener.process(DbNotificationListener.java:1403)
	at org.apache.hive.hcatalog.listener.DbNotificationListener.onDropDatabase(DbNotificationListener.java:513)
	at org.apache.hadoop.hive.metastore.MetaStoreListenerNotifier$26.notify(MetaStoreListenerNotifier.java:99)
	at org.apache.hadoop.hive.metastore.MetaStoreListenerNotifier.notifyEvent(MetaStoreListenerNotifier.java:339)
	at org.apache.hadoop.hive.metastore.HMSHandler.drop_database_core(HMSHandler.java:1785)
	at org.apache.hadoop.hive.metastore.HMSHandler.drop_database(HMSHandler.java:1869)
	at sun.reflect.GeneratedMethodAccessor74.invoke(Unknown Source)
	at sun.reflect.DelegatingMethodAccessorImpl.invoke(DelegatingMethodAccessorImpl.java:43)
	at java.lang.reflect.Method.invoke(Method.java:498)
	at org.apache.hadoop.hive.metastore.RetryingHMSHandler.invokeInternal(RetryingHMSHandler.java:147)
	at org.apache.hadoop.hive.metastore.RetryingHMSHandler.invoke(RetryingHMSHandler.java:108)
	at com.sun.proxy.$Proxy34.drop_database(Unknown Source)
	at org.apache.hadoop.hive.metastore.api.ThriftHiveMetastore$Processor$drop_database.getResult(ThriftHiveMetastore.java:18285)
	at org.apache.hadoop.hive.metastore.api.ThriftHiveMetastore$Processor$drop_database.getResult(ThriftHiveMetastore.java:18264)
	at org.apache.thrift.ProcessFunction.process(ProcessFunction.java:38)
	at org.apache.hadoop.hive.metastore.TUGIBasedProcessor$1.run(TUGIBasedProcessor.java:111)
	at org.apache.hadoop.hive.metastore.TUGIBasedProcessor$1.run(TUGIBasedProcessor.java:107)
	at java.security.AccessController.doPrivileged(Native Method)
	at javax.security.auth.Subject.doAs(Subject.java:422)
	at org.apache.hadoop.security.UserGroupInformation.doAs(UserGroupInformation.java:1682)
	at org.apache.hadoop.hive.metastore.TUGIBasedProcessor.process(TUGIBasedProcessor.java:119)
	at org.apache.thrift.server.TThreadPoolServer$WorkerProcess.run(TThreadPoolServer.java:248)
	at java.util.concurrent.ThreadPoolExecutor.runWorker(ThreadPoolExecutor.java:1149)
	at java.util.concurrent.ThreadPoolExecutor$Worker.run(ThreadPoolExecutor.java:624)
	at java.lang.Thread.run(Thread.java:750)
Caused by: org.apache.derby.shared.common.error.DerbySQLIntegrityConstraintViolationException: DELETE on table 'DBS' caused a violation of foreign key constraint 'TBLS_FK1' for key (31).  The statement has been rolled back.
	at org.apache.derby.impl.jdbc.SQLExceptionFactory.getSQLException(Unknown Source)
	at org.apache.derby.impl.jdbc.Util.generateCsSQLException(Unknown Source)
	at org.apache.derby.impl.jdbc.TransactionResourceImpl.wrapInSQLException(Unknown Source)
	at org.apache.derby.impl.jdbc.TransactionResourceImpl.handleException(Unknown Source)
	at org.apache.derby.impl.jdbc.EmbedConnection.handleException(Unknown Source)
	at org.apache.derby.impl.jdbc.ConnectionChild.handleException(Unknown Source)
	at org.apache.derby.impl.jdbc.EmbedStatement.executeStatement(Unknown Source)
	at org.apache.derby.impl.jdbc.EmbedPreparedStatement.executeBatchElement(Unknown Source)
	... 47 more
Caused by: ERROR 23503: DELETE on table 'DBS' caused a violation of foreign key constraint 'TBLS_FK1' for key (31).  The statement has been rolled back.
	at org.apache.derby.iapi.error.StandardException.newException(Unknown Source)
	at org.apache.derby.iapi.error.StandardException.newException(Unknown Source)
	at org.apache.derby.impl.sql.execute.ReferencedKeyRIChecker.doCheck(Unknown Source)
	at org.apache.derby.impl.sql.execute.RISetChecker.doPKCheck(Unknown Source)
	at org.apache.derby.impl.sql.execute.DeleteResultSet.collectAffectedRows(Unknown Source)
	at org.apache.derby.impl.sql.execute.DeleteResultSet.open(Unknown Source)
	at org.apache.derby.impl.sql.GenericPreparedStatement.executeStmt(Unknown Source)
	at org.apache.derby.impl.sql.GenericPreparedStatement.execute(Unknown Source)
	... 49 more

2024-04-24T12:10:02,901  INFO [TThreadPoolServer WorkerProcess-%d] HiveMetaStore.audit: ugi=alex	ip=127.0.0.1	cmd=source:127.0.0.1 drop_database: @hive#testUpdateTableSchema_DBName	
2024-04-24T12:10:02,904  INFO [TThreadPoolServer WorkerProcess-%d] HiveMetaStore.audit: ugi=alex	ip=127.0.0.1	cmd=source:127.0.0.1 get_all_tables: db=@hive#testUpdateTableSchema_DBName	
2024-04-24T12:10:02,905  INFO [TThreadPoolServer WorkerProcess-%d] HiveMetaStore.audit: ugi=alex	ip=127.0.0.1	cmd=source:127.0.0.1 get_functions: db=@hive#testUpdateTableSchema_DBName pat=*	
2024-04-24T12:10:02,906  INFO [TThreadPoolServer WorkerProcess-%d] HiveMetaStore.audit: ugi=alex	ip=127.0.0.1	cmd=source:127.0.0.1 get_all_stored_procedures	
2024-04-24T12:10:02,907  INFO [TThreadPoolServer WorkerProcess-%d] HiveMetaStore.audit: ugi=alex	ip=127.0.0.1	cmd=source:127.0.0.1 get_all_packages	
2024-04-24T12:10:02,908  INFO [TThreadPoolServer WorkerProcess-%d] HiveMetaStore.audit: ugi=alex	ip=127.0.0.1	cmd=source:127.0.0.1 getTablesByTypeCore: catName=hive: db=testUpdateTableSchema_DBName pat=.*,type=MATERIALIZED_VIEW	
2024-04-24T12:10:02,910  INFO [TThreadPoolServer WorkerProcess-%d] metastore.ObjectStore: Dropping database hive.testUpdateTableSchema_DBName along with all tables
2024-04-24T12:10:02,915 ERROR [TThreadPoolServer WorkerProcess-%d] metastore.RetryingHMSHandler: HMSHandler Fatal error: javax.jdo.JDODataStoreException: Exception thrown flushing changes to datastore
	at org.datanucleus.api.jdo.NucleusJDOHelper.getJDOExceptionForNucleusException(NucleusJDOHelper.java:542)
	at org.datanucleus.api.jdo.JDOPersistenceManager.flush(JDOPersistenceManager.java:2081)
	at org.apache.hadoop.hive.metastore.ObjectStore.addNotificationEvent(ObjectStore.java:11639)
	at sun.reflect.GeneratedMethodAccessor68.invoke(Unknown Source)
	at sun.reflect.DelegatingMethodAccessorImpl.invoke(DelegatingMethodAccessorImpl.java:43)
	at java.lang.reflect.Method.invoke(Method.java:498)
	at org.apache.hadoop.hive.metastore.RawStoreProxy.invoke(RawStoreProxy.java:97)
	at com.sun.proxy.$Proxy32.addNotificationEvent(Unknown Source)
	at org.apache.hive.hcatalog.listener.DbNotificationListener.process(DbNotificationListener.java:1403)
	at org.apache.hive.hcatalog.listener.DbNotificationListener.onDropDatabase(DbNotificationListener.java:513)
	at org.apache.hadoop.hive.metastore.MetaStoreListenerNotifier$26.notify(MetaStoreListenerNotifier.java:99)
	at org.apache.hadoop.hive.metastore.MetaStoreListenerNotifier.notifyEvent(MetaStoreListenerNotifier.java:339)
	at org.apache.hadoop.hive.metastore.HMSHandler.drop_database_core(HMSHandler.java:1785)
	at org.apache.hadoop.hive.metastore.HMSHandler.drop_database(HMSHandler.java:1869)
	at sun.reflect.GeneratedMethodAccessor74.invoke(Unknown Source)
	at sun.reflect.DelegatingMethodAccessorImpl.invoke(DelegatingMethodAccessorImpl.java:43)
	at java.lang.reflect.Method.invoke(Method.java:498)
	at org.apache.hadoop.hive.metastore.RetryingHMSHandler.invokeInternal(RetryingHMSHandler.java:147)
	at org.apache.hadoop.hive.metastore.RetryingHMSHandler.invoke(RetryingHMSHandler.java:108)
	at com.sun.proxy.$Proxy34.drop_database(Unknown Source)
	at org.apache.hadoop.hive.metastore.api.ThriftHiveMetastore$Processor$drop_database.getResult(ThriftHiveMetastore.java:18285)
	at org.apache.hadoop.hive.metastore.api.ThriftHiveMetastore$Processor$drop_database.getResult(ThriftHiveMetastore.java:18264)
	at org.apache.thrift.ProcessFunction.process(ProcessFunction.java:38)
	at org.apache.hadoop.hive.metastore.TUGIBasedProcessor$1.run(TUGIBasedProcessor.java:111)
	at org.apache.hadoop.hive.metastore.TUGIBasedProcessor$1.run(TUGIBasedProcessor.java:107)
	at java.security.AccessController.doPrivileged(Native Method)
	at javax.security.auth.Subject.doAs(Subject.java:422)
	at org.apache.hadoop.security.UserGroupInformation.doAs(UserGroupInformation.java:1682)
	at org.apache.hadoop.hive.metastore.TUGIBasedProcessor.process(TUGIBasedProcessor.java:119)
	at org.apache.thrift.server.TThreadPoolServer$WorkerProcess.run(TThreadPoolServer.java:248)
	at java.util.concurrent.ThreadPoolExecutor.runWorker(ThreadPoolExecutor.java:1149)
	at java.util.concurrent.ThreadPoolExecutor$Worker.run(ThreadPoolExecutor.java:624)
	at java.lang.Thread.run(Thread.java:750)
NestedThrowablesStackTrace:
java.sql.BatchUpdateException: DELETE on table 'DBS' caused a violation of foreign key constraint 'TBLS_FK1' for key (31).  The statement has been rolled back.
	at org.apache.derby.impl.jdbc.EmbedStatement.executeLargeBatch(Unknown Source)
	at org.apache.derby.impl.jdbc.EmbedStatement.executeBatch(Unknown Source)
	at com.zaxxer.hikari.pool.ProxyStatement.executeBatch(ProxyStatement.java:128)
	at com.zaxxer.hikari.pool.HikariProxyPreparedStatement.executeBatch(HikariProxyPreparedStatement.java)
	at org.datanucleus.store.rdbms.ParamLoggingPreparedStatement.executeBatch(ParamLoggingPreparedStatement.java:366)
	at org.datanucleus.store.rdbms.SQLController.processConnectionStatement(SQLController.java:675)
	at org.datanucleus.store.rdbms.SQLController.processStatementsForConnection(SQLController.java:643)
	at org.datanucleus.store.rdbms.SQLController$1.transactionFlushed(SQLController.java:729)
	at org.datanucleus.store.connection.AbstractManagedConnection.transactionFlushed(AbstractManagedConnection.java:95)
	at org.datanucleus.store.connection.ConnectionManagerImpl$2.transactionFlushed(ConnectionManagerImpl.java:528)
	at org.datanucleus.TransactionImpl.flush(TransactionImpl.java:222)
	at org.datanucleus.ExecutionContextImpl.flushInternal(ExecutionContextImpl.java:4068)
	at org.datanucleus.ExecutionContextThreadedImpl.flushInternal(ExecutionContextThreadedImpl.java:448)
	at org.datanucleus.ExecutionContextImpl.flush(ExecutionContextImpl.java:4009)
	at org.datanucleus.ExecutionContextThreadedImpl.flush(ExecutionContextThreadedImpl.java:434)
	at org.datanucleus.api.jdo.JDOPersistenceManager.flush(JDOPersistenceManager.java:2064)
	at org.apache.hadoop.hive.metastore.ObjectStore.addNotificationEvent(ObjectStore.java:11639)
	at sun.reflect.GeneratedMethodAccessor68.invoke(Unknown Source)
	at sun.reflect.DelegatingMethodAccessorImpl.invoke(DelegatingMethodAccessorImpl.java:43)
	at java.lang.reflect.Method.invoke(Method.java:498)
	at org.apache.hadoop.hive.metastore.RawStoreProxy.invoke(RawStoreProxy.java:97)
	at com.sun.proxy.$Proxy32.addNotificationEvent(Unknown Source)
	at org.apache.hive.hcatalog.listener.DbNotificationListener.process(DbNotificationListener.java:1403)
	at org.apache.hive.hcatalog.listener.DbNotificationListener.onDropDatabase(DbNotificationListener.java:513)
	at org.apache.hadoop.hive.metastore.MetaStoreListenerNotifier$26.notify(MetaStoreListenerNotifier.java:99)
	at org.apache.hadoop.hive.metastore.MetaStoreListenerNotifier.notifyEvent(MetaStoreListenerNotifier.java:339)
	at org.apache.hadoop.hive.metastore.HMSHandler.drop_database_core(HMSHandler.java:1785)
	at org.apache.hadoop.hive.metastore.HMSHandler.drop_database(HMSHandler.java:1869)
	at sun.reflect.GeneratedMethodAccessor74.invoke(Unknown Source)
	at sun.reflect.DelegatingMethodAccessorImpl.invoke(DelegatingMethodAccessorImpl.java:43)
	at java.lang.reflect.Method.invoke(Method.java:498)
	at org.apache.hadoop.hive.metastore.RetryingHMSHandler.invokeInternal(RetryingHMSHandler.java:147)
	at org.apache.hadoop.hive.metastore.RetryingHMSHandler.invoke(RetryingHMSHandler.java:108)
	at com.sun.proxy.$Proxy34.drop_database(Unknown Source)
	at org.apache.hadoop.hive.metastore.api.ThriftHiveMetastore$Processor$drop_database.getResult(ThriftHiveMetastore.java:18285)
	at org.apache.hadoop.hive.metastore.api.ThriftHiveMetastore$Processor$drop_database.getResult(ThriftHiveMetastore.java:18264)
	at org.apache.thrift.ProcessFunction.process(ProcessFunction.java:38)
	at org.apache.hadoop.hive.metastore.TUGIBasedProcessor$1.run(TUGIBasedProcessor.java:111)
	at org.apache.hadoop.hive.metastore.TUGIBasedProcessor$1.run(TUGIBasedProcessor.java:107)
	at java.security.AccessController.doPrivileged(Native Method)
	at javax.security.auth.Subject.doAs(Subject.java:422)
	at org.apache.hadoop.security.UserGroupInformation.doAs(UserGroupInformation.java:1682)
	at org.apache.hadoop.hive.metastore.TUGIBasedProcessor.process(TUGIBasedProcessor.java:119)
	at org.apache.thrift.server.TThreadPoolServer$WorkerProcess.run(TThreadPoolServer.java:248)
	at java.util.concurrent.ThreadPoolExecutor.runWorker(ThreadPoolExecutor.java:1149)
	at java.util.concurrent.ThreadPoolExecutor$Worker.run(ThreadPoolExecutor.java:624)
	at java.lang.Thread.run(Thread.java:750)
Caused by: org.apache.derby.shared.common.error.DerbySQLIntegrityConstraintViolationException: DELETE on table 'DBS' caused a violation of foreign key constraint 'TBLS_FK1' for key (31).  The statement has been rolled back.
	at org.apache.derby.impl.jdbc.SQLExceptionFactory.getSQLException(Unknown Source)
	at org.apache.derby.impl.jdbc.Util.generateCsSQLException(Unknown Source)
	at org.apache.derby.impl.jdbc.TransactionResourceImpl.wrapInSQLException(Unknown Source)
	at org.apache.derby.impl.jdbc.TransactionResourceImpl.handleException(Unknown Source)
	at org.apache.derby.impl.jdbc.EmbedConnection.handleException(Unknown Source)
	at org.apache.derby.impl.jdbc.ConnectionChild.handleException(Unknown Source)
	at org.apache.derby.impl.jdbc.EmbedStatement.executeStatement(Unknown Source)
	at org.apache.derby.impl.jdbc.EmbedPreparedStatement.executeBatchElement(Unknown Source)
	... 47 more
Caused by: ERROR 23503: DELETE on table 'DBS' caused a violation of foreign key constraint 'TBLS_FK1' for key (31).  The statement has been rolled back.
	at org.apache.derby.iapi.error.StandardException.newException(Unknown Source)
	at org.apache.derby.iapi.error.StandardException.newException(Unknown Source)
	at org.apache.derby.impl.sql.execute.ReferencedKeyRIChecker.doCheck(Unknown Source)
	at org.apache.derby.impl.sql.execute.RISetChecker.doPKCheck(Unknown Source)
	at org.apache.derby.impl.sql.execute.DeleteResultSet.collectAffectedRows(Unknown Source)
	at org.apache.derby.impl.sql.execute.DeleteResultSet.open(Unknown Source)
	at org.apache.derby.impl.sql.GenericPreparedStatement.executeStmt(Unknown Source)
	at org.apache.derby.impl.sql.GenericPreparedStatement.execute(Unknown Source)
	... 49 more

2024-04-24T12:10:02,916  WARN [main] metastore.RetryingMetaStoreClient: MetaStoreClient lost connection. Attempting to reconnect (1 of 1) after 1s. dropDatabase
org.apache.hadoop.hive.metastore.api.MetaException: javax.jdo.JDODataStoreException: Exception thrown flushing changes to datastore
NestedThrowables:
java.sql.BatchUpdateException: DELETE on table 'DBS' caused a violation of foreign key constraint 'TBLS_FK1' for key (31).  The statement has been rolled back.
	at org.apache.hadoop.hive.metastore.api.ThriftHiveMetastore$drop_database_result$drop_database_resultStandardScheme.read(ThriftHiveMetastore.java:54495) ~[classes/:?]
	at org.apache.hadoop.hive.metastore.api.ThriftHiveMetastore$drop_database_result$drop_database_resultStandardScheme.read(ThriftHiveMetastore.java:54463) ~[classes/:?]
	at org.apache.hadoop.hive.metastore.api.ThriftHiveMetastore$drop_database_result.read(ThriftHiveMetastore.java:54397) ~[classes/:?]
	at org.apache.thrift.TServiceClient.receiveBase(TServiceClient.java:88) ~[libthrift-0.14.1.jar:0.14.1]
	at org.apache.hadoop.hive.metastore.api.ThriftHiveMetastore$Client.recv_drop_database(ThriftHiveMetastore.java:1404) ~[classes/:?]
	at org.apache.hadoop.hive.metastore.api.ThriftHiveMetastore$Client.drop_database(ThriftHiveMetastore.java:1389) ~[classes/:?]
	at org.apache.hadoop.hive.metastore.HiveMetaStoreClient.dropDatabaseCascadePerDb(HiveMetaStoreClient.java:1601) ~[classes/:?]
	at org.apache.hadoop.hive.metastore.HiveMetaStoreClient.dropDatabase(HiveMetaStoreClient.java:1532) ~[classes/:?]
	at org.apache.hadoop.hive.metastore.HiveMetaStoreClient.dropDatabase(HiveMetaStoreClient.java:1485) ~[classes/:?]
	at sun.reflect.GeneratedMethodAccessor358.invoke(Unknown Source) ~[?:?]
	at sun.reflect.DelegatingMethodAccessorImpl.invoke(DelegatingMethodAccessorImpl.java:43) ~[?:1.8.0_402]
	at java.lang.reflect.Method.invoke(Method.java:498) ~[?:1.8.0_402]
	at org.apache.hadoop.hive.metastore.RetryingMetaStoreClient.invoke(RetryingMetaStoreClient.java:214) [classes/:?]
	at com.sun.proxy.$Proxy35.dropDatabase(Unknown Source) [?:?]
	at org.apache.hive.hcatalog.api.HCatClientHMSImpl.dropDatabase(HCatClientHMSImpl.java:154) [classes/:?]
	at org.apache.hive.hcatalog.api.TestHCatClient.testUpdateTableSchema(TestHCatClient.java:555) [test-classes/:?]
	at sun.reflect.NativeMethodAccessorImpl.invoke0(Native Method) ~[?:1.8.0_402]
	at sun.reflect.NativeMethodAccessorImpl.invoke(NativeMethodAccessorImpl.java:62) ~[?:1.8.0_402]
	at sun.reflect.DelegatingMethodAccessorImpl.invoke(DelegatingMethodAccessorImpl.java:43) ~[?:1.8.0_402]
	at java.lang.reflect.Method.invoke(Method.java:498) ~[?:1.8.0_402]
	at org.junit.runners.model.FrameworkMethod$1.runReflectiveCall(FrameworkMethod.java:59) [junit-4.13.jar:4.13]
	at org.junit.internal.runners.model.ReflectiveCallable.run(ReflectiveCallable.java:12) [junit-4.13.jar:4.13]
	at org.junit.runners.model.FrameworkMethod.invokeExplosively(FrameworkMethod.java:56) [junit-4.13.jar:4.13]
	at org.junit.internal.runners.statements.InvokeMethod.evaluate(InvokeMethod.java:17) [junit-4.13.jar:4.13]
	at org.junit.runners.ParentRunner$3.evaluate(ParentRunner.java:306) [junit-4.13.jar:4.13]
	at org.junit.runners.BlockJUnit4ClassRunner$1.evaluate(BlockJUnit4ClassRunner.java:100) [junit-4.13.jar:4.13]
	at org.junit.runners.ParentRunner.runLeaf(ParentRunner.java:366) [junit-4.13.jar:4.13]
	at org.junit.runners.BlockJUnit4ClassRunner.runChild(BlockJUnit4ClassRunner.java:103) [junit-4.13.jar:4.13]
	at org.junit.runners.BlockJUnit4ClassRunner.runChild(BlockJUnit4ClassRunner.java:63) [junit-4.13.jar:4.13]
	at org.junit.runners.ParentRunner$4.run(ParentRunner.java:331) [junit-4.13.jar:4.13]
	at org.junit.runners.ParentRunner$1.schedule(ParentRunner.java:79) [junit-4.13.jar:4.13]
	at org.junit.runners.ParentRunner.runChildren(ParentRunner.java:329) [junit-4.13.jar:4.13]
	at org.junit.runners.ParentRunner.access$100(ParentRunner.java:66) [junit-4.13.jar:4.13]
	at org.junit.runners.ParentRunner$2.evaluate(ParentRunner.java:293) [junit-4.13.jar:4.13]
	at org.junit.internal.runners.statements.RunBefores.evaluate(RunBefores.java:26) [junit-4.13.jar:4.13]
	at org.junit.internal.runners.statements.RunAfters.evaluate(RunAfters.java:27) [junit-4.13.jar:4.13]
	at org.junit.runners.ParentRunner$3.evaluate(ParentRunner.java:306) [junit-4.13.jar:4.13]
	at org.junit.runners.ParentRunner.run(ParentRunner.java:413) [junit-4.13.jar:4.13]
	at org.junit.runners.Suite.runChild(Suite.java:128) [junit-4.13.jar:4.13]
	at org.junit.runners.Suite.runChild(Suite.java:27) [junit-4.13.jar:4.13]
	at org.junit.runners.ParentRunner$4.run(ParentRunner.java:331) [junit-4.13.jar:4.13]
	at org.junit.runners.ParentRunner$1.schedule(ParentRunner.java:79) [junit-4.13.jar:4.13]
	at org.junit.runners.ParentRunner.runChildren(ParentRunner.java:329) [junit-4.13.jar:4.13]
	at org.junit.runners.ParentRunner.access$100(ParentRunner.java:66) [junit-4.13.jar:4.13]
	at org.junit.runners.ParentRunner$2.evaluate(ParentRunner.java:293) [junit-4.13.jar:4.13]
	at org.junit.runners.ParentRunner$3.evaluate(ParentRunner.java:306) [junit-4.13.jar:4.13]
	at org.junit.runners.ParentRunner.run(ParentRunner.java:413) [junit-4.13.jar:4.13]
	at org.apache.maven.surefire.junitcore.JUnitCore.run(JUnitCore.java:55) [surefire-junit47-3.0.0-M4.jar:3.0.0-M4]
	at org.apache.maven.surefire.junitcore.JUnitCoreWrapper.createRequestAndRun(JUnitCoreWrapper.java:137) [surefire-junit47-3.0.0-M4.jar:3.0.0-M4]
	at org.apache.maven.surefire.junitcore.JUnitCoreWrapper.executeEager(JUnitCoreWrapper.java:107) [surefire-junit47-3.0.0-M4.jar:3.0.0-M4]
	at org.apache.maven.surefire.junitcore.JUnitCoreWrapper.execute(JUnitCoreWrapper.java:83) [surefire-junit47-3.0.0-M4.jar:3.0.0-M4]
	at org.apache.maven.surefire.junitcore.JUnitCoreWrapper.execute(JUnitCoreWrapper.java:75) [surefire-junit47-3.0.0-M4.jar:3.0.0-M4]
	at org.apache.maven.surefire.junitcore.JUnitCoreProvider.invoke(JUnitCoreProvider.java:158) [surefire-junit47-3.0.0-M4.jar:3.0.0-M4]
	at org.apache.maven.surefire.booter.ForkedBooter.runSuitesInProcess(ForkedBooter.java:377) [surefire-booter-3.0.0-M4.jar:3.0.0-M4]
	at org.apache.maven.surefire.booter.ForkedBooter.execute(ForkedBooter.java:138) [surefire-booter-3.0.0-M4.jar:3.0.0-M4]
	at org.apache.maven.surefire.booter.ForkedBooter.run(ForkedBooter.java:465) [surefire-booter-3.0.0-M4.jar:3.0.0-M4]
	at org.apache.maven.surefire.booter.ForkedBooter.main(ForkedBooter.java:451) [surefire-booter-3.0.0-M4.jar:3.0.0-M4]
2024-04-24T12:10:03,919  INFO [main] metastore.RetryingMetaStoreClient: RetryingMetaStoreClient trying reconnect as alex (auth:SIMPLE)
2024-04-24T12:10:03,920  INFO [main] metastore.HiveMetaStoreClient: Trying to connect to metastore with URI (thrift://localhost:34727)
2024-04-24T12:10:03,920  INFO [main] metastore.HiveMetaStoreClient: Opened a connection to metastore, URI (thrift://localhost:34727) current connections: 6
2024-04-24T12:10:03,923  INFO [TThreadPoolServer WorkerProcess-%d] HiveMetaStore.audit: ugi=alex	ip=127.0.0.1	cmd=source:127.0.0.1 get_database: testUpdateTableSchema_DBName	
2024-04-24T12:10:03,925  INFO [TThreadPoolServer WorkerProcess-%d] metastore.HMSHandler: 14: Opening raw store with implementation class:org.apache.hadoop.hive.metastore.ObjectStore
2024-04-24T12:10:03,927  INFO [TThreadPoolServer WorkerProcess-%d] metastore.ObjectStore: RawStore: org.apache.hadoop.hive.metastore.ObjectStore@1e195a22, with PersistenceManager: null will be shutdown
2024-04-24T12:10:03,928  INFO [TThreadPoolServer WorkerProcess-%d] metastore.ObjectStore: RawStore: org.apache.hadoop.hive.metastore.ObjectStore@1e195a22, with PersistenceManager: org.datanucleus.api.jdo.JDOPersistenceManager@529404a8 created in the thread with id: 221
2024-04-24T12:10:03,941  INFO [TThreadPoolServer WorkerProcess-%d] metastore.HMSHandler: Created RawStore: org.apache.hadoop.hive.metastore.ObjectStore@1e195a22 from thread id: 221
2024-04-24T12:10:03,944  INFO [TThreadPoolServer WorkerProcess-%d] HiveMetaStore.audit: ugi=alex	ip=127.0.0.1	cmd=source:127.0.0.1 get_tables_by_type: db=@hive#testUpdateTableSchema_DBName pat=.*,type=MATERIALIZED_VIEW	
2024-04-24T12:10:03,944  INFO [TThreadPoolServer WorkerProcess-%d] HiveMetaStore.audit: ugi=alex	ip=127.0.0.1	cmd=source:127.0.0.1 getTablesByTypeCore: catName=hive: db=testUpdateTableSchema_DBName pat=.*,type=MATERIALIZED_VIEW	
2024-04-24T12:10:03,949  INFO [TThreadPoolServer WorkerProcess-%d] HiveMetaStore.audit: ugi=alex	ip=127.0.0.1	cmd=source:127.0.0.1 get_all_tables: db=@hive#testUpdateTableSchema_DBName	
2024-04-24T12:10:03,955  INFO [TThreadPoolServer WorkerProcess-%d] HiveMetaStore.audit: ugi=alex	ip=127.0.0.1	cmd=source:127.0.0.1 get_multi_table : db=testUpdateTableSchema_DBName tbls=testupdatetableschema_tablename	
2024-04-24T12:10:03,958  INFO [TThreadPoolServer WorkerProcess-%d] HiveMetaStore.audit: ugi=alex	ip=127.0.0.1	cmd=source:127.0.0.1 drop_database: @hive#testUpdateTableSchema_DBName	
2024-04-24T12:10:03,958  INFO [TThreadPoolServer WorkerProcess-%d] HiveMetaStore.audit: ugi=alex	ip=127.0.0.1	cmd=source:127.0.0.1 get_all_tables: db=@hive#testUpdateTableSchema_DBName	
2024-04-24T12:10:03,959  INFO [TThreadPoolServer WorkerProcess-%d] HiveMetaStore.audit: ugi=alex	ip=127.0.0.1	cmd=source:127.0.0.1 get_functions: db=@hive#testUpdateTableSchema_DBName pat=*	
2024-04-24T12:10:03,960  INFO [TThreadPoolServer WorkerProcess-%d] HiveMetaStore.audit: ugi=alex	ip=127.0.0.1	cmd=source:127.0.0.1 get_all_stored_procedures	
2024-04-24T12:10:03,961  INFO [TThreadPoolServer WorkerProcess-%d] HiveMetaStore.audit: ugi=alex	ip=127.0.0.1	cmd=source:127.0.0.1 get_all_packages	
2024-04-24T12:10:03,962  INFO [TThreadPoolServer WorkerProcess-%d] HiveMetaStore.audit: ugi=alex	ip=127.0.0.1	cmd=source:127.0.0.1 getTablesByTypeCore: catName=hive: db=testUpdateTableSchema_DBName pat=.*,type=MATERIALIZED_VIEW	
2024-04-24T12:10:03,964  INFO [TThreadPoolServer WorkerProcess-%d] metastore.ObjectStore: Dropping database hive.testUpdateTableSchema_DBName along with all tables
2024-04-24T12:10:03,968 ERROR [TThreadPoolServer WorkerProcess-%d] metastore.RetryingHMSHandler: Retrying HMSHandler after 2000 ms (attempt 1 of 10) with error: javax.jdo.JDODataStoreException: Exception thrown flushing changes to datastore
	at org.datanucleus.api.jdo.NucleusJDOHelper.getJDOExceptionForNucleusException(NucleusJDOHelper.java:542)
	at org.datanucleus.api.jdo.JDOPersistenceManager.flush(JDOPersistenceManager.java:2081)
	at org.apache.hadoop.hive.metastore.ObjectStore.addNotificationEvent(ObjectStore.java:11639)
	at sun.reflect.GeneratedMethodAccessor68.invoke(Unknown Source)
	at sun.reflect.DelegatingMethodAccessorImpl.invoke(DelegatingMethodAccessorImpl.java:43)
	at java.lang.reflect.Method.invoke(Method.java:498)
	at org.apache.hadoop.hive.metastore.RawStoreProxy.invoke(RawStoreProxy.java:97)
	at com.sun.proxy.$Proxy32.addNotificationEvent(Unknown Source)
	at org.apache.hive.hcatalog.listener.DbNotificationListener.process(DbNotificationListener.java:1403)
	at org.apache.hive.hcatalog.listener.DbNotificationListener.onDropDatabase(DbNotificationListener.java:513)
	at org.apache.hadoop.hive.metastore.MetaStoreListenerNotifier$26.notify(MetaStoreListenerNotifier.java:99)
	at org.apache.hadoop.hive.metastore.MetaStoreListenerNotifier.notifyEvent(MetaStoreListenerNotifier.java:339)
	at org.apache.hadoop.hive.metastore.HMSHandler.drop_database_core(HMSHandler.java:1785)
	at org.apache.hadoop.hive.metastore.HMSHandler.drop_database(HMSHandler.java:1869)
	at sun.reflect.GeneratedMethodAccessor74.invoke(Unknown Source)
	at sun.reflect.DelegatingMethodAccessorImpl.invoke(DelegatingMethodAccessorImpl.java:43)
	at java.lang.reflect.Method.invoke(Method.java:498)
	at org.apache.hadoop.hive.metastore.RetryingHMSHandler.invokeInternal(RetryingHMSHandler.java:147)
	at org.apache.hadoop.hive.metastore.RetryingHMSHandler.invoke(RetryingHMSHandler.java:108)
	at com.sun.proxy.$Proxy34.drop_database(Unknown Source)
	at org.apache.hadoop.hive.metastore.api.ThriftHiveMetastore$Processor$drop_database.getResult(ThriftHiveMetastore.java:18285)
	at org.apache.hadoop.hive.metastore.api.ThriftHiveMetastore$Processor$drop_database.getResult(ThriftHiveMetastore.java:18264)
	at org.apache.thrift.ProcessFunction.process(ProcessFunction.java:38)
	at org.apache.hadoop.hive.metastore.TUGIBasedProcessor$1.run(TUGIBasedProcessor.java:111)
	at org.apache.hadoop.hive.metastore.TUGIBasedProcessor$1.run(TUGIBasedProcessor.java:107)
	at java.security.AccessController.doPrivileged(Native Method)
	at javax.security.auth.Subject.doAs(Subject.java:422)
	at org.apache.hadoop.security.UserGroupInformation.doAs(UserGroupInformation.java:1682)
	at org.apache.hadoop.hive.metastore.TUGIBasedProcessor.process(TUGIBasedProcessor.java:119)
	at org.apache.thrift.server.TThreadPoolServer$WorkerProcess.run(TThreadPoolServer.java:248)
	at java.util.concurrent.ThreadPoolExecutor.runWorker(ThreadPoolExecutor.java:1149)
	at java.util.concurrent.ThreadPoolExecutor$Worker.run(ThreadPoolExecutor.java:624)
	at java.lang.Thread.run(Thread.java:750)
NestedThrowablesStackTrace:
java.sql.BatchUpdateException: DELETE on table 'DBS' caused a violation of foreign key constraint 'TBLS_FK1' for key (31).  The statement has been rolled back.
	at org.apache.derby.impl.jdbc.EmbedStatement.executeLargeBatch(Unknown Source)
	at org.apache.derby.impl.jdbc.EmbedStatement.executeBatch(Unknown Source)
	at com.zaxxer.hikari.pool.ProxyStatement.executeBatch(ProxyStatement.java:128)
	at com.zaxxer.hikari.pool.HikariProxyPreparedStatement.executeBatch(HikariProxyPreparedStatement.java)
	at org.datanucleus.store.rdbms.ParamLoggingPreparedStatement.executeBatch(ParamLoggingPreparedStatement.java:366)
	at org.datanucleus.store.rdbms.SQLController.processConnectionStatement(SQLController.java:675)
	at org.datanucleus.store.rdbms.SQLController.processStatementsForConnection(SQLController.java:643)
	at org.datanucleus.store.rdbms.SQLController$1.transactionFlushed(SQLController.java:729)
	at org.datanucleus.store.connection.AbstractManagedConnection.transactionFlushed(AbstractManagedConnection.java:95)
	at org.datanucleus.store.connection.ConnectionManagerImpl$2.transactionFlushed(ConnectionManagerImpl.java:528)
	at org.datanucleus.TransactionImpl.flush(TransactionImpl.java:222)
	at org.datanucleus.ExecutionContextImpl.flushInternal(ExecutionContextImpl.java:4068)
	at org.datanucleus.ExecutionContextThreadedImpl.flushInternal(ExecutionContextThreadedImpl.java:448)
	at org.datanucleus.ExecutionContextImpl.flush(ExecutionContextImpl.java:4009)
	at org.datanucleus.ExecutionContextThreadedImpl.flush(ExecutionContextThreadedImpl.java:434)
	at org.datanucleus.api.jdo.JDOPersistenceManager.flush(JDOPersistenceManager.java:2064)
	at org.apache.hadoop.hive.metastore.ObjectStore.addNotificationEvent(ObjectStore.java:11639)
	at sun.reflect.GeneratedMethodAccessor68.invoke(Unknown Source)
	at sun.reflect.DelegatingMethodAccessorImpl.invoke(DelegatingMethodAccessorImpl.java:43)
	at java.lang.reflect.Method.invoke(Method.java:498)
	at org.apache.hadoop.hive.metastore.RawStoreProxy.invoke(RawStoreProxy.java:97)
	at com.sun.proxy.$Proxy32.addNotificationEvent(Unknown Source)
	at org.apache.hive.hcatalog.listener.DbNotificationListener.process(DbNotificationListener.java:1403)
	at org.apache.hive.hcatalog.listener.DbNotificationListener.onDropDatabase(DbNotificationListener.java:513)
	at org.apache.hadoop.hive.metastore.MetaStoreListenerNotifier$26.notify(MetaStoreListenerNotifier.java:99)
	at org.apache.hadoop.hive.metastore.MetaStoreListenerNotifier.notifyEvent(MetaStoreListenerNotifier.java:339)
	at org.apache.hadoop.hive.metastore.HMSHandler.drop_database_core(HMSHandler.java:1785)
	at org.apache.hadoop.hive.metastore.HMSHandler.drop_database(HMSHandler.java:1869)
	at sun.reflect.GeneratedMethodAccessor74.invoke(Unknown Source)
	at sun.reflect.DelegatingMethodAccessorImpl.invoke(DelegatingMethodAccessorImpl.java:43)
	at java.lang.reflect.Method.invoke(Method.java:498)
	at org.apache.hadoop.hive.metastore.RetryingHMSHandler.invokeInternal(RetryingHMSHandler.java:147)
	at org.apache.hadoop.hive.metastore.RetryingHMSHandler.invoke(RetryingHMSHandler.java:108)
	at com.sun.proxy.$Proxy34.drop_database(Unknown Source)
	at org.apache.hadoop.hive.metastore.api.ThriftHiveMetastore$Processor$drop_database.getResult(ThriftHiveMetastore.java:18285)
	at org.apache.hadoop.hive.metastore.api.ThriftHiveMetastore$Processor$drop_database.getResult(ThriftHiveMetastore.java:18264)
	at org.apache.thrift.ProcessFunction.process(ProcessFunction.java:38)
	at org.apache.hadoop.hive.metastore.TUGIBasedProcessor$1.run(TUGIBasedProcessor.java:111)
	at org.apache.hadoop.hive.metastore.TUGIBasedProcessor$1.run(TUGIBasedProcessor.java:107)
	at java.security.AccessController.doPrivileged(Native Method)
	at javax.security.auth.Subject.doAs(Subject.java:422)
	at org.apache.hadoop.security.UserGroupInformation.doAs(UserGroupInformation.java:1682)
	at org.apache.hadoop.hive.metastore.TUGIBasedProcessor.process(TUGIBasedProcessor.java:119)
	at org.apache.thrift.server.TThreadPoolServer$WorkerProcess.run(TThreadPoolServer.java:248)
	at java.util.concurrent.ThreadPoolExecutor.runWorker(ThreadPoolExecutor.java:1149)
	at java.util.concurrent.ThreadPoolExecutor$Worker.run(ThreadPoolExecutor.java:624)
	at java.lang.Thread.run(Thread.java:750)
Caused by: org.apache.derby.shared.common.error.DerbySQLIntegrityConstraintViolationException: DELETE on table 'DBS' caused a violation of foreign key constraint 'TBLS_FK1' for key (31).  The statement has been rolled back.
	at org.apache.derby.impl.jdbc.SQLExceptionFactory.getSQLException(Unknown Source)
	at org.apache.derby.impl.jdbc.Util.generateCsSQLException(Unknown Source)
	at org.apache.derby.impl.jdbc.TransactionResourceImpl.wrapInSQLException(Unknown Source)
	at org.apache.derby.impl.jdbc.TransactionResourceImpl.handleException(Unknown Source)
	at org.apache.derby.impl.jdbc.EmbedConnection.handleException(Unknown Source)
	at org.apache.derby.impl.jdbc.ConnectionChild.handleException(Unknown Source)
	at org.apache.derby.impl.jdbc.EmbedStatement.executeStatement(Unknown Source)
	at org.apache.derby.impl.jdbc.EmbedPreparedStatement.executeBatchElement(Unknown Source)
	... 47 more
Caused by: ERROR 23503: DELETE on table 'DBS' caused a violation of foreign key constraint 'TBLS_FK1' for key (31).  The statement has been rolled back.
	at org.apache.derby.iapi.error.StandardException.newException(Unknown Source)
	at org.apache.derby.iapi.error.StandardException.newException(Unknown Source)
	at org.apache.derby.impl.sql.execute.ReferencedKeyRIChecker.doCheck(Unknown Source)
	at org.apache.derby.impl.sql.execute.RISetChecker.doPKCheck(Unknown Source)
	at org.apache.derby.impl.sql.execute.DeleteResultSet.collectAffectedRows(Unknown Source)
	at org.apache.derby.impl.sql.execute.DeleteResultSet.open(Unknown Source)
	at org.apache.derby.impl.sql.GenericPreparedStatement.executeStmt(Unknown Source)
	at org.apache.derby.impl.sql.GenericPreparedStatement.execute(Unknown Source)
	... 49 more

2024-04-24T12:10:05,969  INFO [TThreadPoolServer WorkerProcess-%d] HiveMetaStore.audit: ugi=alex	ip=127.0.0.1	cmd=source:127.0.0.1 drop_database: @hive#testUpdateTableSchema_DBName	
2024-04-24T12:10:05,971  INFO [TThreadPoolServer WorkerProcess-%d] HiveMetaStore.audit: ugi=alex	ip=127.0.0.1	cmd=source:127.0.0.1 get_all_tables: db=@hive#testUpdateTableSchema_DBName	
2024-04-24T12:10:05,973  INFO [TThreadPoolServer WorkerProcess-%d] HiveMetaStore.audit: ugi=alex	ip=127.0.0.1	cmd=source:127.0.0.1 get_functions: db=@hive#testUpdateTableSchema_DBName pat=*	
2024-04-24T12:10:05,974  INFO [TThreadPoolServer WorkerProcess-%d] HiveMetaStore.audit: ugi=alex	ip=127.0.0.1	cmd=source:127.0.0.1 get_all_stored_procedures	
2024-04-24T12:10:05,975  INFO [TThreadPoolServer WorkerProcess-%d] HiveMetaStore.audit: ugi=alex	ip=127.0.0.1	cmd=source:127.0.0.1 get_all_packages	
2024-04-24T12:10:05,975  INFO [TThreadPoolServer WorkerProcess-%d] HiveMetaStore.audit: ugi=alex	ip=127.0.0.1	cmd=source:127.0.0.1 getTablesByTypeCore: catName=hive: db=testUpdateTableSchema_DBName pat=.*,type=MATERIALIZED_VIEW	
2024-04-24T12:10:05,977  INFO [TThreadPoolServer WorkerProcess-%d] metastore.ObjectStore: Dropping database hive.testUpdateTableSchema_DBName along with all tables
2024-04-24T12:10:05,980 ERROR [TThreadPoolServer WorkerProcess-%d] metastore.RetryingHMSHandler: Retrying HMSHandler after 2000 ms (attempt 2 of 10) with error: javax.jdo.JDODataStoreException: Exception thrown flushing changes to datastore
	at org.datanucleus.api.jdo.NucleusJDOHelper.getJDOExceptionForNucleusException(NucleusJDOHelper.java:542)
	at org.datanucleus.api.jdo.JDOPersistenceManager.flush(JDOPersistenceManager.java:2081)
	at org.apache.hadoop.hive.metastore.ObjectStore.addNotificationEvent(ObjectStore.java:11639)
	at sun.reflect.GeneratedMethodAccessor68.invoke(Unknown Source)
	at sun.reflect.DelegatingMethodAccessorImpl.invoke(DelegatingMethodAccessorImpl.java:43)
	at java.lang.reflect.Method.invoke(Method.java:498)
	at org.apache.hadoop.hive.metastore.RawStoreProxy.invoke(RawStoreProxy.java:97)
	at com.sun.proxy.$Proxy32.addNotificationEvent(Unknown Source)
	at org.apache.hive.hcatalog.listener.DbNotificationListener.process(DbNotificationListener.java:1403)
	at org.apache.hive.hcatalog.listener.DbNotificationListener.onDropDatabase(DbNotificationListener.java:513)
	at org.apache.hadoop.hive.metastore.MetaStoreListenerNotifier$26.notify(MetaStoreListenerNotifier.java:99)
	at org.apache.hadoop.hive.metastore.MetaStoreListenerNotifier.notifyEvent(MetaStoreListenerNotifier.java:339)
	at org.apache.hadoop.hive.metastore.HMSHandler.drop_database_core(HMSHandler.java:1785)
	at org.apache.hadoop.hive.metastore.HMSHandler.drop_database(HMSHandler.java:1869)
	at sun.reflect.GeneratedMethodAccessor74.invoke(Unknown Source)
	at sun.reflect.DelegatingMethodAccessorImpl.invoke(DelegatingMethodAccessorImpl.java:43)
	at java.lang.reflect.Method.invoke(Method.java:498)
	at org.apache.hadoop.hive.metastore.RetryingHMSHandler.invokeInternal(RetryingHMSHandler.java:147)
	at org.apache.hadoop.hive.metastore.RetryingHMSHandler.invoke(RetryingHMSHandler.java:108)
	at com.sun.proxy.$Proxy34.drop_database(Unknown Source)
	at org.apache.hadoop.hive.metastore.api.ThriftHiveMetastore$Processor$drop_database.getResult(ThriftHiveMetastore.java:18285)
	at org.apache.hadoop.hive.metastore.api.ThriftHiveMetastore$Processor$drop_database.getResult(ThriftHiveMetastore.java:18264)
	at org.apache.thrift.ProcessFunction.process(ProcessFunction.java:38)
	at org.apache.hadoop.hive.metastore.TUGIBasedProcessor$1.run(TUGIBasedProcessor.java:111)
	at org.apache.hadoop.hive.metastore.TUGIBasedProcessor$1.run(TUGIBasedProcessor.java:107)
	at java.security.AccessController.doPrivileged(Native Method)
	at javax.security.auth.Subject.doAs(Subject.java:422)
	at org.apache.hadoop.security.UserGroupInformation.doAs(UserGroupInformation.java:1682)
	at org.apache.hadoop.hive.metastore.TUGIBasedProcessor.process(TUGIBasedProcessor.java:119)
	at org.apache.thrift.server.TThreadPoolServer$WorkerProcess.run(TThreadPoolServer.java:248)
	at java.util.concurrent.ThreadPoolExecutor.runWorker(ThreadPoolExecutor.java:1149)
	at java.util.concurrent.ThreadPoolExecutor$Worker.run(ThreadPoolExecutor.java:624)
	at java.lang.Thread.run(Thread.java:750)
NestedThrowablesStackTrace:
java.sql.BatchUpdateException: DELETE on table 'DBS' caused a violation of foreign key constraint 'TBLS_FK1' for key (31).  The statement has been rolled back.
	at org.apache.derby.impl.jdbc.EmbedStatement.executeLargeBatch(Unknown Source)
	at org.apache.derby.impl.jdbc.EmbedStatement.executeBatch(Unknown Source)
	at com.zaxxer.hikari.pool.ProxyStatement.executeBatch(ProxyStatement.java:128)
	at com.zaxxer.hikari.pool.HikariProxyPreparedStatement.executeBatch(HikariProxyPreparedStatement.java)
	at org.datanucleus.store.rdbms.ParamLoggingPreparedStatement.executeBatch(ParamLoggingPreparedStatement.java:366)
	at org.datanucleus.store.rdbms.SQLController.processConnectionStatement(SQLController.java:675)
	at org.datanucleus.store.rdbms.SQLController.processStatementsForConnection(SQLController.java:643)
	at org.datanucleus.store.rdbms.SQLController$1.transactionFlushed(SQLController.java:729)
	at org.datanucleus.store.connection.AbstractManagedConnection.transactionFlushed(AbstractManagedConnection.java:95)
	at org.datanucleus.store.connection.ConnectionManagerImpl$2.transactionFlushed(ConnectionManagerImpl.java:528)
	at org.datanucleus.TransactionImpl.flush(TransactionImpl.java:222)
	at org.datanucleus.ExecutionContextImpl.flushInternal(ExecutionContextImpl.java:4068)
	at org.datanucleus.ExecutionContextThreadedImpl.flushInternal(ExecutionContextThreadedImpl.java:448)
	at org.datanucleus.ExecutionContextImpl.flush(ExecutionContextImpl.java:4009)
	at org.datanucleus.ExecutionContextThreadedImpl.flush(ExecutionContextThreadedImpl.java:434)
	at org.datanucleus.api.jdo.JDOPersistenceManager.flush(JDOPersistenceManager.java:2064)
	at org.apache.hadoop.hive.metastore.ObjectStore.addNotificationEvent(ObjectStore.java:11639)
	at sun.reflect.GeneratedMethodAccessor68.invoke(Unknown Source)
	at sun.reflect.DelegatingMethodAccessorImpl.invoke(DelegatingMethodAccessorImpl.java:43)
	at java.lang.reflect.Method.invoke(Method.java:498)
	at org.apache.hadoop.hive.metastore.RawStoreProxy.invoke(RawStoreProxy.java:97)
	at com.sun.proxy.$Proxy32.addNotificationEvent(Unknown Source)
	at org.apache.hive.hcatalog.listener.DbNotificationListener.process(DbNotificationListener.java:1403)
	at org.apache.hive.hcatalog.listener.DbNotificationListener.onDropDatabase(DbNotificationListener.java:513)
	at org.apache.hadoop.hive.metastore.MetaStoreListenerNotifier$26.notify(MetaStoreListenerNotifier.java:99)
	at org.apache.hadoop.hive.metastore.MetaStoreListenerNotifier.notifyEvent(MetaStoreListenerNotifier.java:339)
	at org.apache.hadoop.hive.metastore.HMSHandler.drop_database_core(HMSHandler.java:1785)
	at org.apache.hadoop.hive.metastore.HMSHandler.drop_database(HMSHandler.java:1869)
	at sun.reflect.GeneratedMethodAccessor74.invoke(Unknown Source)
	at sun.reflect.DelegatingMethodAccessorImpl.invoke(DelegatingMethodAccessorImpl.java:43)
	at java.lang.reflect.Method.invoke(Method.java:498)
	at org.apache.hadoop.hive.metastore.RetryingHMSHandler.invokeInternal(RetryingHMSHandler.java:147)
	at org.apache.hadoop.hive.metastore.RetryingHMSHandler.invoke(RetryingHMSHandler.java:108)
	at com.sun.proxy.$Proxy34.drop_database(Unknown Source)
	at org.apache.hadoop.hive.metastore.api.ThriftHiveMetastore$Processor$drop_database.getResult(ThriftHiveMetastore.java:18285)
	at org.apache.hadoop.hive.metastore.api.ThriftHiveMetastore$Processor$drop_database.getResult(ThriftHiveMetastore.java:18264)
	at org.apache.thrift.ProcessFunction.process(ProcessFunction.java:38)
	at org.apache.hadoop.hive.metastore.TUGIBasedProcessor$1.run(TUGIBasedProcessor.java:111)
	at org.apache.hadoop.hive.metastore.TUGIBasedProcessor$1.run(TUGIBasedProcessor.java:107)
	at java.security.AccessController.doPrivileged(Native Method)
	at javax.security.auth.Subject.doAs(Subject.java:422)
	at org.apache.hadoop.security.UserGroupInformation.doAs(UserGroupInformation.java:1682)
	at org.apache.hadoop.hive.metastore.TUGIBasedProcessor.process(TUGIBasedProcessor.java:119)
	at org.apache.thrift.server.TThreadPoolServer$WorkerProcess.run(TThreadPoolServer.java:248)
	at java.util.concurrent.ThreadPoolExecutor.runWorker(ThreadPoolExecutor.java:1149)
	at java.util.concurrent.ThreadPoolExecutor$Worker.run(ThreadPoolExecutor.java:624)
	at java.lang.Thread.run(Thread.java:750)
Caused by: org.apache.derby.shared.common.error.DerbySQLIntegrityConstraintViolationException: DELETE on table 'DBS' caused a violation of foreign key constraint 'TBLS_FK1' for key (31).  The statement has been rolled back.
	at org.apache.derby.impl.jdbc.SQLExceptionFactory.getSQLException(Unknown Source)
	at org.apache.derby.impl.jdbc.Util.generateCsSQLException(Unknown Source)
	at org.apache.derby.impl.jdbc.TransactionResourceImpl.wrapInSQLException(Unknown Source)
	at org.apache.derby.impl.jdbc.TransactionResourceImpl.handleException(Unknown Source)
	at org.apache.derby.impl.jdbc.EmbedConnection.handleException(Unknown Source)
	at org.apache.derby.impl.jdbc.ConnectionChild.handleException(Unknown Source)
	at org.apache.derby.impl.jdbc.EmbedStatement.executeStatement(Unknown Source)
	at org.apache.derby.impl.jdbc.EmbedPreparedStatement.executeBatchElement(Unknown Source)
	... 47 more
Caused by: ERROR 23503: DELETE on table 'DBS' caused a violation of foreign key constraint 'TBLS_FK1' for key (31).  The statement has been rolled back.
	at org.apache.derby.iapi.error.StandardException.newException(Unknown Source)
	at org.apache.derby.iapi.error.StandardException.newException(Unknown Source)
	at org.apache.derby.impl.sql.execute.ReferencedKeyRIChecker.doCheck(Unknown Source)
	at org.apache.derby.impl.sql.execute.RISetChecker.doPKCheck(Unknown Source)
	at org.apache.derby.impl.sql.execute.DeleteResultSet.collectAffectedRows(Unknown Source)
	at org.apache.derby.impl.sql.execute.DeleteResultSet.open(Unknown Source)
	at org.apache.derby.impl.sql.GenericPreparedStatement.executeStmt(Unknown Source)
	at org.apache.derby.impl.sql.GenericPreparedStatement.execute(Unknown Source)
	... 49 more

2024-04-24T12:10:07,981  INFO [TThreadPoolServer WorkerProcess-%d] HiveMetaStore.audit: ugi=alex	ip=127.0.0.1	cmd=source:127.0.0.1 drop_database: @hive#testUpdateTableSchema_DBName	
2024-04-24T12:10:07,983  INFO [TThreadPoolServer WorkerProcess-%d] HiveMetaStore.audit: ugi=alex	ip=127.0.0.1	cmd=source:127.0.0.1 get_all_tables: db=@hive#testUpdateTableSchema_DBName	
2024-04-24T12:10:07,985  INFO [TThreadPoolServer WorkerProcess-%d] HiveMetaStore.audit: ugi=alex	ip=127.0.0.1	cmd=source:127.0.0.1 get_functions: db=@hive#testUpdateTableSchema_DBName pat=*	
2024-04-24T12:10:07,986  INFO [TThreadPoolServer WorkerProcess-%d] HiveMetaStore.audit: ugi=alex	ip=127.0.0.1	cmd=source:127.0.0.1 get_all_stored_procedures	
2024-04-24T12:10:07,986  INFO [TThreadPoolServer WorkerProcess-%d] HiveMetaStore.audit: ugi=alex	ip=127.0.0.1	cmd=source:127.0.0.1 get_all_packages	
2024-04-24T12:10:07,987  INFO [TThreadPoolServer WorkerProcess-%d] HiveMetaStore.audit: ugi=alex	ip=127.0.0.1	cmd=source:127.0.0.1 getTablesByTypeCore: catName=hive: db=testUpdateTableSchema_DBName pat=.*,type=MATERIALIZED_VIEW	
2024-04-24T12:10:07,989  INFO [TThreadPoolServer WorkerProcess-%d] metastore.ObjectStore: Dropping database hive.testUpdateTableSchema_DBName along with all tables
2024-04-24T12:10:07,992 ERROR [TThreadPoolServer WorkerProcess-%d] metastore.RetryingHMSHandler: Retrying HMSHandler after 2000 ms (attempt 3 of 10) with error: javax.jdo.JDODataStoreException: Exception thrown flushing changes to datastore
	at org.datanucleus.api.jdo.NucleusJDOHelper.getJDOExceptionForNucleusException(NucleusJDOHelper.java:542)
	at org.datanucleus.api.jdo.JDOPersistenceManager.flush(JDOPersistenceManager.java:2081)
	at org.apache.hadoop.hive.metastore.ObjectStore.addNotificationEvent(ObjectStore.java:11639)
	at sun.reflect.GeneratedMethodAccessor68.invoke(Unknown Source)
	at sun.reflect.DelegatingMethodAccessorImpl.invoke(DelegatingMethodAccessorImpl.java:43)
	at java.lang.reflect.Method.invoke(Method.java:498)
	at org.apache.hadoop.hive.metastore.RawStoreProxy.invoke(RawStoreProxy.java:97)
	at com.sun.proxy.$Proxy32.addNotificationEvent(Unknown Source)
	at org.apache.hive.hcatalog.listener.DbNotificationListener.process(DbNotificationListener.java:1403)
	at org.apache.hive.hcatalog.listener.DbNotificationListener.onDropDatabase(DbNotificationListener.java:513)
	at org.apache.hadoop.hive.metastore.MetaStoreListenerNotifier$26.notify(MetaStoreListenerNotifier.java:99)
	at org.apache.hadoop.hive.metastore.MetaStoreListenerNotifier.notifyEvent(MetaStoreListenerNotifier.java:339)
	at org.apache.hadoop.hive.metastore.HMSHandler.drop_database_core(HMSHandler.java:1785)
	at org.apache.hadoop.hive.metastore.HMSHandler.drop_database(HMSHandler.java:1869)
	at sun.reflect.GeneratedMethodAccessor74.invoke(Unknown Source)
	at sun.reflect.DelegatingMethodAccessorImpl.invoke(DelegatingMethodAccessorImpl.java:43)
	at java.lang.reflect.Method.invoke(Method.java:498)
	at org.apache.hadoop.hive.metastore.RetryingHMSHandler.invokeInternal(RetryingHMSHandler.java:147)
	at org.apache.hadoop.hive.metastore.RetryingHMSHandler.invoke(RetryingHMSHandler.java:108)
	at com.sun.proxy.$Proxy34.drop_database(Unknown Source)
	at org.apache.hadoop.hive.metastore.api.ThriftHiveMetastore$Processor$drop_database.getResult(ThriftHiveMetastore.java:18285)
	at org.apache.hadoop.hive.metastore.api.ThriftHiveMetastore$Processor$drop_database.getResult(ThriftHiveMetastore.java:18264)
	at org.apache.thrift.ProcessFunction.process(ProcessFunction.java:38)
	at org.apache.hadoop.hive.metastore.TUGIBasedProcessor$1.run(TUGIBasedProcessor.java:111)
	at org.apache.hadoop.hive.metastore.TUGIBasedProcessor$1.run(TUGIBasedProcessor.java:107)
	at java.security.AccessController.doPrivileged(Native Method)
	at javax.security.auth.Subject.doAs(Subject.java:422)
	at org.apache.hadoop.security.UserGroupInformation.doAs(UserGroupInformation.java:1682)
	at org.apache.hadoop.hive.metastore.TUGIBasedProcessor.process(TUGIBasedProcessor.java:119)
	at org.apache.thrift.server.TThreadPoolServer$WorkerProcess.run(TThreadPoolServer.java:248)
	at java.util.concurrent.ThreadPoolExecutor.runWorker(ThreadPoolExecutor.java:1149)
	at java.util.concurrent.ThreadPoolExecutor$Worker.run(ThreadPoolExecutor.java:624)
	at java.lang.Thread.run(Thread.java:750)
NestedThrowablesStackTrace:
java.sql.BatchUpdateException: DELETE on table 'DBS' caused a violation of foreign key constraint 'TBLS_FK1' for key (31).  The statement has been rolled back.
	at org.apache.derby.impl.jdbc.EmbedStatement.executeLargeBatch(Unknown Source)
	at org.apache.derby.impl.jdbc.EmbedStatement.executeBatch(Unknown Source)
	at com.zaxxer.hikari.pool.ProxyStatement.executeBatch(ProxyStatement.java:128)
	at com.zaxxer.hikari.pool.HikariProxyPreparedStatement.executeBatch(HikariProxyPreparedStatement.java)
	at org.datanucleus.store.rdbms.ParamLoggingPreparedStatement.executeBatch(ParamLoggingPreparedStatement.java:366)
	at org.datanucleus.store.rdbms.SQLController.processConnectionStatement(SQLController.java:675)
	at org.datanucleus.store.rdbms.SQLController.processStatementsForConnection(SQLController.java:643)
	at org.datanucleus.store.rdbms.SQLController$1.transactionFlushed(SQLController.java:729)
	at org.datanucleus.store.connection.AbstractManagedConnection.transactionFlushed(AbstractManagedConnection.java:95)
	at org.datanucleus.store.connection.ConnectionManagerImpl$2.transactionFlushed(ConnectionManagerImpl.java:528)
	at org.datanucleus.TransactionImpl.flush(TransactionImpl.java:222)
	at org.datanucleus.ExecutionContextImpl.flushInternal(ExecutionContextImpl.java:4068)
	at org.datanucleus.ExecutionContextThreadedImpl.flushInternal(ExecutionContextThreadedImpl.java:448)
	at org.datanucleus.ExecutionContextImpl.flush(ExecutionContextImpl.java:4009)
	at org.datanucleus.ExecutionContextThreadedImpl.flush(ExecutionContextThreadedImpl.java:434)
	at org.datanucleus.api.jdo.JDOPersistenceManager.flush(JDOPersistenceManager.java:2064)
	at org.apache.hadoop.hive.metastore.ObjectStore.addNotificationEvent(ObjectStore.java:11639)
	at sun.reflect.GeneratedMethodAccessor68.invoke(Unknown Source)
	at sun.reflect.DelegatingMethodAccessorImpl.invoke(DelegatingMethodAccessorImpl.java:43)
	at java.lang.reflect.Method.invoke(Method.java:498)
	at org.apache.hadoop.hive.metastore.RawStoreProxy.invoke(RawStoreProxy.java:97)
	at com.sun.proxy.$Proxy32.addNotificationEvent(Unknown Source)
	at org.apache.hive.hcatalog.listener.DbNotificationListener.process(DbNotificationListener.java:1403)
	at org.apache.hive.hcatalog.listener.DbNotificationListener.onDropDatabase(DbNotificationListener.java:513)
	at org.apache.hadoop.hive.metastore.MetaStoreListenerNotifier$26.notify(MetaStoreListenerNotifier.java:99)
	at org.apache.hadoop.hive.metastore.MetaStoreListenerNotifier.notifyEvent(MetaStoreListenerNotifier.java:339)
	at org.apache.hadoop.hive.metastore.HMSHandler.drop_database_core(HMSHandler.java:1785)
	at org.apache.hadoop.hive.metastore.HMSHandler.drop_database(HMSHandler.java:1869)
	at sun.reflect.GeneratedMethodAccessor74.invoke(Unknown Source)
	at sun.reflect.DelegatingMethodAccessorImpl.invoke(DelegatingMethodAccessorImpl.java:43)
	at java.lang.reflect.Method.invoke(Method.java:498)
	at org.apache.hadoop.hive.metastore.RetryingHMSHandler.invokeInternal(RetryingHMSHandler.java:147)
	at org.apache.hadoop.hive.metastore.RetryingHMSHandler.invoke(RetryingHMSHandler.java:108)
	at com.sun.proxy.$Proxy34.drop_database(Unknown Source)
	at org.apache.hadoop.hive.metastore.api.ThriftHiveMetastore$Processor$drop_database.getResult(ThriftHiveMetastore.java:18285)
	at org.apache.hadoop.hive.metastore.api.ThriftHiveMetastore$Processor$drop_database.getResult(ThriftHiveMetastore.java:18264)
	at org.apache.thrift.ProcessFunction.process(ProcessFunction.java:38)
	at org.apache.hadoop.hive.metastore.TUGIBasedProcessor$1.run(TUGIBasedProcessor.java:111)
	at org.apache.hadoop.hive.metastore.TUGIBasedProcessor$1.run(TUGIBasedProcessor.java:107)
	at java.security.AccessController.doPrivileged(Native Method)
	at javax.security.auth.Subject.doAs(Subject.java:422)
	at org.apache.hadoop.security.UserGroupInformation.doAs(UserGroupInformation.java:1682)
	at org.apache.hadoop.hive.metastore.TUGIBasedProcessor.process(TUGIBasedProcessor.java:119)
	at org.apache.thrift.server.TThreadPoolServer$WorkerProcess.run(TThreadPoolServer.java:248)
	at java.util.concurrent.ThreadPoolExecutor.runWorker(ThreadPoolExecutor.java:1149)
	at java.util.concurrent.ThreadPoolExecutor$Worker.run(ThreadPoolExecutor.java:624)
	at java.lang.Thread.run(Thread.java:750)
Caused by: org.apache.derby.shared.common.error.DerbySQLIntegrityConstraintViolationException: DELETE on table 'DBS' caused a violation of foreign key constraint 'TBLS_FK1' for key (31).  The statement has been rolled back.
	at org.apache.derby.impl.jdbc.SQLExceptionFactory.getSQLException(Unknown Source)
	at org.apache.derby.impl.jdbc.Util.generateCsSQLException(Unknown Source)
	at org.apache.derby.impl.jdbc.TransactionResourceImpl.wrapInSQLException(Unknown Source)
	at org.apache.derby.impl.jdbc.TransactionResourceImpl.handleException(Unknown Source)
	at org.apache.derby.impl.jdbc.EmbedConnection.handleException(Unknown Source)
	at org.apache.derby.impl.jdbc.ConnectionChild.handleException(Unknown Source)
	at org.apache.derby.impl.jdbc.EmbedStatement.executeStatement(Unknown Source)
	at org.apache.derby.impl.jdbc.EmbedPreparedStatement.executeBatchElement(Unknown Source)
	... 47 more
Caused by: ERROR 23503: DELETE on table 'DBS' caused a violation of foreign key constraint 'TBLS_FK1' for key (31).  The statement has been rolled back.
	at org.apache.derby.iapi.error.StandardException.newException(Unknown Source)
	at org.apache.derby.iapi.error.StandardException.newException(Unknown Source)
	at org.apache.derby.impl.sql.execute.ReferencedKeyRIChecker.doCheck(Unknown Source)
	at org.apache.derby.impl.sql.execute.RISetChecker.doPKCheck(Unknown Source)
	at org.apache.derby.impl.sql.execute.DeleteResultSet.collectAffectedRows(Unknown Source)
	at org.apache.derby.impl.sql.execute.DeleteResultSet.open(Unknown Source)
	at org.apache.derby.impl.sql.GenericPreparedStatement.executeStmt(Unknown Source)
	at org.apache.derby.impl.sql.GenericPreparedStatement.execute(Unknown Source)
	... 49 more

2024-04-24T12:10:09,993  INFO [TThreadPoolServer WorkerProcess-%d] HiveMetaStore.audit: ugi=alex	ip=127.0.0.1	cmd=source:127.0.0.1 drop_database: @hive#testUpdateTableSchema_DBName	
2024-04-24T12:10:09,995  INFO [TThreadPoolServer WorkerProcess-%d] HiveMetaStore.audit: ugi=alex	ip=127.0.0.1	cmd=source:127.0.0.1 get_all_tables: db=@hive#testUpdateTableSchema_DBName	
2024-04-24T12:10:09,996  INFO [TThreadPoolServer WorkerProcess-%d] HiveMetaStore.audit: ugi=alex	ip=127.0.0.1	cmd=source:127.0.0.1 get_functions: db=@hive#testUpdateTableSchema_DBName pat=*	
2024-04-24T12:10:09,998  INFO [TThreadPoolServer WorkerProcess-%d] HiveMetaStore.audit: ugi=alex	ip=127.0.0.1	cmd=source:127.0.0.1 get_all_stored_procedures	
2024-04-24T12:10:09,999  INFO [TThreadPoolServer WorkerProcess-%d] HiveMetaStore.audit: ugi=alex	ip=127.0.0.1	cmd=source:127.0.0.1 get_all_packages	
2024-04-24T12:10:10,000  INFO [TThreadPoolServer WorkerProcess-%d] HiveMetaStore.audit: ugi=alex	ip=127.0.0.1	cmd=source:127.0.0.1 getTablesByTypeCore: catName=hive: db=testUpdateTableSchema_DBName pat=.*,type=MATERIALIZED_VIEW	
2024-04-24T12:10:10,002  INFO [TThreadPoolServer WorkerProcess-%d] metastore.ObjectStore: Dropping database hive.testUpdateTableSchema_DBName along with all tables
2024-04-24T12:10:10,004 ERROR [TThreadPoolServer WorkerProcess-%d] metastore.RetryingHMSHandler: Retrying HMSHandler after 2000 ms (attempt 4 of 10) with error: javax.jdo.JDODataStoreException: Exception thrown flushing changes to datastore
	at org.datanucleus.api.jdo.NucleusJDOHelper.getJDOExceptionForNucleusException(NucleusJDOHelper.java:542)
	at org.datanucleus.api.jdo.JDOPersistenceManager.flush(JDOPersistenceManager.java:2081)
	at org.apache.hadoop.hive.metastore.ObjectStore.addNotificationEvent(ObjectStore.java:11639)
	at sun.reflect.GeneratedMethodAccessor68.invoke(Unknown Source)
	at sun.reflect.DelegatingMethodAccessorImpl.invoke(DelegatingMethodAccessorImpl.java:43)
	at java.lang.reflect.Method.invoke(Method.java:498)
	at org.apache.hadoop.hive.metastore.RawStoreProxy.invoke(RawStoreProxy.java:97)
	at com.sun.proxy.$Proxy32.addNotificationEvent(Unknown Source)
	at org.apache.hive.hcatalog.listener.DbNotificationListener.process(DbNotificationListener.java:1403)
	at org.apache.hive.hcatalog.listener.DbNotificationListener.onDropDatabase(DbNotificationListener.java:513)
	at org.apache.hadoop.hive.metastore.MetaStoreListenerNotifier$26.notify(MetaStoreListenerNotifier.java:99)
	at org.apache.hadoop.hive.metastore.MetaStoreListenerNotifier.notifyEvent(MetaStoreListenerNotifier.java:339)
	at org.apache.hadoop.hive.metastore.HMSHandler.drop_database_core(HMSHandler.java:1785)
	at org.apache.hadoop.hive.metastore.HMSHandler.drop_database(HMSHandler.java:1869)
	at sun.reflect.GeneratedMethodAccessor74.invoke(Unknown Source)
	at sun.reflect.DelegatingMethodAccessorImpl.invoke(DelegatingMethodAccessorImpl.java:43)
	at java.lang.reflect.Method.invoke(Method.java:498)
	at org.apache.hadoop.hive.metastore.RetryingHMSHandler.invokeInternal(RetryingHMSHandler.java:147)
	at org.apache.hadoop.hive.metastore.RetryingHMSHandler.invoke(RetryingHMSHandler.java:108)
	at com.sun.proxy.$Proxy34.drop_database(Unknown Source)
	at org.apache.hadoop.hive.metastore.api.ThriftHiveMetastore$Processor$drop_database.getResult(ThriftHiveMetastore.java:18285)
	at org.apache.hadoop.hive.metastore.api.ThriftHiveMetastore$Processor$drop_database.getResult(ThriftHiveMetastore.java:18264)
	at org.apache.thrift.ProcessFunction.process(ProcessFunction.java:38)
	at org.apache.hadoop.hive.metastore.TUGIBasedProcessor$1.run(TUGIBasedProcessor.java:111)
	at org.apache.hadoop.hive.metastore.TUGIBasedProcessor$1.run(TUGIBasedProcessor.java:107)
	at java.security.AccessController.doPrivileged(Native Method)
	at javax.security.auth.Subject.doAs(Subject.java:422)
	at org.apache.hadoop.security.UserGroupInformation.doAs(UserGroupInformation.java:1682)
	at org.apache.hadoop.hive.metastore.TUGIBasedProcessor.process(TUGIBasedProcessor.java:119)
	at org.apache.thrift.server.TThreadPoolServer$WorkerProcess.run(TThreadPoolServer.java:248)
	at java.util.concurrent.ThreadPoolExecutor.runWorker(ThreadPoolExecutor.java:1149)
	at java.util.concurrent.ThreadPoolExecutor$Worker.run(ThreadPoolExecutor.java:624)
	at java.lang.Thread.run(Thread.java:750)
NestedThrowablesStackTrace:
java.sql.BatchUpdateException: DELETE on table 'DBS' caused a violation of foreign key constraint 'TBLS_FK1' for key (31).  The statement has been rolled back.
	at org.apache.derby.impl.jdbc.EmbedStatement.executeLargeBatch(Unknown Source)
	at org.apache.derby.impl.jdbc.EmbedStatement.executeBatch(Unknown Source)
	at com.zaxxer.hikari.pool.ProxyStatement.executeBatch(ProxyStatement.java:128)
	at com.zaxxer.hikari.pool.HikariProxyPreparedStatement.executeBatch(HikariProxyPreparedStatement.java)
	at org.datanucleus.store.rdbms.ParamLoggingPreparedStatement.executeBatch(ParamLoggingPreparedStatement.java:366)
	at org.datanucleus.store.rdbms.SQLController.processConnectionStatement(SQLController.java:675)
	at org.datanucleus.store.rdbms.SQLController.processStatementsForConnection(SQLController.java:643)
	at org.datanucleus.store.rdbms.SQLController$1.transactionFlushed(SQLController.java:729)
	at org.datanucleus.store.connection.AbstractManagedConnection.transactionFlushed(AbstractManagedConnection.java:95)
	at org.datanucleus.store.connection.ConnectionManagerImpl$2.transactionFlushed(ConnectionManagerImpl.java:528)
	at org.datanucleus.TransactionImpl.flush(TransactionImpl.java:222)
	at org.datanucleus.ExecutionContextImpl.flushInternal(ExecutionContextImpl.java:4068)
	at org.datanucleus.ExecutionContextThreadedImpl.flushInternal(ExecutionContextThreadedImpl.java:448)
	at org.datanucleus.ExecutionContextImpl.flush(ExecutionContextImpl.java:4009)
	at org.datanucleus.ExecutionContextThreadedImpl.flush(ExecutionContextThreadedImpl.java:434)
	at org.datanucleus.api.jdo.JDOPersistenceManager.flush(JDOPersistenceManager.java:2064)
	at org.apache.hadoop.hive.metastore.ObjectStore.addNotificationEvent(ObjectStore.java:11639)
	at sun.reflect.GeneratedMethodAccessor68.invoke(Unknown Source)
	at sun.reflect.DelegatingMethodAccessorImpl.invoke(DelegatingMethodAccessorImpl.java:43)
	at java.lang.reflect.Method.invoke(Method.java:498)
	at org.apache.hadoop.hive.metastore.RawStoreProxy.invoke(RawStoreProxy.java:97)
	at com.sun.proxy.$Proxy32.addNotificationEvent(Unknown Source)
	at org.apache.hive.hcatalog.listener.DbNotificationListener.process(DbNotificationListener.java:1403)
	at org.apache.hive.hcatalog.listener.DbNotificationListener.onDropDatabase(DbNotificationListener.java:513)
	at org.apache.hadoop.hive.metastore.MetaStoreListenerNotifier$26.notify(MetaStoreListenerNotifier.java:99)
	at org.apache.hadoop.hive.metastore.MetaStoreListenerNotifier.notifyEvent(MetaStoreListenerNotifier.java:339)
	at org.apache.hadoop.hive.metastore.HMSHandler.drop_database_core(HMSHandler.java:1785)
	at org.apache.hadoop.hive.metastore.HMSHandler.drop_database(HMSHandler.java:1869)
	at sun.reflect.GeneratedMethodAccessor74.invoke(Unknown Source)
	at sun.reflect.DelegatingMethodAccessorImpl.invoke(DelegatingMethodAccessorImpl.java:43)
	at java.lang.reflect.Method.invoke(Method.java:498)
	at org.apache.hadoop.hive.metastore.RetryingHMSHandler.invokeInternal(RetryingHMSHandler.java:147)
	at org.apache.hadoop.hive.metastore.RetryingHMSHandler.invoke(RetryingHMSHandler.java:108)
	at com.sun.proxy.$Proxy34.drop_database(Unknown Source)
	at org.apache.hadoop.hive.metastore.api.ThriftHiveMetastore$Processor$drop_database.getResult(ThriftHiveMetastore.java:18285)
	at org.apache.hadoop.hive.metastore.api.ThriftHiveMetastore$Processor$drop_database.getResult(ThriftHiveMetastore.java:18264)
	at org.apache.thrift.ProcessFunction.process(ProcessFunction.java:38)
	at org.apache.hadoop.hive.metastore.TUGIBasedProcessor$1.run(TUGIBasedProcessor.java:111)
	at org.apache.hadoop.hive.metastore.TUGIBasedProcessor$1.run(TUGIBasedProcessor.java:107)
	at java.security.AccessController.doPrivileged(Native Method)
	at javax.security.auth.Subject.doAs(Subject.java:422)
	at org.apache.hadoop.security.UserGroupInformation.doAs(UserGroupInformation.java:1682)
	at org.apache.hadoop.hive.metastore.TUGIBasedProcessor.process(TUGIBasedProcessor.java:119)
	at org.apache.thrift.server.TThreadPoolServer$WorkerProcess.run(TThreadPoolServer.java:248)
	at java.util.concurrent.ThreadPoolExecutor.runWorker(ThreadPoolExecutor.java:1149)
	at java.util.concurrent.ThreadPoolExecutor$Worker.run(ThreadPoolExecutor.java:624)
	at java.lang.Thread.run(Thread.java:750)
Caused by: org.apache.derby.shared.common.error.DerbySQLIntegrityConstraintViolationException: DELETE on table 'DBS' caused a violation of foreign key constraint 'TBLS_FK1' for key (31).  The statement has been rolled back.
	at org.apache.derby.impl.jdbc.SQLExceptionFactory.getSQLException(Unknown Source)
	at org.apache.derby.impl.jdbc.Util.generateCsSQLException(Unknown Source)
	at org.apache.derby.impl.jdbc.TransactionResourceImpl.wrapInSQLException(Unknown Source)
	at org.apache.derby.impl.jdbc.TransactionResourceImpl.handleException(Unknown Source)
	at org.apache.derby.impl.jdbc.EmbedConnection.handleException(Unknown Source)
	at org.apache.derby.impl.jdbc.ConnectionChild.handleException(Unknown Source)
	at org.apache.derby.impl.jdbc.EmbedStatement.executeStatement(Unknown Source)
	at org.apache.derby.impl.jdbc.EmbedPreparedStatement.executeBatchElement(Unknown Source)
	... 47 more
Caused by: ERROR 23503: DELETE on table 'DBS' caused a violation of foreign key constraint 'TBLS_FK1' for key (31).  The statement has been rolled back.
	at org.apache.derby.iapi.error.StandardException.newException(Unknown Source)
	at org.apache.derby.iapi.error.StandardException.newException(Unknown Source)
	at org.apache.derby.impl.sql.execute.ReferencedKeyRIChecker.doCheck(Unknown Source)
	at org.apache.derby.impl.sql.execute.RISetChecker.doPKCheck(Unknown Source)
	at org.apache.derby.impl.sql.execute.DeleteResultSet.collectAffectedRows(Unknown Source)
	at org.apache.derby.impl.sql.execute.DeleteResultSet.open(Unknown Source)
	at org.apache.derby.impl.sql.GenericPreparedStatement.executeStmt(Unknown Source)
	at org.apache.derby.impl.sql.GenericPreparedStatement.execute(Unknown Source)
	... 49 more

2024-04-24T12:10:12,005  INFO [TThreadPoolServer WorkerProcess-%d] HiveMetaStore.audit: ugi=alex	ip=127.0.0.1	cmd=source:127.0.0.1 drop_database: @hive#testUpdateTableSchema_DBName	
2024-04-24T12:10:12,008  INFO [TThreadPoolServer WorkerProcess-%d] HiveMetaStore.audit: ugi=alex	ip=127.0.0.1	cmd=source:127.0.0.1 get_all_tables: db=@hive#testUpdateTableSchema_DBName	
2024-04-24T12:10:12,008  INFO [TThreadPoolServer WorkerProcess-%d] HiveMetaStore.audit: ugi=alex	ip=127.0.0.1	cmd=source:127.0.0.1 get_functions: db=@hive#testUpdateTableSchema_DBName pat=*	
2024-04-24T12:10:12,010  INFO [TThreadPoolServer WorkerProcess-%d] HiveMetaStore.audit: ugi=alex	ip=127.0.0.1	cmd=source:127.0.0.1 get_all_stored_procedures	
2024-04-24T12:10:12,011  INFO [TThreadPoolServer WorkerProcess-%d] HiveMetaStore.audit: ugi=alex	ip=127.0.0.1	cmd=source:127.0.0.1 get_all_packages	
2024-04-24T12:10:12,012  INFO [TThreadPoolServer WorkerProcess-%d] HiveMetaStore.audit: ugi=alex	ip=127.0.0.1	cmd=source:127.0.0.1 getTablesByTypeCore: catName=hive: db=testUpdateTableSchema_DBName pat=.*,type=MATERIALIZED_VIEW	
2024-04-24T12:10:12,013  INFO [TThreadPoolServer WorkerProcess-%d] metastore.ObjectStore: Dropping database hive.testUpdateTableSchema_DBName along with all tables
2024-04-24T12:10:12,017 ERROR [TThreadPoolServer WorkerProcess-%d] metastore.RetryingHMSHandler: Retrying HMSHandler after 2000 ms (attempt 5 of 10) with error: javax.jdo.JDODataStoreException: Exception thrown flushing changes to datastore
	at org.datanucleus.api.jdo.NucleusJDOHelper.getJDOExceptionForNucleusException(NucleusJDOHelper.java:542)
	at org.datanucleus.api.jdo.JDOPersistenceManager.flush(JDOPersistenceManager.java:2081)
	at org.apache.hadoop.hive.metastore.ObjectStore.addNotificationEvent(ObjectStore.java:11639)
	at sun.reflect.GeneratedMethodAccessor68.invoke(Unknown Source)
	at sun.reflect.DelegatingMethodAccessorImpl.invoke(DelegatingMethodAccessorImpl.java:43)
	at java.lang.reflect.Method.invoke(Method.java:498)
	at org.apache.hadoop.hive.metastore.RawStoreProxy.invoke(RawStoreProxy.java:97)
	at com.sun.proxy.$Proxy32.addNotificationEvent(Unknown Source)
	at org.apache.hive.hcatalog.listener.DbNotificationListener.process(DbNotificationListener.java:1403)
	at org.apache.hive.hcatalog.listener.DbNotificationListener.onDropDatabase(DbNotificationListener.java:513)
	at org.apache.hadoop.hive.metastore.MetaStoreListenerNotifier$26.notify(MetaStoreListenerNotifier.java:99)
	at org.apache.hadoop.hive.metastore.MetaStoreListenerNotifier.notifyEvent(MetaStoreListenerNotifier.java:339)
	at org.apache.hadoop.hive.metastore.HMSHandler.drop_database_core(HMSHandler.java:1785)
	at org.apache.hadoop.hive.metastore.HMSHandler.drop_database(HMSHandler.java:1869)
	at sun.reflect.GeneratedMethodAccessor74.invoke(Unknown Source)
	at sun.reflect.DelegatingMethodAccessorImpl.invoke(DelegatingMethodAccessorImpl.java:43)
	at java.lang.reflect.Method.invoke(Method.java:498)
	at org.apache.hadoop.hive.metastore.RetryingHMSHandler.invokeInternal(RetryingHMSHandler.java:147)
	at org.apache.hadoop.hive.metastore.RetryingHMSHandler.invoke(RetryingHMSHandler.java:108)
	at com.sun.proxy.$Proxy34.drop_database(Unknown Source)
	at org.apache.hadoop.hive.metastore.api.ThriftHiveMetastore$Processor$drop_database.getResult(ThriftHiveMetastore.java:18285)
	at org.apache.hadoop.hive.metastore.api.ThriftHiveMetastore$Processor$drop_database.getResult(ThriftHiveMetastore.java:18264)
	at org.apache.thrift.ProcessFunction.process(ProcessFunction.java:38)
	at org.apache.hadoop.hive.metastore.TUGIBasedProcessor$1.run(TUGIBasedProcessor.java:111)
	at org.apache.hadoop.hive.metastore.TUGIBasedProcessor$1.run(TUGIBasedProcessor.java:107)
	at java.security.AccessController.doPrivileged(Native Method)
	at javax.security.auth.Subject.doAs(Subject.java:422)
	at org.apache.hadoop.security.UserGroupInformation.doAs(UserGroupInformation.java:1682)
	at org.apache.hadoop.hive.metastore.TUGIBasedProcessor.process(TUGIBasedProcessor.java:119)
	at org.apache.thrift.server.TThreadPoolServer$WorkerProcess.run(TThreadPoolServer.java:248)
	at java.util.concurrent.ThreadPoolExecutor.runWorker(ThreadPoolExecutor.java:1149)
	at java.util.concurrent.ThreadPoolExecutor$Worker.run(ThreadPoolExecutor.java:624)
	at java.lang.Thread.run(Thread.java:750)
NestedThrowablesStackTrace:
java.sql.BatchUpdateException: DELETE on table 'DBS' caused a violation of foreign key constraint 'TBLS_FK1' for key (31).  The statement has been rolled back.
	at org.apache.derby.impl.jdbc.EmbedStatement.executeLargeBatch(Unknown Source)
	at org.apache.derby.impl.jdbc.EmbedStatement.executeBatch(Unknown Source)
	at com.zaxxer.hikari.pool.ProxyStatement.executeBatch(ProxyStatement.java:128)
	at com.zaxxer.hikari.pool.HikariProxyPreparedStatement.executeBatch(HikariProxyPreparedStatement.java)
	at org.datanucleus.store.rdbms.ParamLoggingPreparedStatement.executeBatch(ParamLoggingPreparedStatement.java:366)
	at org.datanucleus.store.rdbms.SQLController.processConnectionStatement(SQLController.java:675)
	at org.datanucleus.store.rdbms.SQLController.processStatementsForConnection(SQLController.java:643)
	at org.datanucleus.store.rdbms.SQLController$1.transactionFlushed(SQLController.java:729)
	at org.datanucleus.store.connection.AbstractManagedConnection.transactionFlushed(AbstractManagedConnection.java:95)
	at org.datanucleus.store.connection.ConnectionManagerImpl$2.transactionFlushed(ConnectionManagerImpl.java:528)
	at org.datanucleus.TransactionImpl.flush(TransactionImpl.java:222)
	at org.datanucleus.ExecutionContextImpl.flushInternal(ExecutionContextImpl.java:4068)
	at org.datanucleus.ExecutionContextThreadedImpl.flushInternal(ExecutionContextThreadedImpl.java:448)
	at org.datanucleus.ExecutionContextImpl.flush(ExecutionContextImpl.java:4009)
	at org.datanucleus.ExecutionContextThreadedImpl.flush(ExecutionContextThreadedImpl.java:434)
	at org.datanucleus.api.jdo.JDOPersistenceManager.flush(JDOPersistenceManager.java:2064)
	at org.apache.hadoop.hive.metastore.ObjectStore.addNotificationEvent(ObjectStore.java:11639)
	at sun.reflect.GeneratedMethodAccessor68.invoke(Unknown Source)
	at sun.reflect.DelegatingMethodAccessorImpl.invoke(DelegatingMethodAccessorImpl.java:43)
	at java.lang.reflect.Method.invoke(Method.java:498)
	at org.apache.hadoop.hive.metastore.RawStoreProxy.invoke(RawStoreProxy.java:97)
	at com.sun.proxy.$Proxy32.addNotificationEvent(Unknown Source)
	at org.apache.hive.hcatalog.listener.DbNotificationListener.process(DbNotificationListener.java:1403)
	at org.apache.hive.hcatalog.listener.DbNotificationListener.onDropDatabase(DbNotificationListener.java:513)
	at org.apache.hadoop.hive.metastore.MetaStoreListenerNotifier$26.notify(MetaStoreListenerNotifier.java:99)
	at org.apache.hadoop.hive.metastore.MetaStoreListenerNotifier.notifyEvent(MetaStoreListenerNotifier.java:339)
	at org.apache.hadoop.hive.metastore.HMSHandler.drop_database_core(HMSHandler.java:1785)
	at org.apache.hadoop.hive.metastore.HMSHandler.drop_database(HMSHandler.java:1869)
	at sun.reflect.GeneratedMethodAccessor74.invoke(Unknown Source)
	at sun.reflect.DelegatingMethodAccessorImpl.invoke(DelegatingMethodAccessorImpl.java:43)
	at java.lang.reflect.Method.invoke(Method.java:498)
	at org.apache.hadoop.hive.metastore.RetryingHMSHandler.invokeInternal(RetryingHMSHandler.java:147)
	at org.apache.hadoop.hive.metastore.RetryingHMSHandler.invoke(RetryingHMSHandler.java:108)
	at com.sun.proxy.$Proxy34.drop_database(Unknown Source)
	at org.apache.hadoop.hive.metastore.api.ThriftHiveMetastore$Processor$drop_database.getResult(ThriftHiveMetastore.java:18285)
	at org.apache.hadoop.hive.metastore.api.ThriftHiveMetastore$Processor$drop_database.getResult(ThriftHiveMetastore.java:18264)
	at org.apache.thrift.ProcessFunction.process(ProcessFunction.java:38)
	at org.apache.hadoop.hive.metastore.TUGIBasedProcessor$1.run(TUGIBasedProcessor.java:111)
	at org.apache.hadoop.hive.metastore.TUGIBasedProcessor$1.run(TUGIBasedProcessor.java:107)
	at java.security.AccessController.doPrivileged(Native Method)
	at javax.security.auth.Subject.doAs(Subject.java:422)
	at org.apache.hadoop.security.UserGroupInformation.doAs(UserGroupInformation.java:1682)
	at org.apache.hadoop.hive.metastore.TUGIBasedProcessor.process(TUGIBasedProcessor.java:119)
	at org.apache.thrift.server.TThreadPoolServer$WorkerProcess.run(TThreadPoolServer.java:248)
	at java.util.concurrent.ThreadPoolExecutor.runWorker(ThreadPoolExecutor.java:1149)
	at java.util.concurrent.ThreadPoolExecutor$Worker.run(ThreadPoolExecutor.java:624)
	at java.lang.Thread.run(Thread.java:750)
Caused by: org.apache.derby.shared.common.error.DerbySQLIntegrityConstraintViolationException: DELETE on table 'DBS' caused a violation of foreign key constraint 'TBLS_FK1' for key (31).  The statement has been rolled back.
	at org.apache.derby.impl.jdbc.SQLExceptionFactory.getSQLException(Unknown Source)
	at org.apache.derby.impl.jdbc.Util.generateCsSQLException(Unknown Source)
	at org.apache.derby.impl.jdbc.TransactionResourceImpl.wrapInSQLException(Unknown Source)
	at org.apache.derby.impl.jdbc.TransactionResourceImpl.handleException(Unknown Source)
	at org.apache.derby.impl.jdbc.EmbedConnection.handleException(Unknown Source)
	at org.apache.derby.impl.jdbc.ConnectionChild.handleException(Unknown Source)
	at org.apache.derby.impl.jdbc.EmbedStatement.executeStatement(Unknown Source)
	at org.apache.derby.impl.jdbc.EmbedPreparedStatement.executeBatchElement(Unknown Source)
	... 47 more
Caused by: ERROR 23503: DELETE on table 'DBS' caused a violation of foreign key constraint 'TBLS_FK1' for key (31).  The statement has been rolled back.
	at org.apache.derby.iapi.error.StandardException.newException(Unknown Source)
	at org.apache.derby.iapi.error.StandardException.newException(Unknown Source)
	at org.apache.derby.impl.sql.execute.ReferencedKeyRIChecker.doCheck(Unknown Source)
	at org.apache.derby.impl.sql.execute.RISetChecker.doPKCheck(Unknown Source)
	at org.apache.derby.impl.sql.execute.DeleteResultSet.collectAffectedRows(Unknown Source)
	at org.apache.derby.impl.sql.execute.DeleteResultSet.open(Unknown Source)
	at org.apache.derby.impl.sql.GenericPreparedStatement.executeStmt(Unknown Source)
	at org.apache.derby.impl.sql.GenericPreparedStatement.execute(Unknown Source)
	... 49 more

2024-04-24T12:10:14,018  INFO [TThreadPoolServer WorkerProcess-%d] HiveMetaStore.audit: ugi=alex	ip=127.0.0.1	cmd=source:127.0.0.1 drop_database: @hive#testUpdateTableSchema_DBName	
2024-04-24T12:10:14,020  INFO [TThreadPoolServer WorkerProcess-%d] HiveMetaStore.audit: ugi=alex	ip=127.0.0.1	cmd=source:127.0.0.1 get_all_tables: db=@hive#testUpdateTableSchema_DBName	
2024-04-24T12:10:14,021  INFO [TThreadPoolServer WorkerProcess-%d] HiveMetaStore.audit: ugi=alex	ip=127.0.0.1	cmd=source:127.0.0.1 get_functions: db=@hive#testUpdateTableSchema_DBName pat=*	
2024-04-24T12:10:14,022  INFO [TThreadPoolServer WorkerProcess-%d] HiveMetaStore.audit: ugi=alex	ip=127.0.0.1	cmd=source:127.0.0.1 get_all_stored_procedures	
2024-04-24T12:10:14,023  INFO [TThreadPoolServer WorkerProcess-%d] HiveMetaStore.audit: ugi=alex	ip=127.0.0.1	cmd=source:127.0.0.1 get_all_packages	
2024-04-24T12:10:14,024  INFO [TThreadPoolServer WorkerProcess-%d] HiveMetaStore.audit: ugi=alex	ip=127.0.0.1	cmd=source:127.0.0.1 getTablesByTypeCore: catName=hive: db=testUpdateTableSchema_DBName pat=.*,type=MATERIALIZED_VIEW	
2024-04-24T12:10:14,025  INFO [TThreadPoolServer WorkerProcess-%d] metastore.ObjectStore: Dropping database hive.testUpdateTableSchema_DBName along with all tables
2024-04-24T12:10:14,028 ERROR [TThreadPoolServer WorkerProcess-%d] metastore.RetryingHMSHandler: Retrying HMSHandler after 2000 ms (attempt 6 of 10) with error: javax.jdo.JDODataStoreException: Exception thrown flushing changes to datastore
	at org.datanucleus.api.jdo.NucleusJDOHelper.getJDOExceptionForNucleusException(NucleusJDOHelper.java:542)
	at org.datanucleus.api.jdo.JDOPersistenceManager.flush(JDOPersistenceManager.java:2081)
	at org.apache.hadoop.hive.metastore.ObjectStore.addNotificationEvent(ObjectStore.java:11639)
	at sun.reflect.GeneratedMethodAccessor68.invoke(Unknown Source)
	at sun.reflect.DelegatingMethodAccessorImpl.invoke(DelegatingMethodAccessorImpl.java:43)
	at java.lang.reflect.Method.invoke(Method.java:498)
	at org.apache.hadoop.hive.metastore.RawStoreProxy.invoke(RawStoreProxy.java:97)
	at com.sun.proxy.$Proxy32.addNotificationEvent(Unknown Source)
	at org.apache.hive.hcatalog.listener.DbNotificationListener.process(DbNotificationListener.java:1403)
	at org.apache.hive.hcatalog.listener.DbNotificationListener.onDropDatabase(DbNotificationListener.java:513)
	at org.apache.hadoop.hive.metastore.MetaStoreListenerNotifier$26.notify(MetaStoreListenerNotifier.java:99)
	at org.apache.hadoop.hive.metastore.MetaStoreListenerNotifier.notifyEvent(MetaStoreListenerNotifier.java:339)
	at org.apache.hadoop.hive.metastore.HMSHandler.drop_database_core(HMSHandler.java:1785)
	at org.apache.hadoop.hive.metastore.HMSHandler.drop_database(HMSHandler.java:1869)
	at sun.reflect.GeneratedMethodAccessor74.invoke(Unknown Source)
	at sun.reflect.DelegatingMethodAccessorImpl.invoke(DelegatingMethodAccessorImpl.java:43)
	at java.lang.reflect.Method.invoke(Method.java:498)
	at org.apache.hadoop.hive.metastore.RetryingHMSHandler.invokeInternal(RetryingHMSHandler.java:147)
	at org.apache.hadoop.hive.metastore.RetryingHMSHandler.invoke(RetryingHMSHandler.java:108)
	at com.sun.proxy.$Proxy34.drop_database(Unknown Source)
	at org.apache.hadoop.hive.metastore.api.ThriftHiveMetastore$Processor$drop_database.getResult(ThriftHiveMetastore.java:18285)
	at org.apache.hadoop.hive.metastore.api.ThriftHiveMetastore$Processor$drop_database.getResult(ThriftHiveMetastore.java:18264)
	at org.apache.thrift.ProcessFunction.process(ProcessFunction.java:38)
	at org.apache.hadoop.hive.metastore.TUGIBasedProcessor$1.run(TUGIBasedProcessor.java:111)
	at org.apache.hadoop.hive.metastore.TUGIBasedProcessor$1.run(TUGIBasedProcessor.java:107)
	at java.security.AccessController.doPrivileged(Native Method)
	at javax.security.auth.Subject.doAs(Subject.java:422)
	at org.apache.hadoop.security.UserGroupInformation.doAs(UserGroupInformation.java:1682)
	at org.apache.hadoop.hive.metastore.TUGIBasedProcessor.process(TUGIBasedProcessor.java:119)
	at org.apache.thrift.server.TThreadPoolServer$WorkerProcess.run(TThreadPoolServer.java:248)
	at java.util.concurrent.ThreadPoolExecutor.runWorker(ThreadPoolExecutor.java:1149)
	at java.util.concurrent.ThreadPoolExecutor$Worker.run(ThreadPoolExecutor.java:624)
	at java.lang.Thread.run(Thread.java:750)
NestedThrowablesStackTrace:
java.sql.BatchUpdateException: DELETE on table 'DBS' caused a violation of foreign key constraint 'TBLS_FK1' for key (31).  The statement has been rolled back.
	at org.apache.derby.impl.jdbc.EmbedStatement.executeLargeBatch(Unknown Source)
	at org.apache.derby.impl.jdbc.EmbedStatement.executeBatch(Unknown Source)
	at com.zaxxer.hikari.pool.ProxyStatement.executeBatch(ProxyStatement.java:128)
	at com.zaxxer.hikari.pool.HikariProxyPreparedStatement.executeBatch(HikariProxyPreparedStatement.java)
	at org.datanucleus.store.rdbms.ParamLoggingPreparedStatement.executeBatch(ParamLoggingPreparedStatement.java:366)
	at org.datanucleus.store.rdbms.SQLController.processConnectionStatement(SQLController.java:675)
	at org.datanucleus.store.rdbms.SQLController.processStatementsForConnection(SQLController.java:643)
	at org.datanucleus.store.rdbms.SQLController$1.transactionFlushed(SQLController.java:729)
	at org.datanucleus.store.connection.AbstractManagedConnection.transactionFlushed(AbstractManagedConnection.java:95)
	at org.datanucleus.store.connection.ConnectionManagerImpl$2.transactionFlushed(ConnectionManagerImpl.java:528)
	at org.datanucleus.TransactionImpl.flush(TransactionImpl.java:222)
	at org.datanucleus.ExecutionContextImpl.flushInternal(ExecutionContextImpl.java:4068)
	at org.datanucleus.ExecutionContextThreadedImpl.flushInternal(ExecutionContextThreadedImpl.java:448)
	at org.datanucleus.ExecutionContextImpl.flush(ExecutionContextImpl.java:4009)
	at org.datanucleus.ExecutionContextThreadedImpl.flush(ExecutionContextThreadedImpl.java:434)
	at org.datanucleus.api.jdo.JDOPersistenceManager.flush(JDOPersistenceManager.java:2064)
	at org.apache.hadoop.hive.metastore.ObjectStore.addNotificationEvent(ObjectStore.java:11639)
	at sun.reflect.GeneratedMethodAccessor68.invoke(Unknown Source)
	at sun.reflect.DelegatingMethodAccessorImpl.invoke(DelegatingMethodAccessorImpl.java:43)
	at java.lang.reflect.Method.invoke(Method.java:498)
	at org.apache.hadoop.hive.metastore.RawStoreProxy.invoke(RawStoreProxy.java:97)
	at com.sun.proxy.$Proxy32.addNotificationEvent(Unknown Source)
	at org.apache.hive.hcatalog.listener.DbNotificationListener.process(DbNotificationListener.java:1403)
	at org.apache.hive.hcatalog.listener.DbNotificationListener.onDropDatabase(DbNotificationListener.java:513)
	at org.apache.hadoop.hive.metastore.MetaStoreListenerNotifier$26.notify(MetaStoreListenerNotifier.java:99)
	at org.apache.hadoop.hive.metastore.MetaStoreListenerNotifier.notifyEvent(MetaStoreListenerNotifier.java:339)
	at org.apache.hadoop.hive.metastore.HMSHandler.drop_database_core(HMSHandler.java:1785)
	at org.apache.hadoop.hive.metastore.HMSHandler.drop_database(HMSHandler.java:1869)
	at sun.reflect.GeneratedMethodAccessor74.invoke(Unknown Source)
	at sun.reflect.DelegatingMethodAccessorImpl.invoke(DelegatingMethodAccessorImpl.java:43)
	at java.lang.reflect.Method.invoke(Method.java:498)
	at org.apache.hadoop.hive.metastore.RetryingHMSHandler.invokeInternal(RetryingHMSHandler.java:147)
	at org.apache.hadoop.hive.metastore.RetryingHMSHandler.invoke(RetryingHMSHandler.java:108)
	at com.sun.proxy.$Proxy34.drop_database(Unknown Source)
	at org.apache.hadoop.hive.metastore.api.ThriftHiveMetastore$Processor$drop_database.getResult(ThriftHiveMetastore.java:18285)
	at org.apache.hadoop.hive.metastore.api.ThriftHiveMetastore$Processor$drop_database.getResult(ThriftHiveMetastore.java:18264)
	at org.apache.thrift.ProcessFunction.process(ProcessFunction.java:38)
	at org.apache.hadoop.hive.metastore.TUGIBasedProcessor$1.run(TUGIBasedProcessor.java:111)
	at org.apache.hadoop.hive.metastore.TUGIBasedProcessor$1.run(TUGIBasedProcessor.java:107)
	at java.security.AccessController.doPrivileged(Native Method)
	at javax.security.auth.Subject.doAs(Subject.java:422)
	at org.apache.hadoop.security.UserGroupInformation.doAs(UserGroupInformation.java:1682)
	at org.apache.hadoop.hive.metastore.TUGIBasedProcessor.process(TUGIBasedProcessor.java:119)
	at org.apache.thrift.server.TThreadPoolServer$WorkerProcess.run(TThreadPoolServer.java:248)
	at java.util.concurrent.ThreadPoolExecutor.runWorker(ThreadPoolExecutor.java:1149)
	at java.util.concurrent.ThreadPoolExecutor$Worker.run(ThreadPoolExecutor.java:624)
	at java.lang.Thread.run(Thread.java:750)
Caused by: org.apache.derby.shared.common.error.DerbySQLIntegrityConstraintViolationException: DELETE on table 'DBS' caused a violation of foreign key constraint 'TBLS_FK1' for key (31).  The statement has been rolled back.
	at org.apache.derby.impl.jdbc.SQLExceptionFactory.getSQLException(Unknown Source)
	at org.apache.derby.impl.jdbc.Util.generateCsSQLException(Unknown Source)
	at org.apache.derby.impl.jdbc.TransactionResourceImpl.wrapInSQLException(Unknown Source)
	at org.apache.derby.impl.jdbc.TransactionResourceImpl.handleException(Unknown Source)
	at org.apache.derby.impl.jdbc.EmbedConnection.handleException(Unknown Source)
	at org.apache.derby.impl.jdbc.ConnectionChild.handleException(Unknown Source)
	at org.apache.derby.impl.jdbc.EmbedStatement.executeStatement(Unknown Source)
	at org.apache.derby.impl.jdbc.EmbedPreparedStatement.executeBatchElement(Unknown Source)
	... 47 more
Caused by: ERROR 23503: DELETE on table 'DBS' caused a violation of foreign key constraint 'TBLS_FK1' for key (31).  The statement has been rolled back.
	at org.apache.derby.iapi.error.StandardException.newException(Unknown Source)
	at org.apache.derby.iapi.error.StandardException.newException(Unknown Source)
	at org.apache.derby.impl.sql.execute.ReferencedKeyRIChecker.doCheck(Unknown Source)
	at org.apache.derby.impl.sql.execute.RISetChecker.doPKCheck(Unknown Source)
	at org.apache.derby.impl.sql.execute.DeleteResultSet.collectAffectedRows(Unknown Source)
	at org.apache.derby.impl.sql.execute.DeleteResultSet.open(Unknown Source)
	at org.apache.derby.impl.sql.GenericPreparedStatement.executeStmt(Unknown Source)
	at org.apache.derby.impl.sql.GenericPreparedStatement.execute(Unknown Source)
	... 49 more

2024-04-24T12:10:16,029  INFO [TThreadPoolServer WorkerProcess-%d] HiveMetaStore.audit: ugi=alex	ip=127.0.0.1	cmd=source:127.0.0.1 drop_database: @hive#testUpdateTableSchema_DBName	
2024-04-24T12:10:16,031  INFO [TThreadPoolServer WorkerProcess-%d] HiveMetaStore.audit: ugi=alex	ip=127.0.0.1	cmd=source:127.0.0.1 get_all_tables: db=@hive#testUpdateTableSchema_DBName	
2024-04-24T12:10:16,032  INFO [TThreadPoolServer WorkerProcess-%d] HiveMetaStore.audit: ugi=alex	ip=127.0.0.1	cmd=source:127.0.0.1 get_functions: db=@hive#testUpdateTableSchema_DBName pat=*	
2024-04-24T12:10:16,034  INFO [TThreadPoolServer WorkerProcess-%d] HiveMetaStore.audit: ugi=alex	ip=127.0.0.1	cmd=source:127.0.0.1 get_all_stored_procedures	
2024-04-24T12:10:16,035  INFO [TThreadPoolServer WorkerProcess-%d] HiveMetaStore.audit: ugi=alex	ip=127.0.0.1	cmd=source:127.0.0.1 get_all_packages	
2024-04-24T12:10:16,036  INFO [TThreadPoolServer WorkerProcess-%d] HiveMetaStore.audit: ugi=alex	ip=127.0.0.1	cmd=source:127.0.0.1 getTablesByTypeCore: catName=hive: db=testUpdateTableSchema_DBName pat=.*,type=MATERIALIZED_VIEW	
2024-04-24T12:10:16,038  INFO [TThreadPoolServer WorkerProcess-%d] metastore.ObjectStore: Dropping database hive.testUpdateTableSchema_DBName along with all tables
2024-04-24T12:10:16,040 ERROR [TThreadPoolServer WorkerProcess-%d] metastore.RetryingHMSHandler: Retrying HMSHandler after 2000 ms (attempt 7 of 10) with error: javax.jdo.JDODataStoreException: Exception thrown flushing changes to datastore
	at org.datanucleus.api.jdo.NucleusJDOHelper.getJDOExceptionForNucleusException(NucleusJDOHelper.java:542)
	at org.datanucleus.api.jdo.JDOPersistenceManager.flush(JDOPersistenceManager.java:2081)
	at org.apache.hadoop.hive.metastore.ObjectStore.addNotificationEvent(ObjectStore.java:11639)
	at sun.reflect.GeneratedMethodAccessor68.invoke(Unknown Source)
	at sun.reflect.DelegatingMethodAccessorImpl.invoke(DelegatingMethodAccessorImpl.java:43)
	at java.lang.reflect.Method.invoke(Method.java:498)
	at org.apache.hadoop.hive.metastore.RawStoreProxy.invoke(RawStoreProxy.java:97)
	at com.sun.proxy.$Proxy32.addNotificationEvent(Unknown Source)
	at org.apache.hive.hcatalog.listener.DbNotificationListener.process(DbNotificationListener.java:1403)
	at org.apache.hive.hcatalog.listener.DbNotificationListener.onDropDatabase(DbNotificationListener.java:513)
	at org.apache.hadoop.hive.metastore.MetaStoreListenerNotifier$26.notify(MetaStoreListenerNotifier.java:99)
	at org.apache.hadoop.hive.metastore.MetaStoreListenerNotifier.notifyEvent(MetaStoreListenerNotifier.java:339)
	at org.apache.hadoop.hive.metastore.HMSHandler.drop_database_core(HMSHandler.java:1785)
	at org.apache.hadoop.hive.metastore.HMSHandler.drop_database(HMSHandler.java:1869)
	at sun.reflect.GeneratedMethodAccessor74.invoke(Unknown Source)
	at sun.reflect.DelegatingMethodAccessorImpl.invoke(DelegatingMethodAccessorImpl.java:43)
	at java.lang.reflect.Method.invoke(Method.java:498)
	at org.apache.hadoop.hive.metastore.RetryingHMSHandler.invokeInternal(RetryingHMSHandler.java:147)
	at org.apache.hadoop.hive.metastore.RetryingHMSHandler.invoke(RetryingHMSHandler.java:108)
	at com.sun.proxy.$Proxy34.drop_database(Unknown Source)
	at org.apache.hadoop.hive.metastore.api.ThriftHiveMetastore$Processor$drop_database.getResult(ThriftHiveMetastore.java:18285)
	at org.apache.hadoop.hive.metastore.api.ThriftHiveMetastore$Processor$drop_database.getResult(ThriftHiveMetastore.java:18264)
	at org.apache.thrift.ProcessFunction.process(ProcessFunction.java:38)
	at org.apache.hadoop.hive.metastore.TUGIBasedProcessor$1.run(TUGIBasedProcessor.java:111)
	at org.apache.hadoop.hive.metastore.TUGIBasedProcessor$1.run(TUGIBasedProcessor.java:107)
	at java.security.AccessController.doPrivileged(Native Method)
	at javax.security.auth.Subject.doAs(Subject.java:422)
	at org.apache.hadoop.security.UserGroupInformation.doAs(UserGroupInformation.java:1682)
	at org.apache.hadoop.hive.metastore.TUGIBasedProcessor.process(TUGIBasedProcessor.java:119)
	at org.apache.thrift.server.TThreadPoolServer$WorkerProcess.run(TThreadPoolServer.java:248)
	at java.util.concurrent.ThreadPoolExecutor.runWorker(ThreadPoolExecutor.java:1149)
	at java.util.concurrent.ThreadPoolExecutor$Worker.run(ThreadPoolExecutor.java:624)
	at java.lang.Thread.run(Thread.java:750)
NestedThrowablesStackTrace:
java.sql.BatchUpdateException: DELETE on table 'DBS' caused a violation of foreign key constraint 'TBLS_FK1' for key (31).  The statement has been rolled back.
	at org.apache.derby.impl.jdbc.EmbedStatement.executeLargeBatch(Unknown Source)
	at org.apache.derby.impl.jdbc.EmbedStatement.executeBatch(Unknown Source)
	at com.zaxxer.hikari.pool.ProxyStatement.executeBatch(ProxyStatement.java:128)
	at com.zaxxer.hikari.pool.HikariProxyPreparedStatement.executeBatch(HikariProxyPreparedStatement.java)
	at org.datanucleus.store.rdbms.ParamLoggingPreparedStatement.executeBatch(ParamLoggingPreparedStatement.java:366)
	at org.datanucleus.store.rdbms.SQLController.processConnectionStatement(SQLController.java:675)
	at org.datanucleus.store.rdbms.SQLController.processStatementsForConnection(SQLController.java:643)
	at org.datanucleus.store.rdbms.SQLController$1.transactionFlushed(SQLController.java:729)
	at org.datanucleus.store.connection.AbstractManagedConnection.transactionFlushed(AbstractManagedConnection.java:95)
	at org.datanucleus.store.connection.ConnectionManagerImpl$2.transactionFlushed(ConnectionManagerImpl.java:528)
	at org.datanucleus.TransactionImpl.flush(TransactionImpl.java:222)
	at org.datanucleus.ExecutionContextImpl.flushInternal(ExecutionContextImpl.java:4068)
	at org.datanucleus.ExecutionContextThreadedImpl.flushInternal(ExecutionContextThreadedImpl.java:448)
	at org.datanucleus.ExecutionContextImpl.flush(ExecutionContextImpl.java:4009)
	at org.datanucleus.ExecutionContextThreadedImpl.flush(ExecutionContextThreadedImpl.java:434)
	at org.datanucleus.api.jdo.JDOPersistenceManager.flush(JDOPersistenceManager.java:2064)
	at org.apache.hadoop.hive.metastore.ObjectStore.addNotificationEvent(ObjectStore.java:11639)
	at sun.reflect.GeneratedMethodAccessor68.invoke(Unknown Source)
	at sun.reflect.DelegatingMethodAccessorImpl.invoke(DelegatingMethodAccessorImpl.java:43)
	at java.lang.reflect.Method.invoke(Method.java:498)
	at org.apache.hadoop.hive.metastore.RawStoreProxy.invoke(RawStoreProxy.java:97)
	at com.sun.proxy.$Proxy32.addNotificationEvent(Unknown Source)
	at org.apache.hive.hcatalog.listener.DbNotificationListener.process(DbNotificationListener.java:1403)
	at org.apache.hive.hcatalog.listener.DbNotificationListener.onDropDatabase(DbNotificationListener.java:513)
	at org.apache.hadoop.hive.metastore.MetaStoreListenerNotifier$26.notify(MetaStoreListenerNotifier.java:99)
	at org.apache.hadoop.hive.metastore.MetaStoreListenerNotifier.notifyEvent(MetaStoreListenerNotifier.java:339)
	at org.apache.hadoop.hive.metastore.HMSHandler.drop_database_core(HMSHandler.java:1785)
	at org.apache.hadoop.hive.metastore.HMSHandler.drop_database(HMSHandler.java:1869)
	at sun.reflect.GeneratedMethodAccessor74.invoke(Unknown Source)
	at sun.reflect.DelegatingMethodAccessorImpl.invoke(DelegatingMethodAccessorImpl.java:43)
	at java.lang.reflect.Method.invoke(Method.java:498)
	at org.apache.hadoop.hive.metastore.RetryingHMSHandler.invokeInternal(RetryingHMSHandler.java:147)
	at org.apache.hadoop.hive.metastore.RetryingHMSHandler.invoke(RetryingHMSHandler.java:108)
	at com.sun.proxy.$Proxy34.drop_database(Unknown Source)
	at org.apache.hadoop.hive.metastore.api.ThriftHiveMetastore$Processor$drop_database.getResult(ThriftHiveMetastore.java:18285)
	at org.apache.hadoop.hive.metastore.api.ThriftHiveMetastore$Processor$drop_database.getResult(ThriftHiveMetastore.java:18264)
	at org.apache.thrift.ProcessFunction.process(ProcessFunction.java:38)
	at org.apache.hadoop.hive.metastore.TUGIBasedProcessor$1.run(TUGIBasedProcessor.java:111)
	at org.apache.hadoop.hive.metastore.TUGIBasedProcessor$1.run(TUGIBasedProcessor.java:107)
	at java.security.AccessController.doPrivileged(Native Method)
	at javax.security.auth.Subject.doAs(Subject.java:422)
	at org.apache.hadoop.security.UserGroupInformation.doAs(UserGroupInformation.java:1682)
	at org.apache.hadoop.hive.metastore.TUGIBasedProcessor.process(TUGIBasedProcessor.java:119)
	at org.apache.thrift.server.TThreadPoolServer$WorkerProcess.run(TThreadPoolServer.java:248)
	at java.util.concurrent.ThreadPoolExecutor.runWorker(ThreadPoolExecutor.java:1149)
	at java.util.concurrent.ThreadPoolExecutor$Worker.run(ThreadPoolExecutor.java:624)
	at java.lang.Thread.run(Thread.java:750)
Caused by: org.apache.derby.shared.common.error.DerbySQLIntegrityConstraintViolationException: DELETE on table 'DBS' caused a violation of foreign key constraint 'TBLS_FK1' for key (31).  The statement has been rolled back.
	at org.apache.derby.impl.jdbc.SQLExceptionFactory.getSQLException(Unknown Source)
	at org.apache.derby.impl.jdbc.Util.generateCsSQLException(Unknown Source)
	at org.apache.derby.impl.jdbc.TransactionResourceImpl.wrapInSQLException(Unknown Source)
	at org.apache.derby.impl.jdbc.TransactionResourceImpl.handleException(Unknown Source)
	at org.apache.derby.impl.jdbc.EmbedConnection.handleException(Unknown Source)
	at org.apache.derby.impl.jdbc.ConnectionChild.handleException(Unknown Source)
	at org.apache.derby.impl.jdbc.EmbedStatement.executeStatement(Unknown Source)
	at org.apache.derby.impl.jdbc.EmbedPreparedStatement.executeBatchElement(Unknown Source)
	... 47 more
Caused by: ERROR 23503: DELETE on table 'DBS' caused a violation of foreign key constraint 'TBLS_FK1' for key (31).  The statement has been rolled back.
	at org.apache.derby.iapi.error.StandardException.newException(Unknown Source)
	at org.apache.derby.iapi.error.StandardException.newException(Unknown Source)
	at org.apache.derby.impl.sql.execute.ReferencedKeyRIChecker.doCheck(Unknown Source)
	at org.apache.derby.impl.sql.execute.RISetChecker.doPKCheck(Unknown Source)
	at org.apache.derby.impl.sql.execute.DeleteResultSet.collectAffectedRows(Unknown Source)
	at org.apache.derby.impl.sql.execute.DeleteResultSet.open(Unknown Source)
	at org.apache.derby.impl.sql.GenericPreparedStatement.executeStmt(Unknown Source)
	at org.apache.derby.impl.sql.GenericPreparedStatement.execute(Unknown Source)
	... 49 more

2024-04-24T12:10:18,041  INFO [TThreadPoolServer WorkerProcess-%d] HiveMetaStore.audit: ugi=alex	ip=127.0.0.1	cmd=source:127.0.0.1 drop_database: @hive#testUpdateTableSchema_DBName	
2024-04-24T12:10:18,044  INFO [TThreadPoolServer WorkerProcess-%d] HiveMetaStore.audit: ugi=alex	ip=127.0.0.1	cmd=source:127.0.0.1 get_all_tables: db=@hive#testUpdateTableSchema_DBName	
2024-04-24T12:10:18,045  INFO [TThreadPoolServer WorkerProcess-%d] HiveMetaStore.audit: ugi=alex	ip=127.0.0.1	cmd=source:127.0.0.1 get_functions: db=@hive#testUpdateTableSchema_DBName pat=*	
2024-04-24T12:10:18,046  INFO [TThreadPoolServer WorkerProcess-%d] HiveMetaStore.audit: ugi=alex	ip=127.0.0.1	cmd=source:127.0.0.1 get_all_stored_procedures	
2024-04-24T12:10:18,046  INFO [TThreadPoolServer WorkerProcess-%d] HiveMetaStore.audit: ugi=alex	ip=127.0.0.1	cmd=source:127.0.0.1 get_all_packages	
2024-04-24T12:10:18,047  INFO [TThreadPoolServer WorkerProcess-%d] HiveMetaStore.audit: ugi=alex	ip=127.0.0.1	cmd=source:127.0.0.1 getTablesByTypeCore: catName=hive: db=testUpdateTableSchema_DBName pat=.*,type=MATERIALIZED_VIEW	
2024-04-24T12:10:18,049  INFO [TThreadPoolServer WorkerProcess-%d] metastore.ObjectStore: Dropping database hive.testUpdateTableSchema_DBName along with all tables
2024-04-24T12:10:18,051 ERROR [TThreadPoolServer WorkerProcess-%d] metastore.RetryingHMSHandler: Retrying HMSHandler after 2000 ms (attempt 8 of 10) with error: javax.jdo.JDODataStoreException: Exception thrown flushing changes to datastore
	at org.datanucleus.api.jdo.NucleusJDOHelper.getJDOExceptionForNucleusException(NucleusJDOHelper.java:542)
	at org.datanucleus.api.jdo.JDOPersistenceManager.flush(JDOPersistenceManager.java:2081)
	at org.apache.hadoop.hive.metastore.ObjectStore.addNotificationEvent(ObjectStore.java:11639)
	at sun.reflect.GeneratedMethodAccessor68.invoke(Unknown Source)
	at sun.reflect.DelegatingMethodAccessorImpl.invoke(DelegatingMethodAccessorImpl.java:43)
	at java.lang.reflect.Method.invoke(Method.java:498)
	at org.apache.hadoop.hive.metastore.RawStoreProxy.invoke(RawStoreProxy.java:97)
	at com.sun.proxy.$Proxy32.addNotificationEvent(Unknown Source)
	at org.apache.hive.hcatalog.listener.DbNotificationListener.process(DbNotificationListener.java:1403)
	at org.apache.hive.hcatalog.listener.DbNotificationListener.onDropDatabase(DbNotificationListener.java:513)
	at org.apache.hadoop.hive.metastore.MetaStoreListenerNotifier$26.notify(MetaStoreListenerNotifier.java:99)
	at org.apache.hadoop.hive.metastore.MetaStoreListenerNotifier.notifyEvent(MetaStoreListenerNotifier.java:339)
	at org.apache.hadoop.hive.metastore.HMSHandler.drop_database_core(HMSHandler.java:1785)
	at org.apache.hadoop.hive.metastore.HMSHandler.drop_database(HMSHandler.java:1869)
	at sun.reflect.GeneratedMethodAccessor74.invoke(Unknown Source)
	at sun.reflect.DelegatingMethodAccessorImpl.invoke(DelegatingMethodAccessorImpl.java:43)
	at java.lang.reflect.Method.invoke(Method.java:498)
	at org.apache.hadoop.hive.metastore.RetryingHMSHandler.invokeInternal(RetryingHMSHandler.java:147)
	at org.apache.hadoop.hive.metastore.RetryingHMSHandler.invoke(RetryingHMSHandler.java:108)
	at com.sun.proxy.$Proxy34.drop_database(Unknown Source)
	at org.apache.hadoop.hive.metastore.api.ThriftHiveMetastore$Processor$drop_database.getResult(ThriftHiveMetastore.java:18285)
	at org.apache.hadoop.hive.metastore.api.ThriftHiveMetastore$Processor$drop_database.getResult(ThriftHiveMetastore.java:18264)
	at org.apache.thrift.ProcessFunction.process(ProcessFunction.java:38)
	at org.apache.hadoop.hive.metastore.TUGIBasedProcessor$1.run(TUGIBasedProcessor.java:111)
	at org.apache.hadoop.hive.metastore.TUGIBasedProcessor$1.run(TUGIBasedProcessor.java:107)
	at java.security.AccessController.doPrivileged(Native Method)
	at javax.security.auth.Subject.doAs(Subject.java:422)
	at org.apache.hadoop.security.UserGroupInformation.doAs(UserGroupInformation.java:1682)
	at org.apache.hadoop.hive.metastore.TUGIBasedProcessor.process(TUGIBasedProcessor.java:119)
	at org.apache.thrift.server.TThreadPoolServer$WorkerProcess.run(TThreadPoolServer.java:248)
	at java.util.concurrent.ThreadPoolExecutor.runWorker(ThreadPoolExecutor.java:1149)
	at java.util.concurrent.ThreadPoolExecutor$Worker.run(ThreadPoolExecutor.java:624)
	at java.lang.Thread.run(Thread.java:750)
NestedThrowablesStackTrace:
java.sql.BatchUpdateException: DELETE on table 'DBS' caused a violation of foreign key constraint 'TBLS_FK1' for key (31).  The statement has been rolled back.
	at org.apache.derby.impl.jdbc.EmbedStatement.executeLargeBatch(Unknown Source)
	at org.apache.derby.impl.jdbc.EmbedStatement.executeBatch(Unknown Source)
	at com.zaxxer.hikari.pool.ProxyStatement.executeBatch(ProxyStatement.java:128)
	at com.zaxxer.hikari.pool.HikariProxyPreparedStatement.executeBatch(HikariProxyPreparedStatement.java)
	at org.datanucleus.store.rdbms.ParamLoggingPreparedStatement.executeBatch(ParamLoggingPreparedStatement.java:366)
	at org.datanucleus.store.rdbms.SQLController.processConnectionStatement(SQLController.java:675)
	at org.datanucleus.store.rdbms.SQLController.processStatementsForConnection(SQLController.java:643)
	at org.datanucleus.store.rdbms.SQLController$1.transactionFlushed(SQLController.java:729)
	at org.datanucleus.store.connection.AbstractManagedConnection.transactionFlushed(AbstractManagedConnection.java:95)
	at org.datanucleus.store.connection.ConnectionManagerImpl$2.transactionFlushed(ConnectionManagerImpl.java:528)
	at org.datanucleus.TransactionImpl.flush(TransactionImpl.java:222)
	at org.datanucleus.ExecutionContextImpl.flushInternal(ExecutionContextImpl.java:4068)
	at org.datanucleus.ExecutionContextThreadedImpl.flushInternal(ExecutionContextThreadedImpl.java:448)
	at org.datanucleus.ExecutionContextImpl.flush(ExecutionContextImpl.java:4009)
	at org.datanucleus.ExecutionContextThreadedImpl.flush(ExecutionContextThreadedImpl.java:434)
	at org.datanucleus.api.jdo.JDOPersistenceManager.flush(JDOPersistenceManager.java:2064)
	at org.apache.hadoop.hive.metastore.ObjectStore.addNotificationEvent(ObjectStore.java:11639)
	at sun.reflect.GeneratedMethodAccessor68.invoke(Unknown Source)
	at sun.reflect.DelegatingMethodAccessorImpl.invoke(DelegatingMethodAccessorImpl.java:43)
	at java.lang.reflect.Method.invoke(Method.java:498)
	at org.apache.hadoop.hive.metastore.RawStoreProxy.invoke(RawStoreProxy.java:97)
	at com.sun.proxy.$Proxy32.addNotificationEvent(Unknown Source)
	at org.apache.hive.hcatalog.listener.DbNotificationListener.process(DbNotificationListener.java:1403)
	at org.apache.hive.hcatalog.listener.DbNotificationListener.onDropDatabase(DbNotificationListener.java:513)
	at org.apache.hadoop.hive.metastore.MetaStoreListenerNotifier$26.notify(MetaStoreListenerNotifier.java:99)
	at org.apache.hadoop.hive.metastore.MetaStoreListenerNotifier.notifyEvent(MetaStoreListenerNotifier.java:339)
	at org.apache.hadoop.hive.metastore.HMSHandler.drop_database_core(HMSHandler.java:1785)
	at org.apache.hadoop.hive.metastore.HMSHandler.drop_database(HMSHandler.java:1869)
	at sun.reflect.GeneratedMethodAccessor74.invoke(Unknown Source)
	at sun.reflect.DelegatingMethodAccessorImpl.invoke(DelegatingMethodAccessorImpl.java:43)
	at java.lang.reflect.Method.invoke(Method.java:498)
	at org.apache.hadoop.hive.metastore.RetryingHMSHandler.invokeInternal(RetryingHMSHandler.java:147)
	at org.apache.hadoop.hive.metastore.RetryingHMSHandler.invoke(RetryingHMSHandler.java:108)
	at com.sun.proxy.$Proxy34.drop_database(Unknown Source)
	at org.apache.hadoop.hive.metastore.api.ThriftHiveMetastore$Processor$drop_database.getResult(ThriftHiveMetastore.java:18285)
	at org.apache.hadoop.hive.metastore.api.ThriftHiveMetastore$Processor$drop_database.getResult(ThriftHiveMetastore.java:18264)
	at org.apache.thrift.ProcessFunction.process(ProcessFunction.java:38)
	at org.apache.hadoop.hive.metastore.TUGIBasedProcessor$1.run(TUGIBasedProcessor.java:111)
	at org.apache.hadoop.hive.metastore.TUGIBasedProcessor$1.run(TUGIBasedProcessor.java:107)
	at java.security.AccessController.doPrivileged(Native Method)
	at javax.security.auth.Subject.doAs(Subject.java:422)
	at org.apache.hadoop.security.UserGroupInformation.doAs(UserGroupInformation.java:1682)
	at org.apache.hadoop.hive.metastore.TUGIBasedProcessor.process(TUGIBasedProcessor.java:119)
	at org.apache.thrift.server.TThreadPoolServer$WorkerProcess.run(TThreadPoolServer.java:248)
	at java.util.concurrent.ThreadPoolExecutor.runWorker(ThreadPoolExecutor.java:1149)
	at java.util.concurrent.ThreadPoolExecutor$Worker.run(ThreadPoolExecutor.java:624)
	at java.lang.Thread.run(Thread.java:750)
Caused by: org.apache.derby.shared.common.error.DerbySQLIntegrityConstraintViolationException: DELETE on table 'DBS' caused a violation of foreign key constraint 'TBLS_FK1' for key (31).  The statement has been rolled back.
	at org.apache.derby.impl.jdbc.SQLExceptionFactory.getSQLException(Unknown Source)
	at org.apache.derby.impl.jdbc.Util.generateCsSQLException(Unknown Source)
	at org.apache.derby.impl.jdbc.TransactionResourceImpl.wrapInSQLException(Unknown Source)
	at org.apache.derby.impl.jdbc.TransactionResourceImpl.handleException(Unknown Source)
	at org.apache.derby.impl.jdbc.EmbedConnection.handleException(Unknown Source)
	at org.apache.derby.impl.jdbc.ConnectionChild.handleException(Unknown Source)
	at org.apache.derby.impl.jdbc.EmbedStatement.executeStatement(Unknown Source)
	at org.apache.derby.impl.jdbc.EmbedPreparedStatement.executeBatchElement(Unknown Source)
	... 47 more
Caused by: ERROR 23503: DELETE on table 'DBS' caused a violation of foreign key constraint 'TBLS_FK1' for key (31).  The statement has been rolled back.
	at org.apache.derby.iapi.error.StandardException.newException(Unknown Source)
	at org.apache.derby.iapi.error.StandardException.newException(Unknown Source)
	at org.apache.derby.impl.sql.execute.ReferencedKeyRIChecker.doCheck(Unknown Source)
	at org.apache.derby.impl.sql.execute.RISetChecker.doPKCheck(Unknown Source)
	at org.apache.derby.impl.sql.execute.DeleteResultSet.collectAffectedRows(Unknown Source)
	at org.apache.derby.impl.sql.execute.DeleteResultSet.open(Unknown Source)
	at org.apache.derby.impl.sql.GenericPreparedStatement.executeStmt(Unknown Source)
	at org.apache.derby.impl.sql.GenericPreparedStatement.execute(Unknown Source)
	... 49 more

2024-04-24T12:10:20,052  INFO [TThreadPoolServer WorkerProcess-%d] HiveMetaStore.audit: ugi=alex	ip=127.0.0.1	cmd=source:127.0.0.1 drop_database: @hive#testUpdateTableSchema_DBName	
2024-04-24T12:10:20,054  INFO [TThreadPoolServer WorkerProcess-%d] HiveMetaStore.audit: ugi=alex	ip=127.0.0.1	cmd=source:127.0.0.1 get_all_tables: db=@hive#testUpdateTableSchema_DBName	
2024-04-24T12:10:20,055  INFO [TThreadPoolServer WorkerProcess-%d] HiveMetaStore.audit: ugi=alex	ip=127.0.0.1	cmd=source:127.0.0.1 get_functions: db=@hive#testUpdateTableSchema_DBName pat=*	
2024-04-24T12:10:20,056  INFO [TThreadPoolServer WorkerProcess-%d] HiveMetaStore.audit: ugi=alex	ip=127.0.0.1	cmd=source:127.0.0.1 get_all_stored_procedures	
2024-04-24T12:10:20,057  INFO [TThreadPoolServer WorkerProcess-%d] HiveMetaStore.audit: ugi=alex	ip=127.0.0.1	cmd=source:127.0.0.1 get_all_packages	
2024-04-24T12:10:20,057  INFO [TThreadPoolServer WorkerProcess-%d] HiveMetaStore.audit: ugi=alex	ip=127.0.0.1	cmd=source:127.0.0.1 getTablesByTypeCore: catName=hive: db=testUpdateTableSchema_DBName pat=.*,type=MATERIALIZED_VIEW	
2024-04-24T12:10:20,059  INFO [TThreadPoolServer WorkerProcess-%d] metastore.ObjectStore: Dropping database hive.testUpdateTableSchema_DBName along with all tables
2024-04-24T12:10:20,063 ERROR [TThreadPoolServer WorkerProcess-%d] metastore.RetryingHMSHandler: Retrying HMSHandler after 2000 ms (attempt 9 of 10) with error: javax.jdo.JDODataStoreException: Exception thrown flushing changes to datastore
	at org.datanucleus.api.jdo.NucleusJDOHelper.getJDOExceptionForNucleusException(NucleusJDOHelper.java:542)
	at org.datanucleus.api.jdo.JDOPersistenceManager.flush(JDOPersistenceManager.java:2081)
	at org.apache.hadoop.hive.metastore.ObjectStore.addNotificationEvent(ObjectStore.java:11639)
	at sun.reflect.GeneratedMethodAccessor68.invoke(Unknown Source)
	at sun.reflect.DelegatingMethodAccessorImpl.invoke(DelegatingMethodAccessorImpl.java:43)
	at java.lang.reflect.Method.invoke(Method.java:498)
	at org.apache.hadoop.hive.metastore.RawStoreProxy.invoke(RawStoreProxy.java:97)
	at com.sun.proxy.$Proxy32.addNotificationEvent(Unknown Source)
	at org.apache.hive.hcatalog.listener.DbNotificationListener.process(DbNotificationListener.java:1403)
	at org.apache.hive.hcatalog.listener.DbNotificationListener.onDropDatabase(DbNotificationListener.java:513)
	at org.apache.hadoop.hive.metastore.MetaStoreListenerNotifier$26.notify(MetaStoreListenerNotifier.java:99)
	at org.apache.hadoop.hive.metastore.MetaStoreListenerNotifier.notifyEvent(MetaStoreListenerNotifier.java:339)
	at org.apache.hadoop.hive.metastore.HMSHandler.drop_database_core(HMSHandler.java:1785)
	at org.apache.hadoop.hive.metastore.HMSHandler.drop_database(HMSHandler.java:1869)
	at sun.reflect.GeneratedMethodAccessor74.invoke(Unknown Source)
	at sun.reflect.DelegatingMethodAccessorImpl.invoke(DelegatingMethodAccessorImpl.java:43)
	at java.lang.reflect.Method.invoke(Method.java:498)
	at org.apache.hadoop.hive.metastore.RetryingHMSHandler.invokeInternal(RetryingHMSHandler.java:147)
	at org.apache.hadoop.hive.metastore.RetryingHMSHandler.invoke(RetryingHMSHandler.java:108)
	at com.sun.proxy.$Proxy34.drop_database(Unknown Source)
	at org.apache.hadoop.hive.metastore.api.ThriftHiveMetastore$Processor$drop_database.getResult(ThriftHiveMetastore.java:18285)
	at org.apache.hadoop.hive.metastore.api.ThriftHiveMetastore$Processor$drop_database.getResult(ThriftHiveMetastore.java:18264)
	at org.apache.thrift.ProcessFunction.process(ProcessFunction.java:38)
	at org.apache.hadoop.hive.metastore.TUGIBasedProcessor$1.run(TUGIBasedProcessor.java:111)
	at org.apache.hadoop.hive.metastore.TUGIBasedProcessor$1.run(TUGIBasedProcessor.java:107)
	at java.security.AccessController.doPrivileged(Native Method)
	at javax.security.auth.Subject.doAs(Subject.java:422)
	at org.apache.hadoop.security.UserGroupInformation.doAs(UserGroupInformation.java:1682)
	at org.apache.hadoop.hive.metastore.TUGIBasedProcessor.process(TUGIBasedProcessor.java:119)
	at org.apache.thrift.server.TThreadPoolServer$WorkerProcess.run(TThreadPoolServer.java:248)
	at java.util.concurrent.ThreadPoolExecutor.runWorker(ThreadPoolExecutor.java:1149)
	at java.util.concurrent.ThreadPoolExecutor$Worker.run(ThreadPoolExecutor.java:624)
	at java.lang.Thread.run(Thread.java:750)
NestedThrowablesStackTrace:
java.sql.BatchUpdateException: DELETE on table 'DBS' caused a violation of foreign key constraint 'TBLS_FK1' for key (31).  The statement has been rolled back.
	at org.apache.derby.impl.jdbc.EmbedStatement.executeLargeBatch(Unknown Source)
	at org.apache.derby.impl.jdbc.EmbedStatement.executeBatch(Unknown Source)
	at com.zaxxer.hikari.pool.ProxyStatement.executeBatch(ProxyStatement.java:128)
	at com.zaxxer.hikari.pool.HikariProxyPreparedStatement.executeBatch(HikariProxyPreparedStatement.java)
	at org.datanucleus.store.rdbms.ParamLoggingPreparedStatement.executeBatch(ParamLoggingPreparedStatement.java:366)
	at org.datanucleus.store.rdbms.SQLController.processConnectionStatement(SQLController.java:675)
	at org.datanucleus.store.rdbms.SQLController.processStatementsForConnection(SQLController.java:643)
	at org.datanucleus.store.rdbms.SQLController$1.transactionFlushed(SQLController.java:729)
	at org.datanucleus.store.connection.AbstractManagedConnection.transactionFlushed(AbstractManagedConnection.java:95)
	at org.datanucleus.store.connection.ConnectionManagerImpl$2.transactionFlushed(ConnectionManagerImpl.java:528)
	at org.datanucleus.TransactionImpl.flush(TransactionImpl.java:222)
	at org.datanucleus.ExecutionContextImpl.flushInternal(ExecutionContextImpl.java:4068)
	at org.datanucleus.ExecutionContextThreadedImpl.flushInternal(ExecutionContextThreadedImpl.java:448)
	at org.datanucleus.ExecutionContextImpl.flush(ExecutionContextImpl.java:4009)
	at org.datanucleus.ExecutionContextThreadedImpl.flush(ExecutionContextThreadedImpl.java:434)
	at org.datanucleus.api.jdo.JDOPersistenceManager.flush(JDOPersistenceManager.java:2064)
	at org.apache.hadoop.hive.metastore.ObjectStore.addNotificationEvent(ObjectStore.java:11639)
	at sun.reflect.GeneratedMethodAccessor68.invoke(Unknown Source)
	at sun.reflect.DelegatingMethodAccessorImpl.invoke(DelegatingMethodAccessorImpl.java:43)
	at java.lang.reflect.Method.invoke(Method.java:498)
	at org.apache.hadoop.hive.metastore.RawStoreProxy.invoke(RawStoreProxy.java:97)
	at com.sun.proxy.$Proxy32.addNotificationEvent(Unknown Source)
	at org.apache.hive.hcatalog.listener.DbNotificationListener.process(DbNotificationListener.java:1403)
	at org.apache.hive.hcatalog.listener.DbNotificationListener.onDropDatabase(DbNotificationListener.java:513)
	at org.apache.hadoop.hive.metastore.MetaStoreListenerNotifier$26.notify(MetaStoreListenerNotifier.java:99)
	at org.apache.hadoop.hive.metastore.MetaStoreListenerNotifier.notifyEvent(MetaStoreListenerNotifier.java:339)
	at org.apache.hadoop.hive.metastore.HMSHandler.drop_database_core(HMSHandler.java:1785)
	at org.apache.hadoop.hive.metastore.HMSHandler.drop_database(HMSHandler.java:1869)
	at sun.reflect.GeneratedMethodAccessor74.invoke(Unknown Source)
	at sun.reflect.DelegatingMethodAccessorImpl.invoke(DelegatingMethodAccessorImpl.java:43)
	at java.lang.reflect.Method.invoke(Method.java:498)
	at org.apache.hadoop.hive.metastore.RetryingHMSHandler.invokeInternal(RetryingHMSHandler.java:147)
	at org.apache.hadoop.hive.metastore.RetryingHMSHandler.invoke(RetryingHMSHandler.java:108)
	at com.sun.proxy.$Proxy34.drop_database(Unknown Source)
	at org.apache.hadoop.hive.metastore.api.ThriftHiveMetastore$Processor$drop_database.getResult(ThriftHiveMetastore.java:18285)
	at org.apache.hadoop.hive.metastore.api.ThriftHiveMetastore$Processor$drop_database.getResult(ThriftHiveMetastore.java:18264)
	at org.apache.thrift.ProcessFunction.process(ProcessFunction.java:38)
	at org.apache.hadoop.hive.metastore.TUGIBasedProcessor$1.run(TUGIBasedProcessor.java:111)
	at org.apache.hadoop.hive.metastore.TUGIBasedProcessor$1.run(TUGIBasedProcessor.java:107)
	at java.security.AccessController.doPrivileged(Native Method)
	at javax.security.auth.Subject.doAs(Subject.java:422)
	at org.apache.hadoop.security.UserGroupInformation.doAs(UserGroupInformation.java:1682)
	at org.apache.hadoop.hive.metastore.TUGIBasedProcessor.process(TUGIBasedProcessor.java:119)
	at org.apache.thrift.server.TThreadPoolServer$WorkerProcess.run(TThreadPoolServer.java:248)
	at java.util.concurrent.ThreadPoolExecutor.runWorker(ThreadPoolExecutor.java:1149)
	at java.util.concurrent.ThreadPoolExecutor$Worker.run(ThreadPoolExecutor.java:624)
	at java.lang.Thread.run(Thread.java:750)
Caused by: org.apache.derby.shared.common.error.DerbySQLIntegrityConstraintViolationException: DELETE on table 'DBS' caused a violation of foreign key constraint 'TBLS_FK1' for key (31).  The statement has been rolled back.
	at org.apache.derby.impl.jdbc.SQLExceptionFactory.getSQLException(Unknown Source)
	at org.apache.derby.impl.jdbc.Util.generateCsSQLException(Unknown Source)
	at org.apache.derby.impl.jdbc.TransactionResourceImpl.wrapInSQLException(Unknown Source)
	at org.apache.derby.impl.jdbc.TransactionResourceImpl.handleException(Unknown Source)
	at org.apache.derby.impl.jdbc.EmbedConnection.handleException(Unknown Source)
	at org.apache.derby.impl.jdbc.ConnectionChild.handleException(Unknown Source)
	at org.apache.derby.impl.jdbc.EmbedStatement.executeStatement(Unknown Source)
	at org.apache.derby.impl.jdbc.EmbedPreparedStatement.executeBatchElement(Unknown Source)
	... 47 more
Caused by: ERROR 23503: DELETE on table 'DBS' caused a violation of foreign key constraint 'TBLS_FK1' for key (31).  The statement has been rolled back.
	at org.apache.derby.iapi.error.StandardException.newException(Unknown Source)
	at org.apache.derby.iapi.error.StandardException.newException(Unknown Source)
	at org.apache.derby.impl.sql.execute.ReferencedKeyRIChecker.doCheck(Unknown Source)
	at org.apache.derby.impl.sql.execute.RISetChecker.doPKCheck(Unknown Source)
	at org.apache.derby.impl.sql.execute.DeleteResultSet.collectAffectedRows(Unknown Source)
	at org.apache.derby.impl.sql.execute.DeleteResultSet.open(Unknown Source)
	at org.apache.derby.impl.sql.GenericPreparedStatement.executeStmt(Unknown Source)
	at org.apache.derby.impl.sql.GenericPreparedStatement.execute(Unknown Source)
	... 49 more

2024-04-24T12:10:22,063  INFO [TThreadPoolServer WorkerProcess-%d] HiveMetaStore.audit: ugi=alex	ip=127.0.0.1	cmd=source:127.0.0.1 drop_database: @hive#testUpdateTableSchema_DBName	
2024-04-24T12:10:22,065  INFO [TThreadPoolServer WorkerProcess-%d] HiveMetaStore.audit: ugi=alex	ip=127.0.0.1	cmd=source:127.0.0.1 get_all_tables: db=@hive#testUpdateTableSchema_DBName	
2024-04-24T12:10:22,067  INFO [TThreadPoolServer WorkerProcess-%d] HiveMetaStore.audit: ugi=alex	ip=127.0.0.1	cmd=source:127.0.0.1 get_functions: db=@hive#testUpdateTableSchema_DBName pat=*	
2024-04-24T12:10:22,069  INFO [TThreadPoolServer WorkerProcess-%d] HiveMetaStore.audit: ugi=alex	ip=127.0.0.1	cmd=source:127.0.0.1 get_all_stored_procedures	
2024-04-24T12:10:22,070  INFO [TThreadPoolServer WorkerProcess-%d] HiveMetaStore.audit: ugi=alex	ip=127.0.0.1	cmd=source:127.0.0.1 get_all_packages	
2024-04-24T12:10:22,070  INFO [TThreadPoolServer WorkerProcess-%d] HiveMetaStore.audit: ugi=alex	ip=127.0.0.1	cmd=source:127.0.0.1 getTablesByTypeCore: catName=hive: db=testUpdateTableSchema_DBName pat=.*,type=MATERIALIZED_VIEW	
2024-04-24T12:10:22,072  INFO [TThreadPoolServer WorkerProcess-%d] metastore.ObjectStore: Dropping database hive.testUpdateTableSchema_DBName along with all tables
2024-04-24T12:10:22,074 ERROR [TThreadPoolServer WorkerProcess-%d] metastore.RetryingHMSHandler: Retrying HMSHandler after 2000 ms (attempt 10 of 10) with error: javax.jdo.JDODataStoreException: Exception thrown flushing changes to datastore
	at org.datanucleus.api.jdo.NucleusJDOHelper.getJDOExceptionForNucleusException(NucleusJDOHelper.java:542)
	at org.datanucleus.api.jdo.JDOPersistenceManager.flush(JDOPersistenceManager.java:2081)
	at org.apache.hadoop.hive.metastore.ObjectStore.addNotificationEvent(ObjectStore.java:11639)
	at sun.reflect.GeneratedMethodAccessor68.invoke(Unknown Source)
	at sun.reflect.DelegatingMethodAccessorImpl.invoke(DelegatingMethodAccessorImpl.java:43)
	at java.lang.reflect.Method.invoke(Method.java:498)
	at org.apache.hadoop.hive.metastore.RawStoreProxy.invoke(RawStoreProxy.java:97)
	at com.sun.proxy.$Proxy32.addNotificationEvent(Unknown Source)
	at org.apache.hive.hcatalog.listener.DbNotificationListener.process(DbNotificationListener.java:1403)
	at org.apache.hive.hcatalog.listener.DbNotificationListener.onDropDatabase(DbNotificationListener.java:513)
	at org.apache.hadoop.hive.metastore.MetaStoreListenerNotifier$26.notify(MetaStoreListenerNotifier.java:99)
	at org.apache.hadoop.hive.metastore.MetaStoreListenerNotifier.notifyEvent(MetaStoreListenerNotifier.java:339)
	at org.apache.hadoop.hive.metastore.HMSHandler.drop_database_core(HMSHandler.java:1785)
	at org.apache.hadoop.hive.metastore.HMSHandler.drop_database(HMSHandler.java:1869)
	at sun.reflect.GeneratedMethodAccessor74.invoke(Unknown Source)
	at sun.reflect.DelegatingMethodAccessorImpl.invoke(DelegatingMethodAccessorImpl.java:43)
	at java.lang.reflect.Method.invoke(Method.java:498)
	at org.apache.hadoop.hive.metastore.RetryingHMSHandler.invokeInternal(RetryingHMSHandler.java:147)
	at org.apache.hadoop.hive.metastore.RetryingHMSHandler.invoke(RetryingHMSHandler.java:108)
	at com.sun.proxy.$Proxy34.drop_database(Unknown Source)
	at org.apache.hadoop.hive.metastore.api.ThriftHiveMetastore$Processor$drop_database.getResult(ThriftHiveMetastore.java:18285)
	at org.apache.hadoop.hive.metastore.api.ThriftHiveMetastore$Processor$drop_database.getResult(ThriftHiveMetastore.java:18264)
	at org.apache.thrift.ProcessFunction.process(ProcessFunction.java:38)
	at org.apache.hadoop.hive.metastore.TUGIBasedProcessor$1.run(TUGIBasedProcessor.java:111)
	at org.apache.hadoop.hive.metastore.TUGIBasedProcessor$1.run(TUGIBasedProcessor.java:107)
	at java.security.AccessController.doPrivileged(Native Method)
	at javax.security.auth.Subject.doAs(Subject.java:422)
	at org.apache.hadoop.security.UserGroupInformation.doAs(UserGroupInformation.java:1682)
	at org.apache.hadoop.hive.metastore.TUGIBasedProcessor.process(TUGIBasedProcessor.java:119)
	at org.apache.thrift.server.TThreadPoolServer$WorkerProcess.run(TThreadPoolServer.java:248)
	at java.util.concurrent.ThreadPoolExecutor.runWorker(ThreadPoolExecutor.java:1149)
	at java.util.concurrent.ThreadPoolExecutor$Worker.run(ThreadPoolExecutor.java:624)
	at java.lang.Thread.run(Thread.java:750)
NestedThrowablesStackTrace:
java.sql.BatchUpdateException: DELETE on table 'DBS' caused a violation of foreign key constraint 'TBLS_FK1' for key (31).  The statement has been rolled back.
	at org.apache.derby.impl.jdbc.EmbedStatement.executeLargeBatch(Unknown Source)
	at org.apache.derby.impl.jdbc.EmbedStatement.executeBatch(Unknown Source)
	at com.zaxxer.hikari.pool.ProxyStatement.executeBatch(ProxyStatement.java:128)
	at com.zaxxer.hikari.pool.HikariProxyPreparedStatement.executeBatch(HikariProxyPreparedStatement.java)
	at org.datanucleus.store.rdbms.ParamLoggingPreparedStatement.executeBatch(ParamLoggingPreparedStatement.java:366)
	at org.datanucleus.store.rdbms.SQLController.processConnectionStatement(SQLController.java:675)
	at org.datanucleus.store.rdbms.SQLController.processStatementsForConnection(SQLController.java:643)
	at org.datanucleus.store.rdbms.SQLController$1.transactionFlushed(SQLController.java:729)
	at org.datanucleus.store.connection.AbstractManagedConnection.transactionFlushed(AbstractManagedConnection.java:95)
	at org.datanucleus.store.connection.ConnectionManagerImpl$2.transactionFlushed(ConnectionManagerImpl.java:528)
	at org.datanucleus.TransactionImpl.flush(TransactionImpl.java:222)
	at org.datanucleus.ExecutionContextImpl.flushInternal(ExecutionContextImpl.java:4068)
	at org.datanucleus.ExecutionContextThreadedImpl.flushInternal(ExecutionContextThreadedImpl.java:448)
	at org.datanucleus.ExecutionContextImpl.flush(ExecutionContextImpl.java:4009)
	at org.datanucleus.ExecutionContextThreadedImpl.flush(ExecutionContextThreadedImpl.java:434)
	at org.datanucleus.api.jdo.JDOPersistenceManager.flush(JDOPersistenceManager.java:2064)
	at org.apache.hadoop.hive.metastore.ObjectStore.addNotificationEvent(ObjectStore.java:11639)
	at sun.reflect.GeneratedMethodAccessor68.invoke(Unknown Source)
	at sun.reflect.DelegatingMethodAccessorImpl.invoke(DelegatingMethodAccessorImpl.java:43)
	at java.lang.reflect.Method.invoke(Method.java:498)
	at org.apache.hadoop.hive.metastore.RawStoreProxy.invoke(RawStoreProxy.java:97)
	at com.sun.proxy.$Proxy32.addNotificationEvent(Unknown Source)
	at org.apache.hive.hcatalog.listener.DbNotificationListener.process(DbNotificationListener.java:1403)
	at org.apache.hive.hcatalog.listener.DbNotificationListener.onDropDatabase(DbNotificationListener.java:513)
	at org.apache.hadoop.hive.metastore.MetaStoreListenerNotifier$26.notify(MetaStoreListenerNotifier.java:99)
	at org.apache.hadoop.hive.metastore.MetaStoreListenerNotifier.notifyEvent(MetaStoreListenerNotifier.java:339)
	at org.apache.hadoop.hive.metastore.HMSHandler.drop_database_core(HMSHandler.java:1785)
	at org.apache.hadoop.hive.metastore.HMSHandler.drop_database(HMSHandler.java:1869)
	at sun.reflect.GeneratedMethodAccessor74.invoke(Unknown Source)
	at sun.reflect.DelegatingMethodAccessorImpl.invoke(DelegatingMethodAccessorImpl.java:43)
	at java.lang.reflect.Method.invoke(Method.java:498)
	at org.apache.hadoop.hive.metastore.RetryingHMSHandler.invokeInternal(RetryingHMSHandler.java:147)
	at org.apache.hadoop.hive.metastore.RetryingHMSHandler.invoke(RetryingHMSHandler.java:108)
	at com.sun.proxy.$Proxy34.drop_database(Unknown Source)
	at org.apache.hadoop.hive.metastore.api.ThriftHiveMetastore$Processor$drop_database.getResult(ThriftHiveMetastore.java:18285)
	at org.apache.hadoop.hive.metastore.api.ThriftHiveMetastore$Processor$drop_database.getResult(ThriftHiveMetastore.java:18264)
	at org.apache.thrift.ProcessFunction.process(ProcessFunction.java:38)
	at org.apache.hadoop.hive.metastore.TUGIBasedProcessor$1.run(TUGIBasedProcessor.java:111)
	at org.apache.hadoop.hive.metastore.TUGIBasedProcessor$1.run(TUGIBasedProcessor.java:107)
	at java.security.AccessController.doPrivileged(Native Method)
	at javax.security.auth.Subject.doAs(Subject.java:422)
	at org.apache.hadoop.security.UserGroupInformation.doAs(UserGroupInformation.java:1682)
	at org.apache.hadoop.hive.metastore.TUGIBasedProcessor.process(TUGIBasedProcessor.java:119)
	at org.apache.thrift.server.TThreadPoolServer$WorkerProcess.run(TThreadPoolServer.java:248)
	at java.util.concurrent.ThreadPoolExecutor.runWorker(ThreadPoolExecutor.java:1149)
	at java.util.concurrent.ThreadPoolExecutor$Worker.run(ThreadPoolExecutor.java:624)
	at java.lang.Thread.run(Thread.java:750)
Caused by: org.apache.derby.shared.common.error.DerbySQLIntegrityConstraintViolationException: DELETE on table 'DBS' caused a violation of foreign key constraint 'TBLS_FK1' for key (31).  The statement has been rolled back.
	at org.apache.derby.impl.jdbc.SQLExceptionFactory.getSQLException(Unknown Source)
	at org.apache.derby.impl.jdbc.Util.generateCsSQLException(Unknown Source)
	at org.apache.derby.impl.jdbc.TransactionResourceImpl.wrapInSQLException(Unknown Source)
	at org.apache.derby.impl.jdbc.TransactionResourceImpl.handleException(Unknown Source)
	at org.apache.derby.impl.jdbc.EmbedConnection.handleException(Unknown Source)
	at org.apache.derby.impl.jdbc.ConnectionChild.handleException(Unknown Source)
	at org.apache.derby.impl.jdbc.EmbedStatement.executeStatement(Unknown Source)
	at org.apache.derby.impl.jdbc.EmbedPreparedStatement.executeBatchElement(Unknown Source)
	... 47 more
Caused by: ERROR 23503: DELETE on table 'DBS' caused a violation of foreign key constraint 'TBLS_FK1' for key (31).  The statement has been rolled back.
	at org.apache.derby.iapi.error.StandardException.newException(Unknown Source)
	at org.apache.derby.iapi.error.StandardException.newException(Unknown Source)
	at org.apache.derby.impl.sql.execute.ReferencedKeyRIChecker.doCheck(Unknown Source)
	at org.apache.derby.impl.sql.execute.RISetChecker.doPKCheck(Unknown Source)
	at org.apache.derby.impl.sql.execute.DeleteResultSet.collectAffectedRows(Unknown Source)
	at org.apache.derby.impl.sql.execute.DeleteResultSet.open(Unknown Source)
	at org.apache.derby.impl.sql.GenericPreparedStatement.executeStmt(Unknown Source)
	at org.apache.derby.impl.sql.GenericPreparedStatement.execute(Unknown Source)
	... 49 more

2024-04-24T12:10:24,075  INFO [TThreadPoolServer WorkerProcess-%d] HiveMetaStore.audit: ugi=alex	ip=127.0.0.1	cmd=source:127.0.0.1 drop_database: @hive#testUpdateTableSchema_DBName	
2024-04-24T12:10:24,077  INFO [TThreadPoolServer WorkerProcess-%d] HiveMetaStore.audit: ugi=alex	ip=127.0.0.1	cmd=source:127.0.0.1 get_all_tables: db=@hive#testUpdateTableSchema_DBName	
2024-04-24T12:10:24,078  INFO [TThreadPoolServer WorkerProcess-%d] HiveMetaStore.audit: ugi=alex	ip=127.0.0.1	cmd=source:127.0.0.1 get_functions: db=@hive#testUpdateTableSchema_DBName pat=*	
2024-04-24T12:10:24,080  INFO [TThreadPoolServer WorkerProcess-%d] HiveMetaStore.audit: ugi=alex	ip=127.0.0.1	cmd=source:127.0.0.1 get_all_stored_procedures	
2024-04-24T12:10:24,081  INFO [TThreadPoolServer WorkerProcess-%d] HiveMetaStore.audit: ugi=alex	ip=127.0.0.1	cmd=source:127.0.0.1 get_all_packages	
2024-04-24T12:10:24,081  INFO [TThreadPoolServer WorkerProcess-%d] HiveMetaStore.audit: ugi=alex	ip=127.0.0.1	cmd=source:127.0.0.1 getTablesByTypeCore: catName=hive: db=testUpdateTableSchema_DBName pat=.*,type=MATERIALIZED_VIEW	
2024-04-24T12:10:24,083  INFO [TThreadPoolServer WorkerProcess-%d] metastore.ObjectStore: Dropping database hive.testUpdateTableSchema_DBName along with all tables
2024-04-24T12:10:24,085 ERROR [TThreadPoolServer WorkerProcess-%d] metastore.RetryingHMSHandler: HMSHandler Fatal error: javax.jdo.JDODataStoreException: Exception thrown flushing changes to datastore
	at org.datanucleus.api.jdo.NucleusJDOHelper.getJDOExceptionForNucleusException(NucleusJDOHelper.java:542)
	at org.datanucleus.api.jdo.JDOPersistenceManager.flush(JDOPersistenceManager.java:2081)
	at org.apache.hadoop.hive.metastore.ObjectStore.addNotificationEvent(ObjectStore.java:11639)
	at sun.reflect.GeneratedMethodAccessor68.invoke(Unknown Source)
	at sun.reflect.DelegatingMethodAccessorImpl.invoke(DelegatingMethodAccessorImpl.java:43)
	at java.lang.reflect.Method.invoke(Method.java:498)
	at org.apache.hadoop.hive.metastore.RawStoreProxy.invoke(RawStoreProxy.java:97)
	at com.sun.proxy.$Proxy32.addNotificationEvent(Unknown Source)
	at org.apache.hive.hcatalog.listener.DbNotificationListener.process(DbNotificationListener.java:1403)
	at org.apache.hive.hcatalog.listener.DbNotificationListener.onDropDatabase(DbNotificationListener.java:513)
	at org.apache.hadoop.hive.metastore.MetaStoreListenerNotifier$26.notify(MetaStoreListenerNotifier.java:99)
	at org.apache.hadoop.hive.metastore.MetaStoreListenerNotifier.notifyEvent(MetaStoreListenerNotifier.java:339)
	at org.apache.hadoop.hive.metastore.HMSHandler.drop_database_core(HMSHandler.java:1785)
	at org.apache.hadoop.hive.metastore.HMSHandler.drop_database(HMSHandler.java:1869)
	at sun.reflect.GeneratedMethodAccessor74.invoke(Unknown Source)
	at sun.reflect.DelegatingMethodAccessorImpl.invoke(DelegatingMethodAccessorImpl.java:43)
	at java.lang.reflect.Method.invoke(Method.java:498)
	at org.apache.hadoop.hive.metastore.RetryingHMSHandler.invokeInternal(RetryingHMSHandler.java:147)
	at org.apache.hadoop.hive.metastore.RetryingHMSHandler.invoke(RetryingHMSHandler.java:108)
	at com.sun.proxy.$Proxy34.drop_database(Unknown Source)
	at org.apache.hadoop.hive.metastore.api.ThriftHiveMetastore$Processor$drop_database.getResult(ThriftHiveMetastore.java:18285)
	at org.apache.hadoop.hive.metastore.api.ThriftHiveMetastore$Processor$drop_database.getResult(ThriftHiveMetastore.java:18264)
	at org.apache.thrift.ProcessFunction.process(ProcessFunction.java:38)
	at org.apache.hadoop.hive.metastore.TUGIBasedProcessor$1.run(TUGIBasedProcessor.java:111)
	at org.apache.hadoop.hive.metastore.TUGIBasedProcessor$1.run(TUGIBasedProcessor.java:107)
	at java.security.AccessController.doPrivileged(Native Method)
	at javax.security.auth.Subject.doAs(Subject.java:422)
	at org.apache.hadoop.security.UserGroupInformation.doAs(UserGroupInformation.java:1682)
	at org.apache.hadoop.hive.metastore.TUGIBasedProcessor.process(TUGIBasedProcessor.java:119)
	at org.apache.thrift.server.TThreadPoolServer$WorkerProcess.run(TThreadPoolServer.java:248)
	at java.util.concurrent.ThreadPoolExecutor.runWorker(ThreadPoolExecutor.java:1149)
	at java.util.concurrent.ThreadPoolExecutor$Worker.run(ThreadPoolExecutor.java:624)
	at java.lang.Thread.run(Thread.java:750)
NestedThrowablesStackTrace:
java.sql.BatchUpdateException: DELETE on table 'DBS' caused a violation of foreign key constraint 'TBLS_FK1' for key (31).  The statement has been rolled back.
	at org.apache.derby.impl.jdbc.EmbedStatement.executeLargeBatch(Unknown Source)
	at org.apache.derby.impl.jdbc.EmbedStatement.executeBatch(Unknown Source)
	at com.zaxxer.hikari.pool.ProxyStatement.executeBatch(ProxyStatement.java:128)
	at com.zaxxer.hikari.pool.HikariProxyPreparedStatement.executeBatch(HikariProxyPreparedStatement.java)
	at org.datanucleus.store.rdbms.ParamLoggingPreparedStatement.executeBatch(ParamLoggingPreparedStatement.java:366)
	at org.datanucleus.store.rdbms.SQLController.processConnectionStatement(SQLController.java:675)
	at org.datanucleus.store.rdbms.SQLController.processStatementsForConnection(SQLController.java:643)
	at org.datanucleus.store.rdbms.SQLController$1.transactionFlushed(SQLController.java:729)
	at org.datanucleus.store.connection.AbstractManagedConnection.transactionFlushed(AbstractManagedConnection.java:95)
	at org.datanucleus.store.connection.ConnectionManagerImpl$2.transactionFlushed(ConnectionManagerImpl.java:528)
	at org.datanucleus.TransactionImpl.flush(TransactionImpl.java:222)
	at org.datanucleus.ExecutionContextImpl.flushInternal(ExecutionContextImpl.java:4068)
	at org.datanucleus.ExecutionContextThreadedImpl.flushInternal(ExecutionContextThreadedImpl.java:448)
	at org.datanucleus.ExecutionContextImpl.flush(ExecutionContextImpl.java:4009)
	at org.datanucleus.ExecutionContextThreadedImpl.flush(ExecutionContextThreadedImpl.java:434)
	at org.datanucleus.api.jdo.JDOPersistenceManager.flush(JDOPersistenceManager.java:2064)
	at org.apache.hadoop.hive.metastore.ObjectStore.addNotificationEvent(ObjectStore.java:11639)
	at sun.reflect.GeneratedMethodAccessor68.invoke(Unknown Source)
	at sun.reflect.DelegatingMethodAccessorImpl.invoke(DelegatingMethodAccessorImpl.java:43)
	at java.lang.reflect.Method.invoke(Method.java:498)
	at org.apache.hadoop.hive.metastore.RawStoreProxy.invoke(RawStoreProxy.java:97)
	at com.sun.proxy.$Proxy32.addNotificationEvent(Unknown Source)
	at org.apache.hive.hcatalog.listener.DbNotificationListener.process(DbNotificationListener.java:1403)
	at org.apache.hive.hcatalog.listener.DbNotificationListener.onDropDatabase(DbNotificationListener.java:513)
	at org.apache.hadoop.hive.metastore.MetaStoreListenerNotifier$26.notify(MetaStoreListenerNotifier.java:99)
	at org.apache.hadoop.hive.metastore.MetaStoreListenerNotifier.notifyEvent(MetaStoreListenerNotifier.java:339)
	at org.apache.hadoop.hive.metastore.HMSHandler.drop_database_core(HMSHandler.java:1785)
	at org.apache.hadoop.hive.metastore.HMSHandler.drop_database(HMSHandler.java:1869)
	at sun.reflect.GeneratedMethodAccessor74.invoke(Unknown Source)
	at sun.reflect.DelegatingMethodAccessorImpl.invoke(DelegatingMethodAccessorImpl.java:43)
	at java.lang.reflect.Method.invoke(Method.java:498)
	at org.apache.hadoop.hive.metastore.RetryingHMSHandler.invokeInternal(RetryingHMSHandler.java:147)
	at org.apache.hadoop.hive.metastore.RetryingHMSHandler.invoke(RetryingHMSHandler.java:108)
	at com.sun.proxy.$Proxy34.drop_database(Unknown Source)
	at org.apache.hadoop.hive.metastore.api.ThriftHiveMetastore$Processor$drop_database.getResult(ThriftHiveMetastore.java:18285)
	at org.apache.hadoop.hive.metastore.api.ThriftHiveMetastore$Processor$drop_database.getResult(ThriftHiveMetastore.java:18264)
	at org.apache.thrift.ProcessFunction.process(ProcessFunction.java:38)
	at org.apache.hadoop.hive.metastore.TUGIBasedProcessor$1.run(TUGIBasedProcessor.java:111)
	at org.apache.hadoop.hive.metastore.TUGIBasedProcessor$1.run(TUGIBasedProcessor.java:107)
	at java.security.AccessController.doPrivileged(Native Method)
	at javax.security.auth.Subject.doAs(Subject.java:422)
	at org.apache.hadoop.security.UserGroupInformation.doAs(UserGroupInformation.java:1682)
	at org.apache.hadoop.hive.metastore.TUGIBasedProcessor.process(TUGIBasedProcessor.java:119)
	at org.apache.thrift.server.TThreadPoolServer$WorkerProcess.run(TThreadPoolServer.java:248)
	at java.util.concurrent.ThreadPoolExecutor.runWorker(ThreadPoolExecutor.java:1149)
	at java.util.concurrent.ThreadPoolExecutor$Worker.run(ThreadPoolExecutor.java:624)
	at java.lang.Thread.run(Thread.java:750)
Caused by: org.apache.derby.shared.common.error.DerbySQLIntegrityConstraintViolationException: DELETE on table 'DBS' caused a violation of foreign key constraint 'TBLS_FK1' for key (31).  The statement has been rolled back.
	at org.apache.derby.impl.jdbc.SQLExceptionFactory.getSQLException(Unknown Source)
	at org.apache.derby.impl.jdbc.Util.generateCsSQLException(Unknown Source)
	at org.apache.derby.impl.jdbc.TransactionResourceImpl.wrapInSQLException(Unknown Source)
	at org.apache.derby.impl.jdbc.TransactionResourceImpl.handleException(Unknown Source)
	at org.apache.derby.impl.jdbc.EmbedConnection.handleException(Unknown Source)
	at org.apache.derby.impl.jdbc.ConnectionChild.handleException(Unknown Source)
	at org.apache.derby.impl.jdbc.EmbedStatement.executeStatement(Unknown Source)
	at org.apache.derby.impl.jdbc.EmbedPreparedStatement.executeBatchElement(Unknown Source)
	... 47 more
Caused by: ERROR 23503: DELETE on table 'DBS' caused a violation of foreign key constraint 'TBLS_FK1' for key (31).  The statement has been rolled back.
	at org.apache.derby.iapi.error.StandardException.newException(Unknown Source)
	at org.apache.derby.iapi.error.StandardException.newException(Unknown Source)
	at org.apache.derby.impl.sql.execute.ReferencedKeyRIChecker.doCheck(Unknown Source)
	at org.apache.derby.impl.sql.execute.RISetChecker.doPKCheck(Unknown Source)
	at org.apache.derby.impl.sql.execute.DeleteResultSet.collectAffectedRows(Unknown Source)
	at org.apache.derby.impl.sql.execute.DeleteResultSet.open(Unknown Source)
	at org.apache.derby.impl.sql.GenericPreparedStatement.executeStmt(Unknown Source)
	at org.apache.derby.impl.sql.GenericPreparedStatement.execute(Unknown Source)
	... 49 more

2024-04-24T12:10:24,086 ERROR [main] api.TestHCatClient: Unexpected exception.
org.apache.hive.hcatalog.common.HCatException: org.apache.hive.hcatalog.common.HCatException : 9001 : Exception occurred while processing HCat request : MetaException while dropping db.. Cause : MetaException(message:javax.jdo.JDODataStoreException: Exception thrown flushing changes to datastore
NestedThrowables:
java.sql.BatchUpdateException: DELETE on table 'DBS' caused a violation of foreign key constraint 'TBLS_FK1' for key (31).  The statement has been rolled back.)
	at org.apache.hive.hcatalog.api.HCatClientHMSImpl.dropDatabase(HCatClientHMSImpl.java:164) ~[classes/:?]
	at org.apache.hive.hcatalog.api.TestHCatClient.testUpdateTableSchema(TestHCatClient.java:555) [test-classes/:?]
	at sun.reflect.NativeMethodAccessorImpl.invoke0(Native Method) ~[?:1.8.0_402]
	at sun.reflect.NativeMethodAccessorImpl.invoke(NativeMethodAccessorImpl.java:62) ~[?:1.8.0_402]
	at sun.reflect.DelegatingMethodAccessorImpl.invoke(DelegatingMethodAccessorImpl.java:43) ~[?:1.8.0_402]
	at java.lang.reflect.Method.invoke(Method.java:498) ~[?:1.8.0_402]
	at org.junit.runners.model.FrameworkMethod$1.runReflectiveCall(FrameworkMethod.java:59) [junit-4.13.jar:4.13]
	at org.junit.internal.runners.model.ReflectiveCallable.run(ReflectiveCallable.java:12) [junit-4.13.jar:4.13]
	at org.junit.runners.model.FrameworkMethod.invokeExplosively(FrameworkMethod.java:56) [junit-4.13.jar:4.13]
	at org.junit.internal.runners.statements.InvokeMethod.evaluate(InvokeMethod.java:17) [junit-4.13.jar:4.13]
	at org.junit.runners.ParentRunner$3.evaluate(ParentRunner.java:306) [junit-4.13.jar:4.13]
	at org.junit.runners.BlockJUnit4ClassRunner$1.evaluate(BlockJUnit4ClassRunner.java:100) [junit-4.13.jar:4.13]
	at org.junit.runners.ParentRunner.runLeaf(ParentRunner.java:366) [junit-4.13.jar:4.13]
	at org.junit.runners.BlockJUnit4ClassRunner.runChild(BlockJUnit4ClassRunner.java:103) [junit-4.13.jar:4.13]
	at org.junit.runners.BlockJUnit4ClassRunner.runChild(BlockJUnit4ClassRunner.java:63) [junit-4.13.jar:4.13]
	at org.junit.runners.ParentRunner$4.run(ParentRunner.java:331) [junit-4.13.jar:4.13]
	at org.junit.runners.ParentRunner$1.schedule(ParentRunner.java:79) [junit-4.13.jar:4.13]
	at org.junit.runners.ParentRunner.runChildren(ParentRunner.java:329) [junit-4.13.jar:4.13]
	at org.junit.runners.ParentRunner.access$100(ParentRunner.java:66) [junit-4.13.jar:4.13]
	at org.junit.runners.ParentRunner$2.evaluate(ParentRunner.java:293) [junit-4.13.jar:4.13]
	at org.junit.internal.runners.statements.RunBefores.evaluate(RunBefores.java:26) [junit-4.13.jar:4.13]
	at org.junit.internal.runners.statements.RunAfters.evaluate(RunAfters.java:27) [junit-4.13.jar:4.13]
	at org.junit.runners.ParentRunner$3.evaluate(ParentRunner.java:306) [junit-4.13.jar:4.13]
	at org.junit.runners.ParentRunner.run(ParentRunner.java:413) [junit-4.13.jar:4.13]
	at org.junit.runners.Suite.runChild(Suite.java:128) [junit-4.13.jar:4.13]
	at org.junit.runners.Suite.runChild(Suite.java:27) [junit-4.13.jar:4.13]
	at org.junit.runners.ParentRunner$4.run(ParentRunner.java:331) [junit-4.13.jar:4.13]
	at org.junit.runners.ParentRunner$1.schedule(ParentRunner.java:79) [junit-4.13.jar:4.13]
	at org.junit.runners.ParentRunner.runChildren(ParentRunner.java:329) [junit-4.13.jar:4.13]
	at org.junit.runners.ParentRunner.access$100(ParentRunner.java:66) [junit-4.13.jar:4.13]
	at org.junit.runners.ParentRunner$2.evaluate(ParentRunner.java:293) [junit-4.13.jar:4.13]
	at org.junit.runners.ParentRunner$3.evaluate(ParentRunner.java:306) [junit-4.13.jar:4.13]
	at org.junit.runners.ParentRunner.run(ParentRunner.java:413) [junit-4.13.jar:4.13]
	at org.apache.maven.surefire.junitcore.JUnitCore.run(JUnitCore.java:55) [surefire-junit47-3.0.0-M4.jar:3.0.0-M4]
	at org.apache.maven.surefire.junitcore.JUnitCoreWrapper.createRequestAndRun(JUnitCoreWrapper.java:137) [surefire-junit47-3.0.0-M4.jar:3.0.0-M4]
	at org.apache.maven.surefire.junitcore.JUnitCoreWrapper.executeEager(JUnitCoreWrapper.java:107) [surefire-junit47-3.0.0-M4.jar:3.0.0-M4]
	at org.apache.maven.surefire.junitcore.JUnitCoreWrapper.execute(JUnitCoreWrapper.java:83) [surefire-junit47-3.0.0-M4.jar:3.0.0-M4]
	at org.apache.maven.surefire.junitcore.JUnitCoreWrapper.execute(JUnitCoreWrapper.java:75) [surefire-junit47-3.0.0-M4.jar:3.0.0-M4]
	at org.apache.maven.surefire.junitcore.JUnitCoreProvider.invoke(JUnitCoreProvider.java:158) [surefire-junit47-3.0.0-M4.jar:3.0.0-M4]
	at org.apache.maven.surefire.booter.ForkedBooter.runSuitesInProcess(ForkedBooter.java:377) [surefire-booter-3.0.0-M4.jar:3.0.0-M4]
	at org.apache.maven.surefire.booter.ForkedBooter.execute(ForkedBooter.java:138) [surefire-booter-3.0.0-M4.jar:3.0.0-M4]
	at org.apache.maven.surefire.booter.ForkedBooter.run(ForkedBooter.java:465) [surefire-booter-3.0.0-M4.jar:3.0.0-M4]
	at org.apache.maven.surefire.booter.ForkedBooter.main(ForkedBooter.java:451) [surefire-booter-3.0.0-M4.jar:3.0.0-M4]
Caused by: org.apache.hadoop.hive.metastore.api.MetaException: javax.jdo.JDODataStoreException: Exception thrown flushing changes to datastore
NestedThrowables:
java.sql.BatchUpdateException: DELETE on table 'DBS' caused a violation of foreign key constraint 'TBLS_FK1' for key (31).  The statement has been rolled back.
	at org.apache.hadoop.hive.metastore.api.ThriftHiveMetastore$drop_database_result$drop_database_resultStandardScheme.read(ThriftHiveMetastore.java:54495) ~[classes/:?]
	at org.apache.hadoop.hive.metastore.api.ThriftHiveMetastore$drop_database_result$drop_database_resultStandardScheme.read(ThriftHiveMetastore.java:54463) ~[classes/:?]
	at org.apache.hadoop.hive.metastore.api.ThriftHiveMetastore$drop_database_result.read(ThriftHiveMetastore.java:54397) ~[classes/:?]
	at org.apache.thrift.TServiceClient.receiveBase(TServiceClient.java:88) ~[libthrift-0.14.1.jar:0.14.1]
	at org.apache.hadoop.hive.metastore.api.ThriftHiveMetastore$Client.recv_drop_database(ThriftHiveMetastore.java:1404) ~[classes/:?]
	at org.apache.hadoop.hive.metastore.api.ThriftHiveMetastore$Client.drop_database(ThriftHiveMetastore.java:1389) ~[classes/:?]
	at org.apache.hadoop.hive.metastore.HiveMetaStoreClient.dropDatabaseCascadePerDb(HiveMetaStoreClient.java:1601) ~[classes/:?]
	at org.apache.hadoop.hive.metastore.HiveMetaStoreClient.dropDatabase(HiveMetaStoreClient.java:1532) ~[classes/:?]
	at org.apache.hadoop.hive.metastore.HiveMetaStoreClient.dropDatabase(HiveMetaStoreClient.java:1485) ~[classes/:?]
	at sun.reflect.GeneratedMethodAccessor358.invoke(Unknown Source) ~[?:?]
	at sun.reflect.DelegatingMethodAccessorImpl.invoke(DelegatingMethodAccessorImpl.java:43) ~[?:1.8.0_402]
	at java.lang.reflect.Method.invoke(Method.java:498) ~[?:1.8.0_402]
	at org.apache.hadoop.hive.metastore.RetryingMetaStoreClient.invoke(RetryingMetaStoreClient.java:214) ~[classes/:?]
	at com.sun.proxy.$Proxy35.dropDatabase(Unknown Source) ~[?:?]
	at org.apache.hive.hcatalog.api.HCatClientHMSImpl.dropDatabase(HCatClientHMSImpl.java:154) ~[classes/:?]
	... 42 more
]]></system-err>
  </testcase>
  <testcase name="testGetMessageBusTopicName" classname="org.apache.hive.hcatalog.api.TestHCatClient" time="27.533"/>
  <testcase name="testPartitionRegistrationWithCustomSchema" classname="org.apache.hive.hcatalog.api.TestHCatClient" time="41.404">
    <failure message="Unexpected exception! org.apache.hive.hcatalog.common.HCatException : 9001 : Exception occurred while processing HCat request : MetaException while dropping db.. Cause : MetaException(message:javax.jdo.JDODataStoreException: Exception thrown flushing changes to datastore&#10;NestedThrowables:&#10;java.sql.BatchUpdateException: DELETE on table &apos;DBS&apos; caused a violation of foreign key constraint &apos;TBLS_FK1&apos; for key (22).  The statement has been rolled back.)" type="java.lang.AssertionError"><![CDATA[java.lang.AssertionError: 
Unexpected exception! org.apache.hive.hcatalog.common.HCatException : 9001 : Exception occurred while processing HCat request : MetaException while dropping db.. Cause : MetaException(message:javax.jdo.JDODataStoreException: Exception thrown flushing changes to datastore
NestedThrowables:
java.sql.BatchUpdateException: DELETE on table 'DBS' caused a violation of foreign key constraint 'TBLS_FK1' for key (22).  The statement has been rolled back.)
	at org.junit.Assert.fail(Assert.java:89)
	at org.junit.Assert.assertTrue(Assert.java:42)
	at org.apache.hive.hcatalog.api.TestHCatClient.testPartitionRegistrationWithCustomSchema(TestHCatClient.java:1212)
	at sun.reflect.NativeMethodAccessorImpl.invoke0(Native Method)
	at sun.reflect.NativeMethodAccessorImpl.invoke(NativeMethodAccessorImpl.java:62)
	at sun.reflect.DelegatingMethodAccessorImpl.invoke(DelegatingMethodAccessorImpl.java:43)
	at java.lang.reflect.Method.invoke(Method.java:498)
	at org.junit.runners.model.FrameworkMethod$1.runReflectiveCall(FrameworkMethod.java:59)
	at org.junit.internal.runners.model.ReflectiveCallable.run(ReflectiveCallable.java:12)
	at org.junit.runners.model.FrameworkMethod.invokeExplosively(FrameworkMethod.java:56)
	at org.junit.internal.runners.statements.InvokeMethod.evaluate(InvokeMethod.java:17)
	at org.junit.runners.ParentRunner$3.evaluate(ParentRunner.java:306)
	at org.junit.runners.BlockJUnit4ClassRunner$1.evaluate(BlockJUnit4ClassRunner.java:100)
	at org.junit.runners.ParentRunner.runLeaf(ParentRunner.java:366)
	at org.junit.runners.BlockJUnit4ClassRunner.runChild(BlockJUnit4ClassRunner.java:103)
	at org.junit.runners.BlockJUnit4ClassRunner.runChild(BlockJUnit4ClassRunner.java:63)
	at org.junit.runners.ParentRunner$4.run(ParentRunner.java:331)
	at org.junit.runners.ParentRunner$1.schedule(ParentRunner.java:79)
	at org.junit.runners.ParentRunner.runChildren(ParentRunner.java:329)
	at org.junit.runners.ParentRunner.access$100(ParentRunner.java:66)
	at org.junit.runners.ParentRunner$2.evaluate(ParentRunner.java:293)
	at org.junit.internal.runners.statements.RunBefores.evaluate(RunBefores.java:26)
	at org.junit.internal.runners.statements.RunAfters.evaluate(RunAfters.java:27)
	at org.junit.runners.ParentRunner$3.evaluate(ParentRunner.java:306)
	at org.junit.runners.ParentRunner.run(ParentRunner.java:413)
	at org.junit.runners.Suite.runChild(Suite.java:128)
	at org.junit.runners.Suite.runChild(Suite.java:27)
	at org.junit.runners.ParentRunner$4.run(ParentRunner.java:331)
	at org.junit.runners.ParentRunner$1.schedule(ParentRunner.java:79)
	at org.junit.runners.ParentRunner.runChildren(ParentRunner.java:329)
	at org.junit.runners.ParentRunner.access$100(ParentRunner.java:66)
	at org.junit.runners.ParentRunner$2.evaluate(ParentRunner.java:293)
	at org.junit.runners.ParentRunner$3.evaluate(ParentRunner.java:306)
	at org.junit.runners.ParentRunner.run(ParentRunner.java:413)
	at org.apache.maven.surefire.junitcore.JUnitCore.run(JUnitCore.java:55)
	at org.apache.maven.surefire.junitcore.JUnitCoreWrapper.createRequestAndRun(JUnitCoreWrapper.java:137)
	at org.apache.maven.surefire.junitcore.JUnitCoreWrapper.executeEager(JUnitCoreWrapper.java:107)
	at org.apache.maven.surefire.junitcore.JUnitCoreWrapper.execute(JUnitCoreWrapper.java:83)
	at org.apache.maven.surefire.junitcore.JUnitCoreWrapper.execute(JUnitCoreWrapper.java:75)
	at org.apache.maven.surefire.junitcore.JUnitCoreProvider.invoke(JUnitCoreProvider.java:158)
	at org.apache.maven.surefire.booter.ForkedBooter.runSuitesInProcess(ForkedBooter.java:377)
	at org.apache.maven.surefire.booter.ForkedBooter.execute(ForkedBooter.java:138)
	at org.apache.maven.surefire.booter.ForkedBooter.run(ForkedBooter.java:465)
	at org.apache.maven.surefire.booter.ForkedBooter.main(ForkedBooter.java:451)
]]></failure>
    <system-err><![CDATA[2024-04-24T12:10:51,668  WARN [main] conf.HiveConf: HiveConf of name hive.metastore.client.cache.recordStats does not exist
2024-04-24T12:10:51,668  WARN [main] conf.HiveConf: HiveConf of name hive.metastore.metadb.dir does not exist
2024-04-24T12:10:51,668  WARN [main] conf.HiveConf: HiveConf of name hive.llap.io.cache.orc.arena.size does not exist
2024-04-24T12:10:51,668  WARN [main] conf.HiveConf: HiveConf of name hive.dummyparam.test.server.specific.config.metastoresite does not exist
2024-04-24T12:10:51,668  WARN [main] conf.HiveConf: HiveConf of name hive.metastore.client.cache.maxSize does not exist
2024-04-24T12:10:51,668  WARN [main] conf.HiveConf: HiveConf of name hive.dummyparam.test.server.specific.config.override does not exist
2024-04-24T12:10:51,668  WARN [main] conf.HiveConf: HiveConf of name hive.llap.io.cache.orc.alloc.min does not exist
2024-04-24T12:10:51,668  WARN [main] conf.HiveConf: HiveConf of name hive.dummyparam.test.server.specific.config.hivesite does not exist
2024-04-24T12:10:51,668  WARN [main] conf.HiveConf: HiveConf of name hive.llap.io.cache.orc.alloc.max does not exist
2024-04-24T12:10:51,668  WARN [main] conf.HiveConf: HiveConf of name hive.llap.io.cache.orc.size does not exist
2024-04-24T12:10:51,668  WARN [main] conf.HiveConf: HiveConf of name hive.stats.key.prefix.reserve.length does not exist
2024-04-24T12:10:51,668  INFO [main] common.HCatUtil: mapreduce.lib.hcatoutput.hive.conf not set. Generating configuration differences.
2024-04-24T12:10:51,670  INFO [main] common.HCatUtil: Configuration differences={datanucleus.schema.autoCreateAll=true, hive.exec.scratchdir=${test.tmp.dir}/scratchdir, hive.strict.timestamp.conversion=false, datanucleus.connectionPool.maxPoolSize=4, hive.ignore.mapjoin.hint=false, hive.query.reexecution.stats.persist.scope=query, hive.cbo.fallback.strategy=TEST, hive.users.in.admin.role=hive_admin_user, hive.metastore.warehouse.dir=${test.warehouse.dir}, hive.server2.operation.log.purgePolicy.timeToLive=5s, hive.llap.io.allocator.direct=false, hive.default.rcfile.serde=org.apache.hadoop.hive.serde2.columnar.ColumnarSerDe, javax.jdo.option.ConnectionURL=jdbc:derby:memory:${test.tmp.dir}/junit_metastore_db;create=true, hive.test.dummystats.aggregator=value2, hive.scheduled.queries.executor.enabled=false, hive.querylog.location=${test.tmp.dir}/tmp, hive.exec.local.scratchdir=${test.tmp.dir}/localscratchdir/, hive.jar.path=${maven.local.repository}/org/apache/hive/hive-exec/${hive.version}/hive-exec-${hive.version}.jar, hive.fetch.task.conversion=minimal, hive.mapjoin.max.gc.time.percentage=0.99, hive.security.authorization.manager=org.apache.hadoop.hive.ql.security.authorization.plugin.sqlstd.SQLStdHiveAuthorizerFactoryForTest, hive.in.test=true, hive.stats.fetch.bitvector=true, hive.query.results.cache.enabled=false, hive.metastore.client.cache.enabled=true, hive.auto.convert.join=false, hive.exec.submit.local.task.via.child=false, hive.metastore.schema.verification=false, hive.conf.restricted.list=from.hivemetastore-site.xml}
2024-04-24T12:10:51,671  INFO [TThreadPoolServer WorkerProcess-%d] HiveMetaStore.audit: ugi=alex	ip=127.0.0.1	cmd=source:127.0.0.1 get_databases: @hive#NonExistentDatabaseUsedForHealthCheck	
2024-04-24T12:10:51,674  INFO [TThreadPoolServer WorkerProcess-%d] HiveMetaStore.audit: ugi=alex	ip=127.0.0.1	cmd=source:127.0.0.1 get_database: myDb	
2024-04-24T12:10:51,676  INFO [TThreadPoolServer WorkerProcess-%d] HiveMetaStore.audit: ugi=alex	ip=127.0.0.1	cmd=source:127.0.0.1 get_tables_by_type: db=@hive#myDb pat=.*,type=MATERIALIZED_VIEW	
2024-04-24T12:10:51,676  INFO [TThreadPoolServer WorkerProcess-%d] HiveMetaStore.audit: ugi=alex	ip=127.0.0.1	cmd=source:127.0.0.1 getTablesByTypeCore: catName=hive: db=myDb pat=.*,type=MATERIALIZED_VIEW	
2024-04-24T12:10:51,677  INFO [TThreadPoolServer WorkerProcess-%d] HiveMetaStore.audit: ugi=alex	ip=127.0.0.1	cmd=source:127.0.0.1 get_all_tables: db=@hive#myDb	
2024-04-24T12:10:51,679  INFO [TThreadPoolServer WorkerProcess-%d] HiveMetaStore.audit: ugi=alex	ip=127.0.0.1	cmd=source:127.0.0.1 get_multi_table : db=myDb tbls=mytable	
2024-04-24T12:10:51,680  INFO [TThreadPoolServer WorkerProcess-%d] HiveMetaStore.audit: ugi=alex	ip=127.0.0.1	cmd=source:127.0.0.1 drop_database: @hive#myDb	
2024-04-24T12:10:51,681  INFO [TThreadPoolServer WorkerProcess-%d] HiveMetaStore.audit: ugi=alex	ip=127.0.0.1	cmd=source:127.0.0.1 get_all_tables: db=@hive#myDb	
2024-04-24T12:10:51,682  INFO [TThreadPoolServer WorkerProcess-%d] HiveMetaStore.audit: ugi=alex	ip=127.0.0.1	cmd=source:127.0.0.1 get_functions: db=@hive#myDb pat=*	
2024-04-24T12:10:51,683  INFO [TThreadPoolServer WorkerProcess-%d] HiveMetaStore.audit: ugi=alex	ip=127.0.0.1	cmd=source:127.0.0.1 get_all_stored_procedures	
2024-04-24T12:10:51,684  INFO [TThreadPoolServer WorkerProcess-%d] HiveMetaStore.audit: ugi=alex	ip=127.0.0.1	cmd=source:127.0.0.1 get_all_packages	
2024-04-24T12:10:51,685  INFO [TThreadPoolServer WorkerProcess-%d] HiveMetaStore.audit: ugi=alex	ip=127.0.0.1	cmd=source:127.0.0.1 getTablesByTypeCore: catName=hive: db=myDb pat=.*,type=MATERIALIZED_VIEW	
2024-04-24T12:10:51,687  INFO [TThreadPoolServer WorkerProcess-%d] metastore.ObjectStore: Dropping database hive.myDb along with all tables
2024-04-24T12:10:51,699 ERROR [TThreadPoolServer WorkerProcess-%d] metastore.RetryingHMSHandler: Retrying HMSHandler after 2000 ms (attempt 1 of 10) with error: javax.jdo.JDODataStoreException: Exception thrown flushing changes to datastore
	at org.datanucleus.api.jdo.NucleusJDOHelper.getJDOExceptionForNucleusException(NucleusJDOHelper.java:542)
	at org.datanucleus.api.jdo.JDOPersistenceManager.flush(JDOPersistenceManager.java:2081)
	at org.apache.hadoop.hive.metastore.ObjectStore.addNotificationEvent(ObjectStore.java:11639)
	at sun.reflect.GeneratedMethodAccessor68.invoke(Unknown Source)
	at sun.reflect.DelegatingMethodAccessorImpl.invoke(DelegatingMethodAccessorImpl.java:43)
	at java.lang.reflect.Method.invoke(Method.java:498)
	at org.apache.hadoop.hive.metastore.RawStoreProxy.invoke(RawStoreProxy.java:97)
	at com.sun.proxy.$Proxy32.addNotificationEvent(Unknown Source)
	at org.apache.hive.hcatalog.listener.DbNotificationListener.process(DbNotificationListener.java:1403)
	at org.apache.hive.hcatalog.listener.DbNotificationListener.onDropDatabase(DbNotificationListener.java:513)
	at org.apache.hadoop.hive.metastore.MetaStoreListenerNotifier$26.notify(MetaStoreListenerNotifier.java:99)
	at org.apache.hadoop.hive.metastore.MetaStoreListenerNotifier.notifyEvent(MetaStoreListenerNotifier.java:339)
	at org.apache.hadoop.hive.metastore.HMSHandler.drop_database_core(HMSHandler.java:1785)
	at org.apache.hadoop.hive.metastore.HMSHandler.drop_database(HMSHandler.java:1869)
	at sun.reflect.GeneratedMethodAccessor74.invoke(Unknown Source)
	at sun.reflect.DelegatingMethodAccessorImpl.invoke(DelegatingMethodAccessorImpl.java:43)
	at java.lang.reflect.Method.invoke(Method.java:498)
	at org.apache.hadoop.hive.metastore.RetryingHMSHandler.invokeInternal(RetryingHMSHandler.java:147)
	at org.apache.hadoop.hive.metastore.RetryingHMSHandler.invoke(RetryingHMSHandler.java:108)
	at com.sun.proxy.$Proxy34.drop_database(Unknown Source)
	at org.apache.hadoop.hive.metastore.api.ThriftHiveMetastore$Processor$drop_database.getResult(ThriftHiveMetastore.java:18285)
	at org.apache.hadoop.hive.metastore.api.ThriftHiveMetastore$Processor$drop_database.getResult(ThriftHiveMetastore.java:18264)
	at org.apache.thrift.ProcessFunction.process(ProcessFunction.java:38)
	at org.apache.hadoop.hive.metastore.TUGIBasedProcessor$1.run(TUGIBasedProcessor.java:111)
	at org.apache.hadoop.hive.metastore.TUGIBasedProcessor$1.run(TUGIBasedProcessor.java:107)
	at java.security.AccessController.doPrivileged(Native Method)
	at javax.security.auth.Subject.doAs(Subject.java:422)
	at org.apache.hadoop.security.UserGroupInformation.doAs(UserGroupInformation.java:1682)
	at org.apache.hadoop.hive.metastore.TUGIBasedProcessor.process(TUGIBasedProcessor.java:119)
	at org.apache.thrift.server.TThreadPoolServer$WorkerProcess.run(TThreadPoolServer.java:248)
	at java.util.concurrent.ThreadPoolExecutor.runWorker(ThreadPoolExecutor.java:1149)
	at java.util.concurrent.ThreadPoolExecutor$Worker.run(ThreadPoolExecutor.java:624)
	at java.lang.Thread.run(Thread.java:750)
NestedThrowablesStackTrace:
java.sql.BatchUpdateException: DELETE on table 'DBS' caused a violation of foreign key constraint 'TBLS_FK1' for key (22).  The statement has been rolled back.
	at org.apache.derby.impl.jdbc.EmbedStatement.executeLargeBatch(Unknown Source)
	at org.apache.derby.impl.jdbc.EmbedStatement.executeBatch(Unknown Source)
	at com.zaxxer.hikari.pool.ProxyStatement.executeBatch(ProxyStatement.java:128)
	at com.zaxxer.hikari.pool.HikariProxyPreparedStatement.executeBatch(HikariProxyPreparedStatement.java)
	at org.datanucleus.store.rdbms.ParamLoggingPreparedStatement.executeBatch(ParamLoggingPreparedStatement.java:366)
	at org.datanucleus.store.rdbms.SQLController.processConnectionStatement(SQLController.java:675)
	at org.datanucleus.store.rdbms.SQLController.processStatementsForConnection(SQLController.java:643)
	at org.datanucleus.store.rdbms.SQLController$1.transactionFlushed(SQLController.java:729)
	at org.datanucleus.store.connection.AbstractManagedConnection.transactionFlushed(AbstractManagedConnection.java:95)
	at org.datanucleus.store.connection.ConnectionManagerImpl$2.transactionFlushed(ConnectionManagerImpl.java:528)
	at org.datanucleus.TransactionImpl.flush(TransactionImpl.java:222)
	at org.datanucleus.ExecutionContextImpl.flushInternal(ExecutionContextImpl.java:4068)
	at org.datanucleus.ExecutionContextThreadedImpl.flushInternal(ExecutionContextThreadedImpl.java:448)
	at org.datanucleus.ExecutionContextImpl.flush(ExecutionContextImpl.java:4009)
	at org.datanucleus.ExecutionContextThreadedImpl.flush(ExecutionContextThreadedImpl.java:434)
	at org.datanucleus.api.jdo.JDOPersistenceManager.flush(JDOPersistenceManager.java:2064)
	at org.apache.hadoop.hive.metastore.ObjectStore.addNotificationEvent(ObjectStore.java:11639)
	at sun.reflect.GeneratedMethodAccessor68.invoke(Unknown Source)
	at sun.reflect.DelegatingMethodAccessorImpl.invoke(DelegatingMethodAccessorImpl.java:43)
	at java.lang.reflect.Method.invoke(Method.java:498)
	at org.apache.hadoop.hive.metastore.RawStoreProxy.invoke(RawStoreProxy.java:97)
	at com.sun.proxy.$Proxy32.addNotificationEvent(Unknown Source)
	at org.apache.hive.hcatalog.listener.DbNotificationListener.process(DbNotificationListener.java:1403)
	at org.apache.hive.hcatalog.listener.DbNotificationListener.onDropDatabase(DbNotificationListener.java:513)
	at org.apache.hadoop.hive.metastore.MetaStoreListenerNotifier$26.notify(MetaStoreListenerNotifier.java:99)
	at org.apache.hadoop.hive.metastore.MetaStoreListenerNotifier.notifyEvent(MetaStoreListenerNotifier.java:339)
	at org.apache.hadoop.hive.metastore.HMSHandler.drop_database_core(HMSHandler.java:1785)
	at org.apache.hadoop.hive.metastore.HMSHandler.drop_database(HMSHandler.java:1869)
	at sun.reflect.GeneratedMethodAccessor74.invoke(Unknown Source)
	at sun.reflect.DelegatingMethodAccessorImpl.invoke(DelegatingMethodAccessorImpl.java:43)
	at java.lang.reflect.Method.invoke(Method.java:498)
	at org.apache.hadoop.hive.metastore.RetryingHMSHandler.invokeInternal(RetryingHMSHandler.java:147)
	at org.apache.hadoop.hive.metastore.RetryingHMSHandler.invoke(RetryingHMSHandler.java:108)
	at com.sun.proxy.$Proxy34.drop_database(Unknown Source)
	at org.apache.hadoop.hive.metastore.api.ThriftHiveMetastore$Processor$drop_database.getResult(ThriftHiveMetastore.java:18285)
	at org.apache.hadoop.hive.metastore.api.ThriftHiveMetastore$Processor$drop_database.getResult(ThriftHiveMetastore.java:18264)
	at org.apache.thrift.ProcessFunction.process(ProcessFunction.java:38)
	at org.apache.hadoop.hive.metastore.TUGIBasedProcessor$1.run(TUGIBasedProcessor.java:111)
	at org.apache.hadoop.hive.metastore.TUGIBasedProcessor$1.run(TUGIBasedProcessor.java:107)
	at java.security.AccessController.doPrivileged(Native Method)
	at javax.security.auth.Subject.doAs(Subject.java:422)
	at org.apache.hadoop.security.UserGroupInformation.doAs(UserGroupInformation.java:1682)
	at org.apache.hadoop.hive.metastore.TUGIBasedProcessor.process(TUGIBasedProcessor.java:119)
	at org.apache.thrift.server.TThreadPoolServer$WorkerProcess.run(TThreadPoolServer.java:248)
	at java.util.concurrent.ThreadPoolExecutor.runWorker(ThreadPoolExecutor.java:1149)
	at java.util.concurrent.ThreadPoolExecutor$Worker.run(ThreadPoolExecutor.java:624)
	at java.lang.Thread.run(Thread.java:750)
Caused by: org.apache.derby.shared.common.error.DerbySQLIntegrityConstraintViolationException: DELETE on table 'DBS' caused a violation of foreign key constraint 'TBLS_FK1' for key (22).  The statement has been rolled back.
	at org.apache.derby.impl.jdbc.SQLExceptionFactory.getSQLException(Unknown Source)
	at org.apache.derby.impl.jdbc.Util.generateCsSQLException(Unknown Source)
	at org.apache.derby.impl.jdbc.TransactionResourceImpl.wrapInSQLException(Unknown Source)
	at org.apache.derby.impl.jdbc.TransactionResourceImpl.handleException(Unknown Source)
	at org.apache.derby.impl.jdbc.EmbedConnection.handleException(Unknown Source)
	at org.apache.derby.impl.jdbc.ConnectionChild.handleException(Unknown Source)
	at org.apache.derby.impl.jdbc.EmbedStatement.executeStatement(Unknown Source)
	at org.apache.derby.impl.jdbc.EmbedPreparedStatement.executeBatchElement(Unknown Source)
	... 47 more
Caused by: ERROR 23503: DELETE on table 'DBS' caused a violation of foreign key constraint 'TBLS_FK1' for key (22).  The statement has been rolled back.
	at org.apache.derby.iapi.error.StandardException.newException(Unknown Source)
	at org.apache.derby.iapi.error.StandardException.newException(Unknown Source)
	at org.apache.derby.impl.sql.execute.ReferencedKeyRIChecker.doCheck(Unknown Source)
	at org.apache.derby.impl.sql.execute.RISetChecker.doPKCheck(Unknown Source)
	at org.apache.derby.impl.sql.execute.DeleteResultSet.collectAffectedRows(Unknown Source)
	at org.apache.derby.impl.sql.execute.DeleteResultSet.open(Unknown Source)
	at org.apache.derby.impl.sql.GenericPreparedStatement.executeStmt(Unknown Source)
	at org.apache.derby.impl.sql.GenericPreparedStatement.execute(Unknown Source)
	... 49 more

2024-04-24T12:10:53,700  INFO [TThreadPoolServer WorkerProcess-%d] HiveMetaStore.audit: ugi=alex	ip=127.0.0.1	cmd=source:127.0.0.1 drop_database: @hive#myDb	
2024-04-24T12:10:53,703  INFO [TThreadPoolServer WorkerProcess-%d] HiveMetaStore.audit: ugi=alex	ip=127.0.0.1	cmd=source:127.0.0.1 get_all_tables: db=@hive#myDb	
2024-04-24T12:10:53,705  INFO [TThreadPoolServer WorkerProcess-%d] HiveMetaStore.audit: ugi=alex	ip=127.0.0.1	cmd=source:127.0.0.1 get_functions: db=@hive#myDb pat=*	
2024-04-24T12:10:53,709  INFO [TThreadPoolServer WorkerProcess-%d] HiveMetaStore.audit: ugi=alex	ip=127.0.0.1	cmd=source:127.0.0.1 get_all_stored_procedures	
2024-04-24T12:10:53,711  INFO [TThreadPoolServer WorkerProcess-%d] HiveMetaStore.audit: ugi=alex	ip=127.0.0.1	cmd=source:127.0.0.1 get_all_packages	
2024-04-24T12:10:53,714  INFO [TThreadPoolServer WorkerProcess-%d] HiveMetaStore.audit: ugi=alex	ip=127.0.0.1	cmd=source:127.0.0.1 getTablesByTypeCore: catName=hive: db=myDb pat=.*,type=MATERIALIZED_VIEW	
2024-04-24T12:10:53,723  INFO [TThreadPoolServer WorkerProcess-%d] metastore.ObjectStore: Dropping database hive.myDb along with all tables
2024-04-24T12:10:53,734 ERROR [TThreadPoolServer WorkerProcess-%d] metastore.RetryingHMSHandler: Retrying HMSHandler after 2000 ms (attempt 2 of 10) with error: javax.jdo.JDODataStoreException: Exception thrown flushing changes to datastore
	at org.datanucleus.api.jdo.NucleusJDOHelper.getJDOExceptionForNucleusException(NucleusJDOHelper.java:542)
	at org.datanucleus.api.jdo.JDOPersistenceManager.flush(JDOPersistenceManager.java:2081)
	at org.apache.hadoop.hive.metastore.ObjectStore.addNotificationEvent(ObjectStore.java:11639)
	at sun.reflect.GeneratedMethodAccessor68.invoke(Unknown Source)
	at sun.reflect.DelegatingMethodAccessorImpl.invoke(DelegatingMethodAccessorImpl.java:43)
	at java.lang.reflect.Method.invoke(Method.java:498)
	at org.apache.hadoop.hive.metastore.RawStoreProxy.invoke(RawStoreProxy.java:97)
	at com.sun.proxy.$Proxy32.addNotificationEvent(Unknown Source)
	at org.apache.hive.hcatalog.listener.DbNotificationListener.process(DbNotificationListener.java:1403)
	at org.apache.hive.hcatalog.listener.DbNotificationListener.onDropDatabase(DbNotificationListener.java:513)
	at org.apache.hadoop.hive.metastore.MetaStoreListenerNotifier$26.notify(MetaStoreListenerNotifier.java:99)
	at org.apache.hadoop.hive.metastore.MetaStoreListenerNotifier.notifyEvent(MetaStoreListenerNotifier.java:339)
	at org.apache.hadoop.hive.metastore.HMSHandler.drop_database_core(HMSHandler.java:1785)
	at org.apache.hadoop.hive.metastore.HMSHandler.drop_database(HMSHandler.java:1869)
	at sun.reflect.GeneratedMethodAccessor74.invoke(Unknown Source)
	at sun.reflect.DelegatingMethodAccessorImpl.invoke(DelegatingMethodAccessorImpl.java:43)
	at java.lang.reflect.Method.invoke(Method.java:498)
	at org.apache.hadoop.hive.metastore.RetryingHMSHandler.invokeInternal(RetryingHMSHandler.java:147)
	at org.apache.hadoop.hive.metastore.RetryingHMSHandler.invoke(RetryingHMSHandler.java:108)
	at com.sun.proxy.$Proxy34.drop_database(Unknown Source)
	at org.apache.hadoop.hive.metastore.api.ThriftHiveMetastore$Processor$drop_database.getResult(ThriftHiveMetastore.java:18285)
	at org.apache.hadoop.hive.metastore.api.ThriftHiveMetastore$Processor$drop_database.getResult(ThriftHiveMetastore.java:18264)
	at org.apache.thrift.ProcessFunction.process(ProcessFunction.java:38)
	at org.apache.hadoop.hive.metastore.TUGIBasedProcessor$1.run(TUGIBasedProcessor.java:111)
	at org.apache.hadoop.hive.metastore.TUGIBasedProcessor$1.run(TUGIBasedProcessor.java:107)
	at java.security.AccessController.doPrivileged(Native Method)
	at javax.security.auth.Subject.doAs(Subject.java:422)
	at org.apache.hadoop.security.UserGroupInformation.doAs(UserGroupInformation.java:1682)
	at org.apache.hadoop.hive.metastore.TUGIBasedProcessor.process(TUGIBasedProcessor.java:119)
	at org.apache.thrift.server.TThreadPoolServer$WorkerProcess.run(TThreadPoolServer.java:248)
	at java.util.concurrent.ThreadPoolExecutor.runWorker(ThreadPoolExecutor.java:1149)
	at java.util.concurrent.ThreadPoolExecutor$Worker.run(ThreadPoolExecutor.java:624)
	at java.lang.Thread.run(Thread.java:750)
NestedThrowablesStackTrace:
java.sql.BatchUpdateException: DELETE on table 'DBS' caused a violation of foreign key constraint 'TBLS_FK1' for key (22).  The statement has been rolled back.
	at org.apache.derby.impl.jdbc.EmbedStatement.executeLargeBatch(Unknown Source)
	at org.apache.derby.impl.jdbc.EmbedStatement.executeBatch(Unknown Source)
	at com.zaxxer.hikari.pool.ProxyStatement.executeBatch(ProxyStatement.java:128)
	at com.zaxxer.hikari.pool.HikariProxyPreparedStatement.executeBatch(HikariProxyPreparedStatement.java)
	at org.datanucleus.store.rdbms.ParamLoggingPreparedStatement.executeBatch(ParamLoggingPreparedStatement.java:366)
	at org.datanucleus.store.rdbms.SQLController.processConnectionStatement(SQLController.java:675)
	at org.datanucleus.store.rdbms.SQLController.processStatementsForConnection(SQLController.java:643)
	at org.datanucleus.store.rdbms.SQLController$1.transactionFlushed(SQLController.java:729)
	at org.datanucleus.store.connection.AbstractManagedConnection.transactionFlushed(AbstractManagedConnection.java:95)
	at org.datanucleus.store.connection.ConnectionManagerImpl$2.transactionFlushed(ConnectionManagerImpl.java:528)
	at org.datanucleus.TransactionImpl.flush(TransactionImpl.java:222)
	at org.datanucleus.ExecutionContextImpl.flushInternal(ExecutionContextImpl.java:4068)
	at org.datanucleus.ExecutionContextThreadedImpl.flushInternal(ExecutionContextThreadedImpl.java:448)
	at org.datanucleus.ExecutionContextImpl.flush(ExecutionContextImpl.java:4009)
	at org.datanucleus.ExecutionContextThreadedImpl.flush(ExecutionContextThreadedImpl.java:434)
	at org.datanucleus.api.jdo.JDOPersistenceManager.flush(JDOPersistenceManager.java:2064)
	at org.apache.hadoop.hive.metastore.ObjectStore.addNotificationEvent(ObjectStore.java:11639)
	at sun.reflect.GeneratedMethodAccessor68.invoke(Unknown Source)
	at sun.reflect.DelegatingMethodAccessorImpl.invoke(DelegatingMethodAccessorImpl.java:43)
	at java.lang.reflect.Method.invoke(Method.java:498)
	at org.apache.hadoop.hive.metastore.RawStoreProxy.invoke(RawStoreProxy.java:97)
	at com.sun.proxy.$Proxy32.addNotificationEvent(Unknown Source)
	at org.apache.hive.hcatalog.listener.DbNotificationListener.process(DbNotificationListener.java:1403)
	at org.apache.hive.hcatalog.listener.DbNotificationListener.onDropDatabase(DbNotificationListener.java:513)
	at org.apache.hadoop.hive.metastore.MetaStoreListenerNotifier$26.notify(MetaStoreListenerNotifier.java:99)
	at org.apache.hadoop.hive.metastore.MetaStoreListenerNotifier.notifyEvent(MetaStoreListenerNotifier.java:339)
	at org.apache.hadoop.hive.metastore.HMSHandler.drop_database_core(HMSHandler.java:1785)
	at org.apache.hadoop.hive.metastore.HMSHandler.drop_database(HMSHandler.java:1869)
	at sun.reflect.GeneratedMethodAccessor74.invoke(Unknown Source)
	at sun.reflect.DelegatingMethodAccessorImpl.invoke(DelegatingMethodAccessorImpl.java:43)
	at java.lang.reflect.Method.invoke(Method.java:498)
	at org.apache.hadoop.hive.metastore.RetryingHMSHandler.invokeInternal(RetryingHMSHandler.java:147)
	at org.apache.hadoop.hive.metastore.RetryingHMSHandler.invoke(RetryingHMSHandler.java:108)
	at com.sun.proxy.$Proxy34.drop_database(Unknown Source)
	at org.apache.hadoop.hive.metastore.api.ThriftHiveMetastore$Processor$drop_database.getResult(ThriftHiveMetastore.java:18285)
	at org.apache.hadoop.hive.metastore.api.ThriftHiveMetastore$Processor$drop_database.getResult(ThriftHiveMetastore.java:18264)
	at org.apache.thrift.ProcessFunction.process(ProcessFunction.java:38)
	at org.apache.hadoop.hive.metastore.TUGIBasedProcessor$1.run(TUGIBasedProcessor.java:111)
	at org.apache.hadoop.hive.metastore.TUGIBasedProcessor$1.run(TUGIBasedProcessor.java:107)
	at java.security.AccessController.doPrivileged(Native Method)
	at javax.security.auth.Subject.doAs(Subject.java:422)
	at org.apache.hadoop.security.UserGroupInformation.doAs(UserGroupInformation.java:1682)
	at org.apache.hadoop.hive.metastore.TUGIBasedProcessor.process(TUGIBasedProcessor.java:119)
	at org.apache.thrift.server.TThreadPoolServer$WorkerProcess.run(TThreadPoolServer.java:248)
	at java.util.concurrent.ThreadPoolExecutor.runWorker(ThreadPoolExecutor.java:1149)
	at java.util.concurrent.ThreadPoolExecutor$Worker.run(ThreadPoolExecutor.java:624)
	at java.lang.Thread.run(Thread.java:750)
Caused by: org.apache.derby.shared.common.error.DerbySQLIntegrityConstraintViolationException: DELETE on table 'DBS' caused a violation of foreign key constraint 'TBLS_FK1' for key (22).  The statement has been rolled back.
	at org.apache.derby.impl.jdbc.SQLExceptionFactory.getSQLException(Unknown Source)
	at org.apache.derby.impl.jdbc.Util.generateCsSQLException(Unknown Source)
	at org.apache.derby.impl.jdbc.TransactionResourceImpl.wrapInSQLException(Unknown Source)
	at org.apache.derby.impl.jdbc.TransactionResourceImpl.handleException(Unknown Source)
	at org.apache.derby.impl.jdbc.EmbedConnection.handleException(Unknown Source)
	at org.apache.derby.impl.jdbc.ConnectionChild.handleException(Unknown Source)
	at org.apache.derby.impl.jdbc.EmbedStatement.executeStatement(Unknown Source)
	at org.apache.derby.impl.jdbc.EmbedPreparedStatement.executeBatchElement(Unknown Source)
	... 47 more
Caused by: ERROR 23503: DELETE on table 'DBS' caused a violation of foreign key constraint 'TBLS_FK1' for key (22).  The statement has been rolled back.
	at org.apache.derby.iapi.error.StandardException.newException(Unknown Source)
	at org.apache.derby.iapi.error.StandardException.newException(Unknown Source)
	at org.apache.derby.impl.sql.execute.ReferencedKeyRIChecker.doCheck(Unknown Source)
	at org.apache.derby.impl.sql.execute.RISetChecker.doPKCheck(Unknown Source)
	at org.apache.derby.impl.sql.execute.DeleteResultSet.collectAffectedRows(Unknown Source)
	at org.apache.derby.impl.sql.execute.DeleteResultSet.open(Unknown Source)
	at org.apache.derby.impl.sql.GenericPreparedStatement.executeStmt(Unknown Source)
	at org.apache.derby.impl.sql.GenericPreparedStatement.execute(Unknown Source)
	... 49 more

2024-04-24T12:10:55,735  INFO [TThreadPoolServer WorkerProcess-%d] HiveMetaStore.audit: ugi=alex	ip=127.0.0.1	cmd=source:127.0.0.1 drop_database: @hive#myDb	
2024-04-24T12:10:55,740  INFO [TThreadPoolServer WorkerProcess-%d] HiveMetaStore.audit: ugi=alex	ip=127.0.0.1	cmd=source:127.0.0.1 get_all_tables: db=@hive#myDb	
2024-04-24T12:10:55,741  INFO [TThreadPoolServer WorkerProcess-%d] HiveMetaStore.audit: ugi=alex	ip=127.0.0.1	cmd=source:127.0.0.1 get_functions: db=@hive#myDb pat=*	
2024-04-24T12:10:55,742  INFO [TThreadPoolServer WorkerProcess-%d] HiveMetaStore.audit: ugi=alex	ip=127.0.0.1	cmd=source:127.0.0.1 get_all_stored_procedures	
2024-04-24T12:10:55,743  INFO [TThreadPoolServer WorkerProcess-%d] HiveMetaStore.audit: ugi=alex	ip=127.0.0.1	cmd=source:127.0.0.1 get_all_packages	
2024-04-24T12:10:55,744  INFO [TThreadPoolServer WorkerProcess-%d] HiveMetaStore.audit: ugi=alex	ip=127.0.0.1	cmd=source:127.0.0.1 getTablesByTypeCore: catName=hive: db=myDb pat=.*,type=MATERIALIZED_VIEW	
2024-04-24T12:10:55,746  INFO [TThreadPoolServer WorkerProcess-%d] metastore.ObjectStore: Dropping database hive.myDb along with all tables
2024-04-24T12:10:55,750 ERROR [TThreadPoolServer WorkerProcess-%d] metastore.RetryingHMSHandler: Retrying HMSHandler after 2000 ms (attempt 3 of 10) with error: javax.jdo.JDODataStoreException: Exception thrown flushing changes to datastore
	at org.datanucleus.api.jdo.NucleusJDOHelper.getJDOExceptionForNucleusException(NucleusJDOHelper.java:542)
	at org.datanucleus.api.jdo.JDOPersistenceManager.flush(JDOPersistenceManager.java:2081)
	at org.apache.hadoop.hive.metastore.ObjectStore.addNotificationEvent(ObjectStore.java:11639)
	at sun.reflect.GeneratedMethodAccessor68.invoke(Unknown Source)
	at sun.reflect.DelegatingMethodAccessorImpl.invoke(DelegatingMethodAccessorImpl.java:43)
	at java.lang.reflect.Method.invoke(Method.java:498)
	at org.apache.hadoop.hive.metastore.RawStoreProxy.invoke(RawStoreProxy.java:97)
	at com.sun.proxy.$Proxy32.addNotificationEvent(Unknown Source)
	at org.apache.hive.hcatalog.listener.DbNotificationListener.process(DbNotificationListener.java:1403)
	at org.apache.hive.hcatalog.listener.DbNotificationListener.onDropDatabase(DbNotificationListener.java:513)
	at org.apache.hadoop.hive.metastore.MetaStoreListenerNotifier$26.notify(MetaStoreListenerNotifier.java:99)
	at org.apache.hadoop.hive.metastore.MetaStoreListenerNotifier.notifyEvent(MetaStoreListenerNotifier.java:339)
	at org.apache.hadoop.hive.metastore.HMSHandler.drop_database_core(HMSHandler.java:1785)
	at org.apache.hadoop.hive.metastore.HMSHandler.drop_database(HMSHandler.java:1869)
	at sun.reflect.GeneratedMethodAccessor74.invoke(Unknown Source)
	at sun.reflect.DelegatingMethodAccessorImpl.invoke(DelegatingMethodAccessorImpl.java:43)
	at java.lang.reflect.Method.invoke(Method.java:498)
	at org.apache.hadoop.hive.metastore.RetryingHMSHandler.invokeInternal(RetryingHMSHandler.java:147)
	at org.apache.hadoop.hive.metastore.RetryingHMSHandler.invoke(RetryingHMSHandler.java:108)
	at com.sun.proxy.$Proxy34.drop_database(Unknown Source)
	at org.apache.hadoop.hive.metastore.api.ThriftHiveMetastore$Processor$drop_database.getResult(ThriftHiveMetastore.java:18285)
	at org.apache.hadoop.hive.metastore.api.ThriftHiveMetastore$Processor$drop_database.getResult(ThriftHiveMetastore.java:18264)
	at org.apache.thrift.ProcessFunction.process(ProcessFunction.java:38)
	at org.apache.hadoop.hive.metastore.TUGIBasedProcessor$1.run(TUGIBasedProcessor.java:111)
	at org.apache.hadoop.hive.metastore.TUGIBasedProcessor$1.run(TUGIBasedProcessor.java:107)
	at java.security.AccessController.doPrivileged(Native Method)
	at javax.security.auth.Subject.doAs(Subject.java:422)
	at org.apache.hadoop.security.UserGroupInformation.doAs(UserGroupInformation.java:1682)
	at org.apache.hadoop.hive.metastore.TUGIBasedProcessor.process(TUGIBasedProcessor.java:119)
	at org.apache.thrift.server.TThreadPoolServer$WorkerProcess.run(TThreadPoolServer.java:248)
	at java.util.concurrent.ThreadPoolExecutor.runWorker(ThreadPoolExecutor.java:1149)
	at java.util.concurrent.ThreadPoolExecutor$Worker.run(ThreadPoolExecutor.java:624)
	at java.lang.Thread.run(Thread.java:750)
NestedThrowablesStackTrace:
java.sql.BatchUpdateException: DELETE on table 'DBS' caused a violation of foreign key constraint 'TBLS_FK1' for key (22).  The statement has been rolled back.
	at org.apache.derby.impl.jdbc.EmbedStatement.executeLargeBatch(Unknown Source)
	at org.apache.derby.impl.jdbc.EmbedStatement.executeBatch(Unknown Source)
	at com.zaxxer.hikari.pool.ProxyStatement.executeBatch(ProxyStatement.java:128)
	at com.zaxxer.hikari.pool.HikariProxyPreparedStatement.executeBatch(HikariProxyPreparedStatement.java)
	at org.datanucleus.store.rdbms.ParamLoggingPreparedStatement.executeBatch(ParamLoggingPreparedStatement.java:366)
	at org.datanucleus.store.rdbms.SQLController.processConnectionStatement(SQLController.java:675)
	at org.datanucleus.store.rdbms.SQLController.processStatementsForConnection(SQLController.java:643)
	at org.datanucleus.store.rdbms.SQLController$1.transactionFlushed(SQLController.java:729)
	at org.datanucleus.store.connection.AbstractManagedConnection.transactionFlushed(AbstractManagedConnection.java:95)
	at org.datanucleus.store.connection.ConnectionManagerImpl$2.transactionFlushed(ConnectionManagerImpl.java:528)
	at org.datanucleus.TransactionImpl.flush(TransactionImpl.java:222)
	at org.datanucleus.ExecutionContextImpl.flushInternal(ExecutionContextImpl.java:4068)
	at org.datanucleus.ExecutionContextThreadedImpl.flushInternal(ExecutionContextThreadedImpl.java:448)
	at org.datanucleus.ExecutionContextImpl.flush(ExecutionContextImpl.java:4009)
	at org.datanucleus.ExecutionContextThreadedImpl.flush(ExecutionContextThreadedImpl.java:434)
	at org.datanucleus.api.jdo.JDOPersistenceManager.flush(JDOPersistenceManager.java:2064)
	at org.apache.hadoop.hive.metastore.ObjectStore.addNotificationEvent(ObjectStore.java:11639)
	at sun.reflect.GeneratedMethodAccessor68.invoke(Unknown Source)
	at sun.reflect.DelegatingMethodAccessorImpl.invoke(DelegatingMethodAccessorImpl.java:43)
	at java.lang.reflect.Method.invoke(Method.java:498)
	at org.apache.hadoop.hive.metastore.RawStoreProxy.invoke(RawStoreProxy.java:97)
	at com.sun.proxy.$Proxy32.addNotificationEvent(Unknown Source)
	at org.apache.hive.hcatalog.listener.DbNotificationListener.process(DbNotificationListener.java:1403)
	at org.apache.hive.hcatalog.listener.DbNotificationListener.onDropDatabase(DbNotificationListener.java:513)
	at org.apache.hadoop.hive.metastore.MetaStoreListenerNotifier$26.notify(MetaStoreListenerNotifier.java:99)
	at org.apache.hadoop.hive.metastore.MetaStoreListenerNotifier.notifyEvent(MetaStoreListenerNotifier.java:339)
	at org.apache.hadoop.hive.metastore.HMSHandler.drop_database_core(HMSHandler.java:1785)
	at org.apache.hadoop.hive.metastore.HMSHandler.drop_database(HMSHandler.java:1869)
	at sun.reflect.GeneratedMethodAccessor74.invoke(Unknown Source)
	at sun.reflect.DelegatingMethodAccessorImpl.invoke(DelegatingMethodAccessorImpl.java:43)
	at java.lang.reflect.Method.invoke(Method.java:498)
	at org.apache.hadoop.hive.metastore.RetryingHMSHandler.invokeInternal(RetryingHMSHandler.java:147)
	at org.apache.hadoop.hive.metastore.RetryingHMSHandler.invoke(RetryingHMSHandler.java:108)
	at com.sun.proxy.$Proxy34.drop_database(Unknown Source)
	at org.apache.hadoop.hive.metastore.api.ThriftHiveMetastore$Processor$drop_database.getResult(ThriftHiveMetastore.java:18285)
	at org.apache.hadoop.hive.metastore.api.ThriftHiveMetastore$Processor$drop_database.getResult(ThriftHiveMetastore.java:18264)
	at org.apache.thrift.ProcessFunction.process(ProcessFunction.java:38)
	at org.apache.hadoop.hive.metastore.TUGIBasedProcessor$1.run(TUGIBasedProcessor.java:111)
	at org.apache.hadoop.hive.metastore.TUGIBasedProcessor$1.run(TUGIBasedProcessor.java:107)
	at java.security.AccessController.doPrivileged(Native Method)
	at javax.security.auth.Subject.doAs(Subject.java:422)
	at org.apache.hadoop.security.UserGroupInformation.doAs(UserGroupInformation.java:1682)
	at org.apache.hadoop.hive.metastore.TUGIBasedProcessor.process(TUGIBasedProcessor.java:119)
	at org.apache.thrift.server.TThreadPoolServer$WorkerProcess.run(TThreadPoolServer.java:248)
	at java.util.concurrent.ThreadPoolExecutor.runWorker(ThreadPoolExecutor.java:1149)
	at java.util.concurrent.ThreadPoolExecutor$Worker.run(ThreadPoolExecutor.java:624)
	at java.lang.Thread.run(Thread.java:750)
Caused by: org.apache.derby.shared.common.error.DerbySQLIntegrityConstraintViolationException: DELETE on table 'DBS' caused a violation of foreign key constraint 'TBLS_FK1' for key (22).  The statement has been rolled back.
	at org.apache.derby.impl.jdbc.SQLExceptionFactory.getSQLException(Unknown Source)
	at org.apache.derby.impl.jdbc.Util.generateCsSQLException(Unknown Source)
	at org.apache.derby.impl.jdbc.TransactionResourceImpl.wrapInSQLException(Unknown Source)
	at org.apache.derby.impl.jdbc.TransactionResourceImpl.handleException(Unknown Source)
	at org.apache.derby.impl.jdbc.EmbedConnection.handleException(Unknown Source)
	at org.apache.derby.impl.jdbc.ConnectionChild.handleException(Unknown Source)
	at org.apache.derby.impl.jdbc.EmbedStatement.executeStatement(Unknown Source)
	at org.apache.derby.impl.jdbc.EmbedPreparedStatement.executeBatchElement(Unknown Source)
	... 47 more
Caused by: ERROR 23503: DELETE on table 'DBS' caused a violation of foreign key constraint 'TBLS_FK1' for key (22).  The statement has been rolled back.
	at org.apache.derby.iapi.error.StandardException.newException(Unknown Source)
	at org.apache.derby.iapi.error.StandardException.newException(Unknown Source)
	at org.apache.derby.impl.sql.execute.ReferencedKeyRIChecker.doCheck(Unknown Source)
	at org.apache.derby.impl.sql.execute.RISetChecker.doPKCheck(Unknown Source)
	at org.apache.derby.impl.sql.execute.DeleteResultSet.collectAffectedRows(Unknown Source)
	at org.apache.derby.impl.sql.execute.DeleteResultSet.open(Unknown Source)
	at org.apache.derby.impl.sql.GenericPreparedStatement.executeStmt(Unknown Source)
	at org.apache.derby.impl.sql.GenericPreparedStatement.execute(Unknown Source)
	... 49 more

2024-04-24T12:10:57,750  INFO [TThreadPoolServer WorkerProcess-%d] HiveMetaStore.audit: ugi=alex	ip=127.0.0.1	cmd=source:127.0.0.1 drop_database: @hive#myDb	
2024-04-24T12:10:57,753  INFO [TThreadPoolServer WorkerProcess-%d] HiveMetaStore.audit: ugi=alex	ip=127.0.0.1	cmd=source:127.0.0.1 get_all_tables: db=@hive#myDb	
2024-04-24T12:10:57,755  INFO [TThreadPoolServer WorkerProcess-%d] HiveMetaStore.audit: ugi=alex	ip=127.0.0.1	cmd=source:127.0.0.1 get_functions: db=@hive#myDb pat=*	
2024-04-24T12:10:57,757  INFO [TThreadPoolServer WorkerProcess-%d] HiveMetaStore.audit: ugi=alex	ip=127.0.0.1	cmd=source:127.0.0.1 get_all_stored_procedures	
2024-04-24T12:10:57,758  INFO [TThreadPoolServer WorkerProcess-%d] HiveMetaStore.audit: ugi=alex	ip=127.0.0.1	cmd=source:127.0.0.1 get_all_packages	
2024-04-24T12:10:57,758  INFO [TThreadPoolServer WorkerProcess-%d] HiveMetaStore.audit: ugi=alex	ip=127.0.0.1	cmd=source:127.0.0.1 getTablesByTypeCore: catName=hive: db=myDb pat=.*,type=MATERIALIZED_VIEW	
2024-04-24T12:10:57,761  INFO [TThreadPoolServer WorkerProcess-%d] metastore.ObjectStore: Dropping database hive.myDb along with all tables
2024-04-24T12:10:57,764 ERROR [TThreadPoolServer WorkerProcess-%d] metastore.RetryingHMSHandler: Retrying HMSHandler after 2000 ms (attempt 4 of 10) with error: javax.jdo.JDODataStoreException: Exception thrown flushing changes to datastore
	at org.datanucleus.api.jdo.NucleusJDOHelper.getJDOExceptionForNucleusException(NucleusJDOHelper.java:542)
	at org.datanucleus.api.jdo.JDOPersistenceManager.flush(JDOPersistenceManager.java:2081)
	at org.apache.hadoop.hive.metastore.ObjectStore.addNotificationEvent(ObjectStore.java:11639)
	at sun.reflect.GeneratedMethodAccessor68.invoke(Unknown Source)
	at sun.reflect.DelegatingMethodAccessorImpl.invoke(DelegatingMethodAccessorImpl.java:43)
	at java.lang.reflect.Method.invoke(Method.java:498)
	at org.apache.hadoop.hive.metastore.RawStoreProxy.invoke(RawStoreProxy.java:97)
	at com.sun.proxy.$Proxy32.addNotificationEvent(Unknown Source)
	at org.apache.hive.hcatalog.listener.DbNotificationListener.process(DbNotificationListener.java:1403)
	at org.apache.hive.hcatalog.listener.DbNotificationListener.onDropDatabase(DbNotificationListener.java:513)
	at org.apache.hadoop.hive.metastore.MetaStoreListenerNotifier$26.notify(MetaStoreListenerNotifier.java:99)
	at org.apache.hadoop.hive.metastore.MetaStoreListenerNotifier.notifyEvent(MetaStoreListenerNotifier.java:339)
	at org.apache.hadoop.hive.metastore.HMSHandler.drop_database_core(HMSHandler.java:1785)
	at org.apache.hadoop.hive.metastore.HMSHandler.drop_database(HMSHandler.java:1869)
	at sun.reflect.GeneratedMethodAccessor74.invoke(Unknown Source)
	at sun.reflect.DelegatingMethodAccessorImpl.invoke(DelegatingMethodAccessorImpl.java:43)
	at java.lang.reflect.Method.invoke(Method.java:498)
	at org.apache.hadoop.hive.metastore.RetryingHMSHandler.invokeInternal(RetryingHMSHandler.java:147)
	at org.apache.hadoop.hive.metastore.RetryingHMSHandler.invoke(RetryingHMSHandler.java:108)
	at com.sun.proxy.$Proxy34.drop_database(Unknown Source)
	at org.apache.hadoop.hive.metastore.api.ThriftHiveMetastore$Processor$drop_database.getResult(ThriftHiveMetastore.java:18285)
	at org.apache.hadoop.hive.metastore.api.ThriftHiveMetastore$Processor$drop_database.getResult(ThriftHiveMetastore.java:18264)
	at org.apache.thrift.ProcessFunction.process(ProcessFunction.java:38)
	at org.apache.hadoop.hive.metastore.TUGIBasedProcessor$1.run(TUGIBasedProcessor.java:111)
	at org.apache.hadoop.hive.metastore.TUGIBasedProcessor$1.run(TUGIBasedProcessor.java:107)
	at java.security.AccessController.doPrivileged(Native Method)
	at javax.security.auth.Subject.doAs(Subject.java:422)
	at org.apache.hadoop.security.UserGroupInformation.doAs(UserGroupInformation.java:1682)
	at org.apache.hadoop.hive.metastore.TUGIBasedProcessor.process(TUGIBasedProcessor.java:119)
	at org.apache.thrift.server.TThreadPoolServer$WorkerProcess.run(TThreadPoolServer.java:248)
	at java.util.concurrent.ThreadPoolExecutor.runWorker(ThreadPoolExecutor.java:1149)
	at java.util.concurrent.ThreadPoolExecutor$Worker.run(ThreadPoolExecutor.java:624)
	at java.lang.Thread.run(Thread.java:750)
NestedThrowablesStackTrace:
java.sql.BatchUpdateException: DELETE on table 'DBS' caused a violation of foreign key constraint 'TBLS_FK1' for key (22).  The statement has been rolled back.
	at org.apache.derby.impl.jdbc.EmbedStatement.executeLargeBatch(Unknown Source)
	at org.apache.derby.impl.jdbc.EmbedStatement.executeBatch(Unknown Source)
	at com.zaxxer.hikari.pool.ProxyStatement.executeBatch(ProxyStatement.java:128)
	at com.zaxxer.hikari.pool.HikariProxyPreparedStatement.executeBatch(HikariProxyPreparedStatement.java)
	at org.datanucleus.store.rdbms.ParamLoggingPreparedStatement.executeBatch(ParamLoggingPreparedStatement.java:366)
	at org.datanucleus.store.rdbms.SQLController.processConnectionStatement(SQLController.java:675)
	at org.datanucleus.store.rdbms.SQLController.processStatementsForConnection(SQLController.java:643)
	at org.datanucleus.store.rdbms.SQLController$1.transactionFlushed(SQLController.java:729)
	at org.datanucleus.store.connection.AbstractManagedConnection.transactionFlushed(AbstractManagedConnection.java:95)
	at org.datanucleus.store.connection.ConnectionManagerImpl$2.transactionFlushed(ConnectionManagerImpl.java:528)
	at org.datanucleus.TransactionImpl.flush(TransactionImpl.java:222)
	at org.datanucleus.ExecutionContextImpl.flushInternal(ExecutionContextImpl.java:4068)
	at org.datanucleus.ExecutionContextThreadedImpl.flushInternal(ExecutionContextThreadedImpl.java:448)
	at org.datanucleus.ExecutionContextImpl.flush(ExecutionContextImpl.java:4009)
	at org.datanucleus.ExecutionContextThreadedImpl.flush(ExecutionContextThreadedImpl.java:434)
	at org.datanucleus.api.jdo.JDOPersistenceManager.flush(JDOPersistenceManager.java:2064)
	at org.apache.hadoop.hive.metastore.ObjectStore.addNotificationEvent(ObjectStore.java:11639)
	at sun.reflect.GeneratedMethodAccessor68.invoke(Unknown Source)
	at sun.reflect.DelegatingMethodAccessorImpl.invoke(DelegatingMethodAccessorImpl.java:43)
	at java.lang.reflect.Method.invoke(Method.java:498)
	at org.apache.hadoop.hive.metastore.RawStoreProxy.invoke(RawStoreProxy.java:97)
	at com.sun.proxy.$Proxy32.addNotificationEvent(Unknown Source)
	at org.apache.hive.hcatalog.listener.DbNotificationListener.process(DbNotificationListener.java:1403)
	at org.apache.hive.hcatalog.listener.DbNotificationListener.onDropDatabase(DbNotificationListener.java:513)
	at org.apache.hadoop.hive.metastore.MetaStoreListenerNotifier$26.notify(MetaStoreListenerNotifier.java:99)
	at org.apache.hadoop.hive.metastore.MetaStoreListenerNotifier.notifyEvent(MetaStoreListenerNotifier.java:339)
	at org.apache.hadoop.hive.metastore.HMSHandler.drop_database_core(HMSHandler.java:1785)
	at org.apache.hadoop.hive.metastore.HMSHandler.drop_database(HMSHandler.java:1869)
	at sun.reflect.GeneratedMethodAccessor74.invoke(Unknown Source)
	at sun.reflect.DelegatingMethodAccessorImpl.invoke(DelegatingMethodAccessorImpl.java:43)
	at java.lang.reflect.Method.invoke(Method.java:498)
	at org.apache.hadoop.hive.metastore.RetryingHMSHandler.invokeInternal(RetryingHMSHandler.java:147)
	at org.apache.hadoop.hive.metastore.RetryingHMSHandler.invoke(RetryingHMSHandler.java:108)
	at com.sun.proxy.$Proxy34.drop_database(Unknown Source)
	at org.apache.hadoop.hive.metastore.api.ThriftHiveMetastore$Processor$drop_database.getResult(ThriftHiveMetastore.java:18285)
	at org.apache.hadoop.hive.metastore.api.ThriftHiveMetastore$Processor$drop_database.getResult(ThriftHiveMetastore.java:18264)
	at org.apache.thrift.ProcessFunction.process(ProcessFunction.java:38)
	at org.apache.hadoop.hive.metastore.TUGIBasedProcessor$1.run(TUGIBasedProcessor.java:111)
	at org.apache.hadoop.hive.metastore.TUGIBasedProcessor$1.run(TUGIBasedProcessor.java:107)
	at java.security.AccessController.doPrivileged(Native Method)
	at javax.security.auth.Subject.doAs(Subject.java:422)
	at org.apache.hadoop.security.UserGroupInformation.doAs(UserGroupInformation.java:1682)
	at org.apache.hadoop.hive.metastore.TUGIBasedProcessor.process(TUGIBasedProcessor.java:119)
	at org.apache.thrift.server.TThreadPoolServer$WorkerProcess.run(TThreadPoolServer.java:248)
	at java.util.concurrent.ThreadPoolExecutor.runWorker(ThreadPoolExecutor.java:1149)
	at java.util.concurrent.ThreadPoolExecutor$Worker.run(ThreadPoolExecutor.java:624)
	at java.lang.Thread.run(Thread.java:750)
Caused by: org.apache.derby.shared.common.error.DerbySQLIntegrityConstraintViolationException: DELETE on table 'DBS' caused a violation of foreign key constraint 'TBLS_FK1' for key (22).  The statement has been rolled back.
	at org.apache.derby.impl.jdbc.SQLExceptionFactory.getSQLException(Unknown Source)
	at org.apache.derby.impl.jdbc.Util.generateCsSQLException(Unknown Source)
	at org.apache.derby.impl.jdbc.TransactionResourceImpl.wrapInSQLException(Unknown Source)
	at org.apache.derby.impl.jdbc.TransactionResourceImpl.handleException(Unknown Source)
	at org.apache.derby.impl.jdbc.EmbedConnection.handleException(Unknown Source)
	at org.apache.derby.impl.jdbc.ConnectionChild.handleException(Unknown Source)
	at org.apache.derby.impl.jdbc.EmbedStatement.executeStatement(Unknown Source)
	at org.apache.derby.impl.jdbc.EmbedPreparedStatement.executeBatchElement(Unknown Source)
	... 47 more
Caused by: ERROR 23503: DELETE on table 'DBS' caused a violation of foreign key constraint 'TBLS_FK1' for key (22).  The statement has been rolled back.
	at org.apache.derby.iapi.error.StandardException.newException(Unknown Source)
	at org.apache.derby.iapi.error.StandardException.newException(Unknown Source)
	at org.apache.derby.impl.sql.execute.ReferencedKeyRIChecker.doCheck(Unknown Source)
	at org.apache.derby.impl.sql.execute.RISetChecker.doPKCheck(Unknown Source)
	at org.apache.derby.impl.sql.execute.DeleteResultSet.collectAffectedRows(Unknown Source)
	at org.apache.derby.impl.sql.execute.DeleteResultSet.open(Unknown Source)
	at org.apache.derby.impl.sql.GenericPreparedStatement.executeStmt(Unknown Source)
	at org.apache.derby.impl.sql.GenericPreparedStatement.execute(Unknown Source)
	... 49 more

2024-04-24T12:10:59,765  INFO [TThreadPoolServer WorkerProcess-%d] HiveMetaStore.audit: ugi=alex	ip=127.0.0.1	cmd=source:127.0.0.1 drop_database: @hive#myDb	
2024-04-24T12:10:59,768  INFO [TThreadPoolServer WorkerProcess-%d] HiveMetaStore.audit: ugi=alex	ip=127.0.0.1	cmd=source:127.0.0.1 get_all_tables: db=@hive#myDb	
2024-04-24T12:10:59,769  INFO [TThreadPoolServer WorkerProcess-%d] HiveMetaStore.audit: ugi=alex	ip=127.0.0.1	cmd=source:127.0.0.1 get_functions: db=@hive#myDb pat=*	
2024-04-24T12:10:59,770  INFO [TThreadPoolServer WorkerProcess-%d] HiveMetaStore.audit: ugi=alex	ip=127.0.0.1	cmd=source:127.0.0.1 get_all_stored_procedures	
2024-04-24T12:10:59,770  INFO [TThreadPoolServer WorkerProcess-%d] HiveMetaStore.audit: ugi=alex	ip=127.0.0.1	cmd=source:127.0.0.1 get_all_packages	
2024-04-24T12:10:59,771  INFO [TThreadPoolServer WorkerProcess-%d] HiveMetaStore.audit: ugi=alex	ip=127.0.0.1	cmd=source:127.0.0.1 getTablesByTypeCore: catName=hive: db=myDb pat=.*,type=MATERIALIZED_VIEW	
2024-04-24T12:10:59,774  INFO [TThreadPoolServer WorkerProcess-%d] metastore.ObjectStore: Dropping database hive.myDb along with all tables
2024-04-24T12:10:59,777 ERROR [TThreadPoolServer WorkerProcess-%d] metastore.RetryingHMSHandler: Retrying HMSHandler after 2000 ms (attempt 5 of 10) with error: javax.jdo.JDODataStoreException: Exception thrown flushing changes to datastore
	at org.datanucleus.api.jdo.NucleusJDOHelper.getJDOExceptionForNucleusException(NucleusJDOHelper.java:542)
	at org.datanucleus.api.jdo.JDOPersistenceManager.flush(JDOPersistenceManager.java:2081)
	at org.apache.hadoop.hive.metastore.ObjectStore.addNotificationEvent(ObjectStore.java:11639)
	at sun.reflect.GeneratedMethodAccessor68.invoke(Unknown Source)
	at sun.reflect.DelegatingMethodAccessorImpl.invoke(DelegatingMethodAccessorImpl.java:43)
	at java.lang.reflect.Method.invoke(Method.java:498)
	at org.apache.hadoop.hive.metastore.RawStoreProxy.invoke(RawStoreProxy.java:97)
	at com.sun.proxy.$Proxy32.addNotificationEvent(Unknown Source)
	at org.apache.hive.hcatalog.listener.DbNotificationListener.process(DbNotificationListener.java:1403)
	at org.apache.hive.hcatalog.listener.DbNotificationListener.onDropDatabase(DbNotificationListener.java:513)
	at org.apache.hadoop.hive.metastore.MetaStoreListenerNotifier$26.notify(MetaStoreListenerNotifier.java:99)
	at org.apache.hadoop.hive.metastore.MetaStoreListenerNotifier.notifyEvent(MetaStoreListenerNotifier.java:339)
	at org.apache.hadoop.hive.metastore.HMSHandler.drop_database_core(HMSHandler.java:1785)
	at org.apache.hadoop.hive.metastore.HMSHandler.drop_database(HMSHandler.java:1869)
	at sun.reflect.GeneratedMethodAccessor74.invoke(Unknown Source)
	at sun.reflect.DelegatingMethodAccessorImpl.invoke(DelegatingMethodAccessorImpl.java:43)
	at java.lang.reflect.Method.invoke(Method.java:498)
	at org.apache.hadoop.hive.metastore.RetryingHMSHandler.invokeInternal(RetryingHMSHandler.java:147)
	at org.apache.hadoop.hive.metastore.RetryingHMSHandler.invoke(RetryingHMSHandler.java:108)
	at com.sun.proxy.$Proxy34.drop_database(Unknown Source)
	at org.apache.hadoop.hive.metastore.api.ThriftHiveMetastore$Processor$drop_database.getResult(ThriftHiveMetastore.java:18285)
	at org.apache.hadoop.hive.metastore.api.ThriftHiveMetastore$Processor$drop_database.getResult(ThriftHiveMetastore.java:18264)
	at org.apache.thrift.ProcessFunction.process(ProcessFunction.java:38)
	at org.apache.hadoop.hive.metastore.TUGIBasedProcessor$1.run(TUGIBasedProcessor.java:111)
	at org.apache.hadoop.hive.metastore.TUGIBasedProcessor$1.run(TUGIBasedProcessor.java:107)
	at java.security.AccessController.doPrivileged(Native Method)
	at javax.security.auth.Subject.doAs(Subject.java:422)
	at org.apache.hadoop.security.UserGroupInformation.doAs(UserGroupInformation.java:1682)
	at org.apache.hadoop.hive.metastore.TUGIBasedProcessor.process(TUGIBasedProcessor.java:119)
	at org.apache.thrift.server.TThreadPoolServer$WorkerProcess.run(TThreadPoolServer.java:248)
	at java.util.concurrent.ThreadPoolExecutor.runWorker(ThreadPoolExecutor.java:1149)
	at java.util.concurrent.ThreadPoolExecutor$Worker.run(ThreadPoolExecutor.java:624)
	at java.lang.Thread.run(Thread.java:750)
NestedThrowablesStackTrace:
java.sql.BatchUpdateException: DELETE on table 'DBS' caused a violation of foreign key constraint 'TBLS_FK1' for key (22).  The statement has been rolled back.
	at org.apache.derby.impl.jdbc.EmbedStatement.executeLargeBatch(Unknown Source)
	at org.apache.derby.impl.jdbc.EmbedStatement.executeBatch(Unknown Source)
	at com.zaxxer.hikari.pool.ProxyStatement.executeBatch(ProxyStatement.java:128)
	at com.zaxxer.hikari.pool.HikariProxyPreparedStatement.executeBatch(HikariProxyPreparedStatement.java)
	at org.datanucleus.store.rdbms.ParamLoggingPreparedStatement.executeBatch(ParamLoggingPreparedStatement.java:366)
	at org.datanucleus.store.rdbms.SQLController.processConnectionStatement(SQLController.java:675)
	at org.datanucleus.store.rdbms.SQLController.processStatementsForConnection(SQLController.java:643)
	at org.datanucleus.store.rdbms.SQLController$1.transactionFlushed(SQLController.java:729)
	at org.datanucleus.store.connection.AbstractManagedConnection.transactionFlushed(AbstractManagedConnection.java:95)
	at org.datanucleus.store.connection.ConnectionManagerImpl$2.transactionFlushed(ConnectionManagerImpl.java:528)
	at org.datanucleus.TransactionImpl.flush(TransactionImpl.java:222)
	at org.datanucleus.ExecutionContextImpl.flushInternal(ExecutionContextImpl.java:4068)
	at org.datanucleus.ExecutionContextThreadedImpl.flushInternal(ExecutionContextThreadedImpl.java:448)
	at org.datanucleus.ExecutionContextImpl.flush(ExecutionContextImpl.java:4009)
	at org.datanucleus.ExecutionContextThreadedImpl.flush(ExecutionContextThreadedImpl.java:434)
	at org.datanucleus.api.jdo.JDOPersistenceManager.flush(JDOPersistenceManager.java:2064)
	at org.apache.hadoop.hive.metastore.ObjectStore.addNotificationEvent(ObjectStore.java:11639)
	at sun.reflect.GeneratedMethodAccessor68.invoke(Unknown Source)
	at sun.reflect.DelegatingMethodAccessorImpl.invoke(DelegatingMethodAccessorImpl.java:43)
	at java.lang.reflect.Method.invoke(Method.java:498)
	at org.apache.hadoop.hive.metastore.RawStoreProxy.invoke(RawStoreProxy.java:97)
	at com.sun.proxy.$Proxy32.addNotificationEvent(Unknown Source)
	at org.apache.hive.hcatalog.listener.DbNotificationListener.process(DbNotificationListener.java:1403)
	at org.apache.hive.hcatalog.listener.DbNotificationListener.onDropDatabase(DbNotificationListener.java:513)
	at org.apache.hadoop.hive.metastore.MetaStoreListenerNotifier$26.notify(MetaStoreListenerNotifier.java:99)
	at org.apache.hadoop.hive.metastore.MetaStoreListenerNotifier.notifyEvent(MetaStoreListenerNotifier.java:339)
	at org.apache.hadoop.hive.metastore.HMSHandler.drop_database_core(HMSHandler.java:1785)
	at org.apache.hadoop.hive.metastore.HMSHandler.drop_database(HMSHandler.java:1869)
	at sun.reflect.GeneratedMethodAccessor74.invoke(Unknown Source)
	at sun.reflect.DelegatingMethodAccessorImpl.invoke(DelegatingMethodAccessorImpl.java:43)
	at java.lang.reflect.Method.invoke(Method.java:498)
	at org.apache.hadoop.hive.metastore.RetryingHMSHandler.invokeInternal(RetryingHMSHandler.java:147)
	at org.apache.hadoop.hive.metastore.RetryingHMSHandler.invoke(RetryingHMSHandler.java:108)
	at com.sun.proxy.$Proxy34.drop_database(Unknown Source)
	at org.apache.hadoop.hive.metastore.api.ThriftHiveMetastore$Processor$drop_database.getResult(ThriftHiveMetastore.java:18285)
	at org.apache.hadoop.hive.metastore.api.ThriftHiveMetastore$Processor$drop_database.getResult(ThriftHiveMetastore.java:18264)
	at org.apache.thrift.ProcessFunction.process(ProcessFunction.java:38)
	at org.apache.hadoop.hive.metastore.TUGIBasedProcessor$1.run(TUGIBasedProcessor.java:111)
	at org.apache.hadoop.hive.metastore.TUGIBasedProcessor$1.run(TUGIBasedProcessor.java:107)
	at java.security.AccessController.doPrivileged(Native Method)
	at javax.security.auth.Subject.doAs(Subject.java:422)
	at org.apache.hadoop.security.UserGroupInformation.doAs(UserGroupInformation.java:1682)
	at org.apache.hadoop.hive.metastore.TUGIBasedProcessor.process(TUGIBasedProcessor.java:119)
	at org.apache.thrift.server.TThreadPoolServer$WorkerProcess.run(TThreadPoolServer.java:248)
	at java.util.concurrent.ThreadPoolExecutor.runWorker(ThreadPoolExecutor.java:1149)
	at java.util.concurrent.ThreadPoolExecutor$Worker.run(ThreadPoolExecutor.java:624)
	at java.lang.Thread.run(Thread.java:750)
Caused by: org.apache.derby.shared.common.error.DerbySQLIntegrityConstraintViolationException: DELETE on table 'DBS' caused a violation of foreign key constraint 'TBLS_FK1' for key (22).  The statement has been rolled back.
	at org.apache.derby.impl.jdbc.SQLExceptionFactory.getSQLException(Unknown Source)
	at org.apache.derby.impl.jdbc.Util.generateCsSQLException(Unknown Source)
	at org.apache.derby.impl.jdbc.TransactionResourceImpl.wrapInSQLException(Unknown Source)
	at org.apache.derby.impl.jdbc.TransactionResourceImpl.handleException(Unknown Source)
	at org.apache.derby.impl.jdbc.EmbedConnection.handleException(Unknown Source)
	at org.apache.derby.impl.jdbc.ConnectionChild.handleException(Unknown Source)
	at org.apache.derby.impl.jdbc.EmbedStatement.executeStatement(Unknown Source)
	at org.apache.derby.impl.jdbc.EmbedPreparedStatement.executeBatchElement(Unknown Source)
	... 47 more
Caused by: ERROR 23503: DELETE on table 'DBS' caused a violation of foreign key constraint 'TBLS_FK1' for key (22).  The statement has been rolled back.
	at org.apache.derby.iapi.error.StandardException.newException(Unknown Source)
	at org.apache.derby.iapi.error.StandardException.newException(Unknown Source)
	at org.apache.derby.impl.sql.execute.ReferencedKeyRIChecker.doCheck(Unknown Source)
	at org.apache.derby.impl.sql.execute.RISetChecker.doPKCheck(Unknown Source)
	at org.apache.derby.impl.sql.execute.DeleteResultSet.collectAffectedRows(Unknown Source)
	at org.apache.derby.impl.sql.execute.DeleteResultSet.open(Unknown Source)
	at org.apache.derby.impl.sql.GenericPreparedStatement.executeStmt(Unknown Source)
	at org.apache.derby.impl.sql.GenericPreparedStatement.execute(Unknown Source)
	... 49 more

2024-04-24T12:11:01,778  INFO [TThreadPoolServer WorkerProcess-%d] HiveMetaStore.audit: ugi=alex	ip=127.0.0.1	cmd=source:127.0.0.1 drop_database: @hive#myDb	
2024-04-24T12:11:01,781  INFO [TThreadPoolServer WorkerProcess-%d] HiveMetaStore.audit: ugi=alex	ip=127.0.0.1	cmd=source:127.0.0.1 get_all_tables: db=@hive#myDb	
2024-04-24T12:11:01,783  INFO [TThreadPoolServer WorkerProcess-%d] HiveMetaStore.audit: ugi=alex	ip=127.0.0.1	cmd=source:127.0.0.1 get_functions: db=@hive#myDb pat=*	
2024-04-24T12:11:01,784  INFO [TThreadPoolServer WorkerProcess-%d] HiveMetaStore.audit: ugi=alex	ip=127.0.0.1	cmd=source:127.0.0.1 get_all_stored_procedures	
2024-04-24T12:11:01,785  INFO [TThreadPoolServer WorkerProcess-%d] HiveMetaStore.audit: ugi=alex	ip=127.0.0.1	cmd=source:127.0.0.1 get_all_packages	
2024-04-24T12:11:01,785  INFO [TThreadPoolServer WorkerProcess-%d] HiveMetaStore.audit: ugi=alex	ip=127.0.0.1	cmd=source:127.0.0.1 getTablesByTypeCore: catName=hive: db=myDb pat=.*,type=MATERIALIZED_VIEW	
2024-04-24T12:11:01,788  INFO [TThreadPoolServer WorkerProcess-%d] metastore.ObjectStore: Dropping database hive.myDb along with all tables
2024-04-24T12:11:01,790 ERROR [TThreadPoolServer WorkerProcess-%d] metastore.RetryingHMSHandler: Retrying HMSHandler after 2000 ms (attempt 6 of 10) with error: javax.jdo.JDODataStoreException: Exception thrown flushing changes to datastore
	at org.datanucleus.api.jdo.NucleusJDOHelper.getJDOExceptionForNucleusException(NucleusJDOHelper.java:542)
	at org.datanucleus.api.jdo.JDOPersistenceManager.flush(JDOPersistenceManager.java:2081)
	at org.apache.hadoop.hive.metastore.ObjectStore.addNotificationEvent(ObjectStore.java:11639)
	at sun.reflect.GeneratedMethodAccessor68.invoke(Unknown Source)
	at sun.reflect.DelegatingMethodAccessorImpl.invoke(DelegatingMethodAccessorImpl.java:43)
	at java.lang.reflect.Method.invoke(Method.java:498)
	at org.apache.hadoop.hive.metastore.RawStoreProxy.invoke(RawStoreProxy.java:97)
	at com.sun.proxy.$Proxy32.addNotificationEvent(Unknown Source)
	at org.apache.hive.hcatalog.listener.DbNotificationListener.process(DbNotificationListener.java:1403)
	at org.apache.hive.hcatalog.listener.DbNotificationListener.onDropDatabase(DbNotificationListener.java:513)
	at org.apache.hadoop.hive.metastore.MetaStoreListenerNotifier$26.notify(MetaStoreListenerNotifier.java:99)
	at org.apache.hadoop.hive.metastore.MetaStoreListenerNotifier.notifyEvent(MetaStoreListenerNotifier.java:339)
	at org.apache.hadoop.hive.metastore.HMSHandler.drop_database_core(HMSHandler.java:1785)
	at org.apache.hadoop.hive.metastore.HMSHandler.drop_database(HMSHandler.java:1869)
	at sun.reflect.GeneratedMethodAccessor74.invoke(Unknown Source)
	at sun.reflect.DelegatingMethodAccessorImpl.invoke(DelegatingMethodAccessorImpl.java:43)
	at java.lang.reflect.Method.invoke(Method.java:498)
	at org.apache.hadoop.hive.metastore.RetryingHMSHandler.invokeInternal(RetryingHMSHandler.java:147)
	at org.apache.hadoop.hive.metastore.RetryingHMSHandler.invoke(RetryingHMSHandler.java:108)
	at com.sun.proxy.$Proxy34.drop_database(Unknown Source)
	at org.apache.hadoop.hive.metastore.api.ThriftHiveMetastore$Processor$drop_database.getResult(ThriftHiveMetastore.java:18285)
	at org.apache.hadoop.hive.metastore.api.ThriftHiveMetastore$Processor$drop_database.getResult(ThriftHiveMetastore.java:18264)
	at org.apache.thrift.ProcessFunction.process(ProcessFunction.java:38)
	at org.apache.hadoop.hive.metastore.TUGIBasedProcessor$1.run(TUGIBasedProcessor.java:111)
	at org.apache.hadoop.hive.metastore.TUGIBasedProcessor$1.run(TUGIBasedProcessor.java:107)
	at java.security.AccessController.doPrivileged(Native Method)
	at javax.security.auth.Subject.doAs(Subject.java:422)
	at org.apache.hadoop.security.UserGroupInformation.doAs(UserGroupInformation.java:1682)
	at org.apache.hadoop.hive.metastore.TUGIBasedProcessor.process(TUGIBasedProcessor.java:119)
	at org.apache.thrift.server.TThreadPoolServer$WorkerProcess.run(TThreadPoolServer.java:248)
	at java.util.concurrent.ThreadPoolExecutor.runWorker(ThreadPoolExecutor.java:1149)
	at java.util.concurrent.ThreadPoolExecutor$Worker.run(ThreadPoolExecutor.java:624)
	at java.lang.Thread.run(Thread.java:750)
NestedThrowablesStackTrace:
java.sql.BatchUpdateException: DELETE on table 'DBS' caused a violation of foreign key constraint 'TBLS_FK1' for key (22).  The statement has been rolled back.
	at org.apache.derby.impl.jdbc.EmbedStatement.executeLargeBatch(Unknown Source)
	at org.apache.derby.impl.jdbc.EmbedStatement.executeBatch(Unknown Source)
	at com.zaxxer.hikari.pool.ProxyStatement.executeBatch(ProxyStatement.java:128)
	at com.zaxxer.hikari.pool.HikariProxyPreparedStatement.executeBatch(HikariProxyPreparedStatement.java)
	at org.datanucleus.store.rdbms.ParamLoggingPreparedStatement.executeBatch(ParamLoggingPreparedStatement.java:366)
	at org.datanucleus.store.rdbms.SQLController.processConnectionStatement(SQLController.java:675)
	at org.datanucleus.store.rdbms.SQLController.processStatementsForConnection(SQLController.java:643)
	at org.datanucleus.store.rdbms.SQLController$1.transactionFlushed(SQLController.java:729)
	at org.datanucleus.store.connection.AbstractManagedConnection.transactionFlushed(AbstractManagedConnection.java:95)
	at org.datanucleus.store.connection.ConnectionManagerImpl$2.transactionFlushed(ConnectionManagerImpl.java:528)
	at org.datanucleus.TransactionImpl.flush(TransactionImpl.java:222)
	at org.datanucleus.ExecutionContextImpl.flushInternal(ExecutionContextImpl.java:4068)
	at org.datanucleus.ExecutionContextThreadedImpl.flushInternal(ExecutionContextThreadedImpl.java:448)
	at org.datanucleus.ExecutionContextImpl.flush(ExecutionContextImpl.java:4009)
	at org.datanucleus.ExecutionContextThreadedImpl.flush(ExecutionContextThreadedImpl.java:434)
	at org.datanucleus.api.jdo.JDOPersistenceManager.flush(JDOPersistenceManager.java:2064)
	at org.apache.hadoop.hive.metastore.ObjectStore.addNotificationEvent(ObjectStore.java:11639)
	at sun.reflect.GeneratedMethodAccessor68.invoke(Unknown Source)
	at sun.reflect.DelegatingMethodAccessorImpl.invoke(DelegatingMethodAccessorImpl.java:43)
	at java.lang.reflect.Method.invoke(Method.java:498)
	at org.apache.hadoop.hive.metastore.RawStoreProxy.invoke(RawStoreProxy.java:97)
	at com.sun.proxy.$Proxy32.addNotificationEvent(Unknown Source)
	at org.apache.hive.hcatalog.listener.DbNotificationListener.process(DbNotificationListener.java:1403)
	at org.apache.hive.hcatalog.listener.DbNotificationListener.onDropDatabase(DbNotificationListener.java:513)
	at org.apache.hadoop.hive.metastore.MetaStoreListenerNotifier$26.notify(MetaStoreListenerNotifier.java:99)
	at org.apache.hadoop.hive.metastore.MetaStoreListenerNotifier.notifyEvent(MetaStoreListenerNotifier.java:339)
	at org.apache.hadoop.hive.metastore.HMSHandler.drop_database_core(HMSHandler.java:1785)
	at org.apache.hadoop.hive.metastore.HMSHandler.drop_database(HMSHandler.java:1869)
	at sun.reflect.GeneratedMethodAccessor74.invoke(Unknown Source)
	at sun.reflect.DelegatingMethodAccessorImpl.invoke(DelegatingMethodAccessorImpl.java:43)
	at java.lang.reflect.Method.invoke(Method.java:498)
	at org.apache.hadoop.hive.metastore.RetryingHMSHandler.invokeInternal(RetryingHMSHandler.java:147)
	at org.apache.hadoop.hive.metastore.RetryingHMSHandler.invoke(RetryingHMSHandler.java:108)
	at com.sun.proxy.$Proxy34.drop_database(Unknown Source)
	at org.apache.hadoop.hive.metastore.api.ThriftHiveMetastore$Processor$drop_database.getResult(ThriftHiveMetastore.java:18285)
	at org.apache.hadoop.hive.metastore.api.ThriftHiveMetastore$Processor$drop_database.getResult(ThriftHiveMetastore.java:18264)
	at org.apache.thrift.ProcessFunction.process(ProcessFunction.java:38)
	at org.apache.hadoop.hive.metastore.TUGIBasedProcessor$1.run(TUGIBasedProcessor.java:111)
	at org.apache.hadoop.hive.metastore.TUGIBasedProcessor$1.run(TUGIBasedProcessor.java:107)
	at java.security.AccessController.doPrivileged(Native Method)
	at javax.security.auth.Subject.doAs(Subject.java:422)
	at org.apache.hadoop.security.UserGroupInformation.doAs(UserGroupInformation.java:1682)
	at org.apache.hadoop.hive.metastore.TUGIBasedProcessor.process(TUGIBasedProcessor.java:119)
	at org.apache.thrift.server.TThreadPoolServer$WorkerProcess.run(TThreadPoolServer.java:248)
	at java.util.concurrent.ThreadPoolExecutor.runWorker(ThreadPoolExecutor.java:1149)
	at java.util.concurrent.ThreadPoolExecutor$Worker.run(ThreadPoolExecutor.java:624)
	at java.lang.Thread.run(Thread.java:750)
Caused by: org.apache.derby.shared.common.error.DerbySQLIntegrityConstraintViolationException: DELETE on table 'DBS' caused a violation of foreign key constraint 'TBLS_FK1' for key (22).  The statement has been rolled back.
	at org.apache.derby.impl.jdbc.SQLExceptionFactory.getSQLException(Unknown Source)
	at org.apache.derby.impl.jdbc.Util.generateCsSQLException(Unknown Source)
	at org.apache.derby.impl.jdbc.TransactionResourceImpl.wrapInSQLException(Unknown Source)
	at org.apache.derby.impl.jdbc.TransactionResourceImpl.handleException(Unknown Source)
	at org.apache.derby.impl.jdbc.EmbedConnection.handleException(Unknown Source)
	at org.apache.derby.impl.jdbc.ConnectionChild.handleException(Unknown Source)
	at org.apache.derby.impl.jdbc.EmbedStatement.executeStatement(Unknown Source)
	at org.apache.derby.impl.jdbc.EmbedPreparedStatement.executeBatchElement(Unknown Source)
	... 47 more
Caused by: ERROR 23503: DELETE on table 'DBS' caused a violation of foreign key constraint 'TBLS_FK1' for key (22).  The statement has been rolled back.
	at org.apache.derby.iapi.error.StandardException.newException(Unknown Source)
	at org.apache.derby.iapi.error.StandardException.newException(Unknown Source)
	at org.apache.derby.impl.sql.execute.ReferencedKeyRIChecker.doCheck(Unknown Source)
	at org.apache.derby.impl.sql.execute.RISetChecker.doPKCheck(Unknown Source)
	at org.apache.derby.impl.sql.execute.DeleteResultSet.collectAffectedRows(Unknown Source)
	at org.apache.derby.impl.sql.execute.DeleteResultSet.open(Unknown Source)
	at org.apache.derby.impl.sql.GenericPreparedStatement.executeStmt(Unknown Source)
	at org.apache.derby.impl.sql.GenericPreparedStatement.execute(Unknown Source)
	... 49 more

2024-04-24T12:11:03,791  INFO [TThreadPoolServer WorkerProcess-%d] HiveMetaStore.audit: ugi=alex	ip=127.0.0.1	cmd=source:127.0.0.1 drop_database: @hive#myDb	
2024-04-24T12:11:03,794  INFO [TThreadPoolServer WorkerProcess-%d] HiveMetaStore.audit: ugi=alex	ip=127.0.0.1	cmd=source:127.0.0.1 get_all_tables: db=@hive#myDb	
2024-04-24T12:11:03,796  INFO [TThreadPoolServer WorkerProcess-%d] HiveMetaStore.audit: ugi=alex	ip=127.0.0.1	cmd=source:127.0.0.1 get_functions: db=@hive#myDb pat=*	
2024-04-24T12:11:03,797  INFO [TThreadPoolServer WorkerProcess-%d] HiveMetaStore.audit: ugi=alex	ip=127.0.0.1	cmd=source:127.0.0.1 get_all_stored_procedures	
2024-04-24T12:11:03,798  INFO [TThreadPoolServer WorkerProcess-%d] HiveMetaStore.audit: ugi=alex	ip=127.0.0.1	cmd=source:127.0.0.1 get_all_packages	
2024-04-24T12:11:03,799  INFO [TThreadPoolServer WorkerProcess-%d] HiveMetaStore.audit: ugi=alex	ip=127.0.0.1	cmd=source:127.0.0.1 getTablesByTypeCore: catName=hive: db=myDb pat=.*,type=MATERIALIZED_VIEW	
2024-04-24T12:11:03,801  INFO [TThreadPoolServer WorkerProcess-%d] metastore.ObjectStore: Dropping database hive.myDb along with all tables
2024-04-24T12:11:03,804 ERROR [TThreadPoolServer WorkerProcess-%d] metastore.RetryingHMSHandler: Retrying HMSHandler after 2000 ms (attempt 7 of 10) with error: javax.jdo.JDODataStoreException: Exception thrown flushing changes to datastore
	at org.datanucleus.api.jdo.NucleusJDOHelper.getJDOExceptionForNucleusException(NucleusJDOHelper.java:542)
	at org.datanucleus.api.jdo.JDOPersistenceManager.flush(JDOPersistenceManager.java:2081)
	at org.apache.hadoop.hive.metastore.ObjectStore.addNotificationEvent(ObjectStore.java:11639)
	at sun.reflect.GeneratedMethodAccessor68.invoke(Unknown Source)
	at sun.reflect.DelegatingMethodAccessorImpl.invoke(DelegatingMethodAccessorImpl.java:43)
	at java.lang.reflect.Method.invoke(Method.java:498)
	at org.apache.hadoop.hive.metastore.RawStoreProxy.invoke(RawStoreProxy.java:97)
	at com.sun.proxy.$Proxy32.addNotificationEvent(Unknown Source)
	at org.apache.hive.hcatalog.listener.DbNotificationListener.process(DbNotificationListener.java:1403)
	at org.apache.hive.hcatalog.listener.DbNotificationListener.onDropDatabase(DbNotificationListener.java:513)
	at org.apache.hadoop.hive.metastore.MetaStoreListenerNotifier$26.notify(MetaStoreListenerNotifier.java:99)
	at org.apache.hadoop.hive.metastore.MetaStoreListenerNotifier.notifyEvent(MetaStoreListenerNotifier.java:339)
	at org.apache.hadoop.hive.metastore.HMSHandler.drop_database_core(HMSHandler.java:1785)
	at org.apache.hadoop.hive.metastore.HMSHandler.drop_database(HMSHandler.java:1869)
	at sun.reflect.GeneratedMethodAccessor74.invoke(Unknown Source)
	at sun.reflect.DelegatingMethodAccessorImpl.invoke(DelegatingMethodAccessorImpl.java:43)
	at java.lang.reflect.Method.invoke(Method.java:498)
	at org.apache.hadoop.hive.metastore.RetryingHMSHandler.invokeInternal(RetryingHMSHandler.java:147)
	at org.apache.hadoop.hive.metastore.RetryingHMSHandler.invoke(RetryingHMSHandler.java:108)
	at com.sun.proxy.$Proxy34.drop_database(Unknown Source)
	at org.apache.hadoop.hive.metastore.api.ThriftHiveMetastore$Processor$drop_database.getResult(ThriftHiveMetastore.java:18285)
	at org.apache.hadoop.hive.metastore.api.ThriftHiveMetastore$Processor$drop_database.getResult(ThriftHiveMetastore.java:18264)
	at org.apache.thrift.ProcessFunction.process(ProcessFunction.java:38)
	at org.apache.hadoop.hive.metastore.TUGIBasedProcessor$1.run(TUGIBasedProcessor.java:111)
	at org.apache.hadoop.hive.metastore.TUGIBasedProcessor$1.run(TUGIBasedProcessor.java:107)
	at java.security.AccessController.doPrivileged(Native Method)
	at javax.security.auth.Subject.doAs(Subject.java:422)
	at org.apache.hadoop.security.UserGroupInformation.doAs(UserGroupInformation.java:1682)
	at org.apache.hadoop.hive.metastore.TUGIBasedProcessor.process(TUGIBasedProcessor.java:119)
	at org.apache.thrift.server.TThreadPoolServer$WorkerProcess.run(TThreadPoolServer.java:248)
	at java.util.concurrent.ThreadPoolExecutor.runWorker(ThreadPoolExecutor.java:1149)
	at java.util.concurrent.ThreadPoolExecutor$Worker.run(ThreadPoolExecutor.java:624)
	at java.lang.Thread.run(Thread.java:750)
NestedThrowablesStackTrace:
java.sql.BatchUpdateException: DELETE on table 'DBS' caused a violation of foreign key constraint 'TBLS_FK1' for key (22).  The statement has been rolled back.
	at org.apache.derby.impl.jdbc.EmbedStatement.executeLargeBatch(Unknown Source)
	at org.apache.derby.impl.jdbc.EmbedStatement.executeBatch(Unknown Source)
	at com.zaxxer.hikari.pool.ProxyStatement.executeBatch(ProxyStatement.java:128)
	at com.zaxxer.hikari.pool.HikariProxyPreparedStatement.executeBatch(HikariProxyPreparedStatement.java)
	at org.datanucleus.store.rdbms.ParamLoggingPreparedStatement.executeBatch(ParamLoggingPreparedStatement.java:366)
	at org.datanucleus.store.rdbms.SQLController.processConnectionStatement(SQLController.java:675)
	at org.datanucleus.store.rdbms.SQLController.processStatementsForConnection(SQLController.java:643)
	at org.datanucleus.store.rdbms.SQLController$1.transactionFlushed(SQLController.java:729)
	at org.datanucleus.store.connection.AbstractManagedConnection.transactionFlushed(AbstractManagedConnection.java:95)
	at org.datanucleus.store.connection.ConnectionManagerImpl$2.transactionFlushed(ConnectionManagerImpl.java:528)
	at org.datanucleus.TransactionImpl.flush(TransactionImpl.java:222)
	at org.datanucleus.ExecutionContextImpl.flushInternal(ExecutionContextImpl.java:4068)
	at org.datanucleus.ExecutionContextThreadedImpl.flushInternal(ExecutionContextThreadedImpl.java:448)
	at org.datanucleus.ExecutionContextImpl.flush(ExecutionContextImpl.java:4009)
	at org.datanucleus.ExecutionContextThreadedImpl.flush(ExecutionContextThreadedImpl.java:434)
	at org.datanucleus.api.jdo.JDOPersistenceManager.flush(JDOPersistenceManager.java:2064)
	at org.apache.hadoop.hive.metastore.ObjectStore.addNotificationEvent(ObjectStore.java:11639)
	at sun.reflect.GeneratedMethodAccessor68.invoke(Unknown Source)
	at sun.reflect.DelegatingMethodAccessorImpl.invoke(DelegatingMethodAccessorImpl.java:43)
	at java.lang.reflect.Method.invoke(Method.java:498)
	at org.apache.hadoop.hive.metastore.RawStoreProxy.invoke(RawStoreProxy.java:97)
	at com.sun.proxy.$Proxy32.addNotificationEvent(Unknown Source)
	at org.apache.hive.hcatalog.listener.DbNotificationListener.process(DbNotificationListener.java:1403)
	at org.apache.hive.hcatalog.listener.DbNotificationListener.onDropDatabase(DbNotificationListener.java:513)
	at org.apache.hadoop.hive.metastore.MetaStoreListenerNotifier$26.notify(MetaStoreListenerNotifier.java:99)
	at org.apache.hadoop.hive.metastore.MetaStoreListenerNotifier.notifyEvent(MetaStoreListenerNotifier.java:339)
	at org.apache.hadoop.hive.metastore.HMSHandler.drop_database_core(HMSHandler.java:1785)
	at org.apache.hadoop.hive.metastore.HMSHandler.drop_database(HMSHandler.java:1869)
	at sun.reflect.GeneratedMethodAccessor74.invoke(Unknown Source)
	at sun.reflect.DelegatingMethodAccessorImpl.invoke(DelegatingMethodAccessorImpl.java:43)
	at java.lang.reflect.Method.invoke(Method.java:498)
	at org.apache.hadoop.hive.metastore.RetryingHMSHandler.invokeInternal(RetryingHMSHandler.java:147)
	at org.apache.hadoop.hive.metastore.RetryingHMSHandler.invoke(RetryingHMSHandler.java:108)
	at com.sun.proxy.$Proxy34.drop_database(Unknown Source)
	at org.apache.hadoop.hive.metastore.api.ThriftHiveMetastore$Processor$drop_database.getResult(ThriftHiveMetastore.java:18285)
	at org.apache.hadoop.hive.metastore.api.ThriftHiveMetastore$Processor$drop_database.getResult(ThriftHiveMetastore.java:18264)
	at org.apache.thrift.ProcessFunction.process(ProcessFunction.java:38)
	at org.apache.hadoop.hive.metastore.TUGIBasedProcessor$1.run(TUGIBasedProcessor.java:111)
	at org.apache.hadoop.hive.metastore.TUGIBasedProcessor$1.run(TUGIBasedProcessor.java:107)
	at java.security.AccessController.doPrivileged(Native Method)
	at javax.security.auth.Subject.doAs(Subject.java:422)
	at org.apache.hadoop.security.UserGroupInformation.doAs(UserGroupInformation.java:1682)
	at org.apache.hadoop.hive.metastore.TUGIBasedProcessor.process(TUGIBasedProcessor.java:119)
	at org.apache.thrift.server.TThreadPoolServer$WorkerProcess.run(TThreadPoolServer.java:248)
	at java.util.concurrent.ThreadPoolExecutor.runWorker(ThreadPoolExecutor.java:1149)
	at java.util.concurrent.ThreadPoolExecutor$Worker.run(ThreadPoolExecutor.java:624)
	at java.lang.Thread.run(Thread.java:750)
Caused by: org.apache.derby.shared.common.error.DerbySQLIntegrityConstraintViolationException: DELETE on table 'DBS' caused a violation of foreign key constraint 'TBLS_FK1' for key (22).  The statement has been rolled back.
	at org.apache.derby.impl.jdbc.SQLExceptionFactory.getSQLException(Unknown Source)
	at org.apache.derby.impl.jdbc.Util.generateCsSQLException(Unknown Source)
	at org.apache.derby.impl.jdbc.TransactionResourceImpl.wrapInSQLException(Unknown Source)
	at org.apache.derby.impl.jdbc.TransactionResourceImpl.handleException(Unknown Source)
	at org.apache.derby.impl.jdbc.EmbedConnection.handleException(Unknown Source)
	at org.apache.derby.impl.jdbc.ConnectionChild.handleException(Unknown Source)
	at org.apache.derby.impl.jdbc.EmbedStatement.executeStatement(Unknown Source)
	at org.apache.derby.impl.jdbc.EmbedPreparedStatement.executeBatchElement(Unknown Source)
	... 47 more
Caused by: ERROR 23503: DELETE on table 'DBS' caused a violation of foreign key constraint 'TBLS_FK1' for key (22).  The statement has been rolled back.
	at org.apache.derby.iapi.error.StandardException.newException(Unknown Source)
	at org.apache.derby.iapi.error.StandardException.newException(Unknown Source)
	at org.apache.derby.impl.sql.execute.ReferencedKeyRIChecker.doCheck(Unknown Source)
	at org.apache.derby.impl.sql.execute.RISetChecker.doPKCheck(Unknown Source)
	at org.apache.derby.impl.sql.execute.DeleteResultSet.collectAffectedRows(Unknown Source)
	at org.apache.derby.impl.sql.execute.DeleteResultSet.open(Unknown Source)
	at org.apache.derby.impl.sql.GenericPreparedStatement.executeStmt(Unknown Source)
	at org.apache.derby.impl.sql.GenericPreparedStatement.execute(Unknown Source)
	... 49 more

2024-04-24T12:11:05,805  INFO [TThreadPoolServer WorkerProcess-%d] HiveMetaStore.audit: ugi=alex	ip=127.0.0.1	cmd=source:127.0.0.1 drop_database: @hive#myDb	
2024-04-24T12:11:05,808  INFO [TThreadPoolServer WorkerProcess-%d] HiveMetaStore.audit: ugi=alex	ip=127.0.0.1	cmd=source:127.0.0.1 get_all_tables: db=@hive#myDb	
2024-04-24T12:11:05,810  INFO [TThreadPoolServer WorkerProcess-%d] HiveMetaStore.audit: ugi=alex	ip=127.0.0.1	cmd=source:127.0.0.1 get_functions: db=@hive#myDb pat=*	
2024-04-24T12:11:05,811  INFO [TThreadPoolServer WorkerProcess-%d] HiveMetaStore.audit: ugi=alex	ip=127.0.0.1	cmd=source:127.0.0.1 get_all_stored_procedures	
2024-04-24T12:11:05,812  INFO [TThreadPoolServer WorkerProcess-%d] HiveMetaStore.audit: ugi=alex	ip=127.0.0.1	cmd=source:127.0.0.1 get_all_packages	
2024-04-24T12:11:05,813  INFO [TThreadPoolServer WorkerProcess-%d] HiveMetaStore.audit: ugi=alex	ip=127.0.0.1	cmd=source:127.0.0.1 getTablesByTypeCore: catName=hive: db=myDb pat=.*,type=MATERIALIZED_VIEW	
2024-04-24T12:11:05,815  INFO [TThreadPoolServer WorkerProcess-%d] metastore.ObjectStore: Dropping database hive.myDb along with all tables
2024-04-24T12:11:05,818 ERROR [TThreadPoolServer WorkerProcess-%d] metastore.RetryingHMSHandler: Retrying HMSHandler after 2000 ms (attempt 8 of 10) with error: javax.jdo.JDODataStoreException: Exception thrown flushing changes to datastore
	at org.datanucleus.api.jdo.NucleusJDOHelper.getJDOExceptionForNucleusException(NucleusJDOHelper.java:542)
	at org.datanucleus.api.jdo.JDOPersistenceManager.flush(JDOPersistenceManager.java:2081)
	at org.apache.hadoop.hive.metastore.ObjectStore.addNotificationEvent(ObjectStore.java:11639)
	at sun.reflect.GeneratedMethodAccessor68.invoke(Unknown Source)
	at sun.reflect.DelegatingMethodAccessorImpl.invoke(DelegatingMethodAccessorImpl.java:43)
	at java.lang.reflect.Method.invoke(Method.java:498)
	at org.apache.hadoop.hive.metastore.RawStoreProxy.invoke(RawStoreProxy.java:97)
	at com.sun.proxy.$Proxy32.addNotificationEvent(Unknown Source)
	at org.apache.hive.hcatalog.listener.DbNotificationListener.process(DbNotificationListener.java:1403)
	at org.apache.hive.hcatalog.listener.DbNotificationListener.onDropDatabase(DbNotificationListener.java:513)
	at org.apache.hadoop.hive.metastore.MetaStoreListenerNotifier$26.notify(MetaStoreListenerNotifier.java:99)
	at org.apache.hadoop.hive.metastore.MetaStoreListenerNotifier.notifyEvent(MetaStoreListenerNotifier.java:339)
	at org.apache.hadoop.hive.metastore.HMSHandler.drop_database_core(HMSHandler.java:1785)
	at org.apache.hadoop.hive.metastore.HMSHandler.drop_database(HMSHandler.java:1869)
	at sun.reflect.GeneratedMethodAccessor74.invoke(Unknown Source)
	at sun.reflect.DelegatingMethodAccessorImpl.invoke(DelegatingMethodAccessorImpl.java:43)
	at java.lang.reflect.Method.invoke(Method.java:498)
	at org.apache.hadoop.hive.metastore.RetryingHMSHandler.invokeInternal(RetryingHMSHandler.java:147)
	at org.apache.hadoop.hive.metastore.RetryingHMSHandler.invoke(RetryingHMSHandler.java:108)
	at com.sun.proxy.$Proxy34.drop_database(Unknown Source)
	at org.apache.hadoop.hive.metastore.api.ThriftHiveMetastore$Processor$drop_database.getResult(ThriftHiveMetastore.java:18285)
	at org.apache.hadoop.hive.metastore.api.ThriftHiveMetastore$Processor$drop_database.getResult(ThriftHiveMetastore.java:18264)
	at org.apache.thrift.ProcessFunction.process(ProcessFunction.java:38)
	at org.apache.hadoop.hive.metastore.TUGIBasedProcessor$1.run(TUGIBasedProcessor.java:111)
	at org.apache.hadoop.hive.metastore.TUGIBasedProcessor$1.run(TUGIBasedProcessor.java:107)
	at java.security.AccessController.doPrivileged(Native Method)
	at javax.security.auth.Subject.doAs(Subject.java:422)
	at org.apache.hadoop.security.UserGroupInformation.doAs(UserGroupInformation.java:1682)
	at org.apache.hadoop.hive.metastore.TUGIBasedProcessor.process(TUGIBasedProcessor.java:119)
	at org.apache.thrift.server.TThreadPoolServer$WorkerProcess.run(TThreadPoolServer.java:248)
	at java.util.concurrent.ThreadPoolExecutor.runWorker(ThreadPoolExecutor.java:1149)
	at java.util.concurrent.ThreadPoolExecutor$Worker.run(ThreadPoolExecutor.java:624)
	at java.lang.Thread.run(Thread.java:750)
NestedThrowablesStackTrace:
java.sql.BatchUpdateException: DELETE on table 'DBS' caused a violation of foreign key constraint 'TBLS_FK1' for key (22).  The statement has been rolled back.
	at org.apache.derby.impl.jdbc.EmbedStatement.executeLargeBatch(Unknown Source)
	at org.apache.derby.impl.jdbc.EmbedStatement.executeBatch(Unknown Source)
	at com.zaxxer.hikari.pool.ProxyStatement.executeBatch(ProxyStatement.java:128)
	at com.zaxxer.hikari.pool.HikariProxyPreparedStatement.executeBatch(HikariProxyPreparedStatement.java)
	at org.datanucleus.store.rdbms.ParamLoggingPreparedStatement.executeBatch(ParamLoggingPreparedStatement.java:366)
	at org.datanucleus.store.rdbms.SQLController.processConnectionStatement(SQLController.java:675)
	at org.datanucleus.store.rdbms.SQLController.processStatementsForConnection(SQLController.java:643)
	at org.datanucleus.store.rdbms.SQLController$1.transactionFlushed(SQLController.java:729)
	at org.datanucleus.store.connection.AbstractManagedConnection.transactionFlushed(AbstractManagedConnection.java:95)
	at org.datanucleus.store.connection.ConnectionManagerImpl$2.transactionFlushed(ConnectionManagerImpl.java:528)
	at org.datanucleus.TransactionImpl.flush(TransactionImpl.java:222)
	at org.datanucleus.ExecutionContextImpl.flushInternal(ExecutionContextImpl.java:4068)
	at org.datanucleus.ExecutionContextThreadedImpl.flushInternal(ExecutionContextThreadedImpl.java:448)
	at org.datanucleus.ExecutionContextImpl.flush(ExecutionContextImpl.java:4009)
	at org.datanucleus.ExecutionContextThreadedImpl.flush(ExecutionContextThreadedImpl.java:434)
	at org.datanucleus.api.jdo.JDOPersistenceManager.flush(JDOPersistenceManager.java:2064)
	at org.apache.hadoop.hive.metastore.ObjectStore.addNotificationEvent(ObjectStore.java:11639)
	at sun.reflect.GeneratedMethodAccessor68.invoke(Unknown Source)
	at sun.reflect.DelegatingMethodAccessorImpl.invoke(DelegatingMethodAccessorImpl.java:43)
	at java.lang.reflect.Method.invoke(Method.java:498)
	at org.apache.hadoop.hive.metastore.RawStoreProxy.invoke(RawStoreProxy.java:97)
	at com.sun.proxy.$Proxy32.addNotificationEvent(Unknown Source)
	at org.apache.hive.hcatalog.listener.DbNotificationListener.process(DbNotificationListener.java:1403)
	at org.apache.hive.hcatalog.listener.DbNotificationListener.onDropDatabase(DbNotificationListener.java:513)
	at org.apache.hadoop.hive.metastore.MetaStoreListenerNotifier$26.notify(MetaStoreListenerNotifier.java:99)
	at org.apache.hadoop.hive.metastore.MetaStoreListenerNotifier.notifyEvent(MetaStoreListenerNotifier.java:339)
	at org.apache.hadoop.hive.metastore.HMSHandler.drop_database_core(HMSHandler.java:1785)
	at org.apache.hadoop.hive.metastore.HMSHandler.drop_database(HMSHandler.java:1869)
	at sun.reflect.GeneratedMethodAccessor74.invoke(Unknown Source)
	at sun.reflect.DelegatingMethodAccessorImpl.invoke(DelegatingMethodAccessorImpl.java:43)
	at java.lang.reflect.Method.invoke(Method.java:498)
	at org.apache.hadoop.hive.metastore.RetryingHMSHandler.invokeInternal(RetryingHMSHandler.java:147)
	at org.apache.hadoop.hive.metastore.RetryingHMSHandler.invoke(RetryingHMSHandler.java:108)
	at com.sun.proxy.$Proxy34.drop_database(Unknown Source)
	at org.apache.hadoop.hive.metastore.api.ThriftHiveMetastore$Processor$drop_database.getResult(ThriftHiveMetastore.java:18285)
	at org.apache.hadoop.hive.metastore.api.ThriftHiveMetastore$Processor$drop_database.getResult(ThriftHiveMetastore.java:18264)
	at org.apache.thrift.ProcessFunction.process(ProcessFunction.java:38)
	at org.apache.hadoop.hive.metastore.TUGIBasedProcessor$1.run(TUGIBasedProcessor.java:111)
	at org.apache.hadoop.hive.metastore.TUGIBasedProcessor$1.run(TUGIBasedProcessor.java:107)
	at java.security.AccessController.doPrivileged(Native Method)
	at javax.security.auth.Subject.doAs(Subject.java:422)
	at org.apache.hadoop.security.UserGroupInformation.doAs(UserGroupInformation.java:1682)
	at org.apache.hadoop.hive.metastore.TUGIBasedProcessor.process(TUGIBasedProcessor.java:119)
	at org.apache.thrift.server.TThreadPoolServer$WorkerProcess.run(TThreadPoolServer.java:248)
	at java.util.concurrent.ThreadPoolExecutor.runWorker(ThreadPoolExecutor.java:1149)
	at java.util.concurrent.ThreadPoolExecutor$Worker.run(ThreadPoolExecutor.java:624)
	at java.lang.Thread.run(Thread.java:750)
Caused by: org.apache.derby.shared.common.error.DerbySQLIntegrityConstraintViolationException: DELETE on table 'DBS' caused a violation of foreign key constraint 'TBLS_FK1' for key (22).  The statement has been rolled back.
	at org.apache.derby.impl.jdbc.SQLExceptionFactory.getSQLException(Unknown Source)
	at org.apache.derby.impl.jdbc.Util.generateCsSQLException(Unknown Source)
	at org.apache.derby.impl.jdbc.TransactionResourceImpl.wrapInSQLException(Unknown Source)
	at org.apache.derby.impl.jdbc.TransactionResourceImpl.handleException(Unknown Source)
	at org.apache.derby.impl.jdbc.EmbedConnection.handleException(Unknown Source)
	at org.apache.derby.impl.jdbc.ConnectionChild.handleException(Unknown Source)
	at org.apache.derby.impl.jdbc.EmbedStatement.executeStatement(Unknown Source)
	at org.apache.derby.impl.jdbc.EmbedPreparedStatement.executeBatchElement(Unknown Source)
	... 47 more
Caused by: ERROR 23503: DELETE on table 'DBS' caused a violation of foreign key constraint 'TBLS_FK1' for key (22).  The statement has been rolled back.
	at org.apache.derby.iapi.error.StandardException.newException(Unknown Source)
	at org.apache.derby.iapi.error.StandardException.newException(Unknown Source)
	at org.apache.derby.impl.sql.execute.ReferencedKeyRIChecker.doCheck(Unknown Source)
	at org.apache.derby.impl.sql.execute.RISetChecker.doPKCheck(Unknown Source)
	at org.apache.derby.impl.sql.execute.DeleteResultSet.collectAffectedRows(Unknown Source)
	at org.apache.derby.impl.sql.execute.DeleteResultSet.open(Unknown Source)
	at org.apache.derby.impl.sql.GenericPreparedStatement.executeStmt(Unknown Source)
	at org.apache.derby.impl.sql.GenericPreparedStatement.execute(Unknown Source)
	... 49 more

2024-04-24T12:11:07,819  INFO [TThreadPoolServer WorkerProcess-%d] HiveMetaStore.audit: ugi=alex	ip=127.0.0.1	cmd=source:127.0.0.1 drop_database: @hive#myDb	
2024-04-24T12:11:07,822  INFO [TThreadPoolServer WorkerProcess-%d] HiveMetaStore.audit: ugi=alex	ip=127.0.0.1	cmd=source:127.0.0.1 get_all_tables: db=@hive#myDb	
2024-04-24T12:11:07,824  INFO [TThreadPoolServer WorkerProcess-%d] HiveMetaStore.audit: ugi=alex	ip=127.0.0.1	cmd=source:127.0.0.1 get_functions: db=@hive#myDb pat=*	
2024-04-24T12:11:07,825  INFO [TThreadPoolServer WorkerProcess-%d] HiveMetaStore.audit: ugi=alex	ip=127.0.0.1	cmd=source:127.0.0.1 get_all_stored_procedures	
2024-04-24T12:11:07,826  INFO [TThreadPoolServer WorkerProcess-%d] HiveMetaStore.audit: ugi=alex	ip=127.0.0.1	cmd=source:127.0.0.1 get_all_packages	
2024-04-24T12:11:07,826  INFO [TThreadPoolServer WorkerProcess-%d] HiveMetaStore.audit: ugi=alex	ip=127.0.0.1	cmd=source:127.0.0.1 getTablesByTypeCore: catName=hive: db=myDb pat=.*,type=MATERIALIZED_VIEW	
2024-04-24T12:11:07,829  INFO [TThreadPoolServer WorkerProcess-%d] metastore.ObjectStore: Dropping database hive.myDb along with all tables
2024-04-24T12:11:07,832 ERROR [TThreadPoolServer WorkerProcess-%d] metastore.RetryingHMSHandler: Retrying HMSHandler after 2000 ms (attempt 9 of 10) with error: javax.jdo.JDODataStoreException: Exception thrown flushing changes to datastore
	at org.datanucleus.api.jdo.NucleusJDOHelper.getJDOExceptionForNucleusException(NucleusJDOHelper.java:542)
	at org.datanucleus.api.jdo.JDOPersistenceManager.flush(JDOPersistenceManager.java:2081)
	at org.apache.hadoop.hive.metastore.ObjectStore.addNotificationEvent(ObjectStore.java:11639)
	at sun.reflect.GeneratedMethodAccessor68.invoke(Unknown Source)
	at sun.reflect.DelegatingMethodAccessorImpl.invoke(DelegatingMethodAccessorImpl.java:43)
	at java.lang.reflect.Method.invoke(Method.java:498)
	at org.apache.hadoop.hive.metastore.RawStoreProxy.invoke(RawStoreProxy.java:97)
	at com.sun.proxy.$Proxy32.addNotificationEvent(Unknown Source)
	at org.apache.hive.hcatalog.listener.DbNotificationListener.process(DbNotificationListener.java:1403)
	at org.apache.hive.hcatalog.listener.DbNotificationListener.onDropDatabase(DbNotificationListener.java:513)
	at org.apache.hadoop.hive.metastore.MetaStoreListenerNotifier$26.notify(MetaStoreListenerNotifier.java:99)
	at org.apache.hadoop.hive.metastore.MetaStoreListenerNotifier.notifyEvent(MetaStoreListenerNotifier.java:339)
	at org.apache.hadoop.hive.metastore.HMSHandler.drop_database_core(HMSHandler.java:1785)
	at org.apache.hadoop.hive.metastore.HMSHandler.drop_database(HMSHandler.java:1869)
	at sun.reflect.GeneratedMethodAccessor74.invoke(Unknown Source)
	at sun.reflect.DelegatingMethodAccessorImpl.invoke(DelegatingMethodAccessorImpl.java:43)
	at java.lang.reflect.Method.invoke(Method.java:498)
	at org.apache.hadoop.hive.metastore.RetryingHMSHandler.invokeInternal(RetryingHMSHandler.java:147)
	at org.apache.hadoop.hive.metastore.RetryingHMSHandler.invoke(RetryingHMSHandler.java:108)
	at com.sun.proxy.$Proxy34.drop_database(Unknown Source)
	at org.apache.hadoop.hive.metastore.api.ThriftHiveMetastore$Processor$drop_database.getResult(ThriftHiveMetastore.java:18285)
	at org.apache.hadoop.hive.metastore.api.ThriftHiveMetastore$Processor$drop_database.getResult(ThriftHiveMetastore.java:18264)
	at org.apache.thrift.ProcessFunction.process(ProcessFunction.java:38)
	at org.apache.hadoop.hive.metastore.TUGIBasedProcessor$1.run(TUGIBasedProcessor.java:111)
	at org.apache.hadoop.hive.metastore.TUGIBasedProcessor$1.run(TUGIBasedProcessor.java:107)
	at java.security.AccessController.doPrivileged(Native Method)
	at javax.security.auth.Subject.doAs(Subject.java:422)
	at org.apache.hadoop.security.UserGroupInformation.doAs(UserGroupInformation.java:1682)
	at org.apache.hadoop.hive.metastore.TUGIBasedProcessor.process(TUGIBasedProcessor.java:119)
	at org.apache.thrift.server.TThreadPoolServer$WorkerProcess.run(TThreadPoolServer.java:248)
	at java.util.concurrent.ThreadPoolExecutor.runWorker(ThreadPoolExecutor.java:1149)
	at java.util.concurrent.ThreadPoolExecutor$Worker.run(ThreadPoolExecutor.java:624)
	at java.lang.Thread.run(Thread.java:750)
NestedThrowablesStackTrace:
java.sql.BatchUpdateException: DELETE on table 'DBS' caused a violation of foreign key constraint 'TBLS_FK1' for key (22).  The statement has been rolled back.
	at org.apache.derby.impl.jdbc.EmbedStatement.executeLargeBatch(Unknown Source)
	at org.apache.derby.impl.jdbc.EmbedStatement.executeBatch(Unknown Source)
	at com.zaxxer.hikari.pool.ProxyStatement.executeBatch(ProxyStatement.java:128)
	at com.zaxxer.hikari.pool.HikariProxyPreparedStatement.executeBatch(HikariProxyPreparedStatement.java)
	at org.datanucleus.store.rdbms.ParamLoggingPreparedStatement.executeBatch(ParamLoggingPreparedStatement.java:366)
	at org.datanucleus.store.rdbms.SQLController.processConnectionStatement(SQLController.java:675)
	at org.datanucleus.store.rdbms.SQLController.processStatementsForConnection(SQLController.java:643)
	at org.datanucleus.store.rdbms.SQLController$1.transactionFlushed(SQLController.java:729)
	at org.datanucleus.store.connection.AbstractManagedConnection.transactionFlushed(AbstractManagedConnection.java:95)
	at org.datanucleus.store.connection.ConnectionManagerImpl$2.transactionFlushed(ConnectionManagerImpl.java:528)
	at org.datanucleus.TransactionImpl.flush(TransactionImpl.java:222)
	at org.datanucleus.ExecutionContextImpl.flushInternal(ExecutionContextImpl.java:4068)
	at org.datanucleus.ExecutionContextThreadedImpl.flushInternal(ExecutionContextThreadedImpl.java:448)
	at org.datanucleus.ExecutionContextImpl.flush(ExecutionContextImpl.java:4009)
	at org.datanucleus.ExecutionContextThreadedImpl.flush(ExecutionContextThreadedImpl.java:434)
	at org.datanucleus.api.jdo.JDOPersistenceManager.flush(JDOPersistenceManager.java:2064)
	at org.apache.hadoop.hive.metastore.ObjectStore.addNotificationEvent(ObjectStore.java:11639)
	at sun.reflect.GeneratedMethodAccessor68.invoke(Unknown Source)
	at sun.reflect.DelegatingMethodAccessorImpl.invoke(DelegatingMethodAccessorImpl.java:43)
	at java.lang.reflect.Method.invoke(Method.java:498)
	at org.apache.hadoop.hive.metastore.RawStoreProxy.invoke(RawStoreProxy.java:97)
	at com.sun.proxy.$Proxy32.addNotificationEvent(Unknown Source)
	at org.apache.hive.hcatalog.listener.DbNotificationListener.process(DbNotificationListener.java:1403)
	at org.apache.hive.hcatalog.listener.DbNotificationListener.onDropDatabase(DbNotificationListener.java:513)
	at org.apache.hadoop.hive.metastore.MetaStoreListenerNotifier$26.notify(MetaStoreListenerNotifier.java:99)
	at org.apache.hadoop.hive.metastore.MetaStoreListenerNotifier.notifyEvent(MetaStoreListenerNotifier.java:339)
	at org.apache.hadoop.hive.metastore.HMSHandler.drop_database_core(HMSHandler.java:1785)
	at org.apache.hadoop.hive.metastore.HMSHandler.drop_database(HMSHandler.java:1869)
	at sun.reflect.GeneratedMethodAccessor74.invoke(Unknown Source)
	at sun.reflect.DelegatingMethodAccessorImpl.invoke(DelegatingMethodAccessorImpl.java:43)
	at java.lang.reflect.Method.invoke(Method.java:498)
	at org.apache.hadoop.hive.metastore.RetryingHMSHandler.invokeInternal(RetryingHMSHandler.java:147)
	at org.apache.hadoop.hive.metastore.RetryingHMSHandler.invoke(RetryingHMSHandler.java:108)
	at com.sun.proxy.$Proxy34.drop_database(Unknown Source)
	at org.apache.hadoop.hive.metastore.api.ThriftHiveMetastore$Processor$drop_database.getResult(ThriftHiveMetastore.java:18285)
	at org.apache.hadoop.hive.metastore.api.ThriftHiveMetastore$Processor$drop_database.getResult(ThriftHiveMetastore.java:18264)
	at org.apache.thrift.ProcessFunction.process(ProcessFunction.java:38)
	at org.apache.hadoop.hive.metastore.TUGIBasedProcessor$1.run(TUGIBasedProcessor.java:111)
	at org.apache.hadoop.hive.metastore.TUGIBasedProcessor$1.run(TUGIBasedProcessor.java:107)
	at java.security.AccessController.doPrivileged(Native Method)
	at javax.security.auth.Subject.doAs(Subject.java:422)
	at org.apache.hadoop.security.UserGroupInformation.doAs(UserGroupInformation.java:1682)
	at org.apache.hadoop.hive.metastore.TUGIBasedProcessor.process(TUGIBasedProcessor.java:119)
	at org.apache.thrift.server.TThreadPoolServer$WorkerProcess.run(TThreadPoolServer.java:248)
	at java.util.concurrent.ThreadPoolExecutor.runWorker(ThreadPoolExecutor.java:1149)
	at java.util.concurrent.ThreadPoolExecutor$Worker.run(ThreadPoolExecutor.java:624)
	at java.lang.Thread.run(Thread.java:750)
Caused by: org.apache.derby.shared.common.error.DerbySQLIntegrityConstraintViolationException: DELETE on table 'DBS' caused a violation of foreign key constraint 'TBLS_FK1' for key (22).  The statement has been rolled back.
	at org.apache.derby.impl.jdbc.SQLExceptionFactory.getSQLException(Unknown Source)
	at org.apache.derby.impl.jdbc.Util.generateCsSQLException(Unknown Source)
	at org.apache.derby.impl.jdbc.TransactionResourceImpl.wrapInSQLException(Unknown Source)
	at org.apache.derby.impl.jdbc.TransactionResourceImpl.handleException(Unknown Source)
	at org.apache.derby.impl.jdbc.EmbedConnection.handleException(Unknown Source)
	at org.apache.derby.impl.jdbc.ConnectionChild.handleException(Unknown Source)
	at org.apache.derby.impl.jdbc.EmbedStatement.executeStatement(Unknown Source)
	at org.apache.derby.impl.jdbc.EmbedPreparedStatement.executeBatchElement(Unknown Source)
	... 47 more
Caused by: ERROR 23503: DELETE on table 'DBS' caused a violation of foreign key constraint 'TBLS_FK1' for key (22).  The statement has been rolled back.
	at org.apache.derby.iapi.error.StandardException.newException(Unknown Source)
	at org.apache.derby.iapi.error.StandardException.newException(Unknown Source)
	at org.apache.derby.impl.sql.execute.ReferencedKeyRIChecker.doCheck(Unknown Source)
	at org.apache.derby.impl.sql.execute.RISetChecker.doPKCheck(Unknown Source)
	at org.apache.derby.impl.sql.execute.DeleteResultSet.collectAffectedRows(Unknown Source)
	at org.apache.derby.impl.sql.execute.DeleteResultSet.open(Unknown Source)
	at org.apache.derby.impl.sql.GenericPreparedStatement.executeStmt(Unknown Source)
	at org.apache.derby.impl.sql.GenericPreparedStatement.execute(Unknown Source)
	... 49 more

2024-04-24T12:11:09,832  INFO [TThreadPoolServer WorkerProcess-%d] HiveMetaStore.audit: ugi=alex	ip=127.0.0.1	cmd=source:127.0.0.1 drop_database: @hive#myDb	
2024-04-24T12:11:09,836  INFO [TThreadPoolServer WorkerProcess-%d] HiveMetaStore.audit: ugi=alex	ip=127.0.0.1	cmd=source:127.0.0.1 get_all_tables: db=@hive#myDb	
2024-04-24T12:11:09,837  INFO [TThreadPoolServer WorkerProcess-%d] HiveMetaStore.audit: ugi=alex	ip=127.0.0.1	cmd=source:127.0.0.1 get_functions: db=@hive#myDb pat=*	
2024-04-24T12:11:09,841  INFO [TThreadPoolServer WorkerProcess-%d] HiveMetaStore.audit: ugi=alex	ip=127.0.0.1	cmd=source:127.0.0.1 get_all_stored_procedures	
2024-04-24T12:11:09,844  INFO [TThreadPoolServer WorkerProcess-%d] HiveMetaStore.audit: ugi=alex	ip=127.0.0.1	cmd=source:127.0.0.1 get_all_packages	
2024-04-24T12:11:09,847  INFO [TThreadPoolServer WorkerProcess-%d] HiveMetaStore.audit: ugi=alex	ip=127.0.0.1	cmd=source:127.0.0.1 getTablesByTypeCore: catName=hive: db=myDb pat=.*,type=MATERIALIZED_VIEW	
2024-04-24T12:11:09,856  INFO [TThreadPoolServer WorkerProcess-%d] metastore.ObjectStore: Dropping database hive.myDb along with all tables
2024-04-24T12:11:09,865 ERROR [TThreadPoolServer WorkerProcess-%d] metastore.RetryingHMSHandler: Retrying HMSHandler after 2000 ms (attempt 10 of 10) with error: javax.jdo.JDODataStoreException: Exception thrown flushing changes to datastore
	at org.datanucleus.api.jdo.NucleusJDOHelper.getJDOExceptionForNucleusException(NucleusJDOHelper.java:542)
	at org.datanucleus.api.jdo.JDOPersistenceManager.flush(JDOPersistenceManager.java:2081)
	at org.apache.hadoop.hive.metastore.ObjectStore.addNotificationEvent(ObjectStore.java:11639)
	at sun.reflect.GeneratedMethodAccessor68.invoke(Unknown Source)
	at sun.reflect.DelegatingMethodAccessorImpl.invoke(DelegatingMethodAccessorImpl.java:43)
	at java.lang.reflect.Method.invoke(Method.java:498)
	at org.apache.hadoop.hive.metastore.RawStoreProxy.invoke(RawStoreProxy.java:97)
	at com.sun.proxy.$Proxy32.addNotificationEvent(Unknown Source)
	at org.apache.hive.hcatalog.listener.DbNotificationListener.process(DbNotificationListener.java:1403)
	at org.apache.hive.hcatalog.listener.DbNotificationListener.onDropDatabase(DbNotificationListener.java:513)
	at org.apache.hadoop.hive.metastore.MetaStoreListenerNotifier$26.notify(MetaStoreListenerNotifier.java:99)
	at org.apache.hadoop.hive.metastore.MetaStoreListenerNotifier.notifyEvent(MetaStoreListenerNotifier.java:339)
	at org.apache.hadoop.hive.metastore.HMSHandler.drop_database_core(HMSHandler.java:1785)
	at org.apache.hadoop.hive.metastore.HMSHandler.drop_database(HMSHandler.java:1869)
	at sun.reflect.GeneratedMethodAccessor74.invoke(Unknown Source)
	at sun.reflect.DelegatingMethodAccessorImpl.invoke(DelegatingMethodAccessorImpl.java:43)
	at java.lang.reflect.Method.invoke(Method.java:498)
	at org.apache.hadoop.hive.metastore.RetryingHMSHandler.invokeInternal(RetryingHMSHandler.java:147)
	at org.apache.hadoop.hive.metastore.RetryingHMSHandler.invoke(RetryingHMSHandler.java:108)
	at com.sun.proxy.$Proxy34.drop_database(Unknown Source)
	at org.apache.hadoop.hive.metastore.api.ThriftHiveMetastore$Processor$drop_database.getResult(ThriftHiveMetastore.java:18285)
	at org.apache.hadoop.hive.metastore.api.ThriftHiveMetastore$Processor$drop_database.getResult(ThriftHiveMetastore.java:18264)
	at org.apache.thrift.ProcessFunction.process(ProcessFunction.java:38)
	at org.apache.hadoop.hive.metastore.TUGIBasedProcessor$1.run(TUGIBasedProcessor.java:111)
	at org.apache.hadoop.hive.metastore.TUGIBasedProcessor$1.run(TUGIBasedProcessor.java:107)
	at java.security.AccessController.doPrivileged(Native Method)
	at javax.security.auth.Subject.doAs(Subject.java:422)
	at org.apache.hadoop.security.UserGroupInformation.doAs(UserGroupInformation.java:1682)
	at org.apache.hadoop.hive.metastore.TUGIBasedProcessor.process(TUGIBasedProcessor.java:119)
	at org.apache.thrift.server.TThreadPoolServer$WorkerProcess.run(TThreadPoolServer.java:248)
	at java.util.concurrent.ThreadPoolExecutor.runWorker(ThreadPoolExecutor.java:1149)
	at java.util.concurrent.ThreadPoolExecutor$Worker.run(ThreadPoolExecutor.java:624)
	at java.lang.Thread.run(Thread.java:750)
NestedThrowablesStackTrace:
java.sql.BatchUpdateException: DELETE on table 'DBS' caused a violation of foreign key constraint 'TBLS_FK1' for key (22).  The statement has been rolled back.
	at org.apache.derby.impl.jdbc.EmbedStatement.executeLargeBatch(Unknown Source)
	at org.apache.derby.impl.jdbc.EmbedStatement.executeBatch(Unknown Source)
	at com.zaxxer.hikari.pool.ProxyStatement.executeBatch(ProxyStatement.java:128)
	at com.zaxxer.hikari.pool.HikariProxyPreparedStatement.executeBatch(HikariProxyPreparedStatement.java)
	at org.datanucleus.store.rdbms.ParamLoggingPreparedStatement.executeBatch(ParamLoggingPreparedStatement.java:366)
	at org.datanucleus.store.rdbms.SQLController.processConnectionStatement(SQLController.java:675)
	at org.datanucleus.store.rdbms.SQLController.processStatementsForConnection(SQLController.java:643)
	at org.datanucleus.store.rdbms.SQLController$1.transactionFlushed(SQLController.java:729)
	at org.datanucleus.store.connection.AbstractManagedConnection.transactionFlushed(AbstractManagedConnection.java:95)
	at org.datanucleus.store.connection.ConnectionManagerImpl$2.transactionFlushed(ConnectionManagerImpl.java:528)
	at org.datanucleus.TransactionImpl.flush(TransactionImpl.java:222)
	at org.datanucleus.ExecutionContextImpl.flushInternal(ExecutionContextImpl.java:4068)
	at org.datanucleus.ExecutionContextThreadedImpl.flushInternal(ExecutionContextThreadedImpl.java:448)
	at org.datanucleus.ExecutionContextImpl.flush(ExecutionContextImpl.java:4009)
	at org.datanucleus.ExecutionContextThreadedImpl.flush(ExecutionContextThreadedImpl.java:434)
	at org.datanucleus.api.jdo.JDOPersistenceManager.flush(JDOPersistenceManager.java:2064)
	at org.apache.hadoop.hive.metastore.ObjectStore.addNotificationEvent(ObjectStore.java:11639)
	at sun.reflect.GeneratedMethodAccessor68.invoke(Unknown Source)
	at sun.reflect.DelegatingMethodAccessorImpl.invoke(DelegatingMethodAccessorImpl.java:43)
	at java.lang.reflect.Method.invoke(Method.java:498)
	at org.apache.hadoop.hive.metastore.RawStoreProxy.invoke(RawStoreProxy.java:97)
	at com.sun.proxy.$Proxy32.addNotificationEvent(Unknown Source)
	at org.apache.hive.hcatalog.listener.DbNotificationListener.process(DbNotificationListener.java:1403)
	at org.apache.hive.hcatalog.listener.DbNotificationListener.onDropDatabase(DbNotificationListener.java:513)
	at org.apache.hadoop.hive.metastore.MetaStoreListenerNotifier$26.notify(MetaStoreListenerNotifier.java:99)
	at org.apache.hadoop.hive.metastore.MetaStoreListenerNotifier.notifyEvent(MetaStoreListenerNotifier.java:339)
	at org.apache.hadoop.hive.metastore.HMSHandler.drop_database_core(HMSHandler.java:1785)
	at org.apache.hadoop.hive.metastore.HMSHandler.drop_database(HMSHandler.java:1869)
	at sun.reflect.GeneratedMethodAccessor74.invoke(Unknown Source)
	at sun.reflect.DelegatingMethodAccessorImpl.invoke(DelegatingMethodAccessorImpl.java:43)
	at java.lang.reflect.Method.invoke(Method.java:498)
	at org.apache.hadoop.hive.metastore.RetryingHMSHandler.invokeInternal(RetryingHMSHandler.java:147)
	at org.apache.hadoop.hive.metastore.RetryingHMSHandler.invoke(RetryingHMSHandler.java:108)
	at com.sun.proxy.$Proxy34.drop_database(Unknown Source)
	at org.apache.hadoop.hive.metastore.api.ThriftHiveMetastore$Processor$drop_database.getResult(ThriftHiveMetastore.java:18285)
	at org.apache.hadoop.hive.metastore.api.ThriftHiveMetastore$Processor$drop_database.getResult(ThriftHiveMetastore.java:18264)
	at org.apache.thrift.ProcessFunction.process(ProcessFunction.java:38)
	at org.apache.hadoop.hive.metastore.TUGIBasedProcessor$1.run(TUGIBasedProcessor.java:111)
	at org.apache.hadoop.hive.metastore.TUGIBasedProcessor$1.run(TUGIBasedProcessor.java:107)
	at java.security.AccessController.doPrivileged(Native Method)
	at javax.security.auth.Subject.doAs(Subject.java:422)
	at org.apache.hadoop.security.UserGroupInformation.doAs(UserGroupInformation.java:1682)
	at org.apache.hadoop.hive.metastore.TUGIBasedProcessor.process(TUGIBasedProcessor.java:119)
	at org.apache.thrift.server.TThreadPoolServer$WorkerProcess.run(TThreadPoolServer.java:248)
	at java.util.concurrent.ThreadPoolExecutor.runWorker(ThreadPoolExecutor.java:1149)
	at java.util.concurrent.ThreadPoolExecutor$Worker.run(ThreadPoolExecutor.java:624)
	at java.lang.Thread.run(Thread.java:750)
Caused by: org.apache.derby.shared.common.error.DerbySQLIntegrityConstraintViolationException: DELETE on table 'DBS' caused a violation of foreign key constraint 'TBLS_FK1' for key (22).  The statement has been rolled back.
	at org.apache.derby.impl.jdbc.SQLExceptionFactory.getSQLException(Unknown Source)
	at org.apache.derby.impl.jdbc.Util.generateCsSQLException(Unknown Source)
	at org.apache.derby.impl.jdbc.TransactionResourceImpl.wrapInSQLException(Unknown Source)
	at org.apache.derby.impl.jdbc.TransactionResourceImpl.handleException(Unknown Source)
	at org.apache.derby.impl.jdbc.EmbedConnection.handleException(Unknown Source)
	at org.apache.derby.impl.jdbc.ConnectionChild.handleException(Unknown Source)
	at org.apache.derby.impl.jdbc.EmbedStatement.executeStatement(Unknown Source)
	at org.apache.derby.impl.jdbc.EmbedPreparedStatement.executeBatchElement(Unknown Source)
	... 47 more
Caused by: ERROR 23503: DELETE on table 'DBS' caused a violation of foreign key constraint 'TBLS_FK1' for key (22).  The statement has been rolled back.
	at org.apache.derby.iapi.error.StandardException.newException(Unknown Source)
	at org.apache.derby.iapi.error.StandardException.newException(Unknown Source)
	at org.apache.derby.impl.sql.execute.ReferencedKeyRIChecker.doCheck(Unknown Source)
	at org.apache.derby.impl.sql.execute.RISetChecker.doPKCheck(Unknown Source)
	at org.apache.derby.impl.sql.execute.DeleteResultSet.collectAffectedRows(Unknown Source)
	at org.apache.derby.impl.sql.execute.DeleteResultSet.open(Unknown Source)
	at org.apache.derby.impl.sql.GenericPreparedStatement.executeStmt(Unknown Source)
	at org.apache.derby.impl.sql.GenericPreparedStatement.execute(Unknown Source)
	... 49 more

2024-04-24T12:11:11,867  INFO [TThreadPoolServer WorkerProcess-%d] HiveMetaStore.audit: ugi=alex	ip=127.0.0.1	cmd=source:127.0.0.1 drop_database: @hive#myDb	
2024-04-24T12:11:11,870  INFO [TThreadPoolServer WorkerProcess-%d] HiveMetaStore.audit: ugi=alex	ip=127.0.0.1	cmd=source:127.0.0.1 get_all_tables: db=@hive#myDb	
2024-04-24T12:11:11,872  INFO [TThreadPoolServer WorkerProcess-%d] HiveMetaStore.audit: ugi=alex	ip=127.0.0.1	cmd=source:127.0.0.1 get_functions: db=@hive#myDb pat=*	
2024-04-24T12:11:11,873  INFO [TThreadPoolServer WorkerProcess-%d] HiveMetaStore.audit: ugi=alex	ip=127.0.0.1	cmd=source:127.0.0.1 get_all_stored_procedures	
2024-04-24T12:11:11,874  INFO [TThreadPoolServer WorkerProcess-%d] HiveMetaStore.audit: ugi=alex	ip=127.0.0.1	cmd=source:127.0.0.1 get_all_packages	
2024-04-24T12:11:11,875  INFO [TThreadPoolServer WorkerProcess-%d] HiveMetaStore.audit: ugi=alex	ip=127.0.0.1	cmd=source:127.0.0.1 getTablesByTypeCore: catName=hive: db=myDb pat=.*,type=MATERIALIZED_VIEW	
2024-04-24T12:11:11,877  INFO [TThreadPoolServer WorkerProcess-%d] metastore.ObjectStore: Dropping database hive.myDb along with all tables
2024-04-24T12:11:11,880 ERROR [TThreadPoolServer WorkerProcess-%d] metastore.RetryingHMSHandler: HMSHandler Fatal error: javax.jdo.JDODataStoreException: Exception thrown flushing changes to datastore
	at org.datanucleus.api.jdo.NucleusJDOHelper.getJDOExceptionForNucleusException(NucleusJDOHelper.java:542)
	at org.datanucleus.api.jdo.JDOPersistenceManager.flush(JDOPersistenceManager.java:2081)
	at org.apache.hadoop.hive.metastore.ObjectStore.addNotificationEvent(ObjectStore.java:11639)
	at sun.reflect.GeneratedMethodAccessor68.invoke(Unknown Source)
	at sun.reflect.DelegatingMethodAccessorImpl.invoke(DelegatingMethodAccessorImpl.java:43)
	at java.lang.reflect.Method.invoke(Method.java:498)
	at org.apache.hadoop.hive.metastore.RawStoreProxy.invoke(RawStoreProxy.java:97)
	at com.sun.proxy.$Proxy32.addNotificationEvent(Unknown Source)
	at org.apache.hive.hcatalog.listener.DbNotificationListener.process(DbNotificationListener.java:1403)
	at org.apache.hive.hcatalog.listener.DbNotificationListener.onDropDatabase(DbNotificationListener.java:513)
	at org.apache.hadoop.hive.metastore.MetaStoreListenerNotifier$26.notify(MetaStoreListenerNotifier.java:99)
	at org.apache.hadoop.hive.metastore.MetaStoreListenerNotifier.notifyEvent(MetaStoreListenerNotifier.java:339)
	at org.apache.hadoop.hive.metastore.HMSHandler.drop_database_core(HMSHandler.java:1785)
	at org.apache.hadoop.hive.metastore.HMSHandler.drop_database(HMSHandler.java:1869)
	at sun.reflect.GeneratedMethodAccessor74.invoke(Unknown Source)
	at sun.reflect.DelegatingMethodAccessorImpl.invoke(DelegatingMethodAccessorImpl.java:43)
	at java.lang.reflect.Method.invoke(Method.java:498)
	at org.apache.hadoop.hive.metastore.RetryingHMSHandler.invokeInternal(RetryingHMSHandler.java:147)
	at org.apache.hadoop.hive.metastore.RetryingHMSHandler.invoke(RetryingHMSHandler.java:108)
	at com.sun.proxy.$Proxy34.drop_database(Unknown Source)
	at org.apache.hadoop.hive.metastore.api.ThriftHiveMetastore$Processor$drop_database.getResult(ThriftHiveMetastore.java:18285)
	at org.apache.hadoop.hive.metastore.api.ThriftHiveMetastore$Processor$drop_database.getResult(ThriftHiveMetastore.java:18264)
	at org.apache.thrift.ProcessFunction.process(ProcessFunction.java:38)
	at org.apache.hadoop.hive.metastore.TUGIBasedProcessor$1.run(TUGIBasedProcessor.java:111)
	at org.apache.hadoop.hive.metastore.TUGIBasedProcessor$1.run(TUGIBasedProcessor.java:107)
	at java.security.AccessController.doPrivileged(Native Method)
	at javax.security.auth.Subject.doAs(Subject.java:422)
	at org.apache.hadoop.security.UserGroupInformation.doAs(UserGroupInformation.java:1682)
	at org.apache.hadoop.hive.metastore.TUGIBasedProcessor.process(TUGIBasedProcessor.java:119)
	at org.apache.thrift.server.TThreadPoolServer$WorkerProcess.run(TThreadPoolServer.java:248)
	at java.util.concurrent.ThreadPoolExecutor.runWorker(ThreadPoolExecutor.java:1149)
	at java.util.concurrent.ThreadPoolExecutor$Worker.run(ThreadPoolExecutor.java:624)
	at java.lang.Thread.run(Thread.java:750)
NestedThrowablesStackTrace:
java.sql.BatchUpdateException: DELETE on table 'DBS' caused a violation of foreign key constraint 'TBLS_FK1' for key (22).  The statement has been rolled back.
	at org.apache.derby.impl.jdbc.EmbedStatement.executeLargeBatch(Unknown Source)
	at org.apache.derby.impl.jdbc.EmbedStatement.executeBatch(Unknown Source)
	at com.zaxxer.hikari.pool.ProxyStatement.executeBatch(ProxyStatement.java:128)
	at com.zaxxer.hikari.pool.HikariProxyPreparedStatement.executeBatch(HikariProxyPreparedStatement.java)
	at org.datanucleus.store.rdbms.ParamLoggingPreparedStatement.executeBatch(ParamLoggingPreparedStatement.java:366)
	at org.datanucleus.store.rdbms.SQLController.processConnectionStatement(SQLController.java:675)
	at org.datanucleus.store.rdbms.SQLController.processStatementsForConnection(SQLController.java:643)
	at org.datanucleus.store.rdbms.SQLController$1.transactionFlushed(SQLController.java:729)
	at org.datanucleus.store.connection.AbstractManagedConnection.transactionFlushed(AbstractManagedConnection.java:95)
	at org.datanucleus.store.connection.ConnectionManagerImpl$2.transactionFlushed(ConnectionManagerImpl.java:528)
	at org.datanucleus.TransactionImpl.flush(TransactionImpl.java:222)
	at org.datanucleus.ExecutionContextImpl.flushInternal(ExecutionContextImpl.java:4068)
	at org.datanucleus.ExecutionContextThreadedImpl.flushInternal(ExecutionContextThreadedImpl.java:448)
	at org.datanucleus.ExecutionContextImpl.flush(ExecutionContextImpl.java:4009)
	at org.datanucleus.ExecutionContextThreadedImpl.flush(ExecutionContextThreadedImpl.java:434)
	at org.datanucleus.api.jdo.JDOPersistenceManager.flush(JDOPersistenceManager.java:2064)
	at org.apache.hadoop.hive.metastore.ObjectStore.addNotificationEvent(ObjectStore.java:11639)
	at sun.reflect.GeneratedMethodAccessor68.invoke(Unknown Source)
	at sun.reflect.DelegatingMethodAccessorImpl.invoke(DelegatingMethodAccessorImpl.java:43)
	at java.lang.reflect.Method.invoke(Method.java:498)
	at org.apache.hadoop.hive.metastore.RawStoreProxy.invoke(RawStoreProxy.java:97)
	at com.sun.proxy.$Proxy32.addNotificationEvent(Unknown Source)
	at org.apache.hive.hcatalog.listener.DbNotificationListener.process(DbNotificationListener.java:1403)
	at org.apache.hive.hcatalog.listener.DbNotificationListener.onDropDatabase(DbNotificationListener.java:513)
	at org.apache.hadoop.hive.metastore.MetaStoreListenerNotifier$26.notify(MetaStoreListenerNotifier.java:99)
	at org.apache.hadoop.hive.metastore.MetaStoreListenerNotifier.notifyEvent(MetaStoreListenerNotifier.java:339)
	at org.apache.hadoop.hive.metastore.HMSHandler.drop_database_core(HMSHandler.java:1785)
	at org.apache.hadoop.hive.metastore.HMSHandler.drop_database(HMSHandler.java:1869)
	at sun.reflect.GeneratedMethodAccessor74.invoke(Unknown Source)
	at sun.reflect.DelegatingMethodAccessorImpl.invoke(DelegatingMethodAccessorImpl.java:43)
	at java.lang.reflect.Method.invoke(Method.java:498)
	at org.apache.hadoop.hive.metastore.RetryingHMSHandler.invokeInternal(RetryingHMSHandler.java:147)
	at org.apache.hadoop.hive.metastore.RetryingHMSHandler.invoke(RetryingHMSHandler.java:108)
	at com.sun.proxy.$Proxy34.drop_database(Unknown Source)
	at org.apache.hadoop.hive.metastore.api.ThriftHiveMetastore$Processor$drop_database.getResult(ThriftHiveMetastore.java:18285)
	at org.apache.hadoop.hive.metastore.api.ThriftHiveMetastore$Processor$drop_database.getResult(ThriftHiveMetastore.java:18264)
	at org.apache.thrift.ProcessFunction.process(ProcessFunction.java:38)
	at org.apache.hadoop.hive.metastore.TUGIBasedProcessor$1.run(TUGIBasedProcessor.java:111)
	at org.apache.hadoop.hive.metastore.TUGIBasedProcessor$1.run(TUGIBasedProcessor.java:107)
	at java.security.AccessController.doPrivileged(Native Method)
	at javax.security.auth.Subject.doAs(Subject.java:422)
	at org.apache.hadoop.security.UserGroupInformation.doAs(UserGroupInformation.java:1682)
	at org.apache.hadoop.hive.metastore.TUGIBasedProcessor.process(TUGIBasedProcessor.java:119)
	at org.apache.thrift.server.TThreadPoolServer$WorkerProcess.run(TThreadPoolServer.java:248)
	at java.util.concurrent.ThreadPoolExecutor.runWorker(ThreadPoolExecutor.java:1149)
	at java.util.concurrent.ThreadPoolExecutor$Worker.run(ThreadPoolExecutor.java:624)
	at java.lang.Thread.run(Thread.java:750)
Caused by: org.apache.derby.shared.common.error.DerbySQLIntegrityConstraintViolationException: DELETE on table 'DBS' caused a violation of foreign key constraint 'TBLS_FK1' for key (22).  The statement has been rolled back.
	at org.apache.derby.impl.jdbc.SQLExceptionFactory.getSQLException(Unknown Source)
	at org.apache.derby.impl.jdbc.Util.generateCsSQLException(Unknown Source)
	at org.apache.derby.impl.jdbc.TransactionResourceImpl.wrapInSQLException(Unknown Source)
	at org.apache.derby.impl.jdbc.TransactionResourceImpl.handleException(Unknown Source)
	at org.apache.derby.impl.jdbc.EmbedConnection.handleException(Unknown Source)
	at org.apache.derby.impl.jdbc.ConnectionChild.handleException(Unknown Source)
	at org.apache.derby.impl.jdbc.EmbedStatement.executeStatement(Unknown Source)
	at org.apache.derby.impl.jdbc.EmbedPreparedStatement.executeBatchElement(Unknown Source)
	... 47 more
Caused by: ERROR 23503: DELETE on table 'DBS' caused a violation of foreign key constraint 'TBLS_FK1' for key (22).  The statement has been rolled back.
	at org.apache.derby.iapi.error.StandardException.newException(Unknown Source)
	at org.apache.derby.iapi.error.StandardException.newException(Unknown Source)
	at org.apache.derby.impl.sql.execute.ReferencedKeyRIChecker.doCheck(Unknown Source)
	at org.apache.derby.impl.sql.execute.RISetChecker.doPKCheck(Unknown Source)
	at org.apache.derby.impl.sql.execute.DeleteResultSet.collectAffectedRows(Unknown Source)
	at org.apache.derby.impl.sql.execute.DeleteResultSet.open(Unknown Source)
	at org.apache.derby.impl.sql.GenericPreparedStatement.executeStmt(Unknown Source)
	at org.apache.derby.impl.sql.GenericPreparedStatement.execute(Unknown Source)
	... 49 more

2024-04-24T12:11:11,880  WARN [main] metastore.RetryingMetaStoreClient: MetaStoreClient lost connection. Attempting to reconnect (1 of 1) after 1s. dropDatabase
org.apache.hadoop.hive.metastore.api.MetaException: javax.jdo.JDODataStoreException: Exception thrown flushing changes to datastore
NestedThrowables:
java.sql.BatchUpdateException: DELETE on table 'DBS' caused a violation of foreign key constraint 'TBLS_FK1' for key (22).  The statement has been rolled back.
	at org.apache.hadoop.hive.metastore.api.ThriftHiveMetastore$drop_database_result$drop_database_resultStandardScheme.read(ThriftHiveMetastore.java:54495) ~[classes/:?]
	at org.apache.hadoop.hive.metastore.api.ThriftHiveMetastore$drop_database_result$drop_database_resultStandardScheme.read(ThriftHiveMetastore.java:54463) ~[classes/:?]
	at org.apache.hadoop.hive.metastore.api.ThriftHiveMetastore$drop_database_result.read(ThriftHiveMetastore.java:54397) ~[classes/:?]
	at org.apache.thrift.TServiceClient.receiveBase(TServiceClient.java:88) ~[libthrift-0.14.1.jar:0.14.1]
	at org.apache.hadoop.hive.metastore.api.ThriftHiveMetastore$Client.recv_drop_database(ThriftHiveMetastore.java:1404) ~[classes/:?]
	at org.apache.hadoop.hive.metastore.api.ThriftHiveMetastore$Client.drop_database(ThriftHiveMetastore.java:1389) ~[classes/:?]
	at org.apache.hadoop.hive.metastore.HiveMetaStoreClient.dropDatabaseCascadePerDb(HiveMetaStoreClient.java:1601) ~[classes/:?]
	at org.apache.hadoop.hive.metastore.HiveMetaStoreClient.dropDatabase(HiveMetaStoreClient.java:1532) ~[classes/:?]
	at org.apache.hadoop.hive.metastore.HiveMetaStoreClient.dropDatabase(HiveMetaStoreClient.java:1485) ~[classes/:?]
	at sun.reflect.GeneratedMethodAccessor358.invoke(Unknown Source) ~[?:?]
	at sun.reflect.DelegatingMethodAccessorImpl.invoke(DelegatingMethodAccessorImpl.java:43) ~[?:1.8.0_402]
	at java.lang.reflect.Method.invoke(Method.java:498) ~[?:1.8.0_402]
	at org.apache.hadoop.hive.metastore.RetryingMetaStoreClient.invoke(RetryingMetaStoreClient.java:214) [classes/:?]
	at com.sun.proxy.$Proxy35.dropDatabase(Unknown Source) [?:?]
	at org.apache.hive.hcatalog.api.HCatClientHMSImpl.dropDatabase(HCatClientHMSImpl.java:154) [classes/:?]
	at org.apache.hive.hcatalog.api.TestHCatClient.testPartitionRegistrationWithCustomSchema(TestHCatClient.java:1112) [test-classes/:?]
	at sun.reflect.NativeMethodAccessorImpl.invoke0(Native Method) ~[?:1.8.0_402]
	at sun.reflect.NativeMethodAccessorImpl.invoke(NativeMethodAccessorImpl.java:62) ~[?:1.8.0_402]
	at sun.reflect.DelegatingMethodAccessorImpl.invoke(DelegatingMethodAccessorImpl.java:43) ~[?:1.8.0_402]
	at java.lang.reflect.Method.invoke(Method.java:498) ~[?:1.8.0_402]
	at org.junit.runners.model.FrameworkMethod$1.runReflectiveCall(FrameworkMethod.java:59) [junit-4.13.jar:4.13]
	at org.junit.internal.runners.model.ReflectiveCallable.run(ReflectiveCallable.java:12) [junit-4.13.jar:4.13]
	at org.junit.runners.model.FrameworkMethod.invokeExplosively(FrameworkMethod.java:56) [junit-4.13.jar:4.13]
	at org.junit.internal.runners.statements.InvokeMethod.evaluate(InvokeMethod.java:17) [junit-4.13.jar:4.13]
	at org.junit.runners.ParentRunner$3.evaluate(ParentRunner.java:306) [junit-4.13.jar:4.13]
	at org.junit.runners.BlockJUnit4ClassRunner$1.evaluate(BlockJUnit4ClassRunner.java:100) [junit-4.13.jar:4.13]
	at org.junit.runners.ParentRunner.runLeaf(ParentRunner.java:366) [junit-4.13.jar:4.13]
	at org.junit.runners.BlockJUnit4ClassRunner.runChild(BlockJUnit4ClassRunner.java:103) [junit-4.13.jar:4.13]
	at org.junit.runners.BlockJUnit4ClassRunner.runChild(BlockJUnit4ClassRunner.java:63) [junit-4.13.jar:4.13]
	at org.junit.runners.ParentRunner$4.run(ParentRunner.java:331) [junit-4.13.jar:4.13]
	at org.junit.runners.ParentRunner$1.schedule(ParentRunner.java:79) [junit-4.13.jar:4.13]
	at org.junit.runners.ParentRunner.runChildren(ParentRunner.java:329) [junit-4.13.jar:4.13]
	at org.junit.runners.ParentRunner.access$100(ParentRunner.java:66) [junit-4.13.jar:4.13]
	at org.junit.runners.ParentRunner$2.evaluate(ParentRunner.java:293) [junit-4.13.jar:4.13]
	at org.junit.internal.runners.statements.RunBefores.evaluate(RunBefores.java:26) [junit-4.13.jar:4.13]
	at org.junit.internal.runners.statements.RunAfters.evaluate(RunAfters.java:27) [junit-4.13.jar:4.13]
	at org.junit.runners.ParentRunner$3.evaluate(ParentRunner.java:306) [junit-4.13.jar:4.13]
	at org.junit.runners.ParentRunner.run(ParentRunner.java:413) [junit-4.13.jar:4.13]
	at org.junit.runners.Suite.runChild(Suite.java:128) [junit-4.13.jar:4.13]
	at org.junit.runners.Suite.runChild(Suite.java:27) [junit-4.13.jar:4.13]
	at org.junit.runners.ParentRunner$4.run(ParentRunner.java:331) [junit-4.13.jar:4.13]
	at org.junit.runners.ParentRunner$1.schedule(ParentRunner.java:79) [junit-4.13.jar:4.13]
	at org.junit.runners.ParentRunner.runChildren(ParentRunner.java:329) [junit-4.13.jar:4.13]
	at org.junit.runners.ParentRunner.access$100(ParentRunner.java:66) [junit-4.13.jar:4.13]
	at org.junit.runners.ParentRunner$2.evaluate(ParentRunner.java:293) [junit-4.13.jar:4.13]
	at org.junit.runners.ParentRunner$3.evaluate(ParentRunner.java:306) [junit-4.13.jar:4.13]
	at org.junit.runners.ParentRunner.run(ParentRunner.java:413) [junit-4.13.jar:4.13]
	at org.apache.maven.surefire.junitcore.JUnitCore.run(JUnitCore.java:55) [surefire-junit47-3.0.0-M4.jar:3.0.0-M4]
	at org.apache.maven.surefire.junitcore.JUnitCoreWrapper.createRequestAndRun(JUnitCoreWrapper.java:137) [surefire-junit47-3.0.0-M4.jar:3.0.0-M4]
	at org.apache.maven.surefire.junitcore.JUnitCoreWrapper.executeEager(JUnitCoreWrapper.java:107) [surefire-junit47-3.0.0-M4.jar:3.0.0-M4]
	at org.apache.maven.surefire.junitcore.JUnitCoreWrapper.execute(JUnitCoreWrapper.java:83) [surefire-junit47-3.0.0-M4.jar:3.0.0-M4]
	at org.apache.maven.surefire.junitcore.JUnitCoreWrapper.execute(JUnitCoreWrapper.java:75) [surefire-junit47-3.0.0-M4.jar:3.0.0-M4]
	at org.apache.maven.surefire.junitcore.JUnitCoreProvider.invoke(JUnitCoreProvider.java:158) [surefire-junit47-3.0.0-M4.jar:3.0.0-M4]
	at org.apache.maven.surefire.booter.ForkedBooter.runSuitesInProcess(ForkedBooter.java:377) [surefire-booter-3.0.0-M4.jar:3.0.0-M4]
	at org.apache.maven.surefire.booter.ForkedBooter.execute(ForkedBooter.java:138) [surefire-booter-3.0.0-M4.jar:3.0.0-M4]
	at org.apache.maven.surefire.booter.ForkedBooter.run(ForkedBooter.java:465) [surefire-booter-3.0.0-M4.jar:3.0.0-M4]
	at org.apache.maven.surefire.booter.ForkedBooter.main(ForkedBooter.java:451) [surefire-booter-3.0.0-M4.jar:3.0.0-M4]
2024-04-24T12:11:12,884  INFO [main] metastore.RetryingMetaStoreClient: RetryingMetaStoreClient trying reconnect as alex (auth:SIMPLE)
2024-04-24T12:11:12,884  INFO [main] metastore.HiveMetaStoreClient: Trying to connect to metastore with URI (thrift://localhost:34727)
2024-04-24T12:11:12,885  INFO [main] metastore.HiveMetaStoreClient: Opened a connection to metastore, URI (thrift://localhost:34727) current connections: 8
2024-04-24T12:11:12,887  INFO [TThreadPoolServer WorkerProcess-%d] HiveMetaStore.audit: ugi=alex	ip=127.0.0.1	cmd=source:127.0.0.1 get_database: myDb	
2024-04-24T12:11:12,889  INFO [TThreadPoolServer WorkerProcess-%d] metastore.HMSHandler: 16: Opening raw store with implementation class:org.apache.hadoop.hive.metastore.ObjectStore
2024-04-24T12:11:12,891  INFO [TThreadPoolServer WorkerProcess-%d] metastore.ObjectStore: RawStore: org.apache.hadoop.hive.metastore.ObjectStore@626d9416, with PersistenceManager: null will be shutdown
2024-04-24T12:11:12,891  INFO [TThreadPoolServer WorkerProcess-%d] metastore.ObjectStore: RawStore: org.apache.hadoop.hive.metastore.ObjectStore@626d9416, with PersistenceManager: org.datanucleus.api.jdo.JDOPersistenceManager@10b4c28f created in the thread with id: 227
2024-04-24T12:11:12,897  INFO [TThreadPoolServer WorkerProcess-%d] metastore.HMSHandler: Created RawStore: org.apache.hadoop.hive.metastore.ObjectStore@626d9416 from thread id: 227
2024-04-24T12:11:12,898  INFO [TThreadPoolServer WorkerProcess-%d] HiveMetaStore.audit: ugi=alex	ip=127.0.0.1	cmd=source:127.0.0.1 get_tables_by_type: db=@hive#myDb pat=.*,type=MATERIALIZED_VIEW	
2024-04-24T12:11:12,898  INFO [TThreadPoolServer WorkerProcess-%d] HiveMetaStore.audit: ugi=alex	ip=127.0.0.1	cmd=source:127.0.0.1 getTablesByTypeCore: catName=hive: db=myDb pat=.*,type=MATERIALIZED_VIEW	
2024-04-24T12:11:12,899  INFO [TThreadPoolServer WorkerProcess-%d] HiveMetaStore.audit: ugi=alex	ip=127.0.0.1	cmd=source:127.0.0.1 get_all_tables: db=@hive#myDb	
2024-04-24T12:11:12,900  INFO [TThreadPoolServer WorkerProcess-%d] HiveMetaStore.audit: ugi=alex	ip=127.0.0.1	cmd=source:127.0.0.1 get_multi_table : db=myDb tbls=mytable	
2024-04-24T12:11:12,902  INFO [TThreadPoolServer WorkerProcess-%d] HiveMetaStore.audit: ugi=alex	ip=127.0.0.1	cmd=source:127.0.0.1 drop_database: @hive#myDb	
2024-04-24T12:11:12,902  INFO [TThreadPoolServer WorkerProcess-%d] HiveMetaStore.audit: ugi=alex	ip=127.0.0.1	cmd=source:127.0.0.1 get_all_tables: db=@hive#myDb	
2024-04-24T12:11:12,903  INFO [TThreadPoolServer WorkerProcess-%d] HiveMetaStore.audit: ugi=alex	ip=127.0.0.1	cmd=source:127.0.0.1 get_functions: db=@hive#myDb pat=*	
2024-04-24T12:11:12,904  INFO [TThreadPoolServer WorkerProcess-%d] HiveMetaStore.audit: ugi=alex	ip=127.0.0.1	cmd=source:127.0.0.1 get_all_stored_procedures	
2024-04-24T12:11:12,904  INFO [TThreadPoolServer WorkerProcess-%d] HiveMetaStore.audit: ugi=alex	ip=127.0.0.1	cmd=source:127.0.0.1 get_all_packages	
2024-04-24T12:11:12,905  INFO [TThreadPoolServer WorkerProcess-%d] HiveMetaStore.audit: ugi=alex	ip=127.0.0.1	cmd=source:127.0.0.1 getTablesByTypeCore: catName=hive: db=myDb pat=.*,type=MATERIALIZED_VIEW	
2024-04-24T12:11:12,907  INFO [TThreadPoolServer WorkerProcess-%d] metastore.ObjectStore: Dropping database hive.myDb along with all tables
2024-04-24T12:11:12,909 ERROR [TThreadPoolServer WorkerProcess-%d] metastore.RetryingHMSHandler: Retrying HMSHandler after 2000 ms (attempt 1 of 10) with error: javax.jdo.JDODataStoreException: Exception thrown flushing changes to datastore
	at org.datanucleus.api.jdo.NucleusJDOHelper.getJDOExceptionForNucleusException(NucleusJDOHelper.java:542)
	at org.datanucleus.api.jdo.JDOPersistenceManager.flush(JDOPersistenceManager.java:2081)
	at org.apache.hadoop.hive.metastore.ObjectStore.addNotificationEvent(ObjectStore.java:11639)
	at sun.reflect.GeneratedMethodAccessor68.invoke(Unknown Source)
	at sun.reflect.DelegatingMethodAccessorImpl.invoke(DelegatingMethodAccessorImpl.java:43)
	at java.lang.reflect.Method.invoke(Method.java:498)
	at org.apache.hadoop.hive.metastore.RawStoreProxy.invoke(RawStoreProxy.java:97)
	at com.sun.proxy.$Proxy32.addNotificationEvent(Unknown Source)
	at org.apache.hive.hcatalog.listener.DbNotificationListener.process(DbNotificationListener.java:1403)
	at org.apache.hive.hcatalog.listener.DbNotificationListener.onDropDatabase(DbNotificationListener.java:513)
	at org.apache.hadoop.hive.metastore.MetaStoreListenerNotifier$26.notify(MetaStoreListenerNotifier.java:99)
	at org.apache.hadoop.hive.metastore.MetaStoreListenerNotifier.notifyEvent(MetaStoreListenerNotifier.java:339)
	at org.apache.hadoop.hive.metastore.HMSHandler.drop_database_core(HMSHandler.java:1785)
	at org.apache.hadoop.hive.metastore.HMSHandler.drop_database(HMSHandler.java:1869)
	at sun.reflect.GeneratedMethodAccessor74.invoke(Unknown Source)
	at sun.reflect.DelegatingMethodAccessorImpl.invoke(DelegatingMethodAccessorImpl.java:43)
	at java.lang.reflect.Method.invoke(Method.java:498)
	at org.apache.hadoop.hive.metastore.RetryingHMSHandler.invokeInternal(RetryingHMSHandler.java:147)
	at org.apache.hadoop.hive.metastore.RetryingHMSHandler.invoke(RetryingHMSHandler.java:108)
	at com.sun.proxy.$Proxy34.drop_database(Unknown Source)
	at org.apache.hadoop.hive.metastore.api.ThriftHiveMetastore$Processor$drop_database.getResult(ThriftHiveMetastore.java:18285)
	at org.apache.hadoop.hive.metastore.api.ThriftHiveMetastore$Processor$drop_database.getResult(ThriftHiveMetastore.java:18264)
	at org.apache.thrift.ProcessFunction.process(ProcessFunction.java:38)
	at org.apache.hadoop.hive.metastore.TUGIBasedProcessor$1.run(TUGIBasedProcessor.java:111)
	at org.apache.hadoop.hive.metastore.TUGIBasedProcessor$1.run(TUGIBasedProcessor.java:107)
	at java.security.AccessController.doPrivileged(Native Method)
	at javax.security.auth.Subject.doAs(Subject.java:422)
	at org.apache.hadoop.security.UserGroupInformation.doAs(UserGroupInformation.java:1682)
	at org.apache.hadoop.hive.metastore.TUGIBasedProcessor.process(TUGIBasedProcessor.java:119)
	at org.apache.thrift.server.TThreadPoolServer$WorkerProcess.run(TThreadPoolServer.java:248)
	at java.util.concurrent.ThreadPoolExecutor.runWorker(ThreadPoolExecutor.java:1149)
	at java.util.concurrent.ThreadPoolExecutor$Worker.run(ThreadPoolExecutor.java:624)
	at java.lang.Thread.run(Thread.java:750)
NestedThrowablesStackTrace:
java.sql.BatchUpdateException: DELETE on table 'DBS' caused a violation of foreign key constraint 'TBLS_FK1' for key (22).  The statement has been rolled back.
	at org.apache.derby.impl.jdbc.EmbedStatement.executeLargeBatch(Unknown Source)
	at org.apache.derby.impl.jdbc.EmbedStatement.executeBatch(Unknown Source)
	at com.zaxxer.hikari.pool.ProxyStatement.executeBatch(ProxyStatement.java:128)
	at com.zaxxer.hikari.pool.HikariProxyPreparedStatement.executeBatch(HikariProxyPreparedStatement.java)
	at org.datanucleus.store.rdbms.ParamLoggingPreparedStatement.executeBatch(ParamLoggingPreparedStatement.java:366)
	at org.datanucleus.store.rdbms.SQLController.processConnectionStatement(SQLController.java:675)
	at org.datanucleus.store.rdbms.SQLController.processStatementsForConnection(SQLController.java:643)
	at org.datanucleus.store.rdbms.SQLController$1.transactionFlushed(SQLController.java:729)
	at org.datanucleus.store.connection.AbstractManagedConnection.transactionFlushed(AbstractManagedConnection.java:95)
	at org.datanucleus.store.connection.ConnectionManagerImpl$2.transactionFlushed(ConnectionManagerImpl.java:528)
	at org.datanucleus.TransactionImpl.flush(TransactionImpl.java:222)
	at org.datanucleus.ExecutionContextImpl.flushInternal(ExecutionContextImpl.java:4068)
	at org.datanucleus.ExecutionContextThreadedImpl.flushInternal(ExecutionContextThreadedImpl.java:448)
	at org.datanucleus.ExecutionContextImpl.flush(ExecutionContextImpl.java:4009)
	at org.datanucleus.ExecutionContextThreadedImpl.flush(ExecutionContextThreadedImpl.java:434)
	at org.datanucleus.api.jdo.JDOPersistenceManager.flush(JDOPersistenceManager.java:2064)
	at org.apache.hadoop.hive.metastore.ObjectStore.addNotificationEvent(ObjectStore.java:11639)
	at sun.reflect.GeneratedMethodAccessor68.invoke(Unknown Source)
	at sun.reflect.DelegatingMethodAccessorImpl.invoke(DelegatingMethodAccessorImpl.java:43)
	at java.lang.reflect.Method.invoke(Method.java:498)
	at org.apache.hadoop.hive.metastore.RawStoreProxy.invoke(RawStoreProxy.java:97)
	at com.sun.proxy.$Proxy32.addNotificationEvent(Unknown Source)
	at org.apache.hive.hcatalog.listener.DbNotificationListener.process(DbNotificationListener.java:1403)
	at org.apache.hive.hcatalog.listener.DbNotificationListener.onDropDatabase(DbNotificationListener.java:513)
	at org.apache.hadoop.hive.metastore.MetaStoreListenerNotifier$26.notify(MetaStoreListenerNotifier.java:99)
	at org.apache.hadoop.hive.metastore.MetaStoreListenerNotifier.notifyEvent(MetaStoreListenerNotifier.java:339)
	at org.apache.hadoop.hive.metastore.HMSHandler.drop_database_core(HMSHandler.java:1785)
	at org.apache.hadoop.hive.metastore.HMSHandler.drop_database(HMSHandler.java:1869)
	at sun.reflect.GeneratedMethodAccessor74.invoke(Unknown Source)
	at sun.reflect.DelegatingMethodAccessorImpl.invoke(DelegatingMethodAccessorImpl.java:43)
	at java.lang.reflect.Method.invoke(Method.java:498)
	at org.apache.hadoop.hive.metastore.RetryingHMSHandler.invokeInternal(RetryingHMSHandler.java:147)
	at org.apache.hadoop.hive.metastore.RetryingHMSHandler.invoke(RetryingHMSHandler.java:108)
	at com.sun.proxy.$Proxy34.drop_database(Unknown Source)
	at org.apache.hadoop.hive.metastore.api.ThriftHiveMetastore$Processor$drop_database.getResult(ThriftHiveMetastore.java:18285)
	at org.apache.hadoop.hive.metastore.api.ThriftHiveMetastore$Processor$drop_database.getResult(ThriftHiveMetastore.java:18264)
	at org.apache.thrift.ProcessFunction.process(ProcessFunction.java:38)
	at org.apache.hadoop.hive.metastore.TUGIBasedProcessor$1.run(TUGIBasedProcessor.java:111)
	at org.apache.hadoop.hive.metastore.TUGIBasedProcessor$1.run(TUGIBasedProcessor.java:107)
	at java.security.AccessController.doPrivileged(Native Method)
	at javax.security.auth.Subject.doAs(Subject.java:422)
	at org.apache.hadoop.security.UserGroupInformation.doAs(UserGroupInformation.java:1682)
	at org.apache.hadoop.hive.metastore.TUGIBasedProcessor.process(TUGIBasedProcessor.java:119)
	at org.apache.thrift.server.TThreadPoolServer$WorkerProcess.run(TThreadPoolServer.java:248)
	at java.util.concurrent.ThreadPoolExecutor.runWorker(ThreadPoolExecutor.java:1149)
	at java.util.concurrent.ThreadPoolExecutor$Worker.run(ThreadPoolExecutor.java:624)
	at java.lang.Thread.run(Thread.java:750)
Caused by: org.apache.derby.shared.common.error.DerbySQLIntegrityConstraintViolationException: DELETE on table 'DBS' caused a violation of foreign key constraint 'TBLS_FK1' for key (22).  The statement has been rolled back.
	at org.apache.derby.impl.jdbc.SQLExceptionFactory.getSQLException(Unknown Source)
	at org.apache.derby.impl.jdbc.Util.generateCsSQLException(Unknown Source)
	at org.apache.derby.impl.jdbc.TransactionResourceImpl.wrapInSQLException(Unknown Source)
	at org.apache.derby.impl.jdbc.TransactionResourceImpl.handleException(Unknown Source)
	at org.apache.derby.impl.jdbc.EmbedConnection.handleException(Unknown Source)
	at org.apache.derby.impl.jdbc.ConnectionChild.handleException(Unknown Source)
	at org.apache.derby.impl.jdbc.EmbedStatement.executeStatement(Unknown Source)
	at org.apache.derby.impl.jdbc.EmbedPreparedStatement.executeBatchElement(Unknown Source)
	... 47 more
Caused by: ERROR 23503: DELETE on table 'DBS' caused a violation of foreign key constraint 'TBLS_FK1' for key (22).  The statement has been rolled back.
	at org.apache.derby.iapi.error.StandardException.newException(Unknown Source)
	at org.apache.derby.iapi.error.StandardException.newException(Unknown Source)
	at org.apache.derby.impl.sql.execute.ReferencedKeyRIChecker.doCheck(Unknown Source)
	at org.apache.derby.impl.sql.execute.RISetChecker.doPKCheck(Unknown Source)
	at org.apache.derby.impl.sql.execute.DeleteResultSet.collectAffectedRows(Unknown Source)
	at org.apache.derby.impl.sql.execute.DeleteResultSet.open(Unknown Source)
	at org.apache.derby.impl.sql.GenericPreparedStatement.executeStmt(Unknown Source)
	at org.apache.derby.impl.sql.GenericPreparedStatement.execute(Unknown Source)
	... 49 more

2024-04-24T12:11:14,910  INFO [TThreadPoolServer WorkerProcess-%d] HiveMetaStore.audit: ugi=alex	ip=127.0.0.1	cmd=source:127.0.0.1 drop_database: @hive#myDb	
2024-04-24T12:11:14,913  INFO [TThreadPoolServer WorkerProcess-%d] HiveMetaStore.audit: ugi=alex	ip=127.0.0.1	cmd=source:127.0.0.1 get_all_tables: db=@hive#myDb	
2024-04-24T12:11:14,914  INFO [TThreadPoolServer WorkerProcess-%d] HiveMetaStore.audit: ugi=alex	ip=127.0.0.1	cmd=source:127.0.0.1 get_functions: db=@hive#myDb pat=*	
2024-04-24T12:11:14,916  INFO [TThreadPoolServer WorkerProcess-%d] HiveMetaStore.audit: ugi=alex	ip=127.0.0.1	cmd=source:127.0.0.1 get_all_stored_procedures	
2024-04-24T12:11:14,916  INFO [TThreadPoolServer WorkerProcess-%d] HiveMetaStore.audit: ugi=alex	ip=127.0.0.1	cmd=source:127.0.0.1 get_all_packages	
2024-04-24T12:11:14,917  INFO [TThreadPoolServer WorkerProcess-%d] HiveMetaStore.audit: ugi=alex	ip=127.0.0.1	cmd=source:127.0.0.1 getTablesByTypeCore: catName=hive: db=myDb pat=.*,type=MATERIALIZED_VIEW	
2024-04-24T12:11:14,918  INFO [TThreadPoolServer WorkerProcess-%d] metastore.ObjectStore: Dropping database hive.myDb along with all tables
2024-04-24T12:11:14,921 ERROR [TThreadPoolServer WorkerProcess-%d] metastore.RetryingHMSHandler: Retrying HMSHandler after 2000 ms (attempt 2 of 10) with error: javax.jdo.JDODataStoreException: Exception thrown flushing changes to datastore
	at org.datanucleus.api.jdo.NucleusJDOHelper.getJDOExceptionForNucleusException(NucleusJDOHelper.java:542)
	at org.datanucleus.api.jdo.JDOPersistenceManager.flush(JDOPersistenceManager.java:2081)
	at org.apache.hadoop.hive.metastore.ObjectStore.addNotificationEvent(ObjectStore.java:11639)
	at sun.reflect.GeneratedMethodAccessor68.invoke(Unknown Source)
	at sun.reflect.DelegatingMethodAccessorImpl.invoke(DelegatingMethodAccessorImpl.java:43)
	at java.lang.reflect.Method.invoke(Method.java:498)
	at org.apache.hadoop.hive.metastore.RawStoreProxy.invoke(RawStoreProxy.java:97)
	at com.sun.proxy.$Proxy32.addNotificationEvent(Unknown Source)
	at org.apache.hive.hcatalog.listener.DbNotificationListener.process(DbNotificationListener.java:1403)
	at org.apache.hive.hcatalog.listener.DbNotificationListener.onDropDatabase(DbNotificationListener.java:513)
	at org.apache.hadoop.hive.metastore.MetaStoreListenerNotifier$26.notify(MetaStoreListenerNotifier.java:99)
	at org.apache.hadoop.hive.metastore.MetaStoreListenerNotifier.notifyEvent(MetaStoreListenerNotifier.java:339)
	at org.apache.hadoop.hive.metastore.HMSHandler.drop_database_core(HMSHandler.java:1785)
	at org.apache.hadoop.hive.metastore.HMSHandler.drop_database(HMSHandler.java:1869)
	at sun.reflect.GeneratedMethodAccessor74.invoke(Unknown Source)
	at sun.reflect.DelegatingMethodAccessorImpl.invoke(DelegatingMethodAccessorImpl.java:43)
	at java.lang.reflect.Method.invoke(Method.java:498)
	at org.apache.hadoop.hive.metastore.RetryingHMSHandler.invokeInternal(RetryingHMSHandler.java:147)
	at org.apache.hadoop.hive.metastore.RetryingHMSHandler.invoke(RetryingHMSHandler.java:108)
	at com.sun.proxy.$Proxy34.drop_database(Unknown Source)
	at org.apache.hadoop.hive.metastore.api.ThriftHiveMetastore$Processor$drop_database.getResult(ThriftHiveMetastore.java:18285)
	at org.apache.hadoop.hive.metastore.api.ThriftHiveMetastore$Processor$drop_database.getResult(ThriftHiveMetastore.java:18264)
	at org.apache.thrift.ProcessFunction.process(ProcessFunction.java:38)
	at org.apache.hadoop.hive.metastore.TUGIBasedProcessor$1.run(TUGIBasedProcessor.java:111)
	at org.apache.hadoop.hive.metastore.TUGIBasedProcessor$1.run(TUGIBasedProcessor.java:107)
	at java.security.AccessController.doPrivileged(Native Method)
	at javax.security.auth.Subject.doAs(Subject.java:422)
	at org.apache.hadoop.security.UserGroupInformation.doAs(UserGroupInformation.java:1682)
	at org.apache.hadoop.hive.metastore.TUGIBasedProcessor.process(TUGIBasedProcessor.java:119)
	at org.apache.thrift.server.TThreadPoolServer$WorkerProcess.run(TThreadPoolServer.java:248)
	at java.util.concurrent.ThreadPoolExecutor.runWorker(ThreadPoolExecutor.java:1149)
	at java.util.concurrent.ThreadPoolExecutor$Worker.run(ThreadPoolExecutor.java:624)
	at java.lang.Thread.run(Thread.java:750)
NestedThrowablesStackTrace:
java.sql.BatchUpdateException: DELETE on table 'DBS' caused a violation of foreign key constraint 'TBLS_FK1' for key (22).  The statement has been rolled back.
	at org.apache.derby.impl.jdbc.EmbedStatement.executeLargeBatch(Unknown Source)
	at org.apache.derby.impl.jdbc.EmbedStatement.executeBatch(Unknown Source)
	at com.zaxxer.hikari.pool.ProxyStatement.executeBatch(ProxyStatement.java:128)
	at com.zaxxer.hikari.pool.HikariProxyPreparedStatement.executeBatch(HikariProxyPreparedStatement.java)
	at org.datanucleus.store.rdbms.ParamLoggingPreparedStatement.executeBatch(ParamLoggingPreparedStatement.java:366)
	at org.datanucleus.store.rdbms.SQLController.processConnectionStatement(SQLController.java:675)
	at org.datanucleus.store.rdbms.SQLController.processStatementsForConnection(SQLController.java:643)
	at org.datanucleus.store.rdbms.SQLController$1.transactionFlushed(SQLController.java:729)
	at org.datanucleus.store.connection.AbstractManagedConnection.transactionFlushed(AbstractManagedConnection.java:95)
	at org.datanucleus.store.connection.ConnectionManagerImpl$2.transactionFlushed(ConnectionManagerImpl.java:528)
	at org.datanucleus.TransactionImpl.flush(TransactionImpl.java:222)
	at org.datanucleus.ExecutionContextImpl.flushInternal(ExecutionContextImpl.java:4068)
	at org.datanucleus.ExecutionContextThreadedImpl.flushInternal(ExecutionContextThreadedImpl.java:448)
	at org.datanucleus.ExecutionContextImpl.flush(ExecutionContextImpl.java:4009)
	at org.datanucleus.ExecutionContextThreadedImpl.flush(ExecutionContextThreadedImpl.java:434)
	at org.datanucleus.api.jdo.JDOPersistenceManager.flush(JDOPersistenceManager.java:2064)
	at org.apache.hadoop.hive.metastore.ObjectStore.addNotificationEvent(ObjectStore.java:11639)
	at sun.reflect.GeneratedMethodAccessor68.invoke(Unknown Source)
	at sun.reflect.DelegatingMethodAccessorImpl.invoke(DelegatingMethodAccessorImpl.java:43)
	at java.lang.reflect.Method.invoke(Method.java:498)
	at org.apache.hadoop.hive.metastore.RawStoreProxy.invoke(RawStoreProxy.java:97)
	at com.sun.proxy.$Proxy32.addNotificationEvent(Unknown Source)
	at org.apache.hive.hcatalog.listener.DbNotificationListener.process(DbNotificationListener.java:1403)
	at org.apache.hive.hcatalog.listener.DbNotificationListener.onDropDatabase(DbNotificationListener.java:513)
	at org.apache.hadoop.hive.metastore.MetaStoreListenerNotifier$26.notify(MetaStoreListenerNotifier.java:99)
	at org.apache.hadoop.hive.metastore.MetaStoreListenerNotifier.notifyEvent(MetaStoreListenerNotifier.java:339)
	at org.apache.hadoop.hive.metastore.HMSHandler.drop_database_core(HMSHandler.java:1785)
	at org.apache.hadoop.hive.metastore.HMSHandler.drop_database(HMSHandler.java:1869)
	at sun.reflect.GeneratedMethodAccessor74.invoke(Unknown Source)
	at sun.reflect.DelegatingMethodAccessorImpl.invoke(DelegatingMethodAccessorImpl.java:43)
	at java.lang.reflect.Method.invoke(Method.java:498)
	at org.apache.hadoop.hive.metastore.RetryingHMSHandler.invokeInternal(RetryingHMSHandler.java:147)
	at org.apache.hadoop.hive.metastore.RetryingHMSHandler.invoke(RetryingHMSHandler.java:108)
	at com.sun.proxy.$Proxy34.drop_database(Unknown Source)
	at org.apache.hadoop.hive.metastore.api.ThriftHiveMetastore$Processor$drop_database.getResult(ThriftHiveMetastore.java:18285)
	at org.apache.hadoop.hive.metastore.api.ThriftHiveMetastore$Processor$drop_database.getResult(ThriftHiveMetastore.java:18264)
	at org.apache.thrift.ProcessFunction.process(ProcessFunction.java:38)
	at org.apache.hadoop.hive.metastore.TUGIBasedProcessor$1.run(TUGIBasedProcessor.java:111)
	at org.apache.hadoop.hive.metastore.TUGIBasedProcessor$1.run(TUGIBasedProcessor.java:107)
	at java.security.AccessController.doPrivileged(Native Method)
	at javax.security.auth.Subject.doAs(Subject.java:422)
	at org.apache.hadoop.security.UserGroupInformation.doAs(UserGroupInformation.java:1682)
	at org.apache.hadoop.hive.metastore.TUGIBasedProcessor.process(TUGIBasedProcessor.java:119)
	at org.apache.thrift.server.TThreadPoolServer$WorkerProcess.run(TThreadPoolServer.java:248)
	at java.util.concurrent.ThreadPoolExecutor.runWorker(ThreadPoolExecutor.java:1149)
	at java.util.concurrent.ThreadPoolExecutor$Worker.run(ThreadPoolExecutor.java:624)
	at java.lang.Thread.run(Thread.java:750)
Caused by: org.apache.derby.shared.common.error.DerbySQLIntegrityConstraintViolationException: DELETE on table 'DBS' caused a violation of foreign key constraint 'TBLS_FK1' for key (22).  The statement has been rolled back.
	at org.apache.derby.impl.jdbc.SQLExceptionFactory.getSQLException(Unknown Source)
	at org.apache.derby.impl.jdbc.Util.generateCsSQLException(Unknown Source)
	at org.apache.derby.impl.jdbc.TransactionResourceImpl.wrapInSQLException(Unknown Source)
	at org.apache.derby.impl.jdbc.TransactionResourceImpl.handleException(Unknown Source)
	at org.apache.derby.impl.jdbc.EmbedConnection.handleException(Unknown Source)
	at org.apache.derby.impl.jdbc.ConnectionChild.handleException(Unknown Source)
	at org.apache.derby.impl.jdbc.EmbedStatement.executeStatement(Unknown Source)
	at org.apache.derby.impl.jdbc.EmbedPreparedStatement.executeBatchElement(Unknown Source)
	... 47 more
Caused by: ERROR 23503: DELETE on table 'DBS' caused a violation of foreign key constraint 'TBLS_FK1' for key (22).  The statement has been rolled back.
	at org.apache.derby.iapi.error.StandardException.newException(Unknown Source)
	at org.apache.derby.iapi.error.StandardException.newException(Unknown Source)
	at org.apache.derby.impl.sql.execute.ReferencedKeyRIChecker.doCheck(Unknown Source)
	at org.apache.derby.impl.sql.execute.RISetChecker.doPKCheck(Unknown Source)
	at org.apache.derby.impl.sql.execute.DeleteResultSet.collectAffectedRows(Unknown Source)
	at org.apache.derby.impl.sql.execute.DeleteResultSet.open(Unknown Source)
	at org.apache.derby.impl.sql.GenericPreparedStatement.executeStmt(Unknown Source)
	at org.apache.derby.impl.sql.GenericPreparedStatement.execute(Unknown Source)
	... 49 more

2024-04-24T12:11:16,921  INFO [TThreadPoolServer WorkerProcess-%d] HiveMetaStore.audit: ugi=alex	ip=127.0.0.1	cmd=source:127.0.0.1 drop_database: @hive#myDb	
2024-04-24T12:11:16,924  INFO [TThreadPoolServer WorkerProcess-%d] HiveMetaStore.audit: ugi=alex	ip=127.0.0.1	cmd=source:127.0.0.1 get_all_tables: db=@hive#myDb	
2024-04-24T12:11:16,924  INFO [TThreadPoolServer WorkerProcess-%d] HiveMetaStore.audit: ugi=alex	ip=127.0.0.1	cmd=source:127.0.0.1 get_functions: db=@hive#myDb pat=*	
2024-04-24T12:11:16,926  INFO [TThreadPoolServer WorkerProcess-%d] HiveMetaStore.audit: ugi=alex	ip=127.0.0.1	cmd=source:127.0.0.1 get_all_stored_procedures	
2024-04-24T12:11:16,926  INFO [TThreadPoolServer WorkerProcess-%d] HiveMetaStore.audit: ugi=alex	ip=127.0.0.1	cmd=source:127.0.0.1 get_all_packages	
2024-04-24T12:11:16,927  INFO [TThreadPoolServer WorkerProcess-%d] HiveMetaStore.audit: ugi=alex	ip=127.0.0.1	cmd=source:127.0.0.1 getTablesByTypeCore: catName=hive: db=myDb pat=.*,type=MATERIALIZED_VIEW	
2024-04-24T12:11:16,929  INFO [TThreadPoolServer WorkerProcess-%d] metastore.ObjectStore: Dropping database hive.myDb along with all tables
2024-04-24T12:11:16,932 ERROR [TThreadPoolServer WorkerProcess-%d] metastore.RetryingHMSHandler: Retrying HMSHandler after 2000 ms (attempt 3 of 10) with error: javax.jdo.JDODataStoreException: Exception thrown flushing changes to datastore
	at org.datanucleus.api.jdo.NucleusJDOHelper.getJDOExceptionForNucleusException(NucleusJDOHelper.java:542)
	at org.datanucleus.api.jdo.JDOPersistenceManager.flush(JDOPersistenceManager.java:2081)
	at org.apache.hadoop.hive.metastore.ObjectStore.addNotificationEvent(ObjectStore.java:11639)
	at sun.reflect.GeneratedMethodAccessor68.invoke(Unknown Source)
	at sun.reflect.DelegatingMethodAccessorImpl.invoke(DelegatingMethodAccessorImpl.java:43)
	at java.lang.reflect.Method.invoke(Method.java:498)
	at org.apache.hadoop.hive.metastore.RawStoreProxy.invoke(RawStoreProxy.java:97)
	at com.sun.proxy.$Proxy32.addNotificationEvent(Unknown Source)
	at org.apache.hive.hcatalog.listener.DbNotificationListener.process(DbNotificationListener.java:1403)
	at org.apache.hive.hcatalog.listener.DbNotificationListener.onDropDatabase(DbNotificationListener.java:513)
	at org.apache.hadoop.hive.metastore.MetaStoreListenerNotifier$26.notify(MetaStoreListenerNotifier.java:99)
	at org.apache.hadoop.hive.metastore.MetaStoreListenerNotifier.notifyEvent(MetaStoreListenerNotifier.java:339)
	at org.apache.hadoop.hive.metastore.HMSHandler.drop_database_core(HMSHandler.java:1785)
	at org.apache.hadoop.hive.metastore.HMSHandler.drop_database(HMSHandler.java:1869)
	at sun.reflect.GeneratedMethodAccessor74.invoke(Unknown Source)
	at sun.reflect.DelegatingMethodAccessorImpl.invoke(DelegatingMethodAccessorImpl.java:43)
	at java.lang.reflect.Method.invoke(Method.java:498)
	at org.apache.hadoop.hive.metastore.RetryingHMSHandler.invokeInternal(RetryingHMSHandler.java:147)
	at org.apache.hadoop.hive.metastore.RetryingHMSHandler.invoke(RetryingHMSHandler.java:108)
	at com.sun.proxy.$Proxy34.drop_database(Unknown Source)
	at org.apache.hadoop.hive.metastore.api.ThriftHiveMetastore$Processor$drop_database.getResult(ThriftHiveMetastore.java:18285)
	at org.apache.hadoop.hive.metastore.api.ThriftHiveMetastore$Processor$drop_database.getResult(ThriftHiveMetastore.java:18264)
	at org.apache.thrift.ProcessFunction.process(ProcessFunction.java:38)
	at org.apache.hadoop.hive.metastore.TUGIBasedProcessor$1.run(TUGIBasedProcessor.java:111)
	at org.apache.hadoop.hive.metastore.TUGIBasedProcessor$1.run(TUGIBasedProcessor.java:107)
	at java.security.AccessController.doPrivileged(Native Method)
	at javax.security.auth.Subject.doAs(Subject.java:422)
	at org.apache.hadoop.security.UserGroupInformation.doAs(UserGroupInformation.java:1682)
	at org.apache.hadoop.hive.metastore.TUGIBasedProcessor.process(TUGIBasedProcessor.java:119)
	at org.apache.thrift.server.TThreadPoolServer$WorkerProcess.run(TThreadPoolServer.java:248)
	at java.util.concurrent.ThreadPoolExecutor.runWorker(ThreadPoolExecutor.java:1149)
	at java.util.concurrent.ThreadPoolExecutor$Worker.run(ThreadPoolExecutor.java:624)
	at java.lang.Thread.run(Thread.java:750)
NestedThrowablesStackTrace:
java.sql.BatchUpdateException: DELETE on table 'DBS' caused a violation of foreign key constraint 'TBLS_FK1' for key (22).  The statement has been rolled back.
	at org.apache.derby.impl.jdbc.EmbedStatement.executeLargeBatch(Unknown Source)
	at org.apache.derby.impl.jdbc.EmbedStatement.executeBatch(Unknown Source)
	at com.zaxxer.hikari.pool.ProxyStatement.executeBatch(ProxyStatement.java:128)
	at com.zaxxer.hikari.pool.HikariProxyPreparedStatement.executeBatch(HikariProxyPreparedStatement.java)
	at org.datanucleus.store.rdbms.ParamLoggingPreparedStatement.executeBatch(ParamLoggingPreparedStatement.java:366)
	at org.datanucleus.store.rdbms.SQLController.processConnectionStatement(SQLController.java:675)
	at org.datanucleus.store.rdbms.SQLController.processStatementsForConnection(SQLController.java:643)
	at org.datanucleus.store.rdbms.SQLController$1.transactionFlushed(SQLController.java:729)
	at org.datanucleus.store.connection.AbstractManagedConnection.transactionFlushed(AbstractManagedConnection.java:95)
	at org.datanucleus.store.connection.ConnectionManagerImpl$2.transactionFlushed(ConnectionManagerImpl.java:528)
	at org.datanucleus.TransactionImpl.flush(TransactionImpl.java:222)
	at org.datanucleus.ExecutionContextImpl.flushInternal(ExecutionContextImpl.java:4068)
	at org.datanucleus.ExecutionContextThreadedImpl.flushInternal(ExecutionContextThreadedImpl.java:448)
	at org.datanucleus.ExecutionContextImpl.flush(ExecutionContextImpl.java:4009)
	at org.datanucleus.ExecutionContextThreadedImpl.flush(ExecutionContextThreadedImpl.java:434)
	at org.datanucleus.api.jdo.JDOPersistenceManager.flush(JDOPersistenceManager.java:2064)
	at org.apache.hadoop.hive.metastore.ObjectStore.addNotificationEvent(ObjectStore.java:11639)
	at sun.reflect.GeneratedMethodAccessor68.invoke(Unknown Source)
	at sun.reflect.DelegatingMethodAccessorImpl.invoke(DelegatingMethodAccessorImpl.java:43)
	at java.lang.reflect.Method.invoke(Method.java:498)
	at org.apache.hadoop.hive.metastore.RawStoreProxy.invoke(RawStoreProxy.java:97)
	at com.sun.proxy.$Proxy32.addNotificationEvent(Unknown Source)
	at org.apache.hive.hcatalog.listener.DbNotificationListener.process(DbNotificationListener.java:1403)
	at org.apache.hive.hcatalog.listener.DbNotificationListener.onDropDatabase(DbNotificationListener.java:513)
	at org.apache.hadoop.hive.metastore.MetaStoreListenerNotifier$26.notify(MetaStoreListenerNotifier.java:99)
	at org.apache.hadoop.hive.metastore.MetaStoreListenerNotifier.notifyEvent(MetaStoreListenerNotifier.java:339)
	at org.apache.hadoop.hive.metastore.HMSHandler.drop_database_core(HMSHandler.java:1785)
	at org.apache.hadoop.hive.metastore.HMSHandler.drop_database(HMSHandler.java:1869)
	at sun.reflect.GeneratedMethodAccessor74.invoke(Unknown Source)
	at sun.reflect.DelegatingMethodAccessorImpl.invoke(DelegatingMethodAccessorImpl.java:43)
	at java.lang.reflect.Method.invoke(Method.java:498)
	at org.apache.hadoop.hive.metastore.RetryingHMSHandler.invokeInternal(RetryingHMSHandler.java:147)
	at org.apache.hadoop.hive.metastore.RetryingHMSHandler.invoke(RetryingHMSHandler.java:108)
	at com.sun.proxy.$Proxy34.drop_database(Unknown Source)
	at org.apache.hadoop.hive.metastore.api.ThriftHiveMetastore$Processor$drop_database.getResult(ThriftHiveMetastore.java:18285)
	at org.apache.hadoop.hive.metastore.api.ThriftHiveMetastore$Processor$drop_database.getResult(ThriftHiveMetastore.java:18264)
	at org.apache.thrift.ProcessFunction.process(ProcessFunction.java:38)
	at org.apache.hadoop.hive.metastore.TUGIBasedProcessor$1.run(TUGIBasedProcessor.java:111)
	at org.apache.hadoop.hive.metastore.TUGIBasedProcessor$1.run(TUGIBasedProcessor.java:107)
	at java.security.AccessController.doPrivileged(Native Method)
	at javax.security.auth.Subject.doAs(Subject.java:422)
	at org.apache.hadoop.security.UserGroupInformation.doAs(UserGroupInformation.java:1682)
	at org.apache.hadoop.hive.metastore.TUGIBasedProcessor.process(TUGIBasedProcessor.java:119)
	at org.apache.thrift.server.TThreadPoolServer$WorkerProcess.run(TThreadPoolServer.java:248)
	at java.util.concurrent.ThreadPoolExecutor.runWorker(ThreadPoolExecutor.java:1149)
	at java.util.concurrent.ThreadPoolExecutor$Worker.run(ThreadPoolExecutor.java:624)
	at java.lang.Thread.run(Thread.java:750)
Caused by: org.apache.derby.shared.common.error.DerbySQLIntegrityConstraintViolationException: DELETE on table 'DBS' caused a violation of foreign key constraint 'TBLS_FK1' for key (22).  The statement has been rolled back.
	at org.apache.derby.impl.jdbc.SQLExceptionFactory.getSQLException(Unknown Source)
	at org.apache.derby.impl.jdbc.Util.generateCsSQLException(Unknown Source)
	at org.apache.derby.impl.jdbc.TransactionResourceImpl.wrapInSQLException(Unknown Source)
	at org.apache.derby.impl.jdbc.TransactionResourceImpl.handleException(Unknown Source)
	at org.apache.derby.impl.jdbc.EmbedConnection.handleException(Unknown Source)
	at org.apache.derby.impl.jdbc.ConnectionChild.handleException(Unknown Source)
	at org.apache.derby.impl.jdbc.EmbedStatement.executeStatement(Unknown Source)
	at org.apache.derby.impl.jdbc.EmbedPreparedStatement.executeBatchElement(Unknown Source)
	... 47 more
Caused by: ERROR 23503: DELETE on table 'DBS' caused a violation of foreign key constraint 'TBLS_FK1' for key (22).  The statement has been rolled back.
	at org.apache.derby.iapi.error.StandardException.newException(Unknown Source)
	at org.apache.derby.iapi.error.StandardException.newException(Unknown Source)
	at org.apache.derby.impl.sql.execute.ReferencedKeyRIChecker.doCheck(Unknown Source)
	at org.apache.derby.impl.sql.execute.RISetChecker.doPKCheck(Unknown Source)
	at org.apache.derby.impl.sql.execute.DeleteResultSet.collectAffectedRows(Unknown Source)
	at org.apache.derby.impl.sql.execute.DeleteResultSet.open(Unknown Source)
	at org.apache.derby.impl.sql.GenericPreparedStatement.executeStmt(Unknown Source)
	at org.apache.derby.impl.sql.GenericPreparedStatement.execute(Unknown Source)
	... 49 more

2024-04-24T12:11:18,932  INFO [TThreadPoolServer WorkerProcess-%d] HiveMetaStore.audit: ugi=alex	ip=127.0.0.1	cmd=source:127.0.0.1 drop_database: @hive#myDb	
2024-04-24T12:11:18,934  INFO [TThreadPoolServer WorkerProcess-%d] HiveMetaStore.audit: ugi=alex	ip=127.0.0.1	cmd=source:127.0.0.1 get_all_tables: db=@hive#myDb	
2024-04-24T12:11:18,936  INFO [TThreadPoolServer WorkerProcess-%d] HiveMetaStore.audit: ugi=alex	ip=127.0.0.1	cmd=source:127.0.0.1 get_functions: db=@hive#myDb pat=*	
2024-04-24T12:11:18,937  INFO [TThreadPoolServer WorkerProcess-%d] HiveMetaStore.audit: ugi=alex	ip=127.0.0.1	cmd=source:127.0.0.1 get_all_stored_procedures	
2024-04-24T12:11:18,938  INFO [TThreadPoolServer WorkerProcess-%d] HiveMetaStore.audit: ugi=alex	ip=127.0.0.1	cmd=source:127.0.0.1 get_all_packages	
2024-04-24T12:11:18,938  INFO [TThreadPoolServer WorkerProcess-%d] HiveMetaStore.audit: ugi=alex	ip=127.0.0.1	cmd=source:127.0.0.1 getTablesByTypeCore: catName=hive: db=myDb pat=.*,type=MATERIALIZED_VIEW	
2024-04-24T12:11:18,940  INFO [TThreadPoolServer WorkerProcess-%d] metastore.ObjectStore: Dropping database hive.myDb along with all tables
2024-04-24T12:11:18,943 ERROR [TThreadPoolServer WorkerProcess-%d] metastore.RetryingHMSHandler: Retrying HMSHandler after 2000 ms (attempt 4 of 10) with error: javax.jdo.JDODataStoreException: Exception thrown flushing changes to datastore
	at org.datanucleus.api.jdo.NucleusJDOHelper.getJDOExceptionForNucleusException(NucleusJDOHelper.java:542)
	at org.datanucleus.api.jdo.JDOPersistenceManager.flush(JDOPersistenceManager.java:2081)
	at org.apache.hadoop.hive.metastore.ObjectStore.addNotificationEvent(ObjectStore.java:11639)
	at sun.reflect.GeneratedMethodAccessor68.invoke(Unknown Source)
	at sun.reflect.DelegatingMethodAccessorImpl.invoke(DelegatingMethodAccessorImpl.java:43)
	at java.lang.reflect.Method.invoke(Method.java:498)
	at org.apache.hadoop.hive.metastore.RawStoreProxy.invoke(RawStoreProxy.java:97)
	at com.sun.proxy.$Proxy32.addNotificationEvent(Unknown Source)
	at org.apache.hive.hcatalog.listener.DbNotificationListener.process(DbNotificationListener.java:1403)
	at org.apache.hive.hcatalog.listener.DbNotificationListener.onDropDatabase(DbNotificationListener.java:513)
	at org.apache.hadoop.hive.metastore.MetaStoreListenerNotifier$26.notify(MetaStoreListenerNotifier.java:99)
	at org.apache.hadoop.hive.metastore.MetaStoreListenerNotifier.notifyEvent(MetaStoreListenerNotifier.java:339)
	at org.apache.hadoop.hive.metastore.HMSHandler.drop_database_core(HMSHandler.java:1785)
	at org.apache.hadoop.hive.metastore.HMSHandler.drop_database(HMSHandler.java:1869)
	at sun.reflect.GeneratedMethodAccessor74.invoke(Unknown Source)
	at sun.reflect.DelegatingMethodAccessorImpl.invoke(DelegatingMethodAccessorImpl.java:43)
	at java.lang.reflect.Method.invoke(Method.java:498)
	at org.apache.hadoop.hive.metastore.RetryingHMSHandler.invokeInternal(RetryingHMSHandler.java:147)
	at org.apache.hadoop.hive.metastore.RetryingHMSHandler.invoke(RetryingHMSHandler.java:108)
	at com.sun.proxy.$Proxy34.drop_database(Unknown Source)
	at org.apache.hadoop.hive.metastore.api.ThriftHiveMetastore$Processor$drop_database.getResult(ThriftHiveMetastore.java:18285)
	at org.apache.hadoop.hive.metastore.api.ThriftHiveMetastore$Processor$drop_database.getResult(ThriftHiveMetastore.java:18264)
	at org.apache.thrift.ProcessFunction.process(ProcessFunction.java:38)
	at org.apache.hadoop.hive.metastore.TUGIBasedProcessor$1.run(TUGIBasedProcessor.java:111)
	at org.apache.hadoop.hive.metastore.TUGIBasedProcessor$1.run(TUGIBasedProcessor.java:107)
	at java.security.AccessController.doPrivileged(Native Method)
	at javax.security.auth.Subject.doAs(Subject.java:422)
	at org.apache.hadoop.security.UserGroupInformation.doAs(UserGroupInformation.java:1682)
	at org.apache.hadoop.hive.metastore.TUGIBasedProcessor.process(TUGIBasedProcessor.java:119)
	at org.apache.thrift.server.TThreadPoolServer$WorkerProcess.run(TThreadPoolServer.java:248)
	at java.util.concurrent.ThreadPoolExecutor.runWorker(ThreadPoolExecutor.java:1149)
	at java.util.concurrent.ThreadPoolExecutor$Worker.run(ThreadPoolExecutor.java:624)
	at java.lang.Thread.run(Thread.java:750)
NestedThrowablesStackTrace:
java.sql.BatchUpdateException: DELETE on table 'DBS' caused a violation of foreign key constraint 'TBLS_FK1' for key (22).  The statement has been rolled back.
	at org.apache.derby.impl.jdbc.EmbedStatement.executeLargeBatch(Unknown Source)
	at org.apache.derby.impl.jdbc.EmbedStatement.executeBatch(Unknown Source)
	at com.zaxxer.hikari.pool.ProxyStatement.executeBatch(ProxyStatement.java:128)
	at com.zaxxer.hikari.pool.HikariProxyPreparedStatement.executeBatch(HikariProxyPreparedStatement.java)
	at org.datanucleus.store.rdbms.ParamLoggingPreparedStatement.executeBatch(ParamLoggingPreparedStatement.java:366)
	at org.datanucleus.store.rdbms.SQLController.processConnectionStatement(SQLController.java:675)
	at org.datanucleus.store.rdbms.SQLController.processStatementsForConnection(SQLController.java:643)
	at org.datanucleus.store.rdbms.SQLController$1.transactionFlushed(SQLController.java:729)
	at org.datanucleus.store.connection.AbstractManagedConnection.transactionFlushed(AbstractManagedConnection.java:95)
	at org.datanucleus.store.connection.ConnectionManagerImpl$2.transactionFlushed(ConnectionManagerImpl.java:528)
	at org.datanucleus.TransactionImpl.flush(TransactionImpl.java:222)
	at org.datanucleus.ExecutionContextImpl.flushInternal(ExecutionContextImpl.java:4068)
	at org.datanucleus.ExecutionContextThreadedImpl.flushInternal(ExecutionContextThreadedImpl.java:448)
	at org.datanucleus.ExecutionContextImpl.flush(ExecutionContextImpl.java:4009)
	at org.datanucleus.ExecutionContextThreadedImpl.flush(ExecutionContextThreadedImpl.java:434)
	at org.datanucleus.api.jdo.JDOPersistenceManager.flush(JDOPersistenceManager.java:2064)
	at org.apache.hadoop.hive.metastore.ObjectStore.addNotificationEvent(ObjectStore.java:11639)
	at sun.reflect.GeneratedMethodAccessor68.invoke(Unknown Source)
	at sun.reflect.DelegatingMethodAccessorImpl.invoke(DelegatingMethodAccessorImpl.java:43)
	at java.lang.reflect.Method.invoke(Method.java:498)
	at org.apache.hadoop.hive.metastore.RawStoreProxy.invoke(RawStoreProxy.java:97)
	at com.sun.proxy.$Proxy32.addNotificationEvent(Unknown Source)
	at org.apache.hive.hcatalog.listener.DbNotificationListener.process(DbNotificationListener.java:1403)
	at org.apache.hive.hcatalog.listener.DbNotificationListener.onDropDatabase(DbNotificationListener.java:513)
	at org.apache.hadoop.hive.metastore.MetaStoreListenerNotifier$26.notify(MetaStoreListenerNotifier.java:99)
	at org.apache.hadoop.hive.metastore.MetaStoreListenerNotifier.notifyEvent(MetaStoreListenerNotifier.java:339)
	at org.apache.hadoop.hive.metastore.HMSHandler.drop_database_core(HMSHandler.java:1785)
	at org.apache.hadoop.hive.metastore.HMSHandler.drop_database(HMSHandler.java:1869)
	at sun.reflect.GeneratedMethodAccessor74.invoke(Unknown Source)
	at sun.reflect.DelegatingMethodAccessorImpl.invoke(DelegatingMethodAccessorImpl.java:43)
	at java.lang.reflect.Method.invoke(Method.java:498)
	at org.apache.hadoop.hive.metastore.RetryingHMSHandler.invokeInternal(RetryingHMSHandler.java:147)
	at org.apache.hadoop.hive.metastore.RetryingHMSHandler.invoke(RetryingHMSHandler.java:108)
	at com.sun.proxy.$Proxy34.drop_database(Unknown Source)
	at org.apache.hadoop.hive.metastore.api.ThriftHiveMetastore$Processor$drop_database.getResult(ThriftHiveMetastore.java:18285)
	at org.apache.hadoop.hive.metastore.api.ThriftHiveMetastore$Processor$drop_database.getResult(ThriftHiveMetastore.java:18264)
	at org.apache.thrift.ProcessFunction.process(ProcessFunction.java:38)
	at org.apache.hadoop.hive.metastore.TUGIBasedProcessor$1.run(TUGIBasedProcessor.java:111)
	at org.apache.hadoop.hive.metastore.TUGIBasedProcessor$1.run(TUGIBasedProcessor.java:107)
	at java.security.AccessController.doPrivileged(Native Method)
	at javax.security.auth.Subject.doAs(Subject.java:422)
	at org.apache.hadoop.security.UserGroupInformation.doAs(UserGroupInformation.java:1682)
	at org.apache.hadoop.hive.metastore.TUGIBasedProcessor.process(TUGIBasedProcessor.java:119)
	at org.apache.thrift.server.TThreadPoolServer$WorkerProcess.run(TThreadPoolServer.java:248)
	at java.util.concurrent.ThreadPoolExecutor.runWorker(ThreadPoolExecutor.java:1149)
	at java.util.concurrent.ThreadPoolExecutor$Worker.run(ThreadPoolExecutor.java:624)
	at java.lang.Thread.run(Thread.java:750)
Caused by: org.apache.derby.shared.common.error.DerbySQLIntegrityConstraintViolationException: DELETE on table 'DBS' caused a violation of foreign key constraint 'TBLS_FK1' for key (22).  The statement has been rolled back.
	at org.apache.derby.impl.jdbc.SQLExceptionFactory.getSQLException(Unknown Source)
	at org.apache.derby.impl.jdbc.Util.generateCsSQLException(Unknown Source)
	at org.apache.derby.impl.jdbc.TransactionResourceImpl.wrapInSQLException(Unknown Source)
	at org.apache.derby.impl.jdbc.TransactionResourceImpl.handleException(Unknown Source)
	at org.apache.derby.impl.jdbc.EmbedConnection.handleException(Unknown Source)
	at org.apache.derby.impl.jdbc.ConnectionChild.handleException(Unknown Source)
	at org.apache.derby.impl.jdbc.EmbedStatement.executeStatement(Unknown Source)
	at org.apache.derby.impl.jdbc.EmbedPreparedStatement.executeBatchElement(Unknown Source)
	... 47 more
Caused by: ERROR 23503: DELETE on table 'DBS' caused a violation of foreign key constraint 'TBLS_FK1' for key (22).  The statement has been rolled back.
	at org.apache.derby.iapi.error.StandardException.newException(Unknown Source)
	at org.apache.derby.iapi.error.StandardException.newException(Unknown Source)
	at org.apache.derby.impl.sql.execute.ReferencedKeyRIChecker.doCheck(Unknown Source)
	at org.apache.derby.impl.sql.execute.RISetChecker.doPKCheck(Unknown Source)
	at org.apache.derby.impl.sql.execute.DeleteResultSet.collectAffectedRows(Unknown Source)
	at org.apache.derby.impl.sql.execute.DeleteResultSet.open(Unknown Source)
	at org.apache.derby.impl.sql.GenericPreparedStatement.executeStmt(Unknown Source)
	at org.apache.derby.impl.sql.GenericPreparedStatement.execute(Unknown Source)
	... 49 more

2024-04-24T12:11:20,944  INFO [TThreadPoolServer WorkerProcess-%d] HiveMetaStore.audit: ugi=alex	ip=127.0.0.1	cmd=source:127.0.0.1 drop_database: @hive#myDb	
2024-04-24T12:11:20,946  INFO [TThreadPoolServer WorkerProcess-%d] HiveMetaStore.audit: ugi=alex	ip=127.0.0.1	cmd=source:127.0.0.1 get_all_tables: db=@hive#myDb	
2024-04-24T12:11:20,947  INFO [TThreadPoolServer WorkerProcess-%d] HiveMetaStore.audit: ugi=alex	ip=127.0.0.1	cmd=source:127.0.0.1 get_functions: db=@hive#myDb pat=*	
2024-04-24T12:11:20,948  INFO [TThreadPoolServer WorkerProcess-%d] HiveMetaStore.audit: ugi=alex	ip=127.0.0.1	cmd=source:127.0.0.1 get_all_stored_procedures	
2024-04-24T12:11:20,949  INFO [TThreadPoolServer WorkerProcess-%d] HiveMetaStore.audit: ugi=alex	ip=127.0.0.1	cmd=source:127.0.0.1 get_all_packages	
2024-04-24T12:11:20,949  INFO [TThreadPoolServer WorkerProcess-%d] HiveMetaStore.audit: ugi=alex	ip=127.0.0.1	cmd=source:127.0.0.1 getTablesByTypeCore: catName=hive: db=myDb pat=.*,type=MATERIALIZED_VIEW	
2024-04-24T12:11:20,951  INFO [TThreadPoolServer WorkerProcess-%d] metastore.ObjectStore: Dropping database hive.myDb along with all tables
2024-04-24T12:11:20,955 ERROR [TThreadPoolServer WorkerProcess-%d] metastore.RetryingHMSHandler: Retrying HMSHandler after 2000 ms (attempt 5 of 10) with error: javax.jdo.JDODataStoreException: Exception thrown flushing changes to datastore
	at org.datanucleus.api.jdo.NucleusJDOHelper.getJDOExceptionForNucleusException(NucleusJDOHelper.java:542)
	at org.datanucleus.api.jdo.JDOPersistenceManager.flush(JDOPersistenceManager.java:2081)
	at org.apache.hadoop.hive.metastore.ObjectStore.addNotificationEvent(ObjectStore.java:11639)
	at sun.reflect.GeneratedMethodAccessor68.invoke(Unknown Source)
	at sun.reflect.DelegatingMethodAccessorImpl.invoke(DelegatingMethodAccessorImpl.java:43)
	at java.lang.reflect.Method.invoke(Method.java:498)
	at org.apache.hadoop.hive.metastore.RawStoreProxy.invoke(RawStoreProxy.java:97)
	at com.sun.proxy.$Proxy32.addNotificationEvent(Unknown Source)
	at org.apache.hive.hcatalog.listener.DbNotificationListener.process(DbNotificationListener.java:1403)
	at org.apache.hive.hcatalog.listener.DbNotificationListener.onDropDatabase(DbNotificationListener.java:513)
	at org.apache.hadoop.hive.metastore.MetaStoreListenerNotifier$26.notify(MetaStoreListenerNotifier.java:99)
	at org.apache.hadoop.hive.metastore.MetaStoreListenerNotifier.notifyEvent(MetaStoreListenerNotifier.java:339)
	at org.apache.hadoop.hive.metastore.HMSHandler.drop_database_core(HMSHandler.java:1785)
	at org.apache.hadoop.hive.metastore.HMSHandler.drop_database(HMSHandler.java:1869)
	at sun.reflect.GeneratedMethodAccessor74.invoke(Unknown Source)
	at sun.reflect.DelegatingMethodAccessorImpl.invoke(DelegatingMethodAccessorImpl.java:43)
	at java.lang.reflect.Method.invoke(Method.java:498)
	at org.apache.hadoop.hive.metastore.RetryingHMSHandler.invokeInternal(RetryingHMSHandler.java:147)
	at org.apache.hadoop.hive.metastore.RetryingHMSHandler.invoke(RetryingHMSHandler.java:108)
	at com.sun.proxy.$Proxy34.drop_database(Unknown Source)
	at org.apache.hadoop.hive.metastore.api.ThriftHiveMetastore$Processor$drop_database.getResult(ThriftHiveMetastore.java:18285)
	at org.apache.hadoop.hive.metastore.api.ThriftHiveMetastore$Processor$drop_database.getResult(ThriftHiveMetastore.java:18264)
	at org.apache.thrift.ProcessFunction.process(ProcessFunction.java:38)
	at org.apache.hadoop.hive.metastore.TUGIBasedProcessor$1.run(TUGIBasedProcessor.java:111)
	at org.apache.hadoop.hive.metastore.TUGIBasedProcessor$1.run(TUGIBasedProcessor.java:107)
	at java.security.AccessController.doPrivileged(Native Method)
	at javax.security.auth.Subject.doAs(Subject.java:422)
	at org.apache.hadoop.security.UserGroupInformation.doAs(UserGroupInformation.java:1682)
	at org.apache.hadoop.hive.metastore.TUGIBasedProcessor.process(TUGIBasedProcessor.java:119)
	at org.apache.thrift.server.TThreadPoolServer$WorkerProcess.run(TThreadPoolServer.java:248)
	at java.util.concurrent.ThreadPoolExecutor.runWorker(ThreadPoolExecutor.java:1149)
	at java.util.concurrent.ThreadPoolExecutor$Worker.run(ThreadPoolExecutor.java:624)
	at java.lang.Thread.run(Thread.java:750)
NestedThrowablesStackTrace:
java.sql.BatchUpdateException: DELETE on table 'DBS' caused a violation of foreign key constraint 'TBLS_FK1' for key (22).  The statement has been rolled back.
	at org.apache.derby.impl.jdbc.EmbedStatement.executeLargeBatch(Unknown Source)
	at org.apache.derby.impl.jdbc.EmbedStatement.executeBatch(Unknown Source)
	at com.zaxxer.hikari.pool.ProxyStatement.executeBatch(ProxyStatement.java:128)
	at com.zaxxer.hikari.pool.HikariProxyPreparedStatement.executeBatch(HikariProxyPreparedStatement.java)
	at org.datanucleus.store.rdbms.ParamLoggingPreparedStatement.executeBatch(ParamLoggingPreparedStatement.java:366)
	at org.datanucleus.store.rdbms.SQLController.processConnectionStatement(SQLController.java:675)
	at org.datanucleus.store.rdbms.SQLController.processStatementsForConnection(SQLController.java:643)
	at org.datanucleus.store.rdbms.SQLController$1.transactionFlushed(SQLController.java:729)
	at org.datanucleus.store.connection.AbstractManagedConnection.transactionFlushed(AbstractManagedConnection.java:95)
	at org.datanucleus.store.connection.ConnectionManagerImpl$2.transactionFlushed(ConnectionManagerImpl.java:528)
	at org.datanucleus.TransactionImpl.flush(TransactionImpl.java:222)
	at org.datanucleus.ExecutionContextImpl.flushInternal(ExecutionContextImpl.java:4068)
	at org.datanucleus.ExecutionContextThreadedImpl.flushInternal(ExecutionContextThreadedImpl.java:448)
	at org.datanucleus.ExecutionContextImpl.flush(ExecutionContextImpl.java:4009)
	at org.datanucleus.ExecutionContextThreadedImpl.flush(ExecutionContextThreadedImpl.java:434)
	at org.datanucleus.api.jdo.JDOPersistenceManager.flush(JDOPersistenceManager.java:2064)
	at org.apache.hadoop.hive.metastore.ObjectStore.addNotificationEvent(ObjectStore.java:11639)
	at sun.reflect.GeneratedMethodAccessor68.invoke(Unknown Source)
	at sun.reflect.DelegatingMethodAccessorImpl.invoke(DelegatingMethodAccessorImpl.java:43)
	at java.lang.reflect.Method.invoke(Method.java:498)
	at org.apache.hadoop.hive.metastore.RawStoreProxy.invoke(RawStoreProxy.java:97)
	at com.sun.proxy.$Proxy32.addNotificationEvent(Unknown Source)
	at org.apache.hive.hcatalog.listener.DbNotificationListener.process(DbNotificationListener.java:1403)
	at org.apache.hive.hcatalog.listener.DbNotificationListener.onDropDatabase(DbNotificationListener.java:513)
	at org.apache.hadoop.hive.metastore.MetaStoreListenerNotifier$26.notify(MetaStoreListenerNotifier.java:99)
	at org.apache.hadoop.hive.metastore.MetaStoreListenerNotifier.notifyEvent(MetaStoreListenerNotifier.java:339)
	at org.apache.hadoop.hive.metastore.HMSHandler.drop_database_core(HMSHandler.java:1785)
	at org.apache.hadoop.hive.metastore.HMSHandler.drop_database(HMSHandler.java:1869)
	at sun.reflect.GeneratedMethodAccessor74.invoke(Unknown Source)
	at sun.reflect.DelegatingMethodAccessorImpl.invoke(DelegatingMethodAccessorImpl.java:43)
	at java.lang.reflect.Method.invoke(Method.java:498)
	at org.apache.hadoop.hive.metastore.RetryingHMSHandler.invokeInternal(RetryingHMSHandler.java:147)
	at org.apache.hadoop.hive.metastore.RetryingHMSHandler.invoke(RetryingHMSHandler.java:108)
	at com.sun.proxy.$Proxy34.drop_database(Unknown Source)
	at org.apache.hadoop.hive.metastore.api.ThriftHiveMetastore$Processor$drop_database.getResult(ThriftHiveMetastore.java:18285)
	at org.apache.hadoop.hive.metastore.api.ThriftHiveMetastore$Processor$drop_database.getResult(ThriftHiveMetastore.java:18264)
	at org.apache.thrift.ProcessFunction.process(ProcessFunction.java:38)
	at org.apache.hadoop.hive.metastore.TUGIBasedProcessor$1.run(TUGIBasedProcessor.java:111)
	at org.apache.hadoop.hive.metastore.TUGIBasedProcessor$1.run(TUGIBasedProcessor.java:107)
	at java.security.AccessController.doPrivileged(Native Method)
	at javax.security.auth.Subject.doAs(Subject.java:422)
	at org.apache.hadoop.security.UserGroupInformation.doAs(UserGroupInformation.java:1682)
	at org.apache.hadoop.hive.metastore.TUGIBasedProcessor.process(TUGIBasedProcessor.java:119)
	at org.apache.thrift.server.TThreadPoolServer$WorkerProcess.run(TThreadPoolServer.java:248)
	at java.util.concurrent.ThreadPoolExecutor.runWorker(ThreadPoolExecutor.java:1149)
	at java.util.concurrent.ThreadPoolExecutor$Worker.run(ThreadPoolExecutor.java:624)
	at java.lang.Thread.run(Thread.java:750)
Caused by: org.apache.derby.shared.common.error.DerbySQLIntegrityConstraintViolationException: DELETE on table 'DBS' caused a violation of foreign key constraint 'TBLS_FK1' for key (22).  The statement has been rolled back.
	at org.apache.derby.impl.jdbc.SQLExceptionFactory.getSQLException(Unknown Source)
	at org.apache.derby.impl.jdbc.Util.generateCsSQLException(Unknown Source)
	at org.apache.derby.impl.jdbc.TransactionResourceImpl.wrapInSQLException(Unknown Source)
	at org.apache.derby.impl.jdbc.TransactionResourceImpl.handleException(Unknown Source)
	at org.apache.derby.impl.jdbc.EmbedConnection.handleException(Unknown Source)
	at org.apache.derby.impl.jdbc.ConnectionChild.handleException(Unknown Source)
	at org.apache.derby.impl.jdbc.EmbedStatement.executeStatement(Unknown Source)
	at org.apache.derby.impl.jdbc.EmbedPreparedStatement.executeBatchElement(Unknown Source)
	... 47 more
Caused by: ERROR 23503: DELETE on table 'DBS' caused a violation of foreign key constraint 'TBLS_FK1' for key (22).  The statement has been rolled back.
	at org.apache.derby.iapi.error.StandardException.newException(Unknown Source)
	at org.apache.derby.iapi.error.StandardException.newException(Unknown Source)
	at org.apache.derby.impl.sql.execute.ReferencedKeyRIChecker.doCheck(Unknown Source)
	at org.apache.derby.impl.sql.execute.RISetChecker.doPKCheck(Unknown Source)
	at org.apache.derby.impl.sql.execute.DeleteResultSet.collectAffectedRows(Unknown Source)
	at org.apache.derby.impl.sql.execute.DeleteResultSet.open(Unknown Source)
	at org.apache.derby.impl.sql.GenericPreparedStatement.executeStmt(Unknown Source)
	at org.apache.derby.impl.sql.GenericPreparedStatement.execute(Unknown Source)
	... 49 more

2024-04-24T12:11:22,955  INFO [TThreadPoolServer WorkerProcess-%d] HiveMetaStore.audit: ugi=alex	ip=127.0.0.1	cmd=source:127.0.0.1 drop_database: @hive#myDb	
2024-04-24T12:11:22,958  INFO [TThreadPoolServer WorkerProcess-%d] HiveMetaStore.audit: ugi=alex	ip=127.0.0.1	cmd=source:127.0.0.1 get_all_tables: db=@hive#myDb	
2024-04-24T12:11:22,959  INFO [TThreadPoolServer WorkerProcess-%d] HiveMetaStore.audit: ugi=alex	ip=127.0.0.1	cmd=source:127.0.0.1 get_functions: db=@hive#myDb pat=*	
2024-04-24T12:11:22,961  INFO [TThreadPoolServer WorkerProcess-%d] HiveMetaStore.audit: ugi=alex	ip=127.0.0.1	cmd=source:127.0.0.1 get_all_stored_procedures	
2024-04-24T12:11:22,962  INFO [TThreadPoolServer WorkerProcess-%d] HiveMetaStore.audit: ugi=alex	ip=127.0.0.1	cmd=source:127.0.0.1 get_all_packages	
2024-04-24T12:11:22,962  INFO [TThreadPoolServer WorkerProcess-%d] HiveMetaStore.audit: ugi=alex	ip=127.0.0.1	cmd=source:127.0.0.1 getTablesByTypeCore: catName=hive: db=myDb pat=.*,type=MATERIALIZED_VIEW	
2024-04-24T12:11:22,964  INFO [TThreadPoolServer WorkerProcess-%d] metastore.ObjectStore: Dropping database hive.myDb along with all tables
2024-04-24T12:11:22,967 ERROR [TThreadPoolServer WorkerProcess-%d] metastore.RetryingHMSHandler: Retrying HMSHandler after 2000 ms (attempt 6 of 10) with error: javax.jdo.JDODataStoreException: Exception thrown flushing changes to datastore
	at org.datanucleus.api.jdo.NucleusJDOHelper.getJDOExceptionForNucleusException(NucleusJDOHelper.java:542)
	at org.datanucleus.api.jdo.JDOPersistenceManager.flush(JDOPersistenceManager.java:2081)
	at org.apache.hadoop.hive.metastore.ObjectStore.addNotificationEvent(ObjectStore.java:11639)
	at sun.reflect.GeneratedMethodAccessor68.invoke(Unknown Source)
	at sun.reflect.DelegatingMethodAccessorImpl.invoke(DelegatingMethodAccessorImpl.java:43)
	at java.lang.reflect.Method.invoke(Method.java:498)
	at org.apache.hadoop.hive.metastore.RawStoreProxy.invoke(RawStoreProxy.java:97)
	at com.sun.proxy.$Proxy32.addNotificationEvent(Unknown Source)
	at org.apache.hive.hcatalog.listener.DbNotificationListener.process(DbNotificationListener.java:1403)
	at org.apache.hive.hcatalog.listener.DbNotificationListener.onDropDatabase(DbNotificationListener.java:513)
	at org.apache.hadoop.hive.metastore.MetaStoreListenerNotifier$26.notify(MetaStoreListenerNotifier.java:99)
	at org.apache.hadoop.hive.metastore.MetaStoreListenerNotifier.notifyEvent(MetaStoreListenerNotifier.java:339)
	at org.apache.hadoop.hive.metastore.HMSHandler.drop_database_core(HMSHandler.java:1785)
	at org.apache.hadoop.hive.metastore.HMSHandler.drop_database(HMSHandler.java:1869)
	at sun.reflect.GeneratedMethodAccessor74.invoke(Unknown Source)
	at sun.reflect.DelegatingMethodAccessorImpl.invoke(DelegatingMethodAccessorImpl.java:43)
	at java.lang.reflect.Method.invoke(Method.java:498)
	at org.apache.hadoop.hive.metastore.RetryingHMSHandler.invokeInternal(RetryingHMSHandler.java:147)
	at org.apache.hadoop.hive.metastore.RetryingHMSHandler.invoke(RetryingHMSHandler.java:108)
	at com.sun.proxy.$Proxy34.drop_database(Unknown Source)
	at org.apache.hadoop.hive.metastore.api.ThriftHiveMetastore$Processor$drop_database.getResult(ThriftHiveMetastore.java:18285)
	at org.apache.hadoop.hive.metastore.api.ThriftHiveMetastore$Processor$drop_database.getResult(ThriftHiveMetastore.java:18264)
	at org.apache.thrift.ProcessFunction.process(ProcessFunction.java:38)
	at org.apache.hadoop.hive.metastore.TUGIBasedProcessor$1.run(TUGIBasedProcessor.java:111)
	at org.apache.hadoop.hive.metastore.TUGIBasedProcessor$1.run(TUGIBasedProcessor.java:107)
	at java.security.AccessController.doPrivileged(Native Method)
	at javax.security.auth.Subject.doAs(Subject.java:422)
	at org.apache.hadoop.security.UserGroupInformation.doAs(UserGroupInformation.java:1682)
	at org.apache.hadoop.hive.metastore.TUGIBasedProcessor.process(TUGIBasedProcessor.java:119)
	at org.apache.thrift.server.TThreadPoolServer$WorkerProcess.run(TThreadPoolServer.java:248)
	at java.util.concurrent.ThreadPoolExecutor.runWorker(ThreadPoolExecutor.java:1149)
	at java.util.concurrent.ThreadPoolExecutor$Worker.run(ThreadPoolExecutor.java:624)
	at java.lang.Thread.run(Thread.java:750)
NestedThrowablesStackTrace:
java.sql.BatchUpdateException: DELETE on table 'DBS' caused a violation of foreign key constraint 'TBLS_FK1' for key (22).  The statement has been rolled back.
	at org.apache.derby.impl.jdbc.EmbedStatement.executeLargeBatch(Unknown Source)
	at org.apache.derby.impl.jdbc.EmbedStatement.executeBatch(Unknown Source)
	at com.zaxxer.hikari.pool.ProxyStatement.executeBatch(ProxyStatement.java:128)
	at com.zaxxer.hikari.pool.HikariProxyPreparedStatement.executeBatch(HikariProxyPreparedStatement.java)
	at org.datanucleus.store.rdbms.ParamLoggingPreparedStatement.executeBatch(ParamLoggingPreparedStatement.java:366)
	at org.datanucleus.store.rdbms.SQLController.processConnectionStatement(SQLController.java:675)
	at org.datanucleus.store.rdbms.SQLController.processStatementsForConnection(SQLController.java:643)
	at org.datanucleus.store.rdbms.SQLController$1.transactionFlushed(SQLController.java:729)
	at org.datanucleus.store.connection.AbstractManagedConnection.transactionFlushed(AbstractManagedConnection.java:95)
	at org.datanucleus.store.connection.ConnectionManagerImpl$2.transactionFlushed(ConnectionManagerImpl.java:528)
	at org.datanucleus.TransactionImpl.flush(TransactionImpl.java:222)
	at org.datanucleus.ExecutionContextImpl.flushInternal(ExecutionContextImpl.java:4068)
	at org.datanucleus.ExecutionContextThreadedImpl.flushInternal(ExecutionContextThreadedImpl.java:448)
	at org.datanucleus.ExecutionContextImpl.flush(ExecutionContextImpl.java:4009)
	at org.datanucleus.ExecutionContextThreadedImpl.flush(ExecutionContextThreadedImpl.java:434)
	at org.datanucleus.api.jdo.JDOPersistenceManager.flush(JDOPersistenceManager.java:2064)
	at org.apache.hadoop.hive.metastore.ObjectStore.addNotificationEvent(ObjectStore.java:11639)
	at sun.reflect.GeneratedMethodAccessor68.invoke(Unknown Source)
	at sun.reflect.DelegatingMethodAccessorImpl.invoke(DelegatingMethodAccessorImpl.java:43)
	at java.lang.reflect.Method.invoke(Method.java:498)
	at org.apache.hadoop.hive.metastore.RawStoreProxy.invoke(RawStoreProxy.java:97)
	at com.sun.proxy.$Proxy32.addNotificationEvent(Unknown Source)
	at org.apache.hive.hcatalog.listener.DbNotificationListener.process(DbNotificationListener.java:1403)
	at org.apache.hive.hcatalog.listener.DbNotificationListener.onDropDatabase(DbNotificationListener.java:513)
	at org.apache.hadoop.hive.metastore.MetaStoreListenerNotifier$26.notify(MetaStoreListenerNotifier.java:99)
	at org.apache.hadoop.hive.metastore.MetaStoreListenerNotifier.notifyEvent(MetaStoreListenerNotifier.java:339)
	at org.apache.hadoop.hive.metastore.HMSHandler.drop_database_core(HMSHandler.java:1785)
	at org.apache.hadoop.hive.metastore.HMSHandler.drop_database(HMSHandler.java:1869)
	at sun.reflect.GeneratedMethodAccessor74.invoke(Unknown Source)
	at sun.reflect.DelegatingMethodAccessorImpl.invoke(DelegatingMethodAccessorImpl.java:43)
	at java.lang.reflect.Method.invoke(Method.java:498)
	at org.apache.hadoop.hive.metastore.RetryingHMSHandler.invokeInternal(RetryingHMSHandler.java:147)
	at org.apache.hadoop.hive.metastore.RetryingHMSHandler.invoke(RetryingHMSHandler.java:108)
	at com.sun.proxy.$Proxy34.drop_database(Unknown Source)
	at org.apache.hadoop.hive.metastore.api.ThriftHiveMetastore$Processor$drop_database.getResult(ThriftHiveMetastore.java:18285)
	at org.apache.hadoop.hive.metastore.api.ThriftHiveMetastore$Processor$drop_database.getResult(ThriftHiveMetastore.java:18264)
	at org.apache.thrift.ProcessFunction.process(ProcessFunction.java:38)
	at org.apache.hadoop.hive.metastore.TUGIBasedProcessor$1.run(TUGIBasedProcessor.java:111)
	at org.apache.hadoop.hive.metastore.TUGIBasedProcessor$1.run(TUGIBasedProcessor.java:107)
	at java.security.AccessController.doPrivileged(Native Method)
	at javax.security.auth.Subject.doAs(Subject.java:422)
	at org.apache.hadoop.security.UserGroupInformation.doAs(UserGroupInformation.java:1682)
	at org.apache.hadoop.hive.metastore.TUGIBasedProcessor.process(TUGIBasedProcessor.java:119)
	at org.apache.thrift.server.TThreadPoolServer$WorkerProcess.run(TThreadPoolServer.java:248)
	at java.util.concurrent.ThreadPoolExecutor.runWorker(ThreadPoolExecutor.java:1149)
	at java.util.concurrent.ThreadPoolExecutor$Worker.run(ThreadPoolExecutor.java:624)
	at java.lang.Thread.run(Thread.java:750)
Caused by: org.apache.derby.shared.common.error.DerbySQLIntegrityConstraintViolationException: DELETE on table 'DBS' caused a violation of foreign key constraint 'TBLS_FK1' for key (22).  The statement has been rolled back.
	at org.apache.derby.impl.jdbc.SQLExceptionFactory.getSQLException(Unknown Source)
	at org.apache.derby.impl.jdbc.Util.generateCsSQLException(Unknown Source)
	at org.apache.derby.impl.jdbc.TransactionResourceImpl.wrapInSQLException(Unknown Source)
	at org.apache.derby.impl.jdbc.TransactionResourceImpl.handleException(Unknown Source)
	at org.apache.derby.impl.jdbc.EmbedConnection.handleException(Unknown Source)
	at org.apache.derby.impl.jdbc.ConnectionChild.handleException(Unknown Source)
	at org.apache.derby.impl.jdbc.EmbedStatement.executeStatement(Unknown Source)
	at org.apache.derby.impl.jdbc.EmbedPreparedStatement.executeBatchElement(Unknown Source)
	... 47 more
Caused by: ERROR 23503: DELETE on table 'DBS' caused a violation of foreign key constraint 'TBLS_FK1' for key (22).  The statement has been rolled back.
	at org.apache.derby.iapi.error.StandardException.newException(Unknown Source)
	at org.apache.derby.iapi.error.StandardException.newException(Unknown Source)
	at org.apache.derby.impl.sql.execute.ReferencedKeyRIChecker.doCheck(Unknown Source)
	at org.apache.derby.impl.sql.execute.RISetChecker.doPKCheck(Unknown Source)
	at org.apache.derby.impl.sql.execute.DeleteResultSet.collectAffectedRows(Unknown Source)
	at org.apache.derby.impl.sql.execute.DeleteResultSet.open(Unknown Source)
	at org.apache.derby.impl.sql.GenericPreparedStatement.executeStmt(Unknown Source)
	at org.apache.derby.impl.sql.GenericPreparedStatement.execute(Unknown Source)
	... 49 more

2024-04-24T12:11:24,968  INFO [TThreadPoolServer WorkerProcess-%d] HiveMetaStore.audit: ugi=alex	ip=127.0.0.1	cmd=source:127.0.0.1 drop_database: @hive#myDb	
2024-04-24T12:11:24,970  INFO [TThreadPoolServer WorkerProcess-%d] HiveMetaStore.audit: ugi=alex	ip=127.0.0.1	cmd=source:127.0.0.1 get_all_tables: db=@hive#myDb	
2024-04-24T12:11:24,971  INFO [TThreadPoolServer WorkerProcess-%d] HiveMetaStore.audit: ugi=alex	ip=127.0.0.1	cmd=source:127.0.0.1 get_functions: db=@hive#myDb pat=*	
2024-04-24T12:11:24,973  INFO [TThreadPoolServer WorkerProcess-%d] HiveMetaStore.audit: ugi=alex	ip=127.0.0.1	cmd=source:127.0.0.1 get_all_stored_procedures	
2024-04-24T12:11:24,974  INFO [TThreadPoolServer WorkerProcess-%d] HiveMetaStore.audit: ugi=alex	ip=127.0.0.1	cmd=source:127.0.0.1 get_all_packages	
2024-04-24T12:11:24,974  INFO [TThreadPoolServer WorkerProcess-%d] HiveMetaStore.audit: ugi=alex	ip=127.0.0.1	cmd=source:127.0.0.1 getTablesByTypeCore: catName=hive: db=myDb pat=.*,type=MATERIALIZED_VIEW	
2024-04-24T12:11:24,976  INFO [TThreadPoolServer WorkerProcess-%d] metastore.ObjectStore: Dropping database hive.myDb along with all tables
2024-04-24T12:11:24,978 ERROR [TThreadPoolServer WorkerProcess-%d] metastore.RetryingHMSHandler: Retrying HMSHandler after 2000 ms (attempt 7 of 10) with error: javax.jdo.JDODataStoreException: Exception thrown flushing changes to datastore
	at org.datanucleus.api.jdo.NucleusJDOHelper.getJDOExceptionForNucleusException(NucleusJDOHelper.java:542)
	at org.datanucleus.api.jdo.JDOPersistenceManager.flush(JDOPersistenceManager.java:2081)
	at org.apache.hadoop.hive.metastore.ObjectStore.addNotificationEvent(ObjectStore.java:11639)
	at sun.reflect.GeneratedMethodAccessor68.invoke(Unknown Source)
	at sun.reflect.DelegatingMethodAccessorImpl.invoke(DelegatingMethodAccessorImpl.java:43)
	at java.lang.reflect.Method.invoke(Method.java:498)
	at org.apache.hadoop.hive.metastore.RawStoreProxy.invoke(RawStoreProxy.java:97)
	at com.sun.proxy.$Proxy32.addNotificationEvent(Unknown Source)
	at org.apache.hive.hcatalog.listener.DbNotificationListener.process(DbNotificationListener.java:1403)
	at org.apache.hive.hcatalog.listener.DbNotificationListener.onDropDatabase(DbNotificationListener.java:513)
	at org.apache.hadoop.hive.metastore.MetaStoreListenerNotifier$26.notify(MetaStoreListenerNotifier.java:99)
	at org.apache.hadoop.hive.metastore.MetaStoreListenerNotifier.notifyEvent(MetaStoreListenerNotifier.java:339)
	at org.apache.hadoop.hive.metastore.HMSHandler.drop_database_core(HMSHandler.java:1785)
	at org.apache.hadoop.hive.metastore.HMSHandler.drop_database(HMSHandler.java:1869)
	at sun.reflect.GeneratedMethodAccessor74.invoke(Unknown Source)
	at sun.reflect.DelegatingMethodAccessorImpl.invoke(DelegatingMethodAccessorImpl.java:43)
	at java.lang.reflect.Method.invoke(Method.java:498)
	at org.apache.hadoop.hive.metastore.RetryingHMSHandler.invokeInternal(RetryingHMSHandler.java:147)
	at org.apache.hadoop.hive.metastore.RetryingHMSHandler.invoke(RetryingHMSHandler.java:108)
	at com.sun.proxy.$Proxy34.drop_database(Unknown Source)
	at org.apache.hadoop.hive.metastore.api.ThriftHiveMetastore$Processor$drop_database.getResult(ThriftHiveMetastore.java:18285)
	at org.apache.hadoop.hive.metastore.api.ThriftHiveMetastore$Processor$drop_database.getResult(ThriftHiveMetastore.java:18264)
	at org.apache.thrift.ProcessFunction.process(ProcessFunction.java:38)
	at org.apache.hadoop.hive.metastore.TUGIBasedProcessor$1.run(TUGIBasedProcessor.java:111)
	at org.apache.hadoop.hive.metastore.TUGIBasedProcessor$1.run(TUGIBasedProcessor.java:107)
	at java.security.AccessController.doPrivileged(Native Method)
	at javax.security.auth.Subject.doAs(Subject.java:422)
	at org.apache.hadoop.security.UserGroupInformation.doAs(UserGroupInformation.java:1682)
	at org.apache.hadoop.hive.metastore.TUGIBasedProcessor.process(TUGIBasedProcessor.java:119)
	at org.apache.thrift.server.TThreadPoolServer$WorkerProcess.run(TThreadPoolServer.java:248)
	at java.util.concurrent.ThreadPoolExecutor.runWorker(ThreadPoolExecutor.java:1149)
	at java.util.concurrent.ThreadPoolExecutor$Worker.run(ThreadPoolExecutor.java:624)
	at java.lang.Thread.run(Thread.java:750)
NestedThrowablesStackTrace:
java.sql.BatchUpdateException: DELETE on table 'DBS' caused a violation of foreign key constraint 'TBLS_FK1' for key (22).  The statement has been rolled back.
	at org.apache.derby.impl.jdbc.EmbedStatement.executeLargeBatch(Unknown Source)
	at org.apache.derby.impl.jdbc.EmbedStatement.executeBatch(Unknown Source)
	at com.zaxxer.hikari.pool.ProxyStatement.executeBatch(ProxyStatement.java:128)
	at com.zaxxer.hikari.pool.HikariProxyPreparedStatement.executeBatch(HikariProxyPreparedStatement.java)
	at org.datanucleus.store.rdbms.ParamLoggingPreparedStatement.executeBatch(ParamLoggingPreparedStatement.java:366)
	at org.datanucleus.store.rdbms.SQLController.processConnectionStatement(SQLController.java:675)
	at org.datanucleus.store.rdbms.SQLController.processStatementsForConnection(SQLController.java:643)
	at org.datanucleus.store.rdbms.SQLController$1.transactionFlushed(SQLController.java:729)
	at org.datanucleus.store.connection.AbstractManagedConnection.transactionFlushed(AbstractManagedConnection.java:95)
	at org.datanucleus.store.connection.ConnectionManagerImpl$2.transactionFlushed(ConnectionManagerImpl.java:528)
	at org.datanucleus.TransactionImpl.flush(TransactionImpl.java:222)
	at org.datanucleus.ExecutionContextImpl.flushInternal(ExecutionContextImpl.java:4068)
	at org.datanucleus.ExecutionContextThreadedImpl.flushInternal(ExecutionContextThreadedImpl.java:448)
	at org.datanucleus.ExecutionContextImpl.flush(ExecutionContextImpl.java:4009)
	at org.datanucleus.ExecutionContextThreadedImpl.flush(ExecutionContextThreadedImpl.java:434)
	at org.datanucleus.api.jdo.JDOPersistenceManager.flush(JDOPersistenceManager.java:2064)
	at org.apache.hadoop.hive.metastore.ObjectStore.addNotificationEvent(ObjectStore.java:11639)
	at sun.reflect.GeneratedMethodAccessor68.invoke(Unknown Source)
	at sun.reflect.DelegatingMethodAccessorImpl.invoke(DelegatingMethodAccessorImpl.java:43)
	at java.lang.reflect.Method.invoke(Method.java:498)
	at org.apache.hadoop.hive.metastore.RawStoreProxy.invoke(RawStoreProxy.java:97)
	at com.sun.proxy.$Proxy32.addNotificationEvent(Unknown Source)
	at org.apache.hive.hcatalog.listener.DbNotificationListener.process(DbNotificationListener.java:1403)
	at org.apache.hive.hcatalog.listener.DbNotificationListener.onDropDatabase(DbNotificationListener.java:513)
	at org.apache.hadoop.hive.metastore.MetaStoreListenerNotifier$26.notify(MetaStoreListenerNotifier.java:99)
	at org.apache.hadoop.hive.metastore.MetaStoreListenerNotifier.notifyEvent(MetaStoreListenerNotifier.java:339)
	at org.apache.hadoop.hive.metastore.HMSHandler.drop_database_core(HMSHandler.java:1785)
	at org.apache.hadoop.hive.metastore.HMSHandler.drop_database(HMSHandler.java:1869)
	at sun.reflect.GeneratedMethodAccessor74.invoke(Unknown Source)
	at sun.reflect.DelegatingMethodAccessorImpl.invoke(DelegatingMethodAccessorImpl.java:43)
	at java.lang.reflect.Method.invoke(Method.java:498)
	at org.apache.hadoop.hive.metastore.RetryingHMSHandler.invokeInternal(RetryingHMSHandler.java:147)
	at org.apache.hadoop.hive.metastore.RetryingHMSHandler.invoke(RetryingHMSHandler.java:108)
	at com.sun.proxy.$Proxy34.drop_database(Unknown Source)
	at org.apache.hadoop.hive.metastore.api.ThriftHiveMetastore$Processor$drop_database.getResult(ThriftHiveMetastore.java:18285)
	at org.apache.hadoop.hive.metastore.api.ThriftHiveMetastore$Processor$drop_database.getResult(ThriftHiveMetastore.java:18264)
	at org.apache.thrift.ProcessFunction.process(ProcessFunction.java:38)
	at org.apache.hadoop.hive.metastore.TUGIBasedProcessor$1.run(TUGIBasedProcessor.java:111)
	at org.apache.hadoop.hive.metastore.TUGIBasedProcessor$1.run(TUGIBasedProcessor.java:107)
	at java.security.AccessController.doPrivileged(Native Method)
	at javax.security.auth.Subject.doAs(Subject.java:422)
	at org.apache.hadoop.security.UserGroupInformation.doAs(UserGroupInformation.java:1682)
	at org.apache.hadoop.hive.metastore.TUGIBasedProcessor.process(TUGIBasedProcessor.java:119)
	at org.apache.thrift.server.TThreadPoolServer$WorkerProcess.run(TThreadPoolServer.java:248)
	at java.util.concurrent.ThreadPoolExecutor.runWorker(ThreadPoolExecutor.java:1149)
	at java.util.concurrent.ThreadPoolExecutor$Worker.run(ThreadPoolExecutor.java:624)
	at java.lang.Thread.run(Thread.java:750)
Caused by: org.apache.derby.shared.common.error.DerbySQLIntegrityConstraintViolationException: DELETE on table 'DBS' caused a violation of foreign key constraint 'TBLS_FK1' for key (22).  The statement has been rolled back.
	at org.apache.derby.impl.jdbc.SQLExceptionFactory.getSQLException(Unknown Source)
	at org.apache.derby.impl.jdbc.Util.generateCsSQLException(Unknown Source)
	at org.apache.derby.impl.jdbc.TransactionResourceImpl.wrapInSQLException(Unknown Source)
	at org.apache.derby.impl.jdbc.TransactionResourceImpl.handleException(Unknown Source)
	at org.apache.derby.impl.jdbc.EmbedConnection.handleException(Unknown Source)
	at org.apache.derby.impl.jdbc.ConnectionChild.handleException(Unknown Source)
	at org.apache.derby.impl.jdbc.EmbedStatement.executeStatement(Unknown Source)
	at org.apache.derby.impl.jdbc.EmbedPreparedStatement.executeBatchElement(Unknown Source)
	... 47 more
Caused by: ERROR 23503: DELETE on table 'DBS' caused a violation of foreign key constraint 'TBLS_FK1' for key (22).  The statement has been rolled back.
	at org.apache.derby.iapi.error.StandardException.newException(Unknown Source)
	at org.apache.derby.iapi.error.StandardException.newException(Unknown Source)
	at org.apache.derby.impl.sql.execute.ReferencedKeyRIChecker.doCheck(Unknown Source)
	at org.apache.derby.impl.sql.execute.RISetChecker.doPKCheck(Unknown Source)
	at org.apache.derby.impl.sql.execute.DeleteResultSet.collectAffectedRows(Unknown Source)
	at org.apache.derby.impl.sql.execute.DeleteResultSet.open(Unknown Source)
	at org.apache.derby.impl.sql.GenericPreparedStatement.executeStmt(Unknown Source)
	at org.apache.derby.impl.sql.GenericPreparedStatement.execute(Unknown Source)
	... 49 more

2024-04-24T12:11:26,979  INFO [TThreadPoolServer WorkerProcess-%d] HiveMetaStore.audit: ugi=alex	ip=127.0.0.1	cmd=source:127.0.0.1 drop_database: @hive#myDb	
2024-04-24T12:11:26,981  INFO [TThreadPoolServer WorkerProcess-%d] HiveMetaStore.audit: ugi=alex	ip=127.0.0.1	cmd=source:127.0.0.1 get_all_tables: db=@hive#myDb	
2024-04-24T12:11:26,983  INFO [TThreadPoolServer WorkerProcess-%d] HiveMetaStore.audit: ugi=alex	ip=127.0.0.1	cmd=source:127.0.0.1 get_functions: db=@hive#myDb pat=*	
2024-04-24T12:11:26,984  INFO [TThreadPoolServer WorkerProcess-%d] HiveMetaStore.audit: ugi=alex	ip=127.0.0.1	cmd=source:127.0.0.1 get_all_stored_procedures	
2024-04-24T12:11:26,985  INFO [TThreadPoolServer WorkerProcess-%d] HiveMetaStore.audit: ugi=alex	ip=127.0.0.1	cmd=source:127.0.0.1 get_all_packages	
2024-04-24T12:11:26,985  INFO [TThreadPoolServer WorkerProcess-%d] HiveMetaStore.audit: ugi=alex	ip=127.0.0.1	cmd=source:127.0.0.1 getTablesByTypeCore: catName=hive: db=myDb pat=.*,type=MATERIALIZED_VIEW	
2024-04-24T12:11:26,987  INFO [TThreadPoolServer WorkerProcess-%d] metastore.ObjectStore: Dropping database hive.myDb along with all tables
2024-04-24T12:11:26,990 ERROR [TThreadPoolServer WorkerProcess-%d] metastore.RetryingHMSHandler: Retrying HMSHandler after 2000 ms (attempt 8 of 10) with error: javax.jdo.JDODataStoreException: Exception thrown flushing changes to datastore
	at org.datanucleus.api.jdo.NucleusJDOHelper.getJDOExceptionForNucleusException(NucleusJDOHelper.java:542)
	at org.datanucleus.api.jdo.JDOPersistenceManager.flush(JDOPersistenceManager.java:2081)
	at org.apache.hadoop.hive.metastore.ObjectStore.addNotificationEvent(ObjectStore.java:11639)
	at sun.reflect.GeneratedMethodAccessor68.invoke(Unknown Source)
	at sun.reflect.DelegatingMethodAccessorImpl.invoke(DelegatingMethodAccessorImpl.java:43)
	at java.lang.reflect.Method.invoke(Method.java:498)
	at org.apache.hadoop.hive.metastore.RawStoreProxy.invoke(RawStoreProxy.java:97)
	at com.sun.proxy.$Proxy32.addNotificationEvent(Unknown Source)
	at org.apache.hive.hcatalog.listener.DbNotificationListener.process(DbNotificationListener.java:1403)
	at org.apache.hive.hcatalog.listener.DbNotificationListener.onDropDatabase(DbNotificationListener.java:513)
	at org.apache.hadoop.hive.metastore.MetaStoreListenerNotifier$26.notify(MetaStoreListenerNotifier.java:99)
	at org.apache.hadoop.hive.metastore.MetaStoreListenerNotifier.notifyEvent(MetaStoreListenerNotifier.java:339)
	at org.apache.hadoop.hive.metastore.HMSHandler.drop_database_core(HMSHandler.java:1785)
	at org.apache.hadoop.hive.metastore.HMSHandler.drop_database(HMSHandler.java:1869)
	at sun.reflect.GeneratedMethodAccessor74.invoke(Unknown Source)
	at sun.reflect.DelegatingMethodAccessorImpl.invoke(DelegatingMethodAccessorImpl.java:43)
	at java.lang.reflect.Method.invoke(Method.java:498)
	at org.apache.hadoop.hive.metastore.RetryingHMSHandler.invokeInternal(RetryingHMSHandler.java:147)
	at org.apache.hadoop.hive.metastore.RetryingHMSHandler.invoke(RetryingHMSHandler.java:108)
	at com.sun.proxy.$Proxy34.drop_database(Unknown Source)
	at org.apache.hadoop.hive.metastore.api.ThriftHiveMetastore$Processor$drop_database.getResult(ThriftHiveMetastore.java:18285)
	at org.apache.hadoop.hive.metastore.api.ThriftHiveMetastore$Processor$drop_database.getResult(ThriftHiveMetastore.java:18264)
	at org.apache.thrift.ProcessFunction.process(ProcessFunction.java:38)
	at org.apache.hadoop.hive.metastore.TUGIBasedProcessor$1.run(TUGIBasedProcessor.java:111)
	at org.apache.hadoop.hive.metastore.TUGIBasedProcessor$1.run(TUGIBasedProcessor.java:107)
	at java.security.AccessController.doPrivileged(Native Method)
	at javax.security.auth.Subject.doAs(Subject.java:422)
	at org.apache.hadoop.security.UserGroupInformation.doAs(UserGroupInformation.java:1682)
	at org.apache.hadoop.hive.metastore.TUGIBasedProcessor.process(TUGIBasedProcessor.java:119)
	at org.apache.thrift.server.TThreadPoolServer$WorkerProcess.run(TThreadPoolServer.java:248)
	at java.util.concurrent.ThreadPoolExecutor.runWorker(ThreadPoolExecutor.java:1149)
	at java.util.concurrent.ThreadPoolExecutor$Worker.run(ThreadPoolExecutor.java:624)
	at java.lang.Thread.run(Thread.java:750)
NestedThrowablesStackTrace:
java.sql.BatchUpdateException: DELETE on table 'DBS' caused a violation of foreign key constraint 'TBLS_FK1' for key (22).  The statement has been rolled back.
	at org.apache.derby.impl.jdbc.EmbedStatement.executeLargeBatch(Unknown Source)
	at org.apache.derby.impl.jdbc.EmbedStatement.executeBatch(Unknown Source)
	at com.zaxxer.hikari.pool.ProxyStatement.executeBatch(ProxyStatement.java:128)
	at com.zaxxer.hikari.pool.HikariProxyPreparedStatement.executeBatch(HikariProxyPreparedStatement.java)
	at org.datanucleus.store.rdbms.ParamLoggingPreparedStatement.executeBatch(ParamLoggingPreparedStatement.java:366)
	at org.datanucleus.store.rdbms.SQLController.processConnectionStatement(SQLController.java:675)
	at org.datanucleus.store.rdbms.SQLController.processStatementsForConnection(SQLController.java:643)
	at org.datanucleus.store.rdbms.SQLController$1.transactionFlushed(SQLController.java:729)
	at org.datanucleus.store.connection.AbstractManagedConnection.transactionFlushed(AbstractManagedConnection.java:95)
	at org.datanucleus.store.connection.ConnectionManagerImpl$2.transactionFlushed(ConnectionManagerImpl.java:528)
	at org.datanucleus.TransactionImpl.flush(TransactionImpl.java:222)
	at org.datanucleus.ExecutionContextImpl.flushInternal(ExecutionContextImpl.java:4068)
	at org.datanucleus.ExecutionContextThreadedImpl.flushInternal(ExecutionContextThreadedImpl.java:448)
	at org.datanucleus.ExecutionContextImpl.flush(ExecutionContextImpl.java:4009)
	at org.datanucleus.ExecutionContextThreadedImpl.flush(ExecutionContextThreadedImpl.java:434)
	at org.datanucleus.api.jdo.JDOPersistenceManager.flush(JDOPersistenceManager.java:2064)
	at org.apache.hadoop.hive.metastore.ObjectStore.addNotificationEvent(ObjectStore.java:11639)
	at sun.reflect.GeneratedMethodAccessor68.invoke(Unknown Source)
	at sun.reflect.DelegatingMethodAccessorImpl.invoke(DelegatingMethodAccessorImpl.java:43)
	at java.lang.reflect.Method.invoke(Method.java:498)
	at org.apache.hadoop.hive.metastore.RawStoreProxy.invoke(RawStoreProxy.java:97)
	at com.sun.proxy.$Proxy32.addNotificationEvent(Unknown Source)
	at org.apache.hive.hcatalog.listener.DbNotificationListener.process(DbNotificationListener.java:1403)
	at org.apache.hive.hcatalog.listener.DbNotificationListener.onDropDatabase(DbNotificationListener.java:513)
	at org.apache.hadoop.hive.metastore.MetaStoreListenerNotifier$26.notify(MetaStoreListenerNotifier.java:99)
	at org.apache.hadoop.hive.metastore.MetaStoreListenerNotifier.notifyEvent(MetaStoreListenerNotifier.java:339)
	at org.apache.hadoop.hive.metastore.HMSHandler.drop_database_core(HMSHandler.java:1785)
	at org.apache.hadoop.hive.metastore.HMSHandler.drop_database(HMSHandler.java:1869)
	at sun.reflect.GeneratedMethodAccessor74.invoke(Unknown Source)
	at sun.reflect.DelegatingMethodAccessorImpl.invoke(DelegatingMethodAccessorImpl.java:43)
	at java.lang.reflect.Method.invoke(Method.java:498)
	at org.apache.hadoop.hive.metastore.RetryingHMSHandler.invokeInternal(RetryingHMSHandler.java:147)
	at org.apache.hadoop.hive.metastore.RetryingHMSHandler.invoke(RetryingHMSHandler.java:108)
	at com.sun.proxy.$Proxy34.drop_database(Unknown Source)
	at org.apache.hadoop.hive.metastore.api.ThriftHiveMetastore$Processor$drop_database.getResult(ThriftHiveMetastore.java:18285)
	at org.apache.hadoop.hive.metastore.api.ThriftHiveMetastore$Processor$drop_database.getResult(ThriftHiveMetastore.java:18264)
	at org.apache.thrift.ProcessFunction.process(ProcessFunction.java:38)
	at org.apache.hadoop.hive.metastore.TUGIBasedProcessor$1.run(TUGIBasedProcessor.java:111)
	at org.apache.hadoop.hive.metastore.TUGIBasedProcessor$1.run(TUGIBasedProcessor.java:107)
	at java.security.AccessController.doPrivileged(Native Method)
	at javax.security.auth.Subject.doAs(Subject.java:422)
	at org.apache.hadoop.security.UserGroupInformation.doAs(UserGroupInformation.java:1682)
	at org.apache.hadoop.hive.metastore.TUGIBasedProcessor.process(TUGIBasedProcessor.java:119)
	at org.apache.thrift.server.TThreadPoolServer$WorkerProcess.run(TThreadPoolServer.java:248)
	at java.util.concurrent.ThreadPoolExecutor.runWorker(ThreadPoolExecutor.java:1149)
	at java.util.concurrent.ThreadPoolExecutor$Worker.run(ThreadPoolExecutor.java:624)
	at java.lang.Thread.run(Thread.java:750)
Caused by: org.apache.derby.shared.common.error.DerbySQLIntegrityConstraintViolationException: DELETE on table 'DBS' caused a violation of foreign key constraint 'TBLS_FK1' for key (22).  The statement has been rolled back.
	at org.apache.derby.impl.jdbc.SQLExceptionFactory.getSQLException(Unknown Source)
	at org.apache.derby.impl.jdbc.Util.generateCsSQLException(Unknown Source)
	at org.apache.derby.impl.jdbc.TransactionResourceImpl.wrapInSQLException(Unknown Source)
	at org.apache.derby.impl.jdbc.TransactionResourceImpl.handleException(Unknown Source)
	at org.apache.derby.impl.jdbc.EmbedConnection.handleException(Unknown Source)
	at org.apache.derby.impl.jdbc.ConnectionChild.handleException(Unknown Source)
	at org.apache.derby.impl.jdbc.EmbedStatement.executeStatement(Unknown Source)
	at org.apache.derby.impl.jdbc.EmbedPreparedStatement.executeBatchElement(Unknown Source)
	... 47 more
Caused by: ERROR 23503: DELETE on table 'DBS' caused a violation of foreign key constraint 'TBLS_FK1' for key (22).  The statement has been rolled back.
	at org.apache.derby.iapi.error.StandardException.newException(Unknown Source)
	at org.apache.derby.iapi.error.StandardException.newException(Unknown Source)
	at org.apache.derby.impl.sql.execute.ReferencedKeyRIChecker.doCheck(Unknown Source)
	at org.apache.derby.impl.sql.execute.RISetChecker.doPKCheck(Unknown Source)
	at org.apache.derby.impl.sql.execute.DeleteResultSet.collectAffectedRows(Unknown Source)
	at org.apache.derby.impl.sql.execute.DeleteResultSet.open(Unknown Source)
	at org.apache.derby.impl.sql.GenericPreparedStatement.executeStmt(Unknown Source)
	at org.apache.derby.impl.sql.GenericPreparedStatement.execute(Unknown Source)
	... 49 more

2024-04-24T12:11:28,991  INFO [TThreadPoolServer WorkerProcess-%d] HiveMetaStore.audit: ugi=alex	ip=127.0.0.1	cmd=source:127.0.0.1 drop_database: @hive#myDb	
2024-04-24T12:11:28,993  INFO [TThreadPoolServer WorkerProcess-%d] HiveMetaStore.audit: ugi=alex	ip=127.0.0.1	cmd=source:127.0.0.1 get_all_tables: db=@hive#myDb	
2024-04-24T12:11:28,993  INFO [TThreadPoolServer WorkerProcess-%d] HiveMetaStore.audit: ugi=alex	ip=127.0.0.1	cmd=source:127.0.0.1 get_functions: db=@hive#myDb pat=*	
2024-04-24T12:11:28,994  INFO [TThreadPoolServer WorkerProcess-%d] HiveMetaStore.audit: ugi=alex	ip=127.0.0.1	cmd=source:127.0.0.1 get_all_stored_procedures	
2024-04-24T12:11:28,995  INFO [TThreadPoolServer WorkerProcess-%d] HiveMetaStore.audit: ugi=alex	ip=127.0.0.1	cmd=source:127.0.0.1 get_all_packages	
2024-04-24T12:11:28,996  INFO [TThreadPoolServer WorkerProcess-%d] HiveMetaStore.audit: ugi=alex	ip=127.0.0.1	cmd=source:127.0.0.1 getTablesByTypeCore: catName=hive: db=myDb pat=.*,type=MATERIALIZED_VIEW	
2024-04-24T12:11:28,997  INFO [TThreadPoolServer WorkerProcess-%d] metastore.ObjectStore: Dropping database hive.myDb along with all tables
2024-04-24T12:11:29,000 ERROR [TThreadPoolServer WorkerProcess-%d] metastore.RetryingHMSHandler: Retrying HMSHandler after 2000 ms (attempt 9 of 10) with error: javax.jdo.JDODataStoreException: Exception thrown flushing changes to datastore
	at org.datanucleus.api.jdo.NucleusJDOHelper.getJDOExceptionForNucleusException(NucleusJDOHelper.java:542)
	at org.datanucleus.api.jdo.JDOPersistenceManager.flush(JDOPersistenceManager.java:2081)
	at org.apache.hadoop.hive.metastore.ObjectStore.addNotificationEvent(ObjectStore.java:11639)
	at sun.reflect.GeneratedMethodAccessor68.invoke(Unknown Source)
	at sun.reflect.DelegatingMethodAccessorImpl.invoke(DelegatingMethodAccessorImpl.java:43)
	at java.lang.reflect.Method.invoke(Method.java:498)
	at org.apache.hadoop.hive.metastore.RawStoreProxy.invoke(RawStoreProxy.java:97)
	at com.sun.proxy.$Proxy32.addNotificationEvent(Unknown Source)
	at org.apache.hive.hcatalog.listener.DbNotificationListener.process(DbNotificationListener.java:1403)
	at org.apache.hive.hcatalog.listener.DbNotificationListener.onDropDatabase(DbNotificationListener.java:513)
	at org.apache.hadoop.hive.metastore.MetaStoreListenerNotifier$26.notify(MetaStoreListenerNotifier.java:99)
	at org.apache.hadoop.hive.metastore.MetaStoreListenerNotifier.notifyEvent(MetaStoreListenerNotifier.java:339)
	at org.apache.hadoop.hive.metastore.HMSHandler.drop_database_core(HMSHandler.java:1785)
	at org.apache.hadoop.hive.metastore.HMSHandler.drop_database(HMSHandler.java:1869)
	at sun.reflect.GeneratedMethodAccessor74.invoke(Unknown Source)
	at sun.reflect.DelegatingMethodAccessorImpl.invoke(DelegatingMethodAccessorImpl.java:43)
	at java.lang.reflect.Method.invoke(Method.java:498)
	at org.apache.hadoop.hive.metastore.RetryingHMSHandler.invokeInternal(RetryingHMSHandler.java:147)
	at org.apache.hadoop.hive.metastore.RetryingHMSHandler.invoke(RetryingHMSHandler.java:108)
	at com.sun.proxy.$Proxy34.drop_database(Unknown Source)
	at org.apache.hadoop.hive.metastore.api.ThriftHiveMetastore$Processor$drop_database.getResult(ThriftHiveMetastore.java:18285)
	at org.apache.hadoop.hive.metastore.api.ThriftHiveMetastore$Processor$drop_database.getResult(ThriftHiveMetastore.java:18264)
	at org.apache.thrift.ProcessFunction.process(ProcessFunction.java:38)
	at org.apache.hadoop.hive.metastore.TUGIBasedProcessor$1.run(TUGIBasedProcessor.java:111)
	at org.apache.hadoop.hive.metastore.TUGIBasedProcessor$1.run(TUGIBasedProcessor.java:107)
	at java.security.AccessController.doPrivileged(Native Method)
	at javax.security.auth.Subject.doAs(Subject.java:422)
	at org.apache.hadoop.security.UserGroupInformation.doAs(UserGroupInformation.java:1682)
	at org.apache.hadoop.hive.metastore.TUGIBasedProcessor.process(TUGIBasedProcessor.java:119)
	at org.apache.thrift.server.TThreadPoolServer$WorkerProcess.run(TThreadPoolServer.java:248)
	at java.util.concurrent.ThreadPoolExecutor.runWorker(ThreadPoolExecutor.java:1149)
	at java.util.concurrent.ThreadPoolExecutor$Worker.run(ThreadPoolExecutor.java:624)
	at java.lang.Thread.run(Thread.java:750)
NestedThrowablesStackTrace:
java.sql.BatchUpdateException: DELETE on table 'DBS' caused a violation of foreign key constraint 'TBLS_FK1' for key (22).  The statement has been rolled back.
	at org.apache.derby.impl.jdbc.EmbedStatement.executeLargeBatch(Unknown Source)
	at org.apache.derby.impl.jdbc.EmbedStatement.executeBatch(Unknown Source)
	at com.zaxxer.hikari.pool.ProxyStatement.executeBatch(ProxyStatement.java:128)
	at com.zaxxer.hikari.pool.HikariProxyPreparedStatement.executeBatch(HikariProxyPreparedStatement.java)
	at org.datanucleus.store.rdbms.ParamLoggingPreparedStatement.executeBatch(ParamLoggingPreparedStatement.java:366)
	at org.datanucleus.store.rdbms.SQLController.processConnectionStatement(SQLController.java:675)
	at org.datanucleus.store.rdbms.SQLController.processStatementsForConnection(SQLController.java:643)
	at org.datanucleus.store.rdbms.SQLController$1.transactionFlushed(SQLController.java:729)
	at org.datanucleus.store.connection.AbstractManagedConnection.transactionFlushed(AbstractManagedConnection.java:95)
	at org.datanucleus.store.connection.ConnectionManagerImpl$2.transactionFlushed(ConnectionManagerImpl.java:528)
	at org.datanucleus.TransactionImpl.flush(TransactionImpl.java:222)
	at org.datanucleus.ExecutionContextImpl.flushInternal(ExecutionContextImpl.java:4068)
	at org.datanucleus.ExecutionContextThreadedImpl.flushInternal(ExecutionContextThreadedImpl.java:448)
	at org.datanucleus.ExecutionContextImpl.flush(ExecutionContextImpl.java:4009)
	at org.datanucleus.ExecutionContextThreadedImpl.flush(ExecutionContextThreadedImpl.java:434)
	at org.datanucleus.api.jdo.JDOPersistenceManager.flush(JDOPersistenceManager.java:2064)
	at org.apache.hadoop.hive.metastore.ObjectStore.addNotificationEvent(ObjectStore.java:11639)
	at sun.reflect.GeneratedMethodAccessor68.invoke(Unknown Source)
	at sun.reflect.DelegatingMethodAccessorImpl.invoke(DelegatingMethodAccessorImpl.java:43)
	at java.lang.reflect.Method.invoke(Method.java:498)
	at org.apache.hadoop.hive.metastore.RawStoreProxy.invoke(RawStoreProxy.java:97)
	at com.sun.proxy.$Proxy32.addNotificationEvent(Unknown Source)
	at org.apache.hive.hcatalog.listener.DbNotificationListener.process(DbNotificationListener.java:1403)
	at org.apache.hive.hcatalog.listener.DbNotificationListener.onDropDatabase(DbNotificationListener.java:513)
	at org.apache.hadoop.hive.metastore.MetaStoreListenerNotifier$26.notify(MetaStoreListenerNotifier.java:99)
	at org.apache.hadoop.hive.metastore.MetaStoreListenerNotifier.notifyEvent(MetaStoreListenerNotifier.java:339)
	at org.apache.hadoop.hive.metastore.HMSHandler.drop_database_core(HMSHandler.java:1785)
	at org.apache.hadoop.hive.metastore.HMSHandler.drop_database(HMSHandler.java:1869)
	at sun.reflect.GeneratedMethodAccessor74.invoke(Unknown Source)
	at sun.reflect.DelegatingMethodAccessorImpl.invoke(DelegatingMethodAccessorImpl.java:43)
	at java.lang.reflect.Method.invoke(Method.java:498)
	at org.apache.hadoop.hive.metastore.RetryingHMSHandler.invokeInternal(RetryingHMSHandler.java:147)
	at org.apache.hadoop.hive.metastore.RetryingHMSHandler.invoke(RetryingHMSHandler.java:108)
	at com.sun.proxy.$Proxy34.drop_database(Unknown Source)
	at org.apache.hadoop.hive.metastore.api.ThriftHiveMetastore$Processor$drop_database.getResult(ThriftHiveMetastore.java:18285)
	at org.apache.hadoop.hive.metastore.api.ThriftHiveMetastore$Processor$drop_database.getResult(ThriftHiveMetastore.java:18264)
	at org.apache.thrift.ProcessFunction.process(ProcessFunction.java:38)
	at org.apache.hadoop.hive.metastore.TUGIBasedProcessor$1.run(TUGIBasedProcessor.java:111)
	at org.apache.hadoop.hive.metastore.TUGIBasedProcessor$1.run(TUGIBasedProcessor.java:107)
	at java.security.AccessController.doPrivileged(Native Method)
	at javax.security.auth.Subject.doAs(Subject.java:422)
	at org.apache.hadoop.security.UserGroupInformation.doAs(UserGroupInformation.java:1682)
	at org.apache.hadoop.hive.metastore.TUGIBasedProcessor.process(TUGIBasedProcessor.java:119)
	at org.apache.thrift.server.TThreadPoolServer$WorkerProcess.run(TThreadPoolServer.java:248)
	at java.util.concurrent.ThreadPoolExecutor.runWorker(ThreadPoolExecutor.java:1149)
	at java.util.concurrent.ThreadPoolExecutor$Worker.run(ThreadPoolExecutor.java:624)
	at java.lang.Thread.run(Thread.java:750)
Caused by: org.apache.derby.shared.common.error.DerbySQLIntegrityConstraintViolationException: DELETE on table 'DBS' caused a violation of foreign key constraint 'TBLS_FK1' for key (22).  The statement has been rolled back.
	at org.apache.derby.impl.jdbc.SQLExceptionFactory.getSQLException(Unknown Source)
	at org.apache.derby.impl.jdbc.Util.generateCsSQLException(Unknown Source)
	at org.apache.derby.impl.jdbc.TransactionResourceImpl.wrapInSQLException(Unknown Source)
	at org.apache.derby.impl.jdbc.TransactionResourceImpl.handleException(Unknown Source)
	at org.apache.derby.impl.jdbc.EmbedConnection.handleException(Unknown Source)
	at org.apache.derby.impl.jdbc.ConnectionChild.handleException(Unknown Source)
	at org.apache.derby.impl.jdbc.EmbedStatement.executeStatement(Unknown Source)
	at org.apache.derby.impl.jdbc.EmbedPreparedStatement.executeBatchElement(Unknown Source)
	... 47 more
Caused by: ERROR 23503: DELETE on table 'DBS' caused a violation of foreign key constraint 'TBLS_FK1' for key (22).  The statement has been rolled back.
	at org.apache.derby.iapi.error.StandardException.newException(Unknown Source)
	at org.apache.derby.iapi.error.StandardException.newException(Unknown Source)
	at org.apache.derby.impl.sql.execute.ReferencedKeyRIChecker.doCheck(Unknown Source)
	at org.apache.derby.impl.sql.execute.RISetChecker.doPKCheck(Unknown Source)
	at org.apache.derby.impl.sql.execute.DeleteResultSet.collectAffectedRows(Unknown Source)
	at org.apache.derby.impl.sql.execute.DeleteResultSet.open(Unknown Source)
	at org.apache.derby.impl.sql.GenericPreparedStatement.executeStmt(Unknown Source)
	at org.apache.derby.impl.sql.GenericPreparedStatement.execute(Unknown Source)
	... 49 more

2024-04-24T12:11:31,001  INFO [TThreadPoolServer WorkerProcess-%d] HiveMetaStore.audit: ugi=alex	ip=127.0.0.1	cmd=source:127.0.0.1 drop_database: @hive#myDb	
2024-04-24T12:11:31,003  INFO [TThreadPoolServer WorkerProcess-%d] HiveMetaStore.audit: ugi=alex	ip=127.0.0.1	cmd=source:127.0.0.1 get_all_tables: db=@hive#myDb	
2024-04-24T12:11:31,004  INFO [TThreadPoolServer WorkerProcess-%d] HiveMetaStore.audit: ugi=alex	ip=127.0.0.1	cmd=source:127.0.0.1 get_functions: db=@hive#myDb pat=*	
2024-04-24T12:11:31,005  INFO [TThreadPoolServer WorkerProcess-%d] HiveMetaStore.audit: ugi=alex	ip=127.0.0.1	cmd=source:127.0.0.1 get_all_stored_procedures	
2024-04-24T12:11:31,006  INFO [TThreadPoolServer WorkerProcess-%d] HiveMetaStore.audit: ugi=alex	ip=127.0.0.1	cmd=source:127.0.0.1 get_all_packages	
2024-04-24T12:11:31,007  INFO [TThreadPoolServer WorkerProcess-%d] HiveMetaStore.audit: ugi=alex	ip=127.0.0.1	cmd=source:127.0.0.1 getTablesByTypeCore: catName=hive: db=myDb pat=.*,type=MATERIALIZED_VIEW	
2024-04-24T12:11:31,008  INFO [TThreadPoolServer WorkerProcess-%d] metastore.ObjectStore: Dropping database hive.myDb along with all tables
2024-04-24T12:11:31,011 ERROR [TThreadPoolServer WorkerProcess-%d] metastore.RetryingHMSHandler: Retrying HMSHandler after 2000 ms (attempt 10 of 10) with error: javax.jdo.JDODataStoreException: Exception thrown flushing changes to datastore
	at org.datanucleus.api.jdo.NucleusJDOHelper.getJDOExceptionForNucleusException(NucleusJDOHelper.java:542)
	at org.datanucleus.api.jdo.JDOPersistenceManager.flush(JDOPersistenceManager.java:2081)
	at org.apache.hadoop.hive.metastore.ObjectStore.addNotificationEvent(ObjectStore.java:11639)
	at sun.reflect.GeneratedMethodAccessor68.invoke(Unknown Source)
	at sun.reflect.DelegatingMethodAccessorImpl.invoke(DelegatingMethodAccessorImpl.java:43)
	at java.lang.reflect.Method.invoke(Method.java:498)
	at org.apache.hadoop.hive.metastore.RawStoreProxy.invoke(RawStoreProxy.java:97)
	at com.sun.proxy.$Proxy32.addNotificationEvent(Unknown Source)
	at org.apache.hive.hcatalog.listener.DbNotificationListener.process(DbNotificationListener.java:1403)
	at org.apache.hive.hcatalog.listener.DbNotificationListener.onDropDatabase(DbNotificationListener.java:513)
	at org.apache.hadoop.hive.metastore.MetaStoreListenerNotifier$26.notify(MetaStoreListenerNotifier.java:99)
	at org.apache.hadoop.hive.metastore.MetaStoreListenerNotifier.notifyEvent(MetaStoreListenerNotifier.java:339)
	at org.apache.hadoop.hive.metastore.HMSHandler.drop_database_core(HMSHandler.java:1785)
	at org.apache.hadoop.hive.metastore.HMSHandler.drop_database(HMSHandler.java:1869)
	at sun.reflect.GeneratedMethodAccessor74.invoke(Unknown Source)
	at sun.reflect.DelegatingMethodAccessorImpl.invoke(DelegatingMethodAccessorImpl.java:43)
	at java.lang.reflect.Method.invoke(Method.java:498)
	at org.apache.hadoop.hive.metastore.RetryingHMSHandler.invokeInternal(RetryingHMSHandler.java:147)
	at org.apache.hadoop.hive.metastore.RetryingHMSHandler.invoke(RetryingHMSHandler.java:108)
	at com.sun.proxy.$Proxy34.drop_database(Unknown Source)
	at org.apache.hadoop.hive.metastore.api.ThriftHiveMetastore$Processor$drop_database.getResult(ThriftHiveMetastore.java:18285)
	at org.apache.hadoop.hive.metastore.api.ThriftHiveMetastore$Processor$drop_database.getResult(ThriftHiveMetastore.java:18264)
	at org.apache.thrift.ProcessFunction.process(ProcessFunction.java:38)
	at org.apache.hadoop.hive.metastore.TUGIBasedProcessor$1.run(TUGIBasedProcessor.java:111)
	at org.apache.hadoop.hive.metastore.TUGIBasedProcessor$1.run(TUGIBasedProcessor.java:107)
	at java.security.AccessController.doPrivileged(Native Method)
	at javax.security.auth.Subject.doAs(Subject.java:422)
	at org.apache.hadoop.security.UserGroupInformation.doAs(UserGroupInformation.java:1682)
	at org.apache.hadoop.hive.metastore.TUGIBasedProcessor.process(TUGIBasedProcessor.java:119)
	at org.apache.thrift.server.TThreadPoolServer$WorkerProcess.run(TThreadPoolServer.java:248)
	at java.util.concurrent.ThreadPoolExecutor.runWorker(ThreadPoolExecutor.java:1149)
	at java.util.concurrent.ThreadPoolExecutor$Worker.run(ThreadPoolExecutor.java:624)
	at java.lang.Thread.run(Thread.java:750)
NestedThrowablesStackTrace:
java.sql.BatchUpdateException: DELETE on table 'DBS' caused a violation of foreign key constraint 'TBLS_FK1' for key (22).  The statement has been rolled back.
	at org.apache.derby.impl.jdbc.EmbedStatement.executeLargeBatch(Unknown Source)
	at org.apache.derby.impl.jdbc.EmbedStatement.executeBatch(Unknown Source)
	at com.zaxxer.hikari.pool.ProxyStatement.executeBatch(ProxyStatement.java:128)
	at com.zaxxer.hikari.pool.HikariProxyPreparedStatement.executeBatch(HikariProxyPreparedStatement.java)
	at org.datanucleus.store.rdbms.ParamLoggingPreparedStatement.executeBatch(ParamLoggingPreparedStatement.java:366)
	at org.datanucleus.store.rdbms.SQLController.processConnectionStatement(SQLController.java:675)
	at org.datanucleus.store.rdbms.SQLController.processStatementsForConnection(SQLController.java:643)
	at org.datanucleus.store.rdbms.SQLController$1.transactionFlushed(SQLController.java:729)
	at org.datanucleus.store.connection.AbstractManagedConnection.transactionFlushed(AbstractManagedConnection.java:95)
	at org.datanucleus.store.connection.ConnectionManagerImpl$2.transactionFlushed(ConnectionManagerImpl.java:528)
	at org.datanucleus.TransactionImpl.flush(TransactionImpl.java:222)
	at org.datanucleus.ExecutionContextImpl.flushInternal(ExecutionContextImpl.java:4068)
	at org.datanucleus.ExecutionContextThreadedImpl.flushInternal(ExecutionContextThreadedImpl.java:448)
	at org.datanucleus.ExecutionContextImpl.flush(ExecutionContextImpl.java:4009)
	at org.datanucleus.ExecutionContextThreadedImpl.flush(ExecutionContextThreadedImpl.java:434)
	at org.datanucleus.api.jdo.JDOPersistenceManager.flush(JDOPersistenceManager.java:2064)
	at org.apache.hadoop.hive.metastore.ObjectStore.addNotificationEvent(ObjectStore.java:11639)
	at sun.reflect.GeneratedMethodAccessor68.invoke(Unknown Source)
	at sun.reflect.DelegatingMethodAccessorImpl.invoke(DelegatingMethodAccessorImpl.java:43)
	at java.lang.reflect.Method.invoke(Method.java:498)
	at org.apache.hadoop.hive.metastore.RawStoreProxy.invoke(RawStoreProxy.java:97)
	at com.sun.proxy.$Proxy32.addNotificationEvent(Unknown Source)
	at org.apache.hive.hcatalog.listener.DbNotificationListener.process(DbNotificationListener.java:1403)
	at org.apache.hive.hcatalog.listener.DbNotificationListener.onDropDatabase(DbNotificationListener.java:513)
	at org.apache.hadoop.hive.metastore.MetaStoreListenerNotifier$26.notify(MetaStoreListenerNotifier.java:99)
	at org.apache.hadoop.hive.metastore.MetaStoreListenerNotifier.notifyEvent(MetaStoreListenerNotifier.java:339)
	at org.apache.hadoop.hive.metastore.HMSHandler.drop_database_core(HMSHandler.java:1785)
	at org.apache.hadoop.hive.metastore.HMSHandler.drop_database(HMSHandler.java:1869)
	at sun.reflect.GeneratedMethodAccessor74.invoke(Unknown Source)
	at sun.reflect.DelegatingMethodAccessorImpl.invoke(DelegatingMethodAccessorImpl.java:43)
	at java.lang.reflect.Method.invoke(Method.java:498)
	at org.apache.hadoop.hive.metastore.RetryingHMSHandler.invokeInternal(RetryingHMSHandler.java:147)
	at org.apache.hadoop.hive.metastore.RetryingHMSHandler.invoke(RetryingHMSHandler.java:108)
	at com.sun.proxy.$Proxy34.drop_database(Unknown Source)
	at org.apache.hadoop.hive.metastore.api.ThriftHiveMetastore$Processor$drop_database.getResult(ThriftHiveMetastore.java:18285)
	at org.apache.hadoop.hive.metastore.api.ThriftHiveMetastore$Processor$drop_database.getResult(ThriftHiveMetastore.java:18264)
	at org.apache.thrift.ProcessFunction.process(ProcessFunction.java:38)
	at org.apache.hadoop.hive.metastore.TUGIBasedProcessor$1.run(TUGIBasedProcessor.java:111)
	at org.apache.hadoop.hive.metastore.TUGIBasedProcessor$1.run(TUGIBasedProcessor.java:107)
	at java.security.AccessController.doPrivileged(Native Method)
	at javax.security.auth.Subject.doAs(Subject.java:422)
	at org.apache.hadoop.security.UserGroupInformation.doAs(UserGroupInformation.java:1682)
	at org.apache.hadoop.hive.metastore.TUGIBasedProcessor.process(TUGIBasedProcessor.java:119)
	at org.apache.thrift.server.TThreadPoolServer$WorkerProcess.run(TThreadPoolServer.java:248)
	at java.util.concurrent.ThreadPoolExecutor.runWorker(ThreadPoolExecutor.java:1149)
	at java.util.concurrent.ThreadPoolExecutor$Worker.run(ThreadPoolExecutor.java:624)
	at java.lang.Thread.run(Thread.java:750)
Caused by: org.apache.derby.shared.common.error.DerbySQLIntegrityConstraintViolationException: DELETE on table 'DBS' caused a violation of foreign key constraint 'TBLS_FK1' for key (22).  The statement has been rolled back.
	at org.apache.derby.impl.jdbc.SQLExceptionFactory.getSQLException(Unknown Source)
	at org.apache.derby.impl.jdbc.Util.generateCsSQLException(Unknown Source)
	at org.apache.derby.impl.jdbc.TransactionResourceImpl.wrapInSQLException(Unknown Source)
	at org.apache.derby.impl.jdbc.TransactionResourceImpl.handleException(Unknown Source)
	at org.apache.derby.impl.jdbc.EmbedConnection.handleException(Unknown Source)
	at org.apache.derby.impl.jdbc.ConnectionChild.handleException(Unknown Source)
	at org.apache.derby.impl.jdbc.EmbedStatement.executeStatement(Unknown Source)
	at org.apache.derby.impl.jdbc.EmbedPreparedStatement.executeBatchElement(Unknown Source)
	... 47 more
Caused by: ERROR 23503: DELETE on table 'DBS' caused a violation of foreign key constraint 'TBLS_FK1' for key (22).  The statement has been rolled back.
	at org.apache.derby.iapi.error.StandardException.newException(Unknown Source)
	at org.apache.derby.iapi.error.StandardException.newException(Unknown Source)
	at org.apache.derby.impl.sql.execute.ReferencedKeyRIChecker.doCheck(Unknown Source)
	at org.apache.derby.impl.sql.execute.RISetChecker.doPKCheck(Unknown Source)
	at org.apache.derby.impl.sql.execute.DeleteResultSet.collectAffectedRows(Unknown Source)
	at org.apache.derby.impl.sql.execute.DeleteResultSet.open(Unknown Source)
	at org.apache.derby.impl.sql.GenericPreparedStatement.executeStmt(Unknown Source)
	at org.apache.derby.impl.sql.GenericPreparedStatement.execute(Unknown Source)
	... 49 more

2024-04-24T12:11:33,012  INFO [TThreadPoolServer WorkerProcess-%d] HiveMetaStore.audit: ugi=alex	ip=127.0.0.1	cmd=source:127.0.0.1 drop_database: @hive#myDb	
2024-04-24T12:11:33,014  INFO [TThreadPoolServer WorkerProcess-%d] HiveMetaStore.audit: ugi=alex	ip=127.0.0.1	cmd=source:127.0.0.1 get_all_tables: db=@hive#myDb	
2024-04-24T12:11:33,016  INFO [TThreadPoolServer WorkerProcess-%d] HiveMetaStore.audit: ugi=alex	ip=127.0.0.1	cmd=source:127.0.0.1 get_functions: db=@hive#myDb pat=*	
2024-04-24T12:11:33,017  INFO [TThreadPoolServer WorkerProcess-%d] HiveMetaStore.audit: ugi=alex	ip=127.0.0.1	cmd=source:127.0.0.1 get_all_stored_procedures	
2024-04-24T12:11:33,018  INFO [TThreadPoolServer WorkerProcess-%d] HiveMetaStore.audit: ugi=alex	ip=127.0.0.1	cmd=source:127.0.0.1 get_all_packages	
2024-04-24T12:11:33,018  INFO [TThreadPoolServer WorkerProcess-%d] HiveMetaStore.audit: ugi=alex	ip=127.0.0.1	cmd=source:127.0.0.1 getTablesByTypeCore: catName=hive: db=myDb pat=.*,type=MATERIALIZED_VIEW	
2024-04-24T12:11:33,020  INFO [TThreadPoolServer WorkerProcess-%d] metastore.ObjectStore: Dropping database hive.myDb along with all tables
2024-04-24T12:11:33,022 ERROR [TThreadPoolServer WorkerProcess-%d] metastore.RetryingHMSHandler: HMSHandler Fatal error: javax.jdo.JDODataStoreException: Exception thrown flushing changes to datastore
	at org.datanucleus.api.jdo.NucleusJDOHelper.getJDOExceptionForNucleusException(NucleusJDOHelper.java:542)
	at org.datanucleus.api.jdo.JDOPersistenceManager.flush(JDOPersistenceManager.java:2081)
	at org.apache.hadoop.hive.metastore.ObjectStore.addNotificationEvent(ObjectStore.java:11639)
	at sun.reflect.GeneratedMethodAccessor68.invoke(Unknown Source)
	at sun.reflect.DelegatingMethodAccessorImpl.invoke(DelegatingMethodAccessorImpl.java:43)
	at java.lang.reflect.Method.invoke(Method.java:498)
	at org.apache.hadoop.hive.metastore.RawStoreProxy.invoke(RawStoreProxy.java:97)
	at com.sun.proxy.$Proxy32.addNotificationEvent(Unknown Source)
	at org.apache.hive.hcatalog.listener.DbNotificationListener.process(DbNotificationListener.java:1403)
	at org.apache.hive.hcatalog.listener.DbNotificationListener.onDropDatabase(DbNotificationListener.java:513)
	at org.apache.hadoop.hive.metastore.MetaStoreListenerNotifier$26.notify(MetaStoreListenerNotifier.java:99)
	at org.apache.hadoop.hive.metastore.MetaStoreListenerNotifier.notifyEvent(MetaStoreListenerNotifier.java:339)
	at org.apache.hadoop.hive.metastore.HMSHandler.drop_database_core(HMSHandler.java:1785)
	at org.apache.hadoop.hive.metastore.HMSHandler.drop_database(HMSHandler.java:1869)
	at sun.reflect.GeneratedMethodAccessor74.invoke(Unknown Source)
	at sun.reflect.DelegatingMethodAccessorImpl.invoke(DelegatingMethodAccessorImpl.java:43)
	at java.lang.reflect.Method.invoke(Method.java:498)
	at org.apache.hadoop.hive.metastore.RetryingHMSHandler.invokeInternal(RetryingHMSHandler.java:147)
	at org.apache.hadoop.hive.metastore.RetryingHMSHandler.invoke(RetryingHMSHandler.java:108)
	at com.sun.proxy.$Proxy34.drop_database(Unknown Source)
	at org.apache.hadoop.hive.metastore.api.ThriftHiveMetastore$Processor$drop_database.getResult(ThriftHiveMetastore.java:18285)
	at org.apache.hadoop.hive.metastore.api.ThriftHiveMetastore$Processor$drop_database.getResult(ThriftHiveMetastore.java:18264)
	at org.apache.thrift.ProcessFunction.process(ProcessFunction.java:38)
	at org.apache.hadoop.hive.metastore.TUGIBasedProcessor$1.run(TUGIBasedProcessor.java:111)
	at org.apache.hadoop.hive.metastore.TUGIBasedProcessor$1.run(TUGIBasedProcessor.java:107)
	at java.security.AccessController.doPrivileged(Native Method)
	at javax.security.auth.Subject.doAs(Subject.java:422)
	at org.apache.hadoop.security.UserGroupInformation.doAs(UserGroupInformation.java:1682)
	at org.apache.hadoop.hive.metastore.TUGIBasedProcessor.process(TUGIBasedProcessor.java:119)
	at org.apache.thrift.server.TThreadPoolServer$WorkerProcess.run(TThreadPoolServer.java:248)
	at java.util.concurrent.ThreadPoolExecutor.runWorker(ThreadPoolExecutor.java:1149)
	at java.util.concurrent.ThreadPoolExecutor$Worker.run(ThreadPoolExecutor.java:624)
	at java.lang.Thread.run(Thread.java:750)
NestedThrowablesStackTrace:
java.sql.BatchUpdateException: DELETE on table 'DBS' caused a violation of foreign key constraint 'TBLS_FK1' for key (22).  The statement has been rolled back.
	at org.apache.derby.impl.jdbc.EmbedStatement.executeLargeBatch(Unknown Source)
	at org.apache.derby.impl.jdbc.EmbedStatement.executeBatch(Unknown Source)
	at com.zaxxer.hikari.pool.ProxyStatement.executeBatch(ProxyStatement.java:128)
	at com.zaxxer.hikari.pool.HikariProxyPreparedStatement.executeBatch(HikariProxyPreparedStatement.java)
	at org.datanucleus.store.rdbms.ParamLoggingPreparedStatement.executeBatch(ParamLoggingPreparedStatement.java:366)
	at org.datanucleus.store.rdbms.SQLController.processConnectionStatement(SQLController.java:675)
	at org.datanucleus.store.rdbms.SQLController.processStatementsForConnection(SQLController.java:643)
	at org.datanucleus.store.rdbms.SQLController$1.transactionFlushed(SQLController.java:729)
	at org.datanucleus.store.connection.AbstractManagedConnection.transactionFlushed(AbstractManagedConnection.java:95)
	at org.datanucleus.store.connection.ConnectionManagerImpl$2.transactionFlushed(ConnectionManagerImpl.java:528)
	at org.datanucleus.TransactionImpl.flush(TransactionImpl.java:222)
	at org.datanucleus.ExecutionContextImpl.flushInternal(ExecutionContextImpl.java:4068)
	at org.datanucleus.ExecutionContextThreadedImpl.flushInternal(ExecutionContextThreadedImpl.java:448)
	at org.datanucleus.ExecutionContextImpl.flush(ExecutionContextImpl.java:4009)
	at org.datanucleus.ExecutionContextThreadedImpl.flush(ExecutionContextThreadedImpl.java:434)
	at org.datanucleus.api.jdo.JDOPersistenceManager.flush(JDOPersistenceManager.java:2064)
	at org.apache.hadoop.hive.metastore.ObjectStore.addNotificationEvent(ObjectStore.java:11639)
	at sun.reflect.GeneratedMethodAccessor68.invoke(Unknown Source)
	at sun.reflect.DelegatingMethodAccessorImpl.invoke(DelegatingMethodAccessorImpl.java:43)
	at java.lang.reflect.Method.invoke(Method.java:498)
	at org.apache.hadoop.hive.metastore.RawStoreProxy.invoke(RawStoreProxy.java:97)
	at com.sun.proxy.$Proxy32.addNotificationEvent(Unknown Source)
	at org.apache.hive.hcatalog.listener.DbNotificationListener.process(DbNotificationListener.java:1403)
	at org.apache.hive.hcatalog.listener.DbNotificationListener.onDropDatabase(DbNotificationListener.java:513)
	at org.apache.hadoop.hive.metastore.MetaStoreListenerNotifier$26.notify(MetaStoreListenerNotifier.java:99)
	at org.apache.hadoop.hive.metastore.MetaStoreListenerNotifier.notifyEvent(MetaStoreListenerNotifier.java:339)
	at org.apache.hadoop.hive.metastore.HMSHandler.drop_database_core(HMSHandler.java:1785)
	at org.apache.hadoop.hive.metastore.HMSHandler.drop_database(HMSHandler.java:1869)
	at sun.reflect.GeneratedMethodAccessor74.invoke(Unknown Source)
	at sun.reflect.DelegatingMethodAccessorImpl.invoke(DelegatingMethodAccessorImpl.java:43)
	at java.lang.reflect.Method.invoke(Method.java:498)
	at org.apache.hadoop.hive.metastore.RetryingHMSHandler.invokeInternal(RetryingHMSHandler.java:147)
	at org.apache.hadoop.hive.metastore.RetryingHMSHandler.invoke(RetryingHMSHandler.java:108)
	at com.sun.proxy.$Proxy34.drop_database(Unknown Source)
	at org.apache.hadoop.hive.metastore.api.ThriftHiveMetastore$Processor$drop_database.getResult(ThriftHiveMetastore.java:18285)
	at org.apache.hadoop.hive.metastore.api.ThriftHiveMetastore$Processor$drop_database.getResult(ThriftHiveMetastore.java:18264)
	at org.apache.thrift.ProcessFunction.process(ProcessFunction.java:38)
	at org.apache.hadoop.hive.metastore.TUGIBasedProcessor$1.run(TUGIBasedProcessor.java:111)
	at org.apache.hadoop.hive.metastore.TUGIBasedProcessor$1.run(TUGIBasedProcessor.java:107)
	at java.security.AccessController.doPrivileged(Native Method)
	at javax.security.auth.Subject.doAs(Subject.java:422)
	at org.apache.hadoop.security.UserGroupInformation.doAs(UserGroupInformation.java:1682)
	at org.apache.hadoop.hive.metastore.TUGIBasedProcessor.process(TUGIBasedProcessor.java:119)
	at org.apache.thrift.server.TThreadPoolServer$WorkerProcess.run(TThreadPoolServer.java:248)
	at java.util.concurrent.ThreadPoolExecutor.runWorker(ThreadPoolExecutor.java:1149)
	at java.util.concurrent.ThreadPoolExecutor$Worker.run(ThreadPoolExecutor.java:624)
	at java.lang.Thread.run(Thread.java:750)
Caused by: org.apache.derby.shared.common.error.DerbySQLIntegrityConstraintViolationException: DELETE on table 'DBS' caused a violation of foreign key constraint 'TBLS_FK1' for key (22).  The statement has been rolled back.
	at org.apache.derby.impl.jdbc.SQLExceptionFactory.getSQLException(Unknown Source)
	at org.apache.derby.impl.jdbc.Util.generateCsSQLException(Unknown Source)
	at org.apache.derby.impl.jdbc.TransactionResourceImpl.wrapInSQLException(Unknown Source)
	at org.apache.derby.impl.jdbc.TransactionResourceImpl.handleException(Unknown Source)
	at org.apache.derby.impl.jdbc.EmbedConnection.handleException(Unknown Source)
	at org.apache.derby.impl.jdbc.ConnectionChild.handleException(Unknown Source)
	at org.apache.derby.impl.jdbc.EmbedStatement.executeStatement(Unknown Source)
	at org.apache.derby.impl.jdbc.EmbedPreparedStatement.executeBatchElement(Unknown Source)
	... 47 more
Caused by: ERROR 23503: DELETE on table 'DBS' caused a violation of foreign key constraint 'TBLS_FK1' for key (22).  The statement has been rolled back.
	at org.apache.derby.iapi.error.StandardException.newException(Unknown Source)
	at org.apache.derby.iapi.error.StandardException.newException(Unknown Source)
	at org.apache.derby.impl.sql.execute.ReferencedKeyRIChecker.doCheck(Unknown Source)
	at org.apache.derby.impl.sql.execute.RISetChecker.doPKCheck(Unknown Source)
	at org.apache.derby.impl.sql.execute.DeleteResultSet.collectAffectedRows(Unknown Source)
	at org.apache.derby.impl.sql.execute.DeleteResultSet.open(Unknown Source)
	at org.apache.derby.impl.sql.GenericPreparedStatement.executeStmt(Unknown Source)
	at org.apache.derby.impl.sql.GenericPreparedStatement.execute(Unknown Source)
	... 49 more

2024-04-24T12:11:33,022 ERROR [main] api.TestHCatClient: Unexpected exception! 
org.apache.hive.hcatalog.common.HCatException: org.apache.hive.hcatalog.common.HCatException : 9001 : Exception occurred while processing HCat request : MetaException while dropping db.. Cause : MetaException(message:javax.jdo.JDODataStoreException: Exception thrown flushing changes to datastore
NestedThrowables:
java.sql.BatchUpdateException: DELETE on table 'DBS' caused a violation of foreign key constraint 'TBLS_FK1' for key (22).  The statement has been rolled back.)
	at org.apache.hive.hcatalog.api.HCatClientHMSImpl.dropDatabase(HCatClientHMSImpl.java:164) ~[classes/:?]
	at org.apache.hive.hcatalog.api.TestHCatClient.testPartitionRegistrationWithCustomSchema(TestHCatClient.java:1112) [test-classes/:?]
	at sun.reflect.NativeMethodAccessorImpl.invoke0(Native Method) ~[?:1.8.0_402]
	at sun.reflect.NativeMethodAccessorImpl.invoke(NativeMethodAccessorImpl.java:62) ~[?:1.8.0_402]
	at sun.reflect.DelegatingMethodAccessorImpl.invoke(DelegatingMethodAccessorImpl.java:43) ~[?:1.8.0_402]
	at java.lang.reflect.Method.invoke(Method.java:498) ~[?:1.8.0_402]
	at org.junit.runners.model.FrameworkMethod$1.runReflectiveCall(FrameworkMethod.java:59) [junit-4.13.jar:4.13]
	at org.junit.internal.runners.model.ReflectiveCallable.run(ReflectiveCallable.java:12) [junit-4.13.jar:4.13]
	at org.junit.runners.model.FrameworkMethod.invokeExplosively(FrameworkMethod.java:56) [junit-4.13.jar:4.13]
	at org.junit.internal.runners.statements.InvokeMethod.evaluate(InvokeMethod.java:17) [junit-4.13.jar:4.13]
	at org.junit.runners.ParentRunner$3.evaluate(ParentRunner.java:306) [junit-4.13.jar:4.13]
	at org.junit.runners.BlockJUnit4ClassRunner$1.evaluate(BlockJUnit4ClassRunner.java:100) [junit-4.13.jar:4.13]
	at org.junit.runners.ParentRunner.runLeaf(ParentRunner.java:366) [junit-4.13.jar:4.13]
	at org.junit.runners.BlockJUnit4ClassRunner.runChild(BlockJUnit4ClassRunner.java:103) [junit-4.13.jar:4.13]
	at org.junit.runners.BlockJUnit4ClassRunner.runChild(BlockJUnit4ClassRunner.java:63) [junit-4.13.jar:4.13]
	at org.junit.runners.ParentRunner$4.run(ParentRunner.java:331) [junit-4.13.jar:4.13]
	at org.junit.runners.ParentRunner$1.schedule(ParentRunner.java:79) [junit-4.13.jar:4.13]
	at org.junit.runners.ParentRunner.runChildren(ParentRunner.java:329) [junit-4.13.jar:4.13]
	at org.junit.runners.ParentRunner.access$100(ParentRunner.java:66) [junit-4.13.jar:4.13]
	at org.junit.runners.ParentRunner$2.evaluate(ParentRunner.java:293) [junit-4.13.jar:4.13]
	at org.junit.internal.runners.statements.RunBefores.evaluate(RunBefores.java:26) [junit-4.13.jar:4.13]
	at org.junit.internal.runners.statements.RunAfters.evaluate(RunAfters.java:27) [junit-4.13.jar:4.13]
	at org.junit.runners.ParentRunner$3.evaluate(ParentRunner.java:306) [junit-4.13.jar:4.13]
	at org.junit.runners.ParentRunner.run(ParentRunner.java:413) [junit-4.13.jar:4.13]
	at org.junit.runners.Suite.runChild(Suite.java:128) [junit-4.13.jar:4.13]
	at org.junit.runners.Suite.runChild(Suite.java:27) [junit-4.13.jar:4.13]
	at org.junit.runners.ParentRunner$4.run(ParentRunner.java:331) [junit-4.13.jar:4.13]
	at org.junit.runners.ParentRunner$1.schedule(ParentRunner.java:79) [junit-4.13.jar:4.13]
	at org.junit.runners.ParentRunner.runChildren(ParentRunner.java:329) [junit-4.13.jar:4.13]
	at org.junit.runners.ParentRunner.access$100(ParentRunner.java:66) [junit-4.13.jar:4.13]
	at org.junit.runners.ParentRunner$2.evaluate(ParentRunner.java:293) [junit-4.13.jar:4.13]
	at org.junit.runners.ParentRunner$3.evaluate(ParentRunner.java:306) [junit-4.13.jar:4.13]
	at org.junit.runners.ParentRunner.run(ParentRunner.java:413) [junit-4.13.jar:4.13]
	at org.apache.maven.surefire.junitcore.JUnitCore.run(JUnitCore.java:55) [surefire-junit47-3.0.0-M4.jar:3.0.0-M4]
	at org.apache.maven.surefire.junitcore.JUnitCoreWrapper.createRequestAndRun(JUnitCoreWrapper.java:137) [surefire-junit47-3.0.0-M4.jar:3.0.0-M4]
	at org.apache.maven.surefire.junitcore.JUnitCoreWrapper.executeEager(JUnitCoreWrapper.java:107) [surefire-junit47-3.0.0-M4.jar:3.0.0-M4]
	at org.apache.maven.surefire.junitcore.JUnitCoreWrapper.execute(JUnitCoreWrapper.java:83) [surefire-junit47-3.0.0-M4.jar:3.0.0-M4]
	at org.apache.maven.surefire.junitcore.JUnitCoreWrapper.execute(JUnitCoreWrapper.java:75) [surefire-junit47-3.0.0-M4.jar:3.0.0-M4]
	at org.apache.maven.surefire.junitcore.JUnitCoreProvider.invoke(JUnitCoreProvider.java:158) [surefire-junit47-3.0.0-M4.jar:3.0.0-M4]
	at org.apache.maven.surefire.booter.ForkedBooter.runSuitesInProcess(ForkedBooter.java:377) [surefire-booter-3.0.0-M4.jar:3.0.0-M4]
	at org.apache.maven.surefire.booter.ForkedBooter.execute(ForkedBooter.java:138) [surefire-booter-3.0.0-M4.jar:3.0.0-M4]
	at org.apache.maven.surefire.booter.ForkedBooter.run(ForkedBooter.java:465) [surefire-booter-3.0.0-M4.jar:3.0.0-M4]
	at org.apache.maven.surefire.booter.ForkedBooter.main(ForkedBooter.java:451) [surefire-booter-3.0.0-M4.jar:3.0.0-M4]
Caused by: org.apache.hadoop.hive.metastore.api.MetaException: javax.jdo.JDODataStoreException: Exception thrown flushing changes to datastore
NestedThrowables:
java.sql.BatchUpdateException: DELETE on table 'DBS' caused a violation of foreign key constraint 'TBLS_FK1' for key (22).  The statement has been rolled back.
	at org.apache.hadoop.hive.metastore.api.ThriftHiveMetastore$drop_database_result$drop_database_resultStandardScheme.read(ThriftHiveMetastore.java:54495) ~[classes/:?]
	at org.apache.hadoop.hive.metastore.api.ThriftHiveMetastore$drop_database_result$drop_database_resultStandardScheme.read(ThriftHiveMetastore.java:54463) ~[classes/:?]
	at org.apache.hadoop.hive.metastore.api.ThriftHiveMetastore$drop_database_result.read(ThriftHiveMetastore.java:54397) ~[classes/:?]
	at org.apache.thrift.TServiceClient.receiveBase(TServiceClient.java:88) ~[libthrift-0.14.1.jar:0.14.1]
	at org.apache.hadoop.hive.metastore.api.ThriftHiveMetastore$Client.recv_drop_database(ThriftHiveMetastore.java:1404) ~[classes/:?]
	at org.apache.hadoop.hive.metastore.api.ThriftHiveMetastore$Client.drop_database(ThriftHiveMetastore.java:1389) ~[classes/:?]
	at org.apache.hadoop.hive.metastore.HiveMetaStoreClient.dropDatabaseCascadePerDb(HiveMetaStoreClient.java:1601) ~[classes/:?]
	at org.apache.hadoop.hive.metastore.HiveMetaStoreClient.dropDatabase(HiveMetaStoreClient.java:1532) ~[classes/:?]
	at org.apache.hadoop.hive.metastore.HiveMetaStoreClient.dropDatabase(HiveMetaStoreClient.java:1485) ~[classes/:?]
	at sun.reflect.GeneratedMethodAccessor358.invoke(Unknown Source) ~[?:?]
	at sun.reflect.DelegatingMethodAccessorImpl.invoke(DelegatingMethodAccessorImpl.java:43) ~[?:1.8.0_402]
	at java.lang.reflect.Method.invoke(Method.java:498) ~[?:1.8.0_402]
	at org.apache.hadoop.hive.metastore.RetryingMetaStoreClient.invoke(RetryingMetaStoreClient.java:214) ~[classes/:?]
	at com.sun.proxy.$Proxy35.dropDatabase(Unknown Source) ~[?:?]
	at org.apache.hive.hcatalog.api.HCatClientHMSImpl.dropDatabase(HCatClientHMSImpl.java:154) ~[classes/:?]
	... 42 more
]]></system-err>
  </testcase>
  <testcase name="testPartitionSchema" classname="org.apache.hive.hcatalog.api.TestHCatClient" time="41.41">
    <failure message="Unexpected exception! org.apache.hive.hcatalog.common.HCatException : 9001 : Exception occurred while processing HCat request : MetaException while dropping db.. Cause : MetaException(message:javax.jdo.JDODataStoreException: Exception thrown flushing changes to datastore&#10;NestedThrowables:&#10;java.sql.BatchUpdateException: DELETE on table &apos;DBS&apos; caused a violation of foreign key constraint &apos;TBLS_FK1&apos; for key (22).  The statement has been rolled back.)" type="java.lang.AssertionError"><![CDATA[java.lang.AssertionError: 
Unexpected exception! org.apache.hive.hcatalog.common.HCatException : 9001 : Exception occurred while processing HCat request : MetaException while dropping db.. Cause : MetaException(message:javax.jdo.JDODataStoreException: Exception thrown flushing changes to datastore
NestedThrowables:
java.sql.BatchUpdateException: DELETE on table 'DBS' caused a violation of foreign key constraint 'TBLS_FK1' for key (22).  The statement has been rolled back.)
	at org.junit.Assert.fail(Assert.java:89)
	at org.junit.Assert.assertTrue(Assert.java:42)
	at org.apache.hive.hcatalog.api.TestHCatClient.testPartitionSchema(TestHCatClient.java:688)
	at sun.reflect.NativeMethodAccessorImpl.invoke0(Native Method)
	at sun.reflect.NativeMethodAccessorImpl.invoke(NativeMethodAccessorImpl.java:62)
	at sun.reflect.DelegatingMethodAccessorImpl.invoke(DelegatingMethodAccessorImpl.java:43)
	at java.lang.reflect.Method.invoke(Method.java:498)
	at org.junit.runners.model.FrameworkMethod$1.runReflectiveCall(FrameworkMethod.java:59)
	at org.junit.internal.runners.model.ReflectiveCallable.run(ReflectiveCallable.java:12)
	at org.junit.runners.model.FrameworkMethod.invokeExplosively(FrameworkMethod.java:56)
	at org.junit.internal.runners.statements.InvokeMethod.evaluate(InvokeMethod.java:17)
	at org.junit.runners.ParentRunner$3.evaluate(ParentRunner.java:306)
	at org.junit.runners.BlockJUnit4ClassRunner$1.evaluate(BlockJUnit4ClassRunner.java:100)
	at org.junit.runners.ParentRunner.runLeaf(ParentRunner.java:366)
	at org.junit.runners.BlockJUnit4ClassRunner.runChild(BlockJUnit4ClassRunner.java:103)
	at org.junit.runners.BlockJUnit4ClassRunner.runChild(BlockJUnit4ClassRunner.java:63)
	at org.junit.runners.ParentRunner$4.run(ParentRunner.java:331)
	at org.junit.runners.ParentRunner$1.schedule(ParentRunner.java:79)
	at org.junit.runners.ParentRunner.runChildren(ParentRunner.java:329)
	at org.junit.runners.ParentRunner.access$100(ParentRunner.java:66)
	at org.junit.runners.ParentRunner$2.evaluate(ParentRunner.java:293)
	at org.junit.internal.runners.statements.RunBefores.evaluate(RunBefores.java:26)
	at org.junit.internal.runners.statements.RunAfters.evaluate(RunAfters.java:27)
	at org.junit.runners.ParentRunner$3.evaluate(ParentRunner.java:306)
	at org.junit.runners.ParentRunner.run(ParentRunner.java:413)
	at org.junit.runners.Suite.runChild(Suite.java:128)
	at org.junit.runners.Suite.runChild(Suite.java:27)
	at org.junit.runners.ParentRunner$4.run(ParentRunner.java:331)
	at org.junit.runners.ParentRunner$1.schedule(ParentRunner.java:79)
	at org.junit.runners.ParentRunner.runChildren(ParentRunner.java:329)
	at org.junit.runners.ParentRunner.access$100(ParentRunner.java:66)
	at org.junit.runners.ParentRunner$2.evaluate(ParentRunner.java:293)
	at org.junit.runners.ParentRunner$3.evaluate(ParentRunner.java:306)
	at org.junit.runners.ParentRunner.run(ParentRunner.java:413)
	at org.apache.maven.surefire.junitcore.JUnitCore.run(JUnitCore.java:55)
	at org.apache.maven.surefire.junitcore.JUnitCoreWrapper.createRequestAndRun(JUnitCoreWrapper.java:137)
	at org.apache.maven.surefire.junitcore.JUnitCoreWrapper.executeEager(JUnitCoreWrapper.java:107)
	at org.apache.maven.surefire.junitcore.JUnitCoreWrapper.execute(JUnitCoreWrapper.java:83)
	at org.apache.maven.surefire.junitcore.JUnitCoreWrapper.execute(JUnitCoreWrapper.java:75)
	at org.apache.maven.surefire.junitcore.JUnitCoreProvider.invoke(JUnitCoreProvider.java:158)
	at org.apache.maven.surefire.booter.ForkedBooter.runSuitesInProcess(ForkedBooter.java:377)
	at org.apache.maven.surefire.booter.ForkedBooter.execute(ForkedBooter.java:138)
	at org.apache.maven.surefire.booter.ForkedBooter.run(ForkedBooter.java:465)
	at org.apache.maven.surefire.booter.ForkedBooter.main(ForkedBooter.java:451)
]]></failure>
    <system-err><![CDATA[2024-04-24T12:11:33,071  WARN [main] conf.HiveConf: HiveConf of name hive.llap.io.cache.orc.alloc.min does not exist
2024-04-24T12:11:33,071  WARN [main] conf.HiveConf: HiveConf of name hive.llap.io.cache.orc.alloc.max does not exist
2024-04-24T12:11:33,071  WARN [main] conf.HiveConf: HiveConf of name hive.stats.key.prefix.reserve.length does not exist
2024-04-24T12:11:33,071  WARN [main] conf.HiveConf: HiveConf of name hive.metastore.metadb.dir does not exist
2024-04-24T12:11:33,071  WARN [main] conf.HiveConf: HiveConf of name hive.metastore.client.cache.maxSize does not exist
2024-04-24T12:11:33,071  WARN [main] conf.HiveConf: HiveConf of name hive.metastore.client.cache.recordStats does not exist
2024-04-24T12:11:33,071  WARN [main] conf.HiveConf: HiveConf of name hive.dummyparam.test.server.specific.config.metastoresite does not exist
2024-04-24T12:11:33,072  WARN [main] conf.HiveConf: HiveConf of name hive.llap.io.cache.orc.size does not exist
2024-04-24T12:11:33,072  WARN [main] conf.HiveConf: HiveConf of name hive.dummyparam.test.server.specific.config.hivesite does not exist
2024-04-24T12:11:33,072  WARN [main] conf.HiveConf: HiveConf of name hive.dummyparam.test.server.specific.config.override does not exist
2024-04-24T12:11:33,072  WARN [main] conf.HiveConf: HiveConf of name hive.llap.io.cache.orc.arena.size does not exist
2024-04-24T12:11:33,072  INFO [main] common.HCatUtil: mapreduce.lib.hcatoutput.hive.conf not set. Generating configuration differences.
2024-04-24T12:11:33,073  INFO [main] common.HCatUtil: Configuration differences={datanucleus.schema.autoCreateAll=true, hive.exec.scratchdir=${test.tmp.dir}/scratchdir, hive.strict.timestamp.conversion=false, datanucleus.connectionPool.maxPoolSize=4, hive.ignore.mapjoin.hint=false, hive.query.reexecution.stats.persist.scope=query, hive.users.in.admin.role=hive_admin_user, hive.cbo.fallback.strategy=TEST, hive.metastore.warehouse.dir=${test.warehouse.dir}, hive.server2.operation.log.purgePolicy.timeToLive=5s, hive.llap.io.allocator.direct=false, hive.default.rcfile.serde=org.apache.hadoop.hive.serde2.columnar.ColumnarSerDe, javax.jdo.option.ConnectionURL=jdbc:derby:memory:${test.tmp.dir}/junit_metastore_db;create=true, hive.test.dummystats.aggregator=value2, hive.scheduled.queries.executor.enabled=false, hive.querylog.location=${test.tmp.dir}/tmp, hive.exec.local.scratchdir=${test.tmp.dir}/localscratchdir/, hive.jar.path=${maven.local.repository}/org/apache/hive/hive-exec/${hive.version}/hive-exec-${hive.version}.jar, hive.fetch.task.conversion=minimal, hive.security.authorization.manager=org.apache.hadoop.hive.ql.security.authorization.plugin.sqlstd.SQLStdHiveAuthorizerFactoryForTest, hive.mapjoin.max.gc.time.percentage=0.99, hive.in.test=true, hive.stats.fetch.bitvector=true, hive.query.results.cache.enabled=false, hive.metastore.client.cache.enabled=true, hive.auto.convert.join=false, hive.exec.submit.local.task.via.child=false, hive.metastore.schema.verification=false, hive.conf.restricted.list=from.hivemetastore-site.xml}
2024-04-24T12:11:33,074  INFO [TThreadPoolServer WorkerProcess-%d] HiveMetaStore.audit: ugi=alex	ip=127.0.0.1	cmd=source:127.0.0.1 get_databases: @hive#NonExistentDatabaseUsedForHealthCheck	
2024-04-24T12:11:33,075  INFO [TThreadPoolServer WorkerProcess-%d] HiveMetaStore.audit: ugi=alex	ip=127.0.0.1	cmd=source:127.0.0.1 get_database: myDb	
2024-04-24T12:11:33,076  INFO [TThreadPoolServer WorkerProcess-%d] HiveMetaStore.audit: ugi=alex	ip=127.0.0.1	cmd=source:127.0.0.1 get_tables_by_type: db=@hive#myDb pat=.*,type=MATERIALIZED_VIEW	
2024-04-24T12:11:33,076  INFO [TThreadPoolServer WorkerProcess-%d] HiveMetaStore.audit: ugi=alex	ip=127.0.0.1	cmd=source:127.0.0.1 getTablesByTypeCore: catName=hive: db=myDb pat=.*,type=MATERIALIZED_VIEW	
2024-04-24T12:11:33,077  INFO [TThreadPoolServer WorkerProcess-%d] HiveMetaStore.audit: ugi=alex	ip=127.0.0.1	cmd=source:127.0.0.1 get_all_tables: db=@hive#myDb	
2024-04-24T12:11:33,078  INFO [TThreadPoolServer WorkerProcess-%d] HiveMetaStore.audit: ugi=alex	ip=127.0.0.1	cmd=source:127.0.0.1 get_multi_table : db=myDb tbls=mytable	
2024-04-24T12:11:33,080  INFO [TThreadPoolServer WorkerProcess-%d] HiveMetaStore.audit: ugi=alex	ip=127.0.0.1	cmd=source:127.0.0.1 drop_database: @hive#myDb	
2024-04-24T12:11:33,080  INFO [TThreadPoolServer WorkerProcess-%d] HiveMetaStore.audit: ugi=alex	ip=127.0.0.1	cmd=source:127.0.0.1 get_all_tables: db=@hive#myDb	
2024-04-24T12:11:33,080  INFO [TThreadPoolServer WorkerProcess-%d] HiveMetaStore.audit: ugi=alex	ip=127.0.0.1	cmd=source:127.0.0.1 get_functions: db=@hive#myDb pat=*	
2024-04-24T12:11:33,081  INFO [TThreadPoolServer WorkerProcess-%d] HiveMetaStore.audit: ugi=alex	ip=127.0.0.1	cmd=source:127.0.0.1 get_all_stored_procedures	
2024-04-24T12:11:33,082  INFO [TThreadPoolServer WorkerProcess-%d] HiveMetaStore.audit: ugi=alex	ip=127.0.0.1	cmd=source:127.0.0.1 get_all_packages	
2024-04-24T12:11:33,083  INFO [TThreadPoolServer WorkerProcess-%d] HiveMetaStore.audit: ugi=alex	ip=127.0.0.1	cmd=source:127.0.0.1 getTablesByTypeCore: catName=hive: db=myDb pat=.*,type=MATERIALIZED_VIEW	
2024-04-24T12:11:33,084  INFO [TThreadPoolServer WorkerProcess-%d] metastore.ObjectStore: Dropping database hive.myDb along with all tables
2024-04-24T12:11:33,087 ERROR [TThreadPoolServer WorkerProcess-%d] metastore.RetryingHMSHandler: Retrying HMSHandler after 2000 ms (attempt 1 of 10) with error: javax.jdo.JDODataStoreException: Exception thrown flushing changes to datastore
	at org.datanucleus.api.jdo.NucleusJDOHelper.getJDOExceptionForNucleusException(NucleusJDOHelper.java:542)
	at org.datanucleus.api.jdo.JDOPersistenceManager.flush(JDOPersistenceManager.java:2081)
	at org.apache.hadoop.hive.metastore.ObjectStore.addNotificationEvent(ObjectStore.java:11639)
	at sun.reflect.GeneratedMethodAccessor68.invoke(Unknown Source)
	at sun.reflect.DelegatingMethodAccessorImpl.invoke(DelegatingMethodAccessorImpl.java:43)
	at java.lang.reflect.Method.invoke(Method.java:498)
	at org.apache.hadoop.hive.metastore.RawStoreProxy.invoke(RawStoreProxy.java:97)
	at com.sun.proxy.$Proxy32.addNotificationEvent(Unknown Source)
	at org.apache.hive.hcatalog.listener.DbNotificationListener.process(DbNotificationListener.java:1403)
	at org.apache.hive.hcatalog.listener.DbNotificationListener.onDropDatabase(DbNotificationListener.java:513)
	at org.apache.hadoop.hive.metastore.MetaStoreListenerNotifier$26.notify(MetaStoreListenerNotifier.java:99)
	at org.apache.hadoop.hive.metastore.MetaStoreListenerNotifier.notifyEvent(MetaStoreListenerNotifier.java:339)
	at org.apache.hadoop.hive.metastore.HMSHandler.drop_database_core(HMSHandler.java:1785)
	at org.apache.hadoop.hive.metastore.HMSHandler.drop_database(HMSHandler.java:1869)
	at sun.reflect.GeneratedMethodAccessor74.invoke(Unknown Source)
	at sun.reflect.DelegatingMethodAccessorImpl.invoke(DelegatingMethodAccessorImpl.java:43)
	at java.lang.reflect.Method.invoke(Method.java:498)
	at org.apache.hadoop.hive.metastore.RetryingHMSHandler.invokeInternal(RetryingHMSHandler.java:147)
	at org.apache.hadoop.hive.metastore.RetryingHMSHandler.invoke(RetryingHMSHandler.java:108)
	at com.sun.proxy.$Proxy34.drop_database(Unknown Source)
	at org.apache.hadoop.hive.metastore.api.ThriftHiveMetastore$Processor$drop_database.getResult(ThriftHiveMetastore.java:18285)
	at org.apache.hadoop.hive.metastore.api.ThriftHiveMetastore$Processor$drop_database.getResult(ThriftHiveMetastore.java:18264)
	at org.apache.thrift.ProcessFunction.process(ProcessFunction.java:38)
	at org.apache.hadoop.hive.metastore.TUGIBasedProcessor$1.run(TUGIBasedProcessor.java:111)
	at org.apache.hadoop.hive.metastore.TUGIBasedProcessor$1.run(TUGIBasedProcessor.java:107)
	at java.security.AccessController.doPrivileged(Native Method)
	at javax.security.auth.Subject.doAs(Subject.java:422)
	at org.apache.hadoop.security.UserGroupInformation.doAs(UserGroupInformation.java:1682)
	at org.apache.hadoop.hive.metastore.TUGIBasedProcessor.process(TUGIBasedProcessor.java:119)
	at org.apache.thrift.server.TThreadPoolServer$WorkerProcess.run(TThreadPoolServer.java:248)
	at java.util.concurrent.ThreadPoolExecutor.runWorker(ThreadPoolExecutor.java:1149)
	at java.util.concurrent.ThreadPoolExecutor$Worker.run(ThreadPoolExecutor.java:624)
	at java.lang.Thread.run(Thread.java:750)
NestedThrowablesStackTrace:
java.sql.BatchUpdateException: DELETE on table 'DBS' caused a violation of foreign key constraint 'TBLS_FK1' for key (22).  The statement has been rolled back.
	at org.apache.derby.impl.jdbc.EmbedStatement.executeLargeBatch(Unknown Source)
	at org.apache.derby.impl.jdbc.EmbedStatement.executeBatch(Unknown Source)
	at com.zaxxer.hikari.pool.ProxyStatement.executeBatch(ProxyStatement.java:128)
	at com.zaxxer.hikari.pool.HikariProxyPreparedStatement.executeBatch(HikariProxyPreparedStatement.java)
	at org.datanucleus.store.rdbms.ParamLoggingPreparedStatement.executeBatch(ParamLoggingPreparedStatement.java:366)
	at org.datanucleus.store.rdbms.SQLController.processConnectionStatement(SQLController.java:675)
	at org.datanucleus.store.rdbms.SQLController.processStatementsForConnection(SQLController.java:643)
	at org.datanucleus.store.rdbms.SQLController$1.transactionFlushed(SQLController.java:729)
	at org.datanucleus.store.connection.AbstractManagedConnection.transactionFlushed(AbstractManagedConnection.java:95)
	at org.datanucleus.store.connection.ConnectionManagerImpl$2.transactionFlushed(ConnectionManagerImpl.java:528)
	at org.datanucleus.TransactionImpl.flush(TransactionImpl.java:222)
	at org.datanucleus.ExecutionContextImpl.flushInternal(ExecutionContextImpl.java:4068)
	at org.datanucleus.ExecutionContextThreadedImpl.flushInternal(ExecutionContextThreadedImpl.java:448)
	at org.datanucleus.ExecutionContextImpl.flush(ExecutionContextImpl.java:4009)
	at org.datanucleus.ExecutionContextThreadedImpl.flush(ExecutionContextThreadedImpl.java:434)
	at org.datanucleus.api.jdo.JDOPersistenceManager.flush(JDOPersistenceManager.java:2064)
	at org.apache.hadoop.hive.metastore.ObjectStore.addNotificationEvent(ObjectStore.java:11639)
	at sun.reflect.GeneratedMethodAccessor68.invoke(Unknown Source)
	at sun.reflect.DelegatingMethodAccessorImpl.invoke(DelegatingMethodAccessorImpl.java:43)
	at java.lang.reflect.Method.invoke(Method.java:498)
	at org.apache.hadoop.hive.metastore.RawStoreProxy.invoke(RawStoreProxy.java:97)
	at com.sun.proxy.$Proxy32.addNotificationEvent(Unknown Source)
	at org.apache.hive.hcatalog.listener.DbNotificationListener.process(DbNotificationListener.java:1403)
	at org.apache.hive.hcatalog.listener.DbNotificationListener.onDropDatabase(DbNotificationListener.java:513)
	at org.apache.hadoop.hive.metastore.MetaStoreListenerNotifier$26.notify(MetaStoreListenerNotifier.java:99)
	at org.apache.hadoop.hive.metastore.MetaStoreListenerNotifier.notifyEvent(MetaStoreListenerNotifier.java:339)
	at org.apache.hadoop.hive.metastore.HMSHandler.drop_database_core(HMSHandler.java:1785)
	at org.apache.hadoop.hive.metastore.HMSHandler.drop_database(HMSHandler.java:1869)
	at sun.reflect.GeneratedMethodAccessor74.invoke(Unknown Source)
	at sun.reflect.DelegatingMethodAccessorImpl.invoke(DelegatingMethodAccessorImpl.java:43)
	at java.lang.reflect.Method.invoke(Method.java:498)
	at org.apache.hadoop.hive.metastore.RetryingHMSHandler.invokeInternal(RetryingHMSHandler.java:147)
	at org.apache.hadoop.hive.metastore.RetryingHMSHandler.invoke(RetryingHMSHandler.java:108)
	at com.sun.proxy.$Proxy34.drop_database(Unknown Source)
	at org.apache.hadoop.hive.metastore.api.ThriftHiveMetastore$Processor$drop_database.getResult(ThriftHiveMetastore.java:18285)
	at org.apache.hadoop.hive.metastore.api.ThriftHiveMetastore$Processor$drop_database.getResult(ThriftHiveMetastore.java:18264)
	at org.apache.thrift.ProcessFunction.process(ProcessFunction.java:38)
	at org.apache.hadoop.hive.metastore.TUGIBasedProcessor$1.run(TUGIBasedProcessor.java:111)
	at org.apache.hadoop.hive.metastore.TUGIBasedProcessor$1.run(TUGIBasedProcessor.java:107)
	at java.security.AccessController.doPrivileged(Native Method)
	at javax.security.auth.Subject.doAs(Subject.java:422)
	at org.apache.hadoop.security.UserGroupInformation.doAs(UserGroupInformation.java:1682)
	at org.apache.hadoop.hive.metastore.TUGIBasedProcessor.process(TUGIBasedProcessor.java:119)
	at org.apache.thrift.server.TThreadPoolServer$WorkerProcess.run(TThreadPoolServer.java:248)
	at java.util.concurrent.ThreadPoolExecutor.runWorker(ThreadPoolExecutor.java:1149)
	at java.util.concurrent.ThreadPoolExecutor$Worker.run(ThreadPoolExecutor.java:624)
	at java.lang.Thread.run(Thread.java:750)
Caused by: org.apache.derby.shared.common.error.DerbySQLIntegrityConstraintViolationException: DELETE on table 'DBS' caused a violation of foreign key constraint 'TBLS_FK1' for key (22).  The statement has been rolled back.
	at org.apache.derby.impl.jdbc.SQLExceptionFactory.getSQLException(Unknown Source)
	at org.apache.derby.impl.jdbc.Util.generateCsSQLException(Unknown Source)
	at org.apache.derby.impl.jdbc.TransactionResourceImpl.wrapInSQLException(Unknown Source)
	at org.apache.derby.impl.jdbc.TransactionResourceImpl.handleException(Unknown Source)
	at org.apache.derby.impl.jdbc.EmbedConnection.handleException(Unknown Source)
	at org.apache.derby.impl.jdbc.ConnectionChild.handleException(Unknown Source)
	at org.apache.derby.impl.jdbc.EmbedStatement.executeStatement(Unknown Source)
	at org.apache.derby.impl.jdbc.EmbedPreparedStatement.executeBatchElement(Unknown Source)
	... 47 more
Caused by: ERROR 23503: DELETE on table 'DBS' caused a violation of foreign key constraint 'TBLS_FK1' for key (22).  The statement has been rolled back.
	at org.apache.derby.iapi.error.StandardException.newException(Unknown Source)
	at org.apache.derby.iapi.error.StandardException.newException(Unknown Source)
	at org.apache.derby.impl.sql.execute.ReferencedKeyRIChecker.doCheck(Unknown Source)
	at org.apache.derby.impl.sql.execute.RISetChecker.doPKCheck(Unknown Source)
	at org.apache.derby.impl.sql.execute.DeleteResultSet.collectAffectedRows(Unknown Source)
	at org.apache.derby.impl.sql.execute.DeleteResultSet.open(Unknown Source)
	at org.apache.derby.impl.sql.GenericPreparedStatement.executeStmt(Unknown Source)
	at org.apache.derby.impl.sql.GenericPreparedStatement.execute(Unknown Source)
	... 49 more

2024-04-24T12:11:35,088  INFO [TThreadPoolServer WorkerProcess-%d] HiveMetaStore.audit: ugi=alex	ip=127.0.0.1	cmd=source:127.0.0.1 drop_database: @hive#myDb	
2024-04-24T12:11:35,090  INFO [TThreadPoolServer WorkerProcess-%d] HiveMetaStore.audit: ugi=alex	ip=127.0.0.1	cmd=source:127.0.0.1 get_all_tables: db=@hive#myDb	
2024-04-24T12:11:35,091  INFO [TThreadPoolServer WorkerProcess-%d] HiveMetaStore.audit: ugi=alex	ip=127.0.0.1	cmd=source:127.0.0.1 get_functions: db=@hive#myDb pat=*	
2024-04-24T12:11:35,093  INFO [TThreadPoolServer WorkerProcess-%d] HiveMetaStore.audit: ugi=alex	ip=127.0.0.1	cmd=source:127.0.0.1 get_all_stored_procedures	
2024-04-24T12:11:35,094  INFO [TThreadPoolServer WorkerProcess-%d] HiveMetaStore.audit: ugi=alex	ip=127.0.0.1	cmd=source:127.0.0.1 get_all_packages	
2024-04-24T12:11:35,095  INFO [TThreadPoolServer WorkerProcess-%d] HiveMetaStore.audit: ugi=alex	ip=127.0.0.1	cmd=source:127.0.0.1 getTablesByTypeCore: catName=hive: db=myDb pat=.*,type=MATERIALIZED_VIEW	
2024-04-24T12:11:35,096  INFO [TThreadPoolServer WorkerProcess-%d] metastore.ObjectStore: Dropping database hive.myDb along with all tables
2024-04-24T12:11:35,099 ERROR [TThreadPoolServer WorkerProcess-%d] metastore.RetryingHMSHandler: Retrying HMSHandler after 2000 ms (attempt 2 of 10) with error: javax.jdo.JDODataStoreException: Exception thrown flushing changes to datastore
	at org.datanucleus.api.jdo.NucleusJDOHelper.getJDOExceptionForNucleusException(NucleusJDOHelper.java:542)
	at org.datanucleus.api.jdo.JDOPersistenceManager.flush(JDOPersistenceManager.java:2081)
	at org.apache.hadoop.hive.metastore.ObjectStore.addNotificationEvent(ObjectStore.java:11639)
	at sun.reflect.GeneratedMethodAccessor68.invoke(Unknown Source)
	at sun.reflect.DelegatingMethodAccessorImpl.invoke(DelegatingMethodAccessorImpl.java:43)
	at java.lang.reflect.Method.invoke(Method.java:498)
	at org.apache.hadoop.hive.metastore.RawStoreProxy.invoke(RawStoreProxy.java:97)
	at com.sun.proxy.$Proxy32.addNotificationEvent(Unknown Source)
	at org.apache.hive.hcatalog.listener.DbNotificationListener.process(DbNotificationListener.java:1403)
	at org.apache.hive.hcatalog.listener.DbNotificationListener.onDropDatabase(DbNotificationListener.java:513)
	at org.apache.hadoop.hive.metastore.MetaStoreListenerNotifier$26.notify(MetaStoreListenerNotifier.java:99)
	at org.apache.hadoop.hive.metastore.MetaStoreListenerNotifier.notifyEvent(MetaStoreListenerNotifier.java:339)
	at org.apache.hadoop.hive.metastore.HMSHandler.drop_database_core(HMSHandler.java:1785)
	at org.apache.hadoop.hive.metastore.HMSHandler.drop_database(HMSHandler.java:1869)
	at sun.reflect.GeneratedMethodAccessor74.invoke(Unknown Source)
	at sun.reflect.DelegatingMethodAccessorImpl.invoke(DelegatingMethodAccessorImpl.java:43)
	at java.lang.reflect.Method.invoke(Method.java:498)
	at org.apache.hadoop.hive.metastore.RetryingHMSHandler.invokeInternal(RetryingHMSHandler.java:147)
	at org.apache.hadoop.hive.metastore.RetryingHMSHandler.invoke(RetryingHMSHandler.java:108)
	at com.sun.proxy.$Proxy34.drop_database(Unknown Source)
	at org.apache.hadoop.hive.metastore.api.ThriftHiveMetastore$Processor$drop_database.getResult(ThriftHiveMetastore.java:18285)
	at org.apache.hadoop.hive.metastore.api.ThriftHiveMetastore$Processor$drop_database.getResult(ThriftHiveMetastore.java:18264)
	at org.apache.thrift.ProcessFunction.process(ProcessFunction.java:38)
	at org.apache.hadoop.hive.metastore.TUGIBasedProcessor$1.run(TUGIBasedProcessor.java:111)
	at org.apache.hadoop.hive.metastore.TUGIBasedProcessor$1.run(TUGIBasedProcessor.java:107)
	at java.security.AccessController.doPrivileged(Native Method)
	at javax.security.auth.Subject.doAs(Subject.java:422)
	at org.apache.hadoop.security.UserGroupInformation.doAs(UserGroupInformation.java:1682)
	at org.apache.hadoop.hive.metastore.TUGIBasedProcessor.process(TUGIBasedProcessor.java:119)
	at org.apache.thrift.server.TThreadPoolServer$WorkerProcess.run(TThreadPoolServer.java:248)
	at java.util.concurrent.ThreadPoolExecutor.runWorker(ThreadPoolExecutor.java:1149)
	at java.util.concurrent.ThreadPoolExecutor$Worker.run(ThreadPoolExecutor.java:624)
	at java.lang.Thread.run(Thread.java:750)
NestedThrowablesStackTrace:
java.sql.BatchUpdateException: DELETE on table 'DBS' caused a violation of foreign key constraint 'TBLS_FK1' for key (22).  The statement has been rolled back.
	at org.apache.derby.impl.jdbc.EmbedStatement.executeLargeBatch(Unknown Source)
	at org.apache.derby.impl.jdbc.EmbedStatement.executeBatch(Unknown Source)
	at com.zaxxer.hikari.pool.ProxyStatement.executeBatch(ProxyStatement.java:128)
	at com.zaxxer.hikari.pool.HikariProxyPreparedStatement.executeBatch(HikariProxyPreparedStatement.java)
	at org.datanucleus.store.rdbms.ParamLoggingPreparedStatement.executeBatch(ParamLoggingPreparedStatement.java:366)
	at org.datanucleus.store.rdbms.SQLController.processConnectionStatement(SQLController.java:675)
	at org.datanucleus.store.rdbms.SQLController.processStatementsForConnection(SQLController.java:643)
	at org.datanucleus.store.rdbms.SQLController$1.transactionFlushed(SQLController.java:729)
	at org.datanucleus.store.connection.AbstractManagedConnection.transactionFlushed(AbstractManagedConnection.java:95)
	at org.datanucleus.store.connection.ConnectionManagerImpl$2.transactionFlushed(ConnectionManagerImpl.java:528)
	at org.datanucleus.TransactionImpl.flush(TransactionImpl.java:222)
	at org.datanucleus.ExecutionContextImpl.flushInternal(ExecutionContextImpl.java:4068)
	at org.datanucleus.ExecutionContextThreadedImpl.flushInternal(ExecutionContextThreadedImpl.java:448)
	at org.datanucleus.ExecutionContextImpl.flush(ExecutionContextImpl.java:4009)
	at org.datanucleus.ExecutionContextThreadedImpl.flush(ExecutionContextThreadedImpl.java:434)
	at org.datanucleus.api.jdo.JDOPersistenceManager.flush(JDOPersistenceManager.java:2064)
	at org.apache.hadoop.hive.metastore.ObjectStore.addNotificationEvent(ObjectStore.java:11639)
	at sun.reflect.GeneratedMethodAccessor68.invoke(Unknown Source)
	at sun.reflect.DelegatingMethodAccessorImpl.invoke(DelegatingMethodAccessorImpl.java:43)
	at java.lang.reflect.Method.invoke(Method.java:498)
	at org.apache.hadoop.hive.metastore.RawStoreProxy.invoke(RawStoreProxy.java:97)
	at com.sun.proxy.$Proxy32.addNotificationEvent(Unknown Source)
	at org.apache.hive.hcatalog.listener.DbNotificationListener.process(DbNotificationListener.java:1403)
	at org.apache.hive.hcatalog.listener.DbNotificationListener.onDropDatabase(DbNotificationListener.java:513)
	at org.apache.hadoop.hive.metastore.MetaStoreListenerNotifier$26.notify(MetaStoreListenerNotifier.java:99)
	at org.apache.hadoop.hive.metastore.MetaStoreListenerNotifier.notifyEvent(MetaStoreListenerNotifier.java:339)
	at org.apache.hadoop.hive.metastore.HMSHandler.drop_database_core(HMSHandler.java:1785)
	at org.apache.hadoop.hive.metastore.HMSHandler.drop_database(HMSHandler.java:1869)
	at sun.reflect.GeneratedMethodAccessor74.invoke(Unknown Source)
	at sun.reflect.DelegatingMethodAccessorImpl.invoke(DelegatingMethodAccessorImpl.java:43)
	at java.lang.reflect.Method.invoke(Method.java:498)
	at org.apache.hadoop.hive.metastore.RetryingHMSHandler.invokeInternal(RetryingHMSHandler.java:147)
	at org.apache.hadoop.hive.metastore.RetryingHMSHandler.invoke(RetryingHMSHandler.java:108)
	at com.sun.proxy.$Proxy34.drop_database(Unknown Source)
	at org.apache.hadoop.hive.metastore.api.ThriftHiveMetastore$Processor$drop_database.getResult(ThriftHiveMetastore.java:18285)
	at org.apache.hadoop.hive.metastore.api.ThriftHiveMetastore$Processor$drop_database.getResult(ThriftHiveMetastore.java:18264)
	at org.apache.thrift.ProcessFunction.process(ProcessFunction.java:38)
	at org.apache.hadoop.hive.metastore.TUGIBasedProcessor$1.run(TUGIBasedProcessor.java:111)
	at org.apache.hadoop.hive.metastore.TUGIBasedProcessor$1.run(TUGIBasedProcessor.java:107)
	at java.security.AccessController.doPrivileged(Native Method)
	at javax.security.auth.Subject.doAs(Subject.java:422)
	at org.apache.hadoop.security.UserGroupInformation.doAs(UserGroupInformation.java:1682)
	at org.apache.hadoop.hive.metastore.TUGIBasedProcessor.process(TUGIBasedProcessor.java:119)
	at org.apache.thrift.server.TThreadPoolServer$WorkerProcess.run(TThreadPoolServer.java:248)
	at java.util.concurrent.ThreadPoolExecutor.runWorker(ThreadPoolExecutor.java:1149)
	at java.util.concurrent.ThreadPoolExecutor$Worker.run(ThreadPoolExecutor.java:624)
	at java.lang.Thread.run(Thread.java:750)
Caused by: org.apache.derby.shared.common.error.DerbySQLIntegrityConstraintViolationException: DELETE on table 'DBS' caused a violation of foreign key constraint 'TBLS_FK1' for key (22).  The statement has been rolled back.
	at org.apache.derby.impl.jdbc.SQLExceptionFactory.getSQLException(Unknown Source)
	at org.apache.derby.impl.jdbc.Util.generateCsSQLException(Unknown Source)
	at org.apache.derby.impl.jdbc.TransactionResourceImpl.wrapInSQLException(Unknown Source)
	at org.apache.derby.impl.jdbc.TransactionResourceImpl.handleException(Unknown Source)
	at org.apache.derby.impl.jdbc.EmbedConnection.handleException(Unknown Source)
	at org.apache.derby.impl.jdbc.ConnectionChild.handleException(Unknown Source)
	at org.apache.derby.impl.jdbc.EmbedStatement.executeStatement(Unknown Source)
	at org.apache.derby.impl.jdbc.EmbedPreparedStatement.executeBatchElement(Unknown Source)
	... 47 more
Caused by: ERROR 23503: DELETE on table 'DBS' caused a violation of foreign key constraint 'TBLS_FK1' for key (22).  The statement has been rolled back.
	at org.apache.derby.iapi.error.StandardException.newException(Unknown Source)
	at org.apache.derby.iapi.error.StandardException.newException(Unknown Source)
	at org.apache.derby.impl.sql.execute.ReferencedKeyRIChecker.doCheck(Unknown Source)
	at org.apache.derby.impl.sql.execute.RISetChecker.doPKCheck(Unknown Source)
	at org.apache.derby.impl.sql.execute.DeleteResultSet.collectAffectedRows(Unknown Source)
	at org.apache.derby.impl.sql.execute.DeleteResultSet.open(Unknown Source)
	at org.apache.derby.impl.sql.GenericPreparedStatement.executeStmt(Unknown Source)
	at org.apache.derby.impl.sql.GenericPreparedStatement.execute(Unknown Source)
	... 49 more

2024-04-24T12:11:37,100  INFO [TThreadPoolServer WorkerProcess-%d] HiveMetaStore.audit: ugi=alex	ip=127.0.0.1	cmd=source:127.0.0.1 drop_database: @hive#myDb	
2024-04-24T12:11:37,102  INFO [TThreadPoolServer WorkerProcess-%d] HiveMetaStore.audit: ugi=alex	ip=127.0.0.1	cmd=source:127.0.0.1 get_all_tables: db=@hive#myDb	
2024-04-24T12:11:37,104  INFO [TThreadPoolServer WorkerProcess-%d] HiveMetaStore.audit: ugi=alex	ip=127.0.0.1	cmd=source:127.0.0.1 get_functions: db=@hive#myDb pat=*	
2024-04-24T12:11:37,105  INFO [TThreadPoolServer WorkerProcess-%d] HiveMetaStore.audit: ugi=alex	ip=127.0.0.1	cmd=source:127.0.0.1 get_all_stored_procedures	
2024-04-24T12:11:37,106  INFO [TThreadPoolServer WorkerProcess-%d] HiveMetaStore.audit: ugi=alex	ip=127.0.0.1	cmd=source:127.0.0.1 get_all_packages	
2024-04-24T12:11:37,106  INFO [TThreadPoolServer WorkerProcess-%d] HiveMetaStore.audit: ugi=alex	ip=127.0.0.1	cmd=source:127.0.0.1 getTablesByTypeCore: catName=hive: db=myDb pat=.*,type=MATERIALIZED_VIEW	
2024-04-24T12:11:37,108  INFO [TThreadPoolServer WorkerProcess-%d] metastore.ObjectStore: Dropping database hive.myDb along with all tables
2024-04-24T12:11:37,110 ERROR [TThreadPoolServer WorkerProcess-%d] metastore.RetryingHMSHandler: Retrying HMSHandler after 2000 ms (attempt 3 of 10) with error: javax.jdo.JDODataStoreException: Exception thrown flushing changes to datastore
	at org.datanucleus.api.jdo.NucleusJDOHelper.getJDOExceptionForNucleusException(NucleusJDOHelper.java:542)
	at org.datanucleus.api.jdo.JDOPersistenceManager.flush(JDOPersistenceManager.java:2081)
	at org.apache.hadoop.hive.metastore.ObjectStore.addNotificationEvent(ObjectStore.java:11639)
	at sun.reflect.GeneratedMethodAccessor68.invoke(Unknown Source)
	at sun.reflect.DelegatingMethodAccessorImpl.invoke(DelegatingMethodAccessorImpl.java:43)
	at java.lang.reflect.Method.invoke(Method.java:498)
	at org.apache.hadoop.hive.metastore.RawStoreProxy.invoke(RawStoreProxy.java:97)
	at com.sun.proxy.$Proxy32.addNotificationEvent(Unknown Source)
	at org.apache.hive.hcatalog.listener.DbNotificationListener.process(DbNotificationListener.java:1403)
	at org.apache.hive.hcatalog.listener.DbNotificationListener.onDropDatabase(DbNotificationListener.java:513)
	at org.apache.hadoop.hive.metastore.MetaStoreListenerNotifier$26.notify(MetaStoreListenerNotifier.java:99)
	at org.apache.hadoop.hive.metastore.MetaStoreListenerNotifier.notifyEvent(MetaStoreListenerNotifier.java:339)
	at org.apache.hadoop.hive.metastore.HMSHandler.drop_database_core(HMSHandler.java:1785)
	at org.apache.hadoop.hive.metastore.HMSHandler.drop_database(HMSHandler.java:1869)
	at sun.reflect.GeneratedMethodAccessor74.invoke(Unknown Source)
	at sun.reflect.DelegatingMethodAccessorImpl.invoke(DelegatingMethodAccessorImpl.java:43)
	at java.lang.reflect.Method.invoke(Method.java:498)
	at org.apache.hadoop.hive.metastore.RetryingHMSHandler.invokeInternal(RetryingHMSHandler.java:147)
	at org.apache.hadoop.hive.metastore.RetryingHMSHandler.invoke(RetryingHMSHandler.java:108)
	at com.sun.proxy.$Proxy34.drop_database(Unknown Source)
	at org.apache.hadoop.hive.metastore.api.ThriftHiveMetastore$Processor$drop_database.getResult(ThriftHiveMetastore.java:18285)
	at org.apache.hadoop.hive.metastore.api.ThriftHiveMetastore$Processor$drop_database.getResult(ThriftHiveMetastore.java:18264)
	at org.apache.thrift.ProcessFunction.process(ProcessFunction.java:38)
	at org.apache.hadoop.hive.metastore.TUGIBasedProcessor$1.run(TUGIBasedProcessor.java:111)
	at org.apache.hadoop.hive.metastore.TUGIBasedProcessor$1.run(TUGIBasedProcessor.java:107)
	at java.security.AccessController.doPrivileged(Native Method)
	at javax.security.auth.Subject.doAs(Subject.java:422)
	at org.apache.hadoop.security.UserGroupInformation.doAs(UserGroupInformation.java:1682)
	at org.apache.hadoop.hive.metastore.TUGIBasedProcessor.process(TUGIBasedProcessor.java:119)
	at org.apache.thrift.server.TThreadPoolServer$WorkerProcess.run(TThreadPoolServer.java:248)
	at java.util.concurrent.ThreadPoolExecutor.runWorker(ThreadPoolExecutor.java:1149)
	at java.util.concurrent.ThreadPoolExecutor$Worker.run(ThreadPoolExecutor.java:624)
	at java.lang.Thread.run(Thread.java:750)
NestedThrowablesStackTrace:
java.sql.BatchUpdateException: DELETE on table 'DBS' caused a violation of foreign key constraint 'TBLS_FK1' for key (22).  The statement has been rolled back.
	at org.apache.derby.impl.jdbc.EmbedStatement.executeLargeBatch(Unknown Source)
	at org.apache.derby.impl.jdbc.EmbedStatement.executeBatch(Unknown Source)
	at com.zaxxer.hikari.pool.ProxyStatement.executeBatch(ProxyStatement.java:128)
	at com.zaxxer.hikari.pool.HikariProxyPreparedStatement.executeBatch(HikariProxyPreparedStatement.java)
	at org.datanucleus.store.rdbms.ParamLoggingPreparedStatement.executeBatch(ParamLoggingPreparedStatement.java:366)
	at org.datanucleus.store.rdbms.SQLController.processConnectionStatement(SQLController.java:675)
	at org.datanucleus.store.rdbms.SQLController.processStatementsForConnection(SQLController.java:643)
	at org.datanucleus.store.rdbms.SQLController$1.transactionFlushed(SQLController.java:729)
	at org.datanucleus.store.connection.AbstractManagedConnection.transactionFlushed(AbstractManagedConnection.java:95)
	at org.datanucleus.store.connection.ConnectionManagerImpl$2.transactionFlushed(ConnectionManagerImpl.java:528)
	at org.datanucleus.TransactionImpl.flush(TransactionImpl.java:222)
	at org.datanucleus.ExecutionContextImpl.flushInternal(ExecutionContextImpl.java:4068)
	at org.datanucleus.ExecutionContextThreadedImpl.flushInternal(ExecutionContextThreadedImpl.java:448)
	at org.datanucleus.ExecutionContextImpl.flush(ExecutionContextImpl.java:4009)
	at org.datanucleus.ExecutionContextThreadedImpl.flush(ExecutionContextThreadedImpl.java:434)
	at org.datanucleus.api.jdo.JDOPersistenceManager.flush(JDOPersistenceManager.java:2064)
	at org.apache.hadoop.hive.metastore.ObjectStore.addNotificationEvent(ObjectStore.java:11639)
	at sun.reflect.GeneratedMethodAccessor68.invoke(Unknown Source)
	at sun.reflect.DelegatingMethodAccessorImpl.invoke(DelegatingMethodAccessorImpl.java:43)
	at java.lang.reflect.Method.invoke(Method.java:498)
	at org.apache.hadoop.hive.metastore.RawStoreProxy.invoke(RawStoreProxy.java:97)
	at com.sun.proxy.$Proxy32.addNotificationEvent(Unknown Source)
	at org.apache.hive.hcatalog.listener.DbNotificationListener.process(DbNotificationListener.java:1403)
	at org.apache.hive.hcatalog.listener.DbNotificationListener.onDropDatabase(DbNotificationListener.java:513)
	at org.apache.hadoop.hive.metastore.MetaStoreListenerNotifier$26.notify(MetaStoreListenerNotifier.java:99)
	at org.apache.hadoop.hive.metastore.MetaStoreListenerNotifier.notifyEvent(MetaStoreListenerNotifier.java:339)
	at org.apache.hadoop.hive.metastore.HMSHandler.drop_database_core(HMSHandler.java:1785)
	at org.apache.hadoop.hive.metastore.HMSHandler.drop_database(HMSHandler.java:1869)
	at sun.reflect.GeneratedMethodAccessor74.invoke(Unknown Source)
	at sun.reflect.DelegatingMethodAccessorImpl.invoke(DelegatingMethodAccessorImpl.java:43)
	at java.lang.reflect.Method.invoke(Method.java:498)
	at org.apache.hadoop.hive.metastore.RetryingHMSHandler.invokeInternal(RetryingHMSHandler.java:147)
	at org.apache.hadoop.hive.metastore.RetryingHMSHandler.invoke(RetryingHMSHandler.java:108)
	at com.sun.proxy.$Proxy34.drop_database(Unknown Source)
	at org.apache.hadoop.hive.metastore.api.ThriftHiveMetastore$Processor$drop_database.getResult(ThriftHiveMetastore.java:18285)
	at org.apache.hadoop.hive.metastore.api.ThriftHiveMetastore$Processor$drop_database.getResult(ThriftHiveMetastore.java:18264)
	at org.apache.thrift.ProcessFunction.process(ProcessFunction.java:38)
	at org.apache.hadoop.hive.metastore.TUGIBasedProcessor$1.run(TUGIBasedProcessor.java:111)
	at org.apache.hadoop.hive.metastore.TUGIBasedProcessor$1.run(TUGIBasedProcessor.java:107)
	at java.security.AccessController.doPrivileged(Native Method)
	at javax.security.auth.Subject.doAs(Subject.java:422)
	at org.apache.hadoop.security.UserGroupInformation.doAs(UserGroupInformation.java:1682)
	at org.apache.hadoop.hive.metastore.TUGIBasedProcessor.process(TUGIBasedProcessor.java:119)
	at org.apache.thrift.server.TThreadPoolServer$WorkerProcess.run(TThreadPoolServer.java:248)
	at java.util.concurrent.ThreadPoolExecutor.runWorker(ThreadPoolExecutor.java:1149)
	at java.util.concurrent.ThreadPoolExecutor$Worker.run(ThreadPoolExecutor.java:624)
	at java.lang.Thread.run(Thread.java:750)
Caused by: org.apache.derby.shared.common.error.DerbySQLIntegrityConstraintViolationException: DELETE on table 'DBS' caused a violation of foreign key constraint 'TBLS_FK1' for key (22).  The statement has been rolled back.
	at org.apache.derby.impl.jdbc.SQLExceptionFactory.getSQLException(Unknown Source)
	at org.apache.derby.impl.jdbc.Util.generateCsSQLException(Unknown Source)
	at org.apache.derby.impl.jdbc.TransactionResourceImpl.wrapInSQLException(Unknown Source)
	at org.apache.derby.impl.jdbc.TransactionResourceImpl.handleException(Unknown Source)
	at org.apache.derby.impl.jdbc.EmbedConnection.handleException(Unknown Source)
	at org.apache.derby.impl.jdbc.ConnectionChild.handleException(Unknown Source)
	at org.apache.derby.impl.jdbc.EmbedStatement.executeStatement(Unknown Source)
	at org.apache.derby.impl.jdbc.EmbedPreparedStatement.executeBatchElement(Unknown Source)
	... 47 more
Caused by: ERROR 23503: DELETE on table 'DBS' caused a violation of foreign key constraint 'TBLS_FK1' for key (22).  The statement has been rolled back.
	at org.apache.derby.iapi.error.StandardException.newException(Unknown Source)
	at org.apache.derby.iapi.error.StandardException.newException(Unknown Source)
	at org.apache.derby.impl.sql.execute.ReferencedKeyRIChecker.doCheck(Unknown Source)
	at org.apache.derby.impl.sql.execute.RISetChecker.doPKCheck(Unknown Source)
	at org.apache.derby.impl.sql.execute.DeleteResultSet.collectAffectedRows(Unknown Source)
	at org.apache.derby.impl.sql.execute.DeleteResultSet.open(Unknown Source)
	at org.apache.derby.impl.sql.GenericPreparedStatement.executeStmt(Unknown Source)
	at org.apache.derby.impl.sql.GenericPreparedStatement.execute(Unknown Source)
	... 49 more

2024-04-24T12:11:38,594  INFO [HiveClientCache-cleaner-0] metastore.HiveMetaStoreClient: Closed a connection to metastore, current connections: 7
2024-04-24T12:11:38,594  INFO [TThreadPoolServer WorkerProcess-%d] HiveMetaStore.audit: ugi=alex	ip=127.0.0.1	cmd=Cleaning up thread local RawStore...	
2024-04-24T12:11:38,594  INFO [TThreadPoolServer WorkerProcess-%d] metastore.ObjectStore: RawStore: org.apache.hadoop.hive.metastore.ObjectStore@33e5c388, with PersistenceManager: org.datanucleus.api.jdo.JDOPersistenceManager@36bd308c will be shutdown
2024-04-24T12:11:38,595  INFO [TThreadPoolServer WorkerProcess-%d] HiveMetaStore.audit: ugi=alex	ip=127.0.0.1	cmd=Done cleaning up thread local RawStore	
2024-04-24T12:11:38,595  INFO [TThreadPoolServer WorkerProcess-%d] HiveMetaStore.audit: ugi=alex	ip=127.0.0.1	cmd=Done cleaning up thread local RawStore	
2024-04-24T12:11:39,111  INFO [TThreadPoolServer WorkerProcess-%d] HiveMetaStore.audit: ugi=alex	ip=127.0.0.1	cmd=source:127.0.0.1 drop_database: @hive#myDb	
2024-04-24T12:11:39,113  INFO [TThreadPoolServer WorkerProcess-%d] HiveMetaStore.audit: ugi=alex	ip=127.0.0.1	cmd=source:127.0.0.1 get_all_tables: db=@hive#myDb	
2024-04-24T12:11:39,115  INFO [TThreadPoolServer WorkerProcess-%d] HiveMetaStore.audit: ugi=alex	ip=127.0.0.1	cmd=source:127.0.0.1 get_functions: db=@hive#myDb pat=*	
2024-04-24T12:11:39,118  INFO [TThreadPoolServer WorkerProcess-%d] HiveMetaStore.audit: ugi=alex	ip=127.0.0.1	cmd=source:127.0.0.1 get_all_stored_procedures	
2024-04-24T12:11:39,120  INFO [TThreadPoolServer WorkerProcess-%d] HiveMetaStore.audit: ugi=alex	ip=127.0.0.1	cmd=source:127.0.0.1 get_all_packages	
2024-04-24T12:11:39,123  INFO [TThreadPoolServer WorkerProcess-%d] HiveMetaStore.audit: ugi=alex	ip=127.0.0.1	cmd=source:127.0.0.1 getTablesByTypeCore: catName=hive: db=myDb pat=.*,type=MATERIALIZED_VIEW	
2024-04-24T12:11:39,129  INFO [TThreadPoolServer WorkerProcess-%d] metastore.ObjectStore: Dropping database hive.myDb along with all tables
2024-04-24T12:11:39,138 ERROR [TThreadPoolServer WorkerProcess-%d] metastore.RetryingHMSHandler: Retrying HMSHandler after 2000 ms (attempt 4 of 10) with error: javax.jdo.JDODataStoreException: Exception thrown flushing changes to datastore
	at org.datanucleus.api.jdo.NucleusJDOHelper.getJDOExceptionForNucleusException(NucleusJDOHelper.java:542)
	at org.datanucleus.api.jdo.JDOPersistenceManager.flush(JDOPersistenceManager.java:2081)
	at org.apache.hadoop.hive.metastore.ObjectStore.addNotificationEvent(ObjectStore.java:11639)
	at sun.reflect.GeneratedMethodAccessor68.invoke(Unknown Source)
	at sun.reflect.DelegatingMethodAccessorImpl.invoke(DelegatingMethodAccessorImpl.java:43)
	at java.lang.reflect.Method.invoke(Method.java:498)
	at org.apache.hadoop.hive.metastore.RawStoreProxy.invoke(RawStoreProxy.java:97)
	at com.sun.proxy.$Proxy32.addNotificationEvent(Unknown Source)
	at org.apache.hive.hcatalog.listener.DbNotificationListener.process(DbNotificationListener.java:1403)
	at org.apache.hive.hcatalog.listener.DbNotificationListener.onDropDatabase(DbNotificationListener.java:513)
	at org.apache.hadoop.hive.metastore.MetaStoreListenerNotifier$26.notify(MetaStoreListenerNotifier.java:99)
	at org.apache.hadoop.hive.metastore.MetaStoreListenerNotifier.notifyEvent(MetaStoreListenerNotifier.java:339)
	at org.apache.hadoop.hive.metastore.HMSHandler.drop_database_core(HMSHandler.java:1785)
	at org.apache.hadoop.hive.metastore.HMSHandler.drop_database(HMSHandler.java:1869)
	at sun.reflect.GeneratedMethodAccessor74.invoke(Unknown Source)
	at sun.reflect.DelegatingMethodAccessorImpl.invoke(DelegatingMethodAccessorImpl.java:43)
	at java.lang.reflect.Method.invoke(Method.java:498)
	at org.apache.hadoop.hive.metastore.RetryingHMSHandler.invokeInternal(RetryingHMSHandler.java:147)
	at org.apache.hadoop.hive.metastore.RetryingHMSHandler.invoke(RetryingHMSHandler.java:108)
	at com.sun.proxy.$Proxy34.drop_database(Unknown Source)
	at org.apache.hadoop.hive.metastore.api.ThriftHiveMetastore$Processor$drop_database.getResult(ThriftHiveMetastore.java:18285)
	at org.apache.hadoop.hive.metastore.api.ThriftHiveMetastore$Processor$drop_database.getResult(ThriftHiveMetastore.java:18264)
	at org.apache.thrift.ProcessFunction.process(ProcessFunction.java:38)
	at org.apache.hadoop.hive.metastore.TUGIBasedProcessor$1.run(TUGIBasedProcessor.java:111)
	at org.apache.hadoop.hive.metastore.TUGIBasedProcessor$1.run(TUGIBasedProcessor.java:107)
	at java.security.AccessController.doPrivileged(Native Method)
	at javax.security.auth.Subject.doAs(Subject.java:422)
	at org.apache.hadoop.security.UserGroupInformation.doAs(UserGroupInformation.java:1682)
	at org.apache.hadoop.hive.metastore.TUGIBasedProcessor.process(TUGIBasedProcessor.java:119)
	at org.apache.thrift.server.TThreadPoolServer$WorkerProcess.run(TThreadPoolServer.java:248)
	at java.util.concurrent.ThreadPoolExecutor.runWorker(ThreadPoolExecutor.java:1149)
	at java.util.concurrent.ThreadPoolExecutor$Worker.run(ThreadPoolExecutor.java:624)
	at java.lang.Thread.run(Thread.java:750)
NestedThrowablesStackTrace:
java.sql.BatchUpdateException: DELETE on table 'DBS' caused a violation of foreign key constraint 'TBLS_FK1' for key (22).  The statement has been rolled back.
	at org.apache.derby.impl.jdbc.EmbedStatement.executeLargeBatch(Unknown Source)
	at org.apache.derby.impl.jdbc.EmbedStatement.executeBatch(Unknown Source)
	at com.zaxxer.hikari.pool.ProxyStatement.executeBatch(ProxyStatement.java:128)
	at com.zaxxer.hikari.pool.HikariProxyPreparedStatement.executeBatch(HikariProxyPreparedStatement.java)
	at org.datanucleus.store.rdbms.ParamLoggingPreparedStatement.executeBatch(ParamLoggingPreparedStatement.java:366)
	at org.datanucleus.store.rdbms.SQLController.processConnectionStatement(SQLController.java:675)
	at org.datanucleus.store.rdbms.SQLController.processStatementsForConnection(SQLController.java:643)
	at org.datanucleus.store.rdbms.SQLController$1.transactionFlushed(SQLController.java:729)
	at org.datanucleus.store.connection.AbstractManagedConnection.transactionFlushed(AbstractManagedConnection.java:95)
	at org.datanucleus.store.connection.ConnectionManagerImpl$2.transactionFlushed(ConnectionManagerImpl.java:528)
	at org.datanucleus.TransactionImpl.flush(TransactionImpl.java:222)
	at org.datanucleus.ExecutionContextImpl.flushInternal(ExecutionContextImpl.java:4068)
	at org.datanucleus.ExecutionContextThreadedImpl.flushInternal(ExecutionContextThreadedImpl.java:448)
	at org.datanucleus.ExecutionContextImpl.flush(ExecutionContextImpl.java:4009)
	at org.datanucleus.ExecutionContextThreadedImpl.flush(ExecutionContextThreadedImpl.java:434)
	at org.datanucleus.api.jdo.JDOPersistenceManager.flush(JDOPersistenceManager.java:2064)
	at org.apache.hadoop.hive.metastore.ObjectStore.addNotificationEvent(ObjectStore.java:11639)
	at sun.reflect.GeneratedMethodAccessor68.invoke(Unknown Source)
	at sun.reflect.DelegatingMethodAccessorImpl.invoke(DelegatingMethodAccessorImpl.java:43)
	at java.lang.reflect.Method.invoke(Method.java:498)
	at org.apache.hadoop.hive.metastore.RawStoreProxy.invoke(RawStoreProxy.java:97)
	at com.sun.proxy.$Proxy32.addNotificationEvent(Unknown Source)
	at org.apache.hive.hcatalog.listener.DbNotificationListener.process(DbNotificationListener.java:1403)
	at org.apache.hive.hcatalog.listener.DbNotificationListener.onDropDatabase(DbNotificationListener.java:513)
	at org.apache.hadoop.hive.metastore.MetaStoreListenerNotifier$26.notify(MetaStoreListenerNotifier.java:99)
	at org.apache.hadoop.hive.metastore.MetaStoreListenerNotifier.notifyEvent(MetaStoreListenerNotifier.java:339)
	at org.apache.hadoop.hive.metastore.HMSHandler.drop_database_core(HMSHandler.java:1785)
	at org.apache.hadoop.hive.metastore.HMSHandler.drop_database(HMSHandler.java:1869)
	at sun.reflect.GeneratedMethodAccessor74.invoke(Unknown Source)
	at sun.reflect.DelegatingMethodAccessorImpl.invoke(DelegatingMethodAccessorImpl.java:43)
	at java.lang.reflect.Method.invoke(Method.java:498)
	at org.apache.hadoop.hive.metastore.RetryingHMSHandler.invokeInternal(RetryingHMSHandler.java:147)
	at org.apache.hadoop.hive.metastore.RetryingHMSHandler.invoke(RetryingHMSHandler.java:108)
	at com.sun.proxy.$Proxy34.drop_database(Unknown Source)
	at org.apache.hadoop.hive.metastore.api.ThriftHiveMetastore$Processor$drop_database.getResult(ThriftHiveMetastore.java:18285)
	at org.apache.hadoop.hive.metastore.api.ThriftHiveMetastore$Processor$drop_database.getResult(ThriftHiveMetastore.java:18264)
	at org.apache.thrift.ProcessFunction.process(ProcessFunction.java:38)
	at org.apache.hadoop.hive.metastore.TUGIBasedProcessor$1.run(TUGIBasedProcessor.java:111)
	at org.apache.hadoop.hive.metastore.TUGIBasedProcessor$1.run(TUGIBasedProcessor.java:107)
	at java.security.AccessController.doPrivileged(Native Method)
	at javax.security.auth.Subject.doAs(Subject.java:422)
	at org.apache.hadoop.security.UserGroupInformation.doAs(UserGroupInformation.java:1682)
	at org.apache.hadoop.hive.metastore.TUGIBasedProcessor.process(TUGIBasedProcessor.java:119)
	at org.apache.thrift.server.TThreadPoolServer$WorkerProcess.run(TThreadPoolServer.java:248)
	at java.util.concurrent.ThreadPoolExecutor.runWorker(ThreadPoolExecutor.java:1149)
	at java.util.concurrent.ThreadPoolExecutor$Worker.run(ThreadPoolExecutor.java:624)
	at java.lang.Thread.run(Thread.java:750)
Caused by: org.apache.derby.shared.common.error.DerbySQLIntegrityConstraintViolationException: DELETE on table 'DBS' caused a violation of foreign key constraint 'TBLS_FK1' for key (22).  The statement has been rolled back.
	at org.apache.derby.impl.jdbc.SQLExceptionFactory.getSQLException(Unknown Source)
	at org.apache.derby.impl.jdbc.Util.generateCsSQLException(Unknown Source)
	at org.apache.derby.impl.jdbc.TransactionResourceImpl.wrapInSQLException(Unknown Source)
	at org.apache.derby.impl.jdbc.TransactionResourceImpl.handleException(Unknown Source)
	at org.apache.derby.impl.jdbc.EmbedConnection.handleException(Unknown Source)
	at org.apache.derby.impl.jdbc.ConnectionChild.handleException(Unknown Source)
	at org.apache.derby.impl.jdbc.EmbedStatement.executeStatement(Unknown Source)
	at org.apache.derby.impl.jdbc.EmbedPreparedStatement.executeBatchElement(Unknown Source)
	... 47 more
Caused by: ERROR 23503: DELETE on table 'DBS' caused a violation of foreign key constraint 'TBLS_FK1' for key (22).  The statement has been rolled back.
	at org.apache.derby.iapi.error.StandardException.newException(Unknown Source)
	at org.apache.derby.iapi.error.StandardException.newException(Unknown Source)
	at org.apache.derby.impl.sql.execute.ReferencedKeyRIChecker.doCheck(Unknown Source)
	at org.apache.derby.impl.sql.execute.RISetChecker.doPKCheck(Unknown Source)
	at org.apache.derby.impl.sql.execute.DeleteResultSet.collectAffectedRows(Unknown Source)
	at org.apache.derby.impl.sql.execute.DeleteResultSet.open(Unknown Source)
	at org.apache.derby.impl.sql.GenericPreparedStatement.executeStmt(Unknown Source)
	at org.apache.derby.impl.sql.GenericPreparedStatement.execute(Unknown Source)
	... 49 more

2024-04-24T12:11:41,139  INFO [TThreadPoolServer WorkerProcess-%d] HiveMetaStore.audit: ugi=alex	ip=127.0.0.1	cmd=source:127.0.0.1 drop_database: @hive#myDb	
2024-04-24T12:11:41,141  INFO [TThreadPoolServer WorkerProcess-%d] HiveMetaStore.audit: ugi=alex	ip=127.0.0.1	cmd=source:127.0.0.1 get_all_tables: db=@hive#myDb	
2024-04-24T12:11:41,143  INFO [TThreadPoolServer WorkerProcess-%d] HiveMetaStore.audit: ugi=alex	ip=127.0.0.1	cmd=source:127.0.0.1 get_functions: db=@hive#myDb pat=*	
2024-04-24T12:11:41,144  INFO [TThreadPoolServer WorkerProcess-%d] HiveMetaStore.audit: ugi=alex	ip=127.0.0.1	cmd=source:127.0.0.1 get_all_stored_procedures	
2024-04-24T12:11:41,144  INFO [TThreadPoolServer WorkerProcess-%d] HiveMetaStore.audit: ugi=alex	ip=127.0.0.1	cmd=source:127.0.0.1 get_all_packages	
2024-04-24T12:11:41,145  INFO [TThreadPoolServer WorkerProcess-%d] HiveMetaStore.audit: ugi=alex	ip=127.0.0.1	cmd=source:127.0.0.1 getTablesByTypeCore: catName=hive: db=myDb pat=.*,type=MATERIALIZED_VIEW	
2024-04-24T12:11:41,146  INFO [TThreadPoolServer WorkerProcess-%d] metastore.ObjectStore: Dropping database hive.myDb along with all tables
2024-04-24T12:11:41,149 ERROR [TThreadPoolServer WorkerProcess-%d] metastore.RetryingHMSHandler: Retrying HMSHandler after 2000 ms (attempt 5 of 10) with error: javax.jdo.JDODataStoreException: Exception thrown flushing changes to datastore
	at org.datanucleus.api.jdo.NucleusJDOHelper.getJDOExceptionForNucleusException(NucleusJDOHelper.java:542)
	at org.datanucleus.api.jdo.JDOPersistenceManager.flush(JDOPersistenceManager.java:2081)
	at org.apache.hadoop.hive.metastore.ObjectStore.addNotificationEvent(ObjectStore.java:11639)
	at sun.reflect.GeneratedMethodAccessor68.invoke(Unknown Source)
	at sun.reflect.DelegatingMethodAccessorImpl.invoke(DelegatingMethodAccessorImpl.java:43)
	at java.lang.reflect.Method.invoke(Method.java:498)
	at org.apache.hadoop.hive.metastore.RawStoreProxy.invoke(RawStoreProxy.java:97)
	at com.sun.proxy.$Proxy32.addNotificationEvent(Unknown Source)
	at org.apache.hive.hcatalog.listener.DbNotificationListener.process(DbNotificationListener.java:1403)
	at org.apache.hive.hcatalog.listener.DbNotificationListener.onDropDatabase(DbNotificationListener.java:513)
	at org.apache.hadoop.hive.metastore.MetaStoreListenerNotifier$26.notify(MetaStoreListenerNotifier.java:99)
	at org.apache.hadoop.hive.metastore.MetaStoreListenerNotifier.notifyEvent(MetaStoreListenerNotifier.java:339)
	at org.apache.hadoop.hive.metastore.HMSHandler.drop_database_core(HMSHandler.java:1785)
	at org.apache.hadoop.hive.metastore.HMSHandler.drop_database(HMSHandler.java:1869)
	at sun.reflect.GeneratedMethodAccessor74.invoke(Unknown Source)
	at sun.reflect.DelegatingMethodAccessorImpl.invoke(DelegatingMethodAccessorImpl.java:43)
	at java.lang.reflect.Method.invoke(Method.java:498)
	at org.apache.hadoop.hive.metastore.RetryingHMSHandler.invokeInternal(RetryingHMSHandler.java:147)
	at org.apache.hadoop.hive.metastore.RetryingHMSHandler.invoke(RetryingHMSHandler.java:108)
	at com.sun.proxy.$Proxy34.drop_database(Unknown Source)
	at org.apache.hadoop.hive.metastore.api.ThriftHiveMetastore$Processor$drop_database.getResult(ThriftHiveMetastore.java:18285)
	at org.apache.hadoop.hive.metastore.api.ThriftHiveMetastore$Processor$drop_database.getResult(ThriftHiveMetastore.java:18264)
	at org.apache.thrift.ProcessFunction.process(ProcessFunction.java:38)
	at org.apache.hadoop.hive.metastore.TUGIBasedProcessor$1.run(TUGIBasedProcessor.java:111)
	at org.apache.hadoop.hive.metastore.TUGIBasedProcessor$1.run(TUGIBasedProcessor.java:107)
	at java.security.AccessController.doPrivileged(Native Method)
	at javax.security.auth.Subject.doAs(Subject.java:422)
	at org.apache.hadoop.security.UserGroupInformation.doAs(UserGroupInformation.java:1682)
	at org.apache.hadoop.hive.metastore.TUGIBasedProcessor.process(TUGIBasedProcessor.java:119)
	at org.apache.thrift.server.TThreadPoolServer$WorkerProcess.run(TThreadPoolServer.java:248)
	at java.util.concurrent.ThreadPoolExecutor.runWorker(ThreadPoolExecutor.java:1149)
	at java.util.concurrent.ThreadPoolExecutor$Worker.run(ThreadPoolExecutor.java:624)
	at java.lang.Thread.run(Thread.java:750)
NestedThrowablesStackTrace:
java.sql.BatchUpdateException: DELETE on table 'DBS' caused a violation of foreign key constraint 'TBLS_FK1' for key (22).  The statement has been rolled back.
	at org.apache.derby.impl.jdbc.EmbedStatement.executeLargeBatch(Unknown Source)
	at org.apache.derby.impl.jdbc.EmbedStatement.executeBatch(Unknown Source)
	at com.zaxxer.hikari.pool.ProxyStatement.executeBatch(ProxyStatement.java:128)
	at com.zaxxer.hikari.pool.HikariProxyPreparedStatement.executeBatch(HikariProxyPreparedStatement.java)
	at org.datanucleus.store.rdbms.ParamLoggingPreparedStatement.executeBatch(ParamLoggingPreparedStatement.java:366)
	at org.datanucleus.store.rdbms.SQLController.processConnectionStatement(SQLController.java:675)
	at org.datanucleus.store.rdbms.SQLController.processStatementsForConnection(SQLController.java:643)
	at org.datanucleus.store.rdbms.SQLController$1.transactionFlushed(SQLController.java:729)
	at org.datanucleus.store.connection.AbstractManagedConnection.transactionFlushed(AbstractManagedConnection.java:95)
	at org.datanucleus.store.connection.ConnectionManagerImpl$2.transactionFlushed(ConnectionManagerImpl.java:528)
	at org.datanucleus.TransactionImpl.flush(TransactionImpl.java:222)
	at org.datanucleus.ExecutionContextImpl.flushInternal(ExecutionContextImpl.java:4068)
	at org.datanucleus.ExecutionContextThreadedImpl.flushInternal(ExecutionContextThreadedImpl.java:448)
	at org.datanucleus.ExecutionContextImpl.flush(ExecutionContextImpl.java:4009)
	at org.datanucleus.ExecutionContextThreadedImpl.flush(ExecutionContextThreadedImpl.java:434)
	at org.datanucleus.api.jdo.JDOPersistenceManager.flush(JDOPersistenceManager.java:2064)
	at org.apache.hadoop.hive.metastore.ObjectStore.addNotificationEvent(ObjectStore.java:11639)
	at sun.reflect.GeneratedMethodAccessor68.invoke(Unknown Source)
	at sun.reflect.DelegatingMethodAccessorImpl.invoke(DelegatingMethodAccessorImpl.java:43)
	at java.lang.reflect.Method.invoke(Method.java:498)
	at org.apache.hadoop.hive.metastore.RawStoreProxy.invoke(RawStoreProxy.java:97)
	at com.sun.proxy.$Proxy32.addNotificationEvent(Unknown Source)
	at org.apache.hive.hcatalog.listener.DbNotificationListener.process(DbNotificationListener.java:1403)
	at org.apache.hive.hcatalog.listener.DbNotificationListener.onDropDatabase(DbNotificationListener.java:513)
	at org.apache.hadoop.hive.metastore.MetaStoreListenerNotifier$26.notify(MetaStoreListenerNotifier.java:99)
	at org.apache.hadoop.hive.metastore.MetaStoreListenerNotifier.notifyEvent(MetaStoreListenerNotifier.java:339)
	at org.apache.hadoop.hive.metastore.HMSHandler.drop_database_core(HMSHandler.java:1785)
	at org.apache.hadoop.hive.metastore.HMSHandler.drop_database(HMSHandler.java:1869)
	at sun.reflect.GeneratedMethodAccessor74.invoke(Unknown Source)
	at sun.reflect.DelegatingMethodAccessorImpl.invoke(DelegatingMethodAccessorImpl.java:43)
	at java.lang.reflect.Method.invoke(Method.java:498)
	at org.apache.hadoop.hive.metastore.RetryingHMSHandler.invokeInternal(RetryingHMSHandler.java:147)
	at org.apache.hadoop.hive.metastore.RetryingHMSHandler.invoke(RetryingHMSHandler.java:108)
	at com.sun.proxy.$Proxy34.drop_database(Unknown Source)
	at org.apache.hadoop.hive.metastore.api.ThriftHiveMetastore$Processor$drop_database.getResult(ThriftHiveMetastore.java:18285)
	at org.apache.hadoop.hive.metastore.api.ThriftHiveMetastore$Processor$drop_database.getResult(ThriftHiveMetastore.java:18264)
	at org.apache.thrift.ProcessFunction.process(ProcessFunction.java:38)
	at org.apache.hadoop.hive.metastore.TUGIBasedProcessor$1.run(TUGIBasedProcessor.java:111)
	at org.apache.hadoop.hive.metastore.TUGIBasedProcessor$1.run(TUGIBasedProcessor.java:107)
	at java.security.AccessController.doPrivileged(Native Method)
	at javax.security.auth.Subject.doAs(Subject.java:422)
	at org.apache.hadoop.security.UserGroupInformation.doAs(UserGroupInformation.java:1682)
	at org.apache.hadoop.hive.metastore.TUGIBasedProcessor.process(TUGIBasedProcessor.java:119)
	at org.apache.thrift.server.TThreadPoolServer$WorkerProcess.run(TThreadPoolServer.java:248)
	at java.util.concurrent.ThreadPoolExecutor.runWorker(ThreadPoolExecutor.java:1149)
	at java.util.concurrent.ThreadPoolExecutor$Worker.run(ThreadPoolExecutor.java:624)
	at java.lang.Thread.run(Thread.java:750)
Caused by: org.apache.derby.shared.common.error.DerbySQLIntegrityConstraintViolationException: DELETE on table 'DBS' caused a violation of foreign key constraint 'TBLS_FK1' for key (22).  The statement has been rolled back.
	at org.apache.derby.impl.jdbc.SQLExceptionFactory.getSQLException(Unknown Source)
	at org.apache.derby.impl.jdbc.Util.generateCsSQLException(Unknown Source)
	at org.apache.derby.impl.jdbc.TransactionResourceImpl.wrapInSQLException(Unknown Source)
	at org.apache.derby.impl.jdbc.TransactionResourceImpl.handleException(Unknown Source)
	at org.apache.derby.impl.jdbc.EmbedConnection.handleException(Unknown Source)
	at org.apache.derby.impl.jdbc.ConnectionChild.handleException(Unknown Source)
	at org.apache.derby.impl.jdbc.EmbedStatement.executeStatement(Unknown Source)
	at org.apache.derby.impl.jdbc.EmbedPreparedStatement.executeBatchElement(Unknown Source)
	... 47 more
Caused by: ERROR 23503: DELETE on table 'DBS' caused a violation of foreign key constraint 'TBLS_FK1' for key (22).  The statement has been rolled back.
	at org.apache.derby.iapi.error.StandardException.newException(Unknown Source)
	at org.apache.derby.iapi.error.StandardException.newException(Unknown Source)
	at org.apache.derby.impl.sql.execute.ReferencedKeyRIChecker.doCheck(Unknown Source)
	at org.apache.derby.impl.sql.execute.RISetChecker.doPKCheck(Unknown Source)
	at org.apache.derby.impl.sql.execute.DeleteResultSet.collectAffectedRows(Unknown Source)
	at org.apache.derby.impl.sql.execute.DeleteResultSet.open(Unknown Source)
	at org.apache.derby.impl.sql.GenericPreparedStatement.executeStmt(Unknown Source)
	at org.apache.derby.impl.sql.GenericPreparedStatement.execute(Unknown Source)
	... 49 more

2024-04-24T12:11:43,149  INFO [TThreadPoolServer WorkerProcess-%d] HiveMetaStore.audit: ugi=alex	ip=127.0.0.1	cmd=source:127.0.0.1 drop_database: @hive#myDb	
2024-04-24T12:11:43,152  INFO [TThreadPoolServer WorkerProcess-%d] HiveMetaStore.audit: ugi=alex	ip=127.0.0.1	cmd=source:127.0.0.1 get_all_tables: db=@hive#myDb	
2024-04-24T12:11:43,153  INFO [TThreadPoolServer WorkerProcess-%d] HiveMetaStore.audit: ugi=alex	ip=127.0.0.1	cmd=source:127.0.0.1 get_functions: db=@hive#myDb pat=*	
2024-04-24T12:11:43,157  INFO [TThreadPoolServer WorkerProcess-%d] HiveMetaStore.audit: ugi=alex	ip=127.0.0.1	cmd=source:127.0.0.1 get_all_stored_procedures	
2024-04-24T12:11:43,158  INFO [TThreadPoolServer WorkerProcess-%d] HiveMetaStore.audit: ugi=alex	ip=127.0.0.1	cmd=source:127.0.0.1 get_all_packages	
2024-04-24T12:11:43,158  INFO [TThreadPoolServer WorkerProcess-%d] HiveMetaStore.audit: ugi=alex	ip=127.0.0.1	cmd=source:127.0.0.1 getTablesByTypeCore: catName=hive: db=myDb pat=.*,type=MATERIALIZED_VIEW	
2024-04-24T12:11:43,160  INFO [TThreadPoolServer WorkerProcess-%d] metastore.ObjectStore: Dropping database hive.myDb along with all tables
2024-04-24T12:11:43,163 ERROR [TThreadPoolServer WorkerProcess-%d] metastore.RetryingHMSHandler: Retrying HMSHandler after 2000 ms (attempt 6 of 10) with error: javax.jdo.JDODataStoreException: Exception thrown flushing changes to datastore
	at org.datanucleus.api.jdo.NucleusJDOHelper.getJDOExceptionForNucleusException(NucleusJDOHelper.java:542)
	at org.datanucleus.api.jdo.JDOPersistenceManager.flush(JDOPersistenceManager.java:2081)
	at org.apache.hadoop.hive.metastore.ObjectStore.addNotificationEvent(ObjectStore.java:11639)
	at sun.reflect.GeneratedMethodAccessor68.invoke(Unknown Source)
	at sun.reflect.DelegatingMethodAccessorImpl.invoke(DelegatingMethodAccessorImpl.java:43)
	at java.lang.reflect.Method.invoke(Method.java:498)
	at org.apache.hadoop.hive.metastore.RawStoreProxy.invoke(RawStoreProxy.java:97)
	at com.sun.proxy.$Proxy32.addNotificationEvent(Unknown Source)
	at org.apache.hive.hcatalog.listener.DbNotificationListener.process(DbNotificationListener.java:1403)
	at org.apache.hive.hcatalog.listener.DbNotificationListener.onDropDatabase(DbNotificationListener.java:513)
	at org.apache.hadoop.hive.metastore.MetaStoreListenerNotifier$26.notify(MetaStoreListenerNotifier.java:99)
	at org.apache.hadoop.hive.metastore.MetaStoreListenerNotifier.notifyEvent(MetaStoreListenerNotifier.java:339)
	at org.apache.hadoop.hive.metastore.HMSHandler.drop_database_core(HMSHandler.java:1785)
	at org.apache.hadoop.hive.metastore.HMSHandler.drop_database(HMSHandler.java:1869)
	at sun.reflect.GeneratedMethodAccessor74.invoke(Unknown Source)
	at sun.reflect.DelegatingMethodAccessorImpl.invoke(DelegatingMethodAccessorImpl.java:43)
	at java.lang.reflect.Method.invoke(Method.java:498)
	at org.apache.hadoop.hive.metastore.RetryingHMSHandler.invokeInternal(RetryingHMSHandler.java:147)
	at org.apache.hadoop.hive.metastore.RetryingHMSHandler.invoke(RetryingHMSHandler.java:108)
	at com.sun.proxy.$Proxy34.drop_database(Unknown Source)
	at org.apache.hadoop.hive.metastore.api.ThriftHiveMetastore$Processor$drop_database.getResult(ThriftHiveMetastore.java:18285)
	at org.apache.hadoop.hive.metastore.api.ThriftHiveMetastore$Processor$drop_database.getResult(ThriftHiveMetastore.java:18264)
	at org.apache.thrift.ProcessFunction.process(ProcessFunction.java:38)
	at org.apache.hadoop.hive.metastore.TUGIBasedProcessor$1.run(TUGIBasedProcessor.java:111)
	at org.apache.hadoop.hive.metastore.TUGIBasedProcessor$1.run(TUGIBasedProcessor.java:107)
	at java.security.AccessController.doPrivileged(Native Method)
	at javax.security.auth.Subject.doAs(Subject.java:422)
	at org.apache.hadoop.security.UserGroupInformation.doAs(UserGroupInformation.java:1682)
	at org.apache.hadoop.hive.metastore.TUGIBasedProcessor.process(TUGIBasedProcessor.java:119)
	at org.apache.thrift.server.TThreadPoolServer$WorkerProcess.run(TThreadPoolServer.java:248)
	at java.util.concurrent.ThreadPoolExecutor.runWorker(ThreadPoolExecutor.java:1149)
	at java.util.concurrent.ThreadPoolExecutor$Worker.run(ThreadPoolExecutor.java:624)
	at java.lang.Thread.run(Thread.java:750)
NestedThrowablesStackTrace:
java.sql.BatchUpdateException: DELETE on table 'DBS' caused a violation of foreign key constraint 'TBLS_FK1' for key (22).  The statement has been rolled back.
	at org.apache.derby.impl.jdbc.EmbedStatement.executeLargeBatch(Unknown Source)
	at org.apache.derby.impl.jdbc.EmbedStatement.executeBatch(Unknown Source)
	at com.zaxxer.hikari.pool.ProxyStatement.executeBatch(ProxyStatement.java:128)
	at com.zaxxer.hikari.pool.HikariProxyPreparedStatement.executeBatch(HikariProxyPreparedStatement.java)
	at org.datanucleus.store.rdbms.ParamLoggingPreparedStatement.executeBatch(ParamLoggingPreparedStatement.java:366)
	at org.datanucleus.store.rdbms.SQLController.processConnectionStatement(SQLController.java:675)
	at org.datanucleus.store.rdbms.SQLController.processStatementsForConnection(SQLController.java:643)
	at org.datanucleus.store.rdbms.SQLController$1.transactionFlushed(SQLController.java:729)
	at org.datanucleus.store.connection.AbstractManagedConnection.transactionFlushed(AbstractManagedConnection.java:95)
	at org.datanucleus.store.connection.ConnectionManagerImpl$2.transactionFlushed(ConnectionManagerImpl.java:528)
	at org.datanucleus.TransactionImpl.flush(TransactionImpl.java:222)
	at org.datanucleus.ExecutionContextImpl.flushInternal(ExecutionContextImpl.java:4068)
	at org.datanucleus.ExecutionContextThreadedImpl.flushInternal(ExecutionContextThreadedImpl.java:448)
	at org.datanucleus.ExecutionContextImpl.flush(ExecutionContextImpl.java:4009)
	at org.datanucleus.ExecutionContextThreadedImpl.flush(ExecutionContextThreadedImpl.java:434)
	at org.datanucleus.api.jdo.JDOPersistenceManager.flush(JDOPersistenceManager.java:2064)
	at org.apache.hadoop.hive.metastore.ObjectStore.addNotificationEvent(ObjectStore.java:11639)
	at sun.reflect.GeneratedMethodAccessor68.invoke(Unknown Source)
	at sun.reflect.DelegatingMethodAccessorImpl.invoke(DelegatingMethodAccessorImpl.java:43)
	at java.lang.reflect.Method.invoke(Method.java:498)
	at org.apache.hadoop.hive.metastore.RawStoreProxy.invoke(RawStoreProxy.java:97)
	at com.sun.proxy.$Proxy32.addNotificationEvent(Unknown Source)
	at org.apache.hive.hcatalog.listener.DbNotificationListener.process(DbNotificationListener.java:1403)
	at org.apache.hive.hcatalog.listener.DbNotificationListener.onDropDatabase(DbNotificationListener.java:513)
	at org.apache.hadoop.hive.metastore.MetaStoreListenerNotifier$26.notify(MetaStoreListenerNotifier.java:99)
	at org.apache.hadoop.hive.metastore.MetaStoreListenerNotifier.notifyEvent(MetaStoreListenerNotifier.java:339)
	at org.apache.hadoop.hive.metastore.HMSHandler.drop_database_core(HMSHandler.java:1785)
	at org.apache.hadoop.hive.metastore.HMSHandler.drop_database(HMSHandler.java:1869)
	at sun.reflect.GeneratedMethodAccessor74.invoke(Unknown Source)
	at sun.reflect.DelegatingMethodAccessorImpl.invoke(DelegatingMethodAccessorImpl.java:43)
	at java.lang.reflect.Method.invoke(Method.java:498)
	at org.apache.hadoop.hive.metastore.RetryingHMSHandler.invokeInternal(RetryingHMSHandler.java:147)
	at org.apache.hadoop.hive.metastore.RetryingHMSHandler.invoke(RetryingHMSHandler.java:108)
	at com.sun.proxy.$Proxy34.drop_database(Unknown Source)
	at org.apache.hadoop.hive.metastore.api.ThriftHiveMetastore$Processor$drop_database.getResult(ThriftHiveMetastore.java:18285)
	at org.apache.hadoop.hive.metastore.api.ThriftHiveMetastore$Processor$drop_database.getResult(ThriftHiveMetastore.java:18264)
	at org.apache.thrift.ProcessFunction.process(ProcessFunction.java:38)
	at org.apache.hadoop.hive.metastore.TUGIBasedProcessor$1.run(TUGIBasedProcessor.java:111)
	at org.apache.hadoop.hive.metastore.TUGIBasedProcessor$1.run(TUGIBasedProcessor.java:107)
	at java.security.AccessController.doPrivileged(Native Method)
	at javax.security.auth.Subject.doAs(Subject.java:422)
	at org.apache.hadoop.security.UserGroupInformation.doAs(UserGroupInformation.java:1682)
	at org.apache.hadoop.hive.metastore.TUGIBasedProcessor.process(TUGIBasedProcessor.java:119)
	at org.apache.thrift.server.TThreadPoolServer$WorkerProcess.run(TThreadPoolServer.java:248)
	at java.util.concurrent.ThreadPoolExecutor.runWorker(ThreadPoolExecutor.java:1149)
	at java.util.concurrent.ThreadPoolExecutor$Worker.run(ThreadPoolExecutor.java:624)
	at java.lang.Thread.run(Thread.java:750)
Caused by: org.apache.derby.shared.common.error.DerbySQLIntegrityConstraintViolationException: DELETE on table 'DBS' caused a violation of foreign key constraint 'TBLS_FK1' for key (22).  The statement has been rolled back.
	at org.apache.derby.impl.jdbc.SQLExceptionFactory.getSQLException(Unknown Source)
	at org.apache.derby.impl.jdbc.Util.generateCsSQLException(Unknown Source)
	at org.apache.derby.impl.jdbc.TransactionResourceImpl.wrapInSQLException(Unknown Source)
	at org.apache.derby.impl.jdbc.TransactionResourceImpl.handleException(Unknown Source)
	at org.apache.derby.impl.jdbc.EmbedConnection.handleException(Unknown Source)
	at org.apache.derby.impl.jdbc.ConnectionChild.handleException(Unknown Source)
	at org.apache.derby.impl.jdbc.EmbedStatement.executeStatement(Unknown Source)
	at org.apache.derby.impl.jdbc.EmbedPreparedStatement.executeBatchElement(Unknown Source)
	... 47 more
Caused by: ERROR 23503: DELETE on table 'DBS' caused a violation of foreign key constraint 'TBLS_FK1' for key (22).  The statement has been rolled back.
	at org.apache.derby.iapi.error.StandardException.newException(Unknown Source)
	at org.apache.derby.iapi.error.StandardException.newException(Unknown Source)
	at org.apache.derby.impl.sql.execute.ReferencedKeyRIChecker.doCheck(Unknown Source)
	at org.apache.derby.impl.sql.execute.RISetChecker.doPKCheck(Unknown Source)
	at org.apache.derby.impl.sql.execute.DeleteResultSet.collectAffectedRows(Unknown Source)
	at org.apache.derby.impl.sql.execute.DeleteResultSet.open(Unknown Source)
	at org.apache.derby.impl.sql.GenericPreparedStatement.executeStmt(Unknown Source)
	at org.apache.derby.impl.sql.GenericPreparedStatement.execute(Unknown Source)
	... 49 more

2024-04-24T12:11:45,163  INFO [TThreadPoolServer WorkerProcess-%d] HiveMetaStore.audit: ugi=alex	ip=127.0.0.1	cmd=source:127.0.0.1 drop_database: @hive#myDb	
2024-04-24T12:11:45,166  INFO [TThreadPoolServer WorkerProcess-%d] HiveMetaStore.audit: ugi=alex	ip=127.0.0.1	cmd=source:127.0.0.1 get_all_tables: db=@hive#myDb	
2024-04-24T12:11:45,167  INFO [TThreadPoolServer WorkerProcess-%d] HiveMetaStore.audit: ugi=alex	ip=127.0.0.1	cmd=source:127.0.0.1 get_functions: db=@hive#myDb pat=*	
2024-04-24T12:11:45,171  INFO [TThreadPoolServer WorkerProcess-%d] HiveMetaStore.audit: ugi=alex	ip=127.0.0.1	cmd=source:127.0.0.1 get_all_stored_procedures	
2024-04-24T12:11:45,173  INFO [TThreadPoolServer WorkerProcess-%d] HiveMetaStore.audit: ugi=alex	ip=127.0.0.1	cmd=source:127.0.0.1 get_all_packages	
2024-04-24T12:11:45,175  INFO [TThreadPoolServer WorkerProcess-%d] HiveMetaStore.audit: ugi=alex	ip=127.0.0.1	cmd=source:127.0.0.1 getTablesByTypeCore: catName=hive: db=myDb pat=.*,type=MATERIALIZED_VIEW	
2024-04-24T12:11:45,181  INFO [TThreadPoolServer WorkerProcess-%d] metastore.ObjectStore: Dropping database hive.myDb along with all tables
2024-04-24T12:11:45,184 ERROR [TThreadPoolServer WorkerProcess-%d] metastore.RetryingHMSHandler: Retrying HMSHandler after 2000 ms (attempt 7 of 10) with error: javax.jdo.JDODataStoreException: Exception thrown flushing changes to datastore
	at org.datanucleus.api.jdo.NucleusJDOHelper.getJDOExceptionForNucleusException(NucleusJDOHelper.java:542)
	at org.datanucleus.api.jdo.JDOPersistenceManager.flush(JDOPersistenceManager.java:2081)
	at org.apache.hadoop.hive.metastore.ObjectStore.addNotificationEvent(ObjectStore.java:11639)
	at sun.reflect.GeneratedMethodAccessor68.invoke(Unknown Source)
	at sun.reflect.DelegatingMethodAccessorImpl.invoke(DelegatingMethodAccessorImpl.java:43)
	at java.lang.reflect.Method.invoke(Method.java:498)
	at org.apache.hadoop.hive.metastore.RawStoreProxy.invoke(RawStoreProxy.java:97)
	at com.sun.proxy.$Proxy32.addNotificationEvent(Unknown Source)
	at org.apache.hive.hcatalog.listener.DbNotificationListener.process(DbNotificationListener.java:1403)
	at org.apache.hive.hcatalog.listener.DbNotificationListener.onDropDatabase(DbNotificationListener.java:513)
	at org.apache.hadoop.hive.metastore.MetaStoreListenerNotifier$26.notify(MetaStoreListenerNotifier.java:99)
	at org.apache.hadoop.hive.metastore.MetaStoreListenerNotifier.notifyEvent(MetaStoreListenerNotifier.java:339)
	at org.apache.hadoop.hive.metastore.HMSHandler.drop_database_core(HMSHandler.java:1785)
	at org.apache.hadoop.hive.metastore.HMSHandler.drop_database(HMSHandler.java:1869)
	at sun.reflect.GeneratedMethodAccessor74.invoke(Unknown Source)
	at sun.reflect.DelegatingMethodAccessorImpl.invoke(DelegatingMethodAccessorImpl.java:43)
	at java.lang.reflect.Method.invoke(Method.java:498)
	at org.apache.hadoop.hive.metastore.RetryingHMSHandler.invokeInternal(RetryingHMSHandler.java:147)
	at org.apache.hadoop.hive.metastore.RetryingHMSHandler.invoke(RetryingHMSHandler.java:108)
	at com.sun.proxy.$Proxy34.drop_database(Unknown Source)
	at org.apache.hadoop.hive.metastore.api.ThriftHiveMetastore$Processor$drop_database.getResult(ThriftHiveMetastore.java:18285)
	at org.apache.hadoop.hive.metastore.api.ThriftHiveMetastore$Processor$drop_database.getResult(ThriftHiveMetastore.java:18264)
	at org.apache.thrift.ProcessFunction.process(ProcessFunction.java:38)
	at org.apache.hadoop.hive.metastore.TUGIBasedProcessor$1.run(TUGIBasedProcessor.java:111)
	at org.apache.hadoop.hive.metastore.TUGIBasedProcessor$1.run(TUGIBasedProcessor.java:107)
	at java.security.AccessController.doPrivileged(Native Method)
	at javax.security.auth.Subject.doAs(Subject.java:422)
	at org.apache.hadoop.security.UserGroupInformation.doAs(UserGroupInformation.java:1682)
	at org.apache.hadoop.hive.metastore.TUGIBasedProcessor.process(TUGIBasedProcessor.java:119)
	at org.apache.thrift.server.TThreadPoolServer$WorkerProcess.run(TThreadPoolServer.java:248)
	at java.util.concurrent.ThreadPoolExecutor.runWorker(ThreadPoolExecutor.java:1149)
	at java.util.concurrent.ThreadPoolExecutor$Worker.run(ThreadPoolExecutor.java:624)
	at java.lang.Thread.run(Thread.java:750)
NestedThrowablesStackTrace:
java.sql.BatchUpdateException: DELETE on table 'DBS' caused a violation of foreign key constraint 'TBLS_FK1' for key (22).  The statement has been rolled back.
	at org.apache.derby.impl.jdbc.EmbedStatement.executeLargeBatch(Unknown Source)
	at org.apache.derby.impl.jdbc.EmbedStatement.executeBatch(Unknown Source)
	at com.zaxxer.hikari.pool.ProxyStatement.executeBatch(ProxyStatement.java:128)
	at com.zaxxer.hikari.pool.HikariProxyPreparedStatement.executeBatch(HikariProxyPreparedStatement.java)
	at org.datanucleus.store.rdbms.ParamLoggingPreparedStatement.executeBatch(ParamLoggingPreparedStatement.java:366)
	at org.datanucleus.store.rdbms.SQLController.processConnectionStatement(SQLController.java:675)
	at org.datanucleus.store.rdbms.SQLController.processStatementsForConnection(SQLController.java:643)
	at org.datanucleus.store.rdbms.SQLController$1.transactionFlushed(SQLController.java:729)
	at org.datanucleus.store.connection.AbstractManagedConnection.transactionFlushed(AbstractManagedConnection.java:95)
	at org.datanucleus.store.connection.ConnectionManagerImpl$2.transactionFlushed(ConnectionManagerImpl.java:528)
	at org.datanucleus.TransactionImpl.flush(TransactionImpl.java:222)
	at org.datanucleus.ExecutionContextImpl.flushInternal(ExecutionContextImpl.java:4068)
	at org.datanucleus.ExecutionContextThreadedImpl.flushInternal(ExecutionContextThreadedImpl.java:448)
	at org.datanucleus.ExecutionContextImpl.flush(ExecutionContextImpl.java:4009)
	at org.datanucleus.ExecutionContextThreadedImpl.flush(ExecutionContextThreadedImpl.java:434)
	at org.datanucleus.api.jdo.JDOPersistenceManager.flush(JDOPersistenceManager.java:2064)
	at org.apache.hadoop.hive.metastore.ObjectStore.addNotificationEvent(ObjectStore.java:11639)
	at sun.reflect.GeneratedMethodAccessor68.invoke(Unknown Source)
	at sun.reflect.DelegatingMethodAccessorImpl.invoke(DelegatingMethodAccessorImpl.java:43)
	at java.lang.reflect.Method.invoke(Method.java:498)
	at org.apache.hadoop.hive.metastore.RawStoreProxy.invoke(RawStoreProxy.java:97)
	at com.sun.proxy.$Proxy32.addNotificationEvent(Unknown Source)
	at org.apache.hive.hcatalog.listener.DbNotificationListener.process(DbNotificationListener.java:1403)
	at org.apache.hive.hcatalog.listener.DbNotificationListener.onDropDatabase(DbNotificationListener.java:513)
	at org.apache.hadoop.hive.metastore.MetaStoreListenerNotifier$26.notify(MetaStoreListenerNotifier.java:99)
	at org.apache.hadoop.hive.metastore.MetaStoreListenerNotifier.notifyEvent(MetaStoreListenerNotifier.java:339)
	at org.apache.hadoop.hive.metastore.HMSHandler.drop_database_core(HMSHandler.java:1785)
	at org.apache.hadoop.hive.metastore.HMSHandler.drop_database(HMSHandler.java:1869)
	at sun.reflect.GeneratedMethodAccessor74.invoke(Unknown Source)
	at sun.reflect.DelegatingMethodAccessorImpl.invoke(DelegatingMethodAccessorImpl.java:43)
	at java.lang.reflect.Method.invoke(Method.java:498)
	at org.apache.hadoop.hive.metastore.RetryingHMSHandler.invokeInternal(RetryingHMSHandler.java:147)
	at org.apache.hadoop.hive.metastore.RetryingHMSHandler.invoke(RetryingHMSHandler.java:108)
	at com.sun.proxy.$Proxy34.drop_database(Unknown Source)
	at org.apache.hadoop.hive.metastore.api.ThriftHiveMetastore$Processor$drop_database.getResult(ThriftHiveMetastore.java:18285)
	at org.apache.hadoop.hive.metastore.api.ThriftHiveMetastore$Processor$drop_database.getResult(ThriftHiveMetastore.java:18264)
	at org.apache.thrift.ProcessFunction.process(ProcessFunction.java:38)
	at org.apache.hadoop.hive.metastore.TUGIBasedProcessor$1.run(TUGIBasedProcessor.java:111)
	at org.apache.hadoop.hive.metastore.TUGIBasedProcessor$1.run(TUGIBasedProcessor.java:107)
	at java.security.AccessController.doPrivileged(Native Method)
	at javax.security.auth.Subject.doAs(Subject.java:422)
	at org.apache.hadoop.security.UserGroupInformation.doAs(UserGroupInformation.java:1682)
	at org.apache.hadoop.hive.metastore.TUGIBasedProcessor.process(TUGIBasedProcessor.java:119)
	at org.apache.thrift.server.TThreadPoolServer$WorkerProcess.run(TThreadPoolServer.java:248)
	at java.util.concurrent.ThreadPoolExecutor.runWorker(ThreadPoolExecutor.java:1149)
	at java.util.concurrent.ThreadPoolExecutor$Worker.run(ThreadPoolExecutor.java:624)
	at java.lang.Thread.run(Thread.java:750)
Caused by: org.apache.derby.shared.common.error.DerbySQLIntegrityConstraintViolationException: DELETE on table 'DBS' caused a violation of foreign key constraint 'TBLS_FK1' for key (22).  The statement has been rolled back.
	at org.apache.derby.impl.jdbc.SQLExceptionFactory.getSQLException(Unknown Source)
	at org.apache.derby.impl.jdbc.Util.generateCsSQLException(Unknown Source)
	at org.apache.derby.impl.jdbc.TransactionResourceImpl.wrapInSQLException(Unknown Source)
	at org.apache.derby.impl.jdbc.TransactionResourceImpl.handleException(Unknown Source)
	at org.apache.derby.impl.jdbc.EmbedConnection.handleException(Unknown Source)
	at org.apache.derby.impl.jdbc.ConnectionChild.handleException(Unknown Source)
	at org.apache.derby.impl.jdbc.EmbedStatement.executeStatement(Unknown Source)
	at org.apache.derby.impl.jdbc.EmbedPreparedStatement.executeBatchElement(Unknown Source)
	... 47 more
Caused by: ERROR 23503: DELETE on table 'DBS' caused a violation of foreign key constraint 'TBLS_FK1' for key (22).  The statement has been rolled back.
	at org.apache.derby.iapi.error.StandardException.newException(Unknown Source)
	at org.apache.derby.iapi.error.StandardException.newException(Unknown Source)
	at org.apache.derby.impl.sql.execute.ReferencedKeyRIChecker.doCheck(Unknown Source)
	at org.apache.derby.impl.sql.execute.RISetChecker.doPKCheck(Unknown Source)
	at org.apache.derby.impl.sql.execute.DeleteResultSet.collectAffectedRows(Unknown Source)
	at org.apache.derby.impl.sql.execute.DeleteResultSet.open(Unknown Source)
	at org.apache.derby.impl.sql.GenericPreparedStatement.executeStmt(Unknown Source)
	at org.apache.derby.impl.sql.GenericPreparedStatement.execute(Unknown Source)
	... 49 more

2024-04-24T12:11:47,185  INFO [TThreadPoolServer WorkerProcess-%d] HiveMetaStore.audit: ugi=alex	ip=127.0.0.1	cmd=source:127.0.0.1 drop_database: @hive#myDb	
2024-04-24T12:11:47,187  INFO [TThreadPoolServer WorkerProcess-%d] HiveMetaStore.audit: ugi=alex	ip=127.0.0.1	cmd=source:127.0.0.1 get_all_tables: db=@hive#myDb	
2024-04-24T12:11:47,189  INFO [TThreadPoolServer WorkerProcess-%d] HiveMetaStore.audit: ugi=alex	ip=127.0.0.1	cmd=source:127.0.0.1 get_functions: db=@hive#myDb pat=*	
2024-04-24T12:11:47,192  INFO [TThreadPoolServer WorkerProcess-%d] HiveMetaStore.audit: ugi=alex	ip=127.0.0.1	cmd=source:127.0.0.1 get_all_stored_procedures	
2024-04-24T12:11:47,194  INFO [TThreadPoolServer WorkerProcess-%d] HiveMetaStore.audit: ugi=alex	ip=127.0.0.1	cmd=source:127.0.0.1 get_all_packages	
2024-04-24T12:11:47,197  INFO [TThreadPoolServer WorkerProcess-%d] HiveMetaStore.audit: ugi=alex	ip=127.0.0.1	cmd=source:127.0.0.1 getTablesByTypeCore: catName=hive: db=myDb pat=.*,type=MATERIALIZED_VIEW	
2024-04-24T12:11:47,203  INFO [TThreadPoolServer WorkerProcess-%d] metastore.ObjectStore: Dropping database hive.myDb along with all tables
2024-04-24T12:11:47,212 ERROR [TThreadPoolServer WorkerProcess-%d] metastore.RetryingHMSHandler: Retrying HMSHandler after 2000 ms (attempt 8 of 10) with error: javax.jdo.JDODataStoreException: Exception thrown flushing changes to datastore
	at org.datanucleus.api.jdo.NucleusJDOHelper.getJDOExceptionForNucleusException(NucleusJDOHelper.java:542)
	at org.datanucleus.api.jdo.JDOPersistenceManager.flush(JDOPersistenceManager.java:2081)
	at org.apache.hadoop.hive.metastore.ObjectStore.addNotificationEvent(ObjectStore.java:11639)
	at sun.reflect.GeneratedMethodAccessor68.invoke(Unknown Source)
	at sun.reflect.DelegatingMethodAccessorImpl.invoke(DelegatingMethodAccessorImpl.java:43)
	at java.lang.reflect.Method.invoke(Method.java:498)
	at org.apache.hadoop.hive.metastore.RawStoreProxy.invoke(RawStoreProxy.java:97)
	at com.sun.proxy.$Proxy32.addNotificationEvent(Unknown Source)
	at org.apache.hive.hcatalog.listener.DbNotificationListener.process(DbNotificationListener.java:1403)
	at org.apache.hive.hcatalog.listener.DbNotificationListener.onDropDatabase(DbNotificationListener.java:513)
	at org.apache.hadoop.hive.metastore.MetaStoreListenerNotifier$26.notify(MetaStoreListenerNotifier.java:99)
	at org.apache.hadoop.hive.metastore.MetaStoreListenerNotifier.notifyEvent(MetaStoreListenerNotifier.java:339)
	at org.apache.hadoop.hive.metastore.HMSHandler.drop_database_core(HMSHandler.java:1785)
	at org.apache.hadoop.hive.metastore.HMSHandler.drop_database(HMSHandler.java:1869)
	at sun.reflect.GeneratedMethodAccessor74.invoke(Unknown Source)
	at sun.reflect.DelegatingMethodAccessorImpl.invoke(DelegatingMethodAccessorImpl.java:43)
	at java.lang.reflect.Method.invoke(Method.java:498)
	at org.apache.hadoop.hive.metastore.RetryingHMSHandler.invokeInternal(RetryingHMSHandler.java:147)
	at org.apache.hadoop.hive.metastore.RetryingHMSHandler.invoke(RetryingHMSHandler.java:108)
	at com.sun.proxy.$Proxy34.drop_database(Unknown Source)
	at org.apache.hadoop.hive.metastore.api.ThriftHiveMetastore$Processor$drop_database.getResult(ThriftHiveMetastore.java:18285)
	at org.apache.hadoop.hive.metastore.api.ThriftHiveMetastore$Processor$drop_database.getResult(ThriftHiveMetastore.java:18264)
	at org.apache.thrift.ProcessFunction.process(ProcessFunction.java:38)
	at org.apache.hadoop.hive.metastore.TUGIBasedProcessor$1.run(TUGIBasedProcessor.java:111)
	at org.apache.hadoop.hive.metastore.TUGIBasedProcessor$1.run(TUGIBasedProcessor.java:107)
	at java.security.AccessController.doPrivileged(Native Method)
	at javax.security.auth.Subject.doAs(Subject.java:422)
	at org.apache.hadoop.security.UserGroupInformation.doAs(UserGroupInformation.java:1682)
	at org.apache.hadoop.hive.metastore.TUGIBasedProcessor.process(TUGIBasedProcessor.java:119)
	at org.apache.thrift.server.TThreadPoolServer$WorkerProcess.run(TThreadPoolServer.java:248)
	at java.util.concurrent.ThreadPoolExecutor.runWorker(ThreadPoolExecutor.java:1149)
	at java.util.concurrent.ThreadPoolExecutor$Worker.run(ThreadPoolExecutor.java:624)
	at java.lang.Thread.run(Thread.java:750)
NestedThrowablesStackTrace:
java.sql.BatchUpdateException: DELETE on table 'DBS' caused a violation of foreign key constraint 'TBLS_FK1' for key (22).  The statement has been rolled back.
	at org.apache.derby.impl.jdbc.EmbedStatement.executeLargeBatch(Unknown Source)
	at org.apache.derby.impl.jdbc.EmbedStatement.executeBatch(Unknown Source)
	at com.zaxxer.hikari.pool.ProxyStatement.executeBatch(ProxyStatement.java:128)
	at com.zaxxer.hikari.pool.HikariProxyPreparedStatement.executeBatch(HikariProxyPreparedStatement.java)
	at org.datanucleus.store.rdbms.ParamLoggingPreparedStatement.executeBatch(ParamLoggingPreparedStatement.java:366)
	at org.datanucleus.store.rdbms.SQLController.processConnectionStatement(SQLController.java:675)
	at org.datanucleus.store.rdbms.SQLController.processStatementsForConnection(SQLController.java:643)
	at org.datanucleus.store.rdbms.SQLController$1.transactionFlushed(SQLController.java:729)
	at org.datanucleus.store.connection.AbstractManagedConnection.transactionFlushed(AbstractManagedConnection.java:95)
	at org.datanucleus.store.connection.ConnectionManagerImpl$2.transactionFlushed(ConnectionManagerImpl.java:528)
	at org.datanucleus.TransactionImpl.flush(TransactionImpl.java:222)
	at org.datanucleus.ExecutionContextImpl.flushInternal(ExecutionContextImpl.java:4068)
	at org.datanucleus.ExecutionContextThreadedImpl.flushInternal(ExecutionContextThreadedImpl.java:448)
	at org.datanucleus.ExecutionContextImpl.flush(ExecutionContextImpl.java:4009)
	at org.datanucleus.ExecutionContextThreadedImpl.flush(ExecutionContextThreadedImpl.java:434)
	at org.datanucleus.api.jdo.JDOPersistenceManager.flush(JDOPersistenceManager.java:2064)
	at org.apache.hadoop.hive.metastore.ObjectStore.addNotificationEvent(ObjectStore.java:11639)
	at sun.reflect.GeneratedMethodAccessor68.invoke(Unknown Source)
	at sun.reflect.DelegatingMethodAccessorImpl.invoke(DelegatingMethodAccessorImpl.java:43)
	at java.lang.reflect.Method.invoke(Method.java:498)
	at org.apache.hadoop.hive.metastore.RawStoreProxy.invoke(RawStoreProxy.java:97)
	at com.sun.proxy.$Proxy32.addNotificationEvent(Unknown Source)
	at org.apache.hive.hcatalog.listener.DbNotificationListener.process(DbNotificationListener.java:1403)
	at org.apache.hive.hcatalog.listener.DbNotificationListener.onDropDatabase(DbNotificationListener.java:513)
	at org.apache.hadoop.hive.metastore.MetaStoreListenerNotifier$26.notify(MetaStoreListenerNotifier.java:99)
	at org.apache.hadoop.hive.metastore.MetaStoreListenerNotifier.notifyEvent(MetaStoreListenerNotifier.java:339)
	at org.apache.hadoop.hive.metastore.HMSHandler.drop_database_core(HMSHandler.java:1785)
	at org.apache.hadoop.hive.metastore.HMSHandler.drop_database(HMSHandler.java:1869)
	at sun.reflect.GeneratedMethodAccessor74.invoke(Unknown Source)
	at sun.reflect.DelegatingMethodAccessorImpl.invoke(DelegatingMethodAccessorImpl.java:43)
	at java.lang.reflect.Method.invoke(Method.java:498)
	at org.apache.hadoop.hive.metastore.RetryingHMSHandler.invokeInternal(RetryingHMSHandler.java:147)
	at org.apache.hadoop.hive.metastore.RetryingHMSHandler.invoke(RetryingHMSHandler.java:108)
	at com.sun.proxy.$Proxy34.drop_database(Unknown Source)
	at org.apache.hadoop.hive.metastore.api.ThriftHiveMetastore$Processor$drop_database.getResult(ThriftHiveMetastore.java:18285)
	at org.apache.hadoop.hive.metastore.api.ThriftHiveMetastore$Processor$drop_database.getResult(ThriftHiveMetastore.java:18264)
	at org.apache.thrift.ProcessFunction.process(ProcessFunction.java:38)
	at org.apache.hadoop.hive.metastore.TUGIBasedProcessor$1.run(TUGIBasedProcessor.java:111)
	at org.apache.hadoop.hive.metastore.TUGIBasedProcessor$1.run(TUGIBasedProcessor.java:107)
	at java.security.AccessController.doPrivileged(Native Method)
	at javax.security.auth.Subject.doAs(Subject.java:422)
	at org.apache.hadoop.security.UserGroupInformation.doAs(UserGroupInformation.java:1682)
	at org.apache.hadoop.hive.metastore.TUGIBasedProcessor.process(TUGIBasedProcessor.java:119)
	at org.apache.thrift.server.TThreadPoolServer$WorkerProcess.run(TThreadPoolServer.java:248)
	at java.util.concurrent.ThreadPoolExecutor.runWorker(ThreadPoolExecutor.java:1149)
	at java.util.concurrent.ThreadPoolExecutor$Worker.run(ThreadPoolExecutor.java:624)
	at java.lang.Thread.run(Thread.java:750)
Caused by: org.apache.derby.shared.common.error.DerbySQLIntegrityConstraintViolationException: DELETE on table 'DBS' caused a violation of foreign key constraint 'TBLS_FK1' for key (22).  The statement has been rolled back.
	at org.apache.derby.impl.jdbc.SQLExceptionFactory.getSQLException(Unknown Source)
	at org.apache.derby.impl.jdbc.Util.generateCsSQLException(Unknown Source)
	at org.apache.derby.impl.jdbc.TransactionResourceImpl.wrapInSQLException(Unknown Source)
	at org.apache.derby.impl.jdbc.TransactionResourceImpl.handleException(Unknown Source)
	at org.apache.derby.impl.jdbc.EmbedConnection.handleException(Unknown Source)
	at org.apache.derby.impl.jdbc.ConnectionChild.handleException(Unknown Source)
	at org.apache.derby.impl.jdbc.EmbedStatement.executeStatement(Unknown Source)
	at org.apache.derby.impl.jdbc.EmbedPreparedStatement.executeBatchElement(Unknown Source)
	... 47 more
Caused by: ERROR 23503: DELETE on table 'DBS' caused a violation of foreign key constraint 'TBLS_FK1' for key (22).  The statement has been rolled back.
	at org.apache.derby.iapi.error.StandardException.newException(Unknown Source)
	at org.apache.derby.iapi.error.StandardException.newException(Unknown Source)
	at org.apache.derby.impl.sql.execute.ReferencedKeyRIChecker.doCheck(Unknown Source)
	at org.apache.derby.impl.sql.execute.RISetChecker.doPKCheck(Unknown Source)
	at org.apache.derby.impl.sql.execute.DeleteResultSet.collectAffectedRows(Unknown Source)
	at org.apache.derby.impl.sql.execute.DeleteResultSet.open(Unknown Source)
	at org.apache.derby.impl.sql.GenericPreparedStatement.executeStmt(Unknown Source)
	at org.apache.derby.impl.sql.GenericPreparedStatement.execute(Unknown Source)
	... 49 more

2024-04-24T12:11:49,213  INFO [TThreadPoolServer WorkerProcess-%d] HiveMetaStore.audit: ugi=alex	ip=127.0.0.1	cmd=source:127.0.0.1 drop_database: @hive#myDb	
2024-04-24T12:11:49,215  INFO [TThreadPoolServer WorkerProcess-%d] HiveMetaStore.audit: ugi=alex	ip=127.0.0.1	cmd=source:127.0.0.1 get_all_tables: db=@hive#myDb	
2024-04-24T12:11:49,217  INFO [TThreadPoolServer WorkerProcess-%d] HiveMetaStore.audit: ugi=alex	ip=127.0.0.1	cmd=source:127.0.0.1 get_functions: db=@hive#myDb pat=*	
2024-04-24T12:11:49,219  INFO [TThreadPoolServer WorkerProcess-%d] HiveMetaStore.audit: ugi=alex	ip=127.0.0.1	cmd=source:127.0.0.1 get_all_stored_procedures	
2024-04-24T12:11:49,220  INFO [TThreadPoolServer WorkerProcess-%d] HiveMetaStore.audit: ugi=alex	ip=127.0.0.1	cmd=source:127.0.0.1 get_all_packages	
2024-04-24T12:11:49,220  INFO [TThreadPoolServer WorkerProcess-%d] HiveMetaStore.audit: ugi=alex	ip=127.0.0.1	cmd=source:127.0.0.1 getTablesByTypeCore: catName=hive: db=myDb pat=.*,type=MATERIALIZED_VIEW	
2024-04-24T12:11:49,222  INFO [TThreadPoolServer WorkerProcess-%d] metastore.ObjectStore: Dropping database hive.myDb along with all tables
2024-04-24T12:11:49,225 ERROR [TThreadPoolServer WorkerProcess-%d] metastore.RetryingHMSHandler: Retrying HMSHandler after 2000 ms (attempt 9 of 10) with error: javax.jdo.JDODataStoreException: Exception thrown flushing changes to datastore
	at org.datanucleus.api.jdo.NucleusJDOHelper.getJDOExceptionForNucleusException(NucleusJDOHelper.java:542)
	at org.datanucleus.api.jdo.JDOPersistenceManager.flush(JDOPersistenceManager.java:2081)
	at org.apache.hadoop.hive.metastore.ObjectStore.addNotificationEvent(ObjectStore.java:11639)
	at sun.reflect.GeneratedMethodAccessor68.invoke(Unknown Source)
	at sun.reflect.DelegatingMethodAccessorImpl.invoke(DelegatingMethodAccessorImpl.java:43)
	at java.lang.reflect.Method.invoke(Method.java:498)
	at org.apache.hadoop.hive.metastore.RawStoreProxy.invoke(RawStoreProxy.java:97)
	at com.sun.proxy.$Proxy32.addNotificationEvent(Unknown Source)
	at org.apache.hive.hcatalog.listener.DbNotificationListener.process(DbNotificationListener.java:1403)
	at org.apache.hive.hcatalog.listener.DbNotificationListener.onDropDatabase(DbNotificationListener.java:513)
	at org.apache.hadoop.hive.metastore.MetaStoreListenerNotifier$26.notify(MetaStoreListenerNotifier.java:99)
	at org.apache.hadoop.hive.metastore.MetaStoreListenerNotifier.notifyEvent(MetaStoreListenerNotifier.java:339)
	at org.apache.hadoop.hive.metastore.HMSHandler.drop_database_core(HMSHandler.java:1785)
	at org.apache.hadoop.hive.metastore.HMSHandler.drop_database(HMSHandler.java:1869)
	at sun.reflect.GeneratedMethodAccessor74.invoke(Unknown Source)
	at sun.reflect.DelegatingMethodAccessorImpl.invoke(DelegatingMethodAccessorImpl.java:43)
	at java.lang.reflect.Method.invoke(Method.java:498)
	at org.apache.hadoop.hive.metastore.RetryingHMSHandler.invokeInternal(RetryingHMSHandler.java:147)
	at org.apache.hadoop.hive.metastore.RetryingHMSHandler.invoke(RetryingHMSHandler.java:108)
	at com.sun.proxy.$Proxy34.drop_database(Unknown Source)
	at org.apache.hadoop.hive.metastore.api.ThriftHiveMetastore$Processor$drop_database.getResult(ThriftHiveMetastore.java:18285)
	at org.apache.hadoop.hive.metastore.api.ThriftHiveMetastore$Processor$drop_database.getResult(ThriftHiveMetastore.java:18264)
	at org.apache.thrift.ProcessFunction.process(ProcessFunction.java:38)
	at org.apache.hadoop.hive.metastore.TUGIBasedProcessor$1.run(TUGIBasedProcessor.java:111)
	at org.apache.hadoop.hive.metastore.TUGIBasedProcessor$1.run(TUGIBasedProcessor.java:107)
	at java.security.AccessController.doPrivileged(Native Method)
	at javax.security.auth.Subject.doAs(Subject.java:422)
	at org.apache.hadoop.security.UserGroupInformation.doAs(UserGroupInformation.java:1682)
	at org.apache.hadoop.hive.metastore.TUGIBasedProcessor.process(TUGIBasedProcessor.java:119)
	at org.apache.thrift.server.TThreadPoolServer$WorkerProcess.run(TThreadPoolServer.java:248)
	at java.util.concurrent.ThreadPoolExecutor.runWorker(ThreadPoolExecutor.java:1149)
	at java.util.concurrent.ThreadPoolExecutor$Worker.run(ThreadPoolExecutor.java:624)
	at java.lang.Thread.run(Thread.java:750)
NestedThrowablesStackTrace:
java.sql.BatchUpdateException: DELETE on table 'DBS' caused a violation of foreign key constraint 'TBLS_FK1' for key (22).  The statement has been rolled back.
	at org.apache.derby.impl.jdbc.EmbedStatement.executeLargeBatch(Unknown Source)
	at org.apache.derby.impl.jdbc.EmbedStatement.executeBatch(Unknown Source)
	at com.zaxxer.hikari.pool.ProxyStatement.executeBatch(ProxyStatement.java:128)
	at com.zaxxer.hikari.pool.HikariProxyPreparedStatement.executeBatch(HikariProxyPreparedStatement.java)
	at org.datanucleus.store.rdbms.ParamLoggingPreparedStatement.executeBatch(ParamLoggingPreparedStatement.java:366)
	at org.datanucleus.store.rdbms.SQLController.processConnectionStatement(SQLController.java:675)
	at org.datanucleus.store.rdbms.SQLController.processStatementsForConnection(SQLController.java:643)
	at org.datanucleus.store.rdbms.SQLController$1.transactionFlushed(SQLController.java:729)
	at org.datanucleus.store.connection.AbstractManagedConnection.transactionFlushed(AbstractManagedConnection.java:95)
	at org.datanucleus.store.connection.ConnectionManagerImpl$2.transactionFlushed(ConnectionManagerImpl.java:528)
	at org.datanucleus.TransactionImpl.flush(TransactionImpl.java:222)
	at org.datanucleus.ExecutionContextImpl.flushInternal(ExecutionContextImpl.java:4068)
	at org.datanucleus.ExecutionContextThreadedImpl.flushInternal(ExecutionContextThreadedImpl.java:448)
	at org.datanucleus.ExecutionContextImpl.flush(ExecutionContextImpl.java:4009)
	at org.datanucleus.ExecutionContextThreadedImpl.flush(ExecutionContextThreadedImpl.java:434)
	at org.datanucleus.api.jdo.JDOPersistenceManager.flush(JDOPersistenceManager.java:2064)
	at org.apache.hadoop.hive.metastore.ObjectStore.addNotificationEvent(ObjectStore.java:11639)
	at sun.reflect.GeneratedMethodAccessor68.invoke(Unknown Source)
	at sun.reflect.DelegatingMethodAccessorImpl.invoke(DelegatingMethodAccessorImpl.java:43)
	at java.lang.reflect.Method.invoke(Method.java:498)
	at org.apache.hadoop.hive.metastore.RawStoreProxy.invoke(RawStoreProxy.java:97)
	at com.sun.proxy.$Proxy32.addNotificationEvent(Unknown Source)
	at org.apache.hive.hcatalog.listener.DbNotificationListener.process(DbNotificationListener.java:1403)
	at org.apache.hive.hcatalog.listener.DbNotificationListener.onDropDatabase(DbNotificationListener.java:513)
	at org.apache.hadoop.hive.metastore.MetaStoreListenerNotifier$26.notify(MetaStoreListenerNotifier.java:99)
	at org.apache.hadoop.hive.metastore.MetaStoreListenerNotifier.notifyEvent(MetaStoreListenerNotifier.java:339)
	at org.apache.hadoop.hive.metastore.HMSHandler.drop_database_core(HMSHandler.java:1785)
	at org.apache.hadoop.hive.metastore.HMSHandler.drop_database(HMSHandler.java:1869)
	at sun.reflect.GeneratedMethodAccessor74.invoke(Unknown Source)
	at sun.reflect.DelegatingMethodAccessorImpl.invoke(DelegatingMethodAccessorImpl.java:43)
	at java.lang.reflect.Method.invoke(Method.java:498)
	at org.apache.hadoop.hive.metastore.RetryingHMSHandler.invokeInternal(RetryingHMSHandler.java:147)
	at org.apache.hadoop.hive.metastore.RetryingHMSHandler.invoke(RetryingHMSHandler.java:108)
	at com.sun.proxy.$Proxy34.drop_database(Unknown Source)
	at org.apache.hadoop.hive.metastore.api.ThriftHiveMetastore$Processor$drop_database.getResult(ThriftHiveMetastore.java:18285)
	at org.apache.hadoop.hive.metastore.api.ThriftHiveMetastore$Processor$drop_database.getResult(ThriftHiveMetastore.java:18264)
	at org.apache.thrift.ProcessFunction.process(ProcessFunction.java:38)
	at org.apache.hadoop.hive.metastore.TUGIBasedProcessor$1.run(TUGIBasedProcessor.java:111)
	at org.apache.hadoop.hive.metastore.TUGIBasedProcessor$1.run(TUGIBasedProcessor.java:107)
	at java.security.AccessController.doPrivileged(Native Method)
	at javax.security.auth.Subject.doAs(Subject.java:422)
	at org.apache.hadoop.security.UserGroupInformation.doAs(UserGroupInformation.java:1682)
	at org.apache.hadoop.hive.metastore.TUGIBasedProcessor.process(TUGIBasedProcessor.java:119)
	at org.apache.thrift.server.TThreadPoolServer$WorkerProcess.run(TThreadPoolServer.java:248)
	at java.util.concurrent.ThreadPoolExecutor.runWorker(ThreadPoolExecutor.java:1149)
	at java.util.concurrent.ThreadPoolExecutor$Worker.run(ThreadPoolExecutor.java:624)
	at java.lang.Thread.run(Thread.java:750)
Caused by: org.apache.derby.shared.common.error.DerbySQLIntegrityConstraintViolationException: DELETE on table 'DBS' caused a violation of foreign key constraint 'TBLS_FK1' for key (22).  The statement has been rolled back.
	at org.apache.derby.impl.jdbc.SQLExceptionFactory.getSQLException(Unknown Source)
	at org.apache.derby.impl.jdbc.Util.generateCsSQLException(Unknown Source)
	at org.apache.derby.impl.jdbc.TransactionResourceImpl.wrapInSQLException(Unknown Source)
	at org.apache.derby.impl.jdbc.TransactionResourceImpl.handleException(Unknown Source)
	at org.apache.derby.impl.jdbc.EmbedConnection.handleException(Unknown Source)
	at org.apache.derby.impl.jdbc.ConnectionChild.handleException(Unknown Source)
	at org.apache.derby.impl.jdbc.EmbedStatement.executeStatement(Unknown Source)
	at org.apache.derby.impl.jdbc.EmbedPreparedStatement.executeBatchElement(Unknown Source)
	... 47 more
Caused by: ERROR 23503: DELETE on table 'DBS' caused a violation of foreign key constraint 'TBLS_FK1' for key (22).  The statement has been rolled back.
	at org.apache.derby.iapi.error.StandardException.newException(Unknown Source)
	at org.apache.derby.iapi.error.StandardException.newException(Unknown Source)
	at org.apache.derby.impl.sql.execute.ReferencedKeyRIChecker.doCheck(Unknown Source)
	at org.apache.derby.impl.sql.execute.RISetChecker.doPKCheck(Unknown Source)
	at org.apache.derby.impl.sql.execute.DeleteResultSet.collectAffectedRows(Unknown Source)
	at org.apache.derby.impl.sql.execute.DeleteResultSet.open(Unknown Source)
	at org.apache.derby.impl.sql.GenericPreparedStatement.executeStmt(Unknown Source)
	at org.apache.derby.impl.sql.GenericPreparedStatement.execute(Unknown Source)
	... 49 more

2024-04-24T12:11:51,226  INFO [TThreadPoolServer WorkerProcess-%d] HiveMetaStore.audit: ugi=alex	ip=127.0.0.1	cmd=source:127.0.0.1 drop_database: @hive#myDb	
2024-04-24T12:11:51,228  INFO [TThreadPoolServer WorkerProcess-%d] HiveMetaStore.audit: ugi=alex	ip=127.0.0.1	cmd=source:127.0.0.1 get_all_tables: db=@hive#myDb	
2024-04-24T12:11:51,229  INFO [TThreadPoolServer WorkerProcess-%d] HiveMetaStore.audit: ugi=alex	ip=127.0.0.1	cmd=source:127.0.0.1 get_functions: db=@hive#myDb pat=*	
2024-04-24T12:11:51,231  INFO [TThreadPoolServer WorkerProcess-%d] HiveMetaStore.audit: ugi=alex	ip=127.0.0.1	cmd=source:127.0.0.1 get_all_stored_procedures	
2024-04-24T12:11:51,231  INFO [TThreadPoolServer WorkerProcess-%d] HiveMetaStore.audit: ugi=alex	ip=127.0.0.1	cmd=source:127.0.0.1 get_all_packages	
2024-04-24T12:11:51,232  INFO [TThreadPoolServer WorkerProcess-%d] HiveMetaStore.audit: ugi=alex	ip=127.0.0.1	cmd=source:127.0.0.1 getTablesByTypeCore: catName=hive: db=myDb pat=.*,type=MATERIALIZED_VIEW	
2024-04-24T12:11:51,233  INFO [TThreadPoolServer WorkerProcess-%d] metastore.ObjectStore: Dropping database hive.myDb along with all tables
2024-04-24T12:11:51,236 ERROR [TThreadPoolServer WorkerProcess-%d] metastore.RetryingHMSHandler: Retrying HMSHandler after 2000 ms (attempt 10 of 10) with error: javax.jdo.JDODataStoreException: Exception thrown flushing changes to datastore
	at org.datanucleus.api.jdo.NucleusJDOHelper.getJDOExceptionForNucleusException(NucleusJDOHelper.java:542)
	at org.datanucleus.api.jdo.JDOPersistenceManager.flush(JDOPersistenceManager.java:2081)
	at org.apache.hadoop.hive.metastore.ObjectStore.addNotificationEvent(ObjectStore.java:11639)
	at sun.reflect.GeneratedMethodAccessor68.invoke(Unknown Source)
	at sun.reflect.DelegatingMethodAccessorImpl.invoke(DelegatingMethodAccessorImpl.java:43)
	at java.lang.reflect.Method.invoke(Method.java:498)
	at org.apache.hadoop.hive.metastore.RawStoreProxy.invoke(RawStoreProxy.java:97)
	at com.sun.proxy.$Proxy32.addNotificationEvent(Unknown Source)
	at org.apache.hive.hcatalog.listener.DbNotificationListener.process(DbNotificationListener.java:1403)
	at org.apache.hive.hcatalog.listener.DbNotificationListener.onDropDatabase(DbNotificationListener.java:513)
	at org.apache.hadoop.hive.metastore.MetaStoreListenerNotifier$26.notify(MetaStoreListenerNotifier.java:99)
	at org.apache.hadoop.hive.metastore.MetaStoreListenerNotifier.notifyEvent(MetaStoreListenerNotifier.java:339)
	at org.apache.hadoop.hive.metastore.HMSHandler.drop_database_core(HMSHandler.java:1785)
	at org.apache.hadoop.hive.metastore.HMSHandler.drop_database(HMSHandler.java:1869)
	at sun.reflect.GeneratedMethodAccessor74.invoke(Unknown Source)
	at sun.reflect.DelegatingMethodAccessorImpl.invoke(DelegatingMethodAccessorImpl.java:43)
	at java.lang.reflect.Method.invoke(Method.java:498)
	at org.apache.hadoop.hive.metastore.RetryingHMSHandler.invokeInternal(RetryingHMSHandler.java:147)
	at org.apache.hadoop.hive.metastore.RetryingHMSHandler.invoke(RetryingHMSHandler.java:108)
	at com.sun.proxy.$Proxy34.drop_database(Unknown Source)
	at org.apache.hadoop.hive.metastore.api.ThriftHiveMetastore$Processor$drop_database.getResult(ThriftHiveMetastore.java:18285)
	at org.apache.hadoop.hive.metastore.api.ThriftHiveMetastore$Processor$drop_database.getResult(ThriftHiveMetastore.java:18264)
	at org.apache.thrift.ProcessFunction.process(ProcessFunction.java:38)
	at org.apache.hadoop.hive.metastore.TUGIBasedProcessor$1.run(TUGIBasedProcessor.java:111)
	at org.apache.hadoop.hive.metastore.TUGIBasedProcessor$1.run(TUGIBasedProcessor.java:107)
	at java.security.AccessController.doPrivileged(Native Method)
	at javax.security.auth.Subject.doAs(Subject.java:422)
	at org.apache.hadoop.security.UserGroupInformation.doAs(UserGroupInformation.java:1682)
	at org.apache.hadoop.hive.metastore.TUGIBasedProcessor.process(TUGIBasedProcessor.java:119)
	at org.apache.thrift.server.TThreadPoolServer$WorkerProcess.run(TThreadPoolServer.java:248)
	at java.util.concurrent.ThreadPoolExecutor.runWorker(ThreadPoolExecutor.java:1149)
	at java.util.concurrent.ThreadPoolExecutor$Worker.run(ThreadPoolExecutor.java:624)
	at java.lang.Thread.run(Thread.java:750)
NestedThrowablesStackTrace:
java.sql.BatchUpdateException: DELETE on table 'DBS' caused a violation of foreign key constraint 'TBLS_FK1' for key (22).  The statement has been rolled back.
	at org.apache.derby.impl.jdbc.EmbedStatement.executeLargeBatch(Unknown Source)
	at org.apache.derby.impl.jdbc.EmbedStatement.executeBatch(Unknown Source)
	at com.zaxxer.hikari.pool.ProxyStatement.executeBatch(ProxyStatement.java:128)
	at com.zaxxer.hikari.pool.HikariProxyPreparedStatement.executeBatch(HikariProxyPreparedStatement.java)
	at org.datanucleus.store.rdbms.ParamLoggingPreparedStatement.executeBatch(ParamLoggingPreparedStatement.java:366)
	at org.datanucleus.store.rdbms.SQLController.processConnectionStatement(SQLController.java:675)
	at org.datanucleus.store.rdbms.SQLController.processStatementsForConnection(SQLController.java:643)
	at org.datanucleus.store.rdbms.SQLController$1.transactionFlushed(SQLController.java:729)
	at org.datanucleus.store.connection.AbstractManagedConnection.transactionFlushed(AbstractManagedConnection.java:95)
	at org.datanucleus.store.connection.ConnectionManagerImpl$2.transactionFlushed(ConnectionManagerImpl.java:528)
	at org.datanucleus.TransactionImpl.flush(TransactionImpl.java:222)
	at org.datanucleus.ExecutionContextImpl.flushInternal(ExecutionContextImpl.java:4068)
	at org.datanucleus.ExecutionContextThreadedImpl.flushInternal(ExecutionContextThreadedImpl.java:448)
	at org.datanucleus.ExecutionContextImpl.flush(ExecutionContextImpl.java:4009)
	at org.datanucleus.ExecutionContextThreadedImpl.flush(ExecutionContextThreadedImpl.java:434)
	at org.datanucleus.api.jdo.JDOPersistenceManager.flush(JDOPersistenceManager.java:2064)
	at org.apache.hadoop.hive.metastore.ObjectStore.addNotificationEvent(ObjectStore.java:11639)
	at sun.reflect.GeneratedMethodAccessor68.invoke(Unknown Source)
	at sun.reflect.DelegatingMethodAccessorImpl.invoke(DelegatingMethodAccessorImpl.java:43)
	at java.lang.reflect.Method.invoke(Method.java:498)
	at org.apache.hadoop.hive.metastore.RawStoreProxy.invoke(RawStoreProxy.java:97)
	at com.sun.proxy.$Proxy32.addNotificationEvent(Unknown Source)
	at org.apache.hive.hcatalog.listener.DbNotificationListener.process(DbNotificationListener.java:1403)
	at org.apache.hive.hcatalog.listener.DbNotificationListener.onDropDatabase(DbNotificationListener.java:513)
	at org.apache.hadoop.hive.metastore.MetaStoreListenerNotifier$26.notify(MetaStoreListenerNotifier.java:99)
	at org.apache.hadoop.hive.metastore.MetaStoreListenerNotifier.notifyEvent(MetaStoreListenerNotifier.java:339)
	at org.apache.hadoop.hive.metastore.HMSHandler.drop_database_core(HMSHandler.java:1785)
	at org.apache.hadoop.hive.metastore.HMSHandler.drop_database(HMSHandler.java:1869)
	at sun.reflect.GeneratedMethodAccessor74.invoke(Unknown Source)
	at sun.reflect.DelegatingMethodAccessorImpl.invoke(DelegatingMethodAccessorImpl.java:43)
	at java.lang.reflect.Method.invoke(Method.java:498)
	at org.apache.hadoop.hive.metastore.RetryingHMSHandler.invokeInternal(RetryingHMSHandler.java:147)
	at org.apache.hadoop.hive.metastore.RetryingHMSHandler.invoke(RetryingHMSHandler.java:108)
	at com.sun.proxy.$Proxy34.drop_database(Unknown Source)
	at org.apache.hadoop.hive.metastore.api.ThriftHiveMetastore$Processor$drop_database.getResult(ThriftHiveMetastore.java:18285)
	at org.apache.hadoop.hive.metastore.api.ThriftHiveMetastore$Processor$drop_database.getResult(ThriftHiveMetastore.java:18264)
	at org.apache.thrift.ProcessFunction.process(ProcessFunction.java:38)
	at org.apache.hadoop.hive.metastore.TUGIBasedProcessor$1.run(TUGIBasedProcessor.java:111)
	at org.apache.hadoop.hive.metastore.TUGIBasedProcessor$1.run(TUGIBasedProcessor.java:107)
	at java.security.AccessController.doPrivileged(Native Method)
	at javax.security.auth.Subject.doAs(Subject.java:422)
	at org.apache.hadoop.security.UserGroupInformation.doAs(UserGroupInformation.java:1682)
	at org.apache.hadoop.hive.metastore.TUGIBasedProcessor.process(TUGIBasedProcessor.java:119)
	at org.apache.thrift.server.TThreadPoolServer$WorkerProcess.run(TThreadPoolServer.java:248)
	at java.util.concurrent.ThreadPoolExecutor.runWorker(ThreadPoolExecutor.java:1149)
	at java.util.concurrent.ThreadPoolExecutor$Worker.run(ThreadPoolExecutor.java:624)
	at java.lang.Thread.run(Thread.java:750)
Caused by: org.apache.derby.shared.common.error.DerbySQLIntegrityConstraintViolationException: DELETE on table 'DBS' caused a violation of foreign key constraint 'TBLS_FK1' for key (22).  The statement has been rolled back.
	at org.apache.derby.impl.jdbc.SQLExceptionFactory.getSQLException(Unknown Source)
	at org.apache.derby.impl.jdbc.Util.generateCsSQLException(Unknown Source)
	at org.apache.derby.impl.jdbc.TransactionResourceImpl.wrapInSQLException(Unknown Source)
	at org.apache.derby.impl.jdbc.TransactionResourceImpl.handleException(Unknown Source)
	at org.apache.derby.impl.jdbc.EmbedConnection.handleException(Unknown Source)
	at org.apache.derby.impl.jdbc.ConnectionChild.handleException(Unknown Source)
	at org.apache.derby.impl.jdbc.EmbedStatement.executeStatement(Unknown Source)
	at org.apache.derby.impl.jdbc.EmbedPreparedStatement.executeBatchElement(Unknown Source)
	... 47 more
Caused by: ERROR 23503: DELETE on table 'DBS' caused a violation of foreign key constraint 'TBLS_FK1' for key (22).  The statement has been rolled back.
	at org.apache.derby.iapi.error.StandardException.newException(Unknown Source)
	at org.apache.derby.iapi.error.StandardException.newException(Unknown Source)
	at org.apache.derby.impl.sql.execute.ReferencedKeyRIChecker.doCheck(Unknown Source)
	at org.apache.derby.impl.sql.execute.RISetChecker.doPKCheck(Unknown Source)
	at org.apache.derby.impl.sql.execute.DeleteResultSet.collectAffectedRows(Unknown Source)
	at org.apache.derby.impl.sql.execute.DeleteResultSet.open(Unknown Source)
	at org.apache.derby.impl.sql.GenericPreparedStatement.executeStmt(Unknown Source)
	at org.apache.derby.impl.sql.GenericPreparedStatement.execute(Unknown Source)
	... 49 more

2024-04-24T12:11:53,237  INFO [TThreadPoolServer WorkerProcess-%d] HiveMetaStore.audit: ugi=alex	ip=127.0.0.1	cmd=source:127.0.0.1 drop_database: @hive#myDb	
2024-04-24T12:11:53,239  INFO [TThreadPoolServer WorkerProcess-%d] HiveMetaStore.audit: ugi=alex	ip=127.0.0.1	cmd=source:127.0.0.1 get_all_tables: db=@hive#myDb	
2024-04-24T12:11:53,241  INFO [TThreadPoolServer WorkerProcess-%d] HiveMetaStore.audit: ugi=alex	ip=127.0.0.1	cmd=source:127.0.0.1 get_functions: db=@hive#myDb pat=*	
2024-04-24T12:11:53,242  INFO [TThreadPoolServer WorkerProcess-%d] HiveMetaStore.audit: ugi=alex	ip=127.0.0.1	cmd=source:127.0.0.1 get_all_stored_procedures	
2024-04-24T12:11:53,243  INFO [TThreadPoolServer WorkerProcess-%d] HiveMetaStore.audit: ugi=alex	ip=127.0.0.1	cmd=source:127.0.0.1 get_all_packages	
2024-04-24T12:11:53,243  INFO [TThreadPoolServer WorkerProcess-%d] HiveMetaStore.audit: ugi=alex	ip=127.0.0.1	cmd=source:127.0.0.1 getTablesByTypeCore: catName=hive: db=myDb pat=.*,type=MATERIALIZED_VIEW	
2024-04-24T12:11:53,245  INFO [TThreadPoolServer WorkerProcess-%d] metastore.ObjectStore: Dropping database hive.myDb along with all tables
2024-04-24T12:11:53,248 ERROR [TThreadPoolServer WorkerProcess-%d] metastore.RetryingHMSHandler: HMSHandler Fatal error: javax.jdo.JDODataStoreException: Exception thrown flushing changes to datastore
	at org.datanucleus.api.jdo.NucleusJDOHelper.getJDOExceptionForNucleusException(NucleusJDOHelper.java:542)
	at org.datanucleus.api.jdo.JDOPersistenceManager.flush(JDOPersistenceManager.java:2081)
	at org.apache.hadoop.hive.metastore.ObjectStore.addNotificationEvent(ObjectStore.java:11639)
	at sun.reflect.GeneratedMethodAccessor68.invoke(Unknown Source)
	at sun.reflect.DelegatingMethodAccessorImpl.invoke(DelegatingMethodAccessorImpl.java:43)
	at java.lang.reflect.Method.invoke(Method.java:498)
	at org.apache.hadoop.hive.metastore.RawStoreProxy.invoke(RawStoreProxy.java:97)
	at com.sun.proxy.$Proxy32.addNotificationEvent(Unknown Source)
	at org.apache.hive.hcatalog.listener.DbNotificationListener.process(DbNotificationListener.java:1403)
	at org.apache.hive.hcatalog.listener.DbNotificationListener.onDropDatabase(DbNotificationListener.java:513)
	at org.apache.hadoop.hive.metastore.MetaStoreListenerNotifier$26.notify(MetaStoreListenerNotifier.java:99)
	at org.apache.hadoop.hive.metastore.MetaStoreListenerNotifier.notifyEvent(MetaStoreListenerNotifier.java:339)
	at org.apache.hadoop.hive.metastore.HMSHandler.drop_database_core(HMSHandler.java:1785)
	at org.apache.hadoop.hive.metastore.HMSHandler.drop_database(HMSHandler.java:1869)
	at sun.reflect.GeneratedMethodAccessor74.invoke(Unknown Source)
	at sun.reflect.DelegatingMethodAccessorImpl.invoke(DelegatingMethodAccessorImpl.java:43)
	at java.lang.reflect.Method.invoke(Method.java:498)
	at org.apache.hadoop.hive.metastore.RetryingHMSHandler.invokeInternal(RetryingHMSHandler.java:147)
	at org.apache.hadoop.hive.metastore.RetryingHMSHandler.invoke(RetryingHMSHandler.java:108)
	at com.sun.proxy.$Proxy34.drop_database(Unknown Source)
	at org.apache.hadoop.hive.metastore.api.ThriftHiveMetastore$Processor$drop_database.getResult(ThriftHiveMetastore.java:18285)
	at org.apache.hadoop.hive.metastore.api.ThriftHiveMetastore$Processor$drop_database.getResult(ThriftHiveMetastore.java:18264)
	at org.apache.thrift.ProcessFunction.process(ProcessFunction.java:38)
	at org.apache.hadoop.hive.metastore.TUGIBasedProcessor$1.run(TUGIBasedProcessor.java:111)
	at org.apache.hadoop.hive.metastore.TUGIBasedProcessor$1.run(TUGIBasedProcessor.java:107)
	at java.security.AccessController.doPrivileged(Native Method)
	at javax.security.auth.Subject.doAs(Subject.java:422)
	at org.apache.hadoop.security.UserGroupInformation.doAs(UserGroupInformation.java:1682)
	at org.apache.hadoop.hive.metastore.TUGIBasedProcessor.process(TUGIBasedProcessor.java:119)
	at org.apache.thrift.server.TThreadPoolServer$WorkerProcess.run(TThreadPoolServer.java:248)
	at java.util.concurrent.ThreadPoolExecutor.runWorker(ThreadPoolExecutor.java:1149)
	at java.util.concurrent.ThreadPoolExecutor$Worker.run(ThreadPoolExecutor.java:624)
	at java.lang.Thread.run(Thread.java:750)
NestedThrowablesStackTrace:
java.sql.BatchUpdateException: DELETE on table 'DBS' caused a violation of foreign key constraint 'TBLS_FK1' for key (22).  The statement has been rolled back.
	at org.apache.derby.impl.jdbc.EmbedStatement.executeLargeBatch(Unknown Source)
	at org.apache.derby.impl.jdbc.EmbedStatement.executeBatch(Unknown Source)
	at com.zaxxer.hikari.pool.ProxyStatement.executeBatch(ProxyStatement.java:128)
	at com.zaxxer.hikari.pool.HikariProxyPreparedStatement.executeBatch(HikariProxyPreparedStatement.java)
	at org.datanucleus.store.rdbms.ParamLoggingPreparedStatement.executeBatch(ParamLoggingPreparedStatement.java:366)
	at org.datanucleus.store.rdbms.SQLController.processConnectionStatement(SQLController.java:675)
	at org.datanucleus.store.rdbms.SQLController.processStatementsForConnection(SQLController.java:643)
	at org.datanucleus.store.rdbms.SQLController$1.transactionFlushed(SQLController.java:729)
	at org.datanucleus.store.connection.AbstractManagedConnection.transactionFlushed(AbstractManagedConnection.java:95)
	at org.datanucleus.store.connection.ConnectionManagerImpl$2.transactionFlushed(ConnectionManagerImpl.java:528)
	at org.datanucleus.TransactionImpl.flush(TransactionImpl.java:222)
	at org.datanucleus.ExecutionContextImpl.flushInternal(ExecutionContextImpl.java:4068)
	at org.datanucleus.ExecutionContextThreadedImpl.flushInternal(ExecutionContextThreadedImpl.java:448)
	at org.datanucleus.ExecutionContextImpl.flush(ExecutionContextImpl.java:4009)
	at org.datanucleus.ExecutionContextThreadedImpl.flush(ExecutionContextThreadedImpl.java:434)
	at org.datanucleus.api.jdo.JDOPersistenceManager.flush(JDOPersistenceManager.java:2064)
	at org.apache.hadoop.hive.metastore.ObjectStore.addNotificationEvent(ObjectStore.java:11639)
	at sun.reflect.GeneratedMethodAccessor68.invoke(Unknown Source)
	at sun.reflect.DelegatingMethodAccessorImpl.invoke(DelegatingMethodAccessorImpl.java:43)
	at java.lang.reflect.Method.invoke(Method.java:498)
	at org.apache.hadoop.hive.metastore.RawStoreProxy.invoke(RawStoreProxy.java:97)
	at com.sun.proxy.$Proxy32.addNotificationEvent(Unknown Source)
	at org.apache.hive.hcatalog.listener.DbNotificationListener.process(DbNotificationListener.java:1403)
	at org.apache.hive.hcatalog.listener.DbNotificationListener.onDropDatabase(DbNotificationListener.java:513)
	at org.apache.hadoop.hive.metastore.MetaStoreListenerNotifier$26.notify(MetaStoreListenerNotifier.java:99)
	at org.apache.hadoop.hive.metastore.MetaStoreListenerNotifier.notifyEvent(MetaStoreListenerNotifier.java:339)
	at org.apache.hadoop.hive.metastore.HMSHandler.drop_database_core(HMSHandler.java:1785)
	at org.apache.hadoop.hive.metastore.HMSHandler.drop_database(HMSHandler.java:1869)
	at sun.reflect.GeneratedMethodAccessor74.invoke(Unknown Source)
	at sun.reflect.DelegatingMethodAccessorImpl.invoke(DelegatingMethodAccessorImpl.java:43)
	at java.lang.reflect.Method.invoke(Method.java:498)
	at org.apache.hadoop.hive.metastore.RetryingHMSHandler.invokeInternal(RetryingHMSHandler.java:147)
	at org.apache.hadoop.hive.metastore.RetryingHMSHandler.invoke(RetryingHMSHandler.java:108)
	at com.sun.proxy.$Proxy34.drop_database(Unknown Source)
	at org.apache.hadoop.hive.metastore.api.ThriftHiveMetastore$Processor$drop_database.getResult(ThriftHiveMetastore.java:18285)
	at org.apache.hadoop.hive.metastore.api.ThriftHiveMetastore$Processor$drop_database.getResult(ThriftHiveMetastore.java:18264)
	at org.apache.thrift.ProcessFunction.process(ProcessFunction.java:38)
	at org.apache.hadoop.hive.metastore.TUGIBasedProcessor$1.run(TUGIBasedProcessor.java:111)
	at org.apache.hadoop.hive.metastore.TUGIBasedProcessor$1.run(TUGIBasedProcessor.java:107)
	at java.security.AccessController.doPrivileged(Native Method)
	at javax.security.auth.Subject.doAs(Subject.java:422)
	at org.apache.hadoop.security.UserGroupInformation.doAs(UserGroupInformation.java:1682)
	at org.apache.hadoop.hive.metastore.TUGIBasedProcessor.process(TUGIBasedProcessor.java:119)
	at org.apache.thrift.server.TThreadPoolServer$WorkerProcess.run(TThreadPoolServer.java:248)
	at java.util.concurrent.ThreadPoolExecutor.runWorker(ThreadPoolExecutor.java:1149)
	at java.util.concurrent.ThreadPoolExecutor$Worker.run(ThreadPoolExecutor.java:624)
	at java.lang.Thread.run(Thread.java:750)
Caused by: org.apache.derby.shared.common.error.DerbySQLIntegrityConstraintViolationException: DELETE on table 'DBS' caused a violation of foreign key constraint 'TBLS_FK1' for key (22).  The statement has been rolled back.
	at org.apache.derby.impl.jdbc.SQLExceptionFactory.getSQLException(Unknown Source)
	at org.apache.derby.impl.jdbc.Util.generateCsSQLException(Unknown Source)
	at org.apache.derby.impl.jdbc.TransactionResourceImpl.wrapInSQLException(Unknown Source)
	at org.apache.derby.impl.jdbc.TransactionResourceImpl.handleException(Unknown Source)
	at org.apache.derby.impl.jdbc.EmbedConnection.handleException(Unknown Source)
	at org.apache.derby.impl.jdbc.ConnectionChild.handleException(Unknown Source)
	at org.apache.derby.impl.jdbc.EmbedStatement.executeStatement(Unknown Source)
	at org.apache.derby.impl.jdbc.EmbedPreparedStatement.executeBatchElement(Unknown Source)
	... 47 more
Caused by: ERROR 23503: DELETE on table 'DBS' caused a violation of foreign key constraint 'TBLS_FK1' for key (22).  The statement has been rolled back.
	at org.apache.derby.iapi.error.StandardException.newException(Unknown Source)
	at org.apache.derby.iapi.error.StandardException.newException(Unknown Source)
	at org.apache.derby.impl.sql.execute.ReferencedKeyRIChecker.doCheck(Unknown Source)
	at org.apache.derby.impl.sql.execute.RISetChecker.doPKCheck(Unknown Source)
	at org.apache.derby.impl.sql.execute.DeleteResultSet.collectAffectedRows(Unknown Source)
	at org.apache.derby.impl.sql.execute.DeleteResultSet.open(Unknown Source)
	at org.apache.derby.impl.sql.GenericPreparedStatement.executeStmt(Unknown Source)
	at org.apache.derby.impl.sql.GenericPreparedStatement.execute(Unknown Source)
	... 49 more

2024-04-24T12:11:53,248  WARN [main] metastore.RetryingMetaStoreClient: MetaStoreClient lost connection. Attempting to reconnect (1 of 1) after 1s. dropDatabase
org.apache.hadoop.hive.metastore.api.MetaException: javax.jdo.JDODataStoreException: Exception thrown flushing changes to datastore
NestedThrowables:
java.sql.BatchUpdateException: DELETE on table 'DBS' caused a violation of foreign key constraint 'TBLS_FK1' for key (22).  The statement has been rolled back.
	at org.apache.hadoop.hive.metastore.api.ThriftHiveMetastore$drop_database_result$drop_database_resultStandardScheme.read(ThriftHiveMetastore.java:54495) ~[classes/:?]
	at org.apache.hadoop.hive.metastore.api.ThriftHiveMetastore$drop_database_result$drop_database_resultStandardScheme.read(ThriftHiveMetastore.java:54463) ~[classes/:?]
	at org.apache.hadoop.hive.metastore.api.ThriftHiveMetastore$drop_database_result.read(ThriftHiveMetastore.java:54397) ~[classes/:?]
	at org.apache.thrift.TServiceClient.receiveBase(TServiceClient.java:88) ~[libthrift-0.14.1.jar:0.14.1]
	at org.apache.hadoop.hive.metastore.api.ThriftHiveMetastore$Client.recv_drop_database(ThriftHiveMetastore.java:1404) ~[classes/:?]
	at org.apache.hadoop.hive.metastore.api.ThriftHiveMetastore$Client.drop_database(ThriftHiveMetastore.java:1389) ~[classes/:?]
	at org.apache.hadoop.hive.metastore.HiveMetaStoreClient.dropDatabaseCascadePerDb(HiveMetaStoreClient.java:1601) ~[classes/:?]
	at org.apache.hadoop.hive.metastore.HiveMetaStoreClient.dropDatabase(HiveMetaStoreClient.java:1532) ~[classes/:?]
	at org.apache.hadoop.hive.metastore.HiveMetaStoreClient.dropDatabase(HiveMetaStoreClient.java:1485) ~[classes/:?]
	at sun.reflect.GeneratedMethodAccessor358.invoke(Unknown Source) ~[?:?]
	at sun.reflect.DelegatingMethodAccessorImpl.invoke(DelegatingMethodAccessorImpl.java:43) ~[?:1.8.0_402]
	at java.lang.reflect.Method.invoke(Method.java:498) ~[?:1.8.0_402]
	at org.apache.hadoop.hive.metastore.RetryingMetaStoreClient.invoke(RetryingMetaStoreClient.java:214) [classes/:?]
	at com.sun.proxy.$Proxy35.dropDatabase(Unknown Source) [?:?]
	at org.apache.hive.hcatalog.api.HCatClientHMSImpl.dropDatabase(HCatClientHMSImpl.java:154) [classes/:?]
	at org.apache.hive.hcatalog.api.TestHCatClient.testPartitionSchema(TestHCatClient.java:668) [test-classes/:?]
	at sun.reflect.NativeMethodAccessorImpl.invoke0(Native Method) ~[?:1.8.0_402]
	at sun.reflect.NativeMethodAccessorImpl.invoke(NativeMethodAccessorImpl.java:62) ~[?:1.8.0_402]
	at sun.reflect.DelegatingMethodAccessorImpl.invoke(DelegatingMethodAccessorImpl.java:43) ~[?:1.8.0_402]
	at java.lang.reflect.Method.invoke(Method.java:498) ~[?:1.8.0_402]
	at org.junit.runners.model.FrameworkMethod$1.runReflectiveCall(FrameworkMethod.java:59) [junit-4.13.jar:4.13]
	at org.junit.internal.runners.model.ReflectiveCallable.run(ReflectiveCallable.java:12) [junit-4.13.jar:4.13]
	at org.junit.runners.model.FrameworkMethod.invokeExplosively(FrameworkMethod.java:56) [junit-4.13.jar:4.13]
	at org.junit.internal.runners.statements.InvokeMethod.evaluate(InvokeMethod.java:17) [junit-4.13.jar:4.13]
	at org.junit.runners.ParentRunner$3.evaluate(ParentRunner.java:306) [junit-4.13.jar:4.13]
	at org.junit.runners.BlockJUnit4ClassRunner$1.evaluate(BlockJUnit4ClassRunner.java:100) [junit-4.13.jar:4.13]
	at org.junit.runners.ParentRunner.runLeaf(ParentRunner.java:366) [junit-4.13.jar:4.13]
	at org.junit.runners.BlockJUnit4ClassRunner.runChild(BlockJUnit4ClassRunner.java:103) [junit-4.13.jar:4.13]
	at org.junit.runners.BlockJUnit4ClassRunner.runChild(BlockJUnit4ClassRunner.java:63) [junit-4.13.jar:4.13]
	at org.junit.runners.ParentRunner$4.run(ParentRunner.java:331) [junit-4.13.jar:4.13]
	at org.junit.runners.ParentRunner$1.schedule(ParentRunner.java:79) [junit-4.13.jar:4.13]
	at org.junit.runners.ParentRunner.runChildren(ParentRunner.java:329) [junit-4.13.jar:4.13]
	at org.junit.runners.ParentRunner.access$100(ParentRunner.java:66) [junit-4.13.jar:4.13]
	at org.junit.runners.ParentRunner$2.evaluate(ParentRunner.java:293) [junit-4.13.jar:4.13]
	at org.junit.internal.runners.statements.RunBefores.evaluate(RunBefores.java:26) [junit-4.13.jar:4.13]
	at org.junit.internal.runners.statements.RunAfters.evaluate(RunAfters.java:27) [junit-4.13.jar:4.13]
	at org.junit.runners.ParentRunner$3.evaluate(ParentRunner.java:306) [junit-4.13.jar:4.13]
	at org.junit.runners.ParentRunner.run(ParentRunner.java:413) [junit-4.13.jar:4.13]
	at org.junit.runners.Suite.runChild(Suite.java:128) [junit-4.13.jar:4.13]
	at org.junit.runners.Suite.runChild(Suite.java:27) [junit-4.13.jar:4.13]
	at org.junit.runners.ParentRunner$4.run(ParentRunner.java:331) [junit-4.13.jar:4.13]
	at org.junit.runners.ParentRunner$1.schedule(ParentRunner.java:79) [junit-4.13.jar:4.13]
	at org.junit.runners.ParentRunner.runChildren(ParentRunner.java:329) [junit-4.13.jar:4.13]
	at org.junit.runners.ParentRunner.access$100(ParentRunner.java:66) [junit-4.13.jar:4.13]
	at org.junit.runners.ParentRunner$2.evaluate(ParentRunner.java:293) [junit-4.13.jar:4.13]
	at org.junit.runners.ParentRunner$3.evaluate(ParentRunner.java:306) [junit-4.13.jar:4.13]
	at org.junit.runners.ParentRunner.run(ParentRunner.java:413) [junit-4.13.jar:4.13]
	at org.apache.maven.surefire.junitcore.JUnitCore.run(JUnitCore.java:55) [surefire-junit47-3.0.0-M4.jar:3.0.0-M4]
	at org.apache.maven.surefire.junitcore.JUnitCoreWrapper.createRequestAndRun(JUnitCoreWrapper.java:137) [surefire-junit47-3.0.0-M4.jar:3.0.0-M4]
	at org.apache.maven.surefire.junitcore.JUnitCoreWrapper.executeEager(JUnitCoreWrapper.java:107) [surefire-junit47-3.0.0-M4.jar:3.0.0-M4]
	at org.apache.maven.surefire.junitcore.JUnitCoreWrapper.execute(JUnitCoreWrapper.java:83) [surefire-junit47-3.0.0-M4.jar:3.0.0-M4]
	at org.apache.maven.surefire.junitcore.JUnitCoreWrapper.execute(JUnitCoreWrapper.java:75) [surefire-junit47-3.0.0-M4.jar:3.0.0-M4]
	at org.apache.maven.surefire.junitcore.JUnitCoreProvider.invoke(JUnitCoreProvider.java:158) [surefire-junit47-3.0.0-M4.jar:3.0.0-M4]
	at org.apache.maven.surefire.booter.ForkedBooter.runSuitesInProcess(ForkedBooter.java:377) [surefire-booter-3.0.0-M4.jar:3.0.0-M4]
	at org.apache.maven.surefire.booter.ForkedBooter.execute(ForkedBooter.java:138) [surefire-booter-3.0.0-M4.jar:3.0.0-M4]
	at org.apache.maven.surefire.booter.ForkedBooter.run(ForkedBooter.java:465) [surefire-booter-3.0.0-M4.jar:3.0.0-M4]
	at org.apache.maven.surefire.booter.ForkedBooter.main(ForkedBooter.java:451) [surefire-booter-3.0.0-M4.jar:3.0.0-M4]
2024-04-24T12:11:54,252  INFO [main] metastore.RetryingMetaStoreClient: RetryingMetaStoreClient trying reconnect as alex (auth:SIMPLE)
2024-04-24T12:11:54,252  INFO [main] metastore.HiveMetaStoreClient: Trying to connect to metastore with URI (thrift://localhost:34727)
2024-04-24T12:11:54,253  INFO [main] metastore.HiveMetaStoreClient: Opened a connection to metastore, URI (thrift://localhost:34727) current connections: 8
2024-04-24T12:11:54,256  INFO [TThreadPoolServer WorkerProcess-%d] HiveMetaStore.audit: ugi=alex	ip=127.0.0.1	cmd=source:127.0.0.1 get_database: myDb	
2024-04-24T12:11:54,258  INFO [TThreadPoolServer WorkerProcess-%d] metastore.HMSHandler: 17: Opening raw store with implementation class:org.apache.hadoop.hive.metastore.ObjectStore
2024-04-24T12:11:54,259  INFO [TThreadPoolServer WorkerProcess-%d] metastore.ObjectStore: RawStore: org.apache.hadoop.hive.metastore.ObjectStore@176cf525, with PersistenceManager: null will be shutdown
2024-04-24T12:11:54,259  INFO [TThreadPoolServer WorkerProcess-%d] metastore.ObjectStore: RawStore: org.apache.hadoop.hive.metastore.ObjectStore@176cf525, with PersistenceManager: org.datanucleus.api.jdo.JDOPersistenceManager@7f41484e created in the thread with id: 228
2024-04-24T12:11:54,262  INFO [TThreadPoolServer WorkerProcess-%d] metastore.HMSHandler: Created RawStore: org.apache.hadoop.hive.metastore.ObjectStore@176cf525 from thread id: 228
2024-04-24T12:11:54,263  INFO [TThreadPoolServer WorkerProcess-%d] HiveMetaStore.audit: ugi=alex	ip=127.0.0.1	cmd=source:127.0.0.1 get_tables_by_type: db=@hive#myDb pat=.*,type=MATERIALIZED_VIEW	
2024-04-24T12:11:54,264  INFO [TThreadPoolServer WorkerProcess-%d] HiveMetaStore.audit: ugi=alex	ip=127.0.0.1	cmd=source:127.0.0.1 getTablesByTypeCore: catName=hive: db=myDb pat=.*,type=MATERIALIZED_VIEW	
2024-04-24T12:11:54,265  INFO [TThreadPoolServer WorkerProcess-%d] HiveMetaStore.audit: ugi=alex	ip=127.0.0.1	cmd=source:127.0.0.1 get_all_tables: db=@hive#myDb	
2024-04-24T12:11:54,267  INFO [TThreadPoolServer WorkerProcess-%d] HiveMetaStore.audit: ugi=alex	ip=127.0.0.1	cmd=source:127.0.0.1 get_multi_table : db=myDb tbls=mytable	
2024-04-24T12:11:54,269  INFO [TThreadPoolServer WorkerProcess-%d] HiveMetaStore.audit: ugi=alex	ip=127.0.0.1	cmd=source:127.0.0.1 drop_database: @hive#myDb	
2024-04-24T12:11:54,270  INFO [TThreadPoolServer WorkerProcess-%d] HiveMetaStore.audit: ugi=alex	ip=127.0.0.1	cmd=source:127.0.0.1 get_all_tables: db=@hive#myDb	
2024-04-24T12:11:54,271  INFO [TThreadPoolServer WorkerProcess-%d] HiveMetaStore.audit: ugi=alex	ip=127.0.0.1	cmd=source:127.0.0.1 get_functions: db=@hive#myDb pat=*	
2024-04-24T12:11:54,272  INFO [TThreadPoolServer WorkerProcess-%d] HiveMetaStore.audit: ugi=alex	ip=127.0.0.1	cmd=source:127.0.0.1 get_all_stored_procedures	
2024-04-24T12:11:54,272  INFO [TThreadPoolServer WorkerProcess-%d] HiveMetaStore.audit: ugi=alex	ip=127.0.0.1	cmd=source:127.0.0.1 get_all_packages	
2024-04-24T12:11:54,273  INFO [TThreadPoolServer WorkerProcess-%d] HiveMetaStore.audit: ugi=alex	ip=127.0.0.1	cmd=source:127.0.0.1 getTablesByTypeCore: catName=hive: db=myDb pat=.*,type=MATERIALIZED_VIEW	
2024-04-24T12:11:54,275  INFO [TThreadPoolServer WorkerProcess-%d] metastore.ObjectStore: Dropping database hive.myDb along with all tables
2024-04-24T12:11:54,278 ERROR [TThreadPoolServer WorkerProcess-%d] metastore.RetryingHMSHandler: Retrying HMSHandler after 2000 ms (attempt 1 of 10) with error: javax.jdo.JDODataStoreException: Exception thrown flushing changes to datastore
	at org.datanucleus.api.jdo.NucleusJDOHelper.getJDOExceptionForNucleusException(NucleusJDOHelper.java:542)
	at org.datanucleus.api.jdo.JDOPersistenceManager.flush(JDOPersistenceManager.java:2081)
	at org.apache.hadoop.hive.metastore.ObjectStore.addNotificationEvent(ObjectStore.java:11639)
	at sun.reflect.GeneratedMethodAccessor68.invoke(Unknown Source)
	at sun.reflect.DelegatingMethodAccessorImpl.invoke(DelegatingMethodAccessorImpl.java:43)
	at java.lang.reflect.Method.invoke(Method.java:498)
	at org.apache.hadoop.hive.metastore.RawStoreProxy.invoke(RawStoreProxy.java:97)
	at com.sun.proxy.$Proxy32.addNotificationEvent(Unknown Source)
	at org.apache.hive.hcatalog.listener.DbNotificationListener.process(DbNotificationListener.java:1403)
	at org.apache.hive.hcatalog.listener.DbNotificationListener.onDropDatabase(DbNotificationListener.java:513)
	at org.apache.hadoop.hive.metastore.MetaStoreListenerNotifier$26.notify(MetaStoreListenerNotifier.java:99)
	at org.apache.hadoop.hive.metastore.MetaStoreListenerNotifier.notifyEvent(MetaStoreListenerNotifier.java:339)
	at org.apache.hadoop.hive.metastore.HMSHandler.drop_database_core(HMSHandler.java:1785)
	at org.apache.hadoop.hive.metastore.HMSHandler.drop_database(HMSHandler.java:1869)
	at sun.reflect.GeneratedMethodAccessor74.invoke(Unknown Source)
	at sun.reflect.DelegatingMethodAccessorImpl.invoke(DelegatingMethodAccessorImpl.java:43)
	at java.lang.reflect.Method.invoke(Method.java:498)
	at org.apache.hadoop.hive.metastore.RetryingHMSHandler.invokeInternal(RetryingHMSHandler.java:147)
	at org.apache.hadoop.hive.metastore.RetryingHMSHandler.invoke(RetryingHMSHandler.java:108)
	at com.sun.proxy.$Proxy34.drop_database(Unknown Source)
	at org.apache.hadoop.hive.metastore.api.ThriftHiveMetastore$Processor$drop_database.getResult(ThriftHiveMetastore.java:18285)
	at org.apache.hadoop.hive.metastore.api.ThriftHiveMetastore$Processor$drop_database.getResult(ThriftHiveMetastore.java:18264)
	at org.apache.thrift.ProcessFunction.process(ProcessFunction.java:38)
	at org.apache.hadoop.hive.metastore.TUGIBasedProcessor$1.run(TUGIBasedProcessor.java:111)
	at org.apache.hadoop.hive.metastore.TUGIBasedProcessor$1.run(TUGIBasedProcessor.java:107)
	at java.security.AccessController.doPrivileged(Native Method)
	at javax.security.auth.Subject.doAs(Subject.java:422)
	at org.apache.hadoop.security.UserGroupInformation.doAs(UserGroupInformation.java:1682)
	at org.apache.hadoop.hive.metastore.TUGIBasedProcessor.process(TUGIBasedProcessor.java:119)
	at org.apache.thrift.server.TThreadPoolServer$WorkerProcess.run(TThreadPoolServer.java:248)
	at java.util.concurrent.ThreadPoolExecutor.runWorker(ThreadPoolExecutor.java:1149)
	at java.util.concurrent.ThreadPoolExecutor$Worker.run(ThreadPoolExecutor.java:624)
	at java.lang.Thread.run(Thread.java:750)
NestedThrowablesStackTrace:
java.sql.BatchUpdateException: DELETE on table 'DBS' caused a violation of foreign key constraint 'TBLS_FK1' for key (22).  The statement has been rolled back.
	at org.apache.derby.impl.jdbc.EmbedStatement.executeLargeBatch(Unknown Source)
	at org.apache.derby.impl.jdbc.EmbedStatement.executeBatch(Unknown Source)
	at com.zaxxer.hikari.pool.ProxyStatement.executeBatch(ProxyStatement.java:128)
	at com.zaxxer.hikari.pool.HikariProxyPreparedStatement.executeBatch(HikariProxyPreparedStatement.java)
	at org.datanucleus.store.rdbms.ParamLoggingPreparedStatement.executeBatch(ParamLoggingPreparedStatement.java:366)
	at org.datanucleus.store.rdbms.SQLController.processConnectionStatement(SQLController.java:675)
	at org.datanucleus.store.rdbms.SQLController.processStatementsForConnection(SQLController.java:643)
	at org.datanucleus.store.rdbms.SQLController$1.transactionFlushed(SQLController.java:729)
	at org.datanucleus.store.connection.AbstractManagedConnection.transactionFlushed(AbstractManagedConnection.java:95)
	at org.datanucleus.store.connection.ConnectionManagerImpl$2.transactionFlushed(ConnectionManagerImpl.java:528)
	at org.datanucleus.TransactionImpl.flush(TransactionImpl.java:222)
	at org.datanucleus.ExecutionContextImpl.flushInternal(ExecutionContextImpl.java:4068)
	at org.datanucleus.ExecutionContextThreadedImpl.flushInternal(ExecutionContextThreadedImpl.java:448)
	at org.datanucleus.ExecutionContextImpl.flush(ExecutionContextImpl.java:4009)
	at org.datanucleus.ExecutionContextThreadedImpl.flush(ExecutionContextThreadedImpl.java:434)
	at org.datanucleus.api.jdo.JDOPersistenceManager.flush(JDOPersistenceManager.java:2064)
	at org.apache.hadoop.hive.metastore.ObjectStore.addNotificationEvent(ObjectStore.java:11639)
	at sun.reflect.GeneratedMethodAccessor68.invoke(Unknown Source)
	at sun.reflect.DelegatingMethodAccessorImpl.invoke(DelegatingMethodAccessorImpl.java:43)
	at java.lang.reflect.Method.invoke(Method.java:498)
	at org.apache.hadoop.hive.metastore.RawStoreProxy.invoke(RawStoreProxy.java:97)
	at com.sun.proxy.$Proxy32.addNotificationEvent(Unknown Source)
	at org.apache.hive.hcatalog.listener.DbNotificationListener.process(DbNotificationListener.java:1403)
	at org.apache.hive.hcatalog.listener.DbNotificationListener.onDropDatabase(DbNotificationListener.java:513)
	at org.apache.hadoop.hive.metastore.MetaStoreListenerNotifier$26.notify(MetaStoreListenerNotifier.java:99)
	at org.apache.hadoop.hive.metastore.MetaStoreListenerNotifier.notifyEvent(MetaStoreListenerNotifier.java:339)
	at org.apache.hadoop.hive.metastore.HMSHandler.drop_database_core(HMSHandler.java:1785)
	at org.apache.hadoop.hive.metastore.HMSHandler.drop_database(HMSHandler.java:1869)
	at sun.reflect.GeneratedMethodAccessor74.invoke(Unknown Source)
	at sun.reflect.DelegatingMethodAccessorImpl.invoke(DelegatingMethodAccessorImpl.java:43)
	at java.lang.reflect.Method.invoke(Method.java:498)
	at org.apache.hadoop.hive.metastore.RetryingHMSHandler.invokeInternal(RetryingHMSHandler.java:147)
	at org.apache.hadoop.hive.metastore.RetryingHMSHandler.invoke(RetryingHMSHandler.java:108)
	at com.sun.proxy.$Proxy34.drop_database(Unknown Source)
	at org.apache.hadoop.hive.metastore.api.ThriftHiveMetastore$Processor$drop_database.getResult(ThriftHiveMetastore.java:18285)
	at org.apache.hadoop.hive.metastore.api.ThriftHiveMetastore$Processor$drop_database.getResult(ThriftHiveMetastore.java:18264)
	at org.apache.thrift.ProcessFunction.process(ProcessFunction.java:38)
	at org.apache.hadoop.hive.metastore.TUGIBasedProcessor$1.run(TUGIBasedProcessor.java:111)
	at org.apache.hadoop.hive.metastore.TUGIBasedProcessor$1.run(TUGIBasedProcessor.java:107)
	at java.security.AccessController.doPrivileged(Native Method)
	at javax.security.auth.Subject.doAs(Subject.java:422)
	at org.apache.hadoop.security.UserGroupInformation.doAs(UserGroupInformation.java:1682)
	at org.apache.hadoop.hive.metastore.TUGIBasedProcessor.process(TUGIBasedProcessor.java:119)
	at org.apache.thrift.server.TThreadPoolServer$WorkerProcess.run(TThreadPoolServer.java:248)
	at java.util.concurrent.ThreadPoolExecutor.runWorker(ThreadPoolExecutor.java:1149)
	at java.util.concurrent.ThreadPoolExecutor$Worker.run(ThreadPoolExecutor.java:624)
	at java.lang.Thread.run(Thread.java:750)
Caused by: org.apache.derby.shared.common.error.DerbySQLIntegrityConstraintViolationException: DELETE on table 'DBS' caused a violation of foreign key constraint 'TBLS_FK1' for key (22).  The statement has been rolled back.
	at org.apache.derby.impl.jdbc.SQLExceptionFactory.getSQLException(Unknown Source)
	at org.apache.derby.impl.jdbc.Util.generateCsSQLException(Unknown Source)
	at org.apache.derby.impl.jdbc.TransactionResourceImpl.wrapInSQLException(Unknown Source)
	at org.apache.derby.impl.jdbc.TransactionResourceImpl.handleException(Unknown Source)
	at org.apache.derby.impl.jdbc.EmbedConnection.handleException(Unknown Source)
	at org.apache.derby.impl.jdbc.ConnectionChild.handleException(Unknown Source)
	at org.apache.derby.impl.jdbc.EmbedStatement.executeStatement(Unknown Source)
	at org.apache.derby.impl.jdbc.EmbedPreparedStatement.executeBatchElement(Unknown Source)
	... 47 more
Caused by: ERROR 23503: DELETE on table 'DBS' caused a violation of foreign key constraint 'TBLS_FK1' for key (22).  The statement has been rolled back.
	at org.apache.derby.iapi.error.StandardException.newException(Unknown Source)
	at org.apache.derby.iapi.error.StandardException.newException(Unknown Source)
	at org.apache.derby.impl.sql.execute.ReferencedKeyRIChecker.doCheck(Unknown Source)
	at org.apache.derby.impl.sql.execute.RISetChecker.doPKCheck(Unknown Source)
	at org.apache.derby.impl.sql.execute.DeleteResultSet.collectAffectedRows(Unknown Source)
	at org.apache.derby.impl.sql.execute.DeleteResultSet.open(Unknown Source)
	at org.apache.derby.impl.sql.GenericPreparedStatement.executeStmt(Unknown Source)
	at org.apache.derby.impl.sql.GenericPreparedStatement.execute(Unknown Source)
	... 49 more

2024-04-24T12:11:56,279  INFO [TThreadPoolServer WorkerProcess-%d] HiveMetaStore.audit: ugi=alex	ip=127.0.0.1	cmd=source:127.0.0.1 drop_database: @hive#myDb	
2024-04-24T12:11:56,281  INFO [TThreadPoolServer WorkerProcess-%d] HiveMetaStore.audit: ugi=alex	ip=127.0.0.1	cmd=source:127.0.0.1 get_all_tables: db=@hive#myDb	
2024-04-24T12:11:56,282  INFO [TThreadPoolServer WorkerProcess-%d] HiveMetaStore.audit: ugi=alex	ip=127.0.0.1	cmd=source:127.0.0.1 get_functions: db=@hive#myDb pat=*	
2024-04-24T12:11:56,285  INFO [TThreadPoolServer WorkerProcess-%d] HiveMetaStore.audit: ugi=alex	ip=127.0.0.1	cmd=source:127.0.0.1 get_all_stored_procedures	
2024-04-24T12:11:56,285  INFO [TThreadPoolServer WorkerProcess-%d] HiveMetaStore.audit: ugi=alex	ip=127.0.0.1	cmd=source:127.0.0.1 get_all_packages	
2024-04-24T12:11:56,286  INFO [TThreadPoolServer WorkerProcess-%d] HiveMetaStore.audit: ugi=alex	ip=127.0.0.1	cmd=source:127.0.0.1 getTablesByTypeCore: catName=hive: db=myDb pat=.*,type=MATERIALIZED_VIEW	
2024-04-24T12:11:56,288  INFO [TThreadPoolServer WorkerProcess-%d] metastore.ObjectStore: Dropping database hive.myDb along with all tables
2024-04-24T12:11:56,291 ERROR [TThreadPoolServer WorkerProcess-%d] metastore.RetryingHMSHandler: Retrying HMSHandler after 2000 ms (attempt 2 of 10) with error: javax.jdo.JDODataStoreException: Exception thrown flushing changes to datastore
	at org.datanucleus.api.jdo.NucleusJDOHelper.getJDOExceptionForNucleusException(NucleusJDOHelper.java:542)
	at org.datanucleus.api.jdo.JDOPersistenceManager.flush(JDOPersistenceManager.java:2081)
	at org.apache.hadoop.hive.metastore.ObjectStore.addNotificationEvent(ObjectStore.java:11639)
	at sun.reflect.GeneratedMethodAccessor68.invoke(Unknown Source)
	at sun.reflect.DelegatingMethodAccessorImpl.invoke(DelegatingMethodAccessorImpl.java:43)
	at java.lang.reflect.Method.invoke(Method.java:498)
	at org.apache.hadoop.hive.metastore.RawStoreProxy.invoke(RawStoreProxy.java:97)
	at com.sun.proxy.$Proxy32.addNotificationEvent(Unknown Source)
	at org.apache.hive.hcatalog.listener.DbNotificationListener.process(DbNotificationListener.java:1403)
	at org.apache.hive.hcatalog.listener.DbNotificationListener.onDropDatabase(DbNotificationListener.java:513)
	at org.apache.hadoop.hive.metastore.MetaStoreListenerNotifier$26.notify(MetaStoreListenerNotifier.java:99)
	at org.apache.hadoop.hive.metastore.MetaStoreListenerNotifier.notifyEvent(MetaStoreListenerNotifier.java:339)
	at org.apache.hadoop.hive.metastore.HMSHandler.drop_database_core(HMSHandler.java:1785)
	at org.apache.hadoop.hive.metastore.HMSHandler.drop_database(HMSHandler.java:1869)
	at sun.reflect.GeneratedMethodAccessor74.invoke(Unknown Source)
	at sun.reflect.DelegatingMethodAccessorImpl.invoke(DelegatingMethodAccessorImpl.java:43)
	at java.lang.reflect.Method.invoke(Method.java:498)
	at org.apache.hadoop.hive.metastore.RetryingHMSHandler.invokeInternal(RetryingHMSHandler.java:147)
	at org.apache.hadoop.hive.metastore.RetryingHMSHandler.invoke(RetryingHMSHandler.java:108)
	at com.sun.proxy.$Proxy34.drop_database(Unknown Source)
	at org.apache.hadoop.hive.metastore.api.ThriftHiveMetastore$Processor$drop_database.getResult(ThriftHiveMetastore.java:18285)
	at org.apache.hadoop.hive.metastore.api.ThriftHiveMetastore$Processor$drop_database.getResult(ThriftHiveMetastore.java:18264)
	at org.apache.thrift.ProcessFunction.process(ProcessFunction.java:38)
	at org.apache.hadoop.hive.metastore.TUGIBasedProcessor$1.run(TUGIBasedProcessor.java:111)
	at org.apache.hadoop.hive.metastore.TUGIBasedProcessor$1.run(TUGIBasedProcessor.java:107)
	at java.security.AccessController.doPrivileged(Native Method)
	at javax.security.auth.Subject.doAs(Subject.java:422)
	at org.apache.hadoop.security.UserGroupInformation.doAs(UserGroupInformation.java:1682)
	at org.apache.hadoop.hive.metastore.TUGIBasedProcessor.process(TUGIBasedProcessor.java:119)
	at org.apache.thrift.server.TThreadPoolServer$WorkerProcess.run(TThreadPoolServer.java:248)
	at java.util.concurrent.ThreadPoolExecutor.runWorker(ThreadPoolExecutor.java:1149)
	at java.util.concurrent.ThreadPoolExecutor$Worker.run(ThreadPoolExecutor.java:624)
	at java.lang.Thread.run(Thread.java:750)
NestedThrowablesStackTrace:
java.sql.BatchUpdateException: DELETE on table 'DBS' caused a violation of foreign key constraint 'TBLS_FK1' for key (22).  The statement has been rolled back.
	at org.apache.derby.impl.jdbc.EmbedStatement.executeLargeBatch(Unknown Source)
	at org.apache.derby.impl.jdbc.EmbedStatement.executeBatch(Unknown Source)
	at com.zaxxer.hikari.pool.ProxyStatement.executeBatch(ProxyStatement.java:128)
	at com.zaxxer.hikari.pool.HikariProxyPreparedStatement.executeBatch(HikariProxyPreparedStatement.java)
	at org.datanucleus.store.rdbms.ParamLoggingPreparedStatement.executeBatch(ParamLoggingPreparedStatement.java:366)
	at org.datanucleus.store.rdbms.SQLController.processConnectionStatement(SQLController.java:675)
	at org.datanucleus.store.rdbms.SQLController.processStatementsForConnection(SQLController.java:643)
	at org.datanucleus.store.rdbms.SQLController$1.transactionFlushed(SQLController.java:729)
	at org.datanucleus.store.connection.AbstractManagedConnection.transactionFlushed(AbstractManagedConnection.java:95)
	at org.datanucleus.store.connection.ConnectionManagerImpl$2.transactionFlushed(ConnectionManagerImpl.java:528)
	at org.datanucleus.TransactionImpl.flush(TransactionImpl.java:222)
	at org.datanucleus.ExecutionContextImpl.flushInternal(ExecutionContextImpl.java:4068)
	at org.datanucleus.ExecutionContextThreadedImpl.flushInternal(ExecutionContextThreadedImpl.java:448)
	at org.datanucleus.ExecutionContextImpl.flush(ExecutionContextImpl.java:4009)
	at org.datanucleus.ExecutionContextThreadedImpl.flush(ExecutionContextThreadedImpl.java:434)
	at org.datanucleus.api.jdo.JDOPersistenceManager.flush(JDOPersistenceManager.java:2064)
	at org.apache.hadoop.hive.metastore.ObjectStore.addNotificationEvent(ObjectStore.java:11639)
	at sun.reflect.GeneratedMethodAccessor68.invoke(Unknown Source)
	at sun.reflect.DelegatingMethodAccessorImpl.invoke(DelegatingMethodAccessorImpl.java:43)
	at java.lang.reflect.Method.invoke(Method.java:498)
	at org.apache.hadoop.hive.metastore.RawStoreProxy.invoke(RawStoreProxy.java:97)
	at com.sun.proxy.$Proxy32.addNotificationEvent(Unknown Source)
	at org.apache.hive.hcatalog.listener.DbNotificationListener.process(DbNotificationListener.java:1403)
	at org.apache.hive.hcatalog.listener.DbNotificationListener.onDropDatabase(DbNotificationListener.java:513)
	at org.apache.hadoop.hive.metastore.MetaStoreListenerNotifier$26.notify(MetaStoreListenerNotifier.java:99)
	at org.apache.hadoop.hive.metastore.MetaStoreListenerNotifier.notifyEvent(MetaStoreListenerNotifier.java:339)
	at org.apache.hadoop.hive.metastore.HMSHandler.drop_database_core(HMSHandler.java:1785)
	at org.apache.hadoop.hive.metastore.HMSHandler.drop_database(HMSHandler.java:1869)
	at sun.reflect.GeneratedMethodAccessor74.invoke(Unknown Source)
	at sun.reflect.DelegatingMethodAccessorImpl.invoke(DelegatingMethodAccessorImpl.java:43)
	at java.lang.reflect.Method.invoke(Method.java:498)
	at org.apache.hadoop.hive.metastore.RetryingHMSHandler.invokeInternal(RetryingHMSHandler.java:147)
	at org.apache.hadoop.hive.metastore.RetryingHMSHandler.invoke(RetryingHMSHandler.java:108)
	at com.sun.proxy.$Proxy34.drop_database(Unknown Source)
	at org.apache.hadoop.hive.metastore.api.ThriftHiveMetastore$Processor$drop_database.getResult(ThriftHiveMetastore.java:18285)
	at org.apache.hadoop.hive.metastore.api.ThriftHiveMetastore$Processor$drop_database.getResult(ThriftHiveMetastore.java:18264)
	at org.apache.thrift.ProcessFunction.process(ProcessFunction.java:38)
	at org.apache.hadoop.hive.metastore.TUGIBasedProcessor$1.run(TUGIBasedProcessor.java:111)
	at org.apache.hadoop.hive.metastore.TUGIBasedProcessor$1.run(TUGIBasedProcessor.java:107)
	at java.security.AccessController.doPrivileged(Native Method)
	at javax.security.auth.Subject.doAs(Subject.java:422)
	at org.apache.hadoop.security.UserGroupInformation.doAs(UserGroupInformation.java:1682)
	at org.apache.hadoop.hive.metastore.TUGIBasedProcessor.process(TUGIBasedProcessor.java:119)
	at org.apache.thrift.server.TThreadPoolServer$WorkerProcess.run(TThreadPoolServer.java:248)
	at java.util.concurrent.ThreadPoolExecutor.runWorker(ThreadPoolExecutor.java:1149)
	at java.util.concurrent.ThreadPoolExecutor$Worker.run(ThreadPoolExecutor.java:624)
	at java.lang.Thread.run(Thread.java:750)
Caused by: org.apache.derby.shared.common.error.DerbySQLIntegrityConstraintViolationException: DELETE on table 'DBS' caused a violation of foreign key constraint 'TBLS_FK1' for key (22).  The statement has been rolled back.
	at org.apache.derby.impl.jdbc.SQLExceptionFactory.getSQLException(Unknown Source)
	at org.apache.derby.impl.jdbc.Util.generateCsSQLException(Unknown Source)
	at org.apache.derby.impl.jdbc.TransactionResourceImpl.wrapInSQLException(Unknown Source)
	at org.apache.derby.impl.jdbc.TransactionResourceImpl.handleException(Unknown Source)
	at org.apache.derby.impl.jdbc.EmbedConnection.handleException(Unknown Source)
	at org.apache.derby.impl.jdbc.ConnectionChild.handleException(Unknown Source)
	at org.apache.derby.impl.jdbc.EmbedStatement.executeStatement(Unknown Source)
	at org.apache.derby.impl.jdbc.EmbedPreparedStatement.executeBatchElement(Unknown Source)
	... 47 more
Caused by: ERROR 23503: DELETE on table 'DBS' caused a violation of foreign key constraint 'TBLS_FK1' for key (22).  The statement has been rolled back.
	at org.apache.derby.iapi.error.StandardException.newException(Unknown Source)
	at org.apache.derby.iapi.error.StandardException.newException(Unknown Source)
	at org.apache.derby.impl.sql.execute.ReferencedKeyRIChecker.doCheck(Unknown Source)
	at org.apache.derby.impl.sql.execute.RISetChecker.doPKCheck(Unknown Source)
	at org.apache.derby.impl.sql.execute.DeleteResultSet.collectAffectedRows(Unknown Source)
	at org.apache.derby.impl.sql.execute.DeleteResultSet.open(Unknown Source)
	at org.apache.derby.impl.sql.GenericPreparedStatement.executeStmt(Unknown Source)
	at org.apache.derby.impl.sql.GenericPreparedStatement.execute(Unknown Source)
	... 49 more

2024-04-24T12:11:58,292  INFO [TThreadPoolServer WorkerProcess-%d] HiveMetaStore.audit: ugi=alex	ip=127.0.0.1	cmd=source:127.0.0.1 drop_database: @hive#myDb	
2024-04-24T12:11:58,294  INFO [TThreadPoolServer WorkerProcess-%d] HiveMetaStore.audit: ugi=alex	ip=127.0.0.1	cmd=source:127.0.0.1 get_all_tables: db=@hive#myDb	
2024-04-24T12:11:58,295  INFO [TThreadPoolServer WorkerProcess-%d] HiveMetaStore.audit: ugi=alex	ip=127.0.0.1	cmd=source:127.0.0.1 get_functions: db=@hive#myDb pat=*	
2024-04-24T12:11:58,299  INFO [TThreadPoolServer WorkerProcess-%d] HiveMetaStore.audit: ugi=alex	ip=127.0.0.1	cmd=source:127.0.0.1 get_all_stored_procedures	
2024-04-24T12:11:58,301  INFO [TThreadPoolServer WorkerProcess-%d] HiveMetaStore.audit: ugi=alex	ip=127.0.0.1	cmd=source:127.0.0.1 get_all_packages	
2024-04-24T12:11:58,303  INFO [TThreadPoolServer WorkerProcess-%d] HiveMetaStore.audit: ugi=alex	ip=127.0.0.1	cmd=source:127.0.0.1 getTablesByTypeCore: catName=hive: db=myDb pat=.*,type=MATERIALIZED_VIEW	
2024-04-24T12:11:58,309  INFO [TThreadPoolServer WorkerProcess-%d] metastore.ObjectStore: Dropping database hive.myDb along with all tables
2024-04-24T12:11:58,319 ERROR [TThreadPoolServer WorkerProcess-%d] metastore.RetryingHMSHandler: Retrying HMSHandler after 2000 ms (attempt 3 of 10) with error: javax.jdo.JDODataStoreException: Exception thrown flushing changes to datastore
	at org.datanucleus.api.jdo.NucleusJDOHelper.getJDOExceptionForNucleusException(NucleusJDOHelper.java:542)
	at org.datanucleus.api.jdo.JDOPersistenceManager.flush(JDOPersistenceManager.java:2081)
	at org.apache.hadoop.hive.metastore.ObjectStore.addNotificationEvent(ObjectStore.java:11639)
	at sun.reflect.GeneratedMethodAccessor68.invoke(Unknown Source)
	at sun.reflect.DelegatingMethodAccessorImpl.invoke(DelegatingMethodAccessorImpl.java:43)
	at java.lang.reflect.Method.invoke(Method.java:498)
	at org.apache.hadoop.hive.metastore.RawStoreProxy.invoke(RawStoreProxy.java:97)
	at com.sun.proxy.$Proxy32.addNotificationEvent(Unknown Source)
	at org.apache.hive.hcatalog.listener.DbNotificationListener.process(DbNotificationListener.java:1403)
	at org.apache.hive.hcatalog.listener.DbNotificationListener.onDropDatabase(DbNotificationListener.java:513)
	at org.apache.hadoop.hive.metastore.MetaStoreListenerNotifier$26.notify(MetaStoreListenerNotifier.java:99)
	at org.apache.hadoop.hive.metastore.MetaStoreListenerNotifier.notifyEvent(MetaStoreListenerNotifier.java:339)
	at org.apache.hadoop.hive.metastore.HMSHandler.drop_database_core(HMSHandler.java:1785)
	at org.apache.hadoop.hive.metastore.HMSHandler.drop_database(HMSHandler.java:1869)
	at sun.reflect.GeneratedMethodAccessor74.invoke(Unknown Source)
	at sun.reflect.DelegatingMethodAccessorImpl.invoke(DelegatingMethodAccessorImpl.java:43)
	at java.lang.reflect.Method.invoke(Method.java:498)
	at org.apache.hadoop.hive.metastore.RetryingHMSHandler.invokeInternal(RetryingHMSHandler.java:147)
	at org.apache.hadoop.hive.metastore.RetryingHMSHandler.invoke(RetryingHMSHandler.java:108)
	at com.sun.proxy.$Proxy34.drop_database(Unknown Source)
	at org.apache.hadoop.hive.metastore.api.ThriftHiveMetastore$Processor$drop_database.getResult(ThriftHiveMetastore.java:18285)
	at org.apache.hadoop.hive.metastore.api.ThriftHiveMetastore$Processor$drop_database.getResult(ThriftHiveMetastore.java:18264)
	at org.apache.thrift.ProcessFunction.process(ProcessFunction.java:38)
	at org.apache.hadoop.hive.metastore.TUGIBasedProcessor$1.run(TUGIBasedProcessor.java:111)
	at org.apache.hadoop.hive.metastore.TUGIBasedProcessor$1.run(TUGIBasedProcessor.java:107)
	at java.security.AccessController.doPrivileged(Native Method)
	at javax.security.auth.Subject.doAs(Subject.java:422)
	at org.apache.hadoop.security.UserGroupInformation.doAs(UserGroupInformation.java:1682)
	at org.apache.hadoop.hive.metastore.TUGIBasedProcessor.process(TUGIBasedProcessor.java:119)
	at org.apache.thrift.server.TThreadPoolServer$WorkerProcess.run(TThreadPoolServer.java:248)
	at java.util.concurrent.ThreadPoolExecutor.runWorker(ThreadPoolExecutor.java:1149)
	at java.util.concurrent.ThreadPoolExecutor$Worker.run(ThreadPoolExecutor.java:624)
	at java.lang.Thread.run(Thread.java:750)
NestedThrowablesStackTrace:
java.sql.BatchUpdateException: DELETE on table 'DBS' caused a violation of foreign key constraint 'TBLS_FK1' for key (22).  The statement has been rolled back.
	at org.apache.derby.impl.jdbc.EmbedStatement.executeLargeBatch(Unknown Source)
	at org.apache.derby.impl.jdbc.EmbedStatement.executeBatch(Unknown Source)
	at com.zaxxer.hikari.pool.ProxyStatement.executeBatch(ProxyStatement.java:128)
	at com.zaxxer.hikari.pool.HikariProxyPreparedStatement.executeBatch(HikariProxyPreparedStatement.java)
	at org.datanucleus.store.rdbms.ParamLoggingPreparedStatement.executeBatch(ParamLoggingPreparedStatement.java:366)
	at org.datanucleus.store.rdbms.SQLController.processConnectionStatement(SQLController.java:675)
	at org.datanucleus.store.rdbms.SQLController.processStatementsForConnection(SQLController.java:643)
	at org.datanucleus.store.rdbms.SQLController$1.transactionFlushed(SQLController.java:729)
	at org.datanucleus.store.connection.AbstractManagedConnection.transactionFlushed(AbstractManagedConnection.java:95)
	at org.datanucleus.store.connection.ConnectionManagerImpl$2.transactionFlushed(ConnectionManagerImpl.java:528)
	at org.datanucleus.TransactionImpl.flush(TransactionImpl.java:222)
	at org.datanucleus.ExecutionContextImpl.flushInternal(ExecutionContextImpl.java:4068)
	at org.datanucleus.ExecutionContextThreadedImpl.flushInternal(ExecutionContextThreadedImpl.java:448)
	at org.datanucleus.ExecutionContextImpl.flush(ExecutionContextImpl.java:4009)
	at org.datanucleus.ExecutionContextThreadedImpl.flush(ExecutionContextThreadedImpl.java:434)
	at org.datanucleus.api.jdo.JDOPersistenceManager.flush(JDOPersistenceManager.java:2064)
	at org.apache.hadoop.hive.metastore.ObjectStore.addNotificationEvent(ObjectStore.java:11639)
	at sun.reflect.GeneratedMethodAccessor68.invoke(Unknown Source)
	at sun.reflect.DelegatingMethodAccessorImpl.invoke(DelegatingMethodAccessorImpl.java:43)
	at java.lang.reflect.Method.invoke(Method.java:498)
	at org.apache.hadoop.hive.metastore.RawStoreProxy.invoke(RawStoreProxy.java:97)
	at com.sun.proxy.$Proxy32.addNotificationEvent(Unknown Source)
	at org.apache.hive.hcatalog.listener.DbNotificationListener.process(DbNotificationListener.java:1403)
	at org.apache.hive.hcatalog.listener.DbNotificationListener.onDropDatabase(DbNotificationListener.java:513)
	at org.apache.hadoop.hive.metastore.MetaStoreListenerNotifier$26.notify(MetaStoreListenerNotifier.java:99)
	at org.apache.hadoop.hive.metastore.MetaStoreListenerNotifier.notifyEvent(MetaStoreListenerNotifier.java:339)
	at org.apache.hadoop.hive.metastore.HMSHandler.drop_database_core(HMSHandler.java:1785)
	at org.apache.hadoop.hive.metastore.HMSHandler.drop_database(HMSHandler.java:1869)
	at sun.reflect.GeneratedMethodAccessor74.invoke(Unknown Source)
	at sun.reflect.DelegatingMethodAccessorImpl.invoke(DelegatingMethodAccessorImpl.java:43)
	at java.lang.reflect.Method.invoke(Method.java:498)
	at org.apache.hadoop.hive.metastore.RetryingHMSHandler.invokeInternal(RetryingHMSHandler.java:147)
	at org.apache.hadoop.hive.metastore.RetryingHMSHandler.invoke(RetryingHMSHandler.java:108)
	at com.sun.proxy.$Proxy34.drop_database(Unknown Source)
	at org.apache.hadoop.hive.metastore.api.ThriftHiveMetastore$Processor$drop_database.getResult(ThriftHiveMetastore.java:18285)
	at org.apache.hadoop.hive.metastore.api.ThriftHiveMetastore$Processor$drop_database.getResult(ThriftHiveMetastore.java:18264)
	at org.apache.thrift.ProcessFunction.process(ProcessFunction.java:38)
	at org.apache.hadoop.hive.metastore.TUGIBasedProcessor$1.run(TUGIBasedProcessor.java:111)
	at org.apache.hadoop.hive.metastore.TUGIBasedProcessor$1.run(TUGIBasedProcessor.java:107)
	at java.security.AccessController.doPrivileged(Native Method)
	at javax.security.auth.Subject.doAs(Subject.java:422)
	at org.apache.hadoop.security.UserGroupInformation.doAs(UserGroupInformation.java:1682)
	at org.apache.hadoop.hive.metastore.TUGIBasedProcessor.process(TUGIBasedProcessor.java:119)
	at org.apache.thrift.server.TThreadPoolServer$WorkerProcess.run(TThreadPoolServer.java:248)
	at java.util.concurrent.ThreadPoolExecutor.runWorker(ThreadPoolExecutor.java:1149)
	at java.util.concurrent.ThreadPoolExecutor$Worker.run(ThreadPoolExecutor.java:624)
	at java.lang.Thread.run(Thread.java:750)
Caused by: org.apache.derby.shared.common.error.DerbySQLIntegrityConstraintViolationException: DELETE on table 'DBS' caused a violation of foreign key constraint 'TBLS_FK1' for key (22).  The statement has been rolled back.
	at org.apache.derby.impl.jdbc.SQLExceptionFactory.getSQLException(Unknown Source)
	at org.apache.derby.impl.jdbc.Util.generateCsSQLException(Unknown Source)
	at org.apache.derby.impl.jdbc.TransactionResourceImpl.wrapInSQLException(Unknown Source)
	at org.apache.derby.impl.jdbc.TransactionResourceImpl.handleException(Unknown Source)
	at org.apache.derby.impl.jdbc.EmbedConnection.handleException(Unknown Source)
	at org.apache.derby.impl.jdbc.ConnectionChild.handleException(Unknown Source)
	at org.apache.derby.impl.jdbc.EmbedStatement.executeStatement(Unknown Source)
	at org.apache.derby.impl.jdbc.EmbedPreparedStatement.executeBatchElement(Unknown Source)
	... 47 more
Caused by: ERROR 23503: DELETE on table 'DBS' caused a violation of foreign key constraint 'TBLS_FK1' for key (22).  The statement has been rolled back.
	at org.apache.derby.iapi.error.StandardException.newException(Unknown Source)
	at org.apache.derby.iapi.error.StandardException.newException(Unknown Source)
	at org.apache.derby.impl.sql.execute.ReferencedKeyRIChecker.doCheck(Unknown Source)
	at org.apache.derby.impl.sql.execute.RISetChecker.doPKCheck(Unknown Source)
	at org.apache.derby.impl.sql.execute.DeleteResultSet.collectAffectedRows(Unknown Source)
	at org.apache.derby.impl.sql.execute.DeleteResultSet.open(Unknown Source)
	at org.apache.derby.impl.sql.GenericPreparedStatement.executeStmt(Unknown Source)
	at org.apache.derby.impl.sql.GenericPreparedStatement.execute(Unknown Source)
	... 49 more

2024-04-24T12:12:00,320  INFO [TThreadPoolServer WorkerProcess-%d] HiveMetaStore.audit: ugi=alex	ip=127.0.0.1	cmd=source:127.0.0.1 drop_database: @hive#myDb	
2024-04-24T12:12:00,322  INFO [TThreadPoolServer WorkerProcess-%d] HiveMetaStore.audit: ugi=alex	ip=127.0.0.1	cmd=source:127.0.0.1 get_all_tables: db=@hive#myDb	
2024-04-24T12:12:00,324  INFO [TThreadPoolServer WorkerProcess-%d] HiveMetaStore.audit: ugi=alex	ip=127.0.0.1	cmd=source:127.0.0.1 get_functions: db=@hive#myDb pat=*	
2024-04-24T12:12:00,327  INFO [TThreadPoolServer WorkerProcess-%d] HiveMetaStore.audit: ugi=alex	ip=127.0.0.1	cmd=source:127.0.0.1 get_all_stored_procedures	
2024-04-24T12:12:00,330  INFO [TThreadPoolServer WorkerProcess-%d] HiveMetaStore.audit: ugi=alex	ip=127.0.0.1	cmd=source:127.0.0.1 get_all_packages	
2024-04-24T12:12:00,332  INFO [TThreadPoolServer WorkerProcess-%d] HiveMetaStore.audit: ugi=alex	ip=127.0.0.1	cmd=source:127.0.0.1 getTablesByTypeCore: catName=hive: db=myDb pat=.*,type=MATERIALIZED_VIEW	
2024-04-24T12:12:00,338  INFO [TThreadPoolServer WorkerProcess-%d] metastore.ObjectStore: Dropping database hive.myDb along with all tables
2024-04-24T12:12:00,348 ERROR [TThreadPoolServer WorkerProcess-%d] metastore.RetryingHMSHandler: Retrying HMSHandler after 2000 ms (attempt 4 of 10) with error: javax.jdo.JDODataStoreException: Exception thrown flushing changes to datastore
	at org.datanucleus.api.jdo.NucleusJDOHelper.getJDOExceptionForNucleusException(NucleusJDOHelper.java:542)
	at org.datanucleus.api.jdo.JDOPersistenceManager.flush(JDOPersistenceManager.java:2081)
	at org.apache.hadoop.hive.metastore.ObjectStore.addNotificationEvent(ObjectStore.java:11639)
	at sun.reflect.GeneratedMethodAccessor68.invoke(Unknown Source)
	at sun.reflect.DelegatingMethodAccessorImpl.invoke(DelegatingMethodAccessorImpl.java:43)
	at java.lang.reflect.Method.invoke(Method.java:498)
	at org.apache.hadoop.hive.metastore.RawStoreProxy.invoke(RawStoreProxy.java:97)
	at com.sun.proxy.$Proxy32.addNotificationEvent(Unknown Source)
	at org.apache.hive.hcatalog.listener.DbNotificationListener.process(DbNotificationListener.java:1403)
	at org.apache.hive.hcatalog.listener.DbNotificationListener.onDropDatabase(DbNotificationListener.java:513)
	at org.apache.hadoop.hive.metastore.MetaStoreListenerNotifier$26.notify(MetaStoreListenerNotifier.java:99)
	at org.apache.hadoop.hive.metastore.MetaStoreListenerNotifier.notifyEvent(MetaStoreListenerNotifier.java:339)
	at org.apache.hadoop.hive.metastore.HMSHandler.drop_database_core(HMSHandler.java:1785)
	at org.apache.hadoop.hive.metastore.HMSHandler.drop_database(HMSHandler.java:1869)
	at sun.reflect.GeneratedMethodAccessor74.invoke(Unknown Source)
	at sun.reflect.DelegatingMethodAccessorImpl.invoke(DelegatingMethodAccessorImpl.java:43)
	at java.lang.reflect.Method.invoke(Method.java:498)
	at org.apache.hadoop.hive.metastore.RetryingHMSHandler.invokeInternal(RetryingHMSHandler.java:147)
	at org.apache.hadoop.hive.metastore.RetryingHMSHandler.invoke(RetryingHMSHandler.java:108)
	at com.sun.proxy.$Proxy34.drop_database(Unknown Source)
	at org.apache.hadoop.hive.metastore.api.ThriftHiveMetastore$Processor$drop_database.getResult(ThriftHiveMetastore.java:18285)
	at org.apache.hadoop.hive.metastore.api.ThriftHiveMetastore$Processor$drop_database.getResult(ThriftHiveMetastore.java:18264)
	at org.apache.thrift.ProcessFunction.process(ProcessFunction.java:38)
	at org.apache.hadoop.hive.metastore.TUGIBasedProcessor$1.run(TUGIBasedProcessor.java:111)
	at org.apache.hadoop.hive.metastore.TUGIBasedProcessor$1.run(TUGIBasedProcessor.java:107)
	at java.security.AccessController.doPrivileged(Native Method)
	at javax.security.auth.Subject.doAs(Subject.java:422)
	at org.apache.hadoop.security.UserGroupInformation.doAs(UserGroupInformation.java:1682)
	at org.apache.hadoop.hive.metastore.TUGIBasedProcessor.process(TUGIBasedProcessor.java:119)
	at org.apache.thrift.server.TThreadPoolServer$WorkerProcess.run(TThreadPoolServer.java:248)
	at java.util.concurrent.ThreadPoolExecutor.runWorker(ThreadPoolExecutor.java:1149)
	at java.util.concurrent.ThreadPoolExecutor$Worker.run(ThreadPoolExecutor.java:624)
	at java.lang.Thread.run(Thread.java:750)
NestedThrowablesStackTrace:
java.sql.BatchUpdateException: DELETE on table 'DBS' caused a violation of foreign key constraint 'TBLS_FK1' for key (22).  The statement has been rolled back.
	at org.apache.derby.impl.jdbc.EmbedStatement.executeLargeBatch(Unknown Source)
	at org.apache.derby.impl.jdbc.EmbedStatement.executeBatch(Unknown Source)
	at com.zaxxer.hikari.pool.ProxyStatement.executeBatch(ProxyStatement.java:128)
	at com.zaxxer.hikari.pool.HikariProxyPreparedStatement.executeBatch(HikariProxyPreparedStatement.java)
	at org.datanucleus.store.rdbms.ParamLoggingPreparedStatement.executeBatch(ParamLoggingPreparedStatement.java:366)
	at org.datanucleus.store.rdbms.SQLController.processConnectionStatement(SQLController.java:675)
	at org.datanucleus.store.rdbms.SQLController.processStatementsForConnection(SQLController.java:643)
	at org.datanucleus.store.rdbms.SQLController$1.transactionFlushed(SQLController.java:729)
	at org.datanucleus.store.connection.AbstractManagedConnection.transactionFlushed(AbstractManagedConnection.java:95)
	at org.datanucleus.store.connection.ConnectionManagerImpl$2.transactionFlushed(ConnectionManagerImpl.java:528)
	at org.datanucleus.TransactionImpl.flush(TransactionImpl.java:222)
	at org.datanucleus.ExecutionContextImpl.flushInternal(ExecutionContextImpl.java:4068)
	at org.datanucleus.ExecutionContextThreadedImpl.flushInternal(ExecutionContextThreadedImpl.java:448)
	at org.datanucleus.ExecutionContextImpl.flush(ExecutionContextImpl.java:4009)
	at org.datanucleus.ExecutionContextThreadedImpl.flush(ExecutionContextThreadedImpl.java:434)
	at org.datanucleus.api.jdo.JDOPersistenceManager.flush(JDOPersistenceManager.java:2064)
	at org.apache.hadoop.hive.metastore.ObjectStore.addNotificationEvent(ObjectStore.java:11639)
	at sun.reflect.GeneratedMethodAccessor68.invoke(Unknown Source)
	at sun.reflect.DelegatingMethodAccessorImpl.invoke(DelegatingMethodAccessorImpl.java:43)
	at java.lang.reflect.Method.invoke(Method.java:498)
	at org.apache.hadoop.hive.metastore.RawStoreProxy.invoke(RawStoreProxy.java:97)
	at com.sun.proxy.$Proxy32.addNotificationEvent(Unknown Source)
	at org.apache.hive.hcatalog.listener.DbNotificationListener.process(DbNotificationListener.java:1403)
	at org.apache.hive.hcatalog.listener.DbNotificationListener.onDropDatabase(DbNotificationListener.java:513)
	at org.apache.hadoop.hive.metastore.MetaStoreListenerNotifier$26.notify(MetaStoreListenerNotifier.java:99)
	at org.apache.hadoop.hive.metastore.MetaStoreListenerNotifier.notifyEvent(MetaStoreListenerNotifier.java:339)
	at org.apache.hadoop.hive.metastore.HMSHandler.drop_database_core(HMSHandler.java:1785)
	at org.apache.hadoop.hive.metastore.HMSHandler.drop_database(HMSHandler.java:1869)
	at sun.reflect.GeneratedMethodAccessor74.invoke(Unknown Source)
	at sun.reflect.DelegatingMethodAccessorImpl.invoke(DelegatingMethodAccessorImpl.java:43)
	at java.lang.reflect.Method.invoke(Method.java:498)
	at org.apache.hadoop.hive.metastore.RetryingHMSHandler.invokeInternal(RetryingHMSHandler.java:147)
	at org.apache.hadoop.hive.metastore.RetryingHMSHandler.invoke(RetryingHMSHandler.java:108)
	at com.sun.proxy.$Proxy34.drop_database(Unknown Source)
	at org.apache.hadoop.hive.metastore.api.ThriftHiveMetastore$Processor$drop_database.getResult(ThriftHiveMetastore.java:18285)
	at org.apache.hadoop.hive.metastore.api.ThriftHiveMetastore$Processor$drop_database.getResult(ThriftHiveMetastore.java:18264)
	at org.apache.thrift.ProcessFunction.process(ProcessFunction.java:38)
	at org.apache.hadoop.hive.metastore.TUGIBasedProcessor$1.run(TUGIBasedProcessor.java:111)
	at org.apache.hadoop.hive.metastore.TUGIBasedProcessor$1.run(TUGIBasedProcessor.java:107)
	at java.security.AccessController.doPrivileged(Native Method)
	at javax.security.auth.Subject.doAs(Subject.java:422)
	at org.apache.hadoop.security.UserGroupInformation.doAs(UserGroupInformation.java:1682)
	at org.apache.hadoop.hive.metastore.TUGIBasedProcessor.process(TUGIBasedProcessor.java:119)
	at org.apache.thrift.server.TThreadPoolServer$WorkerProcess.run(TThreadPoolServer.java:248)
	at java.util.concurrent.ThreadPoolExecutor.runWorker(ThreadPoolExecutor.java:1149)
	at java.util.concurrent.ThreadPoolExecutor$Worker.run(ThreadPoolExecutor.java:624)
	at java.lang.Thread.run(Thread.java:750)
Caused by: org.apache.derby.shared.common.error.DerbySQLIntegrityConstraintViolationException: DELETE on table 'DBS' caused a violation of foreign key constraint 'TBLS_FK1' for key (22).  The statement has been rolled back.
	at org.apache.derby.impl.jdbc.SQLExceptionFactory.getSQLException(Unknown Source)
	at org.apache.derby.impl.jdbc.Util.generateCsSQLException(Unknown Source)
	at org.apache.derby.impl.jdbc.TransactionResourceImpl.wrapInSQLException(Unknown Source)
	at org.apache.derby.impl.jdbc.TransactionResourceImpl.handleException(Unknown Source)
	at org.apache.derby.impl.jdbc.EmbedConnection.handleException(Unknown Source)
	at org.apache.derby.impl.jdbc.ConnectionChild.handleException(Unknown Source)
	at org.apache.derby.impl.jdbc.EmbedStatement.executeStatement(Unknown Source)
	at org.apache.derby.impl.jdbc.EmbedPreparedStatement.executeBatchElement(Unknown Source)
	... 47 more
Caused by: ERROR 23503: DELETE on table 'DBS' caused a violation of foreign key constraint 'TBLS_FK1' for key (22).  The statement has been rolled back.
	at org.apache.derby.iapi.error.StandardException.newException(Unknown Source)
	at org.apache.derby.iapi.error.StandardException.newException(Unknown Source)
	at org.apache.derby.impl.sql.execute.ReferencedKeyRIChecker.doCheck(Unknown Source)
	at org.apache.derby.impl.sql.execute.RISetChecker.doPKCheck(Unknown Source)
	at org.apache.derby.impl.sql.execute.DeleteResultSet.collectAffectedRows(Unknown Source)
	at org.apache.derby.impl.sql.execute.DeleteResultSet.open(Unknown Source)
	at org.apache.derby.impl.sql.GenericPreparedStatement.executeStmt(Unknown Source)
	at org.apache.derby.impl.sql.GenericPreparedStatement.execute(Unknown Source)
	... 49 more

2024-04-24T12:12:02,350  INFO [TThreadPoolServer WorkerProcess-%d] HiveMetaStore.audit: ugi=alex	ip=127.0.0.1	cmd=source:127.0.0.1 drop_database: @hive#myDb	
2024-04-24T12:12:02,352  INFO [TThreadPoolServer WorkerProcess-%d] HiveMetaStore.audit: ugi=alex	ip=127.0.0.1	cmd=source:127.0.0.1 get_all_tables: db=@hive#myDb	
2024-04-24T12:12:02,353  INFO [TThreadPoolServer WorkerProcess-%d] HiveMetaStore.audit: ugi=alex	ip=127.0.0.1	cmd=source:127.0.0.1 get_functions: db=@hive#myDb pat=*	
2024-04-24T12:12:02,354  INFO [TThreadPoolServer WorkerProcess-%d] HiveMetaStore.audit: ugi=alex	ip=127.0.0.1	cmd=source:127.0.0.1 get_all_stored_procedures	
2024-04-24T12:12:02,354  INFO [TThreadPoolServer WorkerProcess-%d] HiveMetaStore.audit: ugi=alex	ip=127.0.0.1	cmd=source:127.0.0.1 get_all_packages	
2024-04-24T12:12:02,355  INFO [TThreadPoolServer WorkerProcess-%d] HiveMetaStore.audit: ugi=alex	ip=127.0.0.1	cmd=source:127.0.0.1 getTablesByTypeCore: catName=hive: db=myDb pat=.*,type=MATERIALIZED_VIEW	
2024-04-24T12:12:02,358  INFO [TThreadPoolServer WorkerProcess-%d] metastore.ObjectStore: Dropping database hive.myDb along with all tables
2024-04-24T12:12:02,361 ERROR [TThreadPoolServer WorkerProcess-%d] metastore.RetryingHMSHandler: Retrying HMSHandler after 2000 ms (attempt 5 of 10) with error: javax.jdo.JDODataStoreException: Exception thrown flushing changes to datastore
	at org.datanucleus.api.jdo.NucleusJDOHelper.getJDOExceptionForNucleusException(NucleusJDOHelper.java:542)
	at org.datanucleus.api.jdo.JDOPersistenceManager.flush(JDOPersistenceManager.java:2081)
	at org.apache.hadoop.hive.metastore.ObjectStore.addNotificationEvent(ObjectStore.java:11639)
	at sun.reflect.GeneratedMethodAccessor68.invoke(Unknown Source)
	at sun.reflect.DelegatingMethodAccessorImpl.invoke(DelegatingMethodAccessorImpl.java:43)
	at java.lang.reflect.Method.invoke(Method.java:498)
	at org.apache.hadoop.hive.metastore.RawStoreProxy.invoke(RawStoreProxy.java:97)
	at com.sun.proxy.$Proxy32.addNotificationEvent(Unknown Source)
	at org.apache.hive.hcatalog.listener.DbNotificationListener.process(DbNotificationListener.java:1403)
	at org.apache.hive.hcatalog.listener.DbNotificationListener.onDropDatabase(DbNotificationListener.java:513)
	at org.apache.hadoop.hive.metastore.MetaStoreListenerNotifier$26.notify(MetaStoreListenerNotifier.java:99)
	at org.apache.hadoop.hive.metastore.MetaStoreListenerNotifier.notifyEvent(MetaStoreListenerNotifier.java:339)
	at org.apache.hadoop.hive.metastore.HMSHandler.drop_database_core(HMSHandler.java:1785)
	at org.apache.hadoop.hive.metastore.HMSHandler.drop_database(HMSHandler.java:1869)
	at sun.reflect.GeneratedMethodAccessor74.invoke(Unknown Source)
	at sun.reflect.DelegatingMethodAccessorImpl.invoke(DelegatingMethodAccessorImpl.java:43)
	at java.lang.reflect.Method.invoke(Method.java:498)
	at org.apache.hadoop.hive.metastore.RetryingHMSHandler.invokeInternal(RetryingHMSHandler.java:147)
	at org.apache.hadoop.hive.metastore.RetryingHMSHandler.invoke(RetryingHMSHandler.java:108)
	at com.sun.proxy.$Proxy34.drop_database(Unknown Source)
	at org.apache.hadoop.hive.metastore.api.ThriftHiveMetastore$Processor$drop_database.getResult(ThriftHiveMetastore.java:18285)
	at org.apache.hadoop.hive.metastore.api.ThriftHiveMetastore$Processor$drop_database.getResult(ThriftHiveMetastore.java:18264)
	at org.apache.thrift.ProcessFunction.process(ProcessFunction.java:38)
	at org.apache.hadoop.hive.metastore.TUGIBasedProcessor$1.run(TUGIBasedProcessor.java:111)
	at org.apache.hadoop.hive.metastore.TUGIBasedProcessor$1.run(TUGIBasedProcessor.java:107)
	at java.security.AccessController.doPrivileged(Native Method)
	at javax.security.auth.Subject.doAs(Subject.java:422)
	at org.apache.hadoop.security.UserGroupInformation.doAs(UserGroupInformation.java:1682)
	at org.apache.hadoop.hive.metastore.TUGIBasedProcessor.process(TUGIBasedProcessor.java:119)
	at org.apache.thrift.server.TThreadPoolServer$WorkerProcess.run(TThreadPoolServer.java:248)
	at java.util.concurrent.ThreadPoolExecutor.runWorker(ThreadPoolExecutor.java:1149)
	at java.util.concurrent.ThreadPoolExecutor$Worker.run(ThreadPoolExecutor.java:624)
	at java.lang.Thread.run(Thread.java:750)
NestedThrowablesStackTrace:
java.sql.BatchUpdateException: DELETE on table 'DBS' caused a violation of foreign key constraint 'TBLS_FK1' for key (22).  The statement has been rolled back.
	at org.apache.derby.impl.jdbc.EmbedStatement.executeLargeBatch(Unknown Source)
	at org.apache.derby.impl.jdbc.EmbedStatement.executeBatch(Unknown Source)
	at com.zaxxer.hikari.pool.ProxyStatement.executeBatch(ProxyStatement.java:128)
	at com.zaxxer.hikari.pool.HikariProxyPreparedStatement.executeBatch(HikariProxyPreparedStatement.java)
	at org.datanucleus.store.rdbms.ParamLoggingPreparedStatement.executeBatch(ParamLoggingPreparedStatement.java:366)
	at org.datanucleus.store.rdbms.SQLController.processConnectionStatement(SQLController.java:675)
	at org.datanucleus.store.rdbms.SQLController.processStatementsForConnection(SQLController.java:643)
	at org.datanucleus.store.rdbms.SQLController$1.transactionFlushed(SQLController.java:729)
	at org.datanucleus.store.connection.AbstractManagedConnection.transactionFlushed(AbstractManagedConnection.java:95)
	at org.datanucleus.store.connection.ConnectionManagerImpl$2.transactionFlushed(ConnectionManagerImpl.java:528)
	at org.datanucleus.TransactionImpl.flush(TransactionImpl.java:222)
	at org.datanucleus.ExecutionContextImpl.flushInternal(ExecutionContextImpl.java:4068)
	at org.datanucleus.ExecutionContextThreadedImpl.flushInternal(ExecutionContextThreadedImpl.java:448)
	at org.datanucleus.ExecutionContextImpl.flush(ExecutionContextImpl.java:4009)
	at org.datanucleus.ExecutionContextThreadedImpl.flush(ExecutionContextThreadedImpl.java:434)
	at org.datanucleus.api.jdo.JDOPersistenceManager.flush(JDOPersistenceManager.java:2064)
	at org.apache.hadoop.hive.metastore.ObjectStore.addNotificationEvent(ObjectStore.java:11639)
	at sun.reflect.GeneratedMethodAccessor68.invoke(Unknown Source)
	at sun.reflect.DelegatingMethodAccessorImpl.invoke(DelegatingMethodAccessorImpl.java:43)
	at java.lang.reflect.Method.invoke(Method.java:498)
	at org.apache.hadoop.hive.metastore.RawStoreProxy.invoke(RawStoreProxy.java:97)
	at com.sun.proxy.$Proxy32.addNotificationEvent(Unknown Source)
	at org.apache.hive.hcatalog.listener.DbNotificationListener.process(DbNotificationListener.java:1403)
	at org.apache.hive.hcatalog.listener.DbNotificationListener.onDropDatabase(DbNotificationListener.java:513)
	at org.apache.hadoop.hive.metastore.MetaStoreListenerNotifier$26.notify(MetaStoreListenerNotifier.java:99)
	at org.apache.hadoop.hive.metastore.MetaStoreListenerNotifier.notifyEvent(MetaStoreListenerNotifier.java:339)
	at org.apache.hadoop.hive.metastore.HMSHandler.drop_database_core(HMSHandler.java:1785)
	at org.apache.hadoop.hive.metastore.HMSHandler.drop_database(HMSHandler.java:1869)
	at sun.reflect.GeneratedMethodAccessor74.invoke(Unknown Source)
	at sun.reflect.DelegatingMethodAccessorImpl.invoke(DelegatingMethodAccessorImpl.java:43)
	at java.lang.reflect.Method.invoke(Method.java:498)
	at org.apache.hadoop.hive.metastore.RetryingHMSHandler.invokeInternal(RetryingHMSHandler.java:147)
	at org.apache.hadoop.hive.metastore.RetryingHMSHandler.invoke(RetryingHMSHandler.java:108)
	at com.sun.proxy.$Proxy34.drop_database(Unknown Source)
	at org.apache.hadoop.hive.metastore.api.ThriftHiveMetastore$Processor$drop_database.getResult(ThriftHiveMetastore.java:18285)
	at org.apache.hadoop.hive.metastore.api.ThriftHiveMetastore$Processor$drop_database.getResult(ThriftHiveMetastore.java:18264)
	at org.apache.thrift.ProcessFunction.process(ProcessFunction.java:38)
	at org.apache.hadoop.hive.metastore.TUGIBasedProcessor$1.run(TUGIBasedProcessor.java:111)
	at org.apache.hadoop.hive.metastore.TUGIBasedProcessor$1.run(TUGIBasedProcessor.java:107)
	at java.security.AccessController.doPrivileged(Native Method)
	at javax.security.auth.Subject.doAs(Subject.java:422)
	at org.apache.hadoop.security.UserGroupInformation.doAs(UserGroupInformation.java:1682)
	at org.apache.hadoop.hive.metastore.TUGIBasedProcessor.process(TUGIBasedProcessor.java:119)
	at org.apache.thrift.server.TThreadPoolServer$WorkerProcess.run(TThreadPoolServer.java:248)
	at java.util.concurrent.ThreadPoolExecutor.runWorker(ThreadPoolExecutor.java:1149)
	at java.util.concurrent.ThreadPoolExecutor$Worker.run(ThreadPoolExecutor.java:624)
	at java.lang.Thread.run(Thread.java:750)
Caused by: org.apache.derby.shared.common.error.DerbySQLIntegrityConstraintViolationException: DELETE on table 'DBS' caused a violation of foreign key constraint 'TBLS_FK1' for key (22).  The statement has been rolled back.
	at org.apache.derby.impl.jdbc.SQLExceptionFactory.getSQLException(Unknown Source)
	at org.apache.derby.impl.jdbc.Util.generateCsSQLException(Unknown Source)
	at org.apache.derby.impl.jdbc.TransactionResourceImpl.wrapInSQLException(Unknown Source)
	at org.apache.derby.impl.jdbc.TransactionResourceImpl.handleException(Unknown Source)
	at org.apache.derby.impl.jdbc.EmbedConnection.handleException(Unknown Source)
	at org.apache.derby.impl.jdbc.ConnectionChild.handleException(Unknown Source)
	at org.apache.derby.impl.jdbc.EmbedStatement.executeStatement(Unknown Source)
	at org.apache.derby.impl.jdbc.EmbedPreparedStatement.executeBatchElement(Unknown Source)
	... 47 more
Caused by: ERROR 23503: DELETE on table 'DBS' caused a violation of foreign key constraint 'TBLS_FK1' for key (22).  The statement has been rolled back.
	at org.apache.derby.iapi.error.StandardException.newException(Unknown Source)
	at org.apache.derby.iapi.error.StandardException.newException(Unknown Source)
	at org.apache.derby.impl.sql.execute.ReferencedKeyRIChecker.doCheck(Unknown Source)
	at org.apache.derby.impl.sql.execute.RISetChecker.doPKCheck(Unknown Source)
	at org.apache.derby.impl.sql.execute.DeleteResultSet.collectAffectedRows(Unknown Source)
	at org.apache.derby.impl.sql.execute.DeleteResultSet.open(Unknown Source)
	at org.apache.derby.impl.sql.GenericPreparedStatement.executeStmt(Unknown Source)
	at org.apache.derby.impl.sql.GenericPreparedStatement.execute(Unknown Source)
	... 49 more

2024-04-24T12:12:04,362  INFO [TThreadPoolServer WorkerProcess-%d] HiveMetaStore.audit: ugi=alex	ip=127.0.0.1	cmd=source:127.0.0.1 drop_database: @hive#myDb	
2024-04-24T12:12:04,364  INFO [TThreadPoolServer WorkerProcess-%d] HiveMetaStore.audit: ugi=alex	ip=127.0.0.1	cmd=source:127.0.0.1 get_all_tables: db=@hive#myDb	
2024-04-24T12:12:04,365  INFO [TThreadPoolServer WorkerProcess-%d] HiveMetaStore.audit: ugi=alex	ip=127.0.0.1	cmd=source:127.0.0.1 get_functions: db=@hive#myDb pat=*	
2024-04-24T12:12:04,368  INFO [TThreadPoolServer WorkerProcess-%d] HiveMetaStore.audit: ugi=alex	ip=127.0.0.1	cmd=source:127.0.0.1 get_all_stored_procedures	
2024-04-24T12:12:04,368  INFO [TThreadPoolServer WorkerProcess-%d] HiveMetaStore.audit: ugi=alex	ip=127.0.0.1	cmd=source:127.0.0.1 get_all_packages	
2024-04-24T12:12:04,369  INFO [TThreadPoolServer WorkerProcess-%d] HiveMetaStore.audit: ugi=alex	ip=127.0.0.1	cmd=source:127.0.0.1 getTablesByTypeCore: catName=hive: db=myDb pat=.*,type=MATERIALIZED_VIEW	
2024-04-24T12:12:04,370  INFO [TThreadPoolServer WorkerProcess-%d] metastore.ObjectStore: Dropping database hive.myDb along with all tables
2024-04-24T12:12:04,374 ERROR [TThreadPoolServer WorkerProcess-%d] metastore.RetryingHMSHandler: Retrying HMSHandler after 2000 ms (attempt 6 of 10) with error: javax.jdo.JDODataStoreException: Exception thrown flushing changes to datastore
	at org.datanucleus.api.jdo.NucleusJDOHelper.getJDOExceptionForNucleusException(NucleusJDOHelper.java:542)
	at org.datanucleus.api.jdo.JDOPersistenceManager.flush(JDOPersistenceManager.java:2081)
	at org.apache.hadoop.hive.metastore.ObjectStore.addNotificationEvent(ObjectStore.java:11639)
	at sun.reflect.GeneratedMethodAccessor68.invoke(Unknown Source)
	at sun.reflect.DelegatingMethodAccessorImpl.invoke(DelegatingMethodAccessorImpl.java:43)
	at java.lang.reflect.Method.invoke(Method.java:498)
	at org.apache.hadoop.hive.metastore.RawStoreProxy.invoke(RawStoreProxy.java:97)
	at com.sun.proxy.$Proxy32.addNotificationEvent(Unknown Source)
	at org.apache.hive.hcatalog.listener.DbNotificationListener.process(DbNotificationListener.java:1403)
	at org.apache.hive.hcatalog.listener.DbNotificationListener.onDropDatabase(DbNotificationListener.java:513)
	at org.apache.hadoop.hive.metastore.MetaStoreListenerNotifier$26.notify(MetaStoreListenerNotifier.java:99)
	at org.apache.hadoop.hive.metastore.MetaStoreListenerNotifier.notifyEvent(MetaStoreListenerNotifier.java:339)
	at org.apache.hadoop.hive.metastore.HMSHandler.drop_database_core(HMSHandler.java:1785)
	at org.apache.hadoop.hive.metastore.HMSHandler.drop_database(HMSHandler.java:1869)
	at sun.reflect.GeneratedMethodAccessor74.invoke(Unknown Source)
	at sun.reflect.DelegatingMethodAccessorImpl.invoke(DelegatingMethodAccessorImpl.java:43)
	at java.lang.reflect.Method.invoke(Method.java:498)
	at org.apache.hadoop.hive.metastore.RetryingHMSHandler.invokeInternal(RetryingHMSHandler.java:147)
	at org.apache.hadoop.hive.metastore.RetryingHMSHandler.invoke(RetryingHMSHandler.java:108)
	at com.sun.proxy.$Proxy34.drop_database(Unknown Source)
	at org.apache.hadoop.hive.metastore.api.ThriftHiveMetastore$Processor$drop_database.getResult(ThriftHiveMetastore.java:18285)
	at org.apache.hadoop.hive.metastore.api.ThriftHiveMetastore$Processor$drop_database.getResult(ThriftHiveMetastore.java:18264)
	at org.apache.thrift.ProcessFunction.process(ProcessFunction.java:38)
	at org.apache.hadoop.hive.metastore.TUGIBasedProcessor$1.run(TUGIBasedProcessor.java:111)
	at org.apache.hadoop.hive.metastore.TUGIBasedProcessor$1.run(TUGIBasedProcessor.java:107)
	at java.security.AccessController.doPrivileged(Native Method)
	at javax.security.auth.Subject.doAs(Subject.java:422)
	at org.apache.hadoop.security.UserGroupInformation.doAs(UserGroupInformation.java:1682)
	at org.apache.hadoop.hive.metastore.TUGIBasedProcessor.process(TUGIBasedProcessor.java:119)
	at org.apache.thrift.server.TThreadPoolServer$WorkerProcess.run(TThreadPoolServer.java:248)
	at java.util.concurrent.ThreadPoolExecutor.runWorker(ThreadPoolExecutor.java:1149)
	at java.util.concurrent.ThreadPoolExecutor$Worker.run(ThreadPoolExecutor.java:624)
	at java.lang.Thread.run(Thread.java:750)
NestedThrowablesStackTrace:
java.sql.BatchUpdateException: DELETE on table 'DBS' caused a violation of foreign key constraint 'TBLS_FK1' for key (22).  The statement has been rolled back.
	at org.apache.derby.impl.jdbc.EmbedStatement.executeLargeBatch(Unknown Source)
	at org.apache.derby.impl.jdbc.EmbedStatement.executeBatch(Unknown Source)
	at com.zaxxer.hikari.pool.ProxyStatement.executeBatch(ProxyStatement.java:128)
	at com.zaxxer.hikari.pool.HikariProxyPreparedStatement.executeBatch(HikariProxyPreparedStatement.java)
	at org.datanucleus.store.rdbms.ParamLoggingPreparedStatement.executeBatch(ParamLoggingPreparedStatement.java:366)
	at org.datanucleus.store.rdbms.SQLController.processConnectionStatement(SQLController.java:675)
	at org.datanucleus.store.rdbms.SQLController.processStatementsForConnection(SQLController.java:643)
	at org.datanucleus.store.rdbms.SQLController$1.transactionFlushed(SQLController.java:729)
	at org.datanucleus.store.connection.AbstractManagedConnection.transactionFlushed(AbstractManagedConnection.java:95)
	at org.datanucleus.store.connection.ConnectionManagerImpl$2.transactionFlushed(ConnectionManagerImpl.java:528)
	at org.datanucleus.TransactionImpl.flush(TransactionImpl.java:222)
	at org.datanucleus.ExecutionContextImpl.flushInternal(ExecutionContextImpl.java:4068)
	at org.datanucleus.ExecutionContextThreadedImpl.flushInternal(ExecutionContextThreadedImpl.java:448)
	at org.datanucleus.ExecutionContextImpl.flush(ExecutionContextImpl.java:4009)
	at org.datanucleus.ExecutionContextThreadedImpl.flush(ExecutionContextThreadedImpl.java:434)
	at org.datanucleus.api.jdo.JDOPersistenceManager.flush(JDOPersistenceManager.java:2064)
	at org.apache.hadoop.hive.metastore.ObjectStore.addNotificationEvent(ObjectStore.java:11639)
	at sun.reflect.GeneratedMethodAccessor68.invoke(Unknown Source)
	at sun.reflect.DelegatingMethodAccessorImpl.invoke(DelegatingMethodAccessorImpl.java:43)
	at java.lang.reflect.Method.invoke(Method.java:498)
	at org.apache.hadoop.hive.metastore.RawStoreProxy.invoke(RawStoreProxy.java:97)
	at com.sun.proxy.$Proxy32.addNotificationEvent(Unknown Source)
	at org.apache.hive.hcatalog.listener.DbNotificationListener.process(DbNotificationListener.java:1403)
	at org.apache.hive.hcatalog.listener.DbNotificationListener.onDropDatabase(DbNotificationListener.java:513)
	at org.apache.hadoop.hive.metastore.MetaStoreListenerNotifier$26.notify(MetaStoreListenerNotifier.java:99)
	at org.apache.hadoop.hive.metastore.MetaStoreListenerNotifier.notifyEvent(MetaStoreListenerNotifier.java:339)
	at org.apache.hadoop.hive.metastore.HMSHandler.drop_database_core(HMSHandler.java:1785)
	at org.apache.hadoop.hive.metastore.HMSHandler.drop_database(HMSHandler.java:1869)
	at sun.reflect.GeneratedMethodAccessor74.invoke(Unknown Source)
	at sun.reflect.DelegatingMethodAccessorImpl.invoke(DelegatingMethodAccessorImpl.java:43)
	at java.lang.reflect.Method.invoke(Method.java:498)
	at org.apache.hadoop.hive.metastore.RetryingHMSHandler.invokeInternal(RetryingHMSHandler.java:147)
	at org.apache.hadoop.hive.metastore.RetryingHMSHandler.invoke(RetryingHMSHandler.java:108)
	at com.sun.proxy.$Proxy34.drop_database(Unknown Source)
	at org.apache.hadoop.hive.metastore.api.ThriftHiveMetastore$Processor$drop_database.getResult(ThriftHiveMetastore.java:18285)
	at org.apache.hadoop.hive.metastore.api.ThriftHiveMetastore$Processor$drop_database.getResult(ThriftHiveMetastore.java:18264)
	at org.apache.thrift.ProcessFunction.process(ProcessFunction.java:38)
	at org.apache.hadoop.hive.metastore.TUGIBasedProcessor$1.run(TUGIBasedProcessor.java:111)
	at org.apache.hadoop.hive.metastore.TUGIBasedProcessor$1.run(TUGIBasedProcessor.java:107)
	at java.security.AccessController.doPrivileged(Native Method)
	at javax.security.auth.Subject.doAs(Subject.java:422)
	at org.apache.hadoop.security.UserGroupInformation.doAs(UserGroupInformation.java:1682)
	at org.apache.hadoop.hive.metastore.TUGIBasedProcessor.process(TUGIBasedProcessor.java:119)
	at org.apache.thrift.server.TThreadPoolServer$WorkerProcess.run(TThreadPoolServer.java:248)
	at java.util.concurrent.ThreadPoolExecutor.runWorker(ThreadPoolExecutor.java:1149)
	at java.util.concurrent.ThreadPoolExecutor$Worker.run(ThreadPoolExecutor.java:624)
	at java.lang.Thread.run(Thread.java:750)
Caused by: org.apache.derby.shared.common.error.DerbySQLIntegrityConstraintViolationException: DELETE on table 'DBS' caused a violation of foreign key constraint 'TBLS_FK1' for key (22).  The statement has been rolled back.
	at org.apache.derby.impl.jdbc.SQLExceptionFactory.getSQLException(Unknown Source)
	at org.apache.derby.impl.jdbc.Util.generateCsSQLException(Unknown Source)
	at org.apache.derby.impl.jdbc.TransactionResourceImpl.wrapInSQLException(Unknown Source)
	at org.apache.derby.impl.jdbc.TransactionResourceImpl.handleException(Unknown Source)
	at org.apache.derby.impl.jdbc.EmbedConnection.handleException(Unknown Source)
	at org.apache.derby.impl.jdbc.ConnectionChild.handleException(Unknown Source)
	at org.apache.derby.impl.jdbc.EmbedStatement.executeStatement(Unknown Source)
	at org.apache.derby.impl.jdbc.EmbedPreparedStatement.executeBatchElement(Unknown Source)
	... 47 more
Caused by: ERROR 23503: DELETE on table 'DBS' caused a violation of foreign key constraint 'TBLS_FK1' for key (22).  The statement has been rolled back.
	at org.apache.derby.iapi.error.StandardException.newException(Unknown Source)
	at org.apache.derby.iapi.error.StandardException.newException(Unknown Source)
	at org.apache.derby.impl.sql.execute.ReferencedKeyRIChecker.doCheck(Unknown Source)
	at org.apache.derby.impl.sql.execute.RISetChecker.doPKCheck(Unknown Source)
	at org.apache.derby.impl.sql.execute.DeleteResultSet.collectAffectedRows(Unknown Source)
	at org.apache.derby.impl.sql.execute.DeleteResultSet.open(Unknown Source)
	at org.apache.derby.impl.sql.GenericPreparedStatement.executeStmt(Unknown Source)
	at org.apache.derby.impl.sql.GenericPreparedStatement.execute(Unknown Source)
	... 49 more

2024-04-24T12:12:06,374  INFO [TThreadPoolServer WorkerProcess-%d] HiveMetaStore.audit: ugi=alex	ip=127.0.0.1	cmd=source:127.0.0.1 drop_database: @hive#myDb	
2024-04-24T12:12:06,376  INFO [TThreadPoolServer WorkerProcess-%d] HiveMetaStore.audit: ugi=alex	ip=127.0.0.1	cmd=source:127.0.0.1 get_all_tables: db=@hive#myDb	
2024-04-24T12:12:06,378  INFO [TThreadPoolServer WorkerProcess-%d] HiveMetaStore.audit: ugi=alex	ip=127.0.0.1	cmd=source:127.0.0.1 get_functions: db=@hive#myDb pat=*	
2024-04-24T12:12:06,380  INFO [TThreadPoolServer WorkerProcess-%d] HiveMetaStore.audit: ugi=alex	ip=127.0.0.1	cmd=source:127.0.0.1 get_all_stored_procedures	
2024-04-24T12:12:06,380  INFO [TThreadPoolServer WorkerProcess-%d] HiveMetaStore.audit: ugi=alex	ip=127.0.0.1	cmd=source:127.0.0.1 get_all_packages	
2024-04-24T12:12:06,381  INFO [TThreadPoolServer WorkerProcess-%d] HiveMetaStore.audit: ugi=alex	ip=127.0.0.1	cmd=source:127.0.0.1 getTablesByTypeCore: catName=hive: db=myDb pat=.*,type=MATERIALIZED_VIEW	
2024-04-24T12:12:06,383  INFO [TThreadPoolServer WorkerProcess-%d] metastore.ObjectStore: Dropping database hive.myDb along with all tables
2024-04-24T12:12:06,385 ERROR [TThreadPoolServer WorkerProcess-%d] metastore.RetryingHMSHandler: Retrying HMSHandler after 2000 ms (attempt 7 of 10) with error: javax.jdo.JDODataStoreException: Exception thrown flushing changes to datastore
	at org.datanucleus.api.jdo.NucleusJDOHelper.getJDOExceptionForNucleusException(NucleusJDOHelper.java:542)
	at org.datanucleus.api.jdo.JDOPersistenceManager.flush(JDOPersistenceManager.java:2081)
	at org.apache.hadoop.hive.metastore.ObjectStore.addNotificationEvent(ObjectStore.java:11639)
	at sun.reflect.GeneratedMethodAccessor68.invoke(Unknown Source)
	at sun.reflect.DelegatingMethodAccessorImpl.invoke(DelegatingMethodAccessorImpl.java:43)
	at java.lang.reflect.Method.invoke(Method.java:498)
	at org.apache.hadoop.hive.metastore.RawStoreProxy.invoke(RawStoreProxy.java:97)
	at com.sun.proxy.$Proxy32.addNotificationEvent(Unknown Source)
	at org.apache.hive.hcatalog.listener.DbNotificationListener.process(DbNotificationListener.java:1403)
	at org.apache.hive.hcatalog.listener.DbNotificationListener.onDropDatabase(DbNotificationListener.java:513)
	at org.apache.hadoop.hive.metastore.MetaStoreListenerNotifier$26.notify(MetaStoreListenerNotifier.java:99)
	at org.apache.hadoop.hive.metastore.MetaStoreListenerNotifier.notifyEvent(MetaStoreListenerNotifier.java:339)
	at org.apache.hadoop.hive.metastore.HMSHandler.drop_database_core(HMSHandler.java:1785)
	at org.apache.hadoop.hive.metastore.HMSHandler.drop_database(HMSHandler.java:1869)
	at sun.reflect.GeneratedMethodAccessor74.invoke(Unknown Source)
	at sun.reflect.DelegatingMethodAccessorImpl.invoke(DelegatingMethodAccessorImpl.java:43)
	at java.lang.reflect.Method.invoke(Method.java:498)
	at org.apache.hadoop.hive.metastore.RetryingHMSHandler.invokeInternal(RetryingHMSHandler.java:147)
	at org.apache.hadoop.hive.metastore.RetryingHMSHandler.invoke(RetryingHMSHandler.java:108)
	at com.sun.proxy.$Proxy34.drop_database(Unknown Source)
	at org.apache.hadoop.hive.metastore.api.ThriftHiveMetastore$Processor$drop_database.getResult(ThriftHiveMetastore.java:18285)
	at org.apache.hadoop.hive.metastore.api.ThriftHiveMetastore$Processor$drop_database.getResult(ThriftHiveMetastore.java:18264)
	at org.apache.thrift.ProcessFunction.process(ProcessFunction.java:38)
	at org.apache.hadoop.hive.metastore.TUGIBasedProcessor$1.run(TUGIBasedProcessor.java:111)
	at org.apache.hadoop.hive.metastore.TUGIBasedProcessor$1.run(TUGIBasedProcessor.java:107)
	at java.security.AccessController.doPrivileged(Native Method)
	at javax.security.auth.Subject.doAs(Subject.java:422)
	at org.apache.hadoop.security.UserGroupInformation.doAs(UserGroupInformation.java:1682)
	at org.apache.hadoop.hive.metastore.TUGIBasedProcessor.process(TUGIBasedProcessor.java:119)
	at org.apache.thrift.server.TThreadPoolServer$WorkerProcess.run(TThreadPoolServer.java:248)
	at java.util.concurrent.ThreadPoolExecutor.runWorker(ThreadPoolExecutor.java:1149)
	at java.util.concurrent.ThreadPoolExecutor$Worker.run(ThreadPoolExecutor.java:624)
	at java.lang.Thread.run(Thread.java:750)
NestedThrowablesStackTrace:
java.sql.BatchUpdateException: DELETE on table 'DBS' caused a violation of foreign key constraint 'TBLS_FK1' for key (22).  The statement has been rolled back.
	at org.apache.derby.impl.jdbc.EmbedStatement.executeLargeBatch(Unknown Source)
	at org.apache.derby.impl.jdbc.EmbedStatement.executeBatch(Unknown Source)
	at com.zaxxer.hikari.pool.ProxyStatement.executeBatch(ProxyStatement.java:128)
	at com.zaxxer.hikari.pool.HikariProxyPreparedStatement.executeBatch(HikariProxyPreparedStatement.java)
	at org.datanucleus.store.rdbms.ParamLoggingPreparedStatement.executeBatch(ParamLoggingPreparedStatement.java:366)
	at org.datanucleus.store.rdbms.SQLController.processConnectionStatement(SQLController.java:675)
	at org.datanucleus.store.rdbms.SQLController.processStatementsForConnection(SQLController.java:643)
	at org.datanucleus.store.rdbms.SQLController$1.transactionFlushed(SQLController.java:729)
	at org.datanucleus.store.connection.AbstractManagedConnection.transactionFlushed(AbstractManagedConnection.java:95)
	at org.datanucleus.store.connection.ConnectionManagerImpl$2.transactionFlushed(ConnectionManagerImpl.java:528)
	at org.datanucleus.TransactionImpl.flush(TransactionImpl.java:222)
	at org.datanucleus.ExecutionContextImpl.flushInternal(ExecutionContextImpl.java:4068)
	at org.datanucleus.ExecutionContextThreadedImpl.flushInternal(ExecutionContextThreadedImpl.java:448)
	at org.datanucleus.ExecutionContextImpl.flush(ExecutionContextImpl.java:4009)
	at org.datanucleus.ExecutionContextThreadedImpl.flush(ExecutionContextThreadedImpl.java:434)
	at org.datanucleus.api.jdo.JDOPersistenceManager.flush(JDOPersistenceManager.java:2064)
	at org.apache.hadoop.hive.metastore.ObjectStore.addNotificationEvent(ObjectStore.java:11639)
	at sun.reflect.GeneratedMethodAccessor68.invoke(Unknown Source)
	at sun.reflect.DelegatingMethodAccessorImpl.invoke(DelegatingMethodAccessorImpl.java:43)
	at java.lang.reflect.Method.invoke(Method.java:498)
	at org.apache.hadoop.hive.metastore.RawStoreProxy.invoke(RawStoreProxy.java:97)
	at com.sun.proxy.$Proxy32.addNotificationEvent(Unknown Source)
	at org.apache.hive.hcatalog.listener.DbNotificationListener.process(DbNotificationListener.java:1403)
	at org.apache.hive.hcatalog.listener.DbNotificationListener.onDropDatabase(DbNotificationListener.java:513)
	at org.apache.hadoop.hive.metastore.MetaStoreListenerNotifier$26.notify(MetaStoreListenerNotifier.java:99)
	at org.apache.hadoop.hive.metastore.MetaStoreListenerNotifier.notifyEvent(MetaStoreListenerNotifier.java:339)
	at org.apache.hadoop.hive.metastore.HMSHandler.drop_database_core(HMSHandler.java:1785)
	at org.apache.hadoop.hive.metastore.HMSHandler.drop_database(HMSHandler.java:1869)
	at sun.reflect.GeneratedMethodAccessor74.invoke(Unknown Source)
	at sun.reflect.DelegatingMethodAccessorImpl.invoke(DelegatingMethodAccessorImpl.java:43)
	at java.lang.reflect.Method.invoke(Method.java:498)
	at org.apache.hadoop.hive.metastore.RetryingHMSHandler.invokeInternal(RetryingHMSHandler.java:147)
	at org.apache.hadoop.hive.metastore.RetryingHMSHandler.invoke(RetryingHMSHandler.java:108)
	at com.sun.proxy.$Proxy34.drop_database(Unknown Source)
	at org.apache.hadoop.hive.metastore.api.ThriftHiveMetastore$Processor$drop_database.getResult(ThriftHiveMetastore.java:18285)
	at org.apache.hadoop.hive.metastore.api.ThriftHiveMetastore$Processor$drop_database.getResult(ThriftHiveMetastore.java:18264)
	at org.apache.thrift.ProcessFunction.process(ProcessFunction.java:38)
	at org.apache.hadoop.hive.metastore.TUGIBasedProcessor$1.run(TUGIBasedProcessor.java:111)
	at org.apache.hadoop.hive.metastore.TUGIBasedProcessor$1.run(TUGIBasedProcessor.java:107)
	at java.security.AccessController.doPrivileged(Native Method)
	at javax.security.auth.Subject.doAs(Subject.java:422)
	at org.apache.hadoop.security.UserGroupInformation.doAs(UserGroupInformation.java:1682)
	at org.apache.hadoop.hive.metastore.TUGIBasedProcessor.process(TUGIBasedProcessor.java:119)
	at org.apache.thrift.server.TThreadPoolServer$WorkerProcess.run(TThreadPoolServer.java:248)
	at java.util.concurrent.ThreadPoolExecutor.runWorker(ThreadPoolExecutor.java:1149)
	at java.util.concurrent.ThreadPoolExecutor$Worker.run(ThreadPoolExecutor.java:624)
	at java.lang.Thread.run(Thread.java:750)
Caused by: org.apache.derby.shared.common.error.DerbySQLIntegrityConstraintViolationException: DELETE on table 'DBS' caused a violation of foreign key constraint 'TBLS_FK1' for key (22).  The statement has been rolled back.
	at org.apache.derby.impl.jdbc.SQLExceptionFactory.getSQLException(Unknown Source)
	at org.apache.derby.impl.jdbc.Util.generateCsSQLException(Unknown Source)
	at org.apache.derby.impl.jdbc.TransactionResourceImpl.wrapInSQLException(Unknown Source)
	at org.apache.derby.impl.jdbc.TransactionResourceImpl.handleException(Unknown Source)
	at org.apache.derby.impl.jdbc.EmbedConnection.handleException(Unknown Source)
	at org.apache.derby.impl.jdbc.ConnectionChild.handleException(Unknown Source)
	at org.apache.derby.impl.jdbc.EmbedStatement.executeStatement(Unknown Source)
	at org.apache.derby.impl.jdbc.EmbedPreparedStatement.executeBatchElement(Unknown Source)
	... 47 more
Caused by: ERROR 23503: DELETE on table 'DBS' caused a violation of foreign key constraint 'TBLS_FK1' for key (22).  The statement has been rolled back.
	at org.apache.derby.iapi.error.StandardException.newException(Unknown Source)
	at org.apache.derby.iapi.error.StandardException.newException(Unknown Source)
	at org.apache.derby.impl.sql.execute.ReferencedKeyRIChecker.doCheck(Unknown Source)
	at org.apache.derby.impl.sql.execute.RISetChecker.doPKCheck(Unknown Source)
	at org.apache.derby.impl.sql.execute.DeleteResultSet.collectAffectedRows(Unknown Source)
	at org.apache.derby.impl.sql.execute.DeleteResultSet.open(Unknown Source)
	at org.apache.derby.impl.sql.GenericPreparedStatement.executeStmt(Unknown Source)
	at org.apache.derby.impl.sql.GenericPreparedStatement.execute(Unknown Source)
	... 49 more

2024-04-24T12:12:07,626  INFO [TThreadPoolServer WorkerProcess-%d] HiveMetaStore.audit: ugi=alex	ip=127.0.0.1	cmd=Cleaning up thread local RawStore...	
2024-04-24T12:12:07,626  INFO [TThreadPoolServer WorkerProcess-%d] HiveMetaStore.audit: ugi=alex	ip=127.0.0.1	cmd=Cleaning up thread local RawStore...	
2024-04-24T12:12:07,626  INFO [TThreadPoolServer WorkerProcess-%d] metastore.ObjectStore: RawStore: org.apache.hadoop.hive.metastore.ObjectStore@1e195a22, with PersistenceManager: org.datanucleus.api.jdo.JDOPersistenceManager@529404a8 will be shutdown
2024-04-24T12:12:07,626  INFO [TThreadPoolServer WorkerProcess-%d] metastore.ObjectStore: RawStore: org.apache.hadoop.hive.metastore.ObjectStore@3b1b744d, with PersistenceManager: org.datanucleus.api.jdo.JDOPersistenceManager@9139719 will be shutdown
2024-04-24T12:12:07,627  INFO [TThreadPoolServer WorkerProcess-%d] HiveMetaStore.audit: ugi=alex	ip=127.0.0.1	cmd=Cleaning up thread local RawStore...	
2024-04-24T12:12:07,627  INFO [TThreadPoolServer WorkerProcess-%d] HiveMetaStore.audit: ugi=alex	ip=127.0.0.1	cmd=Cleaning up thread local RawStore...	
2024-04-24T12:12:07,627  INFO [TThreadPoolServer WorkerProcess-%d] metastore.ObjectStore: RawStore: org.apache.hadoop.hive.metastore.ObjectStore@e4478b3, with PersistenceManager: org.datanucleus.api.jdo.JDOPersistenceManager@3b698d58 will be shutdown
2024-04-24T12:12:07,627  INFO [TThreadPoolServer WorkerProcess-%d] metastore.ObjectStore: RawStore: org.apache.hadoop.hive.metastore.ObjectStore@626d9416, with PersistenceManager: org.datanucleus.api.jdo.JDOPersistenceManager@10b4c28f will be shutdown
2024-04-24T12:12:07,627  INFO [TThreadPoolServer WorkerProcess-%d] HiveMetaStore.audit: ugi=alex	ip=127.0.0.1	cmd=Done cleaning up thread local RawStore	
2024-04-24T12:12:07,627  INFO [TThreadPoolServer WorkerProcess-%d] HiveMetaStore.audit: ugi=alex	ip=127.0.0.1	cmd=Done cleaning up thread local RawStore	
2024-04-24T12:12:07,627  INFO [TThreadPoolServer WorkerProcess-%d] HiveMetaStore.audit: ugi=alex	ip=127.0.0.1	cmd=Done cleaning up thread local RawStore	
2024-04-24T12:12:07,627  INFO [TThreadPoolServer WorkerProcess-%d] HiveMetaStore.audit: ugi=alex	ip=127.0.0.1	cmd=Done cleaning up thread local RawStore	
2024-04-24T12:12:08,386  INFO [TThreadPoolServer WorkerProcess-%d] HiveMetaStore.audit: ugi=alex	ip=127.0.0.1	cmd=source:127.0.0.1 drop_database: @hive#myDb	
2024-04-24T12:12:08,388  INFO [TThreadPoolServer WorkerProcess-%d] HiveMetaStore.audit: ugi=alex	ip=127.0.0.1	cmd=source:127.0.0.1 get_all_tables: db=@hive#myDb	
2024-04-24T12:12:08,390  INFO [TThreadPoolServer WorkerProcess-%d] HiveMetaStore.audit: ugi=alex	ip=127.0.0.1	cmd=source:127.0.0.1 get_functions: db=@hive#myDb pat=*	
2024-04-24T12:12:08,392  INFO [TThreadPoolServer WorkerProcess-%d] HiveMetaStore.audit: ugi=alex	ip=127.0.0.1	cmd=source:127.0.0.1 get_all_stored_procedures	
2024-04-24T12:12:08,392  INFO [TThreadPoolServer WorkerProcess-%d] HiveMetaStore.audit: ugi=alex	ip=127.0.0.1	cmd=source:127.0.0.1 get_all_packages	
2024-04-24T12:12:08,393  INFO [TThreadPoolServer WorkerProcess-%d] HiveMetaStore.audit: ugi=alex	ip=127.0.0.1	cmd=source:127.0.0.1 getTablesByTypeCore: catName=hive: db=myDb pat=.*,type=MATERIALIZED_VIEW	
2024-04-24T12:12:08,394  INFO [TThreadPoolServer WorkerProcess-%d] metastore.ObjectStore: Dropping database hive.myDb along with all tables
2024-04-24T12:12:08,397 ERROR [TThreadPoolServer WorkerProcess-%d] metastore.RetryingHMSHandler: Retrying HMSHandler after 2000 ms (attempt 8 of 10) with error: javax.jdo.JDODataStoreException: Exception thrown flushing changes to datastore
	at org.datanucleus.api.jdo.NucleusJDOHelper.getJDOExceptionForNucleusException(NucleusJDOHelper.java:542)
	at org.datanucleus.api.jdo.JDOPersistenceManager.flush(JDOPersistenceManager.java:2081)
	at org.apache.hadoop.hive.metastore.ObjectStore.addNotificationEvent(ObjectStore.java:11639)
	at sun.reflect.GeneratedMethodAccessor68.invoke(Unknown Source)
	at sun.reflect.DelegatingMethodAccessorImpl.invoke(DelegatingMethodAccessorImpl.java:43)
	at java.lang.reflect.Method.invoke(Method.java:498)
	at org.apache.hadoop.hive.metastore.RawStoreProxy.invoke(RawStoreProxy.java:97)
	at com.sun.proxy.$Proxy32.addNotificationEvent(Unknown Source)
	at org.apache.hive.hcatalog.listener.DbNotificationListener.process(DbNotificationListener.java:1403)
	at org.apache.hive.hcatalog.listener.DbNotificationListener.onDropDatabase(DbNotificationListener.java:513)
	at org.apache.hadoop.hive.metastore.MetaStoreListenerNotifier$26.notify(MetaStoreListenerNotifier.java:99)
	at org.apache.hadoop.hive.metastore.MetaStoreListenerNotifier.notifyEvent(MetaStoreListenerNotifier.java:339)
	at org.apache.hadoop.hive.metastore.HMSHandler.drop_database_core(HMSHandler.java:1785)
	at org.apache.hadoop.hive.metastore.HMSHandler.drop_database(HMSHandler.java:1869)
	at sun.reflect.GeneratedMethodAccessor74.invoke(Unknown Source)
	at sun.reflect.DelegatingMethodAccessorImpl.invoke(DelegatingMethodAccessorImpl.java:43)
	at java.lang.reflect.Method.invoke(Method.java:498)
	at org.apache.hadoop.hive.metastore.RetryingHMSHandler.invokeInternal(RetryingHMSHandler.java:147)
	at org.apache.hadoop.hive.metastore.RetryingHMSHandler.invoke(RetryingHMSHandler.java:108)
	at com.sun.proxy.$Proxy34.drop_database(Unknown Source)
	at org.apache.hadoop.hive.metastore.api.ThriftHiveMetastore$Processor$drop_database.getResult(ThriftHiveMetastore.java:18285)
	at org.apache.hadoop.hive.metastore.api.ThriftHiveMetastore$Processor$drop_database.getResult(ThriftHiveMetastore.java:18264)
	at org.apache.thrift.ProcessFunction.process(ProcessFunction.java:38)
	at org.apache.hadoop.hive.metastore.TUGIBasedProcessor$1.run(TUGIBasedProcessor.java:111)
	at org.apache.hadoop.hive.metastore.TUGIBasedProcessor$1.run(TUGIBasedProcessor.java:107)
	at java.security.AccessController.doPrivileged(Native Method)
	at javax.security.auth.Subject.doAs(Subject.java:422)
	at org.apache.hadoop.security.UserGroupInformation.doAs(UserGroupInformation.java:1682)
	at org.apache.hadoop.hive.metastore.TUGIBasedProcessor.process(TUGIBasedProcessor.java:119)
	at org.apache.thrift.server.TThreadPoolServer$WorkerProcess.run(TThreadPoolServer.java:248)
	at java.util.concurrent.ThreadPoolExecutor.runWorker(ThreadPoolExecutor.java:1149)
	at java.util.concurrent.ThreadPoolExecutor$Worker.run(ThreadPoolExecutor.java:624)
	at java.lang.Thread.run(Thread.java:750)
NestedThrowablesStackTrace:
java.sql.BatchUpdateException: DELETE on table 'DBS' caused a violation of foreign key constraint 'TBLS_FK1' for key (22).  The statement has been rolled back.
	at org.apache.derby.impl.jdbc.EmbedStatement.executeLargeBatch(Unknown Source)
	at org.apache.derby.impl.jdbc.EmbedStatement.executeBatch(Unknown Source)
	at com.zaxxer.hikari.pool.ProxyStatement.executeBatch(ProxyStatement.java:128)
	at com.zaxxer.hikari.pool.HikariProxyPreparedStatement.executeBatch(HikariProxyPreparedStatement.java)
	at org.datanucleus.store.rdbms.ParamLoggingPreparedStatement.executeBatch(ParamLoggingPreparedStatement.java:366)
	at org.datanucleus.store.rdbms.SQLController.processConnectionStatement(SQLController.java:675)
	at org.datanucleus.store.rdbms.SQLController.processStatementsForConnection(SQLController.java:643)
	at org.datanucleus.store.rdbms.SQLController$1.transactionFlushed(SQLController.java:729)
	at org.datanucleus.store.connection.AbstractManagedConnection.transactionFlushed(AbstractManagedConnection.java:95)
	at org.datanucleus.store.connection.ConnectionManagerImpl$2.transactionFlushed(ConnectionManagerImpl.java:528)
	at org.datanucleus.TransactionImpl.flush(TransactionImpl.java:222)
	at org.datanucleus.ExecutionContextImpl.flushInternal(ExecutionContextImpl.java:4068)
	at org.datanucleus.ExecutionContextThreadedImpl.flushInternal(ExecutionContextThreadedImpl.java:448)
	at org.datanucleus.ExecutionContextImpl.flush(ExecutionContextImpl.java:4009)
	at org.datanucleus.ExecutionContextThreadedImpl.flush(ExecutionContextThreadedImpl.java:434)
	at org.datanucleus.api.jdo.JDOPersistenceManager.flush(JDOPersistenceManager.java:2064)
	at org.apache.hadoop.hive.metastore.ObjectStore.addNotificationEvent(ObjectStore.java:11639)
	at sun.reflect.GeneratedMethodAccessor68.invoke(Unknown Source)
	at sun.reflect.DelegatingMethodAccessorImpl.invoke(DelegatingMethodAccessorImpl.java:43)
	at java.lang.reflect.Method.invoke(Method.java:498)
	at org.apache.hadoop.hive.metastore.RawStoreProxy.invoke(RawStoreProxy.java:97)
	at com.sun.proxy.$Proxy32.addNotificationEvent(Unknown Source)
	at org.apache.hive.hcatalog.listener.DbNotificationListener.process(DbNotificationListener.java:1403)
	at org.apache.hive.hcatalog.listener.DbNotificationListener.onDropDatabase(DbNotificationListener.java:513)
	at org.apache.hadoop.hive.metastore.MetaStoreListenerNotifier$26.notify(MetaStoreListenerNotifier.java:99)
	at org.apache.hadoop.hive.metastore.MetaStoreListenerNotifier.notifyEvent(MetaStoreListenerNotifier.java:339)
	at org.apache.hadoop.hive.metastore.HMSHandler.drop_database_core(HMSHandler.java:1785)
	at org.apache.hadoop.hive.metastore.HMSHandler.drop_database(HMSHandler.java:1869)
	at sun.reflect.GeneratedMethodAccessor74.invoke(Unknown Source)
	at sun.reflect.DelegatingMethodAccessorImpl.invoke(DelegatingMethodAccessorImpl.java:43)
	at java.lang.reflect.Method.invoke(Method.java:498)
	at org.apache.hadoop.hive.metastore.RetryingHMSHandler.invokeInternal(RetryingHMSHandler.java:147)
	at org.apache.hadoop.hive.metastore.RetryingHMSHandler.invoke(RetryingHMSHandler.java:108)
	at com.sun.proxy.$Proxy34.drop_database(Unknown Source)
	at org.apache.hadoop.hive.metastore.api.ThriftHiveMetastore$Processor$drop_database.getResult(ThriftHiveMetastore.java:18285)
	at org.apache.hadoop.hive.metastore.api.ThriftHiveMetastore$Processor$drop_database.getResult(ThriftHiveMetastore.java:18264)
	at org.apache.thrift.ProcessFunction.process(ProcessFunction.java:38)
	at org.apache.hadoop.hive.metastore.TUGIBasedProcessor$1.run(TUGIBasedProcessor.java:111)
	at org.apache.hadoop.hive.metastore.TUGIBasedProcessor$1.run(TUGIBasedProcessor.java:107)
	at java.security.AccessController.doPrivileged(Native Method)
	at javax.security.auth.Subject.doAs(Subject.java:422)
	at org.apache.hadoop.security.UserGroupInformation.doAs(UserGroupInformation.java:1682)
	at org.apache.hadoop.hive.metastore.TUGIBasedProcessor.process(TUGIBasedProcessor.java:119)
	at org.apache.thrift.server.TThreadPoolServer$WorkerProcess.run(TThreadPoolServer.java:248)
	at java.util.concurrent.ThreadPoolExecutor.runWorker(ThreadPoolExecutor.java:1149)
	at java.util.concurrent.ThreadPoolExecutor$Worker.run(ThreadPoolExecutor.java:624)
	at java.lang.Thread.run(Thread.java:750)
Caused by: org.apache.derby.shared.common.error.DerbySQLIntegrityConstraintViolationException: DELETE on table 'DBS' caused a violation of foreign key constraint 'TBLS_FK1' for key (22).  The statement has been rolled back.
	at org.apache.derby.impl.jdbc.SQLExceptionFactory.getSQLException(Unknown Source)
	at org.apache.derby.impl.jdbc.Util.generateCsSQLException(Unknown Source)
	at org.apache.derby.impl.jdbc.TransactionResourceImpl.wrapInSQLException(Unknown Source)
	at org.apache.derby.impl.jdbc.TransactionResourceImpl.handleException(Unknown Source)
	at org.apache.derby.impl.jdbc.EmbedConnection.handleException(Unknown Source)
	at org.apache.derby.impl.jdbc.ConnectionChild.handleException(Unknown Source)
	at org.apache.derby.impl.jdbc.EmbedStatement.executeStatement(Unknown Source)
	at org.apache.derby.impl.jdbc.EmbedPreparedStatement.executeBatchElement(Unknown Source)
	... 47 more
Caused by: ERROR 23503: DELETE on table 'DBS' caused a violation of foreign key constraint 'TBLS_FK1' for key (22).  The statement has been rolled back.
	at org.apache.derby.iapi.error.StandardException.newException(Unknown Source)
	at org.apache.derby.iapi.error.StandardException.newException(Unknown Source)
	at org.apache.derby.impl.sql.execute.ReferencedKeyRIChecker.doCheck(Unknown Source)
	at org.apache.derby.impl.sql.execute.RISetChecker.doPKCheck(Unknown Source)
	at org.apache.derby.impl.sql.execute.DeleteResultSet.collectAffectedRows(Unknown Source)
	at org.apache.derby.impl.sql.execute.DeleteResultSet.open(Unknown Source)
	at org.apache.derby.impl.sql.GenericPreparedStatement.executeStmt(Unknown Source)
	at org.apache.derby.impl.sql.GenericPreparedStatement.execute(Unknown Source)
	... 49 more

2024-04-24T12:12:10,398  INFO [TThreadPoolServer WorkerProcess-%d] HiveMetaStore.audit: ugi=alex	ip=127.0.0.1	cmd=source:127.0.0.1 drop_database: @hive#myDb	
2024-04-24T12:12:10,400  INFO [TThreadPoolServer WorkerProcess-%d] HiveMetaStore.audit: ugi=alex	ip=127.0.0.1	cmd=source:127.0.0.1 get_all_tables: db=@hive#myDb	
2024-04-24T12:12:10,401  INFO [TThreadPoolServer WorkerProcess-%d] HiveMetaStore.audit: ugi=alex	ip=127.0.0.1	cmd=source:127.0.0.1 get_functions: db=@hive#myDb pat=*	
2024-04-24T12:12:10,403  INFO [TThreadPoolServer WorkerProcess-%d] HiveMetaStore.audit: ugi=alex	ip=127.0.0.1	cmd=source:127.0.0.1 get_all_stored_procedures	
2024-04-24T12:12:10,403  INFO [TThreadPoolServer WorkerProcess-%d] HiveMetaStore.audit: ugi=alex	ip=127.0.0.1	cmd=source:127.0.0.1 get_all_packages	
2024-04-24T12:12:10,404  INFO [TThreadPoolServer WorkerProcess-%d] HiveMetaStore.audit: ugi=alex	ip=127.0.0.1	cmd=source:127.0.0.1 getTablesByTypeCore: catName=hive: db=myDb pat=.*,type=MATERIALIZED_VIEW	
2024-04-24T12:12:10,406  INFO [TThreadPoolServer WorkerProcess-%d] metastore.ObjectStore: Dropping database hive.myDb along with all tables
2024-04-24T12:12:10,409 ERROR [TThreadPoolServer WorkerProcess-%d] metastore.RetryingHMSHandler: Retrying HMSHandler after 2000 ms (attempt 9 of 10) with error: javax.jdo.JDODataStoreException: Exception thrown flushing changes to datastore
	at org.datanucleus.api.jdo.NucleusJDOHelper.getJDOExceptionForNucleusException(NucleusJDOHelper.java:542)
	at org.datanucleus.api.jdo.JDOPersistenceManager.flush(JDOPersistenceManager.java:2081)
	at org.apache.hadoop.hive.metastore.ObjectStore.addNotificationEvent(ObjectStore.java:11639)
	at sun.reflect.GeneratedMethodAccessor68.invoke(Unknown Source)
	at sun.reflect.DelegatingMethodAccessorImpl.invoke(DelegatingMethodAccessorImpl.java:43)
	at java.lang.reflect.Method.invoke(Method.java:498)
	at org.apache.hadoop.hive.metastore.RawStoreProxy.invoke(RawStoreProxy.java:97)
	at com.sun.proxy.$Proxy32.addNotificationEvent(Unknown Source)
	at org.apache.hive.hcatalog.listener.DbNotificationListener.process(DbNotificationListener.java:1403)
	at org.apache.hive.hcatalog.listener.DbNotificationListener.onDropDatabase(DbNotificationListener.java:513)
	at org.apache.hadoop.hive.metastore.MetaStoreListenerNotifier$26.notify(MetaStoreListenerNotifier.java:99)
	at org.apache.hadoop.hive.metastore.MetaStoreListenerNotifier.notifyEvent(MetaStoreListenerNotifier.java:339)
	at org.apache.hadoop.hive.metastore.HMSHandler.drop_database_core(HMSHandler.java:1785)
	at org.apache.hadoop.hive.metastore.HMSHandler.drop_database(HMSHandler.java:1869)
	at sun.reflect.GeneratedMethodAccessor74.invoke(Unknown Source)
	at sun.reflect.DelegatingMethodAccessorImpl.invoke(DelegatingMethodAccessorImpl.java:43)
	at java.lang.reflect.Method.invoke(Method.java:498)
	at org.apache.hadoop.hive.metastore.RetryingHMSHandler.invokeInternal(RetryingHMSHandler.java:147)
	at org.apache.hadoop.hive.metastore.RetryingHMSHandler.invoke(RetryingHMSHandler.java:108)
	at com.sun.proxy.$Proxy34.drop_database(Unknown Source)
	at org.apache.hadoop.hive.metastore.api.ThriftHiveMetastore$Processor$drop_database.getResult(ThriftHiveMetastore.java:18285)
	at org.apache.hadoop.hive.metastore.api.ThriftHiveMetastore$Processor$drop_database.getResult(ThriftHiveMetastore.java:18264)
	at org.apache.thrift.ProcessFunction.process(ProcessFunction.java:38)
	at org.apache.hadoop.hive.metastore.TUGIBasedProcessor$1.run(TUGIBasedProcessor.java:111)
	at org.apache.hadoop.hive.metastore.TUGIBasedProcessor$1.run(TUGIBasedProcessor.java:107)
	at java.security.AccessController.doPrivileged(Native Method)
	at javax.security.auth.Subject.doAs(Subject.java:422)
	at org.apache.hadoop.security.UserGroupInformation.doAs(UserGroupInformation.java:1682)
	at org.apache.hadoop.hive.metastore.TUGIBasedProcessor.process(TUGIBasedProcessor.java:119)
	at org.apache.thrift.server.TThreadPoolServer$WorkerProcess.run(TThreadPoolServer.java:248)
	at java.util.concurrent.ThreadPoolExecutor.runWorker(ThreadPoolExecutor.java:1149)
	at java.util.concurrent.ThreadPoolExecutor$Worker.run(ThreadPoolExecutor.java:624)
	at java.lang.Thread.run(Thread.java:750)
NestedThrowablesStackTrace:
java.sql.BatchUpdateException: DELETE on table 'DBS' caused a violation of foreign key constraint 'TBLS_FK1' for key (22).  The statement has been rolled back.
	at org.apache.derby.impl.jdbc.EmbedStatement.executeLargeBatch(Unknown Source)
	at org.apache.derby.impl.jdbc.EmbedStatement.executeBatch(Unknown Source)
	at com.zaxxer.hikari.pool.ProxyStatement.executeBatch(ProxyStatement.java:128)
	at com.zaxxer.hikari.pool.HikariProxyPreparedStatement.executeBatch(HikariProxyPreparedStatement.java)
	at org.datanucleus.store.rdbms.ParamLoggingPreparedStatement.executeBatch(ParamLoggingPreparedStatement.java:366)
	at org.datanucleus.store.rdbms.SQLController.processConnectionStatement(SQLController.java:675)
	at org.datanucleus.store.rdbms.SQLController.processStatementsForConnection(SQLController.java:643)
	at org.datanucleus.store.rdbms.SQLController$1.transactionFlushed(SQLController.java:729)
	at org.datanucleus.store.connection.AbstractManagedConnection.transactionFlushed(AbstractManagedConnection.java:95)
	at org.datanucleus.store.connection.ConnectionManagerImpl$2.transactionFlushed(ConnectionManagerImpl.java:528)
	at org.datanucleus.TransactionImpl.flush(TransactionImpl.java:222)
	at org.datanucleus.ExecutionContextImpl.flushInternal(ExecutionContextImpl.java:4068)
	at org.datanucleus.ExecutionContextThreadedImpl.flushInternal(ExecutionContextThreadedImpl.java:448)
	at org.datanucleus.ExecutionContextImpl.flush(ExecutionContextImpl.java:4009)
	at org.datanucleus.ExecutionContextThreadedImpl.flush(ExecutionContextThreadedImpl.java:434)
	at org.datanucleus.api.jdo.JDOPersistenceManager.flush(JDOPersistenceManager.java:2064)
	at org.apache.hadoop.hive.metastore.ObjectStore.addNotificationEvent(ObjectStore.java:11639)
	at sun.reflect.GeneratedMethodAccessor68.invoke(Unknown Source)
	at sun.reflect.DelegatingMethodAccessorImpl.invoke(DelegatingMethodAccessorImpl.java:43)
	at java.lang.reflect.Method.invoke(Method.java:498)
	at org.apache.hadoop.hive.metastore.RawStoreProxy.invoke(RawStoreProxy.java:97)
	at com.sun.proxy.$Proxy32.addNotificationEvent(Unknown Source)
	at org.apache.hive.hcatalog.listener.DbNotificationListener.process(DbNotificationListener.java:1403)
	at org.apache.hive.hcatalog.listener.DbNotificationListener.onDropDatabase(DbNotificationListener.java:513)
	at org.apache.hadoop.hive.metastore.MetaStoreListenerNotifier$26.notify(MetaStoreListenerNotifier.java:99)
	at org.apache.hadoop.hive.metastore.MetaStoreListenerNotifier.notifyEvent(MetaStoreListenerNotifier.java:339)
	at org.apache.hadoop.hive.metastore.HMSHandler.drop_database_core(HMSHandler.java:1785)
	at org.apache.hadoop.hive.metastore.HMSHandler.drop_database(HMSHandler.java:1869)
	at sun.reflect.GeneratedMethodAccessor74.invoke(Unknown Source)
	at sun.reflect.DelegatingMethodAccessorImpl.invoke(DelegatingMethodAccessorImpl.java:43)
	at java.lang.reflect.Method.invoke(Method.java:498)
	at org.apache.hadoop.hive.metastore.RetryingHMSHandler.invokeInternal(RetryingHMSHandler.java:147)
	at org.apache.hadoop.hive.metastore.RetryingHMSHandler.invoke(RetryingHMSHandler.java:108)
	at com.sun.proxy.$Proxy34.drop_database(Unknown Source)
	at org.apache.hadoop.hive.metastore.api.ThriftHiveMetastore$Processor$drop_database.getResult(ThriftHiveMetastore.java:18285)
	at org.apache.hadoop.hive.metastore.api.ThriftHiveMetastore$Processor$drop_database.getResult(ThriftHiveMetastore.java:18264)
	at org.apache.thrift.ProcessFunction.process(ProcessFunction.java:38)
	at org.apache.hadoop.hive.metastore.TUGIBasedProcessor$1.run(TUGIBasedProcessor.java:111)
	at org.apache.hadoop.hive.metastore.TUGIBasedProcessor$1.run(TUGIBasedProcessor.java:107)
	at java.security.AccessController.doPrivileged(Native Method)
	at javax.security.auth.Subject.doAs(Subject.java:422)
	at org.apache.hadoop.security.UserGroupInformation.doAs(UserGroupInformation.java:1682)
	at org.apache.hadoop.hive.metastore.TUGIBasedProcessor.process(TUGIBasedProcessor.java:119)
	at org.apache.thrift.server.TThreadPoolServer$WorkerProcess.run(TThreadPoolServer.java:248)
	at java.util.concurrent.ThreadPoolExecutor.runWorker(ThreadPoolExecutor.java:1149)
	at java.util.concurrent.ThreadPoolExecutor$Worker.run(ThreadPoolExecutor.java:624)
	at java.lang.Thread.run(Thread.java:750)
Caused by: org.apache.derby.shared.common.error.DerbySQLIntegrityConstraintViolationException: DELETE on table 'DBS' caused a violation of foreign key constraint 'TBLS_FK1' for key (22).  The statement has been rolled back.
	at org.apache.derby.impl.jdbc.SQLExceptionFactory.getSQLException(Unknown Source)
	at org.apache.derby.impl.jdbc.Util.generateCsSQLException(Unknown Source)
	at org.apache.derby.impl.jdbc.TransactionResourceImpl.wrapInSQLException(Unknown Source)
	at org.apache.derby.impl.jdbc.TransactionResourceImpl.handleException(Unknown Source)
	at org.apache.derby.impl.jdbc.EmbedConnection.handleException(Unknown Source)
	at org.apache.derby.impl.jdbc.ConnectionChild.handleException(Unknown Source)
	at org.apache.derby.impl.jdbc.EmbedStatement.executeStatement(Unknown Source)
	at org.apache.derby.impl.jdbc.EmbedPreparedStatement.executeBatchElement(Unknown Source)
	... 47 more
Caused by: ERROR 23503: DELETE on table 'DBS' caused a violation of foreign key constraint 'TBLS_FK1' for key (22).  The statement has been rolled back.
	at org.apache.derby.iapi.error.StandardException.newException(Unknown Source)
	at org.apache.derby.iapi.error.StandardException.newException(Unknown Source)
	at org.apache.derby.impl.sql.execute.ReferencedKeyRIChecker.doCheck(Unknown Source)
	at org.apache.derby.impl.sql.execute.RISetChecker.doPKCheck(Unknown Source)
	at org.apache.derby.impl.sql.execute.DeleteResultSet.collectAffectedRows(Unknown Source)
	at org.apache.derby.impl.sql.execute.DeleteResultSet.open(Unknown Source)
	at org.apache.derby.impl.sql.GenericPreparedStatement.executeStmt(Unknown Source)
	at org.apache.derby.impl.sql.GenericPreparedStatement.execute(Unknown Source)
	... 49 more

2024-04-24T12:12:12,410  INFO [TThreadPoolServer WorkerProcess-%d] HiveMetaStore.audit: ugi=alex	ip=127.0.0.1	cmd=source:127.0.0.1 drop_database: @hive#myDb	
2024-04-24T12:12:12,412  INFO [TThreadPoolServer WorkerProcess-%d] HiveMetaStore.audit: ugi=alex	ip=127.0.0.1	cmd=source:127.0.0.1 get_all_tables: db=@hive#myDb	
2024-04-24T12:12:12,414  INFO [TThreadPoolServer WorkerProcess-%d] HiveMetaStore.audit: ugi=alex	ip=127.0.0.1	cmd=source:127.0.0.1 get_functions: db=@hive#myDb pat=*	
2024-04-24T12:12:12,416  INFO [TThreadPoolServer WorkerProcess-%d] HiveMetaStore.audit: ugi=alex	ip=127.0.0.1	cmd=source:127.0.0.1 get_all_stored_procedures	
2024-04-24T12:12:12,417  INFO [TThreadPoolServer WorkerProcess-%d] HiveMetaStore.audit: ugi=alex	ip=127.0.0.1	cmd=source:127.0.0.1 get_all_packages	
2024-04-24T12:12:12,417  INFO [TThreadPoolServer WorkerProcess-%d] HiveMetaStore.audit: ugi=alex	ip=127.0.0.1	cmd=source:127.0.0.1 getTablesByTypeCore: catName=hive: db=myDb pat=.*,type=MATERIALIZED_VIEW	
2024-04-24T12:12:12,419  INFO [TThreadPoolServer WorkerProcess-%d] metastore.ObjectStore: Dropping database hive.myDb along with all tables
2024-04-24T12:12:12,422 ERROR [TThreadPoolServer WorkerProcess-%d] metastore.RetryingHMSHandler: Retrying HMSHandler after 2000 ms (attempt 10 of 10) with error: javax.jdo.JDODataStoreException: Exception thrown flushing changes to datastore
	at org.datanucleus.api.jdo.NucleusJDOHelper.getJDOExceptionForNucleusException(NucleusJDOHelper.java:542)
	at org.datanucleus.api.jdo.JDOPersistenceManager.flush(JDOPersistenceManager.java:2081)
	at org.apache.hadoop.hive.metastore.ObjectStore.addNotificationEvent(ObjectStore.java:11639)
	at sun.reflect.GeneratedMethodAccessor68.invoke(Unknown Source)
	at sun.reflect.DelegatingMethodAccessorImpl.invoke(DelegatingMethodAccessorImpl.java:43)
	at java.lang.reflect.Method.invoke(Method.java:498)
	at org.apache.hadoop.hive.metastore.RawStoreProxy.invoke(RawStoreProxy.java:97)
	at com.sun.proxy.$Proxy32.addNotificationEvent(Unknown Source)
	at org.apache.hive.hcatalog.listener.DbNotificationListener.process(DbNotificationListener.java:1403)
	at org.apache.hive.hcatalog.listener.DbNotificationListener.onDropDatabase(DbNotificationListener.java:513)
	at org.apache.hadoop.hive.metastore.MetaStoreListenerNotifier$26.notify(MetaStoreListenerNotifier.java:99)
	at org.apache.hadoop.hive.metastore.MetaStoreListenerNotifier.notifyEvent(MetaStoreListenerNotifier.java:339)
	at org.apache.hadoop.hive.metastore.HMSHandler.drop_database_core(HMSHandler.java:1785)
	at org.apache.hadoop.hive.metastore.HMSHandler.drop_database(HMSHandler.java:1869)
	at sun.reflect.GeneratedMethodAccessor74.invoke(Unknown Source)
	at sun.reflect.DelegatingMethodAccessorImpl.invoke(DelegatingMethodAccessorImpl.java:43)
	at java.lang.reflect.Method.invoke(Method.java:498)
	at org.apache.hadoop.hive.metastore.RetryingHMSHandler.invokeInternal(RetryingHMSHandler.java:147)
	at org.apache.hadoop.hive.metastore.RetryingHMSHandler.invoke(RetryingHMSHandler.java:108)
	at com.sun.proxy.$Proxy34.drop_database(Unknown Source)
	at org.apache.hadoop.hive.metastore.api.ThriftHiveMetastore$Processor$drop_database.getResult(ThriftHiveMetastore.java:18285)
	at org.apache.hadoop.hive.metastore.api.ThriftHiveMetastore$Processor$drop_database.getResult(ThriftHiveMetastore.java:18264)
	at org.apache.thrift.ProcessFunction.process(ProcessFunction.java:38)
	at org.apache.hadoop.hive.metastore.TUGIBasedProcessor$1.run(TUGIBasedProcessor.java:111)
	at org.apache.hadoop.hive.metastore.TUGIBasedProcessor$1.run(TUGIBasedProcessor.java:107)
	at java.security.AccessController.doPrivileged(Native Method)
	at javax.security.auth.Subject.doAs(Subject.java:422)
	at org.apache.hadoop.security.UserGroupInformation.doAs(UserGroupInformation.java:1682)
	at org.apache.hadoop.hive.metastore.TUGIBasedProcessor.process(TUGIBasedProcessor.java:119)
	at org.apache.thrift.server.TThreadPoolServer$WorkerProcess.run(TThreadPoolServer.java:248)
	at java.util.concurrent.ThreadPoolExecutor.runWorker(ThreadPoolExecutor.java:1149)
	at java.util.concurrent.ThreadPoolExecutor$Worker.run(ThreadPoolExecutor.java:624)
	at java.lang.Thread.run(Thread.java:750)
NestedThrowablesStackTrace:
java.sql.BatchUpdateException: DELETE on table 'DBS' caused a violation of foreign key constraint 'TBLS_FK1' for key (22).  The statement has been rolled back.
	at org.apache.derby.impl.jdbc.EmbedStatement.executeLargeBatch(Unknown Source)
	at org.apache.derby.impl.jdbc.EmbedStatement.executeBatch(Unknown Source)
	at com.zaxxer.hikari.pool.ProxyStatement.executeBatch(ProxyStatement.java:128)
	at com.zaxxer.hikari.pool.HikariProxyPreparedStatement.executeBatch(HikariProxyPreparedStatement.java)
	at org.datanucleus.store.rdbms.ParamLoggingPreparedStatement.executeBatch(ParamLoggingPreparedStatement.java:366)
	at org.datanucleus.store.rdbms.SQLController.processConnectionStatement(SQLController.java:675)
	at org.datanucleus.store.rdbms.SQLController.processStatementsForConnection(SQLController.java:643)
	at org.datanucleus.store.rdbms.SQLController$1.transactionFlushed(SQLController.java:729)
	at org.datanucleus.store.connection.AbstractManagedConnection.transactionFlushed(AbstractManagedConnection.java:95)
	at org.datanucleus.store.connection.ConnectionManagerImpl$2.transactionFlushed(ConnectionManagerImpl.java:528)
	at org.datanucleus.TransactionImpl.flush(TransactionImpl.java:222)
	at org.datanucleus.ExecutionContextImpl.flushInternal(ExecutionContextImpl.java:4068)
	at org.datanucleus.ExecutionContextThreadedImpl.flushInternal(ExecutionContextThreadedImpl.java:448)
	at org.datanucleus.ExecutionContextImpl.flush(ExecutionContextImpl.java:4009)
	at org.datanucleus.ExecutionContextThreadedImpl.flush(ExecutionContextThreadedImpl.java:434)
	at org.datanucleus.api.jdo.JDOPersistenceManager.flush(JDOPersistenceManager.java:2064)
	at org.apache.hadoop.hive.metastore.ObjectStore.addNotificationEvent(ObjectStore.java:11639)
	at sun.reflect.GeneratedMethodAccessor68.invoke(Unknown Source)
	at sun.reflect.DelegatingMethodAccessorImpl.invoke(DelegatingMethodAccessorImpl.java:43)
	at java.lang.reflect.Method.invoke(Method.java:498)
	at org.apache.hadoop.hive.metastore.RawStoreProxy.invoke(RawStoreProxy.java:97)
	at com.sun.proxy.$Proxy32.addNotificationEvent(Unknown Source)
	at org.apache.hive.hcatalog.listener.DbNotificationListener.process(DbNotificationListener.java:1403)
	at org.apache.hive.hcatalog.listener.DbNotificationListener.onDropDatabase(DbNotificationListener.java:513)
	at org.apache.hadoop.hive.metastore.MetaStoreListenerNotifier$26.notify(MetaStoreListenerNotifier.java:99)
	at org.apache.hadoop.hive.metastore.MetaStoreListenerNotifier.notifyEvent(MetaStoreListenerNotifier.java:339)
	at org.apache.hadoop.hive.metastore.HMSHandler.drop_database_core(HMSHandler.java:1785)
	at org.apache.hadoop.hive.metastore.HMSHandler.drop_database(HMSHandler.java:1869)
	at sun.reflect.GeneratedMethodAccessor74.invoke(Unknown Source)
	at sun.reflect.DelegatingMethodAccessorImpl.invoke(DelegatingMethodAccessorImpl.java:43)
	at java.lang.reflect.Method.invoke(Method.java:498)
	at org.apache.hadoop.hive.metastore.RetryingHMSHandler.invokeInternal(RetryingHMSHandler.java:147)
	at org.apache.hadoop.hive.metastore.RetryingHMSHandler.invoke(RetryingHMSHandler.java:108)
	at com.sun.proxy.$Proxy34.drop_database(Unknown Source)
	at org.apache.hadoop.hive.metastore.api.ThriftHiveMetastore$Processor$drop_database.getResult(ThriftHiveMetastore.java:18285)
	at org.apache.hadoop.hive.metastore.api.ThriftHiveMetastore$Processor$drop_database.getResult(ThriftHiveMetastore.java:18264)
	at org.apache.thrift.ProcessFunction.process(ProcessFunction.java:38)
	at org.apache.hadoop.hive.metastore.TUGIBasedProcessor$1.run(TUGIBasedProcessor.java:111)
	at org.apache.hadoop.hive.metastore.TUGIBasedProcessor$1.run(TUGIBasedProcessor.java:107)
	at java.security.AccessController.doPrivileged(Native Method)
	at javax.security.auth.Subject.doAs(Subject.java:422)
	at org.apache.hadoop.security.UserGroupInformation.doAs(UserGroupInformation.java:1682)
	at org.apache.hadoop.hive.metastore.TUGIBasedProcessor.process(TUGIBasedProcessor.java:119)
	at org.apache.thrift.server.TThreadPoolServer$WorkerProcess.run(TThreadPoolServer.java:248)
	at java.util.concurrent.ThreadPoolExecutor.runWorker(ThreadPoolExecutor.java:1149)
	at java.util.concurrent.ThreadPoolExecutor$Worker.run(ThreadPoolExecutor.java:624)
	at java.lang.Thread.run(Thread.java:750)
Caused by: org.apache.derby.shared.common.error.DerbySQLIntegrityConstraintViolationException: DELETE on table 'DBS' caused a violation of foreign key constraint 'TBLS_FK1' for key (22).  The statement has been rolled back.
	at org.apache.derby.impl.jdbc.SQLExceptionFactory.getSQLException(Unknown Source)
	at org.apache.derby.impl.jdbc.Util.generateCsSQLException(Unknown Source)
	at org.apache.derby.impl.jdbc.TransactionResourceImpl.wrapInSQLException(Unknown Source)
	at org.apache.derby.impl.jdbc.TransactionResourceImpl.handleException(Unknown Source)
	at org.apache.derby.impl.jdbc.EmbedConnection.handleException(Unknown Source)
	at org.apache.derby.impl.jdbc.ConnectionChild.handleException(Unknown Source)
	at org.apache.derby.impl.jdbc.EmbedStatement.executeStatement(Unknown Source)
	at org.apache.derby.impl.jdbc.EmbedPreparedStatement.executeBatchElement(Unknown Source)
	... 47 more
Caused by: ERROR 23503: DELETE on table 'DBS' caused a violation of foreign key constraint 'TBLS_FK1' for key (22).  The statement has been rolled back.
	at org.apache.derby.iapi.error.StandardException.newException(Unknown Source)
	at org.apache.derby.iapi.error.StandardException.newException(Unknown Source)
	at org.apache.derby.impl.sql.execute.ReferencedKeyRIChecker.doCheck(Unknown Source)
	at org.apache.derby.impl.sql.execute.RISetChecker.doPKCheck(Unknown Source)
	at org.apache.derby.impl.sql.execute.DeleteResultSet.collectAffectedRows(Unknown Source)
	at org.apache.derby.impl.sql.execute.DeleteResultSet.open(Unknown Source)
	at org.apache.derby.impl.sql.GenericPreparedStatement.executeStmt(Unknown Source)
	at org.apache.derby.impl.sql.GenericPreparedStatement.execute(Unknown Source)
	... 49 more

2024-04-24T12:12:14,423  INFO [TThreadPoolServer WorkerProcess-%d] HiveMetaStore.audit: ugi=alex	ip=127.0.0.1	cmd=source:127.0.0.1 drop_database: @hive#myDb	
2024-04-24T12:12:14,425  INFO [TThreadPoolServer WorkerProcess-%d] HiveMetaStore.audit: ugi=alex	ip=127.0.0.1	cmd=source:127.0.0.1 get_all_tables: db=@hive#myDb	
2024-04-24T12:12:14,426  INFO [TThreadPoolServer WorkerProcess-%d] HiveMetaStore.audit: ugi=alex	ip=127.0.0.1	cmd=source:127.0.0.1 get_functions: db=@hive#myDb pat=*	
2024-04-24T12:12:14,427  INFO [TThreadPoolServer WorkerProcess-%d] HiveMetaStore.audit: ugi=alex	ip=127.0.0.1	cmd=source:127.0.0.1 get_all_stored_procedures	
2024-04-24T12:12:14,428  INFO [TThreadPoolServer WorkerProcess-%d] HiveMetaStore.audit: ugi=alex	ip=127.0.0.1	cmd=source:127.0.0.1 get_all_packages	
2024-04-24T12:12:14,428  INFO [TThreadPoolServer WorkerProcess-%d] HiveMetaStore.audit: ugi=alex	ip=127.0.0.1	cmd=source:127.0.0.1 getTablesByTypeCore: catName=hive: db=myDb pat=.*,type=MATERIALIZED_VIEW	
2024-04-24T12:12:14,430  INFO [TThreadPoolServer WorkerProcess-%d] metastore.ObjectStore: Dropping database hive.myDb along with all tables
2024-04-24T12:12:14,432 ERROR [TThreadPoolServer WorkerProcess-%d] metastore.RetryingHMSHandler: HMSHandler Fatal error: javax.jdo.JDODataStoreException: Exception thrown flushing changes to datastore
	at org.datanucleus.api.jdo.NucleusJDOHelper.getJDOExceptionForNucleusException(NucleusJDOHelper.java:542)
	at org.datanucleus.api.jdo.JDOPersistenceManager.flush(JDOPersistenceManager.java:2081)
	at org.apache.hadoop.hive.metastore.ObjectStore.addNotificationEvent(ObjectStore.java:11639)
	at sun.reflect.GeneratedMethodAccessor68.invoke(Unknown Source)
	at sun.reflect.DelegatingMethodAccessorImpl.invoke(DelegatingMethodAccessorImpl.java:43)
	at java.lang.reflect.Method.invoke(Method.java:498)
	at org.apache.hadoop.hive.metastore.RawStoreProxy.invoke(RawStoreProxy.java:97)
	at com.sun.proxy.$Proxy32.addNotificationEvent(Unknown Source)
	at org.apache.hive.hcatalog.listener.DbNotificationListener.process(DbNotificationListener.java:1403)
	at org.apache.hive.hcatalog.listener.DbNotificationListener.onDropDatabase(DbNotificationListener.java:513)
	at org.apache.hadoop.hive.metastore.MetaStoreListenerNotifier$26.notify(MetaStoreListenerNotifier.java:99)
	at org.apache.hadoop.hive.metastore.MetaStoreListenerNotifier.notifyEvent(MetaStoreListenerNotifier.java:339)
	at org.apache.hadoop.hive.metastore.HMSHandler.drop_database_core(HMSHandler.java:1785)
	at org.apache.hadoop.hive.metastore.HMSHandler.drop_database(HMSHandler.java:1869)
	at sun.reflect.GeneratedMethodAccessor74.invoke(Unknown Source)
	at sun.reflect.DelegatingMethodAccessorImpl.invoke(DelegatingMethodAccessorImpl.java:43)
	at java.lang.reflect.Method.invoke(Method.java:498)
	at org.apache.hadoop.hive.metastore.RetryingHMSHandler.invokeInternal(RetryingHMSHandler.java:147)
	at org.apache.hadoop.hive.metastore.RetryingHMSHandler.invoke(RetryingHMSHandler.java:108)
	at com.sun.proxy.$Proxy34.drop_database(Unknown Source)
	at org.apache.hadoop.hive.metastore.api.ThriftHiveMetastore$Processor$drop_database.getResult(ThriftHiveMetastore.java:18285)
	at org.apache.hadoop.hive.metastore.api.ThriftHiveMetastore$Processor$drop_database.getResult(ThriftHiveMetastore.java:18264)
	at org.apache.thrift.ProcessFunction.process(ProcessFunction.java:38)
	at org.apache.hadoop.hive.metastore.TUGIBasedProcessor$1.run(TUGIBasedProcessor.java:111)
	at org.apache.hadoop.hive.metastore.TUGIBasedProcessor$1.run(TUGIBasedProcessor.java:107)
	at java.security.AccessController.doPrivileged(Native Method)
	at javax.security.auth.Subject.doAs(Subject.java:422)
	at org.apache.hadoop.security.UserGroupInformation.doAs(UserGroupInformation.java:1682)
	at org.apache.hadoop.hive.metastore.TUGIBasedProcessor.process(TUGIBasedProcessor.java:119)
	at org.apache.thrift.server.TThreadPoolServer$WorkerProcess.run(TThreadPoolServer.java:248)
	at java.util.concurrent.ThreadPoolExecutor.runWorker(ThreadPoolExecutor.java:1149)
	at java.util.concurrent.ThreadPoolExecutor$Worker.run(ThreadPoolExecutor.java:624)
	at java.lang.Thread.run(Thread.java:750)
NestedThrowablesStackTrace:
java.sql.BatchUpdateException: DELETE on table 'DBS' caused a violation of foreign key constraint 'TBLS_FK1' for key (22).  The statement has been rolled back.
	at org.apache.derby.impl.jdbc.EmbedStatement.executeLargeBatch(Unknown Source)
	at org.apache.derby.impl.jdbc.EmbedStatement.executeBatch(Unknown Source)
	at com.zaxxer.hikari.pool.ProxyStatement.executeBatch(ProxyStatement.java:128)
	at com.zaxxer.hikari.pool.HikariProxyPreparedStatement.executeBatch(HikariProxyPreparedStatement.java)
	at org.datanucleus.store.rdbms.ParamLoggingPreparedStatement.executeBatch(ParamLoggingPreparedStatement.java:366)
	at org.datanucleus.store.rdbms.SQLController.processConnectionStatement(SQLController.java:675)
	at org.datanucleus.store.rdbms.SQLController.processStatementsForConnection(SQLController.java:643)
	at org.datanucleus.store.rdbms.SQLController$1.transactionFlushed(SQLController.java:729)
	at org.datanucleus.store.connection.AbstractManagedConnection.transactionFlushed(AbstractManagedConnection.java:95)
	at org.datanucleus.store.connection.ConnectionManagerImpl$2.transactionFlushed(ConnectionManagerImpl.java:528)
	at org.datanucleus.TransactionImpl.flush(TransactionImpl.java:222)
	at org.datanucleus.ExecutionContextImpl.flushInternal(ExecutionContextImpl.java:4068)
	at org.datanucleus.ExecutionContextThreadedImpl.flushInternal(ExecutionContextThreadedImpl.java:448)
	at org.datanucleus.ExecutionContextImpl.flush(ExecutionContextImpl.java:4009)
	at org.datanucleus.ExecutionContextThreadedImpl.flush(ExecutionContextThreadedImpl.java:434)
	at org.datanucleus.api.jdo.JDOPersistenceManager.flush(JDOPersistenceManager.java:2064)
	at org.apache.hadoop.hive.metastore.ObjectStore.addNotificationEvent(ObjectStore.java:11639)
	at sun.reflect.GeneratedMethodAccessor68.invoke(Unknown Source)
	at sun.reflect.DelegatingMethodAccessorImpl.invoke(DelegatingMethodAccessorImpl.java:43)
	at java.lang.reflect.Method.invoke(Method.java:498)
	at org.apache.hadoop.hive.metastore.RawStoreProxy.invoke(RawStoreProxy.java:97)
	at com.sun.proxy.$Proxy32.addNotificationEvent(Unknown Source)
	at org.apache.hive.hcatalog.listener.DbNotificationListener.process(DbNotificationListener.java:1403)
	at org.apache.hive.hcatalog.listener.DbNotificationListener.onDropDatabase(DbNotificationListener.java:513)
	at org.apache.hadoop.hive.metastore.MetaStoreListenerNotifier$26.notify(MetaStoreListenerNotifier.java:99)
	at org.apache.hadoop.hive.metastore.MetaStoreListenerNotifier.notifyEvent(MetaStoreListenerNotifier.java:339)
	at org.apache.hadoop.hive.metastore.HMSHandler.drop_database_core(HMSHandler.java:1785)
	at org.apache.hadoop.hive.metastore.HMSHandler.drop_database(HMSHandler.java:1869)
	at sun.reflect.GeneratedMethodAccessor74.invoke(Unknown Source)
	at sun.reflect.DelegatingMethodAccessorImpl.invoke(DelegatingMethodAccessorImpl.java:43)
	at java.lang.reflect.Method.invoke(Method.java:498)
	at org.apache.hadoop.hive.metastore.RetryingHMSHandler.invokeInternal(RetryingHMSHandler.java:147)
	at org.apache.hadoop.hive.metastore.RetryingHMSHandler.invoke(RetryingHMSHandler.java:108)
	at com.sun.proxy.$Proxy34.drop_database(Unknown Source)
	at org.apache.hadoop.hive.metastore.api.ThriftHiveMetastore$Processor$drop_database.getResult(ThriftHiveMetastore.java:18285)
	at org.apache.hadoop.hive.metastore.api.ThriftHiveMetastore$Processor$drop_database.getResult(ThriftHiveMetastore.java:18264)
	at org.apache.thrift.ProcessFunction.process(ProcessFunction.java:38)
	at org.apache.hadoop.hive.metastore.TUGIBasedProcessor$1.run(TUGIBasedProcessor.java:111)
	at org.apache.hadoop.hive.metastore.TUGIBasedProcessor$1.run(TUGIBasedProcessor.java:107)
	at java.security.AccessController.doPrivileged(Native Method)
	at javax.security.auth.Subject.doAs(Subject.java:422)
	at org.apache.hadoop.security.UserGroupInformation.doAs(UserGroupInformation.java:1682)
	at org.apache.hadoop.hive.metastore.TUGIBasedProcessor.process(TUGIBasedProcessor.java:119)
	at org.apache.thrift.server.TThreadPoolServer$WorkerProcess.run(TThreadPoolServer.java:248)
	at java.util.concurrent.ThreadPoolExecutor.runWorker(ThreadPoolExecutor.java:1149)
	at java.util.concurrent.ThreadPoolExecutor$Worker.run(ThreadPoolExecutor.java:624)
	at java.lang.Thread.run(Thread.java:750)
Caused by: org.apache.derby.shared.common.error.DerbySQLIntegrityConstraintViolationException: DELETE on table 'DBS' caused a violation of foreign key constraint 'TBLS_FK1' for key (22).  The statement has been rolled back.
	at org.apache.derby.impl.jdbc.SQLExceptionFactory.getSQLException(Unknown Source)
	at org.apache.derby.impl.jdbc.Util.generateCsSQLException(Unknown Source)
	at org.apache.derby.impl.jdbc.TransactionResourceImpl.wrapInSQLException(Unknown Source)
	at org.apache.derby.impl.jdbc.TransactionResourceImpl.handleException(Unknown Source)
	at org.apache.derby.impl.jdbc.EmbedConnection.handleException(Unknown Source)
	at org.apache.derby.impl.jdbc.ConnectionChild.handleException(Unknown Source)
	at org.apache.derby.impl.jdbc.EmbedStatement.executeStatement(Unknown Source)
	at org.apache.derby.impl.jdbc.EmbedPreparedStatement.executeBatchElement(Unknown Source)
	... 47 more
Caused by: ERROR 23503: DELETE on table 'DBS' caused a violation of foreign key constraint 'TBLS_FK1' for key (22).  The statement has been rolled back.
	at org.apache.derby.iapi.error.StandardException.newException(Unknown Source)
	at org.apache.derby.iapi.error.StandardException.newException(Unknown Source)
	at org.apache.derby.impl.sql.execute.ReferencedKeyRIChecker.doCheck(Unknown Source)
	at org.apache.derby.impl.sql.execute.RISetChecker.doPKCheck(Unknown Source)
	at org.apache.derby.impl.sql.execute.DeleteResultSet.collectAffectedRows(Unknown Source)
	at org.apache.derby.impl.sql.execute.DeleteResultSet.open(Unknown Source)
	at org.apache.derby.impl.sql.GenericPreparedStatement.executeStmt(Unknown Source)
	at org.apache.derby.impl.sql.GenericPreparedStatement.execute(Unknown Source)
	... 49 more

2024-04-24T12:12:14,433 ERROR [main] api.TestHCatClient: Unexpected exception!
org.apache.hive.hcatalog.common.HCatException: org.apache.hive.hcatalog.common.HCatException : 9001 : Exception occurred while processing HCat request : MetaException while dropping db.. Cause : MetaException(message:javax.jdo.JDODataStoreException: Exception thrown flushing changes to datastore
NestedThrowables:
java.sql.BatchUpdateException: DELETE on table 'DBS' caused a violation of foreign key constraint 'TBLS_FK1' for key (22).  The statement has been rolled back.)
	at org.apache.hive.hcatalog.api.HCatClientHMSImpl.dropDatabase(HCatClientHMSImpl.java:164) ~[classes/:?]
	at org.apache.hive.hcatalog.api.TestHCatClient.testPartitionSchema(TestHCatClient.java:668) [test-classes/:?]
	at sun.reflect.NativeMethodAccessorImpl.invoke0(Native Method) ~[?:1.8.0_402]
	at sun.reflect.NativeMethodAccessorImpl.invoke(NativeMethodAccessorImpl.java:62) ~[?:1.8.0_402]
	at sun.reflect.DelegatingMethodAccessorImpl.invoke(DelegatingMethodAccessorImpl.java:43) ~[?:1.8.0_402]
	at java.lang.reflect.Method.invoke(Method.java:498) ~[?:1.8.0_402]
	at org.junit.runners.model.FrameworkMethod$1.runReflectiveCall(FrameworkMethod.java:59) [junit-4.13.jar:4.13]
	at org.junit.internal.runners.model.ReflectiveCallable.run(ReflectiveCallable.java:12) [junit-4.13.jar:4.13]
	at org.junit.runners.model.FrameworkMethod.invokeExplosively(FrameworkMethod.java:56) [junit-4.13.jar:4.13]
	at org.junit.internal.runners.statements.InvokeMethod.evaluate(InvokeMethod.java:17) [junit-4.13.jar:4.13]
	at org.junit.runners.ParentRunner$3.evaluate(ParentRunner.java:306) [junit-4.13.jar:4.13]
	at org.junit.runners.BlockJUnit4ClassRunner$1.evaluate(BlockJUnit4ClassRunner.java:100) [junit-4.13.jar:4.13]
	at org.junit.runners.ParentRunner.runLeaf(ParentRunner.java:366) [junit-4.13.jar:4.13]
	at org.junit.runners.BlockJUnit4ClassRunner.runChild(BlockJUnit4ClassRunner.java:103) [junit-4.13.jar:4.13]
	at org.junit.runners.BlockJUnit4ClassRunner.runChild(BlockJUnit4ClassRunner.java:63) [junit-4.13.jar:4.13]
	at org.junit.runners.ParentRunner$4.run(ParentRunner.java:331) [junit-4.13.jar:4.13]
	at org.junit.runners.ParentRunner$1.schedule(ParentRunner.java:79) [junit-4.13.jar:4.13]
	at org.junit.runners.ParentRunner.runChildren(ParentRunner.java:329) [junit-4.13.jar:4.13]
	at org.junit.runners.ParentRunner.access$100(ParentRunner.java:66) [junit-4.13.jar:4.13]
	at org.junit.runners.ParentRunner$2.evaluate(ParentRunner.java:293) [junit-4.13.jar:4.13]
	at org.junit.internal.runners.statements.RunBefores.evaluate(RunBefores.java:26) [junit-4.13.jar:4.13]
	at org.junit.internal.runners.statements.RunAfters.evaluate(RunAfters.java:27) [junit-4.13.jar:4.13]
	at org.junit.runners.ParentRunner$3.evaluate(ParentRunner.java:306) [junit-4.13.jar:4.13]
	at org.junit.runners.ParentRunner.run(ParentRunner.java:413) [junit-4.13.jar:4.13]
	at org.junit.runners.Suite.runChild(Suite.java:128) [junit-4.13.jar:4.13]
	at org.junit.runners.Suite.runChild(Suite.java:27) [junit-4.13.jar:4.13]
	at org.junit.runners.ParentRunner$4.run(ParentRunner.java:331) [junit-4.13.jar:4.13]
	at org.junit.runners.ParentRunner$1.schedule(ParentRunner.java:79) [junit-4.13.jar:4.13]
	at org.junit.runners.ParentRunner.runChildren(ParentRunner.java:329) [junit-4.13.jar:4.13]
	at org.junit.runners.ParentRunner.access$100(ParentRunner.java:66) [junit-4.13.jar:4.13]
	at org.junit.runners.ParentRunner$2.evaluate(ParentRunner.java:293) [junit-4.13.jar:4.13]
	at org.junit.runners.ParentRunner$3.evaluate(ParentRunner.java:306) [junit-4.13.jar:4.13]
	at org.junit.runners.ParentRunner.run(ParentRunner.java:413) [junit-4.13.jar:4.13]
	at org.apache.maven.surefire.junitcore.JUnitCore.run(JUnitCore.java:55) [surefire-junit47-3.0.0-M4.jar:3.0.0-M4]
	at org.apache.maven.surefire.junitcore.JUnitCoreWrapper.createRequestAndRun(JUnitCoreWrapper.java:137) [surefire-junit47-3.0.0-M4.jar:3.0.0-M4]
	at org.apache.maven.surefire.junitcore.JUnitCoreWrapper.executeEager(JUnitCoreWrapper.java:107) [surefire-junit47-3.0.0-M4.jar:3.0.0-M4]
	at org.apache.maven.surefire.junitcore.JUnitCoreWrapper.execute(JUnitCoreWrapper.java:83) [surefire-junit47-3.0.0-M4.jar:3.0.0-M4]
	at org.apache.maven.surefire.junitcore.JUnitCoreWrapper.execute(JUnitCoreWrapper.java:75) [surefire-junit47-3.0.0-M4.jar:3.0.0-M4]
	at org.apache.maven.surefire.junitcore.JUnitCoreProvider.invoke(JUnitCoreProvider.java:158) [surefire-junit47-3.0.0-M4.jar:3.0.0-M4]
	at org.apache.maven.surefire.booter.ForkedBooter.runSuitesInProcess(ForkedBooter.java:377) [surefire-booter-3.0.0-M4.jar:3.0.0-M4]
	at org.apache.maven.surefire.booter.ForkedBooter.execute(ForkedBooter.java:138) [surefire-booter-3.0.0-M4.jar:3.0.0-M4]
	at org.apache.maven.surefire.booter.ForkedBooter.run(ForkedBooter.java:465) [surefire-booter-3.0.0-M4.jar:3.0.0-M4]
	at org.apache.maven.surefire.booter.ForkedBooter.main(ForkedBooter.java:451) [surefire-booter-3.0.0-M4.jar:3.0.0-M4]
Caused by: org.apache.hadoop.hive.metastore.api.MetaException: javax.jdo.JDODataStoreException: Exception thrown flushing changes to datastore
NestedThrowables:
java.sql.BatchUpdateException: DELETE on table 'DBS' caused a violation of foreign key constraint 'TBLS_FK1' for key (22).  The statement has been rolled back.
	at org.apache.hadoop.hive.metastore.api.ThriftHiveMetastore$drop_database_result$drop_database_resultStandardScheme.read(ThriftHiveMetastore.java:54495) ~[classes/:?]
	at org.apache.hadoop.hive.metastore.api.ThriftHiveMetastore$drop_database_result$drop_database_resultStandardScheme.read(ThriftHiveMetastore.java:54463) ~[classes/:?]
	at org.apache.hadoop.hive.metastore.api.ThriftHiveMetastore$drop_database_result.read(ThriftHiveMetastore.java:54397) ~[classes/:?]
	at org.apache.thrift.TServiceClient.receiveBase(TServiceClient.java:88) ~[libthrift-0.14.1.jar:0.14.1]
	at org.apache.hadoop.hive.metastore.api.ThriftHiveMetastore$Client.recv_drop_database(ThriftHiveMetastore.java:1404) ~[classes/:?]
	at org.apache.hadoop.hive.metastore.api.ThriftHiveMetastore$Client.drop_database(ThriftHiveMetastore.java:1389) ~[classes/:?]
	at org.apache.hadoop.hive.metastore.HiveMetaStoreClient.dropDatabaseCascadePerDb(HiveMetaStoreClient.java:1601) ~[classes/:?]
	at org.apache.hadoop.hive.metastore.HiveMetaStoreClient.dropDatabase(HiveMetaStoreClient.java:1532) ~[classes/:?]
	at org.apache.hadoop.hive.metastore.HiveMetaStoreClient.dropDatabase(HiveMetaStoreClient.java:1485) ~[classes/:?]
	at sun.reflect.GeneratedMethodAccessor358.invoke(Unknown Source) ~[?:?]
	at sun.reflect.DelegatingMethodAccessorImpl.invoke(DelegatingMethodAccessorImpl.java:43) ~[?:1.8.0_402]
	at java.lang.reflect.Method.invoke(Method.java:498) ~[?:1.8.0_402]
	at org.apache.hadoop.hive.metastore.RetryingMetaStoreClient.invoke(RetryingMetaStoreClient.java:214) ~[classes/:?]
	at com.sun.proxy.$Proxy35.dropDatabase(Unknown Source) ~[?:?]
	at org.apache.hive.hcatalog.api.HCatClientHMSImpl.dropDatabase(HCatClientHMSImpl.java:154) ~[classes/:?]
	... 42 more
]]></system-err>
  </testcase>
</testsuite>