<?xml version="1.0" encoding="UTF-8"?>
<testsuite xmlns:xsi="http://www.w3.org/2001/XMLSchema-instance" xsi:noNamespaceSchemaLocation="https://maven.apache.org/surefire/maven-surefire-plugin/xsd/surefire-test-report.xsd" name="com.jsoniter.output.TestNested" time="0.013" tests="5" errors="0" skipped="0" failures="2">
  <properties>
    <property name="sun.desktop" value="gnome"/>
    <property name="awt.toolkit" value="sun.awt.X11.XToolkit"/>
    <property name="nondexStart" value="0"/>
    <property name="java.specification.version" value="1.8"/>
    <property name="file.encoding.pkg" value="sun.io"/>
    <property name="sun.cpu.isalist" value=""/>
    <property name="sun.jnu.encoding" value="UTF-8"/>
    <property name="java.class.path" value="/home/alex/Repositories/java/target/test-classes:/home/alex/Repositories/java/target/classes:/home/alex/.m2/repository/junit/junit/4.12/junit-4.12.jar:/home/alex/.m2/repository/org/hamcrest/hamcrest-core/1.3/hamcrest-core-1.3.jar:/home/alex/.m2/repository/org/javassist/javassist/3.22.0-GA/javassist-3.22.0-GA.jar:/home/alex/.m2/repository/com/fasterxml/jackson/core/jackson-annotations/2.9.5/jackson-annotations-2.9.5.jar:/home/alex/.m2/repository/com/fasterxml/jackson/core/jackson-databind/2.9.5/jackson-databind-2.9.5.jar:/home/alex/.m2/repository/com/fasterxml/jackson/core/jackson-core/2.9.5/jackson-core-2.9.5.jar:/home/alex/.m2/repository/com/google/code/gson/gson/2.8.3/gson-2.8.3.jar:/home/alex/.m2/repository/org/openjdk/jmh/jmh-core/1.20/jmh-core-1.20.jar:/home/alex/.m2/repository/net/sf/jopt-simple/jopt-simple/4.6/jopt-simple-4.6.jar:/home/alex/.m2/repository/org/apache/commons/commons-math3/3.2/commons-math3-3.2.jar:/home/alex/.m2/repository/org/openjdk/jmh/jmh-generator-annprocess/1.20/jmh-generator-annprocess-1.20.jar:"/>
    <property name="java.vm.vendor" value="Private Build"/>
    <property name="nondexPrintstack" value="false"/>
    <property name="sun.arch.data.model" value="64"/>
    <property name="java.vendor.url" value="http://java.oracle.com/"/>
    <property name="user.timezone" value=""/>
    <property name="user.country.format" value="PT"/>
    <property name="java.vm.specification.version" value="1.8"/>
    <property name="os.name" value="Linux"/>
    <property name="sun.java.launcher" value="SUN_STANDARD"/>
    <property name="user.country" value="US"/>
    <property name="sun.boot.library.path" value="/usr/lib/jvm/java-8-openjdk-amd64/jre/lib/amd64"/>
    <property name="sun.java.command" value="/home/alex/Repositories/java/target/surefire/surefirebooter4530169648970002635.jar /home/alex/Repositories/java/target/surefire 2024-04-23T17-29-39_390-jvmRun1 surefire7107335676098192752tmp surefire_143390527406106768264tmp"/>
    <property name="nondexLogging" value="CONFIG"/>
    <property name="surefire.test.class.path" value="/home/alex/Repositories/java/target/test-classes:/home/alex/Repositories/java/target/classes:/home/alex/.m2/repository/junit/junit/4.12/junit-4.12.jar:/home/alex/.m2/repository/org/hamcrest/hamcrest-core/1.3/hamcrest-core-1.3.jar:/home/alex/.m2/repository/org/javassist/javassist/3.22.0-GA/javassist-3.22.0-GA.jar:/home/alex/.m2/repository/com/fasterxml/jackson/core/jackson-annotations/2.9.5/jackson-annotations-2.9.5.jar:/home/alex/.m2/repository/com/fasterxml/jackson/core/jackson-databind/2.9.5/jackson-databind-2.9.5.jar:/home/alex/.m2/repository/com/fasterxml/jackson/core/jackson-core/2.9.5/jackson-core-2.9.5.jar:/home/alex/.m2/repository/com/google/code/gson/gson/2.8.3/gson-2.8.3.jar:/home/alex/.m2/repository/org/openjdk/jmh/jmh-core/1.20/jmh-core-1.20.jar:/home/alex/.m2/repository/net/sf/jopt-simple/jopt-simple/4.6/jopt-simple-4.6.jar:/home/alex/.m2/repository/org/apache/commons/commons-math3/3.2/commons-math3-3.2.jar:/home/alex/.m2/repository/org/openjdk/jmh/jmh-generator-annprocess/1.20/jmh-generator-annprocess-1.20.jar:"/>
    <property name="sun.cpu.endian" value="little"/>
    <property name="nondexExecid" value="224sI7i8ZPLzgExeHGDHCH0M9TlEMS1YCwtZ1ZzX2zw="/>
    <property name="user.home" value="/home/alex"/>
    <property name="user.language" value="en"/>
    <property name="java.specification.vendor" value="Oracle Corporation"/>
    <property name="java.home" value="/usr/lib/jvm/java-8-openjdk-amd64/jre"/>
    <property name="basedir" value="/home/alex/Repositories/java"/>
    <property name="file.separator" value="/"/>
    <property name="nondexEnd" value="9223372036854775807"/>
    <property name="line.separator" value="&#10;"/>
    <property name="java.vm.specification.vendor" value="Oracle Corporation"/>
    <property name="java.specification.name" value="Java Platform API Specification"/>
    <property name="java.awt.graphicsenv" value="sun.awt.X11GraphicsEnvironment"/>
    <property name="nondexFilter" value=".*"/>
    <property name="nondexSeed" value="974622"/>
    <property name="surefire.real.class.path" value="/home/alex/Repositories/java/target/surefire/surefirebooter4530169648970002635.jar"/>
    <property name="sun.boot.class.path" value="/home/alex/Repositories/java/.nondex/nondex-instr.jar:/home/alex/.m2/repository/edu/illinois/nondex-common/2.1.7/nondex-common-2.1.7.jar:/home/alex/.m2/repository/edu/illinois/nondex-annotations/2.1.7/nondex-annotations-2.1.7.jar:/usr/lib/jvm/java-8-openjdk-amd64/jre/lib/resources.jar:/usr/lib/jvm/java-8-openjdk-amd64/jre/lib/rt.jar:/usr/lib/jvm/java-8-openjdk-amd64/jre/lib/sunrsasign.jar:/usr/lib/jvm/java-8-openjdk-amd64/jre/lib/jsse.jar:/usr/lib/jvm/java-8-openjdk-amd64/jre/lib/jce.jar:/usr/lib/jvm/java-8-openjdk-amd64/jre/lib/charsets.jar:/usr/lib/jvm/java-8-openjdk-amd64/jre/lib/jfr.jar:/usr/lib/jvm/java-8-openjdk-amd64/jre/classes"/>
    <property name="sun.management.compiler" value="HotSpot 64-Bit Tiered Compilers"/>
    <property name="java.runtime.version" value="1.8.0_402-8u402-ga-2ubuntu1~22.04-b06"/>
    <property name="user.name" value="alex"/>
    <property name="path.separator" value=":"/>
    <property name="os.version" value="6.5.0-28-generic"/>
    <property name="java.endorsed.dirs" value="/usr/lib/jvm/java-8-openjdk-amd64/jre/lib/endorsed"/>
    <property name="java.runtime.name" value="OpenJDK Runtime Environment"/>
    <property name="file.encoding" value="UTF-8"/>
    <property name="java.vm.name" value="OpenJDK 64-Bit Server VM"/>
    <property name="localRepository" value="/home/alex/.m2/repository"/>
    <property name="nondexDir" value="/home/alex/Repositories/java/.nondex"/>
    <property name="java.vendor.url.bug" value="http://bugreport.sun.com/bugreport/"/>
    <property name="nondexJarDir" value="/home/alex/Repositories/java/.nondex"/>
    <property name="java.io.tmpdir" value="/tmp"/>
    <property name="java.version" value="1.8.0_402"/>
    <property name="user.dir" value="/home/alex/Repositories/java"/>
    <property name="os.arch" value="amd64"/>
    <property name="nondexMode" value="FULL"/>
    <property name="java.vm.specification.name" value="Java Virtual Machine Specification"/>
    <property name="java.awt.printerjob" value="sun.print.PSPrinterJob"/>
    <property name="user.language.format" value="pt"/>
    <property name="sun.os.patch.level" value="unknown"/>
    <property name="java.library.path" value="/usr/java/packages/lib/amd64:/usr/lib/x86_64-linux-gnu/jni:/lib/x86_64-linux-gnu:/usr/lib/x86_64-linux-gnu:/usr/lib/jni:/lib:/usr/lib"/>
    <property name="java.vendor" value="Private Build"/>
    <property name="java.vm.info" value="mixed mode"/>
    <property name="java.vm.version" value="25.402-b06"/>
    <property name="java.specification.maintenance.version" value="5"/>
    <property name="sun.io.unicode.encoding" value="UnicodeLittle"/>
    <property name="java.ext.dirs" value="/usr/lib/jvm/java-8-openjdk-amd64/jre/lib/ext:/usr/java/packages/lib/ext"/>
    <property name="java.class.version" value="52.0"/>
  </properties>
  <testcase name="test_recursive_class" classname="com.jsoniter.output.TestNested" time="0.011"/>
  <testcase name="test_recursive_class" classname="com.jsoniter.output.TestNested" time="0.012"/>
  <testcase name="test_recursive_class" classname="com.jsoniter.output.TestNested" time="0.013"/>
  <testcase name="test_recursive_class" classname="com.jsoniter.output.TestNested" time="0.003"/>
  <testcase name="test_map_of_objects" classname="com.jsoniter.output.TestNested" time="0.005"/>
  <testcase name="test_map_of_objects" classname="com.jsoniter.output.TestNested" time="0"/>
  <testcase name="test_map_of_objects" classname="com.jsoniter.output.TestNested" time="0"/>
  <testcase name="test_map_of_objects" classname="com.jsoniter.output.TestNested" time="0.003">
    <failure message="expected:&lt;...hello&quot;: {&#10;    &quot;field[1&quot;: &quot;1&quot;,&#10;    &quot;field2&quot;: &quot;2]&quot;&#10;  }&#10;}&gt; but was:&lt;...hello&quot;: {&#10;    &quot;field[2&quot;: &quot;2&quot;,&#10;    &quot;field1&quot;: &quot;1]&quot;&#10;  }&#10;}&gt;" type="junit.framework.ComparisonFailure"><![CDATA[junit.framework.ComparisonFailure: 
expected:<...hello": {
    "field[1": "1",
    "field2": "2]"
  }
}> but was:<...hello": {
    "field[2": "2",
    "field1": "1]"
  }
}>
	at com.jsoniter.output.TestNested.test_map_of_objects(TestNested.java:99)
]]></failure>
  </testcase>
  <testcase name="test_object_of_array" classname="com.jsoniter.output.TestNested" time="0.002"/>
  <testcase name="test_object_of_array" classname="com.jsoniter.output.TestNested" time="0"/>
  <testcase name="test_object_of_array" classname="com.jsoniter.output.TestNested" time="0"/>
  <testcase name="test_object_of_array" classname="com.jsoniter.output.TestNested" time="0.003">
    <failure message="expected:&lt;...[&#10;    {&#10;      &quot;field[1&quot;: &quot;1&quot;,&#10;      &quot;field2&quot;: &quot;2]&quot;&#10;    }&#10;  ]&#10;}&gt; but was:&lt;...[&#10;    {&#10;      &quot;field[2&quot;: &quot;2&quot;,&#10;      &quot;field1&quot;: &quot;1]&quot;&#10;    }&#10;  ]&#10;}&gt;" type="junit.framework.ComparisonFailure"><![CDATA[junit.framework.ComparisonFailure: 
expected:<...[
    {
      "field[1": "1",
      "field2": "2]"
    }
  ]
}> but was:<...[
    {
      "field[2": "2",
      "field1": "1]"
    }
  ]
}>
	at com.jsoniter.output.TestNested.test_object_of_array(TestNested.java:72)
]]></failure>
  </testcase>
  <testcase name="test_array_of_objects" classname="com.jsoniter.output.TestNested" time="0.002"/>
  <testcase name="test_array_of_objects" classname="com.jsoniter.output.TestNested" time="0.027"/>
  <testcase name="test_array_of_objects" classname="com.jsoniter.output.TestNested" time="0.016"/>
  <testcase name="test_array_of_objects" classname="com.jsoniter.output.TestNested" time="0.002"/>
  <testcase name="test_collection_of_objects" classname="com.jsoniter.output.TestNested" time="0.003"/>
  <testcase name="test_collection_of_objects" classname="com.jsoniter.output.TestNested" time="0.009"/>
  <testcase name="test_collection_of_objects" classname="com.jsoniter.output.TestNested" time="0.022"/>
  <testcase name="test_collection_of_objects" classname="com.jsoniter.output.TestNested" time="0.002"/>
</testsuite>