<?xml version="1.0" encoding="UTF-8"?>
<testsuite xmlns:xsi="http://www.w3.org/2001/XMLSchema-instance" xsi:noNamespaceSchemaLocation="https://maven.apache.org/surefire/maven-surefire-plugin/xsd/surefire-test-report-3.0.xsd" version="3.0" name="org.apache.hadoop.hive.ql.TestTxnLoadData" time="195.706" tests="13" errors="2" skipped="0" failures="0">
  <properties>
    <property name="build.test.dir" value="/home/alex/Repositories/hive/ql/target/tmp"/>
    <property name="awt.toolkit" value="sun.awt.X11.XToolkit"/>
    <property name="test.tmp.dir.uri" value="file:///home/alex/Repositories/hive/ql/target/tmp"/>
    <property name="java.specification.version" value="1.8"/>
    <property name="qfile" value=""/>
    <property name="test.warehouse.dir" value="pfile:///home/alex/Repositories/hive/ql/target/warehouse"/>
    <property name="sun.cpu.isalist" value=""/>
    <property name="sun.jnu.encoding" value="UTF-8"/>
    <property name="run_disabled" value=""/>
    <property name="nondexPrintstack" value="false"/>
    <property name="sun.arch.data.model" value="64"/>
    <property name="java.vendor.url" value="http://java.oracle.com/"/>
    <property name="user.country.format" value="PT"/>
    <property name="test.tmp.dir" value="/home/alex/Repositories/hive/ql/target/tmp"/>
    <property name="sun.boot.library.path" value="/usr/lib/jvm/java-8-openjdk-amd64/jre/lib/amd64"/>
    <property name="sun.java.command" value="/home/alex/Repositories/hive/ql/target/surefire/surefirebooter3810922262412306226.jar /home/alex/Repositories/hive/ql/target/surefire 2024-04-23T21-59-46_173-jvmRun1 surefire7805873631153043306tmp surefire_29207714428335093097999tmp"/>
    <property name="nondexExecid" value="Snhwr3I2MCYp2xI1BMYXdetIVL2H5UQXpCxOgAk9NN4="/>
    <property name="java.specification.vendor" value="Oracle Corporation"/>
    <property name="java.home" value="/usr/lib/jvm/java-8-openjdk-amd64/jre"/>
    <property name="basedir" value="/home/alex/Repositories/hive/ql"/>
    <property name="file.separator" value="/"/>
    <property name="nondexEnd" value="9223372036854775807"/>
    <property name="line.separator" value="&#10;"/>
    <property name="java.specification.name" value="Java Platform API Specification"/>
    <property name="derby.stream.error.file" value="/home/alex/Repositories/hive/ql/target/tmp/derby.log"/>
    <property name="java.vm.specification.vendor" value="Oracle Corporation"/>
    <property name="sun.boot.class.path" value="/home/alex/Repositories/hive/ql/.nondex/nondex-instr.jar:/home/alex/.m2/repository/edu/illinois/nondex-common/2.1.7/nondex-common-2.1.7.jar:/home/alex/.m2/repository/edu/illinois/nondex-annotations/2.1.7/nondex-annotations-2.1.7.jar:/usr/lib/jvm/java-8-openjdk-amd64/jre/lib/resources.jar:/usr/lib/jvm/java-8-openjdk-amd64/jre/lib/rt.jar:/usr/lib/jvm/java-8-openjdk-amd64/jre/lib/sunrsasign.jar:/usr/lib/jvm/java-8-openjdk-amd64/jre/lib/jsse.jar:/usr/lib/jvm/java-8-openjdk-amd64/jre/lib/jce.jar:/usr/lib/jvm/java-8-openjdk-amd64/jre/lib/charsets.jar:/usr/lib/jvm/java-8-openjdk-amd64/jre/lib/jfr.jar:/usr/lib/jvm/java-8-openjdk-amd64/jre/classes"/>
    <property name="log4j.debug" value="true"/>
    <property name="sun.management.compiler" value="HotSpot 64-Bit Tiered Compilers"/>
    <property name="spark.home" value=""/>
    <property name="java.runtime.version" value="1.8.0_402-8u402-ga-2ubuntu1~22.04-b06"/>
    <property name="user.name" value="alex"/>
    <property name="test.src.tables" value=""/>
    <property name="file.encoding" value="UTF-8"/>
    <property name="qfile_regex" value=""/>
    <property name="hadoop.bin.path" value="/home/alex/Repositories/hive/ql/../testutils/hadoop"/>
    <property name="localRepository" value="/home/alex/.m2/repository"/>
    <property name="build.dir" value="/home/alex/Repositories/hive/ql/target"/>
    <property name="nondexDir" value="/home/alex/Repositories/hive/ql/.nondex"/>
    <property name="mapred.job.tracker" value="local"/>
    <property name="nondexJarDir" value="/home/alex/Repositories/hive/ql/.nondex"/>
    <property name="java.io.tmpdir" value="/home/alex/Repositories/hive/ql/target/tmp"/>
    <property name="com.zaxxer.hikari.pool_number" value="3"/>
    <property name="java.version" value="1.8.0_402"/>
    <property name="hive.version" value="4.0.0-SNAPSHOT"/>
    <property name="java.vm.specification.name" value="Java Virtual Machine Specification"/>
    <property name="java.awt.printerjob" value="sun.print.PSPrinterJob"/>
    <property name="sun.os.patch.level" value="unknown"/>
    <property name="test.data.dir" value="/home/alex/Repositories/hive/ql/../data/files"/>
    <property name="java.library.path" value="/usr/java/packages/lib/amd64:/usr/lib/x86_64-linux-gnu/jni:/lib/x86_64-linux-gnu:/usr/lib/x86_64-linux-gnu:/usr/lib/jni:/lib:/usr/lib"/>
    <property name="java.vendor" value="Private Build"/>
    <property name="java.specification.maintenance.version" value="5"/>
    <property name="sun.io.unicode.encoding" value="UnicodeLittle"/>
    <property name="initScript" value=""/>
    <property name="sun.desktop" value="gnome"/>
    <property name="calcite.enable.rexnode.digest.normalize" value="false"/>
    <property name="nondexStart" value="0"/>
    <property name="file.encoding.pkg" value="sun.io"/>
    <property name="log4j.configurationFile" value="file:///home/alex/Repositories/hive/ql/target/testconf/hive-log4j2.properties"/>
    <property name="java.class.path" value="/home/alex/Repositories/hive/ql/target/test-classes:/home/alex/Repositories/hive/ql/target/classes:/home/alex/.m2/repository/org/apache/atlas/atlas-client-v2/2.1.0/atlas-client-v2-2.1.0.jar:/home/alex/.m2/repository/cglib/cglib/2.2.2/cglib-2.2.2.jar:/home/alex/.m2/repository/asm/asm/3.3.1/asm-3.3.1.jar:/home/alex/.m2/repository/org/apache/atlas/atlas-client-common/2.1.0/atlas-client-common-2.1.0.jar:/home/alex/.m2/repository/org/apache/httpcomponents/httpclient/4.5.13/httpclient-4.5.13.jar:/home/alex/.m2/repository/com/sun/jersey/jersey-client/1.19/jersey-client-1.19.jar:/home/alex/.m2/repository/org/apache/atlas/atlas-intg/2.1.0/atlas-intg-2.1.0.jar:/home/alex/.m2/repository/commons-collections/commons-collections/3.2.2/commons-collections-3.2.2.jar:/home/alex/.m2/repository/commons-validator/commons-validator/1.6/commons-validator-1.6.jar:/home/alex/.m2/repository/commons-digester/commons-digester/1.8.1/commons-digester-1.8.1.jar:/home/alex/.m2/repository/com/fasterxml/jackson/jaxrs/jackson-jaxrs-base/2.12.0/jackson-jaxrs-base-2.12.0.jar:/home/alex/.m2/repository/com/fasterxml/jackson/jaxrs/jackson-jaxrs-json-provider/2.12.0/jackson-jaxrs-json-provider-2.12.0.jar:/home/alex/.m2/repository/javax/inject/javax.inject/1/javax.inject-1.jar:/home/alex/.m2/repository/org/springframework/spring-context/4.3.20.RELEASE/spring-context-4.3.20.RELEASE.jar:/home/alex/.m2/repository/org/springframework/spring-aop/4.3.20.RELEASE/spring-aop-4.3.20.RELEASE.jar:/home/alex/.m2/repository/org/springframework/spring-beans/4.3.20.RELEASE/spring-beans-4.3.20.RELEASE.jar:/home/alex/.m2/repository/org/springframework/spring-core/4.3.20.RELEASE/spring-core-4.3.20.RELEASE.jar:/home/alex/.m2/repository/org/springframework/spring-expression/4.3.20.RELEASE/spring-expression-4.3.20.RELEASE.jar:/home/alex/.m2/repository/commons-configuration/commons-configuration/1.10/commons-configuration-1.10.jar:/home/alex/.m2/repository/commons-lang/commons-lang/2.6/commons-lang-2.6.jar:/home/alex/.m2/repository/commons-logging/commons-logging/1.1.1/commons-logging-1.1.1.jar:/home/alex/.m2/repository/org/apache/commons/commons-math3/3.6.1/commons-math3-3.6.1.jar:/home/alex/Repositories/hive/vector-code-gen/target/classes:/home/alex/.m2/repository/org/apache/velocity/velocity/1.5/velocity-1.5.jar:/home/alex/Repositories/hive/common/target/classes:/home/alex/Repositories/hive/classification/target/classes:/home/alex/Repositories/hive/standalone-metastore/metastore-common/target/classes:/home/alex/.m2/repository/commons-cli/commons-cli/1.4/commons-cli-1.4.jar:/home/alex/.m2/repository/org/apache/orc/orc-core/1.6.9/orc-core-1.6.9.jar:/home/alex/.m2/repository/org/apache/orc/orc-shims/1.6.9/orc-shims-1.6.9.jar:/home/alex/.m2/repository/io/airlift/aircompressor/0.19/aircompressor-0.19.jar:/home/alex/.m2/repository/org/jetbrains/annotations/17.0.0/annotations-17.0.0.jar:/home/alex/.m2/repository/org/threeten/threeten-extra/1.5.0/threeten-extra-1.5.0.jar:/home/alex/.m2/repository/jline/jline/2.14.6/jline-2.14.6.jar:/home/alex/.m2/repository/javax/servlet/javax.servlet-api/3.1.0/javax.servlet-api-3.1.0.jar:/home/alex/.m2/repository/org/eclipse/jetty/jetty-http/9.3.27.v20190418/jetty-http-9.3.27.v20190418.jar:/home/alex/.m2/repository/org/eclipse/jetty/jetty-rewrite/9.3.27.v20190418/jetty-rewrite-9.3.27.v20190418.jar:/home/alex/.m2/repository/org/eclipse/jetty/jetty-client/9.3.27.v20190418/jetty-client-9.3.27.v20190418.jar:/home/alex/.m2/repository/org/eclipse/jetty/jetty-server/9.3.27.v20190418/jetty-server-9.3.27.v20190418.jar:/home/alex/.m2/repository/org/eclipse/jetty/jetty-io/9.3.27.v20190418/jetty-io-9.3.27.v20190418.jar:/home/alex/.m2/repository/org/eclipse/jetty/jetty-servlet/9.3.27.v20190418/jetty-servlet-9.3.27.v20190418.jar:/home/alex/.m2/repository/org/eclipse/jetty/jetty-security/9.3.27.v20190418/jetty-security-9.3.27.v20190418.jar:/home/alex/.m2/repository/org/eclipse/jetty/jetty-webapp/9.3.27.v20190418/jetty-webapp-9.3.27.v20190418.jar:/home/alex/.m2/repository/org/eclipse/jetty/jetty-xml/9.3.27.v20190418/jetty-xml-9.3.27.v20190418.jar:/home/alex/.m2/repository/joda-time/joda-time/2.9.9/joda-time-2.9.9.jar:/home/alex/.m2/repository/org/apache/logging/log4j/log4j-web/2.13.2/log4j-web-2.13.2.jar:/home/alex/.m2/repository/net/sf/jpam/jpam/1.1/jpam-1.1.jar:/home/alex/.m2/repository/io/dropwizard/metrics/metrics-core/3.1.0/metrics-core-3.1.0.jar:/home/alex/.m2/repository/io/dropwizard/metrics/metrics-jvm/3.1.0/metrics-jvm-3.1.0.jar:/home/alex/.m2/repository/io/dropwizard/metrics/metrics-json/3.1.0/metrics-json-3.1.0.jar:/home/alex/.m2/repository/com/github/joshelser/dropwizard-metrics-hadoop-metrics2-reporter/0.1.2/dropwizard-metrics-hadoop-metrics2-reporter-0.1.2.jar:/home/alex/Repositories/hive/metastore/target/classes:/home/alex/.m2/repository/org/apache/derby/derby/10.14.1.0/derby-10.14.1.0.jar:/home/alex/Repositories/hive/serde/target/classes:/home/alex/.m2/repository/com/google/code/findbugs/jsr305/3.0.0/jsr305-3.0.0.jar:/home/alex/.m2/repository/org/apache/arrow/arrow-vector/0.15.1/arrow-vector-0.15.1.jar:/home/alex/.m2/repository/org/apache/arrow/arrow-format/0.15.1/arrow-format-0.15.1.jar:/home/alex/.m2/repository/org/apache/arrow/arrow-memory/0.15.1/arrow-memory-0.15.1.jar:/home/alex/.m2/repository/com/google/flatbuffers/flatbuffers-java/1.9.0/flatbuffers-java-1.9.0.jar:/home/alex/.m2/repository/com/carrotsearch/hppc/0.7.2/hppc-0.7.2.jar:/home/alex/.m2/repository/com/github/davidmoten/flatbuffers-java/1.6.0.1/flatbuffers-java-1.6.0.1.jar:/home/alex/Repositories/hive/parser/target/classes:/home/alex/Repositories/hive/udf/target/classes:/home/alex/Repositories/hive/service-rpc/target/classes:/home/alex/Repositories/hive/llap-client/target/classes:/home/alex/Repositories/hive/llap-common/target/classes:/home/alex/.m2/repository/io/jsonwebtoken/jjwt-api/0.10.5/jjwt-api-0.10.5.jar:/home/alex/.m2/repository/io/jsonwebtoken/jjwt-impl/0.10.5/jjwt-impl-0.10.5.jar:/home/alex/.m2/repository/io/jsonwebtoken/jjwt-jackson/0.10.5/jjwt-jackson-0.10.5.jar:/home/alex/Repositories/hive/llap-tez/target/classes:/home/alex/Repositories/hive/shims/aggregator/target/classes:/home/alex/Repositories/hive/shims/common/target/classes:/home/alex/Repositories/hive/shims/0.23/target/classes:/home/alex/.m2/repository/org/apache/hadoop/hadoop-yarn-server-resourcemanager/3.1.0/hadoop-yarn-server-resourcemanager-3.1.0.jar:/home/alex/.m2/repository/org/apache/hadoop/hadoop-yarn-server-applicationhistoryservice/3.1.0/hadoop-yarn-server-applicationhistoryservice-3.1.0.jar:/home/alex/.m2/repository/de/ruedigermoeller/fst/2.50/fst-2.50.jar:/home/alex/.m2/repository/com/cedarsoftware/java-util/1.9.0/java-util-1.9.0.jar:/home/alex/.m2/repository/com/cedarsoftware/json-io/2.5.1/json-io-2.5.1.jar:/home/alex/Repositories/hive/shims/scheduler/target/classes:/home/alex/Repositories/hive/spark-client/target/classes:/home/alex/.m2/repository/io/netty/netty-all/4.1.65.Final/netty-all-4.1.65.Final.jar:/home/alex/.m2/repository/com/fasterxml/jackson/module/jackson-module-scala_2.12/2.12.0/jackson-module-scala_2.12-2.12.0.jar:/home/alex/.m2/repository/org/apache/spark/spark-yarn_2.12/2.4.5/spark-yarn_2.12-2.4.5.jar:/home/alex/Repositories/hive/storage-api/target/classes:/home/alex/.m2/repository/com/amazonaws/aws-java-sdk-bundle/1.11.901/aws-java-sdk-bundle-1.11.901.jar:/home/alex/.m2/repository/com/amazonaws/secretsmanager/aws-secretsmanager-caching-java/1.0.1/aws-secretsmanager-caching-java-1.0.1.jar:/home/alex/.m2/repository/com/esotericsoftware/kryo/5.0.3/kryo-5.0.3.jar:/home/alex/.m2/repository/org/objenesis/objenesis/3.1/objenesis-3.1.jar:/home/alex/.m2/repository/com/esotericsoftware/minlog/1.3.1/minlog-1.3.1.jar:/home/alex/.m2/repository/com/esotericsoftware/reflectasm/1.11.9/reflectasm-1.11.9.jar:/home/alex/.m2/repository/com/google/protobuf/protobuf-java/2.5.0/protobuf-java-2.5.0.jar:/home/alex/.m2/repository/org/apache/hbase/hbase-common/2.0.0-alpha4/hbase-common-2.0.0-alpha4.jar:/home/alex/.m2/repository/org/apache/hbase/thirdparty/hbase-shaded-miscellaneous/1.0.1/hbase-shaded-miscellaneous-1.0.1.jar:/home/alex/.m2/repository/org/apache/htrace/htrace-core/3.2.0-incubating/htrace-core-3.2.0-incubating.jar:/home/alex/.m2/repository/org/apache/commons/commons-crypto/1.0.0/commons-crypto-1.0.0.jar:/home/alex/.m2/repository/com/github/stephenc/findbugs/findbugs-annotations/1.3.9-1/findbugs-annotations-1.3.9-1.jar:/home/alex/.m2/repository/log4j/log4j/1.2.17/log4j-1.2.17.jar:/home/alex/.m2/repository/org/apache/yetus/audience-annotations/0.5.0/audience-annotations-0.5.0.jar:/home/alex/.m2/repository/org/apache/parquet/parquet-hadoop-bundle/1.11.1/parquet-hadoop-bundle-1.11.1.jar:/home/alex/.m2/repository/commons-codec/commons-codec/1.15/commons-codec-1.15.jar:/home/alex/.m2/repository/commons-io/commons-io/2.6/commons-io-2.6.jar:/home/alex/.m2/repository/org/apache/commons/commons-collections4/4.1/commons-collections4-4.1.jar:/home/alex/.m2/repository/org/apache/commons/commons-lang3/3.9/commons-lang3-3.9.jar:/home/alex/.m2/repository/org/apache/commons/commons-text/1.8/commons-text-1.8.jar:/home/alex/.m2/repository/javolution/javolution/5.5.1/javolution-5.5.1.jar:/home/alex/.m2/repository/org/apache/logging/log4j/log4j-1.2-api/2.13.2/log4j-1.2-api-2.13.2.jar:/home/alex/.m2/repository/org/apache/logging/log4j/log4j-api/2.13.2/log4j-api-2.13.2.jar:/home/alex/.m2/repository/org/apache/logging/log4j/log4j-core/2.13.2/log4j-core-2.13.2.jar:/home/alex/.m2/repository/org/apache/logging/log4j/log4j-slf4j-impl/2.13.2/log4j-slf4j-impl-2.13.2.jar:/home/alex/.m2/repository/org/antlr/antlr-runtime/3.5.2/antlr-runtime-3.5.2.jar:/home/alex/.m2/repository/org/antlr/ST4/4.0.4/ST4-4.0.4.jar:/home/alex/.m2/repository/org/apache/avro/avro/1.8.2/avro-1.8.2.jar:/home/alex/.m2/repository/org/codehaus/jackson/jackson-core-asl/1.9.13/jackson-core-asl-1.9.13.jar:/home/alex/.m2/repository/org/codehaus/jackson/jackson-mapper-asl/1.9.13/jackson-mapper-asl-1.9.13.jar:/home/alex/.m2/repository/com/thoughtworks/paranamer/paranamer/2.8/paranamer-2.8.jar:/home/alex/.m2/repository/org/xerial/snappy/snappy-java/1.1.4/snappy-java-1.1.4.jar:/home/alex/.m2/repository/org/tukaani/xz/1.5/xz-1.5.jar:/home/alex/.m2/repository/org/apache/avro/avro-mapred/1.8.2/avro-mapred-1.8.2-hadoop2.jar:/home/alex/.m2/repository/org/apache/avro/avro-ipc/1.8.2/avro-ipc-1.8.2.jar:/home/alex/.m2/repository/org/mortbay/jetty/jetty/6.1.26/jetty-6.1.26.jar:/home/alex/.m2/repository/org/apache/ant/ant/1.9.1/ant-1.9.1.jar:/home/alex/.m2/repository/org/apache/ant/ant-launcher/1.9.1/ant-launcher-1.9.1.jar:/home/alex/.m2/repository/org/apache/commons/commons-compress/1.21/commons-compress-1.21.jar:/home/alex/.m2/repository/org/apache/thrift/libfb303/0.9.3/libfb303-0.9.3.jar:/home/alex/.m2/repository/org/apache/hadoop/hadoop-common/3.1.0/hadoop-common-3.1.0.jar:/home/alex/.m2/repository/org/apache/hadoop/hadoop-annotations/3.1.0/hadoop-annotations-3.1.0.jar:/home/alex/.m2/repository/commons-net/commons-net/3.6/commons-net-3.6.jar:/home/alex/.m2/repository/org/eclipse/jetty/jetty-util/9.3.27.v20190418/jetty-util-9.3.27.v20190418.jar:/home/alex/.m2/repository/javax/servlet/jsp/jsp-api/2.1/jsp-api-2.1.jar:/home/alex/.m2/repository/com/sun/jersey/jersey-core/1.19/jersey-core-1.19.jar:/home/alex/.m2/repository/javax/ws/rs/jsr311-api/1.1.1/jsr311-api-1.1.1.jar:/home/alex/.m2/repository/com/sun/jersey/jersey-json/1.19/jersey-json-1.19.jar:/home/alex/.m2/repository/com/sun/xml/bind/jaxb-impl/2.2.3-1/jaxb-impl-2.2.3-1.jar:/home/alex/.m2/repository/org/codehaus/jackson/jackson-jaxrs/1.9.2/jackson-jaxrs-1.9.2.jar:/home/alex/.m2/repository/org/codehaus/jackson/jackson-xc/1.9.2/jackson-xc-1.9.2.jar:/home/alex/.m2/repository/com/sun/jersey/jersey-server/1.19/jersey-server-1.19.jar:/home/alex/.m2/repository/org/apache/commons/commons-configuration2/2.1.1/commons-configuration2-2.1.1.jar:/home/alex/.m2/repository/org/apache/hadoop/hadoop-auth/3.1.0/hadoop-auth-3.1.0.jar:/home/alex/.m2/repository/com/nimbusds/nimbus-jose-jwt/4.41.1/nimbus-jose-jwt-4.41.1.jar:/home/alex/.m2/repository/com/github/stephenc/jcip/jcip-annotations/1.0-1/jcip-annotations-1.0-1.jar:/home/alex/.m2/repository/com/jcraft/jsch/0.1.54/jsch-0.1.54.jar:/home/alex/.m2/repository/org/apache/htrace/htrace-core4/4.1.0-incubating/htrace-core4-4.1.0-incubating.jar:/home/alex/.m2/repository/org/apache/kerby/kerb-simplekdc/1.0.1/kerb-simplekdc-1.0.1.jar:/home/alex/.m2/repository/org/apache/kerby/kerb-client/1.0.1/kerb-client-1.0.1.jar:/home/alex/.m2/repository/org/apache/kerby/kerby-config/1.0.1/kerby-config-1.0.1.jar:/home/alex/.m2/repository/org/apache/kerby/kerb-core/1.0.1/kerb-core-1.0.1.jar:/home/alex/.m2/repository/org/apache/kerby/kerby-pkix/1.0.1/kerby-pkix-1.0.1.jar:/home/alex/.m2/repository/org/apache/kerby/kerby-asn1/1.0.1/kerby-asn1-1.0.1.jar:/home/alex/.m2/repository/org/apache/kerby/kerby-util/1.0.1/kerby-util-1.0.1.jar:/home/alex/.m2/repository/org/apache/kerby/kerb-common/1.0.1/kerb-common-1.0.1.jar:/home/alex/.m2/repository/org/apache/kerby/kerb-crypto/1.0.1/kerb-crypto-1.0.1.jar:/home/alex/.m2/repository/org/apache/kerby/kerb-util/1.0.1/kerb-util-1.0.1.jar:/home/alex/.m2/repository/org/apache/kerby/token-provider/1.0.1/token-provider-1.0.1.jar:/home/alex/.m2/repository/org/apache/kerby/kerb-admin/1.0.1/kerb-admin-1.0.1.jar:/home/alex/.m2/repository/org/apache/kerby/kerb-server/1.0.1/kerb-server-1.0.1.jar:/home/alex/.m2/repository/org/apache/kerby/kerb-identity/1.0.1/kerb-identity-1.0.1.jar:/home/alex/.m2/repository/org/apache/kerby/kerby-xdr/1.0.1/kerby-xdr-1.0.1.jar:/home/alex/.m2/repository/org/codehaus/woodstox/stax2-api/3.1.4/stax2-api-3.1.4.jar:/home/alex/.m2/repository/com/fasterxml/woodstox/woodstox-core/5.0.3/woodstox-core-5.0.3.jar:/home/alex/.m2/repository/org/apache/hadoop/hadoop-archives/3.1.0/hadoop-archives-3.1.0.jar:/home/alex/.m2/repository/org/apache/hadoop/hadoop-yarn-registry/3.1.0/hadoop-yarn-registry-3.1.0.jar:/home/alex/.m2/repository/org/apache/curator/curator-client/4.2.0/curator-client-4.2.0.jar:/home/alex/.m2/repository/org/apache/curator/curator-recipes/4.2.0/curator-recipes-4.2.0.jar:/home/alex/.m2/repository/commons-daemon/commons-daemon/1.0.13/commons-daemon-1.0.13.jar:/home/alex/.m2/repository/dnsjava/dnsjava/2.1.7/dnsjava-2.1.7.jar:/home/alex/.m2/repository/org/apache/hadoop/hadoop-mapreduce-client-core/3.1.0/hadoop-mapreduce-client-core-3.1.0.jar:/home/alex/.m2/repository/org/apache/hadoop/hadoop-hdfs-client/3.1.0/hadoop-hdfs-client-3.1.0.jar:/home/alex/.m2/repository/com/squareup/okhttp/okhttp/2.7.5/okhttp-2.7.5.jar:/home/alex/.m2/repository/com/squareup/okio/okio/1.6.0/okio-1.6.0.jar:/home/alex/.m2/repository/com/google/inject/extensions/guice-servlet/4.0/guice-servlet-4.0.jar:/home/alex/.m2/repository/org/apache/hadoop/hadoop-mapreduce-client-common/3.1.0/hadoop-mapreduce-client-common-3.1.0.jar:/home/alex/.m2/repository/org/apache/hadoop/hadoop-hdfs/3.1.0/hadoop-hdfs-3.1.0.jar:/home/alex/.m2/repository/org/eclipse/jetty/jetty-util-ajax/9.3.19.v20170502/jetty-util-ajax-9.3.19.v20170502.jar:/home/alex/.m2/repository/org/fusesource/leveldbjni/leveldbjni-all/1.8/leveldbjni-all-1.8.jar:/home/alex/.m2/repository/org/apache/hadoop/hadoop-yarn-api/3.1.0/hadoop-yarn-api-3.1.0.jar:/home/alex/.m2/repository/javax/xml/bind/jaxb-api/2.2.11/jaxb-api-2.2.11.jar:/home/alex/.m2/repository/org/apache/hadoop/hadoop-yarn-common/3.1.0/hadoop-yarn-common-3.1.0.jar:/home/alex/.m2/repository/com/google/inject/guice/4.0/guice-4.0.jar:/home/alex/.m2/repository/aopalliance/aopalliance/1.0/aopalliance-1.0.jar:/home/alex/.m2/repository/com/sun/jersey/contribs/jersey-guice/1.19/jersey-guice-1.19.jar:/home/alex/.m2/repository/com/fasterxml/jackson/module/jackson-module-jaxb-annotations/2.12.0/jackson-module-jaxb-annotations-2.12.0.jar:/home/alex/.m2/repository/jakarta/xml/bind/jakarta.xml.bind-api/2.3.2/jakarta.xml.bind-api-2.3.2.jar:/home/alex/.m2/repository/jakarta/activation/jakarta.activation-api/1.2.1/jakarta.activation-api-1.2.1.jar:/home/alex/.m2/repository/org/apache/hadoop/hadoop-yarn-client/3.1.0/hadoop-yarn-client-3.1.0.jar:/home/alex/.m2/repository/org/apache/orc/orc-tools/1.6.9/orc-tools-1.6.9.jar:/home/alex/.m2/repository/com/opencsv/opencsv/3.9/opencsv-3.9.jar:/home/alex/.m2/repository/org/codehaus/jettison/jettison/1.1/jettison-1.1.jar:/home/alex/.m2/repository/org/threeten/threetenbp/1.3.5/threetenbp-1.3.5.jar:/home/alex/.m2/repository/org/apache/ivy/ivy/2.4.0/ivy-2.4.0.jar:/home/alex/.m2/repository/org/apache/thrift/libthrift/0.14.1/libthrift-0.14.1.jar:/home/alex/.m2/repository/org/apache/httpcomponents/httpcore/4.4.13/httpcore-4.4.13.jar:/home/alex/.m2/repository/org/apache/tomcat/embed/tomcat-embed-core/8.5.46/tomcat-embed-core-8.5.46.jar:/home/alex/.m2/repository/org/apache/tomcat/tomcat-annotations-api/8.5.46/tomcat-annotations-api-8.5.46.jar:/home/alex/.m2/repository/javax/annotation/javax.annotation-api/1.3.2/javax.annotation-api-1.3.2.jar:/home/alex/.m2/repository/org/apache/zookeeper/zookeeper/3.5.5/zookeeper-3.5.5.jar:/home/alex/.m2/repository/org/apache/zookeeper/zookeeper-jute/3.5.5/zookeeper-jute-3.5.5.jar:/home/alex/.m2/repository/org/apache/curator/curator-framework/4.2.0/curator-framework-4.2.0.jar:/home/alex/.m2/repository/org/apache/curator/curator-test/4.2.0/curator-test-4.2.0.jar:/home/alex/.m2/repository/org/apache/datasketches/datasketches-hive/1.1.0-incubating/datasketches-hive-1.1.0-incubating.jar:/home/alex/.m2/repository/org/apache/datasketches/datasketches-java/1.3.0-incubating/datasketches-java-1.3.0-incubating.jar:/home/alex/.m2/repository/org/apache/datasketches/datasketches-memory/1.2.0-incubating/datasketches-memory-1.2.0-incubating.jar:/home/alex/.m2/repository/org/slf4j/slf4j-simple/1.7.27/slf4j-simple-1.7.27.jar:/home/alex/.m2/repository/com/lmax/disruptor/3.3.7/disruptor-3.3.7.jar:/home/alex/.m2/repository/org/codehaus/groovy/groovy-all/2.4.11/groovy-all-2.4.11.jar:/home/alex/.m2/repository/org/jodd/jodd-util/6.0.0/jodd-util-6.0.0.jar:/home/alex/.m2/repository/com/fasterxml/jackson/core/jackson-annotations/2.12.0/jackson-annotations-2.12.0.jar:/home/alex/.m2/repository/com/fasterxml/jackson/core/jackson-core/2.12.0/jackson-core-2.12.0.jar:/home/alex/.m2/repository/com/fasterxml/jackson/core/jackson-databind/2.12.0/jackson-databind-2.12.0.jar:/home/alex/.m2/repository/com/fasterxml/jackson/dataformat/jackson-dataformat-yaml/2.12.0/jackson-dataformat-yaml-2.12.0.jar:/home/alex/.m2/repository/org/yaml/snakeyaml/1.27/snakeyaml-1.27.jar:/home/alex/.m2/repository/org/datanucleus/datanucleus-core/5.2.4/datanucleus-core-5.2.4.jar:/home/alex/.m2/repository/org/apache/calcite/calcite-core/1.25.0/calcite-core-1.25.0.jar:/home/alex/.m2/repository/org/apache/calcite/calcite-linq4j/1.25.0/calcite-linq4j-1.25.0.jar:/home/alex/.m2/repository/org/apiguardian/apiguardian-api/1.1.0/apiguardian-api-1.1.0.jar:/home/alex/.m2/repository/com/esri/geometry/esri-geometry-api/2.2.0/esri-geometry-api-2.2.0.jar:/home/alex/.m2/repository/com/yahoo/datasketches/sketches-core/0.9.0/sketches-core-0.9.0.jar:/home/alex/.m2/repository/com/yahoo/datasketches/memory/0.9.0/memory-0.9.0.jar:/home/alex/.m2/repository/org/apache/commons/commons-dbcp2/2.7.0/commons-dbcp2-2.7.0.jar:/home/alex/.m2/repository/org/apache/commons/commons-pool2/2.7.0/commons-pool2-2.7.0.jar:/home/alex/.m2/repository/org/apache/calcite/calcite-druid/1.25.0/calcite-druid-1.25.0.jar:/home/alex/.m2/repository/org/apache/calcite/avatica/avatica/1.12.0/avatica-1.12.0.jar:/home/alex/.m2/repository/com/google/guava/guava/19.0/guava-19.0.jar:/home/alex/.m2/repository/com/googlecode/javaewah/JavaEWAH/0.3.2/JavaEWAH-0.3.2.jar:/home/alex/.m2/repository/com/google/code/gson/gson/2.2.4/gson-2.2.4.jar:/home/alex/.m2/repository/com/tdunning/json/1.8/json-1.8.jar:/home/alex/.m2/repository/stax/stax-api/1.0.1/stax-api-1.0.1.jar:/home/alex/.m2/repository/net/sf/opencsv/opencsv/2.3/opencsv-2.3.jar:/home/alex/Repositories/hive/standalone-metastore/metastore-server/target/classes:/home/alex/.m2/repository/com/zaxxer/HikariCP/2.6.1/HikariCP-2.6.1.jar:/home/alex/.m2/repository/commons-beanutils/commons-beanutils/1.9.4/commons-beanutils-1.9.4.jar:/home/alex/.m2/repository/org/datanucleus/datanucleus-api-jdo/5.2.4/datanucleus-api-jdo-5.2.4.jar:/home/alex/.m2/repository/org/datanucleus/datanucleus-rdbms/5.2.4/datanucleus-rdbms-5.2.4.jar:/home/alex/.m2/repository/org/datanucleus/javax.jdo/3.2.0-release/javax.jdo-3.2.0-release.jar:/home/alex/.m2/repository/javax/transaction/javax.transaction-api/1.3/javax.transaction-api-1.3.jar:/home/alex/.m2/repository/org/glassfish/corba/glassfish-corba-omgapi/4.2.2/glassfish-corba-omgapi-4.2.2.jar:/home/alex/.m2/repository/sqlline/sqlline/1.9.0/sqlline-1.9.0.jar:/home/alex/.m2/repository/org/jline/jline-terminal/3.12.1/jline-terminal-3.12.1.jar:/home/alex/.m2/repository/org/jline/jline-reader/3.12.1/jline-reader-3.12.1.jar:/home/alex/.m2/repository/org/jline/jline-terminal-jansi/3.12.1/jline-terminal-jansi-3.12.1.jar:/home/alex/.m2/repository/org/fusesource/jansi/jansi/1.18/jansi-1.18.jar:/home/alex/.m2/repository/org/jline/jline-terminal-jna/3.12.1/jline-terminal-jna-3.12.1.jar:/home/alex/.m2/repository/net/java/dev/jna/jna/5.3.1/jna-5.3.1.jar:/home/alex/.m2/repository/org/jline/jline-builtins/3.12.1/jline-builtins-3.12.1.jar:/home/alex/.m2/repository/org/jline/jline-style/3.12.1/jline-style-3.12.1.jar:/home/alex/.m2/repository/com/cronutils/cron-utils/9.1.3/cron-utils-9.1.3.jar:/home/alex/.m2/repository/org/glassfish/javax.el/3.0.0/javax.el-3.0.0.jar:/home/alex/.m2/repository/com/oracle/database/jdbc/ojdbc8/21.3.0.0/ojdbc8-21.3.0.0.jar:/home/alex/.m2/repository/mysql/mysql-connector-java/8.0.27/mysql-connector-java-8.0.27.jar:/home/alex/.m2/repository/com/microsoft/sqlserver/mssql-jdbc/6.2.1.jre8/mssql-jdbc-6.2.1.jre8.jar:/home/alex/.m2/repository/org/postgresql/postgresql/42.2.14/postgresql-42.2.14.jar:/home/alex/Repositories/hive/common/target/test-classes:/home/alex/Repositories/hive/standalone-metastore/metastore-common/target/test-classes:/home/alex/.m2/repository/com/github/ben-manes/caffeine/caffeine/2.8.4/caffeine-2.8.4.jar:/home/alex/.m2/repository/org/checkerframework/checker-qual/3.4.0/checker-qual-3.4.0.jar:/home/alex/Repositories/hive/standalone-metastore/metastore-server/target/test-classes:/home/alex/.m2/repository/org/apache/parquet/parquet-column/1.11.1/parquet-column-1.11.1-tests.jar:/home/alex/.m2/repository/org/apache/parquet/parquet-common/1.11.1/parquet-common-1.11.1.jar:/home/alex/.m2/repository/org/apache/parquet/parquet-format-structures/1.11.1/parquet-format-structures-1.11.1.jar:/home/alex/.m2/repository/org/apache/parquet/parquet-encoding/1.11.1/parquet-encoding-1.11.1.jar:/home/alex/.m2/repository/junit/junit/4.13/junit-4.13.jar:/home/alex/.m2/repository/org/hamcrest/hamcrest-core/1.3/hamcrest-core-1.3.jar:/home/alex/.m2/repository/org/junit/jupiter/junit-jupiter-engine/5.6.2/junit-jupiter-engine-5.6.2.jar:/home/alex/.m2/repository/org/junit/platform/junit-platform-engine/1.6.2/junit-platform-engine-1.6.2.jar:/home/alex/.m2/repository/org/opentest4j/opentest4j/1.2.0/opentest4j-1.2.0.jar:/home/alex/.m2/repository/org/junit/platform/junit-platform-commons/1.6.2/junit-platform-commons-1.6.2.jar:/home/alex/.m2/repository/org/junit/jupiter/junit-jupiter-api/5.6.2/junit-jupiter-api-5.6.2.jar:/home/alex/.m2/repository/org/junit/jupiter/junit-jupiter-params/5.6.2/junit-jupiter-params-5.6.2.jar:/home/alex/.m2/repository/org/junit/vintage/junit-vintage-engine/5.6.2/junit-vintage-engine-5.6.2.jar:/home/alex/.m2/repository/org/apache/tez/tez-api/0.10.1/tez-api-0.10.1.jar:/usr/lib/jvm/java-8-openjdk-amd64/jre/../lib/tools.jar:/home/alex/.m2/repository/org/apache/tez/tez-runtime-library/0.10.1/tez-runtime-library-0.10.1.jar:/home/alex/.m2/repository/org/roaringbitmap/RoaringBitmap/0.5.21/RoaringBitmap-0.5.21.jar:/home/alex/.m2/repository/org/asynchttpclient/async-http-client/2.12.1/async-http-client-2.12.1.jar:/home/alex/.m2/repository/org/asynchttpclient/async-http-client-netty-utils/2.12.1/async-http-client-netty-utils-2.12.1.jar:/home/alex/.m2/repository/io/netty/netty-buffer/4.1.48.Final/netty-buffer-4.1.48.Final.jar:/home/alex/.m2/repository/io/netty/netty-codec-http/4.1.48.Final/netty-codec-http-4.1.48.Final.jar:/home/alex/.m2/repository/io/netty/netty-common/4.1.48.Final/netty-common-4.1.48.Final.jar:/home/alex/.m2/repository/io/netty/netty-transport/4.1.48.Final/netty-transport-4.1.48.Final.jar:/home/alex/.m2/repository/io/netty/netty-codec/4.1.48.Final/netty-codec-4.1.48.Final.jar:/home/alex/.m2/repository/io/netty/netty-handler/4.1.48.Final/netty-handler-4.1.48.Final.jar:/home/alex/.m2/repository/io/netty/netty-resolver/4.1.48.Final/netty-resolver-4.1.48.Final.jar:/home/alex/.m2/repository/io/netty/netty-codec-socks/4.1.48.Final/netty-codec-socks-4.1.48.Final.jar:/home/alex/.m2/repository/io/netty/netty-handler-proxy/4.1.48.Final/netty-handler-proxy-4.1.48.Final.jar:/home/alex/.m2/repository/io/netty/netty-transport-native-epoll/4.1.48.Final/netty-transport-native-epoll-4.1.48.Final-linux-x86_64.jar:/home/alex/.m2/repository/io/netty/netty-transport-native-unix-common/4.1.48.Final/netty-transport-native-unix-common-4.1.48.Final.jar:/home/alex/.m2/repository/io/netty/netty-transport-native-kqueue/4.1.48.Final/netty-transport-native-kqueue-4.1.48.Final-osx-x86_64.jar:/home/alex/.m2/repository/org/reactivestreams/reactive-streams/1.0.3/reactive-streams-1.0.3.jar:/home/alex/.m2/repository/com/typesafe/netty/netty-reactive-streams/2.0.4/netty-reactive-streams-2.0.4.jar:/home/alex/.m2/repository/com/sun/activation/javax.activation/1.2.0/javax.activation-1.2.0.jar:/home/alex/.m2/repository/org/apache/tez/tez-common/0.10.1/tez-common-0.10.1.jar:/home/alex/.m2/repository/org/apache/tez/tez-runtime-internals/0.10.1/tez-runtime-internals-0.10.1.jar:/home/alex/.m2/repository/org/apache/tez/hadoop-shim/0.10.1/hadoop-shim-0.10.1.jar:/home/alex/.m2/repository/org/apache/tez/tez-mapreduce/0.10.1/tez-mapreduce-0.10.1.jar:/home/alex/.m2/repository/org/apache/tez/tez-dag/0.10.1/tez-dag-0.10.1.jar:/home/alex/.m2/repository/org/apache/hadoop/hadoop-yarn-server-web-proxy/3.1.0/hadoop-yarn-server-web-proxy-3.1.0.jar:/home/alex/.m2/repository/org/apache/hadoop/hadoop-yarn-server-common/3.1.0/hadoop-yarn-server-common-3.1.0.jar:/home/alex/.m2/repository/org/apache/geronimo/specs/geronimo-jcache_1.0_spec/1.0-alpha-1/geronimo-jcache_1.0_spec-1.0-alpha-1.jar:/home/alex/.m2/repository/org/ehcache/ehcache/3.3.1/ehcache-3.3.1.jar:/home/alex/.m2/repository/com/zaxxer/HikariCP-java7/2.4.12/HikariCP-java7-2.4.12.jar:/home/alex/.m2/repository/org/apache/spark/spark-core_2.12/2.4.5/spark-core_2.12-2.4.5.jar:/home/alex/.m2/repository/com/twitter/chill_2.12/0.9.3/chill_2.12-0.9.3.jar:/home/alex/.m2/repository/com/twitter/chill-java/0.9.3/chill-java-0.9.3.jar:/home/alex/.m2/repository/org/apache/xbean/xbean-asm6-shaded/4.8/xbean-asm6-shaded-4.8.jar:/home/alex/.m2/repository/org/apache/hadoop/hadoop-client/3.1.0/hadoop-client-3.1.0.jar:/home/alex/.m2/repository/org/apache/hadoop/hadoop-mapreduce-client-jobclient/3.1.0/hadoop-mapreduce-client-jobclient-3.1.0.jar:/home/alex/.m2/repository/org/apache/spark/spark-launcher_2.12/2.4.5/spark-launcher_2.12-2.4.5.jar:/home/alex/.m2/repository/org/apache/spark/spark-kvstore_2.12/2.4.5/spark-kvstore_2.12-2.4.5.jar:/home/alex/.m2/repository/org/apache/spark/spark-network-common_2.12/2.4.5/spark-network-common_2.12-2.4.5.jar:/home/alex/.m2/repository/org/apache/spark/spark-network-shuffle_2.12/2.4.5/spark-network-shuffle_2.12-2.4.5.jar:/home/alex/.m2/repository/org/apache/spark/spark-unsafe_2.12/2.4.5/spark-unsafe_2.12-2.4.5.jar:/home/alex/.m2/repository/javax/activation/activation/1.1.1/activation-1.1.1.jar:/home/alex/.m2/repository/org/slf4j/jul-to-slf4j/1.7.16/jul-to-slf4j-1.7.16.jar:/home/alex/.m2/repository/org/slf4j/jcl-over-slf4j/1.7.16/jcl-over-slf4j-1.7.16.jar:/home/alex/.m2/repository/com/ning/compress-lzf/1.0.3/compress-lzf-1.0.3.jar:/home/alex/.m2/repository/org/lz4/lz4-java/1.4.0/lz4-java-1.4.0.jar:/home/alex/.m2/repository/com/github/luben/zstd-jni/1.3.2-2/zstd-jni-1.3.2-2.jar:/home/alex/.m2/repository/org/scala-lang/scala-library/2.12.10/scala-library-2.12.10.jar:/home/alex/.m2/repository/org/json4s/json4s-jackson_2.12/3.5.3/json4s-jackson_2.12-3.5.3.jar:/home/alex/.m2/repository/org/json4s/json4s-core_2.12/3.5.3/json4s-core_2.12-3.5.3.jar:/home/alex/.m2/repository/org/json4s/json4s-ast_2.12/3.5.3/json4s-ast_2.12-3.5.3.jar:/home/alex/.m2/repository/org/json4s/json4s-scalap_2.12/3.5.3/json4s-scalap_2.12-3.5.3.jar:/home/alex/.m2/repository/org/scala-lang/modules/scala-xml_2.12/1.0.6/scala-xml_2.12-1.0.6.jar:/home/alex/.m2/repository/com/clearspring/analytics/stream/2.7.0/stream-2.7.0.jar:/home/alex/.m2/repository/io/dropwizard/metrics/metrics-graphite/3.1.5/metrics-graphite-3.1.5.jar:/home/alex/.m2/repository/oro/oro/2.0.8/oro-2.0.8.jar:/home/alex/.m2/repository/net/razorvine/pyrolite/4.13/pyrolite-4.13.jar:/home/alex/.m2/repository/net/sf/py4j/py4j/0.10.7/py4j-0.10.7.jar:/home/alex/.m2/repository/org/apache/spark/spark-tags_2.12/2.4.5/spark-tags_2.12-2.4.5.jar:/home/alex/.m2/repository/org/spark-project/spark/unused/1.0.0/unused-1.0.0.jar:/home/alex/.m2/repository/com/sun/jersey/jersey-servlet/1.19/jersey-servlet-1.19.jar:/home/alex/.m2/repository/org/glassfish/jersey/core/jersey-server/2.22.2/jersey-server-2.22.2.jar:/home/alex/.m2/repository/org/glassfish/jersey/core/jersey-common/2.22.2/jersey-common-2.22.2.jar:/home/alex/.m2/repository/org/glassfish/jersey/bundles/repackaged/jersey-guava/2.22.2/jersey-guava-2.22.2.jar:/home/alex/.m2/repository/org/glassfish/hk2/osgi-resource-locator/1.0.1/osgi-resource-locator-1.0.1.jar:/home/alex/.m2/repository/org/glassfish/jersey/core/jersey-client/2.22.2/jersey-client-2.22.2.jar:/home/alex/.m2/repository/javax/ws/rs/javax.ws.rs-api/2.0.1/javax.ws.rs-api-2.0.1.jar:/home/alex/.m2/repository/org/glassfish/jersey/media/jersey-media-jaxb/2.22.2/jersey-media-jaxb-2.22.2.jar:/home/alex/.m2/repository/org/glassfish/hk2/hk2-api/2.4.0-b34/hk2-api-2.4.0-b34.jar:/home/alex/.m2/repository/org/glassfish/hk2/hk2-utils/2.4.0-b34/hk2-utils-2.4.0-b34.jar:/home/alex/.m2/repository/org/glassfish/hk2/external/aopalliance-repackaged/2.4.0-b34/aopalliance-repackaged-2.4.0-b34.jar:/home/alex/.m2/repository/org/glassfish/hk2/external/javax.inject/2.4.0-b34/javax.inject-2.4.0-b34.jar:/home/alex/.m2/repository/org/glassfish/hk2/hk2-locator/2.4.0-b34/hk2-locator-2.4.0-b34.jar:/home/alex/.m2/repository/javax/validation/validation-api/1.1.0.Final/validation-api-1.1.0.Final.jar:/home/alex/.m2/repository/org/glassfish/jersey/containers/jersey-container-servlet-core/2.22.2/jersey-container-servlet-core-2.22.2.jar:/home/alex/.m2/repository/org/hamcrest/hamcrest-all/1.3/hamcrest-all-1.3.jar:/home/alex/.m2/repository/org/powermock/powermock-module-junit4/2.0.2/powermock-module-junit4-2.0.2.jar:/home/alex/.m2/repository/org/powermock/powermock-module-junit4-common/2.0.2/powermock-module-junit4-common-2.0.2.jar:/home/alex/.m2/repository/org/powermock/powermock-reflect/2.0.2/powermock-reflect-2.0.2.jar:/home/alex/.m2/repository/org/powermock/powermock-core/2.0.2/powermock-core-2.0.2.jar:/home/alex/.m2/repository/org/powermock/powermock-api-mockito2/2.0.2/powermock-api-mockito2-2.0.2.jar:/home/alex/.m2/repository/org/powermock/powermock-api-support/2.0.2/powermock-api-support-2.0.2.jar:/home/alex/.m2/repository/com/google/guava/guava-testlib/19.0/guava-testlib-19.0.jar:/home/alex/.m2/repository/com/google/errorprone/error_prone_annotations/2.0.2/error_prone_annotations-2.0.2.jar:/home/alex/.m2/repository/com/google/re2j/re2j/1.2/re2j-1.2.jar:/home/alex/.m2/repository/org/reflections/reflections/0.9.10/reflections-0.9.10.jar:/home/alex/.m2/repository/org/javassist/javassist/3.19.0-GA/javassist-3.19.0-GA.jar:/home/alex/.m2/repository/com/jayway/jsonpath/json-path/2.4.0/json-path-2.4.0.jar:/home/alex/.m2/repository/net/minidev/json-smart/2.3/json-smart-2.3.jar:/home/alex/.m2/repository/net/minidev/accessors-smart/1.2/accessors-smart-1.2.jar:/home/alex/.m2/repository/org/ow2/asm/asm/5.0.4/asm-5.0.4.jar:/home/alex/.m2/repository/org/codehaus/janino/commons-compiler/3.0.11/commons-compiler-3.0.11.jar:/home/alex/.m2/repository/org/codehaus/janino/janino/3.0.11/janino-3.0.11.jar:/home/alex/.m2/repository/com/sun/jersey/contribs/jersey-multipart/1.19/jersey-multipart-1.19.jar:/home/alex/.m2/repository/org/jvnet/mimepull/mimepull/1.9.3/mimepull-1.9.3.jar:/home/alex/.m2/repository/org/apache/kafka/kafka-clients/2.5.0/kafka-clients-2.5.0.jar:/home/alex/.m2/repository/org/slf4j/slf4j-api/1.7.30/slf4j-api-1.7.30.jar:/home/alex/.m2/repository/org/mockito/mockito-core/3.4.4/mockito-core-3.4.4.jar:/home/alex/.m2/repository/net/bytebuddy/byte-buddy/1.10.13/byte-buddy-1.10.13.jar:/home/alex/.m2/repository/net/bytebuddy/byte-buddy-agent/1.10.13/byte-buddy-agent-1.10.13.jar:/home/alex/Repositories/hive/ql/target/testconf:/home/alex/Repositories/hive/ql/../conf:"/>
    <property name="java.vm.vendor" value="Private Build"/>
    <property name="hadoop.version" value="3.1.0"/>
    <property name="user.timezone" value="US/Pacific"/>
    <property name="test.local.warehouse.dir" value="pfile:///home/alex/Repositories/hive/ql/target/localfs/warehouse"/>
    <property name="java.vm.specification.version" value="1.8"/>
    <property name="os.name" value="Linux"/>
    <property name="test.build.data" value="/home/alex/Repositories/hive/ql/target/tmp"/>
    <property name="clustermode" value=""/>
    <property name="user.country" value="US"/>
    <property name="sun.java.launcher" value="SUN_STANDARD"/>
    <property name="test.data.files" value="/home/alex/Repositories/hive/ql/../data/files"/>
    <property name="nondexLogging" value="CONFIG"/>
    <property name="surefire.test.class.path" value="/home/alex/Repositories/hive/ql/target/test-classes:/home/alex/Repositories/hive/ql/target/classes:/home/alex/.m2/repository/org/apache/atlas/atlas-client-v2/2.1.0/atlas-client-v2-2.1.0.jar:/home/alex/.m2/repository/cglib/cglib/2.2.2/cglib-2.2.2.jar:/home/alex/.m2/repository/asm/asm/3.3.1/asm-3.3.1.jar:/home/alex/.m2/repository/org/apache/atlas/atlas-client-common/2.1.0/atlas-client-common-2.1.0.jar:/home/alex/.m2/repository/org/apache/httpcomponents/httpclient/4.5.13/httpclient-4.5.13.jar:/home/alex/.m2/repository/com/sun/jersey/jersey-client/1.19/jersey-client-1.19.jar:/home/alex/.m2/repository/org/apache/atlas/atlas-intg/2.1.0/atlas-intg-2.1.0.jar:/home/alex/.m2/repository/commons-collections/commons-collections/3.2.2/commons-collections-3.2.2.jar:/home/alex/.m2/repository/commons-validator/commons-validator/1.6/commons-validator-1.6.jar:/home/alex/.m2/repository/commons-digester/commons-digester/1.8.1/commons-digester-1.8.1.jar:/home/alex/.m2/repository/com/fasterxml/jackson/jaxrs/jackson-jaxrs-base/2.12.0/jackson-jaxrs-base-2.12.0.jar:/home/alex/.m2/repository/com/fasterxml/jackson/jaxrs/jackson-jaxrs-json-provider/2.12.0/jackson-jaxrs-json-provider-2.12.0.jar:/home/alex/.m2/repository/javax/inject/javax.inject/1/javax.inject-1.jar:/home/alex/.m2/repository/org/springframework/spring-context/4.3.20.RELEASE/spring-context-4.3.20.RELEASE.jar:/home/alex/.m2/repository/org/springframework/spring-aop/4.3.20.RELEASE/spring-aop-4.3.20.RELEASE.jar:/home/alex/.m2/repository/org/springframework/spring-beans/4.3.20.RELEASE/spring-beans-4.3.20.RELEASE.jar:/home/alex/.m2/repository/org/springframework/spring-core/4.3.20.RELEASE/spring-core-4.3.20.RELEASE.jar:/home/alex/.m2/repository/org/springframework/spring-expression/4.3.20.RELEASE/spring-expression-4.3.20.RELEASE.jar:/home/alex/.m2/repository/commons-configuration/commons-configuration/1.10/commons-configuration-1.10.jar:/home/alex/.m2/repository/commons-lang/commons-lang/2.6/commons-lang-2.6.jar:/home/alex/.m2/repository/commons-logging/commons-logging/1.1.1/commons-logging-1.1.1.jar:/home/alex/.m2/repository/org/apache/commons/commons-math3/3.6.1/commons-math3-3.6.1.jar:/home/alex/Repositories/hive/vector-code-gen/target/classes:/home/alex/.m2/repository/org/apache/velocity/velocity/1.5/velocity-1.5.jar:/home/alex/Repositories/hive/common/target/classes:/home/alex/Repositories/hive/classification/target/classes:/home/alex/Repositories/hive/standalone-metastore/metastore-common/target/classes:/home/alex/.m2/repository/commons-cli/commons-cli/1.4/commons-cli-1.4.jar:/home/alex/.m2/repository/org/apache/orc/orc-core/1.6.9/orc-core-1.6.9.jar:/home/alex/.m2/repository/org/apache/orc/orc-shims/1.6.9/orc-shims-1.6.9.jar:/home/alex/.m2/repository/io/airlift/aircompressor/0.19/aircompressor-0.19.jar:/home/alex/.m2/repository/org/jetbrains/annotations/17.0.0/annotations-17.0.0.jar:/home/alex/.m2/repository/org/threeten/threeten-extra/1.5.0/threeten-extra-1.5.0.jar:/home/alex/.m2/repository/jline/jline/2.14.6/jline-2.14.6.jar:/home/alex/.m2/repository/javax/servlet/javax.servlet-api/3.1.0/javax.servlet-api-3.1.0.jar:/home/alex/.m2/repository/org/eclipse/jetty/jetty-http/9.3.27.v20190418/jetty-http-9.3.27.v20190418.jar:/home/alex/.m2/repository/org/eclipse/jetty/jetty-rewrite/9.3.27.v20190418/jetty-rewrite-9.3.27.v20190418.jar:/home/alex/.m2/repository/org/eclipse/jetty/jetty-client/9.3.27.v20190418/jetty-client-9.3.27.v20190418.jar:/home/alex/.m2/repository/org/eclipse/jetty/jetty-server/9.3.27.v20190418/jetty-server-9.3.27.v20190418.jar:/home/alex/.m2/repository/org/eclipse/jetty/jetty-io/9.3.27.v20190418/jetty-io-9.3.27.v20190418.jar:/home/alex/.m2/repository/org/eclipse/jetty/jetty-servlet/9.3.27.v20190418/jetty-servlet-9.3.27.v20190418.jar:/home/alex/.m2/repository/org/eclipse/jetty/jetty-security/9.3.27.v20190418/jetty-security-9.3.27.v20190418.jar:/home/alex/.m2/repository/org/eclipse/jetty/jetty-webapp/9.3.27.v20190418/jetty-webapp-9.3.27.v20190418.jar:/home/alex/.m2/repository/org/eclipse/jetty/jetty-xml/9.3.27.v20190418/jetty-xml-9.3.27.v20190418.jar:/home/alex/.m2/repository/joda-time/joda-time/2.9.9/joda-time-2.9.9.jar:/home/alex/.m2/repository/org/apache/logging/log4j/log4j-web/2.13.2/log4j-web-2.13.2.jar:/home/alex/.m2/repository/net/sf/jpam/jpam/1.1/jpam-1.1.jar:/home/alex/.m2/repository/io/dropwizard/metrics/metrics-core/3.1.0/metrics-core-3.1.0.jar:/home/alex/.m2/repository/io/dropwizard/metrics/metrics-jvm/3.1.0/metrics-jvm-3.1.0.jar:/home/alex/.m2/repository/io/dropwizard/metrics/metrics-json/3.1.0/metrics-json-3.1.0.jar:/home/alex/.m2/repository/com/github/joshelser/dropwizard-metrics-hadoop-metrics2-reporter/0.1.2/dropwizard-metrics-hadoop-metrics2-reporter-0.1.2.jar:/home/alex/Repositories/hive/metastore/target/classes:/home/alex/.m2/repository/org/apache/derby/derby/10.14.1.0/derby-10.14.1.0.jar:/home/alex/Repositories/hive/serde/target/classes:/home/alex/.m2/repository/com/google/code/findbugs/jsr305/3.0.0/jsr305-3.0.0.jar:/home/alex/.m2/repository/org/apache/arrow/arrow-vector/0.15.1/arrow-vector-0.15.1.jar:/home/alex/.m2/repository/org/apache/arrow/arrow-format/0.15.1/arrow-format-0.15.1.jar:/home/alex/.m2/repository/org/apache/arrow/arrow-memory/0.15.1/arrow-memory-0.15.1.jar:/home/alex/.m2/repository/com/google/flatbuffers/flatbuffers-java/1.9.0/flatbuffers-java-1.9.0.jar:/home/alex/.m2/repository/com/carrotsearch/hppc/0.7.2/hppc-0.7.2.jar:/home/alex/.m2/repository/com/github/davidmoten/flatbuffers-java/1.6.0.1/flatbuffers-java-1.6.0.1.jar:/home/alex/Repositories/hive/parser/target/classes:/home/alex/Repositories/hive/udf/target/classes:/home/alex/Repositories/hive/service-rpc/target/classes:/home/alex/Repositories/hive/llap-client/target/classes:/home/alex/Repositories/hive/llap-common/target/classes:/home/alex/.m2/repository/io/jsonwebtoken/jjwt-api/0.10.5/jjwt-api-0.10.5.jar:/home/alex/.m2/repository/io/jsonwebtoken/jjwt-impl/0.10.5/jjwt-impl-0.10.5.jar:/home/alex/.m2/repository/io/jsonwebtoken/jjwt-jackson/0.10.5/jjwt-jackson-0.10.5.jar:/home/alex/Repositories/hive/llap-tez/target/classes:/home/alex/Repositories/hive/shims/aggregator/target/classes:/home/alex/Repositories/hive/shims/common/target/classes:/home/alex/Repositories/hive/shims/0.23/target/classes:/home/alex/.m2/repository/org/apache/hadoop/hadoop-yarn-server-resourcemanager/3.1.0/hadoop-yarn-server-resourcemanager-3.1.0.jar:/home/alex/.m2/repository/org/apache/hadoop/hadoop-yarn-server-applicationhistoryservice/3.1.0/hadoop-yarn-server-applicationhistoryservice-3.1.0.jar:/home/alex/.m2/repository/de/ruedigermoeller/fst/2.50/fst-2.50.jar:/home/alex/.m2/repository/com/cedarsoftware/java-util/1.9.0/java-util-1.9.0.jar:/home/alex/.m2/repository/com/cedarsoftware/json-io/2.5.1/json-io-2.5.1.jar:/home/alex/Repositories/hive/shims/scheduler/target/classes:/home/alex/Repositories/hive/spark-client/target/classes:/home/alex/.m2/repository/io/netty/netty-all/4.1.65.Final/netty-all-4.1.65.Final.jar:/home/alex/.m2/repository/com/fasterxml/jackson/module/jackson-module-scala_2.12/2.12.0/jackson-module-scala_2.12-2.12.0.jar:/home/alex/.m2/repository/org/apache/spark/spark-yarn_2.12/2.4.5/spark-yarn_2.12-2.4.5.jar:/home/alex/Repositories/hive/storage-api/target/classes:/home/alex/.m2/repository/com/amazonaws/aws-java-sdk-bundle/1.11.901/aws-java-sdk-bundle-1.11.901.jar:/home/alex/.m2/repository/com/amazonaws/secretsmanager/aws-secretsmanager-caching-java/1.0.1/aws-secretsmanager-caching-java-1.0.1.jar:/home/alex/.m2/repository/com/esotericsoftware/kryo/5.0.3/kryo-5.0.3.jar:/home/alex/.m2/repository/org/objenesis/objenesis/3.1/objenesis-3.1.jar:/home/alex/.m2/repository/com/esotericsoftware/minlog/1.3.1/minlog-1.3.1.jar:/home/alex/.m2/repository/com/esotericsoftware/reflectasm/1.11.9/reflectasm-1.11.9.jar:/home/alex/.m2/repository/com/google/protobuf/protobuf-java/2.5.0/protobuf-java-2.5.0.jar:/home/alex/.m2/repository/org/apache/hbase/hbase-common/2.0.0-alpha4/hbase-common-2.0.0-alpha4.jar:/home/alex/.m2/repository/org/apache/hbase/thirdparty/hbase-shaded-miscellaneous/1.0.1/hbase-shaded-miscellaneous-1.0.1.jar:/home/alex/.m2/repository/org/apache/htrace/htrace-core/3.2.0-incubating/htrace-core-3.2.0-incubating.jar:/home/alex/.m2/repository/org/apache/commons/commons-crypto/1.0.0/commons-crypto-1.0.0.jar:/home/alex/.m2/repository/com/github/stephenc/findbugs/findbugs-annotations/1.3.9-1/findbugs-annotations-1.3.9-1.jar:/home/alex/.m2/repository/log4j/log4j/1.2.17/log4j-1.2.17.jar:/home/alex/.m2/repository/org/apache/yetus/audience-annotations/0.5.0/audience-annotations-0.5.0.jar:/home/alex/.m2/repository/org/apache/parquet/parquet-hadoop-bundle/1.11.1/parquet-hadoop-bundle-1.11.1.jar:/home/alex/.m2/repository/commons-codec/commons-codec/1.15/commons-codec-1.15.jar:/home/alex/.m2/repository/commons-io/commons-io/2.6/commons-io-2.6.jar:/home/alex/.m2/repository/org/apache/commons/commons-collections4/4.1/commons-collections4-4.1.jar:/home/alex/.m2/repository/org/apache/commons/commons-lang3/3.9/commons-lang3-3.9.jar:/home/alex/.m2/repository/org/apache/commons/commons-text/1.8/commons-text-1.8.jar:/home/alex/.m2/repository/javolution/javolution/5.5.1/javolution-5.5.1.jar:/home/alex/.m2/repository/org/apache/logging/log4j/log4j-1.2-api/2.13.2/log4j-1.2-api-2.13.2.jar:/home/alex/.m2/repository/org/apache/logging/log4j/log4j-api/2.13.2/log4j-api-2.13.2.jar:/home/alex/.m2/repository/org/apache/logging/log4j/log4j-core/2.13.2/log4j-core-2.13.2.jar:/home/alex/.m2/repository/org/apache/logging/log4j/log4j-slf4j-impl/2.13.2/log4j-slf4j-impl-2.13.2.jar:/home/alex/.m2/repository/org/antlr/antlr-runtime/3.5.2/antlr-runtime-3.5.2.jar:/home/alex/.m2/repository/org/antlr/ST4/4.0.4/ST4-4.0.4.jar:/home/alex/.m2/repository/org/apache/avro/avro/1.8.2/avro-1.8.2.jar:/home/alex/.m2/repository/org/codehaus/jackson/jackson-core-asl/1.9.13/jackson-core-asl-1.9.13.jar:/home/alex/.m2/repository/org/codehaus/jackson/jackson-mapper-asl/1.9.13/jackson-mapper-asl-1.9.13.jar:/home/alex/.m2/repository/com/thoughtworks/paranamer/paranamer/2.8/paranamer-2.8.jar:/home/alex/.m2/repository/org/xerial/snappy/snappy-java/1.1.4/snappy-java-1.1.4.jar:/home/alex/.m2/repository/org/tukaani/xz/1.5/xz-1.5.jar:/home/alex/.m2/repository/org/apache/avro/avro-mapred/1.8.2/avro-mapred-1.8.2-hadoop2.jar:/home/alex/.m2/repository/org/apache/avro/avro-ipc/1.8.2/avro-ipc-1.8.2.jar:/home/alex/.m2/repository/org/mortbay/jetty/jetty/6.1.26/jetty-6.1.26.jar:/home/alex/.m2/repository/org/apache/ant/ant/1.9.1/ant-1.9.1.jar:/home/alex/.m2/repository/org/apache/ant/ant-launcher/1.9.1/ant-launcher-1.9.1.jar:/home/alex/.m2/repository/org/apache/commons/commons-compress/1.21/commons-compress-1.21.jar:/home/alex/.m2/repository/org/apache/thrift/libfb303/0.9.3/libfb303-0.9.3.jar:/home/alex/.m2/repository/org/apache/hadoop/hadoop-common/3.1.0/hadoop-common-3.1.0.jar:/home/alex/.m2/repository/org/apache/hadoop/hadoop-annotations/3.1.0/hadoop-annotations-3.1.0.jar:/home/alex/.m2/repository/commons-net/commons-net/3.6/commons-net-3.6.jar:/home/alex/.m2/repository/org/eclipse/jetty/jetty-util/9.3.27.v20190418/jetty-util-9.3.27.v20190418.jar:/home/alex/.m2/repository/javax/servlet/jsp/jsp-api/2.1/jsp-api-2.1.jar:/home/alex/.m2/repository/com/sun/jersey/jersey-core/1.19/jersey-core-1.19.jar:/home/alex/.m2/repository/javax/ws/rs/jsr311-api/1.1.1/jsr311-api-1.1.1.jar:/home/alex/.m2/repository/com/sun/jersey/jersey-json/1.19/jersey-json-1.19.jar:/home/alex/.m2/repository/com/sun/xml/bind/jaxb-impl/2.2.3-1/jaxb-impl-2.2.3-1.jar:/home/alex/.m2/repository/org/codehaus/jackson/jackson-jaxrs/1.9.2/jackson-jaxrs-1.9.2.jar:/home/alex/.m2/repository/org/codehaus/jackson/jackson-xc/1.9.2/jackson-xc-1.9.2.jar:/home/alex/.m2/repository/com/sun/jersey/jersey-server/1.19/jersey-server-1.19.jar:/home/alex/.m2/repository/org/apache/commons/commons-configuration2/2.1.1/commons-configuration2-2.1.1.jar:/home/alex/.m2/repository/org/apache/hadoop/hadoop-auth/3.1.0/hadoop-auth-3.1.0.jar:/home/alex/.m2/repository/com/nimbusds/nimbus-jose-jwt/4.41.1/nimbus-jose-jwt-4.41.1.jar:/home/alex/.m2/repository/com/github/stephenc/jcip/jcip-annotations/1.0-1/jcip-annotations-1.0-1.jar:/home/alex/.m2/repository/com/jcraft/jsch/0.1.54/jsch-0.1.54.jar:/home/alex/.m2/repository/org/apache/htrace/htrace-core4/4.1.0-incubating/htrace-core4-4.1.0-incubating.jar:/home/alex/.m2/repository/org/apache/kerby/kerb-simplekdc/1.0.1/kerb-simplekdc-1.0.1.jar:/home/alex/.m2/repository/org/apache/kerby/kerb-client/1.0.1/kerb-client-1.0.1.jar:/home/alex/.m2/repository/org/apache/kerby/kerby-config/1.0.1/kerby-config-1.0.1.jar:/home/alex/.m2/repository/org/apache/kerby/kerb-core/1.0.1/kerb-core-1.0.1.jar:/home/alex/.m2/repository/org/apache/kerby/kerby-pkix/1.0.1/kerby-pkix-1.0.1.jar:/home/alex/.m2/repository/org/apache/kerby/kerby-asn1/1.0.1/kerby-asn1-1.0.1.jar:/home/alex/.m2/repository/org/apache/kerby/kerby-util/1.0.1/kerby-util-1.0.1.jar:/home/alex/.m2/repository/org/apache/kerby/kerb-common/1.0.1/kerb-common-1.0.1.jar:/home/alex/.m2/repository/org/apache/kerby/kerb-crypto/1.0.1/kerb-crypto-1.0.1.jar:/home/alex/.m2/repository/org/apache/kerby/kerb-util/1.0.1/kerb-util-1.0.1.jar:/home/alex/.m2/repository/org/apache/kerby/token-provider/1.0.1/token-provider-1.0.1.jar:/home/alex/.m2/repository/org/apache/kerby/kerb-admin/1.0.1/kerb-admin-1.0.1.jar:/home/alex/.m2/repository/org/apache/kerby/kerb-server/1.0.1/kerb-server-1.0.1.jar:/home/alex/.m2/repository/org/apache/kerby/kerb-identity/1.0.1/kerb-identity-1.0.1.jar:/home/alex/.m2/repository/org/apache/kerby/kerby-xdr/1.0.1/kerby-xdr-1.0.1.jar:/home/alex/.m2/repository/org/codehaus/woodstox/stax2-api/3.1.4/stax2-api-3.1.4.jar:/home/alex/.m2/repository/com/fasterxml/woodstox/woodstox-core/5.0.3/woodstox-core-5.0.3.jar:/home/alex/.m2/repository/org/apache/hadoop/hadoop-archives/3.1.0/hadoop-archives-3.1.0.jar:/home/alex/.m2/repository/org/apache/hadoop/hadoop-yarn-registry/3.1.0/hadoop-yarn-registry-3.1.0.jar:/home/alex/.m2/repository/org/apache/curator/curator-client/4.2.0/curator-client-4.2.0.jar:/home/alex/.m2/repository/org/apache/curator/curator-recipes/4.2.0/curator-recipes-4.2.0.jar:/home/alex/.m2/repository/commons-daemon/commons-daemon/1.0.13/commons-daemon-1.0.13.jar:/home/alex/.m2/repository/dnsjava/dnsjava/2.1.7/dnsjava-2.1.7.jar:/home/alex/.m2/repository/org/apache/hadoop/hadoop-mapreduce-client-core/3.1.0/hadoop-mapreduce-client-core-3.1.0.jar:/home/alex/.m2/repository/org/apache/hadoop/hadoop-hdfs-client/3.1.0/hadoop-hdfs-client-3.1.0.jar:/home/alex/.m2/repository/com/squareup/okhttp/okhttp/2.7.5/okhttp-2.7.5.jar:/home/alex/.m2/repository/com/squareup/okio/okio/1.6.0/okio-1.6.0.jar:/home/alex/.m2/repository/com/google/inject/extensions/guice-servlet/4.0/guice-servlet-4.0.jar:/home/alex/.m2/repository/org/apache/hadoop/hadoop-mapreduce-client-common/3.1.0/hadoop-mapreduce-client-common-3.1.0.jar:/home/alex/.m2/repository/org/apache/hadoop/hadoop-hdfs/3.1.0/hadoop-hdfs-3.1.0.jar:/home/alex/.m2/repository/org/eclipse/jetty/jetty-util-ajax/9.3.19.v20170502/jetty-util-ajax-9.3.19.v20170502.jar:/home/alex/.m2/repository/org/fusesource/leveldbjni/leveldbjni-all/1.8/leveldbjni-all-1.8.jar:/home/alex/.m2/repository/org/apache/hadoop/hadoop-yarn-api/3.1.0/hadoop-yarn-api-3.1.0.jar:/home/alex/.m2/repository/javax/xml/bind/jaxb-api/2.2.11/jaxb-api-2.2.11.jar:/home/alex/.m2/repository/org/apache/hadoop/hadoop-yarn-common/3.1.0/hadoop-yarn-common-3.1.0.jar:/home/alex/.m2/repository/com/google/inject/guice/4.0/guice-4.0.jar:/home/alex/.m2/repository/aopalliance/aopalliance/1.0/aopalliance-1.0.jar:/home/alex/.m2/repository/com/sun/jersey/contribs/jersey-guice/1.19/jersey-guice-1.19.jar:/home/alex/.m2/repository/com/fasterxml/jackson/module/jackson-module-jaxb-annotations/2.12.0/jackson-module-jaxb-annotations-2.12.0.jar:/home/alex/.m2/repository/jakarta/xml/bind/jakarta.xml.bind-api/2.3.2/jakarta.xml.bind-api-2.3.2.jar:/home/alex/.m2/repository/jakarta/activation/jakarta.activation-api/1.2.1/jakarta.activation-api-1.2.1.jar:/home/alex/.m2/repository/org/apache/hadoop/hadoop-yarn-client/3.1.0/hadoop-yarn-client-3.1.0.jar:/home/alex/.m2/repository/org/apache/orc/orc-tools/1.6.9/orc-tools-1.6.9.jar:/home/alex/.m2/repository/com/opencsv/opencsv/3.9/opencsv-3.9.jar:/home/alex/.m2/repository/org/codehaus/jettison/jettison/1.1/jettison-1.1.jar:/home/alex/.m2/repository/org/threeten/threetenbp/1.3.5/threetenbp-1.3.5.jar:/home/alex/.m2/repository/org/apache/ivy/ivy/2.4.0/ivy-2.4.0.jar:/home/alex/.m2/repository/org/apache/thrift/libthrift/0.14.1/libthrift-0.14.1.jar:/home/alex/.m2/repository/org/apache/httpcomponents/httpcore/4.4.13/httpcore-4.4.13.jar:/home/alex/.m2/repository/org/apache/tomcat/embed/tomcat-embed-core/8.5.46/tomcat-embed-core-8.5.46.jar:/home/alex/.m2/repository/org/apache/tomcat/tomcat-annotations-api/8.5.46/tomcat-annotations-api-8.5.46.jar:/home/alex/.m2/repository/javax/annotation/javax.annotation-api/1.3.2/javax.annotation-api-1.3.2.jar:/home/alex/.m2/repository/org/apache/zookeeper/zookeeper/3.5.5/zookeeper-3.5.5.jar:/home/alex/.m2/repository/org/apache/zookeeper/zookeeper-jute/3.5.5/zookeeper-jute-3.5.5.jar:/home/alex/.m2/repository/org/apache/curator/curator-framework/4.2.0/curator-framework-4.2.0.jar:/home/alex/.m2/repository/org/apache/curator/curator-test/4.2.0/curator-test-4.2.0.jar:/home/alex/.m2/repository/org/apache/datasketches/datasketches-hive/1.1.0-incubating/datasketches-hive-1.1.0-incubating.jar:/home/alex/.m2/repository/org/apache/datasketches/datasketches-java/1.3.0-incubating/datasketches-java-1.3.0-incubating.jar:/home/alex/.m2/repository/org/apache/datasketches/datasketches-memory/1.2.0-incubating/datasketches-memory-1.2.0-incubating.jar:/home/alex/.m2/repository/org/slf4j/slf4j-simple/1.7.27/slf4j-simple-1.7.27.jar:/home/alex/.m2/repository/com/lmax/disruptor/3.3.7/disruptor-3.3.7.jar:/home/alex/.m2/repository/org/codehaus/groovy/groovy-all/2.4.11/groovy-all-2.4.11.jar:/home/alex/.m2/repository/org/jodd/jodd-util/6.0.0/jodd-util-6.0.0.jar:/home/alex/.m2/repository/com/fasterxml/jackson/core/jackson-annotations/2.12.0/jackson-annotations-2.12.0.jar:/home/alex/.m2/repository/com/fasterxml/jackson/core/jackson-core/2.12.0/jackson-core-2.12.0.jar:/home/alex/.m2/repository/com/fasterxml/jackson/core/jackson-databind/2.12.0/jackson-databind-2.12.0.jar:/home/alex/.m2/repository/com/fasterxml/jackson/dataformat/jackson-dataformat-yaml/2.12.0/jackson-dataformat-yaml-2.12.0.jar:/home/alex/.m2/repository/org/yaml/snakeyaml/1.27/snakeyaml-1.27.jar:/home/alex/.m2/repository/org/datanucleus/datanucleus-core/5.2.4/datanucleus-core-5.2.4.jar:/home/alex/.m2/repository/org/apache/calcite/calcite-core/1.25.0/calcite-core-1.25.0.jar:/home/alex/.m2/repository/org/apache/calcite/calcite-linq4j/1.25.0/calcite-linq4j-1.25.0.jar:/home/alex/.m2/repository/org/apiguardian/apiguardian-api/1.1.0/apiguardian-api-1.1.0.jar:/home/alex/.m2/repository/com/esri/geometry/esri-geometry-api/2.2.0/esri-geometry-api-2.2.0.jar:/home/alex/.m2/repository/com/yahoo/datasketches/sketches-core/0.9.0/sketches-core-0.9.0.jar:/home/alex/.m2/repository/com/yahoo/datasketches/memory/0.9.0/memory-0.9.0.jar:/home/alex/.m2/repository/org/apache/commons/commons-dbcp2/2.7.0/commons-dbcp2-2.7.0.jar:/home/alex/.m2/repository/org/apache/commons/commons-pool2/2.7.0/commons-pool2-2.7.0.jar:/home/alex/.m2/repository/org/apache/calcite/calcite-druid/1.25.0/calcite-druid-1.25.0.jar:/home/alex/.m2/repository/org/apache/calcite/avatica/avatica/1.12.0/avatica-1.12.0.jar:/home/alex/.m2/repository/com/google/guava/guava/19.0/guava-19.0.jar:/home/alex/.m2/repository/com/googlecode/javaewah/JavaEWAH/0.3.2/JavaEWAH-0.3.2.jar:/home/alex/.m2/repository/com/google/code/gson/gson/2.2.4/gson-2.2.4.jar:/home/alex/.m2/repository/com/tdunning/json/1.8/json-1.8.jar:/home/alex/.m2/repository/stax/stax-api/1.0.1/stax-api-1.0.1.jar:/home/alex/.m2/repository/net/sf/opencsv/opencsv/2.3/opencsv-2.3.jar:/home/alex/Repositories/hive/standalone-metastore/metastore-server/target/classes:/home/alex/.m2/repository/com/zaxxer/HikariCP/2.6.1/HikariCP-2.6.1.jar:/home/alex/.m2/repository/commons-beanutils/commons-beanutils/1.9.4/commons-beanutils-1.9.4.jar:/home/alex/.m2/repository/org/datanucleus/datanucleus-api-jdo/5.2.4/datanucleus-api-jdo-5.2.4.jar:/home/alex/.m2/repository/org/datanucleus/datanucleus-rdbms/5.2.4/datanucleus-rdbms-5.2.4.jar:/home/alex/.m2/repository/org/datanucleus/javax.jdo/3.2.0-release/javax.jdo-3.2.0-release.jar:/home/alex/.m2/repository/javax/transaction/javax.transaction-api/1.3/javax.transaction-api-1.3.jar:/home/alex/.m2/repository/org/glassfish/corba/glassfish-corba-omgapi/4.2.2/glassfish-corba-omgapi-4.2.2.jar:/home/alex/.m2/repository/sqlline/sqlline/1.9.0/sqlline-1.9.0.jar:/home/alex/.m2/repository/org/jline/jline-terminal/3.12.1/jline-terminal-3.12.1.jar:/home/alex/.m2/repository/org/jline/jline-reader/3.12.1/jline-reader-3.12.1.jar:/home/alex/.m2/repository/org/jline/jline-terminal-jansi/3.12.1/jline-terminal-jansi-3.12.1.jar:/home/alex/.m2/repository/org/fusesource/jansi/jansi/1.18/jansi-1.18.jar:/home/alex/.m2/repository/org/jline/jline-terminal-jna/3.12.1/jline-terminal-jna-3.12.1.jar:/home/alex/.m2/repository/net/java/dev/jna/jna/5.3.1/jna-5.3.1.jar:/home/alex/.m2/repository/org/jline/jline-builtins/3.12.1/jline-builtins-3.12.1.jar:/home/alex/.m2/repository/org/jline/jline-style/3.12.1/jline-style-3.12.1.jar:/home/alex/.m2/repository/com/cronutils/cron-utils/9.1.3/cron-utils-9.1.3.jar:/home/alex/.m2/repository/org/glassfish/javax.el/3.0.0/javax.el-3.0.0.jar:/home/alex/.m2/repository/com/oracle/database/jdbc/ojdbc8/21.3.0.0/ojdbc8-21.3.0.0.jar:/home/alex/.m2/repository/mysql/mysql-connector-java/8.0.27/mysql-connector-java-8.0.27.jar:/home/alex/.m2/repository/com/microsoft/sqlserver/mssql-jdbc/6.2.1.jre8/mssql-jdbc-6.2.1.jre8.jar:/home/alex/.m2/repository/org/postgresql/postgresql/42.2.14/postgresql-42.2.14.jar:/home/alex/Repositories/hive/common/target/test-classes:/home/alex/Repositories/hive/standalone-metastore/metastore-common/target/test-classes:/home/alex/.m2/repository/com/github/ben-manes/caffeine/caffeine/2.8.4/caffeine-2.8.4.jar:/home/alex/.m2/repository/org/checkerframework/checker-qual/3.4.0/checker-qual-3.4.0.jar:/home/alex/Repositories/hive/standalone-metastore/metastore-server/target/test-classes:/home/alex/.m2/repository/org/apache/parquet/parquet-column/1.11.1/parquet-column-1.11.1-tests.jar:/home/alex/.m2/repository/org/apache/parquet/parquet-common/1.11.1/parquet-common-1.11.1.jar:/home/alex/.m2/repository/org/apache/parquet/parquet-format-structures/1.11.1/parquet-format-structures-1.11.1.jar:/home/alex/.m2/repository/org/apache/parquet/parquet-encoding/1.11.1/parquet-encoding-1.11.1.jar:/home/alex/.m2/repository/junit/junit/4.13/junit-4.13.jar:/home/alex/.m2/repository/org/hamcrest/hamcrest-core/1.3/hamcrest-core-1.3.jar:/home/alex/.m2/repository/org/junit/jupiter/junit-jupiter-engine/5.6.2/junit-jupiter-engine-5.6.2.jar:/home/alex/.m2/repository/org/junit/platform/junit-platform-engine/1.6.2/junit-platform-engine-1.6.2.jar:/home/alex/.m2/repository/org/opentest4j/opentest4j/1.2.0/opentest4j-1.2.0.jar:/home/alex/.m2/repository/org/junit/platform/junit-platform-commons/1.6.2/junit-platform-commons-1.6.2.jar:/home/alex/.m2/repository/org/junit/jupiter/junit-jupiter-api/5.6.2/junit-jupiter-api-5.6.2.jar:/home/alex/.m2/repository/org/junit/jupiter/junit-jupiter-params/5.6.2/junit-jupiter-params-5.6.2.jar:/home/alex/.m2/repository/org/junit/vintage/junit-vintage-engine/5.6.2/junit-vintage-engine-5.6.2.jar:/home/alex/.m2/repository/org/apache/tez/tez-api/0.10.1/tez-api-0.10.1.jar:/usr/lib/jvm/java-8-openjdk-amd64/jre/../lib/tools.jar:/home/alex/.m2/repository/org/apache/tez/tez-runtime-library/0.10.1/tez-runtime-library-0.10.1.jar:/home/alex/.m2/repository/org/roaringbitmap/RoaringBitmap/0.5.21/RoaringBitmap-0.5.21.jar:/home/alex/.m2/repository/org/asynchttpclient/async-http-client/2.12.1/async-http-client-2.12.1.jar:/home/alex/.m2/repository/org/asynchttpclient/async-http-client-netty-utils/2.12.1/async-http-client-netty-utils-2.12.1.jar:/home/alex/.m2/repository/io/netty/netty-buffer/4.1.48.Final/netty-buffer-4.1.48.Final.jar:/home/alex/.m2/repository/io/netty/netty-codec-http/4.1.48.Final/netty-codec-http-4.1.48.Final.jar:/home/alex/.m2/repository/io/netty/netty-common/4.1.48.Final/netty-common-4.1.48.Final.jar:/home/alex/.m2/repository/io/netty/netty-transport/4.1.48.Final/netty-transport-4.1.48.Final.jar:/home/alex/.m2/repository/io/netty/netty-codec/4.1.48.Final/netty-codec-4.1.48.Final.jar:/home/alex/.m2/repository/io/netty/netty-handler/4.1.48.Final/netty-handler-4.1.48.Final.jar:/home/alex/.m2/repository/io/netty/netty-resolver/4.1.48.Final/netty-resolver-4.1.48.Final.jar:/home/alex/.m2/repository/io/netty/netty-codec-socks/4.1.48.Final/netty-codec-socks-4.1.48.Final.jar:/home/alex/.m2/repository/io/netty/netty-handler-proxy/4.1.48.Final/netty-handler-proxy-4.1.48.Final.jar:/home/alex/.m2/repository/io/netty/netty-transport-native-epoll/4.1.48.Final/netty-transport-native-epoll-4.1.48.Final-linux-x86_64.jar:/home/alex/.m2/repository/io/netty/netty-transport-native-unix-common/4.1.48.Final/netty-transport-native-unix-common-4.1.48.Final.jar:/home/alex/.m2/repository/io/netty/netty-transport-native-kqueue/4.1.48.Final/netty-transport-native-kqueue-4.1.48.Final-osx-x86_64.jar:/home/alex/.m2/repository/org/reactivestreams/reactive-streams/1.0.3/reactive-streams-1.0.3.jar:/home/alex/.m2/repository/com/typesafe/netty/netty-reactive-streams/2.0.4/netty-reactive-streams-2.0.4.jar:/home/alex/.m2/repository/com/sun/activation/javax.activation/1.2.0/javax.activation-1.2.0.jar:/home/alex/.m2/repository/org/apache/tez/tez-common/0.10.1/tez-common-0.10.1.jar:/home/alex/.m2/repository/org/apache/tez/tez-runtime-internals/0.10.1/tez-runtime-internals-0.10.1.jar:/home/alex/.m2/repository/org/apache/tez/hadoop-shim/0.10.1/hadoop-shim-0.10.1.jar:/home/alex/.m2/repository/org/apache/tez/tez-mapreduce/0.10.1/tez-mapreduce-0.10.1.jar:/home/alex/.m2/repository/org/apache/tez/tez-dag/0.10.1/tez-dag-0.10.1.jar:/home/alex/.m2/repository/org/apache/hadoop/hadoop-yarn-server-web-proxy/3.1.0/hadoop-yarn-server-web-proxy-3.1.0.jar:/home/alex/.m2/repository/org/apache/hadoop/hadoop-yarn-server-common/3.1.0/hadoop-yarn-server-common-3.1.0.jar:/home/alex/.m2/repository/org/apache/geronimo/specs/geronimo-jcache_1.0_spec/1.0-alpha-1/geronimo-jcache_1.0_spec-1.0-alpha-1.jar:/home/alex/.m2/repository/org/ehcache/ehcache/3.3.1/ehcache-3.3.1.jar:/home/alex/.m2/repository/com/zaxxer/HikariCP-java7/2.4.12/HikariCP-java7-2.4.12.jar:/home/alex/.m2/repository/org/apache/spark/spark-core_2.12/2.4.5/spark-core_2.12-2.4.5.jar:/home/alex/.m2/repository/com/twitter/chill_2.12/0.9.3/chill_2.12-0.9.3.jar:/home/alex/.m2/repository/com/twitter/chill-java/0.9.3/chill-java-0.9.3.jar:/home/alex/.m2/repository/org/apache/xbean/xbean-asm6-shaded/4.8/xbean-asm6-shaded-4.8.jar:/home/alex/.m2/repository/org/apache/hadoop/hadoop-client/3.1.0/hadoop-client-3.1.0.jar:/home/alex/.m2/repository/org/apache/hadoop/hadoop-mapreduce-client-jobclient/3.1.0/hadoop-mapreduce-client-jobclient-3.1.0.jar:/home/alex/.m2/repository/org/apache/spark/spark-launcher_2.12/2.4.5/spark-launcher_2.12-2.4.5.jar:/home/alex/.m2/repository/org/apache/spark/spark-kvstore_2.12/2.4.5/spark-kvstore_2.12-2.4.5.jar:/home/alex/.m2/repository/org/apache/spark/spark-network-common_2.12/2.4.5/spark-network-common_2.12-2.4.5.jar:/home/alex/.m2/repository/org/apache/spark/spark-network-shuffle_2.12/2.4.5/spark-network-shuffle_2.12-2.4.5.jar:/home/alex/.m2/repository/org/apache/spark/spark-unsafe_2.12/2.4.5/spark-unsafe_2.12-2.4.5.jar:/home/alex/.m2/repository/javax/activation/activation/1.1.1/activation-1.1.1.jar:/home/alex/.m2/repository/org/slf4j/jul-to-slf4j/1.7.16/jul-to-slf4j-1.7.16.jar:/home/alex/.m2/repository/org/slf4j/jcl-over-slf4j/1.7.16/jcl-over-slf4j-1.7.16.jar:/home/alex/.m2/repository/com/ning/compress-lzf/1.0.3/compress-lzf-1.0.3.jar:/home/alex/.m2/repository/org/lz4/lz4-java/1.4.0/lz4-java-1.4.0.jar:/home/alex/.m2/repository/com/github/luben/zstd-jni/1.3.2-2/zstd-jni-1.3.2-2.jar:/home/alex/.m2/repository/org/scala-lang/scala-library/2.12.10/scala-library-2.12.10.jar:/home/alex/.m2/repository/org/json4s/json4s-jackson_2.12/3.5.3/json4s-jackson_2.12-3.5.3.jar:/home/alex/.m2/repository/org/json4s/json4s-core_2.12/3.5.3/json4s-core_2.12-3.5.3.jar:/home/alex/.m2/repository/org/json4s/json4s-ast_2.12/3.5.3/json4s-ast_2.12-3.5.3.jar:/home/alex/.m2/repository/org/json4s/json4s-scalap_2.12/3.5.3/json4s-scalap_2.12-3.5.3.jar:/home/alex/.m2/repository/org/scala-lang/modules/scala-xml_2.12/1.0.6/scala-xml_2.12-1.0.6.jar:/home/alex/.m2/repository/com/clearspring/analytics/stream/2.7.0/stream-2.7.0.jar:/home/alex/.m2/repository/io/dropwizard/metrics/metrics-graphite/3.1.5/metrics-graphite-3.1.5.jar:/home/alex/.m2/repository/oro/oro/2.0.8/oro-2.0.8.jar:/home/alex/.m2/repository/net/razorvine/pyrolite/4.13/pyrolite-4.13.jar:/home/alex/.m2/repository/net/sf/py4j/py4j/0.10.7/py4j-0.10.7.jar:/home/alex/.m2/repository/org/apache/spark/spark-tags_2.12/2.4.5/spark-tags_2.12-2.4.5.jar:/home/alex/.m2/repository/org/spark-project/spark/unused/1.0.0/unused-1.0.0.jar:/home/alex/.m2/repository/com/sun/jersey/jersey-servlet/1.19/jersey-servlet-1.19.jar:/home/alex/.m2/repository/org/glassfish/jersey/core/jersey-server/2.22.2/jersey-server-2.22.2.jar:/home/alex/.m2/repository/org/glassfish/jersey/core/jersey-common/2.22.2/jersey-common-2.22.2.jar:/home/alex/.m2/repository/org/glassfish/jersey/bundles/repackaged/jersey-guava/2.22.2/jersey-guava-2.22.2.jar:/home/alex/.m2/repository/org/glassfish/hk2/osgi-resource-locator/1.0.1/osgi-resource-locator-1.0.1.jar:/home/alex/.m2/repository/org/glassfish/jersey/core/jersey-client/2.22.2/jersey-client-2.22.2.jar:/home/alex/.m2/repository/javax/ws/rs/javax.ws.rs-api/2.0.1/javax.ws.rs-api-2.0.1.jar:/home/alex/.m2/repository/org/glassfish/jersey/media/jersey-media-jaxb/2.22.2/jersey-media-jaxb-2.22.2.jar:/home/alex/.m2/repository/org/glassfish/hk2/hk2-api/2.4.0-b34/hk2-api-2.4.0-b34.jar:/home/alex/.m2/repository/org/glassfish/hk2/hk2-utils/2.4.0-b34/hk2-utils-2.4.0-b34.jar:/home/alex/.m2/repository/org/glassfish/hk2/external/aopalliance-repackaged/2.4.0-b34/aopalliance-repackaged-2.4.0-b34.jar:/home/alex/.m2/repository/org/glassfish/hk2/external/javax.inject/2.4.0-b34/javax.inject-2.4.0-b34.jar:/home/alex/.m2/repository/org/glassfish/hk2/hk2-locator/2.4.0-b34/hk2-locator-2.4.0-b34.jar:/home/alex/.m2/repository/javax/validation/validation-api/1.1.0.Final/validation-api-1.1.0.Final.jar:/home/alex/.m2/repository/org/glassfish/jersey/containers/jersey-container-servlet-core/2.22.2/jersey-container-servlet-core-2.22.2.jar:/home/alex/.m2/repository/org/hamcrest/hamcrest-all/1.3/hamcrest-all-1.3.jar:/home/alex/.m2/repository/org/powermock/powermock-module-junit4/2.0.2/powermock-module-junit4-2.0.2.jar:/home/alex/.m2/repository/org/powermock/powermock-module-junit4-common/2.0.2/powermock-module-junit4-common-2.0.2.jar:/home/alex/.m2/repository/org/powermock/powermock-reflect/2.0.2/powermock-reflect-2.0.2.jar:/home/alex/.m2/repository/org/powermock/powermock-core/2.0.2/powermock-core-2.0.2.jar:/home/alex/.m2/repository/org/powermock/powermock-api-mockito2/2.0.2/powermock-api-mockito2-2.0.2.jar:/home/alex/.m2/repository/org/powermock/powermock-api-support/2.0.2/powermock-api-support-2.0.2.jar:/home/alex/.m2/repository/com/google/guava/guava-testlib/19.0/guava-testlib-19.0.jar:/home/alex/.m2/repository/com/google/errorprone/error_prone_annotations/2.0.2/error_prone_annotations-2.0.2.jar:/home/alex/.m2/repository/com/google/re2j/re2j/1.2/re2j-1.2.jar:/home/alex/.m2/repository/org/reflections/reflections/0.9.10/reflections-0.9.10.jar:/home/alex/.m2/repository/org/javassist/javassist/3.19.0-GA/javassist-3.19.0-GA.jar:/home/alex/.m2/repository/com/jayway/jsonpath/json-path/2.4.0/json-path-2.4.0.jar:/home/alex/.m2/repository/net/minidev/json-smart/2.3/json-smart-2.3.jar:/home/alex/.m2/repository/net/minidev/accessors-smart/1.2/accessors-smart-1.2.jar:/home/alex/.m2/repository/org/ow2/asm/asm/5.0.4/asm-5.0.4.jar:/home/alex/.m2/repository/org/codehaus/janino/commons-compiler/3.0.11/commons-compiler-3.0.11.jar:/home/alex/.m2/repository/org/codehaus/janino/janino/3.0.11/janino-3.0.11.jar:/home/alex/.m2/repository/com/sun/jersey/contribs/jersey-multipart/1.19/jersey-multipart-1.19.jar:/home/alex/.m2/repository/org/jvnet/mimepull/mimepull/1.9.3/mimepull-1.9.3.jar:/home/alex/.m2/repository/org/apache/kafka/kafka-clients/2.5.0/kafka-clients-2.5.0.jar:/home/alex/.m2/repository/org/slf4j/slf4j-api/1.7.30/slf4j-api-1.7.30.jar:/home/alex/.m2/repository/org/mockito/mockito-core/3.4.4/mockito-core-3.4.4.jar:/home/alex/.m2/repository/net/bytebuddy/byte-buddy/1.10.13/byte-buddy-1.10.13.jar:/home/alex/.m2/repository/net/bytebuddy/byte-buddy-agent/1.10.13/byte-buddy-agent-1.10.13.jar:/home/alex/Repositories/hive/ql/target/testconf:/home/alex/Repositories/hive/ql/../conf:"/>
    <property name="sun.cpu.endian" value="little"/>
    <property name="user.home" value="/home/alex"/>
    <property name="user.language" value="en"/>
    <property name="java.security.krb5.conf" value="/home/alex/Repositories/hive/ql/target/testconf/krb5.conf"/>
    <property name="test.dfs.mkdir" value=""/>
    <property name="java.awt.graphicsenv" value="sun.awt.X11GraphicsEnvironment"/>
    <property name="nondexFilter" value=".*"/>
    <property name="nondexSeed" value="1016066"/>
    <property name="surefire.real.class.path" value="/home/alex/Repositories/hive/ql/target/surefire/surefirebooter3810922262412306226.jar"/>
    <property name="hadoop.log.dir" value="/home/alex/Repositories/hive/ql/target/tmp"/>
    <property name="java.net.preferIPv4Stack" value="true"/>
    <property name="path.separator" value=":"/>
    <property name="os.version" value="6.5.0-28-generic"/>
    <property name="java.endorsed.dirs" value="/usr/lib/jvm/java-8-openjdk-amd64/jre/lib/endorsed"/>
    <property name="java.runtime.name" value="OpenJDK Runtime Environment"/>
    <property name="hive.test.console.log.level" value="INFO"/>
    <property name="java.vm.name" value="OpenJDK 64-Bit Server VM"/>
    <property name="java.vendor.url.bug" value="http://bugreport.sun.com/bugreport/"/>
    <property name="maven.local.repository" value="/home/alex/.m2/repository"/>
    <property name="user.dir" value="/home/alex/Repositories/hive/ql"/>
    <property name="os.arch" value="amd64"/>
    <property name="nondexMode" value="FULL"/>
    <property name="user.language.format" value="pt"/>
    <property name="antlr.version" value="3.5.2"/>
    <property name="derby.version" value="10.14.1.0"/>
    <property name="java.vm.info" value="mixed mode"/>
    <property name="java.vm.version" value="25.402-b06"/>
    <property name="java.ext.dirs" value="/usr/lib/jvm/java-8-openjdk-amd64/jre/lib/ext:/usr/java/packages/lib/ext"/>
    <property name="test.output.overwrite" value=""/>
    <property name="java.class.version" value="52.0"/>
    <property name="hive.root" value="/home/alex/Repositories/hive/ql/../"/>
  </properties>
  <testcase name="loadDataNonAcid2AcidConversionVectorized" classname="org.apache.hadoop.hive.ql.TestTxnLoadData" time="36.435"/>
  <testcase name="loadDataNonAcid2AcidConversion" classname="org.apache.hadoop.hive.ql.TestTxnLoadData" time="23.765"/>
  <testcase name="testValidations" classname="org.apache.hadoop.hive.ql.TestTxnLoadData" time="4.71"/>
  <testcase name="loadDataUpdate" classname="org.apache.hadoop.hive.ql.TestTxnLoadData" time="5.392">
    <error type="java.lang.RuntimeException"><![CDATA[java.lang.RuntimeException: update T set b = 17 where a = 1 failed: (responseCode = 40000, errorMessage = FAILED: NoMatchingMethodException No matching method for class org.apache.hadoop.hive.ql.udf.UDFToInteger with (struct<writeid:bigint,bucketid:int,rowid:bigint>). Possible choices: _FUNC_(bigint)  _FUNC_(boolean)  _FUNC_(decimal(38,18))  _FUNC_(double)  _FUNC_(float)  _FUNC_(smallint)  _FUNC_(string)  _FUNC_(struct<rowid:bigint,writeid:int,bucketid:bigint>)  _FUNC_(timestamp)  _FUNC_(tinyint)  _FUNC_(void)  , hiveErrorCode = 40000, SQLState = 42000, exception = No matching method for class org.apache.hadoop.hive.ql.udf.UDFToInteger with (struct<writeid:bigint,bucketid:int,rowid:bigint>). Possible choices: _FUNC_(bigint)  _FUNC_(boolean)  _FUNC_(decimal(38,18))  _FUNC_(double)  _FUNC_(float)  _FUNC_(smallint)  _FUNC_(string)  _FUNC_(struct<rowid:bigint,writeid:int,bucketid:bigint>)  _FUNC_(timestamp)  _FUNC_(tinyint)  _FUNC_(void)  )
	at org.apache.hadoop.hive.ql.TxnCommandsBaseForTests.runStatementOnDriver(TxnCommandsBaseForTests.java:247)
	at org.apache.hadoop.hive.ql.TestTxnLoadData.loadDataUpdate(TestTxnLoadData.java:118)
	at org.apache.hadoop.hive.ql.TestTxnLoadData.loadDataUpdate(TestTxnLoadData.java:71)
	at sun.reflect.NativeMethodAccessorImpl.invoke0(Native Method)
	at sun.reflect.NativeMethodAccessorImpl.invoke(NativeMethodAccessorImpl.java:62)
	at sun.reflect.DelegatingMethodAccessorImpl.invoke(DelegatingMethodAccessorImpl.java:43)
	at java.lang.reflect.Method.invoke(Method.java:498)
	at org.junit.runners.model.FrameworkMethod$1.runReflectiveCall(FrameworkMethod.java:59)
	at org.junit.internal.runners.model.ReflectiveCallable.run(ReflectiveCallable.java:12)
	at org.junit.runners.model.FrameworkMethod.invokeExplosively(FrameworkMethod.java:56)
	at org.junit.internal.runners.statements.InvokeMethod.evaluate(InvokeMethod.java:17)
	at org.junit.internal.runners.statements.RunBefores.evaluate(RunBefores.java:26)
	at org.junit.internal.runners.statements.RunAfters.evaluate(RunAfters.java:27)
	at org.junit.rules.ExternalResource$1.evaluate(ExternalResource.java:54)
	at org.junit.rules.TestWatcher$1.evaluate(TestWatcher.java:61)
	at org.junit.runners.ParentRunner$3.evaluate(ParentRunner.java:306)
	at org.junit.runners.BlockJUnit4ClassRunner$1.evaluate(BlockJUnit4ClassRunner.java:100)
	at org.junit.runners.ParentRunner.runLeaf(ParentRunner.java:366)
	at org.junit.runners.BlockJUnit4ClassRunner.runChild(BlockJUnit4ClassRunner.java:103)
	at org.junit.runners.BlockJUnit4ClassRunner.runChild(BlockJUnit4ClassRunner.java:63)
	at org.junit.runners.ParentRunner$4.run(ParentRunner.java:331)
	at org.junit.runners.ParentRunner$1.schedule(ParentRunner.java:79)
	at org.junit.runners.ParentRunner.runChildren(ParentRunner.java:329)
	at org.junit.runners.ParentRunner.access$100(ParentRunner.java:66)
	at org.junit.runners.ParentRunner$2.evaluate(ParentRunner.java:293)
	at org.junit.runners.ParentRunner$3.evaluate(ParentRunner.java:306)
	at org.junit.runners.ParentRunner.run(ParentRunner.java:413)
	at org.junit.runner.JUnitCore.run(JUnitCore.java:137)
	at org.junit.runner.JUnitCore.run(JUnitCore.java:115)
	at org.junit.vintage.engine.execution.RunnerExecutor.execute(RunnerExecutor.java:43)
	at java.util.stream.ForEachOps$ForEachOp$OfRef.accept(ForEachOps.java:183)
	at java.util.stream.ReferencePipeline$3$1.accept(ReferencePipeline.java:193)
	at java.util.Iterator.forEachRemaining(Iterator.java:116)
	at java.util.Spliterators$IteratorSpliterator.forEachRemaining(Spliterators.java:1801)
	at java.util.stream.AbstractPipeline.copyInto(AbstractPipeline.java:482)
	at java.util.stream.AbstractPipeline.wrapAndCopyInto(AbstractPipeline.java:472)
	at java.util.stream.ForEachOps$ForEachOp.evaluateSequential(ForEachOps.java:150)
	at java.util.stream.ForEachOps$ForEachOp$OfRef.evaluateSequential(ForEachOps.java:173)
	at java.util.stream.AbstractPipeline.evaluate(AbstractPipeline.java:234)
	at java.util.stream.ReferencePipeline.forEach(ReferencePipeline.java:485)
	at org.junit.vintage.engine.VintageTestEngine.executeAllChildren(VintageTestEngine.java:82)
	at org.junit.vintage.engine.VintageTestEngine.execute(VintageTestEngine.java:73)
	at org.junit.platform.launcher.core.DefaultLauncher.execute(DefaultLauncher.java:248)
	at org.junit.platform.launcher.core.DefaultLauncher.lambda$execute$5(DefaultLauncher.java:211)
	at org.junit.platform.launcher.core.DefaultLauncher.withInterceptedStreams(DefaultLauncher.java:226)
	at org.junit.platform.launcher.core.DefaultLauncher.execute(DefaultLauncher.java:199)
	at org.junit.platform.launcher.core.DefaultLauncher.execute(DefaultLauncher.java:132)
	at org.apache.maven.surefire.junitplatform.JUnitPlatformProvider.invokeAllTests(JUnitPlatformProvider.java:154)
	at org.apache.maven.surefire.junitplatform.JUnitPlatformProvider.invoke(JUnitPlatformProvider.java:123)
	at org.apache.maven.surefire.booter.ForkedBooter.runSuitesInProcess(ForkedBooter.java:377)
	at org.apache.maven.surefire.booter.ForkedBooter.execute(ForkedBooter.java:138)
	at org.apache.maven.surefire.booter.ForkedBooter.run(ForkedBooter.java:465)
	at org.apache.maven.surefire.booter.ForkedBooter.main(ForkedBooter.java:451)
]]></error>
    <system-err><![CDATA[2024-04-24T05:55:25,990  WARN [main] conf.HiveConf: HiveConf of name hive.metastore.client.cache.recordStats does not exist
2024-04-24T05:55:25,990  WARN [main] conf.HiveConf: HiveConf of name hive.llap.io.cache.orc.arena.size does not exist
2024-04-24T05:55:25,990  WARN [main] conf.HiveConf: HiveConf of name hive.llap.io.cache.orc.alloc.min does not exist
2024-04-24T05:55:25,990  WARN [main] conf.HiveConf: HiveConf of name hive.dummyparam.test.server.specific.config.override does not exist
2024-04-24T05:55:25,991  WARN [main] conf.HiveConf: HiveConf of name hive.metastore.client.cache.maxSize does not exist
2024-04-24T05:55:25,991  WARN [main] conf.HiveConf: HiveConf of name hive.dummyparam.test.server.specific.config.hivesite does not exist
2024-04-24T05:55:25,991  WARN [main] conf.HiveConf: HiveConf of name hive.metastore.metadb.dir does not exist
2024-04-24T05:55:25,991  WARN [main] conf.HiveConf: HiveConf of name hive.dummyparam.test.server.specific.config.metastoresite does not exist
2024-04-24T05:55:25,991  WARN [main] conf.HiveConf: HiveConf of name hive.llap.io.cache.orc.alloc.max does not exist
2024-04-24T05:55:25,991  WARN [main] conf.HiveConf: HiveConf of name hive.llap.io.cache.orc.size does not exist
2024-04-24T05:55:25,991  WARN [main] conf.HiveConf: HiveConf of name hive.stats.key.prefix.reserve.length does not exist
2024-04-24T05:55:25,993  INFO [main] utils.TestTxnDbUtil: Creating transactional tables
Hive Session ID = 0a5aa836-99ef-48e2-9e6d-0d19c5f534af
2024-04-24T05:55:25,995  INFO [main] SessionState: Hive Session ID = 0a5aa836-99ef-48e2-9e6d-0d19c5f534af
ivysettings.xml file not found in HIVE_HOME or HIVE_CONF_DIR,/home/alex/Repositories/hive/conf/ivysettings.xml will be used
2024-04-24T05:55:25,996  INFO [main] DependencyResolver: ivysettings.xml file not found in HIVE_HOME or HIVE_CONF_DIR,/home/alex/Repositories/hive/conf/ivysettings.xml will be used
2024-04-24T05:55:26,001  INFO [main] session.SessionState: Created HDFS directory: /home/alex/Repositories/hive/ql/target/tmp/scratchdir/alex/0a5aa836-99ef-48e2-9e6d-0d19c5f534af
2024-04-24T05:55:26,003  INFO [main] session.SessionState: Created local directory: /home/alex/Repositories/hive/ql/target/tmp/localscratchdir/0a5aa836-99ef-48e2-9e6d-0d19c5f534af
2024-04-24T05:55:26,005  INFO [main] session.SessionState: Created HDFS directory: /home/alex/Repositories/hive/ql/target/tmp/scratchdir/alex/0a5aa836-99ef-48e2-9e6d-0d19c5f534af/_tmp_space.db
2024-04-24T05:55:26,006  INFO [main] sqlstd.SQLStdHiveAccessController: Created SQLStdHiveAccessController for session context : HiveAuthzSessionContext [sessionString=0a5aa836-99ef-48e2-9e6d-0d19c5f534af, clientType=HIVECLI]
2024-04-24T05:55:26,006  INFO [main] ql.TxnCommandsBaseForTests: Running the query: drop table if exists acidTbl
2024-04-24T05:55:26,006  INFO [main] ql.Driver: Compiling command(queryId=alex_20240424055526_6045c646-c361-4ce2-a927-c349b2daf6be): drop table if exists acidTbl
2024-04-24T05:55:26,015  INFO [main] txn.TxnHandler: Added entries to MIN_HISTORY_LEVEL for current txns: ([1]) with min_open_txn: 1
2024-04-24T05:55:26,015  INFO [main] lockmgr.DbTxnManager: Opened txnid:1
2024-04-24T05:55:26,017  INFO [main] HiveMetaStore.audit: ugi=alex	ip=unknown-ip-addr	cmd=get_table : tbl=hive.default.acidTbl	
2024-04-24T05:55:26,020  INFO [main] ql.Driver: Semantic Analysis Completed (retrial = false)
2024-04-24T05:55:26,020  INFO [main] ql.Driver: Created Hive schema: Schema(fieldSchemas:null, properties:null)
2024-04-24T05:55:26,020  INFO [main] metadata.Hive: Dumping metastore api call timing information for : compilation phase
2024-04-24T05:55:26,020  INFO [main] metadata.Hive: Total time spent in each metastore function (ms): {flushCache_()=0, getValidTxns_(long)=2, commitTxn_(CommitTxnRequest)=12, isCompatibleWith_(Configuration)=0, openTxn_(String, TxnType)=8}
2024-04-24T05:55:26,020  INFO [main] ql.Driver: Completed compiling command(queryId=alex_20240424055526_6045c646-c361-4ce2-a927-c349b2daf6be); Time taken: 0.014 seconds
2024-04-24T05:55:26,021  INFO [main] lockmgr.DbTxnManager: Setting lock request transaction to txnid:1 for queryId=alex_20240424055526_6045c646-c361-4ce2-a927-c349b2daf6be
2024-04-24T05:55:26,021  INFO [main] ql.Driver: Operation DROPTABLE obtained 0 locks
2024-04-24T05:55:26,021  INFO [main] ql.Driver: Executing command(queryId=alex_20240424055526_6045c646-c361-4ce2-a927-c349b2daf6be): drop table if exists acidTbl
2024-04-24T05:55:26,021  INFO [main] ql.Driver: Starting task [Stage-0:DDL] in serial mode
2024-04-24T05:55:26,021  INFO [main] HiveMetaStore.audit: ugi=alex	ip=unknown-ip-addr	cmd=get_table : tbl=hive.default.acidTbl	
2024-04-24T05:55:26,024  INFO [main] metadata.Hive: Dumping metastore api call timing information for : execution phase
2024-04-24T05:55:26,024  INFO [main] metadata.Hive: Total time spent in each metastore function (ms): {isCompatibleWith_(Configuration)=0}
2024-04-24T05:55:26,024  INFO [main] ql.Driver: Completed executing command(queryId=alex_20240424055526_6045c646-c361-4ce2-a927-c349b2daf6be); Time taken: 0.003 seconds
2024-04-24T05:55:26,024  INFO [main] lockmgr.DbTxnManager: Stopped heartbeat for query: alex_20240424055526_6045c646-c361-4ce2-a927-c349b2daf6be
2024-04-24T05:55:26,029  INFO [main] txn.TxnHandler: Expected to move at least one record from txn_components to completed_txn_components when committing txn! txnid:1
2024-04-24T05:55:26,036  INFO [main] txn.TxnHandler: Removed transactions: ([1]) from MIN_HISTORY_LEVEL
2024-04-24T05:55:26,036  WARN [main] txn.CompactionTxnHandler: No compaction queue record found for Compaction type transaction commit. txnId:1
2024-04-24T05:55:26,036  INFO [main] ql.TxnCommandsBaseForTests: Running the query: drop table if exists acidTblPart
2024-04-24T05:55:26,037  INFO [main] ql.Driver: Compiling command(queryId=alex_20240424055526_4581008d-0c47-4a71-a39b-450cf85da4b8): drop table if exists acidTblPart
2024-04-24T05:55:26,039  INFO [main] txn.TxnHandler: Added entries to MIN_HISTORY_LEVEL for current txns: ([2]) with min_open_txn: 1
2024-04-24T05:55:26,039  INFO [main] lockmgr.DbTxnManager: Opened txnid:2
2024-04-24T05:55:26,040  INFO [main] HiveMetaStore.audit: ugi=alex	ip=unknown-ip-addr	cmd=get_table : tbl=hive.default.acidTblPart	
2024-04-24T05:55:26,042  INFO [main] ql.Driver: Semantic Analysis Completed (retrial = false)
2024-04-24T05:55:26,042  INFO [main] ql.Driver: Created Hive schema: Schema(fieldSchemas:null, properties:null)
2024-04-24T05:55:26,043  INFO [main] metadata.Hive: Dumping metastore api call timing information for : compilation phase
2024-04-24T05:55:26,043  INFO [main] metadata.Hive: Total time spent in each metastore function (ms): {commitTxn_(CommitTxnRequest)=12, isCompatibleWith_(Configuration)=0, flushCache_()=0, openTxn_(String, TxnType)=2, getValidTxns_(long)=1}
2024-04-24T05:55:26,043  INFO [main] ql.Driver: Completed compiling command(queryId=alex_20240424055526_4581008d-0c47-4a71-a39b-450cf85da4b8); Time taken: 0.006 seconds
2024-04-24T05:55:26,043  INFO [main] lockmgr.DbTxnManager: Setting lock request transaction to txnid:2 for queryId=alex_20240424055526_4581008d-0c47-4a71-a39b-450cf85da4b8
2024-04-24T05:55:26,043  INFO [main] ql.Driver: Operation DROPTABLE obtained 0 locks
2024-04-24T05:55:26,043  INFO [main] ql.Driver: Executing command(queryId=alex_20240424055526_4581008d-0c47-4a71-a39b-450cf85da4b8): drop table if exists acidTblPart
2024-04-24T05:55:26,043  INFO [main] ql.Driver: Starting task [Stage-0:DDL] in serial mode
2024-04-24T05:55:26,044  INFO [main] HiveMetaStore.audit: ugi=alex	ip=unknown-ip-addr	cmd=get_table : tbl=hive.default.acidTblPart	
2024-04-24T05:55:26,046  INFO [main] metadata.Hive: Dumping metastore api call timing information for : execution phase
2024-04-24T05:55:26,047  INFO [main] metadata.Hive: Total time spent in each metastore function (ms): {isCompatibleWith_(Configuration)=1}
2024-04-24T05:55:26,047  INFO [main] ql.Driver: Completed executing command(queryId=alex_20240424055526_4581008d-0c47-4a71-a39b-450cf85da4b8); Time taken: 0.003 seconds
2024-04-24T05:55:26,047  INFO [main] lockmgr.DbTxnManager: Stopped heartbeat for query: alex_20240424055526_4581008d-0c47-4a71-a39b-450cf85da4b8
2024-04-24T05:55:26,052  INFO [main] txn.TxnHandler: Expected to move at least one record from txn_components to completed_txn_components when committing txn! txnid:2
2024-04-24T05:55:26,059  INFO [main] txn.TxnHandler: Removed transactions: ([2]) from MIN_HISTORY_LEVEL
2024-04-24T05:55:26,059  WARN [main] txn.CompactionTxnHandler: No compaction queue record found for Compaction type transaction commit. txnId:2
2024-04-24T05:55:26,059  INFO [main] ql.TxnCommandsBaseForTests: Running the query: drop table if exists acidTbl2
2024-04-24T05:55:26,060  INFO [main] ql.Driver: Compiling command(queryId=alex_20240424055526_efda7467-7c22-46ac-9213-7e80af9dceab): drop table if exists acidTbl2
2024-04-24T05:55:26,062  INFO [main] txn.TxnHandler: Added entries to MIN_HISTORY_LEVEL for current txns: ([3]) with min_open_txn: 1
2024-04-24T05:55:26,062  INFO [main] lockmgr.DbTxnManager: Opened txnid:3
2024-04-24T05:55:26,063  INFO [main] HiveMetaStore.audit: ugi=alex	ip=unknown-ip-addr	cmd=get_table : tbl=hive.default.acidTbl2	
2024-04-24T05:55:26,065  INFO [main] ql.Driver: Semantic Analysis Completed (retrial = false)
2024-04-24T05:55:26,065  INFO [main] ql.Driver: Created Hive schema: Schema(fieldSchemas:null, properties:null)
2024-04-24T05:55:26,065  INFO [main] metadata.Hive: Dumping metastore api call timing information for : compilation phase
2024-04-24T05:55:26,066  INFO [main] metadata.Hive: Total time spent in each metastore function (ms): {isCompatibleWith_(Configuration)=0, commitTxn_(CommitTxnRequest)=12, openTxn_(String, TxnType)=2, flushCache_()=0, getValidTxns_(long)=1}
2024-04-24T05:55:26,066  INFO [main] ql.Driver: Completed compiling command(queryId=alex_20240424055526_efda7467-7c22-46ac-9213-7e80af9dceab); Time taken: 0.005 seconds
2024-04-24T05:55:26,066  INFO [main] lockmgr.DbTxnManager: Setting lock request transaction to txnid:3 for queryId=alex_20240424055526_efda7467-7c22-46ac-9213-7e80af9dceab
2024-04-24T05:55:26,066  INFO [main] ql.Driver: Operation DROPTABLE obtained 0 locks
2024-04-24T05:55:26,066  INFO [main] ql.Driver: Executing command(queryId=alex_20240424055526_efda7467-7c22-46ac-9213-7e80af9dceab): drop table if exists acidTbl2
2024-04-24T05:55:26,066  INFO [main] ql.Driver: Starting task [Stage-0:DDL] in serial mode
2024-04-24T05:55:26,066  INFO [main] HiveMetaStore.audit: ugi=alex	ip=unknown-ip-addr	cmd=get_table : tbl=hive.default.acidTbl2	
2024-04-24T05:55:26,069  INFO [main] metadata.Hive: Dumping metastore api call timing information for : execution phase
2024-04-24T05:55:26,069  INFO [main] metadata.Hive: Total time spent in each metastore function (ms): {isCompatibleWith_(Configuration)=0}
2024-04-24T05:55:26,069  INFO [main] ql.Driver: Completed executing command(queryId=alex_20240424055526_efda7467-7c22-46ac-9213-7e80af9dceab); Time taken: 0.003 seconds
2024-04-24T05:55:26,070  INFO [main] lockmgr.DbTxnManager: Stopped heartbeat for query: alex_20240424055526_efda7467-7c22-46ac-9213-7e80af9dceab
2024-04-24T05:55:26,075  INFO [main] txn.TxnHandler: Expected to move at least one record from txn_components to completed_txn_components when committing txn! txnid:3
2024-04-24T05:55:26,081  INFO [main] txn.TxnHandler: Removed transactions: ([3]) from MIN_HISTORY_LEVEL
2024-04-24T05:55:26,081  WARN [main] txn.CompactionTxnHandler: No compaction queue record found for Compaction type transaction commit. txnId:3
2024-04-24T05:55:26,081  INFO [main] ql.TxnCommandsBaseForTests: Running the query: drop table if exists nonAcidOrcTbl
2024-04-24T05:55:26,082  INFO [main] ql.Driver: Compiling command(queryId=alex_20240424055526_23bc75b9-ff40-4fd2-868d-e57a634bd2ae): drop table if exists nonAcidOrcTbl
2024-04-24T05:55:26,084  INFO [main] txn.TxnHandler: Added entries to MIN_HISTORY_LEVEL for current txns: ([4]) with min_open_txn: 1
2024-04-24T05:55:26,084  INFO [main] lockmgr.DbTxnManager: Opened txnid:4
2024-04-24T05:55:26,085  INFO [main] HiveMetaStore.audit: ugi=alex	ip=unknown-ip-addr	cmd=get_table : tbl=hive.default.nonAcidOrcTbl	
2024-04-24T05:55:26,088  INFO [main] ql.Driver: Semantic Analysis Completed (retrial = false)
2024-04-24T05:55:26,088  INFO [main] ql.Driver: Created Hive schema: Schema(fieldSchemas:null, properties:null)
2024-04-24T05:55:26,088  INFO [main] metadata.Hive: Dumping metastore api call timing information for : compilation phase
2024-04-24T05:55:26,088  INFO [main] metadata.Hive: Total time spent in each metastore function (ms): {getValidTxns_(long)=0, openTxn_(String, TxnType)=2, flushCache_()=0, isCompatibleWith_(Configuration)=0, commitTxn_(CommitTxnRequest)=11}
2024-04-24T05:55:26,088  INFO [main] ql.Driver: Completed compiling command(queryId=alex_20240424055526_23bc75b9-ff40-4fd2-868d-e57a634bd2ae); Time taken: 0.006 seconds
2024-04-24T05:55:26,088  INFO [main] lockmgr.DbTxnManager: Setting lock request transaction to txnid:4 for queryId=alex_20240424055526_23bc75b9-ff40-4fd2-868d-e57a634bd2ae
2024-04-24T05:55:26,088  INFO [main] ql.Driver: Operation DROPTABLE obtained 0 locks
2024-04-24T05:55:26,088  INFO [main] ql.Driver: Executing command(queryId=alex_20240424055526_23bc75b9-ff40-4fd2-868d-e57a634bd2ae): drop table if exists nonAcidOrcTbl
2024-04-24T05:55:26,089  INFO [main] ql.Driver: Starting task [Stage-0:DDL] in serial mode
2024-04-24T05:55:26,089  INFO [main] HiveMetaStore.audit: ugi=alex	ip=unknown-ip-addr	cmd=get_table : tbl=hive.default.nonAcidOrcTbl	
2024-04-24T05:55:26,092  INFO [main] metadata.Hive: Dumping metastore api call timing information for : execution phase
2024-04-24T05:55:26,092  INFO [main] metadata.Hive: Total time spent in each metastore function (ms): {isCompatibleWith_(Configuration)=0}
2024-04-24T05:55:26,092  INFO [main] ql.Driver: Completed executing command(queryId=alex_20240424055526_23bc75b9-ff40-4fd2-868d-e57a634bd2ae); Time taken: 0.004 seconds
2024-04-24T05:55:26,092  INFO [main] lockmgr.DbTxnManager: Stopped heartbeat for query: alex_20240424055526_23bc75b9-ff40-4fd2-868d-e57a634bd2ae
2024-04-24T05:55:26,097  INFO [main] txn.TxnHandler: Expected to move at least one record from txn_components to completed_txn_components when committing txn! txnid:4
2024-04-24T05:55:26,103  INFO [main] txn.TxnHandler: Removed transactions: ([4]) from MIN_HISTORY_LEVEL
2024-04-24T05:55:26,103  WARN [main] txn.CompactionTxnHandler: No compaction queue record found for Compaction type transaction commit. txnId:4
2024-04-24T05:55:26,103  INFO [main] ql.TxnCommandsBaseForTests: Running the query: drop table if exists nonAcidOrcTbl2
2024-04-24T05:55:26,104  INFO [main] ql.Driver: Compiling command(queryId=alex_20240424055526_859b4c4a-8cf1-4117-9b9f-9be038e57ced): drop table if exists nonAcidOrcTbl2
2024-04-24T05:55:26,106  INFO [main] txn.TxnHandler: Added entries to MIN_HISTORY_LEVEL for current txns: ([5]) with min_open_txn: 1
2024-04-24T05:55:26,107  INFO [main] lockmgr.DbTxnManager: Opened txnid:5
2024-04-24T05:55:26,107  INFO [main] HiveMetaStore.audit: ugi=alex	ip=unknown-ip-addr	cmd=get_table : tbl=hive.default.nonAcidOrcTbl2	
2024-04-24T05:55:26,110  INFO [main] ql.Driver: Semantic Analysis Completed (retrial = false)
2024-04-24T05:55:26,110  INFO [main] ql.Driver: Created Hive schema: Schema(fieldSchemas:null, properties:null)
2024-04-24T05:55:26,110  INFO [main] metadata.Hive: Dumping metastore api call timing information for : compilation phase
2024-04-24T05:55:26,110  INFO [main] metadata.Hive: Total time spent in each metastore function (ms): {getValidTxns_(long)=0, isCompatibleWith_(Configuration)=0, openTxn_(String, TxnType)=3, flushCache_()=0, commitTxn_(CommitTxnRequest)=11}
2024-04-24T05:55:26,110  INFO [main] ql.Driver: Completed compiling command(queryId=alex_20240424055526_859b4c4a-8cf1-4117-9b9f-9be038e57ced); Time taken: 0.006 seconds
2024-04-24T05:55:26,111  INFO [main] lockmgr.DbTxnManager: Setting lock request transaction to txnid:5 for queryId=alex_20240424055526_859b4c4a-8cf1-4117-9b9f-9be038e57ced
2024-04-24T05:55:26,111  INFO [main] ql.Driver: Operation DROPTABLE obtained 0 locks
2024-04-24T05:55:26,111  INFO [main] ql.Driver: Executing command(queryId=alex_20240424055526_859b4c4a-8cf1-4117-9b9f-9be038e57ced): drop table if exists nonAcidOrcTbl2
2024-04-24T05:55:26,111  INFO [main] ql.Driver: Starting task [Stage-0:DDL] in serial mode
2024-04-24T05:55:26,111  INFO [main] HiveMetaStore.audit: ugi=alex	ip=unknown-ip-addr	cmd=get_table : tbl=hive.default.nonAcidOrcTbl2	
2024-04-24T05:55:26,114  INFO [main] metadata.Hive: Dumping metastore api call timing information for : execution phase
2024-04-24T05:55:26,114  INFO [main] metadata.Hive: Total time spent in each metastore function (ms): {isCompatibleWith_(Configuration)=0}
2024-04-24T05:55:26,114  INFO [main] ql.Driver: Completed executing command(queryId=alex_20240424055526_859b4c4a-8cf1-4117-9b9f-9be038e57ced); Time taken: 0.003 seconds
2024-04-24T05:55:26,114  INFO [main] lockmgr.DbTxnManager: Stopped heartbeat for query: alex_20240424055526_859b4c4a-8cf1-4117-9b9f-9be038e57ced
2024-04-24T05:55:26,119  INFO [main] txn.TxnHandler: Expected to move at least one record from txn_components to completed_txn_components when committing txn! txnid:5
2024-04-24T05:55:26,125  INFO [main] txn.TxnHandler: Removed transactions: ([5]) from MIN_HISTORY_LEVEL
2024-04-24T05:55:26,126  WARN [main] txn.CompactionTxnHandler: No compaction queue record found for Compaction type transaction commit. txnId:5
2024-04-24T05:55:26,126  INFO [main] ql.TxnCommandsBaseForTests: Running the query: drop table if exists nonAcidNonBucket
2024-04-24T05:55:26,127  INFO [main] ql.Driver: Compiling command(queryId=alex_20240424055526_090f87e7-9f1e-4a7d-b753-d99e02bd247c): drop table if exists nonAcidNonBucket
2024-04-24T05:55:26,129  INFO [main] txn.TxnHandler: Added entries to MIN_HISTORY_LEVEL for current txns: ([6]) with min_open_txn: 1
2024-04-24T05:55:26,129  INFO [main] lockmgr.DbTxnManager: Opened txnid:6
2024-04-24T05:55:26,130  INFO [main] HiveMetaStore.audit: ugi=alex	ip=unknown-ip-addr	cmd=get_table : tbl=hive.default.nonAcidNonBucket	
2024-04-24T05:55:26,132  INFO [main] ql.Driver: Semantic Analysis Completed (retrial = false)
2024-04-24T05:55:26,132  INFO [main] ql.Driver: Created Hive schema: Schema(fieldSchemas:null, properties:null)
2024-04-24T05:55:26,132  INFO [main] metadata.Hive: Dumping metastore api call timing information for : compilation phase
2024-04-24T05:55:26,133  INFO [main] metadata.Hive: Total time spent in each metastore function (ms): {isCompatibleWith_(Configuration)=1, getValidTxns_(long)=1, commitTxn_(CommitTxnRequest)=11, flushCache_()=0, openTxn_(String, TxnType)=2}
2024-04-24T05:55:26,133  INFO [main] ql.Driver: Completed compiling command(queryId=alex_20240424055526_090f87e7-9f1e-4a7d-b753-d99e02bd247c); Time taken: 0.005 seconds
2024-04-24T05:55:26,133  INFO [main] lockmgr.DbTxnManager: Setting lock request transaction to txnid:6 for queryId=alex_20240424055526_090f87e7-9f1e-4a7d-b753-d99e02bd247c
2024-04-24T05:55:26,133  INFO [main] ql.Driver: Operation DROPTABLE obtained 0 locks
2024-04-24T05:55:26,133  INFO [main] ql.Driver: Executing command(queryId=alex_20240424055526_090f87e7-9f1e-4a7d-b753-d99e02bd247c): drop table if exists nonAcidNonBucket
2024-04-24T05:55:26,133  INFO [main] ql.Driver: Starting task [Stage-0:DDL] in serial mode
2024-04-24T05:55:26,134  INFO [main] HiveMetaStore.audit: ugi=alex	ip=unknown-ip-addr	cmd=get_table : tbl=hive.default.nonAcidNonBucket	
2024-04-24T05:55:26,136  INFO [main] metadata.Hive: Dumping metastore api call timing information for : execution phase
2024-04-24T05:55:26,137  INFO [main] metadata.Hive: Total time spent in each metastore function (ms): {isCompatibleWith_(Configuration)=1}
2024-04-24T05:55:26,137  INFO [main] ql.Driver: Completed executing command(queryId=alex_20240424055526_090f87e7-9f1e-4a7d-b753-d99e02bd247c); Time taken: 0.003 seconds
2024-04-24T05:55:26,137  INFO [main] lockmgr.DbTxnManager: Stopped heartbeat for query: alex_20240424055526_090f87e7-9f1e-4a7d-b753-d99e02bd247c
2024-04-24T05:55:26,142  INFO [main] txn.TxnHandler: Expected to move at least one record from txn_components to completed_txn_components when committing txn! txnid:6
2024-04-24T05:55:26,148  INFO [main] txn.TxnHandler: Removed transactions: ([6]) from MIN_HISTORY_LEVEL
2024-04-24T05:55:26,148  WARN [main] txn.CompactionTxnHandler: No compaction queue record found for Compaction type transaction commit. txnId:6
2024-04-24T05:55:26,148  INFO [main] ql.TxnCommandsBaseForTests: Running the query: create table acidTbl(a int, b int) clustered by (a) into 2 buckets stored as orc TBLPROPERTIES ('transactional'='true')
2024-04-24T05:55:26,149  INFO [main] ql.Driver: Compiling command(queryId=alex_20240424055526_9bf9e6a4-f051-49e0-a693-fb76ee87230c): create table acidTbl(a int, b int) clustered by (a) into 2 buckets stored as orc TBLPROPERTIES ('transactional'='true')
2024-04-24T05:55:26,151  INFO [main] txn.TxnHandler: Added entries to MIN_HISTORY_LEVEL for current txns: ([7]) with min_open_txn: 1
2024-04-24T05:55:26,152  INFO [main] lockmgr.DbTxnManager: Opened txnid:7
2024-04-24T05:55:26,152  INFO [main] parse.CalcitePlanner: Starting caching scope for: 
2024-04-24T05:55:26,152  INFO [main] parse.CalcitePlanner: Starting Semantic Analysis
2024-04-24T05:55:26,158  INFO [main] parse.CalcitePlanner: Creating table default.acidTbl position=13
2024-04-24T05:55:26,158  INFO [main] HiveMetaStore.audit: ugi=alex	ip=unknown-ip-addr	cmd=get_database: default	
2024-04-24T05:55:26,160  INFO [main] parse.CalcitePlanner: Ending caching scope for: 
2024-04-24T05:55:26,160  INFO [main] ql.Driver: Semantic Analysis Completed (retrial = false)
2024-04-24T05:55:26,160  INFO [main] ql.Driver: Created Hive schema: Schema(fieldSchemas:null, properties:null)
2024-04-24T05:55:26,160  INFO [main] metadata.Hive: Dumping metastore api call timing information for : compilation phase
2024-04-24T05:55:26,160  INFO [main] metadata.Hive: Total time spent in each metastore function (ms): {getValidWriteIds_(List, String)=5, openTxn_(String, TxnType)=3, getDatabase_(String)=2, commitTxn_(CommitTxnRequest)=11, flushCache_()=0, getValidTxns_(long)=0, isCompatibleWith_(Configuration)=0}
2024-04-24T05:55:26,160  INFO [main] ql.Driver: Completed compiling command(queryId=alex_20240424055526_9bf9e6a4-f051-49e0-a693-fb76ee87230c); Time taken: 0.011 seconds
2024-04-24T05:55:26,161  INFO [main] lockmgr.DbTxnManager: Setting lock request transaction to txnid:7 for queryId=alex_20240424055526_9bf9e6a4-f051-49e0-a693-fb76ee87230c
2024-04-24T05:55:26,161  INFO [main] lockmgr.DbLockManager: Requesting lock for queryId=alex_20240424055526_9bf9e6a4-f051-49e0-a693-fb76ee87230c
2024-04-24T05:55:26,179  INFO [main] lockmgr.DbLockManager: Response to queryId=alex_20240424055526_9bf9e6a4-f051-49e0-a693-fb76ee87230c LockResponse(lockid:1, state:ACQUIRED)
2024-04-24T05:55:26,179  INFO [main] ql.Driver: Operation CREATETABLE obtained 1 locks
2024-04-24T05:55:26,179  INFO [main] ql.Driver: Executing command(queryId=alex_20240424055526_9bf9e6a4-f051-49e0-a693-fb76ee87230c): create table acidTbl(a int, b int) clustered by (a) into 2 buckets stored as orc TBLPROPERTIES ('transactional'='true')
2024-04-24T05:55:26,180  INFO [main] ql.Driver: Starting task [Stage-0:DDL] in serial mode
2024-04-24T05:55:26,181  INFO [main] HiveMetaStore.audit: ugi=alex	ip=unknown-ip-addr	cmd=create_table_req: Table(tableName:acidTbl, dbName:default, owner:alex, createTime:1713963326, lastAccessTime:0, retention:0, sd:StorageDescriptor(cols:[FieldSchema(name:a, type:int, comment:null), FieldSchema(name:b, type:int, comment:null)], location:null, inputFormat:org.apache.hadoop.hive.ql.io.orc.OrcInputFormat, outputFormat:org.apache.hadoop.hive.ql.io.orc.OrcOutputFormat, compressed:false, numBuckets:2, serdeInfo:SerDeInfo(name:null, serializationLib:org.apache.hadoop.hive.ql.io.orc.OrcSerde, parameters:{serialization.format=1}), bucketCols:[a], sortCols:[], parameters:{}, skewedInfo:SkewedInfo(skewedColNames:[], skewedColValues:[], skewedColValueLocationMaps:{}), storedAsSubDirectories:false), partitionKeys:[], parameters:{numFilesErasureCoded=0, numRows=0, bucketing_version=2, numFiles=0, rawDataSize=0, transactional=true, totalSize=0, COLUMN_STATS_ACCURATE={"BASIC_STATS":"true","COLUMN_STATS":{"a":"true","b":"true"}}}, viewOriginalText:null, viewExpandedText:null, tableType:MANAGED_TABLE, privileges:PrincipalPrivilegeSet(userPrivileges:{alex=[PrivilegeGrantInfo(privilege:INSERT, createTime:-1, grantor:alex, grantorType:USER, grantOption:true), PrivilegeGrantInfo(privilege:SELECT, createTime:-1, grantor:alex, grantorType:USER, grantOption:true), PrivilegeGrantInfo(privilege:UPDATE, createTime:-1, grantor:alex, grantorType:USER, grantOption:true), PrivilegeGrantInfo(privilege:DELETE, createTime:-1, grantor:alex, grantorType:USER, grantOption:true)]}, groupPrivileges:null, rolePrivileges:null), temporary:false, catName:hive, ownerType:USER, writeId:0)	
2024-04-24T05:55:26,189  INFO [main] utils.FileUtils: Creating directory if it doesn't exist: file:/home/alex/Repositories/hive/ql/target/tmp/org.apache.hadoop.hive.ql.TestTxnLoadData-1713963261722/warehouse/acidtbl
2024-04-24T05:55:26,227  INFO [main] metadata.Hive: Dumping metastore api call timing information for : execution phase
2024-04-24T05:55:26,227  INFO [main] metadata.Hive: Total time spent in each metastore function (ms): {isCompatibleWith_(Configuration)=0, createTable_(Table)=47}
2024-04-24T05:55:26,228  INFO [main] ql.Driver: Completed executing command(queryId=alex_20240424055526_9bf9e6a4-f051-49e0-a693-fb76ee87230c); Time taken: 0.048 seconds
2024-04-24T05:55:26,228  INFO [main] lockmgr.DbTxnManager: Stopped heartbeat for query: alex_20240424055526_9bf9e6a4-f051-49e0-a693-fb76ee87230c
2024-04-24T05:55:26,232  INFO [main] txn.TxnHandler: Expected to move at least one record from txn_components to completed_txn_components when committing txn! txnid:7
2024-04-24T05:55:26,237  INFO [main] txn.TxnHandler: Removed transactions: ([7]) from MIN_HISTORY_LEVEL
2024-04-24T05:55:26,239  WARN [main] txn.CompactionTxnHandler: No compaction queue record found for Compaction type transaction commit. txnId:7
2024-04-24T05:55:26,239  INFO [main] ql.TxnCommandsBaseForTests: Running the query: create table acidTblPart(a int, b int) partitioned by (p string) clustered by (a) into 2 buckets stored as orc TBLPROPERTIES ('transactional'='true')
2024-04-24T05:55:26,240  INFO [main] ql.Driver: Compiling command(queryId=alex_20240424055526_bb02678e-1fd9-4b3a-b57e-23364fd2b85e): create table acidTblPart(a int, b int) partitioned by (p string) clustered by (a) into 2 buckets stored as orc TBLPROPERTIES ('transactional'='true')
2024-04-24T05:55:26,242  INFO [main] txn.TxnHandler: Added entries to MIN_HISTORY_LEVEL for current txns: ([8]) with min_open_txn: 1
2024-04-24T05:55:26,242  INFO [main] lockmgr.DbTxnManager: Opened txnid:8
2024-04-24T05:55:26,243  INFO [main] parse.CalcitePlanner: Starting caching scope for: 
2024-04-24T05:55:26,243  INFO [main] parse.CalcitePlanner: Starting Semantic Analysis
2024-04-24T05:55:26,245  INFO [main] parse.CalcitePlanner: Creating table default.acidTblPart position=13
2024-04-24T05:55:26,246  INFO [main] HiveMetaStore.audit: ugi=alex	ip=unknown-ip-addr	cmd=get_database: default	
2024-04-24T05:55:26,247  INFO [main] parse.CalcitePlanner: Ending caching scope for: 
2024-04-24T05:55:26,247  INFO [main] ql.Driver: Semantic Analysis Completed (retrial = false)
2024-04-24T05:55:26,247  INFO [main] ql.Driver: Created Hive schema: Schema(fieldSchemas:null, properties:null)
2024-04-24T05:55:26,247  INFO [main] metadata.Hive: Dumping metastore api call timing information for : compilation phase
2024-04-24T05:55:26,247  INFO [main] metadata.Hive: Total time spent in each metastore function (ms): {openTxn_(String, TxnType)=2, commitTxn_(CommitTxnRequest)=11, isCompatibleWith_(Configuration)=0, getValidTxns_(long)=1, flushCache_()=0, getValidWriteIds_(List, String)=2, getDatabase_(String)=2}
2024-04-24T05:55:26,248  INFO [main] ql.Driver: Completed compiling command(queryId=alex_20240424055526_bb02678e-1fd9-4b3a-b57e-23364fd2b85e); Time taken: 0.007 seconds
2024-04-24T05:55:26,248  INFO [main] lockmgr.DbTxnManager: Setting lock request transaction to txnid:8 for queryId=alex_20240424055526_bb02678e-1fd9-4b3a-b57e-23364fd2b85e
2024-04-24T05:55:26,248  INFO [main] lockmgr.DbLockManager: Requesting lock for queryId=alex_20240424055526_bb02678e-1fd9-4b3a-b57e-23364fd2b85e
2024-04-24T05:55:26,263  INFO [main] lockmgr.DbLockManager: Response to queryId=alex_20240424055526_bb02678e-1fd9-4b3a-b57e-23364fd2b85e LockResponse(lockid:2, state:ACQUIRED)
2024-04-24T05:55:26,263  INFO [main] ql.Driver: Operation CREATETABLE obtained 1 locks
2024-04-24T05:55:26,263  INFO [main] ql.Driver: Executing command(queryId=alex_20240424055526_bb02678e-1fd9-4b3a-b57e-23364fd2b85e): create table acidTblPart(a int, b int) partitioned by (p string) clustered by (a) into 2 buckets stored as orc TBLPROPERTIES ('transactional'='true')
2024-04-24T05:55:26,264  INFO [main] ql.Driver: Starting task [Stage-0:DDL] in serial mode
2024-04-24T05:55:26,264  INFO [main] HiveMetaStore.audit: ugi=alex	ip=unknown-ip-addr	cmd=create_table_req: Table(tableName:acidTblPart, dbName:default, owner:alex, createTime:1713963326, lastAccessTime:0, retention:0, sd:StorageDescriptor(cols:[FieldSchema(name:a, type:int, comment:null), FieldSchema(name:b, type:int, comment:null)], location:null, inputFormat:org.apache.hadoop.hive.ql.io.orc.OrcInputFormat, outputFormat:org.apache.hadoop.hive.ql.io.orc.OrcOutputFormat, compressed:false, numBuckets:2, serdeInfo:SerDeInfo(name:null, serializationLib:org.apache.hadoop.hive.ql.io.orc.OrcSerde, parameters:{serialization.format=1}), bucketCols:[a], sortCols:[], parameters:{}, skewedInfo:SkewedInfo(skewedColNames:[], skewedColValues:[], skewedColValueLocationMaps:{}), storedAsSubDirectories:false), partitionKeys:[FieldSchema(name:p, type:string, comment:null)], parameters:{bucketing_version=2, transactional=true}, viewOriginalText:null, viewExpandedText:null, tableType:MANAGED_TABLE, privileges:PrincipalPrivilegeSet(userPrivileges:{alex=[PrivilegeGrantInfo(privilege:INSERT, createTime:-1, grantor:alex, grantorType:USER, grantOption:true), PrivilegeGrantInfo(privilege:SELECT, createTime:-1, grantor:alex, grantorType:USER, grantOption:true), PrivilegeGrantInfo(privilege:UPDATE, createTime:-1, grantor:alex, grantorType:USER, grantOption:true), PrivilegeGrantInfo(privilege:DELETE, createTime:-1, grantor:alex, grantorType:USER, grantOption:true)]}, groupPrivileges:null, rolePrivileges:null), temporary:false, catName:hive, ownerType:USER, writeId:0)	
2024-04-24T05:55:26,270  INFO [main] utils.FileUtils: Creating directory if it doesn't exist: file:/home/alex/Repositories/hive/ql/target/tmp/org.apache.hadoop.hive.ql.TestTxnLoadData-1713963261722/warehouse/acidtblpart
2024-04-24T05:55:26,295  INFO [main] metadata.Hive: Dumping metastore api call timing information for : execution phase
2024-04-24T05:55:26,295  INFO [main] metadata.Hive: Total time spent in each metastore function (ms): {isCompatibleWith_(Configuration)=0, createTable_(Table)=31}
2024-04-24T05:55:26,296  INFO [main] ql.Driver: Completed executing command(queryId=alex_20240424055526_bb02678e-1fd9-4b3a-b57e-23364fd2b85e); Time taken: 0.032 seconds
2024-04-24T05:55:26,296  INFO [main] lockmgr.DbTxnManager: Stopped heartbeat for query: alex_20240424055526_bb02678e-1fd9-4b3a-b57e-23364fd2b85e
2024-04-24T05:55:26,301  INFO [main] txn.TxnHandler: Expected to move at least one record from txn_components to completed_txn_components when committing txn! txnid:8
2024-04-24T05:55:26,308  INFO [main] txn.TxnHandler: Removed transactions: ([8]) from MIN_HISTORY_LEVEL
2024-04-24T05:55:26,308  WARN [main] txn.CompactionTxnHandler: No compaction queue record found for Compaction type transaction commit. txnId:8
2024-04-24T05:55:26,309  INFO [main] ql.TxnCommandsBaseForTests: Running the query: create table nonAcidOrcTbl(a int, b int) clustered by (a) into 2 buckets stored as orc TBLPROPERTIES ('transactional'='false')
2024-04-24T05:55:26,309  INFO [main] ql.Driver: Compiling command(queryId=alex_20240424055526_3cf6e2a1-de22-4239-96cb-0c98388d4361): create table nonAcidOrcTbl(a int, b int) clustered by (a) into 2 buckets stored as orc TBLPROPERTIES ('transactional'='false')
2024-04-24T05:55:26,312  INFO [main] txn.TxnHandler: Added entries to MIN_HISTORY_LEVEL for current txns: ([9]) with min_open_txn: 1
2024-04-24T05:55:26,312  INFO [main] lockmgr.DbTxnManager: Opened txnid:9
2024-04-24T05:55:26,313  INFO [main] parse.CalcitePlanner: Starting caching scope for: 
2024-04-24T05:55:26,313  INFO [main] parse.CalcitePlanner: Starting Semantic Analysis
2024-04-24T05:55:26,315  INFO [main] parse.CalcitePlanner: Creating table default.nonAcidOrcTbl position=13
2024-04-24T05:55:26,315  INFO [main] HiveMetaStore.audit: ugi=alex	ip=unknown-ip-addr	cmd=get_database: default	
2024-04-24T05:55:26,317  INFO [main] parse.CalcitePlanner: Ending caching scope for: 
2024-04-24T05:55:26,317  INFO [main] ql.Driver: Semantic Analysis Completed (retrial = false)
2024-04-24T05:55:26,317  INFO [main] ql.Driver: Created Hive schema: Schema(fieldSchemas:null, properties:null)
2024-04-24T05:55:26,317  INFO [main] metadata.Hive: Dumping metastore api call timing information for : compilation phase
2024-04-24T05:55:26,317  INFO [main] metadata.Hive: Total time spent in each metastore function (ms): {getDatabase_(String)=2, openTxn_(String, TxnType)=2, commitTxn_(CommitTxnRequest)=13, getValidWriteIds_(List, String)=2, getValidTxns_(long)=1, isCompatibleWith_(Configuration)=0, flushCache_()=0}
2024-04-24T05:55:26,317  INFO [main] ql.Driver: Completed compiling command(queryId=alex_20240424055526_3cf6e2a1-de22-4239-96cb-0c98388d4361); Time taken: 0.008 seconds
2024-04-24T05:55:26,317  INFO [main] lockmgr.DbTxnManager: Setting lock request transaction to txnid:9 for queryId=alex_20240424055526_3cf6e2a1-de22-4239-96cb-0c98388d4361
2024-04-24T05:55:26,318  INFO [main] lockmgr.DbLockManager: Requesting lock for queryId=alex_20240424055526_3cf6e2a1-de22-4239-96cb-0c98388d4361
2024-04-24T05:55:26,333  INFO [main] lockmgr.DbLockManager: Response to queryId=alex_20240424055526_3cf6e2a1-de22-4239-96cb-0c98388d4361 LockResponse(lockid:3, state:ACQUIRED)
2024-04-24T05:55:26,333  INFO [main] ql.Driver: Operation CREATETABLE obtained 1 locks
2024-04-24T05:55:26,333  INFO [main] ql.Driver: Executing command(queryId=alex_20240424055526_3cf6e2a1-de22-4239-96cb-0c98388d4361): create table nonAcidOrcTbl(a int, b int) clustered by (a) into 2 buckets stored as orc TBLPROPERTIES ('transactional'='false')
2024-04-24T05:55:26,333  INFO [main] ql.Driver: Starting task [Stage-0:DDL] in serial mode
2024-04-24T05:55:26,334  INFO [main] HiveMetaStore.audit: ugi=alex	ip=unknown-ip-addr	cmd=create_table_req: Table(tableName:nonAcidOrcTbl, dbName:default, owner:alex, createTime:1713963326, lastAccessTime:0, retention:0, sd:StorageDescriptor(cols:[FieldSchema(name:a, type:int, comment:null), FieldSchema(name:b, type:int, comment:null)], location:null, inputFormat:org.apache.hadoop.hive.ql.io.orc.OrcInputFormat, outputFormat:org.apache.hadoop.hive.ql.io.orc.OrcOutputFormat, compressed:false, numBuckets:2, serdeInfo:SerDeInfo(name:null, serializationLib:org.apache.hadoop.hive.ql.io.orc.OrcSerde, parameters:{serialization.format=1}), bucketCols:[a], sortCols:[], parameters:{}, skewedInfo:SkewedInfo(skewedColNames:[], skewedColValues:[], skewedColValueLocationMaps:{}), storedAsSubDirectories:false), partitionKeys:[], parameters:{rawDataSize=0, numRows=0, numFilesErasureCoded=0, transactional=false, COLUMN_STATS_ACCURATE={"BASIC_STATS":"true","COLUMN_STATS":{"a":"true","b":"true"}}, numFiles=0, totalSize=0, bucketing_version=2}, viewOriginalText:null, viewExpandedText:null, tableType:MANAGED_TABLE, privileges:PrincipalPrivilegeSet(userPrivileges:{alex=[PrivilegeGrantInfo(privilege:INSERT, createTime:-1, grantor:alex, grantorType:USER, grantOption:true), PrivilegeGrantInfo(privilege:SELECT, createTime:-1, grantor:alex, grantorType:USER, grantOption:true), PrivilegeGrantInfo(privilege:UPDATE, createTime:-1, grantor:alex, grantorType:USER, grantOption:true), PrivilegeGrantInfo(privilege:DELETE, createTime:-1, grantor:alex, grantorType:USER, grantOption:true)]}, groupPrivileges:null, rolePrivileges:null), temporary:false, catName:hive, ownerType:USER)	
2024-04-24T05:55:26,339  INFO [main] utils.FileUtils: Creating directory if it doesn't exist: file:/home/alex/Repositories/hive/ql/target/tmp/org.apache.hadoop.hive.ql.TestTxnLoadData-1713963261722/warehouse/nonacidorctbl
2024-04-24T05:55:26,355  INFO [main] metadata.Hive: Dumping metastore api call timing information for : execution phase
2024-04-24T05:55:26,355  INFO [main] metadata.Hive: Total time spent in each metastore function (ms): {isCompatibleWith_(Configuration)=0, createTable_(Table)=21}
2024-04-24T05:55:26,355  INFO [main] ql.Driver: Completed executing command(queryId=alex_20240424055526_3cf6e2a1-de22-4239-96cb-0c98388d4361); Time taken: 0.022 seconds
2024-04-24T05:55:26,355  INFO [main] lockmgr.DbTxnManager: Stopped heartbeat for query: alex_20240424055526_3cf6e2a1-de22-4239-96cb-0c98388d4361
2024-04-24T05:55:26,359  INFO [main] txn.TxnHandler: Expected to move at least one record from txn_components to completed_txn_components when committing txn! txnid:9
2024-04-24T05:55:26,365  INFO [main] txn.TxnHandler: Removed transactions: ([9]) from MIN_HISTORY_LEVEL
2024-04-24T05:55:26,366  WARN [main] txn.CompactionTxnHandler: No compaction queue record found for Compaction type transaction commit. txnId:9
2024-04-24T05:55:26,366  INFO [main] ql.TxnCommandsBaseForTests: Running the query: create table nonAcidOrcTbl2(a int, b int) clustered by (a) into 2 buckets stored as orc TBLPROPERTIES ('transactional'='false')
2024-04-24T05:55:26,367  INFO [main] ql.Driver: Compiling command(queryId=alex_20240424055526_4a6957c0-dc94-48a9-9b51-a02732be1c37): create table nonAcidOrcTbl2(a int, b int) clustered by (a) into 2 buckets stored as orc TBLPROPERTIES ('transactional'='false')
2024-04-24T05:55:26,369  INFO [main] txn.TxnHandler: Added entries to MIN_HISTORY_LEVEL for current txns: ([10]) with min_open_txn: 1
2024-04-24T05:55:26,369  INFO [main] lockmgr.DbTxnManager: Opened txnid:10
2024-04-24T05:55:26,370  INFO [main] parse.CalcitePlanner: Starting caching scope for: 
2024-04-24T05:55:26,370  INFO [main] parse.CalcitePlanner: Starting Semantic Analysis
2024-04-24T05:55:26,373  INFO [main] parse.CalcitePlanner: Creating table default.nonAcidOrcTbl2 position=13
2024-04-24T05:55:26,374  INFO [main] HiveMetaStore.audit: ugi=alex	ip=unknown-ip-addr	cmd=get_database: default	
2024-04-24T05:55:26,376  INFO [main] parse.CalcitePlanner: Ending caching scope for: 
2024-04-24T05:55:26,376  INFO [main] ql.Driver: Semantic Analysis Completed (retrial = false)
2024-04-24T05:55:26,376  INFO [main] ql.Driver: Created Hive schema: Schema(fieldSchemas:null, properties:null)
2024-04-24T05:55:26,376  INFO [main] metadata.Hive: Dumping metastore api call timing information for : compilation phase
2024-04-24T05:55:26,377  INFO [main] metadata.Hive: Total time spent in each metastore function (ms): {getDatabase_(String)=3, commitTxn_(CommitTxnRequest)=11, flushCache_()=0, openTxn_(String, TxnType)=2, getValidTxns_(long)=0, getValidWriteIds_(List, String)=3, isCompatibleWith_(Configuration)=0}
2024-04-24T05:55:26,377  INFO [main] ql.Driver: Completed compiling command(queryId=alex_20240424055526_4a6957c0-dc94-48a9-9b51-a02732be1c37); Time taken: 0.009 seconds
2024-04-24T05:55:26,377  INFO [main] lockmgr.DbTxnManager: Setting lock request transaction to txnid:10 for queryId=alex_20240424055526_4a6957c0-dc94-48a9-9b51-a02732be1c37
2024-04-24T05:55:26,378  INFO [main] lockmgr.DbLockManager: Requesting lock for queryId=alex_20240424055526_4a6957c0-dc94-48a9-9b51-a02732be1c37
2024-04-24T05:55:26,400  INFO [main] lockmgr.DbLockManager: Response to queryId=alex_20240424055526_4a6957c0-dc94-48a9-9b51-a02732be1c37 LockResponse(lockid:4, state:ACQUIRED)
2024-04-24T05:55:26,400  INFO [main] ql.Driver: Operation CREATETABLE obtained 1 locks
2024-04-24T05:55:26,400  INFO [main] ql.Driver: Executing command(queryId=alex_20240424055526_4a6957c0-dc94-48a9-9b51-a02732be1c37): create table nonAcidOrcTbl2(a int, b int) clustered by (a) into 2 buckets stored as orc TBLPROPERTIES ('transactional'='false')
2024-04-24T05:55:26,400  INFO [main] ql.Driver: Starting task [Stage-0:DDL] in serial mode
2024-04-24T05:55:26,401  INFO [main] HiveMetaStore.audit: ugi=alex	ip=unknown-ip-addr	cmd=create_table_req: Table(tableName:nonAcidOrcTbl2, dbName:default, owner:alex, createTime:1713963326, lastAccessTime:0, retention:0, sd:StorageDescriptor(cols:[FieldSchema(name:a, type:int, comment:null), FieldSchema(name:b, type:int, comment:null)], location:null, inputFormat:org.apache.hadoop.hive.ql.io.orc.OrcInputFormat, outputFormat:org.apache.hadoop.hive.ql.io.orc.OrcOutputFormat, compressed:false, numBuckets:2, serdeInfo:SerDeInfo(name:null, serializationLib:org.apache.hadoop.hive.ql.io.orc.OrcSerde, parameters:{serialization.format=1}), bucketCols:[a], sortCols:[], parameters:{}, skewedInfo:SkewedInfo(skewedColNames:[], skewedColValues:[], skewedColValueLocationMaps:{}), storedAsSubDirectories:false), partitionKeys:[], parameters:{numRows=0, numFilesErasureCoded=0, COLUMN_STATS_ACCURATE={"BASIC_STATS":"true","COLUMN_STATS":{"a":"true","b":"true"}}, rawDataSize=0, bucketing_version=2, transactional=false, totalSize=0, numFiles=0}, viewOriginalText:null, viewExpandedText:null, tableType:MANAGED_TABLE, privileges:PrincipalPrivilegeSet(userPrivileges:{alex=[PrivilegeGrantInfo(privilege:INSERT, createTime:-1, grantor:alex, grantorType:USER, grantOption:true), PrivilegeGrantInfo(privilege:SELECT, createTime:-1, grantor:alex, grantorType:USER, grantOption:true), PrivilegeGrantInfo(privilege:UPDATE, createTime:-1, grantor:alex, grantorType:USER, grantOption:true), PrivilegeGrantInfo(privilege:DELETE, createTime:-1, grantor:alex, grantorType:USER, grantOption:true)]}, groupPrivileges:null, rolePrivileges:null), temporary:false, catName:hive, ownerType:USER)	
2024-04-24T05:55:26,409  INFO [main] utils.FileUtils: Creating directory if it doesn't exist: file:/home/alex/Repositories/hive/ql/target/tmp/org.apache.hadoop.hive.ql.TestTxnLoadData-1713963261722/warehouse/nonacidorctbl2
2024-04-24T05:55:26,424  INFO [main] metadata.Hive: Dumping metastore api call timing information for : execution phase
2024-04-24T05:55:26,424  INFO [main] metadata.Hive: Total time spent in each metastore function (ms): {createTable_(Table)=23, isCompatibleWith_(Configuration)=0}
2024-04-24T05:55:26,424  INFO [main] ql.Driver: Completed executing command(queryId=alex_20240424055526_4a6957c0-dc94-48a9-9b51-a02732be1c37); Time taken: 0.024 seconds
2024-04-24T05:55:26,424  INFO [main] lockmgr.DbTxnManager: Stopped heartbeat for query: alex_20240424055526_4a6957c0-dc94-48a9-9b51-a02732be1c37
2024-04-24T05:55:26,428  INFO [main] txn.TxnHandler: Expected to move at least one record from txn_components to completed_txn_components when committing txn! txnid:10
2024-04-24T05:55:26,434  INFO [main] txn.TxnHandler: Removed transactions: ([10]) from MIN_HISTORY_LEVEL
2024-04-24T05:55:26,435  WARN [main] txn.CompactionTxnHandler: No compaction queue record found for Compaction type transaction commit. txnId:10
2024-04-24T05:55:26,435  INFO [main] ql.TxnCommandsBaseForTests: Running the query: create temporary  table acidTbl2(a int, b int, c int) clustered by (c) into 2 buckets stored as orc TBLPROPERTIES ('transactional'='true')
2024-04-24T05:55:26,435  INFO [main] ql.Driver: Compiling command(queryId=alex_20240424055526_cb6f570d-9b1a-4ec1-ab4c-8d6417510704): create temporary  table acidTbl2(a int, b int, c int) clustered by (c) into 2 buckets stored as orc TBLPROPERTIES ('transactional'='true')
2024-04-24T05:55:26,438  INFO [main] txn.TxnHandler: Added entries to MIN_HISTORY_LEVEL for current txns: ([11]) with min_open_txn: 1
2024-04-24T05:55:26,438  INFO [main] lockmgr.DbTxnManager: Opened txnid:11
2024-04-24T05:55:26,439  INFO [main] parse.CalcitePlanner: Starting caching scope for: 
2024-04-24T05:55:26,439  INFO [main] parse.CalcitePlanner: Starting Semantic Analysis
2024-04-24T05:55:26,441  INFO [main] parse.CalcitePlanner: Creating table default.acidTbl2 position=24
2024-04-24T05:55:26,441  INFO [main] HiveMetaStore.audit: ugi=alex	ip=unknown-ip-addr	cmd=get_database: default	
2024-04-24T05:55:26,443  INFO [main] parse.CalcitePlanner: Ending caching scope for: 
2024-04-24T05:55:26,443  INFO [main] ql.Driver: Semantic Analysis Completed (retrial = false)
2024-04-24T05:55:26,443  INFO [main] ql.Driver: Created Hive schema: Schema(fieldSchemas:null, properties:null)
2024-04-24T05:55:26,443  INFO [main] metadata.Hive: Dumping metastore api call timing information for : compilation phase
2024-04-24T05:55:26,443  INFO [main] metadata.Hive: Total time spent in each metastore function (ms): {commitTxn_(CommitTxnRequest)=11, isCompatibleWith_(Configuration)=0, flushCache_()=0, openTxn_(String, TxnType)=2, getValidWriteIds_(List, String)=2, getDatabase_(String)=2, getValidTxns_(long)=1}
2024-04-24T05:55:26,443  INFO [main] ql.Driver: Completed compiling command(queryId=alex_20240424055526_cb6f570d-9b1a-4ec1-ab4c-8d6417510704); Time taken: 0.008 seconds
2024-04-24T05:55:26,444  INFO [main] lockmgr.DbTxnManager: Setting lock request transaction to txnid:11 for queryId=alex_20240424055526_cb6f570d-9b1a-4ec1-ab4c-8d6417510704
2024-04-24T05:55:26,444  INFO [main] lockmgr.DbLockManager: Requesting lock for queryId=alex_20240424055526_cb6f570d-9b1a-4ec1-ab4c-8d6417510704
2024-04-24T05:55:26,459  INFO [main] lockmgr.DbLockManager: Response to queryId=alex_20240424055526_cb6f570d-9b1a-4ec1-ab4c-8d6417510704 LockResponse(lockid:5, state:ACQUIRED)
2024-04-24T05:55:26,459  INFO [main] ql.Driver: Operation CREATETABLE obtained 1 locks
2024-04-24T05:55:26,459  INFO [main] ql.Driver: Executing command(queryId=alex_20240424055526_cb6f570d-9b1a-4ec1-ab4c-8d6417510704): create temporary  table acidTbl2(a int, b int, c int) clustered by (c) into 2 buckets stored as orc TBLPROPERTIES ('transactional'='true')
2024-04-24T05:55:26,459  INFO [main] ql.Driver: Starting task [Stage-0:DDL] in serial mode
2024-04-24T05:55:26,460  INFO [main] utils.FileUtils: Creating directory if it doesn't exist: file:/home/alex/Repositories/hive/ql/target/tmp/scratchdir/alex/0a5aa836-99ef-48e2-9e6d-0d19c5f534af/_tmp_space.db/ba0b6a9c-d288-4c25-b654-1967d95d624d
2024-04-24T05:55:26,463  INFO [main] metadata.Hive: Dumping metastore api call timing information for : execution phase
2024-04-24T05:55:26,464  INFO [main] metadata.Hive: Total time spent in each metastore function (ms): {isCompatibleWith_(Configuration)=0, createTable_(Table)=3}
2024-04-24T05:55:26,464  INFO [main] ql.Driver: Completed executing command(queryId=alex_20240424055526_cb6f570d-9b1a-4ec1-ab4c-8d6417510704); Time taken: 0.004 seconds
2024-04-24T05:55:26,464  INFO [main] lockmgr.DbTxnManager: Stopped heartbeat for query: alex_20240424055526_cb6f570d-9b1a-4ec1-ab4c-8d6417510704
2024-04-24T05:55:26,468  INFO [main] txn.TxnHandler: Expected to move at least one record from txn_components to completed_txn_components when committing txn! txnid:11
2024-04-24T05:55:26,474  INFO [main] txn.TxnHandler: Removed transactions: ([11]) from MIN_HISTORY_LEVEL
2024-04-24T05:55:26,474  WARN [main] txn.CompactionTxnHandler: No compaction queue record found for Compaction type transaction commit. txnId:11
2024-04-24T05:55:26,474  INFO [main] ql.TxnCommandsBaseForTests: Running the query: create table nonAcidNonBucket(a int, b int) stored as orc TBLPROPERTIES ('transactional'='false')
2024-04-24T05:55:26,475  INFO [main] ql.Driver: Compiling command(queryId=alex_20240424055526_8ef961b8-b858-494f-ae20-392edb8edcd7): create table nonAcidNonBucket(a int, b int) stored as orc TBLPROPERTIES ('transactional'='false')
2024-04-24T05:55:26,477  INFO [main] txn.TxnHandler: Added entries to MIN_HISTORY_LEVEL for current txns: ([12]) with min_open_txn: 1
2024-04-24T05:55:26,477  INFO [main] lockmgr.DbTxnManager: Opened txnid:12
2024-04-24T05:55:26,478  INFO [main] parse.CalcitePlanner: Starting caching scope for: 
2024-04-24T05:55:26,478  INFO [main] parse.CalcitePlanner: Starting Semantic Analysis
2024-04-24T05:55:26,480  INFO [main] parse.CalcitePlanner: Creating table default.nonAcidNonBucket position=13
2024-04-24T05:55:26,480  INFO [main] HiveMetaStore.audit: ugi=alex	ip=unknown-ip-addr	cmd=get_database: default	
2024-04-24T05:55:26,482  INFO [main] parse.CalcitePlanner: Ending caching scope for: 
2024-04-24T05:55:26,482  INFO [main] ql.Driver: Semantic Analysis Completed (retrial = false)
2024-04-24T05:55:26,482  INFO [main] ql.Driver: Created Hive schema: Schema(fieldSchemas:null, properties:null)
2024-04-24T05:55:26,482  INFO [main] metadata.Hive: Dumping metastore api call timing information for : compilation phase
2024-04-24T05:55:26,482  INFO [main] metadata.Hive: Total time spent in each metastore function (ms): {getValidWriteIds_(List, String)=2, openTxn_(String, TxnType)=2, isCompatibleWith_(Configuration)=0, commitTxn_(CommitTxnRequest)=10, flushCache_()=0, getDatabase_(String)=2, getValidTxns_(long)=1}
2024-04-24T05:55:26,482  INFO [main] ql.Driver: Completed compiling command(queryId=alex_20240424055526_8ef961b8-b858-494f-ae20-392edb8edcd7); Time taken: 0.007 seconds
2024-04-24T05:55:26,482  INFO [main] lockmgr.DbTxnManager: Setting lock request transaction to txnid:12 for queryId=alex_20240424055526_8ef961b8-b858-494f-ae20-392edb8edcd7
2024-04-24T05:55:26,483  INFO [main] lockmgr.DbLockManager: Requesting lock for queryId=alex_20240424055526_8ef961b8-b858-494f-ae20-392edb8edcd7
2024-04-24T05:55:26,497  INFO [main] lockmgr.DbLockManager: Response to queryId=alex_20240424055526_8ef961b8-b858-494f-ae20-392edb8edcd7 LockResponse(lockid:6, state:ACQUIRED)
2024-04-24T05:55:26,497  INFO [main] ql.Driver: Operation CREATETABLE obtained 1 locks
2024-04-24T05:55:26,497  INFO [main] ql.Driver: Executing command(queryId=alex_20240424055526_8ef961b8-b858-494f-ae20-392edb8edcd7): create table nonAcidNonBucket(a int, b int) stored as orc TBLPROPERTIES ('transactional'='false')
2024-04-24T05:55:26,497  INFO [main] ql.Driver: Starting task [Stage-0:DDL] in serial mode
2024-04-24T05:55:26,498  INFO [main] HiveMetaStore.audit: ugi=alex	ip=unknown-ip-addr	cmd=create_table_req: Table(tableName:nonAcidNonBucket, dbName:default, owner:alex, createTime:1713963326, lastAccessTime:0, retention:0, sd:StorageDescriptor(cols:[FieldSchema(name:a, type:int, comment:null), FieldSchema(name:b, type:int, comment:null)], location:null, inputFormat:org.apache.hadoop.hive.ql.io.orc.OrcInputFormat, outputFormat:org.apache.hadoop.hive.ql.io.orc.OrcOutputFormat, compressed:false, numBuckets:-1, serdeInfo:SerDeInfo(name:null, serializationLib:org.apache.hadoop.hive.ql.io.orc.OrcSerde, parameters:{serialization.format=1}), bucketCols:[], sortCols:[], parameters:{}, skewedInfo:SkewedInfo(skewedColNames:[], skewedColValues:[], skewedColValueLocationMaps:{}), storedAsSubDirectories:false), partitionKeys:[], parameters:{rawDataSize=0, bucketing_version=2, numRows=0, numFilesErasureCoded=0, COLUMN_STATS_ACCURATE={"BASIC_STATS":"true","COLUMN_STATS":{"a":"true","b":"true"}}, totalSize=0, numFiles=0, transactional=false}, viewOriginalText:null, viewExpandedText:null, tableType:MANAGED_TABLE, privileges:PrincipalPrivilegeSet(userPrivileges:{alex=[PrivilegeGrantInfo(privilege:INSERT, createTime:-1, grantor:alex, grantorType:USER, grantOption:true), PrivilegeGrantInfo(privilege:SELECT, createTime:-1, grantor:alex, grantorType:USER, grantOption:true), PrivilegeGrantInfo(privilege:UPDATE, createTime:-1, grantor:alex, grantorType:USER, grantOption:true), PrivilegeGrantInfo(privilege:DELETE, createTime:-1, grantor:alex, grantorType:USER, grantOption:true)]}, groupPrivileges:null, rolePrivileges:null), temporary:false, catName:hive, ownerType:USER)	
2024-04-24T05:55:26,507  INFO [main] utils.FileUtils: Creating directory if it doesn't exist: file:/home/alex/Repositories/hive/ql/target/tmp/org.apache.hadoop.hive.ql.TestTxnLoadData-1713963261722/warehouse/nonacidnonbucket
2024-04-24T05:55:26,526  INFO [main] metadata.Hive: Dumping metastore api call timing information for : execution phase
2024-04-24T05:55:26,526  INFO [main] metadata.Hive: Total time spent in each metastore function (ms): {isCompatibleWith_(Configuration)=1, createTable_(Table)=28}
2024-04-24T05:55:26,527  INFO [main] ql.Driver: Completed executing command(queryId=alex_20240424055526_8ef961b8-b858-494f-ae20-392edb8edcd7); Time taken: 0.029 seconds
2024-04-24T05:55:26,527  INFO [main] lockmgr.DbTxnManager: Stopped heartbeat for query: alex_20240424055526_8ef961b8-b858-494f-ae20-392edb8edcd7
2024-04-24T05:55:26,530  INFO [main] txn.TxnHandler: Expected to move at least one record from txn_components to completed_txn_components when committing txn! txnid:12
2024-04-24T05:55:26,536  INFO [main] txn.TxnHandler: Removed transactions: ([12]) from MIN_HISTORY_LEVEL
2024-04-24T05:55:26,537  WARN [main] txn.CompactionTxnHandler: No compaction queue record found for Compaction type transaction commit. txnId:12
2024-04-24T05:55:26,537  INFO [main] ql.TxnCommandsBaseForTests: Running the query: drop table if exists T
2024-04-24T05:55:26,538  INFO [main] ql.Driver: Compiling command(queryId=alex_20240424055526_bd58ef66-c3dc-4865-a871-c3bfa2c4fd43): drop table if exists T
2024-04-24T05:55:26,540  INFO [main] txn.TxnHandler: Added entries to MIN_HISTORY_LEVEL for current txns: ([13]) with min_open_txn: 1
2024-04-24T05:55:26,540  INFO [main] lockmgr.DbTxnManager: Opened txnid:13
2024-04-24T05:55:26,541  INFO [main] HiveMetaStore.audit: ugi=alex	ip=unknown-ip-addr	cmd=get_table : tbl=hive.default.T	
2024-04-24T05:55:26,561  INFO [main] metastore.HMSHandler: Skipping translation for processor with null
2024-04-24T05:55:26,561  INFO [main] ql.Driver: Semantic Analysis Completed (retrial = false)
2024-04-24T05:55:26,561  INFO [main] ql.Driver: Created Hive schema: Schema(fieldSchemas:null, properties:null)
2024-04-24T05:55:26,561  INFO [main] metadata.Hive: Dumping metastore api call timing information for : compilation phase
2024-04-24T05:55:26,561  INFO [main] metadata.Hive: Total time spent in each metastore function (ms): {isCompatibleWith_(Configuration)=0, flushCache_()=0, openTxn_(String, TxnType)=2, getValidTxns_(long)=1, commitTxn_(CommitTxnRequest)=10, getTable_(GetTableRequest)=20}
2024-04-24T05:55:26,561  INFO [main] ql.Driver: Completed compiling command(queryId=alex_20240424055526_bd58ef66-c3dc-4865-a871-c3bfa2c4fd43); Time taken: 0.023 seconds
2024-04-24T05:55:26,561  INFO [main] lockmgr.DbTxnManager: Setting lock request transaction to txnid:13 for queryId=alex_20240424055526_bd58ef66-c3dc-4865-a871-c3bfa2c4fd43
2024-04-24T05:55:26,562  INFO [main] lockmgr.DbLockManager: Requesting lock for queryId=alex_20240424055526_bd58ef66-c3dc-4865-a871-c3bfa2c4fd43
2024-04-24T05:55:26,584  INFO [main] lockmgr.DbLockManager: Response to queryId=alex_20240424055526_bd58ef66-c3dc-4865-a871-c3bfa2c4fd43 LockResponse(lockid:7, state:ACQUIRED)
2024-04-24T05:55:26,584  INFO [main] ql.Driver: Operation DROPTABLE obtained 1 locks
2024-04-24T05:55:26,585  INFO [main] ql.Driver: Executing command(queryId=alex_20240424055526_bd58ef66-c3dc-4865-a871-c3bfa2c4fd43): drop table if exists T
2024-04-24T05:55:26,585  INFO [main] ql.Driver: Starting task [Stage-0:DDL] in serial mode
2024-04-24T05:55:26,585  INFO [main] HiveMetaStore.audit: ugi=alex	ip=unknown-ip-addr	cmd=get_table : tbl=hive.default.T	
2024-04-24T05:55:26,593  INFO [main] metastore.HMSHandler: Skipping translation for processor with null
2024-04-24T05:55:26,593  INFO [main] HiveMetaStore.audit: ugi=alex	ip=unknown-ip-addr	cmd=get_table : tbl=hive.default.T	
2024-04-24T05:55:26,602  INFO [main] metastore.HMSHandler: Skipping translation for processor with null
2024-04-24T05:55:26,602  INFO [main] HiveMetaStore.audit: ugi=alex	ip=unknown-ip-addr	cmd=drop_table : tbl=hive.default.T	
2024-04-24T05:55:26,711  WARN [main] utils.FileUtils: File file:/home/alex/Repositories/hive/ql/target/tmp/org.apache.hadoop.hive.ql.TestTxnLoadData-1713963261722/warehouse/t does not exist; Force to delete it.
2024-04-24T05:55:26,711 ERROR [main] utils.FileUtils: Failed to delete file:/home/alex/Repositories/hive/ql/target/tmp/org.apache.hadoop.hive.ql.TestTxnLoadData-1713963261722/warehouse/t
2024-04-24T05:55:26,711  INFO [main] metadata.Hive: Dumping metastore api call timing information for : execution phase
2024-04-24T05:55:26,711  INFO [main] metadata.Hive: Total time spent in each metastore function (ms): {getTable_(GetTableRequest)=8, isCompatibleWith_(Configuration)=0, dropTable_(String, String, boolean, boolean, boolean)=118}
2024-04-24T05:55:26,711  INFO [main] ql.Driver: Completed executing command(queryId=alex_20240424055526_bd58ef66-c3dc-4865-a871-c3bfa2c4fd43); Time taken: 0.126 seconds
2024-04-24T05:55:26,712  INFO [main] lockmgr.DbTxnManager: Stopped heartbeat for query: alex_20240424055526_bd58ef66-c3dc-4865-a871-c3bfa2c4fd43
2024-04-24T05:55:26,715  INFO [main] txn.TxnHandler: Expected to move at least one record from txn_components to completed_txn_components when committing txn! txnid:13
2024-04-24T05:55:26,721  INFO [main] txn.TxnHandler: Removed transactions: ([13]) from MIN_HISTORY_LEVEL
2024-04-24T05:55:26,721  WARN [main] txn.CompactionTxnHandler: No compaction queue record found for Compaction type transaction commit. txnId:13
2024-04-24T05:55:26,722  INFO [main] ql.TxnCommandsBaseForTests: Running the query: drop table if exists Tstage
2024-04-24T05:55:26,723  INFO [main] ql.Driver: Compiling command(queryId=alex_20240424055526_2d8060ee-08d0-4ccc-a9ae-1d86f605340b): drop table if exists Tstage
2024-04-24T05:55:26,725  INFO [main] txn.TxnHandler: Added entries to MIN_HISTORY_LEVEL for current txns: ([14]) with min_open_txn: 1
2024-04-24T05:55:26,725  INFO [main] lockmgr.DbTxnManager: Opened txnid:14
2024-04-24T05:55:26,726  INFO [main] HiveMetaStore.audit: ugi=alex	ip=unknown-ip-addr	cmd=get_table : tbl=hive.default.Tstage	
2024-04-24T05:55:26,748  INFO [main] metastore.HMSHandler: Skipping translation for processor with null
2024-04-24T05:55:26,749  INFO [main] ql.Driver: Semantic Analysis Completed (retrial = false)
2024-04-24T05:55:26,749  INFO [main] ql.Driver: Created Hive schema: Schema(fieldSchemas:null, properties:null)
2024-04-24T05:55:26,749  INFO [main] metadata.Hive: Dumping metastore api call timing information for : compilation phase
2024-04-24T05:55:26,749  INFO [main] metadata.Hive: Total time spent in each metastore function (ms): {openTxn_(String, TxnType)=2, flushCache_()=0, getTable_(GetTableRequest)=22, isCompatibleWith_(Configuration)=1, getValidTxns_(long)=0, commitTxn_(CommitTxnRequest)=10}
2024-04-24T05:55:26,749  INFO [main] ql.Driver: Completed compiling command(queryId=alex_20240424055526_2d8060ee-08d0-4ccc-a9ae-1d86f605340b); Time taken: 0.026 seconds
2024-04-24T05:55:26,749  INFO [main] lockmgr.DbTxnManager: Setting lock request transaction to txnid:14 for queryId=alex_20240424055526_2d8060ee-08d0-4ccc-a9ae-1d86f605340b
2024-04-24T05:55:26,750  INFO [main] lockmgr.DbLockManager: Requesting lock for queryId=alex_20240424055526_2d8060ee-08d0-4ccc-a9ae-1d86f605340b
2024-04-24T05:55:26,766  INFO [main] lockmgr.DbLockManager: Response to queryId=alex_20240424055526_2d8060ee-08d0-4ccc-a9ae-1d86f605340b LockResponse(lockid:8, state:ACQUIRED)
2024-04-24T05:55:26,766  INFO [main] ql.Driver: Operation DROPTABLE obtained 1 locks
2024-04-24T05:55:26,767  INFO [main] ql.Driver: Executing command(queryId=alex_20240424055526_2d8060ee-08d0-4ccc-a9ae-1d86f605340b): drop table if exists Tstage
2024-04-24T05:55:26,767  INFO [main] ql.Driver: Starting task [Stage-0:DDL] in serial mode
2024-04-24T05:55:26,767  INFO [main] HiveMetaStore.audit: ugi=alex	ip=unknown-ip-addr	cmd=get_table : tbl=hive.default.Tstage	
2024-04-24T05:55:26,776  INFO [main] metastore.HMSHandler: Skipping translation for processor with null
2024-04-24T05:55:26,776  INFO [main] HiveMetaStore.audit: ugi=alex	ip=unknown-ip-addr	cmd=get_table : tbl=hive.default.Tstage	
2024-04-24T05:55:26,784  INFO [main] metastore.HMSHandler: Skipping translation for processor with null
2024-04-24T05:55:26,784  INFO [main] HiveMetaStore.audit: ugi=alex	ip=unknown-ip-addr	cmd=drop_table : tbl=hive.default.Tstage	
2024-04-24T05:55:26,817  WARN [main] utils.FileUtils: File file:/home/alex/Repositories/hive/ql/target/tmp/org.apache.hadoop.hive.ql.TestTxnLoadData-1713963261722/warehouse/tstage does not exist; Force to delete it.
2024-04-24T05:55:26,817 ERROR [main] utils.FileUtils: Failed to delete file:/home/alex/Repositories/hive/ql/target/tmp/org.apache.hadoop.hive.ql.TestTxnLoadData-1713963261722/warehouse/tstage
2024-04-24T05:55:26,817  INFO [main] metadata.Hive: Dumping metastore api call timing information for : execution phase
2024-04-24T05:55:26,818  INFO [main] metadata.Hive: Total time spent in each metastore function (ms): {isCompatibleWith_(Configuration)=0, getTable_(GetTableRequest)=9, dropTable_(String, String, boolean, boolean, boolean)=41}
2024-04-24T05:55:26,818  INFO [main] ql.Driver: Completed executing command(queryId=alex_20240424055526_2d8060ee-08d0-4ccc-a9ae-1d86f605340b); Time taken: 0.05 seconds
2024-04-24T05:55:26,818  INFO [main] lockmgr.DbTxnManager: Stopped heartbeat for query: alex_20240424055526_2d8060ee-08d0-4ccc-a9ae-1d86f605340b
2024-04-24T05:55:26,824  INFO [main] txn.TxnHandler: Expected to move at least one record from txn_components to completed_txn_components when committing txn! txnid:14
2024-04-24T05:55:26,830  INFO [main] txn.TxnHandler: Removed transactions: ([14]) from MIN_HISTORY_LEVEL
2024-04-24T05:55:26,830  WARN [main] txn.CompactionTxnHandler: No compaction queue record found for Compaction type transaction commit. txnId:14
2024-04-24T05:55:26,831  INFO [main] ql.TxnCommandsBaseForTests: Running the query: create table T (a int, b int) stored as orc tblproperties('transactional'='true')
2024-04-24T05:55:26,832  INFO [main] ql.Driver: Compiling command(queryId=alex_20240424055526_87a36aa6-a055-4bcb-a146-2ad7e703babc): create table T (a int, b int) stored as orc tblproperties('transactional'='true')
2024-04-24T05:55:26,834  INFO [main] txn.TxnHandler: Added entries to MIN_HISTORY_LEVEL for current txns: ([15]) with min_open_txn: 1
2024-04-24T05:55:26,834  INFO [main] lockmgr.DbTxnManager: Opened txnid:15
2024-04-24T05:55:26,835  INFO [main] parse.CalcitePlanner: Starting caching scope for: 
2024-04-24T05:55:26,835  INFO [main] parse.CalcitePlanner: Starting Semantic Analysis
2024-04-24T05:55:26,840  INFO [main] parse.CalcitePlanner: Creating table default.T position=13
2024-04-24T05:55:26,840  INFO [main] HiveMetaStore.audit: ugi=alex	ip=unknown-ip-addr	cmd=get_database: default	
2024-04-24T05:55:26,842  INFO [main] parse.CalcitePlanner: Ending caching scope for: 
2024-04-24T05:55:26,842  INFO [main] ql.Driver: Semantic Analysis Completed (retrial = false)
2024-04-24T05:55:26,842  INFO [main] ql.Driver: Created Hive schema: Schema(fieldSchemas:null, properties:null)
2024-04-24T05:55:26,842  INFO [main] metadata.Hive: Dumping metastore api call timing information for : compilation phase
2024-04-24T05:55:26,842  INFO [main] metadata.Hive: Total time spent in each metastore function (ms): {getDatabase_(String)=2, getValidTxns_(long)=1, openTxn_(String, TxnType)=2, commitTxn_(CommitTxnRequest)=13, flushCache_()=0, isCompatibleWith_(Configuration)=0, getValidWriteIds_(List, String)=5}
2024-04-24T05:55:26,842  INFO [main] ql.Driver: Completed compiling command(queryId=alex_20240424055526_87a36aa6-a055-4bcb-a146-2ad7e703babc); Time taken: 0.01 seconds
2024-04-24T05:55:26,842  INFO [main] lockmgr.DbTxnManager: Setting lock request transaction to txnid:15 for queryId=alex_20240424055526_87a36aa6-a055-4bcb-a146-2ad7e703babc
2024-04-24T05:55:26,843  INFO [main] lockmgr.DbLockManager: Requesting lock for queryId=alex_20240424055526_87a36aa6-a055-4bcb-a146-2ad7e703babc
2024-04-24T05:55:26,857  INFO [main] lockmgr.DbLockManager: Response to queryId=alex_20240424055526_87a36aa6-a055-4bcb-a146-2ad7e703babc LockResponse(lockid:9, state:ACQUIRED)
2024-04-24T05:55:26,857  INFO [main] ql.Driver: Operation CREATETABLE obtained 1 locks
2024-04-24T05:55:26,858  INFO [main] ql.Driver: Executing command(queryId=alex_20240424055526_87a36aa6-a055-4bcb-a146-2ad7e703babc): create table T (a int, b int) stored as orc tblproperties('transactional'='true')
2024-04-24T05:55:26,858  INFO [main] ql.Driver: Starting task [Stage-0:DDL] in serial mode
2024-04-24T05:55:26,859  INFO [main] HiveMetaStore.audit: ugi=alex	ip=unknown-ip-addr	cmd=create_table_req: Table(tableName:T, dbName:default, owner:alex, createTime:1713963326, lastAccessTime:0, retention:0, sd:StorageDescriptor(cols:[FieldSchema(name:a, type:int, comment:null), FieldSchema(name:b, type:int, comment:null)], location:null, inputFormat:org.apache.hadoop.hive.ql.io.orc.OrcInputFormat, outputFormat:org.apache.hadoop.hive.ql.io.orc.OrcOutputFormat, compressed:false, numBuckets:-1, serdeInfo:SerDeInfo(name:null, serializationLib:org.apache.hadoop.hive.ql.io.orc.OrcSerde, parameters:{serialization.format=1}), bucketCols:[], sortCols:[], parameters:{}, skewedInfo:SkewedInfo(skewedColNames:[], skewedColValues:[], skewedColValueLocationMaps:{}), storedAsSubDirectories:false), partitionKeys:[], parameters:{numRows=0, rawDataSize=0, totalSize=0, numFilesErasureCoded=0, transactional=true, bucketing_version=2, COLUMN_STATS_ACCURATE={"BASIC_STATS":"true","COLUMN_STATS":{"a":"true","b":"true"}}, numFiles=0}, viewOriginalText:null, viewExpandedText:null, tableType:MANAGED_TABLE, privileges:PrincipalPrivilegeSet(userPrivileges:{alex=[PrivilegeGrantInfo(privilege:INSERT, createTime:-1, grantor:alex, grantorType:USER, grantOption:true), PrivilegeGrantInfo(privilege:SELECT, createTime:-1, grantor:alex, grantorType:USER, grantOption:true), PrivilegeGrantInfo(privilege:UPDATE, createTime:-1, grantor:alex, grantorType:USER, grantOption:true), PrivilegeGrantInfo(privilege:DELETE, createTime:-1, grantor:alex, grantorType:USER, grantOption:true)]}, groupPrivileges:null, rolePrivileges:null), temporary:false, catName:hive, ownerType:USER, writeId:0)	
2024-04-24T05:55:26,864  INFO [main] utils.FileUtils: Creating directory if it doesn't exist: file:/home/alex/Repositories/hive/ql/target/tmp/org.apache.hadoop.hive.ql.TestTxnLoadData-1713963261722/warehouse/t
2024-04-24T05:55:26,897  INFO [main] metadata.Hive: Dumping metastore api call timing information for : execution phase
2024-04-24T05:55:26,897  INFO [main] metadata.Hive: Total time spent in each metastore function (ms): {createTable_(Table)=37, isCompatibleWith_(Configuration)=0}
2024-04-24T05:55:26,897  INFO [main] ql.Driver: Completed executing command(queryId=alex_20240424055526_87a36aa6-a055-4bcb-a146-2ad7e703babc); Time taken: 0.039 seconds
2024-04-24T05:55:26,897  INFO [main] lockmgr.DbTxnManager: Stopped heartbeat for query: alex_20240424055526_87a36aa6-a055-4bcb-a146-2ad7e703babc
2024-04-24T05:55:26,901  INFO [main] txn.TxnHandler: Expected to move at least one record from txn_components to completed_txn_components when committing txn! txnid:15
2024-04-24T05:55:26,907  INFO [main] txn.TxnHandler: Removed transactions: ([15]) from MIN_HISTORY_LEVEL
2024-04-24T05:55:26,908  WARN [main] txn.CompactionTxnHandler: No compaction queue record found for Compaction type transaction commit. txnId:15
2024-04-24T05:55:26,909  INFO [main] ql.TxnCommandsBaseForTests: Running the query: create table Tstage (a int, b int) stored as orc tblproperties('transactional'='false')
2024-04-24T05:55:26,909  INFO [main] ql.Driver: Compiling command(queryId=alex_20240424055526_959262c5-e6c5-4f25-b5f4-7d6cee9f46de): create table Tstage (a int, b int) stored as orc tblproperties('transactional'='false')
2024-04-24T05:55:26,913  INFO [main] txn.TxnHandler: Added entries to MIN_HISTORY_LEVEL for current txns: ([16]) with min_open_txn: 1
2024-04-24T05:55:26,913  INFO [main] lockmgr.DbTxnManager: Opened txnid:16
2024-04-24T05:55:26,914  INFO [main] parse.CalcitePlanner: Starting caching scope for: 
2024-04-24T05:55:26,914  INFO [main] parse.CalcitePlanner: Starting Semantic Analysis
2024-04-24T05:55:26,918  INFO [main] parse.CalcitePlanner: Creating table default.Tstage position=13
2024-04-24T05:55:26,918  INFO [main] HiveMetaStore.audit: ugi=alex	ip=unknown-ip-addr	cmd=get_database: default	
2024-04-24T05:55:26,920  INFO [main] parse.CalcitePlanner: Ending caching scope for: 
2024-04-24T05:55:26,920  INFO [main] ql.Driver: Semantic Analysis Completed (retrial = false)
2024-04-24T05:55:26,921  INFO [main] ql.Driver: Created Hive schema: Schema(fieldSchemas:null, properties:null)
2024-04-24T05:55:26,921  INFO [main] metadata.Hive: Dumping metastore api call timing information for : compilation phase
2024-04-24T05:55:26,921  INFO [main] metadata.Hive: Total time spent in each metastore function (ms): {getDatabase_(String)=2, commitTxn_(CommitTxnRequest)=12, flushCache_()=0, openTxn_(String, TxnType)=3, getValidTxns_(long)=0, isCompatibleWith_(Configuration)=1, getValidWriteIds_(List, String)=3}
2024-04-24T05:55:26,921  INFO [main] ql.Driver: Completed compiling command(queryId=alex_20240424055526_959262c5-e6c5-4f25-b5f4-7d6cee9f46de); Time taken: 0.012 seconds
2024-04-24T05:55:26,921  INFO [main] lockmgr.DbTxnManager: Setting lock request transaction to txnid:16 for queryId=alex_20240424055526_959262c5-e6c5-4f25-b5f4-7d6cee9f46de
2024-04-24T05:55:26,922  INFO [main] lockmgr.DbLockManager: Requesting lock for queryId=alex_20240424055526_959262c5-e6c5-4f25-b5f4-7d6cee9f46de
2024-04-24T05:55:26,951  INFO [main] lockmgr.DbLockManager: Response to queryId=alex_20240424055526_959262c5-e6c5-4f25-b5f4-7d6cee9f46de LockResponse(lockid:10, state:ACQUIRED)
2024-04-24T05:55:26,951  INFO [main] ql.Driver: Operation CREATETABLE obtained 1 locks
2024-04-24T05:55:26,951  INFO [main] ql.Driver: Executing command(queryId=alex_20240424055526_959262c5-e6c5-4f25-b5f4-7d6cee9f46de): create table Tstage (a int, b int) stored as orc tblproperties('transactional'='false')
2024-04-24T05:55:26,951  INFO [main] ql.Driver: Starting task [Stage-0:DDL] in serial mode
2024-04-24T05:55:26,952  INFO [main] HiveMetaStore.audit: ugi=alex	ip=unknown-ip-addr	cmd=create_table_req: Table(tableName:Tstage, dbName:default, owner:alex, createTime:1713963326, lastAccessTime:0, retention:0, sd:StorageDescriptor(cols:[FieldSchema(name:a, type:int, comment:null), FieldSchema(name:b, type:int, comment:null)], location:null, inputFormat:org.apache.hadoop.hive.ql.io.orc.OrcInputFormat, outputFormat:org.apache.hadoop.hive.ql.io.orc.OrcOutputFormat, compressed:false, numBuckets:-1, serdeInfo:SerDeInfo(name:null, serializationLib:org.apache.hadoop.hive.ql.io.orc.OrcSerde, parameters:{serialization.format=1}), bucketCols:[], sortCols:[], parameters:{}, skewedInfo:SkewedInfo(skewedColNames:[], skewedColValues:[], skewedColValueLocationMaps:{}), storedAsSubDirectories:false), partitionKeys:[], parameters:{totalSize=0, bucketing_version=2, rawDataSize=0, numFiles=0, numFilesErasureCoded=0, COLUMN_STATS_ACCURATE={"BASIC_STATS":"true","COLUMN_STATS":{"a":"true","b":"true"}}, numRows=0, transactional=false}, viewOriginalText:null, viewExpandedText:null, tableType:MANAGED_TABLE, privileges:PrincipalPrivilegeSet(userPrivileges:{alex=[PrivilegeGrantInfo(privilege:INSERT, createTime:-1, grantor:alex, grantorType:USER, grantOption:true), PrivilegeGrantInfo(privilege:SELECT, createTime:-1, grantor:alex, grantorType:USER, grantOption:true), PrivilegeGrantInfo(privilege:UPDATE, createTime:-1, grantor:alex, grantorType:USER, grantOption:true), PrivilegeGrantInfo(privilege:DELETE, createTime:-1, grantor:alex, grantorType:USER, grantOption:true)]}, groupPrivileges:null, rolePrivileges:null), temporary:false, catName:hive, ownerType:USER)	
2024-04-24T05:55:26,961  INFO [main] utils.FileUtils: Creating directory if it doesn't exist: file:/home/alex/Repositories/hive/ql/target/tmp/org.apache.hadoop.hive.ql.TestTxnLoadData-1713963261722/warehouse/tstage
2024-04-24T05:55:26,985  INFO [main] metadata.Hive: Dumping metastore api call timing information for : execution phase
2024-04-24T05:55:26,985  INFO [main] metadata.Hive: Total time spent in each metastore function (ms): {createTable_(Table)=33, isCompatibleWith_(Configuration)=0}
2024-04-24T05:55:26,985  INFO [main] ql.Driver: Completed executing command(queryId=alex_20240424055526_959262c5-e6c5-4f25-b5f4-7d6cee9f46de); Time taken: 0.034 seconds
2024-04-24T05:55:26,985  INFO [main] lockmgr.DbTxnManager: Stopped heartbeat for query: alex_20240424055526_959262c5-e6c5-4f25-b5f4-7d6cee9f46de
2024-04-24T05:55:26,990  INFO [main] txn.TxnHandler: Expected to move at least one record from txn_components to completed_txn_components when committing txn! txnid:16
2024-04-24T05:55:26,997  INFO [main] txn.TxnHandler: Removed transactions: ([16]) from MIN_HISTORY_LEVEL
2024-04-24T05:55:26,997  WARN [main] txn.CompactionTxnHandler: No compaction queue record found for Compaction type transaction commit. txnId:16
2024-04-24T05:55:26,997  INFO [main] ql.TxnCommandsBaseForTests: Running the query: insert into Tstage values(1,2),(3,4)
2024-04-24T05:55:26,998  INFO [main] ql.Driver: Compiling command(queryId=alex_20240424055526_ab5d9c55-7a24-4619-a278-172f49363845): insert into Tstage values(1,2),(3,4)
2024-04-24T05:55:27,001  INFO [main] txn.TxnHandler: Added entries to MIN_HISTORY_LEVEL for current txns: ([17]) with min_open_txn: 1
2024-04-24T05:55:27,001  INFO [main] lockmgr.DbTxnManager: Opened txnid:17
2024-04-24T05:55:27,002  INFO [main] parse.CalcitePlanner: Starting caching scope for: 
2024-04-24T05:55:27,002  INFO [main] parse.CalcitePlanner: Starting Semantic Analysis
2024-04-24T05:55:27,005  INFO [main] HiveMetaStore.audit: ugi=alex	ip=unknown-ip-addr	cmd=get_table : tbl=hive.default.Tstage	
2024-04-24T05:55:27,027  INFO [main] metastore.HMSHandler: Skipping translation for processor with null
2024-04-24T05:55:27,027  INFO [main] parse.CalcitePlanner: Completed phase 1 of Semantic Analysis
2024-04-24T05:55:27,027  INFO [main] parse.CalcitePlanner: Get metadata for source tables
2024-04-24T05:55:27,027  INFO [main] parse.CalcitePlanner: Get metadata for subqueries
2024-04-24T05:55:27,027  INFO [main] parse.CalcitePlanner: Get metadata for destination tables
2024-04-24T05:55:27,027  INFO [main] HiveMetaStore.audit: ugi=alex	ip=unknown-ip-addr	cmd=get_table : tbl=hive.default.Tstage	
2024-04-24T05:55:27,037  INFO [main] metastore.HMSHandler: Skipping translation for processor with null
2024-04-24T05:55:27,037  INFO [main] parse.CalcitePlanner: Completed getting MetaData in Semantic Analysis
2024-04-24T05:55:27,037  INFO [main] parse.CalcitePlanner: Disabling LLAP IO encode as ETL query is detected
2024-04-24T05:55:27,058  INFO [main] HiveMetaStore.audit: ugi=alex	ip=unknown-ip-addr	cmd=get_all_table_constraints : tbl=hive._dummy_database._dummy_table	
2024-04-24T05:55:27,128  INFO [main] parse.CalcitePlanner: Get metadata for source tables
2024-04-24T05:55:27,128  INFO [main] parse.CalcitePlanner: Get metadata for subqueries
2024-04-24T05:55:27,128  INFO [main] parse.CalcitePlanner: Get metadata for source tables
2024-04-24T05:55:27,129  INFO [main] HiveMetaStore.audit: ugi=alex	ip=unknown-ip-addr	cmd=get_table : tbl=hive._dummy_database._dummy_table	
2024-04-24T05:55:27,131  INFO [main] parse.CalcitePlanner: Get metadata for subqueries
2024-04-24T05:55:27,131  INFO [main] parse.CalcitePlanner: Get metadata for destination tables
2024-04-24T05:55:27,131  INFO [main] parse.CalcitePlanner: Get metadata for destination tables
2024-04-24T05:55:27,131  INFO [main] HiveMetaStore.audit: ugi=alex	ip=unknown-ip-addr	cmd=get_table : tbl=hive.default.Tstage	
2024-04-24T05:55:27,139  INFO [main] metastore.HMSHandler: Skipping translation for processor with null
2024-04-24T05:55:27,141  INFO [main] common.FileUtils: Creating directory if it doesn't exist: file:/home/alex/Repositories/hive/ql/target/tmp/org.apache.hadoop.hive.ql.TestTxnLoadData-1713963261722/warehouse/tstage/.hive-staging_hive_2024-04-24_05-55-26_998_198051261254916542-1
2024-04-24T05:55:27,144  INFO [main] HiveMetaStore.audit: ugi=alex	ip=unknown-ip-addr	cmd=get_not_null_constraints : tbl=hive.default.tstage	
2024-04-24T05:55:27,145  INFO [main] HiveMetaStore.audit: ugi=alex	ip=unknown-ip-addr	cmd=get_check_constraints : tbl=hive.default.tstage	
2024-04-24T05:55:27,146  INFO [main] parse.CalcitePlanner: CBO Succeeded; optimized logical plan.
2024-04-24T05:55:27,149  INFO [main] optimizer.BucketVersionPopulator: not considering bucketingVersion for: TS[0] because it has -1<2 buckets 
2024-04-24T05:55:27,149  INFO [main] optimizer.SortedDynPartitionOptimizer: Sorted dynamic partitioning optimization kicked in..
2024-04-24T05:55:27,157  INFO [main] HiveMetaStore.audit: ugi=alex	ip=unknown-ip-addr	cmd=get_table : tbl=hive.default.tstage	
2024-04-24T05:55:27,166  INFO [main] metastore.HMSHandler: Skipping translation for processor with null
2024-04-24T05:55:27,166  INFO [main] optimizer.GenMRFileSink1: using CombineHiveInputformat for the merge job
2024-04-24T05:55:27,167  INFO [main] HiveMetaStore.audit: ugi=alex	ip=unknown-ip-addr	cmd=get_table : tbl=hive.default.tstage	
2024-04-24T05:55:27,177  INFO [main] metastore.HMSHandler: Skipping translation for processor with null
2024-04-24T05:55:27,178  INFO [main] parse.CalcitePlanner: Completed plan generation
2024-04-24T05:55:27,178  INFO [main] parse.CalcitePlanner: Ending caching scope for: 
2024-04-24T05:55:27,178  INFO [main] ql.Driver: Semantic Analysis Completed (retrial = false)
2024-04-24T05:55:27,178  INFO [main] ql.Driver: Created Hive schema: Schema(fieldSchemas:[FieldSchema(name:col1, type:int, comment:null), FieldSchema(name:col2, type:int, comment:null)], properties:null)
2024-04-24T05:55:27,178  INFO [main] metadata.Hive: Dumping metastore api call timing information for : compilation phase
2024-04-24T05:55:27,178  INFO [main] metadata.Hive: Total time spent in each metastore function (ms): {getTable_(GetTableRequest)=60, getNotNullConstraints_(NotNullConstraintsRequest)=1, commitTxn_(CommitTxnRequest)=11, getCheckConstraints_(CheckConstraintsRequest)=1, getValidTxns_(long)=0, isCompatibleWith_(Configuration)=1, openTxn_(String, TxnType)=2, flushCache_()=0, getAllTableConstraints_(AllTableConstraintsRequest)=27, getValidWriteIds_(List, String)=3}
2024-04-24T05:55:27,178  INFO [main] ql.Driver: Completed compiling command(queryId=alex_20240424055526_ab5d9c55-7a24-4619-a278-172f49363845); Time taken: 0.18 seconds
2024-04-24T05:55:27,179  INFO [main] lockmgr.DbTxnManager: Setting lock request transaction to txnid:17 for queryId=alex_20240424055526_ab5d9c55-7a24-4619-a278-172f49363845
2024-04-24T05:55:27,179  INFO [main] lockmgr.DbLockManager: Requesting lock for queryId=alex_20240424055526_ab5d9c55-7a24-4619-a278-172f49363845
2024-04-24T05:55:27,192  INFO [main] lockmgr.DbLockManager: Response to queryId=alex_20240424055526_ab5d9c55-7a24-4619-a278-172f49363845 LockResponse(lockid:11, state:ACQUIRED)
2024-04-24T05:55:27,193  INFO [main] ql.Driver: Operation QUERY obtained 1 locks
2024-04-24T05:55:27,193  INFO [main] ql.Driver: Executing command(queryId=alex_20240424055526_ab5d9c55-7a24-4619-a278-172f49363845): insert into Tstage values(1,2),(3,4)
2024-04-24T05:55:27,194  WARN [main] ql.Driver: Hive-on-MR is deprecated in Hive 2 and may not be available in the future versions. Consider using a different execution engine (i.e. tez, spark) or using Hive 1.X releases.
Query ID = alex_20240424055526_ab5d9c55-7a24-4619-a278-172f49363845
2024-04-24T05:55:27,194  INFO [main] ql.Driver: Query ID = alex_20240424055526_ab5d9c55-7a24-4619-a278-172f49363845
Total jobs = 1
2024-04-24T05:55:27,194  INFO [main] ql.Driver: Total jobs = 1
Launching Job 1 out of 1
2024-04-24T05:55:27,194  INFO [main] ql.Driver: Launching Job 1 out of 1
2024-04-24T05:55:27,320  INFO [main] ql.Driver: Starting task [Stage-1:MAPRED] in serial mode
Number of reduce tasks is set to 0 since there's no reduce operator
2024-04-24T05:55:27,320  INFO [main] exec.Task: Number of reduce tasks is set to 0 since there's no reduce operator
2024-04-24T05:55:27,322  INFO [main] mr.ExecDriver: Using org.apache.hadoop.hive.ql.io.HiveInputFormat
2024-04-24T05:55:27,322  INFO [main] exec.Utilities: Processing alias $hdt$_0:_dummy_table
2024-04-24T05:55:27,322  INFO [main] exec.Utilities: Adding 1 inputs; the first input is file:/home/alex/Repositories/hive/ql/target/tmp/localscratchdir/0a5aa836-99ef-48e2-9e6d-0d19c5f534af/hive_2024-04-24_05-55-26_998_198051261254916542-1/dummy_path
2024-04-24T05:55:27,331  INFO [main] exec.SerializationUtilities: Serializing MapWork using kryo
2024-04-24T05:55:27,332  INFO [main] exec.Utilities: Serialized plan (via FILE) - name: null size: 5,77KB
2024-04-24T05:55:27,333  WARN [main] impl.MetricsSystemImpl: JobTracker metrics system already initialized!
2024-04-24T05:55:27,337  INFO [main] fs.FSStatsPublisher: created : file:/home/alex/Repositories/hive/ql/target/tmp/localscratchdir/0a5aa836-99ef-48e2-9e6d-0d19c5f534af/hive_2024-04-24_05-55-26_998_198051261254916542-1/-mr-10001
2024-04-24T05:55:27,341  WARN [main] impl.MetricsSystemImpl: JobTracker metrics system already initialized!
2024-04-24T05:55:27,347  WARN [main] mapreduce.JobResourceUploader: Hadoop command-line option parsing not performed. Implement the Tool interface and execute your application with ToolRunner to remedy this.
2024-04-24T05:55:27,351  WARN [main] mapreduce.JobResourceUploader: No job jar file set.  User classes may not be found. See Job or Job#setJar(String).
2024-04-24T05:55:27,352  INFO [main] io.HiveInputFormat: hive.io.file.readcolumn.ids = 
2024-04-24T05:55:27,352  INFO [main] io.HiveInputFormat: hive.io.file.readcolumn.names = 
2024-04-24T05:55:27,352  INFO [main] io.HiveInputFormat: Generating splits for dirs: file:/home/alex/Repositories/hive/ql/target/tmp/localscratchdir/0a5aa836-99ef-48e2-9e6d-0d19c5f534af/hive_2024-04-24_05-55-26_998_198051261254916542-1/dummy_path
2024-04-24T05:55:27,353  INFO [main] io.HiveInputFormat: number of splits 1
2024-04-24T05:55:27,371  INFO [main] mapreduce.JobSubmitter: number of splits:1
2024-04-24T05:55:27,383  INFO [Metastore Scheduled Worker 0] metastore.HMSHandler: 3: Opening raw store with implementation class:org.apache.hadoop.hive.metastore.ObjectStore
2024-04-24T05:55:27,384  INFO [Metastore Scheduled Worker 0] metastore.ObjectStore: RawStore: org.apache.hadoop.hive.metastore.ObjectStore@8039b61, with PersistenceManager: null will be shutdown
2024-04-24T05:55:27,384  INFO [Metastore Scheduled Worker 0] metastore.ObjectStore: RawStore: org.apache.hadoop.hive.metastore.ObjectStore@8039b61, with PersistenceManager: org.datanucleus.api.jdo.JDOPersistenceManager@6cf14f99 created in the thread with id: 44
2024-04-24T05:55:27,393  INFO [main] mapreduce.JobSubmitter: Submitting tokens for job: job_local18508947_0025
2024-04-24T05:55:27,393  INFO [main] mapreduce.JobSubmitter: Executing with tokens: []
2024-04-24T05:55:27,407  INFO [Metastore Scheduled Worker 0] metastore.HMSHandler: Created RawStore: org.apache.hadoop.hive.metastore.ObjectStore@8039b61 from thread id: 44
2024-04-24T05:55:27,478  INFO [main] mapreduce.Job: The url to track the job: http://localhost:8080/
Job running in-process (local Hadoop)
2024-04-24T05:55:27,478  INFO [main] exec.Task: Job running in-process (local Hadoop)
2024-04-24T05:55:27,478  INFO [Thread-1544] mapred.LocalJobRunner: OutputCommitter set in config org.apache.hadoop.hive.ql.io.HiveFileFormatUtils$NullOutputCommitter
2024-04-24T05:55:27,479  INFO [Thread-1544] mapred.LocalJobRunner: OutputCommitter is org.apache.hadoop.hive.ql.io.HiveFileFormatUtils$NullOutputCommitter
2024-04-24T05:55:27,481  INFO [Thread-1544] mapred.LocalJobRunner: Waiting for map tasks
2024-04-24T05:55:27,481  INFO [LocalJobRunner Map Task Executor #0] mapred.LocalJobRunner: Starting task: attempt_local18508947_0025_m_000000_0
2024-04-24T05:55:27,484  INFO [LocalJobRunner Map Task Executor #0] mapred.Task:  Using ResourceCalculatorProcessTree : [ ]
2024-04-24T05:55:27,484  INFO [LocalJobRunner Map Task Executor #0] mapred.MapTask: Processing split: org.apache.hadoop.hive.ql.io.NullRowsInputFormat:file:/home/alex/Repositories/hive/ql/target/tmp/localscratchdir/0a5aa836-99ef-48e2-9e6d-0d19c5f534af/hive_2024-04-24_05-55-26_998_198051261254916542-1/dummy_path/null:0+1
2024-04-24T05:55:27,486  INFO [LocalJobRunner Map Task Executor #0] exec.SerializationUtilities: Deserializing MapWork using kryo
2024-04-24T05:55:27,497  INFO [LocalJobRunner Map Task Executor #0] exec.Utilities: Deserialized plan (via FILE) - name: null size: 5,77KB
2024-04-24T05:55:27,498  INFO [LocalJobRunner Map Task Executor #0] mapred.MapTask: numReduceTasks: 0
2024-04-24T05:55:27,501  INFO [LocalJobRunner Map Task Executor #0] exec.MapOperator: Initializing Operator: MAP[0]
2024-04-24T05:55:27,501  INFO [LocalJobRunner Map Task Executor #0] mr.ExecMapper: 
<MAP>Id =0
  <Children>null
  <\Children>
  <Parent><\Parent>
<\MAP>
2024-04-24T05:55:27,502  INFO [LocalJobRunner Map Task Executor #0] exec.TableScanOperator: Initializing Operator: TS[0]
2024-04-24T05:55:27,502  INFO [LocalJobRunner Map Task Executor #0] exec.SelectOperator: Initializing Operator: SEL[1]
2024-04-24T05:55:27,502  INFO [LocalJobRunner Map Task Executor #0] exec.SelectOperator: SELECT null
2024-04-24T05:55:27,502  INFO [LocalJobRunner Map Task Executor #0] exec.UDTFOperator: Initializing Operator: UDTF[2]
2024-04-24T05:55:27,503  INFO [LocalJobRunner Map Task Executor #0] exec.SelectOperator: Initializing Operator: SEL[3]
2024-04-24T05:55:27,503  INFO [LocalJobRunner Map Task Executor #0] exec.SelectOperator: SELECT struct<col1:int,col2:int>
2024-04-24T05:55:27,503  INFO [LocalJobRunner Map Task Executor #0] exec.FileSinkOperator: Initializing Operator: FS[4]
2024-04-24T05:55:27,503  INFO [LocalJobRunner Map Task Executor #0] exec.FileSinkOperator: Using serializer : AbstractSerDe [log=org.apache.logging.slf4j.Log4jLogger@713947ce, configuration=Optional[Configuration: core-default.xml, core-site.xml, mapred-default.xml, mapred-site.xml, yarn-default.xml, yarn-site.xml, hdfs-default.xml, hdfs-site.xml, file:/home/alex/Repositories/hive/ql/target/tmp/TestTxnLoadData/mapred/local/localRunner/alex/job_local18508947_0025/job_local18508947_0025.xml], properties={name=default.tstage, columns.types=int:int, serialization.format=1, columns=a,b, numFilesErasureCoded=0, columns.comments=&amp#0;, bucketing_version=2, serialization.lib=org.apache.hadoop.hive.ql.io.orc.OrcSerde, file.inputformat=org.apache.hadoop.hive.ql.io.orc.OrcInputFormat, file.outputformat=org.apache.hadoop.hive.ql.io.orc.OrcOutputFormat, location=file:/home/alex/Repositories/hive/ql/target/tmp/org.apache.hadoop.hive.ql.TestTxnLoadData-1713963261722/warehouse/tstage, column.name.delimiter=,}, tableProperties={name=default.tstage, columns.types=int:int, serialization.format=1, columns=a,b, numFilesErasureCoded=0, columns.comments=&amp#0;, bucketing_version=2, serialization.lib=org.apache.hadoop.hive.ql.io.orc.OrcSerde, file.inputformat=org.apache.hadoop.hive.ql.io.orc.OrcInputFormat, location=file:/home/alex/Repositories/hive/ql/target/tmp/org.apache.hadoop.hive.ql.TestTxnLoadData-1713963261722/warehouse/tstage, file.outputformat=org.apache.hadoop.hive.ql.io.orc.OrcOutputFormat, column.name.delimiter=,}, partitionProperties=Optional.empty, columnNames=[a, b], columnTypes=[int, int], getClass()=class org.apache.hadoop.hive.ql.io.orc.OrcSerde] and formatter : org.apache.hadoop.hive.ql.io.orc.OrcOutputFormat@3156f4dc
2024-04-24T05:55:27,504  INFO [LocalJobRunner Map Task Executor #0] exec.FileSinkOperator: Final Path: FS file:/home/alex/Repositories/hive/ql/target/tmp/org.apache.hadoop.hive.ql.TestTxnLoadData-1713963261722/warehouse/tstage/.hive-staging_hive_2024-04-24_05-55-26_998_198051261254916542-1/_tmp.-ext-10002/000000_0
2024-04-24T05:55:27,504  INFO [LocalJobRunner Map Task Executor #0] exec.FileSinkOperator: Writing to temp file: FS file:/home/alex/Repositories/hive/ql/target/tmp/org.apache.hadoop.hive.ql.TestTxnLoadData-1713963261722/warehouse/tstage/.hive-staging_hive_2024-04-24_05-55-26_998_198051261254916542-1/_task_tmp.-ext-10002/_tmp.000000_0
2024-04-24T05:55:27,504  INFO [LocalJobRunner Map Task Executor #0] exec.FileSinkOperator: New Final Path: FS file:/home/alex/Repositories/hive/ql/target/tmp/org.apache.hadoop.hive.ql.TestTxnLoadData-1713963261722/warehouse/tstage/.hive-staging_hive_2024-04-24_05-55-26_998_198051261254916542-1/_tmp.-ext-10002/000000_0
2024-04-24T05:55:27,506  INFO [LocalJobRunner Map Task Executor #0] exec.FileSinkOperator: FS[4]: records written - 1
2024-04-24T05:55:27,507  INFO [LocalJobRunner Map Task Executor #0] impl.PhysicalFsWriter: ORC writer created for path: file:/home/alex/Repositories/hive/ql/target/tmp/org.apache.hadoop.hive.ql.TestTxnLoadData-1713963261722/warehouse/tstage/.hive-staging_hive_2024-04-24_05-55-26_998_198051261254916542-1/_task_tmp.-ext-10002/_tmp.000000_0 with stripeSize: 67108864 blockSize: 268435456 compression: Compress: ZLIB buffer: 262144
2024-04-24T05:55:27,525  INFO [LocalJobRunner Map Task Executor #0] impl.WriterImpl: ORC writer created for path: file:/home/alex/Repositories/hive/ql/target/tmp/org.apache.hadoop.hive.ql.TestTxnLoadData-1713963261722/warehouse/tstage/.hive-staging_hive_2024-04-24_05-55-26_998_198051261254916542-1/_task_tmp.-ext-10002/_tmp.000000_0 with stripeSize: 67108864 options: Compress: ZLIB buffer: 262144
2024-04-24T05:55:27,525  INFO [LocalJobRunner Map Task Executor #0] exec.MapOperator: MAP[0]: records read - 1
2024-04-24T05:55:27,525  INFO [LocalJobRunner Map Task Executor #0] exec.MapOperator: Closing Operator: MAP[0]
2024-04-24T05:55:27,525  INFO [LocalJobRunner Map Task Executor #0] exec.MapOperator: MAP[0]: Total records read - 3. abort - false
2024-04-24T05:55:27,525  INFO [LocalJobRunner Map Task Executor #0] exec.MapOperator: RECORDS_IN:3, DESERIALIZE_ERRORS:0, RECORDS_OUT_INTERMEDIATE:0, RECORDS_OUT_OPERATOR_MAP_0:0, 
2024-04-24T05:55:27,525  INFO [LocalJobRunner Map Task Executor #0] exec.TableScanOperator: Closing Operator: TS[0]
2024-04-24T05:55:27,525  INFO [LocalJobRunner Map Task Executor #0] exec.TableScanOperator: RECORDS_OUT_INTERMEDIATE:0, RECORDS_OUT_OPERATOR_TS_0:1, 
2024-04-24T05:55:27,525  INFO [LocalJobRunner Map Task Executor #0] exec.SelectOperator: Closing Operator: SEL[1]
2024-04-24T05:55:27,525  INFO [LocalJobRunner Map Task Executor #0] exec.SelectOperator: RECORDS_OUT_OPERATOR_SEL_1:1, RECORDS_OUT_INTERMEDIATE:0, 
2024-04-24T05:55:27,525  INFO [LocalJobRunner Map Task Executor #0] exec.UDTFOperator: Closing Operator: UDTF[2]
2024-04-24T05:55:27,525  INFO [LocalJobRunner Map Task Executor #0] exec.UDTFOperator: RECORDS_OUT_INTERMEDIATE:0, RECORDS_OUT_OPERATOR_UDTF_2:2, 
2024-04-24T05:55:27,525  INFO [LocalJobRunner Map Task Executor #0] exec.SelectOperator: Closing Operator: SEL[3]
2024-04-24T05:55:27,526  INFO [LocalJobRunner Map Task Executor #0] exec.SelectOperator: RECORDS_OUT_INTERMEDIATE:0, RECORDS_OUT_OPERATOR_SEL_3:2, 
2024-04-24T05:55:27,526  INFO [LocalJobRunner Map Task Executor #0] exec.FileSinkOperator: Closing Operator: FS[4]
2024-04-24T05:55:27,526  INFO [LocalJobRunner Map Task Executor #0] exec.FileSinkOperator: FS[4]: records written - 2
2024-04-24T05:55:27,534  INFO [LocalJobRunner Map Task Executor #0] exec.FileSinkOperator: RECORDS_OUT_OPERATOR_FS_4:2, RECORDS_OUT_INTERMEDIATE:0, RECORDS_OUT_1_default.tstage:2, TOTAL_TABLE_ROWS_WRITTEN:2, 
2024-04-24T05:55:27,535  INFO [LocalJobRunner Map Task Executor #0] mapred.LocalJobRunner: 
2024-04-24T05:55:27,537  INFO [LocalJobRunner Map Task Executor #0] mapred.Task: Task:attempt_local18508947_0025_m_000000_0 is done. And is in the process of committing
2024-04-24T05:55:27,538  INFO [LocalJobRunner Map Task Executor #0] mapred.LocalJobRunner: map
2024-04-24T05:55:27,538  INFO [LocalJobRunner Map Task Executor #0] mapred.Task: Task 'attempt_local18508947_0025_m_000000_0' done.
2024-04-24T05:55:27,538  INFO [LocalJobRunner Map Task Executor #0] mapred.Task: Final Counters for attempt_local18508947_0025_m_000000_0: Counters: 27
	File System Counters
		FILE: Number of bytes read=350596
		FILE: Number of bytes written=29310890
		FILE: Number of read operations=0
		FILE: Number of large read operations=0
		FILE: Number of write operations=0
	Map-Reduce Framework
		Map input records=4
		Map output records=0
		Input split bytes=360
		Spilled Records=0
		Failed Shuffles=0
		Merged Map outputs=0
		GC time elapsed (ms)=9
		Total committed heap usage (bytes)=1065877504
	HIVE
		CREATED_FILES=1
		DESERIALIZE_ERRORS=0
		RECORDS_IN=3
		RECORDS_OUT_1_default.tstage=2
		RECORDS_OUT_INTERMEDIATE=0
		RECORDS_OUT_OPERATOR_FS_4=2
		RECORDS_OUT_OPERATOR_MAP_0=0
		RECORDS_OUT_OPERATOR_SEL_1=1
		RECORDS_OUT_OPERATOR_SEL_3=2
		RECORDS_OUT_OPERATOR_TS_0=1
		RECORDS_OUT_OPERATOR_UDTF_2=2
		TOTAL_TABLE_ROWS_WRITTEN=2
	File Input Format Counters 
		Bytes Read=5827
	File Output Format Counters 
		Bytes Written=0
2024-04-24T05:55:27,538  INFO [LocalJobRunner Map Task Executor #0] mapred.LocalJobRunner: Finishing task: attempt_local18508947_0025_m_000000_0
2024-04-24T05:55:27,538  INFO [Thread-1544] mapred.LocalJobRunner: map task executor complete.
2024-04-24 05:55:28,480 Stage-1 map = 100%,  reduce = 0%
2024-04-24T05:55:28,481  INFO [main] exec.Task: 2024-04-24 05:55:28,480 Stage-1 map = 100%,  reduce = 0%
Ended Job = job_local18508947_0025
2024-04-24T05:55:28,482  INFO [main] exec.Task: Ended Job = job_local18508947_0025
2024-04-24T05:55:28,485  INFO [main] ql.Driver: Starting task [Stage-7:CONDITIONAL] in serial mode
Stage-4 is selected by condition resolver.
2024-04-24T05:55:28,485  INFO [main] exec.Task: Stage-4 is selected by condition resolver.
Stage-3 is filtered out by condition resolver.
2024-04-24T05:55:28,485  INFO [main] exec.Task: Stage-3 is filtered out by condition resolver.
Stage-5 is filtered out by condition resolver.
2024-04-24T05:55:28,485  INFO [main] exec.Task: Stage-5 is filtered out by condition resolver.
2024-04-24T05:55:28,485  INFO [main] ql.Driver: Starting task [Stage-4:MOVE] in serial mode
Moving data to directory file:/home/alex/Repositories/hive/ql/target/tmp/org.apache.hadoop.hive.ql.TestTxnLoadData-1713963261722/warehouse/tstage/.hive-staging_hive_2024-04-24_05-55-26_998_198051261254916542-1/-ext-10000
2024-04-24T05:55:28,485  INFO [main] exec.Task: Moving data to directory file:/home/alex/Repositories/hive/ql/target/tmp/org.apache.hadoop.hive.ql.TestTxnLoadData-1713963261722/warehouse/tstage/.hive-staging_hive_2024-04-24_05-55-26_998_198051261254916542-1/-ext-10000 from file:/home/alex/Repositories/hive/ql/target/tmp/org.apache.hadoop.hive.ql.TestTxnLoadData-1713963261722/warehouse/tstage/.hive-staging_hive_2024-04-24_05-55-26_998_198051261254916542-1/-ext-10002
2024-04-24T05:55:28,486  INFO [main] ql.Driver: Starting task [Stage-0:MOVE] in serial mode
Loading data to table default.tstage
2024-04-24T05:55:28,486  INFO [main] exec.Task: Loading data to table default.tstage from file:/home/alex/Repositories/hive/ql/target/tmp/org.apache.hadoop.hive.ql.TestTxnLoadData-1713963261722/warehouse/tstage/.hive-staging_hive_2024-04-24_05-55-26_998_198051261254916542-1/-ext-10000
2024-04-24T05:55:28,486  INFO [main] HiveMetaStore.audit: ugi=alex	ip=unknown-ip-addr	cmd=get_table : tbl=hive.default.tstage	
2024-04-24T05:55:28,501  INFO [main] metastore.HMSHandler: Skipping translation for processor with null
2024-04-24T05:55:28,501  INFO [main] HiveMetaStore.audit: ugi=alex	ip=unknown-ip-addr	cmd=get_table : tbl=hive.default.tstage	
2024-04-24T05:55:28,512  INFO [main] metastore.HMSHandler: Skipping translation for processor with null
2024-04-24T05:55:28,514  WARN [main] metadata.Hive: Cannot get a table snapshot for tstage
2024-04-24T05:55:28,514  INFO [main] HiveMetaStore.audit: ugi=alex	ip=unknown-ip-addr	cmd=alter_table: hive.default.tstage newtbl=tstage	
2024-04-24T05:55:28,542  INFO [main] ql.Driver: Starting task [Stage-2:STATS] in serial mode
2024-04-24T05:55:28,542  INFO [main] HiveMetaStore.audit: ugi=alex	ip=unknown-ip-addr	cmd=get_table : tbl=hive.default.tstage	
2024-04-24T05:55:28,551  INFO [main] metastore.HMSHandler: Skipping translation for processor with null
2024-04-24T05:55:28,551  INFO [main] stats.BasicStatsTask: Executing stats task
2024-04-24T05:55:28,551  INFO [main] fs.FSStatsPublisher: created : file:/home/alex/Repositories/hive/ql/target/tmp/localscratchdir/0a5aa836-99ef-48e2-9e6d-0d19c5f534af/hive_2024-04-24_05-55-26_998_198051261254916542-1/-mr-10001
2024-04-24T05:55:28,552  INFO [main] HiveMetaStore.audit: ugi=alex	ip=unknown-ip-addr	cmd=get_table : tbl=hive.default.tstage	
2024-04-24T05:55:28,561  INFO [main] metastore.HMSHandler: Skipping translation for processor with null
2024-04-24T05:55:28,562  INFO [main] FileOperations: Read stats for default.tstage/, numRows, true, 2, false: 
2024-04-24T05:55:28,562  INFO [main] FileOperations: Read stats for default.tstage/, rawDataSize, true, 16, false: 
2024-04-24T05:55:28,562  WARN [main] metadata.Hive: Cannot get a table snapshot for tstage
2024-04-24T05:55:28,562  INFO [main] HiveMetaStore.audit: ugi=alex	ip=unknown-ip-addr	cmd=alter_table: hive.default.tstage newtbl=tstage	
2024-04-24T05:55:28,586  INFO [main] stats.BasicStatsTask: Table default.tstage stats: [numFiles=1, numRows=2, totalSize=254, rawDataSize=16, numFilesErasureCoded=0]
2024-04-24T05:55:28,586  INFO [main] metadata.Hive: Dumping metastore api call timing information for : execution phase
2024-04-24T05:55:28,587  INFO [main] metadata.Hive: Total time spent in each metastore function (ms): {isCompatibleWith_(Configuration)=0, getTable_(GetTableRequest)=44, alter_table_(String, String, String, Table, EnvironmentContext, String)=52}
MapReduce Jobs Launched: 
2024-04-24T05:55:28,587  INFO [main] ql.Driver: MapReduce Jobs Launched: 
Stage-Stage-1:  HDFS Read: 0 HDFS Write: 0 SUCCESS
2024-04-24T05:55:28,587  INFO [main] ql.Driver: Stage-Stage-1:  HDFS Read: 0 HDFS Write: 0 SUCCESS
Total MapReduce CPU Time Spent: 0 msec
2024-04-24T05:55:28,587  INFO [main] ql.Driver: Total MapReduce CPU Time Spent: 0 msec
2024-04-24T05:55:28,587  INFO [main] ql.Driver: Completed executing command(queryId=alex_20240424055526_ab5d9c55-7a24-4619-a278-172f49363845); Time taken: 1.393 seconds
2024-04-24T05:55:28,587  INFO [main] lockmgr.DbTxnManager: Stopped heartbeat for query: alex_20240424055526_ab5d9c55-7a24-4619-a278-172f49363845
2024-04-24T05:55:28,591  INFO [main] txn.TxnHandler: Expected to move at least one record from txn_components to completed_txn_components when committing txn! txnid:17
2024-04-24T05:55:28,598  INFO [main] txn.TxnHandler: Removed transactions: ([17]) from MIN_HISTORY_LEVEL
2024-04-24T05:55:28,599  WARN [main] txn.CompactionTxnHandler: No compaction queue record found for Compaction type transaction commit. txnId:17
2024-04-24T05:55:28,599  INFO [main] ql.TxnCommandsBaseForTests: Running the query: export table Tstage to '/home/alex/Repositories/hive/ql/target/tmp/org.apache.hadoop.hive.ql.TestTxnLoadData-1713963261722/warehouse/1'
2024-04-24T05:55:28,599  INFO [main] ql.Context: Deleting scratch dir: file:/home/alex/Repositories/hive/ql/target/tmp/localscratchdir/0a5aa836-99ef-48e2-9e6d-0d19c5f534af/hive_2024-04-24_05-55-26_998_198051261254916542-1
2024-04-24T05:55:28,600  INFO [main] cleanup.SyncCleanupService: Deleted directory: file:/home/alex/Repositories/hive/ql/target/tmp/localscratchdir/0a5aa836-99ef-48e2-9e6d-0d19c5f534af/hive_2024-04-24_05-55-26_998_198051261254916542-1 on fs with scheme file
2024-04-24T05:55:28,600  INFO [main] ql.Context: Deleting scratch dir: file:/home/alex/Repositories/hive/ql/target/tmp/org.apache.hadoop.hive.ql.TestTxnLoadData-1713963261722/warehouse/tstage/.hive-staging_hive_2024-04-24_05-55-26_998_198051261254916542-1
2024-04-24T05:55:28,600  INFO [main] cleanup.SyncCleanupService: Deleted directory: file:/home/alex/Repositories/hive/ql/target/tmp/org.apache.hadoop.hive.ql.TestTxnLoadData-1713963261722/warehouse/tstage/.hive-staging_hive_2024-04-24_05-55-26_998_198051261254916542-1 on fs with scheme file
2024-04-24T05:55:28,600  INFO [main] ql.Driver: Compiling command(queryId=alex_20240424055528_bfabfbe3-26b5-4477-96cb-80af24ce5b5f): export table Tstage to '/home/alex/Repositories/hive/ql/target/tmp/org.apache.hadoop.hive.ql.TestTxnLoadData-1713963261722/warehouse/1'
2024-04-24T05:55:28,601  INFO [main] HiveMetaStore.audit: ugi=alex	ip=unknown-ip-addr	cmd=get_table : tbl=hive.default.Tstage	
2024-04-24T05:55:28,613  INFO [main] metastore.HMSHandler: Skipping translation for processor with null
2024-04-24T05:55:28,615  INFO [main] txn.TxnHandler: Added entries to MIN_HISTORY_LEVEL for current txns: ([18]) with min_open_txn: 18
2024-04-24T05:55:28,616  INFO [main] lockmgr.DbTxnManager: Opened txnid:18
2024-04-24T05:55:28,619  INFO [main] HiveMetaStore.audit: ugi=alex	ip=unknown-ip-addr	cmd=get_table : tbl=hive.default.Tstage	
2024-04-24T05:55:28,627  INFO [main] metastore.HMSHandler: Skipping translation for processor with null
2024-04-24T05:55:28,627  INFO [main] parse.EximUtil: Path before norm :/home/alex/Repositories/hive/ql/target/tmp/org.apache.hadoop.hive.ql.TestTxnLoadData-1713963261722/warehouse/1
2024-04-24T05:55:28,627  INFO [main] parse.EximUtil: Scheme:file, authority:null, path:/home/alex/Repositories/hive/ql/target/tmp/org.apache.hadoop.hive.ql.TestTxnLoadData-1713963261722/warehouse/1
2024-04-24T05:55:28,627  INFO [main] parse.EximUtil: Path before norm :/home/alex/Repositories/hive/ql/target/tmp/org.apache.hadoop.hive.ql.TestTxnLoadData-1713963261722/warehouse/1
2024-04-24T05:55:28,627  INFO [main] parse.EximUtil: Scheme:file, authority:null, path:/home/alex/Repositories/hive/ql/target/tmp/org.apache.hadoop.hive.ql.TestTxnLoadData-1713963261722/warehouse/1
2024-04-24T05:55:28,627  INFO [main] ql.Driver: Semantic Analysis Completed (retrial = false)
2024-04-24T05:55:28,627  INFO [main] ql.Driver: Created Hive schema: Schema(fieldSchemas:null, properties:null)
2024-04-24T05:55:28,628  INFO [main] metadata.Hive: Dumping metastore api call timing information for : compilation phase
2024-04-24T05:55:28,628  INFO [main] metadata.Hive: Total time spent in each metastore function (ms): {isCompatibleWith_(Configuration)=0, getTable_(GetTableRequest)=20, flushCache_()=0, commitTxn_(CommitTxnRequest)=12, openTxn_(String, TxnType)=3, getValidTxns_(long)=0, getCurrentNotificationEventId_()=3}
2024-04-24T05:55:28,628  INFO [main] ql.Driver: Completed compiling command(queryId=alex_20240424055528_bfabfbe3-26b5-4477-96cb-80af24ce5b5f); Time taken: 0.028 seconds
2024-04-24T05:55:28,628  INFO [main] lockmgr.DbTxnManager: Setting lock request transaction to txnid:18 for queryId=alex_20240424055528_bfabfbe3-26b5-4477-96cb-80af24ce5b5f
2024-04-24T05:55:28,629  INFO [main] lockmgr.DbLockManager: Requesting lock for queryId=alex_20240424055528_bfabfbe3-26b5-4477-96cb-80af24ce5b5f
2024-04-24T05:55:28,643  INFO [main] lockmgr.DbLockManager: Response to queryId=alex_20240424055528_bfabfbe3-26b5-4477-96cb-80af24ce5b5f LockResponse(lockid:12, state:ACQUIRED)
2024-04-24T05:55:28,643  INFO [main] ql.Driver: Operation EXPORT obtained 1 locks
2024-04-24T05:55:28,643  INFO [main] ql.Driver: Executing command(queryId=alex_20240424055528_bfabfbe3-26b5-4477-96cb-80af24ce5b5f): export table Tstage to '/home/alex/Repositories/hive/ql/target/tmp/org.apache.hadoop.hive.ql.TestTxnLoadData-1713963261722/warehouse/1'
2024-04-24T05:55:28,644  INFO [main] ql.Driver: Starting task [Stage-0:REPL_DUMP] in serial mode
2024-04-24T05:55:28,644  INFO [main] parse.EximUtil: Path before norm :/home/alex/Repositories/hive/ql/target/tmp/org.apache.hadoop.hive.ql.TestTxnLoadData-1713963261722/warehouse/1
2024-04-24T05:55:28,644  INFO [main] parse.EximUtil: Scheme:file, authority:null, path:/home/alex/Repositories/hive/ql/target/tmp/org.apache.hadoop.hive.ql.TestTxnLoadData-1713963261722/warehouse/1
2024-04-24T05:55:28,644  INFO [main] parse.EximUtil: Path before norm :/home/alex/Repositories/hive/ql/target/tmp/org.apache.hadoop.hive.ql.TestTxnLoadData-1713963261722/warehouse/1
2024-04-24T05:55:28,644  INFO [main] parse.EximUtil: Scheme:file, authority:null, path:/home/alex/Repositories/hive/ql/target/tmp/org.apache.hadoop.hive.ql.TestTxnLoadData-1713963261722/warehouse/1
2024-04-24T05:55:28,654  WARN [main] shims.Utils: XAttr won't be preserved since it is not supported for file system: file:///
2024-04-24T05:55:28,659  INFO [main] metadata.Hive: Dumping metastore api call timing information for : execution phase
2024-04-24T05:55:28,659  INFO [main] metadata.Hive: Total time spent in each metastore function (ms): {isCompatibleWith_(Configuration)=0}
2024-04-24T05:55:28,659  INFO [main] ql.Driver: Completed executing command(queryId=alex_20240424055528_bfabfbe3-26b5-4477-96cb-80af24ce5b5f); Time taken: 0.016 seconds
2024-04-24T05:55:28,659  INFO [main] lockmgr.DbTxnManager: Stopped heartbeat for query: alex_20240424055528_bfabfbe3-26b5-4477-96cb-80af24ce5b5f
2024-04-24T05:55:28,663  INFO [main] txn.TxnHandler: Expected to move at least one record from txn_components to completed_txn_components when committing txn! txnid:18
2024-04-24T05:55:28,669  INFO [main] txn.TxnHandler: Removed transactions: ([18]) from MIN_HISTORY_LEVEL
2024-04-24T05:55:28,669  WARN [main] txn.CompactionTxnHandler: No compaction queue record found for Compaction type transaction commit. txnId:18
2024-04-24T05:55:28,669  INFO [main] ql.TxnCommandsBaseForTests: Running the query: truncate table Tstage
2024-04-24T05:55:28,670  INFO [main] ql.Driver: Compiling command(queryId=alex_20240424055528_12f961cf-72a1-4d9a-afb7-7aea4ce50f94): truncate table Tstage
2024-04-24T05:55:28,672  INFO [main] txn.TxnHandler: Added entries to MIN_HISTORY_LEVEL for current txns: ([19]) with min_open_txn: 18
2024-04-24T05:55:28,673  INFO [main] lockmgr.DbTxnManager: Opened txnid:19
2024-04-24T05:55:28,674  INFO [main] HiveMetaStore.audit: ugi=alex	ip=unknown-ip-addr	cmd=get_table : tbl=hive.default.Tstage	
2024-04-24T05:55:28,687  INFO [main] metastore.HMSHandler: Skipping translation for processor with null
2024-04-24T05:55:28,688  INFO [main] ql.Driver: Semantic Analysis Completed (retrial = false)
2024-04-24T05:55:28,688  INFO [main] ql.Driver: Created Hive schema: Schema(fieldSchemas:null, properties:null)
2024-04-24T05:55:28,688  INFO [main] metadata.Hive: Dumping metastore api call timing information for : compilation phase
2024-04-24T05:55:28,688  INFO [main] metadata.Hive: Total time spent in each metastore function (ms): {getTable_(GetTableRequest)=14, getValidTxns_(long)=1, commitTxn_(CommitTxnRequest)=9, flushCache_()=0, openTxn_(String, TxnType)=3, isCompatibleWith_(Configuration)=1}
2024-04-24T05:55:28,688  INFO [main] ql.Driver: Completed compiling command(queryId=alex_20240424055528_12f961cf-72a1-4d9a-afb7-7aea4ce50f94); Time taken: 0.018 seconds
2024-04-24T05:55:28,688  INFO [main] lockmgr.DbTxnManager: Setting lock request transaction to txnid:19 for queryId=alex_20240424055528_12f961cf-72a1-4d9a-afb7-7aea4ce50f94
2024-04-24T05:55:28,688  INFO [main] lockmgr.DbLockManager: Requesting lock for queryId=alex_20240424055528_12f961cf-72a1-4d9a-afb7-7aea4ce50f94
2024-04-24T05:55:28,702  INFO [main] lockmgr.DbLockManager: Response to queryId=alex_20240424055528_12f961cf-72a1-4d9a-afb7-7aea4ce50f94 LockResponse(lockid:13, state:ACQUIRED)
2024-04-24T05:55:28,703  INFO [main] ql.Driver: Operation TRUNCATETABLE obtained 1 locks
2024-04-24T05:55:28,703  INFO [main] ql.Driver: Executing command(queryId=alex_20240424055528_12f961cf-72a1-4d9a-afb7-7aea4ce50f94): truncate table Tstage
2024-04-24T05:55:28,703  INFO [main] ql.Driver: Starting task [Stage-0:DDL] in serial mode
2024-04-24T05:55:28,703  INFO [main] HiveMetaStore.audit: ugi=alex	ip=unknown-ip-addr	cmd=get_table : tbl=hive.default.tstage	
2024-04-24T05:55:28,711  INFO [main] metastore.HMSHandler: Skipping translation for processor with null
2024-04-24T05:55:28,711  INFO [main] HiveMetaStore.audit: ugi=alex	ip=unknown-ip-addr	cmd=get_table : tbl=hive.default.tstage	
2024-04-24T05:55:28,719  INFO [main] metastore.HMSHandler: Skipping translation for processor with null
2024-04-24T05:55:28,745  INFO [main] utils.MetaStoreServerUtils: Updated size of table tstage to 0
2024-04-24T05:55:28,761  INFO [main] metadata.Hive: Dumping metastore api call timing information for : execution phase
2024-04-24T05:55:28,761  INFO [main] metadata.Hive: Total time spent in each metastore function (ms): {getTable_(GetTableRequest)=8, truncateTable_(String, String, List)=50, isCompatibleWith_(Configuration)=0}
2024-04-24T05:55:28,761  INFO [main] ql.Driver: Completed executing command(queryId=alex_20240424055528_12f961cf-72a1-4d9a-afb7-7aea4ce50f94); Time taken: 0.058 seconds
2024-04-24T05:55:28,761  INFO [main] lockmgr.DbTxnManager: Stopped heartbeat for query: alex_20240424055528_12f961cf-72a1-4d9a-afb7-7aea4ce50f94
2024-04-24T05:55:28,767  INFO [main] txn.TxnHandler: Expected to move at least one record from txn_components to completed_txn_components when committing txn! txnid:19
2024-04-24T05:55:28,774  INFO [main] txn.TxnHandler: Removed transactions: ([19]) from MIN_HISTORY_LEVEL
2024-04-24T05:55:28,775  WARN [main] txn.CompactionTxnHandler: No compaction queue record found for Compaction type transaction commit. txnId:19
2024-04-24T05:55:28,775  INFO [main] ql.TxnCommandsBaseForTests: Running the query: load data local inpath '/home/alex/Repositories/hive/ql/target/tmp/org.apache.hadoop.hive.ql.TestTxnLoadData-1713963261722/warehouse/1/data' into table T
2024-04-24T05:55:28,776  INFO [main] ql.Driver: Compiling command(queryId=alex_20240424055528_47aca1a5-c8a7-45b3-8723-eeb22061d20a): load data local inpath '/home/alex/Repositories/hive/ql/target/tmp/org.apache.hadoop.hive.ql.TestTxnLoadData-1713963261722/warehouse/1/data' into table T
2024-04-24T05:55:28,779  INFO [main] txn.TxnHandler: Added entries to MIN_HISTORY_LEVEL for current txns: ([20]) with min_open_txn: 18
2024-04-24T05:55:28,780  INFO [main] lockmgr.DbTxnManager: Opened txnid:20
2024-04-24T05:55:28,781  INFO [main] parse.LoadSemanticAnalyzer: Starting caching scope for: 
2024-04-24T05:55:28,781  INFO [main] HiveMetaStore.audit: ugi=alex	ip=unknown-ip-addr	cmd=get_table : tbl=hive.default.T	
2024-04-24T05:55:28,791  INFO [main] metastore.HMSHandler: Skipping translation for processor with null
2024-04-24T05:55:28,803  INFO [main] txn.TxnHandler: Allocated writeId: 1 for txnId: 20
2024-04-24T05:55:28,803  INFO [main] txn.TxnHandler: Allocated write ids for dbName=default, tblName=t (txnIds: [20])
2024-04-24T05:55:28,804  INFO [main] parse.LoadSemanticAnalyzer: Ending caching scope for: 
2024-04-24T05:55:28,804  INFO [main] ql.Driver: Semantic Analysis Completed (retrial = false)
2024-04-24T05:55:28,804  INFO [main] ql.Driver: Created Hive schema: Schema(fieldSchemas:null, properties:null)
2024-04-24T05:55:28,804  INFO [main] metadata.Hive: Dumping metastore api call timing information for : compilation phase
2024-04-24T05:55:28,804  INFO [main] metadata.Hive: Total time spent in each metastore function (ms): {getValidTxns_(long)=1, commitTxn_(CommitTxnRequest)=13, openTxn_(String, TxnType)=3, flushCache_()=0, isCompatibleWith_(Configuration)=1, getTable_(GetTableRequest)=10, allocateTableWriteId_(long, String, String)=10}
2024-04-24T05:55:28,805  INFO [main] ql.Driver: Completed compiling command(queryId=alex_20240424055528_47aca1a5-c8a7-45b3-8723-eeb22061d20a); Time taken: 0.028 seconds
2024-04-24T05:55:28,805  INFO [main] lockmgr.DbTxnManager: Setting lock request transaction to txnid:20 for queryId=alex_20240424055528_47aca1a5-c8a7-45b3-8723-eeb22061d20a
2024-04-24T05:55:28,805  INFO [main] lockmgr.DbLockManager: Requesting lock for queryId=alex_20240424055528_47aca1a5-c8a7-45b3-8723-eeb22061d20a
2024-04-24T05:55:28,823  INFO [main] lockmgr.DbLockManager: Response to queryId=alex_20240424055528_47aca1a5-c8a7-45b3-8723-eeb22061d20a LockResponse(lockid:14, state:ACQUIRED)
2024-04-24T05:55:28,823  INFO [main] ql.Driver: Operation LOAD obtained 1 locks
2024-04-24T05:55:28,828  INFO [main] ql.Driver: Executing command(queryId=alex_20240424055528_47aca1a5-c8a7-45b3-8723-eeb22061d20a): load data local inpath '/home/alex/Repositories/hive/ql/target/tmp/org.apache.hadoop.hive.ql.TestTxnLoadData-1713963261722/warehouse/1/data' into table T
2024-04-24T05:55:28,828  INFO [main] ql.Driver: Starting task [Stage-0:MOVE] in serial mode
Loading data to table default.t
2024-04-24T05:55:28,828  INFO [main] exec.Task: Loading data to table default.t from file:/home/alex/Repositories/hive/ql/target/tmp/org.apache.hadoop.hive.ql.TestTxnLoadData-1713963261722/warehouse/1/data
2024-04-24T05:55:28,828  INFO [main] HiveMetaStore.audit: ugi=alex	ip=unknown-ip-addr	cmd=get_table : tbl=hive.default.t	
2024-04-24T05:55:28,835  INFO [main] metastore.HMSHandler: Skipping translation for processor with null
2024-04-24T05:55:28,836  INFO [main] HiveMetaStore.audit: ugi=alex	ip=unknown-ip-addr	cmd=get_table : tbl=hive.default.t	
2024-04-24T05:55:28,842  INFO [main] metastore.HMSHandler: Skipping translation for processor with null
2024-04-24T05:55:28,842  INFO [main] common.FileUtils: Creating directory if it doesn't exist: file:/home/alex/Repositories/hive/ql/target/tmp/org.apache.hadoop.hive.ql.TestTxnLoadData-1713963261722/warehouse/t/delta_0000001_0000001_0000
2024-04-24T05:55:28,851  INFO [main] HiveMetaStore.audit: ugi=alex	ip=unknown-ip-addr	cmd=alter_table: hive.default.t newtbl=t	
2024-04-24T05:55:28,878  INFO [main] ql.Driver: Starting task [Stage-1:STATS] in serial mode
2024-04-24T05:55:28,879  INFO [main] HiveMetaStore.audit: ugi=alex	ip=unknown-ip-addr	cmd=get_table : tbl=hive.default.t	
2024-04-24T05:55:28,885  INFO [main] metastore.HMSHandler: Skipping translation for processor with null
2024-04-24T05:55:28,885  INFO [main] stats.BasicStatsTask: Executing stats task
2024-04-24T05:55:28,885  INFO [main] HiveMetaStore.audit: ugi=alex	ip=unknown-ip-addr	cmd=get_table : tbl=hive.default.t	
2024-04-24T05:55:28,891  INFO [main] metastore.HMSHandler: Skipping translation for processor with null
2024-04-24T05:55:28,898  WARN [main] FileOperations: Computing stats for an ACID table; stats may be inaccurate
2024-04-24T05:55:28,899  INFO [main] HiveMetaStore.audit: ugi=alex	ip=unknown-ip-addr	cmd=alter_table: hive.default.t newtbl=t	
2024-04-24T05:55:28,918  INFO [main] stats.BasicStatsTask: Table default.t stats: [numFiles=1, numRows=0, totalSize=254, rawDataSize=0, numFilesErasureCoded=0]
2024-04-24T05:55:28,919  INFO [main] metadata.Hive: Dumping metastore api call timing information for : execution phase
2024-04-24T05:55:28,919  INFO [main] metadata.Hive: Total time spent in each metastore function (ms): {isCompatibleWith_(Configuration)=0, alter_table_(String, String, String, Table, EnvironmentContext, String)=46, getTable_(GetTableRequest)=26}
2024-04-24T05:55:28,919  INFO [main] ql.Driver: Completed executing command(queryId=alex_20240424055528_47aca1a5-c8a7-45b3-8723-eeb22061d20a); Time taken: 0.091 seconds
2024-04-24T05:55:28,919  INFO [main] lockmgr.DbTxnManager: Stopped heartbeat for query: alex_20240424055528_47aca1a5-c8a7-45b3-8723-eeb22061d20a
2024-04-24T05:55:28,928  INFO [main] txn.TxnHandler: Removed transactions: ([20]) from MIN_HISTORY_LEVEL
2024-04-24T05:55:28,928  WARN [main] txn.CompactionTxnHandler: No compaction queue record found for Compaction type transaction commit. txnId:20
2024-04-24T05:55:28,929  INFO [main] ql.TxnCommandsBaseForTests: Running the query: select ROW__ID, a, b, INPUT__FILE__NAME from T order by ROW__ID
2024-04-24T05:55:28,929  INFO [main] ql.Driver: Compiling command(queryId=alex_20240424055528_efad4882-aa6f-4e5b-aa00-c0ac43d8b336): select ROW__ID, a, b, INPUT__FILE__NAME from T order by ROW__ID
2024-04-24T05:55:28,932  INFO [main] txn.TxnHandler: Added entries to MIN_HISTORY_LEVEL for current txns: ([21]) with min_open_txn: 18
2024-04-24T05:55:28,932  INFO [main] lockmgr.DbTxnManager: Opened txnid:21
2024-04-24T05:55:28,933  INFO [main] parse.CalcitePlanner: Starting caching scope for: 
2024-04-24T05:55:28,933  INFO [main] parse.CalcitePlanner: Starting Semantic Analysis
2024-04-24T05:55:28,937  INFO [main] parse.CalcitePlanner: Completed phase 1 of Semantic Analysis
2024-04-24T05:55:28,937  INFO [main] parse.CalcitePlanner: Get metadata for source tables
2024-04-24T05:55:28,938  INFO [main] HiveMetaStore.audit: ugi=alex	ip=unknown-ip-addr	cmd=get_table : tbl=hive.default.t	
2024-04-24T05:55:28,943  INFO [main] metastore.ObjectStore: Removed COLUMN_STATS_ACCURATE from Table's parameters.
2024-04-24T05:55:28,944  INFO [main] metastore.HMSHandler: Skipping translation for processor with null
2024-04-24T05:55:28,945  INFO [main] parse.CalcitePlanner: Get metadata for subqueries
2024-04-24T05:55:28,945  INFO [main] parse.CalcitePlanner: Get metadata for destination tables
2024-04-24T05:55:28,945  INFO [main] parse.CalcitePlanner: Completed getting MetaData in Semantic Analysis
2024-04-24T05:55:28,956  INFO [main] HiveMetaStore.audit: ugi=alex	ip=unknown-ip-addr	cmd=get_all_table_constraints : tbl=hive.default.t	
2024-04-24T05:55:28,987  INFO [main] calcite.RelOptHiveTable: Calculating column statistics for default.t, projIndxSet: [0, 1], allowMissingStats: true
2024-04-24T05:55:28,987  INFO [main] HiveMetaStore.audit: ugi=alex	ip=unknown-ip-addr	cmd=get_table_statistics_req: table=hive.default.t	
2024-04-24T05:55:28,998  WARN [main] calcite.RelOptHiveTable: No Stats for default@t, Columns: b, a
No Stats for default@t, Columns: b, a
2024-04-24T05:55:28,998  INFO [main] SessionState: No Stats for default@t, Columns: b, a
2024-04-24T05:55:29,039  INFO [main] parse.CalcitePlanner: Get metadata for source tables
2024-04-24T05:55:29,040  INFO [main] parse.CalcitePlanner: Get metadata for subqueries
2024-04-24T05:55:29,040  INFO [main] parse.CalcitePlanner: Get metadata for destination tables
2024-04-24T05:55:29,041  INFO [main] common.FileUtils: Creating directory if it doesn't exist: file:/home/alex/Repositories/hive/ql/target/tmp/localscratchdir/0a5aa836-99ef-48e2-9e6d-0d19c5f534af/hive_2024-04-24_05-55-28_929_3016405469692802008-1/-mr-10001/.hive-staging_hive_2024-04-24_05-55-28_929_3016405469692802008-1
2024-04-24T05:55:29,048  INFO [main] parse.CalcitePlanner: CBO Succeeded; optimized logical plan.
2024-04-24T05:55:29,050  INFO [main] optimizer.ColumnPrunerProcFactory: RS 2 oldColExprMap: {VALUE._col2=Column[_col3], KEY.reducesinkkey0=Column[_col0], VALUE._col0=Column[_col1], VALUE._col1=Column[_col2]}
2024-04-24T05:55:29,050  INFO [main] optimizer.ColumnPrunerProcFactory: RS 2 newColExprMap: {KEY.reducesinkkey0=Column[_col0], VALUE._col1=Column[_col2], VALUE._col0=Column[_col1], VALUE._col2=Column[_col3]}
2024-04-24T05:55:29,051  INFO [main] optimizer.BucketVersionPopulator: not considering bucketingVersion for: TS[0] because it has -1<2 buckets 
2024-04-24T05:55:29,052  INFO [main] optimizer.SortedDynPartitionOptimizer: Sorted dynamic partitioning optimization kicked in..
2024-04-24T05:55:29,060  INFO [main] parse.CalcitePlanner: Completed plan generation
2024-04-24T05:55:29,060  INFO [main] parse.CalcitePlanner: Ending caching scope for: 
2024-04-24T05:55:29,060  INFO [main] ql.Driver: Semantic Analysis Completed (retrial = false)
2024-04-24T05:55:29,060  INFO [main] ql.Driver: Created Hive schema: Schema(fieldSchemas:[FieldSchema(name:row__id, type:struct<writeid:bigint,bucketid:int,rowid:bigint>, comment:null), FieldSchema(name:a, type:int, comment:null), FieldSchema(name:b, type:int, comment:null), FieldSchema(name:input__file__name, type:string, comment:null)], properties:null)
2024-04-24T05:55:29,061  INFO [main] exec.ListSinkOperator: Initializing Operator: LIST_SINK[5]
2024-04-24T05:55:29,061  INFO [main] metadata.Hive: Dumping metastore api call timing information for : compilation phase
2024-04-24T05:55:29,061  INFO [main] metadata.Hive: Total time spent in each metastore function (ms): {commitTxn_(CommitTxnRequest)=10, isCompatibleWith_(Configuration)=0, flushCache_()=0, openTxn_(String, TxnType)=2, getTable_(GetTableRequest)=6, getTableColumnStatistics_(String, String, List, String)=10, getAllTableConstraints_(AllTableConstraintsRequest)=27, getValidTxns_(long)=0, getValidWriteIds_(List, String)=5}
2024-04-24T05:55:29,061  INFO [main] ql.Driver: Completed compiling command(queryId=alex_20240424055528_efad4882-aa6f-4e5b-aa00-c0ac43d8b336); Time taken: 0.132 seconds
2024-04-24T05:55:29,062  INFO [main] lockmgr.DbTxnManager: Setting lock request transaction to txnid:21 for queryId=alex_20240424055528_efad4882-aa6f-4e5b-aa00-c0ac43d8b336
2024-04-24T05:55:29,062  INFO [main] lockmgr.DbLockManager: Requesting lock for queryId=alex_20240424055528_efad4882-aa6f-4e5b-aa00-c0ac43d8b336
2024-04-24T05:55:29,076  INFO [main] lockmgr.DbLockManager: Response to queryId=alex_20240424055528_efad4882-aa6f-4e5b-aa00-c0ac43d8b336 LockResponse(lockid:15, state:ACQUIRED)
2024-04-24T05:55:29,076  INFO [main] ql.Driver: Operation QUERY obtained 1 locks
2024-04-24T05:55:29,076  INFO [main] ql.Driver: Executing command(queryId=alex_20240424055528_efad4882-aa6f-4e5b-aa00-c0ac43d8b336): select ROW__ID, a, b, INPUT__FILE__NAME from T order by ROW__ID
2024-04-24T05:55:29,077  WARN [main] ql.Driver: Hive-on-MR is deprecated in Hive 2 and may not be available in the future versions. Consider using a different execution engine (i.e. tez, spark) or using Hive 1.X releases.
Query ID = alex_20240424055528_efad4882-aa6f-4e5b-aa00-c0ac43d8b336
2024-04-24T05:55:29,077  INFO [main] ql.Driver: Query ID = alex_20240424055528_efad4882-aa6f-4e5b-aa00-c0ac43d8b336
Total jobs = 1
2024-04-24T05:55:29,077  INFO [main] ql.Driver: Total jobs = 1
Launching Job 1 out of 1
2024-04-24T05:55:29,077  INFO [main] ql.Driver: Launching Job 1 out of 1
2024-04-24T05:55:29,206  INFO [main] ql.Driver: Starting task [Stage-1:MAPRED] in serial mode
Number of reduce tasks determined at compile time: 1
2024-04-24T05:55:29,207  INFO [main] exec.Task: Number of reduce tasks determined at compile time: 1
In order to change the average load for a reducer (in bytes):
2024-04-24T05:55:29,207  INFO [main] exec.Task: In order to change the average load for a reducer (in bytes):
  set hive.exec.reducers.bytes.per.reducer=<number>
2024-04-24T05:55:29,207  INFO [main] exec.Task:   set hive.exec.reducers.bytes.per.reducer=<number>
In order to limit the maximum number of reducers:
2024-04-24T05:55:29,207  INFO [main] exec.Task: In order to limit the maximum number of reducers:
  set hive.exec.reducers.max=<number>
2024-04-24T05:55:29,207  INFO [main] exec.Task:   set hive.exec.reducers.max=<number>
In order to set a constant number of reducers:
2024-04-24T05:55:29,207  INFO [main] exec.Task: In order to set a constant number of reducers:
  set mapreduce.job.reduces=<number>
2024-04-24T05:55:29,207  INFO [main] exec.Task:   set mapreduce.job.reduces=<number>
2024-04-24T05:55:29,209  INFO [main] mr.ExecDriver: Using org.apache.hadoop.hive.ql.io.HiveInputFormat
2024-04-24T05:55:29,209  INFO [main] exec.Utilities: Processing alias t
2024-04-24T05:55:29,209  INFO [main] exec.Utilities: Adding 1 inputs; the first input is file:/home/alex/Repositories/hive/ql/target/tmp/org.apache.hadoop.hive.ql.TestTxnLoadData-1713963261722/warehouse/t
2024-04-24T05:55:29,218  INFO [main] exec.SerializationUtilities: Serializing MapWork using kryo
2024-04-24T05:55:29,219  INFO [main] exec.Utilities: Serialized plan (via FILE) - name: null size: 4,83KB
2024-04-24T05:55:29,224  INFO [main] exec.SerializationUtilities: Serializing ReduceWork using kryo
2024-04-24T05:55:29,227  INFO [main] exec.Utilities: Serialized plan (via FILE) - name: null size: 6,00KB
2024-04-24T05:55:29,228  WARN [main] impl.MetricsSystemImpl: JobTracker metrics system already initialized!
2024-04-24T05:55:29,234  WARN [main] impl.MetricsSystemImpl: JobTracker metrics system already initialized!
2024-04-24T05:55:29,241  WARN [main] mapreduce.JobResourceUploader: Hadoop command-line option parsing not performed. Implement the Tool interface and execute your application with ToolRunner to remedy this.
2024-04-24T05:55:29,245  WARN [main] mapreduce.JobResourceUploader: No job jar file set.  User classes may not be found. See Job or Job#setJar(String).
2024-04-24T05:55:29,246  INFO [main] io.HiveInputFormat: hive.io.file.readcolumn.ids = 0,1
2024-04-24T05:55:29,246  INFO [main] io.HiveInputFormat: hive.io.file.readcolumn.names = a,b
2024-04-24T05:55:29,246  INFO [main] io.HiveInputFormat: Generating splits for dirs: file:/home/alex/Repositories/hive/ql/target/tmp/org.apache.hadoop.hive.ql.TestTxnLoadData-1713963261722/warehouse/t
2024-04-24T05:55:29,246  INFO [main] orc.OrcInputFormat: getSplits started
2024-04-24T05:55:29,246  INFO [main] orc.OrcInputFormat: Context:: isAcid: true isVectorMode: false sarg: null minSplitSize: 1 maxSplitSize: 256000000 splitStrategy: HYBRID footerInSplits: false numBuckets: 0 numThreads: 10 cacheMemSize: 268435456 cacheStripeDetails: true useSoftReference: false writeIdList: default.t:1:9223372036854775807:: isTransactionalTable: true txnProperties: default 
2024-04-24T05:55:29,246  INFO [main] orc.OrcInputFormat: ORC pushdown predicate: null
2024-04-24T05:55:29,259  INFO [main] orc.OrcInputFormat: FooterCacheHitRatio: 0/1
2024-04-24T05:55:29,259  INFO [main] orc.OrcInputFormat: getSplits finished (#splits: 1). duration: 13 ms
2024-04-24T05:55:29,259  INFO [main] io.HiveInputFormat: number of splits 1
2024-04-24T05:55:29,275  INFO [main] mapreduce.JobSubmitter: number of splits:1
2024-04-24T05:55:29,293  INFO [main] mapreduce.JobSubmitter: Submitting tokens for job: job_local627909994_0026
2024-04-24T05:55:29,293  INFO [main] mapreduce.JobSubmitter: Executing with tokens: []
2024-04-24T05:55:29,348  INFO [main] mapreduce.Job: The url to track the job: http://localhost:8080/
Job running in-process (local Hadoop)
2024-04-24T05:55:29,348  INFO [main] exec.Task: Job running in-process (local Hadoop)
2024-04-24T05:55:29,348  INFO [Thread-1606] mapred.LocalJobRunner: OutputCommitter set in config org.apache.hadoop.hive.ql.io.HiveFileFormatUtils$NullOutputCommitter
2024-04-24T05:55:29,348  INFO [Thread-1606] mapred.LocalJobRunner: OutputCommitter is org.apache.hadoop.hive.ql.io.HiveFileFormatUtils$NullOutputCommitter
2024-04-24T05:55:29,350  INFO [Thread-1606] mapred.LocalJobRunner: Waiting for map tasks
2024-04-24T05:55:29,350  INFO [LocalJobRunner Map Task Executor #0] mapred.LocalJobRunner: Starting task: attempt_local627909994_0026_m_000000_0
2024-04-24T05:55:29,350  INFO [LocalJobRunner Map Task Executor #0] mapred.Task:  Using ResourceCalculatorProcessTree : [ ]
2024-04-24T05:55:29,351  INFO [LocalJobRunner Map Task Executor #0] mapred.MapTask: Processing split: org.apache.hadoop.hive.ql.io.orc.OrcInputFormat:OrcSplit [file:/home/alex/Repositories/hive/ql/target/tmp/org.apache.hadoop.hive.ql.TestTxnLoadData-1713963261722/warehouse/t/delta_0000001_0000001_0000/000000_0, start=3, length=110, isOriginal=true, fileLength=254, hasFooter=false, hasBase=true, deltas=0]
2024-04-24T05:55:29,351  INFO [LocalJobRunner Map Task Executor #0] exec.SerializationUtilities: Deserializing MapWork using kryo
2024-04-24T05:55:29,352  INFO [LocalJobRunner Map Task Executor #0] exec.Utilities: Deserialized plan (via FILE) - name: null size: 4,83KB
2024-04-24T05:55:29,353  INFO [LocalJobRunner Map Task Executor #0] orc.OrcRawRecordMerger: min key = null, max key = null
2024-04-24T05:55:29,353  INFO [LocalJobRunner Map Task Executor #0] orc.ReaderImpl: Reading ORC rows from file:/home/alex/Repositories/hive/ql/target/tmp/org.apache.hadoop.hive.ql.TestTxnLoadData-1713963261722/warehouse/t/delta_0000001_0000001_0000/000000_0 with {include: [true, true, true], offset: 3, length: 110, schema: struct<a:int,b:int>, includeAcidColumns: true}
2024-04-24T05:55:29,356  INFO [LocalJobRunner Map Task Executor #0] orc.OrcRawRecordMerger: updated min key = null, max key = null
2024-04-24T05:55:29,356  INFO [LocalJobRunner Map Task Executor #0] mapred.MapTask: numReduceTasks: 1
2024-04-24T05:55:29,361  INFO [LocalJobRunner Map Task Executor #0] mapred.MapTask: (EQUATOR) 0 kvi 26214396(104857584)
2024-04-24T05:55:29,361  INFO [LocalJobRunner Map Task Executor #0] mapred.MapTask: mapreduce.task.io.sort.mb: 100
2024-04-24T05:55:29,361  INFO [LocalJobRunner Map Task Executor #0] mapred.MapTask: soft limit at 83886080
2024-04-24T05:55:29,361  INFO [LocalJobRunner Map Task Executor #0] mapred.MapTask: bufstart = 0; bufvoid = 104857600
2024-04-24T05:55:29,361  INFO [LocalJobRunner Map Task Executor #0] mapred.MapTask: kvstart = 26214396; length = 6553600
2024-04-24T05:55:29,361  INFO [LocalJobRunner Map Task Executor #0] mapred.MapTask: Map output collector class = org.apache.hadoop.mapred.MapTask$MapOutputBuffer
2024-04-24T05:55:29,362  INFO [LocalJobRunner Map Task Executor #0] exec.MapOperator: Initializing Operator: MAP[0]
2024-04-24T05:55:29,363  INFO [LocalJobRunner Map Task Executor #0] mr.ExecMapper: 
<MAP>Id =0
  <Children>null
  <\Children>
  <Parent><\Parent>
<\MAP>
2024-04-24T05:55:29,363  INFO [LocalJobRunner Map Task Executor #0] exec.TableScanOperator: Initializing Operator: TS[0]
2024-04-24T05:55:29,363  INFO [LocalJobRunner Map Task Executor #0] exec.SelectOperator: Initializing Operator: SEL[1]
2024-04-24T05:55:29,363  INFO [LocalJobRunner Map Task Executor #0] exec.SelectOperator: SELECT struct<a:int,b:int,row__id:struct<writeid:bigint,bucketid:int,rowid:bigint>,input__file__name:string>
2024-04-24T05:55:29,363  INFO [LocalJobRunner Map Task Executor #0] exec.ReduceSinkOperator: Initializing Operator: RS[2]
2024-04-24T05:55:29,363  INFO [LocalJobRunner Map Task Executor #0] exec.ReduceSinkOperator: Using tag = -1
2024-04-24T05:55:29,364  INFO [LocalJobRunner Map Task Executor #0] exec.ReduceSinkOperator: keys are [reducesinkkey0] num distributions: 1
2024-04-24T05:55:29,364  INFO [LocalJobRunner Map Task Executor #0] exec.ReduceSinkOperator: RS[2]: records written - 1
2024-04-24T05:55:29,364  INFO [LocalJobRunner Map Task Executor #0] exec.MapOperator: MAP[0]: records read - 1
2024-04-24T05:55:29,364  INFO [LocalJobRunner Map Task Executor #0] exec.MapOperator: Closing Operator: MAP[0]
2024-04-24T05:55:29,364  INFO [LocalJobRunner Map Task Executor #0] exec.MapOperator: MAP[0]: Total records read - 2. abort - false
2024-04-24T05:55:29,364  INFO [LocalJobRunner Map Task Executor #0] exec.MapOperator: RECORDS_OUT_INTERMEDIATE:0, DESERIALIZE_ERRORS:0, RECORDS_OUT_OPERATOR_MAP_0:0, RECORDS_IN:2, 
2024-04-24T05:55:29,364  INFO [LocalJobRunner Map Task Executor #0] exec.TableScanOperator: Closing Operator: TS[0]
2024-04-24T05:55:29,364  INFO [LocalJobRunner Map Task Executor #0] exec.TableScanOperator: RECORDS_OUT_OPERATOR_TS_0:2, RECORDS_OUT_INTERMEDIATE:0, 
2024-04-24T05:55:29,364  INFO [LocalJobRunner Map Task Executor #0] exec.SelectOperator: Closing Operator: SEL[1]
2024-04-24T05:55:29,364  INFO [LocalJobRunner Map Task Executor #0] exec.SelectOperator: RECORDS_OUT_OPERATOR_SEL_1:2, RECORDS_OUT_INTERMEDIATE:0, 
2024-04-24T05:55:29,364  INFO [LocalJobRunner Map Task Executor #0] exec.ReduceSinkOperator: Closing Operator: RS[2]
2024-04-24T05:55:29,364  INFO [LocalJobRunner Map Task Executor #0] exec.ReduceSinkOperator: RS[2]: Total records written - 2. abort - false
2024-04-24T05:55:29,364  INFO [LocalJobRunner Map Task Executor #0] exec.ReduceSinkOperator: RECORDS_OUT_OPERATOR_RS_2:2, RECORDS_OUT_INTERMEDIATE:2, 
2024-04-24T05:55:29,365  INFO [LocalJobRunner Map Task Executor #0] mapred.LocalJobRunner: 
2024-04-24T05:55:29,365  INFO [LocalJobRunner Map Task Executor #0] mapred.MapTask: Starting flush of map output
2024-04-24T05:55:29,365  INFO [LocalJobRunner Map Task Executor #0] mapred.MapTask: Spilling map output
2024-04-24T05:55:29,365  INFO [LocalJobRunner Map Task Executor #0] mapred.MapTask: bufstart = 0; bufend = 378; bufvoid = 104857600
2024-04-24T05:55:29,365  INFO [LocalJobRunner Map Task Executor #0] mapred.MapTask: kvstart = 26214396(104857584); kvend = 26214392(104857568); length = 5/6553600
2024-04-24T05:55:29,376  INFO [LocalJobRunner Map Task Executor #0] mapred.MapTask: Finished spill 0
2024-04-24T05:55:29,379  INFO [LocalJobRunner Map Task Executor #0] mapred.Task: Task:attempt_local627909994_0026_m_000000_0 is done. And is in the process of committing
2024-04-24T05:55:29,379  INFO [LocalJobRunner Map Task Executor #0] mapred.LocalJobRunner: OrcSplit [file:/home/alex/Repositories/hive/ql/target/tmp/org.apache.hadoop.hive.ql.TestTxnLoadData-1713963261722/warehouse/t/delta_0000001_0000001_0000/000000_0, start=3, length=110, isOriginal=true, fileLength=254, hasFooter=false, hasBase=true, deltas=0]
2024-04-24T05:55:29,379  INFO [LocalJobRunner Map Task Executor #0] mapred.Task: Task 'attempt_local627909994_0026_m_000000_0' done.
2024-04-24T05:55:29,379  INFO [LocalJobRunner Map Task Executor #0] mapred.Task: Final Counters for attempt_local627909994_0026_m_000000_0: Counters: 24
	File System Counters
		FILE: Number of bytes read=359382
		FILE: Number of bytes written=30485145
		FILE: Number of read operations=0
		FILE: Number of large read operations=0
		FILE: Number of write operations=0
	Map-Reduce Framework
		Map input records=2
		Map output records=2
		Map output bytes=378
		Map output materialized bytes=390
		Input split bytes=477
		Combine input records=0
		Spilled Records=2
		Failed Shuffles=0
		Merged Map outputs=0
		GC time elapsed (ms)=0
		Total committed heap usage (bytes)=1065877504
	HIVE
		DESERIALIZE_ERRORS=0
		RECORDS_IN=2
		RECORDS_OUT_INTERMEDIATE=2
		RECORDS_OUT_OPERATOR_MAP_0=0
		RECORDS_OUT_OPERATOR_RS_2=2
		RECORDS_OUT_OPERATOR_SEL_1=2
		RECORDS_OUT_OPERATOR_TS_0=2
	File Input Format Counters 
		Bytes Read=5953
2024-04-24T05:55:29,379  INFO [LocalJobRunner Map Task Executor #0] mapred.LocalJobRunner: Finishing task: attempt_local627909994_0026_m_000000_0
2024-04-24T05:55:29,380  INFO [Thread-1606] mapred.LocalJobRunner: map task executor complete.
2024-04-24T05:55:29,380  INFO [Thread-1606] mapred.LocalJobRunner: Waiting for reduce tasks
2024-04-24T05:55:29,381  INFO [pool-108-thread-1] mapred.LocalJobRunner: Starting task: attempt_local627909994_0026_r_000000_0
2024-04-24T05:55:29,381  INFO [pool-108-thread-1] mapred.Task:  Using ResourceCalculatorProcessTree : [ ]
2024-04-24T05:55:29,381  INFO [pool-108-thread-1] mapred.ReduceTask: Using ShuffleConsumerPlugin: org.apache.hadoop.mapreduce.task.reduce.Shuffle@5bbfb084
2024-04-24T05:55:29,381  WARN [pool-108-thread-1] impl.MetricsSystemImpl: JobTracker metrics system already initialized!
2024-04-24T05:55:29,382  INFO [pool-108-thread-1] reduce.MergeManagerImpl: MergerManager: memoryLimit=1336252800, maxSingleShuffleLimit=334063200, mergeThreshold=881926912, ioSortFactor=10, memToMemMergeOutputsThreshold=10
2024-04-24T05:55:29,383  INFO [EventFetcher for fetching Map Completion Events] reduce.EventFetcher: attempt_local627909994_0026_r_000000_0 Thread started: EventFetcher for fetching Map Completion Events
2024-04-24T05:55:29,386  INFO [localfetcher#9] reduce.LocalFetcher: localfetcher#9 about to shuffle output of map attempt_local627909994_0026_m_000000_0 decomp: 386 len: 390 to MEMORY
2024-04-24T05:55:29,386  INFO [localfetcher#9] reduce.InMemoryMapOutput: Read 386 bytes from map-output for attempt_local627909994_0026_m_000000_0
2024-04-24T05:55:29,386  INFO [localfetcher#9] reduce.MergeManagerImpl: closeInMemoryFile -> map-output of size: 386, inMemoryMapOutputs.size() -> 1, commitMemory -> 0, usedMemory ->386
2024-04-24T05:55:29,386  INFO [EventFetcher for fetching Map Completion Events] reduce.EventFetcher: EventFetcher is interrupted.. Returning
2024-04-24T05:55:29,387  INFO [pool-108-thread-1] mapred.LocalJobRunner: 1 / 1 copied.
2024-04-24T05:55:29,387  INFO [pool-108-thread-1] reduce.MergeManagerImpl: finalMerge called with 1 in-memory map-outputs and 0 on-disk map-outputs
2024-04-24T05:55:29,393  INFO [pool-108-thread-1] mapred.Merger: Merging 1 sorted segments
2024-04-24T05:55:29,393  INFO [pool-108-thread-1] mapred.Merger: Down to the last merge-pass, with 1 segments left of total size: 354 bytes
2024-04-24T05:55:29,395  INFO [pool-108-thread-1] reduce.MergeManagerImpl: Merged 1 segments, 386 bytes to disk to satisfy reduce memory limit
2024-04-24T05:55:29,396  INFO [pool-108-thread-1] reduce.MergeManagerImpl: Merging 1 files, 390 bytes from disk
2024-04-24T05:55:29,396  INFO [pool-108-thread-1] reduce.MergeManagerImpl: Merging 0 segments, 0 bytes from memory into reduce
2024-04-24T05:55:29,396  INFO [pool-108-thread-1] mapred.Merger: Merging 1 sorted segments
2024-04-24T05:55:29,396  INFO [pool-108-thread-1] mapred.Merger: Down to the last merge-pass, with 1 segments left of total size: 354 bytes
2024-04-24T05:55:29,396  INFO [pool-108-thread-1] mapred.LocalJobRunner: 1 / 1 copied.
2024-04-24T05:55:29,396  INFO [pool-108-thread-1] exec.SerializationUtilities: Deserializing ReduceWork using kryo
2024-04-24T05:55:29,397  INFO [pool-108-thread-1] exec.Utilities: Deserialized plan (via FILE) - name: null size: 6,00KB
2024-04-24T05:55:29,398  INFO [pool-108-thread-1] ExecReducer: 
<SEL>Id =3
  <Children>
    <FS>Id =4
      <Children>
      <\Children>
      <Parent>Id = 3 null<\Parent>
    <\FS>
  <\Children>
  <Parent><\Parent>
<\SEL>
2024-04-24T05:55:29,398  INFO [pool-108-thread-1] exec.SelectOperator: Initializing Operator: SEL[3]
2024-04-24T05:55:29,398  INFO [pool-108-thread-1] exec.SelectOperator: SELECT struct<key:struct<reducesinkkey0:struct<writeid:bigint,bucketid:int,rowid:bigint>>,value:struct<_col0:int,_col1:int,_col2:string>>
2024-04-24T05:55:29,398  INFO [pool-108-thread-1] exec.FileSinkOperator: Initializing Operator: FS[4]
2024-04-24T05:55:29,399  INFO [pool-108-thread-1] exec.FileSinkOperator: Using serializer : class org.apache.hadoop.hive.serde2.lazy.LazySimpleSerDe [serdeParams=org.apache.hadoop.hive.serde2.lazy.LazySerDeParameters@70243824, cachedObjectInspector=org.apache.hadoop.hive.serde2.lazy.objectinspector.LazySimpleStructObjectInspector<org.apache.hadoop.hive.serde2.lazy.objectinspector.LazySimpleStructObjectInspector<org.apache.hadoop.hive.serde2.lazy.objectinspector.primitive.LazyLongObjectInspector@5410bbdf,org.apache.hadoop.hive.serde2.lazy.objectinspector.primitive.LazyIntObjectInspector@323dd422,org.apache.hadoop.hive.serde2.lazy.objectinspector.primitive.LazyLongObjectInspector@5410bbdf>,org.apache.hadoop.hive.serde2.lazy.objectinspector.primitive.LazyIntObjectInspector@323dd422,org.apache.hadoop.hive.serde2.lazy.objectinspector.primitive.LazyIntObjectInspector@323dd422,org.apache.hadoop.hive.serde2.lazy.objectinspector.primitive.LazyStringObjectInspector@4afe1fdc>, serializedSize=0, stats=org.apache.hadoop.hive.serde2.SerDeStats@45eb8d69, lastOperationSerialize=false, lastOperationDeserialize=false [1, 2, 3, 4, 5, 6, 7, 8, 11, 14, 15, 16, 17, 18, 19, 20, 21, 22, 23, 24, 25, 26, 28, 29, 30, 31, -128, -127, -126, -125, -124, -123, -122, -121, -120, -119, -118, -117, -116, -115, -114, -113, -112, -111, -110, -109, -108, -107, -106, -105, -104, -103, -102, -101, -100, -99, -98, -97, -96, -95, -94, -93, -92, -91, -90, -89, -88, -87, -86, -85, -84, -83, -82, -81, -80, -79, -78, -77, -76, -75, -74, -73, -72, -71, -70, -69, -68, -67, -66, -65, -64, -63, -62, -61, -60, -59, -58, -57, -56, -55, -54, -53, -52, -51, -50, -49, -48, -47, -46, -45, -44, -43, -42, -41, -40, -39, -38, -37, -36, -35, -34, -33, -32, -31, -30, -29, -28, -27, -26, -25, -24, -23, -22, -21, -20, -19, -18, -17, -16, -15, -14, -13, -12, -11, -10, -9, -8, -7, -6, -5, -4, -3, -2, -1] : [_col0, _col1, _col2, _col3] : [struct<writeid:bigint,bucketid:int,rowid:bigint>, int, int, string]] and formatter : org.apache.hadoop.hive.ql.io.HiveSequenceFileOutputFormat@4f8cfe34
2024-04-24T05:55:29,399  INFO [pool-108-thread-1] exec.FileSinkOperator: Final Path: FS file:/home/alex/Repositories/hive/ql/target/tmp/localscratchdir/0a5aa836-99ef-48e2-9e6d-0d19c5f534af/hive_2024-04-24_05-55-28_929_3016405469692802008-1/-mr-10001/.hive-staging_hive_2024-04-24_05-55-28_929_3016405469692802008-1/_tmp.-ext-10002/000000_0
2024-04-24T05:55:29,399  INFO [pool-108-thread-1] exec.FileSinkOperator: Writing to temp file: FS file:/home/alex/Repositories/hive/ql/target/tmp/localscratchdir/0a5aa836-99ef-48e2-9e6d-0d19c5f534af/hive_2024-04-24_05-55-28_929_3016405469692802008-1/-mr-10001/.hive-staging_hive_2024-04-24_05-55-28_929_3016405469692802008-1/_task_tmp.-ext-10002/_tmp.000000_0
2024-04-24T05:55:29,399  INFO [pool-108-thread-1] exec.FileSinkOperator: New Final Path: FS file:/home/alex/Repositories/hive/ql/target/tmp/localscratchdir/0a5aa836-99ef-48e2-9e6d-0d19c5f534af/hive_2024-04-24_05-55-28_929_3016405469692802008-1/-mr-10001/.hive-staging_hive_2024-04-24_05-55-28_929_3016405469692802008-1/_tmp.-ext-10002/000000_0
2024-04-24T05:55:29,406  INFO [pool-108-thread-1] exec.FileSinkOperator: FS[4]: records written - 1
2024-04-24T05:55:29,407  INFO [pool-108-thread-1] exec.SelectOperator: Closing Operator: SEL[3]
2024-04-24T05:55:29,407  INFO [pool-108-thread-1] exec.SelectOperator: RECORDS_OUT_INTERMEDIATE:0, RECORDS_OUT_OPERATOR_SEL_3:2, 
2024-04-24T05:55:29,407  INFO [pool-108-thread-1] exec.FileSinkOperator: Closing Operator: FS[4]
2024-04-24T05:55:29,407  INFO [pool-108-thread-1] exec.FileSinkOperator: FS[4]: records written - 2
2024-04-24T05:55:29,407  INFO [pool-108-thread-1] exec.FileSinkOperator: RECORDS_OUT_OPERATOR_FS_4:2, RECORDS_OUT_0:2, RECORDS_OUT_INTERMEDIATE:0, 
2024-04-24T05:55:29,407  INFO [pool-108-thread-1] mapred.Task: Task:attempt_local627909994_0026_r_000000_0 is done. And is in the process of committing
2024-04-24T05:55:29,408  INFO [pool-108-thread-1] mapred.LocalJobRunner: reduce > reduce
2024-04-24T05:55:29,408  INFO [pool-108-thread-1] mapred.Task: Task 'attempt_local627909994_0026_r_000000_0' done.
2024-04-24T05:55:29,408  INFO [pool-108-thread-1] mapred.Task: Final Counters for attempt_local627909994_0026_r_000000_0: Counters: 29
	File System Counters
		FILE: Number of bytes read=366252
		FILE: Number of bytes written=30486000
		FILE: Number of read operations=0
		FILE: Number of large read operations=0
		FILE: Number of write operations=0
	Map-Reduce Framework
		Combine input records=0
		Combine output records=0
		Reduce input groups=2
		Reduce shuffle bytes=390
		Reduce input records=2
		Reduce output records=0
		Spilled Records=2
		Shuffled Maps =1
		Failed Shuffles=0
		Merged Map outputs=1
		GC time elapsed (ms)=0
		Total committed heap usage (bytes)=1065877504
	HIVE
		CREATED_FILES=1
		RECORDS_OUT_0=2
		RECORDS_OUT_INTERMEDIATE=0
		RECORDS_OUT_OPERATOR_FS_4=2
		RECORDS_OUT_OPERATOR_SEL_3=2
	Shuffle Errors
		BAD_ID=0
		CONNECTION=0
		IO_ERROR=0
		WRONG_LENGTH=0
		WRONG_MAP=0
		WRONG_REDUCE=0
	File Output Format Counters 
		Bytes Written=0
2024-04-24T05:55:29,408  INFO [pool-108-thread-1] mapred.LocalJobRunner: Finishing task: attempt_local627909994_0026_r_000000_0
2024-04-24T05:55:29,408  INFO [Thread-1606] mapred.LocalJobRunner: reduce task executor complete.
2024-04-24 05:55:30,352 Stage-1 map = 100%,  reduce = 100%
2024-04-24T05:55:30,352  INFO [main] exec.Task: 2024-04-24 05:55:30,352 Stage-1 map = 100%,  reduce = 100%
Ended Job = job_local627909994_0026
2024-04-24T05:55:30,354  INFO [main] exec.Task: Ended Job = job_local627909994_0026
2024-04-24T05:55:30,355  INFO [main] metadata.Hive: Dumping metastore api call timing information for : execution phase
2024-04-24T05:55:30,356  INFO [main] metadata.Hive: Total time spent in each metastore function (ms): {}
MapReduce Jobs Launched: 
2024-04-24T05:55:30,356  INFO [main] ql.Driver: MapReduce Jobs Launched: 
Stage-Stage-1:  HDFS Read: 0 HDFS Write: 0 SUCCESS
2024-04-24T05:55:30,356  INFO [main] ql.Driver: Stage-Stage-1:  HDFS Read: 0 HDFS Write: 0 SUCCESS
Total MapReduce CPU Time Spent: 0 msec
2024-04-24T05:55:30,356  INFO [main] ql.Driver: Total MapReduce CPU Time Spent: 0 msec
2024-04-24T05:55:30,356  INFO [main] ql.Driver: Completed executing command(queryId=alex_20240424055528_efad4882-aa6f-4e5b-aa00-c0ac43d8b336); Time taken: 1.279 seconds
2024-04-24T05:55:30,356  INFO [main] lockmgr.DbTxnManager: Stopped heartbeat for query: alex_20240424055528_efad4882-aa6f-4e5b-aa00-c0ac43d8b336
2024-04-24T05:55:30,361  INFO [main] txn.TxnHandler: Expected to move at least one record from txn_components to completed_txn_components when committing txn! txnid:21
2024-04-24T05:55:30,368  INFO [main] txn.TxnHandler: Removed transactions: ([21]) from MIN_HISTORY_LEVEL
2024-04-24T05:55:30,368  WARN [main] txn.CompactionTxnHandler: No compaction queue record found for Compaction type transaction commit. txnId:21
2024-04-24T05:55:30,372  INFO [main] mapred.FileInputFormat: Total input files to process : 1
2024-04-24T05:55:30,373  INFO [main] exec.ListSinkOperator: Closing Operator: LIST_SINK[5]
2024-04-24T05:55:30,373  INFO [main] exec.ListSinkOperator: RECORDS_OUT_OPERATOR_LIST_SINK_5:2, RECORDS_OUT_INTERMEDIATE:0, 
2024-04-24T05:55:30,373  WARN [main] ql.TestTxnLoadData: loadDataUpdate: read data(load data inpath): 
2024-04-24T05:55:30,373  INFO [main] ql.TestTxnLoadData: {"writeid":1,"bucketid":536870912,"rowid":0}	1	2	file:/home/alex/Repositories/hive/ql/target/tmp/org.apache.hadoop.hive.ql.TestTxnLoadData-1713963261722/warehouse/t/delta_0000001_0000001_0000/000000_0
{"writeid":1,"bucketid":536870912,"rowid":1}	3	4	file:/home/alex/Repositories/hive/ql/target/tmp/org.apache.hadoop.hive.ql.TestTxnLoadData-1713963261722/warehouse/t/delta_0000001_0000001_0000/000000_0

2024-04-24T05:55:30,373  INFO [main] ql.TxnCommandsBaseForTests: Running the query: EXPLAIN VECTORIZATION DETAIL select ROW__ID, a, b, INPUT__FILE__NAME from T order by ROW__ID
2024-04-24T05:55:30,373  INFO [main] ql.Context: Deleting scratch dir: file:/home/alex/Repositories/hive/ql/target/tmp/localscratchdir/0a5aa836-99ef-48e2-9e6d-0d19c5f534af/hive_2024-04-24_05-55-28_929_3016405469692802008-1
2024-04-24T05:55:30,374  INFO [main] cleanup.SyncCleanupService: Deleted directory: file:/home/alex/Repositories/hive/ql/target/tmp/localscratchdir/0a5aa836-99ef-48e2-9e6d-0d19c5f534af/hive_2024-04-24_05-55-28_929_3016405469692802008-1 on fs with scheme file
2024-04-24T05:55:30,374  INFO [main] ql.Driver: Compiling command(queryId=alex_20240424055530_b90d3fd3-b822-4fcb-a3b2-a42f4846ec66): EXPLAIN VECTORIZATION DETAIL select ROW__ID, a, b, INPUT__FILE__NAME from T order by ROW__ID
2024-04-24T05:55:30,377  INFO [main] txn.TxnHandler: Added entries to MIN_HISTORY_LEVEL for current txns: ([22]) with min_open_txn: 22
2024-04-24T05:55:30,377  INFO [main] lockmgr.DbTxnManager: Opened txnid:22
2024-04-24T05:55:30,378  INFO [main] parse.CalcitePlanner: Starting Semantic Analysis
2024-04-24T05:55:30,381  INFO [main] parse.CalcitePlanner: Completed phase 1 of Semantic Analysis
2024-04-24T05:55:30,381  INFO [main] parse.CalcitePlanner: Get metadata for source tables
2024-04-24T05:55:30,382  INFO [main] HiveMetaStore.audit: ugi=alex	ip=unknown-ip-addr	cmd=get_table : tbl=hive.default.t	
2024-04-24T05:55:30,387  INFO [main] metastore.ObjectStore: Removed COLUMN_STATS_ACCURATE from Table's parameters.
2024-04-24T05:55:30,388  INFO [main] metastore.HMSHandler: Skipping translation for processor with null
2024-04-24T05:55:30,389  INFO [main] parse.CalcitePlanner: Get metadata for subqueries
2024-04-24T05:55:30,389  INFO [main] parse.CalcitePlanner: Get metadata for destination tables
2024-04-24T05:55:30,389  INFO [main] parse.CalcitePlanner: Completed getting MetaData in Semantic Analysis
2024-04-24T05:55:30,401  INFO [main] HiveMetaStore.audit: ugi=alex	ip=unknown-ip-addr	cmd=get_all_table_constraints : tbl=hive.default.t	
2024-04-24T05:55:30,409  INFO [main] calcite.RelOptHiveTable: Calculating column statistics for default.t, projIndxSet: [0, 1], allowMissingStats: true
2024-04-24T05:55:30,409  INFO [main] HiveMetaStore.audit: ugi=alex	ip=unknown-ip-addr	cmd=get_table_statistics_req: table=hive.default.t	
2024-04-24T05:55:30,418  WARN [main] calcite.RelOptHiveTable: No Stats for default@t, Columns: b, a
No Stats for default@t, Columns: b, a
2024-04-24T05:55:30,418  INFO [main] SessionState: No Stats for default@t, Columns: b, a
2024-04-24T05:55:30,459  INFO [main] parse.CalcitePlanner: Get metadata for source tables
2024-04-24T05:55:30,460  INFO [main] parse.CalcitePlanner: Get metadata for subqueries
2024-04-24T05:55:30,460  INFO [main] parse.CalcitePlanner: Get metadata for destination tables
2024-04-24T05:55:30,461  INFO [main] parse.CalcitePlanner: CBO Succeeded; optimized logical plan.
2024-04-24T05:55:30,463  INFO [main] optimizer.ColumnPrunerProcFactory: RS 2 oldColExprMap: {VALUE._col1=Column[_col2], VALUE._col0=Column[_col1], VALUE._col2=Column[_col3], KEY.reducesinkkey0=Column[_col0]}
2024-04-24T05:55:30,463  INFO [main] optimizer.ColumnPrunerProcFactory: RS 2 newColExprMap: {VALUE._col1=Column[_col2], VALUE._col2=Column[_col3], VALUE._col0=Column[_col1], KEY.reducesinkkey0=Column[_col0]}
2024-04-24T05:55:30,464  INFO [main] optimizer.BucketVersionPopulator: not considering bucketingVersion for: TS[0] because it has -1<2 buckets 
2024-04-24T05:55:30,467  INFO [main] optimizer.SortedDynPartitionOptimizer: Sorted dynamic partitioning optimization kicked in..
2024-04-24T05:55:30,475  INFO [main] parse.CalcitePlanner: Completed plan generation
2024-04-24T05:55:30,475  INFO [main] ql.Driver: Semantic Analysis Completed (retrial = false)
2024-04-24T05:55:30,475  INFO [main] ql.Driver: Created Hive schema: Schema(fieldSchemas:[FieldSchema(name:Explain, type:string, comment:null)], properties:null)
2024-04-24T05:55:30,475  INFO [main] metadata.Hive: Dumping metastore api call timing information for : compilation phase
2024-04-24T05:55:30,475  INFO [main] metadata.Hive: Total time spent in each metastore function (ms): {openTxn_(String, TxnType)=2, getTableColumnStatistics_(String, String, List, String)=9, getValidWriteIds_(List, String)=3, commitTxn_(CommitTxnRequest)=12, getValidTxns_(long)=1, getAllTableConstraints_(AllTableConstraintsRequest)=4, isCompatibleWith_(Configuration)=0, getTable_(GetTableRequest)=7, flushCache_()=0}
2024-04-24T05:55:30,475  INFO [main] ql.Driver: Completed compiling command(queryId=alex_20240424055530_b90d3fd3-b822-4fcb-a3b2-a42f4846ec66); Time taken: 0.101 seconds
2024-04-24T05:55:30,476  INFO [main] ql.Driver: Executing command(queryId=alex_20240424055530_b90d3fd3-b822-4fcb-a3b2-a42f4846ec66): EXPLAIN VECTORIZATION DETAIL select ROW__ID, a, b, INPUT__FILE__NAME from T order by ROW__ID
2024-04-24T05:55:30,476  INFO [main] ql.Driver: Starting task [Stage-2:EXPLAIN] in serial mode
2024-04-24T05:55:30,485  INFO [main] metadata.Hive: Dumping metastore api call timing information for : execution phase
2024-04-24T05:55:30,485  INFO [main] metadata.Hive: Total time spent in each metastore function (ms): {}
2024-04-24T05:55:30,485  INFO [main] ql.Driver: Completed executing command(queryId=alex_20240424055530_b90d3fd3-b822-4fcb-a3b2-a42f4846ec66); Time taken: 0.009 seconds
2024-04-24T05:55:30,485  INFO [main] lockmgr.DbTxnManager: Stopped heartbeat for query: null
2024-04-24T05:55:30,491  INFO [main] txn.TxnHandler: Expected to move at least one record from txn_components to completed_txn_components when committing txn! txnid:22
2024-04-24T05:55:30,496  INFO [main] txn.TxnHandler: Removed transactions: ([22]) from MIN_HISTORY_LEVEL
2024-04-24T05:55:30,496  WARN [main] txn.CompactionTxnHandler: No compaction queue record found for Compaction type transaction commit. txnId:22
2024-04-24T05:55:30,497  INFO [main] ql.TxnCommandsBaseForTests: Running the query: update T set b = 17 where a = 1
2024-04-24T05:55:30,498  INFO [main] ql.Context: Deleting scratch dir: file:/home/alex/Repositories/hive/ql/target/tmp/localscratchdir/0a5aa836-99ef-48e2-9e6d-0d19c5f534af/hive_2024-04-24_05-55-30_374_4411576611679864200-1
2024-04-24T05:55:30,498  INFO [main] cleanup.SyncCleanupService: Deleted directory: file:/home/alex/Repositories/hive/ql/target/tmp/localscratchdir/0a5aa836-99ef-48e2-9e6d-0d19c5f534af/hive_2024-04-24_05-55-30_374_4411576611679864200-1 on fs with scheme file
2024-04-24T05:55:30,498  INFO [main] ql.Driver: Compiling command(queryId=alex_20240424055530_03bc603c-a3f4-4fa3-ae20-da2ae47593c6): update T set b = 17 where a = 1
2024-04-24T05:55:30,502  INFO [main] txn.TxnHandler: Added entries to MIN_HISTORY_LEVEL for current txns: ([23]) with min_open_txn: 22
2024-04-24T05:55:30,502  INFO [main] lockmgr.DbTxnManager: Opened txnid:23
2024-04-24T05:55:30,503  INFO [main] parse.UpdateDeleteSemanticAnalyzer: Starting caching scope for: 
2024-04-24T05:55:30,503  INFO [main] HiveMetaStore.audit: ugi=alex	ip=unknown-ip-addr	cmd=get_table : tbl=hive.default.T	
2024-04-24T05:55:30,509  INFO [main] metastore.HMSHandler: Skipping translation for processor with null
2024-04-24T05:55:30,510  INFO [main] parse.RewriteSemanticAnalyzer: Going to reparse <update T set b = 17 where a = 1> as 
<insert into table `default`.`T` select ROW__ID,`a`,`b` from `default`.`T` sort by ROW__ID >
2024-04-24T05:55:30,511  INFO [main] parse.UpdateDeleteSemanticAnalyzer: Starting Semantic Analysis
2024-04-24T05:55:30,514  INFO [main] HiveMetaStore.audit: ugi=alex	ip=unknown-ip-addr	cmd=get_table : tbl=hive.default.T	
2024-04-24T05:55:30,519  INFO [main] metastore.ObjectStore: Removed COLUMN_STATS_ACCURATE from Table's parameters.
2024-04-24T05:55:30,520  INFO [main] metastore.HMSHandler: Skipping translation for processor with null
2024-04-24T05:55:30,520  INFO [main] parse.UpdateDeleteSemanticAnalyzer: Completed phase 1 of Semantic Analysis
2024-04-24T05:55:30,520  INFO [main] parse.UpdateDeleteSemanticAnalyzer: Get metadata for source tables
2024-04-24T05:55:30,521  INFO [main] HiveMetaStore.audit: ugi=alex	ip=unknown-ip-addr	cmd=get_table : tbl=hive.default.t	
2024-04-24T05:55:30,525  INFO [main] metastore.ObjectStore: Removed COLUMN_STATS_ACCURATE from Table's parameters.
2024-04-24T05:55:30,527  INFO [main] metastore.HMSHandler: Skipping translation for processor with null
2024-04-24T05:55:30,527  INFO [main] parse.UpdateDeleteSemanticAnalyzer: Get metadata for subqueries
2024-04-24T05:55:30,527  INFO [main] parse.UpdateDeleteSemanticAnalyzer: Get metadata for destination tables
2024-04-24T05:55:30,528  INFO [main] HiveMetaStore.audit: ugi=alex	ip=unknown-ip-addr	cmd=get_table : tbl=hive.default.T	
2024-04-24T05:55:30,534  INFO [main] metastore.HMSHandler: Skipping translation for processor with null
2024-04-24T05:55:30,534  INFO [main] parse.UpdateDeleteSemanticAnalyzer: Completed getting MetaData in Semantic Analysis
2024-04-24T05:55:30,534  INFO [main] parse.UpdateDeleteSemanticAnalyzer: Disabling LLAP IO encode as ETL query is detected
2024-04-24T05:55:30,546  INFO [main] HiveMetaStore.audit: ugi=alex	ip=unknown-ip-addr	cmd=get_all_table_constraints : tbl=hive.default.t	
2024-04-24T05:55:30,556  INFO [main] HiveMetaStore.audit: ugi=alex	ip=unknown-ip-addr	cmd=get_not_null_constraints : tbl=hive.default.t	
2024-04-24T05:55:30,557  INFO [main] HiveMetaStore.audit: ugi=alex	ip=unknown-ip-addr	cmd=get_check_constraints : tbl=hive.default.t	
2024-04-24T05:55:30,644  INFO [main] calcite.RelOptHiveTable: Calculating column statistics for default.t, projIndxSet: [0], allowMissingStats: true
2024-04-24T05:55:30,644  INFO [main] HiveMetaStore.audit: ugi=alex	ip=unknown-ip-addr	cmd=get_table_statistics_req: table=hive.default.t	
2024-04-24T05:55:30,654  WARN [main] calcite.RelOptHiveTable: No Stats for default@t, Columns: a
No Stats for default@t, Columns: a
2024-04-24T05:55:30,654  INFO [main] SessionState: No Stats for default@t, Columns: a
2024-04-24T05:55:30,721  INFO [main] parse.UpdateDeleteSemanticAnalyzer: Get metadata for source tables
2024-04-24T05:55:30,722  INFO [main] parse.UpdateDeleteSemanticAnalyzer: Get metadata for subqueries
2024-04-24T05:55:30,722  INFO [main] parse.UpdateDeleteSemanticAnalyzer: Get metadata for destination tables
2024-04-24T05:55:30,722  INFO [main] HiveMetaStore.audit: ugi=alex	ip=unknown-ip-addr	cmd=get_table : tbl=hive.default.T	
2024-04-24T05:55:30,729  INFO [main] metastore.HMSHandler: Skipping translation for processor with null
2024-04-24T05:55:30,737 ERROR [main] parse.UpdateDeleteSemanticAnalyzer: CBO failed, skipping CBO. 
org.apache.hadoop.hive.ql.exec.NoMatchingMethodException: No matching method for class org.apache.hadoop.hive.ql.udf.UDFToInteger with (struct<writeid:bigint,bucketid:int,rowid:bigint>). Possible choices: _FUNC_(bigint)  _FUNC_(boolean)  _FUNC_(decimal(38,18))  _FUNC_(double)  _FUNC_(float)  _FUNC_(smallint)  _FUNC_(string)  _FUNC_(struct<rowid:bigint,writeid:int,bucketid:bigint>)  _FUNC_(timestamp)  _FUNC_(tinyint)  _FUNC_(void)  
	at org.apache.hadoop.hive.ql.exec.MethodUtils.getMethodInternal(MethodUtils.java:130) ~[classes/:?]
	at org.apache.hadoop.hive.ql.exec.MethodUtils.getMethodInternal(MethodUtils.java:60) ~[classes/:?]
	at org.apache.hadoop.hive.ql.exec.DefaultUDFMethodResolver.getEvalMethod(DefaultUDFMethodResolver.java:59) ~[classes/:?]
	at org.apache.hadoop.hive.ql.udf.TimestampCastRestrictorResolver.getEvalMethod(TimestampCastRestrictorResolver.java:68) ~[classes/:?]
	at org.apache.hadoop.hive.ql.udf.generic.GenericUDFBridge.initialize(GenericUDFBridge.java:168) ~[classes/:?]
	at org.apache.hadoop.hive.ql.udf.generic.GenericUDF.initializeAndFoldConstants(GenericUDF.java:149) ~[classes/:?]
	at org.apache.hadoop.hive.ql.plan.ExprNodeGenericFuncDesc.newInstance(ExprNodeGenericFuncDesc.java:235) ~[classes/:?]
	at org.apache.hadoop.hive.ql.parse.type.ExprNodeDescExprFactory.createFuncCallExpr(ExprNodeDescExprFactory.java:584) ~[classes/:?]
	at org.apache.hadoop.hive.ql.parse.type.ExprNodeDescExprFactory.createFuncCallExpr(ExprNodeDescExprFactory.java:97) ~[classes/:?]
	at org.apache.hadoop.hive.ql.parse.type.TypeCheckProcFactory$DefaultExprProcessor.getFuncExprNodeDescWithUdfData(TypeCheckProcFactory.java:762) ~[classes/:?]
	at org.apache.hadoop.hive.ql.parse.type.TypeCheckProcFactory$DefaultExprProcessor.createConversionCast(TypeCheckProcFactory.java:783) ~[classes/:?]
	at org.apache.hadoop.hive.ql.parse.SemanticAnalyzer.getPartitionColsFromBucketColsForUpdateDelete(SemanticAnalyzer.java:8725) ~[classes/:?]
	at org.apache.hadoop.hive.ql.parse.SemanticAnalyzer.genBucketingSortingDest(SemanticAnalyzer.java:6914) ~[classes/:?]
	at org.apache.hadoop.hive.ql.parse.SemanticAnalyzer.genFileSinkPlan(SemanticAnalyzer.java:7335) ~[classes/:?]
	at org.apache.hadoop.hive.ql.parse.SemanticAnalyzer.genPostGroupByBodyPlan(SemanticAnalyzer.java:11063) ~[classes/:?]
	at org.apache.hadoop.hive.ql.parse.SemanticAnalyzer.genBodyPlan(SemanticAnalyzer.java:10938) ~[classes/:?]
	at org.apache.hadoop.hive.ql.parse.SemanticAnalyzer.genPlan(SemanticAnalyzer.java:11853) ~[classes/:?]
	at org.apache.hadoop.hive.ql.parse.SemanticAnalyzer.genPlan(SemanticAnalyzer.java:11723) ~[classes/:?]
	at org.apache.hadoop.hive.ql.parse.CalcitePlanner.genOPTree(CalcitePlanner.java:626) ~[classes/:?]
	at org.apache.hadoop.hive.ql.parse.SemanticAnalyzer.analyzeInternal(SemanticAnalyzer.java:12558) ~[classes/:?]
	at org.apache.hadoop.hive.ql.parse.CalcitePlanner.analyzeInternal(CalcitePlanner.java:456) ~[classes/:?]
	at org.apache.hadoop.hive.ql.parse.RewriteSemanticAnalyzer.analyzeInternal(RewriteSemanticAnalyzer.java:67) ~[classes/:?]
	at org.apache.hadoop.hive.ql.parse.BaseSemanticAnalyzer.analyze(BaseSemanticAnalyzer.java:317) ~[classes/:?]
	at org.apache.hadoop.hive.ql.parse.UpdateDeleteSemanticAnalyzer.reparseAndSuperAnalyze(UpdateDeleteSemanticAnalyzer.java:208) ~[classes/:?]
	at org.apache.hadoop.hive.ql.parse.UpdateDeleteSemanticAnalyzer.analyzeUpdate(UpdateDeleteSemanticAnalyzer.java:63) ~[classes/:?]
	at org.apache.hadoop.hive.ql.parse.UpdateDeleteSemanticAnalyzer.analyze(UpdateDeleteSemanticAnalyzer.java:53) ~[classes/:?]
	at org.apache.hadoop.hive.ql.parse.RewriteSemanticAnalyzer.analyzeInternal(RewriteSemanticAnalyzer.java:72) ~[classes/:?]
	at org.apache.hadoop.hive.ql.parse.BaseSemanticAnalyzer.analyze(BaseSemanticAnalyzer.java:317) ~[classes/:?]
	at org.apache.hadoop.hive.ql.Compiler.analyze(Compiler.java:223) ~[classes/:?]
	at org.apache.hadoop.hive.ql.Compiler.compile(Compiler.java:105) ~[classes/:?]
	at org.apache.hadoop.hive.ql.Driver.compile(Driver.java:500) ~[classes/:?]
	at org.apache.hadoop.hive.ql.Driver.compileInternal(Driver.java:453) ~[classes/:?]
	at org.apache.hadoop.hive.ql.Driver.runInternal(Driver.java:181) ~[classes/:?]
	at org.apache.hadoop.hive.ql.Driver.run(Driver.java:153) ~[classes/:?]
	at org.apache.hadoop.hive.ql.Driver.run(Driver.java:140) ~[classes/:?]
	at org.apache.hadoop.hive.ql.TxnCommandsBaseForTests.runStatementOnDriver(TxnCommandsBaseForTests.java:245) ~[test-classes/:?]
	at org.apache.hadoop.hive.ql.TestTxnLoadData.loadDataUpdate(TestTxnLoadData.java:118) ~[test-classes/:?]
	at org.apache.hadoop.hive.ql.TestTxnLoadData.loadDataUpdate(TestTxnLoadData.java:71) ~[test-classes/:?]
	at sun.reflect.NativeMethodAccessorImpl.invoke0(Native Method) ~[?:1.8.0_402]
	at sun.reflect.NativeMethodAccessorImpl.invoke(NativeMethodAccessorImpl.java:62) ~[?:1.8.0_402]
	at sun.reflect.DelegatingMethodAccessorImpl.invoke(DelegatingMethodAccessorImpl.java:43) ~[?:1.8.0_402]
	at java.lang.reflect.Method.invoke(Method.java:498) ~[?:1.8.0_402]
	at org.junit.runners.model.FrameworkMethod$1.runReflectiveCall(FrameworkMethod.java:59) ~[junit-4.13.jar:4.13]
	at org.junit.internal.runners.model.ReflectiveCallable.run(ReflectiveCallable.java:12) ~[junit-4.13.jar:4.13]
	at org.junit.runners.model.FrameworkMethod.invokeExplosively(FrameworkMethod.java:56) ~[junit-4.13.jar:4.13]
	at org.junit.internal.runners.statements.InvokeMethod.evaluate(InvokeMethod.java:17) ~[junit-4.13.jar:4.13]
	at org.junit.internal.runners.statements.RunBefores.evaluate(RunBefores.java:26) ~[junit-4.13.jar:4.13]
	at org.junit.internal.runners.statements.RunAfters.evaluate(RunAfters.java:27) ~[junit-4.13.jar:4.13]
	at org.junit.rules.ExternalResource$1.evaluate(ExternalResource.java:54) ~[junit-4.13.jar:4.13]
	at org.junit.rules.TestWatcher$1.evaluate(TestWatcher.java:61) ~[junit-4.13.jar:4.13]
	at org.junit.runners.ParentRunner$3.evaluate(ParentRunner.java:306) ~[junit-4.13.jar:4.13]
	at org.junit.runners.BlockJUnit4ClassRunner$1.evaluate(BlockJUnit4ClassRunner.java:100) ~[junit-4.13.jar:4.13]
	at org.junit.runners.ParentRunner.runLeaf(ParentRunner.java:366) ~[junit-4.13.jar:4.13]
	at org.junit.runners.BlockJUnit4ClassRunner.runChild(BlockJUnit4ClassRunner.java:103) ~[junit-4.13.jar:4.13]
	at org.junit.runners.BlockJUnit4ClassRunner.runChild(BlockJUnit4ClassRunner.java:63) ~[junit-4.13.jar:4.13]
	at org.junit.runners.ParentRunner$4.run(ParentRunner.java:331) ~[junit-4.13.jar:4.13]
	at org.junit.runners.ParentRunner$1.schedule(ParentRunner.java:79) ~[junit-4.13.jar:4.13]
	at org.junit.runners.ParentRunner.runChildren(ParentRunner.java:329) ~[junit-4.13.jar:4.13]
	at org.junit.runners.ParentRunner.access$100(ParentRunner.java:66) ~[junit-4.13.jar:4.13]
	at org.junit.runners.ParentRunner$2.evaluate(ParentRunner.java:293) ~[junit-4.13.jar:4.13]
	at org.junit.runners.ParentRunner$3.evaluate(ParentRunner.java:306) ~[junit-4.13.jar:4.13]
	at org.junit.runners.ParentRunner.run(ParentRunner.java:413) ~[junit-4.13.jar:4.13]
	at org.junit.runner.JUnitCore.run(JUnitCore.java:137) ~[junit-4.13.jar:4.13]
	at org.junit.runner.JUnitCore.run(JUnitCore.java:115) ~[junit-4.13.jar:4.13]
	at org.junit.vintage.engine.execution.RunnerExecutor.execute(RunnerExecutor.java:43) ~[junit-vintage-engine-5.6.2.jar:5.6.2]
	at java.util.stream.ForEachOps$ForEachOp$OfRef.accept(ForEachOps.java:183) ~[?:1.8.0_402]
	at java.util.stream.ReferencePipeline$3$1.accept(ReferencePipeline.java:193) ~[?:1.8.0_402]
	at java.util.Iterator.forEachRemaining(Iterator.java:116) ~[?:1.8.0_402]
	at java.util.Spliterators$IteratorSpliterator.forEachRemaining(Spliterators.java:1801) ~[?:1.8.0_402]
	at java.util.stream.AbstractPipeline.copyInto(AbstractPipeline.java:482) ~[?:1.8.0_402]
	at java.util.stream.AbstractPipeline.wrapAndCopyInto(AbstractPipeline.java:472) ~[?:1.8.0_402]
	at java.util.stream.ForEachOps$ForEachOp.evaluateSequential(ForEachOps.java:150) ~[?:1.8.0_402]
	at java.util.stream.ForEachOps$ForEachOp$OfRef.evaluateSequential(ForEachOps.java:173) ~[?:1.8.0_402]
	at java.util.stream.AbstractPipeline.evaluate(AbstractPipeline.java:234) ~[?:1.8.0_402]
	at java.util.stream.ReferencePipeline.forEach(ReferencePipeline.java:485) ~[?:1.8.0_402]
	at org.junit.vintage.engine.VintageTestEngine.executeAllChildren(VintageTestEngine.java:82) ~[junit-vintage-engine-5.6.2.jar:5.6.2]
	at org.junit.vintage.engine.VintageTestEngine.execute(VintageTestEngine.java:73) ~[junit-vintage-engine-5.6.2.jar:5.6.2]
	at org.junit.platform.launcher.core.DefaultLauncher.execute(DefaultLauncher.java:248) ~[junit-platform-launcher-1.6.2.jar:1.6.2]
	at org.junit.platform.launcher.core.DefaultLauncher.lambda$execute$5(DefaultLauncher.java:211) ~[junit-platform-launcher-1.6.2.jar:1.6.2]
	at org.junit.platform.launcher.core.DefaultLauncher.withInterceptedStreams(DefaultLauncher.java:226) [junit-platform-launcher-1.6.2.jar:1.6.2]
	at org.junit.platform.launcher.core.DefaultLauncher.execute(DefaultLauncher.java:199) [junit-platform-launcher-1.6.2.jar:1.6.2]
	at org.junit.platform.launcher.core.DefaultLauncher.execute(DefaultLauncher.java:132) [junit-platform-launcher-1.6.2.jar:1.6.2]
	at org.apache.maven.surefire.junitplatform.JUnitPlatformProvider.invokeAllTests(JUnitPlatformProvider.java:154) [surefire-junit-platform-3.0.0-M4.jar:3.0.0-M4]
	at org.apache.maven.surefire.junitplatform.JUnitPlatformProvider.invoke(JUnitPlatformProvider.java:123) [surefire-junit-platform-3.0.0-M4.jar:3.0.0-M4]
	at org.apache.maven.surefire.booter.ForkedBooter.runSuitesInProcess(ForkedBooter.java:377) [surefire-booter-3.0.0-M4.jar:3.0.0-M4]
	at org.apache.maven.surefire.booter.ForkedBooter.execute(ForkedBooter.java:138) [surefire-booter-3.0.0-M4.jar:3.0.0-M4]
	at org.apache.maven.surefire.booter.ForkedBooter.run(ForkedBooter.java:465) [surefire-booter-3.0.0-M4.jar:3.0.0-M4]
	at org.apache.maven.surefire.booter.ForkedBooter.main(ForkedBooter.java:451) [surefire-booter-3.0.0-M4.jar:3.0.0-M4]
2024-04-24T05:55:30,739 ERROR [main] parse.UpdateDeleteSemanticAnalyzer: CBO failed due to missing column stats (see previous errors), skipping CBO
2024-04-24T05:55:30,739  INFO [main] parse.UpdateDeleteSemanticAnalyzer: Ending caching scope for: 
FAILED: NoMatchingMethodException No matching method for class org.apache.hadoop.hive.ql.udf.UDFToInteger with (struct<writeid:bigint,bucketid:int,rowid:bigint>). Possible choices: _FUNC_(bigint)  _FUNC_(boolean)  _FUNC_(decimal(38,18))  _FUNC_(double)  _FUNC_(float)  _FUNC_(smallint)  _FUNC_(string)  _FUNC_(struct<rowid:bigint,writeid:int,bucketid:bigint>)  _FUNC_(timestamp)  _FUNC_(tinyint)  _FUNC_(void)  
2024-04-24T05:55:30,740 ERROR [main] ql.Driver: FAILED: NoMatchingMethodException No matching method for class org.apache.hadoop.hive.ql.udf.UDFToInteger with (struct<writeid:bigint,bucketid:int,rowid:bigint>). Possible choices: _FUNC_(bigint)  _FUNC_(boolean)  _FUNC_(decimal(38,18))  _FUNC_(double)  _FUNC_(float)  _FUNC_(smallint)  _FUNC_(string)  _FUNC_(struct<rowid:bigint,writeid:int,bucketid:bigint>)  _FUNC_(timestamp)  _FUNC_(tinyint)  _FUNC_(void)  
org.apache.hadoop.hive.ql.exec.NoMatchingMethodException: No matching method for class org.apache.hadoop.hive.ql.udf.UDFToInteger with (struct<writeid:bigint,bucketid:int,rowid:bigint>). Possible choices: _FUNC_(bigint)  _FUNC_(boolean)  _FUNC_(decimal(38,18))  _FUNC_(double)  _FUNC_(float)  _FUNC_(smallint)  _FUNC_(string)  _FUNC_(struct<rowid:bigint,writeid:int,bucketid:bigint>)  _FUNC_(timestamp)  _FUNC_(tinyint)  _FUNC_(void)  
	at org.apache.hadoop.hive.ql.exec.MethodUtils.getMethodInternal(MethodUtils.java:130)
	at org.apache.hadoop.hive.ql.exec.MethodUtils.getMethodInternal(MethodUtils.java:60)
	at org.apache.hadoop.hive.ql.exec.DefaultUDFMethodResolver.getEvalMethod(DefaultUDFMethodResolver.java:59)
	at org.apache.hadoop.hive.ql.udf.TimestampCastRestrictorResolver.getEvalMethod(TimestampCastRestrictorResolver.java:68)
	at org.apache.hadoop.hive.ql.udf.generic.GenericUDFBridge.initialize(GenericUDFBridge.java:168)
	at org.apache.hadoop.hive.ql.udf.generic.GenericUDF.initializeAndFoldConstants(GenericUDF.java:149)
	at org.apache.hadoop.hive.ql.plan.ExprNodeGenericFuncDesc.newInstance(ExprNodeGenericFuncDesc.java:235)
	at org.apache.hadoop.hive.ql.parse.type.ExprNodeDescExprFactory.createFuncCallExpr(ExprNodeDescExprFactory.java:584)
	at org.apache.hadoop.hive.ql.parse.type.ExprNodeDescExprFactory.createFuncCallExpr(ExprNodeDescExprFactory.java:97)
	at org.apache.hadoop.hive.ql.parse.type.TypeCheckProcFactory$DefaultExprProcessor.getFuncExprNodeDescWithUdfData(TypeCheckProcFactory.java:762)
	at org.apache.hadoop.hive.ql.parse.type.TypeCheckProcFactory$DefaultExprProcessor.createConversionCast(TypeCheckProcFactory.java:783)
	at org.apache.hadoop.hive.ql.parse.SemanticAnalyzer.getPartitionColsFromBucketColsForUpdateDelete(SemanticAnalyzer.java:8725)
	at org.apache.hadoop.hive.ql.parse.SemanticAnalyzer.genBucketingSortingDest(SemanticAnalyzer.java:6914)
	at org.apache.hadoop.hive.ql.parse.SemanticAnalyzer.genFileSinkPlan(SemanticAnalyzer.java:7335)
	at org.apache.hadoop.hive.ql.parse.SemanticAnalyzer.genPostGroupByBodyPlan(SemanticAnalyzer.java:11063)
	at org.apache.hadoop.hive.ql.parse.SemanticAnalyzer.genBodyPlan(SemanticAnalyzer.java:10938)
	at org.apache.hadoop.hive.ql.parse.SemanticAnalyzer.genPlan(SemanticAnalyzer.java:11853)
	at org.apache.hadoop.hive.ql.parse.SemanticAnalyzer.genPlan(SemanticAnalyzer.java:11723)
	at org.apache.hadoop.hive.ql.parse.CalcitePlanner.genOPTree(CalcitePlanner.java:626)
	at org.apache.hadoop.hive.ql.parse.SemanticAnalyzer.analyzeInternal(SemanticAnalyzer.java:12558)
	at org.apache.hadoop.hive.ql.parse.CalcitePlanner.analyzeInternal(CalcitePlanner.java:456)
	at org.apache.hadoop.hive.ql.parse.RewriteSemanticAnalyzer.analyzeInternal(RewriteSemanticAnalyzer.java:67)
	at org.apache.hadoop.hive.ql.parse.BaseSemanticAnalyzer.analyze(BaseSemanticAnalyzer.java:317)
	at org.apache.hadoop.hive.ql.parse.UpdateDeleteSemanticAnalyzer.reparseAndSuperAnalyze(UpdateDeleteSemanticAnalyzer.java:208)
	at org.apache.hadoop.hive.ql.parse.UpdateDeleteSemanticAnalyzer.analyzeUpdate(UpdateDeleteSemanticAnalyzer.java:63)
	at org.apache.hadoop.hive.ql.parse.UpdateDeleteSemanticAnalyzer.analyze(UpdateDeleteSemanticAnalyzer.java:53)
	at org.apache.hadoop.hive.ql.parse.RewriteSemanticAnalyzer.analyzeInternal(RewriteSemanticAnalyzer.java:72)
	at org.apache.hadoop.hive.ql.parse.BaseSemanticAnalyzer.analyze(BaseSemanticAnalyzer.java:317)
	at org.apache.hadoop.hive.ql.Compiler.analyze(Compiler.java:223)
	at org.apache.hadoop.hive.ql.Compiler.compile(Compiler.java:105)
	at org.apache.hadoop.hive.ql.Driver.compile(Driver.java:500)
	at org.apache.hadoop.hive.ql.Driver.compileInternal(Driver.java:453)
	at org.apache.hadoop.hive.ql.Driver.runInternal(Driver.java:181)
	at org.apache.hadoop.hive.ql.Driver.run(Driver.java:153)
	at org.apache.hadoop.hive.ql.Driver.run(Driver.java:140)
	at org.apache.hadoop.hive.ql.TxnCommandsBaseForTests.runStatementOnDriver(TxnCommandsBaseForTests.java:245)
	at org.apache.hadoop.hive.ql.TestTxnLoadData.loadDataUpdate(TestTxnLoadData.java:118)
	at org.apache.hadoop.hive.ql.TestTxnLoadData.loadDataUpdate(TestTxnLoadData.java:71)
	at sun.reflect.NativeMethodAccessorImpl.invoke0(Native Method)
	at sun.reflect.NativeMethodAccessorImpl.invoke(NativeMethodAccessorImpl.java:62)
	at sun.reflect.DelegatingMethodAccessorImpl.invoke(DelegatingMethodAccessorImpl.java:43)
	at java.lang.reflect.Method.invoke(Method.java:498)
	at org.junit.runners.model.FrameworkMethod$1.runReflectiveCall(FrameworkMethod.java:59)
	at org.junit.internal.runners.model.ReflectiveCallable.run(ReflectiveCallable.java:12)
	at org.junit.runners.model.FrameworkMethod.invokeExplosively(FrameworkMethod.java:56)
	at org.junit.internal.runners.statements.InvokeMethod.evaluate(InvokeMethod.java:17)
	at org.junit.internal.runners.statements.RunBefores.evaluate(RunBefores.java:26)
	at org.junit.internal.runners.statements.RunAfters.evaluate(RunAfters.java:27)
	at org.junit.rules.ExternalResource$1.evaluate(ExternalResource.java:54)
	at org.junit.rules.TestWatcher$1.evaluate(TestWatcher.java:61)
	at org.junit.runners.ParentRunner$3.evaluate(ParentRunner.java:306)
	at org.junit.runners.BlockJUnit4ClassRunner$1.evaluate(BlockJUnit4ClassRunner.java:100)
	at org.junit.runners.ParentRunner.runLeaf(ParentRunner.java:366)
	at org.junit.runners.BlockJUnit4ClassRunner.runChild(BlockJUnit4ClassRunner.java:103)
	at org.junit.runners.BlockJUnit4ClassRunner.runChild(BlockJUnit4ClassRunner.java:63)
	at org.junit.runners.ParentRunner$4.run(ParentRunner.java:331)
	at org.junit.runners.ParentRunner$1.schedule(ParentRunner.java:79)
	at org.junit.runners.ParentRunner.runChildren(ParentRunner.java:329)
	at org.junit.runners.ParentRunner.access$100(ParentRunner.java:66)
	at org.junit.runners.ParentRunner$2.evaluate(ParentRunner.java:293)
	at org.junit.runners.ParentRunner$3.evaluate(ParentRunner.java:306)
	at org.junit.runners.ParentRunner.run(ParentRunner.java:413)
	at org.junit.runner.JUnitCore.run(JUnitCore.java:137)
	at org.junit.runner.JUnitCore.run(JUnitCore.java:115)
	at org.junit.vintage.engine.execution.RunnerExecutor.execute(RunnerExecutor.java:43)
	at java.util.stream.ForEachOps$ForEachOp$OfRef.accept(ForEachOps.java:183)
	at java.util.stream.ReferencePipeline$3$1.accept(ReferencePipeline.java:193)
	at java.util.Iterator.forEachRemaining(Iterator.java:116)
	at java.util.Spliterators$IteratorSpliterator.forEachRemaining(Spliterators.java:1801)
	at java.util.stream.AbstractPipeline.copyInto(AbstractPipeline.java:482)
	at java.util.stream.AbstractPipeline.wrapAndCopyInto(AbstractPipeline.java:472)
	at java.util.stream.ForEachOps$ForEachOp.evaluateSequential(ForEachOps.java:150)
	at java.util.stream.ForEachOps$ForEachOp$OfRef.evaluateSequential(ForEachOps.java:173)
	at java.util.stream.AbstractPipeline.evaluate(AbstractPipeline.java:234)
	at java.util.stream.ReferencePipeline.forEach(ReferencePipeline.java:485)
	at org.junit.vintage.engine.VintageTestEngine.executeAllChildren(VintageTestEngine.java:82)
	at org.junit.vintage.engine.VintageTestEngine.execute(VintageTestEngine.java:73)
	at org.junit.platform.launcher.core.DefaultLauncher.execute(DefaultLauncher.java:248)
	at org.junit.platform.launcher.core.DefaultLauncher.lambda$execute$5(DefaultLauncher.java:211)
	at org.junit.platform.launcher.core.DefaultLauncher.withInterceptedStreams(DefaultLauncher.java:226)
	at org.junit.platform.launcher.core.DefaultLauncher.execute(DefaultLauncher.java:199)
	at org.junit.platform.launcher.core.DefaultLauncher.execute(DefaultLauncher.java:132)
	at org.apache.maven.surefire.junitplatform.JUnitPlatformProvider.invokeAllTests(JUnitPlatformProvider.java:154)
	at org.apache.maven.surefire.junitplatform.JUnitPlatformProvider.invoke(JUnitPlatformProvider.java:123)
	at org.apache.maven.surefire.booter.ForkedBooter.runSuitesInProcess(ForkedBooter.java:377)
	at org.apache.maven.surefire.booter.ForkedBooter.execute(ForkedBooter.java:138)
	at org.apache.maven.surefire.booter.ForkedBooter.run(ForkedBooter.java:465)
	at org.apache.maven.surefire.booter.ForkedBooter.main(ForkedBooter.java:451)

2024-04-24T05:55:30,740  INFO [main] metadata.Hive: Dumping metastore api call timing information for : compilation phase
2024-04-24T05:55:30,740  INFO [main] metadata.Hive: Total time spent in each metastore function (ms): {getValidWriteIds_(List, String)=4, flushCache_()=0, getTableColumnStatistics_(String, String, List, String)=10, getValidTxns_(long)=1, commitTxn_(CommitTxnRequest)=12, getCheckConstraints_(CheckConstraintsRequest)=1, openTxn_(String, TxnType)=2, getNotNullConstraints_(NotNullConstraintsRequest)=1, isCompatibleWith_(Configuration)=0, getAllTableConstraints_(AllTableConstraintsRequest)=4, getTable_(GetTableRequest)=32}
2024-04-24T05:55:30,741  INFO [main] ql.Driver: Completed compiling command(queryId=alex_20240424055530_03bc603c-a3f4-4fa3-ae20-da2ae47593c6); Time taken: 0.242 seconds
2024-04-24T05:55:30,741  INFO [main] lockmgr.DbTxnManager: Stopped heartbeat for query: null
2024-04-24T05:55:30,745  INFO [main] txn.TxnHandler: Removed transactions: ([23]) from MIN_HISTORY_LEVEL
2024-04-24T05:55:30,753  INFO [main] ql.TxnCommandsBaseForTests: Running the query: drop table if exists acidTbl
2024-04-24T05:55:30,753  INFO [main] ql.Driver: Compiling command(queryId=alex_20240424055530_01adb726-535f-41e2-b6ae-8706e07ec7d4): drop table if exists acidTbl
2024-04-24T05:55:30,755  INFO [main] txn.TxnHandler: Added entries to MIN_HISTORY_LEVEL for current txns: ([24]) with min_open_txn: 22
2024-04-24T05:55:30,755  INFO [main] lockmgr.DbTxnManager: Opened txnid:24
2024-04-24T05:55:30,756  INFO [main] HiveMetaStore.audit: ugi=alex	ip=unknown-ip-addr	cmd=get_table : tbl=hive.default.acidTbl	
2024-04-24T05:55:30,762  INFO [main] metastore.HMSHandler: Skipping translation for processor with null
2024-04-24T05:55:30,762  INFO [main] ql.Driver: Semantic Analysis Completed (retrial = false)
2024-04-24T05:55:30,762  INFO [main] ql.Driver: Created Hive schema: Schema(fieldSchemas:null, properties:null)
2024-04-24T05:55:30,762  INFO [main] metadata.Hive: Dumping metastore api call timing information for : compilation phase
2024-04-24T05:55:30,762  INFO [main] metadata.Hive: Total time spent in each metastore function (ms): {rollbackTxn_(long)=11, getTable_(GetTableRequest)=6, flushCache_()=0, openTxn_(String, TxnType)=2, isCompatibleWith_(Configuration)=0, getValidTxns_(long)=0}
2024-04-24T05:55:30,763  INFO [main] ql.Driver: Completed compiling command(queryId=alex_20240424055530_01adb726-535f-41e2-b6ae-8706e07ec7d4); Time taken: 0.009 seconds
2024-04-24T05:55:30,763  INFO [main] lockmgr.DbTxnManager: Setting lock request transaction to txnid:24 for queryId=alex_20240424055530_01adb726-535f-41e2-b6ae-8706e07ec7d4
2024-04-24T05:55:30,763  INFO [main] lockmgr.DbLockManager: Requesting lock for queryId=alex_20240424055530_01adb726-535f-41e2-b6ae-8706e07ec7d4
2024-04-24T05:55:30,777  INFO [main] lockmgr.DbLockManager: Response to queryId=alex_20240424055530_01adb726-535f-41e2-b6ae-8706e07ec7d4 LockResponse(lockid:16, state:ACQUIRED)
2024-04-24T05:55:30,777  INFO [main] ql.Driver: Operation DROPTABLE obtained 1 locks
2024-04-24T05:55:30,777  INFO [main] ql.Driver: Executing command(queryId=alex_20240424055530_01adb726-535f-41e2-b6ae-8706e07ec7d4): drop table if exists acidTbl
2024-04-24T05:55:30,777  INFO [main] ql.Driver: Starting task [Stage-0:DDL] in serial mode
2024-04-24T05:55:30,777  INFO [main] HiveMetaStore.audit: ugi=alex	ip=unknown-ip-addr	cmd=get_table : tbl=hive.default.acidTbl	
2024-04-24T05:55:30,783  INFO [main] metastore.HMSHandler: Skipping translation for processor with null
2024-04-24T05:55:30,783  INFO [main] HiveMetaStore.audit: ugi=alex	ip=unknown-ip-addr	cmd=get_table : tbl=hive.default.acidTbl	
2024-04-24T05:55:30,789  INFO [main] metastore.HMSHandler: Skipping translation for processor with null
2024-04-24T05:55:30,789  INFO [main] HiveMetaStore.audit: ugi=alex	ip=unknown-ip-addr	cmd=drop_table : tbl=hive.default.acidTbl	
2024-04-24T05:55:30,893  INFO [main] metadata.Hive: Dumping metastore api call timing information for : execution phase
2024-04-24T05:55:30,893  INFO [main] metadata.Hive: Total time spent in each metastore function (ms): {getTable_(GetTableRequest)=6, isCompatibleWith_(Configuration)=0, dropTable_(String, String, boolean, boolean, boolean)=110}
2024-04-24T05:55:30,893  INFO [main] ql.Driver: Completed executing command(queryId=alex_20240424055530_01adb726-535f-41e2-b6ae-8706e07ec7d4); Time taken: 0.116 seconds
2024-04-24T05:55:30,893  INFO [main] lockmgr.DbTxnManager: Stopped heartbeat for query: alex_20240424055530_01adb726-535f-41e2-b6ae-8706e07ec7d4
2024-04-24T05:55:30,897  INFO [main] txn.TxnHandler: Expected to move at least one record from txn_components to completed_txn_components when committing txn! txnid:24
2024-04-24T05:55:30,902  INFO [main] txn.TxnHandler: Removed transactions: ([24]) from MIN_HISTORY_LEVEL
2024-04-24T05:55:30,902  WARN [main] txn.CompactionTxnHandler: No compaction queue record found for Compaction type transaction commit. txnId:24
2024-04-24T05:55:30,903  INFO [main] ql.TxnCommandsBaseForTests: Running the query: drop table if exists acidTblPart
2024-04-24T05:55:30,903  INFO [main] ql.Driver: Compiling command(queryId=alex_20240424055530_fde84866-5612-4c12-ad74-a338fb33a5c0): drop table if exists acidTblPart
2024-04-24T05:55:30,905  INFO [main] txn.TxnHandler: Added entries to MIN_HISTORY_LEVEL for current txns: ([25]) with min_open_txn: 22
2024-04-24T05:55:30,905  INFO [main] lockmgr.DbTxnManager: Opened txnid:25
2024-04-24T05:55:30,906  INFO [main] HiveMetaStore.audit: ugi=alex	ip=unknown-ip-addr	cmd=get_table : tbl=hive.default.acidTblPart	
2024-04-24T05:55:30,912  INFO [main] metastore.HMSHandler: Skipping translation for processor with null
2024-04-24T05:55:30,912  INFO [main] ql.Driver: Semantic Analysis Completed (retrial = false)
2024-04-24T05:55:30,912  INFO [main] ql.Driver: Created Hive schema: Schema(fieldSchemas:null, properties:null)
2024-04-24T05:55:30,913  INFO [main] metadata.Hive: Dumping metastore api call timing information for : compilation phase
2024-04-24T05:55:30,913  INFO [main] metadata.Hive: Total time spent in each metastore function (ms): {commitTxn_(CommitTxnRequest)=10, getValidTxns_(long)=0, getTable_(GetTableRequest)=6, flushCache_()=0, isCompatibleWith_(Configuration)=1, openTxn_(String, TxnType)=1}
2024-04-24T05:55:30,913  INFO [main] ql.Driver: Completed compiling command(queryId=alex_20240424055530_fde84866-5612-4c12-ad74-a338fb33a5c0); Time taken: 0.009 seconds
2024-04-24T05:55:30,913  INFO [main] lockmgr.DbTxnManager: Setting lock request transaction to txnid:25 for queryId=alex_20240424055530_fde84866-5612-4c12-ad74-a338fb33a5c0
2024-04-24T05:55:30,914  INFO [main] lockmgr.DbLockManager: Requesting lock for queryId=alex_20240424055530_fde84866-5612-4c12-ad74-a338fb33a5c0
2024-04-24T05:55:30,933  INFO [main] lockmgr.DbLockManager: Response to queryId=alex_20240424055530_fde84866-5612-4c12-ad74-a338fb33a5c0 LockResponse(lockid:17, state:ACQUIRED)
2024-04-24T05:55:30,933  INFO [main] ql.Driver: Operation DROPTABLE obtained 1 locks
2024-04-24T05:55:30,934  INFO [main] ql.Driver: Executing command(queryId=alex_20240424055530_fde84866-5612-4c12-ad74-a338fb33a5c0): drop table if exists acidTblPart
2024-04-24T05:55:30,934  INFO [main] ql.Driver: Starting task [Stage-0:DDL] in serial mode
2024-04-24T05:55:30,934  INFO [main] HiveMetaStore.audit: ugi=alex	ip=unknown-ip-addr	cmd=get_table : tbl=hive.default.acidTblPart	
2024-04-24T05:55:30,940  INFO [main] metastore.HMSHandler: Skipping translation for processor with null
2024-04-24T05:55:30,940  INFO [main] HiveMetaStore.audit: ugi=alex	ip=unknown-ip-addr	cmd=get_table : tbl=hive.default.acidTblPart	
2024-04-24T05:55:30,947  INFO [main] metastore.HMSHandler: Skipping translation for processor with null
2024-04-24T05:55:30,947  INFO [main] HiveMetaStore.audit: ugi=alex	ip=unknown-ip-addr	cmd=drop_table : tbl=hive.default.acidTblPart	
2024-04-24T05:55:30,984  INFO [main] metadata.Hive: Dumping metastore api call timing information for : execution phase
2024-04-24T05:55:30,984  INFO [main] metadata.Hive: Total time spent in each metastore function (ms): {isCompatibleWith_(Configuration)=0, dropTable_(String, String, boolean, boolean, boolean)=44, getTable_(GetTableRequest)=6}
2024-04-24T05:55:30,984  INFO [main] ql.Driver: Completed executing command(queryId=alex_20240424055530_fde84866-5612-4c12-ad74-a338fb33a5c0); Time taken: 0.05 seconds
2024-04-24T05:55:30,984  INFO [main] lockmgr.DbTxnManager: Stopped heartbeat for query: alex_20240424055530_fde84866-5612-4c12-ad74-a338fb33a5c0
2024-04-24T05:55:30,989  INFO [main] txn.TxnHandler: Expected to move at least one record from txn_components to completed_txn_components when committing txn! txnid:25
2024-04-24T05:55:30,996  INFO [main] txn.TxnHandler: Removed transactions: ([25]) from MIN_HISTORY_LEVEL
2024-04-24T05:55:30,996  WARN [main] txn.CompactionTxnHandler: No compaction queue record found for Compaction type transaction commit. txnId:25
2024-04-24T05:55:30,997  INFO [main] ql.TxnCommandsBaseForTests: Running the query: drop table if exists acidTbl2
2024-04-24T05:55:30,997  INFO [main] ql.Driver: Compiling command(queryId=alex_20240424055530_79b077fc-988f-4304-b2d3-e0f4ed2f29de): drop table if exists acidTbl2
2024-04-24T05:55:31,000  INFO [main] txn.TxnHandler: Added entries to MIN_HISTORY_LEVEL for current txns: ([26]) with min_open_txn: 22
2024-04-24T05:55:31,000  INFO [main] lockmgr.DbTxnManager: Opened txnid:26
2024-04-24T05:55:31,001  INFO [main] ql.Driver: Semantic Analysis Completed (retrial = false)
2024-04-24T05:55:31,001  INFO [main] ql.Driver: Created Hive schema: Schema(fieldSchemas:null, properties:null)
2024-04-24T05:55:31,001  INFO [main] metadata.Hive: Dumping metastore api call timing information for : compilation phase
2024-04-24T05:55:31,001  INFO [main] metadata.Hive: Total time spent in each metastore function (ms): {isCompatibleWith_(Configuration)=0, openTxn_(String, TxnType)=2, getTable_(GetTableRequest)=0, getValidTxns_(long)=1, flushCache_()=0, commitTxn_(CommitTxnRequest)=12}
2024-04-24T05:55:31,002  INFO [main] ql.Driver: Completed compiling command(queryId=alex_20240424055530_79b077fc-988f-4304-b2d3-e0f4ed2f29de); Time taken: 0.004 seconds
2024-04-24T05:55:31,002  INFO [main] lockmgr.DbTxnManager: Setting lock request transaction to txnid:26 for queryId=alex_20240424055530_79b077fc-988f-4304-b2d3-e0f4ed2f29de
2024-04-24T05:55:31,002  INFO [main] ql.Driver: Operation DROPTABLE obtained 0 locks
2024-04-24T05:55:31,002  INFO [main] ql.Driver: Executing command(queryId=alex_20240424055530_79b077fc-988f-4304-b2d3-e0f4ed2f29de): drop table if exists acidTbl2
2024-04-24T05:55:31,002  INFO [main] ql.Driver: Starting task [Stage-0:DDL] in serial mode
2024-04-24T05:55:31,003  INFO [main] metadata.SessionHiveMetaStoreClient: Column stats doesn't exist for db=default temp table=acidTbl2
2024-04-24T05:55:31,003  INFO [main] metadata.Hive: Dumping metastore api call timing information for : execution phase
2024-04-24T05:55:31,004  INFO [main] metadata.Hive: Total time spent in each metastore function (ms): {getTable_(GetTableRequest)=0, dropTable_(String, String, boolean, boolean, boolean)=0, isCompatibleWith_(Configuration)=1}
2024-04-24T05:55:31,004  INFO [main] ql.Driver: Completed executing command(queryId=alex_20240424055530_79b077fc-988f-4304-b2d3-e0f4ed2f29de); Time taken: 0.001 seconds
2024-04-24T05:55:31,004  INFO [main] lockmgr.DbTxnManager: Stopped heartbeat for query: alex_20240424055530_79b077fc-988f-4304-b2d3-e0f4ed2f29de
2024-04-24T05:55:31,009  INFO [main] txn.TxnHandler: Expected to move at least one record from txn_components to completed_txn_components when committing txn! txnid:26
2024-04-24T05:55:31,015  INFO [main] txn.TxnHandler: Removed transactions: ([26]) from MIN_HISTORY_LEVEL
2024-04-24T05:55:31,015  WARN [main] txn.CompactionTxnHandler: No compaction queue record found for Compaction type transaction commit. txnId:26
2024-04-24T05:55:31,015  INFO [main] ql.TxnCommandsBaseForTests: Running the query: drop table if exists nonAcidOrcTbl
2024-04-24T05:55:31,016  INFO [main] ql.Driver: Compiling command(queryId=alex_20240424055531_83e1ff7a-705c-41b5-a3a4-2c91ef3ebab4): drop table if exists nonAcidOrcTbl
2024-04-24T05:55:31,018  INFO [main] txn.TxnHandler: Added entries to MIN_HISTORY_LEVEL for current txns: ([27]) with min_open_txn: 22
2024-04-24T05:55:31,018  INFO [main] lockmgr.DbTxnManager: Opened txnid:27
2024-04-24T05:55:31,019  INFO [main] HiveMetaStore.audit: ugi=alex	ip=unknown-ip-addr	cmd=get_table : tbl=hive.default.nonAcidOrcTbl	
2024-04-24T05:55:31,049  INFO [main] metastore.HMSHandler: Skipping translation for processor with null
2024-04-24T05:55:31,050  INFO [main] ql.Driver: Semantic Analysis Completed (retrial = false)
2024-04-24T05:55:31,050  INFO [main] ql.Driver: Created Hive schema: Schema(fieldSchemas:null, properties:null)
2024-04-24T05:55:31,050  INFO [main] metadata.Hive: Dumping metastore api call timing information for : compilation phase
2024-04-24T05:55:31,050  INFO [main] metadata.Hive: Total time spent in each metastore function (ms): {openTxn_(String, TxnType)=2, getTable_(GetTableRequest)=31, flushCache_()=0, commitTxn_(CommitTxnRequest)=11, getValidTxns_(long)=1, isCompatibleWith_(Configuration)=0}
2024-04-24T05:55:31,050  INFO [main] ql.Driver: Completed compiling command(queryId=alex_20240424055531_83e1ff7a-705c-41b5-a3a4-2c91ef3ebab4); Time taken: 0.034 seconds
2024-04-24T05:55:31,051  INFO [main] lockmgr.DbTxnManager: Setting lock request transaction to txnid:27 for queryId=alex_20240424055531_83e1ff7a-705c-41b5-a3a4-2c91ef3ebab4
2024-04-24T05:55:31,052  INFO [main] lockmgr.DbLockManager: Requesting lock for queryId=alex_20240424055531_83e1ff7a-705c-41b5-a3a4-2c91ef3ebab4
2024-04-24T05:55:31,072  INFO [main] lockmgr.DbLockManager: Response to queryId=alex_20240424055531_83e1ff7a-705c-41b5-a3a4-2c91ef3ebab4 LockResponse(lockid:18, state:ACQUIRED)
2024-04-24T05:55:31,072  INFO [main] ql.Driver: Operation DROPTABLE obtained 1 locks
2024-04-24T05:55:31,072  INFO [main] ql.Driver: Executing command(queryId=alex_20240424055531_83e1ff7a-705c-41b5-a3a4-2c91ef3ebab4): drop table if exists nonAcidOrcTbl
2024-04-24T05:55:31,073  INFO [main] ql.Driver: Starting task [Stage-0:DDL] in serial mode
2024-04-24T05:55:31,073  INFO [main] HiveMetaStore.audit: ugi=alex	ip=unknown-ip-addr	cmd=get_table : tbl=hive.default.nonAcidOrcTbl	
2024-04-24T05:55:31,081  INFO [main] metastore.HMSHandler: Skipping translation for processor with null
2024-04-24T05:55:31,082  INFO [main] HiveMetaStore.audit: ugi=alex	ip=unknown-ip-addr	cmd=get_table : tbl=hive.default.nonAcidOrcTbl	
2024-04-24T05:55:31,090  INFO [main] metastore.HMSHandler: Skipping translation for processor with null
2024-04-24T05:55:31,090  INFO [main] HiveMetaStore.audit: ugi=alex	ip=unknown-ip-addr	cmd=drop_table : tbl=hive.default.nonAcidOrcTbl	
2024-04-24T05:55:31,125  INFO [main] metadata.Hive: Dumping metastore api call timing information for : execution phase
2024-04-24T05:55:31,125  INFO [main] metadata.Hive: Total time spent in each metastore function (ms): {dropTable_(String, String, boolean, boolean, boolean)=43, isCompatibleWith_(Configuration)=0, getTable_(GetTableRequest)=9}
2024-04-24T05:55:31,125  INFO [main] ql.Driver: Completed executing command(queryId=alex_20240424055531_83e1ff7a-705c-41b5-a3a4-2c91ef3ebab4); Time taken: 0.053 seconds
2024-04-24T05:55:31,125  INFO [main] lockmgr.DbTxnManager: Stopped heartbeat for query: alex_20240424055531_83e1ff7a-705c-41b5-a3a4-2c91ef3ebab4
2024-04-24T05:55:31,130  INFO [main] txn.TxnHandler: Expected to move at least one record from txn_components to completed_txn_components when committing txn! txnid:27
2024-04-24T05:55:31,137  INFO [main] txn.TxnHandler: Removed transactions: ([27]) from MIN_HISTORY_LEVEL
2024-04-24T05:55:31,137  WARN [main] txn.CompactionTxnHandler: No compaction queue record found for Compaction type transaction commit. txnId:27
2024-04-24T05:55:31,137  INFO [main] ql.TxnCommandsBaseForTests: Running the query: drop table if exists nonAcidOrcTbl2
2024-04-24T05:55:31,138  INFO [main] ql.Driver: Compiling command(queryId=alex_20240424055531_50a2a90e-4484-42a3-8573-42e66e52a4d2): drop table if exists nonAcidOrcTbl2
2024-04-24T05:55:31,140  INFO [main] txn.TxnHandler: Added entries to MIN_HISTORY_LEVEL for current txns: ([28]) with min_open_txn: 22
2024-04-24T05:55:31,140  INFO [main] lockmgr.DbTxnManager: Opened txnid:28
2024-04-24T05:55:31,141  INFO [main] HiveMetaStore.audit: ugi=alex	ip=unknown-ip-addr	cmd=get_table : tbl=hive.default.nonAcidOrcTbl2	
2024-04-24T05:55:31,149  INFO [main] metastore.HMSHandler: Skipping translation for processor with null
2024-04-24T05:55:31,150  INFO [main] ql.Driver: Semantic Analysis Completed (retrial = false)
2024-04-24T05:55:31,150  INFO [main] ql.Driver: Created Hive schema: Schema(fieldSchemas:null, properties:null)
2024-04-24T05:55:31,150  INFO [main] metadata.Hive: Dumping metastore api call timing information for : compilation phase
2024-04-24T05:55:31,150  INFO [main] metadata.Hive: Total time spent in each metastore function (ms): {flushCache_()=0, getValidTxns_(long)=1, getTable_(GetTableRequest)=9, isCompatibleWith_(Configuration)=0, commitTxn_(CommitTxnRequest)=12, openTxn_(String, TxnType)=2}
2024-04-24T05:55:31,150  INFO [main] ql.Driver: Completed compiling command(queryId=alex_20240424055531_50a2a90e-4484-42a3-8573-42e66e52a4d2); Time taken: 0.013 seconds
2024-04-24T05:55:31,150  INFO [main] lockmgr.DbTxnManager: Setting lock request transaction to txnid:28 for queryId=alex_20240424055531_50a2a90e-4484-42a3-8573-42e66e52a4d2
2024-04-24T05:55:31,151  INFO [main] lockmgr.DbLockManager: Requesting lock for queryId=alex_20240424055531_50a2a90e-4484-42a3-8573-42e66e52a4d2
2024-04-24T05:55:31,165  INFO [main] lockmgr.DbLockManager: Response to queryId=alex_20240424055531_50a2a90e-4484-42a3-8573-42e66e52a4d2 LockResponse(lockid:19, state:ACQUIRED)
2024-04-24T05:55:31,165  INFO [main] ql.Driver: Operation DROPTABLE obtained 1 locks
2024-04-24T05:55:31,166  INFO [main] ql.Driver: Executing command(queryId=alex_20240424055531_50a2a90e-4484-42a3-8573-42e66e52a4d2): drop table if exists nonAcidOrcTbl2
2024-04-24T05:55:31,166  INFO [main] ql.Driver: Starting task [Stage-0:DDL] in serial mode
2024-04-24T05:55:31,166  INFO [main] HiveMetaStore.audit: ugi=alex	ip=unknown-ip-addr	cmd=get_table : tbl=hive.default.nonAcidOrcTbl2	
2024-04-24T05:55:31,174  INFO [main] metastore.HMSHandler: Skipping translation for processor with null
2024-04-24T05:55:31,175  INFO [main] HiveMetaStore.audit: ugi=alex	ip=unknown-ip-addr	cmd=get_table : tbl=hive.default.nonAcidOrcTbl2	
2024-04-24T05:55:31,183  INFO [main] metastore.HMSHandler: Skipping translation for processor with null
2024-04-24T05:55:31,184  INFO [main] HiveMetaStore.audit: ugi=alex	ip=unknown-ip-addr	cmd=drop_table : tbl=hive.default.nonAcidOrcTbl2	
2024-04-24T05:55:31,215  INFO [main] metadata.Hive: Dumping metastore api call timing information for : execution phase
2024-04-24T05:55:31,215  INFO [main] metadata.Hive: Total time spent in each metastore function (ms): {getTable_(GetTableRequest)=9, isCompatibleWith_(Configuration)=0, dropTable_(String, String, boolean, boolean, boolean)=40}
2024-04-24T05:55:31,215  INFO [main] ql.Driver: Completed executing command(queryId=alex_20240424055531_50a2a90e-4484-42a3-8573-42e66e52a4d2); Time taken: 0.049 seconds
2024-04-24T05:55:31,216  INFO [main] lockmgr.DbTxnManager: Stopped heartbeat for query: alex_20240424055531_50a2a90e-4484-42a3-8573-42e66e52a4d2
2024-04-24T05:55:31,219  INFO [main] txn.TxnHandler: Expected to move at least one record from txn_components to completed_txn_components when committing txn! txnid:28
2024-04-24T05:55:31,225  INFO [main] txn.TxnHandler: Removed transactions: ([28]) from MIN_HISTORY_LEVEL
2024-04-24T05:55:31,225  WARN [main] txn.CompactionTxnHandler: No compaction queue record found for Compaction type transaction commit. txnId:28
2024-04-24T05:55:31,226  INFO [main] ql.TxnCommandsBaseForTests: Running the query: drop table if exists nonAcidNonBucket
2024-04-24T05:55:31,226  INFO [main] ql.Driver: Compiling command(queryId=alex_20240424055531_827b19e2-3495-4daf-b985-2d1ac4902621): drop table if exists nonAcidNonBucket
2024-04-24T05:55:31,229  INFO [main] txn.TxnHandler: Added entries to MIN_HISTORY_LEVEL for current txns: ([29]) with min_open_txn: 22
2024-04-24T05:55:31,229  INFO [main] lockmgr.DbTxnManager: Opened txnid:29
2024-04-24T05:55:31,230  INFO [main] HiveMetaStore.audit: ugi=alex	ip=unknown-ip-addr	cmd=get_table : tbl=hive.default.nonAcidNonBucket	
2024-04-24T05:55:31,238  INFO [main] metastore.HMSHandler: Skipping translation for processor with null
2024-04-24T05:55:31,238  INFO [main] ql.Driver: Semantic Analysis Completed (retrial = false)
2024-04-24T05:55:31,238  INFO [main] ql.Driver: Created Hive schema: Schema(fieldSchemas:null, properties:null)
2024-04-24T05:55:31,238  INFO [main] metadata.Hive: Dumping metastore api call timing information for : compilation phase
2024-04-24T05:55:31,238  INFO [main] metadata.Hive: Total time spent in each metastore function (ms): {flushCache_()=0, commitTxn_(CommitTxnRequest)=10, isCompatibleWith_(Configuration)=0, getTable_(GetTableRequest)=8, openTxn_(String, TxnType)=2, getValidTxns_(long)=0}
2024-04-24T05:55:31,239  INFO [main] ql.Driver: Completed compiling command(queryId=alex_20240424055531_827b19e2-3495-4daf-b985-2d1ac4902621); Time taken: 0.012 seconds
2024-04-24T05:55:31,239  INFO [main] lockmgr.DbTxnManager: Setting lock request transaction to txnid:29 for queryId=alex_20240424055531_827b19e2-3495-4daf-b985-2d1ac4902621
2024-04-24T05:55:31,239  INFO [main] lockmgr.DbLockManager: Requesting lock for queryId=alex_20240424055531_827b19e2-3495-4daf-b985-2d1ac4902621
2024-04-24T05:55:31,254  INFO [main] lockmgr.DbLockManager: Response to queryId=alex_20240424055531_827b19e2-3495-4daf-b985-2d1ac4902621 LockResponse(lockid:20, state:ACQUIRED)
2024-04-24T05:55:31,254  INFO [main] ql.Driver: Operation DROPTABLE obtained 1 locks
2024-04-24T05:55:31,254  INFO [main] ql.Driver: Executing command(queryId=alex_20240424055531_827b19e2-3495-4daf-b985-2d1ac4902621): drop table if exists nonAcidNonBucket
2024-04-24T05:55:31,254  INFO [main] ql.Driver: Starting task [Stage-0:DDL] in serial mode
2024-04-24T05:55:31,254  INFO [main] HiveMetaStore.audit: ugi=alex	ip=unknown-ip-addr	cmd=get_table : tbl=hive.default.nonAcidNonBucket	
2024-04-24T05:55:31,262  INFO [main] metastore.HMSHandler: Skipping translation for processor with null
2024-04-24T05:55:31,262  INFO [main] HiveMetaStore.audit: ugi=alex	ip=unknown-ip-addr	cmd=get_table : tbl=hive.default.nonAcidNonBucket	
2024-04-24T05:55:31,270  INFO [main] metastore.HMSHandler: Skipping translation for processor with null
2024-04-24T05:55:31,270  INFO [main] HiveMetaStore.audit: ugi=alex	ip=unknown-ip-addr	cmd=drop_table : tbl=hive.default.nonAcidNonBucket	
2024-04-24T05:55:31,298  INFO [main] metadata.Hive: Dumping metastore api call timing information for : execution phase
2024-04-24T05:55:31,298  INFO [main] metadata.Hive: Total time spent in each metastore function (ms): {getTable_(GetTableRequest)=8, dropTable_(String, String, boolean, boolean, boolean)=36, isCompatibleWith_(Configuration)=0}
2024-04-24T05:55:31,298  INFO [main] ql.Driver: Completed executing command(queryId=alex_20240424055531_827b19e2-3495-4daf-b985-2d1ac4902621); Time taken: 0.044 seconds
2024-04-24T05:55:31,299  INFO [main] lockmgr.DbTxnManager: Stopped heartbeat for query: alex_20240424055531_827b19e2-3495-4daf-b985-2d1ac4902621
2024-04-24T05:55:31,303  INFO [main] txn.TxnHandler: Expected to move at least one record from txn_components to completed_txn_components when committing txn! txnid:29
2024-04-24T05:55:31,309  INFO [main] txn.TxnHandler: Removed transactions: ([29]) from MIN_HISTORY_LEVEL
2024-04-24T05:55:31,309  WARN [main] txn.CompactionTxnHandler: No compaction queue record found for Compaction type transaction commit. txnId:29
2024-04-24T05:55:31,310  INFO [main] utils.TestTxnDbUtil: Cleaning transactional tables
]]></system-err>
  </testcase>
  <testcase name="testAbort" classname="org.apache.hadoop.hive.ql.TestTxnLoadData" time="6.591"/>
  <testcase name="testMMOrcTable" classname="org.apache.hadoop.hive.ql.TestTxnLoadData" time="4.501"/>
  <testcase name="testMultiStatement" classname="org.apache.hadoop.hive.ql.TestTxnLoadData" time="13.455"/>
  <testcase name="loadDataPartitioned" classname="org.apache.hadoop.hive.ql.TestTxnLoadData" time="12.278"/>
  <testcase name="loadDataUpdateVectorized" classname="org.apache.hadoop.hive.ql.TestTxnLoadData" time="5.204">
    <error type="java.lang.RuntimeException"><![CDATA[java.lang.RuntimeException: update T set b = 17 where a = 1 failed: (responseCode = 40000, errorMessage = FAILED: NoMatchingMethodException No matching method for class org.apache.hadoop.hive.ql.udf.UDFToInteger with (struct<writeid:bigint,bucketid:int,rowid:bigint>). Possible choices: _FUNC_(bigint)  _FUNC_(boolean)  _FUNC_(decimal(38,18))  _FUNC_(double)  _FUNC_(float)  _FUNC_(smallint)  _FUNC_(string)  _FUNC_(struct<rowid:bigint,writeid:int,bucketid:bigint>)  _FUNC_(timestamp)  _FUNC_(tinyint)  _FUNC_(void)  , hiveErrorCode = 40000, SQLState = 42000, exception = No matching method for class org.apache.hadoop.hive.ql.udf.UDFToInteger with (struct<writeid:bigint,bucketid:int,rowid:bigint>). Possible choices: _FUNC_(bigint)  _FUNC_(boolean)  _FUNC_(decimal(38,18))  _FUNC_(double)  _FUNC_(float)  _FUNC_(smallint)  _FUNC_(string)  _FUNC_(struct<rowid:bigint,writeid:int,bucketid:bigint>)  _FUNC_(timestamp)  _FUNC_(tinyint)  _FUNC_(void)  )
	at org.apache.hadoop.hive.ql.TxnCommandsBaseForTests.runStatementOnDriver(TxnCommandsBaseForTests.java:247)
	at org.apache.hadoop.hive.ql.TestTxnLoadData.loadDataUpdate(TestTxnLoadData.java:118)
	at org.apache.hadoop.hive.ql.TestTxnLoadData.loadDataUpdateVectorized(TestTxnLoadData.java:76)
	at sun.reflect.NativeMethodAccessorImpl.invoke0(Native Method)
	at sun.reflect.NativeMethodAccessorImpl.invoke(NativeMethodAccessorImpl.java:62)
	at sun.reflect.DelegatingMethodAccessorImpl.invoke(DelegatingMethodAccessorImpl.java:43)
	at java.lang.reflect.Method.invoke(Method.java:498)
	at org.junit.runners.model.FrameworkMethod$1.runReflectiveCall(FrameworkMethod.java:59)
	at org.junit.internal.runners.model.ReflectiveCallable.run(ReflectiveCallable.java:12)
	at org.junit.runners.model.FrameworkMethod.invokeExplosively(FrameworkMethod.java:56)
	at org.junit.internal.runners.statements.InvokeMethod.evaluate(InvokeMethod.java:17)
	at org.junit.internal.runners.statements.RunBefores.evaluate(RunBefores.java:26)
	at org.junit.internal.runners.statements.RunAfters.evaluate(RunAfters.java:27)
	at org.junit.rules.ExternalResource$1.evaluate(ExternalResource.java:54)
	at org.junit.rules.TestWatcher$1.evaluate(TestWatcher.java:61)
	at org.junit.runners.ParentRunner$3.evaluate(ParentRunner.java:306)
	at org.junit.runners.BlockJUnit4ClassRunner$1.evaluate(BlockJUnit4ClassRunner.java:100)
	at org.junit.runners.ParentRunner.runLeaf(ParentRunner.java:366)
	at org.junit.runners.BlockJUnit4ClassRunner.runChild(BlockJUnit4ClassRunner.java:103)
	at org.junit.runners.BlockJUnit4ClassRunner.runChild(BlockJUnit4ClassRunner.java:63)
	at org.junit.runners.ParentRunner$4.run(ParentRunner.java:331)
	at org.junit.runners.ParentRunner$1.schedule(ParentRunner.java:79)
	at org.junit.runners.ParentRunner.runChildren(ParentRunner.java:329)
	at org.junit.runners.ParentRunner.access$100(ParentRunner.java:66)
	at org.junit.runners.ParentRunner$2.evaluate(ParentRunner.java:293)
	at org.junit.runners.ParentRunner$3.evaluate(ParentRunner.java:306)
	at org.junit.runners.ParentRunner.run(ParentRunner.java:413)
	at org.junit.runner.JUnitCore.run(JUnitCore.java:137)
	at org.junit.runner.JUnitCore.run(JUnitCore.java:115)
	at org.junit.vintage.engine.execution.RunnerExecutor.execute(RunnerExecutor.java:43)
	at java.util.stream.ForEachOps$ForEachOp$OfRef.accept(ForEachOps.java:183)
	at java.util.stream.ReferencePipeline$3$1.accept(ReferencePipeline.java:193)
	at java.util.Iterator.forEachRemaining(Iterator.java:116)
	at java.util.Spliterators$IteratorSpliterator.forEachRemaining(Spliterators.java:1801)
	at java.util.stream.AbstractPipeline.copyInto(AbstractPipeline.java:482)
	at java.util.stream.AbstractPipeline.wrapAndCopyInto(AbstractPipeline.java:472)
	at java.util.stream.ForEachOps$ForEachOp.evaluateSequential(ForEachOps.java:150)
	at java.util.stream.ForEachOps$ForEachOp$OfRef.evaluateSequential(ForEachOps.java:173)
	at java.util.stream.AbstractPipeline.evaluate(AbstractPipeline.java:234)
	at java.util.stream.ReferencePipeline.forEach(ReferencePipeline.java:485)
	at org.junit.vintage.engine.VintageTestEngine.executeAllChildren(VintageTestEngine.java:82)
	at org.junit.vintage.engine.VintageTestEngine.execute(VintageTestEngine.java:73)
	at org.junit.platform.launcher.core.DefaultLauncher.execute(DefaultLauncher.java:248)
	at org.junit.platform.launcher.core.DefaultLauncher.lambda$execute$5(DefaultLauncher.java:211)
	at org.junit.platform.launcher.core.DefaultLauncher.withInterceptedStreams(DefaultLauncher.java:226)
	at org.junit.platform.launcher.core.DefaultLauncher.execute(DefaultLauncher.java:199)
	at org.junit.platform.launcher.core.DefaultLauncher.execute(DefaultLauncher.java:132)
	at org.apache.maven.surefire.junitplatform.JUnitPlatformProvider.invokeAllTests(JUnitPlatformProvider.java:154)
	at org.apache.maven.surefire.junitplatform.JUnitPlatformProvider.invoke(JUnitPlatformProvider.java:123)
	at org.apache.maven.surefire.booter.ForkedBooter.runSuitesInProcess(ForkedBooter.java:377)
	at org.apache.maven.surefire.booter.ForkedBooter.execute(ForkedBooter.java:138)
	at org.apache.maven.surefire.booter.ForkedBooter.run(ForkedBooter.java:465)
	at org.apache.maven.surefire.booter.ForkedBooter.main(ForkedBooter.java:451)
]]></error>
    <system-err><![CDATA[2024-04-24T05:56:08,208  WARN [main] conf.HiveConf: HiveConf of name hive.dummyparam.test.server.specific.config.metastoresite does not exist
2024-04-24T05:56:08,208  WARN [main] conf.HiveConf: HiveConf of name hive.llap.io.cache.orc.alloc.min does not exist
2024-04-24T05:56:08,208  WARN [main] conf.HiveConf: HiveConf of name hive.stats.key.prefix.reserve.length does not exist
2024-04-24T05:56:08,208  WARN [main] conf.HiveConf: HiveConf of name hive.metastore.client.cache.maxSize does not exist
2024-04-24T05:56:08,208  WARN [main] conf.HiveConf: HiveConf of name hive.dummyparam.test.server.specific.config.hivesite does not exist
2024-04-24T05:56:08,208  WARN [main] conf.HiveConf: HiveConf of name hive.metastore.client.cache.recordStats does not exist
2024-04-24T05:56:08,208  WARN [main] conf.HiveConf: HiveConf of name hive.metastore.metadb.dir does not exist
2024-04-24T05:56:08,208  WARN [main] conf.HiveConf: HiveConf of name hive.llap.io.cache.orc.arena.size does not exist
2024-04-24T05:56:08,208  WARN [main] conf.HiveConf: HiveConf of name hive.llap.io.cache.orc.size does not exist
2024-04-24T05:56:08,209  WARN [main] conf.HiveConf: HiveConf of name hive.llap.io.cache.orc.alloc.max does not exist
2024-04-24T05:56:08,209  WARN [main] conf.HiveConf: HiveConf of name hive.dummyparam.test.server.specific.config.override does not exist
2024-04-24T05:56:08,210  INFO [main] utils.TestTxnDbUtil: Creating transactional tables
Hive Session ID = d8afebad-a24a-4661-88a7-b5fbb5152875
2024-04-24T05:56:08,213  INFO [main] SessionState: Hive Session ID = d8afebad-a24a-4661-88a7-b5fbb5152875
ivysettings.xml file not found in HIVE_HOME or HIVE_CONF_DIR,/home/alex/Repositories/hive/conf/ivysettings.xml will be used
2024-04-24T05:56:08,213  INFO [main] DependencyResolver: ivysettings.xml file not found in HIVE_HOME or HIVE_CONF_DIR,/home/alex/Repositories/hive/conf/ivysettings.xml will be used
2024-04-24T05:56:08,219  INFO [main] session.SessionState: Created HDFS directory: /home/alex/Repositories/hive/ql/target/tmp/scratchdir/alex/d8afebad-a24a-4661-88a7-b5fbb5152875
2024-04-24T05:56:08,221  INFO [main] session.SessionState: Created local directory: /home/alex/Repositories/hive/ql/target/tmp/localscratchdir/d8afebad-a24a-4661-88a7-b5fbb5152875
2024-04-24T05:56:08,223  INFO [main] session.SessionState: Created HDFS directory: /home/alex/Repositories/hive/ql/target/tmp/scratchdir/alex/d8afebad-a24a-4661-88a7-b5fbb5152875/_tmp_space.db
2024-04-24T05:56:08,224  INFO [main] sqlstd.SQLStdHiveAccessController: Created SQLStdHiveAccessController for session context : HiveAuthzSessionContext [sessionString=d8afebad-a24a-4661-88a7-b5fbb5152875, clientType=HIVECLI]
2024-04-24T05:56:08,224  INFO [main] ql.TxnCommandsBaseForTests: Running the query: drop table if exists acidTbl
2024-04-24T05:56:08,224  INFO [main] ql.Driver: Compiling command(queryId=alex_20240424055608_92761bbd-5ea2-404a-9c7e-c027fe22bd51): drop table if exists acidTbl
2024-04-24T05:56:08,233  INFO [main] txn.TxnHandler: Added entries to MIN_HISTORY_LEVEL for current txns: ([1]) with min_open_txn: 1
2024-04-24T05:56:08,233  INFO [main] lockmgr.DbTxnManager: Opened txnid:1
2024-04-24T05:56:08,235  INFO [main] HiveMetaStore.audit: ugi=alex	ip=unknown-ip-addr	cmd=get_table : tbl=hive.default.acidTbl	
2024-04-24T05:56:08,238  INFO [main] ql.Driver: Semantic Analysis Completed (retrial = false)
2024-04-24T05:56:08,238  INFO [main] ql.Driver: Created Hive schema: Schema(fieldSchemas:null, properties:null)
2024-04-24T05:56:08,238  INFO [main] metadata.Hive: Dumping metastore api call timing information for : compilation phase
2024-04-24T05:56:08,238  INFO [main] metadata.Hive: Total time spent in each metastore function (ms): {getValidTxns_(long)=2, openTxn_(String, TxnType)=8, flushCache_()=0, isCompatibleWith_(Configuration)=0, commitTxn_(CommitTxnRequest)=9}
2024-04-24T05:56:08,238  INFO [main] ql.Driver: Completed compiling command(queryId=alex_20240424055608_92761bbd-5ea2-404a-9c7e-c027fe22bd51); Time taken: 0.014 seconds
2024-04-24T05:56:08,239  INFO [main] lockmgr.DbTxnManager: Setting lock request transaction to txnid:1 for queryId=alex_20240424055608_92761bbd-5ea2-404a-9c7e-c027fe22bd51
2024-04-24T05:56:08,239  INFO [main] ql.Driver: Operation DROPTABLE obtained 0 locks
2024-04-24T05:56:08,239  INFO [main] ql.Driver: Executing command(queryId=alex_20240424055608_92761bbd-5ea2-404a-9c7e-c027fe22bd51): drop table if exists acidTbl
2024-04-24T05:56:08,239  INFO [main] ql.Driver: Starting task [Stage-0:DDL] in serial mode
2024-04-24T05:56:08,239  INFO [main] HiveMetaStore.audit: ugi=alex	ip=unknown-ip-addr	cmd=get_table : tbl=hive.default.acidTbl	
2024-04-24T05:56:08,242  INFO [main] metadata.Hive: Dumping metastore api call timing information for : execution phase
2024-04-24T05:56:08,242  INFO [main] metadata.Hive: Total time spent in each metastore function (ms): {isCompatibleWith_(Configuration)=0}
2024-04-24T05:56:08,242  INFO [main] ql.Driver: Completed executing command(queryId=alex_20240424055608_92761bbd-5ea2-404a-9c7e-c027fe22bd51); Time taken: 0.003 seconds
2024-04-24T05:56:08,242  INFO [main] lockmgr.DbTxnManager: Stopped heartbeat for query: alex_20240424055608_92761bbd-5ea2-404a-9c7e-c027fe22bd51
2024-04-24T05:56:08,249  INFO [main] txn.TxnHandler: Expected to move at least one record from txn_components to completed_txn_components when committing txn! txnid:1
2024-04-24T05:56:08,256  INFO [main] txn.TxnHandler: Removed transactions: ([1]) from MIN_HISTORY_LEVEL
2024-04-24T05:56:08,256  WARN [main] txn.CompactionTxnHandler: No compaction queue record found for Compaction type transaction commit. txnId:1
2024-04-24T05:56:08,257  INFO [main] ql.TxnCommandsBaseForTests: Running the query: drop table if exists acidTblPart
2024-04-24T05:56:08,257  INFO [main] ql.Driver: Compiling command(queryId=alex_20240424055608_f471cb21-a7ff-4c0a-98e7-f95c78a72029): drop table if exists acidTblPart
2024-04-24T05:56:08,260  INFO [main] txn.TxnHandler: Added entries to MIN_HISTORY_LEVEL for current txns: ([2]) with min_open_txn: 1
2024-04-24T05:56:08,260  INFO [main] lockmgr.DbTxnManager: Opened txnid:2
2024-04-24T05:56:08,261  INFO [main] HiveMetaStore.audit: ugi=alex	ip=unknown-ip-addr	cmd=get_table : tbl=hive.default.acidTblPart	
2024-04-24T05:56:08,265  INFO [main] ql.Driver: Semantic Analysis Completed (retrial = false)
2024-04-24T05:56:08,265  INFO [main] ql.Driver: Created Hive schema: Schema(fieldSchemas:null, properties:null)
2024-04-24T05:56:08,265  INFO [main] metadata.Hive: Dumping metastore api call timing information for : compilation phase
2024-04-24T05:56:08,265  INFO [main] metadata.Hive: Total time spent in each metastore function (ms): {isCompatibleWith_(Configuration)=1, openTxn_(String, TxnType)=2, getValidTxns_(long)=0, flushCache_()=1, commitTxn_(CommitTxnRequest)=13}
2024-04-24T05:56:08,265  INFO [main] ql.Driver: Completed compiling command(queryId=alex_20240424055608_f471cb21-a7ff-4c0a-98e7-f95c78a72029); Time taken: 0.008 seconds
2024-04-24T05:56:08,265  INFO [main] lockmgr.DbTxnManager: Setting lock request transaction to txnid:2 for queryId=alex_20240424055608_f471cb21-a7ff-4c0a-98e7-f95c78a72029
2024-04-24T05:56:08,266  INFO [main] ql.Driver: Operation DROPTABLE obtained 0 locks
2024-04-24T05:56:08,266  INFO [main] ql.Driver: Executing command(queryId=alex_20240424055608_f471cb21-a7ff-4c0a-98e7-f95c78a72029): drop table if exists acidTblPart
2024-04-24T05:56:08,266  INFO [main] ql.Driver: Starting task [Stage-0:DDL] in serial mode
2024-04-24T05:56:08,266  INFO [main] HiveMetaStore.audit: ugi=alex	ip=unknown-ip-addr	cmd=get_table : tbl=hive.default.acidTblPart	
2024-04-24T05:56:08,269  INFO [main] metadata.Hive: Dumping metastore api call timing information for : execution phase
2024-04-24T05:56:08,269  INFO [main] metadata.Hive: Total time spent in each metastore function (ms): {isCompatibleWith_(Configuration)=0}
2024-04-24T05:56:08,269  INFO [main] ql.Driver: Completed executing command(queryId=alex_20240424055608_f471cb21-a7ff-4c0a-98e7-f95c78a72029); Time taken: 0.003 seconds
2024-04-24T05:56:08,269  INFO [main] lockmgr.DbTxnManager: Stopped heartbeat for query: alex_20240424055608_f471cb21-a7ff-4c0a-98e7-f95c78a72029
2024-04-24T05:56:08,275  INFO [main] txn.TxnHandler: Expected to move at least one record from txn_components to completed_txn_components when committing txn! txnid:2
2024-04-24T05:56:08,280  INFO [main] txn.TxnHandler: Removed transactions: ([2]) from MIN_HISTORY_LEVEL
2024-04-24T05:56:08,280  WARN [main] txn.CompactionTxnHandler: No compaction queue record found for Compaction type transaction commit. txnId:2
2024-04-24T05:56:08,281  INFO [main] ql.TxnCommandsBaseForTests: Running the query: drop table if exists acidTbl2
2024-04-24T05:56:08,282  INFO [main] ql.Driver: Compiling command(queryId=alex_20240424055608_3a50abc8-4bb0-468e-bea0-b5856dc7e302): drop table if exists acidTbl2
2024-04-24T05:56:08,284  INFO [main] txn.TxnHandler: Added entries to MIN_HISTORY_LEVEL for current txns: ([3]) with min_open_txn: 1
2024-04-24T05:56:08,284  INFO [main] lockmgr.DbTxnManager: Opened txnid:3
2024-04-24T05:56:08,285  INFO [main] HiveMetaStore.audit: ugi=alex	ip=unknown-ip-addr	cmd=get_table : tbl=hive.default.acidTbl2	
2024-04-24T05:56:08,287  INFO [main] ql.Driver: Semantic Analysis Completed (retrial = false)
2024-04-24T05:56:08,288  INFO [main] ql.Driver: Created Hive schema: Schema(fieldSchemas:null, properties:null)
2024-04-24T05:56:08,288  INFO [main] metadata.Hive: Dumping metastore api call timing information for : compilation phase
2024-04-24T05:56:08,288  INFO [main] metadata.Hive: Total time spent in each metastore function (ms): {getValidTxns_(long)=1, isCompatibleWith_(Configuration)=0, commitTxn_(CommitTxnRequest)=11, openTxn_(String, TxnType)=2, flushCache_()=0}
2024-04-24T05:56:08,288  INFO [main] ql.Driver: Completed compiling command(queryId=alex_20240424055608_3a50abc8-4bb0-468e-bea0-b5856dc7e302); Time taken: 0.006 seconds
2024-04-24T05:56:08,288  INFO [main] lockmgr.DbTxnManager: Setting lock request transaction to txnid:3 for queryId=alex_20240424055608_3a50abc8-4bb0-468e-bea0-b5856dc7e302
2024-04-24T05:56:08,288  INFO [main] ql.Driver: Operation DROPTABLE obtained 0 locks
2024-04-24T05:56:08,288  INFO [main] ql.Driver: Executing command(queryId=alex_20240424055608_3a50abc8-4bb0-468e-bea0-b5856dc7e302): drop table if exists acidTbl2
2024-04-24T05:56:08,288  INFO [main] ql.Driver: Starting task [Stage-0:DDL] in serial mode
2024-04-24T05:56:08,289  INFO [main] HiveMetaStore.audit: ugi=alex	ip=unknown-ip-addr	cmd=get_table : tbl=hive.default.acidTbl2	
2024-04-24T05:56:08,292  INFO [main] metadata.Hive: Dumping metastore api call timing information for : execution phase
2024-04-24T05:56:08,292  INFO [main] metadata.Hive: Total time spent in each metastore function (ms): {isCompatibleWith_(Configuration)=0}
2024-04-24T05:56:08,292  INFO [main] ql.Driver: Completed executing command(queryId=alex_20240424055608_3a50abc8-4bb0-468e-bea0-b5856dc7e302); Time taken: 0.004 seconds
2024-04-24T05:56:08,292  INFO [main] lockmgr.DbTxnManager: Stopped heartbeat for query: alex_20240424055608_3a50abc8-4bb0-468e-bea0-b5856dc7e302
2024-04-24T05:56:08,297  INFO [main] txn.TxnHandler: Expected to move at least one record from txn_components to completed_txn_components when committing txn! txnid:3
2024-04-24T05:56:08,302  INFO [main] txn.TxnHandler: Removed transactions: ([3]) from MIN_HISTORY_LEVEL
2024-04-24T05:56:08,302  WARN [main] txn.CompactionTxnHandler: No compaction queue record found for Compaction type transaction commit. txnId:3
2024-04-24T05:56:08,303  INFO [main] ql.TxnCommandsBaseForTests: Running the query: drop table if exists nonAcidOrcTbl
2024-04-24T05:56:08,303  INFO [main] ql.Driver: Compiling command(queryId=alex_20240424055608_1ef9b87f-7ced-4e16-a3ca-d28781bade9e): drop table if exists nonAcidOrcTbl
2024-04-24T05:56:08,305  INFO [main] txn.TxnHandler: Added entries to MIN_HISTORY_LEVEL for current txns: ([4]) with min_open_txn: 1
2024-04-24T05:56:08,305  INFO [main] lockmgr.DbTxnManager: Opened txnid:4
2024-04-24T05:56:08,306  INFO [main] HiveMetaStore.audit: ugi=alex	ip=unknown-ip-addr	cmd=get_table : tbl=hive.default.nonAcidOrcTbl	
2024-04-24T05:56:08,308  INFO [main] ql.Driver: Semantic Analysis Completed (retrial = false)
2024-04-24T05:56:08,309  INFO [main] ql.Driver: Created Hive schema: Schema(fieldSchemas:null, properties:null)
2024-04-24T05:56:08,309  INFO [main] metadata.Hive: Dumping metastore api call timing information for : compilation phase
2024-04-24T05:56:08,309  INFO [main] metadata.Hive: Total time spent in each metastore function (ms): {openTxn_(String, TxnType)=2, getValidTxns_(long)=1, flushCache_()=0, isCompatibleWith_(Configuration)=0, commitTxn_(CommitTxnRequest)=10}
2024-04-24T05:56:08,309  INFO [main] ql.Driver: Completed compiling command(queryId=alex_20240424055608_1ef9b87f-7ced-4e16-a3ca-d28781bade9e); Time taken: 0.006 seconds
2024-04-24T05:56:08,309  INFO [main] lockmgr.DbTxnManager: Setting lock request transaction to txnid:4 for queryId=alex_20240424055608_1ef9b87f-7ced-4e16-a3ca-d28781bade9e
2024-04-24T05:56:08,309  INFO [main] ql.Driver: Operation DROPTABLE obtained 0 locks
2024-04-24T05:56:08,309  INFO [main] ql.Driver: Executing command(queryId=alex_20240424055608_1ef9b87f-7ced-4e16-a3ca-d28781bade9e): drop table if exists nonAcidOrcTbl
2024-04-24T05:56:08,310  INFO [main] ql.Driver: Starting task [Stage-0:DDL] in serial mode
2024-04-24T05:56:08,310  INFO [main] HiveMetaStore.audit: ugi=alex	ip=unknown-ip-addr	cmd=get_table : tbl=hive.default.nonAcidOrcTbl	
2024-04-24T05:56:08,313  INFO [main] metadata.Hive: Dumping metastore api call timing information for : execution phase
2024-04-24T05:56:08,313  INFO [main] metadata.Hive: Total time spent in each metastore function (ms): {isCompatibleWith_(Configuration)=0}
2024-04-24T05:56:08,313  INFO [main] ql.Driver: Completed executing command(queryId=alex_20240424055608_1ef9b87f-7ced-4e16-a3ca-d28781bade9e); Time taken: 0.004 seconds
2024-04-24T05:56:08,313  INFO [main] lockmgr.DbTxnManager: Stopped heartbeat for query: alex_20240424055608_1ef9b87f-7ced-4e16-a3ca-d28781bade9e
2024-04-24T05:56:08,319  INFO [main] txn.TxnHandler: Expected to move at least one record from txn_components to completed_txn_components when committing txn! txnid:4
2024-04-24T05:56:08,324  INFO [main] txn.TxnHandler: Removed transactions: ([4]) from MIN_HISTORY_LEVEL
2024-04-24T05:56:08,324  WARN [main] txn.CompactionTxnHandler: No compaction queue record found for Compaction type transaction commit. txnId:4
2024-04-24T05:56:08,325  INFO [main] ql.TxnCommandsBaseForTests: Running the query: drop table if exists nonAcidOrcTbl2
2024-04-24T05:56:08,325  INFO [main] ql.Driver: Compiling command(queryId=alex_20240424055608_9ee86672-2181-412f-8574-4a70250fe5fa): drop table if exists nonAcidOrcTbl2
2024-04-24T05:56:08,327  INFO [main] txn.TxnHandler: Added entries to MIN_HISTORY_LEVEL for current txns: ([5]) with min_open_txn: 1
2024-04-24T05:56:08,327  INFO [main] lockmgr.DbTxnManager: Opened txnid:5
2024-04-24T05:56:08,328  INFO [main] HiveMetaStore.audit: ugi=alex	ip=unknown-ip-addr	cmd=get_table : tbl=hive.default.nonAcidOrcTbl2	
2024-04-24T05:56:08,331  INFO [main] ql.Driver: Semantic Analysis Completed (retrial = false)
2024-04-24T05:56:08,331  INFO [main] ql.Driver: Created Hive schema: Schema(fieldSchemas:null, properties:null)
2024-04-24T05:56:08,331  INFO [main] metadata.Hive: Dumping metastore api call timing information for : compilation phase
2024-04-24T05:56:08,331  INFO [main] metadata.Hive: Total time spent in each metastore function (ms): {openTxn_(String, TxnType)=2, isCompatibleWith_(Configuration)=0, getValidTxns_(long)=0, commitTxn_(CommitTxnRequest)=12, flushCache_()=0}
2024-04-24T05:56:08,331  INFO [main] ql.Driver: Completed compiling command(queryId=alex_20240424055608_9ee86672-2181-412f-8574-4a70250fe5fa); Time taken: 0.006 seconds
2024-04-24T05:56:08,332  INFO [main] lockmgr.DbTxnManager: Setting lock request transaction to txnid:5 for queryId=alex_20240424055608_9ee86672-2181-412f-8574-4a70250fe5fa
2024-04-24T05:56:08,332  INFO [main] ql.Driver: Operation DROPTABLE obtained 0 locks
2024-04-24T05:56:08,332  INFO [main] ql.Driver: Executing command(queryId=alex_20240424055608_9ee86672-2181-412f-8574-4a70250fe5fa): drop table if exists nonAcidOrcTbl2
2024-04-24T05:56:08,332  INFO [main] ql.Driver: Starting task [Stage-0:DDL] in serial mode
2024-04-24T05:56:08,332  INFO [main] HiveMetaStore.audit: ugi=alex	ip=unknown-ip-addr	cmd=get_table : tbl=hive.default.nonAcidOrcTbl2	
2024-04-24T05:56:08,337  INFO [main] metadata.Hive: Dumping metastore api call timing information for : execution phase
2024-04-24T05:56:08,337  INFO [main] metadata.Hive: Total time spent in each metastore function (ms): {isCompatibleWith_(Configuration)=0}
2024-04-24T05:56:08,338  INFO [main] ql.Driver: Completed executing command(queryId=alex_20240424055608_9ee86672-2181-412f-8574-4a70250fe5fa); Time taken: 0.005 seconds
2024-04-24T05:56:08,338  INFO [main] lockmgr.DbTxnManager: Stopped heartbeat for query: alex_20240424055608_9ee86672-2181-412f-8574-4a70250fe5fa
2024-04-24T05:56:08,342  INFO [main] txn.TxnHandler: Expected to move at least one record from txn_components to completed_txn_components when committing txn! txnid:5
2024-04-24T05:56:08,347  INFO [main] txn.TxnHandler: Removed transactions: ([5]) from MIN_HISTORY_LEVEL
2024-04-24T05:56:08,348  WARN [main] txn.CompactionTxnHandler: No compaction queue record found for Compaction type transaction commit. txnId:5
2024-04-24T05:56:08,348  INFO [main] ql.TxnCommandsBaseForTests: Running the query: drop table if exists nonAcidNonBucket
2024-04-24T05:56:08,348  INFO [main] ql.Driver: Compiling command(queryId=alex_20240424055608_3e994997-04e9-4a67-b890-c71e291cfd57): drop table if exists nonAcidNonBucket
2024-04-24T05:56:08,351  INFO [main] txn.TxnHandler: Added entries to MIN_HISTORY_LEVEL for current txns: ([6]) with min_open_txn: 1
2024-04-24T05:56:08,352  INFO [main] lockmgr.DbTxnManager: Opened txnid:6
2024-04-24T05:56:08,352  INFO [main] HiveMetaStore.audit: ugi=alex	ip=unknown-ip-addr	cmd=get_table : tbl=hive.default.nonAcidNonBucket	
2024-04-24T05:56:08,355  INFO [main] ql.Driver: Semantic Analysis Completed (retrial = false)
2024-04-24T05:56:08,355  INFO [main] ql.Driver: Created Hive schema: Schema(fieldSchemas:null, properties:null)
2024-04-24T05:56:08,355  INFO [main] metadata.Hive: Dumping metastore api call timing information for : compilation phase
2024-04-24T05:56:08,355  INFO [main] metadata.Hive: Total time spent in each metastore function (ms): {getValidTxns_(long)=0, isCompatibleWith_(Configuration)=0, openTxn_(String, TxnType)=3, commitTxn_(CommitTxnRequest)=10, flushCache_()=0}
2024-04-24T05:56:08,356  INFO [main] ql.Driver: Completed compiling command(queryId=alex_20240424055608_3e994997-04e9-4a67-b890-c71e291cfd57); Time taken: 0.007 seconds
2024-04-24T05:56:08,356  INFO [main] lockmgr.DbTxnManager: Setting lock request transaction to txnid:6 for queryId=alex_20240424055608_3e994997-04e9-4a67-b890-c71e291cfd57
2024-04-24T05:56:08,356  INFO [main] ql.Driver: Operation DROPTABLE obtained 0 locks
2024-04-24T05:56:08,356  INFO [main] ql.Driver: Executing command(queryId=alex_20240424055608_3e994997-04e9-4a67-b890-c71e291cfd57): drop table if exists nonAcidNonBucket
2024-04-24T05:56:08,356  INFO [main] ql.Driver: Starting task [Stage-0:DDL] in serial mode
2024-04-24T05:56:08,356  INFO [main] HiveMetaStore.audit: ugi=alex	ip=unknown-ip-addr	cmd=get_table : tbl=hive.default.nonAcidNonBucket	
2024-04-24T05:56:08,359  INFO [main] metadata.Hive: Dumping metastore api call timing information for : execution phase
2024-04-24T05:56:08,360  INFO [main] metadata.Hive: Total time spent in each metastore function (ms): {isCompatibleWith_(Configuration)=0}
2024-04-24T05:56:08,360  INFO [main] ql.Driver: Completed executing command(queryId=alex_20240424055608_3e994997-04e9-4a67-b890-c71e291cfd57); Time taken: 0.003 seconds
2024-04-24T05:56:08,360  INFO [main] lockmgr.DbTxnManager: Stopped heartbeat for query: alex_20240424055608_3e994997-04e9-4a67-b890-c71e291cfd57
2024-04-24T05:56:08,365  INFO [main] txn.TxnHandler: Expected to move at least one record from txn_components to completed_txn_components when committing txn! txnid:6
2024-04-24T05:56:08,371  INFO [main] txn.TxnHandler: Removed transactions: ([6]) from MIN_HISTORY_LEVEL
2024-04-24T05:56:08,371  WARN [main] txn.CompactionTxnHandler: No compaction queue record found for Compaction type transaction commit. txnId:6
2024-04-24T05:56:08,372  INFO [main] ql.TxnCommandsBaseForTests: Running the query: create table acidTbl(a int, b int) clustered by (a) into 2 buckets stored as orc TBLPROPERTIES ('transactional'='true')
2024-04-24T05:56:08,372  INFO [main] ql.Driver: Compiling command(queryId=alex_20240424055608_00d81065-581e-46ce-8664-f663d1e63f2e): create table acidTbl(a int, b int) clustered by (a) into 2 buckets stored as orc TBLPROPERTIES ('transactional'='true')
2024-04-24T05:56:08,374  INFO [main] txn.TxnHandler: Added entries to MIN_HISTORY_LEVEL for current txns: ([7]) with min_open_txn: 1
2024-04-24T05:56:08,375  INFO [main] lockmgr.DbTxnManager: Opened txnid:7
2024-04-24T05:56:08,375  INFO [main] parse.CalcitePlanner: Starting caching scope for: 
2024-04-24T05:56:08,375  INFO [main] parse.CalcitePlanner: Starting Semantic Analysis
2024-04-24T05:56:08,381  INFO [main] parse.CalcitePlanner: Creating table default.acidTbl position=13
2024-04-24T05:56:08,381  INFO [main] HiveMetaStore.audit: ugi=alex	ip=unknown-ip-addr	cmd=get_database: default	
2024-04-24T05:56:08,383  INFO [main] parse.CalcitePlanner: Ending caching scope for: 
2024-04-24T05:56:08,383  INFO [main] ql.Driver: Semantic Analysis Completed (retrial = false)
2024-04-24T05:56:08,383  INFO [main] ql.Driver: Created Hive schema: Schema(fieldSchemas:null, properties:null)
2024-04-24T05:56:08,383  INFO [main] metadata.Hive: Dumping metastore api call timing information for : compilation phase
2024-04-24T05:56:08,383  INFO [main] metadata.Hive: Total time spent in each metastore function (ms): {openTxn_(String, TxnType)=2, isCompatibleWith_(Configuration)=1, getValidWriteIds_(List, String)=6, getValidTxns_(long)=0, getDatabase_(String)=2, commitTxn_(CommitTxnRequest)=11, flushCache_()=0}
2024-04-24T05:56:08,384  INFO [main] ql.Driver: Completed compiling command(queryId=alex_20240424055608_00d81065-581e-46ce-8664-f663d1e63f2e); Time taken: 0.011 seconds
2024-04-24T05:56:08,384  INFO [main] lockmgr.DbTxnManager: Setting lock request transaction to txnid:7 for queryId=alex_20240424055608_00d81065-581e-46ce-8664-f663d1e63f2e
2024-04-24T05:56:08,384  INFO [main] lockmgr.DbLockManager: Requesting lock for queryId=alex_20240424055608_00d81065-581e-46ce-8664-f663d1e63f2e
2024-04-24T05:56:08,403  INFO [main] lockmgr.DbLockManager: Response to queryId=alex_20240424055608_00d81065-581e-46ce-8664-f663d1e63f2e LockResponse(lockid:1, state:ACQUIRED)
2024-04-24T05:56:08,403  INFO [main] ql.Driver: Operation CREATETABLE obtained 1 locks
2024-04-24T05:56:08,403  INFO [main] ql.Driver: Executing command(queryId=alex_20240424055608_00d81065-581e-46ce-8664-f663d1e63f2e): create table acidTbl(a int, b int) clustered by (a) into 2 buckets stored as orc TBLPROPERTIES ('transactional'='true')
2024-04-24T05:56:08,403  INFO [main] ql.Driver: Starting task [Stage-0:DDL] in serial mode
2024-04-24T05:56:08,405  INFO [main] HiveMetaStore.audit: ugi=alex	ip=unknown-ip-addr	cmd=create_table_req: Table(tableName:acidTbl, dbName:default, owner:alex, createTime:1713963368, lastAccessTime:0, retention:0, sd:StorageDescriptor(cols:[FieldSchema(name:a, type:int, comment:null), FieldSchema(name:b, type:int, comment:null)], location:null, inputFormat:org.apache.hadoop.hive.ql.io.orc.OrcInputFormat, outputFormat:org.apache.hadoop.hive.ql.io.orc.OrcOutputFormat, compressed:false, numBuckets:2, serdeInfo:SerDeInfo(name:null, serializationLib:org.apache.hadoop.hive.ql.io.orc.OrcSerde, parameters:{serialization.format=1}), bucketCols:[a], sortCols:[], parameters:{}, skewedInfo:SkewedInfo(skewedColNames:[], skewedColValues:[], skewedColValueLocationMaps:{}), storedAsSubDirectories:false), partitionKeys:[], parameters:{COLUMN_STATS_ACCURATE={"BASIC_STATS":"true","COLUMN_STATS":{"a":"true","b":"true"}}, transactional=true, numRows=0, numFiles=0, rawDataSize=0, numFilesErasureCoded=0, bucketing_version=2, totalSize=0}, viewOriginalText:null, viewExpandedText:null, tableType:MANAGED_TABLE, privileges:PrincipalPrivilegeSet(userPrivileges:{alex=[PrivilegeGrantInfo(privilege:INSERT, createTime:-1, grantor:alex, grantorType:USER, grantOption:true), PrivilegeGrantInfo(privilege:SELECT, createTime:-1, grantor:alex, grantorType:USER, grantOption:true), PrivilegeGrantInfo(privilege:UPDATE, createTime:-1, grantor:alex, grantorType:USER, grantOption:true), PrivilegeGrantInfo(privilege:DELETE, createTime:-1, grantor:alex, grantorType:USER, grantOption:true)]}, groupPrivileges:null, rolePrivileges:null), temporary:false, catName:hive, ownerType:USER, writeId:0)	
2024-04-24T05:56:08,411  INFO [main] utils.FileUtils: Creating directory if it doesn't exist: file:/home/alex/Repositories/hive/ql/target/tmp/org.apache.hadoop.hive.ql.TestTxnLoadData-1713963261722/warehouse/acidtbl
2024-04-24T05:56:08,452  INFO [main] metadata.Hive: Dumping metastore api call timing information for : execution phase
2024-04-24T05:56:08,452  INFO [main] metadata.Hive: Total time spent in each metastore function (ms): {isCompatibleWith_(Configuration)=0, createTable_(Table)=47}
2024-04-24T05:56:08,452  INFO [main] ql.Driver: Completed executing command(queryId=alex_20240424055608_00d81065-581e-46ce-8664-f663d1e63f2e); Time taken: 0.049 seconds
2024-04-24T05:56:08,452  INFO [main] lockmgr.DbTxnManager: Stopped heartbeat for query: alex_20240424055608_00d81065-581e-46ce-8664-f663d1e63f2e
2024-04-24T05:56:08,456  INFO [main] txn.TxnHandler: Expected to move at least one record from txn_components to completed_txn_components when committing txn! txnid:7
2024-04-24T05:56:08,462  INFO [main] txn.TxnHandler: Removed transactions: ([7]) from MIN_HISTORY_LEVEL
2024-04-24T05:56:08,464  WARN [main] txn.CompactionTxnHandler: No compaction queue record found for Compaction type transaction commit. txnId:7
2024-04-24T05:56:08,465  INFO [main] ql.TxnCommandsBaseForTests: Running the query: create table acidTblPart(a int, b int) partitioned by (p string) clustered by (a) into 2 buckets stored as orc TBLPROPERTIES ('transactional'='true')
2024-04-24T05:56:08,465  INFO [main] ql.Driver: Compiling command(queryId=alex_20240424055608_75d30766-2b0a-4ff6-8b90-53d64f96618a): create table acidTblPart(a int, b int) partitioned by (p string) clustered by (a) into 2 buckets stored as orc TBLPROPERTIES ('transactional'='true')
2024-04-24T05:56:08,468  INFO [main] txn.TxnHandler: Added entries to MIN_HISTORY_LEVEL for current txns: ([8]) with min_open_txn: 1
2024-04-24T05:56:08,468  INFO [main] lockmgr.DbTxnManager: Opened txnid:8
2024-04-24T05:56:08,468  INFO [main] parse.CalcitePlanner: Starting caching scope for: 
2024-04-24T05:56:08,468  INFO [main] parse.CalcitePlanner: Starting Semantic Analysis
2024-04-24T05:56:08,471  INFO [main] parse.CalcitePlanner: Creating table default.acidTblPart position=13
2024-04-24T05:56:08,471  INFO [main] HiveMetaStore.audit: ugi=alex	ip=unknown-ip-addr	cmd=get_database: default	
2024-04-24T05:56:08,476  INFO [main] parse.CalcitePlanner: Ending caching scope for: 
2024-04-24T05:56:08,476  INFO [main] ql.Driver: Semantic Analysis Completed (retrial = false)
2024-04-24T05:56:08,476  INFO [main] ql.Driver: Created Hive schema: Schema(fieldSchemas:null, properties:null)
2024-04-24T05:56:08,476  INFO [main] metadata.Hive: Dumping metastore api call timing information for : compilation phase
2024-04-24T05:56:08,476  INFO [main] metadata.Hive: Total time spent in each metastore function (ms): {isCompatibleWith_(Configuration)=1, getValidTxns_(long)=0, getValidWriteIds_(List, String)=3, commitTxn_(CommitTxnRequest)=12, openTxn_(String, TxnType)=2, getDatabase_(String)=5, flushCache_()=0}
2024-04-24T05:56:08,477  INFO [main] ql.Driver: Completed compiling command(queryId=alex_20240424055608_75d30766-2b0a-4ff6-8b90-53d64f96618a); Time taken: 0.011 seconds
2024-04-24T05:56:08,477  INFO [main] lockmgr.DbTxnManager: Setting lock request transaction to txnid:8 for queryId=alex_20240424055608_75d30766-2b0a-4ff6-8b90-53d64f96618a
2024-04-24T05:56:08,477  INFO [main] lockmgr.DbLockManager: Requesting lock for queryId=alex_20240424055608_75d30766-2b0a-4ff6-8b90-53d64f96618a
2024-04-24T05:56:08,494  INFO [main] lockmgr.DbLockManager: Response to queryId=alex_20240424055608_75d30766-2b0a-4ff6-8b90-53d64f96618a LockResponse(lockid:2, state:ACQUIRED)
2024-04-24T05:56:08,494  INFO [main] ql.Driver: Operation CREATETABLE obtained 1 locks
2024-04-24T05:56:08,495  INFO [main] ql.Driver: Executing command(queryId=alex_20240424055608_75d30766-2b0a-4ff6-8b90-53d64f96618a): create table acidTblPart(a int, b int) partitioned by (p string) clustered by (a) into 2 buckets stored as orc TBLPROPERTIES ('transactional'='true')
2024-04-24T05:56:08,495  INFO [main] ql.Driver: Starting task [Stage-0:DDL] in serial mode
2024-04-24T05:56:08,496  INFO [main] HiveMetaStore.audit: ugi=alex	ip=unknown-ip-addr	cmd=create_table_req: Table(tableName:acidTblPart, dbName:default, owner:alex, createTime:1713963368, lastAccessTime:0, retention:0, sd:StorageDescriptor(cols:[FieldSchema(name:a, type:int, comment:null), FieldSchema(name:b, type:int, comment:null)], location:null, inputFormat:org.apache.hadoop.hive.ql.io.orc.OrcInputFormat, outputFormat:org.apache.hadoop.hive.ql.io.orc.OrcOutputFormat, compressed:false, numBuckets:2, serdeInfo:SerDeInfo(name:null, serializationLib:org.apache.hadoop.hive.ql.io.orc.OrcSerde, parameters:{serialization.format=1}), bucketCols:[a], sortCols:[], parameters:{}, skewedInfo:SkewedInfo(skewedColNames:[], skewedColValues:[], skewedColValueLocationMaps:{}), storedAsSubDirectories:false), partitionKeys:[FieldSchema(name:p, type:string, comment:null)], parameters:{bucketing_version=2, transactional=true}, viewOriginalText:null, viewExpandedText:null, tableType:MANAGED_TABLE, privileges:PrincipalPrivilegeSet(userPrivileges:{alex=[PrivilegeGrantInfo(privilege:INSERT, createTime:-1, grantor:alex, grantorType:USER, grantOption:true), PrivilegeGrantInfo(privilege:SELECT, createTime:-1, grantor:alex, grantorType:USER, grantOption:true), PrivilegeGrantInfo(privilege:UPDATE, createTime:-1, grantor:alex, grantorType:USER, grantOption:true), PrivilegeGrantInfo(privilege:DELETE, createTime:-1, grantor:alex, grantorType:USER, grantOption:true)]}, groupPrivileges:null, rolePrivileges:null), temporary:false, catName:hive, ownerType:USER, writeId:0)	
2024-04-24T05:56:08,505  INFO [main] utils.FileUtils: Creating directory if it doesn't exist: file:/home/alex/Repositories/hive/ql/target/tmp/org.apache.hadoop.hive.ql.TestTxnLoadData-1713963261722/warehouse/acidtblpart
2024-04-24T05:56:08,525  INFO [main] metadata.Hive: Dumping metastore api call timing information for : execution phase
2024-04-24T05:56:08,525  INFO [main] metadata.Hive: Total time spent in each metastore function (ms): {isCompatibleWith_(Configuration)=0, createTable_(Table)=29}
2024-04-24T05:56:08,525  INFO [main] ql.Driver: Completed executing command(queryId=alex_20240424055608_75d30766-2b0a-4ff6-8b90-53d64f96618a); Time taken: 0.03 seconds
2024-04-24T05:56:08,525  INFO [main] lockmgr.DbTxnManager: Stopped heartbeat for query: alex_20240424055608_75d30766-2b0a-4ff6-8b90-53d64f96618a
2024-04-24T05:56:08,529  INFO [main] txn.TxnHandler: Expected to move at least one record from txn_components to completed_txn_components when committing txn! txnid:8
2024-04-24T05:56:08,536  INFO [main] txn.TxnHandler: Removed transactions: ([8]) from MIN_HISTORY_LEVEL
2024-04-24T05:56:08,536  WARN [main] txn.CompactionTxnHandler: No compaction queue record found for Compaction type transaction commit. txnId:8
2024-04-24T05:56:08,537  INFO [main] ql.TxnCommandsBaseForTests: Running the query: create table nonAcidOrcTbl(a int, b int) clustered by (a) into 2 buckets stored as orc TBLPROPERTIES ('transactional'='false')
2024-04-24T05:56:08,537  INFO [main] ql.Driver: Compiling command(queryId=alex_20240424055608_3ac6f06e-7d63-4aed-b2b3-f4937126266d): create table nonAcidOrcTbl(a int, b int) clustered by (a) into 2 buckets stored as orc TBLPROPERTIES ('transactional'='false')
2024-04-24T05:56:08,540  INFO [main] txn.TxnHandler: Added entries to MIN_HISTORY_LEVEL for current txns: ([9]) with min_open_txn: 1
2024-04-24T05:56:08,540  INFO [main] lockmgr.DbTxnManager: Opened txnid:9
2024-04-24T05:56:08,540  INFO [main] parse.CalcitePlanner: Starting caching scope for: 
2024-04-24T05:56:08,540  INFO [main] parse.CalcitePlanner: Starting Semantic Analysis
2024-04-24T05:56:08,543  INFO [main] parse.CalcitePlanner: Creating table default.nonAcidOrcTbl position=13
2024-04-24T05:56:08,543  INFO [main] HiveMetaStore.audit: ugi=alex	ip=unknown-ip-addr	cmd=get_database: default	
2024-04-24T05:56:08,545  INFO [main] parse.CalcitePlanner: Ending caching scope for: 
2024-04-24T05:56:08,545  INFO [main] ql.Driver: Semantic Analysis Completed (retrial = false)
2024-04-24T05:56:08,545  INFO [main] ql.Driver: Created Hive schema: Schema(fieldSchemas:null, properties:null)
2024-04-24T05:56:08,545  INFO [main] metadata.Hive: Dumping metastore api call timing information for : compilation phase
2024-04-24T05:56:08,546  INFO [main] metadata.Hive: Total time spent in each metastore function (ms): {openTxn_(String, TxnType)=2, isCompatibleWith_(Configuration)=0, getValidTxns_(long)=0, getValidWriteIds_(List, String)=2, commitTxn_(CommitTxnRequest)=12, flushCache_()=1, getDatabase_(String)=2}
2024-04-24T05:56:08,546  INFO [main] ql.Driver: Completed compiling command(queryId=alex_20240424055608_3ac6f06e-7d63-4aed-b2b3-f4937126266d); Time taken: 0.008 seconds
2024-04-24T05:56:08,546  INFO [main] lockmgr.DbTxnManager: Setting lock request transaction to txnid:9 for queryId=alex_20240424055608_3ac6f06e-7d63-4aed-b2b3-f4937126266d
2024-04-24T05:56:08,546  INFO [main] lockmgr.DbLockManager: Requesting lock for queryId=alex_20240424055608_3ac6f06e-7d63-4aed-b2b3-f4937126266d
2024-04-24T05:56:08,561  INFO [main] lockmgr.DbLockManager: Response to queryId=alex_20240424055608_3ac6f06e-7d63-4aed-b2b3-f4937126266d LockResponse(lockid:3, state:ACQUIRED)
2024-04-24T05:56:08,561  INFO [main] ql.Driver: Operation CREATETABLE obtained 1 locks
2024-04-24T05:56:08,561  INFO [main] ql.Driver: Executing command(queryId=alex_20240424055608_3ac6f06e-7d63-4aed-b2b3-f4937126266d): create table nonAcidOrcTbl(a int, b int) clustered by (a) into 2 buckets stored as orc TBLPROPERTIES ('transactional'='false')
2024-04-24T05:56:08,561  INFO [main] ql.Driver: Starting task [Stage-0:DDL] in serial mode
2024-04-24T05:56:08,562  INFO [main] HiveMetaStore.audit: ugi=alex	ip=unknown-ip-addr	cmd=create_table_req: Table(tableName:nonAcidOrcTbl, dbName:default, owner:alex, createTime:1713963368, lastAccessTime:0, retention:0, sd:StorageDescriptor(cols:[FieldSchema(name:a, type:int, comment:null), FieldSchema(name:b, type:int, comment:null)], location:null, inputFormat:org.apache.hadoop.hive.ql.io.orc.OrcInputFormat, outputFormat:org.apache.hadoop.hive.ql.io.orc.OrcOutputFormat, compressed:false, numBuckets:2, serdeInfo:SerDeInfo(name:null, serializationLib:org.apache.hadoop.hive.ql.io.orc.OrcSerde, parameters:{serialization.format=1}), bucketCols:[a], sortCols:[], parameters:{}, skewedInfo:SkewedInfo(skewedColNames:[], skewedColValues:[], skewedColValueLocationMaps:{}), storedAsSubDirectories:false), partitionKeys:[], parameters:{bucketing_version=2, totalSize=0, COLUMN_STATS_ACCURATE={"BASIC_STATS":"true","COLUMN_STATS":{"a":"true","b":"true"}}, rawDataSize=0, transactional=false, numFilesErasureCoded=0, numRows=0, numFiles=0}, viewOriginalText:null, viewExpandedText:null, tableType:MANAGED_TABLE, privileges:PrincipalPrivilegeSet(userPrivileges:{alex=[PrivilegeGrantInfo(privilege:INSERT, createTime:-1, grantor:alex, grantorType:USER, grantOption:true), PrivilegeGrantInfo(privilege:SELECT, createTime:-1, grantor:alex, grantorType:USER, grantOption:true), PrivilegeGrantInfo(privilege:UPDATE, createTime:-1, grantor:alex, grantorType:USER, grantOption:true), PrivilegeGrantInfo(privilege:DELETE, createTime:-1, grantor:alex, grantorType:USER, grantOption:true)]}, groupPrivileges:null, rolePrivileges:null), temporary:false, catName:hive, ownerType:USER)	
2024-04-24T05:56:08,568  INFO [main] utils.FileUtils: Creating directory if it doesn't exist: file:/home/alex/Repositories/hive/ql/target/tmp/org.apache.hadoop.hive.ql.TestTxnLoadData-1713963261722/warehouse/nonacidorctbl
2024-04-24T05:56:08,585  INFO [main] metadata.Hive: Dumping metastore api call timing information for : execution phase
2024-04-24T05:56:08,585  INFO [main] metadata.Hive: Total time spent in each metastore function (ms): {createTable_(Table)=23, isCompatibleWith_(Configuration)=0}
2024-04-24T05:56:08,585  INFO [main] ql.Driver: Completed executing command(queryId=alex_20240424055608_3ac6f06e-7d63-4aed-b2b3-f4937126266d); Time taken: 0.024 seconds
2024-04-24T05:56:08,585  INFO [main] lockmgr.DbTxnManager: Stopped heartbeat for query: alex_20240424055608_3ac6f06e-7d63-4aed-b2b3-f4937126266d
2024-04-24T05:56:08,590  INFO [main] txn.TxnHandler: Expected to move at least one record from txn_components to completed_txn_components when committing txn! txnid:9
2024-04-24T05:56:08,596  INFO [main] txn.TxnHandler: Removed transactions: ([9]) from MIN_HISTORY_LEVEL
2024-04-24T05:56:08,596  WARN [main] txn.CompactionTxnHandler: No compaction queue record found for Compaction type transaction commit. txnId:9
2024-04-24T05:56:08,597  INFO [main] ql.TxnCommandsBaseForTests: Running the query: create table nonAcidOrcTbl2(a int, b int) clustered by (a) into 2 buckets stored as orc TBLPROPERTIES ('transactional'='false')
2024-04-24T05:56:08,597  INFO [main] ql.Driver: Compiling command(queryId=alex_20240424055608_aa3fbcec-2c61-4fb8-826b-bf107f7c29a5): create table nonAcidOrcTbl2(a int, b int) clustered by (a) into 2 buckets stored as orc TBLPROPERTIES ('transactional'='false')
2024-04-24T05:56:08,600  INFO [main] txn.TxnHandler: Added entries to MIN_HISTORY_LEVEL for current txns: ([10]) with min_open_txn: 1
2024-04-24T05:56:08,600  INFO [main] lockmgr.DbTxnManager: Opened txnid:10
2024-04-24T05:56:08,601  INFO [main] parse.CalcitePlanner: Starting caching scope for: 
2024-04-24T05:56:08,601  INFO [main] parse.CalcitePlanner: Starting Semantic Analysis
2024-04-24T05:56:08,603  INFO [main] parse.CalcitePlanner: Creating table default.nonAcidOrcTbl2 position=13
2024-04-24T05:56:08,604  INFO [main] HiveMetaStore.audit: ugi=alex	ip=unknown-ip-addr	cmd=get_database: default	
2024-04-24T05:56:08,605  INFO [main] parse.CalcitePlanner: Ending caching scope for: 
2024-04-24T05:56:08,605  INFO [main] ql.Driver: Semantic Analysis Completed (retrial = false)
2024-04-24T05:56:08,605  INFO [main] ql.Driver: Created Hive schema: Schema(fieldSchemas:null, properties:null)
2024-04-24T05:56:08,605  INFO [main] metadata.Hive: Dumping metastore api call timing information for : compilation phase
2024-04-24T05:56:08,606  INFO [main] metadata.Hive: Total time spent in each metastore function (ms): {getValidTxns_(long)=0, getDatabase_(String)=1, getValidWriteIds_(List, String)=2, openTxn_(String, TxnType)=2, commitTxn_(CommitTxnRequest)=12, isCompatibleWith_(Configuration)=1, flushCache_()=0}
2024-04-24T05:56:08,606  INFO [main] ql.Driver: Completed compiling command(queryId=alex_20240424055608_aa3fbcec-2c61-4fb8-826b-bf107f7c29a5); Time taken: 0.008 seconds
2024-04-24T05:56:08,606  INFO [main] lockmgr.DbTxnManager: Setting lock request transaction to txnid:10 for queryId=alex_20240424055608_aa3fbcec-2c61-4fb8-826b-bf107f7c29a5
2024-04-24T05:56:08,606  INFO [main] lockmgr.DbLockManager: Requesting lock for queryId=alex_20240424055608_aa3fbcec-2c61-4fb8-826b-bf107f7c29a5
2024-04-24T05:56:08,622  INFO [main] lockmgr.DbLockManager: Response to queryId=alex_20240424055608_aa3fbcec-2c61-4fb8-826b-bf107f7c29a5 LockResponse(lockid:4, state:ACQUIRED)
2024-04-24T05:56:08,622  INFO [main] ql.Driver: Operation CREATETABLE obtained 1 locks
2024-04-24T05:56:08,622  INFO [main] ql.Driver: Executing command(queryId=alex_20240424055608_aa3fbcec-2c61-4fb8-826b-bf107f7c29a5): create table nonAcidOrcTbl2(a int, b int) clustered by (a) into 2 buckets stored as orc TBLPROPERTIES ('transactional'='false')
2024-04-24T05:56:08,622  INFO [main] ql.Driver: Starting task [Stage-0:DDL] in serial mode
2024-04-24T05:56:08,624  INFO [main] HiveMetaStore.audit: ugi=alex	ip=unknown-ip-addr	cmd=create_table_req: Table(tableName:nonAcidOrcTbl2, dbName:default, owner:alex, createTime:1713963368, lastAccessTime:0, retention:0, sd:StorageDescriptor(cols:[FieldSchema(name:a, type:int, comment:null), FieldSchema(name:b, type:int, comment:null)], location:null, inputFormat:org.apache.hadoop.hive.ql.io.orc.OrcInputFormat, outputFormat:org.apache.hadoop.hive.ql.io.orc.OrcOutputFormat, compressed:false, numBuckets:2, serdeInfo:SerDeInfo(name:null, serializationLib:org.apache.hadoop.hive.ql.io.orc.OrcSerde, parameters:{serialization.format=1}), bucketCols:[a], sortCols:[], parameters:{}, skewedInfo:SkewedInfo(skewedColNames:[], skewedColValues:[], skewedColValueLocationMaps:{}), storedAsSubDirectories:false), partitionKeys:[], parameters:{numRows=0, totalSize=0, transactional=false, numFiles=0, rawDataSize=0, COLUMN_STATS_ACCURATE={"BASIC_STATS":"true","COLUMN_STATS":{"a":"true","b":"true"}}, bucketing_version=2, numFilesErasureCoded=0}, viewOriginalText:null, viewExpandedText:null, tableType:MANAGED_TABLE, privileges:PrincipalPrivilegeSet(userPrivileges:{alex=[PrivilegeGrantInfo(privilege:INSERT, createTime:-1, grantor:alex, grantorType:USER, grantOption:true), PrivilegeGrantInfo(privilege:SELECT, createTime:-1, grantor:alex, grantorType:USER, grantOption:true), PrivilegeGrantInfo(privilege:UPDATE, createTime:-1, grantor:alex, grantorType:USER, grantOption:true), PrivilegeGrantInfo(privilege:DELETE, createTime:-1, grantor:alex, grantorType:USER, grantOption:true)]}, groupPrivileges:null, rolePrivileges:null), temporary:false, catName:hive, ownerType:USER)	
2024-04-24T05:56:08,630  INFO [main] utils.FileUtils: Creating directory if it doesn't exist: file:/home/alex/Repositories/hive/ql/target/tmp/org.apache.hadoop.hive.ql.TestTxnLoadData-1713963261722/warehouse/nonacidorctbl2
2024-04-24T05:56:08,647  INFO [main] metadata.Hive: Dumping metastore api call timing information for : execution phase
2024-04-24T05:56:08,647  INFO [main] metadata.Hive: Total time spent in each metastore function (ms): {isCompatibleWith_(Configuration)=1, createTable_(Table)=24}
2024-04-24T05:56:08,647  INFO [main] ql.Driver: Completed executing command(queryId=alex_20240424055608_aa3fbcec-2c61-4fb8-826b-bf107f7c29a5); Time taken: 0.025 seconds
2024-04-24T05:56:08,647  INFO [main] lockmgr.DbTxnManager: Stopped heartbeat for query: alex_20240424055608_aa3fbcec-2c61-4fb8-826b-bf107f7c29a5
2024-04-24T05:56:08,651  INFO [main] txn.TxnHandler: Expected to move at least one record from txn_components to completed_txn_components when committing txn! txnid:10
2024-04-24T05:56:08,658  INFO [main] txn.TxnHandler: Removed transactions: ([10]) from MIN_HISTORY_LEVEL
2024-04-24T05:56:08,658  WARN [main] txn.CompactionTxnHandler: No compaction queue record found for Compaction type transaction commit. txnId:10
2024-04-24T05:56:08,659  INFO [main] ql.TxnCommandsBaseForTests: Running the query: create temporary  table acidTbl2(a int, b int, c int) clustered by (c) into 2 buckets stored as orc TBLPROPERTIES ('transactional'='true')
2024-04-24T05:56:08,659  INFO [main] ql.Driver: Compiling command(queryId=alex_20240424055608_7a66445c-b974-4519-92c3-086c4e04214c): create temporary  table acidTbl2(a int, b int, c int) clustered by (c) into 2 buckets stored as orc TBLPROPERTIES ('transactional'='true')
2024-04-24T05:56:08,661  INFO [main] txn.TxnHandler: Added entries to MIN_HISTORY_LEVEL for current txns: ([11]) with min_open_txn: 1
2024-04-24T05:56:08,662  INFO [main] lockmgr.DbTxnManager: Opened txnid:11
2024-04-24T05:56:08,662  INFO [main] parse.CalcitePlanner: Starting caching scope for: 
2024-04-24T05:56:08,662  INFO [main] parse.CalcitePlanner: Starting Semantic Analysis
2024-04-24T05:56:08,665  INFO [main] parse.CalcitePlanner: Creating table default.acidTbl2 position=24
2024-04-24T05:56:08,665  INFO [main] HiveMetaStore.audit: ugi=alex	ip=unknown-ip-addr	cmd=get_database: default	
2024-04-24T05:56:08,667  INFO [main] parse.CalcitePlanner: Ending caching scope for: 
2024-04-24T05:56:08,667  INFO [main] ql.Driver: Semantic Analysis Completed (retrial = false)
2024-04-24T05:56:08,667  INFO [main] ql.Driver: Created Hive schema: Schema(fieldSchemas:null, properties:null)
2024-04-24T05:56:08,667  INFO [main] metadata.Hive: Dumping metastore api call timing information for : compilation phase
2024-04-24T05:56:08,667  INFO [main] metadata.Hive: Total time spent in each metastore function (ms): {commitTxn_(CommitTxnRequest)=12, getValidTxns_(long)=0, openTxn_(String, TxnType)=2, getValidWriteIds_(List, String)=3, flushCache_()=0, isCompatibleWith_(Configuration)=0, getDatabase_(String)=2}
2024-04-24T05:56:08,667  INFO [main] ql.Driver: Completed compiling command(queryId=alex_20240424055608_7a66445c-b974-4519-92c3-086c4e04214c); Time taken: 0.008 seconds
2024-04-24T05:56:08,667  INFO [main] lockmgr.DbTxnManager: Setting lock request transaction to txnid:11 for queryId=alex_20240424055608_7a66445c-b974-4519-92c3-086c4e04214c
2024-04-24T05:56:08,667  INFO [main] lockmgr.DbLockManager: Requesting lock for queryId=alex_20240424055608_7a66445c-b974-4519-92c3-086c4e04214c
2024-04-24T05:56:08,683  INFO [main] lockmgr.DbLockManager: Response to queryId=alex_20240424055608_7a66445c-b974-4519-92c3-086c4e04214c LockResponse(lockid:5, state:ACQUIRED)
2024-04-24T05:56:08,683  INFO [main] ql.Driver: Operation CREATETABLE obtained 1 locks
2024-04-24T05:56:08,684  INFO [main] ql.Driver: Executing command(queryId=alex_20240424055608_7a66445c-b974-4519-92c3-086c4e04214c): create temporary  table acidTbl2(a int, b int, c int) clustered by (c) into 2 buckets stored as orc TBLPROPERTIES ('transactional'='true')
2024-04-24T05:56:08,684  INFO [main] ql.Driver: Starting task [Stage-0:DDL] in serial mode
2024-04-24T05:56:08,685  INFO [main] utils.FileUtils: Creating directory if it doesn't exist: file:/home/alex/Repositories/hive/ql/target/tmp/scratchdir/alex/d8afebad-a24a-4661-88a7-b5fbb5152875/_tmp_space.db/0bc793b7-b779-4216-9a5b-76e110c2b554
2024-04-24T05:56:08,689  INFO [main] metadata.Hive: Dumping metastore api call timing information for : execution phase
2024-04-24T05:56:08,689  INFO [main] metadata.Hive: Total time spent in each metastore function (ms): {createTable_(Table)=3, isCompatibleWith_(Configuration)=0}
2024-04-24T05:56:08,689  INFO [main] ql.Driver: Completed executing command(queryId=alex_20240424055608_7a66445c-b974-4519-92c3-086c4e04214c); Time taken: 0.005 seconds
2024-04-24T05:56:08,689  INFO [main] lockmgr.DbTxnManager: Stopped heartbeat for query: alex_20240424055608_7a66445c-b974-4519-92c3-086c4e04214c
2024-04-24T05:56:08,695  INFO [main] txn.TxnHandler: Expected to move at least one record from txn_components to completed_txn_components when committing txn! txnid:11
2024-04-24T05:56:08,703  INFO [main] txn.TxnHandler: Removed transactions: ([11]) from MIN_HISTORY_LEVEL
2024-04-24T05:56:08,703  WARN [main] txn.CompactionTxnHandler: No compaction queue record found for Compaction type transaction commit. txnId:11
2024-04-24T05:56:08,704  INFO [main] ql.TxnCommandsBaseForTests: Running the query: create table nonAcidNonBucket(a int, b int) stored as orc TBLPROPERTIES ('transactional'='false')
2024-04-24T05:56:08,705  INFO [main] ql.Driver: Compiling command(queryId=alex_20240424055608_04dfa050-dad6-4969-8b38-7520d4070681): create table nonAcidNonBucket(a int, b int) stored as orc TBLPROPERTIES ('transactional'='false')
2024-04-24T05:56:08,707  INFO [main] txn.TxnHandler: Added entries to MIN_HISTORY_LEVEL for current txns: ([12]) with min_open_txn: 1
2024-04-24T05:56:08,708  INFO [main] lockmgr.DbTxnManager: Opened txnid:12
2024-04-24T05:56:08,708  INFO [main] parse.CalcitePlanner: Starting caching scope for: 
2024-04-24T05:56:08,709  INFO [main] parse.CalcitePlanner: Starting Semantic Analysis
2024-04-24T05:56:08,711  INFO [main] parse.CalcitePlanner: Creating table default.nonAcidNonBucket position=13
2024-04-24T05:56:08,712  INFO [main] HiveMetaStore.audit: ugi=alex	ip=unknown-ip-addr	cmd=get_database: default	
2024-04-24T05:56:08,713  INFO [main] parse.CalcitePlanner: Ending caching scope for: 
2024-04-24T05:56:08,713  INFO [main] ql.Driver: Semantic Analysis Completed (retrial = false)
2024-04-24T05:56:08,713  INFO [main] ql.Driver: Created Hive schema: Schema(fieldSchemas:null, properties:null)
2024-04-24T05:56:08,713  INFO [main] metadata.Hive: Dumping metastore api call timing information for : compilation phase
2024-04-24T05:56:08,714  INFO [main] metadata.Hive: Total time spent in each metastore function (ms): {getDatabase_(String)=2, openTxn_(String, TxnType)=3, getValidWriteIds_(List, String)=2, getValidTxns_(long)=0, isCompatibleWith_(Configuration)=1, commitTxn_(CommitTxnRequest)=14, flushCache_()=0}
2024-04-24T05:56:08,714  INFO [main] ql.Driver: Completed compiling command(queryId=alex_20240424055608_04dfa050-dad6-4969-8b38-7520d4070681); Time taken: 0.008 seconds
2024-04-24T05:56:08,714  INFO [main] lockmgr.DbTxnManager: Setting lock request transaction to txnid:12 for queryId=alex_20240424055608_04dfa050-dad6-4969-8b38-7520d4070681
2024-04-24T05:56:08,714  INFO [main] lockmgr.DbLockManager: Requesting lock for queryId=alex_20240424055608_04dfa050-dad6-4969-8b38-7520d4070681
2024-04-24T05:56:08,729  INFO [main] lockmgr.DbLockManager: Response to queryId=alex_20240424055608_04dfa050-dad6-4969-8b38-7520d4070681 LockResponse(lockid:6, state:ACQUIRED)
2024-04-24T05:56:08,729  INFO [main] ql.Driver: Operation CREATETABLE obtained 1 locks
2024-04-24T05:56:08,729  INFO [main] ql.Driver: Executing command(queryId=alex_20240424055608_04dfa050-dad6-4969-8b38-7520d4070681): create table nonAcidNonBucket(a int, b int) stored as orc TBLPROPERTIES ('transactional'='false')
2024-04-24T05:56:08,729  INFO [main] ql.Driver: Starting task [Stage-0:DDL] in serial mode
2024-04-24T05:56:08,730  INFO [main] HiveMetaStore.audit: ugi=alex	ip=unknown-ip-addr	cmd=create_table_req: Table(tableName:nonAcidNonBucket, dbName:default, owner:alex, createTime:1713963368, lastAccessTime:0, retention:0, sd:StorageDescriptor(cols:[FieldSchema(name:a, type:int, comment:null), FieldSchema(name:b, type:int, comment:null)], location:null, inputFormat:org.apache.hadoop.hive.ql.io.orc.OrcInputFormat, outputFormat:org.apache.hadoop.hive.ql.io.orc.OrcOutputFormat, compressed:false, numBuckets:-1, serdeInfo:SerDeInfo(name:null, serializationLib:org.apache.hadoop.hive.ql.io.orc.OrcSerde, parameters:{serialization.format=1}), bucketCols:[], sortCols:[], parameters:{}, skewedInfo:SkewedInfo(skewedColNames:[], skewedColValues:[], skewedColValueLocationMaps:{}), storedAsSubDirectories:false), partitionKeys:[], parameters:{rawDataSize=0, COLUMN_STATS_ACCURATE={"BASIC_STATS":"true","COLUMN_STATS":{"a":"true","b":"true"}}, numFiles=0, numFilesErasureCoded=0, totalSize=0, transactional=false, numRows=0, bucketing_version=2}, viewOriginalText:null, viewExpandedText:null, tableType:MANAGED_TABLE, privileges:PrincipalPrivilegeSet(userPrivileges:{alex=[PrivilegeGrantInfo(privilege:INSERT, createTime:-1, grantor:alex, grantorType:USER, grantOption:true), PrivilegeGrantInfo(privilege:SELECT, createTime:-1, grantor:alex, grantorType:USER, grantOption:true), PrivilegeGrantInfo(privilege:UPDATE, createTime:-1, grantor:alex, grantorType:USER, grantOption:true), PrivilegeGrantInfo(privilege:DELETE, createTime:-1, grantor:alex, grantorType:USER, grantOption:true)]}, groupPrivileges:null, rolePrivileges:null), temporary:false, catName:hive, ownerType:USER)	
2024-04-24T05:56:08,735  INFO [main] utils.FileUtils: Creating directory if it doesn't exist: file:/home/alex/Repositories/hive/ql/target/tmp/org.apache.hadoop.hive.ql.TestTxnLoadData-1713963261722/warehouse/nonacidnonbucket
2024-04-24T05:56:08,750  INFO [main] metadata.Hive: Dumping metastore api call timing information for : execution phase
2024-04-24T05:56:08,750  INFO [main] metadata.Hive: Total time spent in each metastore function (ms): {createTable_(Table)=20, isCompatibleWith_(Configuration)=0}
2024-04-24T05:56:08,750  INFO [main] ql.Driver: Completed executing command(queryId=alex_20240424055608_04dfa050-dad6-4969-8b38-7520d4070681); Time taken: 0.021 seconds
2024-04-24T05:56:08,750  INFO [main] lockmgr.DbTxnManager: Stopped heartbeat for query: alex_20240424055608_04dfa050-dad6-4969-8b38-7520d4070681
2024-04-24T05:56:08,754  INFO [main] txn.TxnHandler: Expected to move at least one record from txn_components to completed_txn_components when committing txn! txnid:12
2024-04-24T05:56:08,761  INFO [main] txn.TxnHandler: Removed transactions: ([12]) from MIN_HISTORY_LEVEL
2024-04-24T05:56:08,761  WARN [main] txn.CompactionTxnHandler: No compaction queue record found for Compaction type transaction commit. txnId:12
2024-04-24T05:56:08,761  INFO [main] ql.TxnCommandsBaseForTests: Running the query: drop table if exists T
2024-04-24T05:56:08,762  INFO [main] ql.Driver: Compiling command(queryId=alex_20240424055608_70b5e5eb-f864-4980-ad6c-449057d1e6b5): drop table if exists T
2024-04-24T05:56:08,764  INFO [main] txn.TxnHandler: Added entries to MIN_HISTORY_LEVEL for current txns: ([13]) with min_open_txn: 1
2024-04-24T05:56:08,764  INFO [main] lockmgr.DbTxnManager: Opened txnid:13
2024-04-24T05:56:08,765  INFO [main] HiveMetaStore.audit: ugi=alex	ip=unknown-ip-addr	cmd=get_table : tbl=hive.default.T	
2024-04-24T05:56:08,786  INFO [main] metastore.HMSHandler: Skipping translation for processor with null
2024-04-24T05:56:08,786  INFO [main] ql.Driver: Semantic Analysis Completed (retrial = false)
2024-04-24T05:56:08,786  INFO [main] ql.Driver: Created Hive schema: Schema(fieldSchemas:null, properties:null)
2024-04-24T05:56:08,786  INFO [main] metadata.Hive: Dumping metastore api call timing information for : compilation phase
2024-04-24T05:56:08,786  INFO [main] metadata.Hive: Total time spent in each metastore function (ms): {openTxn_(String, TxnType)=2, getValidTxns_(long)=1, flushCache_()=0, isCompatibleWith_(Configuration)=0, getTable_(GetTableRequest)=21, commitTxn_(CommitTxnRequest)=11}
2024-04-24T05:56:08,786  INFO [main] ql.Driver: Completed compiling command(queryId=alex_20240424055608_70b5e5eb-f864-4980-ad6c-449057d1e6b5); Time taken: 0.024 seconds
2024-04-24T05:56:08,787  INFO [main] lockmgr.DbTxnManager: Setting lock request transaction to txnid:13 for queryId=alex_20240424055608_70b5e5eb-f864-4980-ad6c-449057d1e6b5
2024-04-24T05:56:08,787  INFO [main] lockmgr.DbLockManager: Requesting lock for queryId=alex_20240424055608_70b5e5eb-f864-4980-ad6c-449057d1e6b5
2024-04-24T05:56:08,806  INFO [main] lockmgr.DbLockManager: Response to queryId=alex_20240424055608_70b5e5eb-f864-4980-ad6c-449057d1e6b5 LockResponse(lockid:7, state:ACQUIRED)
2024-04-24T05:56:08,806  INFO [main] ql.Driver: Operation DROPTABLE obtained 1 locks
2024-04-24T05:56:08,806  INFO [main] ql.Driver: Executing command(queryId=alex_20240424055608_70b5e5eb-f864-4980-ad6c-449057d1e6b5): drop table if exists T
2024-04-24T05:56:08,807  INFO [main] ql.Driver: Starting task [Stage-0:DDL] in serial mode
2024-04-24T05:56:08,807  INFO [main] HiveMetaStore.audit: ugi=alex	ip=unknown-ip-addr	cmd=get_table : tbl=hive.default.T	
2024-04-24T05:56:08,814  INFO [main] metastore.HMSHandler: Skipping translation for processor with null
2024-04-24T05:56:08,814  INFO [main] HiveMetaStore.audit: ugi=alex	ip=unknown-ip-addr	cmd=get_table : tbl=hive.default.T	
2024-04-24T05:56:08,821  INFO [main] metastore.HMSHandler: Skipping translation for processor with null
2024-04-24T05:56:08,822  INFO [main] HiveMetaStore.audit: ugi=alex	ip=unknown-ip-addr	cmd=drop_table : tbl=hive.default.T	
2024-04-24T05:56:08,973  WARN [main] utils.FileUtils: File file:/home/alex/Repositories/hive/ql/target/tmp/org.apache.hadoop.hive.ql.TestTxnLoadData-1713963261722/warehouse/t does not exist; Force to delete it.
2024-04-24T05:56:08,973 ERROR [main] utils.FileUtils: Failed to delete file:/home/alex/Repositories/hive/ql/target/tmp/org.apache.hadoop.hive.ql.TestTxnLoadData-1713963261722/warehouse/t
2024-04-24T05:56:08,973  INFO [main] metadata.Hive: Dumping metastore api call timing information for : execution phase
2024-04-24T05:56:08,973  INFO [main] metadata.Hive: Total time spent in each metastore function (ms): {dropTable_(String, String, boolean, boolean, boolean)=159, isCompatibleWith_(Configuration)=0, getTable_(GetTableRequest)=7}
2024-04-24T05:56:08,973  INFO [main] ql.Driver: Completed executing command(queryId=alex_20240424055608_70b5e5eb-f864-4980-ad6c-449057d1e6b5); Time taken: 0.167 seconds
2024-04-24T05:56:08,973  INFO [main] lockmgr.DbTxnManager: Stopped heartbeat for query: alex_20240424055608_70b5e5eb-f864-4980-ad6c-449057d1e6b5
2024-04-24T05:56:08,977  INFO [main] txn.TxnHandler: Expected to move at least one record from txn_components to completed_txn_components when committing txn! txnid:13
2024-04-24T05:56:08,982  INFO [main] txn.TxnHandler: Removed transactions: ([13]) from MIN_HISTORY_LEVEL
2024-04-24T05:56:08,982  WARN [main] txn.CompactionTxnHandler: No compaction queue record found for Compaction type transaction commit. txnId:13
2024-04-24T05:56:08,983  INFO [main] ql.TxnCommandsBaseForTests: Running the query: drop table if exists Tstage
2024-04-24T05:56:08,983  INFO [main] ql.Driver: Compiling command(queryId=alex_20240424055608_3e280d62-97ea-415b-a766-76115dddd8e9): drop table if exists Tstage
2024-04-24T05:56:08,985  INFO [main] txn.TxnHandler: Added entries to MIN_HISTORY_LEVEL for current txns: ([14]) with min_open_txn: 1
2024-04-24T05:56:08,986  INFO [main] lockmgr.DbTxnManager: Opened txnid:14
2024-04-24T05:56:08,986  INFO [main] HiveMetaStore.audit: ugi=alex	ip=unknown-ip-addr	cmd=get_table : tbl=hive.default.Tstage	
2024-04-24T05:56:09,007  INFO [main] metastore.HMSHandler: Skipping translation for processor with null
2024-04-24T05:56:09,007  INFO [main] ql.Driver: Semantic Analysis Completed (retrial = false)
2024-04-24T05:56:09,007  INFO [main] ql.Driver: Created Hive schema: Schema(fieldSchemas:null, properties:null)
2024-04-24T05:56:09,007  INFO [main] metadata.Hive: Dumping metastore api call timing information for : compilation phase
2024-04-24T05:56:09,007  INFO [main] metadata.Hive: Total time spent in each metastore function (ms): {isCompatibleWith_(Configuration)=0, getTable_(GetTableRequest)=21, openTxn_(String, TxnType)=2, flushCache_()=0, commitTxn_(CommitTxnRequest)=10, getValidTxns_(long)=0}
2024-04-24T05:56:09,008  INFO [main] ql.Driver: Completed compiling command(queryId=alex_20240424055608_3e280d62-97ea-415b-a766-76115dddd8e9); Time taken: 0.024 seconds
2024-04-24T05:56:09,008  INFO [main] lockmgr.DbTxnManager: Setting lock request transaction to txnid:14 for queryId=alex_20240424055608_3e280d62-97ea-415b-a766-76115dddd8e9
2024-04-24T05:56:09,008  INFO [main] lockmgr.DbLockManager: Requesting lock for queryId=alex_20240424055608_3e280d62-97ea-415b-a766-76115dddd8e9
2024-04-24T05:56:09,022  INFO [main] lockmgr.DbLockManager: Response to queryId=alex_20240424055608_3e280d62-97ea-415b-a766-76115dddd8e9 LockResponse(lockid:8, state:ACQUIRED)
2024-04-24T05:56:09,022  INFO [main] ql.Driver: Operation DROPTABLE obtained 1 locks
2024-04-24T05:56:09,022  INFO [main] ql.Driver: Executing command(queryId=alex_20240424055608_3e280d62-97ea-415b-a766-76115dddd8e9): drop table if exists Tstage
2024-04-24T05:56:09,022  INFO [main] ql.Driver: Starting task [Stage-0:DDL] in serial mode
2024-04-24T05:56:09,022  INFO [main] HiveMetaStore.audit: ugi=alex	ip=unknown-ip-addr	cmd=get_table : tbl=hive.default.Tstage	
2024-04-24T05:56:09,031  INFO [main] metastore.HMSHandler: Skipping translation for processor with null
2024-04-24T05:56:09,031  INFO [main] HiveMetaStore.audit: ugi=alex	ip=unknown-ip-addr	cmd=get_table : tbl=hive.default.Tstage	
2024-04-24T05:56:09,040  INFO [main] metastore.HMSHandler: Skipping translation for processor with null
2024-04-24T05:56:09,040  INFO [main] HiveMetaStore.audit: ugi=alex	ip=unknown-ip-addr	cmd=drop_table : tbl=hive.default.Tstage	
2024-04-24T05:56:09,072  WARN [main] utils.FileUtils: File file:/home/alex/Repositories/hive/ql/target/tmp/org.apache.hadoop.hive.ql.TestTxnLoadData-1713963261722/warehouse/tstage does not exist; Force to delete it.
2024-04-24T05:56:09,072 ERROR [main] utils.FileUtils: Failed to delete file:/home/alex/Repositories/hive/ql/target/tmp/org.apache.hadoop.hive.ql.TestTxnLoadData-1713963261722/warehouse/tstage
2024-04-24T05:56:09,072  INFO [main] metadata.Hive: Dumping metastore api call timing information for : execution phase
2024-04-24T05:56:09,072  INFO [main] metadata.Hive: Total time spent in each metastore function (ms): {getTable_(GetTableRequest)=9, isCompatibleWith_(Configuration)=0, dropTable_(String, String, boolean, boolean, boolean)=41}
2024-04-24T05:56:09,073  INFO [main] ql.Driver: Completed executing command(queryId=alex_20240424055608_3e280d62-97ea-415b-a766-76115dddd8e9); Time taken: 0.05 seconds
2024-04-24T05:56:09,073  INFO [main] lockmgr.DbTxnManager: Stopped heartbeat for query: alex_20240424055608_3e280d62-97ea-415b-a766-76115dddd8e9
2024-04-24T05:56:09,076  INFO [main] txn.TxnHandler: Expected to move at least one record from txn_components to completed_txn_components when committing txn! txnid:14
2024-04-24T05:56:09,082  INFO [main] txn.TxnHandler: Removed transactions: ([14]) from MIN_HISTORY_LEVEL
2024-04-24T05:56:09,084  WARN [main] txn.CompactionTxnHandler: No compaction queue record found for Compaction type transaction commit. txnId:14
2024-04-24T05:56:09,084  INFO [main] ql.TxnCommandsBaseForTests: Running the query: create table T (a int, b int) stored as orc tblproperties('transactional'='true')
2024-04-24T05:56:09,084  INFO [main] ql.Driver: Compiling command(queryId=alex_20240424055609_736e02ab-0c5e-4cbc-bf3b-166825f502ca): create table T (a int, b int) stored as orc tblproperties('transactional'='true')
2024-04-24T05:56:09,087  INFO [main] txn.TxnHandler: Added entries to MIN_HISTORY_LEVEL for current txns: ([15]) with min_open_txn: 1
2024-04-24T05:56:09,087  INFO [main] lockmgr.DbTxnManager: Opened txnid:15
2024-04-24T05:56:09,088  INFO [main] parse.CalcitePlanner: Starting caching scope for: 
2024-04-24T05:56:09,088  INFO [main] parse.CalcitePlanner: Starting Semantic Analysis
2024-04-24T05:56:09,094  INFO [main] parse.CalcitePlanner: Creating table default.T position=13
2024-04-24T05:56:09,094  INFO [main] HiveMetaStore.audit: ugi=alex	ip=unknown-ip-addr	cmd=get_database: default	
2024-04-24T05:56:09,096  INFO [main] parse.CalcitePlanner: Ending caching scope for: 
2024-04-24T05:56:09,096  INFO [main] ql.Driver: Semantic Analysis Completed (retrial = false)
2024-04-24T05:56:09,096  INFO [main] ql.Driver: Created Hive schema: Schema(fieldSchemas:null, properties:null)
2024-04-24T05:56:09,096  INFO [main] metadata.Hive: Dumping metastore api call timing information for : compilation phase
2024-04-24T05:56:09,096  INFO [main] metadata.Hive: Total time spent in each metastore function (ms): {getValidTxns_(long)=0, getValidWriteIds_(List, String)=6, isCompatibleWith_(Configuration)=0, commitTxn_(CommitTxnRequest)=11, getDatabase_(String)=2, flushCache_()=0, openTxn_(String, TxnType)=2}
2024-04-24T05:56:09,096  INFO [main] ql.Driver: Completed compiling command(queryId=alex_20240424055609_736e02ab-0c5e-4cbc-bf3b-166825f502ca); Time taken: 0.012 seconds
2024-04-24T05:56:09,096  INFO [main] lockmgr.DbTxnManager: Setting lock request transaction to txnid:15 for queryId=alex_20240424055609_736e02ab-0c5e-4cbc-bf3b-166825f502ca
2024-04-24T05:56:09,097  INFO [main] lockmgr.DbLockManager: Requesting lock for queryId=alex_20240424055609_736e02ab-0c5e-4cbc-bf3b-166825f502ca
2024-04-24T05:56:09,114  INFO [main] lockmgr.DbLockManager: Response to queryId=alex_20240424055609_736e02ab-0c5e-4cbc-bf3b-166825f502ca LockResponse(lockid:9, state:ACQUIRED)
2024-04-24T05:56:09,114  INFO [main] ql.Driver: Operation CREATETABLE obtained 1 locks
2024-04-24T05:56:09,114  INFO [main] ql.Driver: Executing command(queryId=alex_20240424055609_736e02ab-0c5e-4cbc-bf3b-166825f502ca): create table T (a int, b int) stored as orc tblproperties('transactional'='true')
2024-04-24T05:56:09,115  INFO [main] ql.Driver: Starting task [Stage-0:DDL] in serial mode
2024-04-24T05:56:09,115  INFO [main] HiveMetaStore.audit: ugi=alex	ip=unknown-ip-addr	cmd=create_table_req: Table(tableName:T, dbName:default, owner:alex, createTime:1713963369, lastAccessTime:0, retention:0, sd:StorageDescriptor(cols:[FieldSchema(name:a, type:int, comment:null), FieldSchema(name:b, type:int, comment:null)], location:null, inputFormat:org.apache.hadoop.hive.ql.io.orc.OrcInputFormat, outputFormat:org.apache.hadoop.hive.ql.io.orc.OrcOutputFormat, compressed:false, numBuckets:-1, serdeInfo:SerDeInfo(name:null, serializationLib:org.apache.hadoop.hive.ql.io.orc.OrcSerde, parameters:{serialization.format=1}), bucketCols:[], sortCols:[], parameters:{}, skewedInfo:SkewedInfo(skewedColNames:[], skewedColValues:[], skewedColValueLocationMaps:{}), storedAsSubDirectories:false), partitionKeys:[], parameters:{numRows=0, bucketing_version=2, numFiles=0, transactional=true, totalSize=0, rawDataSize=0, COLUMN_STATS_ACCURATE={"BASIC_STATS":"true","COLUMN_STATS":{"a":"true","b":"true"}}, numFilesErasureCoded=0}, viewOriginalText:null, viewExpandedText:null, tableType:MANAGED_TABLE, privileges:PrincipalPrivilegeSet(userPrivileges:{alex=[PrivilegeGrantInfo(privilege:INSERT, createTime:-1, grantor:alex, grantorType:USER, grantOption:true), PrivilegeGrantInfo(privilege:SELECT, createTime:-1, grantor:alex, grantorType:USER, grantOption:true), PrivilegeGrantInfo(privilege:UPDATE, createTime:-1, grantor:alex, grantorType:USER, grantOption:true), PrivilegeGrantInfo(privilege:DELETE, createTime:-1, grantor:alex, grantorType:USER, grantOption:true)]}, groupPrivileges:null, rolePrivileges:null), temporary:false, catName:hive, ownerType:USER, writeId:0)	
2024-04-24T05:56:09,120  INFO [main] utils.FileUtils: Creating directory if it doesn't exist: file:/home/alex/Repositories/hive/ql/target/tmp/org.apache.hadoop.hive.ql.TestTxnLoadData-1713963261722/warehouse/t
2024-04-24T05:56:09,149  INFO [main] metadata.Hive: Dumping metastore api call timing information for : execution phase
2024-04-24T05:56:09,149  INFO [main] metadata.Hive: Total time spent in each metastore function (ms): {isCompatibleWith_(Configuration)=0, createTable_(Table)=34}
2024-04-24T05:56:09,149  INFO [main] ql.Driver: Completed executing command(queryId=alex_20240424055609_736e02ab-0c5e-4cbc-bf3b-166825f502ca); Time taken: 0.035 seconds
2024-04-24T05:56:09,149  INFO [main] lockmgr.DbTxnManager: Stopped heartbeat for query: alex_20240424055609_736e02ab-0c5e-4cbc-bf3b-166825f502ca
2024-04-24T05:56:09,153  INFO [main] txn.TxnHandler: Expected to move at least one record from txn_components to completed_txn_components when committing txn! txnid:15
2024-04-24T05:56:09,158  INFO [main] txn.TxnHandler: Removed transactions: ([15]) from MIN_HISTORY_LEVEL
2024-04-24T05:56:09,158  WARN [main] txn.CompactionTxnHandler: No compaction queue record found for Compaction type transaction commit. txnId:15
2024-04-24T05:56:09,159  INFO [main] ql.TxnCommandsBaseForTests: Running the query: create table Tstage (a int, b int) stored as orc tblproperties('transactional'='false')
2024-04-24T05:56:09,159  INFO [main] ql.Driver: Compiling command(queryId=alex_20240424055609_a28c0923-6d1d-4112-b656-198eaeb7d441): create table Tstage (a int, b int) stored as orc tblproperties('transactional'='false')
2024-04-24T05:56:09,162  INFO [main] txn.TxnHandler: Added entries to MIN_HISTORY_LEVEL for current txns: ([16]) with min_open_txn: 1
2024-04-24T05:56:09,162  INFO [main] lockmgr.DbTxnManager: Opened txnid:16
2024-04-24T05:56:09,163  INFO [main] parse.CalcitePlanner: Starting caching scope for: 
2024-04-24T05:56:09,163  INFO [main] parse.CalcitePlanner: Starting Semantic Analysis
2024-04-24T05:56:09,165  INFO [main] parse.CalcitePlanner: Creating table default.Tstage position=13
2024-04-24T05:56:09,165  INFO [main] HiveMetaStore.audit: ugi=alex	ip=unknown-ip-addr	cmd=get_database: default	
2024-04-24T05:56:09,167  INFO [main] parse.CalcitePlanner: Ending caching scope for: 
2024-04-24T05:56:09,167  INFO [main] ql.Driver: Semantic Analysis Completed (retrial = false)
2024-04-24T05:56:09,167  INFO [main] ql.Driver: Created Hive schema: Schema(fieldSchemas:null, properties:null)
2024-04-24T05:56:09,167  INFO [main] metadata.Hive: Dumping metastore api call timing information for : compilation phase
2024-04-24T05:56:09,167  INFO [main] metadata.Hive: Total time spent in each metastore function (ms): {isCompatibleWith_(Configuration)=2, commitTxn_(CommitTxnRequest)=9, getValidTxns_(long)=0, flushCache_()=0, getValidWriteIds_(List, String)=2, openTxn_(String, TxnType)=2, getDatabase_(String)=2}
2024-04-24T05:56:09,167  INFO [main] ql.Driver: Completed compiling command(queryId=alex_20240424055609_a28c0923-6d1d-4112-b656-198eaeb7d441); Time taken: 0.008 seconds
2024-04-24T05:56:09,167  INFO [main] lockmgr.DbTxnManager: Setting lock request transaction to txnid:16 for queryId=alex_20240424055609_a28c0923-6d1d-4112-b656-198eaeb7d441
2024-04-24T05:56:09,167  INFO [main] lockmgr.DbLockManager: Requesting lock for queryId=alex_20240424055609_a28c0923-6d1d-4112-b656-198eaeb7d441
2024-04-24T05:56:09,180  INFO [main] lockmgr.DbLockManager: Response to queryId=alex_20240424055609_a28c0923-6d1d-4112-b656-198eaeb7d441 LockResponse(lockid:10, state:ACQUIRED)
2024-04-24T05:56:09,180  INFO [main] ql.Driver: Operation CREATETABLE obtained 1 locks
2024-04-24T05:56:09,180  INFO [main] ql.Driver: Executing command(queryId=alex_20240424055609_a28c0923-6d1d-4112-b656-198eaeb7d441): create table Tstage (a int, b int) stored as orc tblproperties('transactional'='false')
2024-04-24T05:56:09,181  INFO [main] ql.Driver: Starting task [Stage-0:DDL] in serial mode
2024-04-24T05:56:09,181  INFO [main] HiveMetaStore.audit: ugi=alex	ip=unknown-ip-addr	cmd=create_table_req: Table(tableName:Tstage, dbName:default, owner:alex, createTime:1713963369, lastAccessTime:0, retention:0, sd:StorageDescriptor(cols:[FieldSchema(name:a, type:int, comment:null), FieldSchema(name:b, type:int, comment:null)], location:null, inputFormat:org.apache.hadoop.hive.ql.io.orc.OrcInputFormat, outputFormat:org.apache.hadoop.hive.ql.io.orc.OrcOutputFormat, compressed:false, numBuckets:-1, serdeInfo:SerDeInfo(name:null, serializationLib:org.apache.hadoop.hive.ql.io.orc.OrcSerde, parameters:{serialization.format=1}), bucketCols:[], sortCols:[], parameters:{}, skewedInfo:SkewedInfo(skewedColNames:[], skewedColValues:[], skewedColValueLocationMaps:{}), storedAsSubDirectories:false), partitionKeys:[], parameters:{numRows=0, rawDataSize=0, COLUMN_STATS_ACCURATE={"BASIC_STATS":"true","COLUMN_STATS":{"a":"true","b":"true"}}, totalSize=0, numFilesErasureCoded=0, transactional=false, numFiles=0, bucketing_version=2}, viewOriginalText:null, viewExpandedText:null, tableType:MANAGED_TABLE, privileges:PrincipalPrivilegeSet(userPrivileges:{alex=[PrivilegeGrantInfo(privilege:INSERT, createTime:-1, grantor:alex, grantorType:USER, grantOption:true), PrivilegeGrantInfo(privilege:SELECT, createTime:-1, grantor:alex, grantorType:USER, grantOption:true), PrivilegeGrantInfo(privilege:UPDATE, createTime:-1, grantor:alex, grantorType:USER, grantOption:true), PrivilegeGrantInfo(privilege:DELETE, createTime:-1, grantor:alex, grantorType:USER, grantOption:true)]}, groupPrivileges:null, rolePrivileges:null), temporary:false, catName:hive, ownerType:USER)	
2024-04-24T05:56:09,187  INFO [main] utils.FileUtils: Creating directory if it doesn't exist: file:/home/alex/Repositories/hive/ql/target/tmp/org.apache.hadoop.hive.ql.TestTxnLoadData-1713963261722/warehouse/tstage
2024-04-24T05:56:09,201  INFO [main] metadata.Hive: Dumping metastore api call timing information for : execution phase
2024-04-24T05:56:09,202  INFO [main] metadata.Hive: Total time spent in each metastore function (ms): {createTable_(Table)=20, isCompatibleWith_(Configuration)=0}
2024-04-24T05:56:09,202  INFO [main] ql.Driver: Completed executing command(queryId=alex_20240424055609_a28c0923-6d1d-4112-b656-198eaeb7d441); Time taken: 0.021 seconds
2024-04-24T05:56:09,202  INFO [main] lockmgr.DbTxnManager: Stopped heartbeat for query: alex_20240424055609_a28c0923-6d1d-4112-b656-198eaeb7d441
2024-04-24T05:56:09,206  INFO [main] txn.TxnHandler: Expected to move at least one record from txn_components to completed_txn_components when committing txn! txnid:16
2024-04-24T05:56:09,211  INFO [main] txn.TxnHandler: Removed transactions: ([16]) from MIN_HISTORY_LEVEL
2024-04-24T05:56:09,211  WARN [main] txn.CompactionTxnHandler: No compaction queue record found for Compaction type transaction commit. txnId:16
2024-04-24T05:56:09,212  INFO [main] ql.TxnCommandsBaseForTests: Running the query: insert into Tstage values(1,2),(3,4)
2024-04-24T05:56:09,212  INFO [main] ql.Driver: Compiling command(queryId=alex_20240424055609_db0caeff-d0dd-4971-8591-89f3b38bbbdb): insert into Tstage values(1,2),(3,4)
2024-04-24T05:56:09,214  INFO [main] txn.TxnHandler: Added entries to MIN_HISTORY_LEVEL for current txns: ([17]) with min_open_txn: 1
2024-04-24T05:56:09,215  INFO [main] lockmgr.DbTxnManager: Opened txnid:17
2024-04-24T05:56:09,215  INFO [main] parse.CalcitePlanner: Starting caching scope for: 
2024-04-24T05:56:09,215  INFO [main] parse.CalcitePlanner: Starting Semantic Analysis
2024-04-24T05:56:09,218  INFO [main] HiveMetaStore.audit: ugi=alex	ip=unknown-ip-addr	cmd=get_table : tbl=hive.default.Tstage	
2024-04-24T05:56:09,227  INFO [main] metastore.HMSHandler: Skipping translation for processor with null
2024-04-24T05:56:09,227  INFO [main] parse.CalcitePlanner: Completed phase 1 of Semantic Analysis
2024-04-24T05:56:09,227  INFO [main] parse.CalcitePlanner: Get metadata for source tables
2024-04-24T05:56:09,227  INFO [main] parse.CalcitePlanner: Get metadata for subqueries
2024-04-24T05:56:09,227  INFO [main] parse.CalcitePlanner: Get metadata for destination tables
2024-04-24T05:56:09,227  INFO [main] HiveMetaStore.audit: ugi=alex	ip=unknown-ip-addr	cmd=get_table : tbl=hive.default.Tstage	
2024-04-24T05:56:09,236  INFO [main] metastore.HMSHandler: Skipping translation for processor with null
2024-04-24T05:56:09,236  INFO [main] parse.CalcitePlanner: Completed getting MetaData in Semantic Analysis
2024-04-24T05:56:09,236  INFO [main] parse.CalcitePlanner: Disabling LLAP IO encode as ETL query is detected
2024-04-24T05:56:09,258  INFO [main] HiveMetaStore.audit: ugi=alex	ip=unknown-ip-addr	cmd=get_all_table_constraints : tbl=hive._dummy_database._dummy_table	
2024-04-24T05:56:09,332  INFO [main] parse.CalcitePlanner: Get metadata for source tables
2024-04-24T05:56:09,332  INFO [main] parse.CalcitePlanner: Get metadata for subqueries
2024-04-24T05:56:09,332  INFO [main] parse.CalcitePlanner: Get metadata for source tables
2024-04-24T05:56:09,332  INFO [main] HiveMetaStore.audit: ugi=alex	ip=unknown-ip-addr	cmd=get_table : tbl=hive._dummy_database._dummy_table	
2024-04-24T05:56:09,335  INFO [main] parse.CalcitePlanner: Get metadata for subqueries
2024-04-24T05:56:09,335  INFO [main] parse.CalcitePlanner: Get metadata for destination tables
2024-04-24T05:56:09,335  INFO [main] parse.CalcitePlanner: Get metadata for destination tables
2024-04-24T05:56:09,335  INFO [main] HiveMetaStore.audit: ugi=alex	ip=unknown-ip-addr	cmd=get_table : tbl=hive.default.Tstage	
2024-04-24T05:56:09,343  INFO [main] metastore.HMSHandler: Skipping translation for processor with null
2024-04-24T05:56:09,345  INFO [main] common.FileUtils: Creating directory if it doesn't exist: file:/home/alex/Repositories/hive/ql/target/tmp/org.apache.hadoop.hive.ql.TestTxnLoadData-1713963261722/warehouse/tstage/.hive-staging_hive_2024-04-24_05-56-09_212_4204345349507350050-1
2024-04-24T05:56:09,348  INFO [main] HiveMetaStore.audit: ugi=alex	ip=unknown-ip-addr	cmd=get_not_null_constraints : tbl=hive.default.tstage	
2024-04-24T05:56:09,349  INFO [main] HiveMetaStore.audit: ugi=alex	ip=unknown-ip-addr	cmd=get_check_constraints : tbl=hive.default.tstage	
2024-04-24T05:56:09,350  INFO [main] parse.CalcitePlanner: CBO Succeeded; optimized logical plan.
2024-04-24T05:56:09,353  INFO [main] optimizer.BucketVersionPopulator: not considering bucketingVersion for: TS[0] because it has -1<2 buckets 
2024-04-24T05:56:09,353  INFO [main] optimizer.SortedDynPartitionOptimizer: Sorted dynamic partitioning optimization kicked in..
2024-04-24T05:56:09,361  INFO [main] HiveMetaStore.audit: ugi=alex	ip=unknown-ip-addr	cmd=get_table : tbl=hive.default.tstage	
2024-04-24T05:56:09,370  INFO [main] metastore.HMSHandler: Skipping translation for processor with null
2024-04-24T05:56:09,371  INFO [main] optimizer.GenMRFileSink1: using CombineHiveInputformat for the merge job
2024-04-24T05:56:09,371  INFO [main] HiveMetaStore.audit: ugi=alex	ip=unknown-ip-addr	cmd=get_table : tbl=hive.default.tstage	
2024-04-24T05:56:09,381  INFO [main] metastore.HMSHandler: Skipping translation for processor with null
2024-04-24T05:56:09,382  INFO [main] physical.Vectorizer: Examining input format to see if vectorization is enabled.
2024-04-24T05:56:09,382  INFO [main] physical.Vectorizer: Map vectorization enabled: false
2024-04-24T05:56:09,382  INFO [main] physical.Vectorizer: Map vectorized: false
2024-04-24T05:56:09,382  INFO [main] physical.Vectorizer: Map vectorizedVertexNum: 0
2024-04-24T05:56:09,382  INFO [main] physical.Vectorizer: Map enabledConditionsMet: [hive.vectorized.use.vectorized.input.format IS true]
2024-04-24T05:56:09,382  INFO [main] physical.Vectorizer: Map enabledConditionsNotMet: [Could not enable vectorization due to partition column names size 1 is greater than the number of table column names size 0 IS false]
2024-04-24T05:56:09,382  INFO [main] physical.Vectorizer: Map inputFileFormatClassNameSet: [org.apache.hadoop.hive.ql.io.NullRowsInputFormat]
2024-04-24T05:56:09,383  INFO [main] parse.CalcitePlanner: Completed plan generation
2024-04-24T05:56:09,383  INFO [main] parse.CalcitePlanner: Ending caching scope for: 
2024-04-24T05:56:09,383  INFO [main] ql.Driver: Semantic Analysis Completed (retrial = false)
2024-04-24T05:56:09,383  INFO [main] ql.Driver: Created Hive schema: Schema(fieldSchemas:[FieldSchema(name:col1, type:int, comment:null), FieldSchema(name:col2, type:int, comment:null)], properties:null)
2024-04-24T05:56:09,383  INFO [main] metadata.Hive: Dumping metastore api call timing information for : compilation phase
2024-04-24T05:56:09,383  INFO [main] metadata.Hive: Total time spent in each metastore function (ms): {getValidWriteIds_(List, String)=3, getValidTxns_(long)=0, openTxn_(String, TxnType)=2, flushCache_()=0, getCheckConstraints_(CheckConstraintsRequest)=1, isCompatibleWith_(Configuration)=0, getNotNullConstraints_(NotNullConstraintsRequest)=1, getAllTableConstraints_(AllTableConstraintsRequest)=27, commitTxn_(CommitTxnRequest)=9, getTable_(GetTableRequest)=46}
2024-04-24T05:56:09,383  INFO [main] ql.Driver: Completed compiling command(queryId=alex_20240424055609_db0caeff-d0dd-4971-8591-89f3b38bbbdb); Time taken: 0.171 seconds
2024-04-24T05:56:09,384  INFO [main] lockmgr.DbTxnManager: Setting lock request transaction to txnid:17 for queryId=alex_20240424055609_db0caeff-d0dd-4971-8591-89f3b38bbbdb
2024-04-24T05:56:09,384  INFO [main] lockmgr.DbLockManager: Requesting lock for queryId=alex_20240424055609_db0caeff-d0dd-4971-8591-89f3b38bbbdb
2024-04-24T05:56:09,398  INFO [main] lockmgr.DbLockManager: Response to queryId=alex_20240424055609_db0caeff-d0dd-4971-8591-89f3b38bbbdb LockResponse(lockid:11, state:ACQUIRED)
2024-04-24T05:56:09,398  INFO [main] ql.Driver: Operation QUERY obtained 1 locks
2024-04-24T05:56:09,398  INFO [main] ql.Driver: Executing command(queryId=alex_20240424055609_db0caeff-d0dd-4971-8591-89f3b38bbbdb): insert into Tstage values(1,2),(3,4)
2024-04-24T05:56:09,400  WARN [main] ql.Driver: Hive-on-MR is deprecated in Hive 2 and may not be available in the future versions. Consider using a different execution engine (i.e. spark, tez) or using Hive 1.X releases.
Query ID = alex_20240424055609_db0caeff-d0dd-4971-8591-89f3b38bbbdb
2024-04-24T05:56:09,400  INFO [main] ql.Driver: Query ID = alex_20240424055609_db0caeff-d0dd-4971-8591-89f3b38bbbdb
Total jobs = 1
2024-04-24T05:56:09,400  INFO [main] ql.Driver: Total jobs = 1
Launching Job 1 out of 1
2024-04-24T05:56:09,400  INFO [main] ql.Driver: Launching Job 1 out of 1
2024-04-24T05:56:09,530  INFO [main] ql.Driver: Starting task [Stage-1:MAPRED] in serial mode
Number of reduce tasks is set to 0 since there's no reduce operator
2024-04-24T05:56:09,530  INFO [main] exec.Task: Number of reduce tasks is set to 0 since there's no reduce operator
2024-04-24T05:56:09,532  INFO [main] mr.ExecDriver: Using org.apache.hadoop.hive.ql.io.HiveInputFormat
2024-04-24T05:56:09,533  INFO [main] exec.Utilities: Processing alias $hdt$_0:_dummy_table
2024-04-24T05:56:09,533  INFO [main] exec.Utilities: Adding 1 inputs; the first input is file:/home/alex/Repositories/hive/ql/target/tmp/localscratchdir/d8afebad-a24a-4661-88a7-b5fbb5152875/hive_2024-04-24_05-56-09_212_4204345349507350050-1/dummy_path
2024-04-24T05:56:09,541  INFO [main] exec.SerializationUtilities: Serializing MapWork using kryo
2024-04-24T05:56:09,542  INFO [main] exec.Utilities: Serialized plan (via FILE) - name: null size: 6,07KB
2024-04-24T05:56:09,543  WARN [main] impl.MetricsSystemImpl: JobTracker metrics system already initialized!
2024-04-24T05:56:09,546  INFO [main] fs.FSStatsPublisher: created : file:/home/alex/Repositories/hive/ql/target/tmp/localscratchdir/d8afebad-a24a-4661-88a7-b5fbb5152875/hive_2024-04-24_05-56-09_212_4204345349507350050-1/-mr-10001
2024-04-24T05:56:09,550  WARN [main] impl.MetricsSystemImpl: JobTracker metrics system already initialized!
2024-04-24T05:56:09,557  WARN [main] mapreduce.JobResourceUploader: Hadoop command-line option parsing not performed. Implement the Tool interface and execute your application with ToolRunner to remedy this.
2024-04-24T05:56:09,561  WARN [main] mapreduce.JobResourceUploader: No job jar file set.  User classes may not be found. See Job or Job#setJar(String).
2024-04-24T05:56:09,562  INFO [main] io.HiveInputFormat: hive.io.file.readcolumn.ids = 
2024-04-24T05:56:09,562  INFO [main] io.HiveInputFormat: hive.io.file.readcolumn.names = 
2024-04-24T05:56:09,562  INFO [main] io.HiveInputFormat: Generating splits for dirs: file:/home/alex/Repositories/hive/ql/target/tmp/localscratchdir/d8afebad-a24a-4661-88a7-b5fbb5152875/hive_2024-04-24_05-56-09_212_4204345349507350050-1/dummy_path
2024-04-24T05:56:09,562  INFO [main] io.HiveInputFormat: number of splits 1
2024-04-24T05:56:09,580  INFO [main] mapreduce.JobSubmitter: number of splits:1
2024-04-24T05:56:09,597  INFO [main] mapreduce.JobSubmitter: Submitting tokens for job: job_local455479891_0043
2024-04-24T05:56:09,597  INFO [main] mapreduce.JobSubmitter: Executing with tokens: []
2024-04-24T05:56:09,656  INFO [main] mapreduce.Job: The url to track the job: http://localhost:8080/
Job running in-process (local Hadoop)
2024-04-24T05:56:09,657  INFO [main] exec.Task: Job running in-process (local Hadoop)
2024-04-24T05:56:09,657  INFO [Thread-2739] mapred.LocalJobRunner: OutputCommitter set in config org.apache.hadoop.hive.ql.io.HiveFileFormatUtils$NullOutputCommitter
2024-04-24T05:56:09,657  INFO [Thread-2739] mapred.LocalJobRunner: OutputCommitter is org.apache.hadoop.hive.ql.io.HiveFileFormatUtils$NullOutputCommitter
2024-04-24T05:56:09,659  INFO [Thread-2739] mapred.LocalJobRunner: Waiting for map tasks
2024-04-24T05:56:09,659  INFO [LocalJobRunner Map Task Executor #0] mapred.LocalJobRunner: Starting task: attempt_local455479891_0043_m_000000_0
2024-04-24T05:56:09,662  INFO [LocalJobRunner Map Task Executor #0] mapred.Task:  Using ResourceCalculatorProcessTree : [ ]
2024-04-24T05:56:09,662  INFO [LocalJobRunner Map Task Executor #0] mapred.MapTask: Processing split: org.apache.hadoop.hive.ql.io.NullRowsInputFormat:file:/home/alex/Repositories/hive/ql/target/tmp/localscratchdir/d8afebad-a24a-4661-88a7-b5fbb5152875/hive_2024-04-24_05-56-09_212_4204345349507350050-1/dummy_path/null:0+1
2024-04-24T05:56:09,664  INFO [LocalJobRunner Map Task Executor #0] exec.SerializationUtilities: Deserializing MapWork using kryo
2024-04-24T05:56:09,665  INFO [LocalJobRunner Map Task Executor #0] exec.Utilities: Deserialized plan (via FILE) - name: null size: 6,07KB
2024-04-24T05:56:09,665  INFO [LocalJobRunner Map Task Executor #0] mapred.MapTask: numReduceTasks: 0
2024-04-24T05:56:09,668  INFO [LocalJobRunner Map Task Executor #0] exec.MapOperator: Initializing Operator: MAP[0]
2024-04-24T05:56:09,668  INFO [LocalJobRunner Map Task Executor #0] mr.ExecMapper: 
<MAP>Id =0
  <Children>null
  <\Children>
  <Parent><\Parent>
<\MAP>
2024-04-24T05:56:09,668  INFO [LocalJobRunner Map Task Executor #0] exec.TableScanOperator: Initializing Operator: TS[0]
2024-04-24T05:56:09,668  INFO [LocalJobRunner Map Task Executor #0] exec.SelectOperator: Initializing Operator: SEL[1]
2024-04-24T05:56:09,669  INFO [LocalJobRunner Map Task Executor #0] exec.SelectOperator: SELECT null
2024-04-24T05:56:09,669  INFO [LocalJobRunner Map Task Executor #0] exec.UDTFOperator: Initializing Operator: UDTF[2]
2024-04-24T05:56:09,669  INFO [LocalJobRunner Map Task Executor #0] exec.SelectOperator: Initializing Operator: SEL[3]
2024-04-24T05:56:09,669  INFO [LocalJobRunner Map Task Executor #0] exec.SelectOperator: SELECT struct<col1:int,col2:int>
2024-04-24T05:56:09,669  INFO [LocalJobRunner Map Task Executor #0] exec.FileSinkOperator: Initializing Operator: FS[4]
2024-04-24T05:56:09,669  INFO [LocalJobRunner Map Task Executor #0] exec.FileSinkOperator: Using serializer : AbstractSerDe [log=org.apache.logging.slf4j.Log4jLogger@713947ce, configuration=Optional[Configuration: core-default.xml, core-site.xml, mapred-default.xml, mapred-site.xml, yarn-default.xml, yarn-site.xml, hdfs-default.xml, hdfs-site.xml, file:/home/alex/Repositories/hive/ql/target/tmp/TestTxnLoadData/mapred/local/localRunner/alex/job_local455479891_0043/job_local455479891_0043.xml], properties={name=default.tstage, columns.types=int:int, serialization.format=1, columns=a,b, numFilesErasureCoded=0, columns.comments=&amp#0;, bucketing_version=2, serialization.lib=org.apache.hadoop.hive.ql.io.orc.OrcSerde, file.inputformat=org.apache.hadoop.hive.ql.io.orc.OrcInputFormat, file.outputformat=org.apache.hadoop.hive.ql.io.orc.OrcOutputFormat, location=file:/home/alex/Repositories/hive/ql/target/tmp/org.apache.hadoop.hive.ql.TestTxnLoadData-1713963261722/warehouse/tstage, column.name.delimiter=,}, tableProperties={name=default.tstage, columns.types=int:int, serialization.format=1, columns=a,b, numFilesErasureCoded=0, columns.comments=&amp#0;, bucketing_version=2, serialization.lib=org.apache.hadoop.hive.ql.io.orc.OrcSerde, file.inputformat=org.apache.hadoop.hive.ql.io.orc.OrcInputFormat, location=file:/home/alex/Repositories/hive/ql/target/tmp/org.apache.hadoop.hive.ql.TestTxnLoadData-1713963261722/warehouse/tstage, file.outputformat=org.apache.hadoop.hive.ql.io.orc.OrcOutputFormat, column.name.delimiter=,}, partitionProperties=Optional.empty, columnNames=[a, b], columnTypes=[int, int], getClass()=class org.apache.hadoop.hive.ql.io.orc.OrcSerde] and formatter : org.apache.hadoop.hive.ql.io.orc.OrcOutputFormat@282d909d
2024-04-24T05:56:09,670  INFO [LocalJobRunner Map Task Executor #0] exec.FileSinkOperator: Final Path: FS file:/home/alex/Repositories/hive/ql/target/tmp/org.apache.hadoop.hive.ql.TestTxnLoadData-1713963261722/warehouse/tstage/.hive-staging_hive_2024-04-24_05-56-09_212_4204345349507350050-1/_tmp.-ext-10002/000000_0
2024-04-24T05:56:09,670  INFO [LocalJobRunner Map Task Executor #0] exec.FileSinkOperator: Writing to temp file: FS file:/home/alex/Repositories/hive/ql/target/tmp/org.apache.hadoop.hive.ql.TestTxnLoadData-1713963261722/warehouse/tstage/.hive-staging_hive_2024-04-24_05-56-09_212_4204345349507350050-1/_task_tmp.-ext-10002/_tmp.000000_0
2024-04-24T05:56:09,670  INFO [LocalJobRunner Map Task Executor #0] exec.FileSinkOperator: New Final Path: FS file:/home/alex/Repositories/hive/ql/target/tmp/org.apache.hadoop.hive.ql.TestTxnLoadData-1713963261722/warehouse/tstage/.hive-staging_hive_2024-04-24_05-56-09_212_4204345349507350050-1/_tmp.-ext-10002/000000_0
2024-04-24T05:56:09,671  INFO [LocalJobRunner Map Task Executor #0] exec.FileSinkOperator: FS[4]: records written - 1
2024-04-24T05:56:09,672  INFO [LocalJobRunner Map Task Executor #0] impl.PhysicalFsWriter: ORC writer created for path: file:/home/alex/Repositories/hive/ql/target/tmp/org.apache.hadoop.hive.ql.TestTxnLoadData-1713963261722/warehouse/tstage/.hive-staging_hive_2024-04-24_05-56-09_212_4204345349507350050-1/_task_tmp.-ext-10002/_tmp.000000_0 with stripeSize: 67108864 blockSize: 268435456 compression: Compress: ZLIB buffer: 262144
2024-04-24T05:56:09,678  INFO [LocalJobRunner Map Task Executor #0] impl.WriterImpl: ORC writer created for path: file:/home/alex/Repositories/hive/ql/target/tmp/org.apache.hadoop.hive.ql.TestTxnLoadData-1713963261722/warehouse/tstage/.hive-staging_hive_2024-04-24_05-56-09_212_4204345349507350050-1/_task_tmp.-ext-10002/_tmp.000000_0 with stripeSize: 67108864 options: Compress: ZLIB buffer: 262144
2024-04-24T05:56:09,678  INFO [LocalJobRunner Map Task Executor #0] exec.MapOperator: MAP[0]: records read - 1
2024-04-24T05:56:09,679  INFO [LocalJobRunner Map Task Executor #0] exec.MapOperator: Closing Operator: MAP[0]
2024-04-24T05:56:09,679  INFO [LocalJobRunner Map Task Executor #0] exec.MapOperator: MAP[0]: Total records read - 3. abort - false
2024-04-24T05:56:09,679  INFO [LocalJobRunner Map Task Executor #0] exec.MapOperator: RECORDS_IN:3, DESERIALIZE_ERRORS:0, RECORDS_OUT_OPERATOR_MAP_0:0, RECORDS_OUT_INTERMEDIATE:0, 
2024-04-24T05:56:09,679  INFO [LocalJobRunner Map Task Executor #0] exec.TableScanOperator: Closing Operator: TS[0]
2024-04-24T05:56:09,679  INFO [LocalJobRunner Map Task Executor #0] exec.TableScanOperator: RECORDS_OUT_OPERATOR_TS_0:1, RECORDS_OUT_INTERMEDIATE:0, 
2024-04-24T05:56:09,679  INFO [LocalJobRunner Map Task Executor #0] exec.SelectOperator: Closing Operator: SEL[1]
2024-04-24T05:56:09,679  INFO [LocalJobRunner Map Task Executor #0] exec.SelectOperator: RECORDS_OUT_INTERMEDIATE:0, RECORDS_OUT_OPERATOR_SEL_1:1, 
2024-04-24T05:56:09,679  INFO [LocalJobRunner Map Task Executor #0] exec.UDTFOperator: Closing Operator: UDTF[2]
2024-04-24T05:56:09,679  INFO [LocalJobRunner Map Task Executor #0] exec.UDTFOperator: RECORDS_OUT_INTERMEDIATE:0, RECORDS_OUT_OPERATOR_UDTF_2:2, 
2024-04-24T05:56:09,679  INFO [LocalJobRunner Map Task Executor #0] exec.SelectOperator: Closing Operator: SEL[3]
2024-04-24T05:56:09,679  INFO [LocalJobRunner Map Task Executor #0] exec.SelectOperator: RECORDS_OUT_INTERMEDIATE:0, RECORDS_OUT_OPERATOR_SEL_3:2, 
2024-04-24T05:56:09,679  INFO [LocalJobRunner Map Task Executor #0] exec.FileSinkOperator: Closing Operator: FS[4]
2024-04-24T05:56:09,679  INFO [LocalJobRunner Map Task Executor #0] exec.FileSinkOperator: FS[4]: records written - 2
2024-04-24T05:56:09,685  INFO [LocalJobRunner Map Task Executor #0] exec.FileSinkOperator: RECORDS_OUT_INTERMEDIATE:0, RECORDS_OUT_1_default.tstage:2, TOTAL_TABLE_ROWS_WRITTEN:2, RECORDS_OUT_OPERATOR_FS_4:2, 
2024-04-24T05:56:09,686  INFO [LocalJobRunner Map Task Executor #0] mapred.LocalJobRunner: 
2024-04-24T05:56:09,688  INFO [LocalJobRunner Map Task Executor #0] mapred.Task: Task:attempt_local455479891_0043_m_000000_0 is done. And is in the process of committing
2024-04-24T05:56:09,688  INFO [LocalJobRunner Map Task Executor #0] mapred.LocalJobRunner: map
2024-04-24T05:56:09,688  INFO [LocalJobRunner Map Task Executor #0] mapred.Task: Task 'attempt_local455479891_0043_m_000000_0' done.
2024-04-24T05:56:09,688  INFO [LocalJobRunner Map Task Executor #0] mapred.Task: Final Counters for attempt_local455479891_0043_m_000000_0: Counters: 27
	File System Counters
		FILE: Number of bytes read=586511
		FILE: Number of bytes written=50436223
		FILE: Number of read operations=0
		FILE: Number of large read operations=0
		FILE: Number of write operations=0
	Map-Reduce Framework
		Map input records=4
		Map output records=0
		Input split bytes=361
		Spilled Records=0
		Failed Shuffles=0
		Merged Map outputs=0
		GC time elapsed (ms)=0
		Total committed heap usage (bytes)=1177026560
	HIVE
		CREATED_FILES=1
		DESERIALIZE_ERRORS=0
		RECORDS_IN=3
		RECORDS_OUT_1_default.tstage=2
		RECORDS_OUT_INTERMEDIATE=0
		RECORDS_OUT_OPERATOR_FS_4=2
		RECORDS_OUT_OPERATOR_MAP_0=0
		RECORDS_OUT_OPERATOR_SEL_1=1
		RECORDS_OUT_OPERATOR_SEL_3=2
		RECORDS_OUT_OPERATOR_TS_0=1
		RECORDS_OUT_OPERATOR_UDTF_2=2
		TOTAL_TABLE_ROWS_WRITTEN=2
	File Input Format Counters 
		Bytes Read=6132
	File Output Format Counters 
		Bytes Written=0
2024-04-24T05:56:09,688  INFO [LocalJobRunner Map Task Executor #0] mapred.LocalJobRunner: Finishing task: attempt_local455479891_0043_m_000000_0
2024-04-24T05:56:09,688  INFO [Thread-2739] mapred.LocalJobRunner: map task executor complete.
2024-04-24 05:56:10,659 Stage-1 map = 100%,  reduce = 0%
2024-04-24T05:56:10,659  INFO [main] exec.Task: 2024-04-24 05:56:10,659 Stage-1 map = 100%,  reduce = 0%
Ended Job = job_local455479891_0043
2024-04-24T05:56:10,660  INFO [main] exec.Task: Ended Job = job_local455479891_0043
2024-04-24T05:56:10,663  INFO [main] ql.Driver: Starting task [Stage-7:CONDITIONAL] in serial mode
Stage-4 is selected by condition resolver.
2024-04-24T05:56:10,663  INFO [main] exec.Task: Stage-4 is selected by condition resolver.
Stage-3 is filtered out by condition resolver.
2024-04-24T05:56:10,663  INFO [main] exec.Task: Stage-3 is filtered out by condition resolver.
Stage-5 is filtered out by condition resolver.
2024-04-24T05:56:10,664  INFO [main] exec.Task: Stage-5 is filtered out by condition resolver.
2024-04-24T05:56:10,664  INFO [main] ql.Driver: Starting task [Stage-4:MOVE] in serial mode
Moving data to directory file:/home/alex/Repositories/hive/ql/target/tmp/org.apache.hadoop.hive.ql.TestTxnLoadData-1713963261722/warehouse/tstage/.hive-staging_hive_2024-04-24_05-56-09_212_4204345349507350050-1/-ext-10000
2024-04-24T05:56:10,664  INFO [main] exec.Task: Moving data to directory file:/home/alex/Repositories/hive/ql/target/tmp/org.apache.hadoop.hive.ql.TestTxnLoadData-1713963261722/warehouse/tstage/.hive-staging_hive_2024-04-24_05-56-09_212_4204345349507350050-1/-ext-10000 from file:/home/alex/Repositories/hive/ql/target/tmp/org.apache.hadoop.hive.ql.TestTxnLoadData-1713963261722/warehouse/tstage/.hive-staging_hive_2024-04-24_05-56-09_212_4204345349507350050-1/-ext-10002
2024-04-24T05:56:10,664  INFO [main] ql.Driver: Starting task [Stage-0:MOVE] in serial mode
Loading data to table default.tstage
2024-04-24T05:56:10,664  INFO [main] exec.Task: Loading data to table default.tstage from file:/home/alex/Repositories/hive/ql/target/tmp/org.apache.hadoop.hive.ql.TestTxnLoadData-1713963261722/warehouse/tstage/.hive-staging_hive_2024-04-24_05-56-09_212_4204345349507350050-1/-ext-10000
2024-04-24T05:56:10,664  INFO [main] HiveMetaStore.audit: ugi=alex	ip=unknown-ip-addr	cmd=get_table : tbl=hive.default.tstage	
2024-04-24T05:56:10,673  INFO [main] metastore.HMSHandler: Skipping translation for processor with null
2024-04-24T05:56:10,673  INFO [main] HiveMetaStore.audit: ugi=alex	ip=unknown-ip-addr	cmd=get_table : tbl=hive.default.tstage	
2024-04-24T05:56:10,681  INFO [main] metastore.HMSHandler: Skipping translation for processor with null
2024-04-24T05:56:10,682  WARN [main] metadata.Hive: Cannot get a table snapshot for tstage
2024-04-24T05:56:10,682  INFO [main] HiveMetaStore.audit: ugi=alex	ip=unknown-ip-addr	cmd=alter_table: hive.default.tstage newtbl=tstage	
2024-04-24T05:56:10,706  INFO [main] ql.Driver: Starting task [Stage-2:STATS] in serial mode
2024-04-24T05:56:10,707  INFO [main] HiveMetaStore.audit: ugi=alex	ip=unknown-ip-addr	cmd=get_table : tbl=hive.default.tstage	
2024-04-24T05:56:10,714  INFO [main] metastore.HMSHandler: Skipping translation for processor with null
2024-04-24T05:56:10,714  INFO [main] stats.BasicStatsTask: Executing stats task
2024-04-24T05:56:10,714  INFO [main] fs.FSStatsPublisher: created : file:/home/alex/Repositories/hive/ql/target/tmp/localscratchdir/d8afebad-a24a-4661-88a7-b5fbb5152875/hive_2024-04-24_05-56-09_212_4204345349507350050-1/-mr-10001
2024-04-24T05:56:10,715  INFO [main] HiveMetaStore.audit: ugi=alex	ip=unknown-ip-addr	cmd=get_table : tbl=hive.default.tstage	
2024-04-24T05:56:10,725  INFO [main] metastore.HMSHandler: Skipping translation for processor with null
2024-04-24T05:56:10,726  INFO [main] FileOperations: Read stats for default.tstage/, numRows, true, 2, false: 
2024-04-24T05:56:10,726  INFO [main] FileOperations: Read stats for default.tstage/, rawDataSize, true, 16, false: 
2024-04-24T05:56:10,726  WARN [main] metadata.Hive: Cannot get a table snapshot for tstage
2024-04-24T05:56:10,727  INFO [main] HiveMetaStore.audit: ugi=alex	ip=unknown-ip-addr	cmd=alter_table: hive.default.tstage newtbl=tstage	
2024-04-24T05:56:10,749  INFO [main] stats.BasicStatsTask: Table default.tstage stats: [numFiles=1, numRows=2, totalSize=254, rawDataSize=16, numFilesErasureCoded=0]
2024-04-24T05:56:10,749  INFO [main] metadata.Hive: Dumping metastore api call timing information for : execution phase
2024-04-24T05:56:10,749  INFO [main] metadata.Hive: Total time spent in each metastore function (ms): {isCompatibleWith_(Configuration)=1, alter_table_(String, String, String, Table, EnvironmentContext, String)=46, getTable_(GetTableRequest)=34}
MapReduce Jobs Launched: 
2024-04-24T05:56:10,750  INFO [main] ql.Driver: MapReduce Jobs Launched: 
Stage-Stage-1:  HDFS Read: 0 HDFS Write: 0 SUCCESS
2024-04-24T05:56:10,750  INFO [main] ql.Driver: Stage-Stage-1:  HDFS Read: 0 HDFS Write: 0 SUCCESS
Total MapReduce CPU Time Spent: 0 msec
2024-04-24T05:56:10,750  INFO [main] ql.Driver: Total MapReduce CPU Time Spent: 0 msec
2024-04-24T05:56:10,750  INFO [main] ql.Driver: Completed executing command(queryId=alex_20240424055609_db0caeff-d0dd-4971-8591-89f3b38bbbdb); Time taken: 1.351 seconds
2024-04-24T05:56:10,750  INFO [main] lockmgr.DbTxnManager: Stopped heartbeat for query: alex_20240424055609_db0caeff-d0dd-4971-8591-89f3b38bbbdb
2024-04-24T05:56:10,753  INFO [main] txn.TxnHandler: Expected to move at least one record from txn_components to completed_txn_components when committing txn! txnid:17
2024-04-24T05:56:10,758  INFO [main] txn.TxnHandler: Removed transactions: ([17]) from MIN_HISTORY_LEVEL
2024-04-24T05:56:10,758  WARN [main] txn.CompactionTxnHandler: No compaction queue record found for Compaction type transaction commit. txnId:17
2024-04-24T05:56:10,759  INFO [main] ql.TxnCommandsBaseForTests: Running the query: export table Tstage to '/home/alex/Repositories/hive/ql/target/tmp/org.apache.hadoop.hive.ql.TestTxnLoadData-1713963261722/warehouse/1'
2024-04-24T05:56:10,759  INFO [main] ql.Context: Deleting scratch dir: file:/home/alex/Repositories/hive/ql/target/tmp/org.apache.hadoop.hive.ql.TestTxnLoadData-1713963261722/warehouse/tstage/.hive-staging_hive_2024-04-24_05-56-09_212_4204345349507350050-1
2024-04-24T05:56:10,759  INFO [main] cleanup.SyncCleanupService: Deleted directory: file:/home/alex/Repositories/hive/ql/target/tmp/org.apache.hadoop.hive.ql.TestTxnLoadData-1713963261722/warehouse/tstage/.hive-staging_hive_2024-04-24_05-56-09_212_4204345349507350050-1 on fs with scheme file
2024-04-24T05:56:10,759  INFO [main] ql.Context: Deleting scratch dir: file:/home/alex/Repositories/hive/ql/target/tmp/localscratchdir/d8afebad-a24a-4661-88a7-b5fbb5152875/hive_2024-04-24_05-56-09_212_4204345349507350050-1
2024-04-24T05:56:10,760  INFO [main] cleanup.SyncCleanupService: Deleted directory: file:/home/alex/Repositories/hive/ql/target/tmp/localscratchdir/d8afebad-a24a-4661-88a7-b5fbb5152875/hive_2024-04-24_05-56-09_212_4204345349507350050-1 on fs with scheme file
2024-04-24T05:56:10,760  INFO [main] ql.Driver: Compiling command(queryId=alex_20240424055610_8a1e8239-4551-4035-ab5c-13f631bb3f87): export table Tstage to '/home/alex/Repositories/hive/ql/target/tmp/org.apache.hadoop.hive.ql.TestTxnLoadData-1713963261722/warehouse/1'
2024-04-24T05:56:10,760  INFO [main] HiveMetaStore.audit: ugi=alex	ip=unknown-ip-addr	cmd=get_table : tbl=hive.default.Tstage	
2024-04-24T05:56:10,768  INFO [main] metastore.HMSHandler: Skipping translation for processor with null
2024-04-24T05:56:10,770  INFO [main] txn.TxnHandler: Added entries to MIN_HISTORY_LEVEL for current txns: ([18]) with min_open_txn: 18
2024-04-24T05:56:10,770  INFO [main] lockmgr.DbTxnManager: Opened txnid:18
2024-04-24T05:56:10,773  INFO [main] HiveMetaStore.audit: ugi=alex	ip=unknown-ip-addr	cmd=get_table : tbl=hive.default.Tstage	
2024-04-24T05:56:10,786  INFO [main] metastore.HMSHandler: Skipping translation for processor with null
2024-04-24T05:56:10,786  INFO [main] parse.EximUtil: Path before norm :/home/alex/Repositories/hive/ql/target/tmp/org.apache.hadoop.hive.ql.TestTxnLoadData-1713963261722/warehouse/1
2024-04-24T05:56:10,786  INFO [main] parse.EximUtil: Scheme:file, authority:null, path:/home/alex/Repositories/hive/ql/target/tmp/org.apache.hadoop.hive.ql.TestTxnLoadData-1713963261722/warehouse/1
2024-04-24T05:56:10,786  INFO [main] parse.EximUtil: Path before norm :/home/alex/Repositories/hive/ql/target/tmp/org.apache.hadoop.hive.ql.TestTxnLoadData-1713963261722/warehouse/1
2024-04-24T05:56:10,786  INFO [main] parse.EximUtil: Scheme:file, authority:null, path:/home/alex/Repositories/hive/ql/target/tmp/org.apache.hadoop.hive.ql.TestTxnLoadData-1713963261722/warehouse/1
2024-04-24T05:56:10,786  INFO [main] ql.Driver: Semantic Analysis Completed (retrial = false)
2024-04-24T05:56:10,786  INFO [main] ql.Driver: Created Hive schema: Schema(fieldSchemas:null, properties:null)
2024-04-24T05:56:10,786  INFO [main] metadata.Hive: Dumping metastore api call timing information for : compilation phase
2024-04-24T05:56:10,787  INFO [main] metadata.Hive: Total time spent in each metastore function (ms): {isCompatibleWith_(Configuration)=1, commitTxn_(CommitTxnRequest)=8, flushCache_()=0, getValidTxns_(long)=0, getTable_(GetTableRequest)=21, openTxn_(String, TxnType)=2, getCurrentNotificationEventId_()=2}
2024-04-24T05:56:10,787  INFO [main] ql.Driver: Completed compiling command(queryId=alex_20240424055610_8a1e8239-4551-4035-ab5c-13f631bb3f87); Time taken: 0.026 seconds
2024-04-24T05:56:10,787  INFO [main] lockmgr.DbTxnManager: Setting lock request transaction to txnid:18 for queryId=alex_20240424055610_8a1e8239-4551-4035-ab5c-13f631bb3f87
2024-04-24T05:56:10,788  INFO [main] lockmgr.DbLockManager: Requesting lock for queryId=alex_20240424055610_8a1e8239-4551-4035-ab5c-13f631bb3f87
2024-04-24T05:56:10,807  INFO [main] lockmgr.DbLockManager: Response to queryId=alex_20240424055610_8a1e8239-4551-4035-ab5c-13f631bb3f87 LockResponse(lockid:12, state:ACQUIRED)
2024-04-24T05:56:10,807  INFO [main] ql.Driver: Operation EXPORT obtained 1 locks
2024-04-24T05:56:10,807  INFO [main] ql.Driver: Executing command(queryId=alex_20240424055610_8a1e8239-4551-4035-ab5c-13f631bb3f87): export table Tstage to '/home/alex/Repositories/hive/ql/target/tmp/org.apache.hadoop.hive.ql.TestTxnLoadData-1713963261722/warehouse/1'
2024-04-24T05:56:10,808  INFO [main] ql.Driver: Starting task [Stage-0:REPL_DUMP] in serial mode
2024-04-24T05:56:10,808  INFO [main] parse.EximUtil: Path before norm :/home/alex/Repositories/hive/ql/target/tmp/org.apache.hadoop.hive.ql.TestTxnLoadData-1713963261722/warehouse/1
2024-04-24T05:56:10,808  INFO [main] parse.EximUtil: Scheme:file, authority:null, path:/home/alex/Repositories/hive/ql/target/tmp/org.apache.hadoop.hive.ql.TestTxnLoadData-1713963261722/warehouse/1
2024-04-24T05:56:10,808  INFO [main] parse.EximUtil: Path before norm :/home/alex/Repositories/hive/ql/target/tmp/org.apache.hadoop.hive.ql.TestTxnLoadData-1713963261722/warehouse/1
2024-04-24T05:56:10,808  INFO [main] parse.EximUtil: Scheme:file, authority:null, path:/home/alex/Repositories/hive/ql/target/tmp/org.apache.hadoop.hive.ql.TestTxnLoadData-1713963261722/warehouse/1
2024-04-24T05:56:10,820  WARN [main] shims.Utils: XAttr won't be preserved since it is not supported for file system: file:///
2024-04-24T05:56:10,825  INFO [main] metadata.Hive: Dumping metastore api call timing information for : execution phase
2024-04-24T05:56:10,825  INFO [main] metadata.Hive: Total time spent in each metastore function (ms): {isCompatibleWith_(Configuration)=0}
2024-04-24T05:56:10,826  INFO [main] ql.Driver: Completed executing command(queryId=alex_20240424055610_8a1e8239-4551-4035-ab5c-13f631bb3f87); Time taken: 0.018 seconds
2024-04-24T05:56:10,826  INFO [main] lockmgr.DbTxnManager: Stopped heartbeat for query: alex_20240424055610_8a1e8239-4551-4035-ab5c-13f631bb3f87
2024-04-24T05:56:10,831  INFO [main] txn.TxnHandler: Expected to move at least one record from txn_components to completed_txn_components when committing txn! txnid:18
2024-04-24T05:56:10,838  INFO [main] txn.TxnHandler: Removed transactions: ([18]) from MIN_HISTORY_LEVEL
2024-04-24T05:56:10,838  WARN [main] txn.CompactionTxnHandler: No compaction queue record found for Compaction type transaction commit. txnId:18
2024-04-24T05:56:10,839  INFO [main] ql.TxnCommandsBaseForTests: Running the query: truncate table Tstage
2024-04-24T05:56:10,839  INFO [main] ql.Driver: Compiling command(queryId=alex_20240424055610_438c611e-0d05-4bf0-a475-0f10a8b97f39): truncate table Tstage
2024-04-24T05:56:10,842  INFO [main] txn.TxnHandler: Added entries to MIN_HISTORY_LEVEL for current txns: ([19]) with min_open_txn: 18
2024-04-24T05:56:10,842  INFO [main] lockmgr.DbTxnManager: Opened txnid:19
2024-04-24T05:56:10,843  INFO [main] HiveMetaStore.audit: ugi=alex	ip=unknown-ip-addr	cmd=get_table : tbl=hive.default.Tstage	
2024-04-24T05:56:10,854  INFO [main] metastore.HMSHandler: Skipping translation for processor with null
2024-04-24T05:56:10,855  INFO [main] ql.Driver: Semantic Analysis Completed (retrial = false)
2024-04-24T05:56:10,855  INFO [main] ql.Driver: Created Hive schema: Schema(fieldSchemas:null, properties:null)
2024-04-24T05:56:10,855  INFO [main] metadata.Hive: Dumping metastore api call timing information for : compilation phase
2024-04-24T05:56:10,855  INFO [main] metadata.Hive: Total time spent in each metastore function (ms): {isCompatibleWith_(Configuration)=1, getTable_(GetTableRequest)=11, commitTxn_(CommitTxnRequest)=12, flushCache_()=0, getValidTxns_(long)=0, openTxn_(String, TxnType)=2}
2024-04-24T05:56:10,855  INFO [main] ql.Driver: Completed compiling command(queryId=alex_20240424055610_438c611e-0d05-4bf0-a475-0f10a8b97f39); Time taken: 0.016 seconds
2024-04-24T05:56:10,855  INFO [main] lockmgr.DbTxnManager: Setting lock request transaction to txnid:19 for queryId=alex_20240424055610_438c611e-0d05-4bf0-a475-0f10a8b97f39
2024-04-24T05:56:10,855  INFO [main] lockmgr.DbLockManager: Requesting lock for queryId=alex_20240424055610_438c611e-0d05-4bf0-a475-0f10a8b97f39
2024-04-24T05:56:10,870  INFO [main] lockmgr.DbLockManager: Response to queryId=alex_20240424055610_438c611e-0d05-4bf0-a475-0f10a8b97f39 LockResponse(lockid:13, state:ACQUIRED)
2024-04-24T05:56:10,870  INFO [main] ql.Driver: Operation TRUNCATETABLE obtained 1 locks
2024-04-24T05:56:10,870  INFO [main] ql.Driver: Executing command(queryId=alex_20240424055610_438c611e-0d05-4bf0-a475-0f10a8b97f39): truncate table Tstage
2024-04-24T05:56:10,870  INFO [main] ql.Driver: Starting task [Stage-0:DDL] in serial mode
2024-04-24T05:56:10,871  INFO [main] HiveMetaStore.audit: ugi=alex	ip=unknown-ip-addr	cmd=get_table : tbl=hive.default.tstage	
2024-04-24T05:56:10,880  INFO [main] metastore.HMSHandler: Skipping translation for processor with null
2024-04-24T05:56:10,880  INFO [main] HiveMetaStore.audit: ugi=alex	ip=unknown-ip-addr	cmd=get_table : tbl=hive.default.tstage	
2024-04-24T05:56:10,888  INFO [main] metastore.HMSHandler: Skipping translation for processor with null
2024-04-24T05:56:10,917  INFO [main] utils.MetaStoreServerUtils: Updated size of table tstage to 0
2024-04-24T05:56:10,925  INFO [main] metadata.Hive: Dumping metastore api call timing information for : execution phase
2024-04-24T05:56:10,925  INFO [main] metadata.Hive: Total time spent in each metastore function (ms): {getTable_(GetTableRequest)=9, isCompatibleWith_(Configuration)=1, truncateTable_(String, String, List)=45}
2024-04-24T05:56:10,925  INFO [main] ql.Driver: Completed executing command(queryId=alex_20240424055610_438c611e-0d05-4bf0-a475-0f10a8b97f39); Time taken: 0.055 seconds
2024-04-24T05:56:10,925  INFO [main] lockmgr.DbTxnManager: Stopped heartbeat for query: alex_20240424055610_438c611e-0d05-4bf0-a475-0f10a8b97f39
2024-04-24T05:56:10,929  INFO [main] txn.TxnHandler: Expected to move at least one record from txn_components to completed_txn_components when committing txn! txnid:19
2024-04-24T05:56:10,935  INFO [main] txn.TxnHandler: Removed transactions: ([19]) from MIN_HISTORY_LEVEL
2024-04-24T05:56:10,935  WARN [main] txn.CompactionTxnHandler: No compaction queue record found for Compaction type transaction commit. txnId:19
2024-04-24T05:56:10,935  INFO [main] ql.TxnCommandsBaseForTests: Running the query: load data local inpath '/home/alex/Repositories/hive/ql/target/tmp/org.apache.hadoop.hive.ql.TestTxnLoadData-1713963261722/warehouse/1/data' into table T
2024-04-24T05:56:10,936  INFO [main] ql.Driver: Compiling command(queryId=alex_20240424055610_f0e88115-14a0-437f-a6e8-b56f6f3567d4): load data local inpath '/home/alex/Repositories/hive/ql/target/tmp/org.apache.hadoop.hive.ql.TestTxnLoadData-1713963261722/warehouse/1/data' into table T
2024-04-24T05:56:10,938  INFO [main] txn.TxnHandler: Added entries to MIN_HISTORY_LEVEL for current txns: ([20]) with min_open_txn: 18
2024-04-24T05:56:10,938  INFO [main] lockmgr.DbTxnManager: Opened txnid:20
2024-04-24T05:56:10,939  INFO [main] parse.LoadSemanticAnalyzer: Starting caching scope for: 
2024-04-24T05:56:10,939  INFO [main] HiveMetaStore.audit: ugi=alex	ip=unknown-ip-addr	cmd=get_table : tbl=hive.default.T	
2024-04-24T05:56:10,945  INFO [main] metastore.HMSHandler: Skipping translation for processor with null
2024-04-24T05:56:10,953  INFO [main] txn.TxnHandler: Allocated writeId: 1 for txnId: 20
2024-04-24T05:56:10,954  INFO [main] txn.TxnHandler: Allocated write ids for dbName=default, tblName=t (txnIds: [20])
2024-04-24T05:56:10,954  INFO [main] parse.LoadSemanticAnalyzer: Ending caching scope for: 
2024-04-24T05:56:10,954  INFO [main] ql.Driver: Semantic Analysis Completed (retrial = false)
2024-04-24T05:56:10,954  INFO [main] ql.Driver: Created Hive schema: Schema(fieldSchemas:null, properties:null)
2024-04-24T05:56:10,954  INFO [main] metadata.Hive: Dumping metastore api call timing information for : compilation phase
2024-04-24T05:56:10,955  INFO [main] metadata.Hive: Total time spent in each metastore function (ms): {getTable_(GetTableRequest)=6, allocateTableWriteId_(long, String, String)=7, openTxn_(String, TxnType)=2, getValidTxns_(long)=1, commitTxn_(CommitTxnRequest)=10, flushCache_()=0, isCompatibleWith_(Configuration)=0}
2024-04-24T05:56:10,955  INFO [main] ql.Driver: Completed compiling command(queryId=alex_20240424055610_f0e88115-14a0-437f-a6e8-b56f6f3567d4); Time taken: 0.018 seconds
2024-04-24T05:56:10,955  INFO [main] lockmgr.DbTxnManager: Setting lock request transaction to txnid:20 for queryId=alex_20240424055610_f0e88115-14a0-437f-a6e8-b56f6f3567d4
2024-04-24T05:56:10,955  INFO [main] lockmgr.DbLockManager: Requesting lock for queryId=alex_20240424055610_f0e88115-14a0-437f-a6e8-b56f6f3567d4
2024-04-24T05:56:10,971  INFO [main] lockmgr.DbLockManager: Response to queryId=alex_20240424055610_f0e88115-14a0-437f-a6e8-b56f6f3567d4 LockResponse(lockid:14, state:ACQUIRED)
2024-04-24T05:56:10,971  INFO [main] ql.Driver: Operation LOAD obtained 1 locks
2024-04-24T05:56:10,975  INFO [main] ql.Driver: Executing command(queryId=alex_20240424055610_f0e88115-14a0-437f-a6e8-b56f6f3567d4): load data local inpath '/home/alex/Repositories/hive/ql/target/tmp/org.apache.hadoop.hive.ql.TestTxnLoadData-1713963261722/warehouse/1/data' into table T
2024-04-24T05:56:10,975  INFO [main] ql.Driver: Starting task [Stage-0:MOVE] in serial mode
Loading data to table default.t
2024-04-24T05:56:10,975  INFO [main] exec.Task: Loading data to table default.t from file:/home/alex/Repositories/hive/ql/target/tmp/org.apache.hadoop.hive.ql.TestTxnLoadData-1713963261722/warehouse/1/data
2024-04-24T05:56:10,975  INFO [main] HiveMetaStore.audit: ugi=alex	ip=unknown-ip-addr	cmd=get_table : tbl=hive.default.t	
2024-04-24T05:56:10,982  INFO [main] metastore.HMSHandler: Skipping translation for processor with null
2024-04-24T05:56:10,983  INFO [main] HiveMetaStore.audit: ugi=alex	ip=unknown-ip-addr	cmd=get_table : tbl=hive.default.t	
2024-04-24T05:56:10,990  INFO [main] metastore.HMSHandler: Skipping translation for processor with null
2024-04-24T05:56:10,991  INFO [main] common.FileUtils: Creating directory if it doesn't exist: file:/home/alex/Repositories/hive/ql/target/tmp/org.apache.hadoop.hive.ql.TestTxnLoadData-1713963261722/warehouse/t/delta_0000001_0000001_0000
2024-04-24T05:56:10,999  INFO [main] HiveMetaStore.audit: ugi=alex	ip=unknown-ip-addr	cmd=alter_table: hive.default.t newtbl=t	
2024-04-24T05:56:11,028  INFO [main] ql.Driver: Starting task [Stage-1:STATS] in serial mode
2024-04-24T05:56:11,028  INFO [main] HiveMetaStore.audit: ugi=alex	ip=unknown-ip-addr	cmd=get_table : tbl=hive.default.t	
2024-04-24T05:56:11,035  INFO [main] metastore.HMSHandler: Skipping translation for processor with null
2024-04-24T05:56:11,035  INFO [main] stats.BasicStatsTask: Executing stats task
2024-04-24T05:56:11,035  INFO [main] HiveMetaStore.audit: ugi=alex	ip=unknown-ip-addr	cmd=get_table : tbl=hive.default.t	
2024-04-24T05:56:11,042  INFO [main] metastore.HMSHandler: Skipping translation for processor with null
2024-04-24T05:56:11,049  WARN [main] FileOperations: Computing stats for an ACID table; stats may be inaccurate
2024-04-24T05:56:11,050  INFO [main] HiveMetaStore.audit: ugi=alex	ip=unknown-ip-addr	cmd=alter_table: hive.default.t newtbl=t	
2024-04-24T05:56:11,071  INFO [main] stats.BasicStatsTask: Table default.t stats: [numFiles=1, numRows=0, totalSize=254, rawDataSize=0, numFilesErasureCoded=0]
2024-04-24T05:56:11,071  INFO [main] metadata.Hive: Dumping metastore api call timing information for : execution phase
2024-04-24T05:56:11,071  INFO [main] metadata.Hive: Total time spent in each metastore function (ms): {isCompatibleWith_(Configuration)=0, alter_table_(String, String, String, Table, EnvironmentContext, String)=50, getTable_(GetTableRequest)=29}
2024-04-24T05:56:11,072  INFO [main] ql.Driver: Completed executing command(queryId=alex_20240424055610_f0e88115-14a0-437f-a6e8-b56f6f3567d4); Time taken: 0.096 seconds
2024-04-24T05:56:11,072  INFO [main] lockmgr.DbTxnManager: Stopped heartbeat for query: alex_20240424055610_f0e88115-14a0-437f-a6e8-b56f6f3567d4
2024-04-24T05:56:11,081  INFO [main] txn.TxnHandler: Removed transactions: ([20]) from MIN_HISTORY_LEVEL
2024-04-24T05:56:11,081  WARN [main] txn.CompactionTxnHandler: No compaction queue record found for Compaction type transaction commit. txnId:20
2024-04-24T05:56:11,082  INFO [main] ql.TxnCommandsBaseForTests: Running the query: select ROW__ID, a, b from T order by ROW__ID
2024-04-24T05:56:11,082  INFO [main] ql.Driver: Compiling command(queryId=alex_20240424055611_aa90d52d-74ff-4b8a-8139-71a1de22b639): select ROW__ID, a, b from T order by ROW__ID
2024-04-24T05:56:11,085  INFO [main] txn.TxnHandler: Added entries to MIN_HISTORY_LEVEL for current txns: ([21]) with min_open_txn: 18
2024-04-24T05:56:11,085  INFO [main] lockmgr.DbTxnManager: Opened txnid:21
2024-04-24T05:56:11,085  INFO [main] parse.CalcitePlanner: Starting caching scope for: 
2024-04-24T05:56:11,085  INFO [main] parse.CalcitePlanner: Starting Semantic Analysis
2024-04-24T05:56:11,090  INFO [main] parse.CalcitePlanner: Completed phase 1 of Semantic Analysis
2024-04-24T05:56:11,090  INFO [main] parse.CalcitePlanner: Get metadata for source tables
2024-04-24T05:56:11,091  INFO [main] HiveMetaStore.audit: ugi=alex	ip=unknown-ip-addr	cmd=get_table : tbl=hive.default.t	
2024-04-24T05:56:11,096  INFO [main] metastore.ObjectStore: Removed COLUMN_STATS_ACCURATE from Table's parameters.
2024-04-24T05:56:11,097  INFO [main] metastore.HMSHandler: Skipping translation for processor with null
2024-04-24T05:56:11,097  INFO [main] parse.CalcitePlanner: Get metadata for subqueries
2024-04-24T05:56:11,097  INFO [main] parse.CalcitePlanner: Get metadata for destination tables
2024-04-24T05:56:11,098  INFO [main] parse.CalcitePlanner: Completed getting MetaData in Semantic Analysis
2024-04-24T05:56:11,109  INFO [main] HiveMetaStore.audit: ugi=alex	ip=unknown-ip-addr	cmd=get_all_table_constraints : tbl=hive.default.t	
2024-04-24T05:56:11,147  INFO [main] calcite.RelOptHiveTable: Calculating column statistics for default.t, projIndxSet: [0, 1], allowMissingStats: true
2024-04-24T05:56:11,148  INFO [main] HiveMetaStore.audit: ugi=alex	ip=unknown-ip-addr	cmd=get_table_statistics_req: table=hive.default.t	
2024-04-24T05:56:11,157  WARN [main] calcite.RelOptHiveTable: No Stats for default@t, Columns: b, a
No Stats for default@t, Columns: b, a
2024-04-24T05:56:11,157  INFO [main] SessionState: No Stats for default@t, Columns: b, a
2024-04-24T05:56:11,198  INFO [main] parse.CalcitePlanner: Get metadata for source tables
2024-04-24T05:56:11,198  INFO [main] parse.CalcitePlanner: Get metadata for subqueries
2024-04-24T05:56:11,198  INFO [main] parse.CalcitePlanner: Get metadata for destination tables
2024-04-24T05:56:11,199  INFO [main] common.FileUtils: Creating directory if it doesn't exist: file:/home/alex/Repositories/hive/ql/target/tmp/localscratchdir/d8afebad-a24a-4661-88a7-b5fbb5152875/hive_2024-04-24_05-56-11_082_3902060834191241565-1/-mr-10001/.hive-staging_hive_2024-04-24_05-56-11_082_3902060834191241565-1
2024-04-24T05:56:11,207  INFO [main] parse.CalcitePlanner: CBO Succeeded; optimized logical plan.
2024-04-24T05:56:11,209  INFO [main] optimizer.ColumnPrunerProcFactory: RS 2 oldColExprMap: {VALUE._col1=Column[_col2], VALUE._col0=Column[_col1], KEY.reducesinkkey0=Column[_col0]}
2024-04-24T05:56:11,209  INFO [main] optimizer.ColumnPrunerProcFactory: RS 2 newColExprMap: {VALUE._col0=Column[_col1], KEY.reducesinkkey0=Column[_col0], VALUE._col1=Column[_col2]}
2024-04-24T05:56:11,209  INFO [main] optimizer.BucketVersionPopulator: not considering bucketingVersion for: TS[0] because it has -1<2 buckets 
2024-04-24T05:56:11,210  INFO [main] optimizer.SortedDynPartitionOptimizer: Sorted dynamic partitioning optimization kicked in..
2024-04-24T05:56:11,219  INFO [main] physical.Vectorizer: Examining input format to see if vectorization is enabled.
2024-04-24T05:56:11,219  INFO [main] physical.Vectorizer: Vectorization is enabled for input format(s) [org.apache.hadoop.hive.ql.io.orc.OrcInputFormat]
2024-04-24T05:56:11,219  INFO [main] physical.Vectorizer: Validating and vectorizing MapWork... (vectorizedVertexNum 0)
2024-04-24T05:56:11,220  INFO [main] physical.Vectorizer: Map vectorization enabled: true
2024-04-24T05:56:11,220  INFO [main] physical.Vectorizer: Map vectorized: true
2024-04-24T05:56:11,220  INFO [main] physical.Vectorizer: Map vectorizedVertexNum: 0
2024-04-24T05:56:11,220  INFO [main] physical.Vectorizer: Map enabledConditionsMet: [hive.vectorized.use.vectorized.input.format IS true]
2024-04-24T05:56:11,220  INFO [main] physical.Vectorizer: Map inputFileFormatClassNameSet: [org.apache.hadoop.hive.ql.io.orc.OrcInputFormat]
2024-04-24T05:56:11,220  INFO [main] physical.Vectorizer: Reduce vectorization enabled: false
2024-04-24T05:56:11,220  INFO [main] physical.Vectorizer: Reduce vectorized: false
2024-04-24T05:56:11,220  INFO [main] physical.Vectorizer: Reduce vectorizedVertexNum: 1
2024-04-24T05:56:11,220  INFO [main] physical.Vectorizer: Reducer hive.vectorized.execution.reduce.enabled: true
2024-04-24T05:56:11,220  INFO [main] physical.Vectorizer: Reducer engine: mr
2024-04-24T05:56:11,221  INFO [main] parse.CalcitePlanner: Completed plan generation
2024-04-24T05:56:11,221  INFO [main] parse.CalcitePlanner: Ending caching scope for: 
2024-04-24T05:56:11,221  INFO [main] ql.Driver: Semantic Analysis Completed (retrial = false)
2024-04-24T05:56:11,221  INFO [main] ql.Driver: Created Hive schema: Schema(fieldSchemas:[FieldSchema(name:row__id, type:struct<writeid:bigint,bucketid:int,rowid:bigint>, comment:null), FieldSchema(name:a, type:int, comment:null), FieldSchema(name:b, type:int, comment:null)], properties:null)
2024-04-24T05:56:11,222  INFO [main] exec.ListSinkOperator: Initializing Operator: LIST_SINK[7]
2024-04-24T05:56:11,222  INFO [main] metadata.Hive: Dumping metastore api call timing information for : compilation phase
2024-04-24T05:56:11,222  INFO [main] metadata.Hive: Total time spent in each metastore function (ms): {getValidTxns_(long)=0, commitTxn_(CommitTxnRequest)=10, isCompatibleWith_(Configuration)=2, getAllTableConstraints_(AllTableConstraintsRequest)=34, getTableColumnStatistics_(String, String, List, String)=9, getTable_(GetTableRequest)=6, getValidWriteIds_(List, String)=5, flushCache_()=0, openTxn_(String, TxnType)=2}
2024-04-24T05:56:11,222  INFO [main] ql.Driver: Completed compiling command(queryId=alex_20240424055611_aa90d52d-74ff-4b8a-8139-71a1de22b639); Time taken: 0.14 seconds
2024-04-24T05:56:11,223  INFO [main] lockmgr.DbTxnManager: Setting lock request transaction to txnid:21 for queryId=alex_20240424055611_aa90d52d-74ff-4b8a-8139-71a1de22b639
2024-04-24T05:56:11,223  INFO [main] lockmgr.DbLockManager: Requesting lock for queryId=alex_20240424055611_aa90d52d-74ff-4b8a-8139-71a1de22b639
2024-04-24T05:56:11,237  INFO [main] lockmgr.DbLockManager: Response to queryId=alex_20240424055611_aa90d52d-74ff-4b8a-8139-71a1de22b639 LockResponse(lockid:15, state:ACQUIRED)
2024-04-24T05:56:11,237  INFO [main] ql.Driver: Operation QUERY obtained 1 locks
2024-04-24T05:56:11,237  INFO [main] ql.Driver: Executing command(queryId=alex_20240424055611_aa90d52d-74ff-4b8a-8139-71a1de22b639): select ROW__ID, a, b from T order by ROW__ID
2024-04-24T05:56:11,237  WARN [main] ql.Driver: Hive-on-MR is deprecated in Hive 2 and may not be available in the future versions. Consider using a different execution engine (i.e. tez, spark) or using Hive 1.X releases.
Query ID = alex_20240424055611_aa90d52d-74ff-4b8a-8139-71a1de22b639
2024-04-24T05:56:11,238  INFO [main] ql.Driver: Query ID = alex_20240424055611_aa90d52d-74ff-4b8a-8139-71a1de22b639
Total jobs = 1
2024-04-24T05:56:11,238  INFO [main] ql.Driver: Total jobs = 1
Launching Job 1 out of 1
2024-04-24T05:56:11,238  INFO [main] ql.Driver: Launching Job 1 out of 1
2024-04-24T05:56:11,370  INFO [main] ql.Driver: Starting task [Stage-1:MAPRED] in serial mode
Number of reduce tasks determined at compile time: 1
2024-04-24T05:56:11,370  INFO [main] exec.Task: Number of reduce tasks determined at compile time: 1
In order to change the average load for a reducer (in bytes):
2024-04-24T05:56:11,370  INFO [main] exec.Task: In order to change the average load for a reducer (in bytes):
  set hive.exec.reducers.bytes.per.reducer=<number>
2024-04-24T05:56:11,370  INFO [main] exec.Task:   set hive.exec.reducers.bytes.per.reducer=<number>
In order to limit the maximum number of reducers:
2024-04-24T05:56:11,370  INFO [main] exec.Task: In order to limit the maximum number of reducers:
  set hive.exec.reducers.max=<number>
2024-04-24T05:56:11,370  INFO [main] exec.Task:   set hive.exec.reducers.max=<number>
In order to set a constant number of reducers:
2024-04-24T05:56:11,370  INFO [main] exec.Task: In order to set a constant number of reducers:
  set mapreduce.job.reduces=<number>
2024-04-24T05:56:11,370  INFO [main] exec.Task:   set mapreduce.job.reduces=<number>
2024-04-24T05:56:11,372  INFO [main] mr.ExecDriver: Using org.apache.hadoop.hive.ql.io.HiveInputFormat
2024-04-24T05:56:11,372  INFO [main] exec.Utilities: Processing alias t
2024-04-24T05:56:11,373  INFO [main] exec.Utilities: Adding 1 inputs; the first input is file:/home/alex/Repositories/hive/ql/target/tmp/org.apache.hadoop.hive.ql.TestTxnLoadData-1713963261722/warehouse/t
2024-04-24T05:56:11,381  INFO [main] exec.SerializationUtilities: Serializing MapWork using kryo
2024-04-24T05:56:11,382  INFO [main] exec.Utilities: Serialized plan (via FILE) - name: null size: 6,00KB
2024-04-24T05:56:11,387  INFO [main] exec.SerializationUtilities: Serializing ReduceWork using kryo
2024-04-24T05:56:11,392  INFO [main] exec.Utilities: Serialized plan (via FILE) - name: null size: 7,16KB
2024-04-24T05:56:11,393  WARN [main] impl.MetricsSystemImpl: JobTracker metrics system already initialized!
2024-04-24T05:56:11,399  WARN [main] impl.MetricsSystemImpl: JobTracker metrics system already initialized!
2024-04-24T05:56:11,406  WARN [main] mapreduce.JobResourceUploader: Hadoop command-line option parsing not performed. Implement the Tool interface and execute your application with ToolRunner to remedy this.
2024-04-24T05:56:11,410  WARN [main] mapreduce.JobResourceUploader: No job jar file set.  User classes may not be found. See Job or Job#setJar(String).
2024-04-24T05:56:11,411  INFO [main] io.HiveInputFormat: hive.io.file.readcolumn.ids = 0,1
2024-04-24T05:56:11,411  INFO [main] io.HiveInputFormat: hive.io.file.readcolumn.names = a,b
2024-04-24T05:56:11,411  INFO [main] io.HiveInputFormat: Generating splits for dirs: file:/home/alex/Repositories/hive/ql/target/tmp/org.apache.hadoop.hive.ql.TestTxnLoadData-1713963261722/warehouse/t
2024-04-24T05:56:11,411  INFO [main] orc.OrcInputFormat: getSplits started
2024-04-24T05:56:11,412  INFO [main] orc.OrcInputFormat: Context:: isAcid: true isVectorMode: true sarg: null minSplitSize: 1 maxSplitSize: 256000000 splitStrategy: HYBRID footerInSplits: false numBuckets: 0 numThreads: 10 cacheMemSize: 268435456 cacheStripeDetails: true useSoftReference: false writeIdList: default.t:1:9223372036854775807:: isTransactionalTable: true txnProperties: default 
2024-04-24T05:56:11,412  INFO [main] orc.OrcInputFormat: ORC pushdown predicate: null
2024-04-24T05:56:11,422  INFO [main] orc.OrcInputFormat: FooterCacheHitRatio: 0/1
2024-04-24T05:56:11,422  INFO [main] orc.OrcInputFormat: getSplits finished (#splits: 1). duration: 11 ms
2024-04-24T05:56:11,422  INFO [main] io.HiveInputFormat: number of splits 1
2024-04-24T05:56:11,438  INFO [main] mapreduce.JobSubmitter: number of splits:1
2024-04-24T05:56:11,464  INFO [main] mapreduce.JobSubmitter: Submitting tokens for job: job_local509203960_0044
2024-04-24T05:56:11,464  INFO [main] mapreduce.JobSubmitter: Executing with tokens: []
2024-04-24T05:56:11,519  INFO [main] mapreduce.Job: The url to track the job: http://localhost:8080/
Job running in-process (local Hadoop)
2024-04-24T05:56:11,519  INFO [main] exec.Task: Job running in-process (local Hadoop)
2024-04-24T05:56:11,520  INFO [Thread-2802] mapred.LocalJobRunner: OutputCommitter set in config org.apache.hadoop.hive.ql.io.HiveFileFormatUtils$NullOutputCommitter
2024-04-24T05:56:11,520  INFO [Thread-2802] mapred.LocalJobRunner: OutputCommitter is org.apache.hadoop.hive.ql.io.HiveFileFormatUtils$NullOutputCommitter
2024-04-24T05:56:11,521  INFO [Thread-2802] mapred.LocalJobRunner: Waiting for map tasks
2024-04-24T05:56:11,522  INFO [LocalJobRunner Map Task Executor #0] mapred.LocalJobRunner: Starting task: attempt_local509203960_0044_m_000000_0
2024-04-24T05:56:11,522  INFO [LocalJobRunner Map Task Executor #0] mapred.Task:  Using ResourceCalculatorProcessTree : [ ]
2024-04-24T05:56:11,523  INFO [LocalJobRunner Map Task Executor #0] mapred.MapTask: Processing split: org.apache.hadoop.hive.ql.io.orc.OrcInputFormat:OrcSplit [file:/home/alex/Repositories/hive/ql/target/tmp/org.apache.hadoop.hive.ql.TestTxnLoadData-1713963261722/warehouse/t/delta_0000001_0000001_0000/000000_0, start=3, length=110, isOriginal=true, fileLength=254, hasFooter=false, hasBase=true, deltas=0]
2024-04-24T05:56:11,523  INFO [LocalJobRunner Map Task Executor #0] exec.SerializationUtilities: Deserializing MapWork using kryo
2024-04-24T05:56:11,523  INFO [LocalJobRunner Map Task Executor #0] exec.Utilities: Deserialized plan (via FILE) - name: null size: 6,00KB
2024-04-24T05:56:11,524  INFO [LocalJobRunner Map Task Executor #0] orc.VectorizedOrcAcidRowBatchReader: Read ValidWriteIdList: default.t:1:9223372036854775807:::OrcSplit [file:/home/alex/Repositories/hive/ql/target/tmp/org.apache.hadoop.hive.ql.TestTxnLoadData-1713963261722/warehouse/t/delta_0000001_0000001_0000/000000_0, start=3, length=110, isOriginal=true, fileLength=254, hasFooter=false, hasBase=true, deltas=0]
2024-04-24T05:56:11,524  INFO [LocalJobRunner Map Task Executor #0] orc.ReaderImpl: Reading ORC rows from file:/home/alex/Repositories/hive/ql/target/tmp/org.apache.hadoop.hive.ql.TestTxnLoadData-1713963261722/warehouse/t/delta_0000001_0000001_0000/000000_0 with {include: [true, true, true], offset: 3, length: 110, schema: struct<a:int,b:int>, includeAcidColumns: true}
2024-04-24T05:56:11,525  INFO [LocalJobRunner Map Task Executor #0] mapred.MapTask: numReduceTasks: 1
2024-04-24T05:56:11,529  INFO [LocalJobRunner Map Task Executor #0] mapred.MapTask: (EQUATOR) 0 kvi 26214396(104857584)
2024-04-24T05:56:11,529  INFO [LocalJobRunner Map Task Executor #0] mapred.MapTask: mapreduce.task.io.sort.mb: 100
2024-04-24T05:56:11,529  INFO [LocalJobRunner Map Task Executor #0] mapred.MapTask: soft limit at 83886080
2024-04-24T05:56:11,529  INFO [LocalJobRunner Map Task Executor #0] mapred.MapTask: bufstart = 0; bufvoid = 104857600
2024-04-24T05:56:11,529  INFO [LocalJobRunner Map Task Executor #0] mapred.MapTask: kvstart = 26214396; length = 6553600
2024-04-24T05:56:11,529  INFO [LocalJobRunner Map Task Executor #0] mapred.MapTask: Map output collector class = org.apache.hadoop.mapred.MapTask$MapOutputBuffer
2024-04-24T05:56:11,530  INFO [LocalJobRunner Map Task Executor #0] vector.VectorMapOperator: Initializing Operator: MAP[0]
2024-04-24T05:56:11,530  INFO [LocalJobRunner Map Task Executor #0] mr.ExecMapper: 
<MAP>Id =0
  <Children>null
  <\Children>
  <Parent><\Parent>
<\MAP>
2024-04-24T05:56:11,531  INFO [LocalJobRunner Map Task Executor #0] exec.TableScanOperator: Initializing Operator: TS[0]
2024-04-24T05:56:11,531  INFO [LocalJobRunner Map Task Executor #0] vector.VectorSelectOperator: Initializing Operator: SEL[5]
2024-04-24T05:56:11,531  INFO [LocalJobRunner Map Task Executor #0] vector.VectorReduceSinkOperator: Initializing Operator: RS[6]
2024-04-24T05:56:11,531  INFO [LocalJobRunner Map Task Executor #0] vector.VectorReduceSinkOperator: Using tag = -1
2024-04-24T05:56:11,531  INFO [LocalJobRunner Map Task Executor #0] vector.VectorReduceSinkOperator: keys are [reducesinkkey0] num distributions: 1
2024-04-24T05:56:11,532  INFO [LocalJobRunner Map Task Executor #0] vector.VectorReduceSinkOperator: RS[6]: records written - 1
2024-04-24T05:56:11,532  INFO [LocalJobRunner Map Task Executor #0] vector.VectorMapOperator: Closing Operator: MAP[0]
2024-04-24T05:56:11,532  INFO [LocalJobRunner Map Task Executor #0] vector.VectorMapOperator: RECORDS_OUT_INTERMEDIATE:0, RECORDS_IN:2, RECORDS_OUT_OPERATOR_MAP_0:0, DESERIALIZE_ERRORS:0, 
2024-04-24T05:56:11,532  INFO [LocalJobRunner Map Task Executor #0] exec.TableScanOperator: Closing Operator: TS[0]
2024-04-24T05:56:11,532  INFO [LocalJobRunner Map Task Executor #0] exec.TableScanOperator: RECORDS_OUT_OPERATOR_TS_0:2, RECORDS_OUT_INTERMEDIATE:0, 
2024-04-24T05:56:11,532  INFO [LocalJobRunner Map Task Executor #0] vector.VectorSelectOperator: Closing Operator: SEL[5]
2024-04-24T05:56:11,532  INFO [LocalJobRunner Map Task Executor #0] vector.VectorSelectOperator: RECORDS_OUT_OPERATOR_SEL_5:2, RECORDS_OUT_INTERMEDIATE:0, 
2024-04-24T05:56:11,532  INFO [LocalJobRunner Map Task Executor #0] vector.VectorReduceSinkOperator: Closing Operator: RS[6]
2024-04-24T05:56:11,532  INFO [LocalJobRunner Map Task Executor #0] vector.VectorReduceSinkOperator: RS[6]: Total records written - 2. abort - false
2024-04-24T05:56:11,532  INFO [LocalJobRunner Map Task Executor #0] vector.VectorReduceSinkOperator: RECORDS_OUT_OPERATOR_RS_6:2, RECORDS_OUT_INTERMEDIATE:2, 
2024-04-24T05:56:11,532  INFO [LocalJobRunner Map Task Executor #0] mapred.LocalJobRunner: 
2024-04-24T05:56:11,533  INFO [LocalJobRunner Map Task Executor #0] mapred.MapTask: Starting flush of map output
2024-04-24T05:56:11,533  INFO [LocalJobRunner Map Task Executor #0] mapred.MapTask: Spilling map output
2024-04-24T05:56:11,533  INFO [LocalJobRunner Map Task Executor #0] mapred.MapTask: bufstart = 0; bufend = 72; bufvoid = 104857600
2024-04-24T05:56:11,533  INFO [LocalJobRunner Map Task Executor #0] mapred.MapTask: kvstart = 26214396(104857584); kvend = 26214392(104857568); length = 5/6553600
2024-04-24T05:56:11,543  INFO [LocalJobRunner Map Task Executor #0] mapred.MapTask: Finished spill 0
2024-04-24T05:56:11,546  INFO [LocalJobRunner Map Task Executor #0] mapred.Task: Task:attempt_local509203960_0044_m_000000_0 is done. And is in the process of committing
2024-04-24T05:56:11,547  INFO [LocalJobRunner Map Task Executor #0] mapred.LocalJobRunner: OrcSplit [file:/home/alex/Repositories/hive/ql/target/tmp/org.apache.hadoop.hive.ql.TestTxnLoadData-1713963261722/warehouse/t/delta_0000001_0000001_0000/000000_0, start=3, length=110, isOriginal=true, fileLength=254, hasFooter=false, hasBase=true, deltas=0]
2024-04-24T05:56:11,547  INFO [LocalJobRunner Map Task Executor #0] mapred.Task: Task 'attempt_local509203960_0044_m_000000_0' done.
2024-04-24T05:56:11,547  INFO [LocalJobRunner Map Task Executor #0] mapred.Task: Final Counters for attempt_local509203960_0044_m_000000_0: Counters: 24
	File System Counters
		FILE: Number of bytes read=596496
		FILE: Number of bytes written=51612473
		FILE: Number of read operations=0
		FILE: Number of large read operations=0
		FILE: Number of write operations=0
	Map-Reduce Framework
		Map input records=1
		Map output records=2
		Map output bytes=72
		Map output materialized bytes=82
		Input split bytes=497
		Combine input records=0
		Spilled Records=2
		Failed Shuffles=0
		Merged Map outputs=0
		GC time elapsed (ms)=0
		Total committed heap usage (bytes)=1175977984
	HIVE
		DESERIALIZE_ERRORS=0
		RECORDS_IN=2
		RECORDS_OUT_INTERMEDIATE=2
		RECORDS_OUT_OPERATOR_MAP_0=0
		RECORDS_OUT_OPERATOR_RS_6=2
		RECORDS_OUT_OPERATOR_SEL_5=2
		RECORDS_OUT_OPERATOR_TS_0=2
	File Input Format Counters 
		Bytes Read=7132
2024-04-24T05:56:11,547  INFO [LocalJobRunner Map Task Executor #0] mapred.LocalJobRunner: Finishing task: attempt_local509203960_0044_m_000000_0
2024-04-24T05:56:11,547  INFO [Thread-2802] mapred.LocalJobRunner: map task executor complete.
2024-04-24T05:56:11,548  INFO [Thread-2802] mapred.LocalJobRunner: Waiting for reduce tasks
2024-04-24T05:56:11,548  INFO [pool-183-thread-1] mapred.LocalJobRunner: Starting task: attempt_local509203960_0044_r_000000_0
2024-04-24T05:56:11,548  INFO [pool-183-thread-1] mapred.Task:  Using ResourceCalculatorProcessTree : [ ]
2024-04-24T05:56:11,549  INFO [pool-183-thread-1] mapred.ReduceTask: Using ShuffleConsumerPlugin: org.apache.hadoop.mapreduce.task.reduce.Shuffle@64116324
2024-04-24T05:56:11,549  WARN [pool-183-thread-1] impl.MetricsSystemImpl: JobTracker metrics system already initialized!
2024-04-24T05:56:11,550  INFO [pool-183-thread-1] reduce.MergeManagerImpl: MergerManager: memoryLimit=1336252800, maxSingleShuffleLimit=334063200, mergeThreshold=881926912, ioSortFactor=10, memToMemMergeOutputsThreshold=10
2024-04-24T05:56:11,550  INFO [EventFetcher for fetching Map Completion Events] reduce.EventFetcher: attempt_local509203960_0044_r_000000_0 Thread started: EventFetcher for fetching Map Completion Events
2024-04-24T05:56:11,553  INFO [localfetcher#16] reduce.LocalFetcher: localfetcher#16 about to shuffle output of map attempt_local509203960_0044_m_000000_0 decomp: 78 len: 82 to MEMORY
2024-04-24T05:56:11,553  INFO [localfetcher#16] reduce.InMemoryMapOutput: Read 78 bytes from map-output for attempt_local509203960_0044_m_000000_0
2024-04-24T05:56:11,553  INFO [localfetcher#16] reduce.MergeManagerImpl: closeInMemoryFile -> map-output of size: 78, inMemoryMapOutputs.size() -> 1, commitMemory -> 0, usedMemory ->78
2024-04-24T05:56:11,554  INFO [EventFetcher for fetching Map Completion Events] reduce.EventFetcher: EventFetcher is interrupted.. Returning
2024-04-24T05:56:11,554  INFO [pool-183-thread-1] mapred.LocalJobRunner: 1 / 1 copied.
2024-04-24T05:56:11,554  INFO [pool-183-thread-1] reduce.MergeManagerImpl: finalMerge called with 1 in-memory map-outputs and 0 on-disk map-outputs
2024-04-24T05:56:11,560  INFO [pool-183-thread-1] mapred.Merger: Merging 1 sorted segments
2024-04-24T05:56:11,560  INFO [pool-183-thread-1] mapred.Merger: Down to the last merge-pass, with 1 segments left of total size: 47 bytes
2024-04-24T05:56:11,563  INFO [pool-183-thread-1] reduce.MergeManagerImpl: Merged 1 segments, 78 bytes to disk to satisfy reduce memory limit
2024-04-24T05:56:11,563  INFO [pool-183-thread-1] reduce.MergeManagerImpl: Merging 1 files, 82 bytes from disk
2024-04-24T05:56:11,563  INFO [pool-183-thread-1] reduce.MergeManagerImpl: Merging 0 segments, 0 bytes from memory into reduce
2024-04-24T05:56:11,563  INFO [pool-183-thread-1] mapred.Merger: Merging 1 sorted segments
2024-04-24T05:56:11,563  INFO [pool-183-thread-1] mapred.Merger: Down to the last merge-pass, with 1 segments left of total size: 47 bytes
2024-04-24T05:56:11,563  INFO [pool-183-thread-1] mapred.LocalJobRunner: 1 / 1 copied.
2024-04-24T05:56:11,564  INFO [pool-183-thread-1] exec.SerializationUtilities: Deserializing ReduceWork using kryo
2024-04-24T05:56:11,565  INFO [pool-183-thread-1] exec.Utilities: Deserialized plan (via FILE) - name: null size: 7,16KB
2024-04-24T05:56:11,566  INFO [pool-183-thread-1] ExecReducer: 
<SEL>Id =3
  <Children>
    <FS>Id =4
      <Children>
      <\Children>
      <Parent>Id = 3 null<\Parent>
    <\FS>
  <\Children>
  <Parent><\Parent>
<\SEL>
2024-04-24T05:56:11,566  INFO [pool-183-thread-1] exec.SelectOperator: Initializing Operator: SEL[3]
2024-04-24T05:56:11,566  INFO [pool-183-thread-1] exec.SelectOperator: SELECT struct<key:struct<reducesinkkey0:struct<writeid:bigint,bucketid:int,rowid:bigint>>,value:struct<_col0:int,_col1:int>>
2024-04-24T05:56:11,566  INFO [pool-183-thread-1] exec.FileSinkOperator: Initializing Operator: FS[4]
2024-04-24T05:56:11,566  INFO [pool-183-thread-1] exec.FileSinkOperator: Using serializer : class org.apache.hadoop.hive.serde2.lazy.LazySimpleSerDe [serdeParams=org.apache.hadoop.hive.serde2.lazy.LazySerDeParameters@71db34be, cachedObjectInspector=org.apache.hadoop.hive.serde2.lazy.objectinspector.LazySimpleStructObjectInspector<org.apache.hadoop.hive.serde2.lazy.objectinspector.LazySimpleStructObjectInspector<org.apache.hadoop.hive.serde2.lazy.objectinspector.primitive.LazyLongObjectInspector@5410bbdf,org.apache.hadoop.hive.serde2.lazy.objectinspector.primitive.LazyIntObjectInspector@323dd422,org.apache.hadoop.hive.serde2.lazy.objectinspector.primitive.LazyLongObjectInspector@5410bbdf>,org.apache.hadoop.hive.serde2.lazy.objectinspector.primitive.LazyIntObjectInspector@323dd422,org.apache.hadoop.hive.serde2.lazy.objectinspector.primitive.LazyIntObjectInspector@323dd422>, serializedSize=0, stats=org.apache.hadoop.hive.serde2.SerDeStats@5d452748, lastOperationSerialize=false, lastOperationDeserialize=false [1, 2, 3, 4, 5, 6, 7, 8, 11, 14, 15, 16, 17, 18, 19, 20, 21, 22, 23, 24, 25, 26, 28, 29, 30, 31, -128, -127, -126, -125, -124, -123, -122, -121, -120, -119, -118, -117, -116, -115, -114, -113, -112, -111, -110, -109, -108, -107, -106, -105, -104, -103, -102, -101, -100, -99, -98, -97, -96, -95, -94, -93, -92, -91, -90, -89, -88, -87, -86, -85, -84, -83, -82, -81, -80, -79, -78, -77, -76, -75, -74, -73, -72, -71, -70, -69, -68, -67, -66, -65, -64, -63, -62, -61, -60, -59, -58, -57, -56, -55, -54, -53, -52, -51, -50, -49, -48, -47, -46, -45, -44, -43, -42, -41, -40, -39, -38, -37, -36, -35, -34, -33, -32, -31, -30, -29, -28, -27, -26, -25, -24, -23, -22, -21, -20, -19, -18, -17, -16, -15, -14, -13, -12, -11, -10, -9, -8, -7, -6, -5, -4, -3, -2, -1] : [_col0, _col1, _col2] : [struct<writeid:bigint,bucketid:int,rowid:bigint>, int, int]] and formatter : org.apache.hadoop.hive.ql.io.HiveSequenceFileOutputFormat@5dbd5685
2024-04-24T05:56:11,567  INFO [pool-183-thread-1] exec.FileSinkOperator: Final Path: FS file:/home/alex/Repositories/hive/ql/target/tmp/localscratchdir/d8afebad-a24a-4661-88a7-b5fbb5152875/hive_2024-04-24_05-56-11_082_3902060834191241565-1/-mr-10001/.hive-staging_hive_2024-04-24_05-56-11_082_3902060834191241565-1/_tmp.-ext-10002/000000_0
2024-04-24T05:56:11,567  INFO [pool-183-thread-1] exec.FileSinkOperator: Writing to temp file: FS file:/home/alex/Repositories/hive/ql/target/tmp/localscratchdir/d8afebad-a24a-4661-88a7-b5fbb5152875/hive_2024-04-24_05-56-11_082_3902060834191241565-1/-mr-10001/.hive-staging_hive_2024-04-24_05-56-11_082_3902060834191241565-1/_task_tmp.-ext-10002/_tmp.000000_0
2024-04-24T05:56:11,567  INFO [pool-183-thread-1] exec.FileSinkOperator: New Final Path: FS file:/home/alex/Repositories/hive/ql/target/tmp/localscratchdir/d8afebad-a24a-4661-88a7-b5fbb5152875/hive_2024-04-24_05-56-11_082_3902060834191241565-1/-mr-10001/.hive-staging_hive_2024-04-24_05-56-11_082_3902060834191241565-1/_tmp.-ext-10002/000000_0
2024-04-24T05:56:11,573  INFO [pool-183-thread-1] exec.FileSinkOperator: FS[4]: records written - 1
2024-04-24T05:56:11,573  INFO [pool-183-thread-1] exec.SelectOperator: Closing Operator: SEL[3]
2024-04-24T05:56:11,574  INFO [pool-183-thread-1] exec.SelectOperator: RECORDS_OUT_INTERMEDIATE:0, RECORDS_OUT_OPERATOR_SEL_3:2, 
2024-04-24T05:56:11,574  INFO [pool-183-thread-1] exec.FileSinkOperator: Closing Operator: FS[4]
2024-04-24T05:56:11,574  INFO [pool-183-thread-1] exec.FileSinkOperator: FS[4]: records written - 2
2024-04-24T05:56:11,574  INFO [pool-183-thread-1] exec.FileSinkOperator: RECORDS_OUT_0:2, RECORDS_OUT_INTERMEDIATE:0, RECORDS_OUT_OPERATOR_FS_4:2, 
2024-04-24T05:56:11,574  INFO [pool-183-thread-1] mapred.Task: Task:attempt_local509203960_0044_r_000000_0 is done. And is in the process of committing
2024-04-24T05:56:11,574  INFO [pool-183-thread-1] mapred.LocalJobRunner: reduce > reduce
2024-04-24T05:56:11,574  INFO [pool-183-thread-1] mapred.Task: Task 'attempt_local509203960_0044_r_000000_0' done.
2024-04-24T05:56:11,574  INFO [pool-183-thread-1] mapred.Task: Final Counters for attempt_local509203960_0044_r_000000_0: Counters: 29
	File System Counters
		FILE: Number of bytes read=603924
		FILE: Number of bytes written=51612714
		FILE: Number of read operations=0
		FILE: Number of large read operations=0
		FILE: Number of write operations=0
	Map-Reduce Framework
		Combine input records=0
		Combine output records=0
		Reduce input groups=2
		Reduce shuffle bytes=82
		Reduce input records=2
		Reduce output records=0
		Spilled Records=2
		Shuffled Maps =1
		Failed Shuffles=0
		Merged Map outputs=1
		GC time elapsed (ms)=0
		Total committed heap usage (bytes)=1175977984
	HIVE
		CREATED_FILES=1
		RECORDS_OUT_0=2
		RECORDS_OUT_INTERMEDIATE=0
		RECORDS_OUT_OPERATOR_FS_4=2
		RECORDS_OUT_OPERATOR_SEL_3=2
	Shuffle Errors
		BAD_ID=0
		CONNECTION=0
		IO_ERROR=0
		WRONG_LENGTH=0
		WRONG_MAP=0
		WRONG_REDUCE=0
	File Output Format Counters 
		Bytes Written=0
2024-04-24T05:56:11,575  INFO [pool-183-thread-1] mapred.LocalJobRunner: Finishing task: attempt_local509203960_0044_r_000000_0
2024-04-24T05:56:11,575  INFO [Thread-2802] mapred.LocalJobRunner: reduce task executor complete.
2024-04-24 05:56:12,522 Stage-1 map = 100%,  reduce = 100%
2024-04-24T05:56:12,522  INFO [main] exec.Task: 2024-04-24 05:56:12,522 Stage-1 map = 100%,  reduce = 100%
Ended Job = job_local509203960_0044
2024-04-24T05:56:12,525  INFO [main] exec.Task: Ended Job = job_local509203960_0044
2024-04-24T05:56:12,530  INFO [main] metadata.Hive: Dumping metastore api call timing information for : execution phase
2024-04-24T05:56:12,531  INFO [main] metadata.Hive: Total time spent in each metastore function (ms): {}
MapReduce Jobs Launched: 
2024-04-24T05:56:12,531  INFO [main] ql.Driver: MapReduce Jobs Launched: 
Stage-Stage-1:  HDFS Read: 0 HDFS Write: 0 SUCCESS
2024-04-24T05:56:12,531  INFO [main] ql.Driver: Stage-Stage-1:  HDFS Read: 0 HDFS Write: 0 SUCCESS
Total MapReduce CPU Time Spent: 0 msec
2024-04-24T05:56:12,531  INFO [main] ql.Driver: Total MapReduce CPU Time Spent: 0 msec
2024-04-24T05:56:12,531  INFO [main] ql.Driver: Completed executing command(queryId=alex_20240424055611_aa90d52d-74ff-4b8a-8139-71a1de22b639); Time taken: 1.293 seconds
2024-04-24T05:56:12,532  INFO [main] lockmgr.DbTxnManager: Stopped heartbeat for query: alex_20240424055611_aa90d52d-74ff-4b8a-8139-71a1de22b639
2024-04-24T05:56:12,537  INFO [main] txn.TxnHandler: Expected to move at least one record from txn_components to completed_txn_components when committing txn! txnid:21
2024-04-24T05:56:12,542  INFO [main] txn.TxnHandler: Removed transactions: ([21]) from MIN_HISTORY_LEVEL
2024-04-24T05:56:12,542  WARN [main] txn.CompactionTxnHandler: No compaction queue record found for Compaction type transaction commit. txnId:21
2024-04-24T05:56:12,546  INFO [main] mapred.FileInputFormat: Total input files to process : 1
2024-04-24T05:56:12,546  INFO [main] exec.ListSinkOperator: Closing Operator: LIST_SINK[7]
2024-04-24T05:56:12,547  INFO [main] exec.ListSinkOperator: RECORDS_OUT_OPERATOR_LIST_SINK_7:2, RECORDS_OUT_INTERMEDIATE:0, 
2024-04-24T05:56:12,547  WARN [main] ql.TestTxnLoadData: loadDataUpdateVectorized: read data(load data inpath vect): 
2024-04-24T05:56:12,547  INFO [main] ql.TestTxnLoadData: {"writeid":1,"bucketid":536870912,"rowid":0}	1	2
{"writeid":1,"bucketid":536870912,"rowid":1}	3	4

2024-04-24T05:56:12,547  INFO [main] ql.TxnCommandsBaseForTests: Running the query: EXPLAIN VECTORIZATION DETAIL select ROW__ID, a, b from T order by ROW__ID
2024-04-24T05:56:12,547  INFO [main] ql.Context: Deleting scratch dir: file:/home/alex/Repositories/hive/ql/target/tmp/localscratchdir/d8afebad-a24a-4661-88a7-b5fbb5152875/hive_2024-04-24_05-56-11_082_3902060834191241565-1
2024-04-24T05:56:12,547  INFO [main] cleanup.SyncCleanupService: Deleted directory: file:/home/alex/Repositories/hive/ql/target/tmp/localscratchdir/d8afebad-a24a-4661-88a7-b5fbb5152875/hive_2024-04-24_05-56-11_082_3902060834191241565-1 on fs with scheme file
2024-04-24T05:56:12,548  INFO [main] ql.Driver: Compiling command(queryId=alex_20240424055612_a074589e-76b6-4bec-8ff5-70678001fe10): EXPLAIN VECTORIZATION DETAIL select ROW__ID, a, b from T order by ROW__ID
2024-04-24T05:56:12,550  INFO [main] txn.TxnHandler: Added entries to MIN_HISTORY_LEVEL for current txns: ([22]) with min_open_txn: 22
2024-04-24T05:56:12,550  INFO [main] lockmgr.DbTxnManager: Opened txnid:22
2024-04-24T05:56:12,550  INFO [main] parse.CalcitePlanner: Starting Semantic Analysis
2024-04-24T05:56:12,553  INFO [main] parse.CalcitePlanner: Completed phase 1 of Semantic Analysis
2024-04-24T05:56:12,553  INFO [main] parse.CalcitePlanner: Get metadata for source tables
2024-04-24T05:56:12,553  INFO [main] HiveMetaStore.audit: ugi=alex	ip=unknown-ip-addr	cmd=get_table : tbl=hive.default.t	
2024-04-24T05:56:12,559  INFO [main] metastore.ObjectStore: Removed COLUMN_STATS_ACCURATE from Table's parameters.
2024-04-24T05:56:12,561  INFO [main] metastore.HMSHandler: Skipping translation for processor with null
2024-04-24T05:56:12,561  INFO [main] parse.CalcitePlanner: Get metadata for subqueries
2024-04-24T05:56:12,561  INFO [main] parse.CalcitePlanner: Get metadata for destination tables
2024-04-24T05:56:12,561  INFO [main] parse.CalcitePlanner: Completed getting MetaData in Semantic Analysis
2024-04-24T05:56:12,573  INFO [main] HiveMetaStore.audit: ugi=alex	ip=unknown-ip-addr	cmd=get_all_table_constraints : tbl=hive.default.t	
2024-04-24T05:56:12,582  INFO [main] calcite.RelOptHiveTable: Calculating column statistics for default.t, projIndxSet: [0, 1], allowMissingStats: true
2024-04-24T05:56:12,583  INFO [main] HiveMetaStore.audit: ugi=alex	ip=unknown-ip-addr	cmd=get_table_statistics_req: table=hive.default.t	
2024-04-24T05:56:12,590  WARN [main] calcite.RelOptHiveTable: No Stats for default@t, Columns: a, b
No Stats for default@t, Columns: a, b
2024-04-24T05:56:12,590  INFO [main] SessionState: No Stats for default@t, Columns: a, b
2024-04-24T05:56:12,633  INFO [main] parse.CalcitePlanner: Get metadata for source tables
2024-04-24T05:56:12,633  INFO [main] parse.CalcitePlanner: Get metadata for subqueries
2024-04-24T05:56:12,633  INFO [main] parse.CalcitePlanner: Get metadata for destination tables
2024-04-24T05:56:12,634  INFO [main] parse.CalcitePlanner: CBO Succeeded; optimized logical plan.
2024-04-24T05:56:12,637  INFO [main] optimizer.ColumnPrunerProcFactory: RS 2 oldColExprMap: {VALUE._col1=Column[_col2], KEY.reducesinkkey0=Column[_col0], VALUE._col0=Column[_col1]}
2024-04-24T05:56:12,637  INFO [main] optimizer.ColumnPrunerProcFactory: RS 2 newColExprMap: {KEY.reducesinkkey0=Column[_col0], VALUE._col0=Column[_col1], VALUE._col1=Column[_col2]}
2024-04-24T05:56:12,638  INFO [main] optimizer.BucketVersionPopulator: not considering bucketingVersion for: TS[0] because it has -1<2 buckets 
2024-04-24T05:56:12,641  INFO [main] optimizer.SortedDynPartitionOptimizer: Sorted dynamic partitioning optimization kicked in..
2024-04-24T05:56:12,650  INFO [main] physical.Vectorizer: Examining input format to see if vectorization is enabled.
2024-04-24T05:56:12,650  INFO [main] physical.Vectorizer: Vectorization is enabled for input format(s) [org.apache.hadoop.hive.ql.io.orc.OrcInputFormat]
2024-04-24T05:56:12,650  INFO [main] physical.Vectorizer: Validating and vectorizing MapWork... (vectorizedVertexNum 0)
2024-04-24T05:56:12,651  INFO [main] physical.Vectorizer: Map vectorization enabled: true
2024-04-24T05:56:12,651  INFO [main] physical.Vectorizer: Map vectorized: true
2024-04-24T05:56:12,651  INFO [main] physical.Vectorizer: Map vectorizedVertexNum: 0
2024-04-24T05:56:12,651  INFO [main] physical.Vectorizer: Map enabledConditionsMet: [hive.vectorized.use.vectorized.input.format IS true]
2024-04-24T05:56:12,651  INFO [main] physical.Vectorizer: Map inputFileFormatClassNameSet: [org.apache.hadoop.hive.ql.io.orc.OrcInputFormat]
2024-04-24T05:56:12,651  INFO [main] physical.Vectorizer: Reduce vectorization enabled: false
2024-04-24T05:56:12,651  INFO [main] physical.Vectorizer: Reduce vectorized: false
2024-04-24T05:56:12,651  INFO [main] physical.Vectorizer: Reduce vectorizedVertexNum: 1
2024-04-24T05:56:12,651  INFO [main] physical.Vectorizer: Reducer hive.vectorized.execution.reduce.enabled: true
2024-04-24T05:56:12,651  INFO [main] physical.Vectorizer: Reducer engine: mr
2024-04-24T05:56:12,651  INFO [main] parse.CalcitePlanner: Completed plan generation
2024-04-24T05:56:12,651  INFO [main] ql.Driver: Semantic Analysis Completed (retrial = false)
2024-04-24T05:56:12,652  INFO [main] ql.Driver: Created Hive schema: Schema(fieldSchemas:[FieldSchema(name:Explain, type:string, comment:null)], properties:null)
2024-04-24T05:56:12,652  INFO [main] metadata.Hive: Dumping metastore api call timing information for : compilation phase
2024-04-24T05:56:12,652  INFO [main] metadata.Hive: Total time spent in each metastore function (ms): {getTable_(GetTableRequest)=8, getTableColumnStatistics_(String, String, List, String)=8, isCompatibleWith_(Configuration)=0, openTxn_(String, TxnType)=2, getValidWriteIds_(List, String)=2, commitTxn_(CommitTxnRequest)=10, flushCache_()=0, getAllTableConstraints_(AllTableConstraintsRequest)=5, getValidTxns_(long)=0}
2024-04-24T05:56:12,652  INFO [main] ql.Driver: Completed compiling command(queryId=alex_20240424055612_a074589e-76b6-4bec-8ff5-70678001fe10); Time taken: 0.104 seconds
2024-04-24T05:56:12,652  INFO [main] ql.Driver: Executing command(queryId=alex_20240424055612_a074589e-76b6-4bec-8ff5-70678001fe10): EXPLAIN VECTORIZATION DETAIL select ROW__ID, a, b from T order by ROW__ID
2024-04-24T05:56:12,652  INFO [main] ql.Driver: Starting task [Stage-2:EXPLAIN] in serial mode
2024-04-24T05:56:12,662  INFO [main] metadata.Hive: Dumping metastore api call timing information for : execution phase
2024-04-24T05:56:12,662  INFO [main] metadata.Hive: Total time spent in each metastore function (ms): {}
2024-04-24T05:56:12,662  INFO [main] ql.Driver: Completed executing command(queryId=alex_20240424055612_a074589e-76b6-4bec-8ff5-70678001fe10); Time taken: 0.01 seconds
2024-04-24T05:56:12,662  INFO [main] lockmgr.DbTxnManager: Stopped heartbeat for query: null
2024-04-24T05:56:12,666  INFO [main] txn.TxnHandler: Expected to move at least one record from txn_components to completed_txn_components when committing txn! txnid:22
2024-04-24T05:56:12,671  INFO [main] txn.TxnHandler: Removed transactions: ([22]) from MIN_HISTORY_LEVEL
2024-04-24T05:56:12,671  WARN [main] txn.CompactionTxnHandler: No compaction queue record found for Compaction type transaction commit. txnId:22
2024-04-24T05:56:12,672  INFO [main] ql.TxnCommandsBaseForTests: Running the query: update T set b = 17 where a = 1
2024-04-24T05:56:12,672  INFO [main] ql.Context: Deleting scratch dir: file:/home/alex/Repositories/hive/ql/target/tmp/localscratchdir/d8afebad-a24a-4661-88a7-b5fbb5152875/hive_2024-04-24_05-56-12_548_3492279176848263453-1
2024-04-24T05:56:12,672  INFO [main] cleanup.SyncCleanupService: Deleted directory: file:/home/alex/Repositories/hive/ql/target/tmp/localscratchdir/d8afebad-a24a-4661-88a7-b5fbb5152875/hive_2024-04-24_05-56-12_548_3492279176848263453-1 on fs with scheme file
2024-04-24T05:56:12,672  INFO [main] ql.Driver: Compiling command(queryId=alex_20240424055612_85893468-b0b5-4c52-a359-08e3ebad380d): update T set b = 17 where a = 1
2024-04-24T05:56:12,674  INFO [main] txn.TxnHandler: Added entries to MIN_HISTORY_LEVEL for current txns: ([23]) with min_open_txn: 22
2024-04-24T05:56:12,675  INFO [main] lockmgr.DbTxnManager: Opened txnid:23
2024-04-24T05:56:12,676  INFO [main] parse.UpdateDeleteSemanticAnalyzer: Starting caching scope for: 
2024-04-24T05:56:12,676  INFO [main] HiveMetaStore.audit: ugi=alex	ip=unknown-ip-addr	cmd=get_table : tbl=hive.default.T	
2024-04-24T05:56:12,682  INFO [main] metastore.HMSHandler: Skipping translation for processor with null
2024-04-24T05:56:12,682  INFO [main] parse.RewriteSemanticAnalyzer: Going to reparse <update T set b = 17 where a = 1> as 
<insert into table `default`.`T` select ROW__ID,`a`,`b` from `default`.`T` sort by ROW__ID >
2024-04-24T05:56:12,683  INFO [main] parse.UpdateDeleteSemanticAnalyzer: Starting Semantic Analysis
2024-04-24T05:56:12,685  INFO [main] HiveMetaStore.audit: ugi=alex	ip=unknown-ip-addr	cmd=get_table : tbl=hive.default.T	
2024-04-24T05:56:12,690  INFO [main] metastore.ObjectStore: Removed COLUMN_STATS_ACCURATE from Table's parameters.
2024-04-24T05:56:12,692  INFO [main] metastore.HMSHandler: Skipping translation for processor with null
2024-04-24T05:56:12,692  INFO [main] parse.UpdateDeleteSemanticAnalyzer: Completed phase 1 of Semantic Analysis
2024-04-24T05:56:12,692  INFO [main] parse.UpdateDeleteSemanticAnalyzer: Get metadata for source tables
2024-04-24T05:56:12,693  INFO [main] HiveMetaStore.audit: ugi=alex	ip=unknown-ip-addr	cmd=get_table : tbl=hive.default.t	
2024-04-24T05:56:12,698  INFO [main] metastore.ObjectStore: Removed COLUMN_STATS_ACCURATE from Table's parameters.
2024-04-24T05:56:12,700  INFO [main] metastore.HMSHandler: Skipping translation for processor with null
2024-04-24T05:56:12,700  INFO [main] parse.UpdateDeleteSemanticAnalyzer: Get metadata for subqueries
2024-04-24T05:56:12,700  INFO [main] parse.UpdateDeleteSemanticAnalyzer: Get metadata for destination tables
2024-04-24T05:56:12,700  INFO [main] HiveMetaStore.audit: ugi=alex	ip=unknown-ip-addr	cmd=get_table : tbl=hive.default.T	
2024-04-24T05:56:12,706  INFO [main] metastore.HMSHandler: Skipping translation for processor with null
2024-04-24T05:56:12,707  INFO [main] parse.UpdateDeleteSemanticAnalyzer: Completed getting MetaData in Semantic Analysis
2024-04-24T05:56:12,707  INFO [main] parse.UpdateDeleteSemanticAnalyzer: Disabling LLAP IO encode as ETL query is detected
2024-04-24T05:56:12,719  INFO [main] HiveMetaStore.audit: ugi=alex	ip=unknown-ip-addr	cmd=get_all_table_constraints : tbl=hive.default.t	
2024-04-24T05:56:12,726  INFO [main] HiveMetaStore.audit: ugi=alex	ip=unknown-ip-addr	cmd=get_not_null_constraints : tbl=hive.default.t	
2024-04-24T05:56:12,728  INFO [main] HiveMetaStore.audit: ugi=alex	ip=unknown-ip-addr	cmd=get_check_constraints : tbl=hive.default.t	
2024-04-24T05:56:12,752  INFO [main] calcite.RelOptHiveTable: Calculating column statistics for default.t, projIndxSet: [0], allowMissingStats: true
2024-04-24T05:56:12,752  INFO [main] HiveMetaStore.audit: ugi=alex	ip=unknown-ip-addr	cmd=get_table_statistics_req: table=hive.default.t	
2024-04-24T05:56:12,763  WARN [main] calcite.RelOptHiveTable: No Stats for default@t, Columns: a
No Stats for default@t, Columns: a
2024-04-24T05:56:12,763  INFO [main] SessionState: No Stats for default@t, Columns: a
2024-04-24T05:56:12,823  INFO [main] parse.UpdateDeleteSemanticAnalyzer: Get metadata for source tables
2024-04-24T05:56:12,823  INFO [main] parse.UpdateDeleteSemanticAnalyzer: Get metadata for subqueries
2024-04-24T05:56:12,823  INFO [main] parse.UpdateDeleteSemanticAnalyzer: Get metadata for destination tables
2024-04-24T05:56:12,823  INFO [main] HiveMetaStore.audit: ugi=alex	ip=unknown-ip-addr	cmd=get_table : tbl=hive.default.T	
2024-04-24T05:56:12,830  INFO [main] metastore.HMSHandler: Skipping translation for processor with null
2024-04-24T05:56:12,833 ERROR [main] parse.UpdateDeleteSemanticAnalyzer: CBO failed, skipping CBO. 
org.apache.hadoop.hive.ql.exec.NoMatchingMethodException: No matching method for class org.apache.hadoop.hive.ql.udf.UDFToInteger with (struct<writeid:bigint,bucketid:int,rowid:bigint>). Possible choices: _FUNC_(bigint)  _FUNC_(boolean)  _FUNC_(decimal(38,18))  _FUNC_(double)  _FUNC_(float)  _FUNC_(smallint)  _FUNC_(string)  _FUNC_(struct<rowid:bigint,writeid:int,bucketid:bigint>)  _FUNC_(timestamp)  _FUNC_(tinyint)  _FUNC_(void)  
	at org.apache.hadoop.hive.ql.exec.MethodUtils.getMethodInternal(MethodUtils.java:130) ~[classes/:?]
	at org.apache.hadoop.hive.ql.exec.MethodUtils.getMethodInternal(MethodUtils.java:60) ~[classes/:?]
	at org.apache.hadoop.hive.ql.exec.DefaultUDFMethodResolver.getEvalMethod(DefaultUDFMethodResolver.java:59) ~[classes/:?]
	at org.apache.hadoop.hive.ql.udf.TimestampCastRestrictorResolver.getEvalMethod(TimestampCastRestrictorResolver.java:68) ~[classes/:?]
	at org.apache.hadoop.hive.ql.udf.generic.GenericUDFBridge.initialize(GenericUDFBridge.java:168) ~[classes/:?]
	at org.apache.hadoop.hive.ql.udf.generic.GenericUDF.initializeAndFoldConstants(GenericUDF.java:149) ~[classes/:?]
	at org.apache.hadoop.hive.ql.plan.ExprNodeGenericFuncDesc.newInstance(ExprNodeGenericFuncDesc.java:235) ~[classes/:?]
	at org.apache.hadoop.hive.ql.parse.type.ExprNodeDescExprFactory.createFuncCallExpr(ExprNodeDescExprFactory.java:584) ~[classes/:?]
	at org.apache.hadoop.hive.ql.parse.type.ExprNodeDescExprFactory.createFuncCallExpr(ExprNodeDescExprFactory.java:97) ~[classes/:?]
	at org.apache.hadoop.hive.ql.parse.type.TypeCheckProcFactory$DefaultExprProcessor.getFuncExprNodeDescWithUdfData(TypeCheckProcFactory.java:762) ~[classes/:?]
	at org.apache.hadoop.hive.ql.parse.type.TypeCheckProcFactory$DefaultExprProcessor.createConversionCast(TypeCheckProcFactory.java:783) ~[classes/:?]
	at org.apache.hadoop.hive.ql.parse.SemanticAnalyzer.getPartitionColsFromBucketColsForUpdateDelete(SemanticAnalyzer.java:8725) ~[classes/:?]
	at org.apache.hadoop.hive.ql.parse.SemanticAnalyzer.genBucketingSortingDest(SemanticAnalyzer.java:6914) ~[classes/:?]
	at org.apache.hadoop.hive.ql.parse.SemanticAnalyzer.genFileSinkPlan(SemanticAnalyzer.java:7335) ~[classes/:?]
	at org.apache.hadoop.hive.ql.parse.SemanticAnalyzer.genPostGroupByBodyPlan(SemanticAnalyzer.java:11063) ~[classes/:?]
	at org.apache.hadoop.hive.ql.parse.SemanticAnalyzer.genBodyPlan(SemanticAnalyzer.java:10938) ~[classes/:?]
	at org.apache.hadoop.hive.ql.parse.SemanticAnalyzer.genPlan(SemanticAnalyzer.java:11853) ~[classes/:?]
	at org.apache.hadoop.hive.ql.parse.SemanticAnalyzer.genPlan(SemanticAnalyzer.java:11723) ~[classes/:?]
	at org.apache.hadoop.hive.ql.parse.CalcitePlanner.genOPTree(CalcitePlanner.java:626) ~[classes/:?]
	at org.apache.hadoop.hive.ql.parse.SemanticAnalyzer.analyzeInternal(SemanticAnalyzer.java:12558) ~[classes/:?]
	at org.apache.hadoop.hive.ql.parse.CalcitePlanner.analyzeInternal(CalcitePlanner.java:456) ~[classes/:?]
	at org.apache.hadoop.hive.ql.parse.RewriteSemanticAnalyzer.analyzeInternal(RewriteSemanticAnalyzer.java:67) ~[classes/:?]
	at org.apache.hadoop.hive.ql.parse.BaseSemanticAnalyzer.analyze(BaseSemanticAnalyzer.java:317) ~[classes/:?]
	at org.apache.hadoop.hive.ql.parse.UpdateDeleteSemanticAnalyzer.reparseAndSuperAnalyze(UpdateDeleteSemanticAnalyzer.java:208) ~[classes/:?]
	at org.apache.hadoop.hive.ql.parse.UpdateDeleteSemanticAnalyzer.analyzeUpdate(UpdateDeleteSemanticAnalyzer.java:63) ~[classes/:?]
	at org.apache.hadoop.hive.ql.parse.UpdateDeleteSemanticAnalyzer.analyze(UpdateDeleteSemanticAnalyzer.java:53) ~[classes/:?]
	at org.apache.hadoop.hive.ql.parse.RewriteSemanticAnalyzer.analyzeInternal(RewriteSemanticAnalyzer.java:72) ~[classes/:?]
	at org.apache.hadoop.hive.ql.parse.BaseSemanticAnalyzer.analyze(BaseSemanticAnalyzer.java:317) ~[classes/:?]
	at org.apache.hadoop.hive.ql.Compiler.analyze(Compiler.java:223) ~[classes/:?]
	at org.apache.hadoop.hive.ql.Compiler.compile(Compiler.java:105) ~[classes/:?]
	at org.apache.hadoop.hive.ql.Driver.compile(Driver.java:500) ~[classes/:?]
	at org.apache.hadoop.hive.ql.Driver.compileInternal(Driver.java:453) ~[classes/:?]
	at org.apache.hadoop.hive.ql.Driver.runInternal(Driver.java:181) ~[classes/:?]
	at org.apache.hadoop.hive.ql.Driver.run(Driver.java:153) ~[classes/:?]
	at org.apache.hadoop.hive.ql.Driver.run(Driver.java:140) ~[classes/:?]
	at org.apache.hadoop.hive.ql.TxnCommandsBaseForTests.runStatementOnDriver(TxnCommandsBaseForTests.java:245) ~[test-classes/:?]
	at org.apache.hadoop.hive.ql.TestTxnLoadData.loadDataUpdate(TestTxnLoadData.java:118) ~[test-classes/:?]
	at org.apache.hadoop.hive.ql.TestTxnLoadData.loadDataUpdateVectorized(TestTxnLoadData.java:76) ~[test-classes/:?]
	at sun.reflect.NativeMethodAccessorImpl.invoke0(Native Method) ~[?:1.8.0_402]
	at sun.reflect.NativeMethodAccessorImpl.invoke(NativeMethodAccessorImpl.java:62) ~[?:1.8.0_402]
	at sun.reflect.DelegatingMethodAccessorImpl.invoke(DelegatingMethodAccessorImpl.java:43) ~[?:1.8.0_402]
	at java.lang.reflect.Method.invoke(Method.java:498) ~[?:1.8.0_402]
	at org.junit.runners.model.FrameworkMethod$1.runReflectiveCall(FrameworkMethod.java:59) ~[junit-4.13.jar:4.13]
	at org.junit.internal.runners.model.ReflectiveCallable.run(ReflectiveCallable.java:12) ~[junit-4.13.jar:4.13]
	at org.junit.runners.model.FrameworkMethod.invokeExplosively(FrameworkMethod.java:56) ~[junit-4.13.jar:4.13]
	at org.junit.internal.runners.statements.InvokeMethod.evaluate(InvokeMethod.java:17) ~[junit-4.13.jar:4.13]
	at org.junit.internal.runners.statements.RunBefores.evaluate(RunBefores.java:26) ~[junit-4.13.jar:4.13]
	at org.junit.internal.runners.statements.RunAfters.evaluate(RunAfters.java:27) ~[junit-4.13.jar:4.13]
	at org.junit.rules.ExternalResource$1.evaluate(ExternalResource.java:54) ~[junit-4.13.jar:4.13]
	at org.junit.rules.TestWatcher$1.evaluate(TestWatcher.java:61) ~[junit-4.13.jar:4.13]
	at org.junit.runners.ParentRunner$3.evaluate(ParentRunner.java:306) ~[junit-4.13.jar:4.13]
	at org.junit.runners.BlockJUnit4ClassRunner$1.evaluate(BlockJUnit4ClassRunner.java:100) ~[junit-4.13.jar:4.13]
	at org.junit.runners.ParentRunner.runLeaf(ParentRunner.java:366) ~[junit-4.13.jar:4.13]
	at org.junit.runners.BlockJUnit4ClassRunner.runChild(BlockJUnit4ClassRunner.java:103) ~[junit-4.13.jar:4.13]
	at org.junit.runners.BlockJUnit4ClassRunner.runChild(BlockJUnit4ClassRunner.java:63) ~[junit-4.13.jar:4.13]
	at org.junit.runners.ParentRunner$4.run(ParentRunner.java:331) ~[junit-4.13.jar:4.13]
	at org.junit.runners.ParentRunner$1.schedule(ParentRunner.java:79) ~[junit-4.13.jar:4.13]
	at org.junit.runners.ParentRunner.runChildren(ParentRunner.java:329) ~[junit-4.13.jar:4.13]
	at org.junit.runners.ParentRunner.access$100(ParentRunner.java:66) ~[junit-4.13.jar:4.13]
	at org.junit.runners.ParentRunner$2.evaluate(ParentRunner.java:293) ~[junit-4.13.jar:4.13]
	at org.junit.runners.ParentRunner$3.evaluate(ParentRunner.java:306) ~[junit-4.13.jar:4.13]
	at org.junit.runners.ParentRunner.run(ParentRunner.java:413) ~[junit-4.13.jar:4.13]
	at org.junit.runner.JUnitCore.run(JUnitCore.java:137) ~[junit-4.13.jar:4.13]
	at org.junit.runner.JUnitCore.run(JUnitCore.java:115) ~[junit-4.13.jar:4.13]
	at org.junit.vintage.engine.execution.RunnerExecutor.execute(RunnerExecutor.java:43) ~[junit-vintage-engine-5.6.2.jar:5.6.2]
	at java.util.stream.ForEachOps$ForEachOp$OfRef.accept(ForEachOps.java:183) ~[?:1.8.0_402]
	at java.util.stream.ReferencePipeline$3$1.accept(ReferencePipeline.java:193) ~[?:1.8.0_402]
	at java.util.Iterator.forEachRemaining(Iterator.java:116) ~[?:1.8.0_402]
	at java.util.Spliterators$IteratorSpliterator.forEachRemaining(Spliterators.java:1801) ~[?:1.8.0_402]
	at java.util.stream.AbstractPipeline.copyInto(AbstractPipeline.java:482) ~[?:1.8.0_402]
	at java.util.stream.AbstractPipeline.wrapAndCopyInto(AbstractPipeline.java:472) ~[?:1.8.0_402]
	at java.util.stream.ForEachOps$ForEachOp.evaluateSequential(ForEachOps.java:150) ~[?:1.8.0_402]
	at java.util.stream.ForEachOps$ForEachOp$OfRef.evaluateSequential(ForEachOps.java:173) ~[?:1.8.0_402]
	at java.util.stream.AbstractPipeline.evaluate(AbstractPipeline.java:234) ~[?:1.8.0_402]
	at java.util.stream.ReferencePipeline.forEach(ReferencePipeline.java:485) ~[?:1.8.0_402]
	at org.junit.vintage.engine.VintageTestEngine.executeAllChildren(VintageTestEngine.java:82) ~[junit-vintage-engine-5.6.2.jar:5.6.2]
	at org.junit.vintage.engine.VintageTestEngine.execute(VintageTestEngine.java:73) ~[junit-vintage-engine-5.6.2.jar:5.6.2]
	at org.junit.platform.launcher.core.DefaultLauncher.execute(DefaultLauncher.java:248) ~[junit-platform-launcher-1.6.2.jar:1.6.2]
	at org.junit.platform.launcher.core.DefaultLauncher.lambda$execute$5(DefaultLauncher.java:211) ~[junit-platform-launcher-1.6.2.jar:1.6.2]
	at org.junit.platform.launcher.core.DefaultLauncher.withInterceptedStreams(DefaultLauncher.java:226) [junit-platform-launcher-1.6.2.jar:1.6.2]
	at org.junit.platform.launcher.core.DefaultLauncher.execute(DefaultLauncher.java:199) [junit-platform-launcher-1.6.2.jar:1.6.2]
	at org.junit.platform.launcher.core.DefaultLauncher.execute(DefaultLauncher.java:132) [junit-platform-launcher-1.6.2.jar:1.6.2]
	at org.apache.maven.surefire.junitplatform.JUnitPlatformProvider.invokeAllTests(JUnitPlatformProvider.java:154) [surefire-junit-platform-3.0.0-M4.jar:3.0.0-M4]
	at org.apache.maven.surefire.junitplatform.JUnitPlatformProvider.invoke(JUnitPlatformProvider.java:123) [surefire-junit-platform-3.0.0-M4.jar:3.0.0-M4]
	at org.apache.maven.surefire.booter.ForkedBooter.runSuitesInProcess(ForkedBooter.java:377) [surefire-booter-3.0.0-M4.jar:3.0.0-M4]
	at org.apache.maven.surefire.booter.ForkedBooter.execute(ForkedBooter.java:138) [surefire-booter-3.0.0-M4.jar:3.0.0-M4]
	at org.apache.maven.surefire.booter.ForkedBooter.run(ForkedBooter.java:465) [surefire-booter-3.0.0-M4.jar:3.0.0-M4]
	at org.apache.maven.surefire.booter.ForkedBooter.main(ForkedBooter.java:451) [surefire-booter-3.0.0-M4.jar:3.0.0-M4]
2024-04-24T05:56:12,834 ERROR [main] parse.UpdateDeleteSemanticAnalyzer: CBO failed due to missing column stats (see previous errors), skipping CBO
2024-04-24T05:56:12,834  INFO [main] parse.UpdateDeleteSemanticAnalyzer: Ending caching scope for: 
FAILED: NoMatchingMethodException No matching method for class org.apache.hadoop.hive.ql.udf.UDFToInteger with (struct<writeid:bigint,bucketid:int,rowid:bigint>). Possible choices: _FUNC_(bigint)  _FUNC_(boolean)  _FUNC_(decimal(38,18))  _FUNC_(double)  _FUNC_(float)  _FUNC_(smallint)  _FUNC_(string)  _FUNC_(struct<rowid:bigint,writeid:int,bucketid:bigint>)  _FUNC_(timestamp)  _FUNC_(tinyint)  _FUNC_(void)  
2024-04-24T05:56:12,834 ERROR [main] ql.Driver: FAILED: NoMatchingMethodException No matching method for class org.apache.hadoop.hive.ql.udf.UDFToInteger with (struct<writeid:bigint,bucketid:int,rowid:bigint>). Possible choices: _FUNC_(bigint)  _FUNC_(boolean)  _FUNC_(decimal(38,18))  _FUNC_(double)  _FUNC_(float)  _FUNC_(smallint)  _FUNC_(string)  _FUNC_(struct<rowid:bigint,writeid:int,bucketid:bigint>)  _FUNC_(timestamp)  _FUNC_(tinyint)  _FUNC_(void)  
org.apache.hadoop.hive.ql.exec.NoMatchingMethodException: No matching method for class org.apache.hadoop.hive.ql.udf.UDFToInteger with (struct<writeid:bigint,bucketid:int,rowid:bigint>). Possible choices: _FUNC_(bigint)  _FUNC_(boolean)  _FUNC_(decimal(38,18))  _FUNC_(double)  _FUNC_(float)  _FUNC_(smallint)  _FUNC_(string)  _FUNC_(struct<rowid:bigint,writeid:int,bucketid:bigint>)  _FUNC_(timestamp)  _FUNC_(tinyint)  _FUNC_(void)  
	at org.apache.hadoop.hive.ql.exec.MethodUtils.getMethodInternal(MethodUtils.java:130)
	at org.apache.hadoop.hive.ql.exec.MethodUtils.getMethodInternal(MethodUtils.java:60)
	at org.apache.hadoop.hive.ql.exec.DefaultUDFMethodResolver.getEvalMethod(DefaultUDFMethodResolver.java:59)
	at org.apache.hadoop.hive.ql.udf.TimestampCastRestrictorResolver.getEvalMethod(TimestampCastRestrictorResolver.java:68)
	at org.apache.hadoop.hive.ql.udf.generic.GenericUDFBridge.initialize(GenericUDFBridge.java:168)
	at org.apache.hadoop.hive.ql.udf.generic.GenericUDF.initializeAndFoldConstants(GenericUDF.java:149)
	at org.apache.hadoop.hive.ql.plan.ExprNodeGenericFuncDesc.newInstance(ExprNodeGenericFuncDesc.java:235)
	at org.apache.hadoop.hive.ql.parse.type.ExprNodeDescExprFactory.createFuncCallExpr(ExprNodeDescExprFactory.java:584)
	at org.apache.hadoop.hive.ql.parse.type.ExprNodeDescExprFactory.createFuncCallExpr(ExprNodeDescExprFactory.java:97)
	at org.apache.hadoop.hive.ql.parse.type.TypeCheckProcFactory$DefaultExprProcessor.getFuncExprNodeDescWithUdfData(TypeCheckProcFactory.java:762)
	at org.apache.hadoop.hive.ql.parse.type.TypeCheckProcFactory$DefaultExprProcessor.createConversionCast(TypeCheckProcFactory.java:783)
	at org.apache.hadoop.hive.ql.parse.SemanticAnalyzer.getPartitionColsFromBucketColsForUpdateDelete(SemanticAnalyzer.java:8725)
	at org.apache.hadoop.hive.ql.parse.SemanticAnalyzer.genBucketingSortingDest(SemanticAnalyzer.java:6914)
	at org.apache.hadoop.hive.ql.parse.SemanticAnalyzer.genFileSinkPlan(SemanticAnalyzer.java:7335)
	at org.apache.hadoop.hive.ql.parse.SemanticAnalyzer.genPostGroupByBodyPlan(SemanticAnalyzer.java:11063)
	at org.apache.hadoop.hive.ql.parse.SemanticAnalyzer.genBodyPlan(SemanticAnalyzer.java:10938)
	at org.apache.hadoop.hive.ql.parse.SemanticAnalyzer.genPlan(SemanticAnalyzer.java:11853)
	at org.apache.hadoop.hive.ql.parse.SemanticAnalyzer.genPlan(SemanticAnalyzer.java:11723)
	at org.apache.hadoop.hive.ql.parse.CalcitePlanner.genOPTree(CalcitePlanner.java:626)
	at org.apache.hadoop.hive.ql.parse.SemanticAnalyzer.analyzeInternal(SemanticAnalyzer.java:12558)
	at org.apache.hadoop.hive.ql.parse.CalcitePlanner.analyzeInternal(CalcitePlanner.java:456)
	at org.apache.hadoop.hive.ql.parse.RewriteSemanticAnalyzer.analyzeInternal(RewriteSemanticAnalyzer.java:67)
	at org.apache.hadoop.hive.ql.parse.BaseSemanticAnalyzer.analyze(BaseSemanticAnalyzer.java:317)
	at org.apache.hadoop.hive.ql.parse.UpdateDeleteSemanticAnalyzer.reparseAndSuperAnalyze(UpdateDeleteSemanticAnalyzer.java:208)
	at org.apache.hadoop.hive.ql.parse.UpdateDeleteSemanticAnalyzer.analyzeUpdate(UpdateDeleteSemanticAnalyzer.java:63)
	at org.apache.hadoop.hive.ql.parse.UpdateDeleteSemanticAnalyzer.analyze(UpdateDeleteSemanticAnalyzer.java:53)
	at org.apache.hadoop.hive.ql.parse.RewriteSemanticAnalyzer.analyzeInternal(RewriteSemanticAnalyzer.java:72)
	at org.apache.hadoop.hive.ql.parse.BaseSemanticAnalyzer.analyze(BaseSemanticAnalyzer.java:317)
	at org.apache.hadoop.hive.ql.Compiler.analyze(Compiler.java:223)
	at org.apache.hadoop.hive.ql.Compiler.compile(Compiler.java:105)
	at org.apache.hadoop.hive.ql.Driver.compile(Driver.java:500)
	at org.apache.hadoop.hive.ql.Driver.compileInternal(Driver.java:453)
	at org.apache.hadoop.hive.ql.Driver.runInternal(Driver.java:181)
	at org.apache.hadoop.hive.ql.Driver.run(Driver.java:153)
	at org.apache.hadoop.hive.ql.Driver.run(Driver.java:140)
	at org.apache.hadoop.hive.ql.TxnCommandsBaseForTests.runStatementOnDriver(TxnCommandsBaseForTests.java:245)
	at org.apache.hadoop.hive.ql.TestTxnLoadData.loadDataUpdate(TestTxnLoadData.java:118)
	at org.apache.hadoop.hive.ql.TestTxnLoadData.loadDataUpdateVectorized(TestTxnLoadData.java:76)
	at sun.reflect.NativeMethodAccessorImpl.invoke0(Native Method)
	at sun.reflect.NativeMethodAccessorImpl.invoke(NativeMethodAccessorImpl.java:62)
	at sun.reflect.DelegatingMethodAccessorImpl.invoke(DelegatingMethodAccessorImpl.java:43)
	at java.lang.reflect.Method.invoke(Method.java:498)
	at org.junit.runners.model.FrameworkMethod$1.runReflectiveCall(FrameworkMethod.java:59)
	at org.junit.internal.runners.model.ReflectiveCallable.run(ReflectiveCallable.java:12)
	at org.junit.runners.model.FrameworkMethod.invokeExplosively(FrameworkMethod.java:56)
	at org.junit.internal.runners.statements.InvokeMethod.evaluate(InvokeMethod.java:17)
	at org.junit.internal.runners.statements.RunBefores.evaluate(RunBefores.java:26)
	at org.junit.internal.runners.statements.RunAfters.evaluate(RunAfters.java:27)
	at org.junit.rules.ExternalResource$1.evaluate(ExternalResource.java:54)
	at org.junit.rules.TestWatcher$1.evaluate(TestWatcher.java:61)
	at org.junit.runners.ParentRunner$3.evaluate(ParentRunner.java:306)
	at org.junit.runners.BlockJUnit4ClassRunner$1.evaluate(BlockJUnit4ClassRunner.java:100)
	at org.junit.runners.ParentRunner.runLeaf(ParentRunner.java:366)
	at org.junit.runners.BlockJUnit4ClassRunner.runChild(BlockJUnit4ClassRunner.java:103)
	at org.junit.runners.BlockJUnit4ClassRunner.runChild(BlockJUnit4ClassRunner.java:63)
	at org.junit.runners.ParentRunner$4.run(ParentRunner.java:331)
	at org.junit.runners.ParentRunner$1.schedule(ParentRunner.java:79)
	at org.junit.runners.ParentRunner.runChildren(ParentRunner.java:329)
	at org.junit.runners.ParentRunner.access$100(ParentRunner.java:66)
	at org.junit.runners.ParentRunner$2.evaluate(ParentRunner.java:293)
	at org.junit.runners.ParentRunner$3.evaluate(ParentRunner.java:306)
	at org.junit.runners.ParentRunner.run(ParentRunner.java:413)
	at org.junit.runner.JUnitCore.run(JUnitCore.java:137)
	at org.junit.runner.JUnitCore.run(JUnitCore.java:115)
	at org.junit.vintage.engine.execution.RunnerExecutor.execute(RunnerExecutor.java:43)
	at java.util.stream.ForEachOps$ForEachOp$OfRef.accept(ForEachOps.java:183)
	at java.util.stream.ReferencePipeline$3$1.accept(ReferencePipeline.java:193)
	at java.util.Iterator.forEachRemaining(Iterator.java:116)
	at java.util.Spliterators$IteratorSpliterator.forEachRemaining(Spliterators.java:1801)
	at java.util.stream.AbstractPipeline.copyInto(AbstractPipeline.java:482)
	at java.util.stream.AbstractPipeline.wrapAndCopyInto(AbstractPipeline.java:472)
	at java.util.stream.ForEachOps$ForEachOp.evaluateSequential(ForEachOps.java:150)
	at java.util.stream.ForEachOps$ForEachOp$OfRef.evaluateSequential(ForEachOps.java:173)
	at java.util.stream.AbstractPipeline.evaluate(AbstractPipeline.java:234)
	at java.util.stream.ReferencePipeline.forEach(ReferencePipeline.java:485)
	at org.junit.vintage.engine.VintageTestEngine.executeAllChildren(VintageTestEngine.java:82)
	at org.junit.vintage.engine.VintageTestEngine.execute(VintageTestEngine.java:73)
	at org.junit.platform.launcher.core.DefaultLauncher.execute(DefaultLauncher.java:248)
	at org.junit.platform.launcher.core.DefaultLauncher.lambda$execute$5(DefaultLauncher.java:211)
	at org.junit.platform.launcher.core.DefaultLauncher.withInterceptedStreams(DefaultLauncher.java:226)
	at org.junit.platform.launcher.core.DefaultLauncher.execute(DefaultLauncher.java:199)
	at org.junit.platform.launcher.core.DefaultLauncher.execute(DefaultLauncher.java:132)
	at org.apache.maven.surefire.junitplatform.JUnitPlatformProvider.invokeAllTests(JUnitPlatformProvider.java:154)
	at org.apache.maven.surefire.junitplatform.JUnitPlatformProvider.invoke(JUnitPlatformProvider.java:123)
	at org.apache.maven.surefire.booter.ForkedBooter.runSuitesInProcess(ForkedBooter.java:377)
	at org.apache.maven.surefire.booter.ForkedBooter.execute(ForkedBooter.java:138)
	at org.apache.maven.surefire.booter.ForkedBooter.run(ForkedBooter.java:465)
	at org.apache.maven.surefire.booter.ForkedBooter.main(ForkedBooter.java:451)

2024-04-24T05:56:12,834  INFO [main] metadata.Hive: Dumping metastore api call timing information for : compilation phase
2024-04-24T05:56:12,834  INFO [main] metadata.Hive: Total time spent in each metastore function (ms): {getAllTableConstraints_(AllTableConstraintsRequest)=6, getValidTxns_(long)=1, isCompatibleWith_(Configuration)=0, openTxn_(String, TxnType)=2, getTable_(GetTableRequest)=34, getValidWriteIds_(List, String)=3, getNotNullConstraints_(NotNullConstraintsRequest)=1, getTableColumnStatistics_(String, String, List, String)=11, flushCache_()=0, commitTxn_(CommitTxnRequest)=9, getCheckConstraints_(CheckConstraintsRequest)=1}
2024-04-24T05:56:12,835  INFO [main] ql.Driver: Completed compiling command(queryId=alex_20240424055612_85893468-b0b5-4c52-a359-08e3ebad380d); Time taken: 0.162 seconds
2024-04-24T05:56:12,835  INFO [main] lockmgr.DbTxnManager: Stopped heartbeat for query: null
2024-04-24T05:56:12,838  INFO [main] txn.TxnHandler: Removed transactions: ([23]) from MIN_HISTORY_LEVEL
2024-04-24T05:56:12,845  INFO [main] ql.TxnCommandsBaseForTests: Running the query: drop table if exists acidTbl
2024-04-24T05:56:12,845  INFO [main] ql.Driver: Compiling command(queryId=alex_20240424055612_200aa1d5-c0d5-4951-bc95-4dfd72b42f62): drop table if exists acidTbl
2024-04-24T05:56:12,848  INFO [main] txn.TxnHandler: Added entries to MIN_HISTORY_LEVEL for current txns: ([24]) with min_open_txn: 22
2024-04-24T05:56:12,848  INFO [main] lockmgr.DbTxnManager: Opened txnid:24
2024-04-24T05:56:12,849  INFO [main] HiveMetaStore.audit: ugi=alex	ip=unknown-ip-addr	cmd=get_table : tbl=hive.default.acidTbl	
2024-04-24T05:56:12,855  INFO [main] metastore.HMSHandler: Skipping translation for processor with null
2024-04-24T05:56:12,855  INFO [main] ql.Driver: Semantic Analysis Completed (retrial = false)
2024-04-24T05:56:12,855  INFO [main] ql.Driver: Created Hive schema: Schema(fieldSchemas:null, properties:null)
2024-04-24T05:56:12,855  INFO [main] metadata.Hive: Dumping metastore api call timing information for : compilation phase
2024-04-24T05:56:12,855  INFO [main] metadata.Hive: Total time spent in each metastore function (ms): {rollbackTxn_(long)=10, getValidTxns_(long)=0, getTable_(GetTableRequest)=7, openTxn_(String, TxnType)=2, flushCache_()=0, isCompatibleWith_(Configuration)=0}
2024-04-24T05:56:12,855  INFO [main] ql.Driver: Completed compiling command(queryId=alex_20240424055612_200aa1d5-c0d5-4951-bc95-4dfd72b42f62); Time taken: 0.01 seconds
2024-04-24T05:56:12,856  INFO [main] lockmgr.DbTxnManager: Setting lock request transaction to txnid:24 for queryId=alex_20240424055612_200aa1d5-c0d5-4951-bc95-4dfd72b42f62
2024-04-24T05:56:12,856  INFO [main] lockmgr.DbLockManager: Requesting lock for queryId=alex_20240424055612_200aa1d5-c0d5-4951-bc95-4dfd72b42f62
2024-04-24T05:56:12,870  INFO [main] lockmgr.DbLockManager: Response to queryId=alex_20240424055612_200aa1d5-c0d5-4951-bc95-4dfd72b42f62 LockResponse(lockid:16, state:ACQUIRED)
2024-04-24T05:56:12,870  INFO [main] ql.Driver: Operation DROPTABLE obtained 1 locks
2024-04-24T05:56:12,870  INFO [main] ql.Driver: Executing command(queryId=alex_20240424055612_200aa1d5-c0d5-4951-bc95-4dfd72b42f62): drop table if exists acidTbl
2024-04-24T05:56:12,870  INFO [main] ql.Driver: Starting task [Stage-0:DDL] in serial mode
2024-04-24T05:56:12,870  INFO [main] HiveMetaStore.audit: ugi=alex	ip=unknown-ip-addr	cmd=get_table : tbl=hive.default.acidTbl	
2024-04-24T05:56:12,877  INFO [main] metastore.HMSHandler: Skipping translation for processor with null
2024-04-24T05:56:12,877  INFO [main] HiveMetaStore.audit: ugi=alex	ip=unknown-ip-addr	cmd=get_table : tbl=hive.default.acidTbl	
2024-04-24T05:56:12,883  INFO [main] metastore.HMSHandler: Skipping translation for processor with null
2024-04-24T05:56:12,883  INFO [main] HiveMetaStore.audit: ugi=alex	ip=unknown-ip-addr	cmd=drop_table : tbl=hive.default.acidTbl	
2024-04-24T05:56:12,983  INFO [main] metadata.Hive: Dumping metastore api call timing information for : execution phase
2024-04-24T05:56:12,983  INFO [main] metadata.Hive: Total time spent in each metastore function (ms): {getTable_(GetTableRequest)=7, isCompatibleWith_(Configuration)=0, dropTable_(String, String, boolean, boolean, boolean)=106}
2024-04-24T05:56:12,983  INFO [main] ql.Driver: Completed executing command(queryId=alex_20240424055612_200aa1d5-c0d5-4951-bc95-4dfd72b42f62); Time taken: 0.113 seconds
2024-04-24T05:56:12,983  INFO [main] lockmgr.DbTxnManager: Stopped heartbeat for query: alex_20240424055612_200aa1d5-c0d5-4951-bc95-4dfd72b42f62
2024-04-24T05:56:12,987  INFO [main] txn.TxnHandler: Expected to move at least one record from txn_components to completed_txn_components when committing txn! txnid:24
2024-04-24T05:56:12,992  INFO [main] txn.TxnHandler: Removed transactions: ([24]) from MIN_HISTORY_LEVEL
2024-04-24T05:56:12,993  WARN [main] txn.CompactionTxnHandler: No compaction queue record found for Compaction type transaction commit. txnId:24
2024-04-24T05:56:12,994  INFO [main] ql.TxnCommandsBaseForTests: Running the query: drop table if exists acidTblPart
2024-04-24T05:56:12,994  INFO [main] ql.Driver: Compiling command(queryId=alex_20240424055612_81e03f98-d9bd-4949-9943-ee44a00c7da3): drop table if exists acidTblPart
2024-04-24T05:56:12,996  INFO [main] txn.TxnHandler: Added entries to MIN_HISTORY_LEVEL for current txns: ([25]) with min_open_txn: 22
2024-04-24T05:56:12,996  INFO [main] lockmgr.DbTxnManager: Opened txnid:25
2024-04-24T05:56:12,996  INFO [main] HiveMetaStore.audit: ugi=alex	ip=unknown-ip-addr	cmd=get_table : tbl=hive.default.acidTblPart	
2024-04-24T05:56:13,002  INFO [main] metastore.HMSHandler: Skipping translation for processor with null
2024-04-24T05:56:13,002  INFO [main] ql.Driver: Semantic Analysis Completed (retrial = false)
2024-04-24T05:56:13,002  INFO [main] ql.Driver: Created Hive schema: Schema(fieldSchemas:null, properties:null)
2024-04-24T05:56:13,003  INFO [main] metadata.Hive: Dumping metastore api call timing information for : compilation phase
2024-04-24T05:56:13,003  INFO [main] metadata.Hive: Total time spent in each metastore function (ms): {openTxn_(String, TxnType)=2, getValidTxns_(long)=0, isCompatibleWith_(Configuration)=0, flushCache_()=0, getTable_(GetTableRequest)=6, commitTxn_(CommitTxnRequest)=10}
2024-04-24T05:56:13,003  INFO [main] ql.Driver: Completed compiling command(queryId=alex_20240424055612_81e03f98-d9bd-4949-9943-ee44a00c7da3); Time taken: 0.008 seconds
2024-04-24T05:56:13,003  INFO [main] lockmgr.DbTxnManager: Setting lock request transaction to txnid:25 for queryId=alex_20240424055612_81e03f98-d9bd-4949-9943-ee44a00c7da3
2024-04-24T05:56:13,003  INFO [main] lockmgr.DbLockManager: Requesting lock for queryId=alex_20240424055612_81e03f98-d9bd-4949-9943-ee44a00c7da3
2024-04-24T05:56:13,016  INFO [main] lockmgr.DbLockManager: Response to queryId=alex_20240424055612_81e03f98-d9bd-4949-9943-ee44a00c7da3 LockResponse(lockid:17, state:ACQUIRED)
2024-04-24T05:56:13,016  INFO [main] ql.Driver: Operation DROPTABLE obtained 1 locks
2024-04-24T05:56:13,016  INFO [main] ql.Driver: Executing command(queryId=alex_20240424055612_81e03f98-d9bd-4949-9943-ee44a00c7da3): drop table if exists acidTblPart
2024-04-24T05:56:13,016  INFO [main] ql.Driver: Starting task [Stage-0:DDL] in serial mode
2024-04-24T05:56:13,016  INFO [main] HiveMetaStore.audit: ugi=alex	ip=unknown-ip-addr	cmd=get_table : tbl=hive.default.acidTblPart	
2024-04-24T05:56:13,022  INFO [main] metastore.HMSHandler: Skipping translation for processor with null
2024-04-24T05:56:13,022  INFO [main] HiveMetaStore.audit: ugi=alex	ip=unknown-ip-addr	cmd=get_table : tbl=hive.default.acidTblPart	
2024-04-24T05:56:13,028  INFO [main] metastore.HMSHandler: Skipping translation for processor with null
2024-04-24T05:56:13,028  INFO [main] HiveMetaStore.audit: ugi=alex	ip=unknown-ip-addr	cmd=drop_table : tbl=hive.default.acidTblPart	
2024-04-24T05:56:13,063  INFO [main] metadata.Hive: Dumping metastore api call timing information for : execution phase
2024-04-24T05:56:13,063  INFO [main] metadata.Hive: Total time spent in each metastore function (ms): {dropTable_(String, String, boolean, boolean, boolean)=41, isCompatibleWith_(Configuration)=0, getTable_(GetTableRequest)=6}
2024-04-24T05:56:13,063  INFO [main] ql.Driver: Completed executing command(queryId=alex_20240424055612_81e03f98-d9bd-4949-9943-ee44a00c7da3); Time taken: 0.047 seconds
2024-04-24T05:56:13,063  INFO [main] lockmgr.DbTxnManager: Stopped heartbeat for query: alex_20240424055612_81e03f98-d9bd-4949-9943-ee44a00c7da3
2024-04-24T05:56:13,066  INFO [main] txn.TxnHandler: Expected to move at least one record from txn_components to completed_txn_components when committing txn! txnid:25
2024-04-24T05:56:13,071  INFO [main] txn.TxnHandler: Removed transactions: ([25]) from MIN_HISTORY_LEVEL
2024-04-24T05:56:13,071  WARN [main] txn.CompactionTxnHandler: No compaction queue record found for Compaction type transaction commit. txnId:25
2024-04-24T05:56:13,071  INFO [main] ql.TxnCommandsBaseForTests: Running the query: drop table if exists acidTbl2
2024-04-24T05:56:13,072  INFO [main] ql.Driver: Compiling command(queryId=alex_20240424055613_da286e81-91ad-4a4b-a942-da27b3b50aa7): drop table if exists acidTbl2
2024-04-24T05:56:13,073  INFO [main] txn.TxnHandler: Added entries to MIN_HISTORY_LEVEL for current txns: ([26]) with min_open_txn: 22
2024-04-24T05:56:13,074  INFO [main] lockmgr.DbTxnManager: Opened txnid:26
2024-04-24T05:56:13,074  INFO [main] ql.Driver: Semantic Analysis Completed (retrial = false)
2024-04-24T05:56:13,074  INFO [main] ql.Driver: Created Hive schema: Schema(fieldSchemas:null, properties:null)
2024-04-24T05:56:13,074  INFO [main] metadata.Hive: Dumping metastore api call timing information for : compilation phase
2024-04-24T05:56:13,074  INFO [main] metadata.Hive: Total time spent in each metastore function (ms): {commitTxn_(CommitTxnRequest)=8, getTable_(GetTableRequest)=0, getValidTxns_(long)=0, openTxn_(String, TxnType)=2, flushCache_()=0, isCompatibleWith_(Configuration)=0}
2024-04-24T05:56:13,074  INFO [main] ql.Driver: Completed compiling command(queryId=alex_20240424055613_da286e81-91ad-4a4b-a942-da27b3b50aa7); Time taken: 0.002 seconds
2024-04-24T05:56:13,075  INFO [main] lockmgr.DbTxnManager: Setting lock request transaction to txnid:26 for queryId=alex_20240424055613_da286e81-91ad-4a4b-a942-da27b3b50aa7
2024-04-24T05:56:13,075  INFO [main] ql.Driver: Operation DROPTABLE obtained 0 locks
2024-04-24T05:56:13,075  INFO [main] ql.Driver: Executing command(queryId=alex_20240424055613_da286e81-91ad-4a4b-a942-da27b3b50aa7): drop table if exists acidTbl2
2024-04-24T05:56:13,075  INFO [main] ql.Driver: Starting task [Stage-0:DDL] in serial mode
2024-04-24T05:56:13,075  INFO [main] metadata.SessionHiveMetaStoreClient: Column stats doesn't exist for db=default temp table=acidTbl2
2024-04-24T05:56:13,075  INFO [main] metadata.Hive: Dumping metastore api call timing information for : execution phase
2024-04-24T05:56:13,076  INFO [main] metadata.Hive: Total time spent in each metastore function (ms): {isCompatibleWith_(Configuration)=0, dropTable_(String, String, boolean, boolean, boolean)=0, getTable_(GetTableRequest)=0}
2024-04-24T05:56:13,076  INFO [main] ql.Driver: Completed executing command(queryId=alex_20240424055613_da286e81-91ad-4a4b-a942-da27b3b50aa7); Time taken: 0.0 seconds
2024-04-24T05:56:13,076  INFO [main] lockmgr.DbTxnManager: Stopped heartbeat for query: alex_20240424055613_da286e81-91ad-4a4b-a942-da27b3b50aa7
2024-04-24T05:56:13,080  INFO [main] txn.TxnHandler: Expected to move at least one record from txn_components to completed_txn_components when committing txn! txnid:26
2024-04-24T05:56:13,084  INFO [main] txn.TxnHandler: Removed transactions: ([26]) from MIN_HISTORY_LEVEL
2024-04-24T05:56:13,084  WARN [main] txn.CompactionTxnHandler: No compaction queue record found for Compaction type transaction commit. txnId:26
2024-04-24T05:56:13,085  INFO [main] ql.TxnCommandsBaseForTests: Running the query: drop table if exists nonAcidOrcTbl
2024-04-24T05:56:13,085  INFO [main] ql.Driver: Compiling command(queryId=alex_20240424055613_2e3ecfad-0942-4266-b386-5b39b81947b7): drop table if exists nonAcidOrcTbl
2024-04-24T05:56:13,087  INFO [main] txn.TxnHandler: Added entries to MIN_HISTORY_LEVEL for current txns: ([27]) with min_open_txn: 22
2024-04-24T05:56:13,087  INFO [main] lockmgr.DbTxnManager: Opened txnid:27
2024-04-24T05:56:13,087  INFO [main] HiveMetaStore.audit: ugi=alex	ip=unknown-ip-addr	cmd=get_table : tbl=hive.default.nonAcidOrcTbl	
2024-04-24T05:56:13,105  INFO [main] metastore.HMSHandler: Skipping translation for processor with null
2024-04-24T05:56:13,105  INFO [main] ql.Driver: Semantic Analysis Completed (retrial = false)
2024-04-24T05:56:13,106  INFO [main] ql.Driver: Created Hive schema: Schema(fieldSchemas:null, properties:null)
2024-04-24T05:56:13,106  INFO [main] metadata.Hive: Dumping metastore api call timing information for : compilation phase
2024-04-24T05:56:13,106  INFO [main] metadata.Hive: Total time spent in each metastore function (ms): {getTable_(GetTableRequest)=18, flushCache_()=0, isCompatibleWith_(Configuration)=0, getValidTxns_(long)=0, openTxn_(String, TxnType)=2, commitTxn_(CommitTxnRequest)=9}
2024-04-24T05:56:13,106  INFO [main] ql.Driver: Completed compiling command(queryId=alex_20240424055613_2e3ecfad-0942-4266-b386-5b39b81947b7); Time taken: 0.021 seconds
2024-04-24T05:56:13,106  INFO [main] lockmgr.DbTxnManager: Setting lock request transaction to txnid:27 for queryId=alex_20240424055613_2e3ecfad-0942-4266-b386-5b39b81947b7
2024-04-24T05:56:13,106  INFO [main] lockmgr.DbLockManager: Requesting lock for queryId=alex_20240424055613_2e3ecfad-0942-4266-b386-5b39b81947b7
2024-04-24T05:56:13,118  INFO [main] lockmgr.DbLockManager: Response to queryId=alex_20240424055613_2e3ecfad-0942-4266-b386-5b39b81947b7 LockResponse(lockid:18, state:ACQUIRED)
2024-04-24T05:56:13,118  INFO [main] ql.Driver: Operation DROPTABLE obtained 1 locks
2024-04-24T05:56:13,118  INFO [main] ql.Driver: Executing command(queryId=alex_20240424055613_2e3ecfad-0942-4266-b386-5b39b81947b7): drop table if exists nonAcidOrcTbl
2024-04-24T05:56:13,118  INFO [main] ql.Driver: Starting task [Stage-0:DDL] in serial mode
2024-04-24T05:56:13,119  INFO [main] HiveMetaStore.audit: ugi=alex	ip=unknown-ip-addr	cmd=get_table : tbl=hive.default.nonAcidOrcTbl	
2024-04-24T05:56:13,126  INFO [main] metastore.HMSHandler: Skipping translation for processor with null
2024-04-24T05:56:13,126  INFO [main] HiveMetaStore.audit: ugi=alex	ip=unknown-ip-addr	cmd=get_table : tbl=hive.default.nonAcidOrcTbl	
2024-04-24T05:56:13,134  INFO [main] metastore.HMSHandler: Skipping translation for processor with null
2024-04-24T05:56:13,134  INFO [main] HiveMetaStore.audit: ugi=alex	ip=unknown-ip-addr	cmd=drop_table : tbl=hive.default.nonAcidOrcTbl	
2024-04-24T05:56:13,169  INFO [main] metadata.Hive: Dumping metastore api call timing information for : execution phase
2024-04-24T05:56:13,169  INFO [main] metadata.Hive: Total time spent in each metastore function (ms): {getTable_(GetTableRequest)=7, isCompatibleWith_(Configuration)=0, dropTable_(String, String, boolean, boolean, boolean)=43}
2024-04-24T05:56:13,169  INFO [main] ql.Driver: Completed executing command(queryId=alex_20240424055613_2e3ecfad-0942-4266-b386-5b39b81947b7); Time taken: 0.051 seconds
2024-04-24T05:56:13,170  INFO [main] lockmgr.DbTxnManager: Stopped heartbeat for query: alex_20240424055613_2e3ecfad-0942-4266-b386-5b39b81947b7
2024-04-24T05:56:13,173  INFO [main] txn.TxnHandler: Expected to move at least one record from txn_components to completed_txn_components when committing txn! txnid:27
2024-04-24T05:56:13,178  INFO [main] txn.TxnHandler: Removed transactions: ([27]) from MIN_HISTORY_LEVEL
2024-04-24T05:56:13,178  WARN [main] txn.CompactionTxnHandler: No compaction queue record found for Compaction type transaction commit. txnId:27
2024-04-24T05:56:13,179  INFO [main] ql.TxnCommandsBaseForTests: Running the query: drop table if exists nonAcidOrcTbl2
2024-04-24T05:56:13,179  INFO [main] ql.Driver: Compiling command(queryId=alex_20240424055613_822aaa73-f5db-477f-aaf9-cda51e12e402): drop table if exists nonAcidOrcTbl2
2024-04-24T05:56:13,187  INFO [main] txn.TxnHandler: Added entries to MIN_HISTORY_LEVEL for current txns: ([28]) with min_open_txn: 22
2024-04-24T05:56:13,187  INFO [main] lockmgr.DbTxnManager: Opened txnid:28
2024-04-24T05:56:13,189  INFO [main] HiveMetaStore.audit: ugi=alex	ip=unknown-ip-addr	cmd=get_table : tbl=hive.default.nonAcidOrcTbl2	
2024-04-24T05:56:13,199  INFO [main] metastore.HMSHandler: Skipping translation for processor with null
2024-04-24T05:56:13,199  INFO [main] ql.Driver: Semantic Analysis Completed (retrial = false)
2024-04-24T05:56:13,199  INFO [main] ql.Driver: Created Hive schema: Schema(fieldSchemas:null, properties:null)
2024-04-24T05:56:13,199  INFO [main] metadata.Hive: Dumping metastore api call timing information for : compilation phase
2024-04-24T05:56:13,199  INFO [main] metadata.Hive: Total time spent in each metastore function (ms): {openTxn_(String, TxnType)=7, getTable_(GetTableRequest)=10, isCompatibleWith_(Configuration)=1, commitTxn_(CommitTxnRequest)=9, flushCache_()=1, getValidTxns_(long)=1}
2024-04-24T05:56:13,200  INFO [main] ql.Driver: Completed compiling command(queryId=alex_20240424055613_822aaa73-f5db-477f-aaf9-cda51e12e402); Time taken: 0.02 seconds
2024-04-24T05:56:13,200  INFO [main] lockmgr.DbTxnManager: Setting lock request transaction to txnid:28 for queryId=alex_20240424055613_822aaa73-f5db-477f-aaf9-cda51e12e402
2024-04-24T05:56:13,200  INFO [main] lockmgr.DbLockManager: Requesting lock for queryId=alex_20240424055613_822aaa73-f5db-477f-aaf9-cda51e12e402
2024-04-24T05:56:13,214  INFO [main] lockmgr.DbLockManager: Response to queryId=alex_20240424055613_822aaa73-f5db-477f-aaf9-cda51e12e402 LockResponse(lockid:19, state:ACQUIRED)
2024-04-24T05:56:13,214  INFO [main] ql.Driver: Operation DROPTABLE obtained 1 locks
2024-04-24T05:56:13,214  INFO [main] ql.Driver: Executing command(queryId=alex_20240424055613_822aaa73-f5db-477f-aaf9-cda51e12e402): drop table if exists nonAcidOrcTbl2
2024-04-24T05:56:13,214  INFO [main] ql.Driver: Starting task [Stage-0:DDL] in serial mode
2024-04-24T05:56:13,215  INFO [main] HiveMetaStore.audit: ugi=alex	ip=unknown-ip-addr	cmd=get_table : tbl=hive.default.nonAcidOrcTbl2	
2024-04-24T05:56:13,223  INFO [main] metastore.HMSHandler: Skipping translation for processor with null
2024-04-24T05:56:13,223  INFO [main] HiveMetaStore.audit: ugi=alex	ip=unknown-ip-addr	cmd=get_table : tbl=hive.default.nonAcidOrcTbl2	
2024-04-24T05:56:13,231  INFO [main] metastore.HMSHandler: Skipping translation for processor with null
2024-04-24T05:56:13,231  INFO [main] HiveMetaStore.audit: ugi=alex	ip=unknown-ip-addr	cmd=drop_table : tbl=hive.default.nonAcidOrcTbl2	
2024-04-24T05:56:13,259  INFO [main] metadata.Hive: Dumping metastore api call timing information for : execution phase
2024-04-24T05:56:13,259  INFO [main] metadata.Hive: Total time spent in each metastore function (ms): {dropTable_(String, String, boolean, boolean, boolean)=36, isCompatibleWith_(Configuration)=1, getTable_(GetTableRequest)=8}
2024-04-24T05:56:13,260  INFO [main] ql.Driver: Completed executing command(queryId=alex_20240424055613_822aaa73-f5db-477f-aaf9-cda51e12e402); Time taken: 0.045 seconds
2024-04-24T05:56:13,260  INFO [main] lockmgr.DbTxnManager: Stopped heartbeat for query: alex_20240424055613_822aaa73-f5db-477f-aaf9-cda51e12e402
2024-04-24T05:56:13,263  INFO [main] txn.TxnHandler: Expected to move at least one record from txn_components to completed_txn_components when committing txn! txnid:28
2024-04-24T05:56:13,267  INFO [main] txn.TxnHandler: Removed transactions: ([28]) from MIN_HISTORY_LEVEL
2024-04-24T05:56:13,267  WARN [main] txn.CompactionTxnHandler: No compaction queue record found for Compaction type transaction commit. txnId:28
2024-04-24T05:56:13,268  INFO [main] ql.TxnCommandsBaseForTests: Running the query: drop table if exists nonAcidNonBucket
2024-04-24T05:56:13,268  INFO [main] ql.Driver: Compiling command(queryId=alex_20240424055613_64af8fb0-2e2b-4e9e-b20c-cbe3765270dd): drop table if exists nonAcidNonBucket
2024-04-24T05:56:13,270  INFO [main] txn.TxnHandler: Added entries to MIN_HISTORY_LEVEL for current txns: ([29]) with min_open_txn: 22
2024-04-24T05:56:13,270  INFO [main] lockmgr.DbTxnManager: Opened txnid:29
2024-04-24T05:56:13,271  INFO [main] HiveMetaStore.audit: ugi=alex	ip=unknown-ip-addr	cmd=get_table : tbl=hive.default.nonAcidNonBucket	
2024-04-24T05:56:13,279  INFO [main] metastore.HMSHandler: Skipping translation for processor with null
2024-04-24T05:56:13,279  INFO [main] ql.Driver: Semantic Analysis Completed (retrial = false)
2024-04-24T05:56:13,279  INFO [main] ql.Driver: Created Hive schema: Schema(fieldSchemas:null, properties:null)
2024-04-24T05:56:13,279  INFO [main] metadata.Hive: Dumping metastore api call timing information for : compilation phase
2024-04-24T05:56:13,280  INFO [main] metadata.Hive: Total time spent in each metastore function (ms): {flushCache_()=0, commitTxn_(CommitTxnRequest)=8, getValidTxns_(long)=1, isCompatibleWith_(Configuration)=0, openTxn_(String, TxnType)=2, getTable_(GetTableRequest)=8}
2024-04-24T05:56:13,280  INFO [main] ql.Driver: Completed compiling command(queryId=alex_20240424055613_64af8fb0-2e2b-4e9e-b20c-cbe3765270dd); Time taken: 0.011 seconds
2024-04-24T05:56:13,280  INFO [main] lockmgr.DbTxnManager: Setting lock request transaction to txnid:29 for queryId=alex_20240424055613_64af8fb0-2e2b-4e9e-b20c-cbe3765270dd
2024-04-24T05:56:13,280  INFO [main] lockmgr.DbLockManager: Requesting lock for queryId=alex_20240424055613_64af8fb0-2e2b-4e9e-b20c-cbe3765270dd
2024-04-24T05:56:13,295  INFO [main] lockmgr.DbLockManager: Response to queryId=alex_20240424055613_64af8fb0-2e2b-4e9e-b20c-cbe3765270dd LockResponse(lockid:20, state:ACQUIRED)
2024-04-24T05:56:13,295  INFO [main] ql.Driver: Operation DROPTABLE obtained 1 locks
2024-04-24T05:56:13,295  INFO [main] ql.Driver: Executing command(queryId=alex_20240424055613_64af8fb0-2e2b-4e9e-b20c-cbe3765270dd): drop table if exists nonAcidNonBucket
2024-04-24T05:56:13,295  INFO [main] ql.Driver: Starting task [Stage-0:DDL] in serial mode
2024-04-24T05:56:13,295  INFO [main] HiveMetaStore.audit: ugi=alex	ip=unknown-ip-addr	cmd=get_table : tbl=hive.default.nonAcidNonBucket	
2024-04-24T05:56:13,304  INFO [main] metastore.HMSHandler: Skipping translation for processor with null
2024-04-24T05:56:13,304  INFO [main] HiveMetaStore.audit: ugi=alex	ip=unknown-ip-addr	cmd=get_table : tbl=hive.default.nonAcidNonBucket	
2024-04-24T05:56:13,312  INFO [main] metastore.HMSHandler: Skipping translation for processor with null
2024-04-24T05:56:13,312  INFO [main] HiveMetaStore.audit: ugi=alex	ip=unknown-ip-addr	cmd=drop_table : tbl=hive.default.nonAcidNonBucket	
2024-04-24T05:56:13,341  INFO [main] metadata.Hive: Dumping metastore api call timing information for : execution phase
2024-04-24T05:56:13,341  INFO [main] metadata.Hive: Total time spent in each metastore function (ms): {getTable_(GetTableRequest)=9, dropTable_(String, String, boolean, boolean, boolean)=37, isCompatibleWith_(Configuration)=0}
2024-04-24T05:56:13,342  INFO [main] ql.Driver: Completed executing command(queryId=alex_20240424055613_64af8fb0-2e2b-4e9e-b20c-cbe3765270dd); Time taken: 0.046 seconds
2024-04-24T05:56:13,342  INFO [main] lockmgr.DbTxnManager: Stopped heartbeat for query: alex_20240424055613_64af8fb0-2e2b-4e9e-b20c-cbe3765270dd
2024-04-24T05:56:13,345  INFO [main] txn.TxnHandler: Expected to move at least one record from txn_components to completed_txn_components when committing txn! txnid:29
2024-04-24T05:56:13,352  INFO [main] txn.TxnHandler: Removed transactions: ([29]) from MIN_HISTORY_LEVEL
2024-04-24T05:56:13,352  WARN [main] txn.CompactionTxnHandler: No compaction queue record found for Compaction type transaction commit. txnId:29
2024-04-24T05:56:13,352  INFO [main] utils.TestTxnDbUtil: Cleaning transactional tables
]]></system-err>
  </testcase>
  <testcase name="testLoadAcidFile" classname="org.apache.hadoop.hive.ql.TestTxnLoadData" time="3.132"/>
  <testcase name="testMultiStatementVectorized" classname="org.apache.hadoop.hive.ql.TestTxnLoadData" time="13.1"/>
  <testcase name="loadDataVectorized" classname="org.apache.hadoop.hive.ql.TestTxnLoadData" time="33.63"/>
  <testcase name="loadData" classname="org.apache.hadoop.hive.ql.TestTxnLoadData" time="33.497"/>
</testsuite>