<?xml version="1.0" encoding="UTF-8"?>
<testsuite xmlns:xsi="http://www.w3.org/2001/XMLSchema-instance" xsi:noNamespaceSchemaLocation="https://maven.apache.org/surefire/maven-surefire-plugin/xsd/surefire-test-report-3.0.xsd" version="3.0" name="org.apache.hadoop.hive.ql.exec.vector.mapjoin.TestMapJoinOperator" time="12.291" tests="16" errors="13" skipped="3" failures="0">
  <properties>
    <property name="build.test.dir" value="/home/alex/Repositories/hive/ql/target/tmp"/>
    <property name="awt.toolkit" value="sun.awt.X11.XToolkit"/>
    <property name="test.tmp.dir.uri" value="file:///home/alex/Repositories/hive/ql/target/tmp"/>
    <property name="java.specification.version" value="1.8"/>
    <property name="qfile" value=""/>
    <property name="test.warehouse.dir" value="pfile:///home/alex/Repositories/hive/ql/target/warehouse"/>
    <property name="sun.cpu.isalist" value=""/>
    <property name="sun.jnu.encoding" value="UTF-8"/>
    <property name="run_disabled" value=""/>
    <property name="nondexPrintstack" value="false"/>
    <property name="sun.arch.data.model" value="64"/>
    <property name="java.vendor.url" value="http://java.oracle.com/"/>
    <property name="user.country.format" value="PT"/>
    <property name="test.tmp.dir" value="/home/alex/Repositories/hive/ql/target/tmp"/>
    <property name="sun.boot.library.path" value="/usr/lib/jvm/java-8-openjdk-amd64/jre/lib/amd64"/>
    <property name="sun.java.command" value="/home/alex/Repositories/hive/ql/target/surefire/surefirebooter2609063559136589804.jar /home/alex/Repositories/hive/ql/target/surefire 2024-04-23T21-59-46_173-jvmRun1 surefire4153045366550856376tmp surefire_26733530254413207817181tmp"/>
    <property name="nondexExecid" value="Snhwr3I2MCYp2xI1BMYXdetIVL2H5UQXpCxOgAk9NN4="/>
    <property name="java.specification.vendor" value="Oracle Corporation"/>
    <property name="java.home" value="/usr/lib/jvm/java-8-openjdk-amd64/jre"/>
    <property name="basedir" value="/home/alex/Repositories/hive/ql"/>
    <property name="file.separator" value="/"/>
    <property name="nondexEnd" value="9223372036854775807"/>
    <property name="line.separator" value="&#10;"/>
    <property name="derby.stream.error.file" value="/home/alex/Repositories/hive/ql/target/tmp/derby.log"/>
    <property name="java.vm.specification.vendor" value="Oracle Corporation"/>
    <property name="java.specification.name" value="Java Platform API Specification"/>
    <property name="sun.boot.class.path" value="/home/alex/Repositories/hive/ql/.nondex/nondex-instr.jar:/home/alex/.m2/repository/edu/illinois/nondex-common/2.1.7/nondex-common-2.1.7.jar:/home/alex/.m2/repository/edu/illinois/nondex-annotations/2.1.7/nondex-annotations-2.1.7.jar:/usr/lib/jvm/java-8-openjdk-amd64/jre/lib/resources.jar:/usr/lib/jvm/java-8-openjdk-amd64/jre/lib/rt.jar:/usr/lib/jvm/java-8-openjdk-amd64/jre/lib/sunrsasign.jar:/usr/lib/jvm/java-8-openjdk-amd64/jre/lib/jsse.jar:/usr/lib/jvm/java-8-openjdk-amd64/jre/lib/jce.jar:/usr/lib/jvm/java-8-openjdk-amd64/jre/lib/charsets.jar:/usr/lib/jvm/java-8-openjdk-amd64/jre/lib/jfr.jar:/usr/lib/jvm/java-8-openjdk-amd64/jre/classes"/>
    <property name="log4j.debug" value="true"/>
    <property name="sun.management.compiler" value="HotSpot 64-Bit Tiered Compilers"/>
    <property name="spark.home" value=""/>
    <property name="java.runtime.version" value="1.8.0_402-8u402-ga-2ubuntu1~22.04-b06"/>
    <property name="user.name" value="alex"/>
    <property name="test.src.tables" value=""/>
    <property name="file.encoding" value="UTF-8"/>
    <property name="qfile_regex" value=""/>
    <property name="hadoop.bin.path" value="/home/alex/Repositories/hive/ql/../testutils/hadoop"/>
    <property name="localRepository" value="/home/alex/.m2/repository"/>
    <property name="nondexDir" value="/home/alex/Repositories/hive/ql/.nondex"/>
    <property name="build.dir" value="/home/alex/Repositories/hive/ql/target"/>
    <property name="nondexJarDir" value="/home/alex/Repositories/hive/ql/.nondex"/>
    <property name="mapred.job.tracker" value="local"/>
    <property name="java.io.tmpdir" value="/home/alex/Repositories/hive/ql/target/tmp"/>
    <property name="java.version" value="1.8.0_402"/>
    <property name="hive.version" value="4.0.0-SNAPSHOT"/>
    <property name="java.vm.specification.name" value="Java Virtual Machine Specification"/>
    <property name="java.awt.printerjob" value="sun.print.PSPrinterJob"/>
    <property name="sun.os.patch.level" value="unknown"/>
    <property name="test.data.dir" value="/home/alex/Repositories/hive/ql/../data/files"/>
    <property name="java.library.path" value="/usr/java/packages/lib/amd64:/usr/lib/x86_64-linux-gnu/jni:/lib/x86_64-linux-gnu:/usr/lib/x86_64-linux-gnu:/usr/lib/jni:/lib:/usr/lib"/>
    <property name="java.vendor" value="Private Build"/>
    <property name="java.specification.maintenance.version" value="5"/>
    <property name="sun.io.unicode.encoding" value="UnicodeLittle"/>
    <property name="initScript" value=""/>
    <property name="sun.desktop" value="gnome"/>
    <property name="nondexStart" value="0"/>
    <property name="file.encoding.pkg" value="sun.io"/>
    <property name="log4j.configurationFile" value="file:///home/alex/Repositories/hive/ql/target/testconf/hive-log4j2.properties"/>
    <property name="java.class.path" value="/home/alex/Repositories/hive/ql/target/test-classes:/home/alex/Repositories/hive/ql/target/classes:/home/alex/.m2/repository/org/apache/atlas/atlas-client-v2/2.1.0/atlas-client-v2-2.1.0.jar:/home/alex/.m2/repository/cglib/cglib/2.2.2/cglib-2.2.2.jar:/home/alex/.m2/repository/asm/asm/3.3.1/asm-3.3.1.jar:/home/alex/.m2/repository/org/apache/atlas/atlas-client-common/2.1.0/atlas-client-common-2.1.0.jar:/home/alex/.m2/repository/org/apache/httpcomponents/httpclient/4.5.13/httpclient-4.5.13.jar:/home/alex/.m2/repository/com/sun/jersey/jersey-client/1.19/jersey-client-1.19.jar:/home/alex/.m2/repository/org/apache/atlas/atlas-intg/2.1.0/atlas-intg-2.1.0.jar:/home/alex/.m2/repository/commons-collections/commons-collections/3.2.2/commons-collections-3.2.2.jar:/home/alex/.m2/repository/commons-validator/commons-validator/1.6/commons-validator-1.6.jar:/home/alex/.m2/repository/commons-digester/commons-digester/1.8.1/commons-digester-1.8.1.jar:/home/alex/.m2/repository/com/fasterxml/jackson/jaxrs/jackson-jaxrs-base/2.12.0/jackson-jaxrs-base-2.12.0.jar:/home/alex/.m2/repository/com/fasterxml/jackson/jaxrs/jackson-jaxrs-json-provider/2.12.0/jackson-jaxrs-json-provider-2.12.0.jar:/home/alex/.m2/repository/javax/inject/javax.inject/1/javax.inject-1.jar:/home/alex/.m2/repository/org/springframework/spring-context/4.3.20.RELEASE/spring-context-4.3.20.RELEASE.jar:/home/alex/.m2/repository/org/springframework/spring-aop/4.3.20.RELEASE/spring-aop-4.3.20.RELEASE.jar:/home/alex/.m2/repository/org/springframework/spring-beans/4.3.20.RELEASE/spring-beans-4.3.20.RELEASE.jar:/home/alex/.m2/repository/org/springframework/spring-core/4.3.20.RELEASE/spring-core-4.3.20.RELEASE.jar:/home/alex/.m2/repository/org/springframework/spring-expression/4.3.20.RELEASE/spring-expression-4.3.20.RELEASE.jar:/home/alex/.m2/repository/commons-configuration/commons-configuration/1.10/commons-configuration-1.10.jar:/home/alex/.m2/repository/commons-lang/commons-lang/2.6/commons-lang-2.6.jar:/home/alex/.m2/repository/commons-logging/commons-logging/1.1.1/commons-logging-1.1.1.jar:/home/alex/.m2/repository/org/apache/commons/commons-math3/3.6.1/commons-math3-3.6.1.jar:/home/alex/Repositories/hive/vector-code-gen/target/classes:/home/alex/.m2/repository/org/apache/velocity/velocity/1.5/velocity-1.5.jar:/home/alex/Repositories/hive/common/target/classes:/home/alex/Repositories/hive/classification/target/classes:/home/alex/Repositories/hive/standalone-metastore/metastore-common/target/classes:/home/alex/.m2/repository/commons-cli/commons-cli/1.4/commons-cli-1.4.jar:/home/alex/.m2/repository/org/apache/orc/orc-core/1.6.9/orc-core-1.6.9.jar:/home/alex/.m2/repository/org/apache/orc/orc-shims/1.6.9/orc-shims-1.6.9.jar:/home/alex/.m2/repository/io/airlift/aircompressor/0.19/aircompressor-0.19.jar:/home/alex/.m2/repository/org/jetbrains/annotations/17.0.0/annotations-17.0.0.jar:/home/alex/.m2/repository/org/threeten/threeten-extra/1.5.0/threeten-extra-1.5.0.jar:/home/alex/.m2/repository/jline/jline/2.14.6/jline-2.14.6.jar:/home/alex/.m2/repository/javax/servlet/javax.servlet-api/3.1.0/javax.servlet-api-3.1.0.jar:/home/alex/.m2/repository/org/eclipse/jetty/jetty-http/9.3.27.v20190418/jetty-http-9.3.27.v20190418.jar:/home/alex/.m2/repository/org/eclipse/jetty/jetty-rewrite/9.3.27.v20190418/jetty-rewrite-9.3.27.v20190418.jar:/home/alex/.m2/repository/org/eclipse/jetty/jetty-client/9.3.27.v20190418/jetty-client-9.3.27.v20190418.jar:/home/alex/.m2/repository/org/eclipse/jetty/jetty-server/9.3.27.v20190418/jetty-server-9.3.27.v20190418.jar:/home/alex/.m2/repository/org/eclipse/jetty/jetty-io/9.3.27.v20190418/jetty-io-9.3.27.v20190418.jar:/home/alex/.m2/repository/org/eclipse/jetty/jetty-servlet/9.3.27.v20190418/jetty-servlet-9.3.27.v20190418.jar:/home/alex/.m2/repository/org/eclipse/jetty/jetty-security/9.3.27.v20190418/jetty-security-9.3.27.v20190418.jar:/home/alex/.m2/repository/org/eclipse/jetty/jetty-webapp/9.3.27.v20190418/jetty-webapp-9.3.27.v20190418.jar:/home/alex/.m2/repository/org/eclipse/jetty/jetty-xml/9.3.27.v20190418/jetty-xml-9.3.27.v20190418.jar:/home/alex/.m2/repository/joda-time/joda-time/2.9.9/joda-time-2.9.9.jar:/home/alex/.m2/repository/org/apache/logging/log4j/log4j-web/2.13.2/log4j-web-2.13.2.jar:/home/alex/.m2/repository/net/sf/jpam/jpam/1.1/jpam-1.1.jar:/home/alex/.m2/repository/io/dropwizard/metrics/metrics-core/3.1.0/metrics-core-3.1.0.jar:/home/alex/.m2/repository/io/dropwizard/metrics/metrics-jvm/3.1.0/metrics-jvm-3.1.0.jar:/home/alex/.m2/repository/io/dropwizard/metrics/metrics-json/3.1.0/metrics-json-3.1.0.jar:/home/alex/.m2/repository/com/github/joshelser/dropwizard-metrics-hadoop-metrics2-reporter/0.1.2/dropwizard-metrics-hadoop-metrics2-reporter-0.1.2.jar:/home/alex/Repositories/hive/metastore/target/classes:/home/alex/.m2/repository/org/apache/derby/derby/10.14.1.0/derby-10.14.1.0.jar:/home/alex/Repositories/hive/serde/target/classes:/home/alex/.m2/repository/com/google/code/findbugs/jsr305/3.0.0/jsr305-3.0.0.jar:/home/alex/.m2/repository/org/apache/arrow/arrow-vector/0.15.1/arrow-vector-0.15.1.jar:/home/alex/.m2/repository/org/apache/arrow/arrow-format/0.15.1/arrow-format-0.15.1.jar:/home/alex/.m2/repository/org/apache/arrow/arrow-memory/0.15.1/arrow-memory-0.15.1.jar:/home/alex/.m2/repository/com/google/flatbuffers/flatbuffers-java/1.9.0/flatbuffers-java-1.9.0.jar:/home/alex/.m2/repository/com/carrotsearch/hppc/0.7.2/hppc-0.7.2.jar:/home/alex/.m2/repository/com/github/davidmoten/flatbuffers-java/1.6.0.1/flatbuffers-java-1.6.0.1.jar:/home/alex/Repositories/hive/parser/target/classes:/home/alex/Repositories/hive/udf/target/classes:/home/alex/Repositories/hive/service-rpc/target/classes:/home/alex/Repositories/hive/llap-client/target/classes:/home/alex/Repositories/hive/llap-common/target/classes:/home/alex/.m2/repository/io/jsonwebtoken/jjwt-api/0.10.5/jjwt-api-0.10.5.jar:/home/alex/.m2/repository/io/jsonwebtoken/jjwt-impl/0.10.5/jjwt-impl-0.10.5.jar:/home/alex/.m2/repository/io/jsonwebtoken/jjwt-jackson/0.10.5/jjwt-jackson-0.10.5.jar:/home/alex/Repositories/hive/llap-tez/target/classes:/home/alex/Repositories/hive/shims/aggregator/target/classes:/home/alex/Repositories/hive/shims/common/target/classes:/home/alex/Repositories/hive/shims/0.23/target/classes:/home/alex/.m2/repository/org/apache/hadoop/hadoop-yarn-server-resourcemanager/3.1.0/hadoop-yarn-server-resourcemanager-3.1.0.jar:/home/alex/.m2/repository/org/apache/hadoop/hadoop-yarn-server-applicationhistoryservice/3.1.0/hadoop-yarn-server-applicationhistoryservice-3.1.0.jar:/home/alex/.m2/repository/de/ruedigermoeller/fst/2.50/fst-2.50.jar:/home/alex/.m2/repository/com/cedarsoftware/java-util/1.9.0/java-util-1.9.0.jar:/home/alex/.m2/repository/com/cedarsoftware/json-io/2.5.1/json-io-2.5.1.jar:/home/alex/Repositories/hive/shims/scheduler/target/classes:/home/alex/Repositories/hive/spark-client/target/classes:/home/alex/.m2/repository/io/netty/netty-all/4.1.65.Final/netty-all-4.1.65.Final.jar:/home/alex/.m2/repository/com/fasterxml/jackson/module/jackson-module-scala_2.12/2.12.0/jackson-module-scala_2.12-2.12.0.jar:/home/alex/.m2/repository/org/apache/spark/spark-yarn_2.12/2.4.5/spark-yarn_2.12-2.4.5.jar:/home/alex/Repositories/hive/storage-api/target/classes:/home/alex/.m2/repository/com/amazonaws/aws-java-sdk-bundle/1.11.901/aws-java-sdk-bundle-1.11.901.jar:/home/alex/.m2/repository/com/amazonaws/secretsmanager/aws-secretsmanager-caching-java/1.0.1/aws-secretsmanager-caching-java-1.0.1.jar:/home/alex/.m2/repository/com/esotericsoftware/kryo/5.0.3/kryo-5.0.3.jar:/home/alex/.m2/repository/org/objenesis/objenesis/3.1/objenesis-3.1.jar:/home/alex/.m2/repository/com/esotericsoftware/minlog/1.3.1/minlog-1.3.1.jar:/home/alex/.m2/repository/com/esotericsoftware/reflectasm/1.11.9/reflectasm-1.11.9.jar:/home/alex/.m2/repository/com/google/protobuf/protobuf-java/2.5.0/protobuf-java-2.5.0.jar:/home/alex/.m2/repository/org/apache/hbase/hbase-common/2.0.0-alpha4/hbase-common-2.0.0-alpha4.jar:/home/alex/.m2/repository/org/apache/hbase/thirdparty/hbase-shaded-miscellaneous/1.0.1/hbase-shaded-miscellaneous-1.0.1.jar:/home/alex/.m2/repository/org/apache/htrace/htrace-core/3.2.0-incubating/htrace-core-3.2.0-incubating.jar:/home/alex/.m2/repository/org/apache/commons/commons-crypto/1.0.0/commons-crypto-1.0.0.jar:/home/alex/.m2/repository/com/github/stephenc/findbugs/findbugs-annotations/1.3.9-1/findbugs-annotations-1.3.9-1.jar:/home/alex/.m2/repository/log4j/log4j/1.2.17/log4j-1.2.17.jar:/home/alex/.m2/repository/org/apache/yetus/audience-annotations/0.5.0/audience-annotations-0.5.0.jar:/home/alex/.m2/repository/org/apache/parquet/parquet-hadoop-bundle/1.11.1/parquet-hadoop-bundle-1.11.1.jar:/home/alex/.m2/repository/commons-codec/commons-codec/1.15/commons-codec-1.15.jar:/home/alex/.m2/repository/commons-io/commons-io/2.6/commons-io-2.6.jar:/home/alex/.m2/repository/org/apache/commons/commons-collections4/4.1/commons-collections4-4.1.jar:/home/alex/.m2/repository/org/apache/commons/commons-lang3/3.9/commons-lang3-3.9.jar:/home/alex/.m2/repository/org/apache/commons/commons-text/1.8/commons-text-1.8.jar:/home/alex/.m2/repository/javolution/javolution/5.5.1/javolution-5.5.1.jar:/home/alex/.m2/repository/org/apache/logging/log4j/log4j-1.2-api/2.13.2/log4j-1.2-api-2.13.2.jar:/home/alex/.m2/repository/org/apache/logging/log4j/log4j-api/2.13.2/log4j-api-2.13.2.jar:/home/alex/.m2/repository/org/apache/logging/log4j/log4j-core/2.13.2/log4j-core-2.13.2.jar:/home/alex/.m2/repository/org/apache/logging/log4j/log4j-slf4j-impl/2.13.2/log4j-slf4j-impl-2.13.2.jar:/home/alex/.m2/repository/org/antlr/antlr-runtime/3.5.2/antlr-runtime-3.5.2.jar:/home/alex/.m2/repository/org/antlr/ST4/4.0.4/ST4-4.0.4.jar:/home/alex/.m2/repository/org/apache/avro/avro/1.8.2/avro-1.8.2.jar:/home/alex/.m2/repository/org/codehaus/jackson/jackson-core-asl/1.9.13/jackson-core-asl-1.9.13.jar:/home/alex/.m2/repository/org/codehaus/jackson/jackson-mapper-asl/1.9.13/jackson-mapper-asl-1.9.13.jar:/home/alex/.m2/repository/com/thoughtworks/paranamer/paranamer/2.8/paranamer-2.8.jar:/home/alex/.m2/repository/org/xerial/snappy/snappy-java/1.1.4/snappy-java-1.1.4.jar:/home/alex/.m2/repository/org/tukaani/xz/1.5/xz-1.5.jar:/home/alex/.m2/repository/org/apache/avro/avro-mapred/1.8.2/avro-mapred-1.8.2-hadoop2.jar:/home/alex/.m2/repository/org/apache/avro/avro-ipc/1.8.2/avro-ipc-1.8.2.jar:/home/alex/.m2/repository/org/mortbay/jetty/jetty/6.1.26/jetty-6.1.26.jar:/home/alex/.m2/repository/org/apache/ant/ant/1.9.1/ant-1.9.1.jar:/home/alex/.m2/repository/org/apache/ant/ant-launcher/1.9.1/ant-launcher-1.9.1.jar:/home/alex/.m2/repository/org/apache/commons/commons-compress/1.21/commons-compress-1.21.jar:/home/alex/.m2/repository/org/apache/thrift/libfb303/0.9.3/libfb303-0.9.3.jar:/home/alex/.m2/repository/org/apache/hadoop/hadoop-common/3.1.0/hadoop-common-3.1.0.jar:/home/alex/.m2/repository/org/apache/hadoop/hadoop-annotations/3.1.0/hadoop-annotations-3.1.0.jar:/home/alex/.m2/repository/commons-net/commons-net/3.6/commons-net-3.6.jar:/home/alex/.m2/repository/org/eclipse/jetty/jetty-util/9.3.27.v20190418/jetty-util-9.3.27.v20190418.jar:/home/alex/.m2/repository/javax/servlet/jsp/jsp-api/2.1/jsp-api-2.1.jar:/home/alex/.m2/repository/com/sun/jersey/jersey-core/1.19/jersey-core-1.19.jar:/home/alex/.m2/repository/javax/ws/rs/jsr311-api/1.1.1/jsr311-api-1.1.1.jar:/home/alex/.m2/repository/com/sun/jersey/jersey-json/1.19/jersey-json-1.19.jar:/home/alex/.m2/repository/com/sun/xml/bind/jaxb-impl/2.2.3-1/jaxb-impl-2.2.3-1.jar:/home/alex/.m2/repository/org/codehaus/jackson/jackson-jaxrs/1.9.2/jackson-jaxrs-1.9.2.jar:/home/alex/.m2/repository/org/codehaus/jackson/jackson-xc/1.9.2/jackson-xc-1.9.2.jar:/home/alex/.m2/repository/com/sun/jersey/jersey-server/1.19/jersey-server-1.19.jar:/home/alex/.m2/repository/org/apache/commons/commons-configuration2/2.1.1/commons-configuration2-2.1.1.jar:/home/alex/.m2/repository/org/apache/hadoop/hadoop-auth/3.1.0/hadoop-auth-3.1.0.jar:/home/alex/.m2/repository/com/nimbusds/nimbus-jose-jwt/4.41.1/nimbus-jose-jwt-4.41.1.jar:/home/alex/.m2/repository/com/github/stephenc/jcip/jcip-annotations/1.0-1/jcip-annotations-1.0-1.jar:/home/alex/.m2/repository/com/jcraft/jsch/0.1.54/jsch-0.1.54.jar:/home/alex/.m2/repository/org/apache/htrace/htrace-core4/4.1.0-incubating/htrace-core4-4.1.0-incubating.jar:/home/alex/.m2/repository/org/apache/kerby/kerb-simplekdc/1.0.1/kerb-simplekdc-1.0.1.jar:/home/alex/.m2/repository/org/apache/kerby/kerb-client/1.0.1/kerb-client-1.0.1.jar:/home/alex/.m2/repository/org/apache/kerby/kerby-config/1.0.1/kerby-config-1.0.1.jar:/home/alex/.m2/repository/org/apache/kerby/kerb-core/1.0.1/kerb-core-1.0.1.jar:/home/alex/.m2/repository/org/apache/kerby/kerby-pkix/1.0.1/kerby-pkix-1.0.1.jar:/home/alex/.m2/repository/org/apache/kerby/kerby-asn1/1.0.1/kerby-asn1-1.0.1.jar:/home/alex/.m2/repository/org/apache/kerby/kerby-util/1.0.1/kerby-util-1.0.1.jar:/home/alex/.m2/repository/org/apache/kerby/kerb-common/1.0.1/kerb-common-1.0.1.jar:/home/alex/.m2/repository/org/apache/kerby/kerb-crypto/1.0.1/kerb-crypto-1.0.1.jar:/home/alex/.m2/repository/org/apache/kerby/kerb-util/1.0.1/kerb-util-1.0.1.jar:/home/alex/.m2/repository/org/apache/kerby/token-provider/1.0.1/token-provider-1.0.1.jar:/home/alex/.m2/repository/org/apache/kerby/kerb-admin/1.0.1/kerb-admin-1.0.1.jar:/home/alex/.m2/repository/org/apache/kerby/kerb-server/1.0.1/kerb-server-1.0.1.jar:/home/alex/.m2/repository/org/apache/kerby/kerb-identity/1.0.1/kerb-identity-1.0.1.jar:/home/alex/.m2/repository/org/apache/kerby/kerby-xdr/1.0.1/kerby-xdr-1.0.1.jar:/home/alex/.m2/repository/org/codehaus/woodstox/stax2-api/3.1.4/stax2-api-3.1.4.jar:/home/alex/.m2/repository/com/fasterxml/woodstox/woodstox-core/5.0.3/woodstox-core-5.0.3.jar:/home/alex/.m2/repository/org/apache/hadoop/hadoop-archives/3.1.0/hadoop-archives-3.1.0.jar:/home/alex/.m2/repository/org/apache/hadoop/hadoop-yarn-registry/3.1.0/hadoop-yarn-registry-3.1.0.jar:/home/alex/.m2/repository/org/apache/curator/curator-client/4.2.0/curator-client-4.2.0.jar:/home/alex/.m2/repository/org/apache/curator/curator-recipes/4.2.0/curator-recipes-4.2.0.jar:/home/alex/.m2/repository/commons-daemon/commons-daemon/1.0.13/commons-daemon-1.0.13.jar:/home/alex/.m2/repository/dnsjava/dnsjava/2.1.7/dnsjava-2.1.7.jar:/home/alex/.m2/repository/org/apache/hadoop/hadoop-mapreduce-client-core/3.1.0/hadoop-mapreduce-client-core-3.1.0.jar:/home/alex/.m2/repository/org/apache/hadoop/hadoop-hdfs-client/3.1.0/hadoop-hdfs-client-3.1.0.jar:/home/alex/.m2/repository/com/squareup/okhttp/okhttp/2.7.5/okhttp-2.7.5.jar:/home/alex/.m2/repository/com/squareup/okio/okio/1.6.0/okio-1.6.0.jar:/home/alex/.m2/repository/com/google/inject/extensions/guice-servlet/4.0/guice-servlet-4.0.jar:/home/alex/.m2/repository/org/apache/hadoop/hadoop-mapreduce-client-common/3.1.0/hadoop-mapreduce-client-common-3.1.0.jar:/home/alex/.m2/repository/org/apache/hadoop/hadoop-hdfs/3.1.0/hadoop-hdfs-3.1.0.jar:/home/alex/.m2/repository/org/eclipse/jetty/jetty-util-ajax/9.3.19.v20170502/jetty-util-ajax-9.3.19.v20170502.jar:/home/alex/.m2/repository/org/fusesource/leveldbjni/leveldbjni-all/1.8/leveldbjni-all-1.8.jar:/home/alex/.m2/repository/org/apache/hadoop/hadoop-yarn-api/3.1.0/hadoop-yarn-api-3.1.0.jar:/home/alex/.m2/repository/javax/xml/bind/jaxb-api/2.2.11/jaxb-api-2.2.11.jar:/home/alex/.m2/repository/org/apache/hadoop/hadoop-yarn-common/3.1.0/hadoop-yarn-common-3.1.0.jar:/home/alex/.m2/repository/com/google/inject/guice/4.0/guice-4.0.jar:/home/alex/.m2/repository/aopalliance/aopalliance/1.0/aopalliance-1.0.jar:/home/alex/.m2/repository/com/sun/jersey/contribs/jersey-guice/1.19/jersey-guice-1.19.jar:/home/alex/.m2/repository/com/fasterxml/jackson/module/jackson-module-jaxb-annotations/2.12.0/jackson-module-jaxb-annotations-2.12.0.jar:/home/alex/.m2/repository/jakarta/xml/bind/jakarta.xml.bind-api/2.3.2/jakarta.xml.bind-api-2.3.2.jar:/home/alex/.m2/repository/jakarta/activation/jakarta.activation-api/1.2.1/jakarta.activation-api-1.2.1.jar:/home/alex/.m2/repository/org/apache/hadoop/hadoop-yarn-client/3.1.0/hadoop-yarn-client-3.1.0.jar:/home/alex/.m2/repository/org/apache/orc/orc-tools/1.6.9/orc-tools-1.6.9.jar:/home/alex/.m2/repository/com/opencsv/opencsv/3.9/opencsv-3.9.jar:/home/alex/.m2/repository/org/codehaus/jettison/jettison/1.1/jettison-1.1.jar:/home/alex/.m2/repository/org/threeten/threetenbp/1.3.5/threetenbp-1.3.5.jar:/home/alex/.m2/repository/org/apache/ivy/ivy/2.4.0/ivy-2.4.0.jar:/home/alex/.m2/repository/org/apache/thrift/libthrift/0.14.1/libthrift-0.14.1.jar:/home/alex/.m2/repository/org/apache/httpcomponents/httpcore/4.4.13/httpcore-4.4.13.jar:/home/alex/.m2/repository/org/apache/tomcat/embed/tomcat-embed-core/8.5.46/tomcat-embed-core-8.5.46.jar:/home/alex/.m2/repository/org/apache/tomcat/tomcat-annotations-api/8.5.46/tomcat-annotations-api-8.5.46.jar:/home/alex/.m2/repository/javax/annotation/javax.annotation-api/1.3.2/javax.annotation-api-1.3.2.jar:/home/alex/.m2/repository/org/apache/zookeeper/zookeeper/3.5.5/zookeeper-3.5.5.jar:/home/alex/.m2/repository/org/apache/zookeeper/zookeeper-jute/3.5.5/zookeeper-jute-3.5.5.jar:/home/alex/.m2/repository/org/apache/curator/curator-framework/4.2.0/curator-framework-4.2.0.jar:/home/alex/.m2/repository/org/apache/curator/curator-test/4.2.0/curator-test-4.2.0.jar:/home/alex/.m2/repository/org/apache/datasketches/datasketches-hive/1.1.0-incubating/datasketches-hive-1.1.0-incubating.jar:/home/alex/.m2/repository/org/apache/datasketches/datasketches-java/1.3.0-incubating/datasketches-java-1.3.0-incubating.jar:/home/alex/.m2/repository/org/apache/datasketches/datasketches-memory/1.2.0-incubating/datasketches-memory-1.2.0-incubating.jar:/home/alex/.m2/repository/org/slf4j/slf4j-simple/1.7.27/slf4j-simple-1.7.27.jar:/home/alex/.m2/repository/com/lmax/disruptor/3.3.7/disruptor-3.3.7.jar:/home/alex/.m2/repository/org/codehaus/groovy/groovy-all/2.4.11/groovy-all-2.4.11.jar:/home/alex/.m2/repository/org/jodd/jodd-util/6.0.0/jodd-util-6.0.0.jar:/home/alex/.m2/repository/com/fasterxml/jackson/core/jackson-annotations/2.12.0/jackson-annotations-2.12.0.jar:/home/alex/.m2/repository/com/fasterxml/jackson/core/jackson-core/2.12.0/jackson-core-2.12.0.jar:/home/alex/.m2/repository/com/fasterxml/jackson/core/jackson-databind/2.12.0/jackson-databind-2.12.0.jar:/home/alex/.m2/repository/com/fasterxml/jackson/dataformat/jackson-dataformat-yaml/2.12.0/jackson-dataformat-yaml-2.12.0.jar:/home/alex/.m2/repository/org/yaml/snakeyaml/1.27/snakeyaml-1.27.jar:/home/alex/.m2/repository/org/datanucleus/datanucleus-core/5.2.4/datanucleus-core-5.2.4.jar:/home/alex/.m2/repository/org/apache/calcite/calcite-core/1.25.0/calcite-core-1.25.0.jar:/home/alex/.m2/repository/org/apache/calcite/calcite-linq4j/1.25.0/calcite-linq4j-1.25.0.jar:/home/alex/.m2/repository/org/apiguardian/apiguardian-api/1.1.0/apiguardian-api-1.1.0.jar:/home/alex/.m2/repository/com/esri/geometry/esri-geometry-api/2.2.0/esri-geometry-api-2.2.0.jar:/home/alex/.m2/repository/com/yahoo/datasketches/sketches-core/0.9.0/sketches-core-0.9.0.jar:/home/alex/.m2/repository/com/yahoo/datasketches/memory/0.9.0/memory-0.9.0.jar:/home/alex/.m2/repository/org/apache/commons/commons-dbcp2/2.7.0/commons-dbcp2-2.7.0.jar:/home/alex/.m2/repository/org/apache/commons/commons-pool2/2.7.0/commons-pool2-2.7.0.jar:/home/alex/.m2/repository/org/apache/calcite/calcite-druid/1.25.0/calcite-druid-1.25.0.jar:/home/alex/.m2/repository/org/apache/calcite/avatica/avatica/1.12.0/avatica-1.12.0.jar:/home/alex/.m2/repository/com/google/guava/guava/19.0/guava-19.0.jar:/home/alex/.m2/repository/com/googlecode/javaewah/JavaEWAH/0.3.2/JavaEWAH-0.3.2.jar:/home/alex/.m2/repository/com/google/code/gson/gson/2.2.4/gson-2.2.4.jar:/home/alex/.m2/repository/com/tdunning/json/1.8/json-1.8.jar:/home/alex/.m2/repository/stax/stax-api/1.0.1/stax-api-1.0.1.jar:/home/alex/.m2/repository/net/sf/opencsv/opencsv/2.3/opencsv-2.3.jar:/home/alex/Repositories/hive/standalone-metastore/metastore-server/target/classes:/home/alex/.m2/repository/com/zaxxer/HikariCP/2.6.1/HikariCP-2.6.1.jar:/home/alex/.m2/repository/commons-beanutils/commons-beanutils/1.9.4/commons-beanutils-1.9.4.jar:/home/alex/.m2/repository/org/datanucleus/datanucleus-api-jdo/5.2.4/datanucleus-api-jdo-5.2.4.jar:/home/alex/.m2/repository/org/datanucleus/datanucleus-rdbms/5.2.4/datanucleus-rdbms-5.2.4.jar:/home/alex/.m2/repository/org/datanucleus/javax.jdo/3.2.0-release/javax.jdo-3.2.0-release.jar:/home/alex/.m2/repository/javax/transaction/javax.transaction-api/1.3/javax.transaction-api-1.3.jar:/home/alex/.m2/repository/org/glassfish/corba/glassfish-corba-omgapi/4.2.2/glassfish-corba-omgapi-4.2.2.jar:/home/alex/.m2/repository/sqlline/sqlline/1.9.0/sqlline-1.9.0.jar:/home/alex/.m2/repository/org/jline/jline-terminal/3.12.1/jline-terminal-3.12.1.jar:/home/alex/.m2/repository/org/jline/jline-reader/3.12.1/jline-reader-3.12.1.jar:/home/alex/.m2/repository/org/jline/jline-terminal-jansi/3.12.1/jline-terminal-jansi-3.12.1.jar:/home/alex/.m2/repository/org/fusesource/jansi/jansi/1.18/jansi-1.18.jar:/home/alex/.m2/repository/org/jline/jline-terminal-jna/3.12.1/jline-terminal-jna-3.12.1.jar:/home/alex/.m2/repository/net/java/dev/jna/jna/5.3.1/jna-5.3.1.jar:/home/alex/.m2/repository/org/jline/jline-builtins/3.12.1/jline-builtins-3.12.1.jar:/home/alex/.m2/repository/org/jline/jline-style/3.12.1/jline-style-3.12.1.jar:/home/alex/.m2/repository/com/cronutils/cron-utils/9.1.3/cron-utils-9.1.3.jar:/home/alex/.m2/repository/org/glassfish/javax.el/3.0.0/javax.el-3.0.0.jar:/home/alex/.m2/repository/com/oracle/database/jdbc/ojdbc8/21.3.0.0/ojdbc8-21.3.0.0.jar:/home/alex/.m2/repository/mysql/mysql-connector-java/8.0.27/mysql-connector-java-8.0.27.jar:/home/alex/.m2/repository/com/microsoft/sqlserver/mssql-jdbc/6.2.1.jre8/mssql-jdbc-6.2.1.jre8.jar:/home/alex/.m2/repository/org/postgresql/postgresql/42.2.14/postgresql-42.2.14.jar:/home/alex/Repositories/hive/common/target/test-classes:/home/alex/Repositories/hive/standalone-metastore/metastore-common/target/test-classes:/home/alex/.m2/repository/com/github/ben-manes/caffeine/caffeine/2.8.4/caffeine-2.8.4.jar:/home/alex/.m2/repository/org/checkerframework/checker-qual/3.4.0/checker-qual-3.4.0.jar:/home/alex/Repositories/hive/standalone-metastore/metastore-server/target/test-classes:/home/alex/.m2/repository/org/apache/parquet/parquet-column/1.11.1/parquet-column-1.11.1-tests.jar:/home/alex/.m2/repository/org/apache/parquet/parquet-common/1.11.1/parquet-common-1.11.1.jar:/home/alex/.m2/repository/org/apache/parquet/parquet-format-structures/1.11.1/parquet-format-structures-1.11.1.jar:/home/alex/.m2/repository/org/apache/parquet/parquet-encoding/1.11.1/parquet-encoding-1.11.1.jar:/home/alex/.m2/repository/junit/junit/4.13/junit-4.13.jar:/home/alex/.m2/repository/org/hamcrest/hamcrest-core/1.3/hamcrest-core-1.3.jar:/home/alex/.m2/repository/org/junit/jupiter/junit-jupiter-engine/5.6.2/junit-jupiter-engine-5.6.2.jar:/home/alex/.m2/repository/org/junit/platform/junit-platform-engine/1.6.2/junit-platform-engine-1.6.2.jar:/home/alex/.m2/repository/org/opentest4j/opentest4j/1.2.0/opentest4j-1.2.0.jar:/home/alex/.m2/repository/org/junit/platform/junit-platform-commons/1.6.2/junit-platform-commons-1.6.2.jar:/home/alex/.m2/repository/org/junit/jupiter/junit-jupiter-api/5.6.2/junit-jupiter-api-5.6.2.jar:/home/alex/.m2/repository/org/junit/jupiter/junit-jupiter-params/5.6.2/junit-jupiter-params-5.6.2.jar:/home/alex/.m2/repository/org/junit/vintage/junit-vintage-engine/5.6.2/junit-vintage-engine-5.6.2.jar:/home/alex/.m2/repository/org/apache/tez/tez-api/0.10.1/tez-api-0.10.1.jar:/usr/lib/jvm/java-8-openjdk-amd64/jre/../lib/tools.jar:/home/alex/.m2/repository/org/apache/tez/tez-runtime-library/0.10.1/tez-runtime-library-0.10.1.jar:/home/alex/.m2/repository/org/roaringbitmap/RoaringBitmap/0.5.21/RoaringBitmap-0.5.21.jar:/home/alex/.m2/repository/org/asynchttpclient/async-http-client/2.12.1/async-http-client-2.12.1.jar:/home/alex/.m2/repository/org/asynchttpclient/async-http-client-netty-utils/2.12.1/async-http-client-netty-utils-2.12.1.jar:/home/alex/.m2/repository/io/netty/netty-buffer/4.1.48.Final/netty-buffer-4.1.48.Final.jar:/home/alex/.m2/repository/io/netty/netty-codec-http/4.1.48.Final/netty-codec-http-4.1.48.Final.jar:/home/alex/.m2/repository/io/netty/netty-common/4.1.48.Final/netty-common-4.1.48.Final.jar:/home/alex/.m2/repository/io/netty/netty-transport/4.1.48.Final/netty-transport-4.1.48.Final.jar:/home/alex/.m2/repository/io/netty/netty-codec/4.1.48.Final/netty-codec-4.1.48.Final.jar:/home/alex/.m2/repository/io/netty/netty-handler/4.1.48.Final/netty-handler-4.1.48.Final.jar:/home/alex/.m2/repository/io/netty/netty-resolver/4.1.48.Final/netty-resolver-4.1.48.Final.jar:/home/alex/.m2/repository/io/netty/netty-codec-socks/4.1.48.Final/netty-codec-socks-4.1.48.Final.jar:/home/alex/.m2/repository/io/netty/netty-handler-proxy/4.1.48.Final/netty-handler-proxy-4.1.48.Final.jar:/home/alex/.m2/repository/io/netty/netty-transport-native-epoll/4.1.48.Final/netty-transport-native-epoll-4.1.48.Final-linux-x86_64.jar:/home/alex/.m2/repository/io/netty/netty-transport-native-unix-common/4.1.48.Final/netty-transport-native-unix-common-4.1.48.Final.jar:/home/alex/.m2/repository/io/netty/netty-transport-native-kqueue/4.1.48.Final/netty-transport-native-kqueue-4.1.48.Final-osx-x86_64.jar:/home/alex/.m2/repository/org/reactivestreams/reactive-streams/1.0.3/reactive-streams-1.0.3.jar:/home/alex/.m2/repository/com/typesafe/netty/netty-reactive-streams/2.0.4/netty-reactive-streams-2.0.4.jar:/home/alex/.m2/repository/com/sun/activation/javax.activation/1.2.0/javax.activation-1.2.0.jar:/home/alex/.m2/repository/org/apache/tez/tez-common/0.10.1/tez-common-0.10.1.jar:/home/alex/.m2/repository/org/apache/tez/tez-runtime-internals/0.10.1/tez-runtime-internals-0.10.1.jar:/home/alex/.m2/repository/org/apache/tez/hadoop-shim/0.10.1/hadoop-shim-0.10.1.jar:/home/alex/.m2/repository/org/apache/tez/tez-mapreduce/0.10.1/tez-mapreduce-0.10.1.jar:/home/alex/.m2/repository/org/apache/tez/tez-dag/0.10.1/tez-dag-0.10.1.jar:/home/alex/.m2/repository/org/apache/hadoop/hadoop-yarn-server-web-proxy/3.1.0/hadoop-yarn-server-web-proxy-3.1.0.jar:/home/alex/.m2/repository/org/apache/hadoop/hadoop-yarn-server-common/3.1.0/hadoop-yarn-server-common-3.1.0.jar:/home/alex/.m2/repository/org/apache/geronimo/specs/geronimo-jcache_1.0_spec/1.0-alpha-1/geronimo-jcache_1.0_spec-1.0-alpha-1.jar:/home/alex/.m2/repository/org/ehcache/ehcache/3.3.1/ehcache-3.3.1.jar:/home/alex/.m2/repository/com/zaxxer/HikariCP-java7/2.4.12/HikariCP-java7-2.4.12.jar:/home/alex/.m2/repository/org/apache/spark/spark-core_2.12/2.4.5/spark-core_2.12-2.4.5.jar:/home/alex/.m2/repository/com/twitter/chill_2.12/0.9.3/chill_2.12-0.9.3.jar:/home/alex/.m2/repository/com/twitter/chill-java/0.9.3/chill-java-0.9.3.jar:/home/alex/.m2/repository/org/apache/xbean/xbean-asm6-shaded/4.8/xbean-asm6-shaded-4.8.jar:/home/alex/.m2/repository/org/apache/hadoop/hadoop-client/3.1.0/hadoop-client-3.1.0.jar:/home/alex/.m2/repository/org/apache/hadoop/hadoop-mapreduce-client-jobclient/3.1.0/hadoop-mapreduce-client-jobclient-3.1.0.jar:/home/alex/.m2/repository/org/apache/spark/spark-launcher_2.12/2.4.5/spark-launcher_2.12-2.4.5.jar:/home/alex/.m2/repository/org/apache/spark/spark-kvstore_2.12/2.4.5/spark-kvstore_2.12-2.4.5.jar:/home/alex/.m2/repository/org/apache/spark/spark-network-common_2.12/2.4.5/spark-network-common_2.12-2.4.5.jar:/home/alex/.m2/repository/org/apache/spark/spark-network-shuffle_2.12/2.4.5/spark-network-shuffle_2.12-2.4.5.jar:/home/alex/.m2/repository/org/apache/spark/spark-unsafe_2.12/2.4.5/spark-unsafe_2.12-2.4.5.jar:/home/alex/.m2/repository/javax/activation/activation/1.1.1/activation-1.1.1.jar:/home/alex/.m2/repository/org/slf4j/jul-to-slf4j/1.7.16/jul-to-slf4j-1.7.16.jar:/home/alex/.m2/repository/org/slf4j/jcl-over-slf4j/1.7.16/jcl-over-slf4j-1.7.16.jar:/home/alex/.m2/repository/com/ning/compress-lzf/1.0.3/compress-lzf-1.0.3.jar:/home/alex/.m2/repository/org/lz4/lz4-java/1.4.0/lz4-java-1.4.0.jar:/home/alex/.m2/repository/com/github/luben/zstd-jni/1.3.2-2/zstd-jni-1.3.2-2.jar:/home/alex/.m2/repository/org/scala-lang/scala-library/2.12.10/scala-library-2.12.10.jar:/home/alex/.m2/repository/org/json4s/json4s-jackson_2.12/3.5.3/json4s-jackson_2.12-3.5.3.jar:/home/alex/.m2/repository/org/json4s/json4s-core_2.12/3.5.3/json4s-core_2.12-3.5.3.jar:/home/alex/.m2/repository/org/json4s/json4s-ast_2.12/3.5.3/json4s-ast_2.12-3.5.3.jar:/home/alex/.m2/repository/org/json4s/json4s-scalap_2.12/3.5.3/json4s-scalap_2.12-3.5.3.jar:/home/alex/.m2/repository/org/scala-lang/modules/scala-xml_2.12/1.0.6/scala-xml_2.12-1.0.6.jar:/home/alex/.m2/repository/com/clearspring/analytics/stream/2.7.0/stream-2.7.0.jar:/home/alex/.m2/repository/io/dropwizard/metrics/metrics-graphite/3.1.5/metrics-graphite-3.1.5.jar:/home/alex/.m2/repository/oro/oro/2.0.8/oro-2.0.8.jar:/home/alex/.m2/repository/net/razorvine/pyrolite/4.13/pyrolite-4.13.jar:/home/alex/.m2/repository/net/sf/py4j/py4j/0.10.7/py4j-0.10.7.jar:/home/alex/.m2/repository/org/apache/spark/spark-tags_2.12/2.4.5/spark-tags_2.12-2.4.5.jar:/home/alex/.m2/repository/org/spark-project/spark/unused/1.0.0/unused-1.0.0.jar:/home/alex/.m2/repository/com/sun/jersey/jersey-servlet/1.19/jersey-servlet-1.19.jar:/home/alex/.m2/repository/org/glassfish/jersey/core/jersey-server/2.22.2/jersey-server-2.22.2.jar:/home/alex/.m2/repository/org/glassfish/jersey/core/jersey-common/2.22.2/jersey-common-2.22.2.jar:/home/alex/.m2/repository/org/glassfish/jersey/bundles/repackaged/jersey-guava/2.22.2/jersey-guava-2.22.2.jar:/home/alex/.m2/repository/org/glassfish/hk2/osgi-resource-locator/1.0.1/osgi-resource-locator-1.0.1.jar:/home/alex/.m2/repository/org/glassfish/jersey/core/jersey-client/2.22.2/jersey-client-2.22.2.jar:/home/alex/.m2/repository/javax/ws/rs/javax.ws.rs-api/2.0.1/javax.ws.rs-api-2.0.1.jar:/home/alex/.m2/repository/org/glassfish/jersey/media/jersey-media-jaxb/2.22.2/jersey-media-jaxb-2.22.2.jar:/home/alex/.m2/repository/org/glassfish/hk2/hk2-api/2.4.0-b34/hk2-api-2.4.0-b34.jar:/home/alex/.m2/repository/org/glassfish/hk2/hk2-utils/2.4.0-b34/hk2-utils-2.4.0-b34.jar:/home/alex/.m2/repository/org/glassfish/hk2/external/aopalliance-repackaged/2.4.0-b34/aopalliance-repackaged-2.4.0-b34.jar:/home/alex/.m2/repository/org/glassfish/hk2/external/javax.inject/2.4.0-b34/javax.inject-2.4.0-b34.jar:/home/alex/.m2/repository/org/glassfish/hk2/hk2-locator/2.4.0-b34/hk2-locator-2.4.0-b34.jar:/home/alex/.m2/repository/javax/validation/validation-api/1.1.0.Final/validation-api-1.1.0.Final.jar:/home/alex/.m2/repository/org/glassfish/jersey/containers/jersey-container-servlet-core/2.22.2/jersey-container-servlet-core-2.22.2.jar:/home/alex/.m2/repository/org/hamcrest/hamcrest-all/1.3/hamcrest-all-1.3.jar:/home/alex/.m2/repository/org/powermock/powermock-module-junit4/2.0.2/powermock-module-junit4-2.0.2.jar:/home/alex/.m2/repository/org/powermock/powermock-module-junit4-common/2.0.2/powermock-module-junit4-common-2.0.2.jar:/home/alex/.m2/repository/org/powermock/powermock-reflect/2.0.2/powermock-reflect-2.0.2.jar:/home/alex/.m2/repository/org/powermock/powermock-core/2.0.2/powermock-core-2.0.2.jar:/home/alex/.m2/repository/org/powermock/powermock-api-mockito2/2.0.2/powermock-api-mockito2-2.0.2.jar:/home/alex/.m2/repository/org/powermock/powermock-api-support/2.0.2/powermock-api-support-2.0.2.jar:/home/alex/.m2/repository/com/google/guava/guava-testlib/19.0/guava-testlib-19.0.jar:/home/alex/.m2/repository/com/google/errorprone/error_prone_annotations/2.0.2/error_prone_annotations-2.0.2.jar:/home/alex/.m2/repository/com/google/re2j/re2j/1.2/re2j-1.2.jar:/home/alex/.m2/repository/org/reflections/reflections/0.9.10/reflections-0.9.10.jar:/home/alex/.m2/repository/org/javassist/javassist/3.19.0-GA/javassist-3.19.0-GA.jar:/home/alex/.m2/repository/com/jayway/jsonpath/json-path/2.4.0/json-path-2.4.0.jar:/home/alex/.m2/repository/net/minidev/json-smart/2.3/json-smart-2.3.jar:/home/alex/.m2/repository/net/minidev/accessors-smart/1.2/accessors-smart-1.2.jar:/home/alex/.m2/repository/org/ow2/asm/asm/5.0.4/asm-5.0.4.jar:/home/alex/.m2/repository/org/codehaus/janino/commons-compiler/3.0.11/commons-compiler-3.0.11.jar:/home/alex/.m2/repository/org/codehaus/janino/janino/3.0.11/janino-3.0.11.jar:/home/alex/.m2/repository/com/sun/jersey/contribs/jersey-multipart/1.19/jersey-multipart-1.19.jar:/home/alex/.m2/repository/org/jvnet/mimepull/mimepull/1.9.3/mimepull-1.9.3.jar:/home/alex/.m2/repository/org/apache/kafka/kafka-clients/2.5.0/kafka-clients-2.5.0.jar:/home/alex/.m2/repository/org/slf4j/slf4j-api/1.7.30/slf4j-api-1.7.30.jar:/home/alex/.m2/repository/org/mockito/mockito-core/3.4.4/mockito-core-3.4.4.jar:/home/alex/.m2/repository/net/bytebuddy/byte-buddy/1.10.13/byte-buddy-1.10.13.jar:/home/alex/.m2/repository/net/bytebuddy/byte-buddy-agent/1.10.13/byte-buddy-agent-1.10.13.jar:/home/alex/Repositories/hive/ql/target/testconf:/home/alex/Repositories/hive/ql/../conf:"/>
    <property name="java.vm.vendor" value="Private Build"/>
    <property name="hadoop.version" value="3.1.0"/>
    <property name="user.timezone" value="US/Pacific"/>
    <property name="test.local.warehouse.dir" value="pfile:///home/alex/Repositories/hive/ql/target/localfs/warehouse"/>
    <property name="java.vm.specification.version" value="1.8"/>
    <property name="os.name" value="Linux"/>
    <property name="clustermode" value=""/>
    <property name="test.build.data" value="/home/alex/Repositories/hive/ql/target/tmp"/>
    <property name="sun.java.launcher" value="SUN_STANDARD"/>
    <property name="user.country" value="US"/>
    <property name="test.data.files" value="/home/alex/Repositories/hive/ql/../data/files"/>
    <property name="nondexLogging" value="CONFIG"/>
    <property name="surefire.test.class.path" value="/home/alex/Repositories/hive/ql/target/test-classes:/home/alex/Repositories/hive/ql/target/classes:/home/alex/.m2/repository/org/apache/atlas/atlas-client-v2/2.1.0/atlas-client-v2-2.1.0.jar:/home/alex/.m2/repository/cglib/cglib/2.2.2/cglib-2.2.2.jar:/home/alex/.m2/repository/asm/asm/3.3.1/asm-3.3.1.jar:/home/alex/.m2/repository/org/apache/atlas/atlas-client-common/2.1.0/atlas-client-common-2.1.0.jar:/home/alex/.m2/repository/org/apache/httpcomponents/httpclient/4.5.13/httpclient-4.5.13.jar:/home/alex/.m2/repository/com/sun/jersey/jersey-client/1.19/jersey-client-1.19.jar:/home/alex/.m2/repository/org/apache/atlas/atlas-intg/2.1.0/atlas-intg-2.1.0.jar:/home/alex/.m2/repository/commons-collections/commons-collections/3.2.2/commons-collections-3.2.2.jar:/home/alex/.m2/repository/commons-validator/commons-validator/1.6/commons-validator-1.6.jar:/home/alex/.m2/repository/commons-digester/commons-digester/1.8.1/commons-digester-1.8.1.jar:/home/alex/.m2/repository/com/fasterxml/jackson/jaxrs/jackson-jaxrs-base/2.12.0/jackson-jaxrs-base-2.12.0.jar:/home/alex/.m2/repository/com/fasterxml/jackson/jaxrs/jackson-jaxrs-json-provider/2.12.0/jackson-jaxrs-json-provider-2.12.0.jar:/home/alex/.m2/repository/javax/inject/javax.inject/1/javax.inject-1.jar:/home/alex/.m2/repository/org/springframework/spring-context/4.3.20.RELEASE/spring-context-4.3.20.RELEASE.jar:/home/alex/.m2/repository/org/springframework/spring-aop/4.3.20.RELEASE/spring-aop-4.3.20.RELEASE.jar:/home/alex/.m2/repository/org/springframework/spring-beans/4.3.20.RELEASE/spring-beans-4.3.20.RELEASE.jar:/home/alex/.m2/repository/org/springframework/spring-core/4.3.20.RELEASE/spring-core-4.3.20.RELEASE.jar:/home/alex/.m2/repository/org/springframework/spring-expression/4.3.20.RELEASE/spring-expression-4.3.20.RELEASE.jar:/home/alex/.m2/repository/commons-configuration/commons-configuration/1.10/commons-configuration-1.10.jar:/home/alex/.m2/repository/commons-lang/commons-lang/2.6/commons-lang-2.6.jar:/home/alex/.m2/repository/commons-logging/commons-logging/1.1.1/commons-logging-1.1.1.jar:/home/alex/.m2/repository/org/apache/commons/commons-math3/3.6.1/commons-math3-3.6.1.jar:/home/alex/Repositories/hive/vector-code-gen/target/classes:/home/alex/.m2/repository/org/apache/velocity/velocity/1.5/velocity-1.5.jar:/home/alex/Repositories/hive/common/target/classes:/home/alex/Repositories/hive/classification/target/classes:/home/alex/Repositories/hive/standalone-metastore/metastore-common/target/classes:/home/alex/.m2/repository/commons-cli/commons-cli/1.4/commons-cli-1.4.jar:/home/alex/.m2/repository/org/apache/orc/orc-core/1.6.9/orc-core-1.6.9.jar:/home/alex/.m2/repository/org/apache/orc/orc-shims/1.6.9/orc-shims-1.6.9.jar:/home/alex/.m2/repository/io/airlift/aircompressor/0.19/aircompressor-0.19.jar:/home/alex/.m2/repository/org/jetbrains/annotations/17.0.0/annotations-17.0.0.jar:/home/alex/.m2/repository/org/threeten/threeten-extra/1.5.0/threeten-extra-1.5.0.jar:/home/alex/.m2/repository/jline/jline/2.14.6/jline-2.14.6.jar:/home/alex/.m2/repository/javax/servlet/javax.servlet-api/3.1.0/javax.servlet-api-3.1.0.jar:/home/alex/.m2/repository/org/eclipse/jetty/jetty-http/9.3.27.v20190418/jetty-http-9.3.27.v20190418.jar:/home/alex/.m2/repository/org/eclipse/jetty/jetty-rewrite/9.3.27.v20190418/jetty-rewrite-9.3.27.v20190418.jar:/home/alex/.m2/repository/org/eclipse/jetty/jetty-client/9.3.27.v20190418/jetty-client-9.3.27.v20190418.jar:/home/alex/.m2/repository/org/eclipse/jetty/jetty-server/9.3.27.v20190418/jetty-server-9.3.27.v20190418.jar:/home/alex/.m2/repository/org/eclipse/jetty/jetty-io/9.3.27.v20190418/jetty-io-9.3.27.v20190418.jar:/home/alex/.m2/repository/org/eclipse/jetty/jetty-servlet/9.3.27.v20190418/jetty-servlet-9.3.27.v20190418.jar:/home/alex/.m2/repository/org/eclipse/jetty/jetty-security/9.3.27.v20190418/jetty-security-9.3.27.v20190418.jar:/home/alex/.m2/repository/org/eclipse/jetty/jetty-webapp/9.3.27.v20190418/jetty-webapp-9.3.27.v20190418.jar:/home/alex/.m2/repository/org/eclipse/jetty/jetty-xml/9.3.27.v20190418/jetty-xml-9.3.27.v20190418.jar:/home/alex/.m2/repository/joda-time/joda-time/2.9.9/joda-time-2.9.9.jar:/home/alex/.m2/repository/org/apache/logging/log4j/log4j-web/2.13.2/log4j-web-2.13.2.jar:/home/alex/.m2/repository/net/sf/jpam/jpam/1.1/jpam-1.1.jar:/home/alex/.m2/repository/io/dropwizard/metrics/metrics-core/3.1.0/metrics-core-3.1.0.jar:/home/alex/.m2/repository/io/dropwizard/metrics/metrics-jvm/3.1.0/metrics-jvm-3.1.0.jar:/home/alex/.m2/repository/io/dropwizard/metrics/metrics-json/3.1.0/metrics-json-3.1.0.jar:/home/alex/.m2/repository/com/github/joshelser/dropwizard-metrics-hadoop-metrics2-reporter/0.1.2/dropwizard-metrics-hadoop-metrics2-reporter-0.1.2.jar:/home/alex/Repositories/hive/metastore/target/classes:/home/alex/.m2/repository/org/apache/derby/derby/10.14.1.0/derby-10.14.1.0.jar:/home/alex/Repositories/hive/serde/target/classes:/home/alex/.m2/repository/com/google/code/findbugs/jsr305/3.0.0/jsr305-3.0.0.jar:/home/alex/.m2/repository/org/apache/arrow/arrow-vector/0.15.1/arrow-vector-0.15.1.jar:/home/alex/.m2/repository/org/apache/arrow/arrow-format/0.15.1/arrow-format-0.15.1.jar:/home/alex/.m2/repository/org/apache/arrow/arrow-memory/0.15.1/arrow-memory-0.15.1.jar:/home/alex/.m2/repository/com/google/flatbuffers/flatbuffers-java/1.9.0/flatbuffers-java-1.9.0.jar:/home/alex/.m2/repository/com/carrotsearch/hppc/0.7.2/hppc-0.7.2.jar:/home/alex/.m2/repository/com/github/davidmoten/flatbuffers-java/1.6.0.1/flatbuffers-java-1.6.0.1.jar:/home/alex/Repositories/hive/parser/target/classes:/home/alex/Repositories/hive/udf/target/classes:/home/alex/Repositories/hive/service-rpc/target/classes:/home/alex/Repositories/hive/llap-client/target/classes:/home/alex/Repositories/hive/llap-common/target/classes:/home/alex/.m2/repository/io/jsonwebtoken/jjwt-api/0.10.5/jjwt-api-0.10.5.jar:/home/alex/.m2/repository/io/jsonwebtoken/jjwt-impl/0.10.5/jjwt-impl-0.10.5.jar:/home/alex/.m2/repository/io/jsonwebtoken/jjwt-jackson/0.10.5/jjwt-jackson-0.10.5.jar:/home/alex/Repositories/hive/llap-tez/target/classes:/home/alex/Repositories/hive/shims/aggregator/target/classes:/home/alex/Repositories/hive/shims/common/target/classes:/home/alex/Repositories/hive/shims/0.23/target/classes:/home/alex/.m2/repository/org/apache/hadoop/hadoop-yarn-server-resourcemanager/3.1.0/hadoop-yarn-server-resourcemanager-3.1.0.jar:/home/alex/.m2/repository/org/apache/hadoop/hadoop-yarn-server-applicationhistoryservice/3.1.0/hadoop-yarn-server-applicationhistoryservice-3.1.0.jar:/home/alex/.m2/repository/de/ruedigermoeller/fst/2.50/fst-2.50.jar:/home/alex/.m2/repository/com/cedarsoftware/java-util/1.9.0/java-util-1.9.0.jar:/home/alex/.m2/repository/com/cedarsoftware/json-io/2.5.1/json-io-2.5.1.jar:/home/alex/Repositories/hive/shims/scheduler/target/classes:/home/alex/Repositories/hive/spark-client/target/classes:/home/alex/.m2/repository/io/netty/netty-all/4.1.65.Final/netty-all-4.1.65.Final.jar:/home/alex/.m2/repository/com/fasterxml/jackson/module/jackson-module-scala_2.12/2.12.0/jackson-module-scala_2.12-2.12.0.jar:/home/alex/.m2/repository/org/apache/spark/spark-yarn_2.12/2.4.5/spark-yarn_2.12-2.4.5.jar:/home/alex/Repositories/hive/storage-api/target/classes:/home/alex/.m2/repository/com/amazonaws/aws-java-sdk-bundle/1.11.901/aws-java-sdk-bundle-1.11.901.jar:/home/alex/.m2/repository/com/amazonaws/secretsmanager/aws-secretsmanager-caching-java/1.0.1/aws-secretsmanager-caching-java-1.0.1.jar:/home/alex/.m2/repository/com/esotericsoftware/kryo/5.0.3/kryo-5.0.3.jar:/home/alex/.m2/repository/org/objenesis/objenesis/3.1/objenesis-3.1.jar:/home/alex/.m2/repository/com/esotericsoftware/minlog/1.3.1/minlog-1.3.1.jar:/home/alex/.m2/repository/com/esotericsoftware/reflectasm/1.11.9/reflectasm-1.11.9.jar:/home/alex/.m2/repository/com/google/protobuf/protobuf-java/2.5.0/protobuf-java-2.5.0.jar:/home/alex/.m2/repository/org/apache/hbase/hbase-common/2.0.0-alpha4/hbase-common-2.0.0-alpha4.jar:/home/alex/.m2/repository/org/apache/hbase/thirdparty/hbase-shaded-miscellaneous/1.0.1/hbase-shaded-miscellaneous-1.0.1.jar:/home/alex/.m2/repository/org/apache/htrace/htrace-core/3.2.0-incubating/htrace-core-3.2.0-incubating.jar:/home/alex/.m2/repository/org/apache/commons/commons-crypto/1.0.0/commons-crypto-1.0.0.jar:/home/alex/.m2/repository/com/github/stephenc/findbugs/findbugs-annotations/1.3.9-1/findbugs-annotations-1.3.9-1.jar:/home/alex/.m2/repository/log4j/log4j/1.2.17/log4j-1.2.17.jar:/home/alex/.m2/repository/org/apache/yetus/audience-annotations/0.5.0/audience-annotations-0.5.0.jar:/home/alex/.m2/repository/org/apache/parquet/parquet-hadoop-bundle/1.11.1/parquet-hadoop-bundle-1.11.1.jar:/home/alex/.m2/repository/commons-codec/commons-codec/1.15/commons-codec-1.15.jar:/home/alex/.m2/repository/commons-io/commons-io/2.6/commons-io-2.6.jar:/home/alex/.m2/repository/org/apache/commons/commons-collections4/4.1/commons-collections4-4.1.jar:/home/alex/.m2/repository/org/apache/commons/commons-lang3/3.9/commons-lang3-3.9.jar:/home/alex/.m2/repository/org/apache/commons/commons-text/1.8/commons-text-1.8.jar:/home/alex/.m2/repository/javolution/javolution/5.5.1/javolution-5.5.1.jar:/home/alex/.m2/repository/org/apache/logging/log4j/log4j-1.2-api/2.13.2/log4j-1.2-api-2.13.2.jar:/home/alex/.m2/repository/org/apache/logging/log4j/log4j-api/2.13.2/log4j-api-2.13.2.jar:/home/alex/.m2/repository/org/apache/logging/log4j/log4j-core/2.13.2/log4j-core-2.13.2.jar:/home/alex/.m2/repository/org/apache/logging/log4j/log4j-slf4j-impl/2.13.2/log4j-slf4j-impl-2.13.2.jar:/home/alex/.m2/repository/org/antlr/antlr-runtime/3.5.2/antlr-runtime-3.5.2.jar:/home/alex/.m2/repository/org/antlr/ST4/4.0.4/ST4-4.0.4.jar:/home/alex/.m2/repository/org/apache/avro/avro/1.8.2/avro-1.8.2.jar:/home/alex/.m2/repository/org/codehaus/jackson/jackson-core-asl/1.9.13/jackson-core-asl-1.9.13.jar:/home/alex/.m2/repository/org/codehaus/jackson/jackson-mapper-asl/1.9.13/jackson-mapper-asl-1.9.13.jar:/home/alex/.m2/repository/com/thoughtworks/paranamer/paranamer/2.8/paranamer-2.8.jar:/home/alex/.m2/repository/org/xerial/snappy/snappy-java/1.1.4/snappy-java-1.1.4.jar:/home/alex/.m2/repository/org/tukaani/xz/1.5/xz-1.5.jar:/home/alex/.m2/repository/org/apache/avro/avro-mapred/1.8.2/avro-mapred-1.8.2-hadoop2.jar:/home/alex/.m2/repository/org/apache/avro/avro-ipc/1.8.2/avro-ipc-1.8.2.jar:/home/alex/.m2/repository/org/mortbay/jetty/jetty/6.1.26/jetty-6.1.26.jar:/home/alex/.m2/repository/org/apache/ant/ant/1.9.1/ant-1.9.1.jar:/home/alex/.m2/repository/org/apache/ant/ant-launcher/1.9.1/ant-launcher-1.9.1.jar:/home/alex/.m2/repository/org/apache/commons/commons-compress/1.21/commons-compress-1.21.jar:/home/alex/.m2/repository/org/apache/thrift/libfb303/0.9.3/libfb303-0.9.3.jar:/home/alex/.m2/repository/org/apache/hadoop/hadoop-common/3.1.0/hadoop-common-3.1.0.jar:/home/alex/.m2/repository/org/apache/hadoop/hadoop-annotations/3.1.0/hadoop-annotations-3.1.0.jar:/home/alex/.m2/repository/commons-net/commons-net/3.6/commons-net-3.6.jar:/home/alex/.m2/repository/org/eclipse/jetty/jetty-util/9.3.27.v20190418/jetty-util-9.3.27.v20190418.jar:/home/alex/.m2/repository/javax/servlet/jsp/jsp-api/2.1/jsp-api-2.1.jar:/home/alex/.m2/repository/com/sun/jersey/jersey-core/1.19/jersey-core-1.19.jar:/home/alex/.m2/repository/javax/ws/rs/jsr311-api/1.1.1/jsr311-api-1.1.1.jar:/home/alex/.m2/repository/com/sun/jersey/jersey-json/1.19/jersey-json-1.19.jar:/home/alex/.m2/repository/com/sun/xml/bind/jaxb-impl/2.2.3-1/jaxb-impl-2.2.3-1.jar:/home/alex/.m2/repository/org/codehaus/jackson/jackson-jaxrs/1.9.2/jackson-jaxrs-1.9.2.jar:/home/alex/.m2/repository/org/codehaus/jackson/jackson-xc/1.9.2/jackson-xc-1.9.2.jar:/home/alex/.m2/repository/com/sun/jersey/jersey-server/1.19/jersey-server-1.19.jar:/home/alex/.m2/repository/org/apache/commons/commons-configuration2/2.1.1/commons-configuration2-2.1.1.jar:/home/alex/.m2/repository/org/apache/hadoop/hadoop-auth/3.1.0/hadoop-auth-3.1.0.jar:/home/alex/.m2/repository/com/nimbusds/nimbus-jose-jwt/4.41.1/nimbus-jose-jwt-4.41.1.jar:/home/alex/.m2/repository/com/github/stephenc/jcip/jcip-annotations/1.0-1/jcip-annotations-1.0-1.jar:/home/alex/.m2/repository/com/jcraft/jsch/0.1.54/jsch-0.1.54.jar:/home/alex/.m2/repository/org/apache/htrace/htrace-core4/4.1.0-incubating/htrace-core4-4.1.0-incubating.jar:/home/alex/.m2/repository/org/apache/kerby/kerb-simplekdc/1.0.1/kerb-simplekdc-1.0.1.jar:/home/alex/.m2/repository/org/apache/kerby/kerb-client/1.0.1/kerb-client-1.0.1.jar:/home/alex/.m2/repository/org/apache/kerby/kerby-config/1.0.1/kerby-config-1.0.1.jar:/home/alex/.m2/repository/org/apache/kerby/kerb-core/1.0.1/kerb-core-1.0.1.jar:/home/alex/.m2/repository/org/apache/kerby/kerby-pkix/1.0.1/kerby-pkix-1.0.1.jar:/home/alex/.m2/repository/org/apache/kerby/kerby-asn1/1.0.1/kerby-asn1-1.0.1.jar:/home/alex/.m2/repository/org/apache/kerby/kerby-util/1.0.1/kerby-util-1.0.1.jar:/home/alex/.m2/repository/org/apache/kerby/kerb-common/1.0.1/kerb-common-1.0.1.jar:/home/alex/.m2/repository/org/apache/kerby/kerb-crypto/1.0.1/kerb-crypto-1.0.1.jar:/home/alex/.m2/repository/org/apache/kerby/kerb-util/1.0.1/kerb-util-1.0.1.jar:/home/alex/.m2/repository/org/apache/kerby/token-provider/1.0.1/token-provider-1.0.1.jar:/home/alex/.m2/repository/org/apache/kerby/kerb-admin/1.0.1/kerb-admin-1.0.1.jar:/home/alex/.m2/repository/org/apache/kerby/kerb-server/1.0.1/kerb-server-1.0.1.jar:/home/alex/.m2/repository/org/apache/kerby/kerb-identity/1.0.1/kerb-identity-1.0.1.jar:/home/alex/.m2/repository/org/apache/kerby/kerby-xdr/1.0.1/kerby-xdr-1.0.1.jar:/home/alex/.m2/repository/org/codehaus/woodstox/stax2-api/3.1.4/stax2-api-3.1.4.jar:/home/alex/.m2/repository/com/fasterxml/woodstox/woodstox-core/5.0.3/woodstox-core-5.0.3.jar:/home/alex/.m2/repository/org/apache/hadoop/hadoop-archives/3.1.0/hadoop-archives-3.1.0.jar:/home/alex/.m2/repository/org/apache/hadoop/hadoop-yarn-registry/3.1.0/hadoop-yarn-registry-3.1.0.jar:/home/alex/.m2/repository/org/apache/curator/curator-client/4.2.0/curator-client-4.2.0.jar:/home/alex/.m2/repository/org/apache/curator/curator-recipes/4.2.0/curator-recipes-4.2.0.jar:/home/alex/.m2/repository/commons-daemon/commons-daemon/1.0.13/commons-daemon-1.0.13.jar:/home/alex/.m2/repository/dnsjava/dnsjava/2.1.7/dnsjava-2.1.7.jar:/home/alex/.m2/repository/org/apache/hadoop/hadoop-mapreduce-client-core/3.1.0/hadoop-mapreduce-client-core-3.1.0.jar:/home/alex/.m2/repository/org/apache/hadoop/hadoop-hdfs-client/3.1.0/hadoop-hdfs-client-3.1.0.jar:/home/alex/.m2/repository/com/squareup/okhttp/okhttp/2.7.5/okhttp-2.7.5.jar:/home/alex/.m2/repository/com/squareup/okio/okio/1.6.0/okio-1.6.0.jar:/home/alex/.m2/repository/com/google/inject/extensions/guice-servlet/4.0/guice-servlet-4.0.jar:/home/alex/.m2/repository/org/apache/hadoop/hadoop-mapreduce-client-common/3.1.0/hadoop-mapreduce-client-common-3.1.0.jar:/home/alex/.m2/repository/org/apache/hadoop/hadoop-hdfs/3.1.0/hadoop-hdfs-3.1.0.jar:/home/alex/.m2/repository/org/eclipse/jetty/jetty-util-ajax/9.3.19.v20170502/jetty-util-ajax-9.3.19.v20170502.jar:/home/alex/.m2/repository/org/fusesource/leveldbjni/leveldbjni-all/1.8/leveldbjni-all-1.8.jar:/home/alex/.m2/repository/org/apache/hadoop/hadoop-yarn-api/3.1.0/hadoop-yarn-api-3.1.0.jar:/home/alex/.m2/repository/javax/xml/bind/jaxb-api/2.2.11/jaxb-api-2.2.11.jar:/home/alex/.m2/repository/org/apache/hadoop/hadoop-yarn-common/3.1.0/hadoop-yarn-common-3.1.0.jar:/home/alex/.m2/repository/com/google/inject/guice/4.0/guice-4.0.jar:/home/alex/.m2/repository/aopalliance/aopalliance/1.0/aopalliance-1.0.jar:/home/alex/.m2/repository/com/sun/jersey/contribs/jersey-guice/1.19/jersey-guice-1.19.jar:/home/alex/.m2/repository/com/fasterxml/jackson/module/jackson-module-jaxb-annotations/2.12.0/jackson-module-jaxb-annotations-2.12.0.jar:/home/alex/.m2/repository/jakarta/xml/bind/jakarta.xml.bind-api/2.3.2/jakarta.xml.bind-api-2.3.2.jar:/home/alex/.m2/repository/jakarta/activation/jakarta.activation-api/1.2.1/jakarta.activation-api-1.2.1.jar:/home/alex/.m2/repository/org/apache/hadoop/hadoop-yarn-client/3.1.0/hadoop-yarn-client-3.1.0.jar:/home/alex/.m2/repository/org/apache/orc/orc-tools/1.6.9/orc-tools-1.6.9.jar:/home/alex/.m2/repository/com/opencsv/opencsv/3.9/opencsv-3.9.jar:/home/alex/.m2/repository/org/codehaus/jettison/jettison/1.1/jettison-1.1.jar:/home/alex/.m2/repository/org/threeten/threetenbp/1.3.5/threetenbp-1.3.5.jar:/home/alex/.m2/repository/org/apache/ivy/ivy/2.4.0/ivy-2.4.0.jar:/home/alex/.m2/repository/org/apache/thrift/libthrift/0.14.1/libthrift-0.14.1.jar:/home/alex/.m2/repository/org/apache/httpcomponents/httpcore/4.4.13/httpcore-4.4.13.jar:/home/alex/.m2/repository/org/apache/tomcat/embed/tomcat-embed-core/8.5.46/tomcat-embed-core-8.5.46.jar:/home/alex/.m2/repository/org/apache/tomcat/tomcat-annotations-api/8.5.46/tomcat-annotations-api-8.5.46.jar:/home/alex/.m2/repository/javax/annotation/javax.annotation-api/1.3.2/javax.annotation-api-1.3.2.jar:/home/alex/.m2/repository/org/apache/zookeeper/zookeeper/3.5.5/zookeeper-3.5.5.jar:/home/alex/.m2/repository/org/apache/zookeeper/zookeeper-jute/3.5.5/zookeeper-jute-3.5.5.jar:/home/alex/.m2/repository/org/apache/curator/curator-framework/4.2.0/curator-framework-4.2.0.jar:/home/alex/.m2/repository/org/apache/curator/curator-test/4.2.0/curator-test-4.2.0.jar:/home/alex/.m2/repository/org/apache/datasketches/datasketches-hive/1.1.0-incubating/datasketches-hive-1.1.0-incubating.jar:/home/alex/.m2/repository/org/apache/datasketches/datasketches-java/1.3.0-incubating/datasketches-java-1.3.0-incubating.jar:/home/alex/.m2/repository/org/apache/datasketches/datasketches-memory/1.2.0-incubating/datasketches-memory-1.2.0-incubating.jar:/home/alex/.m2/repository/org/slf4j/slf4j-simple/1.7.27/slf4j-simple-1.7.27.jar:/home/alex/.m2/repository/com/lmax/disruptor/3.3.7/disruptor-3.3.7.jar:/home/alex/.m2/repository/org/codehaus/groovy/groovy-all/2.4.11/groovy-all-2.4.11.jar:/home/alex/.m2/repository/org/jodd/jodd-util/6.0.0/jodd-util-6.0.0.jar:/home/alex/.m2/repository/com/fasterxml/jackson/core/jackson-annotations/2.12.0/jackson-annotations-2.12.0.jar:/home/alex/.m2/repository/com/fasterxml/jackson/core/jackson-core/2.12.0/jackson-core-2.12.0.jar:/home/alex/.m2/repository/com/fasterxml/jackson/core/jackson-databind/2.12.0/jackson-databind-2.12.0.jar:/home/alex/.m2/repository/com/fasterxml/jackson/dataformat/jackson-dataformat-yaml/2.12.0/jackson-dataformat-yaml-2.12.0.jar:/home/alex/.m2/repository/org/yaml/snakeyaml/1.27/snakeyaml-1.27.jar:/home/alex/.m2/repository/org/datanucleus/datanucleus-core/5.2.4/datanucleus-core-5.2.4.jar:/home/alex/.m2/repository/org/apache/calcite/calcite-core/1.25.0/calcite-core-1.25.0.jar:/home/alex/.m2/repository/org/apache/calcite/calcite-linq4j/1.25.0/calcite-linq4j-1.25.0.jar:/home/alex/.m2/repository/org/apiguardian/apiguardian-api/1.1.0/apiguardian-api-1.1.0.jar:/home/alex/.m2/repository/com/esri/geometry/esri-geometry-api/2.2.0/esri-geometry-api-2.2.0.jar:/home/alex/.m2/repository/com/yahoo/datasketches/sketches-core/0.9.0/sketches-core-0.9.0.jar:/home/alex/.m2/repository/com/yahoo/datasketches/memory/0.9.0/memory-0.9.0.jar:/home/alex/.m2/repository/org/apache/commons/commons-dbcp2/2.7.0/commons-dbcp2-2.7.0.jar:/home/alex/.m2/repository/org/apache/commons/commons-pool2/2.7.0/commons-pool2-2.7.0.jar:/home/alex/.m2/repository/org/apache/calcite/calcite-druid/1.25.0/calcite-druid-1.25.0.jar:/home/alex/.m2/repository/org/apache/calcite/avatica/avatica/1.12.0/avatica-1.12.0.jar:/home/alex/.m2/repository/com/google/guava/guava/19.0/guava-19.0.jar:/home/alex/.m2/repository/com/googlecode/javaewah/JavaEWAH/0.3.2/JavaEWAH-0.3.2.jar:/home/alex/.m2/repository/com/google/code/gson/gson/2.2.4/gson-2.2.4.jar:/home/alex/.m2/repository/com/tdunning/json/1.8/json-1.8.jar:/home/alex/.m2/repository/stax/stax-api/1.0.1/stax-api-1.0.1.jar:/home/alex/.m2/repository/net/sf/opencsv/opencsv/2.3/opencsv-2.3.jar:/home/alex/Repositories/hive/standalone-metastore/metastore-server/target/classes:/home/alex/.m2/repository/com/zaxxer/HikariCP/2.6.1/HikariCP-2.6.1.jar:/home/alex/.m2/repository/commons-beanutils/commons-beanutils/1.9.4/commons-beanutils-1.9.4.jar:/home/alex/.m2/repository/org/datanucleus/datanucleus-api-jdo/5.2.4/datanucleus-api-jdo-5.2.4.jar:/home/alex/.m2/repository/org/datanucleus/datanucleus-rdbms/5.2.4/datanucleus-rdbms-5.2.4.jar:/home/alex/.m2/repository/org/datanucleus/javax.jdo/3.2.0-release/javax.jdo-3.2.0-release.jar:/home/alex/.m2/repository/javax/transaction/javax.transaction-api/1.3/javax.transaction-api-1.3.jar:/home/alex/.m2/repository/org/glassfish/corba/glassfish-corba-omgapi/4.2.2/glassfish-corba-omgapi-4.2.2.jar:/home/alex/.m2/repository/sqlline/sqlline/1.9.0/sqlline-1.9.0.jar:/home/alex/.m2/repository/org/jline/jline-terminal/3.12.1/jline-terminal-3.12.1.jar:/home/alex/.m2/repository/org/jline/jline-reader/3.12.1/jline-reader-3.12.1.jar:/home/alex/.m2/repository/org/jline/jline-terminal-jansi/3.12.1/jline-terminal-jansi-3.12.1.jar:/home/alex/.m2/repository/org/fusesource/jansi/jansi/1.18/jansi-1.18.jar:/home/alex/.m2/repository/org/jline/jline-terminal-jna/3.12.1/jline-terminal-jna-3.12.1.jar:/home/alex/.m2/repository/net/java/dev/jna/jna/5.3.1/jna-5.3.1.jar:/home/alex/.m2/repository/org/jline/jline-builtins/3.12.1/jline-builtins-3.12.1.jar:/home/alex/.m2/repository/org/jline/jline-style/3.12.1/jline-style-3.12.1.jar:/home/alex/.m2/repository/com/cronutils/cron-utils/9.1.3/cron-utils-9.1.3.jar:/home/alex/.m2/repository/org/glassfish/javax.el/3.0.0/javax.el-3.0.0.jar:/home/alex/.m2/repository/com/oracle/database/jdbc/ojdbc8/21.3.0.0/ojdbc8-21.3.0.0.jar:/home/alex/.m2/repository/mysql/mysql-connector-java/8.0.27/mysql-connector-java-8.0.27.jar:/home/alex/.m2/repository/com/microsoft/sqlserver/mssql-jdbc/6.2.1.jre8/mssql-jdbc-6.2.1.jre8.jar:/home/alex/.m2/repository/org/postgresql/postgresql/42.2.14/postgresql-42.2.14.jar:/home/alex/Repositories/hive/common/target/test-classes:/home/alex/Repositories/hive/standalone-metastore/metastore-common/target/test-classes:/home/alex/.m2/repository/com/github/ben-manes/caffeine/caffeine/2.8.4/caffeine-2.8.4.jar:/home/alex/.m2/repository/org/checkerframework/checker-qual/3.4.0/checker-qual-3.4.0.jar:/home/alex/Repositories/hive/standalone-metastore/metastore-server/target/test-classes:/home/alex/.m2/repository/org/apache/parquet/parquet-column/1.11.1/parquet-column-1.11.1-tests.jar:/home/alex/.m2/repository/org/apache/parquet/parquet-common/1.11.1/parquet-common-1.11.1.jar:/home/alex/.m2/repository/org/apache/parquet/parquet-format-structures/1.11.1/parquet-format-structures-1.11.1.jar:/home/alex/.m2/repository/org/apache/parquet/parquet-encoding/1.11.1/parquet-encoding-1.11.1.jar:/home/alex/.m2/repository/junit/junit/4.13/junit-4.13.jar:/home/alex/.m2/repository/org/hamcrest/hamcrest-core/1.3/hamcrest-core-1.3.jar:/home/alex/.m2/repository/org/junit/jupiter/junit-jupiter-engine/5.6.2/junit-jupiter-engine-5.6.2.jar:/home/alex/.m2/repository/org/junit/platform/junit-platform-engine/1.6.2/junit-platform-engine-1.6.2.jar:/home/alex/.m2/repository/org/opentest4j/opentest4j/1.2.0/opentest4j-1.2.0.jar:/home/alex/.m2/repository/org/junit/platform/junit-platform-commons/1.6.2/junit-platform-commons-1.6.2.jar:/home/alex/.m2/repository/org/junit/jupiter/junit-jupiter-api/5.6.2/junit-jupiter-api-5.6.2.jar:/home/alex/.m2/repository/org/junit/jupiter/junit-jupiter-params/5.6.2/junit-jupiter-params-5.6.2.jar:/home/alex/.m2/repository/org/junit/vintage/junit-vintage-engine/5.6.2/junit-vintage-engine-5.6.2.jar:/home/alex/.m2/repository/org/apache/tez/tez-api/0.10.1/tez-api-0.10.1.jar:/usr/lib/jvm/java-8-openjdk-amd64/jre/../lib/tools.jar:/home/alex/.m2/repository/org/apache/tez/tez-runtime-library/0.10.1/tez-runtime-library-0.10.1.jar:/home/alex/.m2/repository/org/roaringbitmap/RoaringBitmap/0.5.21/RoaringBitmap-0.5.21.jar:/home/alex/.m2/repository/org/asynchttpclient/async-http-client/2.12.1/async-http-client-2.12.1.jar:/home/alex/.m2/repository/org/asynchttpclient/async-http-client-netty-utils/2.12.1/async-http-client-netty-utils-2.12.1.jar:/home/alex/.m2/repository/io/netty/netty-buffer/4.1.48.Final/netty-buffer-4.1.48.Final.jar:/home/alex/.m2/repository/io/netty/netty-codec-http/4.1.48.Final/netty-codec-http-4.1.48.Final.jar:/home/alex/.m2/repository/io/netty/netty-common/4.1.48.Final/netty-common-4.1.48.Final.jar:/home/alex/.m2/repository/io/netty/netty-transport/4.1.48.Final/netty-transport-4.1.48.Final.jar:/home/alex/.m2/repository/io/netty/netty-codec/4.1.48.Final/netty-codec-4.1.48.Final.jar:/home/alex/.m2/repository/io/netty/netty-handler/4.1.48.Final/netty-handler-4.1.48.Final.jar:/home/alex/.m2/repository/io/netty/netty-resolver/4.1.48.Final/netty-resolver-4.1.48.Final.jar:/home/alex/.m2/repository/io/netty/netty-codec-socks/4.1.48.Final/netty-codec-socks-4.1.48.Final.jar:/home/alex/.m2/repository/io/netty/netty-handler-proxy/4.1.48.Final/netty-handler-proxy-4.1.48.Final.jar:/home/alex/.m2/repository/io/netty/netty-transport-native-epoll/4.1.48.Final/netty-transport-native-epoll-4.1.48.Final-linux-x86_64.jar:/home/alex/.m2/repository/io/netty/netty-transport-native-unix-common/4.1.48.Final/netty-transport-native-unix-common-4.1.48.Final.jar:/home/alex/.m2/repository/io/netty/netty-transport-native-kqueue/4.1.48.Final/netty-transport-native-kqueue-4.1.48.Final-osx-x86_64.jar:/home/alex/.m2/repository/org/reactivestreams/reactive-streams/1.0.3/reactive-streams-1.0.3.jar:/home/alex/.m2/repository/com/typesafe/netty/netty-reactive-streams/2.0.4/netty-reactive-streams-2.0.4.jar:/home/alex/.m2/repository/com/sun/activation/javax.activation/1.2.0/javax.activation-1.2.0.jar:/home/alex/.m2/repository/org/apache/tez/tez-common/0.10.1/tez-common-0.10.1.jar:/home/alex/.m2/repository/org/apache/tez/tez-runtime-internals/0.10.1/tez-runtime-internals-0.10.1.jar:/home/alex/.m2/repository/org/apache/tez/hadoop-shim/0.10.1/hadoop-shim-0.10.1.jar:/home/alex/.m2/repository/org/apache/tez/tez-mapreduce/0.10.1/tez-mapreduce-0.10.1.jar:/home/alex/.m2/repository/org/apache/tez/tez-dag/0.10.1/tez-dag-0.10.1.jar:/home/alex/.m2/repository/org/apache/hadoop/hadoop-yarn-server-web-proxy/3.1.0/hadoop-yarn-server-web-proxy-3.1.0.jar:/home/alex/.m2/repository/org/apache/hadoop/hadoop-yarn-server-common/3.1.0/hadoop-yarn-server-common-3.1.0.jar:/home/alex/.m2/repository/org/apache/geronimo/specs/geronimo-jcache_1.0_spec/1.0-alpha-1/geronimo-jcache_1.0_spec-1.0-alpha-1.jar:/home/alex/.m2/repository/org/ehcache/ehcache/3.3.1/ehcache-3.3.1.jar:/home/alex/.m2/repository/com/zaxxer/HikariCP-java7/2.4.12/HikariCP-java7-2.4.12.jar:/home/alex/.m2/repository/org/apache/spark/spark-core_2.12/2.4.5/spark-core_2.12-2.4.5.jar:/home/alex/.m2/repository/com/twitter/chill_2.12/0.9.3/chill_2.12-0.9.3.jar:/home/alex/.m2/repository/com/twitter/chill-java/0.9.3/chill-java-0.9.3.jar:/home/alex/.m2/repository/org/apache/xbean/xbean-asm6-shaded/4.8/xbean-asm6-shaded-4.8.jar:/home/alex/.m2/repository/org/apache/hadoop/hadoop-client/3.1.0/hadoop-client-3.1.0.jar:/home/alex/.m2/repository/org/apache/hadoop/hadoop-mapreduce-client-jobclient/3.1.0/hadoop-mapreduce-client-jobclient-3.1.0.jar:/home/alex/.m2/repository/org/apache/spark/spark-launcher_2.12/2.4.5/spark-launcher_2.12-2.4.5.jar:/home/alex/.m2/repository/org/apache/spark/spark-kvstore_2.12/2.4.5/spark-kvstore_2.12-2.4.5.jar:/home/alex/.m2/repository/org/apache/spark/spark-network-common_2.12/2.4.5/spark-network-common_2.12-2.4.5.jar:/home/alex/.m2/repository/org/apache/spark/spark-network-shuffle_2.12/2.4.5/spark-network-shuffle_2.12-2.4.5.jar:/home/alex/.m2/repository/org/apache/spark/spark-unsafe_2.12/2.4.5/spark-unsafe_2.12-2.4.5.jar:/home/alex/.m2/repository/javax/activation/activation/1.1.1/activation-1.1.1.jar:/home/alex/.m2/repository/org/slf4j/jul-to-slf4j/1.7.16/jul-to-slf4j-1.7.16.jar:/home/alex/.m2/repository/org/slf4j/jcl-over-slf4j/1.7.16/jcl-over-slf4j-1.7.16.jar:/home/alex/.m2/repository/com/ning/compress-lzf/1.0.3/compress-lzf-1.0.3.jar:/home/alex/.m2/repository/org/lz4/lz4-java/1.4.0/lz4-java-1.4.0.jar:/home/alex/.m2/repository/com/github/luben/zstd-jni/1.3.2-2/zstd-jni-1.3.2-2.jar:/home/alex/.m2/repository/org/scala-lang/scala-library/2.12.10/scala-library-2.12.10.jar:/home/alex/.m2/repository/org/json4s/json4s-jackson_2.12/3.5.3/json4s-jackson_2.12-3.5.3.jar:/home/alex/.m2/repository/org/json4s/json4s-core_2.12/3.5.3/json4s-core_2.12-3.5.3.jar:/home/alex/.m2/repository/org/json4s/json4s-ast_2.12/3.5.3/json4s-ast_2.12-3.5.3.jar:/home/alex/.m2/repository/org/json4s/json4s-scalap_2.12/3.5.3/json4s-scalap_2.12-3.5.3.jar:/home/alex/.m2/repository/org/scala-lang/modules/scala-xml_2.12/1.0.6/scala-xml_2.12-1.0.6.jar:/home/alex/.m2/repository/com/clearspring/analytics/stream/2.7.0/stream-2.7.0.jar:/home/alex/.m2/repository/io/dropwizard/metrics/metrics-graphite/3.1.5/metrics-graphite-3.1.5.jar:/home/alex/.m2/repository/oro/oro/2.0.8/oro-2.0.8.jar:/home/alex/.m2/repository/net/razorvine/pyrolite/4.13/pyrolite-4.13.jar:/home/alex/.m2/repository/net/sf/py4j/py4j/0.10.7/py4j-0.10.7.jar:/home/alex/.m2/repository/org/apache/spark/spark-tags_2.12/2.4.5/spark-tags_2.12-2.4.5.jar:/home/alex/.m2/repository/org/spark-project/spark/unused/1.0.0/unused-1.0.0.jar:/home/alex/.m2/repository/com/sun/jersey/jersey-servlet/1.19/jersey-servlet-1.19.jar:/home/alex/.m2/repository/org/glassfish/jersey/core/jersey-server/2.22.2/jersey-server-2.22.2.jar:/home/alex/.m2/repository/org/glassfish/jersey/core/jersey-common/2.22.2/jersey-common-2.22.2.jar:/home/alex/.m2/repository/org/glassfish/jersey/bundles/repackaged/jersey-guava/2.22.2/jersey-guava-2.22.2.jar:/home/alex/.m2/repository/org/glassfish/hk2/osgi-resource-locator/1.0.1/osgi-resource-locator-1.0.1.jar:/home/alex/.m2/repository/org/glassfish/jersey/core/jersey-client/2.22.2/jersey-client-2.22.2.jar:/home/alex/.m2/repository/javax/ws/rs/javax.ws.rs-api/2.0.1/javax.ws.rs-api-2.0.1.jar:/home/alex/.m2/repository/org/glassfish/jersey/media/jersey-media-jaxb/2.22.2/jersey-media-jaxb-2.22.2.jar:/home/alex/.m2/repository/org/glassfish/hk2/hk2-api/2.4.0-b34/hk2-api-2.4.0-b34.jar:/home/alex/.m2/repository/org/glassfish/hk2/hk2-utils/2.4.0-b34/hk2-utils-2.4.0-b34.jar:/home/alex/.m2/repository/org/glassfish/hk2/external/aopalliance-repackaged/2.4.0-b34/aopalliance-repackaged-2.4.0-b34.jar:/home/alex/.m2/repository/org/glassfish/hk2/external/javax.inject/2.4.0-b34/javax.inject-2.4.0-b34.jar:/home/alex/.m2/repository/org/glassfish/hk2/hk2-locator/2.4.0-b34/hk2-locator-2.4.0-b34.jar:/home/alex/.m2/repository/javax/validation/validation-api/1.1.0.Final/validation-api-1.1.0.Final.jar:/home/alex/.m2/repository/org/glassfish/jersey/containers/jersey-container-servlet-core/2.22.2/jersey-container-servlet-core-2.22.2.jar:/home/alex/.m2/repository/org/hamcrest/hamcrest-all/1.3/hamcrest-all-1.3.jar:/home/alex/.m2/repository/org/powermock/powermock-module-junit4/2.0.2/powermock-module-junit4-2.0.2.jar:/home/alex/.m2/repository/org/powermock/powermock-module-junit4-common/2.0.2/powermock-module-junit4-common-2.0.2.jar:/home/alex/.m2/repository/org/powermock/powermock-reflect/2.0.2/powermock-reflect-2.0.2.jar:/home/alex/.m2/repository/org/powermock/powermock-core/2.0.2/powermock-core-2.0.2.jar:/home/alex/.m2/repository/org/powermock/powermock-api-mockito2/2.0.2/powermock-api-mockito2-2.0.2.jar:/home/alex/.m2/repository/org/powermock/powermock-api-support/2.0.2/powermock-api-support-2.0.2.jar:/home/alex/.m2/repository/com/google/guava/guava-testlib/19.0/guava-testlib-19.0.jar:/home/alex/.m2/repository/com/google/errorprone/error_prone_annotations/2.0.2/error_prone_annotations-2.0.2.jar:/home/alex/.m2/repository/com/google/re2j/re2j/1.2/re2j-1.2.jar:/home/alex/.m2/repository/org/reflections/reflections/0.9.10/reflections-0.9.10.jar:/home/alex/.m2/repository/org/javassist/javassist/3.19.0-GA/javassist-3.19.0-GA.jar:/home/alex/.m2/repository/com/jayway/jsonpath/json-path/2.4.0/json-path-2.4.0.jar:/home/alex/.m2/repository/net/minidev/json-smart/2.3/json-smart-2.3.jar:/home/alex/.m2/repository/net/minidev/accessors-smart/1.2/accessors-smart-1.2.jar:/home/alex/.m2/repository/org/ow2/asm/asm/5.0.4/asm-5.0.4.jar:/home/alex/.m2/repository/org/codehaus/janino/commons-compiler/3.0.11/commons-compiler-3.0.11.jar:/home/alex/.m2/repository/org/codehaus/janino/janino/3.0.11/janino-3.0.11.jar:/home/alex/.m2/repository/com/sun/jersey/contribs/jersey-multipart/1.19/jersey-multipart-1.19.jar:/home/alex/.m2/repository/org/jvnet/mimepull/mimepull/1.9.3/mimepull-1.9.3.jar:/home/alex/.m2/repository/org/apache/kafka/kafka-clients/2.5.0/kafka-clients-2.5.0.jar:/home/alex/.m2/repository/org/slf4j/slf4j-api/1.7.30/slf4j-api-1.7.30.jar:/home/alex/.m2/repository/org/mockito/mockito-core/3.4.4/mockito-core-3.4.4.jar:/home/alex/.m2/repository/net/bytebuddy/byte-buddy/1.10.13/byte-buddy-1.10.13.jar:/home/alex/.m2/repository/net/bytebuddy/byte-buddy-agent/1.10.13/byte-buddy-agent-1.10.13.jar:/home/alex/Repositories/hive/ql/target/testconf:/home/alex/Repositories/hive/ql/../conf:"/>
    <property name="sun.cpu.endian" value="little"/>
    <property name="user.home" value="/home/alex"/>
    <property name="user.language" value="en"/>
    <property name="java.security.krb5.conf" value="/home/alex/Repositories/hive/ql/target/testconf/krb5.conf"/>
    <property name="test.dfs.mkdir" value=""/>
    <property name="java.awt.graphicsenv" value="sun.awt.X11GraphicsEnvironment"/>
    <property name="nondexFilter" value=".*"/>
    <property name="nondexSeed" value="1016066"/>
    <property name="surefire.real.class.path" value="/home/alex/Repositories/hive/ql/target/surefire/surefirebooter2609063559136589804.jar"/>
    <property name="hadoop.log.dir" value="/home/alex/Repositories/hive/ql/target/tmp"/>
    <property name="java.net.preferIPv4Stack" value="true"/>
    <property name="path.separator" value=":"/>
    <property name="os.version" value="6.5.0-28-generic"/>
    <property name="java.endorsed.dirs" value="/usr/lib/jvm/java-8-openjdk-amd64/jre/lib/endorsed"/>
    <property name="java.runtime.name" value="OpenJDK Runtime Environment"/>
    <property name="hive.test.console.log.level" value="INFO"/>
    <property name="java.vm.name" value="OpenJDK 64-Bit Server VM"/>
    <property name="java.vendor.url.bug" value="http://bugreport.sun.com/bugreport/"/>
    <property name="maven.local.repository" value="/home/alex/.m2/repository"/>
    <property name="user.dir" value="/home/alex/Repositories/hive/ql"/>
    <property name="os.arch" value="amd64"/>
    <property name="nondexMode" value="FULL"/>
    <property name="user.language.format" value="pt"/>
    <property name="antlr.version" value="3.5.2"/>
    <property name="derby.version" value="10.14.1.0"/>
    <property name="java.vm.info" value="mixed mode"/>
    <property name="java.vm.version" value="25.402-b06"/>
    <property name="java.ext.dirs" value="/usr/lib/jvm/java-8-openjdk-amd64/jre/lib/ext:/usr/java/packages/lib/ext"/>
    <property name="test.output.overwrite" value=""/>
    <property name="java.class.version" value="52.0"/>
    <property name="hive.root" value="/home/alex/Repositories/hive/ql/../"/>
  </properties>
  <testcase name="testLong0" classname="org.apache.hadoop.hive.ql.exec.vector.mapjoin.TestMapJoinOperator" time="0">
    <skipped/>
  </testcase>
  <testcase name="testLong1" classname="org.apache.hadoop.hive.ql.exec.vector.mapjoin.TestMapJoinOperator" time="0">
    <skipped/>
  </testcase>
  <testcase name="testLong2" classname="org.apache.hadoop.hive.ql.exec.vector.mapjoin.TestMapJoinOperator" time="3.399">
    <error type="java.lang.IndexOutOfBoundsException"><![CDATA[java.lang.IndexOutOfBoundsException: Index: 1, Size: 1
	at java.util.ArrayList.rangeCheck(ArrayList.java:659)
	at java.util.ArrayList.get(ArrayList.java:435)
	at org.apache.hadoop.hive.ql.exec.vector.mapjoin.MapJoinTestConfig.loadTableContainerData(MapJoinTestConfig.java:762)
	at org.apache.hadoop.hive.ql.exec.vector.mapjoin.MapJoinTestConfig.createMapJoin(MapJoinTestConfig.java:846)
	at org.apache.hadoop.hive.ql.exec.vector.mapjoin.MapJoinTestConfig.createMapJoinImplementation(MapJoinTestConfig.java:988)
	at org.apache.hadoop.hive.ql.exec.vector.mapjoin.MapJoinTestConfig.createMapJoinImplementation(MapJoinTestConfig.java:971)
	at org.apache.hadoop.hive.ql.exec.vector.mapjoin.TestMapJoinOperator.executeTestImplementation(TestMapJoinOperator.java:1968)
	at org.apache.hadoop.hive.ql.exec.vector.mapjoin.TestMapJoinOperator.executeRowModeHashMap(TestMapJoinOperator.java:1894)
	at org.apache.hadoop.hive.ql.exec.vector.mapjoin.TestMapJoinOperator.doExecuteTest(TestMapJoinOperator.java:1853)
	at org.apache.hadoop.hive.ql.exec.vector.mapjoin.TestMapJoinOperator.executeTestInner(TestMapJoinOperator.java:1807)
	at org.apache.hadoop.hive.ql.exec.vector.mapjoin.TestMapJoinOperator.executeTest(TestMapJoinOperator.java:1783)
	at org.apache.hadoop.hive.ql.exec.vector.mapjoin.TestMapJoinOperator.doTestLong2(TestMapJoinOperator.java:484)
	at org.apache.hadoop.hive.ql.exec.vector.mapjoin.TestMapJoinOperator.testLong2(TestMapJoinOperator.java:422)
	at sun.reflect.NativeMethodAccessorImpl.invoke0(Native Method)
	at sun.reflect.NativeMethodAccessorImpl.invoke(NativeMethodAccessorImpl.java:62)
	at sun.reflect.DelegatingMethodAccessorImpl.invoke(DelegatingMethodAccessorImpl.java:43)
	at java.lang.reflect.Method.invoke(Method.java:498)
	at org.junit.runners.model.FrameworkMethod$1.runReflectiveCall(FrameworkMethod.java:59)
	at org.junit.internal.runners.model.ReflectiveCallable.run(ReflectiveCallable.java:12)
	at org.junit.runners.model.FrameworkMethod.invokeExplosively(FrameworkMethod.java:56)
	at org.junit.internal.runners.statements.InvokeMethod.evaluate(InvokeMethod.java:17)
	at org.junit.runners.ParentRunner$3.evaluate(ParentRunner.java:306)
	at org.junit.runners.BlockJUnit4ClassRunner$1.evaluate(BlockJUnit4ClassRunner.java:100)
	at org.junit.runners.ParentRunner.runLeaf(ParentRunner.java:366)
	at org.junit.runners.BlockJUnit4ClassRunner.runChild(BlockJUnit4ClassRunner.java:103)
	at org.junit.runners.BlockJUnit4ClassRunner.runChild(BlockJUnit4ClassRunner.java:63)
	at org.junit.runners.ParentRunner$4.run(ParentRunner.java:331)
	at org.junit.runners.ParentRunner$1.schedule(ParentRunner.java:79)
	at org.junit.runners.ParentRunner.runChildren(ParentRunner.java:329)
	at org.junit.runners.ParentRunner.access$100(ParentRunner.java:66)
	at org.junit.runners.ParentRunner$2.evaluate(ParentRunner.java:293)
	at org.junit.runners.ParentRunner$3.evaluate(ParentRunner.java:306)
	at org.junit.runners.ParentRunner.run(ParentRunner.java:413)
	at org.junit.runner.JUnitCore.run(JUnitCore.java:137)
	at org.junit.runner.JUnitCore.run(JUnitCore.java:115)
	at org.junit.vintage.engine.execution.RunnerExecutor.execute(RunnerExecutor.java:43)
	at java.util.stream.ForEachOps$ForEachOp$OfRef.accept(ForEachOps.java:183)
	at java.util.stream.ReferencePipeline$3$1.accept(ReferencePipeline.java:193)
	at java.util.Iterator.forEachRemaining(Iterator.java:116)
	at java.util.Spliterators$IteratorSpliterator.forEachRemaining(Spliterators.java:1801)
	at java.util.stream.AbstractPipeline.copyInto(AbstractPipeline.java:482)
	at java.util.stream.AbstractPipeline.wrapAndCopyInto(AbstractPipeline.java:472)
	at java.util.stream.ForEachOps$ForEachOp.evaluateSequential(ForEachOps.java:150)
	at java.util.stream.ForEachOps$ForEachOp$OfRef.evaluateSequential(ForEachOps.java:173)
	at java.util.stream.AbstractPipeline.evaluate(AbstractPipeline.java:234)
	at java.util.stream.ReferencePipeline.forEach(ReferencePipeline.java:485)
	at org.junit.vintage.engine.VintageTestEngine.executeAllChildren(VintageTestEngine.java:82)
	at org.junit.vintage.engine.VintageTestEngine.execute(VintageTestEngine.java:73)
	at org.junit.platform.launcher.core.DefaultLauncher.execute(DefaultLauncher.java:248)
	at org.junit.platform.launcher.core.DefaultLauncher.lambda$execute$5(DefaultLauncher.java:211)
	at org.junit.platform.launcher.core.DefaultLauncher.withInterceptedStreams(DefaultLauncher.java:226)
	at org.junit.platform.launcher.core.DefaultLauncher.execute(DefaultLauncher.java:199)
	at org.junit.platform.launcher.core.DefaultLauncher.execute(DefaultLauncher.java:132)
	at org.apache.maven.surefire.junitplatform.JUnitPlatformProvider.invokeAllTests(JUnitPlatformProvider.java:154)
	at org.apache.maven.surefire.junitplatform.JUnitPlatformProvider.invoke(JUnitPlatformProvider.java:123)
	at org.apache.maven.surefire.booter.ForkedBooter.runSuitesInProcess(ForkedBooter.java:377)
	at org.apache.maven.surefire.booter.ForkedBooter.execute(ForkedBooter.java:138)
	at org.apache.maven.surefire.booter.ForkedBooter.run(ForkedBooter.java:465)
	at org.apache.maven.surefire.booter.ForkedBooter.main(ForkedBooter.java:451)
]]></error>
    <system-out><![CDATA[*BENCHMARK* expectedTestRowMultiSet  totalKeyCount 0 totalValueCount 0
*BENCHMARK* Starting implementation ROW_MODE_HASH_MAP variation INNER title testLong2
]]></system-out>
    <system-err><![CDATA[SLF4J: Class path contains multiple SLF4J bindings.
SLF4J: Found binding in [jar:file:/home/alex/.m2/repository/org/apache/logging/log4j/log4j-slf4j-impl/2.13.2/log4j-slf4j-impl-2.13.2.jar!/org/slf4j/impl/StaticLoggerBinder.class]
SLF4J: Found binding in [jar:file:/home/alex/.m2/repository/org/slf4j/slf4j-simple/1.7.27/slf4j-simple-1.7.27.jar!/org/slf4j/impl/StaticLoggerBinder.class]
SLF4J: See http://www.slf4j.org/codes.html#multiple_bindings for an explanation.
SLF4J: Actual binding is of type [org.apache.logging.slf4j.Log4jLoggerFactory]
DEBUG StatusLogger Using ShutdownCallbackRegistry class org.apache.logging.log4j.core.util.DefaultShutdownCallbackRegistry
DEBUG StatusLogger Took 0,069619 seconds to load 250 plugins from sun.misc.Launcher$AppClassLoader@330bedb4
DEBUG StatusLogger PluginManager 'Converter' found 46 plugins
DEBUG StatusLogger Starting OutputStreamManager SYSTEM_OUT.false.false-1
DEBUG StatusLogger Starting LoggerContext[name=330bedb4, org.apache.logging.log4j.core.LoggerContext@61c4eee0]...
DEBUG StatusLogger Reconfiguration started for context[name=330bedb4] at URI null (org.apache.logging.log4j.core.LoggerContext@61c4eee0) with optional ClassLoader: null
DEBUG StatusLogger PluginManager 'ConfigurationFactory' found 6 plugins
DEBUG StatusLogger Using configurationFactory org.apache.logging.log4j.core.config.ConfigurationFactory$Factory@480d3575
DEBUG StatusLogger Apache Log4j Core 2.13.2 initializing configuration org.apache.logging.log4j.core.config.properties.PropertiesConfiguration@5276d6ee
DEBUG StatusLogger Installed 2 script engines
DEBUG StatusLogger Oracle Nashorn version: 1.8.0_402, language: ECMAScript, threading: Not Thread Safe, compile: true, names: [nashorn, Nashorn, js, JS, JavaScript, javascript, ECMAScript, ecmascript], factory class: jdk.nashorn.api.scripting.NashornScriptEngineFactory
DEBUG StatusLogger Groovy Scripting Engine version: 2.0, language: Groovy, threading: MULTITHREADED, compile: true, names: [groovy, Groovy], factory class: org.codehaus.groovy.jsr223.GroovyScriptEngineFactory
INFO StatusLogger Scanning for classes in '/home/alex/Repositories/hive/ql/target/test-classes/org/apache/hadoop/hive/ql/log' matching criteria annotated with @Plugin
DEBUG StatusLogger Checking to see if class org.apache.hadoop.hive.ql.log.TestSyslogInputFormat matches criteria annotated with @Plugin
DEBUG StatusLogger Checking to see if class org.apache.hadoop.hive.ql.log.TestSlidingFilenameRolloverStrategy matches criteria annotated with @Plugin
DEBUG StatusLogger Checking to see if class org.apache.hadoop.hive.ql.log.TestLog4j2Appenders matches criteria annotated with @Plugin
INFO StatusLogger Scanning for classes in '/home/alex/Repositories/hive/ql/target/classes/org/apache/hadoop/hive/ql/log' matching criteria annotated with @Plugin
DEBUG StatusLogger Checking to see if class org.apache.hadoop.hive.ql.log.LogDivertAppenderForTest matches criteria annotated with @Plugin
DEBUG StatusLogger Checking to see if class org.apache.hadoop.hive.ql.log.HiveEventCounter$1 matches criteria annotated with @Plugin
DEBUG StatusLogger Checking to see if class org.apache.hadoop.hive.ql.log.syslog.SyslogInputFormat matches criteria annotated with @Plugin
DEBUG StatusLogger Checking to see if class org.apache.hadoop.hive.ql.log.syslog.SyslogStorageHandler matches criteria annotated with @Plugin
DEBUG StatusLogger Checking to see if class org.apache.hadoop.hive.ql.log.syslog.SyslogParser matches criteria annotated with @Plugin
DEBUG StatusLogger Checking to see if class org.apache.hadoop.hive.ql.log.syslog.SyslogInputFormat$Location matches criteria annotated with @Plugin
DEBUG StatusLogger Checking to see if class org.apache.hadoop.hive.ql.log.syslog.SyslogSerDe matches criteria annotated with @Plugin
DEBUG StatusLogger Checking to see if class org.apache.hadoop.hive.ql.log.LogDivertAppender$NameFilter matches criteria annotated with @Plugin
DEBUG StatusLogger Checking to see if class org.apache.hadoop.hive.ql.log.SlidingFilenameRolloverStrategy matches criteria annotated with @Plugin
DEBUG StatusLogger Checking to see if class org.apache.hadoop.hive.ql.log.HiveEventCounter matches criteria annotated with @Plugin
DEBUG StatusLogger Checking to see if class org.apache.hadoop.hive.ql.log.SlidingFilenameRolloverStrategy$1 matches criteria annotated with @Plugin
DEBUG StatusLogger Checking to see if class org.apache.hadoop.hive.ql.log.HushableRandomAccessFileAppender$1 matches criteria annotated with @Plugin
DEBUG StatusLogger Checking to see if class org.apache.hadoop.hive.ql.log.HushableRandomAccessFileAppender matches criteria annotated with @Plugin
DEBUG StatusLogger Checking to see if class org.apache.hadoop.hive.ql.log.LogDivertAppender matches criteria annotated with @Plugin
DEBUG StatusLogger Checking to see if class org.apache.hadoop.hive.ql.log.NullAppender matches criteria annotated with @Plugin
DEBUG StatusLogger Checking to see if class org.apache.hadoop.hive.ql.log.LogDivertAppenderForTest$TestFilter matches criteria annotated with @Plugin
DEBUG StatusLogger Checking to see if class org.apache.hadoop.hive.ql.log.PidFilePatternConverter matches criteria annotated with @Plugin
DEBUG StatusLogger Checking to see if class org.apache.hadoop.hive.ql.log.HiveEventCounter$EventCounts matches criteria annotated with @Plugin
INFO StatusLogger Scanning for classes in '/home/alex/Repositories/hive/common/target/classes/org/apache/hadoop/hive/ql/log' matching criteria annotated with @Plugin
DEBUG StatusLogger Checking to see if class org.apache.hadoop.hive.ql.log.PerfLogger matches criteria annotated with @Plugin
DEBUG StatusLogger Took 0,023955 seconds to load 7 plugins from package org.apache.hadoop.hive.ql.log
DEBUG StatusLogger PluginManager 'Core' found 132 plugins
DEBUG StatusLogger PluginManager 'Level' found 0 plugins
DEBUG StatusLogger Building Plugin[name=property, class=org.apache.logging.log4j.core.config.Property].
TRACE StatusLogger TypeConverterRegistry initializing.
DEBUG StatusLogger PluginManager 'TypeConverter' found 26 plugins
DEBUG StatusLogger createProperty(name="hive.log.file", value="hive.log")
DEBUG StatusLogger Building Plugin[name=property, class=org.apache.logging.log4j.core.config.Property].
DEBUG StatusLogger createProperty(name="hive.log.dir", value="/home/alex/Repositories/hive/ql/target/tmp/log")
DEBUG StatusLogger Building Plugin[name=property, class=org.apache.logging.log4j.core.config.Property].
DEBUG StatusLogger createProperty(name="hive.root.logger", value="DRFA")
DEBUG StatusLogger Building Plugin[name=property, class=org.apache.logging.log4j.core.config.Property].
DEBUG StatusLogger createProperty(name="hive.log.level", value="DEBUG")
DEBUG StatusLogger Building Plugin[name=property, class=org.apache.logging.log4j.core.config.Property].
DEBUG StatusLogger createProperty(name="hive.test.console.log.level", value="INFO")
DEBUG StatusLogger Building Plugin[name=properties, class=org.apache.logging.log4j.core.config.PropertiesPlugin].
DEBUG StatusLogger configureSubstitutor(={hive.log.file=hive.log, hive.log.dir=/home/alex/Repositories/hive/ql/target/tmp/log, hive.root.logger=DRFA, hive.log.level=DEBUG, hive.test.console.log.level=INFO}, Configuration(HiveLog4j2Test))
DEBUG StatusLogger PluginManager 'Lookup' found 17 plugins
DEBUG StatusLogger Building Plugin[name=logger, class=org.apache.logging.log4j.core.config.LoggerConfig].
DEBUG StatusLogger createLogger(additivity="true", level="WARN", name="org.apache.hadoop.ipc", includeLocation="null", ={}, ={}, Configuration(HiveLog4j2Test), Filter=null)
DEBUG StatusLogger Building Plugin[name=logger, class=org.apache.logging.log4j.core.config.LoggerConfig].
DEBUG StatusLogger createLogger(additivity="true", level="INFO", name="org.apache.hadoop.security", includeLocation="null", ={}, ={}, Configuration(HiveLog4j2Test), Filter=null)
DEBUG StatusLogger Building Plugin[name=logger, class=org.apache.logging.log4j.core.config.LoggerConfig].
DEBUG StatusLogger createLogger(additivity="true", level="INFO", name="org.apache.hadoop.hdfs", includeLocation="null", ={}, ={}, Configuration(HiveLog4j2Test), Filter=null)
DEBUG StatusLogger Building Plugin[name=logger, class=org.apache.logging.log4j.core.config.LoggerConfig].
DEBUG StatusLogger createLogger(additivity="true", level="WARN", name="org.apache.hadoop.hdfs.server", includeLocation="null", ={}, ={}, Configuration(HiveLog4j2Test), Filter=null)
DEBUG StatusLogger Building Plugin[name=logger, class=org.apache.logging.log4j.core.config.LoggerConfig].
DEBUG StatusLogger createLogger(additivity="true", level="INFO", name="org.apache.hadoop.metrics2", includeLocation="null", ={}, ={}, Configuration(HiveLog4j2Test), Filter=null)
DEBUG StatusLogger Building Plugin[name=logger, class=org.apache.logging.log4j.core.config.LoggerConfig].
DEBUG StatusLogger createLogger(additivity="true", level="INFO", name="org.mortbay", includeLocation="null", ={}, ={}, Configuration(HiveLog4j2Test), Filter=null)
DEBUG StatusLogger Building Plugin[name=logger, class=org.apache.logging.log4j.core.config.LoggerConfig].
DEBUG StatusLogger createLogger(additivity="true", level="INFO", name="org.apache.hadoop.yarn", includeLocation="null", ={}, ={}, Configuration(HiveLog4j2Test), Filter=null)
DEBUG StatusLogger Building Plugin[name=logger, class=org.apache.logging.log4j.core.config.LoggerConfig].
DEBUG StatusLogger createLogger(additivity="true", level="WARN", name="org.apache.hadoop.yarn.server", includeLocation="null", ={}, ={}, Configuration(HiveLog4j2Test), Filter=null)
DEBUG StatusLogger Building Plugin[name=logger, class=org.apache.logging.log4j.core.config.LoggerConfig].
DEBUG StatusLogger createLogger(additivity="true", level="INFO", name="org.apache.tez", includeLocation="null", ={}, ={}, Configuration(HiveLog4j2Test), Filter=null)
DEBUG StatusLogger Building Plugin[name=logger, class=org.apache.logging.log4j.core.config.LoggerConfig].
DEBUG StatusLogger createLogger(additivity="true", level="ERROR", name="org.apache.hadoop.conf.Configuration", includeLocation="null", ={}, ={}, Configuration(HiveLog4j2Test), Filter=null)
DEBUG StatusLogger Building Plugin[name=logger, class=org.apache.logging.log4j.core.config.LoggerConfig].
DEBUG StatusLogger createLogger(additivity="true", level="INFO", name="org.apache.zookeeper", includeLocation="null", ={}, ={}, Configuration(HiveLog4j2Test), Filter=null)
DEBUG StatusLogger Building Plugin[name=logger, class=org.apache.logging.log4j.core.config.LoggerConfig].
DEBUG StatusLogger createLogger(additivity="true", level="WARN", name="org.apache.zookeeper.server.ServerCnxn", includeLocation="null", ={}, ={}, Configuration(HiveLog4j2Test), Filter=null)
DEBUG StatusLogger Building Plugin[name=logger, class=org.apache.logging.log4j.core.config.LoggerConfig].
DEBUG StatusLogger createLogger(additivity="true", level="WARN", name="org.apache.zookeeper.server.NIOServerCnxn", includeLocation="null", ={}, ={}, Configuration(HiveLog4j2Test), Filter=null)
DEBUG StatusLogger Building Plugin[name=logger, class=org.apache.logging.log4j.core.config.LoggerConfig].
DEBUG StatusLogger createLogger(additivity="true", level="WARN", name="org.apache.zookeeper.ClientCnxn", includeLocation="null", ={}, ={}, Configuration(HiveLog4j2Test), Filter=null)
DEBUG StatusLogger Building Plugin[name=logger, class=org.apache.logging.log4j.core.config.LoggerConfig].
DEBUG StatusLogger createLogger(additivity="true", level="WARN", name="org.apache.zookeeper.ClientCnxnSocket", includeLocation="null", ={}, ={}, Configuration(HiveLog4j2Test), Filter=null)
DEBUG StatusLogger Building Plugin[name=logger, class=org.apache.logging.log4j.core.config.LoggerConfig].
DEBUG StatusLogger createLogger(additivity="true", level="WARN", name="org.apache.zookeeper.ClientCnxnSocketNIO", includeLocation="null", ={}, ={}, Configuration(HiveLog4j2Test), Filter=null)
DEBUG StatusLogger Building Plugin[name=logger, class=org.apache.logging.log4j.core.config.LoggerConfig].
DEBUG StatusLogger createLogger(additivity="true", level="ERROR", name="DataNucleus", includeLocation="null", ={}, ={}, Configuration(HiveLog4j2Test), Filter=null)
DEBUG StatusLogger Building Plugin[name=logger, class=org.apache.logging.log4j.core.config.LoggerConfig].
DEBUG StatusLogger createLogger(additivity="true", level="ERROR", name="Datastore", includeLocation="null", ={}, ={}, Configuration(HiveLog4j2Test), Filter=null)
DEBUG StatusLogger Building Plugin[name=logger, class=org.apache.logging.log4j.core.config.LoggerConfig].
DEBUG StatusLogger createLogger(additivity="true", level="ERROR", name="JPOX", includeLocation="null", ={}, ={}, Configuration(HiveLog4j2Test), Filter=null)
DEBUG StatusLogger Building Plugin[name=logger, class=org.apache.logging.log4j.core.config.LoggerConfig].
DEBUG StatusLogger createLogger(additivity="true", level="INFO", name="org.apache.hadoop.hive.ql.exec.Operator", includeLocation="null", ={}, ={}, Configuration(HiveLog4j2Test), Filter=null)
DEBUG StatusLogger Building Plugin[name=logger, class=org.apache.logging.log4j.core.config.LoggerConfig].
DEBUG StatusLogger createLogger(additivity="true", level="INFO", name="org.apache.hadoop.hive.serde2.lazy", includeLocation="null", ={}, ={}, Configuration(HiveLog4j2Test), Filter=null)
DEBUG StatusLogger Building Plugin[name=logger, class=org.apache.logging.log4j.core.config.LoggerConfig].
DEBUG StatusLogger createLogger(additivity="true", level="INFO", name="org.apache.hadoop.hive.metastore.ObjectStore", includeLocation="null", ={}, ={}, Configuration(HiveLog4j2Test), Filter=null)
DEBUG StatusLogger Building Plugin[name=logger, class=org.apache.logging.log4j.core.config.LoggerConfig].
DEBUG StatusLogger createLogger(additivity="true", level="INFO", name="org.apache.calcite.plan.RelOptPlanner", includeLocation="null", ={}, ={}, Configuration(HiveLog4j2Test), Filter=null)
DEBUG StatusLogger Building Plugin[name=logger, class=org.apache.logging.log4j.core.config.LoggerConfig].
DEBUG StatusLogger createLogger(additivity="true", level="INFO", name="com.amazonaws", includeLocation="null", ={}, ={}, Configuration(HiveLog4j2Test), Filter=null)
DEBUG StatusLogger Building Plugin[name=logger, class=org.apache.logging.log4j.core.config.LoggerConfig].
DEBUG StatusLogger createLogger(additivity="true", level="INFO", name="org.apache.http", includeLocation="null", ={}, ={}, Configuration(HiveLog4j2Test), Filter=null)
DEBUG StatusLogger Building Plugin[name=logger, class=org.apache.logging.log4j.core.config.LoggerConfig].
DEBUG StatusLogger createLogger(additivity="true", level="WARN", name="org.apache.thrift", includeLocation="null", ={}, ={}, Configuration(HiveLog4j2Test), Filter=null)
DEBUG StatusLogger Building Plugin[name=logger, class=org.apache.logging.log4j.core.config.LoggerConfig].
DEBUG StatusLogger createLogger(additivity="true", level="WARN", name="org.eclipse.jetty", includeLocation="null", ={}, ={}, Configuration(HiveLog4j2Test), Filter=null)
DEBUG StatusLogger Building Plugin[name=logger, class=org.apache.logging.log4j.core.config.LoggerConfig].
DEBUG StatusLogger createLogger(additivity="true", level="WARN", name="BlockStateChange", includeLocation="null", ={}, ={}, Configuration(HiveLog4j2Test), Filter=null)
DEBUG StatusLogger Building Plugin[name=logger, class=org.apache.logging.log4j.core.config.LoggerConfig].
DEBUG StatusLogger createLogger(additivity="true", level="DEBUG", name="org.apache.hadoop.hive.ql.optimizer.SharedWorkOptimizer", includeLocation="null", ={}, ={}, Configuration(HiveLog4j2Test), Filter=null)
DEBUG StatusLogger Building Plugin[name=AppenderRef, class=org.apache.logging.log4j.core.config.AppenderRef].
DEBUG StatusLogger createAppenderRef(ref="DRFA", level="null", Filter=null)
DEBUG StatusLogger Building Plugin[name=AppenderRef, class=org.apache.logging.log4j.core.config.AppenderRef].
DEBUG StatusLogger createAppenderRef(ref="console", level="INFO", Filter=null)
DEBUG StatusLogger Building Plugin[name=root, class=org.apache.logging.log4j.core.config.LoggerConfig$RootLogger].
DEBUG StatusLogger createLogger(additivity="null", level="DEBUG", includeLocation="null", ={DRFA, console}, ={}, Configuration(HiveLog4j2Test), Filter=null)
DEBUG StatusLogger Building Plugin[name=loggers, class=org.apache.logging.log4j.core.config.LoggersPlugin].
DEBUG StatusLogger createLoggers(={org.apache.hadoop.ipc, org.apache.hadoop.security, org.apache.hadoop.hdfs, org.apache.hadoop.hdfs.server, org.apache.hadoop.metrics2, org.mortbay, org.apache.hadoop.yarn, org.apache.hadoop.yarn.server, org.apache.tez, org.apache.hadoop.conf.Configuration, org.apache.zookeeper, org.apache.zookeeper.server.ServerCnxn, org.apache.zookeeper.server.NIOServerCnxn, org.apache.zookeeper.ClientCnxn, org.apache.zookeeper.ClientCnxnSocket, org.apache.zookeeper.ClientCnxnSocketNIO, DataNucleus, Datastore, JPOX, org.apache.hadoop.hive.ql.exec.Operator, org.apache.hadoop.hive.serde2.lazy, org.apache.hadoop.hive.metastore.ObjectStore, org.apache.calcite.plan.RelOptPlanner, com.amazonaws, org.apache.http, org.apache.thrift, org.eclipse.jetty, BlockStateChange, org.apache.hadoop.hive.ql.optimizer.SharedWorkOptimizer, root})
DEBUG StatusLogger Building Plugin[name=layout, class=org.apache.logging.log4j.core.layout.PatternLayout].
DEBUG StatusLogger PatternLayout$Builder(charset="null", header="null", Configuration(HiveLog4j2Test), Replace=null, footer="null", noConsoleNoAnsi="null", PatternSelector=null, alwaysWriteExceptions="null", disableAnsi="null", pattern="%d{ISO8601} %5p [%t] %c{2}: %m%n")
DEBUG StatusLogger PluginManager 'Converter' found 46 plugins
DEBUG StatusLogger Building Plugin[name=appender, class=org.apache.logging.log4j.core.appender.ConsoleAppender].
DEBUG StatusLogger ConsoleAppender$Builder(target="SYSTEM_ERR", direct="null", follow="null", bufferedIo="null", immediateFlush="null", bufferSize="null", name="console", PatternLayout(%d{ISO8601} %5p [%t] %c{2}: %m%n), ignoreExceptions="null", Configuration(HiveLog4j2Test), ={}, Filter=null)
DEBUG StatusLogger Starting OutputStreamManager SYSTEM_ERR.false.false
DEBUG StatusLogger Building Plugin[name=layout, class=org.apache.logging.log4j.core.layout.PatternLayout].
DEBUG StatusLogger PatternLayout$Builder(Configuration(HiveLog4j2Test), PatternSelector=null, noConsoleNoAnsi="null", footer="null", charset="null", alwaysWriteExceptions="null", Replace=null, header="null", pattern="%d{ISO8601} %5p [%t] %c{2}: %m%n", disableAnsi="null")
DEBUG StatusLogger Building Plugin[name=TimeBasedTriggeringPolicy, class=org.apache.logging.log4j.core.appender.rolling.TimeBasedTriggeringPolicy].
DEBUG StatusLogger TimeBasedTriggeringPolicy$Builder(modulate="true", interval="1", maxRandomDelay="null")
DEBUG StatusLogger Building Plugin[name=Policies, class=org.apache.logging.log4j.core.appender.rolling.CompositeTriggeringPolicy].
DEBUG StatusLogger createPolicy(={TimeBasedTriggeringPolicy(nextRolloverMillis=0, interval=1, modulate=true)})
DEBUG StatusLogger Building Plugin[name=DefaultRolloverStrategy, class=org.apache.logging.log4j.core.appender.rolling.DefaultRolloverStrategy].
DEBUG StatusLogger DefaultRolloverStrategy$Builder(stopCustomActionsOnError="null", ={}, compressionLevel="null", fileIndex="null", max="30", Configuration(HiveLog4j2Test), min="null", tempCompressedFilePattern="null")
DEBUG StatusLogger Building Plugin[name=appender, class=org.apache.logging.log4j.core.appender.RollingRandomAccessFileAppender].
DEBUG StatusLogger RollingRandomAccessFileAppender$Builder(fileName="/home/alex/Repositories/hive/ql/target/tmp/log/hive.log", filePermissions="null", fileOwner="null", advertise="null", Policies(CompositeTriggeringPolicy(policies=[TimeBasedTriggeringPolicy(nextRolloverMillis=0, interval=1, modulate=true)])), DefaultRolloverStrategy(DefaultRolloverStrategy(min=1, max=30, useMax=true)), advertiseURI="null", append="null", fileGroup="null", filePattern="/home/alex/Repositories/hive/ql/target/tmp/log/hive.log.%d{yyyy-MM-dd}", bufferedIo="null", immediateFlush="null", bufferSize="null", name="DRFA", ignoreExceptions="null", Configuration(HiveLog4j2Test), PatternLayout(%d{ISO8601} %5p [%t] %c{2}: %m%n), ={}, Filter=null)
TRACE StatusLogger RandomAccessFile /home/alex/Repositories/hive/ql/target/tmp/log/hive.log seek to 1428257315
DEBUG StatusLogger Starting RollingRandomAccessFileManager /home/alex/Repositories/hive/ql/target/tmp/log/hive.log
DEBUG StatusLogger PluginManager 'FileConverter' found 3 plugins
DEBUG StatusLogger Setting prev file time to 2024-04-24T03:14:00.355-0700
DEBUG StatusLogger Initializing triggering policy CompositeTriggeringPolicy(policies=[TimeBasedTriggeringPolicy(nextRolloverMillis=0, interval=1, modulate=true)])
DEBUG StatusLogger Initializing triggering policy TimeBasedTriggeringPolicy(nextRolloverMillis=0, interval=1, modulate=true)
TRACE StatusLogger PatternProcessor.getNextTime returning 2024/04/25-00:00:00.000, nextFileTime=2024/04/24-00:00:00.000, prevFileTime=1969/12/31-16:00:00.000, current=2024/04/24-03:14:03.773, freq=DAILY
TRACE StatusLogger PatternProcessor.getNextTime returning 2024/04/25-00:00:00.000, nextFileTime=2024/04/24-00:00:00.000, prevFileTime=2024/04/24-00:00:00.000, current=2024/04/24-03:14:03.773, freq=DAILY
DEBUG StatusLogger Building Plugin[name=appenders, class=org.apache.logging.log4j.core.config.AppendersPlugin].
DEBUG StatusLogger createAppenders(={console, DRFA})
DEBUG StatusLogger Configuration org.apache.logging.log4j.core.config.properties.PropertiesConfiguration@5276d6ee initialized
DEBUG StatusLogger Starting configuration org.apache.logging.log4j.core.config.properties.PropertiesConfiguration@5276d6ee
DEBUG StatusLogger Started configuration org.apache.logging.log4j.core.config.properties.PropertiesConfiguration@5276d6ee OK.
TRACE StatusLogger Stopping org.apache.logging.log4j.core.config.DefaultConfiguration@17a7f733...
TRACE StatusLogger DefaultConfiguration notified 1 ReliabilityStrategies that config will be stopped.
TRACE StatusLogger DefaultConfiguration stopping root LoggerConfig.
TRACE StatusLogger DefaultConfiguration notifying ReliabilityStrategies that appenders will be stopped.
TRACE StatusLogger DefaultConfiguration stopping remaining Appenders.
DEBUG StatusLogger Shutting down OutputStreamManager SYSTEM_OUT.false.false-1
DEBUG StatusLogger OutputStream closed
DEBUG StatusLogger Shut down OutputStreamManager SYSTEM_OUT.false.false-1, all resources released: true
DEBUG StatusLogger Appender DefaultConsole-1 stopped with status true
TRACE StatusLogger DefaultConfiguration stopped 1 remaining Appenders.
TRACE StatusLogger DefaultConfiguration cleaning Appenders from 1 LoggerConfigs.
DEBUG StatusLogger Stopped org.apache.logging.log4j.core.config.DefaultConfiguration@17a7f733 OK
TRACE StatusLogger Reregistering MBeans after reconfigure. Selector=org.apache.logging.log4j.core.selector.ClassLoaderContextSelector@55562aa9
TRACE StatusLogger Reregistering context (1/1): '330bedb4' org.apache.logging.log4j.core.LoggerContext@61c4eee0
TRACE StatusLogger Unregistering but no MBeans found matching 'org.apache.logging.log4j2:type=330bedb4'
TRACE StatusLogger Unregistering but no MBeans found matching 'org.apache.logging.log4j2:type=330bedb4,component=StatusLogger'
TRACE StatusLogger Unregistering but no MBeans found matching 'org.apache.logging.log4j2:type=330bedb4,component=ContextSelector'
TRACE StatusLogger Unregistering but no MBeans found matching 'org.apache.logging.log4j2:type=330bedb4,component=Loggers,name=*'
TRACE StatusLogger Unregistering but no MBeans found matching 'org.apache.logging.log4j2:type=330bedb4,component=Appenders,name=*'
TRACE StatusLogger Unregistering but no MBeans found matching 'org.apache.logging.log4j2:type=330bedb4,component=AsyncAppenders,name=*'
TRACE StatusLogger Unregistering but no MBeans found matching 'org.apache.logging.log4j2:type=330bedb4,component=AsyncLoggerRingBuffer'
TRACE StatusLogger Unregistering but no MBeans found matching 'org.apache.logging.log4j2:type=330bedb4,component=Loggers,name=*,subtype=RingBuffer'
DEBUG StatusLogger Registering MBean org.apache.logging.log4j2:type=330bedb4
DEBUG StatusLogger Registering MBean org.apache.logging.log4j2:type=330bedb4,component=StatusLogger
DEBUG StatusLogger Registering MBean org.apache.logging.log4j2:type=330bedb4,component=ContextSelector
DEBUG StatusLogger Registering MBean org.apache.logging.log4j2:type=330bedb4,component=Loggers,name=org.apache.zookeeper.server.NIOServerCnxn
DEBUG StatusLogger Registering MBean org.apache.logging.log4j2:type=330bedb4,component=Loggers,name=org.apache.zookeeper.ClientCnxnSocket
DEBUG StatusLogger Registering MBean org.apache.logging.log4j2:type=330bedb4,component=Loggers,name=org.apache.hadoop.hive.ql.exec.Operator
DEBUG StatusLogger Registering MBean org.apache.logging.log4j2:type=330bedb4,component=Loggers,name=org.eclipse.jetty
DEBUG StatusLogger Registering MBean org.apache.logging.log4j2:type=330bedb4,component=Loggers,name=BlockStateChange
DEBUG StatusLogger Registering MBean org.apache.logging.log4j2:type=330bedb4,component=Loggers,name=Datastore
DEBUG StatusLogger Registering MBean org.apache.logging.log4j2:type=330bedb4,component=Loggers,name=org.apache.hadoop.hive.metastore.ObjectStore
DEBUG StatusLogger Registering MBean org.apache.logging.log4j2:type=330bedb4,component=Loggers,name=org.apache.hadoop.hive.ql.optimizer.SharedWorkOptimizer
DEBUG StatusLogger Registering MBean org.apache.logging.log4j2:type=330bedb4,component=Loggers,name=org.apache.tez
DEBUG StatusLogger Registering MBean org.apache.logging.log4j2:type=330bedb4,component=Loggers,name=org.apache.hadoop.ipc
DEBUG StatusLogger Registering MBean org.apache.logging.log4j2:type=330bedb4,component=Loggers,name=org.apache.hadoop.metrics2
DEBUG StatusLogger Registering MBean org.apache.logging.log4j2:type=330bedb4,component=Loggers,name=org.apache.zookeeper.ClientCnxn
DEBUG StatusLogger Registering MBean org.apache.logging.log4j2:type=330bedb4,component=Loggers,name=
DEBUG StatusLogger Registering MBean org.apache.logging.log4j2:type=330bedb4,component=Loggers,name=org.apache.hadoop.hdfs.server
DEBUG StatusLogger Registering MBean org.apache.logging.log4j2:type=330bedb4,component=Loggers,name=org.apache.hadoop.hive.serde2.lazy
DEBUG StatusLogger Registering MBean org.apache.logging.log4j2:type=330bedb4,component=Loggers,name=org.apache.hadoop.hdfs
DEBUG StatusLogger Registering MBean org.apache.logging.log4j2:type=330bedb4,component=Loggers,name=org.apache.hadoop.security
DEBUG StatusLogger Registering MBean org.apache.logging.log4j2:type=330bedb4,component=Loggers,name=JPOX
DEBUG StatusLogger Registering MBean org.apache.logging.log4j2:type=330bedb4,component=Loggers,name=org.apache.calcite.plan.RelOptPlanner
DEBUG StatusLogger Registering MBean org.apache.logging.log4j2:type=330bedb4,component=Loggers,name=org.mortbay
DEBUG StatusLogger Registering MBean org.apache.logging.log4j2:type=330bedb4,component=Loggers,name=org.apache.hadoop.conf.Configuration
DEBUG StatusLogger Registering MBean org.apache.logging.log4j2:type=330bedb4,component=Loggers,name=org.apache.zookeeper
DEBUG StatusLogger Registering MBean org.apache.logging.log4j2:type=330bedb4,component=Loggers,name=org.apache.zookeeper.server.ServerCnxn
DEBUG StatusLogger Registering MBean org.apache.logging.log4j2:type=330bedb4,component=Loggers,name=org.apache.http
DEBUG StatusLogger Registering MBean org.apache.logging.log4j2:type=330bedb4,component=Loggers,name=com.amazonaws
DEBUG StatusLogger Registering MBean org.apache.logging.log4j2:type=330bedb4,component=Loggers,name=org.apache.thrift
DEBUG StatusLogger Registering MBean org.apache.logging.log4j2:type=330bedb4,component=Loggers,name=DataNucleus
DEBUG StatusLogger Registering MBean org.apache.logging.log4j2:type=330bedb4,component=Loggers,name=org.apache.hadoop.yarn.server
DEBUG StatusLogger Registering MBean org.apache.logging.log4j2:type=330bedb4,component=Loggers,name=org.apache.hadoop.yarn
DEBUG StatusLogger Registering MBean org.apache.logging.log4j2:type=330bedb4,component=Loggers,name=org.apache.zookeeper.ClientCnxnSocketNIO
DEBUG StatusLogger Registering MBean org.apache.logging.log4j2:type=330bedb4,component=Appenders,name=console
DEBUG StatusLogger Registering MBean org.apache.logging.log4j2:type=330bedb4,component=Appenders,name=DRFA
TRACE StatusLogger Using default SystemClock for timestamps.
DEBUG StatusLogger org.apache.logging.log4j.core.util.SystemClock does not support precise timestamps.
TRACE StatusLogger Using DummyNanoClock for nanosecond timestamps.
DEBUG StatusLogger Reconfiguration complete for context[name=330bedb4] at URI /home/alex/Repositories/hive/ql/target/testconf/hive-log4j2.properties (org.apache.logging.log4j.core.LoggerContext@61c4eee0) with optional ClassLoader: null
DEBUG StatusLogger Shutdown hook enabled. Registering a new one.
DEBUG StatusLogger LoggerContext[name=330bedb4, org.apache.logging.log4j.core.LoggerContext@61c4eee0] started OK.
2024-04-24T03:14:03,868  INFO [main] conf.HiveConf: Found configuration file file:/home/alex/Repositories/hive/ql/target/testconf/hive-site.xml
DEBUG StatusLogger AsyncLogger.ThreadNameStrategy=UNCACHED (user specified null, default is UNCACHED)
TRACE StatusLogger Using default SystemClock for timestamps.
DEBUG StatusLogger org.apache.logging.log4j.core.util.SystemClock does not support precise timestamps.
2024-04-24T03:14:04,280  WARN [main] util.NativeCodeLoader: Unable to load native-hadoop library for your platform... using builtin-java classes where applicable
2024-04-24T03:14:04,335  WARN [main] conf.HiveConf: HiveConf of name hive.llap.io.cache.orc.size does not exist
2024-04-24T03:14:04,335  WARN [main] conf.HiveConf: HiveConf of name hive.metastore.metadb.dir does not exist
2024-04-24T03:14:04,336  WARN [main] conf.HiveConf: HiveConf of name hive.metastore.client.cache.recordStats does not exist
2024-04-24T03:14:04,336  WARN [main] conf.HiveConf: HiveConf of name hive.llap.io.cache.orc.alloc.min does not exist
2024-04-24T03:14:04,337  WARN [main] conf.HiveConf: HiveConf of name hive.stats.key.prefix.reserve.length does not exist
2024-04-24T03:14:04,337  WARN [main] conf.HiveConf: HiveConf of name hive.metastore.client.cache.maxSize does not exist
2024-04-24T03:14:04,337  WARN [main] conf.HiveConf: HiveConf of name hive.llap.io.cache.orc.arena.size does not exist
2024-04-24T03:14:04,337  WARN [main] conf.HiveConf: HiveConf of name hive.dummyparam.test.server.specific.config.hivesite does not exist
2024-04-24T03:14:04,338  WARN [main] conf.HiveConf: HiveConf of name hive.dummyparam.test.server.specific.config.override does not exist
2024-04-24T03:14:04,338  WARN [main] conf.HiveConf: HiveConf of name hive.llap.io.cache.orc.alloc.max does not exist
2024-04-24T03:14:04,338  WARN [main] conf.HiveConf: HiveConf of name hive.dummyparam.test.server.specific.config.metastoresite does not exist
2024-04-24T03:14:06,496  INFO [main] persistence.HashMapWrapper: Key count from statistics is -1; setting map size to 100000
]]></system-err>
  </testcase>
  <testcase name="testLong3" classname="org.apache.hadoop.hive.ql.exec.vector.mapjoin.TestMapJoinOperator" time="0.19">
    <error type="java.lang.IndexOutOfBoundsException"><![CDATA[java.lang.IndexOutOfBoundsException: Index: 1, Size: 1
	at java.util.ArrayList.rangeCheck(ArrayList.java:659)
	at java.util.ArrayList.get(ArrayList.java:435)
	at org.apache.hadoop.hive.ql.exec.vector.mapjoin.MapJoinTestConfig.loadTableContainerData(MapJoinTestConfig.java:762)
	at org.apache.hadoop.hive.ql.exec.vector.mapjoin.MapJoinTestConfig.createMapJoin(MapJoinTestConfig.java:846)
	at org.apache.hadoop.hive.ql.exec.vector.mapjoin.MapJoinTestConfig.createMapJoinImplementation(MapJoinTestConfig.java:988)
	at org.apache.hadoop.hive.ql.exec.vector.mapjoin.MapJoinTestConfig.createMapJoinImplementation(MapJoinTestConfig.java:971)
	at org.apache.hadoop.hive.ql.exec.vector.mapjoin.TestMapJoinOperator.executeTestImplementation(TestMapJoinOperator.java:1968)
	at org.apache.hadoop.hive.ql.exec.vector.mapjoin.TestMapJoinOperator.executeRowModeHashMap(TestMapJoinOperator.java:1894)
	at org.apache.hadoop.hive.ql.exec.vector.mapjoin.TestMapJoinOperator.doExecuteTest(TestMapJoinOperator.java:1853)
	at org.apache.hadoop.hive.ql.exec.vector.mapjoin.TestMapJoinOperator.executeTestInner(TestMapJoinOperator.java:1807)
	at org.apache.hadoop.hive.ql.exec.vector.mapjoin.TestMapJoinOperator.executeTest(TestMapJoinOperator.java:1783)
	at org.apache.hadoop.hive.ql.exec.vector.mapjoin.TestMapJoinOperator.doTestLong3(TestMapJoinOperator.java:564)
	at org.apache.hadoop.hive.ql.exec.vector.mapjoin.TestMapJoinOperator.testLong3(TestMapJoinOperator.java:500)
	at sun.reflect.NativeMethodAccessorImpl.invoke0(Native Method)
	at sun.reflect.NativeMethodAccessorImpl.invoke(NativeMethodAccessorImpl.java:62)
	at sun.reflect.DelegatingMethodAccessorImpl.invoke(DelegatingMethodAccessorImpl.java:43)
	at java.lang.reflect.Method.invoke(Method.java:498)
	at org.junit.runners.model.FrameworkMethod$1.runReflectiveCall(FrameworkMethod.java:59)
	at org.junit.internal.runners.model.ReflectiveCallable.run(ReflectiveCallable.java:12)
	at org.junit.runners.model.FrameworkMethod.invokeExplosively(FrameworkMethod.java:56)
	at org.junit.internal.runners.statements.InvokeMethod.evaluate(InvokeMethod.java:17)
	at org.junit.runners.ParentRunner$3.evaluate(ParentRunner.java:306)
	at org.junit.runners.BlockJUnit4ClassRunner$1.evaluate(BlockJUnit4ClassRunner.java:100)
	at org.junit.runners.ParentRunner.runLeaf(ParentRunner.java:366)
	at org.junit.runners.BlockJUnit4ClassRunner.runChild(BlockJUnit4ClassRunner.java:103)
	at org.junit.runners.BlockJUnit4ClassRunner.runChild(BlockJUnit4ClassRunner.java:63)
	at org.junit.runners.ParentRunner$4.run(ParentRunner.java:331)
	at org.junit.runners.ParentRunner$1.schedule(ParentRunner.java:79)
	at org.junit.runners.ParentRunner.runChildren(ParentRunner.java:329)
	at org.junit.runners.ParentRunner.access$100(ParentRunner.java:66)
	at org.junit.runners.ParentRunner$2.evaluate(ParentRunner.java:293)
	at org.junit.runners.ParentRunner$3.evaluate(ParentRunner.java:306)
	at org.junit.runners.ParentRunner.run(ParentRunner.java:413)
	at org.junit.runner.JUnitCore.run(JUnitCore.java:137)
	at org.junit.runner.JUnitCore.run(JUnitCore.java:115)
	at org.junit.vintage.engine.execution.RunnerExecutor.execute(RunnerExecutor.java:43)
	at java.util.stream.ForEachOps$ForEachOp$OfRef.accept(ForEachOps.java:183)
	at java.util.stream.ReferencePipeline$3$1.accept(ReferencePipeline.java:193)
	at java.util.Iterator.forEachRemaining(Iterator.java:116)
	at java.util.Spliterators$IteratorSpliterator.forEachRemaining(Spliterators.java:1801)
	at java.util.stream.AbstractPipeline.copyInto(AbstractPipeline.java:482)
	at java.util.stream.AbstractPipeline.wrapAndCopyInto(AbstractPipeline.java:472)
	at java.util.stream.ForEachOps$ForEachOp.evaluateSequential(ForEachOps.java:150)
	at java.util.stream.ForEachOps$ForEachOp$OfRef.evaluateSequential(ForEachOps.java:173)
	at java.util.stream.AbstractPipeline.evaluate(AbstractPipeline.java:234)
	at java.util.stream.ReferencePipeline.forEach(ReferencePipeline.java:485)
	at org.junit.vintage.engine.VintageTestEngine.executeAllChildren(VintageTestEngine.java:82)
	at org.junit.vintage.engine.VintageTestEngine.execute(VintageTestEngine.java:73)
	at org.junit.platform.launcher.core.DefaultLauncher.execute(DefaultLauncher.java:248)
	at org.junit.platform.launcher.core.DefaultLauncher.lambda$execute$5(DefaultLauncher.java:211)
	at org.junit.platform.launcher.core.DefaultLauncher.withInterceptedStreams(DefaultLauncher.java:226)
	at org.junit.platform.launcher.core.DefaultLauncher.execute(DefaultLauncher.java:199)
	at org.junit.platform.launcher.core.DefaultLauncher.execute(DefaultLauncher.java:132)
	at org.apache.maven.surefire.junitplatform.JUnitPlatformProvider.invokeAllTests(JUnitPlatformProvider.java:154)
	at org.apache.maven.surefire.junitplatform.JUnitPlatformProvider.invoke(JUnitPlatformProvider.java:123)
	at org.apache.maven.surefire.booter.ForkedBooter.runSuitesInProcess(ForkedBooter.java:377)
	at org.apache.maven.surefire.booter.ForkedBooter.execute(ForkedBooter.java:138)
	at org.apache.maven.surefire.booter.ForkedBooter.run(ForkedBooter.java:465)
	at org.apache.maven.surefire.booter.ForkedBooter.main(ForkedBooter.java:451)
]]></error>
    <system-out><![CDATA[*BENCHMARK* expectedTestRowMultiSet  totalKeyCount 0 totalValueCount 0
*BENCHMARK* Starting implementation ROW_MODE_HASH_MAP variation INNER title testLong3
]]></system-out>
    <system-err><![CDATA[2024-04-24T03:14:06,617  WARN [main] conf.HiveConf: HiveConf of name hive.metastore.client.cache.recordStats does not exist
2024-04-24T03:14:06,618  WARN [main] conf.HiveConf: HiveConf of name hive.metastore.metadb.dir does not exist
2024-04-24T03:14:06,618  WARN [main] conf.HiveConf: HiveConf of name hive.llap.io.cache.orc.alloc.max does not exist
2024-04-24T03:14:06,618  WARN [main] conf.HiveConf: HiveConf of name hive.dummyparam.test.server.specific.config.metastoresite does not exist
2024-04-24T03:14:06,618  WARN [main] conf.HiveConf: HiveConf of name hive.dummyparam.test.server.specific.config.override does not exist
2024-04-24T03:14:06,618  WARN [main] conf.HiveConf: HiveConf of name hive.llap.io.cache.orc.alloc.min does not exist
2024-04-24T03:14:06,618  WARN [main] conf.HiveConf: HiveConf of name hive.stats.key.prefix.reserve.length does not exist
2024-04-24T03:14:06,618  WARN [main] conf.HiveConf: HiveConf of name hive.metastore.client.cache.maxSize does not exist
2024-04-24T03:14:06,619  WARN [main] conf.HiveConf: HiveConf of name hive.llap.io.cache.orc.size does not exist
2024-04-24T03:14:06,619  WARN [main] conf.HiveConf: HiveConf of name hive.dummyparam.test.server.specific.config.hivesite does not exist
2024-04-24T03:14:06,619  WARN [main] conf.HiveConf: HiveConf of name hive.llap.io.cache.orc.arena.size does not exist
2024-04-24T03:14:06,723  INFO [main] persistence.HashMapWrapper: Key count from statistics is -1; setting map size to 100000
]]></system-err>
  </testcase>
  <testcase name="testLong4" classname="org.apache.hadoop.hive.ql.exec.vector.mapjoin.TestMapJoinOperator" time="0.429">
    <error type="java.lang.IndexOutOfBoundsException"><![CDATA[java.lang.IndexOutOfBoundsException: Index: 1, Size: 1
	at java.util.ArrayList.rangeCheck(ArrayList.java:659)
	at java.util.ArrayList.get(ArrayList.java:435)
	at org.apache.hadoop.hive.ql.exec.vector.mapjoin.MapJoinTestConfig.loadTableContainerData(MapJoinTestConfig.java:762)
	at org.apache.hadoop.hive.ql.exec.vector.mapjoin.MapJoinTestConfig.createMapJoin(MapJoinTestConfig.java:846)
	at org.apache.hadoop.hive.ql.exec.vector.mapjoin.MapJoinTestConfig.createMapJoinImplementation(MapJoinTestConfig.java:988)
	at org.apache.hadoop.hive.ql.exec.vector.mapjoin.MapJoinTestConfig.createMapJoinImplementation(MapJoinTestConfig.java:971)
	at org.apache.hadoop.hive.ql.exec.vector.mapjoin.TestMapJoinOperator.executeTestImplementation(TestMapJoinOperator.java:1968)
	at org.apache.hadoop.hive.ql.exec.vector.mapjoin.TestMapJoinOperator.executeRowModeHashMap(TestMapJoinOperator.java:1894)
	at org.apache.hadoop.hive.ql.exec.vector.mapjoin.TestMapJoinOperator.doExecuteTest(TestMapJoinOperator.java:1853)
	at org.apache.hadoop.hive.ql.exec.vector.mapjoin.TestMapJoinOperator.executeTestOuter(TestMapJoinOperator.java:1822)
	at org.apache.hadoop.hive.ql.exec.vector.mapjoin.TestMapJoinOperator.executeTest(TestMapJoinOperator.java:1792)
	at org.apache.hadoop.hive.ql.exec.vector.mapjoin.TestMapJoinOperator.doTestLong4(TestMapJoinOperator.java:721)
	at org.apache.hadoop.hive.ql.exec.vector.mapjoin.TestMapJoinOperator.testLong4(TestMapJoinOperator.java:659)
	at sun.reflect.NativeMethodAccessorImpl.invoke0(Native Method)
	at sun.reflect.NativeMethodAccessorImpl.invoke(NativeMethodAccessorImpl.java:62)
	at sun.reflect.DelegatingMethodAccessorImpl.invoke(DelegatingMethodAccessorImpl.java:43)
	at java.lang.reflect.Method.invoke(Method.java:498)
	at org.junit.runners.model.FrameworkMethod$1.runReflectiveCall(FrameworkMethod.java:59)
	at org.junit.internal.runners.model.ReflectiveCallable.run(ReflectiveCallable.java:12)
	at org.junit.runners.model.FrameworkMethod.invokeExplosively(FrameworkMethod.java:56)
	at org.junit.internal.runners.statements.InvokeMethod.evaluate(InvokeMethod.java:17)
	at org.junit.runners.ParentRunner$3.evaluate(ParentRunner.java:306)
	at org.junit.runners.BlockJUnit4ClassRunner$1.evaluate(BlockJUnit4ClassRunner.java:100)
	at org.junit.runners.ParentRunner.runLeaf(ParentRunner.java:366)
	at org.junit.runners.BlockJUnit4ClassRunner.runChild(BlockJUnit4ClassRunner.java:103)
	at org.junit.runners.BlockJUnit4ClassRunner.runChild(BlockJUnit4ClassRunner.java:63)
	at org.junit.runners.ParentRunner$4.run(ParentRunner.java:331)
	at org.junit.runners.ParentRunner$1.schedule(ParentRunner.java:79)
	at org.junit.runners.ParentRunner.runChildren(ParentRunner.java:329)
	at org.junit.runners.ParentRunner.access$100(ParentRunner.java:66)
	at org.junit.runners.ParentRunner$2.evaluate(ParentRunner.java:293)
	at org.junit.runners.ParentRunner$3.evaluate(ParentRunner.java:306)
	at org.junit.runners.ParentRunner.run(ParentRunner.java:413)
	at org.junit.runner.JUnitCore.run(JUnitCore.java:137)
	at org.junit.runner.JUnitCore.run(JUnitCore.java:115)
	at org.junit.vintage.engine.execution.RunnerExecutor.execute(RunnerExecutor.java:43)
	at java.util.stream.ForEachOps$ForEachOp$OfRef.accept(ForEachOps.java:183)
	at java.util.stream.ReferencePipeline$3$1.accept(ReferencePipeline.java:193)
	at java.util.Iterator.forEachRemaining(Iterator.java:116)
	at java.util.Spliterators$IteratorSpliterator.forEachRemaining(Spliterators.java:1801)
	at java.util.stream.AbstractPipeline.copyInto(AbstractPipeline.java:482)
	at java.util.stream.AbstractPipeline.wrapAndCopyInto(AbstractPipeline.java:472)
	at java.util.stream.ForEachOps$ForEachOp.evaluateSequential(ForEachOps.java:150)
	at java.util.stream.ForEachOps$ForEachOp$OfRef.evaluateSequential(ForEachOps.java:173)
	at java.util.stream.AbstractPipeline.evaluate(AbstractPipeline.java:234)
	at java.util.stream.ReferencePipeline.forEach(ReferencePipeline.java:485)
	at org.junit.vintage.engine.VintageTestEngine.executeAllChildren(VintageTestEngine.java:82)
	at org.junit.vintage.engine.VintageTestEngine.execute(VintageTestEngine.java:73)
	at org.junit.platform.launcher.core.DefaultLauncher.execute(DefaultLauncher.java:248)
	at org.junit.platform.launcher.core.DefaultLauncher.lambda$execute$5(DefaultLauncher.java:211)
	at org.junit.platform.launcher.core.DefaultLauncher.withInterceptedStreams(DefaultLauncher.java:226)
	at org.junit.platform.launcher.core.DefaultLauncher.execute(DefaultLauncher.java:199)
	at org.junit.platform.launcher.core.DefaultLauncher.execute(DefaultLauncher.java:132)
	at org.apache.maven.surefire.junitplatform.JUnitPlatformProvider.invokeAllTests(JUnitPlatformProvider.java:154)
	at org.apache.maven.surefire.junitplatform.JUnitPlatformProvider.invoke(JUnitPlatformProvider.java:123)
	at org.apache.maven.surefire.booter.ForkedBooter.runSuitesInProcess(ForkedBooter.java:377)
	at org.apache.maven.surefire.booter.ForkedBooter.execute(ForkedBooter.java:138)
	at org.apache.maven.surefire.booter.ForkedBooter.run(ForkedBooter.java:465)
	at org.apache.maven.surefire.booter.ForkedBooter.main(ForkedBooter.java:451)
]]></error>
    <system-out><![CDATA[*BENCHMARK* expectedTestRowMultiSet  totalKeyCount 0 totalValueCount 0
*BENCHMARK* Starting implementation ROW_MODE_HASH_MAP variation INNER_BIG_ONLY title testLong4
*BENCHMARK* executeTestImplementation row count 0
*BENCHMARK* testLong4 verify succeeded  for implementation ROW_MODE_HASH_MAP variation INNER_BIG_ONLY
*BENCHMARK* Starting implementation ROW_MODE_OPTIMIZED variation INNER_BIG_ONLY title testLong4
*BENCHMARK* executeTestImplementation row count 0
*BENCHMARK* testLong4 verify succeeded  for implementation ROW_MODE_OPTIMIZED variation INNER_BIG_ONLY
*BENCHMARK* Starting implementation VECTOR_PASS_THROUGH variation INNER_BIG_ONLY title testLong4
*BENCHMARK* executeTestImplementation row count 0
*BENCHMARK* testLong4 verify succeeded  for implementation VECTOR_PASS_THROUGH variation INNER_BIG_ONLY
*BENCHMARK* Starting implementation NATIVE_VECTOR_OPTIMIZED variation INNER_BIG_ONLY title testLong4
*BENCHMARK* createNativeVectorMapJoinOperator VectorMapJoinInnerBigOnlyLongOperator
*BENCHMARK* executeTestImplementation row count 0
*BENCHMARK* testLong4 verify succeeded  for implementation NATIVE_VECTOR_OPTIMIZED variation INNER_BIG_ONLY
*BENCHMARK* Starting implementation NATIVE_VECTOR_FAST variation INNER_BIG_ONLY title testLong4
*BENCHMARK* createNativeVectorMapJoinOperator VectorMapJoinInnerBigOnlyLongOperator
*BENCHMARK* executeTestImplementation row count 0
*BENCHMARK* testLong4 verify succeeded  for implementation NATIVE_VECTOR_FAST variation INNER_BIG_ONLY
*BENCHMARK* expectedTestRowMultiSet  totalKeyCount 0 totalValueCount 0
*BENCHMARK* Starting implementation ROW_MODE_HASH_MAP variation LEFT_SEMI title testLong4
*BENCHMARK* executeTestImplementation row count 0
*BENCHMARK* testLong4 verify succeeded  for implementation ROW_MODE_HASH_MAP variation LEFT_SEMI
*BENCHMARK* Starting implementation ROW_MODE_OPTIMIZED variation LEFT_SEMI title testLong4
*BENCHMARK* executeTestImplementation row count 0
*BENCHMARK* testLong4 verify succeeded  for implementation ROW_MODE_OPTIMIZED variation LEFT_SEMI
*BENCHMARK* Starting implementation VECTOR_PASS_THROUGH variation LEFT_SEMI title testLong4
*BENCHMARK* executeTestImplementation row count 0
*BENCHMARK* testLong4 verify succeeded  for implementation VECTOR_PASS_THROUGH variation LEFT_SEMI
*BENCHMARK* Starting implementation NATIVE_VECTOR_OPTIMIZED variation LEFT_SEMI title testLong4
*BENCHMARK* createNativeVectorMapJoinOperator VectorMapJoinLeftSemiLongOperator
*BENCHMARK* executeTestImplementation row count 0
*BENCHMARK* testLong4 verify succeeded  for implementation NATIVE_VECTOR_OPTIMIZED variation LEFT_SEMI
*BENCHMARK* Starting implementation NATIVE_VECTOR_FAST variation LEFT_SEMI title testLong4
*BENCHMARK* createNativeVectorMapJoinOperator VectorMapJoinLeftSemiLongOperator
*BENCHMARK* executeTestImplementation row count 0
*BENCHMARK* testLong4 verify succeeded  for implementation NATIVE_VECTOR_FAST variation LEFT_SEMI
*BENCHMARK* expectedTestRowMultiSet  totalKeyCount 10 totalValueCount 10
*BENCHMARK* Starting implementation ROW_MODE_HASH_MAP variation OUTER title testLong4
]]></system-out>
    <system-err><![CDATA[2024-04-24T03:14:06,800  WARN [main] conf.HiveConf: HiveConf of name hive.stats.key.prefix.reserve.length does not exist
2024-04-24T03:14:06,800  WARN [main] conf.HiveConf: HiveConf of name hive.llap.io.cache.orc.alloc.min does not exist
2024-04-24T03:14:06,800  WARN [main] conf.HiveConf: HiveConf of name hive.metastore.client.cache.recordStats does not exist
2024-04-24T03:14:06,800  WARN [main] conf.HiveConf: HiveConf of name hive.dummyparam.test.server.specific.config.override does not exist
2024-04-24T03:14:06,801  WARN [main] conf.HiveConf: HiveConf of name hive.metastore.metadb.dir does not exist
2024-04-24T03:14:06,801  WARN [main] conf.HiveConf: HiveConf of name hive.dummyparam.test.server.specific.config.metastoresite does not exist
2024-04-24T03:14:06,801  WARN [main] conf.HiveConf: HiveConf of name hive.metastore.client.cache.maxSize does not exist
2024-04-24T03:14:06,801  WARN [main] conf.HiveConf: HiveConf of name hive.llap.io.cache.orc.size does not exist
2024-04-24T03:14:06,801  WARN [main] conf.HiveConf: HiveConf of name hive.llap.io.cache.orc.alloc.max does not exist
2024-04-24T03:14:06,802  WARN [main] conf.HiveConf: HiveConf of name hive.dummyparam.test.server.specific.config.hivesite does not exist
2024-04-24T03:14:06,802  WARN [main] conf.HiveConf: HiveConf of name hive.llap.io.cache.orc.arena.size does not exist
2024-04-24T03:14:06,833  WARN [main] conf.HiveConf: HiveConf of name hive.dummyparam.test.server.specific.config.hivesite does not exist
2024-04-24T03:14:06,833  WARN [main] conf.HiveConf: HiveConf of name hive.llap.io.cache.orc.alloc.min does not exist
2024-04-24T03:14:06,834  WARN [main] conf.HiveConf: HiveConf of name hive.metastore.client.cache.maxSize does not exist
2024-04-24T03:14:06,834  WARN [main] conf.HiveConf: HiveConf of name hive.llap.io.cache.orc.size does not exist
2024-04-24T03:14:06,834  WARN [main] conf.HiveConf: HiveConf of name hive.dummyparam.test.server.specific.config.override does not exist
2024-04-24T03:14:06,834  WARN [main] conf.HiveConf: HiveConf of name hive.stats.key.prefix.reserve.length does not exist
2024-04-24T03:14:06,834  WARN [main] conf.HiveConf: HiveConf of name hive.metastore.metadb.dir does not exist
2024-04-24T03:14:06,835  WARN [main] conf.HiveConf: HiveConf of name hive.llap.io.cache.orc.alloc.max does not exist
2024-04-24T03:14:06,835  WARN [main] conf.HiveConf: HiveConf of name hive.metastore.client.cache.recordStats does not exist
2024-04-24T03:14:06,835  WARN [main] conf.HiveConf: HiveConf of name hive.dummyparam.test.server.specific.config.metastoresite does not exist
2024-04-24T03:14:06,835  WARN [main] conf.HiveConf: HiveConf of name hive.llap.io.cache.orc.arena.size does not exist
2024-04-24T03:14:06,847  INFO [main] persistence.HashMapWrapper: Key count from statistics is -1; setting map size to 100000
2024-04-24T03:14:06,860  INFO [main] exec.MapJoinOperator: Initializing Operator: MAPJOIN[0]
2024-04-24T03:14:06,869  INFO [main] exec.CommonJoinOperator: JOIN struct<out1:int> totalsz = 1
2024-04-24T03:14:06,874  INFO [main] mapjoin.MapJoinTestConfig$TestMultiSetCollectorOperator: Initializing Operator: TestMultiSetCollectorOperator[null]
2024-04-24T03:14:06,876  INFO [main] exec.MapJoinOperator: Closing Operator: MAPJOIN[0]
2024-04-24T03:14:06,877  INFO [main] exec.MapJoinOperator: RECORDS_OUT_OPERATOR_MAPJOIN_0:0, RECORDS_OUT_INTERMEDIATE:0, 
2024-04-24T03:14:06,878  INFO [main] mapjoin.MapJoinTestConfig$TestMultiSetCollectorOperator: Closing Operator: TestMultiSetCollectorOperator[null]
2024-04-24T03:14:06,878  INFO [main] mapjoin.MapJoinTestConfig$TestMultiSetCollectorOperator: RECORDS_OUT_OPERATOR_null:0, RECORDS_OUT_INTERMEDIATE:0, 
2024-04-24T03:14:06,880  INFO [main] persistence.HashMapWrapper: Key count from statistics is 7436; setting map size to 10015
2024-04-24T03:14:06,883  INFO [main] persistence.MapJoinTableContainer: Initializing container with org.apache.hadoop.hive.serde2.binarysortable.BinarySortableSerDe and org.apache.hadoop.hive.serde2.lazybinary.LazyBinarySerDe
2024-04-24T03:14:06,907  INFO [main] exec.MapJoinOperator: Initializing Operator: MAPJOIN[0]
2024-04-24T03:14:06,909  INFO [main] exec.CommonJoinOperator: JOIN struct<out1:int> totalsz = 1
2024-04-24T03:14:06,911  INFO [main] mapjoin.MapJoinTestConfig$TestMultiSetCollectorOperator: Initializing Operator: TestMultiSetCollectorOperator[null]
2024-04-24T03:14:06,913  INFO [main] exec.MapJoinOperator: Closing Operator: MAPJOIN[0]
2024-04-24T03:14:06,914  INFO [main] persistence.BytesBytesMultiHashMap: Map metrics: keys allocated 16384, keys assigned 7436, write conflict 2836, write max dist 8, read conflict 9, expanded 0 times in 0ms
2024-04-24T03:14:06,914  INFO [main] exec.MapJoinOperator: RECORDS_OUT_OPERATOR_MAPJOIN_0:0, RECORDS_OUT_INTERMEDIATE:0, 
2024-04-24T03:14:06,914  INFO [main] mapjoin.MapJoinTestConfig$TestMultiSetCollectorOperator: Closing Operator: TestMultiSetCollectorOperator[null]
2024-04-24T03:14:06,914  INFO [main] mapjoin.MapJoinTestConfig$TestMultiSetCollectorOperator: RECORDS_OUT_OPERATOR_null:0, RECORDS_OUT_INTERMEDIATE:0, 
2024-04-24T03:14:06,915  INFO [main] persistence.HashMapWrapper: Key count from statistics is 7436; setting map size to 10015
2024-04-24T03:14:06,915  INFO [main] persistence.MapJoinTableContainer: Initializing container with org.apache.hadoop.hive.serde2.binarysortable.BinarySortableSerDe and org.apache.hadoop.hive.serde2.lazybinary.LazyBinarySerDe
2024-04-24T03:14:06,952  INFO [main] vector.VectorMapJoinOperator: Initializing Operator: MAPJOIN[0]
2024-04-24T03:14:06,956  INFO [main] exec.CommonJoinOperator: JOIN struct<out1:int> totalsz = 1
2024-04-24T03:14:06,966  INFO [main] mapjoin.MapJoinTestConfig$TestMultiSetVectorCollectorOperator: Initializing Operator: TestMultiSetVectorCollectorOperator[null]
2024-04-24T03:14:06,966  INFO [main] vector.VectorMapJoinOperator: Closing Operator: MAPJOIN[0]
2024-04-24T03:14:06,966  INFO [main] persistence.BytesBytesMultiHashMap: Map metrics: keys allocated 16384, keys assigned 7436, write conflict 2811, write max dist 13, read conflict 7, expanded 0 times in 0ms
2024-04-24T03:14:06,967  INFO [main] persistence.BytesBytesMultiHashMap: Map metrics: keys allocated 16384, keys assigned 7436, write conflict 2811, write max dist 13, read conflict 7, expanded 0 times in 0ms
2024-04-24T03:14:06,967  INFO [main] vector.VectorMapJoinOperator: RECORDS_OUT_OPERATOR_MAPJOIN_0:0, RECORDS_OUT_INTERMEDIATE:0, 
2024-04-24T03:14:06,967  INFO [main] mapjoin.MapJoinTestConfig$TestMultiSetVectorCollectorOperator: Closing Operator: TestMultiSetVectorCollectorOperator[null]
2024-04-24T03:14:06,967  INFO [main] mapjoin.MapJoinTestConfig$TestMultiSetVectorCollectorOperator: RECORDS_OUT_OPERATOR_null:0, RECORDS_OUT_INTERMEDIATE:0, 
2024-04-24T03:14:06,969  INFO [main] persistence.HashMapWrapper: Key count from statistics is 7436; setting map size to 10015
2024-04-24T03:14:06,970  INFO [main] persistence.MapJoinTableContainer: Initializing container with org.apache.hadoop.hive.serde2.binarysortable.BinarySortableSerDe and org.apache.hadoop.hive.serde2.lazybinary.LazyBinarySerDe
2024-04-24T03:14:06,982  INFO [main] mapjoin.VectorMapJoinCommonOperator: org.apache.hadoop.hive.ql.exec.vector.mapjoin.VectorMapJoinInnerBigOnlyLongOperator order [0, 1]
2024-04-24T03:14:06,982  INFO [main] mapjoin.VectorMapJoinCommonOperator: org.apache.hadoop.hive.ql.exec.vector.mapjoin.VectorMapJoinInnerBigOnlyLongOperator posBigTable 0
2024-04-24T03:14:06,982  INFO [main] mapjoin.VectorMapJoinCommonOperator: org.apache.hadoop.hive.ql.exec.vector.mapjoin.VectorMapJoinInnerBigOnlyLongOperator posSingleVectorMapJoinSmallTable 1
2024-04-24T03:14:06,982  INFO [main] mapjoin.VectorMapJoinCommonOperator: org.apache.hadoop.hive.ql.exec.vector.mapjoin.VectorMapJoinInnerBigOnlyLongOperator bigTableKeyColumnMap [0]
2024-04-24T03:14:06,982  INFO [main] mapjoin.VectorMapJoinCommonOperator: org.apache.hadoop.hive.ql.exec.vector.mapjoin.VectorMapJoinInnerBigOnlyLongOperator bigTableKeyColumnNames [_col0]
2024-04-24T03:14:06,982  INFO [main] mapjoin.VectorMapJoinCommonOperator: org.apache.hadoop.hive.ql.exec.vector.mapjoin.VectorMapJoinInnerBigOnlyLongOperator bigTableKeyTypeInfos [int]
2024-04-24T03:14:06,982  INFO [main] mapjoin.VectorMapJoinCommonOperator: org.apache.hadoop.hive.ql.exec.vector.mapjoin.VectorMapJoinInnerBigOnlyLongOperator bigTableValueColumnMap [0]
2024-04-24T03:14:06,983  INFO [main] mapjoin.VectorMapJoinCommonOperator: org.apache.hadoop.hive.ql.exec.vector.mapjoin.VectorMapJoinInnerBigOnlyLongOperator bigTableValueColumnNames [_col0]
2024-04-24T03:14:06,983  INFO [main] mapjoin.VectorMapJoinCommonOperator: org.apache.hadoop.hive.ql.exec.vector.mapjoin.VectorMapJoinInnerBigOnlyLongOperator bigTableValueTypeNames [int]
2024-04-24T03:14:06,983  INFO [main] mapjoin.VectorMapJoinCommonOperator: org.apache.hadoop.hive.ql.exec.vector.mapjoin.VectorMapJoinInnerBigOnlyLongOperator getBigTableRetainColumnMap [0]
2024-04-24T03:14:06,983  INFO [main] mapjoin.VectorMapJoinCommonOperator: org.apache.hadoop.hive.ql.exec.vector.mapjoin.VectorMapJoinInnerBigOnlyLongOperator bigTableRetainTypeInfos [int]
2024-04-24T03:14:06,983  INFO [main] mapjoin.VectorMapJoinCommonOperator: org.apache.hadoop.hive.ql.exec.vector.mapjoin.VectorMapJoinInnerBigOnlyLongOperator nonOuterSmallTableKeyColumnMap []
2024-04-24T03:14:06,983  INFO [main] mapjoin.VectorMapJoinCommonOperator: org.apache.hadoop.hive.ql.exec.vector.mapjoin.VectorMapJoinInnerBigOnlyLongOperator nonOuterSmallTableKeyTypeInfos []
2024-04-24T03:14:06,983  INFO [main] mapjoin.VectorMapJoinCommonOperator: org.apache.hadoop.hive.ql.exec.vector.mapjoin.VectorMapJoinInnerBigOnlyLongOperator outerSmallTableKeyMapping source columns: [], output columns: [], type infos: []
2024-04-24T03:14:06,983  INFO [main] mapjoin.VectorMapJoinCommonOperator: org.apache.hadoop.hive.ql.exec.vector.mapjoin.VectorMapJoinInnerBigOnlyLongOperator fullOuterSmallTableKeyMapping source columns: [], output columns: [], type infos: []
2024-04-24T03:14:06,983  INFO [main] mapjoin.VectorMapJoinCommonOperator: org.apache.hadoop.hive.ql.exec.vector.mapjoin.VectorMapJoinInnerBigOnlyLongOperator smallTableValueMapping source columns: [], output columns: [], type infos: []
2024-04-24T03:14:06,983  INFO [main] mapjoin.VectorMapJoinCommonOperator: org.apache.hadoop.hive.ql.exec.vector.mapjoin.VectorMapJoinInnerBigOnlyLongOperator bigTableByteColumnVectorColumns []
2024-04-24T03:14:06,984  INFO [main] mapjoin.VectorMapJoinCommonOperator: org.apache.hadoop.hive.ql.exec.vector.mapjoin.VectorMapJoinInnerBigOnlyLongOperator smallTableByteColumnVectorColumns []
2024-04-24T03:14:06,984  INFO [main] mapjoin.VectorMapJoinCommonOperator: org.apache.hadoop.hive.ql.exec.vector.mapjoin.VectorMapJoinInnerBigOnlyLongOperator outputProjection [0]
2024-04-24T03:14:06,984  INFO [main] mapjoin.VectorMapJoinCommonOperator: org.apache.hadoop.hive.ql.exec.vector.mapjoin.VectorMapJoinInnerBigOnlyLongOperator outputTypeInfos [int]
2024-04-24T03:14:06,984  INFO [main] mapjoin.VectorMapJoinCommonOperator: org.apache.hadoop.hive.ql.exec.vector.mapjoin.VectorMapJoinInnerBigOnlyLongOperator mapJoinDesc.getKeysString {1=_col0 (type: int), 0=_col0 (type: int)}
2024-04-24T03:14:06,984  INFO [main] mapjoin.VectorMapJoinCommonOperator: org.apache.hadoop.hive.ql.exec.vector.mapjoin.VectorMapJoinInnerBigOnlyLongOperator mapJoinDesc.getExprs {1=[], 0=[Column[_col0]]}
2024-04-24T03:14:06,985  INFO [main] mapjoin.VectorMapJoinCommonOperator: org.apache.hadoop.hive.ql.exec.vector.mapjoin.VectorMapJoinInnerBigOnlyLongOperator mapJoinDesc.getRetainList {0=[0], 1=[]}
2024-04-24T03:14:06,985  INFO [main] mapjoin.VectorMapJoinInnerBigOnlyLongOperator: Initializing Operator: MAPJOIN[0]
2024-04-24T03:14:06,987  INFO [main] exec.CommonJoinOperator: JOIN struct<out1:int> totalsz = 1
2024-04-24T03:14:06,991  INFO [main] mapjoin.MapJoinTestConfig$TestMultiSetVectorCollectorOperator: Initializing Operator: TestMultiSetVectorCollectorOperator[null]
2024-04-24T03:14:06,996  INFO [main] mapjoin.VectorMapJoinCommonOperator: Using VectorMapJoinOptimizedLongHashMultiSet from VectorMapJoinInnerBigOnlyLongOperator
2024-04-24T03:14:06,997  INFO [main] mapjoin.VectorMapJoinInnerBigOnlyLongOperator: Closing Operator: MAPJOIN[0]
2024-04-24T03:14:06,998  INFO [main] persistence.BytesBytesMultiHashMap: Map metrics: keys allocated 16384, keys assigned 7436, write conflict 2797, write max dist 8, read conflict 7, expanded 0 times in 0ms
2024-04-24T03:14:06,998  INFO [main] mapjoin.VectorMapJoinInnerBigOnlyLongOperator: RECORDS_OUT_INTERMEDIATE:0, RECORDS_OUT_OPERATOR_MAPJOIN_0:0, 
2024-04-24T03:14:06,998  INFO [main] mapjoin.MapJoinTestConfig$TestMultiSetVectorCollectorOperator: Closing Operator: TestMultiSetVectorCollectorOperator[null]
2024-04-24T03:14:06,998  INFO [main] mapjoin.MapJoinTestConfig$TestMultiSetVectorCollectorOperator: RECORDS_OUT_INTERMEDIATE:0, RECORDS_OUT_OPERATOR_null:0, 
2024-04-24T03:14:07,002  INFO [main] persistence.HashMapWrapper: Key count from statistics is 7436; setting map size to 10015
2024-04-24T03:14:07,029  INFO [main] mapjoin.VectorMapJoinCommonOperator: org.apache.hadoop.hive.ql.exec.vector.mapjoin.VectorMapJoinInnerBigOnlyLongOperator order [0, 1]
2024-04-24T03:14:07,030  INFO [main] mapjoin.VectorMapJoinCommonOperator: org.apache.hadoop.hive.ql.exec.vector.mapjoin.VectorMapJoinInnerBigOnlyLongOperator posBigTable 0
2024-04-24T03:14:07,030  INFO [main] mapjoin.VectorMapJoinCommonOperator: org.apache.hadoop.hive.ql.exec.vector.mapjoin.VectorMapJoinInnerBigOnlyLongOperator posSingleVectorMapJoinSmallTable 1
2024-04-24T03:14:07,030  INFO [main] mapjoin.VectorMapJoinCommonOperator: org.apache.hadoop.hive.ql.exec.vector.mapjoin.VectorMapJoinInnerBigOnlyLongOperator bigTableKeyColumnMap [0]
2024-04-24T03:14:07,030  INFO [main] mapjoin.VectorMapJoinCommonOperator: org.apache.hadoop.hive.ql.exec.vector.mapjoin.VectorMapJoinInnerBigOnlyLongOperator bigTableKeyColumnNames [_col0]
2024-04-24T03:14:07,030  INFO [main] mapjoin.VectorMapJoinCommonOperator: org.apache.hadoop.hive.ql.exec.vector.mapjoin.VectorMapJoinInnerBigOnlyLongOperator bigTableKeyTypeInfos [int]
2024-04-24T03:14:07,030  INFO [main] mapjoin.VectorMapJoinCommonOperator: org.apache.hadoop.hive.ql.exec.vector.mapjoin.VectorMapJoinInnerBigOnlyLongOperator bigTableValueColumnMap [0]
2024-04-24T03:14:07,030  INFO [main] mapjoin.VectorMapJoinCommonOperator: org.apache.hadoop.hive.ql.exec.vector.mapjoin.VectorMapJoinInnerBigOnlyLongOperator bigTableValueColumnNames [_col0]
2024-04-24T03:14:07,030  INFO [main] mapjoin.VectorMapJoinCommonOperator: org.apache.hadoop.hive.ql.exec.vector.mapjoin.VectorMapJoinInnerBigOnlyLongOperator bigTableValueTypeNames [int]
2024-04-24T03:14:07,030  INFO [main] mapjoin.VectorMapJoinCommonOperator: org.apache.hadoop.hive.ql.exec.vector.mapjoin.VectorMapJoinInnerBigOnlyLongOperator getBigTableRetainColumnMap [0]
2024-04-24T03:14:07,030  INFO [main] mapjoin.VectorMapJoinCommonOperator: org.apache.hadoop.hive.ql.exec.vector.mapjoin.VectorMapJoinInnerBigOnlyLongOperator bigTableRetainTypeInfos [int]
2024-04-24T03:14:07,030  INFO [main] mapjoin.VectorMapJoinCommonOperator: org.apache.hadoop.hive.ql.exec.vector.mapjoin.VectorMapJoinInnerBigOnlyLongOperator nonOuterSmallTableKeyColumnMap []
2024-04-24T03:14:07,030  INFO [main] mapjoin.VectorMapJoinCommonOperator: org.apache.hadoop.hive.ql.exec.vector.mapjoin.VectorMapJoinInnerBigOnlyLongOperator nonOuterSmallTableKeyTypeInfos []
2024-04-24T03:14:07,030  INFO [main] mapjoin.VectorMapJoinCommonOperator: org.apache.hadoop.hive.ql.exec.vector.mapjoin.VectorMapJoinInnerBigOnlyLongOperator outerSmallTableKeyMapping source columns: [], output columns: [], type infos: []
2024-04-24T03:14:07,031  INFO [main] mapjoin.VectorMapJoinCommonOperator: org.apache.hadoop.hive.ql.exec.vector.mapjoin.VectorMapJoinInnerBigOnlyLongOperator fullOuterSmallTableKeyMapping source columns: [], output columns: [], type infos: []
2024-04-24T03:14:07,031  INFO [main] mapjoin.VectorMapJoinCommonOperator: org.apache.hadoop.hive.ql.exec.vector.mapjoin.VectorMapJoinInnerBigOnlyLongOperator smallTableValueMapping source columns: [], output columns: [], type infos: []
2024-04-24T03:14:07,031  INFO [main] mapjoin.VectorMapJoinCommonOperator: org.apache.hadoop.hive.ql.exec.vector.mapjoin.VectorMapJoinInnerBigOnlyLongOperator bigTableByteColumnVectorColumns []
2024-04-24T03:14:07,031  INFO [main] mapjoin.VectorMapJoinCommonOperator: org.apache.hadoop.hive.ql.exec.vector.mapjoin.VectorMapJoinInnerBigOnlyLongOperator smallTableByteColumnVectorColumns []
2024-04-24T03:14:07,031  INFO [main] mapjoin.VectorMapJoinCommonOperator: org.apache.hadoop.hive.ql.exec.vector.mapjoin.VectorMapJoinInnerBigOnlyLongOperator outputProjection [0]
2024-04-24T03:14:07,031  INFO [main] mapjoin.VectorMapJoinCommonOperator: org.apache.hadoop.hive.ql.exec.vector.mapjoin.VectorMapJoinInnerBigOnlyLongOperator outputTypeInfos [int]
2024-04-24T03:14:07,031  INFO [main] mapjoin.VectorMapJoinCommonOperator: org.apache.hadoop.hive.ql.exec.vector.mapjoin.VectorMapJoinInnerBigOnlyLongOperator mapJoinDesc.getKeysString {1=_col0 (type: int), 0=_col0 (type: int)}
2024-04-24T03:14:07,031  INFO [main] mapjoin.VectorMapJoinCommonOperator: org.apache.hadoop.hive.ql.exec.vector.mapjoin.VectorMapJoinInnerBigOnlyLongOperator mapJoinDesc.getExprs {0=[Column[_col0]], 1=[]}
2024-04-24T03:14:07,032  INFO [main] mapjoin.VectorMapJoinCommonOperator: org.apache.hadoop.hive.ql.exec.vector.mapjoin.VectorMapJoinInnerBigOnlyLongOperator mapJoinDesc.getRetainList {0=[0], 1=[]}
2024-04-24T03:14:07,032  INFO [main] mapjoin.VectorMapJoinInnerBigOnlyLongOperator: Initializing Operator: MAPJOIN[0]
2024-04-24T03:14:07,041  INFO [main] exec.CommonJoinOperator: JOIN struct<out1:int> totalsz = 1
2024-04-24T03:14:07,043  INFO [main] mapjoin.MapJoinTestConfig$TestMultiSetVectorCollectorOperator: Initializing Operator: TestMultiSetVectorCollectorOperator[null]
2024-04-24T03:14:07,043  INFO [main] mapjoin.VectorMapJoinCommonOperator: Using VectorMapJoinFastLongHashMultiSet from VectorMapJoinInnerBigOnlyLongOperator
2024-04-24T03:14:07,044  INFO [main] mapjoin.VectorMapJoinInnerBigOnlyLongOperator: Closing Operator: MAPJOIN[0]
2024-04-24T03:14:07,044  INFO [main] mapjoin.VectorMapJoinInnerBigOnlyLongOperator: RECORDS_OUT_OPERATOR_MAPJOIN_0:0, RECORDS_OUT_INTERMEDIATE:0, 
2024-04-24T03:14:07,044  INFO [main] mapjoin.MapJoinTestConfig$TestMultiSetVectorCollectorOperator: Closing Operator: TestMultiSetVectorCollectorOperator[null]
2024-04-24T03:14:07,044  INFO [main] mapjoin.MapJoinTestConfig$TestMultiSetVectorCollectorOperator: RECORDS_OUT_INTERMEDIATE:0, RECORDS_OUT_OPERATOR_null:0, 
2024-04-24T03:14:07,074  WARN [main] conf.HiveConf: HiveConf of name hive.llap.io.cache.orc.alloc.max does not exist
2024-04-24T03:14:07,075  WARN [main] conf.HiveConf: HiveConf of name hive.metastore.metadb.dir does not exist
2024-04-24T03:14:07,075  WARN [main] conf.HiveConf: HiveConf of name hive.dummyparam.test.server.specific.config.metastoresite does not exist
2024-04-24T03:14:07,075  WARN [main] conf.HiveConf: HiveConf of name hive.dummyparam.test.server.specific.config.hivesite does not exist
2024-04-24T03:14:07,075  WARN [main] conf.HiveConf: HiveConf of name hive.stats.key.prefix.reserve.length does not exist
2024-04-24T03:14:07,075  WARN [main] conf.HiveConf: HiveConf of name hive.dummyparam.test.server.specific.config.override does not exist
2024-04-24T03:14:07,076  WARN [main] conf.HiveConf: HiveConf of name hive.metastore.client.cache.maxSize does not exist
2024-04-24T03:14:07,076  WARN [main] conf.HiveConf: HiveConf of name hive.llap.io.cache.orc.arena.size does not exist
2024-04-24T03:14:07,076  WARN [main] conf.HiveConf: HiveConf of name hive.llap.io.cache.orc.size does not exist
2024-04-24T03:14:07,076  WARN [main] conf.HiveConf: HiveConf of name hive.metastore.client.cache.recordStats does not exist
2024-04-24T03:14:07,077  WARN [main] conf.HiveConf: HiveConf of name hive.llap.io.cache.orc.alloc.min does not exist
2024-04-24T03:14:07,090  INFO [main] persistence.HashMapWrapper: Key count from statistics is -1; setting map size to 100000
2024-04-24T03:14:07,093  INFO [main] exec.MapJoinOperator: Initializing Operator: MAPJOIN[0]
2024-04-24T03:14:07,095  INFO [main] exec.CommonJoinOperator: JOIN struct<out1:int> totalsz = 1
2024-04-24T03:14:07,096  INFO [main] mapjoin.MapJoinTestConfig$TestMultiSetCollectorOperator: Initializing Operator: TestMultiSetCollectorOperator[null]
2024-04-24T03:14:07,097  INFO [main] exec.MapJoinOperator: Closing Operator: MAPJOIN[0]
2024-04-24T03:14:07,098  INFO [main] exec.MapJoinOperator: RECORDS_OUT_INTERMEDIATE:0, RECORDS_OUT_OPERATOR_MAPJOIN_0:0, 
2024-04-24T03:14:07,098  INFO [main] mapjoin.MapJoinTestConfig$TestMultiSetCollectorOperator: Closing Operator: TestMultiSetCollectorOperator[null]
2024-04-24T03:14:07,098  INFO [main] mapjoin.MapJoinTestConfig$TestMultiSetCollectorOperator: RECORDS_OUT_INTERMEDIATE:0, RECORDS_OUT_OPERATOR_null:0, 
2024-04-24T03:14:07,098  INFO [main] persistence.HashMapWrapper: Key count from statistics is 7436; setting map size to 10015
2024-04-24T03:14:07,098  INFO [main] persistence.MapJoinTableContainer: Initializing container with org.apache.hadoop.hive.serde2.binarysortable.BinarySortableSerDe and org.apache.hadoop.hive.serde2.lazybinary.LazyBinarySerDe
2024-04-24T03:14:07,103  INFO [main] exec.MapJoinOperator: Initializing Operator: MAPJOIN[0]
2024-04-24T03:14:07,104  INFO [main] exec.CommonJoinOperator: JOIN struct<out1:int> totalsz = 1
2024-04-24T03:14:07,105  INFO [main] mapjoin.MapJoinTestConfig$TestMultiSetCollectorOperator: Initializing Operator: TestMultiSetCollectorOperator[null]
2024-04-24T03:14:07,106  INFO [main] exec.MapJoinOperator: Closing Operator: MAPJOIN[0]
2024-04-24T03:14:07,106  INFO [main] persistence.BytesBytesMultiHashMap: Map metrics: keys allocated 16384, keys assigned 7436, write conflict 2835, write max dist 8, read conflict 9, expanded 0 times in 0ms
2024-04-24T03:14:07,106  INFO [main] exec.MapJoinOperator: RECORDS_OUT_OPERATOR_MAPJOIN_0:0, RECORDS_OUT_INTERMEDIATE:0, 
2024-04-24T03:14:07,106  INFO [main] mapjoin.MapJoinTestConfig$TestMultiSetCollectorOperator: Closing Operator: TestMultiSetCollectorOperator[null]
2024-04-24T03:14:07,106  INFO [main] mapjoin.MapJoinTestConfig$TestMultiSetCollectorOperator: RECORDS_OUT_INTERMEDIATE:0, RECORDS_OUT_OPERATOR_null:0, 
2024-04-24T03:14:07,107  INFO [main] persistence.HashMapWrapper: Key count from statistics is 7436; setting map size to 10015
2024-04-24T03:14:07,107  INFO [main] persistence.MapJoinTableContainer: Initializing container with org.apache.hadoop.hive.serde2.binarysortable.BinarySortableSerDe and org.apache.hadoop.hive.serde2.lazybinary.LazyBinarySerDe
2024-04-24T03:14:07,111  INFO [main] vector.VectorMapJoinOperator: Initializing Operator: MAPJOIN[0]
2024-04-24T03:14:07,112  INFO [main] exec.CommonJoinOperator: JOIN struct<out1:int> totalsz = 1
2024-04-24T03:14:07,113  INFO [main] mapjoin.MapJoinTestConfig$TestMultiSetVectorCollectorOperator: Initializing Operator: TestMultiSetVectorCollectorOperator[null]
2024-04-24T03:14:07,114  INFO [main] vector.VectorMapJoinOperator: Closing Operator: MAPJOIN[0]
2024-04-24T03:14:07,114  INFO [main] persistence.BytesBytesMultiHashMap: Map metrics: keys allocated 16384, keys assigned 7436, write conflict 2825, write max dist 9, read conflict 8, expanded 0 times in 0ms
2024-04-24T03:14:07,114  INFO [main] persistence.BytesBytesMultiHashMap: Map metrics: keys allocated 16384, keys assigned 7436, write conflict 2825, write max dist 9, read conflict 8, expanded 0 times in 0ms
2024-04-24T03:14:07,114  INFO [main] vector.VectorMapJoinOperator: RECORDS_OUT_INTERMEDIATE:0, RECORDS_OUT_OPERATOR_MAPJOIN_0:0, 
2024-04-24T03:14:07,114  INFO [main] mapjoin.MapJoinTestConfig$TestMultiSetVectorCollectorOperator: Closing Operator: TestMultiSetVectorCollectorOperator[null]
2024-04-24T03:14:07,114  INFO [main] mapjoin.MapJoinTestConfig$TestMultiSetVectorCollectorOperator: RECORDS_OUT_OPERATOR_null:0, RECORDS_OUT_INTERMEDIATE:0, 
2024-04-24T03:14:07,114  INFO [main] persistence.HashMapWrapper: Key count from statistics is 7436; setting map size to 10015
2024-04-24T03:14:07,115  INFO [main] persistence.MapJoinTableContainer: Initializing container with org.apache.hadoop.hive.serde2.binarysortable.BinarySortableSerDe and org.apache.hadoop.hive.serde2.lazybinary.LazyBinarySerDe
2024-04-24T03:14:07,121  INFO [main] mapjoin.VectorMapJoinCommonOperator: org.apache.hadoop.hive.ql.exec.vector.mapjoin.VectorMapJoinLeftSemiLongOperator order [0, 1]
2024-04-24T03:14:07,121  INFO [main] mapjoin.VectorMapJoinCommonOperator: org.apache.hadoop.hive.ql.exec.vector.mapjoin.VectorMapJoinLeftSemiLongOperator posBigTable 0
2024-04-24T03:14:07,121  INFO [main] mapjoin.VectorMapJoinCommonOperator: org.apache.hadoop.hive.ql.exec.vector.mapjoin.VectorMapJoinLeftSemiLongOperator posSingleVectorMapJoinSmallTable 1
2024-04-24T03:14:07,121  INFO [main] mapjoin.VectorMapJoinCommonOperator: org.apache.hadoop.hive.ql.exec.vector.mapjoin.VectorMapJoinLeftSemiLongOperator bigTableKeyColumnMap [0]
2024-04-24T03:14:07,121  INFO [main] mapjoin.VectorMapJoinCommonOperator: org.apache.hadoop.hive.ql.exec.vector.mapjoin.VectorMapJoinLeftSemiLongOperator bigTableKeyColumnNames [_col0]
2024-04-24T03:14:07,121  INFO [main] mapjoin.VectorMapJoinCommonOperator: org.apache.hadoop.hive.ql.exec.vector.mapjoin.VectorMapJoinLeftSemiLongOperator bigTableKeyTypeInfos [int]
2024-04-24T03:14:07,121  INFO [main] mapjoin.VectorMapJoinCommonOperator: org.apache.hadoop.hive.ql.exec.vector.mapjoin.VectorMapJoinLeftSemiLongOperator bigTableValueColumnMap [0]
2024-04-24T03:14:07,121  INFO [main] mapjoin.VectorMapJoinCommonOperator: org.apache.hadoop.hive.ql.exec.vector.mapjoin.VectorMapJoinLeftSemiLongOperator bigTableValueColumnNames [_col0]
2024-04-24T03:14:07,122  INFO [main] mapjoin.VectorMapJoinCommonOperator: org.apache.hadoop.hive.ql.exec.vector.mapjoin.VectorMapJoinLeftSemiLongOperator bigTableValueTypeNames [int]
2024-04-24T03:14:07,122  INFO [main] mapjoin.VectorMapJoinCommonOperator: org.apache.hadoop.hive.ql.exec.vector.mapjoin.VectorMapJoinLeftSemiLongOperator getBigTableRetainColumnMap [0]
2024-04-24T03:14:07,122  INFO [main] mapjoin.VectorMapJoinCommonOperator: org.apache.hadoop.hive.ql.exec.vector.mapjoin.VectorMapJoinLeftSemiLongOperator bigTableRetainTypeInfos [int]
2024-04-24T03:14:07,122  INFO [main] mapjoin.VectorMapJoinCommonOperator: org.apache.hadoop.hive.ql.exec.vector.mapjoin.VectorMapJoinLeftSemiLongOperator nonOuterSmallTableKeyColumnMap []
2024-04-24T03:14:07,122  INFO [main] mapjoin.VectorMapJoinCommonOperator: org.apache.hadoop.hive.ql.exec.vector.mapjoin.VectorMapJoinLeftSemiLongOperator nonOuterSmallTableKeyTypeInfos []
2024-04-24T03:14:07,122  INFO [main] mapjoin.VectorMapJoinCommonOperator: org.apache.hadoop.hive.ql.exec.vector.mapjoin.VectorMapJoinLeftSemiLongOperator outerSmallTableKeyMapping source columns: [], output columns: [], type infos: []
2024-04-24T03:14:07,122  INFO [main] mapjoin.VectorMapJoinCommonOperator: org.apache.hadoop.hive.ql.exec.vector.mapjoin.VectorMapJoinLeftSemiLongOperator fullOuterSmallTableKeyMapping source columns: [], output columns: [], type infos: []
2024-04-24T03:14:07,122  INFO [main] mapjoin.VectorMapJoinCommonOperator: org.apache.hadoop.hive.ql.exec.vector.mapjoin.VectorMapJoinLeftSemiLongOperator smallTableValueMapping source columns: [], output columns: [], type infos: []
2024-04-24T03:14:07,122  INFO [main] mapjoin.VectorMapJoinCommonOperator: org.apache.hadoop.hive.ql.exec.vector.mapjoin.VectorMapJoinLeftSemiLongOperator bigTableByteColumnVectorColumns []
2024-04-24T03:14:07,122  INFO [main] mapjoin.VectorMapJoinCommonOperator: org.apache.hadoop.hive.ql.exec.vector.mapjoin.VectorMapJoinLeftSemiLongOperator smallTableByteColumnVectorColumns []
2024-04-24T03:14:07,122  INFO [main] mapjoin.VectorMapJoinCommonOperator: org.apache.hadoop.hive.ql.exec.vector.mapjoin.VectorMapJoinLeftSemiLongOperator outputProjection [0]
2024-04-24T03:14:07,122  INFO [main] mapjoin.VectorMapJoinCommonOperator: org.apache.hadoop.hive.ql.exec.vector.mapjoin.VectorMapJoinLeftSemiLongOperator outputTypeInfos [int]
2024-04-24T03:14:07,122  INFO [main] mapjoin.VectorMapJoinCommonOperator: org.apache.hadoop.hive.ql.exec.vector.mapjoin.VectorMapJoinLeftSemiLongOperator mapJoinDesc.getKeysString {0=_col0 (type: int), 1=_col0 (type: int)}
2024-04-24T03:14:07,122  INFO [main] mapjoin.VectorMapJoinCommonOperator: org.apache.hadoop.hive.ql.exec.vector.mapjoin.VectorMapJoinLeftSemiLongOperator mapJoinDesc.getExprs {0=[Column[_col0]], 1=[]}
2024-04-24T03:14:07,122  INFO [main] mapjoin.VectorMapJoinCommonOperator: org.apache.hadoop.hive.ql.exec.vector.mapjoin.VectorMapJoinLeftSemiLongOperator mapJoinDesc.getRetainList {1=[], 0=[0]}
2024-04-24T03:14:07,122  INFO [main] mapjoin.VectorMapJoinLeftSemiLongOperator: Initializing Operator: MAPJOIN[0]
2024-04-24T03:14:07,124  INFO [main] exec.CommonJoinOperator: JOIN struct<out1:int> totalsz = 1
2024-04-24T03:14:07,125  INFO [main] mapjoin.MapJoinTestConfig$TestMultiSetVectorCollectorOperator: Initializing Operator: TestMultiSetVectorCollectorOperator[null]
2024-04-24T03:14:07,125  INFO [main] mapjoin.VectorMapJoinCommonOperator: Using VectorMapJoinOptimizedLongHashSet from VectorMapJoinLeftSemiLongOperator
2024-04-24T03:14:07,126  INFO [main] mapjoin.VectorMapJoinLeftSemiLongOperator: Closing Operator: MAPJOIN[0]
2024-04-24T03:14:07,126  INFO [main] persistence.BytesBytesMultiHashMap: Map metrics: keys allocated 16384, keys assigned 7436, write conflict 2851, write max dist 13, read conflict 7, expanded 0 times in 0ms
2024-04-24T03:14:07,127  INFO [main] mapjoin.VectorMapJoinLeftSemiLongOperator: RECORDS_OUT_OPERATOR_MAPJOIN_0:0, RECORDS_OUT_INTERMEDIATE:0, 
2024-04-24T03:14:07,127  INFO [main] mapjoin.MapJoinTestConfig$TestMultiSetVectorCollectorOperator: Closing Operator: TestMultiSetVectorCollectorOperator[null]
2024-04-24T03:14:07,127  INFO [main] mapjoin.MapJoinTestConfig$TestMultiSetVectorCollectorOperator: RECORDS_OUT_INTERMEDIATE:0, RECORDS_OUT_OPERATOR_null:0, 
2024-04-24T03:14:07,127  INFO [main] persistence.HashMapWrapper: Key count from statistics is 7436; setting map size to 10015
2024-04-24T03:14:07,134  INFO [main] mapjoin.VectorMapJoinCommonOperator: org.apache.hadoop.hive.ql.exec.vector.mapjoin.VectorMapJoinLeftSemiLongOperator order [0, 1]
2024-04-24T03:14:07,134  INFO [main] mapjoin.VectorMapJoinCommonOperator: org.apache.hadoop.hive.ql.exec.vector.mapjoin.VectorMapJoinLeftSemiLongOperator posBigTable 0
2024-04-24T03:14:07,134  INFO [main] mapjoin.VectorMapJoinCommonOperator: org.apache.hadoop.hive.ql.exec.vector.mapjoin.VectorMapJoinLeftSemiLongOperator posSingleVectorMapJoinSmallTable 1
2024-04-24T03:14:07,134  INFO [main] mapjoin.VectorMapJoinCommonOperator: org.apache.hadoop.hive.ql.exec.vector.mapjoin.VectorMapJoinLeftSemiLongOperator bigTableKeyColumnMap [0]
2024-04-24T03:14:07,134  INFO [main] mapjoin.VectorMapJoinCommonOperator: org.apache.hadoop.hive.ql.exec.vector.mapjoin.VectorMapJoinLeftSemiLongOperator bigTableKeyColumnNames [_col0]
2024-04-24T03:14:07,134  INFO [main] mapjoin.VectorMapJoinCommonOperator: org.apache.hadoop.hive.ql.exec.vector.mapjoin.VectorMapJoinLeftSemiLongOperator bigTableKeyTypeInfos [int]
2024-04-24T03:14:07,134  INFO [main] mapjoin.VectorMapJoinCommonOperator: org.apache.hadoop.hive.ql.exec.vector.mapjoin.VectorMapJoinLeftSemiLongOperator bigTableValueColumnMap [0]
2024-04-24T03:14:07,134  INFO [main] mapjoin.VectorMapJoinCommonOperator: org.apache.hadoop.hive.ql.exec.vector.mapjoin.VectorMapJoinLeftSemiLongOperator bigTableValueColumnNames [_col0]
2024-04-24T03:14:07,134  INFO [main] mapjoin.VectorMapJoinCommonOperator: org.apache.hadoop.hive.ql.exec.vector.mapjoin.VectorMapJoinLeftSemiLongOperator bigTableValueTypeNames [int]
2024-04-24T03:14:07,134  INFO [main] mapjoin.VectorMapJoinCommonOperator: org.apache.hadoop.hive.ql.exec.vector.mapjoin.VectorMapJoinLeftSemiLongOperator getBigTableRetainColumnMap [0]
2024-04-24T03:14:07,134  INFO [main] mapjoin.VectorMapJoinCommonOperator: org.apache.hadoop.hive.ql.exec.vector.mapjoin.VectorMapJoinLeftSemiLongOperator bigTableRetainTypeInfos [int]
2024-04-24T03:14:07,134  INFO [main] mapjoin.VectorMapJoinCommonOperator: org.apache.hadoop.hive.ql.exec.vector.mapjoin.VectorMapJoinLeftSemiLongOperator nonOuterSmallTableKeyColumnMap []
2024-04-24T03:14:07,134  INFO [main] mapjoin.VectorMapJoinCommonOperator: org.apache.hadoop.hive.ql.exec.vector.mapjoin.VectorMapJoinLeftSemiLongOperator nonOuterSmallTableKeyTypeInfos []
2024-04-24T03:14:07,134  INFO [main] mapjoin.VectorMapJoinCommonOperator: org.apache.hadoop.hive.ql.exec.vector.mapjoin.VectorMapJoinLeftSemiLongOperator outerSmallTableKeyMapping source columns: [], output columns: [], type infos: []
2024-04-24T03:14:07,134  INFO [main] mapjoin.VectorMapJoinCommonOperator: org.apache.hadoop.hive.ql.exec.vector.mapjoin.VectorMapJoinLeftSemiLongOperator fullOuterSmallTableKeyMapping source columns: [], output columns: [], type infos: []
2024-04-24T03:14:07,134  INFO [main] mapjoin.VectorMapJoinCommonOperator: org.apache.hadoop.hive.ql.exec.vector.mapjoin.VectorMapJoinLeftSemiLongOperator smallTableValueMapping source columns: [], output columns: [], type infos: []
2024-04-24T03:14:07,134  INFO [main] mapjoin.VectorMapJoinCommonOperator: org.apache.hadoop.hive.ql.exec.vector.mapjoin.VectorMapJoinLeftSemiLongOperator bigTableByteColumnVectorColumns []
2024-04-24T03:14:07,134  INFO [main] mapjoin.VectorMapJoinCommonOperator: org.apache.hadoop.hive.ql.exec.vector.mapjoin.VectorMapJoinLeftSemiLongOperator smallTableByteColumnVectorColumns []
2024-04-24T03:14:07,134  INFO [main] mapjoin.VectorMapJoinCommonOperator: org.apache.hadoop.hive.ql.exec.vector.mapjoin.VectorMapJoinLeftSemiLongOperator outputProjection [0]
2024-04-24T03:14:07,134  INFO [main] mapjoin.VectorMapJoinCommonOperator: org.apache.hadoop.hive.ql.exec.vector.mapjoin.VectorMapJoinLeftSemiLongOperator outputTypeInfos [int]
2024-04-24T03:14:07,134  INFO [main] mapjoin.VectorMapJoinCommonOperator: org.apache.hadoop.hive.ql.exec.vector.mapjoin.VectorMapJoinLeftSemiLongOperator mapJoinDesc.getKeysString {0=_col0 (type: int), 1=_col0 (type: int)}
2024-04-24T03:14:07,135  INFO [main] mapjoin.VectorMapJoinCommonOperator: org.apache.hadoop.hive.ql.exec.vector.mapjoin.VectorMapJoinLeftSemiLongOperator mapJoinDesc.getExprs {1=[], 0=[Column[_col0]]}
2024-04-24T03:14:07,135  INFO [main] mapjoin.VectorMapJoinCommonOperator: org.apache.hadoop.hive.ql.exec.vector.mapjoin.VectorMapJoinLeftSemiLongOperator mapJoinDesc.getRetainList {0=[0], 1=[]}
2024-04-24T03:14:07,135  INFO [main] mapjoin.VectorMapJoinLeftSemiLongOperator: Initializing Operator: MAPJOIN[0]
2024-04-24T03:14:07,136  INFO [main] exec.CommonJoinOperator: JOIN struct<out1:int> totalsz = 1
2024-04-24T03:14:07,137  INFO [main] mapjoin.MapJoinTestConfig$TestMultiSetVectorCollectorOperator: Initializing Operator: TestMultiSetVectorCollectorOperator[null]
2024-04-24T03:14:07,138  INFO [main] mapjoin.VectorMapJoinCommonOperator: Using VectorMapJoinFastLongHashSet from VectorMapJoinLeftSemiLongOperator
2024-04-24T03:14:07,138  INFO [main] mapjoin.VectorMapJoinLeftSemiLongOperator: Closing Operator: MAPJOIN[0]
2024-04-24T03:14:07,138  INFO [main] mapjoin.VectorMapJoinLeftSemiLongOperator: RECORDS_OUT_OPERATOR_MAPJOIN_0:0, RECORDS_OUT_INTERMEDIATE:0, 
2024-04-24T03:14:07,138  INFO [main] mapjoin.MapJoinTestConfig$TestMultiSetVectorCollectorOperator: Closing Operator: TestMultiSetVectorCollectorOperator[null]
2024-04-24T03:14:07,138  INFO [main] mapjoin.MapJoinTestConfig$TestMultiSetVectorCollectorOperator: RECORDS_OUT_INTERMEDIATE:0, RECORDS_OUT_OPERATOR_null:0, 
2024-04-24T03:14:07,172  WARN [main] conf.HiveConf: HiveConf of name hive.dummyparam.test.server.specific.config.metastoresite does not exist
2024-04-24T03:14:07,172  WARN [main] conf.HiveConf: HiveConf of name hive.dummyparam.test.server.specific.config.override does not exist
2024-04-24T03:14:07,172  WARN [main] conf.HiveConf: HiveConf of name hive.llap.io.cache.orc.arena.size does not exist
2024-04-24T03:14:07,173  WARN [main] conf.HiveConf: HiveConf of name hive.dummyparam.test.server.specific.config.hivesite does not exist
2024-04-24T03:14:07,173  WARN [main] conf.HiveConf: HiveConf of name hive.metastore.client.cache.recordStats does not exist
2024-04-24T03:14:07,173  WARN [main] conf.HiveConf: HiveConf of name hive.llap.io.cache.orc.size does not exist
2024-04-24T03:14:07,173  WARN [main] conf.HiveConf: HiveConf of name hive.stats.key.prefix.reserve.length does not exist
2024-04-24T03:14:07,173  WARN [main] conf.HiveConf: HiveConf of name hive.llap.io.cache.orc.alloc.min does not exist
2024-04-24T03:14:07,173  WARN [main] conf.HiveConf: HiveConf of name hive.metastore.metadb.dir does not exist
2024-04-24T03:14:07,173  WARN [main] conf.HiveConf: HiveConf of name hive.metastore.client.cache.maxSize does not exist
2024-04-24T03:14:07,173  WARN [main] conf.HiveConf: HiveConf of name hive.llap.io.cache.orc.alloc.max does not exist
2024-04-24T03:14:07,188  INFO [main] persistence.HashMapWrapper: Key count from statistics is -1; setting map size to 100000
]]></system-err>
  </testcase>
  <testcase name="testLong5" classname="org.apache.hadoop.hive.ql.exec.vector.mapjoin.TestMapJoinOperator" time="0.281">
    <error type="java.lang.IndexOutOfBoundsException"><![CDATA[java.lang.IndexOutOfBoundsException: Index: 1, Size: 1
	at java.util.ArrayList.rangeCheck(ArrayList.java:659)
	at java.util.ArrayList.get(ArrayList.java:435)
	at org.apache.hadoop.hive.ql.exec.vector.mapjoin.MapJoinTestConfig.loadTableContainerData(MapJoinTestConfig.java:762)
	at org.apache.hadoop.hive.ql.exec.vector.mapjoin.MapJoinTestConfig.createMapJoin(MapJoinTestConfig.java:846)
	at org.apache.hadoop.hive.ql.exec.vector.mapjoin.MapJoinTestConfig.createMapJoinImplementation(MapJoinTestConfig.java:988)
	at org.apache.hadoop.hive.ql.exec.vector.mapjoin.MapJoinTestConfig.createMapJoinImplementation(MapJoinTestConfig.java:971)
	at org.apache.hadoop.hive.ql.exec.vector.mapjoin.TestMapJoinOperator.executeTestImplementation(TestMapJoinOperator.java:1968)
	at org.apache.hadoop.hive.ql.exec.vector.mapjoin.TestMapJoinOperator.executeRowModeHashMap(TestMapJoinOperator.java:1894)
	at org.apache.hadoop.hive.ql.exec.vector.mapjoin.TestMapJoinOperator.doExecuteTest(TestMapJoinOperator.java:1853)
	at org.apache.hadoop.hive.ql.exec.vector.mapjoin.TestMapJoinOperator.executeTestOuter(TestMapJoinOperator.java:1822)
	at org.apache.hadoop.hive.ql.exec.vector.mapjoin.TestMapJoinOperator.executeTest(TestMapJoinOperator.java:1792)
	at org.apache.hadoop.hive.ql.exec.vector.mapjoin.TestMapJoinOperator.doTestLong5(TestMapJoinOperator.java:800)
	at org.apache.hadoop.hive.ql.exec.vector.mapjoin.TestMapJoinOperator.testLong5(TestMapJoinOperator.java:736)
	at sun.reflect.NativeMethodAccessorImpl.invoke0(Native Method)
	at sun.reflect.NativeMethodAccessorImpl.invoke(NativeMethodAccessorImpl.java:62)
	at sun.reflect.DelegatingMethodAccessorImpl.invoke(DelegatingMethodAccessorImpl.java:43)
	at java.lang.reflect.Method.invoke(Method.java:498)
	at org.junit.runners.model.FrameworkMethod$1.runReflectiveCall(FrameworkMethod.java:59)
	at org.junit.internal.runners.model.ReflectiveCallable.run(ReflectiveCallable.java:12)
	at org.junit.runners.model.FrameworkMethod.invokeExplosively(FrameworkMethod.java:56)
	at org.junit.internal.runners.statements.InvokeMethod.evaluate(InvokeMethod.java:17)
	at org.junit.runners.ParentRunner$3.evaluate(ParentRunner.java:306)
	at org.junit.runners.BlockJUnit4ClassRunner$1.evaluate(BlockJUnit4ClassRunner.java:100)
	at org.junit.runners.ParentRunner.runLeaf(ParentRunner.java:366)
	at org.junit.runners.BlockJUnit4ClassRunner.runChild(BlockJUnit4ClassRunner.java:103)
	at org.junit.runners.BlockJUnit4ClassRunner.runChild(BlockJUnit4ClassRunner.java:63)
	at org.junit.runners.ParentRunner$4.run(ParentRunner.java:331)
	at org.junit.runners.ParentRunner$1.schedule(ParentRunner.java:79)
	at org.junit.runners.ParentRunner.runChildren(ParentRunner.java:329)
	at org.junit.runners.ParentRunner.access$100(ParentRunner.java:66)
	at org.junit.runners.ParentRunner$2.evaluate(ParentRunner.java:293)
	at org.junit.runners.ParentRunner$3.evaluate(ParentRunner.java:306)
	at org.junit.runners.ParentRunner.run(ParentRunner.java:413)
	at org.junit.runner.JUnitCore.run(JUnitCore.java:137)
	at org.junit.runner.JUnitCore.run(JUnitCore.java:115)
	at org.junit.vintage.engine.execution.RunnerExecutor.execute(RunnerExecutor.java:43)
	at java.util.stream.ForEachOps$ForEachOp$OfRef.accept(ForEachOps.java:183)
	at java.util.stream.ReferencePipeline$3$1.accept(ReferencePipeline.java:193)
	at java.util.Iterator.forEachRemaining(Iterator.java:116)
	at java.util.Spliterators$IteratorSpliterator.forEachRemaining(Spliterators.java:1801)
	at java.util.stream.AbstractPipeline.copyInto(AbstractPipeline.java:482)
	at java.util.stream.AbstractPipeline.wrapAndCopyInto(AbstractPipeline.java:472)
	at java.util.stream.ForEachOps$ForEachOp.evaluateSequential(ForEachOps.java:150)
	at java.util.stream.ForEachOps$ForEachOp$OfRef.evaluateSequential(ForEachOps.java:173)
	at java.util.stream.AbstractPipeline.evaluate(AbstractPipeline.java:234)
	at java.util.stream.ReferencePipeline.forEach(ReferencePipeline.java:485)
	at org.junit.vintage.engine.VintageTestEngine.executeAllChildren(VintageTestEngine.java:82)
	at org.junit.vintage.engine.VintageTestEngine.execute(VintageTestEngine.java:73)
	at org.junit.platform.launcher.core.DefaultLauncher.execute(DefaultLauncher.java:248)
	at org.junit.platform.launcher.core.DefaultLauncher.lambda$execute$5(DefaultLauncher.java:211)
	at org.junit.platform.launcher.core.DefaultLauncher.withInterceptedStreams(DefaultLauncher.java:226)
	at org.junit.platform.launcher.core.DefaultLauncher.execute(DefaultLauncher.java:199)
	at org.junit.platform.launcher.core.DefaultLauncher.execute(DefaultLauncher.java:132)
	at org.apache.maven.surefire.junitplatform.JUnitPlatformProvider.invokeAllTests(JUnitPlatformProvider.java:154)
	at org.apache.maven.surefire.junitplatform.JUnitPlatformProvider.invoke(JUnitPlatformProvider.java:123)
	at org.apache.maven.surefire.booter.ForkedBooter.runSuitesInProcess(ForkedBooter.java:377)
	at org.apache.maven.surefire.booter.ForkedBooter.execute(ForkedBooter.java:138)
	at org.apache.maven.surefire.booter.ForkedBooter.run(ForkedBooter.java:465)
	at org.apache.maven.surefire.booter.ForkedBooter.main(ForkedBooter.java:451)
]]></error>
    <system-out><![CDATA[*BENCHMARK* expectedTestRowMultiSet  totalKeyCount 0 totalValueCount 0
*BENCHMARK* Starting implementation ROW_MODE_HASH_MAP variation INNER_BIG_ONLY title testLong5
*BENCHMARK* executeTestImplementation row count 0
*BENCHMARK* testLong5 verify succeeded  for implementation ROW_MODE_HASH_MAP variation INNER_BIG_ONLY
*BENCHMARK* Starting implementation ROW_MODE_OPTIMIZED variation INNER_BIG_ONLY title testLong5
*BENCHMARK* executeTestImplementation row count 0
*BENCHMARK* testLong5 verify succeeded  for implementation ROW_MODE_OPTIMIZED variation INNER_BIG_ONLY
*BENCHMARK* Starting implementation VECTOR_PASS_THROUGH variation INNER_BIG_ONLY title testLong5
*BENCHMARK* executeTestImplementation row count 0
*BENCHMARK* testLong5 verify succeeded  for implementation VECTOR_PASS_THROUGH variation INNER_BIG_ONLY
*BENCHMARK* Starting implementation NATIVE_VECTOR_OPTIMIZED variation INNER_BIG_ONLY title testLong5
*BENCHMARK* createNativeVectorMapJoinOperator VectorMapJoinInnerBigOnlyLongOperator
*BENCHMARK* executeTestImplementation row count 0
*BENCHMARK* testLong5 verify succeeded  for implementation NATIVE_VECTOR_OPTIMIZED variation INNER_BIG_ONLY
*BENCHMARK* Starting implementation NATIVE_VECTOR_FAST variation INNER_BIG_ONLY title testLong5
*BENCHMARK* createNativeVectorMapJoinOperator VectorMapJoinInnerBigOnlyLongOperator
*BENCHMARK* executeTestImplementation row count 0
*BENCHMARK* testLong5 verify succeeded  for implementation NATIVE_VECTOR_FAST variation INNER_BIG_ONLY
*BENCHMARK* expectedTestRowMultiSet  totalKeyCount 0 totalValueCount 0
*BENCHMARK* Starting implementation ROW_MODE_HASH_MAP variation LEFT_SEMI title testLong5
*BENCHMARK* executeTestImplementation row count 0
*BENCHMARK* testLong5 verify succeeded  for implementation ROW_MODE_HASH_MAP variation LEFT_SEMI
*BENCHMARK* Starting implementation ROW_MODE_OPTIMIZED variation LEFT_SEMI title testLong5
*BENCHMARK* executeTestImplementation row count 0
*BENCHMARK* testLong5 verify succeeded  for implementation ROW_MODE_OPTIMIZED variation LEFT_SEMI
*BENCHMARK* Starting implementation VECTOR_PASS_THROUGH variation LEFT_SEMI title testLong5
*BENCHMARK* executeTestImplementation row count 0
*BENCHMARK* testLong5 verify succeeded  for implementation VECTOR_PASS_THROUGH variation LEFT_SEMI
*BENCHMARK* Starting implementation NATIVE_VECTOR_OPTIMIZED variation LEFT_SEMI title testLong5
*BENCHMARK* createNativeVectorMapJoinOperator VectorMapJoinLeftSemiLongOperator
*BENCHMARK* executeTestImplementation row count 0
*BENCHMARK* testLong5 verify succeeded  for implementation NATIVE_VECTOR_OPTIMIZED variation LEFT_SEMI
*BENCHMARK* Starting implementation NATIVE_VECTOR_FAST variation LEFT_SEMI title testLong5
*BENCHMARK* createNativeVectorMapJoinOperator VectorMapJoinLeftSemiLongOperator
*BENCHMARK* executeTestImplementation row count 0
*BENCHMARK* testLong5 verify succeeded  for implementation NATIVE_VECTOR_FAST variation LEFT_SEMI
*BENCHMARK* expectedTestRowMultiSet  totalKeyCount 10 totalValueCount 10
*BENCHMARK* Starting implementation ROW_MODE_HASH_MAP variation OUTER title testLong5
]]></system-out>
    <system-err><![CDATA[2024-04-24T03:14:07,219  WARN [main] conf.HiveConf: HiveConf of name hive.dummyparam.test.server.specific.config.override does not exist
2024-04-24T03:14:07,220  WARN [main] conf.HiveConf: HiveConf of name hive.llap.io.cache.orc.alloc.max does not exist
2024-04-24T03:14:07,220  WARN [main] conf.HiveConf: HiveConf of name hive.metastore.metadb.dir does not exist
2024-04-24T03:14:07,220  WARN [main] conf.HiveConf: HiveConf of name hive.metastore.client.cache.recordStats does not exist
2024-04-24T03:14:07,220  WARN [main] conf.HiveConf: HiveConf of name hive.llap.io.cache.orc.size does not exist
2024-04-24T03:14:07,220  WARN [main] conf.HiveConf: HiveConf of name hive.metastore.client.cache.maxSize does not exist
2024-04-24T03:14:07,220  WARN [main] conf.HiveConf: HiveConf of name hive.llap.io.cache.orc.alloc.min does not exist
2024-04-24T03:14:07,220  WARN [main] conf.HiveConf: HiveConf of name hive.dummyparam.test.server.specific.config.hivesite does not exist
2024-04-24T03:14:07,220  WARN [main] conf.HiveConf: HiveConf of name hive.dummyparam.test.server.specific.config.metastoresite does not exist
2024-04-24T03:14:07,220  WARN [main] conf.HiveConf: HiveConf of name hive.llap.io.cache.orc.arena.size does not exist
2024-04-24T03:14:07,221  WARN [main] conf.HiveConf: HiveConf of name hive.stats.key.prefix.reserve.length does not exist
2024-04-24T03:14:07,246  WARN [main] conf.HiveConf: HiveConf of name hive.stats.key.prefix.reserve.length does not exist
2024-04-24T03:14:07,246  WARN [main] conf.HiveConf: HiveConf of name hive.llap.io.cache.orc.size does not exist
2024-04-24T03:14:07,246  WARN [main] conf.HiveConf: HiveConf of name hive.dummyparam.test.server.specific.config.override does not exist
2024-04-24T03:14:07,246  WARN [main] conf.HiveConf: HiveConf of name hive.metastore.client.cache.maxSize does not exist
2024-04-24T03:14:07,246  WARN [main] conf.HiveConf: HiveConf of name hive.llap.io.cache.orc.alloc.max does not exist
2024-04-24T03:14:07,246  WARN [main] conf.HiveConf: HiveConf of name hive.metastore.metadb.dir does not exist
2024-04-24T03:14:07,246  WARN [main] conf.HiveConf: HiveConf of name hive.llap.io.cache.orc.arena.size does not exist
2024-04-24T03:14:07,246  WARN [main] conf.HiveConf: HiveConf of name hive.llap.io.cache.orc.alloc.min does not exist
2024-04-24T03:14:07,247  WARN [main] conf.HiveConf: HiveConf of name hive.dummyparam.test.server.specific.config.metastoresite does not exist
2024-04-24T03:14:07,247  WARN [main] conf.HiveConf: HiveConf of name hive.metastore.client.cache.recordStats does not exist
2024-04-24T03:14:07,247  WARN [main] conf.HiveConf: HiveConf of name hive.dummyparam.test.server.specific.config.hivesite does not exist
2024-04-24T03:14:07,270  INFO [main] persistence.HashMapWrapper: Key count from statistics is -1; setting map size to 100000
2024-04-24T03:14:07,283  INFO [main] exec.MapJoinOperator: Initializing Operator: MAPJOIN[0]
2024-04-24T03:14:07,285  INFO [main] exec.CommonJoinOperator: JOIN struct<out1:bigint,out2:bigint> totalsz = 2
2024-04-24T03:14:07,286  INFO [main] mapjoin.MapJoinTestConfig$TestMultiSetCollectorOperator: Initializing Operator: TestMultiSetCollectorOperator[null]
2024-04-24T03:14:07,287  INFO [main] exec.MapJoinOperator: Closing Operator: MAPJOIN[0]
2024-04-24T03:14:07,287  INFO [main] exec.MapJoinOperator: RECORDS_OUT_OPERATOR_MAPJOIN_0:0, RECORDS_OUT_INTERMEDIATE:0, 
2024-04-24T03:14:07,287  INFO [main] mapjoin.MapJoinTestConfig$TestMultiSetCollectorOperator: Closing Operator: TestMultiSetCollectorOperator[null]
2024-04-24T03:14:07,287  INFO [main] mapjoin.MapJoinTestConfig$TestMultiSetCollectorOperator: RECORDS_OUT_OPERATOR_null:0, RECORDS_OUT_INTERMEDIATE:0, 
2024-04-24T03:14:07,288  INFO [main] persistence.HashMapWrapper: Key count from statistics is 7677; setting map size to 10340
2024-04-24T03:14:07,288  INFO [main] persistence.MapJoinTableContainer: Initializing container with org.apache.hadoop.hive.serde2.binarysortable.BinarySortableSerDe and org.apache.hadoop.hive.serde2.lazybinary.LazyBinarySerDe
2024-04-24T03:14:07,292  INFO [main] exec.MapJoinOperator: Initializing Operator: MAPJOIN[0]
2024-04-24T03:14:07,293  INFO [main] exec.CommonJoinOperator: JOIN struct<out1:bigint,out2:bigint> totalsz = 2
2024-04-24T03:14:07,294  INFO [main] mapjoin.MapJoinTestConfig$TestMultiSetCollectorOperator: Initializing Operator: TestMultiSetCollectorOperator[null]
2024-04-24T03:14:07,294  INFO [main] exec.MapJoinOperator: Closing Operator: MAPJOIN[0]
2024-04-24T03:14:07,294  INFO [main] persistence.BytesBytesMultiHashMap: Map metrics: keys allocated 16384, keys assigned 7677, write conflict 2885, write max dist 9, read conflict 12, expanded 0 times in 0ms
2024-04-24T03:14:07,294  INFO [main] exec.MapJoinOperator: RECORDS_OUT_OPERATOR_MAPJOIN_0:0, RECORDS_OUT_INTERMEDIATE:0, 
2024-04-24T03:14:07,295  INFO [main] mapjoin.MapJoinTestConfig$TestMultiSetCollectorOperator: Closing Operator: TestMultiSetCollectorOperator[null]
2024-04-24T03:14:07,295  INFO [main] mapjoin.MapJoinTestConfig$TestMultiSetCollectorOperator: RECORDS_OUT_INTERMEDIATE:0, RECORDS_OUT_OPERATOR_null:0, 
2024-04-24T03:14:07,295  INFO [main] persistence.HashMapWrapper: Key count from statistics is 7677; setting map size to 10340
2024-04-24T03:14:07,295  INFO [main] persistence.MapJoinTableContainer: Initializing container with org.apache.hadoop.hive.serde2.binarysortable.BinarySortableSerDe and org.apache.hadoop.hive.serde2.lazybinary.LazyBinarySerDe
2024-04-24T03:14:07,299  INFO [main] vector.VectorMapJoinOperator: Initializing Operator: MAPJOIN[0]
2024-04-24T03:14:07,301  INFO [main] exec.CommonJoinOperator: JOIN struct<out1:bigint,out2:bigint> totalsz = 2
2024-04-24T03:14:07,302  INFO [main] mapjoin.MapJoinTestConfig$TestMultiSetVectorCollectorOperator: Initializing Operator: TestMultiSetVectorCollectorOperator[null]
2024-04-24T03:14:07,302  INFO [main] vector.VectorMapJoinOperator: Closing Operator: MAPJOIN[0]
2024-04-24T03:14:07,302  INFO [main] persistence.BytesBytesMultiHashMap: Map metrics: keys allocated 16384, keys assigned 7677, write conflict 2935, write max dist 13, read conflict 13, expanded 0 times in 0ms
2024-04-24T03:14:07,302  INFO [main] persistence.BytesBytesMultiHashMap: Map metrics: keys allocated 16384, keys assigned 7677, write conflict 2935, write max dist 13, read conflict 13, expanded 0 times in 0ms
2024-04-24T03:14:07,302  INFO [main] vector.VectorMapJoinOperator: RECORDS_OUT_OPERATOR_MAPJOIN_0:0, RECORDS_OUT_INTERMEDIATE:0, 
2024-04-24T03:14:07,302  INFO [main] mapjoin.MapJoinTestConfig$TestMultiSetVectorCollectorOperator: Closing Operator: TestMultiSetVectorCollectorOperator[null]
2024-04-24T03:14:07,303  INFO [main] mapjoin.MapJoinTestConfig$TestMultiSetVectorCollectorOperator: RECORDS_OUT_OPERATOR_null:0, RECORDS_OUT_INTERMEDIATE:0, 
2024-04-24T03:14:07,303  INFO [main] persistence.HashMapWrapper: Key count from statistics is 7677; setting map size to 10340
2024-04-24T03:14:07,303  INFO [main] persistence.MapJoinTableContainer: Initializing container with org.apache.hadoop.hive.serde2.binarysortable.BinarySortableSerDe and org.apache.hadoop.hive.serde2.lazybinary.LazyBinarySerDe
2024-04-24T03:14:07,306  INFO [main] mapjoin.VectorMapJoinCommonOperator: org.apache.hadoop.hive.ql.exec.vector.mapjoin.VectorMapJoinInnerBigOnlyLongOperator order [0, 1]
2024-04-24T03:14:07,306  INFO [main] mapjoin.VectorMapJoinCommonOperator: org.apache.hadoop.hive.ql.exec.vector.mapjoin.VectorMapJoinInnerBigOnlyLongOperator posBigTable 0
2024-04-24T03:14:07,306  INFO [main] mapjoin.VectorMapJoinCommonOperator: org.apache.hadoop.hive.ql.exec.vector.mapjoin.VectorMapJoinInnerBigOnlyLongOperator posSingleVectorMapJoinSmallTable 1
2024-04-24T03:14:07,306  INFO [main] mapjoin.VectorMapJoinCommonOperator: org.apache.hadoop.hive.ql.exec.vector.mapjoin.VectorMapJoinInnerBigOnlyLongOperator bigTableKeyColumnMap [0]
2024-04-24T03:14:07,306  INFO [main] mapjoin.VectorMapJoinCommonOperator: org.apache.hadoop.hive.ql.exec.vector.mapjoin.VectorMapJoinInnerBigOnlyLongOperator bigTableKeyColumnNames [_col0]
2024-04-24T03:14:07,306  INFO [main] mapjoin.VectorMapJoinCommonOperator: org.apache.hadoop.hive.ql.exec.vector.mapjoin.VectorMapJoinInnerBigOnlyLongOperator bigTableKeyTypeInfos [bigint]
2024-04-24T03:14:07,306  INFO [main] mapjoin.VectorMapJoinCommonOperator: org.apache.hadoop.hive.ql.exec.vector.mapjoin.VectorMapJoinInnerBigOnlyLongOperator bigTableValueColumnMap [0]
2024-04-24T03:14:07,306  INFO [main] mapjoin.VectorMapJoinCommonOperator: org.apache.hadoop.hive.ql.exec.vector.mapjoin.VectorMapJoinInnerBigOnlyLongOperator bigTableValueColumnNames [_col0]
2024-04-24T03:14:07,306  INFO [main] mapjoin.VectorMapJoinCommonOperator: org.apache.hadoop.hive.ql.exec.vector.mapjoin.VectorMapJoinInnerBigOnlyLongOperator bigTableValueTypeNames [bigint]
2024-04-24T03:14:07,306  INFO [main] mapjoin.VectorMapJoinCommonOperator: org.apache.hadoop.hive.ql.exec.vector.mapjoin.VectorMapJoinInnerBigOnlyLongOperator getBigTableRetainColumnMap [0]
2024-04-24T03:14:07,306  INFO [main] mapjoin.VectorMapJoinCommonOperator: org.apache.hadoop.hive.ql.exec.vector.mapjoin.VectorMapJoinInnerBigOnlyLongOperator bigTableRetainTypeInfos [bigint]
2024-04-24T03:14:07,307  INFO [main] mapjoin.VectorMapJoinCommonOperator: org.apache.hadoop.hive.ql.exec.vector.mapjoin.VectorMapJoinInnerBigOnlyLongOperator nonOuterSmallTableKeyColumnMap []
2024-04-24T03:14:07,307  INFO [main] mapjoin.VectorMapJoinCommonOperator: org.apache.hadoop.hive.ql.exec.vector.mapjoin.VectorMapJoinInnerBigOnlyLongOperator nonOuterSmallTableKeyTypeInfos []
2024-04-24T03:14:07,307  INFO [main] mapjoin.VectorMapJoinCommonOperator: org.apache.hadoop.hive.ql.exec.vector.mapjoin.VectorMapJoinInnerBigOnlyLongOperator outerSmallTableKeyMapping source columns: [], output columns: [], type infos: []
2024-04-24T03:14:07,307  INFO [main] mapjoin.VectorMapJoinCommonOperator: org.apache.hadoop.hive.ql.exec.vector.mapjoin.VectorMapJoinInnerBigOnlyLongOperator fullOuterSmallTableKeyMapping source columns: [], output columns: [], type infos: []
2024-04-24T03:14:07,307  INFO [main] mapjoin.VectorMapJoinCommonOperator: org.apache.hadoop.hive.ql.exec.vector.mapjoin.VectorMapJoinInnerBigOnlyLongOperator smallTableValueMapping source columns: [], output columns: [], type infos: []
2024-04-24T03:14:07,307  INFO [main] mapjoin.VectorMapJoinCommonOperator: org.apache.hadoop.hive.ql.exec.vector.mapjoin.VectorMapJoinInnerBigOnlyLongOperator bigTableByteColumnVectorColumns []
2024-04-24T03:14:07,307  INFO [main] mapjoin.VectorMapJoinCommonOperator: org.apache.hadoop.hive.ql.exec.vector.mapjoin.VectorMapJoinInnerBigOnlyLongOperator smallTableByteColumnVectorColumns []
2024-04-24T03:14:07,307  INFO [main] mapjoin.VectorMapJoinCommonOperator: org.apache.hadoop.hive.ql.exec.vector.mapjoin.VectorMapJoinInnerBigOnlyLongOperator outputProjection [0, 0]
2024-04-24T03:14:07,307  INFO [main] mapjoin.VectorMapJoinCommonOperator: org.apache.hadoop.hive.ql.exec.vector.mapjoin.VectorMapJoinInnerBigOnlyLongOperator outputTypeInfos [bigint, bigint]
2024-04-24T03:14:07,307  INFO [main] mapjoin.VectorMapJoinCommonOperator: org.apache.hadoop.hive.ql.exec.vector.mapjoin.VectorMapJoinInnerBigOnlyLongOperator mapJoinDesc.getKeysString {0=_col0 (type: bigint), 1=_col0 (type: bigint)}
2024-04-24T03:14:07,307  INFO [main] mapjoin.VectorMapJoinCommonOperator: org.apache.hadoop.hive.ql.exec.vector.mapjoin.VectorMapJoinInnerBigOnlyLongOperator mapJoinDesc.getValueIndices +1 [0]
2024-04-24T03:14:07,307  INFO [main] mapjoin.VectorMapJoinCommonOperator: org.apache.hadoop.hive.ql.exec.vector.mapjoin.VectorMapJoinInnerBigOnlyLongOperator mapJoinDesc.getExprs {1=[Column[_col0]], 0=[Column[_col0]]}
2024-04-24T03:14:07,307  INFO [main] mapjoin.VectorMapJoinCommonOperator: org.apache.hadoop.hive.ql.exec.vector.mapjoin.VectorMapJoinInnerBigOnlyLongOperator mapJoinDesc.getRetainList {0=[0]}
2024-04-24T03:14:07,307  INFO [main] mapjoin.VectorMapJoinInnerBigOnlyLongOperator: Initializing Operator: MAPJOIN[0]
2024-04-24T03:14:07,309  INFO [main] exec.CommonJoinOperator: JOIN struct<out1:bigint,out2:bigint> totalsz = 2
2024-04-24T03:14:07,310  INFO [main] mapjoin.MapJoinTestConfig$TestMultiSetVectorCollectorOperator: Initializing Operator: TestMultiSetVectorCollectorOperator[null]
2024-04-24T03:14:07,310  INFO [main] mapjoin.VectorMapJoinCommonOperator: Using VectorMapJoinOptimizedLongHashMultiSet from VectorMapJoinInnerBigOnlyLongOperator
2024-04-24T03:14:07,310  INFO [main] mapjoin.VectorMapJoinInnerBigOnlyLongOperator: Closing Operator: MAPJOIN[0]
2024-04-24T03:14:07,310  INFO [main] persistence.BytesBytesMultiHashMap: Map metrics: keys allocated 16384, keys assigned 7677, write conflict 2879, write max dist 9, read conflict 13, expanded 0 times in 0ms
2024-04-24T03:14:07,311  INFO [main] mapjoin.VectorMapJoinInnerBigOnlyLongOperator: RECORDS_OUT_OPERATOR_MAPJOIN_0:0, RECORDS_OUT_INTERMEDIATE:0, 
2024-04-24T03:14:07,311  INFO [main] mapjoin.MapJoinTestConfig$TestMultiSetVectorCollectorOperator: Closing Operator: TestMultiSetVectorCollectorOperator[null]
2024-04-24T03:14:07,311  INFO [main] mapjoin.MapJoinTestConfig$TestMultiSetVectorCollectorOperator: RECORDS_OUT_OPERATOR_null:0, RECORDS_OUT_INTERMEDIATE:0, 
2024-04-24T03:14:07,311  INFO [main] persistence.HashMapWrapper: Key count from statistics is 7677; setting map size to 10340
2024-04-24T03:14:07,332  INFO [main] mapjoin.VectorMapJoinCommonOperator: org.apache.hadoop.hive.ql.exec.vector.mapjoin.VectorMapJoinInnerBigOnlyLongOperator order [0, 1]
2024-04-24T03:14:07,332  INFO [main] mapjoin.VectorMapJoinCommonOperator: org.apache.hadoop.hive.ql.exec.vector.mapjoin.VectorMapJoinInnerBigOnlyLongOperator posBigTable 0
2024-04-24T03:14:07,332  INFO [main] mapjoin.VectorMapJoinCommonOperator: org.apache.hadoop.hive.ql.exec.vector.mapjoin.VectorMapJoinInnerBigOnlyLongOperator posSingleVectorMapJoinSmallTable 1
2024-04-24T03:14:07,333  INFO [main] mapjoin.VectorMapJoinCommonOperator: org.apache.hadoop.hive.ql.exec.vector.mapjoin.VectorMapJoinInnerBigOnlyLongOperator bigTableKeyColumnMap [0]
2024-04-24T03:14:07,333  INFO [main] mapjoin.VectorMapJoinCommonOperator: org.apache.hadoop.hive.ql.exec.vector.mapjoin.VectorMapJoinInnerBigOnlyLongOperator bigTableKeyColumnNames [_col0]
2024-04-24T03:14:07,333  INFO [main] mapjoin.VectorMapJoinCommonOperator: org.apache.hadoop.hive.ql.exec.vector.mapjoin.VectorMapJoinInnerBigOnlyLongOperator bigTableKeyTypeInfos [bigint]
2024-04-24T03:14:07,333  INFO [main] mapjoin.VectorMapJoinCommonOperator: org.apache.hadoop.hive.ql.exec.vector.mapjoin.VectorMapJoinInnerBigOnlyLongOperator bigTableValueColumnMap [0]
2024-04-24T03:14:07,333  INFO [main] mapjoin.VectorMapJoinCommonOperator: org.apache.hadoop.hive.ql.exec.vector.mapjoin.VectorMapJoinInnerBigOnlyLongOperator bigTableValueColumnNames [_col0]
2024-04-24T03:14:07,333  INFO [main] mapjoin.VectorMapJoinCommonOperator: org.apache.hadoop.hive.ql.exec.vector.mapjoin.VectorMapJoinInnerBigOnlyLongOperator bigTableValueTypeNames [bigint]
2024-04-24T03:14:07,333  INFO [main] mapjoin.VectorMapJoinCommonOperator: org.apache.hadoop.hive.ql.exec.vector.mapjoin.VectorMapJoinInnerBigOnlyLongOperator getBigTableRetainColumnMap [0]
2024-04-24T03:14:07,333  INFO [main] mapjoin.VectorMapJoinCommonOperator: org.apache.hadoop.hive.ql.exec.vector.mapjoin.VectorMapJoinInnerBigOnlyLongOperator bigTableRetainTypeInfos [bigint]
2024-04-24T03:14:07,333  INFO [main] mapjoin.VectorMapJoinCommonOperator: org.apache.hadoop.hive.ql.exec.vector.mapjoin.VectorMapJoinInnerBigOnlyLongOperator nonOuterSmallTableKeyColumnMap []
2024-04-24T03:14:07,333  INFO [main] mapjoin.VectorMapJoinCommonOperator: org.apache.hadoop.hive.ql.exec.vector.mapjoin.VectorMapJoinInnerBigOnlyLongOperator nonOuterSmallTableKeyTypeInfos []
2024-04-24T03:14:07,333  INFO [main] mapjoin.VectorMapJoinCommonOperator: org.apache.hadoop.hive.ql.exec.vector.mapjoin.VectorMapJoinInnerBigOnlyLongOperator outerSmallTableKeyMapping source columns: [], output columns: [], type infos: []
2024-04-24T03:14:07,333  INFO [main] mapjoin.VectorMapJoinCommonOperator: org.apache.hadoop.hive.ql.exec.vector.mapjoin.VectorMapJoinInnerBigOnlyLongOperator fullOuterSmallTableKeyMapping source columns: [], output columns: [], type infos: []
2024-04-24T03:14:07,333  INFO [main] mapjoin.VectorMapJoinCommonOperator: org.apache.hadoop.hive.ql.exec.vector.mapjoin.VectorMapJoinInnerBigOnlyLongOperator smallTableValueMapping source columns: [], output columns: [], type infos: []
2024-04-24T03:14:07,333  INFO [main] mapjoin.VectorMapJoinCommonOperator: org.apache.hadoop.hive.ql.exec.vector.mapjoin.VectorMapJoinInnerBigOnlyLongOperator bigTableByteColumnVectorColumns []
2024-04-24T03:14:07,333  INFO [main] mapjoin.VectorMapJoinCommonOperator: org.apache.hadoop.hive.ql.exec.vector.mapjoin.VectorMapJoinInnerBigOnlyLongOperator smallTableByteColumnVectorColumns []
2024-04-24T03:14:07,333  INFO [main] mapjoin.VectorMapJoinCommonOperator: org.apache.hadoop.hive.ql.exec.vector.mapjoin.VectorMapJoinInnerBigOnlyLongOperator outputProjection [0, 0]
2024-04-24T03:14:07,333  INFO [main] mapjoin.VectorMapJoinCommonOperator: org.apache.hadoop.hive.ql.exec.vector.mapjoin.VectorMapJoinInnerBigOnlyLongOperator outputTypeInfos [bigint, bigint]
2024-04-24T03:14:07,333  INFO [main] mapjoin.VectorMapJoinCommonOperator: org.apache.hadoop.hive.ql.exec.vector.mapjoin.VectorMapJoinInnerBigOnlyLongOperator mapJoinDesc.getKeysString {0=_col0 (type: bigint), 1=_col0 (type: bigint)}
2024-04-24T03:14:07,333  INFO [main] mapjoin.VectorMapJoinCommonOperator: org.apache.hadoop.hive.ql.exec.vector.mapjoin.VectorMapJoinInnerBigOnlyLongOperator mapJoinDesc.getValueIndices +1 [0]
2024-04-24T03:14:07,333  INFO [main] mapjoin.VectorMapJoinCommonOperator: org.apache.hadoop.hive.ql.exec.vector.mapjoin.VectorMapJoinInnerBigOnlyLongOperator mapJoinDesc.getExprs {1=[Column[_col0]], 0=[Column[_col0]]}
2024-04-24T03:14:07,333  INFO [main] mapjoin.VectorMapJoinCommonOperator: org.apache.hadoop.hive.ql.exec.vector.mapjoin.VectorMapJoinInnerBigOnlyLongOperator mapJoinDesc.getRetainList {0=[0]}
2024-04-24T03:14:07,333  INFO [main] mapjoin.VectorMapJoinInnerBigOnlyLongOperator: Initializing Operator: MAPJOIN[0]
2024-04-24T03:14:07,335  INFO [main] exec.CommonJoinOperator: JOIN struct<out1:bigint,out2:bigint> totalsz = 2
2024-04-24T03:14:07,336  INFO [main] mapjoin.MapJoinTestConfig$TestMultiSetVectorCollectorOperator: Initializing Operator: TestMultiSetVectorCollectorOperator[null]
2024-04-24T03:14:07,336  INFO [main] mapjoin.VectorMapJoinCommonOperator: Using VectorMapJoinFastLongHashMultiSet from VectorMapJoinInnerBigOnlyLongOperator
2024-04-24T03:14:07,336  INFO [main] mapjoin.VectorMapJoinInnerBigOnlyLongOperator: Closing Operator: MAPJOIN[0]
2024-04-24T03:14:07,337  INFO [main] mapjoin.VectorMapJoinInnerBigOnlyLongOperator: RECORDS_OUT_OPERATOR_MAPJOIN_0:0, RECORDS_OUT_INTERMEDIATE:0, 
2024-04-24T03:14:07,337  INFO [main] mapjoin.MapJoinTestConfig$TestMultiSetVectorCollectorOperator: Closing Operator: TestMultiSetVectorCollectorOperator[null]
2024-04-24T03:14:07,337  INFO [main] mapjoin.MapJoinTestConfig$TestMultiSetVectorCollectorOperator: RECORDS_OUT_OPERATOR_null:0, RECORDS_OUT_INTERMEDIATE:0, 
2024-04-24T03:14:07,364  WARN [main] conf.HiveConf: HiveConf of name hive.metastore.metadb.dir does not exist
2024-04-24T03:14:07,364  WARN [main] conf.HiveConf: HiveConf of name hive.dummyparam.test.server.specific.config.override does not exist
2024-04-24T03:14:07,364  WARN [main] conf.HiveConf: HiveConf of name hive.llap.io.cache.orc.alloc.max does not exist
2024-04-24T03:14:07,364  WARN [main] conf.HiveConf: HiveConf of name hive.metastore.client.cache.maxSize does not exist
2024-04-24T03:14:07,364  WARN [main] conf.HiveConf: HiveConf of name hive.dummyparam.test.server.specific.config.metastoresite does not exist
2024-04-24T03:14:07,364  WARN [main] conf.HiveConf: HiveConf of name hive.metastore.client.cache.recordStats does not exist
2024-04-24T03:14:07,364  WARN [main] conf.HiveConf: HiveConf of name hive.llap.io.cache.orc.size does not exist
2024-04-24T03:14:07,364  WARN [main] conf.HiveConf: HiveConf of name hive.llap.io.cache.orc.alloc.min does not exist
2024-04-24T03:14:07,364  WARN [main] conf.HiveConf: HiveConf of name hive.llap.io.cache.orc.arena.size does not exist
2024-04-24T03:14:07,364  WARN [main] conf.HiveConf: HiveConf of name hive.stats.key.prefix.reserve.length does not exist
2024-04-24T03:14:07,364  WARN [main] conf.HiveConf: HiveConf of name hive.dummyparam.test.server.specific.config.hivesite does not exist
2024-04-24T03:14:07,372  INFO [main] persistence.HashMapWrapper: Key count from statistics is -1; setting map size to 100000
2024-04-24T03:14:07,378  INFO [main] exec.MapJoinOperator: Initializing Operator: MAPJOIN[0]
2024-04-24T03:14:07,380  INFO [main] exec.CommonJoinOperator: JOIN struct<out1:bigint,out2:bigint> totalsz = 2
2024-04-24T03:14:07,380  INFO [main] mapjoin.MapJoinTestConfig$TestMultiSetCollectorOperator: Initializing Operator: TestMultiSetCollectorOperator[null]
2024-04-24T03:14:07,381  INFO [main] exec.MapJoinOperator: Closing Operator: MAPJOIN[0]
2024-04-24T03:14:07,381  INFO [main] exec.MapJoinOperator: RECORDS_OUT_INTERMEDIATE:0, RECORDS_OUT_OPERATOR_MAPJOIN_0:0, 
2024-04-24T03:14:07,382  INFO [main] mapjoin.MapJoinTestConfig$TestMultiSetCollectorOperator: Closing Operator: TestMultiSetCollectorOperator[null]
2024-04-24T03:14:07,382  INFO [main] mapjoin.MapJoinTestConfig$TestMultiSetCollectorOperator: RECORDS_OUT_INTERMEDIATE:0, RECORDS_OUT_OPERATOR_null:0, 
2024-04-24T03:14:07,382  INFO [main] persistence.HashMapWrapper: Key count from statistics is 7677; setting map size to 10340
2024-04-24T03:14:07,382  INFO [main] persistence.MapJoinTableContainer: Initializing container with org.apache.hadoop.hive.serde2.binarysortable.BinarySortableSerDe and org.apache.hadoop.hive.serde2.lazybinary.LazyBinarySerDe
2024-04-24T03:14:07,386  INFO [main] exec.MapJoinOperator: Initializing Operator: MAPJOIN[0]
2024-04-24T03:14:07,387  INFO [main] exec.CommonJoinOperator: JOIN struct<out1:bigint,out2:bigint> totalsz = 2
2024-04-24T03:14:07,388  INFO [main] mapjoin.MapJoinTestConfig$TestMultiSetCollectorOperator: Initializing Operator: TestMultiSetCollectorOperator[null]
2024-04-24T03:14:07,388  INFO [main] exec.MapJoinOperator: Closing Operator: MAPJOIN[0]
2024-04-24T03:14:07,388  INFO [main] persistence.BytesBytesMultiHashMap: Map metrics: keys allocated 16384, keys assigned 7677, write conflict 2888, write max dist 11, read conflict 13, expanded 0 times in 0ms
2024-04-24T03:14:07,388  INFO [main] exec.MapJoinOperator: RECORDS_OUT_OPERATOR_MAPJOIN_0:0, RECORDS_OUT_INTERMEDIATE:0, 
2024-04-24T03:14:07,388  INFO [main] mapjoin.MapJoinTestConfig$TestMultiSetCollectorOperator: Closing Operator: TestMultiSetCollectorOperator[null]
2024-04-24T03:14:07,389  INFO [main] mapjoin.MapJoinTestConfig$TestMultiSetCollectorOperator: RECORDS_OUT_OPERATOR_null:0, RECORDS_OUT_INTERMEDIATE:0, 
2024-04-24T03:14:07,389  INFO [main] persistence.HashMapWrapper: Key count from statistics is 7677; setting map size to 10340
2024-04-24T03:14:07,389  INFO [main] persistence.MapJoinTableContainer: Initializing container with org.apache.hadoop.hive.serde2.binarysortable.BinarySortableSerDe and org.apache.hadoop.hive.serde2.lazybinary.LazyBinarySerDe
2024-04-24T03:14:07,392  INFO [main] vector.VectorMapJoinOperator: Initializing Operator: MAPJOIN[0]
2024-04-24T03:14:07,394  INFO [main] exec.CommonJoinOperator: JOIN struct<out1:bigint,out2:bigint> totalsz = 2
2024-04-24T03:14:07,395  INFO [main] mapjoin.MapJoinTestConfig$TestMultiSetVectorCollectorOperator: Initializing Operator: TestMultiSetVectorCollectorOperator[null]
2024-04-24T03:14:07,395  INFO [main] vector.VectorMapJoinOperator: Closing Operator: MAPJOIN[0]
2024-04-24T03:14:07,395  INFO [main] persistence.BytesBytesMultiHashMap: Map metrics: keys allocated 16384, keys assigned 7677, write conflict 2893, write max dist 11, read conflict 13, expanded 0 times in 0ms
2024-04-24T03:14:07,395  INFO [main] persistence.BytesBytesMultiHashMap: Map metrics: keys allocated 16384, keys assigned 7677, write conflict 2893, write max dist 11, read conflict 13, expanded 0 times in 0ms
2024-04-24T03:14:07,395  INFO [main] vector.VectorMapJoinOperator: RECORDS_OUT_OPERATOR_MAPJOIN_0:0, RECORDS_OUT_INTERMEDIATE:0, 
2024-04-24T03:14:07,395  INFO [main] mapjoin.MapJoinTestConfig$TestMultiSetVectorCollectorOperator: Closing Operator: TestMultiSetVectorCollectorOperator[null]
2024-04-24T03:14:07,396  INFO [main] mapjoin.MapJoinTestConfig$TestMultiSetVectorCollectorOperator: RECORDS_OUT_INTERMEDIATE:0, RECORDS_OUT_OPERATOR_null:0, 
2024-04-24T03:14:07,396  INFO [main] persistence.HashMapWrapper: Key count from statistics is 7677; setting map size to 10340
2024-04-24T03:14:07,396  INFO [main] persistence.MapJoinTableContainer: Initializing container with org.apache.hadoop.hive.serde2.binarysortable.BinarySortableSerDe and org.apache.hadoop.hive.serde2.lazybinary.LazyBinarySerDe
2024-04-24T03:14:07,400  INFO [main] mapjoin.VectorMapJoinCommonOperator: org.apache.hadoop.hive.ql.exec.vector.mapjoin.VectorMapJoinLeftSemiLongOperator order [0, 1]
2024-04-24T03:14:07,400  INFO [main] mapjoin.VectorMapJoinCommonOperator: org.apache.hadoop.hive.ql.exec.vector.mapjoin.VectorMapJoinLeftSemiLongOperator posBigTable 0
2024-04-24T03:14:07,400  INFO [main] mapjoin.VectorMapJoinCommonOperator: org.apache.hadoop.hive.ql.exec.vector.mapjoin.VectorMapJoinLeftSemiLongOperator posSingleVectorMapJoinSmallTable 1
2024-04-24T03:14:07,400  INFO [main] mapjoin.VectorMapJoinCommonOperator: org.apache.hadoop.hive.ql.exec.vector.mapjoin.VectorMapJoinLeftSemiLongOperator bigTableKeyColumnMap [0]
2024-04-24T03:14:07,400  INFO [main] mapjoin.VectorMapJoinCommonOperator: org.apache.hadoop.hive.ql.exec.vector.mapjoin.VectorMapJoinLeftSemiLongOperator bigTableKeyColumnNames [_col0]
2024-04-24T03:14:07,400  INFO [main] mapjoin.VectorMapJoinCommonOperator: org.apache.hadoop.hive.ql.exec.vector.mapjoin.VectorMapJoinLeftSemiLongOperator bigTableKeyTypeInfos [bigint]
2024-04-24T03:14:07,400  INFO [main] mapjoin.VectorMapJoinCommonOperator: org.apache.hadoop.hive.ql.exec.vector.mapjoin.VectorMapJoinLeftSemiLongOperator bigTableValueColumnMap [0]
2024-04-24T03:14:07,400  INFO [main] mapjoin.VectorMapJoinCommonOperator: org.apache.hadoop.hive.ql.exec.vector.mapjoin.VectorMapJoinLeftSemiLongOperator bigTableValueColumnNames [_col0]
2024-04-24T03:14:07,400  INFO [main] mapjoin.VectorMapJoinCommonOperator: org.apache.hadoop.hive.ql.exec.vector.mapjoin.VectorMapJoinLeftSemiLongOperator bigTableValueTypeNames [bigint]
2024-04-24T03:14:07,400  INFO [main] mapjoin.VectorMapJoinCommonOperator: org.apache.hadoop.hive.ql.exec.vector.mapjoin.VectorMapJoinLeftSemiLongOperator getBigTableRetainColumnMap [0]
2024-04-24T03:14:07,400  INFO [main] mapjoin.VectorMapJoinCommonOperator: org.apache.hadoop.hive.ql.exec.vector.mapjoin.VectorMapJoinLeftSemiLongOperator bigTableRetainTypeInfos [bigint]
2024-04-24T03:14:07,400  INFO [main] mapjoin.VectorMapJoinCommonOperator: org.apache.hadoop.hive.ql.exec.vector.mapjoin.VectorMapJoinLeftSemiLongOperator nonOuterSmallTableKeyColumnMap []
2024-04-24T03:14:07,400  INFO [main] mapjoin.VectorMapJoinCommonOperator: org.apache.hadoop.hive.ql.exec.vector.mapjoin.VectorMapJoinLeftSemiLongOperator nonOuterSmallTableKeyTypeInfos []
2024-04-24T03:14:07,400  INFO [main] mapjoin.VectorMapJoinCommonOperator: org.apache.hadoop.hive.ql.exec.vector.mapjoin.VectorMapJoinLeftSemiLongOperator outerSmallTableKeyMapping source columns: [], output columns: [], type infos: []
2024-04-24T03:14:07,400  INFO [main] mapjoin.VectorMapJoinCommonOperator: org.apache.hadoop.hive.ql.exec.vector.mapjoin.VectorMapJoinLeftSemiLongOperator fullOuterSmallTableKeyMapping source columns: [], output columns: [], type infos: []
2024-04-24T03:14:07,400  INFO [main] mapjoin.VectorMapJoinCommonOperator: org.apache.hadoop.hive.ql.exec.vector.mapjoin.VectorMapJoinLeftSemiLongOperator smallTableValueMapping source columns: [], output columns: [], type infos: []
2024-04-24T03:14:07,400  INFO [main] mapjoin.VectorMapJoinCommonOperator: org.apache.hadoop.hive.ql.exec.vector.mapjoin.VectorMapJoinLeftSemiLongOperator bigTableByteColumnVectorColumns []
2024-04-24T03:14:07,400  INFO [main] mapjoin.VectorMapJoinCommonOperator: org.apache.hadoop.hive.ql.exec.vector.mapjoin.VectorMapJoinLeftSemiLongOperator smallTableByteColumnVectorColumns []
2024-04-24T03:14:07,400  INFO [main] mapjoin.VectorMapJoinCommonOperator: org.apache.hadoop.hive.ql.exec.vector.mapjoin.VectorMapJoinLeftSemiLongOperator outputProjection [0, 0]
2024-04-24T03:14:07,400  INFO [main] mapjoin.VectorMapJoinCommonOperator: org.apache.hadoop.hive.ql.exec.vector.mapjoin.VectorMapJoinLeftSemiLongOperator outputTypeInfos [bigint, bigint]
2024-04-24T03:14:07,400  INFO [main] mapjoin.VectorMapJoinCommonOperator: org.apache.hadoop.hive.ql.exec.vector.mapjoin.VectorMapJoinLeftSemiLongOperator mapJoinDesc.getKeysString {1=_col0 (type: bigint), 0=_col0 (type: bigint)}
2024-04-24T03:14:07,400  INFO [main] mapjoin.VectorMapJoinCommonOperator: org.apache.hadoop.hive.ql.exec.vector.mapjoin.VectorMapJoinLeftSemiLongOperator mapJoinDesc.getValueIndices +1 [0]
2024-04-24T03:14:07,400  INFO [main] mapjoin.VectorMapJoinCommonOperator: org.apache.hadoop.hive.ql.exec.vector.mapjoin.VectorMapJoinLeftSemiLongOperator mapJoinDesc.getExprs {0=[Column[_col0]], 1=[Column[_col0]]}
2024-04-24T03:14:07,400  INFO [main] mapjoin.VectorMapJoinCommonOperator: org.apache.hadoop.hive.ql.exec.vector.mapjoin.VectorMapJoinLeftSemiLongOperator mapJoinDesc.getRetainList {0=[0]}
2024-04-24T03:14:07,400  INFO [main] mapjoin.VectorMapJoinLeftSemiLongOperator: Initializing Operator: MAPJOIN[0]
2024-04-24T03:14:07,402  INFO [main] exec.CommonJoinOperator: JOIN struct<out1:bigint,out2:bigint> totalsz = 2
2024-04-24T03:14:07,403  INFO [main] mapjoin.MapJoinTestConfig$TestMultiSetVectorCollectorOperator: Initializing Operator: TestMultiSetVectorCollectorOperator[null]
2024-04-24T03:14:07,403  INFO [main] mapjoin.VectorMapJoinCommonOperator: Using VectorMapJoinOptimizedLongHashSet from VectorMapJoinLeftSemiLongOperator
2024-04-24T03:14:07,403  INFO [main] mapjoin.VectorMapJoinLeftSemiLongOperator: Closing Operator: MAPJOIN[0]
2024-04-24T03:14:07,403  INFO [main] persistence.BytesBytesMultiHashMap: Map metrics: keys allocated 16384, keys assigned 7677, write conflict 2871, write max dist 9, read conflict 11, expanded 0 times in 0ms
2024-04-24T03:14:07,403  INFO [main] mapjoin.VectorMapJoinLeftSemiLongOperator: RECORDS_OUT_OPERATOR_MAPJOIN_0:0, RECORDS_OUT_INTERMEDIATE:0, 
2024-04-24T03:14:07,403  INFO [main] mapjoin.MapJoinTestConfig$TestMultiSetVectorCollectorOperator: Closing Operator: TestMultiSetVectorCollectorOperator[null]
2024-04-24T03:14:07,403  INFO [main] mapjoin.MapJoinTestConfig$TestMultiSetVectorCollectorOperator: RECORDS_OUT_INTERMEDIATE:0, RECORDS_OUT_OPERATOR_null:0, 
2024-04-24T03:14:07,404  INFO [main] persistence.HashMapWrapper: Key count from statistics is 7677; setting map size to 10340
2024-04-24T03:14:07,424  INFO [main] mapjoin.VectorMapJoinCommonOperator: org.apache.hadoop.hive.ql.exec.vector.mapjoin.VectorMapJoinLeftSemiLongOperator order [0, 1]
2024-04-24T03:14:07,424  INFO [main] mapjoin.VectorMapJoinCommonOperator: org.apache.hadoop.hive.ql.exec.vector.mapjoin.VectorMapJoinLeftSemiLongOperator posBigTable 0
2024-04-24T03:14:07,424  INFO [main] mapjoin.VectorMapJoinCommonOperator: org.apache.hadoop.hive.ql.exec.vector.mapjoin.VectorMapJoinLeftSemiLongOperator posSingleVectorMapJoinSmallTable 1
2024-04-24T03:14:07,424  INFO [main] mapjoin.VectorMapJoinCommonOperator: org.apache.hadoop.hive.ql.exec.vector.mapjoin.VectorMapJoinLeftSemiLongOperator bigTableKeyColumnMap [0]
2024-04-24T03:14:07,424  INFO [main] mapjoin.VectorMapJoinCommonOperator: org.apache.hadoop.hive.ql.exec.vector.mapjoin.VectorMapJoinLeftSemiLongOperator bigTableKeyColumnNames [_col0]
2024-04-24T03:14:07,424  INFO [main] mapjoin.VectorMapJoinCommonOperator: org.apache.hadoop.hive.ql.exec.vector.mapjoin.VectorMapJoinLeftSemiLongOperator bigTableKeyTypeInfos [bigint]
2024-04-24T03:14:07,424  INFO [main] mapjoin.VectorMapJoinCommonOperator: org.apache.hadoop.hive.ql.exec.vector.mapjoin.VectorMapJoinLeftSemiLongOperator bigTableValueColumnMap [0]
2024-04-24T03:14:07,424  INFO [main] mapjoin.VectorMapJoinCommonOperator: org.apache.hadoop.hive.ql.exec.vector.mapjoin.VectorMapJoinLeftSemiLongOperator bigTableValueColumnNames [_col0]
2024-04-24T03:14:07,424  INFO [main] mapjoin.VectorMapJoinCommonOperator: org.apache.hadoop.hive.ql.exec.vector.mapjoin.VectorMapJoinLeftSemiLongOperator bigTableValueTypeNames [bigint]
2024-04-24T03:14:07,424  INFO [main] mapjoin.VectorMapJoinCommonOperator: org.apache.hadoop.hive.ql.exec.vector.mapjoin.VectorMapJoinLeftSemiLongOperator getBigTableRetainColumnMap [0]
2024-04-24T03:14:07,424  INFO [main] mapjoin.VectorMapJoinCommonOperator: org.apache.hadoop.hive.ql.exec.vector.mapjoin.VectorMapJoinLeftSemiLongOperator bigTableRetainTypeInfos [bigint]
2024-04-24T03:14:07,424  INFO [main] mapjoin.VectorMapJoinCommonOperator: org.apache.hadoop.hive.ql.exec.vector.mapjoin.VectorMapJoinLeftSemiLongOperator nonOuterSmallTableKeyColumnMap []
2024-04-24T03:14:07,424  INFO [main] mapjoin.VectorMapJoinCommonOperator: org.apache.hadoop.hive.ql.exec.vector.mapjoin.VectorMapJoinLeftSemiLongOperator nonOuterSmallTableKeyTypeInfos []
2024-04-24T03:14:07,424  INFO [main] mapjoin.VectorMapJoinCommonOperator: org.apache.hadoop.hive.ql.exec.vector.mapjoin.VectorMapJoinLeftSemiLongOperator outerSmallTableKeyMapping source columns: [], output columns: [], type infos: []
2024-04-24T03:14:07,424  INFO [main] mapjoin.VectorMapJoinCommonOperator: org.apache.hadoop.hive.ql.exec.vector.mapjoin.VectorMapJoinLeftSemiLongOperator fullOuterSmallTableKeyMapping source columns: [], output columns: [], type infos: []
2024-04-24T03:14:07,424  INFO [main] mapjoin.VectorMapJoinCommonOperator: org.apache.hadoop.hive.ql.exec.vector.mapjoin.VectorMapJoinLeftSemiLongOperator smallTableValueMapping source columns: [], output columns: [], type infos: []
2024-04-24T03:14:07,424  INFO [main] mapjoin.VectorMapJoinCommonOperator: org.apache.hadoop.hive.ql.exec.vector.mapjoin.VectorMapJoinLeftSemiLongOperator bigTableByteColumnVectorColumns []
2024-04-24T03:14:07,424  INFO [main] mapjoin.VectorMapJoinCommonOperator: org.apache.hadoop.hive.ql.exec.vector.mapjoin.VectorMapJoinLeftSemiLongOperator smallTableByteColumnVectorColumns []
2024-04-24T03:14:07,424  INFO [main] mapjoin.VectorMapJoinCommonOperator: org.apache.hadoop.hive.ql.exec.vector.mapjoin.VectorMapJoinLeftSemiLongOperator outputProjection [0, 0]
2024-04-24T03:14:07,424  INFO [main] mapjoin.VectorMapJoinCommonOperator: org.apache.hadoop.hive.ql.exec.vector.mapjoin.VectorMapJoinLeftSemiLongOperator outputTypeInfos [bigint, bigint]
2024-04-24T03:14:07,424  INFO [main] mapjoin.VectorMapJoinCommonOperator: org.apache.hadoop.hive.ql.exec.vector.mapjoin.VectorMapJoinLeftSemiLongOperator mapJoinDesc.getKeysString {1=_col0 (type: bigint), 0=_col0 (type: bigint)}
2024-04-24T03:14:07,425  INFO [main] mapjoin.VectorMapJoinCommonOperator: org.apache.hadoop.hive.ql.exec.vector.mapjoin.VectorMapJoinLeftSemiLongOperator mapJoinDesc.getValueIndices +1 [0]
2024-04-24T03:14:07,425  INFO [main] mapjoin.VectorMapJoinCommonOperator: org.apache.hadoop.hive.ql.exec.vector.mapjoin.VectorMapJoinLeftSemiLongOperator mapJoinDesc.getExprs {1=[Column[_col0]], 0=[Column[_col0]]}
2024-04-24T03:14:07,425  INFO [main] mapjoin.VectorMapJoinCommonOperator: org.apache.hadoop.hive.ql.exec.vector.mapjoin.VectorMapJoinLeftSemiLongOperator mapJoinDesc.getRetainList {0=[0]}
2024-04-24T03:14:07,425  INFO [main] mapjoin.VectorMapJoinLeftSemiLongOperator: Initializing Operator: MAPJOIN[0]
2024-04-24T03:14:07,426  INFO [main] exec.CommonJoinOperator: JOIN struct<out1:bigint,out2:bigint> totalsz = 2
2024-04-24T03:14:07,427  INFO [main] mapjoin.MapJoinTestConfig$TestMultiSetVectorCollectorOperator: Initializing Operator: TestMultiSetVectorCollectorOperator[null]
2024-04-24T03:14:07,427  INFO [main] mapjoin.VectorMapJoinCommonOperator: Using VectorMapJoinFastLongHashSet from VectorMapJoinLeftSemiLongOperator
2024-04-24T03:14:07,427  INFO [main] mapjoin.VectorMapJoinLeftSemiLongOperator: Closing Operator: MAPJOIN[0]
2024-04-24T03:14:07,428  INFO [main] mapjoin.VectorMapJoinLeftSemiLongOperator: RECORDS_OUT_OPERATOR_MAPJOIN_0:0, RECORDS_OUT_INTERMEDIATE:0, 
2024-04-24T03:14:07,428  INFO [main] mapjoin.MapJoinTestConfig$TestMultiSetVectorCollectorOperator: Closing Operator: TestMultiSetVectorCollectorOperator[null]
2024-04-24T03:14:07,428  INFO [main] mapjoin.MapJoinTestConfig$TestMultiSetVectorCollectorOperator: RECORDS_OUT_INTERMEDIATE:0, RECORDS_OUT_OPERATOR_null:0, 
2024-04-24T03:14:07,456  WARN [main] conf.HiveConf: HiveConf of name hive.llap.io.cache.orc.alloc.max does not exist
2024-04-24T03:14:07,456  WARN [main] conf.HiveConf: HiveConf of name hive.dummyparam.test.server.specific.config.override does not exist
2024-04-24T03:14:07,456  WARN [main] conf.HiveConf: HiveConf of name hive.llap.io.cache.orc.arena.size does not exist
2024-04-24T03:14:07,456  WARN [main] conf.HiveConf: HiveConf of name hive.metastore.client.cache.maxSize does not exist
2024-04-24T03:14:07,456  WARN [main] conf.HiveConf: HiveConf of name hive.dummyparam.test.server.specific.config.hivesite does not exist
2024-04-24T03:14:07,456  WARN [main] conf.HiveConf: HiveConf of name hive.dummyparam.test.server.specific.config.metastoresite does not exist
2024-04-24T03:14:07,457  WARN [main] conf.HiveConf: HiveConf of name hive.llap.io.cache.orc.size does not exist
2024-04-24T03:14:07,457  WARN [main] conf.HiveConf: HiveConf of name hive.stats.key.prefix.reserve.length does not exist
2024-04-24T03:14:07,457  WARN [main] conf.HiveConf: HiveConf of name hive.llap.io.cache.orc.alloc.min does not exist
2024-04-24T03:14:07,457  WARN [main] conf.HiveConf: HiveConf of name hive.metastore.client.cache.recordStats does not exist
2024-04-24T03:14:07,457  WARN [main] conf.HiveConf: HiveConf of name hive.metastore.metadb.dir does not exist
2024-04-24T03:14:07,471  INFO [main] persistence.HashMapWrapper: Key count from statistics is -1; setting map size to 100000
]]></system-err>
  </testcase>
  <testcase name="testLong6" classname="org.apache.hadoop.hive.ql.exec.vector.mapjoin.TestMapJoinOperator" time="3.748">
    <error type="java.lang.IndexOutOfBoundsException"><![CDATA[java.lang.IndexOutOfBoundsException: Index: 1, Size: 1
	at java.util.ArrayList.rangeCheck(ArrayList.java:659)
	at java.util.ArrayList.get(ArrayList.java:435)
	at org.apache.hadoop.hive.ql.exec.vector.mapjoin.MapJoinTestConfig.loadTableContainerData(MapJoinTestConfig.java:762)
	at org.apache.hadoop.hive.ql.exec.vector.mapjoin.MapJoinTestConfig.createMapJoin(MapJoinTestConfig.java:846)
	at org.apache.hadoop.hive.ql.exec.vector.mapjoin.MapJoinTestConfig.createMapJoinImplementation(MapJoinTestConfig.java:988)
	at org.apache.hadoop.hive.ql.exec.vector.mapjoin.MapJoinTestConfig.createMapJoinImplementation(MapJoinTestConfig.java:971)
	at org.apache.hadoop.hive.ql.exec.vector.mapjoin.TestMapJoinOperator.executeTestImplementation(TestMapJoinOperator.java:1968)
	at org.apache.hadoop.hive.ql.exec.vector.mapjoin.TestMapJoinOperator.executeRowModeHashMap(TestMapJoinOperator.java:1894)
	at org.apache.hadoop.hive.ql.exec.vector.mapjoin.TestMapJoinOperator.doExecuteTest(TestMapJoinOperator.java:1853)
	at org.apache.hadoop.hive.ql.exec.vector.mapjoin.TestMapJoinOperator.executeTestOuter(TestMapJoinOperator.java:1822)
	at org.apache.hadoop.hive.ql.exec.vector.mapjoin.TestMapJoinOperator.executeTest(TestMapJoinOperator.java:1792)
	at org.apache.hadoop.hive.ql.exec.vector.mapjoin.TestMapJoinOperator.doTestLong6(TestMapJoinOperator.java:880)
	at org.apache.hadoop.hive.ql.exec.vector.mapjoin.TestMapJoinOperator.testLong6(TestMapJoinOperator.java:815)
	at sun.reflect.NativeMethodAccessorImpl.invoke0(Native Method)
	at sun.reflect.NativeMethodAccessorImpl.invoke(NativeMethodAccessorImpl.java:62)
	at sun.reflect.DelegatingMethodAccessorImpl.invoke(DelegatingMethodAccessorImpl.java:43)
	at java.lang.reflect.Method.invoke(Method.java:498)
	at org.junit.runners.model.FrameworkMethod$1.runReflectiveCall(FrameworkMethod.java:59)
	at org.junit.internal.runners.model.ReflectiveCallable.run(ReflectiveCallable.java:12)
	at org.junit.runners.model.FrameworkMethod.invokeExplosively(FrameworkMethod.java:56)
	at org.junit.internal.runners.statements.InvokeMethod.evaluate(InvokeMethod.java:17)
	at org.junit.runners.ParentRunner$3.evaluate(ParentRunner.java:306)
	at org.junit.runners.BlockJUnit4ClassRunner$1.evaluate(BlockJUnit4ClassRunner.java:100)
	at org.junit.runners.ParentRunner.runLeaf(ParentRunner.java:366)
	at org.junit.runners.BlockJUnit4ClassRunner.runChild(BlockJUnit4ClassRunner.java:103)
	at org.junit.runners.BlockJUnit4ClassRunner.runChild(BlockJUnit4ClassRunner.java:63)
	at org.junit.runners.ParentRunner$4.run(ParentRunner.java:331)
	at org.junit.runners.ParentRunner$1.schedule(ParentRunner.java:79)
	at org.junit.runners.ParentRunner.runChildren(ParentRunner.java:329)
	at org.junit.runners.ParentRunner.access$100(ParentRunner.java:66)
	at org.junit.runners.ParentRunner$2.evaluate(ParentRunner.java:293)
	at org.junit.runners.ParentRunner$3.evaluate(ParentRunner.java:306)
	at org.junit.runners.ParentRunner.run(ParentRunner.java:413)
	at org.junit.runner.JUnitCore.run(JUnitCore.java:137)
	at org.junit.runner.JUnitCore.run(JUnitCore.java:115)
	at org.junit.vintage.engine.execution.RunnerExecutor.execute(RunnerExecutor.java:43)
	at java.util.stream.ForEachOps$ForEachOp$OfRef.accept(ForEachOps.java:183)
	at java.util.stream.ReferencePipeline$3$1.accept(ReferencePipeline.java:193)
	at java.util.Iterator.forEachRemaining(Iterator.java:116)
	at java.util.Spliterators$IteratorSpliterator.forEachRemaining(Spliterators.java:1801)
	at java.util.stream.AbstractPipeline.copyInto(AbstractPipeline.java:482)
	at java.util.stream.AbstractPipeline.wrapAndCopyInto(AbstractPipeline.java:472)
	at java.util.stream.ForEachOps$ForEachOp.evaluateSequential(ForEachOps.java:150)
	at java.util.stream.ForEachOps$ForEachOp$OfRef.evaluateSequential(ForEachOps.java:173)
	at java.util.stream.AbstractPipeline.evaluate(AbstractPipeline.java:234)
	at java.util.stream.ReferencePipeline.forEach(ReferencePipeline.java:485)
	at org.junit.vintage.engine.VintageTestEngine.executeAllChildren(VintageTestEngine.java:82)
	at org.junit.vintage.engine.VintageTestEngine.execute(VintageTestEngine.java:73)
	at org.junit.platform.launcher.core.DefaultLauncher.execute(DefaultLauncher.java:248)
	at org.junit.platform.launcher.core.DefaultLauncher.lambda$execute$5(DefaultLauncher.java:211)
	at org.junit.platform.launcher.core.DefaultLauncher.withInterceptedStreams(DefaultLauncher.java:226)
	at org.junit.platform.launcher.core.DefaultLauncher.execute(DefaultLauncher.java:199)
	at org.junit.platform.launcher.core.DefaultLauncher.execute(DefaultLauncher.java:132)
	at org.apache.maven.surefire.junitplatform.JUnitPlatformProvider.invokeAllTests(JUnitPlatformProvider.java:154)
	at org.apache.maven.surefire.junitplatform.JUnitPlatformProvider.invoke(JUnitPlatformProvider.java:123)
	at org.apache.maven.surefire.booter.ForkedBooter.runSuitesInProcess(ForkedBooter.java:377)
	at org.apache.maven.surefire.booter.ForkedBooter.execute(ForkedBooter.java:138)
	at org.apache.maven.surefire.booter.ForkedBooter.run(ForkedBooter.java:465)
	at org.apache.maven.surefire.booter.ForkedBooter.main(ForkedBooter.java:451)
]]></error>
    <system-out><![CDATA[*BENCHMARK* expectedTestRowMultiSet  totalKeyCount 0 totalValueCount 0
*BENCHMARK* Starting implementation ROW_MODE_HASH_MAP variation INNER_BIG_ONLY title testLong6
*BENCHMARK* executeTestImplementation row count 0
*BENCHMARK* testLong6 verify succeeded  for implementation ROW_MODE_HASH_MAP variation INNER_BIG_ONLY
*BENCHMARK* Starting implementation ROW_MODE_OPTIMIZED variation INNER_BIG_ONLY title testLong6
*BENCHMARK* executeTestImplementation row count 0
*BENCHMARK* testLong6 verify succeeded  for implementation ROW_MODE_OPTIMIZED variation INNER_BIG_ONLY
*BENCHMARK* Starting implementation VECTOR_PASS_THROUGH variation INNER_BIG_ONLY title testLong6
*BENCHMARK* executeTestImplementation row count 0
*BENCHMARK* testLong6 verify succeeded  for implementation VECTOR_PASS_THROUGH variation INNER_BIG_ONLY
*BENCHMARK* Starting implementation NATIVE_VECTOR_OPTIMIZED variation INNER_BIG_ONLY title testLong6
*BENCHMARK* createNativeVectorMapJoinOperator VectorMapJoinInnerBigOnlyLongOperator
*BENCHMARK* executeTestImplementation row count 0
*BENCHMARK* testLong6 verify succeeded  for implementation NATIVE_VECTOR_OPTIMIZED variation INNER_BIG_ONLY
*BENCHMARK* Starting implementation NATIVE_VECTOR_FAST variation INNER_BIG_ONLY title testLong6
*BENCHMARK* createNativeVectorMapJoinOperator VectorMapJoinInnerBigOnlyLongOperator
*BENCHMARK* executeTestImplementation row count 0
*BENCHMARK* testLong6 verify succeeded  for implementation NATIVE_VECTOR_FAST variation INNER_BIG_ONLY
*BENCHMARK* expectedTestRowMultiSet  totalKeyCount 0 totalValueCount 0
*BENCHMARK* Starting implementation ROW_MODE_HASH_MAP variation LEFT_SEMI title testLong6
*BENCHMARK* executeTestImplementation row count 0
*BENCHMARK* testLong6 verify succeeded  for implementation ROW_MODE_HASH_MAP variation LEFT_SEMI
*BENCHMARK* Starting implementation ROW_MODE_OPTIMIZED variation LEFT_SEMI title testLong6
*BENCHMARK* executeTestImplementation row count 0
*BENCHMARK* testLong6 verify succeeded  for implementation ROW_MODE_OPTIMIZED variation LEFT_SEMI
*BENCHMARK* Starting implementation VECTOR_PASS_THROUGH variation LEFT_SEMI title testLong6
*BENCHMARK* executeTestImplementation row count 0
*BENCHMARK* testLong6 verify succeeded  for implementation VECTOR_PASS_THROUGH variation LEFT_SEMI
*BENCHMARK* Starting implementation NATIVE_VECTOR_OPTIMIZED variation LEFT_SEMI title testLong6
*BENCHMARK* createNativeVectorMapJoinOperator VectorMapJoinLeftSemiLongOperator
*BENCHMARK* executeTestImplementation row count 0
*BENCHMARK* testLong6 verify succeeded  for implementation NATIVE_VECTOR_OPTIMIZED variation LEFT_SEMI
*BENCHMARK* Starting implementation NATIVE_VECTOR_FAST variation LEFT_SEMI title testLong6
*BENCHMARK* createNativeVectorMapJoinOperator VectorMapJoinLeftSemiLongOperator
*BENCHMARK* executeTestImplementation row count 0
*BENCHMARK* testLong6 verify succeeded  for implementation NATIVE_VECTOR_FAST variation LEFT_SEMI
*BENCHMARK* expectedTestRowMultiSet  totalKeyCount 10 totalValueCount 10
*BENCHMARK* Starting implementation ROW_MODE_HASH_MAP variation OUTER title testLong6
]]></system-out>
    <system-err><![CDATA[2024-04-24T03:14:07,507  WARN [main] conf.HiveConf: HiveConf of name hive.dummyparam.test.server.specific.config.override does not exist
2024-04-24T03:14:07,507  WARN [main] conf.HiveConf: HiveConf of name hive.metastore.client.cache.recordStats does not exist
2024-04-24T03:14:07,507  WARN [main] conf.HiveConf: HiveConf of name hive.llap.io.cache.orc.arena.size does not exist
2024-04-24T03:14:07,507  WARN [main] conf.HiveConf: HiveConf of name hive.llap.io.cache.orc.alloc.min does not exist
2024-04-24T03:14:07,507  WARN [main] conf.HiveConf: HiveConf of name hive.metastore.metadb.dir does not exist
2024-04-24T03:14:07,508  WARN [main] conf.HiveConf: HiveConf of name hive.dummyparam.test.server.specific.config.hivesite does not exist
2024-04-24T03:14:07,508  WARN [main] conf.HiveConf: HiveConf of name hive.stats.key.prefix.reserve.length does not exist
2024-04-24T03:14:07,508  WARN [main] conf.HiveConf: HiveConf of name hive.metastore.client.cache.maxSize does not exist
2024-04-24T03:14:07,508  WARN [main] conf.HiveConf: HiveConf of name hive.dummyparam.test.server.specific.config.metastoresite does not exist
2024-04-24T03:14:07,508  WARN [main] conf.HiveConf: HiveConf of name hive.llap.io.cache.orc.alloc.max does not exist
2024-04-24T03:14:07,508  WARN [main] conf.HiveConf: HiveConf of name hive.llap.io.cache.orc.size does not exist
2024-04-24T03:14:07,537  WARN [main] conf.HiveConf: HiveConf of name hive.llap.io.cache.orc.alloc.min does not exist
2024-04-24T03:14:07,537  WARN [main] conf.HiveConf: HiveConf of name hive.dummyparam.test.server.specific.config.hivesite does not exist
2024-04-24T03:14:07,538  WARN [main] conf.HiveConf: HiveConf of name hive.metastore.client.cache.recordStats does not exist
2024-04-24T03:14:07,538  WARN [main] conf.HiveConf: HiveConf of name hive.dummyparam.test.server.specific.config.override does not exist
2024-04-24T03:14:07,538  WARN [main] conf.HiveConf: HiveConf of name hive.metastore.metadb.dir does not exist
2024-04-24T03:14:07,538  WARN [main] conf.HiveConf: HiveConf of name hive.llap.io.cache.orc.alloc.max does not exist
2024-04-24T03:14:07,538  WARN [main] conf.HiveConf: HiveConf of name hive.llap.io.cache.orc.arena.size does not exist
2024-04-24T03:14:07,538  WARN [main] conf.HiveConf: HiveConf of name hive.llap.io.cache.orc.size does not exist
2024-04-24T03:14:07,538  WARN [main] conf.HiveConf: HiveConf of name hive.metastore.client.cache.maxSize does not exist
2024-04-24T03:14:07,538  WARN [main] conf.HiveConf: HiveConf of name hive.dummyparam.test.server.specific.config.metastoresite does not exist
2024-04-24T03:14:07,538  WARN [main] conf.HiveConf: HiveConf of name hive.stats.key.prefix.reserve.length does not exist
2024-04-24T03:14:08,725  INFO [main] persistence.HashMapWrapper: Key count from statistics is -1; setting map size to 100000
2024-04-24T03:14:08,730  INFO [main] exec.MapJoinOperator: Initializing Operator: MAPJOIN[0]
2024-04-24T03:14:08,733  INFO [main] exec.CommonJoinOperator: JOIN struct<out1:bigint,out2:timestamp,out3:bigint> totalsz = 3
2024-04-24T03:14:08,733  INFO [main] mapjoin.MapJoinTestConfig$TestMultiSetCollectorOperator: Initializing Operator: TestMultiSetCollectorOperator[null]
2024-04-24T03:14:08,734  INFO [main] exec.MapJoinOperator: Closing Operator: MAPJOIN[0]
2024-04-24T03:14:08,734  INFO [main] exec.MapJoinOperator: RECORDS_OUT_INTERMEDIATE:0, RECORDS_OUT_OPERATOR_MAPJOIN_0:0, 
2024-04-24T03:14:08,734  INFO [main] mapjoin.MapJoinTestConfig$TestMultiSetCollectorOperator: Closing Operator: TestMultiSetCollectorOperator[null]
2024-04-24T03:14:08,734  INFO [main] mapjoin.MapJoinTestConfig$TestMultiSetCollectorOperator: RECORDS_OUT_INTERMEDIATE:0, RECORDS_OUT_OPERATOR_null:0, 
2024-04-24T03:14:08,735  INFO [main] persistence.HashMapWrapper: Key count from statistics is 8692; setting map size to 11707
2024-04-24T03:14:08,735  INFO [main] persistence.MapJoinTableContainer: Initializing container with org.apache.hadoop.hive.serde2.binarysortable.BinarySortableSerDe and org.apache.hadoop.hive.serde2.lazybinary.LazyBinarySerDe
2024-04-24T03:14:08,738  INFO [main] exec.MapJoinOperator: Initializing Operator: MAPJOIN[0]
2024-04-24T03:14:08,739  INFO [main] exec.CommonJoinOperator: JOIN struct<out1:bigint,out2:timestamp,out3:bigint> totalsz = 3
2024-04-24T03:14:08,740  INFO [main] mapjoin.MapJoinTestConfig$TestMultiSetCollectorOperator: Initializing Operator: TestMultiSetCollectorOperator[null]
2024-04-24T03:14:08,740  INFO [main] exec.MapJoinOperator: Closing Operator: MAPJOIN[0]
2024-04-24T03:14:08,740  INFO [main] persistence.BytesBytesMultiHashMap: Map metrics: keys allocated 16384, keys assigned 8692, write conflict 4240, write max dist 13, read conflict 23, expanded 0 times in 0ms
2024-04-24T03:14:08,741  INFO [main] exec.MapJoinOperator: RECORDS_OUT_INTERMEDIATE:0, RECORDS_OUT_OPERATOR_MAPJOIN_0:0, 
2024-04-24T03:14:08,741  INFO [main] mapjoin.MapJoinTestConfig$TestMultiSetCollectorOperator: Closing Operator: TestMultiSetCollectorOperator[null]
2024-04-24T03:14:08,741  INFO [main] mapjoin.MapJoinTestConfig$TestMultiSetCollectorOperator: RECORDS_OUT_INTERMEDIATE:0, RECORDS_OUT_OPERATOR_null:0, 
2024-04-24T03:14:08,741  INFO [main] persistence.HashMapWrapper: Key count from statistics is 8692; setting map size to 11707
2024-04-24T03:14:08,741  INFO [main] persistence.MapJoinTableContainer: Initializing container with org.apache.hadoop.hive.serde2.binarysortable.BinarySortableSerDe and org.apache.hadoop.hive.serde2.lazybinary.LazyBinarySerDe
2024-04-24T03:14:08,744  INFO [main] vector.VectorMapJoinOperator: Initializing Operator: MAPJOIN[0]
2024-04-24T03:14:08,746  INFO [main] exec.CommonJoinOperator: JOIN struct<out1:bigint,out2:timestamp,out3:bigint> totalsz = 3
2024-04-24T03:14:08,747  INFO [main] mapjoin.MapJoinTestConfig$TestMultiSetVectorCollectorOperator: Initializing Operator: TestMultiSetVectorCollectorOperator[null]
2024-04-24T03:14:08,748  INFO [main] vector.VectorMapJoinOperator: Closing Operator: MAPJOIN[0]
2024-04-24T03:14:08,748  INFO [main] persistence.BytesBytesMultiHashMap: Map metrics: keys allocated 16384, keys assigned 8692, write conflict 4394, write max dist 12, read conflict 19, expanded 0 times in 0ms
2024-04-24T03:14:08,748  INFO [main] persistence.BytesBytesMultiHashMap: Map metrics: keys allocated 16384, keys assigned 8692, write conflict 4394, write max dist 12, read conflict 19, expanded 0 times in 0ms
2024-04-24T03:14:08,748  INFO [main] vector.VectorMapJoinOperator: RECORDS_OUT_OPERATOR_MAPJOIN_0:0, RECORDS_OUT_INTERMEDIATE:0, 
2024-04-24T03:14:08,748  INFO [main] mapjoin.MapJoinTestConfig$TestMultiSetVectorCollectorOperator: Closing Operator: TestMultiSetVectorCollectorOperator[null]
2024-04-24T03:14:08,748  INFO [main] mapjoin.MapJoinTestConfig$TestMultiSetVectorCollectorOperator: RECORDS_OUT_INTERMEDIATE:0, RECORDS_OUT_OPERATOR_null:0, 
2024-04-24T03:14:08,748  INFO [main] persistence.HashMapWrapper: Key count from statistics is 8692; setting map size to 11707
2024-04-24T03:14:08,749  INFO [main] persistence.MapJoinTableContainer: Initializing container with org.apache.hadoop.hive.serde2.binarysortable.BinarySortableSerDe and org.apache.hadoop.hive.serde2.lazybinary.LazyBinarySerDe
2024-04-24T03:14:08,752  INFO [main] mapjoin.VectorMapJoinCommonOperator: org.apache.hadoop.hive.ql.exec.vector.mapjoin.VectorMapJoinInnerBigOnlyLongOperator order [0, 1]
2024-04-24T03:14:08,752  INFO [main] mapjoin.VectorMapJoinCommonOperator: org.apache.hadoop.hive.ql.exec.vector.mapjoin.VectorMapJoinInnerBigOnlyLongOperator posBigTable 0
2024-04-24T03:14:08,752  INFO [main] mapjoin.VectorMapJoinCommonOperator: org.apache.hadoop.hive.ql.exec.vector.mapjoin.VectorMapJoinInnerBigOnlyLongOperator posSingleVectorMapJoinSmallTable 1
2024-04-24T03:14:08,752  INFO [main] mapjoin.VectorMapJoinCommonOperator: org.apache.hadoop.hive.ql.exec.vector.mapjoin.VectorMapJoinInnerBigOnlyLongOperator bigTableKeyColumnMap [0]
2024-04-24T03:14:08,752  INFO [main] mapjoin.VectorMapJoinCommonOperator: org.apache.hadoop.hive.ql.exec.vector.mapjoin.VectorMapJoinInnerBigOnlyLongOperator bigTableKeyColumnNames [_col0]
2024-04-24T03:14:08,752  INFO [main] mapjoin.VectorMapJoinCommonOperator: org.apache.hadoop.hive.ql.exec.vector.mapjoin.VectorMapJoinInnerBigOnlyLongOperator bigTableKeyTypeInfos [bigint]
2024-04-24T03:14:08,752  INFO [main] mapjoin.VectorMapJoinCommonOperator: org.apache.hadoop.hive.ql.exec.vector.mapjoin.VectorMapJoinInnerBigOnlyLongOperator bigTableValueColumnMap [0, 1]
2024-04-24T03:14:08,752  INFO [main] mapjoin.VectorMapJoinCommonOperator: org.apache.hadoop.hive.ql.exec.vector.mapjoin.VectorMapJoinInnerBigOnlyLongOperator bigTableValueColumnNames [_col0, _col1]
2024-04-24T03:14:08,752  INFO [main] mapjoin.VectorMapJoinCommonOperator: org.apache.hadoop.hive.ql.exec.vector.mapjoin.VectorMapJoinInnerBigOnlyLongOperator bigTableValueTypeNames [bigint, timestamp]
2024-04-24T03:14:08,752  INFO [main] mapjoin.VectorMapJoinCommonOperator: org.apache.hadoop.hive.ql.exec.vector.mapjoin.VectorMapJoinInnerBigOnlyLongOperator getBigTableRetainColumnMap [0, 1]
2024-04-24T03:14:08,753  INFO [main] mapjoin.VectorMapJoinCommonOperator: org.apache.hadoop.hive.ql.exec.vector.mapjoin.VectorMapJoinInnerBigOnlyLongOperator bigTableRetainTypeInfos [bigint, timestamp]
2024-04-24T03:14:08,753  INFO [main] mapjoin.VectorMapJoinCommonOperator: org.apache.hadoop.hive.ql.exec.vector.mapjoin.VectorMapJoinInnerBigOnlyLongOperator nonOuterSmallTableKeyColumnMap []
2024-04-24T03:14:08,753  INFO [main] mapjoin.VectorMapJoinCommonOperator: org.apache.hadoop.hive.ql.exec.vector.mapjoin.VectorMapJoinInnerBigOnlyLongOperator nonOuterSmallTableKeyTypeInfos []
2024-04-24T03:14:08,753  INFO [main] mapjoin.VectorMapJoinCommonOperator: org.apache.hadoop.hive.ql.exec.vector.mapjoin.VectorMapJoinInnerBigOnlyLongOperator outerSmallTableKeyMapping source columns: [], output columns: [], type infos: []
2024-04-24T03:14:08,753  INFO [main] mapjoin.VectorMapJoinCommonOperator: org.apache.hadoop.hive.ql.exec.vector.mapjoin.VectorMapJoinInnerBigOnlyLongOperator fullOuterSmallTableKeyMapping source columns: [], output columns: [], type infos: []
2024-04-24T03:14:08,753  INFO [main] mapjoin.VectorMapJoinCommonOperator: org.apache.hadoop.hive.ql.exec.vector.mapjoin.VectorMapJoinInnerBigOnlyLongOperator smallTableValueMapping source columns: [], output columns: [], type infos: []
2024-04-24T03:14:08,753  INFO [main] mapjoin.VectorMapJoinCommonOperator: org.apache.hadoop.hive.ql.exec.vector.mapjoin.VectorMapJoinInnerBigOnlyLongOperator bigTableByteColumnVectorColumns []
2024-04-24T03:14:08,753  INFO [main] mapjoin.VectorMapJoinCommonOperator: org.apache.hadoop.hive.ql.exec.vector.mapjoin.VectorMapJoinInnerBigOnlyLongOperator smallTableByteColumnVectorColumns []
2024-04-24T03:14:08,753  INFO [main] mapjoin.VectorMapJoinCommonOperator: org.apache.hadoop.hive.ql.exec.vector.mapjoin.VectorMapJoinInnerBigOnlyLongOperator outputProjection [0, 1, 0]
2024-04-24T03:14:08,753  INFO [main] mapjoin.VectorMapJoinCommonOperator: org.apache.hadoop.hive.ql.exec.vector.mapjoin.VectorMapJoinInnerBigOnlyLongOperator outputTypeInfos [bigint, timestamp, bigint]
2024-04-24T03:14:08,753  INFO [main] mapjoin.VectorMapJoinCommonOperator: org.apache.hadoop.hive.ql.exec.vector.mapjoin.VectorMapJoinInnerBigOnlyLongOperator mapJoinDesc.getKeysString {0=_col0 (type: bigint), 1=_col0 (type: bigint)}
2024-04-24T03:14:08,753  INFO [main] mapjoin.VectorMapJoinCommonOperator: org.apache.hadoop.hive.ql.exec.vector.mapjoin.VectorMapJoinInnerBigOnlyLongOperator mapJoinDesc.getValueIndices +1 [0]
2024-04-24T03:14:08,753  INFO [main] mapjoin.VectorMapJoinCommonOperator: org.apache.hadoop.hive.ql.exec.vector.mapjoin.VectorMapJoinInnerBigOnlyLongOperator mapJoinDesc.getExprs {1=[Column[_col0]], 0=[Column[_col0], Column[_col1]]}
2024-04-24T03:14:08,753  INFO [main] mapjoin.VectorMapJoinCommonOperator: org.apache.hadoop.hive.ql.exec.vector.mapjoin.VectorMapJoinInnerBigOnlyLongOperator mapJoinDesc.getRetainList {0=[0, 1]}
2024-04-24T03:14:08,753  INFO [main] mapjoin.VectorMapJoinInnerBigOnlyLongOperator: Initializing Operator: MAPJOIN[0]
2024-04-24T03:14:08,755  INFO [main] exec.CommonJoinOperator: JOIN struct<out1:bigint,out2:timestamp,out3:bigint> totalsz = 3
2024-04-24T03:14:08,756  INFO [main] mapjoin.MapJoinTestConfig$TestMultiSetVectorCollectorOperator: Initializing Operator: TestMultiSetVectorCollectorOperator[null]
2024-04-24T03:14:08,756  INFO [main] mapjoin.VectorMapJoinCommonOperator: Using VectorMapJoinOptimizedLongHashMultiSet from VectorMapJoinInnerBigOnlyLongOperator
2024-04-24T03:14:08,757  INFO [main] mapjoin.VectorMapJoinInnerBigOnlyLongOperator: Closing Operator: MAPJOIN[0]
2024-04-24T03:14:08,757  INFO [main] persistence.BytesBytesMultiHashMap: Map metrics: keys allocated 16384, keys assigned 8692, write conflict 4301, write max dist 11, read conflict 17, expanded 0 times in 0ms
2024-04-24T03:14:08,757  INFO [main] mapjoin.VectorMapJoinInnerBigOnlyLongOperator: RECORDS_OUT_INTERMEDIATE:0, RECORDS_OUT_OPERATOR_MAPJOIN_0:0, 
2024-04-24T03:14:08,757  INFO [main] mapjoin.MapJoinTestConfig$TestMultiSetVectorCollectorOperator: Closing Operator: TestMultiSetVectorCollectorOperator[null]
2024-04-24T03:14:08,757  INFO [main] mapjoin.MapJoinTestConfig$TestMultiSetVectorCollectorOperator: RECORDS_OUT_INTERMEDIATE:0, RECORDS_OUT_OPERATOR_null:0, 
2024-04-24T03:14:08,757  INFO [main] persistence.HashMapWrapper: Key count from statistics is 8692; setting map size to 11707
2024-04-24T03:14:08,761  INFO [main] mapjoin.VectorMapJoinCommonOperator: org.apache.hadoop.hive.ql.exec.vector.mapjoin.VectorMapJoinInnerBigOnlyLongOperator order [0, 1]
2024-04-24T03:14:08,761  INFO [main] mapjoin.VectorMapJoinCommonOperator: org.apache.hadoop.hive.ql.exec.vector.mapjoin.VectorMapJoinInnerBigOnlyLongOperator posBigTable 0
2024-04-24T03:14:08,761  INFO [main] mapjoin.VectorMapJoinCommonOperator: org.apache.hadoop.hive.ql.exec.vector.mapjoin.VectorMapJoinInnerBigOnlyLongOperator posSingleVectorMapJoinSmallTable 1
2024-04-24T03:14:08,761  INFO [main] mapjoin.VectorMapJoinCommonOperator: org.apache.hadoop.hive.ql.exec.vector.mapjoin.VectorMapJoinInnerBigOnlyLongOperator bigTableKeyColumnMap [0]
2024-04-24T03:14:08,761  INFO [main] mapjoin.VectorMapJoinCommonOperator: org.apache.hadoop.hive.ql.exec.vector.mapjoin.VectorMapJoinInnerBigOnlyLongOperator bigTableKeyColumnNames [_col0]
2024-04-24T03:14:08,761  INFO [main] mapjoin.VectorMapJoinCommonOperator: org.apache.hadoop.hive.ql.exec.vector.mapjoin.VectorMapJoinInnerBigOnlyLongOperator bigTableKeyTypeInfos [bigint]
2024-04-24T03:14:08,761  INFO [main] mapjoin.VectorMapJoinCommonOperator: org.apache.hadoop.hive.ql.exec.vector.mapjoin.VectorMapJoinInnerBigOnlyLongOperator bigTableValueColumnMap [0, 1]
2024-04-24T03:14:08,761  INFO [main] mapjoin.VectorMapJoinCommonOperator: org.apache.hadoop.hive.ql.exec.vector.mapjoin.VectorMapJoinInnerBigOnlyLongOperator bigTableValueColumnNames [_col0, _col1]
2024-04-24T03:14:08,761  INFO [main] mapjoin.VectorMapJoinCommonOperator: org.apache.hadoop.hive.ql.exec.vector.mapjoin.VectorMapJoinInnerBigOnlyLongOperator bigTableValueTypeNames [bigint, timestamp]
2024-04-24T03:14:08,761  INFO [main] mapjoin.VectorMapJoinCommonOperator: org.apache.hadoop.hive.ql.exec.vector.mapjoin.VectorMapJoinInnerBigOnlyLongOperator getBigTableRetainColumnMap [0, 1]
2024-04-24T03:14:08,761  INFO [main] mapjoin.VectorMapJoinCommonOperator: org.apache.hadoop.hive.ql.exec.vector.mapjoin.VectorMapJoinInnerBigOnlyLongOperator bigTableRetainTypeInfos [bigint, timestamp]
2024-04-24T03:14:08,761  INFO [main] mapjoin.VectorMapJoinCommonOperator: org.apache.hadoop.hive.ql.exec.vector.mapjoin.VectorMapJoinInnerBigOnlyLongOperator nonOuterSmallTableKeyColumnMap []
2024-04-24T03:14:08,761  INFO [main] mapjoin.VectorMapJoinCommonOperator: org.apache.hadoop.hive.ql.exec.vector.mapjoin.VectorMapJoinInnerBigOnlyLongOperator nonOuterSmallTableKeyTypeInfos []
2024-04-24T03:14:08,761  INFO [main] mapjoin.VectorMapJoinCommonOperator: org.apache.hadoop.hive.ql.exec.vector.mapjoin.VectorMapJoinInnerBigOnlyLongOperator outerSmallTableKeyMapping source columns: [], output columns: [], type infos: []
2024-04-24T03:14:08,761  INFO [main] mapjoin.VectorMapJoinCommonOperator: org.apache.hadoop.hive.ql.exec.vector.mapjoin.VectorMapJoinInnerBigOnlyLongOperator fullOuterSmallTableKeyMapping source columns: [], output columns: [], type infos: []
2024-04-24T03:14:08,761  INFO [main] mapjoin.VectorMapJoinCommonOperator: org.apache.hadoop.hive.ql.exec.vector.mapjoin.VectorMapJoinInnerBigOnlyLongOperator smallTableValueMapping source columns: [], output columns: [], type infos: []
2024-04-24T03:14:08,761  INFO [main] mapjoin.VectorMapJoinCommonOperator: org.apache.hadoop.hive.ql.exec.vector.mapjoin.VectorMapJoinInnerBigOnlyLongOperator bigTableByteColumnVectorColumns []
2024-04-24T03:14:08,761  INFO [main] mapjoin.VectorMapJoinCommonOperator: org.apache.hadoop.hive.ql.exec.vector.mapjoin.VectorMapJoinInnerBigOnlyLongOperator smallTableByteColumnVectorColumns []
2024-04-24T03:14:08,761  INFO [main] mapjoin.VectorMapJoinCommonOperator: org.apache.hadoop.hive.ql.exec.vector.mapjoin.VectorMapJoinInnerBigOnlyLongOperator outputProjection [0, 1, 0]
2024-04-24T03:14:08,761  INFO [main] mapjoin.VectorMapJoinCommonOperator: org.apache.hadoop.hive.ql.exec.vector.mapjoin.VectorMapJoinInnerBigOnlyLongOperator outputTypeInfos [bigint, timestamp, bigint]
2024-04-24T03:14:08,761  INFO [main] mapjoin.VectorMapJoinCommonOperator: org.apache.hadoop.hive.ql.exec.vector.mapjoin.VectorMapJoinInnerBigOnlyLongOperator mapJoinDesc.getKeysString {1=_col0 (type: bigint), 0=_col0 (type: bigint)}
2024-04-24T03:14:08,761  INFO [main] mapjoin.VectorMapJoinCommonOperator: org.apache.hadoop.hive.ql.exec.vector.mapjoin.VectorMapJoinInnerBigOnlyLongOperator mapJoinDesc.getValueIndices +1 [0]
2024-04-24T03:14:08,761  INFO [main] mapjoin.VectorMapJoinCommonOperator: org.apache.hadoop.hive.ql.exec.vector.mapjoin.VectorMapJoinInnerBigOnlyLongOperator mapJoinDesc.getExprs {1=[Column[_col0]], 0=[Column[_col0], Column[_col1]]}
2024-04-24T03:14:08,761  INFO [main] mapjoin.VectorMapJoinCommonOperator: org.apache.hadoop.hive.ql.exec.vector.mapjoin.VectorMapJoinInnerBigOnlyLongOperator mapJoinDesc.getRetainList {0=[0, 1]}
2024-04-24T03:14:08,761  INFO [main] mapjoin.VectorMapJoinInnerBigOnlyLongOperator: Initializing Operator: MAPJOIN[0]
2024-04-24T03:14:08,764  INFO [main] exec.CommonJoinOperator: JOIN struct<out1:bigint,out2:timestamp,out3:bigint> totalsz = 3
2024-04-24T03:14:08,765  INFO [main] mapjoin.MapJoinTestConfig$TestMultiSetVectorCollectorOperator: Initializing Operator: TestMultiSetVectorCollectorOperator[null]
2024-04-24T03:14:08,765  INFO [main] mapjoin.VectorMapJoinCommonOperator: Using VectorMapJoinFastLongHashMultiSet from VectorMapJoinInnerBigOnlyLongOperator
2024-04-24T03:14:08,765  INFO [main] mapjoin.VectorMapJoinInnerBigOnlyLongOperator: Closing Operator: MAPJOIN[0]
2024-04-24T03:14:08,765  INFO [main] mapjoin.VectorMapJoinInnerBigOnlyLongOperator: RECORDS_OUT_INTERMEDIATE:0, RECORDS_OUT_OPERATOR_MAPJOIN_0:0, 
2024-04-24T03:14:08,765  INFO [main] mapjoin.MapJoinTestConfig$TestMultiSetVectorCollectorOperator: Closing Operator: TestMultiSetVectorCollectorOperator[null]
2024-04-24T03:14:08,765  INFO [main] mapjoin.MapJoinTestConfig$TestMultiSetVectorCollectorOperator: RECORDS_OUT_INTERMEDIATE:0, RECORDS_OUT_OPERATOR_null:0, 
2024-04-24T03:14:08,791  WARN [main] conf.HiveConf: HiveConf of name hive.metastore.metadb.dir does not exist
2024-04-24T03:14:08,792  WARN [main] conf.HiveConf: HiveConf of name hive.metastore.client.cache.maxSize does not exist
2024-04-24T03:14:08,792  WARN [main] conf.HiveConf: HiveConf of name hive.llap.io.cache.orc.alloc.max does not exist
2024-04-24T03:14:08,792  WARN [main] conf.HiveConf: HiveConf of name hive.dummyparam.test.server.specific.config.hivesite does not exist
2024-04-24T03:14:08,792  WARN [main] conf.HiveConf: HiveConf of name hive.dummyparam.test.server.specific.config.override does not exist
2024-04-24T03:14:08,792  WARN [main] conf.HiveConf: HiveConf of name hive.stats.key.prefix.reserve.length does not exist
2024-04-24T03:14:08,792  WARN [main] conf.HiveConf: HiveConf of name hive.llap.io.cache.orc.arena.size does not exist
2024-04-24T03:14:08,792  WARN [main] conf.HiveConf: HiveConf of name hive.llap.io.cache.orc.size does not exist
2024-04-24T03:14:08,792  WARN [main] conf.HiveConf: HiveConf of name hive.dummyparam.test.server.specific.config.metastoresite does not exist
2024-04-24T03:14:08,792  WARN [main] conf.HiveConf: HiveConf of name hive.llap.io.cache.orc.alloc.min does not exist
2024-04-24T03:14:08,792  WARN [main] conf.HiveConf: HiveConf of name hive.metastore.client.cache.recordStats does not exist
2024-04-24T03:14:09,943  INFO [main] persistence.HashMapWrapper: Key count from statistics is -1; setting map size to 100000
2024-04-24T03:14:09,946  INFO [main] exec.MapJoinOperator: Initializing Operator: MAPJOIN[0]
2024-04-24T03:14:09,948  INFO [main] exec.CommonJoinOperator: JOIN struct<out1:bigint,out2:timestamp,out3:bigint> totalsz = 3
2024-04-24T03:14:09,949  INFO [main] mapjoin.MapJoinTestConfig$TestMultiSetCollectorOperator: Initializing Operator: TestMultiSetCollectorOperator[null]
2024-04-24T03:14:09,951  INFO [main] exec.MapJoinOperator: Closing Operator: MAPJOIN[0]
2024-04-24T03:14:09,951  INFO [main] exec.MapJoinOperator: RECORDS_OUT_OPERATOR_MAPJOIN_0:0, RECORDS_OUT_INTERMEDIATE:0, 
2024-04-24T03:14:09,951  INFO [main] mapjoin.MapJoinTestConfig$TestMultiSetCollectorOperator: Closing Operator: TestMultiSetCollectorOperator[null]
2024-04-24T03:14:09,951  INFO [main] mapjoin.MapJoinTestConfig$TestMultiSetCollectorOperator: RECORDS_OUT_OPERATOR_null:0, RECORDS_OUT_INTERMEDIATE:0, 
2024-04-24T03:14:09,952  INFO [main] persistence.HashMapWrapper: Key count from statistics is 8692; setting map size to 11707
2024-04-24T03:14:09,952  INFO [main] persistence.MapJoinTableContainer: Initializing container with org.apache.hadoop.hive.serde2.binarysortable.BinarySortableSerDe and org.apache.hadoop.hive.serde2.lazybinary.LazyBinarySerDe
2024-04-24T03:14:09,955  INFO [main] exec.MapJoinOperator: Initializing Operator: MAPJOIN[0]
2024-04-24T03:14:09,957  INFO [main] exec.CommonJoinOperator: JOIN struct<out1:bigint,out2:timestamp,out3:bigint> totalsz = 3
2024-04-24T03:14:09,958  INFO [main] mapjoin.MapJoinTestConfig$TestMultiSetCollectorOperator: Initializing Operator: TestMultiSetCollectorOperator[null]
2024-04-24T03:14:09,959  INFO [main] exec.MapJoinOperator: Closing Operator: MAPJOIN[0]
2024-04-24T03:14:09,959  INFO [main] persistence.BytesBytesMultiHashMap: Map metrics: keys allocated 16384, keys assigned 8692, write conflict 4331, write max dist 10, read conflict 25, expanded 0 times in 0ms
2024-04-24T03:14:09,959  INFO [main] exec.MapJoinOperator: RECORDS_OUT_OPERATOR_MAPJOIN_0:0, RECORDS_OUT_INTERMEDIATE:0, 
2024-04-24T03:14:09,959  INFO [main] mapjoin.MapJoinTestConfig$TestMultiSetCollectorOperator: Closing Operator: TestMultiSetCollectorOperator[null]
2024-04-24T03:14:09,959  INFO [main] mapjoin.MapJoinTestConfig$TestMultiSetCollectorOperator: RECORDS_OUT_OPERATOR_null:0, RECORDS_OUT_INTERMEDIATE:0, 
2024-04-24T03:14:09,960  INFO [main] persistence.HashMapWrapper: Key count from statistics is 8692; setting map size to 11707
2024-04-24T03:14:09,960  INFO [main] persistence.MapJoinTableContainer: Initializing container with org.apache.hadoop.hive.serde2.binarysortable.BinarySortableSerDe and org.apache.hadoop.hive.serde2.lazybinary.LazyBinarySerDe
2024-04-24T03:14:09,965  INFO [main] vector.VectorMapJoinOperator: Initializing Operator: MAPJOIN[0]
2024-04-24T03:14:09,967  INFO [main] exec.CommonJoinOperator: JOIN struct<out1:bigint,out2:timestamp,out3:bigint> totalsz = 3
2024-04-24T03:14:09,967  INFO [main] mapjoin.MapJoinTestConfig$TestMultiSetVectorCollectorOperator: Initializing Operator: TestMultiSetVectorCollectorOperator[null]
2024-04-24T03:14:09,968  INFO [main] vector.VectorMapJoinOperator: Closing Operator: MAPJOIN[0]
2024-04-24T03:14:09,968  INFO [main] persistence.BytesBytesMultiHashMap: Map metrics: keys allocated 16384, keys assigned 8692, write conflict 4388, write max dist 11, read conflict 22, expanded 0 times in 0ms
2024-04-24T03:14:09,968  INFO [main] persistence.BytesBytesMultiHashMap: Map metrics: keys allocated 16384, keys assigned 8692, write conflict 4388, write max dist 11, read conflict 22, expanded 0 times in 0ms
2024-04-24T03:14:09,968  INFO [main] vector.VectorMapJoinOperator: RECORDS_OUT_INTERMEDIATE:0, RECORDS_OUT_OPERATOR_MAPJOIN_0:0, 
2024-04-24T03:14:09,968  INFO [main] mapjoin.MapJoinTestConfig$TestMultiSetVectorCollectorOperator: Closing Operator: TestMultiSetVectorCollectorOperator[null]
2024-04-24T03:14:09,968  INFO [main] mapjoin.MapJoinTestConfig$TestMultiSetVectorCollectorOperator: RECORDS_OUT_OPERATOR_null:0, RECORDS_OUT_INTERMEDIATE:0, 
2024-04-24T03:14:09,968  INFO [main] persistence.HashMapWrapper: Key count from statistics is 8692; setting map size to 11707
2024-04-24T03:14:09,968  INFO [main] persistence.MapJoinTableContainer: Initializing container with org.apache.hadoop.hive.serde2.binarysortable.BinarySortableSerDe and org.apache.hadoop.hive.serde2.lazybinary.LazyBinarySerDe
2024-04-24T03:14:09,971  INFO [main] mapjoin.VectorMapJoinCommonOperator: org.apache.hadoop.hive.ql.exec.vector.mapjoin.VectorMapJoinLeftSemiLongOperator order [0, 1]
2024-04-24T03:14:09,971  INFO [main] mapjoin.VectorMapJoinCommonOperator: org.apache.hadoop.hive.ql.exec.vector.mapjoin.VectorMapJoinLeftSemiLongOperator posBigTable 0
2024-04-24T03:14:09,971  INFO [main] mapjoin.VectorMapJoinCommonOperator: org.apache.hadoop.hive.ql.exec.vector.mapjoin.VectorMapJoinLeftSemiLongOperator posSingleVectorMapJoinSmallTable 1
2024-04-24T03:14:09,971  INFO [main] mapjoin.VectorMapJoinCommonOperator: org.apache.hadoop.hive.ql.exec.vector.mapjoin.VectorMapJoinLeftSemiLongOperator bigTableKeyColumnMap [0]
2024-04-24T03:14:09,971  INFO [main] mapjoin.VectorMapJoinCommonOperator: org.apache.hadoop.hive.ql.exec.vector.mapjoin.VectorMapJoinLeftSemiLongOperator bigTableKeyColumnNames [_col0]
2024-04-24T03:14:09,971  INFO [main] mapjoin.VectorMapJoinCommonOperator: org.apache.hadoop.hive.ql.exec.vector.mapjoin.VectorMapJoinLeftSemiLongOperator bigTableKeyTypeInfos [bigint]
2024-04-24T03:14:09,971  INFO [main] mapjoin.VectorMapJoinCommonOperator: org.apache.hadoop.hive.ql.exec.vector.mapjoin.VectorMapJoinLeftSemiLongOperator bigTableValueColumnMap [0, 1]
2024-04-24T03:14:09,971  INFO [main] mapjoin.VectorMapJoinCommonOperator: org.apache.hadoop.hive.ql.exec.vector.mapjoin.VectorMapJoinLeftSemiLongOperator bigTableValueColumnNames [_col0, _col1]
2024-04-24T03:14:09,971  INFO [main] mapjoin.VectorMapJoinCommonOperator: org.apache.hadoop.hive.ql.exec.vector.mapjoin.VectorMapJoinLeftSemiLongOperator bigTableValueTypeNames [bigint, timestamp]
2024-04-24T03:14:09,971  INFO [main] mapjoin.VectorMapJoinCommonOperator: org.apache.hadoop.hive.ql.exec.vector.mapjoin.VectorMapJoinLeftSemiLongOperator getBigTableRetainColumnMap [0, 1]
2024-04-24T03:14:09,971  INFO [main] mapjoin.VectorMapJoinCommonOperator: org.apache.hadoop.hive.ql.exec.vector.mapjoin.VectorMapJoinLeftSemiLongOperator bigTableRetainTypeInfos [bigint, timestamp]
2024-04-24T03:14:09,971  INFO [main] mapjoin.VectorMapJoinCommonOperator: org.apache.hadoop.hive.ql.exec.vector.mapjoin.VectorMapJoinLeftSemiLongOperator nonOuterSmallTableKeyColumnMap []
2024-04-24T03:14:09,972  INFO [main] mapjoin.VectorMapJoinCommonOperator: org.apache.hadoop.hive.ql.exec.vector.mapjoin.VectorMapJoinLeftSemiLongOperator nonOuterSmallTableKeyTypeInfos []
2024-04-24T03:14:09,972  INFO [main] mapjoin.VectorMapJoinCommonOperator: org.apache.hadoop.hive.ql.exec.vector.mapjoin.VectorMapJoinLeftSemiLongOperator outerSmallTableKeyMapping source columns: [], output columns: [], type infos: []
2024-04-24T03:14:09,972  INFO [main] mapjoin.VectorMapJoinCommonOperator: org.apache.hadoop.hive.ql.exec.vector.mapjoin.VectorMapJoinLeftSemiLongOperator fullOuterSmallTableKeyMapping source columns: [], output columns: [], type infos: []
2024-04-24T03:14:09,972  INFO [main] mapjoin.VectorMapJoinCommonOperator: org.apache.hadoop.hive.ql.exec.vector.mapjoin.VectorMapJoinLeftSemiLongOperator smallTableValueMapping source columns: [], output columns: [], type infos: []
2024-04-24T03:14:09,972  INFO [main] mapjoin.VectorMapJoinCommonOperator: org.apache.hadoop.hive.ql.exec.vector.mapjoin.VectorMapJoinLeftSemiLongOperator bigTableByteColumnVectorColumns []
2024-04-24T03:14:09,972  INFO [main] mapjoin.VectorMapJoinCommonOperator: org.apache.hadoop.hive.ql.exec.vector.mapjoin.VectorMapJoinLeftSemiLongOperator smallTableByteColumnVectorColumns []
2024-04-24T03:14:09,972  INFO [main] mapjoin.VectorMapJoinCommonOperator: org.apache.hadoop.hive.ql.exec.vector.mapjoin.VectorMapJoinLeftSemiLongOperator outputProjection [0, 1, 0]
2024-04-24T03:14:09,972  INFO [main] mapjoin.VectorMapJoinCommonOperator: org.apache.hadoop.hive.ql.exec.vector.mapjoin.VectorMapJoinLeftSemiLongOperator outputTypeInfos [bigint, timestamp, bigint]
2024-04-24T03:14:09,972  INFO [main] mapjoin.VectorMapJoinCommonOperator: org.apache.hadoop.hive.ql.exec.vector.mapjoin.VectorMapJoinLeftSemiLongOperator mapJoinDesc.getKeysString {0=_col0 (type: bigint), 1=_col0 (type: bigint)}
2024-04-24T03:14:09,972  INFO [main] mapjoin.VectorMapJoinCommonOperator: org.apache.hadoop.hive.ql.exec.vector.mapjoin.VectorMapJoinLeftSemiLongOperator mapJoinDesc.getValueIndices +1 [0]
2024-04-24T03:14:09,972  INFO [main] mapjoin.VectorMapJoinCommonOperator: org.apache.hadoop.hive.ql.exec.vector.mapjoin.VectorMapJoinLeftSemiLongOperator mapJoinDesc.getExprs {0=[Column[_col0], Column[_col1]], 1=[Column[_col0]]}
2024-04-24T03:14:09,972  INFO [main] mapjoin.VectorMapJoinCommonOperator: org.apache.hadoop.hive.ql.exec.vector.mapjoin.VectorMapJoinLeftSemiLongOperator mapJoinDesc.getRetainList {0=[0, 1]}
2024-04-24T03:14:09,972  INFO [main] mapjoin.VectorMapJoinLeftSemiLongOperator: Initializing Operator: MAPJOIN[0]
2024-04-24T03:14:09,974  INFO [main] exec.CommonJoinOperator: JOIN struct<out1:bigint,out2:timestamp,out3:bigint> totalsz = 3
2024-04-24T03:14:09,975  INFO [main] mapjoin.MapJoinTestConfig$TestMultiSetVectorCollectorOperator: Initializing Operator: TestMultiSetVectorCollectorOperator[null]
2024-04-24T03:14:09,975  INFO [main] mapjoin.VectorMapJoinCommonOperator: Using VectorMapJoinOptimizedLongHashSet from VectorMapJoinLeftSemiLongOperator
2024-04-24T03:14:09,975  INFO [main] mapjoin.VectorMapJoinLeftSemiLongOperator: Closing Operator: MAPJOIN[0]
2024-04-24T03:14:09,975  INFO [main] persistence.BytesBytesMultiHashMap: Map metrics: keys allocated 16384, keys assigned 8692, write conflict 4282, write max dist 11, read conflict 23, expanded 0 times in 0ms
2024-04-24T03:14:09,975  INFO [main] mapjoin.VectorMapJoinLeftSemiLongOperator: RECORDS_OUT_OPERATOR_MAPJOIN_0:0, RECORDS_OUT_INTERMEDIATE:0, 
2024-04-24T03:14:09,975  INFO [main] mapjoin.MapJoinTestConfig$TestMultiSetVectorCollectorOperator: Closing Operator: TestMultiSetVectorCollectorOperator[null]
2024-04-24T03:14:09,975  INFO [main] mapjoin.MapJoinTestConfig$TestMultiSetVectorCollectorOperator: RECORDS_OUT_OPERATOR_null:0, RECORDS_OUT_INTERMEDIATE:0, 
2024-04-24T03:14:09,976  INFO [main] persistence.HashMapWrapper: Key count from statistics is 8692; setting map size to 11707
2024-04-24T03:14:09,979  INFO [main] mapjoin.VectorMapJoinCommonOperator: org.apache.hadoop.hive.ql.exec.vector.mapjoin.VectorMapJoinLeftSemiLongOperator order [0, 1]
2024-04-24T03:14:09,979  INFO [main] mapjoin.VectorMapJoinCommonOperator: org.apache.hadoop.hive.ql.exec.vector.mapjoin.VectorMapJoinLeftSemiLongOperator posBigTable 0
2024-04-24T03:14:09,979  INFO [main] mapjoin.VectorMapJoinCommonOperator: org.apache.hadoop.hive.ql.exec.vector.mapjoin.VectorMapJoinLeftSemiLongOperator posSingleVectorMapJoinSmallTable 1
2024-04-24T03:14:09,979  INFO [main] mapjoin.VectorMapJoinCommonOperator: org.apache.hadoop.hive.ql.exec.vector.mapjoin.VectorMapJoinLeftSemiLongOperator bigTableKeyColumnMap [0]
2024-04-24T03:14:09,979  INFO [main] mapjoin.VectorMapJoinCommonOperator: org.apache.hadoop.hive.ql.exec.vector.mapjoin.VectorMapJoinLeftSemiLongOperator bigTableKeyColumnNames [_col0]
2024-04-24T03:14:09,979  INFO [main] mapjoin.VectorMapJoinCommonOperator: org.apache.hadoop.hive.ql.exec.vector.mapjoin.VectorMapJoinLeftSemiLongOperator bigTableKeyTypeInfos [bigint]
2024-04-24T03:14:09,979  INFO [main] mapjoin.VectorMapJoinCommonOperator: org.apache.hadoop.hive.ql.exec.vector.mapjoin.VectorMapJoinLeftSemiLongOperator bigTableValueColumnMap [0, 1]
2024-04-24T03:14:09,979  INFO [main] mapjoin.VectorMapJoinCommonOperator: org.apache.hadoop.hive.ql.exec.vector.mapjoin.VectorMapJoinLeftSemiLongOperator bigTableValueColumnNames [_col0, _col1]
2024-04-24T03:14:09,979  INFO [main] mapjoin.VectorMapJoinCommonOperator: org.apache.hadoop.hive.ql.exec.vector.mapjoin.VectorMapJoinLeftSemiLongOperator bigTableValueTypeNames [bigint, timestamp]
2024-04-24T03:14:09,979  INFO [main] mapjoin.VectorMapJoinCommonOperator: org.apache.hadoop.hive.ql.exec.vector.mapjoin.VectorMapJoinLeftSemiLongOperator getBigTableRetainColumnMap [0, 1]
2024-04-24T03:14:09,979  INFO [main] mapjoin.VectorMapJoinCommonOperator: org.apache.hadoop.hive.ql.exec.vector.mapjoin.VectorMapJoinLeftSemiLongOperator bigTableRetainTypeInfos [bigint, timestamp]
2024-04-24T03:14:09,979  INFO [main] mapjoin.VectorMapJoinCommonOperator: org.apache.hadoop.hive.ql.exec.vector.mapjoin.VectorMapJoinLeftSemiLongOperator nonOuterSmallTableKeyColumnMap []
2024-04-24T03:14:09,979  INFO [main] mapjoin.VectorMapJoinCommonOperator: org.apache.hadoop.hive.ql.exec.vector.mapjoin.VectorMapJoinLeftSemiLongOperator nonOuterSmallTableKeyTypeInfos []
2024-04-24T03:14:09,979  INFO [main] mapjoin.VectorMapJoinCommonOperator: org.apache.hadoop.hive.ql.exec.vector.mapjoin.VectorMapJoinLeftSemiLongOperator outerSmallTableKeyMapping source columns: [], output columns: [], type infos: []
2024-04-24T03:14:09,979  INFO [main] mapjoin.VectorMapJoinCommonOperator: org.apache.hadoop.hive.ql.exec.vector.mapjoin.VectorMapJoinLeftSemiLongOperator fullOuterSmallTableKeyMapping source columns: [], output columns: [], type infos: []
2024-04-24T03:14:09,979  INFO [main] mapjoin.VectorMapJoinCommonOperator: org.apache.hadoop.hive.ql.exec.vector.mapjoin.VectorMapJoinLeftSemiLongOperator smallTableValueMapping source columns: [], output columns: [], type infos: []
2024-04-24T03:14:09,979  INFO [main] mapjoin.VectorMapJoinCommonOperator: org.apache.hadoop.hive.ql.exec.vector.mapjoin.VectorMapJoinLeftSemiLongOperator bigTableByteColumnVectorColumns []
2024-04-24T03:14:09,979  INFO [main] mapjoin.VectorMapJoinCommonOperator: org.apache.hadoop.hive.ql.exec.vector.mapjoin.VectorMapJoinLeftSemiLongOperator smallTableByteColumnVectorColumns []
2024-04-24T03:14:09,979  INFO [main] mapjoin.VectorMapJoinCommonOperator: org.apache.hadoop.hive.ql.exec.vector.mapjoin.VectorMapJoinLeftSemiLongOperator outputProjection [0, 1, 0]
2024-04-24T03:14:09,979  INFO [main] mapjoin.VectorMapJoinCommonOperator: org.apache.hadoop.hive.ql.exec.vector.mapjoin.VectorMapJoinLeftSemiLongOperator outputTypeInfos [bigint, timestamp, bigint]
2024-04-24T03:14:09,979  INFO [main] mapjoin.VectorMapJoinCommonOperator: org.apache.hadoop.hive.ql.exec.vector.mapjoin.VectorMapJoinLeftSemiLongOperator mapJoinDesc.getKeysString {0=_col0 (type: bigint), 1=_col0 (type: bigint)}
2024-04-24T03:14:09,979  INFO [main] mapjoin.VectorMapJoinCommonOperator: org.apache.hadoop.hive.ql.exec.vector.mapjoin.VectorMapJoinLeftSemiLongOperator mapJoinDesc.getValueIndices +1 [0]
2024-04-24T03:14:09,980  INFO [main] mapjoin.VectorMapJoinCommonOperator: org.apache.hadoop.hive.ql.exec.vector.mapjoin.VectorMapJoinLeftSemiLongOperator mapJoinDesc.getExprs {0=[Column[_col0], Column[_col1]], 1=[Column[_col0]]}
2024-04-24T03:14:09,980  INFO [main] mapjoin.VectorMapJoinCommonOperator: org.apache.hadoop.hive.ql.exec.vector.mapjoin.VectorMapJoinLeftSemiLongOperator mapJoinDesc.getRetainList {0=[0, 1]}
2024-04-24T03:14:09,980  INFO [main] mapjoin.VectorMapJoinLeftSemiLongOperator: Initializing Operator: MAPJOIN[0]
2024-04-24T03:14:09,981  INFO [main] exec.CommonJoinOperator: JOIN struct<out1:bigint,out2:timestamp,out3:bigint> totalsz = 3
2024-04-24T03:14:09,982  INFO [main] mapjoin.MapJoinTestConfig$TestMultiSetVectorCollectorOperator: Initializing Operator: TestMultiSetVectorCollectorOperator[null]
2024-04-24T03:14:09,982  INFO [main] mapjoin.VectorMapJoinCommonOperator: Using VectorMapJoinFastLongHashSet from VectorMapJoinLeftSemiLongOperator
2024-04-24T03:14:09,982  INFO [main] mapjoin.VectorMapJoinLeftSemiLongOperator: Closing Operator: MAPJOIN[0]
2024-04-24T03:14:09,982  INFO [main] mapjoin.VectorMapJoinLeftSemiLongOperator: RECORDS_OUT_INTERMEDIATE:0, RECORDS_OUT_OPERATOR_MAPJOIN_0:0, 
2024-04-24T03:14:09,982  INFO [main] mapjoin.MapJoinTestConfig$TestMultiSetVectorCollectorOperator: Closing Operator: TestMultiSetVectorCollectorOperator[null]
2024-04-24T03:14:09,982  INFO [main] mapjoin.MapJoinTestConfig$TestMultiSetVectorCollectorOperator: RECORDS_OUT_OPERATOR_null:0, RECORDS_OUT_INTERMEDIATE:0, 
2024-04-24T03:14:10,008  WARN [main] conf.HiveConf: HiveConf of name hive.dummyparam.test.server.specific.config.metastoresite does not exist
2024-04-24T03:14:10,008  WARN [main] conf.HiveConf: HiveConf of name hive.dummyparam.test.server.specific.config.override does not exist
2024-04-24T03:14:10,008  WARN [main] conf.HiveConf: HiveConf of name hive.dummyparam.test.server.specific.config.hivesite does not exist
2024-04-24T03:14:10,008  WARN [main] conf.HiveConf: HiveConf of name hive.llap.io.cache.orc.arena.size does not exist
2024-04-24T03:14:10,008  WARN [main] conf.HiveConf: HiveConf of name hive.metastore.metadb.dir does not exist
2024-04-24T03:14:10,008  WARN [main] conf.HiveConf: HiveConf of name hive.stats.key.prefix.reserve.length does not exist
2024-04-24T03:14:10,008  WARN [main] conf.HiveConf: HiveConf of name hive.metastore.client.cache.maxSize does not exist
2024-04-24T03:14:10,008  WARN [main] conf.HiveConf: HiveConf of name hive.llap.io.cache.orc.alloc.max does not exist
2024-04-24T03:14:10,008  WARN [main] conf.HiveConf: HiveConf of name hive.llap.io.cache.orc.alloc.min does not exist
2024-04-24T03:14:10,008  WARN [main] conf.HiveConf: HiveConf of name hive.llap.io.cache.orc.size does not exist
2024-04-24T03:14:10,008  WARN [main] conf.HiveConf: HiveConf of name hive.metastore.client.cache.recordStats does not exist
2024-04-24T03:14:11,221  INFO [main] persistence.HashMapWrapper: Key count from statistics is -1; setting map size to 100000
]]></system-err>
  </testcase>
  <testcase name="testMultiKey0" classname="org.apache.hadoop.hive.ql.exec.vector.mapjoin.TestMapJoinOperator" time="0.293">
    <error type="java.lang.IndexOutOfBoundsException"><![CDATA[java.lang.IndexOutOfBoundsException: Index: 1, Size: 1
	at java.util.ArrayList.rangeCheck(ArrayList.java:659)
	at java.util.ArrayList.get(ArrayList.java:435)
	at org.apache.hadoop.hive.ql.exec.vector.mapjoin.MapJoinTestConfig.loadTableContainerData(MapJoinTestConfig.java:762)
	at org.apache.hadoop.hive.ql.exec.vector.mapjoin.MapJoinTestConfig.createMapJoin(MapJoinTestConfig.java:846)
	at org.apache.hadoop.hive.ql.exec.vector.mapjoin.MapJoinTestConfig.createMapJoinImplementation(MapJoinTestConfig.java:988)
	at org.apache.hadoop.hive.ql.exec.vector.mapjoin.MapJoinTestConfig.createMapJoinImplementation(MapJoinTestConfig.java:971)
	at org.apache.hadoop.hive.ql.exec.vector.mapjoin.TestMapJoinOperator.executeTestImplementation(TestMapJoinOperator.java:1968)
	at org.apache.hadoop.hive.ql.exec.vector.mapjoin.TestMapJoinOperator.executeRowModeHashMap(TestMapJoinOperator.java:1894)
	at org.apache.hadoop.hive.ql.exec.vector.mapjoin.TestMapJoinOperator.doExecuteTest(TestMapJoinOperator.java:1853)
	at org.apache.hadoop.hive.ql.exec.vector.mapjoin.TestMapJoinOperator.executeTestOuter(TestMapJoinOperator.java:1822)
	at org.apache.hadoop.hive.ql.exec.vector.mapjoin.TestMapJoinOperator.executeTest(TestMapJoinOperator.java:1792)
	at org.apache.hadoop.hive.ql.exec.vector.mapjoin.TestMapJoinOperator.doTestMultiKey0(TestMapJoinOperator.java:981)
	at org.apache.hadoop.hive.ql.exec.vector.mapjoin.TestMapJoinOperator.testMultiKey0(TestMapJoinOperator.java:916)
	at sun.reflect.NativeMethodAccessorImpl.invoke0(Native Method)
	at sun.reflect.NativeMethodAccessorImpl.invoke(NativeMethodAccessorImpl.java:62)
	at sun.reflect.DelegatingMethodAccessorImpl.invoke(DelegatingMethodAccessorImpl.java:43)
	at java.lang.reflect.Method.invoke(Method.java:498)
	at org.junit.runners.model.FrameworkMethod$1.runReflectiveCall(FrameworkMethod.java:59)
	at org.junit.internal.runners.model.ReflectiveCallable.run(ReflectiveCallable.java:12)
	at org.junit.runners.model.FrameworkMethod.invokeExplosively(FrameworkMethod.java:56)
	at org.junit.internal.runners.statements.InvokeMethod.evaluate(InvokeMethod.java:17)
	at org.junit.runners.ParentRunner$3.evaluate(ParentRunner.java:306)
	at org.junit.runners.BlockJUnit4ClassRunner$1.evaluate(BlockJUnit4ClassRunner.java:100)
	at org.junit.runners.ParentRunner.runLeaf(ParentRunner.java:366)
	at org.junit.runners.BlockJUnit4ClassRunner.runChild(BlockJUnit4ClassRunner.java:103)
	at org.junit.runners.BlockJUnit4ClassRunner.runChild(BlockJUnit4ClassRunner.java:63)
	at org.junit.runners.ParentRunner$4.run(ParentRunner.java:331)
	at org.junit.runners.ParentRunner$1.schedule(ParentRunner.java:79)
	at org.junit.runners.ParentRunner.runChildren(ParentRunner.java:329)
	at org.junit.runners.ParentRunner.access$100(ParentRunner.java:66)
	at org.junit.runners.ParentRunner$2.evaluate(ParentRunner.java:293)
	at org.junit.runners.ParentRunner$3.evaluate(ParentRunner.java:306)
	at org.junit.runners.ParentRunner.run(ParentRunner.java:413)
	at org.junit.runner.JUnitCore.run(JUnitCore.java:137)
	at org.junit.runner.JUnitCore.run(JUnitCore.java:115)
	at org.junit.vintage.engine.execution.RunnerExecutor.execute(RunnerExecutor.java:43)
	at java.util.stream.ForEachOps$ForEachOp$OfRef.accept(ForEachOps.java:183)
	at java.util.stream.ReferencePipeline$3$1.accept(ReferencePipeline.java:193)
	at java.util.Iterator.forEachRemaining(Iterator.java:116)
	at java.util.Spliterators$IteratorSpliterator.forEachRemaining(Spliterators.java:1801)
	at java.util.stream.AbstractPipeline.copyInto(AbstractPipeline.java:482)
	at java.util.stream.AbstractPipeline.wrapAndCopyInto(AbstractPipeline.java:472)
	at java.util.stream.ForEachOps$ForEachOp.evaluateSequential(ForEachOps.java:150)
	at java.util.stream.ForEachOps$ForEachOp$OfRef.evaluateSequential(ForEachOps.java:173)
	at java.util.stream.AbstractPipeline.evaluate(AbstractPipeline.java:234)
	at java.util.stream.ReferencePipeline.forEach(ReferencePipeline.java:485)
	at org.junit.vintage.engine.VintageTestEngine.executeAllChildren(VintageTestEngine.java:82)
	at org.junit.vintage.engine.VintageTestEngine.execute(VintageTestEngine.java:73)
	at org.junit.platform.launcher.core.DefaultLauncher.execute(DefaultLauncher.java:248)
	at org.junit.platform.launcher.core.DefaultLauncher.lambda$execute$5(DefaultLauncher.java:211)
	at org.junit.platform.launcher.core.DefaultLauncher.withInterceptedStreams(DefaultLauncher.java:226)
	at org.junit.platform.launcher.core.DefaultLauncher.execute(DefaultLauncher.java:199)
	at org.junit.platform.launcher.core.DefaultLauncher.execute(DefaultLauncher.java:132)
	at org.apache.maven.surefire.junitplatform.JUnitPlatformProvider.invokeAllTests(JUnitPlatformProvider.java:154)
	at org.apache.maven.surefire.junitplatform.JUnitPlatformProvider.invoke(JUnitPlatformProvider.java:123)
	at org.apache.maven.surefire.booter.ForkedBooter.runSuitesInProcess(ForkedBooter.java:377)
	at org.apache.maven.surefire.booter.ForkedBooter.execute(ForkedBooter.java:138)
	at org.apache.maven.surefire.booter.ForkedBooter.run(ForkedBooter.java:465)
	at org.apache.maven.surefire.booter.ForkedBooter.main(ForkedBooter.java:451)
]]></error>
    <system-out><![CDATA[*BENCHMARK* expectedTestRowMultiSet  totalKeyCount 0 totalValueCount 0
*BENCHMARK* Starting implementation ROW_MODE_HASH_MAP variation INNER_BIG_ONLY title testMultiKey0
*BENCHMARK* executeTestImplementation row count 0
*BENCHMARK* testMultiKey0 verify succeeded  for implementation ROW_MODE_HASH_MAP variation INNER_BIG_ONLY
*BENCHMARK* Starting implementation ROW_MODE_OPTIMIZED variation INNER_BIG_ONLY title testMultiKey0
*BENCHMARK* executeTestImplementation row count 0
*BENCHMARK* testMultiKey0 verify succeeded  for implementation ROW_MODE_OPTIMIZED variation INNER_BIG_ONLY
*BENCHMARK* Starting implementation VECTOR_PASS_THROUGH variation INNER_BIG_ONLY title testMultiKey0
*BENCHMARK* executeTestImplementation row count 0
*BENCHMARK* testMultiKey0 verify succeeded  for implementation VECTOR_PASS_THROUGH variation INNER_BIG_ONLY
*BENCHMARK* Starting implementation NATIVE_VECTOR_OPTIMIZED variation INNER_BIG_ONLY title testMultiKey0
*BENCHMARK* createNativeVectorMapJoinOperator VectorMapJoinInnerBigOnlyMultiKeyOperator
*BENCHMARK* executeTestImplementation row count 0
*BENCHMARK* testMultiKey0 verify succeeded  for implementation NATIVE_VECTOR_OPTIMIZED variation INNER_BIG_ONLY
*BENCHMARK* Starting implementation NATIVE_VECTOR_FAST variation INNER_BIG_ONLY title testMultiKey0
*BENCHMARK* createNativeVectorMapJoinOperator VectorMapJoinInnerBigOnlyMultiKeyOperator
*BENCHMARK* executeTestImplementation row count 0
*BENCHMARK* testMultiKey0 verify succeeded  for implementation NATIVE_VECTOR_FAST variation INNER_BIG_ONLY
*BENCHMARK* expectedTestRowMultiSet  totalKeyCount 0 totalValueCount 0
*BENCHMARK* Starting implementation ROW_MODE_HASH_MAP variation LEFT_SEMI title testMultiKey0
*BENCHMARK* executeTestImplementation row count 0
*BENCHMARK* testMultiKey0 verify succeeded  for implementation ROW_MODE_HASH_MAP variation LEFT_SEMI
*BENCHMARK* Starting implementation ROW_MODE_OPTIMIZED variation LEFT_SEMI title testMultiKey0
*BENCHMARK* executeTestImplementation row count 0
*BENCHMARK* testMultiKey0 verify succeeded  for implementation ROW_MODE_OPTIMIZED variation LEFT_SEMI
*BENCHMARK* Starting implementation VECTOR_PASS_THROUGH variation LEFT_SEMI title testMultiKey0
*BENCHMARK* executeTestImplementation row count 0
*BENCHMARK* testMultiKey0 verify succeeded  for implementation VECTOR_PASS_THROUGH variation LEFT_SEMI
*BENCHMARK* Starting implementation NATIVE_VECTOR_OPTIMIZED variation LEFT_SEMI title testMultiKey0
*BENCHMARK* createNativeVectorMapJoinOperator VectorMapJoinLeftSemiMultiKeyOperator
*BENCHMARK* executeTestImplementation row count 0
*BENCHMARK* testMultiKey0 verify succeeded  for implementation NATIVE_VECTOR_OPTIMIZED variation LEFT_SEMI
*BENCHMARK* Starting implementation NATIVE_VECTOR_FAST variation LEFT_SEMI title testMultiKey0
*BENCHMARK* createNativeVectorMapJoinOperator VectorMapJoinLeftSemiMultiKeyOperator
*BENCHMARK* executeTestImplementation row count 0
*BENCHMARK* testMultiKey0 verify succeeded  for implementation NATIVE_VECTOR_FAST variation LEFT_SEMI
*BENCHMARK* expectedTestRowMultiSet  totalKeyCount 10 totalValueCount 10
*BENCHMARK* Starting implementation ROW_MODE_HASH_MAP variation OUTER title testMultiKey0
]]></system-out>
    <system-err><![CDATA[2024-04-24T03:14:11,250  WARN [main] conf.HiveConf: HiveConf of name hive.llap.io.cache.orc.alloc.min does not exist
2024-04-24T03:14:11,250  WARN [main] conf.HiveConf: HiveConf of name hive.dummyparam.test.server.specific.config.override does not exist
2024-04-24T03:14:11,250  WARN [main] conf.HiveConf: HiveConf of name hive.llap.io.cache.orc.alloc.max does not exist
2024-04-24T03:14:11,250  WARN [main] conf.HiveConf: HiveConf of name hive.dummyparam.test.server.specific.config.hivesite does not exist
2024-04-24T03:14:11,250  WARN [main] conf.HiveConf: HiveConf of name hive.llap.io.cache.orc.arena.size does not exist
2024-04-24T03:14:11,250  WARN [main] conf.HiveConf: HiveConf of name hive.llap.io.cache.orc.size does not exist
2024-04-24T03:14:11,250  WARN [main] conf.HiveConf: HiveConf of name hive.metastore.metadb.dir does not exist
2024-04-24T03:14:11,250  WARN [main] conf.HiveConf: HiveConf of name hive.metastore.client.cache.recordStats does not exist
2024-04-24T03:14:11,250  WARN [main] conf.HiveConf: HiveConf of name hive.stats.key.prefix.reserve.length does not exist
2024-04-24T03:14:11,250  WARN [main] conf.HiveConf: HiveConf of name hive.metastore.client.cache.maxSize does not exist
2024-04-24T03:14:11,250  WARN [main] conf.HiveConf: HiveConf of name hive.dummyparam.test.server.specific.config.metastoresite does not exist
2024-04-24T03:14:11,275  WARN [main] conf.HiveConf: HiveConf of name hive.dummyparam.test.server.specific.config.hivesite does not exist
2024-04-24T03:14:11,275  WARN [main] conf.HiveConf: HiveConf of name hive.metastore.metadb.dir does not exist
2024-04-24T03:14:11,275  WARN [main] conf.HiveConf: HiveConf of name hive.stats.key.prefix.reserve.length does not exist
2024-04-24T03:14:11,275  WARN [main] conf.HiveConf: HiveConf of name hive.llap.io.cache.orc.size does not exist
2024-04-24T03:14:11,275  WARN [main] conf.HiveConf: HiveConf of name hive.llap.io.cache.orc.alloc.min does not exist
2024-04-24T03:14:11,275  WARN [main] conf.HiveConf: HiveConf of name hive.dummyparam.test.server.specific.config.override does not exist
2024-04-24T03:14:11,275  WARN [main] conf.HiveConf: HiveConf of name hive.metastore.client.cache.maxSize does not exist
2024-04-24T03:14:11,275  WARN [main] conf.HiveConf: HiveConf of name hive.metastore.client.cache.recordStats does not exist
2024-04-24T03:14:11,275  WARN [main] conf.HiveConf: HiveConf of name hive.llap.io.cache.orc.arena.size does not exist
2024-04-24T03:14:11,275  WARN [main] conf.HiveConf: HiveConf of name hive.dummyparam.test.server.specific.config.metastoresite does not exist
2024-04-24T03:14:11,275  WARN [main] conf.HiveConf: HiveConf of name hive.llap.io.cache.orc.alloc.max does not exist
2024-04-24T03:14:11,282  INFO [main] persistence.HashMapWrapper: Key count from statistics is -1; setting map size to 100000
2024-04-24T03:14:11,285  INFO [main] exec.MapJoinOperator: Initializing Operator: MAPJOIN[0]
2024-04-24T03:14:11,287  INFO [main] exec.CommonJoinOperator: JOIN struct<out1:smallint,out2:int,out3:smallint,out4:int> totalsz = 4
2024-04-24T03:14:11,288  INFO [main] mapjoin.MapJoinTestConfig$TestMultiSetCollectorOperator: Initializing Operator: TestMultiSetCollectorOperator[null]
2024-04-24T03:14:11,288  INFO [main] exec.MapJoinOperator: Closing Operator: MAPJOIN[0]
2024-04-24T03:14:11,289  INFO [main] exec.MapJoinOperator: RECORDS_OUT_OPERATOR_MAPJOIN_0:0, RECORDS_OUT_INTERMEDIATE:0, 
2024-04-24T03:14:11,289  INFO [main] mapjoin.MapJoinTestConfig$TestMultiSetCollectorOperator: Closing Operator: TestMultiSetCollectorOperator[null]
2024-04-24T03:14:11,289  INFO [main] mapjoin.MapJoinTestConfig$TestMultiSetCollectorOperator: RECORDS_OUT_OPERATOR_null:0, RECORDS_OUT_INTERMEDIATE:0, 
2024-04-24T03:14:11,289  INFO [main] persistence.HashMapWrapper: Key count from statistics is 9991; setting map size to 13456
2024-04-24T03:14:11,289  INFO [main] persistence.MapJoinTableContainer: Initializing container with org.apache.hadoop.hive.serde2.binarysortable.BinarySortableSerDe and org.apache.hadoop.hive.serde2.lazybinary.LazyBinarySerDe
2024-04-24T03:14:11,295  INFO [main] exec.MapJoinOperator: Initializing Operator: MAPJOIN[0]
2024-04-24T03:14:11,296  INFO [main] exec.CommonJoinOperator: JOIN struct<out1:smallint,out2:int,out3:smallint,out4:int> totalsz = 4
2024-04-24T03:14:11,297  INFO [main] mapjoin.MapJoinTestConfig$TestMultiSetCollectorOperator: Initializing Operator: TestMultiSetCollectorOperator[null]
2024-04-24T03:14:11,297  INFO [main] exec.MapJoinOperator: Closing Operator: MAPJOIN[0]
2024-04-24T03:14:11,297  INFO [main] persistence.BytesBytesMultiHashMap: Map metrics: keys allocated 16384, keys assigned 9991, write conflict 6370, write max dist 21, read conflict 30, expanded 0 times in 0ms
2024-04-24T03:14:11,297  INFO [main] exec.MapJoinOperator: RECORDS_OUT_OPERATOR_MAPJOIN_0:0, RECORDS_OUT_INTERMEDIATE:0, 
2024-04-24T03:14:11,297  INFO [main] mapjoin.MapJoinTestConfig$TestMultiSetCollectorOperator: Closing Operator: TestMultiSetCollectorOperator[null]
2024-04-24T03:14:11,297  INFO [main] mapjoin.MapJoinTestConfig$TestMultiSetCollectorOperator: RECORDS_OUT_OPERATOR_null:0, RECORDS_OUT_INTERMEDIATE:0, 
2024-04-24T03:14:11,298  INFO [main] persistence.HashMapWrapper: Key count from statistics is 9991; setting map size to 13456
2024-04-24T03:14:11,298  INFO [main] persistence.MapJoinTableContainer: Initializing container with org.apache.hadoop.hive.serde2.binarysortable.BinarySortableSerDe and org.apache.hadoop.hive.serde2.lazybinary.LazyBinarySerDe
2024-04-24T03:14:11,302  INFO [main] vector.VectorMapJoinOperator: Initializing Operator: MAPJOIN[0]
2024-04-24T03:14:11,304  INFO [main] exec.CommonJoinOperator: JOIN struct<out1:smallint,out2:int,out3:smallint,out4:int> totalsz = 4
2024-04-24T03:14:11,305  INFO [main] mapjoin.MapJoinTestConfig$TestMultiSetVectorCollectorOperator: Initializing Operator: TestMultiSetVectorCollectorOperator[null]
2024-04-24T03:14:11,305  INFO [main] vector.VectorMapJoinOperator: Closing Operator: MAPJOIN[0]
2024-04-24T03:14:11,305  INFO [main] persistence.BytesBytesMultiHashMap: Map metrics: keys allocated 16384, keys assigned 9991, write conflict 6522, write max dist 20, read conflict 35, expanded 0 times in 0ms
2024-04-24T03:14:11,305  INFO [main] persistence.BytesBytesMultiHashMap: Map metrics: keys allocated 16384, keys assigned 9991, write conflict 6522, write max dist 20, read conflict 35, expanded 0 times in 0ms
2024-04-24T03:14:11,305  INFO [main] vector.VectorMapJoinOperator: RECORDS_OUT_OPERATOR_MAPJOIN_0:0, RECORDS_OUT_INTERMEDIATE:0, 
2024-04-24T03:14:11,305  INFO [main] mapjoin.MapJoinTestConfig$TestMultiSetVectorCollectorOperator: Closing Operator: TestMultiSetVectorCollectorOperator[null]
2024-04-24T03:14:11,305  INFO [main] mapjoin.MapJoinTestConfig$TestMultiSetVectorCollectorOperator: RECORDS_OUT_INTERMEDIATE:0, RECORDS_OUT_OPERATOR_null:0, 
2024-04-24T03:14:11,306  INFO [main] persistence.HashMapWrapper: Key count from statistics is 9991; setting map size to 13456
2024-04-24T03:14:11,306  INFO [main] persistence.MapJoinTableContainer: Initializing container with org.apache.hadoop.hive.serde2.binarysortable.BinarySortableSerDe and org.apache.hadoop.hive.serde2.lazybinary.LazyBinarySerDe
2024-04-24T03:14:11,310  INFO [main] mapjoin.VectorMapJoinCommonOperator: org.apache.hadoop.hive.ql.exec.vector.mapjoin.VectorMapJoinInnerBigOnlyMultiKeyOperator order [0, 1]
2024-04-24T03:14:11,310  INFO [main] mapjoin.VectorMapJoinCommonOperator: org.apache.hadoop.hive.ql.exec.vector.mapjoin.VectorMapJoinInnerBigOnlyMultiKeyOperator posBigTable 0
2024-04-24T03:14:11,310  INFO [main] mapjoin.VectorMapJoinCommonOperator: org.apache.hadoop.hive.ql.exec.vector.mapjoin.VectorMapJoinInnerBigOnlyMultiKeyOperator posSingleVectorMapJoinSmallTable 1
2024-04-24T03:14:11,310  INFO [main] mapjoin.VectorMapJoinCommonOperator: org.apache.hadoop.hive.ql.exec.vector.mapjoin.VectorMapJoinInnerBigOnlyMultiKeyOperator bigTableKeyColumnMap [0, 1]
2024-04-24T03:14:11,310  INFO [main] mapjoin.VectorMapJoinCommonOperator: org.apache.hadoop.hive.ql.exec.vector.mapjoin.VectorMapJoinInnerBigOnlyMultiKeyOperator bigTableKeyColumnNames [_col0, _col1]
2024-04-24T03:14:11,310  INFO [main] mapjoin.VectorMapJoinCommonOperator: org.apache.hadoop.hive.ql.exec.vector.mapjoin.VectorMapJoinInnerBigOnlyMultiKeyOperator bigTableKeyTypeInfos [smallint, int]
2024-04-24T03:14:11,310  INFO [main] mapjoin.VectorMapJoinCommonOperator: org.apache.hadoop.hive.ql.exec.vector.mapjoin.VectorMapJoinInnerBigOnlyMultiKeyOperator bigTableValueColumnMap [0, 1]
2024-04-24T03:14:11,310  INFO [main] mapjoin.VectorMapJoinCommonOperator: org.apache.hadoop.hive.ql.exec.vector.mapjoin.VectorMapJoinInnerBigOnlyMultiKeyOperator bigTableValueColumnNames [_col0, _col1]
2024-04-24T03:14:11,310  INFO [main] mapjoin.VectorMapJoinCommonOperator: org.apache.hadoop.hive.ql.exec.vector.mapjoin.VectorMapJoinInnerBigOnlyMultiKeyOperator bigTableValueTypeNames [smallint, int]
2024-04-24T03:14:11,310  INFO [main] mapjoin.VectorMapJoinCommonOperator: org.apache.hadoop.hive.ql.exec.vector.mapjoin.VectorMapJoinInnerBigOnlyMultiKeyOperator getBigTableRetainColumnMap [0, 1]
2024-04-24T03:14:11,310  INFO [main] mapjoin.VectorMapJoinCommonOperator: org.apache.hadoop.hive.ql.exec.vector.mapjoin.VectorMapJoinInnerBigOnlyMultiKeyOperator bigTableRetainTypeInfos [smallint, int]
2024-04-24T03:14:11,310  INFO [main] mapjoin.VectorMapJoinCommonOperator: org.apache.hadoop.hive.ql.exec.vector.mapjoin.VectorMapJoinInnerBigOnlyMultiKeyOperator nonOuterSmallTableKeyColumnMap []
2024-04-24T03:14:11,310  INFO [main] mapjoin.VectorMapJoinCommonOperator: org.apache.hadoop.hive.ql.exec.vector.mapjoin.VectorMapJoinInnerBigOnlyMultiKeyOperator nonOuterSmallTableKeyTypeInfos []
2024-04-24T03:14:11,311  INFO [main] mapjoin.VectorMapJoinCommonOperator: org.apache.hadoop.hive.ql.exec.vector.mapjoin.VectorMapJoinInnerBigOnlyMultiKeyOperator outerSmallTableKeyMapping source columns: [], output columns: [], type infos: []
2024-04-24T03:14:11,311  INFO [main] mapjoin.VectorMapJoinCommonOperator: org.apache.hadoop.hive.ql.exec.vector.mapjoin.VectorMapJoinInnerBigOnlyMultiKeyOperator fullOuterSmallTableKeyMapping source columns: [], output columns: [], type infos: []
2024-04-24T03:14:11,311  INFO [main] mapjoin.VectorMapJoinCommonOperator: org.apache.hadoop.hive.ql.exec.vector.mapjoin.VectorMapJoinInnerBigOnlyMultiKeyOperator smallTableValueMapping source columns: [], output columns: [], type infos: []
2024-04-24T03:14:11,311  INFO [main] mapjoin.VectorMapJoinCommonOperator: org.apache.hadoop.hive.ql.exec.vector.mapjoin.VectorMapJoinInnerBigOnlyMultiKeyOperator bigTableByteColumnVectorColumns []
2024-04-24T03:14:11,311  INFO [main] mapjoin.VectorMapJoinCommonOperator: org.apache.hadoop.hive.ql.exec.vector.mapjoin.VectorMapJoinInnerBigOnlyMultiKeyOperator smallTableByteColumnVectorColumns []
2024-04-24T03:14:11,311  INFO [main] mapjoin.VectorMapJoinCommonOperator: org.apache.hadoop.hive.ql.exec.vector.mapjoin.VectorMapJoinInnerBigOnlyMultiKeyOperator outputProjection [0, 1, 0, 1]
2024-04-24T03:14:11,311  INFO [main] mapjoin.VectorMapJoinCommonOperator: org.apache.hadoop.hive.ql.exec.vector.mapjoin.VectorMapJoinInnerBigOnlyMultiKeyOperator outputTypeInfos [smallint, int, smallint, int]
2024-04-24T03:14:11,311  INFO [main] mapjoin.VectorMapJoinCommonOperator: org.apache.hadoop.hive.ql.exec.vector.mapjoin.VectorMapJoinInnerBigOnlyMultiKeyOperator mapJoinDesc.getKeysString {0=_col0 (type: smallint), _col1 (type: int), 1=_col0 (type: smallint), _col1 (type: int)}
2024-04-24T03:14:11,311  INFO [main] mapjoin.VectorMapJoinCommonOperator: org.apache.hadoop.hive.ql.exec.vector.mapjoin.VectorMapJoinInnerBigOnlyMultiKeyOperator mapJoinDesc.getValueIndices +1 [0, 1]
2024-04-24T03:14:11,311  INFO [main] mapjoin.VectorMapJoinCommonOperator: org.apache.hadoop.hive.ql.exec.vector.mapjoin.VectorMapJoinInnerBigOnlyMultiKeyOperator mapJoinDesc.getExprs {1=[Column[_col0], Column[_col1]], 0=[Column[_col0], Column[_col1]]}
2024-04-24T03:14:11,311  INFO [main] mapjoin.VectorMapJoinCommonOperator: org.apache.hadoop.hive.ql.exec.vector.mapjoin.VectorMapJoinInnerBigOnlyMultiKeyOperator mapJoinDesc.getRetainList {0=[0, 1]}
2024-04-24T03:14:11,311  INFO [main] mapjoin.VectorMapJoinInnerBigOnlyMultiKeyOperator: Initializing Operator: MAPJOIN[0]
2024-04-24T03:14:11,313  INFO [main] exec.CommonJoinOperator: JOIN struct<out1:smallint,out2:int,out3:smallint,out4:int> totalsz = 4
2024-04-24T03:14:11,314  INFO [main] mapjoin.MapJoinTestConfig$TestMultiSetVectorCollectorOperator: Initializing Operator: TestMultiSetVectorCollectorOperator[null]
2024-04-24T03:14:11,314  INFO [main] mapjoin.VectorMapJoinCommonOperator: Using VectorMapJoinOptimizedMultiKeyHashMultiSet from VectorMapJoinInnerBigOnlyMultiKeyOperator
2024-04-24T03:14:11,317  INFO [main] mapjoin.VectorMapJoinInnerBigOnlyMultiKeyOperator: Closing Operator: MAPJOIN[0]
2024-04-24T03:14:11,317  INFO [main] persistence.BytesBytesMultiHashMap: Map metrics: keys allocated 16384, keys assigned 9991, write conflict 6384, write max dist 16, read conflict 24, expanded 0 times in 0ms
2024-04-24T03:14:11,317  INFO [main] mapjoin.VectorMapJoinInnerBigOnlyMultiKeyOperator: RECORDS_OUT_INTERMEDIATE:0, RECORDS_OUT_OPERATOR_MAPJOIN_0:0, 
2024-04-24T03:14:11,317  INFO [main] mapjoin.MapJoinTestConfig$TestMultiSetVectorCollectorOperator: Closing Operator: TestMultiSetVectorCollectorOperator[null]
2024-04-24T03:14:11,318  INFO [main] mapjoin.MapJoinTestConfig$TestMultiSetVectorCollectorOperator: RECORDS_OUT_INTERMEDIATE:0, RECORDS_OUT_OPERATOR_null:0, 
2024-04-24T03:14:11,318  INFO [main] persistence.HashMapWrapper: Key count from statistics is 9991; setting map size to 13456
2024-04-24T03:14:11,326  INFO [main] mapjoin.VectorMapJoinCommonOperator: org.apache.hadoop.hive.ql.exec.vector.mapjoin.VectorMapJoinInnerBigOnlyMultiKeyOperator order [0, 1]
2024-04-24T03:14:11,326  INFO [main] mapjoin.VectorMapJoinCommonOperator: org.apache.hadoop.hive.ql.exec.vector.mapjoin.VectorMapJoinInnerBigOnlyMultiKeyOperator posBigTable 0
2024-04-24T03:14:11,326  INFO [main] mapjoin.VectorMapJoinCommonOperator: org.apache.hadoop.hive.ql.exec.vector.mapjoin.VectorMapJoinInnerBigOnlyMultiKeyOperator posSingleVectorMapJoinSmallTable 1
2024-04-24T03:14:11,326  INFO [main] mapjoin.VectorMapJoinCommonOperator: org.apache.hadoop.hive.ql.exec.vector.mapjoin.VectorMapJoinInnerBigOnlyMultiKeyOperator bigTableKeyColumnMap [0, 1]
2024-04-24T03:14:11,326  INFO [main] mapjoin.VectorMapJoinCommonOperator: org.apache.hadoop.hive.ql.exec.vector.mapjoin.VectorMapJoinInnerBigOnlyMultiKeyOperator bigTableKeyColumnNames [_col0, _col1]
2024-04-24T03:14:11,326  INFO [main] mapjoin.VectorMapJoinCommonOperator: org.apache.hadoop.hive.ql.exec.vector.mapjoin.VectorMapJoinInnerBigOnlyMultiKeyOperator bigTableKeyTypeInfos [smallint, int]
2024-04-24T03:14:11,326  INFO [main] mapjoin.VectorMapJoinCommonOperator: org.apache.hadoop.hive.ql.exec.vector.mapjoin.VectorMapJoinInnerBigOnlyMultiKeyOperator bigTableValueColumnMap [0, 1]
2024-04-24T03:14:11,326  INFO [main] mapjoin.VectorMapJoinCommonOperator: org.apache.hadoop.hive.ql.exec.vector.mapjoin.VectorMapJoinInnerBigOnlyMultiKeyOperator bigTableValueColumnNames [_col0, _col1]
2024-04-24T03:14:11,326  INFO [main] mapjoin.VectorMapJoinCommonOperator: org.apache.hadoop.hive.ql.exec.vector.mapjoin.VectorMapJoinInnerBigOnlyMultiKeyOperator bigTableValueTypeNames [smallint, int]
2024-04-24T03:14:11,326  INFO [main] mapjoin.VectorMapJoinCommonOperator: org.apache.hadoop.hive.ql.exec.vector.mapjoin.VectorMapJoinInnerBigOnlyMultiKeyOperator getBigTableRetainColumnMap [0, 1]
2024-04-24T03:14:11,326  INFO [main] mapjoin.VectorMapJoinCommonOperator: org.apache.hadoop.hive.ql.exec.vector.mapjoin.VectorMapJoinInnerBigOnlyMultiKeyOperator bigTableRetainTypeInfos [smallint, int]
2024-04-24T03:14:11,326  INFO [main] mapjoin.VectorMapJoinCommonOperator: org.apache.hadoop.hive.ql.exec.vector.mapjoin.VectorMapJoinInnerBigOnlyMultiKeyOperator nonOuterSmallTableKeyColumnMap []
2024-04-24T03:14:11,326  INFO [main] mapjoin.VectorMapJoinCommonOperator: org.apache.hadoop.hive.ql.exec.vector.mapjoin.VectorMapJoinInnerBigOnlyMultiKeyOperator nonOuterSmallTableKeyTypeInfos []
2024-04-24T03:14:11,326  INFO [main] mapjoin.VectorMapJoinCommonOperator: org.apache.hadoop.hive.ql.exec.vector.mapjoin.VectorMapJoinInnerBigOnlyMultiKeyOperator outerSmallTableKeyMapping source columns: [], output columns: [], type infos: []
2024-04-24T03:14:11,326  INFO [main] mapjoin.VectorMapJoinCommonOperator: org.apache.hadoop.hive.ql.exec.vector.mapjoin.VectorMapJoinInnerBigOnlyMultiKeyOperator fullOuterSmallTableKeyMapping source columns: [], output columns: [], type infos: []
2024-04-24T03:14:11,326  INFO [main] mapjoin.VectorMapJoinCommonOperator: org.apache.hadoop.hive.ql.exec.vector.mapjoin.VectorMapJoinInnerBigOnlyMultiKeyOperator smallTableValueMapping source columns: [], output columns: [], type infos: []
2024-04-24T03:14:11,326  INFO [main] mapjoin.VectorMapJoinCommonOperator: org.apache.hadoop.hive.ql.exec.vector.mapjoin.VectorMapJoinInnerBigOnlyMultiKeyOperator bigTableByteColumnVectorColumns []
2024-04-24T03:14:11,326  INFO [main] mapjoin.VectorMapJoinCommonOperator: org.apache.hadoop.hive.ql.exec.vector.mapjoin.VectorMapJoinInnerBigOnlyMultiKeyOperator smallTableByteColumnVectorColumns []
2024-04-24T03:14:11,327  INFO [main] mapjoin.VectorMapJoinCommonOperator: org.apache.hadoop.hive.ql.exec.vector.mapjoin.VectorMapJoinInnerBigOnlyMultiKeyOperator outputProjection [0, 1, 0, 1]
2024-04-24T03:14:11,327  INFO [main] mapjoin.VectorMapJoinCommonOperator: org.apache.hadoop.hive.ql.exec.vector.mapjoin.VectorMapJoinInnerBigOnlyMultiKeyOperator outputTypeInfos [smallint, int, smallint, int]
2024-04-24T03:14:11,327  INFO [main] mapjoin.VectorMapJoinCommonOperator: org.apache.hadoop.hive.ql.exec.vector.mapjoin.VectorMapJoinInnerBigOnlyMultiKeyOperator mapJoinDesc.getKeysString {1=_col0 (type: smallint), _col1 (type: int), 0=_col0 (type: smallint), _col1 (type: int)}
2024-04-24T03:14:11,327  INFO [main] mapjoin.VectorMapJoinCommonOperator: org.apache.hadoop.hive.ql.exec.vector.mapjoin.VectorMapJoinInnerBigOnlyMultiKeyOperator mapJoinDesc.getValueIndices +1 [0, 1]
2024-04-24T03:14:11,327  INFO [main] mapjoin.VectorMapJoinCommonOperator: org.apache.hadoop.hive.ql.exec.vector.mapjoin.VectorMapJoinInnerBigOnlyMultiKeyOperator mapJoinDesc.getExprs {0=[Column[_col0], Column[_col1]], 1=[Column[_col0], Column[_col1]]}
2024-04-24T03:14:11,327  INFO [main] mapjoin.VectorMapJoinCommonOperator: org.apache.hadoop.hive.ql.exec.vector.mapjoin.VectorMapJoinInnerBigOnlyMultiKeyOperator mapJoinDesc.getRetainList {0=[0, 1]}
2024-04-24T03:14:11,327  INFO [main] mapjoin.VectorMapJoinInnerBigOnlyMultiKeyOperator: Initializing Operator: MAPJOIN[0]
2024-04-24T03:14:11,329  INFO [main] exec.CommonJoinOperator: JOIN struct<out1:smallint,out2:int,out3:smallint,out4:int> totalsz = 4
2024-04-24T03:14:11,330  INFO [main] mapjoin.MapJoinTestConfig$TestMultiSetVectorCollectorOperator: Initializing Operator: TestMultiSetVectorCollectorOperator[null]
2024-04-24T03:14:11,330  INFO [main] mapjoin.VectorMapJoinCommonOperator: Using VectorMapJoinFastMultiKeyHashMultiSet from VectorMapJoinInnerBigOnlyMultiKeyOperator
2024-04-24T03:14:11,331  INFO [main] mapjoin.VectorMapJoinInnerBigOnlyMultiKeyOperator: Closing Operator: MAPJOIN[0]
2024-04-24T03:14:11,331  INFO [main] mapjoin.VectorMapJoinInnerBigOnlyMultiKeyOperator: RECORDS_OUT_INTERMEDIATE:0, RECORDS_OUT_OPERATOR_MAPJOIN_0:0, 
2024-04-24T03:14:11,331  INFO [main] mapjoin.MapJoinTestConfig$TestMultiSetVectorCollectorOperator: Closing Operator: TestMultiSetVectorCollectorOperator[null]
2024-04-24T03:14:11,331  INFO [main] mapjoin.MapJoinTestConfig$TestMultiSetVectorCollectorOperator: RECORDS_OUT_INTERMEDIATE:0, RECORDS_OUT_OPERATOR_null:0, 
2024-04-24T03:14:11,359  WARN [main] conf.HiveConf: HiveConf of name hive.dummyparam.test.server.specific.config.hivesite does not exist
2024-04-24T03:14:11,359  WARN [main] conf.HiveConf: HiveConf of name hive.metastore.metadb.dir does not exist
2024-04-24T03:14:11,359  WARN [main] conf.HiveConf: HiveConf of name hive.dummyparam.test.server.specific.config.metastoresite does not exist
2024-04-24T03:14:11,359  WARN [main] conf.HiveConf: HiveConf of name hive.dummyparam.test.server.specific.config.override does not exist
2024-04-24T03:14:11,359  WARN [main] conf.HiveConf: HiveConf of name hive.llap.io.cache.orc.alloc.min does not exist
2024-04-24T03:14:11,359  WARN [main] conf.HiveConf: HiveConf of name hive.llap.io.cache.orc.size does not exist
2024-04-24T03:14:11,359  WARN [main] conf.HiveConf: HiveConf of name hive.metastore.client.cache.maxSize does not exist
2024-04-24T03:14:11,359  WARN [main] conf.HiveConf: HiveConf of name hive.metastore.client.cache.recordStats does not exist
2024-04-24T03:14:11,359  WARN [main] conf.HiveConf: HiveConf of name hive.llap.io.cache.orc.alloc.max does not exist
2024-04-24T03:14:11,359  WARN [main] conf.HiveConf: HiveConf of name hive.stats.key.prefix.reserve.length does not exist
2024-04-24T03:14:11,359  WARN [main] conf.HiveConf: HiveConf of name hive.llap.io.cache.orc.arena.size does not exist
2024-04-24T03:14:11,368  INFO [main] persistence.HashMapWrapper: Key count from statistics is -1; setting map size to 100000
2024-04-24T03:14:11,372  INFO [main] exec.MapJoinOperator: Initializing Operator: MAPJOIN[0]
2024-04-24T03:14:11,373  INFO [main] exec.CommonJoinOperator: JOIN struct<out1:smallint,out2:int,out3:smallint,out4:int> totalsz = 4
2024-04-24T03:14:11,374  INFO [main] mapjoin.MapJoinTestConfig$TestMultiSetCollectorOperator: Initializing Operator: TestMultiSetCollectorOperator[null]
2024-04-24T03:14:11,375  INFO [main] exec.MapJoinOperator: Closing Operator: MAPJOIN[0]
2024-04-24T03:14:11,375  INFO [main] exec.MapJoinOperator: RECORDS_OUT_OPERATOR_MAPJOIN_0:0, RECORDS_OUT_INTERMEDIATE:0, 
2024-04-24T03:14:11,375  INFO [main] mapjoin.MapJoinTestConfig$TestMultiSetCollectorOperator: Closing Operator: TestMultiSetCollectorOperator[null]
2024-04-24T03:14:11,375  INFO [main] mapjoin.MapJoinTestConfig$TestMultiSetCollectorOperator: RECORDS_OUT_INTERMEDIATE:0, RECORDS_OUT_OPERATOR_null:0, 
2024-04-24T03:14:11,375  INFO [main] persistence.HashMapWrapper: Key count from statistics is 9991; setting map size to 13456
2024-04-24T03:14:11,375  INFO [main] persistence.MapJoinTableContainer: Initializing container with org.apache.hadoop.hive.serde2.binarysortable.BinarySortableSerDe and org.apache.hadoop.hive.serde2.lazybinary.LazyBinarySerDe
2024-04-24T03:14:11,379  INFO [main] exec.MapJoinOperator: Initializing Operator: MAPJOIN[0]
2024-04-24T03:14:11,380  INFO [main] exec.CommonJoinOperator: JOIN struct<out1:smallint,out2:int,out3:smallint,out4:int> totalsz = 4
2024-04-24T03:14:11,381  INFO [main] mapjoin.MapJoinTestConfig$TestMultiSetCollectorOperator: Initializing Operator: TestMultiSetCollectorOperator[null]
2024-04-24T03:14:11,381  INFO [main] exec.MapJoinOperator: Closing Operator: MAPJOIN[0]
2024-04-24T03:14:11,381  INFO [main] persistence.BytesBytesMultiHashMap: Map metrics: keys allocated 16384, keys assigned 9991, write conflict 6422, write max dist 14, read conflict 23, expanded 0 times in 0ms
2024-04-24T03:14:11,381  INFO [main] exec.MapJoinOperator: RECORDS_OUT_INTERMEDIATE:0, RECORDS_OUT_OPERATOR_MAPJOIN_0:0, 
2024-04-24T03:14:11,381  INFO [main] mapjoin.MapJoinTestConfig$TestMultiSetCollectorOperator: Closing Operator: TestMultiSetCollectorOperator[null]
2024-04-24T03:14:11,381  INFO [main] mapjoin.MapJoinTestConfig$TestMultiSetCollectorOperator: RECORDS_OUT_OPERATOR_null:0, RECORDS_OUT_INTERMEDIATE:0, 
2024-04-24T03:14:11,382  INFO [main] persistence.HashMapWrapper: Key count from statistics is 9991; setting map size to 13456
2024-04-24T03:14:11,382  INFO [main] persistence.MapJoinTableContainer: Initializing container with org.apache.hadoop.hive.serde2.binarysortable.BinarySortableSerDe and org.apache.hadoop.hive.serde2.lazybinary.LazyBinarySerDe
2024-04-24T03:14:11,385  INFO [main] vector.VectorMapJoinOperator: Initializing Operator: MAPJOIN[0]
2024-04-24T03:14:11,386  INFO [main] exec.CommonJoinOperator: JOIN struct<out1:smallint,out2:int,out3:smallint,out4:int> totalsz = 4
2024-04-24T03:14:11,387  INFO [main] mapjoin.MapJoinTestConfig$TestMultiSetVectorCollectorOperator: Initializing Operator: TestMultiSetVectorCollectorOperator[null]
2024-04-24T03:14:11,387  INFO [main] vector.VectorMapJoinOperator: Closing Operator: MAPJOIN[0]
2024-04-24T03:14:11,387  INFO [main] persistence.BytesBytesMultiHashMap: Map metrics: keys allocated 16384, keys assigned 9991, write conflict 6387, write max dist 15, read conflict 26, expanded 0 times in 0ms
2024-04-24T03:14:11,387  INFO [main] persistence.BytesBytesMultiHashMap: Map metrics: keys allocated 16384, keys assigned 9991, write conflict 6387, write max dist 15, read conflict 26, expanded 0 times in 0ms
2024-04-24T03:14:11,388  INFO [main] vector.VectorMapJoinOperator: RECORDS_OUT_INTERMEDIATE:0, RECORDS_OUT_OPERATOR_MAPJOIN_0:0, 
2024-04-24T03:14:11,388  INFO [main] mapjoin.MapJoinTestConfig$TestMultiSetVectorCollectorOperator: Closing Operator: TestMultiSetVectorCollectorOperator[null]
2024-04-24T03:14:11,388  INFO [main] mapjoin.MapJoinTestConfig$TestMultiSetVectorCollectorOperator: RECORDS_OUT_OPERATOR_null:0, RECORDS_OUT_INTERMEDIATE:0, 
2024-04-24T03:14:11,388  INFO [main] persistence.HashMapWrapper: Key count from statistics is 9991; setting map size to 13456
2024-04-24T03:14:11,388  INFO [main] persistence.MapJoinTableContainer: Initializing container with org.apache.hadoop.hive.serde2.binarysortable.BinarySortableSerDe and org.apache.hadoop.hive.serde2.lazybinary.LazyBinarySerDe
2024-04-24T03:14:11,393  INFO [main] mapjoin.VectorMapJoinCommonOperator: org.apache.hadoop.hive.ql.exec.vector.mapjoin.VectorMapJoinLeftSemiMultiKeyOperator order [0, 1]
2024-04-24T03:14:11,393  INFO [main] mapjoin.VectorMapJoinCommonOperator: org.apache.hadoop.hive.ql.exec.vector.mapjoin.VectorMapJoinLeftSemiMultiKeyOperator posBigTable 0
2024-04-24T03:14:11,393  INFO [main] mapjoin.VectorMapJoinCommonOperator: org.apache.hadoop.hive.ql.exec.vector.mapjoin.VectorMapJoinLeftSemiMultiKeyOperator posSingleVectorMapJoinSmallTable 1
2024-04-24T03:14:11,393  INFO [main] mapjoin.VectorMapJoinCommonOperator: org.apache.hadoop.hive.ql.exec.vector.mapjoin.VectorMapJoinLeftSemiMultiKeyOperator bigTableKeyColumnMap [0, 1]
2024-04-24T03:14:11,393  INFO [main] mapjoin.VectorMapJoinCommonOperator: org.apache.hadoop.hive.ql.exec.vector.mapjoin.VectorMapJoinLeftSemiMultiKeyOperator bigTableKeyColumnNames [_col0, _col1]
2024-04-24T03:14:11,393  INFO [main] mapjoin.VectorMapJoinCommonOperator: org.apache.hadoop.hive.ql.exec.vector.mapjoin.VectorMapJoinLeftSemiMultiKeyOperator bigTableKeyTypeInfos [smallint, int]
2024-04-24T03:14:11,393  INFO [main] mapjoin.VectorMapJoinCommonOperator: org.apache.hadoop.hive.ql.exec.vector.mapjoin.VectorMapJoinLeftSemiMultiKeyOperator bigTableValueColumnMap [0, 1]
2024-04-24T03:14:11,393  INFO [main] mapjoin.VectorMapJoinCommonOperator: org.apache.hadoop.hive.ql.exec.vector.mapjoin.VectorMapJoinLeftSemiMultiKeyOperator bigTableValueColumnNames [_col0, _col1]
2024-04-24T03:14:11,393  INFO [main] mapjoin.VectorMapJoinCommonOperator: org.apache.hadoop.hive.ql.exec.vector.mapjoin.VectorMapJoinLeftSemiMultiKeyOperator bigTableValueTypeNames [smallint, int]
2024-04-24T03:14:11,393  INFO [main] mapjoin.VectorMapJoinCommonOperator: org.apache.hadoop.hive.ql.exec.vector.mapjoin.VectorMapJoinLeftSemiMultiKeyOperator getBigTableRetainColumnMap [0, 1]
2024-04-24T03:14:11,394  INFO [main] mapjoin.VectorMapJoinCommonOperator: org.apache.hadoop.hive.ql.exec.vector.mapjoin.VectorMapJoinLeftSemiMultiKeyOperator bigTableRetainTypeInfos [smallint, int]
2024-04-24T03:14:11,394  INFO [main] mapjoin.VectorMapJoinCommonOperator: org.apache.hadoop.hive.ql.exec.vector.mapjoin.VectorMapJoinLeftSemiMultiKeyOperator nonOuterSmallTableKeyColumnMap []
2024-04-24T03:14:11,394  INFO [main] mapjoin.VectorMapJoinCommonOperator: org.apache.hadoop.hive.ql.exec.vector.mapjoin.VectorMapJoinLeftSemiMultiKeyOperator nonOuterSmallTableKeyTypeInfos []
2024-04-24T03:14:11,394  INFO [main] mapjoin.VectorMapJoinCommonOperator: org.apache.hadoop.hive.ql.exec.vector.mapjoin.VectorMapJoinLeftSemiMultiKeyOperator outerSmallTableKeyMapping source columns: [], output columns: [], type infos: []
2024-04-24T03:14:11,394  INFO [main] mapjoin.VectorMapJoinCommonOperator: org.apache.hadoop.hive.ql.exec.vector.mapjoin.VectorMapJoinLeftSemiMultiKeyOperator fullOuterSmallTableKeyMapping source columns: [], output columns: [], type infos: []
2024-04-24T03:14:11,394  INFO [main] mapjoin.VectorMapJoinCommonOperator: org.apache.hadoop.hive.ql.exec.vector.mapjoin.VectorMapJoinLeftSemiMultiKeyOperator smallTableValueMapping source columns: [], output columns: [], type infos: []
2024-04-24T03:14:11,394  INFO [main] mapjoin.VectorMapJoinCommonOperator: org.apache.hadoop.hive.ql.exec.vector.mapjoin.VectorMapJoinLeftSemiMultiKeyOperator bigTableByteColumnVectorColumns []
2024-04-24T03:14:11,394  INFO [main] mapjoin.VectorMapJoinCommonOperator: org.apache.hadoop.hive.ql.exec.vector.mapjoin.VectorMapJoinLeftSemiMultiKeyOperator smallTableByteColumnVectorColumns []
2024-04-24T03:14:11,394  INFO [main] mapjoin.VectorMapJoinCommonOperator: org.apache.hadoop.hive.ql.exec.vector.mapjoin.VectorMapJoinLeftSemiMultiKeyOperator outputProjection [0, 1, 0, 1]
2024-04-24T03:14:11,394  INFO [main] mapjoin.VectorMapJoinCommonOperator: org.apache.hadoop.hive.ql.exec.vector.mapjoin.VectorMapJoinLeftSemiMultiKeyOperator outputTypeInfos [smallint, int, smallint, int]
2024-04-24T03:14:11,394  INFO [main] mapjoin.VectorMapJoinCommonOperator: org.apache.hadoop.hive.ql.exec.vector.mapjoin.VectorMapJoinLeftSemiMultiKeyOperator mapJoinDesc.getKeysString {1=_col0 (type: smallint), _col1 (type: int), 0=_col0 (type: smallint), _col1 (type: int)}
2024-04-24T03:14:11,394  INFO [main] mapjoin.VectorMapJoinCommonOperator: org.apache.hadoop.hive.ql.exec.vector.mapjoin.VectorMapJoinLeftSemiMultiKeyOperator mapJoinDesc.getValueIndices +1 [0, 1]
2024-04-24T03:14:11,394  INFO [main] mapjoin.VectorMapJoinCommonOperator: org.apache.hadoop.hive.ql.exec.vector.mapjoin.VectorMapJoinLeftSemiMultiKeyOperator mapJoinDesc.getExprs {0=[Column[_col0], Column[_col1]], 1=[Column[_col0], Column[_col1]]}
2024-04-24T03:14:11,394  INFO [main] mapjoin.VectorMapJoinCommonOperator: org.apache.hadoop.hive.ql.exec.vector.mapjoin.VectorMapJoinLeftSemiMultiKeyOperator mapJoinDesc.getRetainList {0=[0, 1]}
2024-04-24T03:14:11,394  INFO [main] mapjoin.VectorMapJoinLeftSemiMultiKeyOperator: Initializing Operator: MAPJOIN[0]
2024-04-24T03:14:11,396  INFO [main] exec.CommonJoinOperator: JOIN struct<out1:smallint,out2:int,out3:smallint,out4:int> totalsz = 4
2024-04-24T03:14:11,396  INFO [main] mapjoin.MapJoinTestConfig$TestMultiSetVectorCollectorOperator: Initializing Operator: TestMultiSetVectorCollectorOperator[null]
2024-04-24T03:14:11,397  INFO [main] mapjoin.VectorMapJoinCommonOperator: Using VectorMapJoinOptimizedMultiKeyHashSet from VectorMapJoinLeftSemiMultiKeyOperator
2024-04-24T03:14:11,462  INFO [main] mapjoin.VectorMapJoinLeftSemiMultiKeyOperator: Closing Operator: MAPJOIN[0]
2024-04-24T03:14:11,462  INFO [main] persistence.BytesBytesMultiHashMap: Map metrics: keys allocated 16384, keys assigned 9991, write conflict 6383, write max dist 16, read conflict 29, expanded 0 times in 0ms
2024-04-24T03:14:11,463  INFO [main] mapjoin.VectorMapJoinLeftSemiMultiKeyOperator: RECORDS_OUT_OPERATOR_MAPJOIN_0:0, RECORDS_OUT_INTERMEDIATE:0, 
2024-04-24T03:14:11,463  INFO [main] mapjoin.MapJoinTestConfig$TestMultiSetVectorCollectorOperator: Closing Operator: TestMultiSetVectorCollectorOperator[null]
2024-04-24T03:14:11,463  INFO [main] mapjoin.MapJoinTestConfig$TestMultiSetVectorCollectorOperator: RECORDS_OUT_INTERMEDIATE:0, RECORDS_OUT_OPERATOR_null:0, 
2024-04-24T03:14:11,463  INFO [main] persistence.HashMapWrapper: Key count from statistics is 9991; setting map size to 13456
2024-04-24T03:14:11,470  INFO [main] mapjoin.VectorMapJoinCommonOperator: org.apache.hadoop.hive.ql.exec.vector.mapjoin.VectorMapJoinLeftSemiMultiKeyOperator order [0, 1]
2024-04-24T03:14:11,470  INFO [main] mapjoin.VectorMapJoinCommonOperator: org.apache.hadoop.hive.ql.exec.vector.mapjoin.VectorMapJoinLeftSemiMultiKeyOperator posBigTable 0
2024-04-24T03:14:11,470  INFO [main] mapjoin.VectorMapJoinCommonOperator: org.apache.hadoop.hive.ql.exec.vector.mapjoin.VectorMapJoinLeftSemiMultiKeyOperator posSingleVectorMapJoinSmallTable 1
2024-04-24T03:14:11,470  INFO [main] mapjoin.VectorMapJoinCommonOperator: org.apache.hadoop.hive.ql.exec.vector.mapjoin.VectorMapJoinLeftSemiMultiKeyOperator bigTableKeyColumnMap [0, 1]
2024-04-24T03:14:11,470  INFO [main] mapjoin.VectorMapJoinCommonOperator: org.apache.hadoop.hive.ql.exec.vector.mapjoin.VectorMapJoinLeftSemiMultiKeyOperator bigTableKeyColumnNames [_col0, _col1]
2024-04-24T03:14:11,470  INFO [main] mapjoin.VectorMapJoinCommonOperator: org.apache.hadoop.hive.ql.exec.vector.mapjoin.VectorMapJoinLeftSemiMultiKeyOperator bigTableKeyTypeInfos [smallint, int]
2024-04-24T03:14:11,470  INFO [main] mapjoin.VectorMapJoinCommonOperator: org.apache.hadoop.hive.ql.exec.vector.mapjoin.VectorMapJoinLeftSemiMultiKeyOperator bigTableValueColumnMap [0, 1]
2024-04-24T03:14:11,470  INFO [main] mapjoin.VectorMapJoinCommonOperator: org.apache.hadoop.hive.ql.exec.vector.mapjoin.VectorMapJoinLeftSemiMultiKeyOperator bigTableValueColumnNames [_col0, _col1]
2024-04-24T03:14:11,470  INFO [main] mapjoin.VectorMapJoinCommonOperator: org.apache.hadoop.hive.ql.exec.vector.mapjoin.VectorMapJoinLeftSemiMultiKeyOperator bigTableValueTypeNames [smallint, int]
2024-04-24T03:14:11,470  INFO [main] mapjoin.VectorMapJoinCommonOperator: org.apache.hadoop.hive.ql.exec.vector.mapjoin.VectorMapJoinLeftSemiMultiKeyOperator getBigTableRetainColumnMap [0, 1]
2024-04-24T03:14:11,470  INFO [main] mapjoin.VectorMapJoinCommonOperator: org.apache.hadoop.hive.ql.exec.vector.mapjoin.VectorMapJoinLeftSemiMultiKeyOperator bigTableRetainTypeInfos [smallint, int]
2024-04-24T03:14:11,470  INFO [main] mapjoin.VectorMapJoinCommonOperator: org.apache.hadoop.hive.ql.exec.vector.mapjoin.VectorMapJoinLeftSemiMultiKeyOperator nonOuterSmallTableKeyColumnMap []
2024-04-24T03:14:11,470  INFO [main] mapjoin.VectorMapJoinCommonOperator: org.apache.hadoop.hive.ql.exec.vector.mapjoin.VectorMapJoinLeftSemiMultiKeyOperator nonOuterSmallTableKeyTypeInfos []
2024-04-24T03:14:11,470  INFO [main] mapjoin.VectorMapJoinCommonOperator: org.apache.hadoop.hive.ql.exec.vector.mapjoin.VectorMapJoinLeftSemiMultiKeyOperator outerSmallTableKeyMapping source columns: [], output columns: [], type infos: []
2024-04-24T03:14:11,470  INFO [main] mapjoin.VectorMapJoinCommonOperator: org.apache.hadoop.hive.ql.exec.vector.mapjoin.VectorMapJoinLeftSemiMultiKeyOperator fullOuterSmallTableKeyMapping source columns: [], output columns: [], type infos: []
2024-04-24T03:14:11,470  INFO [main] mapjoin.VectorMapJoinCommonOperator: org.apache.hadoop.hive.ql.exec.vector.mapjoin.VectorMapJoinLeftSemiMultiKeyOperator smallTableValueMapping source columns: [], output columns: [], type infos: []
2024-04-24T03:14:11,470  INFO [main] mapjoin.VectorMapJoinCommonOperator: org.apache.hadoop.hive.ql.exec.vector.mapjoin.VectorMapJoinLeftSemiMultiKeyOperator bigTableByteColumnVectorColumns []
2024-04-24T03:14:11,470  INFO [main] mapjoin.VectorMapJoinCommonOperator: org.apache.hadoop.hive.ql.exec.vector.mapjoin.VectorMapJoinLeftSemiMultiKeyOperator smallTableByteColumnVectorColumns []
2024-04-24T03:14:11,470  INFO [main] mapjoin.VectorMapJoinCommonOperator: org.apache.hadoop.hive.ql.exec.vector.mapjoin.VectorMapJoinLeftSemiMultiKeyOperator outputProjection [0, 1, 0, 1]
2024-04-24T03:14:11,470  INFO [main] mapjoin.VectorMapJoinCommonOperator: org.apache.hadoop.hive.ql.exec.vector.mapjoin.VectorMapJoinLeftSemiMultiKeyOperator outputTypeInfos [smallint, int, smallint, int]
2024-04-24T03:14:11,470  INFO [main] mapjoin.VectorMapJoinCommonOperator: org.apache.hadoop.hive.ql.exec.vector.mapjoin.VectorMapJoinLeftSemiMultiKeyOperator mapJoinDesc.getKeysString {1=_col0 (type: smallint), _col1 (type: int), 0=_col0 (type: smallint), _col1 (type: int)}
2024-04-24T03:14:11,470  INFO [main] mapjoin.VectorMapJoinCommonOperator: org.apache.hadoop.hive.ql.exec.vector.mapjoin.VectorMapJoinLeftSemiMultiKeyOperator mapJoinDesc.getValueIndices +1 [0, 1]
2024-04-24T03:14:11,470  INFO [main] mapjoin.VectorMapJoinCommonOperator: org.apache.hadoop.hive.ql.exec.vector.mapjoin.VectorMapJoinLeftSemiMultiKeyOperator mapJoinDesc.getExprs {0=[Column[_col0], Column[_col1]], 1=[Column[_col0], Column[_col1]]}
2024-04-24T03:14:11,470  INFO [main] mapjoin.VectorMapJoinCommonOperator: org.apache.hadoop.hive.ql.exec.vector.mapjoin.VectorMapJoinLeftSemiMultiKeyOperator mapJoinDesc.getRetainList {0=[0, 1]}
2024-04-24T03:14:11,471  INFO [main] mapjoin.VectorMapJoinLeftSemiMultiKeyOperator: Initializing Operator: MAPJOIN[0]
2024-04-24T03:14:11,472  INFO [main] exec.CommonJoinOperator: JOIN struct<out1:smallint,out2:int,out3:smallint,out4:int> totalsz = 4
2024-04-24T03:14:11,473  INFO [main] mapjoin.MapJoinTestConfig$TestMultiSetVectorCollectorOperator: Initializing Operator: TestMultiSetVectorCollectorOperator[null]
2024-04-24T03:14:11,473  INFO [main] mapjoin.VectorMapJoinCommonOperator: Using VectorMapJoinFastMultiKeyHashSet from VectorMapJoinLeftSemiMultiKeyOperator
2024-04-24T03:14:11,473  INFO [main] mapjoin.VectorMapJoinLeftSemiMultiKeyOperator: Closing Operator: MAPJOIN[0]
2024-04-24T03:14:11,473  INFO [main] mapjoin.VectorMapJoinLeftSemiMultiKeyOperator: RECORDS_OUT_INTERMEDIATE:0, RECORDS_OUT_OPERATOR_MAPJOIN_0:0, 
2024-04-24T03:14:11,473  INFO [main] mapjoin.MapJoinTestConfig$TestMultiSetVectorCollectorOperator: Closing Operator: TestMultiSetVectorCollectorOperator[null]
2024-04-24T03:14:11,474  INFO [main] mapjoin.MapJoinTestConfig$TestMultiSetVectorCollectorOperator: RECORDS_OUT_OPERATOR_null:0, RECORDS_OUT_INTERMEDIATE:0, 
2024-04-24T03:14:11,500  WARN [main] conf.HiveConf: HiveConf of name hive.metastore.client.cache.recordStats does not exist
2024-04-24T03:14:11,500  WARN [main] conf.HiveConf: HiveConf of name hive.llap.io.cache.orc.alloc.max does not exist
2024-04-24T03:14:11,501  WARN [main] conf.HiveConf: HiveConf of name hive.dummyparam.test.server.specific.config.override does not exist
2024-04-24T03:14:11,501  WARN [main] conf.HiveConf: HiveConf of name hive.llap.io.cache.orc.arena.size does not exist
2024-04-24T03:14:11,501  WARN [main] conf.HiveConf: HiveConf of name hive.dummyparam.test.server.specific.config.metastoresite does not exist
2024-04-24T03:14:11,501  WARN [main] conf.HiveConf: HiveConf of name hive.dummyparam.test.server.specific.config.hivesite does not exist
2024-04-24T03:14:11,501  WARN [main] conf.HiveConf: HiveConf of name hive.llap.io.cache.orc.alloc.min does not exist
2024-04-24T03:14:11,501  WARN [main] conf.HiveConf: HiveConf of name hive.metastore.metadb.dir does not exist
2024-04-24T03:14:11,501  WARN [main] conf.HiveConf: HiveConf of name hive.llap.io.cache.orc.size does not exist
2024-04-24T03:14:11,501  WARN [main] conf.HiveConf: HiveConf of name hive.metastore.client.cache.maxSize does not exist
2024-04-24T03:14:11,501  WARN [main] conf.HiveConf: HiveConf of name hive.stats.key.prefix.reserve.length does not exist
2024-04-24T03:14:11,513  INFO [main] persistence.HashMapWrapper: Key count from statistics is -1; setting map size to 100000
]]></system-err>
  </testcase>
  <testcase name="testMultiKey1" classname="org.apache.hadoop.hive.ql.exec.vector.mapjoin.TestMapJoinOperator" time="1.332">
    <error type="java.lang.IndexOutOfBoundsException"><![CDATA[java.lang.IndexOutOfBoundsException: Index: 1, Size: 1
	at java.util.ArrayList.rangeCheck(ArrayList.java:659)
	at java.util.ArrayList.get(ArrayList.java:435)
	at org.apache.hadoop.hive.ql.exec.vector.mapjoin.MapJoinTestConfig.loadTableContainerData(MapJoinTestConfig.java:762)
	at org.apache.hadoop.hive.ql.exec.vector.mapjoin.MapJoinTestConfig.createMapJoin(MapJoinTestConfig.java:846)
	at org.apache.hadoop.hive.ql.exec.vector.mapjoin.MapJoinTestConfig.createMapJoinImplementation(MapJoinTestConfig.java:988)
	at org.apache.hadoop.hive.ql.exec.vector.mapjoin.MapJoinTestConfig.createMapJoinImplementation(MapJoinTestConfig.java:971)
	at org.apache.hadoop.hive.ql.exec.vector.mapjoin.TestMapJoinOperator.executeTestImplementation(TestMapJoinOperator.java:1968)
	at org.apache.hadoop.hive.ql.exec.vector.mapjoin.TestMapJoinOperator.executeRowModeHashMap(TestMapJoinOperator.java:1894)
	at org.apache.hadoop.hive.ql.exec.vector.mapjoin.TestMapJoinOperator.doExecuteTest(TestMapJoinOperator.java:1853)
	at org.apache.hadoop.hive.ql.exec.vector.mapjoin.TestMapJoinOperator.executeTestInner(TestMapJoinOperator.java:1807)
	at org.apache.hadoop.hive.ql.exec.vector.mapjoin.TestMapJoinOperator.executeTest(TestMapJoinOperator.java:1783)
	at org.apache.hadoop.hive.ql.exec.vector.mapjoin.TestMapJoinOperator.doTestMultiKey1(TestMapJoinOperator.java:1062)
	at org.apache.hadoop.hive.ql.exec.vector.mapjoin.TestMapJoinOperator.testMultiKey1(TestMapJoinOperator.java:995)
	at sun.reflect.NativeMethodAccessorImpl.invoke0(Native Method)
	at sun.reflect.NativeMethodAccessorImpl.invoke(NativeMethodAccessorImpl.java:62)
	at sun.reflect.DelegatingMethodAccessorImpl.invoke(DelegatingMethodAccessorImpl.java:43)
	at java.lang.reflect.Method.invoke(Method.java:498)
	at org.junit.runners.model.FrameworkMethod$1.runReflectiveCall(FrameworkMethod.java:59)
	at org.junit.internal.runners.model.ReflectiveCallable.run(ReflectiveCallable.java:12)
	at org.junit.runners.model.FrameworkMethod.invokeExplosively(FrameworkMethod.java:56)
	at org.junit.internal.runners.statements.InvokeMethod.evaluate(InvokeMethod.java:17)
	at org.junit.runners.ParentRunner$3.evaluate(ParentRunner.java:306)
	at org.junit.runners.BlockJUnit4ClassRunner$1.evaluate(BlockJUnit4ClassRunner.java:100)
	at org.junit.runners.ParentRunner.runLeaf(ParentRunner.java:366)
	at org.junit.runners.BlockJUnit4ClassRunner.runChild(BlockJUnit4ClassRunner.java:103)
	at org.junit.runners.BlockJUnit4ClassRunner.runChild(BlockJUnit4ClassRunner.java:63)
	at org.junit.runners.ParentRunner$4.run(ParentRunner.java:331)
	at org.junit.runners.ParentRunner$1.schedule(ParentRunner.java:79)
	at org.junit.runners.ParentRunner.runChildren(ParentRunner.java:329)
	at org.junit.runners.ParentRunner.access$100(ParentRunner.java:66)
	at org.junit.runners.ParentRunner$2.evaluate(ParentRunner.java:293)
	at org.junit.runners.ParentRunner$3.evaluate(ParentRunner.java:306)
	at org.junit.runners.ParentRunner.run(ParentRunner.java:413)
	at org.junit.runner.JUnitCore.run(JUnitCore.java:137)
	at org.junit.runner.JUnitCore.run(JUnitCore.java:115)
	at org.junit.vintage.engine.execution.RunnerExecutor.execute(RunnerExecutor.java:43)
	at java.util.stream.ForEachOps$ForEachOp$OfRef.accept(ForEachOps.java:183)
	at java.util.stream.ReferencePipeline$3$1.accept(ReferencePipeline.java:193)
	at java.util.Iterator.forEachRemaining(Iterator.java:116)
	at java.util.Spliterators$IteratorSpliterator.forEachRemaining(Spliterators.java:1801)
	at java.util.stream.AbstractPipeline.copyInto(AbstractPipeline.java:482)
	at java.util.stream.AbstractPipeline.wrapAndCopyInto(AbstractPipeline.java:472)
	at java.util.stream.ForEachOps$ForEachOp.evaluateSequential(ForEachOps.java:150)
	at java.util.stream.ForEachOps$ForEachOp$OfRef.evaluateSequential(ForEachOps.java:173)
	at java.util.stream.AbstractPipeline.evaluate(AbstractPipeline.java:234)
	at java.util.stream.ReferencePipeline.forEach(ReferencePipeline.java:485)
	at org.junit.vintage.engine.VintageTestEngine.executeAllChildren(VintageTestEngine.java:82)
	at org.junit.vintage.engine.VintageTestEngine.execute(VintageTestEngine.java:73)
	at org.junit.platform.launcher.core.DefaultLauncher.execute(DefaultLauncher.java:248)
	at org.junit.platform.launcher.core.DefaultLauncher.lambda$execute$5(DefaultLauncher.java:211)
	at org.junit.platform.launcher.core.DefaultLauncher.withInterceptedStreams(DefaultLauncher.java:226)
	at org.junit.platform.launcher.core.DefaultLauncher.execute(DefaultLauncher.java:199)
	at org.junit.platform.launcher.core.DefaultLauncher.execute(DefaultLauncher.java:132)
	at org.apache.maven.surefire.junitplatform.JUnitPlatformProvider.invokeAllTests(JUnitPlatformProvider.java:154)
	at org.apache.maven.surefire.junitplatform.JUnitPlatformProvider.invoke(JUnitPlatformProvider.java:123)
	at org.apache.maven.surefire.booter.ForkedBooter.runSuitesInProcess(ForkedBooter.java:377)
	at org.apache.maven.surefire.booter.ForkedBooter.execute(ForkedBooter.java:138)
	at org.apache.maven.surefire.booter.ForkedBooter.run(ForkedBooter.java:465)
	at org.apache.maven.surefire.booter.ForkedBooter.main(ForkedBooter.java:451)
]]></error>
    <system-out><![CDATA[*BENCHMARK* expectedTestRowMultiSet  totalKeyCount 3 totalValueCount 3
*BENCHMARK* Starting implementation ROW_MODE_HASH_MAP variation INNER title testMultiKey1
]]></system-out>
    <system-err><![CDATA[2024-04-24T03:14:11,546  WARN [main] conf.HiveConf: HiveConf of name hive.llap.io.cache.orc.size does not exist
2024-04-24T03:14:11,546  WARN [main] conf.HiveConf: HiveConf of name hive.llap.io.cache.orc.alloc.min does not exist
2024-04-24T03:14:11,546  WARN [main] conf.HiveConf: HiveConf of name hive.llap.io.cache.orc.arena.size does not exist
2024-04-24T03:14:11,546  WARN [main] conf.HiveConf: HiveConf of name hive.dummyparam.test.server.specific.config.hivesite does not exist
2024-04-24T03:14:11,546  WARN [main] conf.HiveConf: HiveConf of name hive.dummyparam.test.server.specific.config.metastoresite does not exist
2024-04-24T03:14:11,546  WARN [main] conf.HiveConf: HiveConf of name hive.metastore.metadb.dir does not exist
2024-04-24T03:14:11,546  WARN [main] conf.HiveConf: HiveConf of name hive.llap.io.cache.orc.alloc.max does not exist
2024-04-24T03:14:11,547  WARN [main] conf.HiveConf: HiveConf of name hive.dummyparam.test.server.specific.config.override does not exist
2024-04-24T03:14:11,547  WARN [main] conf.HiveConf: HiveConf of name hive.stats.key.prefix.reserve.length does not exist
2024-04-24T03:14:11,547  WARN [main] conf.HiveConf: HiveConf of name hive.metastore.client.cache.maxSize does not exist
2024-04-24T03:14:11,547  WARN [main] conf.HiveConf: HiveConf of name hive.metastore.client.cache.recordStats does not exist
2024-04-24T03:14:12,803  INFO [main] persistence.HashMapWrapper: Key count from statistics is -1; setting map size to 100000
]]></system-err>
  </testcase>
  <testcase name="testMultiKey2" classname="org.apache.hadoop.hive.ql.exec.vector.mapjoin.TestMapJoinOperator" time="0.073">
    <error type="java.lang.IndexOutOfBoundsException"><![CDATA[java.lang.IndexOutOfBoundsException: Index: 1, Size: 1
	at java.util.ArrayList.rangeCheck(ArrayList.java:659)
	at java.util.ArrayList.get(ArrayList.java:435)
	at org.apache.hadoop.hive.ql.exec.vector.mapjoin.MapJoinTestConfig.loadTableContainerData(MapJoinTestConfig.java:762)
	at org.apache.hadoop.hive.ql.exec.vector.mapjoin.MapJoinTestConfig.createMapJoin(MapJoinTestConfig.java:846)
	at org.apache.hadoop.hive.ql.exec.vector.mapjoin.MapJoinTestConfig.createMapJoinImplementation(MapJoinTestConfig.java:988)
	at org.apache.hadoop.hive.ql.exec.vector.mapjoin.MapJoinTestConfig.createMapJoinImplementation(MapJoinTestConfig.java:971)
	at org.apache.hadoop.hive.ql.exec.vector.mapjoin.TestMapJoinOperator.executeTestImplementation(TestMapJoinOperator.java:1968)
	at org.apache.hadoop.hive.ql.exec.vector.mapjoin.TestMapJoinOperator.executeRowModeHashMap(TestMapJoinOperator.java:1894)
	at org.apache.hadoop.hive.ql.exec.vector.mapjoin.TestMapJoinOperator.doExecuteTest(TestMapJoinOperator.java:1853)
	at org.apache.hadoop.hive.ql.exec.vector.mapjoin.TestMapJoinOperator.executeTestInner(TestMapJoinOperator.java:1807)
	at org.apache.hadoop.hive.ql.exec.vector.mapjoin.TestMapJoinOperator.executeTest(TestMapJoinOperator.java:1783)
	at org.apache.hadoop.hive.ql.exec.vector.mapjoin.TestMapJoinOperator.doTestMultiKey2(TestMapJoinOperator.java:1144)
	at org.apache.hadoop.hive.ql.exec.vector.mapjoin.TestMapJoinOperator.testMultiKey2(TestMapJoinOperator.java:1076)
	at sun.reflect.NativeMethodAccessorImpl.invoke0(Native Method)
	at sun.reflect.NativeMethodAccessorImpl.invoke(NativeMethodAccessorImpl.java:62)
	at sun.reflect.DelegatingMethodAccessorImpl.invoke(DelegatingMethodAccessorImpl.java:43)
	at java.lang.reflect.Method.invoke(Method.java:498)
	at org.junit.runners.model.FrameworkMethod$1.runReflectiveCall(FrameworkMethod.java:59)
	at org.junit.internal.runners.model.ReflectiveCallable.run(ReflectiveCallable.java:12)
	at org.junit.runners.model.FrameworkMethod.invokeExplosively(FrameworkMethod.java:56)
	at org.junit.internal.runners.statements.InvokeMethod.evaluate(InvokeMethod.java:17)
	at org.junit.runners.ParentRunner$3.evaluate(ParentRunner.java:306)
	at org.junit.runners.BlockJUnit4ClassRunner$1.evaluate(BlockJUnit4ClassRunner.java:100)
	at org.junit.runners.ParentRunner.runLeaf(ParentRunner.java:366)
	at org.junit.runners.BlockJUnit4ClassRunner.runChild(BlockJUnit4ClassRunner.java:103)
	at org.junit.runners.BlockJUnit4ClassRunner.runChild(BlockJUnit4ClassRunner.java:63)
	at org.junit.runners.ParentRunner$4.run(ParentRunner.java:331)
	at org.junit.runners.ParentRunner$1.schedule(ParentRunner.java:79)
	at org.junit.runners.ParentRunner.runChildren(ParentRunner.java:329)
	at org.junit.runners.ParentRunner.access$100(ParentRunner.java:66)
	at org.junit.runners.ParentRunner$2.evaluate(ParentRunner.java:293)
	at org.junit.runners.ParentRunner$3.evaluate(ParentRunner.java:306)
	at org.junit.runners.ParentRunner.run(ParentRunner.java:413)
	at org.junit.runner.JUnitCore.run(JUnitCore.java:137)
	at org.junit.runner.JUnitCore.run(JUnitCore.java:115)
	at org.junit.vintage.engine.execution.RunnerExecutor.execute(RunnerExecutor.java:43)
	at java.util.stream.ForEachOps$ForEachOp$OfRef.accept(ForEachOps.java:183)
	at java.util.stream.ReferencePipeline$3$1.accept(ReferencePipeline.java:193)
	at java.util.Iterator.forEachRemaining(Iterator.java:116)
	at java.util.Spliterators$IteratorSpliterator.forEachRemaining(Spliterators.java:1801)
	at java.util.stream.AbstractPipeline.copyInto(AbstractPipeline.java:482)
	at java.util.stream.AbstractPipeline.wrapAndCopyInto(AbstractPipeline.java:472)
	at java.util.stream.ForEachOps$ForEachOp.evaluateSequential(ForEachOps.java:150)
	at java.util.stream.ForEachOps$ForEachOp$OfRef.evaluateSequential(ForEachOps.java:173)
	at java.util.stream.AbstractPipeline.evaluate(AbstractPipeline.java:234)
	at java.util.stream.ReferencePipeline.forEach(ReferencePipeline.java:485)
	at org.junit.vintage.engine.VintageTestEngine.executeAllChildren(VintageTestEngine.java:82)
	at org.junit.vintage.engine.VintageTestEngine.execute(VintageTestEngine.java:73)
	at org.junit.platform.launcher.core.DefaultLauncher.execute(DefaultLauncher.java:248)
	at org.junit.platform.launcher.core.DefaultLauncher.lambda$execute$5(DefaultLauncher.java:211)
	at org.junit.platform.launcher.core.DefaultLauncher.withInterceptedStreams(DefaultLauncher.java:226)
	at org.junit.platform.launcher.core.DefaultLauncher.execute(DefaultLauncher.java:199)
	at org.junit.platform.launcher.core.DefaultLauncher.execute(DefaultLauncher.java:132)
	at org.apache.maven.surefire.junitplatform.JUnitPlatformProvider.invokeAllTests(JUnitPlatformProvider.java:154)
	at org.apache.maven.surefire.junitplatform.JUnitPlatformProvider.invoke(JUnitPlatformProvider.java:123)
	at org.apache.maven.surefire.booter.ForkedBooter.runSuitesInProcess(ForkedBooter.java:377)
	at org.apache.maven.surefire.booter.ForkedBooter.execute(ForkedBooter.java:138)
	at org.apache.maven.surefire.booter.ForkedBooter.run(ForkedBooter.java:465)
	at org.apache.maven.surefire.booter.ForkedBooter.main(ForkedBooter.java:451)
]]></error>
    <system-out><![CDATA[*BENCHMARK* expectedTestRowMultiSet  totalKeyCount 2 totalValueCount 2
*BENCHMARK* Starting implementation ROW_MODE_HASH_MAP variation INNER title testMultiKey0
]]></system-out>
    <system-err><![CDATA[2024-04-24T03:14:12,880  WARN [main] conf.HiveConf: HiveConf of name hive.metastore.client.cache.maxSize does not exist
2024-04-24T03:14:12,880  WARN [main] conf.HiveConf: HiveConf of name hive.llap.io.cache.orc.size does not exist
2024-04-24T03:14:12,880  WARN [main] conf.HiveConf: HiveConf of name hive.dummyparam.test.server.specific.config.override does not exist
2024-04-24T03:14:12,880  WARN [main] conf.HiveConf: HiveConf of name hive.llap.io.cache.orc.alloc.max does not exist
2024-04-24T03:14:12,880  WARN [main] conf.HiveConf: HiveConf of name hive.metastore.metadb.dir does not exist
2024-04-24T03:14:12,881  WARN [main] conf.HiveConf: HiveConf of name hive.llap.io.cache.orc.alloc.min does not exist
2024-04-24T03:14:12,881  WARN [main] conf.HiveConf: HiveConf of name hive.dummyparam.test.server.specific.config.metastoresite does not exist
2024-04-24T03:14:12,881  WARN [main] conf.HiveConf: HiveConf of name hive.llap.io.cache.orc.arena.size does not exist
2024-04-24T03:14:12,881  WARN [main] conf.HiveConf: HiveConf of name hive.metastore.client.cache.recordStats does not exist
2024-04-24T03:14:12,881  WARN [main] conf.HiveConf: HiveConf of name hive.stats.key.prefix.reserve.length does not exist
2024-04-24T03:14:12,881  WARN [main] conf.HiveConf: HiveConf of name hive.dummyparam.test.server.specific.config.hivesite does not exist
2024-04-24T03:14:12,904  INFO [main] persistence.HashMapWrapper: Key count from statistics is -1; setting map size to 100000
]]></system-err>
  </testcase>
  <testcase name="testMultiKey3" classname="org.apache.hadoop.hive.ql.exec.vector.mapjoin.TestMapJoinOperator" time="0.473">
    <error type="java.lang.IndexOutOfBoundsException"><![CDATA[java.lang.IndexOutOfBoundsException: Index: 1, Size: 1
	at java.util.ArrayList.rangeCheck(ArrayList.java:659)
	at java.util.ArrayList.get(ArrayList.java:435)
	at org.apache.hadoop.hive.ql.exec.vector.mapjoin.MapJoinTestConfig.loadTableContainerData(MapJoinTestConfig.java:762)
	at org.apache.hadoop.hive.ql.exec.vector.mapjoin.MapJoinTestConfig.createMapJoin(MapJoinTestConfig.java:846)
	at org.apache.hadoop.hive.ql.exec.vector.mapjoin.MapJoinTestConfig.createMapJoinImplementation(MapJoinTestConfig.java:988)
	at org.apache.hadoop.hive.ql.exec.vector.mapjoin.MapJoinTestConfig.createMapJoinImplementation(MapJoinTestConfig.java:971)
	at org.apache.hadoop.hive.ql.exec.vector.mapjoin.TestMapJoinOperator.executeTestImplementation(TestMapJoinOperator.java:1968)
	at org.apache.hadoop.hive.ql.exec.vector.mapjoin.TestMapJoinOperator.executeRowModeHashMap(TestMapJoinOperator.java:1894)
	at org.apache.hadoop.hive.ql.exec.vector.mapjoin.TestMapJoinOperator.doExecuteTest(TestMapJoinOperator.java:1853)
	at org.apache.hadoop.hive.ql.exec.vector.mapjoin.TestMapJoinOperator.executeTestOuter(TestMapJoinOperator.java:1822)
	at org.apache.hadoop.hive.ql.exec.vector.mapjoin.TestMapJoinOperator.executeTest(TestMapJoinOperator.java:1792)
	at org.apache.hadoop.hive.ql.exec.vector.mapjoin.TestMapJoinOperator.doTestMultiKey3(TestMapJoinOperator.java:1224)
	at org.apache.hadoop.hive.ql.exec.vector.mapjoin.TestMapJoinOperator.testMultiKey3(TestMapJoinOperator.java:1158)
	at sun.reflect.NativeMethodAccessorImpl.invoke0(Native Method)
	at sun.reflect.NativeMethodAccessorImpl.invoke(NativeMethodAccessorImpl.java:62)
	at sun.reflect.DelegatingMethodAccessorImpl.invoke(DelegatingMethodAccessorImpl.java:43)
	at java.lang.reflect.Method.invoke(Method.java:498)
	at org.junit.runners.model.FrameworkMethod$1.runReflectiveCall(FrameworkMethod.java:59)
	at org.junit.internal.runners.model.ReflectiveCallable.run(ReflectiveCallable.java:12)
	at org.junit.runners.model.FrameworkMethod.invokeExplosively(FrameworkMethod.java:56)
	at org.junit.internal.runners.statements.InvokeMethod.evaluate(InvokeMethod.java:17)
	at org.junit.runners.ParentRunner$3.evaluate(ParentRunner.java:306)
	at org.junit.runners.BlockJUnit4ClassRunner$1.evaluate(BlockJUnit4ClassRunner.java:100)
	at org.junit.runners.ParentRunner.runLeaf(ParentRunner.java:366)
	at org.junit.runners.BlockJUnit4ClassRunner.runChild(BlockJUnit4ClassRunner.java:103)
	at org.junit.runners.BlockJUnit4ClassRunner.runChild(BlockJUnit4ClassRunner.java:63)
	at org.junit.runners.ParentRunner$4.run(ParentRunner.java:331)
	at org.junit.runners.ParentRunner$1.schedule(ParentRunner.java:79)
	at org.junit.runners.ParentRunner.runChildren(ParentRunner.java:329)
	at org.junit.runners.ParentRunner.access$100(ParentRunner.java:66)
	at org.junit.runners.ParentRunner$2.evaluate(ParentRunner.java:293)
	at org.junit.runners.ParentRunner$3.evaluate(ParentRunner.java:306)
	at org.junit.runners.ParentRunner.run(ParentRunner.java:413)
	at org.junit.runner.JUnitCore.run(JUnitCore.java:137)
	at org.junit.runner.JUnitCore.run(JUnitCore.java:115)
	at org.junit.vintage.engine.execution.RunnerExecutor.execute(RunnerExecutor.java:43)
	at java.util.stream.ForEachOps$ForEachOp$OfRef.accept(ForEachOps.java:183)
	at java.util.stream.ReferencePipeline$3$1.accept(ReferencePipeline.java:193)
	at java.util.Iterator.forEachRemaining(Iterator.java:116)
	at java.util.Spliterators$IteratorSpliterator.forEachRemaining(Spliterators.java:1801)
	at java.util.stream.AbstractPipeline.copyInto(AbstractPipeline.java:482)
	at java.util.stream.AbstractPipeline.wrapAndCopyInto(AbstractPipeline.java:472)
	at java.util.stream.ForEachOps$ForEachOp.evaluateSequential(ForEachOps.java:150)
	at java.util.stream.ForEachOps$ForEachOp$OfRef.evaluateSequential(ForEachOps.java:173)
	at java.util.stream.AbstractPipeline.evaluate(AbstractPipeline.java:234)
	at java.util.stream.ReferencePipeline.forEach(ReferencePipeline.java:485)
	at org.junit.vintage.engine.VintageTestEngine.executeAllChildren(VintageTestEngine.java:82)
	at org.junit.vintage.engine.VintageTestEngine.execute(VintageTestEngine.java:73)
	at org.junit.platform.launcher.core.DefaultLauncher.execute(DefaultLauncher.java:248)
	at org.junit.platform.launcher.core.DefaultLauncher.lambda$execute$5(DefaultLauncher.java:211)
	at org.junit.platform.launcher.core.DefaultLauncher.withInterceptedStreams(DefaultLauncher.java:226)
	at org.junit.platform.launcher.core.DefaultLauncher.execute(DefaultLauncher.java:199)
	at org.junit.platform.launcher.core.DefaultLauncher.execute(DefaultLauncher.java:132)
	at org.apache.maven.surefire.junitplatform.JUnitPlatformProvider.invokeAllTests(JUnitPlatformProvider.java:154)
	at org.apache.maven.surefire.junitplatform.JUnitPlatformProvider.invoke(JUnitPlatformProvider.java:123)
	at org.apache.maven.surefire.booter.ForkedBooter.runSuitesInProcess(ForkedBooter.java:377)
	at org.apache.maven.surefire.booter.ForkedBooter.execute(ForkedBooter.java:138)
	at org.apache.maven.surefire.booter.ForkedBooter.run(ForkedBooter.java:465)
	at org.apache.maven.surefire.booter.ForkedBooter.main(ForkedBooter.java:451)
]]></error>
    <system-out><![CDATA[*BENCHMARK* expectedTestRowMultiSet  totalKeyCount 0 totalValueCount 0
*BENCHMARK* Starting implementation ROW_MODE_HASH_MAP variation INNER_BIG_ONLY title testMultiKey3
*BENCHMARK* executeTestImplementation row count 0
*BENCHMARK* testMultiKey3 verify succeeded  for implementation ROW_MODE_HASH_MAP variation INNER_BIG_ONLY
*BENCHMARK* Starting implementation ROW_MODE_OPTIMIZED variation INNER_BIG_ONLY title testMultiKey3
*BENCHMARK* executeTestImplementation row count 0
*BENCHMARK* testMultiKey3 verify succeeded  for implementation ROW_MODE_OPTIMIZED variation INNER_BIG_ONLY
*BENCHMARK* Starting implementation VECTOR_PASS_THROUGH variation INNER_BIG_ONLY title testMultiKey3
*BENCHMARK* executeTestImplementation row count 0
*BENCHMARK* testMultiKey3 verify succeeded  for implementation VECTOR_PASS_THROUGH variation INNER_BIG_ONLY
*BENCHMARK* Starting implementation NATIVE_VECTOR_OPTIMIZED variation INNER_BIG_ONLY title testMultiKey3
*BENCHMARK* createNativeVectorMapJoinOperator VectorMapJoinInnerBigOnlyMultiKeyOperator
*BENCHMARK* executeTestImplementation row count 0
*BENCHMARK* testMultiKey3 verify succeeded  for implementation NATIVE_VECTOR_OPTIMIZED variation INNER_BIG_ONLY
*BENCHMARK* Starting implementation NATIVE_VECTOR_FAST variation INNER_BIG_ONLY title testMultiKey3
*BENCHMARK* createNativeVectorMapJoinOperator VectorMapJoinInnerBigOnlyMultiKeyOperator
*BENCHMARK* executeTestImplementation row count 0
*BENCHMARK* testMultiKey3 verify succeeded  for implementation NATIVE_VECTOR_FAST variation INNER_BIG_ONLY
*BENCHMARK* expectedTestRowMultiSet  totalKeyCount 0 totalValueCount 0
*BENCHMARK* Starting implementation ROW_MODE_HASH_MAP variation LEFT_SEMI title testMultiKey3
*BENCHMARK* executeTestImplementation row count 0
*BENCHMARK* testMultiKey3 verify succeeded  for implementation ROW_MODE_HASH_MAP variation LEFT_SEMI
*BENCHMARK* Starting implementation ROW_MODE_OPTIMIZED variation LEFT_SEMI title testMultiKey3
*BENCHMARK* executeTestImplementation row count 0
*BENCHMARK* testMultiKey3 verify succeeded  for implementation ROW_MODE_OPTIMIZED variation LEFT_SEMI
*BENCHMARK* Starting implementation VECTOR_PASS_THROUGH variation LEFT_SEMI title testMultiKey3
*BENCHMARK* executeTestImplementation row count 0
*BENCHMARK* testMultiKey3 verify succeeded  for implementation VECTOR_PASS_THROUGH variation LEFT_SEMI
*BENCHMARK* Starting implementation NATIVE_VECTOR_OPTIMIZED variation LEFT_SEMI title testMultiKey3
*BENCHMARK* createNativeVectorMapJoinOperator VectorMapJoinLeftSemiMultiKeyOperator
*BENCHMARK* executeTestImplementation row count 0
*BENCHMARK* testMultiKey3 verify succeeded  for implementation NATIVE_VECTOR_OPTIMIZED variation LEFT_SEMI
*BENCHMARK* Starting implementation NATIVE_VECTOR_FAST variation LEFT_SEMI title testMultiKey3
*BENCHMARK* createNativeVectorMapJoinOperator VectorMapJoinLeftSemiMultiKeyOperator
*BENCHMARK* executeTestImplementation row count 0
*BENCHMARK* testMultiKey3 verify succeeded  for implementation NATIVE_VECTOR_FAST variation LEFT_SEMI
*BENCHMARK* expectedTestRowMultiSet  totalKeyCount 10 totalValueCount 10
*BENCHMARK* Starting implementation ROW_MODE_HASH_MAP variation OUTER title testMultiKey3
]]></system-out>
    <system-err><![CDATA[2024-04-24T03:14:12,952  WARN [main] conf.HiveConf: HiveConf of name hive.llap.io.cache.orc.alloc.max does not exist
2024-04-24T03:14:12,952  WARN [main] conf.HiveConf: HiveConf of name hive.metastore.metadb.dir does not exist
2024-04-24T03:14:12,952  WARN [main] conf.HiveConf: HiveConf of name hive.stats.key.prefix.reserve.length does not exist
2024-04-24T03:14:12,952  WARN [main] conf.HiveConf: HiveConf of name hive.metastore.client.cache.maxSize does not exist
2024-04-24T03:14:12,952  WARN [main] conf.HiveConf: HiveConf of name hive.dummyparam.test.server.specific.config.metastoresite does not exist
2024-04-24T03:14:12,952  WARN [main] conf.HiveConf: HiveConf of name hive.llap.io.cache.orc.alloc.min does not exist
2024-04-24T03:14:12,952  WARN [main] conf.HiveConf: HiveConf of name hive.dummyparam.test.server.specific.config.override does not exist
2024-04-24T03:14:12,953  WARN [main] conf.HiveConf: HiveConf of name hive.llap.io.cache.orc.arena.size does not exist
2024-04-24T03:14:12,953  WARN [main] conf.HiveConf: HiveConf of name hive.dummyparam.test.server.specific.config.hivesite does not exist
2024-04-24T03:14:12,953  WARN [main] conf.HiveConf: HiveConf of name hive.llap.io.cache.orc.size does not exist
2024-04-24T03:14:12,953  WARN [main] conf.HiveConf: HiveConf of name hive.metastore.client.cache.recordStats does not exist
2024-04-24T03:14:12,982  WARN [main] conf.HiveConf: HiveConf of name hive.llap.io.cache.orc.size does not exist
2024-04-24T03:14:12,983  WARN [main] conf.HiveConf: HiveConf of name hive.llap.io.cache.orc.arena.size does not exist
2024-04-24T03:14:12,983  WARN [main] conf.HiveConf: HiveConf of name hive.dummyparam.test.server.specific.config.metastoresite does not exist
2024-04-24T03:14:12,983  WARN [main] conf.HiveConf: HiveConf of name hive.metastore.metadb.dir does not exist
2024-04-24T03:14:12,983  WARN [main] conf.HiveConf: HiveConf of name hive.llap.io.cache.orc.alloc.max does not exist
2024-04-24T03:14:12,983  WARN [main] conf.HiveConf: HiveConf of name hive.dummyparam.test.server.specific.config.override does not exist
2024-04-24T03:14:12,983  WARN [main] conf.HiveConf: HiveConf of name hive.dummyparam.test.server.specific.config.hivesite does not exist
2024-04-24T03:14:12,983  WARN [main] conf.HiveConf: HiveConf of name hive.metastore.client.cache.recordStats does not exist
2024-04-24T03:14:12,983  WARN [main] conf.HiveConf: HiveConf of name hive.stats.key.prefix.reserve.length does not exist
2024-04-24T03:14:12,983  WARN [main] conf.HiveConf: HiveConf of name hive.llap.io.cache.orc.alloc.min does not exist
2024-04-24T03:14:12,983  WARN [main] conf.HiveConf: HiveConf of name hive.metastore.client.cache.maxSize does not exist
2024-04-24T03:14:13,096  INFO [main] persistence.HashMapWrapper: Key count from statistics is -1; setting map size to 100000
2024-04-24T03:14:13,112  INFO [main] exec.MapJoinOperator: Initializing Operator: MAPJOIN[0]
2024-04-24T03:14:13,114  INFO [main] exec.CommonJoinOperator: JOIN struct<out1:date,out2:tinyint,out3:date,out4:tinyint> totalsz = 4
2024-04-24T03:14:13,115  INFO [main] mapjoin.MapJoinTestConfig$TestMultiSetCollectorOperator: Initializing Operator: TestMultiSetCollectorOperator[null]
2024-04-24T03:14:13,116  INFO [main] exec.MapJoinOperator: Closing Operator: MAPJOIN[0]
2024-04-24T03:14:13,116  INFO [main] exec.MapJoinOperator: RECORDS_OUT_INTERMEDIATE:0, RECORDS_OUT_OPERATOR_MAPJOIN_0:0, 
2024-04-24T03:14:13,116  INFO [main] mapjoin.MapJoinTestConfig$TestMultiSetCollectorOperator: Closing Operator: TestMultiSetCollectorOperator[null]
2024-04-24T03:14:13,116  INFO [main] mapjoin.MapJoinTestConfig$TestMultiSetCollectorOperator: RECORDS_OUT_INTERMEDIATE:0, RECORDS_OUT_OPERATOR_null:0, 
2024-04-24T03:14:13,117  INFO [main] persistence.HashMapWrapper: Key count from statistics is 8816; setting map size to 11874
2024-04-24T03:14:13,117  INFO [main] persistence.MapJoinTableContainer: Initializing container with org.apache.hadoop.hive.serde2.binarysortable.BinarySortableSerDe and org.apache.hadoop.hive.serde2.lazybinary.LazyBinarySerDe
2024-04-24T03:14:13,124  INFO [main] exec.MapJoinOperator: Initializing Operator: MAPJOIN[0]
2024-04-24T03:14:13,126  INFO [main] exec.CommonJoinOperator: JOIN struct<out1:date,out2:tinyint,out3:date,out4:tinyint> totalsz = 4
2024-04-24T03:14:13,127  INFO [main] mapjoin.MapJoinTestConfig$TestMultiSetCollectorOperator: Initializing Operator: TestMultiSetCollectorOperator[null]
2024-04-24T03:14:13,127  INFO [main] exec.MapJoinOperator: Closing Operator: MAPJOIN[0]
2024-04-24T03:14:13,127  INFO [main] persistence.BytesBytesMultiHashMap: Map metrics: keys allocated 16384, keys assigned 8816, write conflict 4430, write max dist 11, read conflict 8, expanded 0 times in 0ms
2024-04-24T03:14:13,127  INFO [main] exec.MapJoinOperator: RECORDS_OUT_OPERATOR_MAPJOIN_0:0, RECORDS_OUT_INTERMEDIATE:0, 
2024-04-24T03:14:13,127  INFO [main] mapjoin.MapJoinTestConfig$TestMultiSetCollectorOperator: Closing Operator: TestMultiSetCollectorOperator[null]
2024-04-24T03:14:13,127  INFO [main] mapjoin.MapJoinTestConfig$TestMultiSetCollectorOperator: RECORDS_OUT_INTERMEDIATE:0, RECORDS_OUT_OPERATOR_null:0, 
2024-04-24T03:14:13,128  INFO [main] persistence.HashMapWrapper: Key count from statistics is 8816; setting map size to 11874
2024-04-24T03:14:13,128  INFO [main] persistence.MapJoinTableContainer: Initializing container with org.apache.hadoop.hive.serde2.binarysortable.BinarySortableSerDe and org.apache.hadoop.hive.serde2.lazybinary.LazyBinarySerDe
2024-04-24T03:14:13,136  INFO [main] vector.VectorMapJoinOperator: Initializing Operator: MAPJOIN[0]
2024-04-24T03:14:13,139  INFO [main] exec.CommonJoinOperator: JOIN struct<out1:date,out2:tinyint,out3:date,out4:tinyint> totalsz = 4
2024-04-24T03:14:13,140  INFO [main] mapjoin.MapJoinTestConfig$TestMultiSetVectorCollectorOperator: Initializing Operator: TestMultiSetVectorCollectorOperator[null]
2024-04-24T03:14:13,140  INFO [main] vector.VectorMapJoinOperator: Closing Operator: MAPJOIN[0]
2024-04-24T03:14:13,140  INFO [main] persistence.BytesBytesMultiHashMap: Map metrics: keys allocated 16384, keys assigned 8816, write conflict 4407, write max dist 11, read conflict 9, expanded 0 times in 0ms
2024-04-24T03:14:13,141  INFO [main] persistence.BytesBytesMultiHashMap: Map metrics: keys allocated 16384, keys assigned 8816, write conflict 4407, write max dist 11, read conflict 9, expanded 0 times in 0ms
2024-04-24T03:14:13,141  INFO [main] vector.VectorMapJoinOperator: RECORDS_OUT_OPERATOR_MAPJOIN_0:0, RECORDS_OUT_INTERMEDIATE:0, 
2024-04-24T03:14:13,141  INFO [main] mapjoin.MapJoinTestConfig$TestMultiSetVectorCollectorOperator: Closing Operator: TestMultiSetVectorCollectorOperator[null]
2024-04-24T03:14:13,141  INFO [main] mapjoin.MapJoinTestConfig$TestMultiSetVectorCollectorOperator: RECORDS_OUT_OPERATOR_null:0, RECORDS_OUT_INTERMEDIATE:0, 
2024-04-24T03:14:13,141  INFO [main] persistence.HashMapWrapper: Key count from statistics is 8816; setting map size to 11874
2024-04-24T03:14:13,141  INFO [main] persistence.MapJoinTableContainer: Initializing container with org.apache.hadoop.hive.serde2.binarysortable.BinarySortableSerDe and org.apache.hadoop.hive.serde2.lazybinary.LazyBinarySerDe
2024-04-24T03:14:13,150  INFO [main] mapjoin.VectorMapJoinCommonOperator: org.apache.hadoop.hive.ql.exec.vector.mapjoin.VectorMapJoinInnerBigOnlyMultiKeyOperator order [0, 1]
2024-04-24T03:14:13,150  INFO [main] mapjoin.VectorMapJoinCommonOperator: org.apache.hadoop.hive.ql.exec.vector.mapjoin.VectorMapJoinInnerBigOnlyMultiKeyOperator posBigTable 0
2024-04-24T03:14:13,150  INFO [main] mapjoin.VectorMapJoinCommonOperator: org.apache.hadoop.hive.ql.exec.vector.mapjoin.VectorMapJoinInnerBigOnlyMultiKeyOperator posSingleVectorMapJoinSmallTable 1
2024-04-24T03:14:13,150  INFO [main] mapjoin.VectorMapJoinCommonOperator: org.apache.hadoop.hive.ql.exec.vector.mapjoin.VectorMapJoinInnerBigOnlyMultiKeyOperator bigTableKeyColumnMap [0, 1]
2024-04-24T03:14:13,150  INFO [main] mapjoin.VectorMapJoinCommonOperator: org.apache.hadoop.hive.ql.exec.vector.mapjoin.VectorMapJoinInnerBigOnlyMultiKeyOperator bigTableKeyColumnNames [_col0, _col1]
2024-04-24T03:14:13,150  INFO [main] mapjoin.VectorMapJoinCommonOperator: org.apache.hadoop.hive.ql.exec.vector.mapjoin.VectorMapJoinInnerBigOnlyMultiKeyOperator bigTableKeyTypeInfos [date, tinyint]
2024-04-24T03:14:13,150  INFO [main] mapjoin.VectorMapJoinCommonOperator: org.apache.hadoop.hive.ql.exec.vector.mapjoin.VectorMapJoinInnerBigOnlyMultiKeyOperator bigTableValueColumnMap [0, 1]
2024-04-24T03:14:13,150  INFO [main] mapjoin.VectorMapJoinCommonOperator: org.apache.hadoop.hive.ql.exec.vector.mapjoin.VectorMapJoinInnerBigOnlyMultiKeyOperator bigTableValueColumnNames [_col0, _col1]
2024-04-24T03:14:13,150  INFO [main] mapjoin.VectorMapJoinCommonOperator: org.apache.hadoop.hive.ql.exec.vector.mapjoin.VectorMapJoinInnerBigOnlyMultiKeyOperator bigTableValueTypeNames [date, tinyint]
2024-04-24T03:14:13,150  INFO [main] mapjoin.VectorMapJoinCommonOperator: org.apache.hadoop.hive.ql.exec.vector.mapjoin.VectorMapJoinInnerBigOnlyMultiKeyOperator getBigTableRetainColumnMap [0, 1]
2024-04-24T03:14:13,150  INFO [main] mapjoin.VectorMapJoinCommonOperator: org.apache.hadoop.hive.ql.exec.vector.mapjoin.VectorMapJoinInnerBigOnlyMultiKeyOperator bigTableRetainTypeInfos [date, tinyint]
2024-04-24T03:14:13,150  INFO [main] mapjoin.VectorMapJoinCommonOperator: org.apache.hadoop.hive.ql.exec.vector.mapjoin.VectorMapJoinInnerBigOnlyMultiKeyOperator nonOuterSmallTableKeyColumnMap []
2024-04-24T03:14:13,150  INFO [main] mapjoin.VectorMapJoinCommonOperator: org.apache.hadoop.hive.ql.exec.vector.mapjoin.VectorMapJoinInnerBigOnlyMultiKeyOperator nonOuterSmallTableKeyTypeInfos []
2024-04-24T03:14:13,150  INFO [main] mapjoin.VectorMapJoinCommonOperator: org.apache.hadoop.hive.ql.exec.vector.mapjoin.VectorMapJoinInnerBigOnlyMultiKeyOperator outerSmallTableKeyMapping source columns: [], output columns: [], type infos: []
2024-04-24T03:14:13,150  INFO [main] mapjoin.VectorMapJoinCommonOperator: org.apache.hadoop.hive.ql.exec.vector.mapjoin.VectorMapJoinInnerBigOnlyMultiKeyOperator fullOuterSmallTableKeyMapping source columns: [], output columns: [], type infos: []
2024-04-24T03:14:13,150  INFO [main] mapjoin.VectorMapJoinCommonOperator: org.apache.hadoop.hive.ql.exec.vector.mapjoin.VectorMapJoinInnerBigOnlyMultiKeyOperator smallTableValueMapping source columns: [], output columns: [], type infos: []
2024-04-24T03:14:13,150  INFO [main] mapjoin.VectorMapJoinCommonOperator: org.apache.hadoop.hive.ql.exec.vector.mapjoin.VectorMapJoinInnerBigOnlyMultiKeyOperator bigTableByteColumnVectorColumns []
2024-04-24T03:14:13,150  INFO [main] mapjoin.VectorMapJoinCommonOperator: org.apache.hadoop.hive.ql.exec.vector.mapjoin.VectorMapJoinInnerBigOnlyMultiKeyOperator smallTableByteColumnVectorColumns []
2024-04-24T03:14:13,150  INFO [main] mapjoin.VectorMapJoinCommonOperator: org.apache.hadoop.hive.ql.exec.vector.mapjoin.VectorMapJoinInnerBigOnlyMultiKeyOperator outputProjection [0, 1, 0, 1]
2024-04-24T03:14:13,150  INFO [main] mapjoin.VectorMapJoinCommonOperator: org.apache.hadoop.hive.ql.exec.vector.mapjoin.VectorMapJoinInnerBigOnlyMultiKeyOperator outputTypeInfos [date, tinyint, date, tinyint]
2024-04-24T03:14:13,150  INFO [main] mapjoin.VectorMapJoinCommonOperator: org.apache.hadoop.hive.ql.exec.vector.mapjoin.VectorMapJoinInnerBigOnlyMultiKeyOperator mapJoinDesc.getKeysString {1=_col0 (type: date), _col1 (type: tinyint), 0=_col0 (type: date), _col1 (type: tinyint)}
2024-04-24T03:14:13,150  INFO [main] mapjoin.VectorMapJoinCommonOperator: org.apache.hadoop.hive.ql.exec.vector.mapjoin.VectorMapJoinInnerBigOnlyMultiKeyOperator mapJoinDesc.getValueIndices +1 [0, 1]
2024-04-24T03:14:13,151  INFO [main] mapjoin.VectorMapJoinCommonOperator: org.apache.hadoop.hive.ql.exec.vector.mapjoin.VectorMapJoinInnerBigOnlyMultiKeyOperator mapJoinDesc.getExprs {1=[Column[_col0], Column[_col1]], 0=[Column[_col0], Column[_col1]]}
2024-04-24T03:14:13,151  INFO [main] mapjoin.VectorMapJoinCommonOperator: org.apache.hadoop.hive.ql.exec.vector.mapjoin.VectorMapJoinInnerBigOnlyMultiKeyOperator mapJoinDesc.getRetainList {0=[0, 1]}
2024-04-24T03:14:13,151  INFO [main] mapjoin.VectorMapJoinInnerBigOnlyMultiKeyOperator: Initializing Operator: MAPJOIN[0]
2024-04-24T03:14:13,153  INFO [main] exec.CommonJoinOperator: JOIN struct<out1:date,out2:tinyint,out3:date,out4:tinyint> totalsz = 4
2024-04-24T03:14:13,154  INFO [main] mapjoin.MapJoinTestConfig$TestMultiSetVectorCollectorOperator: Initializing Operator: TestMultiSetVectorCollectorOperator[null]
2024-04-24T03:14:13,154  INFO [main] mapjoin.VectorMapJoinCommonOperator: Using VectorMapJoinOptimizedMultiKeyHashMultiSet from VectorMapJoinInnerBigOnlyMultiKeyOperator
2024-04-24T03:14:13,154  INFO [main] mapjoin.VectorMapJoinInnerBigOnlyMultiKeyOperator: Closing Operator: MAPJOIN[0]
2024-04-24T03:14:13,154  INFO [main] persistence.BytesBytesMultiHashMap: Map metrics: keys allocated 16384, keys assigned 8816, write conflict 4435, write max dist 11, read conflict 9, expanded 0 times in 0ms
2024-04-24T03:14:13,155  INFO [main] mapjoin.VectorMapJoinInnerBigOnlyMultiKeyOperator: RECORDS_OUT_INTERMEDIATE:0, RECORDS_OUT_OPERATOR_MAPJOIN_0:0, 
2024-04-24T03:14:13,155  INFO [main] mapjoin.MapJoinTestConfig$TestMultiSetVectorCollectorOperator: Closing Operator: TestMultiSetVectorCollectorOperator[null]
2024-04-24T03:14:13,155  INFO [main] mapjoin.MapJoinTestConfig$TestMultiSetVectorCollectorOperator: RECORDS_OUT_OPERATOR_null:0, RECORDS_OUT_INTERMEDIATE:0, 
2024-04-24T03:14:13,155  INFO [main] persistence.HashMapWrapper: Key count from statistics is 8816; setting map size to 11874
2024-04-24T03:14:13,183  INFO [main] mapjoin.VectorMapJoinCommonOperator: org.apache.hadoop.hive.ql.exec.vector.mapjoin.VectorMapJoinInnerBigOnlyMultiKeyOperator order [0, 1]
2024-04-24T03:14:13,183  INFO [main] mapjoin.VectorMapJoinCommonOperator: org.apache.hadoop.hive.ql.exec.vector.mapjoin.VectorMapJoinInnerBigOnlyMultiKeyOperator posBigTable 0
2024-04-24T03:14:13,183  INFO [main] mapjoin.VectorMapJoinCommonOperator: org.apache.hadoop.hive.ql.exec.vector.mapjoin.VectorMapJoinInnerBigOnlyMultiKeyOperator posSingleVectorMapJoinSmallTable 1
2024-04-24T03:14:13,183  INFO [main] mapjoin.VectorMapJoinCommonOperator: org.apache.hadoop.hive.ql.exec.vector.mapjoin.VectorMapJoinInnerBigOnlyMultiKeyOperator bigTableKeyColumnMap [0, 1]
2024-04-24T03:14:13,183  INFO [main] mapjoin.VectorMapJoinCommonOperator: org.apache.hadoop.hive.ql.exec.vector.mapjoin.VectorMapJoinInnerBigOnlyMultiKeyOperator bigTableKeyColumnNames [_col0, _col1]
2024-04-24T03:14:13,183  INFO [main] mapjoin.VectorMapJoinCommonOperator: org.apache.hadoop.hive.ql.exec.vector.mapjoin.VectorMapJoinInnerBigOnlyMultiKeyOperator bigTableKeyTypeInfos [date, tinyint]
2024-04-24T03:14:13,183  INFO [main] mapjoin.VectorMapJoinCommonOperator: org.apache.hadoop.hive.ql.exec.vector.mapjoin.VectorMapJoinInnerBigOnlyMultiKeyOperator bigTableValueColumnMap [0, 1]
2024-04-24T03:14:13,183  INFO [main] mapjoin.VectorMapJoinCommonOperator: org.apache.hadoop.hive.ql.exec.vector.mapjoin.VectorMapJoinInnerBigOnlyMultiKeyOperator bigTableValueColumnNames [_col0, _col1]
2024-04-24T03:14:13,183  INFO [main] mapjoin.VectorMapJoinCommonOperator: org.apache.hadoop.hive.ql.exec.vector.mapjoin.VectorMapJoinInnerBigOnlyMultiKeyOperator bigTableValueTypeNames [date, tinyint]
2024-04-24T03:14:13,183  INFO [main] mapjoin.VectorMapJoinCommonOperator: org.apache.hadoop.hive.ql.exec.vector.mapjoin.VectorMapJoinInnerBigOnlyMultiKeyOperator getBigTableRetainColumnMap [0, 1]
2024-04-24T03:14:13,183  INFO [main] mapjoin.VectorMapJoinCommonOperator: org.apache.hadoop.hive.ql.exec.vector.mapjoin.VectorMapJoinInnerBigOnlyMultiKeyOperator bigTableRetainTypeInfos [date, tinyint]
2024-04-24T03:14:13,183  INFO [main] mapjoin.VectorMapJoinCommonOperator: org.apache.hadoop.hive.ql.exec.vector.mapjoin.VectorMapJoinInnerBigOnlyMultiKeyOperator nonOuterSmallTableKeyColumnMap []
2024-04-24T03:14:13,183  INFO [main] mapjoin.VectorMapJoinCommonOperator: org.apache.hadoop.hive.ql.exec.vector.mapjoin.VectorMapJoinInnerBigOnlyMultiKeyOperator nonOuterSmallTableKeyTypeInfos []
2024-04-24T03:14:13,183  INFO [main] mapjoin.VectorMapJoinCommonOperator: org.apache.hadoop.hive.ql.exec.vector.mapjoin.VectorMapJoinInnerBigOnlyMultiKeyOperator outerSmallTableKeyMapping source columns: [], output columns: [], type infos: []
2024-04-24T03:14:13,183  INFO [main] mapjoin.VectorMapJoinCommonOperator: org.apache.hadoop.hive.ql.exec.vector.mapjoin.VectorMapJoinInnerBigOnlyMultiKeyOperator fullOuterSmallTableKeyMapping source columns: [], output columns: [], type infos: []
2024-04-24T03:14:13,183  INFO [main] mapjoin.VectorMapJoinCommonOperator: org.apache.hadoop.hive.ql.exec.vector.mapjoin.VectorMapJoinInnerBigOnlyMultiKeyOperator smallTableValueMapping source columns: [], output columns: [], type infos: []
2024-04-24T03:14:13,183  INFO [main] mapjoin.VectorMapJoinCommonOperator: org.apache.hadoop.hive.ql.exec.vector.mapjoin.VectorMapJoinInnerBigOnlyMultiKeyOperator bigTableByteColumnVectorColumns []
2024-04-24T03:14:13,183  INFO [main] mapjoin.VectorMapJoinCommonOperator: org.apache.hadoop.hive.ql.exec.vector.mapjoin.VectorMapJoinInnerBigOnlyMultiKeyOperator smallTableByteColumnVectorColumns []
2024-04-24T03:14:13,183  INFO [main] mapjoin.VectorMapJoinCommonOperator: org.apache.hadoop.hive.ql.exec.vector.mapjoin.VectorMapJoinInnerBigOnlyMultiKeyOperator outputProjection [0, 1, 0, 1]
2024-04-24T03:14:13,183  INFO [main] mapjoin.VectorMapJoinCommonOperator: org.apache.hadoop.hive.ql.exec.vector.mapjoin.VectorMapJoinInnerBigOnlyMultiKeyOperator outputTypeInfos [date, tinyint, date, tinyint]
2024-04-24T03:14:13,183  INFO [main] mapjoin.VectorMapJoinCommonOperator: org.apache.hadoop.hive.ql.exec.vector.mapjoin.VectorMapJoinInnerBigOnlyMultiKeyOperator mapJoinDesc.getKeysString {1=_col0 (type: date), _col1 (type: tinyint), 0=_col0 (type: date), _col1 (type: tinyint)}
2024-04-24T03:14:13,184  INFO [main] mapjoin.VectorMapJoinCommonOperator: org.apache.hadoop.hive.ql.exec.vector.mapjoin.VectorMapJoinInnerBigOnlyMultiKeyOperator mapJoinDesc.getValueIndices +1 [0, 1]
2024-04-24T03:14:13,184  INFO [main] mapjoin.VectorMapJoinCommonOperator: org.apache.hadoop.hive.ql.exec.vector.mapjoin.VectorMapJoinInnerBigOnlyMultiKeyOperator mapJoinDesc.getExprs {1=[Column[_col0], Column[_col1]], 0=[Column[_col0], Column[_col1]]}
2024-04-24T03:14:13,184  INFO [main] mapjoin.VectorMapJoinCommonOperator: org.apache.hadoop.hive.ql.exec.vector.mapjoin.VectorMapJoinInnerBigOnlyMultiKeyOperator mapJoinDesc.getRetainList {0=[0, 1]}
2024-04-24T03:14:13,184  INFO [main] mapjoin.VectorMapJoinInnerBigOnlyMultiKeyOperator: Initializing Operator: MAPJOIN[0]
2024-04-24T03:14:13,185  INFO [main] exec.CommonJoinOperator: JOIN struct<out1:date,out2:tinyint,out3:date,out4:tinyint> totalsz = 4
2024-04-24T03:14:13,186  INFO [main] mapjoin.MapJoinTestConfig$TestMultiSetVectorCollectorOperator: Initializing Operator: TestMultiSetVectorCollectorOperator[null]
2024-04-24T03:14:13,186  INFO [main] mapjoin.VectorMapJoinCommonOperator: Using VectorMapJoinFastMultiKeyHashMultiSet from VectorMapJoinInnerBigOnlyMultiKeyOperator
2024-04-24T03:14:13,186  INFO [main] mapjoin.VectorMapJoinInnerBigOnlyMultiKeyOperator: Closing Operator: MAPJOIN[0]
2024-04-24T03:14:13,186  INFO [main] mapjoin.VectorMapJoinInnerBigOnlyMultiKeyOperator: RECORDS_OUT_INTERMEDIATE:0, RECORDS_OUT_OPERATOR_MAPJOIN_0:0, 
2024-04-24T03:14:13,186  INFO [main] mapjoin.MapJoinTestConfig$TestMultiSetVectorCollectorOperator: Closing Operator: TestMultiSetVectorCollectorOperator[null]
2024-04-24T03:14:13,187  INFO [main] mapjoin.MapJoinTestConfig$TestMultiSetVectorCollectorOperator: RECORDS_OUT_INTERMEDIATE:0, RECORDS_OUT_OPERATOR_null:0, 
2024-04-24T03:14:13,216  WARN [main] conf.HiveConf: HiveConf of name hive.dummyparam.test.server.specific.config.hivesite does not exist
2024-04-24T03:14:13,216  WARN [main] conf.HiveConf: HiveConf of name hive.metastore.client.cache.recordStats does not exist
2024-04-24T03:14:13,217  WARN [main] conf.HiveConf: HiveConf of name hive.metastore.metadb.dir does not exist
2024-04-24T03:14:13,217  WARN [main] conf.HiveConf: HiveConf of name hive.dummyparam.test.server.specific.config.override does not exist
2024-04-24T03:14:13,217  WARN [main] conf.HiveConf: HiveConf of name hive.llap.io.cache.orc.alloc.min does not exist
2024-04-24T03:14:13,217  WARN [main] conf.HiveConf: HiveConf of name hive.llap.io.cache.orc.size does not exist
2024-04-24T03:14:13,217  WARN [main] conf.HiveConf: HiveConf of name hive.llap.io.cache.orc.arena.size does not exist
2024-04-24T03:14:13,217  WARN [main] conf.HiveConf: HiveConf of name hive.stats.key.prefix.reserve.length does not exist
2024-04-24T03:14:13,217  WARN [main] conf.HiveConf: HiveConf of name hive.dummyparam.test.server.specific.config.metastoresite does not exist
2024-04-24T03:14:13,217  WARN [main] conf.HiveConf: HiveConf of name hive.metastore.client.cache.maxSize does not exist
2024-04-24T03:14:13,217  WARN [main] conf.HiveConf: HiveConf of name hive.llap.io.cache.orc.alloc.max does not exist
2024-04-24T03:14:13,285  INFO [main] persistence.HashMapWrapper: Key count from statistics is -1; setting map size to 100000
2024-04-24T03:14:13,290  INFO [main] exec.MapJoinOperator: Initializing Operator: MAPJOIN[0]
2024-04-24T03:14:13,291  INFO [main] exec.CommonJoinOperator: JOIN struct<out1:date,out2:tinyint,out3:date,out4:tinyint> totalsz = 4
2024-04-24T03:14:13,292  INFO [main] mapjoin.MapJoinTestConfig$TestMultiSetCollectorOperator: Initializing Operator: TestMultiSetCollectorOperator[null]
2024-04-24T03:14:13,293  INFO [main] exec.MapJoinOperator: Closing Operator: MAPJOIN[0]
2024-04-24T03:14:13,293  INFO [main] exec.MapJoinOperator: RECORDS_OUT_OPERATOR_MAPJOIN_0:0, RECORDS_OUT_INTERMEDIATE:0, 
2024-04-24T03:14:13,293  INFO [main] mapjoin.MapJoinTestConfig$TestMultiSetCollectorOperator: Closing Operator: TestMultiSetCollectorOperator[null]
2024-04-24T03:14:13,293  INFO [main] mapjoin.MapJoinTestConfig$TestMultiSetCollectorOperator: RECORDS_OUT_INTERMEDIATE:0, RECORDS_OUT_OPERATOR_null:0, 
2024-04-24T03:14:13,293  INFO [main] persistence.HashMapWrapper: Key count from statistics is 8816; setting map size to 11874
2024-04-24T03:14:13,294  INFO [main] persistence.MapJoinTableContainer: Initializing container with org.apache.hadoop.hive.serde2.binarysortable.BinarySortableSerDe and org.apache.hadoop.hive.serde2.lazybinary.LazyBinarySerDe
2024-04-24T03:14:13,298  INFO [main] exec.MapJoinOperator: Initializing Operator: MAPJOIN[0]
2024-04-24T03:14:13,300  INFO [main] exec.CommonJoinOperator: JOIN struct<out1:date,out2:tinyint,out3:date,out4:tinyint> totalsz = 4
2024-04-24T03:14:13,300  INFO [main] mapjoin.MapJoinTestConfig$TestMultiSetCollectorOperator: Initializing Operator: TestMultiSetCollectorOperator[null]
2024-04-24T03:14:13,300  INFO [main] exec.MapJoinOperator: Closing Operator: MAPJOIN[0]
2024-04-24T03:14:13,300  INFO [main] persistence.BytesBytesMultiHashMap: Map metrics: keys allocated 16384, keys assigned 8816, write conflict 4415, write max dist 12, read conflict 8, expanded 0 times in 0ms
2024-04-24T03:14:13,300  INFO [main] exec.MapJoinOperator: RECORDS_OUT_OPERATOR_MAPJOIN_0:0, RECORDS_OUT_INTERMEDIATE:0, 
2024-04-24T03:14:13,300  INFO [main] mapjoin.MapJoinTestConfig$TestMultiSetCollectorOperator: Closing Operator: TestMultiSetCollectorOperator[null]
2024-04-24T03:14:13,301  INFO [main] mapjoin.MapJoinTestConfig$TestMultiSetCollectorOperator: RECORDS_OUT_OPERATOR_null:0, RECORDS_OUT_INTERMEDIATE:0, 
2024-04-24T03:14:13,301  INFO [main] persistence.HashMapWrapper: Key count from statistics is 8816; setting map size to 11874
2024-04-24T03:14:13,301  INFO [main] persistence.MapJoinTableContainer: Initializing container with org.apache.hadoop.hive.serde2.binarysortable.BinarySortableSerDe and org.apache.hadoop.hive.serde2.lazybinary.LazyBinarySerDe
2024-04-24T03:14:13,305  INFO [main] vector.VectorMapJoinOperator: Initializing Operator: MAPJOIN[0]
2024-04-24T03:14:13,307  INFO [main] exec.CommonJoinOperator: JOIN struct<out1:date,out2:tinyint,out3:date,out4:tinyint> totalsz = 4
2024-04-24T03:14:13,307  INFO [main] mapjoin.MapJoinTestConfig$TestMultiSetVectorCollectorOperator: Initializing Operator: TestMultiSetVectorCollectorOperator[null]
2024-04-24T03:14:13,307  INFO [main] vector.VectorMapJoinOperator: Closing Operator: MAPJOIN[0]
2024-04-24T03:14:13,307  INFO [main] persistence.BytesBytesMultiHashMap: Map metrics: keys allocated 16384, keys assigned 8816, write conflict 4433, write max dist 12, read conflict 9, expanded 0 times in 0ms
2024-04-24T03:14:13,307  INFO [main] persistence.BytesBytesMultiHashMap: Map metrics: keys allocated 16384, keys assigned 8816, write conflict 4433, write max dist 12, read conflict 9, expanded 0 times in 0ms
2024-04-24T03:14:13,308  INFO [main] vector.VectorMapJoinOperator: RECORDS_OUT_OPERATOR_MAPJOIN_0:0, RECORDS_OUT_INTERMEDIATE:0, 
2024-04-24T03:14:13,308  INFO [main] mapjoin.MapJoinTestConfig$TestMultiSetVectorCollectorOperator: Closing Operator: TestMultiSetVectorCollectorOperator[null]
2024-04-24T03:14:13,308  INFO [main] mapjoin.MapJoinTestConfig$TestMultiSetVectorCollectorOperator: RECORDS_OUT_OPERATOR_null:0, RECORDS_OUT_INTERMEDIATE:0, 
2024-04-24T03:14:13,308  INFO [main] persistence.HashMapWrapper: Key count from statistics is 8816; setting map size to 11874
2024-04-24T03:14:13,308  INFO [main] persistence.MapJoinTableContainer: Initializing container with org.apache.hadoop.hive.serde2.binarysortable.BinarySortableSerDe and org.apache.hadoop.hive.serde2.lazybinary.LazyBinarySerDe
2024-04-24T03:14:13,313  INFO [main] mapjoin.VectorMapJoinCommonOperator: org.apache.hadoop.hive.ql.exec.vector.mapjoin.VectorMapJoinLeftSemiMultiKeyOperator order [0, 1]
2024-04-24T03:14:13,313  INFO [main] mapjoin.VectorMapJoinCommonOperator: org.apache.hadoop.hive.ql.exec.vector.mapjoin.VectorMapJoinLeftSemiMultiKeyOperator posBigTable 0
2024-04-24T03:14:13,313  INFO [main] mapjoin.VectorMapJoinCommonOperator: org.apache.hadoop.hive.ql.exec.vector.mapjoin.VectorMapJoinLeftSemiMultiKeyOperator posSingleVectorMapJoinSmallTable 1
2024-04-24T03:14:13,313  INFO [main] mapjoin.VectorMapJoinCommonOperator: org.apache.hadoop.hive.ql.exec.vector.mapjoin.VectorMapJoinLeftSemiMultiKeyOperator bigTableKeyColumnMap [0, 1]
2024-04-24T03:14:13,313  INFO [main] mapjoin.VectorMapJoinCommonOperator: org.apache.hadoop.hive.ql.exec.vector.mapjoin.VectorMapJoinLeftSemiMultiKeyOperator bigTableKeyColumnNames [_col0, _col1]
2024-04-24T03:14:13,313  INFO [main] mapjoin.VectorMapJoinCommonOperator: org.apache.hadoop.hive.ql.exec.vector.mapjoin.VectorMapJoinLeftSemiMultiKeyOperator bigTableKeyTypeInfos [date, tinyint]
2024-04-24T03:14:13,313  INFO [main] mapjoin.VectorMapJoinCommonOperator: org.apache.hadoop.hive.ql.exec.vector.mapjoin.VectorMapJoinLeftSemiMultiKeyOperator bigTableValueColumnMap [0, 1]
2024-04-24T03:14:13,313  INFO [main] mapjoin.VectorMapJoinCommonOperator: org.apache.hadoop.hive.ql.exec.vector.mapjoin.VectorMapJoinLeftSemiMultiKeyOperator bigTableValueColumnNames [_col0, _col1]
2024-04-24T03:14:13,313  INFO [main] mapjoin.VectorMapJoinCommonOperator: org.apache.hadoop.hive.ql.exec.vector.mapjoin.VectorMapJoinLeftSemiMultiKeyOperator bigTableValueTypeNames [date, tinyint]
2024-04-24T03:14:13,313  INFO [main] mapjoin.VectorMapJoinCommonOperator: org.apache.hadoop.hive.ql.exec.vector.mapjoin.VectorMapJoinLeftSemiMultiKeyOperator getBigTableRetainColumnMap [0, 1]
2024-04-24T03:14:13,313  INFO [main] mapjoin.VectorMapJoinCommonOperator: org.apache.hadoop.hive.ql.exec.vector.mapjoin.VectorMapJoinLeftSemiMultiKeyOperator bigTableRetainTypeInfos [date, tinyint]
2024-04-24T03:14:13,313  INFO [main] mapjoin.VectorMapJoinCommonOperator: org.apache.hadoop.hive.ql.exec.vector.mapjoin.VectorMapJoinLeftSemiMultiKeyOperator nonOuterSmallTableKeyColumnMap []
2024-04-24T03:14:13,313  INFO [main] mapjoin.VectorMapJoinCommonOperator: org.apache.hadoop.hive.ql.exec.vector.mapjoin.VectorMapJoinLeftSemiMultiKeyOperator nonOuterSmallTableKeyTypeInfos []
2024-04-24T03:14:13,313  INFO [main] mapjoin.VectorMapJoinCommonOperator: org.apache.hadoop.hive.ql.exec.vector.mapjoin.VectorMapJoinLeftSemiMultiKeyOperator outerSmallTableKeyMapping source columns: [], output columns: [], type infos: []
2024-04-24T03:14:13,313  INFO [main] mapjoin.VectorMapJoinCommonOperator: org.apache.hadoop.hive.ql.exec.vector.mapjoin.VectorMapJoinLeftSemiMultiKeyOperator fullOuterSmallTableKeyMapping source columns: [], output columns: [], type infos: []
2024-04-24T03:14:13,313  INFO [main] mapjoin.VectorMapJoinCommonOperator: org.apache.hadoop.hive.ql.exec.vector.mapjoin.VectorMapJoinLeftSemiMultiKeyOperator smallTableValueMapping source columns: [], output columns: [], type infos: []
2024-04-24T03:14:13,313  INFO [main] mapjoin.VectorMapJoinCommonOperator: org.apache.hadoop.hive.ql.exec.vector.mapjoin.VectorMapJoinLeftSemiMultiKeyOperator bigTableByteColumnVectorColumns []
2024-04-24T03:14:13,313  INFO [main] mapjoin.VectorMapJoinCommonOperator: org.apache.hadoop.hive.ql.exec.vector.mapjoin.VectorMapJoinLeftSemiMultiKeyOperator smallTableByteColumnVectorColumns []
2024-04-24T03:14:13,313  INFO [main] mapjoin.VectorMapJoinCommonOperator: org.apache.hadoop.hive.ql.exec.vector.mapjoin.VectorMapJoinLeftSemiMultiKeyOperator outputProjection [0, 1, 0, 1]
2024-04-24T03:14:13,313  INFO [main] mapjoin.VectorMapJoinCommonOperator: org.apache.hadoop.hive.ql.exec.vector.mapjoin.VectorMapJoinLeftSemiMultiKeyOperator outputTypeInfos [date, tinyint, date, tinyint]
2024-04-24T03:14:13,313  INFO [main] mapjoin.VectorMapJoinCommonOperator: org.apache.hadoop.hive.ql.exec.vector.mapjoin.VectorMapJoinLeftSemiMultiKeyOperator mapJoinDesc.getKeysString {1=_col0 (type: date), _col1 (type: tinyint), 0=_col0 (type: date), _col1 (type: tinyint)}
2024-04-24T03:14:13,313  INFO [main] mapjoin.VectorMapJoinCommonOperator: org.apache.hadoop.hive.ql.exec.vector.mapjoin.VectorMapJoinLeftSemiMultiKeyOperator mapJoinDesc.getValueIndices +1 [0, 1]
2024-04-24T03:14:13,313  INFO [main] mapjoin.VectorMapJoinCommonOperator: org.apache.hadoop.hive.ql.exec.vector.mapjoin.VectorMapJoinLeftSemiMultiKeyOperator mapJoinDesc.getExprs {0=[Column[_col0], Column[_col1]], 1=[Column[_col0], Column[_col1]]}
2024-04-24T03:14:13,313  INFO [main] mapjoin.VectorMapJoinCommonOperator: org.apache.hadoop.hive.ql.exec.vector.mapjoin.VectorMapJoinLeftSemiMultiKeyOperator mapJoinDesc.getRetainList {0=[0, 1]}
2024-04-24T03:14:13,313  INFO [main] mapjoin.VectorMapJoinLeftSemiMultiKeyOperator: Initializing Operator: MAPJOIN[0]
2024-04-24T03:14:13,315  INFO [main] exec.CommonJoinOperator: JOIN struct<out1:date,out2:tinyint,out3:date,out4:tinyint> totalsz = 4
2024-04-24T03:14:13,315  INFO [main] mapjoin.MapJoinTestConfig$TestMultiSetVectorCollectorOperator: Initializing Operator: TestMultiSetVectorCollectorOperator[null]
2024-04-24T03:14:13,315  INFO [main] mapjoin.VectorMapJoinCommonOperator: Using VectorMapJoinOptimizedMultiKeyHashSet from VectorMapJoinLeftSemiMultiKeyOperator
2024-04-24T03:14:13,316  INFO [main] mapjoin.VectorMapJoinLeftSemiMultiKeyOperator: Closing Operator: MAPJOIN[0]
2024-04-24T03:14:13,316  INFO [main] persistence.BytesBytesMultiHashMap: Map metrics: keys allocated 16384, keys assigned 8816, write conflict 4415, write max dist 10, read conflict 5, expanded 0 times in 0ms
2024-04-24T03:14:13,316  INFO [main] mapjoin.VectorMapJoinLeftSemiMultiKeyOperator: RECORDS_OUT_OPERATOR_MAPJOIN_0:0, RECORDS_OUT_INTERMEDIATE:0, 
2024-04-24T03:14:13,316  INFO [main] mapjoin.MapJoinTestConfig$TestMultiSetVectorCollectorOperator: Closing Operator: TestMultiSetVectorCollectorOperator[null]
2024-04-24T03:14:13,316  INFO [main] mapjoin.MapJoinTestConfig$TestMultiSetVectorCollectorOperator: RECORDS_OUT_INTERMEDIATE:0, RECORDS_OUT_OPERATOR_null:0, 
2024-04-24T03:14:13,316  INFO [main] persistence.HashMapWrapper: Key count from statistics is 8816; setting map size to 11874
2024-04-24T03:14:13,324  INFO [main] mapjoin.VectorMapJoinCommonOperator: org.apache.hadoop.hive.ql.exec.vector.mapjoin.VectorMapJoinLeftSemiMultiKeyOperator order [0, 1]
2024-04-24T03:14:13,324  INFO [main] mapjoin.VectorMapJoinCommonOperator: org.apache.hadoop.hive.ql.exec.vector.mapjoin.VectorMapJoinLeftSemiMultiKeyOperator posBigTable 0
2024-04-24T03:14:13,324  INFO [main] mapjoin.VectorMapJoinCommonOperator: org.apache.hadoop.hive.ql.exec.vector.mapjoin.VectorMapJoinLeftSemiMultiKeyOperator posSingleVectorMapJoinSmallTable 1
2024-04-24T03:14:13,324  INFO [main] mapjoin.VectorMapJoinCommonOperator: org.apache.hadoop.hive.ql.exec.vector.mapjoin.VectorMapJoinLeftSemiMultiKeyOperator bigTableKeyColumnMap [0, 1]
2024-04-24T03:14:13,324  INFO [main] mapjoin.VectorMapJoinCommonOperator: org.apache.hadoop.hive.ql.exec.vector.mapjoin.VectorMapJoinLeftSemiMultiKeyOperator bigTableKeyColumnNames [_col0, _col1]
2024-04-24T03:14:13,324  INFO [main] mapjoin.VectorMapJoinCommonOperator: org.apache.hadoop.hive.ql.exec.vector.mapjoin.VectorMapJoinLeftSemiMultiKeyOperator bigTableKeyTypeInfos [date, tinyint]
2024-04-24T03:14:13,324  INFO [main] mapjoin.VectorMapJoinCommonOperator: org.apache.hadoop.hive.ql.exec.vector.mapjoin.VectorMapJoinLeftSemiMultiKeyOperator bigTableValueColumnMap [0, 1]
2024-04-24T03:14:13,324  INFO [main] mapjoin.VectorMapJoinCommonOperator: org.apache.hadoop.hive.ql.exec.vector.mapjoin.VectorMapJoinLeftSemiMultiKeyOperator bigTableValueColumnNames [_col0, _col1]
2024-04-24T03:14:13,324  INFO [main] mapjoin.VectorMapJoinCommonOperator: org.apache.hadoop.hive.ql.exec.vector.mapjoin.VectorMapJoinLeftSemiMultiKeyOperator bigTableValueTypeNames [date, tinyint]
2024-04-24T03:14:13,324  INFO [main] mapjoin.VectorMapJoinCommonOperator: org.apache.hadoop.hive.ql.exec.vector.mapjoin.VectorMapJoinLeftSemiMultiKeyOperator getBigTableRetainColumnMap [0, 1]
2024-04-24T03:14:13,324  INFO [main] mapjoin.VectorMapJoinCommonOperator: org.apache.hadoop.hive.ql.exec.vector.mapjoin.VectorMapJoinLeftSemiMultiKeyOperator bigTableRetainTypeInfos [date, tinyint]
2024-04-24T03:14:13,324  INFO [main] mapjoin.VectorMapJoinCommonOperator: org.apache.hadoop.hive.ql.exec.vector.mapjoin.VectorMapJoinLeftSemiMultiKeyOperator nonOuterSmallTableKeyColumnMap []
2024-04-24T03:14:13,324  INFO [main] mapjoin.VectorMapJoinCommonOperator: org.apache.hadoop.hive.ql.exec.vector.mapjoin.VectorMapJoinLeftSemiMultiKeyOperator nonOuterSmallTableKeyTypeInfos []
2024-04-24T03:14:13,324  INFO [main] mapjoin.VectorMapJoinCommonOperator: org.apache.hadoop.hive.ql.exec.vector.mapjoin.VectorMapJoinLeftSemiMultiKeyOperator outerSmallTableKeyMapping source columns: [], output columns: [], type infos: []
2024-04-24T03:14:13,324  INFO [main] mapjoin.VectorMapJoinCommonOperator: org.apache.hadoop.hive.ql.exec.vector.mapjoin.VectorMapJoinLeftSemiMultiKeyOperator fullOuterSmallTableKeyMapping source columns: [], output columns: [], type infos: []
2024-04-24T03:14:13,324  INFO [main] mapjoin.VectorMapJoinCommonOperator: org.apache.hadoop.hive.ql.exec.vector.mapjoin.VectorMapJoinLeftSemiMultiKeyOperator smallTableValueMapping source columns: [], output columns: [], type infos: []
2024-04-24T03:14:13,324  INFO [main] mapjoin.VectorMapJoinCommonOperator: org.apache.hadoop.hive.ql.exec.vector.mapjoin.VectorMapJoinLeftSemiMultiKeyOperator bigTableByteColumnVectorColumns []
2024-04-24T03:14:13,324  INFO [main] mapjoin.VectorMapJoinCommonOperator: org.apache.hadoop.hive.ql.exec.vector.mapjoin.VectorMapJoinLeftSemiMultiKeyOperator smallTableByteColumnVectorColumns []
2024-04-24T03:14:13,324  INFO [main] mapjoin.VectorMapJoinCommonOperator: org.apache.hadoop.hive.ql.exec.vector.mapjoin.VectorMapJoinLeftSemiMultiKeyOperator outputProjection [0, 1, 0, 1]
2024-04-24T03:14:13,324  INFO [main] mapjoin.VectorMapJoinCommonOperator: org.apache.hadoop.hive.ql.exec.vector.mapjoin.VectorMapJoinLeftSemiMultiKeyOperator outputTypeInfos [date, tinyint, date, tinyint]
2024-04-24T03:14:13,324  INFO [main] mapjoin.VectorMapJoinCommonOperator: org.apache.hadoop.hive.ql.exec.vector.mapjoin.VectorMapJoinLeftSemiMultiKeyOperator mapJoinDesc.getKeysString {1=_col0 (type: date), _col1 (type: tinyint), 0=_col0 (type: date), _col1 (type: tinyint)}
2024-04-24T03:14:13,324  INFO [main] mapjoin.VectorMapJoinCommonOperator: org.apache.hadoop.hive.ql.exec.vector.mapjoin.VectorMapJoinLeftSemiMultiKeyOperator mapJoinDesc.getValueIndices +1 [0, 1]
2024-04-24T03:14:13,324  INFO [main] mapjoin.VectorMapJoinCommonOperator: org.apache.hadoop.hive.ql.exec.vector.mapjoin.VectorMapJoinLeftSemiMultiKeyOperator mapJoinDesc.getExprs {0=[Column[_col0], Column[_col1]], 1=[Column[_col0], Column[_col1]]}
2024-04-24T03:14:13,324  INFO [main] mapjoin.VectorMapJoinCommonOperator: org.apache.hadoop.hive.ql.exec.vector.mapjoin.VectorMapJoinLeftSemiMultiKeyOperator mapJoinDesc.getRetainList {0=[0, 1]}
2024-04-24T03:14:13,324  INFO [main] mapjoin.VectorMapJoinLeftSemiMultiKeyOperator: Initializing Operator: MAPJOIN[0]
2024-04-24T03:14:13,326  INFO [main] exec.CommonJoinOperator: JOIN struct<out1:date,out2:tinyint,out3:date,out4:tinyint> totalsz = 4
2024-04-24T03:14:13,326  INFO [main] mapjoin.MapJoinTestConfig$TestMultiSetVectorCollectorOperator: Initializing Operator: TestMultiSetVectorCollectorOperator[null]
2024-04-24T03:14:13,326  INFO [main] mapjoin.VectorMapJoinCommonOperator: Using VectorMapJoinFastMultiKeyHashSet from VectorMapJoinLeftSemiMultiKeyOperator
2024-04-24T03:14:13,326  INFO [main] mapjoin.VectorMapJoinLeftSemiMultiKeyOperator: Closing Operator: MAPJOIN[0]
2024-04-24T03:14:13,327  INFO [main] mapjoin.VectorMapJoinLeftSemiMultiKeyOperator: RECORDS_OUT_INTERMEDIATE:0, RECORDS_OUT_OPERATOR_MAPJOIN_0:0, 
2024-04-24T03:14:13,327  INFO [main] mapjoin.MapJoinTestConfig$TestMultiSetVectorCollectorOperator: Closing Operator: TestMultiSetVectorCollectorOperator[null]
2024-04-24T03:14:13,327  INFO [main] mapjoin.MapJoinTestConfig$TestMultiSetVectorCollectorOperator: RECORDS_OUT_INTERMEDIATE:0, RECORDS_OUT_OPERATOR_null:0, 
2024-04-24T03:14:13,354  WARN [main] conf.HiveConf: HiveConf of name hive.llap.io.cache.orc.size does not exist
2024-04-24T03:14:13,354  WARN [main] conf.HiveConf: HiveConf of name hive.llap.io.cache.orc.alloc.max does not exist
2024-04-24T03:14:13,354  WARN [main] conf.HiveConf: HiveConf of name hive.stats.key.prefix.reserve.length does not exist
2024-04-24T03:14:13,354  WARN [main] conf.HiveConf: HiveConf of name hive.llap.io.cache.orc.arena.size does not exist
2024-04-24T03:14:13,354  WARN [main] conf.HiveConf: HiveConf of name hive.metastore.client.cache.recordStats does not exist
2024-04-24T03:14:13,355  WARN [main] conf.HiveConf: HiveConf of name hive.dummyparam.test.server.specific.config.hivesite does not exist
2024-04-24T03:14:13,355  WARN [main] conf.HiveConf: HiveConf of name hive.metastore.metadb.dir does not exist
2024-04-24T03:14:13,355  WARN [main] conf.HiveConf: HiveConf of name hive.llap.io.cache.orc.alloc.min does not exist
2024-04-24T03:14:13,355  WARN [main] conf.HiveConf: HiveConf of name hive.metastore.client.cache.maxSize does not exist
2024-04-24T03:14:13,355  WARN [main] conf.HiveConf: HiveConf of name hive.dummyparam.test.server.specific.config.override does not exist
2024-04-24T03:14:13,355  WARN [main] conf.HiveConf: HiveConf of name hive.dummyparam.test.server.specific.config.metastoresite does not exist
2024-04-24T03:14:13,392  INFO [main] persistence.HashMapWrapper: Key count from statistics is -1; setting map size to 100000
]]></system-err>
  </testcase>
  <testcase name="testLong0_NoRegularKeys" classname="org.apache.hadoop.hive.ql.exec.vector.mapjoin.TestMapJoinOperator" time="0">
    <skipped/>
  </testcase>
  <testcase name="testLong3_NoRegularKeys" classname="org.apache.hadoop.hive.ql.exec.vector.mapjoin.TestMapJoinOperator" time="0.055">
    <error type="java.lang.IndexOutOfBoundsException"><![CDATA[java.lang.IndexOutOfBoundsException: Index: 1, Size: 1
	at java.util.ArrayList.rangeCheck(ArrayList.java:659)
	at java.util.ArrayList.get(ArrayList.java:435)
	at org.apache.hadoop.hive.ql.exec.vector.mapjoin.MapJoinTestConfig.loadTableContainerData(MapJoinTestConfig.java:762)
	at org.apache.hadoop.hive.ql.exec.vector.mapjoin.MapJoinTestConfig.createMapJoin(MapJoinTestConfig.java:846)
	at org.apache.hadoop.hive.ql.exec.vector.mapjoin.MapJoinTestConfig.createMapJoinImplementation(MapJoinTestConfig.java:988)
	at org.apache.hadoop.hive.ql.exec.vector.mapjoin.MapJoinTestConfig.createMapJoinImplementation(MapJoinTestConfig.java:971)
	at org.apache.hadoop.hive.ql.exec.vector.mapjoin.TestMapJoinOperator.executeTestImplementation(TestMapJoinOperator.java:1968)
	at org.apache.hadoop.hive.ql.exec.vector.mapjoin.TestMapJoinOperator.executeRowModeHashMap(TestMapJoinOperator.java:1894)
	at org.apache.hadoop.hive.ql.exec.vector.mapjoin.TestMapJoinOperator.doExecuteTest(TestMapJoinOperator.java:1853)
	at org.apache.hadoop.hive.ql.exec.vector.mapjoin.TestMapJoinOperator.executeTestInner(TestMapJoinOperator.java:1807)
	at org.apache.hadoop.hive.ql.exec.vector.mapjoin.TestMapJoinOperator.executeTest(TestMapJoinOperator.java:1783)
	at org.apache.hadoop.hive.ql.exec.vector.mapjoin.TestMapJoinOperator.doTestLong3_NoRegularKeys(TestMapJoinOperator.java:644)
	at org.apache.hadoop.hive.ql.exec.vector.mapjoin.TestMapJoinOperator.testLong3_NoRegularKeys(TestMapJoinOperator.java:579)
	at sun.reflect.NativeMethodAccessorImpl.invoke0(Native Method)
	at sun.reflect.NativeMethodAccessorImpl.invoke(NativeMethodAccessorImpl.java:62)
	at sun.reflect.DelegatingMethodAccessorImpl.invoke(DelegatingMethodAccessorImpl.java:43)
	at java.lang.reflect.Method.invoke(Method.java:498)
	at org.junit.runners.model.FrameworkMethod$1.runReflectiveCall(FrameworkMethod.java:59)
	at org.junit.internal.runners.model.ReflectiveCallable.run(ReflectiveCallable.java:12)
	at org.junit.runners.model.FrameworkMethod.invokeExplosively(FrameworkMethod.java:56)
	at org.junit.internal.runners.statements.InvokeMethod.evaluate(InvokeMethod.java:17)
	at org.junit.runners.ParentRunner$3.evaluate(ParentRunner.java:306)
	at org.junit.runners.BlockJUnit4ClassRunner$1.evaluate(BlockJUnit4ClassRunner.java:100)
	at org.junit.runners.ParentRunner.runLeaf(ParentRunner.java:366)
	at org.junit.runners.BlockJUnit4ClassRunner.runChild(BlockJUnit4ClassRunner.java:103)
	at org.junit.runners.BlockJUnit4ClassRunner.runChild(BlockJUnit4ClassRunner.java:63)
	at org.junit.runners.ParentRunner$4.run(ParentRunner.java:331)
	at org.junit.runners.ParentRunner$1.schedule(ParentRunner.java:79)
	at org.junit.runners.ParentRunner.runChildren(ParentRunner.java:329)
	at org.junit.runners.ParentRunner.access$100(ParentRunner.java:66)
	at org.junit.runners.ParentRunner$2.evaluate(ParentRunner.java:293)
	at org.junit.runners.ParentRunner$3.evaluate(ParentRunner.java:306)
	at org.junit.runners.ParentRunner.run(ParentRunner.java:413)
	at org.junit.runner.JUnitCore.run(JUnitCore.java:137)
	at org.junit.runner.JUnitCore.run(JUnitCore.java:115)
	at org.junit.vintage.engine.execution.RunnerExecutor.execute(RunnerExecutor.java:43)
	at java.util.stream.ForEachOps$ForEachOp$OfRef.accept(ForEachOps.java:183)
	at java.util.stream.ReferencePipeline$3$1.accept(ReferencePipeline.java:193)
	at java.util.Iterator.forEachRemaining(Iterator.java:116)
	at java.util.Spliterators$IteratorSpliterator.forEachRemaining(Spliterators.java:1801)
	at java.util.stream.AbstractPipeline.copyInto(AbstractPipeline.java:482)
	at java.util.stream.AbstractPipeline.wrapAndCopyInto(AbstractPipeline.java:472)
	at java.util.stream.ForEachOps$ForEachOp.evaluateSequential(ForEachOps.java:150)
	at java.util.stream.ForEachOps$ForEachOp$OfRef.evaluateSequential(ForEachOps.java:173)
	at java.util.stream.AbstractPipeline.evaluate(AbstractPipeline.java:234)
	at java.util.stream.ReferencePipeline.forEach(ReferencePipeline.java:485)
	at org.junit.vintage.engine.VintageTestEngine.executeAllChildren(VintageTestEngine.java:82)
	at org.junit.vintage.engine.VintageTestEngine.execute(VintageTestEngine.java:73)
	at org.junit.platform.launcher.core.DefaultLauncher.execute(DefaultLauncher.java:248)
	at org.junit.platform.launcher.core.DefaultLauncher.lambda$execute$5(DefaultLauncher.java:211)
	at org.junit.platform.launcher.core.DefaultLauncher.withInterceptedStreams(DefaultLauncher.java:226)
	at org.junit.platform.launcher.core.DefaultLauncher.execute(DefaultLauncher.java:199)
	at org.junit.platform.launcher.core.DefaultLauncher.execute(DefaultLauncher.java:132)
	at org.apache.maven.surefire.junitplatform.JUnitPlatformProvider.invokeAllTests(JUnitPlatformProvider.java:154)
	at org.apache.maven.surefire.junitplatform.JUnitPlatformProvider.invoke(JUnitPlatformProvider.java:123)
	at org.apache.maven.surefire.booter.ForkedBooter.runSuitesInProcess(ForkedBooter.java:377)
	at org.apache.maven.surefire.booter.ForkedBooter.execute(ForkedBooter.java:138)
	at org.apache.maven.surefire.booter.ForkedBooter.run(ForkedBooter.java:465)
	at org.apache.maven.surefire.booter.ForkedBooter.main(ForkedBooter.java:451)
]]></error>
    <system-out><![CDATA[*BENCHMARK* expectedTestRowMultiSet  totalKeyCount 0 totalValueCount 0
*BENCHMARK* Starting implementation ROW_MODE_HASH_MAP variation INNER title doTestLong3_NoRegularKeys
]]></system-out>
    <system-err><![CDATA[2024-04-24T03:14:13,422  WARN [main] conf.HiveConf: HiveConf of name hive.metastore.client.cache.recordStats does not exist
2024-04-24T03:14:13,422  WARN [main] conf.HiveConf: HiveConf of name hive.stats.key.prefix.reserve.length does not exist
2024-04-24T03:14:13,422  WARN [main] conf.HiveConf: HiveConf of name hive.dummyparam.test.server.specific.config.override does not exist
2024-04-24T03:14:13,422  WARN [main] conf.HiveConf: HiveConf of name hive.llap.io.cache.orc.size does not exist
2024-04-24T03:14:13,422  WARN [main] conf.HiveConf: HiveConf of name hive.dummyparam.test.server.specific.config.hivesite does not exist
2024-04-24T03:14:13,422  WARN [main] conf.HiveConf: HiveConf of name hive.llap.io.cache.orc.alloc.min does not exist
2024-04-24T03:14:13,422  WARN [main] conf.HiveConf: HiveConf of name hive.llap.io.cache.orc.arena.size does not exist
2024-04-24T03:14:13,422  WARN [main] conf.HiveConf: HiveConf of name hive.metastore.client.cache.maxSize does not exist
2024-04-24T03:14:13,422  WARN [main] conf.HiveConf: HiveConf of name hive.dummyparam.test.server.specific.config.metastoresite does not exist
2024-04-24T03:14:13,422  WARN [main] conf.HiveConf: HiveConf of name hive.metastore.metadb.dir does not exist
2024-04-24T03:14:13,422  WARN [main] conf.HiveConf: HiveConf of name hive.llap.io.cache.orc.alloc.max does not exist
2024-04-24T03:14:13,441  INFO [main] persistence.HashMapWrapper: Key count from statistics is -1; setting map size to 100000
]]></system-err>
  </testcase>
  <testcase name="testString0" classname="org.apache.hadoop.hive.ql.exec.vector.mapjoin.TestMapJoinOperator" time="1.529">
    <error type="java.lang.IndexOutOfBoundsException"><![CDATA[java.lang.IndexOutOfBoundsException: Index: 1, Size: 1
	at java.util.ArrayList.rangeCheck(ArrayList.java:659)
	at java.util.ArrayList.get(ArrayList.java:435)
	at org.apache.hadoop.hive.ql.exec.vector.mapjoin.MapJoinTestConfig.loadTableContainerData(MapJoinTestConfig.java:762)
	at org.apache.hadoop.hive.ql.exec.vector.mapjoin.MapJoinTestConfig.createMapJoin(MapJoinTestConfig.java:846)
	at org.apache.hadoop.hive.ql.exec.vector.mapjoin.MapJoinTestConfig.createMapJoinImplementation(MapJoinTestConfig.java:988)
	at org.apache.hadoop.hive.ql.exec.vector.mapjoin.MapJoinTestConfig.createMapJoinImplementation(MapJoinTestConfig.java:971)
	at org.apache.hadoop.hive.ql.exec.vector.mapjoin.TestMapJoinOperator.executeTestImplementation(TestMapJoinOperator.java:1968)
	at org.apache.hadoop.hive.ql.exec.vector.mapjoin.TestMapJoinOperator.executeRowModeHashMap(TestMapJoinOperator.java:1894)
	at org.apache.hadoop.hive.ql.exec.vector.mapjoin.TestMapJoinOperator.doExecuteTest(TestMapJoinOperator.java:1853)
	at org.apache.hadoop.hive.ql.exec.vector.mapjoin.TestMapJoinOperator.executeTestInner(TestMapJoinOperator.java:1807)
	at org.apache.hadoop.hive.ql.exec.vector.mapjoin.TestMapJoinOperator.executeTest(TestMapJoinOperator.java:1783)
	at org.apache.hadoop.hive.ql.exec.vector.mapjoin.TestMapJoinOperator.doTestString0(TestMapJoinOperator.java:1304)
	at org.apache.hadoop.hive.ql.exec.vector.mapjoin.TestMapJoinOperator.testString0(TestMapJoinOperator.java:1238)
	at sun.reflect.NativeMethodAccessorImpl.invoke0(Native Method)
	at sun.reflect.NativeMethodAccessorImpl.invoke(NativeMethodAccessorImpl.java:62)
	at sun.reflect.DelegatingMethodAccessorImpl.invoke(DelegatingMethodAccessorImpl.java:43)
	at java.lang.reflect.Method.invoke(Method.java:498)
	at org.junit.runners.model.FrameworkMethod$1.runReflectiveCall(FrameworkMethod.java:59)
	at org.junit.internal.runners.model.ReflectiveCallable.run(ReflectiveCallable.java:12)
	at org.junit.runners.model.FrameworkMethod.invokeExplosively(FrameworkMethod.java:56)
	at org.junit.internal.runners.statements.InvokeMethod.evaluate(InvokeMethod.java:17)
	at org.junit.runners.ParentRunner$3.evaluate(ParentRunner.java:306)
	at org.junit.runners.BlockJUnit4ClassRunner$1.evaluate(BlockJUnit4ClassRunner.java:100)
	at org.junit.runners.ParentRunner.runLeaf(ParentRunner.java:366)
	at org.junit.runners.BlockJUnit4ClassRunner.runChild(BlockJUnit4ClassRunner.java:103)
	at org.junit.runners.BlockJUnit4ClassRunner.runChild(BlockJUnit4ClassRunner.java:63)
	at org.junit.runners.ParentRunner$4.run(ParentRunner.java:331)
	at org.junit.runners.ParentRunner$1.schedule(ParentRunner.java:79)
	at org.junit.runners.ParentRunner.runChildren(ParentRunner.java:329)
	at org.junit.runners.ParentRunner.access$100(ParentRunner.java:66)
	at org.junit.runners.ParentRunner$2.evaluate(ParentRunner.java:293)
	at org.junit.runners.ParentRunner$3.evaluate(ParentRunner.java:306)
	at org.junit.runners.ParentRunner.run(ParentRunner.java:413)
	at org.junit.runner.JUnitCore.run(JUnitCore.java:137)
	at org.junit.runner.JUnitCore.run(JUnitCore.java:115)
	at org.junit.vintage.engine.execution.RunnerExecutor.execute(RunnerExecutor.java:43)
	at java.util.stream.ForEachOps$ForEachOp$OfRef.accept(ForEachOps.java:183)
	at java.util.stream.ReferencePipeline$3$1.accept(ReferencePipeline.java:193)
	at java.util.Iterator.forEachRemaining(Iterator.java:116)
	at java.util.Spliterators$IteratorSpliterator.forEachRemaining(Spliterators.java:1801)
	at java.util.stream.AbstractPipeline.copyInto(AbstractPipeline.java:482)
	at java.util.stream.AbstractPipeline.wrapAndCopyInto(AbstractPipeline.java:472)
	at java.util.stream.ForEachOps$ForEachOp.evaluateSequential(ForEachOps.java:150)
	at java.util.stream.ForEachOps$ForEachOp$OfRef.evaluateSequential(ForEachOps.java:173)
	at java.util.stream.AbstractPipeline.evaluate(AbstractPipeline.java:234)
	at java.util.stream.ReferencePipeline.forEach(ReferencePipeline.java:485)
	at org.junit.vintage.engine.VintageTestEngine.executeAllChildren(VintageTestEngine.java:82)
	at org.junit.vintage.engine.VintageTestEngine.execute(VintageTestEngine.java:73)
	at org.junit.platform.launcher.core.DefaultLauncher.execute(DefaultLauncher.java:248)
	at org.junit.platform.launcher.core.DefaultLauncher.lambda$execute$5(DefaultLauncher.java:211)
	at org.junit.platform.launcher.core.DefaultLauncher.withInterceptedStreams(DefaultLauncher.java:226)
	at org.junit.platform.launcher.core.DefaultLauncher.execute(DefaultLauncher.java:199)
	at org.junit.platform.launcher.core.DefaultLauncher.execute(DefaultLauncher.java:132)
	at org.apache.maven.surefire.junitplatform.JUnitPlatformProvider.invokeAllTests(JUnitPlatformProvider.java:154)
	at org.apache.maven.surefire.junitplatform.JUnitPlatformProvider.invoke(JUnitPlatformProvider.java:123)
	at org.apache.maven.surefire.booter.ForkedBooter.runSuitesInProcess(ForkedBooter.java:377)
	at org.apache.maven.surefire.booter.ForkedBooter.execute(ForkedBooter.java:138)
	at org.apache.maven.surefire.booter.ForkedBooter.run(ForkedBooter.java:465)
	at org.apache.maven.surefire.booter.ForkedBooter.main(ForkedBooter.java:451)
]]></error>
    <system-out><![CDATA[*BENCHMARK* expectedTestRowMultiSet  totalKeyCount 0 totalValueCount 0
*BENCHMARK* Starting implementation ROW_MODE_HASH_MAP variation INNER title testString0
]]></system-out>
    <system-err><![CDATA[2024-04-24T03:14:13,479  WARN [main] conf.HiveConf: HiveConf of name hive.dummyparam.test.server.specific.config.hivesite does not exist
2024-04-24T03:14:13,479  WARN [main] conf.HiveConf: HiveConf of name hive.dummyparam.test.server.specific.config.override does not exist
2024-04-24T03:14:13,479  WARN [main] conf.HiveConf: HiveConf of name hive.llap.io.cache.orc.size does not exist
2024-04-24T03:14:13,479  WARN [main] conf.HiveConf: HiveConf of name hive.dummyparam.test.server.specific.config.metastoresite does not exist
2024-04-24T03:14:13,479  WARN [main] conf.HiveConf: HiveConf of name hive.llap.io.cache.orc.alloc.max does not exist
2024-04-24T03:14:13,479  WARN [main] conf.HiveConf: HiveConf of name hive.llap.io.cache.orc.arena.size does not exist
2024-04-24T03:14:13,479  WARN [main] conf.HiveConf: HiveConf of name hive.metastore.metadb.dir does not exist
2024-04-24T03:14:13,479  WARN [main] conf.HiveConf: HiveConf of name hive.llap.io.cache.orc.alloc.min does not exist
2024-04-24T03:14:13,479  WARN [main] conf.HiveConf: HiveConf of name hive.stats.key.prefix.reserve.length does not exist
2024-04-24T03:14:13,479  WARN [main] conf.HiveConf: HiveConf of name hive.metastore.client.cache.recordStats does not exist
2024-04-24T03:14:13,479  WARN [main] conf.HiveConf: HiveConf of name hive.metastore.client.cache.maxSize does not exist
2024-04-24T03:14:14,965  INFO [main] persistence.HashMapWrapper: Key count from statistics is -1; setting map size to 100000
]]></system-err>
  </testcase>
  <testcase name="testString1" classname="org.apache.hadoop.hive.ql.exec.vector.mapjoin.TestMapJoinOperator" time="0.177">
    <error type="java.lang.IndexOutOfBoundsException"><![CDATA[java.lang.IndexOutOfBoundsException: Index: 1, Size: 1
	at java.util.ArrayList.rangeCheck(ArrayList.java:659)
	at java.util.ArrayList.get(ArrayList.java:435)
	at org.apache.hadoop.hive.ql.exec.vector.mapjoin.MapJoinTestConfig.loadTableContainerData(MapJoinTestConfig.java:762)
	at org.apache.hadoop.hive.ql.exec.vector.mapjoin.MapJoinTestConfig.createMapJoin(MapJoinTestConfig.java:846)
	at org.apache.hadoop.hive.ql.exec.vector.mapjoin.MapJoinTestConfig.createMapJoinImplementation(MapJoinTestConfig.java:988)
	at org.apache.hadoop.hive.ql.exec.vector.mapjoin.MapJoinTestConfig.createMapJoinImplementation(MapJoinTestConfig.java:971)
	at org.apache.hadoop.hive.ql.exec.vector.mapjoin.TestMapJoinOperator.executeTestImplementation(TestMapJoinOperator.java:1968)
	at org.apache.hadoop.hive.ql.exec.vector.mapjoin.TestMapJoinOperator.executeRowModeHashMap(TestMapJoinOperator.java:1894)
	at org.apache.hadoop.hive.ql.exec.vector.mapjoin.TestMapJoinOperator.doExecuteTest(TestMapJoinOperator.java:1853)
	at org.apache.hadoop.hive.ql.exec.vector.mapjoin.TestMapJoinOperator.executeTestInner(TestMapJoinOperator.java:1807)
	at org.apache.hadoop.hive.ql.exec.vector.mapjoin.TestMapJoinOperator.executeTest(TestMapJoinOperator.java:1783)
	at org.apache.hadoop.hive.ql.exec.vector.mapjoin.TestMapJoinOperator.doTestString1(TestMapJoinOperator.java:1390)
	at org.apache.hadoop.hive.ql.exec.vector.mapjoin.TestMapJoinOperator.testString1(TestMapJoinOperator.java:1318)
	at sun.reflect.NativeMethodAccessorImpl.invoke0(Native Method)
	at sun.reflect.NativeMethodAccessorImpl.invoke(NativeMethodAccessorImpl.java:62)
	at sun.reflect.DelegatingMethodAccessorImpl.invoke(DelegatingMethodAccessorImpl.java:43)
	at java.lang.reflect.Method.invoke(Method.java:498)
	at org.junit.runners.model.FrameworkMethod$1.runReflectiveCall(FrameworkMethod.java:59)
	at org.junit.internal.runners.model.ReflectiveCallable.run(ReflectiveCallable.java:12)
	at org.junit.runners.model.FrameworkMethod.invokeExplosively(FrameworkMethod.java:56)
	at org.junit.internal.runners.statements.InvokeMethod.evaluate(InvokeMethod.java:17)
	at org.junit.runners.ParentRunner$3.evaluate(ParentRunner.java:306)
	at org.junit.runners.BlockJUnit4ClassRunner$1.evaluate(BlockJUnit4ClassRunner.java:100)
	at org.junit.runners.ParentRunner.runLeaf(ParentRunner.java:366)
	at org.junit.runners.BlockJUnit4ClassRunner.runChild(BlockJUnit4ClassRunner.java:103)
	at org.junit.runners.BlockJUnit4ClassRunner.runChild(BlockJUnit4ClassRunner.java:63)
	at org.junit.runners.ParentRunner$4.run(ParentRunner.java:331)
	at org.junit.runners.ParentRunner$1.schedule(ParentRunner.java:79)
	at org.junit.runners.ParentRunner.runChildren(ParentRunner.java:329)
	at org.junit.runners.ParentRunner.access$100(ParentRunner.java:66)
	at org.junit.runners.ParentRunner$2.evaluate(ParentRunner.java:293)
	at org.junit.runners.ParentRunner$3.evaluate(ParentRunner.java:306)
	at org.junit.runners.ParentRunner.run(ParentRunner.java:413)
	at org.junit.runner.JUnitCore.run(JUnitCore.java:137)
	at org.junit.runner.JUnitCore.run(JUnitCore.java:115)
	at org.junit.vintage.engine.execution.RunnerExecutor.execute(RunnerExecutor.java:43)
	at java.util.stream.ForEachOps$ForEachOp$OfRef.accept(ForEachOps.java:183)
	at java.util.stream.ReferencePipeline$3$1.accept(ReferencePipeline.java:193)
	at java.util.Iterator.forEachRemaining(Iterator.java:116)
	at java.util.Spliterators$IteratorSpliterator.forEachRemaining(Spliterators.java:1801)
	at java.util.stream.AbstractPipeline.copyInto(AbstractPipeline.java:482)
	at java.util.stream.AbstractPipeline.wrapAndCopyInto(AbstractPipeline.java:472)
	at java.util.stream.ForEachOps$ForEachOp.evaluateSequential(ForEachOps.java:150)
	at java.util.stream.ForEachOps$ForEachOp$OfRef.evaluateSequential(ForEachOps.java:173)
	at java.util.stream.AbstractPipeline.evaluate(AbstractPipeline.java:234)
	at java.util.stream.ReferencePipeline.forEach(ReferencePipeline.java:485)
	at org.junit.vintage.engine.VintageTestEngine.executeAllChildren(VintageTestEngine.java:82)
	at org.junit.vintage.engine.VintageTestEngine.execute(VintageTestEngine.java:73)
	at org.junit.platform.launcher.core.DefaultLauncher.execute(DefaultLauncher.java:248)
	at org.junit.platform.launcher.core.DefaultLauncher.lambda$execute$5(DefaultLauncher.java:211)
	at org.junit.platform.launcher.core.DefaultLauncher.withInterceptedStreams(DefaultLauncher.java:226)
	at org.junit.platform.launcher.core.DefaultLauncher.execute(DefaultLauncher.java:199)
	at org.junit.platform.launcher.core.DefaultLauncher.execute(DefaultLauncher.java:132)
	at org.apache.maven.surefire.junitplatform.JUnitPlatformProvider.invokeAllTests(JUnitPlatformProvider.java:154)
	at org.apache.maven.surefire.junitplatform.JUnitPlatformProvider.invoke(JUnitPlatformProvider.java:123)
	at org.apache.maven.surefire.booter.ForkedBooter.runSuitesInProcess(ForkedBooter.java:377)
	at org.apache.maven.surefire.booter.ForkedBooter.execute(ForkedBooter.java:138)
	at org.apache.maven.surefire.booter.ForkedBooter.run(ForkedBooter.java:465)
	at org.apache.maven.surefire.booter.ForkedBooter.main(ForkedBooter.java:451)
]]></error>
    <system-out><![CDATA[*BENCHMARK* expectedTestRowMultiSet  totalKeyCount 1 totalValueCount 1
*BENCHMARK* Starting implementation ROW_MODE_HASH_MAP variation INNER title testString1
]]></system-out>
    <system-err><![CDATA[2024-04-24T03:14:15,012  WARN [main] conf.HiveConf: HiveConf of name hive.dummyparam.test.server.specific.config.hivesite does not exist
2024-04-24T03:14:15,012  WARN [main] conf.HiveConf: HiveConf of name hive.dummyparam.test.server.specific.config.metastoresite does not exist
2024-04-24T03:14:15,012  WARN [main] conf.HiveConf: HiveConf of name hive.metastore.metadb.dir does not exist
2024-04-24T03:14:15,012  WARN [main] conf.HiveConf: HiveConf of name hive.metastore.client.cache.recordStats does not exist
2024-04-24T03:14:15,012  WARN [main] conf.HiveConf: HiveConf of name hive.llap.io.cache.orc.arena.size does not exist
2024-04-24T03:14:15,012  WARN [main] conf.HiveConf: HiveConf of name hive.llap.io.cache.orc.size does not exist
2024-04-24T03:14:15,012  WARN [main] conf.HiveConf: HiveConf of name hive.stats.key.prefix.reserve.length does not exist
2024-04-24T03:14:15,012  WARN [main] conf.HiveConf: HiveConf of name hive.llap.io.cache.orc.alloc.min does not exist
2024-04-24T03:14:15,012  WARN [main] conf.HiveConf: HiveConf of name hive.metastore.client.cache.maxSize does not exist
2024-04-24T03:14:15,012  WARN [main] conf.HiveConf: HiveConf of name hive.llap.io.cache.orc.alloc.max does not exist
2024-04-24T03:14:15,012  WARN [main] conf.HiveConf: HiveConf of name hive.dummyparam.test.server.specific.config.override does not exist
2024-04-24T03:14:15,112  INFO [main] persistence.HashMapWrapper: Key count from statistics is -1; setting map size to 100000
]]></system-err>
  </testcase>
  <testcase name="testString2" classname="org.apache.hadoop.hive.ql.exec.vector.mapjoin.TestMapJoinOperator" time="0.29">
    <error type="java.lang.IndexOutOfBoundsException"><![CDATA[java.lang.IndexOutOfBoundsException: Index: 1, Size: 1
	at java.util.ArrayList.rangeCheck(ArrayList.java:659)
	at java.util.ArrayList.get(ArrayList.java:435)
	at org.apache.hadoop.hive.ql.exec.vector.mapjoin.MapJoinTestConfig.loadTableContainerData(MapJoinTestConfig.java:762)
	at org.apache.hadoop.hive.ql.exec.vector.mapjoin.MapJoinTestConfig.createMapJoin(MapJoinTestConfig.java:846)
	at org.apache.hadoop.hive.ql.exec.vector.mapjoin.MapJoinTestConfig.createMapJoinImplementation(MapJoinTestConfig.java:988)
	at org.apache.hadoop.hive.ql.exec.vector.mapjoin.MapJoinTestConfig.createMapJoinImplementation(MapJoinTestConfig.java:971)
	at org.apache.hadoop.hive.ql.exec.vector.mapjoin.TestMapJoinOperator.executeTestImplementation(TestMapJoinOperator.java:1968)
	at org.apache.hadoop.hive.ql.exec.vector.mapjoin.TestMapJoinOperator.executeRowModeHashMap(TestMapJoinOperator.java:1894)
	at org.apache.hadoop.hive.ql.exec.vector.mapjoin.TestMapJoinOperator.doExecuteTest(TestMapJoinOperator.java:1853)
	at org.apache.hadoop.hive.ql.exec.vector.mapjoin.TestMapJoinOperator.executeTestOuter(TestMapJoinOperator.java:1822)
	at org.apache.hadoop.hive.ql.exec.vector.mapjoin.TestMapJoinOperator.executeTest(TestMapJoinOperator.java:1792)
	at org.apache.hadoop.hive.ql.exec.vector.mapjoin.TestMapJoinOperator.doTestString2(TestMapJoinOperator.java:1472)
	at org.apache.hadoop.hive.ql.exec.vector.mapjoin.TestMapJoinOperator.testString2(TestMapJoinOperator.java:1404)
	at sun.reflect.NativeMethodAccessorImpl.invoke0(Native Method)
	at sun.reflect.NativeMethodAccessorImpl.invoke(NativeMethodAccessorImpl.java:62)
	at sun.reflect.DelegatingMethodAccessorImpl.invoke(DelegatingMethodAccessorImpl.java:43)
	at java.lang.reflect.Method.invoke(Method.java:498)
	at org.junit.runners.model.FrameworkMethod$1.runReflectiveCall(FrameworkMethod.java:59)
	at org.junit.internal.runners.model.ReflectiveCallable.run(ReflectiveCallable.java:12)
	at org.junit.runners.model.FrameworkMethod.invokeExplosively(FrameworkMethod.java:56)
	at org.junit.internal.runners.statements.InvokeMethod.evaluate(InvokeMethod.java:17)
	at org.junit.runners.ParentRunner$3.evaluate(ParentRunner.java:306)
	at org.junit.runners.BlockJUnit4ClassRunner$1.evaluate(BlockJUnit4ClassRunner.java:100)
	at org.junit.runners.ParentRunner.runLeaf(ParentRunner.java:366)
	at org.junit.runners.BlockJUnit4ClassRunner.runChild(BlockJUnit4ClassRunner.java:103)
	at org.junit.runners.BlockJUnit4ClassRunner.runChild(BlockJUnit4ClassRunner.java:63)
	at org.junit.runners.ParentRunner$4.run(ParentRunner.java:331)
	at org.junit.runners.ParentRunner$1.schedule(ParentRunner.java:79)
	at org.junit.runners.ParentRunner.runChildren(ParentRunner.java:329)
	at org.junit.runners.ParentRunner.access$100(ParentRunner.java:66)
	at org.junit.runners.ParentRunner$2.evaluate(ParentRunner.java:293)
	at org.junit.runners.ParentRunner$3.evaluate(ParentRunner.java:306)
	at org.junit.runners.ParentRunner.run(ParentRunner.java:413)
	at org.junit.runner.JUnitCore.run(JUnitCore.java:137)
	at org.junit.runner.JUnitCore.run(JUnitCore.java:115)
	at org.junit.vintage.engine.execution.RunnerExecutor.execute(RunnerExecutor.java:43)
	at java.util.stream.ForEachOps$ForEachOp$OfRef.accept(ForEachOps.java:183)
	at java.util.stream.ReferencePipeline$3$1.accept(ReferencePipeline.java:193)
	at java.util.Iterator.forEachRemaining(Iterator.java:116)
	at java.util.Spliterators$IteratorSpliterator.forEachRemaining(Spliterators.java:1801)
	at java.util.stream.AbstractPipeline.copyInto(AbstractPipeline.java:482)
	at java.util.stream.AbstractPipeline.wrapAndCopyInto(AbstractPipeline.java:472)
	at java.util.stream.ForEachOps$ForEachOp.evaluateSequential(ForEachOps.java:150)
	at java.util.stream.ForEachOps$ForEachOp$OfRef.evaluateSequential(ForEachOps.java:173)
	at java.util.stream.AbstractPipeline.evaluate(AbstractPipeline.java:234)
	at java.util.stream.ReferencePipeline.forEach(ReferencePipeline.java:485)
	at org.junit.vintage.engine.VintageTestEngine.executeAllChildren(VintageTestEngine.java:82)
	at org.junit.vintage.engine.VintageTestEngine.execute(VintageTestEngine.java:73)
	at org.junit.platform.launcher.core.DefaultLauncher.execute(DefaultLauncher.java:248)
	at org.junit.platform.launcher.core.DefaultLauncher.lambda$execute$5(DefaultLauncher.java:211)
	at org.junit.platform.launcher.core.DefaultLauncher.withInterceptedStreams(DefaultLauncher.java:226)
	at org.junit.platform.launcher.core.DefaultLauncher.execute(DefaultLauncher.java:199)
	at org.junit.platform.launcher.core.DefaultLauncher.execute(DefaultLauncher.java:132)
	at org.apache.maven.surefire.junitplatform.JUnitPlatformProvider.invokeAllTests(JUnitPlatformProvider.java:154)
	at org.apache.maven.surefire.junitplatform.JUnitPlatformProvider.invoke(JUnitPlatformProvider.java:123)
	at org.apache.maven.surefire.booter.ForkedBooter.runSuitesInProcess(ForkedBooter.java:377)
	at org.apache.maven.surefire.booter.ForkedBooter.execute(ForkedBooter.java:138)
	at org.apache.maven.surefire.booter.ForkedBooter.run(ForkedBooter.java:465)
	at org.apache.maven.surefire.booter.ForkedBooter.main(ForkedBooter.java:451)
]]></error>
    <system-out><![CDATA[*BENCHMARK* expectedTestRowMultiSet  totalKeyCount 1 totalValueCount 1
*BENCHMARK* Starting implementation ROW_MODE_HASH_MAP variation INNER_BIG_ONLY title testString2
*BENCHMARK* executeTestImplementation row count 1
*BENCHMARK* testString2 verify succeeded  for implementation ROW_MODE_HASH_MAP variation INNER_BIG_ONLY
*BENCHMARK* Starting implementation ROW_MODE_OPTIMIZED variation INNER_BIG_ONLY title testString2
*BENCHMARK* executeTestImplementation row count 1
*BENCHMARK* testString2 verify succeeded  for implementation ROW_MODE_OPTIMIZED variation INNER_BIG_ONLY
*BENCHMARK* Starting implementation VECTOR_PASS_THROUGH variation INNER_BIG_ONLY title testString2
*BENCHMARK* executeTestImplementation row count 1
*BENCHMARK* testString2 verify succeeded  for implementation VECTOR_PASS_THROUGH variation INNER_BIG_ONLY
*BENCHMARK* Starting implementation NATIVE_VECTOR_OPTIMIZED variation INNER_BIG_ONLY title testString2
*BENCHMARK* createNativeVectorMapJoinOperator VectorMapJoinInnerBigOnlyStringOperator
*BENCHMARK* executeTestImplementation row count 1
*BENCHMARK* testString2 verify succeeded  for implementation NATIVE_VECTOR_OPTIMIZED variation INNER_BIG_ONLY
*BENCHMARK* Starting implementation NATIVE_VECTOR_FAST variation INNER_BIG_ONLY title testString2
*BENCHMARK* createNativeVectorMapJoinOperator VectorMapJoinInnerBigOnlyStringOperator
*BENCHMARK* executeTestImplementation row count 1
*BENCHMARK* testString2 verify succeeded  for implementation NATIVE_VECTOR_FAST variation INNER_BIG_ONLY
*BENCHMARK* expectedTestRowMultiSet  totalKeyCount 1 totalValueCount 1
*BENCHMARK* Starting implementation ROW_MODE_HASH_MAP variation LEFT_SEMI title testString2
*BENCHMARK* executeTestImplementation row count 1
*BENCHMARK* testString2 verify succeeded  for implementation ROW_MODE_HASH_MAP variation LEFT_SEMI
*BENCHMARK* Starting implementation ROW_MODE_OPTIMIZED variation LEFT_SEMI title testString2
*BENCHMARK* executeTestImplementation row count 1
*BENCHMARK* testString2 verify succeeded  for implementation ROW_MODE_OPTIMIZED variation LEFT_SEMI
*BENCHMARK* Starting implementation VECTOR_PASS_THROUGH variation LEFT_SEMI title testString2
*BENCHMARK* executeTestImplementation row count 1
*BENCHMARK* testString2 verify succeeded  for implementation VECTOR_PASS_THROUGH variation LEFT_SEMI
*BENCHMARK* Starting implementation NATIVE_VECTOR_OPTIMIZED variation LEFT_SEMI title testString2
*BENCHMARK* createNativeVectorMapJoinOperator VectorMapJoinLeftSemiStringOperator
*BENCHMARK* executeTestImplementation row count 1
*BENCHMARK* testString2 verify succeeded  for implementation NATIVE_VECTOR_OPTIMIZED variation LEFT_SEMI
*BENCHMARK* Starting implementation NATIVE_VECTOR_FAST variation LEFT_SEMI title testString2
*BENCHMARK* createNativeVectorMapJoinOperator VectorMapJoinLeftSemiStringOperator
*BENCHMARK* executeTestImplementation row count 1
*BENCHMARK* testString2 verify succeeded  for implementation NATIVE_VECTOR_FAST variation LEFT_SEMI
*BENCHMARK* expectedTestRowMultiSet  totalKeyCount 10 totalValueCount 10
*BENCHMARK* Starting implementation ROW_MODE_HASH_MAP variation OUTER title testString2
]]></system-out>
    <system-err><![CDATA[2024-04-24T03:14:15,192  WARN [main] conf.HiveConf: HiveConf of name hive.dummyparam.test.server.specific.config.metastoresite does not exist
2024-04-24T03:14:15,193  WARN [main] conf.HiveConf: HiveConf of name hive.stats.key.prefix.reserve.length does not exist
2024-04-24T03:14:15,193  WARN [main] conf.HiveConf: HiveConf of name hive.metastore.client.cache.recordStats does not exist
2024-04-24T03:14:15,193  WARN [main] conf.HiveConf: HiveConf of name hive.llap.io.cache.orc.arena.size does not exist
2024-04-24T03:14:15,193  WARN [main] conf.HiveConf: HiveConf of name hive.dummyparam.test.server.specific.config.override does not exist
2024-04-24T03:14:15,193  WARN [main] conf.HiveConf: HiveConf of name hive.dummyparam.test.server.specific.config.hivesite does not exist
2024-04-24T03:14:15,193  WARN [main] conf.HiveConf: HiveConf of name hive.metastore.client.cache.maxSize does not exist
2024-04-24T03:14:15,193  WARN [main] conf.HiveConf: HiveConf of name hive.llap.io.cache.orc.size does not exist
2024-04-24T03:14:15,193  WARN [main] conf.HiveConf: HiveConf of name hive.metastore.metadb.dir does not exist
2024-04-24T03:14:15,193  WARN [main] conf.HiveConf: HiveConf of name hive.llap.io.cache.orc.alloc.min does not exist
2024-04-24T03:14:15,193  WARN [main] conf.HiveConf: HiveConf of name hive.llap.io.cache.orc.alloc.max does not exist
2024-04-24T03:14:15,222  WARN [main] conf.HiveConf: HiveConf of name hive.dummyparam.test.server.specific.config.hivesite does not exist
2024-04-24T03:14:15,222  WARN [main] conf.HiveConf: HiveConf of name hive.metastore.client.cache.recordStats does not exist
2024-04-24T03:14:15,222  WARN [main] conf.HiveConf: HiveConf of name hive.llap.io.cache.orc.alloc.max does not exist
2024-04-24T03:14:15,222  WARN [main] conf.HiveConf: HiveConf of name hive.dummyparam.test.server.specific.config.override does not exist
2024-04-24T03:14:15,222  WARN [main] conf.HiveConf: HiveConf of name hive.llap.io.cache.orc.arena.size does not exist
2024-04-24T03:14:15,222  WARN [main] conf.HiveConf: HiveConf of name hive.metastore.client.cache.maxSize does not exist
2024-04-24T03:14:15,222  WARN [main] conf.HiveConf: HiveConf of name hive.dummyparam.test.server.specific.config.metastoresite does not exist
2024-04-24T03:14:15,222  WARN [main] conf.HiveConf: HiveConf of name hive.stats.key.prefix.reserve.length does not exist
2024-04-24T03:14:15,223  WARN [main] conf.HiveConf: HiveConf of name hive.llap.io.cache.orc.size does not exist
2024-04-24T03:14:15,223  WARN [main] conf.HiveConf: HiveConf of name hive.metastore.metadb.dir does not exist
2024-04-24T03:14:15,223  WARN [main] conf.HiveConf: HiveConf of name hive.llap.io.cache.orc.alloc.min does not exist
2024-04-24T03:14:15,234  INFO [main] persistence.HashMapWrapper: Key count from statistics is -1; setting map size to 100000
2024-04-24T03:14:15,238  INFO [main] exec.MapJoinOperator: Initializing Operator: MAPJOIN[0]
2024-04-24T03:14:15,241  INFO [main] exec.CommonJoinOperator: JOIN struct<out1:string,out2:string> totalsz = 2
2024-04-24T03:14:15,242  INFO [main] mapjoin.MapJoinTestConfig$TestMultiSetCollectorOperator: Initializing Operator: TestMultiSetCollectorOperator[null]
2024-04-24T03:14:15,244  INFO [main] exec.MapJoinOperator: Closing Operator: MAPJOIN[0]
2024-04-24T03:14:15,244  INFO [main] exec.MapJoinOperator: RECORDS_OUT_INTERMEDIATE:0, RECORDS_OUT_OPERATOR_MAPJOIN_0:1, 
2024-04-24T03:14:15,244  INFO [main] mapjoin.MapJoinTestConfig$TestMultiSetCollectorOperator: Closing Operator: TestMultiSetCollectorOperator[null]
2024-04-24T03:14:15,245  INFO [main] mapjoin.MapJoinTestConfig$TestMultiSetCollectorOperator: RECORDS_OUT_OPERATOR_null:0, RECORDS_OUT_INTERMEDIATE:0, 
2024-04-24T03:14:15,245  INFO [main] persistence.HashMapWrapper: Key count from statistics is 6222; setting map size to 8380
2024-04-24T03:14:15,245  INFO [main] persistence.MapJoinTableContainer: Initializing container with org.apache.hadoop.hive.serde2.binarysortable.BinarySortableSerDe and org.apache.hadoop.hive.serde2.lazybinary.LazyBinarySerDe
2024-04-24T03:14:15,250  INFO [main] exec.MapJoinOperator: Initializing Operator: MAPJOIN[0]
2024-04-24T03:14:15,252  INFO [main] exec.CommonJoinOperator: JOIN struct<out1:string,out2:string> totalsz = 2
2024-04-24T03:14:15,253  INFO [main] mapjoin.MapJoinTestConfig$TestMultiSetCollectorOperator: Initializing Operator: TestMultiSetCollectorOperator[null]
2024-04-24T03:14:15,254  INFO [main] exec.MapJoinOperator: Closing Operator: MAPJOIN[0]
2024-04-24T03:14:15,254  INFO [main] persistence.BytesBytesMultiHashMap: Map metrics: keys allocated 16384, keys assigned 6222, write conflict 1723, write max dist 13, read conflict 5, expanded 0 times in 0ms
2024-04-24T03:14:15,254  INFO [main] exec.MapJoinOperator: RECORDS_OUT_INTERMEDIATE:0, RECORDS_OUT_OPERATOR_MAPJOIN_0:1, 
2024-04-24T03:14:15,254  INFO [main] mapjoin.MapJoinTestConfig$TestMultiSetCollectorOperator: Closing Operator: TestMultiSetCollectorOperator[null]
2024-04-24T03:14:15,254  INFO [main] mapjoin.MapJoinTestConfig$TestMultiSetCollectorOperator: RECORDS_OUT_INTERMEDIATE:0, RECORDS_OUT_OPERATOR_null:0, 
2024-04-24T03:14:15,255  INFO [main] persistence.HashMapWrapper: Key count from statistics is 6222; setting map size to 8380
2024-04-24T03:14:15,255  INFO [main] persistence.MapJoinTableContainer: Initializing container with org.apache.hadoop.hive.serde2.binarysortable.BinarySortableSerDe and org.apache.hadoop.hive.serde2.lazybinary.LazyBinarySerDe
2024-04-24T03:14:15,260  INFO [main] vector.VectorMapJoinOperator: Initializing Operator: MAPJOIN[0]
2024-04-24T03:14:15,263  INFO [main] exec.CommonJoinOperator: JOIN struct<out1:string,out2:string> totalsz = 2
2024-04-24T03:14:15,265  INFO [main] mapjoin.MapJoinTestConfig$TestMultiSetVectorCollectorOperator: Initializing Operator: TestMultiSetVectorCollectorOperator[null]
2024-04-24T03:14:15,266  INFO [main] vector.VectorMapJoinOperator: Closing Operator: MAPJOIN[0]
2024-04-24T03:14:15,266  INFO [main] persistence.BytesBytesMultiHashMap: Map metrics: keys allocated 16384, keys assigned 6222, write conflict 1735, write max dist 11, read conflict 6, expanded 0 times in 0ms
2024-04-24T03:14:15,266  INFO [main] persistence.BytesBytesMultiHashMap: Map metrics: keys allocated 16384, keys assigned 6222, write conflict 1735, write max dist 11, read conflict 6, expanded 0 times in 0ms
2024-04-24T03:14:15,266  INFO [main] vector.VectorMapJoinOperator: RECORDS_OUT_OPERATOR_MAPJOIN_0:1, RECORDS_OUT_INTERMEDIATE:0, 
2024-04-24T03:14:15,266  INFO [main] mapjoin.MapJoinTestConfig$TestMultiSetVectorCollectorOperator: Closing Operator: TestMultiSetVectorCollectorOperator[null]
2024-04-24T03:14:15,266  INFO [main] mapjoin.MapJoinTestConfig$TestMultiSetVectorCollectorOperator: RECORDS_OUT_INTERMEDIATE:0, RECORDS_OUT_OPERATOR_null:0, 
2024-04-24T03:14:15,266  INFO [main] persistence.HashMapWrapper: Key count from statistics is 6222; setting map size to 8380
2024-04-24T03:14:15,267  INFO [main] persistence.MapJoinTableContainer: Initializing container with org.apache.hadoop.hive.serde2.binarysortable.BinarySortableSerDe and org.apache.hadoop.hive.serde2.lazybinary.LazyBinarySerDe
2024-04-24T03:14:15,272  INFO [main] mapjoin.VectorMapJoinCommonOperator: org.apache.hadoop.hive.ql.exec.vector.mapjoin.VectorMapJoinInnerBigOnlyStringOperator order [0, 1]
2024-04-24T03:14:15,272  INFO [main] mapjoin.VectorMapJoinCommonOperator: org.apache.hadoop.hive.ql.exec.vector.mapjoin.VectorMapJoinInnerBigOnlyStringOperator posBigTable 0
2024-04-24T03:14:15,272  INFO [main] mapjoin.VectorMapJoinCommonOperator: org.apache.hadoop.hive.ql.exec.vector.mapjoin.VectorMapJoinInnerBigOnlyStringOperator posSingleVectorMapJoinSmallTable 1
2024-04-24T03:14:15,272  INFO [main] mapjoin.VectorMapJoinCommonOperator: org.apache.hadoop.hive.ql.exec.vector.mapjoin.VectorMapJoinInnerBigOnlyStringOperator bigTableKeyColumnMap [0]
2024-04-24T03:14:15,272  INFO [main] mapjoin.VectorMapJoinCommonOperator: org.apache.hadoop.hive.ql.exec.vector.mapjoin.VectorMapJoinInnerBigOnlyStringOperator bigTableKeyColumnNames [_col0]
2024-04-24T03:14:15,272  INFO [main] mapjoin.VectorMapJoinCommonOperator: org.apache.hadoop.hive.ql.exec.vector.mapjoin.VectorMapJoinInnerBigOnlyStringOperator bigTableKeyTypeInfos [string]
2024-04-24T03:14:15,272  INFO [main] mapjoin.VectorMapJoinCommonOperator: org.apache.hadoop.hive.ql.exec.vector.mapjoin.VectorMapJoinInnerBigOnlyStringOperator bigTableValueColumnMap [0]
2024-04-24T03:14:15,272  INFO [main] mapjoin.VectorMapJoinCommonOperator: org.apache.hadoop.hive.ql.exec.vector.mapjoin.VectorMapJoinInnerBigOnlyStringOperator bigTableValueColumnNames [_col0]
2024-04-24T03:14:15,272  INFO [main] mapjoin.VectorMapJoinCommonOperator: org.apache.hadoop.hive.ql.exec.vector.mapjoin.VectorMapJoinInnerBigOnlyStringOperator bigTableValueTypeNames [string]
2024-04-24T03:14:15,272  INFO [main] mapjoin.VectorMapJoinCommonOperator: org.apache.hadoop.hive.ql.exec.vector.mapjoin.VectorMapJoinInnerBigOnlyStringOperator getBigTableRetainColumnMap [0]
2024-04-24T03:14:15,272  INFO [main] mapjoin.VectorMapJoinCommonOperator: org.apache.hadoop.hive.ql.exec.vector.mapjoin.VectorMapJoinInnerBigOnlyStringOperator bigTableRetainTypeInfos [string]
2024-04-24T03:14:15,272  INFO [main] mapjoin.VectorMapJoinCommonOperator: org.apache.hadoop.hive.ql.exec.vector.mapjoin.VectorMapJoinInnerBigOnlyStringOperator nonOuterSmallTableKeyColumnMap []
2024-04-24T03:14:15,272  INFO [main] mapjoin.VectorMapJoinCommonOperator: org.apache.hadoop.hive.ql.exec.vector.mapjoin.VectorMapJoinInnerBigOnlyStringOperator nonOuterSmallTableKeyTypeInfos []
2024-04-24T03:14:15,272  INFO [main] mapjoin.VectorMapJoinCommonOperator: org.apache.hadoop.hive.ql.exec.vector.mapjoin.VectorMapJoinInnerBigOnlyStringOperator outerSmallTableKeyMapping source columns: [], output columns: [], type infos: []
2024-04-24T03:14:15,272  INFO [main] mapjoin.VectorMapJoinCommonOperator: org.apache.hadoop.hive.ql.exec.vector.mapjoin.VectorMapJoinInnerBigOnlyStringOperator fullOuterSmallTableKeyMapping source columns: [], output columns: [], type infos: []
2024-04-24T03:14:15,272  INFO [main] mapjoin.VectorMapJoinCommonOperator: org.apache.hadoop.hive.ql.exec.vector.mapjoin.VectorMapJoinInnerBigOnlyStringOperator smallTableValueMapping source columns: [], output columns: [], type infos: []
2024-04-24T03:14:15,272  INFO [main] mapjoin.VectorMapJoinCommonOperator: org.apache.hadoop.hive.ql.exec.vector.mapjoin.VectorMapJoinInnerBigOnlyStringOperator bigTableByteColumnVectorColumns [0]
2024-04-24T03:14:15,272  INFO [main] mapjoin.VectorMapJoinCommonOperator: org.apache.hadoop.hive.ql.exec.vector.mapjoin.VectorMapJoinInnerBigOnlyStringOperator smallTableByteColumnVectorColumns []
2024-04-24T03:14:15,272  INFO [main] mapjoin.VectorMapJoinCommonOperator: org.apache.hadoop.hive.ql.exec.vector.mapjoin.VectorMapJoinInnerBigOnlyStringOperator outputProjection [0, 0]
2024-04-24T03:14:15,272  INFO [main] mapjoin.VectorMapJoinCommonOperator: org.apache.hadoop.hive.ql.exec.vector.mapjoin.VectorMapJoinInnerBigOnlyStringOperator outputTypeInfos [string, string]
2024-04-24T03:14:15,273  INFO [main] mapjoin.VectorMapJoinCommonOperator: org.apache.hadoop.hive.ql.exec.vector.mapjoin.VectorMapJoinInnerBigOnlyStringOperator mapJoinDesc.getKeysString {1=_col0 (type: string), 0=_col0 (type: string)}
2024-04-24T03:14:15,273  INFO [main] mapjoin.VectorMapJoinCommonOperator: org.apache.hadoop.hive.ql.exec.vector.mapjoin.VectorMapJoinInnerBigOnlyStringOperator mapJoinDesc.getValueIndices +1 [0]
2024-04-24T03:14:15,273  INFO [main] mapjoin.VectorMapJoinCommonOperator: org.apache.hadoop.hive.ql.exec.vector.mapjoin.VectorMapJoinInnerBigOnlyStringOperator mapJoinDesc.getExprs {0=[Column[_col0]], 1=[Column[_col0]]}
2024-04-24T03:14:15,273  INFO [main] mapjoin.VectorMapJoinCommonOperator: org.apache.hadoop.hive.ql.exec.vector.mapjoin.VectorMapJoinInnerBigOnlyStringOperator mapJoinDesc.getRetainList {0=[0]}
2024-04-24T03:14:15,273  INFO [main] mapjoin.VectorMapJoinInnerBigOnlyStringOperator: Initializing Operator: MAPJOIN[0]
2024-04-24T03:14:15,275  INFO [main] exec.CommonJoinOperator: JOIN struct<out1:string,out2:string> totalsz = 2
2024-04-24T03:14:15,276  INFO [main] mapjoin.MapJoinTestConfig$TestMultiSetVectorCollectorOperator: Initializing Operator: TestMultiSetVectorCollectorOperator[null]
2024-04-24T03:14:15,276  INFO [main] mapjoin.VectorMapJoinCommonOperator: Using VectorMapJoinOptimizedStringHashMultiSet from VectorMapJoinInnerBigOnlyStringOperator
2024-04-24T03:14:15,278  INFO [main] mapjoin.VectorMapJoinInnerBigOnlyStringOperator: Closing Operator: MAPJOIN[0]
2024-04-24T03:14:15,278  INFO [main] persistence.BytesBytesMultiHashMap: Map metrics: keys allocated 16384, keys assigned 6222, write conflict 1720, write max dist 6, read conflict 6, expanded 0 times in 0ms
2024-04-24T03:14:15,278  INFO [main] mapjoin.VectorMapJoinInnerBigOnlyStringOperator: RECORDS_OUT_OPERATOR_MAPJOIN_0:1, RECORDS_OUT_INTERMEDIATE:0, 
2024-04-24T03:14:15,278  INFO [main] mapjoin.MapJoinTestConfig$TestMultiSetVectorCollectorOperator: Closing Operator: TestMultiSetVectorCollectorOperator[null]
2024-04-24T03:14:15,279  INFO [main] mapjoin.MapJoinTestConfig$TestMultiSetVectorCollectorOperator: RECORDS_OUT_INTERMEDIATE:0, RECORDS_OUT_OPERATOR_null:0, 
2024-04-24T03:14:15,279  INFO [main] persistence.HashMapWrapper: Key count from statistics is 6222; setting map size to 8380
2024-04-24T03:14:15,285  INFO [main] mapjoin.VectorMapJoinCommonOperator: org.apache.hadoop.hive.ql.exec.vector.mapjoin.VectorMapJoinInnerBigOnlyStringOperator order [0, 1]
2024-04-24T03:14:15,285  INFO [main] mapjoin.VectorMapJoinCommonOperator: org.apache.hadoop.hive.ql.exec.vector.mapjoin.VectorMapJoinInnerBigOnlyStringOperator posBigTable 0
2024-04-24T03:14:15,285  INFO [main] mapjoin.VectorMapJoinCommonOperator: org.apache.hadoop.hive.ql.exec.vector.mapjoin.VectorMapJoinInnerBigOnlyStringOperator posSingleVectorMapJoinSmallTable 1
2024-04-24T03:14:15,285  INFO [main] mapjoin.VectorMapJoinCommonOperator: org.apache.hadoop.hive.ql.exec.vector.mapjoin.VectorMapJoinInnerBigOnlyStringOperator bigTableKeyColumnMap [0]
2024-04-24T03:14:15,285  INFO [main] mapjoin.VectorMapJoinCommonOperator: org.apache.hadoop.hive.ql.exec.vector.mapjoin.VectorMapJoinInnerBigOnlyStringOperator bigTableKeyColumnNames [_col0]
2024-04-24T03:14:15,285  INFO [main] mapjoin.VectorMapJoinCommonOperator: org.apache.hadoop.hive.ql.exec.vector.mapjoin.VectorMapJoinInnerBigOnlyStringOperator bigTableKeyTypeInfos [string]
2024-04-24T03:14:15,285  INFO [main] mapjoin.VectorMapJoinCommonOperator: org.apache.hadoop.hive.ql.exec.vector.mapjoin.VectorMapJoinInnerBigOnlyStringOperator bigTableValueColumnMap [0]
2024-04-24T03:14:15,285  INFO [main] mapjoin.VectorMapJoinCommonOperator: org.apache.hadoop.hive.ql.exec.vector.mapjoin.VectorMapJoinInnerBigOnlyStringOperator bigTableValueColumnNames [_col0]
2024-04-24T03:14:15,285  INFO [main] mapjoin.VectorMapJoinCommonOperator: org.apache.hadoop.hive.ql.exec.vector.mapjoin.VectorMapJoinInnerBigOnlyStringOperator bigTableValueTypeNames [string]
2024-04-24T03:14:15,285  INFO [main] mapjoin.VectorMapJoinCommonOperator: org.apache.hadoop.hive.ql.exec.vector.mapjoin.VectorMapJoinInnerBigOnlyStringOperator getBigTableRetainColumnMap [0]
2024-04-24T03:14:15,285  INFO [main] mapjoin.VectorMapJoinCommonOperator: org.apache.hadoop.hive.ql.exec.vector.mapjoin.VectorMapJoinInnerBigOnlyStringOperator bigTableRetainTypeInfos [string]
2024-04-24T03:14:15,285  INFO [main] mapjoin.VectorMapJoinCommonOperator: org.apache.hadoop.hive.ql.exec.vector.mapjoin.VectorMapJoinInnerBigOnlyStringOperator nonOuterSmallTableKeyColumnMap []
2024-04-24T03:14:15,285  INFO [main] mapjoin.VectorMapJoinCommonOperator: org.apache.hadoop.hive.ql.exec.vector.mapjoin.VectorMapJoinInnerBigOnlyStringOperator nonOuterSmallTableKeyTypeInfos []
2024-04-24T03:14:15,285  INFO [main] mapjoin.VectorMapJoinCommonOperator: org.apache.hadoop.hive.ql.exec.vector.mapjoin.VectorMapJoinInnerBigOnlyStringOperator outerSmallTableKeyMapping source columns: [], output columns: [], type infos: []
2024-04-24T03:14:15,285  INFO [main] mapjoin.VectorMapJoinCommonOperator: org.apache.hadoop.hive.ql.exec.vector.mapjoin.VectorMapJoinInnerBigOnlyStringOperator fullOuterSmallTableKeyMapping source columns: [], output columns: [], type infos: []
2024-04-24T03:14:15,285  INFO [main] mapjoin.VectorMapJoinCommonOperator: org.apache.hadoop.hive.ql.exec.vector.mapjoin.VectorMapJoinInnerBigOnlyStringOperator smallTableValueMapping source columns: [], output columns: [], type infos: []
2024-04-24T03:14:15,285  INFO [main] mapjoin.VectorMapJoinCommonOperator: org.apache.hadoop.hive.ql.exec.vector.mapjoin.VectorMapJoinInnerBigOnlyStringOperator bigTableByteColumnVectorColumns [0]
2024-04-24T03:14:15,285  INFO [main] mapjoin.VectorMapJoinCommonOperator: org.apache.hadoop.hive.ql.exec.vector.mapjoin.VectorMapJoinInnerBigOnlyStringOperator smallTableByteColumnVectorColumns []
2024-04-24T03:14:15,285  INFO [main] mapjoin.VectorMapJoinCommonOperator: org.apache.hadoop.hive.ql.exec.vector.mapjoin.VectorMapJoinInnerBigOnlyStringOperator outputProjection [0, 0]
2024-04-24T03:14:15,285  INFO [main] mapjoin.VectorMapJoinCommonOperator: org.apache.hadoop.hive.ql.exec.vector.mapjoin.VectorMapJoinInnerBigOnlyStringOperator outputTypeInfos [string, string]
2024-04-24T03:14:15,285  INFO [main] mapjoin.VectorMapJoinCommonOperator: org.apache.hadoop.hive.ql.exec.vector.mapjoin.VectorMapJoinInnerBigOnlyStringOperator mapJoinDesc.getKeysString {1=_col0 (type: string), 0=_col0 (type: string)}
2024-04-24T03:14:15,286  INFO [main] mapjoin.VectorMapJoinCommonOperator: org.apache.hadoop.hive.ql.exec.vector.mapjoin.VectorMapJoinInnerBigOnlyStringOperator mapJoinDesc.getValueIndices +1 [0]
2024-04-24T03:14:15,286  INFO [main] mapjoin.VectorMapJoinCommonOperator: org.apache.hadoop.hive.ql.exec.vector.mapjoin.VectorMapJoinInnerBigOnlyStringOperator mapJoinDesc.getExprs {1=[Column[_col0]], 0=[Column[_col0]]}
2024-04-24T03:14:15,286  INFO [main] mapjoin.VectorMapJoinCommonOperator: org.apache.hadoop.hive.ql.exec.vector.mapjoin.VectorMapJoinInnerBigOnlyStringOperator mapJoinDesc.getRetainList {0=[0]}
2024-04-24T03:14:15,286  INFO [main] mapjoin.VectorMapJoinInnerBigOnlyStringOperator: Initializing Operator: MAPJOIN[0]
2024-04-24T03:14:15,288  INFO [main] exec.CommonJoinOperator: JOIN struct<out1:string,out2:string> totalsz = 2
2024-04-24T03:14:15,289  INFO [main] mapjoin.MapJoinTestConfig$TestMultiSetVectorCollectorOperator: Initializing Operator: TestMultiSetVectorCollectorOperator[null]
2024-04-24T03:14:15,289  INFO [main] mapjoin.VectorMapJoinCommonOperator: Using VectorMapJoinFastStringHashMultiSet from VectorMapJoinInnerBigOnlyStringOperator
2024-04-24T03:14:15,289  INFO [main] mapjoin.VectorMapJoinInnerBigOnlyStringOperator: Closing Operator: MAPJOIN[0]
2024-04-24T03:14:15,289  INFO [main] mapjoin.VectorMapJoinInnerBigOnlyStringOperator: RECORDS_OUT_OPERATOR_MAPJOIN_0:1, RECORDS_OUT_INTERMEDIATE:0, 
2024-04-24T03:14:15,289  INFO [main] mapjoin.MapJoinTestConfig$TestMultiSetVectorCollectorOperator: Closing Operator: TestMultiSetVectorCollectorOperator[null]
2024-04-24T03:14:15,290  INFO [main] mapjoin.MapJoinTestConfig$TestMultiSetVectorCollectorOperator: RECORDS_OUT_OPERATOR_null:0, RECORDS_OUT_INTERMEDIATE:0, 
2024-04-24T03:14:15,329  WARN [main] conf.HiveConf: HiveConf of name hive.llap.io.cache.orc.alloc.max does not exist
2024-04-24T03:14:15,329  WARN [main] conf.HiveConf: HiveConf of name hive.metastore.client.cache.maxSize does not exist
2024-04-24T03:14:15,330  WARN [main] conf.HiveConf: HiveConf of name hive.llap.io.cache.orc.arena.size does not exist
2024-04-24T03:14:15,330  WARN [main] conf.HiveConf: HiveConf of name hive.dummyparam.test.server.specific.config.override does not exist
2024-04-24T03:14:15,330  WARN [main] conf.HiveConf: HiveConf of name hive.metastore.metadb.dir does not exist
2024-04-24T03:14:15,330  WARN [main] conf.HiveConf: HiveConf of name hive.llap.io.cache.orc.alloc.min does not exist
2024-04-24T03:14:15,330  WARN [main] conf.HiveConf: HiveConf of name hive.metastore.client.cache.recordStats does not exist
2024-04-24T03:14:15,330  WARN [main] conf.HiveConf: HiveConf of name hive.llap.io.cache.orc.size does not exist
2024-04-24T03:14:15,330  WARN [main] conf.HiveConf: HiveConf of name hive.stats.key.prefix.reserve.length does not exist
2024-04-24T03:14:15,330  WARN [main] conf.HiveConf: HiveConf of name hive.dummyparam.test.server.specific.config.metastoresite does not exist
2024-04-24T03:14:15,330  WARN [main] conf.HiveConf: HiveConf of name hive.dummyparam.test.server.specific.config.hivesite does not exist
2024-04-24T03:14:15,342  INFO [main] persistence.HashMapWrapper: Key count from statistics is -1; setting map size to 100000
2024-04-24T03:14:15,346  INFO [main] exec.MapJoinOperator: Initializing Operator: MAPJOIN[0]
2024-04-24T03:14:15,348  INFO [main] exec.CommonJoinOperator: JOIN struct<out1:string,out2:string> totalsz = 2
2024-04-24T03:14:15,349  INFO [main] mapjoin.MapJoinTestConfig$TestMultiSetCollectorOperator: Initializing Operator: TestMultiSetCollectorOperator[null]
2024-04-24T03:14:15,350  INFO [main] exec.MapJoinOperator: Closing Operator: MAPJOIN[0]
2024-04-24T03:14:15,350  INFO [main] exec.MapJoinOperator: RECORDS_OUT_INTERMEDIATE:0, RECORDS_OUT_OPERATOR_MAPJOIN_0:1, 
2024-04-24T03:14:15,350  INFO [main] mapjoin.MapJoinTestConfig$TestMultiSetCollectorOperator: Closing Operator: TestMultiSetCollectorOperator[null]
2024-04-24T03:14:15,350  INFO [main] mapjoin.MapJoinTestConfig$TestMultiSetCollectorOperator: RECORDS_OUT_OPERATOR_null:0, RECORDS_OUT_INTERMEDIATE:0, 
2024-04-24T03:14:15,351  INFO [main] persistence.HashMapWrapper: Key count from statistics is 6222; setting map size to 8380
2024-04-24T03:14:15,351  INFO [main] persistence.MapJoinTableContainer: Initializing container with org.apache.hadoop.hive.serde2.binarysortable.BinarySortableSerDe and org.apache.hadoop.hive.serde2.lazybinary.LazyBinarySerDe
2024-04-24T03:14:15,355  INFO [main] exec.MapJoinOperator: Initializing Operator: MAPJOIN[0]
2024-04-24T03:14:15,357  INFO [main] exec.CommonJoinOperator: JOIN struct<out1:string,out2:string> totalsz = 2
2024-04-24T03:14:15,358  INFO [main] mapjoin.MapJoinTestConfig$TestMultiSetCollectorOperator: Initializing Operator: TestMultiSetCollectorOperator[null]
2024-04-24T03:14:15,358  INFO [main] exec.MapJoinOperator: Closing Operator: MAPJOIN[0]
2024-04-24T03:14:15,358  INFO [main] persistence.BytesBytesMultiHashMap: Map metrics: keys allocated 16384, keys assigned 6222, write conflict 1722, write max dist 9, read conflict 6, expanded 0 times in 0ms
2024-04-24T03:14:15,358  INFO [main] exec.MapJoinOperator: RECORDS_OUT_INTERMEDIATE:0, RECORDS_OUT_OPERATOR_MAPJOIN_0:1, 
2024-04-24T03:14:15,358  INFO [main] mapjoin.MapJoinTestConfig$TestMultiSetCollectorOperator: Closing Operator: TestMultiSetCollectorOperator[null]
2024-04-24T03:14:15,358  INFO [main] mapjoin.MapJoinTestConfig$TestMultiSetCollectorOperator: RECORDS_OUT_INTERMEDIATE:0, RECORDS_OUT_OPERATOR_null:0, 
2024-04-24T03:14:15,359  INFO [main] persistence.HashMapWrapper: Key count from statistics is 6222; setting map size to 8380
2024-04-24T03:14:15,359  INFO [main] persistence.MapJoinTableContainer: Initializing container with org.apache.hadoop.hive.serde2.binarysortable.BinarySortableSerDe and org.apache.hadoop.hive.serde2.lazybinary.LazyBinarySerDe
2024-04-24T03:14:15,363  INFO [main] vector.VectorMapJoinOperator: Initializing Operator: MAPJOIN[0]
2024-04-24T03:14:15,365  INFO [main] exec.CommonJoinOperator: JOIN struct<out1:string,out2:string> totalsz = 2
2024-04-24T03:14:15,366  INFO [main] mapjoin.MapJoinTestConfig$TestMultiSetVectorCollectorOperator: Initializing Operator: TestMultiSetVectorCollectorOperator[null]
2024-04-24T03:14:15,366  INFO [main] vector.VectorMapJoinOperator: Closing Operator: MAPJOIN[0]
2024-04-24T03:14:15,367  INFO [main] persistence.BytesBytesMultiHashMap: Map metrics: keys allocated 16384, keys assigned 6222, write conflict 1719, write max dist 8, read conflict 6, expanded 0 times in 0ms
2024-04-24T03:14:15,367  INFO [main] persistence.BytesBytesMultiHashMap: Map metrics: keys allocated 16384, keys assigned 6222, write conflict 1719, write max dist 8, read conflict 6, expanded 0 times in 0ms
2024-04-24T03:14:15,367  INFO [main] vector.VectorMapJoinOperator: RECORDS_OUT_INTERMEDIATE:0, RECORDS_OUT_OPERATOR_MAPJOIN_0:1, 
2024-04-24T03:14:15,367  INFO [main] mapjoin.MapJoinTestConfig$TestMultiSetVectorCollectorOperator: Closing Operator: TestMultiSetVectorCollectorOperator[null]
2024-04-24T03:14:15,367  INFO [main] mapjoin.MapJoinTestConfig$TestMultiSetVectorCollectorOperator: RECORDS_OUT_INTERMEDIATE:0, RECORDS_OUT_OPERATOR_null:0, 
2024-04-24T03:14:15,367  INFO [main] persistence.HashMapWrapper: Key count from statistics is 6222; setting map size to 8380
2024-04-24T03:14:15,368  INFO [main] persistence.MapJoinTableContainer: Initializing container with org.apache.hadoop.hive.serde2.binarysortable.BinarySortableSerDe and org.apache.hadoop.hive.serde2.lazybinary.LazyBinarySerDe
2024-04-24T03:14:15,373  INFO [main] mapjoin.VectorMapJoinCommonOperator: org.apache.hadoop.hive.ql.exec.vector.mapjoin.VectorMapJoinLeftSemiStringOperator order [0, 1]
2024-04-24T03:14:15,373  INFO [main] mapjoin.VectorMapJoinCommonOperator: org.apache.hadoop.hive.ql.exec.vector.mapjoin.VectorMapJoinLeftSemiStringOperator posBigTable 0
2024-04-24T03:14:15,373  INFO [main] mapjoin.VectorMapJoinCommonOperator: org.apache.hadoop.hive.ql.exec.vector.mapjoin.VectorMapJoinLeftSemiStringOperator posSingleVectorMapJoinSmallTable 1
2024-04-24T03:14:15,373  INFO [main] mapjoin.VectorMapJoinCommonOperator: org.apache.hadoop.hive.ql.exec.vector.mapjoin.VectorMapJoinLeftSemiStringOperator bigTableKeyColumnMap [0]
2024-04-24T03:14:15,373  INFO [main] mapjoin.VectorMapJoinCommonOperator: org.apache.hadoop.hive.ql.exec.vector.mapjoin.VectorMapJoinLeftSemiStringOperator bigTableKeyColumnNames [_col0]
2024-04-24T03:14:15,373  INFO [main] mapjoin.VectorMapJoinCommonOperator: org.apache.hadoop.hive.ql.exec.vector.mapjoin.VectorMapJoinLeftSemiStringOperator bigTableKeyTypeInfos [string]
2024-04-24T03:14:15,373  INFO [main] mapjoin.VectorMapJoinCommonOperator: org.apache.hadoop.hive.ql.exec.vector.mapjoin.VectorMapJoinLeftSemiStringOperator bigTableValueColumnMap [0]
2024-04-24T03:14:15,373  INFO [main] mapjoin.VectorMapJoinCommonOperator: org.apache.hadoop.hive.ql.exec.vector.mapjoin.VectorMapJoinLeftSemiStringOperator bigTableValueColumnNames [_col0]
2024-04-24T03:14:15,373  INFO [main] mapjoin.VectorMapJoinCommonOperator: org.apache.hadoop.hive.ql.exec.vector.mapjoin.VectorMapJoinLeftSemiStringOperator bigTableValueTypeNames [string]
2024-04-24T03:14:15,373  INFO [main] mapjoin.VectorMapJoinCommonOperator: org.apache.hadoop.hive.ql.exec.vector.mapjoin.VectorMapJoinLeftSemiStringOperator getBigTableRetainColumnMap [0]
2024-04-24T03:14:15,373  INFO [main] mapjoin.VectorMapJoinCommonOperator: org.apache.hadoop.hive.ql.exec.vector.mapjoin.VectorMapJoinLeftSemiStringOperator bigTableRetainTypeInfos [string]
2024-04-24T03:14:15,373  INFO [main] mapjoin.VectorMapJoinCommonOperator: org.apache.hadoop.hive.ql.exec.vector.mapjoin.VectorMapJoinLeftSemiStringOperator nonOuterSmallTableKeyColumnMap []
2024-04-24T03:14:15,373  INFO [main] mapjoin.VectorMapJoinCommonOperator: org.apache.hadoop.hive.ql.exec.vector.mapjoin.VectorMapJoinLeftSemiStringOperator nonOuterSmallTableKeyTypeInfos []
2024-04-24T03:14:15,373  INFO [main] mapjoin.VectorMapJoinCommonOperator: org.apache.hadoop.hive.ql.exec.vector.mapjoin.VectorMapJoinLeftSemiStringOperator outerSmallTableKeyMapping source columns: [], output columns: [], type infos: []
2024-04-24T03:14:15,373  INFO [main] mapjoin.VectorMapJoinCommonOperator: org.apache.hadoop.hive.ql.exec.vector.mapjoin.VectorMapJoinLeftSemiStringOperator fullOuterSmallTableKeyMapping source columns: [], output columns: [], type infos: []
2024-04-24T03:14:15,373  INFO [main] mapjoin.VectorMapJoinCommonOperator: org.apache.hadoop.hive.ql.exec.vector.mapjoin.VectorMapJoinLeftSemiStringOperator smallTableValueMapping source columns: [], output columns: [], type infos: []
2024-04-24T03:14:15,373  INFO [main] mapjoin.VectorMapJoinCommonOperator: org.apache.hadoop.hive.ql.exec.vector.mapjoin.VectorMapJoinLeftSemiStringOperator bigTableByteColumnVectorColumns [0]
2024-04-24T03:14:15,373  INFO [main] mapjoin.VectorMapJoinCommonOperator: org.apache.hadoop.hive.ql.exec.vector.mapjoin.VectorMapJoinLeftSemiStringOperator smallTableByteColumnVectorColumns []
2024-04-24T03:14:15,373  INFO [main] mapjoin.VectorMapJoinCommonOperator: org.apache.hadoop.hive.ql.exec.vector.mapjoin.VectorMapJoinLeftSemiStringOperator outputProjection [0, 0]
2024-04-24T03:14:15,373  INFO [main] mapjoin.VectorMapJoinCommonOperator: org.apache.hadoop.hive.ql.exec.vector.mapjoin.VectorMapJoinLeftSemiStringOperator outputTypeInfos [string, string]
2024-04-24T03:14:15,373  INFO [main] mapjoin.VectorMapJoinCommonOperator: org.apache.hadoop.hive.ql.exec.vector.mapjoin.VectorMapJoinLeftSemiStringOperator mapJoinDesc.getKeysString {0=_col0 (type: string), 1=_col0 (type: string)}
2024-04-24T03:14:15,373  INFO [main] mapjoin.VectorMapJoinCommonOperator: org.apache.hadoop.hive.ql.exec.vector.mapjoin.VectorMapJoinLeftSemiStringOperator mapJoinDesc.getValueIndices +1 [0]
2024-04-24T03:14:15,374  INFO [main] mapjoin.VectorMapJoinCommonOperator: org.apache.hadoop.hive.ql.exec.vector.mapjoin.VectorMapJoinLeftSemiStringOperator mapJoinDesc.getExprs {0=[Column[_col0]], 1=[Column[_col0]]}
2024-04-24T03:14:15,374  INFO [main] mapjoin.VectorMapJoinCommonOperator: org.apache.hadoop.hive.ql.exec.vector.mapjoin.VectorMapJoinLeftSemiStringOperator mapJoinDesc.getRetainList {0=[0]}
2024-04-24T03:14:15,374  INFO [main] mapjoin.VectorMapJoinLeftSemiStringOperator: Initializing Operator: MAPJOIN[0]
2024-04-24T03:14:15,376  INFO [main] exec.CommonJoinOperator: JOIN struct<out1:string,out2:string> totalsz = 2
2024-04-24T03:14:15,377  INFO [main] mapjoin.MapJoinTestConfig$TestMultiSetVectorCollectorOperator: Initializing Operator: TestMultiSetVectorCollectorOperator[null]
2024-04-24T03:14:15,377  INFO [main] mapjoin.VectorMapJoinCommonOperator: Using VectorMapJoinOptimizedStringHashSet from VectorMapJoinLeftSemiStringOperator
2024-04-24T03:14:15,377  INFO [main] mapjoin.VectorMapJoinLeftSemiStringOperator: Closing Operator: MAPJOIN[0]
2024-04-24T03:14:15,378  INFO [main] persistence.BytesBytesMultiHashMap: Map metrics: keys allocated 16384, keys assigned 6222, write conflict 1720, write max dist 7, read conflict 6, expanded 0 times in 0ms
2024-04-24T03:14:15,378  INFO [main] mapjoin.VectorMapJoinLeftSemiStringOperator: RECORDS_OUT_INTERMEDIATE:0, RECORDS_OUT_OPERATOR_MAPJOIN_0:1, 
2024-04-24T03:14:15,378  INFO [main] mapjoin.MapJoinTestConfig$TestMultiSetVectorCollectorOperator: Closing Operator: TestMultiSetVectorCollectorOperator[null]
2024-04-24T03:14:15,378  INFO [main] mapjoin.MapJoinTestConfig$TestMultiSetVectorCollectorOperator: RECORDS_OUT_OPERATOR_null:0, RECORDS_OUT_INTERMEDIATE:0, 
2024-04-24T03:14:15,378  INFO [main] persistence.HashMapWrapper: Key count from statistics is 6222; setting map size to 8380
2024-04-24T03:14:15,384  INFO [main] mapjoin.VectorMapJoinCommonOperator: org.apache.hadoop.hive.ql.exec.vector.mapjoin.VectorMapJoinLeftSemiStringOperator order [0, 1]
2024-04-24T03:14:15,384  INFO [main] mapjoin.VectorMapJoinCommonOperator: org.apache.hadoop.hive.ql.exec.vector.mapjoin.VectorMapJoinLeftSemiStringOperator posBigTable 0
2024-04-24T03:14:15,384  INFO [main] mapjoin.VectorMapJoinCommonOperator: org.apache.hadoop.hive.ql.exec.vector.mapjoin.VectorMapJoinLeftSemiStringOperator posSingleVectorMapJoinSmallTable 1
2024-04-24T03:14:15,384  INFO [main] mapjoin.VectorMapJoinCommonOperator: org.apache.hadoop.hive.ql.exec.vector.mapjoin.VectorMapJoinLeftSemiStringOperator bigTableKeyColumnMap [0]
2024-04-24T03:14:15,384  INFO [main] mapjoin.VectorMapJoinCommonOperator: org.apache.hadoop.hive.ql.exec.vector.mapjoin.VectorMapJoinLeftSemiStringOperator bigTableKeyColumnNames [_col0]
2024-04-24T03:14:15,384  INFO [main] mapjoin.VectorMapJoinCommonOperator: org.apache.hadoop.hive.ql.exec.vector.mapjoin.VectorMapJoinLeftSemiStringOperator bigTableKeyTypeInfos [string]
2024-04-24T03:14:15,384  INFO [main] mapjoin.VectorMapJoinCommonOperator: org.apache.hadoop.hive.ql.exec.vector.mapjoin.VectorMapJoinLeftSemiStringOperator bigTableValueColumnMap [0]
2024-04-24T03:14:15,384  INFO [main] mapjoin.VectorMapJoinCommonOperator: org.apache.hadoop.hive.ql.exec.vector.mapjoin.VectorMapJoinLeftSemiStringOperator bigTableValueColumnNames [_col0]
2024-04-24T03:14:15,385  INFO [main] mapjoin.VectorMapJoinCommonOperator: org.apache.hadoop.hive.ql.exec.vector.mapjoin.VectorMapJoinLeftSemiStringOperator bigTableValueTypeNames [string]
2024-04-24T03:14:15,385  INFO [main] mapjoin.VectorMapJoinCommonOperator: org.apache.hadoop.hive.ql.exec.vector.mapjoin.VectorMapJoinLeftSemiStringOperator getBigTableRetainColumnMap [0]
2024-04-24T03:14:15,385  INFO [main] mapjoin.VectorMapJoinCommonOperator: org.apache.hadoop.hive.ql.exec.vector.mapjoin.VectorMapJoinLeftSemiStringOperator bigTableRetainTypeInfos [string]
2024-04-24T03:14:15,385  INFO [main] mapjoin.VectorMapJoinCommonOperator: org.apache.hadoop.hive.ql.exec.vector.mapjoin.VectorMapJoinLeftSemiStringOperator nonOuterSmallTableKeyColumnMap []
2024-04-24T03:14:15,385  INFO [main] mapjoin.VectorMapJoinCommonOperator: org.apache.hadoop.hive.ql.exec.vector.mapjoin.VectorMapJoinLeftSemiStringOperator nonOuterSmallTableKeyTypeInfos []
2024-04-24T03:14:15,385  INFO [main] mapjoin.VectorMapJoinCommonOperator: org.apache.hadoop.hive.ql.exec.vector.mapjoin.VectorMapJoinLeftSemiStringOperator outerSmallTableKeyMapping source columns: [], output columns: [], type infos: []
2024-04-24T03:14:15,385  INFO [main] mapjoin.VectorMapJoinCommonOperator: org.apache.hadoop.hive.ql.exec.vector.mapjoin.VectorMapJoinLeftSemiStringOperator fullOuterSmallTableKeyMapping source columns: [], output columns: [], type infos: []
2024-04-24T03:14:15,385  INFO [main] mapjoin.VectorMapJoinCommonOperator: org.apache.hadoop.hive.ql.exec.vector.mapjoin.VectorMapJoinLeftSemiStringOperator smallTableValueMapping source columns: [], output columns: [], type infos: []
2024-04-24T03:14:15,385  INFO [main] mapjoin.VectorMapJoinCommonOperator: org.apache.hadoop.hive.ql.exec.vector.mapjoin.VectorMapJoinLeftSemiStringOperator bigTableByteColumnVectorColumns [0]
2024-04-24T03:14:15,385  INFO [main] mapjoin.VectorMapJoinCommonOperator: org.apache.hadoop.hive.ql.exec.vector.mapjoin.VectorMapJoinLeftSemiStringOperator smallTableByteColumnVectorColumns []
2024-04-24T03:14:15,385  INFO [main] mapjoin.VectorMapJoinCommonOperator: org.apache.hadoop.hive.ql.exec.vector.mapjoin.VectorMapJoinLeftSemiStringOperator outputProjection [0, 0]
2024-04-24T03:14:15,385  INFO [main] mapjoin.VectorMapJoinCommonOperator: org.apache.hadoop.hive.ql.exec.vector.mapjoin.VectorMapJoinLeftSemiStringOperator outputTypeInfos [string, string]
2024-04-24T03:14:15,385  INFO [main] mapjoin.VectorMapJoinCommonOperator: org.apache.hadoop.hive.ql.exec.vector.mapjoin.VectorMapJoinLeftSemiStringOperator mapJoinDesc.getKeysString {0=_col0 (type: string), 1=_col0 (type: string)}
2024-04-24T03:14:15,385  INFO [main] mapjoin.VectorMapJoinCommonOperator: org.apache.hadoop.hive.ql.exec.vector.mapjoin.VectorMapJoinLeftSemiStringOperator mapJoinDesc.getValueIndices +1 [0]
2024-04-24T03:14:15,385  INFO [main] mapjoin.VectorMapJoinCommonOperator: org.apache.hadoop.hive.ql.exec.vector.mapjoin.VectorMapJoinLeftSemiStringOperator mapJoinDesc.getExprs {0=[Column[_col0]], 1=[Column[_col0]]}
2024-04-24T03:14:15,385  INFO [main] mapjoin.VectorMapJoinCommonOperator: org.apache.hadoop.hive.ql.exec.vector.mapjoin.VectorMapJoinLeftSemiStringOperator mapJoinDesc.getRetainList {0=[0]}
2024-04-24T03:14:15,385  INFO [main] mapjoin.VectorMapJoinLeftSemiStringOperator: Initializing Operator: MAPJOIN[0]
2024-04-24T03:14:15,387  INFO [main] exec.CommonJoinOperator: JOIN struct<out1:string,out2:string> totalsz = 2
2024-04-24T03:14:15,388  INFO [main] mapjoin.MapJoinTestConfig$TestMultiSetVectorCollectorOperator: Initializing Operator: TestMultiSetVectorCollectorOperator[null]
2024-04-24T03:14:15,388  INFO [main] mapjoin.VectorMapJoinCommonOperator: Using VectorMapJoinFastStringHashSet from VectorMapJoinLeftSemiStringOperator
2024-04-24T03:14:15,388  INFO [main] mapjoin.VectorMapJoinLeftSemiStringOperator: Closing Operator: MAPJOIN[0]
2024-04-24T03:14:15,388  INFO [main] mapjoin.VectorMapJoinLeftSemiStringOperator: RECORDS_OUT_INTERMEDIATE:0, RECORDS_OUT_OPERATOR_MAPJOIN_0:1, 
2024-04-24T03:14:15,388  INFO [main] mapjoin.MapJoinTestConfig$TestMultiSetVectorCollectorOperator: Closing Operator: TestMultiSetVectorCollectorOperator[null]
2024-04-24T03:14:15,389  INFO [main] mapjoin.MapJoinTestConfig$TestMultiSetVectorCollectorOperator: RECORDS_OUT_INTERMEDIATE:0, RECORDS_OUT_OPERATOR_null:0, 
2024-04-24T03:14:15,430  WARN [main] conf.HiveConf: HiveConf of name hive.metastore.client.cache.maxSize does not exist
2024-04-24T03:14:15,430  WARN [main] conf.HiveConf: HiveConf of name hive.dummyparam.test.server.specific.config.metastoresite does not exist
2024-04-24T03:14:15,430  WARN [main] conf.HiveConf: HiveConf of name hive.stats.key.prefix.reserve.length does not exist
2024-04-24T03:14:15,430  WARN [main] conf.HiveConf: HiveConf of name hive.dummyparam.test.server.specific.config.override does not exist
2024-04-24T03:14:15,430  WARN [main] conf.HiveConf: HiveConf of name hive.llap.io.cache.orc.alloc.max does not exist
2024-04-24T03:14:15,430  WARN [main] conf.HiveConf: HiveConf of name hive.llap.io.cache.orc.size does not exist
2024-04-24T03:14:15,430  WARN [main] conf.HiveConf: HiveConf of name hive.metastore.client.cache.recordStats does not exist
2024-04-24T03:14:15,430  WARN [main] conf.HiveConf: HiveConf of name hive.llap.io.cache.orc.arena.size does not exist
2024-04-24T03:14:15,431  WARN [main] conf.HiveConf: HiveConf of name hive.dummyparam.test.server.specific.config.hivesite does not exist
2024-04-24T03:14:15,431  WARN [main] conf.HiveConf: HiveConf of name hive.metastore.metadb.dir does not exist
2024-04-24T03:14:15,431  WARN [main] conf.HiveConf: HiveConf of name hive.llap.io.cache.orc.alloc.min does not exist
2024-04-24T03:14:15,444  INFO [main] persistence.HashMapWrapper: Key count from statistics is -1; setting map size to 100000
]]></system-err>
  </testcase>
</testsuite>