<?xml version="1.0" encoding="UTF-8"?>
<testsuite xmlns:xsi="http://www.w3.org/2001/XMLSchema-instance" xsi:noNamespaceSchemaLocation="https://maven.apache.org/surefire/maven-surefire-plugin/xsd/surefire-test-report-3.0.xsd" version="3.0" name="org.apache.hadoop.hive.ql.util.TestHiveStrictManagedMigration" time="24.494" tests="6" errors="3" skipped="0" failures="2">
  <properties>
    <property name="build.test.dir" value="/home/alex/Repositories/hive/ql/target/tmp"/>
    <property name="awt.toolkit" value="sun.awt.X11.XToolkit"/>
    <property name="test.tmp.dir.uri" value="file:///home/alex/Repositories/hive/ql/target/tmp"/>
    <property name="java.specification.version" value="1.8"/>
    <property name="qfile" value=""/>
    <property name="Log4jContextSelector" value="org.apache.logging.log4j.core.async.AsyncLoggerContextSelector"/>
    <property name="sun.cpu.isalist" value=""/>
    <property name="test.warehouse.dir" value="pfile:///home/alex/Repositories/hive/ql/target/warehouse"/>
    <property name="sun.jnu.encoding" value="UTF-8"/>
    <property name="run_disabled" value=""/>
    <property name="nondexPrintstack" value="false"/>
    <property name="sun.arch.data.model" value="64"/>
    <property name="java.vendor.url" value="http://java.oracle.com/"/>
    <property name="user.country.format" value="PT"/>
    <property name="test.tmp.dir" value="/home/alex/Repositories/hive/ql/target/tmp"/>
    <property name="sun.boot.library.path" value="/usr/lib/jvm/java-8-openjdk-amd64/jre/lib/amd64"/>
    <property name="sun.java.command" value="/home/alex/Repositories/hive/ql/target/surefire/surefirebooter5411801893189802866.jar /home/alex/Repositories/hive/ql/target/surefire 2024-04-23T21-59-46_173-jvmRun1 surefire2375431448305348739tmp surefire_28472605379469348450199tmp"/>
    <property name="nondexExecid" value="Snhwr3I2MCYp2xI1BMYXdetIVL2H5UQXpCxOgAk9NN4="/>
    <property name="java.specification.vendor" value="Oracle Corporation"/>
    <property name="java.home" value="/usr/lib/jvm/java-8-openjdk-amd64/jre"/>
    <property name="file.separator" value="/"/>
    <property name="basedir" value="/home/alex/Repositories/hive/ql"/>
    <property name="nondexEnd" value="9223372036854775807"/>
    <property name="line.separator" value="&#10;"/>
    <property name="derby.stream.error.file" value="/home/alex/Repositories/hive/ql/target/tmp/derby.log"/>
    <property name="java.vm.specification.vendor" value="Oracle Corporation"/>
    <property name="java.specification.name" value="Java Platform API Specification"/>
    <property name="isThreadContextMapInheritable" value="true"/>
    <property name="log4j.debug" value="true"/>
    <property name="sun.boot.class.path" value="/home/alex/Repositories/hive/ql/.nondex/nondex-instr.jar:/home/alex/.m2/repository/edu/illinois/nondex-common/2.1.7/nondex-common-2.1.7.jar:/home/alex/.m2/repository/edu/illinois/nondex-annotations/2.1.7/nondex-annotations-2.1.7.jar:/usr/lib/jvm/java-8-openjdk-amd64/jre/lib/resources.jar:/usr/lib/jvm/java-8-openjdk-amd64/jre/lib/rt.jar:/usr/lib/jvm/java-8-openjdk-amd64/jre/lib/sunrsasign.jar:/usr/lib/jvm/java-8-openjdk-amd64/jre/lib/jsse.jar:/usr/lib/jvm/java-8-openjdk-amd64/jre/lib/jce.jar:/usr/lib/jvm/java-8-openjdk-amd64/jre/lib/charsets.jar:/usr/lib/jvm/java-8-openjdk-amd64/jre/lib/jfr.jar:/usr/lib/jvm/java-8-openjdk-amd64/jre/classes"/>
    <property name="sun.management.compiler" value="HotSpot 64-Bit Tiered Compilers"/>
    <property name="spark.home" value=""/>
    <property name="java.runtime.version" value="1.8.0_402-8u402-ga-2ubuntu1~22.04-b06"/>
    <property name="user.name" value="alex"/>
    <property name="test.src.tables" value=""/>
    <property name="file.encoding" value="UTF-8"/>
    <property name="qfile_regex" value=""/>
    <property name="hadoop.bin.path" value="/home/alex/Repositories/hive/ql/../testutils/hadoop"/>
    <property name="localRepository" value="/home/alex/.m2/repository"/>
    <property name="nondexDir" value="/home/alex/Repositories/hive/ql/.nondex"/>
    <property name="build.dir" value="/home/alex/Repositories/hive/ql/target"/>
    <property name="nondexJarDir" value="/home/alex/Repositories/hive/ql/.nondex"/>
    <property name="mapred.job.tracker" value="local"/>
    <property name="java.io.tmpdir" value="/home/alex/Repositories/hive/ql/target/tmp"/>
    <property name="com.zaxxer.hikari.pool_number" value="3"/>
    <property name="java.version" value="1.8.0_402"/>
    <property name="hive.version" value="4.0.0-SNAPSHOT"/>
    <property name="java.vm.specification.name" value="Java Virtual Machine Specification"/>
    <property name="java.awt.printerjob" value="sun.print.PSPrinterJob"/>
    <property name="sun.os.patch.level" value="unknown"/>
    <property name="java.library.path" value="/usr/java/packages/lib/amd64:/usr/lib/x86_64-linux-gnu/jni:/lib/x86_64-linux-gnu:/usr/lib/x86_64-linux-gnu:/usr/lib/jni:/lib:/usr/lib"/>
    <property name="test.data.dir" value="/home/alex/Repositories/hive/ql/../data/files"/>
    <property name="java.vendor" value="Private Build"/>
    <property name="java.specification.maintenance.version" value="5"/>
    <property name="sun.io.unicode.encoding" value="UnicodeLittle"/>
    <property name="initScript" value=""/>
    <property name="sun.desktop" value="gnome"/>
    <property name="calcite.enable.rexnode.digest.normalize" value="false"/>
    <property name="nondexStart" value="0"/>
    <property name="file.encoding.pkg" value="sun.io"/>
    <property name="log4j.configurationFile" value="file:///home/alex/Repositories/hive/ql/target/testconf/hive-log4j2.properties"/>
    <property name="java.class.path" value="/home/alex/Repositories/hive/ql/target/test-classes:/home/alex/Repositories/hive/ql/target/classes:/home/alex/.m2/repository/org/apache/atlas/atlas-client-v2/2.1.0/atlas-client-v2-2.1.0.jar:/home/alex/.m2/repository/cglib/cglib/2.2.2/cglib-2.2.2.jar:/home/alex/.m2/repository/asm/asm/3.3.1/asm-3.3.1.jar:/home/alex/.m2/repository/org/apache/atlas/atlas-client-common/2.1.0/atlas-client-common-2.1.0.jar:/home/alex/.m2/repository/org/apache/httpcomponents/httpclient/4.5.13/httpclient-4.5.13.jar:/home/alex/.m2/repository/com/sun/jersey/jersey-client/1.19/jersey-client-1.19.jar:/home/alex/.m2/repository/org/apache/atlas/atlas-intg/2.1.0/atlas-intg-2.1.0.jar:/home/alex/.m2/repository/commons-collections/commons-collections/3.2.2/commons-collections-3.2.2.jar:/home/alex/.m2/repository/commons-validator/commons-validator/1.6/commons-validator-1.6.jar:/home/alex/.m2/repository/commons-digester/commons-digester/1.8.1/commons-digester-1.8.1.jar:/home/alex/.m2/repository/com/fasterxml/jackson/jaxrs/jackson-jaxrs-base/2.12.0/jackson-jaxrs-base-2.12.0.jar:/home/alex/.m2/repository/com/fasterxml/jackson/jaxrs/jackson-jaxrs-json-provider/2.12.0/jackson-jaxrs-json-provider-2.12.0.jar:/home/alex/.m2/repository/javax/inject/javax.inject/1/javax.inject-1.jar:/home/alex/.m2/repository/org/springframework/spring-context/4.3.20.RELEASE/spring-context-4.3.20.RELEASE.jar:/home/alex/.m2/repository/org/springframework/spring-aop/4.3.20.RELEASE/spring-aop-4.3.20.RELEASE.jar:/home/alex/.m2/repository/org/springframework/spring-beans/4.3.20.RELEASE/spring-beans-4.3.20.RELEASE.jar:/home/alex/.m2/repository/org/springframework/spring-core/4.3.20.RELEASE/spring-core-4.3.20.RELEASE.jar:/home/alex/.m2/repository/org/springframework/spring-expression/4.3.20.RELEASE/spring-expression-4.3.20.RELEASE.jar:/home/alex/.m2/repository/commons-configuration/commons-configuration/1.10/commons-configuration-1.10.jar:/home/alex/.m2/repository/commons-lang/commons-lang/2.6/commons-lang-2.6.jar:/home/alex/.m2/repository/commons-logging/commons-logging/1.1.1/commons-logging-1.1.1.jar:/home/alex/.m2/repository/org/apache/commons/commons-math3/3.6.1/commons-math3-3.6.1.jar:/home/alex/Repositories/hive/vector-code-gen/target/classes:/home/alex/.m2/repository/org/apache/velocity/velocity/1.5/velocity-1.5.jar:/home/alex/Repositories/hive/common/target/classes:/home/alex/Repositories/hive/classification/target/classes:/home/alex/Repositories/hive/standalone-metastore/metastore-common/target/classes:/home/alex/.m2/repository/commons-cli/commons-cli/1.4/commons-cli-1.4.jar:/home/alex/.m2/repository/org/apache/orc/orc-core/1.6.9/orc-core-1.6.9.jar:/home/alex/.m2/repository/org/apache/orc/orc-shims/1.6.9/orc-shims-1.6.9.jar:/home/alex/.m2/repository/io/airlift/aircompressor/0.19/aircompressor-0.19.jar:/home/alex/.m2/repository/org/jetbrains/annotations/17.0.0/annotations-17.0.0.jar:/home/alex/.m2/repository/org/threeten/threeten-extra/1.5.0/threeten-extra-1.5.0.jar:/home/alex/.m2/repository/jline/jline/2.14.6/jline-2.14.6.jar:/home/alex/.m2/repository/javax/servlet/javax.servlet-api/3.1.0/javax.servlet-api-3.1.0.jar:/home/alex/.m2/repository/org/eclipse/jetty/jetty-http/9.3.27.v20190418/jetty-http-9.3.27.v20190418.jar:/home/alex/.m2/repository/org/eclipse/jetty/jetty-rewrite/9.3.27.v20190418/jetty-rewrite-9.3.27.v20190418.jar:/home/alex/.m2/repository/org/eclipse/jetty/jetty-client/9.3.27.v20190418/jetty-client-9.3.27.v20190418.jar:/home/alex/.m2/repository/org/eclipse/jetty/jetty-server/9.3.27.v20190418/jetty-server-9.3.27.v20190418.jar:/home/alex/.m2/repository/org/eclipse/jetty/jetty-io/9.3.27.v20190418/jetty-io-9.3.27.v20190418.jar:/home/alex/.m2/repository/org/eclipse/jetty/jetty-servlet/9.3.27.v20190418/jetty-servlet-9.3.27.v20190418.jar:/home/alex/.m2/repository/org/eclipse/jetty/jetty-security/9.3.27.v20190418/jetty-security-9.3.27.v20190418.jar:/home/alex/.m2/repository/org/eclipse/jetty/jetty-webapp/9.3.27.v20190418/jetty-webapp-9.3.27.v20190418.jar:/home/alex/.m2/repository/org/eclipse/jetty/jetty-xml/9.3.27.v20190418/jetty-xml-9.3.27.v20190418.jar:/home/alex/.m2/repository/joda-time/joda-time/2.9.9/joda-time-2.9.9.jar:/home/alex/.m2/repository/org/apache/logging/log4j/log4j-web/2.13.2/log4j-web-2.13.2.jar:/home/alex/.m2/repository/net/sf/jpam/jpam/1.1/jpam-1.1.jar:/home/alex/.m2/repository/io/dropwizard/metrics/metrics-core/3.1.0/metrics-core-3.1.0.jar:/home/alex/.m2/repository/io/dropwizard/metrics/metrics-jvm/3.1.0/metrics-jvm-3.1.0.jar:/home/alex/.m2/repository/io/dropwizard/metrics/metrics-json/3.1.0/metrics-json-3.1.0.jar:/home/alex/.m2/repository/com/github/joshelser/dropwizard-metrics-hadoop-metrics2-reporter/0.1.2/dropwizard-metrics-hadoop-metrics2-reporter-0.1.2.jar:/home/alex/Repositories/hive/metastore/target/classes:/home/alex/.m2/repository/org/apache/derby/derby/10.14.1.0/derby-10.14.1.0.jar:/home/alex/Repositories/hive/serde/target/classes:/home/alex/.m2/repository/com/google/code/findbugs/jsr305/3.0.0/jsr305-3.0.0.jar:/home/alex/.m2/repository/org/apache/arrow/arrow-vector/0.15.1/arrow-vector-0.15.1.jar:/home/alex/.m2/repository/org/apache/arrow/arrow-format/0.15.1/arrow-format-0.15.1.jar:/home/alex/.m2/repository/org/apache/arrow/arrow-memory/0.15.1/arrow-memory-0.15.1.jar:/home/alex/.m2/repository/com/google/flatbuffers/flatbuffers-java/1.9.0/flatbuffers-java-1.9.0.jar:/home/alex/.m2/repository/com/carrotsearch/hppc/0.7.2/hppc-0.7.2.jar:/home/alex/.m2/repository/com/github/davidmoten/flatbuffers-java/1.6.0.1/flatbuffers-java-1.6.0.1.jar:/home/alex/Repositories/hive/parser/target/classes:/home/alex/Repositories/hive/udf/target/classes:/home/alex/Repositories/hive/service-rpc/target/classes:/home/alex/Repositories/hive/llap-client/target/classes:/home/alex/Repositories/hive/llap-common/target/classes:/home/alex/.m2/repository/io/jsonwebtoken/jjwt-api/0.10.5/jjwt-api-0.10.5.jar:/home/alex/.m2/repository/io/jsonwebtoken/jjwt-impl/0.10.5/jjwt-impl-0.10.5.jar:/home/alex/.m2/repository/io/jsonwebtoken/jjwt-jackson/0.10.5/jjwt-jackson-0.10.5.jar:/home/alex/Repositories/hive/llap-tez/target/classes:/home/alex/Repositories/hive/shims/aggregator/target/classes:/home/alex/Repositories/hive/shims/common/target/classes:/home/alex/Repositories/hive/shims/0.23/target/classes:/home/alex/.m2/repository/org/apache/hadoop/hadoop-yarn-server-resourcemanager/3.1.0/hadoop-yarn-server-resourcemanager-3.1.0.jar:/home/alex/.m2/repository/org/apache/hadoop/hadoop-yarn-server-applicationhistoryservice/3.1.0/hadoop-yarn-server-applicationhistoryservice-3.1.0.jar:/home/alex/.m2/repository/de/ruedigermoeller/fst/2.50/fst-2.50.jar:/home/alex/.m2/repository/com/cedarsoftware/java-util/1.9.0/java-util-1.9.0.jar:/home/alex/.m2/repository/com/cedarsoftware/json-io/2.5.1/json-io-2.5.1.jar:/home/alex/Repositories/hive/shims/scheduler/target/classes:/home/alex/Repositories/hive/spark-client/target/classes:/home/alex/.m2/repository/io/netty/netty-all/4.1.65.Final/netty-all-4.1.65.Final.jar:/home/alex/.m2/repository/com/fasterxml/jackson/module/jackson-module-scala_2.12/2.12.0/jackson-module-scala_2.12-2.12.0.jar:/home/alex/.m2/repository/org/apache/spark/spark-yarn_2.12/2.4.5/spark-yarn_2.12-2.4.5.jar:/home/alex/Repositories/hive/storage-api/target/classes:/home/alex/.m2/repository/com/amazonaws/aws-java-sdk-bundle/1.11.901/aws-java-sdk-bundle-1.11.901.jar:/home/alex/.m2/repository/com/amazonaws/secretsmanager/aws-secretsmanager-caching-java/1.0.1/aws-secretsmanager-caching-java-1.0.1.jar:/home/alex/.m2/repository/com/esotericsoftware/kryo/5.0.3/kryo-5.0.3.jar:/home/alex/.m2/repository/org/objenesis/objenesis/3.1/objenesis-3.1.jar:/home/alex/.m2/repository/com/esotericsoftware/minlog/1.3.1/minlog-1.3.1.jar:/home/alex/.m2/repository/com/esotericsoftware/reflectasm/1.11.9/reflectasm-1.11.9.jar:/home/alex/.m2/repository/com/google/protobuf/protobuf-java/2.5.0/protobuf-java-2.5.0.jar:/home/alex/.m2/repository/org/apache/hbase/hbase-common/2.0.0-alpha4/hbase-common-2.0.0-alpha4.jar:/home/alex/.m2/repository/org/apache/hbase/thirdparty/hbase-shaded-miscellaneous/1.0.1/hbase-shaded-miscellaneous-1.0.1.jar:/home/alex/.m2/repository/org/apache/htrace/htrace-core/3.2.0-incubating/htrace-core-3.2.0-incubating.jar:/home/alex/.m2/repository/org/apache/commons/commons-crypto/1.0.0/commons-crypto-1.0.0.jar:/home/alex/.m2/repository/com/github/stephenc/findbugs/findbugs-annotations/1.3.9-1/findbugs-annotations-1.3.9-1.jar:/home/alex/.m2/repository/log4j/log4j/1.2.17/log4j-1.2.17.jar:/home/alex/.m2/repository/org/apache/yetus/audience-annotations/0.5.0/audience-annotations-0.5.0.jar:/home/alex/.m2/repository/org/apache/parquet/parquet-hadoop-bundle/1.11.1/parquet-hadoop-bundle-1.11.1.jar:/home/alex/.m2/repository/commons-codec/commons-codec/1.15/commons-codec-1.15.jar:/home/alex/.m2/repository/commons-io/commons-io/2.6/commons-io-2.6.jar:/home/alex/.m2/repository/org/apache/commons/commons-collections4/4.1/commons-collections4-4.1.jar:/home/alex/.m2/repository/org/apache/commons/commons-lang3/3.9/commons-lang3-3.9.jar:/home/alex/.m2/repository/org/apache/commons/commons-text/1.8/commons-text-1.8.jar:/home/alex/.m2/repository/javolution/javolution/5.5.1/javolution-5.5.1.jar:/home/alex/.m2/repository/org/apache/logging/log4j/log4j-1.2-api/2.13.2/log4j-1.2-api-2.13.2.jar:/home/alex/.m2/repository/org/apache/logging/log4j/log4j-api/2.13.2/log4j-api-2.13.2.jar:/home/alex/.m2/repository/org/apache/logging/log4j/log4j-core/2.13.2/log4j-core-2.13.2.jar:/home/alex/.m2/repository/org/apache/logging/log4j/log4j-slf4j-impl/2.13.2/log4j-slf4j-impl-2.13.2.jar:/home/alex/.m2/repository/org/antlr/antlr-runtime/3.5.2/antlr-runtime-3.5.2.jar:/home/alex/.m2/repository/org/antlr/ST4/4.0.4/ST4-4.0.4.jar:/home/alex/.m2/repository/org/apache/avro/avro/1.8.2/avro-1.8.2.jar:/home/alex/.m2/repository/org/codehaus/jackson/jackson-core-asl/1.9.13/jackson-core-asl-1.9.13.jar:/home/alex/.m2/repository/org/codehaus/jackson/jackson-mapper-asl/1.9.13/jackson-mapper-asl-1.9.13.jar:/home/alex/.m2/repository/com/thoughtworks/paranamer/paranamer/2.8/paranamer-2.8.jar:/home/alex/.m2/repository/org/xerial/snappy/snappy-java/1.1.4/snappy-java-1.1.4.jar:/home/alex/.m2/repository/org/tukaani/xz/1.5/xz-1.5.jar:/home/alex/.m2/repository/org/apache/avro/avro-mapred/1.8.2/avro-mapred-1.8.2-hadoop2.jar:/home/alex/.m2/repository/org/apache/avro/avro-ipc/1.8.2/avro-ipc-1.8.2.jar:/home/alex/.m2/repository/org/mortbay/jetty/jetty/6.1.26/jetty-6.1.26.jar:/home/alex/.m2/repository/org/apache/ant/ant/1.9.1/ant-1.9.1.jar:/home/alex/.m2/repository/org/apache/ant/ant-launcher/1.9.1/ant-launcher-1.9.1.jar:/home/alex/.m2/repository/org/apache/commons/commons-compress/1.21/commons-compress-1.21.jar:/home/alex/.m2/repository/org/apache/thrift/libfb303/0.9.3/libfb303-0.9.3.jar:/home/alex/.m2/repository/org/apache/hadoop/hadoop-common/3.1.0/hadoop-common-3.1.0.jar:/home/alex/.m2/repository/org/apache/hadoop/hadoop-annotations/3.1.0/hadoop-annotations-3.1.0.jar:/home/alex/.m2/repository/commons-net/commons-net/3.6/commons-net-3.6.jar:/home/alex/.m2/repository/org/eclipse/jetty/jetty-util/9.3.27.v20190418/jetty-util-9.3.27.v20190418.jar:/home/alex/.m2/repository/javax/servlet/jsp/jsp-api/2.1/jsp-api-2.1.jar:/home/alex/.m2/repository/com/sun/jersey/jersey-core/1.19/jersey-core-1.19.jar:/home/alex/.m2/repository/javax/ws/rs/jsr311-api/1.1.1/jsr311-api-1.1.1.jar:/home/alex/.m2/repository/com/sun/jersey/jersey-json/1.19/jersey-json-1.19.jar:/home/alex/.m2/repository/com/sun/xml/bind/jaxb-impl/2.2.3-1/jaxb-impl-2.2.3-1.jar:/home/alex/.m2/repository/org/codehaus/jackson/jackson-jaxrs/1.9.2/jackson-jaxrs-1.9.2.jar:/home/alex/.m2/repository/org/codehaus/jackson/jackson-xc/1.9.2/jackson-xc-1.9.2.jar:/home/alex/.m2/repository/com/sun/jersey/jersey-server/1.19/jersey-server-1.19.jar:/home/alex/.m2/repository/org/apache/commons/commons-configuration2/2.1.1/commons-configuration2-2.1.1.jar:/home/alex/.m2/repository/org/apache/hadoop/hadoop-auth/3.1.0/hadoop-auth-3.1.0.jar:/home/alex/.m2/repository/com/nimbusds/nimbus-jose-jwt/4.41.1/nimbus-jose-jwt-4.41.1.jar:/home/alex/.m2/repository/com/github/stephenc/jcip/jcip-annotations/1.0-1/jcip-annotations-1.0-1.jar:/home/alex/.m2/repository/com/jcraft/jsch/0.1.54/jsch-0.1.54.jar:/home/alex/.m2/repository/org/apache/htrace/htrace-core4/4.1.0-incubating/htrace-core4-4.1.0-incubating.jar:/home/alex/.m2/repository/org/apache/kerby/kerb-simplekdc/1.0.1/kerb-simplekdc-1.0.1.jar:/home/alex/.m2/repository/org/apache/kerby/kerb-client/1.0.1/kerb-client-1.0.1.jar:/home/alex/.m2/repository/org/apache/kerby/kerby-config/1.0.1/kerby-config-1.0.1.jar:/home/alex/.m2/repository/org/apache/kerby/kerb-core/1.0.1/kerb-core-1.0.1.jar:/home/alex/.m2/repository/org/apache/kerby/kerby-pkix/1.0.1/kerby-pkix-1.0.1.jar:/home/alex/.m2/repository/org/apache/kerby/kerby-asn1/1.0.1/kerby-asn1-1.0.1.jar:/home/alex/.m2/repository/org/apache/kerby/kerby-util/1.0.1/kerby-util-1.0.1.jar:/home/alex/.m2/repository/org/apache/kerby/kerb-common/1.0.1/kerb-common-1.0.1.jar:/home/alex/.m2/repository/org/apache/kerby/kerb-crypto/1.0.1/kerb-crypto-1.0.1.jar:/home/alex/.m2/repository/org/apache/kerby/kerb-util/1.0.1/kerb-util-1.0.1.jar:/home/alex/.m2/repository/org/apache/kerby/token-provider/1.0.1/token-provider-1.0.1.jar:/home/alex/.m2/repository/org/apache/kerby/kerb-admin/1.0.1/kerb-admin-1.0.1.jar:/home/alex/.m2/repository/org/apache/kerby/kerb-server/1.0.1/kerb-server-1.0.1.jar:/home/alex/.m2/repository/org/apache/kerby/kerb-identity/1.0.1/kerb-identity-1.0.1.jar:/home/alex/.m2/repository/org/apache/kerby/kerby-xdr/1.0.1/kerby-xdr-1.0.1.jar:/home/alex/.m2/repository/org/codehaus/woodstox/stax2-api/3.1.4/stax2-api-3.1.4.jar:/home/alex/.m2/repository/com/fasterxml/woodstox/woodstox-core/5.0.3/woodstox-core-5.0.3.jar:/home/alex/.m2/repository/org/apache/hadoop/hadoop-archives/3.1.0/hadoop-archives-3.1.0.jar:/home/alex/.m2/repository/org/apache/hadoop/hadoop-yarn-registry/3.1.0/hadoop-yarn-registry-3.1.0.jar:/home/alex/.m2/repository/org/apache/curator/curator-client/4.2.0/curator-client-4.2.0.jar:/home/alex/.m2/repository/org/apache/curator/curator-recipes/4.2.0/curator-recipes-4.2.0.jar:/home/alex/.m2/repository/commons-daemon/commons-daemon/1.0.13/commons-daemon-1.0.13.jar:/home/alex/.m2/repository/dnsjava/dnsjava/2.1.7/dnsjava-2.1.7.jar:/home/alex/.m2/repository/org/apache/hadoop/hadoop-mapreduce-client-core/3.1.0/hadoop-mapreduce-client-core-3.1.0.jar:/home/alex/.m2/repository/org/apache/hadoop/hadoop-hdfs-client/3.1.0/hadoop-hdfs-client-3.1.0.jar:/home/alex/.m2/repository/com/squareup/okhttp/okhttp/2.7.5/okhttp-2.7.5.jar:/home/alex/.m2/repository/com/squareup/okio/okio/1.6.0/okio-1.6.0.jar:/home/alex/.m2/repository/com/google/inject/extensions/guice-servlet/4.0/guice-servlet-4.0.jar:/home/alex/.m2/repository/org/apache/hadoop/hadoop-mapreduce-client-common/3.1.0/hadoop-mapreduce-client-common-3.1.0.jar:/home/alex/.m2/repository/org/apache/hadoop/hadoop-hdfs/3.1.0/hadoop-hdfs-3.1.0.jar:/home/alex/.m2/repository/org/eclipse/jetty/jetty-util-ajax/9.3.19.v20170502/jetty-util-ajax-9.3.19.v20170502.jar:/home/alex/.m2/repository/org/fusesource/leveldbjni/leveldbjni-all/1.8/leveldbjni-all-1.8.jar:/home/alex/.m2/repository/org/apache/hadoop/hadoop-yarn-api/3.1.0/hadoop-yarn-api-3.1.0.jar:/home/alex/.m2/repository/javax/xml/bind/jaxb-api/2.2.11/jaxb-api-2.2.11.jar:/home/alex/.m2/repository/org/apache/hadoop/hadoop-yarn-common/3.1.0/hadoop-yarn-common-3.1.0.jar:/home/alex/.m2/repository/com/google/inject/guice/4.0/guice-4.0.jar:/home/alex/.m2/repository/aopalliance/aopalliance/1.0/aopalliance-1.0.jar:/home/alex/.m2/repository/com/sun/jersey/contribs/jersey-guice/1.19/jersey-guice-1.19.jar:/home/alex/.m2/repository/com/fasterxml/jackson/module/jackson-module-jaxb-annotations/2.12.0/jackson-module-jaxb-annotations-2.12.0.jar:/home/alex/.m2/repository/jakarta/xml/bind/jakarta.xml.bind-api/2.3.2/jakarta.xml.bind-api-2.3.2.jar:/home/alex/.m2/repository/jakarta/activation/jakarta.activation-api/1.2.1/jakarta.activation-api-1.2.1.jar:/home/alex/.m2/repository/org/apache/hadoop/hadoop-yarn-client/3.1.0/hadoop-yarn-client-3.1.0.jar:/home/alex/.m2/repository/org/apache/orc/orc-tools/1.6.9/orc-tools-1.6.9.jar:/home/alex/.m2/repository/com/opencsv/opencsv/3.9/opencsv-3.9.jar:/home/alex/.m2/repository/org/codehaus/jettison/jettison/1.1/jettison-1.1.jar:/home/alex/.m2/repository/org/threeten/threetenbp/1.3.5/threetenbp-1.3.5.jar:/home/alex/.m2/repository/org/apache/ivy/ivy/2.4.0/ivy-2.4.0.jar:/home/alex/.m2/repository/org/apache/thrift/libthrift/0.14.1/libthrift-0.14.1.jar:/home/alex/.m2/repository/org/apache/httpcomponents/httpcore/4.4.13/httpcore-4.4.13.jar:/home/alex/.m2/repository/org/apache/tomcat/embed/tomcat-embed-core/8.5.46/tomcat-embed-core-8.5.46.jar:/home/alex/.m2/repository/org/apache/tomcat/tomcat-annotations-api/8.5.46/tomcat-annotations-api-8.5.46.jar:/home/alex/.m2/repository/javax/annotation/javax.annotation-api/1.3.2/javax.annotation-api-1.3.2.jar:/home/alex/.m2/repository/org/apache/zookeeper/zookeeper/3.5.5/zookeeper-3.5.5.jar:/home/alex/.m2/repository/org/apache/zookeeper/zookeeper-jute/3.5.5/zookeeper-jute-3.5.5.jar:/home/alex/.m2/repository/org/apache/curator/curator-framework/4.2.0/curator-framework-4.2.0.jar:/home/alex/.m2/repository/org/apache/curator/curator-test/4.2.0/curator-test-4.2.0.jar:/home/alex/.m2/repository/org/apache/datasketches/datasketches-hive/1.1.0-incubating/datasketches-hive-1.1.0-incubating.jar:/home/alex/.m2/repository/org/apache/datasketches/datasketches-java/1.3.0-incubating/datasketches-java-1.3.0-incubating.jar:/home/alex/.m2/repository/org/apache/datasketches/datasketches-memory/1.2.0-incubating/datasketches-memory-1.2.0-incubating.jar:/home/alex/.m2/repository/org/slf4j/slf4j-simple/1.7.27/slf4j-simple-1.7.27.jar:/home/alex/.m2/repository/com/lmax/disruptor/3.3.7/disruptor-3.3.7.jar:/home/alex/.m2/repository/org/codehaus/groovy/groovy-all/2.4.11/groovy-all-2.4.11.jar:/home/alex/.m2/repository/org/jodd/jodd-util/6.0.0/jodd-util-6.0.0.jar:/home/alex/.m2/repository/com/fasterxml/jackson/core/jackson-annotations/2.12.0/jackson-annotations-2.12.0.jar:/home/alex/.m2/repository/com/fasterxml/jackson/core/jackson-core/2.12.0/jackson-core-2.12.0.jar:/home/alex/.m2/repository/com/fasterxml/jackson/core/jackson-databind/2.12.0/jackson-databind-2.12.0.jar:/home/alex/.m2/repository/com/fasterxml/jackson/dataformat/jackson-dataformat-yaml/2.12.0/jackson-dataformat-yaml-2.12.0.jar:/home/alex/.m2/repository/org/yaml/snakeyaml/1.27/snakeyaml-1.27.jar:/home/alex/.m2/repository/org/datanucleus/datanucleus-core/5.2.4/datanucleus-core-5.2.4.jar:/home/alex/.m2/repository/org/apache/calcite/calcite-core/1.25.0/calcite-core-1.25.0.jar:/home/alex/.m2/repository/org/apache/calcite/calcite-linq4j/1.25.0/calcite-linq4j-1.25.0.jar:/home/alex/.m2/repository/org/apiguardian/apiguardian-api/1.1.0/apiguardian-api-1.1.0.jar:/home/alex/.m2/repository/com/esri/geometry/esri-geometry-api/2.2.0/esri-geometry-api-2.2.0.jar:/home/alex/.m2/repository/com/yahoo/datasketches/sketches-core/0.9.0/sketches-core-0.9.0.jar:/home/alex/.m2/repository/com/yahoo/datasketches/memory/0.9.0/memory-0.9.0.jar:/home/alex/.m2/repository/org/apache/commons/commons-dbcp2/2.7.0/commons-dbcp2-2.7.0.jar:/home/alex/.m2/repository/org/apache/commons/commons-pool2/2.7.0/commons-pool2-2.7.0.jar:/home/alex/.m2/repository/org/apache/calcite/calcite-druid/1.25.0/calcite-druid-1.25.0.jar:/home/alex/.m2/repository/org/apache/calcite/avatica/avatica/1.12.0/avatica-1.12.0.jar:/home/alex/.m2/repository/com/google/guava/guava/19.0/guava-19.0.jar:/home/alex/.m2/repository/com/googlecode/javaewah/JavaEWAH/0.3.2/JavaEWAH-0.3.2.jar:/home/alex/.m2/repository/com/google/code/gson/gson/2.2.4/gson-2.2.4.jar:/home/alex/.m2/repository/com/tdunning/json/1.8/json-1.8.jar:/home/alex/.m2/repository/stax/stax-api/1.0.1/stax-api-1.0.1.jar:/home/alex/.m2/repository/net/sf/opencsv/opencsv/2.3/opencsv-2.3.jar:/home/alex/Repositories/hive/standalone-metastore/metastore-server/target/classes:/home/alex/.m2/repository/com/zaxxer/HikariCP/2.6.1/HikariCP-2.6.1.jar:/home/alex/.m2/repository/commons-beanutils/commons-beanutils/1.9.4/commons-beanutils-1.9.4.jar:/home/alex/.m2/repository/org/datanucleus/datanucleus-api-jdo/5.2.4/datanucleus-api-jdo-5.2.4.jar:/home/alex/.m2/repository/org/datanucleus/datanucleus-rdbms/5.2.4/datanucleus-rdbms-5.2.4.jar:/home/alex/.m2/repository/org/datanucleus/javax.jdo/3.2.0-release/javax.jdo-3.2.0-release.jar:/home/alex/.m2/repository/javax/transaction/javax.transaction-api/1.3/javax.transaction-api-1.3.jar:/home/alex/.m2/repository/org/glassfish/corba/glassfish-corba-omgapi/4.2.2/glassfish-corba-omgapi-4.2.2.jar:/home/alex/.m2/repository/sqlline/sqlline/1.9.0/sqlline-1.9.0.jar:/home/alex/.m2/repository/org/jline/jline-terminal/3.12.1/jline-terminal-3.12.1.jar:/home/alex/.m2/repository/org/jline/jline-reader/3.12.1/jline-reader-3.12.1.jar:/home/alex/.m2/repository/org/jline/jline-terminal-jansi/3.12.1/jline-terminal-jansi-3.12.1.jar:/home/alex/.m2/repository/org/fusesource/jansi/jansi/1.18/jansi-1.18.jar:/home/alex/.m2/repository/org/jline/jline-terminal-jna/3.12.1/jline-terminal-jna-3.12.1.jar:/home/alex/.m2/repository/net/java/dev/jna/jna/5.3.1/jna-5.3.1.jar:/home/alex/.m2/repository/org/jline/jline-builtins/3.12.1/jline-builtins-3.12.1.jar:/home/alex/.m2/repository/org/jline/jline-style/3.12.1/jline-style-3.12.1.jar:/home/alex/.m2/repository/com/cronutils/cron-utils/9.1.3/cron-utils-9.1.3.jar:/home/alex/.m2/repository/org/glassfish/javax.el/3.0.0/javax.el-3.0.0.jar:/home/alex/.m2/repository/com/oracle/database/jdbc/ojdbc8/21.3.0.0/ojdbc8-21.3.0.0.jar:/home/alex/.m2/repository/mysql/mysql-connector-java/8.0.27/mysql-connector-java-8.0.27.jar:/home/alex/.m2/repository/com/microsoft/sqlserver/mssql-jdbc/6.2.1.jre8/mssql-jdbc-6.2.1.jre8.jar:/home/alex/.m2/repository/org/postgresql/postgresql/42.2.14/postgresql-42.2.14.jar:/home/alex/Repositories/hive/common/target/test-classes:/home/alex/Repositories/hive/standalone-metastore/metastore-common/target/test-classes:/home/alex/.m2/repository/com/github/ben-manes/caffeine/caffeine/2.8.4/caffeine-2.8.4.jar:/home/alex/.m2/repository/org/checkerframework/checker-qual/3.4.0/checker-qual-3.4.0.jar:/home/alex/Repositories/hive/standalone-metastore/metastore-server/target/test-classes:/home/alex/.m2/repository/org/apache/parquet/parquet-column/1.11.1/parquet-column-1.11.1-tests.jar:/home/alex/.m2/repository/org/apache/parquet/parquet-common/1.11.1/parquet-common-1.11.1.jar:/home/alex/.m2/repository/org/apache/parquet/parquet-format-structures/1.11.1/parquet-format-structures-1.11.1.jar:/home/alex/.m2/repository/org/apache/parquet/parquet-encoding/1.11.1/parquet-encoding-1.11.1.jar:/home/alex/.m2/repository/junit/junit/4.13/junit-4.13.jar:/home/alex/.m2/repository/org/hamcrest/hamcrest-core/1.3/hamcrest-core-1.3.jar:/home/alex/.m2/repository/org/junit/jupiter/junit-jupiter-engine/5.6.2/junit-jupiter-engine-5.6.2.jar:/home/alex/.m2/repository/org/junit/platform/junit-platform-engine/1.6.2/junit-platform-engine-1.6.2.jar:/home/alex/.m2/repository/org/opentest4j/opentest4j/1.2.0/opentest4j-1.2.0.jar:/home/alex/.m2/repository/org/junit/platform/junit-platform-commons/1.6.2/junit-platform-commons-1.6.2.jar:/home/alex/.m2/repository/org/junit/jupiter/junit-jupiter-api/5.6.2/junit-jupiter-api-5.6.2.jar:/home/alex/.m2/repository/org/junit/jupiter/junit-jupiter-params/5.6.2/junit-jupiter-params-5.6.2.jar:/home/alex/.m2/repository/org/junit/vintage/junit-vintage-engine/5.6.2/junit-vintage-engine-5.6.2.jar:/home/alex/.m2/repository/org/apache/tez/tez-api/0.10.1/tez-api-0.10.1.jar:/usr/lib/jvm/java-8-openjdk-amd64/jre/../lib/tools.jar:/home/alex/.m2/repository/org/apache/tez/tez-runtime-library/0.10.1/tez-runtime-library-0.10.1.jar:/home/alex/.m2/repository/org/roaringbitmap/RoaringBitmap/0.5.21/RoaringBitmap-0.5.21.jar:/home/alex/.m2/repository/org/asynchttpclient/async-http-client/2.12.1/async-http-client-2.12.1.jar:/home/alex/.m2/repository/org/asynchttpclient/async-http-client-netty-utils/2.12.1/async-http-client-netty-utils-2.12.1.jar:/home/alex/.m2/repository/io/netty/netty-buffer/4.1.48.Final/netty-buffer-4.1.48.Final.jar:/home/alex/.m2/repository/io/netty/netty-codec-http/4.1.48.Final/netty-codec-http-4.1.48.Final.jar:/home/alex/.m2/repository/io/netty/netty-common/4.1.48.Final/netty-common-4.1.48.Final.jar:/home/alex/.m2/repository/io/netty/netty-transport/4.1.48.Final/netty-transport-4.1.48.Final.jar:/home/alex/.m2/repository/io/netty/netty-codec/4.1.48.Final/netty-codec-4.1.48.Final.jar:/home/alex/.m2/repository/io/netty/netty-handler/4.1.48.Final/netty-handler-4.1.48.Final.jar:/home/alex/.m2/repository/io/netty/netty-resolver/4.1.48.Final/netty-resolver-4.1.48.Final.jar:/home/alex/.m2/repository/io/netty/netty-codec-socks/4.1.48.Final/netty-codec-socks-4.1.48.Final.jar:/home/alex/.m2/repository/io/netty/netty-handler-proxy/4.1.48.Final/netty-handler-proxy-4.1.48.Final.jar:/home/alex/.m2/repository/io/netty/netty-transport-native-epoll/4.1.48.Final/netty-transport-native-epoll-4.1.48.Final-linux-x86_64.jar:/home/alex/.m2/repository/io/netty/netty-transport-native-unix-common/4.1.48.Final/netty-transport-native-unix-common-4.1.48.Final.jar:/home/alex/.m2/repository/io/netty/netty-transport-native-kqueue/4.1.48.Final/netty-transport-native-kqueue-4.1.48.Final-osx-x86_64.jar:/home/alex/.m2/repository/org/reactivestreams/reactive-streams/1.0.3/reactive-streams-1.0.3.jar:/home/alex/.m2/repository/com/typesafe/netty/netty-reactive-streams/2.0.4/netty-reactive-streams-2.0.4.jar:/home/alex/.m2/repository/com/sun/activation/javax.activation/1.2.0/javax.activation-1.2.0.jar:/home/alex/.m2/repository/org/apache/tez/tez-common/0.10.1/tez-common-0.10.1.jar:/home/alex/.m2/repository/org/apache/tez/tez-runtime-internals/0.10.1/tez-runtime-internals-0.10.1.jar:/home/alex/.m2/repository/org/apache/tez/hadoop-shim/0.10.1/hadoop-shim-0.10.1.jar:/home/alex/.m2/repository/org/apache/tez/tez-mapreduce/0.10.1/tez-mapreduce-0.10.1.jar:/home/alex/.m2/repository/org/apache/tez/tez-dag/0.10.1/tez-dag-0.10.1.jar:/home/alex/.m2/repository/org/apache/hadoop/hadoop-yarn-server-web-proxy/3.1.0/hadoop-yarn-server-web-proxy-3.1.0.jar:/home/alex/.m2/repository/org/apache/hadoop/hadoop-yarn-server-common/3.1.0/hadoop-yarn-server-common-3.1.0.jar:/home/alex/.m2/repository/org/apache/geronimo/specs/geronimo-jcache_1.0_spec/1.0-alpha-1/geronimo-jcache_1.0_spec-1.0-alpha-1.jar:/home/alex/.m2/repository/org/ehcache/ehcache/3.3.1/ehcache-3.3.1.jar:/home/alex/.m2/repository/com/zaxxer/HikariCP-java7/2.4.12/HikariCP-java7-2.4.12.jar:/home/alex/.m2/repository/org/apache/spark/spark-core_2.12/2.4.5/spark-core_2.12-2.4.5.jar:/home/alex/.m2/repository/com/twitter/chill_2.12/0.9.3/chill_2.12-0.9.3.jar:/home/alex/.m2/repository/com/twitter/chill-java/0.9.3/chill-java-0.9.3.jar:/home/alex/.m2/repository/org/apache/xbean/xbean-asm6-shaded/4.8/xbean-asm6-shaded-4.8.jar:/home/alex/.m2/repository/org/apache/hadoop/hadoop-client/3.1.0/hadoop-client-3.1.0.jar:/home/alex/.m2/repository/org/apache/hadoop/hadoop-mapreduce-client-jobclient/3.1.0/hadoop-mapreduce-client-jobclient-3.1.0.jar:/home/alex/.m2/repository/org/apache/spark/spark-launcher_2.12/2.4.5/spark-launcher_2.12-2.4.5.jar:/home/alex/.m2/repository/org/apache/spark/spark-kvstore_2.12/2.4.5/spark-kvstore_2.12-2.4.5.jar:/home/alex/.m2/repository/org/apache/spark/spark-network-common_2.12/2.4.5/spark-network-common_2.12-2.4.5.jar:/home/alex/.m2/repository/org/apache/spark/spark-network-shuffle_2.12/2.4.5/spark-network-shuffle_2.12-2.4.5.jar:/home/alex/.m2/repository/org/apache/spark/spark-unsafe_2.12/2.4.5/spark-unsafe_2.12-2.4.5.jar:/home/alex/.m2/repository/javax/activation/activation/1.1.1/activation-1.1.1.jar:/home/alex/.m2/repository/org/slf4j/jul-to-slf4j/1.7.16/jul-to-slf4j-1.7.16.jar:/home/alex/.m2/repository/org/slf4j/jcl-over-slf4j/1.7.16/jcl-over-slf4j-1.7.16.jar:/home/alex/.m2/repository/com/ning/compress-lzf/1.0.3/compress-lzf-1.0.3.jar:/home/alex/.m2/repository/org/lz4/lz4-java/1.4.0/lz4-java-1.4.0.jar:/home/alex/.m2/repository/com/github/luben/zstd-jni/1.3.2-2/zstd-jni-1.3.2-2.jar:/home/alex/.m2/repository/org/scala-lang/scala-library/2.12.10/scala-library-2.12.10.jar:/home/alex/.m2/repository/org/json4s/json4s-jackson_2.12/3.5.3/json4s-jackson_2.12-3.5.3.jar:/home/alex/.m2/repository/org/json4s/json4s-core_2.12/3.5.3/json4s-core_2.12-3.5.3.jar:/home/alex/.m2/repository/org/json4s/json4s-ast_2.12/3.5.3/json4s-ast_2.12-3.5.3.jar:/home/alex/.m2/repository/org/json4s/json4s-scalap_2.12/3.5.3/json4s-scalap_2.12-3.5.3.jar:/home/alex/.m2/repository/org/scala-lang/modules/scala-xml_2.12/1.0.6/scala-xml_2.12-1.0.6.jar:/home/alex/.m2/repository/com/clearspring/analytics/stream/2.7.0/stream-2.7.0.jar:/home/alex/.m2/repository/io/dropwizard/metrics/metrics-graphite/3.1.5/metrics-graphite-3.1.5.jar:/home/alex/.m2/repository/oro/oro/2.0.8/oro-2.0.8.jar:/home/alex/.m2/repository/net/razorvine/pyrolite/4.13/pyrolite-4.13.jar:/home/alex/.m2/repository/net/sf/py4j/py4j/0.10.7/py4j-0.10.7.jar:/home/alex/.m2/repository/org/apache/spark/spark-tags_2.12/2.4.5/spark-tags_2.12-2.4.5.jar:/home/alex/.m2/repository/org/spark-project/spark/unused/1.0.0/unused-1.0.0.jar:/home/alex/.m2/repository/com/sun/jersey/jersey-servlet/1.19/jersey-servlet-1.19.jar:/home/alex/.m2/repository/org/glassfish/jersey/core/jersey-server/2.22.2/jersey-server-2.22.2.jar:/home/alex/.m2/repository/org/glassfish/jersey/core/jersey-common/2.22.2/jersey-common-2.22.2.jar:/home/alex/.m2/repository/org/glassfish/jersey/bundles/repackaged/jersey-guava/2.22.2/jersey-guava-2.22.2.jar:/home/alex/.m2/repository/org/glassfish/hk2/osgi-resource-locator/1.0.1/osgi-resource-locator-1.0.1.jar:/home/alex/.m2/repository/org/glassfish/jersey/core/jersey-client/2.22.2/jersey-client-2.22.2.jar:/home/alex/.m2/repository/javax/ws/rs/javax.ws.rs-api/2.0.1/javax.ws.rs-api-2.0.1.jar:/home/alex/.m2/repository/org/glassfish/jersey/media/jersey-media-jaxb/2.22.2/jersey-media-jaxb-2.22.2.jar:/home/alex/.m2/repository/org/glassfish/hk2/hk2-api/2.4.0-b34/hk2-api-2.4.0-b34.jar:/home/alex/.m2/repository/org/glassfish/hk2/hk2-utils/2.4.0-b34/hk2-utils-2.4.0-b34.jar:/home/alex/.m2/repository/org/glassfish/hk2/external/aopalliance-repackaged/2.4.0-b34/aopalliance-repackaged-2.4.0-b34.jar:/home/alex/.m2/repository/org/glassfish/hk2/external/javax.inject/2.4.0-b34/javax.inject-2.4.0-b34.jar:/home/alex/.m2/repository/org/glassfish/hk2/hk2-locator/2.4.0-b34/hk2-locator-2.4.0-b34.jar:/home/alex/.m2/repository/javax/validation/validation-api/1.1.0.Final/validation-api-1.1.0.Final.jar:/home/alex/.m2/repository/org/glassfish/jersey/containers/jersey-container-servlet-core/2.22.2/jersey-container-servlet-core-2.22.2.jar:/home/alex/.m2/repository/org/hamcrest/hamcrest-all/1.3/hamcrest-all-1.3.jar:/home/alex/.m2/repository/org/powermock/powermock-module-junit4/2.0.2/powermock-module-junit4-2.0.2.jar:/home/alex/.m2/repository/org/powermock/powermock-module-junit4-common/2.0.2/powermock-module-junit4-common-2.0.2.jar:/home/alex/.m2/repository/org/powermock/powermock-reflect/2.0.2/powermock-reflect-2.0.2.jar:/home/alex/.m2/repository/org/powermock/powermock-core/2.0.2/powermock-core-2.0.2.jar:/home/alex/.m2/repository/org/powermock/powermock-api-mockito2/2.0.2/powermock-api-mockito2-2.0.2.jar:/home/alex/.m2/repository/org/powermock/powermock-api-support/2.0.2/powermock-api-support-2.0.2.jar:/home/alex/.m2/repository/com/google/guava/guava-testlib/19.0/guava-testlib-19.0.jar:/home/alex/.m2/repository/com/google/errorprone/error_prone_annotations/2.0.2/error_prone_annotations-2.0.2.jar:/home/alex/.m2/repository/com/google/re2j/re2j/1.2/re2j-1.2.jar:/home/alex/.m2/repository/org/reflections/reflections/0.9.10/reflections-0.9.10.jar:/home/alex/.m2/repository/org/javassist/javassist/3.19.0-GA/javassist-3.19.0-GA.jar:/home/alex/.m2/repository/com/jayway/jsonpath/json-path/2.4.0/json-path-2.4.0.jar:/home/alex/.m2/repository/net/minidev/json-smart/2.3/json-smart-2.3.jar:/home/alex/.m2/repository/net/minidev/accessors-smart/1.2/accessors-smart-1.2.jar:/home/alex/.m2/repository/org/ow2/asm/asm/5.0.4/asm-5.0.4.jar:/home/alex/.m2/repository/org/codehaus/janino/commons-compiler/3.0.11/commons-compiler-3.0.11.jar:/home/alex/.m2/repository/org/codehaus/janino/janino/3.0.11/janino-3.0.11.jar:/home/alex/.m2/repository/com/sun/jersey/contribs/jersey-multipart/1.19/jersey-multipart-1.19.jar:/home/alex/.m2/repository/org/jvnet/mimepull/mimepull/1.9.3/mimepull-1.9.3.jar:/home/alex/.m2/repository/org/apache/kafka/kafka-clients/2.5.0/kafka-clients-2.5.0.jar:/home/alex/.m2/repository/org/slf4j/slf4j-api/1.7.30/slf4j-api-1.7.30.jar:/home/alex/.m2/repository/org/mockito/mockito-core/3.4.4/mockito-core-3.4.4.jar:/home/alex/.m2/repository/net/bytebuddy/byte-buddy/1.10.13/byte-buddy-1.10.13.jar:/home/alex/.m2/repository/net/bytebuddy/byte-buddy-agent/1.10.13/byte-buddy-agent-1.10.13.jar:/home/alex/Repositories/hive/ql/target/testconf:/home/alex/Repositories/hive/ql/../conf:"/>
    <property name="java.vm.vendor" value="Private Build"/>
    <property name="hadoop.version" value="3.1.0"/>
    <property name="hive.strict.managed.tables" value="true"/>
    <property name="user.timezone" value="US/Pacific"/>
    <property name="test.local.warehouse.dir" value="pfile:///home/alex/Repositories/hive/ql/target/localfs/warehouse"/>
    <property name="os.name" value="Linux"/>
    <property name="java.vm.specification.version" value="1.8"/>
    <property name="test.build.data" value="/home/alex/Repositories/hive/ql/target/tmp"/>
    <property name="clustermode" value=""/>
    <property name="user.country" value="US"/>
    <property name="sun.java.launcher" value="SUN_STANDARD"/>
    <property name="test.data.files" value="/home/alex/Repositories/hive/ql/../data/files"/>
    <property name="nondexLogging" value="CONFIG"/>
    <property name="surefire.test.class.path" value="/home/alex/Repositories/hive/ql/target/test-classes:/home/alex/Repositories/hive/ql/target/classes:/home/alex/.m2/repository/org/apache/atlas/atlas-client-v2/2.1.0/atlas-client-v2-2.1.0.jar:/home/alex/.m2/repository/cglib/cglib/2.2.2/cglib-2.2.2.jar:/home/alex/.m2/repository/asm/asm/3.3.1/asm-3.3.1.jar:/home/alex/.m2/repository/org/apache/atlas/atlas-client-common/2.1.0/atlas-client-common-2.1.0.jar:/home/alex/.m2/repository/org/apache/httpcomponents/httpclient/4.5.13/httpclient-4.5.13.jar:/home/alex/.m2/repository/com/sun/jersey/jersey-client/1.19/jersey-client-1.19.jar:/home/alex/.m2/repository/org/apache/atlas/atlas-intg/2.1.0/atlas-intg-2.1.0.jar:/home/alex/.m2/repository/commons-collections/commons-collections/3.2.2/commons-collections-3.2.2.jar:/home/alex/.m2/repository/commons-validator/commons-validator/1.6/commons-validator-1.6.jar:/home/alex/.m2/repository/commons-digester/commons-digester/1.8.1/commons-digester-1.8.1.jar:/home/alex/.m2/repository/com/fasterxml/jackson/jaxrs/jackson-jaxrs-base/2.12.0/jackson-jaxrs-base-2.12.0.jar:/home/alex/.m2/repository/com/fasterxml/jackson/jaxrs/jackson-jaxrs-json-provider/2.12.0/jackson-jaxrs-json-provider-2.12.0.jar:/home/alex/.m2/repository/javax/inject/javax.inject/1/javax.inject-1.jar:/home/alex/.m2/repository/org/springframework/spring-context/4.3.20.RELEASE/spring-context-4.3.20.RELEASE.jar:/home/alex/.m2/repository/org/springframework/spring-aop/4.3.20.RELEASE/spring-aop-4.3.20.RELEASE.jar:/home/alex/.m2/repository/org/springframework/spring-beans/4.3.20.RELEASE/spring-beans-4.3.20.RELEASE.jar:/home/alex/.m2/repository/org/springframework/spring-core/4.3.20.RELEASE/spring-core-4.3.20.RELEASE.jar:/home/alex/.m2/repository/org/springframework/spring-expression/4.3.20.RELEASE/spring-expression-4.3.20.RELEASE.jar:/home/alex/.m2/repository/commons-configuration/commons-configuration/1.10/commons-configuration-1.10.jar:/home/alex/.m2/repository/commons-lang/commons-lang/2.6/commons-lang-2.6.jar:/home/alex/.m2/repository/commons-logging/commons-logging/1.1.1/commons-logging-1.1.1.jar:/home/alex/.m2/repository/org/apache/commons/commons-math3/3.6.1/commons-math3-3.6.1.jar:/home/alex/Repositories/hive/vector-code-gen/target/classes:/home/alex/.m2/repository/org/apache/velocity/velocity/1.5/velocity-1.5.jar:/home/alex/Repositories/hive/common/target/classes:/home/alex/Repositories/hive/classification/target/classes:/home/alex/Repositories/hive/standalone-metastore/metastore-common/target/classes:/home/alex/.m2/repository/commons-cli/commons-cli/1.4/commons-cli-1.4.jar:/home/alex/.m2/repository/org/apache/orc/orc-core/1.6.9/orc-core-1.6.9.jar:/home/alex/.m2/repository/org/apache/orc/orc-shims/1.6.9/orc-shims-1.6.9.jar:/home/alex/.m2/repository/io/airlift/aircompressor/0.19/aircompressor-0.19.jar:/home/alex/.m2/repository/org/jetbrains/annotations/17.0.0/annotations-17.0.0.jar:/home/alex/.m2/repository/org/threeten/threeten-extra/1.5.0/threeten-extra-1.5.0.jar:/home/alex/.m2/repository/jline/jline/2.14.6/jline-2.14.6.jar:/home/alex/.m2/repository/javax/servlet/javax.servlet-api/3.1.0/javax.servlet-api-3.1.0.jar:/home/alex/.m2/repository/org/eclipse/jetty/jetty-http/9.3.27.v20190418/jetty-http-9.3.27.v20190418.jar:/home/alex/.m2/repository/org/eclipse/jetty/jetty-rewrite/9.3.27.v20190418/jetty-rewrite-9.3.27.v20190418.jar:/home/alex/.m2/repository/org/eclipse/jetty/jetty-client/9.3.27.v20190418/jetty-client-9.3.27.v20190418.jar:/home/alex/.m2/repository/org/eclipse/jetty/jetty-server/9.3.27.v20190418/jetty-server-9.3.27.v20190418.jar:/home/alex/.m2/repository/org/eclipse/jetty/jetty-io/9.3.27.v20190418/jetty-io-9.3.27.v20190418.jar:/home/alex/.m2/repository/org/eclipse/jetty/jetty-servlet/9.3.27.v20190418/jetty-servlet-9.3.27.v20190418.jar:/home/alex/.m2/repository/org/eclipse/jetty/jetty-security/9.3.27.v20190418/jetty-security-9.3.27.v20190418.jar:/home/alex/.m2/repository/org/eclipse/jetty/jetty-webapp/9.3.27.v20190418/jetty-webapp-9.3.27.v20190418.jar:/home/alex/.m2/repository/org/eclipse/jetty/jetty-xml/9.3.27.v20190418/jetty-xml-9.3.27.v20190418.jar:/home/alex/.m2/repository/joda-time/joda-time/2.9.9/joda-time-2.9.9.jar:/home/alex/.m2/repository/org/apache/logging/log4j/log4j-web/2.13.2/log4j-web-2.13.2.jar:/home/alex/.m2/repository/net/sf/jpam/jpam/1.1/jpam-1.1.jar:/home/alex/.m2/repository/io/dropwizard/metrics/metrics-core/3.1.0/metrics-core-3.1.0.jar:/home/alex/.m2/repository/io/dropwizard/metrics/metrics-jvm/3.1.0/metrics-jvm-3.1.0.jar:/home/alex/.m2/repository/io/dropwizard/metrics/metrics-json/3.1.0/metrics-json-3.1.0.jar:/home/alex/.m2/repository/com/github/joshelser/dropwizard-metrics-hadoop-metrics2-reporter/0.1.2/dropwizard-metrics-hadoop-metrics2-reporter-0.1.2.jar:/home/alex/Repositories/hive/metastore/target/classes:/home/alex/.m2/repository/org/apache/derby/derby/10.14.1.0/derby-10.14.1.0.jar:/home/alex/Repositories/hive/serde/target/classes:/home/alex/.m2/repository/com/google/code/findbugs/jsr305/3.0.0/jsr305-3.0.0.jar:/home/alex/.m2/repository/org/apache/arrow/arrow-vector/0.15.1/arrow-vector-0.15.1.jar:/home/alex/.m2/repository/org/apache/arrow/arrow-format/0.15.1/arrow-format-0.15.1.jar:/home/alex/.m2/repository/org/apache/arrow/arrow-memory/0.15.1/arrow-memory-0.15.1.jar:/home/alex/.m2/repository/com/google/flatbuffers/flatbuffers-java/1.9.0/flatbuffers-java-1.9.0.jar:/home/alex/.m2/repository/com/carrotsearch/hppc/0.7.2/hppc-0.7.2.jar:/home/alex/.m2/repository/com/github/davidmoten/flatbuffers-java/1.6.0.1/flatbuffers-java-1.6.0.1.jar:/home/alex/Repositories/hive/parser/target/classes:/home/alex/Repositories/hive/udf/target/classes:/home/alex/Repositories/hive/service-rpc/target/classes:/home/alex/Repositories/hive/llap-client/target/classes:/home/alex/Repositories/hive/llap-common/target/classes:/home/alex/.m2/repository/io/jsonwebtoken/jjwt-api/0.10.5/jjwt-api-0.10.5.jar:/home/alex/.m2/repository/io/jsonwebtoken/jjwt-impl/0.10.5/jjwt-impl-0.10.5.jar:/home/alex/.m2/repository/io/jsonwebtoken/jjwt-jackson/0.10.5/jjwt-jackson-0.10.5.jar:/home/alex/Repositories/hive/llap-tez/target/classes:/home/alex/Repositories/hive/shims/aggregator/target/classes:/home/alex/Repositories/hive/shims/common/target/classes:/home/alex/Repositories/hive/shims/0.23/target/classes:/home/alex/.m2/repository/org/apache/hadoop/hadoop-yarn-server-resourcemanager/3.1.0/hadoop-yarn-server-resourcemanager-3.1.0.jar:/home/alex/.m2/repository/org/apache/hadoop/hadoop-yarn-server-applicationhistoryservice/3.1.0/hadoop-yarn-server-applicationhistoryservice-3.1.0.jar:/home/alex/.m2/repository/de/ruedigermoeller/fst/2.50/fst-2.50.jar:/home/alex/.m2/repository/com/cedarsoftware/java-util/1.9.0/java-util-1.9.0.jar:/home/alex/.m2/repository/com/cedarsoftware/json-io/2.5.1/json-io-2.5.1.jar:/home/alex/Repositories/hive/shims/scheduler/target/classes:/home/alex/Repositories/hive/spark-client/target/classes:/home/alex/.m2/repository/io/netty/netty-all/4.1.65.Final/netty-all-4.1.65.Final.jar:/home/alex/.m2/repository/com/fasterxml/jackson/module/jackson-module-scala_2.12/2.12.0/jackson-module-scala_2.12-2.12.0.jar:/home/alex/.m2/repository/org/apache/spark/spark-yarn_2.12/2.4.5/spark-yarn_2.12-2.4.5.jar:/home/alex/Repositories/hive/storage-api/target/classes:/home/alex/.m2/repository/com/amazonaws/aws-java-sdk-bundle/1.11.901/aws-java-sdk-bundle-1.11.901.jar:/home/alex/.m2/repository/com/amazonaws/secretsmanager/aws-secretsmanager-caching-java/1.0.1/aws-secretsmanager-caching-java-1.0.1.jar:/home/alex/.m2/repository/com/esotericsoftware/kryo/5.0.3/kryo-5.0.3.jar:/home/alex/.m2/repository/org/objenesis/objenesis/3.1/objenesis-3.1.jar:/home/alex/.m2/repository/com/esotericsoftware/minlog/1.3.1/minlog-1.3.1.jar:/home/alex/.m2/repository/com/esotericsoftware/reflectasm/1.11.9/reflectasm-1.11.9.jar:/home/alex/.m2/repository/com/google/protobuf/protobuf-java/2.5.0/protobuf-java-2.5.0.jar:/home/alex/.m2/repository/org/apache/hbase/hbase-common/2.0.0-alpha4/hbase-common-2.0.0-alpha4.jar:/home/alex/.m2/repository/org/apache/hbase/thirdparty/hbase-shaded-miscellaneous/1.0.1/hbase-shaded-miscellaneous-1.0.1.jar:/home/alex/.m2/repository/org/apache/htrace/htrace-core/3.2.0-incubating/htrace-core-3.2.0-incubating.jar:/home/alex/.m2/repository/org/apache/commons/commons-crypto/1.0.0/commons-crypto-1.0.0.jar:/home/alex/.m2/repository/com/github/stephenc/findbugs/findbugs-annotations/1.3.9-1/findbugs-annotations-1.3.9-1.jar:/home/alex/.m2/repository/log4j/log4j/1.2.17/log4j-1.2.17.jar:/home/alex/.m2/repository/org/apache/yetus/audience-annotations/0.5.0/audience-annotations-0.5.0.jar:/home/alex/.m2/repository/org/apache/parquet/parquet-hadoop-bundle/1.11.1/parquet-hadoop-bundle-1.11.1.jar:/home/alex/.m2/repository/commons-codec/commons-codec/1.15/commons-codec-1.15.jar:/home/alex/.m2/repository/commons-io/commons-io/2.6/commons-io-2.6.jar:/home/alex/.m2/repository/org/apache/commons/commons-collections4/4.1/commons-collections4-4.1.jar:/home/alex/.m2/repository/org/apache/commons/commons-lang3/3.9/commons-lang3-3.9.jar:/home/alex/.m2/repository/org/apache/commons/commons-text/1.8/commons-text-1.8.jar:/home/alex/.m2/repository/javolution/javolution/5.5.1/javolution-5.5.1.jar:/home/alex/.m2/repository/org/apache/logging/log4j/log4j-1.2-api/2.13.2/log4j-1.2-api-2.13.2.jar:/home/alex/.m2/repository/org/apache/logging/log4j/log4j-api/2.13.2/log4j-api-2.13.2.jar:/home/alex/.m2/repository/org/apache/logging/log4j/log4j-core/2.13.2/log4j-core-2.13.2.jar:/home/alex/.m2/repository/org/apache/logging/log4j/log4j-slf4j-impl/2.13.2/log4j-slf4j-impl-2.13.2.jar:/home/alex/.m2/repository/org/antlr/antlr-runtime/3.5.2/antlr-runtime-3.5.2.jar:/home/alex/.m2/repository/org/antlr/ST4/4.0.4/ST4-4.0.4.jar:/home/alex/.m2/repository/org/apache/avro/avro/1.8.2/avro-1.8.2.jar:/home/alex/.m2/repository/org/codehaus/jackson/jackson-core-asl/1.9.13/jackson-core-asl-1.9.13.jar:/home/alex/.m2/repository/org/codehaus/jackson/jackson-mapper-asl/1.9.13/jackson-mapper-asl-1.9.13.jar:/home/alex/.m2/repository/com/thoughtworks/paranamer/paranamer/2.8/paranamer-2.8.jar:/home/alex/.m2/repository/org/xerial/snappy/snappy-java/1.1.4/snappy-java-1.1.4.jar:/home/alex/.m2/repository/org/tukaani/xz/1.5/xz-1.5.jar:/home/alex/.m2/repository/org/apache/avro/avro-mapred/1.8.2/avro-mapred-1.8.2-hadoop2.jar:/home/alex/.m2/repository/org/apache/avro/avro-ipc/1.8.2/avro-ipc-1.8.2.jar:/home/alex/.m2/repository/org/mortbay/jetty/jetty/6.1.26/jetty-6.1.26.jar:/home/alex/.m2/repository/org/apache/ant/ant/1.9.1/ant-1.9.1.jar:/home/alex/.m2/repository/org/apache/ant/ant-launcher/1.9.1/ant-launcher-1.9.1.jar:/home/alex/.m2/repository/org/apache/commons/commons-compress/1.21/commons-compress-1.21.jar:/home/alex/.m2/repository/org/apache/thrift/libfb303/0.9.3/libfb303-0.9.3.jar:/home/alex/.m2/repository/org/apache/hadoop/hadoop-common/3.1.0/hadoop-common-3.1.0.jar:/home/alex/.m2/repository/org/apache/hadoop/hadoop-annotations/3.1.0/hadoop-annotations-3.1.0.jar:/home/alex/.m2/repository/commons-net/commons-net/3.6/commons-net-3.6.jar:/home/alex/.m2/repository/org/eclipse/jetty/jetty-util/9.3.27.v20190418/jetty-util-9.3.27.v20190418.jar:/home/alex/.m2/repository/javax/servlet/jsp/jsp-api/2.1/jsp-api-2.1.jar:/home/alex/.m2/repository/com/sun/jersey/jersey-core/1.19/jersey-core-1.19.jar:/home/alex/.m2/repository/javax/ws/rs/jsr311-api/1.1.1/jsr311-api-1.1.1.jar:/home/alex/.m2/repository/com/sun/jersey/jersey-json/1.19/jersey-json-1.19.jar:/home/alex/.m2/repository/com/sun/xml/bind/jaxb-impl/2.2.3-1/jaxb-impl-2.2.3-1.jar:/home/alex/.m2/repository/org/codehaus/jackson/jackson-jaxrs/1.9.2/jackson-jaxrs-1.9.2.jar:/home/alex/.m2/repository/org/codehaus/jackson/jackson-xc/1.9.2/jackson-xc-1.9.2.jar:/home/alex/.m2/repository/com/sun/jersey/jersey-server/1.19/jersey-server-1.19.jar:/home/alex/.m2/repository/org/apache/commons/commons-configuration2/2.1.1/commons-configuration2-2.1.1.jar:/home/alex/.m2/repository/org/apache/hadoop/hadoop-auth/3.1.0/hadoop-auth-3.1.0.jar:/home/alex/.m2/repository/com/nimbusds/nimbus-jose-jwt/4.41.1/nimbus-jose-jwt-4.41.1.jar:/home/alex/.m2/repository/com/github/stephenc/jcip/jcip-annotations/1.0-1/jcip-annotations-1.0-1.jar:/home/alex/.m2/repository/com/jcraft/jsch/0.1.54/jsch-0.1.54.jar:/home/alex/.m2/repository/org/apache/htrace/htrace-core4/4.1.0-incubating/htrace-core4-4.1.0-incubating.jar:/home/alex/.m2/repository/org/apache/kerby/kerb-simplekdc/1.0.1/kerb-simplekdc-1.0.1.jar:/home/alex/.m2/repository/org/apache/kerby/kerb-client/1.0.1/kerb-client-1.0.1.jar:/home/alex/.m2/repository/org/apache/kerby/kerby-config/1.0.1/kerby-config-1.0.1.jar:/home/alex/.m2/repository/org/apache/kerby/kerb-core/1.0.1/kerb-core-1.0.1.jar:/home/alex/.m2/repository/org/apache/kerby/kerby-pkix/1.0.1/kerby-pkix-1.0.1.jar:/home/alex/.m2/repository/org/apache/kerby/kerby-asn1/1.0.1/kerby-asn1-1.0.1.jar:/home/alex/.m2/repository/org/apache/kerby/kerby-util/1.0.1/kerby-util-1.0.1.jar:/home/alex/.m2/repository/org/apache/kerby/kerb-common/1.0.1/kerb-common-1.0.1.jar:/home/alex/.m2/repository/org/apache/kerby/kerb-crypto/1.0.1/kerb-crypto-1.0.1.jar:/home/alex/.m2/repository/org/apache/kerby/kerb-util/1.0.1/kerb-util-1.0.1.jar:/home/alex/.m2/repository/org/apache/kerby/token-provider/1.0.1/token-provider-1.0.1.jar:/home/alex/.m2/repository/org/apache/kerby/kerb-admin/1.0.1/kerb-admin-1.0.1.jar:/home/alex/.m2/repository/org/apache/kerby/kerb-server/1.0.1/kerb-server-1.0.1.jar:/home/alex/.m2/repository/org/apache/kerby/kerb-identity/1.0.1/kerb-identity-1.0.1.jar:/home/alex/.m2/repository/org/apache/kerby/kerby-xdr/1.0.1/kerby-xdr-1.0.1.jar:/home/alex/.m2/repository/org/codehaus/woodstox/stax2-api/3.1.4/stax2-api-3.1.4.jar:/home/alex/.m2/repository/com/fasterxml/woodstox/woodstox-core/5.0.3/woodstox-core-5.0.3.jar:/home/alex/.m2/repository/org/apache/hadoop/hadoop-archives/3.1.0/hadoop-archives-3.1.0.jar:/home/alex/.m2/repository/org/apache/hadoop/hadoop-yarn-registry/3.1.0/hadoop-yarn-registry-3.1.0.jar:/home/alex/.m2/repository/org/apache/curator/curator-client/4.2.0/curator-client-4.2.0.jar:/home/alex/.m2/repository/org/apache/curator/curator-recipes/4.2.0/curator-recipes-4.2.0.jar:/home/alex/.m2/repository/commons-daemon/commons-daemon/1.0.13/commons-daemon-1.0.13.jar:/home/alex/.m2/repository/dnsjava/dnsjava/2.1.7/dnsjava-2.1.7.jar:/home/alex/.m2/repository/org/apache/hadoop/hadoop-mapreduce-client-core/3.1.0/hadoop-mapreduce-client-core-3.1.0.jar:/home/alex/.m2/repository/org/apache/hadoop/hadoop-hdfs-client/3.1.0/hadoop-hdfs-client-3.1.0.jar:/home/alex/.m2/repository/com/squareup/okhttp/okhttp/2.7.5/okhttp-2.7.5.jar:/home/alex/.m2/repository/com/squareup/okio/okio/1.6.0/okio-1.6.0.jar:/home/alex/.m2/repository/com/google/inject/extensions/guice-servlet/4.0/guice-servlet-4.0.jar:/home/alex/.m2/repository/org/apache/hadoop/hadoop-mapreduce-client-common/3.1.0/hadoop-mapreduce-client-common-3.1.0.jar:/home/alex/.m2/repository/org/apache/hadoop/hadoop-hdfs/3.1.0/hadoop-hdfs-3.1.0.jar:/home/alex/.m2/repository/org/eclipse/jetty/jetty-util-ajax/9.3.19.v20170502/jetty-util-ajax-9.3.19.v20170502.jar:/home/alex/.m2/repository/org/fusesource/leveldbjni/leveldbjni-all/1.8/leveldbjni-all-1.8.jar:/home/alex/.m2/repository/org/apache/hadoop/hadoop-yarn-api/3.1.0/hadoop-yarn-api-3.1.0.jar:/home/alex/.m2/repository/javax/xml/bind/jaxb-api/2.2.11/jaxb-api-2.2.11.jar:/home/alex/.m2/repository/org/apache/hadoop/hadoop-yarn-common/3.1.0/hadoop-yarn-common-3.1.0.jar:/home/alex/.m2/repository/com/google/inject/guice/4.0/guice-4.0.jar:/home/alex/.m2/repository/aopalliance/aopalliance/1.0/aopalliance-1.0.jar:/home/alex/.m2/repository/com/sun/jersey/contribs/jersey-guice/1.19/jersey-guice-1.19.jar:/home/alex/.m2/repository/com/fasterxml/jackson/module/jackson-module-jaxb-annotations/2.12.0/jackson-module-jaxb-annotations-2.12.0.jar:/home/alex/.m2/repository/jakarta/xml/bind/jakarta.xml.bind-api/2.3.2/jakarta.xml.bind-api-2.3.2.jar:/home/alex/.m2/repository/jakarta/activation/jakarta.activation-api/1.2.1/jakarta.activation-api-1.2.1.jar:/home/alex/.m2/repository/org/apache/hadoop/hadoop-yarn-client/3.1.0/hadoop-yarn-client-3.1.0.jar:/home/alex/.m2/repository/org/apache/orc/orc-tools/1.6.9/orc-tools-1.6.9.jar:/home/alex/.m2/repository/com/opencsv/opencsv/3.9/opencsv-3.9.jar:/home/alex/.m2/repository/org/codehaus/jettison/jettison/1.1/jettison-1.1.jar:/home/alex/.m2/repository/org/threeten/threetenbp/1.3.5/threetenbp-1.3.5.jar:/home/alex/.m2/repository/org/apache/ivy/ivy/2.4.0/ivy-2.4.0.jar:/home/alex/.m2/repository/org/apache/thrift/libthrift/0.14.1/libthrift-0.14.1.jar:/home/alex/.m2/repository/org/apache/httpcomponents/httpcore/4.4.13/httpcore-4.4.13.jar:/home/alex/.m2/repository/org/apache/tomcat/embed/tomcat-embed-core/8.5.46/tomcat-embed-core-8.5.46.jar:/home/alex/.m2/repository/org/apache/tomcat/tomcat-annotations-api/8.5.46/tomcat-annotations-api-8.5.46.jar:/home/alex/.m2/repository/javax/annotation/javax.annotation-api/1.3.2/javax.annotation-api-1.3.2.jar:/home/alex/.m2/repository/org/apache/zookeeper/zookeeper/3.5.5/zookeeper-3.5.5.jar:/home/alex/.m2/repository/org/apache/zookeeper/zookeeper-jute/3.5.5/zookeeper-jute-3.5.5.jar:/home/alex/.m2/repository/org/apache/curator/curator-framework/4.2.0/curator-framework-4.2.0.jar:/home/alex/.m2/repository/org/apache/curator/curator-test/4.2.0/curator-test-4.2.0.jar:/home/alex/.m2/repository/org/apache/datasketches/datasketches-hive/1.1.0-incubating/datasketches-hive-1.1.0-incubating.jar:/home/alex/.m2/repository/org/apache/datasketches/datasketches-java/1.3.0-incubating/datasketches-java-1.3.0-incubating.jar:/home/alex/.m2/repository/org/apache/datasketches/datasketches-memory/1.2.0-incubating/datasketches-memory-1.2.0-incubating.jar:/home/alex/.m2/repository/org/slf4j/slf4j-simple/1.7.27/slf4j-simple-1.7.27.jar:/home/alex/.m2/repository/com/lmax/disruptor/3.3.7/disruptor-3.3.7.jar:/home/alex/.m2/repository/org/codehaus/groovy/groovy-all/2.4.11/groovy-all-2.4.11.jar:/home/alex/.m2/repository/org/jodd/jodd-util/6.0.0/jodd-util-6.0.0.jar:/home/alex/.m2/repository/com/fasterxml/jackson/core/jackson-annotations/2.12.0/jackson-annotations-2.12.0.jar:/home/alex/.m2/repository/com/fasterxml/jackson/core/jackson-core/2.12.0/jackson-core-2.12.0.jar:/home/alex/.m2/repository/com/fasterxml/jackson/core/jackson-databind/2.12.0/jackson-databind-2.12.0.jar:/home/alex/.m2/repository/com/fasterxml/jackson/dataformat/jackson-dataformat-yaml/2.12.0/jackson-dataformat-yaml-2.12.0.jar:/home/alex/.m2/repository/org/yaml/snakeyaml/1.27/snakeyaml-1.27.jar:/home/alex/.m2/repository/org/datanucleus/datanucleus-core/5.2.4/datanucleus-core-5.2.4.jar:/home/alex/.m2/repository/org/apache/calcite/calcite-core/1.25.0/calcite-core-1.25.0.jar:/home/alex/.m2/repository/org/apache/calcite/calcite-linq4j/1.25.0/calcite-linq4j-1.25.0.jar:/home/alex/.m2/repository/org/apiguardian/apiguardian-api/1.1.0/apiguardian-api-1.1.0.jar:/home/alex/.m2/repository/com/esri/geometry/esri-geometry-api/2.2.0/esri-geometry-api-2.2.0.jar:/home/alex/.m2/repository/com/yahoo/datasketches/sketches-core/0.9.0/sketches-core-0.9.0.jar:/home/alex/.m2/repository/com/yahoo/datasketches/memory/0.9.0/memory-0.9.0.jar:/home/alex/.m2/repository/org/apache/commons/commons-dbcp2/2.7.0/commons-dbcp2-2.7.0.jar:/home/alex/.m2/repository/org/apache/commons/commons-pool2/2.7.0/commons-pool2-2.7.0.jar:/home/alex/.m2/repository/org/apache/calcite/calcite-druid/1.25.0/calcite-druid-1.25.0.jar:/home/alex/.m2/repository/org/apache/calcite/avatica/avatica/1.12.0/avatica-1.12.0.jar:/home/alex/.m2/repository/com/google/guava/guava/19.0/guava-19.0.jar:/home/alex/.m2/repository/com/googlecode/javaewah/JavaEWAH/0.3.2/JavaEWAH-0.3.2.jar:/home/alex/.m2/repository/com/google/code/gson/gson/2.2.4/gson-2.2.4.jar:/home/alex/.m2/repository/com/tdunning/json/1.8/json-1.8.jar:/home/alex/.m2/repository/stax/stax-api/1.0.1/stax-api-1.0.1.jar:/home/alex/.m2/repository/net/sf/opencsv/opencsv/2.3/opencsv-2.3.jar:/home/alex/Repositories/hive/standalone-metastore/metastore-server/target/classes:/home/alex/.m2/repository/com/zaxxer/HikariCP/2.6.1/HikariCP-2.6.1.jar:/home/alex/.m2/repository/commons-beanutils/commons-beanutils/1.9.4/commons-beanutils-1.9.4.jar:/home/alex/.m2/repository/org/datanucleus/datanucleus-api-jdo/5.2.4/datanucleus-api-jdo-5.2.4.jar:/home/alex/.m2/repository/org/datanucleus/datanucleus-rdbms/5.2.4/datanucleus-rdbms-5.2.4.jar:/home/alex/.m2/repository/org/datanucleus/javax.jdo/3.2.0-release/javax.jdo-3.2.0-release.jar:/home/alex/.m2/repository/javax/transaction/javax.transaction-api/1.3/javax.transaction-api-1.3.jar:/home/alex/.m2/repository/org/glassfish/corba/glassfish-corba-omgapi/4.2.2/glassfish-corba-omgapi-4.2.2.jar:/home/alex/.m2/repository/sqlline/sqlline/1.9.0/sqlline-1.9.0.jar:/home/alex/.m2/repository/org/jline/jline-terminal/3.12.1/jline-terminal-3.12.1.jar:/home/alex/.m2/repository/org/jline/jline-reader/3.12.1/jline-reader-3.12.1.jar:/home/alex/.m2/repository/org/jline/jline-terminal-jansi/3.12.1/jline-terminal-jansi-3.12.1.jar:/home/alex/.m2/repository/org/fusesource/jansi/jansi/1.18/jansi-1.18.jar:/home/alex/.m2/repository/org/jline/jline-terminal-jna/3.12.1/jline-terminal-jna-3.12.1.jar:/home/alex/.m2/repository/net/java/dev/jna/jna/5.3.1/jna-5.3.1.jar:/home/alex/.m2/repository/org/jline/jline-builtins/3.12.1/jline-builtins-3.12.1.jar:/home/alex/.m2/repository/org/jline/jline-style/3.12.1/jline-style-3.12.1.jar:/home/alex/.m2/repository/com/cronutils/cron-utils/9.1.3/cron-utils-9.1.3.jar:/home/alex/.m2/repository/org/glassfish/javax.el/3.0.0/javax.el-3.0.0.jar:/home/alex/.m2/repository/com/oracle/database/jdbc/ojdbc8/21.3.0.0/ojdbc8-21.3.0.0.jar:/home/alex/.m2/repository/mysql/mysql-connector-java/8.0.27/mysql-connector-java-8.0.27.jar:/home/alex/.m2/repository/com/microsoft/sqlserver/mssql-jdbc/6.2.1.jre8/mssql-jdbc-6.2.1.jre8.jar:/home/alex/.m2/repository/org/postgresql/postgresql/42.2.14/postgresql-42.2.14.jar:/home/alex/Repositories/hive/common/target/test-classes:/home/alex/Repositories/hive/standalone-metastore/metastore-common/target/test-classes:/home/alex/.m2/repository/com/github/ben-manes/caffeine/caffeine/2.8.4/caffeine-2.8.4.jar:/home/alex/.m2/repository/org/checkerframework/checker-qual/3.4.0/checker-qual-3.4.0.jar:/home/alex/Repositories/hive/standalone-metastore/metastore-server/target/test-classes:/home/alex/.m2/repository/org/apache/parquet/parquet-column/1.11.1/parquet-column-1.11.1-tests.jar:/home/alex/.m2/repository/org/apache/parquet/parquet-common/1.11.1/parquet-common-1.11.1.jar:/home/alex/.m2/repository/org/apache/parquet/parquet-format-structures/1.11.1/parquet-format-structures-1.11.1.jar:/home/alex/.m2/repository/org/apache/parquet/parquet-encoding/1.11.1/parquet-encoding-1.11.1.jar:/home/alex/.m2/repository/junit/junit/4.13/junit-4.13.jar:/home/alex/.m2/repository/org/hamcrest/hamcrest-core/1.3/hamcrest-core-1.3.jar:/home/alex/.m2/repository/org/junit/jupiter/junit-jupiter-engine/5.6.2/junit-jupiter-engine-5.6.2.jar:/home/alex/.m2/repository/org/junit/platform/junit-platform-engine/1.6.2/junit-platform-engine-1.6.2.jar:/home/alex/.m2/repository/org/opentest4j/opentest4j/1.2.0/opentest4j-1.2.0.jar:/home/alex/.m2/repository/org/junit/platform/junit-platform-commons/1.6.2/junit-platform-commons-1.6.2.jar:/home/alex/.m2/repository/org/junit/jupiter/junit-jupiter-api/5.6.2/junit-jupiter-api-5.6.2.jar:/home/alex/.m2/repository/org/junit/jupiter/junit-jupiter-params/5.6.2/junit-jupiter-params-5.6.2.jar:/home/alex/.m2/repository/org/junit/vintage/junit-vintage-engine/5.6.2/junit-vintage-engine-5.6.2.jar:/home/alex/.m2/repository/org/apache/tez/tez-api/0.10.1/tez-api-0.10.1.jar:/usr/lib/jvm/java-8-openjdk-amd64/jre/../lib/tools.jar:/home/alex/.m2/repository/org/apache/tez/tez-runtime-library/0.10.1/tez-runtime-library-0.10.1.jar:/home/alex/.m2/repository/org/roaringbitmap/RoaringBitmap/0.5.21/RoaringBitmap-0.5.21.jar:/home/alex/.m2/repository/org/asynchttpclient/async-http-client/2.12.1/async-http-client-2.12.1.jar:/home/alex/.m2/repository/org/asynchttpclient/async-http-client-netty-utils/2.12.1/async-http-client-netty-utils-2.12.1.jar:/home/alex/.m2/repository/io/netty/netty-buffer/4.1.48.Final/netty-buffer-4.1.48.Final.jar:/home/alex/.m2/repository/io/netty/netty-codec-http/4.1.48.Final/netty-codec-http-4.1.48.Final.jar:/home/alex/.m2/repository/io/netty/netty-common/4.1.48.Final/netty-common-4.1.48.Final.jar:/home/alex/.m2/repository/io/netty/netty-transport/4.1.48.Final/netty-transport-4.1.48.Final.jar:/home/alex/.m2/repository/io/netty/netty-codec/4.1.48.Final/netty-codec-4.1.48.Final.jar:/home/alex/.m2/repository/io/netty/netty-handler/4.1.48.Final/netty-handler-4.1.48.Final.jar:/home/alex/.m2/repository/io/netty/netty-resolver/4.1.48.Final/netty-resolver-4.1.48.Final.jar:/home/alex/.m2/repository/io/netty/netty-codec-socks/4.1.48.Final/netty-codec-socks-4.1.48.Final.jar:/home/alex/.m2/repository/io/netty/netty-handler-proxy/4.1.48.Final/netty-handler-proxy-4.1.48.Final.jar:/home/alex/.m2/repository/io/netty/netty-transport-native-epoll/4.1.48.Final/netty-transport-native-epoll-4.1.48.Final-linux-x86_64.jar:/home/alex/.m2/repository/io/netty/netty-transport-native-unix-common/4.1.48.Final/netty-transport-native-unix-common-4.1.48.Final.jar:/home/alex/.m2/repository/io/netty/netty-transport-native-kqueue/4.1.48.Final/netty-transport-native-kqueue-4.1.48.Final-osx-x86_64.jar:/home/alex/.m2/repository/org/reactivestreams/reactive-streams/1.0.3/reactive-streams-1.0.3.jar:/home/alex/.m2/repository/com/typesafe/netty/netty-reactive-streams/2.0.4/netty-reactive-streams-2.0.4.jar:/home/alex/.m2/repository/com/sun/activation/javax.activation/1.2.0/javax.activation-1.2.0.jar:/home/alex/.m2/repository/org/apache/tez/tez-common/0.10.1/tez-common-0.10.1.jar:/home/alex/.m2/repository/org/apache/tez/tez-runtime-internals/0.10.1/tez-runtime-internals-0.10.1.jar:/home/alex/.m2/repository/org/apache/tez/hadoop-shim/0.10.1/hadoop-shim-0.10.1.jar:/home/alex/.m2/repository/org/apache/tez/tez-mapreduce/0.10.1/tez-mapreduce-0.10.1.jar:/home/alex/.m2/repository/org/apache/tez/tez-dag/0.10.1/tez-dag-0.10.1.jar:/home/alex/.m2/repository/org/apache/hadoop/hadoop-yarn-server-web-proxy/3.1.0/hadoop-yarn-server-web-proxy-3.1.0.jar:/home/alex/.m2/repository/org/apache/hadoop/hadoop-yarn-server-common/3.1.0/hadoop-yarn-server-common-3.1.0.jar:/home/alex/.m2/repository/org/apache/geronimo/specs/geronimo-jcache_1.0_spec/1.0-alpha-1/geronimo-jcache_1.0_spec-1.0-alpha-1.jar:/home/alex/.m2/repository/org/ehcache/ehcache/3.3.1/ehcache-3.3.1.jar:/home/alex/.m2/repository/com/zaxxer/HikariCP-java7/2.4.12/HikariCP-java7-2.4.12.jar:/home/alex/.m2/repository/org/apache/spark/spark-core_2.12/2.4.5/spark-core_2.12-2.4.5.jar:/home/alex/.m2/repository/com/twitter/chill_2.12/0.9.3/chill_2.12-0.9.3.jar:/home/alex/.m2/repository/com/twitter/chill-java/0.9.3/chill-java-0.9.3.jar:/home/alex/.m2/repository/org/apache/xbean/xbean-asm6-shaded/4.8/xbean-asm6-shaded-4.8.jar:/home/alex/.m2/repository/org/apache/hadoop/hadoop-client/3.1.0/hadoop-client-3.1.0.jar:/home/alex/.m2/repository/org/apache/hadoop/hadoop-mapreduce-client-jobclient/3.1.0/hadoop-mapreduce-client-jobclient-3.1.0.jar:/home/alex/.m2/repository/org/apache/spark/spark-launcher_2.12/2.4.5/spark-launcher_2.12-2.4.5.jar:/home/alex/.m2/repository/org/apache/spark/spark-kvstore_2.12/2.4.5/spark-kvstore_2.12-2.4.5.jar:/home/alex/.m2/repository/org/apache/spark/spark-network-common_2.12/2.4.5/spark-network-common_2.12-2.4.5.jar:/home/alex/.m2/repository/org/apache/spark/spark-network-shuffle_2.12/2.4.5/spark-network-shuffle_2.12-2.4.5.jar:/home/alex/.m2/repository/org/apache/spark/spark-unsafe_2.12/2.4.5/spark-unsafe_2.12-2.4.5.jar:/home/alex/.m2/repository/javax/activation/activation/1.1.1/activation-1.1.1.jar:/home/alex/.m2/repository/org/slf4j/jul-to-slf4j/1.7.16/jul-to-slf4j-1.7.16.jar:/home/alex/.m2/repository/org/slf4j/jcl-over-slf4j/1.7.16/jcl-over-slf4j-1.7.16.jar:/home/alex/.m2/repository/com/ning/compress-lzf/1.0.3/compress-lzf-1.0.3.jar:/home/alex/.m2/repository/org/lz4/lz4-java/1.4.0/lz4-java-1.4.0.jar:/home/alex/.m2/repository/com/github/luben/zstd-jni/1.3.2-2/zstd-jni-1.3.2-2.jar:/home/alex/.m2/repository/org/scala-lang/scala-library/2.12.10/scala-library-2.12.10.jar:/home/alex/.m2/repository/org/json4s/json4s-jackson_2.12/3.5.3/json4s-jackson_2.12-3.5.3.jar:/home/alex/.m2/repository/org/json4s/json4s-core_2.12/3.5.3/json4s-core_2.12-3.5.3.jar:/home/alex/.m2/repository/org/json4s/json4s-ast_2.12/3.5.3/json4s-ast_2.12-3.5.3.jar:/home/alex/.m2/repository/org/json4s/json4s-scalap_2.12/3.5.3/json4s-scalap_2.12-3.5.3.jar:/home/alex/.m2/repository/org/scala-lang/modules/scala-xml_2.12/1.0.6/scala-xml_2.12-1.0.6.jar:/home/alex/.m2/repository/com/clearspring/analytics/stream/2.7.0/stream-2.7.0.jar:/home/alex/.m2/repository/io/dropwizard/metrics/metrics-graphite/3.1.5/metrics-graphite-3.1.5.jar:/home/alex/.m2/repository/oro/oro/2.0.8/oro-2.0.8.jar:/home/alex/.m2/repository/net/razorvine/pyrolite/4.13/pyrolite-4.13.jar:/home/alex/.m2/repository/net/sf/py4j/py4j/0.10.7/py4j-0.10.7.jar:/home/alex/.m2/repository/org/apache/spark/spark-tags_2.12/2.4.5/spark-tags_2.12-2.4.5.jar:/home/alex/.m2/repository/org/spark-project/spark/unused/1.0.0/unused-1.0.0.jar:/home/alex/.m2/repository/com/sun/jersey/jersey-servlet/1.19/jersey-servlet-1.19.jar:/home/alex/.m2/repository/org/glassfish/jersey/core/jersey-server/2.22.2/jersey-server-2.22.2.jar:/home/alex/.m2/repository/org/glassfish/jersey/core/jersey-common/2.22.2/jersey-common-2.22.2.jar:/home/alex/.m2/repository/org/glassfish/jersey/bundles/repackaged/jersey-guava/2.22.2/jersey-guava-2.22.2.jar:/home/alex/.m2/repository/org/glassfish/hk2/osgi-resource-locator/1.0.1/osgi-resource-locator-1.0.1.jar:/home/alex/.m2/repository/org/glassfish/jersey/core/jersey-client/2.22.2/jersey-client-2.22.2.jar:/home/alex/.m2/repository/javax/ws/rs/javax.ws.rs-api/2.0.1/javax.ws.rs-api-2.0.1.jar:/home/alex/.m2/repository/org/glassfish/jersey/media/jersey-media-jaxb/2.22.2/jersey-media-jaxb-2.22.2.jar:/home/alex/.m2/repository/org/glassfish/hk2/hk2-api/2.4.0-b34/hk2-api-2.4.0-b34.jar:/home/alex/.m2/repository/org/glassfish/hk2/hk2-utils/2.4.0-b34/hk2-utils-2.4.0-b34.jar:/home/alex/.m2/repository/org/glassfish/hk2/external/aopalliance-repackaged/2.4.0-b34/aopalliance-repackaged-2.4.0-b34.jar:/home/alex/.m2/repository/org/glassfish/hk2/external/javax.inject/2.4.0-b34/javax.inject-2.4.0-b34.jar:/home/alex/.m2/repository/org/glassfish/hk2/hk2-locator/2.4.0-b34/hk2-locator-2.4.0-b34.jar:/home/alex/.m2/repository/javax/validation/validation-api/1.1.0.Final/validation-api-1.1.0.Final.jar:/home/alex/.m2/repository/org/glassfish/jersey/containers/jersey-container-servlet-core/2.22.2/jersey-container-servlet-core-2.22.2.jar:/home/alex/.m2/repository/org/hamcrest/hamcrest-all/1.3/hamcrest-all-1.3.jar:/home/alex/.m2/repository/org/powermock/powermock-module-junit4/2.0.2/powermock-module-junit4-2.0.2.jar:/home/alex/.m2/repository/org/powermock/powermock-module-junit4-common/2.0.2/powermock-module-junit4-common-2.0.2.jar:/home/alex/.m2/repository/org/powermock/powermock-reflect/2.0.2/powermock-reflect-2.0.2.jar:/home/alex/.m2/repository/org/powermock/powermock-core/2.0.2/powermock-core-2.0.2.jar:/home/alex/.m2/repository/org/powermock/powermock-api-mockito2/2.0.2/powermock-api-mockito2-2.0.2.jar:/home/alex/.m2/repository/org/powermock/powermock-api-support/2.0.2/powermock-api-support-2.0.2.jar:/home/alex/.m2/repository/com/google/guava/guava-testlib/19.0/guava-testlib-19.0.jar:/home/alex/.m2/repository/com/google/errorprone/error_prone_annotations/2.0.2/error_prone_annotations-2.0.2.jar:/home/alex/.m2/repository/com/google/re2j/re2j/1.2/re2j-1.2.jar:/home/alex/.m2/repository/org/reflections/reflections/0.9.10/reflections-0.9.10.jar:/home/alex/.m2/repository/org/javassist/javassist/3.19.0-GA/javassist-3.19.0-GA.jar:/home/alex/.m2/repository/com/jayway/jsonpath/json-path/2.4.0/json-path-2.4.0.jar:/home/alex/.m2/repository/net/minidev/json-smart/2.3/json-smart-2.3.jar:/home/alex/.m2/repository/net/minidev/accessors-smart/1.2/accessors-smart-1.2.jar:/home/alex/.m2/repository/org/ow2/asm/asm/5.0.4/asm-5.0.4.jar:/home/alex/.m2/repository/org/codehaus/janino/commons-compiler/3.0.11/commons-compiler-3.0.11.jar:/home/alex/.m2/repository/org/codehaus/janino/janino/3.0.11/janino-3.0.11.jar:/home/alex/.m2/repository/com/sun/jersey/contribs/jersey-multipart/1.19/jersey-multipart-1.19.jar:/home/alex/.m2/repository/org/jvnet/mimepull/mimepull/1.9.3/mimepull-1.9.3.jar:/home/alex/.m2/repository/org/apache/kafka/kafka-clients/2.5.0/kafka-clients-2.5.0.jar:/home/alex/.m2/repository/org/slf4j/slf4j-api/1.7.30/slf4j-api-1.7.30.jar:/home/alex/.m2/repository/org/mockito/mockito-core/3.4.4/mockito-core-3.4.4.jar:/home/alex/.m2/repository/net/bytebuddy/byte-buddy/1.10.13/byte-buddy-1.10.13.jar:/home/alex/.m2/repository/net/bytebuddy/byte-buddy-agent/1.10.13/byte-buddy-agent-1.10.13.jar:/home/alex/Repositories/hive/ql/target/testconf:/home/alex/Repositories/hive/ql/../conf:"/>
    <property name="sun.cpu.endian" value="little"/>
    <property name="user.home" value="/home/alex"/>
    <property name="user.language" value="en"/>
    <property name="java.security.krb5.conf" value="/home/alex/Repositories/hive/ql/target/testconf/krb5.conf"/>
    <property name="test.dfs.mkdir" value=""/>
    <property name="java.awt.graphicsenv" value="sun.awt.X11GraphicsEnvironment"/>
    <property name="nondexFilter" value=".*"/>
    <property name="nondexSeed" value="1016066"/>
    <property name="surefire.real.class.path" value="/home/alex/Repositories/hive/ql/target/surefire/surefirebooter5411801893189802866.jar"/>
    <property name="hadoop.log.dir" value="/home/alex/Repositories/hive/ql/target/tmp"/>
    <property name="java.net.preferIPv4Stack" value="true"/>
    <property name="path.separator" value=":"/>
    <property name="os.version" value="6.5.0-28-generic"/>
    <property name="java.endorsed.dirs" value="/usr/lib/jvm/java-8-openjdk-amd64/jre/lib/endorsed"/>
    <property name="java.runtime.name" value="OpenJDK Runtime Environment"/>
    <property name="hive.test.console.log.level" value="INFO"/>
    <property name="java.vm.name" value="OpenJDK 64-Bit Server VM"/>
    <property name="java.vendor.url.bug" value="http://bugreport.sun.com/bugreport/"/>
    <property name="maven.local.repository" value="/home/alex/.m2/repository"/>
    <property name="user.dir" value="/home/alex/Repositories/hive/ql"/>
    <property name="os.arch" value="amd64"/>
    <property name="nondexMode" value="FULL"/>
    <property name="user.language.format" value="pt"/>
    <property name="antlr.version" value="3.5.2"/>
    <property name="derby.version" value="10.14.1.0"/>
    <property name="java.vm.info" value="mixed mode"/>
    <property name="java.vm.version" value="25.402-b06"/>
    <property name="java.ext.dirs" value="/usr/lib/jvm/java-8-openjdk-amd64/jre/lib/ext:/usr/java/packages/lib/ext"/>
    <property name="test.output.overwrite" value=""/>
    <property name="java.class.version" value="52.0"/>
    <property name="hive.root" value="/home/alex/Repositories/hive/ql/../"/>
  </properties>
  <testcase name="testUpgrade" classname="org.apache.hadoop.hive.ql.util.TestHiveStrictManagedMigration" time="15.362">
    <failure type="java.lang.AssertionError"><![CDATA[java.lang.AssertionError
	at org.junit.Assert.fail(Assert.java:87)
	at org.junit.Assert.assertTrue(Assert.java:42)
	at org.junit.Assert.assertTrue(Assert.java:53)
	at org.apache.hadoop.hive.ql.util.TestHiveStrictManagedMigration.testUpgrade(TestHiveStrictManagedMigration.java:91)
	at sun.reflect.NativeMethodAccessorImpl.invoke0(Native Method)
	at sun.reflect.NativeMethodAccessorImpl.invoke(NativeMethodAccessorImpl.java:62)
	at sun.reflect.DelegatingMethodAccessorImpl.invoke(DelegatingMethodAccessorImpl.java:43)
	at java.lang.reflect.Method.invoke(Method.java:498)
	at org.junit.runners.model.FrameworkMethod$1.runReflectiveCall(FrameworkMethod.java:59)
	at org.junit.internal.runners.model.ReflectiveCallable.run(ReflectiveCallable.java:12)
	at org.junit.runners.model.FrameworkMethod.invokeExplosively(FrameworkMethod.java:56)
	at org.junit.internal.runners.statements.InvokeMethod.evaluate(InvokeMethod.java:17)
	at org.junit.internal.runners.statements.RunBefores.evaluate(RunBefores.java:26)
	at org.junit.internal.runners.statements.RunAfters.evaluate(RunAfters.java:27)
	at org.junit.rules.TestWatcher$1.evaluate(TestWatcher.java:61)
	at org.junit.runners.ParentRunner$3.evaluate(ParentRunner.java:306)
	at org.junit.runners.BlockJUnit4ClassRunner$1.evaluate(BlockJUnit4ClassRunner.java:100)
	at org.junit.runners.ParentRunner.runLeaf(ParentRunner.java:366)
	at org.junit.runners.BlockJUnit4ClassRunner.runChild(BlockJUnit4ClassRunner.java:103)
	at org.junit.runners.BlockJUnit4ClassRunner.runChild(BlockJUnit4ClassRunner.java:63)
	at org.junit.runners.ParentRunner$4.run(ParentRunner.java:331)
	at org.junit.runners.ParentRunner$1.schedule(ParentRunner.java:79)
	at org.junit.runners.ParentRunner.runChildren(ParentRunner.java:329)
	at org.junit.runners.ParentRunner.access$100(ParentRunner.java:66)
	at org.junit.runners.ParentRunner$2.evaluate(ParentRunner.java:293)
	at org.junit.runners.ParentRunner$3.evaluate(ParentRunner.java:306)
	at org.junit.runners.ParentRunner.run(ParentRunner.java:413)
	at org.junit.runner.JUnitCore.run(JUnitCore.java:137)
	at org.junit.runner.JUnitCore.run(JUnitCore.java:115)
	at org.junit.vintage.engine.execution.RunnerExecutor.execute(RunnerExecutor.java:43)
	at java.util.stream.ForEachOps$ForEachOp$OfRef.accept(ForEachOps.java:183)
	at java.util.stream.ReferencePipeline$3$1.accept(ReferencePipeline.java:193)
	at java.util.Iterator.forEachRemaining(Iterator.java:116)
	at java.util.Spliterators$IteratorSpliterator.forEachRemaining(Spliterators.java:1801)
	at java.util.stream.AbstractPipeline.copyInto(AbstractPipeline.java:482)
	at java.util.stream.AbstractPipeline.wrapAndCopyInto(AbstractPipeline.java:472)
	at java.util.stream.ForEachOps$ForEachOp.evaluateSequential(ForEachOps.java:150)
	at java.util.stream.ForEachOps$ForEachOp$OfRef.evaluateSequential(ForEachOps.java:173)
	at java.util.stream.AbstractPipeline.evaluate(AbstractPipeline.java:234)
	at java.util.stream.ReferencePipeline.forEach(ReferencePipeline.java:485)
	at org.junit.vintage.engine.VintageTestEngine.executeAllChildren(VintageTestEngine.java:82)
	at org.junit.vintage.engine.VintageTestEngine.execute(VintageTestEngine.java:73)
	at org.junit.platform.launcher.core.DefaultLauncher.execute(DefaultLauncher.java:248)
	at org.junit.platform.launcher.core.DefaultLauncher.lambda$execute$5(DefaultLauncher.java:211)
	at org.junit.platform.launcher.core.DefaultLauncher.withInterceptedStreams(DefaultLauncher.java:226)
	at org.junit.platform.launcher.core.DefaultLauncher.execute(DefaultLauncher.java:199)
	at org.junit.platform.launcher.core.DefaultLauncher.execute(DefaultLauncher.java:132)
	at org.apache.maven.surefire.junitplatform.JUnitPlatformProvider.invokeAllTests(JUnitPlatformProvider.java:154)
	at org.apache.maven.surefire.junitplatform.JUnitPlatformProvider.invoke(JUnitPlatformProvider.java:123)
	at org.apache.maven.surefire.booter.ForkedBooter.runSuitesInProcess(ForkedBooter.java:377)
	at org.apache.maven.surefire.booter.ForkedBooter.execute(ForkedBooter.java:138)
	at org.apache.maven.surefire.booter.ForkedBooter.run(ForkedBooter.java:465)
	at org.apache.maven.surefire.booter.ForkedBooter.main(ForkedBooter.java:451)
]]></failure>
    <system-out><![CDATA[log4j: Trying to find [log4j.xml] using context classloader org.apache.hadoop.hive.ql.exec.UDFClassLoader@2b9f74d0.
log4j: Trying to find [log4j.xml] using sun.misc.Launcher$AppClassLoader@330bedb4 class loader.
log4j: Trying to find [log4j.xml] using ClassLoader.getSystemResource().
log4j: Trying to find [log4j.properties] using context classloader org.apache.hadoop.hive.ql.exec.UDFClassLoader@2b9f74d0.
log4j: Trying to find [log4j.properties] using sun.misc.Launcher$AppClassLoader@330bedb4 class loader.
log4j: Trying to find [log4j.properties] using ClassLoader.getSystemResource().
log4j: Could not find resource: [null].
]]></system-out>
    <system-err><![CDATA[SLF4J: Class path contains multiple SLF4J bindings.
SLF4J: Found binding in [jar:file:/home/alex/.m2/repository/org/apache/logging/log4j/log4j-slf4j-impl/2.13.2/log4j-slf4j-impl-2.13.2.jar!/org/slf4j/impl/StaticLoggerBinder.class]
SLF4J: Found binding in [jar:file:/home/alex/.m2/repository/org/slf4j/slf4j-simple/1.7.27/slf4j-simple-1.7.27.jar!/org/slf4j/impl/StaticLoggerBinder.class]
SLF4J: See http://www.slf4j.org/codes.html#multiple_bindings for an explanation.
SLF4J: Actual binding is of type [org.apache.logging.slf4j.Log4jLoggerFactory]
DEBUG StatusLogger Using ShutdownCallbackRegistry class org.apache.logging.log4j.core.util.DefaultShutdownCallbackRegistry
DEBUG StatusLogger Took 0,073674 seconds to load 250 plugins from sun.misc.Launcher$AppClassLoader@330bedb4
DEBUG StatusLogger PluginManager 'Converter' found 46 plugins
DEBUG StatusLogger Starting OutputStreamManager SYSTEM_OUT.false.false-1
DEBUG StatusLogger Starting LoggerContext[name=330bedb4, org.apache.logging.log4j.core.LoggerContext@609e8838]...
DEBUG StatusLogger Reconfiguration started for context[name=330bedb4] at URI null (org.apache.logging.log4j.core.LoggerContext@609e8838) with optional ClassLoader: null
DEBUG StatusLogger PluginManager 'ConfigurationFactory' found 6 plugins
DEBUG StatusLogger Using configurationFactory org.apache.logging.log4j.core.config.ConfigurationFactory$Factory@2de56eb2
DEBUG StatusLogger Apache Log4j Core 2.13.2 initializing configuration org.apache.logging.log4j.core.config.properties.PropertiesConfiguration@2657d4dd
DEBUG StatusLogger Installed 2 script engines
DEBUG StatusLogger Oracle Nashorn version: 1.8.0_402, language: ECMAScript, threading: Not Thread Safe, compile: true, names: [nashorn, Nashorn, js, JS, JavaScript, javascript, ECMAScript, ecmascript], factory class: jdk.nashorn.api.scripting.NashornScriptEngineFactory
DEBUG StatusLogger Groovy Scripting Engine version: 2.0, language: Groovy, threading: MULTITHREADED, compile: true, names: [groovy, Groovy], factory class: org.codehaus.groovy.jsr223.GroovyScriptEngineFactory
INFO StatusLogger Scanning for classes in '/home/alex/Repositories/hive/ql/target/test-classes/org/apache/hadoop/hive/ql/log' matching criteria annotated with @Plugin
DEBUG StatusLogger Checking to see if class org.apache.hadoop.hive.ql.log.TestSlidingFilenameRolloverStrategy matches criteria annotated with @Plugin
DEBUG StatusLogger Checking to see if class org.apache.hadoop.hive.ql.log.TestSyslogInputFormat matches criteria annotated with @Plugin
DEBUG StatusLogger Checking to see if class org.apache.hadoop.hive.ql.log.TestLog4j2Appenders matches criteria annotated with @Plugin
INFO StatusLogger Scanning for classes in '/home/alex/Repositories/hive/ql/target/classes/org/apache/hadoop/hive/ql/log' matching criteria annotated with @Plugin
DEBUG StatusLogger Checking to see if class org.apache.hadoop.hive.ql.log.LogDivertAppender$NameFilter matches criteria annotated with @Plugin
DEBUG StatusLogger Checking to see if class org.apache.hadoop.hive.ql.log.HiveEventCounter matches criteria annotated with @Plugin
DEBUG StatusLogger Checking to see if class org.apache.hadoop.hive.ql.log.SlidingFilenameRolloverStrategy$1 matches criteria annotated with @Plugin
DEBUG StatusLogger Checking to see if class org.apache.hadoop.hive.ql.log.NullAppender matches criteria annotated with @Plugin
DEBUG StatusLogger Checking to see if class org.apache.hadoop.hive.ql.log.LogDivertAppenderForTest$TestFilter matches criteria annotated with @Plugin
DEBUG StatusLogger Checking to see if class org.apache.hadoop.hive.ql.log.PidFilePatternConverter matches criteria annotated with @Plugin
DEBUG StatusLogger Checking to see if class org.apache.hadoop.hive.ql.log.HiveEventCounter$1 matches criteria annotated with @Plugin
DEBUG StatusLogger Checking to see if class org.apache.hadoop.hive.ql.log.HushableRandomAccessFileAppender$1 matches criteria annotated with @Plugin
DEBUG StatusLogger Checking to see if class org.apache.hadoop.hive.ql.log.LogDivertAppender matches criteria annotated with @Plugin
DEBUG StatusLogger Checking to see if class org.apache.hadoop.hive.ql.log.SlidingFilenameRolloverStrategy matches criteria annotated with @Plugin
DEBUG StatusLogger Checking to see if class org.apache.hadoop.hive.ql.log.LogDivertAppenderForTest matches criteria annotated with @Plugin
DEBUG StatusLogger Checking to see if class org.apache.hadoop.hive.ql.log.HiveEventCounter$EventCounts matches criteria annotated with @Plugin
DEBUG StatusLogger Checking to see if class org.apache.hadoop.hive.ql.log.syslog.SyslogInputFormat matches criteria annotated with @Plugin
DEBUG StatusLogger Checking to see if class org.apache.hadoop.hive.ql.log.syslog.SyslogStorageHandler matches criteria annotated with @Plugin
DEBUG StatusLogger Checking to see if class org.apache.hadoop.hive.ql.log.syslog.SyslogInputFormat$Location matches criteria annotated with @Plugin
DEBUG StatusLogger Checking to see if class org.apache.hadoop.hive.ql.log.syslog.SyslogSerDe matches criteria annotated with @Plugin
DEBUG StatusLogger Checking to see if class org.apache.hadoop.hive.ql.log.syslog.SyslogParser matches criteria annotated with @Plugin
DEBUG StatusLogger Checking to see if class org.apache.hadoop.hive.ql.log.HushableRandomAccessFileAppender matches criteria annotated with @Plugin
INFO StatusLogger Scanning for classes in '/home/alex/Repositories/hive/common/target/classes/org/apache/hadoop/hive/ql/log' matching criteria annotated with @Plugin
DEBUG StatusLogger Checking to see if class org.apache.hadoop.hive.ql.log.PerfLogger matches criteria annotated with @Plugin
DEBUG StatusLogger Took 0,019999 seconds to load 7 plugins from package org.apache.hadoop.hive.ql.log
DEBUG StatusLogger PluginManager 'Core' found 132 plugins
DEBUG StatusLogger PluginManager 'Level' found 0 plugins
DEBUG StatusLogger Building Plugin[name=property, class=org.apache.logging.log4j.core.config.Property].
TRACE StatusLogger TypeConverterRegistry initializing.
DEBUG StatusLogger PluginManager 'TypeConverter' found 26 plugins
DEBUG StatusLogger createProperty(name="hive.log.file", value="hive.log")
DEBUG StatusLogger Building Plugin[name=property, class=org.apache.logging.log4j.core.config.Property].
DEBUG StatusLogger createProperty(name="hive.log.dir", value="/home/alex/Repositories/hive/ql/target/tmp/log")
DEBUG StatusLogger Building Plugin[name=property, class=org.apache.logging.log4j.core.config.Property].
DEBUG StatusLogger createProperty(name="hive.root.logger", value="DRFA")
DEBUG StatusLogger Building Plugin[name=property, class=org.apache.logging.log4j.core.config.Property].
DEBUG StatusLogger createProperty(name="hive.log.level", value="DEBUG")
DEBUG StatusLogger Building Plugin[name=property, class=org.apache.logging.log4j.core.config.Property].
DEBUG StatusLogger createProperty(name="hive.test.console.log.level", value="INFO")
DEBUG StatusLogger Building Plugin[name=properties, class=org.apache.logging.log4j.core.config.PropertiesPlugin].
DEBUG StatusLogger configureSubstitutor(={hive.log.file=hive.log, hive.log.dir=/home/alex/Repositories/hive/ql/target/tmp/log, hive.root.logger=DRFA, hive.log.level=DEBUG, hive.test.console.log.level=INFO}, Configuration(HiveLog4j2Test))
DEBUG StatusLogger PluginManager 'Lookup' found 17 plugins
DEBUG StatusLogger Building Plugin[name=logger, class=org.apache.logging.log4j.core.config.LoggerConfig].
DEBUG StatusLogger createLogger(additivity="true", level="WARN", name="org.apache.hadoop.ipc", includeLocation="null", ={}, ={}, Configuration(HiveLog4j2Test), Filter=null)
DEBUG StatusLogger Building Plugin[name=logger, class=org.apache.logging.log4j.core.config.LoggerConfig].
DEBUG StatusLogger createLogger(additivity="true", level="INFO", name="org.apache.hadoop.security", includeLocation="null", ={}, ={}, Configuration(HiveLog4j2Test), Filter=null)
DEBUG StatusLogger Building Plugin[name=logger, class=org.apache.logging.log4j.core.config.LoggerConfig].
DEBUG StatusLogger createLogger(additivity="true", level="INFO", name="org.apache.hadoop.hdfs", includeLocation="null", ={}, ={}, Configuration(HiveLog4j2Test), Filter=null)
DEBUG StatusLogger Building Plugin[name=logger, class=org.apache.logging.log4j.core.config.LoggerConfig].
DEBUG StatusLogger createLogger(additivity="true", level="WARN", name="org.apache.hadoop.hdfs.server", includeLocation="null", ={}, ={}, Configuration(HiveLog4j2Test), Filter=null)
DEBUG StatusLogger Building Plugin[name=logger, class=org.apache.logging.log4j.core.config.LoggerConfig].
DEBUG StatusLogger createLogger(additivity="true", level="INFO", name="org.apache.hadoop.metrics2", includeLocation="null", ={}, ={}, Configuration(HiveLog4j2Test), Filter=null)
DEBUG StatusLogger Building Plugin[name=logger, class=org.apache.logging.log4j.core.config.LoggerConfig].
DEBUG StatusLogger createLogger(additivity="true", level="INFO", name="org.mortbay", includeLocation="null", ={}, ={}, Configuration(HiveLog4j2Test), Filter=null)
DEBUG StatusLogger Building Plugin[name=logger, class=org.apache.logging.log4j.core.config.LoggerConfig].
DEBUG StatusLogger createLogger(additivity="true", level="INFO", name="org.apache.hadoop.yarn", includeLocation="null", ={}, ={}, Configuration(HiveLog4j2Test), Filter=null)
DEBUG StatusLogger Building Plugin[name=logger, class=org.apache.logging.log4j.core.config.LoggerConfig].
DEBUG StatusLogger createLogger(additivity="true", level="WARN", name="org.apache.hadoop.yarn.server", includeLocation="null", ={}, ={}, Configuration(HiveLog4j2Test), Filter=null)
DEBUG StatusLogger Building Plugin[name=logger, class=org.apache.logging.log4j.core.config.LoggerConfig].
DEBUG StatusLogger createLogger(additivity="true", level="INFO", name="org.apache.tez", includeLocation="null", ={}, ={}, Configuration(HiveLog4j2Test), Filter=null)
DEBUG StatusLogger Building Plugin[name=logger, class=org.apache.logging.log4j.core.config.LoggerConfig].
DEBUG StatusLogger createLogger(additivity="true", level="ERROR", name="org.apache.hadoop.conf.Configuration", includeLocation="null", ={}, ={}, Configuration(HiveLog4j2Test), Filter=null)
DEBUG StatusLogger Building Plugin[name=logger, class=org.apache.logging.log4j.core.config.LoggerConfig].
DEBUG StatusLogger createLogger(additivity="true", level="INFO", name="org.apache.zookeeper", includeLocation="null", ={}, ={}, Configuration(HiveLog4j2Test), Filter=null)
DEBUG StatusLogger Building Plugin[name=logger, class=org.apache.logging.log4j.core.config.LoggerConfig].
DEBUG StatusLogger createLogger(additivity="true", level="WARN", name="org.apache.zookeeper.server.ServerCnxn", includeLocation="null", ={}, ={}, Configuration(HiveLog4j2Test), Filter=null)
DEBUG StatusLogger Building Plugin[name=logger, class=org.apache.logging.log4j.core.config.LoggerConfig].
DEBUG StatusLogger createLogger(additivity="true", level="WARN", name="org.apache.zookeeper.server.NIOServerCnxn", includeLocation="null", ={}, ={}, Configuration(HiveLog4j2Test), Filter=null)
DEBUG StatusLogger Building Plugin[name=logger, class=org.apache.logging.log4j.core.config.LoggerConfig].
DEBUG StatusLogger createLogger(additivity="true", level="WARN", name="org.apache.zookeeper.ClientCnxn", includeLocation="null", ={}, ={}, Configuration(HiveLog4j2Test), Filter=null)
DEBUG StatusLogger Building Plugin[name=logger, class=org.apache.logging.log4j.core.config.LoggerConfig].
DEBUG StatusLogger createLogger(additivity="true", level="WARN", name="org.apache.zookeeper.ClientCnxnSocket", includeLocation="null", ={}, ={}, Configuration(HiveLog4j2Test), Filter=null)
DEBUG StatusLogger Building Plugin[name=logger, class=org.apache.logging.log4j.core.config.LoggerConfig].
DEBUG StatusLogger createLogger(additivity="true", level="WARN", name="org.apache.zookeeper.ClientCnxnSocketNIO", includeLocation="null", ={}, ={}, Configuration(HiveLog4j2Test), Filter=null)
DEBUG StatusLogger Building Plugin[name=logger, class=org.apache.logging.log4j.core.config.LoggerConfig].
DEBUG StatusLogger createLogger(additivity="true", level="ERROR", name="DataNucleus", includeLocation="null", ={}, ={}, Configuration(HiveLog4j2Test), Filter=null)
DEBUG StatusLogger Building Plugin[name=logger, class=org.apache.logging.log4j.core.config.LoggerConfig].
DEBUG StatusLogger createLogger(additivity="true", level="ERROR", name="Datastore", includeLocation="null", ={}, ={}, Configuration(HiveLog4j2Test), Filter=null)
DEBUG StatusLogger Building Plugin[name=logger, class=org.apache.logging.log4j.core.config.LoggerConfig].
DEBUG StatusLogger createLogger(additivity="true", level="ERROR", name="JPOX", includeLocation="null", ={}, ={}, Configuration(HiveLog4j2Test), Filter=null)
DEBUG StatusLogger Building Plugin[name=logger, class=org.apache.logging.log4j.core.config.LoggerConfig].
DEBUG StatusLogger createLogger(additivity="true", level="INFO", name="org.apache.hadoop.hive.ql.exec.Operator", includeLocation="null", ={}, ={}, Configuration(HiveLog4j2Test), Filter=null)
DEBUG StatusLogger Building Plugin[name=logger, class=org.apache.logging.log4j.core.config.LoggerConfig].
DEBUG StatusLogger createLogger(additivity="true", level="INFO", name="org.apache.hadoop.hive.serde2.lazy", includeLocation="null", ={}, ={}, Configuration(HiveLog4j2Test), Filter=null)
DEBUG StatusLogger Building Plugin[name=logger, class=org.apache.logging.log4j.core.config.LoggerConfig].
DEBUG StatusLogger createLogger(additivity="true", level="INFO", name="org.apache.hadoop.hive.metastore.ObjectStore", includeLocation="null", ={}, ={}, Configuration(HiveLog4j2Test), Filter=null)
DEBUG StatusLogger Building Plugin[name=logger, class=org.apache.logging.log4j.core.config.LoggerConfig].
DEBUG StatusLogger createLogger(additivity="true", level="INFO", name="org.apache.calcite.plan.RelOptPlanner", includeLocation="null", ={}, ={}, Configuration(HiveLog4j2Test), Filter=null)
DEBUG StatusLogger Building Plugin[name=logger, class=org.apache.logging.log4j.core.config.LoggerConfig].
DEBUG StatusLogger createLogger(additivity="true", level="INFO", name="com.amazonaws", includeLocation="null", ={}, ={}, Configuration(HiveLog4j2Test), Filter=null)
DEBUG StatusLogger Building Plugin[name=logger, class=org.apache.logging.log4j.core.config.LoggerConfig].
DEBUG StatusLogger createLogger(additivity="true", level="INFO", name="org.apache.http", includeLocation="null", ={}, ={}, Configuration(HiveLog4j2Test), Filter=null)
DEBUG StatusLogger Building Plugin[name=logger, class=org.apache.logging.log4j.core.config.LoggerConfig].
DEBUG StatusLogger createLogger(additivity="true", level="WARN", name="org.apache.thrift", includeLocation="null", ={}, ={}, Configuration(HiveLog4j2Test), Filter=null)
DEBUG StatusLogger Building Plugin[name=logger, class=org.apache.logging.log4j.core.config.LoggerConfig].
DEBUG StatusLogger createLogger(additivity="true", level="WARN", name="org.eclipse.jetty", includeLocation="null", ={}, ={}, Configuration(HiveLog4j2Test), Filter=null)
DEBUG StatusLogger Building Plugin[name=logger, class=org.apache.logging.log4j.core.config.LoggerConfig].
DEBUG StatusLogger createLogger(additivity="true", level="WARN", name="BlockStateChange", includeLocation="null", ={}, ={}, Configuration(HiveLog4j2Test), Filter=null)
DEBUG StatusLogger Building Plugin[name=logger, class=org.apache.logging.log4j.core.config.LoggerConfig].
DEBUG StatusLogger createLogger(additivity="true", level="DEBUG", name="org.apache.hadoop.hive.ql.optimizer.SharedWorkOptimizer", includeLocation="null", ={}, ={}, Configuration(HiveLog4j2Test), Filter=null)
DEBUG StatusLogger Building Plugin[name=AppenderRef, class=org.apache.logging.log4j.core.config.AppenderRef].
DEBUG StatusLogger createAppenderRef(ref="DRFA", level="null", Filter=null)
DEBUG StatusLogger Building Plugin[name=AppenderRef, class=org.apache.logging.log4j.core.config.AppenderRef].
DEBUG StatusLogger createAppenderRef(ref="console", level="INFO", Filter=null)
DEBUG StatusLogger Building Plugin[name=root, class=org.apache.logging.log4j.core.config.LoggerConfig$RootLogger].
DEBUG StatusLogger createLogger(additivity="null", level="DEBUG", includeLocation="null", ={DRFA, console}, ={}, Configuration(HiveLog4j2Test), Filter=null)
DEBUG StatusLogger Building Plugin[name=loggers, class=org.apache.logging.log4j.core.config.LoggersPlugin].
DEBUG StatusLogger createLoggers(={org.apache.hadoop.ipc, org.apache.hadoop.security, org.apache.hadoop.hdfs, org.apache.hadoop.hdfs.server, org.apache.hadoop.metrics2, org.mortbay, org.apache.hadoop.yarn, org.apache.hadoop.yarn.server, org.apache.tez, org.apache.hadoop.conf.Configuration, org.apache.zookeeper, org.apache.zookeeper.server.ServerCnxn, org.apache.zookeeper.server.NIOServerCnxn, org.apache.zookeeper.ClientCnxn, org.apache.zookeeper.ClientCnxnSocket, org.apache.zookeeper.ClientCnxnSocketNIO, DataNucleus, Datastore, JPOX, org.apache.hadoop.hive.ql.exec.Operator, org.apache.hadoop.hive.serde2.lazy, org.apache.hadoop.hive.metastore.ObjectStore, org.apache.calcite.plan.RelOptPlanner, com.amazonaws, org.apache.http, org.apache.thrift, org.eclipse.jetty, BlockStateChange, org.apache.hadoop.hive.ql.optimizer.SharedWorkOptimizer, root})
DEBUG StatusLogger Building Plugin[name=layout, class=org.apache.logging.log4j.core.layout.PatternLayout].
DEBUG StatusLogger PatternLayout$Builder(header="null", footer="null", charset="null", pattern="%d{ISO8601} %5p [%t] %c{2}: %m%n", noConsoleNoAnsi="null", alwaysWriteExceptions="null", Configuration(HiveLog4j2Test), PatternSelector=null, Replace=null, disableAnsi="null")
DEBUG StatusLogger PluginManager 'Converter' found 46 plugins
DEBUG StatusLogger Building Plugin[name=appender, class=org.apache.logging.log4j.core.appender.ConsoleAppender].
DEBUG StatusLogger ConsoleAppender$Builder(direct="null", target="SYSTEM_ERR", follow="null", bufferedIo="null", bufferSize="null", immediateFlush="null", name="console", PatternLayout(%d{ISO8601} %5p [%t] %c{2}: %m%n), ignoreExceptions="null", Configuration(HiveLog4j2Test), Filter=null, ={})
DEBUG StatusLogger Starting OutputStreamManager SYSTEM_ERR.false.false
DEBUG StatusLogger Building Plugin[name=layout, class=org.apache.logging.log4j.core.layout.PatternLayout].
DEBUG StatusLogger PatternLayout$Builder(alwaysWriteExceptions="null", noConsoleNoAnsi="null", header="null", Configuration(HiveLog4j2Test), PatternSelector=null, footer="null", Replace=null, charset="null", pattern="%d{ISO8601} %5p [%t] %c{2}: %m%n", disableAnsi="null")
DEBUG StatusLogger Building Plugin[name=TimeBasedTriggeringPolicy, class=org.apache.logging.log4j.core.appender.rolling.TimeBasedTriggeringPolicy].
DEBUG StatusLogger TimeBasedTriggeringPolicy$Builder(modulate="true", interval="1", maxRandomDelay="null")
DEBUG StatusLogger Building Plugin[name=Policies, class=org.apache.logging.log4j.core.appender.rolling.CompositeTriggeringPolicy].
DEBUG StatusLogger createPolicy(={TimeBasedTriggeringPolicy(nextRolloverMillis=0, interval=1, modulate=true)})
DEBUG StatusLogger Building Plugin[name=DefaultRolloverStrategy, class=org.apache.logging.log4j.core.appender.rolling.DefaultRolloverStrategy].
DEBUG StatusLogger DefaultRolloverStrategy$Builder(stopCustomActionsOnError="null", fileIndex="null", min="null", Configuration(HiveLog4j2Test), compressionLevel="null", max="30", tempCompressedFilePattern="null", ={})
DEBUG StatusLogger Building Plugin[name=appender, class=org.apache.logging.log4j.core.appender.RollingRandomAccessFileAppender].
DEBUG StatusLogger RollingRandomAccessFileAppender$Builder(filePattern="/home/alex/Repositories/hive/ql/target/tmp/log/hive.log.%d{yyyy-MM-dd}", append="null", DefaultRolloverStrategy(DefaultRolloverStrategy(min=1, max=30, useMax=true)), Policies(CompositeTriggeringPolicy(policies=[TimeBasedTriggeringPolicy(nextRolloverMillis=0, interval=1, modulate=true)])), advertiseURI="null", fileGroup="null", fileOwner="null", fileName="/home/alex/Repositories/hive/ql/target/tmp/log/hive.log", filePermissions="null", advertise="null", bufferedIo="null", bufferSize="null", immediateFlush="null", PatternLayout(%d{ISO8601} %5p [%t] %c{2}: %m%n), ignoreExceptions="null", name="DRFA", Configuration(HiveLog4j2Test), ={}, Filter=null)
TRACE StatusLogger RandomAccessFile /home/alex/Repositories/hive/ql/target/tmp/log/hive.log seek to 2401699002
DEBUG StatusLogger Starting RollingRandomAccessFileManager /home/alex/Repositories/hive/ql/target/tmp/log/hive.log
DEBUG StatusLogger PluginManager 'FileConverter' found 3 plugins
DEBUG StatusLogger Setting prev file time to 2024-04-24T05:30:40.232-0700
DEBUG StatusLogger Initializing triggering policy CompositeTriggeringPolicy(policies=[TimeBasedTriggeringPolicy(nextRolloverMillis=0, interval=1, modulate=true)])
DEBUG StatusLogger Initializing triggering policy TimeBasedTriggeringPolicy(nextRolloverMillis=0, interval=1, modulate=true)
TRACE StatusLogger PatternProcessor.getNextTime returning 2024/04/25-00:00:00.000, nextFileTime=2024/04/24-00:00:00.000, prevFileTime=1969/12/31-16:00:00.000, current=2024/04/24-05:30:43.200, freq=DAILY
TRACE StatusLogger PatternProcessor.getNextTime returning 2024/04/25-00:00:00.000, nextFileTime=2024/04/24-00:00:00.000, prevFileTime=2024/04/24-00:00:00.000, current=2024/04/24-05:30:43.200, freq=DAILY
DEBUG StatusLogger Building Plugin[name=appenders, class=org.apache.logging.log4j.core.config.AppendersPlugin].
DEBUG StatusLogger createAppenders(={console, DRFA})
DEBUG StatusLogger Configuration org.apache.logging.log4j.core.config.properties.PropertiesConfiguration@2657d4dd initialized
DEBUG StatusLogger Starting configuration org.apache.logging.log4j.core.config.properties.PropertiesConfiguration@2657d4dd
DEBUG StatusLogger Started configuration org.apache.logging.log4j.core.config.properties.PropertiesConfiguration@2657d4dd OK.
TRACE StatusLogger Stopping org.apache.logging.log4j.core.config.DefaultConfiguration@6a2b953e...
TRACE StatusLogger DefaultConfiguration notified 1 ReliabilityStrategies that config will be stopped.
TRACE StatusLogger DefaultConfiguration stopping root LoggerConfig.
TRACE StatusLogger DefaultConfiguration notifying ReliabilityStrategies that appenders will be stopped.
TRACE StatusLogger DefaultConfiguration stopping remaining Appenders.
DEBUG StatusLogger Shutting down OutputStreamManager SYSTEM_OUT.false.false-1
DEBUG StatusLogger OutputStream closed
DEBUG StatusLogger Shut down OutputStreamManager SYSTEM_OUT.false.false-1, all resources released: true
DEBUG StatusLogger Appender DefaultConsole-1 stopped with status true
TRACE StatusLogger DefaultConfiguration stopped 1 remaining Appenders.
TRACE StatusLogger DefaultConfiguration cleaning Appenders from 1 LoggerConfigs.
DEBUG StatusLogger Stopped org.apache.logging.log4j.core.config.DefaultConfiguration@6a2b953e OK
TRACE StatusLogger Reregistering MBeans after reconfigure. Selector=org.apache.logging.log4j.core.selector.ClassLoaderContextSelector@4097cac
TRACE StatusLogger Reregistering context (1/1): '330bedb4' org.apache.logging.log4j.core.LoggerContext@609e8838
TRACE StatusLogger Unregistering but no MBeans found matching 'org.apache.logging.log4j2:type=330bedb4'
TRACE StatusLogger Unregistering but no MBeans found matching 'org.apache.logging.log4j2:type=330bedb4,component=StatusLogger'
TRACE StatusLogger Unregistering but no MBeans found matching 'org.apache.logging.log4j2:type=330bedb4,component=ContextSelector'
TRACE StatusLogger Unregistering but no MBeans found matching 'org.apache.logging.log4j2:type=330bedb4,component=Loggers,name=*'
TRACE StatusLogger Unregistering but no MBeans found matching 'org.apache.logging.log4j2:type=330bedb4,component=Appenders,name=*'
TRACE StatusLogger Unregistering but no MBeans found matching 'org.apache.logging.log4j2:type=330bedb4,component=AsyncAppenders,name=*'
TRACE StatusLogger Unregistering but no MBeans found matching 'org.apache.logging.log4j2:type=330bedb4,component=AsyncLoggerRingBuffer'
TRACE StatusLogger Unregistering but no MBeans found matching 'org.apache.logging.log4j2:type=330bedb4,component=Loggers,name=*,subtype=RingBuffer'
DEBUG StatusLogger Registering MBean org.apache.logging.log4j2:type=330bedb4
DEBUG StatusLogger Registering MBean org.apache.logging.log4j2:type=330bedb4,component=StatusLogger
DEBUG StatusLogger Registering MBean org.apache.logging.log4j2:type=330bedb4,component=ContextSelector
DEBUG StatusLogger Registering MBean org.apache.logging.log4j2:type=330bedb4,component=Loggers,name=
DEBUG StatusLogger Registering MBean org.apache.logging.log4j2:type=330bedb4,component=Loggers,name=org.apache.calcite.plan.RelOptPlanner
DEBUG StatusLogger Registering MBean org.apache.logging.log4j2:type=330bedb4,component=Loggers,name=com.amazonaws
DEBUG StatusLogger Registering MBean org.apache.logging.log4j2:type=330bedb4,component=Loggers,name=org.apache.thrift
DEBUG StatusLogger Registering MBean org.apache.logging.log4j2:type=330bedb4,component=Loggers,name=org.mortbay
DEBUG StatusLogger Registering MBean org.apache.logging.log4j2:type=330bedb4,component=Loggers,name=org.apache.zookeeper
DEBUG StatusLogger Registering MBean org.apache.logging.log4j2:type=330bedb4,component=Loggers,name=DataNucleus
DEBUG StatusLogger Registering MBean org.apache.logging.log4j2:type=330bedb4,component=Loggers,name=org.apache.hadoop.hive.ql.optimizer.SharedWorkOptimizer
DEBUG StatusLogger Registering MBean org.apache.logging.log4j2:type=330bedb4,component=Loggers,name=Datastore
DEBUG StatusLogger Registering MBean org.apache.logging.log4j2:type=330bedb4,component=Loggers,name=org.apache.hadoop.hive.metastore.ObjectStore
DEBUG StatusLogger Registering MBean org.apache.logging.log4j2:type=330bedb4,component=Loggers,name=org.apache.zookeeper.server.NIOServerCnxn
DEBUG StatusLogger Registering MBean org.apache.logging.log4j2:type=330bedb4,component=Loggers,name=org.apache.zookeeper.ClientCnxnSocket
DEBUG StatusLogger Registering MBean org.apache.logging.log4j2:type=330bedb4,component=Loggers,name=org.apache.tez
DEBUG StatusLogger Registering MBean org.apache.logging.log4j2:type=330bedb4,component=Loggers,name=org.apache.http
DEBUG StatusLogger Registering MBean org.apache.logging.log4j2:type=330bedb4,component=Loggers,name=org.apache.hadoop.security
DEBUG StatusLogger Registering MBean org.apache.logging.log4j2:type=330bedb4,component=Loggers,name=JPOX
DEBUG StatusLogger Registering MBean org.apache.logging.log4j2:type=330bedb4,component=Loggers,name=org.apache.hadoop.hive.ql.exec.Operator
DEBUG StatusLogger Registering MBean org.apache.logging.log4j2:type=330bedb4,component=Loggers,name=org.apache.hadoop.yarn
DEBUG StatusLogger Registering MBean org.apache.logging.log4j2:type=330bedb4,component=Loggers,name=org.apache.zookeeper.ClientCnxnSocketNIO
DEBUG StatusLogger Registering MBean org.apache.logging.log4j2:type=330bedb4,component=Loggers,name=org.apache.hadoop.metrics2
DEBUG StatusLogger Registering MBean org.apache.logging.log4j2:type=330bedb4,component=Loggers,name=org.apache.zookeeper.ClientCnxn
DEBUG StatusLogger Registering MBean org.apache.logging.log4j2:type=330bedb4,component=Loggers,name=org.apache.zookeeper.server.ServerCnxn
DEBUG StatusLogger Registering MBean org.apache.logging.log4j2:type=330bedb4,component=Loggers,name=org.apache.hadoop.ipc
DEBUG StatusLogger Registering MBean org.apache.logging.log4j2:type=330bedb4,component=Loggers,name=org.apache.hadoop.hdfs.server
DEBUG StatusLogger Registering MBean org.apache.logging.log4j2:type=330bedb4,component=Loggers,name=org.apache.hadoop.hive.serde2.lazy
DEBUG StatusLogger Registering MBean org.apache.logging.log4j2:type=330bedb4,component=Loggers,name=org.apache.hadoop.conf.Configuration
DEBUG StatusLogger Registering MBean org.apache.logging.log4j2:type=330bedb4,component=Loggers,name=org.apache.hadoop.hdfs
DEBUG StatusLogger Registering MBean org.apache.logging.log4j2:type=330bedb4,component=Loggers,name=org.eclipse.jetty
DEBUG StatusLogger Registering MBean org.apache.logging.log4j2:type=330bedb4,component=Loggers,name=BlockStateChange
DEBUG StatusLogger Registering MBean org.apache.logging.log4j2:type=330bedb4,component=Loggers,name=org.apache.hadoop.yarn.server
DEBUG StatusLogger Registering MBean org.apache.logging.log4j2:type=330bedb4,component=Appenders,name=console
DEBUG StatusLogger Registering MBean org.apache.logging.log4j2:type=330bedb4,component=Appenders,name=DRFA
TRACE StatusLogger Using default SystemClock for timestamps.
DEBUG StatusLogger org.apache.logging.log4j.core.util.SystemClock does not support precise timestamps.
TRACE StatusLogger Using DummyNanoClock for nanosecond timestamps.
DEBUG StatusLogger Reconfiguration complete for context[name=330bedb4] at URI /home/alex/Repositories/hive/ql/target/testconf/hive-log4j2.properties (org.apache.logging.log4j.core.LoggerContext@609e8838) with optional ClassLoader: null
DEBUG StatusLogger Shutdown hook enabled. Registering a new one.
DEBUG StatusLogger LoggerContext[name=330bedb4, org.apache.logging.log4j.core.LoggerContext@609e8838] started OK.
2024-04-24T05:30:43,302  INFO [main] conf.HiveConf: Found configuration file file:/home/alex/Repositories/hive/ql/target/testconf/hive-site.xml
DEBUG StatusLogger AsyncLogger.ThreadNameStrategy=UNCACHED (user specified null, default is UNCACHED)
TRACE StatusLogger Using default SystemClock for timestamps.
DEBUG StatusLogger org.apache.logging.log4j.core.util.SystemClock does not support precise timestamps.
2024-04-24T05:30:43,697  WARN [main] util.NativeCodeLoader: Unable to load native-hadoop library for your platform... using builtin-java classes where applicable
2024-04-24T05:30:43,758  WARN [main] conf.HiveConf: HiveConf of name hive.llap.io.cache.orc.arena.size does not exist
2024-04-24T05:30:43,758  WARN [main] conf.HiveConf: HiveConf of name hive.dummyparam.test.server.specific.config.metastoresite does not exist
2024-04-24T05:30:43,759  WARN [main] conf.HiveConf: HiveConf of name hive.metastore.client.cache.recordStats does not exist
2024-04-24T05:30:43,759  WARN [main] conf.HiveConf: HiveConf of name hive.dummyparam.test.server.specific.config.override does not exist
2024-04-24T05:30:43,760  WARN [main] conf.HiveConf: HiveConf of name hive.llap.io.cache.orc.alloc.min does not exist
2024-04-24T05:30:43,760  WARN [main] conf.HiveConf: HiveConf of name hive.metastore.metadb.dir does not exist
2024-04-24T05:30:43,760  WARN [main] conf.HiveConf: HiveConf of name hive.dummyparam.test.server.specific.config.hivesite does not exist
2024-04-24T05:30:43,761  WARN [main] conf.HiveConf: HiveConf of name hive.llap.io.cache.orc.size does not exist
2024-04-24T05:30:43,761  WARN [main] conf.HiveConf: HiveConf of name hive.stats.key.prefix.reserve.length does not exist
2024-04-24T05:30:43,761  WARN [main] conf.HiveConf: HiveConf of name hive.llap.io.cache.orc.alloc.max does not exist
2024-04-24T05:30:43,761  WARN [main] conf.HiveConf: HiveConf of name hive.metastore.client.cache.maxSize does not exist
2024-04-24T05:30:43,845  WARN [main] hikari.HikariConfig: HikariPool-1 - leakDetectionThreshold is less than 2000ms or more than maxLifetime, disabling it.
2024-04-24T05:30:43,851  INFO [main] hikari.HikariDataSource: HikariPool-1 - Starting...
2024-04-24T05:30:44,424  INFO [main] pool.PoolBase: HikariPool-1 - Driver does not support get/set network timeout for connections. (Feature not implemented: No details.)
2024-04-24T05:30:44,428  INFO [main] hikari.HikariDataSource: HikariPool-1 - Start completed.
2024-04-24T05:30:44,430  WARN [main] hikari.HikariConfig: HikariPool-2 - leakDetectionThreshold is less than 2000ms or more than maxLifetime, disabling it.
2024-04-24T05:30:44,434  INFO [main] hikari.HikariDataSource: HikariPool-2 - Starting...
2024-04-24T05:30:44,437  INFO [main] pool.PoolBase: HikariPool-2 - Driver does not support get/set network timeout for connections. (Feature not implemented: No details.)
2024-04-24T05:30:44,438  INFO [main] hikari.HikariDataSource: HikariPool-2 - Start completed.
2024-04-24T05:30:44,588  INFO [main] utils.TestTxnDbUtil: Creating transactional tables
2024-04-24T05:30:44,596  INFO [main] utils.TestTxnDbUtil: Reinitializing the metastore db with hive-schema-4.0.0.derby.sql on the database jdbc:derby:memory:/home/alex/Repositories/hive/ql/target/tmp/junit_metastore_db;create=true
Hive Session ID = 7d73e23b-ad05-482d-8b15-60940bef43bc
2024-04-24T05:30:45,494  INFO [main] SessionState: Hive Session ID = 7d73e23b-ad05-482d-8b15-60940bef43bc
ivysettings.xml file not found in HIVE_HOME or HIVE_CONF_DIR,/home/alex/Repositories/hive/conf/ivysettings.xml will be used
2024-04-24T05:30:45,504  INFO [main] DependencyResolver: ivysettings.xml file not found in HIVE_HOME or HIVE_CONF_DIR,/home/alex/Repositories/hive/conf/ivysettings.xml will be used
log4j:WARN No appenders could be found for logger (org.apache.htrace.core.Tracer).
log4j:WARN Please initialize the log4j system properly.
log4j:WARN See http://logging.apache.org/log4j/1.2/faq.html#noconfig for more info.
2024-04-24T05:30:45,862  INFO [main] session.SessionState: Created HDFS directory: /home/alex/Repositories/hive/ql/target/tmp/scratchdir/alex/7d73e23b-ad05-482d-8b15-60940bef43bc
2024-04-24T05:30:45,865  INFO [main] session.SessionState: Created local directory: /home/alex/Repositories/hive/ql/target/tmp/localscratchdir/7d73e23b-ad05-482d-8b15-60940bef43bc
2024-04-24T05:30:45,868  INFO [main] session.SessionState: Created HDFS directory: /home/alex/Repositories/hive/ql/target/tmp/scratchdir/alex/7d73e23b-ad05-482d-8b15-60940bef43bc/_tmp_space.db
2024-04-24T05:30:45,896  INFO [main] sqlstd.SQLStdHiveAccessController: Created SQLStdHiveAccessController for session context : HiveAuthzSessionContext [sessionString=7d73e23b-ad05-482d-8b15-60940bef43bc, clientType=HIVECLI]
2024-04-24T05:30:45,930  INFO [main] metastore.HiveMetaStoreClient: HMS client filtering is enabled.
2024-04-24T05:30:46,054  INFO [main] metastore.HMSHandler: 0: Opening raw store with implementation class:org.apache.hadoop.hive.metastore.ObjectStore
2024-04-24T05:30:46,089  INFO [main] metastore.PersistenceManagerProvider: Configuration datanucleus.autoStartMechanismMode is not set. Defaulting to 'ignored'
2024-04-24T05:30:46,092  INFO [main] metastore.PersistenceManagerProvider: Updating the pmf due to property change
2024-04-24T05:30:46,092  INFO [main] metastore.PersistenceManagerProvider: Current pmf properties are uninitialized
2024-04-24T05:30:46,094  WARN [main] hikari.HikariConfig: HikariPool-3 - leakDetectionThreshold is less than 2000ms or more than maxLifetime, disabling it.
2024-04-24T05:30:46,097  INFO [main] hikari.HikariDataSource: HikariPool-3 - Starting...
2024-04-24T05:30:46,098  INFO [main] pool.PoolBase: HikariPool-3 - Driver does not support get/set network timeout for connections. (Feature not implemented: No details.)
2024-04-24T05:30:46,099  INFO [main] hikari.HikariDataSource: HikariPool-3 - Start completed.
2024-04-24T05:30:46,498  INFO [main] metastore.PersistenceManagerProvider: Setting MetaStore object pin classes with hive.metastore.cache.pinobjtypes="Table,StorageDescriptor,SerDeInfo,Partition,Database,Type,FieldSchema,Order"
2024-04-24T05:30:46,498  INFO [main] metastore.ObjectStore: RawStore: org.apache.hadoop.hive.metastore.ObjectStore@4a481728, with PersistenceManager: null will be shutdown
2024-04-24T05:30:46,523  INFO [main] metastore.ObjectStore: RawStore: org.apache.hadoop.hive.metastore.ObjectStore@4a481728, with PersistenceManager: org.datanucleus.api.jdo.JDOPersistenceManager@63300c4b created in the thread with id: 1
2024-04-24T05:30:48,604  INFO [main] metastore.HMSHandler: Created RawStore: org.apache.hadoop.hive.metastore.ObjectStore@4a481728 from thread id: 1
2024-04-24T05:30:48,622  INFO [main] metastore.HMSHandler: Setting location of default catalog, as it hasn't been done after upgrade
2024-04-24T05:30:48,657  INFO [main] metastore.HMSHandler: Started creating a default database with name: default
2024-04-24T05:30:48,704  INFO [main] metastore.HMSHandler: Successfully created a default database with name: default
2024-04-24T05:30:48,726  INFO [main] metastore.HMSHandler: Added admin role in metastore
2024-04-24T05:30:48,729  INFO [main] metastore.HMSHandler: Added public role in metastore
2024-04-24T05:30:48,804  INFO [main] metastore.HMSHandler: Added hive_admin_user to admin role
2024-04-24T05:30:48,811  INFO [main] metastore.HMSHandler: Scheduling for org.apache.hadoop.hive.metastore.HiveProtoEventsCleanerTask service with frequency 86400000ms.
2024-04-24T05:30:48,812  INFO [main] metastore.HMSHandler: Scheduling for org.apache.hadoop.hive.metastore.ScheduledQueryExecutionsMaintTask service with frequency 60000ms.
2024-04-24T05:30:48,813  INFO [main] metastore.HMSHandler: Scheduling for org.apache.hadoop.hive.metastore.ReplicationMetricsMaintTask service with frequency 86400000ms.
2024-04-24T05:30:48,817  INFO [main] metastore.HMSHandler: Scheduling for org.apache.hadoop.hive.metastore.metrics.AcidMetricService service with frequency 300000ms.
2024-04-24T05:30:48,818  INFO [main] metastore.HMSHandler: Scheduling for org.apache.hadoop.hive.metastore.events.EventCleanerTask service with frequency 0ms.
2024-04-24T05:30:48,819  INFO [main] metastore.HMSHandler: Scheduling for org.apache.hadoop.hive.metastore.RuntimeStatsCleanerTask service with frequency 3600000ms.
2024-04-24T05:30:48,822  INFO [main] metastore.HMSHandler: HMS server filtering is disabled by configuration
2024-04-24T05:30:48,958  INFO [main] metastore.RetryingMetaStoreClient: RetryingMetaStoreClient proxy=class org.apache.hadoop.hive.ql.metadata.SessionHiveMetaStoreClient ugi=alex (auth:SIMPLE) retries=1 delay=1 lifetime=0
2024-04-24T05:30:49,001  INFO [main] ql.TxnCommandsBaseForTests: Running the query: drop table if exists acidTbl
2024-04-24T05:30:49,031  INFO [main] ql.Driver: Compiling command(queryId=alex_20240424053049_8a8a7847-8633-4604-befb-25f44dba2400): drop table if exists acidTbl
2024-04-24T05:30:49,879  INFO [main] reflections.Reflections: Reflections took 194 ms to scan 2 urls, producing 53 keys and 784 values 
2024-04-24T05:30:50,033  INFO [main] reflections.Reflections: Reflections took 125 ms to scan 2 urls, producing 53 keys and 784 values 
2024-04-24T05:30:50,159  INFO [main] reflections.Reflections: Reflections took 119 ms to scan 2 urls, producing 53 keys and 784 values 
2024-04-24T05:30:50,188  INFO [main] txn.TxnHandler: Added entries to MIN_HISTORY_LEVEL for current txns: ([1]) with min_open_txn: 1
2024-04-24T05:30:50,201  INFO [main] lockmgr.DbTxnManager: Opened txnid:1
2024-04-24T05:30:50,212  INFO [main] HiveMetaStore.audit: ugi=alex	ip=unknown-ip-addr	cmd=get_table : tbl=hive.default.acidTbl	
2024-04-24T05:30:50,354  INFO [main] reflections.Reflections: Reflections took 122 ms to scan 2 urls, producing 53 keys and 784 values 
2024-04-24T05:30:50,390  INFO [main] ql.Driver: Semantic Analysis Completed (retrial = false)
2024-04-24T05:30:50,391  INFO [main] ql.Driver: Created Hive schema: Schema(fieldSchemas:null, properties:null)
2024-04-24T05:30:50,394  INFO [main] metadata.Hive: Dumping metastore api call timing information for : compilation phase
2024-04-24T05:30:50,394  INFO [main] metadata.Hive: Total time spent in each metastore function (ms): {getValidTxns_(long)=7, isCompatibleWith_(Configuration)=1, openTxn_(String, TxnType)=33, flushCache_()=0}
2024-04-24T05:30:50,395  INFO [main] ql.Driver: Completed compiling command(queryId=alex_20240424053049_8a8a7847-8633-4604-befb-25f44dba2400); Time taken: 1.365 seconds
2024-04-24T05:30:50,397  INFO [main] lockmgr.DbTxnManager: Setting lock request transaction to txnid:1 for queryId=alex_20240424053049_8a8a7847-8633-4604-befb-25f44dba2400
2024-04-24T05:30:50,397  INFO [main] ql.Driver: Operation DROPTABLE obtained 0 locks
2024-04-24T05:30:50,400  INFO [main] ql.Driver: Executing command(queryId=alex_20240424053049_8a8a7847-8633-4604-befb-25f44dba2400): drop table if exists acidTbl
2024-04-24T05:30:50,403  INFO [main] ql.Driver: Starting task [Stage-0:DDL] in serial mode
2024-04-24T05:30:50,404  INFO [main] HiveMetaStore.audit: ugi=alex	ip=unknown-ip-addr	cmd=get_table : tbl=hive.default.acidTbl	
2024-04-24T05:30:50,420  INFO [main] metadata.Hive: Dumping metastore api call timing information for : execution phase
2024-04-24T05:30:50,421  INFO [main] metadata.Hive: Total time spent in each metastore function (ms): {isCompatibleWith_(Configuration)=0}
2024-04-24T05:30:50,421  INFO [main] ql.Driver: Completed executing command(queryId=alex_20240424053049_8a8a7847-8633-4604-befb-25f44dba2400); Time taken: 0.02 seconds
2024-04-24T05:30:50,421  INFO [main] lockmgr.DbTxnManager: Stopped heartbeat for query: alex_20240424053049_8a8a7847-8633-4604-befb-25f44dba2400
2024-04-24T05:30:50,433  INFO [main] txn.TxnHandler: Expected to move at least one record from txn_components to completed_txn_components when committing txn! txnid:1
2024-04-24T05:30:50,448  INFO [main] txn.TxnHandler: Removed transactions: ([1]) from MIN_HISTORY_LEVEL
2024-04-24T05:30:50,450  WARN [main] txn.CompactionTxnHandler: No compaction queue record found for Compaction type transaction commit. txnId:1
2024-04-24T05:30:50,452  INFO [main] ql.TxnCommandsBaseForTests: Running the query: drop table if exists acidTblPart
2024-04-24T05:30:50,453  INFO [main] ql.Driver: Compiling command(queryId=alex_20240424053050_fccebd54-3550-45d5-a91f-ccba4cbbbab2): drop table if exists acidTblPart
2024-04-24T05:30:50,457  INFO [main] txn.TxnHandler: Added entries to MIN_HISTORY_LEVEL for current txns: ([2]) with min_open_txn: 1
2024-04-24T05:30:50,458  INFO [main] lockmgr.DbTxnManager: Opened txnid:2
2024-04-24T05:30:50,460  INFO [main] HiveMetaStore.audit: ugi=alex	ip=unknown-ip-addr	cmd=get_table : tbl=hive.default.acidTblPart	
2024-04-24T05:30:50,465  INFO [main] ql.Driver: Semantic Analysis Completed (retrial = false)
2024-04-24T05:30:50,465  INFO [main] ql.Driver: Created Hive schema: Schema(fieldSchemas:null, properties:null)
2024-04-24T05:30:50,465  INFO [main] metadata.Hive: Dumping metastore api call timing information for : compilation phase
2024-04-24T05:30:50,465  INFO [main] metadata.Hive: Total time spent in each metastore function (ms): {flushCache_()=1, openTxn_(String, TxnType)=4, getValidTxns_(long)=1, isCompatibleWith_(Configuration)=2, commitTxn_(CommitTxnRequest)=29}
2024-04-24T05:30:50,465  INFO [main] ql.Driver: Completed compiling command(queryId=alex_20240424053050_fccebd54-3550-45d5-a91f-ccba4cbbbab2); Time taken: 0.012 seconds
2024-04-24T05:30:50,466  INFO [main] lockmgr.DbTxnManager: Setting lock request transaction to txnid:2 for queryId=alex_20240424053050_fccebd54-3550-45d5-a91f-ccba4cbbbab2
2024-04-24T05:30:50,466  INFO [main] ql.Driver: Operation DROPTABLE obtained 0 locks
2024-04-24T05:30:50,466  INFO [main] ql.Driver: Executing command(queryId=alex_20240424053050_fccebd54-3550-45d5-a91f-ccba4cbbbab2): drop table if exists acidTblPart
2024-04-24T05:30:50,466  INFO [main] ql.Driver: Starting task [Stage-0:DDL] in serial mode
2024-04-24T05:30:50,467  INFO [main] HiveMetaStore.audit: ugi=alex	ip=unknown-ip-addr	cmd=get_table : tbl=hive.default.acidTblPart	
2024-04-24T05:30:50,471  INFO [main] metadata.Hive: Dumping metastore api call timing information for : execution phase
2024-04-24T05:30:50,472  INFO [main] metadata.Hive: Total time spent in each metastore function (ms): {isCompatibleWith_(Configuration)=0}
2024-04-24T05:30:50,472  INFO [main] ql.Driver: Completed executing command(queryId=alex_20240424053050_fccebd54-3550-45d5-a91f-ccba4cbbbab2); Time taken: 0.005 seconds
2024-04-24T05:30:50,472  INFO [main] lockmgr.DbTxnManager: Stopped heartbeat for query: alex_20240424053050_fccebd54-3550-45d5-a91f-ccba4cbbbab2
2024-04-24T05:30:50,480  INFO [main] txn.TxnHandler: Expected to move at least one record from txn_components to completed_txn_components when committing txn! txnid:2
2024-04-24T05:30:50,489  INFO [main] txn.TxnHandler: Removed transactions: ([2]) from MIN_HISTORY_LEVEL
2024-04-24T05:30:50,489  WARN [main] txn.CompactionTxnHandler: No compaction queue record found for Compaction type transaction commit. txnId:2
2024-04-24T05:30:50,491  INFO [main] ql.TxnCommandsBaseForTests: Running the query: drop table if exists acidTbl2
2024-04-24T05:30:50,491  INFO [main] ql.Driver: Compiling command(queryId=alex_20240424053050_3aac6792-76eb-4ce5-888a-0b405f29629c): drop table if exists acidTbl2
2024-04-24T05:30:50,496  INFO [main] txn.TxnHandler: Added entries to MIN_HISTORY_LEVEL for current txns: ([3]) with min_open_txn: 1
2024-04-24T05:30:50,496  INFO [main] lockmgr.DbTxnManager: Opened txnid:3
2024-04-24T05:30:50,498  INFO [main] HiveMetaStore.audit: ugi=alex	ip=unknown-ip-addr	cmd=get_table : tbl=hive.default.acidTbl2	
2024-04-24T05:30:50,502  INFO [main] ql.Driver: Semantic Analysis Completed (retrial = false)
2024-04-24T05:30:50,502  INFO [main] ql.Driver: Created Hive schema: Schema(fieldSchemas:null, properties:null)
2024-04-24T05:30:50,503  INFO [main] metadata.Hive: Dumping metastore api call timing information for : compilation phase
2024-04-24T05:30:50,503  INFO [main] metadata.Hive: Total time spent in each metastore function (ms): {openTxn_(String, TxnType)=4, commitTxn_(CommitTxnRequest)=18, flushCache_()=0, isCompatibleWith_(Configuration)=0, getValidTxns_(long)=1}
2024-04-24T05:30:50,503  INFO [main] ql.Driver: Completed compiling command(queryId=alex_20240424053050_3aac6792-76eb-4ce5-888a-0b405f29629c); Time taken: 0.011 seconds
2024-04-24T05:30:50,503  INFO [main] lockmgr.DbTxnManager: Setting lock request transaction to txnid:3 for queryId=alex_20240424053050_3aac6792-76eb-4ce5-888a-0b405f29629c
2024-04-24T05:30:50,503  INFO [main] ql.Driver: Operation DROPTABLE obtained 0 locks
2024-04-24T05:30:50,503  INFO [main] ql.Driver: Executing command(queryId=alex_20240424053050_3aac6792-76eb-4ce5-888a-0b405f29629c): drop table if exists acidTbl2
2024-04-24T05:30:50,504  INFO [main] ql.Driver: Starting task [Stage-0:DDL] in serial mode
2024-04-24T05:30:50,504  INFO [main] HiveMetaStore.audit: ugi=alex	ip=unknown-ip-addr	cmd=get_table : tbl=hive.default.acidTbl2	
2024-04-24T05:30:50,508  INFO [main] metadata.Hive: Dumping metastore api call timing information for : execution phase
2024-04-24T05:30:50,509  INFO [main] metadata.Hive: Total time spent in each metastore function (ms): {isCompatibleWith_(Configuration)=0}
2024-04-24T05:30:50,509  INFO [main] ql.Driver: Completed executing command(queryId=alex_20240424053050_3aac6792-76eb-4ce5-888a-0b405f29629c); Time taken: 0.005 seconds
2024-04-24T05:30:50,509  INFO [main] lockmgr.DbTxnManager: Stopped heartbeat for query: alex_20240424053050_3aac6792-76eb-4ce5-888a-0b405f29629c
2024-04-24T05:30:50,517  INFO [main] txn.TxnHandler: Expected to move at least one record from txn_components to completed_txn_components when committing txn! txnid:3
2024-04-24T05:30:50,526  INFO [main] txn.TxnHandler: Removed transactions: ([3]) from MIN_HISTORY_LEVEL
2024-04-24T05:30:50,526  WARN [main] txn.CompactionTxnHandler: No compaction queue record found for Compaction type transaction commit. txnId:3
2024-04-24T05:30:50,527  INFO [main] ql.TxnCommandsBaseForTests: Running the query: drop table if exists nonAcidOrcTbl
2024-04-24T05:30:50,528  INFO [main] ql.Driver: Compiling command(queryId=alex_20240424053050_63b2d430-49e9-4584-9a76-6066d850acc0): drop table if exists nonAcidOrcTbl
2024-04-24T05:30:50,532  INFO [main] txn.TxnHandler: Added entries to MIN_HISTORY_LEVEL for current txns: ([4]) with min_open_txn: 1
2024-04-24T05:30:50,532  INFO [main] lockmgr.DbTxnManager: Opened txnid:4
2024-04-24T05:30:50,543  INFO [main] HiveMetaStore.audit: ugi=alex	ip=unknown-ip-addr	cmd=get_table : tbl=hive.default.nonAcidOrcTbl	
2024-04-24T05:30:50,547  INFO [main] ql.Driver: Semantic Analysis Completed (retrial = false)
2024-04-24T05:30:50,547  INFO [main] ql.Driver: Created Hive schema: Schema(fieldSchemas:null, properties:null)
2024-04-24T05:30:50,547  INFO [main] metadata.Hive: Dumping metastore api call timing information for : compilation phase
2024-04-24T05:30:50,547  INFO [main] metadata.Hive: Total time spent in each metastore function (ms): {commitTxn_(CommitTxnRequest)=18, getValidTxns_(long)=1, openTxn_(String, TxnType)=3, flushCache_()=0, isCompatibleWith_(Configuration)=1}
2024-04-24T05:30:50,548  INFO [main] ql.Driver: Completed compiling command(queryId=alex_20240424053050_63b2d430-49e9-4584-9a76-6066d850acc0); Time taken: 0.019 seconds
2024-04-24T05:30:50,548  INFO [main] lockmgr.DbTxnManager: Setting lock request transaction to txnid:4 for queryId=alex_20240424053050_63b2d430-49e9-4584-9a76-6066d850acc0
2024-04-24T05:30:50,548  INFO [main] ql.Driver: Operation DROPTABLE obtained 0 locks
2024-04-24T05:30:50,548  INFO [main] ql.Driver: Executing command(queryId=alex_20240424053050_63b2d430-49e9-4584-9a76-6066d850acc0): drop table if exists nonAcidOrcTbl
2024-04-24T05:30:50,548  INFO [main] ql.Driver: Starting task [Stage-0:DDL] in serial mode
2024-04-24T05:30:50,549  INFO [main] HiveMetaStore.audit: ugi=alex	ip=unknown-ip-addr	cmd=get_table : tbl=hive.default.nonAcidOrcTbl	
2024-04-24T05:30:50,553  INFO [main] metadata.Hive: Dumping metastore api call timing information for : execution phase
2024-04-24T05:30:50,553  INFO [main] metadata.Hive: Total time spent in each metastore function (ms): {isCompatibleWith_(Configuration)=1}
2024-04-24T05:30:50,553  INFO [main] ql.Driver: Completed executing command(queryId=alex_20240424053050_63b2d430-49e9-4584-9a76-6066d850acc0); Time taken: 0.005 seconds
2024-04-24T05:30:50,553  INFO [main] lockmgr.DbTxnManager: Stopped heartbeat for query: alex_20240424053050_63b2d430-49e9-4584-9a76-6066d850acc0
2024-04-24T05:30:50,561  INFO [main] txn.TxnHandler: Expected to move at least one record from txn_components to completed_txn_components when committing txn! txnid:4
2024-04-24T05:30:50,570  INFO [main] txn.TxnHandler: Removed transactions: ([4]) from MIN_HISTORY_LEVEL
2024-04-24T05:30:50,570  WARN [main] txn.CompactionTxnHandler: No compaction queue record found for Compaction type transaction commit. txnId:4
2024-04-24T05:30:50,571  INFO [main] ql.TxnCommandsBaseForTests: Running the query: drop table if exists nonAcidOrcTbl2
2024-04-24T05:30:50,571  INFO [main] ql.Driver: Compiling command(queryId=alex_20240424053050_b677872f-3461-4028-a738-f5a4a0b0e2ec): drop table if exists nonAcidOrcTbl2
2024-04-24T05:30:50,576  INFO [main] txn.TxnHandler: Added entries to MIN_HISTORY_LEVEL for current txns: ([5]) with min_open_txn: 1
2024-04-24T05:30:50,576  INFO [main] lockmgr.DbTxnManager: Opened txnid:5
2024-04-24T05:30:50,578  INFO [main] HiveMetaStore.audit: ugi=alex	ip=unknown-ip-addr	cmd=get_table : tbl=hive.default.nonAcidOrcTbl2	
2024-04-24T05:30:50,582  INFO [main] ql.Driver: Semantic Analysis Completed (retrial = false)
2024-04-24T05:30:50,582  INFO [main] ql.Driver: Created Hive schema: Schema(fieldSchemas:null, properties:null)
2024-04-24T05:30:50,582  INFO [main] metadata.Hive: Dumping metastore api call timing information for : compilation phase
2024-04-24T05:30:50,582  INFO [main] metadata.Hive: Total time spent in each metastore function (ms): {getValidTxns_(long)=1, openTxn_(String, TxnType)=4, isCompatibleWith_(Configuration)=1, commitTxn_(CommitTxnRequest)=18, flushCache_()=0}
2024-04-24T05:30:50,582  INFO [main] ql.Driver: Completed compiling command(queryId=alex_20240424053050_b677872f-3461-4028-a738-f5a4a0b0e2ec); Time taken: 0.011 seconds
2024-04-24T05:30:50,583  INFO [main] lockmgr.DbTxnManager: Setting lock request transaction to txnid:5 for queryId=alex_20240424053050_b677872f-3461-4028-a738-f5a4a0b0e2ec
2024-04-24T05:30:50,583  INFO [main] ql.Driver: Operation DROPTABLE obtained 0 locks
2024-04-24T05:30:50,583  INFO [main] ql.Driver: Executing command(queryId=alex_20240424053050_b677872f-3461-4028-a738-f5a4a0b0e2ec): drop table if exists nonAcidOrcTbl2
2024-04-24T05:30:50,583  INFO [main] ql.Driver: Starting task [Stage-0:DDL] in serial mode
2024-04-24T05:30:50,584  INFO [main] HiveMetaStore.audit: ugi=alex	ip=unknown-ip-addr	cmd=get_table : tbl=hive.default.nonAcidOrcTbl2	
2024-04-24T05:30:50,587  INFO [main] metadata.Hive: Dumping metastore api call timing information for : execution phase
2024-04-24T05:30:50,588  INFO [main] metadata.Hive: Total time spent in each metastore function (ms): {isCompatibleWith_(Configuration)=0}
2024-04-24T05:30:50,588  INFO [main] ql.Driver: Completed executing command(queryId=alex_20240424053050_b677872f-3461-4028-a738-f5a4a0b0e2ec); Time taken: 0.004 seconds
2024-04-24T05:30:50,588  INFO [main] lockmgr.DbTxnManager: Stopped heartbeat for query: alex_20240424053050_b677872f-3461-4028-a738-f5a4a0b0e2ec
2024-04-24T05:30:50,595  INFO [main] txn.TxnHandler: Expected to move at least one record from txn_components to completed_txn_components when committing txn! txnid:5
2024-04-24T05:30:50,604  INFO [main] txn.TxnHandler: Removed transactions: ([5]) from MIN_HISTORY_LEVEL
2024-04-24T05:30:50,604  WARN [main] txn.CompactionTxnHandler: No compaction queue record found for Compaction type transaction commit. txnId:5
2024-04-24T05:30:50,605  INFO [main] ql.TxnCommandsBaseForTests: Running the query: drop table if exists nonAcidNonBucket
2024-04-24T05:30:50,606  INFO [main] ql.Driver: Compiling command(queryId=alex_20240424053050_f4d02f79-75ae-40a5-a070-934d7ebfbf99): drop table if exists nonAcidNonBucket
2024-04-24T05:30:50,610  INFO [main] txn.TxnHandler: Added entries to MIN_HISTORY_LEVEL for current txns: ([6]) with min_open_txn: 1
2024-04-24T05:30:50,610  INFO [main] lockmgr.DbTxnManager: Opened txnid:6
2024-04-24T05:30:50,612  INFO [main] HiveMetaStore.audit: ugi=alex	ip=unknown-ip-addr	cmd=get_table : tbl=hive.default.nonAcidNonBucket	
2024-04-24T05:30:50,616  INFO [main] ql.Driver: Semantic Analysis Completed (retrial = false)
2024-04-24T05:30:50,616  INFO [main] ql.Driver: Created Hive schema: Schema(fieldSchemas:null, properties:null)
2024-04-24T05:30:50,616  INFO [main] metadata.Hive: Dumping metastore api call timing information for : compilation phase
2024-04-24T05:30:50,616  INFO [main] metadata.Hive: Total time spent in each metastore function (ms): {openTxn_(String, TxnType)=3, isCompatibleWith_(Configuration)=0, commitTxn_(CommitTxnRequest)=17, flushCache_()=0, getValidTxns_(long)=0}
2024-04-24T05:30:50,617  INFO [main] ql.Driver: Completed compiling command(queryId=alex_20240424053050_f4d02f79-75ae-40a5-a070-934d7ebfbf99); Time taken: 0.01 seconds
2024-04-24T05:30:50,617  INFO [main] lockmgr.DbTxnManager: Setting lock request transaction to txnid:6 for queryId=alex_20240424053050_f4d02f79-75ae-40a5-a070-934d7ebfbf99
2024-04-24T05:30:50,617  INFO [main] ql.Driver: Operation DROPTABLE obtained 0 locks
2024-04-24T05:30:50,617  INFO [main] ql.Driver: Executing command(queryId=alex_20240424053050_f4d02f79-75ae-40a5-a070-934d7ebfbf99): drop table if exists nonAcidNonBucket
2024-04-24T05:30:50,617  INFO [main] ql.Driver: Starting task [Stage-0:DDL] in serial mode
2024-04-24T05:30:50,618  INFO [main] HiveMetaStore.audit: ugi=alex	ip=unknown-ip-addr	cmd=get_table : tbl=hive.default.nonAcidNonBucket	
2024-04-24T05:30:50,622  INFO [main] metadata.Hive: Dumping metastore api call timing information for : execution phase
2024-04-24T05:30:50,622  INFO [main] metadata.Hive: Total time spent in each metastore function (ms): {isCompatibleWith_(Configuration)=1}
2024-04-24T05:30:50,622  INFO [main] ql.Driver: Completed executing command(queryId=alex_20240424053050_f4d02f79-75ae-40a5-a070-934d7ebfbf99); Time taken: 0.005 seconds
2024-04-24T05:30:50,623  INFO [main] lockmgr.DbTxnManager: Stopped heartbeat for query: alex_20240424053050_f4d02f79-75ae-40a5-a070-934d7ebfbf99
2024-04-24T05:30:50,630  INFO [main] txn.TxnHandler: Expected to move at least one record from txn_components to completed_txn_components when committing txn! txnid:6
2024-04-24T05:30:50,639  INFO [main] txn.TxnHandler: Removed transactions: ([6]) from MIN_HISTORY_LEVEL
2024-04-24T05:30:50,639  WARN [main] txn.CompactionTxnHandler: No compaction queue record found for Compaction type transaction commit. txnId:6
2024-04-24T05:30:50,640  INFO [main] ql.TxnCommandsBaseForTests: Running the query: create table acidTbl(a int, b int) clustered by (a) into 2 buckets stored as orc TBLPROPERTIES ('transactional'='true')
2024-04-24T05:30:50,641  INFO [main] ql.Driver: Compiling command(queryId=alex_20240424053050_b6a63a6c-06dd-4d73-832c-9317547f68fe): create table acidTbl(a int, b int) clustered by (a) into 2 buckets stored as orc TBLPROPERTIES ('transactional'='true')
2024-04-24T05:30:50,716  INFO [main] txn.TxnHandler: Added entries to MIN_HISTORY_LEVEL for current txns: ([7]) with min_open_txn: 1
2024-04-24T05:30:50,717  INFO [main] lockmgr.DbTxnManager: Opened txnid:7
2024-04-24T05:30:50,718  INFO [main] parse.CalcitePlanner: Starting caching scope for: 
2024-04-24T05:30:50,720  INFO [main] parse.CalcitePlanner: Starting Semantic Analysis
2024-04-24T05:30:50,737  INFO [main] parse.CalcitePlanner: Creating table default.acidTbl position=13
2024-04-24T05:30:50,780  INFO [main] HiveMetaStore.audit: ugi=alex	ip=unknown-ip-addr	cmd=get_database: default	
2024-04-24T05:30:50,791  INFO [main] parse.CalcitePlanner: Ending caching scope for: 
2024-04-24T05:30:50,791  INFO [main] ql.Driver: Semantic Analysis Completed (retrial = false)
2024-04-24T05:30:50,791  INFO [main] ql.Driver: Created Hive schema: Schema(fieldSchemas:null, properties:null)
2024-04-24T05:30:50,791  INFO [main] metadata.Hive: Dumping metastore api call timing information for : compilation phase
2024-04-24T05:30:50,791  INFO [main] metadata.Hive: Total time spent in each metastore function (ms): {getValidTxns_(long)=1, getValidWriteIds_(List, String)=11, commitTxn_(CommitTxnRequest)=17, getDatabase_(String)=4, openTxn_(String, TxnType)=4, flushCache_()=0, isCompatibleWith_(Configuration)=0}
2024-04-24T05:30:50,791  INFO [main] ql.Driver: Completed compiling command(queryId=alex_20240424053050_b6a63a6c-06dd-4d73-832c-9317547f68fe); Time taken: 0.15 seconds
2024-04-24T05:30:50,792  INFO [main] lockmgr.DbTxnManager: Setting lock request transaction to txnid:7 for queryId=alex_20240424053050_b6a63a6c-06dd-4d73-832c-9317547f68fe
2024-04-24T05:30:50,799  INFO [main] lockmgr.DbLockManager: Requesting lock for queryId=alex_20240424053050_b6a63a6c-06dd-4d73-832c-9317547f68fe
2024-04-24T05:30:50,846  INFO [main] lockmgr.DbLockManager: Response to queryId=alex_20240424053050_b6a63a6c-06dd-4d73-832c-9317547f68fe LockResponse(lockid:1, state:ACQUIRED)
2024-04-24T05:30:50,846  INFO [main] ql.Driver: Operation CREATETABLE obtained 1 locks
2024-04-24T05:30:50,848  INFO [main] ql.Driver: Executing command(queryId=alex_20240424053050_b6a63a6c-06dd-4d73-832c-9317547f68fe): create table acidTbl(a int, b int) clustered by (a) into 2 buckets stored as orc TBLPROPERTIES ('transactional'='true')
2024-04-24T05:30:50,849  INFO [main] ql.Driver: Starting task [Stage-0:DDL] in serial mode
2024-04-24T05:30:50,959  INFO [main] HiveMetaStore.audit: ugi=alex	ip=unknown-ip-addr	cmd=create_table_req: Table(tableName:acidTbl, dbName:default, owner:alex, createTime:1713961850, lastAccessTime:0, retention:0, sd:StorageDescriptor(cols:[FieldSchema(name:a, type:int, comment:null), FieldSchema(name:b, type:int, comment:null)], location:null, inputFormat:org.apache.hadoop.hive.ql.io.orc.OrcInputFormat, outputFormat:org.apache.hadoop.hive.ql.io.orc.OrcOutputFormat, compressed:false, numBuckets:2, serdeInfo:SerDeInfo(name:null, serializationLib:org.apache.hadoop.hive.ql.io.orc.OrcSerde, parameters:{serialization.format=1}), bucketCols:[a], sortCols:[], parameters:{}, skewedInfo:SkewedInfo(skewedColNames:[], skewedColValues:[], skewedColValueLocationMaps:{}), storedAsSubDirectories:false), partitionKeys:[], parameters:{rawDataSize=0, COLUMN_STATS_ACCURATE={"BASIC_STATS":"true","COLUMN_STATS":{"a":"true","b":"true"}}, totalSize=0, numFiles=0, numRows=0, numFilesErasureCoded=0, bucketing_version=2, transactional=true}, viewOriginalText:null, viewExpandedText:null, tableType:MANAGED_TABLE, privileges:PrincipalPrivilegeSet(userPrivileges:{alex=[PrivilegeGrantInfo(privilege:INSERT, createTime:-1, grantor:alex, grantorType:USER, grantOption:true), PrivilegeGrantInfo(privilege:SELECT, createTime:-1, grantor:alex, grantorType:USER, grantOption:true), PrivilegeGrantInfo(privilege:UPDATE, createTime:-1, grantor:alex, grantorType:USER, grantOption:true), PrivilegeGrantInfo(privilege:DELETE, createTime:-1, grantor:alex, grantorType:USER, grantOption:true)]}, groupPrivileges:null, rolePrivileges:null), temporary:false, catName:hive, ownerType:USER, writeId:0)	
2024-04-24T05:30:50,971  INFO [main] utils.FileUtils: Creating directory if it doesn't exist: file:/home/alex/Repositories/hive/ql/target/tmp/org.apache.hadoop.hive.ql.util.TestHiveStrictManagedMigration-1713961843282/warehouse/acidtbl
2024-04-24T05:30:51,105  INFO [main] metadata.Hive: Dumping metastore api call timing information for : execution phase
2024-04-24T05:30:51,105  INFO [main] metadata.Hive: Total time spent in each metastore function (ms): {createTable_(Table)=146, isCompatibleWith_(Configuration)=0}
2024-04-24T05:30:51,105  INFO [main] ql.Driver: Completed executing command(queryId=alex_20240424053050_b6a63a6c-06dd-4d73-832c-9317547f68fe); Time taken: 0.257 seconds
2024-04-24T05:30:51,106  INFO [main] lockmgr.DbTxnManager: Stopped heartbeat for query: alex_20240424053050_b6a63a6c-06dd-4d73-832c-9317547f68fe
2024-04-24T05:30:51,113  INFO [main] txn.TxnHandler: Expected to move at least one record from txn_components to completed_txn_components when committing txn! txnid:7
2024-04-24T05:30:51,124  INFO [main] txn.TxnHandler: Removed transactions: ([7]) from MIN_HISTORY_LEVEL
2024-04-24T05:30:51,124  WARN [main] txn.CompactionTxnHandler: No compaction queue record found for Compaction type transaction commit. txnId:7
2024-04-24T05:30:51,126  INFO [main] ql.TxnCommandsBaseForTests: Running the query: create table acidTblPart(a int, b int) partitioned by (p string) clustered by (a) into 2 buckets stored as orc TBLPROPERTIES ('transactional'='true')
2024-04-24T05:30:51,126  INFO [main] ql.Driver: Compiling command(queryId=alex_20240424053051_33b2a970-8652-4e69-93dc-92da75609ea7): create table acidTblPart(a int, b int) partitioned by (p string) clustered by (a) into 2 buckets stored as orc TBLPROPERTIES ('transactional'='true')
2024-04-24T05:30:51,133  INFO [main] txn.TxnHandler: Added entries to MIN_HISTORY_LEVEL for current txns: ([8]) with min_open_txn: 1
2024-04-24T05:30:51,133  INFO [main] lockmgr.DbTxnManager: Opened txnid:8
2024-04-24T05:30:51,135  INFO [main] parse.CalcitePlanner: Starting caching scope for: 
2024-04-24T05:30:51,135  INFO [main] parse.CalcitePlanner: Starting Semantic Analysis
2024-04-24T05:30:51,140  INFO [main] parse.CalcitePlanner: Creating table default.acidTblPart position=13
2024-04-24T05:30:51,140  INFO [main] HiveMetaStore.audit: ugi=alex	ip=unknown-ip-addr	cmd=get_database: default	
2024-04-24T05:30:51,143  INFO [main] parse.CalcitePlanner: Ending caching scope for: 
2024-04-24T05:30:51,143  INFO [main] ql.Driver: Semantic Analysis Completed (retrial = false)
2024-04-24T05:30:51,143  INFO [main] ql.Driver: Created Hive schema: Schema(fieldSchemas:null, properties:null)
2024-04-24T05:30:51,143  INFO [main] metadata.Hive: Dumping metastore api call timing information for : compilation phase
2024-04-24T05:30:51,143  INFO [main] metadata.Hive: Total time spent in each metastore function (ms): {flushCache_()=0, isCompatibleWith_(Configuration)=0, openTxn_(String, TxnType)=4, commitTxn_(CommitTxnRequest)=19, getValidTxns_(long)=1, getDatabase_(String)=3, getValidWriteIds_(List, String)=4}
2024-04-24T05:30:51,144  INFO [main] ql.Driver: Completed compiling command(queryId=alex_20240424053051_33b2a970-8652-4e69-93dc-92da75609ea7); Time taken: 0.017 seconds
2024-04-24T05:30:51,144  INFO [main] lockmgr.DbTxnManager: Setting lock request transaction to txnid:8 for queryId=alex_20240424053051_33b2a970-8652-4e69-93dc-92da75609ea7
2024-04-24T05:30:51,145  INFO [main] lockmgr.DbLockManager: Requesting lock for queryId=alex_20240424053051_33b2a970-8652-4e69-93dc-92da75609ea7
2024-04-24T05:30:51,170  INFO [main] lockmgr.DbLockManager: Response to queryId=alex_20240424053051_33b2a970-8652-4e69-93dc-92da75609ea7 LockResponse(lockid:2, state:ACQUIRED)
2024-04-24T05:30:51,170  INFO [main] ql.Driver: Operation CREATETABLE obtained 1 locks
2024-04-24T05:30:51,172  INFO [main] ql.Driver: Executing command(queryId=alex_20240424053051_33b2a970-8652-4e69-93dc-92da75609ea7): create table acidTblPart(a int, b int) partitioned by (p string) clustered by (a) into 2 buckets stored as orc TBLPROPERTIES ('transactional'='true')
2024-04-24T05:30:51,172  INFO [main] ql.Driver: Starting task [Stage-0:DDL] in serial mode
2024-04-24T05:30:51,173  INFO [main] HiveMetaStore.audit: ugi=alex	ip=unknown-ip-addr	cmd=create_table_req: Table(tableName:acidTblPart, dbName:default, owner:alex, createTime:1713961851, lastAccessTime:0, retention:0, sd:StorageDescriptor(cols:[FieldSchema(name:a, type:int, comment:null), FieldSchema(name:b, type:int, comment:null)], location:null, inputFormat:org.apache.hadoop.hive.ql.io.orc.OrcInputFormat, outputFormat:org.apache.hadoop.hive.ql.io.orc.OrcOutputFormat, compressed:false, numBuckets:2, serdeInfo:SerDeInfo(name:null, serializationLib:org.apache.hadoop.hive.ql.io.orc.OrcSerde, parameters:{serialization.format=1}), bucketCols:[a], sortCols:[], parameters:{}, skewedInfo:SkewedInfo(skewedColNames:[], skewedColValues:[], skewedColValueLocationMaps:{}), storedAsSubDirectories:false), partitionKeys:[FieldSchema(name:p, type:string, comment:null)], parameters:{transactional=true, bucketing_version=2}, viewOriginalText:null, viewExpandedText:null, tableType:MANAGED_TABLE, privileges:PrincipalPrivilegeSet(userPrivileges:{alex=[PrivilegeGrantInfo(privilege:INSERT, createTime:-1, grantor:alex, grantorType:USER, grantOption:true), PrivilegeGrantInfo(privilege:SELECT, createTime:-1, grantor:alex, grantorType:USER, grantOption:true), PrivilegeGrantInfo(privilege:UPDATE, createTime:-1, grantor:alex, grantorType:USER, grantOption:true), PrivilegeGrantInfo(privilege:DELETE, createTime:-1, grantor:alex, grantorType:USER, grantOption:true)]}, groupPrivileges:null, rolePrivileges:null), temporary:false, catName:hive, ownerType:USER, writeId:0)	
2024-04-24T05:30:51,182  INFO [main] utils.FileUtils: Creating directory if it doesn't exist: file:/home/alex/Repositories/hive/ql/target/tmp/org.apache.hadoop.hive.ql.util.TestHiveStrictManagedMigration-1713961843282/warehouse/acidtblpart
2024-04-24T05:30:51,209  INFO [main] metadata.Hive: Dumping metastore api call timing information for : execution phase
2024-04-24T05:30:51,209  INFO [main] metadata.Hive: Total time spent in each metastore function (ms): {createTable_(Table)=36, isCompatibleWith_(Configuration)=0}
2024-04-24T05:30:51,209  INFO [main] ql.Driver: Completed executing command(queryId=alex_20240424053051_33b2a970-8652-4e69-93dc-92da75609ea7); Time taken: 0.038 seconds
2024-04-24T05:30:51,209  INFO [main] lockmgr.DbTxnManager: Stopped heartbeat for query: alex_20240424053051_33b2a970-8652-4e69-93dc-92da75609ea7
2024-04-24T05:30:51,215  INFO [main] txn.TxnHandler: Expected to move at least one record from txn_components to completed_txn_components when committing txn! txnid:8
2024-04-24T05:30:51,224  INFO [main] txn.TxnHandler: Removed transactions: ([8]) from MIN_HISTORY_LEVEL
2024-04-24T05:30:51,226  WARN [main] txn.CompactionTxnHandler: No compaction queue record found for Compaction type transaction commit. txnId:8
2024-04-24T05:30:51,227  INFO [main] ql.TxnCommandsBaseForTests: Running the query: create table nonAcidOrcTbl(a int, b int) clustered by (a) into 2 buckets stored as orc TBLPROPERTIES ('transactional'='false')
2024-04-24T05:30:51,228  INFO [main] ql.Driver: Compiling command(queryId=alex_20240424053051_fa8ae2bd-229b-477b-8c66-424b1459a7fa): create table nonAcidOrcTbl(a int, b int) clustered by (a) into 2 buckets stored as orc TBLPROPERTIES ('transactional'='false')
2024-04-24T05:30:51,232  INFO [main] txn.TxnHandler: Added entries to MIN_HISTORY_LEVEL for current txns: ([9]) with min_open_txn: 2
2024-04-24T05:30:51,232  INFO [main] lockmgr.DbTxnManager: Opened txnid:9
2024-04-24T05:30:51,233  INFO [main] parse.CalcitePlanner: Starting caching scope for: 
2024-04-24T05:30:51,233  INFO [main] parse.CalcitePlanner: Starting Semantic Analysis
2024-04-24T05:30:51,237  INFO [main] parse.CalcitePlanner: Creating table default.nonAcidOrcTbl position=13
2024-04-24T05:30:51,237  INFO [main] HiveMetaStore.audit: ugi=alex	ip=unknown-ip-addr	cmd=get_database: default	
2024-04-24T05:30:51,240  INFO [main] parse.CalcitePlanner: Ending caching scope for: 
2024-04-24T05:30:51,240  INFO [main] ql.Driver: Semantic Analysis Completed (retrial = false)
2024-04-24T05:30:51,240  INFO [main] ql.Driver: Created Hive schema: Schema(fieldSchemas:null, properties:null)
2024-04-24T05:30:51,240  INFO [main] metadata.Hive: Dumping metastore api call timing information for : compilation phase
2024-04-24T05:30:51,240  INFO [main] metadata.Hive: Total time spent in each metastore function (ms): {getValidWriteIds_(List, String)=3, getDatabase_(String)=2, getValidTxns_(long)=1, commitTxn_(CommitTxnRequest)=17, isCompatibleWith_(Configuration)=0, openTxn_(String, TxnType)=3, flushCache_()=1}
2024-04-24T05:30:51,240  INFO [main] ql.Driver: Completed compiling command(queryId=alex_20240424053051_fa8ae2bd-229b-477b-8c66-424b1459a7fa); Time taken: 0.013 seconds
2024-04-24T05:30:51,240  INFO [main] lockmgr.DbTxnManager: Setting lock request transaction to txnid:9 for queryId=alex_20240424053051_fa8ae2bd-229b-477b-8c66-424b1459a7fa
2024-04-24T05:30:51,241  INFO [main] lockmgr.DbLockManager: Requesting lock for queryId=alex_20240424053051_fa8ae2bd-229b-477b-8c66-424b1459a7fa
2024-04-24T05:30:51,266  INFO [main] lockmgr.DbLockManager: Response to queryId=alex_20240424053051_fa8ae2bd-229b-477b-8c66-424b1459a7fa LockResponse(lockid:3, state:ACQUIRED)
2024-04-24T05:30:51,266  INFO [main] ql.Driver: Operation CREATETABLE obtained 1 locks
2024-04-24T05:30:51,266  INFO [main] ql.Driver: Executing command(queryId=alex_20240424053051_fa8ae2bd-229b-477b-8c66-424b1459a7fa): create table nonAcidOrcTbl(a int, b int) clustered by (a) into 2 buckets stored as orc TBLPROPERTIES ('transactional'='false')
2024-04-24T05:30:51,266  INFO [main] ql.Driver: Starting task [Stage-0:DDL] in serial mode
2024-04-24T05:30:51,268  INFO [main] HiveMetaStore.audit: ugi=alex	ip=unknown-ip-addr	cmd=create_table_req: Table(tableName:nonAcidOrcTbl, dbName:default, owner:alex, createTime:1713961851, lastAccessTime:0, retention:0, sd:StorageDescriptor(cols:[FieldSchema(name:a, type:int, comment:null), FieldSchema(name:b, type:int, comment:null)], location:null, inputFormat:org.apache.hadoop.hive.ql.io.orc.OrcInputFormat, outputFormat:org.apache.hadoop.hive.ql.io.orc.OrcOutputFormat, compressed:false, numBuckets:2, serdeInfo:SerDeInfo(name:null, serializationLib:org.apache.hadoop.hive.ql.io.orc.OrcSerde, parameters:{serialization.format=1}), bucketCols:[a], sortCols:[], parameters:{}, skewedInfo:SkewedInfo(skewedColNames:[], skewedColValues:[], skewedColValueLocationMaps:{}), storedAsSubDirectories:false), partitionKeys:[], parameters:{rawDataSize=0, numFiles=0, bucketing_version=2, transactional=false, COLUMN_STATS_ACCURATE={"BASIC_STATS":"true","COLUMN_STATS":{"a":"true","b":"true"}}, numFilesErasureCoded=0, numRows=0, totalSize=0}, viewOriginalText:null, viewExpandedText:null, tableType:MANAGED_TABLE, privileges:PrincipalPrivilegeSet(userPrivileges:{alex=[PrivilegeGrantInfo(privilege:INSERT, createTime:-1, grantor:alex, grantorType:USER, grantOption:true), PrivilegeGrantInfo(privilege:SELECT, createTime:-1, grantor:alex, grantorType:USER, grantOption:true), PrivilegeGrantInfo(privilege:UPDATE, createTime:-1, grantor:alex, grantorType:USER, grantOption:true), PrivilegeGrantInfo(privilege:DELETE, createTime:-1, grantor:alex, grantorType:USER, grantOption:true)]}, groupPrivileges:null, rolePrivileges:null), temporary:false, catName:hive, ownerType:USER)	
2024-04-24T05:30:51,275  INFO [main] utils.FileUtils: Creating directory if it doesn't exist: file:/home/alex/Repositories/hive/ql/target/tmp/org.apache.hadoop.hive.ql.util.TestHiveStrictManagedMigration-1713961843282/warehouse/nonacidorctbl
2024-04-24T05:30:51,304  INFO [main] metadata.Hive: Dumping metastore api call timing information for : execution phase
2024-04-24T05:30:51,304  INFO [main] metadata.Hive: Total time spent in each metastore function (ms): {createTable_(Table)=37, isCompatibleWith_(Configuration)=1}
2024-04-24T05:30:51,305  INFO [main] ql.Driver: Completed executing command(queryId=alex_20240424053051_fa8ae2bd-229b-477b-8c66-424b1459a7fa); Time taken: 0.038 seconds
2024-04-24T05:30:51,305  INFO [main] lockmgr.DbTxnManager: Stopped heartbeat for query: alex_20240424053051_fa8ae2bd-229b-477b-8c66-424b1459a7fa
2024-04-24T05:30:51,310  INFO [main] txn.TxnHandler: Expected to move at least one record from txn_components to completed_txn_components when committing txn! txnid:9
2024-04-24T05:30:51,318  INFO [main] txn.TxnHandler: Removed transactions: ([9]) from MIN_HISTORY_LEVEL
2024-04-24T05:30:51,319  WARN [main] txn.CompactionTxnHandler: No compaction queue record found for Compaction type transaction commit. txnId:9
2024-04-24T05:30:51,319  INFO [main] ql.TxnCommandsBaseForTests: Running the query: create table nonAcidOrcTbl2(a int, b int) clustered by (a) into 2 buckets stored as orc TBLPROPERTIES ('transactional'='false')
2024-04-24T05:30:51,320  INFO [main] ql.Driver: Compiling command(queryId=alex_20240424053051_1f2b7278-86d6-4638-b32d-8a0d287188ec): create table nonAcidOrcTbl2(a int, b int) clustered by (a) into 2 buckets stored as orc TBLPROPERTIES ('transactional'='false')
2024-04-24T05:30:51,324  INFO [main] txn.TxnHandler: Added entries to MIN_HISTORY_LEVEL for current txns: ([10]) with min_open_txn: 2
2024-04-24T05:30:51,324  INFO [main] lockmgr.DbTxnManager: Opened txnid:10
2024-04-24T05:30:51,325  INFO [main] parse.CalcitePlanner: Starting caching scope for: 
2024-04-24T05:30:51,325  INFO [main] parse.CalcitePlanner: Starting Semantic Analysis
2024-04-24T05:30:51,329  INFO [main] parse.CalcitePlanner: Creating table default.nonAcidOrcTbl2 position=13
2024-04-24T05:30:51,329  INFO [main] HiveMetaStore.audit: ugi=alex	ip=unknown-ip-addr	cmd=get_database: default	
2024-04-24T05:30:51,331  INFO [main] parse.CalcitePlanner: Ending caching scope for: 
2024-04-24T05:30:51,331  INFO [main] ql.Driver: Semantic Analysis Completed (retrial = false)
2024-04-24T05:30:51,331  INFO [main] ql.Driver: Created Hive schema: Schema(fieldSchemas:null, properties:null)
2024-04-24T05:30:51,332  INFO [main] metadata.Hive: Dumping metastore api call timing information for : compilation phase
2024-04-24T05:30:51,332  INFO [main] metadata.Hive: Total time spent in each metastore function (ms): {isCompatibleWith_(Configuration)=1, getDatabase_(String)=2, openTxn_(String, TxnType)=3, getValidWriteIds_(List, String)=3, commitTxn_(CommitTxnRequest)=14, getValidTxns_(long)=0, flushCache_()=0}
2024-04-24T05:30:51,332  INFO [main] ql.Driver: Completed compiling command(queryId=alex_20240424053051_1f2b7278-86d6-4638-b32d-8a0d287188ec); Time taken: 0.011 seconds
2024-04-24T05:30:51,332  INFO [main] lockmgr.DbTxnManager: Setting lock request transaction to txnid:10 for queryId=alex_20240424053051_1f2b7278-86d6-4638-b32d-8a0d287188ec
2024-04-24T05:30:51,333  INFO [main] lockmgr.DbLockManager: Requesting lock for queryId=alex_20240424053051_1f2b7278-86d6-4638-b32d-8a0d287188ec
2024-04-24T05:30:51,356  INFO [main] lockmgr.DbLockManager: Response to queryId=alex_20240424053051_1f2b7278-86d6-4638-b32d-8a0d287188ec LockResponse(lockid:4, state:ACQUIRED)
2024-04-24T05:30:51,356  INFO [main] ql.Driver: Operation CREATETABLE obtained 1 locks
2024-04-24T05:30:51,357  INFO [main] ql.Driver: Executing command(queryId=alex_20240424053051_1f2b7278-86d6-4638-b32d-8a0d287188ec): create table nonAcidOrcTbl2(a int, b int) clustered by (a) into 2 buckets stored as orc TBLPROPERTIES ('transactional'='false')
2024-04-24T05:30:51,357  INFO [main] ql.Driver: Starting task [Stage-0:DDL] in serial mode
2024-04-24T05:30:51,358  INFO [main] HiveMetaStore.audit: ugi=alex	ip=unknown-ip-addr	cmd=create_table_req: Table(tableName:nonAcidOrcTbl2, dbName:default, owner:alex, createTime:1713961851, lastAccessTime:0, retention:0, sd:StorageDescriptor(cols:[FieldSchema(name:a, type:int, comment:null), FieldSchema(name:b, type:int, comment:null)], location:null, inputFormat:org.apache.hadoop.hive.ql.io.orc.OrcInputFormat, outputFormat:org.apache.hadoop.hive.ql.io.orc.OrcOutputFormat, compressed:false, numBuckets:2, serdeInfo:SerDeInfo(name:null, serializationLib:org.apache.hadoop.hive.ql.io.orc.OrcSerde, parameters:{serialization.format=1}), bucketCols:[a], sortCols:[], parameters:{}, skewedInfo:SkewedInfo(skewedColNames:[], skewedColValues:[], skewedColValueLocationMaps:{}), storedAsSubDirectories:false), partitionKeys:[], parameters:{bucketing_version=2, numRows=0, transactional=false, rawDataSize=0, COLUMN_STATS_ACCURATE={"BASIC_STATS":"true","COLUMN_STATS":{"a":"true","b":"true"}}, numFiles=0, numFilesErasureCoded=0, totalSize=0}, viewOriginalText:null, viewExpandedText:null, tableType:MANAGED_TABLE, privileges:PrincipalPrivilegeSet(userPrivileges:{alex=[PrivilegeGrantInfo(privilege:INSERT, createTime:-1, grantor:alex, grantorType:USER, grantOption:true), PrivilegeGrantInfo(privilege:SELECT, createTime:-1, grantor:alex, grantorType:USER, grantOption:true), PrivilegeGrantInfo(privilege:UPDATE, createTime:-1, grantor:alex, grantorType:USER, grantOption:true), PrivilegeGrantInfo(privilege:DELETE, createTime:-1, grantor:alex, grantorType:USER, grantOption:true)]}, groupPrivileges:null, rolePrivileges:null), temporary:false, catName:hive, ownerType:USER)	
2024-04-24T05:30:51,366  INFO [main] utils.FileUtils: Creating directory if it doesn't exist: file:/home/alex/Repositories/hive/ql/target/tmp/org.apache.hadoop.hive.ql.util.TestHiveStrictManagedMigration-1713961843282/warehouse/nonacidorctbl2
2024-04-24T05:30:51,392  INFO [main] metadata.Hive: Dumping metastore api call timing information for : execution phase
2024-04-24T05:30:51,392  INFO [main] metadata.Hive: Total time spent in each metastore function (ms): {isCompatibleWith_(Configuration)=0, createTable_(Table)=34}
2024-04-24T05:30:51,393  INFO [main] ql.Driver: Completed executing command(queryId=alex_20240424053051_1f2b7278-86d6-4638-b32d-8a0d287188ec); Time taken: 0.035 seconds
2024-04-24T05:30:51,393  INFO [main] lockmgr.DbTxnManager: Stopped heartbeat for query: alex_20240424053051_1f2b7278-86d6-4638-b32d-8a0d287188ec
2024-04-24T05:30:51,398  INFO [main] txn.TxnHandler: Expected to move at least one record from txn_components to completed_txn_components when committing txn! txnid:10
2024-04-24T05:30:51,407  INFO [main] txn.TxnHandler: Removed transactions: ([10]) from MIN_HISTORY_LEVEL
2024-04-24T05:30:51,407  WARN [main] txn.CompactionTxnHandler: No compaction queue record found for Compaction type transaction commit. txnId:10
2024-04-24T05:30:51,408  INFO [main] ql.TxnCommandsBaseForTests: Running the query: create temporary  table acidTbl2(a int, b int, c int) clustered by (c) into 2 buckets stored as orc TBLPROPERTIES ('transactional'='true')
2024-04-24T05:30:51,408  INFO [main] ql.Driver: Compiling command(queryId=alex_20240424053051_5ca9d618-accf-4ee4-adbc-adc58e0354fa): create temporary  table acidTbl2(a int, b int, c int) clustered by (c) into 2 buckets stored as orc TBLPROPERTIES ('transactional'='true')
2024-04-24T05:30:51,413  INFO [main] txn.TxnHandler: Added entries to MIN_HISTORY_LEVEL for current txns: ([11]) with min_open_txn: 2
2024-04-24T05:30:51,413  INFO [main] lockmgr.DbTxnManager: Opened txnid:11
2024-04-24T05:30:51,414  INFO [main] parse.CalcitePlanner: Starting caching scope for: 
2024-04-24T05:30:51,414  INFO [main] parse.CalcitePlanner: Starting Semantic Analysis
2024-04-24T05:30:51,418  INFO [main] parse.CalcitePlanner: Creating table default.acidTbl2 position=24
2024-04-24T05:30:51,419  INFO [main] HiveMetaStore.audit: ugi=alex	ip=unknown-ip-addr	cmd=get_database: default	
2024-04-24T05:30:51,421  INFO [main] parse.CalcitePlanner: Ending caching scope for: 
2024-04-24T05:30:51,421  INFO [main] ql.Driver: Semantic Analysis Completed (retrial = false)
2024-04-24T05:30:51,421  INFO [main] ql.Driver: Created Hive schema: Schema(fieldSchemas:null, properties:null)
2024-04-24T05:30:51,421  INFO [main] metadata.Hive: Dumping metastore api call timing information for : compilation phase
2024-04-24T05:30:51,422  INFO [main] metadata.Hive: Total time spent in each metastore function (ms): {flushCache_()=0, getValidWriteIds_(List, String)=3, getDatabase_(String)=2, openTxn_(String, TxnType)=3, isCompatibleWith_(Configuration)=2, getValidTxns_(long)=1, commitTxn_(CommitTxnRequest)=15}
2024-04-24T05:30:51,422  INFO [main] ql.Driver: Completed compiling command(queryId=alex_20240424053051_5ca9d618-accf-4ee4-adbc-adc58e0354fa); Time taken: 0.013 seconds
2024-04-24T05:30:51,422  INFO [main] lockmgr.DbTxnManager: Setting lock request transaction to txnid:11 for queryId=alex_20240424053051_5ca9d618-accf-4ee4-adbc-adc58e0354fa
2024-04-24T05:30:51,422  INFO [main] lockmgr.DbLockManager: Requesting lock for queryId=alex_20240424053051_5ca9d618-accf-4ee4-adbc-adc58e0354fa
2024-04-24T05:30:51,445  INFO [main] lockmgr.DbLockManager: Response to queryId=alex_20240424053051_5ca9d618-accf-4ee4-adbc-adc58e0354fa LockResponse(lockid:5, state:ACQUIRED)
2024-04-24T05:30:51,445  INFO [main] ql.Driver: Operation CREATETABLE obtained 1 locks
2024-04-24T05:30:51,447  INFO [main] ql.Driver: Executing command(queryId=alex_20240424053051_5ca9d618-accf-4ee4-adbc-adc58e0354fa): create temporary  table acidTbl2(a int, b int, c int) clustered by (c) into 2 buckets stored as orc TBLPROPERTIES ('transactional'='true')
2024-04-24T05:30:51,447  INFO [main] ql.Driver: Starting task [Stage-0:DDL] in serial mode
2024-04-24T05:30:51,449  INFO [main] utils.FileUtils: Creating directory if it doesn't exist: file:/home/alex/Repositories/hive/ql/target/tmp/scratchdir/alex/7d73e23b-ad05-482d-8b15-60940bef43bc/_tmp_space.db/b8597ae9-db38-49bf-8df2-244cf3d22b32
2024-04-24T05:30:51,453  INFO [main] metadata.Hive: Dumping metastore api call timing information for : execution phase
2024-04-24T05:30:51,453  INFO [main] metadata.Hive: Total time spent in each metastore function (ms): {isCompatibleWith_(Configuration)=0, createTable_(Table)=4}
2024-04-24T05:30:51,453  INFO [main] ql.Driver: Completed executing command(queryId=alex_20240424053051_5ca9d618-accf-4ee4-adbc-adc58e0354fa); Time taken: 0.006 seconds
2024-04-24T05:30:51,453  INFO [main] lockmgr.DbTxnManager: Stopped heartbeat for query: alex_20240424053051_5ca9d618-accf-4ee4-adbc-adc58e0354fa
2024-04-24T05:30:51,458  INFO [main] txn.TxnHandler: Expected to move at least one record from txn_components to completed_txn_components when committing txn! txnid:11
2024-04-24T05:30:51,466  INFO [main] txn.TxnHandler: Removed transactions: ([11]) from MIN_HISTORY_LEVEL
2024-04-24T05:30:51,466  WARN [main] txn.CompactionTxnHandler: No compaction queue record found for Compaction type transaction commit. txnId:11
2024-04-24T05:30:51,467  INFO [main] ql.TxnCommandsBaseForTests: Running the query: create table nonAcidNonBucket(a int, b int) stored as orc TBLPROPERTIES ('transactional'='false')
2024-04-24T05:30:51,468  INFO [main] ql.Driver: Compiling command(queryId=alex_20240424053051_5066fc9f-4e00-4831-905d-380a0eeff4aa): create table nonAcidNonBucket(a int, b int) stored as orc TBLPROPERTIES ('transactional'='false')
2024-04-24T05:30:51,472  INFO [main] txn.TxnHandler: Added entries to MIN_HISTORY_LEVEL for current txns: ([12]) with min_open_txn: 3
2024-04-24T05:30:51,472  INFO [main] lockmgr.DbTxnManager: Opened txnid:12
2024-04-24T05:30:51,473  INFO [main] parse.CalcitePlanner: Starting caching scope for: 
2024-04-24T05:30:51,473  INFO [main] parse.CalcitePlanner: Starting Semantic Analysis
2024-04-24T05:30:51,477  INFO [main] parse.CalcitePlanner: Creating table default.nonAcidNonBucket position=13
2024-04-24T05:30:51,477  INFO [main] HiveMetaStore.audit: ugi=alex	ip=unknown-ip-addr	cmd=get_database: default	
2024-04-24T05:30:51,480  INFO [main] parse.CalcitePlanner: Ending caching scope for: 
2024-04-24T05:30:51,480  INFO [main] ql.Driver: Semantic Analysis Completed (retrial = false)
2024-04-24T05:30:51,480  INFO [main] ql.Driver: Created Hive schema: Schema(fieldSchemas:null, properties:null)
2024-04-24T05:30:51,480  INFO [main] metadata.Hive: Dumping metastore api call timing information for : compilation phase
2024-04-24T05:30:51,480  INFO [main] metadata.Hive: Total time spent in each metastore function (ms): {getValidTxns_(long)=1, isCompatibleWith_(Configuration)=0, getDatabase_(String)=2, getValidWriteIds_(List, String)=3, openTxn_(String, TxnType)=3, flushCache_()=0, commitTxn_(CommitTxnRequest)=14}
2024-04-24T05:30:51,480  INFO [main] ql.Driver: Completed compiling command(queryId=alex_20240424053051_5066fc9f-4e00-4831-905d-380a0eeff4aa); Time taken: 0.012 seconds
2024-04-24T05:30:51,480  INFO [main] lockmgr.DbTxnManager: Setting lock request transaction to txnid:12 for queryId=alex_20240424053051_5066fc9f-4e00-4831-905d-380a0eeff4aa
2024-04-24T05:30:51,481  INFO [main] lockmgr.DbLockManager: Requesting lock for queryId=alex_20240424053051_5066fc9f-4e00-4831-905d-380a0eeff4aa
2024-04-24T05:30:51,504  INFO [main] lockmgr.DbLockManager: Response to queryId=alex_20240424053051_5066fc9f-4e00-4831-905d-380a0eeff4aa LockResponse(lockid:6, state:ACQUIRED)
2024-04-24T05:30:51,504  INFO [main] ql.Driver: Operation CREATETABLE obtained 1 locks
2024-04-24T05:30:51,504  INFO [main] ql.Driver: Executing command(queryId=alex_20240424053051_5066fc9f-4e00-4831-905d-380a0eeff4aa): create table nonAcidNonBucket(a int, b int) stored as orc TBLPROPERTIES ('transactional'='false')
2024-04-24T05:30:51,504  INFO [main] ql.Driver: Starting task [Stage-0:DDL] in serial mode
2024-04-24T05:30:51,506  INFO [main] HiveMetaStore.audit: ugi=alex	ip=unknown-ip-addr	cmd=create_table_req: Table(tableName:nonAcidNonBucket, dbName:default, owner:alex, createTime:1713961851, lastAccessTime:0, retention:0, sd:StorageDescriptor(cols:[FieldSchema(name:a, type:int, comment:null), FieldSchema(name:b, type:int, comment:null)], location:null, inputFormat:org.apache.hadoop.hive.ql.io.orc.OrcInputFormat, outputFormat:org.apache.hadoop.hive.ql.io.orc.OrcOutputFormat, compressed:false, numBuckets:-1, serdeInfo:SerDeInfo(name:null, serializationLib:org.apache.hadoop.hive.ql.io.orc.OrcSerde, parameters:{serialization.format=1}), bucketCols:[], sortCols:[], parameters:{}, skewedInfo:SkewedInfo(skewedColNames:[], skewedColValues:[], skewedColValueLocationMaps:{}), storedAsSubDirectories:false), partitionKeys:[], parameters:{numRows=0, numFiles=0, COLUMN_STATS_ACCURATE={"BASIC_STATS":"true","COLUMN_STATS":{"a":"true","b":"true"}}, numFilesErasureCoded=0, rawDataSize=0, transactional=false, bucketing_version=2, totalSize=0}, viewOriginalText:null, viewExpandedText:null, tableType:MANAGED_TABLE, privileges:PrincipalPrivilegeSet(userPrivileges:{alex=[PrivilegeGrantInfo(privilege:INSERT, createTime:-1, grantor:alex, grantorType:USER, grantOption:true), PrivilegeGrantInfo(privilege:SELECT, createTime:-1, grantor:alex, grantorType:USER, grantOption:true), PrivilegeGrantInfo(privilege:UPDATE, createTime:-1, grantor:alex, grantorType:USER, grantOption:true), PrivilegeGrantInfo(privilege:DELETE, createTime:-1, grantor:alex, grantorType:USER, grantOption:true)]}, groupPrivileges:null, rolePrivileges:null), temporary:false, catName:hive, ownerType:USER)	
2024-04-24T05:30:51,514  INFO [main] utils.FileUtils: Creating directory if it doesn't exist: file:/home/alex/Repositories/hive/ql/target/tmp/org.apache.hadoop.hive.ql.util.TestHiveStrictManagedMigration-1713961843282/warehouse/nonacidnonbucket
2024-04-24T05:30:51,538  INFO [main] metadata.Hive: Dumping metastore api call timing information for : execution phase
2024-04-24T05:30:51,538  INFO [main] metadata.Hive: Total time spent in each metastore function (ms): {createTable_(Table)=32, isCompatibleWith_(Configuration)=1}
2024-04-24T05:30:51,538  INFO [main] ql.Driver: Completed executing command(queryId=alex_20240424053051_5066fc9f-4e00-4831-905d-380a0eeff4aa); Time taken: 0.034 seconds
2024-04-24T05:30:51,538  INFO [main] lockmgr.DbTxnManager: Stopped heartbeat for query: alex_20240424053051_5066fc9f-4e00-4831-905d-380a0eeff4aa
2024-04-24T05:30:51,543  INFO [main] txn.TxnHandler: Expected to move at least one record from txn_components to completed_txn_components when committing txn! txnid:12
2024-04-24T05:30:51,551  INFO [main] txn.TxnHandler: Removed transactions: ([12]) from MIN_HISTORY_LEVEL
2024-04-24T05:30:51,552  WARN [main] txn.CompactionTxnHandler: No compaction queue record found for Compaction type transaction commit. txnId:12
2024-04-24T05:30:51,553  INFO [main] metastore.HiveMetaStoreClientWithLocalCache: Initializing local cache in HiveMetaStoreClient...
2024-04-24T05:30:51,576  INFO [main] metastore.HiveMetaStoreClientWithLocalCache: Local cache initialized in HiveMetaStoreClient: com.github.benmanes.caffeine.cache.BoundedLocalCache$BoundedLocalManualCache@1686ed85
2024-04-24T05:30:51,576  INFO [main] ql.TxnCommandsBaseForTests: Running the query: DROP TABLE IF EXISTS test.TAcid
2024-04-24T05:30:51,577  INFO [main] ql.Driver: Compiling command(queryId=alex_20240424053051_70049f94-b71a-4f74-b7fb-dcdd561c7968): DROP TABLE IF EXISTS test.TAcid
2024-04-24T05:30:51,580  INFO [main] txn.TxnHandler: Added entries to MIN_HISTORY_LEVEL for current txns: ([13]) with min_open_txn: 6
2024-04-24T05:30:51,581  INFO [main] lockmgr.DbTxnManager: Opened txnid:13
2024-04-24T05:30:51,582  INFO [main] HiveMetaStore.audit: ugi=alex	ip=unknown-ip-addr	cmd=get_table : tbl=hive.test.TAcid	
2024-04-24T05:30:51,585  INFO [main] ql.Driver: Semantic Analysis Completed (retrial = false)
2024-04-24T05:30:51,585  INFO [main] ql.Driver: Created Hive schema: Schema(fieldSchemas:null, properties:null)
2024-04-24T05:30:51,585  INFO [main] metadata.Hive: Dumping metastore api call timing information for : compilation phase
2024-04-24T05:30:51,585  INFO [main] metadata.Hive: Total time spent in each metastore function (ms): {openTxn_(String, TxnType)=4, flushCache_()=0, isCompatibleWith_(Configuration)=0, commitTxn_(CommitTxnRequest)=14, getValidTxns_(long)=1}
2024-04-24T05:30:51,586  INFO [main] ql.Driver: Completed compiling command(queryId=alex_20240424053051_70049f94-b71a-4f74-b7fb-dcdd561c7968); Time taken: 0.008 seconds
2024-04-24T05:30:51,586  INFO [main] lockmgr.DbTxnManager: Setting lock request transaction to txnid:13 for queryId=alex_20240424053051_70049f94-b71a-4f74-b7fb-dcdd561c7968
2024-04-24T05:30:51,586  INFO [main] ql.Driver: Operation DROPTABLE obtained 0 locks
2024-04-24T05:30:51,586  INFO [main] ql.Driver: Executing command(queryId=alex_20240424053051_70049f94-b71a-4f74-b7fb-dcdd561c7968): DROP TABLE IF EXISTS test.TAcid
2024-04-24T05:30:51,586  INFO [main] ql.Driver: Starting task [Stage-0:DDL] in serial mode
2024-04-24T05:30:51,587  INFO [main] HiveMetaStore.audit: ugi=alex	ip=unknown-ip-addr	cmd=get_table : tbl=hive.test.TAcid	
2024-04-24T05:30:51,590  INFO [main] metadata.Hive: Dumping metastore api call timing information for : execution phase
2024-04-24T05:30:51,590  INFO [main] metadata.Hive: Total time spent in each metastore function (ms): {isCompatibleWith_(Configuration)=0}
2024-04-24T05:30:51,590  INFO [main] ql.Driver: Completed executing command(queryId=alex_20240424053051_70049f94-b71a-4f74-b7fb-dcdd561c7968); Time taken: 0.003 seconds
2024-04-24T05:30:51,590  INFO [main] lockmgr.DbTxnManager: Stopped heartbeat for query: alex_20240424053051_70049f94-b71a-4f74-b7fb-dcdd561c7968
2024-04-24T05:30:51,596  INFO [main] txn.TxnHandler: Expected to move at least one record from txn_components to completed_txn_components when committing txn! txnid:13
2024-04-24T05:30:51,604  INFO [main] txn.TxnHandler: Removed transactions: ([13]) from MIN_HISTORY_LEVEL
2024-04-24T05:30:51,605  WARN [main] txn.CompactionTxnHandler: No compaction queue record found for Compaction type transaction commit. txnId:13
2024-04-24T05:30:51,605  INFO [main] ql.TxnCommandsBaseForTests: Running the query: DROP DATABASE IF EXISTS test
2024-04-24T05:30:51,606  INFO [main] ql.Driver: Compiling command(queryId=alex_20240424053051_4735ebaf-b9a1-4525-86dd-9ef24f26419a): DROP DATABASE IF EXISTS test
2024-04-24T05:30:51,609  INFO [main] txn.TxnHandler: Added entries to MIN_HISTORY_LEVEL for current txns: ([14]) with min_open_txn: 6
2024-04-24T05:30:51,610  INFO [main] lockmgr.DbTxnManager: Opened txnid:14
2024-04-24T05:30:51,611  INFO [main] HiveMetaStore.audit: ugi=alex	ip=unknown-ip-addr	cmd=get_database: test	
2024-04-24T05:30:51,613  INFO [main] ql.Driver: Semantic Analysis Completed (retrial = false)
2024-04-24T05:30:51,613  INFO [main] ql.Driver: Created Hive schema: Schema(fieldSchemas:null, properties:null)
2024-04-24T05:30:51,613  INFO [main] metadata.Hive: Dumping metastore api call timing information for : compilation phase
2024-04-24T05:30:51,613  INFO [main] metadata.Hive: Total time spent in each metastore function (ms): {getValidTxns_(long)=1, openTxn_(String, TxnType)=3, flushCache_()=0, commitTxn_(CommitTxnRequest)=15, isCompatibleWith_(Configuration)=0}
2024-04-24T05:30:51,613  INFO [main] ql.Driver: Completed compiling command(queryId=alex_20240424053051_4735ebaf-b9a1-4525-86dd-9ef24f26419a); Time taken: 0.007 seconds
2024-04-24T05:30:51,613  INFO [main] lockmgr.DbTxnManager: Setting lock request transaction to txnid:14 for queryId=alex_20240424053051_4735ebaf-b9a1-4525-86dd-9ef24f26419a
2024-04-24T05:30:51,613  INFO [main] ql.Driver: Operation DROPDATABASE obtained 0 locks
2024-04-24T05:30:51,614  INFO [main] ql.Driver: Executing command(queryId=alex_20240424053051_4735ebaf-b9a1-4525-86dd-9ef24f26419a): DROP DATABASE IF EXISTS test
2024-04-24T05:30:51,614  INFO [main] metadata.Hive: Dumping metastore api call timing information for : execution phase
2024-04-24T05:30:51,614  INFO [main] metadata.Hive: Total time spent in each metastore function (ms): {}
2024-04-24T05:30:51,615  INFO [main] ql.Driver: Completed executing command(queryId=alex_20240424053051_4735ebaf-b9a1-4525-86dd-9ef24f26419a); Time taken: 0.0 seconds
2024-04-24T05:30:51,615  INFO [main] lockmgr.DbTxnManager: Stopped heartbeat for query: alex_20240424053051_4735ebaf-b9a1-4525-86dd-9ef24f26419a
2024-04-24T05:30:51,622  INFO [main] txn.TxnHandler: Expected to move at least one record from txn_components to completed_txn_components when committing txn! txnid:14
2024-04-24T05:30:51,630  INFO [main] txn.TxnHandler: Removed transactions: ([14]) from MIN_HISTORY_LEVEL
2024-04-24T05:30:51,630  WARN [main] txn.CompactionTxnHandler: No compaction queue record found for Compaction type transaction commit. txnId:14
2024-04-24T05:30:51,631  INFO [main] ql.TxnCommandsBaseForTests: Running the query: CREATE DATABASE test
2024-04-24T05:30:51,631  INFO [main] ql.Driver: Compiling command(queryId=alex_20240424053051_75cd621f-1799-4d01-961a-2b5eb8765022): CREATE DATABASE test
2024-04-24T05:30:51,634  INFO [main] txn.TxnHandler: Added entries to MIN_HISTORY_LEVEL for current txns: ([15]) with min_open_txn: 7
2024-04-24T05:30:51,635  INFO [main] lockmgr.DbTxnManager: Opened txnid:15
2024-04-24T05:30:51,636  INFO [main] ql.Driver: Semantic Analysis Completed (retrial = false)
2024-04-24T05:30:51,636  INFO [main] ql.Driver: Created Hive schema: Schema(fieldSchemas:null, properties:null)
2024-04-24T05:30:51,636  INFO [main] metadata.Hive: Dumping metastore api call timing information for : compilation phase
2024-04-24T05:30:51,637  INFO [main] metadata.Hive: Total time spent in each metastore function (ms): {commitTxn_(CommitTxnRequest)=14, flushCache_()=1, openTxn_(String, TxnType)=3, getValidTxns_(long)=1, isCompatibleWith_(Configuration)=1}
2024-04-24T05:30:51,637  INFO [main] ql.Driver: Completed compiling command(queryId=alex_20240424053051_75cd621f-1799-4d01-961a-2b5eb8765022); Time taken: 0.005 seconds
2024-04-24T05:30:51,637  INFO [main] lockmgr.DbTxnManager: Setting lock request transaction to txnid:15 for queryId=alex_20240424053051_75cd621f-1799-4d01-961a-2b5eb8765022
2024-04-24T05:30:51,637  INFO [main] ql.Driver: Operation CREATEDATABASE obtained 0 locks
2024-04-24T05:30:51,637  INFO [main] ql.Driver: Executing command(queryId=alex_20240424053051_75cd621f-1799-4d01-961a-2b5eb8765022): CREATE DATABASE test
2024-04-24T05:30:51,637  INFO [main] ql.Driver: Starting task [Stage-0:DDL] in serial mode
2024-04-24T05:30:51,638  WARN [main] exec.DDLTask: metastore.warehouse.external.dir is not set, falling back to metastore.warehouse.dir. This could cause external tables to use to managed tablespace.
2024-04-24T05:30:51,638  INFO [main] HiveMetaStore.audit: ugi=alex	ip=unknown-ip-addr	cmd=create_database: Database(name:test, description:null, locationUri:file:/home/alex/Repositories/hive/ql/target/tmp/org.apache.hadoop.hive.ql.util.TestHiveStrictManagedMigration-1713961843282/warehouse/test.db, parameters:null, ownerName:alex, ownerType:USER, catalogName:hive, type:NATIVE)	
2024-04-24T05:30:51,646  INFO [main] metastore.HMSHandler: Creating database path in external directory file:/home/alex/Repositories/hive/ql/target/tmp/org.apache.hadoop.hive.ql.util.TestHiveStrictManagedMigration-1713961843282/warehouse/test.db
2024-04-24T05:30:51,647  INFO [main] utils.FileUtils: Creating directory if it doesn't exist: file:/home/alex/Repositories/hive/ql/target/tmp/org.apache.hadoop.hive.ql.util.TestHiveStrictManagedMigration-1713961843282/warehouse/test.db
2024-04-24T05:30:51,650  INFO [main] metastore.HMSHandler: Created database path in external directory file:/home/alex/Repositories/hive/ql/target/tmp/org.apache.hadoop.hive.ql.util.TestHiveStrictManagedMigration-1713961843282/warehouse/test.db
2024-04-24T05:30:51,655  INFO [main] metadata.Hive: Dumping metastore api call timing information for : execution phase
2024-04-24T05:30:51,655  INFO [main] metadata.Hive: Total time spent in each metastore function (ms): {isCompatibleWith_(Configuration)=1, createDatabase_(Database)=16}
2024-04-24T05:30:51,655  INFO [main] ql.Driver: Completed executing command(queryId=alex_20240424053051_75cd621f-1799-4d01-961a-2b5eb8765022); Time taken: 0.018 seconds
2024-04-24T05:30:51,655  INFO [main] lockmgr.DbTxnManager: Stopped heartbeat for query: alex_20240424053051_75cd621f-1799-4d01-961a-2b5eb8765022
2024-04-24T05:30:51,662  INFO [main] txn.TxnHandler: Expected to move at least one record from txn_components to completed_txn_components when committing txn! txnid:15
2024-04-24T05:30:51,670  INFO [main] txn.TxnHandler: Removed transactions: ([15]) from MIN_HISTORY_LEVEL
2024-04-24T05:30:51,670  WARN [main] txn.CompactionTxnHandler: No compaction queue record found for Compaction type transaction commit. txnId:15
2024-04-24T05:30:51,671  INFO [main] ql.TxnCommandsBaseForTests: Running the query: CREATE TABLE test.TAcid (a int, b int) CLUSTERED BY (b) INTO 2 BUCKETS STORED AS orc TBLPROPERTIES ('transactional'='true')
2024-04-24T05:30:51,672  INFO [main] ql.Driver: Compiling command(queryId=alex_20240424053051_6d122ffe-2217-40a3-813a-8833a252e228): CREATE TABLE test.TAcid (a int, b int) CLUSTERED BY (b) INTO 2 BUCKETS STORED AS orc TBLPROPERTIES ('transactional'='true')
2024-04-24T05:30:51,677  INFO [main] txn.TxnHandler: Added entries to MIN_HISTORY_LEVEL for current txns: ([16]) with min_open_txn: 7
2024-04-24T05:30:51,677  INFO [main] lockmgr.DbTxnManager: Opened txnid:16
2024-04-24T05:30:51,679  INFO [main] parse.CalcitePlanner: Starting caching scope for: 
2024-04-24T05:30:51,679  INFO [main] parse.CalcitePlanner: Starting Semantic Analysis
2024-04-24T05:30:51,683  INFO [main] parse.CalcitePlanner: Creating table test.TAcid position=13
2024-04-24T05:30:51,683  INFO [main] HiveMetaStore.audit: ugi=alex	ip=unknown-ip-addr	cmd=get_database: test	
2024-04-24T05:30:51,687  INFO [main] parse.CalcitePlanner: Ending caching scope for: 
2024-04-24T05:30:51,687  INFO [main] ql.Driver: Semantic Analysis Completed (retrial = false)
2024-04-24T05:30:51,687  INFO [main] ql.Driver: Created Hive schema: Schema(fieldSchemas:null, properties:null)
2024-04-24T05:30:51,688  INFO [main] metadata.Hive: Dumping metastore api call timing information for : compilation phase
2024-04-24T05:30:51,688  INFO [main] metadata.Hive: Total time spent in each metastore function (ms): {getValidWriteIds_(List, String)=3, getDatabase_(String)=4, isCompatibleWith_(Configuration)=0, openTxn_(String, TxnType)=4, getValidTxns_(long)=1, flushCache_()=0, commitTxn_(CommitTxnRequest)=16}
2024-04-24T05:30:51,688  INFO [main] ql.Driver: Completed compiling command(queryId=alex_20240424053051_6d122ffe-2217-40a3-813a-8833a252e228); Time taken: 0.016 seconds
2024-04-24T05:30:51,688  INFO [main] lockmgr.DbTxnManager: Setting lock request transaction to txnid:16 for queryId=alex_20240424053051_6d122ffe-2217-40a3-813a-8833a252e228
2024-04-24T05:30:51,689  INFO [main] lockmgr.DbLockManager: Requesting lock for queryId=alex_20240424053051_6d122ffe-2217-40a3-813a-8833a252e228
2024-04-24T05:30:51,710  INFO [main] lockmgr.DbLockManager: Response to queryId=alex_20240424053051_6d122ffe-2217-40a3-813a-8833a252e228 LockResponse(lockid:7, state:ACQUIRED)
2024-04-24T05:30:51,710  INFO [main] ql.Driver: Operation CREATETABLE obtained 1 locks
2024-04-24T05:30:51,711  INFO [main] ql.Driver: Executing command(queryId=alex_20240424053051_6d122ffe-2217-40a3-813a-8833a252e228): CREATE TABLE test.TAcid (a int, b int) CLUSTERED BY (b) INTO 2 BUCKETS STORED AS orc TBLPROPERTIES ('transactional'='true')
2024-04-24T05:30:51,712  INFO [main] ql.Driver: Starting task [Stage-0:DDL] in serial mode
2024-04-24T05:30:51,713  INFO [main] HiveMetaStore.audit: ugi=alex	ip=unknown-ip-addr	cmd=create_table_req: Table(tableName:TAcid, dbName:test, owner:alex, createTime:1713961851, lastAccessTime:0, retention:0, sd:StorageDescriptor(cols:[FieldSchema(name:a, type:int, comment:null), FieldSchema(name:b, type:int, comment:null)], location:null, inputFormat:org.apache.hadoop.hive.ql.io.orc.OrcInputFormat, outputFormat:org.apache.hadoop.hive.ql.io.orc.OrcOutputFormat, compressed:false, numBuckets:2, serdeInfo:SerDeInfo(name:null, serializationLib:org.apache.hadoop.hive.ql.io.orc.OrcSerde, parameters:{serialization.format=1}), bucketCols:[b], sortCols:[], parameters:{}, skewedInfo:SkewedInfo(skewedColNames:[], skewedColValues:[], skewedColValueLocationMaps:{}), storedAsSubDirectories:false), partitionKeys:[], parameters:{transactional=true, COLUMN_STATS_ACCURATE={"BASIC_STATS":"true","COLUMN_STATS":{"a":"true","b":"true"}}, rawDataSize=0, bucketing_version=2, numFilesErasureCoded=0, totalSize=0, numFiles=0, numRows=0}, viewOriginalText:null, viewExpandedText:null, tableType:MANAGED_TABLE, privileges:PrincipalPrivilegeSet(userPrivileges:{alex=[PrivilegeGrantInfo(privilege:INSERT, createTime:-1, grantor:alex, grantorType:USER, grantOption:true), PrivilegeGrantInfo(privilege:SELECT, createTime:-1, grantor:alex, grantorType:USER, grantOption:true), PrivilegeGrantInfo(privilege:UPDATE, createTime:-1, grantor:alex, grantorType:USER, grantOption:true), PrivilegeGrantInfo(privilege:DELETE, createTime:-1, grantor:alex, grantorType:USER, grantOption:true)]}, groupPrivileges:null, rolePrivileges:null), temporary:false, catName:hive, ownerType:USER, writeId:0)	
2024-04-24T05:30:51,724  INFO [main] utils.FileUtils: Creating directory if it doesn't exist: file:/home/alex/Repositories/hive/ql/target/tmp/org.apache.hadoop.hive.ql.util.TestHiveStrictManagedMigration-1713961843282/warehouse/test.db/tacid
2024-04-24T05:30:51,764  INFO [main] metadata.Hive: Dumping metastore api call timing information for : execution phase
2024-04-24T05:30:51,765  INFO [main] metadata.Hive: Total time spent in each metastore function (ms): {isCompatibleWith_(Configuration)=0, createTable_(Table)=51}
2024-04-24T05:30:51,765  INFO [main] ql.Driver: Completed executing command(queryId=alex_20240424053051_6d122ffe-2217-40a3-813a-8833a252e228); Time taken: 0.053 seconds
2024-04-24T05:30:51,765  INFO [main] lockmgr.DbTxnManager: Stopped heartbeat for query: alex_20240424053051_6d122ffe-2217-40a3-813a-8833a252e228
2024-04-24T05:30:51,771  INFO [main] txn.TxnHandler: Expected to move at least one record from txn_components to completed_txn_components when committing txn! txnid:16
2024-04-24T05:30:51,778  INFO [main] txn.TxnHandler: Removed transactions: ([16]) from MIN_HISTORY_LEVEL
2024-04-24T05:30:51,779  WARN [main] txn.CompactionTxnHandler: No compaction queue record found for Compaction type transaction commit. txnId:16
2024-04-24T05:30:51,785  INFO [main] ql.TxnCommandsBaseForTests: Running the query: INSERT INTO test.TAcid values(1,2),(3,4),(5,6)
2024-04-24T05:30:51,786  INFO [main] ql.Driver: Compiling command(queryId=alex_20240424053051_88500f79-306f-43f3-aadc-8fa727994f3b): INSERT INTO test.TAcid values(1,2),(3,4),(5,6)
2024-04-24T05:30:51,792  INFO [main] txn.TxnHandler: Added entries to MIN_HISTORY_LEVEL for current txns: ([17]) with min_open_txn: 8
2024-04-24T05:30:51,792  INFO [main] lockmgr.DbTxnManager: Opened txnid:17
2024-04-24T05:30:51,794  INFO [main] parse.CalcitePlanner: Starting caching scope for: 
2024-04-24T05:30:51,794  INFO [main] parse.CalcitePlanner: Starting Semantic Analysis
2024-04-24T05:30:52,326  WARN [main] exec.FunctionRegistry: UDF Class org.apache.datasketches.hive.tuple.ArrayOfDoublesSketchToValuesUDTF does not have description. Please annotate the class with the org.apache.hadoop.hive.ql.exec.Description annotation and provide the description of the function.
2024-04-24T05:30:52,328  WARN [main] exec.FunctionRegistry: UDF Class org.apache.datasketches.hive.theta.UnionSketchUDF does not have description. Please annotate the class with the org.apache.hadoop.hive.ql.exec.Description annotation and provide the description of the function.
2024-04-24T05:30:52,328  WARN [main] exec.FunctionRegistry: UDF Class org.apache.datasketches.hive.theta.EstimateSketchUDF does not have description. Please annotate the class with the org.apache.hadoop.hive.ql.exec.Description annotation and provide the description of the function.
2024-04-24T05:30:52,328  WARN [main] exec.FunctionRegistry: UDF Class org.apache.datasketches.hive.theta.IntersectSketchUDF does not have description. Please annotate the class with the org.apache.hadoop.hive.ql.exec.Description annotation and provide the description of the function.
2024-04-24T05:30:52,328  WARN [main] exec.FunctionRegistry: UDF Class org.apache.datasketches.hive.theta.ExcludeSketchUDF does not have description. Please annotate the class with the org.apache.hadoop.hive.ql.exec.Description annotation and provide the description of the function.
2024-04-24T05:30:52,334  WARN [main] exec.FunctionRegistry: UDF Class org.apache.datasketches.hive.cpc.UnionSketchUDF does not have description. Please annotate the class with the org.apache.hadoop.hive.ql.exec.Description annotation and provide the description of the function.
2024-04-24T05:30:52,337  WARN [main] exec.FunctionRegistry: UDF Class org.apache.datasketches.hive.hll.UnionSketchUDF does not have description. Please annotate the class with the org.apache.hadoop.hive.ql.exec.Description annotation and provide the description of the function.
2024-04-24T05:30:52,383  INFO [main] HiveMetaStore.audit: ugi=alex	ip=unknown-ip-addr	cmd=get_table : tbl=hive.test.TAcid	
2024-04-24T05:30:52,433  INFO [main] metastore.HMSHandler: Skipping translation for processor with null
2024-04-24T05:30:52,433  INFO [main] parse.CalcitePlanner: Completed phase 1 of Semantic Analysis
2024-04-24T05:30:52,433  INFO [main] parse.CalcitePlanner: Get metadata for source tables
2024-04-24T05:30:52,433  INFO [main] parse.CalcitePlanner: Get metadata for subqueries
2024-04-24T05:30:52,433  INFO [main] parse.CalcitePlanner: Get metadata for destination tables
2024-04-24T05:30:52,436  INFO [main] HiveMetaStore.audit: ugi=alex	ip=unknown-ip-addr	cmd=get_table : tbl=hive.test.TAcid	
2024-04-24T05:30:52,449  INFO [main] metastore.HMSHandler: Skipping translation for processor with null
2024-04-24T05:30:52,450  INFO [main] parse.CalcitePlanner: Completed getting MetaData in Semantic Analysis
2024-04-24T05:30:52,450  INFO [main] parse.CalcitePlanner: Disabling LLAP IO encode as ETL query is detected
2024-04-24T05:30:53,533  INFO [main] HiveMetaStore.audit: ugi=alex	ip=unknown-ip-addr	cmd=get_all_table_constraints : tbl=hive._dummy_database._dummy_table	
2024-04-24T05:30:54,164  INFO [main] parse.CalcitePlanner: Get metadata for source tables
2024-04-24T05:30:54,164  INFO [main] parse.CalcitePlanner: Get metadata for subqueries
2024-04-24T05:30:54,164  INFO [main] parse.CalcitePlanner: Get metadata for source tables
2024-04-24T05:30:54,165  INFO [main] HiveMetaStore.audit: ugi=alex	ip=unknown-ip-addr	cmd=get_table : tbl=hive._dummy_database._dummy_table	
2024-04-24T05:30:54,167  INFO [main] parse.CalcitePlanner: Get metadata for subqueries
2024-04-24T05:30:54,168  INFO [main] parse.CalcitePlanner: Get metadata for destination tables
2024-04-24T05:30:54,169  INFO [main] parse.CalcitePlanner: Get metadata for destination tables
2024-04-24T05:30:54,170  INFO [main] HiveMetaStore.audit: ugi=alex	ip=unknown-ip-addr	cmd=get_table : tbl=hive.test.TAcid	
2024-04-24T05:30:54,181  INFO [main] metastore.HMSHandler: Skipping translation for processor with null
2024-04-24T05:30:54,213  INFO [main] HiveMetaStore.audit: ugi=alex	ip=unknown-ip-addr	cmd=get_not_null_constraints : tbl=hive.test.tacid	
2024-04-24T05:30:54,216  INFO [main] HiveMetaStore.audit: ugi=alex	ip=unknown-ip-addr	cmd=get_check_constraints : tbl=hive.test.tacid	
2024-04-24T05:30:54,236  INFO [main] txn.TxnHandler: Allocated writeId: 1 for txnId: 17
2024-04-24T05:30:54,236  INFO [main] txn.TxnHandler: Allocated write ids for dbName=test, tblName=tacid (txnIds: [17])
2024-04-24T05:30:54,242  INFO [main] parse.CalcitePlanner: CBO Succeeded; optimized logical plan.
2024-04-24T05:30:54,290  INFO [main] optimizer.ColumnPrunerProcFactory: RS 4 oldColExprMap: {VALUE._col0=Column[_col0], KEY.reducesinkkey0=Column[_col1]}
2024-04-24T05:30:54,290  INFO [main] optimizer.ColumnPrunerProcFactory: RS 4 newColExprMap: {VALUE._col0=Column[_col0], KEY.reducesinkkey0=Column[_col1]}
2024-04-24T05:30:54,299  INFO [main] optimizer.BucketVersionPopulator: not considering bucketingVersion for: TS[0] because it has -1<2 buckets 
2024-04-24T05:30:54,309  INFO [main] optimizer.SortedDynPartitionOptimizer: Sorted dynamic partitioning optimization kicked in..
2024-04-24T05:30:54,347  INFO [main] HiveMetaStore.audit: ugi=alex	ip=unknown-ip-addr	cmd=get_table : tbl=hive.test.tacid	
2024-04-24T05:30:54,363  INFO [main] metastore.HMSHandler: Skipping translation for processor with null
2024-04-24T05:30:54,390  INFO [main] physical.Vectorizer: Examining input format to see if vectorization is enabled.
2024-04-24T05:30:54,395  INFO [main] physical.Vectorizer: Map vectorization enabled: false
2024-04-24T05:30:54,395  INFO [main] physical.Vectorizer: Map vectorized: false
2024-04-24T05:30:54,395  INFO [main] physical.Vectorizer: Map vectorizedVertexNum: 0
2024-04-24T05:30:54,395  INFO [main] physical.Vectorizer: Map enabledConditionsMet: [hive.vectorized.use.vectorized.input.format IS true]
2024-04-24T05:30:54,395  INFO [main] physical.Vectorizer: Map enabledConditionsNotMet: [Could not enable vectorization due to partition column names size 1 is greater than the number of table column names size 0 IS false]
2024-04-24T05:30:54,395  INFO [main] physical.Vectorizer: Map inputFileFormatClassNameSet: [org.apache.hadoop.hive.ql.io.NullRowsInputFormat]
2024-04-24T05:30:54,396  INFO [main] physical.Vectorizer: Reduce vectorization enabled: false
2024-04-24T05:30:54,396  INFO [main] physical.Vectorizer: Reduce vectorized: false
2024-04-24T05:30:54,396  INFO [main] physical.Vectorizer: Reduce vectorizedVertexNum: 1
2024-04-24T05:30:54,396  INFO [main] physical.Vectorizer: Reducer hive.vectorized.execution.reduce.enabled: true
2024-04-24T05:30:54,396  INFO [main] physical.Vectorizer: Reducer engine: mr
2024-04-24T05:30:54,397  INFO [main] parse.CalcitePlanner: Completed plan generation
2024-04-24T05:30:54,397  INFO [main] parse.CalcitePlanner: Ending caching scope for: 
2024-04-24T05:30:54,397  INFO [main] ql.Driver: Semantic Analysis Completed (retrial = false)
2024-04-24T05:30:54,397  INFO [main] ql.Driver: Created Hive schema: Schema(fieldSchemas:[FieldSchema(name:col1, type:int, comment:null), FieldSchema(name:col2, type:int, comment:null)], properties:null)
2024-04-24T05:30:54,397  INFO [main] metadata.Hive: Dumping metastore api call timing information for : compilation phase
2024-04-24T05:30:54,398  INFO [main] metadata.Hive: Total time spent in each metastore function (ms): {getCheckConstraints_(CheckConstraintsRequest)=3, getAllTableConstraints_(AllTableConstraintsRequest)=49, getValidTxns_(long)=1, getNotNullConstraints_(NotNullConstraintsRequest)=3, getValidWriteIds_(List, String)=4, getTable_(GetTableRequest)=90, allocateTableWriteId_(long, String, String)=13, flushCache_()=0, isCompatibleWith_(Configuration)=0, commitTxn_(CommitTxnRequest)=14, openTxn_(String, TxnType)=3}
2024-04-24T05:30:54,398  INFO [main] ql.Driver: Completed compiling command(queryId=alex_20240424053051_88500f79-306f-43f3-aadc-8fa727994f3b); Time taken: 2.611 seconds
2024-04-24T05:30:54,398  INFO [main] lockmgr.DbTxnManager: Setting lock request transaction to txnid:17 for queryId=alex_20240424053051_88500f79-306f-43f3-aadc-8fa727994f3b
2024-04-24T05:30:54,399  INFO [main] lockmgr.DbLockManager: Requesting lock for queryId=alex_20240424053051_88500f79-306f-43f3-aadc-8fa727994f3b
2024-04-24T05:30:54,429  INFO [main] lockmgr.DbLockManager: Response to queryId=alex_20240424053051_88500f79-306f-43f3-aadc-8fa727994f3b LockResponse(lockid:8, state:ACQUIRED)
2024-04-24T05:30:54,429  INFO [main] ql.Driver: Operation QUERY obtained 1 locks
2024-04-24T05:30:54,432  INFO [main] ql.Driver: Executing command(queryId=alex_20240424053051_88500f79-306f-43f3-aadc-8fa727994f3b): INSERT INTO test.TAcid values(1,2),(3,4),(5,6)
2024-04-24T05:30:54,433  WARN [main] ql.Driver: Hive-on-MR is deprecated in Hive 2 and may not be available in the future versions. Consider using a different execution engine (i.e. tez, spark) or using Hive 1.X releases.
Query ID = alex_20240424053051_88500f79-306f-43f3-aadc-8fa727994f3b
2024-04-24T05:30:54,433  INFO [main] ql.Driver: Query ID = alex_20240424053051_88500f79-306f-43f3-aadc-8fa727994f3b
Total jobs = 1
2024-04-24T05:30:54,433  INFO [main] ql.Driver: Total jobs = 1
Launching Job 1 out of 1
2024-04-24T05:30:54,433  INFO [main] ql.Driver: Launching Job 1 out of 1
2024-04-24T05:30:54,581  INFO [main] ql.Driver: Starting task [Stage-1:MAPRED] in serial mode
Number of reduce tasks determined at compile time: 2
2024-04-24T05:30:54,582  INFO [main] exec.Task: Number of reduce tasks determined at compile time: 2
In order to change the average load for a reducer (in bytes):
2024-04-24T05:30:54,582  INFO [main] exec.Task: In order to change the average load for a reducer (in bytes):
  set hive.exec.reducers.bytes.per.reducer=<number>
2024-04-24T05:30:54,582  INFO [main] exec.Task:   set hive.exec.reducers.bytes.per.reducer=<number>
In order to limit the maximum number of reducers:
2024-04-24T05:30:54,582  INFO [main] exec.Task: In order to limit the maximum number of reducers:
  set hive.exec.reducers.max=<number>
2024-04-24T05:30:54,582  INFO [main] exec.Task:   set hive.exec.reducers.max=<number>
In order to set a constant number of reducers:
2024-04-24T05:30:54,582  INFO [main] exec.Task: In order to set a constant number of reducers:
  set mapreduce.job.reduces=<number>
2024-04-24T05:30:54,582  INFO [main] exec.Task:   set mapreduce.job.reduces=<number>
2024-04-24T05:30:54,590  INFO [main] mr.ExecDriver: Using org.apache.hadoop.hive.ql.io.HiveInputFormat
2024-04-24T05:30:54,593  INFO [main] exec.Utilities: Processing alias $hdt$_0:_dummy_table
2024-04-24T05:30:54,593  INFO [main] exec.Utilities: Adding 1 inputs; the first input is file:/home/alex/Repositories/hive/ql/target/tmp/localscratchdir/7d73e23b-ad05-482d-8b15-60940bef43bc/hive_2024-04-24_05-30-51_785_8109664914456986819-1/dummy_path
2024-04-24T05:30:54,662  INFO [main] exec.SerializationUtilities: Serializing MapWork using kryo
2024-04-24T05:30:54,684  INFO [main] exec.Utilities: Serialized plan (via FILE) - name: null size: 5,30KB
2024-04-24T05:30:54,691  INFO [main] exec.SerializationUtilities: Serializing ReduceWork using kryo
2024-04-24T05:30:54,699  INFO [main] exec.Utilities: Serialized plan (via FILE) - name: null size: 6,01KB
2024-04-24T05:30:54,802  INFO [main] beanutils.FluentPropertyBeanIntrospector: Error when creating PropertyDescriptor for public final void org.apache.commons.configuration2.AbstractConfiguration.setProperty(java.lang.String,java.lang.Object)! Ignoring this property.
2024-04-24T05:30:54,816  WARN [main] impl.MetricsConfig: Cannot locate configuration: tried hadoop-metrics2-jobtracker.properties,hadoop-metrics2.properties
2024-04-24T05:30:54,830  INFO [main] impl.MetricsSystemImpl: Scheduled Metric snapshot period at 10 second(s).
2024-04-24T05:30:54,830  INFO [main] impl.MetricsSystemImpl: JobTracker metrics system started
2024-04-24T05:30:54,843  INFO [main] fs.FSStatsPublisher: created : file:/home/alex/Repositories/hive/ql/target/tmp/localscratchdir/7d73e23b-ad05-482d-8b15-60940bef43bc/hive_2024-04-24_05-30-51_785_8109664914456986819-1/-mr-10000
2024-04-24T05:30:54,853  WARN [main] impl.MetricsSystemImpl: JobTracker metrics system already initialized!
2024-04-24T05:30:54,900  WARN [main] mapreduce.JobResourceUploader: Hadoop command-line option parsing not performed. Implement the Tool interface and execute your application with ToolRunner to remedy this.
2024-04-24T05:30:54,908  WARN [main] mapreduce.JobResourceUploader: No job jar file set.  User classes may not be found. See Job or Job#setJar(String).
2024-04-24T05:30:54,915  INFO [main] io.HiveInputFormat: hive.io.file.readcolumn.ids = 
2024-04-24T05:30:54,915  INFO [main] io.HiveInputFormat: hive.io.file.readcolumn.names = 
2024-04-24T05:30:54,915  INFO [main] io.HiveInputFormat: Generating splits for dirs: file:/home/alex/Repositories/hive/ql/target/tmp/localscratchdir/7d73e23b-ad05-482d-8b15-60940bef43bc/hive_2024-04-24_05-30-51_785_8109664914456986819-1/dummy_path
2024-04-24T05:30:54,915  INFO [main] io.NullRowsInputFormat$NullRowsRecordReader: Using null rows input format
2024-04-24T05:30:54,921  INFO [main] io.HiveInputFormat: number of splits 1
2024-04-24T05:30:54,951  INFO [main] mapreduce.JobSubmitter: number of splits:1
2024-04-24T05:30:55,058  INFO [main] mapreduce.JobSubmitter: Submitting tokens for job: job_local1657733951_0001
2024-04-24T05:30:55,058  INFO [main] mapreduce.JobSubmitter: Executing with tokens: []
2024-04-24T05:30:55,221  INFO [main] mapreduce.Job: The url to track the job: http://localhost:8080/
Job running in-process (local Hadoop)
2024-04-24T05:30:55,222  INFO [main] exec.Task: Job running in-process (local Hadoop)
2024-04-24T05:30:55,222  INFO [Thread-77] mapred.LocalJobRunner: OutputCommitter set in config org.apache.hadoop.hive.ql.io.HiveFileFormatUtils$NullOutputCommitter
2024-04-24T05:30:55,223  INFO [Thread-77] mapred.LocalJobRunner: OutputCommitter is org.apache.hadoop.hive.ql.io.HiveFileFormatUtils$NullOutputCommitter
2024-04-24T05:30:55,234  INFO [Thread-77] mapred.LocalJobRunner: Waiting for map tasks
2024-04-24T05:30:55,237  INFO [LocalJobRunner Map Task Executor #0] mapred.LocalJobRunner: Starting task: attempt_local1657733951_0001_m_000000_0
2024-04-24T05:30:55,274  INFO [LocalJobRunner Map Task Executor #0] mapred.Task:  Using ResourceCalculatorProcessTree : [ ]
2024-04-24T05:30:55,281  INFO [LocalJobRunner Map Task Executor #0] mapred.MapTask: Processing split: org.apache.hadoop.hive.ql.io.NullRowsInputFormat:file:/home/alex/Repositories/hive/ql/target/tmp/localscratchdir/7d73e23b-ad05-482d-8b15-60940bef43bc/hive_2024-04-24_05-30-51_785_8109664914456986819-1/dummy_path/null:0+1
2024-04-24T05:30:55,288  INFO [LocalJobRunner Map Task Executor #0] exec.SerializationUtilities: Deserializing MapWork using kryo
2024-04-24T05:30:55,313  INFO [LocalJobRunner Map Task Executor #0] exec.Utilities: Deserialized plan (via FILE) - name: null size: 5,30KB
2024-04-24T05:30:55,320  INFO [LocalJobRunner Map Task Executor #0] mapred.MapTask: numReduceTasks: 2
2024-04-24T05:30:55,332  INFO [LocalJobRunner Map Task Executor #0] mapred.MapTask: (EQUATOR) 0 kvi 26214396(104857584)
2024-04-24T05:30:55,332  INFO [LocalJobRunner Map Task Executor #0] mapred.MapTask: mapreduce.task.io.sort.mb: 100
2024-04-24T05:30:55,332  INFO [LocalJobRunner Map Task Executor #0] mapred.MapTask: soft limit at 83886080
2024-04-24T05:30:55,332  INFO [LocalJobRunner Map Task Executor #0] mapred.MapTask: bufstart = 0; bufvoid = 104857600
2024-04-24T05:30:55,332  INFO [LocalJobRunner Map Task Executor #0] mapred.MapTask: kvstart = 26214396; length = 6553600
2024-04-24T05:30:55,334  INFO [LocalJobRunner Map Task Executor #0] mapred.MapTask: Map output collector class = org.apache.hadoop.mapred.MapTask$MapOutputBuffer
2024-04-24T05:30:55,338  INFO [LocalJobRunner Map Task Executor #0] exec.MapOperator: Initializing Operator: MAP[0]
2024-04-24T05:30:55,339  INFO [LocalJobRunner Map Task Executor #0] mr.ExecMapper: 
<MAP>Id =0
  <Children>null
  <\Children>
  <Parent><\Parent>
<\MAP>
2024-04-24T05:30:55,341  INFO [LocalJobRunner Map Task Executor #0] exec.TableScanOperator: Initializing Operator: TS[0]
2024-04-24T05:30:55,341  INFO [LocalJobRunner Map Task Executor #0] exec.SelectOperator: Initializing Operator: SEL[1]
2024-04-24T05:30:55,343  INFO [LocalJobRunner Map Task Executor #0] exec.SelectOperator: SELECT null
2024-04-24T05:30:55,344  INFO [LocalJobRunner Map Task Executor #0] exec.UDTFOperator: Initializing Operator: UDTF[2]
2024-04-24T05:30:55,344  INFO [LocalJobRunner Map Task Executor #0] exec.SelectOperator: Initializing Operator: SEL[3]
2024-04-24T05:30:55,345  INFO [LocalJobRunner Map Task Executor #0] exec.SelectOperator: SELECT struct<col1:int,col2:int>
2024-04-24T05:30:55,345  INFO [LocalJobRunner Map Task Executor #0] exec.ReduceSinkOperator: Initializing Operator: RS[4]
2024-04-24T05:30:55,345  INFO [LocalJobRunner Map Task Executor #0] exec.ReduceSinkOperator: Using tag = -1
2024-04-24T05:30:55,364  INFO [LocalJobRunner Map Task Executor #0] exec.ReduceSinkOperator: keys are [reducesinkkey0] num distributions: 1
2024-04-24T05:30:55,365  INFO [LocalJobRunner Map Task Executor #0] exec.ReduceSinkOperator: RS[4]: records written - 1
2024-04-24T05:30:55,365  INFO [LocalJobRunner Map Task Executor #0] exec.MapOperator: MAP[0]: records read - 1
2024-04-24T05:30:55,366  INFO [LocalJobRunner Map Task Executor #0] exec.MapOperator: Closing Operator: MAP[0]
2024-04-24T05:30:55,366  INFO [LocalJobRunner Map Task Executor #0] exec.MapOperator: MAP[0]: Total records read - 3. abort - false
2024-04-24T05:30:55,366  INFO [LocalJobRunner Map Task Executor #0] exec.MapOperator: RECORDS_OUT_INTERMEDIATE:0, RECORDS_IN:3, DESERIALIZE_ERRORS:0, RECORDS_OUT_OPERATOR_MAP_0:0, 
2024-04-24T05:30:55,366  INFO [LocalJobRunner Map Task Executor #0] exec.TableScanOperator: Closing Operator: TS[0]
2024-04-24T05:30:55,366  INFO [LocalJobRunner Map Task Executor #0] exec.TableScanOperator: RECORDS_OUT_OPERATOR_TS_0:1, RECORDS_OUT_INTERMEDIATE:0, 
2024-04-24T05:30:55,366  INFO [LocalJobRunner Map Task Executor #0] exec.SelectOperator: Closing Operator: SEL[1]
2024-04-24T05:30:55,366  INFO [LocalJobRunner Map Task Executor #0] exec.SelectOperator: RECORDS_OUT_OPERATOR_SEL_1:1, RECORDS_OUT_INTERMEDIATE:0, 
2024-04-24T05:30:55,367  INFO [LocalJobRunner Map Task Executor #0] exec.UDTFOperator: Closing Operator: UDTF[2]
2024-04-24T05:30:55,367  INFO [LocalJobRunner Map Task Executor #0] exec.UDTFOperator: RECORDS_OUT_OPERATOR_UDTF_2:3, RECORDS_OUT_INTERMEDIATE:0, 
2024-04-24T05:30:55,367  INFO [LocalJobRunner Map Task Executor #0] exec.SelectOperator: Closing Operator: SEL[3]
2024-04-24T05:30:55,367  INFO [LocalJobRunner Map Task Executor #0] exec.SelectOperator: RECORDS_OUT_INTERMEDIATE:0, RECORDS_OUT_OPERATOR_SEL_3:3, 
2024-04-24T05:30:55,367  INFO [LocalJobRunner Map Task Executor #0] exec.ReduceSinkOperator: Closing Operator: RS[4]
2024-04-24T05:30:55,367  INFO [LocalJobRunner Map Task Executor #0] exec.ReduceSinkOperator: RS[4]: Total records written - 3. abort - false
2024-04-24T05:30:55,367  INFO [LocalJobRunner Map Task Executor #0] exec.ReduceSinkOperator: RECORDS_OUT_INTERMEDIATE:3, RECORDS_OUT_OPERATOR_RS_4:3, 
2024-04-24T05:30:55,372  INFO [LocalJobRunner Map Task Executor #0] mapred.LocalJobRunner: 
2024-04-24T05:30:55,372  INFO [LocalJobRunner Map Task Executor #0] mapred.MapTask: Starting flush of map output
2024-04-24T05:30:55,372  INFO [LocalJobRunner Map Task Executor #0] mapred.MapTask: Spilling map output
2024-04-24T05:30:55,372  INFO [LocalJobRunner Map Task Executor #0] mapred.MapTask: bufstart = 0; bufend = 48; bufvoid = 104857600
2024-04-24T05:30:55,372  INFO [LocalJobRunner Map Task Executor #0] mapred.MapTask: kvstart = 26214396(104857584); kvend = 26214388(104857552); length = 9/6553600
2024-04-24T05:30:55,389  INFO [LocalJobRunner Map Task Executor #0] mapred.MapTask: Finished spill 0
2024-04-24T05:30:55,401  INFO [LocalJobRunner Map Task Executor #0] mapred.Task: Task:attempt_local1657733951_0001_m_000000_0 is done. And is in the process of committing
2024-04-24T05:30:55,402  INFO [LocalJobRunner Map Task Executor #0] mapred.LocalJobRunner: map
2024-04-24T05:30:55,403  INFO [LocalJobRunner Map Task Executor #0] mapred.Task: Task 'attempt_local1657733951_0001_m_000000_0' done.
2024-04-24T05:30:55,404  INFO [LocalJobRunner Map Task Executor #0] mapred.Task: Final Counters for attempt_local1657733951_0001_m_000000_0: Counters: 26
	File System Counters
		FILE: Number of bytes read=5759
		FILE: Number of bytes written=1217453
		FILE: Number of read operations=0
		FILE: Number of large read operations=0
		FILE: Number of write operations=0
	Map-Reduce Framework
		Map input records=4
		Map output records=3
		Map output bytes=48
		Map output materialized bytes=66
		Input split bytes=361
		Combine input records=0
		Spilled Records=3
		Failed Shuffles=0
		Merged Map outputs=0
		GC time elapsed (ms)=0
		Total committed heap usage (bytes)=921174016
	HIVE
		DESERIALIZE_ERRORS=0
		RECORDS_IN=3
		RECORDS_OUT_INTERMEDIATE=3
		RECORDS_OUT_OPERATOR_MAP_0=0
		RECORDS_OUT_OPERATOR_RS_4=3
		RECORDS_OUT_OPERATOR_SEL_1=1
		RECORDS_OUT_OPERATOR_SEL_3=3
		RECORDS_OUT_OPERATOR_TS_0=1
		RECORDS_OUT_OPERATOR_UDTF_2=3
	File Input Format Counters 
		Bytes Read=5354
2024-04-24T05:30:55,404  INFO [LocalJobRunner Map Task Executor #0] mapred.LocalJobRunner: Finishing task: attempt_local1657733951_0001_m_000000_0
2024-04-24T05:30:55,405  INFO [Thread-77] mapred.LocalJobRunner: map task executor complete.
2024-04-24T05:30:55,410  INFO [Thread-77] mapred.LocalJobRunner: Waiting for reduce tasks
2024-04-24T05:30:55,411  INFO [pool-8-thread-1] mapred.LocalJobRunner: Starting task: attempt_local1657733951_0001_r_000000_0
2024-04-24T05:30:55,417  INFO [pool-8-thread-1] mapred.Task:  Using ResourceCalculatorProcessTree : [ ]
2024-04-24T05:30:55,419  INFO [pool-8-thread-1] mapred.ReduceTask: Using ShuffleConsumerPlugin: org.apache.hadoop.mapreduce.task.reduce.Shuffle@395dc89
2024-04-24T05:30:55,421  WARN [pool-8-thread-1] impl.MetricsSystemImpl: JobTracker metrics system already initialized!
2024-04-24T05:30:55,435  INFO [pool-8-thread-1] reduce.MergeManagerImpl: MergerManager: memoryLimit=1336252800, maxSingleShuffleLimit=334063200, mergeThreshold=881926912, ioSortFactor=10, memToMemMergeOutputsThreshold=10
2024-04-24T05:30:55,437  INFO [EventFetcher for fetching Map Completion Events] reduce.EventFetcher: attempt_local1657733951_0001_r_000000_0 Thread started: EventFetcher for fetching Map Completion Events
2024-04-24T05:30:55,461  INFO [localfetcher#1] reduce.LocalFetcher: localfetcher#1 about to shuffle output of map attempt_local1657733951_0001_m_000000_0 decomp: 38 len: 42 to MEMORY
2024-04-24T05:30:55,463  INFO [localfetcher#1] reduce.InMemoryMapOutput: Read 38 bytes from map-output for attempt_local1657733951_0001_m_000000_0
2024-04-24T05:30:55,464  INFO [localfetcher#1] reduce.MergeManagerImpl: closeInMemoryFile -> map-output of size: 38, inMemoryMapOutputs.size() -> 1, commitMemory -> 0, usedMemory ->38
2024-04-24T05:30:55,465  INFO [EventFetcher for fetching Map Completion Events] reduce.EventFetcher: EventFetcher is interrupted.. Returning
2024-04-24T05:30:55,466  INFO [pool-8-thread-1] mapred.LocalJobRunner: 1 / 1 copied.
2024-04-24T05:30:55,466  INFO [pool-8-thread-1] reduce.MergeManagerImpl: finalMerge called with 1 in-memory map-outputs and 0 on-disk map-outputs
2024-04-24T05:30:55,477  INFO [pool-8-thread-1] mapred.Merger: Merging 1 sorted segments
2024-04-24T05:30:55,477  INFO [pool-8-thread-1] mapred.Merger: Down to the last merge-pass, with 1 segments left of total size: 26 bytes
2024-04-24T05:30:55,480  INFO [pool-8-thread-1] reduce.MergeManagerImpl: Merged 1 segments, 38 bytes to disk to satisfy reduce memory limit
2024-04-24T05:30:55,480  INFO [pool-8-thread-1] reduce.MergeManagerImpl: Merging 1 files, 42 bytes from disk
2024-04-24T05:30:55,481  INFO [pool-8-thread-1] reduce.MergeManagerImpl: Merging 0 segments, 0 bytes from memory into reduce
2024-04-24T05:30:55,481  INFO [pool-8-thread-1] mapred.Merger: Merging 1 sorted segments
2024-04-24T05:30:55,481  INFO [pool-8-thread-1] mapred.Merger: Down to the last merge-pass, with 1 segments left of total size: 26 bytes
2024-04-24T05:30:55,481  INFO [pool-8-thread-1] mapred.LocalJobRunner: 1 / 1 copied.
2024-04-24T05:30:55,484  INFO [pool-8-thread-1] exec.SerializationUtilities: Deserializing ReduceWork using kryo
2024-04-24T05:30:55,488  INFO [pool-8-thread-1] exec.Utilities: Deserialized plan (via FILE) - name: null size: 6,01KB
2024-04-24T05:30:55,490  INFO [pool-8-thread-1] ExecReducer: 
<SEL>Id =5
  <Children>
    <FS>Id =6
      <Children>
      <\Children>
      <Parent>Id = 5 null<\Parent>
    <\FS>
  <\Children>
  <Parent><\Parent>
<\SEL>
2024-04-24T05:30:55,490  INFO [pool-8-thread-1] exec.SelectOperator: Initializing Operator: SEL[5]
2024-04-24T05:30:55,490  INFO [pool-8-thread-1] exec.SelectOperator: SELECT struct<key:struct<reducesinkkey0:int>,value:struct<_col0:int>>
2024-04-24T05:30:55,490  INFO [pool-8-thread-1] exec.FileSinkOperator: Initializing Operator: FS[6]
2024-04-24T05:30:55,491  INFO [pool-8-thread-1] exec.FileSinkOperator: Using serializer : AbstractSerDe [log=org.apache.logging.slf4j.Log4jLogger@8eb8cfd, configuration=Optional[Configuration: core-default.xml, core-site.xml, mapred-default.xml, mapred-site.xml, yarn-default.xml, yarn-site.xml, hdfs-default.xml, hdfs-site.xml, file:/home/alex/Repositories/hive/ql/target/tmp/TestHiveStrictManagedMigration/mapred/local/localRunner/alex/job_local1657733951_0001/job_local1657733951_0001.xml], properties={transactional_properties=default, name=test.tacid, transactional=true, columns.types=int:int, bucket_field_name=b, columns=a,b, numFilesErasureCoded=0, columns.comments=&amp#0;, bucketing_version=2, bucket_count=2, serialization.lib=org.apache.hadoop.hive.ql.io.orc.OrcSerde, file.inputformat=org.apache.hadoop.hive.ql.io.orc.OrcInputFormat, file.outputformat=org.apache.hadoop.hive.ql.io.orc.OrcOutputFormat, location=file:/home/alex/Repositories/hive/ql/target/tmp/org.apache.hadoop.hive.ql.util.TestHiveStrictManagedMigration-1713961843282/warehouse/test.db/tacid, column.name.delimiter=,}, tableProperties={transactional_properties=default, name=test.tacid, transactional=true, columns.types=int:int, bucket_field_name=b, columns=a,b, numFilesErasureCoded=0, columns.comments=&amp#0;, bucketing_version=2, bucket_count=2, serialization.lib=org.apache.hadoop.hive.ql.io.orc.OrcSerde, file.inputformat=org.apache.hadoop.hive.ql.io.orc.OrcInputFormat, location=file:/home/alex/Repositories/hive/ql/target/tmp/org.apache.hadoop.hive.ql.util.TestHiveStrictManagedMigration-1713961843282/warehouse/test.db/tacid, file.outputformat=org.apache.hadoop.hive.ql.io.orc.OrcOutputFormat, column.name.delimiter=,}, partitionProperties=Optional.empty, columnNames=[a, b], columnTypes=[int, int], getClass()=class org.apache.hadoop.hive.ql.io.orc.OrcSerde] and formatter : org.apache.hadoop.hive.ql.io.orc.OrcOutputFormat@19585dcf
2024-04-24T05:30:55,496  INFO [pool-8-thread-1] exec.FileSinkOperator: Final Path: FS file:/home/alex/Repositories/hive/ql/target/tmp/org.apache.hadoop.hive.ql.util.TestHiveStrictManagedMigration-1713961843282/warehouse/test.db/tacid
2024-04-24T05:30:55,496  INFO [pool-8-thread-1] exec.FileSinkOperator: New Final Path: FS file:/home/alex/Repositories/hive/ql/target/tmp/org.apache.hadoop.hive.ql.util.TestHiveStrictManagedMigration-1713961843282/warehouse/test.db/tacid
2024-04-24T05:30:55,496  INFO [pool-8-thread-1] common.FileUtils: Creating directory if it doesn't exist: file:/home/alex/Repositories/hive/ql/target/tmp/org.apache.hadoop.hive.ql.util.TestHiveStrictManagedMigration-1713961843282/warehouse/test.db
2024-04-24T05:30:55,513  INFO [pool-8-thread-1] exec.FileSinkOperator: FS[6]: records written - 1
2024-04-24T05:30:55,525  INFO [pool-8-thread-1] impl.HadoopShimsPre2_7: Can't get KeyProvider for ORC encryption from hadoop.security.key.provider.path.
2024-04-24T05:30:55,530  INFO [pool-8-thread-1] impl.PhysicalFsWriter: ORC writer created for path: file:/home/alex/Repositories/hive/ql/target/tmp/org.apache.hadoop.hive.ql.util.TestHiveStrictManagedMigration-1713961843282/warehouse/test.db/tacid/delta_0000001_0000001_0000/bucket_00000_0 with stripeSize: 8388608 blockSize: 268435456 compression: Compress: ZLIB buffer: 32768
2024-04-24T05:30:55,578  INFO [pool-8-thread-1] impl.WriterImpl: ORC writer created for path: file:/home/alex/Repositories/hive/ql/target/tmp/org.apache.hadoop.hive.ql.util.TestHiveStrictManagedMigration-1713961843282/warehouse/test.db/tacid/delta_0000001_0000001_0000/bucket_00000_0 with stripeSize: 8388608 options: Compress: ZLIB buffer: 32768
2024-04-24T05:30:55,593  INFO [pool-8-thread-1] exec.SelectOperator: Closing Operator: SEL[5]
2024-04-24T05:30:55,593  INFO [pool-8-thread-1] exec.SelectOperator: RECORDS_OUT_INTERMEDIATE:0, RECORDS_OUT_OPERATOR_SEL_5:2, 
2024-04-24T05:30:55,593  INFO [pool-8-thread-1] exec.FileSinkOperator: Closing Operator: FS[6]
2024-04-24T05:30:55,593  INFO [pool-8-thread-1] exec.FileSinkOperator: FS[6]: records written - 2
2024-04-24T05:30:55,629  INFO [pool-8-thread-1] FileOperations: Writing manifest to file:/home/alex/Repositories/hive/ql/target/tmp/org.apache.hadoop.hive.ql.util.TestHiveStrictManagedMigration-1713961843282/warehouse/test.db/tacid/_tmp.delta_0000001_0000001_0000/000000_0.manifest with [file:/home/alex/Repositories/hive/ql/target/tmp/org.apache.hadoop.hive.ql.util.TestHiveStrictManagedMigration-1713961843282/warehouse/test.db/tacid/delta_0000001_0000001_0000/bucket_00000_0]
2024-04-24T05:30:55,642  INFO [pool-8-thread-1] exec.FileSinkOperator: RECORDS_OUT_OPERATOR_FS_6:2, RECORDS_OUT_INTERMEDIATE:0, RECORDS_OUT_1_test.tacid:2, TOTAL_TABLE_ROWS_WRITTEN:2, 
2024-04-24T05:30:55,643  INFO [pool-8-thread-1] mapred.Task: Task:attempt_local1657733951_0001_r_000000_0 is done. And is in the process of committing
2024-04-24T05:30:55,643  INFO [pool-8-thread-1] mapred.LocalJobRunner: reduce > reduce
2024-04-24T05:30:55,643  INFO [pool-8-thread-1] mapred.Task: Task 'attempt_local1657733951_0001_r_000000_0' done.
2024-04-24T05:30:55,644  INFO [pool-8-thread-1] mapred.Task: Final Counters for attempt_local1657733951_0001_r_000000_0: Counters: 30
	File System Counters
		FILE: Number of bytes read=11993
		FILE: Number of bytes written=1218547
		FILE: Number of read operations=0
		FILE: Number of large read operations=0
		FILE: Number of write operations=0
	Map-Reduce Framework
		Combine input records=0
		Combine output records=0
		Reduce input groups=2
		Reduce shuffle bytes=42
		Reduce input records=2
		Reduce output records=0
		Spilled Records=2
		Shuffled Maps =1
		Failed Shuffles=0
		Merged Map outputs=1
		GC time elapsed (ms)=0
		Total committed heap usage (bytes)=921174016
	HIVE
		CREATED_FILES=1
		RECORDS_OUT_1_test.tacid=2
		RECORDS_OUT_INTERMEDIATE=0
		RECORDS_OUT_OPERATOR_FS_6=2
		RECORDS_OUT_OPERATOR_SEL_5=2
		TOTAL_TABLE_ROWS_WRITTEN=2
	Shuffle Errors
		BAD_ID=0
		CONNECTION=0
		IO_ERROR=0
		WRONG_LENGTH=0
		WRONG_MAP=0
		WRONG_REDUCE=0
	File Output Format Counters 
		Bytes Written=0
2024-04-24T05:30:55,644  INFO [pool-8-thread-1] mapred.LocalJobRunner: Finishing task: attempt_local1657733951_0001_r_000000_0
2024-04-24T05:30:55,644  INFO [pool-8-thread-1] mapred.LocalJobRunner: Starting task: attempt_local1657733951_0001_r_000001_0
2024-04-24T05:30:55,645  INFO [pool-8-thread-1] mapred.Task:  Using ResourceCalculatorProcessTree : [ ]
2024-04-24T05:30:55,645  INFO [pool-8-thread-1] mapred.ReduceTask: Using ShuffleConsumerPlugin: org.apache.hadoop.mapreduce.task.reduce.Shuffle@4d2b49cf
2024-04-24T05:30:55,646  WARN [pool-8-thread-1] impl.MetricsSystemImpl: JobTracker metrics system already initialized!
2024-04-24T05:30:55,647  INFO [pool-8-thread-1] reduce.MergeManagerImpl: MergerManager: memoryLimit=1336252800, maxSingleShuffleLimit=334063200, mergeThreshold=881926912, ioSortFactor=10, memToMemMergeOutputsThreshold=10
2024-04-24T05:30:55,648  INFO [EventFetcher for fetching Map Completion Events] reduce.EventFetcher: attempt_local1657733951_0001_r_000001_0 Thread started: EventFetcher for fetching Map Completion Events
2024-04-24T05:30:55,651  INFO [localfetcher#2] reduce.LocalFetcher: localfetcher#2 about to shuffle output of map attempt_local1657733951_0001_m_000000_0 decomp: 20 len: 24 to MEMORY
2024-04-24T05:30:55,652  INFO [localfetcher#2] reduce.InMemoryMapOutput: Read 20 bytes from map-output for attempt_local1657733951_0001_m_000000_0
2024-04-24T05:30:55,652  INFO [localfetcher#2] reduce.MergeManagerImpl: closeInMemoryFile -> map-output of size: 20, inMemoryMapOutputs.size() -> 1, commitMemory -> 0, usedMemory ->20
2024-04-24T05:30:55,653  INFO [EventFetcher for fetching Map Completion Events] reduce.EventFetcher: EventFetcher is interrupted.. Returning
2024-04-24T05:30:55,653  INFO [pool-8-thread-1] mapred.LocalJobRunner: 1 / 1 copied.
2024-04-24T05:30:55,653  INFO [pool-8-thread-1] reduce.MergeManagerImpl: finalMerge called with 1 in-memory map-outputs and 0 on-disk map-outputs
2024-04-24T05:30:55,661  INFO [pool-8-thread-1] mapred.Merger: Merging 1 sorted segments
2024-04-24T05:30:55,661  INFO [pool-8-thread-1] mapred.Merger: Down to the last merge-pass, with 1 segments left of total size: 8 bytes
2024-04-24T05:30:55,664  INFO [pool-8-thread-1] reduce.MergeManagerImpl: Merged 1 segments, 20 bytes to disk to satisfy reduce memory limit
2024-04-24T05:30:55,664  INFO [pool-8-thread-1] reduce.MergeManagerImpl: Merging 1 files, 24 bytes from disk
2024-04-24T05:30:55,664  INFO [pool-8-thread-1] reduce.MergeManagerImpl: Merging 0 segments, 0 bytes from memory into reduce
2024-04-24T05:30:55,664  INFO [pool-8-thread-1] mapred.Merger: Merging 1 sorted segments
2024-04-24T05:30:55,665  INFO [pool-8-thread-1] mapred.Merger: Down to the last merge-pass, with 1 segments left of total size: 8 bytes
2024-04-24T05:30:55,665  INFO [pool-8-thread-1] mapred.LocalJobRunner: 1 / 1 copied.
2024-04-24T05:30:55,666  INFO [pool-8-thread-1] exec.SerializationUtilities: Deserializing ReduceWork using kryo
2024-04-24T05:30:55,667  INFO [pool-8-thread-1] exec.Utilities: Deserialized plan (via FILE) - name: null size: 6,01KB
2024-04-24T05:30:55,669  INFO [pool-8-thread-1] ExecReducer: 
<SEL>Id =5
  <Children>
    <FS>Id =6
      <Children>
      <\Children>
      <Parent>Id = 5 null<\Parent>
    <\FS>
  <\Children>
  <Parent><\Parent>
<\SEL>
2024-04-24T05:30:55,669  INFO [pool-8-thread-1] exec.SelectOperator: Initializing Operator: SEL[5]
2024-04-24T05:30:55,669  INFO [pool-8-thread-1] exec.SelectOperator: SELECT struct<key:struct<reducesinkkey0:int>,value:struct<_col0:int>>
2024-04-24T05:30:55,669  INFO [pool-8-thread-1] exec.FileSinkOperator: Initializing Operator: FS[6]
2024-04-24T05:30:55,669  INFO [pool-8-thread-1] exec.FileSinkOperator: Using serializer : AbstractSerDe [log=org.apache.logging.slf4j.Log4jLogger@8eb8cfd, configuration=Optional[Configuration: core-default.xml, core-site.xml, mapred-default.xml, mapred-site.xml, yarn-default.xml, yarn-site.xml, hdfs-default.xml, hdfs-site.xml, file:/home/alex/Repositories/hive/ql/target/tmp/TestHiveStrictManagedMigration/mapred/local/localRunner/alex/job_local1657733951_0001/job_local1657733951_0001.xml], properties={transactional_properties=default, name=test.tacid, transactional=true, columns.types=int:int, bucket_field_name=b, columns=a,b, numFilesErasureCoded=0, columns.comments=&amp#0;, bucketing_version=2, bucket_count=2, serialization.lib=org.apache.hadoop.hive.ql.io.orc.OrcSerde, file.inputformat=org.apache.hadoop.hive.ql.io.orc.OrcInputFormat, file.outputformat=org.apache.hadoop.hive.ql.io.orc.OrcOutputFormat, location=file:/home/alex/Repositories/hive/ql/target/tmp/org.apache.hadoop.hive.ql.util.TestHiveStrictManagedMigration-1713961843282/warehouse/test.db/tacid, column.name.delimiter=,}, tableProperties={transactional_properties=default, name=test.tacid, transactional=true, columns.types=int:int, bucket_field_name=b, columns=a,b, numFilesErasureCoded=0, columns.comments=&amp#0;, bucketing_version=2, bucket_count=2, serialization.lib=org.apache.hadoop.hive.ql.io.orc.OrcSerde, file.inputformat=org.apache.hadoop.hive.ql.io.orc.OrcInputFormat, location=file:/home/alex/Repositories/hive/ql/target/tmp/org.apache.hadoop.hive.ql.util.TestHiveStrictManagedMigration-1713961843282/warehouse/test.db/tacid, file.outputformat=org.apache.hadoop.hive.ql.io.orc.OrcOutputFormat, column.name.delimiter=,}, partitionProperties=Optional.empty, columnNames=[a, b], columnTypes=[int, int], getClass()=class org.apache.hadoop.hive.ql.io.orc.OrcSerde] and formatter : org.apache.hadoop.hive.ql.io.orc.OrcOutputFormat@23cfda6a
2024-04-24T05:30:55,670  INFO [pool-8-thread-1] exec.FileSinkOperator: Final Path: FS file:/home/alex/Repositories/hive/ql/target/tmp/org.apache.hadoop.hive.ql.util.TestHiveStrictManagedMigration-1713961843282/warehouse/test.db/tacid
2024-04-24T05:30:55,670  INFO [pool-8-thread-1] exec.FileSinkOperator: New Final Path: FS file:/home/alex/Repositories/hive/ql/target/tmp/org.apache.hadoop.hive.ql.util.TestHiveStrictManagedMigration-1713961843282/warehouse/test.db/tacid
2024-04-24T05:30:55,670  INFO [pool-8-thread-1] common.FileUtils: Creating directory if it doesn't exist: file:/home/alex/Repositories/hive/ql/target/tmp/org.apache.hadoop.hive.ql.util.TestHiveStrictManagedMigration-1713961843282/warehouse/test.db
2024-04-24T05:30:55,671  INFO [pool-8-thread-1] exec.FileSinkOperator: FS[6]: records written - 1
2024-04-24T05:30:55,671  INFO [pool-8-thread-1] impl.PhysicalFsWriter: ORC writer created for path: file:/home/alex/Repositories/hive/ql/target/tmp/org.apache.hadoop.hive.ql.util.TestHiveStrictManagedMigration-1713961843282/warehouse/test.db/tacid/delta_0000001_0000001_0000/bucket_00001_0 with stripeSize: 8388608 blockSize: 268435456 compression: Compress: ZLIB buffer: 32768
2024-04-24T05:30:55,689  INFO [pool-8-thread-1] impl.WriterImpl: ORC writer created for path: file:/home/alex/Repositories/hive/ql/target/tmp/org.apache.hadoop.hive.ql.util.TestHiveStrictManagedMigration-1713961843282/warehouse/test.db/tacid/delta_0000001_0000001_0000/bucket_00001_0 with stripeSize: 8388608 options: Compress: ZLIB buffer: 32768
2024-04-24T05:30:55,690  INFO [pool-8-thread-1] exec.SelectOperator: Closing Operator: SEL[5]
2024-04-24T05:30:55,691  INFO [pool-8-thread-1] exec.SelectOperator: RECORDS_OUT_OPERATOR_SEL_5:1, RECORDS_OUT_INTERMEDIATE:0, 
2024-04-24T05:30:55,691  INFO [pool-8-thread-1] exec.FileSinkOperator: Closing Operator: FS[6]
2024-04-24T05:30:55,691  INFO [pool-8-thread-1] exec.FileSinkOperator: FS[6]: records written - 1
2024-04-24T05:30:55,695  INFO [pool-8-thread-1] FileOperations: Writing manifest to file:/home/alex/Repositories/hive/ql/target/tmp/org.apache.hadoop.hive.ql.util.TestHiveStrictManagedMigration-1713961843282/warehouse/test.db/tacid/_tmp.delta_0000001_0000001_0000/000001_0.manifest with [file:/home/alex/Repositories/hive/ql/target/tmp/org.apache.hadoop.hive.ql.util.TestHiveStrictManagedMigration-1713961843282/warehouse/test.db/tacid/delta_0000001_0000001_0000/bucket_00001_0]
2024-04-24T05:30:55,705  INFO [pool-8-thread-1] exec.FileSinkOperator: TOTAL_TABLE_ROWS_WRITTEN:1, RECORDS_OUT_OPERATOR_FS_6:1, RECORDS_OUT_INTERMEDIATE:0, RECORDS_OUT_1_test.tacid:1, 
2024-04-24T05:30:55,705  INFO [pool-8-thread-1] mapred.Task: Task:attempt_local1657733951_0001_r_000001_0 is done. And is in the process of committing
2024-04-24T05:30:55,706  INFO [pool-8-thread-1] mapred.LocalJobRunner: reduce > reduce
2024-04-24T05:30:55,706  INFO [pool-8-thread-1] mapred.Task: Task 'attempt_local1657733951_0001_r_000001_0' done.
2024-04-24T05:30:55,706  INFO [pool-8-thread-1] mapred.Task: Final Counters for attempt_local1657733951_0001_r_000001_0: Counters: 30
	File System Counters
		FILE: Number of bytes read=18167
		FILE: Number of bytes written=1219601
		FILE: Number of read operations=0
		FILE: Number of large read operations=0
		FILE: Number of write operations=0
	Map-Reduce Framework
		Combine input records=0
		Combine output records=0
		Reduce input groups=1
		Reduce shuffle bytes=24
		Reduce input records=1
		Reduce output records=0
		Spilled Records=1
		Shuffled Maps =1
		Failed Shuffles=0
		Merged Map outputs=1
		GC time elapsed (ms)=12
		Total committed heap usage (bytes)=923271168
	HIVE
		CREATED_FILES=1
		RECORDS_OUT_1_test.tacid=1
		RECORDS_OUT_INTERMEDIATE=0
		RECORDS_OUT_OPERATOR_FS_6=1
		RECORDS_OUT_OPERATOR_SEL_5=1
		TOTAL_TABLE_ROWS_WRITTEN=1
	Shuffle Errors
		BAD_ID=0
		CONNECTION=0
		IO_ERROR=0
		WRONG_LENGTH=0
		WRONG_MAP=0
		WRONG_REDUCE=0
	File Output Format Counters 
		Bytes Written=0
2024-04-24T05:30:55,706  INFO [pool-8-thread-1] mapred.LocalJobRunner: Finishing task: attempt_local1657733951_0001_r_000001_0
2024-04-24T05:30:55,707  INFO [Thread-77] mapred.LocalJobRunner: reduce task executor complete.
2024-04-24 05:30:56,240 Stage-1 map = 100%,  reduce = 100%
2024-04-24T05:30:56,240  INFO [main] exec.Task: 2024-04-24 05:30:56,240 Stage-1 map = 100%,  reduce = 100%
Ended Job = job_local1657733951_0001
2024-04-24T05:30:56,243  INFO [main] exec.Task: Ended Job = job_local1657733951_0001
2024-04-24T05:30:56,245  INFO [main] FileOperations: Found manifest file file:/home/alex/Repositories/hive/ql/target/tmp/org.apache.hadoop.hive.ql.util.TestHiveStrictManagedMigration-1713961843282/warehouse/test.db/tacid/_tmp.delta_0000001_0000001_0000/000001_0.manifest with attemptId 0.
2024-04-24T05:30:56,245  INFO [main] FileOperations: Found manifest file file:/home/alex/Repositories/hive/ql/target/tmp/org.apache.hadoop.hive.ql.util.TestHiveStrictManagedMigration-1713961843282/warehouse/test.db/tacid/_tmp.delta_0000001_0000001_0000/000000_0.manifest with attemptId 0.
2024-04-24T05:30:56,245  INFO [main] FileOperations: Looking at manifest file: file:/home/alex/Repositories/hive/ql/target/tmp/org.apache.hadoop.hive.ql.util.TestHiveStrictManagedMigration-1713961843282/warehouse/test.db/tacid/_tmp.delta_0000001_0000001_0000/000000_0.manifest
2024-04-24T05:30:56,246  INFO [main] FileOperations: Looking at manifest file: file:/home/alex/Repositories/hive/ql/target/tmp/org.apache.hadoop.hive.ql.util.TestHiveStrictManagedMigration-1713961843282/warehouse/test.db/tacid/_tmp.delta_0000001_0000001_0000/000001_0.manifest
2024-04-24T05:30:56,246  INFO [main] FileOperations: Deleting manifest directory file:/home/alex/Repositories/hive/ql/target/tmp/org.apache.hadoop.hive.ql.util.TestHiveStrictManagedMigration-1713961843282/warehouse/test.db/tacid/_tmp.delta_0000001_0000001_0000
2024-04-24T05:30:56,249  INFO [main] ql.Driver: Starting task [Stage-0:MOVE] in serial mode
Loading data to table test.tacid
2024-04-24T05:30:56,250  INFO [main] exec.Task: Loading data to table test.tacid from file:/home/alex/Repositories/hive/ql/target/tmp/org.apache.hadoop.hive.ql.util.TestHiveStrictManagedMigration-1713961843282/warehouse/test.db/tacid
2024-04-24T05:30:56,250  INFO [main] HiveMetaStore.audit: ugi=alex	ip=unknown-ip-addr	cmd=get_table : tbl=hive.test.tacid	
2024-04-24T05:30:56,260  INFO [main] metastore.HMSHandler: Skipping translation for processor with null
2024-04-24T05:30:56,261  INFO [main] HiveMetaStore.audit: ugi=alex	ip=unknown-ip-addr	cmd=get_table : tbl=hive.test.tacid	
2024-04-24T05:30:56,271  INFO [main] metastore.HMSHandler: Skipping translation for processor with null
2024-04-24T05:30:56,272  INFO [main] HiveMetaStore.audit: ugi=alex	ip=unknown-ip-addr	cmd=alter_table: hive.test.tacid newtbl=tacid	
2024-04-24T05:30:56,331  INFO [main] ql.Driver: Starting task [Stage-2:STATS] in serial mode
2024-04-24T05:30:56,331  INFO [main] HiveMetaStore.audit: ugi=alex	ip=unknown-ip-addr	cmd=get_table : tbl=hive.test.tacid	
2024-04-24T05:30:56,341  INFO [main] metastore.HMSHandler: Skipping translation for processor with null
2024-04-24T05:30:56,341  INFO [main] stats.BasicStatsTask: Executing stats task
2024-04-24T05:30:56,342  INFO [main] fs.FSStatsPublisher: created : file:/home/alex/Repositories/hive/ql/target/tmp/localscratchdir/7d73e23b-ad05-482d-8b15-60940bef43bc/hive_2024-04-24_05-30-51_785_8109664914456986819-1/-mr-10000
2024-04-24T05:30:56,346  INFO [main] HiveMetaStore.audit: ugi=alex	ip=unknown-ip-addr	cmd=get_table : tbl=hive.test.tacid	
2024-04-24T05:30:56,356  INFO [main] metastore.HMSHandler: Skipping translation for processor with null
2024-04-24T05:30:56,374  WARN [main] FileOperations: Computing stats for an ACID table; stats may be inaccurate
2024-04-24T05:30:56,374  INFO [main] FileOperations: Read stats for test.tacid/, numRows, true, 3, false: 
2024-04-24T05:30:56,374  INFO [main] FileOperations: Read stats for test.tacid/, rawDataSize, true, 0, false: 
2024-04-24T05:30:56,375  INFO [main] HiveMetaStore.audit: ugi=alex	ip=unknown-ip-addr	cmd=alter_table: hive.test.tacid newtbl=tacid	
2024-04-24T05:30:56,408  INFO [main] FileOperations: Read stats for test.tacid/, insertCount, true, 3, false: 
2024-04-24T05:30:56,409  INFO [main] FileOperations: Read stats for test.tacid/, updateCount, true, 0, false: 
2024-04-24T05:30:56,409  INFO [main] FileOperations: Read stats for test.tacid/, deleteCount, true, 0, false: 
2024-04-24T05:30:56,411  INFO [main] stats.BasicStatsTask: Table test.tacid stats: [numFiles=2, numRows=3, totalSize=1365, rawDataSize=0, numFilesErasureCoded=0]
2024-04-24T05:30:56,412  INFO [main] metadata.Hive: Dumping metastore api call timing information for : execution phase
2024-04-24T05:30:56,412  INFO [main] metadata.Hive: Total time spent in each metastore function (ms): {updateTransactionalStatistics_(UpdateTransactionalStatsRequest)=2, getTable_(GetTableRequest)=41, alter_table_(String, String, String, Table, EnvironmentContext, String)=89, isCompatibleWith_(Configuration)=0}
MapReduce Jobs Launched: 
2024-04-24T05:30:56,412  INFO [main] ql.Driver: MapReduce Jobs Launched: 
Stage-Stage-1:  HDFS Read: 0 HDFS Write: 0 SUCCESS
2024-04-24T05:30:56,419  INFO [main] ql.Driver: Stage-Stage-1:  HDFS Read: 0 HDFS Write: 0 SUCCESS
Total MapReduce CPU Time Spent: 0 msec
2024-04-24T05:30:56,419  INFO [main] ql.Driver: Total MapReduce CPU Time Spent: 0 msec
2024-04-24T05:30:56,419  INFO [main] ql.Driver: Completed executing command(queryId=alex_20240424053051_88500f79-306f-43f3-aadc-8fa727994f3b); Time taken: 1.98 seconds
2024-04-24T05:30:56,419  INFO [main] lockmgr.DbTxnManager: Stopped heartbeat for query: alex_20240424053051_88500f79-306f-43f3-aadc-8fa727994f3b
2024-04-24T05:30:56,431  INFO [main] txn.TxnHandler: Removed transactions: ([17]) from MIN_HISTORY_LEVEL
2024-04-24T05:30:56,431  WARN [main] txn.CompactionTxnHandler: No compaction queue record found for Compaction type transaction commit. txnId:17
2024-04-24T05:30:56,432  INFO [main] ql.TxnCommandsBaseForTests: Running the query: CREATE EXTERNAL TABLE texternal (a int, b int)
2024-04-24T05:30:56,432  INFO [main] ql.Context: Deleting scratch dir: file:/home/alex/Repositories/hive/ql/target/tmp/localscratchdir/7d73e23b-ad05-482d-8b15-60940bef43bc/hive_2024-04-24_05-30-51_785_8109664914456986819-1
2024-04-24T05:30:56,433  INFO [main] cleanup.SyncCleanupService: Deleted directory: file:/home/alex/Repositories/hive/ql/target/tmp/localscratchdir/7d73e23b-ad05-482d-8b15-60940bef43bc/hive_2024-04-24_05-30-51_785_8109664914456986819-1 on fs with scheme file
2024-04-24T05:30:56,434  INFO [main] ql.Driver: Compiling command(queryId=alex_20240424053056_b32ace34-5de8-470d-8217-82346f58add5): CREATE EXTERNAL TABLE texternal (a int, b int)
2024-04-24T05:30:56,438  INFO [main] txn.TxnHandler: Added entries to MIN_HISTORY_LEVEL for current txns: ([18]) with min_open_txn: 18
2024-04-24T05:30:56,438  INFO [main] lockmgr.DbTxnManager: Opened txnid:18
2024-04-24T05:30:56,440  INFO [main] parse.CalcitePlanner: Starting caching scope for: 
2024-04-24T05:30:56,440  INFO [main] parse.CalcitePlanner: Starting Semantic Analysis
2024-04-24T05:30:56,443  INFO [main] parse.CalcitePlanner: Creating table default.texternal position=22
2024-04-24T05:30:56,446  INFO [main] HiveMetaStore.audit: ugi=alex	ip=unknown-ip-addr	cmd=get_database: default	
2024-04-24T05:30:56,448  INFO [main] parse.CalcitePlanner: Ending caching scope for: 
2024-04-24T05:30:56,448  INFO [main] ql.Driver: Semantic Analysis Completed (retrial = false)
2024-04-24T05:30:56,448  INFO [main] ql.Driver: Created Hive schema: Schema(fieldSchemas:null, properties:null)
2024-04-24T05:30:56,448  INFO [main] metadata.Hive: Dumping metastore api call timing information for : compilation phase
2024-04-24T05:30:56,448  INFO [main] metadata.Hive: Total time spent in each metastore function (ms): {isCompatibleWith_(Configuration)=1, getDatabase_(String)=2, getValidWriteIds_(List, String)=3, flushCache_()=0, openTxn_(String, TxnType)=3, getValidTxns_(long)=2, commitTxn_(CommitTxnRequest)=12}
2024-04-24T05:30:56,449  INFO [main] ql.Driver: Completed compiling command(queryId=alex_20240424053056_b32ace34-5de8-470d-8217-82346f58add5); Time taken: 0.014 seconds
2024-04-24T05:30:56,449  INFO [main] lockmgr.DbTxnManager: Setting lock request transaction to txnid:18 for queryId=alex_20240424053056_b32ace34-5de8-470d-8217-82346f58add5
2024-04-24T05:30:56,449  INFO [main] lockmgr.DbLockManager: Requesting lock for queryId=alex_20240424053056_b32ace34-5de8-470d-8217-82346f58add5
2024-04-24T05:30:56,470  INFO [main] lockmgr.DbLockManager: Response to queryId=alex_20240424053056_b32ace34-5de8-470d-8217-82346f58add5 LockResponse(lockid:9, state:ACQUIRED)
2024-04-24T05:30:56,470  INFO [main] ql.Driver: Operation CREATETABLE obtained 1 locks
2024-04-24T05:30:56,470  INFO [main] ql.Driver: Executing command(queryId=alex_20240424053056_b32ace34-5de8-470d-8217-82346f58add5): CREATE EXTERNAL TABLE texternal (a int, b int)
2024-04-24T05:30:56,470  INFO [main] ql.Driver: Starting task [Stage-0:DDL] in serial mode
2024-04-24T05:30:56,491  INFO [main] HiveMetaStore.audit: ugi=alex	ip=unknown-ip-addr	cmd=create_table_req: Table(tableName:texternal, dbName:default, owner:alex, createTime:1713961856, lastAccessTime:0, retention:0, sd:StorageDescriptor(cols:[FieldSchema(name:a, type:int, comment:null), FieldSchema(name:b, type:int, comment:null)], location:null, inputFormat:org.apache.hadoop.mapred.TextInputFormat, outputFormat:org.apache.hadoop.hive.ql.io.HiveIgnoreKeyTextOutputFormat, compressed:false, numBuckets:-1, serdeInfo:SerDeInfo(name:null, serializationLib:org.apache.hadoop.hive.serde2.lazy.LazySimpleSerDe, parameters:{serialization.format=1}), bucketCols:[], sortCols:[], parameters:{}, skewedInfo:SkewedInfo(skewedColNames:[], skewedColValues:[], skewedColValueLocationMaps:{}), storedAsSubDirectories:false), partitionKeys:[], parameters:{bucketing_version=2, rawDataSize=0, EXTERNAL=TRUE, numFiles=0, numFilesErasureCoded=0, totalSize=0, numRows=0, COLUMN_STATS_ACCURATE={"BASIC_STATS":"true","COLUMN_STATS":{"a":"true","b":"true"}}}, viewOriginalText:null, viewExpandedText:null, tableType:EXTERNAL_TABLE, privileges:PrincipalPrivilegeSet(userPrivileges:{alex=[PrivilegeGrantInfo(privilege:INSERT, createTime:-1, grantor:alex, grantorType:USER, grantOption:true), PrivilegeGrantInfo(privilege:SELECT, createTime:-1, grantor:alex, grantorType:USER, grantOption:true), PrivilegeGrantInfo(privilege:UPDATE, createTime:-1, grantor:alex, grantorType:USER, grantOption:true), PrivilegeGrantInfo(privilege:DELETE, createTime:-1, grantor:alex, grantorType:USER, grantOption:true)]}, groupPrivileges:null, rolePrivileges:null), temporary:false, catName:hive, ownerType:USER)	
2024-04-24T05:30:56,499  INFO [main] utils.FileUtils: Creating directory if it doesn't exist: file:/home/alex/Repositories/hive/ql/target/tmp/org.apache.hadoop.hive.ql.util.TestHiveStrictManagedMigration-1713961843282/warehouse/texternal
2024-04-24T05:30:56,520  INFO [main] metadata.Hive: Dumping metastore api call timing information for : execution phase
2024-04-24T05:30:56,520  INFO [main] metadata.Hive: Total time spent in each metastore function (ms): {isCompatibleWith_(Configuration)=0, createTable_(Table)=29}
2024-04-24T05:30:56,520  INFO [main] ql.Driver: Completed executing command(queryId=alex_20240424053056_b32ace34-5de8-470d-8217-82346f58add5); Time taken: 0.05 seconds
2024-04-24T05:30:56,521  INFO [main] lockmgr.DbTxnManager: Stopped heartbeat for query: alex_20240424053056_b32ace34-5de8-470d-8217-82346f58add5
2024-04-24T05:30:56,525  INFO [main] txn.TxnHandler: Expected to move at least one record from txn_components to completed_txn_components when committing txn! txnid:18
2024-04-24T05:30:56,534  INFO [main] txn.TxnHandler: Removed transactions: ([18]) from MIN_HISTORY_LEVEL
2024-04-24T05:30:56,536  WARN [main] txn.CompactionTxnHandler: No compaction queue record found for Compaction type transaction commit. txnId:18
2024-04-24T05:30:56,537  INFO [main] ql.TxnCommandsBaseForTests: Running the query: CREATE EXTERNAL TABLE test.sysdbtest(tbl_id bigint)
2024-04-24T05:30:56,537  INFO [main] ql.Driver: Compiling command(queryId=alex_20240424053056_b3838c2b-9658-4906-a58b-211b118e158f): CREATE EXTERNAL TABLE test.sysdbtest(tbl_id bigint)
2024-04-24T05:30:56,541  INFO [main] txn.TxnHandler: Added entries to MIN_HISTORY_LEVEL for current txns: ([19]) with min_open_txn: 18
2024-04-24T05:30:56,541  INFO [main] lockmgr.DbTxnManager: Opened txnid:19
2024-04-24T05:30:56,543  INFO [main] parse.CalcitePlanner: Starting caching scope for: 
2024-04-24T05:30:56,543  INFO [main] parse.CalcitePlanner: Starting Semantic Analysis
2024-04-24T05:30:56,547  INFO [main] parse.CalcitePlanner: Creating table test.sysdbtest position=22
2024-04-24T05:30:56,547  INFO [main] HiveMetaStore.audit: ugi=alex	ip=unknown-ip-addr	cmd=get_database: test	
2024-04-24T05:30:56,550  INFO [main] parse.CalcitePlanner: Ending caching scope for: 
2024-04-24T05:30:56,550  INFO [main] ql.Driver: Semantic Analysis Completed (retrial = false)
2024-04-24T05:30:56,550  INFO [main] ql.Driver: Created Hive schema: Schema(fieldSchemas:null, properties:null)
2024-04-24T05:30:56,550  INFO [main] metadata.Hive: Dumping metastore api call timing information for : compilation phase
2024-04-24T05:30:56,550  INFO [main] metadata.Hive: Total time spent in each metastore function (ms): {getValidTxns_(long)=1, commitTxn_(CommitTxnRequest)=15, openTxn_(String, TxnType)=3, flushCache_()=0, getValidWriteIds_(List, String)=4, getDatabase_(String)=2, isCompatibleWith_(Configuration)=0}
2024-04-24T05:30:56,550  INFO [main] ql.Driver: Completed compiling command(queryId=alex_20240424053056_b3838c2b-9658-4906-a58b-211b118e158f); Time taken: 0.013 seconds
2024-04-24T05:30:56,551  INFO [main] lockmgr.DbTxnManager: Setting lock request transaction to txnid:19 for queryId=alex_20240424053056_b3838c2b-9658-4906-a58b-211b118e158f
2024-04-24T05:30:56,551  INFO [main] lockmgr.DbLockManager: Requesting lock for queryId=alex_20240424053056_b3838c2b-9658-4906-a58b-211b118e158f
2024-04-24T05:30:56,577  INFO [main] lockmgr.DbLockManager: Response to queryId=alex_20240424053056_b3838c2b-9658-4906-a58b-211b118e158f LockResponse(lockid:10, state:ACQUIRED)
2024-04-24T05:30:56,577  INFO [main] ql.Driver: Operation CREATETABLE obtained 1 locks
2024-04-24T05:30:56,577  INFO [main] ql.Driver: Executing command(queryId=alex_20240424053056_b3838c2b-9658-4906-a58b-211b118e158f): CREATE EXTERNAL TABLE test.sysdbtest(tbl_id bigint)
2024-04-24T05:30:56,577  INFO [main] ql.Driver: Starting task [Stage-0:DDL] in serial mode
2024-04-24T05:30:56,578  INFO [main] HiveMetaStore.audit: ugi=alex	ip=unknown-ip-addr	cmd=create_table_req: Table(tableName:sysdbtest, dbName:test, owner:alex, createTime:1713961856, lastAccessTime:0, retention:0, sd:StorageDescriptor(cols:[FieldSchema(name:tbl_id, type:bigint, comment:null)], location:null, inputFormat:org.apache.hadoop.mapred.TextInputFormat, outputFormat:org.apache.hadoop.hive.ql.io.HiveIgnoreKeyTextOutputFormat, compressed:false, numBuckets:-1, serdeInfo:SerDeInfo(name:null, serializationLib:org.apache.hadoop.hive.serde2.lazy.LazySimpleSerDe, parameters:{serialization.format=1}), bucketCols:[], sortCols:[], parameters:{}, skewedInfo:SkewedInfo(skewedColNames:[], skewedColValues:[], skewedColValueLocationMaps:{}), storedAsSubDirectories:false), partitionKeys:[], parameters:{EXTERNAL=TRUE, rawDataSize=0, COLUMN_STATS_ACCURATE={"BASIC_STATS":"true","COLUMN_STATS":{"tbl_id":"true"}}, bucketing_version=2, numFilesErasureCoded=0, numFiles=0, numRows=0, totalSize=0}, viewOriginalText:null, viewExpandedText:null, tableType:EXTERNAL_TABLE, privileges:PrincipalPrivilegeSet(userPrivileges:{alex=[PrivilegeGrantInfo(privilege:INSERT, createTime:-1, grantor:alex, grantorType:USER, grantOption:true), PrivilegeGrantInfo(privilege:SELECT, createTime:-1, grantor:alex, grantorType:USER, grantOption:true), PrivilegeGrantInfo(privilege:UPDATE, createTime:-1, grantor:alex, grantorType:USER, grantOption:true), PrivilegeGrantInfo(privilege:DELETE, createTime:-1, grantor:alex, grantorType:USER, grantOption:true)]}, groupPrivileges:null, rolePrivileges:null), temporary:false, catName:hive, ownerType:USER)	
2024-04-24T05:30:56,586  INFO [main] utils.FileUtils: Creating directory if it doesn't exist: file:/home/alex/Repositories/hive/ql/target/tmp/org.apache.hadoop.hive.ql.util.TestHiveStrictManagedMigration-1713961843282/warehouse/test.db/sysdbtest
2024-04-24T05:30:56,614  INFO [main] metadata.Hive: Dumping metastore api call timing information for : execution phase
2024-04-24T05:30:56,614  INFO [main] metadata.Hive: Total time spent in each metastore function (ms): {createTable_(Table)=36, isCompatibleWith_(Configuration)=0}
2024-04-24T05:30:56,614  INFO [main] ql.Driver: Completed executing command(queryId=alex_20240424053056_b3838c2b-9658-4906-a58b-211b118e158f); Time taken: 0.037 seconds
2024-04-24T05:30:56,614  INFO [main] lockmgr.DbTxnManager: Stopped heartbeat for query: alex_20240424053056_b3838c2b-9658-4906-a58b-211b118e158f
2024-04-24T05:30:56,621  INFO [main] txn.TxnHandler: Expected to move at least one record from txn_components to completed_txn_components when committing txn! txnid:19
2024-04-24T05:30:56,631  INFO [main] txn.TxnHandler: Removed transactions: ([19]) from MIN_HISTORY_LEVEL
2024-04-24T05:30:56,631  WARN [main] txn.CompactionTxnHandler: No compaction queue record found for Compaction type transaction commit. txnId:19
2024-04-24T05:30:56,632  INFO [main] HiveMetaStore.audit: ugi=alex	ip=unknown-ip-addr	cmd=get_table : tbl=hive.test.sysdbtest	
2024-04-24T05:30:56,677  INFO [main] metastore.HMSHandler: Skipping translation for processor with null
2024-04-24T05:30:56,678  INFO [main] HiveMetaStore.audit: ugi=alex	ip=unknown-ip-addr	cmd=alter_table: hive.test.sysdbtest newtbl=sysdbtest	
2024-04-24T05:30:56,724  INFO [main] util.HiveStrictManagedMigration: Setting hive.strict.managed.tables=true
2024-04-24T05:30:56,765  WARN [main] conf.HiveConf: HiveConf of name hive.llap.io.cache.orc.arena.size does not exist
2024-04-24T05:30:56,765  WARN [main] conf.HiveConf: HiveConf of name hive.llap.io.cache.orc.alloc.max does not exist
2024-04-24T05:30:56,765  WARN [main] conf.HiveConf: HiveConf of name hive.metastore.client.cache.maxSize does not exist
2024-04-24T05:30:56,765  WARN [main] conf.HiveConf: HiveConf of name hive.metastore.client.cache.recordStats does not exist
2024-04-24T05:30:56,765  WARN [main] conf.HiveConf: HiveConf of name hive.metastore.metadb.dir does not exist
2024-04-24T05:30:56,765  WARN [main] conf.HiveConf: HiveConf of name hive.stats.key.prefix.reserve.length does not exist
2024-04-24T05:30:56,765  WARN [main] conf.HiveConf: HiveConf of name hive.dummyparam.test.server.specific.config.override does not exist
2024-04-24T05:30:56,765  WARN [main] conf.HiveConf: HiveConf of name hive.llap.io.cache.orc.alloc.min does not exist
2024-04-24T05:30:56,766  WARN [main] conf.HiveConf: HiveConf of name hive.llap.io.cache.orc.size does not exist
2024-04-24T05:30:56,766  WARN [main] conf.HiveConf: HiveConf of name hive.dummyparam.test.server.specific.config.metastoresite does not exist
2024-04-24T05:30:56,766  WARN [main] conf.HiveConf: HiveConf of name hive.dummyparam.test.server.specific.config.hivesite does not exist
DEBUG StatusLogger Using ShutdownCallbackRegistry class org.apache.logging.log4j.core.util.DefaultShutdownCallbackRegistry
DEBUG StatusLogger PluginManager 'Converter' found 46 plugins
DEBUG StatusLogger Starting OutputStreamManager SYSTEM_OUT.false.false-2
DEBUG StatusLogger Using configurationFactory org.apache.logging.log4j.core.config.ConfigurationFactory$Factory@2de56eb2
DEBUG StatusLogger Starting LoggerContext[name=AsyncContext@330bedb4] from configuration at file:/home/alex/Repositories/hive/common/target/classes/hive-log4j2.properties
TRACE StatusLogger [AsyncContext@330bedb4] AsyncLoggerDisruptor creating new disruptor for this context.
TRACE StatusLogger property AsyncLogger.WaitStrategy=TIMEOUT
DEBUG StatusLogger [AsyncContext@330bedb4] Starting AsyncLogger disruptor for this context with ringbufferSize=262144, waitStrategy=TimeoutBlockingWaitStrategy, exceptionHandler=org.apache.logging.log4j.core.async.AsyncLoggerDefaultExceptionHandler@2862bac6...
TRACE StatusLogger [AsyncContext@330bedb4] AsyncLoggers use a threadlocal translator
DEBUG StatusLogger Starting LoggerContext[name=AsyncContext@330bedb4, org.apache.logging.log4j.core.async.AsyncLoggerContext@52e5ad71] with configuration org.apache.logging.log4j.core.config.properties.PropertiesConfiguration@696a6506...
DEBUG StatusLogger Shutdown hook enabled. Registering a new one.
DEBUG StatusLogger Apache Log4j Core 2.13.2 initializing configuration org.apache.logging.log4j.core.config.properties.PropertiesConfiguration@696a6506
DEBUG StatusLogger Installed 2 script engines
DEBUG StatusLogger Groovy Scripting Engine version: 2.0, language: Groovy, threading: MULTITHREADED, compile: true, names: [groovy, Groovy], factory class: org.codehaus.groovy.jsr223.GroovyScriptEngineFactory
DEBUG StatusLogger Oracle Nashorn version: 1.8.0_402, language: ECMAScript, threading: Not Thread Safe, compile: true, names: [nashorn, Nashorn, js, JS, JavaScript, javascript, ECMAScript, ecmascript], factory class: jdk.nashorn.api.scripting.NashornScriptEngineFactory
DEBUG StatusLogger PluginManager 'Core' found 132 plugins
DEBUG StatusLogger PluginManager 'Level' found 0 plugins
DEBUG StatusLogger Building Plugin[name=property, class=org.apache.logging.log4j.core.config.Property].
DEBUG StatusLogger createProperty(name="hive.log.file", value="hive.log")
DEBUG StatusLogger Building Plugin[name=property, class=org.apache.logging.log4j.core.config.Property].
DEBUG StatusLogger createProperty(name="hive.log.dir", value="/home/alex/Repositories/hive/ql/target/tmp/alex")
DEBUG StatusLogger Building Plugin[name=property, class=org.apache.logging.log4j.core.config.Property].
DEBUG StatusLogger createProperty(name="hive.log.level", value="INFO")
DEBUG StatusLogger Building Plugin[name=property, class=org.apache.logging.log4j.core.config.Property].
DEBUG StatusLogger createProperty(name="hive.root.logger", value="DRFA")
DEBUG StatusLogger Building Plugin[name=property, class=org.apache.logging.log4j.core.config.Property].
DEBUG StatusLogger createProperty(name="hive.perflogger.log.level", value="INFO")
DEBUG StatusLogger Building Plugin[name=properties, class=org.apache.logging.log4j.core.config.PropertiesPlugin].
DEBUG StatusLogger configureSubstitutor(={hive.log.file=hive.log, hive.log.dir=/home/alex/Repositories/hive/ql/target/tmp/alex, hive.log.level=INFO, hive.root.logger=DRFA, hive.perflogger.log.level=INFO}, Configuration(HiveLog4j2))
DEBUG StatusLogger PluginManager 'Lookup' found 17 plugins
DEBUG StatusLogger Building Plugin[name=logger, class=org.apache.logging.log4j.core.config.LoggerConfig].
DEBUG StatusLogger createLogger(additivity="true", level="WARN", name="org.apache.zookeeper.server.NIOServerCnxn", includeLocation="null", ={}, ={}, Configuration(HiveLog4j2), Filter=null)
DEBUG StatusLogger Building Plugin[name=logger, class=org.apache.logging.log4j.core.config.LoggerConfig].
DEBUG StatusLogger createLogger(additivity="true", level="WARN", name="org.apache.zookeeper.ClientCnxnSocketNIO", includeLocation="null", ={}, ={}, Configuration(HiveLog4j2), Filter=null)
DEBUG StatusLogger Building Plugin[name=logger, class=org.apache.logging.log4j.core.config.LoggerConfig].
DEBUG StatusLogger createLogger(additivity="true", level="ERROR", name="DataNucleus", includeLocation="null", ={}, ={}, Configuration(HiveLog4j2), Filter=null)
DEBUG StatusLogger Building Plugin[name=logger, class=org.apache.logging.log4j.core.config.LoggerConfig].
DEBUG StatusLogger createLogger(additivity="true", level="ERROR", name="Datastore", includeLocation="null", ={}, ={}, Configuration(HiveLog4j2), Filter=null)
DEBUG StatusLogger Building Plugin[name=logger, class=org.apache.logging.log4j.core.config.LoggerConfig].
DEBUG StatusLogger createLogger(additivity="true", level="ERROR", name="JPOX", includeLocation="null", ={}, ={}, Configuration(HiveLog4j2), Filter=null)
DEBUG StatusLogger Building Plugin[name=logger, class=org.apache.logging.log4j.core.config.LoggerConfig].
DEBUG StatusLogger createLogger(additivity="true", level="INFO", name="org.apache.hadoop.hive.ql.log.PerfLogger", includeLocation="null", ={}, ={}, Configuration(HiveLog4j2), Filter=null)
DEBUG StatusLogger Building Plugin[name=logger, class=org.apache.logging.log4j.core.config.LoggerConfig].
DEBUG StatusLogger createLogger(additivity="true", level="INFO", name="com.amazonaws", includeLocation="null", ={}, ={}, Configuration(HiveLog4j2), Filter=null)
DEBUG StatusLogger Building Plugin[name=logger, class=org.apache.logging.log4j.core.config.LoggerConfig].
DEBUG StatusLogger createLogger(additivity="true", level="INFO", name="org.apache.http", includeLocation="null", ={}, ={}, Configuration(HiveLog4j2), Filter=null)
DEBUG StatusLogger Building Plugin[name=AppenderRef, class=org.apache.logging.log4j.core.config.AppenderRef].
DEBUG StatusLogger createAppenderRef(ref="DRFA", level="null", Filter=null)
DEBUG StatusLogger Building Plugin[name=root, class=org.apache.logging.log4j.core.config.LoggerConfig$RootLogger].
DEBUG StatusLogger createLogger(additivity="null", level="INFO", includeLocation="null", ={DRFA}, ={}, Configuration(HiveLog4j2), Filter=null)
DEBUG StatusLogger Building Plugin[name=loggers, class=org.apache.logging.log4j.core.config.LoggersPlugin].
DEBUG StatusLogger createLoggers(={org.apache.zookeeper.server.NIOServerCnxn, org.apache.zookeeper.ClientCnxnSocketNIO, DataNucleus, Datastore, JPOX, org.apache.hadoop.hive.ql.log.PerfLogger, com.amazonaws, org.apache.http, root})
DEBUG StatusLogger Building Plugin[name=layout, class=org.apache.logging.log4j.core.layout.PatternLayout].
DEBUG StatusLogger PatternLayout$Builder(alwaysWriteExceptions="null", footer="null", Configuration(HiveLog4j2), noConsoleNoAnsi="null", header="null", charset="null", PatternSelector=null, disableAnsi="null", Replace=null, pattern="%d{ISO8601} %5p [%t] %c{2}: %m%n")
DEBUG StatusLogger PluginManager 'Converter' found 46 plugins
DEBUG StatusLogger Building Plugin[name=appender, class=org.apache.logging.log4j.core.appender.ConsoleAppender].
DEBUG StatusLogger ConsoleAppender$Builder(follow="null", direct="null", target="SYSTEM_ERR", bufferSize="null", immediateFlush="null", bufferedIo="null", ignoreExceptions="null", PatternLayout(%d{ISO8601} %5p [%t] %c{2}: %m%n), name="console", Configuration(HiveLog4j2), ={}, Filter=null)
DEBUG StatusLogger Building Plugin[name=layout, class=org.apache.logging.log4j.core.layout.PatternLayout].
DEBUG StatusLogger PatternLayout$Builder(noConsoleNoAnsi="null", pattern="%d{ISO8601} %5p [%t] %c{2}: %m%n", footer="null", header="null", disableAnsi="null", charset="null", alwaysWriteExceptions="null", Configuration(HiveLog4j2), Replace=null, PatternSelector=null)
DEBUG StatusLogger Building Plugin[name=TimeBasedTriggeringPolicy, class=org.apache.logging.log4j.core.appender.rolling.TimeBasedTriggeringPolicy].
DEBUG StatusLogger TimeBasedTriggeringPolicy$Builder(modulate="true", maxRandomDelay="null", interval="1")
DEBUG StatusLogger Building Plugin[name=Policies, class=org.apache.logging.log4j.core.appender.rolling.CompositeTriggeringPolicy].
DEBUG StatusLogger createPolicy(={TimeBasedTriggeringPolicy(nextRolloverMillis=0, interval=1, modulate=true)})
DEBUG StatusLogger Building Plugin[name=DefaultRolloverStrategy, class=org.apache.logging.log4j.core.appender.rolling.DefaultRolloverStrategy].
DEBUG StatusLogger DefaultRolloverStrategy$Builder(={}, min="null", stopCustomActionsOnError="null", tempCompressedFilePattern="null", max="30", compressionLevel="null", Configuration(HiveLog4j2), fileIndex="null")
DEBUG StatusLogger Building Plugin[name=appender, class=org.apache.logging.log4j.core.appender.RollingRandomAccessFileAppender].
DEBUG StatusLogger RollingRandomAccessFileAppender$Builder(fileName="/home/alex/Repositories/hive/ql/target/tmp/alex/hive.log", advertise="null", append="null", filePattern="/home/alex/Repositories/hive/ql/target/tmp/alex/hive.log.%d{yyyy-MM-dd}", filePermissions="null", DefaultRolloverStrategy(DefaultRolloverStrategy(min=1, max=30, useMax=true)), fileOwner="null", fileGroup="null", Policies(CompositeTriggeringPolicy(policies=[TimeBasedTriggeringPolicy(nextRolloverMillis=0, interval=1, modulate=true)])), advertiseURI="null", immediateFlush="null", bufferedIo="null", bufferSize="null", ignoreExceptions="null", name="DRFA", PatternLayout(%d{ISO8601} %5p [%t] %c{2}: %m%n), Configuration(HiveLog4j2), Filter=null, ={})
TRACE StatusLogger RandomAccessFile /home/alex/Repositories/hive/ql/target/tmp/alex/hive.log seek to 11679
DEBUG StatusLogger Starting RollingRandomAccessFileManager /home/alex/Repositories/hive/ql/target/tmp/alex/hive.log
DEBUG StatusLogger PluginManager 'FileConverter' found 3 plugins
DEBUG StatusLogger Setting prev file time to 2024-04-24T01:29:27.182-0700
DEBUG StatusLogger Initializing triggering policy CompositeTriggeringPolicy(policies=[TimeBasedTriggeringPolicy(nextRolloverMillis=0, interval=1, modulate=true)])
DEBUG StatusLogger Initializing triggering policy TimeBasedTriggeringPolicy(nextRolloverMillis=0, interval=1, modulate=true)
TRACE StatusLogger PatternProcessor.getNextTime returning 2024/04/25-00:00:00.000, nextFileTime=2024/04/24-00:00:00.000, prevFileTime=1969/12/31-16:00:00.000, current=2024/04/24-05:30:56.864, freq=DAILY
TRACE StatusLogger PatternProcessor.getNextTime returning 2024/04/25-00:00:00.000, nextFileTime=2024/04/24-00:00:00.000, prevFileTime=2024/04/24-00:00:00.000, current=2024/04/24-05:30:56.865, freq=DAILY
DEBUG StatusLogger Building Plugin[name=appenders, class=org.apache.logging.log4j.core.config.AppendersPlugin].
DEBUG StatusLogger createAppenders(={console, DRFA})
DEBUG StatusLogger Configuration org.apache.logging.log4j.core.config.properties.PropertiesConfiguration@696a6506 initialized
DEBUG StatusLogger Starting configuration org.apache.logging.log4j.core.config.properties.PropertiesConfiguration@696a6506
DEBUG StatusLogger Started configuration org.apache.logging.log4j.core.config.properties.PropertiesConfiguration@696a6506 OK.
TRACE StatusLogger Stopping org.apache.logging.log4j.core.config.DefaultConfiguration@444fbd13...
TRACE StatusLogger DefaultConfiguration notified 1 ReliabilityStrategies that config will be stopped.
TRACE StatusLogger DefaultConfiguration stopping root LoggerConfig.
TRACE StatusLogger DefaultConfiguration notifying ReliabilityStrategies that appenders will be stopped.
TRACE StatusLogger DefaultConfiguration stopping remaining Appenders.
DEBUG StatusLogger Shutting down OutputStreamManager SYSTEM_OUT.false.false-2
DEBUG StatusLogger OutputStream closed
DEBUG StatusLogger Shut down OutputStreamManager SYSTEM_OUT.false.false-2, all resources released: true
DEBUG StatusLogger Appender DefaultConsole-2 stopped with status true
TRACE StatusLogger DefaultConfiguration stopped 1 remaining Appenders.
TRACE StatusLogger DefaultConfiguration cleaning Appenders from 1 LoggerConfigs.
DEBUG StatusLogger Stopped org.apache.logging.log4j.core.config.DefaultConfiguration@444fbd13 OK
TRACE StatusLogger Reregistering MBeans after reconfigure. Selector=org.apache.logging.log4j.core.async.AsyncLoggerContextSelector@7c16cc25
TRACE StatusLogger Reregistering context (1/2): 'AsyncContext@330bedb4' org.apache.logging.log4j.core.async.AsyncLoggerContext@52e5ad71
TRACE StatusLogger Unregistering but no MBeans found matching 'org.apache.logging.log4j2:type=AsyncContext@330bedb4'
TRACE StatusLogger Unregistering but no MBeans found matching 'org.apache.logging.log4j2:type=AsyncContext@330bedb4,component=StatusLogger'
TRACE StatusLogger Unregistering but no MBeans found matching 'org.apache.logging.log4j2:type=AsyncContext@330bedb4,component=ContextSelector'
TRACE StatusLogger Unregistering but no MBeans found matching 'org.apache.logging.log4j2:type=AsyncContext@330bedb4,component=Loggers,name=*'
TRACE StatusLogger Unregistering but no MBeans found matching 'org.apache.logging.log4j2:type=AsyncContext@330bedb4,component=Appenders,name=*'
TRACE StatusLogger Unregistering but no MBeans found matching 'org.apache.logging.log4j2:type=AsyncContext@330bedb4,component=AsyncAppenders,name=*'
TRACE StatusLogger Unregistering but no MBeans found matching 'org.apache.logging.log4j2:type=AsyncContext@330bedb4,component=AsyncLoggerRingBuffer'
TRACE StatusLogger Unregistering but no MBeans found matching 'org.apache.logging.log4j2:type=AsyncContext@330bedb4,component=Loggers,name=*,subtype=RingBuffer'
DEBUG StatusLogger Registering MBean org.apache.logging.log4j2:type=AsyncContext@330bedb4
DEBUG StatusLogger Registering MBean org.apache.logging.log4j2:type=AsyncContext@330bedb4,component=AsyncLoggerRingBuffer
DEBUG StatusLogger Registering MBean org.apache.logging.log4j2:type=AsyncContext@330bedb4,component=StatusLogger
DEBUG StatusLogger Registering MBean org.apache.logging.log4j2:type=AsyncContext@330bedb4,component=ContextSelector
DEBUG StatusLogger Registering MBean org.apache.logging.log4j2:type=AsyncContext@330bedb4,component=Loggers,name=Datastore
DEBUG StatusLogger Registering MBean org.apache.logging.log4j2:type=AsyncContext@330bedb4,component=Loggers,name=com.amazonaws
DEBUG StatusLogger Registering MBean org.apache.logging.log4j2:type=AsyncContext@330bedb4,component=Loggers,name=org.apache.hadoop.hive.ql.log.PerfLogger
DEBUG StatusLogger Registering MBean org.apache.logging.log4j2:type=AsyncContext@330bedb4,component=Loggers,name=
DEBUG StatusLogger Registering MBean org.apache.logging.log4j2:type=AsyncContext@330bedb4,component=Loggers,name=DataNucleus
DEBUG StatusLogger Registering MBean org.apache.logging.log4j2:type=AsyncContext@330bedb4,component=Loggers,name=JPOX
DEBUG StatusLogger Registering MBean org.apache.logging.log4j2:type=AsyncContext@330bedb4,component=Loggers,name=org.apache.zookeeper.server.NIOServerCnxn
DEBUG StatusLogger Registering MBean org.apache.logging.log4j2:type=AsyncContext@330bedb4,component=Loggers,name=org.apache.zookeeper.ClientCnxnSocketNIO
DEBUG StatusLogger Registering MBean org.apache.logging.log4j2:type=AsyncContext@330bedb4,component=Loggers,name=org.apache.http
DEBUG StatusLogger Registering MBean org.apache.logging.log4j2:type=AsyncContext@330bedb4,component=Appenders,name=console
DEBUG StatusLogger Registering MBean org.apache.logging.log4j2:type=AsyncContext@330bedb4,component=Appenders,name=DRFA
TRACE StatusLogger Reregistering context (2/2): '330bedb4' org.apache.logging.log4j.core.LoggerContext@609e8838
TRACE StatusLogger Unregistering 1 MBeans: [org.apache.logging.log4j2:type=330bedb4]
TRACE StatusLogger Unregistering 1 MBeans: [org.apache.logging.log4j2:type=330bedb4,component=StatusLogger]
TRACE StatusLogger Unregistering 1 MBeans: [org.apache.logging.log4j2:type=330bedb4,component=ContextSelector]
TRACE StatusLogger Unregistering 30 MBeans: [org.apache.logging.log4j2:type=330bedb4,component=Loggers,name=org.eclipse.jetty, org.apache.logging.log4j2:type=330bedb4,component=Loggers,name=org.apache.hadoop.hive.ql.exec.Operator, org.apache.logging.log4j2:type=330bedb4,component=Loggers,name=org.apache.hadoop.hdfs, org.apache.logging.log4j2:type=330bedb4,component=Loggers,name=, org.apache.logging.log4j2:type=330bedb4,component=Loggers,name=org.apache.hadoop.yarn, org.apache.logging.log4j2:type=330bedb4,component=Loggers,name=org.mortbay, org.apache.logging.log4j2:type=330bedb4,component=Loggers,name=org.apache.thrift, org.apache.logging.log4j2:type=330bedb4,component=Loggers,name=BlockStateChange, org.apache.logging.log4j2:type=330bedb4,component=Loggers,name=org.apache.zookeeper.server.NIOServerCnxn, org.apache.logging.log4j2:type=330bedb4,component=Loggers,name=org.apache.calcite.plan.RelOptPlanner, org.apache.logging.log4j2:type=330bedb4,component=Loggers,name=org.apache.hadoop.conf.Configuration, org.apache.logging.log4j2:type=330bedb4,component=Loggers,name=DataNucleus, org.apache.logging.log4j2:type=330bedb4,component=Loggers,name=org.apache.hadoop.hive.ql.optimizer.SharedWorkOptimizer, org.apache.logging.log4j2:type=330bedb4,component=Loggers,name=org.apache.hadoop.yarn.server, org.apache.logging.log4j2:type=330bedb4,component=Loggers,name=org.apache.zookeeper.ClientCnxn, org.apache.logging.log4j2:type=330bedb4,component=Loggers,name=org.apache.hadoop.hive.metastore.ObjectStore, org.apache.logging.log4j2:type=330bedb4,component=Loggers,name=org.apache.zookeeper.ClientCnxnSocket, org.apache.logging.log4j2:type=330bedb4,component=Loggers,name=org.apache.tez, org.apache.logging.log4j2:type=330bedb4,component=Loggers,name=org.apache.hadoop.metrics2, org.apache.logging.log4j2:type=330bedb4,component=Loggers,name=org.apache.zookeeper, org.apache.logging.log4j2:type=330bedb4,component=Loggers,name=org.apache.hadoop.hdfs.server, org.apache.logging.log4j2:type=330bedb4,component=Loggers,name=org.apache.hadoop.ipc, org.apache.logging.log4j2:type=330bedb4,component=Loggers,name=org.apache.hadoop.hive.serde2.lazy, org.apache.logging.log4j2:type=330bedb4,component=Loggers,name=org.apache.http, org.apache.logging.log4j2:type=330bedb4,component=Loggers,name=org.apache.zookeeper.server.ServerCnxn, org.apache.logging.log4j2:type=330bedb4,component=Loggers,name=org.apache.zookeeper.ClientCnxnSocketNIO, org.apache.logging.log4j2:type=330bedb4,component=Loggers,name=org.apache.hadoop.security, org.apache.logging.log4j2:type=330bedb4,component=Loggers,name=com.amazonaws, org.apache.logging.log4j2:type=330bedb4,component=Loggers,name=JPOX, org.apache.logging.log4j2:type=330bedb4,component=Loggers,name=Datastore]
TRACE StatusLogger Unregistering 2 MBeans: [org.apache.logging.log4j2:type=330bedb4,component=Appenders,name=console, org.apache.logging.log4j2:type=330bedb4,component=Appenders,name=DRFA]
TRACE StatusLogger Unregistering but no MBeans found matching 'org.apache.logging.log4j2:type=330bedb4,component=AsyncAppenders,name=*'
TRACE StatusLogger Unregistering but no MBeans found matching 'org.apache.logging.log4j2:type=330bedb4,component=AsyncLoggerRingBuffer'
TRACE StatusLogger Unregistering but no MBeans found matching 'org.apache.logging.log4j2:type=330bedb4,component=Loggers,name=*,subtype=RingBuffer'
DEBUG StatusLogger Registering MBean org.apache.logging.log4j2:type=330bedb4
DEBUG StatusLogger Registering MBean org.apache.logging.log4j2:type=330bedb4,component=StatusLogger
DEBUG StatusLogger Registering MBean org.apache.logging.log4j2:type=330bedb4,component=ContextSelector
DEBUG StatusLogger Registering MBean org.apache.logging.log4j2:type=330bedb4,component=Loggers,name=
DEBUG StatusLogger Registering MBean org.apache.logging.log4j2:type=330bedb4,component=Loggers,name=org.apache.hadoop.yarn
DEBUG StatusLogger Registering MBean org.apache.logging.log4j2:type=330bedb4,component=Loggers,name=org.apache.zookeeper.ClientCnxnSocketNIO
DEBUG StatusLogger Registering MBean org.apache.logging.log4j2:type=330bedb4,component=Loggers,name=org.apache.hadoop.hdfs
DEBUG StatusLogger Registering MBean org.apache.logging.log4j2:type=330bedb4,component=Loggers,name=org.eclipse.jetty
DEBUG StatusLogger Registering MBean org.apache.logging.log4j2:type=330bedb4,component=Loggers,name=BlockStateChange
DEBUG StatusLogger Registering MBean org.apache.logging.log4j2:type=330bedb4,component=Loggers,name=org.apache.zookeeper
DEBUG StatusLogger Registering MBean org.apache.logging.log4j2:type=330bedb4,component=Loggers,name=org.apache.hadoop.security
DEBUG StatusLogger Registering MBean org.apache.logging.log4j2:type=330bedb4,component=Loggers,name=JPOX
DEBUG StatusLogger Registering MBean org.apache.logging.log4j2:type=330bedb4,component=Loggers,name=org.apache.hadoop.metrics2
DEBUG StatusLogger Registering MBean org.apache.logging.log4j2:type=330bedb4,component=Loggers,name=org.apache.zookeeper.ClientCnxn
DEBUG StatusLogger Registering MBean org.apache.logging.log4j2:type=330bedb4,component=Loggers,name=org.apache.calcite.plan.RelOptPlanner
DEBUG StatusLogger Registering MBean org.apache.logging.log4j2:type=330bedb4,component=Loggers,name=org.apache.zookeeper.ClientCnxnSocket
DEBUG StatusLogger Registering MBean org.apache.logging.log4j2:type=330bedb4,component=Loggers,name=org.apache.tez
DEBUG StatusLogger Registering MBean org.apache.logging.log4j2:type=330bedb4,component=Loggers,name=org.apache.zookeeper.server.ServerCnxn
DEBUG StatusLogger Registering MBean org.apache.logging.log4j2:type=330bedb4,component=Loggers,name=org.mortbay
DEBUG StatusLogger Registering MBean org.apache.logging.log4j2:type=330bedb4,component=Loggers,name=org.apache.http
DEBUG StatusLogger Registering MBean org.apache.logging.log4j2:type=330bedb4,component=Loggers,name=com.amazonaws
DEBUG StatusLogger Registering MBean org.apache.logging.log4j2:type=330bedb4,component=Loggers,name=org.apache.thrift
DEBUG StatusLogger Registering MBean org.apache.logging.log4j2:type=330bedb4,component=Loggers,name=org.apache.hadoop.hive.ql.exec.Operator
DEBUG StatusLogger Registering MBean org.apache.logging.log4j2:type=330bedb4,component=Loggers,name=org.apache.hadoop.yarn.server
DEBUG StatusLogger Registering MBean org.apache.logging.log4j2:type=330bedb4,component=Loggers,name=org.apache.hadoop.hdfs.server
DEBUG StatusLogger Registering MBean org.apache.logging.log4j2:type=330bedb4,component=Loggers,name=org.apache.hadoop.hive.serde2.lazy
DEBUG StatusLogger Registering MBean org.apache.logging.log4j2:type=330bedb4,component=Loggers,name=DataNucleus
DEBUG StatusLogger Registering MBean org.apache.logging.log4j2:type=330bedb4,component=Loggers,name=org.apache.hadoop.conf.Configuration
DEBUG StatusLogger Registering MBean org.apache.logging.log4j2:type=330bedb4,component=Loggers,name=org.apache.zookeeper.server.NIOServerCnxn
DEBUG StatusLogger Registering MBean org.apache.logging.log4j2:type=330bedb4,component=Loggers,name=org.apache.hadoop.ipc
DEBUG StatusLogger Registering MBean org.apache.logging.log4j2:type=330bedb4,component=Loggers,name=org.apache.hadoop.hive.ql.optimizer.SharedWorkOptimizer
DEBUG StatusLogger Registering MBean org.apache.logging.log4j2:type=330bedb4,component=Loggers,name=Datastore
DEBUG StatusLogger Registering MBean org.apache.logging.log4j2:type=330bedb4,component=Loggers,name=org.apache.hadoop.hive.metastore.ObjectStore
DEBUG StatusLogger Registering MBean org.apache.logging.log4j2:type=330bedb4,component=Appenders,name=console
DEBUG StatusLogger Registering MBean org.apache.logging.log4j2:type=330bedb4,component=Appenders,name=DRFA
TRACE StatusLogger Using DummyNanoClock for nanosecond timestamps.
DEBUG StatusLogger LoggerContext[name=AsyncContext@330bedb4, org.apache.logging.log4j.core.async.AsyncLoggerContext@52e5ad71] started OK with configuration org.apache.logging.log4j.core.config.properties.PropertiesConfiguration@696a6506.
TRACE StatusLogger Using default SystemClock for timestamps.
DEBUG StatusLogger org.apache.logging.log4j.core.util.SystemClock does not support precise timestamps.
DEBUG StatusLogger AsyncLogger.ThreadNameStrategy=UNCACHED (user specified null, default is UNCACHED)
2024-04-24T05:30:56,921  INFO [main] util.HiveStrictManagedMigration: Starting with RunOptions{dbRegex='.*', tableRegex='.*', oldWarehouseRoot='/home/alex/Repositories/hive/ql/target/tmp/org.apache.hadoop.hive.ql.util.TestHiveStrictManagedMigration-1713961843282/warehouse', migrationOption=AUTOMATIC, confProps={hive.strict.managed.tables=true}, shouldModifyManagedTableLocation=true, shouldModifyManagedTableOwner=true, shouldModifyManagedTablePermissions=true, shouldMoveExternal=false, dryRun=false, tableType=null, tablePoolSize=4, fsOperationUser=null, controlFileUrl=}
2024-04-24T05:30:56,923  INFO [main] metastore.HiveMetaStoreClient: HMS client filtering is enabled.
2024-04-24T05:30:56,923  INFO [main] metastore.PersistenceManagerProvider: Configuration datanucleus.autoStartMechanismMode is not set. Defaulting to 'ignored'
2024-04-24T05:30:56,924  INFO [main] metastore.ObjectStore: RawStore: org.apache.hadoop.hive.metastore.ObjectStore@4a481728, with PersistenceManager: org.datanucleus.api.jdo.JDOPersistenceManager@63300c4b will be shutdown
2024-04-24T05:30:56,925  INFO [main] metastore.ObjectStore: RawStore: org.apache.hadoop.hive.metastore.ObjectStore@4a481728, with PersistenceManager: org.datanucleus.api.jdo.JDOPersistenceManager@42c9f2cd created in the thread with id: 1
2024-04-24T05:30:56,954  INFO [main] metastore.HMSHandler: HMS server filtering is disabled by configuration
ivysettings.xml file not found in HIVE_HOME or HIVE_CONF_DIR,/home/alex/Repositories/hive/conf/ivysettings.xml will be used
2024-04-24T05:30:56,955  INFO [main] DependencyResolver: ivysettings.xml file not found in HIVE_HOME or HIVE_CONF_DIR,/home/alex/Repositories/hive/conf/ivysettings.xml will be used
2024-04-24T05:30:56,959  INFO [main] sqlstd.SQLStdHiveAccessController: Created SQLStdHiveAccessController for session context : HiveAuthzSessionContext [sessionString=7d73e23b-ad05-482d-8b15-60940bef43bc, clientType=HIVECLI]
2024-04-24T05:30:56,960  INFO [main] HiveMetaStore.audit: ugi=alex	ip=unknown-ip-addr	cmd=get_databases: @hive#.*	
2024-04-24T05:30:56,971  INFO [main] util.HiveStrictManagedMigration: Found 0 databases
2024-04-24T05:30:56,971  INFO [main] util.HiveStrictManagedMigration: Done processing databases.
2024-04-24T05:30:56,972  INFO [main] HiveMetaStore.audit: ugi=alex	ip=unknown-ip-addr	cmd=Cleaning up thread local RawStore...	
2024-04-24T05:30:56,972  INFO [main] metastore.ObjectStore: RawStore: org.apache.hadoop.hive.metastore.ObjectStore@4a481728, with PersistenceManager: org.datanucleus.api.jdo.JDOPersistenceManager@42c9f2cd will be shutdown
2024-04-24T05:30:56,972  INFO [main] HiveMetaStore.audit: ugi=alex	ip=unknown-ip-addr	cmd=Done cleaning up thread local RawStore	
2024-04-24T05:30:56,972  INFO [main] metastore.HiveMetaStoreClient: Closed a connection to metastore, current connections: -1
2024-04-24T05:30:56,972  INFO [main] ql.TxnCommandsBaseForTests: Running the query: drop table if exists acidTbl
2024-04-24T05:30:56,973  INFO [main] ql.Driver: Compiling command(queryId=alex_20240424053056_e455c469-21ae-450c-99a1-d5c9cf41f350): drop table if exists acidTbl
2024-04-24T05:30:56,975  INFO [main] metastore.HMSHandler: 0: Opening raw store with implementation class:org.apache.hadoop.hive.metastore.ObjectStore
2024-04-24T05:30:56,976  INFO [main] metastore.ObjectStore: RawStore: org.apache.hadoop.hive.metastore.ObjectStore@58e2af93, with PersistenceManager: null will be shutdown
2024-04-24T05:30:56,976  INFO [main] metastore.ObjectStore: RawStore: org.apache.hadoop.hive.metastore.ObjectStore@58e2af93, with PersistenceManager: org.datanucleus.api.jdo.JDOPersistenceManager@2e10f765 created in the thread with id: 1
2024-04-24T05:30:56,980  INFO [main] metastore.HMSHandler: Created RawStore: org.apache.hadoop.hive.metastore.ObjectStore@58e2af93 from thread id: 1
2024-04-24T05:30:56,983  INFO [main] txn.TxnHandler: Added entries to MIN_HISTORY_LEVEL for current txns: ([20]) with min_open_txn: 18
2024-04-24T05:30:56,984  INFO [main] lockmgr.DbTxnManager: Opened txnid:20
2024-04-24T05:30:56,985  INFO [main] HiveMetaStore.audit: ugi=alex	ip=unknown-ip-addr	cmd=get_table : tbl=hive.default.acidTbl	
2024-04-24T05:30:56,998  INFO [main] metastore.HMSHandler: Skipping translation for processor with null
2024-04-24T05:30:56,998  INFO [main] ql.Driver: Semantic Analysis Completed (retrial = false)
2024-04-24T05:30:56,998  INFO [main] ql.Driver: Created Hive schema: Schema(fieldSchemas:null, properties:null)
2024-04-24T05:30:56,998  INFO [main] metadata.Hive: Dumping metastore api call timing information for : compilation phase
2024-04-24T05:30:56,998  INFO [main] metadata.Hive: Total time spent in each metastore function (ms): {alter_table_(String, String, String, Table, EnvironmentContext, String)=37, getValidTxns_(long)=1, isCompatibleWith_(Configuration)=0, flushCache_()=7, openTxn_(String, TxnType)=3, commitTxn_(CommitTxnRequest)=18, getTable_(GetTableRequest)=58}
2024-04-24T05:30:56,998  INFO [main] ql.Driver: Completed compiling command(queryId=alex_20240424053056_e455c469-21ae-450c-99a1-d5c9cf41f350); Time taken: 0.025 seconds
2024-04-24T05:30:56,999  INFO [main] lockmgr.DbTxnManager: Setting lock request transaction to txnid:20 for queryId=alex_20240424053056_e455c469-21ae-450c-99a1-d5c9cf41f350
2024-04-24T05:30:57,000  INFO [main] lockmgr.DbLockManager: Requesting lock for queryId=alex_20240424053056_e455c469-21ae-450c-99a1-d5c9cf41f350
2024-04-24T05:30:57,025  INFO [main] lockmgr.DbLockManager: Response to queryId=alex_20240424053056_e455c469-21ae-450c-99a1-d5c9cf41f350 LockResponse(lockid:11, state:ACQUIRED)
2024-04-24T05:30:57,025  INFO [main] ql.Driver: Operation DROPTABLE obtained 1 locks
2024-04-24T05:30:57,025  INFO [main] ql.Driver: Executing command(queryId=alex_20240424053056_e455c469-21ae-450c-99a1-d5c9cf41f350): drop table if exists acidTbl
2024-04-24T05:30:57,025  INFO [main] ql.Driver: Starting task [Stage-0:DDL] in serial mode
2024-04-24T05:30:57,025  INFO [main] HiveMetaStore.audit: ugi=alex	ip=unknown-ip-addr	cmd=get_table : tbl=hive.default.acidTbl	
2024-04-24T05:30:57,038  INFO [main] metastore.HMSHandler: Skipping translation for processor with null
2024-04-24T05:30:57,039  INFO [main] HiveMetaStore.audit: ugi=alex	ip=unknown-ip-addr	cmd=get_table : tbl=hive.default.acidTbl	
2024-04-24T05:30:57,050  INFO [main] metastore.HMSHandler: Skipping translation for processor with null
2024-04-24T05:30:57,050  INFO [main] HiveMetaStore.audit: ugi=alex	ip=unknown-ip-addr	cmd=drop_table : tbl=hive.default.acidTbl	
2024-04-24T05:30:57,272  INFO [main] metadata.Hive: Dumping metastore api call timing information for : execution phase
2024-04-24T05:30:57,272  INFO [main] metadata.Hive: Total time spent in each metastore function (ms): {dropTable_(String, String, boolean, boolean, boolean)=232, getTable_(GetTableRequest)=14, isCompatibleWith_(Configuration)=0}
2024-04-24T05:30:57,272  INFO [main] ql.Driver: Completed executing command(queryId=alex_20240424053056_e455c469-21ae-450c-99a1-d5c9cf41f350); Time taken: 0.247 seconds
2024-04-24T05:30:57,273  INFO [main] lockmgr.DbTxnManager: Stopped heartbeat for query: alex_20240424053056_e455c469-21ae-450c-99a1-d5c9cf41f350
2024-04-24T05:30:57,278  INFO [main] txn.TxnHandler: Expected to move at least one record from txn_components to completed_txn_components when committing txn! txnid:20
2024-04-24T05:30:57,287  INFO [main] txn.TxnHandler: Removed transactions: ([20]) from MIN_HISTORY_LEVEL
2024-04-24T05:30:57,289  WARN [main] txn.CompactionTxnHandler: No compaction queue record found for Compaction type transaction commit. txnId:20
2024-04-24T05:30:57,290  INFO [main] ql.TxnCommandsBaseForTests: Running the query: drop table if exists acidTblPart
2024-04-24T05:30:57,290  INFO [main] ql.Driver: Compiling command(queryId=alex_20240424053057_cbd8dfc5-934c-487e-8fb5-8b946c14abee): drop table if exists acidTblPart
2024-04-24T05:30:57,303  INFO [main] txn.TxnHandler: Added entries to MIN_HISTORY_LEVEL for current txns: ([21]) with min_open_txn: 18
2024-04-24T05:30:57,303  INFO [main] lockmgr.DbTxnManager: Opened txnid:21
2024-04-24T05:30:57,307  INFO [main] HiveMetaStore.audit: ugi=alex	ip=unknown-ip-addr	cmd=get_table : tbl=hive.default.acidTblPart	
2024-04-24T05:30:57,321  INFO [main] metastore.HMSHandler: Skipping translation for processor with null
2024-04-24T05:30:57,321  INFO [main] ql.Driver: Semantic Analysis Completed (retrial = false)
2024-04-24T05:30:57,321  INFO [main] ql.Driver: Created Hive schema: Schema(fieldSchemas:null, properties:null)
2024-04-24T05:30:57,321  INFO [main] metadata.Hive: Dumping metastore api call timing information for : compilation phase
2024-04-24T05:30:57,322  INFO [main] metadata.Hive: Total time spent in each metastore function (ms): {getValidTxns_(long)=3, openTxn_(String, TxnType)=12, getTable_(GetTableRequest)=14, commitTxn_(CommitTxnRequest)=17, isCompatibleWith_(Configuration)=0, flushCache_()=0}
2024-04-24T05:30:57,322  INFO [main] ql.Driver: Completed compiling command(queryId=alex_20240424053057_cbd8dfc5-934c-487e-8fb5-8b946c14abee); Time taken: 0.031 seconds
2024-04-24T05:30:57,322  INFO [main] lockmgr.DbTxnManager: Setting lock request transaction to txnid:21 for queryId=alex_20240424053057_cbd8dfc5-934c-487e-8fb5-8b946c14abee
2024-04-24T05:30:57,323  INFO [main] lockmgr.DbLockManager: Requesting lock for queryId=alex_20240424053057_cbd8dfc5-934c-487e-8fb5-8b946c14abee
2024-04-24T05:30:57,344  INFO [main] lockmgr.DbLockManager: Response to queryId=alex_20240424053057_cbd8dfc5-934c-487e-8fb5-8b946c14abee LockResponse(lockid:12, state:ACQUIRED)
2024-04-24T05:30:57,344  INFO [main] ql.Driver: Operation DROPTABLE obtained 1 locks
2024-04-24T05:30:57,344  INFO [main] ql.Driver: Executing command(queryId=alex_20240424053057_cbd8dfc5-934c-487e-8fb5-8b946c14abee): drop table if exists acidTblPart
2024-04-24T05:30:57,344  INFO [main] ql.Driver: Starting task [Stage-0:DDL] in serial mode
2024-04-24T05:30:57,345  INFO [main] HiveMetaStore.audit: ugi=alex	ip=unknown-ip-addr	cmd=get_table : tbl=hive.default.acidTblPart	
2024-04-24T05:30:57,354  INFO [main] metastore.HMSHandler: Skipping translation for processor with null
2024-04-24T05:30:57,354  INFO [main] HiveMetaStore.audit: ugi=alex	ip=unknown-ip-addr	cmd=get_table : tbl=hive.default.acidTblPart	
2024-04-24T05:30:57,366  INFO [main] metastore.HMSHandler: Skipping translation for processor with null
2024-04-24T05:30:57,366  INFO [main] HiveMetaStore.audit: ugi=alex	ip=unknown-ip-addr	cmd=drop_table : tbl=hive.default.acidTblPart	
2024-04-24T05:30:57,435  INFO [main] metadata.Hive: Dumping metastore api call timing information for : execution phase
2024-04-24T05:30:57,435  INFO [main] metadata.Hive: Total time spent in each metastore function (ms): {dropTable_(String, String, boolean, boolean, boolean)=80, isCompatibleWith_(Configuration)=0, getTable_(GetTableRequest)=9}
2024-04-24T05:30:57,435  INFO [main] ql.Driver: Completed executing command(queryId=alex_20240424053057_cbd8dfc5-934c-487e-8fb5-8b946c14abee); Time taken: 0.091 seconds
2024-04-24T05:30:57,435  INFO [main] lockmgr.DbTxnManager: Stopped heartbeat for query: alex_20240424053057_cbd8dfc5-934c-487e-8fb5-8b946c14abee
2024-04-24T05:30:57,439  INFO [main] txn.TxnHandler: Expected to move at least one record from txn_components to completed_txn_components when committing txn! txnid:21
2024-04-24T05:30:57,446  INFO [main] txn.TxnHandler: Removed transactions: ([21]) from MIN_HISTORY_LEVEL
2024-04-24T05:30:57,447  WARN [main] txn.CompactionTxnHandler: No compaction queue record found for Compaction type transaction commit. txnId:21
2024-04-24T05:30:57,447  INFO [main] ql.TxnCommandsBaseForTests: Running the query: drop table if exists acidTbl2
2024-04-24T05:30:57,448  INFO [main] ql.Driver: Compiling command(queryId=alex_20240424053057_e1e27435-a8d2-4b4f-929e-a2d5e7ad5be1): drop table if exists acidTbl2
2024-04-24T05:30:57,451  INFO [main] txn.TxnHandler: Added entries to MIN_HISTORY_LEVEL for current txns: ([22]) with min_open_txn: 19
2024-04-24T05:30:57,452  INFO [main] lockmgr.DbTxnManager: Opened txnid:22
2024-04-24T05:30:57,453  INFO [main] HiveMetaStore.audit: ugi=alex	ip=unknown-ip-addr	cmd=get_table : tbl=hive.default.acidTbl2	
2024-04-24T05:30:57,457  INFO [main] ql.Driver: Semantic Analysis Completed (retrial = false)
2024-04-24T05:30:57,457  INFO [main] ql.Driver: Created Hive schema: Schema(fieldSchemas:null, properties:null)
2024-04-24T05:30:57,457  INFO [main] metadata.Hive: Dumping metastore api call timing information for : compilation phase
2024-04-24T05:30:57,457  INFO [main] metadata.Hive: Total time spent in each metastore function (ms): {isCompatibleWith_(Configuration)=2, openTxn_(String, TxnType)=3, commitTxn_(CommitTxnRequest)=11, getValidTxns_(long)=1, flushCache_()=0}
2024-04-24T05:30:57,457  INFO [main] ql.Driver: Completed compiling command(queryId=alex_20240424053057_e1e27435-a8d2-4b4f-929e-a2d5e7ad5be1); Time taken: 0.009 seconds
2024-04-24T05:30:57,457  INFO [main] lockmgr.DbTxnManager: Setting lock request transaction to txnid:22 for queryId=alex_20240424053057_e1e27435-a8d2-4b4f-929e-a2d5e7ad5be1
2024-04-24T05:30:57,457  INFO [main] ql.Driver: Operation DROPTABLE obtained 0 locks
2024-04-24T05:30:57,457  INFO [main] ql.Driver: Executing command(queryId=alex_20240424053057_e1e27435-a8d2-4b4f-929e-a2d5e7ad5be1): drop table if exists acidTbl2
2024-04-24T05:30:57,458  INFO [main] ql.Driver: Starting task [Stage-0:DDL] in serial mode
2024-04-24T05:30:57,458  INFO [main] HiveMetaStore.audit: ugi=alex	ip=unknown-ip-addr	cmd=get_table : tbl=hive.default.acidTbl2	
2024-04-24T05:30:57,461  INFO [main] metadata.Hive: Dumping metastore api call timing information for : execution phase
2024-04-24T05:30:57,461  INFO [main] metadata.Hive: Total time spent in each metastore function (ms): {isCompatibleWith_(Configuration)=0}
2024-04-24T05:30:57,461  INFO [main] ql.Driver: Completed executing command(queryId=alex_20240424053057_e1e27435-a8d2-4b4f-929e-a2d5e7ad5be1); Time taken: 0.004 seconds
2024-04-24T05:30:57,461  INFO [main] lockmgr.DbTxnManager: Stopped heartbeat for query: alex_20240424053057_e1e27435-a8d2-4b4f-929e-a2d5e7ad5be1
2024-04-24T05:30:57,468  INFO [main] txn.TxnHandler: Expected to move at least one record from txn_components to completed_txn_components when committing txn! txnid:22
2024-04-24T05:30:57,475  INFO [main] txn.TxnHandler: Removed transactions: ([22]) from MIN_HISTORY_LEVEL
2024-04-24T05:30:57,475  WARN [main] txn.CompactionTxnHandler: No compaction queue record found for Compaction type transaction commit. txnId:22
2024-04-24T05:30:57,477  INFO [main] ql.TxnCommandsBaseForTests: Running the query: drop table if exists nonAcidOrcTbl
2024-04-24T05:30:57,477  INFO [main] ql.Driver: Compiling command(queryId=alex_20240424053057_6d967930-1b4d-424c-8ba8-55ed897987f4): drop table if exists nonAcidOrcTbl
2024-04-24T05:30:57,480  INFO [main] txn.TxnHandler: Added entries to MIN_HISTORY_LEVEL for current txns: ([23]) with min_open_txn: 19
2024-04-24T05:30:57,481  INFO [main] lockmgr.DbTxnManager: Opened txnid:23
2024-04-24T05:30:57,482  INFO [main] HiveMetaStore.audit: ugi=alex	ip=unknown-ip-addr	cmd=get_table : tbl=hive.default.nonAcidOrcTbl	
2024-04-24T05:30:57,508  INFO [main] metastore.HMSHandler: Skipping translation for processor with null
2024-04-24T05:30:57,508  INFO [main] ql.Driver: Semantic Analysis Completed (retrial = false)
2024-04-24T05:30:57,508  INFO [main] ql.Driver: Created Hive schema: Schema(fieldSchemas:null, properties:null)
2024-04-24T05:30:57,508  INFO [main] metadata.Hive: Dumping metastore api call timing information for : compilation phase
2024-04-24T05:30:57,509  INFO [main] metadata.Hive: Total time spent in each metastore function (ms): {getTable_(GetTableRequest)=26, flushCache_()=0, getValidTxns_(long)=0, openTxn_(String, TxnType)=3, isCompatibleWith_(Configuration)=0, commitTxn_(CommitTxnRequest)=14}
2024-04-24T05:30:57,509  INFO [main] ql.Driver: Completed compiling command(queryId=alex_20240424053057_6d967930-1b4d-424c-8ba8-55ed897987f4); Time taken: 0.031 seconds
2024-04-24T05:30:57,509  INFO [main] lockmgr.DbTxnManager: Setting lock request transaction to txnid:23 for queryId=alex_20240424053057_6d967930-1b4d-424c-8ba8-55ed897987f4
2024-04-24T05:30:57,510  INFO [main] lockmgr.DbLockManager: Requesting lock for queryId=alex_20240424053057_6d967930-1b4d-424c-8ba8-55ed897987f4
2024-04-24T05:30:57,532  INFO [main] lockmgr.DbLockManager: Response to queryId=alex_20240424053057_6d967930-1b4d-424c-8ba8-55ed897987f4 LockResponse(lockid:13, state:ACQUIRED)
2024-04-24T05:30:57,532  INFO [main] ql.Driver: Operation DROPTABLE obtained 1 locks
2024-04-24T05:30:57,532  INFO [main] ql.Driver: Executing command(queryId=alex_20240424053057_6d967930-1b4d-424c-8ba8-55ed897987f4): drop table if exists nonAcidOrcTbl
2024-04-24T05:30:57,532  INFO [main] ql.Driver: Starting task [Stage-0:DDL] in serial mode
2024-04-24T05:30:57,533  INFO [main] HiveMetaStore.audit: ugi=alex	ip=unknown-ip-addr	cmd=get_table : tbl=hive.default.nonAcidOrcTbl	
2024-04-24T05:30:57,547  INFO [main] metastore.HMSHandler: Skipping translation for processor with null
2024-04-24T05:30:57,548  INFO [main] HiveMetaStore.audit: ugi=alex	ip=unknown-ip-addr	cmd=get_table : tbl=hive.default.nonAcidOrcTbl	
2024-04-24T05:30:57,562  INFO [main] metastore.HMSHandler: Skipping translation for processor with null
2024-04-24T05:30:57,562  INFO [main] HiveMetaStore.audit: ugi=alex	ip=unknown-ip-addr	cmd=drop_table : tbl=hive.default.nonAcidOrcTbl	
2024-04-24T05:30:57,643  INFO [main] metadata.Hive: Dumping metastore api call timing information for : execution phase
2024-04-24T05:30:57,643  INFO [main] metadata.Hive: Total time spent in each metastore function (ms): {dropTable_(String, String, boolean, boolean, boolean)=95, getTable_(GetTableRequest)=14, isCompatibleWith_(Configuration)=0}
2024-04-24T05:30:57,643  INFO [main] ql.Driver: Completed executing command(queryId=alex_20240424053057_6d967930-1b4d-424c-8ba8-55ed897987f4); Time taken: 0.111 seconds
2024-04-24T05:30:57,643  INFO [main] lockmgr.DbTxnManager: Stopped heartbeat for query: alex_20240424053057_6d967930-1b4d-424c-8ba8-55ed897987f4
2024-04-24T05:30:57,648  INFO [main] txn.TxnHandler: Expected to move at least one record from txn_components to completed_txn_components when committing txn! txnid:23
2024-04-24T05:30:57,656  INFO [main] txn.TxnHandler: Removed transactions: ([23]) from MIN_HISTORY_LEVEL
2024-04-24T05:30:57,656  WARN [main] txn.CompactionTxnHandler: No compaction queue record found for Compaction type transaction commit. txnId:23
2024-04-24T05:30:57,657  INFO [main] ql.TxnCommandsBaseForTests: Running the query: drop table if exists nonAcidOrcTbl2
2024-04-24T05:30:57,657  INFO [main] ql.Driver: Compiling command(queryId=alex_20240424053057_06bda2c3-5dfe-4a94-8152-317c78ec4aca): drop table if exists nonAcidOrcTbl2
2024-04-24T05:30:57,661  INFO [main] txn.TxnHandler: Added entries to MIN_HISTORY_LEVEL for current txns: ([24]) with min_open_txn: 20
2024-04-24T05:30:57,661  INFO [main] lockmgr.DbTxnManager: Opened txnid:24
2024-04-24T05:30:57,662  INFO [main] HiveMetaStore.audit: ugi=alex	ip=unknown-ip-addr	cmd=get_table : tbl=hive.default.nonAcidOrcTbl2	
2024-04-24T05:30:57,675  INFO [main] metastore.HMSHandler: Skipping translation for processor with null
2024-04-24T05:30:57,676  INFO [main] ql.Driver: Semantic Analysis Completed (retrial = false)
2024-04-24T05:30:57,676  INFO [main] ql.Driver: Created Hive schema: Schema(fieldSchemas:null, properties:null)
2024-04-24T05:30:57,676  INFO [main] metadata.Hive: Dumping metastore api call timing information for : compilation phase
2024-04-24T05:30:57,676  INFO [main] metadata.Hive: Total time spent in each metastore function (ms): {getValidTxns_(long)=1, getTable_(GetTableRequest)=14, flushCache_()=0, commitTxn_(CommitTxnRequest)=14, isCompatibleWith_(Configuration)=0, openTxn_(String, TxnType)=3}
2024-04-24T05:30:57,676  INFO [main] ql.Driver: Completed compiling command(queryId=alex_20240424053057_06bda2c3-5dfe-4a94-8152-317c78ec4aca); Time taken: 0.019 seconds
2024-04-24T05:30:57,676  INFO [main] lockmgr.DbTxnManager: Setting lock request transaction to txnid:24 for queryId=alex_20240424053057_06bda2c3-5dfe-4a94-8152-317c78ec4aca
2024-04-24T05:30:57,677  INFO [main] lockmgr.DbLockManager: Requesting lock for queryId=alex_20240424053057_06bda2c3-5dfe-4a94-8152-317c78ec4aca
2024-04-24T05:30:57,696  INFO [main] lockmgr.DbLockManager: Response to queryId=alex_20240424053057_06bda2c3-5dfe-4a94-8152-317c78ec4aca LockResponse(lockid:14, state:ACQUIRED)
2024-04-24T05:30:57,696  INFO [main] ql.Driver: Operation DROPTABLE obtained 1 locks
2024-04-24T05:30:57,696  INFO [main] ql.Driver: Executing command(queryId=alex_20240424053057_06bda2c3-5dfe-4a94-8152-317c78ec4aca): drop table if exists nonAcidOrcTbl2
2024-04-24T05:30:57,697  INFO [main] ql.Driver: Starting task [Stage-0:DDL] in serial mode
2024-04-24T05:30:57,697  INFO [main] HiveMetaStore.audit: ugi=alex	ip=unknown-ip-addr	cmd=get_table : tbl=hive.default.nonAcidOrcTbl2	
2024-04-24T05:30:57,709  INFO [main] metastore.HMSHandler: Skipping translation for processor with null
2024-04-24T05:30:57,710  INFO [main] HiveMetaStore.audit: ugi=alex	ip=unknown-ip-addr	cmd=get_table : tbl=hive.default.nonAcidOrcTbl2	
2024-04-24T05:30:57,722  INFO [main] metastore.HMSHandler: Skipping translation for processor with null
2024-04-24T05:30:57,722  INFO [main] HiveMetaStore.audit: ugi=alex	ip=unknown-ip-addr	cmd=drop_table : tbl=hive.default.nonAcidOrcTbl2	
2024-04-24T05:30:57,769  INFO [main] metadata.Hive: Dumping metastore api call timing information for : execution phase
2024-04-24T05:30:57,769  INFO [main] metadata.Hive: Total time spent in each metastore function (ms): {isCompatibleWith_(Configuration)=0, dropTable_(String, String, boolean, boolean, boolean)=60, getTable_(GetTableRequest)=12}
2024-04-24T05:30:57,769  INFO [main] ql.Driver: Completed executing command(queryId=alex_20240424053057_06bda2c3-5dfe-4a94-8152-317c78ec4aca); Time taken: 0.073 seconds
2024-04-24T05:30:57,769  INFO [main] lockmgr.DbTxnManager: Stopped heartbeat for query: alex_20240424053057_06bda2c3-5dfe-4a94-8152-317c78ec4aca
2024-04-24T05:30:57,774  INFO [main] txn.TxnHandler: Expected to move at least one record from txn_components to completed_txn_components when committing txn! txnid:24
2024-04-24T05:30:57,781  INFO [main] txn.TxnHandler: Removed transactions: ([24]) from MIN_HISTORY_LEVEL
2024-04-24T05:30:57,781  WARN [main] txn.CompactionTxnHandler: No compaction queue record found for Compaction type transaction commit. txnId:24
2024-04-24T05:30:57,782  INFO [main] ql.TxnCommandsBaseForTests: Running the query: drop table if exists nonAcidNonBucket
2024-04-24T05:30:57,782  INFO [main] ql.Driver: Compiling command(queryId=alex_20240424053057_6765b9a4-b2af-4dbe-b704-de6d55d16cfc): drop table if exists nonAcidNonBucket
2024-04-24T05:30:57,785  INFO [main] txn.TxnHandler: Added entries to MIN_HISTORY_LEVEL for current txns: ([25]) with min_open_txn: 20
2024-04-24T05:30:57,786  INFO [main] lockmgr.DbTxnManager: Opened txnid:25
2024-04-24T05:30:57,787  INFO [main] HiveMetaStore.audit: ugi=alex	ip=unknown-ip-addr	cmd=get_table : tbl=hive.default.nonAcidNonBucket	
2024-04-24T05:30:57,799  INFO [main] metastore.HMSHandler: Skipping translation for processor with null
2024-04-24T05:30:57,799  INFO [main] ql.Driver: Semantic Analysis Completed (retrial = false)
2024-04-24T05:30:57,799  INFO [main] ql.Driver: Created Hive schema: Schema(fieldSchemas:null, properties:null)
2024-04-24T05:30:57,799  INFO [main] metadata.Hive: Dumping metastore api call timing information for : compilation phase
2024-04-24T05:30:57,800  INFO [main] metadata.Hive: Total time spent in each metastore function (ms): {flushCache_()=0, commitTxn_(CommitTxnRequest)=12, getTable_(GetTableRequest)=12, isCompatibleWith_(Configuration)=1, getValidTxns_(long)=1, openTxn_(String, TxnType)=3}
2024-04-24T05:30:57,800  INFO [main] ql.Driver: Completed compiling command(queryId=alex_20240424053057_6765b9a4-b2af-4dbe-b704-de6d55d16cfc); Time taken: 0.017 seconds
2024-04-24T05:30:57,800  INFO [main] lockmgr.DbTxnManager: Setting lock request transaction to txnid:25 for queryId=alex_20240424053057_6765b9a4-b2af-4dbe-b704-de6d55d16cfc
2024-04-24T05:30:57,800  INFO [main] lockmgr.DbLockManager: Requesting lock for queryId=alex_20240424053057_6765b9a4-b2af-4dbe-b704-de6d55d16cfc
2024-04-24T05:30:57,819  INFO [main] lockmgr.DbLockManager: Response to queryId=alex_20240424053057_6765b9a4-b2af-4dbe-b704-de6d55d16cfc LockResponse(lockid:15, state:ACQUIRED)
2024-04-24T05:30:57,819  INFO [main] ql.Driver: Operation DROPTABLE obtained 1 locks
2024-04-24T05:30:57,819  INFO [main] ql.Driver: Executing command(queryId=alex_20240424053057_6765b9a4-b2af-4dbe-b704-de6d55d16cfc): drop table if exists nonAcidNonBucket
2024-04-24T05:30:57,820  INFO [main] ql.Driver: Starting task [Stage-0:DDL] in serial mode
2024-04-24T05:30:57,820  INFO [main] HiveMetaStore.audit: ugi=alex	ip=unknown-ip-addr	cmd=get_table : tbl=hive.default.nonAcidNonBucket	
2024-04-24T05:30:57,833  INFO [main] metastore.HMSHandler: Skipping translation for processor with null
2024-04-24T05:30:57,833  INFO [main] HiveMetaStore.audit: ugi=alex	ip=unknown-ip-addr	cmd=get_table : tbl=hive.default.nonAcidNonBucket	
2024-04-24T05:30:57,847  INFO [main] metastore.HMSHandler: Skipping translation for processor with null
2024-04-24T05:30:57,847  INFO [main] HiveMetaStore.audit: ugi=alex	ip=unknown-ip-addr	cmd=drop_table : tbl=hive.default.nonAcidNonBucket	
2024-04-24T05:30:57,892  INFO [main] metadata.Hive: Dumping metastore api call timing information for : execution phase
2024-04-24T05:30:57,892  INFO [main] metadata.Hive: Total time spent in each metastore function (ms): {getTable_(GetTableRequest)=13, isCompatibleWith_(Configuration)=0, dropTable_(String, String, boolean, boolean, boolean)=58}
2024-04-24T05:30:57,892  INFO [main] ql.Driver: Completed executing command(queryId=alex_20240424053057_6765b9a4-b2af-4dbe-b704-de6d55d16cfc); Time taken: 0.073 seconds
2024-04-24T05:30:57,892  INFO [main] lockmgr.DbTxnManager: Stopped heartbeat for query: alex_20240424053057_6765b9a4-b2af-4dbe-b704-de6d55d16cfc
2024-04-24T05:30:57,896  INFO [main] txn.TxnHandler: Expected to move at least one record from txn_components to completed_txn_components when committing txn! txnid:25
2024-04-24T05:30:57,903  INFO [main] txn.TxnHandler: Removed transactions: ([25]) from MIN_HISTORY_LEVEL
2024-04-24T05:30:57,903  WARN [main] txn.CompactionTxnHandler: No compaction queue record found for Compaction type transaction commit. txnId:25
2024-04-24T05:30:57,904  INFO [main] utils.TestTxnDbUtil: Cleaning transactional tables
]]></system-err>
  </testcase>
  <testcase name="testUsingControlDirUrl" classname="org.apache.hadoop.hive.ql.util.TestHiveStrictManagedMigration" time="5.065">
    <failure type="java.lang.AssertionError"><![CDATA[java.lang.AssertionError: expected:<EXTERNAL_TABLE> but was:<MANAGED_TABLE>
	at org.junit.Assert.fail(Assert.java:89)
	at org.junit.Assert.failNotEquals(Assert.java:835)
	at org.junit.Assert.assertEquals(Assert.java:120)
	at org.junit.Assert.assertEquals(Assert.java:146)
	at org.apache.hadoop.hive.ql.util.TestHiveStrictManagedMigration.verifySubsetOfTablesBecameExternal(TestHiveStrictManagedMigration.java:193)
	at org.apache.hadoop.hive.ql.util.TestHiveStrictManagedMigration.testUsingControlDirUrl(TestHiveStrictManagedMigration.java:183)
	at sun.reflect.NativeMethodAccessorImpl.invoke0(Native Method)
	at sun.reflect.NativeMethodAccessorImpl.invoke(NativeMethodAccessorImpl.java:62)
	at sun.reflect.DelegatingMethodAccessorImpl.invoke(DelegatingMethodAccessorImpl.java:43)
	at java.lang.reflect.Method.invoke(Method.java:498)
	at org.junit.runners.model.FrameworkMethod$1.runReflectiveCall(FrameworkMethod.java:59)
	at org.junit.internal.runners.model.ReflectiveCallable.run(ReflectiveCallable.java:12)
	at org.junit.runners.model.FrameworkMethod.invokeExplosively(FrameworkMethod.java:56)
	at org.junit.internal.runners.statements.InvokeMethod.evaluate(InvokeMethod.java:17)
	at org.junit.internal.runners.statements.RunBefores.evaluate(RunBefores.java:26)
	at org.junit.internal.runners.statements.RunAfters.evaluate(RunAfters.java:27)
	at org.junit.rules.TestWatcher$1.evaluate(TestWatcher.java:61)
	at org.junit.runners.ParentRunner$3.evaluate(ParentRunner.java:306)
	at org.junit.runners.BlockJUnit4ClassRunner$1.evaluate(BlockJUnit4ClassRunner.java:100)
	at org.junit.runners.ParentRunner.runLeaf(ParentRunner.java:366)
	at org.junit.runners.BlockJUnit4ClassRunner.runChild(BlockJUnit4ClassRunner.java:103)
	at org.junit.runners.BlockJUnit4ClassRunner.runChild(BlockJUnit4ClassRunner.java:63)
	at org.junit.runners.ParentRunner$4.run(ParentRunner.java:331)
	at org.junit.runners.ParentRunner$1.schedule(ParentRunner.java:79)
	at org.junit.runners.ParentRunner.runChildren(ParentRunner.java:329)
	at org.junit.runners.ParentRunner.access$100(ParentRunner.java:66)
	at org.junit.runners.ParentRunner$2.evaluate(ParentRunner.java:293)
	at org.junit.runners.ParentRunner$3.evaluate(ParentRunner.java:306)
	at org.junit.runners.ParentRunner.run(ParentRunner.java:413)
	at org.junit.runner.JUnitCore.run(JUnitCore.java:137)
	at org.junit.runner.JUnitCore.run(JUnitCore.java:115)
	at org.junit.vintage.engine.execution.RunnerExecutor.execute(RunnerExecutor.java:43)
	at java.util.stream.ForEachOps$ForEachOp$OfRef.accept(ForEachOps.java:183)
	at java.util.stream.ReferencePipeline$3$1.accept(ReferencePipeline.java:193)
	at java.util.Iterator.forEachRemaining(Iterator.java:116)
	at java.util.Spliterators$IteratorSpliterator.forEachRemaining(Spliterators.java:1801)
	at java.util.stream.AbstractPipeline.copyInto(AbstractPipeline.java:482)
	at java.util.stream.AbstractPipeline.wrapAndCopyInto(AbstractPipeline.java:472)
	at java.util.stream.ForEachOps$ForEachOp.evaluateSequential(ForEachOps.java:150)
	at java.util.stream.ForEachOps$ForEachOp$OfRef.evaluateSequential(ForEachOps.java:173)
	at java.util.stream.AbstractPipeline.evaluate(AbstractPipeline.java:234)
	at java.util.stream.ReferencePipeline.forEach(ReferencePipeline.java:485)
	at org.junit.vintage.engine.VintageTestEngine.executeAllChildren(VintageTestEngine.java:82)
	at org.junit.vintage.engine.VintageTestEngine.execute(VintageTestEngine.java:73)
	at org.junit.platform.launcher.core.DefaultLauncher.execute(DefaultLauncher.java:248)
	at org.junit.platform.launcher.core.DefaultLauncher.lambda$execute$5(DefaultLauncher.java:211)
	at org.junit.platform.launcher.core.DefaultLauncher.withInterceptedStreams(DefaultLauncher.java:226)
	at org.junit.platform.launcher.core.DefaultLauncher.execute(DefaultLauncher.java:199)
	at org.junit.platform.launcher.core.DefaultLauncher.execute(DefaultLauncher.java:132)
	at org.apache.maven.surefire.junitplatform.JUnitPlatformProvider.invokeAllTests(JUnitPlatformProvider.java:154)
	at org.apache.maven.surefire.junitplatform.JUnitPlatformProvider.invoke(JUnitPlatformProvider.java:123)
	at org.apache.maven.surefire.booter.ForkedBooter.runSuitesInProcess(ForkedBooter.java:377)
	at org.apache.maven.surefire.booter.ForkedBooter.execute(ForkedBooter.java:138)
	at org.apache.maven.surefire.booter.ForkedBooter.run(ForkedBooter.java:465)
	at org.apache.maven.surefire.booter.ForkedBooter.main(ForkedBooter.java:451)
]]></failure>
    <system-err><![CDATA[2024-04-24T05:30:57,985  WARN [main] conf.HiveConf: HiveConf of name hive.llap.io.cache.orc.size does not exist
2024-04-24T05:30:57,985  WARN [main] conf.HiveConf: HiveConf of name hive.stats.key.prefix.reserve.length does not exist
2024-04-24T05:30:57,985  WARN [main] conf.HiveConf: HiveConf of name hive.metastore.client.cache.recordStats does not exist
2024-04-24T05:30:57,985  WARN [main] conf.HiveConf: HiveConf of name hive.metastore.metadb.dir does not exist
2024-04-24T05:30:57,985  WARN [main] conf.HiveConf: HiveConf of name hive.dummyparam.test.server.specific.config.override does not exist
2024-04-24T05:30:57,985  WARN [main] conf.HiveConf: HiveConf of name hive.dummyparam.test.server.specific.config.hivesite does not exist
2024-04-24T05:30:57,985  WARN [main] conf.HiveConf: HiveConf of name hive.llap.io.cache.orc.alloc.min does not exist
2024-04-24T05:30:57,985  WARN [main] conf.HiveConf: HiveConf of name hive.llap.io.cache.orc.alloc.max does not exist
2024-04-24T05:30:57,985  WARN [main] conf.HiveConf: HiveConf of name hive.dummyparam.test.server.specific.config.metastoresite does not exist
2024-04-24T05:30:57,986  WARN [main] conf.HiveConf: HiveConf of name hive.llap.io.cache.orc.arena.size does not exist
2024-04-24T05:30:57,986  WARN [main] conf.HiveConf: HiveConf of name hive.metastore.client.cache.maxSize does not exist
2024-04-24T05:30:57,988  INFO [main] utils.TestTxnDbUtil: Creating transactional tables
Hive Session ID = 861dae66-0e28-4e96-b4b0-4b1adb3f12a1
2024-04-24T05:30:57,990  INFO [main] SessionState: Hive Session ID = 861dae66-0e28-4e96-b4b0-4b1adb3f12a1
ivysettings.xml file not found in HIVE_HOME or HIVE_CONF_DIR,/home/alex/Repositories/hive/conf/ivysettings.xml will be used
2024-04-24T05:30:57,991  INFO [main] DependencyResolver: ivysettings.xml file not found in HIVE_HOME or HIVE_CONF_DIR,/home/alex/Repositories/hive/conf/ivysettings.xml will be used
2024-04-24T05:30:57,997  INFO [main] session.SessionState: Created HDFS directory: /home/alex/Repositories/hive/ql/target/tmp/scratchdir/alex/861dae66-0e28-4e96-b4b0-4b1adb3f12a1
2024-04-24T05:30:57,999  INFO [main] session.SessionState: Created local directory: /home/alex/Repositories/hive/ql/target/tmp/localscratchdir/861dae66-0e28-4e96-b4b0-4b1adb3f12a1
2024-04-24T05:30:58,002  INFO [main] session.SessionState: Created HDFS directory: /home/alex/Repositories/hive/ql/target/tmp/scratchdir/alex/861dae66-0e28-4e96-b4b0-4b1adb3f12a1/_tmp_space.db
2024-04-24T05:30:58,002  INFO [main] sqlstd.SQLStdHiveAccessController: Created SQLStdHiveAccessController for session context : HiveAuthzSessionContext [sessionString=861dae66-0e28-4e96-b4b0-4b1adb3f12a1, clientType=HIVECLI]
2024-04-24T05:30:58,003  INFO [main] ql.TxnCommandsBaseForTests: Running the query: drop table if exists acidTbl
2024-04-24T05:30:58,003  INFO [main] ql.Driver: Compiling command(queryId=alex_20240424053058_38a8dee1-4c63-4b73-90b5-1ab7f38b8702): drop table if exists acidTbl
2024-04-24T05:30:58,012  INFO [main] txn.TxnHandler: Added entries to MIN_HISTORY_LEVEL for current txns: ([1]) with min_open_txn: 1
2024-04-24T05:30:58,012  INFO [main] lockmgr.DbTxnManager: Opened txnid:1
2024-04-24T05:30:58,015  INFO [main] HiveMetaStore.audit: ugi=alex	ip=unknown-ip-addr	cmd=get_table : tbl=hive.default.acidTbl	
2024-04-24T05:30:58,022  INFO [main] ql.Driver: Semantic Analysis Completed (retrial = false)
2024-04-24T05:30:58,022  INFO [main] ql.Driver: Created Hive schema: Schema(fieldSchemas:null, properties:null)
2024-04-24T05:30:58,022  INFO [main] metadata.Hive: Dumping metastore api call timing information for : compilation phase
2024-04-24T05:30:58,022  INFO [main] metadata.Hive: Total time spent in each metastore function (ms): {isCompatibleWith_(Configuration)=0, flushCache_()=0, getValidTxns_(long)=2, commitTxn_(CommitTxnRequest)=11, openTxn_(String, TxnType)=8}
2024-04-24T05:30:58,022  INFO [main] ql.Driver: Completed compiling command(queryId=alex_20240424053058_38a8dee1-4c63-4b73-90b5-1ab7f38b8702); Time taken: 0.019 seconds
2024-04-24T05:30:58,023  INFO [main] lockmgr.DbTxnManager: Setting lock request transaction to txnid:1 for queryId=alex_20240424053058_38a8dee1-4c63-4b73-90b5-1ab7f38b8702
2024-04-24T05:30:58,023  INFO [main] ql.Driver: Operation DROPTABLE obtained 0 locks
2024-04-24T05:30:58,023  INFO [main] ql.Driver: Executing command(queryId=alex_20240424053058_38a8dee1-4c63-4b73-90b5-1ab7f38b8702): drop table if exists acidTbl
2024-04-24T05:30:58,023  INFO [main] ql.Driver: Starting task [Stage-0:DDL] in serial mode
2024-04-24T05:30:58,024  INFO [main] HiveMetaStore.audit: ugi=alex	ip=unknown-ip-addr	cmd=get_table : tbl=hive.default.acidTbl	
2024-04-24T05:30:58,029  INFO [main] metadata.Hive: Dumping metastore api call timing information for : execution phase
2024-04-24T05:30:58,029  INFO [main] metadata.Hive: Total time spent in each metastore function (ms): {isCompatibleWith_(Configuration)=0}
2024-04-24T05:30:58,029  INFO [main] ql.Driver: Completed executing command(queryId=alex_20240424053058_38a8dee1-4c63-4b73-90b5-1ab7f38b8702); Time taken: 0.006 seconds
2024-04-24T05:30:58,030  INFO [main] lockmgr.DbTxnManager: Stopped heartbeat for query: alex_20240424053058_38a8dee1-4c63-4b73-90b5-1ab7f38b8702
2024-04-24T05:30:58,038  INFO [main] txn.TxnHandler: Expected to move at least one record from txn_components to completed_txn_components when committing txn! txnid:1
2024-04-24T05:30:58,046  INFO [main] txn.TxnHandler: Removed transactions: ([1]) from MIN_HISTORY_LEVEL
2024-04-24T05:30:58,046  WARN [main] txn.CompactionTxnHandler: No compaction queue record found for Compaction type transaction commit. txnId:1
2024-04-24T05:30:58,047  INFO [main] ql.TxnCommandsBaseForTests: Running the query: drop table if exists acidTblPart
2024-04-24T05:30:58,047  INFO [main] ql.Driver: Compiling command(queryId=alex_20240424053058_38ca5519-b47d-4ec1-940f-c470dc4bee01): drop table if exists acidTblPart
2024-04-24T05:30:58,050  INFO [main] txn.TxnHandler: Added entries to MIN_HISTORY_LEVEL for current txns: ([2]) with min_open_txn: 1
2024-04-24T05:30:58,050  INFO [main] lockmgr.DbTxnManager: Opened txnid:2
2024-04-24T05:30:58,051  INFO [main] HiveMetaStore.audit: ugi=alex	ip=unknown-ip-addr	cmd=get_table : tbl=hive.default.acidTblPart	
2024-04-24T05:30:58,054  INFO [main] ql.Driver: Semantic Analysis Completed (retrial = false)
2024-04-24T05:30:58,055  INFO [main] ql.Driver: Created Hive schema: Schema(fieldSchemas:null, properties:null)
2024-04-24T05:30:58,055  INFO [main] metadata.Hive: Dumping metastore api call timing information for : compilation phase
2024-04-24T05:30:58,055  INFO [main] metadata.Hive: Total time spent in each metastore function (ms): {isCompatibleWith_(Configuration)=1, getValidTxns_(long)=0, flushCache_()=0, openTxn_(String, TxnType)=2, commitTxn_(CommitTxnRequest)=17}
2024-04-24T05:30:58,055  INFO [main] ql.Driver: Completed compiling command(queryId=alex_20240424053058_38ca5519-b47d-4ec1-940f-c470dc4bee01); Time taken: 0.008 seconds
2024-04-24T05:30:58,056  INFO [main] lockmgr.DbTxnManager: Setting lock request transaction to txnid:2 for queryId=alex_20240424053058_38ca5519-b47d-4ec1-940f-c470dc4bee01
2024-04-24T05:30:58,056  INFO [main] ql.Driver: Operation DROPTABLE obtained 0 locks
2024-04-24T05:30:58,056  INFO [main] ql.Driver: Executing command(queryId=alex_20240424053058_38ca5519-b47d-4ec1-940f-c470dc4bee01): drop table if exists acidTblPart
2024-04-24T05:30:58,056  INFO [main] ql.Driver: Starting task [Stage-0:DDL] in serial mode
2024-04-24T05:30:58,057  INFO [main] HiveMetaStore.audit: ugi=alex	ip=unknown-ip-addr	cmd=get_table : tbl=hive.default.acidTblPart	
2024-04-24T05:30:58,063  INFO [main] metadata.Hive: Dumping metastore api call timing information for : execution phase
2024-04-24T05:30:58,063  INFO [main] metadata.Hive: Total time spent in each metastore function (ms): {isCompatibleWith_(Configuration)=0}
2024-04-24T05:30:58,063  INFO [main] ql.Driver: Completed executing command(queryId=alex_20240424053058_38ca5519-b47d-4ec1-940f-c470dc4bee01); Time taken: 0.007 seconds
2024-04-24T05:30:58,063  INFO [main] lockmgr.DbTxnManager: Stopped heartbeat for query: alex_20240424053058_38ca5519-b47d-4ec1-940f-c470dc4bee01
2024-04-24T05:30:58,071  INFO [main] txn.TxnHandler: Expected to move at least one record from txn_components to completed_txn_components when committing txn! txnid:2
2024-04-24T05:30:58,081  INFO [main] txn.TxnHandler: Removed transactions: ([2]) from MIN_HISTORY_LEVEL
2024-04-24T05:30:58,081  WARN [main] txn.CompactionTxnHandler: No compaction queue record found for Compaction type transaction commit. txnId:2
2024-04-24T05:30:58,083  INFO [main] ql.TxnCommandsBaseForTests: Running the query: drop table if exists acidTbl2
2024-04-24T05:30:58,083  INFO [main] ql.Driver: Compiling command(queryId=alex_20240424053058_3166daa9-5daf-465a-984d-4b7d29923a23): drop table if exists acidTbl2
2024-04-24T05:30:58,087  INFO [main] txn.TxnHandler: Added entries to MIN_HISTORY_LEVEL for current txns: ([3]) with min_open_txn: 1
2024-04-24T05:30:58,088  INFO [main] lockmgr.DbTxnManager: Opened txnid:3
2024-04-24T05:30:58,089  INFO [main] HiveMetaStore.audit: ugi=alex	ip=unknown-ip-addr	cmd=get_table : tbl=hive.default.acidTbl2	
2024-04-24T05:30:58,093  INFO [main] ql.Driver: Semantic Analysis Completed (retrial = false)
2024-04-24T05:30:58,093  INFO [main] ql.Driver: Created Hive schema: Schema(fieldSchemas:null, properties:null)
2024-04-24T05:30:58,093  INFO [main] metadata.Hive: Dumping metastore api call timing information for : compilation phase
2024-04-24T05:30:58,093  INFO [main] metadata.Hive: Total time spent in each metastore function (ms): {commitTxn_(CommitTxnRequest)=19, openTxn_(String, TxnType)=4, isCompatibleWith_(Configuration)=0, flushCache_()=0, getValidTxns_(long)=1}
2024-04-24T05:30:58,093  INFO [main] ql.Driver: Completed compiling command(queryId=alex_20240424053058_3166daa9-5daf-465a-984d-4b7d29923a23); Time taken: 0.01 seconds
2024-04-24T05:30:58,093  INFO [main] lockmgr.DbTxnManager: Setting lock request transaction to txnid:3 for queryId=alex_20240424053058_3166daa9-5daf-465a-984d-4b7d29923a23
2024-04-24T05:30:58,093  INFO [main] ql.Driver: Operation DROPTABLE obtained 0 locks
2024-04-24T05:30:58,093  INFO [main] ql.Driver: Executing command(queryId=alex_20240424053058_3166daa9-5daf-465a-984d-4b7d29923a23): drop table if exists acidTbl2
2024-04-24T05:30:58,094  INFO [main] ql.Driver: Starting task [Stage-0:DDL] in serial mode
2024-04-24T05:30:58,094  INFO [main] HiveMetaStore.audit: ugi=alex	ip=unknown-ip-addr	cmd=get_table : tbl=hive.default.acidTbl2	
2024-04-24T05:30:58,099  INFO [main] metadata.Hive: Dumping metastore api call timing information for : execution phase
2024-04-24T05:30:58,099  INFO [main] metadata.Hive: Total time spent in each metastore function (ms): {isCompatibleWith_(Configuration)=0}
2024-04-24T05:30:58,100  INFO [main] ql.Driver: Completed executing command(queryId=alex_20240424053058_3166daa9-5daf-465a-984d-4b7d29923a23); Time taken: 0.006 seconds
2024-04-24T05:30:58,100  INFO [main] lockmgr.DbTxnManager: Stopped heartbeat for query: alex_20240424053058_3166daa9-5daf-465a-984d-4b7d29923a23
2024-04-24T05:30:58,106  INFO [main] txn.TxnHandler: Expected to move at least one record from txn_components to completed_txn_components when committing txn! txnid:3
2024-04-24T05:30:58,114  INFO [main] txn.TxnHandler: Removed transactions: ([3]) from MIN_HISTORY_LEVEL
2024-04-24T05:30:58,114  WARN [main] txn.CompactionTxnHandler: No compaction queue record found for Compaction type transaction commit. txnId:3
2024-04-24T05:30:58,115  INFO [main] ql.TxnCommandsBaseForTests: Running the query: drop table if exists nonAcidOrcTbl
2024-04-24T05:30:58,115  INFO [main] ql.Driver: Compiling command(queryId=alex_20240424053058_e3f8dd64-17fd-42be-a010-d93732898aab): drop table if exists nonAcidOrcTbl
2024-04-24T05:30:58,119  INFO [main] txn.TxnHandler: Added entries to MIN_HISTORY_LEVEL for current txns: ([4]) with min_open_txn: 1
2024-04-24T05:30:58,119  INFO [main] lockmgr.DbTxnManager: Opened txnid:4
2024-04-24T05:30:58,120  INFO [main] HiveMetaStore.audit: ugi=alex	ip=unknown-ip-addr	cmd=get_table : tbl=hive.default.nonAcidOrcTbl	
2024-04-24T05:30:58,125  INFO [main] ql.Driver: Semantic Analysis Completed (retrial = false)
2024-04-24T05:30:58,125  INFO [main] ql.Driver: Created Hive schema: Schema(fieldSchemas:null, properties:null)
2024-04-24T05:30:58,125  INFO [main] metadata.Hive: Dumping metastore api call timing information for : compilation phase
2024-04-24T05:30:58,125  INFO [main] metadata.Hive: Total time spent in each metastore function (ms): {openTxn_(String, TxnType)=3, commitTxn_(CommitTxnRequest)=15, flushCache_()=0, isCompatibleWith_(Configuration)=0, getValidTxns_(long)=1}
2024-04-24T05:30:58,125  INFO [main] ql.Driver: Completed compiling command(queryId=alex_20240424053058_e3f8dd64-17fd-42be-a010-d93732898aab); Time taken: 0.01 seconds
2024-04-24T05:30:58,125  INFO [main] lockmgr.DbTxnManager: Setting lock request transaction to txnid:4 for queryId=alex_20240424053058_e3f8dd64-17fd-42be-a010-d93732898aab
2024-04-24T05:30:58,125  INFO [main] ql.Driver: Operation DROPTABLE obtained 0 locks
2024-04-24T05:30:58,126  INFO [main] ql.Driver: Executing command(queryId=alex_20240424053058_e3f8dd64-17fd-42be-a010-d93732898aab): drop table if exists nonAcidOrcTbl
2024-04-24T05:30:58,126  INFO [main] ql.Driver: Starting task [Stage-0:DDL] in serial mode
2024-04-24T05:30:58,126  INFO [main] HiveMetaStore.audit: ugi=alex	ip=unknown-ip-addr	cmd=get_table : tbl=hive.default.nonAcidOrcTbl	
2024-04-24T05:30:58,130  INFO [main] metadata.Hive: Dumping metastore api call timing information for : execution phase
2024-04-24T05:30:58,130  INFO [main] metadata.Hive: Total time spent in each metastore function (ms): {isCompatibleWith_(Configuration)=0}
2024-04-24T05:30:58,130  INFO [main] ql.Driver: Completed executing command(queryId=alex_20240424053058_e3f8dd64-17fd-42be-a010-d93732898aab); Time taken: 0.004 seconds
2024-04-24T05:30:58,130  INFO [main] lockmgr.DbTxnManager: Stopped heartbeat for query: alex_20240424053058_e3f8dd64-17fd-42be-a010-d93732898aab
2024-04-24T05:30:58,136  INFO [main] txn.TxnHandler: Expected to move at least one record from txn_components to completed_txn_components when committing txn! txnid:4
2024-04-24T05:30:58,142  INFO [main] txn.TxnHandler: Removed transactions: ([4]) from MIN_HISTORY_LEVEL
2024-04-24T05:30:58,142  WARN [main] txn.CompactionTxnHandler: No compaction queue record found for Compaction type transaction commit. txnId:4
2024-04-24T05:30:58,142  INFO [main] ql.TxnCommandsBaseForTests: Running the query: drop table if exists nonAcidOrcTbl2
2024-04-24T05:30:58,143  INFO [main] ql.Driver: Compiling command(queryId=alex_20240424053058_8ad9e1f5-4d82-40f8-acb8-13d79270ab31): drop table if exists nonAcidOrcTbl2
2024-04-24T05:30:58,145  INFO [main] txn.TxnHandler: Added entries to MIN_HISTORY_LEVEL for current txns: ([5]) with min_open_txn: 1
2024-04-24T05:30:58,145  INFO [main] lockmgr.DbTxnManager: Opened txnid:5
2024-04-24T05:30:58,146  INFO [main] HiveMetaStore.audit: ugi=alex	ip=unknown-ip-addr	cmd=get_table : tbl=hive.default.nonAcidOrcTbl2	
2024-04-24T05:30:58,149  INFO [main] ql.Driver: Semantic Analysis Completed (retrial = false)
2024-04-24T05:30:58,149  INFO [main] ql.Driver: Created Hive schema: Schema(fieldSchemas:null, properties:null)
2024-04-24T05:30:58,149  INFO [main] metadata.Hive: Dumping metastore api call timing information for : compilation phase
2024-04-24T05:30:58,149  INFO [main] metadata.Hive: Total time spent in each metastore function (ms): {commitTxn_(CommitTxnRequest)=12, isCompatibleWith_(Configuration)=0, openTxn_(String, TxnType)=2, getValidTxns_(long)=0, flushCache_()=0}
2024-04-24T05:30:58,150  INFO [main] ql.Driver: Completed compiling command(queryId=alex_20240424053058_8ad9e1f5-4d82-40f8-acb8-13d79270ab31); Time taken: 0.006 seconds
2024-04-24T05:30:58,150  INFO [main] lockmgr.DbTxnManager: Setting lock request transaction to txnid:5 for queryId=alex_20240424053058_8ad9e1f5-4d82-40f8-acb8-13d79270ab31
2024-04-24T05:30:58,150  INFO [main] ql.Driver: Operation DROPTABLE obtained 0 locks
2024-04-24T05:30:58,150  INFO [main] ql.Driver: Executing command(queryId=alex_20240424053058_8ad9e1f5-4d82-40f8-acb8-13d79270ab31): drop table if exists nonAcidOrcTbl2
2024-04-24T05:30:58,150  INFO [main] ql.Driver: Starting task [Stage-0:DDL] in serial mode
2024-04-24T05:30:58,150  INFO [main] HiveMetaStore.audit: ugi=alex	ip=unknown-ip-addr	cmd=get_table : tbl=hive.default.nonAcidOrcTbl2	
2024-04-24T05:30:58,154  INFO [main] metadata.Hive: Dumping metastore api call timing information for : execution phase
2024-04-24T05:30:58,155  INFO [main] metadata.Hive: Total time spent in each metastore function (ms): {isCompatibleWith_(Configuration)=0}
2024-04-24T05:30:58,155  INFO [main] ql.Driver: Completed executing command(queryId=alex_20240424053058_8ad9e1f5-4d82-40f8-acb8-13d79270ab31); Time taken: 0.004 seconds
2024-04-24T05:30:58,155  INFO [main] lockmgr.DbTxnManager: Stopped heartbeat for query: alex_20240424053058_8ad9e1f5-4d82-40f8-acb8-13d79270ab31
2024-04-24T05:30:58,160  INFO [main] txn.TxnHandler: Expected to move at least one record from txn_components to completed_txn_components when committing txn! txnid:5
2024-04-24T05:30:58,167  INFO [main] txn.TxnHandler: Removed transactions: ([5]) from MIN_HISTORY_LEVEL
2024-04-24T05:30:58,167  WARN [main] txn.CompactionTxnHandler: No compaction queue record found for Compaction type transaction commit. txnId:5
2024-04-24T05:30:58,168  INFO [main] ql.TxnCommandsBaseForTests: Running the query: drop table if exists nonAcidNonBucket
2024-04-24T05:30:58,168  INFO [main] ql.Driver: Compiling command(queryId=alex_20240424053058_6e0dcbee-6e99-427f-825f-c16d85227fd7): drop table if exists nonAcidNonBucket
2024-04-24T05:30:58,171  INFO [main] txn.TxnHandler: Added entries to MIN_HISTORY_LEVEL for current txns: ([6]) with min_open_txn: 1
2024-04-24T05:30:58,171  INFO [main] lockmgr.DbTxnManager: Opened txnid:6
2024-04-24T05:30:58,172  INFO [main] HiveMetaStore.audit: ugi=alex	ip=unknown-ip-addr	cmd=get_table : tbl=hive.default.nonAcidNonBucket	
2024-04-24T05:30:58,175  INFO [main] ql.Driver: Semantic Analysis Completed (retrial = false)
2024-04-24T05:30:58,175  INFO [main] ql.Driver: Created Hive schema: Schema(fieldSchemas:null, properties:null)
2024-04-24T05:30:58,175  INFO [main] metadata.Hive: Dumping metastore api call timing information for : compilation phase
2024-04-24T05:30:58,175  INFO [main] metadata.Hive: Total time spent in each metastore function (ms): {commitTxn_(CommitTxnRequest)=13, openTxn_(String, TxnType)=2, getValidTxns_(long)=1, flushCache_()=0, isCompatibleWith_(Configuration)=0}
2024-04-24T05:30:58,176  INFO [main] ql.Driver: Completed compiling command(queryId=alex_20240424053058_6e0dcbee-6e99-427f-825f-c16d85227fd7); Time taken: 0.007 seconds
2024-04-24T05:30:58,176  INFO [main] lockmgr.DbTxnManager: Setting lock request transaction to txnid:6 for queryId=alex_20240424053058_6e0dcbee-6e99-427f-825f-c16d85227fd7
2024-04-24T05:30:58,176  INFO [main] ql.Driver: Operation DROPTABLE obtained 0 locks
2024-04-24T05:30:58,176  INFO [main] ql.Driver: Executing command(queryId=alex_20240424053058_6e0dcbee-6e99-427f-825f-c16d85227fd7): drop table if exists nonAcidNonBucket
2024-04-24T05:30:58,176  INFO [main] ql.Driver: Starting task [Stage-0:DDL] in serial mode
2024-04-24T05:30:58,176  INFO [main] HiveMetaStore.audit: ugi=alex	ip=unknown-ip-addr	cmd=get_table : tbl=hive.default.nonAcidNonBucket	
2024-04-24T05:30:58,180  INFO [main] metadata.Hive: Dumping metastore api call timing information for : execution phase
2024-04-24T05:30:58,180  INFO [main] metadata.Hive: Total time spent in each metastore function (ms): {isCompatibleWith_(Configuration)=0}
2024-04-24T05:30:58,180  INFO [main] ql.Driver: Completed executing command(queryId=alex_20240424053058_6e0dcbee-6e99-427f-825f-c16d85227fd7); Time taken: 0.004 seconds
2024-04-24T05:30:58,180  INFO [main] lockmgr.DbTxnManager: Stopped heartbeat for query: alex_20240424053058_6e0dcbee-6e99-427f-825f-c16d85227fd7
2024-04-24T05:30:58,186  INFO [main] txn.TxnHandler: Expected to move at least one record from txn_components to completed_txn_components when committing txn! txnid:6
2024-04-24T05:30:58,193  INFO [main] txn.TxnHandler: Removed transactions: ([6]) from MIN_HISTORY_LEVEL
2024-04-24T05:30:58,193  WARN [main] txn.CompactionTxnHandler: No compaction queue record found for Compaction type transaction commit. txnId:6
2024-04-24T05:30:58,194  INFO [main] ql.TxnCommandsBaseForTests: Running the query: create table acidTbl(a int, b int) clustered by (a) into 2 buckets stored as orc TBLPROPERTIES ('transactional'='true')
2024-04-24T05:30:58,194  INFO [main] ql.Driver: Compiling command(queryId=alex_20240424053058_634c8a94-67f7-4cc3-b992-b061929a92bd): create table acidTbl(a int, b int) clustered by (a) into 2 buckets stored as orc TBLPROPERTIES ('transactional'='true')
2024-04-24T05:30:58,198  INFO [main] txn.TxnHandler: Added entries to MIN_HISTORY_LEVEL for current txns: ([7]) with min_open_txn: 1
2024-04-24T05:30:58,198  INFO [main] lockmgr.DbTxnManager: Opened txnid:7
2024-04-24T05:30:58,209  INFO [main] HiveMetaStore.audit: ugi=alex	ip=unknown-ip-addr	cmd=get_database: default	
2024-04-24T05:30:58,211  INFO [main] ql.Driver: Semantic Analysis Completed (retrial = false)
2024-04-24T05:30:58,211  INFO [main] ql.Driver: Created Hive schema: Schema(fieldSchemas:null, properties:null)
2024-04-24T05:30:58,212  INFO [main] metadata.Hive: Dumping metastore api call timing information for : compilation phase
2024-04-24T05:30:58,212  INFO [main] metadata.Hive: Total time spent in each metastore function (ms): {getValidTxns_(long)=0, flushCache_()=0, getDatabase_(String)=2, getValidWriteIds_(List, String)=7, openTxn_(String, TxnType)=2, commitTxn_(CommitTxnRequest)=14, isCompatibleWith_(Configuration)=0}
2024-04-24T05:30:58,212  INFO [main] ql.Driver: Completed compiling command(queryId=alex_20240424053058_634c8a94-67f7-4cc3-b992-b061929a92bd); Time taken: 0.017 seconds
2024-04-24T05:30:58,212  INFO [main] lockmgr.DbTxnManager: Setting lock request transaction to txnid:7 for queryId=alex_20240424053058_634c8a94-67f7-4cc3-b992-b061929a92bd
2024-04-24T05:30:58,213  INFO [main] lockmgr.DbLockManager: Requesting lock for queryId=alex_20240424053058_634c8a94-67f7-4cc3-b992-b061929a92bd
2024-04-24T05:30:58,236  INFO [main] lockmgr.DbLockManager: Response to queryId=alex_20240424053058_634c8a94-67f7-4cc3-b992-b061929a92bd LockResponse(lockid:1, state:ACQUIRED)
2024-04-24T05:30:58,236  INFO [main] ql.Driver: Operation CREATETABLE obtained 1 locks
2024-04-24T05:30:58,237  INFO [main] ql.Driver: Executing command(queryId=alex_20240424053058_634c8a94-67f7-4cc3-b992-b061929a92bd): create table acidTbl(a int, b int) clustered by (a) into 2 buckets stored as orc TBLPROPERTIES ('transactional'='true')
2024-04-24T05:30:58,237  INFO [main] ql.Driver: Starting task [Stage-0:DDL] in serial mode
2024-04-24T05:30:58,239  INFO [main] HiveMetaStore.audit: ugi=alex	ip=unknown-ip-addr	cmd=create_table_req: Table(tableName:acidTbl, dbName:default, owner:alex, createTime:1713961858, lastAccessTime:0, retention:0, sd:StorageDescriptor(cols:[FieldSchema(name:a, type:int, comment:null), FieldSchema(name:b, type:int, comment:null)], location:null, inputFormat:org.apache.hadoop.hive.ql.io.orc.OrcInputFormat, outputFormat:org.apache.hadoop.hive.ql.io.orc.OrcOutputFormat, compressed:false, numBuckets:2, serdeInfo:SerDeInfo(name:null, serializationLib:org.apache.hadoop.hive.ql.io.orc.OrcSerde, parameters:{serialization.format=1}), bucketCols:[a], sortCols:[], parameters:{}, skewedInfo:SkewedInfo(skewedColNames:[], skewedColValues:[], skewedColValueLocationMaps:{}), storedAsSubDirectories:false), partitionKeys:[], parameters:{bucketing_version=2, numFilesErasureCoded=0, COLUMN_STATS_ACCURATE={"BASIC_STATS":"true","COLUMN_STATS":{"a":"true","b":"true"}}, rawDataSize=0, totalSize=0, numRows=0, numFiles=0, transactional=true}, viewOriginalText:null, viewExpandedText:null, tableType:MANAGED_TABLE, privileges:PrincipalPrivilegeSet(userPrivileges:{alex=[PrivilegeGrantInfo(privilege:INSERT, createTime:-1, grantor:alex, grantorType:USER, grantOption:true), PrivilegeGrantInfo(privilege:SELECT, createTime:-1, grantor:alex, grantorType:USER, grantOption:true), PrivilegeGrantInfo(privilege:UPDATE, createTime:-1, grantor:alex, grantorType:USER, grantOption:true), PrivilegeGrantInfo(privilege:DELETE, createTime:-1, grantor:alex, grantorType:USER, grantOption:true)]}, groupPrivileges:null, rolePrivileges:null), temporary:false, catName:hive, ownerType:USER, writeId:0)	
2024-04-24T05:30:58,245  INFO [main] utils.FileUtils: Creating directory if it doesn't exist: file:/home/alex/Repositories/hive/ql/target/tmp/org.apache.hadoop.hive.ql.util.TestHiveStrictManagedMigration-1713961843282/warehouse/acidtbl
2024-04-24T05:30:58,288  INFO [main] metadata.Hive: Dumping metastore api call timing information for : execution phase
2024-04-24T05:30:58,288  INFO [main] metadata.Hive: Total time spent in each metastore function (ms): {createTable_(Table)=49, isCompatibleWith_(Configuration)=1}
2024-04-24T05:30:58,288  INFO [main] ql.Driver: Completed executing command(queryId=alex_20240424053058_634c8a94-67f7-4cc3-b992-b061929a92bd); Time taken: 0.051 seconds
2024-04-24T05:30:58,288  INFO [main] lockmgr.DbTxnManager: Stopped heartbeat for query: alex_20240424053058_634c8a94-67f7-4cc3-b992-b061929a92bd
2024-04-24T05:30:58,293  INFO [main] txn.TxnHandler: Expected to move at least one record from txn_components to completed_txn_components when committing txn! txnid:7
2024-04-24T05:30:58,301  INFO [main] txn.TxnHandler: Removed transactions: ([7]) from MIN_HISTORY_LEVEL
2024-04-24T05:30:58,301  WARN [main] txn.CompactionTxnHandler: No compaction queue record found for Compaction type transaction commit. txnId:7
2024-04-24T05:30:58,302  INFO [main] ql.TxnCommandsBaseForTests: Running the query: create table acidTblPart(a int, b int) partitioned by (p string) clustered by (a) into 2 buckets stored as orc TBLPROPERTIES ('transactional'='true')
2024-04-24T05:30:58,303  INFO [main] ql.Driver: Compiling command(queryId=alex_20240424053058_7f19a3a0-2fe4-46fd-8005-1d7465f847e8): create table acidTblPart(a int, b int) partitioned by (p string) clustered by (a) into 2 buckets stored as orc TBLPROPERTIES ('transactional'='true')
2024-04-24T05:30:58,306  INFO [main] txn.TxnHandler: Added entries to MIN_HISTORY_LEVEL for current txns: ([8]) with min_open_txn: 1
2024-04-24T05:30:58,307  INFO [main] lockmgr.DbTxnManager: Opened txnid:8
2024-04-24T05:30:58,311  INFO [main] HiveMetaStore.audit: ugi=alex	ip=unknown-ip-addr	cmd=get_database: default	
2024-04-24T05:30:58,313  INFO [main] ql.Driver: Semantic Analysis Completed (retrial = false)
2024-04-24T05:30:58,313  INFO [main] ql.Driver: Created Hive schema: Schema(fieldSchemas:null, properties:null)
2024-04-24T05:30:58,313  INFO [main] metadata.Hive: Dumping metastore api call timing information for : compilation phase
2024-04-24T05:30:58,313  INFO [main] metadata.Hive: Total time spent in each metastore function (ms): {openTxn_(String, TxnType)=3, flushCache_()=0, getDatabase_(String)=2, getValidTxns_(long)=0, getValidWriteIds_(List, String)=2, commitTxn_(CommitTxnRequest)=14, isCompatibleWith_(Configuration)=1}
2024-04-24T05:30:58,314  INFO [main] ql.Driver: Completed compiling command(queryId=alex_20240424053058_7f19a3a0-2fe4-46fd-8005-1d7465f847e8); Time taken: 0.01 seconds
2024-04-24T05:30:58,314  INFO [main] lockmgr.DbTxnManager: Setting lock request transaction to txnid:8 for queryId=alex_20240424053058_7f19a3a0-2fe4-46fd-8005-1d7465f847e8
2024-04-24T05:30:58,314  INFO [main] lockmgr.DbLockManager: Requesting lock for queryId=alex_20240424053058_7f19a3a0-2fe4-46fd-8005-1d7465f847e8
2024-04-24T05:30:58,333  INFO [main] lockmgr.DbLockManager: Response to queryId=alex_20240424053058_7f19a3a0-2fe4-46fd-8005-1d7465f847e8 LockResponse(lockid:2, state:ACQUIRED)
2024-04-24T05:30:58,333  INFO [main] ql.Driver: Operation CREATETABLE obtained 1 locks
2024-04-24T05:30:58,334  INFO [main] ql.Driver: Executing command(queryId=alex_20240424053058_7f19a3a0-2fe4-46fd-8005-1d7465f847e8): create table acidTblPart(a int, b int) partitioned by (p string) clustered by (a) into 2 buckets stored as orc TBLPROPERTIES ('transactional'='true')
2024-04-24T05:30:58,334  INFO [main] ql.Driver: Starting task [Stage-0:DDL] in serial mode
2024-04-24T05:30:58,335  INFO [main] HiveMetaStore.audit: ugi=alex	ip=unknown-ip-addr	cmd=create_table_req: Table(tableName:acidTblPart, dbName:default, owner:alex, createTime:1713961858, lastAccessTime:0, retention:0, sd:StorageDescriptor(cols:[FieldSchema(name:a, type:int, comment:null), FieldSchema(name:b, type:int, comment:null)], location:null, inputFormat:org.apache.hadoop.hive.ql.io.orc.OrcInputFormat, outputFormat:org.apache.hadoop.hive.ql.io.orc.OrcOutputFormat, compressed:false, numBuckets:2, serdeInfo:SerDeInfo(name:null, serializationLib:org.apache.hadoop.hive.ql.io.orc.OrcSerde, parameters:{serialization.format=1}), bucketCols:[a], sortCols:[], parameters:{}, skewedInfo:SkewedInfo(skewedColNames:[], skewedColValues:[], skewedColValueLocationMaps:{}), storedAsSubDirectories:false), partitionKeys:[FieldSchema(name:p, type:string, comment:null)], parameters:{bucketing_version=2, transactional=true}, viewOriginalText:null, viewExpandedText:null, tableType:MANAGED_TABLE, privileges:PrincipalPrivilegeSet(userPrivileges:{alex=[PrivilegeGrantInfo(privilege:INSERT, createTime:-1, grantor:alex, grantorType:USER, grantOption:true), PrivilegeGrantInfo(privilege:SELECT, createTime:-1, grantor:alex, grantorType:USER, grantOption:true), PrivilegeGrantInfo(privilege:UPDATE, createTime:-1, grantor:alex, grantorType:USER, grantOption:true), PrivilegeGrantInfo(privilege:DELETE, createTime:-1, grantor:alex, grantorType:USER, grantOption:true)]}, groupPrivileges:null, rolePrivileges:null), temporary:false, catName:hive, ownerType:USER, writeId:0)	
2024-04-24T05:30:58,341  INFO [main] utils.FileUtils: Creating directory if it doesn't exist: file:/home/alex/Repositories/hive/ql/target/tmp/org.apache.hadoop.hive.ql.util.TestHiveStrictManagedMigration-1713961843282/warehouse/acidtblpart
2024-04-24T05:30:58,365  INFO [main] metadata.Hive: Dumping metastore api call timing information for : execution phase
2024-04-24T05:30:58,365  INFO [main] metadata.Hive: Total time spent in each metastore function (ms): {createTable_(Table)=30, isCompatibleWith_(Configuration)=0}
2024-04-24T05:30:58,365  INFO [main] ql.Driver: Completed executing command(queryId=alex_20240424053058_7f19a3a0-2fe4-46fd-8005-1d7465f847e8); Time taken: 0.031 seconds
2024-04-24T05:30:58,365  INFO [main] lockmgr.DbTxnManager: Stopped heartbeat for query: alex_20240424053058_7f19a3a0-2fe4-46fd-8005-1d7465f847e8
2024-04-24T05:30:58,369  INFO [main] txn.TxnHandler: Expected to move at least one record from txn_components to completed_txn_components when committing txn! txnid:8
2024-04-24T05:30:58,377  INFO [main] txn.TxnHandler: Removed transactions: ([8]) from MIN_HISTORY_LEVEL
2024-04-24T05:30:58,377  WARN [main] txn.CompactionTxnHandler: No compaction queue record found for Compaction type transaction commit. txnId:8
2024-04-24T05:30:58,378  INFO [main] ql.TxnCommandsBaseForTests: Running the query: create table nonAcidOrcTbl(a int, b int) clustered by (a) into 2 buckets stored as orc TBLPROPERTIES ('transactional'='false')
2024-04-24T05:30:58,378  INFO [main] ql.Driver: Compiling command(queryId=alex_20240424053058_c17c30df-c3e6-4010-880b-211f7938d21a): create table nonAcidOrcTbl(a int, b int) clustered by (a) into 2 buckets stored as orc TBLPROPERTIES ('transactional'='false')
2024-04-24T05:30:58,381  INFO [main] txn.TxnHandler: Added entries to MIN_HISTORY_LEVEL for current txns: ([9]) with min_open_txn: 1
2024-04-24T05:30:58,382  INFO [main] lockmgr.DbTxnManager: Opened txnid:9
2024-04-24T05:30:58,386  INFO [main] HiveMetaStore.audit: ugi=alex	ip=unknown-ip-addr	cmd=get_database: default	
2024-04-24T05:30:58,388  INFO [main] ql.Driver: Semantic Analysis Completed (retrial = false)
2024-04-24T05:30:58,388  INFO [main] ql.Driver: Created Hive schema: Schema(fieldSchemas:null, properties:null)
2024-04-24T05:30:58,388  INFO [main] metadata.Hive: Dumping metastore api call timing information for : compilation phase
2024-04-24T05:30:58,388  INFO [main] metadata.Hive: Total time spent in each metastore function (ms): {isCompatibleWith_(Configuration)=0, getDatabase_(String)=2, getValidWriteIds_(List, String)=3, openTxn_(String, TxnType)=3, getValidTxns_(long)=1, flushCache_()=0, commitTxn_(CommitTxnRequest)=13}
2024-04-24T05:30:58,389  INFO [main] ql.Driver: Completed compiling command(queryId=alex_20240424053058_c17c30df-c3e6-4010-880b-211f7938d21a); Time taken: 0.01 seconds
2024-04-24T05:30:58,389  INFO [main] lockmgr.DbTxnManager: Setting lock request transaction to txnid:9 for queryId=alex_20240424053058_c17c30df-c3e6-4010-880b-211f7938d21a
2024-04-24T05:30:58,389  INFO [main] lockmgr.DbLockManager: Requesting lock for queryId=alex_20240424053058_c17c30df-c3e6-4010-880b-211f7938d21a
2024-04-24T05:30:58,408  INFO [main] lockmgr.DbLockManager: Response to queryId=alex_20240424053058_c17c30df-c3e6-4010-880b-211f7938d21a LockResponse(lockid:3, state:ACQUIRED)
2024-04-24T05:30:58,408  INFO [main] ql.Driver: Operation CREATETABLE obtained 1 locks
2024-04-24T05:30:58,408  INFO [main] ql.Driver: Executing command(queryId=alex_20240424053058_c17c30df-c3e6-4010-880b-211f7938d21a): create table nonAcidOrcTbl(a int, b int) clustered by (a) into 2 buckets stored as orc TBLPROPERTIES ('transactional'='false')
2024-04-24T05:30:58,408  INFO [main] ql.Driver: Starting task [Stage-0:DDL] in serial mode
2024-04-24T05:30:58,409  INFO [main] HiveMetaStore.audit: ugi=alex	ip=unknown-ip-addr	cmd=create_table_req: Table(tableName:nonAcidOrcTbl, dbName:default, owner:alex, createTime:1713961858, lastAccessTime:0, retention:0, sd:StorageDescriptor(cols:[FieldSchema(name:a, type:int, comment:null), FieldSchema(name:b, type:int, comment:null)], location:null, inputFormat:org.apache.hadoop.hive.ql.io.orc.OrcInputFormat, outputFormat:org.apache.hadoop.hive.ql.io.orc.OrcOutputFormat, compressed:false, numBuckets:2, serdeInfo:SerDeInfo(name:null, serializationLib:org.apache.hadoop.hive.ql.io.orc.OrcSerde, parameters:{serialization.format=1}), bucketCols:[a], sortCols:[], parameters:{}, skewedInfo:SkewedInfo(skewedColNames:[], skewedColValues:[], skewedColValueLocationMaps:{}), storedAsSubDirectories:false), partitionKeys:[], parameters:{COLUMN_STATS_ACCURATE={"BASIC_STATS":"true","COLUMN_STATS":{"a":"true","b":"true"}}, totalSize=0, transactional=false, numFilesErasureCoded=0, numFiles=0, numRows=0, rawDataSize=0, bucketing_version=2}, viewOriginalText:null, viewExpandedText:null, tableType:MANAGED_TABLE, privileges:PrincipalPrivilegeSet(userPrivileges:{alex=[PrivilegeGrantInfo(privilege:INSERT, createTime:-1, grantor:alex, grantorType:USER, grantOption:true), PrivilegeGrantInfo(privilege:SELECT, createTime:-1, grantor:alex, grantorType:USER, grantOption:true), PrivilegeGrantInfo(privilege:UPDATE, createTime:-1, grantor:alex, grantorType:USER, grantOption:true), PrivilegeGrantInfo(privilege:DELETE, createTime:-1, grantor:alex, grantorType:USER, grantOption:true)]}, groupPrivileges:null, rolePrivileges:null), temporary:false, catName:hive, ownerType:USER)	
2024-04-24T05:30:58,416  INFO [main] utils.FileUtils: Creating directory if it doesn't exist: file:/home/alex/Repositories/hive/ql/target/tmp/org.apache.hadoop.hive.ql.util.TestHiveStrictManagedMigration-1713961843282/warehouse/nonacidorctbl
2024-04-24T05:30:58,450  INFO [main] metadata.Hive: Dumping metastore api call timing information for : execution phase
2024-04-24T05:30:58,451  INFO [main] metadata.Hive: Total time spent in each metastore function (ms): {isCompatibleWith_(Configuration)=0, createTable_(Table)=41}
2024-04-24T05:30:58,451  INFO [main] ql.Driver: Completed executing command(queryId=alex_20240424053058_c17c30df-c3e6-4010-880b-211f7938d21a); Time taken: 0.042 seconds
2024-04-24T05:30:58,451  INFO [main] lockmgr.DbTxnManager: Stopped heartbeat for query: alex_20240424053058_c17c30df-c3e6-4010-880b-211f7938d21a
2024-04-24T05:30:58,457  INFO [main] txn.TxnHandler: Expected to move at least one record from txn_components to completed_txn_components when committing txn! txnid:9
2024-04-24T05:30:58,467  INFO [main] txn.TxnHandler: Removed transactions: ([9]) from MIN_HISTORY_LEVEL
2024-04-24T05:30:58,467  WARN [main] txn.CompactionTxnHandler: No compaction queue record found for Compaction type transaction commit. txnId:9
2024-04-24T05:30:58,468  INFO [main] ql.TxnCommandsBaseForTests: Running the query: create table nonAcidOrcTbl2(a int, b int) clustered by (a) into 2 buckets stored as orc TBLPROPERTIES ('transactional'='false')
2024-04-24T05:30:58,469  INFO [main] ql.Driver: Compiling command(queryId=alex_20240424053058_d8de0508-f74a-400b-87b5-c29ca6ed2105): create table nonAcidOrcTbl2(a int, b int) clustered by (a) into 2 buckets stored as orc TBLPROPERTIES ('transactional'='false')
2024-04-24T05:30:58,472  INFO [main] txn.TxnHandler: Added entries to MIN_HISTORY_LEVEL for current txns: ([10]) with min_open_txn: 1
2024-04-24T05:30:58,472  INFO [main] lockmgr.DbTxnManager: Opened txnid:10
2024-04-24T05:30:58,476  INFO [main] HiveMetaStore.audit: ugi=alex	ip=unknown-ip-addr	cmd=get_database: default	
2024-04-24T05:30:58,478  INFO [main] ql.Driver: Semantic Analysis Completed (retrial = false)
2024-04-24T05:30:58,478  INFO [main] ql.Driver: Created Hive schema: Schema(fieldSchemas:null, properties:null)
2024-04-24T05:30:58,478  INFO [main] metadata.Hive: Dumping metastore api call timing information for : compilation phase
2024-04-24T05:30:58,478  INFO [main] metadata.Hive: Total time spent in each metastore function (ms): {openTxn_(String, TxnType)=3, getValidWriteIds_(List, String)=3, getDatabase_(String)=2, flushCache_()=0, getValidTxns_(long)=1, commitTxn_(CommitTxnRequest)=17, isCompatibleWith_(Configuration)=0}
2024-04-24T05:30:58,479  INFO [main] ql.Driver: Completed compiling command(queryId=alex_20240424053058_d8de0508-f74a-400b-87b5-c29ca6ed2105); Time taken: 0.01 seconds
2024-04-24T05:30:58,479  INFO [main] lockmgr.DbTxnManager: Setting lock request transaction to txnid:10 for queryId=alex_20240424053058_d8de0508-f74a-400b-87b5-c29ca6ed2105
2024-04-24T05:30:58,479  INFO [main] lockmgr.DbLockManager: Requesting lock for queryId=alex_20240424053058_d8de0508-f74a-400b-87b5-c29ca6ed2105
2024-04-24T05:30:58,497  INFO [main] lockmgr.DbLockManager: Response to queryId=alex_20240424053058_d8de0508-f74a-400b-87b5-c29ca6ed2105 LockResponse(lockid:4, state:ACQUIRED)
2024-04-24T05:30:58,497  INFO [main] ql.Driver: Operation CREATETABLE obtained 1 locks
2024-04-24T05:30:58,497  INFO [main] ql.Driver: Executing command(queryId=alex_20240424053058_d8de0508-f74a-400b-87b5-c29ca6ed2105): create table nonAcidOrcTbl2(a int, b int) clustered by (a) into 2 buckets stored as orc TBLPROPERTIES ('transactional'='false')
2024-04-24T05:30:58,497  INFO [main] ql.Driver: Starting task [Stage-0:DDL] in serial mode
2024-04-24T05:30:58,498  INFO [main] HiveMetaStore.audit: ugi=alex	ip=unknown-ip-addr	cmd=create_table_req: Table(tableName:nonAcidOrcTbl2, dbName:default, owner:alex, createTime:1713961858, lastAccessTime:0, retention:0, sd:StorageDescriptor(cols:[FieldSchema(name:a, type:int, comment:null), FieldSchema(name:b, type:int, comment:null)], location:null, inputFormat:org.apache.hadoop.hive.ql.io.orc.OrcInputFormat, outputFormat:org.apache.hadoop.hive.ql.io.orc.OrcOutputFormat, compressed:false, numBuckets:2, serdeInfo:SerDeInfo(name:null, serializationLib:org.apache.hadoop.hive.ql.io.orc.OrcSerde, parameters:{serialization.format=1}), bucketCols:[a], sortCols:[], parameters:{}, skewedInfo:SkewedInfo(skewedColNames:[], skewedColValues:[], skewedColValueLocationMaps:{}), storedAsSubDirectories:false), partitionKeys:[], parameters:{COLUMN_STATS_ACCURATE={"BASIC_STATS":"true","COLUMN_STATS":{"a":"true","b":"true"}}, rawDataSize=0, numFilesErasureCoded=0, numFiles=0, transactional=false, bucketing_version=2, totalSize=0, numRows=0}, viewOriginalText:null, viewExpandedText:null, tableType:MANAGED_TABLE, privileges:PrincipalPrivilegeSet(userPrivileges:{alex=[PrivilegeGrantInfo(privilege:INSERT, createTime:-1, grantor:alex, grantorType:USER, grantOption:true), PrivilegeGrantInfo(privilege:SELECT, createTime:-1, grantor:alex, grantorType:USER, grantOption:true), PrivilegeGrantInfo(privilege:UPDATE, createTime:-1, grantor:alex, grantorType:USER, grantOption:true), PrivilegeGrantInfo(privilege:DELETE, createTime:-1, grantor:alex, grantorType:USER, grantOption:true)]}, groupPrivileges:null, rolePrivileges:null), temporary:false, catName:hive, ownerType:USER)	
2024-04-24T05:30:58,505  INFO [main] utils.FileUtils: Creating directory if it doesn't exist: file:/home/alex/Repositories/hive/ql/target/tmp/org.apache.hadoop.hive.ql.util.TestHiveStrictManagedMigration-1713961843282/warehouse/nonacidorctbl2
2024-04-24T05:30:58,525  INFO [main] metadata.Hive: Dumping metastore api call timing information for : execution phase
2024-04-24T05:30:58,526  INFO [main] metadata.Hive: Total time spent in each metastore function (ms): {createTable_(Table)=27, isCompatibleWith_(Configuration)=0}
2024-04-24T05:30:58,526  INFO [main] ql.Driver: Completed executing command(queryId=alex_20240424053058_d8de0508-f74a-400b-87b5-c29ca6ed2105); Time taken: 0.028 seconds
2024-04-24T05:30:58,526  INFO [main] lockmgr.DbTxnManager: Stopped heartbeat for query: alex_20240424053058_d8de0508-f74a-400b-87b5-c29ca6ed2105
2024-04-24T05:30:58,530  INFO [main] txn.TxnHandler: Expected to move at least one record from txn_components to completed_txn_components when committing txn! txnid:10
2024-04-24T05:30:58,538  INFO [main] txn.TxnHandler: Removed transactions: ([10]) from MIN_HISTORY_LEVEL
2024-04-24T05:30:58,538  WARN [main] txn.CompactionTxnHandler: No compaction queue record found for Compaction type transaction commit. txnId:10
2024-04-24T05:30:58,539  INFO [main] ql.TxnCommandsBaseForTests: Running the query: create temporary  table acidTbl2(a int, b int, c int) clustered by (c) into 2 buckets stored as orc TBLPROPERTIES ('transactional'='true')
2024-04-24T05:30:58,539  INFO [main] ql.Driver: Compiling command(queryId=alex_20240424053058_35c11cf1-aca4-40af-a247-43f48e9748d5): create temporary  table acidTbl2(a int, b int, c int) clustered by (c) into 2 buckets stored as orc TBLPROPERTIES ('transactional'='true')
2024-04-24T05:30:58,543  INFO [main] txn.TxnHandler: Added entries to MIN_HISTORY_LEVEL for current txns: ([11]) with min_open_txn: 1
2024-04-24T05:30:58,543  INFO [main] lockmgr.DbTxnManager: Opened txnid:11
2024-04-24T05:30:58,547  INFO [main] HiveMetaStore.audit: ugi=alex	ip=unknown-ip-addr	cmd=get_database: default	
2024-04-24T05:30:58,550  INFO [main] ql.Driver: Semantic Analysis Completed (retrial = false)
2024-04-24T05:30:58,550  INFO [main] ql.Driver: Created Hive schema: Schema(fieldSchemas:null, properties:null)
2024-04-24T05:30:58,550  INFO [main] metadata.Hive: Dumping metastore api call timing information for : compilation phase
2024-04-24T05:30:58,550  INFO [main] metadata.Hive: Total time spent in each metastore function (ms): {commitTxn_(CommitTxnRequest)=13, isCompatibleWith_(Configuration)=0, getValidWriteIds_(List, String)=3, getDatabase_(String)=3, flushCache_()=0, getValidTxns_(long)=1, openTxn_(String, TxnType)=3}
2024-04-24T05:30:58,550  INFO [main] ql.Driver: Completed compiling command(queryId=alex_20240424053058_35c11cf1-aca4-40af-a247-43f48e9748d5); Time taken: 0.011 seconds
2024-04-24T05:30:58,551  INFO [main] lockmgr.DbTxnManager: Setting lock request transaction to txnid:11 for queryId=alex_20240424053058_35c11cf1-aca4-40af-a247-43f48e9748d5
2024-04-24T05:30:58,551  INFO [main] lockmgr.DbLockManager: Requesting lock for queryId=alex_20240424053058_35c11cf1-aca4-40af-a247-43f48e9748d5
2024-04-24T05:30:58,569  INFO [main] lockmgr.DbLockManager: Response to queryId=alex_20240424053058_35c11cf1-aca4-40af-a247-43f48e9748d5 LockResponse(lockid:5, state:ACQUIRED)
2024-04-24T05:30:58,569  INFO [main] ql.Driver: Operation CREATETABLE obtained 1 locks
2024-04-24T05:30:58,570  INFO [main] ql.Driver: Executing command(queryId=alex_20240424053058_35c11cf1-aca4-40af-a247-43f48e9748d5): create temporary  table acidTbl2(a int, b int, c int) clustered by (c) into 2 buckets stored as orc TBLPROPERTIES ('transactional'='true')
2024-04-24T05:30:58,570  INFO [main] ql.Driver: Starting task [Stage-0:DDL] in serial mode
2024-04-24T05:30:58,572  INFO [main] utils.FileUtils: Creating directory if it doesn't exist: file:/home/alex/Repositories/hive/ql/target/tmp/scratchdir/alex/861dae66-0e28-4e96-b4b0-4b1adb3f12a1/_tmp_space.db/365edf21-f620-40f4-a6e5-f32e05d61a26
2024-04-24T05:30:58,575  INFO [main] metadata.Hive: Dumping metastore api call timing information for : execution phase
2024-04-24T05:30:58,575  INFO [main] metadata.Hive: Total time spent in each metastore function (ms): {createTable_(Table)=3, isCompatibleWith_(Configuration)=0}
2024-04-24T05:30:58,576  INFO [main] ql.Driver: Completed executing command(queryId=alex_20240424053058_35c11cf1-aca4-40af-a247-43f48e9748d5); Time taken: 0.005 seconds
2024-04-24T05:30:58,576  INFO [main] lockmgr.DbTxnManager: Stopped heartbeat for query: alex_20240424053058_35c11cf1-aca4-40af-a247-43f48e9748d5
2024-04-24T05:30:58,581  INFO [main] txn.TxnHandler: Expected to move at least one record from txn_components to completed_txn_components when committing txn! txnid:11
2024-04-24T05:30:58,589  INFO [main] txn.TxnHandler: Removed transactions: ([11]) from MIN_HISTORY_LEVEL
2024-04-24T05:30:58,589  WARN [main] txn.CompactionTxnHandler: No compaction queue record found for Compaction type transaction commit. txnId:11
2024-04-24T05:30:58,589  INFO [main] ql.TxnCommandsBaseForTests: Running the query: create table nonAcidNonBucket(a int, b int) stored as orc TBLPROPERTIES ('transactional'='false')
2024-04-24T05:30:58,590  INFO [main] ql.Driver: Compiling command(queryId=alex_20240424053058_9be3866d-a303-4e7d-8ffb-baea0a3fa099): create table nonAcidNonBucket(a int, b int) stored as orc TBLPROPERTIES ('transactional'='false')
2024-04-24T05:30:58,593  INFO [main] txn.TxnHandler: Added entries to MIN_HISTORY_LEVEL for current txns: ([12]) with min_open_txn: 1
2024-04-24T05:30:58,594  INFO [main] lockmgr.DbTxnManager: Opened txnid:12
2024-04-24T05:30:58,598  INFO [main] HiveMetaStore.audit: ugi=alex	ip=unknown-ip-addr	cmd=get_database: default	
2024-04-24T05:30:58,600  INFO [main] ql.Driver: Semantic Analysis Completed (retrial = false)
2024-04-24T05:30:58,600  INFO [main] ql.Driver: Created Hive schema: Schema(fieldSchemas:null, properties:null)
2024-04-24T05:30:58,600  INFO [main] metadata.Hive: Dumping metastore api call timing information for : compilation phase
2024-04-24T05:30:58,601  INFO [main] metadata.Hive: Total time spent in each metastore function (ms): {getValidTxns_(long)=0, getDatabase_(String)=3, commitTxn_(CommitTxnRequest)=13, flushCache_()=0, isCompatibleWith_(Configuration)=1, openTxn_(String, TxnType)=2, getValidWriteIds_(List, String)=2}
2024-04-24T05:30:58,601  INFO [main] ql.Driver: Completed compiling command(queryId=alex_20240424053058_9be3866d-a303-4e7d-8ffb-baea0a3fa099); Time taken: 0.01 seconds
2024-04-24T05:30:58,601  INFO [main] lockmgr.DbTxnManager: Setting lock request transaction to txnid:12 for queryId=alex_20240424053058_9be3866d-a303-4e7d-8ffb-baea0a3fa099
2024-04-24T05:30:58,601  INFO [main] lockmgr.DbLockManager: Requesting lock for queryId=alex_20240424053058_9be3866d-a303-4e7d-8ffb-baea0a3fa099
2024-04-24T05:30:58,619  INFO [main] lockmgr.DbLockManager: Response to queryId=alex_20240424053058_9be3866d-a303-4e7d-8ffb-baea0a3fa099 LockResponse(lockid:6, state:ACQUIRED)
2024-04-24T05:30:58,619  INFO [main] ql.Driver: Operation CREATETABLE obtained 1 locks
2024-04-24T05:30:58,619  INFO [main] ql.Driver: Executing command(queryId=alex_20240424053058_9be3866d-a303-4e7d-8ffb-baea0a3fa099): create table nonAcidNonBucket(a int, b int) stored as orc TBLPROPERTIES ('transactional'='false')
2024-04-24T05:30:58,620  INFO [main] ql.Driver: Starting task [Stage-0:DDL] in serial mode
2024-04-24T05:30:58,620  INFO [main] HiveMetaStore.audit: ugi=alex	ip=unknown-ip-addr	cmd=create_table_req: Table(tableName:nonAcidNonBucket, dbName:default, owner:alex, createTime:1713961858, lastAccessTime:0, retention:0, sd:StorageDescriptor(cols:[FieldSchema(name:a, type:int, comment:null), FieldSchema(name:b, type:int, comment:null)], location:null, inputFormat:org.apache.hadoop.hive.ql.io.orc.OrcInputFormat, outputFormat:org.apache.hadoop.hive.ql.io.orc.OrcOutputFormat, compressed:false, numBuckets:-1, serdeInfo:SerDeInfo(name:null, serializationLib:org.apache.hadoop.hive.ql.io.orc.OrcSerde, parameters:{serialization.format=1}), bucketCols:[], sortCols:[], parameters:{}, skewedInfo:SkewedInfo(skewedColNames:[], skewedColValues:[], skewedColValueLocationMaps:{}), storedAsSubDirectories:false), partitionKeys:[], parameters:{transactional=false, COLUMN_STATS_ACCURATE={"BASIC_STATS":"true","COLUMN_STATS":{"a":"true","b":"true"}}, rawDataSize=0, totalSize=0, numFiles=0, numFilesErasureCoded=0, bucketing_version=2, numRows=0}, viewOriginalText:null, viewExpandedText:null, tableType:MANAGED_TABLE, privileges:PrincipalPrivilegeSet(userPrivileges:{alex=[PrivilegeGrantInfo(privilege:INSERT, createTime:-1, grantor:alex, grantorType:USER, grantOption:true), PrivilegeGrantInfo(privilege:SELECT, createTime:-1, grantor:alex, grantorType:USER, grantOption:true), PrivilegeGrantInfo(privilege:UPDATE, createTime:-1, grantor:alex, grantorType:USER, grantOption:true), PrivilegeGrantInfo(privilege:DELETE, createTime:-1, grantor:alex, grantorType:USER, grantOption:true)]}, groupPrivileges:null, rolePrivileges:null), temporary:false, catName:hive, ownerType:USER)	
2024-04-24T05:30:58,628  INFO [main] utils.FileUtils: Creating directory if it doesn't exist: file:/home/alex/Repositories/hive/ql/target/tmp/org.apache.hadoop.hive.ql.util.TestHiveStrictManagedMigration-1713961843282/warehouse/nonacidnonbucket
2024-04-24T05:30:58,647  INFO [main] metadata.Hive: Dumping metastore api call timing information for : execution phase
2024-04-24T05:30:58,647  INFO [main] metadata.Hive: Total time spent in each metastore function (ms): {createTable_(Table)=26, isCompatibleWith_(Configuration)=0}
2024-04-24T05:30:58,647  INFO [main] ql.Driver: Completed executing command(queryId=alex_20240424053058_9be3866d-a303-4e7d-8ffb-baea0a3fa099); Time taken: 0.028 seconds
2024-04-24T05:30:58,647  INFO [main] lockmgr.DbTxnManager: Stopped heartbeat for query: alex_20240424053058_9be3866d-a303-4e7d-8ffb-baea0a3fa099
2024-04-24T05:30:58,652  INFO [main] txn.TxnHandler: Expected to move at least one record from txn_components to completed_txn_components when committing txn! txnid:12
2024-04-24T05:30:58,658  INFO [main] txn.TxnHandler: Removed transactions: ([12]) from MIN_HISTORY_LEVEL
2024-04-24T05:30:58,659  WARN [main] txn.CompactionTxnHandler: No compaction queue record found for Compaction type transaction commit. txnId:12
2024-04-24T05:30:58,659  INFO [main] ql.TxnCommandsBaseForTests: Running the query: drop table if exists manwhnone
2024-04-24T05:30:58,660  INFO [main] ql.Driver: Compiling command(queryId=alex_20240424053058_44420ec8-3632-4658-ab5b-b4daf1297ace): drop table if exists manwhnone
2024-04-24T05:30:58,663  INFO [main] txn.TxnHandler: Added entries to MIN_HISTORY_LEVEL for current txns: ([13]) with min_open_txn: 1
2024-04-24T05:30:58,663  INFO [main] lockmgr.DbTxnManager: Opened txnid:13
2024-04-24T05:30:58,664  INFO [main] HiveMetaStore.audit: ugi=alex	ip=unknown-ip-addr	cmd=get_table : tbl=hive.default.manwhnone	
2024-04-24T05:30:58,667  INFO [main] ql.Driver: Semantic Analysis Completed (retrial = false)
2024-04-24T05:30:58,667  INFO [main] ql.Driver: Created Hive schema: Schema(fieldSchemas:null, properties:null)
2024-04-24T05:30:58,667  INFO [main] metadata.Hive: Dumping metastore api call timing information for : compilation phase
2024-04-24T05:30:58,668  INFO [main] metadata.Hive: Total time spent in each metastore function (ms): {isCompatibleWith_(Configuration)=0, openTxn_(String, TxnType)=3, getValidTxns_(long)=1, flushCache_()=0, commitTxn_(CommitTxnRequest)=12}
2024-04-24T05:30:58,668  INFO [main] ql.Driver: Completed compiling command(queryId=alex_20240424053058_44420ec8-3632-4658-ab5b-b4daf1297ace); Time taken: 0.007 seconds
2024-04-24T05:30:58,668  INFO [main] lockmgr.DbTxnManager: Setting lock request transaction to txnid:13 for queryId=alex_20240424053058_44420ec8-3632-4658-ab5b-b4daf1297ace
2024-04-24T05:30:58,668  INFO [main] ql.Driver: Operation DROPTABLE obtained 0 locks
2024-04-24T05:30:58,668  INFO [main] ql.Driver: Executing command(queryId=alex_20240424053058_44420ec8-3632-4658-ab5b-b4daf1297ace): drop table if exists manwhnone
2024-04-24T05:30:58,668  INFO [main] ql.Driver: Starting task [Stage-0:DDL] in serial mode
2024-04-24T05:30:58,668  INFO [main] HiveMetaStore.audit: ugi=alex	ip=unknown-ip-addr	cmd=get_table : tbl=hive.default.manwhnone	
2024-04-24T05:30:58,673  INFO [main] metadata.Hive: Dumping metastore api call timing information for : execution phase
2024-04-24T05:30:58,673  INFO [main] metadata.Hive: Total time spent in each metastore function (ms): {isCompatibleWith_(Configuration)=0}
2024-04-24T05:30:58,673  INFO [main] ql.Driver: Completed executing command(queryId=alex_20240424053058_44420ec8-3632-4658-ab5b-b4daf1297ace); Time taken: 0.005 seconds
2024-04-24T05:30:58,673  INFO [main] lockmgr.DbTxnManager: Stopped heartbeat for query: alex_20240424053058_44420ec8-3632-4658-ab5b-b4daf1297ace
2024-04-24T05:30:58,678  INFO [main] txn.TxnHandler: Expected to move at least one record from txn_components to completed_txn_components when committing txn! txnid:13
2024-04-24T05:30:58,684  INFO [main] txn.TxnHandler: Removed transactions: ([13]) from MIN_HISTORY_LEVEL
2024-04-24T05:30:58,684  WARN [main] txn.CompactionTxnHandler: No compaction queue record found for Compaction type transaction commit. txnId:13
2024-04-24T05:30:58,685  INFO [main] ql.TxnCommandsBaseForTests: Running the query: drop table if exists manoutnone
2024-04-24T05:30:58,685  INFO [main] ql.Driver: Compiling command(queryId=alex_20240424053058_e17c8c25-a99e-429b-a92c-a06386a7860c): drop table if exists manoutnone
2024-04-24T05:30:58,688  INFO [main] txn.TxnHandler: Added entries to MIN_HISTORY_LEVEL for current txns: ([14]) with min_open_txn: 1
2024-04-24T05:30:58,688  INFO [main] lockmgr.DbTxnManager: Opened txnid:14
2024-04-24T05:30:58,689  INFO [main] HiveMetaStore.audit: ugi=alex	ip=unknown-ip-addr	cmd=get_table : tbl=hive.default.manoutnone	
2024-04-24T05:30:58,693  INFO [main] ql.Driver: Semantic Analysis Completed (retrial = false)
2024-04-24T05:30:58,693  INFO [main] ql.Driver: Created Hive schema: Schema(fieldSchemas:null, properties:null)
2024-04-24T05:30:58,693  INFO [main] metadata.Hive: Dumping metastore api call timing information for : compilation phase
2024-04-24T05:30:58,693  INFO [main] metadata.Hive: Total time spent in each metastore function (ms): {isCompatibleWith_(Configuration)=0, flushCache_()=0, getValidTxns_(long)=1, openTxn_(String, TxnType)=2, commitTxn_(CommitTxnRequest)=12}
2024-04-24T05:30:58,693  INFO [main] ql.Driver: Completed compiling command(queryId=alex_20240424053058_e17c8c25-a99e-429b-a92c-a06386a7860c); Time taken: 0.008 seconds
2024-04-24T05:30:58,693  INFO [main] lockmgr.DbTxnManager: Setting lock request transaction to txnid:14 for queryId=alex_20240424053058_e17c8c25-a99e-429b-a92c-a06386a7860c
2024-04-24T05:30:58,693  INFO [main] ql.Driver: Operation DROPTABLE obtained 0 locks
2024-04-24T05:30:58,693  INFO [main] ql.Driver: Executing command(queryId=alex_20240424053058_e17c8c25-a99e-429b-a92c-a06386a7860c): drop table if exists manoutnone
2024-04-24T05:30:58,694  INFO [main] ql.Driver: Starting task [Stage-0:DDL] in serial mode
2024-04-24T05:30:58,694  INFO [main] HiveMetaStore.audit: ugi=alex	ip=unknown-ip-addr	cmd=get_table : tbl=hive.default.manoutnone	
2024-04-24T05:30:58,697  INFO [main] metadata.Hive: Dumping metastore api call timing information for : execution phase
2024-04-24T05:30:58,697  INFO [main] metadata.Hive: Total time spent in each metastore function (ms): {isCompatibleWith_(Configuration)=0}
2024-04-24T05:30:58,698  INFO [main] ql.Driver: Completed executing command(queryId=alex_20240424053058_e17c8c25-a99e-429b-a92c-a06386a7860c); Time taken: 0.004 seconds
2024-04-24T05:30:58,698  INFO [main] lockmgr.DbTxnManager: Stopped heartbeat for query: alex_20240424053058_e17c8c25-a99e-429b-a92c-a06386a7860c
2024-04-24T05:30:58,703  INFO [main] txn.TxnHandler: Expected to move at least one record from txn_components to completed_txn_components when committing txn! txnid:14
2024-04-24T05:30:58,709  INFO [main] txn.TxnHandler: Removed transactions: ([14]) from MIN_HISTORY_LEVEL
2024-04-24T05:30:58,710  WARN [main] txn.CompactionTxnHandler: No compaction queue record found for Compaction type transaction commit. txnId:14
2024-04-24T05:30:58,710  INFO [main] ql.TxnCommandsBaseForTests: Running the query: drop table if exists manwhwh
2024-04-24T05:30:58,711  INFO [main] ql.Driver: Compiling command(queryId=alex_20240424053058_6d11cabc-ad6c-44b7-9fc9-2e268390bc86): drop table if exists manwhwh
2024-04-24T05:30:58,714  INFO [main] txn.TxnHandler: Added entries to MIN_HISTORY_LEVEL for current txns: ([15]) with min_open_txn: 1
2024-04-24T05:30:58,714  INFO [main] lockmgr.DbTxnManager: Opened txnid:15
2024-04-24T05:30:58,715  INFO [main] HiveMetaStore.audit: ugi=alex	ip=unknown-ip-addr	cmd=get_table : tbl=hive.default.manwhwh	
2024-04-24T05:30:58,718  INFO [main] ql.Driver: Semantic Analysis Completed (retrial = false)
2024-04-24T05:30:58,718  INFO [main] ql.Driver: Created Hive schema: Schema(fieldSchemas:null, properties:null)
2024-04-24T05:30:58,718  INFO [main] metadata.Hive: Dumping metastore api call timing information for : compilation phase
2024-04-24T05:30:58,719  INFO [main] metadata.Hive: Total time spent in each metastore function (ms): {flushCache_()=0, isCompatibleWith_(Configuration)=0, commitTxn_(CommitTxnRequest)=12, getValidTxns_(long)=1, openTxn_(String, TxnType)=3}
2024-04-24T05:30:58,719  INFO [main] ql.Driver: Completed compiling command(queryId=alex_20240424053058_6d11cabc-ad6c-44b7-9fc9-2e268390bc86); Time taken: 0.007 seconds
2024-04-24T05:30:58,719  INFO [main] lockmgr.DbTxnManager: Setting lock request transaction to txnid:15 for queryId=alex_20240424053058_6d11cabc-ad6c-44b7-9fc9-2e268390bc86
2024-04-24T05:30:58,719  INFO [main] ql.Driver: Operation DROPTABLE obtained 0 locks
2024-04-24T05:30:58,719  INFO [main] ql.Driver: Executing command(queryId=alex_20240424053058_6d11cabc-ad6c-44b7-9fc9-2e268390bc86): drop table if exists manwhwh
2024-04-24T05:30:58,719  INFO [main] ql.Driver: Starting task [Stage-0:DDL] in serial mode
2024-04-24T05:30:58,720  INFO [main] HiveMetaStore.audit: ugi=alex	ip=unknown-ip-addr	cmd=get_table : tbl=hive.default.manwhwh	
2024-04-24T05:30:58,723  INFO [main] metadata.Hive: Dumping metastore api call timing information for : execution phase
2024-04-24T05:30:58,724  INFO [main] metadata.Hive: Total time spent in each metastore function (ms): {isCompatibleWith_(Configuration)=1}
2024-04-24T05:30:58,724  INFO [main] ql.Driver: Completed executing command(queryId=alex_20240424053058_6d11cabc-ad6c-44b7-9fc9-2e268390bc86); Time taken: 0.004 seconds
2024-04-24T05:30:58,724  INFO [main] lockmgr.DbTxnManager: Stopped heartbeat for query: alex_20240424053058_6d11cabc-ad6c-44b7-9fc9-2e268390bc86
2024-04-24T05:30:58,729  INFO [main] txn.TxnHandler: Expected to move at least one record from txn_components to completed_txn_components when committing txn! txnid:15
2024-04-24T05:30:58,737  INFO [main] txn.TxnHandler: Removed transactions: ([15]) from MIN_HISTORY_LEVEL
2024-04-24T05:30:58,737  WARN [main] txn.CompactionTxnHandler: No compaction queue record found for Compaction type transaction commit. txnId:15
2024-04-24T05:30:58,738  INFO [main] ql.TxnCommandsBaseForTests: Running the query: drop table if exists manwhout
2024-04-24T05:30:58,738  INFO [main] ql.Driver: Compiling command(queryId=alex_20240424053058_421097d8-e78d-4ebd-b1ac-5b6165438110): drop table if exists manwhout
2024-04-24T05:30:58,741  INFO [main] txn.TxnHandler: Added entries to MIN_HISTORY_LEVEL for current txns: ([16]) with min_open_txn: 1
2024-04-24T05:30:58,742  INFO [main] lockmgr.DbTxnManager: Opened txnid:16
2024-04-24T05:30:58,743  INFO [main] HiveMetaStore.audit: ugi=alex	ip=unknown-ip-addr	cmd=get_table : tbl=hive.default.manwhout	
2024-04-24T05:30:58,747  INFO [main] ql.Driver: Semantic Analysis Completed (retrial = false)
2024-04-24T05:30:58,747  INFO [main] ql.Driver: Created Hive schema: Schema(fieldSchemas:null, properties:null)
2024-04-24T05:30:58,747  INFO [main] metadata.Hive: Dumping metastore api call timing information for : compilation phase
2024-04-24T05:30:58,747  INFO [main] metadata.Hive: Total time spent in each metastore function (ms): {flushCache_()=0, isCompatibleWith_(Configuration)=0, openTxn_(String, TxnType)=4, commitTxn_(CommitTxnRequest)=13, getValidTxns_(long)=1}
2024-04-24T05:30:58,747  INFO [main] ql.Driver: Completed compiling command(queryId=alex_20240424053058_421097d8-e78d-4ebd-b1ac-5b6165438110); Time taken: 0.009 seconds
2024-04-24T05:30:58,748  INFO [main] lockmgr.DbTxnManager: Setting lock request transaction to txnid:16 for queryId=alex_20240424053058_421097d8-e78d-4ebd-b1ac-5b6165438110
2024-04-24T05:30:58,748  INFO [main] ql.Driver: Operation DROPTABLE obtained 0 locks
2024-04-24T05:30:58,748  INFO [main] ql.Driver: Executing command(queryId=alex_20240424053058_421097d8-e78d-4ebd-b1ac-5b6165438110): drop table if exists manwhout
2024-04-24T05:30:58,748  INFO [main] ql.Driver: Starting task [Stage-0:DDL] in serial mode
2024-04-24T05:30:58,748  INFO [main] HiveMetaStore.audit: ugi=alex	ip=unknown-ip-addr	cmd=get_table : tbl=hive.default.manwhout	
2024-04-24T05:30:58,752  INFO [main] metadata.Hive: Dumping metastore api call timing information for : execution phase
2024-04-24T05:30:58,753  INFO [main] metadata.Hive: Total time spent in each metastore function (ms): {isCompatibleWith_(Configuration)=0}
2024-04-24T05:30:58,753  INFO [main] ql.Driver: Completed executing command(queryId=alex_20240424053058_421097d8-e78d-4ebd-b1ac-5b6165438110); Time taken: 0.004 seconds
2024-04-24T05:30:58,753  INFO [main] lockmgr.DbTxnManager: Stopped heartbeat for query: alex_20240424053058_421097d8-e78d-4ebd-b1ac-5b6165438110
2024-04-24T05:30:58,759  INFO [main] txn.TxnHandler: Expected to move at least one record from txn_components to completed_txn_components when committing txn! txnid:16
2024-04-24T05:30:58,766  INFO [main] txn.TxnHandler: Removed transactions: ([16]) from MIN_HISTORY_LEVEL
2024-04-24T05:30:58,766  WARN [main] txn.CompactionTxnHandler: No compaction queue record found for Compaction type transaction commit. txnId:16
2024-04-24T05:30:58,767  INFO [main] ql.TxnCommandsBaseForTests: Running the query: drop table if exists manwhmixed
2024-04-24T05:30:58,768  INFO [main] ql.Driver: Compiling command(queryId=alex_20240424053058_816d6001-e1d9-4df0-99da-e6d343e05261): drop table if exists manwhmixed
2024-04-24T05:30:58,770  INFO [main] txn.TxnHandler: Added entries to MIN_HISTORY_LEVEL for current txns: ([17]) with min_open_txn: 1
2024-04-24T05:30:58,771  INFO [main] lockmgr.DbTxnManager: Opened txnid:17
2024-04-24T05:30:58,772  INFO [main] HiveMetaStore.audit: ugi=alex	ip=unknown-ip-addr	cmd=get_table : tbl=hive.default.manwhmixed	
2024-04-24T05:30:58,775  INFO [main] ql.Driver: Semantic Analysis Completed (retrial = false)
2024-04-24T05:30:58,776  INFO [main] ql.Driver: Created Hive schema: Schema(fieldSchemas:null, properties:null)
2024-04-24T05:30:58,776  INFO [main] metadata.Hive: Dumping metastore api call timing information for : compilation phase
2024-04-24T05:30:58,776  INFO [main] metadata.Hive: Total time spent in each metastore function (ms): {commitTxn_(CommitTxnRequest)=14, openTxn_(String, TxnType)=3, flushCache_()=0, isCompatibleWith_(Configuration)=0, getValidTxns_(long)=1}
2024-04-24T05:30:58,776  INFO [main] ql.Driver: Completed compiling command(queryId=alex_20240424053058_816d6001-e1d9-4df0-99da-e6d343e05261); Time taken: 0.008 seconds
2024-04-24T05:30:58,776  INFO [main] lockmgr.DbTxnManager: Setting lock request transaction to txnid:17 for queryId=alex_20240424053058_816d6001-e1d9-4df0-99da-e6d343e05261
2024-04-24T05:30:58,776  INFO [main] ql.Driver: Operation DROPTABLE obtained 0 locks
2024-04-24T05:30:58,776  INFO [main] ql.Driver: Executing command(queryId=alex_20240424053058_816d6001-e1d9-4df0-99da-e6d343e05261): drop table if exists manwhmixed
2024-04-24T05:30:58,777  INFO [main] ql.Driver: Starting task [Stage-0:DDL] in serial mode
2024-04-24T05:30:58,777  INFO [main] HiveMetaStore.audit: ugi=alex	ip=unknown-ip-addr	cmd=get_table : tbl=hive.default.manwhmixed	
2024-04-24T05:30:58,781  INFO [main] metadata.Hive: Dumping metastore api call timing information for : execution phase
2024-04-24T05:30:58,781  INFO [main] metadata.Hive: Total time spent in each metastore function (ms): {isCompatibleWith_(Configuration)=0}
2024-04-24T05:30:58,781  INFO [main] ql.Driver: Completed executing command(queryId=alex_20240424053058_816d6001-e1d9-4df0-99da-e6d343e05261); Time taken: 0.005 seconds
2024-04-24T05:30:58,781  INFO [main] lockmgr.DbTxnManager: Stopped heartbeat for query: alex_20240424053058_816d6001-e1d9-4df0-99da-e6d343e05261
2024-04-24T05:30:58,787  INFO [main] txn.TxnHandler: Expected to move at least one record from txn_components to completed_txn_components when committing txn! txnid:17
2024-04-24T05:30:58,794  INFO [main] txn.TxnHandler: Removed transactions: ([17]) from MIN_HISTORY_LEVEL
2024-04-24T05:30:58,794  WARN [main] txn.CompactionTxnHandler: No compaction queue record found for Compaction type transaction commit. txnId:17
2024-04-24T05:30:58,795  INFO [main] ql.TxnCommandsBaseForTests: Running the query: drop table if exists manoutout
2024-04-24T05:30:58,795  INFO [main] ql.Driver: Compiling command(queryId=alex_20240424053058_49f9f570-80fb-41fd-be2f-88209e94f5d8): drop table if exists manoutout
2024-04-24T05:30:58,798  INFO [main] txn.TxnHandler: Added entries to MIN_HISTORY_LEVEL for current txns: ([18]) with min_open_txn: 1
2024-04-24T05:30:58,798  INFO [main] lockmgr.DbTxnManager: Opened txnid:18
2024-04-24T05:30:58,799  INFO [main] HiveMetaStore.audit: ugi=alex	ip=unknown-ip-addr	cmd=get_table : tbl=hive.default.manoutout	
2024-04-24T05:30:58,803  INFO [main] ql.Driver: Semantic Analysis Completed (retrial = false)
2024-04-24T05:30:58,803  INFO [main] ql.Driver: Created Hive schema: Schema(fieldSchemas:null, properties:null)
2024-04-24T05:30:58,803  INFO [main] metadata.Hive: Dumping metastore api call timing information for : compilation phase
2024-04-24T05:30:58,803  INFO [main] metadata.Hive: Total time spent in each metastore function (ms): {openTxn_(String, TxnType)=2, commitTxn_(CommitTxnRequest)=14, getValidTxns_(long)=1, isCompatibleWith_(Configuration)=0, flushCache_()=1}
2024-04-24T05:30:58,803  INFO [main] ql.Driver: Completed compiling command(queryId=alex_20240424053058_49f9f570-80fb-41fd-be2f-88209e94f5d8); Time taken: 0.008 seconds
2024-04-24T05:30:58,804  INFO [main] lockmgr.DbTxnManager: Setting lock request transaction to txnid:18 for queryId=alex_20240424053058_49f9f570-80fb-41fd-be2f-88209e94f5d8
2024-04-24T05:30:58,804  INFO [main] ql.Driver: Operation DROPTABLE obtained 0 locks
2024-04-24T05:30:58,804  INFO [main] ql.Driver: Executing command(queryId=alex_20240424053058_49f9f570-80fb-41fd-be2f-88209e94f5d8): drop table if exists manoutout
2024-04-24T05:30:58,804  INFO [main] ql.Driver: Starting task [Stage-0:DDL] in serial mode
2024-04-24T05:30:58,804  INFO [main] HiveMetaStore.audit: ugi=alex	ip=unknown-ip-addr	cmd=get_table : tbl=hive.default.manoutout	
2024-04-24T05:30:58,808  INFO [main] metadata.Hive: Dumping metastore api call timing information for : execution phase
2024-04-24T05:30:58,808  INFO [main] metadata.Hive: Total time spent in each metastore function (ms): {isCompatibleWith_(Configuration)=0}
2024-04-24T05:30:58,808  INFO [main] ql.Driver: Completed executing command(queryId=alex_20240424053058_49f9f570-80fb-41fd-be2f-88209e94f5d8); Time taken: 0.004 seconds
2024-04-24T05:30:58,808  INFO [main] lockmgr.DbTxnManager: Stopped heartbeat for query: alex_20240424053058_49f9f570-80fb-41fd-be2f-88209e94f5d8
2024-04-24T05:30:58,814  INFO [main] txn.TxnHandler: Expected to move at least one record from txn_components to completed_txn_components when committing txn! txnid:18
2024-04-24T05:30:58,821  INFO [main] txn.TxnHandler: Removed transactions: ([18]) from MIN_HISTORY_LEVEL
2024-04-24T05:30:58,822  WARN [main] txn.CompactionTxnHandler: No compaction queue record found for Compaction type transaction commit. txnId:18
2024-04-24T05:30:58,822  INFO [main] ql.TxnCommandsBaseForTests: Running the query: drop table if exists extwhnone
2024-04-24T05:30:58,823  INFO [main] ql.Driver: Compiling command(queryId=alex_20240424053058_34d6bc94-0d1f-43df-9d42-f2d541a721b2): drop table if exists extwhnone
2024-04-24T05:30:58,825  INFO [main] txn.TxnHandler: Added entries to MIN_HISTORY_LEVEL for current txns: ([19]) with min_open_txn: 1
2024-04-24T05:30:58,826  INFO [main] lockmgr.DbTxnManager: Opened txnid:19
2024-04-24T05:30:58,826  INFO [main] HiveMetaStore.audit: ugi=alex	ip=unknown-ip-addr	cmd=get_table : tbl=hive.default.extwhnone	
2024-04-24T05:30:58,830  INFO [main] ql.Driver: Semantic Analysis Completed (retrial = false)
2024-04-24T05:30:58,830  INFO [main] ql.Driver: Created Hive schema: Schema(fieldSchemas:null, properties:null)
2024-04-24T05:30:58,830  INFO [main] metadata.Hive: Dumping metastore api call timing information for : compilation phase
2024-04-24T05:30:58,831  INFO [main] metadata.Hive: Total time spent in each metastore function (ms): {openTxn_(String, TxnType)=3, getValidTxns_(long)=0, flushCache_()=0, commitTxn_(CommitTxnRequest)=13, isCompatibleWith_(Configuration)=1}
2024-04-24T05:30:58,831  INFO [main] ql.Driver: Completed compiling command(queryId=alex_20240424053058_34d6bc94-0d1f-43df-9d42-f2d541a721b2); Time taken: 0.007 seconds
2024-04-24T05:30:58,831  INFO [main] lockmgr.DbTxnManager: Setting lock request transaction to txnid:19 for queryId=alex_20240424053058_34d6bc94-0d1f-43df-9d42-f2d541a721b2
2024-04-24T05:30:58,831  INFO [main] ql.Driver: Operation DROPTABLE obtained 0 locks
2024-04-24T05:30:58,831  INFO [main] ql.Driver: Executing command(queryId=alex_20240424053058_34d6bc94-0d1f-43df-9d42-f2d541a721b2): drop table if exists extwhnone
2024-04-24T05:30:58,831  INFO [main] ql.Driver: Starting task [Stage-0:DDL] in serial mode
2024-04-24T05:30:58,831  INFO [main] HiveMetaStore.audit: ugi=alex	ip=unknown-ip-addr	cmd=get_table : tbl=hive.default.extwhnone	
2024-04-24T05:30:58,835  INFO [main] metadata.Hive: Dumping metastore api call timing information for : execution phase
2024-04-24T05:30:58,836  INFO [main] metadata.Hive: Total time spent in each metastore function (ms): {isCompatibleWith_(Configuration)=0}
2024-04-24T05:30:58,836  INFO [main] ql.Driver: Completed executing command(queryId=alex_20240424053058_34d6bc94-0d1f-43df-9d42-f2d541a721b2); Time taken: 0.004 seconds
2024-04-24T05:30:58,836  INFO [main] lockmgr.DbTxnManager: Stopped heartbeat for query: alex_20240424053058_34d6bc94-0d1f-43df-9d42-f2d541a721b2
2024-04-24T05:30:58,842  INFO [main] txn.TxnHandler: Expected to move at least one record from txn_components to completed_txn_components when committing txn! txnid:19
2024-04-24T05:30:58,849  INFO [main] txn.TxnHandler: Removed transactions: ([19]) from MIN_HISTORY_LEVEL
2024-04-24T05:30:58,850  WARN [main] txn.CompactionTxnHandler: No compaction queue record found for Compaction type transaction commit. txnId:19
2024-04-24T05:30:58,850  INFO [main] ql.TxnCommandsBaseForTests: Running the query: drop table if exists extoutnone
2024-04-24T05:30:58,851  INFO [main] ql.Driver: Compiling command(queryId=alex_20240424053058_9c4f91a3-28b6-4971-ad08-6fdddf32357c): drop table if exists extoutnone
2024-04-24T05:30:58,853  INFO [main] txn.TxnHandler: Added entries to MIN_HISTORY_LEVEL for current txns: ([20]) with min_open_txn: 1
2024-04-24T05:30:58,854  INFO [main] lockmgr.DbTxnManager: Opened txnid:20
2024-04-24T05:30:58,854  INFO [main] HiveMetaStore.audit: ugi=alex	ip=unknown-ip-addr	cmd=get_table : tbl=hive.default.extoutnone	
2024-04-24T05:30:58,858  INFO [main] ql.Driver: Semantic Analysis Completed (retrial = false)
2024-04-24T05:30:58,858  INFO [main] ql.Driver: Created Hive schema: Schema(fieldSchemas:null, properties:null)
2024-04-24T05:30:58,858  INFO [main] metadata.Hive: Dumping metastore api call timing information for : compilation phase
2024-04-24T05:30:58,858  INFO [main] metadata.Hive: Total time spent in each metastore function (ms): {openTxn_(String, TxnType)=3, commitTxn_(CommitTxnRequest)=14, flushCache_()=0, getValidTxns_(long)=0, isCompatibleWith_(Configuration)=0}
2024-04-24T05:30:58,858  INFO [main] ql.Driver: Completed compiling command(queryId=alex_20240424053058_9c4f91a3-28b6-4971-ad08-6fdddf32357c); Time taken: 0.007 seconds
2024-04-24T05:30:58,859  INFO [main] lockmgr.DbTxnManager: Setting lock request transaction to txnid:20 for queryId=alex_20240424053058_9c4f91a3-28b6-4971-ad08-6fdddf32357c
2024-04-24T05:30:58,859  INFO [main] ql.Driver: Operation DROPTABLE obtained 0 locks
2024-04-24T05:30:58,859  INFO [main] ql.Driver: Executing command(queryId=alex_20240424053058_9c4f91a3-28b6-4971-ad08-6fdddf32357c): drop table if exists extoutnone
2024-04-24T05:30:58,859  INFO [main] ql.Driver: Starting task [Stage-0:DDL] in serial mode
2024-04-24T05:30:58,859  INFO [main] HiveMetaStore.audit: ugi=alex	ip=unknown-ip-addr	cmd=get_table : tbl=hive.default.extoutnone	
2024-04-24T05:30:58,863  INFO [main] metadata.Hive: Dumping metastore api call timing information for : execution phase
2024-04-24T05:30:58,863  INFO [main] metadata.Hive: Total time spent in each metastore function (ms): {isCompatibleWith_(Configuration)=0}
2024-04-24T05:30:58,863  INFO [main] ql.Driver: Completed executing command(queryId=alex_20240424053058_9c4f91a3-28b6-4971-ad08-6fdddf32357c); Time taken: 0.004 seconds
2024-04-24T05:30:58,863  INFO [main] lockmgr.DbTxnManager: Stopped heartbeat for query: alex_20240424053058_9c4f91a3-28b6-4971-ad08-6fdddf32357c
2024-04-24T05:30:58,869  INFO [main] txn.TxnHandler: Expected to move at least one record from txn_components to completed_txn_components when committing txn! txnid:20
2024-04-24T05:30:58,876  INFO [main] txn.TxnHandler: Removed transactions: ([20]) from MIN_HISTORY_LEVEL
2024-04-24T05:30:58,877  WARN [main] txn.CompactionTxnHandler: No compaction queue record found for Compaction type transaction commit. txnId:20
2024-04-24T05:30:58,877  INFO [main] ql.TxnCommandsBaseForTests: Running the query: drop table if exists extwhwh
2024-04-24T05:30:58,878  INFO [main] ql.Driver: Compiling command(queryId=alex_20240424053058_9f08ddbb-a63f-4e99-9468-17e404ab7ba9): drop table if exists extwhwh
2024-04-24T05:30:58,881  INFO [main] txn.TxnHandler: Added entries to MIN_HISTORY_LEVEL for current txns: ([21]) with min_open_txn: 1
2024-04-24T05:30:58,881  INFO [main] lockmgr.DbTxnManager: Opened txnid:21
2024-04-24T05:30:58,882  INFO [main] HiveMetaStore.audit: ugi=alex	ip=unknown-ip-addr	cmd=get_table : tbl=hive.default.extwhwh	
2024-04-24T05:30:58,886  INFO [main] ql.Driver: Semantic Analysis Completed (retrial = false)
2024-04-24T05:30:58,886  INFO [main] ql.Driver: Created Hive schema: Schema(fieldSchemas:null, properties:null)
2024-04-24T05:30:58,886  INFO [main] metadata.Hive: Dumping metastore api call timing information for : compilation phase
2024-04-24T05:30:58,886  INFO [main] metadata.Hive: Total time spent in each metastore function (ms): {flushCache_()=0, getValidTxns_(long)=1, openTxn_(String, TxnType)=3, isCompatibleWith_(Configuration)=0, commitTxn_(CommitTxnRequest)=13}
2024-04-24T05:30:58,886  INFO [main] ql.Driver: Completed compiling command(queryId=alex_20240424053058_9f08ddbb-a63f-4e99-9468-17e404ab7ba9); Time taken: 0.008 seconds
2024-04-24T05:30:58,887  INFO [main] lockmgr.DbTxnManager: Setting lock request transaction to txnid:21 for queryId=alex_20240424053058_9f08ddbb-a63f-4e99-9468-17e404ab7ba9
2024-04-24T05:30:58,887  INFO [main] ql.Driver: Operation DROPTABLE obtained 0 locks
2024-04-24T05:30:58,887  INFO [main] ql.Driver: Executing command(queryId=alex_20240424053058_9f08ddbb-a63f-4e99-9468-17e404ab7ba9): drop table if exists extwhwh
2024-04-24T05:30:58,887  INFO [main] ql.Driver: Starting task [Stage-0:DDL] in serial mode
2024-04-24T05:30:58,887  INFO [main] HiveMetaStore.audit: ugi=alex	ip=unknown-ip-addr	cmd=get_table : tbl=hive.default.extwhwh	
2024-04-24T05:30:58,891  INFO [main] metadata.Hive: Dumping metastore api call timing information for : execution phase
2024-04-24T05:30:58,891  INFO [main] metadata.Hive: Total time spent in each metastore function (ms): {isCompatibleWith_(Configuration)=0}
2024-04-24T05:30:58,891  INFO [main] ql.Driver: Completed executing command(queryId=alex_20240424053058_9f08ddbb-a63f-4e99-9468-17e404ab7ba9); Time taken: 0.004 seconds
2024-04-24T05:30:58,891  INFO [main] lockmgr.DbTxnManager: Stopped heartbeat for query: alex_20240424053058_9f08ddbb-a63f-4e99-9468-17e404ab7ba9
2024-04-24T05:30:58,897  INFO [main] txn.TxnHandler: Expected to move at least one record from txn_components to completed_txn_components when committing txn! txnid:21
2024-04-24T05:30:58,904  INFO [main] txn.TxnHandler: Removed transactions: ([21]) from MIN_HISTORY_LEVEL
2024-04-24T05:30:58,904  WARN [main] txn.CompactionTxnHandler: No compaction queue record found for Compaction type transaction commit. txnId:21
2024-04-24T05:30:58,905  INFO [main] ql.TxnCommandsBaseForTests: Running the query: drop table if exists extwhout
2024-04-24T05:30:58,905  INFO [main] ql.Driver: Compiling command(queryId=alex_20240424053058_069b1578-c314-4231-b2ea-978ba9f2320c): drop table if exists extwhout
2024-04-24T05:30:58,908  INFO [main] txn.TxnHandler: Added entries to MIN_HISTORY_LEVEL for current txns: ([22]) with min_open_txn: 1
2024-04-24T05:30:58,908  INFO [main] lockmgr.DbTxnManager: Opened txnid:22
2024-04-24T05:30:58,909  INFO [main] HiveMetaStore.audit: ugi=alex	ip=unknown-ip-addr	cmd=get_table : tbl=hive.default.extwhout	
2024-04-24T05:30:58,913  INFO [main] ql.Driver: Semantic Analysis Completed (retrial = false)
2024-04-24T05:30:58,913  INFO [main] ql.Driver: Created Hive schema: Schema(fieldSchemas:null, properties:null)
2024-04-24T05:30:58,913  INFO [main] metadata.Hive: Dumping metastore api call timing information for : compilation phase
2024-04-24T05:30:58,913  INFO [main] metadata.Hive: Total time spent in each metastore function (ms): {isCompatibleWith_(Configuration)=0, getValidTxns_(long)=1, openTxn_(String, TxnType)=2, flushCache_()=0, commitTxn_(CommitTxnRequest)=14}
2024-04-24T05:30:58,913  INFO [main] ql.Driver: Completed compiling command(queryId=alex_20240424053058_069b1578-c314-4231-b2ea-978ba9f2320c); Time taken: 0.008 seconds
2024-04-24T05:30:58,913  INFO [main] lockmgr.DbTxnManager: Setting lock request transaction to txnid:22 for queryId=alex_20240424053058_069b1578-c314-4231-b2ea-978ba9f2320c
2024-04-24T05:30:58,914  INFO [main] ql.Driver: Operation DROPTABLE obtained 0 locks
2024-04-24T05:30:58,914  INFO [main] ql.Driver: Executing command(queryId=alex_20240424053058_069b1578-c314-4231-b2ea-978ba9f2320c): drop table if exists extwhout
2024-04-24T05:30:58,914  INFO [main] ql.Driver: Starting task [Stage-0:DDL] in serial mode
2024-04-24T05:30:58,914  INFO [main] HiveMetaStore.audit: ugi=alex	ip=unknown-ip-addr	cmd=get_table : tbl=hive.default.extwhout	
2024-04-24T05:30:58,918  INFO [main] metadata.Hive: Dumping metastore api call timing information for : execution phase
2024-04-24T05:30:58,918  INFO [main] metadata.Hive: Total time spent in each metastore function (ms): {isCompatibleWith_(Configuration)=0}
2024-04-24T05:30:58,918  INFO [main] ql.Driver: Completed executing command(queryId=alex_20240424053058_069b1578-c314-4231-b2ea-978ba9f2320c); Time taken: 0.004 seconds
2024-04-24T05:30:58,918  INFO [main] lockmgr.DbTxnManager: Stopped heartbeat for query: alex_20240424053058_069b1578-c314-4231-b2ea-978ba9f2320c
2024-04-24T05:30:58,924  INFO [main] txn.TxnHandler: Expected to move at least one record from txn_components to completed_txn_components when committing txn! txnid:22
2024-04-24T05:30:58,931  INFO [main] txn.TxnHandler: Removed transactions: ([22]) from MIN_HISTORY_LEVEL
2024-04-24T05:30:58,931  WARN [main] txn.CompactionTxnHandler: No compaction queue record found for Compaction type transaction commit. txnId:22
2024-04-24T05:30:58,932  INFO [main] ql.TxnCommandsBaseForTests: Running the query: drop table if exists extwhmixed
2024-04-24T05:30:58,932  INFO [main] ql.Driver: Compiling command(queryId=alex_20240424053058_a4e420e5-cd9a-4067-a2a6-e2f7782c9e1e): drop table if exists extwhmixed
2024-04-24T05:30:58,935  INFO [main] txn.TxnHandler: Added entries to MIN_HISTORY_LEVEL for current txns: ([23]) with min_open_txn: 1
2024-04-24T05:30:58,935  INFO [main] lockmgr.DbTxnManager: Opened txnid:23
2024-04-24T05:30:58,936  INFO [main] HiveMetaStore.audit: ugi=alex	ip=unknown-ip-addr	cmd=get_table : tbl=hive.default.extwhmixed	
2024-04-24T05:30:58,940  INFO [main] ql.Driver: Semantic Analysis Completed (retrial = false)
2024-04-24T05:30:58,940  INFO [main] ql.Driver: Created Hive schema: Schema(fieldSchemas:null, properties:null)
2024-04-24T05:30:58,940  INFO [main] metadata.Hive: Dumping metastore api call timing information for : compilation phase
2024-04-24T05:30:58,940  INFO [main] metadata.Hive: Total time spent in each metastore function (ms): {flushCache_()=0, getValidTxns_(long)=0, isCompatibleWith_(Configuration)=1, commitTxn_(CommitTxnRequest)=13, openTxn_(String, TxnType)=2}
2024-04-24T05:30:58,940  INFO [main] ql.Driver: Completed compiling command(queryId=alex_20240424053058_a4e420e5-cd9a-4067-a2a6-e2f7782c9e1e); Time taken: 0.008 seconds
2024-04-24T05:30:58,941  INFO [main] lockmgr.DbTxnManager: Setting lock request transaction to txnid:23 for queryId=alex_20240424053058_a4e420e5-cd9a-4067-a2a6-e2f7782c9e1e
2024-04-24T05:30:58,941  INFO [main] ql.Driver: Operation DROPTABLE obtained 0 locks
2024-04-24T05:30:58,941  INFO [main] ql.Driver: Executing command(queryId=alex_20240424053058_a4e420e5-cd9a-4067-a2a6-e2f7782c9e1e): drop table if exists extwhmixed
2024-04-24T05:30:58,941  INFO [main] ql.Driver: Starting task [Stage-0:DDL] in serial mode
2024-04-24T05:30:58,941  INFO [main] HiveMetaStore.audit: ugi=alex	ip=unknown-ip-addr	cmd=get_table : tbl=hive.default.extwhmixed	
2024-04-24T05:30:58,945  INFO [main] metadata.Hive: Dumping metastore api call timing information for : execution phase
2024-04-24T05:30:58,945  INFO [main] metadata.Hive: Total time spent in each metastore function (ms): {isCompatibleWith_(Configuration)=0}
2024-04-24T05:30:58,945  INFO [main] ql.Driver: Completed executing command(queryId=alex_20240424053058_a4e420e5-cd9a-4067-a2a6-e2f7782c9e1e); Time taken: 0.004 seconds
2024-04-24T05:30:58,945  INFO [main] lockmgr.DbTxnManager: Stopped heartbeat for query: alex_20240424053058_a4e420e5-cd9a-4067-a2a6-e2f7782c9e1e
2024-04-24T05:30:58,951  INFO [main] txn.TxnHandler: Expected to move at least one record from txn_components to completed_txn_components when committing txn! txnid:23
2024-04-24T05:30:58,958  INFO [main] txn.TxnHandler: Removed transactions: ([23]) from MIN_HISTORY_LEVEL
2024-04-24T05:30:58,958  WARN [main] txn.CompactionTxnHandler: No compaction queue record found for Compaction type transaction commit. txnId:23
2024-04-24T05:30:58,959  INFO [main] ql.TxnCommandsBaseForTests: Running the query: drop table if exists extoutout
2024-04-24T05:30:58,959  INFO [main] ql.Driver: Compiling command(queryId=alex_20240424053058_77efa680-8da1-46cb-8a0b-9c56e93407a4): drop table if exists extoutout
2024-04-24T05:30:58,962  INFO [main] txn.TxnHandler: Added entries to MIN_HISTORY_LEVEL for current txns: ([24]) with min_open_txn: 1
2024-04-24T05:30:58,962  INFO [main] lockmgr.DbTxnManager: Opened txnid:24
2024-04-24T05:30:58,963  INFO [main] HiveMetaStore.audit: ugi=alex	ip=unknown-ip-addr	cmd=get_table : tbl=hive.default.extoutout	
2024-04-24T05:30:58,967  INFO [main] ql.Driver: Semantic Analysis Completed (retrial = false)
2024-04-24T05:30:58,967  INFO [main] ql.Driver: Created Hive schema: Schema(fieldSchemas:null, properties:null)
2024-04-24T05:30:58,967  INFO [main] metadata.Hive: Dumping metastore api call timing information for : compilation phase
2024-04-24T05:30:58,967  INFO [main] metadata.Hive: Total time spent in each metastore function (ms): {isCompatibleWith_(Configuration)=0, commitTxn_(CommitTxnRequest)=14, openTxn_(String, TxnType)=2, flushCache_()=0, getValidTxns_(long)=0}
2024-04-24T05:30:58,968  INFO [main] ql.Driver: Completed compiling command(queryId=alex_20240424053058_77efa680-8da1-46cb-8a0b-9c56e93407a4); Time taken: 0.008 seconds
2024-04-24T05:30:58,968  INFO [main] lockmgr.DbTxnManager: Setting lock request transaction to txnid:24 for queryId=alex_20240424053058_77efa680-8da1-46cb-8a0b-9c56e93407a4
2024-04-24T05:30:58,968  INFO [main] ql.Driver: Operation DROPTABLE obtained 0 locks
2024-04-24T05:30:58,968  INFO [main] ql.Driver: Executing command(queryId=alex_20240424053058_77efa680-8da1-46cb-8a0b-9c56e93407a4): drop table if exists extoutout
2024-04-24T05:30:58,968  INFO [main] ql.Driver: Starting task [Stage-0:DDL] in serial mode
2024-04-24T05:30:58,969  INFO [main] HiveMetaStore.audit: ugi=alex	ip=unknown-ip-addr	cmd=get_table : tbl=hive.default.extoutout	
2024-04-24T05:30:58,972  INFO [main] metadata.Hive: Dumping metastore api call timing information for : execution phase
2024-04-24T05:30:58,972  INFO [main] metadata.Hive: Total time spent in each metastore function (ms): {isCompatibleWith_(Configuration)=0}
2024-04-24T05:30:58,973  INFO [main] ql.Driver: Completed executing command(queryId=alex_20240424053058_77efa680-8da1-46cb-8a0b-9c56e93407a4); Time taken: 0.004 seconds
2024-04-24T05:30:58,973  INFO [main] lockmgr.DbTxnManager: Stopped heartbeat for query: alex_20240424053058_77efa680-8da1-46cb-8a0b-9c56e93407a4
2024-04-24T05:30:58,979  INFO [main] txn.TxnHandler: Expected to move at least one record from txn_components to completed_txn_components when committing txn! txnid:24
2024-04-24T05:30:58,986  INFO [main] txn.TxnHandler: Removed transactions: ([24]) from MIN_HISTORY_LEVEL
2024-04-24T05:30:58,986  WARN [main] txn.CompactionTxnHandler: No compaction queue record found for Compaction type transaction commit. txnId:24
2024-04-24T05:30:58,987  INFO [main] ql.TxnCommandsBaseForTests: Running the query: drop table if exists custdb.custmanwhwh
2024-04-24T05:30:58,987  INFO [main] ql.Driver: Compiling command(queryId=alex_20240424053058_3c7745ab-5274-4f95-87ea-de42a4e96861): drop table if exists custdb.custmanwhwh
2024-04-24T05:30:58,990  INFO [main] txn.TxnHandler: Added entries to MIN_HISTORY_LEVEL for current txns: ([25]) with min_open_txn: 1
2024-04-24T05:30:58,990  INFO [main] lockmgr.DbTxnManager: Opened txnid:25
2024-04-24T05:30:58,991  INFO [main] HiveMetaStore.audit: ugi=alex	ip=unknown-ip-addr	cmd=get_table : tbl=hive.custdb.custmanwhwh	
2024-04-24T05:30:58,994  INFO [main] ql.Driver: Semantic Analysis Completed (retrial = false)
2024-04-24T05:30:58,994  INFO [main] ql.Driver: Created Hive schema: Schema(fieldSchemas:null, properties:null)
2024-04-24T05:30:58,994  INFO [main] metadata.Hive: Dumping metastore api call timing information for : compilation phase
2024-04-24T05:30:58,994  INFO [main] metadata.Hive: Total time spent in each metastore function (ms): {openTxn_(String, TxnType)=2, flushCache_()=1, commitTxn_(CommitTxnRequest)=14, getValidTxns_(long)=1, isCompatibleWith_(Configuration)=0}
2024-04-24T05:30:58,995  INFO [main] ql.Driver: Completed compiling command(queryId=alex_20240424053058_3c7745ab-5274-4f95-87ea-de42a4e96861); Time taken: 0.007 seconds
2024-04-24T05:30:58,995  INFO [main] lockmgr.DbTxnManager: Setting lock request transaction to txnid:25 for queryId=alex_20240424053058_3c7745ab-5274-4f95-87ea-de42a4e96861
2024-04-24T05:30:58,995  INFO [main] ql.Driver: Operation DROPTABLE obtained 0 locks
2024-04-24T05:30:58,995  INFO [main] ql.Driver: Executing command(queryId=alex_20240424053058_3c7745ab-5274-4f95-87ea-de42a4e96861): drop table if exists custdb.custmanwhwh
2024-04-24T05:30:58,995  INFO [main] ql.Driver: Starting task [Stage-0:DDL] in serial mode
2024-04-24T05:30:58,995  INFO [main] HiveMetaStore.audit: ugi=alex	ip=unknown-ip-addr	cmd=get_table : tbl=hive.custdb.custmanwhwh	
2024-04-24T05:30:58,998  INFO [main] metadata.Hive: Dumping metastore api call timing information for : execution phase
2024-04-24T05:30:58,998  INFO [main] metadata.Hive: Total time spent in each metastore function (ms): {isCompatibleWith_(Configuration)=0}
2024-04-24T05:30:58,998  INFO [main] ql.Driver: Completed executing command(queryId=alex_20240424053058_3c7745ab-5274-4f95-87ea-de42a4e96861); Time taken: 0.003 seconds
2024-04-24T05:30:58,998  INFO [main] lockmgr.DbTxnManager: Stopped heartbeat for query: alex_20240424053058_3c7745ab-5274-4f95-87ea-de42a4e96861
2024-04-24T05:30:59,005  INFO [main] txn.TxnHandler: Expected to move at least one record from txn_components to completed_txn_components when committing txn! txnid:25
2024-04-24T05:30:59,011  INFO [main] txn.TxnHandler: Removed transactions: ([25]) from MIN_HISTORY_LEVEL
2024-04-24T05:30:59,012  WARN [main] txn.CompactionTxnHandler: No compaction queue record found for Compaction type transaction commit. txnId:25
2024-04-24T05:30:59,012  INFO [main] ql.TxnCommandsBaseForTests: Running the query: drop table if exists custdb.custextwhwh
2024-04-24T05:30:59,013  INFO [main] ql.Driver: Compiling command(queryId=alex_20240424053059_845772c1-2c20-427b-9858-2763ee1de15c): drop table if exists custdb.custextwhwh
2024-04-24T05:30:59,015  INFO [main] txn.TxnHandler: Added entries to MIN_HISTORY_LEVEL for current txns: ([26]) with min_open_txn: 2
2024-04-24T05:30:59,016  INFO [main] lockmgr.DbTxnManager: Opened txnid:26
2024-04-24T05:30:59,016  INFO [main] HiveMetaStore.audit: ugi=alex	ip=unknown-ip-addr	cmd=get_table : tbl=hive.custdb.custextwhwh	
2024-04-24T05:30:59,019  INFO [main] ql.Driver: Semantic Analysis Completed (retrial = false)
2024-04-24T05:30:59,019  INFO [main] ql.Driver: Created Hive schema: Schema(fieldSchemas:null, properties:null)
2024-04-24T05:30:59,019  INFO [main] metadata.Hive: Dumping metastore api call timing information for : compilation phase
2024-04-24T05:30:59,020  INFO [main] metadata.Hive: Total time spent in each metastore function (ms): {commitTxn_(CommitTxnRequest)=13, flushCache_()=0, openTxn_(String, TxnType)=3, getValidTxns_(long)=0, isCompatibleWith_(Configuration)=0}
2024-04-24T05:30:59,020  INFO [main] ql.Driver: Completed compiling command(queryId=alex_20240424053059_845772c1-2c20-427b-9858-2763ee1de15c); Time taken: 0.006 seconds
2024-04-24T05:30:59,020  INFO [main] lockmgr.DbTxnManager: Setting lock request transaction to txnid:26 for queryId=alex_20240424053059_845772c1-2c20-427b-9858-2763ee1de15c
2024-04-24T05:30:59,020  INFO [main] ql.Driver: Operation DROPTABLE obtained 0 locks
2024-04-24T05:30:59,020  INFO [main] ql.Driver: Executing command(queryId=alex_20240424053059_845772c1-2c20-427b-9858-2763ee1de15c): drop table if exists custdb.custextwhwh
2024-04-24T05:30:59,020  INFO [main] ql.Driver: Starting task [Stage-0:DDL] in serial mode
2024-04-24T05:30:59,021  INFO [main] HiveMetaStore.audit: ugi=alex	ip=unknown-ip-addr	cmd=get_table : tbl=hive.custdb.custextwhwh	
2024-04-24T05:30:59,023  INFO [main] metadata.Hive: Dumping metastore api call timing information for : execution phase
2024-04-24T05:30:59,023  INFO [main] metadata.Hive: Total time spent in each metastore function (ms): {isCompatibleWith_(Configuration)=0}
2024-04-24T05:30:59,023  INFO [main] ql.Driver: Completed executing command(queryId=alex_20240424053059_845772c1-2c20-427b-9858-2763ee1de15c); Time taken: 0.003 seconds
2024-04-24T05:30:59,023  INFO [main] lockmgr.DbTxnManager: Stopped heartbeat for query: alex_20240424053059_845772c1-2c20-427b-9858-2763ee1de15c
2024-04-24T05:30:59,029  INFO [main] txn.TxnHandler: Expected to move at least one record from txn_components to completed_txn_components when committing txn! txnid:26
2024-04-24T05:30:59,035  INFO [main] txn.TxnHandler: Removed transactions: ([26]) from MIN_HISTORY_LEVEL
2024-04-24T05:30:59,035  WARN [main] txn.CompactionTxnHandler: No compaction queue record found for Compaction type transaction commit. txnId:26
2024-04-24T05:30:59,036  INFO [main] ql.TxnCommandsBaseForTests: Running the query: create table manwhnone (a string)
2024-04-24T05:30:59,036  INFO [main] ql.Driver: Compiling command(queryId=alex_20240424053059_120fe697-a26b-4390-a03a-0e3374c83316): create table manwhnone (a string)
2024-04-24T05:30:59,039  INFO [main] txn.TxnHandler: Added entries to MIN_HISTORY_LEVEL for current txns: ([27]) with min_open_txn: 2
2024-04-24T05:30:59,039  INFO [main] lockmgr.DbTxnManager: Opened txnid:27
2024-04-24T05:30:59,046  INFO [main] HiveMetaStore.audit: ugi=alex	ip=unknown-ip-addr	cmd=get_database: default	
2024-04-24T05:30:59,048  INFO [main] ql.Driver: Semantic Analysis Completed (retrial = false)
2024-04-24T05:30:59,048  INFO [main] ql.Driver: Created Hive schema: Schema(fieldSchemas:null, properties:null)
2024-04-24T05:30:59,048  INFO [main] metadata.Hive: Dumping metastore api call timing information for : compilation phase
2024-04-24T05:30:59,049  INFO [main] metadata.Hive: Total time spent in each metastore function (ms): {flushCache_()=0, getValidTxns_(long)=1, getValidWriteIds_(List, String)=6, getDatabase_(String)=2, openTxn_(String, TxnType)=2, isCompatibleWith_(Configuration)=0, commitTxn_(CommitTxnRequest)=12}
2024-04-24T05:30:59,049  INFO [main] ql.Driver: Completed compiling command(queryId=alex_20240424053059_120fe697-a26b-4390-a03a-0e3374c83316); Time taken: 0.012 seconds
2024-04-24T05:30:59,049  INFO [main] lockmgr.DbTxnManager: Setting lock request transaction to txnid:27 for queryId=alex_20240424053059_120fe697-a26b-4390-a03a-0e3374c83316
2024-04-24T05:30:59,049  INFO [main] lockmgr.DbLockManager: Requesting lock for queryId=alex_20240424053059_120fe697-a26b-4390-a03a-0e3374c83316
2024-04-24T05:30:59,071  INFO [main] lockmgr.DbLockManager: Response to queryId=alex_20240424053059_120fe697-a26b-4390-a03a-0e3374c83316 LockResponse(lockid:7, state:ACQUIRED)
2024-04-24T05:30:59,071  INFO [main] ql.Driver: Operation CREATETABLE obtained 1 locks
2024-04-24T05:30:59,072  INFO [main] ql.Driver: Executing command(queryId=alex_20240424053059_120fe697-a26b-4390-a03a-0e3374c83316): create table manwhnone (a string)
2024-04-24T05:30:59,072  INFO [main] ql.Driver: Starting task [Stage-0:DDL] in serial mode
2024-04-24T05:30:59,074  INFO [main] HiveMetaStore.audit: ugi=alex	ip=unknown-ip-addr	cmd=create_table_req: Table(tableName:manwhnone, dbName:default, owner:alex, createTime:1713961859, lastAccessTime:0, retention:0, sd:StorageDescriptor(cols:[FieldSchema(name:a, type:string, comment:null)], location:null, inputFormat:org.apache.hadoop.mapred.TextInputFormat, outputFormat:org.apache.hadoop.hive.ql.io.HiveIgnoreKeyTextOutputFormat, compressed:false, numBuckets:-1, serdeInfo:SerDeInfo(name:null, serializationLib:org.apache.hadoop.hive.serde2.lazy.LazySimpleSerDe, parameters:{serialization.format=1}), bucketCols:[], sortCols:[], parameters:{}, skewedInfo:SkewedInfo(skewedColNames:[], skewedColValues:[], skewedColValueLocationMaps:{}), storedAsSubDirectories:false), partitionKeys:[], parameters:{numFiles=0, rawDataSize=0, COLUMN_STATS_ACCURATE={"BASIC_STATS":"true","COLUMN_STATS":{"a":"true"}}, totalSize=0, numRows=0, numFilesErasureCoded=0, bucketing_version=2}, viewOriginalText:null, viewExpandedText:null, tableType:MANAGED_TABLE, privileges:PrincipalPrivilegeSet(userPrivileges:{alex=[PrivilegeGrantInfo(privilege:INSERT, createTime:-1, grantor:alex, grantorType:USER, grantOption:true), PrivilegeGrantInfo(privilege:SELECT, createTime:-1, grantor:alex, grantorType:USER, grantOption:true), PrivilegeGrantInfo(privilege:UPDATE, createTime:-1, grantor:alex, grantorType:USER, grantOption:true), PrivilegeGrantInfo(privilege:DELETE, createTime:-1, grantor:alex, grantorType:USER, grantOption:true)]}, groupPrivileges:null, rolePrivileges:null), temporary:false, catName:hive, ownerType:USER)	
2024-04-24T05:30:59,080  INFO [main] utils.FileUtils: Creating directory if it doesn't exist: file:/home/alex/Repositories/hive/ql/target/tmp/org.apache.hadoop.hive.ql.util.TestHiveStrictManagedMigration-1713961843282/warehouse/manwhnone
2024-04-24T05:30:59,115  INFO [main] metadata.Hive: Dumping metastore api call timing information for : execution phase
2024-04-24T05:30:59,115  INFO [main] metadata.Hive: Total time spent in each metastore function (ms): {isCompatibleWith_(Configuration)=0, createTable_(Table)=42}
2024-04-24T05:30:59,115  INFO [main] ql.Driver: Completed executing command(queryId=alex_20240424053059_120fe697-a26b-4390-a03a-0e3374c83316); Time taken: 0.043 seconds
2024-04-24T05:30:59,115  INFO [main] lockmgr.DbTxnManager: Stopped heartbeat for query: alex_20240424053059_120fe697-a26b-4390-a03a-0e3374c83316
2024-04-24T05:30:59,119  INFO [main] txn.TxnHandler: Expected to move at least one record from txn_components to completed_txn_components when committing txn! txnid:27
2024-04-24T05:30:59,126  INFO [main] txn.TxnHandler: Removed transactions: ([27]) from MIN_HISTORY_LEVEL
2024-04-24T05:30:59,126  WARN [main] txn.CompactionTxnHandler: No compaction queue record found for Compaction type transaction commit. txnId:27
2024-04-24T05:30:59,127  INFO [main] ql.TxnCommandsBaseForTests: Running the query: create table manoutnone (a string) location '/home/alex/Repositories/hive/ql/target/tmp/org.apache.hadoop.hive.ql.util.TestHiveStrictManagedMigration-1713961843282/tmp/manoutnone'
2024-04-24T05:30:59,127  INFO [main] ql.Driver: Compiling command(queryId=alex_20240424053059_afe2c32d-e1c3-4933-b942-bdd8053aba57): create table manoutnone (a string) location '/home/alex/Repositories/hive/ql/target/tmp/org.apache.hadoop.hive.ql.util.TestHiveStrictManagedMigration-1713961843282/tmp/manoutnone'
2024-04-24T05:30:59,131  INFO [main] txn.TxnHandler: Added entries to MIN_HISTORY_LEVEL for current txns: ([28]) with min_open_txn: 5
2024-04-24T05:30:59,131  INFO [main] lockmgr.DbTxnManager: Opened txnid:28
2024-04-24T05:30:59,136  INFO [main] HiveMetaStore.audit: ugi=alex	ip=unknown-ip-addr	cmd=get_database: default	
2024-04-24T05:30:59,138  INFO [main] ql.Driver: Semantic Analysis Completed (retrial = false)
2024-04-24T05:30:59,138  INFO [main] ql.Driver: Created Hive schema: Schema(fieldSchemas:null, properties:null)
2024-04-24T05:30:59,138  INFO [main] metadata.Hive: Dumping metastore api call timing information for : compilation phase
2024-04-24T05:30:59,139  INFO [main] metadata.Hive: Total time spent in each metastore function (ms): {openTxn_(String, TxnType)=3, commitTxn_(CommitTxnRequest)=12, getValidTxns_(long)=1, getDatabase_(String)=2, getValidWriteIds_(List, String)=3, isCompatibleWith_(Configuration)=0, flushCache_()=0}
2024-04-24T05:30:59,139  INFO [main] ql.Driver: Completed compiling command(queryId=alex_20240424053059_afe2c32d-e1c3-4933-b942-bdd8053aba57); Time taken: 0.011 seconds
2024-04-24T05:30:59,139  INFO [main] lockmgr.DbTxnManager: Setting lock request transaction to txnid:28 for queryId=alex_20240424053059_afe2c32d-e1c3-4933-b942-bdd8053aba57
2024-04-24T05:30:59,139  INFO [main] lockmgr.DbLockManager: Requesting lock for queryId=alex_20240424053059_afe2c32d-e1c3-4933-b942-bdd8053aba57
2024-04-24T05:30:59,156  INFO [main] lockmgr.DbLockManager: Response to queryId=alex_20240424053059_afe2c32d-e1c3-4933-b942-bdd8053aba57 LockResponse(lockid:8, state:ACQUIRED)
2024-04-24T05:30:59,156  INFO [main] ql.Driver: Operation CREATETABLE obtained 1 locks
2024-04-24T05:30:59,157  INFO [main] ql.Driver: Executing command(queryId=alex_20240424053059_afe2c32d-e1c3-4933-b942-bdd8053aba57): create table manoutnone (a string) location '/home/alex/Repositories/hive/ql/target/tmp/org.apache.hadoop.hive.ql.util.TestHiveStrictManagedMigration-1713961843282/tmp/manoutnone'
2024-04-24T05:30:59,157  INFO [main] ql.Driver: Starting task [Stage-0:DDL] in serial mode
2024-04-24T05:30:59,158  INFO [main] HiveMetaStore.audit: ugi=alex	ip=unknown-ip-addr	cmd=create_table_req: Table(tableName:manoutnone, dbName:default, owner:alex, createTime:1713961859, lastAccessTime:0, retention:0, sd:StorageDescriptor(cols:[FieldSchema(name:a, type:string, comment:null)], location:file:/home/alex/Repositories/hive/ql/target/tmp/org.apache.hadoop.hive.ql.util.TestHiveStrictManagedMigration-1713961843282/tmp/manoutnone, inputFormat:org.apache.hadoop.mapred.TextInputFormat, outputFormat:org.apache.hadoop.hive.ql.io.HiveIgnoreKeyTextOutputFormat, compressed:false, numBuckets:-1, serdeInfo:SerDeInfo(name:null, serializationLib:org.apache.hadoop.hive.serde2.lazy.LazySimpleSerDe, parameters:{serialization.format=1}), bucketCols:[], sortCols:[], parameters:{}, skewedInfo:SkewedInfo(skewedColNames:[], skewedColValues:[], skewedColValueLocationMaps:{}), storedAsSubDirectories:false), partitionKeys:[], parameters:{totalSize=0, COLUMN_STATS_ACCURATE={"BASIC_STATS":"true","COLUMN_STATS":{"a":"true"}}, rawDataSize=0, numRows=0, numFilesErasureCoded=0, bucketing_version=2, numFiles=0}, viewOriginalText:null, viewExpandedText:null, tableType:MANAGED_TABLE, privileges:PrincipalPrivilegeSet(userPrivileges:{alex=[PrivilegeGrantInfo(privilege:INSERT, createTime:-1, grantor:alex, grantorType:USER, grantOption:true), PrivilegeGrantInfo(privilege:SELECT, createTime:-1, grantor:alex, grantorType:USER, grantOption:true), PrivilegeGrantInfo(privilege:UPDATE, createTime:-1, grantor:alex, grantorType:USER, grantOption:true), PrivilegeGrantInfo(privilege:DELETE, createTime:-1, grantor:alex, grantorType:USER, grantOption:true)]}, groupPrivileges:null, rolePrivileges:null), temporary:false, catName:hive, ownerType:USER)	
2024-04-24T05:30:59,165  WARN [main] metastore.HMSHandler: Location: file:/home/alex/Repositories/hive/ql/target/tmp/org.apache.hadoop.hive.ql.util.TestHiveStrictManagedMigration-1713961843282/tmp/manoutnone specified for non-external table:manoutnone
2024-04-24T05:30:59,165  INFO [main] utils.FileUtils: Creating directory if it doesn't exist: file:/home/alex/Repositories/hive/ql/target/tmp/org.apache.hadoop.hive.ql.util.TestHiveStrictManagedMigration-1713961843282/tmp/manoutnone
2024-04-24T05:30:59,186  INFO [main] metadata.Hive: Dumping metastore api call timing information for : execution phase
2024-04-24T05:30:59,186  INFO [main] metadata.Hive: Total time spent in each metastore function (ms): {createTable_(Table)=28, isCompatibleWith_(Configuration)=0}
2024-04-24T05:30:59,186  INFO [main] ql.Driver: Completed executing command(queryId=alex_20240424053059_afe2c32d-e1c3-4933-b942-bdd8053aba57); Time taken: 0.029 seconds
2024-04-24T05:30:59,186  INFO [main] lockmgr.DbTxnManager: Stopped heartbeat for query: alex_20240424053059_afe2c32d-e1c3-4933-b942-bdd8053aba57
2024-04-24T05:30:59,191  INFO [main] txn.TxnHandler: Expected to move at least one record from txn_components to completed_txn_components when committing txn! txnid:28
2024-04-24T05:30:59,199  INFO [main] txn.TxnHandler: Removed transactions: ([28]) from MIN_HISTORY_LEVEL
2024-04-24T05:30:59,199  WARN [main] txn.CompactionTxnHandler: No compaction queue record found for Compaction type transaction commit. txnId:28
2024-04-24T05:30:59,200  INFO [main] ql.TxnCommandsBaseForTests: Running the query: create table manwhwh (a string) partitioned by (p string)
2024-04-24T05:30:59,200  INFO [main] ql.Driver: Compiling command(queryId=alex_20240424053059_8c953162-2c2f-4b50-8924-9ff24015f4e8): create table manwhwh (a string) partitioned by (p string)
2024-04-24T05:30:59,203  INFO [main] txn.TxnHandler: Added entries to MIN_HISTORY_LEVEL for current txns: ([29]) with min_open_txn: 8
2024-04-24T05:30:59,203  INFO [main] lockmgr.DbTxnManager: Opened txnid:29
2024-04-24T05:30:59,207  INFO [main] HiveMetaStore.audit: ugi=alex	ip=unknown-ip-addr	cmd=get_database: default	
2024-04-24T05:30:59,209  INFO [main] ql.Driver: Semantic Analysis Completed (retrial = false)
2024-04-24T05:30:59,209  INFO [main] ql.Driver: Created Hive schema: Schema(fieldSchemas:null, properties:null)
2024-04-24T05:30:59,209  INFO [main] metadata.Hive: Dumping metastore api call timing information for : compilation phase
2024-04-24T05:30:59,209  INFO [main] metadata.Hive: Total time spent in each metastore function (ms): {commitTxn_(CommitTxnRequest)=14, getDatabase_(String)=2, getValidWriteIds_(List, String)=3, flushCache_()=0, isCompatibleWith_(Configuration)=0, getValidTxns_(long)=1, openTxn_(String, TxnType)=2}
2024-04-24T05:30:59,209  INFO [main] ql.Driver: Completed compiling command(queryId=alex_20240424053059_8c953162-2c2f-4b50-8924-9ff24015f4e8); Time taken: 0.009 seconds
2024-04-24T05:30:59,209  INFO [main] lockmgr.DbTxnManager: Setting lock request transaction to txnid:29 for queryId=alex_20240424053059_8c953162-2c2f-4b50-8924-9ff24015f4e8
2024-04-24T05:30:59,210  INFO [main] lockmgr.DbLockManager: Requesting lock for queryId=alex_20240424053059_8c953162-2c2f-4b50-8924-9ff24015f4e8
2024-04-24T05:30:59,227  INFO [main] lockmgr.DbLockManager: Response to queryId=alex_20240424053059_8c953162-2c2f-4b50-8924-9ff24015f4e8 LockResponse(lockid:9, state:ACQUIRED)
2024-04-24T05:30:59,227  INFO [main] ql.Driver: Operation CREATETABLE obtained 1 locks
2024-04-24T05:30:59,227  INFO [main] ql.Driver: Executing command(queryId=alex_20240424053059_8c953162-2c2f-4b50-8924-9ff24015f4e8): create table manwhwh (a string) partitioned by (p string)
2024-04-24T05:30:59,227  INFO [main] ql.Driver: Starting task [Stage-0:DDL] in serial mode
2024-04-24T05:30:59,228  INFO [main] HiveMetaStore.audit: ugi=alex	ip=unknown-ip-addr	cmd=create_table_req: Table(tableName:manwhwh, dbName:default, owner:alex, createTime:1713961859, lastAccessTime:0, retention:0, sd:StorageDescriptor(cols:[FieldSchema(name:a, type:string, comment:null)], location:null, inputFormat:org.apache.hadoop.mapred.TextInputFormat, outputFormat:org.apache.hadoop.hive.ql.io.HiveIgnoreKeyTextOutputFormat, compressed:false, numBuckets:-1, serdeInfo:SerDeInfo(name:null, serializationLib:org.apache.hadoop.hive.serde2.lazy.LazySimpleSerDe, parameters:{serialization.format=1}), bucketCols:[], sortCols:[], parameters:{}, skewedInfo:SkewedInfo(skewedColNames:[], skewedColValues:[], skewedColValueLocationMaps:{}), storedAsSubDirectories:false), partitionKeys:[FieldSchema(name:p, type:string, comment:null)], parameters:{bucketing_version=2}, viewOriginalText:null, viewExpandedText:null, tableType:MANAGED_TABLE, privileges:PrincipalPrivilegeSet(userPrivileges:{alex=[PrivilegeGrantInfo(privilege:INSERT, createTime:-1, grantor:alex, grantorType:USER, grantOption:true), PrivilegeGrantInfo(privilege:SELECT, createTime:-1, grantor:alex, grantorType:USER, grantOption:true), PrivilegeGrantInfo(privilege:UPDATE, createTime:-1, grantor:alex, grantorType:USER, grantOption:true), PrivilegeGrantInfo(privilege:DELETE, createTime:-1, grantor:alex, grantorType:USER, grantOption:true)]}, groupPrivileges:null, rolePrivileges:null), temporary:false, catName:hive, ownerType:USER)	
2024-04-24T05:30:59,235  INFO [main] utils.FileUtils: Creating directory if it doesn't exist: file:/home/alex/Repositories/hive/ql/target/tmp/org.apache.hadoop.hive.ql.util.TestHiveStrictManagedMigration-1713961843282/warehouse/manwhwh
2024-04-24T05:30:59,258  INFO [main] metadata.Hive: Dumping metastore api call timing information for : execution phase
2024-04-24T05:30:59,258  INFO [main] metadata.Hive: Total time spent in each metastore function (ms): {isCompatibleWith_(Configuration)=0, createTable_(Table)=29}
2024-04-24T05:30:59,258  INFO [main] ql.Driver: Completed executing command(queryId=alex_20240424053059_8c953162-2c2f-4b50-8924-9ff24015f4e8); Time taken: 0.031 seconds
2024-04-24T05:30:59,258  INFO [main] lockmgr.DbTxnManager: Stopped heartbeat for query: alex_20240424053059_8c953162-2c2f-4b50-8924-9ff24015f4e8
2024-04-24T05:30:59,262  INFO [main] txn.TxnHandler: Expected to move at least one record from txn_components to completed_txn_components when committing txn! txnid:29
2024-04-24T05:30:59,269  INFO [main] txn.TxnHandler: Removed transactions: ([29]) from MIN_HISTORY_LEVEL
2024-04-24T05:30:59,269  WARN [main] txn.CompactionTxnHandler: No compaction queue record found for Compaction type transaction commit. txnId:29
2024-04-24T05:30:59,270  INFO [main] ql.TxnCommandsBaseForTests: Running the query: alter table manwhwh add partition (p='p1')
2024-04-24T05:30:59,270  INFO [main] ql.Driver: Compiling command(queryId=alex_20240424053059_f52c4e90-7d61-4ddb-9c9a-6fe664815f16): alter table manwhwh add partition (p='p1')
2024-04-24T05:30:59,274  INFO [main] txn.TxnHandler: Added entries to MIN_HISTORY_LEVEL for current txns: ([30]) with min_open_txn: 8
2024-04-24T05:30:59,275  INFO [main] lockmgr.DbTxnManager: Opened txnid:30
2024-04-24T05:30:59,276  INFO [main] HiveMetaStore.audit: ugi=alex	ip=unknown-ip-addr	cmd=get_table : tbl=hive.default.manwhwh	
2024-04-24T05:30:59,317  INFO [main] metastore.HMSHandler: Skipping translation for processor with null
2024-04-24T05:30:59,320  INFO [main] ql.Driver: Semantic Analysis Completed (retrial = false)
2024-04-24T05:30:59,320  INFO [main] ql.Driver: Created Hive schema: Schema(fieldSchemas:null, properties:null)
2024-04-24T05:30:59,320  INFO [main] metadata.Hive: Dumping metastore api call timing information for : compilation phase
2024-04-24T05:30:59,320  INFO [main] metadata.Hive: Total time spent in each metastore function (ms): {openTxn_(String, TxnType)=3, getValidTxns_(long)=0, getTable_(GetTableRequest)=42, flushCache_()=0, commitTxn_(CommitTxnRequest)=12, isCompatibleWith_(Configuration)=0}
2024-04-24T05:30:59,321  INFO [main] ql.Driver: Completed compiling command(queryId=alex_20240424053059_f52c4e90-7d61-4ddb-9c9a-6fe664815f16); Time taken: 0.05 seconds
2024-04-24T05:30:59,321  INFO [main] lockmgr.DbTxnManager: Setting lock request transaction to txnid:30 for queryId=alex_20240424053059_f52c4e90-7d61-4ddb-9c9a-6fe664815f16
2024-04-24T05:30:59,321  INFO [main] lockmgr.DbLockManager: Requesting lock for queryId=alex_20240424053059_f52c4e90-7d61-4ddb-9c9a-6fe664815f16
2024-04-24T05:30:59,339  INFO [main] lockmgr.DbLockManager: Response to queryId=alex_20240424053059_f52c4e90-7d61-4ddb-9c9a-6fe664815f16 LockResponse(lockid:10, state:ACQUIRED)
2024-04-24T05:30:59,339  INFO [main] ql.Driver: Operation ALTERTABLE_ADDPARTS obtained 1 locks
2024-04-24T05:30:59,339  INFO [main] ql.Driver: Executing command(queryId=alex_20240424053059_f52c4e90-7d61-4ddb-9c9a-6fe664815f16): alter table manwhwh add partition (p='p1')
2024-04-24T05:30:59,340  INFO [main] ql.Driver: Starting task [Stage-0:DDL] in serial mode
2024-04-24T05:30:59,340  INFO [main] HiveMetaStore.audit: ugi=alex	ip=unknown-ip-addr	cmd=get_table : tbl=hive.default.manwhwh	
2024-04-24T05:30:59,353  INFO [main] metastore.HMSHandler: Skipping translation for processor with null
2024-04-24T05:30:59,355  INFO [main] HiveMetaStore.audit: ugi=alex	ip=unknown-ip-addr	cmd=add_partitions	
2024-04-24T05:30:59,376  INFO [HMSHandler #0] utils.FileUtils: Creating directory if it doesn't exist: file:/home/alex/Repositories/hive/ql/target/tmp/org.apache.hadoop.hive.ql.util.TestHiveStrictManagedMigration-1713961843282/warehouse/manwhwh/p=p1
2024-04-24T05:30:59,412  INFO [main] metadata.Hive: Dumping metastore api call timing information for : execution phase
2024-04-24T05:30:59,412  INFO [main] metadata.Hive: Total time spent in each metastore function (ms): {isCompatibleWith_(Configuration)=0, getTable_(GetTableRequest)=13, add_partitions_(List, boolean, boolean)=59}
2024-04-24T05:30:59,412  INFO [main] ql.Driver: Completed executing command(queryId=alex_20240424053059_f52c4e90-7d61-4ddb-9c9a-6fe664815f16); Time taken: 0.073 seconds
2024-04-24T05:30:59,412  INFO [main] lockmgr.DbTxnManager: Stopped heartbeat for query: alex_20240424053059_f52c4e90-7d61-4ddb-9c9a-6fe664815f16
2024-04-24T05:30:59,417  INFO [main] txn.TxnHandler: Expected to move at least one record from txn_components to completed_txn_components when committing txn! txnid:30
2024-04-24T05:30:59,425  INFO [main] txn.TxnHandler: Removed transactions: ([30]) from MIN_HISTORY_LEVEL
2024-04-24T05:30:59,425  WARN [main] txn.CompactionTxnHandler: No compaction queue record found for Compaction type transaction commit. txnId:30
2024-04-24T05:30:59,426  INFO [main] ql.TxnCommandsBaseForTests: Running the query: alter table manwhwh add partition (p='p2')
2024-04-24T05:30:59,426  INFO [main] ql.Driver: Compiling command(queryId=alex_20240424053059_97ce1554-f7b3-45ca-a0a3-27b3d5096c47): alter table manwhwh add partition (p='p2')
2024-04-24T05:30:59,429  INFO [main] txn.TxnHandler: Added entries to MIN_HISTORY_LEVEL for current txns: ([31]) with min_open_txn: 10
2024-04-24T05:30:59,429  INFO [main] lockmgr.DbTxnManager: Opened txnid:31
2024-04-24T05:30:59,430  INFO [main] HiveMetaStore.audit: ugi=alex	ip=unknown-ip-addr	cmd=get_table : tbl=hive.default.manwhwh	
2024-04-24T05:30:59,444  INFO [main] metastore.HMSHandler: Skipping translation for processor with null
2024-04-24T05:30:59,445  INFO [main] ql.Driver: Semantic Analysis Completed (retrial = false)
2024-04-24T05:30:59,445  INFO [main] ql.Driver: Created Hive schema: Schema(fieldSchemas:null, properties:null)
2024-04-24T05:30:59,445  INFO [main] metadata.Hive: Dumping metastore api call timing information for : compilation phase
2024-04-24T05:30:59,445  INFO [main] metadata.Hive: Total time spent in each metastore function (ms): {flushCache_()=0, openTxn_(String, TxnType)=2, isCompatibleWith_(Configuration)=0, commitTxn_(CommitTxnRequest)=14, getTable_(GetTableRequest)=15, getValidTxns_(long)=0}
2024-04-24T05:30:59,445  INFO [main] ql.Driver: Completed compiling command(queryId=alex_20240424053059_97ce1554-f7b3-45ca-a0a3-27b3d5096c47); Time taken: 0.019 seconds
2024-04-24T05:30:59,446  INFO [main] lockmgr.DbTxnManager: Setting lock request transaction to txnid:31 for queryId=alex_20240424053059_97ce1554-f7b3-45ca-a0a3-27b3d5096c47
2024-04-24T05:30:59,446  INFO [main] lockmgr.DbLockManager: Requesting lock for queryId=alex_20240424053059_97ce1554-f7b3-45ca-a0a3-27b3d5096c47
2024-04-24T05:30:59,464  INFO [main] lockmgr.DbLockManager: Response to queryId=alex_20240424053059_97ce1554-f7b3-45ca-a0a3-27b3d5096c47 LockResponse(lockid:11, state:ACQUIRED)
2024-04-24T05:30:59,464  INFO [main] ql.Driver: Operation ALTERTABLE_ADDPARTS obtained 1 locks
2024-04-24T05:30:59,464  INFO [main] ql.Driver: Executing command(queryId=alex_20240424053059_97ce1554-f7b3-45ca-a0a3-27b3d5096c47): alter table manwhwh add partition (p='p2')
2024-04-24T05:30:59,464  INFO [main] ql.Driver: Starting task [Stage-0:DDL] in serial mode
2024-04-24T05:30:59,464  INFO [main] HiveMetaStore.audit: ugi=alex	ip=unknown-ip-addr	cmd=get_table : tbl=hive.default.manwhwh	
2024-04-24T05:30:59,477  INFO [main] metastore.HMSHandler: Skipping translation for processor with null
2024-04-24T05:30:59,478  INFO [main] HiveMetaStore.audit: ugi=alex	ip=unknown-ip-addr	cmd=add_partitions	
2024-04-24T05:30:59,491  INFO [HMSHandler #1] utils.FileUtils: Creating directory if it doesn't exist: file:/home/alex/Repositories/hive/ql/target/tmp/org.apache.hadoop.hive.ql.util.TestHiveStrictManagedMigration-1713961843282/warehouse/manwhwh/p=p2
2024-04-24T05:30:59,507  INFO [main] metadata.Hive: Dumping metastore api call timing information for : execution phase
2024-04-24T05:30:59,507  INFO [main] metadata.Hive: Total time spent in each metastore function (ms): {isCompatibleWith_(Configuration)=0, add_partitions_(List, boolean, boolean)=30, getTable_(GetTableRequest)=13}
2024-04-24T05:30:59,507  INFO [main] ql.Driver: Completed executing command(queryId=alex_20240424053059_97ce1554-f7b3-45ca-a0a3-27b3d5096c47); Time taken: 0.043 seconds
2024-04-24T05:30:59,507  INFO [main] lockmgr.DbTxnManager: Stopped heartbeat for query: alex_20240424053059_97ce1554-f7b3-45ca-a0a3-27b3d5096c47
2024-04-24T05:30:59,512  INFO [main] txn.TxnHandler: Expected to move at least one record from txn_components to completed_txn_components when committing txn! txnid:31
2024-04-24T05:30:59,520  INFO [main] txn.TxnHandler: Removed transactions: ([31]) from MIN_HISTORY_LEVEL
2024-04-24T05:30:59,521  WARN [main] txn.CompactionTxnHandler: No compaction queue record found for Compaction type transaction commit. txnId:31
2024-04-24T05:30:59,521  INFO [main] ql.TxnCommandsBaseForTests: Running the query: create table manwhout (a string) partitioned by (p string)
2024-04-24T05:30:59,522  INFO [main] ql.Driver: Compiling command(queryId=alex_20240424053059_899ed322-624f-4cc4-a154-350d5f174fd6): create table manwhout (a string) partitioned by (p string)
2024-04-24T05:30:59,525  INFO [main] txn.TxnHandler: Added entries to MIN_HISTORY_LEVEL for current txns: ([32]) with min_open_txn: 11
2024-04-24T05:30:59,525  INFO [main] lockmgr.DbTxnManager: Opened txnid:32
2024-04-24T05:30:59,533  INFO [main] HiveMetaStore.audit: ugi=alex	ip=unknown-ip-addr	cmd=get_database: default	
2024-04-24T05:30:59,535  INFO [main] ql.Driver: Semantic Analysis Completed (retrial = false)
2024-04-24T05:30:59,535  INFO [main] ql.Driver: Created Hive schema: Schema(fieldSchemas:null, properties:null)
2024-04-24T05:30:59,536  INFO [main] metadata.Hive: Dumping metastore api call timing information for : compilation phase
2024-04-24T05:30:59,536  INFO [main] metadata.Hive: Total time spent in each metastore function (ms): {isCompatibleWith_(Configuration)=0, openTxn_(String, TxnType)=3, getValidWriteIds_(List, String)=7, flushCache_()=0, commitTxn_(CommitTxnRequest)=13, getValidTxns_(long)=1, getDatabase_(String)=2}
2024-04-24T05:30:59,536  INFO [main] ql.Driver: Completed compiling command(queryId=alex_20240424053059_899ed322-624f-4cc4-a154-350d5f174fd6); Time taken: 0.013 seconds
2024-04-24T05:30:59,536  INFO [main] lockmgr.DbTxnManager: Setting lock request transaction to txnid:32 for queryId=alex_20240424053059_899ed322-624f-4cc4-a154-350d5f174fd6
2024-04-24T05:30:59,536  INFO [main] lockmgr.DbLockManager: Requesting lock for queryId=alex_20240424053059_899ed322-624f-4cc4-a154-350d5f174fd6
2024-04-24T05:30:59,554  INFO [main] lockmgr.DbLockManager: Response to queryId=alex_20240424053059_899ed322-624f-4cc4-a154-350d5f174fd6 LockResponse(lockid:12, state:ACQUIRED)
2024-04-24T05:30:59,554  INFO [main] ql.Driver: Operation CREATETABLE obtained 1 locks
2024-04-24T05:30:59,554  INFO [main] ql.Driver: Executing command(queryId=alex_20240424053059_899ed322-624f-4cc4-a154-350d5f174fd6): create table manwhout (a string) partitioned by (p string)
2024-04-24T05:30:59,555  INFO [main] ql.Driver: Starting task [Stage-0:DDL] in serial mode
2024-04-24T05:30:59,555  INFO [main] HiveMetaStore.audit: ugi=alex	ip=unknown-ip-addr	cmd=create_table_req: Table(tableName:manwhout, dbName:default, owner:alex, createTime:1713961859, lastAccessTime:0, retention:0, sd:StorageDescriptor(cols:[FieldSchema(name:a, type:string, comment:null)], location:null, inputFormat:org.apache.hadoop.mapred.TextInputFormat, outputFormat:org.apache.hadoop.hive.ql.io.HiveIgnoreKeyTextOutputFormat, compressed:false, numBuckets:-1, serdeInfo:SerDeInfo(name:null, serializationLib:org.apache.hadoop.hive.serde2.lazy.LazySimpleSerDe, parameters:{serialization.format=1}), bucketCols:[], sortCols:[], parameters:{}, skewedInfo:SkewedInfo(skewedColNames:[], skewedColValues:[], skewedColValueLocationMaps:{}), storedAsSubDirectories:false), partitionKeys:[FieldSchema(name:p, type:string, comment:null)], parameters:{bucketing_version=2}, viewOriginalText:null, viewExpandedText:null, tableType:MANAGED_TABLE, privileges:PrincipalPrivilegeSet(userPrivileges:{alex=[PrivilegeGrantInfo(privilege:INSERT, createTime:-1, grantor:alex, grantorType:USER, grantOption:true), PrivilegeGrantInfo(privilege:SELECT, createTime:-1, grantor:alex, grantorType:USER, grantOption:true), PrivilegeGrantInfo(privilege:UPDATE, createTime:-1, grantor:alex, grantorType:USER, grantOption:true), PrivilegeGrantInfo(privilege:DELETE, createTime:-1, grantor:alex, grantorType:USER, grantOption:true)]}, groupPrivileges:null, rolePrivileges:null), temporary:false, catName:hive, ownerType:USER)	
2024-04-24T05:30:59,562  INFO [main] utils.FileUtils: Creating directory if it doesn't exist: file:/home/alex/Repositories/hive/ql/target/tmp/org.apache.hadoop.hive.ql.util.TestHiveStrictManagedMigration-1713961843282/warehouse/manwhout
2024-04-24T05:30:59,590  INFO [main] metadata.Hive: Dumping metastore api call timing information for : execution phase
2024-04-24T05:30:59,591  INFO [main] metadata.Hive: Total time spent in each metastore function (ms): {createTable_(Table)=35, isCompatibleWith_(Configuration)=0}
2024-04-24T05:30:59,591  INFO [main] ql.Driver: Completed executing command(queryId=alex_20240424053059_899ed322-624f-4cc4-a154-350d5f174fd6); Time taken: 0.036 seconds
2024-04-24T05:30:59,591  INFO [main] lockmgr.DbTxnManager: Stopped heartbeat for query: alex_20240424053059_899ed322-624f-4cc4-a154-350d5f174fd6
2024-04-24T05:30:59,595  INFO [main] txn.TxnHandler: Expected to move at least one record from txn_components to completed_txn_components when committing txn! txnid:32
2024-04-24T05:30:59,603  INFO [main] txn.TxnHandler: Removed transactions: ([32]) from MIN_HISTORY_LEVEL
2024-04-24T05:30:59,603  WARN [main] txn.CompactionTxnHandler: No compaction queue record found for Compaction type transaction commit. txnId:32
2024-04-24T05:30:59,604  INFO [main] ql.TxnCommandsBaseForTests: Running the query: alter table manwhout add partition (p='p1') location '/home/alex/Repositories/hive/ql/target/tmp/org.apache.hadoop.hive.ql.util.TestHiveStrictManagedMigration-1713961843282/tmp/manwhoutp1'
2024-04-24T05:30:59,604  INFO [main] ql.Driver: Compiling command(queryId=alex_20240424053059_adf6ce5d-8a1e-4365-b27a-f8b63bcc7b8c): alter table manwhout add partition (p='p1') location '/home/alex/Repositories/hive/ql/target/tmp/org.apache.hadoop.hive.ql.util.TestHiveStrictManagedMigration-1713961843282/tmp/manwhoutp1'
2024-04-24T05:30:59,607  INFO [main] txn.TxnHandler: Added entries to MIN_HISTORY_LEVEL for current txns: ([33]) with min_open_txn: 13
2024-04-24T05:30:59,607  INFO [main] lockmgr.DbTxnManager: Opened txnid:33
2024-04-24T05:30:59,608  INFO [main] HiveMetaStore.audit: ugi=alex	ip=unknown-ip-addr	cmd=get_table : tbl=hive.default.manwhout	
2024-04-24T05:30:59,621  INFO [main] metastore.HMSHandler: Skipping translation for processor with null
2024-04-24T05:30:59,622  INFO [main] ql.Driver: Semantic Analysis Completed (retrial = false)
2024-04-24T05:30:59,622  INFO [main] ql.Driver: Created Hive schema: Schema(fieldSchemas:null, properties:null)
2024-04-24T05:30:59,622  INFO [main] metadata.Hive: Dumping metastore api call timing information for : compilation phase
2024-04-24T05:30:59,622  INFO [main] metadata.Hive: Total time spent in each metastore function (ms): {getTable_(GetTableRequest)=13, flushCache_()=1, openTxn_(String, TxnType)=2, commitTxn_(CommitTxnRequest)=12, isCompatibleWith_(Configuration)=0, getValidTxns_(long)=0}
2024-04-24T05:30:59,622  INFO [main] ql.Driver: Completed compiling command(queryId=alex_20240424053059_adf6ce5d-8a1e-4365-b27a-f8b63bcc7b8c); Time taken: 0.018 seconds
2024-04-24T05:30:59,623  INFO [main] lockmgr.DbTxnManager: Setting lock request transaction to txnid:33 for queryId=alex_20240424053059_adf6ce5d-8a1e-4365-b27a-f8b63bcc7b8c
2024-04-24T05:30:59,623  INFO [main] lockmgr.DbLockManager: Requesting lock for queryId=alex_20240424053059_adf6ce5d-8a1e-4365-b27a-f8b63bcc7b8c
2024-04-24T05:30:59,641  INFO [main] lockmgr.DbLockManager: Response to queryId=alex_20240424053059_adf6ce5d-8a1e-4365-b27a-f8b63bcc7b8c LockResponse(lockid:13, state:ACQUIRED)
2024-04-24T05:30:59,641  INFO [main] ql.Driver: Operation ALTERTABLE_ADDPARTS obtained 1 locks
2024-04-24T05:30:59,641  INFO [main] ql.Driver: Executing command(queryId=alex_20240424053059_adf6ce5d-8a1e-4365-b27a-f8b63bcc7b8c): alter table manwhout add partition (p='p1') location '/home/alex/Repositories/hive/ql/target/tmp/org.apache.hadoop.hive.ql.util.TestHiveStrictManagedMigration-1713961843282/tmp/manwhoutp1'
2024-04-24T05:30:59,642  INFO [main] ql.Driver: Starting task [Stage-0:DDL] in serial mode
2024-04-24T05:30:59,642  INFO [main] HiveMetaStore.audit: ugi=alex	ip=unknown-ip-addr	cmd=get_table : tbl=hive.default.manwhout	
2024-04-24T05:30:59,655  INFO [main] metastore.HMSHandler: Skipping translation for processor with null
2024-04-24T05:30:59,655  INFO [main] HiveMetaStore.audit: ugi=alex	ip=unknown-ip-addr	cmd=add_partitions	
2024-04-24T05:30:59,668  INFO [HMSHandler #2] utils.FileUtils: Creating directory if it doesn't exist: file:/home/alex/Repositories/hive/ql/target/tmp/org.apache.hadoop.hive.ql.util.TestHiveStrictManagedMigration-1713961843282/tmp/manwhoutp1
2024-04-24T05:30:59,682  INFO [main] metadata.Hive: Dumping metastore api call timing information for : execution phase
2024-04-24T05:30:59,682  INFO [main] metadata.Hive: Total time spent in each metastore function (ms): {isCompatibleWith_(Configuration)=0, getTable_(GetTableRequest)=13, add_partitions_(List, boolean, boolean)=27}
2024-04-24T05:30:59,682  INFO [main] ql.Driver: Completed executing command(queryId=alex_20240424053059_adf6ce5d-8a1e-4365-b27a-f8b63bcc7b8c); Time taken: 0.041 seconds
2024-04-24T05:30:59,682  INFO [main] lockmgr.DbTxnManager: Stopped heartbeat for query: alex_20240424053059_adf6ce5d-8a1e-4365-b27a-f8b63bcc7b8c
2024-04-24T05:30:59,687  INFO [main] txn.TxnHandler: Expected to move at least one record from txn_components to completed_txn_components when committing txn! txnid:33
2024-04-24T05:30:59,694  INFO [main] txn.TxnHandler: Removed transactions: ([33]) from MIN_HISTORY_LEVEL
2024-04-24T05:30:59,695  WARN [main] txn.CompactionTxnHandler: No compaction queue record found for Compaction type transaction commit. txnId:33
2024-04-24T05:30:59,695  INFO [main] ql.TxnCommandsBaseForTests: Running the query: alter table manwhout add partition (p='p2') location '/home/alex/Repositories/hive/ql/target/tmp/org.apache.hadoop.hive.ql.util.TestHiveStrictManagedMigration-1713961843282/tmp/manwhoutp2'
2024-04-24T05:30:59,696  INFO [main] ql.Driver: Compiling command(queryId=alex_20240424053059_f976df0c-1772-4430-9a30-40ade2b799f9): alter table manwhout add partition (p='p2') location '/home/alex/Repositories/hive/ql/target/tmp/org.apache.hadoop.hive.ql.util.TestHiveStrictManagedMigration-1713961843282/tmp/manwhoutp2'
2024-04-24T05:30:59,698  INFO [main] txn.TxnHandler: Added entries to MIN_HISTORY_LEVEL for current txns: ([34]) with min_open_txn: 15
2024-04-24T05:30:59,699  INFO [main] lockmgr.DbTxnManager: Opened txnid:34
2024-04-24T05:30:59,700  INFO [main] HiveMetaStore.audit: ugi=alex	ip=unknown-ip-addr	cmd=get_table : tbl=hive.default.manwhout	
2024-04-24T05:30:59,712  INFO [main] metastore.HMSHandler: Skipping translation for processor with null
2024-04-24T05:30:59,712  INFO [main] ql.Driver: Semantic Analysis Completed (retrial = false)
2024-04-24T05:30:59,712  INFO [main] ql.Driver: Created Hive schema: Schema(fieldSchemas:null, properties:null)
2024-04-24T05:30:59,712  INFO [main] metadata.Hive: Dumping metastore api call timing information for : compilation phase
2024-04-24T05:30:59,713  INFO [main] metadata.Hive: Total time spent in each metastore function (ms): {getTable_(GetTableRequest)=12, openTxn_(String, TxnType)=3, flushCache_()=0, isCompatibleWith_(Configuration)=0, getValidTxns_(long)=1, commitTxn_(CommitTxnRequest)=13}
2024-04-24T05:30:59,713  INFO [main] ql.Driver: Completed compiling command(queryId=alex_20240424053059_f976df0c-1772-4430-9a30-40ade2b799f9); Time taken: 0.016 seconds
2024-04-24T05:30:59,713  INFO [main] lockmgr.DbTxnManager: Setting lock request transaction to txnid:34 for queryId=alex_20240424053059_f976df0c-1772-4430-9a30-40ade2b799f9
2024-04-24T05:30:59,713  INFO [main] lockmgr.DbLockManager: Requesting lock for queryId=alex_20240424053059_f976df0c-1772-4430-9a30-40ade2b799f9
2024-04-24T05:30:59,731  INFO [main] lockmgr.DbLockManager: Response to queryId=alex_20240424053059_f976df0c-1772-4430-9a30-40ade2b799f9 LockResponse(lockid:14, state:ACQUIRED)
2024-04-24T05:30:59,731  INFO [main] ql.Driver: Operation ALTERTABLE_ADDPARTS obtained 1 locks
2024-04-24T05:30:59,731  INFO [main] ql.Driver: Executing command(queryId=alex_20240424053059_f976df0c-1772-4430-9a30-40ade2b799f9): alter table manwhout add partition (p='p2') location '/home/alex/Repositories/hive/ql/target/tmp/org.apache.hadoop.hive.ql.util.TestHiveStrictManagedMigration-1713961843282/tmp/manwhoutp2'
2024-04-24T05:30:59,731  INFO [main] ql.Driver: Starting task [Stage-0:DDL] in serial mode
2024-04-24T05:30:59,731  INFO [main] HiveMetaStore.audit: ugi=alex	ip=unknown-ip-addr	cmd=get_table : tbl=hive.default.manwhout	
2024-04-24T05:30:59,743  INFO [main] metastore.HMSHandler: Skipping translation for processor with null
2024-04-24T05:30:59,743  INFO [main] HiveMetaStore.audit: ugi=alex	ip=unknown-ip-addr	cmd=add_partitions	
2024-04-24T05:30:59,756  INFO [HMSHandler #3] utils.FileUtils: Creating directory if it doesn't exist: file:/home/alex/Repositories/hive/ql/target/tmp/org.apache.hadoop.hive.ql.util.TestHiveStrictManagedMigration-1713961843282/tmp/manwhoutp2
2024-04-24T05:30:59,777  INFO [main] metadata.Hive: Dumping metastore api call timing information for : execution phase
2024-04-24T05:30:59,778  INFO [main] metadata.Hive: Total time spent in each metastore function (ms): {getTable_(GetTableRequest)=12, isCompatibleWith_(Configuration)=0, add_partitions_(List, boolean, boolean)=34}
2024-04-24T05:30:59,778  INFO [main] ql.Driver: Completed executing command(queryId=alex_20240424053059_f976df0c-1772-4430-9a30-40ade2b799f9); Time taken: 0.046 seconds
2024-04-24T05:30:59,778  INFO [main] lockmgr.DbTxnManager: Stopped heartbeat for query: alex_20240424053059_f976df0c-1772-4430-9a30-40ade2b799f9
2024-04-24T05:30:59,783  INFO [main] txn.TxnHandler: Expected to move at least one record from txn_components to completed_txn_components when committing txn! txnid:34
2024-04-24T05:30:59,790  INFO [main] txn.TxnHandler: Removed transactions: ([34]) from MIN_HISTORY_LEVEL
2024-04-24T05:30:59,790  WARN [main] txn.CompactionTxnHandler: No compaction queue record found for Compaction type transaction commit. txnId:34
2024-04-24T05:30:59,791  INFO [main] ql.TxnCommandsBaseForTests: Running the query: create table manwhmixed (a string) partitioned by (p string)
2024-04-24T05:30:59,791  INFO [main] ql.Driver: Compiling command(queryId=alex_20240424053059_e2c12201-cecb-4139-bd29-ce4eee110f12): create table manwhmixed (a string) partitioned by (p string)
2024-04-24T05:30:59,794  INFO [main] txn.TxnHandler: Added entries to MIN_HISTORY_LEVEL for current txns: ([35]) with min_open_txn: 18
2024-04-24T05:30:59,794  INFO [main] lockmgr.DbTxnManager: Opened txnid:35
2024-04-24T05:30:59,798  INFO [main] HiveMetaStore.audit: ugi=alex	ip=unknown-ip-addr	cmd=get_database: default	
2024-04-24T05:30:59,800  INFO [main] ql.Driver: Semantic Analysis Completed (retrial = false)
2024-04-24T05:30:59,800  INFO [main] ql.Driver: Created Hive schema: Schema(fieldSchemas:null, properties:null)
2024-04-24T05:30:59,800  INFO [main] metadata.Hive: Dumping metastore api call timing information for : compilation phase
2024-04-24T05:30:59,800  INFO [main] metadata.Hive: Total time spent in each metastore function (ms): {getValidTxns_(long)=1, getDatabase_(String)=2, flushCache_()=0, commitTxn_(CommitTxnRequest)=12, isCompatibleWith_(Configuration)=1, openTxn_(String, TxnType)=2, getValidWriteIds_(List, String)=3}
2024-04-24T05:30:59,800  INFO [main] ql.Driver: Completed compiling command(queryId=alex_20240424053059_e2c12201-cecb-4139-bd29-ce4eee110f12); Time taken: 0.009 seconds
2024-04-24T05:30:59,801  INFO [main] lockmgr.DbTxnManager: Setting lock request transaction to txnid:35 for queryId=alex_20240424053059_e2c12201-cecb-4139-bd29-ce4eee110f12
2024-04-24T05:30:59,801  INFO [main] lockmgr.DbLockManager: Requesting lock for queryId=alex_20240424053059_e2c12201-cecb-4139-bd29-ce4eee110f12
2024-04-24T05:30:59,819  INFO [main] lockmgr.DbLockManager: Response to queryId=alex_20240424053059_e2c12201-cecb-4139-bd29-ce4eee110f12 LockResponse(lockid:15, state:ACQUIRED)
2024-04-24T05:30:59,819  INFO [main] ql.Driver: Operation CREATETABLE obtained 1 locks
2024-04-24T05:30:59,819  INFO [main] ql.Driver: Executing command(queryId=alex_20240424053059_e2c12201-cecb-4139-bd29-ce4eee110f12): create table manwhmixed (a string) partitioned by (p string)
2024-04-24T05:30:59,819  INFO [main] ql.Driver: Starting task [Stage-0:DDL] in serial mode
2024-04-24T05:30:59,820  INFO [main] HiveMetaStore.audit: ugi=alex	ip=unknown-ip-addr	cmd=create_table_req: Table(tableName:manwhmixed, dbName:default, owner:alex, createTime:1713961859, lastAccessTime:0, retention:0, sd:StorageDescriptor(cols:[FieldSchema(name:a, type:string, comment:null)], location:null, inputFormat:org.apache.hadoop.mapred.TextInputFormat, outputFormat:org.apache.hadoop.hive.ql.io.HiveIgnoreKeyTextOutputFormat, compressed:false, numBuckets:-1, serdeInfo:SerDeInfo(name:null, serializationLib:org.apache.hadoop.hive.serde2.lazy.LazySimpleSerDe, parameters:{serialization.format=1}), bucketCols:[], sortCols:[], parameters:{}, skewedInfo:SkewedInfo(skewedColNames:[], skewedColValues:[], skewedColValueLocationMaps:{}), storedAsSubDirectories:false), partitionKeys:[FieldSchema(name:p, type:string, comment:null)], parameters:{bucketing_version=2}, viewOriginalText:null, viewExpandedText:null, tableType:MANAGED_TABLE, privileges:PrincipalPrivilegeSet(userPrivileges:{alex=[PrivilegeGrantInfo(privilege:INSERT, createTime:-1, grantor:alex, grantorType:USER, grantOption:true), PrivilegeGrantInfo(privilege:SELECT, createTime:-1, grantor:alex, grantorType:USER, grantOption:true), PrivilegeGrantInfo(privilege:UPDATE, createTime:-1, grantor:alex, grantorType:USER, grantOption:true), PrivilegeGrantInfo(privilege:DELETE, createTime:-1, grantor:alex, grantorType:USER, grantOption:true)]}, groupPrivileges:null, rolePrivileges:null), temporary:false, catName:hive, ownerType:USER)	
2024-04-24T05:30:59,827  INFO [main] utils.FileUtils: Creating directory if it doesn't exist: file:/home/alex/Repositories/hive/ql/target/tmp/org.apache.hadoop.hive.ql.util.TestHiveStrictManagedMigration-1713961843282/warehouse/manwhmixed
2024-04-24T05:30:59,846  INFO [main] metadata.Hive: Dumping metastore api call timing information for : execution phase
2024-04-24T05:30:59,846  INFO [main] metadata.Hive: Total time spent in each metastore function (ms): {isCompatibleWith_(Configuration)=0, createTable_(Table)=25}
2024-04-24T05:30:59,846  INFO [main] ql.Driver: Completed executing command(queryId=alex_20240424053059_e2c12201-cecb-4139-bd29-ce4eee110f12); Time taken: 0.027 seconds
2024-04-24T05:30:59,846  INFO [main] lockmgr.DbTxnManager: Stopped heartbeat for query: alex_20240424053059_e2c12201-cecb-4139-bd29-ce4eee110f12
2024-04-24T05:30:59,851  INFO [main] txn.TxnHandler: Expected to move at least one record from txn_components to completed_txn_components when committing txn! txnid:35
2024-04-24T05:30:59,858  INFO [main] txn.TxnHandler: Removed transactions: ([35]) from MIN_HISTORY_LEVEL
2024-04-24T05:30:59,858  WARN [main] txn.CompactionTxnHandler: No compaction queue record found for Compaction type transaction commit. txnId:35
2024-04-24T05:30:59,859  INFO [main] ql.TxnCommandsBaseForTests: Running the query: alter table manwhmixed add partition (p='p1') location '/home/alex/Repositories/hive/ql/target/tmp/org.apache.hadoop.hive.ql.util.TestHiveStrictManagedMigration-1713961843282/tmp/manwhmixedp1'
2024-04-24T05:30:59,859  INFO [main] ql.Driver: Compiling command(queryId=alex_20240424053059_1e6decb8-a084-45fe-a174-665e77c75ad8): alter table manwhmixed add partition (p='p1') location '/home/alex/Repositories/hive/ql/target/tmp/org.apache.hadoop.hive.ql.util.TestHiveStrictManagedMigration-1713961843282/tmp/manwhmixedp1'
2024-04-24T05:30:59,862  INFO [main] txn.TxnHandler: Added entries to MIN_HISTORY_LEVEL for current txns: ([36]) with min_open_txn: 21
2024-04-24T05:30:59,862  INFO [main] lockmgr.DbTxnManager: Opened txnid:36
2024-04-24T05:30:59,863  INFO [main] HiveMetaStore.audit: ugi=alex	ip=unknown-ip-addr	cmd=get_table : tbl=hive.default.manwhmixed	
2024-04-24T05:30:59,876  INFO [main] metastore.HMSHandler: Skipping translation for processor with null
2024-04-24T05:30:59,876  INFO [main] ql.Driver: Semantic Analysis Completed (retrial = false)
2024-04-24T05:30:59,876  INFO [main] ql.Driver: Created Hive schema: Schema(fieldSchemas:null, properties:null)
2024-04-24T05:30:59,877  INFO [main] metadata.Hive: Dumping metastore api call timing information for : compilation phase
2024-04-24T05:30:59,877  INFO [main] metadata.Hive: Total time spent in each metastore function (ms): {openTxn_(String, TxnType)=2, commitTxn_(CommitTxnRequest)=12, flushCache_()=0, getTable_(GetTableRequest)=13, isCompatibleWith_(Configuration)=0, getValidTxns_(long)=1}
2024-04-24T05:30:59,877  INFO [main] ql.Driver: Completed compiling command(queryId=alex_20240424053059_1e6decb8-a084-45fe-a174-665e77c75ad8); Time taken: 0.017 seconds
2024-04-24T05:30:59,877  INFO [main] lockmgr.DbTxnManager: Setting lock request transaction to txnid:36 for queryId=alex_20240424053059_1e6decb8-a084-45fe-a174-665e77c75ad8
2024-04-24T05:30:59,877  INFO [main] lockmgr.DbLockManager: Requesting lock for queryId=alex_20240424053059_1e6decb8-a084-45fe-a174-665e77c75ad8
2024-04-24T05:30:59,895  INFO [main] lockmgr.DbLockManager: Response to queryId=alex_20240424053059_1e6decb8-a084-45fe-a174-665e77c75ad8 LockResponse(lockid:16, state:ACQUIRED)
2024-04-24T05:30:59,896  INFO [main] ql.Driver: Operation ALTERTABLE_ADDPARTS obtained 1 locks
2024-04-24T05:30:59,896  INFO [main] ql.Driver: Executing command(queryId=alex_20240424053059_1e6decb8-a084-45fe-a174-665e77c75ad8): alter table manwhmixed add partition (p='p1') location '/home/alex/Repositories/hive/ql/target/tmp/org.apache.hadoop.hive.ql.util.TestHiveStrictManagedMigration-1713961843282/tmp/manwhmixedp1'
2024-04-24T05:30:59,896  INFO [main] ql.Driver: Starting task [Stage-0:DDL] in serial mode
2024-04-24T05:30:59,896  INFO [main] HiveMetaStore.audit: ugi=alex	ip=unknown-ip-addr	cmd=get_table : tbl=hive.default.manwhmixed	
2024-04-24T05:30:59,911  INFO [main] metastore.HMSHandler: Skipping translation for processor with null
2024-04-24T05:30:59,911  INFO [main] HiveMetaStore.audit: ugi=alex	ip=unknown-ip-addr	cmd=add_partitions	
2024-04-24T05:30:59,925  INFO [HMSHandler #4] utils.FileUtils: Creating directory if it doesn't exist: file:/home/alex/Repositories/hive/ql/target/tmp/org.apache.hadoop.hive.ql.util.TestHiveStrictManagedMigration-1713961843282/tmp/manwhmixedp1
2024-04-24T05:30:59,938  INFO [main] metadata.Hive: Dumping metastore api call timing information for : execution phase
2024-04-24T05:30:59,939  INFO [main] metadata.Hive: Total time spent in each metastore function (ms): {isCompatibleWith_(Configuration)=0, getTable_(GetTableRequest)=15, add_partitions_(List, boolean, boolean)=27}
2024-04-24T05:30:59,939  INFO [main] ql.Driver: Completed executing command(queryId=alex_20240424053059_1e6decb8-a084-45fe-a174-665e77c75ad8); Time taken: 0.042 seconds
2024-04-24T05:30:59,939  INFO [main] lockmgr.DbTxnManager: Stopped heartbeat for query: alex_20240424053059_1e6decb8-a084-45fe-a174-665e77c75ad8
2024-04-24T05:30:59,943  INFO [main] txn.TxnHandler: Expected to move at least one record from txn_components to completed_txn_components when committing txn! txnid:36
2024-04-24T05:30:59,949  INFO [main] txn.TxnHandler: Removed transactions: ([36]) from MIN_HISTORY_LEVEL
2024-04-24T05:30:59,949  WARN [main] txn.CompactionTxnHandler: No compaction queue record found for Compaction type transaction commit. txnId:36
2024-04-24T05:30:59,950  INFO [main] ql.TxnCommandsBaseForTests: Running the query: alter table manwhmixed add partition (p='p2')
2024-04-24T05:30:59,950  INFO [main] ql.Driver: Compiling command(queryId=alex_20240424053059_bba08e21-4835-4e5e-a80e-f6240e06f850): alter table manwhmixed add partition (p='p2')
2024-04-24T05:30:59,953  INFO [main] txn.TxnHandler: Added entries to MIN_HISTORY_LEVEL for current txns: ([37]) with min_open_txn: 24
2024-04-24T05:30:59,953  INFO [main] lockmgr.DbTxnManager: Opened txnid:37
2024-04-24T05:30:59,954  INFO [main] HiveMetaStore.audit: ugi=alex	ip=unknown-ip-addr	cmd=get_table : tbl=hive.default.manwhmixed	
2024-04-24T05:30:59,973  INFO [main] metastore.HMSHandler: Skipping translation for processor with null
2024-04-24T05:30:59,974  INFO [main] ql.Driver: Semantic Analysis Completed (retrial = false)
2024-04-24T05:30:59,974  INFO [main] ql.Driver: Created Hive schema: Schema(fieldSchemas:null, properties:null)
2024-04-24T05:30:59,974  INFO [main] metadata.Hive: Dumping metastore api call timing information for : compilation phase
2024-04-24T05:30:59,974  INFO [main] metadata.Hive: Total time spent in each metastore function (ms): {getTable_(GetTableRequest)=19, isCompatibleWith_(Configuration)=0, flushCache_()=0, openTxn_(String, TxnType)=2, getValidTxns_(long)=0, commitTxn_(CommitTxnRequest)=11}
2024-04-24T05:30:59,974  INFO [main] ql.Driver: Completed compiling command(queryId=alex_20240424053059_bba08e21-4835-4e5e-a80e-f6240e06f850); Time taken: 0.024 seconds
2024-04-24T05:30:59,974  INFO [main] lockmgr.DbTxnManager: Setting lock request transaction to txnid:37 for queryId=alex_20240424053059_bba08e21-4835-4e5e-a80e-f6240e06f850
2024-04-24T05:30:59,975  INFO [main] lockmgr.DbLockManager: Requesting lock for queryId=alex_20240424053059_bba08e21-4835-4e5e-a80e-f6240e06f850
2024-04-24T05:31:00,023  INFO [main] lockmgr.DbLockManager: Response to queryId=alex_20240424053059_bba08e21-4835-4e5e-a80e-f6240e06f850 LockResponse(lockid:17, state:ACQUIRED)
2024-04-24T05:31:00,023  INFO [main] ql.Driver: Operation ALTERTABLE_ADDPARTS obtained 1 locks
2024-04-24T05:31:00,023  INFO [main] ql.Driver: Executing command(queryId=alex_20240424053059_bba08e21-4835-4e5e-a80e-f6240e06f850): alter table manwhmixed add partition (p='p2')
2024-04-24T05:31:00,023  INFO [main] ql.Driver: Starting task [Stage-0:DDL] in serial mode
2024-04-24T05:31:00,023  INFO [main] HiveMetaStore.audit: ugi=alex	ip=unknown-ip-addr	cmd=get_table : tbl=hive.default.manwhmixed	
2024-04-24T05:31:00,033  INFO [main] metastore.HMSHandler: Skipping translation for processor with null
2024-04-24T05:31:00,034  INFO [main] HiveMetaStore.audit: ugi=alex	ip=unknown-ip-addr	cmd=add_partitions	
2024-04-24T05:31:00,045  INFO [HMSHandler #5] utils.FileUtils: Creating directory if it doesn't exist: file:/home/alex/Repositories/hive/ql/target/tmp/org.apache.hadoop.hive.ql.util.TestHiveStrictManagedMigration-1713961843282/warehouse/manwhmixed/p=p2
2024-04-24T05:31:00,059  INFO [main] metadata.Hive: Dumping metastore api call timing information for : execution phase
2024-04-24T05:31:00,059  INFO [main] metadata.Hive: Total time spent in each metastore function (ms): {add_partitions_(List, boolean, boolean)=25, isCompatibleWith_(Configuration)=0, getTable_(GetTableRequest)=10}
2024-04-24T05:31:00,059  INFO [main] ql.Driver: Completed executing command(queryId=alex_20240424053059_bba08e21-4835-4e5e-a80e-f6240e06f850); Time taken: 0.036 seconds
2024-04-24T05:31:00,059  INFO [main] lockmgr.DbTxnManager: Stopped heartbeat for query: alex_20240424053059_bba08e21-4835-4e5e-a80e-f6240e06f850
2024-04-24T05:31:00,063  INFO [main] txn.TxnHandler: Expected to move at least one record from txn_components to completed_txn_components when committing txn! txnid:37
2024-04-24T05:31:00,068  INFO [main] txn.TxnHandler: Removed transactions: ([37]) from MIN_HISTORY_LEVEL
2024-04-24T05:31:00,068  WARN [main] txn.CompactionTxnHandler: No compaction queue record found for Compaction type transaction commit. txnId:37
2024-04-24T05:31:00,069  INFO [main] ql.TxnCommandsBaseForTests: Running the query: create table manoutout (a string) partitioned by (p string) location '/home/alex/Repositories/hive/ql/target/tmp/org.apache.hadoop.hive.ql.util.TestHiveStrictManagedMigration-1713961843282/tmp/manoutout'
2024-04-24T05:31:00,069  INFO [main] ql.Driver: Compiling command(queryId=alex_20240424053100_775c1875-9b04-4402-aecb-cf6083602302): create table manoutout (a string) partitioned by (p string) location '/home/alex/Repositories/hive/ql/target/tmp/org.apache.hadoop.hive.ql.util.TestHiveStrictManagedMigration-1713961843282/tmp/manoutout'
2024-04-24T05:31:00,072  INFO [main] txn.TxnHandler: Added entries to MIN_HISTORY_LEVEL for current txns: ([38]) with min_open_txn: 28
2024-04-24T05:31:00,072  INFO [main] lockmgr.DbTxnManager: Opened txnid:38
2024-04-24T05:31:00,076  INFO [main] HiveMetaStore.audit: ugi=alex	ip=unknown-ip-addr	cmd=get_database: default	
2024-04-24T05:31:00,079  INFO [main] ql.Driver: Semantic Analysis Completed (retrial = false)
2024-04-24T05:31:00,079  INFO [main] ql.Driver: Created Hive schema: Schema(fieldSchemas:null, properties:null)
2024-04-24T05:31:00,079  INFO [main] metadata.Hive: Dumping metastore api call timing information for : compilation phase
2024-04-24T05:31:00,079  INFO [main] metadata.Hive: Total time spent in each metastore function (ms): {openTxn_(String, TxnType)=2, getValidTxns_(long)=0, commitTxn_(CommitTxnRequest)=10, isCompatibleWith_(Configuration)=1, getValidWriteIds_(List, String)=3, flushCache_()=0, getDatabase_(String)=2}
2024-04-24T05:31:00,079  INFO [main] ql.Driver: Completed compiling command(queryId=alex_20240424053100_775c1875-9b04-4402-aecb-cf6083602302); Time taken: 0.01 seconds
2024-04-24T05:31:00,080  INFO [main] lockmgr.DbTxnManager: Setting lock request transaction to txnid:38 for queryId=alex_20240424053100_775c1875-9b04-4402-aecb-cf6083602302
2024-04-24T05:31:00,080  INFO [main] lockmgr.DbLockManager: Requesting lock for queryId=alex_20240424053100_775c1875-9b04-4402-aecb-cf6083602302
2024-04-24T05:31:00,098  INFO [main] lockmgr.DbLockManager: Response to queryId=alex_20240424053100_775c1875-9b04-4402-aecb-cf6083602302 LockResponse(lockid:18, state:ACQUIRED)
2024-04-24T05:31:00,098  INFO [main] ql.Driver: Operation CREATETABLE obtained 1 locks
2024-04-24T05:31:00,098  INFO [main] ql.Driver: Executing command(queryId=alex_20240424053100_775c1875-9b04-4402-aecb-cf6083602302): create table manoutout (a string) partitioned by (p string) location '/home/alex/Repositories/hive/ql/target/tmp/org.apache.hadoop.hive.ql.util.TestHiveStrictManagedMigration-1713961843282/tmp/manoutout'
2024-04-24T05:31:00,098  INFO [main] ql.Driver: Starting task [Stage-0:DDL] in serial mode
2024-04-24T05:31:00,099  INFO [main] HiveMetaStore.audit: ugi=alex	ip=unknown-ip-addr	cmd=create_table_req: Table(tableName:manoutout, dbName:default, owner:alex, createTime:1713961860, lastAccessTime:0, retention:0, sd:StorageDescriptor(cols:[FieldSchema(name:a, type:string, comment:null)], location:file:/home/alex/Repositories/hive/ql/target/tmp/org.apache.hadoop.hive.ql.util.TestHiveStrictManagedMigration-1713961843282/tmp/manoutout, inputFormat:org.apache.hadoop.mapred.TextInputFormat, outputFormat:org.apache.hadoop.hive.ql.io.HiveIgnoreKeyTextOutputFormat, compressed:false, numBuckets:-1, serdeInfo:SerDeInfo(name:null, serializationLib:org.apache.hadoop.hive.serde2.lazy.LazySimpleSerDe, parameters:{serialization.format=1}), bucketCols:[], sortCols:[], parameters:{}, skewedInfo:SkewedInfo(skewedColNames:[], skewedColValues:[], skewedColValueLocationMaps:{}), storedAsSubDirectories:false), partitionKeys:[FieldSchema(name:p, type:string, comment:null)], parameters:{bucketing_version=2}, viewOriginalText:null, viewExpandedText:null, tableType:MANAGED_TABLE, privileges:PrincipalPrivilegeSet(userPrivileges:{alex=[PrivilegeGrantInfo(privilege:INSERT, createTime:-1, grantor:alex, grantorType:USER, grantOption:true), PrivilegeGrantInfo(privilege:SELECT, createTime:-1, grantor:alex, grantorType:USER, grantOption:true), PrivilegeGrantInfo(privilege:UPDATE, createTime:-1, grantor:alex, grantorType:USER, grantOption:true), PrivilegeGrantInfo(privilege:DELETE, createTime:-1, grantor:alex, grantorType:USER, grantOption:true)]}, groupPrivileges:null, rolePrivileges:null), temporary:false, catName:hive, ownerType:USER)	
2024-04-24T05:31:00,105  WARN [main] metastore.HMSHandler: Location: file:/home/alex/Repositories/hive/ql/target/tmp/org.apache.hadoop.hive.ql.util.TestHiveStrictManagedMigration-1713961843282/tmp/manoutout specified for non-external table:manoutout
2024-04-24T05:31:00,105  INFO [main] utils.FileUtils: Creating directory if it doesn't exist: file:/home/alex/Repositories/hive/ql/target/tmp/org.apache.hadoop.hive.ql.util.TestHiveStrictManagedMigration-1713961843282/tmp/manoutout
2024-04-24T05:31:00,130  INFO [main] metadata.Hive: Dumping metastore api call timing information for : execution phase
2024-04-24T05:31:00,130  INFO [main] metadata.Hive: Total time spent in each metastore function (ms): {isCompatibleWith_(Configuration)=1, createTable_(Table)=31}
2024-04-24T05:31:00,131  INFO [main] ql.Driver: Completed executing command(queryId=alex_20240424053100_775c1875-9b04-4402-aecb-cf6083602302); Time taken: 0.032 seconds
2024-04-24T05:31:00,131  INFO [main] lockmgr.DbTxnManager: Stopped heartbeat for query: alex_20240424053100_775c1875-9b04-4402-aecb-cf6083602302
2024-04-24T05:31:00,135  INFO [main] txn.TxnHandler: Expected to move at least one record from txn_components to completed_txn_components when committing txn! txnid:38
2024-04-24T05:31:00,142  INFO [main] txn.TxnHandler: Removed transactions: ([38]) from MIN_HISTORY_LEVEL
2024-04-24T05:31:00,142  WARN [main] txn.CompactionTxnHandler: No compaction queue record found for Compaction type transaction commit. txnId:38
2024-04-24T05:31:00,143  INFO [main] ql.TxnCommandsBaseForTests: Running the query: alter table manoutout add partition (p='p1')
2024-04-24T05:31:00,143  INFO [main] ql.Driver: Compiling command(queryId=alex_20240424053100_c5eed3a0-2258-47c0-a4f3-25824bd5759f): alter table manoutout add partition (p='p1')
2024-04-24T05:31:00,146  INFO [main] txn.TxnHandler: Added entries to MIN_HISTORY_LEVEL for current txns: ([39]) with min_open_txn: 29
2024-04-24T05:31:00,147  INFO [main] lockmgr.DbTxnManager: Opened txnid:39
2024-04-24T05:31:00,148  INFO [main] HiveMetaStore.audit: ugi=alex	ip=unknown-ip-addr	cmd=get_table : tbl=hive.default.manoutout	
2024-04-24T05:31:00,178  INFO [main] metastore.HMSHandler: Skipping translation for processor with null
2024-04-24T05:31:00,178  INFO [main] ql.Driver: Semantic Analysis Completed (retrial = false)
2024-04-24T05:31:00,178  INFO [main] ql.Driver: Created Hive schema: Schema(fieldSchemas:null, properties:null)
2024-04-24T05:31:00,179  INFO [main] metadata.Hive: Dumping metastore api call timing information for : compilation phase
2024-04-24T05:31:00,179  INFO [main] metadata.Hive: Total time spent in each metastore function (ms): {getTable_(GetTableRequest)=30, isCompatibleWith_(Configuration)=0, commitTxn_(CommitTxnRequest)=12, openTxn_(String, TxnType)=3, getValidTxns_(long)=1, flushCache_()=0}
2024-04-24T05:31:00,179  INFO [main] ql.Driver: Completed compiling command(queryId=alex_20240424053100_c5eed3a0-2258-47c0-a4f3-25824bd5759f); Time taken: 0.036 seconds
2024-04-24T05:31:00,179  INFO [main] lockmgr.DbTxnManager: Setting lock request transaction to txnid:39 for queryId=alex_20240424053100_c5eed3a0-2258-47c0-a4f3-25824bd5759f
2024-04-24T05:31:00,179  INFO [main] lockmgr.DbLockManager: Requesting lock for queryId=alex_20240424053100_c5eed3a0-2258-47c0-a4f3-25824bd5759f
2024-04-24T05:31:00,195  INFO [main] lockmgr.DbLockManager: Response to queryId=alex_20240424053100_c5eed3a0-2258-47c0-a4f3-25824bd5759f LockResponse(lockid:19, state:ACQUIRED)
2024-04-24T05:31:00,195  INFO [main] ql.Driver: Operation ALTERTABLE_ADDPARTS obtained 1 locks
2024-04-24T05:31:00,195  INFO [main] ql.Driver: Executing command(queryId=alex_20240424053100_c5eed3a0-2258-47c0-a4f3-25824bd5759f): alter table manoutout add partition (p='p1')
2024-04-24T05:31:00,196  INFO [main] ql.Driver: Starting task [Stage-0:DDL] in serial mode
2024-04-24T05:31:00,196  INFO [main] HiveMetaStore.audit: ugi=alex	ip=unknown-ip-addr	cmd=get_table : tbl=hive.default.manoutout	
2024-04-24T05:31:00,207  INFO [main] metastore.HMSHandler: Skipping translation for processor with null
2024-04-24T05:31:00,207  INFO [main] HiveMetaStore.audit: ugi=alex	ip=unknown-ip-addr	cmd=add_partitions	
2024-04-24T05:31:00,221  INFO [HMSHandler #6] utils.FileUtils: Creating directory if it doesn't exist: file:/home/alex/Repositories/hive/ql/target/tmp/org.apache.hadoop.hive.ql.util.TestHiveStrictManagedMigration-1713961843282/tmp/manoutout/p=p1
2024-04-24T05:31:00,243  INFO [main] metadata.Hive: Dumping metastore api call timing information for : execution phase
2024-04-24T05:31:00,243  INFO [main] metadata.Hive: Total time spent in each metastore function (ms): {getTable_(GetTableRequest)=11, add_partitions_(List, boolean, boolean)=36, isCompatibleWith_(Configuration)=0}
2024-04-24T05:31:00,243  INFO [main] ql.Driver: Completed executing command(queryId=alex_20240424053100_c5eed3a0-2258-47c0-a4f3-25824bd5759f); Time taken: 0.048 seconds
2024-04-24T05:31:00,243  INFO [main] lockmgr.DbTxnManager: Stopped heartbeat for query: alex_20240424053100_c5eed3a0-2258-47c0-a4f3-25824bd5759f
2024-04-24T05:31:00,248  INFO [main] txn.TxnHandler: Expected to move at least one record from txn_components to completed_txn_components when committing txn! txnid:39
2024-04-24T05:31:00,255  INFO [main] txn.TxnHandler: Removed transactions: ([39]) from MIN_HISTORY_LEVEL
2024-04-24T05:31:00,256  WARN [main] txn.CompactionTxnHandler: No compaction queue record found for Compaction type transaction commit. txnId:39
2024-04-24T05:31:00,256  INFO [main] ql.TxnCommandsBaseForTests: Running the query: alter table manoutout add partition (p='p2')
2024-04-24T05:31:00,257  INFO [main] ql.Driver: Compiling command(queryId=alex_20240424053100_47808e06-eb99-457c-922f-4414902d940f): alter table manoutout add partition (p='p2')
2024-04-24T05:31:00,260  INFO [main] txn.TxnHandler: Added entries to MIN_HISTORY_LEVEL for current txns: ([40]) with min_open_txn: 30
2024-04-24T05:31:00,261  INFO [main] lockmgr.DbTxnManager: Opened txnid:40
2024-04-24T05:31:00,262  INFO [main] HiveMetaStore.audit: ugi=alex	ip=unknown-ip-addr	cmd=get_table : tbl=hive.default.manoutout	
2024-04-24T05:31:00,274  INFO [main] metastore.HMSHandler: Skipping translation for processor with null
2024-04-24T05:31:00,274  INFO [main] ql.Driver: Semantic Analysis Completed (retrial = false)
2024-04-24T05:31:00,274  INFO [main] ql.Driver: Created Hive schema: Schema(fieldSchemas:null, properties:null)
2024-04-24T05:31:00,274  INFO [main] metadata.Hive: Dumping metastore api call timing information for : compilation phase
2024-04-24T05:31:00,274  INFO [main] metadata.Hive: Total time spent in each metastore function (ms): {getTable_(GetTableRequest)=12, openTxn_(String, TxnType)=3, getValidTxns_(long)=1, isCompatibleWith_(Configuration)=0, flushCache_()=0, commitTxn_(CommitTxnRequest)=13}
2024-04-24T05:31:00,275  INFO [main] ql.Driver: Completed compiling command(queryId=alex_20240424053100_47808e06-eb99-457c-922f-4414902d940f); Time taken: 0.017 seconds
2024-04-24T05:31:00,275  INFO [main] lockmgr.DbTxnManager: Setting lock request transaction to txnid:40 for queryId=alex_20240424053100_47808e06-eb99-457c-922f-4414902d940f
2024-04-24T05:31:00,275  INFO [main] lockmgr.DbLockManager: Requesting lock for queryId=alex_20240424053100_47808e06-eb99-457c-922f-4414902d940f
2024-04-24T05:31:00,293  INFO [main] lockmgr.DbLockManager: Response to queryId=alex_20240424053100_47808e06-eb99-457c-922f-4414902d940f LockResponse(lockid:20, state:ACQUIRED)
2024-04-24T05:31:00,293  INFO [main] ql.Driver: Operation ALTERTABLE_ADDPARTS obtained 1 locks
2024-04-24T05:31:00,293  INFO [main] ql.Driver: Executing command(queryId=alex_20240424053100_47808e06-eb99-457c-922f-4414902d940f): alter table manoutout add partition (p='p2')
2024-04-24T05:31:00,293  INFO [main] ql.Driver: Starting task [Stage-0:DDL] in serial mode
2024-04-24T05:31:00,294  INFO [main] HiveMetaStore.audit: ugi=alex	ip=unknown-ip-addr	cmd=get_table : tbl=hive.default.manoutout	
2024-04-24T05:31:00,311  INFO [main] metastore.HMSHandler: Skipping translation for processor with null
2024-04-24T05:31:00,311  INFO [main] HiveMetaStore.audit: ugi=alex	ip=unknown-ip-addr	cmd=add_partitions	
2024-04-24T05:31:00,324  INFO [HMSHandler #7] utils.FileUtils: Creating directory if it doesn't exist: file:/home/alex/Repositories/hive/ql/target/tmp/org.apache.hadoop.hive.ql.util.TestHiveStrictManagedMigration-1713961843282/tmp/manoutout/p=p2
2024-04-24T05:31:00,340  INFO [main] metadata.Hive: Dumping metastore api call timing information for : execution phase
2024-04-24T05:31:00,340  INFO [main] metadata.Hive: Total time spent in each metastore function (ms): {isCompatibleWith_(Configuration)=0, getTable_(GetTableRequest)=17, add_partitions_(List, boolean, boolean)=29}
2024-04-24T05:31:00,340  INFO [main] ql.Driver: Completed executing command(queryId=alex_20240424053100_47808e06-eb99-457c-922f-4414902d940f); Time taken: 0.047 seconds
2024-04-24T05:31:00,340  INFO [main] lockmgr.DbTxnManager: Stopped heartbeat for query: alex_20240424053100_47808e06-eb99-457c-922f-4414902d940f
2024-04-24T05:31:00,345  INFO [main] txn.TxnHandler: Expected to move at least one record from txn_components to completed_txn_components when committing txn! txnid:40
2024-04-24T05:31:00,352  INFO [main] txn.TxnHandler: Removed transactions: ([40]) from MIN_HISTORY_LEVEL
2024-04-24T05:31:00,353  WARN [main] txn.CompactionTxnHandler: No compaction queue record found for Compaction type transaction commit. txnId:40
2024-04-24T05:31:00,353  INFO [main] ql.TxnCommandsBaseForTests: Running the query: create external table extwhnone (a string)
2024-04-24T05:31:00,354  INFO [main] ql.Driver: Compiling command(queryId=alex_20240424053100_26c159e2-6b89-4842-854c-cc54f4d18cd3): create external table extwhnone (a string)
2024-04-24T05:31:00,357  INFO [main] txn.TxnHandler: Added entries to MIN_HISTORY_LEVEL for current txns: ([41]) with min_open_txn: 31
2024-04-24T05:31:00,357  INFO [main] lockmgr.DbTxnManager: Opened txnid:41
2024-04-24T05:31:00,364  INFO [main] HiveMetaStore.audit: ugi=alex	ip=unknown-ip-addr	cmd=get_database: default	
2024-04-24T05:31:00,366  INFO [main] ql.Driver: Semantic Analysis Completed (retrial = false)
2024-04-24T05:31:00,366  INFO [main] ql.Driver: Created Hive schema: Schema(fieldSchemas:null, properties:null)
2024-04-24T05:31:00,367  INFO [main] metadata.Hive: Dumping metastore api call timing information for : compilation phase
2024-04-24T05:31:00,367  INFO [main] metadata.Hive: Total time spent in each metastore function (ms): {getDatabase_(String)=2, isCompatibleWith_(Configuration)=1, flushCache_()=0, getValidTxns_(long)=1, getValidWriteIds_(List, String)=6, commitTxn_(CommitTxnRequest)=12, openTxn_(String, TxnType)=3}
2024-04-24T05:31:00,367  INFO [main] ql.Driver: Completed compiling command(queryId=alex_20240424053100_26c159e2-6b89-4842-854c-cc54f4d18cd3); Time taken: 0.012 seconds
2024-04-24T05:31:00,367  INFO [main] lockmgr.DbTxnManager: Setting lock request transaction to txnid:41 for queryId=alex_20240424053100_26c159e2-6b89-4842-854c-cc54f4d18cd3
2024-04-24T05:31:00,367  INFO [main] lockmgr.DbLockManager: Requesting lock for queryId=alex_20240424053100_26c159e2-6b89-4842-854c-cc54f4d18cd3
2024-04-24T05:31:00,385  INFO [main] lockmgr.DbLockManager: Response to queryId=alex_20240424053100_26c159e2-6b89-4842-854c-cc54f4d18cd3 LockResponse(lockid:21, state:ACQUIRED)
2024-04-24T05:31:00,385  INFO [main] ql.Driver: Operation CREATETABLE obtained 1 locks
2024-04-24T05:31:00,385  INFO [main] ql.Driver: Executing command(queryId=alex_20240424053100_26c159e2-6b89-4842-854c-cc54f4d18cd3): create external table extwhnone (a string)
2024-04-24T05:31:00,385  INFO [main] ql.Driver: Starting task [Stage-0:DDL] in serial mode
2024-04-24T05:31:00,387  INFO [main] HiveMetaStore.audit: ugi=alex	ip=unknown-ip-addr	cmd=create_table_req: Table(tableName:extwhnone, dbName:default, owner:alex, createTime:1713961860, lastAccessTime:0, retention:0, sd:StorageDescriptor(cols:[FieldSchema(name:a, type:string, comment:null)], location:null, inputFormat:org.apache.hadoop.mapred.TextInputFormat, outputFormat:org.apache.hadoop.hive.ql.io.HiveIgnoreKeyTextOutputFormat, compressed:false, numBuckets:-1, serdeInfo:SerDeInfo(name:null, serializationLib:org.apache.hadoop.hive.serde2.lazy.LazySimpleSerDe, parameters:{serialization.format=1}), bucketCols:[], sortCols:[], parameters:{}, skewedInfo:SkewedInfo(skewedColNames:[], skewedColValues:[], skewedColValueLocationMaps:{}), storedAsSubDirectories:false), partitionKeys:[], parameters:{EXTERNAL=TRUE, rawDataSize=0, COLUMN_STATS_ACCURATE={"BASIC_STATS":"true","COLUMN_STATS":{"a":"true"}}, totalSize=0, bucketing_version=2, numFilesErasureCoded=0, numRows=0, numFiles=0}, viewOriginalText:null, viewExpandedText:null, tableType:EXTERNAL_TABLE, privileges:PrincipalPrivilegeSet(userPrivileges:{alex=[PrivilegeGrantInfo(privilege:INSERT, createTime:-1, grantor:alex, grantorType:USER, grantOption:true), PrivilegeGrantInfo(privilege:SELECT, createTime:-1, grantor:alex, grantorType:USER, grantOption:true), PrivilegeGrantInfo(privilege:UPDATE, createTime:-1, grantor:alex, grantorType:USER, grantOption:true), PrivilegeGrantInfo(privilege:DELETE, createTime:-1, grantor:alex, grantorType:USER, grantOption:true)]}, groupPrivileges:null, rolePrivileges:null), temporary:false, catName:hive, ownerType:USER)	
2024-04-24T05:31:00,393  INFO [main] utils.FileUtils: Creating directory if it doesn't exist: file:/home/alex/Repositories/hive/ql/target/tmp/org.apache.hadoop.hive.ql.util.TestHiveStrictManagedMigration-1713961843282/warehouse/extwhnone
2024-04-24T05:31:00,409  INFO [main] metadata.Hive: Dumping metastore api call timing information for : execution phase
2024-04-24T05:31:00,409  INFO [main] metadata.Hive: Total time spent in each metastore function (ms): {createTable_(Table)=23, isCompatibleWith_(Configuration)=0}
2024-04-24T05:31:00,409  INFO [main] ql.Driver: Completed executing command(queryId=alex_20240424053100_26c159e2-6b89-4842-854c-cc54f4d18cd3); Time taken: 0.024 seconds
2024-04-24T05:31:00,409  INFO [main] lockmgr.DbTxnManager: Stopped heartbeat for query: alex_20240424053100_26c159e2-6b89-4842-854c-cc54f4d18cd3
2024-04-24T05:31:00,414  INFO [main] txn.TxnHandler: Expected to move at least one record from txn_components to completed_txn_components when committing txn! txnid:41
2024-04-24T05:31:00,424  INFO [main] txn.TxnHandler: Removed transactions: ([41]) from MIN_HISTORY_LEVEL
2024-04-24T05:31:00,424  WARN [main] txn.CompactionTxnHandler: No compaction queue record found for Compaction type transaction commit. txnId:41
2024-04-24T05:31:00,425  INFO [main] ql.TxnCommandsBaseForTests: Running the query: create external table extoutnone (a string) location '/home/alex/Repositories/hive/ql/target/tmp/org.apache.hadoop.hive.ql.util.TestHiveStrictManagedMigration-1713961843282/tmp/extoutnone'
2024-04-24T05:31:00,425  INFO [main] ql.Driver: Compiling command(queryId=alex_20240424053100_37772619-a679-4868-83bd-8ec4a36b9e56): create external table extoutnone (a string) location '/home/alex/Repositories/hive/ql/target/tmp/org.apache.hadoop.hive.ql.util.TestHiveStrictManagedMigration-1713961843282/tmp/extoutnone'
2024-04-24T05:31:00,430  INFO [main] txn.TxnHandler: Added entries to MIN_HISTORY_LEVEL for current txns: ([42]) with min_open_txn: 31
2024-04-24T05:31:00,430  INFO [main] lockmgr.DbTxnManager: Opened txnid:42
2024-04-24T05:31:00,435  INFO [main] HiveMetaStore.audit: ugi=alex	ip=unknown-ip-addr	cmd=get_database: default	
2024-04-24T05:31:00,438  INFO [main] ql.Driver: Semantic Analysis Completed (retrial = false)
2024-04-24T05:31:00,438  INFO [main] ql.Driver: Created Hive schema: Schema(fieldSchemas:null, properties:null)
2024-04-24T05:31:00,438  INFO [main] metadata.Hive: Dumping metastore api call timing information for : compilation phase
2024-04-24T05:31:00,438  INFO [main] metadata.Hive: Total time spent in each metastore function (ms): {flushCache_()=0, isCompatibleWith_(Configuration)=0, getValidTxns_(long)=1, getValidWriteIds_(List, String)=3, commitTxn_(CommitTxnRequest)=15, openTxn_(String, TxnType)=4, getDatabase_(String)=3}
2024-04-24T05:31:00,439  INFO [main] ql.Driver: Completed compiling command(queryId=alex_20240424053100_37772619-a679-4868-83bd-8ec4a36b9e56); Time taken: 0.013 seconds
2024-04-24T05:31:00,439  INFO [main] lockmgr.DbTxnManager: Setting lock request transaction to txnid:42 for queryId=alex_20240424053100_37772619-a679-4868-83bd-8ec4a36b9e56
2024-04-24T05:31:00,439  INFO [main] lockmgr.DbLockManager: Requesting lock for queryId=alex_20240424053100_37772619-a679-4868-83bd-8ec4a36b9e56
2024-04-24T05:31:00,465  INFO [main] lockmgr.DbLockManager: Response to queryId=alex_20240424053100_37772619-a679-4868-83bd-8ec4a36b9e56 LockResponse(lockid:22, state:ACQUIRED)
2024-04-24T05:31:00,465  INFO [main] ql.Driver: Operation CREATETABLE obtained 1 locks
2024-04-24T05:31:00,465  INFO [main] ql.Driver: Executing command(queryId=alex_20240424053100_37772619-a679-4868-83bd-8ec4a36b9e56): create external table extoutnone (a string) location '/home/alex/Repositories/hive/ql/target/tmp/org.apache.hadoop.hive.ql.util.TestHiveStrictManagedMigration-1713961843282/tmp/extoutnone'
2024-04-24T05:31:00,465  INFO [main] ql.Driver: Starting task [Stage-0:DDL] in serial mode
2024-04-24T05:31:00,466  INFO [main] HiveMetaStore.audit: ugi=alex	ip=unknown-ip-addr	cmd=create_table_req: Table(tableName:extoutnone, dbName:default, owner:alex, createTime:1713961860, lastAccessTime:0, retention:0, sd:StorageDescriptor(cols:[FieldSchema(name:a, type:string, comment:null)], location:file:/home/alex/Repositories/hive/ql/target/tmp/org.apache.hadoop.hive.ql.util.TestHiveStrictManagedMigration-1713961843282/tmp/extoutnone, inputFormat:org.apache.hadoop.mapred.TextInputFormat, outputFormat:org.apache.hadoop.hive.ql.io.HiveIgnoreKeyTextOutputFormat, compressed:false, numBuckets:-1, serdeInfo:SerDeInfo(name:null, serializationLib:org.apache.hadoop.hive.serde2.lazy.LazySimpleSerDe, parameters:{serialization.format=1}), bucketCols:[], sortCols:[], parameters:{}, skewedInfo:SkewedInfo(skewedColNames:[], skewedColValues:[], skewedColValueLocationMaps:{}), storedAsSubDirectories:false), partitionKeys:[], parameters:{bucketing_version=2, EXTERNAL=TRUE}, viewOriginalText:null, viewExpandedText:null, tableType:EXTERNAL_TABLE, privileges:PrincipalPrivilegeSet(userPrivileges:{alex=[PrivilegeGrantInfo(privilege:INSERT, createTime:-1, grantor:alex, grantorType:USER, grantOption:true), PrivilegeGrantInfo(privilege:SELECT, createTime:-1, grantor:alex, grantorType:USER, grantOption:true), PrivilegeGrantInfo(privilege:UPDATE, createTime:-1, grantor:alex, grantorType:USER, grantOption:true), PrivilegeGrantInfo(privilege:DELETE, createTime:-1, grantor:alex, grantorType:USER, grantOption:true)]}, groupPrivileges:null, rolePrivileges:null), temporary:false, catName:hive, ownerType:USER)	
2024-04-24T05:31:00,476  INFO [main] utils.FileUtils: Creating directory if it doesn't exist: file:/home/alex/Repositories/hive/ql/target/tmp/org.apache.hadoop.hive.ql.util.TestHiveStrictManagedMigration-1713961843282/tmp/extoutnone
2024-04-24T05:31:00,504  INFO [main] metadata.Hive: Dumping metastore api call timing information for : execution phase
2024-04-24T05:31:00,504  INFO [main] metadata.Hive: Total time spent in each metastore function (ms): {isCompatibleWith_(Configuration)=0, createTable_(Table)=38}
2024-04-24T05:31:00,504  INFO [main] ql.Driver: Completed executing command(queryId=alex_20240424053100_37772619-a679-4868-83bd-8ec4a36b9e56); Time taken: 0.039 seconds
2024-04-24T05:31:00,505  INFO [main] lockmgr.DbTxnManager: Stopped heartbeat for query: alex_20240424053100_37772619-a679-4868-83bd-8ec4a36b9e56
2024-04-24T05:31:00,511  INFO [main] txn.TxnHandler: Expected to move at least one record from txn_components to completed_txn_components when committing txn! txnid:42
2024-04-24T05:31:00,521  INFO [main] txn.TxnHandler: Removed transactions: ([42]) from MIN_HISTORY_LEVEL
2024-04-24T05:31:00,521  WARN [main] txn.CompactionTxnHandler: No compaction queue record found for Compaction type transaction commit. txnId:42
2024-04-24T05:31:00,522  INFO [main] ql.TxnCommandsBaseForTests: Running the query: create external table extwhwh (a string) partitioned by (p string)
2024-04-24T05:31:00,522  INFO [main] ql.Driver: Compiling command(queryId=alex_20240424053100_86ed48d9-26b3-417e-802c-55c371dd6bfa): create external table extwhwh (a string) partitioned by (p string)
2024-04-24T05:31:00,526  INFO [main] txn.TxnHandler: Added entries to MIN_HISTORY_LEVEL for current txns: ([43]) with min_open_txn: 33
2024-04-24T05:31:00,526  INFO [main] lockmgr.DbTxnManager: Opened txnid:43
2024-04-24T05:31:00,532  INFO [main] HiveMetaStore.audit: ugi=alex	ip=unknown-ip-addr	cmd=get_database: default	
2024-04-24T05:31:00,535  INFO [main] ql.Driver: Semantic Analysis Completed (retrial = false)
2024-04-24T05:31:00,535  INFO [main] ql.Driver: Created Hive schema: Schema(fieldSchemas:null, properties:null)
2024-04-24T05:31:00,535  INFO [main] metadata.Hive: Dumping metastore api call timing information for : compilation phase
2024-04-24T05:31:00,535  INFO [main] metadata.Hive: Total time spent in each metastore function (ms): {flushCache_()=0, getDatabase_(String)=2, getValidTxns_(long)=1, openTxn_(String, TxnType)=3, getValidWriteIds_(List, String)=3, commitTxn_(CommitTxnRequest)=17, isCompatibleWith_(Configuration)=0}
2024-04-24T05:31:00,535  INFO [main] ql.Driver: Completed compiling command(queryId=alex_20240424053100_86ed48d9-26b3-417e-802c-55c371dd6bfa); Time taken: 0.013 seconds
2024-04-24T05:31:00,536  INFO [main] lockmgr.DbTxnManager: Setting lock request transaction to txnid:43 for queryId=alex_20240424053100_86ed48d9-26b3-417e-802c-55c371dd6bfa
2024-04-24T05:31:00,536  INFO [main] lockmgr.DbLockManager: Requesting lock for queryId=alex_20240424053100_86ed48d9-26b3-417e-802c-55c371dd6bfa
2024-04-24T05:31:00,559  INFO [main] lockmgr.DbLockManager: Response to queryId=alex_20240424053100_86ed48d9-26b3-417e-802c-55c371dd6bfa LockResponse(lockid:23, state:ACQUIRED)
2024-04-24T05:31:00,559  INFO [main] ql.Driver: Operation CREATETABLE obtained 1 locks
2024-04-24T05:31:00,560  INFO [main] ql.Driver: Executing command(queryId=alex_20240424053100_86ed48d9-26b3-417e-802c-55c371dd6bfa): create external table extwhwh (a string) partitioned by (p string)
2024-04-24T05:31:00,560  INFO [main] ql.Driver: Starting task [Stage-0:DDL] in serial mode
2024-04-24T05:31:00,561  INFO [main] HiveMetaStore.audit: ugi=alex	ip=unknown-ip-addr	cmd=create_table_req: Table(tableName:extwhwh, dbName:default, owner:alex, createTime:1713961860, lastAccessTime:0, retention:0, sd:StorageDescriptor(cols:[FieldSchema(name:a, type:string, comment:null)], location:null, inputFormat:org.apache.hadoop.mapred.TextInputFormat, outputFormat:org.apache.hadoop.hive.ql.io.HiveIgnoreKeyTextOutputFormat, compressed:false, numBuckets:-1, serdeInfo:SerDeInfo(name:null, serializationLib:org.apache.hadoop.hive.serde2.lazy.LazySimpleSerDe, parameters:{serialization.format=1}), bucketCols:[], sortCols:[], parameters:{}, skewedInfo:SkewedInfo(skewedColNames:[], skewedColValues:[], skewedColValueLocationMaps:{}), storedAsSubDirectories:false), partitionKeys:[FieldSchema(name:p, type:string, comment:null)], parameters:{bucketing_version=2, EXTERNAL=TRUE}, viewOriginalText:null, viewExpandedText:null, tableType:EXTERNAL_TABLE, privileges:PrincipalPrivilegeSet(userPrivileges:{alex=[PrivilegeGrantInfo(privilege:INSERT, createTime:-1, grantor:alex, grantorType:USER, grantOption:true), PrivilegeGrantInfo(privilege:SELECT, createTime:-1, grantor:alex, grantorType:USER, grantOption:true), PrivilegeGrantInfo(privilege:UPDATE, createTime:-1, grantor:alex, grantorType:USER, grantOption:true), PrivilegeGrantInfo(privilege:DELETE, createTime:-1, grantor:alex, grantorType:USER, grantOption:true)]}, groupPrivileges:null, rolePrivileges:null), temporary:false, catName:hive, ownerType:USER)	
2024-04-24T05:31:00,570  INFO [main] utils.FileUtils: Creating directory if it doesn't exist: file:/home/alex/Repositories/hive/ql/target/tmp/org.apache.hadoop.hive.ql.util.TestHiveStrictManagedMigration-1713961843282/warehouse/extwhwh
2024-04-24T05:31:00,592  INFO [main] metadata.Hive: Dumping metastore api call timing information for : execution phase
2024-04-24T05:31:00,592  INFO [main] metadata.Hive: Total time spent in each metastore function (ms): {createTable_(Table)=31, isCompatibleWith_(Configuration)=0}
2024-04-24T05:31:00,592  INFO [main] ql.Driver: Completed executing command(queryId=alex_20240424053100_86ed48d9-26b3-417e-802c-55c371dd6bfa); Time taken: 0.032 seconds
2024-04-24T05:31:00,593  INFO [main] lockmgr.DbTxnManager: Stopped heartbeat for query: alex_20240424053100_86ed48d9-26b3-417e-802c-55c371dd6bfa
2024-04-24T05:31:00,598  INFO [main] txn.TxnHandler: Expected to move at least one record from txn_components to completed_txn_components when committing txn! txnid:43
2024-04-24T05:31:00,607  INFO [main] txn.TxnHandler: Removed transactions: ([43]) from MIN_HISTORY_LEVEL
2024-04-24T05:31:00,607  WARN [main] txn.CompactionTxnHandler: No compaction queue record found for Compaction type transaction commit. txnId:43
2024-04-24T05:31:00,608  INFO [main] ql.TxnCommandsBaseForTests: Running the query: alter table extwhwh add partition (p='p1')
2024-04-24T05:31:00,608  INFO [main] ql.Driver: Compiling command(queryId=alex_20240424053100_0a0eb207-9911-477a-8dc7-b03b1ca06c73): alter table extwhwh add partition (p='p1')
2024-04-24T05:31:00,612  INFO [main] txn.TxnHandler: Added entries to MIN_HISTORY_LEVEL for current txns: ([44]) with min_open_txn: 34
2024-04-24T05:31:00,612  INFO [main] lockmgr.DbTxnManager: Opened txnid:44
2024-04-24T05:31:00,614  INFO [main] HiveMetaStore.audit: ugi=alex	ip=unknown-ip-addr	cmd=get_table : tbl=hive.default.extwhwh	
2024-04-24T05:31:00,654  INFO [main] metastore.HMSHandler: Skipping translation for processor with null
2024-04-24T05:31:00,655  INFO [main] ql.Driver: Semantic Analysis Completed (retrial = false)
2024-04-24T05:31:00,655  INFO [main] ql.Driver: Created Hive schema: Schema(fieldSchemas:null, properties:null)
2024-04-24T05:31:00,655  INFO [main] metadata.Hive: Dumping metastore api call timing information for : compilation phase
2024-04-24T05:31:00,655  INFO [main] metadata.Hive: Total time spent in each metastore function (ms): {openTxn_(String, TxnType)=3, commitTxn_(CommitTxnRequest)=15, isCompatibleWith_(Configuration)=1, flushCache_()=0, getValidTxns_(long)=0, getTable_(GetTableRequest)=42}
2024-04-24T05:31:00,655  INFO [main] ql.Driver: Completed compiling command(queryId=alex_20240424053100_0a0eb207-9911-477a-8dc7-b03b1ca06c73); Time taken: 0.047 seconds
2024-04-24T05:31:00,656  INFO [main] lockmgr.DbTxnManager: Setting lock request transaction to txnid:44 for queryId=alex_20240424053100_0a0eb207-9911-477a-8dc7-b03b1ca06c73
2024-04-24T05:31:00,656  INFO [main] ql.Driver: Operation ALTERTABLE_ADDPARTS obtained 0 locks
2024-04-24T05:31:00,656  INFO [main] ql.Driver: Executing command(queryId=alex_20240424053100_0a0eb207-9911-477a-8dc7-b03b1ca06c73): alter table extwhwh add partition (p='p1')
2024-04-24T05:31:00,656  INFO [main] ql.Driver: Starting task [Stage-0:DDL] in serial mode
2024-04-24T05:31:00,656  INFO [main] HiveMetaStore.audit: ugi=alex	ip=unknown-ip-addr	cmd=get_table : tbl=hive.default.extwhwh	
2024-04-24T05:31:00,667  INFO [main] metastore.HMSHandler: Skipping translation for processor with null
2024-04-24T05:31:00,668  INFO [main] HiveMetaStore.audit: ugi=alex	ip=unknown-ip-addr	cmd=add_partitions	
2024-04-24T05:31:00,683  INFO [HMSHandler #8] utils.FileUtils: Creating directory if it doesn't exist: file:/home/alex/Repositories/hive/ql/target/tmp/org.apache.hadoop.hive.ql.util.TestHiveStrictManagedMigration-1713961843282/warehouse/extwhwh/p=p1
2024-04-24T05:31:00,706  INFO [main] metadata.Hive: Dumping metastore api call timing information for : execution phase
2024-04-24T05:31:00,706  INFO [main] metadata.Hive: Total time spent in each metastore function (ms): {getTable_(GetTableRequest)=11, add_partitions_(List, boolean, boolean)=38, isCompatibleWith_(Configuration)=0}
2024-04-24T05:31:00,706  INFO [main] ql.Driver: Completed executing command(queryId=alex_20240424053100_0a0eb207-9911-477a-8dc7-b03b1ca06c73); Time taken: 0.05 seconds
2024-04-24T05:31:00,706  INFO [main] lockmgr.DbTxnManager: Stopped heartbeat for query: alex_20240424053100_0a0eb207-9911-477a-8dc7-b03b1ca06c73
2024-04-24T05:31:00,712  INFO [main] txn.TxnHandler: Expected to move at least one record from txn_components to completed_txn_components when committing txn! txnid:44
2024-04-24T05:31:00,719  INFO [main] txn.TxnHandler: Removed transactions: ([44]) from MIN_HISTORY_LEVEL
2024-04-24T05:31:00,719  WARN [main] txn.CompactionTxnHandler: No compaction queue record found for Compaction type transaction commit. txnId:44
2024-04-24T05:31:00,720  INFO [main] ql.TxnCommandsBaseForTests: Running the query: alter table extwhwh add partition (p='p2')
2024-04-24T05:31:00,720  INFO [main] ql.Driver: Compiling command(queryId=alex_20240424053100_1cb6fb89-3b7c-4c2b-b848-06b7628ca81a): alter table extwhwh add partition (p='p2')
2024-04-24T05:31:00,723  INFO [main] txn.TxnHandler: Added entries to MIN_HISTORY_LEVEL for current txns: ([45]) with min_open_txn: 35
2024-04-24T05:31:00,723  INFO [main] lockmgr.DbTxnManager: Opened txnid:45
2024-04-24T05:31:00,724  INFO [main] HiveMetaStore.audit: ugi=alex	ip=unknown-ip-addr	cmd=get_table : tbl=hive.default.extwhwh	
2024-04-24T05:31:00,735  INFO [main] metastore.HMSHandler: Skipping translation for processor with null
2024-04-24T05:31:00,735  INFO [main] ql.Driver: Semantic Analysis Completed (retrial = false)
2024-04-24T05:31:00,735  INFO [main] ql.Driver: Created Hive schema: Schema(fieldSchemas:null, properties:null)
2024-04-24T05:31:00,736  INFO [main] metadata.Hive: Dumping metastore api call timing information for : compilation phase
2024-04-24T05:31:00,736  INFO [main] metadata.Hive: Total time spent in each metastore function (ms): {getTable_(GetTableRequest)=11, getValidTxns_(long)=1, openTxn_(String, TxnType)=3, commitTxn_(CommitTxnRequest)=13, flushCache_()=0, isCompatibleWith_(Configuration)=0}
2024-04-24T05:31:00,736  INFO [main] ql.Driver: Completed compiling command(queryId=alex_20240424053100_1cb6fb89-3b7c-4c2b-b848-06b7628ca81a); Time taken: 0.015 seconds
2024-04-24T05:31:00,736  INFO [main] lockmgr.DbTxnManager: Setting lock request transaction to txnid:45 for queryId=alex_20240424053100_1cb6fb89-3b7c-4c2b-b848-06b7628ca81a
2024-04-24T05:31:00,736  INFO [main] ql.Driver: Operation ALTERTABLE_ADDPARTS obtained 0 locks
2024-04-24T05:31:00,736  INFO [main] ql.Driver: Executing command(queryId=alex_20240424053100_1cb6fb89-3b7c-4c2b-b848-06b7628ca81a): alter table extwhwh add partition (p='p2')
2024-04-24T05:31:00,736  INFO [main] ql.Driver: Starting task [Stage-0:DDL] in serial mode
2024-04-24T05:31:00,736  INFO [main] HiveMetaStore.audit: ugi=alex	ip=unknown-ip-addr	cmd=get_table : tbl=hive.default.extwhwh	
2024-04-24T05:31:00,748  INFO [main] metastore.HMSHandler: Skipping translation for processor with null
2024-04-24T05:31:00,749  INFO [main] HiveMetaStore.audit: ugi=alex	ip=unknown-ip-addr	cmd=add_partitions	
2024-04-24T05:31:00,761  INFO [HMSHandler #9] utils.FileUtils: Creating directory if it doesn't exist: file:/home/alex/Repositories/hive/ql/target/tmp/org.apache.hadoop.hive.ql.util.TestHiveStrictManagedMigration-1713961843282/warehouse/extwhwh/p=p2
2024-04-24T05:31:00,775  INFO [main] metadata.Hive: Dumping metastore api call timing information for : execution phase
2024-04-24T05:31:00,776  INFO [main] metadata.Hive: Total time spent in each metastore function (ms): {getTable_(GetTableRequest)=13, isCompatibleWith_(Configuration)=0, add_partitions_(List, boolean, boolean)=26}
2024-04-24T05:31:00,776  INFO [main] ql.Driver: Completed executing command(queryId=alex_20240424053100_1cb6fb89-3b7c-4c2b-b848-06b7628ca81a); Time taken: 0.039 seconds
2024-04-24T05:31:00,776  INFO [main] lockmgr.DbTxnManager: Stopped heartbeat for query: alex_20240424053100_1cb6fb89-3b7c-4c2b-b848-06b7628ca81a
2024-04-24T05:31:00,781  INFO [main] txn.TxnHandler: Expected to move at least one record from txn_components to completed_txn_components when committing txn! txnid:45
2024-04-24T05:31:00,788  INFO [main] txn.TxnHandler: Removed transactions: ([45]) from MIN_HISTORY_LEVEL
2024-04-24T05:31:00,788  WARN [main] txn.CompactionTxnHandler: No compaction queue record found for Compaction type transaction commit. txnId:45
2024-04-24T05:31:00,788  INFO [main] ql.TxnCommandsBaseForTests: Running the query: create external table extwhout (a string) partitioned by (p string)
2024-04-24T05:31:00,789  INFO [main] ql.Driver: Compiling command(queryId=alex_20240424053100_6df4d4e1-e43a-4533-9b04-f69e3db0e6bb): create external table extwhout (a string) partitioned by (p string)
2024-04-24T05:31:00,791  INFO [main] txn.TxnHandler: Added entries to MIN_HISTORY_LEVEL for current txns: ([46]) with min_open_txn: 35
2024-04-24T05:31:00,792  INFO [main] lockmgr.DbTxnManager: Opened txnid:46
2024-04-24T05:31:00,796  INFO [main] HiveMetaStore.audit: ugi=alex	ip=unknown-ip-addr	cmd=get_database: default	
2024-04-24T05:31:00,798  INFO [main] ql.Driver: Semantic Analysis Completed (retrial = false)
2024-04-24T05:31:00,798  INFO [main] ql.Driver: Created Hive schema: Schema(fieldSchemas:null, properties:null)
2024-04-24T05:31:00,798  INFO [main] metadata.Hive: Dumping metastore api call timing information for : compilation phase
2024-04-24T05:31:00,798  INFO [main] metadata.Hive: Total time spent in each metastore function (ms): {openTxn_(String, TxnType)=3, commitTxn_(CommitTxnRequest)=12, isCompatibleWith_(Configuration)=0, getDatabase_(String)=2, getValidTxns_(long)=0, getValidWriteIds_(List, String)=2, flushCache_()=0}
2024-04-24T05:31:00,798  INFO [main] ql.Driver: Completed compiling command(queryId=alex_20240424053100_6df4d4e1-e43a-4533-9b04-f69e3db0e6bb); Time taken: 0.009 seconds
2024-04-24T05:31:00,799  INFO [main] lockmgr.DbTxnManager: Setting lock request transaction to txnid:46 for queryId=alex_20240424053100_6df4d4e1-e43a-4533-9b04-f69e3db0e6bb
2024-04-24T05:31:00,799  INFO [main] lockmgr.DbLockManager: Requesting lock for queryId=alex_20240424053100_6df4d4e1-e43a-4533-9b04-f69e3db0e6bb
2024-04-24T05:31:00,816  INFO [main] lockmgr.DbLockManager: Response to queryId=alex_20240424053100_6df4d4e1-e43a-4533-9b04-f69e3db0e6bb LockResponse(lockid:24, state:ACQUIRED)
2024-04-24T05:31:00,816  INFO [main] ql.Driver: Operation CREATETABLE obtained 1 locks
2024-04-24T05:31:00,816  INFO [main] ql.Driver: Executing command(queryId=alex_20240424053100_6df4d4e1-e43a-4533-9b04-f69e3db0e6bb): create external table extwhout (a string) partitioned by (p string)
2024-04-24T05:31:00,816  INFO [main] ql.Driver: Starting task [Stage-0:DDL] in serial mode
2024-04-24T05:31:00,817  INFO [main] HiveMetaStore.audit: ugi=alex	ip=unknown-ip-addr	cmd=create_table_req: Table(tableName:extwhout, dbName:default, owner:alex, createTime:1713961860, lastAccessTime:0, retention:0, sd:StorageDescriptor(cols:[FieldSchema(name:a, type:string, comment:null)], location:null, inputFormat:org.apache.hadoop.mapred.TextInputFormat, outputFormat:org.apache.hadoop.hive.ql.io.HiveIgnoreKeyTextOutputFormat, compressed:false, numBuckets:-1, serdeInfo:SerDeInfo(name:null, serializationLib:org.apache.hadoop.hive.serde2.lazy.LazySimpleSerDe, parameters:{serialization.format=1}), bucketCols:[], sortCols:[], parameters:{}, skewedInfo:SkewedInfo(skewedColNames:[], skewedColValues:[], skewedColValueLocationMaps:{}), storedAsSubDirectories:false), partitionKeys:[FieldSchema(name:p, type:string, comment:null)], parameters:{bucketing_version=2, EXTERNAL=TRUE}, viewOriginalText:null, viewExpandedText:null, tableType:EXTERNAL_TABLE, privileges:PrincipalPrivilegeSet(userPrivileges:{alex=[PrivilegeGrantInfo(privilege:INSERT, createTime:-1, grantor:alex, grantorType:USER, grantOption:true), PrivilegeGrantInfo(privilege:SELECT, createTime:-1, grantor:alex, grantorType:USER, grantOption:true), PrivilegeGrantInfo(privilege:UPDATE, createTime:-1, grantor:alex, grantorType:USER, grantOption:true), PrivilegeGrantInfo(privilege:DELETE, createTime:-1, grantor:alex, grantorType:USER, grantOption:true)]}, groupPrivileges:null, rolePrivileges:null), temporary:false, catName:hive, ownerType:USER)	
2024-04-24T05:31:00,823  INFO [main] utils.FileUtils: Creating directory if it doesn't exist: file:/home/alex/Repositories/hive/ql/target/tmp/org.apache.hadoop.hive.ql.util.TestHiveStrictManagedMigration-1713961843282/warehouse/extwhout
2024-04-24T05:31:00,839  INFO [main] metadata.Hive: Dumping metastore api call timing information for : execution phase
2024-04-24T05:31:00,839  INFO [main] metadata.Hive: Total time spent in each metastore function (ms): {isCompatibleWith_(Configuration)=0, createTable_(Table)=21}
2024-04-24T05:31:00,839  INFO [main] ql.Driver: Completed executing command(queryId=alex_20240424053100_6df4d4e1-e43a-4533-9b04-f69e3db0e6bb); Time taken: 0.023 seconds
2024-04-24T05:31:00,839  INFO [main] lockmgr.DbTxnManager: Stopped heartbeat for query: alex_20240424053100_6df4d4e1-e43a-4533-9b04-f69e3db0e6bb
2024-04-24T05:31:00,843  INFO [main] txn.TxnHandler: Expected to move at least one record from txn_components to completed_txn_components when committing txn! txnid:46
2024-04-24T05:31:00,850  INFO [main] txn.TxnHandler: Removed transactions: ([46]) from MIN_HISTORY_LEVEL
2024-04-24T05:31:00,850  WARN [main] txn.CompactionTxnHandler: No compaction queue record found for Compaction type transaction commit. txnId:46
2024-04-24T05:31:00,851  INFO [main] ql.TxnCommandsBaseForTests: Running the query: alter table extwhout add partition (p='p1') location '/home/alex/Repositories/hive/ql/target/tmp/org.apache.hadoop.hive.ql.util.TestHiveStrictManagedMigration-1713961843282/tmp/extwhoutp1'
2024-04-24T05:31:00,851  INFO [main] ql.Driver: Compiling command(queryId=alex_20240424053100_6565dc1a-3482-4ab1-85f9-f7006beb446a): alter table extwhout add partition (p='p1') location '/home/alex/Repositories/hive/ql/target/tmp/org.apache.hadoop.hive.ql.util.TestHiveStrictManagedMigration-1713961843282/tmp/extwhoutp1'
2024-04-24T05:31:00,854  INFO [main] txn.TxnHandler: Added entries to MIN_HISTORY_LEVEL for current txns: ([47]) with min_open_txn: 36
2024-04-24T05:31:00,855  INFO [main] lockmgr.DbTxnManager: Opened txnid:47
2024-04-24T05:31:00,856  INFO [main] HiveMetaStore.audit: ugi=alex	ip=unknown-ip-addr	cmd=get_table : tbl=hive.default.extwhout	
2024-04-24T05:31:00,867  INFO [main] metastore.HMSHandler: Skipping translation for processor with null
2024-04-24T05:31:00,867  INFO [main] ql.Driver: Semantic Analysis Completed (retrial = false)
2024-04-24T05:31:00,867  INFO [main] ql.Driver: Created Hive schema: Schema(fieldSchemas:null, properties:null)
2024-04-24T05:31:00,867  INFO [main] metadata.Hive: Dumping metastore api call timing information for : compilation phase
2024-04-24T05:31:00,868  INFO [main] metadata.Hive: Total time spent in each metastore function (ms): {commitTxn_(CommitTxnRequest)=12, getTable_(GetTableRequest)=12, openTxn_(String, TxnType)=3, flushCache_()=0, getValidTxns_(long)=0, isCompatibleWith_(Configuration)=0}
2024-04-24T05:31:00,868  INFO [main] ql.Driver: Completed compiling command(queryId=alex_20240424053100_6565dc1a-3482-4ab1-85f9-f7006beb446a); Time taken: 0.016 seconds
2024-04-24T05:31:00,868  INFO [main] lockmgr.DbTxnManager: Setting lock request transaction to txnid:47 for queryId=alex_20240424053100_6565dc1a-3482-4ab1-85f9-f7006beb446a
2024-04-24T05:31:00,868  INFO [main] ql.Driver: Operation ALTERTABLE_ADDPARTS obtained 0 locks
2024-04-24T05:31:00,868  INFO [main] ql.Driver: Executing command(queryId=alex_20240424053100_6565dc1a-3482-4ab1-85f9-f7006beb446a): alter table extwhout add partition (p='p1') location '/home/alex/Repositories/hive/ql/target/tmp/org.apache.hadoop.hive.ql.util.TestHiveStrictManagedMigration-1713961843282/tmp/extwhoutp1'
2024-04-24T05:31:00,868  INFO [main] ql.Driver: Starting task [Stage-0:DDL] in serial mode
2024-04-24T05:31:00,868  INFO [main] HiveMetaStore.audit: ugi=alex	ip=unknown-ip-addr	cmd=get_table : tbl=hive.default.extwhout	
2024-04-24T05:31:00,880  INFO [main] metastore.HMSHandler: Skipping translation for processor with null
2024-04-24T05:31:00,880  INFO [main] HiveMetaStore.audit: ugi=alex	ip=unknown-ip-addr	cmd=add_partitions	
2024-04-24T05:31:00,893  INFO [HMSHandler #10] utils.FileUtils: Creating directory if it doesn't exist: file:/home/alex/Repositories/hive/ql/target/tmp/org.apache.hadoop.hive.ql.util.TestHiveStrictManagedMigration-1713961843282/tmp/extwhoutp1
2024-04-24T05:31:00,906  INFO [main] metadata.Hive: Dumping metastore api call timing information for : execution phase
2024-04-24T05:31:00,906  INFO [main] metadata.Hive: Total time spent in each metastore function (ms): {add_partitions_(List, boolean, boolean)=26, getTable_(GetTableRequest)=12, isCompatibleWith_(Configuration)=0}
2024-04-24T05:31:00,906  INFO [main] ql.Driver: Completed executing command(queryId=alex_20240424053100_6565dc1a-3482-4ab1-85f9-f7006beb446a); Time taken: 0.038 seconds
2024-04-24T05:31:00,906  INFO [main] lockmgr.DbTxnManager: Stopped heartbeat for query: alex_20240424053100_6565dc1a-3482-4ab1-85f9-f7006beb446a
2024-04-24T05:31:00,912  INFO [main] txn.TxnHandler: Expected to move at least one record from txn_components to completed_txn_components when committing txn! txnid:47
2024-04-24T05:31:00,919  INFO [main] txn.TxnHandler: Removed transactions: ([47]) from MIN_HISTORY_LEVEL
2024-04-24T05:31:00,919  WARN [main] txn.CompactionTxnHandler: No compaction queue record found for Compaction type transaction commit. txnId:47
2024-04-24T05:31:00,920  INFO [main] ql.TxnCommandsBaseForTests: Running the query: alter table extwhout add partition (p='p2') location '/home/alex/Repositories/hive/ql/target/tmp/org.apache.hadoop.hive.ql.util.TestHiveStrictManagedMigration-1713961843282/tmp/extwhoutp2'
2024-04-24T05:31:00,920  INFO [main] ql.Driver: Compiling command(queryId=alex_20240424053100_962d66ca-1ef0-4b5a-ab5e-26eea29bbfd9): alter table extwhout add partition (p='p2') location '/home/alex/Repositories/hive/ql/target/tmp/org.apache.hadoop.hive.ql.util.TestHiveStrictManagedMigration-1713961843282/tmp/extwhoutp2'
2024-04-24T05:31:00,922  INFO [main] txn.TxnHandler: Added entries to MIN_HISTORY_LEVEL for current txns: ([48]) with min_open_txn: 37
2024-04-24T05:31:00,923  INFO [main] lockmgr.DbTxnManager: Opened txnid:48
2024-04-24T05:31:00,924  INFO [main] HiveMetaStore.audit: ugi=alex	ip=unknown-ip-addr	cmd=get_table : tbl=hive.default.extwhout	
2024-04-24T05:31:00,936  INFO [main] metastore.HMSHandler: Skipping translation for processor with null
2024-04-24T05:31:00,936  INFO [main] ql.Driver: Semantic Analysis Completed (retrial = false)
2024-04-24T05:31:00,936  INFO [main] ql.Driver: Created Hive schema: Schema(fieldSchemas:null, properties:null)
2024-04-24T05:31:00,936  INFO [main] metadata.Hive: Dumping metastore api call timing information for : compilation phase
2024-04-24T05:31:00,936  INFO [main] metadata.Hive: Total time spent in each metastore function (ms): {getTable_(GetTableRequest)=12, openTxn_(String, TxnType)=3, isCompatibleWith_(Configuration)=0, commitTxn_(CommitTxnRequest)=13, flushCache_()=0, getValidTxns_(long)=1}
2024-04-24T05:31:00,936  INFO [main] ql.Driver: Completed compiling command(queryId=alex_20240424053100_962d66ca-1ef0-4b5a-ab5e-26eea29bbfd9); Time taken: 0.016 seconds
2024-04-24T05:31:00,937  INFO [main] lockmgr.DbTxnManager: Setting lock request transaction to txnid:48 for queryId=alex_20240424053100_962d66ca-1ef0-4b5a-ab5e-26eea29bbfd9
2024-04-24T05:31:00,937  INFO [main] ql.Driver: Operation ALTERTABLE_ADDPARTS obtained 0 locks
2024-04-24T05:31:00,937  INFO [main] ql.Driver: Executing command(queryId=alex_20240424053100_962d66ca-1ef0-4b5a-ab5e-26eea29bbfd9): alter table extwhout add partition (p='p2') location '/home/alex/Repositories/hive/ql/target/tmp/org.apache.hadoop.hive.ql.util.TestHiveStrictManagedMigration-1713961843282/tmp/extwhoutp2'
2024-04-24T05:31:00,937  INFO [main] ql.Driver: Starting task [Stage-0:DDL] in serial mode
2024-04-24T05:31:00,937  INFO [main] HiveMetaStore.audit: ugi=alex	ip=unknown-ip-addr	cmd=get_table : tbl=hive.default.extwhout	
2024-04-24T05:31:00,948  INFO [main] metastore.HMSHandler: Skipping translation for processor with null
2024-04-24T05:31:00,948  INFO [main] HiveMetaStore.audit: ugi=alex	ip=unknown-ip-addr	cmd=add_partitions	
2024-04-24T05:31:00,961  INFO [HMSHandler #11] utils.FileUtils: Creating directory if it doesn't exist: file:/home/alex/Repositories/hive/ql/target/tmp/org.apache.hadoop.hive.ql.util.TestHiveStrictManagedMigration-1713961843282/tmp/extwhoutp2
2024-04-24T05:31:00,976  INFO [main] metadata.Hive: Dumping metastore api call timing information for : execution phase
2024-04-24T05:31:00,976  INFO [main] metadata.Hive: Total time spent in each metastore function (ms): {isCompatibleWith_(Configuration)=0, getTable_(GetTableRequest)=11, add_partitions_(List, boolean, boolean)=27}
2024-04-24T05:31:00,976  INFO [main] ql.Driver: Completed executing command(queryId=alex_20240424053100_962d66ca-1ef0-4b5a-ab5e-26eea29bbfd9); Time taken: 0.039 seconds
2024-04-24T05:31:00,976  INFO [main] lockmgr.DbTxnManager: Stopped heartbeat for query: alex_20240424053100_962d66ca-1ef0-4b5a-ab5e-26eea29bbfd9
2024-04-24T05:31:00,982  INFO [main] txn.TxnHandler: Expected to move at least one record from txn_components to completed_txn_components when committing txn! txnid:48
2024-04-24T05:31:00,990  INFO [main] txn.TxnHandler: Removed transactions: ([48]) from MIN_HISTORY_LEVEL
2024-04-24T05:31:00,990  WARN [main] txn.CompactionTxnHandler: No compaction queue record found for Compaction type transaction commit. txnId:48
2024-04-24T05:31:00,991  INFO [main] ql.TxnCommandsBaseForTests: Running the query: create external table extwhmixed (a string) partitioned by (p string)
2024-04-24T05:31:00,991  INFO [main] ql.Driver: Compiling command(queryId=alex_20240424053100_25e1db9f-0d19-4390-aa02-a612ab791523): create external table extwhmixed (a string) partitioned by (p string)
2024-04-24T05:31:00,994  INFO [main] txn.TxnHandler: Added entries to MIN_HISTORY_LEVEL for current txns: ([49]) with min_open_txn: 38
2024-04-24T05:31:00,994  INFO [main] lockmgr.DbTxnManager: Opened txnid:49
2024-04-24T05:31:00,998  INFO [main] HiveMetaStore.audit: ugi=alex	ip=unknown-ip-addr	cmd=get_database: default	
2024-04-24T05:31:01,000  INFO [main] ql.Driver: Semantic Analysis Completed (retrial = false)
2024-04-24T05:31:01,000  INFO [main] ql.Driver: Created Hive schema: Schema(fieldSchemas:null, properties:null)
2024-04-24T05:31:01,001  INFO [main] metadata.Hive: Dumping metastore api call timing information for : compilation phase
2024-04-24T05:31:01,001  INFO [main] metadata.Hive: Total time spent in each metastore function (ms): {isCompatibleWith_(Configuration)=1, commitTxn_(CommitTxnRequest)=14, openTxn_(String, TxnType)=2, getDatabase_(String)=2, getValidWriteIds_(List, String)=3, flushCache_()=0, getValidTxns_(long)=1}
2024-04-24T05:31:01,001  INFO [main] ql.Driver: Completed compiling command(queryId=alex_20240424053100_25e1db9f-0d19-4390-aa02-a612ab791523); Time taken: 0.009 seconds
2024-04-24T05:31:01,001  INFO [main] lockmgr.DbTxnManager: Setting lock request transaction to txnid:49 for queryId=alex_20240424053100_25e1db9f-0d19-4390-aa02-a612ab791523
2024-04-24T05:31:01,001  INFO [main] lockmgr.DbLockManager: Requesting lock for queryId=alex_20240424053100_25e1db9f-0d19-4390-aa02-a612ab791523
2024-04-24T05:31:01,019  INFO [main] lockmgr.DbLockManager: Response to queryId=alex_20240424053100_25e1db9f-0d19-4390-aa02-a612ab791523 LockResponse(lockid:25, state:ACQUIRED)
2024-04-24T05:31:01,019  INFO [main] ql.Driver: Operation CREATETABLE obtained 1 locks
2024-04-24T05:31:01,019  INFO [main] ql.Driver: Executing command(queryId=alex_20240424053100_25e1db9f-0d19-4390-aa02-a612ab791523): create external table extwhmixed (a string) partitioned by (p string)
2024-04-24T05:31:01,019  INFO [main] ql.Driver: Starting task [Stage-0:DDL] in serial mode
2024-04-24T05:31:01,020  INFO [main] HiveMetaStore.audit: ugi=alex	ip=unknown-ip-addr	cmd=create_table_req: Table(tableName:extwhmixed, dbName:default, owner:alex, createTime:1713961861, lastAccessTime:0, retention:0, sd:StorageDescriptor(cols:[FieldSchema(name:a, type:string, comment:null)], location:null, inputFormat:org.apache.hadoop.mapred.TextInputFormat, outputFormat:org.apache.hadoop.hive.ql.io.HiveIgnoreKeyTextOutputFormat, compressed:false, numBuckets:-1, serdeInfo:SerDeInfo(name:null, serializationLib:org.apache.hadoop.hive.serde2.lazy.LazySimpleSerDe, parameters:{serialization.format=1}), bucketCols:[], sortCols:[], parameters:{}, skewedInfo:SkewedInfo(skewedColNames:[], skewedColValues:[], skewedColValueLocationMaps:{}), storedAsSubDirectories:false), partitionKeys:[FieldSchema(name:p, type:string, comment:null)], parameters:{bucketing_version=2, EXTERNAL=TRUE}, viewOriginalText:null, viewExpandedText:null, tableType:EXTERNAL_TABLE, privileges:PrincipalPrivilegeSet(userPrivileges:{alex=[PrivilegeGrantInfo(privilege:INSERT, createTime:-1, grantor:alex, grantorType:USER, grantOption:true), PrivilegeGrantInfo(privilege:SELECT, createTime:-1, grantor:alex, grantorType:USER, grantOption:true), PrivilegeGrantInfo(privilege:UPDATE, createTime:-1, grantor:alex, grantorType:USER, grantOption:true), PrivilegeGrantInfo(privilege:DELETE, createTime:-1, grantor:alex, grantorType:USER, grantOption:true)]}, groupPrivileges:null, rolePrivileges:null), temporary:false, catName:hive, ownerType:USER)	
2024-04-24T05:31:01,028  INFO [main] utils.FileUtils: Creating directory if it doesn't exist: file:/home/alex/Repositories/hive/ql/target/tmp/org.apache.hadoop.hive.ql.util.TestHiveStrictManagedMigration-1713961843282/warehouse/extwhmixed
2024-04-24T05:31:01,046  INFO [main] metadata.Hive: Dumping metastore api call timing information for : execution phase
2024-04-24T05:31:01,046  INFO [main] metadata.Hive: Total time spent in each metastore function (ms): {createTable_(Table)=26, isCompatibleWith_(Configuration)=0}
2024-04-24T05:31:01,046  INFO [main] ql.Driver: Completed executing command(queryId=alex_20240424053100_25e1db9f-0d19-4390-aa02-a612ab791523); Time taken: 0.027 seconds
2024-04-24T05:31:01,046  INFO [main] lockmgr.DbTxnManager: Stopped heartbeat for query: alex_20240424053100_25e1db9f-0d19-4390-aa02-a612ab791523
2024-04-24T05:31:01,051  INFO [main] txn.TxnHandler: Expected to move at least one record from txn_components to completed_txn_components when committing txn! txnid:49
2024-04-24T05:31:01,282  INFO [main] txn.TxnHandler: Removed transactions: ([49]) from MIN_HISTORY_LEVEL
2024-04-24T05:31:01,282  WARN [main] txn.CompactionTxnHandler: No compaction queue record found for Compaction type transaction commit. txnId:49
2024-04-24T05:31:01,283  INFO [main] ql.TxnCommandsBaseForTests: Running the query: alter table extwhmixed add partition (p='p1') location '/home/alex/Repositories/hive/ql/target/tmp/org.apache.hadoop.hive.ql.util.TestHiveStrictManagedMigration-1713961843282/tmp/extwhmixedp1'
2024-04-24T05:31:01,284  INFO [main] ql.Driver: Compiling command(queryId=alex_20240424053101_6d087e2c-ba40-461a-9e1f-017a181877aa): alter table extwhmixed add partition (p='p1') location '/home/alex/Repositories/hive/ql/target/tmp/org.apache.hadoop.hive.ql.util.TestHiveStrictManagedMigration-1713961843282/tmp/extwhmixedp1'
2024-04-24T05:31:01,287  INFO [main] txn.TxnHandler: Added entries to MIN_HISTORY_LEVEL for current txns: ([50]) with min_open_txn: 41
2024-04-24T05:31:01,287  INFO [main] lockmgr.DbTxnManager: Opened txnid:50
2024-04-24T05:31:01,288  INFO [main] HiveMetaStore.audit: ugi=alex	ip=unknown-ip-addr	cmd=get_table : tbl=hive.default.extwhmixed	
2024-04-24T05:31:01,299  INFO [main] metastore.HMSHandler: Skipping translation for processor with null
2024-04-24T05:31:01,299  INFO [main] ql.Driver: Semantic Analysis Completed (retrial = false)
2024-04-24T05:31:01,299  INFO [main] ql.Driver: Created Hive schema: Schema(fieldSchemas:null, properties:null)
2024-04-24T05:31:01,300  INFO [main] metadata.Hive: Dumping metastore api call timing information for : compilation phase
2024-04-24T05:31:01,300  INFO [main] metadata.Hive: Total time spent in each metastore function (ms): {openTxn_(String, TxnType)=2, commitTxn_(CommitTxnRequest)=237, flushCache_()=0, getValidTxns_(long)=1, getTable_(GetTableRequest)=11, isCompatibleWith_(Configuration)=1}
2024-04-24T05:31:01,300  INFO [main] ql.Driver: Completed compiling command(queryId=alex_20240424053101_6d087e2c-ba40-461a-9e1f-017a181877aa); Time taken: 0.017 seconds
2024-04-24T05:31:01,300  INFO [main] lockmgr.DbTxnManager: Setting lock request transaction to txnid:50 for queryId=alex_20240424053101_6d087e2c-ba40-461a-9e1f-017a181877aa
2024-04-24T05:31:01,300  INFO [main] ql.Driver: Operation ALTERTABLE_ADDPARTS obtained 0 locks
2024-04-24T05:31:01,300  INFO [main] ql.Driver: Executing command(queryId=alex_20240424053101_6d087e2c-ba40-461a-9e1f-017a181877aa): alter table extwhmixed add partition (p='p1') location '/home/alex/Repositories/hive/ql/target/tmp/org.apache.hadoop.hive.ql.util.TestHiveStrictManagedMigration-1713961843282/tmp/extwhmixedp1'
2024-04-24T05:31:01,300  INFO [main] ql.Driver: Starting task [Stage-0:DDL] in serial mode
2024-04-24T05:31:01,301  INFO [main] HiveMetaStore.audit: ugi=alex	ip=unknown-ip-addr	cmd=get_table : tbl=hive.default.extwhmixed	
2024-04-24T05:31:01,311  INFO [main] metastore.HMSHandler: Skipping translation for processor with null
2024-04-24T05:31:01,311  INFO [main] HiveMetaStore.audit: ugi=alex	ip=unknown-ip-addr	cmd=add_partitions	
2024-04-24T05:31:01,325  INFO [HMSHandler #12] utils.FileUtils: Creating directory if it doesn't exist: file:/home/alex/Repositories/hive/ql/target/tmp/org.apache.hadoop.hive.ql.util.TestHiveStrictManagedMigration-1713961843282/tmp/extwhmixedp1
2024-04-24T05:31:01,339  INFO [main] metadata.Hive: Dumping metastore api call timing information for : execution phase
2024-04-24T05:31:01,339  INFO [main] metadata.Hive: Total time spent in each metastore function (ms): {getTable_(GetTableRequest)=10, isCompatibleWith_(Configuration)=0, add_partitions_(List, boolean, boolean)=28}
2024-04-24T05:31:01,340  INFO [main] ql.Driver: Completed executing command(queryId=alex_20240424053101_6d087e2c-ba40-461a-9e1f-017a181877aa); Time taken: 0.039 seconds
2024-04-24T05:31:01,340  INFO [main] lockmgr.DbTxnManager: Stopped heartbeat for query: alex_20240424053101_6d087e2c-ba40-461a-9e1f-017a181877aa
2024-04-24T05:31:01,346  INFO [main] txn.TxnHandler: Expected to move at least one record from txn_components to completed_txn_components when committing txn! txnid:50
2024-04-24T05:31:01,352  INFO [main] txn.TxnHandler: Removed transactions: ([50]) from MIN_HISTORY_LEVEL
2024-04-24T05:31:01,353  WARN [main] txn.CompactionTxnHandler: No compaction queue record found for Compaction type transaction commit. txnId:50
2024-04-24T05:31:01,353  INFO [main] ql.TxnCommandsBaseForTests: Running the query: alter table extwhmixed add partition (p='p2')
2024-04-24T05:31:01,354  INFO [main] ql.Driver: Compiling command(queryId=alex_20240424053101_de27e2dd-782f-4675-b1d4-89986ada3077): alter table extwhmixed add partition (p='p2')
2024-04-24T05:31:01,356  INFO [main] txn.TxnHandler: Added entries to MIN_HISTORY_LEVEL for current txns: ([51]) with min_open_txn: 41
2024-04-24T05:31:01,357  INFO [main] lockmgr.DbTxnManager: Opened txnid:51
2024-04-24T05:31:01,358  INFO [main] HiveMetaStore.audit: ugi=alex	ip=unknown-ip-addr	cmd=get_table : tbl=hive.default.extwhmixed	
2024-04-24T05:31:01,372  INFO [main] metastore.HMSHandler: Skipping translation for processor with null
2024-04-24T05:31:01,373  INFO [main] ql.Driver: Semantic Analysis Completed (retrial = false)
2024-04-24T05:31:01,373  INFO [main] ql.Driver: Created Hive schema: Schema(fieldSchemas:null, properties:null)
2024-04-24T05:31:01,373  INFO [main] metadata.Hive: Dumping metastore api call timing information for : compilation phase
2024-04-24T05:31:01,373  INFO [main] metadata.Hive: Total time spent in each metastore function (ms): {openTxn_(String, TxnType)=3, getTable_(GetTableRequest)=15, isCompatibleWith_(Configuration)=0, flushCache_()=0, commitTxn_(CommitTxnRequest)=13, getValidTxns_(long)=0}
2024-04-24T05:31:01,373  INFO [main] ql.Driver: Completed compiling command(queryId=alex_20240424053101_de27e2dd-782f-4675-b1d4-89986ada3077); Time taken: 0.019 seconds
2024-04-24T05:31:01,374  INFO [main] lockmgr.DbTxnManager: Setting lock request transaction to txnid:51 for queryId=alex_20240424053101_de27e2dd-782f-4675-b1d4-89986ada3077
2024-04-24T05:31:01,374  INFO [main] ql.Driver: Operation ALTERTABLE_ADDPARTS obtained 0 locks
2024-04-24T05:31:01,374  INFO [main] ql.Driver: Executing command(queryId=alex_20240424053101_de27e2dd-782f-4675-b1d4-89986ada3077): alter table extwhmixed add partition (p='p2')
2024-04-24T05:31:01,374  INFO [main] ql.Driver: Starting task [Stage-0:DDL] in serial mode
2024-04-24T05:31:01,374  INFO [main] HiveMetaStore.audit: ugi=alex	ip=unknown-ip-addr	cmd=get_table : tbl=hive.default.extwhmixed	
2024-04-24T05:31:01,385  INFO [main] metastore.HMSHandler: Skipping translation for processor with null
2024-04-24T05:31:01,386  INFO [main] HiveMetaStore.audit: ugi=alex	ip=unknown-ip-addr	cmd=add_partitions	
2024-04-24T05:31:01,397  INFO [HMSHandler #13] utils.FileUtils: Creating directory if it doesn't exist: file:/home/alex/Repositories/hive/ql/target/tmp/org.apache.hadoop.hive.ql.util.TestHiveStrictManagedMigration-1713961843282/warehouse/extwhmixed/p=p2
2024-04-24T05:31:01,412  INFO [main] metadata.Hive: Dumping metastore api call timing information for : execution phase
2024-04-24T05:31:01,412  INFO [main] metadata.Hive: Total time spent in each metastore function (ms): {getTable_(GetTableRequest)=11, add_partitions_(List, boolean, boolean)=26, isCompatibleWith_(Configuration)=0}
2024-04-24T05:31:01,413  INFO [main] ql.Driver: Completed executing command(queryId=alex_20240424053101_de27e2dd-782f-4675-b1d4-89986ada3077); Time taken: 0.038 seconds
2024-04-24T05:31:01,413  INFO [main] lockmgr.DbTxnManager: Stopped heartbeat for query: alex_20240424053101_de27e2dd-782f-4675-b1d4-89986ada3077
2024-04-24T05:31:01,418  INFO [main] txn.TxnHandler: Expected to move at least one record from txn_components to completed_txn_components when committing txn! txnid:51
2024-04-24T05:31:01,424  INFO [main] txn.TxnHandler: Removed transactions: ([51]) from MIN_HISTORY_LEVEL
2024-04-24T05:31:01,424  WARN [main] txn.CompactionTxnHandler: No compaction queue record found for Compaction type transaction commit. txnId:51
2024-04-24T05:31:01,425  INFO [main] ql.TxnCommandsBaseForTests: Running the query: create external table extoutout (a string) partitioned by (p string) location '/home/alex/Repositories/hive/ql/target/tmp/org.apache.hadoop.hive.ql.util.TestHiveStrictManagedMigration-1713961843282/tmp/extoutout'
2024-04-24T05:31:01,426  INFO [main] ql.Driver: Compiling command(queryId=alex_20240424053101_6855ab28-4ad6-49d1-b56d-f0713f9c7f8e): create external table extoutout (a string) partitioned by (p string) location '/home/alex/Repositories/hive/ql/target/tmp/org.apache.hadoop.hive.ql.util.TestHiveStrictManagedMigration-1713961843282/tmp/extoutout'
2024-04-24T05:31:01,429  INFO [main] txn.TxnHandler: Added entries to MIN_HISTORY_LEVEL for current txns: ([52]) with min_open_txn: 42
2024-04-24T05:31:01,429  INFO [main] lockmgr.DbTxnManager: Opened txnid:52
2024-04-24T05:31:01,434  INFO [main] HiveMetaStore.audit: ugi=alex	ip=unknown-ip-addr	cmd=get_database: default	
2024-04-24T05:31:01,436  INFO [main] ql.Driver: Semantic Analysis Completed (retrial = false)
2024-04-24T05:31:01,436  INFO [main] ql.Driver: Created Hive schema: Schema(fieldSchemas:null, properties:null)
2024-04-24T05:31:01,436  INFO [main] metadata.Hive: Dumping metastore api call timing information for : compilation phase
2024-04-24T05:31:01,436  INFO [main] metadata.Hive: Total time spent in each metastore function (ms): {getValidWriteIds_(List, String)=3, flushCache_()=0, getDatabase_(String)=2, getValidTxns_(long)=0, commitTxn_(CommitTxnRequest)=12, openTxn_(String, TxnType)=3, isCompatibleWith_(Configuration)=1}
2024-04-24T05:31:01,436  INFO [main] ql.Driver: Completed compiling command(queryId=alex_20240424053101_6855ab28-4ad6-49d1-b56d-f0713f9c7f8e); Time taken: 0.011 seconds
2024-04-24T05:31:01,437  INFO [main] lockmgr.DbTxnManager: Setting lock request transaction to txnid:52 for queryId=alex_20240424053101_6855ab28-4ad6-49d1-b56d-f0713f9c7f8e
2024-04-24T05:31:01,437  INFO [main] lockmgr.DbLockManager: Requesting lock for queryId=alex_20240424053101_6855ab28-4ad6-49d1-b56d-f0713f9c7f8e
2024-04-24T05:31:01,455  INFO [main] lockmgr.DbLockManager: Response to queryId=alex_20240424053101_6855ab28-4ad6-49d1-b56d-f0713f9c7f8e LockResponse(lockid:26, state:ACQUIRED)
2024-04-24T05:31:01,455  INFO [main] ql.Driver: Operation CREATETABLE obtained 1 locks
2024-04-24T05:31:01,456  INFO [main] ql.Driver: Executing command(queryId=alex_20240424053101_6855ab28-4ad6-49d1-b56d-f0713f9c7f8e): create external table extoutout (a string) partitioned by (p string) location '/home/alex/Repositories/hive/ql/target/tmp/org.apache.hadoop.hive.ql.util.TestHiveStrictManagedMigration-1713961843282/tmp/extoutout'
2024-04-24T05:31:01,456  INFO [main] ql.Driver: Starting task [Stage-0:DDL] in serial mode
2024-04-24T05:31:01,457  INFO [main] HiveMetaStore.audit: ugi=alex	ip=unknown-ip-addr	cmd=create_table_req: Table(tableName:extoutout, dbName:default, owner:alex, createTime:1713961861, lastAccessTime:0, retention:0, sd:StorageDescriptor(cols:[FieldSchema(name:a, type:string, comment:null)], location:file:/home/alex/Repositories/hive/ql/target/tmp/org.apache.hadoop.hive.ql.util.TestHiveStrictManagedMigration-1713961843282/tmp/extoutout, inputFormat:org.apache.hadoop.mapred.TextInputFormat, outputFormat:org.apache.hadoop.hive.ql.io.HiveIgnoreKeyTextOutputFormat, compressed:false, numBuckets:-1, serdeInfo:SerDeInfo(name:null, serializationLib:org.apache.hadoop.hive.serde2.lazy.LazySimpleSerDe, parameters:{serialization.format=1}), bucketCols:[], sortCols:[], parameters:{}, skewedInfo:SkewedInfo(skewedColNames:[], skewedColValues:[], skewedColValueLocationMaps:{}), storedAsSubDirectories:false), partitionKeys:[FieldSchema(name:p, type:string, comment:null)], parameters:{EXTERNAL=TRUE, bucketing_version=2}, viewOriginalText:null, viewExpandedText:null, tableType:EXTERNAL_TABLE, privileges:PrincipalPrivilegeSet(userPrivileges:{alex=[PrivilegeGrantInfo(privilege:INSERT, createTime:-1, grantor:alex, grantorType:USER, grantOption:true), PrivilegeGrantInfo(privilege:SELECT, createTime:-1, grantor:alex, grantorType:USER, grantOption:true), PrivilegeGrantInfo(privilege:UPDATE, createTime:-1, grantor:alex, grantorType:USER, grantOption:true), PrivilegeGrantInfo(privilege:DELETE, createTime:-1, grantor:alex, grantorType:USER, grantOption:true)]}, groupPrivileges:null, rolePrivileges:null), temporary:false, catName:hive, ownerType:USER)	
2024-04-24T05:31:01,463  INFO [main] utils.FileUtils: Creating directory if it doesn't exist: file:/home/alex/Repositories/hive/ql/target/tmp/org.apache.hadoop.hive.ql.util.TestHiveStrictManagedMigration-1713961843282/tmp/extoutout
2024-04-24T05:31:01,479  INFO [main] metadata.Hive: Dumping metastore api call timing information for : execution phase
2024-04-24T05:31:01,479  INFO [main] metadata.Hive: Total time spent in each metastore function (ms): {isCompatibleWith_(Configuration)=0, createTable_(Table)=22}
2024-04-24T05:31:01,480  INFO [main] ql.Driver: Completed executing command(queryId=alex_20240424053101_6855ab28-4ad6-49d1-b56d-f0713f9c7f8e); Time taken: 0.023 seconds
2024-04-24T05:31:01,480  INFO [main] lockmgr.DbTxnManager: Stopped heartbeat for query: alex_20240424053101_6855ab28-4ad6-49d1-b56d-f0713f9c7f8e
2024-04-24T05:31:01,483  INFO [main] txn.TxnHandler: Expected to move at least one record from txn_components to completed_txn_components when committing txn! txnid:52
2024-04-24T05:31:01,488  INFO [main] txn.TxnHandler: Removed transactions: ([52]) from MIN_HISTORY_LEVEL
2024-04-24T05:31:01,488  WARN [main] txn.CompactionTxnHandler: No compaction queue record found for Compaction type transaction commit. txnId:52
2024-04-24T05:31:01,489  INFO [main] ql.TxnCommandsBaseForTests: Running the query: alter table extoutout add partition (p='p1')
2024-04-24T05:31:01,489  INFO [main] ql.Driver: Compiling command(queryId=alex_20240424053101_c80aeef0-1022-4e26-bca2-d1f693be42dc): alter table extoutout add partition (p='p1')
2024-04-24T05:31:01,492  INFO [main] txn.TxnHandler: Added entries to MIN_HISTORY_LEVEL for current txns: ([53]) with min_open_txn: 43
2024-04-24T05:31:01,492  INFO [main] lockmgr.DbTxnManager: Opened txnid:53
2024-04-24T05:31:01,494  INFO [main] HiveMetaStore.audit: ugi=alex	ip=unknown-ip-addr	cmd=get_table : tbl=hive.default.extoutout	
2024-04-24T05:31:01,504  INFO [main] metastore.HMSHandler: Skipping translation for processor with null
2024-04-24T05:31:01,504  INFO [main] ql.Driver: Semantic Analysis Completed (retrial = false)
2024-04-24T05:31:01,504  INFO [main] ql.Driver: Created Hive schema: Schema(fieldSchemas:null, properties:null)
2024-04-24T05:31:01,504  INFO [main] metadata.Hive: Dumping metastore api call timing information for : compilation phase
2024-04-24T05:31:01,505  INFO [main] metadata.Hive: Total time spent in each metastore function (ms): {getTable_(GetTableRequest)=11, flushCache_()=0, commitTxn_(CommitTxnRequest)=9, openTxn_(String, TxnType)=2, isCompatibleWith_(Configuration)=0, getValidTxns_(long)=0}
2024-04-24T05:31:01,505  INFO [main] ql.Driver: Completed compiling command(queryId=alex_20240424053101_c80aeef0-1022-4e26-bca2-d1f693be42dc); Time taken: 0.015 seconds
2024-04-24T05:31:01,505  INFO [main] lockmgr.DbTxnManager: Setting lock request transaction to txnid:53 for queryId=alex_20240424053101_c80aeef0-1022-4e26-bca2-d1f693be42dc
2024-04-24T05:31:01,505  INFO [main] ql.Driver: Operation ALTERTABLE_ADDPARTS obtained 0 locks
2024-04-24T05:31:01,505  INFO [main] ql.Driver: Executing command(queryId=alex_20240424053101_c80aeef0-1022-4e26-bca2-d1f693be42dc): alter table extoutout add partition (p='p1')
2024-04-24T05:31:01,505  INFO [main] ql.Driver: Starting task [Stage-0:DDL] in serial mode
2024-04-24T05:31:01,505  INFO [main] HiveMetaStore.audit: ugi=alex	ip=unknown-ip-addr	cmd=get_table : tbl=hive.default.extoutout	
2024-04-24T05:31:01,516  INFO [main] metastore.HMSHandler: Skipping translation for processor with null
2024-04-24T05:31:01,516  INFO [main] HiveMetaStore.audit: ugi=alex	ip=unknown-ip-addr	cmd=add_partitions	
2024-04-24T05:31:01,527  INFO [HMSHandler #14] utils.FileUtils: Creating directory if it doesn't exist: file:/home/alex/Repositories/hive/ql/target/tmp/org.apache.hadoop.hive.ql.util.TestHiveStrictManagedMigration-1713961843282/tmp/extoutout/p=p1
2024-04-24T05:31:01,541  INFO [main] metadata.Hive: Dumping metastore api call timing information for : execution phase
2024-04-24T05:31:01,541  INFO [main] metadata.Hive: Total time spent in each metastore function (ms): {add_partitions_(List, boolean, boolean)=25, isCompatibleWith_(Configuration)=0, getTable_(GetTableRequest)=11}
2024-04-24T05:31:01,541  INFO [main] ql.Driver: Completed executing command(queryId=alex_20240424053101_c80aeef0-1022-4e26-bca2-d1f693be42dc); Time taken: 0.036 seconds
2024-04-24T05:31:01,541  INFO [main] lockmgr.DbTxnManager: Stopped heartbeat for query: alex_20240424053101_c80aeef0-1022-4e26-bca2-d1f693be42dc
2024-04-24T05:31:01,546  INFO [main] txn.TxnHandler: Expected to move at least one record from txn_components to completed_txn_components when committing txn! txnid:53
2024-04-24T05:31:01,554  INFO [main] txn.TxnHandler: Removed transactions: ([53]) from MIN_HISTORY_LEVEL
2024-04-24T05:31:01,554  WARN [main] txn.CompactionTxnHandler: No compaction queue record found for Compaction type transaction commit. txnId:53
2024-04-24T05:31:01,555  INFO [main] ql.TxnCommandsBaseForTests: Running the query: alter table extoutout add partition (p='p2')
2024-04-24T05:31:01,555  INFO [main] ql.Driver: Compiling command(queryId=alex_20240424053101_4116974f-4b13-40bb-baf3-f895275ef57a): alter table extoutout add partition (p='p2')
2024-04-24T05:31:01,559  INFO [main] txn.TxnHandler: Added entries to MIN_HISTORY_LEVEL for current txns: ([54]) with min_open_txn: 44
2024-04-24T05:31:01,559  INFO [main] lockmgr.DbTxnManager: Opened txnid:54
2024-04-24T05:31:01,560  INFO [main] HiveMetaStore.audit: ugi=alex	ip=unknown-ip-addr	cmd=get_table : tbl=hive.default.extoutout	
2024-04-24T05:31:01,570  INFO [main] metastore.HMSHandler: Skipping translation for processor with null
2024-04-24T05:31:01,571  INFO [main] ql.Driver: Semantic Analysis Completed (retrial = false)
2024-04-24T05:31:01,571  INFO [main] ql.Driver: Created Hive schema: Schema(fieldSchemas:null, properties:null)
2024-04-24T05:31:01,571  INFO [main] metadata.Hive: Dumping metastore api call timing information for : compilation phase
2024-04-24T05:31:01,571  INFO [main] metadata.Hive: Total time spent in each metastore function (ms): {getTable_(GetTableRequest)=10, getValidTxns_(long)=1, openTxn_(String, TxnType)=3, commitTxn_(CommitTxnRequest)=14, flushCache_()=0, isCompatibleWith_(Configuration)=0}
2024-04-24T05:31:01,572  INFO [main] ql.Driver: Completed compiling command(queryId=alex_20240424053101_4116974f-4b13-40bb-baf3-f895275ef57a); Time taken: 0.016 seconds
2024-04-24T05:31:01,572  INFO [main] lockmgr.DbTxnManager: Setting lock request transaction to txnid:54 for queryId=alex_20240424053101_4116974f-4b13-40bb-baf3-f895275ef57a
2024-04-24T05:31:01,572  INFO [main] ql.Driver: Operation ALTERTABLE_ADDPARTS obtained 0 locks
2024-04-24T05:31:01,572  INFO [main] ql.Driver: Executing command(queryId=alex_20240424053101_4116974f-4b13-40bb-baf3-f895275ef57a): alter table extoutout add partition (p='p2')
2024-04-24T05:31:01,572  INFO [main] ql.Driver: Starting task [Stage-0:DDL] in serial mode
2024-04-24T05:31:01,573  INFO [main] HiveMetaStore.audit: ugi=alex	ip=unknown-ip-addr	cmd=get_table : tbl=hive.default.extoutout	
2024-04-24T05:31:01,582  INFO [main] metastore.HMSHandler: Skipping translation for processor with null
2024-04-24T05:31:01,583  INFO [main] HiveMetaStore.audit: ugi=alex	ip=unknown-ip-addr	cmd=add_partitions	
2024-04-24T05:31:01,594  INFO [HMSHandler #0] utils.FileUtils: Creating directory if it doesn't exist: file:/home/alex/Repositories/hive/ql/target/tmp/org.apache.hadoop.hive.ql.util.TestHiveStrictManagedMigration-1713961843282/tmp/extoutout/p=p2
2024-04-24T05:31:01,616  INFO [main] metadata.Hive: Dumping metastore api call timing information for : execution phase
2024-04-24T05:31:01,616  INFO [main] metadata.Hive: Total time spent in each metastore function (ms): {getTable_(GetTableRequest)=10, add_partitions_(List, boolean, boolean)=32, isCompatibleWith_(Configuration)=0}
2024-04-24T05:31:01,616  INFO [main] ql.Driver: Completed executing command(queryId=alex_20240424053101_4116974f-4b13-40bb-baf3-f895275ef57a); Time taken: 0.044 seconds
2024-04-24T05:31:01,616  INFO [main] lockmgr.DbTxnManager: Stopped heartbeat for query: alex_20240424053101_4116974f-4b13-40bb-baf3-f895275ef57a
2024-04-24T05:31:01,621  INFO [main] txn.TxnHandler: Expected to move at least one record from txn_components to completed_txn_components when committing txn! txnid:54
2024-04-24T05:31:01,625  INFO [main] txn.TxnHandler: Removed transactions: ([54]) from MIN_HISTORY_LEVEL
2024-04-24T05:31:01,626  WARN [main] txn.CompactionTxnHandler: No compaction queue record found for Compaction type transaction commit. txnId:54
2024-04-24T05:31:01,626  INFO [main] ql.TxnCommandsBaseForTests: Running the query: drop database if exists custdb
2024-04-24T05:31:01,627  INFO [main] ql.Driver: Compiling command(queryId=alex_20240424053101_1137f02f-81f5-4e92-aa27-50d346fad62b): drop database if exists custdb
2024-04-24T05:31:01,629  INFO [main] txn.TxnHandler: Added entries to MIN_HISTORY_LEVEL for current txns: ([55]) with min_open_txn: 45
2024-04-24T05:31:01,629  INFO [main] lockmgr.DbTxnManager: Opened txnid:55
2024-04-24T05:31:01,630  INFO [main] HiveMetaStore.audit: ugi=alex	ip=unknown-ip-addr	cmd=get_database: custdb	
2024-04-24T05:31:01,631  INFO [main] ql.Driver: Semantic Analysis Completed (retrial = false)
2024-04-24T05:31:01,631  INFO [main] ql.Driver: Created Hive schema: Schema(fieldSchemas:null, properties:null)
2024-04-24T05:31:01,631  INFO [main] metadata.Hive: Dumping metastore api call timing information for : compilation phase
2024-04-24T05:31:01,632  INFO [main] metadata.Hive: Total time spent in each metastore function (ms): {isCompatibleWith_(Configuration)=0, openTxn_(String, TxnType)=2, commitTxn_(CommitTxnRequest)=10, flushCache_()=0, getValidTxns_(long)=1}
2024-04-24T05:31:01,632  INFO [main] ql.Driver: Completed compiling command(queryId=alex_20240424053101_1137f02f-81f5-4e92-aa27-50d346fad62b); Time taken: 0.004 seconds
2024-04-24T05:31:01,632  INFO [main] lockmgr.DbTxnManager: Setting lock request transaction to txnid:55 for queryId=alex_20240424053101_1137f02f-81f5-4e92-aa27-50d346fad62b
2024-04-24T05:31:01,632  INFO [main] ql.Driver: Operation DROPDATABASE obtained 0 locks
2024-04-24T05:31:01,632  INFO [main] ql.Driver: Executing command(queryId=alex_20240424053101_1137f02f-81f5-4e92-aa27-50d346fad62b): drop database if exists custdb
2024-04-24T05:31:01,632  INFO [main] metadata.Hive: Dumping metastore api call timing information for : execution phase
2024-04-24T05:31:01,632  INFO [main] metadata.Hive: Total time spent in each metastore function (ms): {}
2024-04-24T05:31:01,633  INFO [main] ql.Driver: Completed executing command(queryId=alex_20240424053101_1137f02f-81f5-4e92-aa27-50d346fad62b); Time taken: 0.0 seconds
2024-04-24T05:31:01,633  INFO [main] lockmgr.DbTxnManager: Stopped heartbeat for query: alex_20240424053101_1137f02f-81f5-4e92-aa27-50d346fad62b
2024-04-24T05:31:01,637  INFO [main] txn.TxnHandler: Expected to move at least one record from txn_components to completed_txn_components when committing txn! txnid:55
2024-04-24T05:31:01,643  INFO [main] txn.TxnHandler: Removed transactions: ([55]) from MIN_HISTORY_LEVEL
2024-04-24T05:31:01,643  WARN [main] txn.CompactionTxnHandler: No compaction queue record found for Compaction type transaction commit. txnId:55
2024-04-24T05:31:01,643  INFO [main] ql.TxnCommandsBaseForTests: Running the query: create database custdb
2024-04-24T05:31:01,644  INFO [main] ql.Driver: Compiling command(queryId=alex_20240424053101_56d5999c-ede5-4314-b37c-886657506932): create database custdb
2024-04-24T05:31:01,646  INFO [main] txn.TxnHandler: Added entries to MIN_HISTORY_LEVEL for current txns: ([56]) with min_open_txn: 45
2024-04-24T05:31:01,647  INFO [main] lockmgr.DbTxnManager: Opened txnid:56
2024-04-24T05:31:01,647  INFO [main] ql.Driver: Semantic Analysis Completed (retrial = false)
2024-04-24T05:31:01,647  INFO [main] ql.Driver: Created Hive schema: Schema(fieldSchemas:null, properties:null)
2024-04-24T05:31:01,648  INFO [main] metadata.Hive: Dumping metastore api call timing information for : compilation phase
2024-04-24T05:31:01,648  INFO [main] metadata.Hive: Total time spent in each metastore function (ms): {flushCache_()=0, commitTxn_(CommitTxnRequest)=10, getValidTxns_(long)=0, openTxn_(String, TxnType)=3, isCompatibleWith_(Configuration)=0}
2024-04-24T05:31:01,648  INFO [main] ql.Driver: Completed compiling command(queryId=alex_20240424053101_56d5999c-ede5-4314-b37c-886657506932); Time taken: 0.003 seconds
2024-04-24T05:31:01,648  INFO [main] lockmgr.DbTxnManager: Setting lock request transaction to txnid:56 for queryId=alex_20240424053101_56d5999c-ede5-4314-b37c-886657506932
2024-04-24T05:31:01,648  INFO [main] ql.Driver: Operation CREATEDATABASE obtained 0 locks
2024-04-24T05:31:01,648  INFO [main] ql.Driver: Executing command(queryId=alex_20240424053101_56d5999c-ede5-4314-b37c-886657506932): create database custdb
2024-04-24T05:31:01,648  INFO [main] ql.Driver: Starting task [Stage-0:DDL] in serial mode
2024-04-24T05:31:01,649  WARN [main] exec.DDLTask: metastore.warehouse.external.dir is not set, falling back to metastore.warehouse.dir. This could cause external tables to use to managed tablespace.
2024-04-24T05:31:01,649  INFO [main] HiveMetaStore.audit: ugi=alex	ip=unknown-ip-addr	cmd=create_database: Database(name:custdb, description:null, locationUri:file:/home/alex/Repositories/hive/ql/target/tmp/org.apache.hadoop.hive.ql.util.TestHiveStrictManagedMigration-1713961843282/warehouse/custdb.db, parameters:null, ownerName:alex, ownerType:USER, catalogName:hive, type:NATIVE)	
2024-04-24T05:31:01,653  INFO [main] metastore.HMSHandler: Creating database path in external directory file:/home/alex/Repositories/hive/ql/target/tmp/org.apache.hadoop.hive.ql.util.TestHiveStrictManagedMigration-1713961843282/warehouse/custdb.db
2024-04-24T05:31:01,653  INFO [main] utils.FileUtils: Creating directory if it doesn't exist: file:/home/alex/Repositories/hive/ql/target/tmp/org.apache.hadoop.hive.ql.util.TestHiveStrictManagedMigration-1713961843282/warehouse/custdb.db
2024-04-24T05:31:01,656  INFO [main] metastore.HMSHandler: Created database path in external directory file:/home/alex/Repositories/hive/ql/target/tmp/org.apache.hadoop.hive.ql.util.TestHiveStrictManagedMigration-1713961843282/warehouse/custdb.db
2024-04-24T05:31:01,659  INFO [main] metadata.Hive: Dumping metastore api call timing information for : execution phase
2024-04-24T05:31:01,660  INFO [main] metadata.Hive: Total time spent in each metastore function (ms): {createDatabase_(Database)=10, isCompatibleWith_(Configuration)=1}
2024-04-24T05:31:01,660  INFO [main] ql.Driver: Completed executing command(queryId=alex_20240424053101_56d5999c-ede5-4314-b37c-886657506932); Time taken: 0.011 seconds
2024-04-24T05:31:01,660  INFO [main] lockmgr.DbTxnManager: Stopped heartbeat for query: alex_20240424053101_56d5999c-ede5-4314-b37c-886657506932
2024-04-24T05:31:01,664  INFO [main] txn.TxnHandler: Expected to move at least one record from txn_components to completed_txn_components when committing txn! txnid:56
2024-04-24T05:31:01,670  INFO [main] txn.TxnHandler: Removed transactions: ([56]) from MIN_HISTORY_LEVEL
2024-04-24T05:31:01,670  WARN [main] txn.CompactionTxnHandler: No compaction queue record found for Compaction type transaction commit. txnId:56
2024-04-24T05:31:01,671  INFO [main] ql.TxnCommandsBaseForTests: Running the query: create table custdb.custmanwhwh (a string) partitioned by (p string)
2024-04-24T05:31:01,671  INFO [main] ql.Driver: Compiling command(queryId=alex_20240424053101_b8b4c8ef-cbb2-49c0-8657-6f34533ae46b): create table custdb.custmanwhwh (a string) partitioned by (p string)
2024-04-24T05:31:01,674  INFO [main] txn.TxnHandler: Added entries to MIN_HISTORY_LEVEL for current txns: ([57]) with min_open_txn: 45
2024-04-24T05:31:01,674  INFO [main] lockmgr.DbTxnManager: Opened txnid:57
2024-04-24T05:31:01,680  INFO [main] HiveMetaStore.audit: ugi=alex	ip=unknown-ip-addr	cmd=get_database: custdb	
2024-04-24T05:31:01,682  INFO [main] ql.Driver: Semantic Analysis Completed (retrial = false)
2024-04-24T05:31:01,682  INFO [main] ql.Driver: Created Hive schema: Schema(fieldSchemas:null, properties:null)
2024-04-24T05:31:01,682  INFO [main] metadata.Hive: Dumping metastore api call timing information for : compilation phase
2024-04-24T05:31:01,682  INFO [main] metadata.Hive: Total time spent in each metastore function (ms): {getValidTxns_(long)=1, getDatabase_(String)=2, commitTxn_(CommitTxnRequest)=11, flushCache_()=1, openTxn_(String, TxnType)=2, getValidWriteIds_(List, String)=5, isCompatibleWith_(Configuration)=0}
2024-04-24T05:31:01,682  INFO [main] ql.Driver: Completed compiling command(queryId=alex_20240424053101_b8b4c8ef-cbb2-49c0-8657-6f34533ae46b); Time taken: 0.011 seconds
2024-04-24T05:31:01,683  INFO [main] lockmgr.DbTxnManager: Setting lock request transaction to txnid:57 for queryId=alex_20240424053101_b8b4c8ef-cbb2-49c0-8657-6f34533ae46b
2024-04-24T05:31:01,683  INFO [main] lockmgr.DbLockManager: Requesting lock for queryId=alex_20240424053101_b8b4c8ef-cbb2-49c0-8657-6f34533ae46b
2024-04-24T05:31:01,708  INFO [main] lockmgr.DbLockManager: Response to queryId=alex_20240424053101_b8b4c8ef-cbb2-49c0-8657-6f34533ae46b LockResponse(lockid:27, state:ACQUIRED)
2024-04-24T05:31:01,708  INFO [main] ql.Driver: Operation CREATETABLE obtained 1 locks
2024-04-24T05:31:01,708  INFO [main] ql.Driver: Executing command(queryId=alex_20240424053101_b8b4c8ef-cbb2-49c0-8657-6f34533ae46b): create table custdb.custmanwhwh (a string) partitioned by (p string)
2024-04-24T05:31:01,709  INFO [main] ql.Driver: Starting task [Stage-0:DDL] in serial mode
2024-04-24T05:31:01,709  INFO [main] HiveMetaStore.audit: ugi=alex	ip=unknown-ip-addr	cmd=create_table_req: Table(tableName:custmanwhwh, dbName:custdb, owner:alex, createTime:1713961861, lastAccessTime:0, retention:0, sd:StorageDescriptor(cols:[FieldSchema(name:a, type:string, comment:null)], location:null, inputFormat:org.apache.hadoop.mapred.TextInputFormat, outputFormat:org.apache.hadoop.hive.ql.io.HiveIgnoreKeyTextOutputFormat, compressed:false, numBuckets:-1, serdeInfo:SerDeInfo(name:null, serializationLib:org.apache.hadoop.hive.serde2.lazy.LazySimpleSerDe, parameters:{serialization.format=1}), bucketCols:[], sortCols:[], parameters:{}, skewedInfo:SkewedInfo(skewedColNames:[], skewedColValues:[], skewedColValueLocationMaps:{}), storedAsSubDirectories:false), partitionKeys:[FieldSchema(name:p, type:string, comment:null)], parameters:{bucketing_version=2}, viewOriginalText:null, viewExpandedText:null, tableType:MANAGED_TABLE, privileges:PrincipalPrivilegeSet(userPrivileges:{alex=[PrivilegeGrantInfo(privilege:INSERT, createTime:-1, grantor:alex, grantorType:USER, grantOption:true), PrivilegeGrantInfo(privilege:SELECT, createTime:-1, grantor:alex, grantorType:USER, grantOption:true), PrivilegeGrantInfo(privilege:UPDATE, createTime:-1, grantor:alex, grantorType:USER, grantOption:true), PrivilegeGrantInfo(privilege:DELETE, createTime:-1, grantor:alex, grantorType:USER, grantOption:true)]}, groupPrivileges:null, rolePrivileges:null), temporary:false, catName:hive, ownerType:USER)	
2024-04-24T05:31:01,718  INFO [main] utils.FileUtils: Creating directory if it doesn't exist: file:/home/alex/Repositories/hive/ql/target/tmp/org.apache.hadoop.hive.ql.util.TestHiveStrictManagedMigration-1713961843282/warehouse/custdb.db/custmanwhwh
2024-04-24T05:31:01,752  INFO [main] metadata.Hive: Dumping metastore api call timing information for : execution phase
2024-04-24T05:31:01,752  INFO [main] metadata.Hive: Total time spent in each metastore function (ms): {createTable_(Table)=43, isCompatibleWith_(Configuration)=0}
2024-04-24T05:31:01,752  INFO [main] ql.Driver: Completed executing command(queryId=alex_20240424053101_b8b4c8ef-cbb2-49c0-8657-6f34533ae46b); Time taken: 0.044 seconds
2024-04-24T05:31:01,752  INFO [main] lockmgr.DbTxnManager: Stopped heartbeat for query: alex_20240424053101_b8b4c8ef-cbb2-49c0-8657-6f34533ae46b
2024-04-24T05:31:01,757  INFO [main] txn.TxnHandler: Expected to move at least one record from txn_components to completed_txn_components when committing txn! txnid:57
2024-04-24T05:31:01,764  INFO [main] txn.TxnHandler: Removed transactions: ([57]) from MIN_HISTORY_LEVEL
2024-04-24T05:31:01,764  WARN [main] txn.CompactionTxnHandler: No compaction queue record found for Compaction type transaction commit. txnId:57
2024-04-24T05:31:01,765  INFO [main] ql.TxnCommandsBaseForTests: Running the query: alter table custdb.custmanwhwh add partition (p='p1')
2024-04-24T05:31:01,765  INFO [main] ql.Driver: Compiling command(queryId=alex_20240424053101_ecfcc0a8-a9db-40d1-ab63-91876e7bdfcf): alter table custdb.custmanwhwh add partition (p='p1')
2024-04-24T05:31:01,769  INFO [main] txn.TxnHandler: Added entries to MIN_HISTORY_LEVEL for current txns: ([58]) with min_open_txn: 46
2024-04-24T05:31:01,769  INFO [main] lockmgr.DbTxnManager: Opened txnid:58
2024-04-24T05:31:01,770  INFO [main] HiveMetaStore.audit: ugi=alex	ip=unknown-ip-addr	cmd=get_table : tbl=hive.custdb.custmanwhwh	
2024-04-24T05:31:01,784  INFO [main] metastore.HMSHandler: Skipping translation for processor with null
2024-04-24T05:31:01,785  INFO [main] ql.Driver: Semantic Analysis Completed (retrial = false)
2024-04-24T05:31:01,785  INFO [main] ql.Driver: Created Hive schema: Schema(fieldSchemas:null, properties:null)
2024-04-24T05:31:01,785  INFO [main] metadata.Hive: Dumping metastore api call timing information for : compilation phase
2024-04-24T05:31:01,785  INFO [main] metadata.Hive: Total time spent in each metastore function (ms): {openTxn_(String, TxnType)=3, isCompatibleWith_(Configuration)=0, commitTxn_(CommitTxnRequest)=13, getValidTxns_(long)=1, flushCache_()=0, getTable_(GetTableRequest)=14}
2024-04-24T05:31:01,785  INFO [main] ql.Driver: Completed compiling command(queryId=alex_20240424053101_ecfcc0a8-a9db-40d1-ab63-91876e7bdfcf); Time taken: 0.02 seconds
2024-04-24T05:31:01,785  INFO [main] lockmgr.DbTxnManager: Setting lock request transaction to txnid:58 for queryId=alex_20240424053101_ecfcc0a8-a9db-40d1-ab63-91876e7bdfcf
2024-04-24T05:31:01,785  INFO [main] lockmgr.DbLockManager: Requesting lock for queryId=alex_20240424053101_ecfcc0a8-a9db-40d1-ab63-91876e7bdfcf
2024-04-24T05:31:01,803  INFO [main] lockmgr.DbLockManager: Response to queryId=alex_20240424053101_ecfcc0a8-a9db-40d1-ab63-91876e7bdfcf LockResponse(lockid:28, state:ACQUIRED)
2024-04-24T05:31:01,803  INFO [main] ql.Driver: Operation ALTERTABLE_ADDPARTS obtained 1 locks
2024-04-24T05:31:01,803  INFO [main] ql.Driver: Executing command(queryId=alex_20240424053101_ecfcc0a8-a9db-40d1-ab63-91876e7bdfcf): alter table custdb.custmanwhwh add partition (p='p1')
2024-04-24T05:31:01,803  INFO [main] ql.Driver: Starting task [Stage-0:DDL] in serial mode
2024-04-24T05:31:01,803  INFO [main] HiveMetaStore.audit: ugi=alex	ip=unknown-ip-addr	cmd=get_table : tbl=hive.custdb.custmanwhwh	
2024-04-24T05:31:01,814  INFO [main] metastore.HMSHandler: Skipping translation for processor with null
2024-04-24T05:31:01,814  INFO [main] HiveMetaStore.audit: ugi=alex	ip=unknown-ip-addr	cmd=add_partitions	
2024-04-24T05:31:01,829  INFO [HMSHandler #1] utils.FileUtils: Creating directory if it doesn't exist: file:/home/alex/Repositories/hive/ql/target/tmp/org.apache.hadoop.hive.ql.util.TestHiveStrictManagedMigration-1713961843282/warehouse/custdb.db/custmanwhwh/p=p1
2024-04-24T05:31:01,852  INFO [main] metadata.Hive: Dumping metastore api call timing information for : execution phase
2024-04-24T05:31:01,852  INFO [main] metadata.Hive: Total time spent in each metastore function (ms): {add_partitions_(List, boolean, boolean)=38, getTable_(GetTableRequest)=11, isCompatibleWith_(Configuration)=0}
2024-04-24T05:31:01,852  INFO [main] ql.Driver: Completed executing command(queryId=alex_20240424053101_ecfcc0a8-a9db-40d1-ab63-91876e7bdfcf); Time taken: 0.049 seconds
2024-04-24T05:31:01,852  INFO [main] lockmgr.DbTxnManager: Stopped heartbeat for query: alex_20240424053101_ecfcc0a8-a9db-40d1-ab63-91876e7bdfcf
2024-04-24T05:31:01,857  INFO [main] txn.TxnHandler: Expected to move at least one record from txn_components to completed_txn_components when committing txn! txnid:58
2024-04-24T05:31:01,864  INFO [main] txn.TxnHandler: Removed transactions: ([58]) from MIN_HISTORY_LEVEL
2024-04-24T05:31:01,864  WARN [main] txn.CompactionTxnHandler: No compaction queue record found for Compaction type transaction commit. txnId:58
2024-04-24T05:31:01,865  INFO [main] ql.TxnCommandsBaseForTests: Running the query: alter table custdb.custmanwhwh add partition (p='p2')
2024-04-24T05:31:01,865  INFO [main] ql.Driver: Compiling command(queryId=alex_20240424053101_35c2b9e7-5a3e-4a66-b0f8-31238a441c72): alter table custdb.custmanwhwh add partition (p='p2')
2024-04-24T05:31:01,868  INFO [main] txn.TxnHandler: Added entries to MIN_HISTORY_LEVEL for current txns: ([59]) with min_open_txn: 48
2024-04-24T05:31:01,868  INFO [main] lockmgr.DbTxnManager: Opened txnid:59
2024-04-24T05:31:01,869  INFO [main] HiveMetaStore.audit: ugi=alex	ip=unknown-ip-addr	cmd=get_table : tbl=hive.custdb.custmanwhwh	
2024-04-24T05:31:01,881  INFO [main] metastore.HMSHandler: Skipping translation for processor with null
2024-04-24T05:31:01,882  INFO [main] ql.Driver: Semantic Analysis Completed (retrial = false)
2024-04-24T05:31:01,882  INFO [main] ql.Driver: Created Hive schema: Schema(fieldSchemas:null, properties:null)
2024-04-24T05:31:01,882  INFO [main] metadata.Hive: Dumping metastore api call timing information for : compilation phase
2024-04-24T05:31:01,882  INFO [main] metadata.Hive: Total time spent in each metastore function (ms): {flushCache_()=0, getValidTxns_(long)=0, openTxn_(String, TxnType)=2, isCompatibleWith_(Configuration)=0, commitTxn_(CommitTxnRequest)=13, getTable_(GetTableRequest)=12}
2024-04-24T05:31:01,882  INFO [main] ql.Driver: Completed compiling command(queryId=alex_20240424053101_35c2b9e7-5a3e-4a66-b0f8-31238a441c72); Time taken: 0.017 seconds
2024-04-24T05:31:01,882  INFO [main] lockmgr.DbTxnManager: Setting lock request transaction to txnid:59 for queryId=alex_20240424053101_35c2b9e7-5a3e-4a66-b0f8-31238a441c72
2024-04-24T05:31:01,882  INFO [main] lockmgr.DbLockManager: Requesting lock for queryId=alex_20240424053101_35c2b9e7-5a3e-4a66-b0f8-31238a441c72
2024-04-24T05:31:01,898  INFO [main] lockmgr.DbLockManager: Response to queryId=alex_20240424053101_35c2b9e7-5a3e-4a66-b0f8-31238a441c72 LockResponse(lockid:29, state:ACQUIRED)
2024-04-24T05:31:01,898  INFO [main] ql.Driver: Operation ALTERTABLE_ADDPARTS obtained 1 locks
2024-04-24T05:31:01,899  INFO [main] ql.Driver: Executing command(queryId=alex_20240424053101_35c2b9e7-5a3e-4a66-b0f8-31238a441c72): alter table custdb.custmanwhwh add partition (p='p2')
2024-04-24T05:31:01,899  INFO [main] ql.Driver: Starting task [Stage-0:DDL] in serial mode
2024-04-24T05:31:01,899  INFO [main] HiveMetaStore.audit: ugi=alex	ip=unknown-ip-addr	cmd=get_table : tbl=hive.custdb.custmanwhwh	
2024-04-24T05:31:01,911  INFO [main] metastore.HMSHandler: Skipping translation for processor with null
2024-04-24T05:31:01,911  INFO [main] HiveMetaStore.audit: ugi=alex	ip=unknown-ip-addr	cmd=add_partitions	
2024-04-24T05:31:01,924  INFO [HMSHandler #2] utils.FileUtils: Creating directory if it doesn't exist: file:/home/alex/Repositories/hive/ql/target/tmp/org.apache.hadoop.hive.ql.util.TestHiveStrictManagedMigration-1713961843282/warehouse/custdb.db/custmanwhwh/p=p2
2024-04-24T05:31:01,939  INFO [main] metadata.Hive: Dumping metastore api call timing information for : execution phase
2024-04-24T05:31:01,939  INFO [main] metadata.Hive: Total time spent in each metastore function (ms): {isCompatibleWith_(Configuration)=0, getTable_(GetTableRequest)=12, add_partitions_(List, boolean, boolean)=28}
2024-04-24T05:31:01,939  INFO [main] ql.Driver: Completed executing command(queryId=alex_20240424053101_35c2b9e7-5a3e-4a66-b0f8-31238a441c72); Time taken: 0.04 seconds
2024-04-24T05:31:01,939  INFO [main] lockmgr.DbTxnManager: Stopped heartbeat for query: alex_20240424053101_35c2b9e7-5a3e-4a66-b0f8-31238a441c72
2024-04-24T05:31:01,943  INFO [main] txn.TxnHandler: Expected to move at least one record from txn_components to completed_txn_components when committing txn! txnid:59
2024-04-24T05:31:01,949  INFO [main] txn.TxnHandler: Removed transactions: ([59]) from MIN_HISTORY_LEVEL
2024-04-24T05:31:01,949  WARN [main] txn.CompactionTxnHandler: No compaction queue record found for Compaction type transaction commit. txnId:59
2024-04-24T05:31:01,950  INFO [main] ql.TxnCommandsBaseForTests: Running the query: create external table custdb.custextwhwh (a string) partitioned by (p string)
2024-04-24T05:31:01,950  INFO [main] ql.Driver: Compiling command(queryId=alex_20240424053101_13541a4e-5091-45ed-b70a-826d0a32ca29): create external table custdb.custextwhwh (a string) partitioned by (p string)
2024-04-24T05:31:01,953  INFO [main] txn.TxnHandler: Added entries to MIN_HISTORY_LEVEL for current txns: ([60]) with min_open_txn: 49
2024-04-24T05:31:01,954  INFO [main] lockmgr.DbTxnManager: Opened txnid:60
2024-04-24T05:31:01,959  INFO [main] HiveMetaStore.audit: ugi=alex	ip=unknown-ip-addr	cmd=get_database: custdb	
2024-04-24T05:31:01,962  INFO [main] ql.Driver: Semantic Analysis Completed (retrial = false)
2024-04-24T05:31:01,962  INFO [main] ql.Driver: Created Hive schema: Schema(fieldSchemas:null, properties:null)
2024-04-24T05:31:01,962  INFO [main] metadata.Hive: Dumping metastore api call timing information for : compilation phase
2024-04-24T05:31:01,962  INFO [main] metadata.Hive: Total time spent in each metastore function (ms): {commitTxn_(CommitTxnRequest)=11, getValidTxns_(long)=1, flushCache_()=0, isCompatibleWith_(Configuration)=0, getValidWriteIds_(List, String)=3, openTxn_(String, TxnType)=3, getDatabase_(String)=3}
2024-04-24T05:31:01,962  INFO [main] ql.Driver: Completed compiling command(queryId=alex_20240424053101_13541a4e-5091-45ed-b70a-826d0a32ca29); Time taken: 0.012 seconds
2024-04-24T05:31:01,963  INFO [main] lockmgr.DbTxnManager: Setting lock request transaction to txnid:60 for queryId=alex_20240424053101_13541a4e-5091-45ed-b70a-826d0a32ca29
2024-04-24T05:31:01,963  INFO [main] lockmgr.DbLockManager: Requesting lock for queryId=alex_20240424053101_13541a4e-5091-45ed-b70a-826d0a32ca29
2024-04-24T05:31:01,978  INFO [main] lockmgr.DbLockManager: Response to queryId=alex_20240424053101_13541a4e-5091-45ed-b70a-826d0a32ca29 LockResponse(lockid:30, state:ACQUIRED)
2024-04-24T05:31:01,978  INFO [main] ql.Driver: Operation CREATETABLE obtained 1 locks
2024-04-24T05:31:01,978  INFO [main] ql.Driver: Executing command(queryId=alex_20240424053101_13541a4e-5091-45ed-b70a-826d0a32ca29): create external table custdb.custextwhwh (a string) partitioned by (p string)
2024-04-24T05:31:01,979  INFO [main] ql.Driver: Starting task [Stage-0:DDL] in serial mode
2024-04-24T05:31:01,980  INFO [main] HiveMetaStore.audit: ugi=alex	ip=unknown-ip-addr	cmd=create_table_req: Table(tableName:custextwhwh, dbName:custdb, owner:alex, createTime:1713961861, lastAccessTime:0, retention:0, sd:StorageDescriptor(cols:[FieldSchema(name:a, type:string, comment:null)], location:null, inputFormat:org.apache.hadoop.mapred.TextInputFormat, outputFormat:org.apache.hadoop.hive.ql.io.HiveIgnoreKeyTextOutputFormat, compressed:false, numBuckets:-1, serdeInfo:SerDeInfo(name:null, serializationLib:org.apache.hadoop.hive.serde2.lazy.LazySimpleSerDe, parameters:{serialization.format=1}), bucketCols:[], sortCols:[], parameters:{}, skewedInfo:SkewedInfo(skewedColNames:[], skewedColValues:[], skewedColValueLocationMaps:{}), storedAsSubDirectories:false), partitionKeys:[FieldSchema(name:p, type:string, comment:null)], parameters:{EXTERNAL=TRUE, bucketing_version=2}, viewOriginalText:null, viewExpandedText:null, tableType:EXTERNAL_TABLE, privileges:PrincipalPrivilegeSet(userPrivileges:{alex=[PrivilegeGrantInfo(privilege:INSERT, createTime:-1, grantor:alex, grantorType:USER, grantOption:true), PrivilegeGrantInfo(privilege:SELECT, createTime:-1, grantor:alex, grantorType:USER, grantOption:true), PrivilegeGrantInfo(privilege:UPDATE, createTime:-1, grantor:alex, grantorType:USER, grantOption:true), PrivilegeGrantInfo(privilege:DELETE, createTime:-1, grantor:alex, grantorType:USER, grantOption:true)]}, groupPrivileges:null, rolePrivileges:null), temporary:false, catName:hive, ownerType:USER)	
2024-04-24T05:31:01,986  INFO [main] utils.FileUtils: Creating directory if it doesn't exist: file:/home/alex/Repositories/hive/ql/target/tmp/org.apache.hadoop.hive.ql.util.TestHiveStrictManagedMigration-1713961843282/warehouse/custdb.db/custextwhwh
2024-04-24T05:31:02,003  INFO [main] metadata.Hive: Dumping metastore api call timing information for : execution phase
2024-04-24T05:31:02,003  INFO [main] metadata.Hive: Total time spent in each metastore function (ms): {isCompatibleWith_(Configuration)=0, createTable_(Table)=24}
2024-04-24T05:31:02,004  INFO [main] ql.Driver: Completed executing command(queryId=alex_20240424053101_13541a4e-5091-45ed-b70a-826d0a32ca29); Time taken: 0.025 seconds
2024-04-24T05:31:02,004  INFO [main] lockmgr.DbTxnManager: Stopped heartbeat for query: alex_20240424053101_13541a4e-5091-45ed-b70a-826d0a32ca29
2024-04-24T05:31:02,008  INFO [main] txn.TxnHandler: Expected to move at least one record from txn_components to completed_txn_components when committing txn! txnid:60
2024-04-24T05:31:02,014  INFO [main] txn.TxnHandler: Removed transactions: ([60]) from MIN_HISTORY_LEVEL
2024-04-24T05:31:02,015  WARN [main] txn.CompactionTxnHandler: No compaction queue record found for Compaction type transaction commit. txnId:60
2024-04-24T05:31:02,015  INFO [main] ql.TxnCommandsBaseForTests: Running the query: alter table custdb.custextwhwh add partition (p='p1')
2024-04-24T05:31:02,015  INFO [main] ql.Driver: Compiling command(queryId=alex_20240424053102_66305af4-e2ff-40b3-a475-711f2d9ab10e): alter table custdb.custextwhwh add partition (p='p1')
2024-04-24T05:31:02,019  INFO [main] txn.TxnHandler: Added entries to MIN_HISTORY_LEVEL for current txns: ([61]) with min_open_txn: 50
2024-04-24T05:31:02,019  INFO [main] lockmgr.DbTxnManager: Opened txnid:61
2024-04-24T05:31:02,020  INFO [main] HiveMetaStore.audit: ugi=alex	ip=unknown-ip-addr	cmd=get_table : tbl=hive.custdb.custextwhwh	
2024-04-24T05:31:02,032  INFO [main] metastore.HMSHandler: Skipping translation for processor with null
2024-04-24T05:31:02,032  INFO [main] ql.Driver: Semantic Analysis Completed (retrial = false)
2024-04-24T05:31:02,033  INFO [main] ql.Driver: Created Hive schema: Schema(fieldSchemas:null, properties:null)
2024-04-24T05:31:02,033  INFO [main] metadata.Hive: Dumping metastore api call timing information for : compilation phase
2024-04-24T05:31:02,033  INFO [main] metadata.Hive: Total time spent in each metastore function (ms): {getTable_(GetTableRequest)=12, commitTxn_(CommitTxnRequest)=11, flushCache_()=0, isCompatibleWith_(Configuration)=0, getValidTxns_(long)=1, openTxn_(String, TxnType)=3}
2024-04-24T05:31:02,033  INFO [main] ql.Driver: Completed compiling command(queryId=alex_20240424053102_66305af4-e2ff-40b3-a475-711f2d9ab10e); Time taken: 0.018 seconds
2024-04-24T05:31:02,033  INFO [main] lockmgr.DbTxnManager: Setting lock request transaction to txnid:61 for queryId=alex_20240424053102_66305af4-e2ff-40b3-a475-711f2d9ab10e
2024-04-24T05:31:02,033  INFO [main] ql.Driver: Operation ALTERTABLE_ADDPARTS obtained 0 locks
2024-04-24T05:31:02,033  INFO [main] ql.Driver: Executing command(queryId=alex_20240424053102_66305af4-e2ff-40b3-a475-711f2d9ab10e): alter table custdb.custextwhwh add partition (p='p1')
2024-04-24T05:31:02,034  INFO [main] ql.Driver: Starting task [Stage-0:DDL] in serial mode
2024-04-24T05:31:02,034  INFO [main] HiveMetaStore.audit: ugi=alex	ip=unknown-ip-addr	cmd=get_table : tbl=hive.custdb.custextwhwh	
2024-04-24T05:31:02,046  INFO [main] metastore.HMSHandler: Skipping translation for processor with null
2024-04-24T05:31:02,046  INFO [main] HiveMetaStore.audit: ugi=alex	ip=unknown-ip-addr	cmd=add_partitions	
2024-04-24T05:31:02,059  INFO [HMSHandler #3] utils.FileUtils: Creating directory if it doesn't exist: file:/home/alex/Repositories/hive/ql/target/tmp/org.apache.hadoop.hive.ql.util.TestHiveStrictManagedMigration-1713961843282/warehouse/custdb.db/custextwhwh/p=p1
2024-04-24T05:31:02,078  INFO [main] metadata.Hive: Dumping metastore api call timing information for : execution phase
2024-04-24T05:31:02,078  INFO [main] metadata.Hive: Total time spent in each metastore function (ms): {getTable_(GetTableRequest)=12, isCompatibleWith_(Configuration)=0, add_partitions_(List, boolean, boolean)=32}
2024-04-24T05:31:02,078  INFO [main] ql.Driver: Completed executing command(queryId=alex_20240424053102_66305af4-e2ff-40b3-a475-711f2d9ab10e); Time taken: 0.045 seconds
2024-04-24T05:31:02,078  INFO [main] lockmgr.DbTxnManager: Stopped heartbeat for query: alex_20240424053102_66305af4-e2ff-40b3-a475-711f2d9ab10e
2024-04-24T05:31:02,085  INFO [main] txn.TxnHandler: Expected to move at least one record from txn_components to completed_txn_components when committing txn! txnid:61
2024-04-24T05:31:02,094  INFO [main] txn.TxnHandler: Removed transactions: ([61]) from MIN_HISTORY_LEVEL
2024-04-24T05:31:02,094  WARN [main] txn.CompactionTxnHandler: No compaction queue record found for Compaction type transaction commit. txnId:61
2024-04-24T05:31:02,095  INFO [main] ql.TxnCommandsBaseForTests: Running the query: alter table custdb.custextwhwh add partition (p='p2')
2024-04-24T05:31:02,095  INFO [main] ql.Driver: Compiling command(queryId=alex_20240424053102_51579463-d3ad-4a9d-8aea-5ec0d3be16d7): alter table custdb.custextwhwh add partition (p='p2')
2024-04-24T05:31:02,098  INFO [main] txn.TxnHandler: Added entries to MIN_HISTORY_LEVEL for current txns: ([62]) with min_open_txn: 50
2024-04-24T05:31:02,098  INFO [main] lockmgr.DbTxnManager: Opened txnid:62
2024-04-24T05:31:02,100  INFO [main] HiveMetaStore.audit: ugi=alex	ip=unknown-ip-addr	cmd=get_table : tbl=hive.custdb.custextwhwh	
2024-04-24T05:31:02,111  INFO [main] metastore.HMSHandler: Skipping translation for processor with null
2024-04-24T05:31:02,111  INFO [main] ql.Driver: Semantic Analysis Completed (retrial = false)
2024-04-24T05:31:02,112  INFO [main] ql.Driver: Created Hive schema: Schema(fieldSchemas:null, properties:null)
2024-04-24T05:31:02,112  INFO [main] metadata.Hive: Dumping metastore api call timing information for : compilation phase
2024-04-24T05:31:02,112  INFO [main] metadata.Hive: Total time spent in each metastore function (ms): {getTable_(GetTableRequest)=12, isCompatibleWith_(Configuration)=0, getValidTxns_(long)=0, flushCache_()=0, commitTxn_(CommitTxnRequest)=17, openTxn_(String, TxnType)=2}
2024-04-24T05:31:02,112  INFO [main] ql.Driver: Completed compiling command(queryId=alex_20240424053102_51579463-d3ad-4a9d-8aea-5ec0d3be16d7); Time taken: 0.017 seconds
2024-04-24T05:31:02,112  INFO [main] lockmgr.DbTxnManager: Setting lock request transaction to txnid:62 for queryId=alex_20240424053102_51579463-d3ad-4a9d-8aea-5ec0d3be16d7
2024-04-24T05:31:02,112  INFO [main] ql.Driver: Operation ALTERTABLE_ADDPARTS obtained 0 locks
2024-04-24T05:31:02,112  INFO [main] ql.Driver: Executing command(queryId=alex_20240424053102_51579463-d3ad-4a9d-8aea-5ec0d3be16d7): alter table custdb.custextwhwh add partition (p='p2')
2024-04-24T05:31:02,113  INFO [main] ql.Driver: Starting task [Stage-0:DDL] in serial mode
2024-04-24T05:31:02,113  INFO [main] HiveMetaStore.audit: ugi=alex	ip=unknown-ip-addr	cmd=get_table : tbl=hive.custdb.custextwhwh	
2024-04-24T05:31:02,124  INFO [main] metastore.HMSHandler: Skipping translation for processor with null
2024-04-24T05:31:02,125  INFO [main] HiveMetaStore.audit: ugi=alex	ip=unknown-ip-addr	cmd=add_partitions	
2024-04-24T05:31:02,137  INFO [HMSHandler #4] utils.FileUtils: Creating directory if it doesn't exist: file:/home/alex/Repositories/hive/ql/target/tmp/org.apache.hadoop.hive.ql.util.TestHiveStrictManagedMigration-1713961843282/warehouse/custdb.db/custextwhwh/p=p2
2024-04-24T05:31:02,152  INFO [main] metadata.Hive: Dumping metastore api call timing information for : execution phase
2024-04-24T05:31:02,152  INFO [main] metadata.Hive: Total time spent in each metastore function (ms): {getTable_(GetTableRequest)=11, add_partitions_(List, boolean, boolean)=28, isCompatibleWith_(Configuration)=0}
2024-04-24T05:31:02,153  INFO [main] ql.Driver: Completed executing command(queryId=alex_20240424053102_51579463-d3ad-4a9d-8aea-5ec0d3be16d7); Time taken: 0.04 seconds
2024-04-24T05:31:02,153  INFO [main] lockmgr.DbTxnManager: Stopped heartbeat for query: alex_20240424053102_51579463-d3ad-4a9d-8aea-5ec0d3be16d7
2024-04-24T05:31:02,158  INFO [main] txn.TxnHandler: Expected to move at least one record from txn_components to completed_txn_components when committing txn! txnid:62
2024-04-24T05:31:02,166  INFO [main] txn.TxnHandler: Removed transactions: ([62]) from MIN_HISTORY_LEVEL
2024-04-24T05:31:02,166  WARN [main] txn.CompactionTxnHandler: No compaction queue record found for Compaction type transaction commit. txnId:62
2024-04-24T05:31:02,213  WARN [main] conf.HiveConf: HiveConf of name hive.metastore.client.cache.maxSize does not exist
2024-04-24T05:31:02,213  WARN [main] conf.HiveConf: HiveConf of name hive.metastore.client.cache.recordStats does not exist
2024-04-24T05:31:02,213  WARN [main] conf.HiveConf: HiveConf of name hive.llap.io.cache.orc.size does not exist
2024-04-24T05:31:02,214  WARN [main] conf.HiveConf: HiveConf of name hive.dummyparam.test.server.specific.config.hivesite does not exist
2024-04-24T05:31:02,214  WARN [main] conf.HiveConf: HiveConf of name hive.metastore.metadb.dir does not exist
2024-04-24T05:31:02,214  WARN [main] conf.HiveConf: HiveConf of name hive.stats.key.prefix.reserve.length does not exist
2024-04-24T05:31:02,214  WARN [main] conf.HiveConf: HiveConf of name hive.dummyparam.test.server.specific.config.override does not exist
2024-04-24T05:31:02,214  WARN [main] conf.HiveConf: HiveConf of name hive.dummyparam.test.server.specific.config.metastoresite does not exist
2024-04-24T05:31:02,214  WARN [main] conf.HiveConf: HiveConf of name hive.llap.io.cache.orc.alloc.max does not exist
2024-04-24T05:31:02,214  WARN [main] conf.HiveConf: HiveConf of name hive.llap.io.cache.orc.alloc.min does not exist
2024-04-24T05:31:02,214  WARN [main] conf.HiveConf: HiveConf of name hive.llap.io.cache.orc.arena.size does not exist
DEBUG StatusLogger Using ShutdownCallbackRegistry class org.apache.logging.log4j.core.util.DefaultShutdownCallbackRegistry
2024-04-24T05:31:02,247  INFO [main] util.HiveStrictManagedMigration: Control configs have been read in from file:/home/alex/Repositories/hive/ql/src/test/resources/hsmm/hsmm_cfg_02.yaml
2024-04-24T05:31:02,249  INFO [main] util.HiveStrictManagedMigration: Control configs have been read in from file:/home/alex/Repositories/hive/ql/src/test/resources/hsmm/hsmm_cfg_01.yaml
2024-04-24T05:31:02,249  INFO [main] util.HiveStrictManagedMigration: Starting with RunOptions{dbRegex='.*', tableRegex='.*', oldWarehouseRoot='/home/alex/Repositories/hive/ql/target/tmp/org.apache.hadoop.hive.ql.util.TestHiveStrictManagedMigration-1713961843282/warehouse', migrationOption=EXTERNAL, confProps={}, shouldModifyManagedTableLocation=false, shouldModifyManagedTableOwner=false, shouldModifyManagedTablePermissions=false, shouldMoveExternal=false, dryRun=false, tableType=null, tablePoolSize=4, fsOperationUser=null, controlFileUrl=src/test/resources/hsmm}
2024-04-24T05:31:02,250  INFO [main] metastore.HiveMetaStoreClient: HMS client filtering is enabled.
2024-04-24T05:31:02,250  INFO [main] metastore.PersistenceManagerProvider: Configuration datanucleus.autoStartMechanismMode is not set. Defaulting to 'ignored'
2024-04-24T05:31:02,250  INFO [main] metastore.ObjectStore: RawStore: org.apache.hadoop.hive.metastore.ObjectStore@58e2af93, with PersistenceManager: org.datanucleus.api.jdo.JDOPersistenceManager@2e10f765 will be shutdown
2024-04-24T05:31:02,251  INFO [main] metastore.ObjectStore: RawStore: org.apache.hadoop.hive.metastore.ObjectStore@58e2af93, with PersistenceManager: org.datanucleus.api.jdo.JDOPersistenceManager@4ffff10c created in the thread with id: 1
2024-04-24T05:31:02,275  INFO [main] metastore.HMSHandler: HMS server filtering is disabled by configuration
ivysettings.xml file not found in HIVE_HOME or HIVE_CONF_DIR,/home/alex/Repositories/hive/conf/ivysettings.xml will be used
2024-04-24T05:31:02,276  INFO [main] DependencyResolver: ivysettings.xml file not found in HIVE_HOME or HIVE_CONF_DIR,/home/alex/Repositories/hive/conf/ivysettings.xml will be used
2024-04-24T05:31:02,279  INFO [main] sqlstd.SQLStdHiveAccessController: Created SQLStdHiveAccessController for session context : HiveAuthzSessionContext [sessionString=861dae66-0e28-4e96-b4b0-4b1adb3f12a1, clientType=HIVECLI]
2024-04-24T05:31:02,280  INFO [main] HiveMetaStore.audit: ugi=alex	ip=unknown-ip-addr	cmd=get_databases: @hive#	
2024-04-24T05:31:02,284  INFO [main] util.HiveStrictManagedMigration: Found 2 databases
2024-04-24T05:31:02,284  INFO [main] util.HiveStrictManagedMigration: Processing database custdb
2024-04-24T05:31:02,284  INFO [main] HiveMetaStore.audit: ugi=alex	ip=unknown-ip-addr	cmd=get_database: custdb	
2024-04-24T05:31:02,287  INFO [main] HiveMetaStore.audit: ugi=alex	ip=unknown-ip-addr	cmd=get_multi_table : db=custdb tbls=null	
2024-04-24T05:31:02,296  INFO [main] util.HiveStrictManagedMigration: Processing database default
2024-04-24T05:31:02,297  INFO [main] HiveMetaStore.audit: ugi=alex	ip=unknown-ip-addr	cmd=get_database: default	
2024-04-24T05:31:02,299  INFO [main] HiveMetaStore.audit: ugi=alex	ip=unknown-ip-addr	cmd=get_multi_table : db=default tbls=null	
2024-04-24T05:31:02,302  INFO [main] util.HiveStrictManagedMigration: Done processing databases.
2024-04-24T05:31:02,302  INFO [main] HiveMetaStore.audit: ugi=alex	ip=unknown-ip-addr	cmd=Cleaning up thread local RawStore...	
2024-04-24T05:31:02,302  INFO [main] metastore.ObjectStore: RawStore: org.apache.hadoop.hive.metastore.ObjectStore@58e2af93, with PersistenceManager: org.datanucleus.api.jdo.JDOPersistenceManager@4ffff10c will be shutdown
2024-04-24T05:31:02,302  INFO [main] HiveMetaStore.audit: ugi=alex	ip=unknown-ip-addr	cmd=Done cleaning up thread local RawStore	
2024-04-24T05:31:02,302  INFO [main] metastore.HiveMetaStoreClient: Closed a connection to metastore, current connections: -2
2024-04-24T05:31:02,304  INFO [main] HiveMetaStore.audit: ugi=alex	ip=unknown-ip-addr	cmd=get_table : tbl=hive.default.manwhwh	
2024-04-24T05:31:02,304  INFO [main] metastore.HMSHandler: 0: Opening raw store with implementation class:org.apache.hadoop.hive.metastore.ObjectStore
2024-04-24T05:31:02,305  INFO [main] metastore.ObjectStore: RawStore: org.apache.hadoop.hive.metastore.ObjectStore@6942d9bc, with PersistenceManager: null will be shutdown
2024-04-24T05:31:02,305  INFO [main] metastore.ObjectStore: RawStore: org.apache.hadoop.hive.metastore.ObjectStore@6942d9bc, with PersistenceManager: org.datanucleus.api.jdo.JDOPersistenceManager@436d140d created in the thread with id: 1
2024-04-24T05:31:02,307  INFO [main] metastore.HMSHandler: Created RawStore: org.apache.hadoop.hive.metastore.ObjectStore@6942d9bc from thread id: 1
2024-04-24T05:31:02,319  INFO [main] metastore.HMSHandler: Skipping translation for processor with null
2024-04-24T05:31:02,320  INFO [main] ql.TxnCommandsBaseForTests: Running the query: drop table if exists acidTbl
2024-04-24T05:31:02,320  INFO [main] ql.Driver: Compiling command(queryId=alex_20240424053102_92ebf90a-db55-4739-bb38-0c3b23efe81a): drop table if exists acidTbl
2024-04-24T05:31:02,324  INFO [main] txn.TxnHandler: Added entries to MIN_HISTORY_LEVEL for current txns: ([63]) with min_open_txn: 51
2024-04-24T05:31:02,324  INFO [main] lockmgr.DbTxnManager: Opened txnid:63
2024-04-24T05:31:02,325  INFO [main] HiveMetaStore.audit: ugi=alex	ip=unknown-ip-addr	cmd=get_table : tbl=hive.default.acidTbl	
2024-04-24T05:31:02,332  INFO [main] metastore.HMSHandler: Skipping translation for processor with null
2024-04-24T05:31:02,332  INFO [main] ql.Driver: Semantic Analysis Completed (retrial = false)
2024-04-24T05:31:02,332  INFO [main] ql.Driver: Created Hive schema: Schema(fieldSchemas:null, properties:null)
2024-04-24T05:31:02,332  INFO [main] metadata.Hive: Dumping metastore api call timing information for : compilation phase
2024-04-24T05:31:02,332  INFO [main] metadata.Hive: Total time spent in each metastore function (ms): {getTable_(GetTableRequest)=23, flushCache_()=0, isCompatibleWith_(Configuration)=1, commitTxn_(CommitTxnRequest)=14, openTxn_(String, TxnType)=3, getValidTxns_(long)=1}
2024-04-24T05:31:02,332  INFO [main] ql.Driver: Completed compiling command(queryId=alex_20240424053102_92ebf90a-db55-4739-bb38-0c3b23efe81a); Time taken: 0.012 seconds
2024-04-24T05:31:02,332  INFO [main] lockmgr.DbTxnManager: Setting lock request transaction to txnid:63 for queryId=alex_20240424053102_92ebf90a-db55-4739-bb38-0c3b23efe81a
2024-04-24T05:31:02,333  INFO [main] lockmgr.DbLockManager: Requesting lock for queryId=alex_20240424053102_92ebf90a-db55-4739-bb38-0c3b23efe81a
2024-04-24T05:31:02,354  INFO [main] lockmgr.DbLockManager: Response to queryId=alex_20240424053102_92ebf90a-db55-4739-bb38-0c3b23efe81a LockResponse(lockid:31, state:ACQUIRED)
2024-04-24T05:31:02,354  INFO [main] ql.Driver: Operation DROPTABLE obtained 1 locks
2024-04-24T05:31:02,354  INFO [main] ql.Driver: Executing command(queryId=alex_20240424053102_92ebf90a-db55-4739-bb38-0c3b23efe81a): drop table if exists acidTbl
2024-04-24T05:31:02,354  INFO [main] ql.Driver: Starting task [Stage-0:DDL] in serial mode
2024-04-24T05:31:02,354  INFO [main] HiveMetaStore.audit: ugi=alex	ip=unknown-ip-addr	cmd=get_table : tbl=hive.default.acidTbl	
2024-04-24T05:31:02,362  INFO [main] metastore.HMSHandler: Skipping translation for processor with null
2024-04-24T05:31:02,362  INFO [main] HiveMetaStore.audit: ugi=alex	ip=unknown-ip-addr	cmd=get_table : tbl=hive.default.acidTbl	
2024-04-24T05:31:02,370  INFO [main] metastore.HMSHandler: Skipping translation for processor with null
2024-04-24T05:31:02,370  INFO [main] HiveMetaStore.audit: ugi=alex	ip=unknown-ip-addr	cmd=drop_table : tbl=hive.default.acidTbl	
2024-04-24T05:31:02,479  INFO [main] metadata.Hive: Dumping metastore api call timing information for : execution phase
2024-04-24T05:31:02,479  INFO [main] metadata.Hive: Total time spent in each metastore function (ms): {isCompatibleWith_(Configuration)=0, getTable_(GetTableRequest)=8, dropTable_(String, String, boolean, boolean, boolean)=117}
2024-04-24T05:31:02,480  INFO [main] ql.Driver: Completed executing command(queryId=alex_20240424053102_92ebf90a-db55-4739-bb38-0c3b23efe81a); Time taken: 0.125 seconds
2024-04-24T05:31:02,480  INFO [main] lockmgr.DbTxnManager: Stopped heartbeat for query: alex_20240424053102_92ebf90a-db55-4739-bb38-0c3b23efe81a
2024-04-24T05:31:02,483  INFO [main] txn.TxnHandler: Expected to move at least one record from txn_components to completed_txn_components when committing txn! txnid:63
2024-04-24T05:31:02,489  INFO [main] txn.TxnHandler: Removed transactions: ([63]) from MIN_HISTORY_LEVEL
2024-04-24T05:31:02,490  WARN [main] txn.CompactionTxnHandler: No compaction queue record found for Compaction type transaction commit. txnId:63
2024-04-24T05:31:02,490  INFO [main] ql.TxnCommandsBaseForTests: Running the query: drop table if exists acidTblPart
2024-04-24T05:31:02,490  INFO [main] ql.Driver: Compiling command(queryId=alex_20240424053102_110c8ffb-0eea-4a8b-949d-474f7b3f367f): drop table if exists acidTblPart
2024-04-24T05:31:02,493  INFO [main] txn.TxnHandler: Added entries to MIN_HISTORY_LEVEL for current txns: ([64]) with min_open_txn: 53
2024-04-24T05:31:02,493  INFO [main] lockmgr.DbTxnManager: Opened txnid:64
2024-04-24T05:31:02,494  INFO [main] HiveMetaStore.audit: ugi=alex	ip=unknown-ip-addr	cmd=get_table : tbl=hive.default.acidTblPart	
2024-04-24T05:31:02,501  INFO [main] metastore.HMSHandler: Skipping translation for processor with null
2024-04-24T05:31:02,502  INFO [main] ql.Driver: Semantic Analysis Completed (retrial = false)
2024-04-24T05:31:02,502  INFO [main] ql.Driver: Created Hive schema: Schema(fieldSchemas:null, properties:null)
2024-04-24T05:31:02,502  INFO [main] metadata.Hive: Dumping metastore api call timing information for : compilation phase
2024-04-24T05:31:02,502  INFO [main] metadata.Hive: Total time spent in each metastore function (ms): {commitTxn_(CommitTxnRequest)=10, getValidTxns_(long)=1, flushCache_()=0, openTxn_(String, TxnType)=2, getTable_(GetTableRequest)=7, isCompatibleWith_(Configuration)=0}
2024-04-24T05:31:02,502  INFO [main] ql.Driver: Completed compiling command(queryId=alex_20240424053102_110c8ffb-0eea-4a8b-949d-474f7b3f367f); Time taken: 0.012 seconds
2024-04-24T05:31:02,502  INFO [main] lockmgr.DbTxnManager: Setting lock request transaction to txnid:64 for queryId=alex_20240424053102_110c8ffb-0eea-4a8b-949d-474f7b3f367f
2024-04-24T05:31:02,503  INFO [main] lockmgr.DbLockManager: Requesting lock for queryId=alex_20240424053102_110c8ffb-0eea-4a8b-949d-474f7b3f367f
2024-04-24T05:31:02,518  INFO [main] lockmgr.DbLockManager: Response to queryId=alex_20240424053102_110c8ffb-0eea-4a8b-949d-474f7b3f367f LockResponse(lockid:32, state:ACQUIRED)
2024-04-24T05:31:02,518  INFO [main] ql.Driver: Operation DROPTABLE obtained 1 locks
2024-04-24T05:31:02,518  INFO [main] ql.Driver: Executing command(queryId=alex_20240424053102_110c8ffb-0eea-4a8b-949d-474f7b3f367f): drop table if exists acidTblPart
2024-04-24T05:31:02,518  INFO [main] ql.Driver: Starting task [Stage-0:DDL] in serial mode
2024-04-24T05:31:02,518  INFO [main] HiveMetaStore.audit: ugi=alex	ip=unknown-ip-addr	cmd=get_table : tbl=hive.default.acidTblPart	
2024-04-24T05:31:02,526  INFO [main] metastore.HMSHandler: Skipping translation for processor with null
2024-04-24T05:31:02,527  INFO [main] HiveMetaStore.audit: ugi=alex	ip=unknown-ip-addr	cmd=get_table : tbl=hive.default.acidTblPart	
2024-04-24T05:31:02,534  INFO [main] metastore.HMSHandler: Skipping translation for processor with null
2024-04-24T05:31:02,534  INFO [main] HiveMetaStore.audit: ugi=alex	ip=unknown-ip-addr	cmd=drop_table : tbl=hive.default.acidTblPart	
2024-04-24T05:31:02,578  INFO [main] metadata.Hive: Dumping metastore api call timing information for : execution phase
2024-04-24T05:31:02,578  INFO [main] metadata.Hive: Total time spent in each metastore function (ms): {getTable_(GetTableRequest)=8, dropTable_(String, String, boolean, boolean, boolean)=52, isCompatibleWith_(Configuration)=0}
2024-04-24T05:31:02,578  INFO [main] ql.Driver: Completed executing command(queryId=alex_20240424053102_110c8ffb-0eea-4a8b-949d-474f7b3f367f); Time taken: 0.06 seconds
2024-04-24T05:31:02,578  INFO [main] lockmgr.DbTxnManager: Stopped heartbeat for query: alex_20240424053102_110c8ffb-0eea-4a8b-949d-474f7b3f367f
2024-04-24T05:31:02,582  INFO [main] txn.TxnHandler: Expected to move at least one record from txn_components to completed_txn_components when committing txn! txnid:64
2024-04-24T05:31:02,586  INFO [main] txn.TxnHandler: Removed transactions: ([64]) from MIN_HISTORY_LEVEL
2024-04-24T05:31:02,587  WARN [main] txn.CompactionTxnHandler: No compaction queue record found for Compaction type transaction commit. txnId:64
2024-04-24T05:31:02,587  INFO [main] ql.TxnCommandsBaseForTests: Running the query: drop table if exists acidTbl2
2024-04-24T05:31:02,587  INFO [main] ql.Driver: Compiling command(queryId=alex_20240424053102_af8c63e3-141e-4268-b3c9-c42e822f3bcd): drop table if exists acidTbl2
2024-04-24T05:31:02,590  INFO [main] txn.TxnHandler: Added entries to MIN_HISTORY_LEVEL for current txns: ([65]) with min_open_txn: 55
2024-04-24T05:31:02,590  INFO [main] lockmgr.DbTxnManager: Opened txnid:65
2024-04-24T05:31:02,591  INFO [main] HiveMetaStore.audit: ugi=alex	ip=unknown-ip-addr	cmd=get_table : tbl=hive.default.acidTbl2	
2024-04-24T05:31:02,595  INFO [main] ql.Driver: Semantic Analysis Completed (retrial = false)
2024-04-24T05:31:02,595  INFO [main] ql.Driver: Created Hive schema: Schema(fieldSchemas:null, properties:null)
2024-04-24T05:31:02,595  INFO [main] metadata.Hive: Dumping metastore api call timing information for : compilation phase
2024-04-24T05:31:02,595  INFO [main] metadata.Hive: Total time spent in each metastore function (ms): {openTxn_(String, TxnType)=2, flushCache_()=0, getValidTxns_(long)=0, isCompatibleWith_(Configuration)=1, commitTxn_(CommitTxnRequest)=9}
2024-04-24T05:31:02,595  INFO [main] ql.Driver: Completed compiling command(queryId=alex_20240424053102_af8c63e3-141e-4268-b3c9-c42e822f3bcd); Time taken: 0.008 seconds
2024-04-24T05:31:02,595  INFO [main] lockmgr.DbTxnManager: Setting lock request transaction to txnid:65 for queryId=alex_20240424053102_af8c63e3-141e-4268-b3c9-c42e822f3bcd
2024-04-24T05:31:02,595  INFO [main] ql.Driver: Operation DROPTABLE obtained 0 locks
2024-04-24T05:31:02,595  INFO [main] ql.Driver: Executing command(queryId=alex_20240424053102_af8c63e3-141e-4268-b3c9-c42e822f3bcd): drop table if exists acidTbl2
2024-04-24T05:31:02,596  INFO [main] ql.Driver: Starting task [Stage-0:DDL] in serial mode
2024-04-24T05:31:02,596  INFO [main] HiveMetaStore.audit: ugi=alex	ip=unknown-ip-addr	cmd=get_table : tbl=hive.default.acidTbl2	
2024-04-24T05:31:02,599  INFO [main] metadata.Hive: Dumping metastore api call timing information for : execution phase
2024-04-24T05:31:02,599  INFO [main] metadata.Hive: Total time spent in each metastore function (ms): {isCompatibleWith_(Configuration)=0}
2024-04-24T05:31:02,600  INFO [main] ql.Driver: Completed executing command(queryId=alex_20240424053102_af8c63e3-141e-4268-b3c9-c42e822f3bcd); Time taken: 0.004 seconds
2024-04-24T05:31:02,600  INFO [main] lockmgr.DbTxnManager: Stopped heartbeat for query: alex_20240424053102_af8c63e3-141e-4268-b3c9-c42e822f3bcd
2024-04-24T05:31:02,605  INFO [main] txn.TxnHandler: Expected to move at least one record from txn_components to completed_txn_components when committing txn! txnid:65
2024-04-24T05:31:02,612  INFO [main] txn.TxnHandler: Removed transactions: ([65]) from MIN_HISTORY_LEVEL
2024-04-24T05:31:02,612  WARN [main] txn.CompactionTxnHandler: No compaction queue record found for Compaction type transaction commit. txnId:65
2024-04-24T05:31:02,612  INFO [main] ql.TxnCommandsBaseForTests: Running the query: drop table if exists nonAcidOrcTbl
2024-04-24T05:31:02,613  INFO [main] ql.Driver: Compiling command(queryId=alex_20240424053102_cef93a96-6faa-46b3-98bc-8f608dc2c418): drop table if exists nonAcidOrcTbl
2024-04-24T05:31:02,615  INFO [main] txn.TxnHandler: Added entries to MIN_HISTORY_LEVEL for current txns: ([66]) with min_open_txn: 55
2024-04-24T05:31:02,616  INFO [main] lockmgr.DbTxnManager: Opened txnid:66
2024-04-24T05:31:02,617  INFO [main] HiveMetaStore.audit: ugi=alex	ip=unknown-ip-addr	cmd=get_table : tbl=hive.default.nonAcidOrcTbl	
2024-04-24T05:31:02,640  INFO [main] metastore.HMSHandler: Skipping translation for processor with null
2024-04-24T05:31:02,640  INFO [main] ql.Driver: Semantic Analysis Completed (retrial = false)
2024-04-24T05:31:02,641  INFO [main] ql.Driver: Created Hive schema: Schema(fieldSchemas:null, properties:null)
2024-04-24T05:31:02,641  INFO [main] metadata.Hive: Dumping metastore api call timing information for : compilation phase
2024-04-24T05:31:02,641  INFO [main] metadata.Hive: Total time spent in each metastore function (ms): {openTxn_(String, TxnType)=3, flushCache_()=0, commitTxn_(CommitTxnRequest)=12, isCompatibleWith_(Configuration)=0, getTable_(GetTableRequest)=23, getValidTxns_(long)=1}
2024-04-24T05:31:02,641  INFO [main] ql.Driver: Completed compiling command(queryId=alex_20240424053102_cef93a96-6faa-46b3-98bc-8f608dc2c418); Time taken: 0.028 seconds
2024-04-24T05:31:02,641  INFO [main] lockmgr.DbTxnManager: Setting lock request transaction to txnid:66 for queryId=alex_20240424053102_cef93a96-6faa-46b3-98bc-8f608dc2c418
2024-04-24T05:31:02,642  INFO [main] lockmgr.DbLockManager: Requesting lock for queryId=alex_20240424053102_cef93a96-6faa-46b3-98bc-8f608dc2c418
2024-04-24T05:31:02,656  INFO [main] lockmgr.DbLockManager: Response to queryId=alex_20240424053102_cef93a96-6faa-46b3-98bc-8f608dc2c418 LockResponse(lockid:33, state:ACQUIRED)
2024-04-24T05:31:02,656  INFO [main] ql.Driver: Operation DROPTABLE obtained 1 locks
2024-04-24T05:31:02,656  INFO [main] ql.Driver: Executing command(queryId=alex_20240424053102_cef93a96-6faa-46b3-98bc-8f608dc2c418): drop table if exists nonAcidOrcTbl
2024-04-24T05:31:02,656  INFO [main] ql.Driver: Starting task [Stage-0:DDL] in serial mode
2024-04-24T05:31:02,656  INFO [main] HiveMetaStore.audit: ugi=alex	ip=unknown-ip-addr	cmd=get_table : tbl=hive.default.nonAcidOrcTbl	
2024-04-24T05:31:02,666  INFO [main] metastore.HMSHandler: Skipping translation for processor with null
2024-04-24T05:31:02,667  INFO [main] HiveMetaStore.audit: ugi=alex	ip=unknown-ip-addr	cmd=get_table : tbl=hive.default.nonAcidOrcTbl	
2024-04-24T05:31:02,676  INFO [main] metastore.HMSHandler: Skipping translation for processor with null
2024-04-24T05:31:02,676  INFO [main] HiveMetaStore.audit: ugi=alex	ip=unknown-ip-addr	cmd=drop_table : tbl=hive.default.nonAcidOrcTbl	
2024-04-24T05:31:02,770  INFO [main] metadata.Hive: Dumping metastore api call timing information for : execution phase
2024-04-24T05:31:02,770  INFO [main] metadata.Hive: Total time spent in each metastore function (ms): {isCompatibleWith_(Configuration)=0, getTable_(GetTableRequest)=11, dropTable_(String, String, boolean, boolean, boolean)=103}
2024-04-24T05:31:02,770  INFO [main] ql.Driver: Completed executing command(queryId=alex_20240424053102_cef93a96-6faa-46b3-98bc-8f608dc2c418); Time taken: 0.114 seconds
2024-04-24T05:31:02,770  INFO [main] lockmgr.DbTxnManager: Stopped heartbeat for query: alex_20240424053102_cef93a96-6faa-46b3-98bc-8f608dc2c418
2024-04-24T05:31:02,774  INFO [main] txn.TxnHandler: Expected to move at least one record from txn_components to completed_txn_components when committing txn! txnid:66
2024-04-24T05:31:02,779  INFO [main] txn.TxnHandler: Removed transactions: ([66]) from MIN_HISTORY_LEVEL
2024-04-24T05:31:02,779  WARN [main] txn.CompactionTxnHandler: No compaction queue record found for Compaction type transaction commit. txnId:66
2024-04-24T05:31:02,780  INFO [main] ql.TxnCommandsBaseForTests: Running the query: drop table if exists nonAcidOrcTbl2
2024-04-24T05:31:02,780  INFO [main] ql.Driver: Compiling command(queryId=alex_20240424053102_13d47016-0478-4079-acb5-d8e9a3774f59): drop table if exists nonAcidOrcTbl2
2024-04-24T05:31:02,782  INFO [main] txn.TxnHandler: Added entries to MIN_HISTORY_LEVEL for current txns: ([67]) with min_open_txn: 59
2024-04-24T05:31:02,782  INFO [main] lockmgr.DbTxnManager: Opened txnid:67
2024-04-24T05:31:02,783  INFO [main] HiveMetaStore.audit: ugi=alex	ip=unknown-ip-addr	cmd=get_table : tbl=hive.default.nonAcidOrcTbl2	
2024-04-24T05:31:02,794  INFO [main] metastore.HMSHandler: Skipping translation for processor with null
2024-04-24T05:31:02,794  INFO [main] ql.Driver: Semantic Analysis Completed (retrial = false)
2024-04-24T05:31:02,794  INFO [main] ql.Driver: Created Hive schema: Schema(fieldSchemas:null, properties:null)
2024-04-24T05:31:02,794  INFO [main] metadata.Hive: Dumping metastore api call timing information for : compilation phase
2024-04-24T05:31:02,795  INFO [main] metadata.Hive: Total time spent in each metastore function (ms): {isCompatibleWith_(Configuration)=0, getValidTxns_(long)=0, commitTxn_(CommitTxnRequest)=9, flushCache_()=0, getTable_(GetTableRequest)=11, openTxn_(String, TxnType)=2}
2024-04-24T05:31:02,795  INFO [main] ql.Driver: Completed compiling command(queryId=alex_20240424053102_13d47016-0478-4079-acb5-d8e9a3774f59); Time taken: 0.014 seconds
2024-04-24T05:31:02,795  INFO [main] lockmgr.DbTxnManager: Setting lock request transaction to txnid:67 for queryId=alex_20240424053102_13d47016-0478-4079-acb5-d8e9a3774f59
2024-04-24T05:31:02,795  INFO [main] lockmgr.DbLockManager: Requesting lock for queryId=alex_20240424053102_13d47016-0478-4079-acb5-d8e9a3774f59
2024-04-24T05:31:02,811  INFO [main] lockmgr.DbLockManager: Response to queryId=alex_20240424053102_13d47016-0478-4079-acb5-d8e9a3774f59 LockResponse(lockid:34, state:ACQUIRED)
2024-04-24T05:31:02,811  INFO [main] ql.Driver: Operation DROPTABLE obtained 1 locks
2024-04-24T05:31:02,811  INFO [main] ql.Driver: Executing command(queryId=alex_20240424053102_13d47016-0478-4079-acb5-d8e9a3774f59): drop table if exists nonAcidOrcTbl2
2024-04-24T05:31:02,811  INFO [main] ql.Driver: Starting task [Stage-0:DDL] in serial mode
2024-04-24T05:31:02,812  INFO [main] HiveMetaStore.audit: ugi=alex	ip=unknown-ip-addr	cmd=get_table : tbl=hive.default.nonAcidOrcTbl2	
2024-04-24T05:31:02,822  INFO [main] metastore.HMSHandler: Skipping translation for processor with null
2024-04-24T05:31:02,822  INFO [main] HiveMetaStore.audit: ugi=alex	ip=unknown-ip-addr	cmd=get_table : tbl=hive.default.nonAcidOrcTbl2	
2024-04-24T05:31:02,832  INFO [main] metastore.HMSHandler: Skipping translation for processor with null
2024-04-24T05:31:02,832  INFO [main] HiveMetaStore.audit: ugi=alex	ip=unknown-ip-addr	cmd=drop_table : tbl=hive.default.nonAcidOrcTbl2	
2024-04-24T05:31:02,871  INFO [main] metadata.Hive: Dumping metastore api call timing information for : execution phase
2024-04-24T05:31:02,871  INFO [main] metadata.Hive: Total time spent in each metastore function (ms): {isCompatibleWith_(Configuration)=0, dropTable_(String, String, boolean, boolean, boolean)=49, getTable_(GetTableRequest)=11}
2024-04-24T05:31:02,871  INFO [main] ql.Driver: Completed executing command(queryId=alex_20240424053102_13d47016-0478-4079-acb5-d8e9a3774f59); Time taken: 0.06 seconds
2024-04-24T05:31:02,871  INFO [main] lockmgr.DbTxnManager: Stopped heartbeat for query: alex_20240424053102_13d47016-0478-4079-acb5-d8e9a3774f59
2024-04-24T05:31:02,875  INFO [main] txn.TxnHandler: Expected to move at least one record from txn_components to completed_txn_components when committing txn! txnid:67
2024-04-24T05:31:02,881  INFO [main] txn.TxnHandler: Removed transactions: ([67]) from MIN_HISTORY_LEVEL
2024-04-24T05:31:02,881  WARN [main] txn.CompactionTxnHandler: No compaction queue record found for Compaction type transaction commit. txnId:67
2024-04-24T05:31:02,882  INFO [main] ql.TxnCommandsBaseForTests: Running the query: drop table if exists nonAcidNonBucket
2024-04-24T05:31:02,882  INFO [main] ql.Driver: Compiling command(queryId=alex_20240424053102_ad6ed766-60b1-4c15-90c5-16eee52c82d2): drop table if exists nonAcidNonBucket
2024-04-24T05:31:02,884  INFO [main] txn.TxnHandler: Added entries to MIN_HISTORY_LEVEL for current txns: ([68]) with min_open_txn: 60
2024-04-24T05:31:02,885  INFO [main] lockmgr.DbTxnManager: Opened txnid:68
2024-04-24T05:31:02,886  INFO [main] HiveMetaStore.audit: ugi=alex	ip=unknown-ip-addr	cmd=get_table : tbl=hive.default.nonAcidNonBucket	
2024-04-24T05:31:02,895  INFO [main] metastore.HMSHandler: Skipping translation for processor with null
2024-04-24T05:31:02,895  INFO [main] ql.Driver: Semantic Analysis Completed (retrial = false)
2024-04-24T05:31:02,895  INFO [main] ql.Driver: Created Hive schema: Schema(fieldSchemas:null, properties:null)
2024-04-24T05:31:02,896  INFO [main] metadata.Hive: Dumping metastore api call timing information for : compilation phase
2024-04-24T05:31:02,896  INFO [main] metadata.Hive: Total time spent in each metastore function (ms): {commitTxn_(CommitTxnRequest)=9, isCompatibleWith_(Configuration)=1, getTable_(GetTableRequest)=9, openTxn_(String, TxnType)=3, getValidTxns_(long)=0, flushCache_()=0}
2024-04-24T05:31:02,896  INFO [main] ql.Driver: Completed compiling command(queryId=alex_20240424053102_ad6ed766-60b1-4c15-90c5-16eee52c82d2); Time taken: 0.013 seconds
2024-04-24T05:31:02,896  INFO [main] lockmgr.DbTxnManager: Setting lock request transaction to txnid:68 for queryId=alex_20240424053102_ad6ed766-60b1-4c15-90c5-16eee52c82d2
2024-04-24T05:31:02,897  INFO [main] lockmgr.DbLockManager: Requesting lock for queryId=alex_20240424053102_ad6ed766-60b1-4c15-90c5-16eee52c82d2
2024-04-24T05:31:02,912  INFO [main] lockmgr.DbLockManager: Response to queryId=alex_20240424053102_ad6ed766-60b1-4c15-90c5-16eee52c82d2 LockResponse(lockid:35, state:ACQUIRED)
2024-04-24T05:31:02,912  INFO [main] ql.Driver: Operation DROPTABLE obtained 1 locks
2024-04-24T05:31:02,912  INFO [main] ql.Driver: Executing command(queryId=alex_20240424053102_ad6ed766-60b1-4c15-90c5-16eee52c82d2): drop table if exists nonAcidNonBucket
2024-04-24T05:31:02,912  INFO [main] ql.Driver: Starting task [Stage-0:DDL] in serial mode
2024-04-24T05:31:02,912  INFO [main] HiveMetaStore.audit: ugi=alex	ip=unknown-ip-addr	cmd=get_table : tbl=hive.default.nonAcidNonBucket	
2024-04-24T05:31:02,922  INFO [main] metastore.HMSHandler: Skipping translation for processor with null
2024-04-24T05:31:02,922  INFO [main] HiveMetaStore.audit: ugi=alex	ip=unknown-ip-addr	cmd=get_table : tbl=hive.default.nonAcidNonBucket	
2024-04-24T05:31:02,932  INFO [main] metastore.HMSHandler: Skipping translation for processor with null
2024-04-24T05:31:02,932  INFO [main] HiveMetaStore.audit: ugi=alex	ip=unknown-ip-addr	cmd=drop_table : tbl=hive.default.nonAcidNonBucket	
2024-04-24T05:31:02,969  INFO [main] metadata.Hive: Dumping metastore api call timing information for : execution phase
2024-04-24T05:31:02,969  INFO [main] metadata.Hive: Total time spent in each metastore function (ms): {isCompatibleWith_(Configuration)=0, dropTable_(String, String, boolean, boolean, boolean)=47, getTable_(GetTableRequest)=10}
2024-04-24T05:31:02,969  INFO [main] ql.Driver: Completed executing command(queryId=alex_20240424053102_ad6ed766-60b1-4c15-90c5-16eee52c82d2); Time taken: 0.057 seconds
2024-04-24T05:31:02,969  INFO [main] lockmgr.DbTxnManager: Stopped heartbeat for query: alex_20240424053102_ad6ed766-60b1-4c15-90c5-16eee52c82d2
2024-04-24T05:31:02,973  INFO [main] txn.TxnHandler: Expected to move at least one record from txn_components to completed_txn_components when committing txn! txnid:68
2024-04-24T05:31:02,980  INFO [main] txn.TxnHandler: Removed transactions: ([68]) from MIN_HISTORY_LEVEL
2024-04-24T05:31:02,980  WARN [main] txn.CompactionTxnHandler: No compaction queue record found for Compaction type transaction commit. txnId:68
2024-04-24T05:31:02,981  INFO [main] utils.TestTxnDbUtil: Cleaning transactional tables
]]></system-err>
  </testcase>
  <testcase name="testExtDbDirOnFsIsCreatedAsHiveIfDbOwnerNull" classname="org.apache.hadoop.hive.ql.util.TestHiveStrictManagedMigration" time="1.594"/>
  <testcase name="testExternalMoveFailsForIncorrectOptions" classname="org.apache.hadoop.hive.ql.util.TestHiveStrictManagedMigration" time="0.828">
    <error type="java.lang.RuntimeException"><![CDATA[java.lang.RuntimeException: create table nonAcidOrcTbl(a int, b int) clustered by (a) into 2 buckets stored as orc TBLPROPERTIES ('transactional'='false') failed: (responseCode = 40000, errorMessage = FAILED: Execution Error, return code 40000 from org.apache.hadoop.hive.ql.ddl.DDLTask. MetaException(message:Table default.nonAcidOrcTbl failed strict managed table checks due to the following reason: Table is marked as a managed table but is not transactional.), hiveErrorCode = 40000, SQLState = 08S01, exception = MetaException(message:Table default.nonAcidOrcTbl failed strict managed table checks due to the following reason: Table is marked as a managed table but is not transactional.))
	at org.apache.hadoop.hive.ql.TxnCommandsBaseForTests.runStatementOnDriver(TxnCommandsBaseForTests.java:247)
	at org.apache.hadoop.hive.ql.TxnCommandsBaseForTests.setUpInternal(TxnCommandsBaseForTests.java:144)
	at org.apache.hadoop.hive.ql.TxnCommandsBaseForTests.setUp(TxnCommandsBaseForTests.java:94)
	at sun.reflect.NativeMethodAccessorImpl.invoke0(Native Method)
	at sun.reflect.NativeMethodAccessorImpl.invoke(NativeMethodAccessorImpl.java:62)
	at sun.reflect.DelegatingMethodAccessorImpl.invoke(DelegatingMethodAccessorImpl.java:43)
	at java.lang.reflect.Method.invoke(Method.java:498)
	at org.junit.runners.model.FrameworkMethod$1.runReflectiveCall(FrameworkMethod.java:59)
	at org.junit.internal.runners.model.ReflectiveCallable.run(ReflectiveCallable.java:12)
	at org.junit.runners.model.FrameworkMethod.invokeExplosively(FrameworkMethod.java:56)
	at org.junit.internal.runners.statements.RunBefores.invokeMethod(RunBefores.java:33)
	at org.junit.internal.runners.statements.RunBefores.evaluate(RunBefores.java:24)
	at org.junit.internal.runners.statements.RunAfters.evaluate(RunAfters.java:27)
	at org.junit.rules.TestWatcher$1.evaluate(TestWatcher.java:61)
	at org.junit.runners.ParentRunner$3.evaluate(ParentRunner.java:306)
	at org.junit.runners.BlockJUnit4ClassRunner$1.evaluate(BlockJUnit4ClassRunner.java:100)
	at org.junit.runners.ParentRunner.runLeaf(ParentRunner.java:366)
	at org.junit.runners.BlockJUnit4ClassRunner.runChild(BlockJUnit4ClassRunner.java:103)
	at org.junit.runners.BlockJUnit4ClassRunner.runChild(BlockJUnit4ClassRunner.java:63)
	at org.junit.runners.ParentRunner$4.run(ParentRunner.java:331)
	at org.junit.runners.ParentRunner$1.schedule(ParentRunner.java:79)
	at org.junit.runners.ParentRunner.runChildren(ParentRunner.java:329)
	at org.junit.runners.ParentRunner.access$100(ParentRunner.java:66)
	at org.junit.runners.ParentRunner$2.evaluate(ParentRunner.java:293)
	at org.junit.runners.ParentRunner$3.evaluate(ParentRunner.java:306)
	at org.junit.runners.ParentRunner.run(ParentRunner.java:413)
	at org.junit.runner.JUnitCore.run(JUnitCore.java:137)
	at org.junit.runner.JUnitCore.run(JUnitCore.java:115)
	at org.junit.vintage.engine.execution.RunnerExecutor.execute(RunnerExecutor.java:43)
	at java.util.stream.ForEachOps$ForEachOp$OfRef.accept(ForEachOps.java:183)
	at java.util.stream.ReferencePipeline$3$1.accept(ReferencePipeline.java:193)
	at java.util.Iterator.forEachRemaining(Iterator.java:116)
	at java.util.Spliterators$IteratorSpliterator.forEachRemaining(Spliterators.java:1801)
	at java.util.stream.AbstractPipeline.copyInto(AbstractPipeline.java:482)
	at java.util.stream.AbstractPipeline.wrapAndCopyInto(AbstractPipeline.java:472)
	at java.util.stream.ForEachOps$ForEachOp.evaluateSequential(ForEachOps.java:150)
	at java.util.stream.ForEachOps$ForEachOp$OfRef.evaluateSequential(ForEachOps.java:173)
	at java.util.stream.AbstractPipeline.evaluate(AbstractPipeline.java:234)
	at java.util.stream.ReferencePipeline.forEach(ReferencePipeline.java:485)
	at org.junit.vintage.engine.VintageTestEngine.executeAllChildren(VintageTestEngine.java:82)
	at org.junit.vintage.engine.VintageTestEngine.execute(VintageTestEngine.java:73)
	at org.junit.platform.launcher.core.DefaultLauncher.execute(DefaultLauncher.java:248)
	at org.junit.platform.launcher.core.DefaultLauncher.lambda$execute$5(DefaultLauncher.java:211)
	at org.junit.platform.launcher.core.DefaultLauncher.withInterceptedStreams(DefaultLauncher.java:226)
	at org.junit.platform.launcher.core.DefaultLauncher.execute(DefaultLauncher.java:199)
	at org.junit.platform.launcher.core.DefaultLauncher.execute(DefaultLauncher.java:132)
	at org.apache.maven.surefire.junitplatform.JUnitPlatformProvider.invokeAllTests(JUnitPlatformProvider.java:154)
	at org.apache.maven.surefire.junitplatform.JUnitPlatformProvider.invoke(JUnitPlatformProvider.java:123)
	at org.apache.maven.surefire.booter.ForkedBooter.runSuitesInProcess(ForkedBooter.java:377)
	at org.apache.maven.surefire.booter.ForkedBooter.execute(ForkedBooter.java:138)
	at org.apache.maven.surefire.booter.ForkedBooter.run(ForkedBooter.java:465)
	at org.apache.maven.surefire.booter.ForkedBooter.main(ForkedBooter.java:451)
]]></error>
    <system-err><![CDATA[2024-04-24T05:31:04,646  WARN [main] conf.HiveConf: HiveConf of name hive.stats.key.prefix.reserve.length does not exist
2024-04-24T05:31:04,647  WARN [main] conf.HiveConf: HiveConf of name hive.metastore.client.cache.maxSize does not exist
2024-04-24T05:31:04,647  WARN [main] conf.HiveConf: HiveConf of name hive.metastore.client.cache.recordStats does not exist
2024-04-24T05:31:04,647  WARN [main] conf.HiveConf: HiveConf of name hive.llap.io.cache.orc.alloc.max does not exist
2024-04-24T05:31:04,647  WARN [main] conf.HiveConf: HiveConf of name hive.llap.io.cache.orc.size does not exist
2024-04-24T05:31:04,647  WARN [main] conf.HiveConf: HiveConf of name hive.llap.io.cache.orc.alloc.min does not exist
2024-04-24T05:31:04,647  WARN [main] conf.HiveConf: HiveConf of name hive.dummyparam.test.server.specific.config.hivesite does not exist
2024-04-24T05:31:04,647  WARN [main] conf.HiveConf: HiveConf of name hive.metastore.metadb.dir does not exist
2024-04-24T05:31:04,647  WARN [main] conf.HiveConf: HiveConf of name hive.dummyparam.test.server.specific.config.override does not exist
2024-04-24T05:31:04,647  WARN [main] conf.HiveConf: HiveConf of name hive.llap.io.cache.orc.arena.size does not exist
2024-04-24T05:31:04,647  WARN [main] conf.HiveConf: HiveConf of name hive.dummyparam.test.server.specific.config.metastoresite does not exist
2024-04-24T05:31:04,649  INFO [main] utils.TestTxnDbUtil: Creating transactional tables
Hive Session ID = 284f2f3a-88d8-438a-9a0c-30da0943490a
2024-04-24T05:31:04,652  INFO [main] SessionState: Hive Session ID = 284f2f3a-88d8-438a-9a0c-30da0943490a
ivysettings.xml file not found in HIVE_HOME or HIVE_CONF_DIR,/home/alex/Repositories/hive/conf/ivysettings.xml will be used
2024-04-24T05:31:04,652  INFO [main] DependencyResolver: ivysettings.xml file not found in HIVE_HOME or HIVE_CONF_DIR,/home/alex/Repositories/hive/conf/ivysettings.xml will be used
2024-04-24T05:31:04,657  INFO [main] session.SessionState: Created HDFS directory: /home/alex/Repositories/hive/ql/target/tmp/scratchdir/alex/284f2f3a-88d8-438a-9a0c-30da0943490a
2024-04-24T05:31:04,660  INFO [main] session.SessionState: Created local directory: /home/alex/Repositories/hive/ql/target/tmp/localscratchdir/284f2f3a-88d8-438a-9a0c-30da0943490a
2024-04-24T05:31:04,662  INFO [main] session.SessionState: Created HDFS directory: /home/alex/Repositories/hive/ql/target/tmp/scratchdir/alex/284f2f3a-88d8-438a-9a0c-30da0943490a/_tmp_space.db
2024-04-24T05:31:04,662  INFO [main] sqlstd.SQLStdHiveAccessController: Created SQLStdHiveAccessController for session context : HiveAuthzSessionContext [sessionString=284f2f3a-88d8-438a-9a0c-30da0943490a, clientType=HIVECLI]
2024-04-24T05:31:04,663  INFO [main] ql.TxnCommandsBaseForTests: Running the query: drop table if exists acidTbl
2024-04-24T05:31:04,663  INFO [main] ql.Driver: Compiling command(queryId=alex_20240424053104_c3fe0767-c544-48b7-aff4-16b2be2ddfaf): drop table if exists acidTbl
2024-04-24T05:31:04,670  INFO [main] txn.TxnHandler: Added entries to MIN_HISTORY_LEVEL for current txns: ([1]) with min_open_txn: 1
2024-04-24T05:31:04,670  INFO [main] lockmgr.DbTxnManager: Opened txnid:1
2024-04-24T05:31:04,672  INFO [main] HiveMetaStore.audit: ugi=alex	ip=unknown-ip-addr	cmd=get_table : tbl=hive.default.acidTbl	
2024-04-24T05:31:04,675  INFO [main] ql.Driver: Semantic Analysis Completed (retrial = false)
2024-04-24T05:31:04,675  INFO [main] ql.Driver: Created Hive schema: Schema(fieldSchemas:null, properties:null)
2024-04-24T05:31:04,675  INFO [main] metadata.Hive: Dumping metastore api call timing information for : compilation phase
2024-04-24T05:31:04,675  INFO [main] metadata.Hive: Total time spent in each metastore function (ms): {openTxn_(String, TxnType)=7, isCompatibleWith_(Configuration)=2, getValidTxns_(long)=2, commitTxn_(CommitTxnRequest)=10, flushCache_()=0}
2024-04-24T05:31:04,675  INFO [main] ql.Driver: Completed compiling command(queryId=alex_20240424053104_c3fe0767-c544-48b7-aff4-16b2be2ddfaf); Time taken: 0.012 seconds
2024-04-24T05:31:04,675  INFO [main] lockmgr.DbTxnManager: Setting lock request transaction to txnid:1 for queryId=alex_20240424053104_c3fe0767-c544-48b7-aff4-16b2be2ddfaf
2024-04-24T05:31:04,676  INFO [main] ql.Driver: Operation DROPTABLE obtained 0 locks
2024-04-24T05:31:04,676  INFO [main] ql.Driver: Executing command(queryId=alex_20240424053104_c3fe0767-c544-48b7-aff4-16b2be2ddfaf): drop table if exists acidTbl
2024-04-24T05:31:04,676  INFO [main] ql.Driver: Starting task [Stage-0:DDL] in serial mode
2024-04-24T05:31:04,676  INFO [main] HiveMetaStore.audit: ugi=alex	ip=unknown-ip-addr	cmd=get_table : tbl=hive.default.acidTbl	
2024-04-24T05:31:04,679  INFO [main] metadata.Hive: Dumping metastore api call timing information for : execution phase
2024-04-24T05:31:04,679  INFO [main] metadata.Hive: Total time spent in each metastore function (ms): {isCompatibleWith_(Configuration)=0}
2024-04-24T05:31:04,679  INFO [main] ql.Driver: Completed executing command(queryId=alex_20240424053104_c3fe0767-c544-48b7-aff4-16b2be2ddfaf); Time taken: 0.003 seconds
2024-04-24T05:31:04,679  INFO [main] lockmgr.DbTxnManager: Stopped heartbeat for query: alex_20240424053104_c3fe0767-c544-48b7-aff4-16b2be2ddfaf
2024-04-24T05:31:04,684  INFO [main] txn.TxnHandler: Expected to move at least one record from txn_components to completed_txn_components when committing txn! txnid:1
2024-04-24T05:31:04,689  INFO [main] txn.TxnHandler: Removed transactions: ([1]) from MIN_HISTORY_LEVEL
2024-04-24T05:31:04,690  WARN [main] txn.CompactionTxnHandler: No compaction queue record found for Compaction type transaction commit. txnId:1
2024-04-24T05:31:04,690  INFO [main] ql.TxnCommandsBaseForTests: Running the query: drop table if exists acidTblPart
2024-04-24T05:31:04,691  INFO [main] ql.Driver: Compiling command(queryId=alex_20240424053104_fd4e1755-810b-427b-bc61-bbcb37e3fbd4): drop table if exists acidTblPart
2024-04-24T05:31:04,693  INFO [main] txn.TxnHandler: Added entries to MIN_HISTORY_LEVEL for current txns: ([2]) with min_open_txn: 1
2024-04-24T05:31:04,693  INFO [main] lockmgr.DbTxnManager: Opened txnid:2
2024-04-24T05:31:04,693  INFO [main] HiveMetaStore.audit: ugi=alex	ip=unknown-ip-addr	cmd=get_table : tbl=hive.default.acidTblPart	
2024-04-24T05:31:04,697  INFO [main] ql.Driver: Semantic Analysis Completed (retrial = false)
2024-04-24T05:31:04,697  INFO [main] ql.Driver: Created Hive schema: Schema(fieldSchemas:null, properties:null)
2024-04-24T05:31:04,697  INFO [main] metadata.Hive: Dumping metastore api call timing information for : compilation phase
2024-04-24T05:31:04,697  INFO [main] metadata.Hive: Total time spent in each metastore function (ms): {openTxn_(String, TxnType)=2, isCompatibleWith_(Configuration)=0, getValidTxns_(long)=0, flushCache_()=0, commitTxn_(CommitTxnRequest)=11}
2024-04-24T05:31:04,697  INFO [main] ql.Driver: Completed compiling command(queryId=alex_20240424053104_fd4e1755-810b-427b-bc61-bbcb37e3fbd4); Time taken: 0.006 seconds
2024-04-24T05:31:04,697  INFO [main] lockmgr.DbTxnManager: Setting lock request transaction to txnid:2 for queryId=alex_20240424053104_fd4e1755-810b-427b-bc61-bbcb37e3fbd4
2024-04-24T05:31:04,697  INFO [main] ql.Driver: Operation DROPTABLE obtained 0 locks
2024-04-24T05:31:04,698  INFO [main] ql.Driver: Executing command(queryId=alex_20240424053104_fd4e1755-810b-427b-bc61-bbcb37e3fbd4): drop table if exists acidTblPart
2024-04-24T05:31:04,698  INFO [main] ql.Driver: Starting task [Stage-0:DDL] in serial mode
2024-04-24T05:31:04,698  INFO [main] HiveMetaStore.audit: ugi=alex	ip=unknown-ip-addr	cmd=get_table : tbl=hive.default.acidTblPart	
2024-04-24T05:31:04,701  INFO [main] metadata.Hive: Dumping metastore api call timing information for : execution phase
2024-04-24T05:31:04,701  INFO [main] metadata.Hive: Total time spent in each metastore function (ms): {isCompatibleWith_(Configuration)=0}
2024-04-24T05:31:04,702  INFO [main] ql.Driver: Completed executing command(queryId=alex_20240424053104_fd4e1755-810b-427b-bc61-bbcb37e3fbd4); Time taken: 0.003 seconds
2024-04-24T05:31:04,702  INFO [main] lockmgr.DbTxnManager: Stopped heartbeat for query: alex_20240424053104_fd4e1755-810b-427b-bc61-bbcb37e3fbd4
2024-04-24T05:31:04,707  INFO [main] txn.TxnHandler: Expected to move at least one record from txn_components to completed_txn_components when committing txn! txnid:2
2024-04-24T05:31:04,712  INFO [main] txn.TxnHandler: Removed transactions: ([2]) from MIN_HISTORY_LEVEL
2024-04-24T05:31:04,712  WARN [main] txn.CompactionTxnHandler: No compaction queue record found for Compaction type transaction commit. txnId:2
2024-04-24T05:31:04,713  INFO [main] ql.TxnCommandsBaseForTests: Running the query: drop table if exists acidTbl2
2024-04-24T05:31:04,714  INFO [main] ql.Driver: Compiling command(queryId=alex_20240424053104_b02eb906-4130-4381-8f4f-7e651d6ef10b): drop table if exists acidTbl2
2024-04-24T05:31:04,716  INFO [main] txn.TxnHandler: Added entries to MIN_HISTORY_LEVEL for current txns: ([3]) with min_open_txn: 1
2024-04-24T05:31:04,716  INFO [main] lockmgr.DbTxnManager: Opened txnid:3
2024-04-24T05:31:04,717  INFO [main] HiveMetaStore.audit: ugi=alex	ip=unknown-ip-addr	cmd=get_table : tbl=hive.default.acidTbl2	
2024-04-24T05:31:04,719  INFO [main] ql.Driver: Semantic Analysis Completed (retrial = false)
2024-04-24T05:31:04,720  INFO [main] ql.Driver: Created Hive schema: Schema(fieldSchemas:null, properties:null)
2024-04-24T05:31:04,720  INFO [main] metadata.Hive: Dumping metastore api call timing information for : compilation phase
2024-04-24T05:31:04,720  INFO [main] metadata.Hive: Total time spent in each metastore function (ms): {flushCache_()=0, isCompatibleWith_(Configuration)=0, openTxn_(String, TxnType)=2, getValidTxns_(long)=1, commitTxn_(CommitTxnRequest)=11}
2024-04-24T05:31:04,720  INFO [main] ql.Driver: Completed compiling command(queryId=alex_20240424053104_b02eb906-4130-4381-8f4f-7e651d6ef10b); Time taken: 0.007 seconds
2024-04-24T05:31:04,720  INFO [main] lockmgr.DbTxnManager: Setting lock request transaction to txnid:3 for queryId=alex_20240424053104_b02eb906-4130-4381-8f4f-7e651d6ef10b
2024-04-24T05:31:04,720  INFO [main] ql.Driver: Operation DROPTABLE obtained 0 locks
2024-04-24T05:31:04,720  INFO [main] ql.Driver: Executing command(queryId=alex_20240424053104_b02eb906-4130-4381-8f4f-7e651d6ef10b): drop table if exists acidTbl2
2024-04-24T05:31:04,720  INFO [main] ql.Driver: Starting task [Stage-0:DDL] in serial mode
2024-04-24T05:31:04,721  INFO [main] HiveMetaStore.audit: ugi=alex	ip=unknown-ip-addr	cmd=get_table : tbl=hive.default.acidTbl2	
2024-04-24T05:31:04,724  INFO [main] metadata.Hive: Dumping metastore api call timing information for : execution phase
2024-04-24T05:31:04,724  INFO [main] metadata.Hive: Total time spent in each metastore function (ms): {isCompatibleWith_(Configuration)=0}
2024-04-24T05:31:04,724  INFO [main] ql.Driver: Completed executing command(queryId=alex_20240424053104_b02eb906-4130-4381-8f4f-7e651d6ef10b); Time taken: 0.004 seconds
2024-04-24T05:31:04,725  INFO [main] lockmgr.DbTxnManager: Stopped heartbeat for query: alex_20240424053104_b02eb906-4130-4381-8f4f-7e651d6ef10b
2024-04-24T05:31:04,729  INFO [main] txn.TxnHandler: Expected to move at least one record from txn_components to completed_txn_components when committing txn! txnid:3
2024-04-24T05:31:04,735  INFO [main] txn.TxnHandler: Removed transactions: ([3]) from MIN_HISTORY_LEVEL
2024-04-24T05:31:04,735  WARN [main] txn.CompactionTxnHandler: No compaction queue record found for Compaction type transaction commit. txnId:3
2024-04-24T05:31:04,735  INFO [main] ql.TxnCommandsBaseForTests: Running the query: drop table if exists nonAcidOrcTbl
2024-04-24T05:31:04,736  INFO [main] ql.Driver: Compiling command(queryId=alex_20240424053104_9257fbd6-af9c-4974-b17a-a403167b1ecd): drop table if exists nonAcidOrcTbl
2024-04-24T05:31:04,738  INFO [main] txn.TxnHandler: Added entries to MIN_HISTORY_LEVEL for current txns: ([4]) with min_open_txn: 1
2024-04-24T05:31:04,738  INFO [main] lockmgr.DbTxnManager: Opened txnid:4
2024-04-24T05:31:04,738  INFO [main] HiveMetaStore.audit: ugi=alex	ip=unknown-ip-addr	cmd=get_table : tbl=hive.default.nonAcidOrcTbl	
2024-04-24T05:31:04,741  INFO [main] ql.Driver: Semantic Analysis Completed (retrial = false)
2024-04-24T05:31:04,741  INFO [main] ql.Driver: Created Hive schema: Schema(fieldSchemas:null, properties:null)
2024-04-24T05:31:04,741  INFO [main] metadata.Hive: Dumping metastore api call timing information for : compilation phase
2024-04-24T05:31:04,741  INFO [main] metadata.Hive: Total time spent in each metastore function (ms): {flushCache_()=0, commitTxn_(CommitTxnRequest)=10, openTxn_(String, TxnType)=2, getValidTxns_(long)=0, isCompatibleWith_(Configuration)=0}
2024-04-24T05:31:04,742  INFO [main] ql.Driver: Completed compiling command(queryId=alex_20240424053104_9257fbd6-af9c-4974-b17a-a403167b1ecd); Time taken: 0.005 seconds
2024-04-24T05:31:04,742  INFO [main] lockmgr.DbTxnManager: Setting lock request transaction to txnid:4 for queryId=alex_20240424053104_9257fbd6-af9c-4974-b17a-a403167b1ecd
2024-04-24T05:31:04,742  INFO [main] ql.Driver: Operation DROPTABLE obtained 0 locks
2024-04-24T05:31:04,742  INFO [main] ql.Driver: Executing command(queryId=alex_20240424053104_9257fbd6-af9c-4974-b17a-a403167b1ecd): drop table if exists nonAcidOrcTbl
2024-04-24T05:31:04,742  INFO [main] ql.Driver: Starting task [Stage-0:DDL] in serial mode
2024-04-24T05:31:04,742  INFO [main] HiveMetaStore.audit: ugi=alex	ip=unknown-ip-addr	cmd=get_table : tbl=hive.default.nonAcidOrcTbl	
2024-04-24T05:31:04,745  INFO [main] metadata.Hive: Dumping metastore api call timing information for : execution phase
2024-04-24T05:31:04,745  INFO [main] metadata.Hive: Total time spent in each metastore function (ms): {isCompatibleWith_(Configuration)=0}
2024-04-24T05:31:04,746  INFO [main] ql.Driver: Completed executing command(queryId=alex_20240424053104_9257fbd6-af9c-4974-b17a-a403167b1ecd); Time taken: 0.003 seconds
2024-04-24T05:31:04,746  INFO [main] lockmgr.DbTxnManager: Stopped heartbeat for query: alex_20240424053104_9257fbd6-af9c-4974-b17a-a403167b1ecd
2024-04-24T05:31:04,750  INFO [main] txn.TxnHandler: Expected to move at least one record from txn_components to completed_txn_components when committing txn! txnid:4
2024-04-24T05:31:04,755  INFO [main] txn.TxnHandler: Removed transactions: ([4]) from MIN_HISTORY_LEVEL
2024-04-24T05:31:04,755  WARN [main] txn.CompactionTxnHandler: No compaction queue record found for Compaction type transaction commit. txnId:4
2024-04-24T05:31:04,756  INFO [main] ql.TxnCommandsBaseForTests: Running the query: drop table if exists nonAcidOrcTbl2
2024-04-24T05:31:04,756  INFO [main] ql.Driver: Compiling command(queryId=alex_20240424053104_be1ac3d8-1db9-4a88-9244-113ece467776): drop table if exists nonAcidOrcTbl2
2024-04-24T05:31:04,758  INFO [main] txn.TxnHandler: Added entries to MIN_HISTORY_LEVEL for current txns: ([5]) with min_open_txn: 1
2024-04-24T05:31:04,759  INFO [main] lockmgr.DbTxnManager: Opened txnid:5
2024-04-24T05:31:04,759  INFO [main] HiveMetaStore.audit: ugi=alex	ip=unknown-ip-addr	cmd=get_table : tbl=hive.default.nonAcidOrcTbl2	
2024-04-24T05:31:04,762  INFO [main] ql.Driver: Semantic Analysis Completed (retrial = false)
2024-04-24T05:31:04,763  INFO [main] ql.Driver: Created Hive schema: Schema(fieldSchemas:null, properties:null)
2024-04-24T05:31:04,763  INFO [main] metadata.Hive: Dumping metastore api call timing information for : compilation phase
2024-04-24T05:31:04,763  INFO [main] metadata.Hive: Total time spent in each metastore function (ms): {flushCache_()=0, getValidTxns_(long)=0, commitTxn_(CommitTxnRequest)=10, isCompatibleWith_(Configuration)=0, openTxn_(String, TxnType)=2}
2024-04-24T05:31:04,763  INFO [main] ql.Driver: Completed compiling command(queryId=alex_20240424053104_be1ac3d8-1db9-4a88-9244-113ece467776); Time taken: 0.007 seconds
2024-04-24T05:31:04,763  INFO [main] lockmgr.DbTxnManager: Setting lock request transaction to txnid:5 for queryId=alex_20240424053104_be1ac3d8-1db9-4a88-9244-113ece467776
2024-04-24T05:31:04,763  INFO [main] ql.Driver: Operation DROPTABLE obtained 0 locks
2024-04-24T05:31:04,763  INFO [main] ql.Driver: Executing command(queryId=alex_20240424053104_be1ac3d8-1db9-4a88-9244-113ece467776): drop table if exists nonAcidOrcTbl2
2024-04-24T05:31:04,763  INFO [main] ql.Driver: Starting task [Stage-0:DDL] in serial mode
2024-04-24T05:31:04,764  INFO [main] HiveMetaStore.audit: ugi=alex	ip=unknown-ip-addr	cmd=get_table : tbl=hive.default.nonAcidOrcTbl2	
2024-04-24T05:31:04,766  INFO [main] metadata.Hive: Dumping metastore api call timing information for : execution phase
2024-04-24T05:31:04,767  INFO [main] metadata.Hive: Total time spent in each metastore function (ms): {isCompatibleWith_(Configuration)=0}
2024-04-24T05:31:04,767  INFO [main] ql.Driver: Completed executing command(queryId=alex_20240424053104_be1ac3d8-1db9-4a88-9244-113ece467776); Time taken: 0.003 seconds
2024-04-24T05:31:04,767  INFO [main] lockmgr.DbTxnManager: Stopped heartbeat for query: alex_20240424053104_be1ac3d8-1db9-4a88-9244-113ece467776
2024-04-24T05:31:04,772  INFO [main] txn.TxnHandler: Expected to move at least one record from txn_components to completed_txn_components when committing txn! txnid:5
2024-04-24T05:31:04,777  INFO [main] txn.TxnHandler: Removed transactions: ([5]) from MIN_HISTORY_LEVEL
2024-04-24T05:31:04,778  WARN [main] txn.CompactionTxnHandler: No compaction queue record found for Compaction type transaction commit. txnId:5
2024-04-24T05:31:04,778  INFO [main] ql.TxnCommandsBaseForTests: Running the query: drop table if exists nonAcidNonBucket
2024-04-24T05:31:04,779  INFO [main] ql.Driver: Compiling command(queryId=alex_20240424053104_6d3a4067-2513-4468-aae5-55ace4a6c628): drop table if exists nonAcidNonBucket
2024-04-24T05:31:04,781  INFO [main] txn.TxnHandler: Added entries to MIN_HISTORY_LEVEL for current txns: ([6]) with min_open_txn: 1
2024-04-24T05:31:04,781  INFO [main] lockmgr.DbTxnManager: Opened txnid:6
2024-04-24T05:31:04,781  INFO [main] HiveMetaStore.audit: ugi=alex	ip=unknown-ip-addr	cmd=get_table : tbl=hive.default.nonAcidNonBucket	
2024-04-24T05:31:04,784  INFO [main] ql.Driver: Semantic Analysis Completed (retrial = false)
2024-04-24T05:31:04,785  INFO [main] ql.Driver: Created Hive schema: Schema(fieldSchemas:null, properties:null)
2024-04-24T05:31:04,785  INFO [main] metadata.Hive: Dumping metastore api call timing information for : compilation phase
2024-04-24T05:31:04,785  INFO [main] metadata.Hive: Total time spent in each metastore function (ms): {isCompatibleWith_(Configuration)=0, getValidTxns_(long)=0, flushCache_()=0, commitTxn_(CommitTxnRequest)=11, openTxn_(String, TxnType)=2}
2024-04-24T05:31:04,785  INFO [main] ql.Driver: Completed compiling command(queryId=alex_20240424053104_6d3a4067-2513-4468-aae5-55ace4a6c628); Time taken: 0.007 seconds
2024-04-24T05:31:04,785  INFO [main] lockmgr.DbTxnManager: Setting lock request transaction to txnid:6 for queryId=alex_20240424053104_6d3a4067-2513-4468-aae5-55ace4a6c628
2024-04-24T05:31:04,785  INFO [main] ql.Driver: Operation DROPTABLE obtained 0 locks
2024-04-24T05:31:04,785  INFO [main] ql.Driver: Executing command(queryId=alex_20240424053104_6d3a4067-2513-4468-aae5-55ace4a6c628): drop table if exists nonAcidNonBucket
2024-04-24T05:31:04,785  INFO [main] ql.Driver: Starting task [Stage-0:DDL] in serial mode
2024-04-24T05:31:04,786  INFO [main] HiveMetaStore.audit: ugi=alex	ip=unknown-ip-addr	cmd=get_table : tbl=hive.default.nonAcidNonBucket	
2024-04-24T05:31:04,789  INFO [main] metadata.Hive: Dumping metastore api call timing information for : execution phase
2024-04-24T05:31:04,789  INFO [main] metadata.Hive: Total time spent in each metastore function (ms): {isCompatibleWith_(Configuration)=1}
2024-04-24T05:31:04,789  INFO [main] ql.Driver: Completed executing command(queryId=alex_20240424053104_6d3a4067-2513-4468-aae5-55ace4a6c628); Time taken: 0.004 seconds
2024-04-24T05:31:04,789  INFO [main] lockmgr.DbTxnManager: Stopped heartbeat for query: alex_20240424053104_6d3a4067-2513-4468-aae5-55ace4a6c628
2024-04-24T05:31:04,795  INFO [main] txn.TxnHandler: Expected to move at least one record from txn_components to completed_txn_components when committing txn! txnid:6
2024-04-24T05:31:04,800  INFO [main] txn.TxnHandler: Removed transactions: ([6]) from MIN_HISTORY_LEVEL
2024-04-24T05:31:04,800  WARN [main] txn.CompactionTxnHandler: No compaction queue record found for Compaction type transaction commit. txnId:6
2024-04-24T05:31:04,801  INFO [main] ql.TxnCommandsBaseForTests: Running the query: create table acidTbl(a int, b int) clustered by (a) into 2 buckets stored as orc TBLPROPERTIES ('transactional'='true')
2024-04-24T05:31:04,801  INFO [main] ql.Driver: Compiling command(queryId=alex_20240424053104_7bf1bcd5-e272-4bd6-be89-0db2821db9bb): create table acidTbl(a int, b int) clustered by (a) into 2 buckets stored as orc TBLPROPERTIES ('transactional'='true')
2024-04-24T05:31:04,803  INFO [main] txn.TxnHandler: Added entries to MIN_HISTORY_LEVEL for current txns: ([7]) with min_open_txn: 1
2024-04-24T05:31:04,804  INFO [main] lockmgr.DbTxnManager: Opened txnid:7
2024-04-24T05:31:04,810  INFO [main] HiveMetaStore.audit: ugi=alex	ip=unknown-ip-addr	cmd=get_database: default	
2024-04-24T05:31:04,812  INFO [main] ql.Driver: Semantic Analysis Completed (retrial = false)
2024-04-24T05:31:04,812  INFO [main] ql.Driver: Created Hive schema: Schema(fieldSchemas:null, properties:null)
2024-04-24T05:31:04,812  INFO [main] metadata.Hive: Dumping metastore api call timing information for : compilation phase
2024-04-24T05:31:04,812  INFO [main] metadata.Hive: Total time spent in each metastore function (ms): {commitTxn_(CommitTxnRequest)=10, getValidWriteIds_(List, String)=4, flushCache_()=0, getDatabase_(String)=2, getValidTxns_(long)=0, isCompatibleWith_(Configuration)=2, openTxn_(String, TxnType)=2}
2024-04-24T05:31:04,812  INFO [main] ql.Driver: Completed compiling command(queryId=alex_20240424053104_7bf1bcd5-e272-4bd6-be89-0db2821db9bb); Time taken: 0.011 seconds
2024-04-24T05:31:04,813  INFO [main] lockmgr.DbTxnManager: Setting lock request transaction to txnid:7 for queryId=alex_20240424053104_7bf1bcd5-e272-4bd6-be89-0db2821db9bb
2024-04-24T05:31:04,813  INFO [main] lockmgr.DbLockManager: Requesting lock for queryId=alex_20240424053104_7bf1bcd5-e272-4bd6-be89-0db2821db9bb
2024-04-24T05:31:04,831  INFO [main] lockmgr.DbLockManager: Response to queryId=alex_20240424053104_7bf1bcd5-e272-4bd6-be89-0db2821db9bb LockResponse(lockid:1, state:ACQUIRED)
2024-04-24T05:31:04,831  INFO [main] ql.Driver: Operation CREATETABLE obtained 1 locks
2024-04-24T05:31:04,832  INFO [main] ql.Driver: Executing command(queryId=alex_20240424053104_7bf1bcd5-e272-4bd6-be89-0db2821db9bb): create table acidTbl(a int, b int) clustered by (a) into 2 buckets stored as orc TBLPROPERTIES ('transactional'='true')
2024-04-24T05:31:04,832  INFO [main] ql.Driver: Starting task [Stage-0:DDL] in serial mode
2024-04-24T05:31:04,833  INFO [main] HiveMetaStore.audit: ugi=alex	ip=unknown-ip-addr	cmd=create_table_req: Table(tableName:acidTbl, dbName:default, owner:alex, createTime:1713961864, lastAccessTime:0, retention:0, sd:StorageDescriptor(cols:[FieldSchema(name:a, type:int, comment:null), FieldSchema(name:b, type:int, comment:null)], location:null, inputFormat:org.apache.hadoop.hive.ql.io.orc.OrcInputFormat, outputFormat:org.apache.hadoop.hive.ql.io.orc.OrcOutputFormat, compressed:false, numBuckets:2, serdeInfo:SerDeInfo(name:null, serializationLib:org.apache.hadoop.hive.ql.io.orc.OrcSerde, parameters:{serialization.format=1}), bucketCols:[a], sortCols:[], parameters:{}, skewedInfo:SkewedInfo(skewedColNames:[], skewedColValues:[], skewedColValueLocationMaps:{}), storedAsSubDirectories:false), partitionKeys:[], parameters:{numRows=0, COLUMN_STATS_ACCURATE={"BASIC_STATS":"true","COLUMN_STATS":{"a":"true","b":"true"}}, rawDataSize=0, numFiles=0, totalSize=0, bucketing_version=2, numFilesErasureCoded=0, transactional=true}, viewOriginalText:null, viewExpandedText:null, tableType:MANAGED_TABLE, privileges:PrincipalPrivilegeSet(userPrivileges:{alex=[PrivilegeGrantInfo(privilege:INSERT, createTime:-1, grantor:alex, grantorType:USER, grantOption:true), PrivilegeGrantInfo(privilege:SELECT, createTime:-1, grantor:alex, grantorType:USER, grantOption:true), PrivilegeGrantInfo(privilege:UPDATE, createTime:-1, grantor:alex, grantorType:USER, grantOption:true), PrivilegeGrantInfo(privilege:DELETE, createTime:-1, grantor:alex, grantorType:USER, grantOption:true)]}, groupPrivileges:null, rolePrivileges:null), temporary:false, catName:hive, ownerType:USER, writeId:0)	
2024-04-24T05:31:04,839  INFO [main] utils.FileUtils: Creating directory if it doesn't exist: file:/home/alex/Repositories/hive/ql/target/tmp/org.apache.hadoop.hive.ql.util.TestHiveStrictManagedMigration-1713961843282/warehouse/acidtbl
2024-04-24T05:31:04,882  INFO [main] metadata.Hive: Dumping metastore api call timing information for : execution phase
2024-04-24T05:31:04,882  INFO [main] metadata.Hive: Total time spent in each metastore function (ms): {isCompatibleWith_(Configuration)=0, createTable_(Table)=49}
2024-04-24T05:31:04,883  INFO [main] ql.Driver: Completed executing command(queryId=alex_20240424053104_7bf1bcd5-e272-4bd6-be89-0db2821db9bb); Time taken: 0.05 seconds
2024-04-24T05:31:04,883  INFO [main] lockmgr.DbTxnManager: Stopped heartbeat for query: alex_20240424053104_7bf1bcd5-e272-4bd6-be89-0db2821db9bb
2024-04-24T05:31:04,887  INFO [main] txn.TxnHandler: Expected to move at least one record from txn_components to completed_txn_components when committing txn! txnid:7
2024-04-24T05:31:04,894  INFO [main] txn.TxnHandler: Removed transactions: ([7]) from MIN_HISTORY_LEVEL
2024-04-24T05:31:04,894  WARN [main] txn.CompactionTxnHandler: No compaction queue record found for Compaction type transaction commit. txnId:7
2024-04-24T05:31:04,894  INFO [main] ql.TxnCommandsBaseForTests: Running the query: create table acidTblPart(a int, b int) partitioned by (p string) clustered by (a) into 2 buckets stored as orc TBLPROPERTIES ('transactional'='true')
2024-04-24T05:31:04,895  INFO [main] ql.Driver: Compiling command(queryId=alex_20240424053104_87f0d4d3-91ac-43f8-8b13-a26e6b61849b): create table acidTblPart(a int, b int) partitioned by (p string) clustered by (a) into 2 buckets stored as orc TBLPROPERTIES ('transactional'='true')
2024-04-24T05:31:04,898  INFO [main] txn.TxnHandler: Added entries to MIN_HISTORY_LEVEL for current txns: ([8]) with min_open_txn: 1
2024-04-24T05:31:04,898  INFO [main] lockmgr.DbTxnManager: Opened txnid:8
2024-04-24T05:31:04,901  INFO [main] HiveMetaStore.audit: ugi=alex	ip=unknown-ip-addr	cmd=get_database: default	
2024-04-24T05:31:04,903  INFO [main] ql.Driver: Semantic Analysis Completed (retrial = false)
2024-04-24T05:31:04,903  INFO [main] ql.Driver: Created Hive schema: Schema(fieldSchemas:null, properties:null)
2024-04-24T05:31:04,903  INFO [main] metadata.Hive: Dumping metastore api call timing information for : compilation phase
2024-04-24T05:31:04,903  INFO [main] metadata.Hive: Total time spent in each metastore function (ms): {getValidWriteIds_(List, String)=2, flushCache_()=0, getValidTxns_(long)=1, getDatabase_(String)=2, isCompatibleWith_(Configuration)=1, openTxn_(String, TxnType)=2, commitTxn_(CommitTxnRequest)=11}
2024-04-24T05:31:04,904  INFO [main] ql.Driver: Completed compiling command(queryId=alex_20240424053104_87f0d4d3-91ac-43f8-8b13-a26e6b61849b); Time taken: 0.008 seconds
2024-04-24T05:31:04,904  INFO [main] lockmgr.DbTxnManager: Setting lock request transaction to txnid:8 for queryId=alex_20240424053104_87f0d4d3-91ac-43f8-8b13-a26e6b61849b
2024-04-24T05:31:04,904  INFO [main] lockmgr.DbLockManager: Requesting lock for queryId=alex_20240424053104_87f0d4d3-91ac-43f8-8b13-a26e6b61849b
2024-04-24T05:31:04,919  INFO [main] lockmgr.DbLockManager: Response to queryId=alex_20240424053104_87f0d4d3-91ac-43f8-8b13-a26e6b61849b LockResponse(lockid:2, state:ACQUIRED)
2024-04-24T05:31:04,919  INFO [main] ql.Driver: Operation CREATETABLE obtained 1 locks
2024-04-24T05:31:04,920  INFO [main] ql.Driver: Executing command(queryId=alex_20240424053104_87f0d4d3-91ac-43f8-8b13-a26e6b61849b): create table acidTblPart(a int, b int) partitioned by (p string) clustered by (a) into 2 buckets stored as orc TBLPROPERTIES ('transactional'='true')
2024-04-24T05:31:04,920  INFO [main] ql.Driver: Starting task [Stage-0:DDL] in serial mode
2024-04-24T05:31:04,921  INFO [main] HiveMetaStore.audit: ugi=alex	ip=unknown-ip-addr	cmd=create_table_req: Table(tableName:acidTblPart, dbName:default, owner:alex, createTime:1713961864, lastAccessTime:0, retention:0, sd:StorageDescriptor(cols:[FieldSchema(name:a, type:int, comment:null), FieldSchema(name:b, type:int, comment:null)], location:null, inputFormat:org.apache.hadoop.hive.ql.io.orc.OrcInputFormat, outputFormat:org.apache.hadoop.hive.ql.io.orc.OrcOutputFormat, compressed:false, numBuckets:2, serdeInfo:SerDeInfo(name:null, serializationLib:org.apache.hadoop.hive.ql.io.orc.OrcSerde, parameters:{serialization.format=1}), bucketCols:[a], sortCols:[], parameters:{}, skewedInfo:SkewedInfo(skewedColNames:[], skewedColValues:[], skewedColValueLocationMaps:{}), storedAsSubDirectories:false), partitionKeys:[FieldSchema(name:p, type:string, comment:null)], parameters:{transactional=true, bucketing_version=2}, viewOriginalText:null, viewExpandedText:null, tableType:MANAGED_TABLE, privileges:PrincipalPrivilegeSet(userPrivileges:{alex=[PrivilegeGrantInfo(privilege:INSERT, createTime:-1, grantor:alex, grantorType:USER, grantOption:true), PrivilegeGrantInfo(privilege:SELECT, createTime:-1, grantor:alex, grantorType:USER, grantOption:true), PrivilegeGrantInfo(privilege:UPDATE, createTime:-1, grantor:alex, grantorType:USER, grantOption:true), PrivilegeGrantInfo(privilege:DELETE, createTime:-1, grantor:alex, grantorType:USER, grantOption:true)]}, groupPrivileges:null, rolePrivileges:null), temporary:false, catName:hive, ownerType:USER, writeId:0)	
2024-04-24T05:31:04,928  INFO [main] utils.FileUtils: Creating directory if it doesn't exist: file:/home/alex/Repositories/hive/ql/target/tmp/org.apache.hadoop.hive.ql.util.TestHiveStrictManagedMigration-1713961843282/warehouse/acidtblpart
2024-04-24T05:31:04,945  INFO [main] metadata.Hive: Dumping metastore api call timing information for : execution phase
2024-04-24T05:31:04,945  INFO [main] metadata.Hive: Total time spent in each metastore function (ms): {createTable_(Table)=24, isCompatibleWith_(Configuration)=0}
2024-04-24T05:31:04,945  INFO [main] ql.Driver: Completed executing command(queryId=alex_20240424053104_87f0d4d3-91ac-43f8-8b13-a26e6b61849b); Time taken: 0.025 seconds
2024-04-24T05:31:04,945  INFO [main] lockmgr.DbTxnManager: Stopped heartbeat for query: alex_20240424053104_87f0d4d3-91ac-43f8-8b13-a26e6b61849b
2024-04-24T05:31:04,949  INFO [main] txn.TxnHandler: Expected to move at least one record from txn_components to completed_txn_components when committing txn! txnid:8
2024-04-24T05:31:04,955  INFO [main] txn.TxnHandler: Removed transactions: ([8]) from MIN_HISTORY_LEVEL
2024-04-24T05:31:04,956  WARN [main] txn.CompactionTxnHandler: No compaction queue record found for Compaction type transaction commit. txnId:8
2024-04-24T05:31:04,956  INFO [main] ql.TxnCommandsBaseForTests: Running the query: create table nonAcidOrcTbl(a int, b int) clustered by (a) into 2 buckets stored as orc TBLPROPERTIES ('transactional'='false')
2024-04-24T05:31:04,957  INFO [main] ql.Driver: Compiling command(queryId=alex_20240424053104_9c3ae88f-966d-4734-92e8-8a4e8f2bb1fc): create table nonAcidOrcTbl(a int, b int) clustered by (a) into 2 buckets stored as orc TBLPROPERTIES ('transactional'='false')
2024-04-24T05:31:04,959  INFO [main] txn.TxnHandler: Added entries to MIN_HISTORY_LEVEL for current txns: ([9]) with min_open_txn: 1
2024-04-24T05:31:04,959  INFO [main] lockmgr.DbTxnManager: Opened txnid:9
2024-04-24T05:31:04,962  INFO [main] HiveMetaStore.audit: ugi=alex	ip=unknown-ip-addr	cmd=get_database: default	
2024-04-24T05:31:04,964  INFO [main] ql.Driver: Semantic Analysis Completed (retrial = false)
2024-04-24T05:31:04,964  INFO [main] ql.Driver: Created Hive schema: Schema(fieldSchemas:null, properties:null)
2024-04-24T05:31:04,964  INFO [main] metadata.Hive: Dumping metastore api call timing information for : compilation phase
2024-04-24T05:31:04,964  INFO [main] metadata.Hive: Total time spent in each metastore function (ms): {getValidWriteIds_(List, String)=2, commitTxn_(CommitTxnRequest)=11, openTxn_(String, TxnType)=2, getValidTxns_(long)=0, isCompatibleWith_(Configuration)=0, getDatabase_(String)=2, flushCache_()=0}
2024-04-24T05:31:04,965  INFO [main] ql.Driver: Completed compiling command(queryId=alex_20240424053104_9c3ae88f-966d-4734-92e8-8a4e8f2bb1fc); Time taken: 0.007 seconds
2024-04-24T05:31:04,965  INFO [main] lockmgr.DbTxnManager: Setting lock request transaction to txnid:9 for queryId=alex_20240424053104_9c3ae88f-966d-4734-92e8-8a4e8f2bb1fc
2024-04-24T05:31:04,965  INFO [main] lockmgr.DbLockManager: Requesting lock for queryId=alex_20240424053104_9c3ae88f-966d-4734-92e8-8a4e8f2bb1fc
2024-04-24T05:31:04,981  INFO [main] lockmgr.DbLockManager: Response to queryId=alex_20240424053104_9c3ae88f-966d-4734-92e8-8a4e8f2bb1fc LockResponse(lockid:3, state:ACQUIRED)
2024-04-24T05:31:04,981  INFO [main] ql.Driver: Operation CREATETABLE obtained 1 locks
2024-04-24T05:31:04,981  INFO [main] ql.Driver: Executing command(queryId=alex_20240424053104_9c3ae88f-966d-4734-92e8-8a4e8f2bb1fc): create table nonAcidOrcTbl(a int, b int) clustered by (a) into 2 buckets stored as orc TBLPROPERTIES ('transactional'='false')
2024-04-24T05:31:04,981  INFO [main] ql.Driver: Starting task [Stage-0:DDL] in serial mode
2024-04-24T05:31:04,982  INFO [main] HiveMetaStore.audit: ugi=alex	ip=unknown-ip-addr	cmd=create_table_req: Table(tableName:nonAcidOrcTbl, dbName:default, owner:alex, createTime:1713961864, lastAccessTime:0, retention:0, sd:StorageDescriptor(cols:[FieldSchema(name:a, type:int, comment:null), FieldSchema(name:b, type:int, comment:null)], location:null, inputFormat:org.apache.hadoop.hive.ql.io.orc.OrcInputFormat, outputFormat:org.apache.hadoop.hive.ql.io.orc.OrcOutputFormat, compressed:false, numBuckets:2, serdeInfo:SerDeInfo(name:null, serializationLib:org.apache.hadoop.hive.ql.io.orc.OrcSerde, parameters:{serialization.format=1}), bucketCols:[a], sortCols:[], parameters:{}, skewedInfo:SkewedInfo(skewedColNames:[], skewedColValues:[], skewedColValueLocationMaps:{}), storedAsSubDirectories:false), partitionKeys:[], parameters:{COLUMN_STATS_ACCURATE={"BASIC_STATS":"true","COLUMN_STATS":{"a":"true","b":"true"}}, bucketing_version=2, totalSize=0, rawDataSize=0, transactional=false, numRows=0, numFilesErasureCoded=0, numFiles=0}, viewOriginalText:null, viewExpandedText:null, tableType:MANAGED_TABLE, privileges:PrincipalPrivilegeSet(userPrivileges:{alex=[PrivilegeGrantInfo(privilege:INSERT, createTime:-1, grantor:alex, grantorType:USER, grantOption:true), PrivilegeGrantInfo(privilege:SELECT, createTime:-1, grantor:alex, grantorType:USER, grantOption:true), PrivilegeGrantInfo(privilege:UPDATE, createTime:-1, grantor:alex, grantorType:USER, grantOption:true), PrivilegeGrantInfo(privilege:DELETE, createTime:-1, grantor:alex, grantorType:USER, grantOption:true)]}, groupPrivileges:null, rolePrivileges:null), temporary:false, catName:hive, ownerType:USER)	
2024-04-24T05:31:04,986  WARN [main] metastore.HMSHandler: create_table_req got 
org.apache.hadoop.hive.metastore.api.MetaException: Table default.nonAcidOrcTbl failed strict managed table checks due to the following reason: Table is marked as a managed table but is not transactional.
	at org.apache.hadoop.hive.metastore.utils.HiveStrictManagedUtils.validateStrictManagedTableWithThrow(HiveStrictManagedUtils.java:33) ~[classes/:?]
	at org.apache.hadoop.hive.metastore.TransactionalValidationListener.handle(TransactionalValidationListener.java:92) ~[classes/:?]
	at org.apache.hadoop.hive.metastore.TransactionalValidationListener.onEvent(TransactionalValidationListener.java:72) ~[classes/:?]
	at org.apache.hadoop.hive.metastore.HMSHandler.firePreEvent(HMSHandler.java:4033) ~[classes/:?]
	at org.apache.hadoop.hive.metastore.HMSHandler.create_table_core(HMSHandler.java:2392) ~[classes/:?]
	at org.apache.hadoop.hive.metastore.HMSHandler.create_table_req(HMSHandler.java:2598) ~[classes/:?]
	at sun.reflect.GeneratedMethodAccessor103.invoke(Unknown Source) ~[?:?]
	at sun.reflect.DelegatingMethodAccessorImpl.invoke(DelegatingMethodAccessorImpl.java:43) ~[?:1.8.0_402]
	at java.lang.reflect.Method.invoke(Method.java:498) ~[?:1.8.0_402]
	at org.apache.hadoop.hive.metastore.RetryingHMSHandler.invokeInternal(RetryingHMSHandler.java:147) ~[classes/:?]
	at org.apache.hadoop.hive.metastore.RetryingHMSHandler.invoke(RetryingHMSHandler.java:108) ~[classes/:?]
	at com.sun.proxy.$Proxy39.create_table_req(Unknown Source) ~[?:?]
	at org.apache.hadoop.hive.metastore.HiveMetaStoreClient.create_table_with_environment_context(HiveMetaStoreClient.java:4408) ~[classes/:?]
	at org.apache.hadoop.hive.ql.metadata.SessionHiveMetaStoreClient.create_table_with_environment_context(SessionHiveMetaStoreClient.java:182) ~[classes/:?]
	at org.apache.hadoop.hive.metastore.HiveMetaStoreClient.createTable(HiveMetaStoreClient.java:1260) ~[classes/:?]
	at org.apache.hadoop.hive.metastore.HiveMetaStoreClient.createTable(HiveMetaStoreClient.java:1245) ~[classes/:?]
	at sun.reflect.GeneratedMethodAccessor102.invoke(Unknown Source) ~[?:?]
	at sun.reflect.DelegatingMethodAccessorImpl.invoke(DelegatingMethodAccessorImpl.java:43) ~[?:1.8.0_402]
	at java.lang.reflect.Method.invoke(Method.java:498) ~[?:1.8.0_402]
	at org.apache.hadoop.hive.metastore.RetryingMetaStoreClient.invoke(RetryingMetaStoreClient.java:218) ~[classes/:?]
	at com.sun.proxy.$Proxy40.createTable(Unknown Source) ~[?:?]
	at org.apache.hadoop.hive.ql.metadata.Hive.createTable(Hive.java:1290) ~[classes/:?]
	at org.apache.hadoop.hive.ql.metadata.Hive.createTable(Hive.java:1306) ~[classes/:?]
	at org.apache.hadoop.hive.ql.ddl.table.create.CreateTableOperation.createTableNonReplaceMode(CreateTableOperation.java:140) ~[classes/:?]
	at org.apache.hadoop.hive.ql.ddl.table.create.CreateTableOperation.execute(CreateTableOperation.java:98) ~[classes/:?]
	at org.apache.hadoop.hive.ql.ddl.DDLTask.execute(DDLTask.java:84) ~[classes/:?]
	at org.apache.hadoop.hive.ql.exec.Task.executeTask(Task.java:212) ~[classes/:?]
	at org.apache.hadoop.hive.ql.exec.TaskRunner.runSequential(TaskRunner.java:105) ~[classes/:?]
	at org.apache.hadoop.hive.ql.Executor.launchTask(Executor.java:361) ~[classes/:?]
	at org.apache.hadoop.hive.ql.Executor.launchTasks(Executor.java:334) ~[classes/:?]
	at org.apache.hadoop.hive.ql.Executor.runTasks(Executor.java:245) ~[classes/:?]
	at org.apache.hadoop.hive.ql.Executor.execute(Executor.java:108) ~[classes/:?]
	at org.apache.hadoop.hive.ql.Driver.execute(Driver.java:348) ~[classes/:?]
	at org.apache.hadoop.hive.ql.Driver.runInternal(Driver.java:204) ~[classes/:?]
	at org.apache.hadoop.hive.ql.Driver.run(Driver.java:153) ~[classes/:?]
	at org.apache.hadoop.hive.ql.Driver.run(Driver.java:140) ~[classes/:?]
	at org.apache.hadoop.hive.ql.TxnCommandsBaseForTests.runStatementOnDriver(TxnCommandsBaseForTests.java:245) ~[test-classes/:?]
	at org.apache.hadoop.hive.ql.TxnCommandsBaseForTests.setUpInternal(TxnCommandsBaseForTests.java:144) ~[test-classes/:?]
	at org.apache.hadoop.hive.ql.TxnCommandsBaseForTests.setUp(TxnCommandsBaseForTests.java:94) ~[test-classes/:?]
	at sun.reflect.NativeMethodAccessorImpl.invoke0(Native Method) ~[?:1.8.0_402]
	at sun.reflect.NativeMethodAccessorImpl.invoke(NativeMethodAccessorImpl.java:62) ~[?:1.8.0_402]
	at sun.reflect.DelegatingMethodAccessorImpl.invoke(DelegatingMethodAccessorImpl.java:43) ~[?:1.8.0_402]
	at java.lang.reflect.Method.invoke(Method.java:498) ~[?:1.8.0_402]
	at org.junit.runners.model.FrameworkMethod$1.runReflectiveCall(FrameworkMethod.java:59) ~[junit-4.13.jar:4.13]
	at org.junit.internal.runners.model.ReflectiveCallable.run(ReflectiveCallable.java:12) ~[junit-4.13.jar:4.13]
	at org.junit.runners.model.FrameworkMethod.invokeExplosively(FrameworkMethod.java:56) ~[junit-4.13.jar:4.13]
	at org.junit.internal.runners.statements.RunBefores.invokeMethod(RunBefores.java:33) ~[junit-4.13.jar:4.13]
	at org.junit.internal.runners.statements.RunBefores.evaluate(RunBefores.java:24) ~[junit-4.13.jar:4.13]
	at org.junit.internal.runners.statements.RunAfters.evaluate(RunAfters.java:27) ~[junit-4.13.jar:4.13]
	at org.junit.rules.TestWatcher$1.evaluate(TestWatcher.java:61) ~[junit-4.13.jar:4.13]
	at org.junit.runners.ParentRunner$3.evaluate(ParentRunner.java:306) ~[junit-4.13.jar:4.13]
	at org.junit.runners.BlockJUnit4ClassRunner$1.evaluate(BlockJUnit4ClassRunner.java:100) ~[junit-4.13.jar:4.13]
	at org.junit.runners.ParentRunner.runLeaf(ParentRunner.java:366) ~[junit-4.13.jar:4.13]
	at org.junit.runners.BlockJUnit4ClassRunner.runChild(BlockJUnit4ClassRunner.java:103) ~[junit-4.13.jar:4.13]
	at org.junit.runners.BlockJUnit4ClassRunner.runChild(BlockJUnit4ClassRunner.java:63) ~[junit-4.13.jar:4.13]
	at org.junit.runners.ParentRunner$4.run(ParentRunner.java:331) ~[junit-4.13.jar:4.13]
	at org.junit.runners.ParentRunner$1.schedule(ParentRunner.java:79) ~[junit-4.13.jar:4.13]
	at org.junit.runners.ParentRunner.runChildren(ParentRunner.java:329) ~[junit-4.13.jar:4.13]
	at org.junit.runners.ParentRunner.access$100(ParentRunner.java:66) ~[junit-4.13.jar:4.13]
	at org.junit.runners.ParentRunner$2.evaluate(ParentRunner.java:293) ~[junit-4.13.jar:4.13]
	at org.junit.runners.ParentRunner$3.evaluate(ParentRunner.java:306) ~[junit-4.13.jar:4.13]
	at org.junit.runners.ParentRunner.run(ParentRunner.java:413) ~[junit-4.13.jar:4.13]
	at org.junit.runner.JUnitCore.run(JUnitCore.java:137) ~[junit-4.13.jar:4.13]
	at org.junit.runner.JUnitCore.run(JUnitCore.java:115) ~[junit-4.13.jar:4.13]
	at org.junit.vintage.engine.execution.RunnerExecutor.execute(RunnerExecutor.java:43) ~[junit-vintage-engine-5.6.2.jar:5.6.2]
	at java.util.stream.ForEachOps$ForEachOp$OfRef.accept(ForEachOps.java:183) ~[?:1.8.0_402]
	at java.util.stream.ReferencePipeline$3$1.accept(ReferencePipeline.java:193) ~[?:1.8.0_402]
	at java.util.Iterator.forEachRemaining(Iterator.java:116) ~[?:1.8.0_402]
	at java.util.Spliterators$IteratorSpliterator.forEachRemaining(Spliterators.java:1801) ~[?:1.8.0_402]
	at java.util.stream.AbstractPipeline.copyInto(AbstractPipeline.java:482) ~[?:1.8.0_402]
	at java.util.stream.AbstractPipeline.wrapAndCopyInto(AbstractPipeline.java:472) ~[?:1.8.0_402]
	at java.util.stream.ForEachOps$ForEachOp.evaluateSequential(ForEachOps.java:150) ~[?:1.8.0_402]
	at java.util.stream.ForEachOps$ForEachOp$OfRef.evaluateSequential(ForEachOps.java:173) ~[?:1.8.0_402]
	at java.util.stream.AbstractPipeline.evaluate(AbstractPipeline.java:234) ~[?:1.8.0_402]
	at java.util.stream.ReferencePipeline.forEach(ReferencePipeline.java:485) ~[?:1.8.0_402]
	at org.junit.vintage.engine.VintageTestEngine.executeAllChildren(VintageTestEngine.java:82) ~[junit-vintage-engine-5.6.2.jar:5.6.2]
	at org.junit.vintage.engine.VintageTestEngine.execute(VintageTestEngine.java:73) ~[junit-vintage-engine-5.6.2.jar:5.6.2]
	at org.junit.platform.launcher.core.DefaultLauncher.execute(DefaultLauncher.java:248) ~[junit-platform-launcher-1.6.2.jar:1.6.2]
	at org.junit.platform.launcher.core.DefaultLauncher.lambda$execute$5(DefaultLauncher.java:211) ~[junit-platform-launcher-1.6.2.jar:1.6.2]
	at org.junit.platform.launcher.core.DefaultLauncher.withInterceptedStreams(DefaultLauncher.java:226) [junit-platform-launcher-1.6.2.jar:1.6.2]
	at org.junit.platform.launcher.core.DefaultLauncher.execute(DefaultLauncher.java:199) [junit-platform-launcher-1.6.2.jar:1.6.2]
	at org.junit.platform.launcher.core.DefaultLauncher.execute(DefaultLauncher.java:132) [junit-platform-launcher-1.6.2.jar:1.6.2]
	at org.apache.maven.surefire.junitplatform.JUnitPlatformProvider.invokeAllTests(JUnitPlatformProvider.java:154) [surefire-junit-platform-3.0.0-M4.jar:3.0.0-M4]
	at org.apache.maven.surefire.junitplatform.JUnitPlatformProvider.invoke(JUnitPlatformProvider.java:123) [surefire-junit-platform-3.0.0-M4.jar:3.0.0-M4]
	at org.apache.maven.surefire.booter.ForkedBooter.runSuitesInProcess(ForkedBooter.java:377) [surefire-booter-3.0.0-M4.jar:3.0.0-M4]
	at org.apache.maven.surefire.booter.ForkedBooter.execute(ForkedBooter.java:138) [surefire-booter-3.0.0-M4.jar:3.0.0-M4]
	at org.apache.maven.surefire.booter.ForkedBooter.run(ForkedBooter.java:465) [surefire-booter-3.0.0-M4.jar:3.0.0-M4]
	at org.apache.maven.surefire.booter.ForkedBooter.main(ForkedBooter.java:451) [surefire-booter-3.0.0-M4.jar:3.0.0-M4]
2024-04-24T05:31:04,991 ERROR [main] metastore.RetryingHMSHandler: MetaException(message:Table default.nonAcidOrcTbl failed strict managed table checks due to the following reason: Table is marked as a managed table but is not transactional.)
	at org.apache.hadoop.hive.metastore.utils.HiveStrictManagedUtils.validateStrictManagedTableWithThrow(HiveStrictManagedUtils.java:33)
	at org.apache.hadoop.hive.metastore.TransactionalValidationListener.handle(TransactionalValidationListener.java:92)
	at org.apache.hadoop.hive.metastore.TransactionalValidationListener.onEvent(TransactionalValidationListener.java:72)
	at org.apache.hadoop.hive.metastore.HMSHandler.firePreEvent(HMSHandler.java:4033)
	at org.apache.hadoop.hive.metastore.HMSHandler.create_table_core(HMSHandler.java:2392)
	at org.apache.hadoop.hive.metastore.HMSHandler.create_table_req(HMSHandler.java:2598)
	at sun.reflect.GeneratedMethodAccessor103.invoke(Unknown Source)
	at sun.reflect.DelegatingMethodAccessorImpl.invoke(DelegatingMethodAccessorImpl.java:43)
	at java.lang.reflect.Method.invoke(Method.java:498)
	at org.apache.hadoop.hive.metastore.RetryingHMSHandler.invokeInternal(RetryingHMSHandler.java:147)
	at org.apache.hadoop.hive.metastore.RetryingHMSHandler.invoke(RetryingHMSHandler.java:108)
	at com.sun.proxy.$Proxy39.create_table_req(Unknown Source)
	at org.apache.hadoop.hive.metastore.HiveMetaStoreClient.create_table_with_environment_context(HiveMetaStoreClient.java:4408)
	at org.apache.hadoop.hive.ql.metadata.SessionHiveMetaStoreClient.create_table_with_environment_context(SessionHiveMetaStoreClient.java:182)
	at org.apache.hadoop.hive.metastore.HiveMetaStoreClient.createTable(HiveMetaStoreClient.java:1260)
	at org.apache.hadoop.hive.metastore.HiveMetaStoreClient.createTable(HiveMetaStoreClient.java:1245)
	at sun.reflect.GeneratedMethodAccessor102.invoke(Unknown Source)
	at sun.reflect.DelegatingMethodAccessorImpl.invoke(DelegatingMethodAccessorImpl.java:43)
	at java.lang.reflect.Method.invoke(Method.java:498)
	at org.apache.hadoop.hive.metastore.RetryingMetaStoreClient.invoke(RetryingMetaStoreClient.java:218)
	at com.sun.proxy.$Proxy40.createTable(Unknown Source)
	at org.apache.hadoop.hive.ql.metadata.Hive.createTable(Hive.java:1290)
	at org.apache.hadoop.hive.ql.metadata.Hive.createTable(Hive.java:1306)
	at org.apache.hadoop.hive.ql.ddl.table.create.CreateTableOperation.createTableNonReplaceMode(CreateTableOperation.java:140)
	at org.apache.hadoop.hive.ql.ddl.table.create.CreateTableOperation.execute(CreateTableOperation.java:98)
	at org.apache.hadoop.hive.ql.ddl.DDLTask.execute(DDLTask.java:84)
	at org.apache.hadoop.hive.ql.exec.Task.executeTask(Task.java:212)
	at org.apache.hadoop.hive.ql.exec.TaskRunner.runSequential(TaskRunner.java:105)
	at org.apache.hadoop.hive.ql.Executor.launchTask(Executor.java:361)
	at org.apache.hadoop.hive.ql.Executor.launchTasks(Executor.java:334)
	at org.apache.hadoop.hive.ql.Executor.runTasks(Executor.java:245)
	at org.apache.hadoop.hive.ql.Executor.execute(Executor.java:108)
	at org.apache.hadoop.hive.ql.Driver.execute(Driver.java:348)
	at org.apache.hadoop.hive.ql.Driver.runInternal(Driver.java:204)
	at org.apache.hadoop.hive.ql.Driver.run(Driver.java:153)
	at org.apache.hadoop.hive.ql.Driver.run(Driver.java:140)
	at org.apache.hadoop.hive.ql.TxnCommandsBaseForTests.runStatementOnDriver(TxnCommandsBaseForTests.java:245)
	at org.apache.hadoop.hive.ql.TxnCommandsBaseForTests.setUpInternal(TxnCommandsBaseForTests.java:144)
	at org.apache.hadoop.hive.ql.TxnCommandsBaseForTests.setUp(TxnCommandsBaseForTests.java:94)
	at sun.reflect.NativeMethodAccessorImpl.invoke0(Native Method)
	at sun.reflect.NativeMethodAccessorImpl.invoke(NativeMethodAccessorImpl.java:62)
	at sun.reflect.DelegatingMethodAccessorImpl.invoke(DelegatingMethodAccessorImpl.java:43)
	at java.lang.reflect.Method.invoke(Method.java:498)
	at org.junit.runners.model.FrameworkMethod$1.runReflectiveCall(FrameworkMethod.java:59)
	at org.junit.internal.runners.model.ReflectiveCallable.run(ReflectiveCallable.java:12)
	at org.junit.runners.model.FrameworkMethod.invokeExplosively(FrameworkMethod.java:56)
	at org.junit.internal.runners.statements.RunBefores.invokeMethod(RunBefores.java:33)
	at org.junit.internal.runners.statements.RunBefores.evaluate(RunBefores.java:24)
	at org.junit.internal.runners.statements.RunAfters.evaluate(RunAfters.java:27)
	at org.junit.rules.TestWatcher$1.evaluate(TestWatcher.java:61)
	at org.junit.runners.ParentRunner$3.evaluate(ParentRunner.java:306)
	at org.junit.runners.BlockJUnit4ClassRunner$1.evaluate(BlockJUnit4ClassRunner.java:100)
	at org.junit.runners.ParentRunner.runLeaf(ParentRunner.java:366)
	at org.junit.runners.BlockJUnit4ClassRunner.runChild(BlockJUnit4ClassRunner.java:103)
	at org.junit.runners.BlockJUnit4ClassRunner.runChild(BlockJUnit4ClassRunner.java:63)
	at org.junit.runners.ParentRunner$4.run(ParentRunner.java:331)
	at org.junit.runners.ParentRunner$1.schedule(ParentRunner.java:79)
	at org.junit.runners.ParentRunner.runChildren(ParentRunner.java:329)
	at org.junit.runners.ParentRunner.access$100(ParentRunner.java:66)
	at org.junit.runners.ParentRunner$2.evaluate(ParentRunner.java:293)
	at org.junit.runners.ParentRunner$3.evaluate(ParentRunner.java:306)
	at org.junit.runners.ParentRunner.run(ParentRunner.java:413)
	at org.junit.runner.JUnitCore.run(JUnitCore.java:137)
	at org.junit.runner.JUnitCore.run(JUnitCore.java:115)
	at org.junit.vintage.engine.execution.RunnerExecutor.execute(RunnerExecutor.java:43)
	at java.util.stream.ForEachOps$ForEachOp$OfRef.accept(ForEachOps.java:183)
	at java.util.stream.ReferencePipeline$3$1.accept(ReferencePipeline.java:193)
	at java.util.Iterator.forEachRemaining(Iterator.java:116)
	at java.util.Spliterators$IteratorSpliterator.forEachRemaining(Spliterators.java:1801)
	at java.util.stream.AbstractPipeline.copyInto(AbstractPipeline.java:482)
	at java.util.stream.AbstractPipeline.wrapAndCopyInto(AbstractPipeline.java:472)
	at java.util.stream.ForEachOps$ForEachOp.evaluateSequential(ForEachOps.java:150)
	at java.util.stream.ForEachOps$ForEachOp$OfRef.evaluateSequential(ForEachOps.java:173)
	at java.util.stream.AbstractPipeline.evaluate(AbstractPipeline.java:234)
	at java.util.stream.ReferencePipeline.forEach(ReferencePipeline.java:485)
	at org.junit.vintage.engine.VintageTestEngine.executeAllChildren(VintageTestEngine.java:82)
	at org.junit.vintage.engine.VintageTestEngine.execute(VintageTestEngine.java:73)
	at org.junit.platform.launcher.core.DefaultLauncher.execute(DefaultLauncher.java:248)
	at org.junit.platform.launcher.core.DefaultLauncher.lambda$execute$5(DefaultLauncher.java:211)
	at org.junit.platform.launcher.core.DefaultLauncher.withInterceptedStreams(DefaultLauncher.java:226)
	at org.junit.platform.launcher.core.DefaultLauncher.execute(DefaultLauncher.java:199)
	at org.junit.platform.launcher.core.DefaultLauncher.execute(DefaultLauncher.java:132)
	at org.apache.maven.surefire.junitplatform.JUnitPlatformProvider.invokeAllTests(JUnitPlatformProvider.java:154)
	at org.apache.maven.surefire.junitplatform.JUnitPlatformProvider.invoke(JUnitPlatformProvider.java:123)
	at org.apache.maven.surefire.booter.ForkedBooter.runSuitesInProcess(ForkedBooter.java:377)
	at org.apache.maven.surefire.booter.ForkedBooter.execute(ForkedBooter.java:138)
	at org.apache.maven.surefire.booter.ForkedBooter.run(ForkedBooter.java:465)
	at org.apache.maven.surefire.booter.ForkedBooter.main(ForkedBooter.java:451)

2024-04-24T05:31:04,991 ERROR [main] exec.Task: Failed
org.apache.hadoop.hive.ql.metadata.HiveException: MetaException(message:Table default.nonAcidOrcTbl failed strict managed table checks due to the following reason: Table is marked as a managed table but is not transactional.)
	at org.apache.hadoop.hive.ql.metadata.Hive.createTable(Hive.java:1301) ~[classes/:?]
	at org.apache.hadoop.hive.ql.metadata.Hive.createTable(Hive.java:1306) ~[classes/:?]
	at org.apache.hadoop.hive.ql.ddl.table.create.CreateTableOperation.createTableNonReplaceMode(CreateTableOperation.java:140) ~[classes/:?]
	at org.apache.hadoop.hive.ql.ddl.table.create.CreateTableOperation.execute(CreateTableOperation.java:98) ~[classes/:?]
	at org.apache.hadoop.hive.ql.ddl.DDLTask.execute(DDLTask.java:84) ~[classes/:?]
	at org.apache.hadoop.hive.ql.exec.Task.executeTask(Task.java:212) ~[classes/:?]
	at org.apache.hadoop.hive.ql.exec.TaskRunner.runSequential(TaskRunner.java:105) ~[classes/:?]
	at org.apache.hadoop.hive.ql.Executor.launchTask(Executor.java:361) ~[classes/:?]
	at org.apache.hadoop.hive.ql.Executor.launchTasks(Executor.java:334) ~[classes/:?]
	at org.apache.hadoop.hive.ql.Executor.runTasks(Executor.java:245) ~[classes/:?]
	at org.apache.hadoop.hive.ql.Executor.execute(Executor.java:108) ~[classes/:?]
	at org.apache.hadoop.hive.ql.Driver.execute(Driver.java:348) ~[classes/:?]
	at org.apache.hadoop.hive.ql.Driver.runInternal(Driver.java:204) ~[classes/:?]
	at org.apache.hadoop.hive.ql.Driver.run(Driver.java:153) ~[classes/:?]
	at org.apache.hadoop.hive.ql.Driver.run(Driver.java:140) ~[classes/:?]
	at org.apache.hadoop.hive.ql.TxnCommandsBaseForTests.runStatementOnDriver(TxnCommandsBaseForTests.java:245) ~[test-classes/:?]
	at org.apache.hadoop.hive.ql.TxnCommandsBaseForTests.setUpInternal(TxnCommandsBaseForTests.java:144) ~[test-classes/:?]
	at org.apache.hadoop.hive.ql.TxnCommandsBaseForTests.setUp(TxnCommandsBaseForTests.java:94) ~[test-classes/:?]
	at sun.reflect.NativeMethodAccessorImpl.invoke0(Native Method) ~[?:1.8.0_402]
	at sun.reflect.NativeMethodAccessorImpl.invoke(NativeMethodAccessorImpl.java:62) ~[?:1.8.0_402]
	at sun.reflect.DelegatingMethodAccessorImpl.invoke(DelegatingMethodAccessorImpl.java:43) ~[?:1.8.0_402]
	at java.lang.reflect.Method.invoke(Method.java:498) ~[?:1.8.0_402]
	at org.junit.runners.model.FrameworkMethod$1.runReflectiveCall(FrameworkMethod.java:59) ~[junit-4.13.jar:4.13]
	at org.junit.internal.runners.model.ReflectiveCallable.run(ReflectiveCallable.java:12) ~[junit-4.13.jar:4.13]
	at org.junit.runners.model.FrameworkMethod.invokeExplosively(FrameworkMethod.java:56) ~[junit-4.13.jar:4.13]
	at org.junit.internal.runners.statements.RunBefores.invokeMethod(RunBefores.java:33) ~[junit-4.13.jar:4.13]
	at org.junit.internal.runners.statements.RunBefores.evaluate(RunBefores.java:24) ~[junit-4.13.jar:4.13]
	at org.junit.internal.runners.statements.RunAfters.evaluate(RunAfters.java:27) ~[junit-4.13.jar:4.13]
	at org.junit.rules.TestWatcher$1.evaluate(TestWatcher.java:61) ~[junit-4.13.jar:4.13]
	at org.junit.runners.ParentRunner$3.evaluate(ParentRunner.java:306) ~[junit-4.13.jar:4.13]
	at org.junit.runners.BlockJUnit4ClassRunner$1.evaluate(BlockJUnit4ClassRunner.java:100) ~[junit-4.13.jar:4.13]
	at org.junit.runners.ParentRunner.runLeaf(ParentRunner.java:366) ~[junit-4.13.jar:4.13]
	at org.junit.runners.BlockJUnit4ClassRunner.runChild(BlockJUnit4ClassRunner.java:103) ~[junit-4.13.jar:4.13]
	at org.junit.runners.BlockJUnit4ClassRunner.runChild(BlockJUnit4ClassRunner.java:63) ~[junit-4.13.jar:4.13]
	at org.junit.runners.ParentRunner$4.run(ParentRunner.java:331) ~[junit-4.13.jar:4.13]
	at org.junit.runners.ParentRunner$1.schedule(ParentRunner.java:79) ~[junit-4.13.jar:4.13]
	at org.junit.runners.ParentRunner.runChildren(ParentRunner.java:329) ~[junit-4.13.jar:4.13]
	at org.junit.runners.ParentRunner.access$100(ParentRunner.java:66) ~[junit-4.13.jar:4.13]
	at org.junit.runners.ParentRunner$2.evaluate(ParentRunner.java:293) ~[junit-4.13.jar:4.13]
	at org.junit.runners.ParentRunner$3.evaluate(ParentRunner.java:306) ~[junit-4.13.jar:4.13]
	at org.junit.runners.ParentRunner.run(ParentRunner.java:413) ~[junit-4.13.jar:4.13]
	at org.junit.runner.JUnitCore.run(JUnitCore.java:137) ~[junit-4.13.jar:4.13]
	at org.junit.runner.JUnitCore.run(JUnitCore.java:115) ~[junit-4.13.jar:4.13]
	at org.junit.vintage.engine.execution.RunnerExecutor.execute(RunnerExecutor.java:43) ~[junit-vintage-engine-5.6.2.jar:5.6.2]
	at java.util.stream.ForEachOps$ForEachOp$OfRef.accept(ForEachOps.java:183) ~[?:1.8.0_402]
	at java.util.stream.ReferencePipeline$3$1.accept(ReferencePipeline.java:193) ~[?:1.8.0_402]
	at java.util.Iterator.forEachRemaining(Iterator.java:116) ~[?:1.8.0_402]
	at java.util.Spliterators$IteratorSpliterator.forEachRemaining(Spliterators.java:1801) ~[?:1.8.0_402]
	at java.util.stream.AbstractPipeline.copyInto(AbstractPipeline.java:482) ~[?:1.8.0_402]
	at java.util.stream.AbstractPipeline.wrapAndCopyInto(AbstractPipeline.java:472) ~[?:1.8.0_402]
	at java.util.stream.ForEachOps$ForEachOp.evaluateSequential(ForEachOps.java:150) ~[?:1.8.0_402]
	at java.util.stream.ForEachOps$ForEachOp$OfRef.evaluateSequential(ForEachOps.java:173) ~[?:1.8.0_402]
	at java.util.stream.AbstractPipeline.evaluate(AbstractPipeline.java:234) ~[?:1.8.0_402]
	at java.util.stream.ReferencePipeline.forEach(ReferencePipeline.java:485) ~[?:1.8.0_402]
	at org.junit.vintage.engine.VintageTestEngine.executeAllChildren(VintageTestEngine.java:82) ~[junit-vintage-engine-5.6.2.jar:5.6.2]
	at org.junit.vintage.engine.VintageTestEngine.execute(VintageTestEngine.java:73) ~[junit-vintage-engine-5.6.2.jar:5.6.2]
	at org.junit.platform.launcher.core.DefaultLauncher.execute(DefaultLauncher.java:248) ~[junit-platform-launcher-1.6.2.jar:1.6.2]
	at org.junit.platform.launcher.core.DefaultLauncher.lambda$execute$5(DefaultLauncher.java:211) ~[junit-platform-launcher-1.6.2.jar:1.6.2]
	at org.junit.platform.launcher.core.DefaultLauncher.withInterceptedStreams(DefaultLauncher.java:226) [junit-platform-launcher-1.6.2.jar:1.6.2]
	at org.junit.platform.launcher.core.DefaultLauncher.execute(DefaultLauncher.java:199) [junit-platform-launcher-1.6.2.jar:1.6.2]
	at org.junit.platform.launcher.core.DefaultLauncher.execute(DefaultLauncher.java:132) [junit-platform-launcher-1.6.2.jar:1.6.2]
	at org.apache.maven.surefire.junitplatform.JUnitPlatformProvider.invokeAllTests(JUnitPlatformProvider.java:154) [surefire-junit-platform-3.0.0-M4.jar:3.0.0-M4]
	at org.apache.maven.surefire.junitplatform.JUnitPlatformProvider.invoke(JUnitPlatformProvider.java:123) [surefire-junit-platform-3.0.0-M4.jar:3.0.0-M4]
	at org.apache.maven.surefire.booter.ForkedBooter.runSuitesInProcess(ForkedBooter.java:377) [surefire-booter-3.0.0-M4.jar:3.0.0-M4]
	at org.apache.maven.surefire.booter.ForkedBooter.execute(ForkedBooter.java:138) [surefire-booter-3.0.0-M4.jar:3.0.0-M4]
	at org.apache.maven.surefire.booter.ForkedBooter.run(ForkedBooter.java:465) [surefire-booter-3.0.0-M4.jar:3.0.0-M4]
	at org.apache.maven.surefire.booter.ForkedBooter.main(ForkedBooter.java:451) [surefire-booter-3.0.0-M4.jar:3.0.0-M4]
Caused by: org.apache.hadoop.hive.metastore.api.MetaException: Table default.nonAcidOrcTbl failed strict managed table checks due to the following reason: Table is marked as a managed table but is not transactional.
	at org.apache.hadoop.hive.metastore.utils.HiveStrictManagedUtils.validateStrictManagedTableWithThrow(HiveStrictManagedUtils.java:33) ~[classes/:?]
	at org.apache.hadoop.hive.metastore.TransactionalValidationListener.handle(TransactionalValidationListener.java:92) ~[classes/:?]
	at org.apache.hadoop.hive.metastore.TransactionalValidationListener.onEvent(TransactionalValidationListener.java:72) ~[classes/:?]
	at org.apache.hadoop.hive.metastore.HMSHandler.firePreEvent(HMSHandler.java:4033) ~[classes/:?]
	at org.apache.hadoop.hive.metastore.HMSHandler.create_table_core(HMSHandler.java:2392) ~[classes/:?]
	at org.apache.hadoop.hive.metastore.HMSHandler.create_table_req(HMSHandler.java:2598) ~[classes/:?]
	at sun.reflect.GeneratedMethodAccessor103.invoke(Unknown Source) ~[?:?]
	at sun.reflect.DelegatingMethodAccessorImpl.invoke(DelegatingMethodAccessorImpl.java:43) ~[?:1.8.0_402]
	at java.lang.reflect.Method.invoke(Method.java:498) ~[?:1.8.0_402]
	at org.apache.hadoop.hive.metastore.RetryingHMSHandler.invokeInternal(RetryingHMSHandler.java:147) ~[classes/:?]
	at org.apache.hadoop.hive.metastore.RetryingHMSHandler.invoke(RetryingHMSHandler.java:108) ~[classes/:?]
	at com.sun.proxy.$Proxy39.create_table_req(Unknown Source) ~[?:?]
	at org.apache.hadoop.hive.metastore.HiveMetaStoreClient.create_table_with_environment_context(HiveMetaStoreClient.java:4408) ~[classes/:?]
	at org.apache.hadoop.hive.ql.metadata.SessionHiveMetaStoreClient.create_table_with_environment_context(SessionHiveMetaStoreClient.java:182) ~[classes/:?]
	at org.apache.hadoop.hive.metastore.HiveMetaStoreClient.createTable(HiveMetaStoreClient.java:1260) ~[classes/:?]
	at org.apache.hadoop.hive.metastore.HiveMetaStoreClient.createTable(HiveMetaStoreClient.java:1245) ~[classes/:?]
	at sun.reflect.GeneratedMethodAccessor102.invoke(Unknown Source) ~[?:?]
	at sun.reflect.DelegatingMethodAccessorImpl.invoke(DelegatingMethodAccessorImpl.java:43) ~[?:1.8.0_402]
	at java.lang.reflect.Method.invoke(Method.java:498) ~[?:1.8.0_402]
	at org.apache.hadoop.hive.metastore.RetryingMetaStoreClient.invoke(RetryingMetaStoreClient.java:218) ~[classes/:?]
	at com.sun.proxy.$Proxy40.createTable(Unknown Source) ~[?:?]
	at org.apache.hadoop.hive.ql.metadata.Hive.createTable(Hive.java:1290) ~[classes/:?]
	... 66 more
2024-04-24T05:31:04,994 ERROR [main] exec.Task: DDLTask failed, DDL Operation: class org.apache.hadoop.hive.ql.ddl.table.create.CreateTableOperation
org.apache.hadoop.hive.ql.metadata.HiveException: MetaException(message:Table default.nonAcidOrcTbl failed strict managed table checks due to the following reason: Table is marked as a managed table but is not transactional.)
	at org.apache.hadoop.hive.ql.metadata.Hive.createTable(Hive.java:1301) ~[classes/:?]
	at org.apache.hadoop.hive.ql.metadata.Hive.createTable(Hive.java:1306) ~[classes/:?]
	at org.apache.hadoop.hive.ql.ddl.table.create.CreateTableOperation.createTableNonReplaceMode(CreateTableOperation.java:140) ~[classes/:?]
	at org.apache.hadoop.hive.ql.ddl.table.create.CreateTableOperation.execute(CreateTableOperation.java:98) ~[classes/:?]
	at org.apache.hadoop.hive.ql.ddl.DDLTask.execute(DDLTask.java:84) ~[classes/:?]
	at org.apache.hadoop.hive.ql.exec.Task.executeTask(Task.java:212) ~[classes/:?]
	at org.apache.hadoop.hive.ql.exec.TaskRunner.runSequential(TaskRunner.java:105) ~[classes/:?]
	at org.apache.hadoop.hive.ql.Executor.launchTask(Executor.java:361) ~[classes/:?]
	at org.apache.hadoop.hive.ql.Executor.launchTasks(Executor.java:334) ~[classes/:?]
	at org.apache.hadoop.hive.ql.Executor.runTasks(Executor.java:245) ~[classes/:?]
	at org.apache.hadoop.hive.ql.Executor.execute(Executor.java:108) ~[classes/:?]
	at org.apache.hadoop.hive.ql.Driver.execute(Driver.java:348) ~[classes/:?]
	at org.apache.hadoop.hive.ql.Driver.runInternal(Driver.java:204) ~[classes/:?]
	at org.apache.hadoop.hive.ql.Driver.run(Driver.java:153) ~[classes/:?]
	at org.apache.hadoop.hive.ql.Driver.run(Driver.java:140) ~[classes/:?]
	at org.apache.hadoop.hive.ql.TxnCommandsBaseForTests.runStatementOnDriver(TxnCommandsBaseForTests.java:245) ~[test-classes/:?]
	at org.apache.hadoop.hive.ql.TxnCommandsBaseForTests.setUpInternal(TxnCommandsBaseForTests.java:144) ~[test-classes/:?]
	at org.apache.hadoop.hive.ql.TxnCommandsBaseForTests.setUp(TxnCommandsBaseForTests.java:94) ~[test-classes/:?]
	at sun.reflect.NativeMethodAccessorImpl.invoke0(Native Method) ~[?:1.8.0_402]
	at sun.reflect.NativeMethodAccessorImpl.invoke(NativeMethodAccessorImpl.java:62) ~[?:1.8.0_402]
	at sun.reflect.DelegatingMethodAccessorImpl.invoke(DelegatingMethodAccessorImpl.java:43) ~[?:1.8.0_402]
	at java.lang.reflect.Method.invoke(Method.java:498) ~[?:1.8.0_402]
	at org.junit.runners.model.FrameworkMethod$1.runReflectiveCall(FrameworkMethod.java:59) ~[junit-4.13.jar:4.13]
	at org.junit.internal.runners.model.ReflectiveCallable.run(ReflectiveCallable.java:12) ~[junit-4.13.jar:4.13]
	at org.junit.runners.model.FrameworkMethod.invokeExplosively(FrameworkMethod.java:56) ~[junit-4.13.jar:4.13]
	at org.junit.internal.runners.statements.RunBefores.invokeMethod(RunBefores.java:33) ~[junit-4.13.jar:4.13]
	at org.junit.internal.runners.statements.RunBefores.evaluate(RunBefores.java:24) ~[junit-4.13.jar:4.13]
	at org.junit.internal.runners.statements.RunAfters.evaluate(RunAfters.java:27) ~[junit-4.13.jar:4.13]
	at org.junit.rules.TestWatcher$1.evaluate(TestWatcher.java:61) ~[junit-4.13.jar:4.13]
	at org.junit.runners.ParentRunner$3.evaluate(ParentRunner.java:306) ~[junit-4.13.jar:4.13]
	at org.junit.runners.BlockJUnit4ClassRunner$1.evaluate(BlockJUnit4ClassRunner.java:100) ~[junit-4.13.jar:4.13]
	at org.junit.runners.ParentRunner.runLeaf(ParentRunner.java:366) ~[junit-4.13.jar:4.13]
	at org.junit.runners.BlockJUnit4ClassRunner.runChild(BlockJUnit4ClassRunner.java:103) ~[junit-4.13.jar:4.13]
	at org.junit.runners.BlockJUnit4ClassRunner.runChild(BlockJUnit4ClassRunner.java:63) ~[junit-4.13.jar:4.13]
	at org.junit.runners.ParentRunner$4.run(ParentRunner.java:331) ~[junit-4.13.jar:4.13]
	at org.junit.runners.ParentRunner$1.schedule(ParentRunner.java:79) ~[junit-4.13.jar:4.13]
	at org.junit.runners.ParentRunner.runChildren(ParentRunner.java:329) ~[junit-4.13.jar:4.13]
	at org.junit.runners.ParentRunner.access$100(ParentRunner.java:66) ~[junit-4.13.jar:4.13]
	at org.junit.runners.ParentRunner$2.evaluate(ParentRunner.java:293) ~[junit-4.13.jar:4.13]
	at org.junit.runners.ParentRunner$3.evaluate(ParentRunner.java:306) ~[junit-4.13.jar:4.13]
	at org.junit.runners.ParentRunner.run(ParentRunner.java:413) ~[junit-4.13.jar:4.13]
	at org.junit.runner.JUnitCore.run(JUnitCore.java:137) ~[junit-4.13.jar:4.13]
	at org.junit.runner.JUnitCore.run(JUnitCore.java:115) ~[junit-4.13.jar:4.13]
	at org.junit.vintage.engine.execution.RunnerExecutor.execute(RunnerExecutor.java:43) ~[junit-vintage-engine-5.6.2.jar:5.6.2]
	at java.util.stream.ForEachOps$ForEachOp$OfRef.accept(ForEachOps.java:183) ~[?:1.8.0_402]
	at java.util.stream.ReferencePipeline$3$1.accept(ReferencePipeline.java:193) ~[?:1.8.0_402]
	at java.util.Iterator.forEachRemaining(Iterator.java:116) ~[?:1.8.0_402]
	at java.util.Spliterators$IteratorSpliterator.forEachRemaining(Spliterators.java:1801) ~[?:1.8.0_402]
	at java.util.stream.AbstractPipeline.copyInto(AbstractPipeline.java:482) ~[?:1.8.0_402]
	at java.util.stream.AbstractPipeline.wrapAndCopyInto(AbstractPipeline.java:472) ~[?:1.8.0_402]
	at java.util.stream.ForEachOps$ForEachOp.evaluateSequential(ForEachOps.java:150) ~[?:1.8.0_402]
	at java.util.stream.ForEachOps$ForEachOp$OfRef.evaluateSequential(ForEachOps.java:173) ~[?:1.8.0_402]
	at java.util.stream.AbstractPipeline.evaluate(AbstractPipeline.java:234) ~[?:1.8.0_402]
	at java.util.stream.ReferencePipeline.forEach(ReferencePipeline.java:485) ~[?:1.8.0_402]
	at org.junit.vintage.engine.VintageTestEngine.executeAllChildren(VintageTestEngine.java:82) ~[junit-vintage-engine-5.6.2.jar:5.6.2]
	at org.junit.vintage.engine.VintageTestEngine.execute(VintageTestEngine.java:73) ~[junit-vintage-engine-5.6.2.jar:5.6.2]
	at org.junit.platform.launcher.core.DefaultLauncher.execute(DefaultLauncher.java:248) ~[junit-platform-launcher-1.6.2.jar:1.6.2]
	at org.junit.platform.launcher.core.DefaultLauncher.lambda$execute$5(DefaultLauncher.java:211) ~[junit-platform-launcher-1.6.2.jar:1.6.2]
	at org.junit.platform.launcher.core.DefaultLauncher.withInterceptedStreams(DefaultLauncher.java:226) [junit-platform-launcher-1.6.2.jar:1.6.2]
	at org.junit.platform.launcher.core.DefaultLauncher.execute(DefaultLauncher.java:199) [junit-platform-launcher-1.6.2.jar:1.6.2]
	at org.junit.platform.launcher.core.DefaultLauncher.execute(DefaultLauncher.java:132) [junit-platform-launcher-1.6.2.jar:1.6.2]
	at org.apache.maven.surefire.junitplatform.JUnitPlatformProvider.invokeAllTests(JUnitPlatformProvider.java:154) [surefire-junit-platform-3.0.0-M4.jar:3.0.0-M4]
	at org.apache.maven.surefire.junitplatform.JUnitPlatformProvider.invoke(JUnitPlatformProvider.java:123) [surefire-junit-platform-3.0.0-M4.jar:3.0.0-M4]
	at org.apache.maven.surefire.booter.ForkedBooter.runSuitesInProcess(ForkedBooter.java:377) [surefire-booter-3.0.0-M4.jar:3.0.0-M4]
	at org.apache.maven.surefire.booter.ForkedBooter.execute(ForkedBooter.java:138) [surefire-booter-3.0.0-M4.jar:3.0.0-M4]
	at org.apache.maven.surefire.booter.ForkedBooter.run(ForkedBooter.java:465) [surefire-booter-3.0.0-M4.jar:3.0.0-M4]
	at org.apache.maven.surefire.booter.ForkedBooter.main(ForkedBooter.java:451) [surefire-booter-3.0.0-M4.jar:3.0.0-M4]
Caused by: org.apache.hadoop.hive.metastore.api.MetaException: Table default.nonAcidOrcTbl failed strict managed table checks due to the following reason: Table is marked as a managed table but is not transactional.
	at org.apache.hadoop.hive.metastore.utils.HiveStrictManagedUtils.validateStrictManagedTableWithThrow(HiveStrictManagedUtils.java:33) ~[classes/:?]
	at org.apache.hadoop.hive.metastore.TransactionalValidationListener.handle(TransactionalValidationListener.java:92) ~[classes/:?]
	at org.apache.hadoop.hive.metastore.TransactionalValidationListener.onEvent(TransactionalValidationListener.java:72) ~[classes/:?]
	at org.apache.hadoop.hive.metastore.HMSHandler.firePreEvent(HMSHandler.java:4033) ~[classes/:?]
	at org.apache.hadoop.hive.metastore.HMSHandler.create_table_core(HMSHandler.java:2392) ~[classes/:?]
	at org.apache.hadoop.hive.metastore.HMSHandler.create_table_req(HMSHandler.java:2598) ~[classes/:?]
	at sun.reflect.GeneratedMethodAccessor103.invoke(Unknown Source) ~[?:?]
	at sun.reflect.DelegatingMethodAccessorImpl.invoke(DelegatingMethodAccessorImpl.java:43) ~[?:1.8.0_402]
	at java.lang.reflect.Method.invoke(Method.java:498) ~[?:1.8.0_402]
	at org.apache.hadoop.hive.metastore.RetryingHMSHandler.invokeInternal(RetryingHMSHandler.java:147) ~[classes/:?]
	at org.apache.hadoop.hive.metastore.RetryingHMSHandler.invoke(RetryingHMSHandler.java:108) ~[classes/:?]
	at com.sun.proxy.$Proxy39.create_table_req(Unknown Source) ~[?:?]
	at org.apache.hadoop.hive.metastore.HiveMetaStoreClient.create_table_with_environment_context(HiveMetaStoreClient.java:4408) ~[classes/:?]
	at org.apache.hadoop.hive.ql.metadata.SessionHiveMetaStoreClient.create_table_with_environment_context(SessionHiveMetaStoreClient.java:182) ~[classes/:?]
	at org.apache.hadoop.hive.metastore.HiveMetaStoreClient.createTable(HiveMetaStoreClient.java:1260) ~[classes/:?]
	at org.apache.hadoop.hive.metastore.HiveMetaStoreClient.createTable(HiveMetaStoreClient.java:1245) ~[classes/:?]
	at sun.reflect.GeneratedMethodAccessor102.invoke(Unknown Source) ~[?:?]
	at sun.reflect.DelegatingMethodAccessorImpl.invoke(DelegatingMethodAccessorImpl.java:43) ~[?:1.8.0_402]
	at java.lang.reflect.Method.invoke(Method.java:498) ~[?:1.8.0_402]
	at org.apache.hadoop.hive.metastore.RetryingMetaStoreClient.invoke(RetryingMetaStoreClient.java:218) ~[classes/:?]
	at com.sun.proxy.$Proxy40.createTable(Unknown Source) ~[?:?]
	at org.apache.hadoop.hive.ql.metadata.Hive.createTable(Hive.java:1290) ~[classes/:?]
	... 66 more
FAILED: Execution Error, return code 40000 from org.apache.hadoop.hive.ql.ddl.DDLTask. MetaException(message:Table default.nonAcidOrcTbl failed strict managed table checks due to the following reason: Table is marked as a managed table but is not transactional.)
2024-04-24T05:31:04,998 ERROR [main] ql.Driver: FAILED: Execution Error, return code 40000 from org.apache.hadoop.hive.ql.ddl.DDLTask. MetaException(message:Table default.nonAcidOrcTbl failed strict managed table checks due to the following reason: Table is marked as a managed table but is not transactional.)
2024-04-24T05:31:04,998  INFO [main] metadata.Hive: Dumping metastore api call timing information for : execution phase
2024-04-24T05:31:04,999  INFO [main] metadata.Hive: Total time spent in each metastore function (ms): {isCompatibleWith_(Configuration)=0}
2024-04-24T05:31:04,999  INFO [main] ql.Driver: Completed executing command(queryId=alex_20240424053104_9c3ae88f-966d-4734-92e8-8a4e8f2bb1fc); Time taken: 0.017 seconds
2024-04-24T05:31:04,999  INFO [main] lockmgr.DbTxnManager: Stopped heartbeat for query: alex_20240424053104_9c3ae88f-966d-4734-92e8-8a4e8f2bb1fc
2024-04-24T05:31:05,001  INFO [main] txn.TxnHandler: Removed transactions: ([9]) from MIN_HISTORY_LEVEL
2024-04-24T05:31:05,008  INFO [main] ql.TxnCommandsBaseForTests: Running the query: drop table if exists acidTbl
2024-04-24T05:31:05,008  INFO [main] ql.Driver: Compiling command(queryId=alex_20240424053105_b449fde4-dc92-4350-be0d-5e99eac53820): drop table if exists acidTbl
2024-04-24T05:31:05,010  INFO [main] txn.TxnHandler: Added entries to MIN_HISTORY_LEVEL for current txns: ([10]) with min_open_txn: 1
2024-04-24T05:31:05,011  INFO [main] lockmgr.DbTxnManager: Opened txnid:10
2024-04-24T05:31:05,011  INFO [main] HiveMetaStore.audit: ugi=alex	ip=unknown-ip-addr	cmd=get_table : tbl=hive.default.acidTbl	
2024-04-24T05:31:05,030  INFO [main] metastore.HMSHandler: Skipping translation for processor with null
2024-04-24T05:31:05,030  INFO [main] ql.Driver: Semantic Analysis Completed (retrial = false)
2024-04-24T05:31:05,030  INFO [main] ql.Driver: Created Hive schema: Schema(fieldSchemas:null, properties:null)
2024-04-24T05:31:05,030  INFO [main] metadata.Hive: Dumping metastore api call timing information for : compilation phase
2024-04-24T05:31:05,031  INFO [main] metadata.Hive: Total time spent in each metastore function (ms): {flushCache_()=0, getTable_(GetTableRequest)=19, isCompatibleWith_(Configuration)=0, openTxn_(String, TxnType)=3, rollbackTxn_(long)=8, getValidTxns_(long)=0}
2024-04-24T05:31:05,031  INFO [main] ql.Driver: Completed compiling command(queryId=alex_20240424053105_b449fde4-dc92-4350-be0d-5e99eac53820); Time taken: 0.022 seconds
2024-04-24T05:31:05,031  INFO [main] lockmgr.DbTxnManager: Setting lock request transaction to txnid:10 for queryId=alex_20240424053105_b449fde4-dc92-4350-be0d-5e99eac53820
2024-04-24T05:31:05,032  INFO [main] lockmgr.DbLockManager: Requesting lock for queryId=alex_20240424053105_b449fde4-dc92-4350-be0d-5e99eac53820
2024-04-24T05:31:05,047  INFO [main] lockmgr.DbLockManager: Response to queryId=alex_20240424053105_b449fde4-dc92-4350-be0d-5e99eac53820 LockResponse(lockid:4, state:ACQUIRED)
2024-04-24T05:31:05,047  INFO [main] ql.Driver: Operation DROPTABLE obtained 1 locks
2024-04-24T05:31:05,047  INFO [main] ql.Driver: Executing command(queryId=alex_20240424053105_b449fde4-dc92-4350-be0d-5e99eac53820): drop table if exists acidTbl
2024-04-24T05:31:05,048  INFO [main] ql.Driver: Starting task [Stage-0:DDL] in serial mode
2024-04-24T05:31:05,048  INFO [main] HiveMetaStore.audit: ugi=alex	ip=unknown-ip-addr	cmd=get_table : tbl=hive.default.acidTbl	
2024-04-24T05:31:05,054  INFO [main] metastore.HMSHandler: Skipping translation for processor with null
2024-04-24T05:31:05,055  INFO [main] HiveMetaStore.audit: ugi=alex	ip=unknown-ip-addr	cmd=get_table : tbl=hive.default.acidTbl	
2024-04-24T05:31:05,063  INFO [main] metastore.HMSHandler: Skipping translation for processor with null
2024-04-24T05:31:05,063  INFO [main] HiveMetaStore.audit: ugi=alex	ip=unknown-ip-addr	cmd=drop_table : tbl=hive.default.acidTbl	
2024-04-24T05:31:05,184  INFO [main] metadata.Hive: Dumping metastore api call timing information for : execution phase
2024-04-24T05:31:05,184  INFO [main] metadata.Hive: Total time spent in each metastore function (ms): {isCompatibleWith_(Configuration)=0, getTable_(GetTableRequest)=7, dropTable_(String, String, boolean, boolean, boolean)=129}
2024-04-24T05:31:05,184  INFO [main] ql.Driver: Completed executing command(queryId=alex_20240424053105_b449fde4-dc92-4350-be0d-5e99eac53820); Time taken: 0.137 seconds
2024-04-24T05:31:05,184  INFO [main] lockmgr.DbTxnManager: Stopped heartbeat for query: alex_20240424053105_b449fde4-dc92-4350-be0d-5e99eac53820
2024-04-24T05:31:05,188  INFO [main] txn.TxnHandler: Expected to move at least one record from txn_components to completed_txn_components when committing txn! txnid:10
2024-04-24T05:31:05,194  INFO [main] txn.TxnHandler: Removed transactions: ([10]) from MIN_HISTORY_LEVEL
2024-04-24T05:31:05,196  WARN [main] txn.CompactionTxnHandler: No compaction queue record found for Compaction type transaction commit. txnId:10
2024-04-24T05:31:05,197  INFO [main] ql.TxnCommandsBaseForTests: Running the query: drop table if exists acidTblPart
2024-04-24T05:31:05,197  INFO [main] ql.Driver: Compiling command(queryId=alex_20240424053105_8ff4b7ea-7b10-4008-afbd-7a977ed4c726): drop table if exists acidTblPart
2024-04-24T05:31:05,206  INFO [main] txn.TxnHandler: Added entries to MIN_HISTORY_LEVEL for current txns: ([11]) with min_open_txn: 1
2024-04-24T05:31:05,206  INFO [main] lockmgr.DbTxnManager: Opened txnid:11
2024-04-24T05:31:05,209  INFO [main] HiveMetaStore.audit: ugi=alex	ip=unknown-ip-addr	cmd=get_table : tbl=hive.default.acidTblPart	
2024-04-24T05:31:05,219  INFO [main] metastore.HMSHandler: Skipping translation for processor with null
2024-04-24T05:31:05,220  INFO [main] ql.Driver: Semantic Analysis Completed (retrial = false)
2024-04-24T05:31:05,220  INFO [main] ql.Driver: Created Hive schema: Schema(fieldSchemas:null, properties:null)
2024-04-24T05:31:05,220  INFO [main] metadata.Hive: Dumping metastore api call timing information for : compilation phase
2024-04-24T05:31:05,220  INFO [main] metadata.Hive: Total time spent in each metastore function (ms): {getTable_(GetTableRequest)=10, getValidTxns_(long)=3, isCompatibleWith_(Configuration)=0, openTxn_(String, TxnType)=9, commitTxn_(CommitTxnRequest)=12, flushCache_()=0}
2024-04-24T05:31:05,220  INFO [main] ql.Driver: Completed compiling command(queryId=alex_20240424053105_8ff4b7ea-7b10-4008-afbd-7a977ed4c726); Time taken: 0.023 seconds
2024-04-24T05:31:05,220  INFO [main] lockmgr.DbTxnManager: Setting lock request transaction to txnid:11 for queryId=alex_20240424053105_8ff4b7ea-7b10-4008-afbd-7a977ed4c726
2024-04-24T05:31:05,221  INFO [main] lockmgr.DbLockManager: Requesting lock for queryId=alex_20240424053105_8ff4b7ea-7b10-4008-afbd-7a977ed4c726
2024-04-24T05:31:05,241  INFO [main] lockmgr.DbLockManager: Response to queryId=alex_20240424053105_8ff4b7ea-7b10-4008-afbd-7a977ed4c726 LockResponse(lockid:5, state:ACQUIRED)
2024-04-24T05:31:05,241  INFO [main] ql.Driver: Operation DROPTABLE obtained 1 locks
2024-04-24T05:31:05,241  INFO [main] ql.Driver: Executing command(queryId=alex_20240424053105_8ff4b7ea-7b10-4008-afbd-7a977ed4c726): drop table if exists acidTblPart
2024-04-24T05:31:05,241  INFO [main] ql.Driver: Starting task [Stage-0:DDL] in serial mode
2024-04-24T05:31:05,241  INFO [main] HiveMetaStore.audit: ugi=alex	ip=unknown-ip-addr	cmd=get_table : tbl=hive.default.acidTblPart	
2024-04-24T05:31:05,248  INFO [main] metastore.HMSHandler: Skipping translation for processor with null
2024-04-24T05:31:05,248  INFO [main] HiveMetaStore.audit: ugi=alex	ip=unknown-ip-addr	cmd=get_table : tbl=hive.default.acidTblPart	
2024-04-24T05:31:05,256  INFO [main] metastore.HMSHandler: Skipping translation for processor with null
2024-04-24T05:31:05,256  INFO [main] HiveMetaStore.audit: ugi=alex	ip=unknown-ip-addr	cmd=drop_table : tbl=hive.default.acidTblPart	
2024-04-24T05:31:05,306  INFO [main] metadata.Hive: Dumping metastore api call timing information for : execution phase
2024-04-24T05:31:05,306  INFO [main] metadata.Hive: Total time spent in each metastore function (ms): {getTable_(GetTableRequest)=7, isCompatibleWith_(Configuration)=0, dropTable_(String, String, boolean, boolean, boolean)=58}
2024-04-24T05:31:05,306  INFO [main] ql.Driver: Completed executing command(queryId=alex_20240424053105_8ff4b7ea-7b10-4008-afbd-7a977ed4c726); Time taken: 0.065 seconds
2024-04-24T05:31:05,306  INFO [main] lockmgr.DbTxnManager: Stopped heartbeat for query: alex_20240424053105_8ff4b7ea-7b10-4008-afbd-7a977ed4c726
2024-04-24T05:31:05,310  INFO [main] txn.TxnHandler: Expected to move at least one record from txn_components to completed_txn_components when committing txn! txnid:11
2024-04-24T05:31:05,317  INFO [main] txn.TxnHandler: Removed transactions: ([11]) from MIN_HISTORY_LEVEL
2024-04-24T05:31:05,318  WARN [main] txn.CompactionTxnHandler: No compaction queue record found for Compaction type transaction commit. txnId:11
2024-04-24T05:31:05,318  INFO [main] ql.TxnCommandsBaseForTests: Running the query: drop table if exists acidTbl2
2024-04-24T05:31:05,318  INFO [main] ql.Driver: Compiling command(queryId=alex_20240424053105_5979b1aa-a89d-4000-bbec-3032c0290ebc): drop table if exists acidTbl2
2024-04-24T05:31:05,321  INFO [main] txn.TxnHandler: Added entries to MIN_HISTORY_LEVEL for current txns: ([12]) with min_open_txn: 1
2024-04-24T05:31:05,321  INFO [main] lockmgr.DbTxnManager: Opened txnid:12
2024-04-24T05:31:05,322  INFO [main] HiveMetaStore.audit: ugi=alex	ip=unknown-ip-addr	cmd=get_table : tbl=hive.default.acidTbl2	
2024-04-24T05:31:05,325  INFO [main] ql.Driver: Semantic Analysis Completed (retrial = false)
2024-04-24T05:31:05,325  INFO [main] ql.Driver: Created Hive schema: Schema(fieldSchemas:null, properties:null)
2024-04-24T05:31:05,325  INFO [main] metadata.Hive: Dumping metastore api call timing information for : compilation phase
2024-04-24T05:31:05,325  INFO [main] metadata.Hive: Total time spent in each metastore function (ms): {getValidTxns_(long)=0, openTxn_(String, TxnType)=2, commitTxn_(CommitTxnRequest)=12, isCompatibleWith_(Configuration)=0, flushCache_()=0}
2024-04-24T05:31:05,325  INFO [main] ql.Driver: Completed compiling command(queryId=alex_20240424053105_5979b1aa-a89d-4000-bbec-3032c0290ebc); Time taken: 0.007 seconds
2024-04-24T05:31:05,325  INFO [main] lockmgr.DbTxnManager: Setting lock request transaction to txnid:12 for queryId=alex_20240424053105_5979b1aa-a89d-4000-bbec-3032c0290ebc
2024-04-24T05:31:05,325  INFO [main] ql.Driver: Operation DROPTABLE obtained 0 locks
2024-04-24T05:31:05,325  INFO [main] ql.Driver: Executing command(queryId=alex_20240424053105_5979b1aa-a89d-4000-bbec-3032c0290ebc): drop table if exists acidTbl2
2024-04-24T05:31:05,326  INFO [main] ql.Driver: Starting task [Stage-0:DDL] in serial mode
2024-04-24T05:31:05,326  INFO [main] HiveMetaStore.audit: ugi=alex	ip=unknown-ip-addr	cmd=get_table : tbl=hive.default.acidTbl2	
2024-04-24T05:31:05,329  INFO [main] metadata.Hive: Dumping metastore api call timing information for : execution phase
2024-04-24T05:31:05,329  INFO [main] metadata.Hive: Total time spent in each metastore function (ms): {isCompatibleWith_(Configuration)=0}
2024-04-24T05:31:05,329  INFO [main] ql.Driver: Completed executing command(queryId=alex_20240424053105_5979b1aa-a89d-4000-bbec-3032c0290ebc); Time taken: 0.004 seconds
2024-04-24T05:31:05,329  INFO [main] lockmgr.DbTxnManager: Stopped heartbeat for query: alex_20240424053105_5979b1aa-a89d-4000-bbec-3032c0290ebc
2024-04-24T05:31:05,334  INFO [main] txn.TxnHandler: Expected to move at least one record from txn_components to completed_txn_components when committing txn! txnid:12
2024-04-24T05:31:05,340  INFO [main] txn.TxnHandler: Removed transactions: ([12]) from MIN_HISTORY_LEVEL
2024-04-24T05:31:05,340  WARN [main] txn.CompactionTxnHandler: No compaction queue record found for Compaction type transaction commit. txnId:12
2024-04-24T05:31:05,341  INFO [main] ql.TxnCommandsBaseForTests: Running the query: drop table if exists nonAcidOrcTbl
2024-04-24T05:31:05,341  INFO [main] ql.Driver: Compiling command(queryId=alex_20240424053105_1dcc3740-7784-446a-9f5f-5da9c32c08d7): drop table if exists nonAcidOrcTbl
2024-04-24T05:31:05,343  INFO [main] txn.TxnHandler: Added entries to MIN_HISTORY_LEVEL for current txns: ([13]) with min_open_txn: 1
2024-04-24T05:31:05,344  INFO [main] lockmgr.DbTxnManager: Opened txnid:13
2024-04-24T05:31:05,345  INFO [main] HiveMetaStore.audit: ugi=alex	ip=unknown-ip-addr	cmd=get_table : tbl=hive.default.nonAcidOrcTbl	
2024-04-24T05:31:05,348  INFO [main] ql.Driver: Semantic Analysis Completed (retrial = false)
2024-04-24T05:31:05,348  INFO [main] ql.Driver: Created Hive schema: Schema(fieldSchemas:null, properties:null)
2024-04-24T05:31:05,348  INFO [main] metadata.Hive: Dumping metastore api call timing information for : compilation phase
2024-04-24T05:31:05,348  INFO [main] metadata.Hive: Total time spent in each metastore function (ms): {isCompatibleWith_(Configuration)=0, commitTxn_(CommitTxnRequest)=10, openTxn_(String, TxnType)=2, getValidTxns_(long)=0, flushCache_()=0}
2024-04-24T05:31:05,348  INFO [main] ql.Driver: Completed compiling command(queryId=alex_20240424053105_1dcc3740-7784-446a-9f5f-5da9c32c08d7); Time taken: 0.007 seconds
2024-04-24T05:31:05,348  INFO [main] lockmgr.DbTxnManager: Setting lock request transaction to txnid:13 for queryId=alex_20240424053105_1dcc3740-7784-446a-9f5f-5da9c32c08d7
2024-04-24T05:31:05,348  INFO [main] ql.Driver: Operation DROPTABLE obtained 0 locks
2024-04-24T05:31:05,348  INFO [main] ql.Driver: Executing command(queryId=alex_20240424053105_1dcc3740-7784-446a-9f5f-5da9c32c08d7): drop table if exists nonAcidOrcTbl
2024-04-24T05:31:05,349  INFO [main] ql.Driver: Starting task [Stage-0:DDL] in serial mode
2024-04-24T05:31:05,349  INFO [main] HiveMetaStore.audit: ugi=alex	ip=unknown-ip-addr	cmd=get_table : tbl=hive.default.nonAcidOrcTbl	
2024-04-24T05:31:05,352  INFO [main] metadata.Hive: Dumping metastore api call timing information for : execution phase
2024-04-24T05:31:05,352  INFO [main] metadata.Hive: Total time spent in each metastore function (ms): {isCompatibleWith_(Configuration)=0}
2024-04-24T05:31:05,352  INFO [main] ql.Driver: Completed executing command(queryId=alex_20240424053105_1dcc3740-7784-446a-9f5f-5da9c32c08d7); Time taken: 0.004 seconds
2024-04-24T05:31:05,352  INFO [main] lockmgr.DbTxnManager: Stopped heartbeat for query: alex_20240424053105_1dcc3740-7784-446a-9f5f-5da9c32c08d7
2024-04-24T05:31:05,358  INFO [main] txn.TxnHandler: Expected to move at least one record from txn_components to completed_txn_components when committing txn! txnid:13
2024-04-24T05:31:05,364  INFO [main] txn.TxnHandler: Removed transactions: ([13]) from MIN_HISTORY_LEVEL
2024-04-24T05:31:05,364  WARN [main] txn.CompactionTxnHandler: No compaction queue record found for Compaction type transaction commit. txnId:13
2024-04-24T05:31:05,364  INFO [main] ql.TxnCommandsBaseForTests: Running the query: drop table if exists nonAcidOrcTbl2
2024-04-24T05:31:05,365  INFO [main] ql.Driver: Compiling command(queryId=alex_20240424053105_0164420e-f3ba-4c66-977c-ebb3acd542af): drop table if exists nonAcidOrcTbl2
2024-04-24T05:31:05,367  INFO [main] txn.TxnHandler: Added entries to MIN_HISTORY_LEVEL for current txns: ([14]) with min_open_txn: 1
2024-04-24T05:31:05,367  INFO [main] lockmgr.DbTxnManager: Opened txnid:14
2024-04-24T05:31:05,368  INFO [main] HiveMetaStore.audit: ugi=alex	ip=unknown-ip-addr	cmd=get_table : tbl=hive.default.nonAcidOrcTbl2	
2024-04-24T05:31:05,371  INFO [main] ql.Driver: Semantic Analysis Completed (retrial = false)
2024-04-24T05:31:05,371  INFO [main] ql.Driver: Created Hive schema: Schema(fieldSchemas:null, properties:null)
2024-04-24T05:31:05,371  INFO [main] metadata.Hive: Dumping metastore api call timing information for : compilation phase
2024-04-24T05:31:05,371  INFO [main] metadata.Hive: Total time spent in each metastore function (ms): {commitTxn_(CommitTxnRequest)=12, openTxn_(String, TxnType)=2, flushCache_()=0, getValidTxns_(long)=0, isCompatibleWith_(Configuration)=0}
2024-04-24T05:31:05,372  INFO [main] ql.Driver: Completed compiling command(queryId=alex_20240424053105_0164420e-f3ba-4c66-977c-ebb3acd542af); Time taken: 0.006 seconds
2024-04-24T05:31:05,372  INFO [main] lockmgr.DbTxnManager: Setting lock request transaction to txnid:14 for queryId=alex_20240424053105_0164420e-f3ba-4c66-977c-ebb3acd542af
2024-04-24T05:31:05,372  INFO [main] ql.Driver: Operation DROPTABLE obtained 0 locks
2024-04-24T05:31:05,372  INFO [main] ql.Driver: Executing command(queryId=alex_20240424053105_0164420e-f3ba-4c66-977c-ebb3acd542af): drop table if exists nonAcidOrcTbl2
2024-04-24T05:31:05,372  INFO [main] ql.Driver: Starting task [Stage-0:DDL] in serial mode
2024-04-24T05:31:05,372  INFO [main] HiveMetaStore.audit: ugi=alex	ip=unknown-ip-addr	cmd=get_table : tbl=hive.default.nonAcidOrcTbl2	
2024-04-24T05:31:05,376  INFO [main] metadata.Hive: Dumping metastore api call timing information for : execution phase
2024-04-24T05:31:05,376  INFO [main] metadata.Hive: Total time spent in each metastore function (ms): {isCompatibleWith_(Configuration)=0}
2024-04-24T05:31:05,376  INFO [main] ql.Driver: Completed executing command(queryId=alex_20240424053105_0164420e-f3ba-4c66-977c-ebb3acd542af); Time taken: 0.004 seconds
2024-04-24T05:31:05,376  INFO [main] lockmgr.DbTxnManager: Stopped heartbeat for query: alex_20240424053105_0164420e-f3ba-4c66-977c-ebb3acd542af
2024-04-24T05:31:05,381  INFO [main] txn.TxnHandler: Expected to move at least one record from txn_components to completed_txn_components when committing txn! txnid:14
2024-04-24T05:31:05,387  INFO [main] txn.TxnHandler: Removed transactions: ([14]) from MIN_HISTORY_LEVEL
2024-04-24T05:31:05,387  WARN [main] txn.CompactionTxnHandler: No compaction queue record found for Compaction type transaction commit. txnId:14
2024-04-24T05:31:05,388  INFO [main] ql.TxnCommandsBaseForTests: Running the query: drop table if exists nonAcidNonBucket
2024-04-24T05:31:05,388  INFO [main] ql.Driver: Compiling command(queryId=alex_20240424053105_35139656-c768-4de7-b49b-deb98e3376b6): drop table if exists nonAcidNonBucket
2024-04-24T05:31:05,391  INFO [main] txn.TxnHandler: Added entries to MIN_HISTORY_LEVEL for current txns: ([15]) with min_open_txn: 1
2024-04-24T05:31:05,391  INFO [main] lockmgr.DbTxnManager: Opened txnid:15
2024-04-24T05:31:05,392  INFO [main] HiveMetaStore.audit: ugi=alex	ip=unknown-ip-addr	cmd=get_table : tbl=hive.default.nonAcidNonBucket	
2024-04-24T05:31:05,395  INFO [main] ql.Driver: Semantic Analysis Completed (retrial = false)
2024-04-24T05:31:05,395  INFO [main] ql.Driver: Created Hive schema: Schema(fieldSchemas:null, properties:null)
2024-04-24T05:31:05,395  INFO [main] metadata.Hive: Dumping metastore api call timing information for : compilation phase
2024-04-24T05:31:05,396  INFO [main] metadata.Hive: Total time spent in each metastore function (ms): {flushCache_()=0, openTxn_(String, TxnType)=2, getValidTxns_(long)=0, isCompatibleWith_(Configuration)=0, commitTxn_(CommitTxnRequest)=12}
2024-04-24T05:31:05,396  INFO [main] ql.Driver: Completed compiling command(queryId=alex_20240424053105_35139656-c768-4de7-b49b-deb98e3376b6); Time taken: 0.007 seconds
2024-04-24T05:31:05,396  INFO [main] lockmgr.DbTxnManager: Setting lock request transaction to txnid:15 for queryId=alex_20240424053105_35139656-c768-4de7-b49b-deb98e3376b6
2024-04-24T05:31:05,396  INFO [main] ql.Driver: Operation DROPTABLE obtained 0 locks
2024-04-24T05:31:05,396  INFO [main] ql.Driver: Executing command(queryId=alex_20240424053105_35139656-c768-4de7-b49b-deb98e3376b6): drop table if exists nonAcidNonBucket
2024-04-24T05:31:05,396  INFO [main] ql.Driver: Starting task [Stage-0:DDL] in serial mode
2024-04-24T05:31:05,397  INFO [main] HiveMetaStore.audit: ugi=alex	ip=unknown-ip-addr	cmd=get_table : tbl=hive.default.nonAcidNonBucket	
2024-04-24T05:31:05,400  INFO [main] metadata.Hive: Dumping metastore api call timing information for : execution phase
2024-04-24T05:31:05,400  INFO [main] metadata.Hive: Total time spent in each metastore function (ms): {isCompatibleWith_(Configuration)=0}
2024-04-24T05:31:05,400  INFO [main] ql.Driver: Completed executing command(queryId=alex_20240424053105_35139656-c768-4de7-b49b-deb98e3376b6); Time taken: 0.004 seconds
2024-04-24T05:31:05,400  INFO [main] lockmgr.DbTxnManager: Stopped heartbeat for query: alex_20240424053105_35139656-c768-4de7-b49b-deb98e3376b6
2024-04-24T05:31:05,405  INFO [main] txn.TxnHandler: Expected to move at least one record from txn_components to completed_txn_components when committing txn! txnid:15
2024-04-24T05:31:05,411  INFO [main] txn.TxnHandler: Removed transactions: ([15]) from MIN_HISTORY_LEVEL
2024-04-24T05:31:05,411  WARN [main] txn.CompactionTxnHandler: No compaction queue record found for Compaction type transaction commit. txnId:15
2024-04-24T05:31:05,412  INFO [main] utils.TestTxnDbUtil: Cleaning transactional tables
]]></system-err>
  </testcase>
  <testcase name="testExceptionForDbRegexPlusControlFile" classname="org.apache.hadoop.hive.ql.util.TestHiveStrictManagedMigration" time="0.796">
    <error type="java.lang.RuntimeException"><![CDATA[java.lang.RuntimeException: create table nonAcidOrcTbl(a int, b int) clustered by (a) into 2 buckets stored as orc TBLPROPERTIES ('transactional'='false') failed: (responseCode = 40000, errorMessage = FAILED: Execution Error, return code 40000 from org.apache.hadoop.hive.ql.ddl.DDLTask. MetaException(message:Table default.nonAcidOrcTbl failed strict managed table checks due to the following reason: Table is marked as a managed table but is not transactional.), hiveErrorCode = 40000, SQLState = 08S01, exception = MetaException(message:Table default.nonAcidOrcTbl failed strict managed table checks due to the following reason: Table is marked as a managed table but is not transactional.))
	at org.apache.hadoop.hive.ql.TxnCommandsBaseForTests.runStatementOnDriver(TxnCommandsBaseForTests.java:247)
	at org.apache.hadoop.hive.ql.TxnCommandsBaseForTests.setUpInternal(TxnCommandsBaseForTests.java:144)
	at org.apache.hadoop.hive.ql.TxnCommandsBaseForTests.setUp(TxnCommandsBaseForTests.java:94)
	at sun.reflect.NativeMethodAccessorImpl.invoke0(Native Method)
	at sun.reflect.NativeMethodAccessorImpl.invoke(NativeMethodAccessorImpl.java:62)
	at sun.reflect.DelegatingMethodAccessorImpl.invoke(DelegatingMethodAccessorImpl.java:43)
	at java.lang.reflect.Method.invoke(Method.java:498)
	at org.junit.runners.model.FrameworkMethod$1.runReflectiveCall(FrameworkMethod.java:59)
	at org.junit.internal.runners.model.ReflectiveCallable.run(ReflectiveCallable.java:12)
	at org.junit.runners.model.FrameworkMethod.invokeExplosively(FrameworkMethod.java:56)
	at org.junit.internal.runners.statements.RunBefores.invokeMethod(RunBefores.java:33)
	at org.junit.internal.runners.statements.RunBefores.evaluate(RunBefores.java:24)
	at org.junit.internal.runners.statements.RunAfters.evaluate(RunAfters.java:27)
	at org.junit.rules.TestWatcher$1.evaluate(TestWatcher.java:61)
	at org.junit.runners.ParentRunner$3.evaluate(ParentRunner.java:306)
	at org.junit.runners.BlockJUnit4ClassRunner$1.evaluate(BlockJUnit4ClassRunner.java:100)
	at org.junit.runners.ParentRunner.runLeaf(ParentRunner.java:366)
	at org.junit.runners.BlockJUnit4ClassRunner.runChild(BlockJUnit4ClassRunner.java:103)
	at org.junit.runners.BlockJUnit4ClassRunner.runChild(BlockJUnit4ClassRunner.java:63)
	at org.junit.runners.ParentRunner$4.run(ParentRunner.java:331)
	at org.junit.runners.ParentRunner$1.schedule(ParentRunner.java:79)
	at org.junit.runners.ParentRunner.runChildren(ParentRunner.java:329)
	at org.junit.runners.ParentRunner.access$100(ParentRunner.java:66)
	at org.junit.runners.ParentRunner$2.evaluate(ParentRunner.java:293)
	at org.junit.runners.ParentRunner$3.evaluate(ParentRunner.java:306)
	at org.junit.runners.ParentRunner.run(ParentRunner.java:413)
	at org.junit.runner.JUnitCore.run(JUnitCore.java:137)
	at org.junit.runner.JUnitCore.run(JUnitCore.java:115)
	at org.junit.vintage.engine.execution.RunnerExecutor.execute(RunnerExecutor.java:43)
	at java.util.stream.ForEachOps$ForEachOp$OfRef.accept(ForEachOps.java:183)
	at java.util.stream.ReferencePipeline$3$1.accept(ReferencePipeline.java:193)
	at java.util.Iterator.forEachRemaining(Iterator.java:116)
	at java.util.Spliterators$IteratorSpliterator.forEachRemaining(Spliterators.java:1801)
	at java.util.stream.AbstractPipeline.copyInto(AbstractPipeline.java:482)
	at java.util.stream.AbstractPipeline.wrapAndCopyInto(AbstractPipeline.java:472)
	at java.util.stream.ForEachOps$ForEachOp.evaluateSequential(ForEachOps.java:150)
	at java.util.stream.ForEachOps$ForEachOp$OfRef.evaluateSequential(ForEachOps.java:173)
	at java.util.stream.AbstractPipeline.evaluate(AbstractPipeline.java:234)
	at java.util.stream.ReferencePipeline.forEach(ReferencePipeline.java:485)
	at org.junit.vintage.engine.VintageTestEngine.executeAllChildren(VintageTestEngine.java:82)
	at org.junit.vintage.engine.VintageTestEngine.execute(VintageTestEngine.java:73)
	at org.junit.platform.launcher.core.DefaultLauncher.execute(DefaultLauncher.java:248)
	at org.junit.platform.launcher.core.DefaultLauncher.lambda$execute$5(DefaultLauncher.java:211)
	at org.junit.platform.launcher.core.DefaultLauncher.withInterceptedStreams(DefaultLauncher.java:226)
	at org.junit.platform.launcher.core.DefaultLauncher.execute(DefaultLauncher.java:199)
	at org.junit.platform.launcher.core.DefaultLauncher.execute(DefaultLauncher.java:132)
	at org.apache.maven.surefire.junitplatform.JUnitPlatformProvider.invokeAllTests(JUnitPlatformProvider.java:154)
	at org.apache.maven.surefire.junitplatform.JUnitPlatformProvider.invoke(JUnitPlatformProvider.java:123)
	at org.apache.maven.surefire.booter.ForkedBooter.runSuitesInProcess(ForkedBooter.java:377)
	at org.apache.maven.surefire.booter.ForkedBooter.execute(ForkedBooter.java:138)
	at org.apache.maven.surefire.booter.ForkedBooter.run(ForkedBooter.java:465)
	at org.apache.maven.surefire.booter.ForkedBooter.main(ForkedBooter.java:451)
]]></error>
    <system-err><![CDATA[2024-04-24T05:31:05,479  WARN [main] conf.HiveConf: HiveConf of name hive.llap.io.cache.orc.alloc.min does not exist
2024-04-24T05:31:05,479  WARN [main] conf.HiveConf: HiveConf of name hive.dummyparam.test.server.specific.config.hivesite does not exist
2024-04-24T05:31:05,480  WARN [main] conf.HiveConf: HiveConf of name hive.llap.io.cache.orc.alloc.max does not exist
2024-04-24T05:31:05,480  WARN [main] conf.HiveConf: HiveConf of name hive.metastore.client.cache.recordStats does not exist
2024-04-24T05:31:05,480  WARN [main] conf.HiveConf: HiveConf of name hive.dummyparam.test.server.specific.config.metastoresite does not exist
2024-04-24T05:31:05,480  WARN [main] conf.HiveConf: HiveConf of name hive.llap.io.cache.orc.arena.size does not exist
2024-04-24T05:31:05,480  WARN [main] conf.HiveConf: HiveConf of name hive.dummyparam.test.server.specific.config.override does not exist
2024-04-24T05:31:05,480  WARN [main] conf.HiveConf: HiveConf of name hive.metastore.client.cache.maxSize does not exist
2024-04-24T05:31:05,480  WARN [main] conf.HiveConf: HiveConf of name hive.stats.key.prefix.reserve.length does not exist
2024-04-24T05:31:05,480  WARN [main] conf.HiveConf: HiveConf of name hive.metastore.metadb.dir does not exist
2024-04-24T05:31:05,480  WARN [main] conf.HiveConf: HiveConf of name hive.llap.io.cache.orc.size does not exist
2024-04-24T05:31:05,482  INFO [main] utils.TestTxnDbUtil: Creating transactional tables
Hive Session ID = 1dc5acda-a7e5-4a2b-aece-7ad0c1283abf
2024-04-24T05:31:05,485  INFO [main] SessionState: Hive Session ID = 1dc5acda-a7e5-4a2b-aece-7ad0c1283abf
ivysettings.xml file not found in HIVE_HOME or HIVE_CONF_DIR,/home/alex/Repositories/hive/conf/ivysettings.xml will be used
2024-04-24T05:31:05,486  INFO [main] DependencyResolver: ivysettings.xml file not found in HIVE_HOME or HIVE_CONF_DIR,/home/alex/Repositories/hive/conf/ivysettings.xml will be used
2024-04-24T05:31:05,492  INFO [main] session.SessionState: Created HDFS directory: /home/alex/Repositories/hive/ql/target/tmp/scratchdir/alex/1dc5acda-a7e5-4a2b-aece-7ad0c1283abf
2024-04-24T05:31:05,495  INFO [main] session.SessionState: Created local directory: /home/alex/Repositories/hive/ql/target/tmp/localscratchdir/1dc5acda-a7e5-4a2b-aece-7ad0c1283abf
2024-04-24T05:31:05,497  INFO [main] session.SessionState: Created HDFS directory: /home/alex/Repositories/hive/ql/target/tmp/scratchdir/alex/1dc5acda-a7e5-4a2b-aece-7ad0c1283abf/_tmp_space.db
2024-04-24T05:31:05,498  INFO [main] sqlstd.SQLStdHiveAccessController: Created SQLStdHiveAccessController for session context : HiveAuthzSessionContext [sessionString=1dc5acda-a7e5-4a2b-aece-7ad0c1283abf, clientType=HIVECLI]
2024-04-24T05:31:05,498  INFO [main] ql.TxnCommandsBaseForTests: Running the query: drop table if exists acidTbl
2024-04-24T05:31:05,498  INFO [main] ql.Driver: Compiling command(queryId=alex_20240424053105_032085ca-34a5-49ab-8876-2eaa1bac2a01): drop table if exists acidTbl
2024-04-24T05:31:05,507  INFO [main] txn.TxnHandler: Added entries to MIN_HISTORY_LEVEL for current txns: ([1]) with min_open_txn: 1
2024-04-24T05:31:05,508  INFO [main] lockmgr.DbTxnManager: Opened txnid:1
2024-04-24T05:31:05,511  INFO [main] HiveMetaStore.audit: ugi=alex	ip=unknown-ip-addr	cmd=get_table : tbl=hive.default.acidTbl	
2024-04-24T05:31:05,514  INFO [main] ql.Driver: Semantic Analysis Completed (retrial = false)
2024-04-24T05:31:05,514  INFO [main] ql.Driver: Created Hive schema: Schema(fieldSchemas:null, properties:null)
2024-04-24T05:31:05,514  INFO [main] metadata.Hive: Dumping metastore api call timing information for : compilation phase
2024-04-24T05:31:05,514  INFO [main] metadata.Hive: Total time spent in each metastore function (ms): {openTxn_(String, TxnType)=9, commitTxn_(CommitTxnRequest)=12, flushCache_()=0, getValidTxns_(long)=2, isCompatibleWith_(Configuration)=0}
2024-04-24T05:31:05,515  INFO [main] ql.Driver: Completed compiling command(queryId=alex_20240424053105_032085ca-34a5-49ab-8876-2eaa1bac2a01); Time taken: 0.016 seconds
2024-04-24T05:31:05,515  INFO [main] lockmgr.DbTxnManager: Setting lock request transaction to txnid:1 for queryId=alex_20240424053105_032085ca-34a5-49ab-8876-2eaa1bac2a01
2024-04-24T05:31:05,515  INFO [main] ql.Driver: Operation DROPTABLE obtained 0 locks
2024-04-24T05:31:05,515  INFO [main] ql.Driver: Executing command(queryId=alex_20240424053105_032085ca-34a5-49ab-8876-2eaa1bac2a01): drop table if exists acidTbl
2024-04-24T05:31:05,515  INFO [main] ql.Driver: Starting task [Stage-0:DDL] in serial mode
2024-04-24T05:31:05,515  INFO [main] HiveMetaStore.audit: ugi=alex	ip=unknown-ip-addr	cmd=get_table : tbl=hive.default.acidTbl	
2024-04-24T05:31:05,519  INFO [main] metadata.Hive: Dumping metastore api call timing information for : execution phase
2024-04-24T05:31:05,519  INFO [main] metadata.Hive: Total time spent in each metastore function (ms): {isCompatibleWith_(Configuration)=0}
2024-04-24T05:31:05,519  INFO [main] ql.Driver: Completed executing command(queryId=alex_20240424053105_032085ca-34a5-49ab-8876-2eaa1bac2a01); Time taken: 0.004 seconds
2024-04-24T05:31:05,519  INFO [main] lockmgr.DbTxnManager: Stopped heartbeat for query: alex_20240424053105_032085ca-34a5-49ab-8876-2eaa1bac2a01
2024-04-24T05:31:05,526  INFO [main] txn.TxnHandler: Expected to move at least one record from txn_components to completed_txn_components when committing txn! txnid:1
2024-04-24T05:31:05,533  INFO [main] txn.TxnHandler: Removed transactions: ([1]) from MIN_HISTORY_LEVEL
2024-04-24T05:31:05,533  WARN [main] txn.CompactionTxnHandler: No compaction queue record found for Compaction type transaction commit. txnId:1
2024-04-24T05:31:05,534  INFO [main] ql.TxnCommandsBaseForTests: Running the query: drop table if exists acidTblPart
2024-04-24T05:31:05,534  INFO [main] ql.Driver: Compiling command(queryId=alex_20240424053105_7f8b1434-0f6e-4c55-9c1e-1913df85465d): drop table if exists acidTblPart
2024-04-24T05:31:05,537  INFO [main] txn.TxnHandler: Added entries to MIN_HISTORY_LEVEL for current txns: ([2]) with min_open_txn: 1
2024-04-24T05:31:05,537  INFO [main] lockmgr.DbTxnManager: Opened txnid:2
2024-04-24T05:31:05,538  INFO [main] HiveMetaStore.audit: ugi=alex	ip=unknown-ip-addr	cmd=get_table : tbl=hive.default.acidTblPart	
2024-04-24T05:31:05,542  INFO [main] ql.Driver: Semantic Analysis Completed (retrial = false)
2024-04-24T05:31:05,542  INFO [main] ql.Driver: Created Hive schema: Schema(fieldSchemas:null, properties:null)
2024-04-24T05:31:05,542  INFO [main] metadata.Hive: Dumping metastore api call timing information for : compilation phase
2024-04-24T05:31:05,542  INFO [main] metadata.Hive: Total time spent in each metastore function (ms): {getValidTxns_(long)=1, flushCache_()=0, openTxn_(String, TxnType)=2, commitTxn_(CommitTxnRequest)=15, isCompatibleWith_(Configuration)=0}
2024-04-24T05:31:05,543  INFO [main] ql.Driver: Completed compiling command(queryId=alex_20240424053105_7f8b1434-0f6e-4c55-9c1e-1913df85465d); Time taken: 0.008 seconds
2024-04-24T05:31:05,543  INFO [main] lockmgr.DbTxnManager: Setting lock request transaction to txnid:2 for queryId=alex_20240424053105_7f8b1434-0f6e-4c55-9c1e-1913df85465d
2024-04-24T05:31:05,543  INFO [main] ql.Driver: Operation DROPTABLE obtained 0 locks
2024-04-24T05:31:05,543  INFO [main] ql.Driver: Executing command(queryId=alex_20240424053105_7f8b1434-0f6e-4c55-9c1e-1913df85465d): drop table if exists acidTblPart
2024-04-24T05:31:05,543  INFO [main] ql.Driver: Starting task [Stage-0:DDL] in serial mode
2024-04-24T05:31:05,543  INFO [main] HiveMetaStore.audit: ugi=alex	ip=unknown-ip-addr	cmd=get_table : tbl=hive.default.acidTblPart	
2024-04-24T05:31:05,547  INFO [main] metadata.Hive: Dumping metastore api call timing information for : execution phase
2024-04-24T05:31:05,547  INFO [main] metadata.Hive: Total time spent in each metastore function (ms): {isCompatibleWith_(Configuration)=0}
2024-04-24T05:31:05,547  INFO [main] ql.Driver: Completed executing command(queryId=alex_20240424053105_7f8b1434-0f6e-4c55-9c1e-1913df85465d); Time taken: 0.004 seconds
2024-04-24T05:31:05,547  INFO [main] lockmgr.DbTxnManager: Stopped heartbeat for query: alex_20240424053105_7f8b1434-0f6e-4c55-9c1e-1913df85465d
2024-04-24T05:31:05,553  INFO [main] txn.TxnHandler: Expected to move at least one record from txn_components to completed_txn_components when committing txn! txnid:2
2024-04-24T05:31:05,560  INFO [main] txn.TxnHandler: Removed transactions: ([2]) from MIN_HISTORY_LEVEL
2024-04-24T05:31:05,560  WARN [main] txn.CompactionTxnHandler: No compaction queue record found for Compaction type transaction commit. txnId:2
2024-04-24T05:31:05,561  INFO [main] ql.TxnCommandsBaseForTests: Running the query: drop table if exists acidTbl2
2024-04-24T05:31:05,561  INFO [main] ql.Driver: Compiling command(queryId=alex_20240424053105_e1137a16-4358-4865-be8f-2a600df46fb1): drop table if exists acidTbl2
2024-04-24T05:31:05,564  INFO [main] txn.TxnHandler: Added entries to MIN_HISTORY_LEVEL for current txns: ([3]) with min_open_txn: 1
2024-04-24T05:31:05,565  INFO [main] lockmgr.DbTxnManager: Opened txnid:3
2024-04-24T05:31:05,565  INFO [main] HiveMetaStore.audit: ugi=alex	ip=unknown-ip-addr	cmd=get_table : tbl=hive.default.acidTbl2	
2024-04-24T05:31:05,580  INFO [main] ql.Driver: Semantic Analysis Completed (retrial = false)
2024-04-24T05:31:05,580  INFO [main] ql.Driver: Created Hive schema: Schema(fieldSchemas:null, properties:null)
2024-04-24T05:31:05,580  INFO [main] metadata.Hive: Dumping metastore api call timing information for : compilation phase
2024-04-24T05:31:05,580  INFO [main] metadata.Hive: Total time spent in each metastore function (ms): {commitTxn_(CommitTxnRequest)=13, isCompatibleWith_(Configuration)=1, getValidTxns_(long)=0, flushCache_()=0, openTxn_(String, TxnType)=3}
2024-04-24T05:31:05,580  INFO [main] ql.Driver: Completed compiling command(queryId=alex_20240424053105_e1137a16-4358-4865-be8f-2a600df46fb1); Time taken: 0.019 seconds
2024-04-24T05:31:05,580  INFO [main] lockmgr.DbTxnManager: Setting lock request transaction to txnid:3 for queryId=alex_20240424053105_e1137a16-4358-4865-be8f-2a600df46fb1
2024-04-24T05:31:05,580  INFO [main] ql.Driver: Operation DROPTABLE obtained 0 locks
2024-04-24T05:31:05,580  INFO [main] ql.Driver: Executing command(queryId=alex_20240424053105_e1137a16-4358-4865-be8f-2a600df46fb1): drop table if exists acidTbl2
2024-04-24T05:31:05,581  INFO [main] ql.Driver: Starting task [Stage-0:DDL] in serial mode
2024-04-24T05:31:05,581  INFO [main] HiveMetaStore.audit: ugi=alex	ip=unknown-ip-addr	cmd=get_table : tbl=hive.default.acidTbl2	
2024-04-24T05:31:05,584  INFO [main] metadata.Hive: Dumping metastore api call timing information for : execution phase
2024-04-24T05:31:05,584  INFO [main] metadata.Hive: Total time spent in each metastore function (ms): {isCompatibleWith_(Configuration)=0}
2024-04-24T05:31:05,584  INFO [main] ql.Driver: Completed executing command(queryId=alex_20240424053105_e1137a16-4358-4865-be8f-2a600df46fb1); Time taken: 0.004 seconds
2024-04-24T05:31:05,584  INFO [main] lockmgr.DbTxnManager: Stopped heartbeat for query: alex_20240424053105_e1137a16-4358-4865-be8f-2a600df46fb1
2024-04-24T05:31:05,590  INFO [main] txn.TxnHandler: Expected to move at least one record from txn_components to completed_txn_components when committing txn! txnid:3
2024-04-24T05:31:05,596  INFO [main] txn.TxnHandler: Removed transactions: ([3]) from MIN_HISTORY_LEVEL
2024-04-24T05:31:05,596  WARN [main] txn.CompactionTxnHandler: No compaction queue record found for Compaction type transaction commit. txnId:3
2024-04-24T05:31:05,596  INFO [main] ql.TxnCommandsBaseForTests: Running the query: drop table if exists nonAcidOrcTbl
2024-04-24T05:31:05,597  INFO [main] ql.Driver: Compiling command(queryId=alex_20240424053105_3f81f35c-277a-4b83-91f4-6c8ff9d3f82a): drop table if exists nonAcidOrcTbl
2024-04-24T05:31:05,599  INFO [main] txn.TxnHandler: Added entries to MIN_HISTORY_LEVEL for current txns: ([4]) with min_open_txn: 1
2024-04-24T05:31:05,599  INFO [main] lockmgr.DbTxnManager: Opened txnid:4
2024-04-24T05:31:05,600  INFO [main] HiveMetaStore.audit: ugi=alex	ip=unknown-ip-addr	cmd=get_table : tbl=hive.default.nonAcidOrcTbl	
2024-04-24T05:31:05,603  INFO [main] ql.Driver: Semantic Analysis Completed (retrial = false)
2024-04-24T05:31:05,603  INFO [main] ql.Driver: Created Hive schema: Schema(fieldSchemas:null, properties:null)
2024-04-24T05:31:05,603  INFO [main] metadata.Hive: Dumping metastore api call timing information for : compilation phase
2024-04-24T05:31:05,603  INFO [main] metadata.Hive: Total time spent in each metastore function (ms): {getValidTxns_(long)=1, isCompatibleWith_(Configuration)=0, openTxn_(String, TxnType)=2, commitTxn_(CommitTxnRequest)=12, flushCache_()=0}
2024-04-24T05:31:05,603  INFO [main] ql.Driver: Completed compiling command(queryId=alex_20240424053105_3f81f35c-277a-4b83-91f4-6c8ff9d3f82a); Time taken: 0.006 seconds
2024-04-24T05:31:05,603  INFO [main] lockmgr.DbTxnManager: Setting lock request transaction to txnid:4 for queryId=alex_20240424053105_3f81f35c-277a-4b83-91f4-6c8ff9d3f82a
2024-04-24T05:31:05,603  INFO [main] ql.Driver: Operation DROPTABLE obtained 0 locks
2024-04-24T05:31:05,603  INFO [main] ql.Driver: Executing command(queryId=alex_20240424053105_3f81f35c-277a-4b83-91f4-6c8ff9d3f82a): drop table if exists nonAcidOrcTbl
2024-04-24T05:31:05,604  INFO [main] ql.Driver: Starting task [Stage-0:DDL] in serial mode
2024-04-24T05:31:05,604  INFO [main] HiveMetaStore.audit: ugi=alex	ip=unknown-ip-addr	cmd=get_table : tbl=hive.default.nonAcidOrcTbl	
2024-04-24T05:31:05,607  INFO [main] metadata.Hive: Dumping metastore api call timing information for : execution phase
2024-04-24T05:31:05,607  INFO [main] metadata.Hive: Total time spent in each metastore function (ms): {isCompatibleWith_(Configuration)=0}
2024-04-24T05:31:05,607  INFO [main] ql.Driver: Completed executing command(queryId=alex_20240424053105_3f81f35c-277a-4b83-91f4-6c8ff9d3f82a); Time taken: 0.004 seconds
2024-04-24T05:31:05,607  INFO [main] lockmgr.DbTxnManager: Stopped heartbeat for query: alex_20240424053105_3f81f35c-277a-4b83-91f4-6c8ff9d3f82a
2024-04-24T05:31:05,613  INFO [main] txn.TxnHandler: Expected to move at least one record from txn_components to completed_txn_components when committing txn! txnid:4
2024-04-24T05:31:05,619  INFO [main] txn.TxnHandler: Removed transactions: ([4]) from MIN_HISTORY_LEVEL
2024-04-24T05:31:05,619  WARN [main] txn.CompactionTxnHandler: No compaction queue record found for Compaction type transaction commit. txnId:4
2024-04-24T05:31:05,619  INFO [main] ql.TxnCommandsBaseForTests: Running the query: drop table if exists nonAcidOrcTbl2
2024-04-24T05:31:05,620  INFO [main] ql.Driver: Compiling command(queryId=alex_20240424053105_03ff069e-4ba8-4ae6-a6c9-758bdef5c848): drop table if exists nonAcidOrcTbl2
2024-04-24T05:31:05,622  INFO [main] txn.TxnHandler: Added entries to MIN_HISTORY_LEVEL for current txns: ([5]) with min_open_txn: 1
2024-04-24T05:31:05,622  INFO [main] lockmgr.DbTxnManager: Opened txnid:5
2024-04-24T05:31:05,622  INFO [main] HiveMetaStore.audit: ugi=alex	ip=unknown-ip-addr	cmd=get_table : tbl=hive.default.nonAcidOrcTbl2	
2024-04-24T05:31:05,627  INFO [main] ql.Driver: Semantic Analysis Completed (retrial = false)
2024-04-24T05:31:05,627  INFO [main] ql.Driver: Created Hive schema: Schema(fieldSchemas:null, properties:null)
2024-04-24T05:31:05,627  INFO [main] metadata.Hive: Dumping metastore api call timing information for : compilation phase
2024-04-24T05:31:05,627  INFO [main] metadata.Hive: Total time spent in each metastore function (ms): {commitTxn_(CommitTxnRequest)=12, isCompatibleWith_(Configuration)=0, flushCache_()=0, openTxn_(String, TxnType)=2, getValidTxns_(long)=0}
2024-04-24T05:31:05,628  INFO [main] ql.Driver: Completed compiling command(queryId=alex_20240424053105_03ff069e-4ba8-4ae6-a6c9-758bdef5c848); Time taken: 0.007 seconds
2024-04-24T05:31:05,628  INFO [main] lockmgr.DbTxnManager: Setting lock request transaction to txnid:5 for queryId=alex_20240424053105_03ff069e-4ba8-4ae6-a6c9-758bdef5c848
2024-04-24T05:31:05,628  INFO [main] ql.Driver: Operation DROPTABLE obtained 0 locks
2024-04-24T05:31:05,628  INFO [main] ql.Driver: Executing command(queryId=alex_20240424053105_03ff069e-4ba8-4ae6-a6c9-758bdef5c848): drop table if exists nonAcidOrcTbl2
2024-04-24T05:31:05,628  INFO [main] ql.Driver: Starting task [Stage-0:DDL] in serial mode
2024-04-24T05:31:05,628  INFO [main] HiveMetaStore.audit: ugi=alex	ip=unknown-ip-addr	cmd=get_table : tbl=hive.default.nonAcidOrcTbl2	
2024-04-24T05:31:05,633  INFO [main] metadata.Hive: Dumping metastore api call timing information for : execution phase
2024-04-24T05:31:05,633  INFO [main] metadata.Hive: Total time spent in each metastore function (ms): {isCompatibleWith_(Configuration)=0}
2024-04-24T05:31:05,633  INFO [main] ql.Driver: Completed executing command(queryId=alex_20240424053105_03ff069e-4ba8-4ae6-a6c9-758bdef5c848); Time taken: 0.005 seconds
2024-04-24T05:31:05,634  INFO [main] lockmgr.DbTxnManager: Stopped heartbeat for query: alex_20240424053105_03ff069e-4ba8-4ae6-a6c9-758bdef5c848
2024-04-24T05:31:05,639  INFO [main] txn.TxnHandler: Expected to move at least one record from txn_components to completed_txn_components when committing txn! txnid:5
2024-04-24T05:31:05,645  INFO [main] txn.TxnHandler: Removed transactions: ([5]) from MIN_HISTORY_LEVEL
2024-04-24T05:31:05,645  WARN [main] txn.CompactionTxnHandler: No compaction queue record found for Compaction type transaction commit. txnId:5
2024-04-24T05:31:05,645  INFO [main] ql.TxnCommandsBaseForTests: Running the query: drop table if exists nonAcidNonBucket
2024-04-24T05:31:05,646  INFO [main] ql.Driver: Compiling command(queryId=alex_20240424053105_000a8189-fac8-4c0b-9323-858995672e73): drop table if exists nonAcidNonBucket
2024-04-24T05:31:05,648  INFO [main] txn.TxnHandler: Added entries to MIN_HISTORY_LEVEL for current txns: ([6]) with min_open_txn: 1
2024-04-24T05:31:05,648  INFO [main] lockmgr.DbTxnManager: Opened txnid:6
2024-04-24T05:31:05,648  INFO [main] HiveMetaStore.audit: ugi=alex	ip=unknown-ip-addr	cmd=get_table : tbl=hive.default.nonAcidNonBucket	
2024-04-24T05:31:05,651  INFO [main] ql.Driver: Semantic Analysis Completed (retrial = false)
2024-04-24T05:31:05,651  INFO [main] ql.Driver: Created Hive schema: Schema(fieldSchemas:null, properties:null)
2024-04-24T05:31:05,652  INFO [main] metadata.Hive: Dumping metastore api call timing information for : compilation phase
2024-04-24T05:31:05,652  INFO [main] metadata.Hive: Total time spent in each metastore function (ms): {flushCache_()=0, getValidTxns_(long)=0, commitTxn_(CommitTxnRequest)=11, openTxn_(String, TxnType)=2, isCompatibleWith_(Configuration)=0}
2024-04-24T05:31:05,652  INFO [main] ql.Driver: Completed compiling command(queryId=alex_20240424053105_000a8189-fac8-4c0b-9323-858995672e73); Time taken: 0.006 seconds
2024-04-24T05:31:05,652  INFO [main] lockmgr.DbTxnManager: Setting lock request transaction to txnid:6 for queryId=alex_20240424053105_000a8189-fac8-4c0b-9323-858995672e73
2024-04-24T05:31:05,652  INFO [main] ql.Driver: Operation DROPTABLE obtained 0 locks
2024-04-24T05:31:05,652  INFO [main] ql.Driver: Executing command(queryId=alex_20240424053105_000a8189-fac8-4c0b-9323-858995672e73): drop table if exists nonAcidNonBucket
2024-04-24T05:31:05,652  INFO [main] ql.Driver: Starting task [Stage-0:DDL] in serial mode
2024-04-24T05:31:05,652  INFO [main] HiveMetaStore.audit: ugi=alex	ip=unknown-ip-addr	cmd=get_table : tbl=hive.default.nonAcidNonBucket	
2024-04-24T05:31:05,655  INFO [main] metadata.Hive: Dumping metastore api call timing information for : execution phase
2024-04-24T05:31:05,655  INFO [main] metadata.Hive: Total time spent in each metastore function (ms): {isCompatibleWith_(Configuration)=0}
2024-04-24T05:31:05,656  INFO [main] ql.Driver: Completed executing command(queryId=alex_20240424053105_000a8189-fac8-4c0b-9323-858995672e73); Time taken: 0.003 seconds
2024-04-24T05:31:05,656  INFO [main] lockmgr.DbTxnManager: Stopped heartbeat for query: alex_20240424053105_000a8189-fac8-4c0b-9323-858995672e73
2024-04-24T05:31:05,661  INFO [main] txn.TxnHandler: Expected to move at least one record from txn_components to completed_txn_components when committing txn! txnid:6
2024-04-24T05:31:05,666  INFO [main] txn.TxnHandler: Removed transactions: ([6]) from MIN_HISTORY_LEVEL
2024-04-24T05:31:05,666  WARN [main] txn.CompactionTxnHandler: No compaction queue record found for Compaction type transaction commit. txnId:6
2024-04-24T05:31:05,667  INFO [main] ql.TxnCommandsBaseForTests: Running the query: create table acidTbl(a int, b int) clustered by (a) into 2 buckets stored as orc TBLPROPERTIES ('transactional'='true')
2024-04-24T05:31:05,667  INFO [main] ql.Driver: Compiling command(queryId=alex_20240424053105_4446ffec-9433-4f45-8cf5-938264182d8c): create table acidTbl(a int, b int) clustered by (a) into 2 buckets stored as orc TBLPROPERTIES ('transactional'='true')
2024-04-24T05:31:05,670  INFO [main] txn.TxnHandler: Added entries to MIN_HISTORY_LEVEL for current txns: ([7]) with min_open_txn: 1
2024-04-24T05:31:05,670  INFO [main] lockmgr.DbTxnManager: Opened txnid:7
2024-04-24T05:31:05,677  INFO [main] HiveMetaStore.audit: ugi=alex	ip=unknown-ip-addr	cmd=get_database: default	
2024-04-24T05:31:05,679  INFO [main] ql.Driver: Semantic Analysis Completed (retrial = false)
2024-04-24T05:31:05,679  INFO [main] ql.Driver: Created Hive schema: Schema(fieldSchemas:null, properties:null)
2024-04-24T05:31:05,679  INFO [main] metadata.Hive: Dumping metastore api call timing information for : compilation phase
2024-04-24T05:31:05,679  INFO [main] metadata.Hive: Total time spent in each metastore function (ms): {getValidWriteIds_(List, String)=6, openTxn_(String, TxnType)=2, flushCache_()=0, getDatabase_(String)=2, getValidTxns_(long)=0, commitTxn_(CommitTxnRequest)=11, isCompatibleWith_(Configuration)=0}
2024-04-24T05:31:05,679  INFO [main] ql.Driver: Completed compiling command(queryId=alex_20240424053105_4446ffec-9433-4f45-8cf5-938264182d8c); Time taken: 0.012 seconds
2024-04-24T05:31:05,680  INFO [main] lockmgr.DbTxnManager: Setting lock request transaction to txnid:7 for queryId=alex_20240424053105_4446ffec-9433-4f45-8cf5-938264182d8c
2024-04-24T05:31:05,680  INFO [main] lockmgr.DbLockManager: Requesting lock for queryId=alex_20240424053105_4446ffec-9433-4f45-8cf5-938264182d8c
2024-04-24T05:31:05,702  INFO [main] lockmgr.DbLockManager: Response to queryId=alex_20240424053105_4446ffec-9433-4f45-8cf5-938264182d8c LockResponse(lockid:1, state:ACQUIRED)
2024-04-24T05:31:05,702  INFO [main] ql.Driver: Operation CREATETABLE obtained 1 locks
2024-04-24T05:31:05,702  INFO [main] ql.Driver: Executing command(queryId=alex_20240424053105_4446ffec-9433-4f45-8cf5-938264182d8c): create table acidTbl(a int, b int) clustered by (a) into 2 buckets stored as orc TBLPROPERTIES ('transactional'='true')
2024-04-24T05:31:05,702  INFO [main] ql.Driver: Starting task [Stage-0:DDL] in serial mode
2024-04-24T05:31:05,703  INFO [main] HiveMetaStore.audit: ugi=alex	ip=unknown-ip-addr	cmd=create_table_req: Table(tableName:acidTbl, dbName:default, owner:alex, createTime:1713961865, lastAccessTime:0, retention:0, sd:StorageDescriptor(cols:[FieldSchema(name:a, type:int, comment:null), FieldSchema(name:b, type:int, comment:null)], location:null, inputFormat:org.apache.hadoop.hive.ql.io.orc.OrcInputFormat, outputFormat:org.apache.hadoop.hive.ql.io.orc.OrcOutputFormat, compressed:false, numBuckets:2, serdeInfo:SerDeInfo(name:null, serializationLib:org.apache.hadoop.hive.ql.io.orc.OrcSerde, parameters:{serialization.format=1}), bucketCols:[a], sortCols:[], parameters:{}, skewedInfo:SkewedInfo(skewedColNames:[], skewedColValues:[], skewedColValueLocationMaps:{}), storedAsSubDirectories:false), partitionKeys:[], parameters:{numFilesErasureCoded=0, bucketing_version=2, numFiles=0, COLUMN_STATS_ACCURATE={"BASIC_STATS":"true","COLUMN_STATS":{"a":"true","b":"true"}}, numRows=0, totalSize=0, transactional=true, rawDataSize=0}, viewOriginalText:null, viewExpandedText:null, tableType:MANAGED_TABLE, privileges:PrincipalPrivilegeSet(userPrivileges:{alex=[PrivilegeGrantInfo(privilege:INSERT, createTime:-1, grantor:alex, grantorType:USER, grantOption:true), PrivilegeGrantInfo(privilege:SELECT, createTime:-1, grantor:alex, grantorType:USER, grantOption:true), PrivilegeGrantInfo(privilege:UPDATE, createTime:-1, grantor:alex, grantorType:USER, grantOption:true), PrivilegeGrantInfo(privilege:DELETE, createTime:-1, grantor:alex, grantorType:USER, grantOption:true)]}, groupPrivileges:null, rolePrivileges:null), temporary:false, catName:hive, ownerType:USER, writeId:0)	
2024-04-24T05:31:05,709  INFO [main] utils.FileUtils: Creating directory if it doesn't exist: file:/home/alex/Repositories/hive/ql/target/tmp/org.apache.hadoop.hive.ql.util.TestHiveStrictManagedMigration-1713961843282/warehouse/acidtbl
2024-04-24T05:31:05,741  INFO [main] metadata.Hive: Dumping metastore api call timing information for : execution phase
2024-04-24T05:31:05,742  INFO [main] metadata.Hive: Total time spent in each metastore function (ms): {isCompatibleWith_(Configuration)=0, createTable_(Table)=38}
2024-04-24T05:31:05,742  INFO [main] ql.Driver: Completed executing command(queryId=alex_20240424053105_4446ffec-9433-4f45-8cf5-938264182d8c); Time taken: 0.039 seconds
2024-04-24T05:31:05,742  INFO [main] lockmgr.DbTxnManager: Stopped heartbeat for query: alex_20240424053105_4446ffec-9433-4f45-8cf5-938264182d8c
2024-04-24T05:31:05,745  INFO [main] txn.TxnHandler: Expected to move at least one record from txn_components to completed_txn_components when committing txn! txnid:7
2024-04-24T05:31:05,750  INFO [main] txn.TxnHandler: Removed transactions: ([7]) from MIN_HISTORY_LEVEL
2024-04-24T05:31:05,750  WARN [main] txn.CompactionTxnHandler: No compaction queue record found for Compaction type transaction commit. txnId:7
2024-04-24T05:31:05,751  INFO [main] ql.TxnCommandsBaseForTests: Running the query: create table acidTblPart(a int, b int) partitioned by (p string) clustered by (a) into 2 buckets stored as orc TBLPROPERTIES ('transactional'='true')
2024-04-24T05:31:05,751  INFO [main] ql.Driver: Compiling command(queryId=alex_20240424053105_f756fa57-a867-420d-b24a-bb07a59efc5f): create table acidTblPart(a int, b int) partitioned by (p string) clustered by (a) into 2 buckets stored as orc TBLPROPERTIES ('transactional'='true')
2024-04-24T05:31:05,753  INFO [main] txn.TxnHandler: Added entries to MIN_HISTORY_LEVEL for current txns: ([8]) with min_open_txn: 1
2024-04-24T05:31:05,754  INFO [main] lockmgr.DbTxnManager: Opened txnid:8
2024-04-24T05:31:05,756  INFO [main] HiveMetaStore.audit: ugi=alex	ip=unknown-ip-addr	cmd=get_database: default	
2024-04-24T05:31:05,758  INFO [main] ql.Driver: Semantic Analysis Completed (retrial = false)
2024-04-24T05:31:05,758  INFO [main] ql.Driver: Created Hive schema: Schema(fieldSchemas:null, properties:null)
2024-04-24T05:31:05,758  INFO [main] metadata.Hive: Dumping metastore api call timing information for : compilation phase
2024-04-24T05:31:05,758  INFO [main] metadata.Hive: Total time spent in each metastore function (ms): {commitTxn_(CommitTxnRequest)=9, openTxn_(String, TxnType)=2, getValidTxns_(long)=0, getValidWriteIds_(List, String)=2, isCompatibleWith_(Configuration)=0, getDatabase_(String)=2, flushCache_()=0}
2024-04-24T05:31:05,758  INFO [main] ql.Driver: Completed compiling command(queryId=alex_20240424053105_f756fa57-a867-420d-b24a-bb07a59efc5f); Time taken: 0.007 seconds
2024-04-24T05:31:05,759  INFO [main] lockmgr.DbTxnManager: Setting lock request transaction to txnid:8 for queryId=alex_20240424053105_f756fa57-a867-420d-b24a-bb07a59efc5f
2024-04-24T05:31:05,759  INFO [main] lockmgr.DbLockManager: Requesting lock for queryId=alex_20240424053105_f756fa57-a867-420d-b24a-bb07a59efc5f
2024-04-24T05:31:05,772  INFO [main] lockmgr.DbLockManager: Response to queryId=alex_20240424053105_f756fa57-a867-420d-b24a-bb07a59efc5f LockResponse(lockid:2, state:ACQUIRED)
2024-04-24T05:31:05,772  INFO [main] ql.Driver: Operation CREATETABLE obtained 1 locks
2024-04-24T05:31:05,773  INFO [main] ql.Driver: Executing command(queryId=alex_20240424053105_f756fa57-a867-420d-b24a-bb07a59efc5f): create table acidTblPart(a int, b int) partitioned by (p string) clustered by (a) into 2 buckets stored as orc TBLPROPERTIES ('transactional'='true')
2024-04-24T05:31:05,773  INFO [main] ql.Driver: Starting task [Stage-0:DDL] in serial mode
2024-04-24T05:31:05,774  INFO [main] HiveMetaStore.audit: ugi=alex	ip=unknown-ip-addr	cmd=create_table_req: Table(tableName:acidTblPart, dbName:default, owner:alex, createTime:1713961865, lastAccessTime:0, retention:0, sd:StorageDescriptor(cols:[FieldSchema(name:a, type:int, comment:null), FieldSchema(name:b, type:int, comment:null)], location:null, inputFormat:org.apache.hadoop.hive.ql.io.orc.OrcInputFormat, outputFormat:org.apache.hadoop.hive.ql.io.orc.OrcOutputFormat, compressed:false, numBuckets:2, serdeInfo:SerDeInfo(name:null, serializationLib:org.apache.hadoop.hive.ql.io.orc.OrcSerde, parameters:{serialization.format=1}), bucketCols:[a], sortCols:[], parameters:{}, skewedInfo:SkewedInfo(skewedColNames:[], skewedColValues:[], skewedColValueLocationMaps:{}), storedAsSubDirectories:false), partitionKeys:[FieldSchema(name:p, type:string, comment:null)], parameters:{bucketing_version=2, transactional=true}, viewOriginalText:null, viewExpandedText:null, tableType:MANAGED_TABLE, privileges:PrincipalPrivilegeSet(userPrivileges:{alex=[PrivilegeGrantInfo(privilege:INSERT, createTime:-1, grantor:alex, grantorType:USER, grantOption:true), PrivilegeGrantInfo(privilege:SELECT, createTime:-1, grantor:alex, grantorType:USER, grantOption:true), PrivilegeGrantInfo(privilege:UPDATE, createTime:-1, grantor:alex, grantorType:USER, grantOption:true), PrivilegeGrantInfo(privilege:DELETE, createTime:-1, grantor:alex, grantorType:USER, grantOption:true)]}, groupPrivileges:null, rolePrivileges:null), temporary:false, catName:hive, ownerType:USER, writeId:0)	
2024-04-24T05:31:05,779  INFO [main] utils.FileUtils: Creating directory if it doesn't exist: file:/home/alex/Repositories/hive/ql/target/tmp/org.apache.hadoop.hive.ql.util.TestHiveStrictManagedMigration-1713961843282/warehouse/acidtblpart
2024-04-24T05:31:05,798  INFO [main] metadata.Hive: Dumping metastore api call timing information for : execution phase
2024-04-24T05:31:05,798  INFO [main] metadata.Hive: Total time spent in each metastore function (ms): {createTable_(Table)=25, isCompatibleWith_(Configuration)=0}
2024-04-24T05:31:05,799  INFO [main] ql.Driver: Completed executing command(queryId=alex_20240424053105_f756fa57-a867-420d-b24a-bb07a59efc5f); Time taken: 0.025 seconds
2024-04-24T05:31:05,799  INFO [main] lockmgr.DbTxnManager: Stopped heartbeat for query: alex_20240424053105_f756fa57-a867-420d-b24a-bb07a59efc5f
2024-04-24T05:31:05,802  INFO [main] txn.TxnHandler: Expected to move at least one record from txn_components to completed_txn_components when committing txn! txnid:8
2024-04-24T05:31:05,807  INFO [main] txn.TxnHandler: Removed transactions: ([8]) from MIN_HISTORY_LEVEL
2024-04-24T05:31:05,807  WARN [main] txn.CompactionTxnHandler: No compaction queue record found for Compaction type transaction commit. txnId:8
2024-04-24T05:31:05,808  INFO [main] ql.TxnCommandsBaseForTests: Running the query: create table nonAcidOrcTbl(a int, b int) clustered by (a) into 2 buckets stored as orc TBLPROPERTIES ('transactional'='false')
2024-04-24T05:31:05,808  INFO [main] ql.Driver: Compiling command(queryId=alex_20240424053105_f8804d19-2cbe-40d3-bcfb-337a8f7c879b): create table nonAcidOrcTbl(a int, b int) clustered by (a) into 2 buckets stored as orc TBLPROPERTIES ('transactional'='false')
2024-04-24T05:31:05,811  INFO [main] txn.TxnHandler: Added entries to MIN_HISTORY_LEVEL for current txns: ([9]) with min_open_txn: 1
2024-04-24T05:31:05,811  INFO [main] lockmgr.DbTxnManager: Opened txnid:9
2024-04-24T05:31:05,814  INFO [main] HiveMetaStore.audit: ugi=alex	ip=unknown-ip-addr	cmd=get_database: default	
2024-04-24T05:31:05,816  INFO [main] ql.Driver: Semantic Analysis Completed (retrial = false)
2024-04-24T05:31:05,816  INFO [main] ql.Driver: Created Hive schema: Schema(fieldSchemas:null, properties:null)
2024-04-24T05:31:05,816  INFO [main] metadata.Hive: Dumping metastore api call timing information for : compilation phase
2024-04-24T05:31:05,816  INFO [main] metadata.Hive: Total time spent in each metastore function (ms): {getValidWriteIds_(List, String)=2, getValidTxns_(long)=1, flushCache_()=0, commitTxn_(CommitTxnRequest)=9, getDatabase_(String)=2, openTxn_(String, TxnType)=2, isCompatibleWith_(Configuration)=0}
2024-04-24T05:31:05,816  INFO [main] ql.Driver: Completed compiling command(queryId=alex_20240424053105_f8804d19-2cbe-40d3-bcfb-337a8f7c879b); Time taken: 0.008 seconds
2024-04-24T05:31:05,816  INFO [main] lockmgr.DbTxnManager: Setting lock request transaction to txnid:9 for queryId=alex_20240424053105_f8804d19-2cbe-40d3-bcfb-337a8f7c879b
2024-04-24T05:31:05,817  INFO [main] lockmgr.DbLockManager: Requesting lock for queryId=alex_20240424053105_f8804d19-2cbe-40d3-bcfb-337a8f7c879b
2024-04-24T05:31:05,831  INFO [main] lockmgr.DbLockManager: Response to queryId=alex_20240424053105_f8804d19-2cbe-40d3-bcfb-337a8f7c879b LockResponse(lockid:3, state:ACQUIRED)
2024-04-24T05:31:05,831  INFO [main] ql.Driver: Operation CREATETABLE obtained 1 locks
2024-04-24T05:31:05,831  INFO [main] ql.Driver: Executing command(queryId=alex_20240424053105_f8804d19-2cbe-40d3-bcfb-337a8f7c879b): create table nonAcidOrcTbl(a int, b int) clustered by (a) into 2 buckets stored as orc TBLPROPERTIES ('transactional'='false')
2024-04-24T05:31:05,831  INFO [main] ql.Driver: Starting task [Stage-0:DDL] in serial mode
2024-04-24T05:31:05,832  INFO [main] HiveMetaStore.audit: ugi=alex	ip=unknown-ip-addr	cmd=create_table_req: Table(tableName:nonAcidOrcTbl, dbName:default, owner:alex, createTime:1713961865, lastAccessTime:0, retention:0, sd:StorageDescriptor(cols:[FieldSchema(name:a, type:int, comment:null), FieldSchema(name:b, type:int, comment:null)], location:null, inputFormat:org.apache.hadoop.hive.ql.io.orc.OrcInputFormat, outputFormat:org.apache.hadoop.hive.ql.io.orc.OrcOutputFormat, compressed:false, numBuckets:2, serdeInfo:SerDeInfo(name:null, serializationLib:org.apache.hadoop.hive.ql.io.orc.OrcSerde, parameters:{serialization.format=1}), bucketCols:[a], sortCols:[], parameters:{}, skewedInfo:SkewedInfo(skewedColNames:[], skewedColValues:[], skewedColValueLocationMaps:{}), storedAsSubDirectories:false), partitionKeys:[], parameters:{rawDataSize=0, numFiles=0, numRows=0, totalSize=0, numFilesErasureCoded=0, transactional=false, bucketing_version=2, COLUMN_STATS_ACCURATE={"BASIC_STATS":"true","COLUMN_STATS":{"a":"true","b":"true"}}}, viewOriginalText:null, viewExpandedText:null, tableType:MANAGED_TABLE, privileges:PrincipalPrivilegeSet(userPrivileges:{alex=[PrivilegeGrantInfo(privilege:INSERT, createTime:-1, grantor:alex, grantorType:USER, grantOption:true), PrivilegeGrantInfo(privilege:SELECT, createTime:-1, grantor:alex, grantorType:USER, grantOption:true), PrivilegeGrantInfo(privilege:UPDATE, createTime:-1, grantor:alex, grantorType:USER, grantOption:true), PrivilegeGrantInfo(privilege:DELETE, createTime:-1, grantor:alex, grantorType:USER, grantOption:true)]}, groupPrivileges:null, rolePrivileges:null), temporary:false, catName:hive, ownerType:USER)	
2024-04-24T05:31:05,835  WARN [main] metastore.HMSHandler: create_table_req got 
org.apache.hadoop.hive.metastore.api.MetaException: Table default.nonAcidOrcTbl failed strict managed table checks due to the following reason: Table is marked as a managed table but is not transactional.
	at org.apache.hadoop.hive.metastore.utils.HiveStrictManagedUtils.validateStrictManagedTableWithThrow(HiveStrictManagedUtils.java:33) ~[classes/:?]
	at org.apache.hadoop.hive.metastore.TransactionalValidationListener.handle(TransactionalValidationListener.java:92) ~[classes/:?]
	at org.apache.hadoop.hive.metastore.TransactionalValidationListener.onEvent(TransactionalValidationListener.java:72) ~[classes/:?]
	at org.apache.hadoop.hive.metastore.HMSHandler.firePreEvent(HMSHandler.java:4033) ~[classes/:?]
	at org.apache.hadoop.hive.metastore.HMSHandler.create_table_core(HMSHandler.java:2392) ~[classes/:?]
	at org.apache.hadoop.hive.metastore.HMSHandler.create_table_req(HMSHandler.java:2598) ~[classes/:?]
	at sun.reflect.GeneratedMethodAccessor103.invoke(Unknown Source) ~[?:?]
	at sun.reflect.DelegatingMethodAccessorImpl.invoke(DelegatingMethodAccessorImpl.java:43) ~[?:1.8.0_402]
	at java.lang.reflect.Method.invoke(Method.java:498) ~[?:1.8.0_402]
	at org.apache.hadoop.hive.metastore.RetryingHMSHandler.invokeInternal(RetryingHMSHandler.java:147) ~[classes/:?]
	at org.apache.hadoop.hive.metastore.RetryingHMSHandler.invoke(RetryingHMSHandler.java:108) ~[classes/:?]
	at com.sun.proxy.$Proxy39.create_table_req(Unknown Source) ~[?:?]
	at org.apache.hadoop.hive.metastore.HiveMetaStoreClient.create_table_with_environment_context(HiveMetaStoreClient.java:4408) ~[classes/:?]
	at org.apache.hadoop.hive.ql.metadata.SessionHiveMetaStoreClient.create_table_with_environment_context(SessionHiveMetaStoreClient.java:182) ~[classes/:?]
	at org.apache.hadoop.hive.metastore.HiveMetaStoreClient.createTable(HiveMetaStoreClient.java:1260) ~[classes/:?]
	at org.apache.hadoop.hive.metastore.HiveMetaStoreClient.createTable(HiveMetaStoreClient.java:1245) ~[classes/:?]
	at sun.reflect.GeneratedMethodAccessor102.invoke(Unknown Source) ~[?:?]
	at sun.reflect.DelegatingMethodAccessorImpl.invoke(DelegatingMethodAccessorImpl.java:43) ~[?:1.8.0_402]
	at java.lang.reflect.Method.invoke(Method.java:498) ~[?:1.8.0_402]
	at org.apache.hadoop.hive.metastore.RetryingMetaStoreClient.invoke(RetryingMetaStoreClient.java:218) ~[classes/:?]
	at com.sun.proxy.$Proxy40.createTable(Unknown Source) ~[?:?]
	at org.apache.hadoop.hive.ql.metadata.Hive.createTable(Hive.java:1290) ~[classes/:?]
	at org.apache.hadoop.hive.ql.metadata.Hive.createTable(Hive.java:1306) ~[classes/:?]
	at org.apache.hadoop.hive.ql.ddl.table.create.CreateTableOperation.createTableNonReplaceMode(CreateTableOperation.java:140) ~[classes/:?]
	at org.apache.hadoop.hive.ql.ddl.table.create.CreateTableOperation.execute(CreateTableOperation.java:98) ~[classes/:?]
	at org.apache.hadoop.hive.ql.ddl.DDLTask.execute(DDLTask.java:84) ~[classes/:?]
	at org.apache.hadoop.hive.ql.exec.Task.executeTask(Task.java:212) ~[classes/:?]
	at org.apache.hadoop.hive.ql.exec.TaskRunner.runSequential(TaskRunner.java:105) ~[classes/:?]
	at org.apache.hadoop.hive.ql.Executor.launchTask(Executor.java:361) ~[classes/:?]
	at org.apache.hadoop.hive.ql.Executor.launchTasks(Executor.java:334) ~[classes/:?]
	at org.apache.hadoop.hive.ql.Executor.runTasks(Executor.java:245) ~[classes/:?]
	at org.apache.hadoop.hive.ql.Executor.execute(Executor.java:108) ~[classes/:?]
	at org.apache.hadoop.hive.ql.Driver.execute(Driver.java:348) ~[classes/:?]
	at org.apache.hadoop.hive.ql.Driver.runInternal(Driver.java:204) ~[classes/:?]
	at org.apache.hadoop.hive.ql.Driver.run(Driver.java:153) ~[classes/:?]
	at org.apache.hadoop.hive.ql.Driver.run(Driver.java:140) ~[classes/:?]
	at org.apache.hadoop.hive.ql.TxnCommandsBaseForTests.runStatementOnDriver(TxnCommandsBaseForTests.java:245) ~[test-classes/:?]
	at org.apache.hadoop.hive.ql.TxnCommandsBaseForTests.setUpInternal(TxnCommandsBaseForTests.java:144) ~[test-classes/:?]
	at org.apache.hadoop.hive.ql.TxnCommandsBaseForTests.setUp(TxnCommandsBaseForTests.java:94) ~[test-classes/:?]
	at sun.reflect.NativeMethodAccessorImpl.invoke0(Native Method) ~[?:1.8.0_402]
	at sun.reflect.NativeMethodAccessorImpl.invoke(NativeMethodAccessorImpl.java:62) ~[?:1.8.0_402]
	at sun.reflect.DelegatingMethodAccessorImpl.invoke(DelegatingMethodAccessorImpl.java:43) ~[?:1.8.0_402]
	at java.lang.reflect.Method.invoke(Method.java:498) ~[?:1.8.0_402]
	at org.junit.runners.model.FrameworkMethod$1.runReflectiveCall(FrameworkMethod.java:59) ~[junit-4.13.jar:4.13]
	at org.junit.internal.runners.model.ReflectiveCallable.run(ReflectiveCallable.java:12) ~[junit-4.13.jar:4.13]
	at org.junit.runners.model.FrameworkMethod.invokeExplosively(FrameworkMethod.java:56) ~[junit-4.13.jar:4.13]
	at org.junit.internal.runners.statements.RunBefores.invokeMethod(RunBefores.java:33) ~[junit-4.13.jar:4.13]
	at org.junit.internal.runners.statements.RunBefores.evaluate(RunBefores.java:24) ~[junit-4.13.jar:4.13]
	at org.junit.internal.runners.statements.RunAfters.evaluate(RunAfters.java:27) ~[junit-4.13.jar:4.13]
	at org.junit.rules.TestWatcher$1.evaluate(TestWatcher.java:61) ~[junit-4.13.jar:4.13]
	at org.junit.runners.ParentRunner$3.evaluate(ParentRunner.java:306) ~[junit-4.13.jar:4.13]
	at org.junit.runners.BlockJUnit4ClassRunner$1.evaluate(BlockJUnit4ClassRunner.java:100) ~[junit-4.13.jar:4.13]
	at org.junit.runners.ParentRunner.runLeaf(ParentRunner.java:366) ~[junit-4.13.jar:4.13]
	at org.junit.runners.BlockJUnit4ClassRunner.runChild(BlockJUnit4ClassRunner.java:103) ~[junit-4.13.jar:4.13]
	at org.junit.runners.BlockJUnit4ClassRunner.runChild(BlockJUnit4ClassRunner.java:63) ~[junit-4.13.jar:4.13]
	at org.junit.runners.ParentRunner$4.run(ParentRunner.java:331) ~[junit-4.13.jar:4.13]
	at org.junit.runners.ParentRunner$1.schedule(ParentRunner.java:79) ~[junit-4.13.jar:4.13]
	at org.junit.runners.ParentRunner.runChildren(ParentRunner.java:329) ~[junit-4.13.jar:4.13]
	at org.junit.runners.ParentRunner.access$100(ParentRunner.java:66) ~[junit-4.13.jar:4.13]
	at org.junit.runners.ParentRunner$2.evaluate(ParentRunner.java:293) ~[junit-4.13.jar:4.13]
	at org.junit.runners.ParentRunner$3.evaluate(ParentRunner.java:306) ~[junit-4.13.jar:4.13]
	at org.junit.runners.ParentRunner.run(ParentRunner.java:413) ~[junit-4.13.jar:4.13]
	at org.junit.runner.JUnitCore.run(JUnitCore.java:137) ~[junit-4.13.jar:4.13]
	at org.junit.runner.JUnitCore.run(JUnitCore.java:115) ~[junit-4.13.jar:4.13]
	at org.junit.vintage.engine.execution.RunnerExecutor.execute(RunnerExecutor.java:43) ~[junit-vintage-engine-5.6.2.jar:5.6.2]
	at java.util.stream.ForEachOps$ForEachOp$OfRef.accept(ForEachOps.java:183) ~[?:1.8.0_402]
	at java.util.stream.ReferencePipeline$3$1.accept(ReferencePipeline.java:193) ~[?:1.8.0_402]
	at java.util.Iterator.forEachRemaining(Iterator.java:116) ~[?:1.8.0_402]
	at java.util.Spliterators$IteratorSpliterator.forEachRemaining(Spliterators.java:1801) ~[?:1.8.0_402]
	at java.util.stream.AbstractPipeline.copyInto(AbstractPipeline.java:482) ~[?:1.8.0_402]
	at java.util.stream.AbstractPipeline.wrapAndCopyInto(AbstractPipeline.java:472) ~[?:1.8.0_402]
	at java.util.stream.ForEachOps$ForEachOp.evaluateSequential(ForEachOps.java:150) ~[?:1.8.0_402]
	at java.util.stream.ForEachOps$ForEachOp$OfRef.evaluateSequential(ForEachOps.java:173) ~[?:1.8.0_402]
	at java.util.stream.AbstractPipeline.evaluate(AbstractPipeline.java:234) ~[?:1.8.0_402]
	at java.util.stream.ReferencePipeline.forEach(ReferencePipeline.java:485) ~[?:1.8.0_402]
	at org.junit.vintage.engine.VintageTestEngine.executeAllChildren(VintageTestEngine.java:82) ~[junit-vintage-engine-5.6.2.jar:5.6.2]
	at org.junit.vintage.engine.VintageTestEngine.execute(VintageTestEngine.java:73) ~[junit-vintage-engine-5.6.2.jar:5.6.2]
	at org.junit.platform.launcher.core.DefaultLauncher.execute(DefaultLauncher.java:248) ~[junit-platform-launcher-1.6.2.jar:1.6.2]
	at org.junit.platform.launcher.core.DefaultLauncher.lambda$execute$5(DefaultLauncher.java:211) ~[junit-platform-launcher-1.6.2.jar:1.6.2]
	at org.junit.platform.launcher.core.DefaultLauncher.withInterceptedStreams(DefaultLauncher.java:226) [junit-platform-launcher-1.6.2.jar:1.6.2]
	at org.junit.platform.launcher.core.DefaultLauncher.execute(DefaultLauncher.java:199) [junit-platform-launcher-1.6.2.jar:1.6.2]
	at org.junit.platform.launcher.core.DefaultLauncher.execute(DefaultLauncher.java:132) [junit-platform-launcher-1.6.2.jar:1.6.2]
	at org.apache.maven.surefire.junitplatform.JUnitPlatformProvider.invokeAllTests(JUnitPlatformProvider.java:154) [surefire-junit-platform-3.0.0-M4.jar:3.0.0-M4]
	at org.apache.maven.surefire.junitplatform.JUnitPlatformProvider.invoke(JUnitPlatformProvider.java:123) [surefire-junit-platform-3.0.0-M4.jar:3.0.0-M4]
	at org.apache.maven.surefire.booter.ForkedBooter.runSuitesInProcess(ForkedBooter.java:377) [surefire-booter-3.0.0-M4.jar:3.0.0-M4]
	at org.apache.maven.surefire.booter.ForkedBooter.execute(ForkedBooter.java:138) [surefire-booter-3.0.0-M4.jar:3.0.0-M4]
	at org.apache.maven.surefire.booter.ForkedBooter.run(ForkedBooter.java:465) [surefire-booter-3.0.0-M4.jar:3.0.0-M4]
	at org.apache.maven.surefire.booter.ForkedBooter.main(ForkedBooter.java:451) [surefire-booter-3.0.0-M4.jar:3.0.0-M4]
2024-04-24T05:31:05,838 ERROR [main] metastore.RetryingHMSHandler: MetaException(message:Table default.nonAcidOrcTbl failed strict managed table checks due to the following reason: Table is marked as a managed table but is not transactional.)
	at org.apache.hadoop.hive.metastore.utils.HiveStrictManagedUtils.validateStrictManagedTableWithThrow(HiveStrictManagedUtils.java:33)
	at org.apache.hadoop.hive.metastore.TransactionalValidationListener.handle(TransactionalValidationListener.java:92)
	at org.apache.hadoop.hive.metastore.TransactionalValidationListener.onEvent(TransactionalValidationListener.java:72)
	at org.apache.hadoop.hive.metastore.HMSHandler.firePreEvent(HMSHandler.java:4033)
	at org.apache.hadoop.hive.metastore.HMSHandler.create_table_core(HMSHandler.java:2392)
	at org.apache.hadoop.hive.metastore.HMSHandler.create_table_req(HMSHandler.java:2598)
	at sun.reflect.GeneratedMethodAccessor103.invoke(Unknown Source)
	at sun.reflect.DelegatingMethodAccessorImpl.invoke(DelegatingMethodAccessorImpl.java:43)
	at java.lang.reflect.Method.invoke(Method.java:498)
	at org.apache.hadoop.hive.metastore.RetryingHMSHandler.invokeInternal(RetryingHMSHandler.java:147)
	at org.apache.hadoop.hive.metastore.RetryingHMSHandler.invoke(RetryingHMSHandler.java:108)
	at com.sun.proxy.$Proxy39.create_table_req(Unknown Source)
	at org.apache.hadoop.hive.metastore.HiveMetaStoreClient.create_table_with_environment_context(HiveMetaStoreClient.java:4408)
	at org.apache.hadoop.hive.ql.metadata.SessionHiveMetaStoreClient.create_table_with_environment_context(SessionHiveMetaStoreClient.java:182)
	at org.apache.hadoop.hive.metastore.HiveMetaStoreClient.createTable(HiveMetaStoreClient.java:1260)
	at org.apache.hadoop.hive.metastore.HiveMetaStoreClient.createTable(HiveMetaStoreClient.java:1245)
	at sun.reflect.GeneratedMethodAccessor102.invoke(Unknown Source)
	at sun.reflect.DelegatingMethodAccessorImpl.invoke(DelegatingMethodAccessorImpl.java:43)
	at java.lang.reflect.Method.invoke(Method.java:498)
	at org.apache.hadoop.hive.metastore.RetryingMetaStoreClient.invoke(RetryingMetaStoreClient.java:218)
	at com.sun.proxy.$Proxy40.createTable(Unknown Source)
	at org.apache.hadoop.hive.ql.metadata.Hive.createTable(Hive.java:1290)
	at org.apache.hadoop.hive.ql.metadata.Hive.createTable(Hive.java:1306)
	at org.apache.hadoop.hive.ql.ddl.table.create.CreateTableOperation.createTableNonReplaceMode(CreateTableOperation.java:140)
	at org.apache.hadoop.hive.ql.ddl.table.create.CreateTableOperation.execute(CreateTableOperation.java:98)
	at org.apache.hadoop.hive.ql.ddl.DDLTask.execute(DDLTask.java:84)
	at org.apache.hadoop.hive.ql.exec.Task.executeTask(Task.java:212)
	at org.apache.hadoop.hive.ql.exec.TaskRunner.runSequential(TaskRunner.java:105)
	at org.apache.hadoop.hive.ql.Executor.launchTask(Executor.java:361)
	at org.apache.hadoop.hive.ql.Executor.launchTasks(Executor.java:334)
	at org.apache.hadoop.hive.ql.Executor.runTasks(Executor.java:245)
	at org.apache.hadoop.hive.ql.Executor.execute(Executor.java:108)
	at org.apache.hadoop.hive.ql.Driver.execute(Driver.java:348)
	at org.apache.hadoop.hive.ql.Driver.runInternal(Driver.java:204)
	at org.apache.hadoop.hive.ql.Driver.run(Driver.java:153)
	at org.apache.hadoop.hive.ql.Driver.run(Driver.java:140)
	at org.apache.hadoop.hive.ql.TxnCommandsBaseForTests.runStatementOnDriver(TxnCommandsBaseForTests.java:245)
	at org.apache.hadoop.hive.ql.TxnCommandsBaseForTests.setUpInternal(TxnCommandsBaseForTests.java:144)
	at org.apache.hadoop.hive.ql.TxnCommandsBaseForTests.setUp(TxnCommandsBaseForTests.java:94)
	at sun.reflect.NativeMethodAccessorImpl.invoke0(Native Method)
	at sun.reflect.NativeMethodAccessorImpl.invoke(NativeMethodAccessorImpl.java:62)
	at sun.reflect.DelegatingMethodAccessorImpl.invoke(DelegatingMethodAccessorImpl.java:43)
	at java.lang.reflect.Method.invoke(Method.java:498)
	at org.junit.runners.model.FrameworkMethod$1.runReflectiveCall(FrameworkMethod.java:59)
	at org.junit.internal.runners.model.ReflectiveCallable.run(ReflectiveCallable.java:12)
	at org.junit.runners.model.FrameworkMethod.invokeExplosively(FrameworkMethod.java:56)
	at org.junit.internal.runners.statements.RunBefores.invokeMethod(RunBefores.java:33)
	at org.junit.internal.runners.statements.RunBefores.evaluate(RunBefores.java:24)
	at org.junit.internal.runners.statements.RunAfters.evaluate(RunAfters.java:27)
	at org.junit.rules.TestWatcher$1.evaluate(TestWatcher.java:61)
	at org.junit.runners.ParentRunner$3.evaluate(ParentRunner.java:306)
	at org.junit.runners.BlockJUnit4ClassRunner$1.evaluate(BlockJUnit4ClassRunner.java:100)
	at org.junit.runners.ParentRunner.runLeaf(ParentRunner.java:366)
	at org.junit.runners.BlockJUnit4ClassRunner.runChild(BlockJUnit4ClassRunner.java:103)
	at org.junit.runners.BlockJUnit4ClassRunner.runChild(BlockJUnit4ClassRunner.java:63)
	at org.junit.runners.ParentRunner$4.run(ParentRunner.java:331)
	at org.junit.runners.ParentRunner$1.schedule(ParentRunner.java:79)
	at org.junit.runners.ParentRunner.runChildren(ParentRunner.java:329)
	at org.junit.runners.ParentRunner.access$100(ParentRunner.java:66)
	at org.junit.runners.ParentRunner$2.evaluate(ParentRunner.java:293)
	at org.junit.runners.ParentRunner$3.evaluate(ParentRunner.java:306)
	at org.junit.runners.ParentRunner.run(ParentRunner.java:413)
	at org.junit.runner.JUnitCore.run(JUnitCore.java:137)
	at org.junit.runner.JUnitCore.run(JUnitCore.java:115)
	at org.junit.vintage.engine.execution.RunnerExecutor.execute(RunnerExecutor.java:43)
	at java.util.stream.ForEachOps$ForEachOp$OfRef.accept(ForEachOps.java:183)
	at java.util.stream.ReferencePipeline$3$1.accept(ReferencePipeline.java:193)
	at java.util.Iterator.forEachRemaining(Iterator.java:116)
	at java.util.Spliterators$IteratorSpliterator.forEachRemaining(Spliterators.java:1801)
	at java.util.stream.AbstractPipeline.copyInto(AbstractPipeline.java:482)
	at java.util.stream.AbstractPipeline.wrapAndCopyInto(AbstractPipeline.java:472)
	at java.util.stream.ForEachOps$ForEachOp.evaluateSequential(ForEachOps.java:150)
	at java.util.stream.ForEachOps$ForEachOp$OfRef.evaluateSequential(ForEachOps.java:173)
	at java.util.stream.AbstractPipeline.evaluate(AbstractPipeline.java:234)
	at java.util.stream.ReferencePipeline.forEach(ReferencePipeline.java:485)
	at org.junit.vintage.engine.VintageTestEngine.executeAllChildren(VintageTestEngine.java:82)
	at org.junit.vintage.engine.VintageTestEngine.execute(VintageTestEngine.java:73)
	at org.junit.platform.launcher.core.DefaultLauncher.execute(DefaultLauncher.java:248)
	at org.junit.platform.launcher.core.DefaultLauncher.lambda$execute$5(DefaultLauncher.java:211)
	at org.junit.platform.launcher.core.DefaultLauncher.withInterceptedStreams(DefaultLauncher.java:226)
	at org.junit.platform.launcher.core.DefaultLauncher.execute(DefaultLauncher.java:199)
	at org.junit.platform.launcher.core.DefaultLauncher.execute(DefaultLauncher.java:132)
	at org.apache.maven.surefire.junitplatform.JUnitPlatformProvider.invokeAllTests(JUnitPlatformProvider.java:154)
	at org.apache.maven.surefire.junitplatform.JUnitPlatformProvider.invoke(JUnitPlatformProvider.java:123)
	at org.apache.maven.surefire.booter.ForkedBooter.runSuitesInProcess(ForkedBooter.java:377)
	at org.apache.maven.surefire.booter.ForkedBooter.execute(ForkedBooter.java:138)
	at org.apache.maven.surefire.booter.ForkedBooter.run(ForkedBooter.java:465)
	at org.apache.maven.surefire.booter.ForkedBooter.main(ForkedBooter.java:451)

2024-04-24T05:31:05,838 ERROR [main] exec.Task: Failed
org.apache.hadoop.hive.ql.metadata.HiveException: MetaException(message:Table default.nonAcidOrcTbl failed strict managed table checks due to the following reason: Table is marked as a managed table but is not transactional.)
	at org.apache.hadoop.hive.ql.metadata.Hive.createTable(Hive.java:1301) ~[classes/:?]
	at org.apache.hadoop.hive.ql.metadata.Hive.createTable(Hive.java:1306) ~[classes/:?]
	at org.apache.hadoop.hive.ql.ddl.table.create.CreateTableOperation.createTableNonReplaceMode(CreateTableOperation.java:140) ~[classes/:?]
	at org.apache.hadoop.hive.ql.ddl.table.create.CreateTableOperation.execute(CreateTableOperation.java:98) ~[classes/:?]
	at org.apache.hadoop.hive.ql.ddl.DDLTask.execute(DDLTask.java:84) ~[classes/:?]
	at org.apache.hadoop.hive.ql.exec.Task.executeTask(Task.java:212) ~[classes/:?]
	at org.apache.hadoop.hive.ql.exec.TaskRunner.runSequential(TaskRunner.java:105) ~[classes/:?]
	at org.apache.hadoop.hive.ql.Executor.launchTask(Executor.java:361) ~[classes/:?]
	at org.apache.hadoop.hive.ql.Executor.launchTasks(Executor.java:334) ~[classes/:?]
	at org.apache.hadoop.hive.ql.Executor.runTasks(Executor.java:245) ~[classes/:?]
	at org.apache.hadoop.hive.ql.Executor.execute(Executor.java:108) ~[classes/:?]
	at org.apache.hadoop.hive.ql.Driver.execute(Driver.java:348) ~[classes/:?]
	at org.apache.hadoop.hive.ql.Driver.runInternal(Driver.java:204) ~[classes/:?]
	at org.apache.hadoop.hive.ql.Driver.run(Driver.java:153) ~[classes/:?]
	at org.apache.hadoop.hive.ql.Driver.run(Driver.java:140) ~[classes/:?]
	at org.apache.hadoop.hive.ql.TxnCommandsBaseForTests.runStatementOnDriver(TxnCommandsBaseForTests.java:245) ~[test-classes/:?]
	at org.apache.hadoop.hive.ql.TxnCommandsBaseForTests.setUpInternal(TxnCommandsBaseForTests.java:144) ~[test-classes/:?]
	at org.apache.hadoop.hive.ql.TxnCommandsBaseForTests.setUp(TxnCommandsBaseForTests.java:94) ~[test-classes/:?]
	at sun.reflect.NativeMethodAccessorImpl.invoke0(Native Method) ~[?:1.8.0_402]
	at sun.reflect.NativeMethodAccessorImpl.invoke(NativeMethodAccessorImpl.java:62) ~[?:1.8.0_402]
	at sun.reflect.DelegatingMethodAccessorImpl.invoke(DelegatingMethodAccessorImpl.java:43) ~[?:1.8.0_402]
	at java.lang.reflect.Method.invoke(Method.java:498) ~[?:1.8.0_402]
	at org.junit.runners.model.FrameworkMethod$1.runReflectiveCall(FrameworkMethod.java:59) ~[junit-4.13.jar:4.13]
	at org.junit.internal.runners.model.ReflectiveCallable.run(ReflectiveCallable.java:12) ~[junit-4.13.jar:4.13]
	at org.junit.runners.model.FrameworkMethod.invokeExplosively(FrameworkMethod.java:56) ~[junit-4.13.jar:4.13]
	at org.junit.internal.runners.statements.RunBefores.invokeMethod(RunBefores.java:33) ~[junit-4.13.jar:4.13]
	at org.junit.internal.runners.statements.RunBefores.evaluate(RunBefores.java:24) ~[junit-4.13.jar:4.13]
	at org.junit.internal.runners.statements.RunAfters.evaluate(RunAfters.java:27) ~[junit-4.13.jar:4.13]
	at org.junit.rules.TestWatcher$1.evaluate(TestWatcher.java:61) ~[junit-4.13.jar:4.13]
	at org.junit.runners.ParentRunner$3.evaluate(ParentRunner.java:306) ~[junit-4.13.jar:4.13]
	at org.junit.runners.BlockJUnit4ClassRunner$1.evaluate(BlockJUnit4ClassRunner.java:100) ~[junit-4.13.jar:4.13]
	at org.junit.runners.ParentRunner.runLeaf(ParentRunner.java:366) ~[junit-4.13.jar:4.13]
	at org.junit.runners.BlockJUnit4ClassRunner.runChild(BlockJUnit4ClassRunner.java:103) ~[junit-4.13.jar:4.13]
	at org.junit.runners.BlockJUnit4ClassRunner.runChild(BlockJUnit4ClassRunner.java:63) ~[junit-4.13.jar:4.13]
	at org.junit.runners.ParentRunner$4.run(ParentRunner.java:331) ~[junit-4.13.jar:4.13]
	at org.junit.runners.ParentRunner$1.schedule(ParentRunner.java:79) ~[junit-4.13.jar:4.13]
	at org.junit.runners.ParentRunner.runChildren(ParentRunner.java:329) ~[junit-4.13.jar:4.13]
	at org.junit.runners.ParentRunner.access$100(ParentRunner.java:66) ~[junit-4.13.jar:4.13]
	at org.junit.runners.ParentRunner$2.evaluate(ParentRunner.java:293) ~[junit-4.13.jar:4.13]
	at org.junit.runners.ParentRunner$3.evaluate(ParentRunner.java:306) ~[junit-4.13.jar:4.13]
	at org.junit.runners.ParentRunner.run(ParentRunner.java:413) ~[junit-4.13.jar:4.13]
	at org.junit.runner.JUnitCore.run(JUnitCore.java:137) ~[junit-4.13.jar:4.13]
	at org.junit.runner.JUnitCore.run(JUnitCore.java:115) ~[junit-4.13.jar:4.13]
	at org.junit.vintage.engine.execution.RunnerExecutor.execute(RunnerExecutor.java:43) ~[junit-vintage-engine-5.6.2.jar:5.6.2]
	at java.util.stream.ForEachOps$ForEachOp$OfRef.accept(ForEachOps.java:183) ~[?:1.8.0_402]
	at java.util.stream.ReferencePipeline$3$1.accept(ReferencePipeline.java:193) ~[?:1.8.0_402]
	at java.util.Iterator.forEachRemaining(Iterator.java:116) ~[?:1.8.0_402]
	at java.util.Spliterators$IteratorSpliterator.forEachRemaining(Spliterators.java:1801) ~[?:1.8.0_402]
	at java.util.stream.AbstractPipeline.copyInto(AbstractPipeline.java:482) ~[?:1.8.0_402]
	at java.util.stream.AbstractPipeline.wrapAndCopyInto(AbstractPipeline.java:472) ~[?:1.8.0_402]
	at java.util.stream.ForEachOps$ForEachOp.evaluateSequential(ForEachOps.java:150) ~[?:1.8.0_402]
	at java.util.stream.ForEachOps$ForEachOp$OfRef.evaluateSequential(ForEachOps.java:173) ~[?:1.8.0_402]
	at java.util.stream.AbstractPipeline.evaluate(AbstractPipeline.java:234) ~[?:1.8.0_402]
	at java.util.stream.ReferencePipeline.forEach(ReferencePipeline.java:485) ~[?:1.8.0_402]
	at org.junit.vintage.engine.VintageTestEngine.executeAllChildren(VintageTestEngine.java:82) ~[junit-vintage-engine-5.6.2.jar:5.6.2]
	at org.junit.vintage.engine.VintageTestEngine.execute(VintageTestEngine.java:73) ~[junit-vintage-engine-5.6.2.jar:5.6.2]
	at org.junit.platform.launcher.core.DefaultLauncher.execute(DefaultLauncher.java:248) ~[junit-platform-launcher-1.6.2.jar:1.6.2]
	at org.junit.platform.launcher.core.DefaultLauncher.lambda$execute$5(DefaultLauncher.java:211) ~[junit-platform-launcher-1.6.2.jar:1.6.2]
	at org.junit.platform.launcher.core.DefaultLauncher.withInterceptedStreams(DefaultLauncher.java:226) [junit-platform-launcher-1.6.2.jar:1.6.2]
	at org.junit.platform.launcher.core.DefaultLauncher.execute(DefaultLauncher.java:199) [junit-platform-launcher-1.6.2.jar:1.6.2]
	at org.junit.platform.launcher.core.DefaultLauncher.execute(DefaultLauncher.java:132) [junit-platform-launcher-1.6.2.jar:1.6.2]
	at org.apache.maven.surefire.junitplatform.JUnitPlatformProvider.invokeAllTests(JUnitPlatformProvider.java:154) [surefire-junit-platform-3.0.0-M4.jar:3.0.0-M4]
	at org.apache.maven.surefire.junitplatform.JUnitPlatformProvider.invoke(JUnitPlatformProvider.java:123) [surefire-junit-platform-3.0.0-M4.jar:3.0.0-M4]
	at org.apache.maven.surefire.booter.ForkedBooter.runSuitesInProcess(ForkedBooter.java:377) [surefire-booter-3.0.0-M4.jar:3.0.0-M4]
	at org.apache.maven.surefire.booter.ForkedBooter.execute(ForkedBooter.java:138) [surefire-booter-3.0.0-M4.jar:3.0.0-M4]
	at org.apache.maven.surefire.booter.ForkedBooter.run(ForkedBooter.java:465) [surefire-booter-3.0.0-M4.jar:3.0.0-M4]
	at org.apache.maven.surefire.booter.ForkedBooter.main(ForkedBooter.java:451) [surefire-booter-3.0.0-M4.jar:3.0.0-M4]
Caused by: org.apache.hadoop.hive.metastore.api.MetaException: Table default.nonAcidOrcTbl failed strict managed table checks due to the following reason: Table is marked as a managed table but is not transactional.
	at org.apache.hadoop.hive.metastore.utils.HiveStrictManagedUtils.validateStrictManagedTableWithThrow(HiveStrictManagedUtils.java:33) ~[classes/:?]
	at org.apache.hadoop.hive.metastore.TransactionalValidationListener.handle(TransactionalValidationListener.java:92) ~[classes/:?]
	at org.apache.hadoop.hive.metastore.TransactionalValidationListener.onEvent(TransactionalValidationListener.java:72) ~[classes/:?]
	at org.apache.hadoop.hive.metastore.HMSHandler.firePreEvent(HMSHandler.java:4033) ~[classes/:?]
	at org.apache.hadoop.hive.metastore.HMSHandler.create_table_core(HMSHandler.java:2392) ~[classes/:?]
	at org.apache.hadoop.hive.metastore.HMSHandler.create_table_req(HMSHandler.java:2598) ~[classes/:?]
	at sun.reflect.GeneratedMethodAccessor103.invoke(Unknown Source) ~[?:?]
	at sun.reflect.DelegatingMethodAccessorImpl.invoke(DelegatingMethodAccessorImpl.java:43) ~[?:1.8.0_402]
	at java.lang.reflect.Method.invoke(Method.java:498) ~[?:1.8.0_402]
	at org.apache.hadoop.hive.metastore.RetryingHMSHandler.invokeInternal(RetryingHMSHandler.java:147) ~[classes/:?]
	at org.apache.hadoop.hive.metastore.RetryingHMSHandler.invoke(RetryingHMSHandler.java:108) ~[classes/:?]
	at com.sun.proxy.$Proxy39.create_table_req(Unknown Source) ~[?:?]
	at org.apache.hadoop.hive.metastore.HiveMetaStoreClient.create_table_with_environment_context(HiveMetaStoreClient.java:4408) ~[classes/:?]
	at org.apache.hadoop.hive.ql.metadata.SessionHiveMetaStoreClient.create_table_with_environment_context(SessionHiveMetaStoreClient.java:182) ~[classes/:?]
	at org.apache.hadoop.hive.metastore.HiveMetaStoreClient.createTable(HiveMetaStoreClient.java:1260) ~[classes/:?]
	at org.apache.hadoop.hive.metastore.HiveMetaStoreClient.createTable(HiveMetaStoreClient.java:1245) ~[classes/:?]
	at sun.reflect.GeneratedMethodAccessor102.invoke(Unknown Source) ~[?:?]
	at sun.reflect.DelegatingMethodAccessorImpl.invoke(DelegatingMethodAccessorImpl.java:43) ~[?:1.8.0_402]
	at java.lang.reflect.Method.invoke(Method.java:498) ~[?:1.8.0_402]
	at org.apache.hadoop.hive.metastore.RetryingMetaStoreClient.invoke(RetryingMetaStoreClient.java:218) ~[classes/:?]
	at com.sun.proxy.$Proxy40.createTable(Unknown Source) ~[?:?]
	at org.apache.hadoop.hive.ql.metadata.Hive.createTable(Hive.java:1290) ~[classes/:?]
	... 66 more
2024-04-24T05:31:05,841 ERROR [main] exec.Task: DDLTask failed, DDL Operation: class org.apache.hadoop.hive.ql.ddl.table.create.CreateTableOperation
org.apache.hadoop.hive.ql.metadata.HiveException: MetaException(message:Table default.nonAcidOrcTbl failed strict managed table checks due to the following reason: Table is marked as a managed table but is not transactional.)
	at org.apache.hadoop.hive.ql.metadata.Hive.createTable(Hive.java:1301) ~[classes/:?]
	at org.apache.hadoop.hive.ql.metadata.Hive.createTable(Hive.java:1306) ~[classes/:?]
	at org.apache.hadoop.hive.ql.ddl.table.create.CreateTableOperation.createTableNonReplaceMode(CreateTableOperation.java:140) ~[classes/:?]
	at org.apache.hadoop.hive.ql.ddl.table.create.CreateTableOperation.execute(CreateTableOperation.java:98) ~[classes/:?]
	at org.apache.hadoop.hive.ql.ddl.DDLTask.execute(DDLTask.java:84) ~[classes/:?]
	at org.apache.hadoop.hive.ql.exec.Task.executeTask(Task.java:212) ~[classes/:?]
	at org.apache.hadoop.hive.ql.exec.TaskRunner.runSequential(TaskRunner.java:105) ~[classes/:?]
	at org.apache.hadoop.hive.ql.Executor.launchTask(Executor.java:361) ~[classes/:?]
	at org.apache.hadoop.hive.ql.Executor.launchTasks(Executor.java:334) ~[classes/:?]
	at org.apache.hadoop.hive.ql.Executor.runTasks(Executor.java:245) ~[classes/:?]
	at org.apache.hadoop.hive.ql.Executor.execute(Executor.java:108) ~[classes/:?]
	at org.apache.hadoop.hive.ql.Driver.execute(Driver.java:348) ~[classes/:?]
	at org.apache.hadoop.hive.ql.Driver.runInternal(Driver.java:204) ~[classes/:?]
	at org.apache.hadoop.hive.ql.Driver.run(Driver.java:153) ~[classes/:?]
	at org.apache.hadoop.hive.ql.Driver.run(Driver.java:140) ~[classes/:?]
	at org.apache.hadoop.hive.ql.TxnCommandsBaseForTests.runStatementOnDriver(TxnCommandsBaseForTests.java:245) ~[test-classes/:?]
	at org.apache.hadoop.hive.ql.TxnCommandsBaseForTests.setUpInternal(TxnCommandsBaseForTests.java:144) ~[test-classes/:?]
	at org.apache.hadoop.hive.ql.TxnCommandsBaseForTests.setUp(TxnCommandsBaseForTests.java:94) ~[test-classes/:?]
	at sun.reflect.NativeMethodAccessorImpl.invoke0(Native Method) ~[?:1.8.0_402]
	at sun.reflect.NativeMethodAccessorImpl.invoke(NativeMethodAccessorImpl.java:62) ~[?:1.8.0_402]
	at sun.reflect.DelegatingMethodAccessorImpl.invoke(DelegatingMethodAccessorImpl.java:43) ~[?:1.8.0_402]
	at java.lang.reflect.Method.invoke(Method.java:498) ~[?:1.8.0_402]
	at org.junit.runners.model.FrameworkMethod$1.runReflectiveCall(FrameworkMethod.java:59) ~[junit-4.13.jar:4.13]
	at org.junit.internal.runners.model.ReflectiveCallable.run(ReflectiveCallable.java:12) ~[junit-4.13.jar:4.13]
	at org.junit.runners.model.FrameworkMethod.invokeExplosively(FrameworkMethod.java:56) ~[junit-4.13.jar:4.13]
	at org.junit.internal.runners.statements.RunBefores.invokeMethod(RunBefores.java:33) ~[junit-4.13.jar:4.13]
	at org.junit.internal.runners.statements.RunBefores.evaluate(RunBefores.java:24) ~[junit-4.13.jar:4.13]
	at org.junit.internal.runners.statements.RunAfters.evaluate(RunAfters.java:27) ~[junit-4.13.jar:4.13]
	at org.junit.rules.TestWatcher$1.evaluate(TestWatcher.java:61) ~[junit-4.13.jar:4.13]
	at org.junit.runners.ParentRunner$3.evaluate(ParentRunner.java:306) ~[junit-4.13.jar:4.13]
	at org.junit.runners.BlockJUnit4ClassRunner$1.evaluate(BlockJUnit4ClassRunner.java:100) ~[junit-4.13.jar:4.13]
	at org.junit.runners.ParentRunner.runLeaf(ParentRunner.java:366) ~[junit-4.13.jar:4.13]
	at org.junit.runners.BlockJUnit4ClassRunner.runChild(BlockJUnit4ClassRunner.java:103) ~[junit-4.13.jar:4.13]
	at org.junit.runners.BlockJUnit4ClassRunner.runChild(BlockJUnit4ClassRunner.java:63) ~[junit-4.13.jar:4.13]
	at org.junit.runners.ParentRunner$4.run(ParentRunner.java:331) ~[junit-4.13.jar:4.13]
	at org.junit.runners.ParentRunner$1.schedule(ParentRunner.java:79) ~[junit-4.13.jar:4.13]
	at org.junit.runners.ParentRunner.runChildren(ParentRunner.java:329) ~[junit-4.13.jar:4.13]
	at org.junit.runners.ParentRunner.access$100(ParentRunner.java:66) ~[junit-4.13.jar:4.13]
	at org.junit.runners.ParentRunner$2.evaluate(ParentRunner.java:293) ~[junit-4.13.jar:4.13]
	at org.junit.runners.ParentRunner$3.evaluate(ParentRunner.java:306) ~[junit-4.13.jar:4.13]
	at org.junit.runners.ParentRunner.run(ParentRunner.java:413) ~[junit-4.13.jar:4.13]
	at org.junit.runner.JUnitCore.run(JUnitCore.java:137) ~[junit-4.13.jar:4.13]
	at org.junit.runner.JUnitCore.run(JUnitCore.java:115) ~[junit-4.13.jar:4.13]
	at org.junit.vintage.engine.execution.RunnerExecutor.execute(RunnerExecutor.java:43) ~[junit-vintage-engine-5.6.2.jar:5.6.2]
	at java.util.stream.ForEachOps$ForEachOp$OfRef.accept(ForEachOps.java:183) ~[?:1.8.0_402]
	at java.util.stream.ReferencePipeline$3$1.accept(ReferencePipeline.java:193) ~[?:1.8.0_402]
	at java.util.Iterator.forEachRemaining(Iterator.java:116) ~[?:1.8.0_402]
	at java.util.Spliterators$IteratorSpliterator.forEachRemaining(Spliterators.java:1801) ~[?:1.8.0_402]
	at java.util.stream.AbstractPipeline.copyInto(AbstractPipeline.java:482) ~[?:1.8.0_402]
	at java.util.stream.AbstractPipeline.wrapAndCopyInto(AbstractPipeline.java:472) ~[?:1.8.0_402]
	at java.util.stream.ForEachOps$ForEachOp.evaluateSequential(ForEachOps.java:150) ~[?:1.8.0_402]
	at java.util.stream.ForEachOps$ForEachOp$OfRef.evaluateSequential(ForEachOps.java:173) ~[?:1.8.0_402]
	at java.util.stream.AbstractPipeline.evaluate(AbstractPipeline.java:234) ~[?:1.8.0_402]
	at java.util.stream.ReferencePipeline.forEach(ReferencePipeline.java:485) ~[?:1.8.0_402]
	at org.junit.vintage.engine.VintageTestEngine.executeAllChildren(VintageTestEngine.java:82) ~[junit-vintage-engine-5.6.2.jar:5.6.2]
	at org.junit.vintage.engine.VintageTestEngine.execute(VintageTestEngine.java:73) ~[junit-vintage-engine-5.6.2.jar:5.6.2]
	at org.junit.platform.launcher.core.DefaultLauncher.execute(DefaultLauncher.java:248) ~[junit-platform-launcher-1.6.2.jar:1.6.2]
	at org.junit.platform.launcher.core.DefaultLauncher.lambda$execute$5(DefaultLauncher.java:211) ~[junit-platform-launcher-1.6.2.jar:1.6.2]
	at org.junit.platform.launcher.core.DefaultLauncher.withInterceptedStreams(DefaultLauncher.java:226) [junit-platform-launcher-1.6.2.jar:1.6.2]
	at org.junit.platform.launcher.core.DefaultLauncher.execute(DefaultLauncher.java:199) [junit-platform-launcher-1.6.2.jar:1.6.2]
	at org.junit.platform.launcher.core.DefaultLauncher.execute(DefaultLauncher.java:132) [junit-platform-launcher-1.6.2.jar:1.6.2]
	at org.apache.maven.surefire.junitplatform.JUnitPlatformProvider.invokeAllTests(JUnitPlatformProvider.java:154) [surefire-junit-platform-3.0.0-M4.jar:3.0.0-M4]
	at org.apache.maven.surefire.junitplatform.JUnitPlatformProvider.invoke(JUnitPlatformProvider.java:123) [surefire-junit-platform-3.0.0-M4.jar:3.0.0-M4]
	at org.apache.maven.surefire.booter.ForkedBooter.runSuitesInProcess(ForkedBooter.java:377) [surefire-booter-3.0.0-M4.jar:3.0.0-M4]
	at org.apache.maven.surefire.booter.ForkedBooter.execute(ForkedBooter.java:138) [surefire-booter-3.0.0-M4.jar:3.0.0-M4]
	at org.apache.maven.surefire.booter.ForkedBooter.run(ForkedBooter.java:465) [surefire-booter-3.0.0-M4.jar:3.0.0-M4]
	at org.apache.maven.surefire.booter.ForkedBooter.main(ForkedBooter.java:451) [surefire-booter-3.0.0-M4.jar:3.0.0-M4]
Caused by: org.apache.hadoop.hive.metastore.api.MetaException: Table default.nonAcidOrcTbl failed strict managed table checks due to the following reason: Table is marked as a managed table but is not transactional.
	at org.apache.hadoop.hive.metastore.utils.HiveStrictManagedUtils.validateStrictManagedTableWithThrow(HiveStrictManagedUtils.java:33) ~[classes/:?]
	at org.apache.hadoop.hive.metastore.TransactionalValidationListener.handle(TransactionalValidationListener.java:92) ~[classes/:?]
	at org.apache.hadoop.hive.metastore.TransactionalValidationListener.onEvent(TransactionalValidationListener.java:72) ~[classes/:?]
	at org.apache.hadoop.hive.metastore.HMSHandler.firePreEvent(HMSHandler.java:4033) ~[classes/:?]
	at org.apache.hadoop.hive.metastore.HMSHandler.create_table_core(HMSHandler.java:2392) ~[classes/:?]
	at org.apache.hadoop.hive.metastore.HMSHandler.create_table_req(HMSHandler.java:2598) ~[classes/:?]
	at sun.reflect.GeneratedMethodAccessor103.invoke(Unknown Source) ~[?:?]
	at sun.reflect.DelegatingMethodAccessorImpl.invoke(DelegatingMethodAccessorImpl.java:43) ~[?:1.8.0_402]
	at java.lang.reflect.Method.invoke(Method.java:498) ~[?:1.8.0_402]
	at org.apache.hadoop.hive.metastore.RetryingHMSHandler.invokeInternal(RetryingHMSHandler.java:147) ~[classes/:?]
	at org.apache.hadoop.hive.metastore.RetryingHMSHandler.invoke(RetryingHMSHandler.java:108) ~[classes/:?]
	at com.sun.proxy.$Proxy39.create_table_req(Unknown Source) ~[?:?]
	at org.apache.hadoop.hive.metastore.HiveMetaStoreClient.create_table_with_environment_context(HiveMetaStoreClient.java:4408) ~[classes/:?]
	at org.apache.hadoop.hive.ql.metadata.SessionHiveMetaStoreClient.create_table_with_environment_context(SessionHiveMetaStoreClient.java:182) ~[classes/:?]
	at org.apache.hadoop.hive.metastore.HiveMetaStoreClient.createTable(HiveMetaStoreClient.java:1260) ~[classes/:?]
	at org.apache.hadoop.hive.metastore.HiveMetaStoreClient.createTable(HiveMetaStoreClient.java:1245) ~[classes/:?]
	at sun.reflect.GeneratedMethodAccessor102.invoke(Unknown Source) ~[?:?]
	at sun.reflect.DelegatingMethodAccessorImpl.invoke(DelegatingMethodAccessorImpl.java:43) ~[?:1.8.0_402]
	at java.lang.reflect.Method.invoke(Method.java:498) ~[?:1.8.0_402]
	at org.apache.hadoop.hive.metastore.RetryingMetaStoreClient.invoke(RetryingMetaStoreClient.java:218) ~[classes/:?]
	at com.sun.proxy.$Proxy40.createTable(Unknown Source) ~[?:?]
	at org.apache.hadoop.hive.ql.metadata.Hive.createTable(Hive.java:1290) ~[classes/:?]
	... 66 more
FAILED: Execution Error, return code 40000 from org.apache.hadoop.hive.ql.ddl.DDLTask. MetaException(message:Table default.nonAcidOrcTbl failed strict managed table checks due to the following reason: Table is marked as a managed table but is not transactional.)
2024-04-24T05:31:05,844 ERROR [main] ql.Driver: FAILED: Execution Error, return code 40000 from org.apache.hadoop.hive.ql.ddl.DDLTask. MetaException(message:Table default.nonAcidOrcTbl failed strict managed table checks due to the following reason: Table is marked as a managed table but is not transactional.)
2024-04-24T05:31:05,844  INFO [main] metadata.Hive: Dumping metastore api call timing information for : execution phase
2024-04-24T05:31:05,844  INFO [main] metadata.Hive: Total time spent in each metastore function (ms): {isCompatibleWith_(Configuration)=0}
2024-04-24T05:31:05,845  INFO [main] ql.Driver: Completed executing command(queryId=alex_20240424053105_f8804d19-2cbe-40d3-bcfb-337a8f7c879b); Time taken: 0.013 seconds
2024-04-24T05:31:05,845  INFO [main] lockmgr.DbTxnManager: Stopped heartbeat for query: alex_20240424053105_f8804d19-2cbe-40d3-bcfb-337a8f7c879b
2024-04-24T05:31:05,847  INFO [main] txn.TxnHandler: Removed transactions: ([9]) from MIN_HISTORY_LEVEL
2024-04-24T05:31:05,853  INFO [main] ql.TxnCommandsBaseForTests: Running the query: drop table if exists acidTbl
2024-04-24T05:31:05,853  INFO [main] ql.Driver: Compiling command(queryId=alex_20240424053105_9aa7b4a7-eb74-41f5-9ca2-0885eaa72b0f): drop table if exists acidTbl
2024-04-24T05:31:05,856  INFO [main] txn.TxnHandler: Added entries to MIN_HISTORY_LEVEL for current txns: ([10]) with min_open_txn: 1
2024-04-24T05:31:05,856  INFO [main] lockmgr.DbTxnManager: Opened txnid:10
2024-04-24T05:31:05,856  INFO [main] HiveMetaStore.audit: ugi=alex	ip=unknown-ip-addr	cmd=get_table : tbl=hive.default.acidTbl	
2024-04-24T05:31:05,873  INFO [main] metastore.HMSHandler: Skipping translation for processor with null
2024-04-24T05:31:05,874  INFO [main] ql.Driver: Semantic Analysis Completed (retrial = false)
2024-04-24T05:31:05,874  INFO [main] ql.Driver: Created Hive schema: Schema(fieldSchemas:null, properties:null)
2024-04-24T05:31:05,874  INFO [main] metadata.Hive: Dumping metastore api call timing information for : compilation phase
2024-04-24T05:31:05,874  INFO [main] metadata.Hive: Total time spent in each metastore function (ms): {rollbackTxn_(long)=8, getTable_(GetTableRequest)=18, getValidTxns_(long)=0, openTxn_(String, TxnType)=2, isCompatibleWith_(Configuration)=0, flushCache_()=0}
2024-04-24T05:31:05,874  INFO [main] ql.Driver: Completed compiling command(queryId=alex_20240424053105_9aa7b4a7-eb74-41f5-9ca2-0885eaa72b0f); Time taken: 0.021 seconds
2024-04-24T05:31:05,874  INFO [main] lockmgr.DbTxnManager: Setting lock request transaction to txnid:10 for queryId=alex_20240424053105_9aa7b4a7-eb74-41f5-9ca2-0885eaa72b0f
2024-04-24T05:31:05,875  INFO [main] lockmgr.DbLockManager: Requesting lock for queryId=alex_20240424053105_9aa7b4a7-eb74-41f5-9ca2-0885eaa72b0f
2024-04-24T05:31:05,888  INFO [main] lockmgr.DbLockManager: Response to queryId=alex_20240424053105_9aa7b4a7-eb74-41f5-9ca2-0885eaa72b0f LockResponse(lockid:4, state:ACQUIRED)
2024-04-24T05:31:05,888  INFO [main] ql.Driver: Operation DROPTABLE obtained 1 locks
2024-04-24T05:31:05,889  INFO [main] ql.Driver: Executing command(queryId=alex_20240424053105_9aa7b4a7-eb74-41f5-9ca2-0885eaa72b0f): drop table if exists acidTbl
2024-04-24T05:31:05,889  INFO [main] ql.Driver: Starting task [Stage-0:DDL] in serial mode
2024-04-24T05:31:05,889  INFO [main] HiveMetaStore.audit: ugi=alex	ip=unknown-ip-addr	cmd=get_table : tbl=hive.default.acidTbl	
2024-04-24T05:31:05,896  INFO [main] metastore.HMSHandler: Skipping translation for processor with null
2024-04-24T05:31:05,896  INFO [main] HiveMetaStore.audit: ugi=alex	ip=unknown-ip-addr	cmd=get_table : tbl=hive.default.acidTbl	
2024-04-24T05:31:05,903  INFO [main] metastore.HMSHandler: Skipping translation for processor with null
2024-04-24T05:31:05,903  INFO [main] HiveMetaStore.audit: ugi=alex	ip=unknown-ip-addr	cmd=drop_table : tbl=hive.default.acidTbl	
2024-04-24T05:31:06,002  INFO [main] metadata.Hive: Dumping metastore api call timing information for : execution phase
2024-04-24T05:31:06,002  INFO [main] metadata.Hive: Total time spent in each metastore function (ms): {getTable_(GetTableRequest)=7, dropTable_(String, String, boolean, boolean, boolean)=106, isCompatibleWith_(Configuration)=0}
2024-04-24T05:31:06,003  INFO [main] ql.Driver: Completed executing command(queryId=alex_20240424053105_9aa7b4a7-eb74-41f5-9ca2-0885eaa72b0f); Time taken: 0.114 seconds
2024-04-24T05:31:06,003  INFO [main] lockmgr.DbTxnManager: Stopped heartbeat for query: alex_20240424053105_9aa7b4a7-eb74-41f5-9ca2-0885eaa72b0f
2024-04-24T05:31:06,006  INFO [main] txn.TxnHandler: Expected to move at least one record from txn_components to completed_txn_components when committing txn! txnid:10
2024-04-24T05:31:06,012  INFO [main] txn.TxnHandler: Removed transactions: ([10]) from MIN_HISTORY_LEVEL
2024-04-24T05:31:06,013  WARN [main] txn.CompactionTxnHandler: No compaction queue record found for Compaction type transaction commit. txnId:10
2024-04-24T05:31:06,014  INFO [main] ql.TxnCommandsBaseForTests: Running the query: drop table if exists acidTblPart
2024-04-24T05:31:06,015  INFO [main] ql.Driver: Compiling command(queryId=alex_20240424053106_d8c64295-f77e-46b4-8d61-7607c78e7616): drop table if exists acidTblPart
2024-04-24T05:31:06,017  INFO [main] txn.TxnHandler: Added entries to MIN_HISTORY_LEVEL for current txns: ([11]) with min_open_txn: 1
2024-04-24T05:31:06,018  INFO [main] lockmgr.DbTxnManager: Opened txnid:11
2024-04-24T05:31:06,018  INFO [main] HiveMetaStore.audit: ugi=alex	ip=unknown-ip-addr	cmd=get_table : tbl=hive.default.acidTblPart	
2024-04-24T05:31:06,027  INFO [main] metastore.HMSHandler: Skipping translation for processor with null
2024-04-24T05:31:06,028  INFO [main] ql.Driver: Semantic Analysis Completed (retrial = false)
2024-04-24T05:31:06,028  INFO [main] ql.Driver: Created Hive schema: Schema(fieldSchemas:null, properties:null)
2024-04-24T05:31:06,028  INFO [main] metadata.Hive: Dumping metastore api call timing information for : compilation phase
2024-04-24T05:31:06,028  INFO [main] metadata.Hive: Total time spent in each metastore function (ms): {commitTxn_(CommitTxnRequest)=11, getValidTxns_(long)=0, flushCache_()=0, openTxn_(String, TxnType)=3, getTable_(GetTableRequest)=10, isCompatibleWith_(Configuration)=0}
2024-04-24T05:31:06,028  INFO [main] ql.Driver: Completed compiling command(queryId=alex_20240424053106_d8c64295-f77e-46b4-8d61-7607c78e7616); Time taken: 0.013 seconds
2024-04-24T05:31:06,028  INFO [main] lockmgr.DbTxnManager: Setting lock request transaction to txnid:11 for queryId=alex_20240424053106_d8c64295-f77e-46b4-8d61-7607c78e7616
2024-04-24T05:31:06,029  INFO [main] lockmgr.DbLockManager: Requesting lock for queryId=alex_20240424053106_d8c64295-f77e-46b4-8d61-7607c78e7616
2024-04-24T05:31:06,046  INFO [main] lockmgr.DbLockManager: Response to queryId=alex_20240424053106_d8c64295-f77e-46b4-8d61-7607c78e7616 LockResponse(lockid:5, state:ACQUIRED)
2024-04-24T05:31:06,046  INFO [main] ql.Driver: Operation DROPTABLE obtained 1 locks
2024-04-24T05:31:06,047  INFO [main] ql.Driver: Executing command(queryId=alex_20240424053106_d8c64295-f77e-46b4-8d61-7607c78e7616): drop table if exists acidTblPart
2024-04-24T05:31:06,047  INFO [main] ql.Driver: Starting task [Stage-0:DDL] in serial mode
2024-04-24T05:31:06,047  INFO [main] HiveMetaStore.audit: ugi=alex	ip=unknown-ip-addr	cmd=get_table : tbl=hive.default.acidTblPart	
2024-04-24T05:31:06,053  INFO [main] metastore.HMSHandler: Skipping translation for processor with null
2024-04-24T05:31:06,054  INFO [main] HiveMetaStore.audit: ugi=alex	ip=unknown-ip-addr	cmd=get_table : tbl=hive.default.acidTblPart	
2024-04-24T05:31:06,060  INFO [main] metastore.HMSHandler: Skipping translation for processor with null
2024-04-24T05:31:06,060  INFO [main] HiveMetaStore.audit: ugi=alex	ip=unknown-ip-addr	cmd=drop_table : tbl=hive.default.acidTblPart	
2024-04-24T05:31:06,103  INFO [main] metadata.Hive: Dumping metastore api call timing information for : execution phase
2024-04-24T05:31:06,103  INFO [main] metadata.Hive: Total time spent in each metastore function (ms): {isCompatibleWith_(Configuration)=0, dropTable_(String, String, boolean, boolean, boolean)=50, getTable_(GetTableRequest)=6}
2024-04-24T05:31:06,104  INFO [main] ql.Driver: Completed executing command(queryId=alex_20240424053106_d8c64295-f77e-46b4-8d61-7607c78e7616); Time taken: 0.056 seconds
2024-04-24T05:31:06,104  INFO [main] lockmgr.DbTxnManager: Stopped heartbeat for query: alex_20240424053106_d8c64295-f77e-46b4-8d61-7607c78e7616
2024-04-24T05:31:06,108  INFO [main] txn.TxnHandler: Expected to move at least one record from txn_components to completed_txn_components when committing txn! txnid:11
2024-04-24T05:31:06,114  INFO [main] txn.TxnHandler: Removed transactions: ([11]) from MIN_HISTORY_LEVEL
2024-04-24T05:31:06,115  WARN [main] txn.CompactionTxnHandler: No compaction queue record found for Compaction type transaction commit. txnId:11
2024-04-24T05:31:06,115  INFO [main] ql.TxnCommandsBaseForTests: Running the query: drop table if exists acidTbl2
2024-04-24T05:31:06,116  INFO [main] ql.Driver: Compiling command(queryId=alex_20240424053106_d982365d-bf05-4ab6-8602-73eb484924cb): drop table if exists acidTbl2
2024-04-24T05:31:06,118  INFO [main] txn.TxnHandler: Added entries to MIN_HISTORY_LEVEL for current txns: ([12]) with min_open_txn: 1
2024-04-24T05:31:06,118  INFO [main] lockmgr.DbTxnManager: Opened txnid:12
2024-04-24T05:31:06,119  INFO [main] HiveMetaStore.audit: ugi=alex	ip=unknown-ip-addr	cmd=get_table : tbl=hive.default.acidTbl2	
2024-04-24T05:31:06,122  INFO [main] ql.Driver: Semantic Analysis Completed (retrial = false)
2024-04-24T05:31:06,122  INFO [main] ql.Driver: Created Hive schema: Schema(fieldSchemas:null, properties:null)
2024-04-24T05:31:06,122  INFO [main] metadata.Hive: Dumping metastore api call timing information for : compilation phase
2024-04-24T05:31:06,123  INFO [main] metadata.Hive: Total time spent in each metastore function (ms): {isCompatibleWith_(Configuration)=0, commitTxn_(CommitTxnRequest)=11, getValidTxns_(long)=1, flushCache_()=0, openTxn_(String, TxnType)=2}
2024-04-24T05:31:06,123  INFO [main] ql.Driver: Completed compiling command(queryId=alex_20240424053106_d982365d-bf05-4ab6-8602-73eb484924cb); Time taken: 0.007 seconds
2024-04-24T05:31:06,123  INFO [main] lockmgr.DbTxnManager: Setting lock request transaction to txnid:12 for queryId=alex_20240424053106_d982365d-bf05-4ab6-8602-73eb484924cb
2024-04-24T05:31:06,123  INFO [main] ql.Driver: Operation DROPTABLE obtained 0 locks
2024-04-24T05:31:06,123  INFO [main] ql.Driver: Executing command(queryId=alex_20240424053106_d982365d-bf05-4ab6-8602-73eb484924cb): drop table if exists acidTbl2
2024-04-24T05:31:06,123  INFO [main] ql.Driver: Starting task [Stage-0:DDL] in serial mode
2024-04-24T05:31:06,123  INFO [main] HiveMetaStore.audit: ugi=alex	ip=unknown-ip-addr	cmd=get_table : tbl=hive.default.acidTbl2	
2024-04-24T05:31:06,127  INFO [main] metadata.Hive: Dumping metastore api call timing information for : execution phase
2024-04-24T05:31:06,127  INFO [main] metadata.Hive: Total time spent in each metastore function (ms): {isCompatibleWith_(Configuration)=0}
2024-04-24T05:31:06,127  INFO [main] ql.Driver: Completed executing command(queryId=alex_20240424053106_d982365d-bf05-4ab6-8602-73eb484924cb); Time taken: 0.004 seconds
2024-04-24T05:31:06,127  INFO [main] lockmgr.DbTxnManager: Stopped heartbeat for query: alex_20240424053106_d982365d-bf05-4ab6-8602-73eb484924cb
2024-04-24T05:31:06,133  INFO [main] txn.TxnHandler: Expected to move at least one record from txn_components to completed_txn_components when committing txn! txnid:12
2024-04-24T05:31:06,139  INFO [main] txn.TxnHandler: Removed transactions: ([12]) from MIN_HISTORY_LEVEL
2024-04-24T05:31:06,139  WARN [main] txn.CompactionTxnHandler: No compaction queue record found for Compaction type transaction commit. txnId:12
2024-04-24T05:31:06,140  INFO [main] ql.TxnCommandsBaseForTests: Running the query: drop table if exists nonAcidOrcTbl
2024-04-24T05:31:06,140  INFO [main] ql.Driver: Compiling command(queryId=alex_20240424053106_4832e147-c9ff-44ac-a8b3-b7790d27c4bd): drop table if exists nonAcidOrcTbl
2024-04-24T05:31:06,142  INFO [main] txn.TxnHandler: Added entries to MIN_HISTORY_LEVEL for current txns: ([13]) with min_open_txn: 1
2024-04-24T05:31:06,143  INFO [main] lockmgr.DbTxnManager: Opened txnid:13
2024-04-24T05:31:06,144  INFO [main] HiveMetaStore.audit: ugi=alex	ip=unknown-ip-addr	cmd=get_table : tbl=hive.default.nonAcidOrcTbl	
2024-04-24T05:31:06,147  INFO [main] ql.Driver: Semantic Analysis Completed (retrial = false)
2024-04-24T05:31:06,147  INFO [main] ql.Driver: Created Hive schema: Schema(fieldSchemas:null, properties:null)
2024-04-24T05:31:06,147  INFO [main] metadata.Hive: Dumping metastore api call timing information for : compilation phase
2024-04-24T05:31:06,147  INFO [main] metadata.Hive: Total time spent in each metastore function (ms): {openTxn_(String, TxnType)=2, isCompatibleWith_(Configuration)=1, flushCache_()=0, commitTxn_(CommitTxnRequest)=13, getValidTxns_(long)=0}
2024-04-24T05:31:06,147  INFO [main] ql.Driver: Completed compiling command(queryId=alex_20240424053106_4832e147-c9ff-44ac-a8b3-b7790d27c4bd); Time taken: 0.007 seconds
2024-04-24T05:31:06,147  INFO [main] lockmgr.DbTxnManager: Setting lock request transaction to txnid:13 for queryId=alex_20240424053106_4832e147-c9ff-44ac-a8b3-b7790d27c4bd
2024-04-24T05:31:06,147  INFO [main] ql.Driver: Operation DROPTABLE obtained 0 locks
2024-04-24T05:31:06,147  INFO [main] ql.Driver: Executing command(queryId=alex_20240424053106_4832e147-c9ff-44ac-a8b3-b7790d27c4bd): drop table if exists nonAcidOrcTbl
2024-04-24T05:31:06,147  INFO [main] ql.Driver: Starting task [Stage-0:DDL] in serial mode
2024-04-24T05:31:06,148  INFO [main] HiveMetaStore.audit: ugi=alex	ip=unknown-ip-addr	cmd=get_table : tbl=hive.default.nonAcidOrcTbl	
2024-04-24T05:31:06,151  INFO [main] metadata.Hive: Dumping metastore api call timing information for : execution phase
2024-04-24T05:31:06,151  INFO [main] metadata.Hive: Total time spent in each metastore function (ms): {isCompatibleWith_(Configuration)=0}
2024-04-24T05:31:06,151  INFO [main] ql.Driver: Completed executing command(queryId=alex_20240424053106_4832e147-c9ff-44ac-a8b3-b7790d27c4bd); Time taken: 0.004 seconds
2024-04-24T05:31:06,151  INFO [main] lockmgr.DbTxnManager: Stopped heartbeat for query: alex_20240424053106_4832e147-c9ff-44ac-a8b3-b7790d27c4bd
2024-04-24T05:31:06,157  INFO [main] txn.TxnHandler: Expected to move at least one record from txn_components to completed_txn_components when committing txn! txnid:13
2024-04-24T05:31:06,163  INFO [main] txn.TxnHandler: Removed transactions: ([13]) from MIN_HISTORY_LEVEL
2024-04-24T05:31:06,163  WARN [main] txn.CompactionTxnHandler: No compaction queue record found for Compaction type transaction commit. txnId:13
2024-04-24T05:31:06,164  INFO [main] ql.TxnCommandsBaseForTests: Running the query: drop table if exists nonAcidOrcTbl2
2024-04-24T05:31:06,164  INFO [main] ql.Driver: Compiling command(queryId=alex_20240424053106_a6dd2dc4-5e3f-46bb-8a54-1e9333951330): drop table if exists nonAcidOrcTbl2
2024-04-24T05:31:06,166  INFO [main] txn.TxnHandler: Added entries to MIN_HISTORY_LEVEL for current txns: ([14]) with min_open_txn: 1
2024-04-24T05:31:06,167  INFO [main] lockmgr.DbTxnManager: Opened txnid:14
2024-04-24T05:31:06,167  INFO [main] HiveMetaStore.audit: ugi=alex	ip=unknown-ip-addr	cmd=get_table : tbl=hive.default.nonAcidOrcTbl2	
2024-04-24T05:31:06,170  INFO [main] ql.Driver: Semantic Analysis Completed (retrial = false)
2024-04-24T05:31:06,170  INFO [main] ql.Driver: Created Hive schema: Schema(fieldSchemas:null, properties:null)
2024-04-24T05:31:06,170  INFO [main] metadata.Hive: Dumping metastore api call timing information for : compilation phase
2024-04-24T05:31:06,170  INFO [main] metadata.Hive: Total time spent in each metastore function (ms): {flushCache_()=0, commitTxn_(CommitTxnRequest)=13, openTxn_(String, TxnType)=2, getValidTxns_(long)=0, isCompatibleWith_(Configuration)=1}
2024-04-24T05:31:06,171  INFO [main] ql.Driver: Completed compiling command(queryId=alex_20240424053106_a6dd2dc4-5e3f-46bb-8a54-1e9333951330); Time taken: 0.006 seconds
2024-04-24T05:31:06,171  INFO [main] lockmgr.DbTxnManager: Setting lock request transaction to txnid:14 for queryId=alex_20240424053106_a6dd2dc4-5e3f-46bb-8a54-1e9333951330
2024-04-24T05:31:06,171  INFO [main] ql.Driver: Operation DROPTABLE obtained 0 locks
2024-04-24T05:31:06,171  INFO [main] ql.Driver: Executing command(queryId=alex_20240424053106_a6dd2dc4-5e3f-46bb-8a54-1e9333951330): drop table if exists nonAcidOrcTbl2
2024-04-24T05:31:06,171  INFO [main] ql.Driver: Starting task [Stage-0:DDL] in serial mode
2024-04-24T05:31:06,171  INFO [main] HiveMetaStore.audit: ugi=alex	ip=unknown-ip-addr	cmd=get_table : tbl=hive.default.nonAcidOrcTbl2	
2024-04-24T05:31:06,174  INFO [main] metadata.Hive: Dumping metastore api call timing information for : execution phase
2024-04-24T05:31:06,174  INFO [main] metadata.Hive: Total time spent in each metastore function (ms): {isCompatibleWith_(Configuration)=0}
2024-04-24T05:31:06,175  INFO [main] ql.Driver: Completed executing command(queryId=alex_20240424053106_a6dd2dc4-5e3f-46bb-8a54-1e9333951330); Time taken: 0.003 seconds
2024-04-24T05:31:06,175  INFO [main] lockmgr.DbTxnManager: Stopped heartbeat for query: alex_20240424053106_a6dd2dc4-5e3f-46bb-8a54-1e9333951330
2024-04-24T05:31:06,180  INFO [main] txn.TxnHandler: Expected to move at least one record from txn_components to completed_txn_components when committing txn! txnid:14
2024-04-24T05:31:06,186  INFO [main] txn.TxnHandler: Removed transactions: ([14]) from MIN_HISTORY_LEVEL
2024-04-24T05:31:06,186  WARN [main] txn.CompactionTxnHandler: No compaction queue record found for Compaction type transaction commit. txnId:14
2024-04-24T05:31:06,186  INFO [main] ql.TxnCommandsBaseForTests: Running the query: drop table if exists nonAcidNonBucket
2024-04-24T05:31:06,187  INFO [main] ql.Driver: Compiling command(queryId=alex_20240424053106_a8da4829-15a9-45c4-bf88-7718ee56d0e0): drop table if exists nonAcidNonBucket
2024-04-24T05:31:06,189  INFO [main] txn.TxnHandler: Added entries to MIN_HISTORY_LEVEL for current txns: ([15]) with min_open_txn: 1
2024-04-24T05:31:06,189  INFO [main] lockmgr.DbTxnManager: Opened txnid:15
2024-04-24T05:31:06,190  INFO [main] HiveMetaStore.audit: ugi=alex	ip=unknown-ip-addr	cmd=get_table : tbl=hive.default.nonAcidNonBucket	
2024-04-24T05:31:06,192  INFO [main] ql.Driver: Semantic Analysis Completed (retrial = false)
2024-04-24T05:31:06,192  INFO [main] ql.Driver: Created Hive schema: Schema(fieldSchemas:null, properties:null)
2024-04-24T05:31:06,193  INFO [main] metadata.Hive: Dumping metastore api call timing information for : compilation phase
2024-04-24T05:31:06,193  INFO [main] metadata.Hive: Total time spent in each metastore function (ms): {flushCache_()=0, commitTxn_(CommitTxnRequest)=11, getValidTxns_(long)=1, openTxn_(String, TxnType)=2, isCompatibleWith_(Configuration)=0}
2024-04-24T05:31:06,193  INFO [main] ql.Driver: Completed compiling command(queryId=alex_20240424053106_a8da4829-15a9-45c4-bf88-7718ee56d0e0); Time taken: 0.006 seconds
2024-04-24T05:31:06,193  INFO [main] lockmgr.DbTxnManager: Setting lock request transaction to txnid:15 for queryId=alex_20240424053106_a8da4829-15a9-45c4-bf88-7718ee56d0e0
2024-04-24T05:31:06,193  INFO [main] ql.Driver: Operation DROPTABLE obtained 0 locks
2024-04-24T05:31:06,193  INFO [main] ql.Driver: Executing command(queryId=alex_20240424053106_a8da4829-15a9-45c4-bf88-7718ee56d0e0): drop table if exists nonAcidNonBucket
2024-04-24T05:31:06,193  INFO [main] ql.Driver: Starting task [Stage-0:DDL] in serial mode
2024-04-24T05:31:06,193  INFO [main] HiveMetaStore.audit: ugi=alex	ip=unknown-ip-addr	cmd=get_table : tbl=hive.default.nonAcidNonBucket	
2024-04-24T05:31:06,196  INFO [main] metadata.Hive: Dumping metastore api call timing information for : execution phase
2024-04-24T05:31:06,196  INFO [main] metadata.Hive: Total time spent in each metastore function (ms): {isCompatibleWith_(Configuration)=0}
2024-04-24T05:31:06,197  INFO [main] ql.Driver: Completed executing command(queryId=alex_20240424053106_a8da4829-15a9-45c4-bf88-7718ee56d0e0); Time taken: 0.003 seconds
2024-04-24T05:31:06,197  INFO [main] lockmgr.DbTxnManager: Stopped heartbeat for query: alex_20240424053106_a8da4829-15a9-45c4-bf88-7718ee56d0e0
2024-04-24T05:31:06,202  INFO [main] txn.TxnHandler: Expected to move at least one record from txn_components to completed_txn_components when committing txn! txnid:15
2024-04-24T05:31:06,207  INFO [main] txn.TxnHandler: Removed transactions: ([15]) from MIN_HISTORY_LEVEL
2024-04-24T05:31:06,207  WARN [main] txn.CompactionTxnHandler: No compaction queue record found for Compaction type transaction commit. txnId:15
2024-04-24T05:31:06,208  INFO [main] utils.TestTxnDbUtil: Cleaning transactional tables
]]></system-err>
  </testcase>
  <testcase name="testUsingControlFileUrl" classname="org.apache.hadoop.hive.ql.util.TestHiveStrictManagedMigration" time="0.835">
    <error type="java.lang.RuntimeException"><![CDATA[java.lang.RuntimeException: create table nonAcidOrcTbl(a int, b int) clustered by (a) into 2 buckets stored as orc TBLPROPERTIES ('transactional'='false') failed: (responseCode = 40000, errorMessage = FAILED: Execution Error, return code 40000 from org.apache.hadoop.hive.ql.ddl.DDLTask. MetaException(message:Table default.nonAcidOrcTbl failed strict managed table checks due to the following reason: Table is marked as a managed table but is not transactional.), hiveErrorCode = 40000, SQLState = 08S01, exception = MetaException(message:Table default.nonAcidOrcTbl failed strict managed table checks due to the following reason: Table is marked as a managed table but is not transactional.))
	at org.apache.hadoop.hive.ql.TxnCommandsBaseForTests.runStatementOnDriver(TxnCommandsBaseForTests.java:247)
	at org.apache.hadoop.hive.ql.TxnCommandsBaseForTests.setUpInternal(TxnCommandsBaseForTests.java:144)
	at org.apache.hadoop.hive.ql.TxnCommandsBaseForTests.setUp(TxnCommandsBaseForTests.java:94)
	at sun.reflect.NativeMethodAccessorImpl.invoke0(Native Method)
	at sun.reflect.NativeMethodAccessorImpl.invoke(NativeMethodAccessorImpl.java:62)
	at sun.reflect.DelegatingMethodAccessorImpl.invoke(DelegatingMethodAccessorImpl.java:43)
	at java.lang.reflect.Method.invoke(Method.java:498)
	at org.junit.runners.model.FrameworkMethod$1.runReflectiveCall(FrameworkMethod.java:59)
	at org.junit.internal.runners.model.ReflectiveCallable.run(ReflectiveCallable.java:12)
	at org.junit.runners.model.FrameworkMethod.invokeExplosively(FrameworkMethod.java:56)
	at org.junit.internal.runners.statements.RunBefores.invokeMethod(RunBefores.java:33)
	at org.junit.internal.runners.statements.RunBefores.evaluate(RunBefores.java:24)
	at org.junit.internal.runners.statements.RunAfters.evaluate(RunAfters.java:27)
	at org.junit.rules.TestWatcher$1.evaluate(TestWatcher.java:61)
	at org.junit.runners.ParentRunner$3.evaluate(ParentRunner.java:306)
	at org.junit.runners.BlockJUnit4ClassRunner$1.evaluate(BlockJUnit4ClassRunner.java:100)
	at org.junit.runners.ParentRunner.runLeaf(ParentRunner.java:366)
	at org.junit.runners.BlockJUnit4ClassRunner.runChild(BlockJUnit4ClassRunner.java:103)
	at org.junit.runners.BlockJUnit4ClassRunner.runChild(BlockJUnit4ClassRunner.java:63)
	at org.junit.runners.ParentRunner$4.run(ParentRunner.java:331)
	at org.junit.runners.ParentRunner$1.schedule(ParentRunner.java:79)
	at org.junit.runners.ParentRunner.runChildren(ParentRunner.java:329)
	at org.junit.runners.ParentRunner.access$100(ParentRunner.java:66)
	at org.junit.runners.ParentRunner$2.evaluate(ParentRunner.java:293)
	at org.junit.runners.ParentRunner$3.evaluate(ParentRunner.java:306)
	at org.junit.runners.ParentRunner.run(ParentRunner.java:413)
	at org.junit.runner.JUnitCore.run(JUnitCore.java:137)
	at org.junit.runner.JUnitCore.run(JUnitCore.java:115)
	at org.junit.vintage.engine.execution.RunnerExecutor.execute(RunnerExecutor.java:43)
	at java.util.stream.ForEachOps$ForEachOp$OfRef.accept(ForEachOps.java:183)
	at java.util.stream.ReferencePipeline$3$1.accept(ReferencePipeline.java:193)
	at java.util.Iterator.forEachRemaining(Iterator.java:116)
	at java.util.Spliterators$IteratorSpliterator.forEachRemaining(Spliterators.java:1801)
	at java.util.stream.AbstractPipeline.copyInto(AbstractPipeline.java:482)
	at java.util.stream.AbstractPipeline.wrapAndCopyInto(AbstractPipeline.java:472)
	at java.util.stream.ForEachOps$ForEachOp.evaluateSequential(ForEachOps.java:150)
	at java.util.stream.ForEachOps$ForEachOp$OfRef.evaluateSequential(ForEachOps.java:173)
	at java.util.stream.AbstractPipeline.evaluate(AbstractPipeline.java:234)
	at java.util.stream.ReferencePipeline.forEach(ReferencePipeline.java:485)
	at org.junit.vintage.engine.VintageTestEngine.executeAllChildren(VintageTestEngine.java:82)
	at org.junit.vintage.engine.VintageTestEngine.execute(VintageTestEngine.java:73)
	at org.junit.platform.launcher.core.DefaultLauncher.execute(DefaultLauncher.java:248)
	at org.junit.platform.launcher.core.DefaultLauncher.lambda$execute$5(DefaultLauncher.java:211)
	at org.junit.platform.launcher.core.DefaultLauncher.withInterceptedStreams(DefaultLauncher.java:226)
	at org.junit.platform.launcher.core.DefaultLauncher.execute(DefaultLauncher.java:199)
	at org.junit.platform.launcher.core.DefaultLauncher.execute(DefaultLauncher.java:132)
	at org.apache.maven.surefire.junitplatform.JUnitPlatformProvider.invokeAllTests(JUnitPlatformProvider.java:154)
	at org.apache.maven.surefire.junitplatform.JUnitPlatformProvider.invoke(JUnitPlatformProvider.java:123)
	at org.apache.maven.surefire.booter.ForkedBooter.runSuitesInProcess(ForkedBooter.java:377)
	at org.apache.maven.surefire.booter.ForkedBooter.execute(ForkedBooter.java:138)
	at org.apache.maven.surefire.booter.ForkedBooter.run(ForkedBooter.java:465)
	at org.apache.maven.surefire.booter.ForkedBooter.main(ForkedBooter.java:451)
]]></error>
    <system-err><![CDATA[2024-04-24T05:31:06,274  WARN [main] conf.HiveConf: HiveConf of name hive.dummyparam.test.server.specific.config.metastoresite does not exist
2024-04-24T05:31:06,274  WARN [main] conf.HiveConf: HiveConf of name hive.dummyparam.test.server.specific.config.hivesite does not exist
2024-04-24T05:31:06,274  WARN [main] conf.HiveConf: HiveConf of name hive.metastore.metadb.dir does not exist
2024-04-24T05:31:06,274  WARN [main] conf.HiveConf: HiveConf of name hive.stats.key.prefix.reserve.length does not exist
2024-04-24T05:31:06,274  WARN [main] conf.HiveConf: HiveConf of name hive.llap.io.cache.orc.size does not exist
2024-04-24T05:31:06,274  WARN [main] conf.HiveConf: HiveConf of name hive.llap.io.cache.orc.alloc.min does not exist
2024-04-24T05:31:06,274  WARN [main] conf.HiveConf: HiveConf of name hive.llap.io.cache.orc.arena.size does not exist
2024-04-24T05:31:06,274  WARN [main] conf.HiveConf: HiveConf of name hive.dummyparam.test.server.specific.config.override does not exist
2024-04-24T05:31:06,274  WARN [main] conf.HiveConf: HiveConf of name hive.metastore.client.cache.maxSize does not exist
2024-04-24T05:31:06,274  WARN [main] conf.HiveConf: HiveConf of name hive.llap.io.cache.orc.alloc.max does not exist
2024-04-24T05:31:06,274  WARN [main] conf.HiveConf: HiveConf of name hive.metastore.client.cache.recordStats does not exist
2024-04-24T05:31:06,275  INFO [main] utils.TestTxnDbUtil: Creating transactional tables
Hive Session ID = 8428bd6d-3344-48a3-8e66-d14e857353e0
2024-04-24T05:31:06,277  INFO [main] SessionState: Hive Session ID = 8428bd6d-3344-48a3-8e66-d14e857353e0
ivysettings.xml file not found in HIVE_HOME or HIVE_CONF_DIR,/home/alex/Repositories/hive/conf/ivysettings.xml will be used
2024-04-24T05:31:06,278  INFO [main] DependencyResolver: ivysettings.xml file not found in HIVE_HOME or HIVE_CONF_DIR,/home/alex/Repositories/hive/conf/ivysettings.xml will be used
2024-04-24T05:31:06,283  INFO [main] session.SessionState: Created HDFS directory: /home/alex/Repositories/hive/ql/target/tmp/scratchdir/alex/8428bd6d-3344-48a3-8e66-d14e857353e0
2024-04-24T05:31:06,286  INFO [main] session.SessionState: Created local directory: /home/alex/Repositories/hive/ql/target/tmp/localscratchdir/8428bd6d-3344-48a3-8e66-d14e857353e0
2024-04-24T05:31:06,288  INFO [main] session.SessionState: Created HDFS directory: /home/alex/Repositories/hive/ql/target/tmp/scratchdir/alex/8428bd6d-3344-48a3-8e66-d14e857353e0/_tmp_space.db
2024-04-24T05:31:06,288  INFO [main] sqlstd.SQLStdHiveAccessController: Created SQLStdHiveAccessController for session context : HiveAuthzSessionContext [sessionString=8428bd6d-3344-48a3-8e66-d14e857353e0, clientType=HIVECLI]
2024-04-24T05:31:06,289  INFO [main] ql.TxnCommandsBaseForTests: Running the query: drop table if exists acidTbl
2024-04-24T05:31:06,289  INFO [main] ql.Driver: Compiling command(queryId=alex_20240424053106_00c36098-2615-4be8-ae0d-2ea1d2cde2c3): drop table if exists acidTbl
2024-04-24T05:31:06,297  INFO [main] txn.TxnHandler: Added entries to MIN_HISTORY_LEVEL for current txns: ([1]) with min_open_txn: 1
2024-04-24T05:31:06,297  INFO [main] lockmgr.DbTxnManager: Opened txnid:1
2024-04-24T05:31:06,299  INFO [main] HiveMetaStore.audit: ugi=alex	ip=unknown-ip-addr	cmd=get_table : tbl=hive.default.acidTbl	
2024-04-24T05:31:06,302  INFO [main] ql.Driver: Semantic Analysis Completed (retrial = false)
2024-04-24T05:31:06,302  INFO [main] ql.Driver: Created Hive schema: Schema(fieldSchemas:null, properties:null)
2024-04-24T05:31:06,302  INFO [main] metadata.Hive: Dumping metastore api call timing information for : compilation phase
2024-04-24T05:31:06,302  INFO [main] metadata.Hive: Total time spent in each metastore function (ms): {isCompatibleWith_(Configuration)=0, getValidTxns_(long)=2, openTxn_(String, TxnType)=8, flushCache_()=0, commitTxn_(CommitTxnRequest)=11}
2024-04-24T05:31:06,303  INFO [main] ql.Driver: Completed compiling command(queryId=alex_20240424053106_00c36098-2615-4be8-ae0d-2ea1d2cde2c3); Time taken: 0.013 seconds
2024-04-24T05:31:06,303  INFO [main] lockmgr.DbTxnManager: Setting lock request transaction to txnid:1 for queryId=alex_20240424053106_00c36098-2615-4be8-ae0d-2ea1d2cde2c3
2024-04-24T05:31:06,303  INFO [main] ql.Driver: Operation DROPTABLE obtained 0 locks
2024-04-24T05:31:06,303  INFO [main] ql.Driver: Executing command(queryId=alex_20240424053106_00c36098-2615-4be8-ae0d-2ea1d2cde2c3): drop table if exists acidTbl
2024-04-24T05:31:06,303  INFO [main] ql.Driver: Starting task [Stage-0:DDL] in serial mode
2024-04-24T05:31:06,303  INFO [main] HiveMetaStore.audit: ugi=alex	ip=unknown-ip-addr	cmd=get_table : tbl=hive.default.acidTbl	
2024-04-24T05:31:06,306  INFO [main] metadata.Hive: Dumping metastore api call timing information for : execution phase
2024-04-24T05:31:06,307  INFO [main] metadata.Hive: Total time spent in each metastore function (ms): {isCompatibleWith_(Configuration)=0}
2024-04-24T05:31:06,307  INFO [main] ql.Driver: Completed executing command(queryId=alex_20240424053106_00c36098-2615-4be8-ae0d-2ea1d2cde2c3); Time taken: 0.003 seconds
2024-04-24T05:31:06,307  INFO [main] lockmgr.DbTxnManager: Stopped heartbeat for query: alex_20240424053106_00c36098-2615-4be8-ae0d-2ea1d2cde2c3
2024-04-24T05:31:06,312  INFO [main] txn.TxnHandler: Expected to move at least one record from txn_components to completed_txn_components when committing txn! txnid:1
2024-04-24T05:31:06,318  INFO [main] txn.TxnHandler: Removed transactions: ([1]) from MIN_HISTORY_LEVEL
2024-04-24T05:31:06,318  WARN [main] txn.CompactionTxnHandler: No compaction queue record found for Compaction type transaction commit. txnId:1
2024-04-24T05:31:06,318  INFO [main] ql.TxnCommandsBaseForTests: Running the query: drop table if exists acidTblPart
2024-04-24T05:31:06,319  INFO [main] ql.Driver: Compiling command(queryId=alex_20240424053106_5cd3ec3f-c1ea-447b-b0e7-f90a9dbce626): drop table if exists acidTblPart
2024-04-24T05:31:06,321  INFO [main] txn.TxnHandler: Added entries to MIN_HISTORY_LEVEL for current txns: ([2]) with min_open_txn: 1
2024-04-24T05:31:06,321  INFO [main] lockmgr.DbTxnManager: Opened txnid:2
2024-04-24T05:31:06,322  INFO [main] HiveMetaStore.audit: ugi=alex	ip=unknown-ip-addr	cmd=get_table : tbl=hive.default.acidTblPart	
2024-04-24T05:31:06,324  INFO [main] ql.Driver: Semantic Analysis Completed (retrial = false)
2024-04-24T05:31:06,325  INFO [main] ql.Driver: Created Hive schema: Schema(fieldSchemas:null, properties:null)
2024-04-24T05:31:06,325  INFO [main] metadata.Hive: Dumping metastore api call timing information for : compilation phase
2024-04-24T05:31:06,325  INFO [main] metadata.Hive: Total time spent in each metastore function (ms): {getValidTxns_(long)=0, isCompatibleWith_(Configuration)=0, commitTxn_(CommitTxnRequest)=11, flushCache_()=0, openTxn_(String, TxnType)=2}
2024-04-24T05:31:06,325  INFO [main] ql.Driver: Completed compiling command(queryId=alex_20240424053106_5cd3ec3f-c1ea-447b-b0e7-f90a9dbce626); Time taken: 0.006 seconds
2024-04-24T05:31:06,325  INFO [main] lockmgr.DbTxnManager: Setting lock request transaction to txnid:2 for queryId=alex_20240424053106_5cd3ec3f-c1ea-447b-b0e7-f90a9dbce626
2024-04-24T05:31:06,325  INFO [main] ql.Driver: Operation DROPTABLE obtained 0 locks
2024-04-24T05:31:06,325  INFO [main] ql.Driver: Executing command(queryId=alex_20240424053106_5cd3ec3f-c1ea-447b-b0e7-f90a9dbce626): drop table if exists acidTblPart
2024-04-24T05:31:06,325  INFO [main] ql.Driver: Starting task [Stage-0:DDL] in serial mode
2024-04-24T05:31:06,325  INFO [main] HiveMetaStore.audit: ugi=alex	ip=unknown-ip-addr	cmd=get_table : tbl=hive.default.acidTblPart	
2024-04-24T05:31:06,328  INFO [main] metadata.Hive: Dumping metastore api call timing information for : execution phase
2024-04-24T05:31:06,328  INFO [main] metadata.Hive: Total time spent in each metastore function (ms): {isCompatibleWith_(Configuration)=0}
2024-04-24T05:31:06,329  INFO [main] ql.Driver: Completed executing command(queryId=alex_20240424053106_5cd3ec3f-c1ea-447b-b0e7-f90a9dbce626); Time taken: 0.003 seconds
2024-04-24T05:31:06,329  INFO [main] lockmgr.DbTxnManager: Stopped heartbeat for query: alex_20240424053106_5cd3ec3f-c1ea-447b-b0e7-f90a9dbce626
2024-04-24T05:31:06,334  INFO [main] txn.TxnHandler: Expected to move at least one record from txn_components to completed_txn_components when committing txn! txnid:2
2024-04-24T05:31:06,339  INFO [main] txn.TxnHandler: Removed transactions: ([2]) from MIN_HISTORY_LEVEL
2024-04-24T05:31:06,340  WARN [main] txn.CompactionTxnHandler: No compaction queue record found for Compaction type transaction commit. txnId:2
2024-04-24T05:31:06,340  INFO [main] ql.TxnCommandsBaseForTests: Running the query: drop table if exists acidTbl2
2024-04-24T05:31:06,341  INFO [main] ql.Driver: Compiling command(queryId=alex_20240424053106_afa5a5cf-b695-48c1-b12c-e1c95dd27136): drop table if exists acidTbl2
2024-04-24T05:31:06,344  INFO [main] txn.TxnHandler: Added entries to MIN_HISTORY_LEVEL for current txns: ([3]) with min_open_txn: 1
2024-04-24T05:31:06,344  INFO [main] lockmgr.DbTxnManager: Opened txnid:3
2024-04-24T05:31:06,344  INFO [main] HiveMetaStore.audit: ugi=alex	ip=unknown-ip-addr	cmd=get_table : tbl=hive.default.acidTbl2	
2024-04-24T05:31:06,347  INFO [main] ql.Driver: Semantic Analysis Completed (retrial = false)
2024-04-24T05:31:06,348  INFO [main] ql.Driver: Created Hive schema: Schema(fieldSchemas:null, properties:null)
2024-04-24T05:31:06,348  INFO [main] metadata.Hive: Dumping metastore api call timing information for : compilation phase
2024-04-24T05:31:06,348  INFO [main] metadata.Hive: Total time spent in each metastore function (ms): {getValidTxns_(long)=0, commitTxn_(CommitTxnRequest)=11, openTxn_(String, TxnType)=3, flushCache_()=0, isCompatibleWith_(Configuration)=0}
2024-04-24T05:31:06,348  INFO [main] ql.Driver: Completed compiling command(queryId=alex_20240424053106_afa5a5cf-b695-48c1-b12c-e1c95dd27136); Time taken: 0.007 seconds
2024-04-24T05:31:06,348  INFO [main] lockmgr.DbTxnManager: Setting lock request transaction to txnid:3 for queryId=alex_20240424053106_afa5a5cf-b695-48c1-b12c-e1c95dd27136
2024-04-24T05:31:06,348  INFO [main] ql.Driver: Operation DROPTABLE obtained 0 locks
2024-04-24T05:31:06,348  INFO [main] ql.Driver: Executing command(queryId=alex_20240424053106_afa5a5cf-b695-48c1-b12c-e1c95dd27136): drop table if exists acidTbl2
2024-04-24T05:31:06,349  INFO [main] ql.Driver: Starting task [Stage-0:DDL] in serial mode
2024-04-24T05:31:06,349  INFO [main] HiveMetaStore.audit: ugi=alex	ip=unknown-ip-addr	cmd=get_table : tbl=hive.default.acidTbl2	
2024-04-24T05:31:06,352  INFO [main] metadata.Hive: Dumping metastore api call timing information for : execution phase
2024-04-24T05:31:06,352  INFO [main] metadata.Hive: Total time spent in each metastore function (ms): {isCompatibleWith_(Configuration)=0}
2024-04-24T05:31:06,352  INFO [main] ql.Driver: Completed executing command(queryId=alex_20240424053106_afa5a5cf-b695-48c1-b12c-e1c95dd27136); Time taken: 0.004 seconds
2024-04-24T05:31:06,352  INFO [main] lockmgr.DbTxnManager: Stopped heartbeat for query: alex_20240424053106_afa5a5cf-b695-48c1-b12c-e1c95dd27136
2024-04-24T05:31:06,359  INFO [main] txn.TxnHandler: Expected to move at least one record from txn_components to completed_txn_components when committing txn! txnid:3
2024-04-24T05:31:06,365  INFO [main] txn.TxnHandler: Removed transactions: ([3]) from MIN_HISTORY_LEVEL
2024-04-24T05:31:06,365  WARN [main] txn.CompactionTxnHandler: No compaction queue record found for Compaction type transaction commit. txnId:3
2024-04-24T05:31:06,366  INFO [main] ql.TxnCommandsBaseForTests: Running the query: drop table if exists nonAcidOrcTbl
2024-04-24T05:31:06,366  INFO [main] ql.Driver: Compiling command(queryId=alex_20240424053106_bf19156d-34bf-4d7b-8025-58ddfc957d42): drop table if exists nonAcidOrcTbl
2024-04-24T05:31:06,368  INFO [main] txn.TxnHandler: Added entries to MIN_HISTORY_LEVEL for current txns: ([4]) with min_open_txn: 1
2024-04-24T05:31:06,369  INFO [main] lockmgr.DbTxnManager: Opened txnid:4
2024-04-24T05:31:06,369  INFO [main] HiveMetaStore.audit: ugi=alex	ip=unknown-ip-addr	cmd=get_table : tbl=hive.default.nonAcidOrcTbl	
2024-04-24T05:31:06,372  INFO [main] ql.Driver: Semantic Analysis Completed (retrial = false)
2024-04-24T05:31:06,372  INFO [main] ql.Driver: Created Hive schema: Schema(fieldSchemas:null, properties:null)
2024-04-24T05:31:06,372  INFO [main] metadata.Hive: Dumping metastore api call timing information for : compilation phase
2024-04-24T05:31:06,373  INFO [main] metadata.Hive: Total time spent in each metastore function (ms): {flushCache_()=0, commitTxn_(CommitTxnRequest)=14, openTxn_(String, TxnType)=2, isCompatibleWith_(Configuration)=1, getValidTxns_(long)=0}
2024-04-24T05:31:06,373  INFO [main] ql.Driver: Completed compiling command(queryId=alex_20240424053106_bf19156d-34bf-4d7b-8025-58ddfc957d42); Time taken: 0.006 seconds
2024-04-24T05:31:06,373  INFO [main] lockmgr.DbTxnManager: Setting lock request transaction to txnid:4 for queryId=alex_20240424053106_bf19156d-34bf-4d7b-8025-58ddfc957d42
2024-04-24T05:31:06,373  INFO [main] ql.Driver: Operation DROPTABLE obtained 0 locks
2024-04-24T05:31:06,373  INFO [main] ql.Driver: Executing command(queryId=alex_20240424053106_bf19156d-34bf-4d7b-8025-58ddfc957d42): drop table if exists nonAcidOrcTbl
2024-04-24T05:31:06,373  INFO [main] ql.Driver: Starting task [Stage-0:DDL] in serial mode
2024-04-24T05:31:06,374  INFO [main] HiveMetaStore.audit: ugi=alex	ip=unknown-ip-addr	cmd=get_table : tbl=hive.default.nonAcidOrcTbl	
2024-04-24T05:31:06,376  INFO [main] metadata.Hive: Dumping metastore api call timing information for : execution phase
2024-04-24T05:31:06,377  INFO [main] metadata.Hive: Total time spent in each metastore function (ms): {isCompatibleWith_(Configuration)=0}
2024-04-24T05:31:06,377  INFO [main] ql.Driver: Completed executing command(queryId=alex_20240424053106_bf19156d-34bf-4d7b-8025-58ddfc957d42); Time taken: 0.003 seconds
2024-04-24T05:31:06,377  INFO [main] lockmgr.DbTxnManager: Stopped heartbeat for query: alex_20240424053106_bf19156d-34bf-4d7b-8025-58ddfc957d42
2024-04-24T05:31:06,382  INFO [main] txn.TxnHandler: Expected to move at least one record from txn_components to completed_txn_components when committing txn! txnid:4
2024-04-24T05:31:06,388  INFO [main] txn.TxnHandler: Removed transactions: ([4]) from MIN_HISTORY_LEVEL
2024-04-24T05:31:06,388  WARN [main] txn.CompactionTxnHandler: No compaction queue record found for Compaction type transaction commit. txnId:4
2024-04-24T05:31:06,388  INFO [main] ql.TxnCommandsBaseForTests: Running the query: drop table if exists nonAcidOrcTbl2
2024-04-24T05:31:06,389  INFO [main] ql.Driver: Compiling command(queryId=alex_20240424053106_68311a6f-8b20-47bb-aead-09bbf304a32a): drop table if exists nonAcidOrcTbl2
2024-04-24T05:31:06,391  INFO [main] txn.TxnHandler: Added entries to MIN_HISTORY_LEVEL for current txns: ([5]) with min_open_txn: 1
2024-04-24T05:31:06,391  INFO [main] lockmgr.DbTxnManager: Opened txnid:5
2024-04-24T05:31:06,392  INFO [main] HiveMetaStore.audit: ugi=alex	ip=unknown-ip-addr	cmd=get_table : tbl=hive.default.nonAcidOrcTbl2	
2024-04-24T05:31:06,395  INFO [main] ql.Driver: Semantic Analysis Completed (retrial = false)
2024-04-24T05:31:06,395  INFO [main] ql.Driver: Created Hive schema: Schema(fieldSchemas:null, properties:null)
2024-04-24T05:31:06,395  INFO [main] metadata.Hive: Dumping metastore api call timing information for : compilation phase
2024-04-24T05:31:06,395  INFO [main] metadata.Hive: Total time spent in each metastore function (ms): {flushCache_()=0, commitTxn_(CommitTxnRequest)=11, openTxn_(String, TxnType)=2, getValidTxns_(long)=0, isCompatibleWith_(Configuration)=0}
2024-04-24T05:31:06,396  INFO [main] ql.Driver: Completed compiling command(queryId=alex_20240424053106_68311a6f-8b20-47bb-aead-09bbf304a32a); Time taken: 0.006 seconds
2024-04-24T05:31:06,396  INFO [main] lockmgr.DbTxnManager: Setting lock request transaction to txnid:5 for queryId=alex_20240424053106_68311a6f-8b20-47bb-aead-09bbf304a32a
2024-04-24T05:31:06,396  INFO [main] ql.Driver: Operation DROPTABLE obtained 0 locks
2024-04-24T05:31:06,396  INFO [main] ql.Driver: Executing command(queryId=alex_20240424053106_68311a6f-8b20-47bb-aead-09bbf304a32a): drop table if exists nonAcidOrcTbl2
2024-04-24T05:31:06,396  INFO [main] ql.Driver: Starting task [Stage-0:DDL] in serial mode
2024-04-24T05:31:06,396  INFO [main] HiveMetaStore.audit: ugi=alex	ip=unknown-ip-addr	cmd=get_table : tbl=hive.default.nonAcidOrcTbl2	
2024-04-24T05:31:06,399  INFO [main] metadata.Hive: Dumping metastore api call timing information for : execution phase
2024-04-24T05:31:06,399  INFO [main] metadata.Hive: Total time spent in each metastore function (ms): {isCompatibleWith_(Configuration)=0}
2024-04-24T05:31:06,400  INFO [main] ql.Driver: Completed executing command(queryId=alex_20240424053106_68311a6f-8b20-47bb-aead-09bbf304a32a); Time taken: 0.003 seconds
2024-04-24T05:31:06,400  INFO [main] lockmgr.DbTxnManager: Stopped heartbeat for query: alex_20240424053106_68311a6f-8b20-47bb-aead-09bbf304a32a
2024-04-24T05:31:06,405  INFO [main] txn.TxnHandler: Expected to move at least one record from txn_components to completed_txn_components when committing txn! txnid:5
2024-04-24T05:31:06,411  INFO [main] txn.TxnHandler: Removed transactions: ([5]) from MIN_HISTORY_LEVEL
2024-04-24T05:31:06,411  WARN [main] txn.CompactionTxnHandler: No compaction queue record found for Compaction type transaction commit. txnId:5
2024-04-24T05:31:06,411  INFO [main] ql.TxnCommandsBaseForTests: Running the query: drop table if exists nonAcidNonBucket
2024-04-24T05:31:06,412  INFO [main] ql.Driver: Compiling command(queryId=alex_20240424053106_5ddb306f-3cee-4641-9d15-492a72d6d955): drop table if exists nonAcidNonBucket
2024-04-24T05:31:06,415  INFO [main] txn.TxnHandler: Added entries to MIN_HISTORY_LEVEL for current txns: ([6]) with min_open_txn: 1
2024-04-24T05:31:06,415  INFO [main] lockmgr.DbTxnManager: Opened txnid:6
2024-04-24T05:31:06,416  INFO [main] HiveMetaStore.audit: ugi=alex	ip=unknown-ip-addr	cmd=get_table : tbl=hive.default.nonAcidNonBucket	
2024-04-24T05:31:06,419  INFO [main] ql.Driver: Semantic Analysis Completed (retrial = false)
2024-04-24T05:31:06,419  INFO [main] ql.Driver: Created Hive schema: Schema(fieldSchemas:null, properties:null)
2024-04-24T05:31:06,419  INFO [main] metadata.Hive: Dumping metastore api call timing information for : compilation phase
2024-04-24T05:31:06,419  INFO [main] metadata.Hive: Total time spent in each metastore function (ms): {getValidTxns_(long)=1, openTxn_(String, TxnType)=3, flushCache_()=0, commitTxn_(CommitTxnRequest)=11, isCompatibleWith_(Configuration)=0}
2024-04-24T05:31:06,419  INFO [main] ql.Driver: Completed compiling command(queryId=alex_20240424053106_5ddb306f-3cee-4641-9d15-492a72d6d955); Time taken: 0.007 seconds
2024-04-24T05:31:06,420  INFO [main] lockmgr.DbTxnManager: Setting lock request transaction to txnid:6 for queryId=alex_20240424053106_5ddb306f-3cee-4641-9d15-492a72d6d955
2024-04-24T05:31:06,420  INFO [main] ql.Driver: Operation DROPTABLE obtained 0 locks
2024-04-24T05:31:06,420  INFO [main] ql.Driver: Executing command(queryId=alex_20240424053106_5ddb306f-3cee-4641-9d15-492a72d6d955): drop table if exists nonAcidNonBucket
2024-04-24T05:31:06,420  INFO [main] ql.Driver: Starting task [Stage-0:DDL] in serial mode
2024-04-24T05:31:06,420  INFO [main] HiveMetaStore.audit: ugi=alex	ip=unknown-ip-addr	cmd=get_table : tbl=hive.default.nonAcidNonBucket	
2024-04-24T05:31:06,424  INFO [main] metadata.Hive: Dumping metastore api call timing information for : execution phase
2024-04-24T05:31:06,424  INFO [main] metadata.Hive: Total time spent in each metastore function (ms): {isCompatibleWith_(Configuration)=0}
2024-04-24T05:31:06,424  INFO [main] ql.Driver: Completed executing command(queryId=alex_20240424053106_5ddb306f-3cee-4641-9d15-492a72d6d955); Time taken: 0.004 seconds
2024-04-24T05:31:06,424  INFO [main] lockmgr.DbTxnManager: Stopped heartbeat for query: alex_20240424053106_5ddb306f-3cee-4641-9d15-492a72d6d955
2024-04-24T05:31:06,430  INFO [main] txn.TxnHandler: Expected to move at least one record from txn_components to completed_txn_components when committing txn! txnid:6
2024-04-24T05:31:06,436  INFO [main] txn.TxnHandler: Removed transactions: ([6]) from MIN_HISTORY_LEVEL
2024-04-24T05:31:06,436  WARN [main] txn.CompactionTxnHandler: No compaction queue record found for Compaction type transaction commit. txnId:6
2024-04-24T05:31:06,437  INFO [main] ql.TxnCommandsBaseForTests: Running the query: create table acidTbl(a int, b int) clustered by (a) into 2 buckets stored as orc TBLPROPERTIES ('transactional'='true')
2024-04-24T05:31:06,437  INFO [main] ql.Driver: Compiling command(queryId=alex_20240424053106_1fd86290-e607-42fd-88d2-3167456bcf26): create table acidTbl(a int, b int) clustered by (a) into 2 buckets stored as orc TBLPROPERTIES ('transactional'='true')
2024-04-24T05:31:06,440  INFO [main] txn.TxnHandler: Added entries to MIN_HISTORY_LEVEL for current txns: ([7]) with min_open_txn: 1
2024-04-24T05:31:06,440  INFO [main] lockmgr.DbTxnManager: Opened txnid:7
2024-04-24T05:31:06,447  INFO [main] HiveMetaStore.audit: ugi=alex	ip=unknown-ip-addr	cmd=get_database: default	
2024-04-24T05:31:06,449  INFO [main] ql.Driver: Semantic Analysis Completed (retrial = false)
2024-04-24T05:31:06,449  INFO [main] ql.Driver: Created Hive schema: Schema(fieldSchemas:null, properties:null)
2024-04-24T05:31:06,449  INFO [main] metadata.Hive: Dumping metastore api call timing information for : compilation phase
2024-04-24T05:31:06,449  INFO [main] metadata.Hive: Total time spent in each metastore function (ms): {isCompatibleWith_(Configuration)=0, commitTxn_(CommitTxnRequest)=13, getValidWriteIds_(List, String)=6, openTxn_(String, TxnType)=2, getDatabase_(String)=2, flushCache_()=0, getValidTxns_(long)=0}
2024-04-24T05:31:06,450  INFO [main] ql.Driver: Completed compiling command(queryId=alex_20240424053106_1fd86290-e607-42fd-88d2-3167456bcf26); Time taken: 0.012 seconds
2024-04-24T05:31:06,450  INFO [main] lockmgr.DbTxnManager: Setting lock request transaction to txnid:7 for queryId=alex_20240424053106_1fd86290-e607-42fd-88d2-3167456bcf26
2024-04-24T05:31:06,450  INFO [main] lockmgr.DbLockManager: Requesting lock for queryId=alex_20240424053106_1fd86290-e607-42fd-88d2-3167456bcf26
2024-04-24T05:31:06,470  INFO [main] lockmgr.DbLockManager: Response to queryId=alex_20240424053106_1fd86290-e607-42fd-88d2-3167456bcf26 LockResponse(lockid:1, state:ACQUIRED)
2024-04-24T05:31:06,470  INFO [main] ql.Driver: Operation CREATETABLE obtained 1 locks
2024-04-24T05:31:06,471  INFO [main] ql.Driver: Executing command(queryId=alex_20240424053106_1fd86290-e607-42fd-88d2-3167456bcf26): create table acidTbl(a int, b int) clustered by (a) into 2 buckets stored as orc TBLPROPERTIES ('transactional'='true')
2024-04-24T05:31:06,471  INFO [main] ql.Driver: Starting task [Stage-0:DDL] in serial mode
2024-04-24T05:31:06,472  INFO [main] HiveMetaStore.audit: ugi=alex	ip=unknown-ip-addr	cmd=create_table_req: Table(tableName:acidTbl, dbName:default, owner:alex, createTime:1713961866, lastAccessTime:0, retention:0, sd:StorageDescriptor(cols:[FieldSchema(name:a, type:int, comment:null), FieldSchema(name:b, type:int, comment:null)], location:null, inputFormat:org.apache.hadoop.hive.ql.io.orc.OrcInputFormat, outputFormat:org.apache.hadoop.hive.ql.io.orc.OrcOutputFormat, compressed:false, numBuckets:2, serdeInfo:SerDeInfo(name:null, serializationLib:org.apache.hadoop.hive.ql.io.orc.OrcSerde, parameters:{serialization.format=1}), bucketCols:[a], sortCols:[], parameters:{}, skewedInfo:SkewedInfo(skewedColNames:[], skewedColValues:[], skewedColValueLocationMaps:{}), storedAsSubDirectories:false), partitionKeys:[], parameters:{COLUMN_STATS_ACCURATE={"BASIC_STATS":"true","COLUMN_STATS":{"a":"true","b":"true"}}, bucketing_version=2, numRows=0, numFilesErasureCoded=0, numFiles=0, totalSize=0, transactional=true, rawDataSize=0}, viewOriginalText:null, viewExpandedText:null, tableType:MANAGED_TABLE, privileges:PrincipalPrivilegeSet(userPrivileges:{alex=[PrivilegeGrantInfo(privilege:INSERT, createTime:-1, grantor:alex, grantorType:USER, grantOption:true), PrivilegeGrantInfo(privilege:SELECT, createTime:-1, grantor:alex, grantorType:USER, grantOption:true), PrivilegeGrantInfo(privilege:UPDATE, createTime:-1, grantor:alex, grantorType:USER, grantOption:true), PrivilegeGrantInfo(privilege:DELETE, createTime:-1, grantor:alex, grantorType:USER, grantOption:true)]}, groupPrivileges:null, rolePrivileges:null), temporary:false, catName:hive, ownerType:USER, writeId:0)	
2024-04-24T05:31:06,478  INFO [main] utils.FileUtils: Creating directory if it doesn't exist: file:/home/alex/Repositories/hive/ql/target/tmp/org.apache.hadoop.hive.ql.util.TestHiveStrictManagedMigration-1713961843282/warehouse/acidtbl
2024-04-24T05:31:06,516  INFO [main] metadata.Hive: Dumping metastore api call timing information for : execution phase
2024-04-24T05:31:06,516  INFO [main] metadata.Hive: Total time spent in each metastore function (ms): {createTable_(Table)=44, isCompatibleWith_(Configuration)=0}
2024-04-24T05:31:06,516  INFO [main] ql.Driver: Completed executing command(queryId=alex_20240424053106_1fd86290-e607-42fd-88d2-3167456bcf26); Time taken: 0.045 seconds
2024-04-24T05:31:06,516  INFO [main] lockmgr.DbTxnManager: Stopped heartbeat for query: alex_20240424053106_1fd86290-e607-42fd-88d2-3167456bcf26
2024-04-24T05:31:06,521  INFO [main] txn.TxnHandler: Expected to move at least one record from txn_components to completed_txn_components when committing txn! txnid:7
2024-04-24T05:31:06,528  INFO [main] txn.TxnHandler: Removed transactions: ([7]) from MIN_HISTORY_LEVEL
2024-04-24T05:31:06,528  WARN [main] txn.CompactionTxnHandler: No compaction queue record found for Compaction type transaction commit. txnId:7
2024-04-24T05:31:06,529  INFO [main] ql.TxnCommandsBaseForTests: Running the query: create table acidTblPart(a int, b int) partitioned by (p string) clustered by (a) into 2 buckets stored as orc TBLPROPERTIES ('transactional'='true')
2024-04-24T05:31:06,529  INFO [main] ql.Driver: Compiling command(queryId=alex_20240424053106_8715b480-0bab-4927-b712-0eabdbcaed5f): create table acidTblPart(a int, b int) partitioned by (p string) clustered by (a) into 2 buckets stored as orc TBLPROPERTIES ('transactional'='true')
2024-04-24T05:31:06,532  INFO [main] txn.TxnHandler: Added entries to MIN_HISTORY_LEVEL for current txns: ([8]) with min_open_txn: 1
2024-04-24T05:31:06,532  INFO [main] lockmgr.DbTxnManager: Opened txnid:8
2024-04-24T05:31:06,536  INFO [main] HiveMetaStore.audit: ugi=alex	ip=unknown-ip-addr	cmd=get_database: default	
2024-04-24T05:31:06,538  INFO [main] ql.Driver: Semantic Analysis Completed (retrial = false)
2024-04-24T05:31:06,538  INFO [main] ql.Driver: Created Hive schema: Schema(fieldSchemas:null, properties:null)
2024-04-24T05:31:06,538  INFO [main] metadata.Hive: Dumping metastore api call timing information for : compilation phase
2024-04-24T05:31:06,538  INFO [main] metadata.Hive: Total time spent in each metastore function (ms): {getDatabase_(String)=2, flushCache_()=0, openTxn_(String, TxnType)=2, isCompatibleWith_(Configuration)=0, getValidTxns_(long)=0, getValidWriteIds_(List, String)=3, commitTxn_(CommitTxnRequest)=13}
2024-04-24T05:31:06,538  INFO [main] ql.Driver: Completed compiling command(queryId=alex_20240424053106_8715b480-0bab-4927-b712-0eabdbcaed5f); Time taken: 0.009 seconds
2024-04-24T05:31:06,539  INFO [main] lockmgr.DbTxnManager: Setting lock request transaction to txnid:8 for queryId=alex_20240424053106_8715b480-0bab-4927-b712-0eabdbcaed5f
2024-04-24T05:31:06,539  INFO [main] lockmgr.DbLockManager: Requesting lock for queryId=alex_20240424053106_8715b480-0bab-4927-b712-0eabdbcaed5f
2024-04-24T05:31:06,555  INFO [main] lockmgr.DbLockManager: Response to queryId=alex_20240424053106_8715b480-0bab-4927-b712-0eabdbcaed5f LockResponse(lockid:2, state:ACQUIRED)
2024-04-24T05:31:06,555  INFO [main] ql.Driver: Operation CREATETABLE obtained 1 locks
2024-04-24T05:31:06,555  INFO [main] ql.Driver: Executing command(queryId=alex_20240424053106_8715b480-0bab-4927-b712-0eabdbcaed5f): create table acidTblPart(a int, b int) partitioned by (p string) clustered by (a) into 2 buckets stored as orc TBLPROPERTIES ('transactional'='true')
2024-04-24T05:31:06,556  INFO [main] ql.Driver: Starting task [Stage-0:DDL] in serial mode
2024-04-24T05:31:06,557  INFO [main] HiveMetaStore.audit: ugi=alex	ip=unknown-ip-addr	cmd=create_table_req: Table(tableName:acidTblPart, dbName:default, owner:alex, createTime:1713961866, lastAccessTime:0, retention:0, sd:StorageDescriptor(cols:[FieldSchema(name:a, type:int, comment:null), FieldSchema(name:b, type:int, comment:null)], location:null, inputFormat:org.apache.hadoop.hive.ql.io.orc.OrcInputFormat, outputFormat:org.apache.hadoop.hive.ql.io.orc.OrcOutputFormat, compressed:false, numBuckets:2, serdeInfo:SerDeInfo(name:null, serializationLib:org.apache.hadoop.hive.ql.io.orc.OrcSerde, parameters:{serialization.format=1}), bucketCols:[a], sortCols:[], parameters:{}, skewedInfo:SkewedInfo(skewedColNames:[], skewedColValues:[], skewedColValueLocationMaps:{}), storedAsSubDirectories:false), partitionKeys:[FieldSchema(name:p, type:string, comment:null)], parameters:{transactional=true, bucketing_version=2}, viewOriginalText:null, viewExpandedText:null, tableType:MANAGED_TABLE, privileges:PrincipalPrivilegeSet(userPrivileges:{alex=[PrivilegeGrantInfo(privilege:INSERT, createTime:-1, grantor:alex, grantorType:USER, grantOption:true), PrivilegeGrantInfo(privilege:SELECT, createTime:-1, grantor:alex, grantorType:USER, grantOption:true), PrivilegeGrantInfo(privilege:UPDATE, createTime:-1, grantor:alex, grantorType:USER, grantOption:true), PrivilegeGrantInfo(privilege:DELETE, createTime:-1, grantor:alex, grantorType:USER, grantOption:true)]}, groupPrivileges:null, rolePrivileges:null), temporary:false, catName:hive, ownerType:USER, writeId:0)	
2024-04-24T05:31:06,563  INFO [main] utils.FileUtils: Creating directory if it doesn't exist: file:/home/alex/Repositories/hive/ql/target/tmp/org.apache.hadoop.hive.ql.util.TestHiveStrictManagedMigration-1713961843282/warehouse/acidtblpart
2024-04-24T05:31:06,584  INFO [main] metadata.Hive: Dumping metastore api call timing information for : execution phase
2024-04-24T05:31:06,584  INFO [main] metadata.Hive: Total time spent in each metastore function (ms): {createTable_(Table)=28, isCompatibleWith_(Configuration)=0}
2024-04-24T05:31:06,584  INFO [main] ql.Driver: Completed executing command(queryId=alex_20240424053106_8715b480-0bab-4927-b712-0eabdbcaed5f); Time taken: 0.029 seconds
2024-04-24T05:31:06,584  INFO [main] lockmgr.DbTxnManager: Stopped heartbeat for query: alex_20240424053106_8715b480-0bab-4927-b712-0eabdbcaed5f
2024-04-24T05:31:06,588  INFO [main] txn.TxnHandler: Expected to move at least one record from txn_components to completed_txn_components when committing txn! txnid:8
2024-04-24T05:31:06,595  INFO [main] txn.TxnHandler: Removed transactions: ([8]) from MIN_HISTORY_LEVEL
2024-04-24T05:31:06,596  WARN [main] txn.CompactionTxnHandler: No compaction queue record found for Compaction type transaction commit. txnId:8
2024-04-24T05:31:06,596  INFO [main] ql.TxnCommandsBaseForTests: Running the query: create table nonAcidOrcTbl(a int, b int) clustered by (a) into 2 buckets stored as orc TBLPROPERTIES ('transactional'='false')
2024-04-24T05:31:06,597  INFO [main] ql.Driver: Compiling command(queryId=alex_20240424053106_0ae0257a-3d03-4a99-ac1f-1a57db40d545): create table nonAcidOrcTbl(a int, b int) clustered by (a) into 2 buckets stored as orc TBLPROPERTIES ('transactional'='false')
2024-04-24T05:31:06,599  INFO [main] txn.TxnHandler: Added entries to MIN_HISTORY_LEVEL for current txns: ([9]) with min_open_txn: 1
2024-04-24T05:31:06,600  INFO [main] lockmgr.DbTxnManager: Opened txnid:9
2024-04-24T05:31:06,603  INFO [main] HiveMetaStore.audit: ugi=alex	ip=unknown-ip-addr	cmd=get_database: default	
2024-04-24T05:31:06,605  INFO [main] ql.Driver: Semantic Analysis Completed (retrial = false)
2024-04-24T05:31:06,605  INFO [main] ql.Driver: Created Hive schema: Schema(fieldSchemas:null, properties:null)
2024-04-24T05:31:06,605  INFO [main] metadata.Hive: Dumping metastore api call timing information for : compilation phase
2024-04-24T05:31:06,605  INFO [main] metadata.Hive: Total time spent in each metastore function (ms): {isCompatibleWith_(Configuration)=2, getValidWriteIds_(List, String)=2, getValidTxns_(long)=0, commitTxn_(CommitTxnRequest)=11, flushCache_()=0, getDatabase_(String)=2, openTxn_(String, TxnType)=2}
2024-04-24T05:31:06,605  INFO [main] ql.Driver: Completed compiling command(queryId=alex_20240424053106_0ae0257a-3d03-4a99-ac1f-1a57db40d545); Time taken: 0.008 seconds
2024-04-24T05:31:06,605  INFO [main] lockmgr.DbTxnManager: Setting lock request transaction to txnid:9 for queryId=alex_20240424053106_0ae0257a-3d03-4a99-ac1f-1a57db40d545
2024-04-24T05:31:06,606  INFO [main] lockmgr.DbLockManager: Requesting lock for queryId=alex_20240424053106_0ae0257a-3d03-4a99-ac1f-1a57db40d545
2024-04-24T05:31:06,620  INFO [main] lockmgr.DbLockManager: Response to queryId=alex_20240424053106_0ae0257a-3d03-4a99-ac1f-1a57db40d545 LockResponse(lockid:3, state:ACQUIRED)
2024-04-24T05:31:06,620  INFO [main] ql.Driver: Operation CREATETABLE obtained 1 locks
2024-04-24T05:31:06,620  INFO [main] ql.Driver: Executing command(queryId=alex_20240424053106_0ae0257a-3d03-4a99-ac1f-1a57db40d545): create table nonAcidOrcTbl(a int, b int) clustered by (a) into 2 buckets stored as orc TBLPROPERTIES ('transactional'='false')
2024-04-24T05:31:06,620  INFO [main] ql.Driver: Starting task [Stage-0:DDL] in serial mode
2024-04-24T05:31:06,621  INFO [main] HiveMetaStore.audit: ugi=alex	ip=unknown-ip-addr	cmd=create_table_req: Table(tableName:nonAcidOrcTbl, dbName:default, owner:alex, createTime:1713961866, lastAccessTime:0, retention:0, sd:StorageDescriptor(cols:[FieldSchema(name:a, type:int, comment:null), FieldSchema(name:b, type:int, comment:null)], location:null, inputFormat:org.apache.hadoop.hive.ql.io.orc.OrcInputFormat, outputFormat:org.apache.hadoop.hive.ql.io.orc.OrcOutputFormat, compressed:false, numBuckets:2, serdeInfo:SerDeInfo(name:null, serializationLib:org.apache.hadoop.hive.ql.io.orc.OrcSerde, parameters:{serialization.format=1}), bucketCols:[a], sortCols:[], parameters:{}, skewedInfo:SkewedInfo(skewedColNames:[], skewedColValues:[], skewedColValueLocationMaps:{}), storedAsSubDirectories:false), partitionKeys:[], parameters:{numFilesErasureCoded=0, numRows=0, transactional=false, rawDataSize=0, bucketing_version=2, totalSize=0, COLUMN_STATS_ACCURATE={"BASIC_STATS":"true","COLUMN_STATS":{"a":"true","b":"true"}}, numFiles=0}, viewOriginalText:null, viewExpandedText:null, tableType:MANAGED_TABLE, privileges:PrincipalPrivilegeSet(userPrivileges:{alex=[PrivilegeGrantInfo(privilege:INSERT, createTime:-1, grantor:alex, grantorType:USER, grantOption:true), PrivilegeGrantInfo(privilege:SELECT, createTime:-1, grantor:alex, grantorType:USER, grantOption:true), PrivilegeGrantInfo(privilege:UPDATE, createTime:-1, grantor:alex, grantorType:USER, grantOption:true), PrivilegeGrantInfo(privilege:DELETE, createTime:-1, grantor:alex, grantorType:USER, grantOption:true)]}, groupPrivileges:null, rolePrivileges:null), temporary:false, catName:hive, ownerType:USER)	
2024-04-24T05:31:06,624  WARN [main] metastore.HMSHandler: create_table_req got 
org.apache.hadoop.hive.metastore.api.MetaException: Table default.nonAcidOrcTbl failed strict managed table checks due to the following reason: Table is marked as a managed table but is not transactional.
	at org.apache.hadoop.hive.metastore.utils.HiveStrictManagedUtils.validateStrictManagedTableWithThrow(HiveStrictManagedUtils.java:33) ~[classes/:?]
	at org.apache.hadoop.hive.metastore.TransactionalValidationListener.handle(TransactionalValidationListener.java:92) ~[classes/:?]
	at org.apache.hadoop.hive.metastore.TransactionalValidationListener.onEvent(TransactionalValidationListener.java:72) ~[classes/:?]
	at org.apache.hadoop.hive.metastore.HMSHandler.firePreEvent(HMSHandler.java:4033) ~[classes/:?]
	at org.apache.hadoop.hive.metastore.HMSHandler.create_table_core(HMSHandler.java:2392) ~[classes/:?]
	at org.apache.hadoop.hive.metastore.HMSHandler.create_table_req(HMSHandler.java:2598) ~[classes/:?]
	at sun.reflect.GeneratedMethodAccessor103.invoke(Unknown Source) ~[?:?]
	at sun.reflect.DelegatingMethodAccessorImpl.invoke(DelegatingMethodAccessorImpl.java:43) ~[?:1.8.0_402]
	at java.lang.reflect.Method.invoke(Method.java:498) ~[?:1.8.0_402]
	at org.apache.hadoop.hive.metastore.RetryingHMSHandler.invokeInternal(RetryingHMSHandler.java:147) ~[classes/:?]
	at org.apache.hadoop.hive.metastore.RetryingHMSHandler.invoke(RetryingHMSHandler.java:108) ~[classes/:?]
	at com.sun.proxy.$Proxy39.create_table_req(Unknown Source) ~[?:?]
	at org.apache.hadoop.hive.metastore.HiveMetaStoreClient.create_table_with_environment_context(HiveMetaStoreClient.java:4408) ~[classes/:?]
	at org.apache.hadoop.hive.ql.metadata.SessionHiveMetaStoreClient.create_table_with_environment_context(SessionHiveMetaStoreClient.java:182) ~[classes/:?]
	at org.apache.hadoop.hive.metastore.HiveMetaStoreClient.createTable(HiveMetaStoreClient.java:1260) ~[classes/:?]
	at org.apache.hadoop.hive.metastore.HiveMetaStoreClient.createTable(HiveMetaStoreClient.java:1245) ~[classes/:?]
	at sun.reflect.GeneratedMethodAccessor102.invoke(Unknown Source) ~[?:?]
	at sun.reflect.DelegatingMethodAccessorImpl.invoke(DelegatingMethodAccessorImpl.java:43) ~[?:1.8.0_402]
	at java.lang.reflect.Method.invoke(Method.java:498) ~[?:1.8.0_402]
	at org.apache.hadoop.hive.metastore.RetryingMetaStoreClient.invoke(RetryingMetaStoreClient.java:218) ~[classes/:?]
	at com.sun.proxy.$Proxy40.createTable(Unknown Source) ~[?:?]
	at org.apache.hadoop.hive.ql.metadata.Hive.createTable(Hive.java:1290) ~[classes/:?]
	at org.apache.hadoop.hive.ql.metadata.Hive.createTable(Hive.java:1306) ~[classes/:?]
	at org.apache.hadoop.hive.ql.ddl.table.create.CreateTableOperation.createTableNonReplaceMode(CreateTableOperation.java:140) ~[classes/:?]
	at org.apache.hadoop.hive.ql.ddl.table.create.CreateTableOperation.execute(CreateTableOperation.java:98) ~[classes/:?]
	at org.apache.hadoop.hive.ql.ddl.DDLTask.execute(DDLTask.java:84) ~[classes/:?]
	at org.apache.hadoop.hive.ql.exec.Task.executeTask(Task.java:212) ~[classes/:?]
	at org.apache.hadoop.hive.ql.exec.TaskRunner.runSequential(TaskRunner.java:105) ~[classes/:?]
	at org.apache.hadoop.hive.ql.Executor.launchTask(Executor.java:361) ~[classes/:?]
	at org.apache.hadoop.hive.ql.Executor.launchTasks(Executor.java:334) ~[classes/:?]
	at org.apache.hadoop.hive.ql.Executor.runTasks(Executor.java:245) ~[classes/:?]
	at org.apache.hadoop.hive.ql.Executor.execute(Executor.java:108) ~[classes/:?]
	at org.apache.hadoop.hive.ql.Driver.execute(Driver.java:348) ~[classes/:?]
	at org.apache.hadoop.hive.ql.Driver.runInternal(Driver.java:204) ~[classes/:?]
	at org.apache.hadoop.hive.ql.Driver.run(Driver.java:153) ~[classes/:?]
	at org.apache.hadoop.hive.ql.Driver.run(Driver.java:140) ~[classes/:?]
	at org.apache.hadoop.hive.ql.TxnCommandsBaseForTests.runStatementOnDriver(TxnCommandsBaseForTests.java:245) ~[test-classes/:?]
	at org.apache.hadoop.hive.ql.TxnCommandsBaseForTests.setUpInternal(TxnCommandsBaseForTests.java:144) ~[test-classes/:?]
	at org.apache.hadoop.hive.ql.TxnCommandsBaseForTests.setUp(TxnCommandsBaseForTests.java:94) ~[test-classes/:?]
	at sun.reflect.NativeMethodAccessorImpl.invoke0(Native Method) ~[?:1.8.0_402]
	at sun.reflect.NativeMethodAccessorImpl.invoke(NativeMethodAccessorImpl.java:62) ~[?:1.8.0_402]
	at sun.reflect.DelegatingMethodAccessorImpl.invoke(DelegatingMethodAccessorImpl.java:43) ~[?:1.8.0_402]
	at java.lang.reflect.Method.invoke(Method.java:498) ~[?:1.8.0_402]
	at org.junit.runners.model.FrameworkMethod$1.runReflectiveCall(FrameworkMethod.java:59) ~[junit-4.13.jar:4.13]
	at org.junit.internal.runners.model.ReflectiveCallable.run(ReflectiveCallable.java:12) ~[junit-4.13.jar:4.13]
	at org.junit.runners.model.FrameworkMethod.invokeExplosively(FrameworkMethod.java:56) ~[junit-4.13.jar:4.13]
	at org.junit.internal.runners.statements.RunBefores.invokeMethod(RunBefores.java:33) ~[junit-4.13.jar:4.13]
	at org.junit.internal.runners.statements.RunBefores.evaluate(RunBefores.java:24) ~[junit-4.13.jar:4.13]
	at org.junit.internal.runners.statements.RunAfters.evaluate(RunAfters.java:27) ~[junit-4.13.jar:4.13]
	at org.junit.rules.TestWatcher$1.evaluate(TestWatcher.java:61) ~[junit-4.13.jar:4.13]
	at org.junit.runners.ParentRunner$3.evaluate(ParentRunner.java:306) ~[junit-4.13.jar:4.13]
	at org.junit.runners.BlockJUnit4ClassRunner$1.evaluate(BlockJUnit4ClassRunner.java:100) ~[junit-4.13.jar:4.13]
	at org.junit.runners.ParentRunner.runLeaf(ParentRunner.java:366) ~[junit-4.13.jar:4.13]
	at org.junit.runners.BlockJUnit4ClassRunner.runChild(BlockJUnit4ClassRunner.java:103) ~[junit-4.13.jar:4.13]
	at org.junit.runners.BlockJUnit4ClassRunner.runChild(BlockJUnit4ClassRunner.java:63) ~[junit-4.13.jar:4.13]
	at org.junit.runners.ParentRunner$4.run(ParentRunner.java:331) ~[junit-4.13.jar:4.13]
	at org.junit.runners.ParentRunner$1.schedule(ParentRunner.java:79) ~[junit-4.13.jar:4.13]
	at org.junit.runners.ParentRunner.runChildren(ParentRunner.java:329) ~[junit-4.13.jar:4.13]
	at org.junit.runners.ParentRunner.access$100(ParentRunner.java:66) ~[junit-4.13.jar:4.13]
	at org.junit.runners.ParentRunner$2.evaluate(ParentRunner.java:293) ~[junit-4.13.jar:4.13]
	at org.junit.runners.ParentRunner$3.evaluate(ParentRunner.java:306) ~[junit-4.13.jar:4.13]
	at org.junit.runners.ParentRunner.run(ParentRunner.java:413) ~[junit-4.13.jar:4.13]
	at org.junit.runner.JUnitCore.run(JUnitCore.java:137) ~[junit-4.13.jar:4.13]
	at org.junit.runner.JUnitCore.run(JUnitCore.java:115) ~[junit-4.13.jar:4.13]
	at org.junit.vintage.engine.execution.RunnerExecutor.execute(RunnerExecutor.java:43) ~[junit-vintage-engine-5.6.2.jar:5.6.2]
	at java.util.stream.ForEachOps$ForEachOp$OfRef.accept(ForEachOps.java:183) ~[?:1.8.0_402]
	at java.util.stream.ReferencePipeline$3$1.accept(ReferencePipeline.java:193) ~[?:1.8.0_402]
	at java.util.Iterator.forEachRemaining(Iterator.java:116) ~[?:1.8.0_402]
	at java.util.Spliterators$IteratorSpliterator.forEachRemaining(Spliterators.java:1801) ~[?:1.8.0_402]
	at java.util.stream.AbstractPipeline.copyInto(AbstractPipeline.java:482) ~[?:1.8.0_402]
	at java.util.stream.AbstractPipeline.wrapAndCopyInto(AbstractPipeline.java:472) ~[?:1.8.0_402]
	at java.util.stream.ForEachOps$ForEachOp.evaluateSequential(ForEachOps.java:150) ~[?:1.8.0_402]
	at java.util.stream.ForEachOps$ForEachOp$OfRef.evaluateSequential(ForEachOps.java:173) ~[?:1.8.0_402]
	at java.util.stream.AbstractPipeline.evaluate(AbstractPipeline.java:234) ~[?:1.8.0_402]
	at java.util.stream.ReferencePipeline.forEach(ReferencePipeline.java:485) ~[?:1.8.0_402]
	at org.junit.vintage.engine.VintageTestEngine.executeAllChildren(VintageTestEngine.java:82) ~[junit-vintage-engine-5.6.2.jar:5.6.2]
	at org.junit.vintage.engine.VintageTestEngine.execute(VintageTestEngine.java:73) ~[junit-vintage-engine-5.6.2.jar:5.6.2]
	at org.junit.platform.launcher.core.DefaultLauncher.execute(DefaultLauncher.java:248) ~[junit-platform-launcher-1.6.2.jar:1.6.2]
	at org.junit.platform.launcher.core.DefaultLauncher.lambda$execute$5(DefaultLauncher.java:211) ~[junit-platform-launcher-1.6.2.jar:1.6.2]
	at org.junit.platform.launcher.core.DefaultLauncher.withInterceptedStreams(DefaultLauncher.java:226) [junit-platform-launcher-1.6.2.jar:1.6.2]
	at org.junit.platform.launcher.core.DefaultLauncher.execute(DefaultLauncher.java:199) [junit-platform-launcher-1.6.2.jar:1.6.2]
	at org.junit.platform.launcher.core.DefaultLauncher.execute(DefaultLauncher.java:132) [junit-platform-launcher-1.6.2.jar:1.6.2]
	at org.apache.maven.surefire.junitplatform.JUnitPlatformProvider.invokeAllTests(JUnitPlatformProvider.java:154) [surefire-junit-platform-3.0.0-M4.jar:3.0.0-M4]
	at org.apache.maven.surefire.junitplatform.JUnitPlatformProvider.invoke(JUnitPlatformProvider.java:123) [surefire-junit-platform-3.0.0-M4.jar:3.0.0-M4]
	at org.apache.maven.surefire.booter.ForkedBooter.runSuitesInProcess(ForkedBooter.java:377) [surefire-booter-3.0.0-M4.jar:3.0.0-M4]
	at org.apache.maven.surefire.booter.ForkedBooter.execute(ForkedBooter.java:138) [surefire-booter-3.0.0-M4.jar:3.0.0-M4]
	at org.apache.maven.surefire.booter.ForkedBooter.run(ForkedBooter.java:465) [surefire-booter-3.0.0-M4.jar:3.0.0-M4]
	at org.apache.maven.surefire.booter.ForkedBooter.main(ForkedBooter.java:451) [surefire-booter-3.0.0-M4.jar:3.0.0-M4]
2024-04-24T05:31:06,628 ERROR [main] metastore.RetryingHMSHandler: MetaException(message:Table default.nonAcidOrcTbl failed strict managed table checks due to the following reason: Table is marked as a managed table but is not transactional.)
	at org.apache.hadoop.hive.metastore.utils.HiveStrictManagedUtils.validateStrictManagedTableWithThrow(HiveStrictManagedUtils.java:33)
	at org.apache.hadoop.hive.metastore.TransactionalValidationListener.handle(TransactionalValidationListener.java:92)
	at org.apache.hadoop.hive.metastore.TransactionalValidationListener.onEvent(TransactionalValidationListener.java:72)
	at org.apache.hadoop.hive.metastore.HMSHandler.firePreEvent(HMSHandler.java:4033)
	at org.apache.hadoop.hive.metastore.HMSHandler.create_table_core(HMSHandler.java:2392)
	at org.apache.hadoop.hive.metastore.HMSHandler.create_table_req(HMSHandler.java:2598)
	at sun.reflect.GeneratedMethodAccessor103.invoke(Unknown Source)
	at sun.reflect.DelegatingMethodAccessorImpl.invoke(DelegatingMethodAccessorImpl.java:43)
	at java.lang.reflect.Method.invoke(Method.java:498)
	at org.apache.hadoop.hive.metastore.RetryingHMSHandler.invokeInternal(RetryingHMSHandler.java:147)
	at org.apache.hadoop.hive.metastore.RetryingHMSHandler.invoke(RetryingHMSHandler.java:108)
	at com.sun.proxy.$Proxy39.create_table_req(Unknown Source)
	at org.apache.hadoop.hive.metastore.HiveMetaStoreClient.create_table_with_environment_context(HiveMetaStoreClient.java:4408)
	at org.apache.hadoop.hive.ql.metadata.SessionHiveMetaStoreClient.create_table_with_environment_context(SessionHiveMetaStoreClient.java:182)
	at org.apache.hadoop.hive.metastore.HiveMetaStoreClient.createTable(HiveMetaStoreClient.java:1260)
	at org.apache.hadoop.hive.metastore.HiveMetaStoreClient.createTable(HiveMetaStoreClient.java:1245)
	at sun.reflect.GeneratedMethodAccessor102.invoke(Unknown Source)
	at sun.reflect.DelegatingMethodAccessorImpl.invoke(DelegatingMethodAccessorImpl.java:43)
	at java.lang.reflect.Method.invoke(Method.java:498)
	at org.apache.hadoop.hive.metastore.RetryingMetaStoreClient.invoke(RetryingMetaStoreClient.java:218)
	at com.sun.proxy.$Proxy40.createTable(Unknown Source)
	at org.apache.hadoop.hive.ql.metadata.Hive.createTable(Hive.java:1290)
	at org.apache.hadoop.hive.ql.metadata.Hive.createTable(Hive.java:1306)
	at org.apache.hadoop.hive.ql.ddl.table.create.CreateTableOperation.createTableNonReplaceMode(CreateTableOperation.java:140)
	at org.apache.hadoop.hive.ql.ddl.table.create.CreateTableOperation.execute(CreateTableOperation.java:98)
	at org.apache.hadoop.hive.ql.ddl.DDLTask.execute(DDLTask.java:84)
	at org.apache.hadoop.hive.ql.exec.Task.executeTask(Task.java:212)
	at org.apache.hadoop.hive.ql.exec.TaskRunner.runSequential(TaskRunner.java:105)
	at org.apache.hadoop.hive.ql.Executor.launchTask(Executor.java:361)
	at org.apache.hadoop.hive.ql.Executor.launchTasks(Executor.java:334)
	at org.apache.hadoop.hive.ql.Executor.runTasks(Executor.java:245)
	at org.apache.hadoop.hive.ql.Executor.execute(Executor.java:108)
	at org.apache.hadoop.hive.ql.Driver.execute(Driver.java:348)
	at org.apache.hadoop.hive.ql.Driver.runInternal(Driver.java:204)
	at org.apache.hadoop.hive.ql.Driver.run(Driver.java:153)
	at org.apache.hadoop.hive.ql.Driver.run(Driver.java:140)
	at org.apache.hadoop.hive.ql.TxnCommandsBaseForTests.runStatementOnDriver(TxnCommandsBaseForTests.java:245)
	at org.apache.hadoop.hive.ql.TxnCommandsBaseForTests.setUpInternal(TxnCommandsBaseForTests.java:144)
	at org.apache.hadoop.hive.ql.TxnCommandsBaseForTests.setUp(TxnCommandsBaseForTests.java:94)
	at sun.reflect.NativeMethodAccessorImpl.invoke0(Native Method)
	at sun.reflect.NativeMethodAccessorImpl.invoke(NativeMethodAccessorImpl.java:62)
	at sun.reflect.DelegatingMethodAccessorImpl.invoke(DelegatingMethodAccessorImpl.java:43)
	at java.lang.reflect.Method.invoke(Method.java:498)
	at org.junit.runners.model.FrameworkMethod$1.runReflectiveCall(FrameworkMethod.java:59)
	at org.junit.internal.runners.model.ReflectiveCallable.run(ReflectiveCallable.java:12)
	at org.junit.runners.model.FrameworkMethod.invokeExplosively(FrameworkMethod.java:56)
	at org.junit.internal.runners.statements.RunBefores.invokeMethod(RunBefores.java:33)
	at org.junit.internal.runners.statements.RunBefores.evaluate(RunBefores.java:24)
	at org.junit.internal.runners.statements.RunAfters.evaluate(RunAfters.java:27)
	at org.junit.rules.TestWatcher$1.evaluate(TestWatcher.java:61)
	at org.junit.runners.ParentRunner$3.evaluate(ParentRunner.java:306)
	at org.junit.runners.BlockJUnit4ClassRunner$1.evaluate(BlockJUnit4ClassRunner.java:100)
	at org.junit.runners.ParentRunner.runLeaf(ParentRunner.java:366)
	at org.junit.runners.BlockJUnit4ClassRunner.runChild(BlockJUnit4ClassRunner.java:103)
	at org.junit.runners.BlockJUnit4ClassRunner.runChild(BlockJUnit4ClassRunner.java:63)
	at org.junit.runners.ParentRunner$4.run(ParentRunner.java:331)
	at org.junit.runners.ParentRunner$1.schedule(ParentRunner.java:79)
	at org.junit.runners.ParentRunner.runChildren(ParentRunner.java:329)
	at org.junit.runners.ParentRunner.access$100(ParentRunner.java:66)
	at org.junit.runners.ParentRunner$2.evaluate(ParentRunner.java:293)
	at org.junit.runners.ParentRunner$3.evaluate(ParentRunner.java:306)
	at org.junit.runners.ParentRunner.run(ParentRunner.java:413)
	at org.junit.runner.JUnitCore.run(JUnitCore.java:137)
	at org.junit.runner.JUnitCore.run(JUnitCore.java:115)
	at org.junit.vintage.engine.execution.RunnerExecutor.execute(RunnerExecutor.java:43)
	at java.util.stream.ForEachOps$ForEachOp$OfRef.accept(ForEachOps.java:183)
	at java.util.stream.ReferencePipeline$3$1.accept(ReferencePipeline.java:193)
	at java.util.Iterator.forEachRemaining(Iterator.java:116)
	at java.util.Spliterators$IteratorSpliterator.forEachRemaining(Spliterators.java:1801)
	at java.util.stream.AbstractPipeline.copyInto(AbstractPipeline.java:482)
	at java.util.stream.AbstractPipeline.wrapAndCopyInto(AbstractPipeline.java:472)
	at java.util.stream.ForEachOps$ForEachOp.evaluateSequential(ForEachOps.java:150)
	at java.util.stream.ForEachOps$ForEachOp$OfRef.evaluateSequential(ForEachOps.java:173)
	at java.util.stream.AbstractPipeline.evaluate(AbstractPipeline.java:234)
	at java.util.stream.ReferencePipeline.forEach(ReferencePipeline.java:485)
	at org.junit.vintage.engine.VintageTestEngine.executeAllChildren(VintageTestEngine.java:82)
	at org.junit.vintage.engine.VintageTestEngine.execute(VintageTestEngine.java:73)
	at org.junit.platform.launcher.core.DefaultLauncher.execute(DefaultLauncher.java:248)
	at org.junit.platform.launcher.core.DefaultLauncher.lambda$execute$5(DefaultLauncher.java:211)
	at org.junit.platform.launcher.core.DefaultLauncher.withInterceptedStreams(DefaultLauncher.java:226)
	at org.junit.platform.launcher.core.DefaultLauncher.execute(DefaultLauncher.java:199)
	at org.junit.platform.launcher.core.DefaultLauncher.execute(DefaultLauncher.java:132)
	at org.apache.maven.surefire.junitplatform.JUnitPlatformProvider.invokeAllTests(JUnitPlatformProvider.java:154)
	at org.apache.maven.surefire.junitplatform.JUnitPlatformProvider.invoke(JUnitPlatformProvider.java:123)
	at org.apache.maven.surefire.booter.ForkedBooter.runSuitesInProcess(ForkedBooter.java:377)
	at org.apache.maven.surefire.booter.ForkedBooter.execute(ForkedBooter.java:138)
	at org.apache.maven.surefire.booter.ForkedBooter.run(ForkedBooter.java:465)
	at org.apache.maven.surefire.booter.ForkedBooter.main(ForkedBooter.java:451)

2024-04-24T05:31:06,628 ERROR [main] exec.Task: Failed
org.apache.hadoop.hive.ql.metadata.HiveException: MetaException(message:Table default.nonAcidOrcTbl failed strict managed table checks due to the following reason: Table is marked as a managed table but is not transactional.)
	at org.apache.hadoop.hive.ql.metadata.Hive.createTable(Hive.java:1301) ~[classes/:?]
	at org.apache.hadoop.hive.ql.metadata.Hive.createTable(Hive.java:1306) ~[classes/:?]
	at org.apache.hadoop.hive.ql.ddl.table.create.CreateTableOperation.createTableNonReplaceMode(CreateTableOperation.java:140) ~[classes/:?]
	at org.apache.hadoop.hive.ql.ddl.table.create.CreateTableOperation.execute(CreateTableOperation.java:98) ~[classes/:?]
	at org.apache.hadoop.hive.ql.ddl.DDLTask.execute(DDLTask.java:84) ~[classes/:?]
	at org.apache.hadoop.hive.ql.exec.Task.executeTask(Task.java:212) ~[classes/:?]
	at org.apache.hadoop.hive.ql.exec.TaskRunner.runSequential(TaskRunner.java:105) ~[classes/:?]
	at org.apache.hadoop.hive.ql.Executor.launchTask(Executor.java:361) ~[classes/:?]
	at org.apache.hadoop.hive.ql.Executor.launchTasks(Executor.java:334) ~[classes/:?]
	at org.apache.hadoop.hive.ql.Executor.runTasks(Executor.java:245) ~[classes/:?]
	at org.apache.hadoop.hive.ql.Executor.execute(Executor.java:108) ~[classes/:?]
	at org.apache.hadoop.hive.ql.Driver.execute(Driver.java:348) ~[classes/:?]
	at org.apache.hadoop.hive.ql.Driver.runInternal(Driver.java:204) ~[classes/:?]
	at org.apache.hadoop.hive.ql.Driver.run(Driver.java:153) ~[classes/:?]
	at org.apache.hadoop.hive.ql.Driver.run(Driver.java:140) ~[classes/:?]
	at org.apache.hadoop.hive.ql.TxnCommandsBaseForTests.runStatementOnDriver(TxnCommandsBaseForTests.java:245) ~[test-classes/:?]
	at org.apache.hadoop.hive.ql.TxnCommandsBaseForTests.setUpInternal(TxnCommandsBaseForTests.java:144) ~[test-classes/:?]
	at org.apache.hadoop.hive.ql.TxnCommandsBaseForTests.setUp(TxnCommandsBaseForTests.java:94) ~[test-classes/:?]
	at sun.reflect.NativeMethodAccessorImpl.invoke0(Native Method) ~[?:1.8.0_402]
	at sun.reflect.NativeMethodAccessorImpl.invoke(NativeMethodAccessorImpl.java:62) ~[?:1.8.0_402]
	at sun.reflect.DelegatingMethodAccessorImpl.invoke(DelegatingMethodAccessorImpl.java:43) ~[?:1.8.0_402]
	at java.lang.reflect.Method.invoke(Method.java:498) ~[?:1.8.0_402]
	at org.junit.runners.model.FrameworkMethod$1.runReflectiveCall(FrameworkMethod.java:59) ~[junit-4.13.jar:4.13]
	at org.junit.internal.runners.model.ReflectiveCallable.run(ReflectiveCallable.java:12) ~[junit-4.13.jar:4.13]
	at org.junit.runners.model.FrameworkMethod.invokeExplosively(FrameworkMethod.java:56) ~[junit-4.13.jar:4.13]
	at org.junit.internal.runners.statements.RunBefores.invokeMethod(RunBefores.java:33) ~[junit-4.13.jar:4.13]
	at org.junit.internal.runners.statements.RunBefores.evaluate(RunBefores.java:24) ~[junit-4.13.jar:4.13]
	at org.junit.internal.runners.statements.RunAfters.evaluate(RunAfters.java:27) ~[junit-4.13.jar:4.13]
	at org.junit.rules.TestWatcher$1.evaluate(TestWatcher.java:61) ~[junit-4.13.jar:4.13]
	at org.junit.runners.ParentRunner$3.evaluate(ParentRunner.java:306) ~[junit-4.13.jar:4.13]
	at org.junit.runners.BlockJUnit4ClassRunner$1.evaluate(BlockJUnit4ClassRunner.java:100) ~[junit-4.13.jar:4.13]
	at org.junit.runners.ParentRunner.runLeaf(ParentRunner.java:366) ~[junit-4.13.jar:4.13]
	at org.junit.runners.BlockJUnit4ClassRunner.runChild(BlockJUnit4ClassRunner.java:103) ~[junit-4.13.jar:4.13]
	at org.junit.runners.BlockJUnit4ClassRunner.runChild(BlockJUnit4ClassRunner.java:63) ~[junit-4.13.jar:4.13]
	at org.junit.runners.ParentRunner$4.run(ParentRunner.java:331) ~[junit-4.13.jar:4.13]
	at org.junit.runners.ParentRunner$1.schedule(ParentRunner.java:79) ~[junit-4.13.jar:4.13]
	at org.junit.runners.ParentRunner.runChildren(ParentRunner.java:329) ~[junit-4.13.jar:4.13]
	at org.junit.runners.ParentRunner.access$100(ParentRunner.java:66) ~[junit-4.13.jar:4.13]
	at org.junit.runners.ParentRunner$2.evaluate(ParentRunner.java:293) ~[junit-4.13.jar:4.13]
	at org.junit.runners.ParentRunner$3.evaluate(ParentRunner.java:306) ~[junit-4.13.jar:4.13]
	at org.junit.runners.ParentRunner.run(ParentRunner.java:413) ~[junit-4.13.jar:4.13]
	at org.junit.runner.JUnitCore.run(JUnitCore.java:137) ~[junit-4.13.jar:4.13]
	at org.junit.runner.JUnitCore.run(JUnitCore.java:115) ~[junit-4.13.jar:4.13]
	at org.junit.vintage.engine.execution.RunnerExecutor.execute(RunnerExecutor.java:43) ~[junit-vintage-engine-5.6.2.jar:5.6.2]
	at java.util.stream.ForEachOps$ForEachOp$OfRef.accept(ForEachOps.java:183) ~[?:1.8.0_402]
	at java.util.stream.ReferencePipeline$3$1.accept(ReferencePipeline.java:193) ~[?:1.8.0_402]
	at java.util.Iterator.forEachRemaining(Iterator.java:116) ~[?:1.8.0_402]
	at java.util.Spliterators$IteratorSpliterator.forEachRemaining(Spliterators.java:1801) ~[?:1.8.0_402]
	at java.util.stream.AbstractPipeline.copyInto(AbstractPipeline.java:482) ~[?:1.8.0_402]
	at java.util.stream.AbstractPipeline.wrapAndCopyInto(AbstractPipeline.java:472) ~[?:1.8.0_402]
	at java.util.stream.ForEachOps$ForEachOp.evaluateSequential(ForEachOps.java:150) ~[?:1.8.0_402]
	at java.util.stream.ForEachOps$ForEachOp$OfRef.evaluateSequential(ForEachOps.java:173) ~[?:1.8.0_402]
	at java.util.stream.AbstractPipeline.evaluate(AbstractPipeline.java:234) ~[?:1.8.0_402]
	at java.util.stream.ReferencePipeline.forEach(ReferencePipeline.java:485) ~[?:1.8.0_402]
	at org.junit.vintage.engine.VintageTestEngine.executeAllChildren(VintageTestEngine.java:82) ~[junit-vintage-engine-5.6.2.jar:5.6.2]
	at org.junit.vintage.engine.VintageTestEngine.execute(VintageTestEngine.java:73) ~[junit-vintage-engine-5.6.2.jar:5.6.2]
	at org.junit.platform.launcher.core.DefaultLauncher.execute(DefaultLauncher.java:248) ~[junit-platform-launcher-1.6.2.jar:1.6.2]
	at org.junit.platform.launcher.core.DefaultLauncher.lambda$execute$5(DefaultLauncher.java:211) ~[junit-platform-launcher-1.6.2.jar:1.6.2]
	at org.junit.platform.launcher.core.DefaultLauncher.withInterceptedStreams(DefaultLauncher.java:226) [junit-platform-launcher-1.6.2.jar:1.6.2]
	at org.junit.platform.launcher.core.DefaultLauncher.execute(DefaultLauncher.java:199) [junit-platform-launcher-1.6.2.jar:1.6.2]
	at org.junit.platform.launcher.core.DefaultLauncher.execute(DefaultLauncher.java:132) [junit-platform-launcher-1.6.2.jar:1.6.2]
	at org.apache.maven.surefire.junitplatform.JUnitPlatformProvider.invokeAllTests(JUnitPlatformProvider.java:154) [surefire-junit-platform-3.0.0-M4.jar:3.0.0-M4]
	at org.apache.maven.surefire.junitplatform.JUnitPlatformProvider.invoke(JUnitPlatformProvider.java:123) [surefire-junit-platform-3.0.0-M4.jar:3.0.0-M4]
	at org.apache.maven.surefire.booter.ForkedBooter.runSuitesInProcess(ForkedBooter.java:377) [surefire-booter-3.0.0-M4.jar:3.0.0-M4]
	at org.apache.maven.surefire.booter.ForkedBooter.execute(ForkedBooter.java:138) [surefire-booter-3.0.0-M4.jar:3.0.0-M4]
	at org.apache.maven.surefire.booter.ForkedBooter.run(ForkedBooter.java:465) [surefire-booter-3.0.0-M4.jar:3.0.0-M4]
	at org.apache.maven.surefire.booter.ForkedBooter.main(ForkedBooter.java:451) [surefire-booter-3.0.0-M4.jar:3.0.0-M4]
Caused by: org.apache.hadoop.hive.metastore.api.MetaException: Table default.nonAcidOrcTbl failed strict managed table checks due to the following reason: Table is marked as a managed table but is not transactional.
	at org.apache.hadoop.hive.metastore.utils.HiveStrictManagedUtils.validateStrictManagedTableWithThrow(HiveStrictManagedUtils.java:33) ~[classes/:?]
	at org.apache.hadoop.hive.metastore.TransactionalValidationListener.handle(TransactionalValidationListener.java:92) ~[classes/:?]
	at org.apache.hadoop.hive.metastore.TransactionalValidationListener.onEvent(TransactionalValidationListener.java:72) ~[classes/:?]
	at org.apache.hadoop.hive.metastore.HMSHandler.firePreEvent(HMSHandler.java:4033) ~[classes/:?]
	at org.apache.hadoop.hive.metastore.HMSHandler.create_table_core(HMSHandler.java:2392) ~[classes/:?]
	at org.apache.hadoop.hive.metastore.HMSHandler.create_table_req(HMSHandler.java:2598) ~[classes/:?]
	at sun.reflect.GeneratedMethodAccessor103.invoke(Unknown Source) ~[?:?]
	at sun.reflect.DelegatingMethodAccessorImpl.invoke(DelegatingMethodAccessorImpl.java:43) ~[?:1.8.0_402]
	at java.lang.reflect.Method.invoke(Method.java:498) ~[?:1.8.0_402]
	at org.apache.hadoop.hive.metastore.RetryingHMSHandler.invokeInternal(RetryingHMSHandler.java:147) ~[classes/:?]
	at org.apache.hadoop.hive.metastore.RetryingHMSHandler.invoke(RetryingHMSHandler.java:108) ~[classes/:?]
	at com.sun.proxy.$Proxy39.create_table_req(Unknown Source) ~[?:?]
	at org.apache.hadoop.hive.metastore.HiveMetaStoreClient.create_table_with_environment_context(HiveMetaStoreClient.java:4408) ~[classes/:?]
	at org.apache.hadoop.hive.ql.metadata.SessionHiveMetaStoreClient.create_table_with_environment_context(SessionHiveMetaStoreClient.java:182) ~[classes/:?]
	at org.apache.hadoop.hive.metastore.HiveMetaStoreClient.createTable(HiveMetaStoreClient.java:1260) ~[classes/:?]
	at org.apache.hadoop.hive.metastore.HiveMetaStoreClient.createTable(HiveMetaStoreClient.java:1245) ~[classes/:?]
	at sun.reflect.GeneratedMethodAccessor102.invoke(Unknown Source) ~[?:?]
	at sun.reflect.DelegatingMethodAccessorImpl.invoke(DelegatingMethodAccessorImpl.java:43) ~[?:1.8.0_402]
	at java.lang.reflect.Method.invoke(Method.java:498) ~[?:1.8.0_402]
	at org.apache.hadoop.hive.metastore.RetryingMetaStoreClient.invoke(RetryingMetaStoreClient.java:218) ~[classes/:?]
	at com.sun.proxy.$Proxy40.createTable(Unknown Source) ~[?:?]
	at org.apache.hadoop.hive.ql.metadata.Hive.createTable(Hive.java:1290) ~[classes/:?]
	... 66 more
2024-04-24T05:31:06,631 ERROR [main] exec.Task: DDLTask failed, DDL Operation: class org.apache.hadoop.hive.ql.ddl.table.create.CreateTableOperation
org.apache.hadoop.hive.ql.metadata.HiveException: MetaException(message:Table default.nonAcidOrcTbl failed strict managed table checks due to the following reason: Table is marked as a managed table but is not transactional.)
	at org.apache.hadoop.hive.ql.metadata.Hive.createTable(Hive.java:1301) ~[classes/:?]
	at org.apache.hadoop.hive.ql.metadata.Hive.createTable(Hive.java:1306) ~[classes/:?]
	at org.apache.hadoop.hive.ql.ddl.table.create.CreateTableOperation.createTableNonReplaceMode(CreateTableOperation.java:140) ~[classes/:?]
	at org.apache.hadoop.hive.ql.ddl.table.create.CreateTableOperation.execute(CreateTableOperation.java:98) ~[classes/:?]
	at org.apache.hadoop.hive.ql.ddl.DDLTask.execute(DDLTask.java:84) ~[classes/:?]
	at org.apache.hadoop.hive.ql.exec.Task.executeTask(Task.java:212) ~[classes/:?]
	at org.apache.hadoop.hive.ql.exec.TaskRunner.runSequential(TaskRunner.java:105) ~[classes/:?]
	at org.apache.hadoop.hive.ql.Executor.launchTask(Executor.java:361) ~[classes/:?]
	at org.apache.hadoop.hive.ql.Executor.launchTasks(Executor.java:334) ~[classes/:?]
	at org.apache.hadoop.hive.ql.Executor.runTasks(Executor.java:245) ~[classes/:?]
	at org.apache.hadoop.hive.ql.Executor.execute(Executor.java:108) ~[classes/:?]
	at org.apache.hadoop.hive.ql.Driver.execute(Driver.java:348) ~[classes/:?]
	at org.apache.hadoop.hive.ql.Driver.runInternal(Driver.java:204) ~[classes/:?]
	at org.apache.hadoop.hive.ql.Driver.run(Driver.java:153) ~[classes/:?]
	at org.apache.hadoop.hive.ql.Driver.run(Driver.java:140) ~[classes/:?]
	at org.apache.hadoop.hive.ql.TxnCommandsBaseForTests.runStatementOnDriver(TxnCommandsBaseForTests.java:245) ~[test-classes/:?]
	at org.apache.hadoop.hive.ql.TxnCommandsBaseForTests.setUpInternal(TxnCommandsBaseForTests.java:144) ~[test-classes/:?]
	at org.apache.hadoop.hive.ql.TxnCommandsBaseForTests.setUp(TxnCommandsBaseForTests.java:94) ~[test-classes/:?]
	at sun.reflect.NativeMethodAccessorImpl.invoke0(Native Method) ~[?:1.8.0_402]
	at sun.reflect.NativeMethodAccessorImpl.invoke(NativeMethodAccessorImpl.java:62) ~[?:1.8.0_402]
	at sun.reflect.DelegatingMethodAccessorImpl.invoke(DelegatingMethodAccessorImpl.java:43) ~[?:1.8.0_402]
	at java.lang.reflect.Method.invoke(Method.java:498) ~[?:1.8.0_402]
	at org.junit.runners.model.FrameworkMethod$1.runReflectiveCall(FrameworkMethod.java:59) ~[junit-4.13.jar:4.13]
	at org.junit.internal.runners.model.ReflectiveCallable.run(ReflectiveCallable.java:12) ~[junit-4.13.jar:4.13]
	at org.junit.runners.model.FrameworkMethod.invokeExplosively(FrameworkMethod.java:56) ~[junit-4.13.jar:4.13]
	at org.junit.internal.runners.statements.RunBefores.invokeMethod(RunBefores.java:33) ~[junit-4.13.jar:4.13]
	at org.junit.internal.runners.statements.RunBefores.evaluate(RunBefores.java:24) ~[junit-4.13.jar:4.13]
	at org.junit.internal.runners.statements.RunAfters.evaluate(RunAfters.java:27) ~[junit-4.13.jar:4.13]
	at org.junit.rules.TestWatcher$1.evaluate(TestWatcher.java:61) ~[junit-4.13.jar:4.13]
	at org.junit.runners.ParentRunner$3.evaluate(ParentRunner.java:306) ~[junit-4.13.jar:4.13]
	at org.junit.runners.BlockJUnit4ClassRunner$1.evaluate(BlockJUnit4ClassRunner.java:100) ~[junit-4.13.jar:4.13]
	at org.junit.runners.ParentRunner.runLeaf(ParentRunner.java:366) ~[junit-4.13.jar:4.13]
	at org.junit.runners.BlockJUnit4ClassRunner.runChild(BlockJUnit4ClassRunner.java:103) ~[junit-4.13.jar:4.13]
	at org.junit.runners.BlockJUnit4ClassRunner.runChild(BlockJUnit4ClassRunner.java:63) ~[junit-4.13.jar:4.13]
	at org.junit.runners.ParentRunner$4.run(ParentRunner.java:331) ~[junit-4.13.jar:4.13]
	at org.junit.runners.ParentRunner$1.schedule(ParentRunner.java:79) ~[junit-4.13.jar:4.13]
	at org.junit.runners.ParentRunner.runChildren(ParentRunner.java:329) ~[junit-4.13.jar:4.13]
	at org.junit.runners.ParentRunner.access$100(ParentRunner.java:66) ~[junit-4.13.jar:4.13]
	at org.junit.runners.ParentRunner$2.evaluate(ParentRunner.java:293) ~[junit-4.13.jar:4.13]
	at org.junit.runners.ParentRunner$3.evaluate(ParentRunner.java:306) ~[junit-4.13.jar:4.13]
	at org.junit.runners.ParentRunner.run(ParentRunner.java:413) ~[junit-4.13.jar:4.13]
	at org.junit.runner.JUnitCore.run(JUnitCore.java:137) ~[junit-4.13.jar:4.13]
	at org.junit.runner.JUnitCore.run(JUnitCore.java:115) ~[junit-4.13.jar:4.13]
	at org.junit.vintage.engine.execution.RunnerExecutor.execute(RunnerExecutor.java:43) ~[junit-vintage-engine-5.6.2.jar:5.6.2]
	at java.util.stream.ForEachOps$ForEachOp$OfRef.accept(ForEachOps.java:183) ~[?:1.8.0_402]
	at java.util.stream.ReferencePipeline$3$1.accept(ReferencePipeline.java:193) ~[?:1.8.0_402]
	at java.util.Iterator.forEachRemaining(Iterator.java:116) ~[?:1.8.0_402]
	at java.util.Spliterators$IteratorSpliterator.forEachRemaining(Spliterators.java:1801) ~[?:1.8.0_402]
	at java.util.stream.AbstractPipeline.copyInto(AbstractPipeline.java:482) ~[?:1.8.0_402]
	at java.util.stream.AbstractPipeline.wrapAndCopyInto(AbstractPipeline.java:472) ~[?:1.8.0_402]
	at java.util.stream.ForEachOps$ForEachOp.evaluateSequential(ForEachOps.java:150) ~[?:1.8.0_402]
	at java.util.stream.ForEachOps$ForEachOp$OfRef.evaluateSequential(ForEachOps.java:173) ~[?:1.8.0_402]
	at java.util.stream.AbstractPipeline.evaluate(AbstractPipeline.java:234) ~[?:1.8.0_402]
	at java.util.stream.ReferencePipeline.forEach(ReferencePipeline.java:485) ~[?:1.8.0_402]
	at org.junit.vintage.engine.VintageTestEngine.executeAllChildren(VintageTestEngine.java:82) ~[junit-vintage-engine-5.6.2.jar:5.6.2]
	at org.junit.vintage.engine.VintageTestEngine.execute(VintageTestEngine.java:73) ~[junit-vintage-engine-5.6.2.jar:5.6.2]
	at org.junit.platform.launcher.core.DefaultLauncher.execute(DefaultLauncher.java:248) ~[junit-platform-launcher-1.6.2.jar:1.6.2]
	at org.junit.platform.launcher.core.DefaultLauncher.lambda$execute$5(DefaultLauncher.java:211) ~[junit-platform-launcher-1.6.2.jar:1.6.2]
	at org.junit.platform.launcher.core.DefaultLauncher.withInterceptedStreams(DefaultLauncher.java:226) [junit-platform-launcher-1.6.2.jar:1.6.2]
	at org.junit.platform.launcher.core.DefaultLauncher.execute(DefaultLauncher.java:199) [junit-platform-launcher-1.6.2.jar:1.6.2]
	at org.junit.platform.launcher.core.DefaultLauncher.execute(DefaultLauncher.java:132) [junit-platform-launcher-1.6.2.jar:1.6.2]
	at org.apache.maven.surefire.junitplatform.JUnitPlatformProvider.invokeAllTests(JUnitPlatformProvider.java:154) [surefire-junit-platform-3.0.0-M4.jar:3.0.0-M4]
	at org.apache.maven.surefire.junitplatform.JUnitPlatformProvider.invoke(JUnitPlatformProvider.java:123) [surefire-junit-platform-3.0.0-M4.jar:3.0.0-M4]
	at org.apache.maven.surefire.booter.ForkedBooter.runSuitesInProcess(ForkedBooter.java:377) [surefire-booter-3.0.0-M4.jar:3.0.0-M4]
	at org.apache.maven.surefire.booter.ForkedBooter.execute(ForkedBooter.java:138) [surefire-booter-3.0.0-M4.jar:3.0.0-M4]
	at org.apache.maven.surefire.booter.ForkedBooter.run(ForkedBooter.java:465) [surefire-booter-3.0.0-M4.jar:3.0.0-M4]
	at org.apache.maven.surefire.booter.ForkedBooter.main(ForkedBooter.java:451) [surefire-booter-3.0.0-M4.jar:3.0.0-M4]
Caused by: org.apache.hadoop.hive.metastore.api.MetaException: Table default.nonAcidOrcTbl failed strict managed table checks due to the following reason: Table is marked as a managed table but is not transactional.
	at org.apache.hadoop.hive.metastore.utils.HiveStrictManagedUtils.validateStrictManagedTableWithThrow(HiveStrictManagedUtils.java:33) ~[classes/:?]
	at org.apache.hadoop.hive.metastore.TransactionalValidationListener.handle(TransactionalValidationListener.java:92) ~[classes/:?]
	at org.apache.hadoop.hive.metastore.TransactionalValidationListener.onEvent(TransactionalValidationListener.java:72) ~[classes/:?]
	at org.apache.hadoop.hive.metastore.HMSHandler.firePreEvent(HMSHandler.java:4033) ~[classes/:?]
	at org.apache.hadoop.hive.metastore.HMSHandler.create_table_core(HMSHandler.java:2392) ~[classes/:?]
	at org.apache.hadoop.hive.metastore.HMSHandler.create_table_req(HMSHandler.java:2598) ~[classes/:?]
	at sun.reflect.GeneratedMethodAccessor103.invoke(Unknown Source) ~[?:?]
	at sun.reflect.DelegatingMethodAccessorImpl.invoke(DelegatingMethodAccessorImpl.java:43) ~[?:1.8.0_402]
	at java.lang.reflect.Method.invoke(Method.java:498) ~[?:1.8.0_402]
	at org.apache.hadoop.hive.metastore.RetryingHMSHandler.invokeInternal(RetryingHMSHandler.java:147) ~[classes/:?]
	at org.apache.hadoop.hive.metastore.RetryingHMSHandler.invoke(RetryingHMSHandler.java:108) ~[classes/:?]
	at com.sun.proxy.$Proxy39.create_table_req(Unknown Source) ~[?:?]
	at org.apache.hadoop.hive.metastore.HiveMetaStoreClient.create_table_with_environment_context(HiveMetaStoreClient.java:4408) ~[classes/:?]
	at org.apache.hadoop.hive.ql.metadata.SessionHiveMetaStoreClient.create_table_with_environment_context(SessionHiveMetaStoreClient.java:182) ~[classes/:?]
	at org.apache.hadoop.hive.metastore.HiveMetaStoreClient.createTable(HiveMetaStoreClient.java:1260) ~[classes/:?]
	at org.apache.hadoop.hive.metastore.HiveMetaStoreClient.createTable(HiveMetaStoreClient.java:1245) ~[classes/:?]
	at sun.reflect.GeneratedMethodAccessor102.invoke(Unknown Source) ~[?:?]
	at sun.reflect.DelegatingMethodAccessorImpl.invoke(DelegatingMethodAccessorImpl.java:43) ~[?:1.8.0_402]
	at java.lang.reflect.Method.invoke(Method.java:498) ~[?:1.8.0_402]
	at org.apache.hadoop.hive.metastore.RetryingMetaStoreClient.invoke(RetryingMetaStoreClient.java:218) ~[classes/:?]
	at com.sun.proxy.$Proxy40.createTable(Unknown Source) ~[?:?]
	at org.apache.hadoop.hive.ql.metadata.Hive.createTable(Hive.java:1290) ~[classes/:?]
	... 66 more
FAILED: Execution Error, return code 40000 from org.apache.hadoop.hive.ql.ddl.DDLTask. MetaException(message:Table default.nonAcidOrcTbl failed strict managed table checks due to the following reason: Table is marked as a managed table but is not transactional.)
2024-04-24T05:31:06,634 ERROR [main] ql.Driver: FAILED: Execution Error, return code 40000 from org.apache.hadoop.hive.ql.ddl.DDLTask. MetaException(message:Table default.nonAcidOrcTbl failed strict managed table checks due to the following reason: Table is marked as a managed table but is not transactional.)
2024-04-24T05:31:06,634  INFO [main] metadata.Hive: Dumping metastore api call timing information for : execution phase
2024-04-24T05:31:06,634  INFO [main] metadata.Hive: Total time spent in each metastore function (ms): {isCompatibleWith_(Configuration)=0}
2024-04-24T05:31:06,634  INFO [main] ql.Driver: Completed executing command(queryId=alex_20240424053106_0ae0257a-3d03-4a99-ac1f-1a57db40d545); Time taken: 0.014 seconds
2024-04-24T05:31:06,634  INFO [main] lockmgr.DbTxnManager: Stopped heartbeat for query: alex_20240424053106_0ae0257a-3d03-4a99-ac1f-1a57db40d545
2024-04-24T05:31:06,636  INFO [main] txn.TxnHandler: Removed transactions: ([9]) from MIN_HISTORY_LEVEL
2024-04-24T05:31:06,643  INFO [main] ql.TxnCommandsBaseForTests: Running the query: drop table if exists acidTbl
2024-04-24T05:31:06,644  INFO [main] ql.Driver: Compiling command(queryId=alex_20240424053106_04865d53-d792-42eb-97a7-6a536496021d): drop table if exists acidTbl
2024-04-24T05:31:06,646  INFO [main] txn.TxnHandler: Added entries to MIN_HISTORY_LEVEL for current txns: ([10]) with min_open_txn: 1
2024-04-24T05:31:06,646  INFO [main] lockmgr.DbTxnManager: Opened txnid:10
2024-04-24T05:31:06,646  INFO [main] HiveMetaStore.audit: ugi=alex	ip=unknown-ip-addr	cmd=get_table : tbl=hive.default.acidTbl	
2024-04-24T05:31:06,667  INFO [main] metastore.HMSHandler: Skipping translation for processor with null
2024-04-24T05:31:06,667  INFO [main] ql.Driver: Semantic Analysis Completed (retrial = false)
2024-04-24T05:31:06,667  INFO [main] ql.Driver: Created Hive schema: Schema(fieldSchemas:null, properties:null)
2024-04-24T05:31:06,667  INFO [main] metadata.Hive: Dumping metastore api call timing information for : compilation phase
2024-04-24T05:31:06,667  INFO [main] metadata.Hive: Total time spent in each metastore function (ms): {isCompatibleWith_(Configuration)=1, getValidTxns_(long)=0, openTxn_(String, TxnType)=2, flushCache_()=0, getTable_(GetTableRequest)=21, rollbackTxn_(long)=8}
2024-04-24T05:31:06,667  INFO [main] ql.Driver: Completed compiling command(queryId=alex_20240424053106_04865d53-d792-42eb-97a7-6a536496021d); Time taken: 0.024 seconds
2024-04-24T05:31:06,668  INFO [main] lockmgr.DbTxnManager: Setting lock request transaction to txnid:10 for queryId=alex_20240424053106_04865d53-d792-42eb-97a7-6a536496021d
2024-04-24T05:31:06,668  INFO [main] lockmgr.DbLockManager: Requesting lock for queryId=alex_20240424053106_04865d53-d792-42eb-97a7-6a536496021d
2024-04-24T05:31:06,683  INFO [main] lockmgr.DbLockManager: Response to queryId=alex_20240424053106_04865d53-d792-42eb-97a7-6a536496021d LockResponse(lockid:4, state:ACQUIRED)
2024-04-24T05:31:06,683  INFO [main] ql.Driver: Operation DROPTABLE obtained 1 locks
2024-04-24T05:31:06,683  INFO [main] ql.Driver: Executing command(queryId=alex_20240424053106_04865d53-d792-42eb-97a7-6a536496021d): drop table if exists acidTbl
2024-04-24T05:31:06,683  INFO [main] ql.Driver: Starting task [Stage-0:DDL] in serial mode
2024-04-24T05:31:06,683  INFO [main] HiveMetaStore.audit: ugi=alex	ip=unknown-ip-addr	cmd=get_table : tbl=hive.default.acidTbl	
2024-04-24T05:31:06,690  INFO [main] metastore.HMSHandler: Skipping translation for processor with null
2024-04-24T05:31:06,690  INFO [main] HiveMetaStore.audit: ugi=alex	ip=unknown-ip-addr	cmd=get_table : tbl=hive.default.acidTbl	
2024-04-24T05:31:06,697  INFO [main] metastore.HMSHandler: Skipping translation for processor with null
2024-04-24T05:31:06,697  INFO [main] HiveMetaStore.audit: ugi=alex	ip=unknown-ip-addr	cmd=drop_table : tbl=hive.default.acidTbl	
2024-04-24T05:31:06,811  INFO [main] metadata.Hive: Dumping metastore api call timing information for : execution phase
2024-04-24T05:31:06,811  INFO [main] metadata.Hive: Total time spent in each metastore function (ms): {dropTable_(String, String, boolean, boolean, boolean)=120, getTable_(GetTableRequest)=7, isCompatibleWith_(Configuration)=0}
2024-04-24T05:31:06,811  INFO [main] ql.Driver: Completed executing command(queryId=alex_20240424053106_04865d53-d792-42eb-97a7-6a536496021d); Time taken: 0.128 seconds
2024-04-24T05:31:06,811  INFO [main] lockmgr.DbTxnManager: Stopped heartbeat for query: alex_20240424053106_04865d53-d792-42eb-97a7-6a536496021d
2024-04-24T05:31:06,815  INFO [main] txn.TxnHandler: Expected to move at least one record from txn_components to completed_txn_components when committing txn! txnid:10
2024-04-24T05:31:06,821  INFO [main] txn.TxnHandler: Removed transactions: ([10]) from MIN_HISTORY_LEVEL
2024-04-24T05:31:06,822  WARN [main] txn.CompactionTxnHandler: No compaction queue record found for Compaction type transaction commit. txnId:10
2024-04-24T05:31:06,823  INFO [main] ql.TxnCommandsBaseForTests: Running the query: drop table if exists acidTblPart
2024-04-24T05:31:06,824  INFO [main] ql.Driver: Compiling command(queryId=alex_20240424053106_222bf5ea-dd69-4bdb-b10b-f72728a8207d): drop table if exists acidTblPart
2024-04-24T05:31:06,833  INFO [main] txn.TxnHandler: Added entries to MIN_HISTORY_LEVEL for current txns: ([11]) with min_open_txn: 1
2024-04-24T05:31:06,833  INFO [main] lockmgr.DbTxnManager: Opened txnid:11
2024-04-24T05:31:06,835  INFO [main] HiveMetaStore.audit: ugi=alex	ip=unknown-ip-addr	cmd=get_table : tbl=hive.default.acidTblPart	
2024-04-24T05:31:06,845  INFO [main] metastore.HMSHandler: Skipping translation for processor with null
2024-04-24T05:31:06,846  INFO [main] ql.Driver: Semantic Analysis Completed (retrial = false)
2024-04-24T05:31:06,846  INFO [main] ql.Driver: Created Hive schema: Schema(fieldSchemas:null, properties:null)
2024-04-24T05:31:06,846  INFO [main] metadata.Hive: Dumping metastore api call timing information for : compilation phase
2024-04-24T05:31:06,846  INFO [main] metadata.Hive: Total time spent in each metastore function (ms): {commitTxn_(CommitTxnRequest)=12, getValidTxns_(long)=2, getTable_(GetTableRequest)=11, flushCache_()=0, openTxn_(String, TxnType)=9, isCompatibleWith_(Configuration)=0}
2024-04-24T05:31:06,846  INFO [main] ql.Driver: Completed compiling command(queryId=alex_20240424053106_222bf5ea-dd69-4bdb-b10b-f72728a8207d); Time taken: 0.022 seconds
2024-04-24T05:31:06,846  INFO [main] lockmgr.DbTxnManager: Setting lock request transaction to txnid:11 for queryId=alex_20240424053106_222bf5ea-dd69-4bdb-b10b-f72728a8207d
2024-04-24T05:31:06,847  INFO [main] lockmgr.DbLockManager: Requesting lock for queryId=alex_20240424053106_222bf5ea-dd69-4bdb-b10b-f72728a8207d
2024-04-24T05:31:06,866  INFO [main] lockmgr.DbLockManager: Response to queryId=alex_20240424053106_222bf5ea-dd69-4bdb-b10b-f72728a8207d LockResponse(lockid:5, state:ACQUIRED)
2024-04-24T05:31:06,866  INFO [main] ql.Driver: Operation DROPTABLE obtained 1 locks
2024-04-24T05:31:06,866  INFO [main] ql.Driver: Executing command(queryId=alex_20240424053106_222bf5ea-dd69-4bdb-b10b-f72728a8207d): drop table if exists acidTblPart
2024-04-24T05:31:06,866  INFO [main] ql.Driver: Starting task [Stage-0:DDL] in serial mode
2024-04-24T05:31:06,866  INFO [main] HiveMetaStore.audit: ugi=alex	ip=unknown-ip-addr	cmd=get_table : tbl=hive.default.acidTblPart	
2024-04-24T05:31:06,875  INFO [main] metastore.HMSHandler: Skipping translation for processor with null
2024-04-24T05:31:06,876  INFO [main] HiveMetaStore.audit: ugi=alex	ip=unknown-ip-addr	cmd=get_table : tbl=hive.default.acidTblPart	
2024-04-24T05:31:06,882  INFO [main] metastore.HMSHandler: Skipping translation for processor with null
2024-04-24T05:31:06,882  INFO [main] HiveMetaStore.audit: ugi=alex	ip=unknown-ip-addr	cmd=drop_table : tbl=hive.default.acidTblPart	
2024-04-24T05:31:06,924  INFO [main] metadata.Hive: Dumping metastore api call timing information for : execution phase
2024-04-24T05:31:06,925  INFO [main] metadata.Hive: Total time spent in each metastore function (ms): {isCompatibleWith_(Configuration)=0, dropTable_(String, String, boolean, boolean, boolean)=48, getTable_(GetTableRequest)=10}
2024-04-24T05:31:06,925  INFO [main] ql.Driver: Completed executing command(queryId=alex_20240424053106_222bf5ea-dd69-4bdb-b10b-f72728a8207d); Time taken: 0.058 seconds
2024-04-24T05:31:06,925  INFO [main] lockmgr.DbTxnManager: Stopped heartbeat for query: alex_20240424053106_222bf5ea-dd69-4bdb-b10b-f72728a8207d
2024-04-24T05:31:06,929  INFO [main] txn.TxnHandler: Expected to move at least one record from txn_components to completed_txn_components when committing txn! txnid:11
2024-04-24T05:31:06,936  INFO [main] txn.TxnHandler: Removed transactions: ([11]) from MIN_HISTORY_LEVEL
2024-04-24T05:31:06,936  WARN [main] txn.CompactionTxnHandler: No compaction queue record found for Compaction type transaction commit. txnId:11
2024-04-24T05:31:06,937  INFO [main] ql.TxnCommandsBaseForTests: Running the query: drop table if exists acidTbl2
2024-04-24T05:31:06,937  INFO [main] ql.Driver: Compiling command(queryId=alex_20240424053106_bc781ee7-e3db-43c8-8faf-08620e853c55): drop table if exists acidTbl2
2024-04-24T05:31:06,940  INFO [main] txn.TxnHandler: Added entries to MIN_HISTORY_LEVEL for current txns: ([12]) with min_open_txn: 1
2024-04-24T05:31:06,941  INFO [main] lockmgr.DbTxnManager: Opened txnid:12
2024-04-24T05:31:06,941  INFO [main] HiveMetaStore.audit: ugi=alex	ip=unknown-ip-addr	cmd=get_table : tbl=hive.default.acidTbl2	
2024-04-24T05:31:06,946  INFO [main] ql.Driver: Semantic Analysis Completed (retrial = false)
2024-04-24T05:31:06,946  INFO [main] ql.Driver: Created Hive schema: Schema(fieldSchemas:null, properties:null)
2024-04-24T05:31:06,946  INFO [main] metadata.Hive: Dumping metastore api call timing information for : compilation phase
2024-04-24T05:31:06,946  INFO [main] metadata.Hive: Total time spent in each metastore function (ms): {getValidTxns_(long)=0, isCompatibleWith_(Configuration)=1, commitTxn_(CommitTxnRequest)=11, openTxn_(String, TxnType)=3, flushCache_()=0}
2024-04-24T05:31:06,946  INFO [main] ql.Driver: Completed compiling command(queryId=alex_20240424053106_bc781ee7-e3db-43c8-8faf-08620e853c55); Time taken: 0.009 seconds
2024-04-24T05:31:06,947  INFO [main] lockmgr.DbTxnManager: Setting lock request transaction to txnid:12 for queryId=alex_20240424053106_bc781ee7-e3db-43c8-8faf-08620e853c55
2024-04-24T05:31:06,947  INFO [main] ql.Driver: Operation DROPTABLE obtained 0 locks
2024-04-24T05:31:06,947  INFO [main] ql.Driver: Executing command(queryId=alex_20240424053106_bc781ee7-e3db-43c8-8faf-08620e853c55): drop table if exists acidTbl2
2024-04-24T05:31:06,947  INFO [main] ql.Driver: Starting task [Stage-0:DDL] in serial mode
2024-04-24T05:31:06,947  INFO [main] HiveMetaStore.audit: ugi=alex	ip=unknown-ip-addr	cmd=get_table : tbl=hive.default.acidTbl2	
2024-04-24T05:31:06,952  INFO [main] metadata.Hive: Dumping metastore api call timing information for : execution phase
2024-04-24T05:31:06,952  INFO [main] metadata.Hive: Total time spent in each metastore function (ms): {isCompatibleWith_(Configuration)=0}
2024-04-24T05:31:06,952  INFO [main] ql.Driver: Completed executing command(queryId=alex_20240424053106_bc781ee7-e3db-43c8-8faf-08620e853c55); Time taken: 0.005 seconds
2024-04-24T05:31:06,953  INFO [main] lockmgr.DbTxnManager: Stopped heartbeat for query: alex_20240424053106_bc781ee7-e3db-43c8-8faf-08620e853c55
2024-04-24T05:31:06,959  INFO [main] txn.TxnHandler: Expected to move at least one record from txn_components to completed_txn_components when committing txn! txnid:12
2024-04-24T05:31:06,965  INFO [main] txn.TxnHandler: Removed transactions: ([12]) from MIN_HISTORY_LEVEL
2024-04-24T05:31:06,965  WARN [main] txn.CompactionTxnHandler: No compaction queue record found for Compaction type transaction commit. txnId:12
2024-04-24T05:31:06,965  INFO [main] ql.TxnCommandsBaseForTests: Running the query: drop table if exists nonAcidOrcTbl
2024-04-24T05:31:06,966  INFO [main] ql.Driver: Compiling command(queryId=alex_20240424053106_141d2690-d3be-4529-8831-afad0da98a60): drop table if exists nonAcidOrcTbl
2024-04-24T05:31:06,969  INFO [main] txn.TxnHandler: Added entries to MIN_HISTORY_LEVEL for current txns: ([13]) with min_open_txn: 1
2024-04-24T05:31:06,969  INFO [main] lockmgr.DbTxnManager: Opened txnid:13
2024-04-24T05:31:06,970  INFO [main] HiveMetaStore.audit: ugi=alex	ip=unknown-ip-addr	cmd=get_table : tbl=hive.default.nonAcidOrcTbl	
2024-04-24T05:31:06,975  INFO [main] ql.Driver: Semantic Analysis Completed (retrial = false)
2024-04-24T05:31:06,975  INFO [main] ql.Driver: Created Hive schema: Schema(fieldSchemas:null, properties:null)
2024-04-24T05:31:06,975  INFO [main] metadata.Hive: Dumping metastore api call timing information for : compilation phase
2024-04-24T05:31:06,975  INFO [main] metadata.Hive: Total time spent in each metastore function (ms): {flushCache_()=0, getValidTxns_(long)=0, commitTxn_(CommitTxnRequest)=12, isCompatibleWith_(Configuration)=0, openTxn_(String, TxnType)=3}
2024-04-24T05:31:06,976  INFO [main] ql.Driver: Completed compiling command(queryId=alex_20240424053106_141d2690-d3be-4529-8831-afad0da98a60); Time taken: 0.009 seconds
2024-04-24T05:31:06,976  INFO [main] lockmgr.DbTxnManager: Setting lock request transaction to txnid:13 for queryId=alex_20240424053106_141d2690-d3be-4529-8831-afad0da98a60
2024-04-24T05:31:06,976  INFO [main] ql.Driver: Operation DROPTABLE obtained 0 locks
2024-04-24T05:31:06,976  INFO [main] ql.Driver: Executing command(queryId=alex_20240424053106_141d2690-d3be-4529-8831-afad0da98a60): drop table if exists nonAcidOrcTbl
2024-04-24T05:31:06,976  INFO [main] ql.Driver: Starting task [Stage-0:DDL] in serial mode
2024-04-24T05:31:06,976  INFO [main] HiveMetaStore.audit: ugi=alex	ip=unknown-ip-addr	cmd=get_table : tbl=hive.default.nonAcidOrcTbl	
2024-04-24T05:31:06,981  INFO [main] metadata.Hive: Dumping metastore api call timing information for : execution phase
2024-04-24T05:31:06,981  INFO [main] metadata.Hive: Total time spent in each metastore function (ms): {isCompatibleWith_(Configuration)=0}
2024-04-24T05:31:06,981  INFO [main] ql.Driver: Completed executing command(queryId=alex_20240424053106_141d2690-d3be-4529-8831-afad0da98a60); Time taken: 0.005 seconds
2024-04-24T05:31:06,982  INFO [main] lockmgr.DbTxnManager: Stopped heartbeat for query: alex_20240424053106_141d2690-d3be-4529-8831-afad0da98a60
2024-04-24T05:31:06,988  INFO [main] txn.TxnHandler: Expected to move at least one record from txn_components to completed_txn_components when committing txn! txnid:13
2024-04-24T05:31:06,995  INFO [main] txn.TxnHandler: Removed transactions: ([13]) from MIN_HISTORY_LEVEL
2024-04-24T05:31:06,995  WARN [main] txn.CompactionTxnHandler: No compaction queue record found for Compaction type transaction commit. txnId:13
2024-04-24T05:31:06,996  INFO [main] ql.TxnCommandsBaseForTests: Running the query: drop table if exists nonAcidOrcTbl2
2024-04-24T05:31:06,996  INFO [main] ql.Driver: Compiling command(queryId=alex_20240424053106_00457657-9837-439d-a34d-9815c4dd5df8): drop table if exists nonAcidOrcTbl2
2024-04-24T05:31:06,998  INFO [main] txn.TxnHandler: Added entries to MIN_HISTORY_LEVEL for current txns: ([14]) with min_open_txn: 1
2024-04-24T05:31:06,998  INFO [main] lockmgr.DbTxnManager: Opened txnid:14
2024-04-24T05:31:06,999  INFO [main] HiveMetaStore.audit: ugi=alex	ip=unknown-ip-addr	cmd=get_table : tbl=hive.default.nonAcidOrcTbl2	
2024-04-24T05:31:07,002  INFO [main] ql.Driver: Semantic Analysis Completed (retrial = false)
2024-04-24T05:31:07,002  INFO [main] ql.Driver: Created Hive schema: Schema(fieldSchemas:null, properties:null)
2024-04-24T05:31:07,002  INFO [main] metadata.Hive: Dumping metastore api call timing information for : compilation phase
2024-04-24T05:31:07,002  INFO [main] metadata.Hive: Total time spent in each metastore function (ms): {flushCache_()=0, openTxn_(String, TxnType)=2, isCompatibleWith_(Configuration)=1, commitTxn_(CommitTxnRequest)=13, getValidTxns_(long)=0}
2024-04-24T05:31:07,002  INFO [main] ql.Driver: Completed compiling command(queryId=alex_20240424053106_00457657-9837-439d-a34d-9815c4dd5df8); Time taken: 0.006 seconds
2024-04-24T05:31:07,003  INFO [main] lockmgr.DbTxnManager: Setting lock request transaction to txnid:14 for queryId=alex_20240424053106_00457657-9837-439d-a34d-9815c4dd5df8
2024-04-24T05:31:07,003  INFO [main] ql.Driver: Operation DROPTABLE obtained 0 locks
2024-04-24T05:31:07,003  INFO [main] ql.Driver: Executing command(queryId=alex_20240424053106_00457657-9837-439d-a34d-9815c4dd5df8): drop table if exists nonAcidOrcTbl2
2024-04-24T05:31:07,003  INFO [main] ql.Driver: Starting task [Stage-0:DDL] in serial mode
2024-04-24T05:31:07,003  INFO [main] HiveMetaStore.audit: ugi=alex	ip=unknown-ip-addr	cmd=get_table : tbl=hive.default.nonAcidOrcTbl2	
2024-04-24T05:31:07,006  INFO [main] metadata.Hive: Dumping metastore api call timing information for : execution phase
2024-04-24T05:31:07,006  INFO [main] metadata.Hive: Total time spent in each metastore function (ms): {isCompatibleWith_(Configuration)=0}
2024-04-24T05:31:07,006  INFO [main] ql.Driver: Completed executing command(queryId=alex_20240424053106_00457657-9837-439d-a34d-9815c4dd5df8); Time taken: 0.003 seconds
2024-04-24T05:31:07,006  INFO [main] lockmgr.DbTxnManager: Stopped heartbeat for query: alex_20240424053106_00457657-9837-439d-a34d-9815c4dd5df8
2024-04-24T05:31:07,013  INFO [main] txn.TxnHandler: Expected to move at least one record from txn_components to completed_txn_components when committing txn! txnid:14
2024-04-24T05:31:07,020  INFO [main] txn.TxnHandler: Removed transactions: ([14]) from MIN_HISTORY_LEVEL
2024-04-24T05:31:07,020  WARN [main] txn.CompactionTxnHandler: No compaction queue record found for Compaction type transaction commit. txnId:14
2024-04-24T05:31:07,021  INFO [main] ql.TxnCommandsBaseForTests: Running the query: drop table if exists nonAcidNonBucket
2024-04-24T05:31:07,021  INFO [main] ql.Driver: Compiling command(queryId=alex_20240424053107_02943569-fe38-44a1-bfed-1ae5c9a4fb80): drop table if exists nonAcidNonBucket
2024-04-24T05:31:07,023  INFO [main] txn.TxnHandler: Added entries to MIN_HISTORY_LEVEL for current txns: ([15]) with min_open_txn: 1
2024-04-24T05:31:07,024  INFO [main] lockmgr.DbTxnManager: Opened txnid:15
2024-04-24T05:31:07,024  INFO [main] HiveMetaStore.audit: ugi=alex	ip=unknown-ip-addr	cmd=get_table : tbl=hive.default.nonAcidNonBucket	
2024-04-24T05:31:07,027  INFO [main] ql.Driver: Semantic Analysis Completed (retrial = false)
2024-04-24T05:31:07,027  INFO [main] ql.Driver: Created Hive schema: Schema(fieldSchemas:null, properties:null)
2024-04-24T05:31:07,027  INFO [main] metadata.Hive: Dumping metastore api call timing information for : compilation phase
2024-04-24T05:31:07,028  INFO [main] metadata.Hive: Total time spent in each metastore function (ms): {isCompatibleWith_(Configuration)=0, openTxn_(String, TxnType)=2, getValidTxns_(long)=0, flushCache_()=0, commitTxn_(CommitTxnRequest)=15}
2024-04-24T05:31:07,028  INFO [main] ql.Driver: Completed compiling command(queryId=alex_20240424053107_02943569-fe38-44a1-bfed-1ae5c9a4fb80); Time taken: 0.006 seconds
2024-04-24T05:31:07,028  INFO [main] lockmgr.DbTxnManager: Setting lock request transaction to txnid:15 for queryId=alex_20240424053107_02943569-fe38-44a1-bfed-1ae5c9a4fb80
2024-04-24T05:31:07,028  INFO [main] ql.Driver: Operation DROPTABLE obtained 0 locks
2024-04-24T05:31:07,028  INFO [main] ql.Driver: Executing command(queryId=alex_20240424053107_02943569-fe38-44a1-bfed-1ae5c9a4fb80): drop table if exists nonAcidNonBucket
2024-04-24T05:31:07,028  INFO [main] ql.Driver: Starting task [Stage-0:DDL] in serial mode
2024-04-24T05:31:07,028  INFO [main] HiveMetaStore.audit: ugi=alex	ip=unknown-ip-addr	cmd=get_table : tbl=hive.default.nonAcidNonBucket	
2024-04-24T05:31:07,031  INFO [main] metadata.Hive: Dumping metastore api call timing information for : execution phase
2024-04-24T05:31:07,031  INFO [main] metadata.Hive: Total time spent in each metastore function (ms): {isCompatibleWith_(Configuration)=0}
2024-04-24T05:31:07,032  INFO [main] ql.Driver: Completed executing command(queryId=alex_20240424053107_02943569-fe38-44a1-bfed-1ae5c9a4fb80); Time taken: 0.003 seconds
2024-04-24T05:31:07,032  INFO [main] lockmgr.DbTxnManager: Stopped heartbeat for query: alex_20240424053107_02943569-fe38-44a1-bfed-1ae5c9a4fb80
2024-04-24T05:31:07,037  INFO [main] txn.TxnHandler: Expected to move at least one record from txn_components to completed_txn_components when committing txn! txnid:15
2024-04-24T05:31:07,042  INFO [main] txn.TxnHandler: Removed transactions: ([15]) from MIN_HISTORY_LEVEL
2024-04-24T05:31:07,042  WARN [main] txn.CompactionTxnHandler: No compaction queue record found for Compaction type transaction commit. txnId:15
2024-04-24T05:31:07,043  INFO [main] utils.TestTxnDbUtil: Cleaning transactional tables
]]></system-err>
  </testcase>
</testsuite>