<?xml version="1.0" encoding="UTF-8"?>
<testsuite xmlns:xsi="http://www.w3.org/2001/XMLSchema-instance" xsi:noNamespaceSchemaLocation="https://maven.apache.org/surefire/maven-surefire-plugin/xsd/surefire-test-report-3.0.xsd" version="3.0" name="org.apache.hadoop.hive.ql.TestTxnCommands" time="240.009" tests="49" errors="18" skipped="2" failures="0">
  <properties>
    <property name="build.test.dir" value="/home/alex/Repositories/hive/ql/target/tmp"/>
    <property name="awt.toolkit" value="sun.awt.X11.XToolkit"/>
    <property name="test.tmp.dir.uri" value="file:///home/alex/Repositories/hive/ql/target/tmp"/>
    <property name="java.specification.version" value="1.8"/>
    <property name="qfile" value=""/>
    <property name="sun.cpu.isalist" value=""/>
    <property name="test.warehouse.dir" value="pfile:///home/alex/Repositories/hive/ql/target/warehouse"/>
    <property name="sun.jnu.encoding" value="UTF-8"/>
    <property name="run_disabled" value=""/>
    <property name="nondexPrintstack" value="false"/>
    <property name="sun.arch.data.model" value="64"/>
    <property name="java.vendor.url" value="http://java.oracle.com/"/>
    <property name="user.country.format" value="PT"/>
    <property name="test.tmp.dir" value="/home/alex/Repositories/hive/ql/target/tmp"/>
    <property name="sun.boot.library.path" value="/usr/lib/jvm/java-8-openjdk-amd64/jre/lib/amd64"/>
    <property name="sun.java.command" value="/home/alex/Repositories/hive/ql/target/surefire/surefirebooter1777485095803578390.jar /home/alex/Repositories/hive/ql/target/surefire 2024-04-23T21-59-46_173-jvmRun1 surefire5856275643450899612tmp surefire_30498319041891210348489tmp"/>
    <property name="nondexExecid" value="Snhwr3I2MCYp2xI1BMYXdetIVL2H5UQXpCxOgAk9NN4="/>
    <property name="java.specification.vendor" value="Oracle Corporation"/>
    <property name="java.home" value="/usr/lib/jvm/java-8-openjdk-amd64/jre"/>
    <property name="basedir" value="/home/alex/Repositories/hive/ql"/>
    <property name="file.separator" value="/"/>
    <property name="line.separator" value="&#10;"/>
    <property name="nondexEnd" value="9223372036854775807"/>
    <property name="derby.stream.error.file" value="/home/alex/Repositories/hive/ql/target/tmp/derby.log"/>
    <property name="java.vm.specification.vendor" value="Oracle Corporation"/>
    <property name="java.specification.name" value="Java Platform API Specification"/>
    <property name="sun.boot.class.path" value="/home/alex/Repositories/hive/ql/.nondex/nondex-instr.jar:/home/alex/.m2/repository/edu/illinois/nondex-common/2.1.7/nondex-common-2.1.7.jar:/home/alex/.m2/repository/edu/illinois/nondex-annotations/2.1.7/nondex-annotations-2.1.7.jar:/usr/lib/jvm/java-8-openjdk-amd64/jre/lib/resources.jar:/usr/lib/jvm/java-8-openjdk-amd64/jre/lib/rt.jar:/usr/lib/jvm/java-8-openjdk-amd64/jre/lib/sunrsasign.jar:/usr/lib/jvm/java-8-openjdk-amd64/jre/lib/jsse.jar:/usr/lib/jvm/java-8-openjdk-amd64/jre/lib/jce.jar:/usr/lib/jvm/java-8-openjdk-amd64/jre/lib/charsets.jar:/usr/lib/jvm/java-8-openjdk-amd64/jre/lib/jfr.jar:/usr/lib/jvm/java-8-openjdk-amd64/jre/classes"/>
    <property name="log4j.debug" value="true"/>
    <property name="sun.management.compiler" value="HotSpot 64-Bit Tiered Compilers"/>
    <property name="spark.home" value=""/>
    <property name="java.runtime.version" value="1.8.0_402-8u402-ga-2ubuntu1~22.04-b06"/>
    <property name="user.name" value="alex"/>
    <property name="test.src.tables" value=""/>
    <property name="file.encoding" value="UTF-8"/>
    <property name="qfile_regex" value=""/>
    <property name="hadoop.bin.path" value="/home/alex/Repositories/hive/ql/../testutils/hadoop"/>
    <property name="localRepository" value="/home/alex/.m2/repository"/>
    <property name="nondexDir" value="/home/alex/Repositories/hive/ql/.nondex"/>
    <property name="build.dir" value="/home/alex/Repositories/hive/ql/target"/>
    <property name="mapred.job.tracker" value="local"/>
    <property name="nondexJarDir" value="/home/alex/Repositories/hive/ql/.nondex"/>
    <property name="java.io.tmpdir" value="/home/alex/Repositories/hive/ql/target/tmp"/>
    <property name="com.zaxxer.hikari.pool_number" value="3"/>
    <property name="java.version" value="1.8.0_402"/>
    <property name="hive.version" value="4.0.0-SNAPSHOT"/>
    <property name="java.vm.specification.name" value="Java Virtual Machine Specification"/>
    <property name="java.awt.printerjob" value="sun.print.PSPrinterJob"/>
    <property name="sun.os.patch.level" value="unknown"/>
    <property name="test.data.dir" value="/home/alex/Repositories/hive/ql/../data/files"/>
    <property name="java.library.path" value="/usr/java/packages/lib/amd64:/usr/lib/x86_64-linux-gnu/jni:/lib/x86_64-linux-gnu:/usr/lib/x86_64-linux-gnu:/usr/lib/jni:/lib:/usr/lib"/>
    <property name="java.vendor" value="Private Build"/>
    <property name="java.specification.maintenance.version" value="5"/>
    <property name="sun.io.unicode.encoding" value="UnicodeLittle"/>
    <property name="initScript" value=""/>
    <property name="sun.desktop" value="gnome"/>
    <property name="calcite.enable.rexnode.digest.normalize" value="false"/>
    <property name="nondexStart" value="0"/>
    <property name="file.encoding.pkg" value="sun.io"/>
    <property name="log4j.configurationFile" value="file:///home/alex/Repositories/hive/ql/target/testconf/hive-log4j2.properties"/>
    <property name="java.class.path" value="/home/alex/Repositories/hive/ql/target/test-classes:/home/alex/Repositories/hive/ql/target/classes:/home/alex/.m2/repository/org/apache/atlas/atlas-client-v2/2.1.0/atlas-client-v2-2.1.0.jar:/home/alex/.m2/repository/cglib/cglib/2.2.2/cglib-2.2.2.jar:/home/alex/.m2/repository/asm/asm/3.3.1/asm-3.3.1.jar:/home/alex/.m2/repository/org/apache/atlas/atlas-client-common/2.1.0/atlas-client-common-2.1.0.jar:/home/alex/.m2/repository/org/apache/httpcomponents/httpclient/4.5.13/httpclient-4.5.13.jar:/home/alex/.m2/repository/com/sun/jersey/jersey-client/1.19/jersey-client-1.19.jar:/home/alex/.m2/repository/org/apache/atlas/atlas-intg/2.1.0/atlas-intg-2.1.0.jar:/home/alex/.m2/repository/commons-collections/commons-collections/3.2.2/commons-collections-3.2.2.jar:/home/alex/.m2/repository/commons-validator/commons-validator/1.6/commons-validator-1.6.jar:/home/alex/.m2/repository/commons-digester/commons-digester/1.8.1/commons-digester-1.8.1.jar:/home/alex/.m2/repository/com/fasterxml/jackson/jaxrs/jackson-jaxrs-base/2.12.0/jackson-jaxrs-base-2.12.0.jar:/home/alex/.m2/repository/com/fasterxml/jackson/jaxrs/jackson-jaxrs-json-provider/2.12.0/jackson-jaxrs-json-provider-2.12.0.jar:/home/alex/.m2/repository/javax/inject/javax.inject/1/javax.inject-1.jar:/home/alex/.m2/repository/org/springframework/spring-context/4.3.20.RELEASE/spring-context-4.3.20.RELEASE.jar:/home/alex/.m2/repository/org/springframework/spring-aop/4.3.20.RELEASE/spring-aop-4.3.20.RELEASE.jar:/home/alex/.m2/repository/org/springframework/spring-beans/4.3.20.RELEASE/spring-beans-4.3.20.RELEASE.jar:/home/alex/.m2/repository/org/springframework/spring-core/4.3.20.RELEASE/spring-core-4.3.20.RELEASE.jar:/home/alex/.m2/repository/org/springframework/spring-expression/4.3.20.RELEASE/spring-expression-4.3.20.RELEASE.jar:/home/alex/.m2/repository/commons-configuration/commons-configuration/1.10/commons-configuration-1.10.jar:/home/alex/.m2/repository/commons-lang/commons-lang/2.6/commons-lang-2.6.jar:/home/alex/.m2/repository/commons-logging/commons-logging/1.1.1/commons-logging-1.1.1.jar:/home/alex/.m2/repository/org/apache/commons/commons-math3/3.6.1/commons-math3-3.6.1.jar:/home/alex/Repositories/hive/vector-code-gen/target/classes:/home/alex/.m2/repository/org/apache/velocity/velocity/1.5/velocity-1.5.jar:/home/alex/Repositories/hive/common/target/classes:/home/alex/Repositories/hive/classification/target/classes:/home/alex/Repositories/hive/standalone-metastore/metastore-common/target/classes:/home/alex/.m2/repository/commons-cli/commons-cli/1.4/commons-cli-1.4.jar:/home/alex/.m2/repository/org/apache/orc/orc-core/1.6.9/orc-core-1.6.9.jar:/home/alex/.m2/repository/org/apache/orc/orc-shims/1.6.9/orc-shims-1.6.9.jar:/home/alex/.m2/repository/io/airlift/aircompressor/0.19/aircompressor-0.19.jar:/home/alex/.m2/repository/org/jetbrains/annotations/17.0.0/annotations-17.0.0.jar:/home/alex/.m2/repository/org/threeten/threeten-extra/1.5.0/threeten-extra-1.5.0.jar:/home/alex/.m2/repository/jline/jline/2.14.6/jline-2.14.6.jar:/home/alex/.m2/repository/javax/servlet/javax.servlet-api/3.1.0/javax.servlet-api-3.1.0.jar:/home/alex/.m2/repository/org/eclipse/jetty/jetty-http/9.3.27.v20190418/jetty-http-9.3.27.v20190418.jar:/home/alex/.m2/repository/org/eclipse/jetty/jetty-rewrite/9.3.27.v20190418/jetty-rewrite-9.3.27.v20190418.jar:/home/alex/.m2/repository/org/eclipse/jetty/jetty-client/9.3.27.v20190418/jetty-client-9.3.27.v20190418.jar:/home/alex/.m2/repository/org/eclipse/jetty/jetty-server/9.3.27.v20190418/jetty-server-9.3.27.v20190418.jar:/home/alex/.m2/repository/org/eclipse/jetty/jetty-io/9.3.27.v20190418/jetty-io-9.3.27.v20190418.jar:/home/alex/.m2/repository/org/eclipse/jetty/jetty-servlet/9.3.27.v20190418/jetty-servlet-9.3.27.v20190418.jar:/home/alex/.m2/repository/org/eclipse/jetty/jetty-security/9.3.27.v20190418/jetty-security-9.3.27.v20190418.jar:/home/alex/.m2/repository/org/eclipse/jetty/jetty-webapp/9.3.27.v20190418/jetty-webapp-9.3.27.v20190418.jar:/home/alex/.m2/repository/org/eclipse/jetty/jetty-xml/9.3.27.v20190418/jetty-xml-9.3.27.v20190418.jar:/home/alex/.m2/repository/joda-time/joda-time/2.9.9/joda-time-2.9.9.jar:/home/alex/.m2/repository/org/apache/logging/log4j/log4j-web/2.13.2/log4j-web-2.13.2.jar:/home/alex/.m2/repository/net/sf/jpam/jpam/1.1/jpam-1.1.jar:/home/alex/.m2/repository/io/dropwizard/metrics/metrics-core/3.1.0/metrics-core-3.1.0.jar:/home/alex/.m2/repository/io/dropwizard/metrics/metrics-jvm/3.1.0/metrics-jvm-3.1.0.jar:/home/alex/.m2/repository/io/dropwizard/metrics/metrics-json/3.1.0/metrics-json-3.1.0.jar:/home/alex/.m2/repository/com/github/joshelser/dropwizard-metrics-hadoop-metrics2-reporter/0.1.2/dropwizard-metrics-hadoop-metrics2-reporter-0.1.2.jar:/home/alex/Repositories/hive/metastore/target/classes:/home/alex/.m2/repository/org/apache/derby/derby/10.14.1.0/derby-10.14.1.0.jar:/home/alex/Repositories/hive/serde/target/classes:/home/alex/.m2/repository/com/google/code/findbugs/jsr305/3.0.0/jsr305-3.0.0.jar:/home/alex/.m2/repository/org/apache/arrow/arrow-vector/0.15.1/arrow-vector-0.15.1.jar:/home/alex/.m2/repository/org/apache/arrow/arrow-format/0.15.1/arrow-format-0.15.1.jar:/home/alex/.m2/repository/org/apache/arrow/arrow-memory/0.15.1/arrow-memory-0.15.1.jar:/home/alex/.m2/repository/com/google/flatbuffers/flatbuffers-java/1.9.0/flatbuffers-java-1.9.0.jar:/home/alex/.m2/repository/com/carrotsearch/hppc/0.7.2/hppc-0.7.2.jar:/home/alex/.m2/repository/com/github/davidmoten/flatbuffers-java/1.6.0.1/flatbuffers-java-1.6.0.1.jar:/home/alex/Repositories/hive/parser/target/classes:/home/alex/Repositories/hive/udf/target/classes:/home/alex/Repositories/hive/service-rpc/target/classes:/home/alex/Repositories/hive/llap-client/target/classes:/home/alex/Repositories/hive/llap-common/target/classes:/home/alex/.m2/repository/io/jsonwebtoken/jjwt-api/0.10.5/jjwt-api-0.10.5.jar:/home/alex/.m2/repository/io/jsonwebtoken/jjwt-impl/0.10.5/jjwt-impl-0.10.5.jar:/home/alex/.m2/repository/io/jsonwebtoken/jjwt-jackson/0.10.5/jjwt-jackson-0.10.5.jar:/home/alex/Repositories/hive/llap-tez/target/classes:/home/alex/Repositories/hive/shims/aggregator/target/classes:/home/alex/Repositories/hive/shims/common/target/classes:/home/alex/Repositories/hive/shims/0.23/target/classes:/home/alex/.m2/repository/org/apache/hadoop/hadoop-yarn-server-resourcemanager/3.1.0/hadoop-yarn-server-resourcemanager-3.1.0.jar:/home/alex/.m2/repository/org/apache/hadoop/hadoop-yarn-server-applicationhistoryservice/3.1.0/hadoop-yarn-server-applicationhistoryservice-3.1.0.jar:/home/alex/.m2/repository/de/ruedigermoeller/fst/2.50/fst-2.50.jar:/home/alex/.m2/repository/com/cedarsoftware/java-util/1.9.0/java-util-1.9.0.jar:/home/alex/.m2/repository/com/cedarsoftware/json-io/2.5.1/json-io-2.5.1.jar:/home/alex/Repositories/hive/shims/scheduler/target/classes:/home/alex/Repositories/hive/spark-client/target/classes:/home/alex/.m2/repository/io/netty/netty-all/4.1.65.Final/netty-all-4.1.65.Final.jar:/home/alex/.m2/repository/com/fasterxml/jackson/module/jackson-module-scala_2.12/2.12.0/jackson-module-scala_2.12-2.12.0.jar:/home/alex/.m2/repository/org/apache/spark/spark-yarn_2.12/2.4.5/spark-yarn_2.12-2.4.5.jar:/home/alex/Repositories/hive/storage-api/target/classes:/home/alex/.m2/repository/com/amazonaws/aws-java-sdk-bundle/1.11.901/aws-java-sdk-bundle-1.11.901.jar:/home/alex/.m2/repository/com/amazonaws/secretsmanager/aws-secretsmanager-caching-java/1.0.1/aws-secretsmanager-caching-java-1.0.1.jar:/home/alex/.m2/repository/com/esotericsoftware/kryo/5.0.3/kryo-5.0.3.jar:/home/alex/.m2/repository/org/objenesis/objenesis/3.1/objenesis-3.1.jar:/home/alex/.m2/repository/com/esotericsoftware/minlog/1.3.1/minlog-1.3.1.jar:/home/alex/.m2/repository/com/esotericsoftware/reflectasm/1.11.9/reflectasm-1.11.9.jar:/home/alex/.m2/repository/com/google/protobuf/protobuf-java/2.5.0/protobuf-java-2.5.0.jar:/home/alex/.m2/repository/org/apache/hbase/hbase-common/2.0.0-alpha4/hbase-common-2.0.0-alpha4.jar:/home/alex/.m2/repository/org/apache/hbase/thirdparty/hbase-shaded-miscellaneous/1.0.1/hbase-shaded-miscellaneous-1.0.1.jar:/home/alex/.m2/repository/org/apache/htrace/htrace-core/3.2.0-incubating/htrace-core-3.2.0-incubating.jar:/home/alex/.m2/repository/org/apache/commons/commons-crypto/1.0.0/commons-crypto-1.0.0.jar:/home/alex/.m2/repository/com/github/stephenc/findbugs/findbugs-annotations/1.3.9-1/findbugs-annotations-1.3.9-1.jar:/home/alex/.m2/repository/log4j/log4j/1.2.17/log4j-1.2.17.jar:/home/alex/.m2/repository/org/apache/yetus/audience-annotations/0.5.0/audience-annotations-0.5.0.jar:/home/alex/.m2/repository/org/apache/parquet/parquet-hadoop-bundle/1.11.1/parquet-hadoop-bundle-1.11.1.jar:/home/alex/.m2/repository/commons-codec/commons-codec/1.15/commons-codec-1.15.jar:/home/alex/.m2/repository/commons-io/commons-io/2.6/commons-io-2.6.jar:/home/alex/.m2/repository/org/apache/commons/commons-collections4/4.1/commons-collections4-4.1.jar:/home/alex/.m2/repository/org/apache/commons/commons-lang3/3.9/commons-lang3-3.9.jar:/home/alex/.m2/repository/org/apache/commons/commons-text/1.8/commons-text-1.8.jar:/home/alex/.m2/repository/javolution/javolution/5.5.1/javolution-5.5.1.jar:/home/alex/.m2/repository/org/apache/logging/log4j/log4j-1.2-api/2.13.2/log4j-1.2-api-2.13.2.jar:/home/alex/.m2/repository/org/apache/logging/log4j/log4j-api/2.13.2/log4j-api-2.13.2.jar:/home/alex/.m2/repository/org/apache/logging/log4j/log4j-core/2.13.2/log4j-core-2.13.2.jar:/home/alex/.m2/repository/org/apache/logging/log4j/log4j-slf4j-impl/2.13.2/log4j-slf4j-impl-2.13.2.jar:/home/alex/.m2/repository/org/antlr/antlr-runtime/3.5.2/antlr-runtime-3.5.2.jar:/home/alex/.m2/repository/org/antlr/ST4/4.0.4/ST4-4.0.4.jar:/home/alex/.m2/repository/org/apache/avro/avro/1.8.2/avro-1.8.2.jar:/home/alex/.m2/repository/org/codehaus/jackson/jackson-core-asl/1.9.13/jackson-core-asl-1.9.13.jar:/home/alex/.m2/repository/org/codehaus/jackson/jackson-mapper-asl/1.9.13/jackson-mapper-asl-1.9.13.jar:/home/alex/.m2/repository/com/thoughtworks/paranamer/paranamer/2.8/paranamer-2.8.jar:/home/alex/.m2/repository/org/xerial/snappy/snappy-java/1.1.4/snappy-java-1.1.4.jar:/home/alex/.m2/repository/org/tukaani/xz/1.5/xz-1.5.jar:/home/alex/.m2/repository/org/apache/avro/avro-mapred/1.8.2/avro-mapred-1.8.2-hadoop2.jar:/home/alex/.m2/repository/org/apache/avro/avro-ipc/1.8.2/avro-ipc-1.8.2.jar:/home/alex/.m2/repository/org/mortbay/jetty/jetty/6.1.26/jetty-6.1.26.jar:/home/alex/.m2/repository/org/apache/ant/ant/1.9.1/ant-1.9.1.jar:/home/alex/.m2/repository/org/apache/ant/ant-launcher/1.9.1/ant-launcher-1.9.1.jar:/home/alex/.m2/repository/org/apache/commons/commons-compress/1.21/commons-compress-1.21.jar:/home/alex/.m2/repository/org/apache/thrift/libfb303/0.9.3/libfb303-0.9.3.jar:/home/alex/.m2/repository/org/apache/hadoop/hadoop-common/3.1.0/hadoop-common-3.1.0.jar:/home/alex/.m2/repository/org/apache/hadoop/hadoop-annotations/3.1.0/hadoop-annotations-3.1.0.jar:/home/alex/.m2/repository/commons-net/commons-net/3.6/commons-net-3.6.jar:/home/alex/.m2/repository/org/eclipse/jetty/jetty-util/9.3.27.v20190418/jetty-util-9.3.27.v20190418.jar:/home/alex/.m2/repository/javax/servlet/jsp/jsp-api/2.1/jsp-api-2.1.jar:/home/alex/.m2/repository/com/sun/jersey/jersey-core/1.19/jersey-core-1.19.jar:/home/alex/.m2/repository/javax/ws/rs/jsr311-api/1.1.1/jsr311-api-1.1.1.jar:/home/alex/.m2/repository/com/sun/jersey/jersey-json/1.19/jersey-json-1.19.jar:/home/alex/.m2/repository/com/sun/xml/bind/jaxb-impl/2.2.3-1/jaxb-impl-2.2.3-1.jar:/home/alex/.m2/repository/org/codehaus/jackson/jackson-jaxrs/1.9.2/jackson-jaxrs-1.9.2.jar:/home/alex/.m2/repository/org/codehaus/jackson/jackson-xc/1.9.2/jackson-xc-1.9.2.jar:/home/alex/.m2/repository/com/sun/jersey/jersey-server/1.19/jersey-server-1.19.jar:/home/alex/.m2/repository/org/apache/commons/commons-configuration2/2.1.1/commons-configuration2-2.1.1.jar:/home/alex/.m2/repository/org/apache/hadoop/hadoop-auth/3.1.0/hadoop-auth-3.1.0.jar:/home/alex/.m2/repository/com/nimbusds/nimbus-jose-jwt/4.41.1/nimbus-jose-jwt-4.41.1.jar:/home/alex/.m2/repository/com/github/stephenc/jcip/jcip-annotations/1.0-1/jcip-annotations-1.0-1.jar:/home/alex/.m2/repository/com/jcraft/jsch/0.1.54/jsch-0.1.54.jar:/home/alex/.m2/repository/org/apache/htrace/htrace-core4/4.1.0-incubating/htrace-core4-4.1.0-incubating.jar:/home/alex/.m2/repository/org/apache/kerby/kerb-simplekdc/1.0.1/kerb-simplekdc-1.0.1.jar:/home/alex/.m2/repository/org/apache/kerby/kerb-client/1.0.1/kerb-client-1.0.1.jar:/home/alex/.m2/repository/org/apache/kerby/kerby-config/1.0.1/kerby-config-1.0.1.jar:/home/alex/.m2/repository/org/apache/kerby/kerb-core/1.0.1/kerb-core-1.0.1.jar:/home/alex/.m2/repository/org/apache/kerby/kerby-pkix/1.0.1/kerby-pkix-1.0.1.jar:/home/alex/.m2/repository/org/apache/kerby/kerby-asn1/1.0.1/kerby-asn1-1.0.1.jar:/home/alex/.m2/repository/org/apache/kerby/kerby-util/1.0.1/kerby-util-1.0.1.jar:/home/alex/.m2/repository/org/apache/kerby/kerb-common/1.0.1/kerb-common-1.0.1.jar:/home/alex/.m2/repository/org/apache/kerby/kerb-crypto/1.0.1/kerb-crypto-1.0.1.jar:/home/alex/.m2/repository/org/apache/kerby/kerb-util/1.0.1/kerb-util-1.0.1.jar:/home/alex/.m2/repository/org/apache/kerby/token-provider/1.0.1/token-provider-1.0.1.jar:/home/alex/.m2/repository/org/apache/kerby/kerb-admin/1.0.1/kerb-admin-1.0.1.jar:/home/alex/.m2/repository/org/apache/kerby/kerb-server/1.0.1/kerb-server-1.0.1.jar:/home/alex/.m2/repository/org/apache/kerby/kerb-identity/1.0.1/kerb-identity-1.0.1.jar:/home/alex/.m2/repository/org/apache/kerby/kerby-xdr/1.0.1/kerby-xdr-1.0.1.jar:/home/alex/.m2/repository/org/codehaus/woodstox/stax2-api/3.1.4/stax2-api-3.1.4.jar:/home/alex/.m2/repository/com/fasterxml/woodstox/woodstox-core/5.0.3/woodstox-core-5.0.3.jar:/home/alex/.m2/repository/org/apache/hadoop/hadoop-archives/3.1.0/hadoop-archives-3.1.0.jar:/home/alex/.m2/repository/org/apache/hadoop/hadoop-yarn-registry/3.1.0/hadoop-yarn-registry-3.1.0.jar:/home/alex/.m2/repository/org/apache/curator/curator-client/4.2.0/curator-client-4.2.0.jar:/home/alex/.m2/repository/org/apache/curator/curator-recipes/4.2.0/curator-recipes-4.2.0.jar:/home/alex/.m2/repository/commons-daemon/commons-daemon/1.0.13/commons-daemon-1.0.13.jar:/home/alex/.m2/repository/dnsjava/dnsjava/2.1.7/dnsjava-2.1.7.jar:/home/alex/.m2/repository/org/apache/hadoop/hadoop-mapreduce-client-core/3.1.0/hadoop-mapreduce-client-core-3.1.0.jar:/home/alex/.m2/repository/org/apache/hadoop/hadoop-hdfs-client/3.1.0/hadoop-hdfs-client-3.1.0.jar:/home/alex/.m2/repository/com/squareup/okhttp/okhttp/2.7.5/okhttp-2.7.5.jar:/home/alex/.m2/repository/com/squareup/okio/okio/1.6.0/okio-1.6.0.jar:/home/alex/.m2/repository/com/google/inject/extensions/guice-servlet/4.0/guice-servlet-4.0.jar:/home/alex/.m2/repository/org/apache/hadoop/hadoop-mapreduce-client-common/3.1.0/hadoop-mapreduce-client-common-3.1.0.jar:/home/alex/.m2/repository/org/apache/hadoop/hadoop-hdfs/3.1.0/hadoop-hdfs-3.1.0.jar:/home/alex/.m2/repository/org/eclipse/jetty/jetty-util-ajax/9.3.19.v20170502/jetty-util-ajax-9.3.19.v20170502.jar:/home/alex/.m2/repository/org/fusesource/leveldbjni/leveldbjni-all/1.8/leveldbjni-all-1.8.jar:/home/alex/.m2/repository/org/apache/hadoop/hadoop-yarn-api/3.1.0/hadoop-yarn-api-3.1.0.jar:/home/alex/.m2/repository/javax/xml/bind/jaxb-api/2.2.11/jaxb-api-2.2.11.jar:/home/alex/.m2/repository/org/apache/hadoop/hadoop-yarn-common/3.1.0/hadoop-yarn-common-3.1.0.jar:/home/alex/.m2/repository/com/google/inject/guice/4.0/guice-4.0.jar:/home/alex/.m2/repository/aopalliance/aopalliance/1.0/aopalliance-1.0.jar:/home/alex/.m2/repository/com/sun/jersey/contribs/jersey-guice/1.19/jersey-guice-1.19.jar:/home/alex/.m2/repository/com/fasterxml/jackson/module/jackson-module-jaxb-annotations/2.12.0/jackson-module-jaxb-annotations-2.12.0.jar:/home/alex/.m2/repository/jakarta/xml/bind/jakarta.xml.bind-api/2.3.2/jakarta.xml.bind-api-2.3.2.jar:/home/alex/.m2/repository/jakarta/activation/jakarta.activation-api/1.2.1/jakarta.activation-api-1.2.1.jar:/home/alex/.m2/repository/org/apache/hadoop/hadoop-yarn-client/3.1.0/hadoop-yarn-client-3.1.0.jar:/home/alex/.m2/repository/org/apache/orc/orc-tools/1.6.9/orc-tools-1.6.9.jar:/home/alex/.m2/repository/com/opencsv/opencsv/3.9/opencsv-3.9.jar:/home/alex/.m2/repository/org/codehaus/jettison/jettison/1.1/jettison-1.1.jar:/home/alex/.m2/repository/org/threeten/threetenbp/1.3.5/threetenbp-1.3.5.jar:/home/alex/.m2/repository/org/apache/ivy/ivy/2.4.0/ivy-2.4.0.jar:/home/alex/.m2/repository/org/apache/thrift/libthrift/0.14.1/libthrift-0.14.1.jar:/home/alex/.m2/repository/org/apache/httpcomponents/httpcore/4.4.13/httpcore-4.4.13.jar:/home/alex/.m2/repository/org/apache/tomcat/embed/tomcat-embed-core/8.5.46/tomcat-embed-core-8.5.46.jar:/home/alex/.m2/repository/org/apache/tomcat/tomcat-annotations-api/8.5.46/tomcat-annotations-api-8.5.46.jar:/home/alex/.m2/repository/javax/annotation/javax.annotation-api/1.3.2/javax.annotation-api-1.3.2.jar:/home/alex/.m2/repository/org/apache/zookeeper/zookeeper/3.5.5/zookeeper-3.5.5.jar:/home/alex/.m2/repository/org/apache/zookeeper/zookeeper-jute/3.5.5/zookeeper-jute-3.5.5.jar:/home/alex/.m2/repository/org/apache/curator/curator-framework/4.2.0/curator-framework-4.2.0.jar:/home/alex/.m2/repository/org/apache/curator/curator-test/4.2.0/curator-test-4.2.0.jar:/home/alex/.m2/repository/org/apache/datasketches/datasketches-hive/1.1.0-incubating/datasketches-hive-1.1.0-incubating.jar:/home/alex/.m2/repository/org/apache/datasketches/datasketches-java/1.3.0-incubating/datasketches-java-1.3.0-incubating.jar:/home/alex/.m2/repository/org/apache/datasketches/datasketches-memory/1.2.0-incubating/datasketches-memory-1.2.0-incubating.jar:/home/alex/.m2/repository/org/slf4j/slf4j-simple/1.7.27/slf4j-simple-1.7.27.jar:/home/alex/.m2/repository/com/lmax/disruptor/3.3.7/disruptor-3.3.7.jar:/home/alex/.m2/repository/org/codehaus/groovy/groovy-all/2.4.11/groovy-all-2.4.11.jar:/home/alex/.m2/repository/org/jodd/jodd-util/6.0.0/jodd-util-6.0.0.jar:/home/alex/.m2/repository/com/fasterxml/jackson/core/jackson-annotations/2.12.0/jackson-annotations-2.12.0.jar:/home/alex/.m2/repository/com/fasterxml/jackson/core/jackson-core/2.12.0/jackson-core-2.12.0.jar:/home/alex/.m2/repository/com/fasterxml/jackson/core/jackson-databind/2.12.0/jackson-databind-2.12.0.jar:/home/alex/.m2/repository/com/fasterxml/jackson/dataformat/jackson-dataformat-yaml/2.12.0/jackson-dataformat-yaml-2.12.0.jar:/home/alex/.m2/repository/org/yaml/snakeyaml/1.27/snakeyaml-1.27.jar:/home/alex/.m2/repository/org/datanucleus/datanucleus-core/5.2.4/datanucleus-core-5.2.4.jar:/home/alex/.m2/repository/org/apache/calcite/calcite-core/1.25.0/calcite-core-1.25.0.jar:/home/alex/.m2/repository/org/apache/calcite/calcite-linq4j/1.25.0/calcite-linq4j-1.25.0.jar:/home/alex/.m2/repository/org/apiguardian/apiguardian-api/1.1.0/apiguardian-api-1.1.0.jar:/home/alex/.m2/repository/com/esri/geometry/esri-geometry-api/2.2.0/esri-geometry-api-2.2.0.jar:/home/alex/.m2/repository/com/yahoo/datasketches/sketches-core/0.9.0/sketches-core-0.9.0.jar:/home/alex/.m2/repository/com/yahoo/datasketches/memory/0.9.0/memory-0.9.0.jar:/home/alex/.m2/repository/org/apache/commons/commons-dbcp2/2.7.0/commons-dbcp2-2.7.0.jar:/home/alex/.m2/repository/org/apache/commons/commons-pool2/2.7.0/commons-pool2-2.7.0.jar:/home/alex/.m2/repository/org/apache/calcite/calcite-druid/1.25.0/calcite-druid-1.25.0.jar:/home/alex/.m2/repository/org/apache/calcite/avatica/avatica/1.12.0/avatica-1.12.0.jar:/home/alex/.m2/repository/com/google/guava/guava/19.0/guava-19.0.jar:/home/alex/.m2/repository/com/googlecode/javaewah/JavaEWAH/0.3.2/JavaEWAH-0.3.2.jar:/home/alex/.m2/repository/com/google/code/gson/gson/2.2.4/gson-2.2.4.jar:/home/alex/.m2/repository/com/tdunning/json/1.8/json-1.8.jar:/home/alex/.m2/repository/stax/stax-api/1.0.1/stax-api-1.0.1.jar:/home/alex/.m2/repository/net/sf/opencsv/opencsv/2.3/opencsv-2.3.jar:/home/alex/Repositories/hive/standalone-metastore/metastore-server/target/classes:/home/alex/.m2/repository/com/zaxxer/HikariCP/2.6.1/HikariCP-2.6.1.jar:/home/alex/.m2/repository/commons-beanutils/commons-beanutils/1.9.4/commons-beanutils-1.9.4.jar:/home/alex/.m2/repository/org/datanucleus/datanucleus-api-jdo/5.2.4/datanucleus-api-jdo-5.2.4.jar:/home/alex/.m2/repository/org/datanucleus/datanucleus-rdbms/5.2.4/datanucleus-rdbms-5.2.4.jar:/home/alex/.m2/repository/org/datanucleus/javax.jdo/3.2.0-release/javax.jdo-3.2.0-release.jar:/home/alex/.m2/repository/javax/transaction/javax.transaction-api/1.3/javax.transaction-api-1.3.jar:/home/alex/.m2/repository/org/glassfish/corba/glassfish-corba-omgapi/4.2.2/glassfish-corba-omgapi-4.2.2.jar:/home/alex/.m2/repository/sqlline/sqlline/1.9.0/sqlline-1.9.0.jar:/home/alex/.m2/repository/org/jline/jline-terminal/3.12.1/jline-terminal-3.12.1.jar:/home/alex/.m2/repository/org/jline/jline-reader/3.12.1/jline-reader-3.12.1.jar:/home/alex/.m2/repository/org/jline/jline-terminal-jansi/3.12.1/jline-terminal-jansi-3.12.1.jar:/home/alex/.m2/repository/org/fusesource/jansi/jansi/1.18/jansi-1.18.jar:/home/alex/.m2/repository/org/jline/jline-terminal-jna/3.12.1/jline-terminal-jna-3.12.1.jar:/home/alex/.m2/repository/net/java/dev/jna/jna/5.3.1/jna-5.3.1.jar:/home/alex/.m2/repository/org/jline/jline-builtins/3.12.1/jline-builtins-3.12.1.jar:/home/alex/.m2/repository/org/jline/jline-style/3.12.1/jline-style-3.12.1.jar:/home/alex/.m2/repository/com/cronutils/cron-utils/9.1.3/cron-utils-9.1.3.jar:/home/alex/.m2/repository/org/glassfish/javax.el/3.0.0/javax.el-3.0.0.jar:/home/alex/.m2/repository/com/oracle/database/jdbc/ojdbc8/21.3.0.0/ojdbc8-21.3.0.0.jar:/home/alex/.m2/repository/mysql/mysql-connector-java/8.0.27/mysql-connector-java-8.0.27.jar:/home/alex/.m2/repository/com/microsoft/sqlserver/mssql-jdbc/6.2.1.jre8/mssql-jdbc-6.2.1.jre8.jar:/home/alex/.m2/repository/org/postgresql/postgresql/42.2.14/postgresql-42.2.14.jar:/home/alex/Repositories/hive/common/target/test-classes:/home/alex/Repositories/hive/standalone-metastore/metastore-common/target/test-classes:/home/alex/.m2/repository/com/github/ben-manes/caffeine/caffeine/2.8.4/caffeine-2.8.4.jar:/home/alex/.m2/repository/org/checkerframework/checker-qual/3.4.0/checker-qual-3.4.0.jar:/home/alex/Repositories/hive/standalone-metastore/metastore-server/target/test-classes:/home/alex/.m2/repository/org/apache/parquet/parquet-column/1.11.1/parquet-column-1.11.1-tests.jar:/home/alex/.m2/repository/org/apache/parquet/parquet-common/1.11.1/parquet-common-1.11.1.jar:/home/alex/.m2/repository/org/apache/parquet/parquet-format-structures/1.11.1/parquet-format-structures-1.11.1.jar:/home/alex/.m2/repository/org/apache/parquet/parquet-encoding/1.11.1/parquet-encoding-1.11.1.jar:/home/alex/.m2/repository/junit/junit/4.13/junit-4.13.jar:/home/alex/.m2/repository/org/hamcrest/hamcrest-core/1.3/hamcrest-core-1.3.jar:/home/alex/.m2/repository/org/junit/jupiter/junit-jupiter-engine/5.6.2/junit-jupiter-engine-5.6.2.jar:/home/alex/.m2/repository/org/junit/platform/junit-platform-engine/1.6.2/junit-platform-engine-1.6.2.jar:/home/alex/.m2/repository/org/opentest4j/opentest4j/1.2.0/opentest4j-1.2.0.jar:/home/alex/.m2/repository/org/junit/platform/junit-platform-commons/1.6.2/junit-platform-commons-1.6.2.jar:/home/alex/.m2/repository/org/junit/jupiter/junit-jupiter-api/5.6.2/junit-jupiter-api-5.6.2.jar:/home/alex/.m2/repository/org/junit/jupiter/junit-jupiter-params/5.6.2/junit-jupiter-params-5.6.2.jar:/home/alex/.m2/repository/org/junit/vintage/junit-vintage-engine/5.6.2/junit-vintage-engine-5.6.2.jar:/home/alex/.m2/repository/org/apache/tez/tez-api/0.10.1/tez-api-0.10.1.jar:/usr/lib/jvm/java-8-openjdk-amd64/jre/../lib/tools.jar:/home/alex/.m2/repository/org/apache/tez/tez-runtime-library/0.10.1/tez-runtime-library-0.10.1.jar:/home/alex/.m2/repository/org/roaringbitmap/RoaringBitmap/0.5.21/RoaringBitmap-0.5.21.jar:/home/alex/.m2/repository/org/asynchttpclient/async-http-client/2.12.1/async-http-client-2.12.1.jar:/home/alex/.m2/repository/org/asynchttpclient/async-http-client-netty-utils/2.12.1/async-http-client-netty-utils-2.12.1.jar:/home/alex/.m2/repository/io/netty/netty-buffer/4.1.48.Final/netty-buffer-4.1.48.Final.jar:/home/alex/.m2/repository/io/netty/netty-codec-http/4.1.48.Final/netty-codec-http-4.1.48.Final.jar:/home/alex/.m2/repository/io/netty/netty-common/4.1.48.Final/netty-common-4.1.48.Final.jar:/home/alex/.m2/repository/io/netty/netty-transport/4.1.48.Final/netty-transport-4.1.48.Final.jar:/home/alex/.m2/repository/io/netty/netty-codec/4.1.48.Final/netty-codec-4.1.48.Final.jar:/home/alex/.m2/repository/io/netty/netty-handler/4.1.48.Final/netty-handler-4.1.48.Final.jar:/home/alex/.m2/repository/io/netty/netty-resolver/4.1.48.Final/netty-resolver-4.1.48.Final.jar:/home/alex/.m2/repository/io/netty/netty-codec-socks/4.1.48.Final/netty-codec-socks-4.1.48.Final.jar:/home/alex/.m2/repository/io/netty/netty-handler-proxy/4.1.48.Final/netty-handler-proxy-4.1.48.Final.jar:/home/alex/.m2/repository/io/netty/netty-transport-native-epoll/4.1.48.Final/netty-transport-native-epoll-4.1.48.Final-linux-x86_64.jar:/home/alex/.m2/repository/io/netty/netty-transport-native-unix-common/4.1.48.Final/netty-transport-native-unix-common-4.1.48.Final.jar:/home/alex/.m2/repository/io/netty/netty-transport-native-kqueue/4.1.48.Final/netty-transport-native-kqueue-4.1.48.Final-osx-x86_64.jar:/home/alex/.m2/repository/org/reactivestreams/reactive-streams/1.0.3/reactive-streams-1.0.3.jar:/home/alex/.m2/repository/com/typesafe/netty/netty-reactive-streams/2.0.4/netty-reactive-streams-2.0.4.jar:/home/alex/.m2/repository/com/sun/activation/javax.activation/1.2.0/javax.activation-1.2.0.jar:/home/alex/.m2/repository/org/apache/tez/tez-common/0.10.1/tez-common-0.10.1.jar:/home/alex/.m2/repository/org/apache/tez/tez-runtime-internals/0.10.1/tez-runtime-internals-0.10.1.jar:/home/alex/.m2/repository/org/apache/tez/hadoop-shim/0.10.1/hadoop-shim-0.10.1.jar:/home/alex/.m2/repository/org/apache/tez/tez-mapreduce/0.10.1/tez-mapreduce-0.10.1.jar:/home/alex/.m2/repository/org/apache/tez/tez-dag/0.10.1/tez-dag-0.10.1.jar:/home/alex/.m2/repository/org/apache/hadoop/hadoop-yarn-server-web-proxy/3.1.0/hadoop-yarn-server-web-proxy-3.1.0.jar:/home/alex/.m2/repository/org/apache/hadoop/hadoop-yarn-server-common/3.1.0/hadoop-yarn-server-common-3.1.0.jar:/home/alex/.m2/repository/org/apache/geronimo/specs/geronimo-jcache_1.0_spec/1.0-alpha-1/geronimo-jcache_1.0_spec-1.0-alpha-1.jar:/home/alex/.m2/repository/org/ehcache/ehcache/3.3.1/ehcache-3.3.1.jar:/home/alex/.m2/repository/com/zaxxer/HikariCP-java7/2.4.12/HikariCP-java7-2.4.12.jar:/home/alex/.m2/repository/org/apache/spark/spark-core_2.12/2.4.5/spark-core_2.12-2.4.5.jar:/home/alex/.m2/repository/com/twitter/chill_2.12/0.9.3/chill_2.12-0.9.3.jar:/home/alex/.m2/repository/com/twitter/chill-java/0.9.3/chill-java-0.9.3.jar:/home/alex/.m2/repository/org/apache/xbean/xbean-asm6-shaded/4.8/xbean-asm6-shaded-4.8.jar:/home/alex/.m2/repository/org/apache/hadoop/hadoop-client/3.1.0/hadoop-client-3.1.0.jar:/home/alex/.m2/repository/org/apache/hadoop/hadoop-mapreduce-client-jobclient/3.1.0/hadoop-mapreduce-client-jobclient-3.1.0.jar:/home/alex/.m2/repository/org/apache/spark/spark-launcher_2.12/2.4.5/spark-launcher_2.12-2.4.5.jar:/home/alex/.m2/repository/org/apache/spark/spark-kvstore_2.12/2.4.5/spark-kvstore_2.12-2.4.5.jar:/home/alex/.m2/repository/org/apache/spark/spark-network-common_2.12/2.4.5/spark-network-common_2.12-2.4.5.jar:/home/alex/.m2/repository/org/apache/spark/spark-network-shuffle_2.12/2.4.5/spark-network-shuffle_2.12-2.4.5.jar:/home/alex/.m2/repository/org/apache/spark/spark-unsafe_2.12/2.4.5/spark-unsafe_2.12-2.4.5.jar:/home/alex/.m2/repository/javax/activation/activation/1.1.1/activation-1.1.1.jar:/home/alex/.m2/repository/org/slf4j/jul-to-slf4j/1.7.16/jul-to-slf4j-1.7.16.jar:/home/alex/.m2/repository/org/slf4j/jcl-over-slf4j/1.7.16/jcl-over-slf4j-1.7.16.jar:/home/alex/.m2/repository/com/ning/compress-lzf/1.0.3/compress-lzf-1.0.3.jar:/home/alex/.m2/repository/org/lz4/lz4-java/1.4.0/lz4-java-1.4.0.jar:/home/alex/.m2/repository/com/github/luben/zstd-jni/1.3.2-2/zstd-jni-1.3.2-2.jar:/home/alex/.m2/repository/org/scala-lang/scala-library/2.12.10/scala-library-2.12.10.jar:/home/alex/.m2/repository/org/json4s/json4s-jackson_2.12/3.5.3/json4s-jackson_2.12-3.5.3.jar:/home/alex/.m2/repository/org/json4s/json4s-core_2.12/3.5.3/json4s-core_2.12-3.5.3.jar:/home/alex/.m2/repository/org/json4s/json4s-ast_2.12/3.5.3/json4s-ast_2.12-3.5.3.jar:/home/alex/.m2/repository/org/json4s/json4s-scalap_2.12/3.5.3/json4s-scalap_2.12-3.5.3.jar:/home/alex/.m2/repository/org/scala-lang/modules/scala-xml_2.12/1.0.6/scala-xml_2.12-1.0.6.jar:/home/alex/.m2/repository/com/clearspring/analytics/stream/2.7.0/stream-2.7.0.jar:/home/alex/.m2/repository/io/dropwizard/metrics/metrics-graphite/3.1.5/metrics-graphite-3.1.5.jar:/home/alex/.m2/repository/oro/oro/2.0.8/oro-2.0.8.jar:/home/alex/.m2/repository/net/razorvine/pyrolite/4.13/pyrolite-4.13.jar:/home/alex/.m2/repository/net/sf/py4j/py4j/0.10.7/py4j-0.10.7.jar:/home/alex/.m2/repository/org/apache/spark/spark-tags_2.12/2.4.5/spark-tags_2.12-2.4.5.jar:/home/alex/.m2/repository/org/spark-project/spark/unused/1.0.0/unused-1.0.0.jar:/home/alex/.m2/repository/com/sun/jersey/jersey-servlet/1.19/jersey-servlet-1.19.jar:/home/alex/.m2/repository/org/glassfish/jersey/core/jersey-server/2.22.2/jersey-server-2.22.2.jar:/home/alex/.m2/repository/org/glassfish/jersey/core/jersey-common/2.22.2/jersey-common-2.22.2.jar:/home/alex/.m2/repository/org/glassfish/jersey/bundles/repackaged/jersey-guava/2.22.2/jersey-guava-2.22.2.jar:/home/alex/.m2/repository/org/glassfish/hk2/osgi-resource-locator/1.0.1/osgi-resource-locator-1.0.1.jar:/home/alex/.m2/repository/org/glassfish/jersey/core/jersey-client/2.22.2/jersey-client-2.22.2.jar:/home/alex/.m2/repository/javax/ws/rs/javax.ws.rs-api/2.0.1/javax.ws.rs-api-2.0.1.jar:/home/alex/.m2/repository/org/glassfish/jersey/media/jersey-media-jaxb/2.22.2/jersey-media-jaxb-2.22.2.jar:/home/alex/.m2/repository/org/glassfish/hk2/hk2-api/2.4.0-b34/hk2-api-2.4.0-b34.jar:/home/alex/.m2/repository/org/glassfish/hk2/hk2-utils/2.4.0-b34/hk2-utils-2.4.0-b34.jar:/home/alex/.m2/repository/org/glassfish/hk2/external/aopalliance-repackaged/2.4.0-b34/aopalliance-repackaged-2.4.0-b34.jar:/home/alex/.m2/repository/org/glassfish/hk2/external/javax.inject/2.4.0-b34/javax.inject-2.4.0-b34.jar:/home/alex/.m2/repository/org/glassfish/hk2/hk2-locator/2.4.0-b34/hk2-locator-2.4.0-b34.jar:/home/alex/.m2/repository/javax/validation/validation-api/1.1.0.Final/validation-api-1.1.0.Final.jar:/home/alex/.m2/repository/org/glassfish/jersey/containers/jersey-container-servlet-core/2.22.2/jersey-container-servlet-core-2.22.2.jar:/home/alex/.m2/repository/org/hamcrest/hamcrest-all/1.3/hamcrest-all-1.3.jar:/home/alex/.m2/repository/org/powermock/powermock-module-junit4/2.0.2/powermock-module-junit4-2.0.2.jar:/home/alex/.m2/repository/org/powermock/powermock-module-junit4-common/2.0.2/powermock-module-junit4-common-2.0.2.jar:/home/alex/.m2/repository/org/powermock/powermock-reflect/2.0.2/powermock-reflect-2.0.2.jar:/home/alex/.m2/repository/org/powermock/powermock-core/2.0.2/powermock-core-2.0.2.jar:/home/alex/.m2/repository/org/powermock/powermock-api-mockito2/2.0.2/powermock-api-mockito2-2.0.2.jar:/home/alex/.m2/repository/org/powermock/powermock-api-support/2.0.2/powermock-api-support-2.0.2.jar:/home/alex/.m2/repository/com/google/guava/guava-testlib/19.0/guava-testlib-19.0.jar:/home/alex/.m2/repository/com/google/errorprone/error_prone_annotations/2.0.2/error_prone_annotations-2.0.2.jar:/home/alex/.m2/repository/com/google/re2j/re2j/1.2/re2j-1.2.jar:/home/alex/.m2/repository/org/reflections/reflections/0.9.10/reflections-0.9.10.jar:/home/alex/.m2/repository/org/javassist/javassist/3.19.0-GA/javassist-3.19.0-GA.jar:/home/alex/.m2/repository/com/jayway/jsonpath/json-path/2.4.0/json-path-2.4.0.jar:/home/alex/.m2/repository/net/minidev/json-smart/2.3/json-smart-2.3.jar:/home/alex/.m2/repository/net/minidev/accessors-smart/1.2/accessors-smart-1.2.jar:/home/alex/.m2/repository/org/ow2/asm/asm/5.0.4/asm-5.0.4.jar:/home/alex/.m2/repository/org/codehaus/janino/commons-compiler/3.0.11/commons-compiler-3.0.11.jar:/home/alex/.m2/repository/org/codehaus/janino/janino/3.0.11/janino-3.0.11.jar:/home/alex/.m2/repository/com/sun/jersey/contribs/jersey-multipart/1.19/jersey-multipart-1.19.jar:/home/alex/.m2/repository/org/jvnet/mimepull/mimepull/1.9.3/mimepull-1.9.3.jar:/home/alex/.m2/repository/org/apache/kafka/kafka-clients/2.5.0/kafka-clients-2.5.0.jar:/home/alex/.m2/repository/org/slf4j/slf4j-api/1.7.30/slf4j-api-1.7.30.jar:/home/alex/.m2/repository/org/mockito/mockito-core/3.4.4/mockito-core-3.4.4.jar:/home/alex/.m2/repository/net/bytebuddy/byte-buddy/1.10.13/byte-buddy-1.10.13.jar:/home/alex/.m2/repository/net/bytebuddy/byte-buddy-agent/1.10.13/byte-buddy-agent-1.10.13.jar:/home/alex/Repositories/hive/ql/target/testconf:/home/alex/Repositories/hive/ql/../conf:"/>
    <property name="java.vm.vendor" value="Private Build"/>
    <property name="hadoop.version" value="3.1.0"/>
    <property name="user.timezone" value="US/Pacific"/>
    <property name="test.local.warehouse.dir" value="pfile:///home/alex/Repositories/hive/ql/target/localfs/warehouse"/>
    <property name="java.vm.specification.version" value="1.8"/>
    <property name="os.name" value="Linux"/>
    <property name="test.build.data" value="/home/alex/Repositories/hive/ql/target/tmp"/>
    <property name="clustermode" value=""/>
    <property name="user.country" value="US"/>
    <property name="sun.java.launcher" value="SUN_STANDARD"/>
    <property name="test.data.files" value="/home/alex/Repositories/hive/ql/../data/files"/>
    <property name="nondexLogging" value="CONFIG"/>
    <property name="surefire.test.class.path" value="/home/alex/Repositories/hive/ql/target/test-classes:/home/alex/Repositories/hive/ql/target/classes:/home/alex/.m2/repository/org/apache/atlas/atlas-client-v2/2.1.0/atlas-client-v2-2.1.0.jar:/home/alex/.m2/repository/cglib/cglib/2.2.2/cglib-2.2.2.jar:/home/alex/.m2/repository/asm/asm/3.3.1/asm-3.3.1.jar:/home/alex/.m2/repository/org/apache/atlas/atlas-client-common/2.1.0/atlas-client-common-2.1.0.jar:/home/alex/.m2/repository/org/apache/httpcomponents/httpclient/4.5.13/httpclient-4.5.13.jar:/home/alex/.m2/repository/com/sun/jersey/jersey-client/1.19/jersey-client-1.19.jar:/home/alex/.m2/repository/org/apache/atlas/atlas-intg/2.1.0/atlas-intg-2.1.0.jar:/home/alex/.m2/repository/commons-collections/commons-collections/3.2.2/commons-collections-3.2.2.jar:/home/alex/.m2/repository/commons-validator/commons-validator/1.6/commons-validator-1.6.jar:/home/alex/.m2/repository/commons-digester/commons-digester/1.8.1/commons-digester-1.8.1.jar:/home/alex/.m2/repository/com/fasterxml/jackson/jaxrs/jackson-jaxrs-base/2.12.0/jackson-jaxrs-base-2.12.0.jar:/home/alex/.m2/repository/com/fasterxml/jackson/jaxrs/jackson-jaxrs-json-provider/2.12.0/jackson-jaxrs-json-provider-2.12.0.jar:/home/alex/.m2/repository/javax/inject/javax.inject/1/javax.inject-1.jar:/home/alex/.m2/repository/org/springframework/spring-context/4.3.20.RELEASE/spring-context-4.3.20.RELEASE.jar:/home/alex/.m2/repository/org/springframework/spring-aop/4.3.20.RELEASE/spring-aop-4.3.20.RELEASE.jar:/home/alex/.m2/repository/org/springframework/spring-beans/4.3.20.RELEASE/spring-beans-4.3.20.RELEASE.jar:/home/alex/.m2/repository/org/springframework/spring-core/4.3.20.RELEASE/spring-core-4.3.20.RELEASE.jar:/home/alex/.m2/repository/org/springframework/spring-expression/4.3.20.RELEASE/spring-expression-4.3.20.RELEASE.jar:/home/alex/.m2/repository/commons-configuration/commons-configuration/1.10/commons-configuration-1.10.jar:/home/alex/.m2/repository/commons-lang/commons-lang/2.6/commons-lang-2.6.jar:/home/alex/.m2/repository/commons-logging/commons-logging/1.1.1/commons-logging-1.1.1.jar:/home/alex/.m2/repository/org/apache/commons/commons-math3/3.6.1/commons-math3-3.6.1.jar:/home/alex/Repositories/hive/vector-code-gen/target/classes:/home/alex/.m2/repository/org/apache/velocity/velocity/1.5/velocity-1.5.jar:/home/alex/Repositories/hive/common/target/classes:/home/alex/Repositories/hive/classification/target/classes:/home/alex/Repositories/hive/standalone-metastore/metastore-common/target/classes:/home/alex/.m2/repository/commons-cli/commons-cli/1.4/commons-cli-1.4.jar:/home/alex/.m2/repository/org/apache/orc/orc-core/1.6.9/orc-core-1.6.9.jar:/home/alex/.m2/repository/org/apache/orc/orc-shims/1.6.9/orc-shims-1.6.9.jar:/home/alex/.m2/repository/io/airlift/aircompressor/0.19/aircompressor-0.19.jar:/home/alex/.m2/repository/org/jetbrains/annotations/17.0.0/annotations-17.0.0.jar:/home/alex/.m2/repository/org/threeten/threeten-extra/1.5.0/threeten-extra-1.5.0.jar:/home/alex/.m2/repository/jline/jline/2.14.6/jline-2.14.6.jar:/home/alex/.m2/repository/javax/servlet/javax.servlet-api/3.1.0/javax.servlet-api-3.1.0.jar:/home/alex/.m2/repository/org/eclipse/jetty/jetty-http/9.3.27.v20190418/jetty-http-9.3.27.v20190418.jar:/home/alex/.m2/repository/org/eclipse/jetty/jetty-rewrite/9.3.27.v20190418/jetty-rewrite-9.3.27.v20190418.jar:/home/alex/.m2/repository/org/eclipse/jetty/jetty-client/9.3.27.v20190418/jetty-client-9.3.27.v20190418.jar:/home/alex/.m2/repository/org/eclipse/jetty/jetty-server/9.3.27.v20190418/jetty-server-9.3.27.v20190418.jar:/home/alex/.m2/repository/org/eclipse/jetty/jetty-io/9.3.27.v20190418/jetty-io-9.3.27.v20190418.jar:/home/alex/.m2/repository/org/eclipse/jetty/jetty-servlet/9.3.27.v20190418/jetty-servlet-9.3.27.v20190418.jar:/home/alex/.m2/repository/org/eclipse/jetty/jetty-security/9.3.27.v20190418/jetty-security-9.3.27.v20190418.jar:/home/alex/.m2/repository/org/eclipse/jetty/jetty-webapp/9.3.27.v20190418/jetty-webapp-9.3.27.v20190418.jar:/home/alex/.m2/repository/org/eclipse/jetty/jetty-xml/9.3.27.v20190418/jetty-xml-9.3.27.v20190418.jar:/home/alex/.m2/repository/joda-time/joda-time/2.9.9/joda-time-2.9.9.jar:/home/alex/.m2/repository/org/apache/logging/log4j/log4j-web/2.13.2/log4j-web-2.13.2.jar:/home/alex/.m2/repository/net/sf/jpam/jpam/1.1/jpam-1.1.jar:/home/alex/.m2/repository/io/dropwizard/metrics/metrics-core/3.1.0/metrics-core-3.1.0.jar:/home/alex/.m2/repository/io/dropwizard/metrics/metrics-jvm/3.1.0/metrics-jvm-3.1.0.jar:/home/alex/.m2/repository/io/dropwizard/metrics/metrics-json/3.1.0/metrics-json-3.1.0.jar:/home/alex/.m2/repository/com/github/joshelser/dropwizard-metrics-hadoop-metrics2-reporter/0.1.2/dropwizard-metrics-hadoop-metrics2-reporter-0.1.2.jar:/home/alex/Repositories/hive/metastore/target/classes:/home/alex/.m2/repository/org/apache/derby/derby/10.14.1.0/derby-10.14.1.0.jar:/home/alex/Repositories/hive/serde/target/classes:/home/alex/.m2/repository/com/google/code/findbugs/jsr305/3.0.0/jsr305-3.0.0.jar:/home/alex/.m2/repository/org/apache/arrow/arrow-vector/0.15.1/arrow-vector-0.15.1.jar:/home/alex/.m2/repository/org/apache/arrow/arrow-format/0.15.1/arrow-format-0.15.1.jar:/home/alex/.m2/repository/org/apache/arrow/arrow-memory/0.15.1/arrow-memory-0.15.1.jar:/home/alex/.m2/repository/com/google/flatbuffers/flatbuffers-java/1.9.0/flatbuffers-java-1.9.0.jar:/home/alex/.m2/repository/com/carrotsearch/hppc/0.7.2/hppc-0.7.2.jar:/home/alex/.m2/repository/com/github/davidmoten/flatbuffers-java/1.6.0.1/flatbuffers-java-1.6.0.1.jar:/home/alex/Repositories/hive/parser/target/classes:/home/alex/Repositories/hive/udf/target/classes:/home/alex/Repositories/hive/service-rpc/target/classes:/home/alex/Repositories/hive/llap-client/target/classes:/home/alex/Repositories/hive/llap-common/target/classes:/home/alex/.m2/repository/io/jsonwebtoken/jjwt-api/0.10.5/jjwt-api-0.10.5.jar:/home/alex/.m2/repository/io/jsonwebtoken/jjwt-impl/0.10.5/jjwt-impl-0.10.5.jar:/home/alex/.m2/repository/io/jsonwebtoken/jjwt-jackson/0.10.5/jjwt-jackson-0.10.5.jar:/home/alex/Repositories/hive/llap-tez/target/classes:/home/alex/Repositories/hive/shims/aggregator/target/classes:/home/alex/Repositories/hive/shims/common/target/classes:/home/alex/Repositories/hive/shims/0.23/target/classes:/home/alex/.m2/repository/org/apache/hadoop/hadoop-yarn-server-resourcemanager/3.1.0/hadoop-yarn-server-resourcemanager-3.1.0.jar:/home/alex/.m2/repository/org/apache/hadoop/hadoop-yarn-server-applicationhistoryservice/3.1.0/hadoop-yarn-server-applicationhistoryservice-3.1.0.jar:/home/alex/.m2/repository/de/ruedigermoeller/fst/2.50/fst-2.50.jar:/home/alex/.m2/repository/com/cedarsoftware/java-util/1.9.0/java-util-1.9.0.jar:/home/alex/.m2/repository/com/cedarsoftware/json-io/2.5.1/json-io-2.5.1.jar:/home/alex/Repositories/hive/shims/scheduler/target/classes:/home/alex/Repositories/hive/spark-client/target/classes:/home/alex/.m2/repository/io/netty/netty-all/4.1.65.Final/netty-all-4.1.65.Final.jar:/home/alex/.m2/repository/com/fasterxml/jackson/module/jackson-module-scala_2.12/2.12.0/jackson-module-scala_2.12-2.12.0.jar:/home/alex/.m2/repository/org/apache/spark/spark-yarn_2.12/2.4.5/spark-yarn_2.12-2.4.5.jar:/home/alex/Repositories/hive/storage-api/target/classes:/home/alex/.m2/repository/com/amazonaws/aws-java-sdk-bundle/1.11.901/aws-java-sdk-bundle-1.11.901.jar:/home/alex/.m2/repository/com/amazonaws/secretsmanager/aws-secretsmanager-caching-java/1.0.1/aws-secretsmanager-caching-java-1.0.1.jar:/home/alex/.m2/repository/com/esotericsoftware/kryo/5.0.3/kryo-5.0.3.jar:/home/alex/.m2/repository/org/objenesis/objenesis/3.1/objenesis-3.1.jar:/home/alex/.m2/repository/com/esotericsoftware/minlog/1.3.1/minlog-1.3.1.jar:/home/alex/.m2/repository/com/esotericsoftware/reflectasm/1.11.9/reflectasm-1.11.9.jar:/home/alex/.m2/repository/com/google/protobuf/protobuf-java/2.5.0/protobuf-java-2.5.0.jar:/home/alex/.m2/repository/org/apache/hbase/hbase-common/2.0.0-alpha4/hbase-common-2.0.0-alpha4.jar:/home/alex/.m2/repository/org/apache/hbase/thirdparty/hbase-shaded-miscellaneous/1.0.1/hbase-shaded-miscellaneous-1.0.1.jar:/home/alex/.m2/repository/org/apache/htrace/htrace-core/3.2.0-incubating/htrace-core-3.2.0-incubating.jar:/home/alex/.m2/repository/org/apache/commons/commons-crypto/1.0.0/commons-crypto-1.0.0.jar:/home/alex/.m2/repository/com/github/stephenc/findbugs/findbugs-annotations/1.3.9-1/findbugs-annotations-1.3.9-1.jar:/home/alex/.m2/repository/log4j/log4j/1.2.17/log4j-1.2.17.jar:/home/alex/.m2/repository/org/apache/yetus/audience-annotations/0.5.0/audience-annotations-0.5.0.jar:/home/alex/.m2/repository/org/apache/parquet/parquet-hadoop-bundle/1.11.1/parquet-hadoop-bundle-1.11.1.jar:/home/alex/.m2/repository/commons-codec/commons-codec/1.15/commons-codec-1.15.jar:/home/alex/.m2/repository/commons-io/commons-io/2.6/commons-io-2.6.jar:/home/alex/.m2/repository/org/apache/commons/commons-collections4/4.1/commons-collections4-4.1.jar:/home/alex/.m2/repository/org/apache/commons/commons-lang3/3.9/commons-lang3-3.9.jar:/home/alex/.m2/repository/org/apache/commons/commons-text/1.8/commons-text-1.8.jar:/home/alex/.m2/repository/javolution/javolution/5.5.1/javolution-5.5.1.jar:/home/alex/.m2/repository/org/apache/logging/log4j/log4j-1.2-api/2.13.2/log4j-1.2-api-2.13.2.jar:/home/alex/.m2/repository/org/apache/logging/log4j/log4j-api/2.13.2/log4j-api-2.13.2.jar:/home/alex/.m2/repository/org/apache/logging/log4j/log4j-core/2.13.2/log4j-core-2.13.2.jar:/home/alex/.m2/repository/org/apache/logging/log4j/log4j-slf4j-impl/2.13.2/log4j-slf4j-impl-2.13.2.jar:/home/alex/.m2/repository/org/antlr/antlr-runtime/3.5.2/antlr-runtime-3.5.2.jar:/home/alex/.m2/repository/org/antlr/ST4/4.0.4/ST4-4.0.4.jar:/home/alex/.m2/repository/org/apache/avro/avro/1.8.2/avro-1.8.2.jar:/home/alex/.m2/repository/org/codehaus/jackson/jackson-core-asl/1.9.13/jackson-core-asl-1.9.13.jar:/home/alex/.m2/repository/org/codehaus/jackson/jackson-mapper-asl/1.9.13/jackson-mapper-asl-1.9.13.jar:/home/alex/.m2/repository/com/thoughtworks/paranamer/paranamer/2.8/paranamer-2.8.jar:/home/alex/.m2/repository/org/xerial/snappy/snappy-java/1.1.4/snappy-java-1.1.4.jar:/home/alex/.m2/repository/org/tukaani/xz/1.5/xz-1.5.jar:/home/alex/.m2/repository/org/apache/avro/avro-mapred/1.8.2/avro-mapred-1.8.2-hadoop2.jar:/home/alex/.m2/repository/org/apache/avro/avro-ipc/1.8.2/avro-ipc-1.8.2.jar:/home/alex/.m2/repository/org/mortbay/jetty/jetty/6.1.26/jetty-6.1.26.jar:/home/alex/.m2/repository/org/apache/ant/ant/1.9.1/ant-1.9.1.jar:/home/alex/.m2/repository/org/apache/ant/ant-launcher/1.9.1/ant-launcher-1.9.1.jar:/home/alex/.m2/repository/org/apache/commons/commons-compress/1.21/commons-compress-1.21.jar:/home/alex/.m2/repository/org/apache/thrift/libfb303/0.9.3/libfb303-0.9.3.jar:/home/alex/.m2/repository/org/apache/hadoop/hadoop-common/3.1.0/hadoop-common-3.1.0.jar:/home/alex/.m2/repository/org/apache/hadoop/hadoop-annotations/3.1.0/hadoop-annotations-3.1.0.jar:/home/alex/.m2/repository/commons-net/commons-net/3.6/commons-net-3.6.jar:/home/alex/.m2/repository/org/eclipse/jetty/jetty-util/9.3.27.v20190418/jetty-util-9.3.27.v20190418.jar:/home/alex/.m2/repository/javax/servlet/jsp/jsp-api/2.1/jsp-api-2.1.jar:/home/alex/.m2/repository/com/sun/jersey/jersey-core/1.19/jersey-core-1.19.jar:/home/alex/.m2/repository/javax/ws/rs/jsr311-api/1.1.1/jsr311-api-1.1.1.jar:/home/alex/.m2/repository/com/sun/jersey/jersey-json/1.19/jersey-json-1.19.jar:/home/alex/.m2/repository/com/sun/xml/bind/jaxb-impl/2.2.3-1/jaxb-impl-2.2.3-1.jar:/home/alex/.m2/repository/org/codehaus/jackson/jackson-jaxrs/1.9.2/jackson-jaxrs-1.9.2.jar:/home/alex/.m2/repository/org/codehaus/jackson/jackson-xc/1.9.2/jackson-xc-1.9.2.jar:/home/alex/.m2/repository/com/sun/jersey/jersey-server/1.19/jersey-server-1.19.jar:/home/alex/.m2/repository/org/apache/commons/commons-configuration2/2.1.1/commons-configuration2-2.1.1.jar:/home/alex/.m2/repository/org/apache/hadoop/hadoop-auth/3.1.0/hadoop-auth-3.1.0.jar:/home/alex/.m2/repository/com/nimbusds/nimbus-jose-jwt/4.41.1/nimbus-jose-jwt-4.41.1.jar:/home/alex/.m2/repository/com/github/stephenc/jcip/jcip-annotations/1.0-1/jcip-annotations-1.0-1.jar:/home/alex/.m2/repository/com/jcraft/jsch/0.1.54/jsch-0.1.54.jar:/home/alex/.m2/repository/org/apache/htrace/htrace-core4/4.1.0-incubating/htrace-core4-4.1.0-incubating.jar:/home/alex/.m2/repository/org/apache/kerby/kerb-simplekdc/1.0.1/kerb-simplekdc-1.0.1.jar:/home/alex/.m2/repository/org/apache/kerby/kerb-client/1.0.1/kerb-client-1.0.1.jar:/home/alex/.m2/repository/org/apache/kerby/kerby-config/1.0.1/kerby-config-1.0.1.jar:/home/alex/.m2/repository/org/apache/kerby/kerb-core/1.0.1/kerb-core-1.0.1.jar:/home/alex/.m2/repository/org/apache/kerby/kerby-pkix/1.0.1/kerby-pkix-1.0.1.jar:/home/alex/.m2/repository/org/apache/kerby/kerby-asn1/1.0.1/kerby-asn1-1.0.1.jar:/home/alex/.m2/repository/org/apache/kerby/kerby-util/1.0.1/kerby-util-1.0.1.jar:/home/alex/.m2/repository/org/apache/kerby/kerb-common/1.0.1/kerb-common-1.0.1.jar:/home/alex/.m2/repository/org/apache/kerby/kerb-crypto/1.0.1/kerb-crypto-1.0.1.jar:/home/alex/.m2/repository/org/apache/kerby/kerb-util/1.0.1/kerb-util-1.0.1.jar:/home/alex/.m2/repository/org/apache/kerby/token-provider/1.0.1/token-provider-1.0.1.jar:/home/alex/.m2/repository/org/apache/kerby/kerb-admin/1.0.1/kerb-admin-1.0.1.jar:/home/alex/.m2/repository/org/apache/kerby/kerb-server/1.0.1/kerb-server-1.0.1.jar:/home/alex/.m2/repository/org/apache/kerby/kerb-identity/1.0.1/kerb-identity-1.0.1.jar:/home/alex/.m2/repository/org/apache/kerby/kerby-xdr/1.0.1/kerby-xdr-1.0.1.jar:/home/alex/.m2/repository/org/codehaus/woodstox/stax2-api/3.1.4/stax2-api-3.1.4.jar:/home/alex/.m2/repository/com/fasterxml/woodstox/woodstox-core/5.0.3/woodstox-core-5.0.3.jar:/home/alex/.m2/repository/org/apache/hadoop/hadoop-archives/3.1.0/hadoop-archives-3.1.0.jar:/home/alex/.m2/repository/org/apache/hadoop/hadoop-yarn-registry/3.1.0/hadoop-yarn-registry-3.1.0.jar:/home/alex/.m2/repository/org/apache/curator/curator-client/4.2.0/curator-client-4.2.0.jar:/home/alex/.m2/repository/org/apache/curator/curator-recipes/4.2.0/curator-recipes-4.2.0.jar:/home/alex/.m2/repository/commons-daemon/commons-daemon/1.0.13/commons-daemon-1.0.13.jar:/home/alex/.m2/repository/dnsjava/dnsjava/2.1.7/dnsjava-2.1.7.jar:/home/alex/.m2/repository/org/apache/hadoop/hadoop-mapreduce-client-core/3.1.0/hadoop-mapreduce-client-core-3.1.0.jar:/home/alex/.m2/repository/org/apache/hadoop/hadoop-hdfs-client/3.1.0/hadoop-hdfs-client-3.1.0.jar:/home/alex/.m2/repository/com/squareup/okhttp/okhttp/2.7.5/okhttp-2.7.5.jar:/home/alex/.m2/repository/com/squareup/okio/okio/1.6.0/okio-1.6.0.jar:/home/alex/.m2/repository/com/google/inject/extensions/guice-servlet/4.0/guice-servlet-4.0.jar:/home/alex/.m2/repository/org/apache/hadoop/hadoop-mapreduce-client-common/3.1.0/hadoop-mapreduce-client-common-3.1.0.jar:/home/alex/.m2/repository/org/apache/hadoop/hadoop-hdfs/3.1.0/hadoop-hdfs-3.1.0.jar:/home/alex/.m2/repository/org/eclipse/jetty/jetty-util-ajax/9.3.19.v20170502/jetty-util-ajax-9.3.19.v20170502.jar:/home/alex/.m2/repository/org/fusesource/leveldbjni/leveldbjni-all/1.8/leveldbjni-all-1.8.jar:/home/alex/.m2/repository/org/apache/hadoop/hadoop-yarn-api/3.1.0/hadoop-yarn-api-3.1.0.jar:/home/alex/.m2/repository/javax/xml/bind/jaxb-api/2.2.11/jaxb-api-2.2.11.jar:/home/alex/.m2/repository/org/apache/hadoop/hadoop-yarn-common/3.1.0/hadoop-yarn-common-3.1.0.jar:/home/alex/.m2/repository/com/google/inject/guice/4.0/guice-4.0.jar:/home/alex/.m2/repository/aopalliance/aopalliance/1.0/aopalliance-1.0.jar:/home/alex/.m2/repository/com/sun/jersey/contribs/jersey-guice/1.19/jersey-guice-1.19.jar:/home/alex/.m2/repository/com/fasterxml/jackson/module/jackson-module-jaxb-annotations/2.12.0/jackson-module-jaxb-annotations-2.12.0.jar:/home/alex/.m2/repository/jakarta/xml/bind/jakarta.xml.bind-api/2.3.2/jakarta.xml.bind-api-2.3.2.jar:/home/alex/.m2/repository/jakarta/activation/jakarta.activation-api/1.2.1/jakarta.activation-api-1.2.1.jar:/home/alex/.m2/repository/org/apache/hadoop/hadoop-yarn-client/3.1.0/hadoop-yarn-client-3.1.0.jar:/home/alex/.m2/repository/org/apache/orc/orc-tools/1.6.9/orc-tools-1.6.9.jar:/home/alex/.m2/repository/com/opencsv/opencsv/3.9/opencsv-3.9.jar:/home/alex/.m2/repository/org/codehaus/jettison/jettison/1.1/jettison-1.1.jar:/home/alex/.m2/repository/org/threeten/threetenbp/1.3.5/threetenbp-1.3.5.jar:/home/alex/.m2/repository/org/apache/ivy/ivy/2.4.0/ivy-2.4.0.jar:/home/alex/.m2/repository/org/apache/thrift/libthrift/0.14.1/libthrift-0.14.1.jar:/home/alex/.m2/repository/org/apache/httpcomponents/httpcore/4.4.13/httpcore-4.4.13.jar:/home/alex/.m2/repository/org/apache/tomcat/embed/tomcat-embed-core/8.5.46/tomcat-embed-core-8.5.46.jar:/home/alex/.m2/repository/org/apache/tomcat/tomcat-annotations-api/8.5.46/tomcat-annotations-api-8.5.46.jar:/home/alex/.m2/repository/javax/annotation/javax.annotation-api/1.3.2/javax.annotation-api-1.3.2.jar:/home/alex/.m2/repository/org/apache/zookeeper/zookeeper/3.5.5/zookeeper-3.5.5.jar:/home/alex/.m2/repository/org/apache/zookeeper/zookeeper-jute/3.5.5/zookeeper-jute-3.5.5.jar:/home/alex/.m2/repository/org/apache/curator/curator-framework/4.2.0/curator-framework-4.2.0.jar:/home/alex/.m2/repository/org/apache/curator/curator-test/4.2.0/curator-test-4.2.0.jar:/home/alex/.m2/repository/org/apache/datasketches/datasketches-hive/1.1.0-incubating/datasketches-hive-1.1.0-incubating.jar:/home/alex/.m2/repository/org/apache/datasketches/datasketches-java/1.3.0-incubating/datasketches-java-1.3.0-incubating.jar:/home/alex/.m2/repository/org/apache/datasketches/datasketches-memory/1.2.0-incubating/datasketches-memory-1.2.0-incubating.jar:/home/alex/.m2/repository/org/slf4j/slf4j-simple/1.7.27/slf4j-simple-1.7.27.jar:/home/alex/.m2/repository/com/lmax/disruptor/3.3.7/disruptor-3.3.7.jar:/home/alex/.m2/repository/org/codehaus/groovy/groovy-all/2.4.11/groovy-all-2.4.11.jar:/home/alex/.m2/repository/org/jodd/jodd-util/6.0.0/jodd-util-6.0.0.jar:/home/alex/.m2/repository/com/fasterxml/jackson/core/jackson-annotations/2.12.0/jackson-annotations-2.12.0.jar:/home/alex/.m2/repository/com/fasterxml/jackson/core/jackson-core/2.12.0/jackson-core-2.12.0.jar:/home/alex/.m2/repository/com/fasterxml/jackson/core/jackson-databind/2.12.0/jackson-databind-2.12.0.jar:/home/alex/.m2/repository/com/fasterxml/jackson/dataformat/jackson-dataformat-yaml/2.12.0/jackson-dataformat-yaml-2.12.0.jar:/home/alex/.m2/repository/org/yaml/snakeyaml/1.27/snakeyaml-1.27.jar:/home/alex/.m2/repository/org/datanucleus/datanucleus-core/5.2.4/datanucleus-core-5.2.4.jar:/home/alex/.m2/repository/org/apache/calcite/calcite-core/1.25.0/calcite-core-1.25.0.jar:/home/alex/.m2/repository/org/apache/calcite/calcite-linq4j/1.25.0/calcite-linq4j-1.25.0.jar:/home/alex/.m2/repository/org/apiguardian/apiguardian-api/1.1.0/apiguardian-api-1.1.0.jar:/home/alex/.m2/repository/com/esri/geometry/esri-geometry-api/2.2.0/esri-geometry-api-2.2.0.jar:/home/alex/.m2/repository/com/yahoo/datasketches/sketches-core/0.9.0/sketches-core-0.9.0.jar:/home/alex/.m2/repository/com/yahoo/datasketches/memory/0.9.0/memory-0.9.0.jar:/home/alex/.m2/repository/org/apache/commons/commons-dbcp2/2.7.0/commons-dbcp2-2.7.0.jar:/home/alex/.m2/repository/org/apache/commons/commons-pool2/2.7.0/commons-pool2-2.7.0.jar:/home/alex/.m2/repository/org/apache/calcite/calcite-druid/1.25.0/calcite-druid-1.25.0.jar:/home/alex/.m2/repository/org/apache/calcite/avatica/avatica/1.12.0/avatica-1.12.0.jar:/home/alex/.m2/repository/com/google/guava/guava/19.0/guava-19.0.jar:/home/alex/.m2/repository/com/googlecode/javaewah/JavaEWAH/0.3.2/JavaEWAH-0.3.2.jar:/home/alex/.m2/repository/com/google/code/gson/gson/2.2.4/gson-2.2.4.jar:/home/alex/.m2/repository/com/tdunning/json/1.8/json-1.8.jar:/home/alex/.m2/repository/stax/stax-api/1.0.1/stax-api-1.0.1.jar:/home/alex/.m2/repository/net/sf/opencsv/opencsv/2.3/opencsv-2.3.jar:/home/alex/Repositories/hive/standalone-metastore/metastore-server/target/classes:/home/alex/.m2/repository/com/zaxxer/HikariCP/2.6.1/HikariCP-2.6.1.jar:/home/alex/.m2/repository/commons-beanutils/commons-beanutils/1.9.4/commons-beanutils-1.9.4.jar:/home/alex/.m2/repository/org/datanucleus/datanucleus-api-jdo/5.2.4/datanucleus-api-jdo-5.2.4.jar:/home/alex/.m2/repository/org/datanucleus/datanucleus-rdbms/5.2.4/datanucleus-rdbms-5.2.4.jar:/home/alex/.m2/repository/org/datanucleus/javax.jdo/3.2.0-release/javax.jdo-3.2.0-release.jar:/home/alex/.m2/repository/javax/transaction/javax.transaction-api/1.3/javax.transaction-api-1.3.jar:/home/alex/.m2/repository/org/glassfish/corba/glassfish-corba-omgapi/4.2.2/glassfish-corba-omgapi-4.2.2.jar:/home/alex/.m2/repository/sqlline/sqlline/1.9.0/sqlline-1.9.0.jar:/home/alex/.m2/repository/org/jline/jline-terminal/3.12.1/jline-terminal-3.12.1.jar:/home/alex/.m2/repository/org/jline/jline-reader/3.12.1/jline-reader-3.12.1.jar:/home/alex/.m2/repository/org/jline/jline-terminal-jansi/3.12.1/jline-terminal-jansi-3.12.1.jar:/home/alex/.m2/repository/org/fusesource/jansi/jansi/1.18/jansi-1.18.jar:/home/alex/.m2/repository/org/jline/jline-terminal-jna/3.12.1/jline-terminal-jna-3.12.1.jar:/home/alex/.m2/repository/net/java/dev/jna/jna/5.3.1/jna-5.3.1.jar:/home/alex/.m2/repository/org/jline/jline-builtins/3.12.1/jline-builtins-3.12.1.jar:/home/alex/.m2/repository/org/jline/jline-style/3.12.1/jline-style-3.12.1.jar:/home/alex/.m2/repository/com/cronutils/cron-utils/9.1.3/cron-utils-9.1.3.jar:/home/alex/.m2/repository/org/glassfish/javax.el/3.0.0/javax.el-3.0.0.jar:/home/alex/.m2/repository/com/oracle/database/jdbc/ojdbc8/21.3.0.0/ojdbc8-21.3.0.0.jar:/home/alex/.m2/repository/mysql/mysql-connector-java/8.0.27/mysql-connector-java-8.0.27.jar:/home/alex/.m2/repository/com/microsoft/sqlserver/mssql-jdbc/6.2.1.jre8/mssql-jdbc-6.2.1.jre8.jar:/home/alex/.m2/repository/org/postgresql/postgresql/42.2.14/postgresql-42.2.14.jar:/home/alex/Repositories/hive/common/target/test-classes:/home/alex/Repositories/hive/standalone-metastore/metastore-common/target/test-classes:/home/alex/.m2/repository/com/github/ben-manes/caffeine/caffeine/2.8.4/caffeine-2.8.4.jar:/home/alex/.m2/repository/org/checkerframework/checker-qual/3.4.0/checker-qual-3.4.0.jar:/home/alex/Repositories/hive/standalone-metastore/metastore-server/target/test-classes:/home/alex/.m2/repository/org/apache/parquet/parquet-column/1.11.1/parquet-column-1.11.1-tests.jar:/home/alex/.m2/repository/org/apache/parquet/parquet-common/1.11.1/parquet-common-1.11.1.jar:/home/alex/.m2/repository/org/apache/parquet/parquet-format-structures/1.11.1/parquet-format-structures-1.11.1.jar:/home/alex/.m2/repository/org/apache/parquet/parquet-encoding/1.11.1/parquet-encoding-1.11.1.jar:/home/alex/.m2/repository/junit/junit/4.13/junit-4.13.jar:/home/alex/.m2/repository/org/hamcrest/hamcrest-core/1.3/hamcrest-core-1.3.jar:/home/alex/.m2/repository/org/junit/jupiter/junit-jupiter-engine/5.6.2/junit-jupiter-engine-5.6.2.jar:/home/alex/.m2/repository/org/junit/platform/junit-platform-engine/1.6.2/junit-platform-engine-1.6.2.jar:/home/alex/.m2/repository/org/opentest4j/opentest4j/1.2.0/opentest4j-1.2.0.jar:/home/alex/.m2/repository/org/junit/platform/junit-platform-commons/1.6.2/junit-platform-commons-1.6.2.jar:/home/alex/.m2/repository/org/junit/jupiter/junit-jupiter-api/5.6.2/junit-jupiter-api-5.6.2.jar:/home/alex/.m2/repository/org/junit/jupiter/junit-jupiter-params/5.6.2/junit-jupiter-params-5.6.2.jar:/home/alex/.m2/repository/org/junit/vintage/junit-vintage-engine/5.6.2/junit-vintage-engine-5.6.2.jar:/home/alex/.m2/repository/org/apache/tez/tez-api/0.10.1/tez-api-0.10.1.jar:/usr/lib/jvm/java-8-openjdk-amd64/jre/../lib/tools.jar:/home/alex/.m2/repository/org/apache/tez/tez-runtime-library/0.10.1/tez-runtime-library-0.10.1.jar:/home/alex/.m2/repository/org/roaringbitmap/RoaringBitmap/0.5.21/RoaringBitmap-0.5.21.jar:/home/alex/.m2/repository/org/asynchttpclient/async-http-client/2.12.1/async-http-client-2.12.1.jar:/home/alex/.m2/repository/org/asynchttpclient/async-http-client-netty-utils/2.12.1/async-http-client-netty-utils-2.12.1.jar:/home/alex/.m2/repository/io/netty/netty-buffer/4.1.48.Final/netty-buffer-4.1.48.Final.jar:/home/alex/.m2/repository/io/netty/netty-codec-http/4.1.48.Final/netty-codec-http-4.1.48.Final.jar:/home/alex/.m2/repository/io/netty/netty-common/4.1.48.Final/netty-common-4.1.48.Final.jar:/home/alex/.m2/repository/io/netty/netty-transport/4.1.48.Final/netty-transport-4.1.48.Final.jar:/home/alex/.m2/repository/io/netty/netty-codec/4.1.48.Final/netty-codec-4.1.48.Final.jar:/home/alex/.m2/repository/io/netty/netty-handler/4.1.48.Final/netty-handler-4.1.48.Final.jar:/home/alex/.m2/repository/io/netty/netty-resolver/4.1.48.Final/netty-resolver-4.1.48.Final.jar:/home/alex/.m2/repository/io/netty/netty-codec-socks/4.1.48.Final/netty-codec-socks-4.1.48.Final.jar:/home/alex/.m2/repository/io/netty/netty-handler-proxy/4.1.48.Final/netty-handler-proxy-4.1.48.Final.jar:/home/alex/.m2/repository/io/netty/netty-transport-native-epoll/4.1.48.Final/netty-transport-native-epoll-4.1.48.Final-linux-x86_64.jar:/home/alex/.m2/repository/io/netty/netty-transport-native-unix-common/4.1.48.Final/netty-transport-native-unix-common-4.1.48.Final.jar:/home/alex/.m2/repository/io/netty/netty-transport-native-kqueue/4.1.48.Final/netty-transport-native-kqueue-4.1.48.Final-osx-x86_64.jar:/home/alex/.m2/repository/org/reactivestreams/reactive-streams/1.0.3/reactive-streams-1.0.3.jar:/home/alex/.m2/repository/com/typesafe/netty/netty-reactive-streams/2.0.4/netty-reactive-streams-2.0.4.jar:/home/alex/.m2/repository/com/sun/activation/javax.activation/1.2.0/javax.activation-1.2.0.jar:/home/alex/.m2/repository/org/apache/tez/tez-common/0.10.1/tez-common-0.10.1.jar:/home/alex/.m2/repository/org/apache/tez/tez-runtime-internals/0.10.1/tez-runtime-internals-0.10.1.jar:/home/alex/.m2/repository/org/apache/tez/hadoop-shim/0.10.1/hadoop-shim-0.10.1.jar:/home/alex/.m2/repository/org/apache/tez/tez-mapreduce/0.10.1/tez-mapreduce-0.10.1.jar:/home/alex/.m2/repository/org/apache/tez/tez-dag/0.10.1/tez-dag-0.10.1.jar:/home/alex/.m2/repository/org/apache/hadoop/hadoop-yarn-server-web-proxy/3.1.0/hadoop-yarn-server-web-proxy-3.1.0.jar:/home/alex/.m2/repository/org/apache/hadoop/hadoop-yarn-server-common/3.1.0/hadoop-yarn-server-common-3.1.0.jar:/home/alex/.m2/repository/org/apache/geronimo/specs/geronimo-jcache_1.0_spec/1.0-alpha-1/geronimo-jcache_1.0_spec-1.0-alpha-1.jar:/home/alex/.m2/repository/org/ehcache/ehcache/3.3.1/ehcache-3.3.1.jar:/home/alex/.m2/repository/com/zaxxer/HikariCP-java7/2.4.12/HikariCP-java7-2.4.12.jar:/home/alex/.m2/repository/org/apache/spark/spark-core_2.12/2.4.5/spark-core_2.12-2.4.5.jar:/home/alex/.m2/repository/com/twitter/chill_2.12/0.9.3/chill_2.12-0.9.3.jar:/home/alex/.m2/repository/com/twitter/chill-java/0.9.3/chill-java-0.9.3.jar:/home/alex/.m2/repository/org/apache/xbean/xbean-asm6-shaded/4.8/xbean-asm6-shaded-4.8.jar:/home/alex/.m2/repository/org/apache/hadoop/hadoop-client/3.1.0/hadoop-client-3.1.0.jar:/home/alex/.m2/repository/org/apache/hadoop/hadoop-mapreduce-client-jobclient/3.1.0/hadoop-mapreduce-client-jobclient-3.1.0.jar:/home/alex/.m2/repository/org/apache/spark/spark-launcher_2.12/2.4.5/spark-launcher_2.12-2.4.5.jar:/home/alex/.m2/repository/org/apache/spark/spark-kvstore_2.12/2.4.5/spark-kvstore_2.12-2.4.5.jar:/home/alex/.m2/repository/org/apache/spark/spark-network-common_2.12/2.4.5/spark-network-common_2.12-2.4.5.jar:/home/alex/.m2/repository/org/apache/spark/spark-network-shuffle_2.12/2.4.5/spark-network-shuffle_2.12-2.4.5.jar:/home/alex/.m2/repository/org/apache/spark/spark-unsafe_2.12/2.4.5/spark-unsafe_2.12-2.4.5.jar:/home/alex/.m2/repository/javax/activation/activation/1.1.1/activation-1.1.1.jar:/home/alex/.m2/repository/org/slf4j/jul-to-slf4j/1.7.16/jul-to-slf4j-1.7.16.jar:/home/alex/.m2/repository/org/slf4j/jcl-over-slf4j/1.7.16/jcl-over-slf4j-1.7.16.jar:/home/alex/.m2/repository/com/ning/compress-lzf/1.0.3/compress-lzf-1.0.3.jar:/home/alex/.m2/repository/org/lz4/lz4-java/1.4.0/lz4-java-1.4.0.jar:/home/alex/.m2/repository/com/github/luben/zstd-jni/1.3.2-2/zstd-jni-1.3.2-2.jar:/home/alex/.m2/repository/org/scala-lang/scala-library/2.12.10/scala-library-2.12.10.jar:/home/alex/.m2/repository/org/json4s/json4s-jackson_2.12/3.5.3/json4s-jackson_2.12-3.5.3.jar:/home/alex/.m2/repository/org/json4s/json4s-core_2.12/3.5.3/json4s-core_2.12-3.5.3.jar:/home/alex/.m2/repository/org/json4s/json4s-ast_2.12/3.5.3/json4s-ast_2.12-3.5.3.jar:/home/alex/.m2/repository/org/json4s/json4s-scalap_2.12/3.5.3/json4s-scalap_2.12-3.5.3.jar:/home/alex/.m2/repository/org/scala-lang/modules/scala-xml_2.12/1.0.6/scala-xml_2.12-1.0.6.jar:/home/alex/.m2/repository/com/clearspring/analytics/stream/2.7.0/stream-2.7.0.jar:/home/alex/.m2/repository/io/dropwizard/metrics/metrics-graphite/3.1.5/metrics-graphite-3.1.5.jar:/home/alex/.m2/repository/oro/oro/2.0.8/oro-2.0.8.jar:/home/alex/.m2/repository/net/razorvine/pyrolite/4.13/pyrolite-4.13.jar:/home/alex/.m2/repository/net/sf/py4j/py4j/0.10.7/py4j-0.10.7.jar:/home/alex/.m2/repository/org/apache/spark/spark-tags_2.12/2.4.5/spark-tags_2.12-2.4.5.jar:/home/alex/.m2/repository/org/spark-project/spark/unused/1.0.0/unused-1.0.0.jar:/home/alex/.m2/repository/com/sun/jersey/jersey-servlet/1.19/jersey-servlet-1.19.jar:/home/alex/.m2/repository/org/glassfish/jersey/core/jersey-server/2.22.2/jersey-server-2.22.2.jar:/home/alex/.m2/repository/org/glassfish/jersey/core/jersey-common/2.22.2/jersey-common-2.22.2.jar:/home/alex/.m2/repository/org/glassfish/jersey/bundles/repackaged/jersey-guava/2.22.2/jersey-guava-2.22.2.jar:/home/alex/.m2/repository/org/glassfish/hk2/osgi-resource-locator/1.0.1/osgi-resource-locator-1.0.1.jar:/home/alex/.m2/repository/org/glassfish/jersey/core/jersey-client/2.22.2/jersey-client-2.22.2.jar:/home/alex/.m2/repository/javax/ws/rs/javax.ws.rs-api/2.0.1/javax.ws.rs-api-2.0.1.jar:/home/alex/.m2/repository/org/glassfish/jersey/media/jersey-media-jaxb/2.22.2/jersey-media-jaxb-2.22.2.jar:/home/alex/.m2/repository/org/glassfish/hk2/hk2-api/2.4.0-b34/hk2-api-2.4.0-b34.jar:/home/alex/.m2/repository/org/glassfish/hk2/hk2-utils/2.4.0-b34/hk2-utils-2.4.0-b34.jar:/home/alex/.m2/repository/org/glassfish/hk2/external/aopalliance-repackaged/2.4.0-b34/aopalliance-repackaged-2.4.0-b34.jar:/home/alex/.m2/repository/org/glassfish/hk2/external/javax.inject/2.4.0-b34/javax.inject-2.4.0-b34.jar:/home/alex/.m2/repository/org/glassfish/hk2/hk2-locator/2.4.0-b34/hk2-locator-2.4.0-b34.jar:/home/alex/.m2/repository/javax/validation/validation-api/1.1.0.Final/validation-api-1.1.0.Final.jar:/home/alex/.m2/repository/org/glassfish/jersey/containers/jersey-container-servlet-core/2.22.2/jersey-container-servlet-core-2.22.2.jar:/home/alex/.m2/repository/org/hamcrest/hamcrest-all/1.3/hamcrest-all-1.3.jar:/home/alex/.m2/repository/org/powermock/powermock-module-junit4/2.0.2/powermock-module-junit4-2.0.2.jar:/home/alex/.m2/repository/org/powermock/powermock-module-junit4-common/2.0.2/powermock-module-junit4-common-2.0.2.jar:/home/alex/.m2/repository/org/powermock/powermock-reflect/2.0.2/powermock-reflect-2.0.2.jar:/home/alex/.m2/repository/org/powermock/powermock-core/2.0.2/powermock-core-2.0.2.jar:/home/alex/.m2/repository/org/powermock/powermock-api-mockito2/2.0.2/powermock-api-mockito2-2.0.2.jar:/home/alex/.m2/repository/org/powermock/powermock-api-support/2.0.2/powermock-api-support-2.0.2.jar:/home/alex/.m2/repository/com/google/guava/guava-testlib/19.0/guava-testlib-19.0.jar:/home/alex/.m2/repository/com/google/errorprone/error_prone_annotations/2.0.2/error_prone_annotations-2.0.2.jar:/home/alex/.m2/repository/com/google/re2j/re2j/1.2/re2j-1.2.jar:/home/alex/.m2/repository/org/reflections/reflections/0.9.10/reflections-0.9.10.jar:/home/alex/.m2/repository/org/javassist/javassist/3.19.0-GA/javassist-3.19.0-GA.jar:/home/alex/.m2/repository/com/jayway/jsonpath/json-path/2.4.0/json-path-2.4.0.jar:/home/alex/.m2/repository/net/minidev/json-smart/2.3/json-smart-2.3.jar:/home/alex/.m2/repository/net/minidev/accessors-smart/1.2/accessors-smart-1.2.jar:/home/alex/.m2/repository/org/ow2/asm/asm/5.0.4/asm-5.0.4.jar:/home/alex/.m2/repository/org/codehaus/janino/commons-compiler/3.0.11/commons-compiler-3.0.11.jar:/home/alex/.m2/repository/org/codehaus/janino/janino/3.0.11/janino-3.0.11.jar:/home/alex/.m2/repository/com/sun/jersey/contribs/jersey-multipart/1.19/jersey-multipart-1.19.jar:/home/alex/.m2/repository/org/jvnet/mimepull/mimepull/1.9.3/mimepull-1.9.3.jar:/home/alex/.m2/repository/org/apache/kafka/kafka-clients/2.5.0/kafka-clients-2.5.0.jar:/home/alex/.m2/repository/org/slf4j/slf4j-api/1.7.30/slf4j-api-1.7.30.jar:/home/alex/.m2/repository/org/mockito/mockito-core/3.4.4/mockito-core-3.4.4.jar:/home/alex/.m2/repository/net/bytebuddy/byte-buddy/1.10.13/byte-buddy-1.10.13.jar:/home/alex/.m2/repository/net/bytebuddy/byte-buddy-agent/1.10.13/byte-buddy-agent-1.10.13.jar:/home/alex/Repositories/hive/ql/target/testconf:/home/alex/Repositories/hive/ql/../conf:"/>
    <property name="sun.cpu.endian" value="little"/>
    <property name="user.home" value="/home/alex"/>
    <property name="user.language" value="en"/>
    <property name="java.security.krb5.conf" value="/home/alex/Repositories/hive/ql/target/testconf/krb5.conf"/>
    <property name="test.dfs.mkdir" value=""/>
    <property name="java.awt.graphicsenv" value="sun.awt.X11GraphicsEnvironment"/>
    <property name="nondexFilter" value=".*"/>
    <property name="nondexSeed" value="1016066"/>
    <property name="surefire.real.class.path" value="/home/alex/Repositories/hive/ql/target/surefire/surefirebooter1777485095803578390.jar"/>
    <property name="hadoop.log.dir" value="/home/alex/Repositories/hive/ql/target/tmp"/>
    <property name="java.net.preferIPv4Stack" value="true"/>
    <property name="path.separator" value=":"/>
    <property name="os.version" value="6.5.0-28-generic"/>
    <property name="java.endorsed.dirs" value="/usr/lib/jvm/java-8-openjdk-amd64/jre/lib/endorsed"/>
    <property name="java.runtime.name" value="OpenJDK Runtime Environment"/>
    <property name="hive.test.console.log.level" value="INFO"/>
    <property name="java.vm.name" value="OpenJDK 64-Bit Server VM"/>
    <property name="java.vendor.url.bug" value="http://bugreport.sun.com/bugreport/"/>
    <property name="maven.local.repository" value="/home/alex/.m2/repository"/>
    <property name="user.dir" value="/home/alex/Repositories/hive/ql"/>
    <property name="os.arch" value="amd64"/>
    <property name="nondexMode" value="FULL"/>
    <property name="user.language.format" value="pt"/>
    <property name="antlr.version" value="3.5.2"/>
    <property name="derby.version" value="10.14.1.0"/>
    <property name="java.vm.info" value="mixed mode"/>
    <property name="java.vm.version" value="25.402-b06"/>
    <property name="java.ext.dirs" value="/usr/lib/jvm/java-8-openjdk-amd64/jre/lib/ext:/usr/java/packages/lib/ext"/>
    <property name="java.class.version" value="52.0"/>
    <property name="test.output.overwrite" value=""/>
    <property name="hive.root" value="/home/alex/Repositories/hive/ql/../"/>
  </properties>
  <testcase name="testMergeUpdateDelete" classname="org.apache.hadoop.hive.ql.TestTxnCommands" time="17.394">
    <error type="java.lang.RuntimeException"><![CDATA[java.lang.RuntimeException: merge into acidTbl as t using nonAcidOrcTbl s ON t.a = s.a WHEN MATCHED AND s.a < 3 THEN update set b = 0 WHEN MATCHED and t.a > 3 and t.a < 5 THEN DELETE WHEN NOT MATCHED THEN INSERT VALUES(s.a, s.b)  failed: (responseCode = 40000, errorMessage = FAILED: NoMatchingMethodException No matching method for class org.apache.hadoop.hive.ql.udf.UDFToInteger with (struct<writeid:bigint,bucketid:int,rowid:bigint>). Possible choices: _FUNC_(bigint)  _FUNC_(boolean)  _FUNC_(decimal(38,18))  _FUNC_(double)  _FUNC_(float)  _FUNC_(smallint)  _FUNC_(string)  _FUNC_(struct<writeid:int,bucketid:bigint,rowid:bigint>)  _FUNC_(timestamp)  _FUNC_(tinyint)  _FUNC_(void)  , hiveErrorCode = 40000, SQLState = 42000, exception = No matching method for class org.apache.hadoop.hive.ql.udf.UDFToInteger with (struct<writeid:bigint,bucketid:int,rowid:bigint>). Possible choices: _FUNC_(bigint)  _FUNC_(boolean)  _FUNC_(decimal(38,18))  _FUNC_(double)  _FUNC_(float)  _FUNC_(smallint)  _FUNC_(string)  _FUNC_(struct<writeid:int,bucketid:bigint,rowid:bigint>)  _FUNC_(timestamp)  _FUNC_(tinyint)  _FUNC_(void)  )
	at org.apache.hadoop.hive.ql.TxnCommandsBaseForTests.runStatementOnDriver(TxnCommandsBaseForTests.java:247)
	at org.apache.hadoop.hive.ql.TestTxnCommands.testMergeUpdateDelete(TestTxnCommands.java:1242)
	at sun.reflect.NativeMethodAccessorImpl.invoke0(Native Method)
	at sun.reflect.NativeMethodAccessorImpl.invoke(NativeMethodAccessorImpl.java:62)
	at sun.reflect.DelegatingMethodAccessorImpl.invoke(DelegatingMethodAccessorImpl.java:43)
	at java.lang.reflect.Method.invoke(Method.java:498)
	at org.junit.runners.model.FrameworkMethod$1.runReflectiveCall(FrameworkMethod.java:59)
	at org.junit.internal.runners.model.ReflectiveCallable.run(ReflectiveCallable.java:12)
	at org.junit.runners.model.FrameworkMethod.invokeExplosively(FrameworkMethod.java:56)
	at org.junit.internal.runners.statements.InvokeMethod.evaluate(InvokeMethod.java:17)
	at org.junit.internal.runners.statements.RunBefores.evaluate(RunBefores.java:26)
	at org.junit.internal.runners.statements.RunAfters.evaluate(RunAfters.java:27)
	at org.junit.rules.TestWatcher$1.evaluate(TestWatcher.java:61)
	at org.junit.runners.ParentRunner$3.evaluate(ParentRunner.java:306)
	at org.junit.runners.BlockJUnit4ClassRunner$1.evaluate(BlockJUnit4ClassRunner.java:100)
	at org.junit.runners.ParentRunner.runLeaf(ParentRunner.java:366)
	at org.junit.runners.BlockJUnit4ClassRunner.runChild(BlockJUnit4ClassRunner.java:103)
	at org.junit.runners.BlockJUnit4ClassRunner.runChild(BlockJUnit4ClassRunner.java:63)
	at org.junit.runners.ParentRunner$4.run(ParentRunner.java:331)
	at org.junit.runners.ParentRunner$1.schedule(ParentRunner.java:79)
	at org.junit.runners.ParentRunner.runChildren(ParentRunner.java:329)
	at org.junit.runners.ParentRunner.access$100(ParentRunner.java:66)
	at org.junit.runners.ParentRunner$2.evaluate(ParentRunner.java:293)
	at org.junit.runners.ParentRunner$3.evaluate(ParentRunner.java:306)
	at org.junit.runners.ParentRunner.run(ParentRunner.java:413)
	at org.junit.runner.JUnitCore.run(JUnitCore.java:137)
	at org.junit.runner.JUnitCore.run(JUnitCore.java:115)
	at org.junit.vintage.engine.execution.RunnerExecutor.execute(RunnerExecutor.java:43)
	at java.util.stream.ForEachOps$ForEachOp$OfRef.accept(ForEachOps.java:183)
	at java.util.stream.ReferencePipeline$3$1.accept(ReferencePipeline.java:193)
	at java.util.Iterator.forEachRemaining(Iterator.java:116)
	at java.util.Spliterators$IteratorSpliterator.forEachRemaining(Spliterators.java:1801)
	at java.util.stream.AbstractPipeline.copyInto(AbstractPipeline.java:482)
	at java.util.stream.AbstractPipeline.wrapAndCopyInto(AbstractPipeline.java:472)
	at java.util.stream.ForEachOps$ForEachOp.evaluateSequential(ForEachOps.java:150)
	at java.util.stream.ForEachOps$ForEachOp$OfRef.evaluateSequential(ForEachOps.java:173)
	at java.util.stream.AbstractPipeline.evaluate(AbstractPipeline.java:234)
	at java.util.stream.ReferencePipeline.forEach(ReferencePipeline.java:485)
	at org.junit.vintage.engine.VintageTestEngine.executeAllChildren(VintageTestEngine.java:82)
	at org.junit.vintage.engine.VintageTestEngine.execute(VintageTestEngine.java:73)
	at org.junit.platform.launcher.core.DefaultLauncher.execute(DefaultLauncher.java:248)
	at org.junit.platform.launcher.core.DefaultLauncher.lambda$execute$5(DefaultLauncher.java:211)
	at org.junit.platform.launcher.core.DefaultLauncher.withInterceptedStreams(DefaultLauncher.java:226)
	at org.junit.platform.launcher.core.DefaultLauncher.execute(DefaultLauncher.java:199)
	at org.junit.platform.launcher.core.DefaultLauncher.execute(DefaultLauncher.java:132)
	at org.apache.maven.surefire.junitplatform.JUnitPlatformProvider.invokeAllTests(JUnitPlatformProvider.java:154)
	at org.apache.maven.surefire.junitplatform.JUnitPlatformProvider.invoke(JUnitPlatformProvider.java:123)
	at org.apache.maven.surefire.booter.ForkedBooter.runSuitesInProcess(ForkedBooter.java:377)
	at org.apache.maven.surefire.booter.ForkedBooter.execute(ForkedBooter.java:138)
	at org.apache.maven.surefire.booter.ForkedBooter.run(ForkedBooter.java:465)
	at org.apache.maven.surefire.booter.ForkedBooter.main(ForkedBooter.java:451)
]]></error>
    <system-out><![CDATA[log4j: Trying to find [log4j.xml] using context classloader org.apache.hadoop.hive.ql.exec.UDFClassLoader@47b67fcb.
log4j: Trying to find [log4j.xml] using sun.misc.Launcher$AppClassLoader@330bedb4 class loader.
log4j: Trying to find [log4j.xml] using ClassLoader.getSystemResource().
log4j: Trying to find [log4j.properties] using context classloader org.apache.hadoop.hive.ql.exec.UDFClassLoader@47b67fcb.
log4j: Trying to find [log4j.properties] using sun.misc.Launcher$AppClassLoader@330bedb4 class loader.
log4j: Trying to find [log4j.properties] using ClassLoader.getSystemResource().
log4j: Could not find resource: [null].
]]></system-out>
    <system-err><![CDATA[SLF4J: Class path contains multiple SLF4J bindings.
SLF4J: Found binding in [jar:file:/home/alex/.m2/repository/org/apache/logging/log4j/log4j-slf4j-impl/2.13.2/log4j-slf4j-impl-2.13.2.jar!/org/slf4j/impl/StaticLoggerBinder.class]
SLF4J: Found binding in [jar:file:/home/alex/.m2/repository/org/slf4j/slf4j-simple/1.7.27/slf4j-simple-1.7.27.jar!/org/slf4j/impl/StaticLoggerBinder.class]
SLF4J: See http://www.slf4j.org/codes.html#multiple_bindings for an explanation.
SLF4J: Actual binding is of type [org.apache.logging.slf4j.Log4jLoggerFactory]
DEBUG StatusLogger Using ShutdownCallbackRegistry class org.apache.logging.log4j.core.util.DefaultShutdownCallbackRegistry
DEBUG StatusLogger Took 0,071044 seconds to load 250 plugins from sun.misc.Launcher$AppClassLoader@330bedb4
DEBUG StatusLogger PluginManager 'Converter' found 46 plugins
DEBUG StatusLogger Starting OutputStreamManager SYSTEM_OUT.false.false-1
DEBUG StatusLogger Starting LoggerContext[name=330bedb4, org.apache.logging.log4j.core.LoggerContext@433defed]...
DEBUG StatusLogger Reconfiguration started for context[name=330bedb4] at URI null (org.apache.logging.log4j.core.LoggerContext@433defed) with optional ClassLoader: null
DEBUG StatusLogger PluginManager 'ConfigurationFactory' found 6 plugins
DEBUG StatusLogger Using configurationFactory org.apache.logging.log4j.core.config.ConfigurationFactory$Factory@72c8e7b
DEBUG StatusLogger Apache Log4j Core 2.13.2 initializing configuration org.apache.logging.log4j.core.config.properties.PropertiesConfiguration@7fb4f2a9
DEBUG StatusLogger Installed 2 script engines
DEBUG StatusLogger Oracle Nashorn version: 1.8.0_402, language: ECMAScript, threading: Not Thread Safe, compile: true, names: [nashorn, Nashorn, js, JS, JavaScript, javascript, ECMAScript, ecmascript], factory class: jdk.nashorn.api.scripting.NashornScriptEngineFactory
DEBUG StatusLogger Groovy Scripting Engine version: 2.0, language: Groovy, threading: MULTITHREADED, compile: true, names: [groovy, Groovy], factory class: org.codehaus.groovy.jsr223.GroovyScriptEngineFactory
INFO StatusLogger Scanning for classes in '/home/alex/Repositories/hive/ql/target/test-classes/org/apache/hadoop/hive/ql/log' matching criteria annotated with @Plugin
DEBUG StatusLogger Checking to see if class org.apache.hadoop.hive.ql.log.TestLog4j2Appenders matches criteria annotated with @Plugin
DEBUG StatusLogger Checking to see if class org.apache.hadoop.hive.ql.log.TestSlidingFilenameRolloverStrategy matches criteria annotated with @Plugin
DEBUG StatusLogger Checking to see if class org.apache.hadoop.hive.ql.log.TestSyslogInputFormat matches criteria annotated with @Plugin
INFO StatusLogger Scanning for classes in '/home/alex/Repositories/hive/ql/target/classes/org/apache/hadoop/hive/ql/log' matching criteria annotated with @Plugin
DEBUG StatusLogger Checking to see if class org.apache.hadoop.hive.ql.log.SlidingFilenameRolloverStrategy matches criteria annotated with @Plugin
DEBUG StatusLogger Checking to see if class org.apache.hadoop.hive.ql.log.LogDivertAppender$NameFilter matches criteria annotated with @Plugin
DEBUG StatusLogger Checking to see if class org.apache.hadoop.hive.ql.log.HiveEventCounter$1 matches criteria annotated with @Plugin
DEBUG StatusLogger Checking to see if class org.apache.hadoop.hive.ql.log.HushableRandomAccessFileAppender matches criteria annotated with @Plugin
DEBUG StatusLogger Checking to see if class org.apache.hadoop.hive.ql.log.LogDivertAppenderForTest$TestFilter matches criteria annotated with @Plugin
DEBUG StatusLogger Checking to see if class org.apache.hadoop.hive.ql.log.PidFilePatternConverter matches criteria annotated with @Plugin
DEBUG StatusLogger Checking to see if class org.apache.hadoop.hive.ql.log.LogDivertAppender matches criteria annotated with @Plugin
DEBUG StatusLogger Checking to see if class org.apache.hadoop.hive.ql.log.syslog.SyslogInputFormat matches criteria annotated with @Plugin
DEBUG StatusLogger Checking to see if class org.apache.hadoop.hive.ql.log.syslog.SyslogSerDe matches criteria annotated with @Plugin
DEBUG StatusLogger Checking to see if class org.apache.hadoop.hive.ql.log.syslog.SyslogStorageHandler matches criteria annotated with @Plugin
DEBUG StatusLogger Checking to see if class org.apache.hadoop.hive.ql.log.syslog.SyslogInputFormat$Location matches criteria annotated with @Plugin
DEBUG StatusLogger Checking to see if class org.apache.hadoop.hive.ql.log.syslog.SyslogParser matches criteria annotated with @Plugin
DEBUG StatusLogger Checking to see if class org.apache.hadoop.hive.ql.log.HushableRandomAccessFileAppender$1 matches criteria annotated with @Plugin
DEBUG StatusLogger Checking to see if class org.apache.hadoop.hive.ql.log.SlidingFilenameRolloverStrategy$1 matches criteria annotated with @Plugin
DEBUG StatusLogger Checking to see if class org.apache.hadoop.hive.ql.log.LogDivertAppenderForTest matches criteria annotated with @Plugin
DEBUG StatusLogger Checking to see if class org.apache.hadoop.hive.ql.log.HiveEventCounter matches criteria annotated with @Plugin
DEBUG StatusLogger Checking to see if class org.apache.hadoop.hive.ql.log.NullAppender matches criteria annotated with @Plugin
DEBUG StatusLogger Checking to see if class org.apache.hadoop.hive.ql.log.HiveEventCounter$EventCounts matches criteria annotated with @Plugin
INFO StatusLogger Scanning for classes in '/home/alex/Repositories/hive/common/target/classes/org/apache/hadoop/hive/ql/log' matching criteria annotated with @Plugin
DEBUG StatusLogger Checking to see if class org.apache.hadoop.hive.ql.log.PerfLogger matches criteria annotated with @Plugin
DEBUG StatusLogger Took 0,019288 seconds to load 7 plugins from package org.apache.hadoop.hive.ql.log
DEBUG StatusLogger PluginManager 'Core' found 132 plugins
DEBUG StatusLogger PluginManager 'Level' found 0 plugins
DEBUG StatusLogger Building Plugin[name=property, class=org.apache.logging.log4j.core.config.Property].
TRACE StatusLogger TypeConverterRegistry initializing.
DEBUG StatusLogger PluginManager 'TypeConverter' found 26 plugins
DEBUG StatusLogger createProperty(name="hive.log.file", value="hive.log")
DEBUG StatusLogger Building Plugin[name=property, class=org.apache.logging.log4j.core.config.Property].
DEBUG StatusLogger createProperty(name="hive.log.dir", value="/home/alex/Repositories/hive/ql/target/tmp/log")
DEBUG StatusLogger Building Plugin[name=property, class=org.apache.logging.log4j.core.config.Property].
DEBUG StatusLogger createProperty(name="hive.root.logger", value="DRFA")
DEBUG StatusLogger Building Plugin[name=property, class=org.apache.logging.log4j.core.config.Property].
DEBUG StatusLogger createProperty(name="hive.log.level", value="DEBUG")
DEBUG StatusLogger Building Plugin[name=property, class=org.apache.logging.log4j.core.config.Property].
DEBUG StatusLogger createProperty(name="hive.test.console.log.level", value="INFO")
DEBUG StatusLogger Building Plugin[name=properties, class=org.apache.logging.log4j.core.config.PropertiesPlugin].
DEBUG StatusLogger configureSubstitutor(={hive.log.file=hive.log, hive.log.dir=/home/alex/Repositories/hive/ql/target/tmp/log, hive.root.logger=DRFA, hive.log.level=DEBUG, hive.test.console.log.level=INFO}, Configuration(HiveLog4j2Test))
DEBUG StatusLogger PluginManager 'Lookup' found 17 plugins
DEBUG StatusLogger Building Plugin[name=logger, class=org.apache.logging.log4j.core.config.LoggerConfig].
DEBUG StatusLogger createLogger(additivity="true", level="WARN", name="org.apache.hadoop.ipc", includeLocation="null", ={}, ={}, Configuration(HiveLog4j2Test), Filter=null)
DEBUG StatusLogger Building Plugin[name=logger, class=org.apache.logging.log4j.core.config.LoggerConfig].
DEBUG StatusLogger createLogger(additivity="true", level="INFO", name="org.apache.hadoop.security", includeLocation="null", ={}, ={}, Configuration(HiveLog4j2Test), Filter=null)
DEBUG StatusLogger Building Plugin[name=logger, class=org.apache.logging.log4j.core.config.LoggerConfig].
DEBUG StatusLogger createLogger(additivity="true", level="INFO", name="org.apache.hadoop.hdfs", includeLocation="null", ={}, ={}, Configuration(HiveLog4j2Test), Filter=null)
DEBUG StatusLogger Building Plugin[name=logger, class=org.apache.logging.log4j.core.config.LoggerConfig].
DEBUG StatusLogger createLogger(additivity="true", level="WARN", name="org.apache.hadoop.hdfs.server", includeLocation="null", ={}, ={}, Configuration(HiveLog4j2Test), Filter=null)
DEBUG StatusLogger Building Plugin[name=logger, class=org.apache.logging.log4j.core.config.LoggerConfig].
DEBUG StatusLogger createLogger(additivity="true", level="INFO", name="org.apache.hadoop.metrics2", includeLocation="null", ={}, ={}, Configuration(HiveLog4j2Test), Filter=null)
DEBUG StatusLogger Building Plugin[name=logger, class=org.apache.logging.log4j.core.config.LoggerConfig].
DEBUG StatusLogger createLogger(additivity="true", level="INFO", name="org.mortbay", includeLocation="null", ={}, ={}, Configuration(HiveLog4j2Test), Filter=null)
DEBUG StatusLogger Building Plugin[name=logger, class=org.apache.logging.log4j.core.config.LoggerConfig].
DEBUG StatusLogger createLogger(additivity="true", level="INFO", name="org.apache.hadoop.yarn", includeLocation="null", ={}, ={}, Configuration(HiveLog4j2Test), Filter=null)
DEBUG StatusLogger Building Plugin[name=logger, class=org.apache.logging.log4j.core.config.LoggerConfig].
DEBUG StatusLogger createLogger(additivity="true", level="WARN", name="org.apache.hadoop.yarn.server", includeLocation="null", ={}, ={}, Configuration(HiveLog4j2Test), Filter=null)
DEBUG StatusLogger Building Plugin[name=logger, class=org.apache.logging.log4j.core.config.LoggerConfig].
DEBUG StatusLogger createLogger(additivity="true", level="INFO", name="org.apache.tez", includeLocation="null", ={}, ={}, Configuration(HiveLog4j2Test), Filter=null)
DEBUG StatusLogger Building Plugin[name=logger, class=org.apache.logging.log4j.core.config.LoggerConfig].
DEBUG StatusLogger createLogger(additivity="true", level="ERROR", name="org.apache.hadoop.conf.Configuration", includeLocation="null", ={}, ={}, Configuration(HiveLog4j2Test), Filter=null)
DEBUG StatusLogger Building Plugin[name=logger, class=org.apache.logging.log4j.core.config.LoggerConfig].
DEBUG StatusLogger createLogger(additivity="true", level="INFO", name="org.apache.zookeeper", includeLocation="null", ={}, ={}, Configuration(HiveLog4j2Test), Filter=null)
DEBUG StatusLogger Building Plugin[name=logger, class=org.apache.logging.log4j.core.config.LoggerConfig].
DEBUG StatusLogger createLogger(additivity="true", level="WARN", name="org.apache.zookeeper.server.ServerCnxn", includeLocation="null", ={}, ={}, Configuration(HiveLog4j2Test), Filter=null)
DEBUG StatusLogger Building Plugin[name=logger, class=org.apache.logging.log4j.core.config.LoggerConfig].
DEBUG StatusLogger createLogger(additivity="true", level="WARN", name="org.apache.zookeeper.server.NIOServerCnxn", includeLocation="null", ={}, ={}, Configuration(HiveLog4j2Test), Filter=null)
DEBUG StatusLogger Building Plugin[name=logger, class=org.apache.logging.log4j.core.config.LoggerConfig].
DEBUG StatusLogger createLogger(additivity="true", level="WARN", name="org.apache.zookeeper.ClientCnxn", includeLocation="null", ={}, ={}, Configuration(HiveLog4j2Test), Filter=null)
DEBUG StatusLogger Building Plugin[name=logger, class=org.apache.logging.log4j.core.config.LoggerConfig].
DEBUG StatusLogger createLogger(additivity="true", level="WARN", name="org.apache.zookeeper.ClientCnxnSocket", includeLocation="null", ={}, ={}, Configuration(HiveLog4j2Test), Filter=null)
DEBUG StatusLogger Building Plugin[name=logger, class=org.apache.logging.log4j.core.config.LoggerConfig].
DEBUG StatusLogger createLogger(additivity="true", level="WARN", name="org.apache.zookeeper.ClientCnxnSocketNIO", includeLocation="null", ={}, ={}, Configuration(HiveLog4j2Test), Filter=null)
DEBUG StatusLogger Building Plugin[name=logger, class=org.apache.logging.log4j.core.config.LoggerConfig].
DEBUG StatusLogger createLogger(additivity="true", level="ERROR", name="DataNucleus", includeLocation="null", ={}, ={}, Configuration(HiveLog4j2Test), Filter=null)
DEBUG StatusLogger Building Plugin[name=logger, class=org.apache.logging.log4j.core.config.LoggerConfig].
DEBUG StatusLogger createLogger(additivity="true", level="ERROR", name="Datastore", includeLocation="null", ={}, ={}, Configuration(HiveLog4j2Test), Filter=null)
DEBUG StatusLogger Building Plugin[name=logger, class=org.apache.logging.log4j.core.config.LoggerConfig].
DEBUG StatusLogger createLogger(additivity="true", level="ERROR", name="JPOX", includeLocation="null", ={}, ={}, Configuration(HiveLog4j2Test), Filter=null)
DEBUG StatusLogger Building Plugin[name=logger, class=org.apache.logging.log4j.core.config.LoggerConfig].
DEBUG StatusLogger createLogger(additivity="true", level="INFO", name="org.apache.hadoop.hive.ql.exec.Operator", includeLocation="null", ={}, ={}, Configuration(HiveLog4j2Test), Filter=null)
DEBUG StatusLogger Building Plugin[name=logger, class=org.apache.logging.log4j.core.config.LoggerConfig].
DEBUG StatusLogger createLogger(additivity="true", level="INFO", name="org.apache.hadoop.hive.serde2.lazy", includeLocation="null", ={}, ={}, Configuration(HiveLog4j2Test), Filter=null)
DEBUG StatusLogger Building Plugin[name=logger, class=org.apache.logging.log4j.core.config.LoggerConfig].
DEBUG StatusLogger createLogger(additivity="true", level="INFO", name="org.apache.hadoop.hive.metastore.ObjectStore", includeLocation="null", ={}, ={}, Configuration(HiveLog4j2Test), Filter=null)
DEBUG StatusLogger Building Plugin[name=logger, class=org.apache.logging.log4j.core.config.LoggerConfig].
DEBUG StatusLogger createLogger(additivity="true", level="INFO", name="org.apache.calcite.plan.RelOptPlanner", includeLocation="null", ={}, ={}, Configuration(HiveLog4j2Test), Filter=null)
DEBUG StatusLogger Building Plugin[name=logger, class=org.apache.logging.log4j.core.config.LoggerConfig].
DEBUG StatusLogger createLogger(additivity="true", level="INFO", name="com.amazonaws", includeLocation="null", ={}, ={}, Configuration(HiveLog4j2Test), Filter=null)
DEBUG StatusLogger Building Plugin[name=logger, class=org.apache.logging.log4j.core.config.LoggerConfig].
DEBUG StatusLogger createLogger(additivity="true", level="INFO", name="org.apache.http", includeLocation="null", ={}, ={}, Configuration(HiveLog4j2Test), Filter=null)
DEBUG StatusLogger Building Plugin[name=logger, class=org.apache.logging.log4j.core.config.LoggerConfig].
DEBUG StatusLogger createLogger(additivity="true", level="WARN", name="org.apache.thrift", includeLocation="null", ={}, ={}, Configuration(HiveLog4j2Test), Filter=null)
DEBUG StatusLogger Building Plugin[name=logger, class=org.apache.logging.log4j.core.config.LoggerConfig].
DEBUG StatusLogger createLogger(additivity="true", level="WARN", name="org.eclipse.jetty", includeLocation="null", ={}, ={}, Configuration(HiveLog4j2Test), Filter=null)
DEBUG StatusLogger Building Plugin[name=logger, class=org.apache.logging.log4j.core.config.LoggerConfig].
DEBUG StatusLogger createLogger(additivity="true", level="WARN", name="BlockStateChange", includeLocation="null", ={}, ={}, Configuration(HiveLog4j2Test), Filter=null)
DEBUG StatusLogger Building Plugin[name=logger, class=org.apache.logging.log4j.core.config.LoggerConfig].
DEBUG StatusLogger createLogger(additivity="true", level="DEBUG", name="org.apache.hadoop.hive.ql.optimizer.SharedWorkOptimizer", includeLocation="null", ={}, ={}, Configuration(HiveLog4j2Test), Filter=null)
DEBUG StatusLogger Building Plugin[name=AppenderRef, class=org.apache.logging.log4j.core.config.AppenderRef].
DEBUG StatusLogger createAppenderRef(ref="console", level="INFO", Filter=null)
DEBUG StatusLogger Building Plugin[name=AppenderRef, class=org.apache.logging.log4j.core.config.AppenderRef].
DEBUG StatusLogger createAppenderRef(ref="DRFA", level="null", Filter=null)
DEBUG StatusLogger Building Plugin[name=root, class=org.apache.logging.log4j.core.config.LoggerConfig$RootLogger].
DEBUG StatusLogger createLogger(additivity="null", level="DEBUG", includeLocation="null", ={console, DRFA}, ={}, Configuration(HiveLog4j2Test), Filter=null)
DEBUG StatusLogger Building Plugin[name=loggers, class=org.apache.logging.log4j.core.config.LoggersPlugin].
DEBUG StatusLogger createLoggers(={org.apache.hadoop.ipc, org.apache.hadoop.security, org.apache.hadoop.hdfs, org.apache.hadoop.hdfs.server, org.apache.hadoop.metrics2, org.mortbay, org.apache.hadoop.yarn, org.apache.hadoop.yarn.server, org.apache.tez, org.apache.hadoop.conf.Configuration, org.apache.zookeeper, org.apache.zookeeper.server.ServerCnxn, org.apache.zookeeper.server.NIOServerCnxn, org.apache.zookeeper.ClientCnxn, org.apache.zookeeper.ClientCnxnSocket, org.apache.zookeeper.ClientCnxnSocketNIO, DataNucleus, Datastore, JPOX, org.apache.hadoop.hive.ql.exec.Operator, org.apache.hadoop.hive.serde2.lazy, org.apache.hadoop.hive.metastore.ObjectStore, org.apache.calcite.plan.RelOptPlanner, com.amazonaws, org.apache.http, org.apache.thrift, org.eclipse.jetty, BlockStateChange, org.apache.hadoop.hive.ql.optimizer.SharedWorkOptimizer, root})
DEBUG StatusLogger Building Plugin[name=layout, class=org.apache.logging.log4j.core.layout.PatternLayout].
DEBUG StatusLogger PatternLayout$Builder(charset="null", Configuration(HiveLog4j2Test), PatternSelector=null, disableAnsi="null", pattern="%d{ISO8601} %5p [%t] %c{2}: %m%n", alwaysWriteExceptions="null", noConsoleNoAnsi="null", header="null", Replace=null, footer="null")
DEBUG StatusLogger PluginManager 'Converter' found 46 plugins
DEBUG StatusLogger Building Plugin[name=appender, class=org.apache.logging.log4j.core.appender.ConsoleAppender].
DEBUG StatusLogger ConsoleAppender$Builder(target="SYSTEM_ERR", direct="null", follow="null", bufferedIo="null", immediateFlush="null", bufferSize="null", Configuration(HiveLog4j2Test), PatternLayout(%d{ISO8601} %5p [%t] %c{2}: %m%n), ignoreExceptions="null", name="console", ={}, Filter=null)
DEBUG StatusLogger Starting OutputStreamManager SYSTEM_ERR.false.false
DEBUG StatusLogger Building Plugin[name=layout, class=org.apache.logging.log4j.core.layout.PatternLayout].
DEBUG StatusLogger PatternLayout$Builder(alwaysWriteExceptions="null", footer="null", header="null", PatternSelector=null, pattern="%d{ISO8601} %5p [%t] %c{2}: %m%n", disableAnsi="null", Configuration(HiveLog4j2Test), noConsoleNoAnsi="null", Replace=null, charset="null")
DEBUG StatusLogger Building Plugin[name=TimeBasedTriggeringPolicy, class=org.apache.logging.log4j.core.appender.rolling.TimeBasedTriggeringPolicy].
DEBUG StatusLogger TimeBasedTriggeringPolicy$Builder(modulate="true", maxRandomDelay="null", interval="1")
DEBUG StatusLogger Building Plugin[name=Policies, class=org.apache.logging.log4j.core.appender.rolling.CompositeTriggeringPolicy].
DEBUG StatusLogger createPolicy(={TimeBasedTriggeringPolicy(nextRolloverMillis=0, interval=1, modulate=true)})
DEBUG StatusLogger Building Plugin[name=DefaultRolloverStrategy, class=org.apache.logging.log4j.core.appender.rolling.DefaultRolloverStrategy].
DEBUG StatusLogger DefaultRolloverStrategy$Builder(compressionLevel="null", max="30", Configuration(HiveLog4j2Test), fileIndex="null", ={}, tempCompressedFilePattern="null", min="null", stopCustomActionsOnError="null")
DEBUG StatusLogger Building Plugin[name=appender, class=org.apache.logging.log4j.core.appender.RollingRandomAccessFileAppender].
DEBUG StatusLogger RollingRandomAccessFileAppender$Builder(filePattern="/home/alex/Repositories/hive/ql/target/tmp/log/hive.log.%d{yyyy-MM-dd}", advertiseURI="null", advertise="null", filePermissions="null", append="null", fileOwner="null", Policies(CompositeTriggeringPolicy(policies=[TimeBasedTriggeringPolicy(nextRolloverMillis=0, interval=1, modulate=true)])), DefaultRolloverStrategy(DefaultRolloverStrategy(min=1, max=30, useMax=true)), fileGroup="null", fileName="/home/alex/Repositories/hive/ql/target/tmp/log/hive.log", bufferSize="null", immediateFlush="null", bufferedIo="null", PatternLayout(%d{ISO8601} %5p [%t] %c{2}: %m%n), ignoreExceptions="null", name="DRFA", Configuration(HiveLog4j2Test), ={}, Filter=null)
TRACE StatusLogger RandomAccessFile /home/alex/Repositories/hive/ql/target/tmp/log/hive.log seek to 2715339822
DEBUG StatusLogger Starting RollingRandomAccessFileManager /home/alex/Repositories/hive/ql/target/tmp/log/hive.log
DEBUG StatusLogger PluginManager 'FileConverter' found 3 plugins
DEBUG StatusLogger Setting prev file time to 2024-04-24T06:27:16.492-0700
DEBUG StatusLogger Initializing triggering policy CompositeTriggeringPolicy(policies=[TimeBasedTriggeringPolicy(nextRolloverMillis=0, interval=1, modulate=true)])
DEBUG StatusLogger Initializing triggering policy TimeBasedTriggeringPolicy(nextRolloverMillis=0, interval=1, modulate=true)
TRACE StatusLogger PatternProcessor.getNextTime returning 2024/04/25-00:00:00.000, nextFileTime=2024/04/24-00:00:00.000, prevFileTime=1969/12/31-16:00:00.000, current=2024/04/24-06:27:18.273, freq=DAILY
TRACE StatusLogger PatternProcessor.getNextTime returning 2024/04/25-00:00:00.000, nextFileTime=2024/04/24-00:00:00.000, prevFileTime=2024/04/24-00:00:00.000, current=2024/04/24-06:27:18.274, freq=DAILY
DEBUG StatusLogger Building Plugin[name=appenders, class=org.apache.logging.log4j.core.config.AppendersPlugin].
DEBUG StatusLogger createAppenders(={console, DRFA})
DEBUG StatusLogger Configuration org.apache.logging.log4j.core.config.properties.PropertiesConfiguration@7fb4f2a9 initialized
DEBUG StatusLogger Starting configuration org.apache.logging.log4j.core.config.properties.PropertiesConfiguration@7fb4f2a9
DEBUG StatusLogger Started configuration org.apache.logging.log4j.core.config.properties.PropertiesConfiguration@7fb4f2a9 OK.
TRACE StatusLogger Stopping org.apache.logging.log4j.core.config.DefaultConfiguration@394a2528...
TRACE StatusLogger DefaultConfiguration notified 1 ReliabilityStrategies that config will be stopped.
TRACE StatusLogger DefaultConfiguration stopping root LoggerConfig.
TRACE StatusLogger DefaultConfiguration notifying ReliabilityStrategies that appenders will be stopped.
TRACE StatusLogger DefaultConfiguration stopping remaining Appenders.
DEBUG StatusLogger Shutting down OutputStreamManager SYSTEM_OUT.false.false-1
DEBUG StatusLogger OutputStream closed
DEBUG StatusLogger Shut down OutputStreamManager SYSTEM_OUT.false.false-1, all resources released: true
DEBUG StatusLogger Appender DefaultConsole-1 stopped with status true
TRACE StatusLogger DefaultConfiguration stopped 1 remaining Appenders.
TRACE StatusLogger DefaultConfiguration cleaning Appenders from 1 LoggerConfigs.
DEBUG StatusLogger Stopped org.apache.logging.log4j.core.config.DefaultConfiguration@394a2528 OK
TRACE StatusLogger Reregistering MBeans after reconfigure. Selector=org.apache.logging.log4j.core.selector.ClassLoaderContextSelector@3401a114
TRACE StatusLogger Reregistering context (1/1): '330bedb4' org.apache.logging.log4j.core.LoggerContext@433defed
TRACE StatusLogger Unregistering but no MBeans found matching 'org.apache.logging.log4j2:type=330bedb4'
TRACE StatusLogger Unregistering but no MBeans found matching 'org.apache.logging.log4j2:type=330bedb4,component=StatusLogger'
TRACE StatusLogger Unregistering but no MBeans found matching 'org.apache.logging.log4j2:type=330bedb4,component=ContextSelector'
TRACE StatusLogger Unregistering but no MBeans found matching 'org.apache.logging.log4j2:type=330bedb4,component=Loggers,name=*'
TRACE StatusLogger Unregistering but no MBeans found matching 'org.apache.logging.log4j2:type=330bedb4,component=Appenders,name=*'
TRACE StatusLogger Unregistering but no MBeans found matching 'org.apache.logging.log4j2:type=330bedb4,component=AsyncAppenders,name=*'
TRACE StatusLogger Unregistering but no MBeans found matching 'org.apache.logging.log4j2:type=330bedb4,component=AsyncLoggerRingBuffer'
TRACE StatusLogger Unregistering but no MBeans found matching 'org.apache.logging.log4j2:type=330bedb4,component=Loggers,name=*,subtype=RingBuffer'
DEBUG StatusLogger Registering MBean org.apache.logging.log4j2:type=330bedb4
DEBUG StatusLogger Registering MBean org.apache.logging.log4j2:type=330bedb4,component=StatusLogger
DEBUG StatusLogger Registering MBean org.apache.logging.log4j2:type=330bedb4,component=ContextSelector
DEBUG StatusLogger Registering MBean org.apache.logging.log4j2:type=330bedb4,component=Loggers,name=org.apache.hadoop.conf.Configuration
DEBUG StatusLogger Registering MBean org.apache.logging.log4j2:type=330bedb4,component=Loggers,name=Datastore
DEBUG StatusLogger Registering MBean org.apache.logging.log4j2:type=330bedb4,component=Loggers,name=org.apache.hadoop.hive.metastore.ObjectStore
DEBUG StatusLogger Registering MBean org.apache.logging.log4j2:type=330bedb4,component=Loggers,name=org.apache.hadoop.hdfs
DEBUG StatusLogger Registering MBean org.apache.logging.log4j2:type=330bedb4,component=Loggers,name=org.apache.zookeeper.server.ServerCnxn
DEBUG StatusLogger Registering MBean org.apache.logging.log4j2:type=330bedb4,component=Loggers,name=org.apache.hadoop.security
DEBUG StatusLogger Registering MBean org.apache.logging.log4j2:type=330bedb4,component=Loggers,name=JPOX
DEBUG StatusLogger Registering MBean org.apache.logging.log4j2:type=330bedb4,component=Loggers,name=
DEBUG StatusLogger Registering MBean org.apache.logging.log4j2:type=330bedb4,component=Loggers,name=org.apache.calcite.plan.RelOptPlanner
DEBUG StatusLogger Registering MBean org.apache.logging.log4j2:type=330bedb4,component=Loggers,name=org.apache.zookeeper.server.NIOServerCnxn
DEBUG StatusLogger Registering MBean org.apache.logging.log4j2:type=330bedb4,component=Loggers,name=com.amazonaws
DEBUG StatusLogger Registering MBean org.apache.logging.log4j2:type=330bedb4,component=Loggers,name=org.apache.thrift
DEBUG StatusLogger Registering MBean org.apache.logging.log4j2:type=330bedb4,component=Loggers,name=org.apache.zookeeper.ClientCnxnSocket
DEBUG StatusLogger Registering MBean org.apache.logging.log4j2:type=330bedb4,component=Loggers,name=org.apache.http
DEBUG StatusLogger Registering MBean org.apache.logging.log4j2:type=330bedb4,component=Loggers,name=org.apache.hadoop.hive.ql.optimizer.SharedWorkOptimizer
DEBUG StatusLogger Registering MBean org.apache.logging.log4j2:type=330bedb4,component=Loggers,name=org.apache.hadoop.hive.ql.exec.Operator
DEBUG StatusLogger Registering MBean org.apache.logging.log4j2:type=330bedb4,component=Loggers,name=org.apache.tez
DEBUG StatusLogger Registering MBean org.apache.logging.log4j2:type=330bedb4,component=Loggers,name=DataNucleus
DEBUG StatusLogger Registering MBean org.apache.logging.log4j2:type=330bedb4,component=Loggers,name=org.eclipse.jetty
DEBUG StatusLogger Registering MBean org.apache.logging.log4j2:type=330bedb4,component=Loggers,name=BlockStateChange
DEBUG StatusLogger Registering MBean org.apache.logging.log4j2:type=330bedb4,component=Loggers,name=org.apache.hadoop.ipc
DEBUG StatusLogger Registering MBean org.apache.logging.log4j2:type=330bedb4,component=Loggers,name=org.apache.hadoop.yarn.server
DEBUG StatusLogger Registering MBean org.apache.logging.log4j2:type=330bedb4,component=Loggers,name=org.apache.hadoop.metrics2
DEBUG StatusLogger Registering MBean org.apache.logging.log4j2:type=330bedb4,component=Loggers,name=org.apache.zookeeper.ClientCnxn
DEBUG StatusLogger Registering MBean org.apache.logging.log4j2:type=330bedb4,component=Loggers,name=org.apache.hadoop.hdfs.server
DEBUG StatusLogger Registering MBean org.apache.logging.log4j2:type=330bedb4,component=Loggers,name=org.apache.hadoop.hive.serde2.lazy
DEBUG StatusLogger Registering MBean org.apache.logging.log4j2:type=330bedb4,component=Loggers,name=org.mortbay
DEBUG StatusLogger Registering MBean org.apache.logging.log4j2:type=330bedb4,component=Loggers,name=org.apache.hadoop.yarn
DEBUG StatusLogger Registering MBean org.apache.logging.log4j2:type=330bedb4,component=Loggers,name=org.apache.zookeeper.ClientCnxnSocketNIO
DEBUG StatusLogger Registering MBean org.apache.logging.log4j2:type=330bedb4,component=Loggers,name=org.apache.zookeeper
DEBUG StatusLogger Registering MBean org.apache.logging.log4j2:type=330bedb4,component=Appenders,name=console
DEBUG StatusLogger Registering MBean org.apache.logging.log4j2:type=330bedb4,component=Appenders,name=DRFA
TRACE StatusLogger Using default SystemClock for timestamps.
DEBUG StatusLogger org.apache.logging.log4j.core.util.SystemClock does not support precise timestamps.
TRACE StatusLogger Using DummyNanoClock for nanosecond timestamps.
DEBUG StatusLogger Reconfiguration complete for context[name=330bedb4] at URI /home/alex/Repositories/hive/ql/target/testconf/hive-log4j2.properties (org.apache.logging.log4j.core.LoggerContext@433defed) with optional ClassLoader: null
DEBUG StatusLogger Shutdown hook enabled. Registering a new one.
DEBUG StatusLogger LoggerContext[name=330bedb4, org.apache.logging.log4j.core.LoggerContext@433defed] started OK.
2024-04-24T06:27:18,376  INFO [main] conf.HiveConf: Found configuration file file:/home/alex/Repositories/hive/ql/target/testconf/hive-site.xml
DEBUG StatusLogger AsyncLogger.ThreadNameStrategy=UNCACHED (user specified null, default is UNCACHED)
TRACE StatusLogger Using default SystemClock for timestamps.
DEBUG StatusLogger org.apache.logging.log4j.core.util.SystemClock does not support precise timestamps.
2024-04-24T06:27:18,780  WARN [main] util.NativeCodeLoader: Unable to load native-hadoop library for your platform... using builtin-java classes where applicable
2024-04-24T06:27:18,837  WARN [main] conf.HiveConf: HiveConf of name hive.metastore.client.cache.recordStats does not exist
2024-04-24T06:27:18,837  WARN [main] conf.HiveConf: HiveConf of name hive.dummyparam.test.server.specific.config.override does not exist
2024-04-24T06:27:18,837  WARN [main] conf.HiveConf: HiveConf of name hive.llap.io.cache.orc.alloc.max does not exist
2024-04-24T06:27:18,838  WARN [main] conf.HiveConf: HiveConf of name hive.dummyparam.test.server.specific.config.hivesite does not exist
2024-04-24T06:27:18,838  WARN [main] conf.HiveConf: HiveConf of name hive.llap.io.cache.orc.arena.size does not exist
2024-04-24T06:27:18,838  WARN [main] conf.HiveConf: HiveConf of name hive.llap.io.cache.orc.size does not exist
2024-04-24T06:27:18,838  WARN [main] conf.HiveConf: HiveConf of name hive.llap.io.cache.orc.alloc.min does not exist
2024-04-24T06:27:18,838  WARN [main] conf.HiveConf: HiveConf of name hive.stats.key.prefix.reserve.length does not exist
2024-04-24T06:27:18,839  WARN [main] conf.HiveConf: HiveConf of name hive.dummyparam.test.server.specific.config.metastoresite does not exist
2024-04-24T06:27:18,839  WARN [main] conf.HiveConf: HiveConf of name hive.metastore.client.cache.maxSize does not exist
2024-04-24T06:27:18,839  WARN [main] conf.HiveConf: HiveConf of name hive.metastore.metadb.dir does not exist
2024-04-24T06:27:18,917  WARN [main] hikari.HikariConfig: HikariPool-1 - leakDetectionThreshold is less than 2000ms or more than maxLifetime, disabling it.
2024-04-24T06:27:18,922  INFO [main] hikari.HikariDataSource: HikariPool-1 - Starting...
2024-04-24T06:27:19,469  INFO [main] pool.PoolBase: HikariPool-1 - Driver does not support get/set network timeout for connections. (Feature not implemented: No details.)
2024-04-24T06:27:19,473  INFO [main] hikari.HikariDataSource: HikariPool-1 - Start completed.
2024-04-24T06:27:19,475  WARN [main] hikari.HikariConfig: HikariPool-2 - leakDetectionThreshold is less than 2000ms or more than maxLifetime, disabling it.
2024-04-24T06:27:19,477  INFO [main] hikari.HikariDataSource: HikariPool-2 - Starting...
2024-04-24T06:27:19,481  INFO [main] pool.PoolBase: HikariPool-2 - Driver does not support get/set network timeout for connections. (Feature not implemented: No details.)
2024-04-24T06:27:19,482  INFO [main] hikari.HikariDataSource: HikariPool-2 - Start completed.
2024-04-24T06:27:19,649  INFO [main] utils.TestTxnDbUtil: Creating transactional tables
2024-04-24T06:27:19,657  INFO [main] utils.TestTxnDbUtil: Reinitializing the metastore db with hive-schema-4.0.0.derby.sql on the database jdbc:derby:memory:/home/alex/Repositories/hive/ql/target/tmp/junit_metastore_db;create=true
Hive Session ID = 86f4ae22-2998-4641-b1c3-b989688cfb1e
2024-04-24T06:27:20,594  INFO [main] SessionState: Hive Session ID = 86f4ae22-2998-4641-b1c3-b989688cfb1e
ivysettings.xml file not found in HIVE_HOME or HIVE_CONF_DIR,/home/alex/Repositories/hive/conf/ivysettings.xml will be used
2024-04-24T06:27:20,605  INFO [main] DependencyResolver: ivysettings.xml file not found in HIVE_HOME or HIVE_CONF_DIR,/home/alex/Repositories/hive/conf/ivysettings.xml will be used
log4j:WARN No appenders could be found for logger (org.apache.htrace.core.Tracer).
log4j:WARN Please initialize the log4j system properly.
log4j:WARN See http://logging.apache.org/log4j/1.2/faq.html#noconfig for more info.
2024-04-24T06:27:20,957  INFO [main] session.SessionState: Created HDFS directory: /home/alex/Repositories/hive/ql/target/tmp/scratchdir/alex/86f4ae22-2998-4641-b1c3-b989688cfb1e
2024-04-24T06:27:20,960  INFO [main] session.SessionState: Created local directory: /home/alex/Repositories/hive/ql/target/tmp/localscratchdir/86f4ae22-2998-4641-b1c3-b989688cfb1e
2024-04-24T06:27:20,963  INFO [main] session.SessionState: Created HDFS directory: /home/alex/Repositories/hive/ql/target/tmp/scratchdir/alex/86f4ae22-2998-4641-b1c3-b989688cfb1e/_tmp_space.db
2024-04-24T06:27:20,986  INFO [main] sqlstd.SQLStdHiveAccessController: Created SQLStdHiveAccessController for session context : HiveAuthzSessionContext [sessionString=86f4ae22-2998-4641-b1c3-b989688cfb1e, clientType=HIVECLI]
2024-04-24T06:27:21,033  INFO [main] metastore.HiveMetaStoreClient: HMS client filtering is enabled.
2024-04-24T06:27:21,162  INFO [main] metastore.HMSHandler: 0: Opening raw store with implementation class:org.apache.hadoop.hive.metastore.ObjectStore
2024-04-24T06:27:21,194  INFO [main] metastore.PersistenceManagerProvider: Configuration datanucleus.autoStartMechanismMode is not set. Defaulting to 'ignored'
2024-04-24T06:27:21,198  INFO [main] metastore.PersistenceManagerProvider: Updating the pmf due to property change
2024-04-24T06:27:21,198  INFO [main] metastore.PersistenceManagerProvider: Current pmf properties are uninitialized
2024-04-24T06:27:21,200  WARN [main] hikari.HikariConfig: HikariPool-3 - leakDetectionThreshold is less than 2000ms or more than maxLifetime, disabling it.
2024-04-24T06:27:21,203  INFO [main] hikari.HikariDataSource: HikariPool-3 - Starting...
2024-04-24T06:27:21,205  INFO [main] pool.PoolBase: HikariPool-3 - Driver does not support get/set network timeout for connections. (Feature not implemented: No details.)
2024-04-24T06:27:21,206  INFO [main] hikari.HikariDataSource: HikariPool-3 - Start completed.
2024-04-24T06:27:21,681  INFO [main] metastore.PersistenceManagerProvider: Setting MetaStore object pin classes with hive.metastore.cache.pinobjtypes="Table,StorageDescriptor,SerDeInfo,Partition,Database,Type,FieldSchema,Order"
2024-04-24T06:27:21,681  INFO [main] metastore.ObjectStore: RawStore: org.apache.hadoop.hive.metastore.ObjectStore@4eb9f2af, with PersistenceManager: null will be shutdown
2024-04-24T06:27:21,706  INFO [main] metastore.ObjectStore: RawStore: org.apache.hadoop.hive.metastore.ObjectStore@4eb9f2af, with PersistenceManager: org.datanucleus.api.jdo.JDOPersistenceManager@1668919e created in the thread with id: 1
2024-04-24T06:27:23,816  INFO [main] metastore.HMSHandler: Created RawStore: org.apache.hadoop.hive.metastore.ObjectStore@4eb9f2af from thread id: 1
2024-04-24T06:27:23,830  INFO [main] metastore.HMSHandler: Setting location of default catalog, as it hasn't been done after upgrade
2024-04-24T06:27:23,857  INFO [main] metastore.HMSHandler: Started creating a default database with name: default
2024-04-24T06:27:23,899  INFO [main] metastore.HMSHandler: Successfully created a default database with name: default
2024-04-24T06:27:23,919  INFO [main] metastore.HMSHandler: Added admin role in metastore
2024-04-24T06:27:23,922  INFO [main] metastore.HMSHandler: Added public role in metastore
2024-04-24T06:27:23,998  INFO [main] metastore.HMSHandler: Added hive_admin_user to admin role
2024-04-24T06:27:24,003  INFO [main] metastore.HMSHandler: Scheduling for org.apache.hadoop.hive.metastore.events.EventCleanerTask service with frequency 0ms.
2024-04-24T06:27:24,004  INFO [main] metastore.HMSHandler: Scheduling for org.apache.hadoop.hive.metastore.ReplicationMetricsMaintTask service with frequency 86400000ms.
2024-04-24T06:27:24,005  INFO [main] metastore.HMSHandler: Scheduling for org.apache.hadoop.hive.metastore.RuntimeStatsCleanerTask service with frequency 3600000ms.
2024-04-24T06:27:24,010  INFO [main] metastore.HMSHandler: Scheduling for org.apache.hadoop.hive.metastore.metrics.AcidMetricService service with frequency 300000ms.
2024-04-24T06:27:24,011  INFO [main] metastore.HMSHandler: Scheduling for org.apache.hadoop.hive.metastore.ScheduledQueryExecutionsMaintTask service with frequency 60000ms.
2024-04-24T06:27:24,013  INFO [main] metastore.HMSHandler: Scheduling for org.apache.hadoop.hive.metastore.HiveProtoEventsCleanerTask service with frequency 86400000ms.
2024-04-24T06:27:24,017  INFO [main] metastore.HMSHandler: HMS server filtering is disabled by configuration
2024-04-24T06:27:24,153  INFO [main] metastore.RetryingMetaStoreClient: RetryingMetaStoreClient proxy=class org.apache.hadoop.hive.ql.metadata.SessionHiveMetaStoreClient ugi=alex (auth:SIMPLE) retries=1 delay=1 lifetime=0
2024-04-24T06:27:24,198  INFO [main] ql.TxnCommandsBaseForTests: Running the query: drop table if exists acidTbl
2024-04-24T06:27:24,226  INFO [main] ql.Driver: Compiling command(queryId=alex_20240424062724_71cc8b20-55cf-45bc-9c13-47d299d25b89): drop table if exists acidTbl
2024-04-24T06:27:25,078  INFO [main] reflections.Reflections: Reflections took 195 ms to scan 2 urls, producing 53 keys and 784 values 
2024-04-24T06:27:25,236  INFO [main] reflections.Reflections: Reflections took 124 ms to scan 2 urls, producing 53 keys and 784 values 
2024-04-24T06:27:25,365  INFO [main] reflections.Reflections: Reflections took 123 ms to scan 2 urls, producing 53 keys and 784 values 
2024-04-24T06:27:25,395  INFO [main] txn.TxnHandler: Added entries to MIN_HISTORY_LEVEL for current txns: ([1]) with min_open_txn: 1
2024-04-24T06:27:25,408  INFO [main] lockmgr.DbTxnManager: Opened txnid:1
2024-04-24T06:27:25,418  INFO [main] HiveMetaStore.audit: ugi=alex	ip=unknown-ip-addr	cmd=get_table : tbl=hive.default.acidTbl	
2024-04-24T06:27:25,572  INFO [main] reflections.Reflections: Reflections took 132 ms to scan 2 urls, producing 53 keys and 784 values 
2024-04-24T06:27:25,608  INFO [main] ql.Driver: Semantic Analysis Completed (retrial = false)
2024-04-24T06:27:25,610  INFO [main] ql.Driver: Created Hive schema: Schema(fieldSchemas:null, properties:null)
2024-04-24T06:27:25,612  INFO [main] metadata.Hive: Dumping metastore api call timing information for : compilation phase
2024-04-24T06:27:25,612  INFO [main] metadata.Hive: Total time spent in each metastore function (ms): {isCompatibleWith_(Configuration)=2, openTxn_(String, TxnType)=32, flushCache_()=0, getValidTxns_(long)=7}
2024-04-24T06:27:25,613  INFO [main] ql.Driver: Completed compiling command(queryId=alex_20240424062724_71cc8b20-55cf-45bc-9c13-47d299d25b89); Time taken: 1.388 seconds
2024-04-24T06:27:25,616  INFO [main] lockmgr.DbTxnManager: Setting lock request transaction to txnid:1 for queryId=alex_20240424062724_71cc8b20-55cf-45bc-9c13-47d299d25b89
2024-04-24T06:27:25,617  INFO [main] ql.Driver: Operation DROPTABLE obtained 0 locks
2024-04-24T06:27:25,619  INFO [main] ql.Driver: Executing command(queryId=alex_20240424062724_71cc8b20-55cf-45bc-9c13-47d299d25b89): drop table if exists acidTbl
2024-04-24T06:27:25,622  INFO [main] ql.Driver: Starting task [Stage-0:DDL] in serial mode
2024-04-24T06:27:25,623  INFO [main] HiveMetaStore.audit: ugi=alex	ip=unknown-ip-addr	cmd=get_table : tbl=hive.default.acidTbl	
2024-04-24T06:27:25,641  INFO [main] metadata.Hive: Dumping metastore api call timing information for : execution phase
2024-04-24T06:27:25,641  INFO [main] metadata.Hive: Total time spent in each metastore function (ms): {isCompatibleWith_(Configuration)=0}
2024-04-24T06:27:25,642  INFO [main] ql.Driver: Completed executing command(queryId=alex_20240424062724_71cc8b20-55cf-45bc-9c13-47d299d25b89); Time taken: 0.022 seconds
2024-04-24T06:27:25,642  INFO [main] lockmgr.DbTxnManager: Stopped heartbeat for query: alex_20240424062724_71cc8b20-55cf-45bc-9c13-47d299d25b89
2024-04-24T06:27:25,653  INFO [main] txn.TxnHandler: Expected to move at least one record from txn_components to completed_txn_components when committing txn! txnid:1
2024-04-24T06:27:25,668  INFO [main] txn.TxnHandler: Removed transactions: ([1]) from MIN_HISTORY_LEVEL
2024-04-24T06:27:25,671  WARN [main] txn.CompactionTxnHandler: No compaction queue record found for Compaction type transaction commit. txnId:1
2024-04-24T06:27:25,673  INFO [main] ql.TxnCommandsBaseForTests: Running the query: drop table if exists acidTblPart
2024-04-24T06:27:25,674  INFO [main] ql.Driver: Compiling command(queryId=alex_20240424062725_ccfa9a4f-f0ca-4032-80f0-6fef5c5a636c): drop table if exists acidTblPart
2024-04-24T06:27:25,678  INFO [main] txn.TxnHandler: Added entries to MIN_HISTORY_LEVEL for current txns: ([2]) with min_open_txn: 1
2024-04-24T06:27:25,679  INFO [main] lockmgr.DbTxnManager: Opened txnid:2
2024-04-24T06:27:25,681  INFO [main] HiveMetaStore.audit: ugi=alex	ip=unknown-ip-addr	cmd=get_table : tbl=hive.default.acidTblPart	
2024-04-24T06:27:25,685  INFO [main] ql.Driver: Semantic Analysis Completed (retrial = false)
2024-04-24T06:27:25,685  INFO [main] ql.Driver: Created Hive schema: Schema(fieldSchemas:null, properties:null)
2024-04-24T06:27:25,685  INFO [main] metadata.Hive: Dumping metastore api call timing information for : compilation phase
2024-04-24T06:27:25,686  INFO [main] metadata.Hive: Total time spent in each metastore function (ms): {isCompatibleWith_(Configuration)=2, openTxn_(String, TxnType)=4, commitTxn_(CommitTxnRequest)=30, getValidTxns_(long)=1, flushCache_()=0}
2024-04-24T06:27:25,686  INFO [main] ql.Driver: Completed compiling command(queryId=alex_20240424062725_ccfa9a4f-f0ca-4032-80f0-6fef5c5a636c); Time taken: 0.011 seconds
2024-04-24T06:27:25,686  INFO [main] lockmgr.DbTxnManager: Setting lock request transaction to txnid:2 for queryId=alex_20240424062725_ccfa9a4f-f0ca-4032-80f0-6fef5c5a636c
2024-04-24T06:27:25,686  INFO [main] ql.Driver: Operation DROPTABLE obtained 0 locks
2024-04-24T06:27:25,686  INFO [main] ql.Driver: Executing command(queryId=alex_20240424062725_ccfa9a4f-f0ca-4032-80f0-6fef5c5a636c): drop table if exists acidTblPart
2024-04-24T06:27:25,687  INFO [main] ql.Driver: Starting task [Stage-0:DDL] in serial mode
2024-04-24T06:27:25,687  INFO [main] HiveMetaStore.audit: ugi=alex	ip=unknown-ip-addr	cmd=get_table : tbl=hive.default.acidTblPart	
2024-04-24T06:27:25,692  INFO [main] metadata.Hive: Dumping metastore api call timing information for : execution phase
2024-04-24T06:27:25,692  INFO [main] metadata.Hive: Total time spent in each metastore function (ms): {isCompatibleWith_(Configuration)=0}
2024-04-24T06:27:25,692  INFO [main] ql.Driver: Completed executing command(queryId=alex_20240424062725_ccfa9a4f-f0ca-4032-80f0-6fef5c5a636c); Time taken: 0.005 seconds
2024-04-24T06:27:25,692  INFO [main] lockmgr.DbTxnManager: Stopped heartbeat for query: alex_20240424062725_ccfa9a4f-f0ca-4032-80f0-6fef5c5a636c
2024-04-24T06:27:25,700  INFO [main] txn.TxnHandler: Expected to move at least one record from txn_components to completed_txn_components when committing txn! txnid:2
2024-04-24T06:27:25,709  INFO [main] txn.TxnHandler: Removed transactions: ([2]) from MIN_HISTORY_LEVEL
2024-04-24T06:27:25,709  WARN [main] txn.CompactionTxnHandler: No compaction queue record found for Compaction type transaction commit. txnId:2
2024-04-24T06:27:25,710  INFO [main] ql.TxnCommandsBaseForTests: Running the query: drop table if exists acidTbl2
2024-04-24T06:27:25,711  INFO [main] ql.Driver: Compiling command(queryId=alex_20240424062725_61bf2433-5a3b-4c87-acd6-31beb78dbd65): drop table if exists acidTbl2
2024-04-24T06:27:25,715  INFO [main] txn.TxnHandler: Added entries to MIN_HISTORY_LEVEL for current txns: ([3]) with min_open_txn: 1
2024-04-24T06:27:25,716  INFO [main] lockmgr.DbTxnManager: Opened txnid:3
2024-04-24T06:27:25,718  INFO [main] HiveMetaStore.audit: ugi=alex	ip=unknown-ip-addr	cmd=get_table : tbl=hive.default.acidTbl2	
2024-04-24T06:27:25,722  INFO [main] ql.Driver: Semantic Analysis Completed (retrial = false)
2024-04-24T06:27:25,723  INFO [main] ql.Driver: Created Hive schema: Schema(fieldSchemas:null, properties:null)
2024-04-24T06:27:25,723  INFO [main] metadata.Hive: Dumping metastore api call timing information for : compilation phase
2024-04-24T06:27:25,723  INFO [main] metadata.Hive: Total time spent in each metastore function (ms): {flushCache_()=1, getValidTxns_(long)=1, openTxn_(String, TxnType)=4, commitTxn_(CommitTxnRequest)=18, isCompatibleWith_(Configuration)=0}
2024-04-24T06:27:25,723  INFO [main] ql.Driver: Completed compiling command(queryId=alex_20240424062725_61bf2433-5a3b-4c87-acd6-31beb78dbd65); Time taken: 0.012 seconds
2024-04-24T06:27:25,723  INFO [main] lockmgr.DbTxnManager: Setting lock request transaction to txnid:3 for queryId=alex_20240424062725_61bf2433-5a3b-4c87-acd6-31beb78dbd65
2024-04-24T06:27:25,723  INFO [main] ql.Driver: Operation DROPTABLE obtained 0 locks
2024-04-24T06:27:25,724  INFO [main] ql.Driver: Executing command(queryId=alex_20240424062725_61bf2433-5a3b-4c87-acd6-31beb78dbd65): drop table if exists acidTbl2
2024-04-24T06:27:25,724  INFO [main] ql.Driver: Starting task [Stage-0:DDL] in serial mode
2024-04-24T06:27:25,724  INFO [main] HiveMetaStore.audit: ugi=alex	ip=unknown-ip-addr	cmd=get_table : tbl=hive.default.acidTbl2	
2024-04-24T06:27:25,729  INFO [main] metadata.Hive: Dumping metastore api call timing information for : execution phase
2024-04-24T06:27:25,729  INFO [main] metadata.Hive: Total time spent in each metastore function (ms): {isCompatibleWith_(Configuration)=0}
2024-04-24T06:27:25,729  INFO [main] ql.Driver: Completed executing command(queryId=alex_20240424062725_61bf2433-5a3b-4c87-acd6-31beb78dbd65); Time taken: 0.005 seconds
2024-04-24T06:27:25,729  INFO [main] lockmgr.DbTxnManager: Stopped heartbeat for query: alex_20240424062725_61bf2433-5a3b-4c87-acd6-31beb78dbd65
2024-04-24T06:27:25,738  INFO [main] txn.TxnHandler: Expected to move at least one record from txn_components to completed_txn_components when committing txn! txnid:3
2024-04-24T06:27:25,747  INFO [main] txn.TxnHandler: Removed transactions: ([3]) from MIN_HISTORY_LEVEL
2024-04-24T06:27:25,747  WARN [main] txn.CompactionTxnHandler: No compaction queue record found for Compaction type transaction commit. txnId:3
2024-04-24T06:27:25,748  INFO [main] ql.TxnCommandsBaseForTests: Running the query: drop table if exists nonAcidOrcTbl
2024-04-24T06:27:25,749  INFO [main] ql.Driver: Compiling command(queryId=alex_20240424062725_55672fff-cd98-4803-879c-fb9e55383815): drop table if exists nonAcidOrcTbl
2024-04-24T06:27:25,753  INFO [main] txn.TxnHandler: Added entries to MIN_HISTORY_LEVEL for current txns: ([4]) with min_open_txn: 1
2024-04-24T06:27:25,754  INFO [main] lockmgr.DbTxnManager: Opened txnid:4
2024-04-24T06:27:25,755  INFO [main] HiveMetaStore.audit: ugi=alex	ip=unknown-ip-addr	cmd=get_table : tbl=hive.default.nonAcidOrcTbl	
2024-04-24T06:27:25,759  INFO [main] ql.Driver: Semantic Analysis Completed (retrial = false)
2024-04-24T06:27:25,759  INFO [main] ql.Driver: Created Hive schema: Schema(fieldSchemas:null, properties:null)
2024-04-24T06:27:25,759  INFO [main] metadata.Hive: Dumping metastore api call timing information for : compilation phase
2024-04-24T06:27:25,760  INFO [main] metadata.Hive: Total time spent in each metastore function (ms): {commitTxn_(CommitTxnRequest)=18, openTxn_(String, TxnType)=4, flushCache_()=0, isCompatibleWith_(Configuration)=1, getValidTxns_(long)=1}
2024-04-24T06:27:25,760  INFO [main] ql.Driver: Completed compiling command(queryId=alex_20240424062725_55672fff-cd98-4803-879c-fb9e55383815); Time taken: 0.01 seconds
2024-04-24T06:27:25,760  INFO [main] lockmgr.DbTxnManager: Setting lock request transaction to txnid:4 for queryId=alex_20240424062725_55672fff-cd98-4803-879c-fb9e55383815
2024-04-24T06:27:25,760  INFO [main] ql.Driver: Operation DROPTABLE obtained 0 locks
2024-04-24T06:27:25,760  INFO [main] ql.Driver: Executing command(queryId=alex_20240424062725_55672fff-cd98-4803-879c-fb9e55383815): drop table if exists nonAcidOrcTbl
2024-04-24T06:27:25,761  INFO [main] ql.Driver: Starting task [Stage-0:DDL] in serial mode
2024-04-24T06:27:25,761  INFO [main] HiveMetaStore.audit: ugi=alex	ip=unknown-ip-addr	cmd=get_table : tbl=hive.default.nonAcidOrcTbl	
2024-04-24T06:27:25,765  INFO [main] metadata.Hive: Dumping metastore api call timing information for : execution phase
2024-04-24T06:27:25,765  INFO [main] metadata.Hive: Total time spent in each metastore function (ms): {isCompatibleWith_(Configuration)=0}
2024-04-24T06:27:25,766  INFO [main] ql.Driver: Completed executing command(queryId=alex_20240424062725_55672fff-cd98-4803-879c-fb9e55383815); Time taken: 0.005 seconds
2024-04-24T06:27:25,766  INFO [main] lockmgr.DbTxnManager: Stopped heartbeat for query: alex_20240424062725_55672fff-cd98-4803-879c-fb9e55383815
2024-04-24T06:27:25,773  INFO [main] txn.TxnHandler: Expected to move at least one record from txn_components to completed_txn_components when committing txn! txnid:4
2024-04-24T06:27:25,782  INFO [main] txn.TxnHandler: Removed transactions: ([4]) from MIN_HISTORY_LEVEL
2024-04-24T06:27:25,782  WARN [main] txn.CompactionTxnHandler: No compaction queue record found for Compaction type transaction commit. txnId:4
2024-04-24T06:27:25,783  INFO [main] ql.TxnCommandsBaseForTests: Running the query: drop table if exists nonAcidOrcTbl2
2024-04-24T06:27:25,784  INFO [main] ql.Driver: Compiling command(queryId=alex_20240424062725_d705aa4e-846f-403e-a623-795fbfc30d8d): drop table if exists nonAcidOrcTbl2
2024-04-24T06:27:25,788  INFO [main] txn.TxnHandler: Added entries to MIN_HISTORY_LEVEL for current txns: ([5]) with min_open_txn: 1
2024-04-24T06:27:25,788  INFO [main] lockmgr.DbTxnManager: Opened txnid:5
2024-04-24T06:27:25,790  INFO [main] HiveMetaStore.audit: ugi=alex	ip=unknown-ip-addr	cmd=get_table : tbl=hive.default.nonAcidOrcTbl2	
2024-04-24T06:27:25,794  INFO [main] ql.Driver: Semantic Analysis Completed (retrial = false)
2024-04-24T06:27:25,794  INFO [main] ql.Driver: Created Hive schema: Schema(fieldSchemas:null, properties:null)
2024-04-24T06:27:25,794  INFO [main] metadata.Hive: Dumping metastore api call timing information for : compilation phase
2024-04-24T06:27:25,794  INFO [main] metadata.Hive: Total time spent in each metastore function (ms): {flushCache_()=0, openTxn_(String, TxnType)=3, getValidTxns_(long)=1, isCompatibleWith_(Configuration)=1, commitTxn_(CommitTxnRequest)=17}
2024-04-24T06:27:25,795  INFO [main] ql.Driver: Completed compiling command(queryId=alex_20240424062725_d705aa4e-846f-403e-a623-795fbfc30d8d); Time taken: 0.01 seconds
2024-04-24T06:27:25,795  INFO [main] lockmgr.DbTxnManager: Setting lock request transaction to txnid:5 for queryId=alex_20240424062725_d705aa4e-846f-403e-a623-795fbfc30d8d
2024-04-24T06:27:25,795  INFO [main] ql.Driver: Operation DROPTABLE obtained 0 locks
2024-04-24T06:27:25,795  INFO [main] ql.Driver: Executing command(queryId=alex_20240424062725_d705aa4e-846f-403e-a623-795fbfc30d8d): drop table if exists nonAcidOrcTbl2
2024-04-24T06:27:25,795  INFO [main] ql.Driver: Starting task [Stage-0:DDL] in serial mode
2024-04-24T06:27:25,796  INFO [main] HiveMetaStore.audit: ugi=alex	ip=unknown-ip-addr	cmd=get_table : tbl=hive.default.nonAcidOrcTbl2	
2024-04-24T06:27:25,800  INFO [main] metadata.Hive: Dumping metastore api call timing information for : execution phase
2024-04-24T06:27:25,800  INFO [main] metadata.Hive: Total time spent in each metastore function (ms): {isCompatibleWith_(Configuration)=1}
2024-04-24T06:27:25,800  INFO [main] ql.Driver: Completed executing command(queryId=alex_20240424062725_d705aa4e-846f-403e-a623-795fbfc30d8d); Time taken: 0.005 seconds
2024-04-24T06:27:25,800  INFO [main] lockmgr.DbTxnManager: Stopped heartbeat for query: alex_20240424062725_d705aa4e-846f-403e-a623-795fbfc30d8d
2024-04-24T06:27:25,808  INFO [main] txn.TxnHandler: Expected to move at least one record from txn_components to completed_txn_components when committing txn! txnid:5
2024-04-24T06:27:25,817  INFO [main] txn.TxnHandler: Removed transactions: ([5]) from MIN_HISTORY_LEVEL
2024-04-24T06:27:25,817  WARN [main] txn.CompactionTxnHandler: No compaction queue record found for Compaction type transaction commit. txnId:5
2024-04-24T06:27:25,818  INFO [main] ql.TxnCommandsBaseForTests: Running the query: drop table if exists nonAcidNonBucket
2024-04-24T06:27:25,818  INFO [main] ql.Driver: Compiling command(queryId=alex_20240424062725_7bb4a15d-3618-44ea-900e-f15e0b00f2d7): drop table if exists nonAcidNonBucket
2024-04-24T06:27:25,822  INFO [main] txn.TxnHandler: Added entries to MIN_HISTORY_LEVEL for current txns: ([6]) with min_open_txn: 1
2024-04-24T06:27:25,823  INFO [main] lockmgr.DbTxnManager: Opened txnid:6
2024-04-24T06:27:25,824  INFO [main] HiveMetaStore.audit: ugi=alex	ip=unknown-ip-addr	cmd=get_table : tbl=hive.default.nonAcidNonBucket	
2024-04-24T06:27:25,828  INFO [main] ql.Driver: Semantic Analysis Completed (retrial = false)
2024-04-24T06:27:25,828  INFO [main] ql.Driver: Created Hive schema: Schema(fieldSchemas:null, properties:null)
2024-04-24T06:27:25,828  INFO [main] metadata.Hive: Dumping metastore api call timing information for : compilation phase
2024-04-24T06:27:25,828  INFO [main] metadata.Hive: Total time spent in each metastore function (ms): {openTxn_(String, TxnType)=4, flushCache_()=0, commitTxn_(CommitTxnRequest)=16, isCompatibleWith_(Configuration)=1, getValidTxns_(long)=1}
2024-04-24T06:27:25,828  INFO [main] ql.Driver: Completed compiling command(queryId=alex_20240424062725_7bb4a15d-3618-44ea-900e-f15e0b00f2d7); Time taken: 0.01 seconds
2024-04-24T06:27:25,829  INFO [main] lockmgr.DbTxnManager: Setting lock request transaction to txnid:6 for queryId=alex_20240424062725_7bb4a15d-3618-44ea-900e-f15e0b00f2d7
2024-04-24T06:27:25,829  INFO [main] ql.Driver: Operation DROPTABLE obtained 0 locks
2024-04-24T06:27:25,829  INFO [main] ql.Driver: Executing command(queryId=alex_20240424062725_7bb4a15d-3618-44ea-900e-f15e0b00f2d7): drop table if exists nonAcidNonBucket
2024-04-24T06:27:25,829  INFO [main] ql.Driver: Starting task [Stage-0:DDL] in serial mode
2024-04-24T06:27:25,830  INFO [main] HiveMetaStore.audit: ugi=alex	ip=unknown-ip-addr	cmd=get_table : tbl=hive.default.nonAcidNonBucket	
2024-04-24T06:27:25,834  INFO [main] metadata.Hive: Dumping metastore api call timing information for : execution phase
2024-04-24T06:27:25,834  INFO [main] metadata.Hive: Total time spent in each metastore function (ms): {isCompatibleWith_(Configuration)=0}
2024-04-24T06:27:25,834  INFO [main] ql.Driver: Completed executing command(queryId=alex_20240424062725_7bb4a15d-3618-44ea-900e-f15e0b00f2d7); Time taken: 0.005 seconds
2024-04-24T06:27:25,834  INFO [main] lockmgr.DbTxnManager: Stopped heartbeat for query: alex_20240424062725_7bb4a15d-3618-44ea-900e-f15e0b00f2d7
2024-04-24T06:27:25,842  INFO [main] txn.TxnHandler: Expected to move at least one record from txn_components to completed_txn_components when committing txn! txnid:6
2024-04-24T06:27:25,851  INFO [main] txn.TxnHandler: Removed transactions: ([6]) from MIN_HISTORY_LEVEL
2024-04-24T06:27:25,851  WARN [main] txn.CompactionTxnHandler: No compaction queue record found for Compaction type transaction commit. txnId:6
2024-04-24T06:27:25,852  INFO [main] ql.TxnCommandsBaseForTests: Running the query: create table acidTbl(a int, b int) clustered by (a) into 2 buckets stored as orc TBLPROPERTIES ('transactional'='true')
2024-04-24T06:27:25,852  INFO [main] ql.Driver: Compiling command(queryId=alex_20240424062725_f152eb65-b168-4b6b-9efc-0279d6b2d27b): create table acidTbl(a int, b int) clustered by (a) into 2 buckets stored as orc TBLPROPERTIES ('transactional'='true')
2024-04-24T06:27:25,921  INFO [main] txn.TxnHandler: Added entries to MIN_HISTORY_LEVEL for current txns: ([7]) with min_open_txn: 1
2024-04-24T06:27:25,921  INFO [main] lockmgr.DbTxnManager: Opened txnid:7
2024-04-24T06:27:25,922  INFO [main] parse.CalcitePlanner: Starting caching scope for: 
2024-04-24T06:27:25,925  INFO [main] parse.CalcitePlanner: Starting Semantic Analysis
2024-04-24T06:27:25,942  INFO [main] parse.CalcitePlanner: Creating table default.acidTbl position=13
2024-04-24T06:27:25,983  INFO [main] HiveMetaStore.audit: ugi=alex	ip=unknown-ip-addr	cmd=get_database: default	
2024-04-24T06:27:25,994  INFO [main] parse.CalcitePlanner: Ending caching scope for: 
2024-04-24T06:27:25,994  INFO [main] ql.Driver: Semantic Analysis Completed (retrial = false)
2024-04-24T06:27:25,994  INFO [main] ql.Driver: Created Hive schema: Schema(fieldSchemas:null, properties:null)
2024-04-24T06:27:25,994  INFO [main] metadata.Hive: Dumping metastore api call timing information for : compilation phase
2024-04-24T06:27:25,994  INFO [main] metadata.Hive: Total time spent in each metastore function (ms): {getDatabase_(String)=4, getValidWriteIds_(List, String)=12, isCompatibleWith_(Configuration)=1, getValidTxns_(long)=1, openTxn_(String, TxnType)=4, flushCache_()=0, commitTxn_(CommitTxnRequest)=17}
2024-04-24T06:27:25,995  INFO [main] ql.Driver: Completed compiling command(queryId=alex_20240424062725_f152eb65-b168-4b6b-9efc-0279d6b2d27b); Time taken: 0.142 seconds
2024-04-24T06:27:25,995  INFO [main] lockmgr.DbTxnManager: Setting lock request transaction to txnid:7 for queryId=alex_20240424062725_f152eb65-b168-4b6b-9efc-0279d6b2d27b
2024-04-24T06:27:26,002  INFO [main] lockmgr.DbLockManager: Requesting lock for queryId=alex_20240424062725_f152eb65-b168-4b6b-9efc-0279d6b2d27b
2024-04-24T06:27:26,049  INFO [main] lockmgr.DbLockManager: Response to queryId=alex_20240424062725_f152eb65-b168-4b6b-9efc-0279d6b2d27b LockResponse(lockid:1, state:ACQUIRED)
2024-04-24T06:27:26,049  INFO [main] ql.Driver: Operation CREATETABLE obtained 1 locks
2024-04-24T06:27:26,052  INFO [main] ql.Driver: Executing command(queryId=alex_20240424062725_f152eb65-b168-4b6b-9efc-0279d6b2d27b): create table acidTbl(a int, b int) clustered by (a) into 2 buckets stored as orc TBLPROPERTIES ('transactional'='true')
2024-04-24T06:27:26,052  INFO [main] ql.Driver: Starting task [Stage-0:DDL] in serial mode
2024-04-24T06:27:26,159  INFO [main] HiveMetaStore.audit: ugi=alex	ip=unknown-ip-addr	cmd=create_table_req: Table(tableName:acidTbl, dbName:default, owner:alex, createTime:1713965246, lastAccessTime:0, retention:0, sd:StorageDescriptor(cols:[FieldSchema(name:a, type:int, comment:null), FieldSchema(name:b, type:int, comment:null)], location:null, inputFormat:org.apache.hadoop.hive.ql.io.orc.OrcInputFormat, outputFormat:org.apache.hadoop.hive.ql.io.orc.OrcOutputFormat, compressed:false, numBuckets:2, serdeInfo:SerDeInfo(name:null, serializationLib:org.apache.hadoop.hive.ql.io.orc.OrcSerde, parameters:{serialization.format=1}), bucketCols:[a], sortCols:[], parameters:{}, skewedInfo:SkewedInfo(skewedColNames:[], skewedColValues:[], skewedColValueLocationMaps:{}), storedAsSubDirectories:false), partitionKeys:[], parameters:{numFilesErasureCoded=0, numFiles=0, bucketing_version=2, COLUMN_STATS_ACCURATE={"BASIC_STATS":"true","COLUMN_STATS":{"a":"true","b":"true"}}, rawDataSize=0, numRows=0, transactional=true, totalSize=0}, viewOriginalText:null, viewExpandedText:null, tableType:MANAGED_TABLE, privileges:PrincipalPrivilegeSet(userPrivileges:{alex=[PrivilegeGrantInfo(privilege:INSERT, createTime:-1, grantor:alex, grantorType:USER, grantOption:true), PrivilegeGrantInfo(privilege:SELECT, createTime:-1, grantor:alex, grantorType:USER, grantOption:true), PrivilegeGrantInfo(privilege:UPDATE, createTime:-1, grantor:alex, grantorType:USER, grantOption:true), PrivilegeGrantInfo(privilege:DELETE, createTime:-1, grantor:alex, grantorType:USER, grantOption:true)]}, groupPrivileges:null, rolePrivileges:null), temporary:false, catName:hive, ownerType:USER, writeId:0)	
2024-04-24T06:27:26,171  INFO [main] utils.FileUtils: Creating directory if it doesn't exist: file:/home/alex/Repositories/hive/ql/target/tmp/org.apache.hadoop.hive.ql.TestTxnCommands-1713965238357/warehouse/acidtbl
2024-04-24T06:27:26,276  INFO [main] metadata.Hive: Dumping metastore api call timing information for : execution phase
2024-04-24T06:27:26,276  INFO [main] metadata.Hive: Total time spent in each metastore function (ms): {isCompatibleWith_(Configuration)=0, createTable_(Table)=117}
2024-04-24T06:27:26,276  INFO [main] ql.Driver: Completed executing command(queryId=alex_20240424062725_f152eb65-b168-4b6b-9efc-0279d6b2d27b); Time taken: 0.224 seconds
2024-04-24T06:27:26,276  INFO [main] lockmgr.DbTxnManager: Stopped heartbeat for query: alex_20240424062725_f152eb65-b168-4b6b-9efc-0279d6b2d27b
2024-04-24T06:27:26,282  INFO [main] txn.TxnHandler: Expected to move at least one record from txn_components to completed_txn_components when committing txn! txnid:7
2024-04-24T06:27:26,291  INFO [main] txn.TxnHandler: Removed transactions: ([7]) from MIN_HISTORY_LEVEL
2024-04-24T06:27:26,292  WARN [main] txn.CompactionTxnHandler: No compaction queue record found for Compaction type transaction commit. txnId:7
2024-04-24T06:27:26,292  INFO [main] ql.TxnCommandsBaseForTests: Running the query: create table acidTblPart(a int, b int) partitioned by (p string) clustered by (a) into 2 buckets stored as orc TBLPROPERTIES ('transactional'='true')
2024-04-24T06:27:26,293  INFO [main] ql.Driver: Compiling command(queryId=alex_20240424062726_f95e5012-e3f3-4e66-a5a9-1ce307172d09): create table acidTblPart(a int, b int) partitioned by (p string) clustered by (a) into 2 buckets stored as orc TBLPROPERTIES ('transactional'='true')
2024-04-24T06:27:26,298  INFO [main] txn.TxnHandler: Added entries to MIN_HISTORY_LEVEL for current txns: ([8]) with min_open_txn: 1
2024-04-24T06:27:26,298  INFO [main] lockmgr.DbTxnManager: Opened txnid:8
2024-04-24T06:27:26,299  INFO [main] parse.CalcitePlanner: Starting caching scope for: 
2024-04-24T06:27:26,299  INFO [main] parse.CalcitePlanner: Starting Semantic Analysis
2024-04-24T06:27:26,303  INFO [main] parse.CalcitePlanner: Creating table default.acidTblPart position=13
2024-04-24T06:27:26,303  INFO [main] HiveMetaStore.audit: ugi=alex	ip=unknown-ip-addr	cmd=get_database: default	
2024-04-24T06:27:26,306  INFO [main] parse.CalcitePlanner: Ending caching scope for: 
2024-04-24T06:27:26,306  INFO [main] ql.Driver: Semantic Analysis Completed (retrial = false)
2024-04-24T06:27:26,306  INFO [main] ql.Driver: Created Hive schema: Schema(fieldSchemas:null, properties:null)
2024-04-24T06:27:26,306  INFO [main] metadata.Hive: Dumping metastore api call timing information for : compilation phase
2024-04-24T06:27:26,306  INFO [main] metadata.Hive: Total time spent in each metastore function (ms): {openTxn_(String, TxnType)=3, getDatabase_(String)=3, getValidWriteIds_(List, String)=3, commitTxn_(CommitTxnRequest)=15, flushCache_()=0, getValidTxns_(long)=1, isCompatibleWith_(Configuration)=1}
2024-04-24T06:27:26,307  INFO [main] ql.Driver: Completed compiling command(queryId=alex_20240424062726_f95e5012-e3f3-4e66-a5a9-1ce307172d09); Time taken: 0.013 seconds
2024-04-24T06:27:26,307  INFO [main] lockmgr.DbTxnManager: Setting lock request transaction to txnid:8 for queryId=alex_20240424062726_f95e5012-e3f3-4e66-a5a9-1ce307172d09
2024-04-24T06:27:26,308  INFO [main] lockmgr.DbLockManager: Requesting lock for queryId=alex_20240424062726_f95e5012-e3f3-4e66-a5a9-1ce307172d09
2024-04-24T06:27:26,340  INFO [main] lockmgr.DbLockManager: Response to queryId=alex_20240424062726_f95e5012-e3f3-4e66-a5a9-1ce307172d09 LockResponse(lockid:2, state:ACQUIRED)
2024-04-24T06:27:26,340  INFO [main] ql.Driver: Operation CREATETABLE obtained 1 locks
2024-04-24T06:27:26,341  INFO [main] ql.Driver: Executing command(queryId=alex_20240424062726_f95e5012-e3f3-4e66-a5a9-1ce307172d09): create table acidTblPart(a int, b int) partitioned by (p string) clustered by (a) into 2 buckets stored as orc TBLPROPERTIES ('transactional'='true')
2024-04-24T06:27:26,342  INFO [main] ql.Driver: Starting task [Stage-0:DDL] in serial mode
2024-04-24T06:27:26,343  INFO [main] HiveMetaStore.audit: ugi=alex	ip=unknown-ip-addr	cmd=create_table_req: Table(tableName:acidTblPart, dbName:default, owner:alex, createTime:1713965246, lastAccessTime:0, retention:0, sd:StorageDescriptor(cols:[FieldSchema(name:a, type:int, comment:null), FieldSchema(name:b, type:int, comment:null)], location:null, inputFormat:org.apache.hadoop.hive.ql.io.orc.OrcInputFormat, outputFormat:org.apache.hadoop.hive.ql.io.orc.OrcOutputFormat, compressed:false, numBuckets:2, serdeInfo:SerDeInfo(name:null, serializationLib:org.apache.hadoop.hive.ql.io.orc.OrcSerde, parameters:{serialization.format=1}), bucketCols:[a], sortCols:[], parameters:{}, skewedInfo:SkewedInfo(skewedColNames:[], skewedColValues:[], skewedColValueLocationMaps:{}), storedAsSubDirectories:false), partitionKeys:[FieldSchema(name:p, type:string, comment:null)], parameters:{transactional=true, bucketing_version=2}, viewOriginalText:null, viewExpandedText:null, tableType:MANAGED_TABLE, privileges:PrincipalPrivilegeSet(userPrivileges:{alex=[PrivilegeGrantInfo(privilege:INSERT, createTime:-1, grantor:alex, grantorType:USER, grantOption:true), PrivilegeGrantInfo(privilege:SELECT, createTime:-1, grantor:alex, grantorType:USER, grantOption:true), PrivilegeGrantInfo(privilege:UPDATE, createTime:-1, grantor:alex, grantorType:USER, grantOption:true), PrivilegeGrantInfo(privilege:DELETE, createTime:-1, grantor:alex, grantorType:USER, grantOption:true)]}, groupPrivileges:null, rolePrivileges:null), temporary:false, catName:hive, ownerType:USER, writeId:0)	
2024-04-24T06:27:26,355  INFO [main] utils.FileUtils: Creating directory if it doesn't exist: file:/home/alex/Repositories/hive/ql/target/tmp/org.apache.hadoop.hive.ql.TestTxnCommands-1713965238357/warehouse/acidtblpart
2024-04-24T06:27:26,388  INFO [main] metadata.Hive: Dumping metastore api call timing information for : execution phase
2024-04-24T06:27:26,388  INFO [main] metadata.Hive: Total time spent in each metastore function (ms): {createTable_(Table)=45, isCompatibleWith_(Configuration)=0}
2024-04-24T06:27:26,389  INFO [main] ql.Driver: Completed executing command(queryId=alex_20240424062726_f95e5012-e3f3-4e66-a5a9-1ce307172d09); Time taken: 0.047 seconds
2024-04-24T06:27:26,389  INFO [main] lockmgr.DbTxnManager: Stopped heartbeat for query: alex_20240424062726_f95e5012-e3f3-4e66-a5a9-1ce307172d09
2024-04-24T06:27:26,395  INFO [main] txn.TxnHandler: Expected to move at least one record from txn_components to completed_txn_components when committing txn! txnid:8
2024-04-24T06:27:26,405  INFO [main] txn.TxnHandler: Removed transactions: ([8]) from MIN_HISTORY_LEVEL
2024-04-24T06:27:26,408  WARN [main] txn.CompactionTxnHandler: No compaction queue record found for Compaction type transaction commit. txnId:8
2024-04-24T06:27:26,409  INFO [main] ql.TxnCommandsBaseForTests: Running the query: create table nonAcidOrcTbl(a int, b int) clustered by (a) into 2 buckets stored as orc TBLPROPERTIES ('transactional'='false')
2024-04-24T06:27:26,409  INFO [main] ql.Driver: Compiling command(queryId=alex_20240424062726_eea1bf3f-0cb9-48b9-9c8c-b2ba060bd0a2): create table nonAcidOrcTbl(a int, b int) clustered by (a) into 2 buckets stored as orc TBLPROPERTIES ('transactional'='false')
2024-04-24T06:27:26,415  INFO [main] txn.TxnHandler: Added entries to MIN_HISTORY_LEVEL for current txns: ([9]) with min_open_txn: 2
2024-04-24T06:27:26,415  INFO [main] lockmgr.DbTxnManager: Opened txnid:9
2024-04-24T06:27:26,416  INFO [main] parse.CalcitePlanner: Starting caching scope for: 
2024-04-24T06:27:26,417  INFO [main] parse.CalcitePlanner: Starting Semantic Analysis
2024-04-24T06:27:26,420  INFO [main] parse.CalcitePlanner: Creating table default.nonAcidOrcTbl position=13
2024-04-24T06:27:26,421  INFO [main] HiveMetaStore.audit: ugi=alex	ip=unknown-ip-addr	cmd=get_database: default	
2024-04-24T06:27:26,423  INFO [main] parse.CalcitePlanner: Ending caching scope for: 
2024-04-24T06:27:26,423  INFO [main] ql.Driver: Semantic Analysis Completed (retrial = false)
2024-04-24T06:27:26,423  INFO [main] ql.Driver: Created Hive schema: Schema(fieldSchemas:null, properties:null)
2024-04-24T06:27:26,423  INFO [main] metadata.Hive: Dumping metastore api call timing information for : compilation phase
2024-04-24T06:27:26,423  INFO [main] metadata.Hive: Total time spent in each metastore function (ms): {flushCache_()=0, openTxn_(String, TxnType)=4, getValidTxns_(long)=1, isCompatibleWith_(Configuration)=0, commitTxn_(CommitTxnRequest)=19, getDatabase_(String)=3, getValidWriteIds_(List, String)=3}
2024-04-24T06:27:26,424  INFO [main] ql.Driver: Completed compiling command(queryId=alex_20240424062726_eea1bf3f-0cb9-48b9-9c8c-b2ba060bd0a2); Time taken: 0.014 seconds
2024-04-24T06:27:26,424  INFO [main] lockmgr.DbTxnManager: Setting lock request transaction to txnid:9 for queryId=alex_20240424062726_eea1bf3f-0cb9-48b9-9c8c-b2ba060bd0a2
2024-04-24T06:27:26,424  INFO [main] lockmgr.DbLockManager: Requesting lock for queryId=alex_20240424062726_eea1bf3f-0cb9-48b9-9c8c-b2ba060bd0a2
2024-04-24T06:27:26,457  INFO [main] lockmgr.DbLockManager: Response to queryId=alex_20240424062726_eea1bf3f-0cb9-48b9-9c8c-b2ba060bd0a2 LockResponse(lockid:3, state:ACQUIRED)
2024-04-24T06:27:26,457  INFO [main] ql.Driver: Operation CREATETABLE obtained 1 locks
2024-04-24T06:27:26,458  INFO [main] ql.Driver: Executing command(queryId=alex_20240424062726_eea1bf3f-0cb9-48b9-9c8c-b2ba060bd0a2): create table nonAcidOrcTbl(a int, b int) clustered by (a) into 2 buckets stored as orc TBLPROPERTIES ('transactional'='false')
2024-04-24T06:27:26,458  INFO [main] ql.Driver: Starting task [Stage-0:DDL] in serial mode
2024-04-24T06:27:26,459  INFO [main] HiveMetaStore.audit: ugi=alex	ip=unknown-ip-addr	cmd=create_table_req: Table(tableName:nonAcidOrcTbl, dbName:default, owner:alex, createTime:1713965246, lastAccessTime:0, retention:0, sd:StorageDescriptor(cols:[FieldSchema(name:a, type:int, comment:null), FieldSchema(name:b, type:int, comment:null)], location:null, inputFormat:org.apache.hadoop.hive.ql.io.orc.OrcInputFormat, outputFormat:org.apache.hadoop.hive.ql.io.orc.OrcOutputFormat, compressed:false, numBuckets:2, serdeInfo:SerDeInfo(name:null, serializationLib:org.apache.hadoop.hive.ql.io.orc.OrcSerde, parameters:{serialization.format=1}), bucketCols:[a], sortCols:[], parameters:{}, skewedInfo:SkewedInfo(skewedColNames:[], skewedColValues:[], skewedColValueLocationMaps:{}), storedAsSubDirectories:false), partitionKeys:[], parameters:{bucketing_version=2, rawDataSize=0, numRows=0, totalSize=0, COLUMN_STATS_ACCURATE={"BASIC_STATS":"true","COLUMN_STATS":{"a":"true","b":"true"}}, transactional=false, numFiles=0, numFilesErasureCoded=0}, viewOriginalText:null, viewExpandedText:null, tableType:MANAGED_TABLE, privileges:PrincipalPrivilegeSet(userPrivileges:{alex=[PrivilegeGrantInfo(privilege:INSERT, createTime:-1, grantor:alex, grantorType:USER, grantOption:true), PrivilegeGrantInfo(privilege:SELECT, createTime:-1, grantor:alex, grantorType:USER, grantOption:true), PrivilegeGrantInfo(privilege:UPDATE, createTime:-1, grantor:alex, grantorType:USER, grantOption:true), PrivilegeGrantInfo(privilege:DELETE, createTime:-1, grantor:alex, grantorType:USER, grantOption:true)]}, groupPrivileges:null, rolePrivileges:null), temporary:false, catName:hive, ownerType:USER)	
2024-04-24T06:27:26,469  INFO [main] utils.FileUtils: Creating directory if it doesn't exist: file:/home/alex/Repositories/hive/ql/target/tmp/org.apache.hadoop.hive.ql.TestTxnCommands-1713965238357/warehouse/nonacidorctbl
2024-04-24T06:27:26,504  INFO [main] metadata.Hive: Dumping metastore api call timing information for : execution phase
2024-04-24T06:27:26,504  INFO [main] metadata.Hive: Total time spent in each metastore function (ms): {createTable_(Table)=44, isCompatibleWith_(Configuration)=0}
2024-04-24T06:27:26,504  INFO [main] ql.Driver: Completed executing command(queryId=alex_20240424062726_eea1bf3f-0cb9-48b9-9c8c-b2ba060bd0a2); Time taken: 0.046 seconds
2024-04-24T06:27:26,504  INFO [main] lockmgr.DbTxnManager: Stopped heartbeat for query: alex_20240424062726_eea1bf3f-0cb9-48b9-9c8c-b2ba060bd0a2
2024-04-24T06:27:26,511  INFO [main] txn.TxnHandler: Expected to move at least one record from txn_components to completed_txn_components when committing txn! txnid:9
2024-04-24T06:27:26,521  INFO [main] txn.TxnHandler: Removed transactions: ([9]) from MIN_HISTORY_LEVEL
2024-04-24T06:27:26,521  WARN [main] txn.CompactionTxnHandler: No compaction queue record found for Compaction type transaction commit. txnId:9
2024-04-24T06:27:26,522  INFO [main] ql.TxnCommandsBaseForTests: Running the query: create table nonAcidOrcTbl2(a int, b int) clustered by (a) into 2 buckets stored as orc TBLPROPERTIES ('transactional'='false')
2024-04-24T06:27:26,522  INFO [main] ql.Driver: Compiling command(queryId=alex_20240424062726_21ba7acf-720e-4ef4-b193-8366a24e9e00): create table nonAcidOrcTbl2(a int, b int) clustered by (a) into 2 buckets stored as orc TBLPROPERTIES ('transactional'='false')
2024-04-24T06:27:26,526  INFO [main] txn.TxnHandler: Added entries to MIN_HISTORY_LEVEL for current txns: ([10]) with min_open_txn: 2
2024-04-24T06:27:26,527  INFO [main] lockmgr.DbTxnManager: Opened txnid:10
2024-04-24T06:27:26,528  INFO [main] parse.CalcitePlanner: Starting caching scope for: 
2024-04-24T06:27:26,528  INFO [main] parse.CalcitePlanner: Starting Semantic Analysis
2024-04-24T06:27:26,531  INFO [main] parse.CalcitePlanner: Creating table default.nonAcidOrcTbl2 position=13
2024-04-24T06:27:26,532  INFO [main] HiveMetaStore.audit: ugi=alex	ip=unknown-ip-addr	cmd=get_database: default	
2024-04-24T06:27:26,534  INFO [main] parse.CalcitePlanner: Ending caching scope for: 
2024-04-24T06:27:26,534  INFO [main] ql.Driver: Semantic Analysis Completed (retrial = false)
2024-04-24T06:27:26,534  INFO [main] ql.Driver: Created Hive schema: Schema(fieldSchemas:null, properties:null)
2024-04-24T06:27:26,534  INFO [main] metadata.Hive: Dumping metastore api call timing information for : compilation phase
2024-04-24T06:27:26,534  INFO [main] metadata.Hive: Total time spent in each metastore function (ms): {commitTxn_(CommitTxnRequest)=17, getValidTxns_(long)=1, flushCache_()=0, openTxn_(String, TxnType)=3, isCompatibleWith_(Configuration)=0, getValidWriteIds_(List, String)=3, getDatabase_(String)=2}
2024-04-24T06:27:26,534  INFO [main] ql.Driver: Completed compiling command(queryId=alex_20240424062726_21ba7acf-720e-4ef4-b193-8366a24e9e00); Time taken: 0.012 seconds
2024-04-24T06:27:26,535  INFO [main] lockmgr.DbTxnManager: Setting lock request transaction to txnid:10 for queryId=alex_20240424062726_21ba7acf-720e-4ef4-b193-8366a24e9e00
2024-04-24T06:27:26,535  INFO [main] lockmgr.DbLockManager: Requesting lock for queryId=alex_20240424062726_21ba7acf-720e-4ef4-b193-8366a24e9e00
2024-04-24T06:27:26,563  INFO [main] lockmgr.DbLockManager: Response to queryId=alex_20240424062726_21ba7acf-720e-4ef4-b193-8366a24e9e00 LockResponse(lockid:4, state:ACQUIRED)
2024-04-24T06:27:26,563  INFO [main] ql.Driver: Operation CREATETABLE obtained 1 locks
2024-04-24T06:27:26,564  INFO [main] ql.Driver: Executing command(queryId=alex_20240424062726_21ba7acf-720e-4ef4-b193-8366a24e9e00): create table nonAcidOrcTbl2(a int, b int) clustered by (a) into 2 buckets stored as orc TBLPROPERTIES ('transactional'='false')
2024-04-24T06:27:26,564  INFO [main] ql.Driver: Starting task [Stage-0:DDL] in serial mode
2024-04-24T06:27:26,565  INFO [main] HiveMetaStore.audit: ugi=alex	ip=unknown-ip-addr	cmd=create_table_req: Table(tableName:nonAcidOrcTbl2, dbName:default, owner:alex, createTime:1713965246, lastAccessTime:0, retention:0, sd:StorageDescriptor(cols:[FieldSchema(name:a, type:int, comment:null), FieldSchema(name:b, type:int, comment:null)], location:null, inputFormat:org.apache.hadoop.hive.ql.io.orc.OrcInputFormat, outputFormat:org.apache.hadoop.hive.ql.io.orc.OrcOutputFormat, compressed:false, numBuckets:2, serdeInfo:SerDeInfo(name:null, serializationLib:org.apache.hadoop.hive.ql.io.orc.OrcSerde, parameters:{serialization.format=1}), bucketCols:[a], sortCols:[], parameters:{}, skewedInfo:SkewedInfo(skewedColNames:[], skewedColValues:[], skewedColValueLocationMaps:{}), storedAsSubDirectories:false), partitionKeys:[], parameters:{numFiles=0, numRows=0, rawDataSize=0, numFilesErasureCoded=0, transactional=false, COLUMN_STATS_ACCURATE={"BASIC_STATS":"true","COLUMN_STATS":{"a":"true","b":"true"}}, totalSize=0, bucketing_version=2}, viewOriginalText:null, viewExpandedText:null, tableType:MANAGED_TABLE, privileges:PrincipalPrivilegeSet(userPrivileges:{alex=[PrivilegeGrantInfo(privilege:INSERT, createTime:-1, grantor:alex, grantorType:USER, grantOption:true), PrivilegeGrantInfo(privilege:SELECT, createTime:-1, grantor:alex, grantorType:USER, grantOption:true), PrivilegeGrantInfo(privilege:UPDATE, createTime:-1, grantor:alex, grantorType:USER, grantOption:true), PrivilegeGrantInfo(privilege:DELETE, createTime:-1, grantor:alex, grantorType:USER, grantOption:true)]}, groupPrivileges:null, rolePrivileges:null), temporary:false, catName:hive, ownerType:USER)	
2024-04-24T06:27:26,572  INFO [main] utils.FileUtils: Creating directory if it doesn't exist: file:/home/alex/Repositories/hive/ql/target/tmp/org.apache.hadoop.hive.ql.TestTxnCommands-1713965238357/warehouse/nonacidorctbl2
2024-04-24T06:27:26,597  INFO [main] metadata.Hive: Dumping metastore api call timing information for : execution phase
2024-04-24T06:27:26,597  INFO [main] metadata.Hive: Total time spent in each metastore function (ms): {isCompatibleWith_(Configuration)=0, createTable_(Table)=32}
2024-04-24T06:27:26,598  INFO [main] ql.Driver: Completed executing command(queryId=alex_20240424062726_21ba7acf-720e-4ef4-b193-8366a24e9e00); Time taken: 0.033 seconds
2024-04-24T06:27:26,598  INFO [main] lockmgr.DbTxnManager: Stopped heartbeat for query: alex_20240424062726_21ba7acf-720e-4ef4-b193-8366a24e9e00
2024-04-24T06:27:26,603  INFO [main] txn.TxnHandler: Expected to move at least one record from txn_components to completed_txn_components when committing txn! txnid:10
2024-04-24T06:27:26,610  INFO [main] txn.TxnHandler: Removed transactions: ([10]) from MIN_HISTORY_LEVEL
2024-04-24T06:27:26,611  WARN [main] txn.CompactionTxnHandler: No compaction queue record found for Compaction type transaction commit. txnId:10
2024-04-24T06:27:26,611  INFO [main] ql.TxnCommandsBaseForTests: Running the query: create temporary  table acidTbl2(a int, b int, c int) clustered by (c) into 2 buckets stored as orc TBLPROPERTIES ('transactional'='true')
2024-04-24T06:27:26,612  INFO [main] ql.Driver: Compiling command(queryId=alex_20240424062726_5621d70e-f9d0-43b5-8493-328c656ccc54): create temporary  table acidTbl2(a int, b int, c int) clustered by (c) into 2 buckets stored as orc TBLPROPERTIES ('transactional'='true')
2024-04-24T06:27:26,616  INFO [main] txn.TxnHandler: Added entries to MIN_HISTORY_LEVEL for current txns: ([11]) with min_open_txn: 2
2024-04-24T06:27:26,616  INFO [main] lockmgr.DbTxnManager: Opened txnid:11
2024-04-24T06:27:26,618  INFO [main] parse.CalcitePlanner: Starting caching scope for: 
2024-04-24T06:27:26,618  INFO [main] parse.CalcitePlanner: Starting Semantic Analysis
2024-04-24T06:27:26,622  INFO [main] parse.CalcitePlanner: Creating table default.acidTbl2 position=24
2024-04-24T06:27:26,623  INFO [main] HiveMetaStore.audit: ugi=alex	ip=unknown-ip-addr	cmd=get_database: default	
2024-04-24T06:27:26,626  INFO [main] parse.CalcitePlanner: Ending caching scope for: 
2024-04-24T06:27:26,626  INFO [main] ql.Driver: Semantic Analysis Completed (retrial = false)
2024-04-24T06:27:26,626  INFO [main] ql.Driver: Created Hive schema: Schema(fieldSchemas:null, properties:null)
2024-04-24T06:27:26,626  INFO [main] metadata.Hive: Dumping metastore api call timing information for : compilation phase
2024-04-24T06:27:26,627  INFO [main] metadata.Hive: Total time spent in each metastore function (ms): {flushCache_()=0, isCompatibleWith_(Configuration)=0, commitTxn_(CommitTxnRequest)=13, getValidTxns_(long)=1, openTxn_(String, TxnType)=3, getValidWriteIds_(List, String)=4, getDatabase_(String)=3}
2024-04-24T06:27:26,627  INFO [main] ql.Driver: Completed compiling command(queryId=alex_20240424062726_5621d70e-f9d0-43b5-8493-328c656ccc54); Time taken: 0.014 seconds
2024-04-24T06:27:26,627  INFO [main] lockmgr.DbTxnManager: Setting lock request transaction to txnid:11 for queryId=alex_20240424062726_5621d70e-f9d0-43b5-8493-328c656ccc54
2024-04-24T06:27:26,628  INFO [main] lockmgr.DbLockManager: Requesting lock for queryId=alex_20240424062726_5621d70e-f9d0-43b5-8493-328c656ccc54
2024-04-24T06:27:26,654  INFO [main] lockmgr.DbLockManager: Response to queryId=alex_20240424062726_5621d70e-f9d0-43b5-8493-328c656ccc54 LockResponse(lockid:5, state:ACQUIRED)
2024-04-24T06:27:26,654  INFO [main] ql.Driver: Operation CREATETABLE obtained 1 locks
2024-04-24T06:27:26,655  INFO [main] ql.Driver: Executing command(queryId=alex_20240424062726_5621d70e-f9d0-43b5-8493-328c656ccc54): create temporary  table acidTbl2(a int, b int, c int) clustered by (c) into 2 buckets stored as orc TBLPROPERTIES ('transactional'='true')
2024-04-24T06:27:26,656  INFO [main] ql.Driver: Starting task [Stage-0:DDL] in serial mode
2024-04-24T06:27:26,658  INFO [main] utils.FileUtils: Creating directory if it doesn't exist: file:/home/alex/Repositories/hive/ql/target/tmp/scratchdir/alex/86f4ae22-2998-4641-b1c3-b989688cfb1e/_tmp_space.db/7a670ffc-9517-48de-9856-bc9e68bfadc7
2024-04-24T06:27:26,662  INFO [main] metadata.Hive: Dumping metastore api call timing information for : execution phase
2024-04-24T06:27:26,662  INFO [main] metadata.Hive: Total time spent in each metastore function (ms): {createTable_(Table)=4, isCompatibleWith_(Configuration)=0}
2024-04-24T06:27:26,662  INFO [main] ql.Driver: Completed executing command(queryId=alex_20240424062726_5621d70e-f9d0-43b5-8493-328c656ccc54); Time taken: 0.007 seconds
2024-04-24T06:27:26,662  INFO [main] lockmgr.DbTxnManager: Stopped heartbeat for query: alex_20240424062726_5621d70e-f9d0-43b5-8493-328c656ccc54
2024-04-24T06:27:26,668  INFO [main] txn.TxnHandler: Expected to move at least one record from txn_components to completed_txn_components when committing txn! txnid:11
2024-04-24T06:27:26,679  INFO [main] txn.TxnHandler: Removed transactions: ([11]) from MIN_HISTORY_LEVEL
2024-04-24T06:27:26,679  WARN [main] txn.CompactionTxnHandler: No compaction queue record found for Compaction type transaction commit. txnId:11
2024-04-24T06:27:26,681  INFO [main] ql.TxnCommandsBaseForTests: Running the query: create table nonAcidNonBucket(a int, b int) stored as orc TBLPROPERTIES ('transactional'='false')
2024-04-24T06:27:26,681  INFO [main] ql.Driver: Compiling command(queryId=alex_20240424062726_2522eac5-a4f5-4157-b18a-7b0dfdc324ac): create table nonAcidNonBucket(a int, b int) stored as orc TBLPROPERTIES ('transactional'='false')
2024-04-24T06:27:26,687  INFO [main] txn.TxnHandler: Added entries to MIN_HISTORY_LEVEL for current txns: ([12]) with min_open_txn: 3
2024-04-24T06:27:26,687  INFO [main] lockmgr.DbTxnManager: Opened txnid:12
2024-04-24T06:27:26,689  INFO [main] parse.CalcitePlanner: Starting caching scope for: 
2024-04-24T06:27:26,689  INFO [main] parse.CalcitePlanner: Starting Semantic Analysis
2024-04-24T06:27:26,693  INFO [main] parse.CalcitePlanner: Creating table default.nonAcidNonBucket position=13
2024-04-24T06:27:26,693  INFO [main] HiveMetaStore.audit: ugi=alex	ip=unknown-ip-addr	cmd=get_database: default	
2024-04-24T06:27:26,696  INFO [main] parse.CalcitePlanner: Ending caching scope for: 
2024-04-24T06:27:26,696  INFO [main] ql.Driver: Semantic Analysis Completed (retrial = false)
2024-04-24T06:27:26,697  INFO [main] ql.Driver: Created Hive schema: Schema(fieldSchemas:null, properties:null)
2024-04-24T06:27:26,697  INFO [main] metadata.Hive: Dumping metastore api call timing information for : compilation phase
2024-04-24T06:27:26,697  INFO [main] metadata.Hive: Total time spent in each metastore function (ms): {flushCache_()=0, commitTxn_(CommitTxnRequest)=18, getValidWriteIds_(List, String)=4, getDatabase_(String)=3, getValidTxns_(long)=1, isCompatibleWith_(Configuration)=0, openTxn_(String, TxnType)=4}
2024-04-24T06:27:26,697  INFO [main] ql.Driver: Completed compiling command(queryId=alex_20240424062726_2522eac5-a4f5-4157-b18a-7b0dfdc324ac); Time taken: 0.016 seconds
2024-04-24T06:27:26,698  INFO [main] lockmgr.DbTxnManager: Setting lock request transaction to txnid:12 for queryId=alex_20240424062726_2522eac5-a4f5-4157-b18a-7b0dfdc324ac
2024-04-24T06:27:26,698  INFO [main] lockmgr.DbLockManager: Requesting lock for queryId=alex_20240424062726_2522eac5-a4f5-4157-b18a-7b0dfdc324ac
2024-04-24T06:27:26,724  INFO [main] lockmgr.DbLockManager: Response to queryId=alex_20240424062726_2522eac5-a4f5-4157-b18a-7b0dfdc324ac LockResponse(lockid:6, state:ACQUIRED)
2024-04-24T06:27:26,724  INFO [main] ql.Driver: Operation CREATETABLE obtained 1 locks
2024-04-24T06:27:26,725  INFO [main] ql.Driver: Executing command(queryId=alex_20240424062726_2522eac5-a4f5-4157-b18a-7b0dfdc324ac): create table nonAcidNonBucket(a int, b int) stored as orc TBLPROPERTIES ('transactional'='false')
2024-04-24T06:27:26,725  INFO [main] ql.Driver: Starting task [Stage-0:DDL] in serial mode
2024-04-24T06:27:26,726  INFO [main] HiveMetaStore.audit: ugi=alex	ip=unknown-ip-addr	cmd=create_table_req: Table(tableName:nonAcidNonBucket, dbName:default, owner:alex, createTime:1713965246, lastAccessTime:0, retention:0, sd:StorageDescriptor(cols:[FieldSchema(name:a, type:int, comment:null), FieldSchema(name:b, type:int, comment:null)], location:null, inputFormat:org.apache.hadoop.hive.ql.io.orc.OrcInputFormat, outputFormat:org.apache.hadoop.hive.ql.io.orc.OrcOutputFormat, compressed:false, numBuckets:-1, serdeInfo:SerDeInfo(name:null, serializationLib:org.apache.hadoop.hive.ql.io.orc.OrcSerde, parameters:{serialization.format=1}), bucketCols:[], sortCols:[], parameters:{}, skewedInfo:SkewedInfo(skewedColNames:[], skewedColValues:[], skewedColValueLocationMaps:{}), storedAsSubDirectories:false), partitionKeys:[], parameters:{COLUMN_STATS_ACCURATE={"BASIC_STATS":"true","COLUMN_STATS":{"a":"true","b":"true"}}, bucketing_version=2, numRows=0, rawDataSize=0, numFiles=0, transactional=false, numFilesErasureCoded=0, totalSize=0}, viewOriginalText:null, viewExpandedText:null, tableType:MANAGED_TABLE, privileges:PrincipalPrivilegeSet(userPrivileges:{alex=[PrivilegeGrantInfo(privilege:INSERT, createTime:-1, grantor:alex, grantorType:USER, grantOption:true), PrivilegeGrantInfo(privilege:SELECT, createTime:-1, grantor:alex, grantorType:USER, grantOption:true), PrivilegeGrantInfo(privilege:UPDATE, createTime:-1, grantor:alex, grantorType:USER, grantOption:true), PrivilegeGrantInfo(privilege:DELETE, createTime:-1, grantor:alex, grantorType:USER, grantOption:true)]}, groupPrivileges:null, rolePrivileges:null), temporary:false, catName:hive, ownerType:USER)	
2024-04-24T06:27:26,734  INFO [main] utils.FileUtils: Creating directory if it doesn't exist: file:/home/alex/Repositories/hive/ql/target/tmp/org.apache.hadoop.hive.ql.TestTxnCommands-1713965238357/warehouse/nonacidnonbucket
2024-04-24T06:27:26,759  INFO [main] metadata.Hive: Dumping metastore api call timing information for : execution phase
2024-04-24T06:27:26,759  INFO [main] metadata.Hive: Total time spent in each metastore function (ms): {createTable_(Table)=32, isCompatibleWith_(Configuration)=0}
2024-04-24T06:27:26,759  INFO [main] ql.Driver: Completed executing command(queryId=alex_20240424062726_2522eac5-a4f5-4157-b18a-7b0dfdc324ac); Time taken: 0.035 seconds
2024-04-24T06:27:26,759  INFO [main] lockmgr.DbTxnManager: Stopped heartbeat for query: alex_20240424062726_2522eac5-a4f5-4157-b18a-7b0dfdc324ac
2024-04-24T06:27:26,764  INFO [main] txn.TxnHandler: Expected to move at least one record from txn_components to completed_txn_components when committing txn! txnid:12
2024-04-24T06:27:26,773  INFO [main] txn.TxnHandler: Removed transactions: ([12]) from MIN_HISTORY_LEVEL
2024-04-24T06:27:26,773  WARN [main] txn.CompactionTxnHandler: No compaction queue record found for Compaction type transaction commit. txnId:12
2024-04-24T06:27:26,774  INFO [main] metastore.HiveMetaStoreClientWithLocalCache: Initializing local cache in HiveMetaStoreClient...
2024-04-24T06:27:26,798  INFO [main] metastore.HiveMetaStoreClientWithLocalCache: Local cache initialized in HiveMetaStoreClient: com.github.benmanes.caffeine.cache.BoundedLocalCache$BoundedLocalManualCache@1686ed85
2024-04-24T06:27:26,804  INFO [main] ql.TxnCommandsBaseForTests: Running the query: insert into nonAcidOrcTbl  values(2,2),(4,44),(5,5),(11,11)
2024-04-24T06:27:26,805  INFO [main] ql.Driver: Compiling command(queryId=alex_20240424062726_c3baa785-505c-46d9-9156-4ffc8fc6100f): insert into nonAcidOrcTbl  values(2,2),(4,44),(5,5),(11,11)
2024-04-24T06:27:26,811  INFO [main] txn.TxnHandler: Added entries to MIN_HISTORY_LEVEL for current txns: ([13]) with min_open_txn: 6
2024-04-24T06:27:26,811  INFO [main] lockmgr.DbTxnManager: Opened txnid:13
2024-04-24T06:27:26,813  INFO [main] parse.CalcitePlanner: Starting caching scope for: 
2024-04-24T06:27:26,813  INFO [main] parse.CalcitePlanner: Starting Semantic Analysis
2024-04-24T06:27:27,352  WARN [main] exec.FunctionRegistry: UDF Class org.apache.datasketches.hive.cpc.UnionSketchUDF does not have description. Please annotate the class with the org.apache.hadoop.hive.ql.exec.Description annotation and provide the description of the function.
2024-04-24T06:27:27,357  WARN [main] exec.FunctionRegistry: UDF Class org.apache.datasketches.hive.hll.UnionSketchUDF does not have description. Please annotate the class with the org.apache.hadoop.hive.ql.exec.Description annotation and provide the description of the function.
2024-04-24T06:27:27,358  WARN [main] exec.FunctionRegistry: UDF Class org.apache.datasketches.hive.tuple.ArrayOfDoublesSketchToValuesUDTF does not have description. Please annotate the class with the org.apache.hadoop.hive.ql.exec.Description annotation and provide the description of the function.
2024-04-24T06:27:27,360  WARN [main] exec.FunctionRegistry: UDF Class org.apache.datasketches.hive.theta.EstimateSketchUDF does not have description. Please annotate the class with the org.apache.hadoop.hive.ql.exec.Description annotation and provide the description of the function.
2024-04-24T06:27:27,361  WARN [main] exec.FunctionRegistry: UDF Class org.apache.datasketches.hive.theta.ExcludeSketchUDF does not have description. Please annotate the class with the org.apache.hadoop.hive.ql.exec.Description annotation and provide the description of the function.
2024-04-24T06:27:27,361  WARN [main] exec.FunctionRegistry: UDF Class org.apache.datasketches.hive.theta.IntersectSketchUDF does not have description. Please annotate the class with the org.apache.hadoop.hive.ql.exec.Description annotation and provide the description of the function.
2024-04-24T06:27:27,361  WARN [main] exec.FunctionRegistry: UDF Class org.apache.datasketches.hive.theta.UnionSketchUDF does not have description. Please annotate the class with the org.apache.hadoop.hive.ql.exec.Description annotation and provide the description of the function.
2024-04-24T06:27:27,407  INFO [main] HiveMetaStore.audit: ugi=alex	ip=unknown-ip-addr	cmd=get_table : tbl=hive.default.nonAcidOrcTbl	
2024-04-24T06:27:27,485  INFO [main] metastore.HMSHandler: Skipping translation for processor with null
2024-04-24T06:27:27,486  INFO [main] parse.CalcitePlanner: Completed phase 1 of Semantic Analysis
2024-04-24T06:27:27,486  INFO [main] parse.CalcitePlanner: Get metadata for source tables
2024-04-24T06:27:27,486  INFO [main] parse.CalcitePlanner: Get metadata for subqueries
2024-04-24T06:27:27,486  INFO [main] parse.CalcitePlanner: Get metadata for destination tables
2024-04-24T06:27:27,490  INFO [main] HiveMetaStore.audit: ugi=alex	ip=unknown-ip-addr	cmd=get_table : tbl=hive.default.nonAcidOrcTbl	
2024-04-24T06:27:27,511  INFO [main] metastore.HMSHandler: Skipping translation for processor with null
2024-04-24T06:27:27,512  INFO [main] parse.CalcitePlanner: Completed getting MetaData in Semantic Analysis
2024-04-24T06:27:27,512  INFO [main] parse.CalcitePlanner: Disabling LLAP IO encode as ETL query is detected
2024-04-24T06:27:28,664  INFO [main] HiveMetaStore.audit: ugi=alex	ip=unknown-ip-addr	cmd=get_all_table_constraints : tbl=hive._dummy_database._dummy_table	
2024-04-24T06:27:29,335  INFO [main] parse.CalcitePlanner: Get metadata for source tables
2024-04-24T06:27:29,335  INFO [main] parse.CalcitePlanner: Get metadata for subqueries
2024-04-24T06:27:29,335  INFO [main] parse.CalcitePlanner: Get metadata for source tables
2024-04-24T06:27:29,336  INFO [main] HiveMetaStore.audit: ugi=alex	ip=unknown-ip-addr	cmd=get_table : tbl=hive._dummy_database._dummy_table	
2024-04-24T06:27:29,339  INFO [main] parse.CalcitePlanner: Get metadata for subqueries
2024-04-24T06:27:29,339  INFO [main] parse.CalcitePlanner: Get metadata for destination tables
2024-04-24T06:27:29,341  INFO [main] parse.CalcitePlanner: Get metadata for destination tables
2024-04-24T06:27:29,342  INFO [main] HiveMetaStore.audit: ugi=alex	ip=unknown-ip-addr	cmd=get_table : tbl=hive.default.nonAcidOrcTbl	
2024-04-24T06:27:29,357  INFO [main] metastore.HMSHandler: Skipping translation for processor with null
2024-04-24T06:27:29,390  INFO [main] common.FileUtils: Creating directory if it doesn't exist: file:/home/alex/Repositories/hive/ql/target/tmp/org.apache.hadoop.hive.ql.TestTxnCommands-1713965238357/warehouse/nonacidorctbl/.hive-staging_hive_2024-04-24_06-27-26_804_105992038129010235-1
2024-04-24T06:27:29,394  INFO [main] HiveMetaStore.audit: ugi=alex	ip=unknown-ip-addr	cmd=get_not_null_constraints : tbl=hive.default.nonacidorctbl	
2024-04-24T06:27:29,397  INFO [main] HiveMetaStore.audit: ugi=alex	ip=unknown-ip-addr	cmd=get_check_constraints : tbl=hive.default.nonacidorctbl	
2024-04-24T06:27:29,416  INFO [main] parse.CalcitePlanner: CBO Succeeded; optimized logical plan.
2024-04-24T06:27:29,469  INFO [main] optimizer.ColumnPrunerProcFactory: RS 4 oldColExprMap: {KEY.reducesinkkey0=Column[_col0], VALUE._col0=Column[_col1]}
2024-04-24T06:27:29,469  INFO [main] optimizer.ColumnPrunerProcFactory: RS 4 newColExprMap: {VALUE._col0=Column[_col1], KEY.reducesinkkey0=Column[_col0]}
2024-04-24T06:27:29,477  INFO [main] optimizer.BucketVersionPopulator: not considering bucketingVersion for: TS[0] because it has -1<2 buckets 
2024-04-24T06:27:29,489  INFO [main] optimizer.SortedDynPartitionOptimizer: Sorted dynamic partitioning optimization kicked in..
2024-04-24T06:27:29,527  INFO [main] HiveMetaStore.audit: ugi=alex	ip=unknown-ip-addr	cmd=get_table : tbl=hive.default.nonacidorctbl	
2024-04-24T06:27:29,541  INFO [main] metastore.HMSHandler: Skipping translation for processor with null
2024-04-24T06:27:29,550  INFO [main] parse.CalcitePlanner: Completed plan generation
2024-04-24T06:27:29,550  INFO [main] parse.CalcitePlanner: Ending caching scope for: 
2024-04-24T06:27:29,550  INFO [main] ql.Driver: Semantic Analysis Completed (retrial = false)
2024-04-24T06:27:29,550  INFO [main] ql.Driver: Created Hive schema: Schema(fieldSchemas:[FieldSchema(name:col1, type:int, comment:null), FieldSchema(name:col2, type:int, comment:null)], properties:null)
2024-04-24T06:27:29,550  INFO [main] metadata.Hive: Dumping metastore api call timing information for : compilation phase
2024-04-24T06:27:29,550  INFO [main] metadata.Hive: Total time spent in each metastore function (ms): {getCheckConstraints_(CheckConstraintsRequest)=3, getTable_(GetTableRequest)=133, getValidTxns_(long)=1, openTxn_(String, TxnType)=3, getValidWriteIds_(List, String)=6, flushCache_()=0, getAllTableConstraints_(AllTableConstraintsRequest)=66, getNotNullConstraints_(NotNullConstraintsRequest)=3, isCompatibleWith_(Configuration)=0, commitTxn_(CommitTxnRequest)=15}
2024-04-24T06:27:29,551  INFO [main] ql.Driver: Completed compiling command(queryId=alex_20240424062726_c3baa785-505c-46d9-9156-4ffc8fc6100f); Time taken: 2.746 seconds
2024-04-24T06:27:29,551  INFO [main] lockmgr.DbTxnManager: Setting lock request transaction to txnid:13 for queryId=alex_20240424062726_c3baa785-505c-46d9-9156-4ffc8fc6100f
2024-04-24T06:27:29,551  INFO [main] lockmgr.DbLockManager: Requesting lock for queryId=alex_20240424062726_c3baa785-505c-46d9-9156-4ffc8fc6100f
2024-04-24T06:27:29,583  INFO [main] lockmgr.DbLockManager: Response to queryId=alex_20240424062726_c3baa785-505c-46d9-9156-4ffc8fc6100f LockResponse(lockid:7, state:ACQUIRED)
2024-04-24T06:27:29,583  INFO [main] ql.Driver: Operation QUERY obtained 1 locks
2024-04-24T06:27:29,583  INFO [main] ql.Driver: Executing command(queryId=alex_20240424062726_c3baa785-505c-46d9-9156-4ffc8fc6100f): insert into nonAcidOrcTbl  values(2,2),(4,44),(5,5),(11,11)
2024-04-24T06:27:29,584  WARN [main] ql.Driver: Hive-on-MR is deprecated in Hive 2 and may not be available in the future versions. Consider using a different execution engine (i.e. tez, spark) or using Hive 1.X releases.
Query ID = alex_20240424062726_c3baa785-505c-46d9-9156-4ffc8fc6100f
2024-04-24T06:27:29,584  INFO [main] ql.Driver: Query ID = alex_20240424062726_c3baa785-505c-46d9-9156-4ffc8fc6100f
Total jobs = 1
2024-04-24T06:27:29,584  INFO [main] ql.Driver: Total jobs = 1
Launching Job 1 out of 1
2024-04-24T06:27:29,584  INFO [main] ql.Driver: Launching Job 1 out of 1
2024-04-24T06:27:29,740  INFO [main] ql.Driver: Starting task [Stage-1:MAPRED] in serial mode
Number of reduce tasks determined at compile time: 2
2024-04-24T06:27:29,740  INFO [main] exec.Task: Number of reduce tasks determined at compile time: 2
In order to change the average load for a reducer (in bytes):
2024-04-24T06:27:29,740  INFO [main] exec.Task: In order to change the average load for a reducer (in bytes):
  set hive.exec.reducers.bytes.per.reducer=<number>
2024-04-24T06:27:29,740  INFO [main] exec.Task:   set hive.exec.reducers.bytes.per.reducer=<number>
In order to limit the maximum number of reducers:
2024-04-24T06:27:29,740  INFO [main] exec.Task: In order to limit the maximum number of reducers:
  set hive.exec.reducers.max=<number>
2024-04-24T06:27:29,740  INFO [main] exec.Task:   set hive.exec.reducers.max=<number>
In order to set a constant number of reducers:
2024-04-24T06:27:29,741  INFO [main] exec.Task: In order to set a constant number of reducers:
  set mapreduce.job.reduces=<number>
2024-04-24T06:27:29,741  INFO [main] exec.Task:   set mapreduce.job.reduces=<number>
2024-04-24T06:27:29,748  INFO [main] mr.ExecDriver: Using org.apache.hadoop.hive.ql.io.HiveInputFormat
2024-04-24T06:27:29,752  INFO [main] exec.Utilities: Processing alias $hdt$_0:_dummy_table
2024-04-24T06:27:29,752  INFO [main] exec.Utilities: Adding 1 inputs; the first input is file:/home/alex/Repositories/hive/ql/target/tmp/localscratchdir/86f4ae22-2998-4641-b1c3-b989688cfb1e/hive_2024-04-24_06-27-26_804_105992038129010235-1/dummy_path
2024-04-24T06:27:29,824  INFO [main] exec.SerializationUtilities: Serializing MapWork using kryo
2024-04-24T06:27:29,846  INFO [main] exec.Utilities: Serialized plan (via FILE) - name: null size: 5,00KB
2024-04-24T06:27:29,853  INFO [main] exec.SerializationUtilities: Serializing ReduceWork using kryo
2024-04-24T06:27:29,860  INFO [main] exec.Utilities: Serialized plan (via FILE) - name: null size: 6,34KB
2024-04-24T06:27:29,963  INFO [main] beanutils.FluentPropertyBeanIntrospector: Error when creating PropertyDescriptor for public final void org.apache.commons.configuration2.AbstractConfiguration.setProperty(java.lang.String,java.lang.Object)! Ignoring this property.
2024-04-24T06:27:29,978  WARN [main] impl.MetricsConfig: Cannot locate configuration: tried hadoop-metrics2-jobtracker.properties,hadoop-metrics2.properties
2024-04-24T06:27:29,992  INFO [main] impl.MetricsSystemImpl: Scheduled Metric snapshot period at 10 second(s).
2024-04-24T06:27:29,992  INFO [main] impl.MetricsSystemImpl: JobTracker metrics system started
2024-04-24T06:27:30,004  INFO [main] fs.FSStatsPublisher: created : file:/home/alex/Repositories/hive/ql/target/tmp/localscratchdir/86f4ae22-2998-4641-b1c3-b989688cfb1e/hive_2024-04-24_06-27-26_804_105992038129010235-1/-mr-10001
2024-04-24T06:27:30,020  WARN [main] impl.MetricsSystemImpl: JobTracker metrics system already initialized!
2024-04-24T06:27:30,064  WARN [main] mapreduce.JobResourceUploader: Hadoop command-line option parsing not performed. Implement the Tool interface and execute your application with ToolRunner to remedy this.
2024-04-24T06:27:30,072  WARN [main] mapreduce.JobResourceUploader: No job jar file set.  User classes may not be found. See Job or Job#setJar(String).
2024-04-24T06:27:30,079  INFO [main] io.HiveInputFormat: hive.io.file.readcolumn.ids = 
2024-04-24T06:27:30,079  INFO [main] io.HiveInputFormat: hive.io.file.readcolumn.names = 
2024-04-24T06:27:30,079  INFO [main] io.HiveInputFormat: Generating splits for dirs: file:/home/alex/Repositories/hive/ql/target/tmp/localscratchdir/86f4ae22-2998-4641-b1c3-b989688cfb1e/hive_2024-04-24_06-27-26_804_105992038129010235-1/dummy_path
2024-04-24T06:27:30,079  INFO [main] io.NullRowsInputFormat$NullRowsRecordReader: Using null rows input format
2024-04-24T06:27:30,085  INFO [main] io.HiveInputFormat: number of splits 1
2024-04-24T06:27:30,116  INFO [main] mapreduce.JobSubmitter: number of splits:1
2024-04-24T06:27:30,183  INFO [main] mapreduce.JobSubmitter: Submitting tokens for job: job_local820920336_0001
2024-04-24T06:27:30,183  INFO [main] mapreduce.JobSubmitter: Executing with tokens: []
2024-04-24T06:27:30,326  INFO [main] mapreduce.Job: The url to track the job: http://localhost:8080/
Job running in-process (local Hadoop)
2024-04-24T06:27:30,328  INFO [main] exec.Task: Job running in-process (local Hadoop)
2024-04-24T06:27:30,328  INFO [Thread-74] mapred.LocalJobRunner: OutputCommitter set in config org.apache.hadoop.hive.ql.io.HiveFileFormatUtils$NullOutputCommitter
2024-04-24T06:27:30,329  INFO [Thread-74] mapred.LocalJobRunner: OutputCommitter is org.apache.hadoop.hive.ql.io.HiveFileFormatUtils$NullOutputCommitter
2024-04-24T06:27:30,339  INFO [Thread-74] mapred.LocalJobRunner: Waiting for map tasks
2024-04-24T06:27:30,342  INFO [LocalJobRunner Map Task Executor #0] mapred.LocalJobRunner: Starting task: attempt_local820920336_0001_m_000000_0
2024-04-24T06:27:30,375  INFO [LocalJobRunner Map Task Executor #0] mapred.Task:  Using ResourceCalculatorProcessTree : [ ]
2024-04-24T06:27:30,383  INFO [LocalJobRunner Map Task Executor #0] mapred.MapTask: Processing split: org.apache.hadoop.hive.ql.io.NullRowsInputFormat:file:/home/alex/Repositories/hive/ql/target/tmp/localscratchdir/86f4ae22-2998-4641-b1c3-b989688cfb1e/hive_2024-04-24_06-27-26_804_105992038129010235-1/dummy_path/null:0+1
2024-04-24T06:27:30,389  INFO [LocalJobRunner Map Task Executor #0] exec.SerializationUtilities: Deserializing MapWork using kryo
2024-04-24T06:27:30,410  INFO [LocalJobRunner Map Task Executor #0] exec.Utilities: Deserialized plan (via FILE) - name: null size: 5,00KB
2024-04-24T06:27:30,418  INFO [LocalJobRunner Map Task Executor #0] mapred.MapTask: numReduceTasks: 2
2024-04-24T06:27:30,431  INFO [LocalJobRunner Map Task Executor #0] mapred.MapTask: (EQUATOR) 0 kvi 26214396(104857584)
2024-04-24T06:27:30,431  INFO [LocalJobRunner Map Task Executor #0] mapred.MapTask: mapreduce.task.io.sort.mb: 100
2024-04-24T06:27:30,431  INFO [LocalJobRunner Map Task Executor #0] mapred.MapTask: soft limit at 83886080
2024-04-24T06:27:30,431  INFO [LocalJobRunner Map Task Executor #0] mapred.MapTask: bufstart = 0; bufvoid = 104857600
2024-04-24T06:27:30,431  INFO [LocalJobRunner Map Task Executor #0] mapred.MapTask: kvstart = 26214396; length = 6553600
2024-04-24T06:27:30,434  INFO [LocalJobRunner Map Task Executor #0] mapred.MapTask: Map output collector class = org.apache.hadoop.mapred.MapTask$MapOutputBuffer
2024-04-24T06:27:30,439  INFO [LocalJobRunner Map Task Executor #0] exec.MapOperator: Initializing Operator: MAP[0]
2024-04-24T06:27:30,440  INFO [LocalJobRunner Map Task Executor #0] mr.ExecMapper: 
<MAP>Id =0
  <Children>null
  <\Children>
  <Parent><\Parent>
<\MAP>
2024-04-24T06:27:30,442  INFO [LocalJobRunner Map Task Executor #0] exec.TableScanOperator: Initializing Operator: TS[0]
2024-04-24T06:27:30,442  INFO [LocalJobRunner Map Task Executor #0] exec.SelectOperator: Initializing Operator: SEL[1]
2024-04-24T06:27:30,445  INFO [LocalJobRunner Map Task Executor #0] exec.SelectOperator: SELECT null
2024-04-24T06:27:30,445  INFO [LocalJobRunner Map Task Executor #0] exec.UDTFOperator: Initializing Operator: UDTF[2]
2024-04-24T06:27:30,446  INFO [LocalJobRunner Map Task Executor #0] exec.SelectOperator: Initializing Operator: SEL[3]
2024-04-24T06:27:30,446  INFO [LocalJobRunner Map Task Executor #0] exec.SelectOperator: SELECT struct<col1:int,col2:int>
2024-04-24T06:27:30,446  INFO [LocalJobRunner Map Task Executor #0] exec.ReduceSinkOperator: Initializing Operator: RS[4]
2024-04-24T06:27:30,446  INFO [LocalJobRunner Map Task Executor #0] exec.ReduceSinkOperator: Using tag = -1
2024-04-24T06:27:30,468  INFO [LocalJobRunner Map Task Executor #0] exec.ReduceSinkOperator: keys are [reducesinkkey0] num distributions: 1
2024-04-24T06:27:30,469  INFO [LocalJobRunner Map Task Executor #0] exec.ReduceSinkOperator: RS[4]: records written - 1
2024-04-24T06:27:30,469  INFO [LocalJobRunner Map Task Executor #0] exec.MapOperator: MAP[0]: records read - 1
2024-04-24T06:27:30,470  INFO [LocalJobRunner Map Task Executor #0] exec.MapOperator: Closing Operator: MAP[0]
2024-04-24T06:27:30,470  INFO [LocalJobRunner Map Task Executor #0] exec.MapOperator: MAP[0]: Total records read - 3. abort - false
2024-04-24T06:27:30,470  INFO [LocalJobRunner Map Task Executor #0] exec.MapOperator: RECORDS_OUT_INTERMEDIATE:0, RECORDS_OUT_OPERATOR_MAP_0:0, DESERIALIZE_ERRORS:0, RECORDS_IN:3, 
2024-04-24T06:27:30,471  INFO [LocalJobRunner Map Task Executor #0] exec.TableScanOperator: Closing Operator: TS[0]
2024-04-24T06:27:30,471  INFO [LocalJobRunner Map Task Executor #0] exec.TableScanOperator: RECORDS_OUT_OPERATOR_TS_0:1, RECORDS_OUT_INTERMEDIATE:0, 
2024-04-24T06:27:30,471  INFO [LocalJobRunner Map Task Executor #0] exec.SelectOperator: Closing Operator: SEL[1]
2024-04-24T06:27:30,471  INFO [LocalJobRunner Map Task Executor #0] exec.SelectOperator: RECORDS_OUT_OPERATOR_SEL_1:1, RECORDS_OUT_INTERMEDIATE:0, 
2024-04-24T06:27:30,471  INFO [LocalJobRunner Map Task Executor #0] exec.UDTFOperator: Closing Operator: UDTF[2]
2024-04-24T06:27:30,471  INFO [LocalJobRunner Map Task Executor #0] exec.UDTFOperator: RECORDS_OUT_INTERMEDIATE:0, RECORDS_OUT_OPERATOR_UDTF_2:4, 
2024-04-24T06:27:30,471  INFO [LocalJobRunner Map Task Executor #0] exec.SelectOperator: Closing Operator: SEL[3]
2024-04-24T06:27:30,471  INFO [LocalJobRunner Map Task Executor #0] exec.SelectOperator: RECORDS_OUT_OPERATOR_SEL_3:4, RECORDS_OUT_INTERMEDIATE:0, 
2024-04-24T06:27:30,471  INFO [LocalJobRunner Map Task Executor #0] exec.ReduceSinkOperator: Closing Operator: RS[4]
2024-04-24T06:27:30,471  INFO [LocalJobRunner Map Task Executor #0] exec.ReduceSinkOperator: RS[4]: Total records written - 4. abort - false
2024-04-24T06:27:30,471  INFO [LocalJobRunner Map Task Executor #0] exec.ReduceSinkOperator: RECORDS_OUT_INTERMEDIATE:4, RECORDS_OUT_OPERATOR_RS_4:4, 
2024-04-24T06:27:30,477  INFO [LocalJobRunner Map Task Executor #0] mapred.LocalJobRunner: 
2024-04-24T06:27:30,477  INFO [LocalJobRunner Map Task Executor #0] mapred.MapTask: Starting flush of map output
2024-04-24T06:27:30,477  INFO [LocalJobRunner Map Task Executor #0] mapred.MapTask: Spilling map output
2024-04-24T06:27:30,477  INFO [LocalJobRunner Map Task Executor #0] mapred.MapTask: bufstart = 0; bufend = 64; bufvoid = 104857600
2024-04-24T06:27:30,477  INFO [LocalJobRunner Map Task Executor #0] mapred.MapTask: kvstart = 26214396(104857584); kvend = 26214384(104857536); length = 13/6553600
2024-04-24T06:27:30,495  INFO [LocalJobRunner Map Task Executor #0] mapred.MapTask: Finished spill 0
2024-04-24T06:27:30,508  INFO [LocalJobRunner Map Task Executor #0] mapred.Task: Task:attempt_local820920336_0001_m_000000_0 is done. And is in the process of committing
2024-04-24T06:27:30,509  INFO [LocalJobRunner Map Task Executor #0] mapred.LocalJobRunner: map
2024-04-24T06:27:30,509  INFO [LocalJobRunner Map Task Executor #0] mapred.Task: Task 'attempt_local820920336_0001_m_000000_0' done.
2024-04-24T06:27:30,511  INFO [LocalJobRunner Map Task Executor #0] mapred.Task: Final Counters for attempt_local820920336_0001_m_000000_0: Counters: 26
	File System Counters
		FILE: Number of bytes read=5455
		FILE: Number of bytes written=1174871
		FILE: Number of read operations=0
		FILE: Number of large read operations=0
		FILE: Number of write operations=0
	Map-Reduce Framework
		Map input records=4
		Map output records=4
		Map output bytes=64
		Map output materialized bytes=84
		Input split bytes=360
		Combine input records=0
		Spilled Records=4
		Failed Shuffles=0
		Merged Map outputs=0
		GC time elapsed (ms)=0
		Total committed heap usage (bytes)=907542528
	HIVE
		DESERIALIZE_ERRORS=0
		RECORDS_IN=3
		RECORDS_OUT_INTERMEDIATE=4
		RECORDS_OUT_OPERATOR_MAP_0=0
		RECORDS_OUT_OPERATOR_RS_4=4
		RECORDS_OUT_OPERATOR_SEL_1=1
		RECORDS_OUT_OPERATOR_SEL_3=4
		RECORDS_OUT_OPERATOR_TS_0=1
		RECORDS_OUT_OPERATOR_UDTF_2=4
	File Input Format Counters 
		Bytes Read=5051
2024-04-24T06:27:30,511  INFO [LocalJobRunner Map Task Executor #0] mapred.LocalJobRunner: Finishing task: attempt_local820920336_0001_m_000000_0
2024-04-24T06:27:30,512  INFO [Thread-74] mapred.LocalJobRunner: map task executor complete.
2024-04-24T06:27:30,517  INFO [Thread-74] mapred.LocalJobRunner: Waiting for reduce tasks
2024-04-24T06:27:30,517  INFO [pool-8-thread-1] mapred.LocalJobRunner: Starting task: attempt_local820920336_0001_r_000000_0
2024-04-24T06:27:30,524  INFO [pool-8-thread-1] mapred.Task:  Using ResourceCalculatorProcessTree : [ ]
2024-04-24T06:27:30,526  INFO [pool-8-thread-1] mapred.ReduceTask: Using ShuffleConsumerPlugin: org.apache.hadoop.mapreduce.task.reduce.Shuffle@7a320c85
2024-04-24T06:27:30,528  WARN [pool-8-thread-1] impl.MetricsSystemImpl: JobTracker metrics system already initialized!
2024-04-24T06:27:30,543  INFO [pool-8-thread-1] reduce.MergeManagerImpl: MergerManager: memoryLimit=1336252800, maxSingleShuffleLimit=334063200, mergeThreshold=881926912, ioSortFactor=10, memToMemMergeOutputsThreshold=10
2024-04-24T06:27:30,545  INFO [EventFetcher for fetching Map Completion Events] reduce.EventFetcher: attempt_local820920336_0001_r_000000_0 Thread started: EventFetcher for fetching Map Completion Events
2024-04-24T06:27:30,569  INFO [localfetcher#1] reduce.LocalFetcher: localfetcher#1 about to shuffle output of map attempt_local820920336_0001_m_000000_0 decomp: 20 len: 24 to MEMORY
2024-04-24T06:27:30,570  INFO [localfetcher#1] reduce.InMemoryMapOutput: Read 20 bytes from map-output for attempt_local820920336_0001_m_000000_0
2024-04-24T06:27:30,572  INFO [localfetcher#1] reduce.MergeManagerImpl: closeInMemoryFile -> map-output of size: 20, inMemoryMapOutputs.size() -> 1, commitMemory -> 0, usedMemory ->20
2024-04-24T06:27:30,573  INFO [EventFetcher for fetching Map Completion Events] reduce.EventFetcher: EventFetcher is interrupted.. Returning
2024-04-24T06:27:30,574  INFO [pool-8-thread-1] mapred.LocalJobRunner: 1 / 1 copied.
2024-04-24T06:27:30,574  INFO [pool-8-thread-1] reduce.MergeManagerImpl: finalMerge called with 1 in-memory map-outputs and 0 on-disk map-outputs
2024-04-24T06:27:30,585  INFO [pool-8-thread-1] mapred.Merger: Merging 1 sorted segments
2024-04-24T06:27:30,585  INFO [pool-8-thread-1] mapred.Merger: Down to the last merge-pass, with 1 segments left of total size: 8 bytes
2024-04-24T06:27:30,588  INFO [pool-8-thread-1] reduce.MergeManagerImpl: Merged 1 segments, 20 bytes to disk to satisfy reduce memory limit
2024-04-24T06:27:30,589  INFO [pool-8-thread-1] reduce.MergeManagerImpl: Merging 1 files, 24 bytes from disk
2024-04-24T06:27:30,589  INFO [pool-8-thread-1] reduce.MergeManagerImpl: Merging 0 segments, 0 bytes from memory into reduce
2024-04-24T06:27:30,589  INFO [pool-8-thread-1] mapred.Merger: Merging 1 sorted segments
2024-04-24T06:27:30,590  INFO [pool-8-thread-1] mapred.Merger: Down to the last merge-pass, with 1 segments left of total size: 8 bytes
2024-04-24T06:27:30,590  INFO [pool-8-thread-1] mapred.LocalJobRunner: 1 / 1 copied.
2024-04-24T06:27:30,592  INFO [pool-8-thread-1] exec.SerializationUtilities: Deserializing ReduceWork using kryo
2024-04-24T06:27:30,595  INFO [pool-8-thread-1] exec.Utilities: Deserialized plan (via FILE) - name: null size: 6,34KB
2024-04-24T06:27:30,597  INFO [pool-8-thread-1] ExecReducer: 
<SEL>Id =5
  <Children>
    <FS>Id =6
      <Children>
      <\Children>
      <Parent>Id = 5 null<\Parent>
    <\FS>
  <\Children>
  <Parent><\Parent>
<\SEL>
2024-04-24T06:27:30,597  INFO [pool-8-thread-1] exec.SelectOperator: Initializing Operator: SEL[5]
2024-04-24T06:27:30,597  INFO [pool-8-thread-1] exec.SelectOperator: SELECT struct<key:struct<reducesinkkey0:int>,value:struct<_col0:int>>
2024-04-24T06:27:30,598  INFO [pool-8-thread-1] exec.FileSinkOperator: Initializing Operator: FS[6]
2024-04-24T06:27:30,599  INFO [pool-8-thread-1] exec.FileSinkOperator: Using serializer : AbstractSerDe [log=org.apache.logging.slf4j.Log4jLogger@3c370966, configuration=Optional[Configuration: core-default.xml, core-site.xml, mapred-default.xml, mapred-site.xml, yarn-default.xml, yarn-site.xml, hdfs-default.xml, hdfs-site.xml, file:/home/alex/Repositories/hive/ql/target/tmp/TestTxnCommands/mapred/local/localRunner/alex/job_local820920336_0001/job_local820920336_0001.xml], properties={name=default.nonacidorctbl, columns.types=int:int, bucket_field_name=a, serialization.format=1, columns=a,b, numFilesErasureCoded=0, columns.comments=&amp#0;, bucketing_version=2, bucket_count=2, serialization.lib=org.apache.hadoop.hive.ql.io.orc.OrcSerde, file.inputformat=org.apache.hadoop.hive.ql.io.orc.OrcInputFormat, file.outputformat=org.apache.hadoop.hive.ql.io.orc.OrcOutputFormat, location=file:/home/alex/Repositories/hive/ql/target/tmp/org.apache.hadoop.hive.ql.TestTxnCommands-1713965238357/warehouse/nonacidorctbl, column.name.delimiter=,}, tableProperties={name=default.nonacidorctbl, columns.types=int:int, bucket_field_name=a, serialization.format=1, columns=a,b, numFilesErasureCoded=0, columns.comments=&amp#0;, bucketing_version=2, bucket_count=2, serialization.lib=org.apache.hadoop.hive.ql.io.orc.OrcSerde, file.inputformat=org.apache.hadoop.hive.ql.io.orc.OrcInputFormat, location=file:/home/alex/Repositories/hive/ql/target/tmp/org.apache.hadoop.hive.ql.TestTxnCommands-1713965238357/warehouse/nonacidorctbl, file.outputformat=org.apache.hadoop.hive.ql.io.orc.OrcOutputFormat, column.name.delimiter=,}, partitionProperties=Optional.empty, columnNames=[a, b], columnTypes=[int, int], getClass()=class org.apache.hadoop.hive.ql.io.orc.OrcSerde] and formatter : org.apache.hadoop.hive.ql.io.orc.OrcOutputFormat@23c5d811
2024-04-24T06:27:30,603  INFO [pool-8-thread-1] exec.FileSinkOperator: Final Path: FS file:/home/alex/Repositories/hive/ql/target/tmp/org.apache.hadoop.hive.ql.TestTxnCommands-1713965238357/warehouse/nonacidorctbl/.hive-staging_hive_2024-04-24_06-27-26_804_105992038129010235-1/_tmp.-ext-10000/000000_0
2024-04-24T06:27:30,603  INFO [pool-8-thread-1] exec.FileSinkOperator: Writing to temp file: FS file:/home/alex/Repositories/hive/ql/target/tmp/org.apache.hadoop.hive.ql.TestTxnCommands-1713965238357/warehouse/nonacidorctbl/.hive-staging_hive_2024-04-24_06-27-26_804_105992038129010235-1/_task_tmp.-ext-10000/_tmp.000000_0
2024-04-24T06:27:30,603  INFO [pool-8-thread-1] exec.FileSinkOperator: New Final Path: FS file:/home/alex/Repositories/hive/ql/target/tmp/org.apache.hadoop.hive.ql.TestTxnCommands-1713965238357/warehouse/nonacidorctbl/.hive-staging_hive_2024-04-24_06-27-26_804_105992038129010235-1/_tmp.-ext-10000/000000_0
2024-04-24T06:27:30,616  INFO [pool-8-thread-1] exec.FileSinkOperator: FS[6]: records written - 1
2024-04-24T06:27:30,630  INFO [pool-8-thread-1] impl.HadoopShimsPre2_7: Can't get KeyProvider for ORC encryption from hadoop.security.key.provider.path.
2024-04-24T06:27:30,635  INFO [pool-8-thread-1] impl.PhysicalFsWriter: ORC writer created for path: file:/home/alex/Repositories/hive/ql/target/tmp/org.apache.hadoop.hive.ql.TestTxnCommands-1713965238357/warehouse/nonacidorctbl/.hive-staging_hive_2024-04-24_06-27-26_804_105992038129010235-1/_task_tmp.-ext-10000/_tmp.000000_0 with stripeSize: 67108864 blockSize: 268435456 compression: Compress: ZLIB buffer: 262144
2024-04-24T06:27:30,682  INFO [pool-8-thread-1] impl.WriterImpl: ORC writer created for path: file:/home/alex/Repositories/hive/ql/target/tmp/org.apache.hadoop.hive.ql.TestTxnCommands-1713965238357/warehouse/nonacidorctbl/.hive-staging_hive_2024-04-24_06-27-26_804_105992038129010235-1/_task_tmp.-ext-10000/_tmp.000000_0 with stripeSize: 67108864 options: Compress: ZLIB buffer: 262144
2024-04-24T06:27:30,689  INFO [pool-8-thread-1] exec.SelectOperator: Closing Operator: SEL[5]
2024-04-24T06:27:30,689  INFO [pool-8-thread-1] exec.SelectOperator: RECORDS_OUT_INTERMEDIATE:0, RECORDS_OUT_OPERATOR_SEL_5:1, 
2024-04-24T06:27:30,689  INFO [pool-8-thread-1] exec.FileSinkOperator: Closing Operator: FS[6]
2024-04-24T06:27:30,689  INFO [pool-8-thread-1] exec.FileSinkOperator: FS[6]: records written - 1
2024-04-24T06:27:30,732  INFO [pool-8-thread-1] exec.FileSinkOperator: RECORDS_OUT_1_default.nonacidorctbl:1, TOTAL_TABLE_ROWS_WRITTEN:1, RECORDS_OUT_OPERATOR_FS_6:1, RECORDS_OUT_INTERMEDIATE:0, 
2024-04-24T06:27:30,733  INFO [pool-8-thread-1] mapred.Task: Task:attempt_local820920336_0001_r_000000_0 is done. And is in the process of committing
2024-04-24T06:27:30,734  INFO [pool-8-thread-1] mapred.LocalJobRunner: reduce > reduce
2024-04-24T06:27:30,734  INFO [pool-8-thread-1] mapred.Task: Task 'attempt_local820920336_0001_r_000000_0' done.
2024-04-24T06:27:30,734  INFO [pool-8-thread-1] mapred.Task: Final Counters for attempt_local820920336_0001_r_000000_0: Counters: 30
	File System Counters
		FILE: Number of bytes read=12026
		FILE: Number of bytes written=1175237
		FILE: Number of read operations=0
		FILE: Number of large read operations=0
		FILE: Number of write operations=0
	Map-Reduce Framework
		Combine input records=0
		Combine output records=0
		Reduce input groups=1
		Reduce shuffle bytes=24
		Reduce input records=1
		Reduce output records=0
		Spilled Records=1
		Shuffled Maps =1
		Failed Shuffles=0
		Merged Map outputs=1
		GC time elapsed (ms)=0
		Total committed heap usage (bytes)=907542528
	HIVE
		CREATED_FILES=1
		RECORDS_OUT_1_default.nonacidorctbl=1
		RECORDS_OUT_INTERMEDIATE=0
		RECORDS_OUT_OPERATOR_FS_6=1
		RECORDS_OUT_OPERATOR_SEL_5=1
		TOTAL_TABLE_ROWS_WRITTEN=1
	Shuffle Errors
		BAD_ID=0
		CONNECTION=0
		IO_ERROR=0
		WRONG_LENGTH=0
		WRONG_MAP=0
		WRONG_REDUCE=0
	File Output Format Counters 
		Bytes Written=0
2024-04-24T06:27:30,734  INFO [pool-8-thread-1] mapred.LocalJobRunner: Finishing task: attempt_local820920336_0001_r_000000_0
2024-04-24T06:27:30,734  INFO [pool-8-thread-1] mapred.LocalJobRunner: Starting task: attempt_local820920336_0001_r_000001_0
2024-04-24T06:27:30,735  INFO [pool-8-thread-1] mapred.Task:  Using ResourceCalculatorProcessTree : [ ]
2024-04-24T06:27:30,736  INFO [pool-8-thread-1] mapred.ReduceTask: Using ShuffleConsumerPlugin: org.apache.hadoop.mapreduce.task.reduce.Shuffle@3e4afef2
2024-04-24T06:27:30,736  WARN [pool-8-thread-1] impl.MetricsSystemImpl: JobTracker metrics system already initialized!
2024-04-24T06:27:30,737  INFO [pool-8-thread-1] reduce.MergeManagerImpl: MergerManager: memoryLimit=1336252800, maxSingleShuffleLimit=334063200, mergeThreshold=881926912, ioSortFactor=10, memToMemMergeOutputsThreshold=10
2024-04-24T06:27:30,750  INFO [EventFetcher for fetching Map Completion Events] reduce.EventFetcher: attempt_local820920336_0001_r_000001_0 Thread started: EventFetcher for fetching Map Completion Events
2024-04-24T06:27:30,755  INFO [localfetcher#2] reduce.LocalFetcher: localfetcher#2 about to shuffle output of map attempt_local820920336_0001_m_000000_0 decomp: 56 len: 60 to MEMORY
2024-04-24T06:27:30,755  INFO [localfetcher#2] reduce.InMemoryMapOutput: Read 56 bytes from map-output for attempt_local820920336_0001_m_000000_0
2024-04-24T06:27:30,756  INFO [localfetcher#2] reduce.MergeManagerImpl: closeInMemoryFile -> map-output of size: 56, inMemoryMapOutputs.size() -> 1, commitMemory -> 0, usedMemory ->56
2024-04-24T06:27:30,756  INFO [EventFetcher for fetching Map Completion Events] reduce.EventFetcher: EventFetcher is interrupted.. Returning
2024-04-24T06:27:30,757  INFO [pool-8-thread-1] mapred.LocalJobRunner: 1 / 1 copied.
2024-04-24T06:27:30,757  INFO [pool-8-thread-1] reduce.MergeManagerImpl: finalMerge called with 1 in-memory map-outputs and 0 on-disk map-outputs
2024-04-24T06:27:30,764  INFO [pool-8-thread-1] mapred.Merger: Merging 1 sorted segments
2024-04-24T06:27:30,765  INFO [pool-8-thread-1] mapred.Merger: Down to the last merge-pass, with 1 segments left of total size: 44 bytes
2024-04-24T06:27:30,767  INFO [pool-8-thread-1] reduce.MergeManagerImpl: Merged 1 segments, 56 bytes to disk to satisfy reduce memory limit
2024-04-24T06:27:30,767  INFO [pool-8-thread-1] reduce.MergeManagerImpl: Merging 1 files, 60 bytes from disk
2024-04-24T06:27:30,767  INFO [pool-8-thread-1] reduce.MergeManagerImpl: Merging 0 segments, 0 bytes from memory into reduce
2024-04-24T06:27:30,767  INFO [pool-8-thread-1] mapred.Merger: Merging 1 sorted segments
2024-04-24T06:27:30,768  INFO [pool-8-thread-1] mapred.Merger: Down to the last merge-pass, with 1 segments left of total size: 44 bytes
2024-04-24T06:27:30,768  INFO [pool-8-thread-1] mapred.LocalJobRunner: 1 / 1 copied.
2024-04-24T06:27:30,769  INFO [pool-8-thread-1] exec.SerializationUtilities: Deserializing ReduceWork using kryo
2024-04-24T06:27:30,771  INFO [pool-8-thread-1] exec.Utilities: Deserialized plan (via FILE) - name: null size: 6,34KB
2024-04-24T06:27:30,773  INFO [pool-8-thread-1] ExecReducer: 
<SEL>Id =5
  <Children>
    <FS>Id =6
      <Children>
      <\Children>
      <Parent>Id = 5 null<\Parent>
    <\FS>
  <\Children>
  <Parent><\Parent>
<\SEL>
2024-04-24T06:27:30,773  INFO [pool-8-thread-1] exec.SelectOperator: Initializing Operator: SEL[5]
2024-04-24T06:27:30,773  INFO [pool-8-thread-1] exec.SelectOperator: SELECT struct<key:struct<reducesinkkey0:int>,value:struct<_col0:int>>
2024-04-24T06:27:30,773  INFO [pool-8-thread-1] exec.FileSinkOperator: Initializing Operator: FS[6]
2024-04-24T06:27:30,774  INFO [pool-8-thread-1] exec.FileSinkOperator: Using serializer : AbstractSerDe [log=org.apache.logging.slf4j.Log4jLogger@3c370966, configuration=Optional[Configuration: core-default.xml, core-site.xml, mapred-default.xml, mapred-site.xml, yarn-default.xml, yarn-site.xml, hdfs-default.xml, hdfs-site.xml, file:/home/alex/Repositories/hive/ql/target/tmp/TestTxnCommands/mapred/local/localRunner/alex/job_local820920336_0001/job_local820920336_0001.xml], properties={name=default.nonacidorctbl, columns.types=int:int, bucket_field_name=a, serialization.format=1, columns=a,b, numFilesErasureCoded=0, columns.comments=&amp#0;, bucketing_version=2, bucket_count=2, serialization.lib=org.apache.hadoop.hive.ql.io.orc.OrcSerde, file.inputformat=org.apache.hadoop.hive.ql.io.orc.OrcInputFormat, file.outputformat=org.apache.hadoop.hive.ql.io.orc.OrcOutputFormat, location=file:/home/alex/Repositories/hive/ql/target/tmp/org.apache.hadoop.hive.ql.TestTxnCommands-1713965238357/warehouse/nonacidorctbl, column.name.delimiter=,}, tableProperties={name=default.nonacidorctbl, columns.types=int:int, bucket_field_name=a, serialization.format=1, columns=a,b, numFilesErasureCoded=0, columns.comments=&amp#0;, bucketing_version=2, bucket_count=2, serialization.lib=org.apache.hadoop.hive.ql.io.orc.OrcSerde, file.inputformat=org.apache.hadoop.hive.ql.io.orc.OrcInputFormat, location=file:/home/alex/Repositories/hive/ql/target/tmp/org.apache.hadoop.hive.ql.TestTxnCommands-1713965238357/warehouse/nonacidorctbl, file.outputformat=org.apache.hadoop.hive.ql.io.orc.OrcOutputFormat, column.name.delimiter=,}, partitionProperties=Optional.empty, columnNames=[a, b], columnTypes=[int, int], getClass()=class org.apache.hadoop.hive.ql.io.orc.OrcSerde] and formatter : org.apache.hadoop.hive.ql.io.orc.OrcOutputFormat@575dcebe
2024-04-24T06:27:30,775  INFO [pool-8-thread-1] exec.FileSinkOperator: Final Path: FS file:/home/alex/Repositories/hive/ql/target/tmp/org.apache.hadoop.hive.ql.TestTxnCommands-1713965238357/warehouse/nonacidorctbl/.hive-staging_hive_2024-04-24_06-27-26_804_105992038129010235-1/_tmp.-ext-10000/000001_0
2024-04-24T06:27:30,775  INFO [pool-8-thread-1] exec.FileSinkOperator: Writing to temp file: FS file:/home/alex/Repositories/hive/ql/target/tmp/org.apache.hadoop.hive.ql.TestTxnCommands-1713965238357/warehouse/nonacidorctbl/.hive-staging_hive_2024-04-24_06-27-26_804_105992038129010235-1/_task_tmp.-ext-10000/_tmp.000001_0
2024-04-24T06:27:30,775  INFO [pool-8-thread-1] exec.FileSinkOperator: New Final Path: FS file:/home/alex/Repositories/hive/ql/target/tmp/org.apache.hadoop.hive.ql.TestTxnCommands-1713965238357/warehouse/nonacidorctbl/.hive-staging_hive_2024-04-24_06-27-26_804_105992038129010235-1/_tmp.-ext-10000/000001_0
2024-04-24T06:27:30,775  INFO [pool-8-thread-1] exec.FileSinkOperator: FS[6]: records written - 1
2024-04-24T06:27:30,776  INFO [pool-8-thread-1] impl.PhysicalFsWriter: ORC writer created for path: file:/home/alex/Repositories/hive/ql/target/tmp/org.apache.hadoop.hive.ql.TestTxnCommands-1713965238357/warehouse/nonacidorctbl/.hive-staging_hive_2024-04-24_06-27-26_804_105992038129010235-1/_task_tmp.-ext-10000/_tmp.000001_0 with stripeSize: 67108864 blockSize: 268435456 compression: Compress: ZLIB buffer: 262144
2024-04-24T06:27:30,781  INFO [pool-8-thread-1] impl.WriterImpl: ORC writer created for path: file:/home/alex/Repositories/hive/ql/target/tmp/org.apache.hadoop.hive.ql.TestTxnCommands-1713965238357/warehouse/nonacidorctbl/.hive-staging_hive_2024-04-24_06-27-26_804_105992038129010235-1/_task_tmp.-ext-10000/_tmp.000001_0 with stripeSize: 67108864 options: Compress: ZLIB buffer: 262144
2024-04-24T06:27:30,781  INFO [pool-8-thread-1] exec.SelectOperator: Closing Operator: SEL[5]
2024-04-24T06:27:30,781  INFO [pool-8-thread-1] exec.SelectOperator: RECORDS_OUT_INTERMEDIATE:0, RECORDS_OUT_OPERATOR_SEL_5:3, 
2024-04-24T06:27:30,781  INFO [pool-8-thread-1] exec.FileSinkOperator: Closing Operator: FS[6]
2024-04-24T06:27:30,781  INFO [pool-8-thread-1] exec.FileSinkOperator: FS[6]: records written - 3
2024-04-24T06:27:30,789  INFO [pool-8-thread-1] exec.FileSinkOperator: RECORDS_OUT_OPERATOR_FS_6:3, RECORDS_OUT_1_default.nonacidorctbl:3, TOTAL_TABLE_ROWS_WRITTEN:3, RECORDS_OUT_INTERMEDIATE:0, 
2024-04-24T06:27:30,789  INFO [pool-8-thread-1] mapred.Task: Task:attempt_local820920336_0001_r_000001_0 is done. And is in the process of committing
2024-04-24T06:27:30,790  INFO [pool-8-thread-1] mapred.LocalJobRunner: reduce > reduce
2024-04-24T06:27:30,790  INFO [pool-8-thread-1] mapred.Task: Task 'attempt_local820920336_0001_r_000001_0' done.
2024-04-24T06:27:30,790  INFO [pool-8-thread-1] mapred.Task: Final Counters for attempt_local820920336_0001_r_000001_0: Counters: 30
	File System Counters
		FILE: Number of bytes read=18609
		FILE: Number of bytes written=1175656
		FILE: Number of read operations=0
		FILE: Number of large read operations=0
		FILE: Number of write operations=0
	Map-Reduce Framework
		Combine input records=0
		Combine output records=0
		Reduce input groups=3
		Reduce shuffle bytes=60
		Reduce input records=3
		Reduce output records=0
		Spilled Records=3
		Shuffled Maps =1
		Failed Shuffles=0
		Merged Map outputs=1
		GC time elapsed (ms)=11
		Total committed heap usage (bytes)=909639680
	HIVE
		CREATED_FILES=1
		RECORDS_OUT_1_default.nonacidorctbl=3
		RECORDS_OUT_INTERMEDIATE=0
		RECORDS_OUT_OPERATOR_FS_6=3
		RECORDS_OUT_OPERATOR_SEL_5=3
		TOTAL_TABLE_ROWS_WRITTEN=3
	Shuffle Errors
		BAD_ID=0
		CONNECTION=0
		IO_ERROR=0
		WRONG_LENGTH=0
		WRONG_MAP=0
		WRONG_REDUCE=0
	File Output Format Counters 
		Bytes Written=0
2024-04-24T06:27:30,790  INFO [pool-8-thread-1] mapred.LocalJobRunner: Finishing task: attempt_local820920336_0001_r_000001_0
2024-04-24T06:27:30,790  INFO [Thread-74] mapred.LocalJobRunner: reduce task executor complete.
2024-04-24 06:27:31,346 Stage-1 map = 100%,  reduce = 100%
2024-04-24T06:27:31,346  INFO [main] exec.Task: 2024-04-24 06:27:31,346 Stage-1 map = 100%,  reduce = 100%
Ended Job = job_local820920336_0001
2024-04-24T06:27:31,350  INFO [main] exec.Task: Ended Job = job_local820920336_0001
2024-04-24T06:27:31,382  INFO [main] ql.Driver: Starting task [Stage-0:MOVE] in serial mode
Loading data to table default.nonacidorctbl
2024-04-24T06:27:31,383  INFO [main] exec.Task: Loading data to table default.nonacidorctbl from file:/home/alex/Repositories/hive/ql/target/tmp/org.apache.hadoop.hive.ql.TestTxnCommands-1713965238357/warehouse/nonacidorctbl/.hive-staging_hive_2024-04-24_06-27-26_804_105992038129010235-1/-ext-10000
2024-04-24T06:27:31,383  INFO [main] HiveMetaStore.audit: ugi=alex	ip=unknown-ip-addr	cmd=get_table : tbl=hive.default.nonacidorctbl	
2024-04-24T06:27:31,398  INFO [main] metastore.HMSHandler: Skipping translation for processor with null
2024-04-24T06:27:31,398  INFO [main] HiveMetaStore.audit: ugi=alex	ip=unknown-ip-addr	cmd=get_table : tbl=hive.default.nonacidorctbl	
2024-04-24T06:27:31,412  INFO [main] metastore.HMSHandler: Skipping translation for processor with null
2024-04-24T06:27:31,421  WARN [main] metadata.Hive: Cannot get a table snapshot for nonacidorctbl
2024-04-24T06:27:31,422  INFO [main] HiveMetaStore.audit: ugi=alex	ip=unknown-ip-addr	cmd=alter_table: hive.default.nonacidorctbl newtbl=nonacidorctbl	
2024-04-24T06:27:31,473  INFO [main] ql.Driver: Starting task [Stage-2:STATS] in serial mode
2024-04-24T06:27:31,474  INFO [main] HiveMetaStore.audit: ugi=alex	ip=unknown-ip-addr	cmd=get_table : tbl=hive.default.nonacidorctbl	
2024-04-24T06:27:31,486  INFO [main] metastore.HMSHandler: Skipping translation for processor with null
2024-04-24T06:27:31,487  INFO [main] stats.BasicStatsTask: Executing stats task
2024-04-24T06:27:31,487  INFO [main] fs.FSStatsPublisher: created : file:/home/alex/Repositories/hive/ql/target/tmp/localscratchdir/86f4ae22-2998-4641-b1c3-b989688cfb1e/hive_2024-04-24_06-27-26_804_105992038129010235-1/-mr-10001
2024-04-24T06:27:31,491  INFO [main] HiveMetaStore.audit: ugi=alex	ip=unknown-ip-addr	cmd=get_table : tbl=hive.default.nonacidorctbl	
2024-04-24T06:27:31,504  INFO [main] metastore.HMSHandler: Skipping translation for processor with null
2024-04-24T06:27:31,507  INFO [main] FileOperations: Read stats for default.nonacidorctbl/, numRows, true, 4, false: 
2024-04-24T06:27:31,507  INFO [main] FileOperations: Read stats for default.nonacidorctbl/, rawDataSize, true, 32, false: 
2024-04-24T06:27:31,507  WARN [main] metadata.Hive: Cannot get a table snapshot for nonacidorctbl
2024-04-24T06:27:31,507  INFO [main] HiveMetaStore.audit: ugi=alex	ip=unknown-ip-addr	cmd=alter_table: hive.default.nonacidorctbl newtbl=nonacidorctbl	
2024-04-24T06:27:31,545  INFO [main] stats.BasicStatsTask: Table default.nonacidorctbl stats: [numFiles=2, numRows=4, totalSize=499, rawDataSize=32, numFilesErasureCoded=0]
2024-04-24T06:27:31,546  INFO [main] metadata.Hive: Dumping metastore api call timing information for : execution phase
2024-04-24T06:27:31,546  INFO [main] metadata.Hive: Total time spent in each metastore function (ms): {isCompatibleWith_(Configuration)=1, getTable_(GetTableRequest)=55, alter_table_(String, String, String, Table, EnvironmentContext, String)=87}
MapReduce Jobs Launched: 
2024-04-24T06:27:31,546  INFO [main] ql.Driver: MapReduce Jobs Launched: 
Stage-Stage-1:  HDFS Read: 0 HDFS Write: 0 SUCCESS
2024-04-24T06:27:31,553  INFO [main] ql.Driver: Stage-Stage-1:  HDFS Read: 0 HDFS Write: 0 SUCCESS
Total MapReduce CPU Time Spent: 0 msec
2024-04-24T06:27:31,553  INFO [main] ql.Driver: Total MapReduce CPU Time Spent: 0 msec
2024-04-24T06:27:31,553  INFO [main] ql.Driver: Completed executing command(queryId=alex_20240424062726_c3baa785-505c-46d9-9156-4ffc8fc6100f); Time taken: 1.963 seconds
2024-04-24T06:27:31,553  INFO [main] lockmgr.DbTxnManager: Stopped heartbeat for query: alex_20240424062726_c3baa785-505c-46d9-9156-4ffc8fc6100f
2024-04-24T06:27:31,558  INFO [main] txn.TxnHandler: Expected to move at least one record from txn_components to completed_txn_components when committing txn! txnid:13
2024-04-24T06:27:31,567  INFO [main] txn.TxnHandler: Removed transactions: ([13]) from MIN_HISTORY_LEVEL
2024-04-24T06:27:31,570  WARN [main] txn.CompactionTxnHandler: No compaction queue record found for Compaction type transaction commit. txnId:13
2024-04-24T06:27:31,571  INFO [main] ql.TxnCommandsBaseForTests: Running the query: insert into acidTbl  values(2,1),(4,3),(5,6),(7,8)
2024-04-24T06:27:31,571  INFO [main] ql.Context: Deleting scratch dir: file:/home/alex/Repositories/hive/ql/target/tmp/org.apache.hadoop.hive.ql.TestTxnCommands-1713965238357/warehouse/nonacidorctbl/.hive-staging_hive_2024-04-24_06-27-26_804_105992038129010235-1
2024-04-24T06:27:31,571  INFO [main] cleanup.SyncCleanupService: Deleted directory: file:/home/alex/Repositories/hive/ql/target/tmp/org.apache.hadoop.hive.ql.TestTxnCommands-1713965238357/warehouse/nonacidorctbl/.hive-staging_hive_2024-04-24_06-27-26_804_105992038129010235-1 on fs with scheme file
2024-04-24T06:27:31,571  INFO [main] ql.Context: Deleting scratch dir: file:/home/alex/Repositories/hive/ql/target/tmp/localscratchdir/86f4ae22-2998-4641-b1c3-b989688cfb1e/hive_2024-04-24_06-27-26_804_105992038129010235-1
2024-04-24T06:27:31,572  INFO [main] cleanup.SyncCleanupService: Deleted directory: file:/home/alex/Repositories/hive/ql/target/tmp/localscratchdir/86f4ae22-2998-4641-b1c3-b989688cfb1e/hive_2024-04-24_06-27-26_804_105992038129010235-1 on fs with scheme file
2024-04-24T06:27:31,572  INFO [main] ql.Driver: Compiling command(queryId=alex_20240424062731_72412a48-9960-4649-8977-dc5c2db6eedc): insert into acidTbl  values(2,1),(4,3),(5,6),(7,8)
2024-04-24T06:27:31,584  INFO [main] txn.TxnHandler: Added entries to MIN_HISTORY_LEVEL for current txns: ([14]) with min_open_txn: 14
2024-04-24T06:27:31,584  INFO [main] lockmgr.DbTxnManager: Opened txnid:14
2024-04-24T06:27:31,587  INFO [main] parse.CalcitePlanner: Starting caching scope for: 
2024-04-24T06:27:31,587  INFO [main] parse.CalcitePlanner: Starting Semantic Analysis
2024-04-24T06:27:31,592  INFO [main] HiveMetaStore.audit: ugi=alex	ip=unknown-ip-addr	cmd=get_table : tbl=hive.default.acidTbl	
2024-04-24T06:27:31,601  INFO [main] metastore.HMSHandler: Skipping translation for processor with null
2024-04-24T06:27:31,601  INFO [main] parse.CalcitePlanner: Completed phase 1 of Semantic Analysis
2024-04-24T06:27:31,601  INFO [main] parse.CalcitePlanner: Get metadata for source tables
2024-04-24T06:27:31,601  INFO [main] parse.CalcitePlanner: Get metadata for subqueries
2024-04-24T06:27:31,601  INFO [main] parse.CalcitePlanner: Get metadata for destination tables
2024-04-24T06:27:31,602  INFO [main] HiveMetaStore.audit: ugi=alex	ip=unknown-ip-addr	cmd=get_table : tbl=hive.default.acidTbl	
2024-04-24T06:27:31,612  INFO [main] metastore.HMSHandler: Skipping translation for processor with null
2024-04-24T06:27:31,612  INFO [main] parse.CalcitePlanner: Completed getting MetaData in Semantic Analysis
2024-04-24T06:27:31,612  INFO [main] parse.CalcitePlanner: Disabling LLAP IO encode as ETL query is detected
2024-04-24T06:27:31,636  INFO [main] HiveMetaStore.audit: ugi=alex	ip=unknown-ip-addr	cmd=get_all_table_constraints : tbl=hive._dummy_database._dummy_table	
2024-04-24T06:27:31,771  INFO [main] parse.CalcitePlanner: Get metadata for source tables
2024-04-24T06:27:31,772  INFO [main] parse.CalcitePlanner: Get metadata for subqueries
2024-04-24T06:27:31,772  INFO [main] parse.CalcitePlanner: Get metadata for source tables
2024-04-24T06:27:31,773  INFO [main] HiveMetaStore.audit: ugi=alex	ip=unknown-ip-addr	cmd=get_table : tbl=hive._dummy_database._dummy_table	
2024-04-24T06:27:31,775  INFO [main] parse.CalcitePlanner: Get metadata for subqueries
2024-04-24T06:27:31,776  INFO [main] parse.CalcitePlanner: Get metadata for destination tables
2024-04-24T06:27:31,776  INFO [main] parse.CalcitePlanner: Get metadata for destination tables
2024-04-24T06:27:31,776  INFO [main] HiveMetaStore.audit: ugi=alex	ip=unknown-ip-addr	cmd=get_table : tbl=hive.default.acidTbl	
2024-04-24T06:27:31,787  INFO [main] metastore.HMSHandler: Skipping translation for processor with null
2024-04-24T06:27:31,792  INFO [main] HiveMetaStore.audit: ugi=alex	ip=unknown-ip-addr	cmd=get_not_null_constraints : tbl=hive.default.acidtbl	
2024-04-24T06:27:31,794  INFO [main] HiveMetaStore.audit: ugi=alex	ip=unknown-ip-addr	cmd=get_check_constraints : tbl=hive.default.acidtbl	
2024-04-24T06:27:31,809  INFO [main] txn.TxnHandler: Allocated writeId: 1 for txnId: 14
2024-04-24T06:27:31,809  INFO [main] txn.TxnHandler: Allocated write ids for dbName=default, tblName=acidtbl (txnIds: [14])
2024-04-24T06:27:31,812  INFO [main] parse.CalcitePlanner: CBO Succeeded; optimized logical plan.
2024-04-24T06:27:31,817  INFO [main] optimizer.ColumnPrunerProcFactory: RS 4 oldColExprMap: {KEY.reducesinkkey0=Column[_col0], VALUE._col0=Column[_col1]}
2024-04-24T06:27:31,817  INFO [main] optimizer.ColumnPrunerProcFactory: RS 4 newColExprMap: {VALUE._col0=Column[_col1], KEY.reducesinkkey0=Column[_col0]}
2024-04-24T06:27:31,819  INFO [main] optimizer.BucketVersionPopulator: not considering bucketingVersion for: TS[0] because it has -1<2 buckets 
2024-04-24T06:27:31,820  INFO [main] optimizer.SortedDynPartitionOptimizer: Sorted dynamic partitioning optimization kicked in..
2024-04-24T06:27:31,830  INFO [main] HiveMetaStore.audit: ugi=alex	ip=unknown-ip-addr	cmd=get_table : tbl=hive.default.acidtbl	
2024-04-24T06:27:31,843  INFO [main] metastore.HMSHandler: Skipping translation for processor with null
2024-04-24T06:27:31,844  INFO [main] parse.CalcitePlanner: Completed plan generation
2024-04-24T06:27:31,844  INFO [main] parse.CalcitePlanner: Ending caching scope for: 
2024-04-24T06:27:31,844  INFO [main] ql.Driver: Semantic Analysis Completed (retrial = false)
2024-04-24T06:27:31,844  INFO [main] ql.Driver: Created Hive schema: Schema(fieldSchemas:[FieldSchema(name:col1, type:int, comment:null), FieldSchema(name:col2, type:int, comment:null)], properties:null)
2024-04-24T06:27:31,845  INFO [main] metadata.Hive: Dumping metastore api call timing information for : compilation phase
2024-04-24T06:27:31,845  INFO [main] metadata.Hive: Total time spent in each metastore function (ms): {getNotNullConstraints_(NotNullConstraintsRequest)=2, flushCache_()=1, commitTxn_(CommitTxnRequest)=17, getAllTableConstraints_(AllTableConstraintsRequest)=8, getCheckConstraints_(CheckConstraintsRequest)=1, getValidWriteIds_(List, String)=4, getValidTxns_(long)=2, getTable_(GetTableRequest)=45, allocateTableWriteId_(long, String, String)=14, isCompatibleWith_(Configuration)=1, openTxn_(String, TxnType)=10}
2024-04-24T06:27:31,845  INFO [main] ql.Driver: Completed compiling command(queryId=alex_20240424062731_72412a48-9960-4649-8977-dc5c2db6eedc); Time taken: 0.273 seconds
2024-04-24T06:27:31,846  INFO [main] lockmgr.DbTxnManager: Setting lock request transaction to txnid:14 for queryId=alex_20240424062731_72412a48-9960-4649-8977-dc5c2db6eedc
2024-04-24T06:27:31,846  INFO [main] lockmgr.DbLockManager: Requesting lock for queryId=alex_20240424062731_72412a48-9960-4649-8977-dc5c2db6eedc
2024-04-24T06:27:31,875  INFO [main] lockmgr.DbLockManager: Response to queryId=alex_20240424062731_72412a48-9960-4649-8977-dc5c2db6eedc LockResponse(lockid:8, state:ACQUIRED)
2024-04-24T06:27:31,875  INFO [main] ql.Driver: Operation QUERY obtained 1 locks
2024-04-24T06:27:31,878  INFO [main] ql.Driver: Executing command(queryId=alex_20240424062731_72412a48-9960-4649-8977-dc5c2db6eedc): insert into acidTbl  values(2,1),(4,3),(5,6),(7,8)
2024-04-24T06:27:31,879  WARN [main] ql.Driver: Hive-on-MR is deprecated in Hive 2 and may not be available in the future versions. Consider using a different execution engine (i.e. tez, spark) or using Hive 1.X releases.
Query ID = alex_20240424062731_72412a48-9960-4649-8977-dc5c2db6eedc
2024-04-24T06:27:31,879  INFO [main] ql.Driver: Query ID = alex_20240424062731_72412a48-9960-4649-8977-dc5c2db6eedc
Total jobs = 1
2024-04-24T06:27:31,879  INFO [main] ql.Driver: Total jobs = 1
Launching Job 1 out of 1
2024-04-24T06:27:31,879  INFO [main] ql.Driver: Launching Job 1 out of 1
2024-04-24T06:27:32,006  INFO [main] ql.Driver: Starting task [Stage-1:MAPRED] in serial mode
Number of reduce tasks determined at compile time: 2
2024-04-24T06:27:32,006  INFO [main] exec.Task: Number of reduce tasks determined at compile time: 2
In order to change the average load for a reducer (in bytes):
2024-04-24T06:27:32,006  INFO [main] exec.Task: In order to change the average load for a reducer (in bytes):
  set hive.exec.reducers.bytes.per.reducer=<number>
2024-04-24T06:27:32,006  INFO [main] exec.Task:   set hive.exec.reducers.bytes.per.reducer=<number>
In order to limit the maximum number of reducers:
2024-04-24T06:27:32,006  INFO [main] exec.Task: In order to limit the maximum number of reducers:
  set hive.exec.reducers.max=<number>
2024-04-24T06:27:32,006  INFO [main] exec.Task:   set hive.exec.reducers.max=<number>
In order to set a constant number of reducers:
2024-04-24T06:27:32,006  INFO [main] exec.Task: In order to set a constant number of reducers:
  set mapreduce.job.reduces=<number>
2024-04-24T06:27:32,006  INFO [main] exec.Task:   set mapreduce.job.reduces=<number>
2024-04-24T06:27:32,009  INFO [main] mr.ExecDriver: Using org.apache.hadoop.hive.ql.io.HiveInputFormat
2024-04-24T06:27:32,009  INFO [main] exec.Utilities: Processing alias $hdt$_0:_dummy_table
2024-04-24T06:27:32,009  INFO [main] exec.Utilities: Adding 1 inputs; the first input is file:/home/alex/Repositories/hive/ql/target/tmp/localscratchdir/86f4ae22-2998-4641-b1c3-b989688cfb1e/hive_2024-04-24_06-27-31_572_1015259428204090405-1/dummy_path
2024-04-24T06:27:32,019  INFO [main] exec.SerializationUtilities: Serializing MapWork using kryo
2024-04-24T06:27:32,022  INFO [main] exec.Utilities: Serialized plan (via FILE) - name: null size: 5,03KB
2024-04-24T06:27:32,027  INFO [main] exec.SerializationUtilities: Serializing ReduceWork using kryo
2024-04-24T06:27:32,037  INFO [main] exec.Utilities: Serialized plan (via FILE) - name: null size: 5,96KB
2024-04-24T06:27:32,039  WARN [main] impl.MetricsSystemImpl: JobTracker metrics system already initialized!
2024-04-24T06:27:32,043  INFO [main] fs.FSStatsPublisher: created : file:/home/alex/Repositories/hive/ql/target/tmp/localscratchdir/86f4ae22-2998-4641-b1c3-b989688cfb1e/hive_2024-04-24_06-27-31_572_1015259428204090405-1/-mr-10000
2024-04-24T06:27:32,045  WARN [main] impl.MetricsSystemImpl: JobTracker metrics system already initialized!
2024-04-24T06:27:32,053  WARN [main] mapreduce.JobResourceUploader: Hadoop command-line option parsing not performed. Implement the Tool interface and execute your application with ToolRunner to remedy this.
2024-04-24T06:27:32,058  WARN [main] mapreduce.JobResourceUploader: No job jar file set.  User classes may not be found. See Job or Job#setJar(String).
2024-04-24T06:27:32,059  INFO [main] io.HiveInputFormat: hive.io.file.readcolumn.ids = 
2024-04-24T06:27:32,060  INFO [main] io.HiveInputFormat: hive.io.file.readcolumn.names = 
2024-04-24T06:27:32,060  INFO [main] io.HiveInputFormat: Generating splits for dirs: file:/home/alex/Repositories/hive/ql/target/tmp/localscratchdir/86f4ae22-2998-4641-b1c3-b989688cfb1e/hive_2024-04-24_06-27-31_572_1015259428204090405-1/dummy_path
2024-04-24T06:27:32,060  INFO [main] io.HiveInputFormat: number of splits 1
2024-04-24T06:27:32,079  INFO [main] mapreduce.JobSubmitter: number of splits:1
2024-04-24T06:27:32,099  INFO [main] mapreduce.JobSubmitter: Submitting tokens for job: job_local1961208034_0002
2024-04-24T06:27:32,099  INFO [main] mapreduce.JobSubmitter: Executing with tokens: []
2024-04-24T06:27:32,172  INFO [main] mapreduce.Job: The url to track the job: http://localhost:8080/
Job running in-process (local Hadoop)
2024-04-24T06:27:32,173  INFO [main] exec.Task: Job running in-process (local Hadoop)
2024-04-24T06:27:32,173  INFO [Thread-139] mapred.LocalJobRunner: OutputCommitter set in config org.apache.hadoop.hive.ql.io.HiveFileFormatUtils$NullOutputCommitter
2024-04-24T06:27:32,173  INFO [Thread-139] mapred.LocalJobRunner: OutputCommitter is org.apache.hadoop.hive.ql.io.HiveFileFormatUtils$NullOutputCommitter
2024-04-24T06:27:32,175  INFO [Thread-139] mapred.LocalJobRunner: Waiting for map tasks
2024-04-24T06:27:32,175  INFO [LocalJobRunner Map Task Executor #0] mapred.LocalJobRunner: Starting task: attempt_local1961208034_0002_m_000000_0
2024-04-24T06:27:32,176  INFO [LocalJobRunner Map Task Executor #0] mapred.Task:  Using ResourceCalculatorProcessTree : [ ]
2024-04-24T06:27:32,177  INFO [LocalJobRunner Map Task Executor #0] mapred.MapTask: Processing split: org.apache.hadoop.hive.ql.io.NullRowsInputFormat:file:/home/alex/Repositories/hive/ql/target/tmp/localscratchdir/86f4ae22-2998-4641-b1c3-b989688cfb1e/hive_2024-04-24_06-27-31_572_1015259428204090405-1/dummy_path/null:0+1
2024-04-24T06:27:32,177  INFO [LocalJobRunner Map Task Executor #0] exec.SerializationUtilities: Deserializing MapWork using kryo
2024-04-24T06:27:32,179  INFO [LocalJobRunner Map Task Executor #0] exec.Utilities: Deserialized plan (via FILE) - name: null size: 5,03KB
2024-04-24T06:27:32,179  INFO [LocalJobRunner Map Task Executor #0] mapred.MapTask: numReduceTasks: 2
2024-04-24T06:27:32,184  INFO [LocalJobRunner Map Task Executor #0] mapred.MapTask: (EQUATOR) 0 kvi 26214396(104857584)
2024-04-24T06:27:32,184  INFO [LocalJobRunner Map Task Executor #0] mapred.MapTask: mapreduce.task.io.sort.mb: 100
2024-04-24T06:27:32,184  INFO [LocalJobRunner Map Task Executor #0] mapred.MapTask: soft limit at 83886080
2024-04-24T06:27:32,184  INFO [LocalJobRunner Map Task Executor #0] mapred.MapTask: bufstart = 0; bufvoid = 104857600
2024-04-24T06:27:32,184  INFO [LocalJobRunner Map Task Executor #0] mapred.MapTask: kvstart = 26214396; length = 6553600
2024-04-24T06:27:32,185  INFO [LocalJobRunner Map Task Executor #0] mapred.MapTask: Map output collector class = org.apache.hadoop.mapred.MapTask$MapOutputBuffer
2024-04-24T06:27:32,185  INFO [LocalJobRunner Map Task Executor #0] exec.MapOperator: Initializing Operator: MAP[0]
2024-04-24T06:27:32,185  INFO [LocalJobRunner Map Task Executor #0] mr.ExecMapper: 
<MAP>Id =0
  <Children>null
  <\Children>
  <Parent><\Parent>
<\MAP>
2024-04-24T06:27:32,186  INFO [LocalJobRunner Map Task Executor #0] exec.TableScanOperator: Initializing Operator: TS[0]
2024-04-24T06:27:32,186  INFO [LocalJobRunner Map Task Executor #0] exec.SelectOperator: Initializing Operator: SEL[1]
2024-04-24T06:27:32,187  INFO [LocalJobRunner Map Task Executor #0] exec.SelectOperator: SELECT null
2024-04-24T06:27:32,187  INFO [LocalJobRunner Map Task Executor #0] exec.UDTFOperator: Initializing Operator: UDTF[2]
2024-04-24T06:27:32,187  INFO [LocalJobRunner Map Task Executor #0] exec.SelectOperator: Initializing Operator: SEL[3]
2024-04-24T06:27:32,187  INFO [LocalJobRunner Map Task Executor #0] exec.SelectOperator: SELECT struct<col1:int,col2:int>
2024-04-24T06:27:32,187  INFO [LocalJobRunner Map Task Executor #0] exec.ReduceSinkOperator: Initializing Operator: RS[4]
2024-04-24T06:27:32,187  INFO [LocalJobRunner Map Task Executor #0] exec.ReduceSinkOperator: Using tag = -1
2024-04-24T06:27:32,188  INFO [LocalJobRunner Map Task Executor #0] exec.ReduceSinkOperator: keys are [reducesinkkey0] num distributions: 1
2024-04-24T06:27:32,188  INFO [LocalJobRunner Map Task Executor #0] exec.ReduceSinkOperator: RS[4]: records written - 1
2024-04-24T06:27:32,188  INFO [LocalJobRunner Map Task Executor #0] exec.MapOperator: MAP[0]: records read - 1
2024-04-24T06:27:32,189  INFO [LocalJobRunner Map Task Executor #0] exec.MapOperator: Closing Operator: MAP[0]
2024-04-24T06:27:32,189  INFO [LocalJobRunner Map Task Executor #0] exec.MapOperator: MAP[0]: Total records read - 3. abort - false
2024-04-24T06:27:32,189  INFO [LocalJobRunner Map Task Executor #0] exec.MapOperator: RECORDS_OUT_INTERMEDIATE:0, RECORDS_OUT_OPERATOR_MAP_0:0, RECORDS_IN:3, DESERIALIZE_ERRORS:0, 
2024-04-24T06:27:32,189  INFO [LocalJobRunner Map Task Executor #0] exec.TableScanOperator: Closing Operator: TS[0]
2024-04-24T06:27:32,189  INFO [LocalJobRunner Map Task Executor #0] exec.TableScanOperator: RECORDS_OUT_OPERATOR_TS_0:1, RECORDS_OUT_INTERMEDIATE:0, 
2024-04-24T06:27:32,189  INFO [LocalJobRunner Map Task Executor #0] exec.SelectOperator: Closing Operator: SEL[1]
2024-04-24T06:27:32,189  INFO [LocalJobRunner Map Task Executor #0] exec.SelectOperator: RECORDS_OUT_OPERATOR_SEL_1:1, RECORDS_OUT_INTERMEDIATE:0, 
2024-04-24T06:27:32,189  INFO [LocalJobRunner Map Task Executor #0] exec.UDTFOperator: Closing Operator: UDTF[2]
2024-04-24T06:27:32,189  INFO [LocalJobRunner Map Task Executor #0] exec.UDTFOperator: RECORDS_OUT_OPERATOR_UDTF_2:4, RECORDS_OUT_INTERMEDIATE:0, 
2024-04-24T06:27:32,189  INFO [LocalJobRunner Map Task Executor #0] exec.SelectOperator: Closing Operator: SEL[3]
2024-04-24T06:27:32,189  INFO [LocalJobRunner Map Task Executor #0] exec.SelectOperator: RECORDS_OUT_INTERMEDIATE:0, RECORDS_OUT_OPERATOR_SEL_3:4, 
2024-04-24T06:27:32,189  INFO [LocalJobRunner Map Task Executor #0] exec.ReduceSinkOperator: Closing Operator: RS[4]
2024-04-24T06:27:32,189  INFO [LocalJobRunner Map Task Executor #0] exec.ReduceSinkOperator: RS[4]: Total records written - 4. abort - false
2024-04-24T06:27:32,189  INFO [LocalJobRunner Map Task Executor #0] exec.ReduceSinkOperator: RECORDS_OUT_INTERMEDIATE:4, RECORDS_OUT_OPERATOR_RS_4:4, 
2024-04-24T06:27:32,190  INFO [LocalJobRunner Map Task Executor #0] mapred.LocalJobRunner: 
2024-04-24T06:27:32,190  INFO [LocalJobRunner Map Task Executor #0] mapred.MapTask: Starting flush of map output
2024-04-24T06:27:32,190  INFO [LocalJobRunner Map Task Executor #0] mapred.MapTask: Spilling map output
2024-04-24T06:27:32,190  INFO [LocalJobRunner Map Task Executor #0] mapred.MapTask: bufstart = 0; bufend = 64; bufvoid = 104857600
2024-04-24T06:27:32,190  INFO [LocalJobRunner Map Task Executor #0] mapred.MapTask: kvstart = 26214396(104857584); kvend = 26214384(104857536); length = 13/6553600
2024-04-24T06:27:32,201  INFO [LocalJobRunner Map Task Executor #0] mapred.MapTask: Finished spill 0
2024-04-24T06:27:32,204  INFO [LocalJobRunner Map Task Executor #0] mapred.Task: Task:attempt_local1961208034_0002_m_000000_0 is done. And is in the process of committing
2024-04-24T06:27:32,205  INFO [LocalJobRunner Map Task Executor #0] mapred.LocalJobRunner: map
2024-04-24T06:27:32,205  INFO [LocalJobRunner Map Task Executor #0] mapred.Task: Task 'attempt_local1961208034_0002_m_000000_0' done.
2024-04-24T06:27:32,205  INFO [LocalJobRunner Map Task Executor #0] mapred.Task: Final Counters for attempt_local1961208034_0002_m_000000_0: Counters: 26
	File System Counters
		FILE: Number of bytes read=24278
		FILE: Number of bytes written=2356272
		FILE: Number of read operations=0
		FILE: Number of large read operations=0
		FILE: Number of write operations=0
	Map-Reduce Framework
		Map input records=4
		Map output records=4
		Map output bytes=64
		Map output materialized bytes=84
		Input split bytes=361
		Combine input records=0
		Spilled Records=4
		Failed Shuffles=0
		Merged Map outputs=0
		GC time elapsed (ms)=0
		Total committed heap usage (bytes)=909639680
	HIVE
		DESERIALIZE_ERRORS=0
		RECORDS_IN=3
		RECORDS_OUT_INTERMEDIATE=4
		RECORDS_OUT_OPERATOR_MAP_0=0
		RECORDS_OUT_OPERATOR_RS_4=4
		RECORDS_OUT_OPERATOR_SEL_1=1
		RECORDS_OUT_OPERATOR_SEL_3=4
		RECORDS_OUT_OPERATOR_TS_0=1
		RECORDS_OUT_OPERATOR_UDTF_2=4
	File Input Format Counters 
		Bytes Read=5078
2024-04-24T06:27:32,206  INFO [LocalJobRunner Map Task Executor #0] mapred.LocalJobRunner: Finishing task: attempt_local1961208034_0002_m_000000_0
2024-04-24T06:27:32,206  INFO [Thread-139] mapred.LocalJobRunner: map task executor complete.
2024-04-24T06:27:32,207  INFO [Thread-139] mapred.LocalJobRunner: Waiting for reduce tasks
2024-04-24T06:27:32,207  INFO [pool-13-thread-1] mapred.LocalJobRunner: Starting task: attempt_local1961208034_0002_r_000000_0
2024-04-24T06:27:32,208  INFO [pool-13-thread-1] mapred.Task:  Using ResourceCalculatorProcessTree : [ ]
2024-04-24T06:27:32,208  INFO [pool-13-thread-1] mapred.ReduceTask: Using ShuffleConsumerPlugin: org.apache.hadoop.mapreduce.task.reduce.Shuffle@2b468c50
2024-04-24T06:27:32,208  WARN [pool-13-thread-1] impl.MetricsSystemImpl: JobTracker metrics system already initialized!
2024-04-24T06:27:32,209  INFO [pool-13-thread-1] reduce.MergeManagerImpl: MergerManager: memoryLimit=1336252800, maxSingleShuffleLimit=334063200, mergeThreshold=881926912, ioSortFactor=10, memToMemMergeOutputsThreshold=10
2024-04-24T06:27:32,210  INFO [EventFetcher for fetching Map Completion Events] reduce.EventFetcher: attempt_local1961208034_0002_r_000000_0 Thread started: EventFetcher for fetching Map Completion Events
2024-04-24T06:27:32,211  INFO [localfetcher#3] reduce.LocalFetcher: localfetcher#3 about to shuffle output of map attempt_local1961208034_0002_m_000000_0 decomp: 38 len: 42 to MEMORY
2024-04-24T06:27:32,211  INFO [localfetcher#3] reduce.InMemoryMapOutput: Read 38 bytes from map-output for attempt_local1961208034_0002_m_000000_0
2024-04-24T06:27:32,211  INFO [localfetcher#3] reduce.MergeManagerImpl: closeInMemoryFile -> map-output of size: 38, inMemoryMapOutputs.size() -> 1, commitMemory -> 0, usedMemory ->38
2024-04-24T06:27:32,212  INFO [EventFetcher for fetching Map Completion Events] reduce.EventFetcher: EventFetcher is interrupted.. Returning
2024-04-24T06:27:32,212  INFO [pool-13-thread-1] mapred.LocalJobRunner: 1 / 1 copied.
2024-04-24T06:27:32,212  INFO [pool-13-thread-1] reduce.MergeManagerImpl: finalMerge called with 1 in-memory map-outputs and 0 on-disk map-outputs
2024-04-24T06:27:32,218  INFO [pool-13-thread-1] mapred.Merger: Merging 1 sorted segments
2024-04-24T06:27:32,219  INFO [pool-13-thread-1] mapred.Merger: Down to the last merge-pass, with 1 segments left of total size: 26 bytes
2024-04-24T06:27:32,225  INFO [pool-13-thread-1] reduce.MergeManagerImpl: Merged 1 segments, 38 bytes to disk to satisfy reduce memory limit
2024-04-24T06:27:32,226  INFO [pool-13-thread-1] reduce.MergeManagerImpl: Merging 1 files, 42 bytes from disk
2024-04-24T06:27:32,226  INFO [pool-13-thread-1] reduce.MergeManagerImpl: Merging 0 segments, 0 bytes from memory into reduce
2024-04-24T06:27:32,226  INFO [pool-13-thread-1] mapred.Merger: Merging 1 sorted segments
2024-04-24T06:27:32,226  INFO [pool-13-thread-1] mapred.Merger: Down to the last merge-pass, with 1 segments left of total size: 26 bytes
2024-04-24T06:27:32,227  INFO [pool-13-thread-1] mapred.LocalJobRunner: 1 / 1 copied.
2024-04-24T06:27:32,228  INFO [pool-13-thread-1] exec.SerializationUtilities: Deserializing ReduceWork using kryo
2024-04-24T06:27:32,236  INFO [pool-13-thread-1] exec.Utilities: Deserialized plan (via FILE) - name: null size: 5,96KB
2024-04-24T06:27:32,240  INFO [pool-13-thread-1] ExecReducer: 
<SEL>Id =5
  <Children>
    <FS>Id =6
      <Children>
      <\Children>
      <Parent>Id = 5 null<\Parent>
    <\FS>
  <\Children>
  <Parent><\Parent>
<\SEL>
2024-04-24T06:27:32,240  INFO [pool-13-thread-1] exec.SelectOperator: Initializing Operator: SEL[5]
2024-04-24T06:27:32,240  INFO [pool-13-thread-1] exec.SelectOperator: SELECT struct<key:struct<reducesinkkey0:int>,value:struct<_col0:int>>
2024-04-24T06:27:32,240  INFO [pool-13-thread-1] exec.FileSinkOperator: Initializing Operator: FS[6]
2024-04-24T06:27:32,242  INFO [pool-13-thread-1] exec.FileSinkOperator: Using serializer : AbstractSerDe [log=org.apache.logging.slf4j.Log4jLogger@3c370966, configuration=Optional[Configuration: core-default.xml, core-site.xml, mapred-default.xml, mapred-site.xml, yarn-default.xml, yarn-site.xml, hdfs-default.xml, hdfs-site.xml, file:/home/alex/Repositories/hive/ql/target/tmp/TestTxnCommands/mapred/local/localRunner/alex/job_local1961208034_0002/job_local1961208034_0002.xml], properties={transactional_properties=default, name=default.acidtbl, transactional=true, columns.types=int:int, bucket_field_name=a, columns=a,b, numFilesErasureCoded=0, columns.comments=&amp#0;, bucketing_version=2, bucket_count=2, serialization.lib=org.apache.hadoop.hive.ql.io.orc.OrcSerde, file.inputformat=org.apache.hadoop.hive.ql.io.orc.OrcInputFormat, file.outputformat=org.apache.hadoop.hive.ql.io.orc.OrcOutputFormat, location=file:/home/alex/Repositories/hive/ql/target/tmp/org.apache.hadoop.hive.ql.TestTxnCommands-1713965238357/warehouse/acidtbl, column.name.delimiter=,}, tableProperties={transactional_properties=default, name=default.acidtbl, transactional=true, columns.types=int:int, bucket_field_name=a, columns=a,b, numFilesErasureCoded=0, columns.comments=&amp#0;, bucketing_version=2, bucket_count=2, serialization.lib=org.apache.hadoop.hive.ql.io.orc.OrcSerde, file.inputformat=org.apache.hadoop.hive.ql.io.orc.OrcInputFormat, location=file:/home/alex/Repositories/hive/ql/target/tmp/org.apache.hadoop.hive.ql.TestTxnCommands-1713965238357/warehouse/acidtbl, file.outputformat=org.apache.hadoop.hive.ql.io.orc.OrcOutputFormat, column.name.delimiter=,}, partitionProperties=Optional.empty, columnNames=[a, b], columnTypes=[int, int], getClass()=class org.apache.hadoop.hive.ql.io.orc.OrcSerde] and formatter : org.apache.hadoop.hive.ql.io.orc.OrcOutputFormat@46f9c0cc
2024-04-24T06:27:32,244  INFO [pool-13-thread-1] exec.FileSinkOperator: Final Path: FS file:/home/alex/Repositories/hive/ql/target/tmp/org.apache.hadoop.hive.ql.TestTxnCommands-1713965238357/warehouse/acidtbl
2024-04-24T06:27:32,245  INFO [pool-13-thread-1] exec.FileSinkOperator: New Final Path: FS file:/home/alex/Repositories/hive/ql/target/tmp/org.apache.hadoop.hive.ql.TestTxnCommands-1713965238357/warehouse/acidtbl
2024-04-24T06:27:32,245  INFO [pool-13-thread-1] common.FileUtils: Creating directory if it doesn't exist: file:/home/alex/Repositories/hive/ql/target/tmp/org.apache.hadoop.hive.ql.TestTxnCommands-1713965238357/warehouse
2024-04-24T06:27:32,253  INFO [pool-13-thread-1] exec.FileSinkOperator: FS[6]: records written - 1
2024-04-24T06:27:32,254  INFO [pool-13-thread-1] impl.PhysicalFsWriter: ORC writer created for path: file:/home/alex/Repositories/hive/ql/target/tmp/org.apache.hadoop.hive.ql.TestTxnCommands-1713965238357/warehouse/acidtbl/delta_0000001_0000001_0000/bucket_00000_0 with stripeSize: 8388608 blockSize: 268435456 compression: Compress: ZLIB buffer: 32768
2024-04-24T06:27:32,264  INFO [pool-13-thread-1] impl.WriterImpl: ORC writer created for path: file:/home/alex/Repositories/hive/ql/target/tmp/org.apache.hadoop.hive.ql.TestTxnCommands-1713965238357/warehouse/acidtbl/delta_0000001_0000001_0000/bucket_00000_0 with stripeSize: 8388608 options: Compress: ZLIB buffer: 32768
2024-04-24T06:27:32,270  INFO [pool-13-thread-1] exec.SelectOperator: Closing Operator: SEL[5]
2024-04-24T06:27:32,270  INFO [pool-13-thread-1] exec.SelectOperator: RECORDS_OUT_OPERATOR_SEL_5:2, RECORDS_OUT_INTERMEDIATE:0, 
2024-04-24T06:27:32,270  INFO [pool-13-thread-1] exec.FileSinkOperator: Closing Operator: FS[6]
2024-04-24T06:27:32,270  INFO [pool-13-thread-1] exec.FileSinkOperator: FS[6]: records written - 2
2024-04-24T06:27:32,274  INFO [pool-13-thread-1] FileOperations: Writing manifest to file:/home/alex/Repositories/hive/ql/target/tmp/org.apache.hadoop.hive.ql.TestTxnCommands-1713965238357/warehouse/acidtbl/_tmp.delta_0000001_0000001_0000/000000_0.manifest with [file:/home/alex/Repositories/hive/ql/target/tmp/org.apache.hadoop.hive.ql.TestTxnCommands-1713965238357/warehouse/acidtbl/delta_0000001_0000001_0000/bucket_00000_0]
2024-04-24T06:27:32,287  INFO [pool-13-thread-1] exec.FileSinkOperator: RECORDS_OUT_OPERATOR_FS_6:2, RECORDS_OUT_INTERMEDIATE:0, TOTAL_TABLE_ROWS_WRITTEN:2, RECORDS_OUT_1_default.acidtbl:2, 
2024-04-24T06:27:32,287  INFO [pool-13-thread-1] mapred.Task: Task:attempt_local1961208034_0002_r_000000_0 is done. And is in the process of committing
2024-04-24T06:27:32,288  INFO [pool-13-thread-1] mapred.LocalJobRunner: reduce > reduce
2024-04-24T06:27:32,288  INFO [pool-13-thread-1] mapred.Task: Task 'attempt_local1961208034_0002_r_000000_0' done.
2024-04-24T06:27:32,288  INFO [pool-13-thread-1] mapred.Task: Final Counters for attempt_local1961208034_0002_r_000000_0: Counters: 30
	File System Counters
		FILE: Number of bytes read=30480
		FILE: Number of bytes written=2357341
		FILE: Number of read operations=0
		FILE: Number of large read operations=0
		FILE: Number of write operations=0
	Map-Reduce Framework
		Combine input records=0
		Combine output records=0
		Reduce input groups=2
		Reduce shuffle bytes=42
		Reduce input records=2
		Reduce output records=0
		Spilled Records=2
		Shuffled Maps =1
		Failed Shuffles=0
		Merged Map outputs=1
		GC time elapsed (ms)=0
		Total committed heap usage (bytes)=909639680
	HIVE
		CREATED_FILES=1
		RECORDS_OUT_1_default.acidtbl=2
		RECORDS_OUT_INTERMEDIATE=0
		RECORDS_OUT_OPERATOR_FS_6=2
		RECORDS_OUT_OPERATOR_SEL_5=2
		TOTAL_TABLE_ROWS_WRITTEN=2
	Shuffle Errors
		BAD_ID=0
		CONNECTION=0
		IO_ERROR=0
		WRONG_LENGTH=0
		WRONG_MAP=0
		WRONG_REDUCE=0
	File Output Format Counters 
		Bytes Written=0
2024-04-24T06:27:32,288  INFO [pool-13-thread-1] mapred.LocalJobRunner: Finishing task: attempt_local1961208034_0002_r_000000_0
2024-04-24T06:27:32,288  INFO [pool-13-thread-1] mapred.LocalJobRunner: Starting task: attempt_local1961208034_0002_r_000001_0
2024-04-24T06:27:32,289  INFO [pool-13-thread-1] mapred.Task:  Using ResourceCalculatorProcessTree : [ ]
2024-04-24T06:27:32,289  INFO [pool-13-thread-1] mapred.ReduceTask: Using ShuffleConsumerPlugin: org.apache.hadoop.mapreduce.task.reduce.Shuffle@4007888e
2024-04-24T06:27:32,289  WARN [pool-13-thread-1] impl.MetricsSystemImpl: JobTracker metrics system already initialized!
2024-04-24T06:27:32,290  INFO [pool-13-thread-1] reduce.MergeManagerImpl: MergerManager: memoryLimit=1336252800, maxSingleShuffleLimit=334063200, mergeThreshold=881926912, ioSortFactor=10, memToMemMergeOutputsThreshold=10
2024-04-24T06:27:32,291  INFO [EventFetcher for fetching Map Completion Events] reduce.EventFetcher: attempt_local1961208034_0002_r_000001_0 Thread started: EventFetcher for fetching Map Completion Events
2024-04-24T06:27:32,294  INFO [localfetcher#4] reduce.LocalFetcher: localfetcher#4 about to shuffle output of map attempt_local1961208034_0002_m_000000_0 decomp: 38 len: 42 to MEMORY
2024-04-24T06:27:32,294  INFO [localfetcher#4] reduce.InMemoryMapOutput: Read 38 bytes from map-output for attempt_local1961208034_0002_m_000000_0
2024-04-24T06:27:32,294  INFO [localfetcher#4] reduce.MergeManagerImpl: closeInMemoryFile -> map-output of size: 38, inMemoryMapOutputs.size() -> 1, commitMemory -> 0, usedMemory ->38
2024-04-24T06:27:32,295  INFO [EventFetcher for fetching Map Completion Events] reduce.EventFetcher: EventFetcher is interrupted.. Returning
2024-04-24T06:27:32,295  INFO [pool-13-thread-1] mapred.LocalJobRunner: 1 / 1 copied.
2024-04-24T06:27:32,295  INFO [pool-13-thread-1] reduce.MergeManagerImpl: finalMerge called with 1 in-memory map-outputs and 0 on-disk map-outputs
2024-04-24T06:27:32,301  INFO [pool-13-thread-1] mapred.Merger: Merging 1 sorted segments
2024-04-24T06:27:32,301  INFO [pool-13-thread-1] mapred.Merger: Down to the last merge-pass, with 1 segments left of total size: 26 bytes
2024-04-24T06:27:32,304  INFO [pool-13-thread-1] reduce.MergeManagerImpl: Merged 1 segments, 38 bytes to disk to satisfy reduce memory limit
2024-04-24T06:27:32,304  INFO [pool-13-thread-1] reduce.MergeManagerImpl: Merging 1 files, 42 bytes from disk
2024-04-24T06:27:32,304  INFO [pool-13-thread-1] reduce.MergeManagerImpl: Merging 0 segments, 0 bytes from memory into reduce
2024-04-24T06:27:32,304  INFO [pool-13-thread-1] mapred.Merger: Merging 1 sorted segments
2024-04-24T06:27:32,304  INFO [pool-13-thread-1] mapred.Merger: Down to the last merge-pass, with 1 segments left of total size: 26 bytes
2024-04-24T06:27:32,304  INFO [pool-13-thread-1] mapred.LocalJobRunner: 1 / 1 copied.
2024-04-24T06:27:32,305  INFO [pool-13-thread-1] exec.SerializationUtilities: Deserializing ReduceWork using kryo
2024-04-24T06:27:32,306  INFO [pool-13-thread-1] exec.Utilities: Deserialized plan (via FILE) - name: null size: 5,96KB
2024-04-24T06:27:32,307  INFO [pool-13-thread-1] ExecReducer: 
<SEL>Id =5
  <Children>
    <FS>Id =6
      <Children>
      <\Children>
      <Parent>Id = 5 null<\Parent>
    <\FS>
  <\Children>
  <Parent><\Parent>
<\SEL>
2024-04-24T06:27:32,307  INFO [pool-13-thread-1] exec.SelectOperator: Initializing Operator: SEL[5]
2024-04-24T06:27:32,307  INFO [pool-13-thread-1] exec.SelectOperator: SELECT struct<key:struct<reducesinkkey0:int>,value:struct<_col0:int>>
2024-04-24T06:27:32,307  INFO [pool-13-thread-1] exec.FileSinkOperator: Initializing Operator: FS[6]
2024-04-24T06:27:32,308  INFO [pool-13-thread-1] exec.FileSinkOperator: Using serializer : AbstractSerDe [log=org.apache.logging.slf4j.Log4jLogger@3c370966, configuration=Optional[Configuration: core-default.xml, core-site.xml, mapred-default.xml, mapred-site.xml, yarn-default.xml, yarn-site.xml, hdfs-default.xml, hdfs-site.xml, file:/home/alex/Repositories/hive/ql/target/tmp/TestTxnCommands/mapred/local/localRunner/alex/job_local1961208034_0002/job_local1961208034_0002.xml], properties={transactional_properties=default, name=default.acidtbl, transactional=true, columns.types=int:int, bucket_field_name=a, columns=a,b, numFilesErasureCoded=0, columns.comments=&amp#0;, bucketing_version=2, bucket_count=2, serialization.lib=org.apache.hadoop.hive.ql.io.orc.OrcSerde, file.inputformat=org.apache.hadoop.hive.ql.io.orc.OrcInputFormat, file.outputformat=org.apache.hadoop.hive.ql.io.orc.OrcOutputFormat, location=file:/home/alex/Repositories/hive/ql/target/tmp/org.apache.hadoop.hive.ql.TestTxnCommands-1713965238357/warehouse/acidtbl, column.name.delimiter=,}, tableProperties={transactional_properties=default, name=default.acidtbl, transactional=true, columns.types=int:int, bucket_field_name=a, columns=a,b, numFilesErasureCoded=0, columns.comments=&amp#0;, bucketing_version=2, bucket_count=2, serialization.lib=org.apache.hadoop.hive.ql.io.orc.OrcSerde, file.inputformat=org.apache.hadoop.hive.ql.io.orc.OrcInputFormat, location=file:/home/alex/Repositories/hive/ql/target/tmp/org.apache.hadoop.hive.ql.TestTxnCommands-1713965238357/warehouse/acidtbl, file.outputformat=org.apache.hadoop.hive.ql.io.orc.OrcOutputFormat, column.name.delimiter=,}, partitionProperties=Optional.empty, columnNames=[a, b], columnTypes=[int, int], getClass()=class org.apache.hadoop.hive.ql.io.orc.OrcSerde] and formatter : org.apache.hadoop.hive.ql.io.orc.OrcOutputFormat@7f601d26
2024-04-24T06:27:32,309  INFO [pool-13-thread-1] exec.FileSinkOperator: Final Path: FS file:/home/alex/Repositories/hive/ql/target/tmp/org.apache.hadoop.hive.ql.TestTxnCommands-1713965238357/warehouse/acidtbl
2024-04-24T06:27:32,309  INFO [pool-13-thread-1] exec.FileSinkOperator: New Final Path: FS file:/home/alex/Repositories/hive/ql/target/tmp/org.apache.hadoop.hive.ql.TestTxnCommands-1713965238357/warehouse/acidtbl
2024-04-24T06:27:32,309  INFO [pool-13-thread-1] common.FileUtils: Creating directory if it doesn't exist: file:/home/alex/Repositories/hive/ql/target/tmp/org.apache.hadoop.hive.ql.TestTxnCommands-1713965238357/warehouse
2024-04-24T06:27:32,309  INFO [pool-13-thread-1] exec.FileSinkOperator: FS[6]: records written - 1
2024-04-24T06:27:32,309  INFO [pool-13-thread-1] impl.PhysicalFsWriter: ORC writer created for path: file:/home/alex/Repositories/hive/ql/target/tmp/org.apache.hadoop.hive.ql.TestTxnCommands-1713965238357/warehouse/acidtbl/delta_0000001_0000001_0000/bucket_00001_0 with stripeSize: 8388608 blockSize: 268435456 compression: Compress: ZLIB buffer: 32768
2024-04-24T06:27:32,314  INFO [pool-13-thread-1] impl.WriterImpl: ORC writer created for path: file:/home/alex/Repositories/hive/ql/target/tmp/org.apache.hadoop.hive.ql.TestTxnCommands-1713965238357/warehouse/acidtbl/delta_0000001_0000001_0000/bucket_00001_0 with stripeSize: 8388608 options: Compress: ZLIB buffer: 32768
2024-04-24T06:27:32,315  INFO [pool-13-thread-1] exec.SelectOperator: Closing Operator: SEL[5]
2024-04-24T06:27:32,315  INFO [pool-13-thread-1] exec.SelectOperator: RECORDS_OUT_OPERATOR_SEL_5:2, RECORDS_OUT_INTERMEDIATE:0, 
2024-04-24T06:27:32,315  INFO [pool-13-thread-1] exec.FileSinkOperator: Closing Operator: FS[6]
2024-04-24T06:27:32,315  INFO [pool-13-thread-1] exec.FileSinkOperator: FS[6]: records written - 2
2024-04-24T06:27:32,317  INFO [pool-13-thread-1] FileOperations: Writing manifest to file:/home/alex/Repositories/hive/ql/target/tmp/org.apache.hadoop.hive.ql.TestTxnCommands-1713965238357/warehouse/acidtbl/_tmp.delta_0000001_0000001_0000/000001_0.manifest with [file:/home/alex/Repositories/hive/ql/target/tmp/org.apache.hadoop.hive.ql.TestTxnCommands-1713965238357/warehouse/acidtbl/delta_0000001_0000001_0000/bucket_00001_0]
2024-04-24T06:27:32,327  INFO [pool-13-thread-1] exec.FileSinkOperator: RECORDS_OUT_1_default.acidtbl:2, TOTAL_TABLE_ROWS_WRITTEN:2, RECORDS_OUT_INTERMEDIATE:0, RECORDS_OUT_OPERATOR_FS_6:2, 
2024-04-24T06:27:32,328  INFO [pool-13-thread-1] mapred.Task: Task:attempt_local1961208034_0002_r_000001_0 is done. And is in the process of committing
2024-04-24T06:27:32,329  INFO [pool-13-thread-1] mapred.LocalJobRunner: reduce > reduce
2024-04-24T06:27:32,329  INFO [pool-13-thread-1] mapred.Task: Task 'attempt_local1961208034_0002_r_000001_0' done.
2024-04-24T06:27:32,329  INFO [pool-13-thread-1] mapred.Task: Final Counters for attempt_local1961208034_0002_r_000001_0: Counters: 30
	File System Counters
		FILE: Number of bytes read=36640
		FILE: Number of bytes written=2358411
		FILE: Number of read operations=0
		FILE: Number of large read operations=0
		FILE: Number of write operations=0
	Map-Reduce Framework
		Combine input records=0
		Combine output records=0
		Reduce input groups=2
		Reduce shuffle bytes=42
		Reduce input records=2
		Reduce output records=0
		Spilled Records=2
		Shuffled Maps =1
		Failed Shuffles=0
		Merged Map outputs=1
		GC time elapsed (ms)=0
		Total committed heap usage (bytes)=909639680
	HIVE
		CREATED_FILES=1
		RECORDS_OUT_1_default.acidtbl=2
		RECORDS_OUT_INTERMEDIATE=0
		RECORDS_OUT_OPERATOR_FS_6=2
		RECORDS_OUT_OPERATOR_SEL_5=2
		TOTAL_TABLE_ROWS_WRITTEN=2
	Shuffle Errors
		BAD_ID=0
		CONNECTION=0
		IO_ERROR=0
		WRONG_LENGTH=0
		WRONG_MAP=0
		WRONG_REDUCE=0
	File Output Format Counters 
		Bytes Written=0
2024-04-24T06:27:32,329  INFO [pool-13-thread-1] mapred.LocalJobRunner: Finishing task: attempt_local1961208034_0002_r_000001_0
2024-04-24T06:27:32,329  INFO [Thread-139] mapred.LocalJobRunner: reduce task executor complete.
2024-04-24 06:27:33,191 Stage-1 map = 100%,  reduce = 100%
2024-04-24T06:27:33,191  INFO [main] exec.Task: 2024-04-24 06:27:33,191 Stage-1 map = 100%,  reduce = 100%
Ended Job = job_local1961208034_0002
2024-04-24T06:27:33,196  INFO [main] exec.Task: Ended Job = job_local1961208034_0002
2024-04-24T06:27:33,200  INFO [main] FileOperations: Found manifest file file:/home/alex/Repositories/hive/ql/target/tmp/org.apache.hadoop.hive.ql.TestTxnCommands-1713965238357/warehouse/acidtbl/_tmp.delta_0000001_0000001_0000/000000_0.manifest with attemptId 0.
2024-04-24T06:27:33,200  INFO [main] FileOperations: Found manifest file file:/home/alex/Repositories/hive/ql/target/tmp/org.apache.hadoop.hive.ql.TestTxnCommands-1713965238357/warehouse/acidtbl/_tmp.delta_0000001_0000001_0000/000001_0.manifest with attemptId 0.
2024-04-24T06:27:33,201  INFO [main] FileOperations: Looking at manifest file: file:/home/alex/Repositories/hive/ql/target/tmp/org.apache.hadoop.hive.ql.TestTxnCommands-1713965238357/warehouse/acidtbl/_tmp.delta_0000001_0000001_0000/000001_0.manifest
2024-04-24T06:27:33,201  INFO [main] FileOperations: Looking at manifest file: file:/home/alex/Repositories/hive/ql/target/tmp/org.apache.hadoop.hive.ql.TestTxnCommands-1713965238357/warehouse/acidtbl/_tmp.delta_0000001_0000001_0000/000000_0.manifest
2024-04-24T06:27:33,202  INFO [main] FileOperations: Deleting manifest directory file:/home/alex/Repositories/hive/ql/target/tmp/org.apache.hadoop.hive.ql.TestTxnCommands-1713965238357/warehouse/acidtbl/_tmp.delta_0000001_0000001_0000
2024-04-24T06:27:33,204  INFO [main] ql.Driver: Starting task [Stage-0:MOVE] in serial mode
Loading data to table default.acidtbl
2024-04-24T06:27:33,204  INFO [main] exec.Task: Loading data to table default.acidtbl from file:/home/alex/Repositories/hive/ql/target/tmp/org.apache.hadoop.hive.ql.TestTxnCommands-1713965238357/warehouse/acidtbl
2024-04-24T06:27:33,205  INFO [main] HiveMetaStore.audit: ugi=alex	ip=unknown-ip-addr	cmd=get_table : tbl=hive.default.acidtbl	
2024-04-24T06:27:33,215  INFO [main] metastore.HMSHandler: Skipping translation for processor with null
2024-04-24T06:27:33,215  INFO [main] HiveMetaStore.audit: ugi=alex	ip=unknown-ip-addr	cmd=get_table : tbl=hive.default.acidtbl	
2024-04-24T06:27:33,225  INFO [main] metastore.HMSHandler: Skipping translation for processor with null
2024-04-24T06:27:33,225  INFO [main] HiveMetaStore.audit: ugi=alex	ip=unknown-ip-addr	cmd=alter_table: hive.default.acidtbl newtbl=acidtbl	
2024-04-24T06:27:33,267  INFO [main] ql.Driver: Starting task [Stage-2:STATS] in serial mode
2024-04-24T06:27:33,267  INFO [main] HiveMetaStore.audit: ugi=alex	ip=unknown-ip-addr	cmd=get_table : tbl=hive.default.acidtbl	
2024-04-24T06:27:33,277  INFO [main] metastore.HMSHandler: Skipping translation for processor with null
2024-04-24T06:27:33,277  INFO [main] stats.BasicStatsTask: Executing stats task
2024-04-24T06:27:33,277  INFO [main] fs.FSStatsPublisher: created : file:/home/alex/Repositories/hive/ql/target/tmp/localscratchdir/86f4ae22-2998-4641-b1c3-b989688cfb1e/hive_2024-04-24_06-27-31_572_1015259428204090405-1/-mr-10000
2024-04-24T06:27:33,279  INFO [main] HiveMetaStore.audit: ugi=alex	ip=unknown-ip-addr	cmd=get_table : tbl=hive.default.acidtbl	
2024-04-24T06:27:33,289  INFO [main] metastore.HMSHandler: Skipping translation for processor with null
2024-04-24T06:27:33,306  WARN [main] FileOperations: Computing stats for an ACID table; stats may be inaccurate
2024-04-24T06:27:33,306  INFO [main] FileOperations: Read stats for default.acidtbl/, numRows, true, 4, false: 
2024-04-24T06:27:33,306  INFO [main] FileOperations: Read stats for default.acidtbl/, rawDataSize, true, 0, false: 
2024-04-24T06:27:33,307  INFO [main] HiveMetaStore.audit: ugi=alex	ip=unknown-ip-addr	cmd=alter_table: hive.default.acidtbl newtbl=acidtbl	
2024-04-24T06:27:33,337  INFO [main] FileOperations: Read stats for default.acidtbl/, insertCount, true, 4, false: 
2024-04-24T06:27:33,337  INFO [main] FileOperations: Read stats for default.acidtbl/, updateCount, true, 0, false: 
2024-04-24T06:27:33,337  INFO [main] FileOperations: Read stats for default.acidtbl/, deleteCount, true, 0, false: 
2024-04-24T06:27:33,340  INFO [main] stats.BasicStatsTask: Table default.acidtbl stats: [numFiles=2, numRows=4, totalSize=1380, rawDataSize=0, numFilesErasureCoded=0]
2024-04-24T06:27:33,341  INFO [main] metadata.Hive: Dumping metastore api call timing information for : execution phase
2024-04-24T06:27:33,341  INFO [main] metadata.Hive: Total time spent in each metastore function (ms): {alter_table_(String, String, String, Table, EnvironmentContext, String)=71, updateTransactionalStatistics_(UpdateTransactionalStatsRequest)=3, getTable_(GetTableRequest)=42, isCompatibleWith_(Configuration)=0}
MapReduce Jobs Launched: 
2024-04-24T06:27:33,341  INFO [main] ql.Driver: MapReduce Jobs Launched: 
Stage-Stage-1:  HDFS Read: 0 HDFS Write: 0 SUCCESS
2024-04-24T06:27:33,341  INFO [main] ql.Driver: Stage-Stage-1:  HDFS Read: 0 HDFS Write: 0 SUCCESS
Total MapReduce CPU Time Spent: 0 msec
2024-04-24T06:27:33,341  INFO [main] ql.Driver: Total MapReduce CPU Time Spent: 0 msec
2024-04-24T06:27:33,341  INFO [main] ql.Driver: Completed executing command(queryId=alex_20240424062731_72412a48-9960-4649-8977-dc5c2db6eedc); Time taken: 1.463 seconds
2024-04-24T06:27:33,341  INFO [main] lockmgr.DbTxnManager: Stopped heartbeat for query: alex_20240424062731_72412a48-9960-4649-8977-dc5c2db6eedc
2024-04-24T06:27:33,353  INFO [main] txn.TxnHandler: Removed transactions: ([14]) from MIN_HISTORY_LEVEL
2024-04-24T06:27:33,353  WARN [main] txn.CompactionTxnHandler: No compaction queue record found for Compaction type transaction commit. txnId:14
2024-04-24T06:27:33,354  INFO [main] ql.TxnCommandsBaseForTests: Running the query: merge into acidTbl as t using nonAcidOrcTbl s ON t.a = s.a WHEN MATCHED AND s.a < 3 THEN update set b = 0 WHEN MATCHED and t.a > 3 and t.a < 5 THEN DELETE WHEN NOT MATCHED THEN INSERT VALUES(s.a, s.b) 
2024-04-24T06:27:33,354  INFO [main] ql.Context: Deleting scratch dir: file:/home/alex/Repositories/hive/ql/target/tmp/localscratchdir/86f4ae22-2998-4641-b1c3-b989688cfb1e/hive_2024-04-24_06-27-31_572_1015259428204090405-1
2024-04-24T06:27:33,355  INFO [main] cleanup.SyncCleanupService: Deleted directory: file:/home/alex/Repositories/hive/ql/target/tmp/localscratchdir/86f4ae22-2998-4641-b1c3-b989688cfb1e/hive_2024-04-24_06-27-31_572_1015259428204090405-1 on fs with scheme file
2024-04-24T06:27:33,355  INFO [main] ql.Driver: Compiling command(queryId=alex_20240424062733_2793a937-8424-4575-af8f-762a90b5dc96): merge into acidTbl as t using nonAcidOrcTbl s ON t.a = s.a WHEN MATCHED AND s.a < 3 THEN update set b = 0 WHEN MATCHED and t.a > 3 and t.a < 5 THEN DELETE WHEN NOT MATCHED THEN INSERT VALUES(s.a, s.b) 
2024-04-24T06:27:33,363  INFO [main] txn.TxnHandler: Added entries to MIN_HISTORY_LEVEL for current txns: ([15]) with min_open_txn: 15
2024-04-24T06:27:33,363  INFO [main] lockmgr.DbTxnManager: Opened txnid:15
2024-04-24T06:27:33,364  INFO [main] parse.MergeSemanticAnalyzer: Starting caching scope for: 
2024-04-24T06:27:33,365  INFO [main] HiveMetaStore.audit: ugi=alex	ip=unknown-ip-addr	cmd=get_table : tbl=hive.default.acidTbl	
2024-04-24T06:27:33,374  INFO [main] metastore.HMSHandler: Skipping translation for processor with null
2024-04-24T06:27:33,377  INFO [main] HiveMetaStore.audit: ugi=alex	ip=unknown-ip-addr	cmd=get_table : tbl=hive.default.merge_tmp_table	
2024-04-24T06:27:33,401  INFO [main] utils.FileUtils: Creating directory if it doesn't exist: file:/home/alex/Repositories/hive/ql/target/tmp/scratchdir/alex/86f4ae22-2998-4641-b1c3-b989688cfb1e/_tmp_space.db/merge_tmp_table
2024-04-24T06:27:33,404  INFO [main] parse.RewriteSemanticAnalyzer: Going to reparse <merge into acidTbl as t using nonAcidOrcTbl s ON t.a = s.a WHEN MATCHED AND s.a < 3 THEN update set b = 0 WHEN MATCHED and t.a > 3 and t.a < 5 THEN DELETE WHEN NOT MATCHED THEN INSERT VALUES(s.a, s.b) > as 
<FROM
  `default`.`acidTbl` `t`
  RIGHT OUTER JOIN
  `default`.`nonAcidOrcTbl` `s`
  ON `t`.`a` = `s`.`a`
INSERT INTO `default`.`acidTbl`    -- update clause(insert part)
 SELECT `t`.`a`, 0
   WHERE `t`.`a` = `s`.`a` AND `s`.`a` < 3
INSERT INTO `default`.`acidTbl`    -- update clause (delete part)
 SELECT `t`.ROW__ID 
   WHERE `t`.`a` = `s`.`a` AND `s`.`a` < 3
 SORT BY `t`.ROW__ID 
INSERT INTO `default`.`acidTbl`    -- delete clause
 SELECT `t`.ROW__ID 
   WHERE `t`.`a` = `s`.`a` AND `t`.`a` > 3 and `t`.`a` < 5 AND NOT(`s`.`a` < 3)
 SORT BY `t`.ROW__ID 
INSERT INTO `default`.`acidTbl`    -- insert clause
  SELECT `s`.`a`, `s`.`b`
   WHERE `t`.`a` IS NULL
INSERT INTO merge_tmp_table
  SELECT cardinality_violation(`t`.ROW__ID)
 WHERE `t`.`a` = `s`.`a` GROUP BY `t`.ROW__ID HAVING count(*) > 1>
2024-04-24T06:27:33,410  INFO [main] parse.MergeSemanticAnalyzer: Starting Semantic Analysis
2024-04-24T06:27:33,416  INFO [main] parse.MergeSemanticAnalyzer: Completed phase 1 of Semantic Analysis
2024-04-24T06:27:33,417  INFO [main] parse.MergeSemanticAnalyzer: Get metadata for source tables
2024-04-24T06:27:33,418  INFO [main] HiveMetaStore.audit: ugi=alex	ip=unknown-ip-addr	cmd=get_table : tbl=hive.default.acidtbl	
2024-04-24T06:27:33,432  INFO [main] metastore.HMSHandler: Skipping translation for processor with null
2024-04-24T06:27:33,434  INFO [main] HiveMetaStore.audit: ugi=alex	ip=unknown-ip-addr	cmd=get_table : tbl=hive.default.nonacidorctbl	
2024-04-24T06:27:33,446  INFO [main] metastore.HMSHandler: Skipping translation for processor with null
2024-04-24T06:27:33,447  INFO [main] parse.MergeSemanticAnalyzer: Get metadata for subqueries
2024-04-24T06:27:33,447  INFO [main] parse.MergeSemanticAnalyzer: Get metadata for destination tables
2024-04-24T06:27:33,447  INFO [main] HiveMetaStore.audit: ugi=alex	ip=unknown-ip-addr	cmd=get_table : tbl=hive.default.acidTbl	
2024-04-24T06:27:33,457  INFO [main] metastore.HMSHandler: Skipping translation for processor with null
2024-04-24T06:27:33,458  INFO [main] HiveMetaStore.audit: ugi=alex	ip=unknown-ip-addr	cmd=get_table : tbl=hive.default.acidTbl	
2024-04-24T06:27:33,469  INFO [main] metastore.HMSHandler: Skipping translation for processor with null
2024-04-24T06:27:33,470  INFO [main] HiveMetaStore.audit: ugi=alex	ip=unknown-ip-addr	cmd=get_table : tbl=hive.default.acidTbl	
2024-04-24T06:27:33,482  INFO [main] metastore.HMSHandler: Skipping translation for processor with null
2024-04-24T06:27:33,483  INFO [main] HiveMetaStore.audit: ugi=alex	ip=unknown-ip-addr	cmd=get_table : tbl=hive.default.acidTbl	
2024-04-24T06:27:33,494  INFO [main] metastore.HMSHandler: Skipping translation for processor with null
2024-04-24T06:27:33,494  INFO [main] parse.MergeSemanticAnalyzer: Completed getting MetaData in Semantic Analysis
2024-04-24T06:27:33,494  INFO [main] parse.MergeSemanticAnalyzer: Disabling LLAP IO encode as ETL query is detected
2024-04-24T06:27:33,497  INFO [main] parse.MergeSemanticAnalyzer: Get metadata for source tables
2024-04-24T06:27:33,497  INFO [main] parse.MergeSemanticAnalyzer: Get metadata for subqueries
2024-04-24T06:27:33,497  INFO [main] parse.MergeSemanticAnalyzer: Get metadata for destination tables
2024-04-24T06:27:33,512  INFO [main] HiveMetaStore.audit: ugi=alex	ip=unknown-ip-addr	cmd=get_all_table_constraints : tbl=hive.default.acidtbl	
2024-04-24T06:27:33,521  INFO [main] HiveMetaStore.audit: ugi=alex	ip=unknown-ip-addr	cmd=get_all_table_constraints : tbl=hive.default.nonacidorctbl	
2024-04-24T06:27:33,690  INFO [main] calcite.RelOptHiveTable: Calculating column statistics for default.acidtbl, projIndxSet: [0], allowMissingStats: true
2024-04-24T06:27:33,695  INFO [main] HiveMetaStore.audit: ugi=alex	ip=unknown-ip-addr	cmd=get_table : tbl=hive.default.acidtbl	
2024-04-24T06:27:33,706  INFO [main] metastore.HMSHandler: Skipping translation for processor with null
2024-04-24T06:27:33,707  INFO [main] HiveMetaStore.audit: ugi=alex	ip=unknown-ip-addr	cmd=get_table : tbl=hive.default.acidtbl	
2024-04-24T06:27:33,718  INFO [main] metastore.HMSHandler: Skipping translation for processor with null
2024-04-24T06:27:33,718  INFO [main] HiveMetaStore.audit: ugi=alex	ip=unknown-ip-addr	cmd=get_table_statistics_req: table=hive.default.acidtbl	
2024-04-24T06:27:33,735  WARN [main] calcite.RelOptHiveTable: No Stats for default@acidtbl, Columns: a
No Stats for default@acidtbl, Columns: a
2024-04-24T06:27:33,735  INFO [main] SessionState: No Stats for default@acidtbl, Columns: a
2024-04-24T06:27:33,736  INFO [main] calcite.RelOptHiveTable: Calculating column statistics for default.nonacidorctbl, projIndxSet: [0, 1], allowMissingStats: true
2024-04-24T06:27:33,736  INFO [main] HiveMetaStore.audit: ugi=alex	ip=unknown-ip-addr	cmd=get_table : tbl=hive.default.nonacidorctbl	
2024-04-24T06:27:33,750  INFO [main] metastore.HMSHandler: Skipping translation for processor with null
2024-04-24T06:27:33,750  INFO [main] HiveMetaStore.audit: ugi=alex	ip=unknown-ip-addr	cmd=get_table : tbl=hive.default.nonacidorctbl	
2024-04-24T06:27:33,764  INFO [main] metastore.HMSHandler: Skipping translation for processor with null
2024-04-24T06:27:33,764  INFO [main] HiveMetaStore.audit: ugi=alex	ip=unknown-ip-addr	cmd=get_table_statistics_req: table=hive.default.nonacidorctbl	
2024-04-24T06:27:33,781  WARN [main] calcite.RelOptHiveTable: No Stats for default@nonacidorctbl, Columns: a, b
No Stats for default@nonacidorctbl, Columns: a, b
2024-04-24T06:27:33,781  INFO [main] SessionState: No Stats for default@nonacidorctbl, Columns: a, b
2024-04-24T06:27:34,033  INFO [main] parse.MergeSemanticAnalyzer: Get metadata for source tables
2024-04-24T06:27:34,033  INFO [main] parse.MergeSemanticAnalyzer: Get metadata for subqueries
2024-04-24T06:27:34,033  INFO [main] parse.MergeSemanticAnalyzer: Get metadata for source tables
2024-04-24T06:27:34,033  INFO [main] parse.MergeSemanticAnalyzer: Get metadata for subqueries
2024-04-24T06:27:34,033  INFO [main] parse.MergeSemanticAnalyzer: Get metadata for source tables
2024-04-24T06:27:34,033  INFO [main] parse.MergeSemanticAnalyzer: Get metadata for subqueries
2024-04-24T06:27:34,033  INFO [main] parse.MergeSemanticAnalyzer: Get metadata for destination tables
2024-04-24T06:27:34,033  INFO [main] parse.MergeSemanticAnalyzer: Get metadata for source tables
2024-04-24T06:27:34,033  INFO [main] parse.MergeSemanticAnalyzer: Get metadata for subqueries
2024-04-24T06:27:34,033  INFO [main] parse.MergeSemanticAnalyzer: Get metadata for destination tables
2024-04-24T06:27:34,033  INFO [main] parse.MergeSemanticAnalyzer: Get metadata for destination tables
2024-04-24T06:27:34,033  INFO [main] parse.MergeSemanticAnalyzer: Get metadata for destination tables
2024-04-24T06:27:34,034  INFO [main] HiveMetaStore.audit: ugi=alex	ip=unknown-ip-addr	cmd=get_table : tbl=hive.default.acidTbl	
2024-04-24T06:27:34,043  INFO [main] metastore.HMSHandler: Skipping translation for processor with null
2024-04-24T06:27:34,043  INFO [main] HiveMetaStore.audit: ugi=alex	ip=unknown-ip-addr	cmd=get_table : tbl=hive.default.acidTbl	
2024-04-24T06:27:34,052  INFO [main] metastore.HMSHandler: Skipping translation for processor with null
2024-04-24T06:27:34,053  INFO [main] HiveMetaStore.audit: ugi=alex	ip=unknown-ip-addr	cmd=get_table : tbl=hive.default.acidTbl	
2024-04-24T06:27:34,063  INFO [main] metastore.HMSHandler: Skipping translation for processor with null
2024-04-24T06:27:34,063  INFO [main] HiveMetaStore.audit: ugi=alex	ip=unknown-ip-addr	cmd=get_table : tbl=hive.default.acidTbl	
2024-04-24T06:27:34,072  INFO [main] metastore.HMSHandler: Skipping translation for processor with null
2024-04-24T06:27:34,090 ERROR [main] parse.MergeSemanticAnalyzer: CBO failed, skipping CBO. 
org.apache.hadoop.hive.ql.exec.NoMatchingMethodException: No matching method for class org.apache.hadoop.hive.ql.udf.UDFToInteger with (struct<writeid:bigint,bucketid:int,rowid:bigint>). Possible choices: _FUNC_(bigint)  _FUNC_(boolean)  _FUNC_(decimal(38,18))  _FUNC_(double)  _FUNC_(float)  _FUNC_(smallint)  _FUNC_(string)  _FUNC_(struct<writeid:int,bucketid:bigint,rowid:bigint>)  _FUNC_(timestamp)  _FUNC_(tinyint)  _FUNC_(void)  
	at org.apache.hadoop.hive.ql.exec.MethodUtils.getMethodInternal(MethodUtils.java:130) ~[classes/:?]
	at org.apache.hadoop.hive.ql.exec.MethodUtils.getMethodInternal(MethodUtils.java:60) ~[classes/:?]
	at org.apache.hadoop.hive.ql.exec.DefaultUDFMethodResolver.getEvalMethod(DefaultUDFMethodResolver.java:59) ~[classes/:?]
	at org.apache.hadoop.hive.ql.udf.TimestampCastRestrictorResolver.getEvalMethod(TimestampCastRestrictorResolver.java:68) ~[classes/:?]
	at org.apache.hadoop.hive.ql.udf.generic.GenericUDFBridge.initialize(GenericUDFBridge.java:168) ~[classes/:?]
	at org.apache.hadoop.hive.ql.udf.generic.GenericUDF.initializeAndFoldConstants(GenericUDF.java:149) ~[classes/:?]
	at org.apache.hadoop.hive.ql.plan.ExprNodeGenericFuncDesc.newInstance(ExprNodeGenericFuncDesc.java:235) ~[classes/:?]
	at org.apache.hadoop.hive.ql.parse.type.ExprNodeDescExprFactory.createFuncCallExpr(ExprNodeDescExprFactory.java:584) ~[classes/:?]
	at org.apache.hadoop.hive.ql.parse.type.ExprNodeDescExprFactory.createFuncCallExpr(ExprNodeDescExprFactory.java:97) ~[classes/:?]
	at org.apache.hadoop.hive.ql.parse.type.TypeCheckProcFactory$DefaultExprProcessor.getFuncExprNodeDescWithUdfData(TypeCheckProcFactory.java:762) ~[classes/:?]
	at org.apache.hadoop.hive.ql.parse.type.TypeCheckProcFactory$DefaultExprProcessor.createConversionCast(TypeCheckProcFactory.java:783) ~[classes/:?]
	at org.apache.hadoop.hive.ql.parse.SemanticAnalyzer.getPartitionColsFromBucketColsForUpdateDelete(SemanticAnalyzer.java:8725) ~[classes/:?]
	at org.apache.hadoop.hive.ql.parse.SemanticAnalyzer.genBucketingSortingDest(SemanticAnalyzer.java:6906) ~[classes/:?]
	at org.apache.hadoop.hive.ql.parse.SemanticAnalyzer.genFileSinkPlan(SemanticAnalyzer.java:7335) ~[classes/:?]
	at org.apache.hadoop.hive.ql.parse.SemanticAnalyzer.genPostGroupByBodyPlan(SemanticAnalyzer.java:11063) ~[classes/:?]
	at org.apache.hadoop.hive.ql.parse.SemanticAnalyzer.genBodyPlan(SemanticAnalyzer.java:10938) ~[classes/:?]
	at org.apache.hadoop.hive.ql.parse.SemanticAnalyzer.genPlan(SemanticAnalyzer.java:11853) ~[classes/:?]
	at org.apache.hadoop.hive.ql.parse.SemanticAnalyzer.genPlan(SemanticAnalyzer.java:11723) ~[classes/:?]
	at org.apache.hadoop.hive.ql.parse.CalcitePlanner.genOPTree(CalcitePlanner.java:626) ~[classes/:?]
	at org.apache.hadoop.hive.ql.parse.SemanticAnalyzer.analyzeInternal(SemanticAnalyzer.java:12558) ~[classes/:?]
	at org.apache.hadoop.hive.ql.parse.CalcitePlanner.analyzeInternal(CalcitePlanner.java:456) ~[classes/:?]
	at org.apache.hadoop.hive.ql.parse.RewriteSemanticAnalyzer.analyzeInternal(RewriteSemanticAnalyzer.java:67) ~[classes/:?]
	at org.apache.hadoop.hive.ql.parse.BaseSemanticAnalyzer.analyze(BaseSemanticAnalyzer.java:317) ~[classes/:?]
	at org.apache.hadoop.hive.ql.parse.MergeSemanticAnalyzer.analyzeMerge(MergeSemanticAnalyzer.java:317) ~[classes/:?]
	at org.apache.hadoop.hive.ql.parse.MergeSemanticAnalyzer.analyze(MergeSemanticAnalyzer.java:63) ~[classes/:?]
	at org.apache.hadoop.hive.ql.parse.RewriteSemanticAnalyzer.analyzeInternal(RewriteSemanticAnalyzer.java:72) ~[classes/:?]
	at org.apache.hadoop.hive.ql.parse.BaseSemanticAnalyzer.analyze(BaseSemanticAnalyzer.java:317) ~[classes/:?]
	at org.apache.hadoop.hive.ql.Compiler.analyze(Compiler.java:223) ~[classes/:?]
	at org.apache.hadoop.hive.ql.Compiler.compile(Compiler.java:105) ~[classes/:?]
	at org.apache.hadoop.hive.ql.Driver.compile(Driver.java:500) ~[classes/:?]
	at org.apache.hadoop.hive.ql.Driver.compileInternal(Driver.java:453) ~[classes/:?]
	at org.apache.hadoop.hive.ql.Driver.runInternal(Driver.java:181) ~[classes/:?]
	at org.apache.hadoop.hive.ql.Driver.run(Driver.java:153) ~[classes/:?]
	at org.apache.hadoop.hive.ql.Driver.run(Driver.java:140) ~[classes/:?]
	at org.apache.hadoop.hive.ql.TxnCommandsBaseForTests.runStatementOnDriver(TxnCommandsBaseForTests.java:245) ~[test-classes/:?]
	at org.apache.hadoop.hive.ql.TestTxnCommands.testMergeUpdateDelete(TestTxnCommands.java:1242) ~[test-classes/:?]
	at sun.reflect.NativeMethodAccessorImpl.invoke0(Native Method) ~[?:1.8.0_402]
	at sun.reflect.NativeMethodAccessorImpl.invoke(NativeMethodAccessorImpl.java:62) ~[?:1.8.0_402]
	at sun.reflect.DelegatingMethodAccessorImpl.invoke(DelegatingMethodAccessorImpl.java:43) ~[?:1.8.0_402]
	at java.lang.reflect.Method.invoke(Method.java:498) ~[?:1.8.0_402]
	at org.junit.runners.model.FrameworkMethod$1.runReflectiveCall(FrameworkMethod.java:59) ~[junit-4.13.jar:4.13]
	at org.junit.internal.runners.model.ReflectiveCallable.run(ReflectiveCallable.java:12) ~[junit-4.13.jar:4.13]
	at org.junit.runners.model.FrameworkMethod.invokeExplosively(FrameworkMethod.java:56) ~[junit-4.13.jar:4.13]
	at org.junit.internal.runners.statements.InvokeMethod.evaluate(InvokeMethod.java:17) ~[junit-4.13.jar:4.13]
	at org.junit.internal.runners.statements.RunBefores.evaluate(RunBefores.java:26) ~[junit-4.13.jar:4.13]
	at org.junit.internal.runners.statements.RunAfters.evaluate(RunAfters.java:27) ~[junit-4.13.jar:4.13]
	at org.junit.rules.TestWatcher$1.evaluate(TestWatcher.java:61) ~[junit-4.13.jar:4.13]
	at org.junit.runners.ParentRunner$3.evaluate(ParentRunner.java:306) ~[junit-4.13.jar:4.13]
	at org.junit.runners.BlockJUnit4ClassRunner$1.evaluate(BlockJUnit4ClassRunner.java:100) ~[junit-4.13.jar:4.13]
	at org.junit.runners.ParentRunner.runLeaf(ParentRunner.java:366) ~[junit-4.13.jar:4.13]
	at org.junit.runners.BlockJUnit4ClassRunner.runChild(BlockJUnit4ClassRunner.java:103) ~[junit-4.13.jar:4.13]
	at org.junit.runners.BlockJUnit4ClassRunner.runChild(BlockJUnit4ClassRunner.java:63) ~[junit-4.13.jar:4.13]
	at org.junit.runners.ParentRunner$4.run(ParentRunner.java:331) ~[junit-4.13.jar:4.13]
	at org.junit.runners.ParentRunner$1.schedule(ParentRunner.java:79) ~[junit-4.13.jar:4.13]
	at org.junit.runners.ParentRunner.runChildren(ParentRunner.java:329) ~[junit-4.13.jar:4.13]
	at org.junit.runners.ParentRunner.access$100(ParentRunner.java:66) ~[junit-4.13.jar:4.13]
	at org.junit.runners.ParentRunner$2.evaluate(ParentRunner.java:293) ~[junit-4.13.jar:4.13]
	at org.junit.runners.ParentRunner$3.evaluate(ParentRunner.java:306) ~[junit-4.13.jar:4.13]
	at org.junit.runners.ParentRunner.run(ParentRunner.java:413) ~[junit-4.13.jar:4.13]
	at org.junit.runner.JUnitCore.run(JUnitCore.java:137) ~[junit-4.13.jar:4.13]
	at org.junit.runner.JUnitCore.run(JUnitCore.java:115) ~[junit-4.13.jar:4.13]
	at org.junit.vintage.engine.execution.RunnerExecutor.execute(RunnerExecutor.java:43) ~[junit-vintage-engine-5.6.2.jar:5.6.2]
	at java.util.stream.ForEachOps$ForEachOp$OfRef.accept(ForEachOps.java:183) ~[?:1.8.0_402]
	at java.util.stream.ReferencePipeline$3$1.accept(ReferencePipeline.java:193) ~[?:1.8.0_402]
	at java.util.Iterator.forEachRemaining(Iterator.java:116) ~[?:1.8.0_402]
	at java.util.Spliterators$IteratorSpliterator.forEachRemaining(Spliterators.java:1801) ~[?:1.8.0_402]
	at java.util.stream.AbstractPipeline.copyInto(AbstractPipeline.java:482) ~[?:1.8.0_402]
	at java.util.stream.AbstractPipeline.wrapAndCopyInto(AbstractPipeline.java:472) ~[?:1.8.0_402]
	at java.util.stream.ForEachOps$ForEachOp.evaluateSequential(ForEachOps.java:150) ~[?:1.8.0_402]
	at java.util.stream.ForEachOps$ForEachOp$OfRef.evaluateSequential(ForEachOps.java:173) ~[?:1.8.0_402]
	at java.util.stream.AbstractPipeline.evaluate(AbstractPipeline.java:234) ~[?:1.8.0_402]
	at java.util.stream.ReferencePipeline.forEach(ReferencePipeline.java:485) ~[?:1.8.0_402]
	at org.junit.vintage.engine.VintageTestEngine.executeAllChildren(VintageTestEngine.java:82) ~[junit-vintage-engine-5.6.2.jar:5.6.2]
	at org.junit.vintage.engine.VintageTestEngine.execute(VintageTestEngine.java:73) ~[junit-vintage-engine-5.6.2.jar:5.6.2]
	at org.junit.platform.launcher.core.DefaultLauncher.execute(DefaultLauncher.java:248) ~[junit-platform-launcher-1.6.2.jar:1.6.2]
	at org.junit.platform.launcher.core.DefaultLauncher.lambda$execute$5(DefaultLauncher.java:211) ~[junit-platform-launcher-1.6.2.jar:1.6.2]
	at org.junit.platform.launcher.core.DefaultLauncher.withInterceptedStreams(DefaultLauncher.java:226) [junit-platform-launcher-1.6.2.jar:1.6.2]
	at org.junit.platform.launcher.core.DefaultLauncher.execute(DefaultLauncher.java:199) [junit-platform-launcher-1.6.2.jar:1.6.2]
	at org.junit.platform.launcher.core.DefaultLauncher.execute(DefaultLauncher.java:132) [junit-platform-launcher-1.6.2.jar:1.6.2]
	at org.apache.maven.surefire.junitplatform.JUnitPlatformProvider.invokeAllTests(JUnitPlatformProvider.java:154) [surefire-junit-platform-3.0.0-M4.jar:3.0.0-M4]
	at org.apache.maven.surefire.junitplatform.JUnitPlatformProvider.invoke(JUnitPlatformProvider.java:123) [surefire-junit-platform-3.0.0-M4.jar:3.0.0-M4]
	at org.apache.maven.surefire.booter.ForkedBooter.runSuitesInProcess(ForkedBooter.java:377) [surefire-booter-3.0.0-M4.jar:3.0.0-M4]
	at org.apache.maven.surefire.booter.ForkedBooter.execute(ForkedBooter.java:138) [surefire-booter-3.0.0-M4.jar:3.0.0-M4]
	at org.apache.maven.surefire.booter.ForkedBooter.run(ForkedBooter.java:465) [surefire-booter-3.0.0-M4.jar:3.0.0-M4]
	at org.apache.maven.surefire.booter.ForkedBooter.main(ForkedBooter.java:451) [surefire-booter-3.0.0-M4.jar:3.0.0-M4]
2024-04-24T06:27:34,092 ERROR [main] parse.MergeSemanticAnalyzer: CBO failed due to missing column stats (see previous errors), skipping CBO
2024-04-24T06:27:34,092  INFO [main] parse.MergeSemanticAnalyzer: Ending caching scope for: 
FAILED: NoMatchingMethodException No matching method for class org.apache.hadoop.hive.ql.udf.UDFToInteger with (struct<writeid:bigint,bucketid:int,rowid:bigint>). Possible choices: _FUNC_(bigint)  _FUNC_(boolean)  _FUNC_(decimal(38,18))  _FUNC_(double)  _FUNC_(float)  _FUNC_(smallint)  _FUNC_(string)  _FUNC_(struct<writeid:int,bucketid:bigint,rowid:bigint>)  _FUNC_(timestamp)  _FUNC_(tinyint)  _FUNC_(void)  
2024-04-24T06:27:34,093 ERROR [main] ql.Driver: FAILED: NoMatchingMethodException No matching method for class org.apache.hadoop.hive.ql.udf.UDFToInteger with (struct<writeid:bigint,bucketid:int,rowid:bigint>). Possible choices: _FUNC_(bigint)  _FUNC_(boolean)  _FUNC_(decimal(38,18))  _FUNC_(double)  _FUNC_(float)  _FUNC_(smallint)  _FUNC_(string)  _FUNC_(struct<writeid:int,bucketid:bigint,rowid:bigint>)  _FUNC_(timestamp)  _FUNC_(tinyint)  _FUNC_(void)  
org.apache.hadoop.hive.ql.exec.NoMatchingMethodException: No matching method for class org.apache.hadoop.hive.ql.udf.UDFToInteger with (struct<writeid:bigint,bucketid:int,rowid:bigint>). Possible choices: _FUNC_(bigint)  _FUNC_(boolean)  _FUNC_(decimal(38,18))  _FUNC_(double)  _FUNC_(float)  _FUNC_(smallint)  _FUNC_(string)  _FUNC_(struct<writeid:int,bucketid:bigint,rowid:bigint>)  _FUNC_(timestamp)  _FUNC_(tinyint)  _FUNC_(void)  
	at org.apache.hadoop.hive.ql.exec.MethodUtils.getMethodInternal(MethodUtils.java:130)
	at org.apache.hadoop.hive.ql.exec.MethodUtils.getMethodInternal(MethodUtils.java:60)
	at org.apache.hadoop.hive.ql.exec.DefaultUDFMethodResolver.getEvalMethod(DefaultUDFMethodResolver.java:59)
	at org.apache.hadoop.hive.ql.udf.TimestampCastRestrictorResolver.getEvalMethod(TimestampCastRestrictorResolver.java:68)
	at org.apache.hadoop.hive.ql.udf.generic.GenericUDFBridge.initialize(GenericUDFBridge.java:168)
	at org.apache.hadoop.hive.ql.udf.generic.GenericUDF.initializeAndFoldConstants(GenericUDF.java:149)
	at org.apache.hadoop.hive.ql.plan.ExprNodeGenericFuncDesc.newInstance(ExprNodeGenericFuncDesc.java:235)
	at org.apache.hadoop.hive.ql.parse.type.ExprNodeDescExprFactory.createFuncCallExpr(ExprNodeDescExprFactory.java:584)
	at org.apache.hadoop.hive.ql.parse.type.ExprNodeDescExprFactory.createFuncCallExpr(ExprNodeDescExprFactory.java:97)
	at org.apache.hadoop.hive.ql.parse.type.TypeCheckProcFactory$DefaultExprProcessor.getFuncExprNodeDescWithUdfData(TypeCheckProcFactory.java:762)
	at org.apache.hadoop.hive.ql.parse.type.TypeCheckProcFactory$DefaultExprProcessor.createConversionCast(TypeCheckProcFactory.java:783)
	at org.apache.hadoop.hive.ql.parse.SemanticAnalyzer.getPartitionColsFromBucketColsForUpdateDelete(SemanticAnalyzer.java:8725)
	at org.apache.hadoop.hive.ql.parse.SemanticAnalyzer.genBucketingSortingDest(SemanticAnalyzer.java:6906)
	at org.apache.hadoop.hive.ql.parse.SemanticAnalyzer.genFileSinkPlan(SemanticAnalyzer.java:7335)
	at org.apache.hadoop.hive.ql.parse.SemanticAnalyzer.genPostGroupByBodyPlan(SemanticAnalyzer.java:11063)
	at org.apache.hadoop.hive.ql.parse.SemanticAnalyzer.genBodyPlan(SemanticAnalyzer.java:10938)
	at org.apache.hadoop.hive.ql.parse.SemanticAnalyzer.genPlan(SemanticAnalyzer.java:11853)
	at org.apache.hadoop.hive.ql.parse.SemanticAnalyzer.genPlan(SemanticAnalyzer.java:11723)
	at org.apache.hadoop.hive.ql.parse.CalcitePlanner.genOPTree(CalcitePlanner.java:626)
	at org.apache.hadoop.hive.ql.parse.SemanticAnalyzer.analyzeInternal(SemanticAnalyzer.java:12558)
	at org.apache.hadoop.hive.ql.parse.CalcitePlanner.analyzeInternal(CalcitePlanner.java:456)
	at org.apache.hadoop.hive.ql.parse.RewriteSemanticAnalyzer.analyzeInternal(RewriteSemanticAnalyzer.java:67)
	at org.apache.hadoop.hive.ql.parse.BaseSemanticAnalyzer.analyze(BaseSemanticAnalyzer.java:317)
	at org.apache.hadoop.hive.ql.parse.MergeSemanticAnalyzer.analyzeMerge(MergeSemanticAnalyzer.java:317)
	at org.apache.hadoop.hive.ql.parse.MergeSemanticAnalyzer.analyze(MergeSemanticAnalyzer.java:63)
	at org.apache.hadoop.hive.ql.parse.RewriteSemanticAnalyzer.analyzeInternal(RewriteSemanticAnalyzer.java:72)
	at org.apache.hadoop.hive.ql.parse.BaseSemanticAnalyzer.analyze(BaseSemanticAnalyzer.java:317)
	at org.apache.hadoop.hive.ql.Compiler.analyze(Compiler.java:223)
	at org.apache.hadoop.hive.ql.Compiler.compile(Compiler.java:105)
	at org.apache.hadoop.hive.ql.Driver.compile(Driver.java:500)
	at org.apache.hadoop.hive.ql.Driver.compileInternal(Driver.java:453)
	at org.apache.hadoop.hive.ql.Driver.runInternal(Driver.java:181)
	at org.apache.hadoop.hive.ql.Driver.run(Driver.java:153)
	at org.apache.hadoop.hive.ql.Driver.run(Driver.java:140)
	at org.apache.hadoop.hive.ql.TxnCommandsBaseForTests.runStatementOnDriver(TxnCommandsBaseForTests.java:245)
	at org.apache.hadoop.hive.ql.TestTxnCommands.testMergeUpdateDelete(TestTxnCommands.java:1242)
	at sun.reflect.NativeMethodAccessorImpl.invoke0(Native Method)
	at sun.reflect.NativeMethodAccessorImpl.invoke(NativeMethodAccessorImpl.java:62)
	at sun.reflect.DelegatingMethodAccessorImpl.invoke(DelegatingMethodAccessorImpl.java:43)
	at java.lang.reflect.Method.invoke(Method.java:498)
	at org.junit.runners.model.FrameworkMethod$1.runReflectiveCall(FrameworkMethod.java:59)
	at org.junit.internal.runners.model.ReflectiveCallable.run(ReflectiveCallable.java:12)
	at org.junit.runners.model.FrameworkMethod.invokeExplosively(FrameworkMethod.java:56)
	at org.junit.internal.runners.statements.InvokeMethod.evaluate(InvokeMethod.java:17)
	at org.junit.internal.runners.statements.RunBefores.evaluate(RunBefores.java:26)
	at org.junit.internal.runners.statements.RunAfters.evaluate(RunAfters.java:27)
	at org.junit.rules.TestWatcher$1.evaluate(TestWatcher.java:61)
	at org.junit.runners.ParentRunner$3.evaluate(ParentRunner.java:306)
	at org.junit.runners.BlockJUnit4ClassRunner$1.evaluate(BlockJUnit4ClassRunner.java:100)
	at org.junit.runners.ParentRunner.runLeaf(ParentRunner.java:366)
	at org.junit.runners.BlockJUnit4ClassRunner.runChild(BlockJUnit4ClassRunner.java:103)
	at org.junit.runners.BlockJUnit4ClassRunner.runChild(BlockJUnit4ClassRunner.java:63)
	at org.junit.runners.ParentRunner$4.run(ParentRunner.java:331)
	at org.junit.runners.ParentRunner$1.schedule(ParentRunner.java:79)
	at org.junit.runners.ParentRunner.runChildren(ParentRunner.java:329)
	at org.junit.runners.ParentRunner.access$100(ParentRunner.java:66)
	at org.junit.runners.ParentRunner$2.evaluate(ParentRunner.java:293)
	at org.junit.runners.ParentRunner$3.evaluate(ParentRunner.java:306)
	at org.junit.runners.ParentRunner.run(ParentRunner.java:413)
	at org.junit.runner.JUnitCore.run(JUnitCore.java:137)
	at org.junit.runner.JUnitCore.run(JUnitCore.java:115)
	at org.junit.vintage.engine.execution.RunnerExecutor.execute(RunnerExecutor.java:43)
	at java.util.stream.ForEachOps$ForEachOp$OfRef.accept(ForEachOps.java:183)
	at java.util.stream.ReferencePipeline$3$1.accept(ReferencePipeline.java:193)
	at java.util.Iterator.forEachRemaining(Iterator.java:116)
	at java.util.Spliterators$IteratorSpliterator.forEachRemaining(Spliterators.java:1801)
	at java.util.stream.AbstractPipeline.copyInto(AbstractPipeline.java:482)
	at java.util.stream.AbstractPipeline.wrapAndCopyInto(AbstractPipeline.java:472)
	at java.util.stream.ForEachOps$ForEachOp.evaluateSequential(ForEachOps.java:150)
	at java.util.stream.ForEachOps$ForEachOp$OfRef.evaluateSequential(ForEachOps.java:173)
	at java.util.stream.AbstractPipeline.evaluate(AbstractPipeline.java:234)
	at java.util.stream.ReferencePipeline.forEach(ReferencePipeline.java:485)
	at org.junit.vintage.engine.VintageTestEngine.executeAllChildren(VintageTestEngine.java:82)
	at org.junit.vintage.engine.VintageTestEngine.execute(VintageTestEngine.java:73)
	at org.junit.platform.launcher.core.DefaultLauncher.execute(DefaultLauncher.java:248)
	at org.junit.platform.launcher.core.DefaultLauncher.lambda$execute$5(DefaultLauncher.java:211)
	at org.junit.platform.launcher.core.DefaultLauncher.withInterceptedStreams(DefaultLauncher.java:226)
	at org.junit.platform.launcher.core.DefaultLauncher.execute(DefaultLauncher.java:199)
	at org.junit.platform.launcher.core.DefaultLauncher.execute(DefaultLauncher.java:132)
	at org.apache.maven.surefire.junitplatform.JUnitPlatformProvider.invokeAllTests(JUnitPlatformProvider.java:154)
	at org.apache.maven.surefire.junitplatform.JUnitPlatformProvider.invoke(JUnitPlatformProvider.java:123)
	at org.apache.maven.surefire.booter.ForkedBooter.runSuitesInProcess(ForkedBooter.java:377)
	at org.apache.maven.surefire.booter.ForkedBooter.execute(ForkedBooter.java:138)
	at org.apache.maven.surefire.booter.ForkedBooter.run(ForkedBooter.java:465)
	at org.apache.maven.surefire.booter.ForkedBooter.main(ForkedBooter.java:451)

2024-04-24T06:27:34,093  INFO [main] metadata.Hive: Dumping metastore api call timing information for : compilation phase
2024-04-24T06:27:34,093  INFO [main] metadata.Hive: Total time spent in each metastore function (ms): {getTableColumnStatistics_(String, String, List, String)=82, getValidWriteIds_(List, String)=5, isCompatibleWith_(Configuration)=0, createTable_(Table)=2, getAllTableConstraints_(AllTableConstraintsRequest)=17, getValidTxns_(long)=1, commitTxn_(CommitTxnRequest)=13, flushCache_()=0, openTxn_(String, TxnType)=3, getTable_(GetTableRequest)=121}
2024-04-24T06:27:34,094  INFO [main] ql.Driver: Completed compiling command(queryId=alex_20240424062733_2793a937-8424-4575-af8f-762a90b5dc96); Time taken: 0.738 seconds
2024-04-24T06:27:34,094  INFO [main] lockmgr.DbTxnManager: Stopped heartbeat for query: null
2024-04-24T06:27:34,099  INFO [main] txn.TxnHandler: Removed transactions: ([15]) from MIN_HISTORY_LEVEL
2024-04-24T06:27:34,108  INFO [main] ql.TxnCommandsBaseForTests: Running the query: drop table if exists acidTbl
2024-04-24T06:27:34,108  INFO [main] ql.Context: Deleting scratch dir: file:/home/alex/Repositories/hive/ql/target/tmp/localscratchdir/86f4ae22-2998-4641-b1c3-b989688cfb1e/hive_2024-04-24_06-27-33_404_4766882497359794055-1
2024-04-24T06:27:34,109  INFO [main] ql.Driver: Compiling command(queryId=alex_20240424062734_2edeafde-f644-4fe4-afd1-b8eca7ac3a73): drop table if exists acidTbl
2024-04-24T06:27:34,113  INFO [main] txn.TxnHandler: Added entries to MIN_HISTORY_LEVEL for current txns: ([16]) with min_open_txn: 15
2024-04-24T06:27:34,113  INFO [main] lockmgr.DbTxnManager: Opened txnid:16
2024-04-24T06:27:34,115  INFO [main] HiveMetaStore.audit: ugi=alex	ip=unknown-ip-addr	cmd=get_table : tbl=hive.default.acidTbl	
2024-04-24T06:27:34,123  INFO [main] metastore.HMSHandler: Skipping translation for processor with null
2024-04-24T06:27:34,123  INFO [main] ql.Driver: Semantic Analysis Completed (retrial = false)
2024-04-24T06:27:34,123  INFO [main] ql.Driver: Created Hive schema: Schema(fieldSchemas:null, properties:null)
2024-04-24T06:27:34,124  INFO [main] metadata.Hive: Dumping metastore api call timing information for : compilation phase
2024-04-24T06:27:34,124  INFO [main] metadata.Hive: Total time spent in each metastore function (ms): {getValidTxns_(long)=2, rollbackTxn_(long)=13, openTxn_(String, TxnType)=3, getTable_(GetTableRequest)=8, flushCache_()=1, isCompatibleWith_(Configuration)=0}
2024-04-24T06:27:34,124  INFO [main] ql.Driver: Completed compiling command(queryId=alex_20240424062734_2edeafde-f644-4fe4-afd1-b8eca7ac3a73); Time taken: 0.015 seconds
2024-04-24T06:27:34,124  INFO [main] lockmgr.DbTxnManager: Setting lock request transaction to txnid:16 for queryId=alex_20240424062734_2edeafde-f644-4fe4-afd1-b8eca7ac3a73
2024-04-24T06:27:34,125  INFO [main] lockmgr.DbLockManager: Requesting lock for queryId=alex_20240424062734_2edeafde-f644-4fe4-afd1-b8eca7ac3a73
2024-04-24T06:27:34,144  INFO [main] lockmgr.DbLockManager: Response to queryId=alex_20240424062734_2edeafde-f644-4fe4-afd1-b8eca7ac3a73 LockResponse(lockid:9, state:ACQUIRED)
2024-04-24T06:27:34,144  INFO [main] ql.Driver: Operation DROPTABLE obtained 1 locks
2024-04-24T06:27:34,144  INFO [main] ql.Driver: Executing command(queryId=alex_20240424062734_2edeafde-f644-4fe4-afd1-b8eca7ac3a73): drop table if exists acidTbl
2024-04-24T06:27:34,144  INFO [main] ql.Driver: Starting task [Stage-0:DDL] in serial mode
2024-04-24T06:27:34,144  INFO [main] HiveMetaStore.audit: ugi=alex	ip=unknown-ip-addr	cmd=get_table : tbl=hive.default.acidTbl	
2024-04-24T06:27:34,154  INFO [main] metastore.HMSHandler: Skipping translation for processor with null
2024-04-24T06:27:34,154  INFO [main] HiveMetaStore.audit: ugi=alex	ip=unknown-ip-addr	cmd=get_table : tbl=hive.default.acidTbl	
2024-04-24T06:27:34,163  INFO [main] metastore.HMSHandler: Skipping translation for processor with null
2024-04-24T06:27:34,163  INFO [main] HiveMetaStore.audit: ugi=alex	ip=unknown-ip-addr	cmd=drop_table : tbl=hive.default.acidTbl	
2024-04-24T06:27:34,358  INFO [main] metadata.Hive: Dumping metastore api call timing information for : execution phase
2024-04-24T06:27:34,358  INFO [main] metadata.Hive: Total time spent in each metastore function (ms): {dropTable_(String, String, boolean, boolean, boolean)=204, getTable_(GetTableRequest)=10, isCompatibleWith_(Configuration)=0}
2024-04-24T06:27:34,359  INFO [main] ql.Driver: Completed executing command(queryId=alex_20240424062734_2edeafde-f644-4fe4-afd1-b8eca7ac3a73); Time taken: 0.214 seconds
2024-04-24T06:27:34,359  INFO [main] lockmgr.DbTxnManager: Stopped heartbeat for query: alex_20240424062734_2edeafde-f644-4fe4-afd1-b8eca7ac3a73
2024-04-24T06:27:34,364  INFO [main] txn.TxnHandler: Expected to move at least one record from txn_components to completed_txn_components when committing txn! txnid:16
2024-04-24T06:27:34,372  INFO [main] txn.TxnHandler: Removed transactions: ([16]) from MIN_HISTORY_LEVEL
2024-04-24T06:27:34,374  WARN [main] txn.CompactionTxnHandler: No compaction queue record found for Compaction type transaction commit. txnId:16
2024-04-24T06:27:34,375  INFO [main] ql.TxnCommandsBaseForTests: Running the query: drop table if exists acidTblPart
2024-04-24T06:27:34,375  INFO [main] ql.Driver: Compiling command(queryId=alex_20240424062734_156bb9f9-0b71-40ae-b92e-4741e1de3023): drop table if exists acidTblPart
2024-04-24T06:27:34,386  INFO [main] txn.TxnHandler: Added entries to MIN_HISTORY_LEVEL for current txns: ([17]) with min_open_txn: 16
2024-04-24T06:27:34,386  INFO [main] lockmgr.DbTxnManager: Opened txnid:17
2024-04-24T06:27:34,390  INFO [main] HiveMetaStore.audit: ugi=alex	ip=unknown-ip-addr	cmd=get_table : tbl=hive.default.acidTblPart	
2024-04-24T06:27:34,417  INFO [main] metastore.HMSHandler: Skipping translation for processor with null
2024-04-24T06:27:34,417  INFO [main] ql.Driver: Semantic Analysis Completed (retrial = false)
2024-04-24T06:27:34,417  INFO [main] ql.Driver: Created Hive schema: Schema(fieldSchemas:null, properties:null)
2024-04-24T06:27:34,417  INFO [main] metadata.Hive: Dumping metastore api call timing information for : compilation phase
2024-04-24T06:27:34,417  INFO [main] metadata.Hive: Total time spent in each metastore function (ms): {isCompatibleWith_(Configuration)=1, flushCache_()=0, openTxn_(String, TxnType)=10, getTable_(GetTableRequest)=27, commitTxn_(CommitTxnRequest)=15, getValidTxns_(long)=3}
2024-04-24T06:27:34,417  INFO [main] ql.Driver: Completed compiling command(queryId=alex_20240424062734_156bb9f9-0b71-40ae-b92e-4741e1de3023); Time taken: 0.042 seconds
2024-04-24T06:27:34,418  INFO [main] lockmgr.DbTxnManager: Setting lock request transaction to txnid:17 for queryId=alex_20240424062734_156bb9f9-0b71-40ae-b92e-4741e1de3023
2024-04-24T06:27:34,418  INFO [main] lockmgr.DbLockManager: Requesting lock for queryId=alex_20240424062734_156bb9f9-0b71-40ae-b92e-4741e1de3023
2024-04-24T06:27:34,439  INFO [main] lockmgr.DbLockManager: Response to queryId=alex_20240424062734_156bb9f9-0b71-40ae-b92e-4741e1de3023 LockResponse(lockid:10, state:ACQUIRED)
2024-04-24T06:27:34,439  INFO [main] ql.Driver: Operation DROPTABLE obtained 1 locks
2024-04-24T06:27:34,439  INFO [main] ql.Driver: Executing command(queryId=alex_20240424062734_156bb9f9-0b71-40ae-b92e-4741e1de3023): drop table if exists acidTblPart
2024-04-24T06:27:34,439  INFO [main] ql.Driver: Starting task [Stage-0:DDL] in serial mode
2024-04-24T06:27:34,439  INFO [main] HiveMetaStore.audit: ugi=alex	ip=unknown-ip-addr	cmd=get_table : tbl=hive.default.acidTblPart	
2024-04-24T06:27:34,450  INFO [main] metastore.HMSHandler: Skipping translation for processor with null
2024-04-24T06:27:34,450  INFO [main] HiveMetaStore.audit: ugi=alex	ip=unknown-ip-addr	cmd=get_table : tbl=hive.default.acidTblPart	
2024-04-24T06:27:34,460  INFO [main] metastore.HMSHandler: Skipping translation for processor with null
2024-04-24T06:27:34,460  INFO [main] HiveMetaStore.audit: ugi=alex	ip=unknown-ip-addr	cmd=drop_table : tbl=hive.default.acidTblPart	
2024-04-24T06:27:34,520  INFO [main] metadata.Hive: Dumping metastore api call timing information for : execution phase
2024-04-24T06:27:34,520  INFO [main] metadata.Hive: Total time spent in each metastore function (ms): {isCompatibleWith_(Configuration)=0, dropTable_(String, String, boolean, boolean, boolean)=70, getTable_(GetTableRequest)=11}
2024-04-24T06:27:34,521  INFO [main] ql.Driver: Completed executing command(queryId=alex_20240424062734_156bb9f9-0b71-40ae-b92e-4741e1de3023); Time taken: 0.081 seconds
2024-04-24T06:27:34,521  INFO [main] lockmgr.DbTxnManager: Stopped heartbeat for query: alex_20240424062734_156bb9f9-0b71-40ae-b92e-4741e1de3023
2024-04-24T06:27:34,526  INFO [main] txn.TxnHandler: Expected to move at least one record from txn_components to completed_txn_components when committing txn! txnid:17
2024-04-24T06:27:34,534  INFO [main] txn.TxnHandler: Removed transactions: ([17]) from MIN_HISTORY_LEVEL
2024-04-24T06:27:34,534  WARN [main] txn.CompactionTxnHandler: No compaction queue record found for Compaction type transaction commit. txnId:17
2024-04-24T06:27:34,535  INFO [main] ql.TxnCommandsBaseForTests: Running the query: drop table if exists acidTbl2
2024-04-24T06:27:34,535  INFO [main] ql.Driver: Compiling command(queryId=alex_20240424062734_8160680c-0fab-44ca-b1e7-c9123a0c0de6): drop table if exists acidTbl2
2024-04-24T06:27:34,539  INFO [main] txn.TxnHandler: Added entries to MIN_HISTORY_LEVEL for current txns: ([18]) with min_open_txn: 16
2024-04-24T06:27:34,539  INFO [main] lockmgr.DbTxnManager: Opened txnid:18
2024-04-24T06:27:34,540  INFO [main] ql.Driver: Semantic Analysis Completed (retrial = false)
2024-04-24T06:27:34,540  INFO [main] ql.Driver: Created Hive schema: Schema(fieldSchemas:null, properties:null)
2024-04-24T06:27:34,540  INFO [main] metadata.Hive: Dumping metastore api call timing information for : compilation phase
2024-04-24T06:27:34,541  INFO [main] metadata.Hive: Total time spent in each metastore function (ms): {getTable_(GetTableRequest)=0, commitTxn_(CommitTxnRequest)=14, flushCache_()=0, getValidTxns_(long)=1, isCompatibleWith_(Configuration)=0, openTxn_(String, TxnType)=3}
2024-04-24T06:27:34,541  INFO [main] ql.Driver: Completed compiling command(queryId=alex_20240424062734_8160680c-0fab-44ca-b1e7-c9123a0c0de6); Time taken: 0.005 seconds
2024-04-24T06:27:34,541  INFO [main] lockmgr.DbTxnManager: Setting lock request transaction to txnid:18 for queryId=alex_20240424062734_8160680c-0fab-44ca-b1e7-c9123a0c0de6
2024-04-24T06:27:34,541  INFO [main] ql.Driver: Operation DROPTABLE obtained 0 locks
2024-04-24T06:27:34,541  INFO [main] ql.Driver: Executing command(queryId=alex_20240424062734_8160680c-0fab-44ca-b1e7-c9123a0c0de6): drop table if exists acidTbl2
2024-04-24T06:27:34,542  INFO [main] ql.Driver: Starting task [Stage-0:DDL] in serial mode
2024-04-24T06:27:34,542  INFO [main] metadata.SessionHiveMetaStoreClient: Column stats doesn't exist for db=default temp table=acidTbl2
2024-04-24T06:27:34,543  INFO [main] metadata.Hive: Dumping metastore api call timing information for : execution phase
2024-04-24T06:27:34,543  INFO [main] metadata.Hive: Total time spent in each metastore function (ms): {getTable_(GetTableRequest)=0, dropTable_(String, String, boolean, boolean, boolean)=1, isCompatibleWith_(Configuration)=0}
2024-04-24T06:27:34,543  INFO [main] ql.Driver: Completed executing command(queryId=alex_20240424062734_8160680c-0fab-44ca-b1e7-c9123a0c0de6); Time taken: 0.002 seconds
2024-04-24T06:27:34,543  INFO [main] lockmgr.DbTxnManager: Stopped heartbeat for query: alex_20240424062734_8160680c-0fab-44ca-b1e7-c9123a0c0de6
2024-04-24T06:27:34,550  INFO [main] txn.TxnHandler: Expected to move at least one record from txn_components to completed_txn_components when committing txn! txnid:18
2024-04-24T06:27:34,558  INFO [main] txn.TxnHandler: Removed transactions: ([18]) from MIN_HISTORY_LEVEL
2024-04-24T06:27:34,558  WARN [main] txn.CompactionTxnHandler: No compaction queue record found for Compaction type transaction commit. txnId:18
2024-04-24T06:27:34,559  INFO [main] ql.TxnCommandsBaseForTests: Running the query: drop table if exists nonAcidOrcTbl
2024-04-24T06:27:34,560  INFO [main] ql.Driver: Compiling command(queryId=alex_20240424062734_e7d3da3a-a1c8-4c95-866d-02a0b0a1151c): drop table if exists nonAcidOrcTbl
2024-04-24T06:27:34,563  INFO [main] txn.TxnHandler: Added entries to MIN_HISTORY_LEVEL for current txns: ([19]) with min_open_txn: 16
2024-04-24T06:27:34,563  INFO [main] lockmgr.DbTxnManager: Opened txnid:19
2024-04-24T06:27:34,565  INFO [main] HiveMetaStore.audit: ugi=alex	ip=unknown-ip-addr	cmd=get_table : tbl=hive.default.nonAcidOrcTbl	
2024-04-24T06:27:34,594  INFO [main] metastore.HMSHandler: Skipping translation for processor with null
2024-04-24T06:27:34,594  INFO [main] ql.Driver: Semantic Analysis Completed (retrial = false)
2024-04-24T06:27:34,594  INFO [main] ql.Driver: Created Hive schema: Schema(fieldSchemas:null, properties:null)
2024-04-24T06:27:34,594  INFO [main] metadata.Hive: Dumping metastore api call timing information for : compilation phase
2024-04-24T06:27:34,595  INFO [main] metadata.Hive: Total time spent in each metastore function (ms): {commitTxn_(CommitTxnRequest)=16, openTxn_(String, TxnType)=3, isCompatibleWith_(Configuration)=0, getTable_(GetTableRequest)=30, getValidTxns_(long)=0, flushCache_()=0}
2024-04-24T06:27:34,595  INFO [main] ql.Driver: Completed compiling command(queryId=alex_20240424062734_e7d3da3a-a1c8-4c95-866d-02a0b0a1151c); Time taken: 0.034 seconds
2024-04-24T06:27:34,595  INFO [main] lockmgr.DbTxnManager: Setting lock request transaction to txnid:19 for queryId=alex_20240424062734_e7d3da3a-a1c8-4c95-866d-02a0b0a1151c
2024-04-24T06:27:34,596  INFO [main] lockmgr.DbLockManager: Requesting lock for queryId=alex_20240424062734_e7d3da3a-a1c8-4c95-866d-02a0b0a1151c
2024-04-24T06:27:34,621  INFO [main] lockmgr.DbLockManager: Response to queryId=alex_20240424062734_e7d3da3a-a1c8-4c95-866d-02a0b0a1151c LockResponse(lockid:11, state:ACQUIRED)
2024-04-24T06:27:34,621  INFO [main] ql.Driver: Operation DROPTABLE obtained 1 locks
2024-04-24T06:27:34,622  INFO [main] ql.Driver: Executing command(queryId=alex_20240424062734_e7d3da3a-a1c8-4c95-866d-02a0b0a1151c): drop table if exists nonAcidOrcTbl
2024-04-24T06:27:34,622  INFO [main] ql.Driver: Starting task [Stage-0:DDL] in serial mode
2024-04-24T06:27:34,622  INFO [main] HiveMetaStore.audit: ugi=alex	ip=unknown-ip-addr	cmd=get_table : tbl=hive.default.nonAcidOrcTbl	
2024-04-24T06:27:34,634  INFO [main] metastore.HMSHandler: Skipping translation for processor with null
2024-04-24T06:27:34,634  INFO [main] HiveMetaStore.audit: ugi=alex	ip=unknown-ip-addr	cmd=get_table : tbl=hive.default.nonAcidOrcTbl	
2024-04-24T06:27:34,647  INFO [main] metastore.HMSHandler: Skipping translation for processor with null
2024-04-24T06:27:34,647  INFO [main] HiveMetaStore.audit: ugi=alex	ip=unknown-ip-addr	cmd=drop_table : tbl=hive.default.nonAcidOrcTbl	
2024-04-24T06:27:34,762  INFO [main] metadata.Hive: Dumping metastore api call timing information for : execution phase
2024-04-24T06:27:34,762  INFO [main] metadata.Hive: Total time spent in each metastore function (ms): {dropTable_(String, String, boolean, boolean, boolean)=128, getTable_(GetTableRequest)=12, isCompatibleWith_(Configuration)=0}
2024-04-24T06:27:34,763  INFO [main] ql.Driver: Completed executing command(queryId=alex_20240424062734_e7d3da3a-a1c8-4c95-866d-02a0b0a1151c); Time taken: 0.14 seconds
2024-04-24T06:27:34,763  INFO [main] lockmgr.DbTxnManager: Stopped heartbeat for query: alex_20240424062734_e7d3da3a-a1c8-4c95-866d-02a0b0a1151c
2024-04-24T06:27:34,767  INFO [main] txn.TxnHandler: Expected to move at least one record from txn_components to completed_txn_components when committing txn! txnid:19
2024-04-24T06:27:34,775  INFO [main] txn.TxnHandler: Removed transactions: ([19]) from MIN_HISTORY_LEVEL
2024-04-24T06:27:34,776  WARN [main] txn.CompactionTxnHandler: No compaction queue record found for Compaction type transaction commit. txnId:19
2024-04-24T06:27:34,776  INFO [main] ql.TxnCommandsBaseForTests: Running the query: drop table if exists nonAcidOrcTbl2
2024-04-24T06:27:34,777  INFO [main] ql.Driver: Compiling command(queryId=alex_20240424062734_462a553c-ebef-4241-84fa-a951552a4d67): drop table if exists nonAcidOrcTbl2
2024-04-24T06:27:34,780  INFO [main] txn.TxnHandler: Added entries to MIN_HISTORY_LEVEL for current txns: ([20]) with min_open_txn: 16
2024-04-24T06:27:34,780  INFO [main] lockmgr.DbTxnManager: Opened txnid:20
2024-04-24T06:27:34,781  INFO [main] HiveMetaStore.audit: ugi=alex	ip=unknown-ip-addr	cmd=get_table : tbl=hive.default.nonAcidOrcTbl2	
2024-04-24T06:27:34,794  INFO [main] metastore.HMSHandler: Skipping translation for processor with null
2024-04-24T06:27:34,794  INFO [main] ql.Driver: Semantic Analysis Completed (retrial = false)
2024-04-24T06:27:34,794  INFO [main] ql.Driver: Created Hive schema: Schema(fieldSchemas:null, properties:null)
2024-04-24T06:27:34,794  INFO [main] metadata.Hive: Dumping metastore api call timing information for : compilation phase
2024-04-24T06:27:34,794  INFO [main] metadata.Hive: Total time spent in each metastore function (ms): {openTxn_(String, TxnType)=3, getValidTxns_(long)=0, commitTxn_(CommitTxnRequest)=13, getTable_(GetTableRequest)=13, isCompatibleWith_(Configuration)=1, flushCache_()=0}
2024-04-24T06:27:34,795  INFO [main] ql.Driver: Completed compiling command(queryId=alex_20240424062734_462a553c-ebef-4241-84fa-a951552a4d67); Time taken: 0.017 seconds
2024-04-24T06:27:34,795  INFO [main] lockmgr.DbTxnManager: Setting lock request transaction to txnid:20 for queryId=alex_20240424062734_462a553c-ebef-4241-84fa-a951552a4d67
2024-04-24T06:27:34,795  INFO [main] lockmgr.DbLockManager: Requesting lock for queryId=alex_20240424062734_462a553c-ebef-4241-84fa-a951552a4d67
2024-04-24T06:27:34,815  INFO [main] lockmgr.DbLockManager: Response to queryId=alex_20240424062734_462a553c-ebef-4241-84fa-a951552a4d67 LockResponse(lockid:12, state:ACQUIRED)
2024-04-24T06:27:34,815  INFO [main] ql.Driver: Operation DROPTABLE obtained 1 locks
2024-04-24T06:27:34,815  INFO [main] ql.Driver: Executing command(queryId=alex_20240424062734_462a553c-ebef-4241-84fa-a951552a4d67): drop table if exists nonAcidOrcTbl2
2024-04-24T06:27:34,815  INFO [main] ql.Driver: Starting task [Stage-0:DDL] in serial mode
2024-04-24T06:27:34,815  INFO [main] HiveMetaStore.audit: ugi=alex	ip=unknown-ip-addr	cmd=get_table : tbl=hive.default.nonAcidOrcTbl2	
2024-04-24T06:27:34,828  INFO [main] metastore.HMSHandler: Skipping translation for processor with null
2024-04-24T06:27:34,828  INFO [main] HiveMetaStore.audit: ugi=alex	ip=unknown-ip-addr	cmd=get_table : tbl=hive.default.nonAcidOrcTbl2	
2024-04-24T06:27:34,840  INFO [main] metastore.HMSHandler: Skipping translation for processor with null
2024-04-24T06:27:34,841  INFO [main] HiveMetaStore.audit: ugi=alex	ip=unknown-ip-addr	cmd=drop_table : tbl=hive.default.nonAcidOrcTbl2	
2024-04-24T06:27:34,885  INFO [main] metadata.Hive: Dumping metastore api call timing information for : execution phase
2024-04-24T06:27:34,886  INFO [main] metadata.Hive: Total time spent in each metastore function (ms): {dropTable_(String, String, boolean, boolean, boolean)=57, getTable_(GetTableRequest)=13, isCompatibleWith_(Configuration)=0}
2024-04-24T06:27:34,886  INFO [main] ql.Driver: Completed executing command(queryId=alex_20240424062734_462a553c-ebef-4241-84fa-a951552a4d67); Time taken: 0.07 seconds
2024-04-24T06:27:34,886  INFO [main] lockmgr.DbTxnManager: Stopped heartbeat for query: alex_20240424062734_462a553c-ebef-4241-84fa-a951552a4d67
2024-04-24T06:27:34,891  INFO [main] txn.TxnHandler: Expected to move at least one record from txn_components to completed_txn_components when committing txn! txnid:20
2024-04-24T06:27:34,897  INFO [main] txn.TxnHandler: Removed transactions: ([20]) from MIN_HISTORY_LEVEL
2024-04-24T06:27:34,897  WARN [main] txn.CompactionTxnHandler: No compaction queue record found for Compaction type transaction commit. txnId:20
2024-04-24T06:27:34,898  INFO [main] ql.TxnCommandsBaseForTests: Running the query: drop table if exists nonAcidNonBucket
2024-04-24T06:27:34,898  INFO [main] ql.Driver: Compiling command(queryId=alex_20240424062734_0e408224-a920-43c5-a2a4-9c5b234e0e90): drop table if exists nonAcidNonBucket
2024-04-24T06:27:34,901  INFO [main] txn.TxnHandler: Added entries to MIN_HISTORY_LEVEL for current txns: ([21]) with min_open_txn: 16
2024-04-24T06:27:34,902  INFO [main] lockmgr.DbTxnManager: Opened txnid:21
2024-04-24T06:27:34,903  INFO [main] HiveMetaStore.audit: ugi=alex	ip=unknown-ip-addr	cmd=get_table : tbl=hive.default.nonAcidNonBucket	
2024-04-24T06:27:34,915  INFO [main] metastore.HMSHandler: Skipping translation for processor with null
2024-04-24T06:27:34,916  INFO [main] ql.Driver: Semantic Analysis Completed (retrial = false)
2024-04-24T06:27:34,916  INFO [main] ql.Driver: Created Hive schema: Schema(fieldSchemas:null, properties:null)
2024-04-24T06:27:34,916  INFO [main] metadata.Hive: Dumping metastore api call timing information for : compilation phase
2024-04-24T06:27:34,916  INFO [main] metadata.Hive: Total time spent in each metastore function (ms): {isCompatibleWith_(Configuration)=0, flushCache_()=0, commitTxn_(CommitTxnRequest)=12, getValidTxns_(long)=1, getTable_(GetTableRequest)=12, openTxn_(String, TxnType)=3}
2024-04-24T06:27:34,916  INFO [main] ql.Driver: Completed compiling command(queryId=alex_20240424062734_0e408224-a920-43c5-a2a4-9c5b234e0e90); Time taken: 0.018 seconds
2024-04-24T06:27:34,916  INFO [main] lockmgr.DbTxnManager: Setting lock request transaction to txnid:21 for queryId=alex_20240424062734_0e408224-a920-43c5-a2a4-9c5b234e0e90
2024-04-24T06:27:34,917  INFO [main] lockmgr.DbLockManager: Requesting lock for queryId=alex_20240424062734_0e408224-a920-43c5-a2a4-9c5b234e0e90
2024-04-24T06:27:34,936  INFO [main] lockmgr.DbLockManager: Response to queryId=alex_20240424062734_0e408224-a920-43c5-a2a4-9c5b234e0e90 LockResponse(lockid:13, state:ACQUIRED)
2024-04-24T06:27:34,936  INFO [main] ql.Driver: Operation DROPTABLE obtained 1 locks
2024-04-24T06:27:34,936  INFO [main] ql.Driver: Executing command(queryId=alex_20240424062734_0e408224-a920-43c5-a2a4-9c5b234e0e90): drop table if exists nonAcidNonBucket
2024-04-24T06:27:34,936  INFO [main] ql.Driver: Starting task [Stage-0:DDL] in serial mode
2024-04-24T06:27:34,936  INFO [main] HiveMetaStore.audit: ugi=alex	ip=unknown-ip-addr	cmd=get_table : tbl=hive.default.nonAcidNonBucket	
2024-04-24T06:27:34,949  INFO [main] metastore.HMSHandler: Skipping translation for processor with null
2024-04-24T06:27:34,949  INFO [main] HiveMetaStore.audit: ugi=alex	ip=unknown-ip-addr	cmd=get_table : tbl=hive.default.nonAcidNonBucket	
2024-04-24T06:27:34,962  INFO [main] metastore.HMSHandler: Skipping translation for processor with null
2024-04-24T06:27:34,962  INFO [main] HiveMetaStore.audit: ugi=alex	ip=unknown-ip-addr	cmd=drop_table : tbl=hive.default.nonAcidNonBucket	
2024-04-24T06:27:35,008  INFO [main] metadata.Hive: Dumping metastore api call timing information for : execution phase
2024-04-24T06:27:35,008  INFO [main] metadata.Hive: Total time spent in each metastore function (ms): {getTable_(GetTableRequest)=13, isCompatibleWith_(Configuration)=0, dropTable_(String, String, boolean, boolean, boolean)=59}
2024-04-24T06:27:35,009  INFO [main] ql.Driver: Completed executing command(queryId=alex_20240424062734_0e408224-a920-43c5-a2a4-9c5b234e0e90); Time taken: 0.072 seconds
2024-04-24T06:27:35,009  INFO [main] lockmgr.DbTxnManager: Stopped heartbeat for query: alex_20240424062734_0e408224-a920-43c5-a2a4-9c5b234e0e90
2024-04-24T06:27:35,014  INFO [main] txn.TxnHandler: Expected to move at least one record from txn_components to completed_txn_components when committing txn! txnid:21
2024-04-24T06:27:35,021  INFO [main] txn.TxnHandler: Removed transactions: ([21]) from MIN_HISTORY_LEVEL
2024-04-24T06:27:35,021  WARN [main] txn.CompactionTxnHandler: No compaction queue record found for Compaction type transaction commit. txnId:21
2024-04-24T06:27:35,022  INFO [main] utils.TestTxnDbUtil: Cleaning transactional tables
]]></system-err>
  </testcase>
  <testcase name="testMergeCase" classname="org.apache.hadoop.hive.ql.TestTxnCommands" time="5.146"/>
  <testcase name="testSetClauseFakeColumn" classname="org.apache.hadoop.hive.ql.TestTxnCommands" time="1.603"/>
  <testcase name="testBadOnClause" classname="org.apache.hadoop.hive.ql.TestTxnCommands" time="1.281"/>
  <testcase name="testSimpleAcidInsert" classname="org.apache.hadoop.hive.ql.TestTxnCommands" time="9.104"/>
  <testcase name="testTxnStatsOnOff" classname="org.apache.hadoop.hive.ql.TestTxnCommands" time="6.455"/>
  <testcase name="testMergeUpdateDeleteNoCardCheck" classname="org.apache.hadoop.hive.ql.TestTxnCommands" time="4.752">
    <error type="java.lang.RuntimeException"><![CDATA[java.lang.RuntimeException: merge into acidTbl as t using nonAcidOrcTbl s ON t.a = s.a WHEN MATCHED AND s.a < 3 THEN update set b = 0 WHEN MATCHED and t.a > 3 and t.a < 5 THEN DELETE  failed: (responseCode = 40000, errorMessage = FAILED: NoMatchingMethodException No matching method for class org.apache.hadoop.hive.ql.udf.UDFToInteger with (struct<writeid:bigint,bucketid:int,rowid:bigint>). Possible choices: _FUNC_(bigint)  _FUNC_(boolean)  _FUNC_(decimal(38,18))  _FUNC_(double)  _FUNC_(float)  _FUNC_(smallint)  _FUNC_(string)  _FUNC_(struct<writeid:int,bucketid:bigint,rowid:bigint>)  _FUNC_(timestamp)  _FUNC_(tinyint)  _FUNC_(void)  , hiveErrorCode = 40000, SQLState = 42000, exception = No matching method for class org.apache.hadoop.hive.ql.udf.UDFToInteger with (struct<writeid:bigint,bucketid:int,rowid:bigint>). Possible choices: _FUNC_(bigint)  _FUNC_(boolean)  _FUNC_(decimal(38,18))  _FUNC_(double)  _FUNC_(float)  _FUNC_(smallint)  _FUNC_(string)  _FUNC_(struct<writeid:int,bucketid:bigint,rowid:bigint>)  _FUNC_(timestamp)  _FUNC_(tinyint)  _FUNC_(void)  )
	at org.apache.hadoop.hive.ql.TxnCommandsBaseForTests.runStatementOnDriver(TxnCommandsBaseForTests.java:247)
	at org.apache.hadoop.hive.ql.TestTxnCommands.testMergeUpdateDeleteNoCardCheck(TestTxnCommands.java:1264)
	at sun.reflect.NativeMethodAccessorImpl.invoke0(Native Method)
	at sun.reflect.NativeMethodAccessorImpl.invoke(NativeMethodAccessorImpl.java:62)
	at sun.reflect.DelegatingMethodAccessorImpl.invoke(DelegatingMethodAccessorImpl.java:43)
	at java.lang.reflect.Method.invoke(Method.java:498)
	at org.junit.runners.model.FrameworkMethod$1.runReflectiveCall(FrameworkMethod.java:59)
	at org.junit.internal.runners.model.ReflectiveCallable.run(ReflectiveCallable.java:12)
	at org.junit.runners.model.FrameworkMethod.invokeExplosively(FrameworkMethod.java:56)
	at org.junit.internal.runners.statements.InvokeMethod.evaluate(InvokeMethod.java:17)
	at org.junit.internal.runners.statements.RunBefores.evaluate(RunBefores.java:26)
	at org.junit.internal.runners.statements.RunAfters.evaluate(RunAfters.java:27)
	at org.junit.rules.TestWatcher$1.evaluate(TestWatcher.java:61)
	at org.junit.runners.ParentRunner$3.evaluate(ParentRunner.java:306)
	at org.junit.runners.BlockJUnit4ClassRunner$1.evaluate(BlockJUnit4ClassRunner.java:100)
	at org.junit.runners.ParentRunner.runLeaf(ParentRunner.java:366)
	at org.junit.runners.BlockJUnit4ClassRunner.runChild(BlockJUnit4ClassRunner.java:103)
	at org.junit.runners.BlockJUnit4ClassRunner.runChild(BlockJUnit4ClassRunner.java:63)
	at org.junit.runners.ParentRunner$4.run(ParentRunner.java:331)
	at org.junit.runners.ParentRunner$1.schedule(ParentRunner.java:79)
	at org.junit.runners.ParentRunner.runChildren(ParentRunner.java:329)
	at org.junit.runners.ParentRunner.access$100(ParentRunner.java:66)
	at org.junit.runners.ParentRunner$2.evaluate(ParentRunner.java:293)
	at org.junit.runners.ParentRunner$3.evaluate(ParentRunner.java:306)
	at org.junit.runners.ParentRunner.run(ParentRunner.java:413)
	at org.junit.runner.JUnitCore.run(JUnitCore.java:137)
	at org.junit.runner.JUnitCore.run(JUnitCore.java:115)
	at org.junit.vintage.engine.execution.RunnerExecutor.execute(RunnerExecutor.java:43)
	at java.util.stream.ForEachOps$ForEachOp$OfRef.accept(ForEachOps.java:183)
	at java.util.stream.ReferencePipeline$3$1.accept(ReferencePipeline.java:193)
	at java.util.Iterator.forEachRemaining(Iterator.java:116)
	at java.util.Spliterators$IteratorSpliterator.forEachRemaining(Spliterators.java:1801)
	at java.util.stream.AbstractPipeline.copyInto(AbstractPipeline.java:482)
	at java.util.stream.AbstractPipeline.wrapAndCopyInto(AbstractPipeline.java:472)
	at java.util.stream.ForEachOps$ForEachOp.evaluateSequential(ForEachOps.java:150)
	at java.util.stream.ForEachOps$ForEachOp$OfRef.evaluateSequential(ForEachOps.java:173)
	at java.util.stream.AbstractPipeline.evaluate(AbstractPipeline.java:234)
	at java.util.stream.ReferencePipeline.forEach(ReferencePipeline.java:485)
	at org.junit.vintage.engine.VintageTestEngine.executeAllChildren(VintageTestEngine.java:82)
	at org.junit.vintage.engine.VintageTestEngine.execute(VintageTestEngine.java:73)
	at org.junit.platform.launcher.core.DefaultLauncher.execute(DefaultLauncher.java:248)
	at org.junit.platform.launcher.core.DefaultLauncher.lambda$execute$5(DefaultLauncher.java:211)
	at org.junit.platform.launcher.core.DefaultLauncher.withInterceptedStreams(DefaultLauncher.java:226)
	at org.junit.platform.launcher.core.DefaultLauncher.execute(DefaultLauncher.java:199)
	at org.junit.platform.launcher.core.DefaultLauncher.execute(DefaultLauncher.java:132)
	at org.apache.maven.surefire.junitplatform.JUnitPlatformProvider.invokeAllTests(JUnitPlatformProvider.java:154)
	at org.apache.maven.surefire.junitplatform.JUnitPlatformProvider.invoke(JUnitPlatformProvider.java:123)
	at org.apache.maven.surefire.booter.ForkedBooter.runSuitesInProcess(ForkedBooter.java:377)
	at org.apache.maven.surefire.booter.ForkedBooter.execute(ForkedBooter.java:138)
	at org.apache.maven.surefire.booter.ForkedBooter.run(ForkedBooter.java:465)
	at org.apache.maven.surefire.booter.ForkedBooter.main(ForkedBooter.java:451)
]]></error>
    <system-err><![CDATA[2024-04-24T06:27:58,699  WARN [main] conf.HiveConf: HiveConf of name hive.dummyparam.test.server.specific.config.metastoresite does not exist
2024-04-24T06:27:58,699  WARN [main] conf.HiveConf: HiveConf of name hive.llap.io.cache.orc.arena.size does not exist
2024-04-24T06:27:58,699  WARN [main] conf.HiveConf: HiveConf of name hive.llap.io.cache.orc.alloc.max does not exist
2024-04-24T06:27:58,699  WARN [main] conf.HiveConf: HiveConf of name hive.llap.io.cache.orc.alloc.min does not exist
2024-04-24T06:27:58,699  WARN [main] conf.HiveConf: HiveConf of name hive.dummyparam.test.server.specific.config.hivesite does not exist
2024-04-24T06:27:58,699  WARN [main] conf.HiveConf: HiveConf of name hive.dummyparam.test.server.specific.config.override does not exist
2024-04-24T06:27:58,699  WARN [main] conf.HiveConf: HiveConf of name hive.stats.key.prefix.reserve.length does not exist
2024-04-24T06:27:58,699  WARN [main] conf.HiveConf: HiveConf of name hive.metastore.client.cache.recordStats does not exist
2024-04-24T06:27:58,699  WARN [main] conf.HiveConf: HiveConf of name hive.metastore.client.cache.maxSize does not exist
2024-04-24T06:27:58,699  WARN [main] conf.HiveConf: HiveConf of name hive.llap.io.cache.orc.size does not exist
2024-04-24T06:27:58,699  WARN [main] conf.HiveConf: HiveConf of name hive.metastore.metadb.dir does not exist
2024-04-24T06:27:58,701  INFO [main] utils.TestTxnDbUtil: Creating transactional tables
Hive Session ID = f1be7076-804f-4e51-bd54-0daefb351282
2024-04-24T06:27:58,704  INFO [main] SessionState: Hive Session ID = f1be7076-804f-4e51-bd54-0daefb351282
ivysettings.xml file not found in HIVE_HOME or HIVE_CONF_DIR,/home/alex/Repositories/hive/conf/ivysettings.xml will be used
2024-04-24T06:27:58,704  INFO [main] DependencyResolver: ivysettings.xml file not found in HIVE_HOME or HIVE_CONF_DIR,/home/alex/Repositories/hive/conf/ivysettings.xml will be used
2024-04-24T06:27:58,709  INFO [main] session.SessionState: Created HDFS directory: /home/alex/Repositories/hive/ql/target/tmp/scratchdir/alex/f1be7076-804f-4e51-bd54-0daefb351282
2024-04-24T06:27:58,711  INFO [main] session.SessionState: Created local directory: /home/alex/Repositories/hive/ql/target/tmp/localscratchdir/f1be7076-804f-4e51-bd54-0daefb351282
2024-04-24T06:27:58,714  INFO [main] session.SessionState: Created HDFS directory: /home/alex/Repositories/hive/ql/target/tmp/scratchdir/alex/f1be7076-804f-4e51-bd54-0daefb351282/_tmp_space.db
2024-04-24T06:27:58,714  INFO [main] sqlstd.SQLStdHiveAccessController: Created SQLStdHiveAccessController for session context : HiveAuthzSessionContext [sessionString=f1be7076-804f-4e51-bd54-0daefb351282, clientType=HIVECLI]
2024-04-24T06:27:58,714  INFO [main] ql.TxnCommandsBaseForTests: Running the query: drop table if exists acidTbl
2024-04-24T06:27:58,715  INFO [main] ql.Driver: Compiling command(queryId=alex_20240424062758_62e4bec5-4006-42be-b9ef-3bcd07da7b1f): drop table if exists acidTbl
2024-04-24T06:27:58,722  INFO [main] txn.TxnHandler: Added entries to MIN_HISTORY_LEVEL for current txns: ([1]) with min_open_txn: 1
2024-04-24T06:27:58,722  INFO [main] lockmgr.DbTxnManager: Opened txnid:1
2024-04-24T06:27:58,724  INFO [main] HiveMetaStore.audit: ugi=alex	ip=unknown-ip-addr	cmd=get_table : tbl=hive.default.acidTbl	
2024-04-24T06:27:58,727  INFO [main] ql.Driver: Semantic Analysis Completed (retrial = false)
2024-04-24T06:27:58,727  INFO [main] ql.Driver: Created Hive schema: Schema(fieldSchemas:null, properties:null)
2024-04-24T06:27:58,727  INFO [main] metadata.Hive: Dumping metastore api call timing information for : compilation phase
2024-04-24T06:27:58,727  INFO [main] metadata.Hive: Total time spent in each metastore function (ms): {openTxn_(String, TxnType)=7, commitTxn_(CommitTxnRequest)=11, isCompatibleWith_(Configuration)=0, flushCache_()=0, getValidTxns_(long)=2}
2024-04-24T06:27:58,728  INFO [main] ql.Driver: Completed compiling command(queryId=alex_20240424062758_62e4bec5-4006-42be-b9ef-3bcd07da7b1f); Time taken: 0.012 seconds
2024-04-24T06:27:58,728  INFO [main] lockmgr.DbTxnManager: Setting lock request transaction to txnid:1 for queryId=alex_20240424062758_62e4bec5-4006-42be-b9ef-3bcd07da7b1f
2024-04-24T06:27:58,728  INFO [main] ql.Driver: Operation DROPTABLE obtained 0 locks
2024-04-24T06:27:58,728  INFO [main] ql.Driver: Executing command(queryId=alex_20240424062758_62e4bec5-4006-42be-b9ef-3bcd07da7b1f): drop table if exists acidTbl
2024-04-24T06:27:58,728  INFO [main] ql.Driver: Starting task [Stage-0:DDL] in serial mode
2024-04-24T06:27:58,728  INFO [main] HiveMetaStore.audit: ugi=alex	ip=unknown-ip-addr	cmd=get_table : tbl=hive.default.acidTbl	
2024-04-24T06:27:58,731  INFO [main] metadata.Hive: Dumping metastore api call timing information for : execution phase
2024-04-24T06:27:58,731  INFO [main] metadata.Hive: Total time spent in each metastore function (ms): {isCompatibleWith_(Configuration)=0}
2024-04-24T06:27:58,731  INFO [main] ql.Driver: Completed executing command(queryId=alex_20240424062758_62e4bec5-4006-42be-b9ef-3bcd07da7b1f); Time taken: 0.003 seconds
2024-04-24T06:27:58,731  INFO [main] lockmgr.DbTxnManager: Stopped heartbeat for query: alex_20240424062758_62e4bec5-4006-42be-b9ef-3bcd07da7b1f
2024-04-24T06:27:58,737  INFO [main] txn.TxnHandler: Expected to move at least one record from txn_components to completed_txn_components when committing txn! txnid:1
2024-04-24T06:27:58,743  INFO [main] txn.TxnHandler: Removed transactions: ([1]) from MIN_HISTORY_LEVEL
2024-04-24T06:27:58,743  WARN [main] txn.CompactionTxnHandler: No compaction queue record found for Compaction type transaction commit. txnId:1
2024-04-24T06:27:58,744  INFO [main] ql.TxnCommandsBaseForTests: Running the query: drop table if exists acidTblPart
2024-04-24T06:27:58,744  INFO [main] ql.Driver: Compiling command(queryId=alex_20240424062758_1f7c5286-9eb6-4e31-924f-ad14942b7d7d): drop table if exists acidTblPart
2024-04-24T06:27:58,747  INFO [main] txn.TxnHandler: Added entries to MIN_HISTORY_LEVEL for current txns: ([2]) with min_open_txn: 1
2024-04-24T06:27:58,747  INFO [main] lockmgr.DbTxnManager: Opened txnid:2
2024-04-24T06:27:58,748  INFO [main] HiveMetaStore.audit: ugi=alex	ip=unknown-ip-addr	cmd=get_table : tbl=hive.default.acidTblPart	
2024-04-24T06:27:58,751  INFO [main] ql.Driver: Semantic Analysis Completed (retrial = false)
2024-04-24T06:27:58,751  INFO [main] ql.Driver: Created Hive schema: Schema(fieldSchemas:null, properties:null)
2024-04-24T06:27:58,751  INFO [main] metadata.Hive: Dumping metastore api call timing information for : compilation phase
2024-04-24T06:27:58,751  INFO [main] metadata.Hive: Total time spent in each metastore function (ms): {getValidTxns_(long)=1, flushCache_()=0, isCompatibleWith_(Configuration)=2, commitTxn_(CommitTxnRequest)=12, openTxn_(String, TxnType)=2}
2024-04-24T06:27:58,751  INFO [main] ql.Driver: Completed compiling command(queryId=alex_20240424062758_1f7c5286-9eb6-4e31-924f-ad14942b7d7d); Time taken: 0.007 seconds
2024-04-24T06:27:58,751  INFO [main] lockmgr.DbTxnManager: Setting lock request transaction to txnid:2 for queryId=alex_20240424062758_1f7c5286-9eb6-4e31-924f-ad14942b7d7d
2024-04-24T06:27:58,751  INFO [main] ql.Driver: Operation DROPTABLE obtained 0 locks
2024-04-24T06:27:58,751  INFO [main] ql.Driver: Executing command(queryId=alex_20240424062758_1f7c5286-9eb6-4e31-924f-ad14942b7d7d): drop table if exists acidTblPart
2024-04-24T06:27:58,752  INFO [main] ql.Driver: Starting task [Stage-0:DDL] in serial mode
2024-04-24T06:27:58,752  INFO [main] HiveMetaStore.audit: ugi=alex	ip=unknown-ip-addr	cmd=get_table : tbl=hive.default.acidTblPart	
2024-04-24T06:27:58,755  INFO [main] metadata.Hive: Dumping metastore api call timing information for : execution phase
2024-04-24T06:27:58,755  INFO [main] metadata.Hive: Total time spent in each metastore function (ms): {isCompatibleWith_(Configuration)=0}
2024-04-24T06:27:58,755  INFO [main] ql.Driver: Completed executing command(queryId=alex_20240424062758_1f7c5286-9eb6-4e31-924f-ad14942b7d7d); Time taken: 0.004 seconds
2024-04-24T06:27:58,755  INFO [main] lockmgr.DbTxnManager: Stopped heartbeat for query: alex_20240424062758_1f7c5286-9eb6-4e31-924f-ad14942b7d7d
2024-04-24T06:27:58,760  INFO [main] txn.TxnHandler: Expected to move at least one record from txn_components to completed_txn_components when committing txn! txnid:2
2024-04-24T06:27:58,766  INFO [main] txn.TxnHandler: Removed transactions: ([2]) from MIN_HISTORY_LEVEL
2024-04-24T06:27:58,766  WARN [main] txn.CompactionTxnHandler: No compaction queue record found for Compaction type transaction commit. txnId:2
2024-04-24T06:27:58,767  INFO [main] ql.TxnCommandsBaseForTests: Running the query: drop table if exists acidTbl2
2024-04-24T06:27:58,767  INFO [main] ql.Driver: Compiling command(queryId=alex_20240424062758_f3d5246d-a18d-456f-b3a0-f2fade1158ac): drop table if exists acidTbl2
2024-04-24T06:27:58,770  INFO [main] txn.TxnHandler: Added entries to MIN_HISTORY_LEVEL for current txns: ([3]) with min_open_txn: 1
2024-04-24T06:27:58,770  INFO [main] lockmgr.DbTxnManager: Opened txnid:3
2024-04-24T06:27:58,770  INFO [main] HiveMetaStore.audit: ugi=alex	ip=unknown-ip-addr	cmd=get_table : tbl=hive.default.acidTbl2	
2024-04-24T06:27:58,773  INFO [main] ql.Driver: Semantic Analysis Completed (retrial = false)
2024-04-24T06:27:58,773  INFO [main] ql.Driver: Created Hive schema: Schema(fieldSchemas:null, properties:null)
2024-04-24T06:27:58,773  INFO [main] metadata.Hive: Dumping metastore api call timing information for : compilation phase
2024-04-24T06:27:58,773  INFO [main] metadata.Hive: Total time spent in each metastore function (ms): {flushCache_()=1, openTxn_(String, TxnType)=2, commitTxn_(CommitTxnRequest)=12, getValidTxns_(long)=0, isCompatibleWith_(Configuration)=0}
2024-04-24T06:27:58,774  INFO [main] ql.Driver: Completed compiling command(queryId=alex_20240424062758_f3d5246d-a18d-456f-b3a0-f2fade1158ac); Time taken: 0.006 seconds
2024-04-24T06:27:58,774  INFO [main] lockmgr.DbTxnManager: Setting lock request transaction to txnid:3 for queryId=alex_20240424062758_f3d5246d-a18d-456f-b3a0-f2fade1158ac
2024-04-24T06:27:58,774  INFO [main] ql.Driver: Operation DROPTABLE obtained 0 locks
2024-04-24T06:27:58,774  INFO [main] ql.Driver: Executing command(queryId=alex_20240424062758_f3d5246d-a18d-456f-b3a0-f2fade1158ac): drop table if exists acidTbl2
2024-04-24T06:27:58,774  INFO [main] ql.Driver: Starting task [Stage-0:DDL] in serial mode
2024-04-24T06:27:58,775  INFO [main] HiveMetaStore.audit: ugi=alex	ip=unknown-ip-addr	cmd=get_table : tbl=hive.default.acidTbl2	
2024-04-24T06:27:58,777  INFO [main] metadata.Hive: Dumping metastore api call timing information for : execution phase
2024-04-24T06:27:58,778  INFO [main] metadata.Hive: Total time spent in each metastore function (ms): {isCompatibleWith_(Configuration)=1}
2024-04-24T06:27:58,778  INFO [main] ql.Driver: Completed executing command(queryId=alex_20240424062758_f3d5246d-a18d-456f-b3a0-f2fade1158ac); Time taken: 0.003 seconds
2024-04-24T06:27:58,778  INFO [main] lockmgr.DbTxnManager: Stopped heartbeat for query: alex_20240424062758_f3d5246d-a18d-456f-b3a0-f2fade1158ac
2024-04-24T06:27:58,783  INFO [main] txn.TxnHandler: Expected to move at least one record from txn_components to completed_txn_components when committing txn! txnid:3
2024-04-24T06:27:58,788  INFO [main] txn.TxnHandler: Removed transactions: ([3]) from MIN_HISTORY_LEVEL
2024-04-24T06:27:58,788  WARN [main] txn.CompactionTxnHandler: No compaction queue record found for Compaction type transaction commit. txnId:3
2024-04-24T06:27:58,789  INFO [main] ql.TxnCommandsBaseForTests: Running the query: drop table if exists nonAcidOrcTbl
2024-04-24T06:27:58,789  INFO [main] ql.Driver: Compiling command(queryId=alex_20240424062758_58511db8-2342-49a0-accc-3e83ee9e7ae8): drop table if exists nonAcidOrcTbl
2024-04-24T06:27:58,791  INFO [main] txn.TxnHandler: Added entries to MIN_HISTORY_LEVEL for current txns: ([4]) with min_open_txn: 1
2024-04-24T06:27:58,792  INFO [main] lockmgr.DbTxnManager: Opened txnid:4
2024-04-24T06:27:58,792  INFO [main] HiveMetaStore.audit: ugi=alex	ip=unknown-ip-addr	cmd=get_table : tbl=hive.default.nonAcidOrcTbl	
2024-04-24T06:27:58,795  INFO [main] ql.Driver: Semantic Analysis Completed (retrial = false)
2024-04-24T06:27:58,795  INFO [main] ql.Driver: Created Hive schema: Schema(fieldSchemas:null, properties:null)
2024-04-24T06:27:58,795  INFO [main] metadata.Hive: Dumping metastore api call timing information for : compilation phase
2024-04-24T06:27:58,795  INFO [main] metadata.Hive: Total time spent in each metastore function (ms): {commitTxn_(CommitTxnRequest)=11, flushCache_()=0, openTxn_(String, TxnType)=2, getValidTxns_(long)=0, isCompatibleWith_(Configuration)=0}
2024-04-24T06:27:58,795  INFO [main] ql.Driver: Completed compiling command(queryId=alex_20240424062758_58511db8-2342-49a0-accc-3e83ee9e7ae8); Time taken: 0.006 seconds
2024-04-24T06:27:58,796  INFO [main] lockmgr.DbTxnManager: Setting lock request transaction to txnid:4 for queryId=alex_20240424062758_58511db8-2342-49a0-accc-3e83ee9e7ae8
2024-04-24T06:27:58,796  INFO [main] ql.Driver: Operation DROPTABLE obtained 0 locks
2024-04-24T06:27:58,796  INFO [main] ql.Driver: Executing command(queryId=alex_20240424062758_58511db8-2342-49a0-accc-3e83ee9e7ae8): drop table if exists nonAcidOrcTbl
2024-04-24T06:27:58,796  INFO [main] ql.Driver: Starting task [Stage-0:DDL] in serial mode
2024-04-24T06:27:58,796  INFO [main] HiveMetaStore.audit: ugi=alex	ip=unknown-ip-addr	cmd=get_table : tbl=hive.default.nonAcidOrcTbl	
2024-04-24T06:27:58,799  INFO [main] metadata.Hive: Dumping metastore api call timing information for : execution phase
2024-04-24T06:27:58,799  INFO [main] metadata.Hive: Total time spent in each metastore function (ms): {isCompatibleWith_(Configuration)=0}
2024-04-24T06:27:58,800  INFO [main] ql.Driver: Completed executing command(queryId=alex_20240424062758_58511db8-2342-49a0-accc-3e83ee9e7ae8); Time taken: 0.003 seconds
2024-04-24T06:27:58,800  INFO [main] lockmgr.DbTxnManager: Stopped heartbeat for query: alex_20240424062758_58511db8-2342-49a0-accc-3e83ee9e7ae8
2024-04-24T06:27:58,804  INFO [main] txn.TxnHandler: Expected to move at least one record from txn_components to completed_txn_components when committing txn! txnid:4
2024-04-24T06:27:58,810  INFO [main] txn.TxnHandler: Removed transactions: ([4]) from MIN_HISTORY_LEVEL
2024-04-24T06:27:58,810  WARN [main] txn.CompactionTxnHandler: No compaction queue record found for Compaction type transaction commit. txnId:4
2024-04-24T06:27:58,811  INFO [main] ql.TxnCommandsBaseForTests: Running the query: drop table if exists nonAcidOrcTbl2
2024-04-24T06:27:58,811  INFO [main] ql.Driver: Compiling command(queryId=alex_20240424062758_3f75bfe5-f23d-4392-999c-6cf7ee4b6f5a): drop table if exists nonAcidOrcTbl2
2024-04-24T06:27:58,813  INFO [main] txn.TxnHandler: Added entries to MIN_HISTORY_LEVEL for current txns: ([5]) with min_open_txn: 1
2024-04-24T06:27:58,813  INFO [main] lockmgr.DbTxnManager: Opened txnid:5
2024-04-24T06:27:58,814  INFO [main] HiveMetaStore.audit: ugi=alex	ip=unknown-ip-addr	cmd=get_table : tbl=hive.default.nonAcidOrcTbl2	
2024-04-24T06:27:58,817  INFO [main] ql.Driver: Semantic Analysis Completed (retrial = false)
2024-04-24T06:27:58,817  INFO [main] ql.Driver: Created Hive schema: Schema(fieldSchemas:null, properties:null)
2024-04-24T06:27:58,817  INFO [main] metadata.Hive: Dumping metastore api call timing information for : compilation phase
2024-04-24T06:27:58,817  INFO [main] metadata.Hive: Total time spent in each metastore function (ms): {commitTxn_(CommitTxnRequest)=11, getValidTxns_(long)=0, flushCache_()=0, isCompatibleWith_(Configuration)=1, openTxn_(String, TxnType)=2}
2024-04-24T06:27:58,817  INFO [main] ql.Driver: Completed compiling command(queryId=alex_20240424062758_3f75bfe5-f23d-4392-999c-6cf7ee4b6f5a); Time taken: 0.006 seconds
2024-04-24T06:27:58,817  INFO [main] lockmgr.DbTxnManager: Setting lock request transaction to txnid:5 for queryId=alex_20240424062758_3f75bfe5-f23d-4392-999c-6cf7ee4b6f5a
2024-04-24T06:27:58,817  INFO [main] ql.Driver: Operation DROPTABLE obtained 0 locks
2024-04-24T06:27:58,817  INFO [main] ql.Driver: Executing command(queryId=alex_20240424062758_3f75bfe5-f23d-4392-999c-6cf7ee4b6f5a): drop table if exists nonAcidOrcTbl2
2024-04-24T06:27:58,818  INFO [main] ql.Driver: Starting task [Stage-0:DDL] in serial mode
2024-04-24T06:27:58,818  INFO [main] HiveMetaStore.audit: ugi=alex	ip=unknown-ip-addr	cmd=get_table : tbl=hive.default.nonAcidOrcTbl2	
2024-04-24T06:27:58,821  INFO [main] metadata.Hive: Dumping metastore api call timing information for : execution phase
2024-04-24T06:27:58,821  INFO [main] metadata.Hive: Total time spent in each metastore function (ms): {isCompatibleWith_(Configuration)=0}
2024-04-24T06:27:58,821  INFO [main] ql.Driver: Completed executing command(queryId=alex_20240424062758_3f75bfe5-f23d-4392-999c-6cf7ee4b6f5a); Time taken: 0.004 seconds
2024-04-24T06:27:58,821  INFO [main] lockmgr.DbTxnManager: Stopped heartbeat for query: alex_20240424062758_3f75bfe5-f23d-4392-999c-6cf7ee4b6f5a
2024-04-24T06:27:58,826  INFO [main] txn.TxnHandler: Expected to move at least one record from txn_components to completed_txn_components when committing txn! txnid:5
2024-04-24T06:27:58,831  INFO [main] txn.TxnHandler: Removed transactions: ([5]) from MIN_HISTORY_LEVEL
2024-04-24T06:27:58,831  WARN [main] txn.CompactionTxnHandler: No compaction queue record found for Compaction type transaction commit. txnId:5
2024-04-24T06:27:58,832  INFO [main] ql.TxnCommandsBaseForTests: Running the query: drop table if exists nonAcidNonBucket
2024-04-24T06:27:58,832  INFO [main] ql.Driver: Compiling command(queryId=alex_20240424062758_ec5f1891-0709-4699-8b78-4b78b05bd502): drop table if exists nonAcidNonBucket
2024-04-24T06:27:58,834  INFO [main] txn.TxnHandler: Added entries to MIN_HISTORY_LEVEL for current txns: ([6]) with min_open_txn: 1
2024-04-24T06:27:58,834  INFO [main] lockmgr.DbTxnManager: Opened txnid:6
2024-04-24T06:27:58,835  INFO [main] HiveMetaStore.audit: ugi=alex	ip=unknown-ip-addr	cmd=get_table : tbl=hive.default.nonAcidNonBucket	
2024-04-24T06:27:58,838  INFO [main] ql.Driver: Semantic Analysis Completed (retrial = false)
2024-04-24T06:27:58,838  INFO [main] ql.Driver: Created Hive schema: Schema(fieldSchemas:null, properties:null)
2024-04-24T06:27:58,838  INFO [main] metadata.Hive: Dumping metastore api call timing information for : compilation phase
2024-04-24T06:27:58,838  INFO [main] metadata.Hive: Total time spent in each metastore function (ms): {isCompatibleWith_(Configuration)=1, openTxn_(String, TxnType)=2, flushCache_()=0, commitTxn_(CommitTxnRequest)=10, getValidTxns_(long)=0}
2024-04-24T06:27:58,838  INFO [main] ql.Driver: Completed compiling command(queryId=alex_20240424062758_ec5f1891-0709-4699-8b78-4b78b05bd502); Time taken: 0.006 seconds
2024-04-24T06:27:58,838  INFO [main] lockmgr.DbTxnManager: Setting lock request transaction to txnid:6 for queryId=alex_20240424062758_ec5f1891-0709-4699-8b78-4b78b05bd502
2024-04-24T06:27:58,838  INFO [main] ql.Driver: Operation DROPTABLE obtained 0 locks
2024-04-24T06:27:58,838  INFO [main] ql.Driver: Executing command(queryId=alex_20240424062758_ec5f1891-0709-4699-8b78-4b78b05bd502): drop table if exists nonAcidNonBucket
2024-04-24T06:27:58,838  INFO [main] ql.Driver: Starting task [Stage-0:DDL] in serial mode
2024-04-24T06:27:58,839  INFO [main] HiveMetaStore.audit: ugi=alex	ip=unknown-ip-addr	cmd=get_table : tbl=hive.default.nonAcidNonBucket	
2024-04-24T06:27:58,841  INFO [main] metadata.Hive: Dumping metastore api call timing information for : execution phase
2024-04-24T06:27:58,841  INFO [main] metadata.Hive: Total time spent in each metastore function (ms): {isCompatibleWith_(Configuration)=1}
2024-04-24T06:27:58,842  INFO [main] ql.Driver: Completed executing command(queryId=alex_20240424062758_ec5f1891-0709-4699-8b78-4b78b05bd502); Time taken: 0.003 seconds
2024-04-24T06:27:58,842  INFO [main] lockmgr.DbTxnManager: Stopped heartbeat for query: alex_20240424062758_ec5f1891-0709-4699-8b78-4b78b05bd502
2024-04-24T06:27:58,847  INFO [main] txn.TxnHandler: Expected to move at least one record from txn_components to completed_txn_components when committing txn! txnid:6
2024-04-24T06:27:58,852  INFO [main] txn.TxnHandler: Removed transactions: ([6]) from MIN_HISTORY_LEVEL
2024-04-24T06:27:58,852  WARN [main] txn.CompactionTxnHandler: No compaction queue record found for Compaction type transaction commit. txnId:6
2024-04-24T06:27:58,853  INFO [main] ql.TxnCommandsBaseForTests: Running the query: create table acidTbl(a int, b int) clustered by (a) into 2 buckets stored as orc TBLPROPERTIES ('transactional'='true')
2024-04-24T06:27:58,853  INFO [main] ql.Driver: Compiling command(queryId=alex_20240424062758_ef077fd9-a285-413f-b2b1-c3188e6c2bdd): create table acidTbl(a int, b int) clustered by (a) into 2 buckets stored as orc TBLPROPERTIES ('transactional'='true')
2024-04-24T06:27:58,855  INFO [main] txn.TxnHandler: Added entries to MIN_HISTORY_LEVEL for current txns: ([7]) with min_open_txn: 1
2024-04-24T06:27:58,855  INFO [main] lockmgr.DbTxnManager: Opened txnid:7
2024-04-24T06:27:58,856  INFO [main] parse.CalcitePlanner: Starting caching scope for: 
2024-04-24T06:27:58,856  INFO [main] parse.CalcitePlanner: Starting Semantic Analysis
2024-04-24T06:27:58,861  INFO [main] parse.CalcitePlanner: Creating table default.acidTbl position=13
2024-04-24T06:27:58,861  INFO [main] HiveMetaStore.audit: ugi=alex	ip=unknown-ip-addr	cmd=get_database: default	
2024-04-24T06:27:58,863  INFO [main] parse.CalcitePlanner: Ending caching scope for: 
2024-04-24T06:27:58,863  INFO [main] ql.Driver: Semantic Analysis Completed (retrial = false)
2024-04-24T06:27:58,863  INFO [main] ql.Driver: Created Hive schema: Schema(fieldSchemas:null, properties:null)
2024-04-24T06:27:58,863  INFO [main] metadata.Hive: Dumping metastore api call timing information for : compilation phase
2024-04-24T06:27:58,863  INFO [main] metadata.Hive: Total time spent in each metastore function (ms): {commitTxn_(CommitTxnRequest)=10, openTxn_(String, TxnType)=2, isCompatibleWith_(Configuration)=1, flushCache_()=0, getValidWriteIds_(List, String)=5, getDatabase_(String)=2, getValidTxns_(long)=0}
2024-04-24T06:27:58,863  INFO [main] ql.Driver: Completed compiling command(queryId=alex_20240424062758_ef077fd9-a285-413f-b2b1-c3188e6c2bdd); Time taken: 0.01 seconds
2024-04-24T06:27:58,864  INFO [main] lockmgr.DbTxnManager: Setting lock request transaction to txnid:7 for queryId=alex_20240424062758_ef077fd9-a285-413f-b2b1-c3188e6c2bdd
2024-04-24T06:27:58,864  INFO [main] lockmgr.DbLockManager: Requesting lock for queryId=alex_20240424062758_ef077fd9-a285-413f-b2b1-c3188e6c2bdd
2024-04-24T06:27:58,881  INFO [main] lockmgr.DbLockManager: Response to queryId=alex_20240424062758_ef077fd9-a285-413f-b2b1-c3188e6c2bdd LockResponse(lockid:1, state:ACQUIRED)
2024-04-24T06:27:58,882  INFO [main] ql.Driver: Operation CREATETABLE obtained 1 locks
2024-04-24T06:27:58,882  INFO [main] ql.Driver: Executing command(queryId=alex_20240424062758_ef077fd9-a285-413f-b2b1-c3188e6c2bdd): create table acidTbl(a int, b int) clustered by (a) into 2 buckets stored as orc TBLPROPERTIES ('transactional'='true')
2024-04-24T06:27:58,882  INFO [main] ql.Driver: Starting task [Stage-0:DDL] in serial mode
2024-04-24T06:27:58,883  INFO [main] HiveMetaStore.audit: ugi=alex	ip=unknown-ip-addr	cmd=create_table_req: Table(tableName:acidTbl, dbName:default, owner:alex, createTime:1713965278, lastAccessTime:0, retention:0, sd:StorageDescriptor(cols:[FieldSchema(name:a, type:int, comment:null), FieldSchema(name:b, type:int, comment:null)], location:null, inputFormat:org.apache.hadoop.hive.ql.io.orc.OrcInputFormat, outputFormat:org.apache.hadoop.hive.ql.io.orc.OrcOutputFormat, compressed:false, numBuckets:2, serdeInfo:SerDeInfo(name:null, serializationLib:org.apache.hadoop.hive.ql.io.orc.OrcSerde, parameters:{serialization.format=1}), bucketCols:[a], sortCols:[], parameters:{}, skewedInfo:SkewedInfo(skewedColNames:[], skewedColValues:[], skewedColValueLocationMaps:{}), storedAsSubDirectories:false), partitionKeys:[], parameters:{numRows=0, numFiles=0, bucketing_version=2, numFilesErasureCoded=0, rawDataSize=0, COLUMN_STATS_ACCURATE={"BASIC_STATS":"true","COLUMN_STATS":{"a":"true","b":"true"}}, totalSize=0, transactional=true}, viewOriginalText:null, viewExpandedText:null, tableType:MANAGED_TABLE, privileges:PrincipalPrivilegeSet(userPrivileges:{alex=[PrivilegeGrantInfo(privilege:INSERT, createTime:-1, grantor:alex, grantorType:USER, grantOption:true), PrivilegeGrantInfo(privilege:SELECT, createTime:-1, grantor:alex, grantorType:USER, grantOption:true), PrivilegeGrantInfo(privilege:UPDATE, createTime:-1, grantor:alex, grantorType:USER, grantOption:true), PrivilegeGrantInfo(privilege:DELETE, createTime:-1, grantor:alex, grantorType:USER, grantOption:true)]}, groupPrivileges:null, rolePrivileges:null), temporary:false, catName:hive, ownerType:USER, writeId:0)	
2024-04-24T06:27:58,889  INFO [main] utils.FileUtils: Creating directory if it doesn't exist: file:/home/alex/Repositories/hive/ql/target/tmp/org.apache.hadoop.hive.ql.TestTxnCommands-1713965238357/warehouse/acidtbl
2024-04-24T06:27:58,923  INFO [main] metadata.Hive: Dumping metastore api call timing information for : execution phase
2024-04-24T06:27:58,923  INFO [main] metadata.Hive: Total time spent in each metastore function (ms): {isCompatibleWith_(Configuration)=0, createTable_(Table)=40}
2024-04-24T06:27:58,923  INFO [main] ql.Driver: Completed executing command(queryId=alex_20240424062758_ef077fd9-a285-413f-b2b1-c3188e6c2bdd); Time taken: 0.041 seconds
2024-04-24T06:27:58,923  INFO [main] lockmgr.DbTxnManager: Stopped heartbeat for query: alex_20240424062758_ef077fd9-a285-413f-b2b1-c3188e6c2bdd
2024-04-24T06:27:58,927  INFO [main] txn.TxnHandler: Expected to move at least one record from txn_components to completed_txn_components when committing txn! txnid:7
2024-04-24T06:27:58,933  INFO [main] txn.TxnHandler: Removed transactions: ([7]) from MIN_HISTORY_LEVEL
2024-04-24T06:27:58,933  WARN [main] txn.CompactionTxnHandler: No compaction queue record found for Compaction type transaction commit. txnId:7
2024-04-24T06:27:58,933  INFO [main] ql.TxnCommandsBaseForTests: Running the query: create table acidTblPart(a int, b int) partitioned by (p string) clustered by (a) into 2 buckets stored as orc TBLPROPERTIES ('transactional'='true')
2024-04-24T06:27:58,934  INFO [main] ql.Driver: Compiling command(queryId=alex_20240424062758_e1eb64d4-2cf2-425b-996b-1415c8e74b6d): create table acidTblPart(a int, b int) partitioned by (p string) clustered by (a) into 2 buckets stored as orc TBLPROPERTIES ('transactional'='true')
2024-04-24T06:27:58,943  INFO [main] txn.TxnHandler: Added entries to MIN_HISTORY_LEVEL for current txns: ([8]) with min_open_txn: 1
2024-04-24T06:27:58,943  INFO [main] lockmgr.DbTxnManager: Opened txnid:8
2024-04-24T06:27:58,946  INFO [main] parse.CalcitePlanner: Starting caching scope for: 
2024-04-24T06:27:58,946  INFO [main] parse.CalcitePlanner: Starting Semantic Analysis
2024-04-24T06:27:58,948  INFO [main] parse.CalcitePlanner: Creating table default.acidTblPart position=13
2024-04-24T06:27:58,948  INFO [main] HiveMetaStore.audit: ugi=alex	ip=unknown-ip-addr	cmd=get_database: default	
2024-04-24T06:27:58,950  INFO [main] parse.CalcitePlanner: Ending caching scope for: 
2024-04-24T06:27:58,950  INFO [main] ql.Driver: Semantic Analysis Completed (retrial = false)
2024-04-24T06:27:58,950  INFO [main] ql.Driver: Created Hive schema: Schema(fieldSchemas:null, properties:null)
2024-04-24T06:27:58,950  INFO [main] metadata.Hive: Dumping metastore api call timing information for : compilation phase
2024-04-24T06:27:58,950  INFO [main] metadata.Hive: Total time spent in each metastore function (ms): {commitTxn_(CommitTxnRequest)=10, getValidWriteIds_(List, String)=2, flushCache_()=0, getDatabase_(String)=2, getValidTxns_(long)=2, isCompatibleWith_(Configuration)=1, openTxn_(String, TxnType)=9}
2024-04-24T06:27:58,950  INFO [main] ql.Driver: Completed compiling command(queryId=alex_20240424062758_e1eb64d4-2cf2-425b-996b-1415c8e74b6d); Time taken: 0.016 seconds
2024-04-24T06:27:58,951  INFO [main] lockmgr.DbTxnManager: Setting lock request transaction to txnid:8 for queryId=alex_20240424062758_e1eb64d4-2cf2-425b-996b-1415c8e74b6d
2024-04-24T06:27:58,951  INFO [main] lockmgr.DbLockManager: Requesting lock for queryId=alex_20240424062758_e1eb64d4-2cf2-425b-996b-1415c8e74b6d
2024-04-24T06:27:58,967  INFO [main] lockmgr.DbLockManager: Response to queryId=alex_20240424062758_e1eb64d4-2cf2-425b-996b-1415c8e74b6d LockResponse(lockid:2, state:ACQUIRED)
2024-04-24T06:27:58,967  INFO [main] ql.Driver: Operation CREATETABLE obtained 1 locks
2024-04-24T06:27:58,967  INFO [main] ql.Driver: Executing command(queryId=alex_20240424062758_e1eb64d4-2cf2-425b-996b-1415c8e74b6d): create table acidTblPart(a int, b int) partitioned by (p string) clustered by (a) into 2 buckets stored as orc TBLPROPERTIES ('transactional'='true')
2024-04-24T06:27:58,967  INFO [main] ql.Driver: Starting task [Stage-0:DDL] in serial mode
2024-04-24T06:27:58,968  INFO [main] HiveMetaStore.audit: ugi=alex	ip=unknown-ip-addr	cmd=create_table_req: Table(tableName:acidTblPart, dbName:default, owner:alex, createTime:1713965278, lastAccessTime:0, retention:0, sd:StorageDescriptor(cols:[FieldSchema(name:a, type:int, comment:null), FieldSchema(name:b, type:int, comment:null)], location:null, inputFormat:org.apache.hadoop.hive.ql.io.orc.OrcInputFormat, outputFormat:org.apache.hadoop.hive.ql.io.orc.OrcOutputFormat, compressed:false, numBuckets:2, serdeInfo:SerDeInfo(name:null, serializationLib:org.apache.hadoop.hive.ql.io.orc.OrcSerde, parameters:{serialization.format=1}), bucketCols:[a], sortCols:[], parameters:{}, skewedInfo:SkewedInfo(skewedColNames:[], skewedColValues:[], skewedColValueLocationMaps:{}), storedAsSubDirectories:false), partitionKeys:[FieldSchema(name:p, type:string, comment:null)], parameters:{bucketing_version=2, transactional=true}, viewOriginalText:null, viewExpandedText:null, tableType:MANAGED_TABLE, privileges:PrincipalPrivilegeSet(userPrivileges:{alex=[PrivilegeGrantInfo(privilege:INSERT, createTime:-1, grantor:alex, grantorType:USER, grantOption:true), PrivilegeGrantInfo(privilege:SELECT, createTime:-1, grantor:alex, grantorType:USER, grantOption:true), PrivilegeGrantInfo(privilege:UPDATE, createTime:-1, grantor:alex, grantorType:USER, grantOption:true), PrivilegeGrantInfo(privilege:DELETE, createTime:-1, grantor:alex, grantorType:USER, grantOption:true)]}, groupPrivileges:null, rolePrivileges:null), temporary:false, catName:hive, ownerType:USER, writeId:0)	
2024-04-24T06:27:58,974  INFO [main] utils.FileUtils: Creating directory if it doesn't exist: file:/home/alex/Repositories/hive/ql/target/tmp/org.apache.hadoop.hive.ql.TestTxnCommands-1713965238357/warehouse/acidtblpart
2024-04-24T06:27:58,990  INFO [main] metadata.Hive: Dumping metastore api call timing information for : execution phase
2024-04-24T06:27:58,990  INFO [main] metadata.Hive: Total time spent in each metastore function (ms): {createTable_(Table)=22, isCompatibleWith_(Configuration)=1}
2024-04-24T06:27:58,990  INFO [main] ql.Driver: Completed executing command(queryId=alex_20240424062758_e1eb64d4-2cf2-425b-996b-1415c8e74b6d); Time taken: 0.023 seconds
2024-04-24T06:27:58,990  INFO [main] lockmgr.DbTxnManager: Stopped heartbeat for query: alex_20240424062758_e1eb64d4-2cf2-425b-996b-1415c8e74b6d
2024-04-24T06:27:58,994  INFO [main] txn.TxnHandler: Expected to move at least one record from txn_components to completed_txn_components when committing txn! txnid:8
2024-04-24T06:27:59,001  INFO [main] txn.TxnHandler: Removed transactions: ([8]) from MIN_HISTORY_LEVEL
2024-04-24T06:27:59,001  WARN [main] txn.CompactionTxnHandler: No compaction queue record found for Compaction type transaction commit. txnId:8
2024-04-24T06:27:59,002  INFO [main] ql.TxnCommandsBaseForTests: Running the query: create table nonAcidOrcTbl(a int, b int) clustered by (a) into 2 buckets stored as orc TBLPROPERTIES ('transactional'='false')
2024-04-24T06:27:59,002  INFO [main] ql.Driver: Compiling command(queryId=alex_20240424062759_01e85316-d2ce-4e7c-a62f-e90091ac3fc8): create table nonAcidOrcTbl(a int, b int) clustered by (a) into 2 buckets stored as orc TBLPROPERTIES ('transactional'='false')
2024-04-24T06:27:59,005  INFO [main] txn.TxnHandler: Added entries to MIN_HISTORY_LEVEL for current txns: ([9]) with min_open_txn: 1
2024-04-24T06:27:59,005  INFO [main] lockmgr.DbTxnManager: Opened txnid:9
2024-04-24T06:27:59,006  INFO [main] parse.CalcitePlanner: Starting caching scope for: 
2024-04-24T06:27:59,006  INFO [main] parse.CalcitePlanner: Starting Semantic Analysis
2024-04-24T06:27:59,008  INFO [main] parse.CalcitePlanner: Creating table default.nonAcidOrcTbl position=13
2024-04-24T06:27:59,008  INFO [main] HiveMetaStore.audit: ugi=alex	ip=unknown-ip-addr	cmd=get_database: default	
2024-04-24T06:27:59,010  INFO [main] parse.CalcitePlanner: Ending caching scope for: 
2024-04-24T06:27:59,010  INFO [main] ql.Driver: Semantic Analysis Completed (retrial = false)
2024-04-24T06:27:59,010  INFO [main] ql.Driver: Created Hive schema: Schema(fieldSchemas:null, properties:null)
2024-04-24T06:27:59,010  INFO [main] metadata.Hive: Dumping metastore api call timing information for : compilation phase
2024-04-24T06:27:59,010  INFO [main] metadata.Hive: Total time spent in each metastore function (ms): {isCompatibleWith_(Configuration)=0, getValidTxns_(long)=1, getValidWriteIds_(List, String)=2, openTxn_(String, TxnType)=2, flushCache_()=0, commitTxn_(CommitTxnRequest)=12, getDatabase_(String)=2}
2024-04-24T06:27:59,010  INFO [main] ql.Driver: Completed compiling command(queryId=alex_20240424062759_01e85316-d2ce-4e7c-a62f-e90091ac3fc8); Time taken: 0.008 seconds
2024-04-24T06:27:59,011  INFO [main] lockmgr.DbTxnManager: Setting lock request transaction to txnid:9 for queryId=alex_20240424062759_01e85316-d2ce-4e7c-a62f-e90091ac3fc8
2024-04-24T06:27:59,011  INFO [main] lockmgr.DbLockManager: Requesting lock for queryId=alex_20240424062759_01e85316-d2ce-4e7c-a62f-e90091ac3fc8
2024-04-24T06:27:59,026  INFO [main] lockmgr.DbLockManager: Response to queryId=alex_20240424062759_01e85316-d2ce-4e7c-a62f-e90091ac3fc8 LockResponse(lockid:3, state:ACQUIRED)
2024-04-24T06:27:59,026  INFO [main] ql.Driver: Operation CREATETABLE obtained 1 locks
2024-04-24T06:27:59,026  INFO [main] ql.Driver: Executing command(queryId=alex_20240424062759_01e85316-d2ce-4e7c-a62f-e90091ac3fc8): create table nonAcidOrcTbl(a int, b int) clustered by (a) into 2 buckets stored as orc TBLPROPERTIES ('transactional'='false')
2024-04-24T06:27:59,027  INFO [main] ql.Driver: Starting task [Stage-0:DDL] in serial mode
2024-04-24T06:27:59,028  INFO [main] HiveMetaStore.audit: ugi=alex	ip=unknown-ip-addr	cmd=create_table_req: Table(tableName:nonAcidOrcTbl, dbName:default, owner:alex, createTime:1713965279, lastAccessTime:0, retention:0, sd:StorageDescriptor(cols:[FieldSchema(name:a, type:int, comment:null), FieldSchema(name:b, type:int, comment:null)], location:null, inputFormat:org.apache.hadoop.hive.ql.io.orc.OrcInputFormat, outputFormat:org.apache.hadoop.hive.ql.io.orc.OrcOutputFormat, compressed:false, numBuckets:2, serdeInfo:SerDeInfo(name:null, serializationLib:org.apache.hadoop.hive.ql.io.orc.OrcSerde, parameters:{serialization.format=1}), bucketCols:[a], sortCols:[], parameters:{}, skewedInfo:SkewedInfo(skewedColNames:[], skewedColValues:[], skewedColValueLocationMaps:{}), storedAsSubDirectories:false), partitionKeys:[], parameters:{totalSize=0, numFilesErasureCoded=0, rawDataSize=0, numFiles=0, numRows=0, transactional=false, bucketing_version=2, COLUMN_STATS_ACCURATE={"BASIC_STATS":"true","COLUMN_STATS":{"a":"true","b":"true"}}}, viewOriginalText:null, viewExpandedText:null, tableType:MANAGED_TABLE, privileges:PrincipalPrivilegeSet(userPrivileges:{alex=[PrivilegeGrantInfo(privilege:INSERT, createTime:-1, grantor:alex, grantorType:USER, grantOption:true), PrivilegeGrantInfo(privilege:SELECT, createTime:-1, grantor:alex, grantorType:USER, grantOption:true), PrivilegeGrantInfo(privilege:UPDATE, createTime:-1, grantor:alex, grantorType:USER, grantOption:true), PrivilegeGrantInfo(privilege:DELETE, createTime:-1, grantor:alex, grantorType:USER, grantOption:true)]}, groupPrivileges:null, rolePrivileges:null), temporary:false, catName:hive, ownerType:USER)	
2024-04-24T06:27:59,033  INFO [main] utils.FileUtils: Creating directory if it doesn't exist: file:/home/alex/Repositories/hive/ql/target/tmp/org.apache.hadoop.hive.ql.TestTxnCommands-1713965238357/warehouse/nonacidorctbl
2024-04-24T06:27:59,053  INFO [main] metadata.Hive: Dumping metastore api call timing information for : execution phase
2024-04-24T06:27:59,053  INFO [main] metadata.Hive: Total time spent in each metastore function (ms): {isCompatibleWith_(Configuration)=0, createTable_(Table)=26}
2024-04-24T06:27:59,053  INFO [main] ql.Driver: Completed executing command(queryId=alex_20240424062759_01e85316-d2ce-4e7c-a62f-e90091ac3fc8); Time taken: 0.027 seconds
2024-04-24T06:27:59,053  INFO [main] lockmgr.DbTxnManager: Stopped heartbeat for query: alex_20240424062759_01e85316-d2ce-4e7c-a62f-e90091ac3fc8
2024-04-24T06:27:59,057  INFO [main] txn.TxnHandler: Expected to move at least one record from txn_components to completed_txn_components when committing txn! txnid:9
2024-04-24T06:27:59,064  INFO [main] txn.TxnHandler: Removed transactions: ([9]) from MIN_HISTORY_LEVEL
2024-04-24T06:27:59,064  WARN [main] txn.CompactionTxnHandler: No compaction queue record found for Compaction type transaction commit. txnId:9
2024-04-24T06:27:59,065  INFO [main] ql.TxnCommandsBaseForTests: Running the query: create table nonAcidOrcTbl2(a int, b int) clustered by (a) into 2 buckets stored as orc TBLPROPERTIES ('transactional'='false')
2024-04-24T06:27:59,065  INFO [main] ql.Driver: Compiling command(queryId=alex_20240424062759_d6e884a2-6c3f-4697-9358-af392ffa3ebe): create table nonAcidOrcTbl2(a int, b int) clustered by (a) into 2 buckets stored as orc TBLPROPERTIES ('transactional'='false')
2024-04-24T06:27:59,067  INFO [main] txn.TxnHandler: Added entries to MIN_HISTORY_LEVEL for current txns: ([10]) with min_open_txn: 1
2024-04-24T06:27:59,068  INFO [main] lockmgr.DbTxnManager: Opened txnid:10
2024-04-24T06:27:59,068  INFO [main] parse.CalcitePlanner: Starting caching scope for: 
2024-04-24T06:27:59,068  INFO [main] parse.CalcitePlanner: Starting Semantic Analysis
2024-04-24T06:27:59,071  INFO [main] parse.CalcitePlanner: Creating table default.nonAcidOrcTbl2 position=13
2024-04-24T06:27:59,071  INFO [main] HiveMetaStore.audit: ugi=alex	ip=unknown-ip-addr	cmd=get_database: default	
2024-04-24T06:27:59,073  INFO [main] parse.CalcitePlanner: Ending caching scope for: 
2024-04-24T06:27:59,073  INFO [main] ql.Driver: Semantic Analysis Completed (retrial = false)
2024-04-24T06:27:59,073  INFO [main] ql.Driver: Created Hive schema: Schema(fieldSchemas:null, properties:null)
2024-04-24T06:27:59,073  INFO [main] metadata.Hive: Dumping metastore api call timing information for : compilation phase
2024-04-24T06:27:59,073  INFO [main] metadata.Hive: Total time spent in each metastore function (ms): {flushCache_()=0, isCompatibleWith_(Configuration)=2, openTxn_(String, TxnType)=3, getValidWriteIds_(List, String)=2, commitTxn_(CommitTxnRequest)=10, getDatabase_(String)=2, getValidTxns_(long)=0}
2024-04-24T06:27:59,073  INFO [main] ql.Driver: Completed compiling command(queryId=alex_20240424062759_d6e884a2-6c3f-4697-9358-af392ffa3ebe); Time taken: 0.008 seconds
2024-04-24T06:27:59,073  INFO [main] lockmgr.DbTxnManager: Setting lock request transaction to txnid:10 for queryId=alex_20240424062759_d6e884a2-6c3f-4697-9358-af392ffa3ebe
2024-04-24T06:27:59,074  INFO [main] lockmgr.DbLockManager: Requesting lock for queryId=alex_20240424062759_d6e884a2-6c3f-4697-9358-af392ffa3ebe
2024-04-24T06:27:59,089  INFO [main] lockmgr.DbLockManager: Response to queryId=alex_20240424062759_d6e884a2-6c3f-4697-9358-af392ffa3ebe LockResponse(lockid:4, state:ACQUIRED)
2024-04-24T06:27:59,089  INFO [main] ql.Driver: Operation CREATETABLE obtained 1 locks
2024-04-24T06:27:59,089  INFO [main] ql.Driver: Executing command(queryId=alex_20240424062759_d6e884a2-6c3f-4697-9358-af392ffa3ebe): create table nonAcidOrcTbl2(a int, b int) clustered by (a) into 2 buckets stored as orc TBLPROPERTIES ('transactional'='false')
2024-04-24T06:27:59,090  INFO [main] ql.Driver: Starting task [Stage-0:DDL] in serial mode
2024-04-24T06:27:59,091  INFO [main] HiveMetaStore.audit: ugi=alex	ip=unknown-ip-addr	cmd=create_table_req: Table(tableName:nonAcidOrcTbl2, dbName:default, owner:alex, createTime:1713965279, lastAccessTime:0, retention:0, sd:StorageDescriptor(cols:[FieldSchema(name:a, type:int, comment:null), FieldSchema(name:b, type:int, comment:null)], location:null, inputFormat:org.apache.hadoop.hive.ql.io.orc.OrcInputFormat, outputFormat:org.apache.hadoop.hive.ql.io.orc.OrcOutputFormat, compressed:false, numBuckets:2, serdeInfo:SerDeInfo(name:null, serializationLib:org.apache.hadoop.hive.ql.io.orc.OrcSerde, parameters:{serialization.format=1}), bucketCols:[a], sortCols:[], parameters:{}, skewedInfo:SkewedInfo(skewedColNames:[], skewedColValues:[], skewedColValueLocationMaps:{}), storedAsSubDirectories:false), partitionKeys:[], parameters:{totalSize=0, numFiles=0, numRows=0, bucketing_version=2, transactional=false, rawDataSize=0, COLUMN_STATS_ACCURATE={"BASIC_STATS":"true","COLUMN_STATS":{"a":"true","b":"true"}}, numFilesErasureCoded=0}, viewOriginalText:null, viewExpandedText:null, tableType:MANAGED_TABLE, privileges:PrincipalPrivilegeSet(userPrivileges:{alex=[PrivilegeGrantInfo(privilege:INSERT, createTime:-1, grantor:alex, grantorType:USER, grantOption:true), PrivilegeGrantInfo(privilege:SELECT, createTime:-1, grantor:alex, grantorType:USER, grantOption:true), PrivilegeGrantInfo(privilege:UPDATE, createTime:-1, grantor:alex, grantorType:USER, grantOption:true), PrivilegeGrantInfo(privilege:DELETE, createTime:-1, grantor:alex, grantorType:USER, grantOption:true)]}, groupPrivileges:null, rolePrivileges:null), temporary:false, catName:hive, ownerType:USER)	
2024-04-24T06:27:59,096  INFO [main] utils.FileUtils: Creating directory if it doesn't exist: file:/home/alex/Repositories/hive/ql/target/tmp/org.apache.hadoop.hive.ql.TestTxnCommands-1713965238357/warehouse/nonacidorctbl2
2024-04-24T06:27:59,111  INFO [main] metadata.Hive: Dumping metastore api call timing information for : execution phase
2024-04-24T06:27:59,111  INFO [main] metadata.Hive: Total time spent in each metastore function (ms): {isCompatibleWith_(Configuration)=0, createTable_(Table)=20}
2024-04-24T06:27:59,111  INFO [main] ql.Driver: Completed executing command(queryId=alex_20240424062759_d6e884a2-6c3f-4697-9358-af392ffa3ebe); Time taken: 0.022 seconds
2024-04-24T06:27:59,111  INFO [main] lockmgr.DbTxnManager: Stopped heartbeat for query: alex_20240424062759_d6e884a2-6c3f-4697-9358-af392ffa3ebe
2024-04-24T06:27:59,115  INFO [main] txn.TxnHandler: Expected to move at least one record from txn_components to completed_txn_components when committing txn! txnid:10
2024-04-24T06:27:59,121  INFO [main] txn.TxnHandler: Removed transactions: ([10]) from MIN_HISTORY_LEVEL
2024-04-24T06:27:59,121  WARN [main] txn.CompactionTxnHandler: No compaction queue record found for Compaction type transaction commit. txnId:10
2024-04-24T06:27:59,121  INFO [main] ql.TxnCommandsBaseForTests: Running the query: create temporary  table acidTbl2(a int, b int, c int) clustered by (c) into 2 buckets stored as orc TBLPROPERTIES ('transactional'='true')
2024-04-24T06:27:59,121  INFO [main] ql.Driver: Compiling command(queryId=alex_20240424062759_465b2b32-4cb1-43f5-9d68-0708a760562d): create temporary  table acidTbl2(a int, b int, c int) clustered by (c) into 2 buckets stored as orc TBLPROPERTIES ('transactional'='true')
2024-04-24T06:27:59,124  INFO [main] txn.TxnHandler: Added entries to MIN_HISTORY_LEVEL for current txns: ([11]) with min_open_txn: 1
2024-04-24T06:27:59,124  INFO [main] lockmgr.DbTxnManager: Opened txnid:11
2024-04-24T06:27:59,124  INFO [main] parse.CalcitePlanner: Starting caching scope for: 
2024-04-24T06:27:59,124  INFO [main] parse.CalcitePlanner: Starting Semantic Analysis
2024-04-24T06:27:59,127  INFO [main] parse.CalcitePlanner: Creating table default.acidTbl2 position=24
2024-04-24T06:27:59,127  INFO [main] HiveMetaStore.audit: ugi=alex	ip=unknown-ip-addr	cmd=get_database: default	
2024-04-24T06:27:59,128  INFO [main] parse.CalcitePlanner: Ending caching scope for: 
2024-04-24T06:27:59,128  INFO [main] ql.Driver: Semantic Analysis Completed (retrial = false)
2024-04-24T06:27:59,129  INFO [main] ql.Driver: Created Hive schema: Schema(fieldSchemas:null, properties:null)
2024-04-24T06:27:59,129  INFO [main] metadata.Hive: Dumping metastore api call timing information for : compilation phase
2024-04-24T06:27:59,129  INFO [main] metadata.Hive: Total time spent in each metastore function (ms): {commitTxn_(CommitTxnRequest)=10, getValidWriteIds_(List, String)=2, flushCache_()=0, isCompatibleWith_(Configuration)=0, getDatabase_(String)=1, openTxn_(String, TxnType)=2, getValidTxns_(long)=0}
2024-04-24T06:27:59,129  INFO [main] ql.Driver: Completed compiling command(queryId=alex_20240424062759_465b2b32-4cb1-43f5-9d68-0708a760562d); Time taken: 0.008 seconds
2024-04-24T06:27:59,129  INFO [main] lockmgr.DbTxnManager: Setting lock request transaction to txnid:11 for queryId=alex_20240424062759_465b2b32-4cb1-43f5-9d68-0708a760562d
2024-04-24T06:27:59,129  INFO [main] lockmgr.DbLockManager: Requesting lock for queryId=alex_20240424062759_465b2b32-4cb1-43f5-9d68-0708a760562d
2024-04-24T06:27:59,143  INFO [main] lockmgr.DbLockManager: Response to queryId=alex_20240424062759_465b2b32-4cb1-43f5-9d68-0708a760562d LockResponse(lockid:5, state:ACQUIRED)
2024-04-24T06:27:59,143  INFO [main] ql.Driver: Operation CREATETABLE obtained 1 locks
2024-04-24T06:27:59,144  INFO [main] ql.Driver: Executing command(queryId=alex_20240424062759_465b2b32-4cb1-43f5-9d68-0708a760562d): create temporary  table acidTbl2(a int, b int, c int) clustered by (c) into 2 buckets stored as orc TBLPROPERTIES ('transactional'='true')
2024-04-24T06:27:59,144  INFO [main] ql.Driver: Starting task [Stage-0:DDL] in serial mode
2024-04-24T06:27:59,145  INFO [main] utils.FileUtils: Creating directory if it doesn't exist: file:/home/alex/Repositories/hive/ql/target/tmp/scratchdir/alex/f1be7076-804f-4e51-bd54-0daefb351282/_tmp_space.db/491fe6b6-354c-40c8-b91a-86e0b6e060f9
2024-04-24T06:27:59,148  INFO [main] metadata.Hive: Dumping metastore api call timing information for : execution phase
2024-04-24T06:27:59,148  INFO [main] metadata.Hive: Total time spent in each metastore function (ms): {isCompatibleWith_(Configuration)=0, createTable_(Table)=2}
2024-04-24T06:27:59,148  INFO [main] ql.Driver: Completed executing command(queryId=alex_20240424062759_465b2b32-4cb1-43f5-9d68-0708a760562d); Time taken: 0.004 seconds
2024-04-24T06:27:59,148  INFO [main] lockmgr.DbTxnManager: Stopped heartbeat for query: alex_20240424062759_465b2b32-4cb1-43f5-9d68-0708a760562d
2024-04-24T06:27:59,152  INFO [main] txn.TxnHandler: Expected to move at least one record from txn_components to completed_txn_components when committing txn! txnid:11
2024-04-24T06:27:59,157  INFO [main] txn.TxnHandler: Removed transactions: ([11]) from MIN_HISTORY_LEVEL
2024-04-24T06:27:59,157  WARN [main] txn.CompactionTxnHandler: No compaction queue record found for Compaction type transaction commit. txnId:11
2024-04-24T06:27:59,158  INFO [main] ql.TxnCommandsBaseForTests: Running the query: create table nonAcidNonBucket(a int, b int) stored as orc TBLPROPERTIES ('transactional'='false')
2024-04-24T06:27:59,158  INFO [main] ql.Driver: Compiling command(queryId=alex_20240424062759_0478c84f-016b-4872-ade5-b462fc2ef898): create table nonAcidNonBucket(a int, b int) stored as orc TBLPROPERTIES ('transactional'='false')
2024-04-24T06:27:59,160  INFO [main] txn.TxnHandler: Added entries to MIN_HISTORY_LEVEL for current txns: ([12]) with min_open_txn: 1
2024-04-24T06:27:59,160  INFO [main] lockmgr.DbTxnManager: Opened txnid:12
2024-04-24T06:27:59,161  INFO [main] parse.CalcitePlanner: Starting caching scope for: 
2024-04-24T06:27:59,161  INFO [main] parse.CalcitePlanner: Starting Semantic Analysis
2024-04-24T06:27:59,163  INFO [main] parse.CalcitePlanner: Creating table default.nonAcidNonBucket position=13
2024-04-24T06:27:59,163  INFO [main] HiveMetaStore.audit: ugi=alex	ip=unknown-ip-addr	cmd=get_database: default	
2024-04-24T06:27:59,165  INFO [main] parse.CalcitePlanner: Ending caching scope for: 
2024-04-24T06:27:59,165  INFO [main] ql.Driver: Semantic Analysis Completed (retrial = false)
2024-04-24T06:27:59,165  INFO [main] ql.Driver: Created Hive schema: Schema(fieldSchemas:null, properties:null)
2024-04-24T06:27:59,165  INFO [main] metadata.Hive: Dumping metastore api call timing information for : compilation phase
2024-04-24T06:27:59,165  INFO [main] metadata.Hive: Total time spent in each metastore function (ms): {getValidWriteIds_(List, String)=2, commitTxn_(CommitTxnRequest)=9, flushCache_()=0, isCompatibleWith_(Configuration)=1, openTxn_(String, TxnType)=2, getValidTxns_(long)=0, getDatabase_(String)=2}
2024-04-24T06:27:59,165  INFO [main] ql.Driver: Completed compiling command(queryId=alex_20240424062759_0478c84f-016b-4872-ade5-b462fc2ef898); Time taken: 0.007 seconds
2024-04-24T06:27:59,165  INFO [main] lockmgr.DbTxnManager: Setting lock request transaction to txnid:12 for queryId=alex_20240424062759_0478c84f-016b-4872-ade5-b462fc2ef898
2024-04-24T06:27:59,166  INFO [main] lockmgr.DbLockManager: Requesting lock for queryId=alex_20240424062759_0478c84f-016b-4872-ade5-b462fc2ef898
2024-04-24T06:27:59,181  INFO [main] lockmgr.DbLockManager: Response to queryId=alex_20240424062759_0478c84f-016b-4872-ade5-b462fc2ef898 LockResponse(lockid:6, state:ACQUIRED)
2024-04-24T06:27:59,181  INFO [main] ql.Driver: Operation CREATETABLE obtained 1 locks
2024-04-24T06:27:59,181  INFO [main] ql.Driver: Executing command(queryId=alex_20240424062759_0478c84f-016b-4872-ade5-b462fc2ef898): create table nonAcidNonBucket(a int, b int) stored as orc TBLPROPERTIES ('transactional'='false')
2024-04-24T06:27:59,181  INFO [main] ql.Driver: Starting task [Stage-0:DDL] in serial mode
2024-04-24T06:27:59,182  INFO [main] HiveMetaStore.audit: ugi=alex	ip=unknown-ip-addr	cmd=create_table_req: Table(tableName:nonAcidNonBucket, dbName:default, owner:alex, createTime:1713965279, lastAccessTime:0, retention:0, sd:StorageDescriptor(cols:[FieldSchema(name:a, type:int, comment:null), FieldSchema(name:b, type:int, comment:null)], location:null, inputFormat:org.apache.hadoop.hive.ql.io.orc.OrcInputFormat, outputFormat:org.apache.hadoop.hive.ql.io.orc.OrcOutputFormat, compressed:false, numBuckets:-1, serdeInfo:SerDeInfo(name:null, serializationLib:org.apache.hadoop.hive.ql.io.orc.OrcSerde, parameters:{serialization.format=1}), bucketCols:[], sortCols:[], parameters:{}, skewedInfo:SkewedInfo(skewedColNames:[], skewedColValues:[], skewedColValueLocationMaps:{}), storedAsSubDirectories:false), partitionKeys:[], parameters:{transactional=false, numRows=0, COLUMN_STATS_ACCURATE={"BASIC_STATS":"true","COLUMN_STATS":{"a":"true","b":"true"}}, bucketing_version=2, rawDataSize=0, totalSize=0, numFilesErasureCoded=0, numFiles=0}, viewOriginalText:null, viewExpandedText:null, tableType:MANAGED_TABLE, privileges:PrincipalPrivilegeSet(userPrivileges:{alex=[PrivilegeGrantInfo(privilege:INSERT, createTime:-1, grantor:alex, grantorType:USER, grantOption:true), PrivilegeGrantInfo(privilege:SELECT, createTime:-1, grantor:alex, grantorType:USER, grantOption:true), PrivilegeGrantInfo(privilege:UPDATE, createTime:-1, grantor:alex, grantorType:USER, grantOption:true), PrivilegeGrantInfo(privilege:DELETE, createTime:-1, grantor:alex, grantorType:USER, grantOption:true)]}, groupPrivileges:null, rolePrivileges:null), temporary:false, catName:hive, ownerType:USER)	
2024-04-24T06:27:59,187  INFO [main] utils.FileUtils: Creating directory if it doesn't exist: file:/home/alex/Repositories/hive/ql/target/tmp/org.apache.hadoop.hive.ql.TestTxnCommands-1713965238357/warehouse/nonacidnonbucket
2024-04-24T06:27:59,201  INFO [main] metadata.Hive: Dumping metastore api call timing information for : execution phase
2024-04-24T06:27:59,201  INFO [main] metadata.Hive: Total time spent in each metastore function (ms): {createTable_(Table)=19, isCompatibleWith_(Configuration)=0}
2024-04-24T06:27:59,201  INFO [main] ql.Driver: Completed executing command(queryId=alex_20240424062759_0478c84f-016b-4872-ade5-b462fc2ef898); Time taken: 0.02 seconds
2024-04-24T06:27:59,201  INFO [main] lockmgr.DbTxnManager: Stopped heartbeat for query: alex_20240424062759_0478c84f-016b-4872-ade5-b462fc2ef898
2024-04-24T06:27:59,206  INFO [main] txn.TxnHandler: Expected to move at least one record from txn_components to completed_txn_components when committing txn! txnid:12
2024-04-24T06:27:59,212  INFO [main] txn.TxnHandler: Removed transactions: ([12]) from MIN_HISTORY_LEVEL
2024-04-24T06:27:59,213  WARN [main] txn.CompactionTxnHandler: No compaction queue record found for Compaction type transaction commit. txnId:12
2024-04-24T06:27:59,215  INFO [main] ql.TxnCommandsBaseForTests: Running the query: insert into nonAcidOrcTbl  values(2,2),(4,44),(5,5),(11,11)
2024-04-24T06:27:59,215  INFO [main] ql.Driver: Compiling command(queryId=alex_20240424062759_a9eccc92-fe3c-4dbd-9b9f-e5f40cbac685): insert into nonAcidOrcTbl  values(2,2),(4,44),(5,5),(11,11)
2024-04-24T06:27:59,217  INFO [main] txn.TxnHandler: Added entries to MIN_HISTORY_LEVEL for current txns: ([13]) with min_open_txn: 1
2024-04-24T06:27:59,218  INFO [main] lockmgr.DbTxnManager: Opened txnid:13
2024-04-24T06:27:59,218  INFO [main] parse.CalcitePlanner: Starting caching scope for: alex_20240424062759_a9eccc92-fe3c-4dbd-9b9f-e5f40cbac685
2024-04-24T06:27:59,218  INFO [main] parse.CalcitePlanner: Starting Semantic Analysis
2024-04-24T06:27:59,222  INFO [main] HiveMetaStore.audit: ugi=alex	ip=unknown-ip-addr	cmd=get_table : tbl=hive.default.nonAcidOrcTbl	
2024-04-24T06:27:59,256  INFO [main] metastore.HMSHandler: Skipping translation for processor with null
2024-04-24T06:27:59,256  INFO [main] parse.CalcitePlanner: Completed phase 1 of Semantic Analysis
2024-04-24T06:27:59,256  INFO [main] parse.CalcitePlanner: Get metadata for source tables
2024-04-24T06:27:59,256  INFO [main] parse.CalcitePlanner: Get metadata for subqueries
2024-04-24T06:27:59,256  INFO [main] parse.CalcitePlanner: Get metadata for destination tables
2024-04-24T06:27:59,256  INFO [main] HiveMetaStore.audit: ugi=alex	ip=unknown-ip-addr	cmd=get_table : tbl=hive.default.nonAcidOrcTbl	
2024-04-24T06:27:59,265  INFO [main] metastore.HMSHandler: Skipping translation for processor with null
2024-04-24T06:27:59,266  INFO [main] parse.CalcitePlanner: Completed getting MetaData in Semantic Analysis
2024-04-24T06:27:59,266  INFO [main] parse.CalcitePlanner: Disabling LLAP IO encode as ETL query is detected
2024-04-24T06:27:59,287  INFO [main] HiveMetaStore.audit: ugi=alex	ip=unknown-ip-addr	cmd=get_all_table_constraints : tbl=hive._dummy_database._dummy_table	
2024-04-24T06:27:59,364  INFO [main] parse.CalcitePlanner: Get metadata for source tables
2024-04-24T06:27:59,364  INFO [main] parse.CalcitePlanner: Get metadata for subqueries
2024-04-24T06:27:59,364  INFO [main] parse.CalcitePlanner: Get metadata for source tables
2024-04-24T06:27:59,364  INFO [main] HiveMetaStore.audit: ugi=alex	ip=unknown-ip-addr	cmd=get_table : tbl=hive._dummy_database._dummy_table	
2024-04-24T06:27:59,367  INFO [main] parse.CalcitePlanner: Get metadata for subqueries
2024-04-24T06:27:59,367  INFO [main] parse.CalcitePlanner: Get metadata for destination tables
2024-04-24T06:27:59,367  INFO [main] parse.CalcitePlanner: Get metadata for destination tables
2024-04-24T06:27:59,370  INFO [main] common.FileUtils: Creating directory if it doesn't exist: file:/home/alex/Repositories/hive/ql/target/tmp/org.apache.hadoop.hive.ql.TestTxnCommands-1713965238357/warehouse/nonacidorctbl/.hive-staging_hive_2024-04-24_06-27-59_215_7073482809561607456-1
2024-04-24T06:27:59,373  INFO [main] HiveMetaStore.audit: ugi=alex	ip=unknown-ip-addr	cmd=get_not_null_constraints : tbl=hive.default.nonacidorctbl	
2024-04-24T06:27:59,374  INFO [main] HiveMetaStore.audit: ugi=alex	ip=unknown-ip-addr	cmd=get_check_constraints : tbl=hive.default.nonacidorctbl	
2024-04-24T06:27:59,377  INFO [main] parse.CalcitePlanner: CBO Succeeded; optimized logical plan.
2024-04-24T06:27:59,382  INFO [main] optimizer.ColumnPrunerProcFactory: RS 4 oldColExprMap: {KEY.reducesinkkey0=Column[_col0], VALUE._col0=Column[_col1]}
2024-04-24T06:27:59,382  INFO [main] optimizer.ColumnPrunerProcFactory: RS 4 newColExprMap: {KEY.reducesinkkey0=Column[_col0], VALUE._col0=Column[_col1]}
2024-04-24T06:27:59,382  INFO [main] optimizer.BucketVersionPopulator: not considering bucketingVersion for: TS[0] because it has -1<2 buckets 
2024-04-24T06:27:59,383  INFO [main] optimizer.SortedDynPartitionOptimizer: Sorted dynamic partitioning optimization kicked in..
2024-04-24T06:27:59,392  INFO [main] HiveMetaStore.audit: ugi=alex	ip=unknown-ip-addr	cmd=get_table : tbl=hive.default.nonacidorctbl	
2024-04-24T06:27:59,403  INFO [main] metastore.HMSHandler: Skipping translation for processor with null
2024-04-24T06:27:59,403  INFO [main] parse.CalcitePlanner: Completed plan generation
2024-04-24T06:27:59,403  INFO [main] parse.CalcitePlanner: Ending caching scope for: alex_20240424062759_a9eccc92-fe3c-4dbd-9b9f-e5f40cbac685
2024-04-24T06:27:59,403  INFO [main] ql.Driver: Semantic Analysis Completed (retrial = false)
2024-04-24T06:27:59,403  INFO [main] ql.Driver: Created Hive schema: Schema(fieldSchemas:[FieldSchema(name:col1, type:int, comment:null), FieldSchema(name:col2, type:int, comment:null)], properties:null)
2024-04-24T06:27:59,404  INFO [main] metadata.Hive: Dumping metastore api call timing information for : compilation phase
2024-04-24T06:27:59,404  INFO [main] metadata.Hive: Total time spent in each metastore function (ms): {getAllTableConstraints_(AllTableConstraintsRequest)=27, getValidTxns_(long)=0, flushCache_()=0, getNotNullConstraints_(NotNullConstraintsRequest)=1, getValidWriteIds_(List, String)=4, isCompatibleWith_(Configuration)=1, getCheckConstraints_(CheckConstraintsRequest)=1, openTxn_(String, TxnType)=2, getTable_(GetTableRequest)=56, commitTxn_(CommitTxnRequest)=12}
2024-04-24T06:27:59,404  INFO [main] ql.Driver: Completed compiling command(queryId=alex_20240424062759_a9eccc92-fe3c-4dbd-9b9f-e5f40cbac685); Time taken: 0.189 seconds
2024-04-24T06:27:59,404  INFO [main] lockmgr.DbTxnManager: Setting lock request transaction to txnid:13 for queryId=alex_20240424062759_a9eccc92-fe3c-4dbd-9b9f-e5f40cbac685
2024-04-24T06:27:59,404  INFO [main] lockmgr.DbLockManager: Requesting lock for queryId=alex_20240424062759_a9eccc92-fe3c-4dbd-9b9f-e5f40cbac685
2024-04-24T06:27:59,425  INFO [main] lockmgr.DbLockManager: Response to queryId=alex_20240424062759_a9eccc92-fe3c-4dbd-9b9f-e5f40cbac685 LockResponse(lockid:7, state:ACQUIRED)
2024-04-24T06:27:59,425  INFO [main] ql.Driver: Operation QUERY obtained 1 locks
2024-04-24T06:27:59,425  INFO [main] ql.Driver: Executing command(queryId=alex_20240424062759_a9eccc92-fe3c-4dbd-9b9f-e5f40cbac685): insert into nonAcidOrcTbl  values(2,2),(4,44),(5,5),(11,11)
2024-04-24T06:27:59,425  WARN [main] ql.Driver: Hive-on-MR is deprecated in Hive 2 and may not be available in the future versions. Consider using a different execution engine (i.e. tez, spark) or using Hive 1.X releases.
Query ID = alex_20240424062759_a9eccc92-fe3c-4dbd-9b9f-e5f40cbac685
2024-04-24T06:27:59,425  INFO [main] ql.Driver: Query ID = alex_20240424062759_a9eccc92-fe3c-4dbd-9b9f-e5f40cbac685
Total jobs = 1
2024-04-24T06:27:59,425  INFO [main] ql.Driver: Total jobs = 1
Launching Job 1 out of 1
2024-04-24T06:27:59,426  INFO [main] ql.Driver: Launching Job 1 out of 1
2024-04-24T06:27:59,559  INFO [main] ql.Driver: Starting task [Stage-1:MAPRED] in serial mode
Number of reduce tasks determined at compile time: 2
2024-04-24T06:27:59,559  INFO [main] exec.Task: Number of reduce tasks determined at compile time: 2
In order to change the average load for a reducer (in bytes):
2024-04-24T06:27:59,559  INFO [main] exec.Task: In order to change the average load for a reducer (in bytes):
  set hive.exec.reducers.bytes.per.reducer=<number>
2024-04-24T06:27:59,559  INFO [main] exec.Task:   set hive.exec.reducers.bytes.per.reducer=<number>
In order to limit the maximum number of reducers:
2024-04-24T06:27:59,559  INFO [main] exec.Task: In order to limit the maximum number of reducers:
  set hive.exec.reducers.max=<number>
2024-04-24T06:27:59,559  INFO [main] exec.Task:   set hive.exec.reducers.max=<number>
In order to set a constant number of reducers:
2024-04-24T06:27:59,559  INFO [main] exec.Task: In order to set a constant number of reducers:
  set mapreduce.job.reduces=<number>
2024-04-24T06:27:59,559  INFO [main] exec.Task:   set mapreduce.job.reduces=<number>
2024-04-24T06:27:59,562  INFO [main] mr.ExecDriver: Using org.apache.hadoop.hive.ql.io.HiveInputFormat
2024-04-24T06:27:59,562  INFO [main] exec.Utilities: Processing alias $hdt$_0:_dummy_table
2024-04-24T06:27:59,562  INFO [main] exec.Utilities: Adding 1 inputs; the first input is file:/home/alex/Repositories/hive/ql/target/tmp/localscratchdir/f1be7076-804f-4e51-bd54-0daefb351282/hive_2024-04-24_06-27-59_215_7073482809561607456-1/dummy_path
2024-04-24T06:27:59,572  INFO [main] exec.SerializationUtilities: Serializing MapWork using kryo
2024-04-24T06:27:59,573  INFO [main] exec.Utilities: Serialized plan (via FILE) - name: null size: 5,03KB
2024-04-24T06:27:59,578  INFO [main] exec.SerializationUtilities: Serializing ReduceWork using kryo
2024-04-24T06:27:59,579  INFO [main] exec.Utilities: Serialized plan (via FILE) - name: null size: 6,35KB
2024-04-24T06:27:59,580  WARN [main] impl.MetricsSystemImpl: JobTracker metrics system already initialized!
2024-04-24T06:27:59,583  INFO [main] fs.FSStatsPublisher: created : file:/home/alex/Repositories/hive/ql/target/tmp/localscratchdir/f1be7076-804f-4e51-bd54-0daefb351282/hive_2024-04-24_06-27-59_215_7073482809561607456-1/-mr-10001
2024-04-24T06:27:59,588  WARN [main] impl.MetricsSystemImpl: JobTracker metrics system already initialized!
2024-04-24T06:27:59,596  WARN [main] mapreduce.JobResourceUploader: Hadoop command-line option parsing not performed. Implement the Tool interface and execute your application with ToolRunner to remedy this.
2024-04-24T06:27:59,600  WARN [main] mapreduce.JobResourceUploader: No job jar file set.  User classes may not be found. See Job or Job#setJar(String).
2024-04-24T06:27:59,601  INFO [main] io.HiveInputFormat: hive.io.file.readcolumn.ids = 
2024-04-24T06:27:59,602  INFO [main] io.HiveInputFormat: hive.io.file.readcolumn.names = 
2024-04-24T06:27:59,602  INFO [main] io.HiveInputFormat: Generating splits for dirs: file:/home/alex/Repositories/hive/ql/target/tmp/localscratchdir/f1be7076-804f-4e51-bd54-0daefb351282/hive_2024-04-24_06-27-59_215_7073482809561607456-1/dummy_path
2024-04-24T06:27:59,602  INFO [main] io.HiveInputFormat: number of splits 1
2024-04-24T06:27:59,622  INFO [main] mapreduce.JobSubmitter: number of splits:1
2024-04-24T06:27:59,641  INFO [main] mapreduce.JobSubmitter: Submitting tokens for job: job_local829534761_0013
2024-04-24T06:27:59,641  INFO [main] mapreduce.JobSubmitter: Executing with tokens: []
2024-04-24T06:27:59,702  INFO [main] mapreduce.Job: The url to track the job: http://localhost:8080/
Job running in-process (local Hadoop)
2024-04-24T06:27:59,702  INFO [main] exec.Task: Job running in-process (local Hadoop)
2024-04-24T06:27:59,703  INFO [Thread-1078] mapred.LocalJobRunner: OutputCommitter set in config org.apache.hadoop.hive.ql.io.HiveFileFormatUtils$NullOutputCommitter
2024-04-24T06:27:59,703  INFO [Thread-1078] mapred.LocalJobRunner: OutputCommitter is org.apache.hadoop.hive.ql.io.HiveFileFormatUtils$NullOutputCommitter
2024-04-24T06:27:59,704  INFO [Thread-1078] mapred.LocalJobRunner: Waiting for map tasks
2024-04-24T06:27:59,704  INFO [LocalJobRunner Map Task Executor #0] mapred.LocalJobRunner: Starting task: attempt_local829534761_0013_m_000000_0
2024-04-24T06:27:59,707  INFO [LocalJobRunner Map Task Executor #0] mapred.Task:  Using ResourceCalculatorProcessTree : [ ]
2024-04-24T06:27:59,708  INFO [LocalJobRunner Map Task Executor #0] mapred.MapTask: Processing split: org.apache.hadoop.hive.ql.io.NullRowsInputFormat:file:/home/alex/Repositories/hive/ql/target/tmp/localscratchdir/f1be7076-804f-4e51-bd54-0daefb351282/hive_2024-04-24_06-27-59_215_7073482809561607456-1/dummy_path/null:0+1
2024-04-24T06:27:59,710  INFO [LocalJobRunner Map Task Executor #0] exec.SerializationUtilities: Deserializing MapWork using kryo
2024-04-24T06:27:59,710  INFO [LocalJobRunner Map Task Executor #0] exec.Utilities: Deserialized plan (via FILE) - name: null size: 5,03KB
2024-04-24T06:27:59,710  INFO [LocalJobRunner Map Task Executor #0] mapred.MapTask: numReduceTasks: 2
2024-04-24T06:27:59,715  INFO [LocalJobRunner Map Task Executor #0] mapred.MapTask: (EQUATOR) 0 kvi 26214396(104857584)
2024-04-24T06:27:59,715  INFO [LocalJobRunner Map Task Executor #0] mapred.MapTask: mapreduce.task.io.sort.mb: 100
2024-04-24T06:27:59,715  INFO [LocalJobRunner Map Task Executor #0] mapred.MapTask: soft limit at 83886080
2024-04-24T06:27:59,715  INFO [LocalJobRunner Map Task Executor #0] mapred.MapTask: bufstart = 0; bufvoid = 104857600
2024-04-24T06:27:59,715  INFO [LocalJobRunner Map Task Executor #0] mapred.MapTask: kvstart = 26214396; length = 6553600
2024-04-24T06:27:59,715  INFO [LocalJobRunner Map Task Executor #0] mapred.MapTask: Map output collector class = org.apache.hadoop.mapred.MapTask$MapOutputBuffer
2024-04-24T06:27:59,716  INFO [LocalJobRunner Map Task Executor #0] exec.MapOperator: Initializing Operator: MAP[0]
2024-04-24T06:27:59,716  INFO [LocalJobRunner Map Task Executor #0] mr.ExecMapper: 
<MAP>Id =0
  <Children>null
  <\Children>
  <Parent><\Parent>
<\MAP>
2024-04-24T06:27:59,716  INFO [LocalJobRunner Map Task Executor #0] exec.TableScanOperator: Initializing Operator: TS[0]
2024-04-24T06:27:59,716  INFO [LocalJobRunner Map Task Executor #0] exec.SelectOperator: Initializing Operator: SEL[1]
2024-04-24T06:27:59,717  INFO [LocalJobRunner Map Task Executor #0] exec.SelectOperator: SELECT null
2024-04-24T06:27:59,717  INFO [LocalJobRunner Map Task Executor #0] exec.UDTFOperator: Initializing Operator: UDTF[2]
2024-04-24T06:27:59,717  INFO [LocalJobRunner Map Task Executor #0] exec.SelectOperator: Initializing Operator: SEL[3]
2024-04-24T06:27:59,717  INFO [LocalJobRunner Map Task Executor #0] exec.SelectOperator: SELECT struct<col1:int,col2:int>
2024-04-24T06:27:59,717  INFO [LocalJobRunner Map Task Executor #0] exec.ReduceSinkOperator: Initializing Operator: RS[4]
2024-04-24T06:27:59,717  INFO [LocalJobRunner Map Task Executor #0] exec.ReduceSinkOperator: Using tag = -1
2024-04-24T06:27:59,718  INFO [LocalJobRunner Map Task Executor #0] exec.ReduceSinkOperator: keys are [reducesinkkey0] num distributions: 1
2024-04-24T06:27:59,718  INFO [LocalJobRunner Map Task Executor #0] exec.ReduceSinkOperator: RS[4]: records written - 1
2024-04-24T06:27:59,718  INFO [LocalJobRunner Map Task Executor #0] exec.MapOperator: MAP[0]: records read - 1
2024-04-24T06:27:59,718  INFO [LocalJobRunner Map Task Executor #0] exec.MapOperator: Closing Operator: MAP[0]
2024-04-24T06:27:59,718  INFO [LocalJobRunner Map Task Executor #0] exec.MapOperator: MAP[0]: Total records read - 3. abort - false
2024-04-24T06:27:59,718  INFO [LocalJobRunner Map Task Executor #0] exec.MapOperator: RECORDS_OUT_INTERMEDIATE:0, DESERIALIZE_ERRORS:0, RECORDS_IN:3, RECORDS_OUT_OPERATOR_MAP_0:0, 
2024-04-24T06:27:59,718  INFO [LocalJobRunner Map Task Executor #0] exec.TableScanOperator: Closing Operator: TS[0]
2024-04-24T06:27:59,718  INFO [LocalJobRunner Map Task Executor #0] exec.TableScanOperator: RECORDS_OUT_INTERMEDIATE:0, RECORDS_OUT_OPERATOR_TS_0:1, 
2024-04-24T06:27:59,718  INFO [LocalJobRunner Map Task Executor #0] exec.SelectOperator: Closing Operator: SEL[1]
2024-04-24T06:27:59,718  INFO [LocalJobRunner Map Task Executor #0] exec.SelectOperator: RECORDS_OUT_OPERATOR_SEL_1:1, RECORDS_OUT_INTERMEDIATE:0, 
2024-04-24T06:27:59,718  INFO [LocalJobRunner Map Task Executor #0] exec.UDTFOperator: Closing Operator: UDTF[2]
2024-04-24T06:27:59,718  INFO [LocalJobRunner Map Task Executor #0] exec.UDTFOperator: RECORDS_OUT_OPERATOR_UDTF_2:4, RECORDS_OUT_INTERMEDIATE:0, 
2024-04-24T06:27:59,718  INFO [LocalJobRunner Map Task Executor #0] exec.SelectOperator: Closing Operator: SEL[3]
2024-04-24T06:27:59,718  INFO [LocalJobRunner Map Task Executor #0] exec.SelectOperator: RECORDS_OUT_INTERMEDIATE:0, RECORDS_OUT_OPERATOR_SEL_3:4, 
2024-04-24T06:27:59,718  INFO [LocalJobRunner Map Task Executor #0] exec.ReduceSinkOperator: Closing Operator: RS[4]
2024-04-24T06:27:59,718  INFO [LocalJobRunner Map Task Executor #0] exec.ReduceSinkOperator: RS[4]: Total records written - 4. abort - false
2024-04-24T06:27:59,718  INFO [LocalJobRunner Map Task Executor #0] exec.ReduceSinkOperator: RECORDS_OUT_OPERATOR_RS_4:4, RECORDS_OUT_INTERMEDIATE:4, 
2024-04-24T06:27:59,721  INFO [LocalJobRunner Map Task Executor #0] mapred.LocalJobRunner: 
2024-04-24T06:27:59,721  INFO [LocalJobRunner Map Task Executor #0] mapred.MapTask: Starting flush of map output
2024-04-24T06:27:59,721  INFO [LocalJobRunner Map Task Executor #0] mapred.MapTask: Spilling map output
2024-04-24T06:27:59,721  INFO [LocalJobRunner Map Task Executor #0] mapred.MapTask: bufstart = 0; bufend = 64; bufvoid = 104857600
2024-04-24T06:27:59,721  INFO [LocalJobRunner Map Task Executor #0] mapred.MapTask: kvstart = 26214396(104857584); kvend = 26214384(104857536); length = 13/6553600
2024-04-24T06:27:59,732  INFO [LocalJobRunner Map Task Executor #0] mapred.MapTask: Finished spill 0
2024-04-24T06:27:59,737  INFO [LocalJobRunner Map Task Executor #0] mapred.Task: Task:attempt_local829534761_0013_m_000000_0 is done. And is in the process of committing
2024-04-24T06:27:59,737  INFO [LocalJobRunner Map Task Executor #0] mapred.LocalJobRunner: map
2024-04-24T06:27:59,737  INFO [LocalJobRunner Map Task Executor #0] mapred.Task: Task 'attempt_local829534761_0013_m_000000_0' done.
2024-04-24T06:27:59,737  INFO [LocalJobRunner Map Task Executor #0] mapred.Task: Final Counters for attempt_local829534761_0013_m_000000_0: Counters: 26
	File System Counters
		FILE: Number of bytes read=292611
		FILE: Number of bytes written=15336550
		FILE: Number of read operations=0
		FILE: Number of large read operations=0
		FILE: Number of write operations=0
	Map-Reduce Framework
		Map input records=4
		Map output records=4
		Map output bytes=64
		Map output materialized bytes=84
		Input split bytes=361
		Combine input records=0
		Spilled Records=4
		Failed Shuffles=0
		Merged Map outputs=0
		GC time elapsed (ms)=0
		Total committed heap usage (bytes)=1109393408
	HIVE
		DESERIALIZE_ERRORS=0
		RECORDS_IN=3
		RECORDS_OUT_INTERMEDIATE=4
		RECORDS_OUT_OPERATOR_MAP_0=0
		RECORDS_OUT_OPERATOR_RS_4=4
		RECORDS_OUT_OPERATOR_SEL_1=1
		RECORDS_OUT_OPERATOR_SEL_3=4
		RECORDS_OUT_OPERATOR_TS_0=1
		RECORDS_OUT_OPERATOR_UDTF_2=4
	File Input Format Counters 
		Bytes Read=5078
2024-04-24T06:27:59,737  INFO [LocalJobRunner Map Task Executor #0] mapred.LocalJobRunner: Finishing task: attempt_local829534761_0013_m_000000_0
2024-04-24T06:27:59,738  INFO [Thread-1078] mapred.LocalJobRunner: map task executor complete.
2024-04-24T06:27:59,739  INFO [Thread-1078] mapred.LocalJobRunner: Waiting for reduce tasks
2024-04-24T06:27:59,739  INFO [pool-66-thread-1] mapred.LocalJobRunner: Starting task: attempt_local829534761_0013_r_000000_0
2024-04-24T06:27:59,741  INFO [pool-66-thread-1] mapred.Task:  Using ResourceCalculatorProcessTree : [ ]
2024-04-24T06:27:59,741  INFO [pool-66-thread-1] mapred.ReduceTask: Using ShuffleConsumerPlugin: org.apache.hadoop.mapreduce.task.reduce.Shuffle@29b92227
2024-04-24T06:27:59,742  WARN [pool-66-thread-1] impl.MetricsSystemImpl: JobTracker metrics system already initialized!
2024-04-24T06:27:59,743  INFO [pool-66-thread-1] reduce.MergeManagerImpl: MergerManager: memoryLimit=1336252800, maxSingleShuffleLimit=334063200, mergeThreshold=881926912, ioSortFactor=10, memToMemMergeOutputsThreshold=10
2024-04-24T06:27:59,743  INFO [EventFetcher for fetching Map Completion Events] reduce.EventFetcher: attempt_local829534761_0013_r_000000_0 Thread started: EventFetcher for fetching Map Completion Events
2024-04-24T06:27:59,746  INFO [localfetcher#18] reduce.LocalFetcher: localfetcher#18 about to shuffle output of map attempt_local829534761_0013_m_000000_0 decomp: 20 len: 24 to MEMORY
2024-04-24T06:27:59,746  INFO [localfetcher#18] reduce.InMemoryMapOutput: Read 20 bytes from map-output for attempt_local829534761_0013_m_000000_0
2024-04-24T06:27:59,746  INFO [localfetcher#18] reduce.MergeManagerImpl: closeInMemoryFile -> map-output of size: 20, inMemoryMapOutputs.size() -> 1, commitMemory -> 0, usedMemory ->20
2024-04-24T06:27:59,746  INFO [EventFetcher for fetching Map Completion Events] reduce.EventFetcher: EventFetcher is interrupted.. Returning
2024-04-24T06:27:59,747  INFO [pool-66-thread-1] mapred.LocalJobRunner: 1 / 1 copied.
2024-04-24T06:27:59,747  INFO [pool-66-thread-1] reduce.MergeManagerImpl: finalMerge called with 1 in-memory map-outputs and 0 on-disk map-outputs
2024-04-24T06:27:59,753  INFO [pool-66-thread-1] mapred.Merger: Merging 1 sorted segments
2024-04-24T06:27:59,753  INFO [pool-66-thread-1] mapred.Merger: Down to the last merge-pass, with 1 segments left of total size: 8 bytes
2024-04-24T06:27:59,755  INFO [pool-66-thread-1] reduce.MergeManagerImpl: Merged 1 segments, 20 bytes to disk to satisfy reduce memory limit
2024-04-24T06:27:59,756  INFO [pool-66-thread-1] reduce.MergeManagerImpl: Merging 1 files, 24 bytes from disk
2024-04-24T06:27:59,756  INFO [pool-66-thread-1] reduce.MergeManagerImpl: Merging 0 segments, 0 bytes from memory into reduce
2024-04-24T06:27:59,756  INFO [pool-66-thread-1] mapred.Merger: Merging 1 sorted segments
2024-04-24T06:27:59,756  INFO [pool-66-thread-1] mapred.Merger: Down to the last merge-pass, with 1 segments left of total size: 8 bytes
2024-04-24T06:27:59,756  INFO [pool-66-thread-1] mapred.LocalJobRunner: 1 / 1 copied.
2024-04-24T06:27:59,756  INFO [pool-66-thread-1] exec.SerializationUtilities: Deserializing ReduceWork using kryo
2024-04-24T06:27:59,757  INFO [pool-66-thread-1] exec.Utilities: Deserialized plan (via FILE) - name: null size: 6,35KB
2024-04-24T06:27:59,758  INFO [pool-66-thread-1] ExecReducer: 
<SEL>Id =5
  <Children>
    <FS>Id =6
      <Children>
      <\Children>
      <Parent>Id = 5 null<\Parent>
    <\FS>
  <\Children>
  <Parent><\Parent>
<\SEL>
2024-04-24T06:27:59,758  INFO [pool-66-thread-1] exec.SelectOperator: Initializing Operator: SEL[5]
2024-04-24T06:27:59,758  INFO [pool-66-thread-1] exec.SelectOperator: SELECT struct<key:struct<reducesinkkey0:int>,value:struct<_col0:int>>
2024-04-24T06:27:59,758  INFO [pool-66-thread-1] exec.FileSinkOperator: Initializing Operator: FS[6]
2024-04-24T06:27:59,759  INFO [pool-66-thread-1] exec.FileSinkOperator: Using serializer : AbstractSerDe [log=org.apache.logging.slf4j.Log4jLogger@3c370966, configuration=Optional[Configuration: core-default.xml, core-site.xml, mapred-default.xml, mapred-site.xml, yarn-default.xml, yarn-site.xml, hdfs-default.xml, hdfs-site.xml, file:/home/alex/Repositories/hive/ql/target/tmp/TestTxnCommands/mapred/local/localRunner/alex/job_local829534761_0013/job_local829534761_0013.xml], properties={name=default.nonacidorctbl, columns.types=int:int, bucket_field_name=a, serialization.format=1, columns=a,b, numFilesErasureCoded=0, columns.comments=&amp#0;, bucketing_version=2, bucket_count=2, serialization.lib=org.apache.hadoop.hive.ql.io.orc.OrcSerde, file.inputformat=org.apache.hadoop.hive.ql.io.orc.OrcInputFormat, file.outputformat=org.apache.hadoop.hive.ql.io.orc.OrcOutputFormat, location=file:/home/alex/Repositories/hive/ql/target/tmp/org.apache.hadoop.hive.ql.TestTxnCommands-1713965238357/warehouse/nonacidorctbl, column.name.delimiter=,}, tableProperties={name=default.nonacidorctbl, columns.types=int:int, bucket_field_name=a, serialization.format=1, columns=a,b, numFilesErasureCoded=0, columns.comments=&amp#0;, bucketing_version=2, bucket_count=2, serialization.lib=org.apache.hadoop.hive.ql.io.orc.OrcSerde, file.inputformat=org.apache.hadoop.hive.ql.io.orc.OrcInputFormat, location=file:/home/alex/Repositories/hive/ql/target/tmp/org.apache.hadoop.hive.ql.TestTxnCommands-1713965238357/warehouse/nonacidorctbl, file.outputformat=org.apache.hadoop.hive.ql.io.orc.OrcOutputFormat, column.name.delimiter=,}, partitionProperties=Optional.empty, columnNames=[a, b], columnTypes=[int, int], getClass()=class org.apache.hadoop.hive.ql.io.orc.OrcSerde] and formatter : org.apache.hadoop.hive.ql.io.orc.OrcOutputFormat@97f811d
2024-04-24T06:27:59,760  INFO [pool-66-thread-1] exec.FileSinkOperator: Final Path: FS file:/home/alex/Repositories/hive/ql/target/tmp/org.apache.hadoop.hive.ql.TestTxnCommands-1713965238357/warehouse/nonacidorctbl/.hive-staging_hive_2024-04-24_06-27-59_215_7073482809561607456-1/_tmp.-ext-10000/000000_0
2024-04-24T06:27:59,760  INFO [pool-66-thread-1] exec.FileSinkOperator: Writing to temp file: FS file:/home/alex/Repositories/hive/ql/target/tmp/org.apache.hadoop.hive.ql.TestTxnCommands-1713965238357/warehouse/nonacidorctbl/.hive-staging_hive_2024-04-24_06-27-59_215_7073482809561607456-1/_task_tmp.-ext-10000/_tmp.000000_0
2024-04-24T06:27:59,760  INFO [pool-66-thread-1] exec.FileSinkOperator: New Final Path: FS file:/home/alex/Repositories/hive/ql/target/tmp/org.apache.hadoop.hive.ql.TestTxnCommands-1713965238357/warehouse/nonacidorctbl/.hive-staging_hive_2024-04-24_06-27-59_215_7073482809561607456-1/_tmp.-ext-10000/000000_0
2024-04-24T06:27:59,760  INFO [pool-66-thread-1] exec.FileSinkOperator: FS[6]: records written - 1
2024-04-24T06:27:59,760  INFO [pool-66-thread-1] impl.PhysicalFsWriter: ORC writer created for path: file:/home/alex/Repositories/hive/ql/target/tmp/org.apache.hadoop.hive.ql.TestTxnCommands-1713965238357/warehouse/nonacidorctbl/.hive-staging_hive_2024-04-24_06-27-59_215_7073482809561607456-1/_task_tmp.-ext-10000/_tmp.000000_0 with stripeSize: 67108864 blockSize: 268435456 compression: Compress: ZLIB buffer: 262144
2024-04-24T06:27:59,767  INFO [pool-66-thread-1] impl.WriterImpl: ORC writer created for path: file:/home/alex/Repositories/hive/ql/target/tmp/org.apache.hadoop.hive.ql.TestTxnCommands-1713965238357/warehouse/nonacidorctbl/.hive-staging_hive_2024-04-24_06-27-59_215_7073482809561607456-1/_task_tmp.-ext-10000/_tmp.000000_0 with stripeSize: 67108864 options: Compress: ZLIB buffer: 262144
2024-04-24T06:27:59,767  INFO [pool-66-thread-1] exec.SelectOperator: Closing Operator: SEL[5]
2024-04-24T06:27:59,768  INFO [pool-66-thread-1] exec.SelectOperator: RECORDS_OUT_OPERATOR_SEL_5:1, RECORDS_OUT_INTERMEDIATE:0, 
2024-04-24T06:27:59,768  INFO [pool-66-thread-1] exec.FileSinkOperator: Closing Operator: FS[6]
2024-04-24T06:27:59,768  INFO [pool-66-thread-1] exec.FileSinkOperator: FS[6]: records written - 1
2024-04-24T06:27:59,775  INFO [pool-66-thread-1] exec.FileSinkOperator: RECORDS_OUT_INTERMEDIATE:0, RECORDS_OUT_1_default.nonacidorctbl:1, TOTAL_TABLE_ROWS_WRITTEN:1, RECORDS_OUT_OPERATOR_FS_6:1, 
2024-04-24T06:27:59,776  INFO [pool-66-thread-1] mapred.Task: Task:attempt_local829534761_0013_r_000000_0 is done. And is in the process of committing
2024-04-24T06:27:59,776  INFO [pool-66-thread-1] mapred.LocalJobRunner: reduce > reduce
2024-04-24T06:27:59,776  INFO [pool-66-thread-1] mapred.Task: Task 'attempt_local829534761_0013_r_000000_0' done.
2024-04-24T06:27:59,776  INFO [pool-66-thread-1] mapred.Task: Final Counters for attempt_local829534761_0013_r_000000_0: Counters: 30
	File System Counters
		FILE: Number of bytes read=299192
		FILE: Number of bytes written=15336916
		FILE: Number of read operations=0
		FILE: Number of large read operations=0
		FILE: Number of write operations=0
	Map-Reduce Framework
		Combine input records=0
		Combine output records=0
		Reduce input groups=1
		Reduce shuffle bytes=24
		Reduce input records=1
		Reduce output records=0
		Spilled Records=1
		Shuffled Maps =1
		Failed Shuffles=0
		Merged Map outputs=1
		GC time elapsed (ms)=0
		Total committed heap usage (bytes)=1109393408
	HIVE
		CREATED_FILES=1
		RECORDS_OUT_1_default.nonacidorctbl=1
		RECORDS_OUT_INTERMEDIATE=0
		RECORDS_OUT_OPERATOR_FS_6=1
		RECORDS_OUT_OPERATOR_SEL_5=1
		TOTAL_TABLE_ROWS_WRITTEN=1
	Shuffle Errors
		BAD_ID=0
		CONNECTION=0
		IO_ERROR=0
		WRONG_LENGTH=0
		WRONG_MAP=0
		WRONG_REDUCE=0
	File Output Format Counters 
		Bytes Written=0
2024-04-24T06:27:59,776  INFO [pool-66-thread-1] mapred.LocalJobRunner: Finishing task: attempt_local829534761_0013_r_000000_0
2024-04-24T06:27:59,776  INFO [pool-66-thread-1] mapred.LocalJobRunner: Starting task: attempt_local829534761_0013_r_000001_0
2024-04-24T06:27:59,777  INFO [pool-66-thread-1] mapred.Task:  Using ResourceCalculatorProcessTree : [ ]
2024-04-24T06:27:59,777  INFO [pool-66-thread-1] mapred.ReduceTask: Using ShuffleConsumerPlugin: org.apache.hadoop.mapreduce.task.reduce.Shuffle@3f77a26e
2024-04-24T06:27:59,777  WARN [pool-66-thread-1] impl.MetricsSystemImpl: JobTracker metrics system already initialized!
2024-04-24T06:27:59,778  INFO [pool-66-thread-1] reduce.MergeManagerImpl: MergerManager: memoryLimit=1336252800, maxSingleShuffleLimit=334063200, mergeThreshold=881926912, ioSortFactor=10, memToMemMergeOutputsThreshold=10
2024-04-24T06:27:59,779  INFO [EventFetcher for fetching Map Completion Events] reduce.EventFetcher: attempt_local829534761_0013_r_000001_0 Thread started: EventFetcher for fetching Map Completion Events
2024-04-24T06:27:59,782  INFO [localfetcher#19] reduce.LocalFetcher: localfetcher#19 about to shuffle output of map attempt_local829534761_0013_m_000000_0 decomp: 56 len: 60 to MEMORY
2024-04-24T06:27:59,782  INFO [localfetcher#19] reduce.InMemoryMapOutput: Read 56 bytes from map-output for attempt_local829534761_0013_m_000000_0
2024-04-24T06:27:59,782  INFO [localfetcher#19] reduce.MergeManagerImpl: closeInMemoryFile -> map-output of size: 56, inMemoryMapOutputs.size() -> 1, commitMemory -> 0, usedMemory ->56
2024-04-24T06:27:59,782  INFO [EventFetcher for fetching Map Completion Events] reduce.EventFetcher: EventFetcher is interrupted.. Returning
2024-04-24T06:27:59,783  INFO [pool-66-thread-1] mapred.LocalJobRunner: 1 / 1 copied.
2024-04-24T06:27:59,783  INFO [pool-66-thread-1] reduce.MergeManagerImpl: finalMerge called with 1 in-memory map-outputs and 0 on-disk map-outputs
2024-04-24T06:27:59,789  INFO [pool-66-thread-1] mapred.Merger: Merging 1 sorted segments
2024-04-24T06:27:59,789  INFO [pool-66-thread-1] mapred.Merger: Down to the last merge-pass, with 1 segments left of total size: 44 bytes
2024-04-24T06:27:59,792  INFO [pool-66-thread-1] reduce.MergeManagerImpl: Merged 1 segments, 56 bytes to disk to satisfy reduce memory limit
2024-04-24T06:27:59,792  INFO [pool-66-thread-1] reduce.MergeManagerImpl: Merging 1 files, 60 bytes from disk
2024-04-24T06:27:59,792  INFO [pool-66-thread-1] reduce.MergeManagerImpl: Merging 0 segments, 0 bytes from memory into reduce
2024-04-24T06:27:59,792  INFO [pool-66-thread-1] mapred.Merger: Merging 1 sorted segments
2024-04-24T06:27:59,792  INFO [pool-66-thread-1] mapred.Merger: Down to the last merge-pass, with 1 segments left of total size: 44 bytes
2024-04-24T06:27:59,793  INFO [pool-66-thread-1] mapred.LocalJobRunner: 1 / 1 copied.
2024-04-24T06:27:59,793  INFO [pool-66-thread-1] exec.SerializationUtilities: Deserializing ReduceWork using kryo
2024-04-24T06:27:59,794  INFO [pool-66-thread-1] exec.Utilities: Deserialized plan (via FILE) - name: null size: 6,35KB
2024-04-24T06:27:59,795  INFO [pool-66-thread-1] ExecReducer: 
<SEL>Id =5
  <Children>
    <FS>Id =6
      <Children>
      <\Children>
      <Parent>Id = 5 null<\Parent>
    <\FS>
  <\Children>
  <Parent><\Parent>
<\SEL>
2024-04-24T06:27:59,795  INFO [pool-66-thread-1] exec.SelectOperator: Initializing Operator: SEL[5]
2024-04-24T06:27:59,795  INFO [pool-66-thread-1] exec.SelectOperator: SELECT struct<key:struct<reducesinkkey0:int>,value:struct<_col0:int>>
2024-04-24T06:27:59,795  INFO [pool-66-thread-1] exec.FileSinkOperator: Initializing Operator: FS[6]
2024-04-24T06:27:59,795  INFO [pool-66-thread-1] exec.FileSinkOperator: Using serializer : AbstractSerDe [log=org.apache.logging.slf4j.Log4jLogger@3c370966, configuration=Optional[Configuration: core-default.xml, core-site.xml, mapred-default.xml, mapred-site.xml, yarn-default.xml, yarn-site.xml, hdfs-default.xml, hdfs-site.xml, file:/home/alex/Repositories/hive/ql/target/tmp/TestTxnCommands/mapred/local/localRunner/alex/job_local829534761_0013/job_local829534761_0013.xml], properties={name=default.nonacidorctbl, columns.types=int:int, bucket_field_name=a, serialization.format=1, columns=a,b, numFilesErasureCoded=0, columns.comments=&amp#0;, bucketing_version=2, bucket_count=2, serialization.lib=org.apache.hadoop.hive.ql.io.orc.OrcSerde, file.inputformat=org.apache.hadoop.hive.ql.io.orc.OrcInputFormat, file.outputformat=org.apache.hadoop.hive.ql.io.orc.OrcOutputFormat, location=file:/home/alex/Repositories/hive/ql/target/tmp/org.apache.hadoop.hive.ql.TestTxnCommands-1713965238357/warehouse/nonacidorctbl, column.name.delimiter=,}, tableProperties={name=default.nonacidorctbl, columns.types=int:int, bucket_field_name=a, serialization.format=1, columns=a,b, numFilesErasureCoded=0, columns.comments=&amp#0;, bucketing_version=2, bucket_count=2, serialization.lib=org.apache.hadoop.hive.ql.io.orc.OrcSerde, file.inputformat=org.apache.hadoop.hive.ql.io.orc.OrcInputFormat, location=file:/home/alex/Repositories/hive/ql/target/tmp/org.apache.hadoop.hive.ql.TestTxnCommands-1713965238357/warehouse/nonacidorctbl, file.outputformat=org.apache.hadoop.hive.ql.io.orc.OrcOutputFormat, column.name.delimiter=,}, partitionProperties=Optional.empty, columnNames=[a, b], columnTypes=[int, int], getClass()=class org.apache.hadoop.hive.ql.io.orc.OrcSerde] and formatter : org.apache.hadoop.hive.ql.io.orc.OrcOutputFormat@37ee409c
2024-04-24T06:27:59,796  INFO [pool-66-thread-1] exec.FileSinkOperator: Final Path: FS file:/home/alex/Repositories/hive/ql/target/tmp/org.apache.hadoop.hive.ql.TestTxnCommands-1713965238357/warehouse/nonacidorctbl/.hive-staging_hive_2024-04-24_06-27-59_215_7073482809561607456-1/_tmp.-ext-10000/000001_0
2024-04-24T06:27:59,796  INFO [pool-66-thread-1] exec.FileSinkOperator: Writing to temp file: FS file:/home/alex/Repositories/hive/ql/target/tmp/org.apache.hadoop.hive.ql.TestTxnCommands-1713965238357/warehouse/nonacidorctbl/.hive-staging_hive_2024-04-24_06-27-59_215_7073482809561607456-1/_task_tmp.-ext-10000/_tmp.000001_0
2024-04-24T06:27:59,796  INFO [pool-66-thread-1] exec.FileSinkOperator: New Final Path: FS file:/home/alex/Repositories/hive/ql/target/tmp/org.apache.hadoop.hive.ql.TestTxnCommands-1713965238357/warehouse/nonacidorctbl/.hive-staging_hive_2024-04-24_06-27-59_215_7073482809561607456-1/_tmp.-ext-10000/000001_0
2024-04-24T06:27:59,796  INFO [pool-66-thread-1] exec.FileSinkOperator: FS[6]: records written - 1
2024-04-24T06:27:59,797  INFO [pool-66-thread-1] impl.PhysicalFsWriter: ORC writer created for path: file:/home/alex/Repositories/hive/ql/target/tmp/org.apache.hadoop.hive.ql.TestTxnCommands-1713965238357/warehouse/nonacidorctbl/.hive-staging_hive_2024-04-24_06-27-59_215_7073482809561607456-1/_task_tmp.-ext-10000/_tmp.000001_0 with stripeSize: 67108864 blockSize: 268435456 compression: Compress: ZLIB buffer: 262144
2024-04-24T06:27:59,802  INFO [pool-66-thread-1] impl.WriterImpl: ORC writer created for path: file:/home/alex/Repositories/hive/ql/target/tmp/org.apache.hadoop.hive.ql.TestTxnCommands-1713965238357/warehouse/nonacidorctbl/.hive-staging_hive_2024-04-24_06-27-59_215_7073482809561607456-1/_task_tmp.-ext-10000/_tmp.000001_0 with stripeSize: 67108864 options: Compress: ZLIB buffer: 262144
2024-04-24T06:27:59,802  INFO [pool-66-thread-1] exec.SelectOperator: Closing Operator: SEL[5]
2024-04-24T06:27:59,802  INFO [pool-66-thread-1] exec.SelectOperator: RECORDS_OUT_OPERATOR_SEL_5:3, RECORDS_OUT_INTERMEDIATE:0, 
2024-04-24T06:27:59,802  INFO [pool-66-thread-1] exec.FileSinkOperator: Closing Operator: FS[6]
2024-04-24T06:27:59,802  INFO [pool-66-thread-1] exec.FileSinkOperator: FS[6]: records written - 3
2024-04-24T06:27:59,810  INFO [pool-66-thread-1] exec.FileSinkOperator: RECORDS_OUT_1_default.nonacidorctbl:3, TOTAL_TABLE_ROWS_WRITTEN:3, RECORDS_OUT_OPERATOR_FS_6:3, RECORDS_OUT_INTERMEDIATE:0, 
2024-04-24T06:27:59,811  INFO [pool-66-thread-1] mapred.Task: Task:attempt_local829534761_0013_r_000001_0 is done. And is in the process of committing
2024-04-24T06:27:59,811  INFO [pool-66-thread-1] mapred.LocalJobRunner: reduce > reduce
2024-04-24T06:27:59,811  INFO [pool-66-thread-1] mapred.Task: Task 'attempt_local829534761_0013_r_000001_0' done.
2024-04-24T06:27:59,811  INFO [pool-66-thread-1] mapred.Task: Final Counters for attempt_local829534761_0013_r_000001_0: Counters: 30
	File System Counters
		FILE: Number of bytes read=305785
		FILE: Number of bytes written=15337335
		FILE: Number of read operations=0
		FILE: Number of large read operations=0
		FILE: Number of write operations=0
	Map-Reduce Framework
		Combine input records=0
		Combine output records=0
		Reduce input groups=3
		Reduce shuffle bytes=60
		Reduce input records=3
		Reduce output records=0
		Spilled Records=3
		Shuffled Maps =1
		Failed Shuffles=0
		Merged Map outputs=1
		GC time elapsed (ms)=0
		Total committed heap usage (bytes)=1109393408
	HIVE
		CREATED_FILES=1
		RECORDS_OUT_1_default.nonacidorctbl=3
		RECORDS_OUT_INTERMEDIATE=0
		RECORDS_OUT_OPERATOR_FS_6=3
		RECORDS_OUT_OPERATOR_SEL_5=3
		TOTAL_TABLE_ROWS_WRITTEN=3
	Shuffle Errors
		BAD_ID=0
		CONNECTION=0
		IO_ERROR=0
		WRONG_LENGTH=0
		WRONG_MAP=0
		WRONG_REDUCE=0
	File Output Format Counters 
		Bytes Written=0
2024-04-24T06:27:59,811  INFO [pool-66-thread-1] mapred.LocalJobRunner: Finishing task: attempt_local829534761_0013_r_000001_0
2024-04-24T06:27:59,811  INFO [Thread-1078] mapred.LocalJobRunner: reduce task executor complete.
2024-04-24 06:28:00,706 Stage-1 map = 100%,  reduce = 100%
2024-04-24T06:28:00,707  INFO [main] exec.Task: 2024-04-24 06:28:00,706 Stage-1 map = 100%,  reduce = 100%
Ended Job = job_local829534761_0013
2024-04-24T06:28:00,709  INFO [main] exec.Task: Ended Job = job_local829534761_0013
2024-04-24T06:28:00,711  INFO [main] ql.Driver: Starting task [Stage-0:MOVE] in serial mode
Loading data to table default.nonacidorctbl
2024-04-24T06:28:00,711  INFO [main] exec.Task: Loading data to table default.nonacidorctbl from file:/home/alex/Repositories/hive/ql/target/tmp/org.apache.hadoop.hive.ql.TestTxnCommands-1713965238357/warehouse/nonacidorctbl/.hive-staging_hive_2024-04-24_06-27-59_215_7073482809561607456-1/-ext-10000
2024-04-24T06:28:00,711  INFO [main] HiveMetaStore.audit: ugi=alex	ip=unknown-ip-addr	cmd=get_table : tbl=hive.default.nonacidorctbl	
2024-04-24T06:28:00,721  INFO [main] metastore.HMSHandler: Skipping translation for processor with null
2024-04-24T06:28:00,721  INFO [main] HiveMetaStore.audit: ugi=alex	ip=unknown-ip-addr	cmd=get_table : tbl=hive.default.nonacidorctbl	
2024-04-24T06:28:00,732  INFO [main] metastore.HMSHandler: Skipping translation for processor with null
2024-04-24T06:28:00,735  WARN [main] metadata.Hive: Cannot get a table snapshot for nonacidorctbl
2024-04-24T06:28:00,735  INFO [main] HiveMetaStore.audit: ugi=alex	ip=unknown-ip-addr	cmd=alter_table: hive.default.nonacidorctbl newtbl=nonacidorctbl	
2024-04-24T06:28:00,765  INFO [main] ql.Driver: Starting task [Stage-2:STATS] in serial mode
2024-04-24T06:28:00,765  INFO [main] HiveMetaStore.audit: ugi=alex	ip=unknown-ip-addr	cmd=get_table : tbl=hive.default.nonacidorctbl	
2024-04-24T06:28:00,774  INFO [main] metastore.HMSHandler: Skipping translation for processor with null
2024-04-24T06:28:00,774  INFO [main] stats.BasicStatsTask: Executing stats task
2024-04-24T06:28:00,774  INFO [main] fs.FSStatsPublisher: created : file:/home/alex/Repositories/hive/ql/target/tmp/localscratchdir/f1be7076-804f-4e51-bd54-0daefb351282/hive_2024-04-24_06-27-59_215_7073482809561607456-1/-mr-10001
2024-04-24T06:28:00,776  INFO [main] HiveMetaStore.audit: ugi=alex	ip=unknown-ip-addr	cmd=get_table : tbl=hive.default.nonacidorctbl	
2024-04-24T06:28:00,784  INFO [main] metastore.HMSHandler: Skipping translation for processor with null
2024-04-24T06:28:00,785  INFO [main] FileOperations: Read stats for default.nonacidorctbl/, numRows, true, 4, false: 
2024-04-24T06:28:00,785  INFO [main] FileOperations: Read stats for default.nonacidorctbl/, rawDataSize, true, 32, false: 
2024-04-24T06:28:00,785  WARN [main] metadata.Hive: Cannot get a table snapshot for nonacidorctbl
2024-04-24T06:28:00,785  INFO [main] HiveMetaStore.audit: ugi=alex	ip=unknown-ip-addr	cmd=alter_table: hive.default.nonacidorctbl newtbl=nonacidorctbl	
2024-04-24T06:28:00,808  INFO [main] stats.BasicStatsTask: Table default.nonacidorctbl stats: [numFiles=2, numRows=4, totalSize=499, rawDataSize=32, numFilesErasureCoded=0]
2024-04-24T06:28:00,809  INFO [main] metadata.Hive: Dumping metastore api call timing information for : execution phase
2024-04-24T06:28:00,809  INFO [main] metadata.Hive: Total time spent in each metastore function (ms): {isCompatibleWith_(Configuration)=0, alter_table_(String, String, String, Table, EnvironmentContext, String)=53, getTable_(GetTableRequest)=39}
MapReduce Jobs Launched: 
2024-04-24T06:28:00,809  INFO [main] ql.Driver: MapReduce Jobs Launched: 
Stage-Stage-1:  HDFS Read: 0 HDFS Write: 0 SUCCESS
2024-04-24T06:28:00,809  INFO [main] ql.Driver: Stage-Stage-1:  HDFS Read: 0 HDFS Write: 0 SUCCESS
Total MapReduce CPU Time Spent: 0 msec
2024-04-24T06:28:00,809  INFO [main] ql.Driver: Total MapReduce CPU Time Spent: 0 msec
2024-04-24T06:28:00,809  INFO [main] ql.Driver: Completed executing command(queryId=alex_20240424062759_a9eccc92-fe3c-4dbd-9b9f-e5f40cbac685); Time taken: 1.384 seconds
2024-04-24T06:28:00,809  INFO [main] lockmgr.DbTxnManager: Stopped heartbeat for query: alex_20240424062759_a9eccc92-fe3c-4dbd-9b9f-e5f40cbac685
2024-04-24T06:28:00,813  INFO [main] txn.TxnHandler: Expected to move at least one record from txn_components to completed_txn_components when committing txn! txnid:13
2024-04-24T06:28:00,818  INFO [main] txn.TxnHandler: Removed transactions: ([13]) from MIN_HISTORY_LEVEL
2024-04-24T06:28:00,818  WARN [main] txn.CompactionTxnHandler: No compaction queue record found for Compaction type transaction commit. txnId:13
2024-04-24T06:28:00,819  INFO [main] ql.TxnCommandsBaseForTests: Running the query: insert into acidTbl  values(2,1),(4,3),(5,6),(7,8)
2024-04-24T06:28:00,819  INFO [main] ql.Context: Deleting scratch dir: file:/home/alex/Repositories/hive/ql/target/tmp/localscratchdir/f1be7076-804f-4e51-bd54-0daefb351282/hive_2024-04-24_06-27-59_215_7073482809561607456-1
2024-04-24T06:28:00,820  INFO [main] cleanup.SyncCleanupService: Deleted directory: file:/home/alex/Repositories/hive/ql/target/tmp/localscratchdir/f1be7076-804f-4e51-bd54-0daefb351282/hive_2024-04-24_06-27-59_215_7073482809561607456-1 on fs with scheme file
2024-04-24T06:28:00,820  INFO [main] ql.Context: Deleting scratch dir: file:/home/alex/Repositories/hive/ql/target/tmp/org.apache.hadoop.hive.ql.TestTxnCommands-1713965238357/warehouse/nonacidorctbl/.hive-staging_hive_2024-04-24_06-27-59_215_7073482809561607456-1
2024-04-24T06:28:00,820  INFO [main] cleanup.SyncCleanupService: Deleted directory: file:/home/alex/Repositories/hive/ql/target/tmp/org.apache.hadoop.hive.ql.TestTxnCommands-1713965238357/warehouse/nonacidorctbl/.hive-staging_hive_2024-04-24_06-27-59_215_7073482809561607456-1 on fs with scheme file
2024-04-24T06:28:00,820  INFO [main] ql.Driver: Compiling command(queryId=alex_20240424062759_a9eccc92-fe3c-4dbd-9b9f-e5f40cbac685): insert into acidTbl  values(2,1),(4,3),(5,6),(7,8)
2024-04-24T06:28:00,822  INFO [main] txn.TxnHandler: Added entries to MIN_HISTORY_LEVEL for current txns: ([14]) with min_open_txn: 14
2024-04-24T06:28:00,823  INFO [main] lockmgr.DbTxnManager: Opened txnid:14
2024-04-24T06:28:00,823  INFO [main] parse.CalcitePlanner: Starting caching scope for: alex_20240424062759_a9eccc92-fe3c-4dbd-9b9f-e5f40cbac685
2024-04-24T06:28:00,823  INFO [main] parse.CalcitePlanner: Starting Semantic Analysis
2024-04-24T06:28:00,826  INFO [main] HiveMetaStore.audit: ugi=alex	ip=unknown-ip-addr	cmd=get_table : tbl=hive.default.acidTbl	
2024-04-24T06:28:00,831  INFO [main] metastore.ObjectStore: Removed COLUMN_STATS_ACCURATE from Table's parameters.
2024-04-24T06:28:00,832  INFO [main] metastore.HMSHandler: Skipping translation for processor with null
2024-04-24T06:28:00,833  INFO [main] parse.CalcitePlanner: Completed phase 1 of Semantic Analysis
2024-04-24T06:28:00,833  INFO [main] parse.CalcitePlanner: Get metadata for source tables
2024-04-24T06:28:00,833  INFO [main] parse.CalcitePlanner: Get metadata for subqueries
2024-04-24T06:28:00,833  INFO [main] parse.CalcitePlanner: Get metadata for destination tables
2024-04-24T06:28:00,833  INFO [main] HiveMetaStore.audit: ugi=alex	ip=unknown-ip-addr	cmd=get_table : tbl=hive.default.acidTbl	
2024-04-24T06:28:00,839  INFO [main] metastore.HMSHandler: Skipping translation for processor with null
2024-04-24T06:28:00,840  INFO [main] parse.CalcitePlanner: Completed getting MetaData in Semantic Analysis
2024-04-24T06:28:00,840  INFO [main] parse.CalcitePlanner: Disabling LLAP IO encode as ETL query is detected
2024-04-24T06:28:00,860  INFO [main] HiveMetaStore.audit: ugi=alex	ip=unknown-ip-addr	cmd=get_all_table_constraints : tbl=hive._dummy_database._dummy_table	
2024-04-24T06:28:00,907  INFO [main] parse.CalcitePlanner: Get metadata for source tables
2024-04-24T06:28:00,907  INFO [main] parse.CalcitePlanner: Get metadata for subqueries
2024-04-24T06:28:00,907  INFO [main] parse.CalcitePlanner: Get metadata for source tables
2024-04-24T06:28:00,907  INFO [main] HiveMetaStore.audit: ugi=alex	ip=unknown-ip-addr	cmd=get_table : tbl=hive._dummy_database._dummy_table	
2024-04-24T06:28:00,909  INFO [main] parse.CalcitePlanner: Get metadata for subqueries
2024-04-24T06:28:00,909  INFO [main] parse.CalcitePlanner: Get metadata for destination tables
2024-04-24T06:28:00,909  INFO [main] parse.CalcitePlanner: Get metadata for destination tables
2024-04-24T06:28:00,912  INFO [main] HiveMetaStore.audit: ugi=alex	ip=unknown-ip-addr	cmd=get_not_null_constraints : tbl=hive.default.acidtbl	
2024-04-24T06:28:00,913  INFO [main] HiveMetaStore.audit: ugi=alex	ip=unknown-ip-addr	cmd=get_check_constraints : tbl=hive.default.acidtbl	
2024-04-24T06:28:00,920  INFO [main] txn.TxnHandler: Allocated writeId: 1 for txnId: 14
2024-04-24T06:28:00,920  INFO [main] txn.TxnHandler: Allocated write ids for dbName=default, tblName=acidtbl (txnIds: [14])
2024-04-24T06:28:00,921  INFO [main] parse.CalcitePlanner: CBO Succeeded; optimized logical plan.
2024-04-24T06:28:00,925  INFO [main] optimizer.ColumnPrunerProcFactory: RS 4 oldColExprMap: {KEY.reducesinkkey0=Column[_col0], VALUE._col0=Column[_col1]}
2024-04-24T06:28:00,925  INFO [main] optimizer.ColumnPrunerProcFactory: RS 4 newColExprMap: {VALUE._col0=Column[_col1], KEY.reducesinkkey0=Column[_col0]}
2024-04-24T06:28:00,926  INFO [main] optimizer.BucketVersionPopulator: not considering bucketingVersion for: TS[0] because it has -1<2 buckets 
2024-04-24T06:28:00,927  INFO [main] optimizer.SortedDynPartitionOptimizer: Sorted dynamic partitioning optimization kicked in..
2024-04-24T06:28:00,939  INFO [main] HiveMetaStore.audit: ugi=alex	ip=unknown-ip-addr	cmd=get_table : tbl=hive.default.acidtbl	
2024-04-24T06:28:00,949  INFO [main] metastore.HMSHandler: Skipping translation for processor with null
2024-04-24T06:28:00,950  INFO [main] parse.CalcitePlanner: Completed plan generation
2024-04-24T06:28:00,950  INFO [main] parse.CalcitePlanner: Ending caching scope for: alex_20240424062759_a9eccc92-fe3c-4dbd-9b9f-e5f40cbac685
2024-04-24T06:28:00,950  INFO [main] ql.Driver: Semantic Analysis Completed (retrial = false)
2024-04-24T06:28:00,950  INFO [main] ql.Driver: Created Hive schema: Schema(fieldSchemas:[FieldSchema(name:col1, type:int, comment:null), FieldSchema(name:col2, type:int, comment:null)], properties:null)
2024-04-24T06:28:00,950  INFO [main] metadata.Hive: Dumping metastore api call timing information for : compilation phase
2024-04-24T06:28:00,950  INFO [main] metadata.Hive: Total time spent in each metastore function (ms): {getAllTableConstraints_(AllTableConstraintsRequest)=5, getValidTxns_(long)=0, flushCache_()=0, getCheckConstraints_(CheckConstraintsRequest)=0, getNotNullConstraints_(NotNullConstraintsRequest)=0, getTable_(GetTableRequest)=24, allocateTableWriteId_(long, String, String)=6, getValidWriteIds_(List, String)=2, isCompatibleWith_(Configuration)=0, openTxn_(String, TxnType)=2, commitTxn_(CommitTxnRequest)=10}
2024-04-24T06:28:00,950  INFO [main] ql.Driver: Completed compiling command(queryId=alex_20240424062759_a9eccc92-fe3c-4dbd-9b9f-e5f40cbac685); Time taken: 0.13 seconds
2024-04-24T06:28:00,951  INFO [main] lockmgr.DbTxnManager: Setting lock request transaction to txnid:14 for queryId=alex_20240424062759_a9eccc92-fe3c-4dbd-9b9f-e5f40cbac685
2024-04-24T06:28:00,951  INFO [main] lockmgr.DbLockManager: Requesting lock for queryId=alex_20240424062759_a9eccc92-fe3c-4dbd-9b9f-e5f40cbac685
2024-04-24T06:28:00,983  INFO [main] lockmgr.DbLockManager: Response to queryId=alex_20240424062759_a9eccc92-fe3c-4dbd-9b9f-e5f40cbac685 LockResponse(lockid:8, state:ACQUIRED)
2024-04-24T06:28:00,983  INFO [main] ql.Driver: Operation QUERY obtained 1 locks
2024-04-24T06:28:00,987  INFO [main] ql.Driver: Executing command(queryId=alex_20240424062759_a9eccc92-fe3c-4dbd-9b9f-e5f40cbac685): insert into acidTbl  values(2,1),(4,3),(5,6),(7,8)
2024-04-24T06:28:00,987  WARN [main] ql.Driver: Hive-on-MR is deprecated in Hive 2 and may not be available in the future versions. Consider using a different execution engine (i.e. tez, spark) or using Hive 1.X releases.
Query ID = alex_20240424062759_a9eccc92-fe3c-4dbd-9b9f-e5f40cbac685
2024-04-24T06:28:00,987  INFO [main] ql.Driver: Query ID = alex_20240424062759_a9eccc92-fe3c-4dbd-9b9f-e5f40cbac685
Total jobs = 1
2024-04-24T06:28:00,987  INFO [main] ql.Driver: Total jobs = 1
Launching Job 1 out of 1
2024-04-24T06:28:00,987  INFO [main] ql.Driver: Launching Job 1 out of 1
2024-04-24T06:28:01,121  INFO [main] ql.Driver: Starting task [Stage-1:MAPRED] in serial mode
Number of reduce tasks determined at compile time: 2
2024-04-24T06:28:01,121  INFO [main] exec.Task: Number of reduce tasks determined at compile time: 2
In order to change the average load for a reducer (in bytes):
2024-04-24T06:28:01,121  INFO [main] exec.Task: In order to change the average load for a reducer (in bytes):
  set hive.exec.reducers.bytes.per.reducer=<number>
2024-04-24T06:28:01,121  INFO [main] exec.Task:   set hive.exec.reducers.bytes.per.reducer=<number>
In order to limit the maximum number of reducers:
2024-04-24T06:28:01,121  INFO [main] exec.Task: In order to limit the maximum number of reducers:
  set hive.exec.reducers.max=<number>
2024-04-24T06:28:01,121  INFO [main] exec.Task:   set hive.exec.reducers.max=<number>
In order to set a constant number of reducers:
2024-04-24T06:28:01,121  INFO [main] exec.Task: In order to set a constant number of reducers:
  set mapreduce.job.reduces=<number>
2024-04-24T06:28:01,121  INFO [main] exec.Task:   set mapreduce.job.reduces=<number>
2024-04-24T06:28:01,124  INFO [main] mr.ExecDriver: Using org.apache.hadoop.hive.ql.io.HiveInputFormat
2024-04-24T06:28:01,124  INFO [main] exec.Utilities: Processing alias $hdt$_0:_dummy_table
2024-04-24T06:28:01,124  INFO [main] exec.Utilities: Adding 1 inputs; the first input is file:/home/alex/Repositories/hive/ql/target/tmp/localscratchdir/f1be7076-804f-4e51-bd54-0daefb351282/hive_2024-04-24_06-28-00_820_7411702415339394965-1/dummy_path
2024-04-24T06:28:01,133  INFO [main] exec.SerializationUtilities: Serializing MapWork using kryo
2024-04-24T06:28:01,134  INFO [main] exec.Utilities: Serialized plan (via FILE) - name: null size: 5,03KB
2024-04-24T06:28:01,138  INFO [main] exec.SerializationUtilities: Serializing ReduceWork using kryo
2024-04-24T06:28:01,139  INFO [main] exec.Utilities: Serialized plan (via FILE) - name: null size: 5,96KB
2024-04-24T06:28:01,140  WARN [main] impl.MetricsSystemImpl: JobTracker metrics system already initialized!
2024-04-24T06:28:01,144  INFO [main] fs.FSStatsPublisher: created : file:/home/alex/Repositories/hive/ql/target/tmp/localscratchdir/f1be7076-804f-4e51-bd54-0daefb351282/hive_2024-04-24_06-28-00_820_7411702415339394965-1/-mr-10000
2024-04-24T06:28:01,145  WARN [main] impl.MetricsSystemImpl: JobTracker metrics system already initialized!
2024-04-24T06:28:01,152  WARN [main] mapreduce.JobResourceUploader: Hadoop command-line option parsing not performed. Implement the Tool interface and execute your application with ToolRunner to remedy this.
2024-04-24T06:28:01,157  WARN [main] mapreduce.JobResourceUploader: No job jar file set.  User classes may not be found. See Job or Job#setJar(String).
2024-04-24T06:28:01,158  INFO [main] io.HiveInputFormat: hive.io.file.readcolumn.ids = 
2024-04-24T06:28:01,158  INFO [main] io.HiveInputFormat: hive.io.file.readcolumn.names = 
2024-04-24T06:28:01,158  INFO [main] io.HiveInputFormat: Generating splits for dirs: file:/home/alex/Repositories/hive/ql/target/tmp/localscratchdir/f1be7076-804f-4e51-bd54-0daefb351282/hive_2024-04-24_06-28-00_820_7411702415339394965-1/dummy_path
2024-04-24T06:28:01,158  INFO [main] io.HiveInputFormat: number of splits 1
2024-04-24T06:28:01,175  INFO [main] mapreduce.JobSubmitter: number of splits:1
2024-04-24T06:28:01,193  INFO [main] mapreduce.JobSubmitter: Submitting tokens for job: job_local587139599_0014
2024-04-24T06:28:01,193  INFO [main] mapreduce.JobSubmitter: Executing with tokens: []
2024-04-24T06:28:01,279  INFO [main] mapreduce.Job: The url to track the job: http://localhost:8080/
Job running in-process (local Hadoop)
2024-04-24T06:28:01,279  INFO [main] exec.Task: Job running in-process (local Hadoop)
2024-04-24T06:28:01,280  INFO [Thread-1141] mapred.LocalJobRunner: OutputCommitter set in config org.apache.hadoop.hive.ql.io.HiveFileFormatUtils$NullOutputCommitter
2024-04-24T06:28:01,280  INFO [Thread-1141] mapred.LocalJobRunner: OutputCommitter is org.apache.hadoop.hive.ql.io.HiveFileFormatUtils$NullOutputCommitter
2024-04-24T06:28:01,281  INFO [Thread-1141] mapred.LocalJobRunner: Waiting for map tasks
2024-04-24T06:28:01,281  INFO [LocalJobRunner Map Task Executor #0] mapred.LocalJobRunner: Starting task: attempt_local587139599_0014_m_000000_0
2024-04-24T06:28:01,282  INFO [LocalJobRunner Map Task Executor #0] mapred.Task:  Using ResourceCalculatorProcessTree : [ ]
2024-04-24T06:28:01,282  INFO [LocalJobRunner Map Task Executor #0] mapred.MapTask: Processing split: org.apache.hadoop.hive.ql.io.NullRowsInputFormat:file:/home/alex/Repositories/hive/ql/target/tmp/localscratchdir/f1be7076-804f-4e51-bd54-0daefb351282/hive_2024-04-24_06-28-00_820_7411702415339394965-1/dummy_path/null:0+1
2024-04-24T06:28:01,283  INFO [LocalJobRunner Map Task Executor #0] exec.SerializationUtilities: Deserializing MapWork using kryo
2024-04-24T06:28:01,283  INFO [LocalJobRunner Map Task Executor #0] exec.Utilities: Deserialized plan (via FILE) - name: null size: 5,03KB
2024-04-24T06:28:01,283  INFO [LocalJobRunner Map Task Executor #0] mapred.MapTask: numReduceTasks: 2
2024-04-24T06:28:01,287  INFO [LocalJobRunner Map Task Executor #0] mapred.MapTask: (EQUATOR) 0 kvi 26214396(104857584)
2024-04-24T06:28:01,287  INFO [LocalJobRunner Map Task Executor #0] mapred.MapTask: mapreduce.task.io.sort.mb: 100
2024-04-24T06:28:01,287  INFO [LocalJobRunner Map Task Executor #0] mapred.MapTask: soft limit at 83886080
2024-04-24T06:28:01,287  INFO [LocalJobRunner Map Task Executor #0] mapred.MapTask: bufstart = 0; bufvoid = 104857600
2024-04-24T06:28:01,287  INFO [LocalJobRunner Map Task Executor #0] mapred.MapTask: kvstart = 26214396; length = 6553600
2024-04-24T06:28:01,288  INFO [LocalJobRunner Map Task Executor #0] mapred.MapTask: Map output collector class = org.apache.hadoop.mapred.MapTask$MapOutputBuffer
2024-04-24T06:28:01,288  INFO [LocalJobRunner Map Task Executor #0] exec.MapOperator: Initializing Operator: MAP[0]
2024-04-24T06:28:01,288  INFO [LocalJobRunner Map Task Executor #0] mr.ExecMapper: 
<MAP>Id =0
  <Children>null
  <\Children>
  <Parent><\Parent>
<\MAP>
2024-04-24T06:28:01,289  INFO [LocalJobRunner Map Task Executor #0] exec.TableScanOperator: Initializing Operator: TS[0]
2024-04-24T06:28:01,289  INFO [LocalJobRunner Map Task Executor #0] exec.SelectOperator: Initializing Operator: SEL[1]
2024-04-24T06:28:01,289  INFO [LocalJobRunner Map Task Executor #0] exec.SelectOperator: SELECT null
2024-04-24T06:28:01,289  INFO [LocalJobRunner Map Task Executor #0] exec.UDTFOperator: Initializing Operator: UDTF[2]
2024-04-24T06:28:01,289  INFO [LocalJobRunner Map Task Executor #0] exec.SelectOperator: Initializing Operator: SEL[3]
2024-04-24T06:28:01,289  INFO [LocalJobRunner Map Task Executor #0] exec.SelectOperator: SELECT struct<col1:int,col2:int>
2024-04-24T06:28:01,289  INFO [LocalJobRunner Map Task Executor #0] exec.ReduceSinkOperator: Initializing Operator: RS[4]
2024-04-24T06:28:01,289  INFO [LocalJobRunner Map Task Executor #0] exec.ReduceSinkOperator: Using tag = -1
2024-04-24T06:28:01,290  INFO [LocalJobRunner Map Task Executor #0] exec.ReduceSinkOperator: keys are [reducesinkkey0] num distributions: 1
2024-04-24T06:28:01,290  INFO [LocalJobRunner Map Task Executor #0] exec.ReduceSinkOperator: RS[4]: records written - 1
2024-04-24T06:28:01,290  INFO [LocalJobRunner Map Task Executor #0] exec.MapOperator: MAP[0]: records read - 1
2024-04-24T06:28:01,291  INFO [LocalJobRunner Map Task Executor #0] exec.MapOperator: Closing Operator: MAP[0]
2024-04-24T06:28:01,291  INFO [LocalJobRunner Map Task Executor #0] exec.MapOperator: MAP[0]: Total records read - 3. abort - false
2024-04-24T06:28:01,291  INFO [LocalJobRunner Map Task Executor #0] exec.MapOperator: RECORDS_OUT_OPERATOR_MAP_0:0, RECORDS_IN:3, RECORDS_OUT_INTERMEDIATE:0, DESERIALIZE_ERRORS:0, 
2024-04-24T06:28:01,291  INFO [LocalJobRunner Map Task Executor #0] exec.TableScanOperator: Closing Operator: TS[0]
2024-04-24T06:28:01,291  INFO [LocalJobRunner Map Task Executor #0] exec.TableScanOperator: RECORDS_OUT_INTERMEDIATE:0, RECORDS_OUT_OPERATOR_TS_0:1, 
2024-04-24T06:28:01,291  INFO [LocalJobRunner Map Task Executor #0] exec.SelectOperator: Closing Operator: SEL[1]
2024-04-24T06:28:01,291  INFO [LocalJobRunner Map Task Executor #0] exec.SelectOperator: RECORDS_OUT_OPERATOR_SEL_1:1, RECORDS_OUT_INTERMEDIATE:0, 
2024-04-24T06:28:01,291  INFO [LocalJobRunner Map Task Executor #0] exec.UDTFOperator: Closing Operator: UDTF[2]
2024-04-24T06:28:01,291  INFO [LocalJobRunner Map Task Executor #0] exec.UDTFOperator: RECORDS_OUT_OPERATOR_UDTF_2:4, RECORDS_OUT_INTERMEDIATE:0, 
2024-04-24T06:28:01,291  INFO [LocalJobRunner Map Task Executor #0] exec.SelectOperator: Closing Operator: SEL[3]
2024-04-24T06:28:01,291  INFO [LocalJobRunner Map Task Executor #0] exec.SelectOperator: RECORDS_OUT_OPERATOR_SEL_3:4, RECORDS_OUT_INTERMEDIATE:0, 
2024-04-24T06:28:01,291  INFO [LocalJobRunner Map Task Executor #0] exec.ReduceSinkOperator: Closing Operator: RS[4]
2024-04-24T06:28:01,291  INFO [LocalJobRunner Map Task Executor #0] exec.ReduceSinkOperator: RS[4]: Total records written - 4. abort - false
2024-04-24T06:28:01,291  INFO [LocalJobRunner Map Task Executor #0] exec.ReduceSinkOperator: RECORDS_OUT_OPERATOR_RS_4:4, RECORDS_OUT_INTERMEDIATE:4, 
2024-04-24T06:28:01,292  INFO [LocalJobRunner Map Task Executor #0] mapred.LocalJobRunner: 
2024-04-24T06:28:01,292  INFO [LocalJobRunner Map Task Executor #0] mapred.MapTask: Starting flush of map output
2024-04-24T06:28:01,292  INFO [LocalJobRunner Map Task Executor #0] mapred.MapTask: Spilling map output
2024-04-24T06:28:01,292  INFO [LocalJobRunner Map Task Executor #0] mapred.MapTask: bufstart = 0; bufend = 64; bufvoid = 104857600
2024-04-24T06:28:01,292  INFO [LocalJobRunner Map Task Executor #0] mapred.MapTask: kvstart = 26214396(104857584); kvend = 26214384(104857536); length = 13/6553600
2024-04-24T06:28:01,304  INFO [LocalJobRunner Map Task Executor #0] mapred.MapTask: Finished spill 0
2024-04-24T06:28:01,306  INFO [LocalJobRunner Map Task Executor #0] mapred.Task: Task:attempt_local587139599_0014_m_000000_0 is done. And is in the process of committing
2024-04-24T06:28:01,307  INFO [LocalJobRunner Map Task Executor #0] mapred.LocalJobRunner: map
2024-04-24T06:28:01,307  INFO [LocalJobRunner Map Task Executor #0] mapred.Task: Task 'attempt_local587139599_0014_m_000000_0' done.
2024-04-24T06:28:01,307  INFO [LocalJobRunner Map Task Executor #0] mapred.Task: Final Counters for attempt_local587139599_0014_m_000000_0: Counters: 26
	File System Counters
		FILE: Number of bytes read=311454
		FILE: Number of bytes written=16514279
		FILE: Number of read operations=0
		FILE: Number of large read operations=0
		FILE: Number of write operations=0
	Map-Reduce Framework
		Map input records=4
		Map output records=4
		Map output bytes=64
		Map output materialized bytes=84
		Input split bytes=361
		Combine input records=0
		Spilled Records=4
		Failed Shuffles=0
		Merged Map outputs=0
		GC time elapsed (ms)=0
		Total committed heap usage (bytes)=1109393408
	HIVE
		DESERIALIZE_ERRORS=0
		RECORDS_IN=3
		RECORDS_OUT_INTERMEDIATE=4
		RECORDS_OUT_OPERATOR_MAP_0=0
		RECORDS_OUT_OPERATOR_RS_4=4
		RECORDS_OUT_OPERATOR_SEL_1=1
		RECORDS_OUT_OPERATOR_SEL_3=4
		RECORDS_OUT_OPERATOR_TS_0=1
		RECORDS_OUT_OPERATOR_UDTF_2=4
	File Input Format Counters 
		Bytes Read=5078
2024-04-24T06:28:01,307  INFO [LocalJobRunner Map Task Executor #0] mapred.LocalJobRunner: Finishing task: attempt_local587139599_0014_m_000000_0
2024-04-24T06:28:01,307  INFO [Thread-1141] mapred.LocalJobRunner: map task executor complete.
2024-04-24T06:28:01,308  INFO [Thread-1141] mapred.LocalJobRunner: Waiting for reduce tasks
2024-04-24T06:28:01,309  INFO [pool-71-thread-1] mapred.LocalJobRunner: Starting task: attempt_local587139599_0014_r_000000_0
2024-04-24T06:28:01,309  INFO [pool-71-thread-1] mapred.Task:  Using ResourceCalculatorProcessTree : [ ]
2024-04-24T06:28:01,309  INFO [pool-71-thread-1] mapred.ReduceTask: Using ShuffleConsumerPlugin: org.apache.hadoop.mapreduce.task.reduce.Shuffle@304dd91b
2024-04-24T06:28:01,309  WARN [pool-71-thread-1] impl.MetricsSystemImpl: JobTracker metrics system already initialized!
2024-04-24T06:28:01,310  INFO [pool-71-thread-1] reduce.MergeManagerImpl: MergerManager: memoryLimit=1336252800, maxSingleShuffleLimit=334063200, mergeThreshold=881926912, ioSortFactor=10, memToMemMergeOutputsThreshold=10
2024-04-24T06:28:01,311  INFO [EventFetcher for fetching Map Completion Events] reduce.EventFetcher: attempt_local587139599_0014_r_000000_0 Thread started: EventFetcher for fetching Map Completion Events
2024-04-24T06:28:01,312  INFO [localfetcher#20] reduce.LocalFetcher: localfetcher#20 about to shuffle output of map attempt_local587139599_0014_m_000000_0 decomp: 38 len: 42 to MEMORY
2024-04-24T06:28:01,312  INFO [localfetcher#20] reduce.InMemoryMapOutput: Read 38 bytes from map-output for attempt_local587139599_0014_m_000000_0
2024-04-24T06:28:01,312  INFO [localfetcher#20] reduce.MergeManagerImpl: closeInMemoryFile -> map-output of size: 38, inMemoryMapOutputs.size() -> 1, commitMemory -> 0, usedMemory ->38
2024-04-24T06:28:01,313  INFO [EventFetcher for fetching Map Completion Events] reduce.EventFetcher: EventFetcher is interrupted.. Returning
2024-04-24T06:28:01,313  INFO [pool-71-thread-1] mapred.LocalJobRunner: 1 / 1 copied.
2024-04-24T06:28:01,313  INFO [pool-71-thread-1] reduce.MergeManagerImpl: finalMerge called with 1 in-memory map-outputs and 0 on-disk map-outputs
2024-04-24T06:28:01,320  INFO [pool-71-thread-1] mapred.Merger: Merging 1 sorted segments
2024-04-24T06:28:01,320  INFO [pool-71-thread-1] mapred.Merger: Down to the last merge-pass, with 1 segments left of total size: 26 bytes
2024-04-24T06:28:01,323  INFO [pool-71-thread-1] reduce.MergeManagerImpl: Merged 1 segments, 38 bytes to disk to satisfy reduce memory limit
2024-04-24T06:28:01,323  INFO [pool-71-thread-1] reduce.MergeManagerImpl: Merging 1 files, 42 bytes from disk
2024-04-24T06:28:01,323  INFO [pool-71-thread-1] reduce.MergeManagerImpl: Merging 0 segments, 0 bytes from memory into reduce
2024-04-24T06:28:01,323  INFO [pool-71-thread-1] mapred.Merger: Merging 1 sorted segments
2024-04-24T06:28:01,323  INFO [pool-71-thread-1] mapred.Merger: Down to the last merge-pass, with 1 segments left of total size: 26 bytes
2024-04-24T06:28:01,323  INFO [pool-71-thread-1] mapred.LocalJobRunner: 1 / 1 copied.
2024-04-24T06:28:01,324  INFO [pool-71-thread-1] exec.SerializationUtilities: Deserializing ReduceWork using kryo
2024-04-24T06:28:01,324  INFO [pool-71-thread-1] exec.Utilities: Deserialized plan (via FILE) - name: null size: 5,96KB
2024-04-24T06:28:01,325  INFO [pool-71-thread-1] ExecReducer: 
<SEL>Id =5
  <Children>
    <FS>Id =6
      <Children>
      <\Children>
      <Parent>Id = 5 null<\Parent>
    <\FS>
  <\Children>
  <Parent><\Parent>
<\SEL>
2024-04-24T06:28:01,326  INFO [pool-71-thread-1] exec.SelectOperator: Initializing Operator: SEL[5]
2024-04-24T06:28:01,326  INFO [pool-71-thread-1] exec.SelectOperator: SELECT struct<key:struct<reducesinkkey0:int>,value:struct<_col0:int>>
2024-04-24T06:28:01,326  INFO [pool-71-thread-1] exec.FileSinkOperator: Initializing Operator: FS[6]
2024-04-24T06:28:01,326  INFO [pool-71-thread-1] exec.FileSinkOperator: Using serializer : AbstractSerDe [log=org.apache.logging.slf4j.Log4jLogger@3c370966, configuration=Optional[Configuration: core-default.xml, core-site.xml, mapred-default.xml, mapred-site.xml, yarn-default.xml, yarn-site.xml, hdfs-default.xml, hdfs-site.xml, file:/home/alex/Repositories/hive/ql/target/tmp/TestTxnCommands/mapred/local/localRunner/alex/job_local587139599_0014/job_local587139599_0014.xml], properties={transactional_properties=default, name=default.acidtbl, transactional=true, columns.types=int:int, bucket_field_name=a, columns=a,b, numFilesErasureCoded=0, columns.comments=&amp#0;, bucketing_version=2, bucket_count=2, serialization.lib=org.apache.hadoop.hive.ql.io.orc.OrcSerde, file.inputformat=org.apache.hadoop.hive.ql.io.orc.OrcInputFormat, file.outputformat=org.apache.hadoop.hive.ql.io.orc.OrcOutputFormat, location=file:/home/alex/Repositories/hive/ql/target/tmp/org.apache.hadoop.hive.ql.TestTxnCommands-1713965238357/warehouse/acidtbl, column.name.delimiter=,}, tableProperties={transactional_properties=default, name=default.acidtbl, transactional=true, columns.types=int:int, bucket_field_name=a, columns=a,b, numFilesErasureCoded=0, columns.comments=&amp#0;, bucketing_version=2, bucket_count=2, serialization.lib=org.apache.hadoop.hive.ql.io.orc.OrcSerde, file.inputformat=org.apache.hadoop.hive.ql.io.orc.OrcInputFormat, location=file:/home/alex/Repositories/hive/ql/target/tmp/org.apache.hadoop.hive.ql.TestTxnCommands-1713965238357/warehouse/acidtbl, file.outputformat=org.apache.hadoop.hive.ql.io.orc.OrcOutputFormat, column.name.delimiter=,}, partitionProperties=Optional.empty, columnNames=[a, b], columnTypes=[int, int], getClass()=class org.apache.hadoop.hive.ql.io.orc.OrcSerde] and formatter : org.apache.hadoop.hive.ql.io.orc.OrcOutputFormat@4237fb1b
2024-04-24T06:28:01,327  INFO [pool-71-thread-1] exec.FileSinkOperator: Final Path: FS file:/home/alex/Repositories/hive/ql/target/tmp/org.apache.hadoop.hive.ql.TestTxnCommands-1713965238357/warehouse/acidtbl
2024-04-24T06:28:01,327  INFO [pool-71-thread-1] exec.FileSinkOperator: New Final Path: FS file:/home/alex/Repositories/hive/ql/target/tmp/org.apache.hadoop.hive.ql.TestTxnCommands-1713965238357/warehouse/acidtbl
2024-04-24T06:28:01,327  INFO [pool-71-thread-1] common.FileUtils: Creating directory if it doesn't exist: file:/home/alex/Repositories/hive/ql/target/tmp/org.apache.hadoop.hive.ql.TestTxnCommands-1713965238357/warehouse
2024-04-24T06:28:01,327  INFO [pool-71-thread-1] exec.FileSinkOperator: FS[6]: records written - 1
2024-04-24T06:28:01,328  INFO [pool-71-thread-1] impl.PhysicalFsWriter: ORC writer created for path: file:/home/alex/Repositories/hive/ql/target/tmp/org.apache.hadoop.hive.ql.TestTxnCommands-1713965238357/warehouse/acidtbl/delta_0000001_0000001_0000/bucket_00000_0 with stripeSize: 8388608 blockSize: 268435456 compression: Compress: ZLIB buffer: 32768
2024-04-24T06:28:01,335  INFO [pool-71-thread-1] impl.WriterImpl: ORC writer created for path: file:/home/alex/Repositories/hive/ql/target/tmp/org.apache.hadoop.hive.ql.TestTxnCommands-1713965238357/warehouse/acidtbl/delta_0000001_0000001_0000/bucket_00000_0 with stripeSize: 8388608 options: Compress: ZLIB buffer: 32768
2024-04-24T06:28:01,340  INFO [pool-71-thread-1] exec.SelectOperator: Closing Operator: SEL[5]
2024-04-24T06:28:01,340  INFO [pool-71-thread-1] exec.SelectOperator: RECORDS_OUT_INTERMEDIATE:0, RECORDS_OUT_OPERATOR_SEL_5:2, 
2024-04-24T06:28:01,340  INFO [pool-71-thread-1] exec.FileSinkOperator: Closing Operator: FS[6]
2024-04-24T06:28:01,340  INFO [pool-71-thread-1] exec.FileSinkOperator: FS[6]: records written - 2
2024-04-24T06:28:01,342  INFO [pool-71-thread-1] FileOperations: Writing manifest to file:/home/alex/Repositories/hive/ql/target/tmp/org.apache.hadoop.hive.ql.TestTxnCommands-1713965238357/warehouse/acidtbl/_tmp.delta_0000001_0000001_0000/000000_0.manifest with [file:/home/alex/Repositories/hive/ql/target/tmp/org.apache.hadoop.hive.ql.TestTxnCommands-1713965238357/warehouse/acidtbl/delta_0000001_0000001_0000/bucket_00000_0]
2024-04-24T06:28:01,354  INFO [pool-71-thread-1] exec.FileSinkOperator: RECORDS_OUT_OPERATOR_FS_6:2, TOTAL_TABLE_ROWS_WRITTEN:2, RECORDS_OUT_1_default.acidtbl:2, RECORDS_OUT_INTERMEDIATE:0, 
2024-04-24T06:28:01,355  INFO [pool-71-thread-1] mapred.Task: Task:attempt_local587139599_0014_r_000000_0 is done. And is in the process of committing
2024-04-24T06:28:01,355  INFO [pool-71-thread-1] mapred.LocalJobRunner: reduce > reduce
2024-04-24T06:28:01,355  INFO [pool-71-thread-1] mapred.Task: Task 'attempt_local587139599_0014_r_000000_0' done.
2024-04-24T06:28:01,356  INFO [pool-71-thread-1] mapred.Task: Final Counters for attempt_local587139599_0014_r_000000_0: Counters: 30
	File System Counters
		FILE: Number of bytes read=317656
		FILE: Number of bytes written=16515348
		FILE: Number of read operations=0
		FILE: Number of large read operations=0
		FILE: Number of write operations=0
	Map-Reduce Framework
		Combine input records=0
		Combine output records=0
		Reduce input groups=2
		Reduce shuffle bytes=42
		Reduce input records=2
		Reduce output records=0
		Spilled Records=2
		Shuffled Maps =1
		Failed Shuffles=0
		Merged Map outputs=1
		GC time elapsed (ms)=0
		Total committed heap usage (bytes)=1109393408
	HIVE
		CREATED_FILES=1
		RECORDS_OUT_1_default.acidtbl=2
		RECORDS_OUT_INTERMEDIATE=0
		RECORDS_OUT_OPERATOR_FS_6=2
		RECORDS_OUT_OPERATOR_SEL_5=2
		TOTAL_TABLE_ROWS_WRITTEN=2
	Shuffle Errors
		BAD_ID=0
		CONNECTION=0
		IO_ERROR=0
		WRONG_LENGTH=0
		WRONG_MAP=0
		WRONG_REDUCE=0
	File Output Format Counters 
		Bytes Written=0
2024-04-24T06:28:01,356  INFO [pool-71-thread-1] mapred.LocalJobRunner: Finishing task: attempt_local587139599_0014_r_000000_0
2024-04-24T06:28:01,356  INFO [pool-71-thread-1] mapred.LocalJobRunner: Starting task: attempt_local587139599_0014_r_000001_0
2024-04-24T06:28:01,356  INFO [pool-71-thread-1] mapred.Task:  Using ResourceCalculatorProcessTree : [ ]
2024-04-24T06:28:01,356  INFO [pool-71-thread-1] mapred.ReduceTask: Using ShuffleConsumerPlugin: org.apache.hadoop.mapreduce.task.reduce.Shuffle@7f4e4d74
2024-04-24T06:28:01,356  WARN [pool-71-thread-1] impl.MetricsSystemImpl: JobTracker metrics system already initialized!
2024-04-24T06:28:01,357  INFO [pool-71-thread-1] reduce.MergeManagerImpl: MergerManager: memoryLimit=1336252800, maxSingleShuffleLimit=334063200, mergeThreshold=881926912, ioSortFactor=10, memToMemMergeOutputsThreshold=10
2024-04-24T06:28:01,358  INFO [EventFetcher for fetching Map Completion Events] reduce.EventFetcher: attempt_local587139599_0014_r_000001_0 Thread started: EventFetcher for fetching Map Completion Events
2024-04-24T06:28:01,361  INFO [localfetcher#21] reduce.LocalFetcher: localfetcher#21 about to shuffle output of map attempt_local587139599_0014_m_000000_0 decomp: 38 len: 42 to MEMORY
2024-04-24T06:28:01,361  INFO [localfetcher#21] reduce.InMemoryMapOutput: Read 38 bytes from map-output for attempt_local587139599_0014_m_000000_0
2024-04-24T06:28:01,361  INFO [localfetcher#21] reduce.MergeManagerImpl: closeInMemoryFile -> map-output of size: 38, inMemoryMapOutputs.size() -> 1, commitMemory -> 0, usedMemory ->38
2024-04-24T06:28:01,361  INFO [EventFetcher for fetching Map Completion Events] reduce.EventFetcher: EventFetcher is interrupted.. Returning
2024-04-24T06:28:01,362  INFO [pool-71-thread-1] mapred.LocalJobRunner: 1 / 1 copied.
2024-04-24T06:28:01,362  INFO [pool-71-thread-1] reduce.MergeManagerImpl: finalMerge called with 1 in-memory map-outputs and 0 on-disk map-outputs
2024-04-24T06:28:01,368  INFO [pool-71-thread-1] mapred.Merger: Merging 1 sorted segments
2024-04-24T06:28:01,368  INFO [pool-71-thread-1] mapred.Merger: Down to the last merge-pass, with 1 segments left of total size: 26 bytes
2024-04-24T06:28:01,370  INFO [pool-71-thread-1] reduce.MergeManagerImpl: Merged 1 segments, 38 bytes to disk to satisfy reduce memory limit
2024-04-24T06:28:01,370  INFO [pool-71-thread-1] reduce.MergeManagerImpl: Merging 1 files, 42 bytes from disk
2024-04-24T06:28:01,370  INFO [pool-71-thread-1] reduce.MergeManagerImpl: Merging 0 segments, 0 bytes from memory into reduce
2024-04-24T06:28:01,370  INFO [pool-71-thread-1] mapred.Merger: Merging 1 sorted segments
2024-04-24T06:28:01,370  INFO [pool-71-thread-1] mapred.Merger: Down to the last merge-pass, with 1 segments left of total size: 26 bytes
2024-04-24T06:28:01,371  INFO [pool-71-thread-1] mapred.LocalJobRunner: 1 / 1 copied.
2024-04-24T06:28:01,371  INFO [pool-71-thread-1] exec.SerializationUtilities: Deserializing ReduceWork using kryo
2024-04-24T06:28:01,371  INFO [pool-71-thread-1] exec.Utilities: Deserialized plan (via FILE) - name: null size: 5,96KB
2024-04-24T06:28:01,372  INFO [pool-71-thread-1] ExecReducer: 
<SEL>Id =5
  <Children>
    <FS>Id =6
      <Children>
      <\Children>
      <Parent>Id = 5 null<\Parent>
    <\FS>
  <\Children>
  <Parent><\Parent>
<\SEL>
2024-04-24T06:28:01,372  INFO [pool-71-thread-1] exec.SelectOperator: Initializing Operator: SEL[5]
2024-04-24T06:28:01,372  INFO [pool-71-thread-1] exec.SelectOperator: SELECT struct<key:struct<reducesinkkey0:int>,value:struct<_col0:int>>
2024-04-24T06:28:01,372  INFO [pool-71-thread-1] exec.FileSinkOperator: Initializing Operator: FS[6]
2024-04-24T06:28:01,373  INFO [pool-71-thread-1] exec.FileSinkOperator: Using serializer : AbstractSerDe [log=org.apache.logging.slf4j.Log4jLogger@3c370966, configuration=Optional[Configuration: core-default.xml, core-site.xml, mapred-default.xml, mapred-site.xml, yarn-default.xml, yarn-site.xml, hdfs-default.xml, hdfs-site.xml, file:/home/alex/Repositories/hive/ql/target/tmp/TestTxnCommands/mapred/local/localRunner/alex/job_local587139599_0014/job_local587139599_0014.xml], properties={transactional_properties=default, name=default.acidtbl, transactional=true, columns.types=int:int, bucket_field_name=a, columns=a,b, numFilesErasureCoded=0, columns.comments=&amp#0;, bucketing_version=2, bucket_count=2, serialization.lib=org.apache.hadoop.hive.ql.io.orc.OrcSerde, file.inputformat=org.apache.hadoop.hive.ql.io.orc.OrcInputFormat, file.outputformat=org.apache.hadoop.hive.ql.io.orc.OrcOutputFormat, location=file:/home/alex/Repositories/hive/ql/target/tmp/org.apache.hadoop.hive.ql.TestTxnCommands-1713965238357/warehouse/acidtbl, column.name.delimiter=,}, tableProperties={transactional_properties=default, name=default.acidtbl, transactional=true, columns.types=int:int, bucket_field_name=a, columns=a,b, numFilesErasureCoded=0, columns.comments=&amp#0;, bucketing_version=2, bucket_count=2, serialization.lib=org.apache.hadoop.hive.ql.io.orc.OrcSerde, file.inputformat=org.apache.hadoop.hive.ql.io.orc.OrcInputFormat, location=file:/home/alex/Repositories/hive/ql/target/tmp/org.apache.hadoop.hive.ql.TestTxnCommands-1713965238357/warehouse/acidtbl, file.outputformat=org.apache.hadoop.hive.ql.io.orc.OrcOutputFormat, column.name.delimiter=,}, partitionProperties=Optional.empty, columnNames=[a, b], columnTypes=[int, int], getClass()=class org.apache.hadoop.hive.ql.io.orc.OrcSerde] and formatter : org.apache.hadoop.hive.ql.io.orc.OrcOutputFormat@75083d15
2024-04-24T06:28:01,373  INFO [pool-71-thread-1] exec.FileSinkOperator: Final Path: FS file:/home/alex/Repositories/hive/ql/target/tmp/org.apache.hadoop.hive.ql.TestTxnCommands-1713965238357/warehouse/acidtbl
2024-04-24T06:28:01,373  INFO [pool-71-thread-1] exec.FileSinkOperator: New Final Path: FS file:/home/alex/Repositories/hive/ql/target/tmp/org.apache.hadoop.hive.ql.TestTxnCommands-1713965238357/warehouse/acidtbl
2024-04-24T06:28:01,373  INFO [pool-71-thread-1] common.FileUtils: Creating directory if it doesn't exist: file:/home/alex/Repositories/hive/ql/target/tmp/org.apache.hadoop.hive.ql.TestTxnCommands-1713965238357/warehouse
2024-04-24T06:28:01,373  INFO [pool-71-thread-1] exec.FileSinkOperator: FS[6]: records written - 1
2024-04-24T06:28:01,373  INFO [pool-71-thread-1] impl.PhysicalFsWriter: ORC writer created for path: file:/home/alex/Repositories/hive/ql/target/tmp/org.apache.hadoop.hive.ql.TestTxnCommands-1713965238357/warehouse/acidtbl/delta_0000001_0000001_0000/bucket_00001_0 with stripeSize: 8388608 blockSize: 268435456 compression: Compress: ZLIB buffer: 32768
2024-04-24T06:28:01,378  INFO [pool-71-thread-1] impl.WriterImpl: ORC writer created for path: file:/home/alex/Repositories/hive/ql/target/tmp/org.apache.hadoop.hive.ql.TestTxnCommands-1713965238357/warehouse/acidtbl/delta_0000001_0000001_0000/bucket_00001_0 with stripeSize: 8388608 options: Compress: ZLIB buffer: 32768
2024-04-24T06:28:01,379  INFO [pool-71-thread-1] exec.SelectOperator: Closing Operator: SEL[5]
2024-04-24T06:28:01,379  INFO [pool-71-thread-1] exec.SelectOperator: RECORDS_OUT_OPERATOR_SEL_5:2, RECORDS_OUT_INTERMEDIATE:0, 
2024-04-24T06:28:01,379  INFO [pool-71-thread-1] exec.FileSinkOperator: Closing Operator: FS[6]
2024-04-24T06:28:01,379  INFO [pool-71-thread-1] exec.FileSinkOperator: FS[6]: records written - 2
2024-04-24T06:28:01,381  INFO [pool-71-thread-1] FileOperations: Writing manifest to file:/home/alex/Repositories/hive/ql/target/tmp/org.apache.hadoop.hive.ql.TestTxnCommands-1713965238357/warehouse/acidtbl/_tmp.delta_0000001_0000001_0000/000001_0.manifest with [file:/home/alex/Repositories/hive/ql/target/tmp/org.apache.hadoop.hive.ql.TestTxnCommands-1713965238357/warehouse/acidtbl/delta_0000001_0000001_0000/bucket_00001_0]
2024-04-24T06:28:01,390  INFO [pool-71-thread-1] exec.FileSinkOperator: RECORDS_OUT_1_default.acidtbl:2, TOTAL_TABLE_ROWS_WRITTEN:2, RECORDS_OUT_INTERMEDIATE:0, RECORDS_OUT_OPERATOR_FS_6:2, 
2024-04-24T06:28:01,390  INFO [pool-71-thread-1] mapred.Task: Task:attempt_local587139599_0014_r_000001_0 is done. And is in the process of committing
2024-04-24T06:28:01,390  INFO [pool-71-thread-1] mapred.LocalJobRunner: reduce > reduce
2024-04-24T06:28:01,390  INFO [pool-71-thread-1] mapred.Task: Task 'attempt_local587139599_0014_r_000001_0' done.
2024-04-24T06:28:01,390  INFO [pool-71-thread-1] mapred.Task: Final Counters for attempt_local587139599_0014_r_000001_0: Counters: 30
	File System Counters
		FILE: Number of bytes read=323816
		FILE: Number of bytes written=16516418
		FILE: Number of read operations=0
		FILE: Number of large read operations=0
		FILE: Number of write operations=0
	Map-Reduce Framework
		Combine input records=0
		Combine output records=0
		Reduce input groups=2
		Reduce shuffle bytes=42
		Reduce input records=2
		Reduce output records=0
		Spilled Records=2
		Shuffled Maps =1
		Failed Shuffles=0
		Merged Map outputs=1
		GC time elapsed (ms)=0
		Total committed heap usage (bytes)=1109393408
	HIVE
		CREATED_FILES=1
		RECORDS_OUT_1_default.acidtbl=2
		RECORDS_OUT_INTERMEDIATE=0
		RECORDS_OUT_OPERATOR_FS_6=2
		RECORDS_OUT_OPERATOR_SEL_5=2
		TOTAL_TABLE_ROWS_WRITTEN=2
	Shuffle Errors
		BAD_ID=0
		CONNECTION=0
		IO_ERROR=0
		WRONG_LENGTH=0
		WRONG_MAP=0
		WRONG_REDUCE=0
	File Output Format Counters 
		Bytes Written=0
2024-04-24T06:28:01,390  INFO [pool-71-thread-1] mapred.LocalJobRunner: Finishing task: attempt_local587139599_0014_r_000001_0
2024-04-24T06:28:01,390  INFO [Thread-1141] mapred.LocalJobRunner: reduce task executor complete.
2024-04-24 06:28:02,283 Stage-1 map = 100%,  reduce = 100%
2024-04-24T06:28:02,283  INFO [main] exec.Task: 2024-04-24 06:28:02,283 Stage-1 map = 100%,  reduce = 100%
Ended Job = job_local587139599_0014
2024-04-24T06:28:02,285  INFO [main] exec.Task: Ended Job = job_local587139599_0014
2024-04-24T06:28:02,286  INFO [main] FileOperations: Found manifest file file:/home/alex/Repositories/hive/ql/target/tmp/org.apache.hadoop.hive.ql.TestTxnCommands-1713965238357/warehouse/acidtbl/_tmp.delta_0000001_0000001_0000/000001_0.manifest with attemptId 0.
2024-04-24T06:28:02,286  INFO [main] FileOperations: Found manifest file file:/home/alex/Repositories/hive/ql/target/tmp/org.apache.hadoop.hive.ql.TestTxnCommands-1713965238357/warehouse/acidtbl/_tmp.delta_0000001_0000001_0000/000000_0.manifest with attemptId 0.
2024-04-24T06:28:02,286  INFO [main] FileOperations: Looking at manifest file: file:/home/alex/Repositories/hive/ql/target/tmp/org.apache.hadoop.hive.ql.TestTxnCommands-1713965238357/warehouse/acidtbl/_tmp.delta_0000001_0000001_0000/000001_0.manifest
2024-04-24T06:28:02,286  INFO [main] FileOperations: Looking at manifest file: file:/home/alex/Repositories/hive/ql/target/tmp/org.apache.hadoop.hive.ql.TestTxnCommands-1713965238357/warehouse/acidtbl/_tmp.delta_0000001_0000001_0000/000000_0.manifest
2024-04-24T06:28:02,287  INFO [main] FileOperations: Deleting manifest directory file:/home/alex/Repositories/hive/ql/target/tmp/org.apache.hadoop.hive.ql.TestTxnCommands-1713965238357/warehouse/acidtbl/_tmp.delta_0000001_0000001_0000
2024-04-24T06:28:02,288  INFO [main] ql.Driver: Starting task [Stage-0:MOVE] in serial mode
Loading data to table default.acidtbl
2024-04-24T06:28:02,288  INFO [main] exec.Task: Loading data to table default.acidtbl from file:/home/alex/Repositories/hive/ql/target/tmp/org.apache.hadoop.hive.ql.TestTxnCommands-1713965238357/warehouse/acidtbl
2024-04-24T06:28:02,288  INFO [main] HiveMetaStore.audit: ugi=alex	ip=unknown-ip-addr	cmd=get_table : tbl=hive.default.acidtbl	
2024-04-24T06:28:02,295  INFO [main] metastore.HMSHandler: Skipping translation for processor with null
2024-04-24T06:28:02,295  INFO [main] HiveMetaStore.audit: ugi=alex	ip=unknown-ip-addr	cmd=get_table : tbl=hive.default.acidtbl	
2024-04-24T06:28:02,304  INFO [main] metastore.HMSHandler: Skipping translation for processor with null
2024-04-24T06:28:02,304  INFO [main] HiveMetaStore.audit: ugi=alex	ip=unknown-ip-addr	cmd=alter_table: hive.default.acidtbl newtbl=acidtbl	
2024-04-24T06:28:02,329  INFO [main] ql.Driver: Starting task [Stage-2:STATS] in serial mode
2024-04-24T06:28:02,330  INFO [main] HiveMetaStore.audit: ugi=alex	ip=unknown-ip-addr	cmd=get_table : tbl=hive.default.acidtbl	
2024-04-24T06:28:02,337  INFO [main] metastore.HMSHandler: Skipping translation for processor with null
2024-04-24T06:28:02,337  INFO [main] stats.BasicStatsTask: Executing stats task
2024-04-24T06:28:02,337  INFO [main] fs.FSStatsPublisher: created : file:/home/alex/Repositories/hive/ql/target/tmp/localscratchdir/f1be7076-804f-4e51-bd54-0daefb351282/hive_2024-04-24_06-28-00_820_7411702415339394965-1/-mr-10000
2024-04-24T06:28:02,339  INFO [main] HiveMetaStore.audit: ugi=alex	ip=unknown-ip-addr	cmd=get_table : tbl=hive.default.acidtbl	
2024-04-24T06:28:02,345  INFO [main] metastore.HMSHandler: Skipping translation for processor with null
2024-04-24T06:28:02,357  WARN [main] FileOperations: Computing stats for an ACID table; stats may be inaccurate
2024-04-24T06:28:02,357  INFO [main] FileOperations: Read stats for default.acidtbl/, numRows, true, 4, false: 
2024-04-24T06:28:02,357  INFO [main] FileOperations: Read stats for default.acidtbl/, rawDataSize, true, 0, false: 
2024-04-24T06:28:02,358  INFO [main] HiveMetaStore.audit: ugi=alex	ip=unknown-ip-addr	cmd=alter_table: hive.default.acidtbl newtbl=acidtbl	
2024-04-24T06:28:02,382  INFO [main] FileOperations: Read stats for default.acidtbl/, insertCount, true, 4, false: 
2024-04-24T06:28:02,382  INFO [main] FileOperations: Read stats for default.acidtbl/, updateCount, true, 0, false: 
2024-04-24T06:28:02,382  INFO [main] FileOperations: Read stats for default.acidtbl/, deleteCount, true, 0, false: 
2024-04-24T06:28:02,385  INFO [main] stats.BasicStatsTask: Table default.acidtbl stats: [numFiles=2, numRows=4, totalSize=1380, rawDataSize=0, numFilesErasureCoded=0]
2024-04-24T06:28:02,385  INFO [main] metadata.Hive: Dumping metastore api call timing information for : execution phase
2024-04-24T06:28:02,385  INFO [main] metadata.Hive: Total time spent in each metastore function (ms): {isCompatibleWith_(Configuration)=0, alter_table_(String, String, String, Table, EnvironmentContext, String)=50, getTable_(GetTableRequest)=31, updateTransactionalStatistics_(UpdateTransactionalStatsRequest)=3}
MapReduce Jobs Launched: 
2024-04-24T06:28:02,385  INFO [main] ql.Driver: MapReduce Jobs Launched: 
Stage-Stage-1:  HDFS Read: 0 HDFS Write: 0 SUCCESS
2024-04-24T06:28:02,385  INFO [main] ql.Driver: Stage-Stage-1:  HDFS Read: 0 HDFS Write: 0 SUCCESS
Total MapReduce CPU Time Spent: 0 msec
2024-04-24T06:28:02,385  INFO [main] ql.Driver: Total MapReduce CPU Time Spent: 0 msec
2024-04-24T06:28:02,386  INFO [main] ql.Driver: Completed executing command(queryId=alex_20240424062759_a9eccc92-fe3c-4dbd-9b9f-e5f40cbac685); Time taken: 1.398 seconds
2024-04-24T06:28:02,386  INFO [main] lockmgr.DbTxnManager: Stopped heartbeat for query: alex_20240424062759_a9eccc92-fe3c-4dbd-9b9f-e5f40cbac685
2024-04-24T06:28:02,394  INFO [main] txn.TxnHandler: Removed transactions: ([14]) from MIN_HISTORY_LEVEL
2024-04-24T06:28:02,395  WARN [main] txn.CompactionTxnHandler: No compaction queue record found for Compaction type transaction commit. txnId:14
2024-04-24T06:28:02,395  INFO [main] ql.TxnCommandsBaseForTests: Running the query: merge into acidTbl as t using nonAcidOrcTbl s ON t.a = s.a WHEN MATCHED AND s.a < 3 THEN update set b = 0 WHEN MATCHED and t.a > 3 and t.a < 5 THEN DELETE 
2024-04-24T06:28:02,396  INFO [main] ql.Context: Deleting scratch dir: file:/home/alex/Repositories/hive/ql/target/tmp/localscratchdir/f1be7076-804f-4e51-bd54-0daefb351282/hive_2024-04-24_06-28-00_820_7411702415339394965-1
2024-04-24T06:28:02,396  INFO [main] cleanup.SyncCleanupService: Deleted directory: file:/home/alex/Repositories/hive/ql/target/tmp/localscratchdir/f1be7076-804f-4e51-bd54-0daefb351282/hive_2024-04-24_06-28-00_820_7411702415339394965-1 on fs with scheme file
2024-04-24T06:28:02,396  INFO [main] ql.Driver: Compiling command(queryId=alex_20240424062759_a9eccc92-fe3c-4dbd-9b9f-e5f40cbac685): merge into acidTbl as t using nonAcidOrcTbl s ON t.a = s.a WHEN MATCHED AND s.a < 3 THEN update set b = 0 WHEN MATCHED and t.a > 3 and t.a < 5 THEN DELETE 
2024-04-24T06:28:02,399  INFO [main] txn.TxnHandler: Added entries to MIN_HISTORY_LEVEL for current txns: ([15]) with min_open_txn: 15
2024-04-24T06:28:02,399  INFO [main] lockmgr.DbTxnManager: Opened txnid:15
2024-04-24T06:28:02,400  INFO [main] parse.MergeSemanticAnalyzer: Starting caching scope for: alex_20240424062759_a9eccc92-fe3c-4dbd-9b9f-e5f40cbac685
2024-04-24T06:28:02,400  INFO [main] HiveMetaStore.audit: ugi=alex	ip=unknown-ip-addr	cmd=get_table : tbl=hive.default.acidTbl	
2024-04-24T06:28:02,409  INFO [main] metastore.HMSHandler: Skipping translation for processor with null
2024-04-24T06:28:02,409  INFO [main] parse.RewriteSemanticAnalyzer: Merge statement cardinality violation check is disabled: hive.merge.cardinality.check
2024-04-24T06:28:02,409  INFO [main] parse.RewriteSemanticAnalyzer: Going to reparse <merge into acidTbl as t using nonAcidOrcTbl s ON t.a = s.a WHEN MATCHED AND s.a < 3 THEN update set b = 0 WHEN MATCHED and t.a > 3 and t.a < 5 THEN DELETE > as 
<FROM
  `default`.`acidTbl` `t`
  INNER JOIN
  `default`.`nonAcidOrcTbl` `s`
  ON `t`.`a` = `s`.`a`
INSERT INTO `default`.`acidTbl`    -- update clause(insert part)
 SELECT `t`.`a`, 0
   WHERE `t`.`a` = `s`.`a` AND `s`.`a` < 3
INSERT INTO `default`.`acidTbl`    -- update clause (delete part)
 SELECT `t`.ROW__ID 
   WHERE `t`.`a` = `s`.`a` AND `s`.`a` < 3
 SORT BY `t`.ROW__ID 
INSERT INTO `default`.`acidTbl`    -- delete clause
 SELECT `t`.ROW__ID 
   WHERE `t`.`a` = `s`.`a` AND `t`.`a` > 3 and `t`.`a` < 5 AND NOT(`s`.`a` < 3)
 SORT BY `t`.ROW__ID 
>
2024-04-24T06:28:02,411  INFO [main] parse.MergeSemanticAnalyzer: Starting Semantic Analysis
2024-04-24T06:28:02,415  INFO [main] parse.MergeSemanticAnalyzer: Completed phase 1 of Semantic Analysis
2024-04-24T06:28:02,415  INFO [main] parse.MergeSemanticAnalyzer: Get metadata for source tables
2024-04-24T06:28:02,416  INFO [main] HiveMetaStore.audit: ugi=alex	ip=unknown-ip-addr	cmd=get_table : tbl=hive.default.acidtbl	
2024-04-24T06:28:02,421  INFO [main] metastore.ObjectStore: Removed COLUMN_STATS_ACCURATE from Table's parameters.
2024-04-24T06:28:02,422  INFO [main] metastore.HMSHandler: Skipping translation for processor with null
2024-04-24T06:28:02,423  INFO [main] HiveMetaStore.audit: ugi=alex	ip=unknown-ip-addr	cmd=get_table : tbl=hive.default.nonacidorctbl	
2024-04-24T06:28:02,432  INFO [main] metastore.HMSHandler: Skipping translation for processor with null
2024-04-24T06:28:02,432  INFO [main] parse.MergeSemanticAnalyzer: Get metadata for subqueries
2024-04-24T06:28:02,432  INFO [main] parse.MergeSemanticAnalyzer: Get metadata for destination tables
2024-04-24T06:28:02,432  INFO [main] parse.MergeSemanticAnalyzer: Completed getting MetaData in Semantic Analysis
2024-04-24T06:28:02,432  INFO [main] parse.MergeSemanticAnalyzer: Disabling LLAP IO encode as ETL query is detected
2024-04-24T06:28:02,433  INFO [main] parse.MergeSemanticAnalyzer: Get metadata for source tables
2024-04-24T06:28:02,433  INFO [main] parse.MergeSemanticAnalyzer: Get metadata for subqueries
2024-04-24T06:28:02,433  INFO [main] parse.MergeSemanticAnalyzer: Get metadata for destination tables
2024-04-24T06:28:02,445  INFO [main] HiveMetaStore.audit: ugi=alex	ip=unknown-ip-addr	cmd=get_all_table_constraints : tbl=hive.default.acidtbl	
2024-04-24T06:28:02,450  INFO [main] HiveMetaStore.audit: ugi=alex	ip=unknown-ip-addr	cmd=get_all_table_constraints : tbl=hive.default.nonacidorctbl	
2024-04-24T06:28:02,492  INFO [main] calcite.RelOptHiveTable: Calculating column statistics for default.acidtbl, projIndxSet: [0], allowMissingStats: true
2024-04-24T06:28:02,492  INFO [main] HiveMetaStore.audit: ugi=alex	ip=unknown-ip-addr	cmd=get_table : tbl=hive.default.acidtbl	
2024-04-24T06:28:02,501  INFO [main] metastore.HMSHandler: Skipping translation for processor with null
2024-04-24T06:28:02,502  INFO [main] HiveMetaStore.audit: ugi=alex	ip=unknown-ip-addr	cmd=get_table : tbl=hive.default.acidtbl	
2024-04-24T06:28:02,510  INFO [main] metastore.HMSHandler: Skipping translation for processor with null
2024-04-24T06:28:02,510  INFO [main] HiveMetaStore.audit: ugi=alex	ip=unknown-ip-addr	cmd=get_table_statistics_req: table=hive.default.acidtbl	
2024-04-24T06:28:02,520  WARN [main] calcite.RelOptHiveTable: No Stats for default@acidtbl, Columns: a
No Stats for default@acidtbl, Columns: a
2024-04-24T06:28:02,520  INFO [main] SessionState: No Stats for default@acidtbl, Columns: a
2024-04-24T06:28:02,521  INFO [main] calcite.RelOptHiveTable: Calculating column statistics for default.nonacidorctbl, projIndxSet: [0], allowMissingStats: true
2024-04-24T06:28:02,521  INFO [main] HiveMetaStore.audit: ugi=alex	ip=unknown-ip-addr	cmd=get_table : tbl=hive.default.nonacidorctbl	
2024-04-24T06:28:02,536  INFO [main] metastore.HMSHandler: Skipping translation for processor with null
2024-04-24T06:28:02,536  INFO [main] HiveMetaStore.audit: ugi=alex	ip=unknown-ip-addr	cmd=get_table : tbl=hive.default.nonacidorctbl	
2024-04-24T06:28:02,554  INFO [main] metastore.HMSHandler: Skipping translation for processor with null
2024-04-24T06:28:02,554  INFO [main] HiveMetaStore.audit: ugi=alex	ip=unknown-ip-addr	cmd=get_table_statistics_req: table=hive.default.nonacidorctbl	
2024-04-24T06:28:02,569  WARN [main] calcite.RelOptHiveTable: No Stats for default@nonacidorctbl, Columns: a
No Stats for default@nonacidorctbl, Columns: a
2024-04-24T06:28:02,569  INFO [main] SessionState: No Stats for default@nonacidorctbl, Columns: a
2024-04-24T06:28:02,768  INFO [main] parse.MergeSemanticAnalyzer: Get metadata for source tables
2024-04-24T06:28:02,768  INFO [main] parse.MergeSemanticAnalyzer: Get metadata for subqueries
2024-04-24T06:28:02,768  INFO [main] parse.MergeSemanticAnalyzer: Get metadata for source tables
2024-04-24T06:28:02,768  INFO [main] parse.MergeSemanticAnalyzer: Get metadata for subqueries
2024-04-24T06:28:02,768  INFO [main] parse.MergeSemanticAnalyzer: Get metadata for source tables
2024-04-24T06:28:02,768  INFO [main] parse.MergeSemanticAnalyzer: Get metadata for subqueries
2024-04-24T06:28:02,768  INFO [main] parse.MergeSemanticAnalyzer: Get metadata for destination tables
2024-04-24T06:28:02,768  INFO [main] parse.MergeSemanticAnalyzer: Get metadata for source tables
2024-04-24T06:28:02,768  INFO [main] parse.MergeSemanticAnalyzer: Get metadata for subqueries
2024-04-24T06:28:02,768  INFO [main] parse.MergeSemanticAnalyzer: Get metadata for destination tables
2024-04-24T06:28:02,768  INFO [main] parse.MergeSemanticAnalyzer: Get metadata for destination tables
2024-04-24T06:28:02,768  INFO [main] parse.MergeSemanticAnalyzer: Get metadata for destination tables
2024-04-24T06:28:02,776 ERROR [main] parse.MergeSemanticAnalyzer: CBO failed, skipping CBO. 
org.apache.hadoop.hive.ql.exec.NoMatchingMethodException: No matching method for class org.apache.hadoop.hive.ql.udf.UDFToInteger with (struct<writeid:bigint,bucketid:int,rowid:bigint>). Possible choices: _FUNC_(bigint)  _FUNC_(boolean)  _FUNC_(decimal(38,18))  _FUNC_(double)  _FUNC_(float)  _FUNC_(smallint)  _FUNC_(string)  _FUNC_(struct<writeid:int,bucketid:bigint,rowid:bigint>)  _FUNC_(timestamp)  _FUNC_(tinyint)  _FUNC_(void)  
	at org.apache.hadoop.hive.ql.exec.MethodUtils.getMethodInternal(MethodUtils.java:130) ~[classes/:?]
	at org.apache.hadoop.hive.ql.exec.MethodUtils.getMethodInternal(MethodUtils.java:60) ~[classes/:?]
	at org.apache.hadoop.hive.ql.exec.DefaultUDFMethodResolver.getEvalMethod(DefaultUDFMethodResolver.java:59) ~[classes/:?]
	at org.apache.hadoop.hive.ql.udf.TimestampCastRestrictorResolver.getEvalMethod(TimestampCastRestrictorResolver.java:68) ~[classes/:?]
	at org.apache.hadoop.hive.ql.udf.generic.GenericUDFBridge.initialize(GenericUDFBridge.java:168) ~[classes/:?]
	at org.apache.hadoop.hive.ql.udf.generic.GenericUDF.initializeAndFoldConstants(GenericUDF.java:149) ~[classes/:?]
	at org.apache.hadoop.hive.ql.plan.ExprNodeGenericFuncDesc.newInstance(ExprNodeGenericFuncDesc.java:235) ~[classes/:?]
	at org.apache.hadoop.hive.ql.parse.type.ExprNodeDescExprFactory.createFuncCallExpr(ExprNodeDescExprFactory.java:584) ~[classes/:?]
	at org.apache.hadoop.hive.ql.parse.type.ExprNodeDescExprFactory.createFuncCallExpr(ExprNodeDescExprFactory.java:97) ~[classes/:?]
	at org.apache.hadoop.hive.ql.parse.type.TypeCheckProcFactory$DefaultExprProcessor.getFuncExprNodeDescWithUdfData(TypeCheckProcFactory.java:762) ~[classes/:?]
	at org.apache.hadoop.hive.ql.parse.type.TypeCheckProcFactory$DefaultExprProcessor.createConversionCast(TypeCheckProcFactory.java:783) ~[classes/:?]
	at org.apache.hadoop.hive.ql.parse.SemanticAnalyzer.getPartitionColsFromBucketColsForUpdateDelete(SemanticAnalyzer.java:8725) ~[classes/:?]
	at org.apache.hadoop.hive.ql.parse.SemanticAnalyzer.genBucketingSortingDest(SemanticAnalyzer.java:6906) ~[classes/:?]
	at org.apache.hadoop.hive.ql.parse.SemanticAnalyzer.genFileSinkPlan(SemanticAnalyzer.java:7335) ~[classes/:?]
	at org.apache.hadoop.hive.ql.parse.SemanticAnalyzer.genPostGroupByBodyPlan(SemanticAnalyzer.java:11063) ~[classes/:?]
	at org.apache.hadoop.hive.ql.parse.SemanticAnalyzer.genBodyPlan(SemanticAnalyzer.java:10938) ~[classes/:?]
	at org.apache.hadoop.hive.ql.parse.SemanticAnalyzer.genPlan(SemanticAnalyzer.java:11853) ~[classes/:?]
	at org.apache.hadoop.hive.ql.parse.SemanticAnalyzer.genPlan(SemanticAnalyzer.java:11723) ~[classes/:?]
	at org.apache.hadoop.hive.ql.parse.CalcitePlanner.genOPTree(CalcitePlanner.java:626) ~[classes/:?]
	at org.apache.hadoop.hive.ql.parse.SemanticAnalyzer.analyzeInternal(SemanticAnalyzer.java:12558) ~[classes/:?]
	at org.apache.hadoop.hive.ql.parse.CalcitePlanner.analyzeInternal(CalcitePlanner.java:456) ~[classes/:?]
	at org.apache.hadoop.hive.ql.parse.RewriteSemanticAnalyzer.analyzeInternal(RewriteSemanticAnalyzer.java:67) ~[classes/:?]
	at org.apache.hadoop.hive.ql.parse.BaseSemanticAnalyzer.analyze(BaseSemanticAnalyzer.java:317) ~[classes/:?]
	at org.apache.hadoop.hive.ql.parse.MergeSemanticAnalyzer.analyzeMerge(MergeSemanticAnalyzer.java:317) ~[classes/:?]
	at org.apache.hadoop.hive.ql.parse.MergeSemanticAnalyzer.analyze(MergeSemanticAnalyzer.java:63) ~[classes/:?]
	at org.apache.hadoop.hive.ql.parse.RewriteSemanticAnalyzer.analyzeInternal(RewriteSemanticAnalyzer.java:72) ~[classes/:?]
	at org.apache.hadoop.hive.ql.parse.BaseSemanticAnalyzer.analyze(BaseSemanticAnalyzer.java:317) ~[classes/:?]
	at org.apache.hadoop.hive.ql.Compiler.analyze(Compiler.java:223) ~[classes/:?]
	at org.apache.hadoop.hive.ql.Compiler.compile(Compiler.java:105) ~[classes/:?]
	at org.apache.hadoop.hive.ql.Driver.compile(Driver.java:500) ~[classes/:?]
	at org.apache.hadoop.hive.ql.Driver.compileInternal(Driver.java:453) ~[classes/:?]
	at org.apache.hadoop.hive.ql.Driver.runInternal(Driver.java:181) ~[classes/:?]
	at org.apache.hadoop.hive.ql.Driver.run(Driver.java:153) ~[classes/:?]
	at org.apache.hadoop.hive.ql.Driver.run(Driver.java:140) ~[classes/:?]
	at org.apache.hadoop.hive.ql.TxnCommandsBaseForTests.runStatementOnDriver(TxnCommandsBaseForTests.java:245) ~[test-classes/:?]
	at org.apache.hadoop.hive.ql.TestTxnCommands.testMergeUpdateDeleteNoCardCheck(TestTxnCommands.java:1264) ~[test-classes/:?]
	at sun.reflect.NativeMethodAccessorImpl.invoke0(Native Method) ~[?:1.8.0_402]
	at sun.reflect.NativeMethodAccessorImpl.invoke(NativeMethodAccessorImpl.java:62) ~[?:1.8.0_402]
	at sun.reflect.DelegatingMethodAccessorImpl.invoke(DelegatingMethodAccessorImpl.java:43) ~[?:1.8.0_402]
	at java.lang.reflect.Method.invoke(Method.java:498) ~[?:1.8.0_402]
	at org.junit.runners.model.FrameworkMethod$1.runReflectiveCall(FrameworkMethod.java:59) ~[junit-4.13.jar:4.13]
	at org.junit.internal.runners.model.ReflectiveCallable.run(ReflectiveCallable.java:12) ~[junit-4.13.jar:4.13]
	at org.junit.runners.model.FrameworkMethod.invokeExplosively(FrameworkMethod.java:56) ~[junit-4.13.jar:4.13]
	at org.junit.internal.runners.statements.InvokeMethod.evaluate(InvokeMethod.java:17) ~[junit-4.13.jar:4.13]
	at org.junit.internal.runners.statements.RunBefores.evaluate(RunBefores.java:26) ~[junit-4.13.jar:4.13]
	at org.junit.internal.runners.statements.RunAfters.evaluate(RunAfters.java:27) ~[junit-4.13.jar:4.13]
	at org.junit.rules.TestWatcher$1.evaluate(TestWatcher.java:61) ~[junit-4.13.jar:4.13]
	at org.junit.runners.ParentRunner$3.evaluate(ParentRunner.java:306) ~[junit-4.13.jar:4.13]
	at org.junit.runners.BlockJUnit4ClassRunner$1.evaluate(BlockJUnit4ClassRunner.java:100) ~[junit-4.13.jar:4.13]
	at org.junit.runners.ParentRunner.runLeaf(ParentRunner.java:366) ~[junit-4.13.jar:4.13]
	at org.junit.runners.BlockJUnit4ClassRunner.runChild(BlockJUnit4ClassRunner.java:103) ~[junit-4.13.jar:4.13]
	at org.junit.runners.BlockJUnit4ClassRunner.runChild(BlockJUnit4ClassRunner.java:63) ~[junit-4.13.jar:4.13]
	at org.junit.runners.ParentRunner$4.run(ParentRunner.java:331) ~[junit-4.13.jar:4.13]
	at org.junit.runners.ParentRunner$1.schedule(ParentRunner.java:79) ~[junit-4.13.jar:4.13]
	at org.junit.runners.ParentRunner.runChildren(ParentRunner.java:329) ~[junit-4.13.jar:4.13]
	at org.junit.runners.ParentRunner.access$100(ParentRunner.java:66) ~[junit-4.13.jar:4.13]
	at org.junit.runners.ParentRunner$2.evaluate(ParentRunner.java:293) ~[junit-4.13.jar:4.13]
	at org.junit.runners.ParentRunner$3.evaluate(ParentRunner.java:306) ~[junit-4.13.jar:4.13]
	at org.junit.runners.ParentRunner.run(ParentRunner.java:413) ~[junit-4.13.jar:4.13]
	at org.junit.runner.JUnitCore.run(JUnitCore.java:137) ~[junit-4.13.jar:4.13]
	at org.junit.runner.JUnitCore.run(JUnitCore.java:115) ~[junit-4.13.jar:4.13]
	at org.junit.vintage.engine.execution.RunnerExecutor.execute(RunnerExecutor.java:43) ~[junit-vintage-engine-5.6.2.jar:5.6.2]
	at java.util.stream.ForEachOps$ForEachOp$OfRef.accept(ForEachOps.java:183) ~[?:1.8.0_402]
	at java.util.stream.ReferencePipeline$3$1.accept(ReferencePipeline.java:193) ~[?:1.8.0_402]
	at java.util.Iterator.forEachRemaining(Iterator.java:116) ~[?:1.8.0_402]
	at java.util.Spliterators$IteratorSpliterator.forEachRemaining(Spliterators.java:1801) ~[?:1.8.0_402]
	at java.util.stream.AbstractPipeline.copyInto(AbstractPipeline.java:482) ~[?:1.8.0_402]
	at java.util.stream.AbstractPipeline.wrapAndCopyInto(AbstractPipeline.java:472) ~[?:1.8.0_402]
	at java.util.stream.ForEachOps$ForEachOp.evaluateSequential(ForEachOps.java:150) ~[?:1.8.0_402]
	at java.util.stream.ForEachOps$ForEachOp$OfRef.evaluateSequential(ForEachOps.java:173) ~[?:1.8.0_402]
	at java.util.stream.AbstractPipeline.evaluate(AbstractPipeline.java:234) ~[?:1.8.0_402]
	at java.util.stream.ReferencePipeline.forEach(ReferencePipeline.java:485) ~[?:1.8.0_402]
	at org.junit.vintage.engine.VintageTestEngine.executeAllChildren(VintageTestEngine.java:82) ~[junit-vintage-engine-5.6.2.jar:5.6.2]
	at org.junit.vintage.engine.VintageTestEngine.execute(VintageTestEngine.java:73) ~[junit-vintage-engine-5.6.2.jar:5.6.2]
	at org.junit.platform.launcher.core.DefaultLauncher.execute(DefaultLauncher.java:248) ~[junit-platform-launcher-1.6.2.jar:1.6.2]
	at org.junit.platform.launcher.core.DefaultLauncher.lambda$execute$5(DefaultLauncher.java:211) ~[junit-platform-launcher-1.6.2.jar:1.6.2]
	at org.junit.platform.launcher.core.DefaultLauncher.withInterceptedStreams(DefaultLauncher.java:226) [junit-platform-launcher-1.6.2.jar:1.6.2]
	at org.junit.platform.launcher.core.DefaultLauncher.execute(DefaultLauncher.java:199) [junit-platform-launcher-1.6.2.jar:1.6.2]
	at org.junit.platform.launcher.core.DefaultLauncher.execute(DefaultLauncher.java:132) [junit-platform-launcher-1.6.2.jar:1.6.2]
	at org.apache.maven.surefire.junitplatform.JUnitPlatformProvider.invokeAllTests(JUnitPlatformProvider.java:154) [surefire-junit-platform-3.0.0-M4.jar:3.0.0-M4]
	at org.apache.maven.surefire.junitplatform.JUnitPlatformProvider.invoke(JUnitPlatformProvider.java:123) [surefire-junit-platform-3.0.0-M4.jar:3.0.0-M4]
	at org.apache.maven.surefire.booter.ForkedBooter.runSuitesInProcess(ForkedBooter.java:377) [surefire-booter-3.0.0-M4.jar:3.0.0-M4]
	at org.apache.maven.surefire.booter.ForkedBooter.execute(ForkedBooter.java:138) [surefire-booter-3.0.0-M4.jar:3.0.0-M4]
	at org.apache.maven.surefire.booter.ForkedBooter.run(ForkedBooter.java:465) [surefire-booter-3.0.0-M4.jar:3.0.0-M4]
	at org.apache.maven.surefire.booter.ForkedBooter.main(ForkedBooter.java:451) [surefire-booter-3.0.0-M4.jar:3.0.0-M4]
2024-04-24T06:28:02,777 ERROR [main] parse.MergeSemanticAnalyzer: CBO failed due to missing column stats (see previous errors), skipping CBO
2024-04-24T06:28:02,777  INFO [main] parse.MergeSemanticAnalyzer: Ending caching scope for: alex_20240424062759_a9eccc92-fe3c-4dbd-9b9f-e5f40cbac685
FAILED: NoMatchingMethodException No matching method for class org.apache.hadoop.hive.ql.udf.UDFToInteger with (struct<writeid:bigint,bucketid:int,rowid:bigint>). Possible choices: _FUNC_(bigint)  _FUNC_(boolean)  _FUNC_(decimal(38,18))  _FUNC_(double)  _FUNC_(float)  _FUNC_(smallint)  _FUNC_(string)  _FUNC_(struct<writeid:int,bucketid:bigint,rowid:bigint>)  _FUNC_(timestamp)  _FUNC_(tinyint)  _FUNC_(void)  
2024-04-24T06:28:02,777 ERROR [main] ql.Driver: FAILED: NoMatchingMethodException No matching method for class org.apache.hadoop.hive.ql.udf.UDFToInteger with (struct<writeid:bigint,bucketid:int,rowid:bigint>). Possible choices: _FUNC_(bigint)  _FUNC_(boolean)  _FUNC_(decimal(38,18))  _FUNC_(double)  _FUNC_(float)  _FUNC_(smallint)  _FUNC_(string)  _FUNC_(struct<writeid:int,bucketid:bigint,rowid:bigint>)  _FUNC_(timestamp)  _FUNC_(tinyint)  _FUNC_(void)  
org.apache.hadoop.hive.ql.exec.NoMatchingMethodException: No matching method for class org.apache.hadoop.hive.ql.udf.UDFToInteger with (struct<writeid:bigint,bucketid:int,rowid:bigint>). Possible choices: _FUNC_(bigint)  _FUNC_(boolean)  _FUNC_(decimal(38,18))  _FUNC_(double)  _FUNC_(float)  _FUNC_(smallint)  _FUNC_(string)  _FUNC_(struct<writeid:int,bucketid:bigint,rowid:bigint>)  _FUNC_(timestamp)  _FUNC_(tinyint)  _FUNC_(void)  
	at org.apache.hadoop.hive.ql.exec.MethodUtils.getMethodInternal(MethodUtils.java:130)
	at org.apache.hadoop.hive.ql.exec.MethodUtils.getMethodInternal(MethodUtils.java:60)
	at org.apache.hadoop.hive.ql.exec.DefaultUDFMethodResolver.getEvalMethod(DefaultUDFMethodResolver.java:59)
	at org.apache.hadoop.hive.ql.udf.TimestampCastRestrictorResolver.getEvalMethod(TimestampCastRestrictorResolver.java:68)
	at org.apache.hadoop.hive.ql.udf.generic.GenericUDFBridge.initialize(GenericUDFBridge.java:168)
	at org.apache.hadoop.hive.ql.udf.generic.GenericUDF.initializeAndFoldConstants(GenericUDF.java:149)
	at org.apache.hadoop.hive.ql.plan.ExprNodeGenericFuncDesc.newInstance(ExprNodeGenericFuncDesc.java:235)
	at org.apache.hadoop.hive.ql.parse.type.ExprNodeDescExprFactory.createFuncCallExpr(ExprNodeDescExprFactory.java:584)
	at org.apache.hadoop.hive.ql.parse.type.ExprNodeDescExprFactory.createFuncCallExpr(ExprNodeDescExprFactory.java:97)
	at org.apache.hadoop.hive.ql.parse.type.TypeCheckProcFactory$DefaultExprProcessor.getFuncExprNodeDescWithUdfData(TypeCheckProcFactory.java:762)
	at org.apache.hadoop.hive.ql.parse.type.TypeCheckProcFactory$DefaultExprProcessor.createConversionCast(TypeCheckProcFactory.java:783)
	at org.apache.hadoop.hive.ql.parse.SemanticAnalyzer.getPartitionColsFromBucketColsForUpdateDelete(SemanticAnalyzer.java:8725)
	at org.apache.hadoop.hive.ql.parse.SemanticAnalyzer.genBucketingSortingDest(SemanticAnalyzer.java:6906)
	at org.apache.hadoop.hive.ql.parse.SemanticAnalyzer.genFileSinkPlan(SemanticAnalyzer.java:7335)
	at org.apache.hadoop.hive.ql.parse.SemanticAnalyzer.genPostGroupByBodyPlan(SemanticAnalyzer.java:11063)
	at org.apache.hadoop.hive.ql.parse.SemanticAnalyzer.genBodyPlan(SemanticAnalyzer.java:10938)
	at org.apache.hadoop.hive.ql.parse.SemanticAnalyzer.genPlan(SemanticAnalyzer.java:11853)
	at org.apache.hadoop.hive.ql.parse.SemanticAnalyzer.genPlan(SemanticAnalyzer.java:11723)
	at org.apache.hadoop.hive.ql.parse.CalcitePlanner.genOPTree(CalcitePlanner.java:626)
	at org.apache.hadoop.hive.ql.parse.SemanticAnalyzer.analyzeInternal(SemanticAnalyzer.java:12558)
	at org.apache.hadoop.hive.ql.parse.CalcitePlanner.analyzeInternal(CalcitePlanner.java:456)
	at org.apache.hadoop.hive.ql.parse.RewriteSemanticAnalyzer.analyzeInternal(RewriteSemanticAnalyzer.java:67)
	at org.apache.hadoop.hive.ql.parse.BaseSemanticAnalyzer.analyze(BaseSemanticAnalyzer.java:317)
	at org.apache.hadoop.hive.ql.parse.MergeSemanticAnalyzer.analyzeMerge(MergeSemanticAnalyzer.java:317)
	at org.apache.hadoop.hive.ql.parse.MergeSemanticAnalyzer.analyze(MergeSemanticAnalyzer.java:63)
	at org.apache.hadoop.hive.ql.parse.RewriteSemanticAnalyzer.analyzeInternal(RewriteSemanticAnalyzer.java:72)
	at org.apache.hadoop.hive.ql.parse.BaseSemanticAnalyzer.analyze(BaseSemanticAnalyzer.java:317)
	at org.apache.hadoop.hive.ql.Compiler.analyze(Compiler.java:223)
	at org.apache.hadoop.hive.ql.Compiler.compile(Compiler.java:105)
	at org.apache.hadoop.hive.ql.Driver.compile(Driver.java:500)
	at org.apache.hadoop.hive.ql.Driver.compileInternal(Driver.java:453)
	at org.apache.hadoop.hive.ql.Driver.runInternal(Driver.java:181)
	at org.apache.hadoop.hive.ql.Driver.run(Driver.java:153)
	at org.apache.hadoop.hive.ql.Driver.run(Driver.java:140)
	at org.apache.hadoop.hive.ql.TxnCommandsBaseForTests.runStatementOnDriver(TxnCommandsBaseForTests.java:245)
	at org.apache.hadoop.hive.ql.TestTxnCommands.testMergeUpdateDeleteNoCardCheck(TestTxnCommands.java:1264)
	at sun.reflect.NativeMethodAccessorImpl.invoke0(Native Method)
	at sun.reflect.NativeMethodAccessorImpl.invoke(NativeMethodAccessorImpl.java:62)
	at sun.reflect.DelegatingMethodAccessorImpl.invoke(DelegatingMethodAccessorImpl.java:43)
	at java.lang.reflect.Method.invoke(Method.java:498)
	at org.junit.runners.model.FrameworkMethod$1.runReflectiveCall(FrameworkMethod.java:59)
	at org.junit.internal.runners.model.ReflectiveCallable.run(ReflectiveCallable.java:12)
	at org.junit.runners.model.FrameworkMethod.invokeExplosively(FrameworkMethod.java:56)
	at org.junit.internal.runners.statements.InvokeMethod.evaluate(InvokeMethod.java:17)
	at org.junit.internal.runners.statements.RunBefores.evaluate(RunBefores.java:26)
	at org.junit.internal.runners.statements.RunAfters.evaluate(RunAfters.java:27)
	at org.junit.rules.TestWatcher$1.evaluate(TestWatcher.java:61)
	at org.junit.runners.ParentRunner$3.evaluate(ParentRunner.java:306)
	at org.junit.runners.BlockJUnit4ClassRunner$1.evaluate(BlockJUnit4ClassRunner.java:100)
	at org.junit.runners.ParentRunner.runLeaf(ParentRunner.java:366)
	at org.junit.runners.BlockJUnit4ClassRunner.runChild(BlockJUnit4ClassRunner.java:103)
	at org.junit.runners.BlockJUnit4ClassRunner.runChild(BlockJUnit4ClassRunner.java:63)
	at org.junit.runners.ParentRunner$4.run(ParentRunner.java:331)
	at org.junit.runners.ParentRunner$1.schedule(ParentRunner.java:79)
	at org.junit.runners.ParentRunner.runChildren(ParentRunner.java:329)
	at org.junit.runners.ParentRunner.access$100(ParentRunner.java:66)
	at org.junit.runners.ParentRunner$2.evaluate(ParentRunner.java:293)
	at org.junit.runners.ParentRunner$3.evaluate(ParentRunner.java:306)
	at org.junit.runners.ParentRunner.run(ParentRunner.java:413)
	at org.junit.runner.JUnitCore.run(JUnitCore.java:137)
	at org.junit.runner.JUnitCore.run(JUnitCore.java:115)
	at org.junit.vintage.engine.execution.RunnerExecutor.execute(RunnerExecutor.java:43)
	at java.util.stream.ForEachOps$ForEachOp$OfRef.accept(ForEachOps.java:183)
	at java.util.stream.ReferencePipeline$3$1.accept(ReferencePipeline.java:193)
	at java.util.Iterator.forEachRemaining(Iterator.java:116)
	at java.util.Spliterators$IteratorSpliterator.forEachRemaining(Spliterators.java:1801)
	at java.util.stream.AbstractPipeline.copyInto(AbstractPipeline.java:482)
	at java.util.stream.AbstractPipeline.wrapAndCopyInto(AbstractPipeline.java:472)
	at java.util.stream.ForEachOps$ForEachOp.evaluateSequential(ForEachOps.java:150)
	at java.util.stream.ForEachOps$ForEachOp$OfRef.evaluateSequential(ForEachOps.java:173)
	at java.util.stream.AbstractPipeline.evaluate(AbstractPipeline.java:234)
	at java.util.stream.ReferencePipeline.forEach(ReferencePipeline.java:485)
	at org.junit.vintage.engine.VintageTestEngine.executeAllChildren(VintageTestEngine.java:82)
	at org.junit.vintage.engine.VintageTestEngine.execute(VintageTestEngine.java:73)
	at org.junit.platform.launcher.core.DefaultLauncher.execute(DefaultLauncher.java:248)
	at org.junit.platform.launcher.core.DefaultLauncher.lambda$execute$5(DefaultLauncher.java:211)
	at org.junit.platform.launcher.core.DefaultLauncher.withInterceptedStreams(DefaultLauncher.java:226)
	at org.junit.platform.launcher.core.DefaultLauncher.execute(DefaultLauncher.java:199)
	at org.junit.platform.launcher.core.DefaultLauncher.execute(DefaultLauncher.java:132)
	at org.apache.maven.surefire.junitplatform.JUnitPlatformProvider.invokeAllTests(JUnitPlatformProvider.java:154)
	at org.apache.maven.surefire.junitplatform.JUnitPlatformProvider.invoke(JUnitPlatformProvider.java:123)
	at org.apache.maven.surefire.booter.ForkedBooter.runSuitesInProcess(ForkedBooter.java:377)
	at org.apache.maven.surefire.booter.ForkedBooter.execute(ForkedBooter.java:138)
	at org.apache.maven.surefire.booter.ForkedBooter.run(ForkedBooter.java:465)
	at org.apache.maven.surefire.booter.ForkedBooter.main(ForkedBooter.java:451)

2024-04-24T06:28:02,778  INFO [main] metadata.Hive: Dumping metastore api call timing information for : compilation phase
2024-04-24T06:28:02,778  INFO [main] metadata.Hive: Total time spent in each metastore function (ms): {getTableColumnStatistics_(String, String, List, String)=76, getTable_(GetTableRequest)=25, getAllTableConstraints_(AllTableConstraintsRequest)=12, getValidTxns_(long)=0, getValidWriteIds_(List, String)=3, commitTxn_(CommitTxnRequest)=9, isCompatibleWith_(Configuration)=1, flushCache_()=0, openTxn_(String, TxnType)=2}
2024-04-24T06:28:02,778  INFO [main] ql.Driver: Completed compiling command(queryId=alex_20240424062759_a9eccc92-fe3c-4dbd-9b9f-e5f40cbac685); Time taken: 0.382 seconds
2024-04-24T06:28:02,778  INFO [main] lockmgr.DbTxnManager: Stopped heartbeat for query: alex_20240424062759_a9eccc92-fe3c-4dbd-9b9f-e5f40cbac685
2024-04-24T06:28:02,781  INFO [main] txn.TxnHandler: Removed transactions: ([15]) from MIN_HISTORY_LEVEL
2024-04-24T06:28:02,788  INFO [main] ql.TxnCommandsBaseForTests: Running the query: drop table if exists acidTbl
2024-04-24T06:28:02,788  INFO [main] ql.Context: Deleting scratch dir: file:/home/alex/Repositories/hive/ql/target/tmp/localscratchdir/f1be7076-804f-4e51-bd54-0daefb351282/hive_2024-04-24_06-28-02_409_665929041664075127-1
2024-04-24T06:28:02,788  INFO [main] ql.Driver: Compiling command(queryId=alex_20240424062759_a9eccc92-fe3c-4dbd-9b9f-e5f40cbac685): drop table if exists acidTbl
2024-04-24T06:28:02,791  INFO [main] txn.TxnHandler: Added entries to MIN_HISTORY_LEVEL for current txns: ([16]) with min_open_txn: 15
2024-04-24T06:28:02,791  INFO [main] lockmgr.DbTxnManager: Opened txnid:16
2024-04-24T06:28:02,791  INFO [main] HiveMetaStore.audit: ugi=alex	ip=unknown-ip-addr	cmd=get_table : tbl=hive.default.acidTbl	
2024-04-24T06:28:02,797  INFO [main] metastore.HMSHandler: Skipping translation for processor with null
2024-04-24T06:28:02,797  INFO [main] ql.Driver: Semantic Analysis Completed (retrial = false)
2024-04-24T06:28:02,797  INFO [main] ql.Driver: Created Hive schema: Schema(fieldSchemas:null, properties:null)
2024-04-24T06:28:02,797  INFO [main] metadata.Hive: Dumping metastore api call timing information for : compilation phase
2024-04-24T06:28:02,798  INFO [main] metadata.Hive: Total time spent in each metastore function (ms): {rollbackTxn_(long)=10, getValidTxns_(long)=0, openTxn_(String, TxnType)=2, getTable_(GetTableRequest)=6, flushCache_()=1, isCompatibleWith_(Configuration)=0}
2024-04-24T06:28:02,798  INFO [main] ql.Driver: Completed compiling command(queryId=alex_20240424062759_a9eccc92-fe3c-4dbd-9b9f-e5f40cbac685); Time taken: 0.009 seconds
2024-04-24T06:28:02,798  INFO [main] lockmgr.DbTxnManager: Setting lock request transaction to txnid:16 for queryId=alex_20240424062759_a9eccc92-fe3c-4dbd-9b9f-e5f40cbac685
2024-04-24T06:28:02,798  INFO [main] lockmgr.DbLockManager: Requesting lock for queryId=alex_20240424062759_a9eccc92-fe3c-4dbd-9b9f-e5f40cbac685
2024-04-24T06:28:02,811  INFO [main] lockmgr.DbLockManager: Response to queryId=alex_20240424062759_a9eccc92-fe3c-4dbd-9b9f-e5f40cbac685 LockResponse(lockid:9, state:ACQUIRED)
2024-04-24T06:28:02,812  INFO [main] ql.Driver: Operation DROPTABLE obtained 1 locks
2024-04-24T06:28:02,812  INFO [main] ql.Driver: Executing command(queryId=alex_20240424062759_a9eccc92-fe3c-4dbd-9b9f-e5f40cbac685): drop table if exists acidTbl
2024-04-24T06:28:02,812  INFO [main] ql.Driver: Starting task [Stage-0:DDL] in serial mode
2024-04-24T06:28:02,812  INFO [main] HiveMetaStore.audit: ugi=alex	ip=unknown-ip-addr	cmd=get_table : tbl=hive.default.acidTbl	
2024-04-24T06:28:02,818  INFO [main] metastore.HMSHandler: Skipping translation for processor with null
2024-04-24T06:28:02,818  INFO [main] HiveMetaStore.audit: ugi=alex	ip=unknown-ip-addr	cmd=get_table : tbl=hive.default.acidTbl	
2024-04-24T06:28:02,824  INFO [main] metastore.HMSHandler: Skipping translation for processor with null
2024-04-24T06:28:02,824  INFO [main] HiveMetaStore.audit: ugi=alex	ip=unknown-ip-addr	cmd=drop_table : tbl=hive.default.acidTbl	
2024-04-24T06:28:02,924  INFO [main] metadata.Hive: Dumping metastore api call timing information for : execution phase
2024-04-24T06:28:02,924  INFO [main] metadata.Hive: Total time spent in each metastore function (ms): {isCompatibleWith_(Configuration)=0, dropTable_(String, String, boolean, boolean, boolean)=106, getTable_(GetTableRequest)=6}
2024-04-24T06:28:02,925  INFO [main] ql.Driver: Completed executing command(queryId=alex_20240424062759_a9eccc92-fe3c-4dbd-9b9f-e5f40cbac685); Time taken: 0.112 seconds
2024-04-24T06:28:02,925  INFO [main] lockmgr.DbTxnManager: Stopped heartbeat for query: alex_20240424062759_a9eccc92-fe3c-4dbd-9b9f-e5f40cbac685
2024-04-24T06:28:02,929  INFO [main] txn.TxnHandler: Expected to move at least one record from txn_components to completed_txn_components when committing txn! txnid:16
2024-04-24T06:28:02,935  INFO [main] txn.TxnHandler: Removed transactions: ([16]) from MIN_HISTORY_LEVEL
2024-04-24T06:28:02,937  WARN [main] txn.CompactionTxnHandler: No compaction queue record found for Compaction type transaction commit. txnId:16
2024-04-24T06:28:02,937  INFO [main] ql.TxnCommandsBaseForTests: Running the query: drop table if exists acidTblPart
2024-04-24T06:28:02,938  INFO [main] ql.Driver: Compiling command(queryId=alex_20240424062759_a9eccc92-fe3c-4dbd-9b9f-e5f40cbac685): drop table if exists acidTblPart
2024-04-24T06:28:02,947  INFO [main] txn.TxnHandler: Added entries to MIN_HISTORY_LEVEL for current txns: ([17]) with min_open_txn: 15
2024-04-24T06:28:02,947  INFO [main] lockmgr.DbTxnManager: Opened txnid:17
2024-04-24T06:28:02,949  INFO [main] HiveMetaStore.audit: ugi=alex	ip=unknown-ip-addr	cmd=get_table : tbl=hive.default.acidTblPart	
2024-04-24T06:28:02,962  INFO [main] metastore.HMSHandler: Skipping translation for processor with null
2024-04-24T06:28:02,962  INFO [main] ql.Driver: Semantic Analysis Completed (retrial = false)
2024-04-24T06:28:02,962  INFO [main] ql.Driver: Created Hive schema: Schema(fieldSchemas:null, properties:null)
2024-04-24T06:28:02,962  INFO [main] metadata.Hive: Dumping metastore api call timing information for : compilation phase
2024-04-24T06:28:02,962  INFO [main] metadata.Hive: Total time spent in each metastore function (ms): {flushCache_()=0, getTable_(GetTableRequest)=13, isCompatibleWith_(Configuration)=0, commitTxn_(CommitTxnRequest)=12, getValidTxns_(long)=2, openTxn_(String, TxnType)=9}
2024-04-24T06:28:02,962  INFO [main] ql.Driver: Completed compiling command(queryId=alex_20240424062759_a9eccc92-fe3c-4dbd-9b9f-e5f40cbac685); Time taken: 0.024 seconds
2024-04-24T06:28:02,963  INFO [main] lockmgr.DbTxnManager: Setting lock request transaction to txnid:17 for queryId=alex_20240424062759_a9eccc92-fe3c-4dbd-9b9f-e5f40cbac685
2024-04-24T06:28:02,963  INFO [main] lockmgr.DbLockManager: Requesting lock for queryId=alex_20240424062759_a9eccc92-fe3c-4dbd-9b9f-e5f40cbac685
2024-04-24T06:28:02,983  INFO [main] lockmgr.DbLockManager: Response to queryId=alex_20240424062759_a9eccc92-fe3c-4dbd-9b9f-e5f40cbac685 LockResponse(lockid:10, state:ACQUIRED)
2024-04-24T06:28:02,983  INFO [main] ql.Driver: Operation DROPTABLE obtained 1 locks
2024-04-24T06:28:02,983  INFO [main] ql.Driver: Executing command(queryId=alex_20240424062759_a9eccc92-fe3c-4dbd-9b9f-e5f40cbac685): drop table if exists acidTblPart
2024-04-24T06:28:02,983  INFO [main] ql.Driver: Starting task [Stage-0:DDL] in serial mode
2024-04-24T06:28:02,983  INFO [main] HiveMetaStore.audit: ugi=alex	ip=unknown-ip-addr	cmd=get_table : tbl=hive.default.acidTblPart	
2024-04-24T06:28:02,990  INFO [main] metastore.HMSHandler: Skipping translation for processor with null
2024-04-24T06:28:02,990  INFO [main] HiveMetaStore.audit: ugi=alex	ip=unknown-ip-addr	cmd=get_table : tbl=hive.default.acidTblPart	
2024-04-24T06:28:02,997  INFO [main] metastore.HMSHandler: Skipping translation for processor with null
2024-04-24T06:28:02,997  INFO [main] HiveMetaStore.audit: ugi=alex	ip=unknown-ip-addr	cmd=drop_table : tbl=hive.default.acidTblPart	
2024-04-24T06:28:03,037  INFO [main] metadata.Hive: Dumping metastore api call timing information for : execution phase
2024-04-24T06:28:03,038  INFO [main] metadata.Hive: Total time spent in each metastore function (ms): {dropTable_(String, String, boolean, boolean, boolean)=47, getTable_(GetTableRequest)=7, isCompatibleWith_(Configuration)=0}
2024-04-24T06:28:03,038  INFO [main] ql.Driver: Completed executing command(queryId=alex_20240424062759_a9eccc92-fe3c-4dbd-9b9f-e5f40cbac685); Time taken: 0.054 seconds
2024-04-24T06:28:03,038  INFO [main] lockmgr.DbTxnManager: Stopped heartbeat for query: alex_20240424062759_a9eccc92-fe3c-4dbd-9b9f-e5f40cbac685
2024-04-24T06:28:03,042  INFO [main] txn.TxnHandler: Expected to move at least one record from txn_components to completed_txn_components when committing txn! txnid:17
2024-04-24T06:28:03,048  INFO [main] txn.TxnHandler: Removed transactions: ([17]) from MIN_HISTORY_LEVEL
2024-04-24T06:28:03,048  WARN [main] txn.CompactionTxnHandler: No compaction queue record found for Compaction type transaction commit. txnId:17
2024-04-24T06:28:03,048  INFO [main] ql.TxnCommandsBaseForTests: Running the query: drop table if exists acidTbl2
2024-04-24T06:28:03,049  INFO [main] ql.Driver: Compiling command(queryId=alex_20240424062759_a9eccc92-fe3c-4dbd-9b9f-e5f40cbac685): drop table if exists acidTbl2
2024-04-24T06:28:03,051  INFO [main] txn.TxnHandler: Added entries to MIN_HISTORY_LEVEL for current txns: ([18]) with min_open_txn: 15
2024-04-24T06:28:03,051  INFO [main] lockmgr.DbTxnManager: Opened txnid:18
2024-04-24T06:28:03,052  INFO [main] ql.Driver: Semantic Analysis Completed (retrial = false)
2024-04-24T06:28:03,052  INFO [main] ql.Driver: Created Hive schema: Schema(fieldSchemas:null, properties:null)
2024-04-24T06:28:03,052  INFO [main] metadata.Hive: Dumping metastore api call timing information for : compilation phase
2024-04-24T06:28:03,052  INFO [main] metadata.Hive: Total time spent in each metastore function (ms): {getValidTxns_(long)=1, flushCache_()=0, isCompatibleWith_(Configuration)=0, getTable_(GetTableRequest)=0, commitTxn_(CommitTxnRequest)=10, openTxn_(String, TxnType)=2}
2024-04-24T06:28:03,052  INFO [main] ql.Driver: Completed compiling command(queryId=alex_20240424062759_a9eccc92-fe3c-4dbd-9b9f-e5f40cbac685); Time taken: 0.003 seconds
2024-04-24T06:28:03,053  INFO [main] lockmgr.DbTxnManager: Setting lock request transaction to txnid:18 for queryId=alex_20240424062759_a9eccc92-fe3c-4dbd-9b9f-e5f40cbac685
2024-04-24T06:28:03,053  INFO [main] ql.Driver: Operation DROPTABLE obtained 0 locks
2024-04-24T06:28:03,053  INFO [main] ql.Driver: Executing command(queryId=alex_20240424062759_a9eccc92-fe3c-4dbd-9b9f-e5f40cbac685): drop table if exists acidTbl2
2024-04-24T06:28:03,053  INFO [main] ql.Driver: Starting task [Stage-0:DDL] in serial mode
2024-04-24T06:28:03,053  INFO [main] metadata.SessionHiveMetaStoreClient: Column stats doesn't exist for db=default temp table=acidTbl2
2024-04-24T06:28:03,054  INFO [main] metadata.Hive: Dumping metastore api call timing information for : execution phase
2024-04-24T06:28:03,054  INFO [main] metadata.Hive: Total time spent in each metastore function (ms): {dropTable_(String, String, boolean, boolean, boolean)=1, getTable_(GetTableRequest)=0, isCompatibleWith_(Configuration)=0}
2024-04-24T06:28:03,054  INFO [main] ql.Driver: Completed executing command(queryId=alex_20240424062759_a9eccc92-fe3c-4dbd-9b9f-e5f40cbac685); Time taken: 0.001 seconds
2024-04-24T06:28:03,054  INFO [main] lockmgr.DbTxnManager: Stopped heartbeat for query: alex_20240424062759_a9eccc92-fe3c-4dbd-9b9f-e5f40cbac685
2024-04-24T06:28:03,059  INFO [main] txn.TxnHandler: Expected to move at least one record from txn_components to completed_txn_components when committing txn! txnid:18
2024-04-24T06:28:03,065  INFO [main] txn.TxnHandler: Removed transactions: ([18]) from MIN_HISTORY_LEVEL
2024-04-24T06:28:03,065  WARN [main] txn.CompactionTxnHandler: No compaction queue record found for Compaction type transaction commit. txnId:18
2024-04-24T06:28:03,065  INFO [main] ql.TxnCommandsBaseForTests: Running the query: drop table if exists nonAcidOrcTbl
2024-04-24T06:28:03,066  INFO [main] ql.Driver: Compiling command(queryId=alex_20240424062759_a9eccc92-fe3c-4dbd-9b9f-e5f40cbac685): drop table if exists nonAcidOrcTbl
2024-04-24T06:28:03,068  INFO [main] txn.TxnHandler: Added entries to MIN_HISTORY_LEVEL for current txns: ([19]) with min_open_txn: 15
2024-04-24T06:28:03,068  INFO [main] lockmgr.DbTxnManager: Opened txnid:19
2024-04-24T06:28:03,069  INFO [main] HiveMetaStore.audit: ugi=alex	ip=unknown-ip-addr	cmd=get_table : tbl=hive.default.nonAcidOrcTbl	
2024-04-24T06:28:03,090  INFO [main] metastore.HMSHandler: Skipping translation for processor with null
2024-04-24T06:28:03,090  INFO [main] ql.Driver: Semantic Analysis Completed (retrial = false)
2024-04-24T06:28:03,090  INFO [main] ql.Driver: Created Hive schema: Schema(fieldSchemas:null, properties:null)
2024-04-24T06:28:03,090  INFO [main] metadata.Hive: Dumping metastore api call timing information for : compilation phase
2024-04-24T06:28:03,090  INFO [main] metadata.Hive: Total time spent in each metastore function (ms): {getValidTxns_(long)=1, getTable_(GetTableRequest)=21, openTxn_(String, TxnType)=2, commitTxn_(CommitTxnRequest)=11, isCompatibleWith_(Configuration)=0, flushCache_()=0}
2024-04-24T06:28:03,090  INFO [main] ql.Driver: Completed compiling command(queryId=alex_20240424062759_a9eccc92-fe3c-4dbd-9b9f-e5f40cbac685); Time taken: 0.024 seconds
2024-04-24T06:28:03,091  INFO [main] lockmgr.DbTxnManager: Setting lock request transaction to txnid:19 for queryId=alex_20240424062759_a9eccc92-fe3c-4dbd-9b9f-e5f40cbac685
2024-04-24T06:28:03,091  INFO [main] lockmgr.DbLockManager: Requesting lock for queryId=alex_20240424062759_a9eccc92-fe3c-4dbd-9b9f-e5f40cbac685
2024-04-24T06:28:03,105  INFO [main] lockmgr.DbLockManager: Response to queryId=alex_20240424062759_a9eccc92-fe3c-4dbd-9b9f-e5f40cbac685 LockResponse(lockid:11, state:ACQUIRED)
2024-04-24T06:28:03,105  INFO [main] ql.Driver: Operation DROPTABLE obtained 1 locks
2024-04-24T06:28:03,106  INFO [main] ql.Driver: Executing command(queryId=alex_20240424062759_a9eccc92-fe3c-4dbd-9b9f-e5f40cbac685): drop table if exists nonAcidOrcTbl
2024-04-24T06:28:03,106  INFO [main] ql.Driver: Starting task [Stage-0:DDL] in serial mode
2024-04-24T06:28:03,106  INFO [main] HiveMetaStore.audit: ugi=alex	ip=unknown-ip-addr	cmd=get_table : tbl=hive.default.nonAcidOrcTbl	
2024-04-24T06:28:03,123  INFO [main] metastore.HMSHandler: Skipping translation for processor with null
2024-04-24T06:28:03,124  INFO [main] HiveMetaStore.audit: ugi=alex	ip=unknown-ip-addr	cmd=get_table : tbl=hive.default.nonAcidOrcTbl	
2024-04-24T06:28:03,132  INFO [main] metastore.HMSHandler: Skipping translation for processor with null
2024-04-24T06:28:03,132  INFO [main] HiveMetaStore.audit: ugi=alex	ip=unknown-ip-addr	cmd=drop_table : tbl=hive.default.nonAcidOrcTbl	
2024-04-24T06:28:03,198  INFO [main] metadata.Hive: Dumping metastore api call timing information for : execution phase
2024-04-24T06:28:03,198  INFO [main] metadata.Hive: Total time spent in each metastore function (ms): {isCompatibleWith_(Configuration)=0, getTable_(GetTableRequest)=18, dropTable_(String, String, boolean, boolean, boolean)=74}
2024-04-24T06:28:03,198  INFO [main] ql.Driver: Completed executing command(queryId=alex_20240424062759_a9eccc92-fe3c-4dbd-9b9f-e5f40cbac685); Time taken: 0.092 seconds
2024-04-24T06:28:03,198  INFO [main] lockmgr.DbTxnManager: Stopped heartbeat for query: alex_20240424062759_a9eccc92-fe3c-4dbd-9b9f-e5f40cbac685
2024-04-24T06:28:03,202  INFO [main] txn.TxnHandler: Expected to move at least one record from txn_components to completed_txn_components when committing txn! txnid:19
2024-04-24T06:28:03,208  INFO [main] txn.TxnHandler: Removed transactions: ([19]) from MIN_HISTORY_LEVEL
2024-04-24T06:28:03,208  WARN [main] txn.CompactionTxnHandler: No compaction queue record found for Compaction type transaction commit. txnId:19
2024-04-24T06:28:03,209  INFO [main] ql.TxnCommandsBaseForTests: Running the query: drop table if exists nonAcidOrcTbl2
2024-04-24T06:28:03,209  INFO [main] ql.Driver: Compiling command(queryId=alex_20240424062759_a9eccc92-fe3c-4dbd-9b9f-e5f40cbac685): drop table if exists nonAcidOrcTbl2
2024-04-24T06:28:03,211  INFO [main] txn.TxnHandler: Added entries to MIN_HISTORY_LEVEL for current txns: ([20]) with min_open_txn: 15
2024-04-24T06:28:03,211  INFO [main] lockmgr.DbTxnManager: Opened txnid:20
2024-04-24T06:28:03,212  INFO [main] HiveMetaStore.audit: ugi=alex	ip=unknown-ip-addr	cmd=get_table : tbl=hive.default.nonAcidOrcTbl2	
2024-04-24T06:28:03,220  INFO [main] metastore.HMSHandler: Skipping translation for processor with null
2024-04-24T06:28:03,220  INFO [main] ql.Driver: Semantic Analysis Completed (retrial = false)
2024-04-24T06:28:03,220  INFO [main] ql.Driver: Created Hive schema: Schema(fieldSchemas:null, properties:null)
2024-04-24T06:28:03,220  INFO [main] metadata.Hive: Dumping metastore api call timing information for : compilation phase
2024-04-24T06:28:03,220  INFO [main] metadata.Hive: Total time spent in each metastore function (ms): {flushCache_()=0, commitTxn_(CommitTxnRequest)=10, openTxn_(String, TxnType)=2, getTable_(GetTableRequest)=8, isCompatibleWith_(Configuration)=0, getValidTxns_(long)=1}
2024-04-24T06:28:03,221  INFO [main] ql.Driver: Completed compiling command(queryId=alex_20240424062759_a9eccc92-fe3c-4dbd-9b9f-e5f40cbac685); Time taken: 0.011 seconds
2024-04-24T06:28:03,221  INFO [main] lockmgr.DbTxnManager: Setting lock request transaction to txnid:20 for queryId=alex_20240424062759_a9eccc92-fe3c-4dbd-9b9f-e5f40cbac685
2024-04-24T06:28:03,221  INFO [main] lockmgr.DbLockManager: Requesting lock for queryId=alex_20240424062759_a9eccc92-fe3c-4dbd-9b9f-e5f40cbac685
2024-04-24T06:28:03,236  INFO [main] lockmgr.DbLockManager: Response to queryId=alex_20240424062759_a9eccc92-fe3c-4dbd-9b9f-e5f40cbac685 LockResponse(lockid:12, state:ACQUIRED)
2024-04-24T06:28:03,236  INFO [main] ql.Driver: Operation DROPTABLE obtained 1 locks
2024-04-24T06:28:03,236  INFO [main] ql.Driver: Executing command(queryId=alex_20240424062759_a9eccc92-fe3c-4dbd-9b9f-e5f40cbac685): drop table if exists nonAcidOrcTbl2
2024-04-24T06:28:03,236  INFO [main] ql.Driver: Starting task [Stage-0:DDL] in serial mode
2024-04-24T06:28:03,236  INFO [main] HiveMetaStore.audit: ugi=alex	ip=unknown-ip-addr	cmd=get_table : tbl=hive.default.nonAcidOrcTbl2	
2024-04-24T06:28:03,245  INFO [main] metastore.HMSHandler: Skipping translation for processor with null
2024-04-24T06:28:03,245  INFO [main] HiveMetaStore.audit: ugi=alex	ip=unknown-ip-addr	cmd=get_table : tbl=hive.default.nonAcidOrcTbl2	
2024-04-24T06:28:03,253  INFO [main] metastore.HMSHandler: Skipping translation for processor with null
2024-04-24T06:28:03,253  INFO [main] HiveMetaStore.audit: ugi=alex	ip=unknown-ip-addr	cmd=drop_table : tbl=hive.default.nonAcidOrcTbl2	
2024-04-24T06:28:03,284  INFO [main] metadata.Hive: Dumping metastore api call timing information for : execution phase
2024-04-24T06:28:03,285  INFO [main] metadata.Hive: Total time spent in each metastore function (ms): {dropTable_(String, String, boolean, boolean, boolean)=39, isCompatibleWith_(Configuration)=0, getTable_(GetTableRequest)=9}
2024-04-24T06:28:03,285  INFO [main] ql.Driver: Completed executing command(queryId=alex_20240424062759_a9eccc92-fe3c-4dbd-9b9f-e5f40cbac685); Time taken: 0.048 seconds
2024-04-24T06:28:03,285  INFO [main] lockmgr.DbTxnManager: Stopped heartbeat for query: alex_20240424062759_a9eccc92-fe3c-4dbd-9b9f-e5f40cbac685
2024-04-24T06:28:03,289  INFO [main] txn.TxnHandler: Expected to move at least one record from txn_components to completed_txn_components when committing txn! txnid:20
2024-04-24T06:28:03,294  INFO [main] txn.TxnHandler: Removed transactions: ([20]) from MIN_HISTORY_LEVEL
2024-04-24T06:28:03,294  WARN [main] txn.CompactionTxnHandler: No compaction queue record found for Compaction type transaction commit. txnId:20
2024-04-24T06:28:03,295  INFO [main] ql.TxnCommandsBaseForTests: Running the query: drop table if exists nonAcidNonBucket
2024-04-24T06:28:03,295  INFO [main] ql.Driver: Compiling command(queryId=alex_20240424062759_a9eccc92-fe3c-4dbd-9b9f-e5f40cbac685): drop table if exists nonAcidNonBucket
2024-04-24T06:28:03,297  INFO [main] txn.TxnHandler: Added entries to MIN_HISTORY_LEVEL for current txns: ([21]) with min_open_txn: 15
2024-04-24T06:28:03,298  INFO [main] lockmgr.DbTxnManager: Opened txnid:21
2024-04-24T06:28:03,298  INFO [main] HiveMetaStore.audit: ugi=alex	ip=unknown-ip-addr	cmd=get_table : tbl=hive.default.nonAcidNonBucket	
2024-04-24T06:28:03,307  INFO [main] metastore.HMSHandler: Skipping translation for processor with null
2024-04-24T06:28:03,307  INFO [main] ql.Driver: Semantic Analysis Completed (retrial = false)
2024-04-24T06:28:03,307  INFO [main] ql.Driver: Created Hive schema: Schema(fieldSchemas:null, properties:null)
2024-04-24T06:28:03,307  INFO [main] metadata.Hive: Dumping metastore api call timing information for : compilation phase
2024-04-24T06:28:03,307  INFO [main] metadata.Hive: Total time spent in each metastore function (ms): {isCompatibleWith_(Configuration)=0, getValidTxns_(long)=0, getTable_(GetTableRequest)=9, openTxn_(String, TxnType)=2, flushCache_()=0, commitTxn_(CommitTxnRequest)=10}
2024-04-24T06:28:03,307  INFO [main] ql.Driver: Completed compiling command(queryId=alex_20240424062759_a9eccc92-fe3c-4dbd-9b9f-e5f40cbac685); Time taken: 0.012 seconds
2024-04-24T06:28:03,308  INFO [main] lockmgr.DbTxnManager: Setting lock request transaction to txnid:21 for queryId=alex_20240424062759_a9eccc92-fe3c-4dbd-9b9f-e5f40cbac685
2024-04-24T06:28:03,308  INFO [main] lockmgr.DbLockManager: Requesting lock for queryId=alex_20240424062759_a9eccc92-fe3c-4dbd-9b9f-e5f40cbac685
2024-04-24T06:28:03,322  INFO [main] lockmgr.DbLockManager: Response to queryId=alex_20240424062759_a9eccc92-fe3c-4dbd-9b9f-e5f40cbac685 LockResponse(lockid:13, state:ACQUIRED)
2024-04-24T06:28:03,323  INFO [main] ql.Driver: Operation DROPTABLE obtained 1 locks
2024-04-24T06:28:03,323  INFO [main] ql.Driver: Executing command(queryId=alex_20240424062759_a9eccc92-fe3c-4dbd-9b9f-e5f40cbac685): drop table if exists nonAcidNonBucket
2024-04-24T06:28:03,323  INFO [main] ql.Driver: Starting task [Stage-0:DDL] in serial mode
2024-04-24T06:28:03,323  INFO [main] HiveMetaStore.audit: ugi=alex	ip=unknown-ip-addr	cmd=get_table : tbl=hive.default.nonAcidNonBucket	
2024-04-24T06:28:03,332  INFO [main] metastore.HMSHandler: Skipping translation for processor with null
2024-04-24T06:28:03,332  INFO [main] HiveMetaStore.audit: ugi=alex	ip=unknown-ip-addr	cmd=get_table : tbl=hive.default.nonAcidNonBucket	
2024-04-24T06:28:03,340  INFO [main] metastore.HMSHandler: Skipping translation for processor with null
2024-04-24T06:28:03,340  INFO [main] HiveMetaStore.audit: ugi=alex	ip=unknown-ip-addr	cmd=drop_table : tbl=hive.default.nonAcidNonBucket	
2024-04-24T06:28:03,372  INFO [main] metadata.Hive: Dumping metastore api call timing information for : execution phase
2024-04-24T06:28:03,372  INFO [main] metadata.Hive: Total time spent in each metastore function (ms): {getTable_(GetTableRequest)=9, isCompatibleWith_(Configuration)=0, dropTable_(String, String, boolean, boolean, boolean)=39}
2024-04-24T06:28:03,372  INFO [main] ql.Driver: Completed executing command(queryId=alex_20240424062759_a9eccc92-fe3c-4dbd-9b9f-e5f40cbac685); Time taken: 0.049 seconds
2024-04-24T06:28:03,372  INFO [main] lockmgr.DbTxnManager: Stopped heartbeat for query: alex_20240424062759_a9eccc92-fe3c-4dbd-9b9f-e5f40cbac685
2024-04-24T06:28:03,376  INFO [main] txn.TxnHandler: Expected to move at least one record from txn_components to completed_txn_components when committing txn! txnid:21
2024-04-24T06:28:03,383  INFO [main] txn.TxnHandler: Removed transactions: ([21]) from MIN_HISTORY_LEVEL
2024-04-24T06:28:03,383  WARN [main] txn.CompactionTxnHandler: No compaction queue record found for Compaction type transaction commit. txnId:21
2024-04-24T06:28:03,383  INFO [main] utils.TestTxnDbUtil: Cleaning transactional tables
]]></system-err>
  </testcase>
  <testcase name="testNonAcidToAcidConversion01" classname="org.apache.hadoop.hive.ql.TestTxnCommands" time="14.716"/>
  <testcase name="testMoreBucketsThanReducers2" classname="org.apache.hadoop.hive.ql.TestTxnCommands" time="0">
    <skipped message="Moved to Tez"/>
  </testcase>
  <testcase name="testMergeDeleteUpdate" classname="org.apache.hadoop.hive.ql.TestTxnCommands" time="4.905">
    <error type="java.lang.RuntimeException"><![CDATA[java.lang.RuntimeException: merge into acidTbl as t using nonAcidOrcTbl s ON t.a = s.a WHEN MATCHED and s.a < 5 THEN DELETE WHEN MATCHED AND s.a < 3 THEN update set b = 0 WHEN NOT MATCHED THEN INSERT VALUES(s.a, s.b)  failed: (responseCode = 40000, errorMessage = FAILED: NoMatchingMethodException No matching method for class org.apache.hadoop.hive.ql.udf.UDFToInteger with (struct<writeid:bigint,bucketid:int,rowid:bigint>). Possible choices: _FUNC_(bigint)  _FUNC_(boolean)  _FUNC_(decimal(38,18))  _FUNC_(double)  _FUNC_(float)  _FUNC_(smallint)  _FUNC_(string)  _FUNC_(struct<writeid:int,bucketid:bigint,rowid:bigint>)  _FUNC_(timestamp)  _FUNC_(tinyint)  _FUNC_(void)  , hiveErrorCode = 40000, SQLState = 42000, exception = No matching method for class org.apache.hadoop.hive.ql.udf.UDFToInteger with (struct<writeid:bigint,bucketid:int,rowid:bigint>). Possible choices: _FUNC_(bigint)  _FUNC_(boolean)  _FUNC_(decimal(38,18))  _FUNC_(double)  _FUNC_(float)  _FUNC_(smallint)  _FUNC_(string)  _FUNC_(struct<writeid:int,bucketid:bigint,rowid:bigint>)  _FUNC_(timestamp)  _FUNC_(tinyint)  _FUNC_(void)  )
	at org.apache.hadoop.hive.ql.TxnCommandsBaseForTests.runStatementOnDriver(TxnCommandsBaseForTests.java:247)
	at org.apache.hadoop.hive.ql.TestTxnCommands.testMergeDeleteUpdate(TestTxnCommands.java:1281)
	at sun.reflect.NativeMethodAccessorImpl.invoke0(Native Method)
	at sun.reflect.NativeMethodAccessorImpl.invoke(NativeMethodAccessorImpl.java:62)
	at sun.reflect.DelegatingMethodAccessorImpl.invoke(DelegatingMethodAccessorImpl.java:43)
	at java.lang.reflect.Method.invoke(Method.java:498)
	at org.junit.runners.model.FrameworkMethod$1.runReflectiveCall(FrameworkMethod.java:59)
	at org.junit.internal.runners.model.ReflectiveCallable.run(ReflectiveCallable.java:12)
	at org.junit.runners.model.FrameworkMethod.invokeExplosively(FrameworkMethod.java:56)
	at org.junit.internal.runners.statements.InvokeMethod.evaluate(InvokeMethod.java:17)
	at org.junit.internal.runners.statements.RunBefores.evaluate(RunBefores.java:26)
	at org.junit.internal.runners.statements.RunAfters.evaluate(RunAfters.java:27)
	at org.junit.rules.TestWatcher$1.evaluate(TestWatcher.java:61)
	at org.junit.runners.ParentRunner$3.evaluate(ParentRunner.java:306)
	at org.junit.runners.BlockJUnit4ClassRunner$1.evaluate(BlockJUnit4ClassRunner.java:100)
	at org.junit.runners.ParentRunner.runLeaf(ParentRunner.java:366)
	at org.junit.runners.BlockJUnit4ClassRunner.runChild(BlockJUnit4ClassRunner.java:103)
	at org.junit.runners.BlockJUnit4ClassRunner.runChild(BlockJUnit4ClassRunner.java:63)
	at org.junit.runners.ParentRunner$4.run(ParentRunner.java:331)
	at org.junit.runners.ParentRunner$1.schedule(ParentRunner.java:79)
	at org.junit.runners.ParentRunner.runChildren(ParentRunner.java:329)
	at org.junit.runners.ParentRunner.access$100(ParentRunner.java:66)
	at org.junit.runners.ParentRunner$2.evaluate(ParentRunner.java:293)
	at org.junit.runners.ParentRunner$3.evaluate(ParentRunner.java:306)
	at org.junit.runners.ParentRunner.run(ParentRunner.java:413)
	at org.junit.runner.JUnitCore.run(JUnitCore.java:137)
	at org.junit.runner.JUnitCore.run(JUnitCore.java:115)
	at org.junit.vintage.engine.execution.RunnerExecutor.execute(RunnerExecutor.java:43)
	at java.util.stream.ForEachOps$ForEachOp$OfRef.accept(ForEachOps.java:183)
	at java.util.stream.ReferencePipeline$3$1.accept(ReferencePipeline.java:193)
	at java.util.Iterator.forEachRemaining(Iterator.java:116)
	at java.util.Spliterators$IteratorSpliterator.forEachRemaining(Spliterators.java:1801)
	at java.util.stream.AbstractPipeline.copyInto(AbstractPipeline.java:482)
	at java.util.stream.AbstractPipeline.wrapAndCopyInto(AbstractPipeline.java:472)
	at java.util.stream.ForEachOps$ForEachOp.evaluateSequential(ForEachOps.java:150)
	at java.util.stream.ForEachOps$ForEachOp$OfRef.evaluateSequential(ForEachOps.java:173)
	at java.util.stream.AbstractPipeline.evaluate(AbstractPipeline.java:234)
	at java.util.stream.ReferencePipeline.forEach(ReferencePipeline.java:485)
	at org.junit.vintage.engine.VintageTestEngine.executeAllChildren(VintageTestEngine.java:82)
	at org.junit.vintage.engine.VintageTestEngine.execute(VintageTestEngine.java:73)
	at org.junit.platform.launcher.core.DefaultLauncher.execute(DefaultLauncher.java:248)
	at org.junit.platform.launcher.core.DefaultLauncher.lambda$execute$5(DefaultLauncher.java:211)
	at org.junit.platform.launcher.core.DefaultLauncher.withInterceptedStreams(DefaultLauncher.java:226)
	at org.junit.platform.launcher.core.DefaultLauncher.execute(DefaultLauncher.java:199)
	at org.junit.platform.launcher.core.DefaultLauncher.execute(DefaultLauncher.java:132)
	at org.apache.maven.surefire.junitplatform.JUnitPlatformProvider.invokeAllTests(JUnitPlatformProvider.java:154)
	at org.apache.maven.surefire.junitplatform.JUnitPlatformProvider.invoke(JUnitPlatformProvider.java:123)
	at org.apache.maven.surefire.booter.ForkedBooter.runSuitesInProcess(ForkedBooter.java:377)
	at org.apache.maven.surefire.booter.ForkedBooter.execute(ForkedBooter.java:138)
	at org.apache.maven.surefire.booter.ForkedBooter.run(ForkedBooter.java:465)
	at org.apache.maven.surefire.booter.ForkedBooter.main(ForkedBooter.java:451)
]]></error>
    <system-err><![CDATA[2024-04-24T06:28:18,168  WARN [main] conf.HiveConf: HiveConf of name hive.metastore.metadb.dir does not exist
2024-04-24T06:28:18,168  WARN [main] conf.HiveConf: HiveConf of name hive.stats.key.prefix.reserve.length does not exist
2024-04-24T06:28:18,168  WARN [main] conf.HiveConf: HiveConf of name hive.llap.io.cache.orc.alloc.max does not exist
2024-04-24T06:28:18,168  WARN [main] conf.HiveConf: HiveConf of name hive.metastore.client.cache.recordStats does not exist
2024-04-24T06:28:18,169  WARN [main] conf.HiveConf: HiveConf of name hive.llap.io.cache.orc.size does not exist
2024-04-24T06:28:18,169  WARN [main] conf.HiveConf: HiveConf of name hive.metastore.client.cache.maxSize does not exist
2024-04-24T06:28:18,169  WARN [main] conf.HiveConf: HiveConf of name hive.llap.io.cache.orc.arena.size does not exist
2024-04-24T06:28:18,169  WARN [main] conf.HiveConf: HiveConf of name hive.dummyparam.test.server.specific.config.hivesite does not exist
2024-04-24T06:28:18,169  WARN [main] conf.HiveConf: HiveConf of name hive.dummyparam.test.server.specific.config.override does not exist
2024-04-24T06:28:18,169  WARN [main] conf.HiveConf: HiveConf of name hive.dummyparam.test.server.specific.config.metastoresite does not exist
2024-04-24T06:28:18,169  WARN [main] conf.HiveConf: HiveConf of name hive.llap.io.cache.orc.alloc.min does not exist
2024-04-24T06:28:18,171  INFO [main] utils.TestTxnDbUtil: Creating transactional tables
Hive Session ID = 552d77f1-937b-44e6-842c-b9f7507955ca
2024-04-24T06:28:18,174  INFO [main] SessionState: Hive Session ID = 552d77f1-937b-44e6-842c-b9f7507955ca
ivysettings.xml file not found in HIVE_HOME or HIVE_CONF_DIR,/home/alex/Repositories/hive/conf/ivysettings.xml will be used
2024-04-24T06:28:18,174  INFO [main] DependencyResolver: ivysettings.xml file not found in HIVE_HOME or HIVE_CONF_DIR,/home/alex/Repositories/hive/conf/ivysettings.xml will be used
2024-04-24T06:28:18,180  INFO [main] session.SessionState: Created HDFS directory: /home/alex/Repositories/hive/ql/target/tmp/scratchdir/alex/552d77f1-937b-44e6-842c-b9f7507955ca
2024-04-24T06:28:18,183  INFO [main] session.SessionState: Created local directory: /home/alex/Repositories/hive/ql/target/tmp/localscratchdir/552d77f1-937b-44e6-842c-b9f7507955ca
2024-04-24T06:28:18,185  INFO [main] session.SessionState: Created HDFS directory: /home/alex/Repositories/hive/ql/target/tmp/scratchdir/alex/552d77f1-937b-44e6-842c-b9f7507955ca/_tmp_space.db
2024-04-24T06:28:18,185  INFO [main] sqlstd.SQLStdHiveAccessController: Created SQLStdHiveAccessController for session context : HiveAuthzSessionContext [sessionString=552d77f1-937b-44e6-842c-b9f7507955ca, clientType=HIVECLI]
2024-04-24T06:28:18,186  INFO [main] ql.TxnCommandsBaseForTests: Running the query: drop table if exists acidTbl
2024-04-24T06:28:18,186  INFO [main] ql.Driver: Compiling command(queryId=alex_20240424062818_1534df9d-e8b6-4e18-90ec-242be721c650): drop table if exists acidTbl
2024-04-24T06:28:18,195  INFO [main] txn.TxnHandler: Added entries to MIN_HISTORY_LEVEL for current txns: ([1]) with min_open_txn: 1
2024-04-24T06:28:18,196  INFO [main] lockmgr.DbTxnManager: Opened txnid:1
2024-04-24T06:28:18,199  INFO [main] HiveMetaStore.audit: ugi=alex	ip=unknown-ip-addr	cmd=get_table : tbl=hive.default.acidTbl	
2024-04-24T06:28:18,202  INFO [main] ql.Driver: Semantic Analysis Completed (retrial = false)
2024-04-24T06:28:18,202  INFO [main] ql.Driver: Created Hive schema: Schema(fieldSchemas:null, properties:null)
2024-04-24T06:28:18,202  INFO [main] metadata.Hive: Dumping metastore api call timing information for : compilation phase
2024-04-24T06:28:18,202  INFO [main] metadata.Hive: Total time spent in each metastore function (ms): {commitTxn_(CommitTxnRequest)=13, flushCache_()=0, isCompatibleWith_(Configuration)=1, getValidTxns_(long)=3, openTxn_(String, TxnType)=10}
2024-04-24T06:28:18,202  INFO [main] ql.Driver: Completed compiling command(queryId=alex_20240424062818_1534df9d-e8b6-4e18-90ec-242be721c650); Time taken: 0.016 seconds
2024-04-24T06:28:18,203  INFO [main] lockmgr.DbTxnManager: Setting lock request transaction to txnid:1 for queryId=alex_20240424062818_1534df9d-e8b6-4e18-90ec-242be721c650
2024-04-24T06:28:18,203  INFO [main] ql.Driver: Operation DROPTABLE obtained 0 locks
2024-04-24T06:28:18,203  INFO [main] ql.Driver: Executing command(queryId=alex_20240424062818_1534df9d-e8b6-4e18-90ec-242be721c650): drop table if exists acidTbl
2024-04-24T06:28:18,203  INFO [main] ql.Driver: Starting task [Stage-0:DDL] in serial mode
2024-04-24T06:28:18,203  INFO [main] HiveMetaStore.audit: ugi=alex	ip=unknown-ip-addr	cmd=get_table : tbl=hive.default.acidTbl	
2024-04-24T06:28:18,207  INFO [main] metadata.Hive: Dumping metastore api call timing information for : execution phase
2024-04-24T06:28:18,207  INFO [main] metadata.Hive: Total time spent in each metastore function (ms): {isCompatibleWith_(Configuration)=0}
2024-04-24T06:28:18,207  INFO [main] ql.Driver: Completed executing command(queryId=alex_20240424062818_1534df9d-e8b6-4e18-90ec-242be721c650); Time taken: 0.004 seconds
2024-04-24T06:28:18,207  INFO [main] lockmgr.DbTxnManager: Stopped heartbeat for query: alex_20240424062818_1534df9d-e8b6-4e18-90ec-242be721c650
2024-04-24T06:28:18,214  INFO [main] txn.TxnHandler: Expected to move at least one record from txn_components to completed_txn_components when committing txn! txnid:1
2024-04-24T06:28:18,223  INFO [main] txn.TxnHandler: Removed transactions: ([1]) from MIN_HISTORY_LEVEL
2024-04-24T06:28:18,223  WARN [main] txn.CompactionTxnHandler: No compaction queue record found for Compaction type transaction commit. txnId:1
2024-04-24T06:28:18,223  INFO [main] ql.TxnCommandsBaseForTests: Running the query: drop table if exists acidTblPart
2024-04-24T06:28:18,223  INFO [main] ql.Driver: Compiling command(queryId=alex_20240424062818_ca8a4590-3977-4076-bb2e-30ee458bd359): drop table if exists acidTblPart
2024-04-24T06:28:18,226  INFO [main] txn.TxnHandler: Added entries to MIN_HISTORY_LEVEL for current txns: ([2]) with min_open_txn: 1
2024-04-24T06:28:18,226  INFO [main] lockmgr.DbTxnManager: Opened txnid:2
2024-04-24T06:28:18,227  INFO [main] HiveMetaStore.audit: ugi=alex	ip=unknown-ip-addr	cmd=get_table : tbl=hive.default.acidTblPart	
2024-04-24T06:28:18,229  INFO [main] ql.Driver: Semantic Analysis Completed (retrial = false)
2024-04-24T06:28:18,230  INFO [main] ql.Driver: Created Hive schema: Schema(fieldSchemas:null, properties:null)
2024-04-24T06:28:18,230  INFO [main] metadata.Hive: Dumping metastore api call timing information for : compilation phase
2024-04-24T06:28:18,230  INFO [main] metadata.Hive: Total time spent in each metastore function (ms): {openTxn_(String, TxnType)=2, commitTxn_(CommitTxnRequest)=15, isCompatibleWith_(Configuration)=0, flushCache_()=0, getValidTxns_(long)=0}
2024-04-24T06:28:18,230  INFO [main] ql.Driver: Completed compiling command(queryId=alex_20240424062818_ca8a4590-3977-4076-bb2e-30ee458bd359); Time taken: 0.007 seconds
2024-04-24T06:28:18,230  INFO [main] lockmgr.DbTxnManager: Setting lock request transaction to txnid:2 for queryId=alex_20240424062818_ca8a4590-3977-4076-bb2e-30ee458bd359
2024-04-24T06:28:18,230  INFO [main] ql.Driver: Operation DROPTABLE obtained 0 locks
2024-04-24T06:28:18,230  INFO [main] ql.Driver: Executing command(queryId=alex_20240424062818_ca8a4590-3977-4076-bb2e-30ee458bd359): drop table if exists acidTblPart
2024-04-24T06:28:18,230  INFO [main] ql.Driver: Starting task [Stage-0:DDL] in serial mode
2024-04-24T06:28:18,231  INFO [main] HiveMetaStore.audit: ugi=alex	ip=unknown-ip-addr	cmd=get_table : tbl=hive.default.acidTblPart	
2024-04-24T06:28:18,234  INFO [main] metadata.Hive: Dumping metastore api call timing information for : execution phase
2024-04-24T06:28:18,234  INFO [main] metadata.Hive: Total time spent in each metastore function (ms): {isCompatibleWith_(Configuration)=0}
2024-04-24T06:28:18,234  INFO [main] ql.Driver: Completed executing command(queryId=alex_20240424062818_ca8a4590-3977-4076-bb2e-30ee458bd359); Time taken: 0.004 seconds
2024-04-24T06:28:18,234  INFO [main] lockmgr.DbTxnManager: Stopped heartbeat for query: alex_20240424062818_ca8a4590-3977-4076-bb2e-30ee458bd359
2024-04-24T06:28:18,240  INFO [main] txn.TxnHandler: Expected to move at least one record from txn_components to completed_txn_components when committing txn! txnid:2
2024-04-24T06:28:18,246  INFO [main] txn.TxnHandler: Removed transactions: ([2]) from MIN_HISTORY_LEVEL
2024-04-24T06:28:18,246  WARN [main] txn.CompactionTxnHandler: No compaction queue record found for Compaction type transaction commit. txnId:2
2024-04-24T06:28:18,247  INFO [main] ql.TxnCommandsBaseForTests: Running the query: drop table if exists acidTbl2
2024-04-24T06:28:18,247  INFO [main] ql.Driver: Compiling command(queryId=alex_20240424062818_52f415fe-6104-436b-933f-951df4e5944c): drop table if exists acidTbl2
2024-04-24T06:28:18,249  INFO [main] txn.TxnHandler: Added entries to MIN_HISTORY_LEVEL for current txns: ([3]) with min_open_txn: 1
2024-04-24T06:28:18,249  INFO [main] lockmgr.DbTxnManager: Opened txnid:3
2024-04-24T06:28:18,250  INFO [main] HiveMetaStore.audit: ugi=alex	ip=unknown-ip-addr	cmd=get_table : tbl=hive.default.acidTbl2	
2024-04-24T06:28:18,253  INFO [main] ql.Driver: Semantic Analysis Completed (retrial = false)
2024-04-24T06:28:18,253  INFO [main] ql.Driver: Created Hive schema: Schema(fieldSchemas:null, properties:null)
2024-04-24T06:28:18,253  INFO [main] metadata.Hive: Dumping metastore api call timing information for : compilation phase
2024-04-24T06:28:18,253  INFO [main] metadata.Hive: Total time spent in each metastore function (ms): {getValidTxns_(long)=0, commitTxn_(CommitTxnRequest)=13, flushCache_()=0, isCompatibleWith_(Configuration)=1, openTxn_(String, TxnType)=1}
2024-04-24T06:28:18,254  INFO [main] ql.Driver: Completed compiling command(queryId=alex_20240424062818_52f415fe-6104-436b-933f-951df4e5944c); Time taken: 0.006 seconds
2024-04-24T06:28:18,254  INFO [main] lockmgr.DbTxnManager: Setting lock request transaction to txnid:3 for queryId=alex_20240424062818_52f415fe-6104-436b-933f-951df4e5944c
2024-04-24T06:28:18,254  INFO [main] ql.Driver: Operation DROPTABLE obtained 0 locks
2024-04-24T06:28:18,254  INFO [main] ql.Driver: Executing command(queryId=alex_20240424062818_52f415fe-6104-436b-933f-951df4e5944c): drop table if exists acidTbl2
2024-04-24T06:28:18,254  INFO [main] ql.Driver: Starting task [Stage-0:DDL] in serial mode
2024-04-24T06:28:18,254  INFO [main] HiveMetaStore.audit: ugi=alex	ip=unknown-ip-addr	cmd=get_table : tbl=hive.default.acidTbl2	
2024-04-24T06:28:18,257  INFO [main] metadata.Hive: Dumping metastore api call timing information for : execution phase
2024-04-24T06:28:18,257  INFO [main] metadata.Hive: Total time spent in each metastore function (ms): {isCompatibleWith_(Configuration)=0}
2024-04-24T06:28:18,258  INFO [main] ql.Driver: Completed executing command(queryId=alex_20240424062818_52f415fe-6104-436b-933f-951df4e5944c); Time taken: 0.003 seconds
2024-04-24T06:28:18,258  INFO [main] lockmgr.DbTxnManager: Stopped heartbeat for query: alex_20240424062818_52f415fe-6104-436b-933f-951df4e5944c
2024-04-24T06:28:18,264  INFO [main] txn.TxnHandler: Expected to move at least one record from txn_components to completed_txn_components when committing txn! txnid:3
2024-04-24T06:28:18,271  INFO [main] txn.TxnHandler: Removed transactions: ([3]) from MIN_HISTORY_LEVEL
2024-04-24T06:28:18,271  WARN [main] txn.CompactionTxnHandler: No compaction queue record found for Compaction type transaction commit. txnId:3
2024-04-24T06:28:18,271  INFO [main] ql.TxnCommandsBaseForTests: Running the query: drop table if exists nonAcidOrcTbl
2024-04-24T06:28:18,272  INFO [main] ql.Driver: Compiling command(queryId=alex_20240424062818_ff96e1c7-64f0-4cf3-be70-13a0517473b3): drop table if exists nonAcidOrcTbl
2024-04-24T06:28:18,274  INFO [main] txn.TxnHandler: Added entries to MIN_HISTORY_LEVEL for current txns: ([4]) with min_open_txn: 1
2024-04-24T06:28:18,274  INFO [main] lockmgr.DbTxnManager: Opened txnid:4
2024-04-24T06:28:18,275  INFO [main] HiveMetaStore.audit: ugi=alex	ip=unknown-ip-addr	cmd=get_table : tbl=hive.default.nonAcidOrcTbl	
2024-04-24T06:28:18,278  INFO [main] ql.Driver: Semantic Analysis Completed (retrial = false)
2024-04-24T06:28:18,278  INFO [main] ql.Driver: Created Hive schema: Schema(fieldSchemas:null, properties:null)
2024-04-24T06:28:18,278  INFO [main] metadata.Hive: Dumping metastore api call timing information for : compilation phase
2024-04-24T06:28:18,278  INFO [main] metadata.Hive: Total time spent in each metastore function (ms): {flushCache_()=0, openTxn_(String, TxnType)=2, commitTxn_(CommitTxnRequest)=13, getValidTxns_(long)=1, isCompatibleWith_(Configuration)=0}
2024-04-24T06:28:18,278  INFO [main] ql.Driver: Completed compiling command(queryId=alex_20240424062818_ff96e1c7-64f0-4cf3-be70-13a0517473b3); Time taken: 0.006 seconds
2024-04-24T06:28:18,279  INFO [main] lockmgr.DbTxnManager: Setting lock request transaction to txnid:4 for queryId=alex_20240424062818_ff96e1c7-64f0-4cf3-be70-13a0517473b3
2024-04-24T06:28:18,279  INFO [main] ql.Driver: Operation DROPTABLE obtained 0 locks
2024-04-24T06:28:18,279  INFO [main] ql.Driver: Executing command(queryId=alex_20240424062818_ff96e1c7-64f0-4cf3-be70-13a0517473b3): drop table if exists nonAcidOrcTbl
2024-04-24T06:28:18,279  INFO [main] ql.Driver: Starting task [Stage-0:DDL] in serial mode
2024-04-24T06:28:18,279  INFO [main] HiveMetaStore.audit: ugi=alex	ip=unknown-ip-addr	cmd=get_table : tbl=hive.default.nonAcidOrcTbl	
2024-04-24T06:28:18,282  INFO [main] metadata.Hive: Dumping metastore api call timing information for : execution phase
2024-04-24T06:28:18,282  INFO [main] metadata.Hive: Total time spent in each metastore function (ms): {isCompatibleWith_(Configuration)=0}
2024-04-24T06:28:18,282  INFO [main] ql.Driver: Completed executing command(queryId=alex_20240424062818_ff96e1c7-64f0-4cf3-be70-13a0517473b3); Time taken: 0.003 seconds
2024-04-24T06:28:18,282  INFO [main] lockmgr.DbTxnManager: Stopped heartbeat for query: alex_20240424062818_ff96e1c7-64f0-4cf3-be70-13a0517473b3
2024-04-24T06:28:18,288  INFO [main] txn.TxnHandler: Expected to move at least one record from txn_components to completed_txn_components when committing txn! txnid:4
2024-04-24T06:28:18,295  INFO [main] txn.TxnHandler: Removed transactions: ([4]) from MIN_HISTORY_LEVEL
2024-04-24T06:28:18,295  WARN [main] txn.CompactionTxnHandler: No compaction queue record found for Compaction type transaction commit. txnId:4
2024-04-24T06:28:18,295  INFO [main] ql.TxnCommandsBaseForTests: Running the query: drop table if exists nonAcidOrcTbl2
2024-04-24T06:28:18,296  INFO [main] ql.Driver: Compiling command(queryId=alex_20240424062818_480834d6-a9dc-4359-bc81-e23a63d6ca6e): drop table if exists nonAcidOrcTbl2
2024-04-24T06:28:18,298  INFO [main] txn.TxnHandler: Added entries to MIN_HISTORY_LEVEL for current txns: ([5]) with min_open_txn: 1
2024-04-24T06:28:18,299  INFO [main] lockmgr.DbTxnManager: Opened txnid:5
2024-04-24T06:28:18,299  INFO [main] HiveMetaStore.audit: ugi=alex	ip=unknown-ip-addr	cmd=get_table : tbl=hive.default.nonAcidOrcTbl2	
2024-04-24T06:28:18,302  INFO [main] ql.Driver: Semantic Analysis Completed (retrial = false)
2024-04-24T06:28:18,302  INFO [main] ql.Driver: Created Hive schema: Schema(fieldSchemas:null, properties:null)
2024-04-24T06:28:18,302  INFO [main] metadata.Hive: Dumping metastore api call timing information for : compilation phase
2024-04-24T06:28:18,302  INFO [main] metadata.Hive: Total time spent in each metastore function (ms): {isCompatibleWith_(Configuration)=1, commitTxn_(CommitTxnRequest)=12, getValidTxns_(long)=0, flushCache_()=0, openTxn_(String, TxnType)=3}
2024-04-24T06:28:18,303  INFO [main] ql.Driver: Completed compiling command(queryId=alex_20240424062818_480834d6-a9dc-4359-bc81-e23a63d6ca6e); Time taken: 0.006 seconds
2024-04-24T06:28:18,303  INFO [main] lockmgr.DbTxnManager: Setting lock request transaction to txnid:5 for queryId=alex_20240424062818_480834d6-a9dc-4359-bc81-e23a63d6ca6e
2024-04-24T06:28:18,303  INFO [main] ql.Driver: Operation DROPTABLE obtained 0 locks
2024-04-24T06:28:18,303  INFO [main] ql.Driver: Executing command(queryId=alex_20240424062818_480834d6-a9dc-4359-bc81-e23a63d6ca6e): drop table if exists nonAcidOrcTbl2
2024-04-24T06:28:18,303  INFO [main] ql.Driver: Starting task [Stage-0:DDL] in serial mode
2024-04-24T06:28:18,303  INFO [main] HiveMetaStore.audit: ugi=alex	ip=unknown-ip-addr	cmd=get_table : tbl=hive.default.nonAcidOrcTbl2	
2024-04-24T06:28:18,306  INFO [main] metadata.Hive: Dumping metastore api call timing information for : execution phase
2024-04-24T06:28:18,306  INFO [main] metadata.Hive: Total time spent in each metastore function (ms): {isCompatibleWith_(Configuration)=0}
2024-04-24T06:28:18,307  INFO [main] ql.Driver: Completed executing command(queryId=alex_20240424062818_480834d6-a9dc-4359-bc81-e23a63d6ca6e); Time taken: 0.003 seconds
2024-04-24T06:28:18,307  INFO [main] lockmgr.DbTxnManager: Stopped heartbeat for query: alex_20240424062818_480834d6-a9dc-4359-bc81-e23a63d6ca6e
2024-04-24T06:28:18,312  INFO [main] txn.TxnHandler: Expected to move at least one record from txn_components to completed_txn_components when committing txn! txnid:5
2024-04-24T06:28:18,319  INFO [main] txn.TxnHandler: Removed transactions: ([5]) from MIN_HISTORY_LEVEL
2024-04-24T06:28:18,319  WARN [main] txn.CompactionTxnHandler: No compaction queue record found for Compaction type transaction commit. txnId:5
2024-04-24T06:28:18,320  INFO [main] ql.TxnCommandsBaseForTests: Running the query: drop table if exists nonAcidNonBucket
2024-04-24T06:28:18,320  INFO [main] ql.Driver: Compiling command(queryId=alex_20240424062818_dfa0d929-7671-49a7-a5cc-aa81ad633447): drop table if exists nonAcidNonBucket
2024-04-24T06:28:18,322  INFO [main] txn.TxnHandler: Added entries to MIN_HISTORY_LEVEL for current txns: ([6]) with min_open_txn: 1
2024-04-24T06:28:18,323  INFO [main] lockmgr.DbTxnManager: Opened txnid:6
2024-04-24T06:28:18,323  INFO [main] HiveMetaStore.audit: ugi=alex	ip=unknown-ip-addr	cmd=get_table : tbl=hive.default.nonAcidNonBucket	
2024-04-24T06:28:18,326  INFO [main] ql.Driver: Semantic Analysis Completed (retrial = false)
2024-04-24T06:28:18,326  INFO [main] ql.Driver: Created Hive schema: Schema(fieldSchemas:null, properties:null)
2024-04-24T06:28:18,326  INFO [main] metadata.Hive: Dumping metastore api call timing information for : compilation phase
2024-04-24T06:28:18,326  INFO [main] metadata.Hive: Total time spent in each metastore function (ms): {getValidTxns_(long)=0, flushCache_()=0, isCompatibleWith_(Configuration)=1, openTxn_(String, TxnType)=2, commitTxn_(CommitTxnRequest)=13}
2024-04-24T06:28:18,326  INFO [main] ql.Driver: Completed compiling command(queryId=alex_20240424062818_dfa0d929-7671-49a7-a5cc-aa81ad633447); Time taken: 0.006 seconds
2024-04-24T06:28:18,327  INFO [main] lockmgr.DbTxnManager: Setting lock request transaction to txnid:6 for queryId=alex_20240424062818_dfa0d929-7671-49a7-a5cc-aa81ad633447
2024-04-24T06:28:18,327  INFO [main] ql.Driver: Operation DROPTABLE obtained 0 locks
2024-04-24T06:28:18,327  INFO [main] ql.Driver: Executing command(queryId=alex_20240424062818_dfa0d929-7671-49a7-a5cc-aa81ad633447): drop table if exists nonAcidNonBucket
2024-04-24T06:28:18,327  INFO [main] ql.Driver: Starting task [Stage-0:DDL] in serial mode
2024-04-24T06:28:18,327  INFO [main] HiveMetaStore.audit: ugi=alex	ip=unknown-ip-addr	cmd=get_table : tbl=hive.default.nonAcidNonBucket	
2024-04-24T06:28:18,330  INFO [main] metadata.Hive: Dumping metastore api call timing information for : execution phase
2024-04-24T06:28:18,330  INFO [main] metadata.Hive: Total time spent in each metastore function (ms): {isCompatibleWith_(Configuration)=0}
2024-04-24T06:28:18,330  INFO [main] ql.Driver: Completed executing command(queryId=alex_20240424062818_dfa0d929-7671-49a7-a5cc-aa81ad633447); Time taken: 0.003 seconds
2024-04-24T06:28:18,330  INFO [main] lockmgr.DbTxnManager: Stopped heartbeat for query: alex_20240424062818_dfa0d929-7671-49a7-a5cc-aa81ad633447
2024-04-24T06:28:18,336  INFO [main] txn.TxnHandler: Expected to move at least one record from txn_components to completed_txn_components when committing txn! txnid:6
2024-04-24T06:28:18,342  INFO [main] txn.TxnHandler: Removed transactions: ([6]) from MIN_HISTORY_LEVEL
2024-04-24T06:28:18,342  WARN [main] txn.CompactionTxnHandler: No compaction queue record found for Compaction type transaction commit. txnId:6
2024-04-24T06:28:18,343  INFO [main] ql.TxnCommandsBaseForTests: Running the query: create table acidTbl(a int, b int) clustered by (a) into 2 buckets stored as orc TBLPROPERTIES ('transactional'='true')
2024-04-24T06:28:18,343  INFO [main] ql.Driver: Compiling command(queryId=alex_20240424062818_8c05e611-d2f7-4ac5-bb7b-8b61fcc58506): create table acidTbl(a int, b int) clustered by (a) into 2 buckets stored as orc TBLPROPERTIES ('transactional'='true')
2024-04-24T06:28:18,345  INFO [main] txn.TxnHandler: Added entries to MIN_HISTORY_LEVEL for current txns: ([7]) with min_open_txn: 1
2024-04-24T06:28:18,346  INFO [main] lockmgr.DbTxnManager: Opened txnid:7
2024-04-24T06:28:18,346  INFO [main] parse.CalcitePlanner: Starting caching scope for: 
2024-04-24T06:28:18,346  INFO [main] parse.CalcitePlanner: Starting Semantic Analysis
2024-04-24T06:28:18,352  INFO [main] parse.CalcitePlanner: Creating table default.acidTbl position=13
2024-04-24T06:28:18,353  INFO [main] HiveMetaStore.audit: ugi=alex	ip=unknown-ip-addr	cmd=get_database: default	
2024-04-24T06:28:18,354  INFO [main] parse.CalcitePlanner: Ending caching scope for: 
2024-04-24T06:28:18,354  INFO [main] ql.Driver: Semantic Analysis Completed (retrial = false)
2024-04-24T06:28:18,354  INFO [main] ql.Driver: Created Hive schema: Schema(fieldSchemas:null, properties:null)
2024-04-24T06:28:18,354  INFO [main] metadata.Hive: Dumping metastore api call timing information for : compilation phase
2024-04-24T06:28:18,354  INFO [main] metadata.Hive: Total time spent in each metastore function (ms): {openTxn_(String, TxnType)=2, getValidWriteIds_(List, String)=6, isCompatibleWith_(Configuration)=0, getValidTxns_(long)=0, getDatabase_(String)=1, commitTxn_(CommitTxnRequest)=13, flushCache_()=0}
2024-04-24T06:28:18,355  INFO [main] ql.Driver: Completed compiling command(queryId=alex_20240424062818_8c05e611-d2f7-4ac5-bb7b-8b61fcc58506); Time taken: 0.011 seconds
2024-04-24T06:28:18,355  INFO [main] lockmgr.DbTxnManager: Setting lock request transaction to txnid:7 for queryId=alex_20240424062818_8c05e611-d2f7-4ac5-bb7b-8b61fcc58506
2024-04-24T06:28:18,355  INFO [main] lockmgr.DbLockManager: Requesting lock for queryId=alex_20240424062818_8c05e611-d2f7-4ac5-bb7b-8b61fcc58506
2024-04-24T06:28:18,375  INFO [main] lockmgr.DbLockManager: Response to queryId=alex_20240424062818_8c05e611-d2f7-4ac5-bb7b-8b61fcc58506 LockResponse(lockid:1, state:ACQUIRED)
2024-04-24T06:28:18,375  INFO [main] ql.Driver: Operation CREATETABLE obtained 1 locks
2024-04-24T06:28:18,376  INFO [main] ql.Driver: Executing command(queryId=alex_20240424062818_8c05e611-d2f7-4ac5-bb7b-8b61fcc58506): create table acidTbl(a int, b int) clustered by (a) into 2 buckets stored as orc TBLPROPERTIES ('transactional'='true')
2024-04-24T06:28:18,376  INFO [main] ql.Driver: Starting task [Stage-0:DDL] in serial mode
2024-04-24T06:28:18,377  INFO [main] HiveMetaStore.audit: ugi=alex	ip=unknown-ip-addr	cmd=create_table_req: Table(tableName:acidTbl, dbName:default, owner:alex, createTime:1713965298, lastAccessTime:0, retention:0, sd:StorageDescriptor(cols:[FieldSchema(name:a, type:int, comment:null), FieldSchema(name:b, type:int, comment:null)], location:null, inputFormat:org.apache.hadoop.hive.ql.io.orc.OrcInputFormat, outputFormat:org.apache.hadoop.hive.ql.io.orc.OrcOutputFormat, compressed:false, numBuckets:2, serdeInfo:SerDeInfo(name:null, serializationLib:org.apache.hadoop.hive.ql.io.orc.OrcSerde, parameters:{serialization.format=1}), bucketCols:[a], sortCols:[], parameters:{}, skewedInfo:SkewedInfo(skewedColNames:[], skewedColValues:[], skewedColValueLocationMaps:{}), storedAsSubDirectories:false), partitionKeys:[], parameters:{totalSize=0, bucketing_version=2, numFilesErasureCoded=0, numRows=0, transactional=true, COLUMN_STATS_ACCURATE={"BASIC_STATS":"true","COLUMN_STATS":{"a":"true","b":"true"}}, numFiles=0, rawDataSize=0}, viewOriginalText:null, viewExpandedText:null, tableType:MANAGED_TABLE, privileges:PrincipalPrivilegeSet(userPrivileges:{alex=[PrivilegeGrantInfo(privilege:INSERT, createTime:-1, grantor:alex, grantorType:USER, grantOption:true), PrivilegeGrantInfo(privilege:SELECT, createTime:-1, grantor:alex, grantorType:USER, grantOption:true), PrivilegeGrantInfo(privilege:UPDATE, createTime:-1, grantor:alex, grantorType:USER, grantOption:true), PrivilegeGrantInfo(privilege:DELETE, createTime:-1, grantor:alex, grantorType:USER, grantOption:true)]}, groupPrivileges:null, rolePrivileges:null), temporary:false, catName:hive, ownerType:USER, writeId:0)	
2024-04-24T06:28:18,383  INFO [main] utils.FileUtils: Creating directory if it doesn't exist: file:/home/alex/Repositories/hive/ql/target/tmp/org.apache.hadoop.hive.ql.TestTxnCommands-1713965238357/warehouse/acidtbl
2024-04-24T06:28:18,420  INFO [main] metadata.Hive: Dumping metastore api call timing information for : execution phase
2024-04-24T06:28:18,420  INFO [main] metadata.Hive: Total time spent in each metastore function (ms): {createTable_(Table)=43, isCompatibleWith_(Configuration)=0}
2024-04-24T06:28:18,420  INFO [main] ql.Driver: Completed executing command(queryId=alex_20240424062818_8c05e611-d2f7-4ac5-bb7b-8b61fcc58506); Time taken: 0.044 seconds
2024-04-24T06:28:18,420  INFO [main] lockmgr.DbTxnManager: Stopped heartbeat for query: alex_20240424062818_8c05e611-d2f7-4ac5-bb7b-8b61fcc58506
2024-04-24T06:28:18,425  INFO [main] txn.TxnHandler: Expected to move at least one record from txn_components to completed_txn_components when committing txn! txnid:7
2024-04-24T06:28:18,433  INFO [main] txn.TxnHandler: Removed transactions: ([7]) from MIN_HISTORY_LEVEL
2024-04-24T06:28:18,433  WARN [main] txn.CompactionTxnHandler: No compaction queue record found for Compaction type transaction commit. txnId:7
2024-04-24T06:28:18,434  INFO [main] ql.TxnCommandsBaseForTests: Running the query: create table acidTblPart(a int, b int) partitioned by (p string) clustered by (a) into 2 buckets stored as orc TBLPROPERTIES ('transactional'='true')
2024-04-24T06:28:18,434  INFO [main] ql.Driver: Compiling command(queryId=alex_20240424062818_2c3bc3be-12f2-4cc0-97b0-e42499478d61): create table acidTblPart(a int, b int) partitioned by (p string) clustered by (a) into 2 buckets stored as orc TBLPROPERTIES ('transactional'='true')
2024-04-24T06:28:18,436  INFO [main] txn.TxnHandler: Added entries to MIN_HISTORY_LEVEL for current txns: ([8]) with min_open_txn: 1
2024-04-24T06:28:18,436  INFO [main] lockmgr.DbTxnManager: Opened txnid:8
2024-04-24T06:28:18,437  INFO [main] parse.CalcitePlanner: Starting caching scope for: 
2024-04-24T06:28:18,437  INFO [main] parse.CalcitePlanner: Starting Semantic Analysis
2024-04-24T06:28:18,439  INFO [main] parse.CalcitePlanner: Creating table default.acidTblPart position=13
2024-04-24T06:28:18,440  INFO [main] HiveMetaStore.audit: ugi=alex	ip=unknown-ip-addr	cmd=get_database: default	
2024-04-24T06:28:18,441  INFO [main] parse.CalcitePlanner: Ending caching scope for: 
2024-04-24T06:28:18,441  INFO [main] ql.Driver: Semantic Analysis Completed (retrial = false)
2024-04-24T06:28:18,441  INFO [main] ql.Driver: Created Hive schema: Schema(fieldSchemas:null, properties:null)
2024-04-24T06:28:18,442  INFO [main] metadata.Hive: Dumping metastore api call timing information for : compilation phase
2024-04-24T06:28:18,442  INFO [main] metadata.Hive: Total time spent in each metastore function (ms): {getDatabase_(String)=1, isCompatibleWith_(Configuration)=0, getValidTxns_(long)=0, getValidWriteIds_(List, String)=2, commitTxn_(CommitTxnRequest)=12, openTxn_(String, TxnType)=2, flushCache_()=0}
2024-04-24T06:28:18,442  INFO [main] ql.Driver: Completed compiling command(queryId=alex_20240424062818_2c3bc3be-12f2-4cc0-97b0-e42499478d61); Time taken: 0.007 seconds
2024-04-24T06:28:18,442  INFO [main] lockmgr.DbTxnManager: Setting lock request transaction to txnid:8 for queryId=alex_20240424062818_2c3bc3be-12f2-4cc0-97b0-e42499478d61
2024-04-24T06:28:18,442  INFO [main] lockmgr.DbLockManager: Requesting lock for queryId=alex_20240424062818_2c3bc3be-12f2-4cc0-97b0-e42499478d61
2024-04-24T06:28:18,458  INFO [main] lockmgr.DbLockManager: Response to queryId=alex_20240424062818_2c3bc3be-12f2-4cc0-97b0-e42499478d61 LockResponse(lockid:2, state:ACQUIRED)
2024-04-24T06:28:18,458  INFO [main] ql.Driver: Operation CREATETABLE obtained 1 locks
2024-04-24T06:28:18,458  INFO [main] ql.Driver: Executing command(queryId=alex_20240424062818_2c3bc3be-12f2-4cc0-97b0-e42499478d61): create table acidTblPart(a int, b int) partitioned by (p string) clustered by (a) into 2 buckets stored as orc TBLPROPERTIES ('transactional'='true')
2024-04-24T06:28:18,459  INFO [main] ql.Driver: Starting task [Stage-0:DDL] in serial mode
2024-04-24T06:28:18,459  INFO [main] HiveMetaStore.audit: ugi=alex	ip=unknown-ip-addr	cmd=create_table_req: Table(tableName:acidTblPart, dbName:default, owner:alex, createTime:1713965298, lastAccessTime:0, retention:0, sd:StorageDescriptor(cols:[FieldSchema(name:a, type:int, comment:null), FieldSchema(name:b, type:int, comment:null)], location:null, inputFormat:org.apache.hadoop.hive.ql.io.orc.OrcInputFormat, outputFormat:org.apache.hadoop.hive.ql.io.orc.OrcOutputFormat, compressed:false, numBuckets:2, serdeInfo:SerDeInfo(name:null, serializationLib:org.apache.hadoop.hive.ql.io.orc.OrcSerde, parameters:{serialization.format=1}), bucketCols:[a], sortCols:[], parameters:{}, skewedInfo:SkewedInfo(skewedColNames:[], skewedColValues:[], skewedColValueLocationMaps:{}), storedAsSubDirectories:false), partitionKeys:[FieldSchema(name:p, type:string, comment:null)], parameters:{transactional=true, bucketing_version=2}, viewOriginalText:null, viewExpandedText:null, tableType:MANAGED_TABLE, privileges:PrincipalPrivilegeSet(userPrivileges:{alex=[PrivilegeGrantInfo(privilege:INSERT, createTime:-1, grantor:alex, grantorType:USER, grantOption:true), PrivilegeGrantInfo(privilege:SELECT, createTime:-1, grantor:alex, grantorType:USER, grantOption:true), PrivilegeGrantInfo(privilege:UPDATE, createTime:-1, grantor:alex, grantorType:USER, grantOption:true), PrivilegeGrantInfo(privilege:DELETE, createTime:-1, grantor:alex, grantorType:USER, grantOption:true)]}, groupPrivileges:null, rolePrivileges:null), temporary:false, catName:hive, ownerType:USER, writeId:0)	
2024-04-24T06:28:18,465  INFO [main] utils.FileUtils: Creating directory if it doesn't exist: file:/home/alex/Repositories/hive/ql/target/tmp/org.apache.hadoop.hive.ql.TestTxnCommands-1713965238357/warehouse/acidtblpart
2024-04-24T06:28:18,479  INFO [main] metadata.Hive: Dumping metastore api call timing information for : execution phase
2024-04-24T06:28:18,479  INFO [main] metadata.Hive: Total time spent in each metastore function (ms): {isCompatibleWith_(Configuration)=0, createTable_(Table)=20}
2024-04-24T06:28:18,479  INFO [main] ql.Driver: Completed executing command(queryId=alex_20240424062818_2c3bc3be-12f2-4cc0-97b0-e42499478d61); Time taken: 0.021 seconds
2024-04-24T06:28:18,480  INFO [main] lockmgr.DbTxnManager: Stopped heartbeat for query: alex_20240424062818_2c3bc3be-12f2-4cc0-97b0-e42499478d61
2024-04-24T06:28:18,483  INFO [main] txn.TxnHandler: Expected to move at least one record from txn_components to completed_txn_components when committing txn! txnid:8
2024-04-24T06:28:18,489  INFO [main] txn.TxnHandler: Removed transactions: ([8]) from MIN_HISTORY_LEVEL
2024-04-24T06:28:18,490  WARN [main] txn.CompactionTxnHandler: No compaction queue record found for Compaction type transaction commit. txnId:8
2024-04-24T06:28:18,490  INFO [main] ql.TxnCommandsBaseForTests: Running the query: create table nonAcidOrcTbl(a int, b int) clustered by (a) into 2 buckets stored as orc TBLPROPERTIES ('transactional'='false')
2024-04-24T06:28:18,490  INFO [main] ql.Driver: Compiling command(queryId=alex_20240424062818_9bf8ace7-56d2-454e-81b4-3d68e26f6874): create table nonAcidOrcTbl(a int, b int) clustered by (a) into 2 buckets stored as orc TBLPROPERTIES ('transactional'='false')
2024-04-24T06:28:18,493  INFO [main] txn.TxnHandler: Added entries to MIN_HISTORY_LEVEL for current txns: ([9]) with min_open_txn: 1
2024-04-24T06:28:18,493  INFO [main] lockmgr.DbTxnManager: Opened txnid:9
2024-04-24T06:28:18,493  INFO [main] parse.CalcitePlanner: Starting caching scope for: 
2024-04-24T06:28:18,494  INFO [main] parse.CalcitePlanner: Starting Semantic Analysis
2024-04-24T06:28:18,496  INFO [main] parse.CalcitePlanner: Creating table default.nonAcidOrcTbl position=13
2024-04-24T06:28:18,496  INFO [main] HiveMetaStore.audit: ugi=alex	ip=unknown-ip-addr	cmd=get_database: default	
2024-04-24T06:28:18,498  INFO [main] parse.CalcitePlanner: Ending caching scope for: 
2024-04-24T06:28:18,498  INFO [main] ql.Driver: Semantic Analysis Completed (retrial = false)
2024-04-24T06:28:18,498  INFO [main] ql.Driver: Created Hive schema: Schema(fieldSchemas:null, properties:null)
2024-04-24T06:28:18,498  INFO [main] metadata.Hive: Dumping metastore api call timing information for : compilation phase
2024-04-24T06:28:18,498  INFO [main] metadata.Hive: Total time spent in each metastore function (ms): {commitTxn_(CommitTxnRequest)=10, getDatabase_(String)=2, flushCache_()=0, openTxn_(String, TxnType)=2, getValidTxns_(long)=0, isCompatibleWith_(Configuration)=0, getValidWriteIds_(List, String)=2}
2024-04-24T06:28:18,498  INFO [main] ql.Driver: Completed compiling command(queryId=alex_20240424062818_9bf8ace7-56d2-454e-81b4-3d68e26f6874); Time taken: 0.008 seconds
2024-04-24T06:28:18,499  INFO [main] lockmgr.DbTxnManager: Setting lock request transaction to txnid:9 for queryId=alex_20240424062818_9bf8ace7-56d2-454e-81b4-3d68e26f6874
2024-04-24T06:28:18,499  INFO [main] lockmgr.DbLockManager: Requesting lock for queryId=alex_20240424062818_9bf8ace7-56d2-454e-81b4-3d68e26f6874
2024-04-24T06:28:18,515  INFO [main] lockmgr.DbLockManager: Response to queryId=alex_20240424062818_9bf8ace7-56d2-454e-81b4-3d68e26f6874 LockResponse(lockid:3, state:ACQUIRED)
2024-04-24T06:28:18,515  INFO [main] ql.Driver: Operation CREATETABLE obtained 1 locks
2024-04-24T06:28:18,515  INFO [main] ql.Driver: Executing command(queryId=alex_20240424062818_9bf8ace7-56d2-454e-81b4-3d68e26f6874): create table nonAcidOrcTbl(a int, b int) clustered by (a) into 2 buckets stored as orc TBLPROPERTIES ('transactional'='false')
2024-04-24T06:28:18,515  INFO [main] ql.Driver: Starting task [Stage-0:DDL] in serial mode
2024-04-24T06:28:18,516  INFO [main] HiveMetaStore.audit: ugi=alex	ip=unknown-ip-addr	cmd=create_table_req: Table(tableName:nonAcidOrcTbl, dbName:default, owner:alex, createTime:1713965298, lastAccessTime:0, retention:0, sd:StorageDescriptor(cols:[FieldSchema(name:a, type:int, comment:null), FieldSchema(name:b, type:int, comment:null)], location:null, inputFormat:org.apache.hadoop.hive.ql.io.orc.OrcInputFormat, outputFormat:org.apache.hadoop.hive.ql.io.orc.OrcOutputFormat, compressed:false, numBuckets:2, serdeInfo:SerDeInfo(name:null, serializationLib:org.apache.hadoop.hive.ql.io.orc.OrcSerde, parameters:{serialization.format=1}), bucketCols:[a], sortCols:[], parameters:{}, skewedInfo:SkewedInfo(skewedColNames:[], skewedColValues:[], skewedColValueLocationMaps:{}), storedAsSubDirectories:false), partitionKeys:[], parameters:{bucketing_version=2, COLUMN_STATS_ACCURATE={"BASIC_STATS":"true","COLUMN_STATS":{"a":"true","b":"true"}}, numRows=0, numFiles=0, totalSize=0, numFilesErasureCoded=0, rawDataSize=0, transactional=false}, viewOriginalText:null, viewExpandedText:null, tableType:MANAGED_TABLE, privileges:PrincipalPrivilegeSet(userPrivileges:{alex=[PrivilegeGrantInfo(privilege:INSERT, createTime:-1, grantor:alex, grantorType:USER, grantOption:true), PrivilegeGrantInfo(privilege:SELECT, createTime:-1, grantor:alex, grantorType:USER, grantOption:true), PrivilegeGrantInfo(privilege:UPDATE, createTime:-1, grantor:alex, grantorType:USER, grantOption:true), PrivilegeGrantInfo(privilege:DELETE, createTime:-1, grantor:alex, grantorType:USER, grantOption:true)]}, groupPrivileges:null, rolePrivileges:null), temporary:false, catName:hive, ownerType:USER)	
2024-04-24T06:28:18,522  INFO [main] utils.FileUtils: Creating directory if it doesn't exist: file:/home/alex/Repositories/hive/ql/target/tmp/org.apache.hadoop.hive.ql.TestTxnCommands-1713965238357/warehouse/nonacidorctbl
2024-04-24T06:28:18,541  INFO [main] metadata.Hive: Dumping metastore api call timing information for : execution phase
2024-04-24T06:28:18,541  INFO [main] metadata.Hive: Total time spent in each metastore function (ms): {isCompatibleWith_(Configuration)=0, createTable_(Table)=25}
2024-04-24T06:28:18,541  INFO [main] ql.Driver: Completed executing command(queryId=alex_20240424062818_9bf8ace7-56d2-454e-81b4-3d68e26f6874); Time taken: 0.026 seconds
2024-04-24T06:28:18,541  INFO [main] lockmgr.DbTxnManager: Stopped heartbeat for query: alex_20240424062818_9bf8ace7-56d2-454e-81b4-3d68e26f6874
2024-04-24T06:28:18,545  INFO [main] txn.TxnHandler: Expected to move at least one record from txn_components to completed_txn_components when committing txn! txnid:9
2024-04-24T06:28:18,551  INFO [main] txn.TxnHandler: Removed transactions: ([9]) from MIN_HISTORY_LEVEL
2024-04-24T06:28:18,551  WARN [main] txn.CompactionTxnHandler: No compaction queue record found for Compaction type transaction commit. txnId:9
2024-04-24T06:28:18,552  INFO [main] ql.TxnCommandsBaseForTests: Running the query: create table nonAcidOrcTbl2(a int, b int) clustered by (a) into 2 buckets stored as orc TBLPROPERTIES ('transactional'='false')
2024-04-24T06:28:18,552  INFO [main] ql.Driver: Compiling command(queryId=alex_20240424062818_0d689566-ca69-4399-b4a9-49d8a5938537): create table nonAcidOrcTbl2(a int, b int) clustered by (a) into 2 buckets stored as orc TBLPROPERTIES ('transactional'='false')
2024-04-24T06:28:18,555  INFO [main] txn.TxnHandler: Added entries to MIN_HISTORY_LEVEL for current txns: ([10]) with min_open_txn: 1
2024-04-24T06:28:18,555  INFO [main] lockmgr.DbTxnManager: Opened txnid:10
2024-04-24T06:28:18,555  INFO [main] parse.CalcitePlanner: Starting caching scope for: 
2024-04-24T06:28:18,555  INFO [main] parse.CalcitePlanner: Starting Semantic Analysis
2024-04-24T06:28:18,558  INFO [main] parse.CalcitePlanner: Creating table default.nonAcidOrcTbl2 position=13
2024-04-24T06:28:18,558  INFO [main] HiveMetaStore.audit: ugi=alex	ip=unknown-ip-addr	cmd=get_database: default	
2024-04-24T06:28:18,559  INFO [main] parse.CalcitePlanner: Ending caching scope for: 
2024-04-24T06:28:18,560  INFO [main] ql.Driver: Semantic Analysis Completed (retrial = false)
2024-04-24T06:28:18,560  INFO [main] ql.Driver: Created Hive schema: Schema(fieldSchemas:null, properties:null)
2024-04-24T06:28:18,560  INFO [main] metadata.Hive: Dumping metastore api call timing information for : compilation phase
2024-04-24T06:28:18,560  INFO [main] metadata.Hive: Total time spent in each metastore function (ms): {openTxn_(String, TxnType)=2, flushCache_()=1, commitTxn_(CommitTxnRequest)=10, getValidTxns_(long)=0, getValidWriteIds_(List, String)=2, getDatabase_(String)=1, isCompatibleWith_(Configuration)=1}
2024-04-24T06:28:18,560  INFO [main] ql.Driver: Completed compiling command(queryId=alex_20240424062818_0d689566-ca69-4399-b4a9-49d8a5938537); Time taken: 0.008 seconds
2024-04-24T06:28:18,560  INFO [main] lockmgr.DbTxnManager: Setting lock request transaction to txnid:10 for queryId=alex_20240424062818_0d689566-ca69-4399-b4a9-49d8a5938537
2024-04-24T06:28:18,560  INFO [main] lockmgr.DbLockManager: Requesting lock for queryId=alex_20240424062818_0d689566-ca69-4399-b4a9-49d8a5938537
2024-04-24T06:28:18,575  INFO [main] lockmgr.DbLockManager: Response to queryId=alex_20240424062818_0d689566-ca69-4399-b4a9-49d8a5938537 LockResponse(lockid:4, state:ACQUIRED)
2024-04-24T06:28:18,575  INFO [main] ql.Driver: Operation CREATETABLE obtained 1 locks
2024-04-24T06:28:18,575  INFO [main] ql.Driver: Executing command(queryId=alex_20240424062818_0d689566-ca69-4399-b4a9-49d8a5938537): create table nonAcidOrcTbl2(a int, b int) clustered by (a) into 2 buckets stored as orc TBLPROPERTIES ('transactional'='false')
2024-04-24T06:28:18,575  INFO [main] ql.Driver: Starting task [Stage-0:DDL] in serial mode
2024-04-24T06:28:18,576  INFO [main] HiveMetaStore.audit: ugi=alex	ip=unknown-ip-addr	cmd=create_table_req: Table(tableName:nonAcidOrcTbl2, dbName:default, owner:alex, createTime:1713965298, lastAccessTime:0, retention:0, sd:StorageDescriptor(cols:[FieldSchema(name:a, type:int, comment:null), FieldSchema(name:b, type:int, comment:null)], location:null, inputFormat:org.apache.hadoop.hive.ql.io.orc.OrcInputFormat, outputFormat:org.apache.hadoop.hive.ql.io.orc.OrcOutputFormat, compressed:false, numBuckets:2, serdeInfo:SerDeInfo(name:null, serializationLib:org.apache.hadoop.hive.ql.io.orc.OrcSerde, parameters:{serialization.format=1}), bucketCols:[a], sortCols:[], parameters:{}, skewedInfo:SkewedInfo(skewedColNames:[], skewedColValues:[], skewedColValueLocationMaps:{}), storedAsSubDirectories:false), partitionKeys:[], parameters:{transactional=false, bucketing_version=2, rawDataSize=0, numRows=0, numFiles=0, COLUMN_STATS_ACCURATE={"BASIC_STATS":"true","COLUMN_STATS":{"a":"true","b":"true"}}, totalSize=0, numFilesErasureCoded=0}, viewOriginalText:null, viewExpandedText:null, tableType:MANAGED_TABLE, privileges:PrincipalPrivilegeSet(userPrivileges:{alex=[PrivilegeGrantInfo(privilege:INSERT, createTime:-1, grantor:alex, grantorType:USER, grantOption:true), PrivilegeGrantInfo(privilege:SELECT, createTime:-1, grantor:alex, grantorType:USER, grantOption:true), PrivilegeGrantInfo(privilege:UPDATE, createTime:-1, grantor:alex, grantorType:USER, grantOption:true), PrivilegeGrantInfo(privilege:DELETE, createTime:-1, grantor:alex, grantorType:USER, grantOption:true)]}, groupPrivileges:null, rolePrivileges:null), temporary:false, catName:hive, ownerType:USER)	
2024-04-24T06:28:18,582  INFO [main] utils.FileUtils: Creating directory if it doesn't exist: file:/home/alex/Repositories/hive/ql/target/tmp/org.apache.hadoop.hive.ql.TestTxnCommands-1713965238357/warehouse/nonacidorctbl2
2024-04-24T06:28:18,596  INFO [main] metadata.Hive: Dumping metastore api call timing information for : execution phase
2024-04-24T06:28:18,596  INFO [main] metadata.Hive: Total time spent in each metastore function (ms): {isCompatibleWith_(Configuration)=0, createTable_(Table)=19}
2024-04-24T06:28:18,596  INFO [main] ql.Driver: Completed executing command(queryId=alex_20240424062818_0d689566-ca69-4399-b4a9-49d8a5938537); Time taken: 0.021 seconds
2024-04-24T06:28:18,596  INFO [main] lockmgr.DbTxnManager: Stopped heartbeat for query: alex_20240424062818_0d689566-ca69-4399-b4a9-49d8a5938537
2024-04-24T06:28:18,600  INFO [main] txn.TxnHandler: Expected to move at least one record from txn_components to completed_txn_components when committing txn! txnid:10
2024-04-24T06:28:18,607  INFO [main] txn.TxnHandler: Removed transactions: ([10]) from MIN_HISTORY_LEVEL
2024-04-24T06:28:18,607  WARN [main] txn.CompactionTxnHandler: No compaction queue record found for Compaction type transaction commit. txnId:10
2024-04-24T06:28:18,608  INFO [main] ql.TxnCommandsBaseForTests: Running the query: create temporary  table acidTbl2(a int, b int, c int) clustered by (c) into 2 buckets stored as orc TBLPROPERTIES ('transactional'='true')
2024-04-24T06:28:18,608  INFO [main] ql.Driver: Compiling command(queryId=alex_20240424062818_464bd95a-b0d1-4ee0-9242-771b2ec77c73): create temporary  table acidTbl2(a int, b int, c int) clustered by (c) into 2 buckets stored as orc TBLPROPERTIES ('transactional'='true')
2024-04-24T06:28:18,610  INFO [main] txn.TxnHandler: Added entries to MIN_HISTORY_LEVEL for current txns: ([11]) with min_open_txn: 1
2024-04-24T06:28:18,611  INFO [main] lockmgr.DbTxnManager: Opened txnid:11
2024-04-24T06:28:18,611  INFO [main] parse.CalcitePlanner: Starting caching scope for: 
2024-04-24T06:28:18,611  INFO [main] parse.CalcitePlanner: Starting Semantic Analysis
2024-04-24T06:28:18,614  INFO [main] parse.CalcitePlanner: Creating table default.acidTbl2 position=24
2024-04-24T06:28:18,614  INFO [main] HiveMetaStore.audit: ugi=alex	ip=unknown-ip-addr	cmd=get_database: default	
2024-04-24T06:28:18,616  INFO [main] parse.CalcitePlanner: Ending caching scope for: 
2024-04-24T06:28:18,616  INFO [main] ql.Driver: Semantic Analysis Completed (retrial = false)
2024-04-24T06:28:18,616  INFO [main] ql.Driver: Created Hive schema: Schema(fieldSchemas:null, properties:null)
2024-04-24T06:28:18,616  INFO [main] metadata.Hive: Dumping metastore api call timing information for : compilation phase
2024-04-24T06:28:18,616  INFO [main] metadata.Hive: Total time spent in each metastore function (ms): {getValidWriteIds_(List, String)=3, flushCache_()=0, getDatabase_(String)=2, commitTxn_(CommitTxnRequest)=12, isCompatibleWith_(Configuration)=1, getValidTxns_(long)=0, openTxn_(String, TxnType)=2}
2024-04-24T06:28:18,616  INFO [main] ql.Driver: Completed compiling command(queryId=alex_20240424062818_464bd95a-b0d1-4ee0-9242-771b2ec77c73); Time taken: 0.008 seconds
2024-04-24T06:28:18,616  INFO [main] lockmgr.DbTxnManager: Setting lock request transaction to txnid:11 for queryId=alex_20240424062818_464bd95a-b0d1-4ee0-9242-771b2ec77c73
2024-04-24T06:28:18,617  INFO [main] lockmgr.DbLockManager: Requesting lock for queryId=alex_20240424062818_464bd95a-b0d1-4ee0-9242-771b2ec77c73
2024-04-24T06:28:18,633  INFO [main] lockmgr.DbLockManager: Response to queryId=alex_20240424062818_464bd95a-b0d1-4ee0-9242-771b2ec77c73 LockResponse(lockid:5, state:ACQUIRED)
2024-04-24T06:28:18,633  INFO [main] ql.Driver: Operation CREATETABLE obtained 1 locks
2024-04-24T06:28:18,633  INFO [main] ql.Driver: Executing command(queryId=alex_20240424062818_464bd95a-b0d1-4ee0-9242-771b2ec77c73): create temporary  table acidTbl2(a int, b int, c int) clustered by (c) into 2 buckets stored as orc TBLPROPERTIES ('transactional'='true')
2024-04-24T06:28:18,634  INFO [main] ql.Driver: Starting task [Stage-0:DDL] in serial mode
2024-04-24T06:28:18,634  INFO [main] utils.FileUtils: Creating directory if it doesn't exist: file:/home/alex/Repositories/hive/ql/target/tmp/scratchdir/alex/552d77f1-937b-44e6-842c-b9f7507955ca/_tmp_space.db/7937aa79-c4f2-4328-abf6-5b59caf56bcd
2024-04-24T06:28:18,637  INFO [main] metadata.Hive: Dumping metastore api call timing information for : execution phase
2024-04-24T06:28:18,637  INFO [main] metadata.Hive: Total time spent in each metastore function (ms): {isCompatibleWith_(Configuration)=0, createTable_(Table)=3}
2024-04-24T06:28:18,638  INFO [main] ql.Driver: Completed executing command(queryId=alex_20240424062818_464bd95a-b0d1-4ee0-9242-771b2ec77c73); Time taken: 0.004 seconds
2024-04-24T06:28:18,638  INFO [main] lockmgr.DbTxnManager: Stopped heartbeat for query: alex_20240424062818_464bd95a-b0d1-4ee0-9242-771b2ec77c73
2024-04-24T06:28:18,642  INFO [main] txn.TxnHandler: Expected to move at least one record from txn_components to completed_txn_components when committing txn! txnid:11
2024-04-24T06:28:18,648  INFO [main] txn.TxnHandler: Removed transactions: ([11]) from MIN_HISTORY_LEVEL
2024-04-24T06:28:18,648  WARN [main] txn.CompactionTxnHandler: No compaction queue record found for Compaction type transaction commit. txnId:11
2024-04-24T06:28:18,649  INFO [main] ql.TxnCommandsBaseForTests: Running the query: create table nonAcidNonBucket(a int, b int) stored as orc TBLPROPERTIES ('transactional'='false')
2024-04-24T06:28:18,649  INFO [main] ql.Driver: Compiling command(queryId=alex_20240424062818_40164ade-f381-4f87-a9dd-61ceeb4efcaa): create table nonAcidNonBucket(a int, b int) stored as orc TBLPROPERTIES ('transactional'='false')
2024-04-24T06:28:18,651  INFO [main] txn.TxnHandler: Added entries to MIN_HISTORY_LEVEL for current txns: ([12]) with min_open_txn: 1
2024-04-24T06:28:18,651  INFO [main] lockmgr.DbTxnManager: Opened txnid:12
2024-04-24T06:28:18,652  INFO [main] parse.CalcitePlanner: Starting caching scope for: 
2024-04-24T06:28:18,652  INFO [main] parse.CalcitePlanner: Starting Semantic Analysis
2024-04-24T06:28:18,654  INFO [main] parse.CalcitePlanner: Creating table default.nonAcidNonBucket position=13
2024-04-24T06:28:18,654  INFO [main] HiveMetaStore.audit: ugi=alex	ip=unknown-ip-addr	cmd=get_database: default	
2024-04-24T06:28:18,656  INFO [main] parse.CalcitePlanner: Ending caching scope for: 
2024-04-24T06:28:18,656  INFO [main] ql.Driver: Semantic Analysis Completed (retrial = false)
2024-04-24T06:28:18,656  INFO [main] ql.Driver: Created Hive schema: Schema(fieldSchemas:null, properties:null)
2024-04-24T06:28:18,656  INFO [main] metadata.Hive: Dumping metastore api call timing information for : compilation phase
2024-04-24T06:28:18,656  INFO [main] metadata.Hive: Total time spent in each metastore function (ms): {getValidWriteIds_(List, String)=2, getDatabase_(String)=2, openTxn_(String, TxnType)=2, getValidTxns_(long)=0, commitTxn_(CommitTxnRequest)=11, flushCache_()=0, isCompatibleWith_(Configuration)=0}
2024-04-24T06:28:18,656  INFO [main] ql.Driver: Completed compiling command(queryId=alex_20240424062818_40164ade-f381-4f87-a9dd-61ceeb4efcaa); Time taken: 0.007 seconds
2024-04-24T06:28:18,657  INFO [main] lockmgr.DbTxnManager: Setting lock request transaction to txnid:12 for queryId=alex_20240424062818_40164ade-f381-4f87-a9dd-61ceeb4efcaa
2024-04-24T06:28:18,657  INFO [main] lockmgr.DbLockManager: Requesting lock for queryId=alex_20240424062818_40164ade-f381-4f87-a9dd-61ceeb4efcaa
2024-04-24T06:28:18,672  INFO [main] lockmgr.DbLockManager: Response to queryId=alex_20240424062818_40164ade-f381-4f87-a9dd-61ceeb4efcaa LockResponse(lockid:6, state:ACQUIRED)
2024-04-24T06:28:18,672  INFO [main] ql.Driver: Operation CREATETABLE obtained 1 locks
2024-04-24T06:28:18,672  INFO [main] ql.Driver: Executing command(queryId=alex_20240424062818_40164ade-f381-4f87-a9dd-61ceeb4efcaa): create table nonAcidNonBucket(a int, b int) stored as orc TBLPROPERTIES ('transactional'='false')
2024-04-24T06:28:18,672  INFO [main] ql.Driver: Starting task [Stage-0:DDL] in serial mode
2024-04-24T06:28:18,673  INFO [main] HiveMetaStore.audit: ugi=alex	ip=unknown-ip-addr	cmd=create_table_req: Table(tableName:nonAcidNonBucket, dbName:default, owner:alex, createTime:1713965298, lastAccessTime:0, retention:0, sd:StorageDescriptor(cols:[FieldSchema(name:a, type:int, comment:null), FieldSchema(name:b, type:int, comment:null)], location:null, inputFormat:org.apache.hadoop.hive.ql.io.orc.OrcInputFormat, outputFormat:org.apache.hadoop.hive.ql.io.orc.OrcOutputFormat, compressed:false, numBuckets:-1, serdeInfo:SerDeInfo(name:null, serializationLib:org.apache.hadoop.hive.ql.io.orc.OrcSerde, parameters:{serialization.format=1}), bucketCols:[], sortCols:[], parameters:{}, skewedInfo:SkewedInfo(skewedColNames:[], skewedColValues:[], skewedColValueLocationMaps:{}), storedAsSubDirectories:false), partitionKeys:[], parameters:{rawDataSize=0, bucketing_version=2, COLUMN_STATS_ACCURATE={"BASIC_STATS":"true","COLUMN_STATS":{"a":"true","b":"true"}}, numRows=0, numFiles=0, numFilesErasureCoded=0, totalSize=0, transactional=false}, viewOriginalText:null, viewExpandedText:null, tableType:MANAGED_TABLE, privileges:PrincipalPrivilegeSet(userPrivileges:{alex=[PrivilegeGrantInfo(privilege:INSERT, createTime:-1, grantor:alex, grantorType:USER, grantOption:true), PrivilegeGrantInfo(privilege:SELECT, createTime:-1, grantor:alex, grantorType:USER, grantOption:true), PrivilegeGrantInfo(privilege:UPDATE, createTime:-1, grantor:alex, grantorType:USER, grantOption:true), PrivilegeGrantInfo(privilege:DELETE, createTime:-1, grantor:alex, grantorType:USER, grantOption:true)]}, groupPrivileges:null, rolePrivileges:null), temporary:false, catName:hive, ownerType:USER)	
2024-04-24T06:28:18,679  INFO [main] utils.FileUtils: Creating directory if it doesn't exist: file:/home/alex/Repositories/hive/ql/target/tmp/org.apache.hadoop.hive.ql.TestTxnCommands-1713965238357/warehouse/nonacidnonbucket
2024-04-24T06:28:18,695  INFO [main] metadata.Hive: Dumping metastore api call timing information for : execution phase
2024-04-24T06:28:18,695  INFO [main] metadata.Hive: Total time spent in each metastore function (ms): {createTable_(Table)=22, isCompatibleWith_(Configuration)=0}
2024-04-24T06:28:18,695  INFO [main] ql.Driver: Completed executing command(queryId=alex_20240424062818_40164ade-f381-4f87-a9dd-61ceeb4efcaa); Time taken: 0.023 seconds
2024-04-24T06:28:18,695  INFO [main] lockmgr.DbTxnManager: Stopped heartbeat for query: alex_20240424062818_40164ade-f381-4f87-a9dd-61ceeb4efcaa
2024-04-24T06:28:18,700  INFO [main] txn.TxnHandler: Expected to move at least one record from txn_components to completed_txn_components when committing txn! txnid:12
2024-04-24T06:28:18,706  INFO [main] txn.TxnHandler: Removed transactions: ([12]) from MIN_HISTORY_LEVEL
2024-04-24T06:28:18,707  WARN [main] txn.CompactionTxnHandler: No compaction queue record found for Compaction type transaction commit. txnId:12
2024-04-24T06:28:18,707  INFO [main] ql.TxnCommandsBaseForTests: Running the query: insert into nonAcidOrcTbl  values(2,2),(4,44),(5,5),(11,11)
2024-04-24T06:28:18,707  INFO [main] ql.Driver: Compiling command(queryId=alex_20240424062818_d9a3f03d-2914-4d75-9af0-3243a91bda37): insert into nonAcidOrcTbl  values(2,2),(4,44),(5,5),(11,11)
2024-04-24T06:28:18,710  INFO [main] txn.TxnHandler: Added entries to MIN_HISTORY_LEVEL for current txns: ([13]) with min_open_txn: 1
2024-04-24T06:28:18,710  INFO [main] lockmgr.DbTxnManager: Opened txnid:13
2024-04-24T06:28:18,711  INFO [main] parse.CalcitePlanner: Starting caching scope for: 
2024-04-24T06:28:18,711  INFO [main] parse.CalcitePlanner: Starting Semantic Analysis
2024-04-24T06:28:18,714  INFO [main] HiveMetaStore.audit: ugi=alex	ip=unknown-ip-addr	cmd=get_table : tbl=hive.default.nonAcidOrcTbl	
2024-04-24T06:28:18,752  INFO [main] metastore.HMSHandler: Skipping translation for processor with null
2024-04-24T06:28:18,752  INFO [main] parse.CalcitePlanner: Completed phase 1 of Semantic Analysis
2024-04-24T06:28:18,752  INFO [main] parse.CalcitePlanner: Get metadata for source tables
2024-04-24T06:28:18,752  INFO [main] parse.CalcitePlanner: Get metadata for subqueries
2024-04-24T06:28:18,752  INFO [main] parse.CalcitePlanner: Get metadata for destination tables
2024-04-24T06:28:18,752  INFO [main] HiveMetaStore.audit: ugi=alex	ip=unknown-ip-addr	cmd=get_table : tbl=hive.default.nonAcidOrcTbl	
2024-04-24T06:28:18,761  INFO [main] metastore.HMSHandler: Skipping translation for processor with null
2024-04-24T06:28:18,762  INFO [main] parse.CalcitePlanner: Completed getting MetaData in Semantic Analysis
2024-04-24T06:28:18,762  INFO [main] parse.CalcitePlanner: Disabling LLAP IO encode as ETL query is detected
2024-04-24T06:28:18,783  INFO [main] HiveMetaStore.audit: ugi=alex	ip=unknown-ip-addr	cmd=get_all_table_constraints : tbl=hive._dummy_database._dummy_table	
2024-04-24T06:28:18,858  INFO [main] parse.CalcitePlanner: Get metadata for source tables
2024-04-24T06:28:18,858  INFO [main] parse.CalcitePlanner: Get metadata for subqueries
2024-04-24T06:28:18,858  INFO [main] parse.CalcitePlanner: Get metadata for source tables
2024-04-24T06:28:18,859  INFO [main] HiveMetaStore.audit: ugi=alex	ip=unknown-ip-addr	cmd=get_table : tbl=hive._dummy_database._dummy_table	
2024-04-24T06:28:18,861  INFO [main] parse.CalcitePlanner: Get metadata for subqueries
2024-04-24T06:28:18,861  INFO [main] parse.CalcitePlanner: Get metadata for destination tables
2024-04-24T06:28:18,861  INFO [main] parse.CalcitePlanner: Get metadata for destination tables
2024-04-24T06:28:18,861  INFO [main] HiveMetaStore.audit: ugi=alex	ip=unknown-ip-addr	cmd=get_table : tbl=hive.default.nonAcidOrcTbl	
2024-04-24T06:28:18,871  INFO [main] metastore.HMSHandler: Skipping translation for processor with null
2024-04-24T06:28:18,873  INFO [main] common.FileUtils: Creating directory if it doesn't exist: file:/home/alex/Repositories/hive/ql/target/tmp/org.apache.hadoop.hive.ql.TestTxnCommands-1713965238357/warehouse/nonacidorctbl/.hive-staging_hive_2024-04-24_06-28-18_707_8997529903944206478-1
2024-04-24T06:28:18,875  INFO [main] HiveMetaStore.audit: ugi=alex	ip=unknown-ip-addr	cmd=get_not_null_constraints : tbl=hive.default.nonacidorctbl	
2024-04-24T06:28:18,877  INFO [main] HiveMetaStore.audit: ugi=alex	ip=unknown-ip-addr	cmd=get_check_constraints : tbl=hive.default.nonacidorctbl	
2024-04-24T06:28:18,878  INFO [main] parse.CalcitePlanner: CBO Succeeded; optimized logical plan.
2024-04-24T06:28:18,881  INFO [main] optimizer.ColumnPrunerProcFactory: RS 4 oldColExprMap: {VALUE._col0=Column[_col1], KEY.reducesinkkey0=Column[_col0]}
2024-04-24T06:28:18,881  INFO [main] optimizer.ColumnPrunerProcFactory: RS 4 newColExprMap: {KEY.reducesinkkey0=Column[_col0], VALUE._col0=Column[_col1]}
2024-04-24T06:28:18,882  INFO [main] optimizer.BucketVersionPopulator: not considering bucketingVersion for: TS[0] because it has -1<2 buckets 
2024-04-24T06:28:18,883  INFO [main] optimizer.SortedDynPartitionOptimizer: Sorted dynamic partitioning optimization kicked in..
2024-04-24T06:28:18,891  INFO [main] HiveMetaStore.audit: ugi=alex	ip=unknown-ip-addr	cmd=get_table : tbl=hive.default.nonacidorctbl	
2024-04-24T06:28:18,905  INFO [main] metastore.HMSHandler: Skipping translation for processor with null
2024-04-24T06:28:18,905  INFO [main] parse.CalcitePlanner: Completed plan generation
2024-04-24T06:28:18,905  INFO [main] parse.CalcitePlanner: Ending caching scope for: 
2024-04-24T06:28:18,905  INFO [main] ql.Driver: Semantic Analysis Completed (retrial = false)
2024-04-24T06:28:18,905  INFO [main] ql.Driver: Created Hive schema: Schema(fieldSchemas:[FieldSchema(name:col1, type:int, comment:null), FieldSchema(name:col2, type:int, comment:null)], properties:null)
2024-04-24T06:28:18,905  INFO [main] metadata.Hive: Dumping metastore api call timing information for : compilation phase
2024-04-24T06:28:18,905  INFO [main] metadata.Hive: Total time spent in each metastore function (ms): {getTable_(GetTableRequest)=72, getCheckConstraints_(CheckConstraintsRequest)=0, openTxn_(String, TxnType)=2, commitTxn_(CommitTxnRequest)=12, isCompatibleWith_(Configuration)=1, getNotNullConstraints_(NotNullConstraintsRequest)=2, getValidWriteIds_(List, String)=3, getValidTxns_(long)=1, getAllTableConstraints_(AllTableConstraintsRequest)=28, flushCache_()=0}
2024-04-24T06:28:18,906  INFO [main] ql.Driver: Completed compiling command(queryId=alex_20240424062818_d9a3f03d-2914-4d75-9af0-3243a91bda37); Time taken: 0.198 seconds
2024-04-24T06:28:18,906  INFO [main] lockmgr.DbTxnManager: Setting lock request transaction to txnid:13 for queryId=alex_20240424062818_d9a3f03d-2914-4d75-9af0-3243a91bda37
2024-04-24T06:28:18,906  INFO [main] lockmgr.DbLockManager: Requesting lock for queryId=alex_20240424062818_d9a3f03d-2914-4d75-9af0-3243a91bda37
2024-04-24T06:28:18,930  INFO [main] lockmgr.DbLockManager: Response to queryId=alex_20240424062818_d9a3f03d-2914-4d75-9af0-3243a91bda37 LockResponse(lockid:7, state:ACQUIRED)
2024-04-24T06:28:18,930  INFO [main] ql.Driver: Operation QUERY obtained 1 locks
2024-04-24T06:28:18,930  INFO [main] ql.Driver: Executing command(queryId=alex_20240424062818_d9a3f03d-2914-4d75-9af0-3243a91bda37): insert into nonAcidOrcTbl  values(2,2),(4,44),(5,5),(11,11)
2024-04-24T06:28:18,930  WARN [main] ql.Driver: Hive-on-MR is deprecated in Hive 2 and may not be available in the future versions. Consider using a different execution engine (i.e. spark, tez) or using Hive 1.X releases.
Query ID = alex_20240424062818_d9a3f03d-2914-4d75-9af0-3243a91bda37
2024-04-24T06:28:18,930  INFO [main] ql.Driver: Query ID = alex_20240424062818_d9a3f03d-2914-4d75-9af0-3243a91bda37
Total jobs = 1
2024-04-24T06:28:18,930  INFO [main] ql.Driver: Total jobs = 1
Launching Job 1 out of 1
2024-04-24T06:28:18,931  INFO [main] ql.Driver: Launching Job 1 out of 1
2024-04-24T06:28:19,087  INFO [main] ql.Driver: Starting task [Stage-1:MAPRED] in serial mode
Number of reduce tasks determined at compile time: 2
2024-04-24T06:28:19,087  INFO [main] exec.Task: Number of reduce tasks determined at compile time: 2
In order to change the average load for a reducer (in bytes):
2024-04-24T06:28:19,087  INFO [main] exec.Task: In order to change the average load for a reducer (in bytes):
  set hive.exec.reducers.bytes.per.reducer=<number>
2024-04-24T06:28:19,087  INFO [main] exec.Task:   set hive.exec.reducers.bytes.per.reducer=<number>
In order to limit the maximum number of reducers:
2024-04-24T06:28:19,087  INFO [main] exec.Task: In order to limit the maximum number of reducers:
  set hive.exec.reducers.max=<number>
2024-04-24T06:28:19,087  INFO [main] exec.Task:   set hive.exec.reducers.max=<number>
In order to set a constant number of reducers:
2024-04-24T06:28:19,087  INFO [main] exec.Task: In order to set a constant number of reducers:
  set mapreduce.job.reduces=<number>
2024-04-24T06:28:19,087  INFO [main] exec.Task:   set mapreduce.job.reduces=<number>
2024-04-24T06:28:19,089  INFO [main] mr.ExecDriver: Using org.apache.hadoop.hive.ql.io.HiveInputFormat
2024-04-24T06:28:19,089  INFO [main] exec.Utilities: Processing alias $hdt$_0:_dummy_table
2024-04-24T06:28:19,090  INFO [main] exec.Utilities: Adding 1 inputs; the first input is file:/home/alex/Repositories/hive/ql/target/tmp/localscratchdir/552d77f1-937b-44e6-842c-b9f7507955ca/hive_2024-04-24_06-28-18_707_8997529903944206478-1/dummy_path
2024-04-24T06:28:19,099  INFO [main] exec.SerializationUtilities: Serializing MapWork using kryo
2024-04-24T06:28:19,100  INFO [main] exec.Utilities: Serialized plan (via FILE) - name: null size: 5,01KB
2024-04-24T06:28:19,105  INFO [main] exec.SerializationUtilities: Serializing ReduceWork using kryo
2024-04-24T06:28:19,106  INFO [main] exec.Utilities: Serialized plan (via FILE) - name: null size: 6,35KB
2024-04-24T06:28:19,107  WARN [main] impl.MetricsSystemImpl: JobTracker metrics system already initialized!
2024-04-24T06:28:19,111  INFO [main] fs.FSStatsPublisher: created : file:/home/alex/Repositories/hive/ql/target/tmp/localscratchdir/552d77f1-937b-44e6-842c-b9f7507955ca/hive_2024-04-24_06-28-18_707_8997529903944206478-1/-mr-10001
2024-04-24T06:28:19,115  WARN [main] impl.MetricsSystemImpl: JobTracker metrics system already initialized!
2024-04-24T06:28:19,122  WARN [main] mapreduce.JobResourceUploader: Hadoop command-line option parsing not performed. Implement the Tool interface and execute your application with ToolRunner to remedy this.
2024-04-24T06:28:19,127  WARN [main] mapreduce.JobResourceUploader: No job jar file set.  User classes may not be found. See Job or Job#setJar(String).
2024-04-24T06:28:19,128  INFO [main] io.HiveInputFormat: hive.io.file.readcolumn.ids = 
2024-04-24T06:28:19,128  INFO [main] io.HiveInputFormat: hive.io.file.readcolumn.names = 
2024-04-24T06:28:19,128  INFO [main] io.HiveInputFormat: Generating splits for dirs: file:/home/alex/Repositories/hive/ql/target/tmp/localscratchdir/552d77f1-937b-44e6-842c-b9f7507955ca/hive_2024-04-24_06-28-18_707_8997529903944206478-1/dummy_path
2024-04-24T06:28:19,128  INFO [main] io.HiveInputFormat: number of splits 1
2024-04-24T06:28:19,147  INFO [main] mapreduce.JobSubmitter: number of splits:1
2024-04-24T06:28:19,166  INFO [main] mapreduce.JobSubmitter: Submitting tokens for job: job_local2052440679_0021
2024-04-24T06:28:19,166  INFO [main] mapreduce.JobSubmitter: Executing with tokens: []
2024-04-24T06:28:19,230  INFO [main] mapreduce.Job: The url to track the job: http://localhost:8080/
Job running in-process (local Hadoop)
2024-04-24T06:28:19,230  INFO [main] exec.Task: Job running in-process (local Hadoop)
2024-04-24T06:28:19,230  INFO [Thread-1673] mapred.LocalJobRunner: OutputCommitter set in config org.apache.hadoop.hive.ql.io.HiveFileFormatUtils$NullOutputCommitter
2024-04-24T06:28:19,230  INFO [Thread-1673] mapred.LocalJobRunner: OutputCommitter is org.apache.hadoop.hive.ql.io.HiveFileFormatUtils$NullOutputCommitter
2024-04-24T06:28:19,232  INFO [Thread-1673] mapred.LocalJobRunner: Waiting for map tasks
2024-04-24T06:28:19,232  INFO [LocalJobRunner Map Task Executor #0] mapred.LocalJobRunner: Starting task: attempt_local2052440679_0021_m_000000_0
2024-04-24T06:28:19,235  INFO [LocalJobRunner Map Task Executor #0] mapred.Task:  Using ResourceCalculatorProcessTree : [ ]
2024-04-24T06:28:19,236  INFO [LocalJobRunner Map Task Executor #0] mapred.MapTask: Processing split: org.apache.hadoop.hive.ql.io.NullRowsInputFormat:file:/home/alex/Repositories/hive/ql/target/tmp/localscratchdir/552d77f1-937b-44e6-842c-b9f7507955ca/hive_2024-04-24_06-28-18_707_8997529903944206478-1/dummy_path/null:0+1
2024-04-24T06:28:19,238  INFO [LocalJobRunner Map Task Executor #0] exec.SerializationUtilities: Deserializing MapWork using kryo
2024-04-24T06:28:19,239  INFO [LocalJobRunner Map Task Executor #0] exec.Utilities: Deserialized plan (via FILE) - name: null size: 5,01KB
2024-04-24T06:28:19,239  INFO [LocalJobRunner Map Task Executor #0] mapred.MapTask: numReduceTasks: 2
2024-04-24T06:28:19,244  INFO [LocalJobRunner Map Task Executor #0] mapred.MapTask: (EQUATOR) 0 kvi 26214396(104857584)
2024-04-24T06:28:19,244  INFO [LocalJobRunner Map Task Executor #0] mapred.MapTask: mapreduce.task.io.sort.mb: 100
2024-04-24T06:28:19,244  INFO [LocalJobRunner Map Task Executor #0] mapred.MapTask: soft limit at 83886080
2024-04-24T06:28:19,244  INFO [LocalJobRunner Map Task Executor #0] mapred.MapTask: bufstart = 0; bufvoid = 104857600
2024-04-24T06:28:19,244  INFO [LocalJobRunner Map Task Executor #0] mapred.MapTask: kvstart = 26214396; length = 6553600
2024-04-24T06:28:19,245  INFO [LocalJobRunner Map Task Executor #0] mapred.MapTask: Map output collector class = org.apache.hadoop.mapred.MapTask$MapOutputBuffer
2024-04-24T06:28:19,245  INFO [LocalJobRunner Map Task Executor #0] exec.MapOperator: Initializing Operator: MAP[0]
2024-04-24T06:28:19,245  INFO [LocalJobRunner Map Task Executor #0] mr.ExecMapper: 
<MAP>Id =0
  <Children>null
  <\Children>
  <Parent><\Parent>
<\MAP>
2024-04-24T06:28:19,246  INFO [LocalJobRunner Map Task Executor #0] exec.TableScanOperator: Initializing Operator: TS[0]
2024-04-24T06:28:19,246  INFO [LocalJobRunner Map Task Executor #0] exec.SelectOperator: Initializing Operator: SEL[1]
2024-04-24T06:28:19,246  INFO [LocalJobRunner Map Task Executor #0] exec.SelectOperator: SELECT null
2024-04-24T06:28:19,247  INFO [LocalJobRunner Map Task Executor #0] exec.UDTFOperator: Initializing Operator: UDTF[2]
2024-04-24T06:28:19,247  INFO [LocalJobRunner Map Task Executor #0] exec.SelectOperator: Initializing Operator: SEL[3]
2024-04-24T06:28:19,247  INFO [LocalJobRunner Map Task Executor #0] exec.SelectOperator: SELECT struct<col1:int,col2:int>
2024-04-24T06:28:19,247  INFO [LocalJobRunner Map Task Executor #0] exec.ReduceSinkOperator: Initializing Operator: RS[4]
2024-04-24T06:28:19,247  INFO [LocalJobRunner Map Task Executor #0] exec.ReduceSinkOperator: Using tag = -1
2024-04-24T06:28:19,247  INFO [LocalJobRunner Map Task Executor #0] exec.ReduceSinkOperator: keys are [reducesinkkey0] num distributions: 1
2024-04-24T06:28:19,247  INFO [LocalJobRunner Map Task Executor #0] exec.ReduceSinkOperator: RS[4]: records written - 1
2024-04-24T06:28:19,247  INFO [LocalJobRunner Map Task Executor #0] exec.MapOperator: MAP[0]: records read - 1
2024-04-24T06:28:19,248  INFO [LocalJobRunner Map Task Executor #0] exec.MapOperator: Closing Operator: MAP[0]
2024-04-24T06:28:19,248  INFO [LocalJobRunner Map Task Executor #0] exec.MapOperator: MAP[0]: Total records read - 3. abort - false
2024-04-24T06:28:19,248  INFO [LocalJobRunner Map Task Executor #0] exec.MapOperator: RECORDS_IN:3, RECORDS_OUT_INTERMEDIATE:0, DESERIALIZE_ERRORS:0, RECORDS_OUT_OPERATOR_MAP_0:0, 
2024-04-24T06:28:19,248  INFO [LocalJobRunner Map Task Executor #0] exec.TableScanOperator: Closing Operator: TS[0]
2024-04-24T06:28:19,248  INFO [LocalJobRunner Map Task Executor #0] exec.TableScanOperator: RECORDS_OUT_OPERATOR_TS_0:1, RECORDS_OUT_INTERMEDIATE:0, 
2024-04-24T06:28:19,248  INFO [LocalJobRunner Map Task Executor #0] exec.SelectOperator: Closing Operator: SEL[1]
2024-04-24T06:28:19,248  INFO [LocalJobRunner Map Task Executor #0] exec.SelectOperator: RECORDS_OUT_OPERATOR_SEL_1:1, RECORDS_OUT_INTERMEDIATE:0, 
2024-04-24T06:28:19,248  INFO [LocalJobRunner Map Task Executor #0] exec.UDTFOperator: Closing Operator: UDTF[2]
2024-04-24T06:28:19,248  INFO [LocalJobRunner Map Task Executor #0] exec.UDTFOperator: RECORDS_OUT_INTERMEDIATE:0, RECORDS_OUT_OPERATOR_UDTF_2:4, 
2024-04-24T06:28:19,248  INFO [LocalJobRunner Map Task Executor #0] exec.SelectOperator: Closing Operator: SEL[3]
2024-04-24T06:28:19,248  INFO [LocalJobRunner Map Task Executor #0] exec.SelectOperator: RECORDS_OUT_OPERATOR_SEL_3:4, RECORDS_OUT_INTERMEDIATE:0, 
2024-04-24T06:28:19,248  INFO [LocalJobRunner Map Task Executor #0] exec.ReduceSinkOperator: Closing Operator: RS[4]
2024-04-24T06:28:19,248  INFO [LocalJobRunner Map Task Executor #0] exec.ReduceSinkOperator: RS[4]: Total records written - 4. abort - false
2024-04-24T06:28:19,248  INFO [LocalJobRunner Map Task Executor #0] exec.ReduceSinkOperator: RECORDS_OUT_OPERATOR_RS_4:4, RECORDS_OUT_INTERMEDIATE:4, 
2024-04-24T06:28:19,250  INFO [LocalJobRunner Map Task Executor #0] mapred.LocalJobRunner: 
2024-04-24T06:28:19,250  INFO [LocalJobRunner Map Task Executor #0] mapred.MapTask: Starting flush of map output
2024-04-24T06:28:19,250  INFO [LocalJobRunner Map Task Executor #0] mapred.MapTask: Spilling map output
2024-04-24T06:28:19,250  INFO [LocalJobRunner Map Task Executor #0] mapred.MapTask: bufstart = 0; bufend = 64; bufvoid = 104857600
2024-04-24T06:28:19,250  INFO [LocalJobRunner Map Task Executor #0] mapred.MapTask: kvstart = 26214396(104857584); kvend = 26214384(104857536); length = 13/6553600
2024-04-24T06:28:19,260  INFO [LocalJobRunner Map Task Executor #0] mapred.MapTask: Finished spill 0
2024-04-24T06:28:19,265  INFO [LocalJobRunner Map Task Executor #0] mapred.Task: Task:attempt_local2052440679_0021_m_000000_0 is done. And is in the process of committing
2024-04-24T06:28:19,266  INFO [LocalJobRunner Map Task Executor #0] mapred.LocalJobRunner: map
2024-04-24T06:28:19,266  INFO [LocalJobRunner Map Task Executor #0] mapred.Task: Task 'attempt_local2052440679_0021_m_000000_0' done.
2024-04-24T06:28:19,266  INFO [LocalJobRunner Map Task Executor #0] mapred.Task: Final Counters for attempt_local2052440679_0021_m_000000_0: Counters: 26
	File System Counters
		FILE: Number of bytes read=445940
		FILE: Number of bytes written=24763222
		FILE: Number of read operations=0
		FILE: Number of large read operations=0
		FILE: Number of write operations=0
	Map-Reduce Framework
		Map input records=4
		Map output records=4
		Map output bytes=64
		Map output materialized bytes=84
		Input split bytes=361
		Combine input records=0
		Spilled Records=4
		Failed Shuffles=0
		Merged Map outputs=0
		GC time elapsed (ms)=0
		Total committed heap usage (bytes)=1114636288
	HIVE
		DESERIALIZE_ERRORS=0
		RECORDS_IN=3
		RECORDS_OUT_INTERMEDIATE=4
		RECORDS_OUT_OPERATOR_MAP_0=0
		RECORDS_OUT_OPERATOR_RS_4=4
		RECORDS_OUT_OPERATOR_SEL_1=1
		RECORDS_OUT_OPERATOR_SEL_3=4
		RECORDS_OUT_OPERATOR_TS_0=1
		RECORDS_OUT_OPERATOR_UDTF_2=4
	File Input Format Counters 
		Bytes Read=5058
2024-04-24T06:28:19,266  INFO [LocalJobRunner Map Task Executor #0] mapred.LocalJobRunner: Finishing task: attempt_local2052440679_0021_m_000000_0
2024-04-24T06:28:19,266  INFO [Thread-1673] mapred.LocalJobRunner: map task executor complete.
2024-04-24T06:28:19,267  INFO [Thread-1673] mapred.LocalJobRunner: Waiting for reduce tasks
2024-04-24T06:28:19,268  INFO [pool-102-thread-1] mapred.LocalJobRunner: Starting task: attempt_local2052440679_0021_r_000000_0
2024-04-24T06:28:19,270  INFO [pool-102-thread-1] mapred.Task:  Using ResourceCalculatorProcessTree : [ ]
2024-04-24T06:28:19,270  INFO [pool-102-thread-1] mapred.ReduceTask: Using ShuffleConsumerPlugin: org.apache.hadoop.mapreduce.task.reduce.Shuffle@553b3c57
2024-04-24T06:28:19,270  WARN [pool-102-thread-1] impl.MetricsSystemImpl: JobTracker metrics system already initialized!
2024-04-24T06:28:19,271  INFO [pool-102-thread-1] reduce.MergeManagerImpl: MergerManager: memoryLimit=1336252800, maxSingleShuffleLimit=334063200, mergeThreshold=881926912, ioSortFactor=10, memToMemMergeOutputsThreshold=10
2024-04-24T06:28:19,271  INFO [EventFetcher for fetching Map Completion Events] reduce.EventFetcher: attempt_local2052440679_0021_r_000000_0 Thread started: EventFetcher for fetching Map Completion Events
2024-04-24T06:28:19,274  INFO [localfetcher#30] reduce.LocalFetcher: localfetcher#30 about to shuffle output of map attempt_local2052440679_0021_m_000000_0 decomp: 20 len: 24 to MEMORY
2024-04-24T06:28:19,274  INFO [localfetcher#30] reduce.InMemoryMapOutput: Read 20 bytes from map-output for attempt_local2052440679_0021_m_000000_0
2024-04-24T06:28:19,274  INFO [localfetcher#30] reduce.MergeManagerImpl: closeInMemoryFile -> map-output of size: 20, inMemoryMapOutputs.size() -> 1, commitMemory -> 0, usedMemory ->20
2024-04-24T06:28:19,274  INFO [EventFetcher for fetching Map Completion Events] reduce.EventFetcher: EventFetcher is interrupted.. Returning
2024-04-24T06:28:19,275  INFO [pool-102-thread-1] mapred.LocalJobRunner: 1 / 1 copied.
2024-04-24T06:28:19,275  INFO [pool-102-thread-1] reduce.MergeManagerImpl: finalMerge called with 1 in-memory map-outputs and 0 on-disk map-outputs
2024-04-24T06:28:19,281  INFO [pool-102-thread-1] mapred.Merger: Merging 1 sorted segments
2024-04-24T06:28:19,281  INFO [pool-102-thread-1] mapred.Merger: Down to the last merge-pass, with 1 segments left of total size: 8 bytes
2024-04-24T06:28:19,284  INFO [pool-102-thread-1] reduce.MergeManagerImpl: Merged 1 segments, 20 bytes to disk to satisfy reduce memory limit
2024-04-24T06:28:19,284  INFO [pool-102-thread-1] reduce.MergeManagerImpl: Merging 1 files, 24 bytes from disk
2024-04-24T06:28:19,284  INFO [pool-102-thread-1] reduce.MergeManagerImpl: Merging 0 segments, 0 bytes from memory into reduce
2024-04-24T06:28:19,284  INFO [pool-102-thread-1] mapred.Merger: Merging 1 sorted segments
2024-04-24T06:28:19,284  INFO [pool-102-thread-1] mapred.Merger: Down to the last merge-pass, with 1 segments left of total size: 8 bytes
2024-04-24T06:28:19,284  INFO [pool-102-thread-1] mapred.LocalJobRunner: 1 / 1 copied.
2024-04-24T06:28:19,285  INFO [pool-102-thread-1] exec.SerializationUtilities: Deserializing ReduceWork using kryo
2024-04-24T06:28:19,285  INFO [pool-102-thread-1] exec.Utilities: Deserialized plan (via FILE) - name: null size: 6,35KB
2024-04-24T06:28:19,286  INFO [pool-102-thread-1] ExecReducer: 
<SEL>Id =5
  <Children>
    <FS>Id =6
      <Children>
      <\Children>
      <Parent>Id = 5 null<\Parent>
    <\FS>
  <\Children>
  <Parent><\Parent>
<\SEL>
2024-04-24T06:28:19,286  INFO [pool-102-thread-1] exec.SelectOperator: Initializing Operator: SEL[5]
2024-04-24T06:28:19,286  INFO [pool-102-thread-1] exec.SelectOperator: SELECT struct<key:struct<reducesinkkey0:int>,value:struct<_col0:int>>
2024-04-24T06:28:19,286  INFO [pool-102-thread-1] exec.FileSinkOperator: Initializing Operator: FS[6]
2024-04-24T06:28:19,287  INFO [pool-102-thread-1] exec.FileSinkOperator: Using serializer : AbstractSerDe [log=org.apache.logging.slf4j.Log4jLogger@3c370966, configuration=Optional[Configuration: core-default.xml, core-site.xml, mapred-default.xml, mapred-site.xml, yarn-default.xml, yarn-site.xml, hdfs-default.xml, hdfs-site.xml, file:/home/alex/Repositories/hive/ql/target/tmp/TestTxnCommands/mapred/local/localRunner/alex/job_local2052440679_0021/job_local2052440679_0021.xml], properties={name=default.nonacidorctbl, columns.types=int:int, bucket_field_name=a, serialization.format=1, columns=a,b, numFilesErasureCoded=0, columns.comments=&amp#0;, bucketing_version=2, bucket_count=2, serialization.lib=org.apache.hadoop.hive.ql.io.orc.OrcSerde, file.inputformat=org.apache.hadoop.hive.ql.io.orc.OrcInputFormat, file.outputformat=org.apache.hadoop.hive.ql.io.orc.OrcOutputFormat, location=file:/home/alex/Repositories/hive/ql/target/tmp/org.apache.hadoop.hive.ql.TestTxnCommands-1713965238357/warehouse/nonacidorctbl, column.name.delimiter=,}, tableProperties={name=default.nonacidorctbl, columns.types=int:int, bucket_field_name=a, serialization.format=1, columns=a,b, numFilesErasureCoded=0, columns.comments=&amp#0;, bucketing_version=2, bucket_count=2, serialization.lib=org.apache.hadoop.hive.ql.io.orc.OrcSerde, file.inputformat=org.apache.hadoop.hive.ql.io.orc.OrcInputFormat, location=file:/home/alex/Repositories/hive/ql/target/tmp/org.apache.hadoop.hive.ql.TestTxnCommands-1713965238357/warehouse/nonacidorctbl, file.outputformat=org.apache.hadoop.hive.ql.io.orc.OrcOutputFormat, column.name.delimiter=,}, partitionProperties=Optional.empty, columnNames=[a, b], columnTypes=[int, int], getClass()=class org.apache.hadoop.hive.ql.io.orc.OrcSerde] and formatter : org.apache.hadoop.hive.ql.io.orc.OrcOutputFormat@128316ec
2024-04-24T06:28:19,287  INFO [pool-102-thread-1] exec.FileSinkOperator: Final Path: FS file:/home/alex/Repositories/hive/ql/target/tmp/org.apache.hadoop.hive.ql.TestTxnCommands-1713965238357/warehouse/nonacidorctbl/.hive-staging_hive_2024-04-24_06-28-18_707_8997529903944206478-1/_tmp.-ext-10000/000000_0
2024-04-24T06:28:19,287  INFO [pool-102-thread-1] exec.FileSinkOperator: Writing to temp file: FS file:/home/alex/Repositories/hive/ql/target/tmp/org.apache.hadoop.hive.ql.TestTxnCommands-1713965238357/warehouse/nonacidorctbl/.hive-staging_hive_2024-04-24_06-28-18_707_8997529903944206478-1/_task_tmp.-ext-10000/_tmp.000000_0
2024-04-24T06:28:19,287  INFO [pool-102-thread-1] exec.FileSinkOperator: New Final Path: FS file:/home/alex/Repositories/hive/ql/target/tmp/org.apache.hadoop.hive.ql.TestTxnCommands-1713965238357/warehouse/nonacidorctbl/.hive-staging_hive_2024-04-24_06-28-18_707_8997529903944206478-1/_tmp.-ext-10000/000000_0
2024-04-24T06:28:19,288  INFO [pool-102-thread-1] exec.FileSinkOperator: FS[6]: records written - 1
2024-04-24T06:28:19,288  INFO [pool-102-thread-1] impl.PhysicalFsWriter: ORC writer created for path: file:/home/alex/Repositories/hive/ql/target/tmp/org.apache.hadoop.hive.ql.TestTxnCommands-1713965238357/warehouse/nonacidorctbl/.hive-staging_hive_2024-04-24_06-28-18_707_8997529903944206478-1/_task_tmp.-ext-10000/_tmp.000000_0 with stripeSize: 67108864 blockSize: 268435456 compression: Compress: ZLIB buffer: 262144
2024-04-24T06:28:19,296  INFO [pool-102-thread-1] impl.WriterImpl: ORC writer created for path: file:/home/alex/Repositories/hive/ql/target/tmp/org.apache.hadoop.hive.ql.TestTxnCommands-1713965238357/warehouse/nonacidorctbl/.hive-staging_hive_2024-04-24_06-28-18_707_8997529903944206478-1/_task_tmp.-ext-10000/_tmp.000000_0 with stripeSize: 67108864 options: Compress: ZLIB buffer: 262144
2024-04-24T06:28:19,296  INFO [pool-102-thread-1] exec.SelectOperator: Closing Operator: SEL[5]
2024-04-24T06:28:19,296  INFO [pool-102-thread-1] exec.SelectOperator: RECORDS_OUT_INTERMEDIATE:0, RECORDS_OUT_OPERATOR_SEL_5:1, 
2024-04-24T06:28:19,296  INFO [pool-102-thread-1] exec.FileSinkOperator: Closing Operator: FS[6]
2024-04-24T06:28:19,296  INFO [pool-102-thread-1] exec.FileSinkOperator: FS[6]: records written - 1
2024-04-24T06:28:19,303  INFO [pool-102-thread-1] exec.FileSinkOperator: TOTAL_TABLE_ROWS_WRITTEN:1, RECORDS_OUT_1_default.nonacidorctbl:1, RECORDS_OUT_INTERMEDIATE:0, RECORDS_OUT_OPERATOR_FS_6:1, 
2024-04-24T06:28:19,303  INFO [pool-102-thread-1] mapred.Task: Task:attempt_local2052440679_0021_r_000000_0 is done. And is in the process of committing
2024-04-24T06:28:19,304  INFO [pool-102-thread-1] mapred.LocalJobRunner: reduce > reduce
2024-04-24T06:28:19,304  INFO [pool-102-thread-1] mapred.Task: Task 'attempt_local2052440679_0021_r_000000_0' done.
2024-04-24T06:28:19,304  INFO [pool-102-thread-1] mapred.Task: Final Counters for attempt_local2052440679_0021_r_000000_0: Counters: 30
	File System Counters
		FILE: Number of bytes read=452521
		FILE: Number of bytes written=24763588
		FILE: Number of read operations=0
		FILE: Number of large read operations=0
		FILE: Number of write operations=0
	Map-Reduce Framework
		Combine input records=0
		Combine output records=0
		Reduce input groups=1
		Reduce shuffle bytes=24
		Reduce input records=1
		Reduce output records=0
		Spilled Records=1
		Shuffled Maps =1
		Failed Shuffles=0
		Merged Map outputs=1
		GC time elapsed (ms)=0
		Total committed heap usage (bytes)=1114636288
	HIVE
		CREATED_FILES=1
		RECORDS_OUT_1_default.nonacidorctbl=1
		RECORDS_OUT_INTERMEDIATE=0
		RECORDS_OUT_OPERATOR_FS_6=1
		RECORDS_OUT_OPERATOR_SEL_5=1
		TOTAL_TABLE_ROWS_WRITTEN=1
	Shuffle Errors
		BAD_ID=0
		CONNECTION=0
		IO_ERROR=0
		WRONG_LENGTH=0
		WRONG_MAP=0
		WRONG_REDUCE=0
	File Output Format Counters 
		Bytes Written=0
2024-04-24T06:28:19,304  INFO [pool-102-thread-1] mapred.LocalJobRunner: Finishing task: attempt_local2052440679_0021_r_000000_0
2024-04-24T06:28:19,304  INFO [pool-102-thread-1] mapred.LocalJobRunner: Starting task: attempt_local2052440679_0021_r_000001_0
2024-04-24T06:28:19,305  INFO [pool-102-thread-1] mapred.Task:  Using ResourceCalculatorProcessTree : [ ]
2024-04-24T06:28:19,305  INFO [pool-102-thread-1] mapred.ReduceTask: Using ShuffleConsumerPlugin: org.apache.hadoop.mapreduce.task.reduce.Shuffle@640b9aa5
2024-04-24T06:28:19,305  WARN [pool-102-thread-1] impl.MetricsSystemImpl: JobTracker metrics system already initialized!
2024-04-24T06:28:19,306  INFO [pool-102-thread-1] reduce.MergeManagerImpl: MergerManager: memoryLimit=1336252800, maxSingleShuffleLimit=334063200, mergeThreshold=881926912, ioSortFactor=10, memToMemMergeOutputsThreshold=10
2024-04-24T06:28:19,306  INFO [EventFetcher for fetching Map Completion Events] reduce.EventFetcher: attempt_local2052440679_0021_r_000001_0 Thread started: EventFetcher for fetching Map Completion Events
2024-04-24T06:28:19,309  INFO [localfetcher#31] reduce.LocalFetcher: localfetcher#31 about to shuffle output of map attempt_local2052440679_0021_m_000000_0 decomp: 56 len: 60 to MEMORY
2024-04-24T06:28:19,309  INFO [localfetcher#31] reduce.InMemoryMapOutput: Read 56 bytes from map-output for attempt_local2052440679_0021_m_000000_0
2024-04-24T06:28:19,309  INFO [localfetcher#31] reduce.MergeManagerImpl: closeInMemoryFile -> map-output of size: 56, inMemoryMapOutputs.size() -> 1, commitMemory -> 0, usedMemory ->56
2024-04-24T06:28:19,310  INFO [EventFetcher for fetching Map Completion Events] reduce.EventFetcher: EventFetcher is interrupted.. Returning
2024-04-24T06:28:19,310  INFO [pool-102-thread-1] mapred.LocalJobRunner: 1 / 1 copied.
2024-04-24T06:28:19,310  INFO [pool-102-thread-1] reduce.MergeManagerImpl: finalMerge called with 1 in-memory map-outputs and 0 on-disk map-outputs
2024-04-24T06:28:19,316  INFO [pool-102-thread-1] mapred.Merger: Merging 1 sorted segments
2024-04-24T06:28:19,316  INFO [pool-102-thread-1] mapred.Merger: Down to the last merge-pass, with 1 segments left of total size: 44 bytes
2024-04-24T06:28:19,319  INFO [pool-102-thread-1] reduce.MergeManagerImpl: Merged 1 segments, 56 bytes to disk to satisfy reduce memory limit
2024-04-24T06:28:19,319  INFO [pool-102-thread-1] reduce.MergeManagerImpl: Merging 1 files, 60 bytes from disk
2024-04-24T06:28:19,319  INFO [pool-102-thread-1] reduce.MergeManagerImpl: Merging 0 segments, 0 bytes from memory into reduce
2024-04-24T06:28:19,319  INFO [pool-102-thread-1] mapred.Merger: Merging 1 sorted segments
2024-04-24T06:28:19,319  INFO [pool-102-thread-1] mapred.Merger: Down to the last merge-pass, with 1 segments left of total size: 44 bytes
2024-04-24T06:28:19,319  INFO [pool-102-thread-1] mapred.LocalJobRunner: 1 / 1 copied.
2024-04-24T06:28:19,319  INFO [pool-102-thread-1] exec.SerializationUtilities: Deserializing ReduceWork using kryo
2024-04-24T06:28:19,320  INFO [pool-102-thread-1] exec.Utilities: Deserialized plan (via FILE) - name: null size: 6,35KB
2024-04-24T06:28:19,321  INFO [pool-102-thread-1] ExecReducer: 
<SEL>Id =5
  <Children>
    <FS>Id =6
      <Children>
      <\Children>
      <Parent>Id = 5 null<\Parent>
    <\FS>
  <\Children>
  <Parent><\Parent>
<\SEL>
2024-04-24T06:28:19,321  INFO [pool-102-thread-1] exec.SelectOperator: Initializing Operator: SEL[5]
2024-04-24T06:28:19,321  INFO [pool-102-thread-1] exec.SelectOperator: SELECT struct<key:struct<reducesinkkey0:int>,value:struct<_col0:int>>
2024-04-24T06:28:19,321  INFO [pool-102-thread-1] exec.FileSinkOperator: Initializing Operator: FS[6]
2024-04-24T06:28:19,321  INFO [pool-102-thread-1] exec.FileSinkOperator: Using serializer : AbstractSerDe [log=org.apache.logging.slf4j.Log4jLogger@3c370966, configuration=Optional[Configuration: core-default.xml, core-site.xml, mapred-default.xml, mapred-site.xml, yarn-default.xml, yarn-site.xml, hdfs-default.xml, hdfs-site.xml, file:/home/alex/Repositories/hive/ql/target/tmp/TestTxnCommands/mapred/local/localRunner/alex/job_local2052440679_0021/job_local2052440679_0021.xml], properties={name=default.nonacidorctbl, columns.types=int:int, bucket_field_name=a, serialization.format=1, columns=a,b, numFilesErasureCoded=0, columns.comments=&amp#0;, bucketing_version=2, bucket_count=2, serialization.lib=org.apache.hadoop.hive.ql.io.orc.OrcSerde, file.inputformat=org.apache.hadoop.hive.ql.io.orc.OrcInputFormat, file.outputformat=org.apache.hadoop.hive.ql.io.orc.OrcOutputFormat, location=file:/home/alex/Repositories/hive/ql/target/tmp/org.apache.hadoop.hive.ql.TestTxnCommands-1713965238357/warehouse/nonacidorctbl, column.name.delimiter=,}, tableProperties={name=default.nonacidorctbl, columns.types=int:int, bucket_field_name=a, serialization.format=1, columns=a,b, numFilesErasureCoded=0, columns.comments=&amp#0;, bucketing_version=2, bucket_count=2, serialization.lib=org.apache.hadoop.hive.ql.io.orc.OrcSerde, file.inputformat=org.apache.hadoop.hive.ql.io.orc.OrcInputFormat, location=file:/home/alex/Repositories/hive/ql/target/tmp/org.apache.hadoop.hive.ql.TestTxnCommands-1713965238357/warehouse/nonacidorctbl, file.outputformat=org.apache.hadoop.hive.ql.io.orc.OrcOutputFormat, column.name.delimiter=,}, partitionProperties=Optional.empty, columnNames=[a, b], columnTypes=[int, int], getClass()=class org.apache.hadoop.hive.ql.io.orc.OrcSerde] and formatter : org.apache.hadoop.hive.ql.io.orc.OrcOutputFormat@13353966
2024-04-24T06:28:19,322  INFO [pool-102-thread-1] exec.FileSinkOperator: Final Path: FS file:/home/alex/Repositories/hive/ql/target/tmp/org.apache.hadoop.hive.ql.TestTxnCommands-1713965238357/warehouse/nonacidorctbl/.hive-staging_hive_2024-04-24_06-28-18_707_8997529903944206478-1/_tmp.-ext-10000/000001_0
2024-04-24T06:28:19,322  INFO [pool-102-thread-1] exec.FileSinkOperator: Writing to temp file: FS file:/home/alex/Repositories/hive/ql/target/tmp/org.apache.hadoop.hive.ql.TestTxnCommands-1713965238357/warehouse/nonacidorctbl/.hive-staging_hive_2024-04-24_06-28-18_707_8997529903944206478-1/_task_tmp.-ext-10000/_tmp.000001_0
2024-04-24T06:28:19,322  INFO [pool-102-thread-1] exec.FileSinkOperator: New Final Path: FS file:/home/alex/Repositories/hive/ql/target/tmp/org.apache.hadoop.hive.ql.TestTxnCommands-1713965238357/warehouse/nonacidorctbl/.hive-staging_hive_2024-04-24_06-28-18_707_8997529903944206478-1/_tmp.-ext-10000/000001_0
2024-04-24T06:28:19,322  INFO [pool-102-thread-1] exec.FileSinkOperator: FS[6]: records written - 1
2024-04-24T06:28:19,322  INFO [pool-102-thread-1] impl.PhysicalFsWriter: ORC writer created for path: file:/home/alex/Repositories/hive/ql/target/tmp/org.apache.hadoop.hive.ql.TestTxnCommands-1713965238357/warehouse/nonacidorctbl/.hive-staging_hive_2024-04-24_06-28-18_707_8997529903944206478-1/_task_tmp.-ext-10000/_tmp.000001_0 with stripeSize: 67108864 blockSize: 268435456 compression: Compress: ZLIB buffer: 262144
2024-04-24T06:28:19,327  INFO [pool-102-thread-1] impl.WriterImpl: ORC writer created for path: file:/home/alex/Repositories/hive/ql/target/tmp/org.apache.hadoop.hive.ql.TestTxnCommands-1713965238357/warehouse/nonacidorctbl/.hive-staging_hive_2024-04-24_06-28-18_707_8997529903944206478-1/_task_tmp.-ext-10000/_tmp.000001_0 with stripeSize: 67108864 options: Compress: ZLIB buffer: 262144
2024-04-24T06:28:19,327  INFO [pool-102-thread-1] exec.SelectOperator: Closing Operator: SEL[5]
2024-04-24T06:28:19,327  INFO [pool-102-thread-1] exec.SelectOperator: RECORDS_OUT_OPERATOR_SEL_5:3, RECORDS_OUT_INTERMEDIATE:0, 
2024-04-24T06:28:19,327  INFO [pool-102-thread-1] exec.FileSinkOperator: Closing Operator: FS[6]
2024-04-24T06:28:19,327  INFO [pool-102-thread-1] exec.FileSinkOperator: FS[6]: records written - 3
2024-04-24T06:28:19,334  INFO [pool-102-thread-1] exec.FileSinkOperator: TOTAL_TABLE_ROWS_WRITTEN:3, RECORDS_OUT_INTERMEDIATE:0, RECORDS_OUT_1_default.nonacidorctbl:3, RECORDS_OUT_OPERATOR_FS_6:3, 
2024-04-24T06:28:19,334  INFO [pool-102-thread-1] mapred.Task: Task:attempt_local2052440679_0021_r_000001_0 is done. And is in the process of committing
2024-04-24T06:28:19,335  INFO [pool-102-thread-1] mapred.LocalJobRunner: reduce > reduce
2024-04-24T06:28:19,335  INFO [pool-102-thread-1] mapred.Task: Task 'attempt_local2052440679_0021_r_000001_0' done.
2024-04-24T06:28:19,335  INFO [pool-102-thread-1] mapred.Task: Final Counters for attempt_local2052440679_0021_r_000001_0: Counters: 30
	File System Counters
		FILE: Number of bytes read=459114
		FILE: Number of bytes written=24764007
		FILE: Number of read operations=0
		FILE: Number of large read operations=0
		FILE: Number of write operations=0
	Map-Reduce Framework
		Combine input records=0
		Combine output records=0
		Reduce input groups=3
		Reduce shuffle bytes=60
		Reduce input records=3
		Reduce output records=0
		Spilled Records=3
		Shuffled Maps =1
		Failed Shuffles=0
		Merged Map outputs=1
		GC time elapsed (ms)=0
		Total committed heap usage (bytes)=1114636288
	HIVE
		CREATED_FILES=1
		RECORDS_OUT_1_default.nonacidorctbl=3
		RECORDS_OUT_INTERMEDIATE=0
		RECORDS_OUT_OPERATOR_FS_6=3
		RECORDS_OUT_OPERATOR_SEL_5=3
		TOTAL_TABLE_ROWS_WRITTEN=3
	Shuffle Errors
		BAD_ID=0
		CONNECTION=0
		IO_ERROR=0
		WRONG_LENGTH=0
		WRONG_MAP=0
		WRONG_REDUCE=0
	File Output Format Counters 
		Bytes Written=0
2024-04-24T06:28:19,335  INFO [pool-102-thread-1] mapred.LocalJobRunner: Finishing task: attempt_local2052440679_0021_r_000001_0
2024-04-24T06:28:19,335  INFO [Thread-1673] mapred.LocalJobRunner: reduce task executor complete.
2024-04-24 06:28:20,233 Stage-1 map = 100%,  reduce = 100%
2024-04-24T06:28:20,233  INFO [main] exec.Task: 2024-04-24 06:28:20,233 Stage-1 map = 100%,  reduce = 100%
Ended Job = job_local2052440679_0021
2024-04-24T06:28:20,235  INFO [main] exec.Task: Ended Job = job_local2052440679_0021
2024-04-24T06:28:20,236  INFO [main] ql.Driver: Starting task [Stage-0:MOVE] in serial mode
Loading data to table default.nonacidorctbl
2024-04-24T06:28:20,237  INFO [main] exec.Task: Loading data to table default.nonacidorctbl from file:/home/alex/Repositories/hive/ql/target/tmp/org.apache.hadoop.hive.ql.TestTxnCommands-1713965238357/warehouse/nonacidorctbl/.hive-staging_hive_2024-04-24_06-28-18_707_8997529903944206478-1/-ext-10000
2024-04-24T06:28:20,237  INFO [main] HiveMetaStore.audit: ugi=alex	ip=unknown-ip-addr	cmd=get_table : tbl=hive.default.nonacidorctbl	
2024-04-24T06:28:20,246  INFO [main] metastore.HMSHandler: Skipping translation for processor with null
2024-04-24T06:28:20,246  INFO [main] HiveMetaStore.audit: ugi=alex	ip=unknown-ip-addr	cmd=get_table : tbl=hive.default.nonacidorctbl	
2024-04-24T06:28:20,253  INFO [main] metastore.HMSHandler: Skipping translation for processor with null
2024-04-24T06:28:20,255  WARN [main] metadata.Hive: Cannot get a table snapshot for nonacidorctbl
2024-04-24T06:28:20,255  INFO [main] HiveMetaStore.audit: ugi=alex	ip=unknown-ip-addr	cmd=alter_table: hive.default.nonacidorctbl newtbl=nonacidorctbl	
2024-04-24T06:28:20,284  INFO [main] ql.Driver: Starting task [Stage-2:STATS] in serial mode
2024-04-24T06:28:20,285  INFO [main] HiveMetaStore.audit: ugi=alex	ip=unknown-ip-addr	cmd=get_table : tbl=hive.default.nonacidorctbl	
2024-04-24T06:28:20,292  INFO [main] metastore.HMSHandler: Skipping translation for processor with null
2024-04-24T06:28:20,293  INFO [main] stats.BasicStatsTask: Executing stats task
2024-04-24T06:28:20,293  INFO [main] fs.FSStatsPublisher: created : file:/home/alex/Repositories/hive/ql/target/tmp/localscratchdir/552d77f1-937b-44e6-842c-b9f7507955ca/hive_2024-04-24_06-28-18_707_8997529903944206478-1/-mr-10001
2024-04-24T06:28:20,294  INFO [main] HiveMetaStore.audit: ugi=alex	ip=unknown-ip-addr	cmd=get_table : tbl=hive.default.nonacidorctbl	
2024-04-24T06:28:20,302  INFO [main] metastore.HMSHandler: Skipping translation for processor with null
2024-04-24T06:28:20,303  INFO [main] FileOperations: Read stats for default.nonacidorctbl/, numRows, true, 4, false: 
2024-04-24T06:28:20,303  INFO [main] FileOperations: Read stats for default.nonacidorctbl/, rawDataSize, true, 32, false: 
2024-04-24T06:28:20,303  WARN [main] metadata.Hive: Cannot get a table snapshot for nonacidorctbl
2024-04-24T06:28:20,304  INFO [main] HiveMetaStore.audit: ugi=alex	ip=unknown-ip-addr	cmd=alter_table: hive.default.nonacidorctbl newtbl=nonacidorctbl	
2024-04-24T06:28:20,326  INFO [main] stats.BasicStatsTask: Table default.nonacidorctbl stats: [numFiles=2, numRows=4, totalSize=499, rawDataSize=32, numFilesErasureCoded=0]
2024-04-24T06:28:20,326  INFO [main] metadata.Hive: Dumping metastore api call timing information for : execution phase
2024-04-24T06:28:20,326  INFO [main] metadata.Hive: Total time spent in each metastore function (ms): {alter_table_(String, String, String, Table, EnvironmentContext, String)=51, getTable_(GetTableRequest)=34, isCompatibleWith_(Configuration)=1}
MapReduce Jobs Launched: 
2024-04-24T06:28:20,327  INFO [main] ql.Driver: MapReduce Jobs Launched: 
Stage-Stage-1:  HDFS Read: 0 HDFS Write: 0 SUCCESS
2024-04-24T06:28:20,327  INFO [main] ql.Driver: Stage-Stage-1:  HDFS Read: 0 HDFS Write: 0 SUCCESS
Total MapReduce CPU Time Spent: 0 msec
2024-04-24T06:28:20,327  INFO [main] ql.Driver: Total MapReduce CPU Time Spent: 0 msec
2024-04-24T06:28:20,327  INFO [main] ql.Driver: Completed executing command(queryId=alex_20240424062818_d9a3f03d-2914-4d75-9af0-3243a91bda37); Time taken: 1.396 seconds
2024-04-24T06:28:20,327  INFO [main] lockmgr.DbTxnManager: Stopped heartbeat for query: alex_20240424062818_d9a3f03d-2914-4d75-9af0-3243a91bda37
2024-04-24T06:28:20,331  INFO [main] txn.TxnHandler: Expected to move at least one record from txn_components to completed_txn_components when committing txn! txnid:13
2024-04-24T06:28:20,336  INFO [main] txn.TxnHandler: Removed transactions: ([13]) from MIN_HISTORY_LEVEL
2024-04-24T06:28:20,336  WARN [main] txn.CompactionTxnHandler: No compaction queue record found for Compaction type transaction commit. txnId:13
2024-04-24T06:28:20,403  INFO [main] ql.TxnCommandsBaseForTests: Running the query: insert into acidTbl  values(2,1),(4,3),(5,6),(7,8)
2024-04-24T06:28:20,404  INFO [main] ql.Context: Deleting scratch dir: file:/home/alex/Repositories/hive/ql/target/tmp/org.apache.hadoop.hive.ql.TestTxnCommands-1713965238357/warehouse/nonacidorctbl/.hive-staging_hive_2024-04-24_06-28-18_707_8997529903944206478-1
2024-04-24T06:28:20,404  INFO [main] cleanup.SyncCleanupService: Deleted directory: file:/home/alex/Repositories/hive/ql/target/tmp/org.apache.hadoop.hive.ql.TestTxnCommands-1713965238357/warehouse/nonacidorctbl/.hive-staging_hive_2024-04-24_06-28-18_707_8997529903944206478-1 on fs with scheme file
2024-04-24T06:28:20,404  INFO [main] ql.Context: Deleting scratch dir: file:/home/alex/Repositories/hive/ql/target/tmp/localscratchdir/552d77f1-937b-44e6-842c-b9f7507955ca/hive_2024-04-24_06-28-18_707_8997529903944206478-1
2024-04-24T06:28:20,404  INFO [main] cleanup.SyncCleanupService: Deleted directory: file:/home/alex/Repositories/hive/ql/target/tmp/localscratchdir/552d77f1-937b-44e6-842c-b9f7507955ca/hive_2024-04-24_06-28-18_707_8997529903944206478-1 on fs with scheme file
2024-04-24T06:28:20,404  INFO [main] ql.Driver: Compiling command(queryId=alex_20240424062820_6fa8549e-bf21-4f4d-8212-375d2a8b10e6): insert into acidTbl  values(2,1),(4,3),(5,6),(7,8)
2024-04-24T06:28:20,407  INFO [main] txn.TxnHandler: Added entries to MIN_HISTORY_LEVEL for current txns: ([14]) with min_open_txn: 14
2024-04-24T06:28:20,407  INFO [main] lockmgr.DbTxnManager: Opened txnid:14
2024-04-24T06:28:20,408  INFO [main] parse.CalcitePlanner: Starting caching scope for: 
2024-04-24T06:28:20,408  INFO [main] parse.CalcitePlanner: Starting Semantic Analysis
2024-04-24T06:28:20,411  INFO [main] HiveMetaStore.audit: ugi=alex	ip=unknown-ip-addr	cmd=get_table : tbl=hive.default.acidTbl	
2024-04-24T06:28:20,417  INFO [main] metastore.HMSHandler: Skipping translation for processor with null
2024-04-24T06:28:20,417  INFO [main] parse.CalcitePlanner: Completed phase 1 of Semantic Analysis
2024-04-24T06:28:20,417  INFO [main] parse.CalcitePlanner: Get metadata for source tables
2024-04-24T06:28:20,417  INFO [main] parse.CalcitePlanner: Get metadata for subqueries
2024-04-24T06:28:20,417  INFO [main] parse.CalcitePlanner: Get metadata for destination tables
2024-04-24T06:28:20,417  INFO [main] HiveMetaStore.audit: ugi=alex	ip=unknown-ip-addr	cmd=get_table : tbl=hive.default.acidTbl	
2024-04-24T06:28:20,423  INFO [main] metastore.HMSHandler: Skipping translation for processor with null
2024-04-24T06:28:20,423  INFO [main] parse.CalcitePlanner: Completed getting MetaData in Semantic Analysis
2024-04-24T06:28:20,423  INFO [main] parse.CalcitePlanner: Disabling LLAP IO encode as ETL query is detected
2024-04-24T06:28:20,443  INFO [main] HiveMetaStore.audit: ugi=alex	ip=unknown-ip-addr	cmd=get_all_table_constraints : tbl=hive._dummy_database._dummy_table	
2024-04-24T06:28:20,491  INFO [main] parse.CalcitePlanner: Get metadata for source tables
2024-04-24T06:28:20,491  INFO [main] parse.CalcitePlanner: Get metadata for subqueries
2024-04-24T06:28:20,491  INFO [main] parse.CalcitePlanner: Get metadata for source tables
2024-04-24T06:28:20,492  INFO [main] HiveMetaStore.audit: ugi=alex	ip=unknown-ip-addr	cmd=get_table : tbl=hive._dummy_database._dummy_table	
2024-04-24T06:28:20,494  INFO [main] parse.CalcitePlanner: Get metadata for subqueries
2024-04-24T06:28:20,494  INFO [main] parse.CalcitePlanner: Get metadata for destination tables
2024-04-24T06:28:20,494  INFO [main] parse.CalcitePlanner: Get metadata for destination tables
2024-04-24T06:28:20,494  INFO [main] HiveMetaStore.audit: ugi=alex	ip=unknown-ip-addr	cmd=get_table : tbl=hive.default.acidTbl	
2024-04-24T06:28:20,500  INFO [main] metastore.HMSHandler: Skipping translation for processor with null
2024-04-24T06:28:20,502  INFO [main] HiveMetaStore.audit: ugi=alex	ip=unknown-ip-addr	cmd=get_not_null_constraints : tbl=hive.default.acidtbl	
2024-04-24T06:28:20,503  INFO [main] HiveMetaStore.audit: ugi=alex	ip=unknown-ip-addr	cmd=get_check_constraints : tbl=hive.default.acidtbl	
2024-04-24T06:28:20,510  INFO [main] txn.TxnHandler: Allocated writeId: 1 for txnId: 14
2024-04-24T06:28:20,511  INFO [main] txn.TxnHandler: Allocated write ids for dbName=default, tblName=acidtbl (txnIds: [14])
2024-04-24T06:28:20,511  INFO [main] parse.CalcitePlanner: CBO Succeeded; optimized logical plan.
2024-04-24T06:28:20,515  INFO [main] optimizer.ColumnPrunerProcFactory: RS 4 oldColExprMap: {VALUE._col0=Column[_col1], KEY.reducesinkkey0=Column[_col0]}
2024-04-24T06:28:20,516  INFO [main] optimizer.ColumnPrunerProcFactory: RS 4 newColExprMap: {KEY.reducesinkkey0=Column[_col0], VALUE._col0=Column[_col1]}
2024-04-24T06:28:20,517  INFO [main] optimizer.BucketVersionPopulator: not considering bucketingVersion for: TS[0] because it has -1<2 buckets 
2024-04-24T06:28:20,518  INFO [main] optimizer.SortedDynPartitionOptimizer: Sorted dynamic partitioning optimization kicked in..
2024-04-24T06:28:20,528  INFO [main] HiveMetaStore.audit: ugi=alex	ip=unknown-ip-addr	cmd=get_table : tbl=hive.default.acidtbl	
2024-04-24T06:28:20,536  INFO [main] metastore.HMSHandler: Skipping translation for processor with null
2024-04-24T06:28:20,537  INFO [main] parse.CalcitePlanner: Completed plan generation
2024-04-24T06:28:20,537  INFO [main] parse.CalcitePlanner: Ending caching scope for: 
2024-04-24T06:28:20,537  INFO [main] ql.Driver: Semantic Analysis Completed (retrial = false)
2024-04-24T06:28:20,537  INFO [main] ql.Driver: Created Hive schema: Schema(fieldSchemas:[FieldSchema(name:col1, type:int, comment:null), FieldSchema(name:col2, type:int, comment:null)], properties:null)
2024-04-24T06:28:20,537  INFO [main] metadata.Hive: Dumping metastore api call timing information for : compilation phase
2024-04-24T06:28:20,537  INFO [main] metadata.Hive: Total time spent in each metastore function (ms): {getCheckConstraints_(CheckConstraintsRequest)=0, getValidWriteIds_(List, String)=4, flushCache_()=0, getValidTxns_(long)=1, getNotNullConstraints_(NotNullConstraintsRequest)=1, isCompatibleWith_(Configuration)=1, getTable_(GetTableRequest)=26, allocateTableWriteId_(long, String, String)=7, getAllTableConstraints_(AllTableConstraintsRequest)=5, commitTxn_(CommitTxnRequest)=75, openTxn_(String, TxnType)=2}
2024-04-24T06:28:20,537  INFO [main] ql.Driver: Completed compiling command(queryId=alex_20240424062820_6fa8549e-bf21-4f4d-8212-375d2a8b10e6); Time taken: 0.133 seconds
2024-04-24T06:28:20,538  INFO [main] lockmgr.DbTxnManager: Setting lock request transaction to txnid:14 for queryId=alex_20240424062820_6fa8549e-bf21-4f4d-8212-375d2a8b10e6
2024-04-24T06:28:20,538  INFO [main] lockmgr.DbLockManager: Requesting lock for queryId=alex_20240424062820_6fa8549e-bf21-4f4d-8212-375d2a8b10e6
2024-04-24T06:28:20,553  INFO [main] lockmgr.DbLockManager: Response to queryId=alex_20240424062820_6fa8549e-bf21-4f4d-8212-375d2a8b10e6 LockResponse(lockid:8, state:ACQUIRED)
2024-04-24T06:28:20,553  INFO [main] ql.Driver: Operation QUERY obtained 1 locks
2024-04-24T06:28:20,555  INFO [main] ql.Driver: Executing command(queryId=alex_20240424062820_6fa8549e-bf21-4f4d-8212-375d2a8b10e6): insert into acidTbl  values(2,1),(4,3),(5,6),(7,8)
2024-04-24T06:28:20,556  WARN [main] ql.Driver: Hive-on-MR is deprecated in Hive 2 and may not be available in the future versions. Consider using a different execution engine (i.e. spark, tez) or using Hive 1.X releases.
Query ID = alex_20240424062820_6fa8549e-bf21-4f4d-8212-375d2a8b10e6
2024-04-24T06:28:20,556  INFO [main] ql.Driver: Query ID = alex_20240424062820_6fa8549e-bf21-4f4d-8212-375d2a8b10e6
Total jobs = 1
2024-04-24T06:28:20,556  INFO [main] ql.Driver: Total jobs = 1
Launching Job 1 out of 1
2024-04-24T06:28:20,556  INFO [main] ql.Driver: Launching Job 1 out of 1
2024-04-24T06:28:20,679  INFO [main] ql.Driver: Starting task [Stage-1:MAPRED] in serial mode
Number of reduce tasks determined at compile time: 2
2024-04-24T06:28:20,679  INFO [main] exec.Task: Number of reduce tasks determined at compile time: 2
In order to change the average load for a reducer (in bytes):
2024-04-24T06:28:20,679  INFO [main] exec.Task: In order to change the average load for a reducer (in bytes):
  set hive.exec.reducers.bytes.per.reducer=<number>
2024-04-24T06:28:20,679  INFO [main] exec.Task:   set hive.exec.reducers.bytes.per.reducer=<number>
In order to limit the maximum number of reducers:
2024-04-24T06:28:20,679  INFO [main] exec.Task: In order to limit the maximum number of reducers:
  set hive.exec.reducers.max=<number>
2024-04-24T06:28:20,679  INFO [main] exec.Task:   set hive.exec.reducers.max=<number>
In order to set a constant number of reducers:
2024-04-24T06:28:20,679  INFO [main] exec.Task: In order to set a constant number of reducers:
  set mapreduce.job.reduces=<number>
2024-04-24T06:28:20,679  INFO [main] exec.Task:   set mapreduce.job.reduces=<number>
2024-04-24T06:28:20,681  INFO [main] mr.ExecDriver: Using org.apache.hadoop.hive.ql.io.HiveInputFormat
2024-04-24T06:28:20,681  INFO [main] exec.Utilities: Processing alias $hdt$_0:_dummy_table
2024-04-24T06:28:20,682  INFO [main] exec.Utilities: Adding 1 inputs; the first input is file:/home/alex/Repositories/hive/ql/target/tmp/localscratchdir/552d77f1-937b-44e6-842c-b9f7507955ca/hive_2024-04-24_06-28-20_404_2015899296598666029-1/dummy_path
2024-04-24T06:28:20,691  INFO [main] exec.SerializationUtilities: Serializing MapWork using kryo
2024-04-24T06:28:20,692  INFO [main] exec.Utilities: Serialized plan (via FILE) - name: null size: 5,03KB
2024-04-24T06:28:20,697  INFO [main] exec.SerializationUtilities: Serializing ReduceWork using kryo
2024-04-24T06:28:20,698  INFO [main] exec.Utilities: Serialized plan (via FILE) - name: null size: 5,96KB
2024-04-24T06:28:20,699  WARN [main] impl.MetricsSystemImpl: JobTracker metrics system already initialized!
2024-04-24T06:28:20,703  INFO [main] fs.FSStatsPublisher: created : file:/home/alex/Repositories/hive/ql/target/tmp/localscratchdir/552d77f1-937b-44e6-842c-b9f7507955ca/hive_2024-04-24_06-28-20_404_2015899296598666029-1/-mr-10000
2024-04-24T06:28:20,706  WARN [main] impl.MetricsSystemImpl: JobTracker metrics system already initialized!
2024-04-24T06:28:20,714  WARN [main] mapreduce.JobResourceUploader: Hadoop command-line option parsing not performed. Implement the Tool interface and execute your application with ToolRunner to remedy this.
2024-04-24T06:28:20,719  WARN [main] mapreduce.JobResourceUploader: No job jar file set.  User classes may not be found. See Job or Job#setJar(String).
2024-04-24T06:28:20,720  INFO [main] io.HiveInputFormat: hive.io.file.readcolumn.ids = 
2024-04-24T06:28:20,720  INFO [main] io.HiveInputFormat: hive.io.file.readcolumn.names = 
2024-04-24T06:28:20,720  INFO [main] io.HiveInputFormat: Generating splits for dirs: file:/home/alex/Repositories/hive/ql/target/tmp/localscratchdir/552d77f1-937b-44e6-842c-b9f7507955ca/hive_2024-04-24_06-28-20_404_2015899296598666029-1/dummy_path
2024-04-24T06:28:20,721  INFO [main] io.HiveInputFormat: number of splits 1
2024-04-24T06:28:20,740  INFO [main] mapreduce.JobSubmitter: number of splits:1
2024-04-24T06:28:20,758  INFO [main] mapreduce.JobSubmitter: Submitting tokens for job: job_local55811351_0022
2024-04-24T06:28:20,758  INFO [main] mapreduce.JobSubmitter: Executing with tokens: []
2024-04-24T06:28:20,846  INFO [main] mapreduce.Job: The url to track the job: http://localhost:8080/
Job running in-process (local Hadoop)
2024-04-24T06:28:20,846  INFO [main] exec.Task: Job running in-process (local Hadoop)
2024-04-24T06:28:20,846  INFO [Thread-1736] mapred.LocalJobRunner: OutputCommitter set in config org.apache.hadoop.hive.ql.io.HiveFileFormatUtils$NullOutputCommitter
2024-04-24T06:28:20,846  INFO [Thread-1736] mapred.LocalJobRunner: OutputCommitter is org.apache.hadoop.hive.ql.io.HiveFileFormatUtils$NullOutputCommitter
2024-04-24T06:28:20,848  INFO [Thread-1736] mapred.LocalJobRunner: Waiting for map tasks
2024-04-24T06:28:20,848  INFO [LocalJobRunner Map Task Executor #0] mapred.LocalJobRunner: Starting task: attempt_local55811351_0022_m_000000_0
2024-04-24T06:28:20,848  INFO [LocalJobRunner Map Task Executor #0] mapred.Task:  Using ResourceCalculatorProcessTree : [ ]
2024-04-24T06:28:20,849  INFO [LocalJobRunner Map Task Executor #0] mapred.MapTask: Processing split: org.apache.hadoop.hive.ql.io.NullRowsInputFormat:file:/home/alex/Repositories/hive/ql/target/tmp/localscratchdir/552d77f1-937b-44e6-842c-b9f7507955ca/hive_2024-04-24_06-28-20_404_2015899296598666029-1/dummy_path/null:0+1
2024-04-24T06:28:20,849  INFO [LocalJobRunner Map Task Executor #0] exec.SerializationUtilities: Deserializing MapWork using kryo
2024-04-24T06:28:20,850  INFO [LocalJobRunner Map Task Executor #0] exec.Utilities: Deserialized plan (via FILE) - name: null size: 5,03KB
2024-04-24T06:28:20,850  INFO [LocalJobRunner Map Task Executor #0] mapred.MapTask: numReduceTasks: 2
2024-04-24T06:28:20,854  INFO [LocalJobRunner Map Task Executor #0] mapred.MapTask: (EQUATOR) 0 kvi 26214396(104857584)
2024-04-24T06:28:20,854  INFO [LocalJobRunner Map Task Executor #0] mapred.MapTask: mapreduce.task.io.sort.mb: 100
2024-04-24T06:28:20,854  INFO [LocalJobRunner Map Task Executor #0] mapred.MapTask: soft limit at 83886080
2024-04-24T06:28:20,854  INFO [LocalJobRunner Map Task Executor #0] mapred.MapTask: bufstart = 0; bufvoid = 104857600
2024-04-24T06:28:20,854  INFO [LocalJobRunner Map Task Executor #0] mapred.MapTask: kvstart = 26214396; length = 6553600
2024-04-24T06:28:20,854  INFO [LocalJobRunner Map Task Executor #0] mapred.MapTask: Map output collector class = org.apache.hadoop.mapred.MapTask$MapOutputBuffer
2024-04-24T06:28:20,854  INFO [LocalJobRunner Map Task Executor #0] exec.MapOperator: Initializing Operator: MAP[0]
2024-04-24T06:28:20,855  INFO [LocalJobRunner Map Task Executor #0] mr.ExecMapper: 
<MAP>Id =0
  <Children>null
  <\Children>
  <Parent><\Parent>
<\MAP>
2024-04-24T06:28:20,855  INFO [LocalJobRunner Map Task Executor #0] exec.TableScanOperator: Initializing Operator: TS[0]
2024-04-24T06:28:20,855  INFO [LocalJobRunner Map Task Executor #0] exec.SelectOperator: Initializing Operator: SEL[1]
2024-04-24T06:28:20,856  INFO [LocalJobRunner Map Task Executor #0] exec.SelectOperator: SELECT null
2024-04-24T06:28:20,856  INFO [LocalJobRunner Map Task Executor #0] exec.UDTFOperator: Initializing Operator: UDTF[2]
2024-04-24T06:28:20,856  INFO [LocalJobRunner Map Task Executor #0] exec.SelectOperator: Initializing Operator: SEL[3]
2024-04-24T06:28:20,856  INFO [LocalJobRunner Map Task Executor #0] exec.SelectOperator: SELECT struct<col1:int,col2:int>
2024-04-24T06:28:20,856  INFO [LocalJobRunner Map Task Executor #0] exec.ReduceSinkOperator: Initializing Operator: RS[4]
2024-04-24T06:28:20,856  INFO [LocalJobRunner Map Task Executor #0] exec.ReduceSinkOperator: Using tag = -1
2024-04-24T06:28:20,856  INFO [LocalJobRunner Map Task Executor #0] exec.ReduceSinkOperator: keys are [reducesinkkey0] num distributions: 1
2024-04-24T06:28:20,856  INFO [LocalJobRunner Map Task Executor #0] exec.ReduceSinkOperator: RS[4]: records written - 1
2024-04-24T06:28:20,857  INFO [LocalJobRunner Map Task Executor #0] exec.MapOperator: MAP[0]: records read - 1
2024-04-24T06:28:20,857  INFO [LocalJobRunner Map Task Executor #0] exec.MapOperator: Closing Operator: MAP[0]
2024-04-24T06:28:20,857  INFO [LocalJobRunner Map Task Executor #0] exec.MapOperator: MAP[0]: Total records read - 3. abort - false
2024-04-24T06:28:20,857  INFO [LocalJobRunner Map Task Executor #0] exec.MapOperator: RECORDS_OUT_OPERATOR_MAP_0:0, DESERIALIZE_ERRORS:0, RECORDS_IN:3, RECORDS_OUT_INTERMEDIATE:0, 
2024-04-24T06:28:20,857  INFO [LocalJobRunner Map Task Executor #0] exec.TableScanOperator: Closing Operator: TS[0]
2024-04-24T06:28:20,857  INFO [LocalJobRunner Map Task Executor #0] exec.TableScanOperator: RECORDS_OUT_INTERMEDIATE:0, RECORDS_OUT_OPERATOR_TS_0:1, 
2024-04-24T06:28:20,857  INFO [LocalJobRunner Map Task Executor #0] exec.SelectOperator: Closing Operator: SEL[1]
2024-04-24T06:28:20,857  INFO [LocalJobRunner Map Task Executor #0] exec.SelectOperator: RECORDS_OUT_OPERATOR_SEL_1:1, RECORDS_OUT_INTERMEDIATE:0, 
2024-04-24T06:28:20,857  INFO [LocalJobRunner Map Task Executor #0] exec.UDTFOperator: Closing Operator: UDTF[2]
2024-04-24T06:28:20,857  INFO [LocalJobRunner Map Task Executor #0] exec.UDTFOperator: RECORDS_OUT_INTERMEDIATE:0, RECORDS_OUT_OPERATOR_UDTF_2:4, 
2024-04-24T06:28:20,857  INFO [LocalJobRunner Map Task Executor #0] exec.SelectOperator: Closing Operator: SEL[3]
2024-04-24T06:28:20,857  INFO [LocalJobRunner Map Task Executor #0] exec.SelectOperator: RECORDS_OUT_INTERMEDIATE:0, RECORDS_OUT_OPERATOR_SEL_3:4, 
2024-04-24T06:28:20,857  INFO [LocalJobRunner Map Task Executor #0] exec.ReduceSinkOperator: Closing Operator: RS[4]
2024-04-24T06:28:20,857  INFO [LocalJobRunner Map Task Executor #0] exec.ReduceSinkOperator: RS[4]: Total records written - 4. abort - false
2024-04-24T06:28:20,857  INFO [LocalJobRunner Map Task Executor #0] exec.ReduceSinkOperator: RECORDS_OUT_INTERMEDIATE:4, RECORDS_OUT_OPERATOR_RS_4:4, 
2024-04-24T06:28:20,858  INFO [LocalJobRunner Map Task Executor #0] mapred.LocalJobRunner: 
2024-04-24T06:28:20,858  INFO [LocalJobRunner Map Task Executor #0] mapred.MapTask: Starting flush of map output
2024-04-24T06:28:20,858  INFO [LocalJobRunner Map Task Executor #0] mapred.MapTask: Spilling map output
2024-04-24T06:28:20,858  INFO [LocalJobRunner Map Task Executor #0] mapred.MapTask: bufstart = 0; bufend = 64; bufvoid = 104857600
2024-04-24T06:28:20,858  INFO [LocalJobRunner Map Task Executor #0] mapred.MapTask: kvstart = 26214396(104857584); kvend = 26214384(104857536); length = 13/6553600
2024-04-24T06:28:20,869  INFO [LocalJobRunner Map Task Executor #0] mapred.MapTask: Finished spill 0
2024-04-24T06:28:20,872  INFO [LocalJobRunner Map Task Executor #0] mapred.Task: Task:attempt_local55811351_0022_m_000000_0 is done. And is in the process of committing
2024-04-24T06:28:20,872  INFO [LocalJobRunner Map Task Executor #0] mapred.LocalJobRunner: map
2024-04-24T06:28:20,872  INFO [LocalJobRunner Map Task Executor #0] mapred.Task: Task 'attempt_local55811351_0022_m_000000_0' done.
2024-04-24T06:28:20,872  INFO [LocalJobRunner Map Task Executor #0] mapred.Task: Final Counters for attempt_local55811351_0022_m_000000_0: Counters: 26
	File System Counters
		FILE: Number of bytes read=464783
		FILE: Number of bytes written=25934581
		FILE: Number of read operations=0
		FILE: Number of large read operations=0
		FILE: Number of write operations=0
	Map-Reduce Framework
		Map input records=4
		Map output records=4
		Map output bytes=64
		Map output materialized bytes=84
		Input split bytes=361
		Combine input records=0
		Spilled Records=4
		Failed Shuffles=0
		Merged Map outputs=0
		GC time elapsed (ms)=0
		Total committed heap usage (bytes)=1112539136
	HIVE
		DESERIALIZE_ERRORS=0
		RECORDS_IN=3
		RECORDS_OUT_INTERMEDIATE=4
		RECORDS_OUT_OPERATOR_MAP_0=0
		RECORDS_OUT_OPERATOR_RS_4=4
		RECORDS_OUT_OPERATOR_SEL_1=1
		RECORDS_OUT_OPERATOR_SEL_3=4
		RECORDS_OUT_OPERATOR_TS_0=1
		RECORDS_OUT_OPERATOR_UDTF_2=4
	File Input Format Counters 
		Bytes Read=5078
2024-04-24T06:28:20,872  INFO [LocalJobRunner Map Task Executor #0] mapred.LocalJobRunner: Finishing task: attempt_local55811351_0022_m_000000_0
2024-04-24T06:28:20,872  INFO [Thread-1736] mapred.LocalJobRunner: map task executor complete.
2024-04-24T06:28:20,874  INFO [Thread-1736] mapred.LocalJobRunner: Waiting for reduce tasks
2024-04-24T06:28:20,874  INFO [pool-107-thread-1] mapred.LocalJobRunner: Starting task: attempt_local55811351_0022_r_000000_0
2024-04-24T06:28:20,874  INFO [pool-107-thread-1] mapred.Task:  Using ResourceCalculatorProcessTree : [ ]
2024-04-24T06:28:20,874  INFO [pool-107-thread-1] mapred.ReduceTask: Using ShuffleConsumerPlugin: org.apache.hadoop.mapreduce.task.reduce.Shuffle@3a5a11f5
2024-04-24T06:28:20,874  WARN [pool-107-thread-1] impl.MetricsSystemImpl: JobTracker metrics system already initialized!
2024-04-24T06:28:20,875  INFO [pool-107-thread-1] reduce.MergeManagerImpl: MergerManager: memoryLimit=1336252800, maxSingleShuffleLimit=334063200, mergeThreshold=881926912, ioSortFactor=10, memToMemMergeOutputsThreshold=10
2024-04-24T06:28:20,876  INFO [EventFetcher for fetching Map Completion Events] reduce.EventFetcher: attempt_local55811351_0022_r_000000_0 Thread started: EventFetcher for fetching Map Completion Events
2024-04-24T06:28:20,877  INFO [localfetcher#32] reduce.LocalFetcher: localfetcher#32 about to shuffle output of map attempt_local55811351_0022_m_000000_0 decomp: 38 len: 42 to MEMORY
2024-04-24T06:28:20,877  INFO [localfetcher#32] reduce.InMemoryMapOutput: Read 38 bytes from map-output for attempt_local55811351_0022_m_000000_0
2024-04-24T06:28:20,877  INFO [localfetcher#32] reduce.MergeManagerImpl: closeInMemoryFile -> map-output of size: 38, inMemoryMapOutputs.size() -> 1, commitMemory -> 0, usedMemory ->38
2024-04-24T06:28:20,877  INFO [EventFetcher for fetching Map Completion Events] reduce.EventFetcher: EventFetcher is interrupted.. Returning
2024-04-24T06:28:20,878  INFO [pool-107-thread-1] mapred.LocalJobRunner: 1 / 1 copied.
2024-04-24T06:28:20,878  INFO [pool-107-thread-1] reduce.MergeManagerImpl: finalMerge called with 1 in-memory map-outputs and 0 on-disk map-outputs
2024-04-24T06:28:20,885  INFO [pool-107-thread-1] mapred.Merger: Merging 1 sorted segments
2024-04-24T06:28:20,885  INFO [pool-107-thread-1] mapred.Merger: Down to the last merge-pass, with 1 segments left of total size: 26 bytes
2024-04-24T06:28:20,888  INFO [pool-107-thread-1] reduce.MergeManagerImpl: Merged 1 segments, 38 bytes to disk to satisfy reduce memory limit
2024-04-24T06:28:20,888  INFO [pool-107-thread-1] reduce.MergeManagerImpl: Merging 1 files, 42 bytes from disk
2024-04-24T06:28:20,888  INFO [pool-107-thread-1] reduce.MergeManagerImpl: Merging 0 segments, 0 bytes from memory into reduce
2024-04-24T06:28:20,888  INFO [pool-107-thread-1] mapred.Merger: Merging 1 sorted segments
2024-04-24T06:28:20,888  INFO [pool-107-thread-1] mapred.Merger: Down to the last merge-pass, with 1 segments left of total size: 26 bytes
2024-04-24T06:28:20,888  INFO [pool-107-thread-1] mapred.LocalJobRunner: 1 / 1 copied.
2024-04-24T06:28:20,888  INFO [pool-107-thread-1] exec.SerializationUtilities: Deserializing ReduceWork using kryo
2024-04-24T06:28:20,889  INFO [pool-107-thread-1] exec.Utilities: Deserialized plan (via FILE) - name: null size: 5,96KB
2024-04-24T06:28:20,890  INFO [pool-107-thread-1] ExecReducer: 
<SEL>Id =5
  <Children>
    <FS>Id =6
      <Children>
      <\Children>
      <Parent>Id = 5 null<\Parent>
    <\FS>
  <\Children>
  <Parent><\Parent>
<\SEL>
2024-04-24T06:28:20,890  INFO [pool-107-thread-1] exec.SelectOperator: Initializing Operator: SEL[5]
2024-04-24T06:28:20,890  INFO [pool-107-thread-1] exec.SelectOperator: SELECT struct<key:struct<reducesinkkey0:int>,value:struct<_col0:int>>
2024-04-24T06:28:20,890  INFO [pool-107-thread-1] exec.FileSinkOperator: Initializing Operator: FS[6]
2024-04-24T06:28:20,890  INFO [pool-107-thread-1] exec.FileSinkOperator: Using serializer : AbstractSerDe [log=org.apache.logging.slf4j.Log4jLogger@3c370966, configuration=Optional[Configuration: core-default.xml, core-site.xml, mapred-default.xml, mapred-site.xml, yarn-default.xml, yarn-site.xml, hdfs-default.xml, hdfs-site.xml, file:/home/alex/Repositories/hive/ql/target/tmp/TestTxnCommands/mapred/local/localRunner/alex/job_local55811351_0022/job_local55811351_0022.xml], properties={transactional_properties=default, name=default.acidtbl, transactional=true, columns.types=int:int, bucket_field_name=a, columns=a,b, numFilesErasureCoded=0, columns.comments=&amp#0;, bucketing_version=2, bucket_count=2, serialization.lib=org.apache.hadoop.hive.ql.io.orc.OrcSerde, file.inputformat=org.apache.hadoop.hive.ql.io.orc.OrcInputFormat, file.outputformat=org.apache.hadoop.hive.ql.io.orc.OrcOutputFormat, location=file:/home/alex/Repositories/hive/ql/target/tmp/org.apache.hadoop.hive.ql.TestTxnCommands-1713965238357/warehouse/acidtbl, column.name.delimiter=,}, tableProperties={transactional_properties=default, name=default.acidtbl, transactional=true, columns.types=int:int, bucket_field_name=a, columns=a,b, numFilesErasureCoded=0, columns.comments=&amp#0;, bucketing_version=2, bucket_count=2, serialization.lib=org.apache.hadoop.hive.ql.io.orc.OrcSerde, file.inputformat=org.apache.hadoop.hive.ql.io.orc.OrcInputFormat, location=file:/home/alex/Repositories/hive/ql/target/tmp/org.apache.hadoop.hive.ql.TestTxnCommands-1713965238357/warehouse/acidtbl, file.outputformat=org.apache.hadoop.hive.ql.io.orc.OrcOutputFormat, column.name.delimiter=,}, partitionProperties=Optional.empty, columnNames=[a, b], columnTypes=[int, int], getClass()=class org.apache.hadoop.hive.ql.io.orc.OrcSerde] and formatter : org.apache.hadoop.hive.ql.io.orc.OrcOutputFormat@7cced472
2024-04-24T06:28:20,890  INFO [pool-107-thread-1] exec.FileSinkOperator: Final Path: FS file:/home/alex/Repositories/hive/ql/target/tmp/org.apache.hadoop.hive.ql.TestTxnCommands-1713965238357/warehouse/acidtbl
2024-04-24T06:28:20,890  INFO [pool-107-thread-1] exec.FileSinkOperator: New Final Path: FS file:/home/alex/Repositories/hive/ql/target/tmp/org.apache.hadoop.hive.ql.TestTxnCommands-1713965238357/warehouse/acidtbl
2024-04-24T06:28:20,890  INFO [pool-107-thread-1] common.FileUtils: Creating directory if it doesn't exist: file:/home/alex/Repositories/hive/ql/target/tmp/org.apache.hadoop.hive.ql.TestTxnCommands-1713965238357/warehouse
2024-04-24T06:28:20,891  INFO [pool-107-thread-1] exec.FileSinkOperator: FS[6]: records written - 1
2024-04-24T06:28:20,891  INFO [pool-107-thread-1] impl.PhysicalFsWriter: ORC writer created for path: file:/home/alex/Repositories/hive/ql/target/tmp/org.apache.hadoop.hive.ql.TestTxnCommands-1713965238357/warehouse/acidtbl/delta_0000001_0000001_0000/bucket_00000_0 with stripeSize: 8388608 blockSize: 268435456 compression: Compress: ZLIB buffer: 32768
2024-04-24T06:28:20,898  INFO [pool-107-thread-1] impl.WriterImpl: ORC writer created for path: file:/home/alex/Repositories/hive/ql/target/tmp/org.apache.hadoop.hive.ql.TestTxnCommands-1713965238357/warehouse/acidtbl/delta_0000001_0000001_0000/bucket_00000_0 with stripeSize: 8388608 options: Compress: ZLIB buffer: 32768
2024-04-24T06:28:20,902  INFO [pool-107-thread-1] exec.SelectOperator: Closing Operator: SEL[5]
2024-04-24T06:28:20,902  INFO [pool-107-thread-1] exec.SelectOperator: RECORDS_OUT_OPERATOR_SEL_5:2, RECORDS_OUT_INTERMEDIATE:0, 
2024-04-24T06:28:20,903  INFO [pool-107-thread-1] exec.FileSinkOperator: Closing Operator: FS[6]
2024-04-24T06:28:20,903  INFO [pool-107-thread-1] exec.FileSinkOperator: FS[6]: records written - 2
2024-04-24T06:28:20,905  INFO [pool-107-thread-1] FileOperations: Writing manifest to file:/home/alex/Repositories/hive/ql/target/tmp/org.apache.hadoop.hive.ql.TestTxnCommands-1713965238357/warehouse/acidtbl/_tmp.delta_0000001_0000001_0000/000000_0.manifest with [file:/home/alex/Repositories/hive/ql/target/tmp/org.apache.hadoop.hive.ql.TestTxnCommands-1713965238357/warehouse/acidtbl/delta_0000001_0000001_0000/bucket_00000_0]
2024-04-24T06:28:20,917  INFO [pool-107-thread-1] exec.FileSinkOperator: RECORDS_OUT_INTERMEDIATE:0, RECORDS_OUT_1_default.acidtbl:2, RECORDS_OUT_OPERATOR_FS_6:2, TOTAL_TABLE_ROWS_WRITTEN:2, 
2024-04-24T06:28:20,917  INFO [pool-107-thread-1] mapred.Task: Task:attempt_local55811351_0022_r_000000_0 is done. And is in the process of committing
2024-04-24T06:28:20,918  INFO [pool-107-thread-1] mapred.LocalJobRunner: reduce > reduce
2024-04-24T06:28:20,918  INFO [pool-107-thread-1] mapred.Task: Task 'attempt_local55811351_0022_r_000000_0' done.
2024-04-24T06:28:20,918  INFO [pool-107-thread-1] mapred.Task: Final Counters for attempt_local55811351_0022_r_000000_0: Counters: 30
	File System Counters
		FILE: Number of bytes read=470985
		FILE: Number of bytes written=25935650
		FILE: Number of read operations=0
		FILE: Number of large read operations=0
		FILE: Number of write operations=0
	Map-Reduce Framework
		Combine input records=0
		Combine output records=0
		Reduce input groups=2
		Reduce shuffle bytes=42
		Reduce input records=2
		Reduce output records=0
		Spilled Records=2
		Shuffled Maps =1
		Failed Shuffles=0
		Merged Map outputs=1
		GC time elapsed (ms)=0
		Total committed heap usage (bytes)=1112539136
	HIVE
		CREATED_FILES=1
		RECORDS_OUT_1_default.acidtbl=2
		RECORDS_OUT_INTERMEDIATE=0
		RECORDS_OUT_OPERATOR_FS_6=2
		RECORDS_OUT_OPERATOR_SEL_5=2
		TOTAL_TABLE_ROWS_WRITTEN=2
	Shuffle Errors
		BAD_ID=0
		CONNECTION=0
		IO_ERROR=0
		WRONG_LENGTH=0
		WRONG_MAP=0
		WRONG_REDUCE=0
	File Output Format Counters 
		Bytes Written=0
2024-04-24T06:28:20,918  INFO [pool-107-thread-1] mapred.LocalJobRunner: Finishing task: attempt_local55811351_0022_r_000000_0
2024-04-24T06:28:20,918  INFO [pool-107-thread-1] mapred.LocalJobRunner: Starting task: attempt_local55811351_0022_r_000001_0
2024-04-24T06:28:20,918  INFO [pool-107-thread-1] mapred.Task:  Using ResourceCalculatorProcessTree : [ ]
2024-04-24T06:28:20,918  INFO [pool-107-thread-1] mapred.ReduceTask: Using ShuffleConsumerPlugin: org.apache.hadoop.mapreduce.task.reduce.Shuffle@67b0dbaf
2024-04-24T06:28:20,918  WARN [pool-107-thread-1] impl.MetricsSystemImpl: JobTracker metrics system already initialized!
2024-04-24T06:28:20,919  INFO [pool-107-thread-1] reduce.MergeManagerImpl: MergerManager: memoryLimit=1336252800, maxSingleShuffleLimit=334063200, mergeThreshold=881926912, ioSortFactor=10, memToMemMergeOutputsThreshold=10
2024-04-24T06:28:20,920  INFO [EventFetcher for fetching Map Completion Events] reduce.EventFetcher: attempt_local55811351_0022_r_000001_0 Thread started: EventFetcher for fetching Map Completion Events
2024-04-24T06:28:20,923  INFO [localfetcher#33] reduce.LocalFetcher: localfetcher#33 about to shuffle output of map attempt_local55811351_0022_m_000000_0 decomp: 38 len: 42 to MEMORY
2024-04-24T06:28:20,923  INFO [localfetcher#33] reduce.InMemoryMapOutput: Read 38 bytes from map-output for attempt_local55811351_0022_m_000000_0
2024-04-24T06:28:20,924  INFO [localfetcher#33] reduce.MergeManagerImpl: closeInMemoryFile -> map-output of size: 38, inMemoryMapOutputs.size() -> 1, commitMemory -> 0, usedMemory ->38
2024-04-24T06:28:20,925  INFO [EventFetcher for fetching Map Completion Events] reduce.EventFetcher: EventFetcher is interrupted.. Returning
2024-04-24T06:28:20,925  INFO [pool-107-thread-1] mapred.LocalJobRunner: 1 / 1 copied.
2024-04-24T06:28:20,925  INFO [pool-107-thread-1] reduce.MergeManagerImpl: finalMerge called with 1 in-memory map-outputs and 0 on-disk map-outputs
2024-04-24T06:28:20,938  INFO [pool-107-thread-1] mapred.Merger: Merging 1 sorted segments
2024-04-24T06:28:20,938  INFO [pool-107-thread-1] mapred.Merger: Down to the last merge-pass, with 1 segments left of total size: 26 bytes
2024-04-24T06:28:20,945  INFO [pool-107-thread-1] reduce.MergeManagerImpl: Merged 1 segments, 38 bytes to disk to satisfy reduce memory limit
2024-04-24T06:28:20,945  INFO [pool-107-thread-1] reduce.MergeManagerImpl: Merging 1 files, 42 bytes from disk
2024-04-24T06:28:20,945  INFO [pool-107-thread-1] reduce.MergeManagerImpl: Merging 0 segments, 0 bytes from memory into reduce
2024-04-24T06:28:20,945  INFO [pool-107-thread-1] mapred.Merger: Merging 1 sorted segments
2024-04-24T06:28:20,945  INFO [pool-107-thread-1] mapred.Merger: Down to the last merge-pass, with 1 segments left of total size: 26 bytes
2024-04-24T06:28:20,946  INFO [pool-107-thread-1] mapred.LocalJobRunner: 1 / 1 copied.
2024-04-24T06:28:20,947  INFO [pool-107-thread-1] exec.SerializationUtilities: Deserializing ReduceWork using kryo
2024-04-24T06:28:20,948  INFO [pool-107-thread-1] exec.Utilities: Deserialized plan (via FILE) - name: null size: 5,96KB
2024-04-24T06:28:20,950  INFO [pool-107-thread-1] ExecReducer: 
<SEL>Id =5
  <Children>
    <FS>Id =6
      <Children>
      <\Children>
      <Parent>Id = 5 null<\Parent>
    <\FS>
  <\Children>
  <Parent><\Parent>
<\SEL>
2024-04-24T06:28:20,950  INFO [pool-107-thread-1] exec.SelectOperator: Initializing Operator: SEL[5]
2024-04-24T06:28:20,950  INFO [pool-107-thread-1] exec.SelectOperator: SELECT struct<key:struct<reducesinkkey0:int>,value:struct<_col0:int>>
2024-04-24T06:28:20,950  INFO [pool-107-thread-1] exec.FileSinkOperator: Initializing Operator: FS[6]
2024-04-24T06:28:20,951  INFO [pool-107-thread-1] exec.FileSinkOperator: Using serializer : AbstractSerDe [log=org.apache.logging.slf4j.Log4jLogger@3c370966, configuration=Optional[Configuration: core-default.xml, core-site.xml, mapred-default.xml, mapred-site.xml, yarn-default.xml, yarn-site.xml, hdfs-default.xml, hdfs-site.xml, file:/home/alex/Repositories/hive/ql/target/tmp/TestTxnCommands/mapred/local/localRunner/alex/job_local55811351_0022/job_local55811351_0022.xml], properties={transactional_properties=default, name=default.acidtbl, transactional=true, columns.types=int:int, bucket_field_name=a, columns=a,b, numFilesErasureCoded=0, columns.comments=&amp#0;, bucketing_version=2, bucket_count=2, serialization.lib=org.apache.hadoop.hive.ql.io.orc.OrcSerde, file.inputformat=org.apache.hadoop.hive.ql.io.orc.OrcInputFormat, file.outputformat=org.apache.hadoop.hive.ql.io.orc.OrcOutputFormat, location=file:/home/alex/Repositories/hive/ql/target/tmp/org.apache.hadoop.hive.ql.TestTxnCommands-1713965238357/warehouse/acidtbl, column.name.delimiter=,}, tableProperties={transactional_properties=default, name=default.acidtbl, transactional=true, columns.types=int:int, bucket_field_name=a, columns=a,b, numFilesErasureCoded=0, columns.comments=&amp#0;, bucketing_version=2, bucket_count=2, serialization.lib=org.apache.hadoop.hive.ql.io.orc.OrcSerde, file.inputformat=org.apache.hadoop.hive.ql.io.orc.OrcInputFormat, location=file:/home/alex/Repositories/hive/ql/target/tmp/org.apache.hadoop.hive.ql.TestTxnCommands-1713965238357/warehouse/acidtbl, file.outputformat=org.apache.hadoop.hive.ql.io.orc.OrcOutputFormat, column.name.delimiter=,}, partitionProperties=Optional.empty, columnNames=[a, b], columnTypes=[int, int], getClass()=class org.apache.hadoop.hive.ql.io.orc.OrcSerde] and formatter : org.apache.hadoop.hive.ql.io.orc.OrcOutputFormat@74c555c
2024-04-24T06:28:20,952  INFO [pool-107-thread-1] exec.FileSinkOperator: Final Path: FS file:/home/alex/Repositories/hive/ql/target/tmp/org.apache.hadoop.hive.ql.TestTxnCommands-1713965238357/warehouse/acidtbl
2024-04-24T06:28:20,952  INFO [pool-107-thread-1] exec.FileSinkOperator: New Final Path: FS file:/home/alex/Repositories/hive/ql/target/tmp/org.apache.hadoop.hive.ql.TestTxnCommands-1713965238357/warehouse/acidtbl
2024-04-24T06:28:20,952  INFO [pool-107-thread-1] common.FileUtils: Creating directory if it doesn't exist: file:/home/alex/Repositories/hive/ql/target/tmp/org.apache.hadoop.hive.ql.TestTxnCommands-1713965238357/warehouse
2024-04-24T06:28:20,953  INFO [pool-107-thread-1] exec.FileSinkOperator: FS[6]: records written - 1
2024-04-24T06:28:20,954  INFO [pool-107-thread-1] impl.PhysicalFsWriter: ORC writer created for path: file:/home/alex/Repositories/hive/ql/target/tmp/org.apache.hadoop.hive.ql.TestTxnCommands-1713965238357/warehouse/acidtbl/delta_0000001_0000001_0000/bucket_00001_0 with stripeSize: 8388608 blockSize: 268435456 compression: Compress: ZLIB buffer: 32768
2024-04-24T06:28:20,967  INFO [pool-107-thread-1] impl.WriterImpl: ORC writer created for path: file:/home/alex/Repositories/hive/ql/target/tmp/org.apache.hadoop.hive.ql.TestTxnCommands-1713965238357/warehouse/acidtbl/delta_0000001_0000001_0000/bucket_00001_0 with stripeSize: 8388608 options: Compress: ZLIB buffer: 32768
2024-04-24T06:28:20,968  INFO [pool-107-thread-1] exec.SelectOperator: Closing Operator: SEL[5]
2024-04-24T06:28:20,968  INFO [pool-107-thread-1] exec.SelectOperator: RECORDS_OUT_INTERMEDIATE:0, RECORDS_OUT_OPERATOR_SEL_5:2, 
2024-04-24T06:28:20,968  INFO [pool-107-thread-1] exec.FileSinkOperator: Closing Operator: FS[6]
2024-04-24T06:28:20,968  INFO [pool-107-thread-1] exec.FileSinkOperator: FS[6]: records written - 2
2024-04-24T06:28:20,975  INFO [pool-107-thread-1] FileOperations: Writing manifest to file:/home/alex/Repositories/hive/ql/target/tmp/org.apache.hadoop.hive.ql.TestTxnCommands-1713965238357/warehouse/acidtbl/_tmp.delta_0000001_0000001_0000/000001_0.manifest with [file:/home/alex/Repositories/hive/ql/target/tmp/org.apache.hadoop.hive.ql.TestTxnCommands-1713965238357/warehouse/acidtbl/delta_0000001_0000001_0000/bucket_00001_0]
2024-04-24T06:28:21,002  INFO [pool-107-thread-1] exec.FileSinkOperator: RECORDS_OUT_OPERATOR_FS_6:2, TOTAL_TABLE_ROWS_WRITTEN:2, RECORDS_OUT_1_default.acidtbl:2, RECORDS_OUT_INTERMEDIATE:0, 
2024-04-24T06:28:21,003  INFO [pool-107-thread-1] mapred.Task: Task:attempt_local55811351_0022_r_000001_0 is done. And is in the process of committing
2024-04-24T06:28:21,004  INFO [pool-107-thread-1] mapred.LocalJobRunner: reduce > reduce
2024-04-24T06:28:21,004  INFO [pool-107-thread-1] mapred.Task: Task 'attempt_local55811351_0022_r_000001_0' done.
2024-04-24T06:28:21,004  INFO [pool-107-thread-1] mapred.Task: Final Counters for attempt_local55811351_0022_r_000001_0: Counters: 30
	File System Counters
		FILE: Number of bytes read=477145
		FILE: Number of bytes written=25936720
		FILE: Number of read operations=0
		FILE: Number of large read operations=0
		FILE: Number of write operations=0
	Map-Reduce Framework
		Combine input records=0
		Combine output records=0
		Reduce input groups=2
		Reduce shuffle bytes=42
		Reduce input records=2
		Reduce output records=0
		Spilled Records=2
		Shuffled Maps =1
		Failed Shuffles=0
		Merged Map outputs=1
		GC time elapsed (ms)=0
		Total committed heap usage (bytes)=1112539136
	HIVE
		CREATED_FILES=1
		RECORDS_OUT_1_default.acidtbl=2
		RECORDS_OUT_INTERMEDIATE=0
		RECORDS_OUT_OPERATOR_FS_6=2
		RECORDS_OUT_OPERATOR_SEL_5=2
		TOTAL_TABLE_ROWS_WRITTEN=2
	Shuffle Errors
		BAD_ID=0
		CONNECTION=0
		IO_ERROR=0
		WRONG_LENGTH=0
		WRONG_MAP=0
		WRONG_REDUCE=0
	File Output Format Counters 
		Bytes Written=0
2024-04-24T06:28:21,004  INFO [pool-107-thread-1] mapred.LocalJobRunner: Finishing task: attempt_local55811351_0022_r_000001_0
2024-04-24T06:28:21,004  INFO [Thread-1736] mapred.LocalJobRunner: reduce task executor complete.
2024-04-24 06:28:21,851 Stage-1 map = 100%,  reduce = 100%
2024-04-24T06:28:21,851  INFO [main] exec.Task: 2024-04-24 06:28:21,851 Stage-1 map = 100%,  reduce = 100%
Ended Job = job_local55811351_0022
2024-04-24T06:28:21,853  INFO [main] exec.Task: Ended Job = job_local55811351_0022
2024-04-24T06:28:21,854  INFO [main] FileOperations: Found manifest file file:/home/alex/Repositories/hive/ql/target/tmp/org.apache.hadoop.hive.ql.TestTxnCommands-1713965238357/warehouse/acidtbl/_tmp.delta_0000001_0000001_0000/000000_0.manifest with attemptId 0.
2024-04-24T06:28:21,854  INFO [main] FileOperations: Found manifest file file:/home/alex/Repositories/hive/ql/target/tmp/org.apache.hadoop.hive.ql.TestTxnCommands-1713965238357/warehouse/acidtbl/_tmp.delta_0000001_0000001_0000/000001_0.manifest with attemptId 0.
2024-04-24T06:28:21,854  INFO [main] FileOperations: Looking at manifest file: file:/home/alex/Repositories/hive/ql/target/tmp/org.apache.hadoop.hive.ql.TestTxnCommands-1713965238357/warehouse/acidtbl/_tmp.delta_0000001_0000001_0000/000001_0.manifest
2024-04-24T06:28:21,854  INFO [main] FileOperations: Looking at manifest file: file:/home/alex/Repositories/hive/ql/target/tmp/org.apache.hadoop.hive.ql.TestTxnCommands-1713965238357/warehouse/acidtbl/_tmp.delta_0000001_0000001_0000/000000_0.manifest
2024-04-24T06:28:21,855  INFO [main] FileOperations: Deleting manifest directory file:/home/alex/Repositories/hive/ql/target/tmp/org.apache.hadoop.hive.ql.TestTxnCommands-1713965238357/warehouse/acidtbl/_tmp.delta_0000001_0000001_0000
2024-04-24T06:28:21,856  INFO [main] ql.Driver: Starting task [Stage-0:MOVE] in serial mode
Loading data to table default.acidtbl
2024-04-24T06:28:21,856  INFO [main] exec.Task: Loading data to table default.acidtbl from file:/home/alex/Repositories/hive/ql/target/tmp/org.apache.hadoop.hive.ql.TestTxnCommands-1713965238357/warehouse/acidtbl
2024-04-24T06:28:21,856  INFO [main] HiveMetaStore.audit: ugi=alex	ip=unknown-ip-addr	cmd=get_table : tbl=hive.default.acidtbl	
2024-04-24T06:28:21,863  INFO [main] metastore.HMSHandler: Skipping translation for processor with null
2024-04-24T06:28:21,863  INFO [main] HiveMetaStore.audit: ugi=alex	ip=unknown-ip-addr	cmd=get_table : tbl=hive.default.acidtbl	
2024-04-24T06:28:21,869  INFO [main] metastore.HMSHandler: Skipping translation for processor with null
2024-04-24T06:28:21,870  INFO [main] HiveMetaStore.audit: ugi=alex	ip=unknown-ip-addr	cmd=alter_table: hive.default.acidtbl newtbl=acidtbl	
2024-04-24T06:28:21,894  INFO [main] ql.Driver: Starting task [Stage-2:STATS] in serial mode
2024-04-24T06:28:21,894  INFO [main] HiveMetaStore.audit: ugi=alex	ip=unknown-ip-addr	cmd=get_table : tbl=hive.default.acidtbl	
2024-04-24T06:28:21,900  INFO [main] metastore.HMSHandler: Skipping translation for processor with null
2024-04-24T06:28:21,901  INFO [main] stats.BasicStatsTask: Executing stats task
2024-04-24T06:28:21,901  INFO [main] fs.FSStatsPublisher: created : file:/home/alex/Repositories/hive/ql/target/tmp/localscratchdir/552d77f1-937b-44e6-842c-b9f7507955ca/hive_2024-04-24_06-28-20_404_2015899296598666029-1/-mr-10000
2024-04-24T06:28:21,902  INFO [main] HiveMetaStore.audit: ugi=alex	ip=unknown-ip-addr	cmd=get_table : tbl=hive.default.acidtbl	
2024-04-24T06:28:21,908  INFO [main] metastore.HMSHandler: Skipping translation for processor with null
2024-04-24T06:28:21,919  WARN [main] FileOperations: Computing stats for an ACID table; stats may be inaccurate
2024-04-24T06:28:21,920  INFO [main] FileOperations: Read stats for default.acidtbl/, numRows, true, 4, false: 
2024-04-24T06:28:21,920  INFO [main] FileOperations: Read stats for default.acidtbl/, rawDataSize, true, 0, false: 
2024-04-24T06:28:21,920  INFO [main] HiveMetaStore.audit: ugi=alex	ip=unknown-ip-addr	cmd=alter_table: hive.default.acidtbl newtbl=acidtbl	
2024-04-24T06:28:21,940  INFO [main] FileOperations: Read stats for default.acidtbl/, insertCount, true, 4, false: 
2024-04-24T06:28:21,940  INFO [main] FileOperations: Read stats for default.acidtbl/, updateCount, true, 0, false: 
2024-04-24T06:28:21,940  INFO [main] FileOperations: Read stats for default.acidtbl/, deleteCount, true, 0, false: 
2024-04-24T06:28:21,942  INFO [main] stats.BasicStatsTask: Table default.acidtbl stats: [numFiles=2, numRows=4, totalSize=1380, rawDataSize=0, numFilesErasureCoded=0]
2024-04-24T06:28:21,942  INFO [main] metadata.Hive: Dumping metastore api call timing information for : execution phase
2024-04-24T06:28:21,942  INFO [main] metadata.Hive: Total time spent in each metastore function (ms): {updateTransactionalStatistics_(UpdateTransactionalStatsRequest)=2, alter_table_(String, String, String, Table, EnvironmentContext, String)=43, isCompatibleWith_(Configuration)=0, getTable_(GetTableRequest)=26}
MapReduce Jobs Launched: 
2024-04-24T06:28:21,943  INFO [main] ql.Driver: MapReduce Jobs Launched: 
Stage-Stage-1:  HDFS Read: 0 HDFS Write: 0 SUCCESS
2024-04-24T06:28:21,943  INFO [main] ql.Driver: Stage-Stage-1:  HDFS Read: 0 HDFS Write: 0 SUCCESS
Total MapReduce CPU Time Spent: 0 msec
2024-04-24T06:28:21,943  INFO [main] ql.Driver: Total MapReduce CPU Time Spent: 0 msec
2024-04-24T06:28:21,943  INFO [main] ql.Driver: Completed executing command(queryId=alex_20240424062820_6fa8549e-bf21-4f4d-8212-375d2a8b10e6); Time taken: 1.387 seconds
2024-04-24T06:28:21,943  INFO [main] lockmgr.DbTxnManager: Stopped heartbeat for query: alex_20240424062820_6fa8549e-bf21-4f4d-8212-375d2a8b10e6
2024-04-24T06:28:21,953  INFO [main] txn.TxnHandler: Removed transactions: ([14]) from MIN_HISTORY_LEVEL
2024-04-24T06:28:21,953  WARN [main] txn.CompactionTxnHandler: No compaction queue record found for Compaction type transaction commit. txnId:14
2024-04-24T06:28:21,954  INFO [main] ql.TxnCommandsBaseForTests: Running the query: merge into acidTbl as t using nonAcidOrcTbl s ON t.a = s.a WHEN MATCHED and s.a < 5 THEN DELETE WHEN MATCHED AND s.a < 3 THEN update set b = 0 WHEN NOT MATCHED THEN INSERT VALUES(s.a, s.b) 
2024-04-24T06:28:21,954  INFO [main] ql.Context: Deleting scratch dir: file:/home/alex/Repositories/hive/ql/target/tmp/localscratchdir/552d77f1-937b-44e6-842c-b9f7507955ca/hive_2024-04-24_06-28-20_404_2015899296598666029-1
2024-04-24T06:28:21,955  INFO [main] cleanup.SyncCleanupService: Deleted directory: file:/home/alex/Repositories/hive/ql/target/tmp/localscratchdir/552d77f1-937b-44e6-842c-b9f7507955ca/hive_2024-04-24_06-28-20_404_2015899296598666029-1 on fs with scheme file
2024-04-24T06:28:21,955  INFO [main] ql.Driver: Compiling command(queryId=alex_20240424062821_65de1a41-da76-4ebd-a71c-9d2fa1cb4556): merge into acidTbl as t using nonAcidOrcTbl s ON t.a = s.a WHEN MATCHED and s.a < 5 THEN DELETE WHEN MATCHED AND s.a < 3 THEN update set b = 0 WHEN NOT MATCHED THEN INSERT VALUES(s.a, s.b) 
2024-04-24T06:28:21,957  INFO [main] txn.TxnHandler: Added entries to MIN_HISTORY_LEVEL for current txns: ([15]) with min_open_txn: 15
2024-04-24T06:28:21,958  INFO [main] lockmgr.DbTxnManager: Opened txnid:15
2024-04-24T06:28:21,958  INFO [main] parse.MergeSemanticAnalyzer: Starting caching scope for: 
2024-04-24T06:28:21,958  INFO [main] HiveMetaStore.audit: ugi=alex	ip=unknown-ip-addr	cmd=get_table : tbl=hive.default.acidTbl	
2024-04-24T06:28:21,964  INFO [main] metastore.HMSHandler: Skipping translation for processor with null
2024-04-24T06:28:21,965  INFO [main] HiveMetaStore.audit: ugi=alex	ip=unknown-ip-addr	cmd=get_table : tbl=hive.default.merge_tmp_table	
2024-04-24T06:28:21,968  INFO [main] utils.FileUtils: Creating directory if it doesn't exist: file:/home/alex/Repositories/hive/ql/target/tmp/scratchdir/alex/552d77f1-937b-44e6-842c-b9f7507955ca/_tmp_space.db/merge_tmp_table
2024-04-24T06:28:21,971  INFO [main] parse.RewriteSemanticAnalyzer: Going to reparse <merge into acidTbl as t using nonAcidOrcTbl s ON t.a = s.a WHEN MATCHED and s.a < 5 THEN DELETE WHEN MATCHED AND s.a < 3 THEN update set b = 0 WHEN NOT MATCHED THEN INSERT VALUES(s.a, s.b) > as 
<FROM
  `default`.`acidTbl` `t`
  RIGHT OUTER JOIN
  `default`.`nonAcidOrcTbl` `s`
  ON `t`.`a` = `s`.`a`
INSERT INTO `default`.`acidTbl`    -- delete clause
 SELECT `t`.ROW__ID 
   WHERE `t`.`a` = `s`.`a` AND `s`.`a` < 5
 SORT BY `t`.ROW__ID 
INSERT INTO `default`.`acidTbl`    -- update clause(insert part)
 SELECT `t`.`a`, 0
   WHERE `t`.`a` = `s`.`a` AND `s`.`a` < 3 AND NOT(`s`.`a` < 5)
INSERT INTO `default`.`acidTbl`    -- update clause (delete part)
 SELECT `t`.ROW__ID 
   WHERE `t`.`a` = `s`.`a` AND `s`.`a` < 3 AND NOT(`s`.`a` < 5)
 SORT BY `t`.ROW__ID 
INSERT INTO `default`.`acidTbl`    -- insert clause
  SELECT `s`.`a`, `s`.`b`
   WHERE `t`.`a` IS NULL
INSERT INTO merge_tmp_table
  SELECT cardinality_violation(`t`.ROW__ID)
 WHERE `t`.`a` = `s`.`a` GROUP BY `t`.ROW__ID HAVING count(*) > 1>
2024-04-24T06:28:21,973  INFO [main] parse.MergeSemanticAnalyzer: Starting Semantic Analysis
2024-04-24T06:28:21,977  INFO [main] parse.MergeSemanticAnalyzer: Completed phase 1 of Semantic Analysis
2024-04-24T06:28:21,977  INFO [main] parse.MergeSemanticAnalyzer: Get metadata for source tables
2024-04-24T06:28:21,978  INFO [main] HiveMetaStore.audit: ugi=alex	ip=unknown-ip-addr	cmd=get_table : tbl=hive.default.acidtbl	
2024-04-24T06:28:21,985  INFO [main] metastore.HMSHandler: Skipping translation for processor with null
2024-04-24T06:28:21,986  INFO [main] HiveMetaStore.audit: ugi=alex	ip=unknown-ip-addr	cmd=get_table : tbl=hive.default.nonacidorctbl	
2024-04-24T06:28:21,995  INFO [main] metastore.HMSHandler: Skipping translation for processor with null
2024-04-24T06:28:21,995  INFO [main] parse.MergeSemanticAnalyzer: Get metadata for subqueries
2024-04-24T06:28:21,995  INFO [main] parse.MergeSemanticAnalyzer: Get metadata for destination tables
2024-04-24T06:28:21,995  INFO [main] HiveMetaStore.audit: ugi=alex	ip=unknown-ip-addr	cmd=get_table : tbl=hive.default.acidTbl	
2024-04-24T06:28:22,002  INFO [main] metastore.HMSHandler: Skipping translation for processor with null
2024-04-24T06:28:22,002  INFO [main] HiveMetaStore.audit: ugi=alex	ip=unknown-ip-addr	cmd=get_table : tbl=hive.default.acidTbl	
2024-04-24T06:28:22,009  INFO [main] metastore.HMSHandler: Skipping translation for processor with null
2024-04-24T06:28:22,010  INFO [main] HiveMetaStore.audit: ugi=alex	ip=unknown-ip-addr	cmd=get_table : tbl=hive.default.acidTbl	
2024-04-24T06:28:22,017  INFO [main] metastore.HMSHandler: Skipping translation for processor with null
2024-04-24T06:28:22,017  INFO [main] HiveMetaStore.audit: ugi=alex	ip=unknown-ip-addr	cmd=get_table : tbl=hive.default.acidTbl	
2024-04-24T06:28:22,023  INFO [main] metastore.HMSHandler: Skipping translation for processor with null
2024-04-24T06:28:22,024  INFO [main] parse.MergeSemanticAnalyzer: Completed getting MetaData in Semantic Analysis
2024-04-24T06:28:22,024  INFO [main] parse.MergeSemanticAnalyzer: Disabling LLAP IO encode as ETL query is detected
2024-04-24T06:28:22,024  INFO [main] parse.MergeSemanticAnalyzer: Get metadata for source tables
2024-04-24T06:28:22,025  INFO [main] parse.MergeSemanticAnalyzer: Get metadata for subqueries
2024-04-24T06:28:22,025  INFO [main] parse.MergeSemanticAnalyzer: Get metadata for destination tables
2024-04-24T06:28:22,036  INFO [main] HiveMetaStore.audit: ugi=alex	ip=unknown-ip-addr	cmd=get_all_table_constraints : tbl=hive.default.acidtbl	
2024-04-24T06:28:22,042  INFO [main] HiveMetaStore.audit: ugi=alex	ip=unknown-ip-addr	cmd=get_all_table_constraints : tbl=hive.default.nonacidorctbl	
2024-04-24T06:28:22,075  INFO [main] calcite.RelOptHiveTable: Calculating column statistics for default.acidtbl, projIndxSet: [0], allowMissingStats: true
2024-04-24T06:28:22,075  INFO [main] HiveMetaStore.audit: ugi=alex	ip=unknown-ip-addr	cmd=get_table : tbl=hive.default.acidtbl	
2024-04-24T06:28:22,084  INFO [main] metastore.HMSHandler: Skipping translation for processor with null
2024-04-24T06:28:22,085  INFO [main] HiveMetaStore.audit: ugi=alex	ip=unknown-ip-addr	cmd=get_table : tbl=hive.default.acidtbl	
2024-04-24T06:28:22,094  INFO [main] metastore.HMSHandler: Skipping translation for processor with null
2024-04-24T06:28:22,095  INFO [main] HiveMetaStore.audit: ugi=alex	ip=unknown-ip-addr	cmd=get_table_statistics_req: table=hive.default.acidtbl	
2024-04-24T06:28:22,105  WARN [main] calcite.RelOptHiveTable: No Stats for default@acidtbl, Columns: a
No Stats for default@acidtbl, Columns: a
2024-04-24T06:28:22,105  INFO [main] SessionState: No Stats for default@acidtbl, Columns: a
2024-04-24T06:28:22,105  INFO [main] calcite.RelOptHiveTable: Calculating column statistics for default.nonacidorctbl, projIndxSet: [0, 1], allowMissingStats: true
2024-04-24T06:28:22,105  INFO [main] HiveMetaStore.audit: ugi=alex	ip=unknown-ip-addr	cmd=get_table : tbl=hive.default.nonacidorctbl	
2024-04-24T06:28:22,117  INFO [main] metastore.HMSHandler: Skipping translation for processor with null
2024-04-24T06:28:22,117  INFO [main] HiveMetaStore.audit: ugi=alex	ip=unknown-ip-addr	cmd=get_table : tbl=hive.default.nonacidorctbl	
2024-04-24T06:28:22,128  INFO [main] metastore.HMSHandler: Skipping translation for processor with null
2024-04-24T06:28:22,128  INFO [main] HiveMetaStore.audit: ugi=alex	ip=unknown-ip-addr	cmd=get_table_statistics_req: table=hive.default.nonacidorctbl	
2024-04-24T06:28:22,142  WARN [main] calcite.RelOptHiveTable: No Stats for default@nonacidorctbl, Columns: b, a
No Stats for default@nonacidorctbl, Columns: b, a
2024-04-24T06:28:22,142  INFO [main] SessionState: No Stats for default@nonacidorctbl, Columns: b, a
2024-04-24T06:28:22,325  INFO [main] parse.MergeSemanticAnalyzer: Get metadata for source tables
2024-04-24T06:28:22,325  INFO [main] parse.MergeSemanticAnalyzer: Get metadata for subqueries
2024-04-24T06:28:22,325  INFO [main] parse.MergeSemanticAnalyzer: Get metadata for source tables
2024-04-24T06:28:22,325  INFO [main] parse.MergeSemanticAnalyzer: Get metadata for subqueries
2024-04-24T06:28:22,325  INFO [main] parse.MergeSemanticAnalyzer: Get metadata for source tables
2024-04-24T06:28:22,325  INFO [main] parse.MergeSemanticAnalyzer: Get metadata for subqueries
2024-04-24T06:28:22,325  INFO [main] parse.MergeSemanticAnalyzer: Get metadata for destination tables
2024-04-24T06:28:22,325  INFO [main] parse.MergeSemanticAnalyzer: Get metadata for source tables
2024-04-24T06:28:22,326  INFO [main] parse.MergeSemanticAnalyzer: Get metadata for subqueries
2024-04-24T06:28:22,326  INFO [main] parse.MergeSemanticAnalyzer: Get metadata for destination tables
2024-04-24T06:28:22,326  INFO [main] parse.MergeSemanticAnalyzer: Get metadata for destination tables
2024-04-24T06:28:22,326  INFO [main] parse.MergeSemanticAnalyzer: Get metadata for destination tables
2024-04-24T06:28:22,326  INFO [main] HiveMetaStore.audit: ugi=alex	ip=unknown-ip-addr	cmd=get_table : tbl=hive.default.acidTbl	
2024-04-24T06:28:22,332  INFO [main] metastore.HMSHandler: Skipping translation for processor with null
2024-04-24T06:28:22,332  INFO [main] HiveMetaStore.audit: ugi=alex	ip=unknown-ip-addr	cmd=get_table : tbl=hive.default.acidTbl	
2024-04-24T06:28:22,339  INFO [main] metastore.HMSHandler: Skipping translation for processor with null
2024-04-24T06:28:22,339  INFO [main] HiveMetaStore.audit: ugi=alex	ip=unknown-ip-addr	cmd=get_table : tbl=hive.default.acidTbl	
2024-04-24T06:28:22,345  INFO [main] metastore.HMSHandler: Skipping translation for processor with null
2024-04-24T06:28:22,345  INFO [main] HiveMetaStore.audit: ugi=alex	ip=unknown-ip-addr	cmd=get_table : tbl=hive.default.acidTbl	
2024-04-24T06:28:22,352  INFO [main] metastore.HMSHandler: Skipping translation for processor with null
2024-04-24T06:28:22,357 ERROR [main] parse.MergeSemanticAnalyzer: CBO failed, skipping CBO. 
org.apache.hadoop.hive.ql.exec.NoMatchingMethodException: No matching method for class org.apache.hadoop.hive.ql.udf.UDFToInteger with (struct<writeid:bigint,bucketid:int,rowid:bigint>). Possible choices: _FUNC_(bigint)  _FUNC_(boolean)  _FUNC_(decimal(38,18))  _FUNC_(double)  _FUNC_(float)  _FUNC_(smallint)  _FUNC_(string)  _FUNC_(struct<writeid:int,bucketid:bigint,rowid:bigint>)  _FUNC_(timestamp)  _FUNC_(tinyint)  _FUNC_(void)  
	at org.apache.hadoop.hive.ql.exec.MethodUtils.getMethodInternal(MethodUtils.java:130) ~[classes/:?]
	at org.apache.hadoop.hive.ql.exec.MethodUtils.getMethodInternal(MethodUtils.java:60) ~[classes/:?]
	at org.apache.hadoop.hive.ql.exec.DefaultUDFMethodResolver.getEvalMethod(DefaultUDFMethodResolver.java:59) ~[classes/:?]
	at org.apache.hadoop.hive.ql.udf.TimestampCastRestrictorResolver.getEvalMethod(TimestampCastRestrictorResolver.java:68) ~[classes/:?]
	at org.apache.hadoop.hive.ql.udf.generic.GenericUDFBridge.initialize(GenericUDFBridge.java:168) ~[classes/:?]
	at org.apache.hadoop.hive.ql.udf.generic.GenericUDF.initializeAndFoldConstants(GenericUDF.java:149) ~[classes/:?]
	at org.apache.hadoop.hive.ql.plan.ExprNodeGenericFuncDesc.newInstance(ExprNodeGenericFuncDesc.java:235) ~[classes/:?]
	at org.apache.hadoop.hive.ql.parse.type.ExprNodeDescExprFactory.createFuncCallExpr(ExprNodeDescExprFactory.java:584) ~[classes/:?]
	at org.apache.hadoop.hive.ql.parse.type.ExprNodeDescExprFactory.createFuncCallExpr(ExprNodeDescExprFactory.java:97) ~[classes/:?]
	at org.apache.hadoop.hive.ql.parse.type.TypeCheckProcFactory$DefaultExprProcessor.getFuncExprNodeDescWithUdfData(TypeCheckProcFactory.java:762) ~[classes/:?]
	at org.apache.hadoop.hive.ql.parse.type.TypeCheckProcFactory$DefaultExprProcessor.createConversionCast(TypeCheckProcFactory.java:783) ~[classes/:?]
	at org.apache.hadoop.hive.ql.parse.SemanticAnalyzer.getPartitionColsFromBucketColsForUpdateDelete(SemanticAnalyzer.java:8725) ~[classes/:?]
	at org.apache.hadoop.hive.ql.parse.SemanticAnalyzer.genBucketingSortingDest(SemanticAnalyzer.java:6906) ~[classes/:?]
	at org.apache.hadoop.hive.ql.parse.SemanticAnalyzer.genFileSinkPlan(SemanticAnalyzer.java:7335) ~[classes/:?]
	at org.apache.hadoop.hive.ql.parse.SemanticAnalyzer.genPostGroupByBodyPlan(SemanticAnalyzer.java:11063) ~[classes/:?]
	at org.apache.hadoop.hive.ql.parse.SemanticAnalyzer.genBodyPlan(SemanticAnalyzer.java:10938) ~[classes/:?]
	at org.apache.hadoop.hive.ql.parse.SemanticAnalyzer.genPlan(SemanticAnalyzer.java:11853) ~[classes/:?]
	at org.apache.hadoop.hive.ql.parse.SemanticAnalyzer.genPlan(SemanticAnalyzer.java:11723) ~[classes/:?]
	at org.apache.hadoop.hive.ql.parse.CalcitePlanner.genOPTree(CalcitePlanner.java:626) ~[classes/:?]
	at org.apache.hadoop.hive.ql.parse.SemanticAnalyzer.analyzeInternal(SemanticAnalyzer.java:12558) ~[classes/:?]
	at org.apache.hadoop.hive.ql.parse.CalcitePlanner.analyzeInternal(CalcitePlanner.java:456) ~[classes/:?]
	at org.apache.hadoop.hive.ql.parse.RewriteSemanticAnalyzer.analyzeInternal(RewriteSemanticAnalyzer.java:67) ~[classes/:?]
	at org.apache.hadoop.hive.ql.parse.BaseSemanticAnalyzer.analyze(BaseSemanticAnalyzer.java:317) ~[classes/:?]
	at org.apache.hadoop.hive.ql.parse.MergeSemanticAnalyzer.analyzeMerge(MergeSemanticAnalyzer.java:317) ~[classes/:?]
	at org.apache.hadoop.hive.ql.parse.MergeSemanticAnalyzer.analyze(MergeSemanticAnalyzer.java:63) ~[classes/:?]
	at org.apache.hadoop.hive.ql.parse.RewriteSemanticAnalyzer.analyzeInternal(RewriteSemanticAnalyzer.java:72) ~[classes/:?]
	at org.apache.hadoop.hive.ql.parse.BaseSemanticAnalyzer.analyze(BaseSemanticAnalyzer.java:317) ~[classes/:?]
	at org.apache.hadoop.hive.ql.Compiler.analyze(Compiler.java:223) ~[classes/:?]
	at org.apache.hadoop.hive.ql.Compiler.compile(Compiler.java:105) ~[classes/:?]
	at org.apache.hadoop.hive.ql.Driver.compile(Driver.java:500) ~[classes/:?]
	at org.apache.hadoop.hive.ql.Driver.compileInternal(Driver.java:453) ~[classes/:?]
	at org.apache.hadoop.hive.ql.Driver.runInternal(Driver.java:181) ~[classes/:?]
	at org.apache.hadoop.hive.ql.Driver.run(Driver.java:153) ~[classes/:?]
	at org.apache.hadoop.hive.ql.Driver.run(Driver.java:140) ~[classes/:?]
	at org.apache.hadoop.hive.ql.TxnCommandsBaseForTests.runStatementOnDriver(TxnCommandsBaseForTests.java:245) ~[test-classes/:?]
	at org.apache.hadoop.hive.ql.TestTxnCommands.testMergeDeleteUpdate(TestTxnCommands.java:1281) ~[test-classes/:?]
	at sun.reflect.NativeMethodAccessorImpl.invoke0(Native Method) ~[?:1.8.0_402]
	at sun.reflect.NativeMethodAccessorImpl.invoke(NativeMethodAccessorImpl.java:62) ~[?:1.8.0_402]
	at sun.reflect.DelegatingMethodAccessorImpl.invoke(DelegatingMethodAccessorImpl.java:43) ~[?:1.8.0_402]
	at java.lang.reflect.Method.invoke(Method.java:498) ~[?:1.8.0_402]
	at org.junit.runners.model.FrameworkMethod$1.runReflectiveCall(FrameworkMethod.java:59) ~[junit-4.13.jar:4.13]
	at org.junit.internal.runners.model.ReflectiveCallable.run(ReflectiveCallable.java:12) ~[junit-4.13.jar:4.13]
	at org.junit.runners.model.FrameworkMethod.invokeExplosively(FrameworkMethod.java:56) ~[junit-4.13.jar:4.13]
	at org.junit.internal.runners.statements.InvokeMethod.evaluate(InvokeMethod.java:17) ~[junit-4.13.jar:4.13]
	at org.junit.internal.runners.statements.RunBefores.evaluate(RunBefores.java:26) ~[junit-4.13.jar:4.13]
	at org.junit.internal.runners.statements.RunAfters.evaluate(RunAfters.java:27) ~[junit-4.13.jar:4.13]
	at org.junit.rules.TestWatcher$1.evaluate(TestWatcher.java:61) ~[junit-4.13.jar:4.13]
	at org.junit.runners.ParentRunner$3.evaluate(ParentRunner.java:306) ~[junit-4.13.jar:4.13]
	at org.junit.runners.BlockJUnit4ClassRunner$1.evaluate(BlockJUnit4ClassRunner.java:100) ~[junit-4.13.jar:4.13]
	at org.junit.runners.ParentRunner.runLeaf(ParentRunner.java:366) ~[junit-4.13.jar:4.13]
	at org.junit.runners.BlockJUnit4ClassRunner.runChild(BlockJUnit4ClassRunner.java:103) ~[junit-4.13.jar:4.13]
	at org.junit.runners.BlockJUnit4ClassRunner.runChild(BlockJUnit4ClassRunner.java:63) ~[junit-4.13.jar:4.13]
	at org.junit.runners.ParentRunner$4.run(ParentRunner.java:331) ~[junit-4.13.jar:4.13]
	at org.junit.runners.ParentRunner$1.schedule(ParentRunner.java:79) ~[junit-4.13.jar:4.13]
	at org.junit.runners.ParentRunner.runChildren(ParentRunner.java:329) ~[junit-4.13.jar:4.13]
	at org.junit.runners.ParentRunner.access$100(ParentRunner.java:66) ~[junit-4.13.jar:4.13]
	at org.junit.runners.ParentRunner$2.evaluate(ParentRunner.java:293) ~[junit-4.13.jar:4.13]
	at org.junit.runners.ParentRunner$3.evaluate(ParentRunner.java:306) ~[junit-4.13.jar:4.13]
	at org.junit.runners.ParentRunner.run(ParentRunner.java:413) ~[junit-4.13.jar:4.13]
	at org.junit.runner.JUnitCore.run(JUnitCore.java:137) ~[junit-4.13.jar:4.13]
	at org.junit.runner.JUnitCore.run(JUnitCore.java:115) ~[junit-4.13.jar:4.13]
	at org.junit.vintage.engine.execution.RunnerExecutor.execute(RunnerExecutor.java:43) ~[junit-vintage-engine-5.6.2.jar:5.6.2]
	at java.util.stream.ForEachOps$ForEachOp$OfRef.accept(ForEachOps.java:183) ~[?:1.8.0_402]
	at java.util.stream.ReferencePipeline$3$1.accept(ReferencePipeline.java:193) ~[?:1.8.0_402]
	at java.util.Iterator.forEachRemaining(Iterator.java:116) ~[?:1.8.0_402]
	at java.util.Spliterators$IteratorSpliterator.forEachRemaining(Spliterators.java:1801) ~[?:1.8.0_402]
	at java.util.stream.AbstractPipeline.copyInto(AbstractPipeline.java:482) ~[?:1.8.0_402]
	at java.util.stream.AbstractPipeline.wrapAndCopyInto(AbstractPipeline.java:472) ~[?:1.8.0_402]
	at java.util.stream.ForEachOps$ForEachOp.evaluateSequential(ForEachOps.java:150) ~[?:1.8.0_402]
	at java.util.stream.ForEachOps$ForEachOp$OfRef.evaluateSequential(ForEachOps.java:173) ~[?:1.8.0_402]
	at java.util.stream.AbstractPipeline.evaluate(AbstractPipeline.java:234) ~[?:1.8.0_402]
	at java.util.stream.ReferencePipeline.forEach(ReferencePipeline.java:485) ~[?:1.8.0_402]
	at org.junit.vintage.engine.VintageTestEngine.executeAllChildren(VintageTestEngine.java:82) ~[junit-vintage-engine-5.6.2.jar:5.6.2]
	at org.junit.vintage.engine.VintageTestEngine.execute(VintageTestEngine.java:73) ~[junit-vintage-engine-5.6.2.jar:5.6.2]
	at org.junit.platform.launcher.core.DefaultLauncher.execute(DefaultLauncher.java:248) ~[junit-platform-launcher-1.6.2.jar:1.6.2]
	at org.junit.platform.launcher.core.DefaultLauncher.lambda$execute$5(DefaultLauncher.java:211) ~[junit-platform-launcher-1.6.2.jar:1.6.2]
	at org.junit.platform.launcher.core.DefaultLauncher.withInterceptedStreams(DefaultLauncher.java:226) [junit-platform-launcher-1.6.2.jar:1.6.2]
	at org.junit.platform.launcher.core.DefaultLauncher.execute(DefaultLauncher.java:199) [junit-platform-launcher-1.6.2.jar:1.6.2]
	at org.junit.platform.launcher.core.DefaultLauncher.execute(DefaultLauncher.java:132) [junit-platform-launcher-1.6.2.jar:1.6.2]
	at org.apache.maven.surefire.junitplatform.JUnitPlatformProvider.invokeAllTests(JUnitPlatformProvider.java:154) [surefire-junit-platform-3.0.0-M4.jar:3.0.0-M4]
	at org.apache.maven.surefire.junitplatform.JUnitPlatformProvider.invoke(JUnitPlatformProvider.java:123) [surefire-junit-platform-3.0.0-M4.jar:3.0.0-M4]
	at org.apache.maven.surefire.booter.ForkedBooter.runSuitesInProcess(ForkedBooter.java:377) [surefire-booter-3.0.0-M4.jar:3.0.0-M4]
	at org.apache.maven.surefire.booter.ForkedBooter.execute(ForkedBooter.java:138) [surefire-booter-3.0.0-M4.jar:3.0.0-M4]
	at org.apache.maven.surefire.booter.ForkedBooter.run(ForkedBooter.java:465) [surefire-booter-3.0.0-M4.jar:3.0.0-M4]
	at org.apache.maven.surefire.booter.ForkedBooter.main(ForkedBooter.java:451) [surefire-booter-3.0.0-M4.jar:3.0.0-M4]
2024-04-24T06:28:22,358 ERROR [main] parse.MergeSemanticAnalyzer: CBO failed due to missing column stats (see previous errors), skipping CBO
2024-04-24T06:28:22,358  INFO [main] parse.MergeSemanticAnalyzer: Ending caching scope for: 
FAILED: NoMatchingMethodException No matching method for class org.apache.hadoop.hive.ql.udf.UDFToInteger with (struct<writeid:bigint,bucketid:int,rowid:bigint>). Possible choices: _FUNC_(bigint)  _FUNC_(boolean)  _FUNC_(decimal(38,18))  _FUNC_(double)  _FUNC_(float)  _FUNC_(smallint)  _FUNC_(string)  _FUNC_(struct<writeid:int,bucketid:bigint,rowid:bigint>)  _FUNC_(timestamp)  _FUNC_(tinyint)  _FUNC_(void)  
2024-04-24T06:28:22,358 ERROR [main] ql.Driver: FAILED: NoMatchingMethodException No matching method for class org.apache.hadoop.hive.ql.udf.UDFToInteger with (struct<writeid:bigint,bucketid:int,rowid:bigint>). Possible choices: _FUNC_(bigint)  _FUNC_(boolean)  _FUNC_(decimal(38,18))  _FUNC_(double)  _FUNC_(float)  _FUNC_(smallint)  _FUNC_(string)  _FUNC_(struct<writeid:int,bucketid:bigint,rowid:bigint>)  _FUNC_(timestamp)  _FUNC_(tinyint)  _FUNC_(void)  
org.apache.hadoop.hive.ql.exec.NoMatchingMethodException: No matching method for class org.apache.hadoop.hive.ql.udf.UDFToInteger with (struct<writeid:bigint,bucketid:int,rowid:bigint>). Possible choices: _FUNC_(bigint)  _FUNC_(boolean)  _FUNC_(decimal(38,18))  _FUNC_(double)  _FUNC_(float)  _FUNC_(smallint)  _FUNC_(string)  _FUNC_(struct<writeid:int,bucketid:bigint,rowid:bigint>)  _FUNC_(timestamp)  _FUNC_(tinyint)  _FUNC_(void)  
	at org.apache.hadoop.hive.ql.exec.MethodUtils.getMethodInternal(MethodUtils.java:130)
	at org.apache.hadoop.hive.ql.exec.MethodUtils.getMethodInternal(MethodUtils.java:60)
	at org.apache.hadoop.hive.ql.exec.DefaultUDFMethodResolver.getEvalMethod(DefaultUDFMethodResolver.java:59)
	at org.apache.hadoop.hive.ql.udf.TimestampCastRestrictorResolver.getEvalMethod(TimestampCastRestrictorResolver.java:68)
	at org.apache.hadoop.hive.ql.udf.generic.GenericUDFBridge.initialize(GenericUDFBridge.java:168)
	at org.apache.hadoop.hive.ql.udf.generic.GenericUDF.initializeAndFoldConstants(GenericUDF.java:149)
	at org.apache.hadoop.hive.ql.plan.ExprNodeGenericFuncDesc.newInstance(ExprNodeGenericFuncDesc.java:235)
	at org.apache.hadoop.hive.ql.parse.type.ExprNodeDescExprFactory.createFuncCallExpr(ExprNodeDescExprFactory.java:584)
	at org.apache.hadoop.hive.ql.parse.type.ExprNodeDescExprFactory.createFuncCallExpr(ExprNodeDescExprFactory.java:97)
	at org.apache.hadoop.hive.ql.parse.type.TypeCheckProcFactory$DefaultExprProcessor.getFuncExprNodeDescWithUdfData(TypeCheckProcFactory.java:762)
	at org.apache.hadoop.hive.ql.parse.type.TypeCheckProcFactory$DefaultExprProcessor.createConversionCast(TypeCheckProcFactory.java:783)
	at org.apache.hadoop.hive.ql.parse.SemanticAnalyzer.getPartitionColsFromBucketColsForUpdateDelete(SemanticAnalyzer.java:8725)
	at org.apache.hadoop.hive.ql.parse.SemanticAnalyzer.genBucketingSortingDest(SemanticAnalyzer.java:6906)
	at org.apache.hadoop.hive.ql.parse.SemanticAnalyzer.genFileSinkPlan(SemanticAnalyzer.java:7335)
	at org.apache.hadoop.hive.ql.parse.SemanticAnalyzer.genPostGroupByBodyPlan(SemanticAnalyzer.java:11063)
	at org.apache.hadoop.hive.ql.parse.SemanticAnalyzer.genBodyPlan(SemanticAnalyzer.java:10938)
	at org.apache.hadoop.hive.ql.parse.SemanticAnalyzer.genPlan(SemanticAnalyzer.java:11853)
	at org.apache.hadoop.hive.ql.parse.SemanticAnalyzer.genPlan(SemanticAnalyzer.java:11723)
	at org.apache.hadoop.hive.ql.parse.CalcitePlanner.genOPTree(CalcitePlanner.java:626)
	at org.apache.hadoop.hive.ql.parse.SemanticAnalyzer.analyzeInternal(SemanticAnalyzer.java:12558)
	at org.apache.hadoop.hive.ql.parse.CalcitePlanner.analyzeInternal(CalcitePlanner.java:456)
	at org.apache.hadoop.hive.ql.parse.RewriteSemanticAnalyzer.analyzeInternal(RewriteSemanticAnalyzer.java:67)
	at org.apache.hadoop.hive.ql.parse.BaseSemanticAnalyzer.analyze(BaseSemanticAnalyzer.java:317)
	at org.apache.hadoop.hive.ql.parse.MergeSemanticAnalyzer.analyzeMerge(MergeSemanticAnalyzer.java:317)
	at org.apache.hadoop.hive.ql.parse.MergeSemanticAnalyzer.analyze(MergeSemanticAnalyzer.java:63)
	at org.apache.hadoop.hive.ql.parse.RewriteSemanticAnalyzer.analyzeInternal(RewriteSemanticAnalyzer.java:72)
	at org.apache.hadoop.hive.ql.parse.BaseSemanticAnalyzer.analyze(BaseSemanticAnalyzer.java:317)
	at org.apache.hadoop.hive.ql.Compiler.analyze(Compiler.java:223)
	at org.apache.hadoop.hive.ql.Compiler.compile(Compiler.java:105)
	at org.apache.hadoop.hive.ql.Driver.compile(Driver.java:500)
	at org.apache.hadoop.hive.ql.Driver.compileInternal(Driver.java:453)
	at org.apache.hadoop.hive.ql.Driver.runInternal(Driver.java:181)
	at org.apache.hadoop.hive.ql.Driver.run(Driver.java:153)
	at org.apache.hadoop.hive.ql.Driver.run(Driver.java:140)
	at org.apache.hadoop.hive.ql.TxnCommandsBaseForTests.runStatementOnDriver(TxnCommandsBaseForTests.java:245)
	at org.apache.hadoop.hive.ql.TestTxnCommands.testMergeDeleteUpdate(TestTxnCommands.java:1281)
	at sun.reflect.NativeMethodAccessorImpl.invoke0(Native Method)
	at sun.reflect.NativeMethodAccessorImpl.invoke(NativeMethodAccessorImpl.java:62)
	at sun.reflect.DelegatingMethodAccessorImpl.invoke(DelegatingMethodAccessorImpl.java:43)
	at java.lang.reflect.Method.invoke(Method.java:498)
	at org.junit.runners.model.FrameworkMethod$1.runReflectiveCall(FrameworkMethod.java:59)
	at org.junit.internal.runners.model.ReflectiveCallable.run(ReflectiveCallable.java:12)
	at org.junit.runners.model.FrameworkMethod.invokeExplosively(FrameworkMethod.java:56)
	at org.junit.internal.runners.statements.InvokeMethod.evaluate(InvokeMethod.java:17)
	at org.junit.internal.runners.statements.RunBefores.evaluate(RunBefores.java:26)
	at org.junit.internal.runners.statements.RunAfters.evaluate(RunAfters.java:27)
	at org.junit.rules.TestWatcher$1.evaluate(TestWatcher.java:61)
	at org.junit.runners.ParentRunner$3.evaluate(ParentRunner.java:306)
	at org.junit.runners.BlockJUnit4ClassRunner$1.evaluate(BlockJUnit4ClassRunner.java:100)
	at org.junit.runners.ParentRunner.runLeaf(ParentRunner.java:366)
	at org.junit.runners.BlockJUnit4ClassRunner.runChild(BlockJUnit4ClassRunner.java:103)
	at org.junit.runners.BlockJUnit4ClassRunner.runChild(BlockJUnit4ClassRunner.java:63)
	at org.junit.runners.ParentRunner$4.run(ParentRunner.java:331)
	at org.junit.runners.ParentRunner$1.schedule(ParentRunner.java:79)
	at org.junit.runners.ParentRunner.runChildren(ParentRunner.java:329)
	at org.junit.runners.ParentRunner.access$100(ParentRunner.java:66)
	at org.junit.runners.ParentRunner$2.evaluate(ParentRunner.java:293)
	at org.junit.runners.ParentRunner$3.evaluate(ParentRunner.java:306)
	at org.junit.runners.ParentRunner.run(ParentRunner.java:413)
	at org.junit.runner.JUnitCore.run(JUnitCore.java:137)
	at org.junit.runner.JUnitCore.run(JUnitCore.java:115)
	at org.junit.vintage.engine.execution.RunnerExecutor.execute(RunnerExecutor.java:43)
	at java.util.stream.ForEachOps$ForEachOp$OfRef.accept(ForEachOps.java:183)
	at java.util.stream.ReferencePipeline$3$1.accept(ReferencePipeline.java:193)
	at java.util.Iterator.forEachRemaining(Iterator.java:116)
	at java.util.Spliterators$IteratorSpliterator.forEachRemaining(Spliterators.java:1801)
	at java.util.stream.AbstractPipeline.copyInto(AbstractPipeline.java:482)
	at java.util.stream.AbstractPipeline.wrapAndCopyInto(AbstractPipeline.java:472)
	at java.util.stream.ForEachOps$ForEachOp.evaluateSequential(ForEachOps.java:150)
	at java.util.stream.ForEachOps$ForEachOp$OfRef.evaluateSequential(ForEachOps.java:173)
	at java.util.stream.AbstractPipeline.evaluate(AbstractPipeline.java:234)
	at java.util.stream.ReferencePipeline.forEach(ReferencePipeline.java:485)
	at org.junit.vintage.engine.VintageTestEngine.executeAllChildren(VintageTestEngine.java:82)
	at org.junit.vintage.engine.VintageTestEngine.execute(VintageTestEngine.java:73)
	at org.junit.platform.launcher.core.DefaultLauncher.execute(DefaultLauncher.java:248)
	at org.junit.platform.launcher.core.DefaultLauncher.lambda$execute$5(DefaultLauncher.java:211)
	at org.junit.platform.launcher.core.DefaultLauncher.withInterceptedStreams(DefaultLauncher.java:226)
	at org.junit.platform.launcher.core.DefaultLauncher.execute(DefaultLauncher.java:199)
	at org.junit.platform.launcher.core.DefaultLauncher.execute(DefaultLauncher.java:132)
	at org.apache.maven.surefire.junitplatform.JUnitPlatformProvider.invokeAllTests(JUnitPlatformProvider.java:154)
	at org.apache.maven.surefire.junitplatform.JUnitPlatformProvider.invoke(JUnitPlatformProvider.java:123)
	at org.apache.maven.surefire.booter.ForkedBooter.runSuitesInProcess(ForkedBooter.java:377)
	at org.apache.maven.surefire.booter.ForkedBooter.execute(ForkedBooter.java:138)
	at org.apache.maven.surefire.booter.ForkedBooter.run(ForkedBooter.java:465)
	at org.apache.maven.surefire.booter.ForkedBooter.main(ForkedBooter.java:451)

2024-04-24T06:28:22,359  INFO [main] metadata.Hive: Dumping metastore api call timing information for : compilation phase
2024-04-24T06:28:22,359  INFO [main] metadata.Hive: Total time spent in each metastore function (ms): {createTable_(Table)=2, getAllTableConstraints_(AllTableConstraintsRequest)=10, getTable_(GetTableRequest)=77, getValidWriteIds_(List, String)=4, openTxn_(String, TxnType)=2, commitTxn_(CommitTxnRequest)=11, flushCache_()=0, getTableColumnStatistics_(String, String, List, String)=65, getValidTxns_(long)=0, isCompatibleWith_(Configuration)=1}
2024-04-24T06:28:22,359  INFO [main] ql.Driver: Completed compiling command(queryId=alex_20240424062821_65de1a41-da76-4ebd-a71c-9d2fa1cb4556); Time taken: 0.404 seconds
2024-04-24T06:28:22,359  INFO [main] lockmgr.DbTxnManager: Stopped heartbeat for query: null
2024-04-24T06:28:22,362  INFO [main] txn.TxnHandler: Removed transactions: ([15]) from MIN_HISTORY_LEVEL
2024-04-24T06:28:22,368  INFO [main] ql.TxnCommandsBaseForTests: Running the query: drop table if exists acidTbl
2024-04-24T06:28:22,369  INFO [main] ql.Context: Deleting scratch dir: file:/home/alex/Repositories/hive/ql/target/tmp/localscratchdir/552d77f1-937b-44e6-842c-b9f7507955ca/hive_2024-04-24_06-28-21_970_7382751298630553936-1
2024-04-24T06:28:22,369  INFO [main] ql.Driver: Compiling command(queryId=alex_20240424062822_e6d218c5-bd18-481e-b861-d5ea9ce5e02b): drop table if exists acidTbl
2024-04-24T06:28:22,372  INFO [main] txn.TxnHandler: Added entries to MIN_HISTORY_LEVEL for current txns: ([16]) with min_open_txn: 15
2024-04-24T06:28:22,372  INFO [main] lockmgr.DbTxnManager: Opened txnid:16
2024-04-24T06:28:22,373  INFO [main] HiveMetaStore.audit: ugi=alex	ip=unknown-ip-addr	cmd=get_table : tbl=hive.default.acidTbl	
2024-04-24T06:28:22,379  INFO [main] metastore.HMSHandler: Skipping translation for processor with null
2024-04-24T06:28:22,379  INFO [main] ql.Driver: Semantic Analysis Completed (retrial = false)
2024-04-24T06:28:22,379  INFO [main] ql.Driver: Created Hive schema: Schema(fieldSchemas:null, properties:null)
2024-04-24T06:28:22,379  INFO [main] metadata.Hive: Dumping metastore api call timing information for : compilation phase
2024-04-24T06:28:22,379  INFO [main] metadata.Hive: Total time spent in each metastore function (ms): {getTable_(GetTableRequest)=6, isCompatibleWith_(Configuration)=0, getValidTxns_(long)=1, flushCache_()=0, rollbackTxn_(long)=9, openTxn_(String, TxnType)=3}
2024-04-24T06:28:22,380  INFO [main] ql.Driver: Completed compiling command(queryId=alex_20240424062822_e6d218c5-bd18-481e-b861-d5ea9ce5e02b); Time taken: 0.01 seconds
2024-04-24T06:28:22,380  INFO [main] lockmgr.DbTxnManager: Setting lock request transaction to txnid:16 for queryId=alex_20240424062822_e6d218c5-bd18-481e-b861-d5ea9ce5e02b
2024-04-24T06:28:22,380  INFO [main] lockmgr.DbLockManager: Requesting lock for queryId=alex_20240424062822_e6d218c5-bd18-481e-b861-d5ea9ce5e02b
2024-04-24T06:28:22,395  INFO [main] lockmgr.DbLockManager: Response to queryId=alex_20240424062822_e6d218c5-bd18-481e-b861-d5ea9ce5e02b LockResponse(lockid:9, state:ACQUIRED)
2024-04-24T06:28:22,395  INFO [main] ql.Driver: Operation DROPTABLE obtained 1 locks
2024-04-24T06:28:22,395  INFO [main] ql.Driver: Executing command(queryId=alex_20240424062822_e6d218c5-bd18-481e-b861-d5ea9ce5e02b): drop table if exists acidTbl
2024-04-24T06:28:22,395  INFO [main] ql.Driver: Starting task [Stage-0:DDL] in serial mode
2024-04-24T06:28:22,395  INFO [main] HiveMetaStore.audit: ugi=alex	ip=unknown-ip-addr	cmd=get_table : tbl=hive.default.acidTbl	
2024-04-24T06:28:22,401  INFO [main] metastore.HMSHandler: Skipping translation for processor with null
2024-04-24T06:28:22,402  INFO [main] HiveMetaStore.audit: ugi=alex	ip=unknown-ip-addr	cmd=get_table : tbl=hive.default.acidTbl	
2024-04-24T06:28:22,407  INFO [main] metastore.HMSHandler: Skipping translation for processor with null
2024-04-24T06:28:22,408  INFO [main] HiveMetaStore.audit: ugi=alex	ip=unknown-ip-addr	cmd=drop_table : tbl=hive.default.acidTbl	
2024-04-24T06:28:22,509  INFO [main] metadata.Hive: Dumping metastore api call timing information for : execution phase
2024-04-24T06:28:22,510  INFO [main] metadata.Hive: Total time spent in each metastore function (ms): {dropTable_(String, String, boolean, boolean, boolean)=108, isCompatibleWith_(Configuration)=0, getTable_(GetTableRequest)=6}
2024-04-24T06:28:22,510  INFO [main] ql.Driver: Completed executing command(queryId=alex_20240424062822_e6d218c5-bd18-481e-b861-d5ea9ce5e02b); Time taken: 0.114 seconds
2024-04-24T06:28:22,510  INFO [main] lockmgr.DbTxnManager: Stopped heartbeat for query: alex_20240424062822_e6d218c5-bd18-481e-b861-d5ea9ce5e02b
2024-04-24T06:28:22,516  INFO [main] txn.TxnHandler: Expected to move at least one record from txn_components to completed_txn_components when committing txn! txnid:16
2024-04-24T06:28:22,525  INFO [main] txn.TxnHandler: Removed transactions: ([16]) from MIN_HISTORY_LEVEL
2024-04-24T06:28:22,525  WARN [main] txn.CompactionTxnHandler: No compaction queue record found for Compaction type transaction commit. txnId:16
2024-04-24T06:28:22,526  INFO [main] ql.TxnCommandsBaseForTests: Running the query: drop table if exists acidTblPart
2024-04-24T06:28:22,526  INFO [main] ql.Driver: Compiling command(queryId=alex_20240424062822_b79505ce-4967-43c5-9399-f2f5a81dcc62): drop table if exists acidTblPart
2024-04-24T06:28:22,530  INFO [main] txn.TxnHandler: Added entries to MIN_HISTORY_LEVEL for current txns: ([17]) with min_open_txn: 15
2024-04-24T06:28:22,530  INFO [main] lockmgr.DbTxnManager: Opened txnid:17
2024-04-24T06:28:22,531  INFO [main] HiveMetaStore.audit: ugi=alex	ip=unknown-ip-addr	cmd=get_table : tbl=hive.default.acidTblPart	
2024-04-24T06:28:22,549  INFO [main] metastore.HMSHandler: Skipping translation for processor with null
2024-04-24T06:28:22,549  INFO [main] ql.Driver: Semantic Analysis Completed (retrial = false)
2024-04-24T06:28:22,549  INFO [main] ql.Driver: Created Hive schema: Schema(fieldSchemas:null, properties:null)
2024-04-24T06:28:22,549  INFO [main] metadata.Hive: Dumping metastore api call timing information for : compilation phase
2024-04-24T06:28:22,549  INFO [main] metadata.Hive: Total time spent in each metastore function (ms): {flushCache_()=0, getValidTxns_(long)=1, isCompatibleWith_(Configuration)=0, commitTxn_(CommitTxnRequest)=16, openTxn_(String, TxnType)=3, getTable_(GetTableRequest)=18}
2024-04-24T06:28:22,550  INFO [main] ql.Driver: Completed compiling command(queryId=alex_20240424062822_b79505ce-4967-43c5-9399-f2f5a81dcc62); Time taken: 0.023 seconds
2024-04-24T06:28:22,550  INFO [main] lockmgr.DbTxnManager: Setting lock request transaction to txnid:17 for queryId=alex_20240424062822_b79505ce-4967-43c5-9399-f2f5a81dcc62
2024-04-24T06:28:22,550  INFO [main] lockmgr.DbLockManager: Requesting lock for queryId=alex_20240424062822_b79505ce-4967-43c5-9399-f2f5a81dcc62
2024-04-24T06:28:22,570  INFO [main] lockmgr.DbLockManager: Response to queryId=alex_20240424062822_b79505ce-4967-43c5-9399-f2f5a81dcc62 LockResponse(lockid:10, state:ACQUIRED)
2024-04-24T06:28:22,570  INFO [main] ql.Driver: Operation DROPTABLE obtained 1 locks
2024-04-24T06:28:22,570  INFO [main] ql.Driver: Executing command(queryId=alex_20240424062822_b79505ce-4967-43c5-9399-f2f5a81dcc62): drop table if exists acidTblPart
2024-04-24T06:28:22,570  INFO [main] ql.Driver: Starting task [Stage-0:DDL] in serial mode
2024-04-24T06:28:22,570  INFO [main] HiveMetaStore.audit: ugi=alex	ip=unknown-ip-addr	cmd=get_table : tbl=hive.default.acidTblPart	
2024-04-24T06:28:22,577  INFO [main] metastore.HMSHandler: Skipping translation for processor with null
2024-04-24T06:28:22,577  INFO [main] HiveMetaStore.audit: ugi=alex	ip=unknown-ip-addr	cmd=get_table : tbl=hive.default.acidTblPart	
2024-04-24T06:28:22,584  INFO [main] metastore.HMSHandler: Skipping translation for processor with null
2024-04-24T06:28:22,584  INFO [main] HiveMetaStore.audit: ugi=alex	ip=unknown-ip-addr	cmd=drop_table : tbl=hive.default.acidTblPart	
2024-04-24T06:28:22,641  INFO [main] metadata.Hive: Dumping metastore api call timing information for : execution phase
2024-04-24T06:28:22,641  INFO [main] metadata.Hive: Total time spent in each metastore function (ms): {getTable_(GetTableRequest)=7, isCompatibleWith_(Configuration)=0, dropTable_(String, String, boolean, boolean, boolean)=64}
2024-04-24T06:28:22,642  INFO [main] ql.Driver: Completed executing command(queryId=alex_20240424062822_b79505ce-4967-43c5-9399-f2f5a81dcc62); Time taken: 0.071 seconds
2024-04-24T06:28:22,642  INFO [main] lockmgr.DbTxnManager: Stopped heartbeat for query: alex_20240424062822_b79505ce-4967-43c5-9399-f2f5a81dcc62
2024-04-24T06:28:22,646  INFO [main] txn.TxnHandler: Expected to move at least one record from txn_components to completed_txn_components when committing txn! txnid:17
2024-04-24T06:28:22,653  INFO [main] txn.TxnHandler: Removed transactions: ([17]) from MIN_HISTORY_LEVEL
2024-04-24T06:28:22,653  WARN [main] txn.CompactionTxnHandler: No compaction queue record found for Compaction type transaction commit. txnId:17
2024-04-24T06:28:22,654  INFO [main] ql.TxnCommandsBaseForTests: Running the query: drop table if exists acidTbl2
2024-04-24T06:28:22,654  INFO [main] ql.Driver: Compiling command(queryId=alex_20240424062822_d83a88cd-ff9d-4ec0-8e04-7be54fb2188d): drop table if exists acidTbl2
2024-04-24T06:28:22,656  INFO [main] txn.TxnHandler: Added entries to MIN_HISTORY_LEVEL for current txns: ([18]) with min_open_txn: 15
2024-04-24T06:28:22,657  INFO [main] lockmgr.DbTxnManager: Opened txnid:18
2024-04-24T06:28:22,657  INFO [main] ql.Driver: Semantic Analysis Completed (retrial = false)
2024-04-24T06:28:22,657  INFO [main] ql.Driver: Created Hive schema: Schema(fieldSchemas:null, properties:null)
2024-04-24T06:28:22,658  INFO [main] metadata.Hive: Dumping metastore api call timing information for : compilation phase
2024-04-24T06:28:22,658  INFO [main] metadata.Hive: Total time spent in each metastore function (ms): {getValidTxns_(long)=0, commitTxn_(CommitTxnRequest)=12, isCompatibleWith_(Configuration)=1, getTable_(GetTableRequest)=0, flushCache_()=0, openTxn_(String, TxnType)=2}
2024-04-24T06:28:22,658  INFO [main] ql.Driver: Completed compiling command(queryId=alex_20240424062822_d83a88cd-ff9d-4ec0-8e04-7be54fb2188d); Time taken: 0.004 seconds
2024-04-24T06:28:22,658  INFO [main] lockmgr.DbTxnManager: Setting lock request transaction to txnid:18 for queryId=alex_20240424062822_d83a88cd-ff9d-4ec0-8e04-7be54fb2188d
2024-04-24T06:28:22,658  INFO [main] ql.Driver: Operation DROPTABLE obtained 0 locks
2024-04-24T06:28:22,658  INFO [main] ql.Driver: Executing command(queryId=alex_20240424062822_d83a88cd-ff9d-4ec0-8e04-7be54fb2188d): drop table if exists acidTbl2
2024-04-24T06:28:22,658  INFO [main] ql.Driver: Starting task [Stage-0:DDL] in serial mode
2024-04-24T06:28:22,659  INFO [main] metadata.SessionHiveMetaStoreClient: Column stats doesn't exist for db=default temp table=acidTbl2
2024-04-24T06:28:22,659  INFO [main] metadata.Hive: Dumping metastore api call timing information for : execution phase
2024-04-24T06:28:22,659  INFO [main] metadata.Hive: Total time spent in each metastore function (ms): {getTable_(GetTableRequest)=1, isCompatibleWith_(Configuration)=0, dropTable_(String, String, boolean, boolean, boolean)=0}
2024-04-24T06:28:22,659  INFO [main] ql.Driver: Completed executing command(queryId=alex_20240424062822_d83a88cd-ff9d-4ec0-8e04-7be54fb2188d); Time taken: 0.001 seconds
2024-04-24T06:28:22,659  INFO [main] lockmgr.DbTxnManager: Stopped heartbeat for query: alex_20240424062822_d83a88cd-ff9d-4ec0-8e04-7be54fb2188d
2024-04-24T06:28:22,665  INFO [main] txn.TxnHandler: Expected to move at least one record from txn_components to completed_txn_components when committing txn! txnid:18
2024-04-24T06:28:22,672  INFO [main] txn.TxnHandler: Removed transactions: ([18]) from MIN_HISTORY_LEVEL
2024-04-24T06:28:22,672  WARN [main] txn.CompactionTxnHandler: No compaction queue record found for Compaction type transaction commit. txnId:18
2024-04-24T06:28:22,673  INFO [main] ql.TxnCommandsBaseForTests: Running the query: drop table if exists nonAcidOrcTbl
2024-04-24T06:28:22,673  INFO [main] ql.Driver: Compiling command(queryId=alex_20240424062822_497b7943-40a5-4b07-8344-1af49379a962): drop table if exists nonAcidOrcTbl
2024-04-24T06:28:22,676  INFO [main] txn.TxnHandler: Added entries to MIN_HISTORY_LEVEL for current txns: ([19]) with min_open_txn: 15
2024-04-24T06:28:22,676  INFO [main] lockmgr.DbTxnManager: Opened txnid:19
2024-04-24T06:28:22,677  INFO [main] HiveMetaStore.audit: ugi=alex	ip=unknown-ip-addr	cmd=get_table : tbl=hive.default.nonAcidOrcTbl	
2024-04-24T06:28:22,699  INFO [main] metastore.HMSHandler: Skipping translation for processor with null
2024-04-24T06:28:22,699  INFO [main] ql.Driver: Semantic Analysis Completed (retrial = false)
2024-04-24T06:28:22,699  INFO [main] ql.Driver: Created Hive schema: Schema(fieldSchemas:null, properties:null)
2024-04-24T06:28:22,699  INFO [main] metadata.Hive: Dumping metastore api call timing information for : compilation phase
2024-04-24T06:28:22,699  INFO [main] metadata.Hive: Total time spent in each metastore function (ms): {getValidTxns_(long)=0, openTxn_(String, TxnType)=2, getTable_(GetTableRequest)=22, isCompatibleWith_(Configuration)=0, commitTxn_(CommitTxnRequest)=14, flushCache_()=0}
2024-04-24T06:28:22,699  INFO [main] ql.Driver: Completed compiling command(queryId=alex_20240424062822_497b7943-40a5-4b07-8344-1af49379a962); Time taken: 0.026 seconds
2024-04-24T06:28:22,700  INFO [main] lockmgr.DbTxnManager: Setting lock request transaction to txnid:19 for queryId=alex_20240424062822_497b7943-40a5-4b07-8344-1af49379a962
2024-04-24T06:28:22,700  INFO [main] lockmgr.DbLockManager: Requesting lock for queryId=alex_20240424062822_497b7943-40a5-4b07-8344-1af49379a962
2024-04-24T06:28:22,715  INFO [main] lockmgr.DbLockManager: Response to queryId=alex_20240424062822_497b7943-40a5-4b07-8344-1af49379a962 LockResponse(lockid:11, state:ACQUIRED)
2024-04-24T06:28:22,715  INFO [main] ql.Driver: Operation DROPTABLE obtained 1 locks
2024-04-24T06:28:22,715  INFO [main] ql.Driver: Executing command(queryId=alex_20240424062822_497b7943-40a5-4b07-8344-1af49379a962): drop table if exists nonAcidOrcTbl
2024-04-24T06:28:22,715  INFO [main] ql.Driver: Starting task [Stage-0:DDL] in serial mode
2024-04-24T06:28:22,715  INFO [main] HiveMetaStore.audit: ugi=alex	ip=unknown-ip-addr	cmd=get_table : tbl=hive.default.nonAcidOrcTbl	
2024-04-24T06:28:22,724  INFO [main] metastore.HMSHandler: Skipping translation for processor with null
2024-04-24T06:28:22,725  INFO [main] HiveMetaStore.audit: ugi=alex	ip=unknown-ip-addr	cmd=get_table : tbl=hive.default.nonAcidOrcTbl	
2024-04-24T06:28:22,733  INFO [main] metastore.HMSHandler: Skipping translation for processor with null
2024-04-24T06:28:22,733  INFO [main] HiveMetaStore.audit: ugi=alex	ip=unknown-ip-addr	cmd=drop_table : tbl=hive.default.nonAcidOrcTbl	
2024-04-24T06:28:22,810  INFO [main] metadata.Hive: Dumping metastore api call timing information for : execution phase
2024-04-24T06:28:22,810  INFO [main] metadata.Hive: Total time spent in each metastore function (ms): {getTable_(GetTableRequest)=10, isCompatibleWith_(Configuration)=0, dropTable_(String, String, boolean, boolean, boolean)=85}
2024-04-24T06:28:22,810  INFO [main] ql.Driver: Completed executing command(queryId=alex_20240424062822_497b7943-40a5-4b07-8344-1af49379a962); Time taken: 0.095 seconds
2024-04-24T06:28:22,810  INFO [main] lockmgr.DbTxnManager: Stopped heartbeat for query: alex_20240424062822_497b7943-40a5-4b07-8344-1af49379a962
2024-04-24T06:28:22,815  INFO [main] txn.TxnHandler: Expected to move at least one record from txn_components to completed_txn_components when committing txn! txnid:19
2024-04-24T06:28:22,822  INFO [main] txn.TxnHandler: Removed transactions: ([19]) from MIN_HISTORY_LEVEL
2024-04-24T06:28:22,822  WARN [main] txn.CompactionTxnHandler: No compaction queue record found for Compaction type transaction commit. txnId:19
2024-04-24T06:28:22,823  INFO [main] ql.TxnCommandsBaseForTests: Running the query: drop table if exists nonAcidOrcTbl2
2024-04-24T06:28:22,823  INFO [main] ql.Driver: Compiling command(queryId=alex_20240424062822_ac9b84a0-0392-4760-861d-8bd2a0a0e054): drop table if exists nonAcidOrcTbl2
2024-04-24T06:28:22,826  INFO [main] txn.TxnHandler: Added entries to MIN_HISTORY_LEVEL for current txns: ([20]) with min_open_txn: 15
2024-04-24T06:28:22,826  INFO [main] lockmgr.DbTxnManager: Opened txnid:20
2024-04-24T06:28:22,827  INFO [main] HiveMetaStore.audit: ugi=alex	ip=unknown-ip-addr	cmd=get_table : tbl=hive.default.nonAcidOrcTbl2	
2024-04-24T06:28:22,835  INFO [main] metastore.HMSHandler: Skipping translation for processor with null
2024-04-24T06:28:22,836  INFO [main] ql.Driver: Semantic Analysis Completed (retrial = false)
2024-04-24T06:28:22,836  INFO [main] ql.Driver: Created Hive schema: Schema(fieldSchemas:null, properties:null)
2024-04-24T06:28:22,836  INFO [main] metadata.Hive: Dumping metastore api call timing information for : compilation phase
2024-04-24T06:28:22,836  INFO [main] metadata.Hive: Total time spent in each metastore function (ms): {getValidTxns_(long)=0, getTable_(GetTableRequest)=9, isCompatibleWith_(Configuration)=0, commitTxn_(CommitTxnRequest)=12, openTxn_(String, TxnType)=2, flushCache_()=0}
2024-04-24T06:28:22,836  INFO [main] ql.Driver: Completed compiling command(queryId=alex_20240424062822_ac9b84a0-0392-4760-861d-8bd2a0a0e054); Time taken: 0.013 seconds
2024-04-24T06:28:22,836  INFO [main] lockmgr.DbTxnManager: Setting lock request transaction to txnid:20 for queryId=alex_20240424062822_ac9b84a0-0392-4760-861d-8bd2a0a0e054
2024-04-24T06:28:22,837  INFO [main] lockmgr.DbLockManager: Requesting lock for queryId=alex_20240424062822_ac9b84a0-0392-4760-861d-8bd2a0a0e054
2024-04-24T06:28:22,854  INFO [main] lockmgr.DbLockManager: Response to queryId=alex_20240424062822_ac9b84a0-0392-4760-861d-8bd2a0a0e054 LockResponse(lockid:12, state:ACQUIRED)
2024-04-24T06:28:22,854  INFO [main] ql.Driver: Operation DROPTABLE obtained 1 locks
2024-04-24T06:28:22,854  INFO [main] ql.Driver: Executing command(queryId=alex_20240424062822_ac9b84a0-0392-4760-861d-8bd2a0a0e054): drop table if exists nonAcidOrcTbl2
2024-04-24T06:28:22,854  INFO [main] ql.Driver: Starting task [Stage-0:DDL] in serial mode
2024-04-24T06:28:22,854  INFO [main] HiveMetaStore.audit: ugi=alex	ip=unknown-ip-addr	cmd=get_table : tbl=hive.default.nonAcidOrcTbl2	
2024-04-24T06:28:22,864  INFO [main] metastore.HMSHandler: Skipping translation for processor with null
2024-04-24T06:28:22,864  INFO [main] HiveMetaStore.audit: ugi=alex	ip=unknown-ip-addr	cmd=get_table : tbl=hive.default.nonAcidOrcTbl2	
2024-04-24T06:28:22,873  INFO [main] metastore.HMSHandler: Skipping translation for processor with null
2024-04-24T06:28:22,873  INFO [main] HiveMetaStore.audit: ugi=alex	ip=unknown-ip-addr	cmd=drop_table : tbl=hive.default.nonAcidOrcTbl2	
2024-04-24T06:28:22,904  INFO [main] metadata.Hive: Dumping metastore api call timing information for : execution phase
2024-04-24T06:28:22,904  INFO [main] metadata.Hive: Total time spent in each metastore function (ms): {dropTable_(String, String, boolean, boolean, boolean)=40, getTable_(GetTableRequest)=10, isCompatibleWith_(Configuration)=0}
2024-04-24T06:28:22,905  INFO [main] ql.Driver: Completed executing command(queryId=alex_20240424062822_ac9b84a0-0392-4760-861d-8bd2a0a0e054); Time taken: 0.05 seconds
2024-04-24T06:28:22,905  INFO [main] lockmgr.DbTxnManager: Stopped heartbeat for query: alex_20240424062822_ac9b84a0-0392-4760-861d-8bd2a0a0e054
2024-04-24T06:28:22,909  INFO [main] txn.TxnHandler: Expected to move at least one record from txn_components to completed_txn_components when committing txn! txnid:20
2024-04-24T06:28:22,916  INFO [main] txn.TxnHandler: Removed transactions: ([20]) from MIN_HISTORY_LEVEL
2024-04-24T06:28:22,916  WARN [main] txn.CompactionTxnHandler: No compaction queue record found for Compaction type transaction commit. txnId:20
2024-04-24T06:28:22,916  INFO [main] ql.TxnCommandsBaseForTests: Running the query: drop table if exists nonAcidNonBucket
2024-04-24T06:28:22,917  INFO [main] ql.Driver: Compiling command(queryId=alex_20240424062822_d1e6c1f7-559a-475c-bc55-942308defb29): drop table if exists nonAcidNonBucket
2024-04-24T06:28:22,919  INFO [main] txn.TxnHandler: Added entries to MIN_HISTORY_LEVEL for current txns: ([21]) with min_open_txn: 15
2024-04-24T06:28:22,919  INFO [main] lockmgr.DbTxnManager: Opened txnid:21
2024-04-24T06:28:22,920  INFO [main] HiveMetaStore.audit: ugi=alex	ip=unknown-ip-addr	cmd=get_table : tbl=hive.default.nonAcidNonBucket	
2024-04-24T06:28:22,931  INFO [main] metastore.HMSHandler: Skipping translation for processor with null
2024-04-24T06:28:22,931  INFO [main] ql.Driver: Semantic Analysis Completed (retrial = false)
2024-04-24T06:28:22,931  INFO [main] ql.Driver: Created Hive schema: Schema(fieldSchemas:null, properties:null)
2024-04-24T06:28:22,931  INFO [main] metadata.Hive: Dumping metastore api call timing information for : compilation phase
2024-04-24T06:28:22,931  INFO [main] metadata.Hive: Total time spent in each metastore function (ms): {commitTxn_(CommitTxnRequest)=11, getValidTxns_(long)=0, getTable_(GetTableRequest)=11, flushCache_()=0, openTxn_(String, TxnType)=2, isCompatibleWith_(Configuration)=0}
2024-04-24T06:28:22,932  INFO [main] ql.Driver: Completed compiling command(queryId=alex_20240424062822_d1e6c1f7-559a-475c-bc55-942308defb29); Time taken: 0.014 seconds
2024-04-24T06:28:22,932  INFO [main] lockmgr.DbTxnManager: Setting lock request transaction to txnid:21 for queryId=alex_20240424062822_d1e6c1f7-559a-475c-bc55-942308defb29
2024-04-24T06:28:22,933  INFO [main] lockmgr.DbLockManager: Requesting lock for queryId=alex_20240424062822_d1e6c1f7-559a-475c-bc55-942308defb29
2024-04-24T06:28:22,948  INFO [main] lockmgr.DbLockManager: Response to queryId=alex_20240424062822_d1e6c1f7-559a-475c-bc55-942308defb29 LockResponse(lockid:13, state:ACQUIRED)
2024-04-24T06:28:22,948  INFO [main] ql.Driver: Operation DROPTABLE obtained 1 locks
2024-04-24T06:28:22,948  INFO [main] ql.Driver: Executing command(queryId=alex_20240424062822_d1e6c1f7-559a-475c-bc55-942308defb29): drop table if exists nonAcidNonBucket
2024-04-24T06:28:22,949  INFO [main] ql.Driver: Starting task [Stage-0:DDL] in serial mode
2024-04-24T06:28:22,949  INFO [main] HiveMetaStore.audit: ugi=alex	ip=unknown-ip-addr	cmd=get_table : tbl=hive.default.nonAcidNonBucket	
2024-04-24T06:28:22,957  INFO [main] metastore.HMSHandler: Skipping translation for processor with null
2024-04-24T06:28:22,958  INFO [main] HiveMetaStore.audit: ugi=alex	ip=unknown-ip-addr	cmd=get_table : tbl=hive.default.nonAcidNonBucket	
2024-04-24T06:28:22,967  INFO [main] metastore.HMSHandler: Skipping translation for processor with null
2024-04-24T06:28:22,967  INFO [main] HiveMetaStore.audit: ugi=alex	ip=unknown-ip-addr	cmd=drop_table : tbl=hive.default.nonAcidNonBucket	
2024-04-24T06:28:23,000  INFO [main] metadata.Hive: Dumping metastore api call timing information for : execution phase
2024-04-24T06:28:23,000  INFO [main] metadata.Hive: Total time spent in each metastore function (ms): {isCompatibleWith_(Configuration)=0, getTable_(GetTableRequest)=9, dropTable_(String, String, boolean, boolean, boolean)=41}
2024-04-24T06:28:23,000  INFO [main] ql.Driver: Completed executing command(queryId=alex_20240424062822_d1e6c1f7-559a-475c-bc55-942308defb29); Time taken: 0.052 seconds
2024-04-24T06:28:23,000  INFO [main] lockmgr.DbTxnManager: Stopped heartbeat for query: alex_20240424062822_d1e6c1f7-559a-475c-bc55-942308defb29
2024-04-24T06:28:23,004  INFO [main] txn.TxnHandler: Expected to move at least one record from txn_components to completed_txn_components when committing txn! txnid:21
2024-04-24T06:28:23,010  INFO [main] txn.TxnHandler: Removed transactions: ([21]) from MIN_HISTORY_LEVEL
2024-04-24T06:28:23,010  WARN [main] txn.CompactionTxnHandler: No compaction queue record found for Compaction type transaction commit. txnId:21
2024-04-24T06:28:23,011  INFO [main] utils.TestTxnDbUtil: Cleaning transactional tables
]]></system-err>
  </testcase>
  <testcase name="testQuotedIdentifier" classname="org.apache.hadoop.hive.ql.TestTxnCommands" time="1.919">
    <error type="java.lang.RuntimeException"><![CDATA[java.lang.RuntimeException: 
merge into `aci/d_u/ami` as `d/8` using `src/name` as `a/b` on i=gh 
when matched and i > 5 then delete 
when matched then update set vc='blah' 
when not matched then insert values(1,2.1,'baz') failed: (responseCode = 40000, errorMessage = FAILED: NoMatchingMethodException No matching method for class org.apache.hadoop.hive.ql.udf.UDFToInteger with (struct<writeid:bigint,bucketid:int,rowid:bigint>). Possible choices: _FUNC_(bigint)  _FUNC_(boolean)  _FUNC_(decimal(38,18))  _FUNC_(double)  _FUNC_(float)  _FUNC_(smallint)  _FUNC_(string)  _FUNC_(struct<writeid:int,bucketid:bigint,rowid:bigint>)  _FUNC_(timestamp)  _FUNC_(tinyint)  _FUNC_(void)  , hiveErrorCode = 40000, SQLState = 42000, exception = No matching method for class org.apache.hadoop.hive.ql.udf.UDFToInteger with (struct<writeid:bigint,bucketid:int,rowid:bigint>). Possible choices: _FUNC_(bigint)  _FUNC_(boolean)  _FUNC_(decimal(38,18))  _FUNC_(double)  _FUNC_(float)  _FUNC_(smallint)  _FUNC_(string)  _FUNC_(struct<writeid:int,bucketid:bigint,rowid:bigint>)  _FUNC_(timestamp)  _FUNC_(tinyint)  _FUNC_(void)  )
	at org.apache.hadoop.hive.ql.TxnCommandsBaseForTests.runStatementOnDriver(TxnCommandsBaseForTests.java:247)
	at org.apache.hadoop.hive.ql.TestTxnCommands.testQuotedIdentifier(TestTxnCommands.java:1070)
	at sun.reflect.NativeMethodAccessorImpl.invoke0(Native Method)
	at sun.reflect.NativeMethodAccessorImpl.invoke(NativeMethodAccessorImpl.java:62)
	at sun.reflect.DelegatingMethodAccessorImpl.invoke(DelegatingMethodAccessorImpl.java:43)
	at java.lang.reflect.Method.invoke(Method.java:498)
	at org.junit.runners.model.FrameworkMethod$1.runReflectiveCall(FrameworkMethod.java:59)
	at org.junit.internal.runners.model.ReflectiveCallable.run(ReflectiveCallable.java:12)
	at org.junit.runners.model.FrameworkMethod.invokeExplosively(FrameworkMethod.java:56)
	at org.junit.internal.runners.statements.InvokeMethod.evaluate(InvokeMethod.java:17)
	at org.junit.internal.runners.statements.RunBefores.evaluate(RunBefores.java:26)
	at org.junit.internal.runners.statements.RunAfters.evaluate(RunAfters.java:27)
	at org.junit.rules.TestWatcher$1.evaluate(TestWatcher.java:61)
	at org.junit.runners.ParentRunner$3.evaluate(ParentRunner.java:306)
	at org.junit.runners.BlockJUnit4ClassRunner$1.evaluate(BlockJUnit4ClassRunner.java:100)
	at org.junit.runners.ParentRunner.runLeaf(ParentRunner.java:366)
	at org.junit.runners.BlockJUnit4ClassRunner.runChild(BlockJUnit4ClassRunner.java:103)
	at org.junit.runners.BlockJUnit4ClassRunner.runChild(BlockJUnit4ClassRunner.java:63)
	at org.junit.runners.ParentRunner$4.run(ParentRunner.java:331)
	at org.junit.runners.ParentRunner$1.schedule(ParentRunner.java:79)
	at org.junit.runners.ParentRunner.runChildren(ParentRunner.java:329)
	at org.junit.runners.ParentRunner.access$100(ParentRunner.java:66)
	at org.junit.runners.ParentRunner$2.evaluate(ParentRunner.java:293)
	at org.junit.runners.ParentRunner$3.evaluate(ParentRunner.java:306)
	at org.junit.runners.ParentRunner.run(ParentRunner.java:413)
	at org.junit.runner.JUnitCore.run(JUnitCore.java:137)
	at org.junit.runner.JUnitCore.run(JUnitCore.java:115)
	at org.junit.vintage.engine.execution.RunnerExecutor.execute(RunnerExecutor.java:43)
	at java.util.stream.ForEachOps$ForEachOp$OfRef.accept(ForEachOps.java:183)
	at java.util.stream.ReferencePipeline$3$1.accept(ReferencePipeline.java:193)
	at java.util.Iterator.forEachRemaining(Iterator.java:116)
	at java.util.Spliterators$IteratorSpliterator.forEachRemaining(Spliterators.java:1801)
	at java.util.stream.AbstractPipeline.copyInto(AbstractPipeline.java:482)
	at java.util.stream.AbstractPipeline.wrapAndCopyInto(AbstractPipeline.java:472)
	at java.util.stream.ForEachOps$ForEachOp.evaluateSequential(ForEachOps.java:150)
	at java.util.stream.ForEachOps$ForEachOp$OfRef.evaluateSequential(ForEachOps.java:173)
	at java.util.stream.AbstractPipeline.evaluate(AbstractPipeline.java:234)
	at java.util.stream.ReferencePipeline.forEach(ReferencePipeline.java:485)
	at org.junit.vintage.engine.VintageTestEngine.executeAllChildren(VintageTestEngine.java:82)
	at org.junit.vintage.engine.VintageTestEngine.execute(VintageTestEngine.java:73)
	at org.junit.platform.launcher.core.DefaultLauncher.execute(DefaultLauncher.java:248)
	at org.junit.platform.launcher.core.DefaultLauncher.lambda$execute$5(DefaultLauncher.java:211)
	at org.junit.platform.launcher.core.DefaultLauncher.withInterceptedStreams(DefaultLauncher.java:226)
	at org.junit.platform.launcher.core.DefaultLauncher.execute(DefaultLauncher.java:199)
	at org.junit.platform.launcher.core.DefaultLauncher.execute(DefaultLauncher.java:132)
	at org.apache.maven.surefire.junitplatform.JUnitPlatformProvider.invokeAllTests(JUnitPlatformProvider.java:154)
	at org.apache.maven.surefire.junitplatform.JUnitPlatformProvider.invoke(JUnitPlatformProvider.java:123)
	at org.apache.maven.surefire.booter.ForkedBooter.runSuitesInProcess(ForkedBooter.java:377)
	at org.apache.maven.surefire.booter.ForkedBooter.execute(ForkedBooter.java:138)
	at org.apache.maven.surefire.booter.ForkedBooter.run(ForkedBooter.java:465)
	at org.apache.maven.surefire.booter.ForkedBooter.main(ForkedBooter.java:451)
]]></error>
    <system-err><![CDATA[2024-04-24T06:28:23,067  WARN [main] conf.HiveConf: HiveConf of name hive.metastore.client.cache.maxSize does not exist
2024-04-24T06:28:23,067  WARN [main] conf.HiveConf: HiveConf of name hive.metastore.metadb.dir does not exist
2024-04-24T06:28:23,067  WARN [main] conf.HiveConf: HiveConf of name hive.stats.key.prefix.reserve.length does not exist
2024-04-24T06:28:23,067  WARN [main] conf.HiveConf: HiveConf of name hive.dummyparam.test.server.specific.config.hivesite does not exist
2024-04-24T06:28:23,067  WARN [main] conf.HiveConf: HiveConf of name hive.dummyparam.test.server.specific.config.metastoresite does not exist
2024-04-24T06:28:23,067  WARN [main] conf.HiveConf: HiveConf of name hive.metastore.client.cache.recordStats does not exist
2024-04-24T06:28:23,067  WARN [main] conf.HiveConf: HiveConf of name hive.llap.io.cache.orc.arena.size does not exist
2024-04-24T06:28:23,067  WARN [main] conf.HiveConf: HiveConf of name hive.llap.io.cache.orc.size does not exist
2024-04-24T06:28:23,068  WARN [main] conf.HiveConf: HiveConf of name hive.llap.io.cache.orc.alloc.min does not exist
2024-04-24T06:28:23,068  WARN [main] conf.HiveConf: HiveConf of name hive.dummyparam.test.server.specific.config.override does not exist
2024-04-24T06:28:23,068  WARN [main] conf.HiveConf: HiveConf of name hive.llap.io.cache.orc.alloc.max does not exist
2024-04-24T06:28:23,070  INFO [main] utils.TestTxnDbUtil: Creating transactional tables
Hive Session ID = b5f1b9e9-d2a0-4b4e-9f7a-65adfadecf1a
2024-04-24T06:28:23,072  INFO [main] SessionState: Hive Session ID = b5f1b9e9-d2a0-4b4e-9f7a-65adfadecf1a
ivysettings.xml file not found in HIVE_HOME or HIVE_CONF_DIR,/home/alex/Repositories/hive/conf/ivysettings.xml will be used
2024-04-24T06:28:23,073  INFO [main] DependencyResolver: ivysettings.xml file not found in HIVE_HOME or HIVE_CONF_DIR,/home/alex/Repositories/hive/conf/ivysettings.xml will be used
2024-04-24T06:28:23,078  INFO [main] session.SessionState: Created HDFS directory: /home/alex/Repositories/hive/ql/target/tmp/scratchdir/alex/b5f1b9e9-d2a0-4b4e-9f7a-65adfadecf1a
2024-04-24T06:28:23,080  INFO [main] session.SessionState: Created local directory: /home/alex/Repositories/hive/ql/target/tmp/localscratchdir/b5f1b9e9-d2a0-4b4e-9f7a-65adfadecf1a
2024-04-24T06:28:23,083  INFO [main] session.SessionState: Created HDFS directory: /home/alex/Repositories/hive/ql/target/tmp/scratchdir/alex/b5f1b9e9-d2a0-4b4e-9f7a-65adfadecf1a/_tmp_space.db
2024-04-24T06:28:23,083  INFO [main] sqlstd.SQLStdHiveAccessController: Created SQLStdHiveAccessController for session context : HiveAuthzSessionContext [sessionString=b5f1b9e9-d2a0-4b4e-9f7a-65adfadecf1a, clientType=HIVECLI]
2024-04-24T06:28:23,083  INFO [main] ql.TxnCommandsBaseForTests: Running the query: drop table if exists acidTbl
2024-04-24T06:28:23,084  INFO [main] ql.Driver: Compiling command(queryId=alex_20240424062823_d7de878b-ef89-4fa0-8191-332895b04a6b): drop table if exists acidTbl
2024-04-24T06:28:23,094  INFO [main] txn.TxnHandler: Added entries to MIN_HISTORY_LEVEL for current txns: ([1]) with min_open_txn: 1
2024-04-24T06:28:23,094  INFO [main] lockmgr.DbTxnManager: Opened txnid:1
2024-04-24T06:28:23,097  INFO [main] HiveMetaStore.audit: ugi=alex	ip=unknown-ip-addr	cmd=get_table : tbl=hive.default.acidTbl	
2024-04-24T06:28:23,104  INFO [main] ql.Driver: Semantic Analysis Completed (retrial = false)
2024-04-24T06:28:23,104  INFO [main] ql.Driver: Created Hive schema: Schema(fieldSchemas:null, properties:null)
2024-04-24T06:28:23,104  INFO [main] metadata.Hive: Dumping metastore api call timing information for : compilation phase
2024-04-24T06:28:23,104  INFO [main] metadata.Hive: Total time spent in each metastore function (ms): {flushCache_()=0, commitTxn_(CommitTxnRequest)=11, openTxn_(String, TxnType)=10, isCompatibleWith_(Configuration)=0, getValidTxns_(long)=3}
2024-04-24T06:28:23,105  INFO [main] ql.Driver: Completed compiling command(queryId=alex_20240424062823_d7de878b-ef89-4fa0-8191-332895b04a6b); Time taken: 0.02 seconds
2024-04-24T06:28:23,105  INFO [main] lockmgr.DbTxnManager: Setting lock request transaction to txnid:1 for queryId=alex_20240424062823_d7de878b-ef89-4fa0-8191-332895b04a6b
2024-04-24T06:28:23,105  INFO [main] ql.Driver: Operation DROPTABLE obtained 0 locks
2024-04-24T06:28:23,105  INFO [main] ql.Driver: Executing command(queryId=alex_20240424062823_d7de878b-ef89-4fa0-8191-332895b04a6b): drop table if exists acidTbl
2024-04-24T06:28:23,105  INFO [main] ql.Driver: Starting task [Stage-0:DDL] in serial mode
2024-04-24T06:28:23,105  INFO [main] HiveMetaStore.audit: ugi=alex	ip=unknown-ip-addr	cmd=get_table : tbl=hive.default.acidTbl	
2024-04-24T06:28:23,108  INFO [main] metadata.Hive: Dumping metastore api call timing information for : execution phase
2024-04-24T06:28:23,108  INFO [main] metadata.Hive: Total time spent in each metastore function (ms): {isCompatibleWith_(Configuration)=0}
2024-04-24T06:28:23,108  INFO [main] ql.Driver: Completed executing command(queryId=alex_20240424062823_d7de878b-ef89-4fa0-8191-332895b04a6b); Time taken: 0.003 seconds
2024-04-24T06:28:23,108  INFO [main] lockmgr.DbTxnManager: Stopped heartbeat for query: alex_20240424062823_d7de878b-ef89-4fa0-8191-332895b04a6b
2024-04-24T06:28:23,114  INFO [main] txn.TxnHandler: Expected to move at least one record from txn_components to completed_txn_components when committing txn! txnid:1
2024-04-24T06:28:23,120  INFO [main] txn.TxnHandler: Removed transactions: ([1]) from MIN_HISTORY_LEVEL
2024-04-24T06:28:23,120  WARN [main] txn.CompactionTxnHandler: No compaction queue record found for Compaction type transaction commit. txnId:1
2024-04-24T06:28:23,120  INFO [main] ql.TxnCommandsBaseForTests: Running the query: drop table if exists acidTblPart
2024-04-24T06:28:23,121  INFO [main] ql.Driver: Compiling command(queryId=alex_20240424062823_70b2a78b-31dc-4621-ae79-5fd2131511b8): drop table if exists acidTblPart
2024-04-24T06:28:23,123  INFO [main] txn.TxnHandler: Added entries to MIN_HISTORY_LEVEL for current txns: ([2]) with min_open_txn: 1
2024-04-24T06:28:23,123  INFO [main] lockmgr.DbTxnManager: Opened txnid:2
2024-04-24T06:28:23,123  INFO [main] HiveMetaStore.audit: ugi=alex	ip=unknown-ip-addr	cmd=get_table : tbl=hive.default.acidTblPart	
2024-04-24T06:28:23,126  INFO [main] ql.Driver: Semantic Analysis Completed (retrial = false)
2024-04-24T06:28:23,126  INFO [main] ql.Driver: Created Hive schema: Schema(fieldSchemas:null, properties:null)
2024-04-24T06:28:23,126  INFO [main] metadata.Hive: Dumping metastore api call timing information for : compilation phase
2024-04-24T06:28:23,126  INFO [main] metadata.Hive: Total time spent in each metastore function (ms): {getValidTxns_(long)=0, flushCache_()=0, isCompatibleWith_(Configuration)=0, commitTxn_(CommitTxnRequest)=12, openTxn_(String, TxnType)=2}
2024-04-24T06:28:23,126  INFO [main] ql.Driver: Completed compiling command(queryId=alex_20240424062823_70b2a78b-31dc-4621-ae79-5fd2131511b8); Time taken: 0.005 seconds
2024-04-24T06:28:23,126  INFO [main] lockmgr.DbTxnManager: Setting lock request transaction to txnid:2 for queryId=alex_20240424062823_70b2a78b-31dc-4621-ae79-5fd2131511b8
2024-04-24T06:28:23,126  INFO [main] ql.Driver: Operation DROPTABLE obtained 0 locks
2024-04-24T06:28:23,126  INFO [main] ql.Driver: Executing command(queryId=alex_20240424062823_70b2a78b-31dc-4621-ae79-5fd2131511b8): drop table if exists acidTblPart
2024-04-24T06:28:23,127  INFO [main] ql.Driver: Starting task [Stage-0:DDL] in serial mode
2024-04-24T06:28:23,127  INFO [main] HiveMetaStore.audit: ugi=alex	ip=unknown-ip-addr	cmd=get_table : tbl=hive.default.acidTblPart	
2024-04-24T06:28:23,129  INFO [main] metadata.Hive: Dumping metastore api call timing information for : execution phase
2024-04-24T06:28:23,129  INFO [main] metadata.Hive: Total time spent in each metastore function (ms): {isCompatibleWith_(Configuration)=0}
2024-04-24T06:28:23,130  INFO [main] ql.Driver: Completed executing command(queryId=alex_20240424062823_70b2a78b-31dc-4621-ae79-5fd2131511b8); Time taken: 0.003 seconds
2024-04-24T06:28:23,130  INFO [main] lockmgr.DbTxnManager: Stopped heartbeat for query: alex_20240424062823_70b2a78b-31dc-4621-ae79-5fd2131511b8
2024-04-24T06:28:23,134  INFO [main] txn.TxnHandler: Expected to move at least one record from txn_components to completed_txn_components when committing txn! txnid:2
2024-04-24T06:28:23,140  INFO [main] txn.TxnHandler: Removed transactions: ([2]) from MIN_HISTORY_LEVEL
2024-04-24T06:28:23,140  WARN [main] txn.CompactionTxnHandler: No compaction queue record found for Compaction type transaction commit. txnId:2
2024-04-24T06:28:23,141  INFO [main] ql.TxnCommandsBaseForTests: Running the query: drop table if exists acidTbl2
2024-04-24T06:28:23,141  INFO [main] ql.Driver: Compiling command(queryId=alex_20240424062823_725ca246-997c-42fb-8f94-831eda9243a1): drop table if exists acidTbl2
2024-04-24T06:28:23,143  INFO [main] txn.TxnHandler: Added entries to MIN_HISTORY_LEVEL for current txns: ([3]) with min_open_txn: 1
2024-04-24T06:28:23,144  INFO [main] lockmgr.DbTxnManager: Opened txnid:3
2024-04-24T06:28:23,144  INFO [main] HiveMetaStore.audit: ugi=alex	ip=unknown-ip-addr	cmd=get_table : tbl=hive.default.acidTbl2	
2024-04-24T06:28:23,147  INFO [main] ql.Driver: Semantic Analysis Completed (retrial = false)
2024-04-24T06:28:23,147  INFO [main] ql.Driver: Created Hive schema: Schema(fieldSchemas:null, properties:null)
2024-04-24T06:28:23,147  INFO [main] metadata.Hive: Dumping metastore api call timing information for : compilation phase
2024-04-24T06:28:23,147  INFO [main] metadata.Hive: Total time spent in each metastore function (ms): {isCompatibleWith_(Configuration)=0, flushCache_()=0, commitTxn_(CommitTxnRequest)=11, getValidTxns_(long)=0, openTxn_(String, TxnType)=2}
2024-04-24T06:28:23,147  INFO [main] ql.Driver: Completed compiling command(queryId=alex_20240424062823_725ca246-997c-42fb-8f94-831eda9243a1); Time taken: 0.006 seconds
2024-04-24T06:28:23,147  INFO [main] lockmgr.DbTxnManager: Setting lock request transaction to txnid:3 for queryId=alex_20240424062823_725ca246-997c-42fb-8f94-831eda9243a1
2024-04-24T06:28:23,147  INFO [main] ql.Driver: Operation DROPTABLE obtained 0 locks
2024-04-24T06:28:23,147  INFO [main] ql.Driver: Executing command(queryId=alex_20240424062823_725ca246-997c-42fb-8f94-831eda9243a1): drop table if exists acidTbl2
2024-04-24T06:28:23,147  INFO [main] ql.Driver: Starting task [Stage-0:DDL] in serial mode
2024-04-24T06:28:23,148  INFO [main] HiveMetaStore.audit: ugi=alex	ip=unknown-ip-addr	cmd=get_table : tbl=hive.default.acidTbl2	
2024-04-24T06:28:23,150  INFO [main] metadata.Hive: Dumping metastore api call timing information for : execution phase
2024-04-24T06:28:23,150  INFO [main] metadata.Hive: Total time spent in each metastore function (ms): {isCompatibleWith_(Configuration)=0}
2024-04-24T06:28:23,150  INFO [main] ql.Driver: Completed executing command(queryId=alex_20240424062823_725ca246-997c-42fb-8f94-831eda9243a1); Time taken: 0.003 seconds
2024-04-24T06:28:23,150  INFO [main] lockmgr.DbTxnManager: Stopped heartbeat for query: alex_20240424062823_725ca246-997c-42fb-8f94-831eda9243a1
2024-04-24T06:28:23,155  INFO [main] txn.TxnHandler: Expected to move at least one record from txn_components to completed_txn_components when committing txn! txnid:3
2024-04-24T06:28:23,160  INFO [main] txn.TxnHandler: Removed transactions: ([3]) from MIN_HISTORY_LEVEL
2024-04-24T06:28:23,161  WARN [main] txn.CompactionTxnHandler: No compaction queue record found for Compaction type transaction commit. txnId:3
2024-04-24T06:28:23,161  INFO [main] ql.TxnCommandsBaseForTests: Running the query: drop table if exists nonAcidOrcTbl
2024-04-24T06:28:23,161  INFO [main] ql.Driver: Compiling command(queryId=alex_20240424062823_df882b8b-5a0b-46d4-a67b-96c775acae81): drop table if exists nonAcidOrcTbl
2024-04-24T06:28:23,163  INFO [main] txn.TxnHandler: Added entries to MIN_HISTORY_LEVEL for current txns: ([4]) with min_open_txn: 1
2024-04-24T06:28:23,164  INFO [main] lockmgr.DbTxnManager: Opened txnid:4
2024-04-24T06:28:23,164  INFO [main] HiveMetaStore.audit: ugi=alex	ip=unknown-ip-addr	cmd=get_table : tbl=hive.default.nonAcidOrcTbl	
2024-04-24T06:28:23,166  INFO [main] ql.Driver: Semantic Analysis Completed (retrial = false)
2024-04-24T06:28:23,167  INFO [main] ql.Driver: Created Hive schema: Schema(fieldSchemas:null, properties:null)
2024-04-24T06:28:23,167  INFO [main] metadata.Hive: Dumping metastore api call timing information for : compilation phase
2024-04-24T06:28:23,167  INFO [main] metadata.Hive: Total time spent in each metastore function (ms): {commitTxn_(CommitTxnRequest)=11, openTxn_(String, TxnType)=2, getValidTxns_(long)=0, flushCache_()=0, isCompatibleWith_(Configuration)=0}
2024-04-24T06:28:23,167  INFO [main] ql.Driver: Completed compiling command(queryId=alex_20240424062823_df882b8b-5a0b-46d4-a67b-96c775acae81); Time taken: 0.006 seconds
2024-04-24T06:28:23,167  INFO [main] lockmgr.DbTxnManager: Setting lock request transaction to txnid:4 for queryId=alex_20240424062823_df882b8b-5a0b-46d4-a67b-96c775acae81
2024-04-24T06:28:23,167  INFO [main] ql.Driver: Operation DROPTABLE obtained 0 locks
2024-04-24T06:28:23,167  INFO [main] ql.Driver: Executing command(queryId=alex_20240424062823_df882b8b-5a0b-46d4-a67b-96c775acae81): drop table if exists nonAcidOrcTbl
2024-04-24T06:28:23,167  INFO [main] ql.Driver: Starting task [Stage-0:DDL] in serial mode
2024-04-24T06:28:23,167  INFO [main] HiveMetaStore.audit: ugi=alex	ip=unknown-ip-addr	cmd=get_table : tbl=hive.default.nonAcidOrcTbl	
2024-04-24T06:28:23,170  INFO [main] metadata.Hive: Dumping metastore api call timing information for : execution phase
2024-04-24T06:28:23,170  INFO [main] metadata.Hive: Total time spent in each metastore function (ms): {isCompatibleWith_(Configuration)=0}
2024-04-24T06:28:23,170  INFO [main] ql.Driver: Completed executing command(queryId=alex_20240424062823_df882b8b-5a0b-46d4-a67b-96c775acae81); Time taken: 0.003 seconds
2024-04-24T06:28:23,170  INFO [main] lockmgr.DbTxnManager: Stopped heartbeat for query: alex_20240424062823_df882b8b-5a0b-46d4-a67b-96c775acae81
2024-04-24T06:28:23,175  INFO [main] txn.TxnHandler: Expected to move at least one record from txn_components to completed_txn_components when committing txn! txnid:4
2024-04-24T06:28:23,180  INFO [main] txn.TxnHandler: Removed transactions: ([4]) from MIN_HISTORY_LEVEL
2024-04-24T06:28:23,180  WARN [main] txn.CompactionTxnHandler: No compaction queue record found for Compaction type transaction commit. txnId:4
2024-04-24T06:28:23,181  INFO [main] ql.TxnCommandsBaseForTests: Running the query: drop table if exists nonAcidOrcTbl2
2024-04-24T06:28:23,181  INFO [main] ql.Driver: Compiling command(queryId=alex_20240424062823_4adbe3b9-52e1-4d0e-b9e1-33e8e8a4b8be): drop table if exists nonAcidOrcTbl2
2024-04-24T06:28:23,183  INFO [main] txn.TxnHandler: Added entries to MIN_HISTORY_LEVEL for current txns: ([5]) with min_open_txn: 1
2024-04-24T06:28:23,183  INFO [main] lockmgr.DbTxnManager: Opened txnid:5
2024-04-24T06:28:23,184  INFO [main] HiveMetaStore.audit: ugi=alex	ip=unknown-ip-addr	cmd=get_table : tbl=hive.default.nonAcidOrcTbl2	
2024-04-24T06:28:23,186  INFO [main] ql.Driver: Semantic Analysis Completed (retrial = false)
2024-04-24T06:28:23,186  INFO [main] ql.Driver: Created Hive schema: Schema(fieldSchemas:null, properties:null)
2024-04-24T06:28:23,186  INFO [main] metadata.Hive: Dumping metastore api call timing information for : compilation phase
2024-04-24T06:28:23,187  INFO [main] metadata.Hive: Total time spent in each metastore function (ms): {flushCache_()=0, isCompatibleWith_(Configuration)=1, openTxn_(String, TxnType)=1, commitTxn_(CommitTxnRequest)=11, getValidTxns_(long)=0}
2024-04-24T06:28:23,187  INFO [main] ql.Driver: Completed compiling command(queryId=alex_20240424062823_4adbe3b9-52e1-4d0e-b9e1-33e8e8a4b8be); Time taken: 0.005 seconds
2024-04-24T06:28:23,187  INFO [main] lockmgr.DbTxnManager: Setting lock request transaction to txnid:5 for queryId=alex_20240424062823_4adbe3b9-52e1-4d0e-b9e1-33e8e8a4b8be
2024-04-24T06:28:23,187  INFO [main] ql.Driver: Operation DROPTABLE obtained 0 locks
2024-04-24T06:28:23,187  INFO [main] ql.Driver: Executing command(queryId=alex_20240424062823_4adbe3b9-52e1-4d0e-b9e1-33e8e8a4b8be): drop table if exists nonAcidOrcTbl2
2024-04-24T06:28:23,187  INFO [main] ql.Driver: Starting task [Stage-0:DDL] in serial mode
2024-04-24T06:28:23,187  INFO [main] HiveMetaStore.audit: ugi=alex	ip=unknown-ip-addr	cmd=get_table : tbl=hive.default.nonAcidOrcTbl2	
2024-04-24T06:28:23,190  INFO [main] metadata.Hive: Dumping metastore api call timing information for : execution phase
2024-04-24T06:28:23,190  INFO [main] metadata.Hive: Total time spent in each metastore function (ms): {isCompatibleWith_(Configuration)=0}
2024-04-24T06:28:23,190  INFO [main] ql.Driver: Completed executing command(queryId=alex_20240424062823_4adbe3b9-52e1-4d0e-b9e1-33e8e8a4b8be); Time taken: 0.003 seconds
2024-04-24T06:28:23,190  INFO [main] lockmgr.DbTxnManager: Stopped heartbeat for query: alex_20240424062823_4adbe3b9-52e1-4d0e-b9e1-33e8e8a4b8be
2024-04-24T06:28:23,195  INFO [main] txn.TxnHandler: Expected to move at least one record from txn_components to completed_txn_components when committing txn! txnid:5
2024-04-24T06:28:23,200  INFO [main] txn.TxnHandler: Removed transactions: ([5]) from MIN_HISTORY_LEVEL
2024-04-24T06:28:23,200  WARN [main] txn.CompactionTxnHandler: No compaction queue record found for Compaction type transaction commit. txnId:5
2024-04-24T06:28:23,201  INFO [main] ql.TxnCommandsBaseForTests: Running the query: drop table if exists nonAcidNonBucket
2024-04-24T06:28:23,201  INFO [main] ql.Driver: Compiling command(queryId=alex_20240424062823_65cc4710-2923-46cf-9d12-299861df5d65): drop table if exists nonAcidNonBucket
2024-04-24T06:28:23,203  INFO [main] txn.TxnHandler: Added entries to MIN_HISTORY_LEVEL for current txns: ([6]) with min_open_txn: 1
2024-04-24T06:28:23,204  INFO [main] lockmgr.DbTxnManager: Opened txnid:6
2024-04-24T06:28:23,204  INFO [main] HiveMetaStore.audit: ugi=alex	ip=unknown-ip-addr	cmd=get_table : tbl=hive.default.nonAcidNonBucket	
2024-04-24T06:28:23,207  INFO [main] ql.Driver: Semantic Analysis Completed (retrial = false)
2024-04-24T06:28:23,207  INFO [main] ql.Driver: Created Hive schema: Schema(fieldSchemas:null, properties:null)
2024-04-24T06:28:23,207  INFO [main] metadata.Hive: Dumping metastore api call timing information for : compilation phase
2024-04-24T06:28:23,207  INFO [main] metadata.Hive: Total time spent in each metastore function (ms): {getValidTxns_(long)=0, isCompatibleWith_(Configuration)=0, commitTxn_(CommitTxnRequest)=11, openTxn_(String, TxnType)=2, flushCache_()=0}
2024-04-24T06:28:23,207  INFO [main] ql.Driver: Completed compiling command(queryId=alex_20240424062823_65cc4710-2923-46cf-9d12-299861df5d65); Time taken: 0.006 seconds
2024-04-24T06:28:23,208  INFO [main] lockmgr.DbTxnManager: Setting lock request transaction to txnid:6 for queryId=alex_20240424062823_65cc4710-2923-46cf-9d12-299861df5d65
2024-04-24T06:28:23,208  INFO [main] ql.Driver: Operation DROPTABLE obtained 0 locks
2024-04-24T06:28:23,208  INFO [main] ql.Driver: Executing command(queryId=alex_20240424062823_65cc4710-2923-46cf-9d12-299861df5d65): drop table if exists nonAcidNonBucket
2024-04-24T06:28:23,208  INFO [main] ql.Driver: Starting task [Stage-0:DDL] in serial mode
2024-04-24T06:28:23,208  INFO [main] HiveMetaStore.audit: ugi=alex	ip=unknown-ip-addr	cmd=get_table : tbl=hive.default.nonAcidNonBucket	
2024-04-24T06:28:23,210  INFO [main] metadata.Hive: Dumping metastore api call timing information for : execution phase
2024-04-24T06:28:23,211  INFO [main] metadata.Hive: Total time spent in each metastore function (ms): {isCompatibleWith_(Configuration)=0}
2024-04-24T06:28:23,211  INFO [main] ql.Driver: Completed executing command(queryId=alex_20240424062823_65cc4710-2923-46cf-9d12-299861df5d65); Time taken: 0.002 seconds
2024-04-24T06:28:23,211  INFO [main] lockmgr.DbTxnManager: Stopped heartbeat for query: alex_20240424062823_65cc4710-2923-46cf-9d12-299861df5d65
2024-04-24T06:28:23,216  INFO [main] txn.TxnHandler: Expected to move at least one record from txn_components to completed_txn_components when committing txn! txnid:6
2024-04-24T06:28:23,221  INFO [main] txn.TxnHandler: Removed transactions: ([6]) from MIN_HISTORY_LEVEL
2024-04-24T06:28:23,221  WARN [main] txn.CompactionTxnHandler: No compaction queue record found for Compaction type transaction commit. txnId:6
2024-04-24T06:28:23,222  INFO [main] ql.TxnCommandsBaseForTests: Running the query: create table acidTbl(a int, b int) clustered by (a) into 2 buckets stored as orc TBLPROPERTIES ('transactional'='true')
2024-04-24T06:28:23,222  INFO [main] ql.Driver: Compiling command(queryId=alex_20240424062823_c569c48e-bb8f-4300-b365-9afd425d45bd): create table acidTbl(a int, b int) clustered by (a) into 2 buckets stored as orc TBLPROPERTIES ('transactional'='true')
2024-04-24T06:28:23,224  INFO [main] txn.TxnHandler: Added entries to MIN_HISTORY_LEVEL for current txns: ([7]) with min_open_txn: 1
2024-04-24T06:28:23,225  INFO [main] lockmgr.DbTxnManager: Opened txnid:7
2024-04-24T06:28:23,225  INFO [main] parse.CalcitePlanner: Starting caching scope for: 
2024-04-24T06:28:23,225  INFO [main] parse.CalcitePlanner: Starting Semantic Analysis
2024-04-24T06:28:23,230  INFO [main] parse.CalcitePlanner: Creating table default.acidTbl position=13
2024-04-24T06:28:23,231  INFO [main] HiveMetaStore.audit: ugi=alex	ip=unknown-ip-addr	cmd=get_database: default	
2024-04-24T06:28:23,232  INFO [main] parse.CalcitePlanner: Ending caching scope for: 
2024-04-24T06:28:23,232  INFO [main] ql.Driver: Semantic Analysis Completed (retrial = false)
2024-04-24T06:28:23,232  INFO [main] ql.Driver: Created Hive schema: Schema(fieldSchemas:null, properties:null)
2024-04-24T06:28:23,232  INFO [main] metadata.Hive: Dumping metastore api call timing information for : compilation phase
2024-04-24T06:28:23,233  INFO [main] metadata.Hive: Total time spent in each metastore function (ms): {getDatabase_(String)=1, commitTxn_(CommitTxnRequest)=11, isCompatibleWith_(Configuration)=0, openTxn_(String, TxnType)=2, getValidWriteIds_(List, String)=5, flushCache_()=0, getValidTxns_(long)=0}
2024-04-24T06:28:23,233  INFO [main] ql.Driver: Completed compiling command(queryId=alex_20240424062823_c569c48e-bb8f-4300-b365-9afd425d45bd); Time taken: 0.01 seconds
2024-04-24T06:28:23,233  INFO [main] lockmgr.DbTxnManager: Setting lock request transaction to txnid:7 for queryId=alex_20240424062823_c569c48e-bb8f-4300-b365-9afd425d45bd
2024-04-24T06:28:23,233  INFO [main] lockmgr.DbLockManager: Requesting lock for queryId=alex_20240424062823_c569c48e-bb8f-4300-b365-9afd425d45bd
2024-04-24T06:28:23,251  INFO [main] lockmgr.DbLockManager: Response to queryId=alex_20240424062823_c569c48e-bb8f-4300-b365-9afd425d45bd LockResponse(lockid:1, state:ACQUIRED)
2024-04-24T06:28:23,251  INFO [main] ql.Driver: Operation CREATETABLE obtained 1 locks
2024-04-24T06:28:23,252  INFO [main] ql.Driver: Executing command(queryId=alex_20240424062823_c569c48e-bb8f-4300-b365-9afd425d45bd): create table acidTbl(a int, b int) clustered by (a) into 2 buckets stored as orc TBLPROPERTIES ('transactional'='true')
2024-04-24T06:28:23,252  INFO [main] ql.Driver: Starting task [Stage-0:DDL] in serial mode
2024-04-24T06:28:23,253  INFO [main] HiveMetaStore.audit: ugi=alex	ip=unknown-ip-addr	cmd=create_table_req: Table(tableName:acidTbl, dbName:default, owner:alex, createTime:1713965303, lastAccessTime:0, retention:0, sd:StorageDescriptor(cols:[FieldSchema(name:a, type:int, comment:null), FieldSchema(name:b, type:int, comment:null)], location:null, inputFormat:org.apache.hadoop.hive.ql.io.orc.OrcInputFormat, outputFormat:org.apache.hadoop.hive.ql.io.orc.OrcOutputFormat, compressed:false, numBuckets:2, serdeInfo:SerDeInfo(name:null, serializationLib:org.apache.hadoop.hive.ql.io.orc.OrcSerde, parameters:{serialization.format=1}), bucketCols:[a], sortCols:[], parameters:{}, skewedInfo:SkewedInfo(skewedColNames:[], skewedColValues:[], skewedColValueLocationMaps:{}), storedAsSubDirectories:false), partitionKeys:[], parameters:{numRows=0, numFiles=0, transactional=true, numFilesErasureCoded=0, rawDataSize=0, COLUMN_STATS_ACCURATE={"BASIC_STATS":"true","COLUMN_STATS":{"a":"true","b":"true"}}, bucketing_version=2, totalSize=0}, viewOriginalText:null, viewExpandedText:null, tableType:MANAGED_TABLE, privileges:PrincipalPrivilegeSet(userPrivileges:{alex=[PrivilegeGrantInfo(privilege:INSERT, createTime:-1, grantor:alex, grantorType:USER, grantOption:true), PrivilegeGrantInfo(privilege:SELECT, createTime:-1, grantor:alex, grantorType:USER, grantOption:true), PrivilegeGrantInfo(privilege:UPDATE, createTime:-1, grantor:alex, grantorType:USER, grantOption:true), PrivilegeGrantInfo(privilege:DELETE, createTime:-1, grantor:alex, grantorType:USER, grantOption:true)]}, groupPrivileges:null, rolePrivileges:null), temporary:false, catName:hive, ownerType:USER, writeId:0)	
2024-04-24T06:28:23,258  INFO [main] utils.FileUtils: Creating directory if it doesn't exist: file:/home/alex/Repositories/hive/ql/target/tmp/org.apache.hadoop.hive.ql.TestTxnCommands-1713965238357/warehouse/acidtbl
2024-04-24T06:28:23,294  INFO [main] metadata.Hive: Dumping metastore api call timing information for : execution phase
2024-04-24T06:28:23,295  INFO [main] metadata.Hive: Total time spent in each metastore function (ms): {isCompatibleWith_(Configuration)=0, createTable_(Table)=41}
2024-04-24T06:28:23,295  INFO [main] ql.Driver: Completed executing command(queryId=alex_20240424062823_c569c48e-bb8f-4300-b365-9afd425d45bd); Time taken: 0.042 seconds
2024-04-24T06:28:23,295  INFO [main] lockmgr.DbTxnManager: Stopped heartbeat for query: alex_20240424062823_c569c48e-bb8f-4300-b365-9afd425d45bd
2024-04-24T06:28:23,298  INFO [main] txn.TxnHandler: Expected to move at least one record from txn_components to completed_txn_components when committing txn! txnid:7
2024-04-24T06:28:23,304  INFO [main] txn.TxnHandler: Removed transactions: ([7]) from MIN_HISTORY_LEVEL
2024-04-24T06:28:23,305  WARN [main] txn.CompactionTxnHandler: No compaction queue record found for Compaction type transaction commit. txnId:7
2024-04-24T06:28:23,306  INFO [main] ql.TxnCommandsBaseForTests: Running the query: create table acidTblPart(a int, b int) partitioned by (p string) clustered by (a) into 2 buckets stored as orc TBLPROPERTIES ('transactional'='true')
2024-04-24T06:28:23,306  INFO [main] ql.Driver: Compiling command(queryId=alex_20240424062823_c67bd069-1ac0-4c7e-a438-4fd9b5f605fd): create table acidTblPart(a int, b int) partitioned by (p string) clustered by (a) into 2 buckets stored as orc TBLPROPERTIES ('transactional'='true')
2024-04-24T06:28:23,309  INFO [main] txn.TxnHandler: Added entries to MIN_HISTORY_LEVEL for current txns: ([8]) with min_open_txn: 1
2024-04-24T06:28:23,309  INFO [main] lockmgr.DbTxnManager: Opened txnid:8
2024-04-24T06:28:23,309  INFO [main] parse.CalcitePlanner: Starting caching scope for: 
2024-04-24T06:28:23,309  INFO [main] parse.CalcitePlanner: Starting Semantic Analysis
2024-04-24T06:28:23,312  INFO [main] parse.CalcitePlanner: Creating table default.acidTblPart position=13
2024-04-24T06:28:23,312  INFO [main] HiveMetaStore.audit: ugi=alex	ip=unknown-ip-addr	cmd=get_database: default	
2024-04-24T06:28:23,314  INFO [main] parse.CalcitePlanner: Ending caching scope for: 
2024-04-24T06:28:23,314  INFO [main] ql.Driver: Semantic Analysis Completed (retrial = false)
2024-04-24T06:28:23,314  INFO [main] ql.Driver: Created Hive schema: Schema(fieldSchemas:null, properties:null)
2024-04-24T06:28:23,314  INFO [main] metadata.Hive: Dumping metastore api call timing information for : compilation phase
2024-04-24T06:28:23,315  INFO [main] metadata.Hive: Total time spent in each metastore function (ms): {commitTxn_(CommitTxnRequest)=11, openTxn_(String, TxnType)=2, isCompatibleWith_(Configuration)=0, getValidTxns_(long)=0, getValidWriteIds_(List, String)=2, getDatabase_(String)=2, flushCache_()=0}
2024-04-24T06:28:23,315  INFO [main] ql.Driver: Completed compiling command(queryId=alex_20240424062823_c67bd069-1ac0-4c7e-a438-4fd9b5f605fd); Time taken: 0.008 seconds
2024-04-24T06:28:23,315  INFO [main] lockmgr.DbTxnManager: Setting lock request transaction to txnid:8 for queryId=alex_20240424062823_c67bd069-1ac0-4c7e-a438-4fd9b5f605fd
2024-04-24T06:28:23,315  INFO [main] lockmgr.DbLockManager: Requesting lock for queryId=alex_20240424062823_c67bd069-1ac0-4c7e-a438-4fd9b5f605fd
2024-04-24T06:28:23,331  INFO [main] lockmgr.DbLockManager: Response to queryId=alex_20240424062823_c67bd069-1ac0-4c7e-a438-4fd9b5f605fd LockResponse(lockid:2, state:ACQUIRED)
2024-04-24T06:28:23,331  INFO [main] ql.Driver: Operation CREATETABLE obtained 1 locks
2024-04-24T06:28:23,332  INFO [main] ql.Driver: Executing command(queryId=alex_20240424062823_c67bd069-1ac0-4c7e-a438-4fd9b5f605fd): create table acidTblPart(a int, b int) partitioned by (p string) clustered by (a) into 2 buckets stored as orc TBLPROPERTIES ('transactional'='true')
2024-04-24T06:28:23,332  INFO [main] ql.Driver: Starting task [Stage-0:DDL] in serial mode
2024-04-24T06:28:23,333  INFO [main] HiveMetaStore.audit: ugi=alex	ip=unknown-ip-addr	cmd=create_table_req: Table(tableName:acidTblPart, dbName:default, owner:alex, createTime:1713965303, lastAccessTime:0, retention:0, sd:StorageDescriptor(cols:[FieldSchema(name:a, type:int, comment:null), FieldSchema(name:b, type:int, comment:null)], location:null, inputFormat:org.apache.hadoop.hive.ql.io.orc.OrcInputFormat, outputFormat:org.apache.hadoop.hive.ql.io.orc.OrcOutputFormat, compressed:false, numBuckets:2, serdeInfo:SerDeInfo(name:null, serializationLib:org.apache.hadoop.hive.ql.io.orc.OrcSerde, parameters:{serialization.format=1}), bucketCols:[a], sortCols:[], parameters:{}, skewedInfo:SkewedInfo(skewedColNames:[], skewedColValues:[], skewedColValueLocationMaps:{}), storedAsSubDirectories:false), partitionKeys:[FieldSchema(name:p, type:string, comment:null)], parameters:{bucketing_version=2, transactional=true}, viewOriginalText:null, viewExpandedText:null, tableType:MANAGED_TABLE, privileges:PrincipalPrivilegeSet(userPrivileges:{alex=[PrivilegeGrantInfo(privilege:INSERT, createTime:-1, grantor:alex, grantorType:USER, grantOption:true), PrivilegeGrantInfo(privilege:SELECT, createTime:-1, grantor:alex, grantorType:USER, grantOption:true), PrivilegeGrantInfo(privilege:UPDATE, createTime:-1, grantor:alex, grantorType:USER, grantOption:true), PrivilegeGrantInfo(privilege:DELETE, createTime:-1, grantor:alex, grantorType:USER, grantOption:true)]}, groupPrivileges:null, rolePrivileges:null), temporary:false, catName:hive, ownerType:USER, writeId:0)	
2024-04-24T06:28:23,339  INFO [main] utils.FileUtils: Creating directory if it doesn't exist: file:/home/alex/Repositories/hive/ql/target/tmp/org.apache.hadoop.hive.ql.TestTxnCommands-1713965238357/warehouse/acidtblpart
2024-04-24T06:28:23,354  INFO [main] metadata.Hive: Dumping metastore api call timing information for : execution phase
2024-04-24T06:28:23,354  INFO [main] metadata.Hive: Total time spent in each metastore function (ms): {isCompatibleWith_(Configuration)=0, createTable_(Table)=22}
2024-04-24T06:28:23,354  INFO [main] ql.Driver: Completed executing command(queryId=alex_20240424062823_c67bd069-1ac0-4c7e-a438-4fd9b5f605fd); Time taken: 0.022 seconds
2024-04-24T06:28:23,354  INFO [main] lockmgr.DbTxnManager: Stopped heartbeat for query: alex_20240424062823_c67bd069-1ac0-4c7e-a438-4fd9b5f605fd
2024-04-24T06:28:23,359  INFO [main] txn.TxnHandler: Expected to move at least one record from txn_components to completed_txn_components when committing txn! txnid:8
2024-04-24T06:28:23,365  INFO [main] txn.TxnHandler: Removed transactions: ([8]) from MIN_HISTORY_LEVEL
2024-04-24T06:28:23,365  WARN [main] txn.CompactionTxnHandler: No compaction queue record found for Compaction type transaction commit. txnId:8
2024-04-24T06:28:23,366  INFO [main] ql.TxnCommandsBaseForTests: Running the query: create table nonAcidOrcTbl(a int, b int) clustered by (a) into 2 buckets stored as orc TBLPROPERTIES ('transactional'='false')
2024-04-24T06:28:23,366  INFO [main] ql.Driver: Compiling command(queryId=alex_20240424062823_5b6c00e1-4678-4b89-9fbb-b310accd3fad): create table nonAcidOrcTbl(a int, b int) clustered by (a) into 2 buckets stored as orc TBLPROPERTIES ('transactional'='false')
2024-04-24T06:28:23,369  INFO [main] txn.TxnHandler: Added entries to MIN_HISTORY_LEVEL for current txns: ([9]) with min_open_txn: 1
2024-04-24T06:28:23,369  INFO [main] lockmgr.DbTxnManager: Opened txnid:9
2024-04-24T06:28:23,370  INFO [main] parse.CalcitePlanner: Starting caching scope for: 
2024-04-24T06:28:23,370  INFO [main] parse.CalcitePlanner: Starting Semantic Analysis
2024-04-24T06:28:23,372  INFO [main] parse.CalcitePlanner: Creating table default.nonAcidOrcTbl position=13
2024-04-24T06:28:23,372  INFO [main] HiveMetaStore.audit: ugi=alex	ip=unknown-ip-addr	cmd=get_database: default	
2024-04-24T06:28:23,374  INFO [main] parse.CalcitePlanner: Ending caching scope for: 
2024-04-24T06:28:23,374  INFO [main] ql.Driver: Semantic Analysis Completed (retrial = false)
2024-04-24T06:28:23,374  INFO [main] ql.Driver: Created Hive schema: Schema(fieldSchemas:null, properties:null)
2024-04-24T06:28:23,374  INFO [main] metadata.Hive: Dumping metastore api call timing information for : compilation phase
2024-04-24T06:28:23,374  INFO [main] metadata.Hive: Total time spent in each metastore function (ms): {isCompatibleWith_(Configuration)=0, openTxn_(String, TxnType)=2, getValidTxns_(long)=1, getValidWriteIds_(List, String)=2, getDatabase_(String)=2, flushCache_()=0, commitTxn_(CommitTxnRequest)=11}
2024-04-24T06:28:23,374  INFO [main] ql.Driver: Completed compiling command(queryId=alex_20240424062823_5b6c00e1-4678-4b89-9fbb-b310accd3fad); Time taken: 0.008 seconds
2024-04-24T06:28:23,375  INFO [main] lockmgr.DbTxnManager: Setting lock request transaction to txnid:9 for queryId=alex_20240424062823_5b6c00e1-4678-4b89-9fbb-b310accd3fad
2024-04-24T06:28:23,375  INFO [main] lockmgr.DbLockManager: Requesting lock for queryId=alex_20240424062823_5b6c00e1-4678-4b89-9fbb-b310accd3fad
2024-04-24T06:28:23,390  INFO [main] lockmgr.DbLockManager: Response to queryId=alex_20240424062823_5b6c00e1-4678-4b89-9fbb-b310accd3fad LockResponse(lockid:3, state:ACQUIRED)
2024-04-24T06:28:23,390  INFO [main] ql.Driver: Operation CREATETABLE obtained 1 locks
2024-04-24T06:28:23,390  INFO [main] ql.Driver: Executing command(queryId=alex_20240424062823_5b6c00e1-4678-4b89-9fbb-b310accd3fad): create table nonAcidOrcTbl(a int, b int) clustered by (a) into 2 buckets stored as orc TBLPROPERTIES ('transactional'='false')
2024-04-24T06:28:23,390  INFO [main] ql.Driver: Starting task [Stage-0:DDL] in serial mode
2024-04-24T06:28:23,391  INFO [main] HiveMetaStore.audit: ugi=alex	ip=unknown-ip-addr	cmd=create_table_req: Table(tableName:nonAcidOrcTbl, dbName:default, owner:alex, createTime:1713965303, lastAccessTime:0, retention:0, sd:StorageDescriptor(cols:[FieldSchema(name:a, type:int, comment:null), FieldSchema(name:b, type:int, comment:null)], location:null, inputFormat:org.apache.hadoop.hive.ql.io.orc.OrcInputFormat, outputFormat:org.apache.hadoop.hive.ql.io.orc.OrcOutputFormat, compressed:false, numBuckets:2, serdeInfo:SerDeInfo(name:null, serializationLib:org.apache.hadoop.hive.ql.io.orc.OrcSerde, parameters:{serialization.format=1}), bucketCols:[a], sortCols:[], parameters:{}, skewedInfo:SkewedInfo(skewedColNames:[], skewedColValues:[], skewedColValueLocationMaps:{}), storedAsSubDirectories:false), partitionKeys:[], parameters:{bucketing_version=2, numFilesErasureCoded=0, totalSize=0, COLUMN_STATS_ACCURATE={"BASIC_STATS":"true","COLUMN_STATS":{"a":"true","b":"true"}}, numRows=0, transactional=false, numFiles=0, rawDataSize=0}, viewOriginalText:null, viewExpandedText:null, tableType:MANAGED_TABLE, privileges:PrincipalPrivilegeSet(userPrivileges:{alex=[PrivilegeGrantInfo(privilege:INSERT, createTime:-1, grantor:alex, grantorType:USER, grantOption:true), PrivilegeGrantInfo(privilege:SELECT, createTime:-1, grantor:alex, grantorType:USER, grantOption:true), PrivilegeGrantInfo(privilege:UPDATE, createTime:-1, grantor:alex, grantorType:USER, grantOption:true), PrivilegeGrantInfo(privilege:DELETE, createTime:-1, grantor:alex, grantorType:USER, grantOption:true)]}, groupPrivileges:null, rolePrivileges:null), temporary:false, catName:hive, ownerType:USER)	
2024-04-24T06:28:23,396  INFO [main] utils.FileUtils: Creating directory if it doesn't exist: file:/home/alex/Repositories/hive/ql/target/tmp/org.apache.hadoop.hive.ql.TestTxnCommands-1713965238357/warehouse/nonacidorctbl
2024-04-24T06:28:23,416  INFO [main] metadata.Hive: Dumping metastore api call timing information for : execution phase
2024-04-24T06:28:23,416  INFO [main] metadata.Hive: Total time spent in each metastore function (ms): {isCompatibleWith_(Configuration)=0, createTable_(Table)=24}
2024-04-24T06:28:23,416  INFO [main] ql.Driver: Completed executing command(queryId=alex_20240424062823_5b6c00e1-4678-4b89-9fbb-b310accd3fad); Time taken: 0.026 seconds
2024-04-24T06:28:23,416  INFO [main] lockmgr.DbTxnManager: Stopped heartbeat for query: alex_20240424062823_5b6c00e1-4678-4b89-9fbb-b310accd3fad
2024-04-24T06:28:23,420  INFO [main] txn.TxnHandler: Expected to move at least one record from txn_components to completed_txn_components when committing txn! txnid:9
2024-04-24T06:28:23,426  INFO [main] txn.TxnHandler: Removed transactions: ([9]) from MIN_HISTORY_LEVEL
2024-04-24T06:28:23,426  WARN [main] txn.CompactionTxnHandler: No compaction queue record found for Compaction type transaction commit. txnId:9
2024-04-24T06:28:23,427  INFO [main] ql.TxnCommandsBaseForTests: Running the query: create table nonAcidOrcTbl2(a int, b int) clustered by (a) into 2 buckets stored as orc TBLPROPERTIES ('transactional'='false')
2024-04-24T06:28:23,427  INFO [main] ql.Driver: Compiling command(queryId=alex_20240424062823_83d5f32c-ea09-4763-a322-68993ce3ed1c): create table nonAcidOrcTbl2(a int, b int) clustered by (a) into 2 buckets stored as orc TBLPROPERTIES ('transactional'='false')
2024-04-24T06:28:23,430  INFO [main] txn.TxnHandler: Added entries to MIN_HISTORY_LEVEL for current txns: ([10]) with min_open_txn: 1
2024-04-24T06:28:23,430  INFO [main] lockmgr.DbTxnManager: Opened txnid:10
2024-04-24T06:28:23,430  INFO [main] parse.CalcitePlanner: Starting caching scope for: 
2024-04-24T06:28:23,430  INFO [main] parse.CalcitePlanner: Starting Semantic Analysis
2024-04-24T06:28:23,433  INFO [main] parse.CalcitePlanner: Creating table default.nonAcidOrcTbl2 position=13
2024-04-24T06:28:23,433  INFO [main] HiveMetaStore.audit: ugi=alex	ip=unknown-ip-addr	cmd=get_database: default	
2024-04-24T06:28:23,435  INFO [main] parse.CalcitePlanner: Ending caching scope for: 
2024-04-24T06:28:23,435  INFO [main] ql.Driver: Semantic Analysis Completed (retrial = false)
2024-04-24T06:28:23,435  INFO [main] ql.Driver: Created Hive schema: Schema(fieldSchemas:null, properties:null)
2024-04-24T06:28:23,435  INFO [main] metadata.Hive: Dumping metastore api call timing information for : compilation phase
2024-04-24T06:28:23,435  INFO [main] metadata.Hive: Total time spent in each metastore function (ms): {commitTxn_(CommitTxnRequest)=11, isCompatibleWith_(Configuration)=0, flushCache_()=0, openTxn_(String, TxnType)=2, getDatabase_(String)=2, getValidTxns_(long)=0, getValidWriteIds_(List, String)=2}
2024-04-24T06:28:23,435  INFO [main] ql.Driver: Completed compiling command(queryId=alex_20240424062823_83d5f32c-ea09-4763-a322-68993ce3ed1c); Time taken: 0.008 seconds
2024-04-24T06:28:23,435  INFO [main] lockmgr.DbTxnManager: Setting lock request transaction to txnid:10 for queryId=alex_20240424062823_83d5f32c-ea09-4763-a322-68993ce3ed1c
2024-04-24T06:28:23,436  INFO [main] lockmgr.DbLockManager: Requesting lock for queryId=alex_20240424062823_83d5f32c-ea09-4763-a322-68993ce3ed1c
2024-04-24T06:28:23,451  INFO [main] lockmgr.DbLockManager: Response to queryId=alex_20240424062823_83d5f32c-ea09-4763-a322-68993ce3ed1c LockResponse(lockid:4, state:ACQUIRED)
2024-04-24T06:28:23,451  INFO [main] ql.Driver: Operation CREATETABLE obtained 1 locks
2024-04-24T06:28:23,451  INFO [main] ql.Driver: Executing command(queryId=alex_20240424062823_83d5f32c-ea09-4763-a322-68993ce3ed1c): create table nonAcidOrcTbl2(a int, b int) clustered by (a) into 2 buckets stored as orc TBLPROPERTIES ('transactional'='false')
2024-04-24T06:28:23,451  INFO [main] ql.Driver: Starting task [Stage-0:DDL] in serial mode
2024-04-24T06:28:23,452  INFO [main] HiveMetaStore.audit: ugi=alex	ip=unknown-ip-addr	cmd=create_table_req: Table(tableName:nonAcidOrcTbl2, dbName:default, owner:alex, createTime:1713965303, lastAccessTime:0, retention:0, sd:StorageDescriptor(cols:[FieldSchema(name:a, type:int, comment:null), FieldSchema(name:b, type:int, comment:null)], location:null, inputFormat:org.apache.hadoop.hive.ql.io.orc.OrcInputFormat, outputFormat:org.apache.hadoop.hive.ql.io.orc.OrcOutputFormat, compressed:false, numBuckets:2, serdeInfo:SerDeInfo(name:null, serializationLib:org.apache.hadoop.hive.ql.io.orc.OrcSerde, parameters:{serialization.format=1}), bucketCols:[a], sortCols:[], parameters:{}, skewedInfo:SkewedInfo(skewedColNames:[], skewedColValues:[], skewedColValueLocationMaps:{}), storedAsSubDirectories:false), partitionKeys:[], parameters:{totalSize=0, numFilesErasureCoded=0, COLUMN_STATS_ACCURATE={"BASIC_STATS":"true","COLUMN_STATS":{"a":"true","b":"true"}}, numFiles=0, numRows=0, bucketing_version=2, rawDataSize=0, transactional=false}, viewOriginalText:null, viewExpandedText:null, tableType:MANAGED_TABLE, privileges:PrincipalPrivilegeSet(userPrivileges:{alex=[PrivilegeGrantInfo(privilege:INSERT, createTime:-1, grantor:alex, grantorType:USER, grantOption:true), PrivilegeGrantInfo(privilege:SELECT, createTime:-1, grantor:alex, grantorType:USER, grantOption:true), PrivilegeGrantInfo(privilege:UPDATE, createTime:-1, grantor:alex, grantorType:USER, grantOption:true), PrivilegeGrantInfo(privilege:DELETE, createTime:-1, grantor:alex, grantorType:USER, grantOption:true)]}, groupPrivileges:null, rolePrivileges:null), temporary:false, catName:hive, ownerType:USER)	
2024-04-24T06:28:23,457  INFO [main] utils.FileUtils: Creating directory if it doesn't exist: file:/home/alex/Repositories/hive/ql/target/tmp/org.apache.hadoop.hive.ql.TestTxnCommands-1713965238357/warehouse/nonacidorctbl2
2024-04-24T06:28:23,472  INFO [main] metadata.Hive: Dumping metastore api call timing information for : execution phase
2024-04-24T06:28:23,472  INFO [main] metadata.Hive: Total time spent in each metastore function (ms): {createTable_(Table)=20, isCompatibleWith_(Configuration)=0}
2024-04-24T06:28:23,472  INFO [main] ql.Driver: Completed executing command(queryId=alex_20240424062823_83d5f32c-ea09-4763-a322-68993ce3ed1c); Time taken: 0.021 seconds
2024-04-24T06:28:23,472  INFO [main] lockmgr.DbTxnManager: Stopped heartbeat for query: alex_20240424062823_83d5f32c-ea09-4763-a322-68993ce3ed1c
2024-04-24T06:28:23,476  INFO [main] txn.TxnHandler: Expected to move at least one record from txn_components to completed_txn_components when committing txn! txnid:10
2024-04-24T06:28:23,483  INFO [main] txn.TxnHandler: Removed transactions: ([10]) from MIN_HISTORY_LEVEL
2024-04-24T06:28:23,483  WARN [main] txn.CompactionTxnHandler: No compaction queue record found for Compaction type transaction commit. txnId:10
2024-04-24T06:28:23,483  INFO [main] ql.TxnCommandsBaseForTests: Running the query: create temporary  table acidTbl2(a int, b int, c int) clustered by (c) into 2 buckets stored as orc TBLPROPERTIES ('transactional'='true')
2024-04-24T06:28:23,484  INFO [main] ql.Driver: Compiling command(queryId=alex_20240424062823_a39503a9-dde2-4ad6-9a37-f1b7dcce8adb): create temporary  table acidTbl2(a int, b int, c int) clustered by (c) into 2 buckets stored as orc TBLPROPERTIES ('transactional'='true')
2024-04-24T06:28:23,486  INFO [main] txn.TxnHandler: Added entries to MIN_HISTORY_LEVEL for current txns: ([11]) with min_open_txn: 1
2024-04-24T06:28:23,486  INFO [main] lockmgr.DbTxnManager: Opened txnid:11
2024-04-24T06:28:23,487  INFO [main] parse.CalcitePlanner: Starting caching scope for: 
2024-04-24T06:28:23,487  INFO [main] parse.CalcitePlanner: Starting Semantic Analysis
2024-04-24T06:28:23,489  INFO [main] parse.CalcitePlanner: Creating table default.acidTbl2 position=24
2024-04-24T06:28:23,489  INFO [main] HiveMetaStore.audit: ugi=alex	ip=unknown-ip-addr	cmd=get_database: default	
2024-04-24T06:28:23,491  INFO [main] parse.CalcitePlanner: Ending caching scope for: 
2024-04-24T06:28:23,491  INFO [main] ql.Driver: Semantic Analysis Completed (retrial = false)
2024-04-24T06:28:23,491  INFO [main] ql.Driver: Created Hive schema: Schema(fieldSchemas:null, properties:null)
2024-04-24T06:28:23,491  INFO [main] metadata.Hive: Dumping metastore api call timing information for : compilation phase
2024-04-24T06:28:23,492  INFO [main] metadata.Hive: Total time spent in each metastore function (ms): {getValidTxns_(long)=1, getValidWriteIds_(List, String)=2, flushCache_()=0, getDatabase_(String)=2, openTxn_(String, TxnType)=2, isCompatibleWith_(Configuration)=0, commitTxn_(CommitTxnRequest)=11}
2024-04-24T06:28:23,492  INFO [main] ql.Driver: Completed compiling command(queryId=alex_20240424062823_a39503a9-dde2-4ad6-9a37-f1b7dcce8adb); Time taken: 0.007 seconds
2024-04-24T06:28:23,492  INFO [main] lockmgr.DbTxnManager: Setting lock request transaction to txnid:11 for queryId=alex_20240424062823_a39503a9-dde2-4ad6-9a37-f1b7dcce8adb
2024-04-24T06:28:23,492  INFO [main] lockmgr.DbLockManager: Requesting lock for queryId=alex_20240424062823_a39503a9-dde2-4ad6-9a37-f1b7dcce8adb
2024-04-24T06:28:23,507  INFO [main] lockmgr.DbLockManager: Response to queryId=alex_20240424062823_a39503a9-dde2-4ad6-9a37-f1b7dcce8adb LockResponse(lockid:5, state:ACQUIRED)
2024-04-24T06:28:23,507  INFO [main] ql.Driver: Operation CREATETABLE obtained 1 locks
2024-04-24T06:28:23,507  INFO [main] ql.Driver: Executing command(queryId=alex_20240424062823_a39503a9-dde2-4ad6-9a37-f1b7dcce8adb): create temporary  table acidTbl2(a int, b int, c int) clustered by (c) into 2 buckets stored as orc TBLPROPERTIES ('transactional'='true')
2024-04-24T06:28:23,508  INFO [main] ql.Driver: Starting task [Stage-0:DDL] in serial mode
2024-04-24T06:28:23,509  INFO [main] utils.FileUtils: Creating directory if it doesn't exist: file:/home/alex/Repositories/hive/ql/target/tmp/scratchdir/alex/b5f1b9e9-d2a0-4b4e-9f7a-65adfadecf1a/_tmp_space.db/bb8206ca-19b6-47a4-aeaf-a84fa87baff0
2024-04-24T06:28:23,511  INFO [main] metadata.Hive: Dumping metastore api call timing information for : execution phase
2024-04-24T06:28:23,512  INFO [main] metadata.Hive: Total time spent in each metastore function (ms): {createTable_(Table)=3, isCompatibleWith_(Configuration)=0}
2024-04-24T06:28:23,512  INFO [main] ql.Driver: Completed executing command(queryId=alex_20240424062823_a39503a9-dde2-4ad6-9a37-f1b7dcce8adb); Time taken: 0.004 seconds
2024-04-24T06:28:23,512  INFO [main] lockmgr.DbTxnManager: Stopped heartbeat for query: alex_20240424062823_a39503a9-dde2-4ad6-9a37-f1b7dcce8adb
2024-04-24T06:28:23,516  INFO [main] txn.TxnHandler: Expected to move at least one record from txn_components to completed_txn_components when committing txn! txnid:11
2024-04-24T06:28:23,522  INFO [main] txn.TxnHandler: Removed transactions: ([11]) from MIN_HISTORY_LEVEL
2024-04-24T06:28:23,522  WARN [main] txn.CompactionTxnHandler: No compaction queue record found for Compaction type transaction commit. txnId:11
2024-04-24T06:28:23,523  INFO [main] ql.TxnCommandsBaseForTests: Running the query: create table nonAcidNonBucket(a int, b int) stored as orc TBLPROPERTIES ('transactional'='false')
2024-04-24T06:28:23,523  INFO [main] ql.Driver: Compiling command(queryId=alex_20240424062823_43db167f-e4d4-479d-8266-e7ea266368d1): create table nonAcidNonBucket(a int, b int) stored as orc TBLPROPERTIES ('transactional'='false')
2024-04-24T06:28:23,525  INFO [main] txn.TxnHandler: Added entries to MIN_HISTORY_LEVEL for current txns: ([12]) with min_open_txn: 1
2024-04-24T06:28:23,525  INFO [main] lockmgr.DbTxnManager: Opened txnid:12
2024-04-24T06:28:23,526  INFO [main] parse.CalcitePlanner: Starting caching scope for: 
2024-04-24T06:28:23,526  INFO [main] parse.CalcitePlanner: Starting Semantic Analysis
2024-04-24T06:28:23,528  INFO [main] parse.CalcitePlanner: Creating table default.nonAcidNonBucket position=13
2024-04-24T06:28:23,528  INFO [main] HiveMetaStore.audit: ugi=alex	ip=unknown-ip-addr	cmd=get_database: default	
2024-04-24T06:28:23,530  INFO [main] parse.CalcitePlanner: Ending caching scope for: 
2024-04-24T06:28:23,530  INFO [main] ql.Driver: Semantic Analysis Completed (retrial = false)
2024-04-24T06:28:23,530  INFO [main] ql.Driver: Created Hive schema: Schema(fieldSchemas:null, properties:null)
2024-04-24T06:28:23,530  INFO [main] metadata.Hive: Dumping metastore api call timing information for : compilation phase
2024-04-24T06:28:23,530  INFO [main] metadata.Hive: Total time spent in each metastore function (ms): {isCompatibleWith_(Configuration)=0, getValidWriteIds_(List, String)=2, commitTxn_(CommitTxnRequest)=10, getDatabase_(String)=2, getValidTxns_(long)=1, openTxn_(String, TxnType)=2, flushCache_()=0}
2024-04-24T06:28:23,530  INFO [main] ql.Driver: Completed compiling command(queryId=alex_20240424062823_43db167f-e4d4-479d-8266-e7ea266368d1); Time taken: 0.007 seconds
2024-04-24T06:28:23,531  INFO [main] lockmgr.DbTxnManager: Setting lock request transaction to txnid:12 for queryId=alex_20240424062823_43db167f-e4d4-479d-8266-e7ea266368d1
2024-04-24T06:28:23,531  INFO [main] lockmgr.DbLockManager: Requesting lock for queryId=alex_20240424062823_43db167f-e4d4-479d-8266-e7ea266368d1
2024-04-24T06:28:23,544  INFO [main] lockmgr.DbLockManager: Response to queryId=alex_20240424062823_43db167f-e4d4-479d-8266-e7ea266368d1 LockResponse(lockid:6, state:ACQUIRED)
2024-04-24T06:28:23,544  INFO [main] ql.Driver: Operation CREATETABLE obtained 1 locks
2024-04-24T06:28:23,544  INFO [main] ql.Driver: Executing command(queryId=alex_20240424062823_43db167f-e4d4-479d-8266-e7ea266368d1): create table nonAcidNonBucket(a int, b int) stored as orc TBLPROPERTIES ('transactional'='false')
2024-04-24T06:28:23,545  INFO [main] ql.Driver: Starting task [Stage-0:DDL] in serial mode
2024-04-24T06:28:23,546  INFO [main] HiveMetaStore.audit: ugi=alex	ip=unknown-ip-addr	cmd=create_table_req: Table(tableName:nonAcidNonBucket, dbName:default, owner:alex, createTime:1713965303, lastAccessTime:0, retention:0, sd:StorageDescriptor(cols:[FieldSchema(name:a, type:int, comment:null), FieldSchema(name:b, type:int, comment:null)], location:null, inputFormat:org.apache.hadoop.hive.ql.io.orc.OrcInputFormat, outputFormat:org.apache.hadoop.hive.ql.io.orc.OrcOutputFormat, compressed:false, numBuckets:-1, serdeInfo:SerDeInfo(name:null, serializationLib:org.apache.hadoop.hive.ql.io.orc.OrcSerde, parameters:{serialization.format=1}), bucketCols:[], sortCols:[], parameters:{}, skewedInfo:SkewedInfo(skewedColNames:[], skewedColValues:[], skewedColValueLocationMaps:{}), storedAsSubDirectories:false), partitionKeys:[], parameters:{rawDataSize=0, numFilesErasureCoded=0, bucketing_version=2, COLUMN_STATS_ACCURATE={"BASIC_STATS":"true","COLUMN_STATS":{"a":"true","b":"true"}}, totalSize=0, transactional=false, numRows=0, numFiles=0}, viewOriginalText:null, viewExpandedText:null, tableType:MANAGED_TABLE, privileges:PrincipalPrivilegeSet(userPrivileges:{alex=[PrivilegeGrantInfo(privilege:INSERT, createTime:-1, grantor:alex, grantorType:USER, grantOption:true), PrivilegeGrantInfo(privilege:SELECT, createTime:-1, grantor:alex, grantorType:USER, grantOption:true), PrivilegeGrantInfo(privilege:UPDATE, createTime:-1, grantor:alex, grantorType:USER, grantOption:true), PrivilegeGrantInfo(privilege:DELETE, createTime:-1, grantor:alex, grantorType:USER, grantOption:true)]}, groupPrivileges:null, rolePrivileges:null), temporary:false, catName:hive, ownerType:USER)	
2024-04-24T06:28:23,551  INFO [main] utils.FileUtils: Creating directory if it doesn't exist: file:/home/alex/Repositories/hive/ql/target/tmp/org.apache.hadoop.hive.ql.TestTxnCommands-1713965238357/warehouse/nonacidnonbucket
2024-04-24T06:28:23,563  INFO [main] metadata.Hive: Dumping metastore api call timing information for : execution phase
2024-04-24T06:28:23,564  INFO [main] metadata.Hive: Total time spent in each metastore function (ms): {isCompatibleWith_(Configuration)=0, createTable_(Table)=18}
2024-04-24T06:28:23,564  INFO [main] ql.Driver: Completed executing command(queryId=alex_20240424062823_43db167f-e4d4-479d-8266-e7ea266368d1); Time taken: 0.019 seconds
2024-04-24T06:28:23,564  INFO [main] lockmgr.DbTxnManager: Stopped heartbeat for query: alex_20240424062823_43db167f-e4d4-479d-8266-e7ea266368d1
2024-04-24T06:28:23,567  INFO [main] txn.TxnHandler: Expected to move at least one record from txn_components to completed_txn_components when committing txn! txnid:12
2024-04-24T06:28:23,573  INFO [main] txn.TxnHandler: Removed transactions: ([12]) from MIN_HISTORY_LEVEL
2024-04-24T06:28:23,573  WARN [main] txn.CompactionTxnHandler: No compaction queue record found for Compaction type transaction commit. txnId:12
2024-04-24T06:28:23,574  INFO [main] ql.TxnCommandsBaseForTests: Running the query: drop table if exists `aci/d_u/ami`
2024-04-24T06:28:23,574  INFO [main] ql.Driver: Compiling command(queryId=alex_20240424062823_e3a2942e-dc31-4f63-ae0a-c9d0b5a6f1b4): drop table if exists `aci/d_u/ami`
2024-04-24T06:28:23,576  INFO [main] txn.TxnHandler: Added entries to MIN_HISTORY_LEVEL for current txns: ([13]) with min_open_txn: 1
2024-04-24T06:28:23,576  INFO [main] lockmgr.DbTxnManager: Opened txnid:13
2024-04-24T06:28:23,577  INFO [main] HiveMetaStore.audit: ugi=alex	ip=unknown-ip-addr	cmd=get_table : tbl=hive.default.aci/d_u/ami	
2024-04-24T06:28:23,580  INFO [main] ql.Driver: Semantic Analysis Completed (retrial = false)
2024-04-24T06:28:23,580  INFO [main] ql.Driver: Created Hive schema: Schema(fieldSchemas:null, properties:null)
2024-04-24T06:28:23,580  INFO [main] metadata.Hive: Dumping metastore api call timing information for : compilation phase
2024-04-24T06:28:23,580  INFO [main] metadata.Hive: Total time spent in each metastore function (ms): {flushCache_()=0, commitTxn_(CommitTxnRequest)=10, getValidTxns_(long)=0, isCompatibleWith_(Configuration)=2, openTxn_(String, TxnType)=1}
2024-04-24T06:28:23,580  INFO [main] ql.Driver: Completed compiling command(queryId=alex_20240424062823_e3a2942e-dc31-4f63-ae0a-c9d0b5a6f1b4); Time taken: 0.006 seconds
2024-04-24T06:28:23,580  INFO [main] lockmgr.DbTxnManager: Setting lock request transaction to txnid:13 for queryId=alex_20240424062823_e3a2942e-dc31-4f63-ae0a-c9d0b5a6f1b4
2024-04-24T06:28:23,580  INFO [main] ql.Driver: Operation DROPTABLE obtained 0 locks
2024-04-24T06:28:23,580  INFO [main] ql.Driver: Executing command(queryId=alex_20240424062823_e3a2942e-dc31-4f63-ae0a-c9d0b5a6f1b4): drop table if exists `aci/d_u/ami`
2024-04-24T06:28:23,581  INFO [main] ql.Driver: Starting task [Stage-0:DDL] in serial mode
2024-04-24T06:28:23,581  INFO [main] HiveMetaStore.audit: ugi=alex	ip=unknown-ip-addr	cmd=get_table : tbl=hive.default.aci/d_u/ami	
2024-04-24T06:28:23,583  INFO [main] metadata.Hive: Dumping metastore api call timing information for : execution phase
2024-04-24T06:28:23,583  INFO [main] metadata.Hive: Total time spent in each metastore function (ms): {isCompatibleWith_(Configuration)=0}
2024-04-24T06:28:23,584  INFO [main] ql.Driver: Completed executing command(queryId=alex_20240424062823_e3a2942e-dc31-4f63-ae0a-c9d0b5a6f1b4); Time taken: 0.003 seconds
2024-04-24T06:28:23,584  INFO [main] lockmgr.DbTxnManager: Stopped heartbeat for query: alex_20240424062823_e3a2942e-dc31-4f63-ae0a-c9d0b5a6f1b4
2024-04-24T06:28:23,589  INFO [main] txn.TxnHandler: Expected to move at least one record from txn_components to completed_txn_components when committing txn! txnid:13
2024-04-24T06:28:23,595  INFO [main] txn.TxnHandler: Removed transactions: ([13]) from MIN_HISTORY_LEVEL
2024-04-24T06:28:23,595  WARN [main] txn.CompactionTxnHandler: No compaction queue record found for Compaction type transaction commit. txnId:13
2024-04-24T06:28:23,595  INFO [main] ql.TxnCommandsBaseForTests: Running the query: drop table if exists `src/name`
2024-04-24T06:28:23,596  INFO [main] ql.Driver: Compiling command(queryId=alex_20240424062823_2060fe78-f16e-4167-b291-8543762c6b89): drop table if exists `src/name`
2024-04-24T06:28:23,598  INFO [main] txn.TxnHandler: Added entries to MIN_HISTORY_LEVEL for current txns: ([14]) with min_open_txn: 1
2024-04-24T06:28:23,598  INFO [main] lockmgr.DbTxnManager: Opened txnid:14
2024-04-24T06:28:23,599  INFO [main] HiveMetaStore.audit: ugi=alex	ip=unknown-ip-addr	cmd=get_table : tbl=hive.default.src/name	
2024-04-24T06:28:23,601  INFO [main] ql.Driver: Semantic Analysis Completed (retrial = false)
2024-04-24T06:28:23,602  INFO [main] ql.Driver: Created Hive schema: Schema(fieldSchemas:null, properties:null)
2024-04-24T06:28:23,602  INFO [main] metadata.Hive: Dumping metastore api call timing information for : compilation phase
2024-04-24T06:28:23,602  INFO [main] metadata.Hive: Total time spent in each metastore function (ms): {getValidTxns_(long)=1, flushCache_()=0, commitTxn_(CommitTxnRequest)=11, openTxn_(String, TxnType)=2, isCompatibleWith_(Configuration)=0}
2024-04-24T06:28:23,602  INFO [main] ql.Driver: Completed compiling command(queryId=alex_20240424062823_2060fe78-f16e-4167-b291-8543762c6b89); Time taken: 0.006 seconds
2024-04-24T06:28:23,602  INFO [main] lockmgr.DbTxnManager: Setting lock request transaction to txnid:14 for queryId=alex_20240424062823_2060fe78-f16e-4167-b291-8543762c6b89
2024-04-24T06:28:23,602  INFO [main] ql.Driver: Operation DROPTABLE obtained 0 locks
2024-04-24T06:28:23,602  INFO [main] ql.Driver: Executing command(queryId=alex_20240424062823_2060fe78-f16e-4167-b291-8543762c6b89): drop table if exists `src/name`
2024-04-24T06:28:23,602  INFO [main] ql.Driver: Starting task [Stage-0:DDL] in serial mode
2024-04-24T06:28:23,603  INFO [main] HiveMetaStore.audit: ugi=alex	ip=unknown-ip-addr	cmd=get_table : tbl=hive.default.src/name	
2024-04-24T06:28:23,605  INFO [main] metadata.Hive: Dumping metastore api call timing information for : execution phase
2024-04-24T06:28:23,605  INFO [main] metadata.Hive: Total time spent in each metastore function (ms): {isCompatibleWith_(Configuration)=0}
2024-04-24T06:28:23,605  INFO [main] ql.Driver: Completed executing command(queryId=alex_20240424062823_2060fe78-f16e-4167-b291-8543762c6b89); Time taken: 0.003 seconds
2024-04-24T06:28:23,605  INFO [main] lockmgr.DbTxnManager: Stopped heartbeat for query: alex_20240424062823_2060fe78-f16e-4167-b291-8543762c6b89
2024-04-24T06:28:23,611  INFO [main] txn.TxnHandler: Expected to move at least one record from txn_components to completed_txn_components when committing txn! txnid:14
2024-04-24T06:28:23,617  INFO [main] txn.TxnHandler: Removed transactions: ([14]) from MIN_HISTORY_LEVEL
2024-04-24T06:28:23,617  WARN [main] txn.CompactionTxnHandler: No compaction queue record found for Compaction type transaction commit. txnId:14
2024-04-24T06:28:23,618  INFO [main] ql.TxnCommandsBaseForTests: Running the query: create table `aci/d_u/ami`(i int,`d?*de e` decimal(5,2),vc varchar(128)) clustered by (i) into 2 buckets stored as orc TBLPROPERTIES ('transactional'='true')
2024-04-24T06:28:23,618  INFO [main] ql.Driver: Compiling command(queryId=alex_20240424062823_783ffffd-629e-4523-b63c-7454b4384ef3): create table `aci/d_u/ami`(i int,`d?*de e` decimal(5,2),vc varchar(128)) clustered by (i) into 2 buckets stored as orc TBLPROPERTIES ('transactional'='true')
2024-04-24T06:28:23,621  INFO [main] txn.TxnHandler: Added entries to MIN_HISTORY_LEVEL for current txns: ([15]) with min_open_txn: 1
2024-04-24T06:28:23,621  INFO [main] lockmgr.DbTxnManager: Opened txnid:15
2024-04-24T06:28:23,622  INFO [main] parse.CalcitePlanner: Starting caching scope for: 
2024-04-24T06:28:23,622  INFO [main] parse.CalcitePlanner: Starting Semantic Analysis
2024-04-24T06:28:23,627  INFO [main] parse.CalcitePlanner: Creating table default.aci/d_u/ami position=13
2024-04-24T06:28:23,627  INFO [main] HiveMetaStore.audit: ugi=alex	ip=unknown-ip-addr	cmd=get_database: default	
2024-04-24T06:28:23,629  INFO [main] parse.CalcitePlanner: Ending caching scope for: 
2024-04-24T06:28:23,629  INFO [main] ql.Driver: Semantic Analysis Completed (retrial = false)
2024-04-24T06:28:23,629  INFO [main] ql.Driver: Created Hive schema: Schema(fieldSchemas:null, properties:null)
2024-04-24T06:28:23,629  INFO [main] metadata.Hive: Dumping metastore api call timing information for : compilation phase
2024-04-24T06:28:23,629  INFO [main] metadata.Hive: Total time spent in each metastore function (ms): {getValidWriteIds_(List, String)=5, getValidTxns_(long)=1, flushCache_()=0, getDatabase_(String)=2, openTxn_(String, TxnType)=2, isCompatibleWith_(Configuration)=0, commitTxn_(CommitTxnRequest)=13}
2024-04-24T06:28:23,629  INFO [main] ql.Driver: Completed compiling command(queryId=alex_20240424062823_783ffffd-629e-4523-b63c-7454b4384ef3); Time taken: 0.011 seconds
2024-04-24T06:28:23,630  INFO [main] lockmgr.DbTxnManager: Setting lock request transaction to txnid:15 for queryId=alex_20240424062823_783ffffd-629e-4523-b63c-7454b4384ef3
2024-04-24T06:28:23,630  INFO [main] lockmgr.DbLockManager: Requesting lock for queryId=alex_20240424062823_783ffffd-629e-4523-b63c-7454b4384ef3
2024-04-24T06:28:23,647  INFO [main] lockmgr.DbLockManager: Response to queryId=alex_20240424062823_783ffffd-629e-4523-b63c-7454b4384ef3 LockResponse(lockid:7, state:ACQUIRED)
2024-04-24T06:28:23,647  INFO [main] ql.Driver: Operation CREATETABLE obtained 1 locks
2024-04-24T06:28:23,648  INFO [main] ql.Driver: Executing command(queryId=alex_20240424062823_783ffffd-629e-4523-b63c-7454b4384ef3): create table `aci/d_u/ami`(i int,`d?*de e` decimal(5,2),vc varchar(128)) clustered by (i) into 2 buckets stored as orc TBLPROPERTIES ('transactional'='true')
2024-04-24T06:28:23,648  INFO [main] ql.Driver: Starting task [Stage-0:DDL] in serial mode
2024-04-24T06:28:23,649  INFO [main] HiveMetaStore.audit: ugi=alex	ip=unknown-ip-addr	cmd=create_table_req: Table(tableName:aci/d_u/ami, dbName:default, owner:alex, createTime:1713965303, lastAccessTime:0, retention:0, sd:StorageDescriptor(cols:[FieldSchema(name:i, type:int, comment:null), FieldSchema(name:d?*de e, type:decimal(5,2), comment:null), FieldSchema(name:vc, type:varchar(128), comment:null)], location:null, inputFormat:org.apache.hadoop.hive.ql.io.orc.OrcInputFormat, outputFormat:org.apache.hadoop.hive.ql.io.orc.OrcOutputFormat, compressed:false, numBuckets:2, serdeInfo:SerDeInfo(name:null, serializationLib:org.apache.hadoop.hive.ql.io.orc.OrcSerde, parameters:{serialization.format=1}), bucketCols:[i], sortCols:[], parameters:{}, skewedInfo:SkewedInfo(skewedColNames:[], skewedColValues:[], skewedColValueLocationMaps:{}), storedAsSubDirectories:false), partitionKeys:[], parameters:{numRows=0, numFiles=0, bucketing_version=2, rawDataSize=0, transactional=true, COLUMN_STATS_ACCURATE={"BASIC_STATS":"true","COLUMN_STATS":{"d?*de e":"true","i":"true","vc":"true"}}, numFilesErasureCoded=0, totalSize=0}, viewOriginalText:null, viewExpandedText:null, tableType:MANAGED_TABLE, privileges:PrincipalPrivilegeSet(userPrivileges:{alex=[PrivilegeGrantInfo(privilege:INSERT, createTime:-1, grantor:alex, grantorType:USER, grantOption:true), PrivilegeGrantInfo(privilege:SELECT, createTime:-1, grantor:alex, grantorType:USER, grantOption:true), PrivilegeGrantInfo(privilege:UPDATE, createTime:-1, grantor:alex, grantorType:USER, grantOption:true), PrivilegeGrantInfo(privilege:DELETE, createTime:-1, grantor:alex, grantorType:USER, grantOption:true)]}, groupPrivileges:null, rolePrivileges:null), temporary:false, catName:hive, ownerType:USER, writeId:0)	
2024-04-24T06:28:23,654  INFO [main] utils.FileUtils: Creating directory if it doesn't exist: file:/home/alex/Repositories/hive/ql/target/tmp/org.apache.hadoop.hive.ql.TestTxnCommands-1713965238357/warehouse/aci-47-d_u-47-ami
2024-04-24T06:28:23,683  INFO [main] metadata.Hive: Dumping metastore api call timing information for : execution phase
2024-04-24T06:28:23,683  INFO [main] metadata.Hive: Total time spent in each metastore function (ms): {createTable_(Table)=33, isCompatibleWith_(Configuration)=0}
2024-04-24T06:28:23,683  INFO [main] ql.Driver: Completed executing command(queryId=alex_20240424062823_783ffffd-629e-4523-b63c-7454b4384ef3); Time taken: 0.035 seconds
2024-04-24T06:28:23,683  INFO [main] lockmgr.DbTxnManager: Stopped heartbeat for query: alex_20240424062823_783ffffd-629e-4523-b63c-7454b4384ef3
2024-04-24T06:28:23,687  INFO [main] txn.TxnHandler: Expected to move at least one record from txn_components to completed_txn_components when committing txn! txnid:15
2024-04-24T06:28:23,692  INFO [main] txn.TxnHandler: Removed transactions: ([15]) from MIN_HISTORY_LEVEL
2024-04-24T06:28:23,692  WARN [main] txn.CompactionTxnHandler: No compaction queue record found for Compaction type transaction commit. txnId:15
2024-04-24T06:28:23,693  INFO [main] ql.TxnCommandsBaseForTests: Running the query: create table `src/name`(gh int, j decimal(5,2), k varchar(128))
2024-04-24T06:28:23,693  INFO [main] ql.Driver: Compiling command(queryId=alex_20240424062823_42062fe8-5ec5-4ff3-8893-d970ce4f94c4): create table `src/name`(gh int, j decimal(5,2), k varchar(128))
2024-04-24T06:28:23,696  INFO [main] txn.TxnHandler: Added entries to MIN_HISTORY_LEVEL for current txns: ([16]) with min_open_txn: 1
2024-04-24T06:28:23,696  INFO [main] lockmgr.DbTxnManager: Opened txnid:16
2024-04-24T06:28:23,697  INFO [main] parse.CalcitePlanner: Starting caching scope for: 
2024-04-24T06:28:23,697  INFO [main] parse.CalcitePlanner: Starting Semantic Analysis
2024-04-24T06:28:23,699  INFO [main] parse.CalcitePlanner: Creating table default.src/name position=13
2024-04-24T06:28:23,700  INFO [main] HiveMetaStore.audit: ugi=alex	ip=unknown-ip-addr	cmd=get_database: default	
2024-04-24T06:28:23,701  INFO [main] parse.CalcitePlanner: Ending caching scope for: 
2024-04-24T06:28:23,701  INFO [main] ql.Driver: Semantic Analysis Completed (retrial = false)
2024-04-24T06:28:23,701  INFO [main] ql.Driver: Created Hive schema: Schema(fieldSchemas:null, properties:null)
2024-04-24T06:28:23,701  INFO [main] metadata.Hive: Dumping metastore api call timing information for : compilation phase
2024-04-24T06:28:23,701  INFO [main] metadata.Hive: Total time spent in each metastore function (ms): {commitTxn_(CommitTxnRequest)=10, isCompatibleWith_(Configuration)=0, getValidWriteIds_(List, String)=2, getDatabase_(String)=1, getValidTxns_(long)=0, openTxn_(String, TxnType)=2, flushCache_()=1}
2024-04-24T06:28:23,701  INFO [main] ql.Driver: Completed compiling command(queryId=alex_20240424062823_42062fe8-5ec5-4ff3-8893-d970ce4f94c4); Time taken: 0.008 seconds
2024-04-24T06:28:23,702  INFO [main] lockmgr.DbTxnManager: Setting lock request transaction to txnid:16 for queryId=alex_20240424062823_42062fe8-5ec5-4ff3-8893-d970ce4f94c4
2024-04-24T06:28:23,702  INFO [main] lockmgr.DbLockManager: Requesting lock for queryId=alex_20240424062823_42062fe8-5ec5-4ff3-8893-d970ce4f94c4
2024-04-24T06:28:23,715  INFO [main] lockmgr.DbLockManager: Response to queryId=alex_20240424062823_42062fe8-5ec5-4ff3-8893-d970ce4f94c4 LockResponse(lockid:8, state:ACQUIRED)
2024-04-24T06:28:23,715  INFO [main] ql.Driver: Operation CREATETABLE obtained 1 locks
2024-04-24T06:28:23,715  INFO [main] ql.Driver: Executing command(queryId=alex_20240424062823_42062fe8-5ec5-4ff3-8893-d970ce4f94c4): create table `src/name`(gh int, j decimal(5,2), k varchar(128))
2024-04-24T06:28:23,715  INFO [main] ql.Driver: Starting task [Stage-0:DDL] in serial mode
2024-04-24T06:28:23,716  INFO [main] HiveMetaStore.audit: ugi=alex	ip=unknown-ip-addr	cmd=create_table_req: Table(tableName:src/name, dbName:default, owner:alex, createTime:1713965303, lastAccessTime:0, retention:0, sd:StorageDescriptor(cols:[FieldSchema(name:gh, type:int, comment:null), FieldSchema(name:j, type:decimal(5,2), comment:null), FieldSchema(name:k, type:varchar(128), comment:null)], location:null, inputFormat:org.apache.hadoop.mapred.TextInputFormat, outputFormat:org.apache.hadoop.hive.ql.io.HiveIgnoreKeyTextOutputFormat, compressed:false, numBuckets:-1, serdeInfo:SerDeInfo(name:null, serializationLib:org.apache.hadoop.hive.serde2.lazy.LazySimpleSerDe, parameters:{serialization.format=1}), bucketCols:[], sortCols:[], parameters:{}, skewedInfo:SkewedInfo(skewedColNames:[], skewedColValues:[], skewedColValueLocationMaps:{}), storedAsSubDirectories:false), partitionKeys:[], parameters:{numFiles=0, bucketing_version=2, rawDataSize=0, COLUMN_STATS_ACCURATE={"BASIC_STATS":"true","COLUMN_STATS":{"gh":"true","j":"true","k":"true"}}, numFilesErasureCoded=0, totalSize=0, numRows=0}, viewOriginalText:null, viewExpandedText:null, tableType:MANAGED_TABLE, privileges:PrincipalPrivilegeSet(userPrivileges:{alex=[PrivilegeGrantInfo(privilege:INSERT, createTime:-1, grantor:alex, grantorType:USER, grantOption:true), PrivilegeGrantInfo(privilege:SELECT, createTime:-1, grantor:alex, grantorType:USER, grantOption:true), PrivilegeGrantInfo(privilege:UPDATE, createTime:-1, grantor:alex, grantorType:USER, grantOption:true), PrivilegeGrantInfo(privilege:DELETE, createTime:-1, grantor:alex, grantorType:USER, grantOption:true)]}, groupPrivileges:null, rolePrivileges:null), temporary:false, catName:hive, ownerType:USER)	
2024-04-24T06:28:23,721  INFO [main] utils.FileUtils: Creating directory if it doesn't exist: file:/home/alex/Repositories/hive/ql/target/tmp/org.apache.hadoop.hive.ql.TestTxnCommands-1713965238357/warehouse/src-47-name
2024-04-24T06:28:23,735  INFO [main] metadata.Hive: Dumping metastore api call timing information for : execution phase
2024-04-24T06:28:23,735  INFO [main] metadata.Hive: Total time spent in each metastore function (ms): {createTable_(Table)=19, isCompatibleWith_(Configuration)=0}
2024-04-24T06:28:23,735  INFO [main] ql.Driver: Completed executing command(queryId=alex_20240424062823_42062fe8-5ec5-4ff3-8893-d970ce4f94c4); Time taken: 0.02 seconds
2024-04-24T06:28:23,735  INFO [main] lockmgr.DbTxnManager: Stopped heartbeat for query: alex_20240424062823_42062fe8-5ec5-4ff3-8893-d970ce4f94c4
2024-04-24T06:28:23,739  INFO [main] txn.TxnHandler: Expected to move at least one record from txn_components to completed_txn_components when committing txn! txnid:16
2024-04-24T06:28:23,744  INFO [main] txn.TxnHandler: Removed transactions: ([16]) from MIN_HISTORY_LEVEL
2024-04-24T06:28:23,745  WARN [main] txn.CompactionTxnHandler: No compaction queue record found for Compaction type transaction commit. txnId:16
2024-04-24T06:28:23,745  INFO [main] ql.TxnCommandsBaseForTests: Running the query: merge into `aci/d_u/ami` as `d/8` using `src/name` as `a/b` on i=gh 
when matched and i > 5 then delete 
when matched then update set vc='blah' 
when not matched then insert values(1,2.1,'baz')
2024-04-24T06:28:23,745  INFO [main] ql.Driver: Compiling command(queryId=alex_20240424062823_2db9601a-df0c-428e-a479-360fe9a9e96b): merge into `aci/d_u/ami` as `d/8` using `src/name` as `a/b` on i=gh 
when matched and i > 5 then delete 
when matched then update set vc='blah' 
when not matched then insert values(1,2.1,'baz')
2024-04-24T06:28:23,749  INFO [main] txn.TxnHandler: Added entries to MIN_HISTORY_LEVEL for current txns: ([17]) with min_open_txn: 1
2024-04-24T06:28:23,749  INFO [main] lockmgr.DbTxnManager: Opened txnid:17
2024-04-24T06:28:23,749  INFO [main] parse.MergeSemanticAnalyzer: Starting caching scope for: 
2024-04-24T06:28:23,750  INFO [main] HiveMetaStore.audit: ugi=alex	ip=unknown-ip-addr	cmd=get_table : tbl=hive.default.aci/d_u/ami	
2024-04-24T06:28:23,767  INFO [main] metastore.HMSHandler: Skipping translation for processor with null
2024-04-24T06:28:23,768  INFO [main] HiveMetaStore.audit: ugi=alex	ip=unknown-ip-addr	cmd=get_table : tbl=hive.default.merge_tmp_table	
2024-04-24T06:28:23,771  INFO [main] utils.FileUtils: Creating directory if it doesn't exist: file:/home/alex/Repositories/hive/ql/target/tmp/scratchdir/alex/b5f1b9e9-d2a0-4b4e-9f7a-65adfadecf1a/_tmp_space.db/merge_tmp_table
2024-04-24T06:28:23,773  INFO [main] parse.RewriteSemanticAnalyzer: Going to reparse <merge into `aci/d_u/ami` as `d/8` using `src/name` as `a/b` on i=gh 
when matched and i > 5 then delete 
when matched then update set vc='blah' 
when not matched then insert values(1,2.1,'baz')> as 
<FROM
  `default`.`aci/d_u/ami` `d/8`
  RIGHT OUTER JOIN
  `default`.`src/name` `a/b`
  ON `i`=`gh`
INSERT INTO `default`.`aci/d_u/ami`    -- delete clause
 SELECT `d/8`.ROW__ID 
   WHERE `i`=`gh` AND `i` > 5
 SORT BY `d/8`.ROW__ID 
INSERT INTO `default`.`aci/d_u/ami`    -- update clause(insert part)
 SELECT `d/8`.`i`, `d/8`.`d?*de e`, 'blah'
   WHERE `i`=`gh` AND NOT(`i` > 5)
INSERT INTO `default`.`aci/d_u/ami`    -- update clause (delete part)
 SELECT `d/8`.ROW__ID 
   WHERE `i`=`gh` AND NOT(`i` > 5)
 SORT BY `d/8`.ROW__ID 
INSERT INTO `default`.`aci/d_u/ami`    -- insert clause
  SELECT 1,2.1,'baz'
   WHERE `d/8`.`i` IS NULL
INSERT INTO merge_tmp_table
  SELECT cardinality_violation(`d/8`.ROW__ID)
 WHERE `i`=`gh` GROUP BY `d/8`.ROW__ID HAVING count(*) > 1>
2024-04-24T06:28:23,775  INFO [main] parse.MergeSemanticAnalyzer: Starting Semantic Analysis
2024-04-24T06:28:23,779  INFO [main] parse.MergeSemanticAnalyzer: Completed phase 1 of Semantic Analysis
2024-04-24T06:28:23,779  INFO [main] parse.MergeSemanticAnalyzer: Get metadata for source tables
2024-04-24T06:28:23,779  INFO [main] HiveMetaStore.audit: ugi=alex	ip=unknown-ip-addr	cmd=get_table : tbl=hive.default.aci/d_u/ami	
2024-04-24T06:28:23,786  INFO [main] metastore.HMSHandler: Skipping translation for processor with null
2024-04-24T06:28:23,786  INFO [main] HiveMetaStore.audit: ugi=alex	ip=unknown-ip-addr	cmd=get_table : tbl=hive.default.src/name	
2024-04-24T06:28:23,809  INFO [main] metastore.HMSHandler: Skipping translation for processor with null
2024-04-24T06:28:23,809  INFO [main] parse.MergeSemanticAnalyzer: Get metadata for subqueries
2024-04-24T06:28:23,810  INFO [main] parse.MergeSemanticAnalyzer: Get metadata for destination tables
2024-04-24T06:28:23,810  INFO [main] HiveMetaStore.audit: ugi=alex	ip=unknown-ip-addr	cmd=get_table : tbl=hive.default.aci/d_u/ami	
2024-04-24T06:28:23,816  INFO [main] metastore.HMSHandler: Skipping translation for processor with null
2024-04-24T06:28:23,817  INFO [main] HiveMetaStore.audit: ugi=alex	ip=unknown-ip-addr	cmd=get_table : tbl=hive.default.aci/d_u/ami	
2024-04-24T06:28:23,823  INFO [main] metastore.HMSHandler: Skipping translation for processor with null
2024-04-24T06:28:23,823  INFO [main] HiveMetaStore.audit: ugi=alex	ip=unknown-ip-addr	cmd=get_table : tbl=hive.default.aci/d_u/ami	
2024-04-24T06:28:23,829  INFO [main] metastore.HMSHandler: Skipping translation for processor with null
2024-04-24T06:28:23,829  INFO [main] HiveMetaStore.audit: ugi=alex	ip=unknown-ip-addr	cmd=get_table : tbl=hive.default.aci/d_u/ami	
2024-04-24T06:28:23,835  INFO [main] metastore.HMSHandler: Skipping translation for processor with null
2024-04-24T06:28:23,835  INFO [main] parse.MergeSemanticAnalyzer: Completed getting MetaData in Semantic Analysis
2024-04-24T06:28:23,835  INFO [main] parse.MergeSemanticAnalyzer: Disabling LLAP IO encode as ETL query is detected
2024-04-24T06:28:23,836  INFO [main] parse.MergeSemanticAnalyzer: Get metadata for source tables
2024-04-24T06:28:23,836  INFO [main] parse.MergeSemanticAnalyzer: Get metadata for subqueries
2024-04-24T06:28:23,836  INFO [main] parse.MergeSemanticAnalyzer: Get metadata for destination tables
2024-04-24T06:28:23,849  INFO [main] HiveMetaStore.audit: ugi=alex	ip=unknown-ip-addr	cmd=get_all_table_constraints : tbl=hive.default.aci/d_u/ami	
2024-04-24T06:28:23,879  INFO [main] HiveMetaStore.audit: ugi=alex	ip=unknown-ip-addr	cmd=get_all_table_constraints : tbl=hive.default.src/name	
2024-04-24T06:28:23,912  INFO [main] calcite.RelOptHiveTable: Calculating column statistics for default.aci/d_u/ami, projIndxSet: [0, 1], allowMissingStats: true
2024-04-24T06:28:23,913  INFO [main] HiveMetaStore.audit: ugi=alex	ip=unknown-ip-addr	cmd=get_table : tbl=hive.default.aci/d_u/ami	
2024-04-24T06:28:23,922  INFO [main] metastore.HMSHandler: Skipping translation for processor with null
2024-04-24T06:28:23,923  INFO [main] HiveMetaStore.audit: ugi=alex	ip=unknown-ip-addr	cmd=get_table : tbl=hive.default.aci/d_u/ami	
2024-04-24T06:28:23,931  INFO [main] metastore.HMSHandler: Skipping translation for processor with null
2024-04-24T06:28:23,931  INFO [main] HiveMetaStore.audit: ugi=alex	ip=unknown-ip-addr	cmd=get_table_statistics_req: table=hive.default.aci/d_u/ami	
2024-04-24T06:28:23,942  WARN [main] calcite.RelOptHiveTable: No Stats for default@aci/d_u/ami, Columns: i, d?*de e
No Stats for default@aci/d_u/ami, Columns: i, d?*de e
2024-04-24T06:28:23,942  INFO [main] SessionState: No Stats for default@aci/d_u/ami, Columns: i, d?*de e
2024-04-24T06:28:23,943  INFO [main] calcite.RelOptHiveTable: Calculating column statistics for default.src/name, projIndxSet: [0], allowMissingStats: true
2024-04-24T06:28:23,944  INFO [main] HiveMetaStore.audit: ugi=alex	ip=unknown-ip-addr	cmd=get_table : tbl=hive.default.src/name	
2024-04-24T06:28:23,955  INFO [main] metastore.HMSHandler: Skipping translation for processor with null
2024-04-24T06:28:23,955  INFO [main] HiveMetaStore.audit: ugi=alex	ip=unknown-ip-addr	cmd=get_table : tbl=hive.default.src/name	
2024-04-24T06:28:23,966  INFO [main] metastore.HMSHandler: Skipping translation for processor with null
2024-04-24T06:28:23,966  INFO [main] HiveMetaStore.audit: ugi=alex	ip=unknown-ip-addr	cmd=get_table_statistics_req: table=hive.default.src/name	
2024-04-24T06:28:23,978  WARN [main] calcite.RelOptHiveTable: No Stats for default@src/name, Columns: gh
No Stats for default@src/name, Columns: gh
2024-04-24T06:28:23,978  INFO [main] SessionState: No Stats for default@src/name, Columns: gh
2024-04-24T06:28:24,012  INFO [Metastore Scheduled Worker 1] metastore.HMSHandler: 2: Opening raw store with implementation class:org.apache.hadoop.hive.metastore.ObjectStore
2024-04-24T06:28:24,012  INFO [Metastore Scheduled Worker 1] metastore.ObjectStore: RawStore: org.apache.hadoop.hive.metastore.ObjectStore@1983e90d, with PersistenceManager: null will be shutdown
2024-04-24T06:28:24,012  INFO [Metastore Scheduled Worker 1] metastore.ObjectStore: RawStore: org.apache.hadoop.hive.metastore.ObjectStore@1983e90d, with PersistenceManager: org.datanucleus.api.jdo.JDOPersistenceManager@6f612d19 created in the thread with id: 45
2024-04-24T06:28:24,035  INFO [Metastore Scheduled Worker 1] metastore.HMSHandler: Created RawStore: org.apache.hadoop.hive.metastore.ObjectStore@1983e90d from thread id: 45
2024-04-24T06:28:24,184  INFO [main] parse.MergeSemanticAnalyzer: Get metadata for source tables
2024-04-24T06:28:24,184  INFO [main] parse.MergeSemanticAnalyzer: Get metadata for subqueries
2024-04-24T06:28:24,184  INFO [main] parse.MergeSemanticAnalyzer: Get metadata for source tables
2024-04-24T06:28:24,184  INFO [main] parse.MergeSemanticAnalyzer: Get metadata for subqueries
2024-04-24T06:28:24,184  INFO [main] parse.MergeSemanticAnalyzer: Get metadata for source tables
2024-04-24T06:28:24,184  INFO [main] parse.MergeSemanticAnalyzer: Get metadata for subqueries
2024-04-24T06:28:24,184  INFO [main] parse.MergeSemanticAnalyzer: Get metadata for destination tables
2024-04-24T06:28:24,184  INFO [main] parse.MergeSemanticAnalyzer: Get metadata for source tables
2024-04-24T06:28:24,185  INFO [main] parse.MergeSemanticAnalyzer: Get metadata for subqueries
2024-04-24T06:28:24,185  INFO [main] parse.MergeSemanticAnalyzer: Get metadata for destination tables
2024-04-24T06:28:24,185  INFO [main] parse.MergeSemanticAnalyzer: Get metadata for destination tables
2024-04-24T06:28:24,185  INFO [main] parse.MergeSemanticAnalyzer: Get metadata for destination tables
2024-04-24T06:28:24,185  INFO [main] HiveMetaStore.audit: ugi=alex	ip=unknown-ip-addr	cmd=get_table : tbl=hive.default.aci/d_u/ami	
2024-04-24T06:28:24,196  INFO [main] metastore.HMSHandler: Skipping translation for processor with null
2024-04-24T06:28:24,196  INFO [main] HiveMetaStore.audit: ugi=alex	ip=unknown-ip-addr	cmd=get_table : tbl=hive.default.aci/d_u/ami	
2024-04-24T06:28:24,203  INFO [main] metastore.HMSHandler: Skipping translation for processor with null
2024-04-24T06:28:24,203  INFO [main] HiveMetaStore.audit: ugi=alex	ip=unknown-ip-addr	cmd=get_table : tbl=hive.default.aci/d_u/ami	
2024-04-24T06:28:24,213  INFO [main] metastore.HMSHandler: Skipping translation for processor with null
2024-04-24T06:28:24,213  INFO [main] HiveMetaStore.audit: ugi=alex	ip=unknown-ip-addr	cmd=get_table : tbl=hive.default.aci/d_u/ami	
2024-04-24T06:28:24,220  INFO [main] metastore.HMSHandler: Skipping translation for processor with null
2024-04-24T06:28:24,226 ERROR [main] parse.MergeSemanticAnalyzer: CBO failed, skipping CBO. 
org.apache.hadoop.hive.ql.exec.NoMatchingMethodException: No matching method for class org.apache.hadoop.hive.ql.udf.UDFToInteger with (struct<writeid:bigint,bucketid:int,rowid:bigint>). Possible choices: _FUNC_(bigint)  _FUNC_(boolean)  _FUNC_(decimal(38,18))  _FUNC_(double)  _FUNC_(float)  _FUNC_(smallint)  _FUNC_(string)  _FUNC_(struct<writeid:int,bucketid:bigint,rowid:bigint>)  _FUNC_(timestamp)  _FUNC_(tinyint)  _FUNC_(void)  
	at org.apache.hadoop.hive.ql.exec.MethodUtils.getMethodInternal(MethodUtils.java:130) ~[classes/:?]
	at org.apache.hadoop.hive.ql.exec.MethodUtils.getMethodInternal(MethodUtils.java:60) ~[classes/:?]
	at org.apache.hadoop.hive.ql.exec.DefaultUDFMethodResolver.getEvalMethod(DefaultUDFMethodResolver.java:59) ~[classes/:?]
	at org.apache.hadoop.hive.ql.udf.TimestampCastRestrictorResolver.getEvalMethod(TimestampCastRestrictorResolver.java:68) ~[classes/:?]
	at org.apache.hadoop.hive.ql.udf.generic.GenericUDFBridge.initialize(GenericUDFBridge.java:168) ~[classes/:?]
	at org.apache.hadoop.hive.ql.udf.generic.GenericUDF.initializeAndFoldConstants(GenericUDF.java:149) ~[classes/:?]
	at org.apache.hadoop.hive.ql.plan.ExprNodeGenericFuncDesc.newInstance(ExprNodeGenericFuncDesc.java:235) ~[classes/:?]
	at org.apache.hadoop.hive.ql.parse.type.ExprNodeDescExprFactory.createFuncCallExpr(ExprNodeDescExprFactory.java:584) ~[classes/:?]
	at org.apache.hadoop.hive.ql.parse.type.ExprNodeDescExprFactory.createFuncCallExpr(ExprNodeDescExprFactory.java:97) ~[classes/:?]
	at org.apache.hadoop.hive.ql.parse.type.TypeCheckProcFactory$DefaultExprProcessor.getFuncExprNodeDescWithUdfData(TypeCheckProcFactory.java:762) ~[classes/:?]
	at org.apache.hadoop.hive.ql.parse.type.TypeCheckProcFactory$DefaultExprProcessor.createConversionCast(TypeCheckProcFactory.java:783) ~[classes/:?]
	at org.apache.hadoop.hive.ql.parse.SemanticAnalyzer.getPartitionColsFromBucketColsForUpdateDelete(SemanticAnalyzer.java:8725) ~[classes/:?]
	at org.apache.hadoop.hive.ql.parse.SemanticAnalyzer.genBucketingSortingDest(SemanticAnalyzer.java:6906) ~[classes/:?]
	at org.apache.hadoop.hive.ql.parse.SemanticAnalyzer.genFileSinkPlan(SemanticAnalyzer.java:7335) ~[classes/:?]
	at org.apache.hadoop.hive.ql.parse.SemanticAnalyzer.genPostGroupByBodyPlan(SemanticAnalyzer.java:11063) ~[classes/:?]
	at org.apache.hadoop.hive.ql.parse.SemanticAnalyzer.genBodyPlan(SemanticAnalyzer.java:10938) ~[classes/:?]
	at org.apache.hadoop.hive.ql.parse.SemanticAnalyzer.genPlan(SemanticAnalyzer.java:11853) ~[classes/:?]
	at org.apache.hadoop.hive.ql.parse.SemanticAnalyzer.genPlan(SemanticAnalyzer.java:11723) ~[classes/:?]
	at org.apache.hadoop.hive.ql.parse.CalcitePlanner.genOPTree(CalcitePlanner.java:626) ~[classes/:?]
	at org.apache.hadoop.hive.ql.parse.SemanticAnalyzer.analyzeInternal(SemanticAnalyzer.java:12558) ~[classes/:?]
	at org.apache.hadoop.hive.ql.parse.CalcitePlanner.analyzeInternal(CalcitePlanner.java:456) ~[classes/:?]
	at org.apache.hadoop.hive.ql.parse.RewriteSemanticAnalyzer.analyzeInternal(RewriteSemanticAnalyzer.java:67) ~[classes/:?]
	at org.apache.hadoop.hive.ql.parse.BaseSemanticAnalyzer.analyze(BaseSemanticAnalyzer.java:317) ~[classes/:?]
	at org.apache.hadoop.hive.ql.parse.MergeSemanticAnalyzer.analyzeMerge(MergeSemanticAnalyzer.java:317) ~[classes/:?]
	at org.apache.hadoop.hive.ql.parse.MergeSemanticAnalyzer.analyze(MergeSemanticAnalyzer.java:63) ~[classes/:?]
	at org.apache.hadoop.hive.ql.parse.RewriteSemanticAnalyzer.analyzeInternal(RewriteSemanticAnalyzer.java:72) ~[classes/:?]
	at org.apache.hadoop.hive.ql.parse.BaseSemanticAnalyzer.analyze(BaseSemanticAnalyzer.java:317) ~[classes/:?]
	at org.apache.hadoop.hive.ql.Compiler.analyze(Compiler.java:223) ~[classes/:?]
	at org.apache.hadoop.hive.ql.Compiler.compile(Compiler.java:105) ~[classes/:?]
	at org.apache.hadoop.hive.ql.Driver.compile(Driver.java:500) ~[classes/:?]
	at org.apache.hadoop.hive.ql.Driver.compileInternal(Driver.java:453) ~[classes/:?]
	at org.apache.hadoop.hive.ql.Driver.runInternal(Driver.java:181) ~[classes/:?]
	at org.apache.hadoop.hive.ql.Driver.run(Driver.java:153) ~[classes/:?]
	at org.apache.hadoop.hive.ql.Driver.run(Driver.java:140) ~[classes/:?]
	at org.apache.hadoop.hive.ql.TxnCommandsBaseForTests.runStatementOnDriver(TxnCommandsBaseForTests.java:245) ~[test-classes/:?]
	at org.apache.hadoop.hive.ql.TestTxnCommands.testQuotedIdentifier(TestTxnCommands.java:1070) ~[test-classes/:?]
	at sun.reflect.NativeMethodAccessorImpl.invoke0(Native Method) ~[?:1.8.0_402]
	at sun.reflect.NativeMethodAccessorImpl.invoke(NativeMethodAccessorImpl.java:62) ~[?:1.8.0_402]
	at sun.reflect.DelegatingMethodAccessorImpl.invoke(DelegatingMethodAccessorImpl.java:43) ~[?:1.8.0_402]
	at java.lang.reflect.Method.invoke(Method.java:498) ~[?:1.8.0_402]
	at org.junit.runners.model.FrameworkMethod$1.runReflectiveCall(FrameworkMethod.java:59) ~[junit-4.13.jar:4.13]
	at org.junit.internal.runners.model.ReflectiveCallable.run(ReflectiveCallable.java:12) ~[junit-4.13.jar:4.13]
	at org.junit.runners.model.FrameworkMethod.invokeExplosively(FrameworkMethod.java:56) ~[junit-4.13.jar:4.13]
	at org.junit.internal.runners.statements.InvokeMethod.evaluate(InvokeMethod.java:17) ~[junit-4.13.jar:4.13]
	at org.junit.internal.runners.statements.RunBefores.evaluate(RunBefores.java:26) ~[junit-4.13.jar:4.13]
	at org.junit.internal.runners.statements.RunAfters.evaluate(RunAfters.java:27) ~[junit-4.13.jar:4.13]
	at org.junit.rules.TestWatcher$1.evaluate(TestWatcher.java:61) ~[junit-4.13.jar:4.13]
	at org.junit.runners.ParentRunner$3.evaluate(ParentRunner.java:306) ~[junit-4.13.jar:4.13]
	at org.junit.runners.BlockJUnit4ClassRunner$1.evaluate(BlockJUnit4ClassRunner.java:100) ~[junit-4.13.jar:4.13]
	at org.junit.runners.ParentRunner.runLeaf(ParentRunner.java:366) ~[junit-4.13.jar:4.13]
	at org.junit.runners.BlockJUnit4ClassRunner.runChild(BlockJUnit4ClassRunner.java:103) ~[junit-4.13.jar:4.13]
	at org.junit.runners.BlockJUnit4ClassRunner.runChild(BlockJUnit4ClassRunner.java:63) ~[junit-4.13.jar:4.13]
	at org.junit.runners.ParentRunner$4.run(ParentRunner.java:331) ~[junit-4.13.jar:4.13]
	at org.junit.runners.ParentRunner$1.schedule(ParentRunner.java:79) ~[junit-4.13.jar:4.13]
	at org.junit.runners.ParentRunner.runChildren(ParentRunner.java:329) ~[junit-4.13.jar:4.13]
	at org.junit.runners.ParentRunner.access$100(ParentRunner.java:66) ~[junit-4.13.jar:4.13]
	at org.junit.runners.ParentRunner$2.evaluate(ParentRunner.java:293) ~[junit-4.13.jar:4.13]
	at org.junit.runners.ParentRunner$3.evaluate(ParentRunner.java:306) ~[junit-4.13.jar:4.13]
	at org.junit.runners.ParentRunner.run(ParentRunner.java:413) ~[junit-4.13.jar:4.13]
	at org.junit.runner.JUnitCore.run(JUnitCore.java:137) ~[junit-4.13.jar:4.13]
	at org.junit.runner.JUnitCore.run(JUnitCore.java:115) ~[junit-4.13.jar:4.13]
	at org.junit.vintage.engine.execution.RunnerExecutor.execute(RunnerExecutor.java:43) ~[junit-vintage-engine-5.6.2.jar:5.6.2]
	at java.util.stream.ForEachOps$ForEachOp$OfRef.accept(ForEachOps.java:183) ~[?:1.8.0_402]
	at java.util.stream.ReferencePipeline$3$1.accept(ReferencePipeline.java:193) ~[?:1.8.0_402]
	at java.util.Iterator.forEachRemaining(Iterator.java:116) ~[?:1.8.0_402]
	at java.util.Spliterators$IteratorSpliterator.forEachRemaining(Spliterators.java:1801) ~[?:1.8.0_402]
	at java.util.stream.AbstractPipeline.copyInto(AbstractPipeline.java:482) ~[?:1.8.0_402]
	at java.util.stream.AbstractPipeline.wrapAndCopyInto(AbstractPipeline.java:472) ~[?:1.8.0_402]
	at java.util.stream.ForEachOps$ForEachOp.evaluateSequential(ForEachOps.java:150) ~[?:1.8.0_402]
	at java.util.stream.ForEachOps$ForEachOp$OfRef.evaluateSequential(ForEachOps.java:173) ~[?:1.8.0_402]
	at java.util.stream.AbstractPipeline.evaluate(AbstractPipeline.java:234) ~[?:1.8.0_402]
	at java.util.stream.ReferencePipeline.forEach(ReferencePipeline.java:485) ~[?:1.8.0_402]
	at org.junit.vintage.engine.VintageTestEngine.executeAllChildren(VintageTestEngine.java:82) ~[junit-vintage-engine-5.6.2.jar:5.6.2]
	at org.junit.vintage.engine.VintageTestEngine.execute(VintageTestEngine.java:73) ~[junit-vintage-engine-5.6.2.jar:5.6.2]
	at org.junit.platform.launcher.core.DefaultLauncher.execute(DefaultLauncher.java:248) ~[junit-platform-launcher-1.6.2.jar:1.6.2]
	at org.junit.platform.launcher.core.DefaultLauncher.lambda$execute$5(DefaultLauncher.java:211) ~[junit-platform-launcher-1.6.2.jar:1.6.2]
	at org.junit.platform.launcher.core.DefaultLauncher.withInterceptedStreams(DefaultLauncher.java:226) [junit-platform-launcher-1.6.2.jar:1.6.2]
	at org.junit.platform.launcher.core.DefaultLauncher.execute(DefaultLauncher.java:199) [junit-platform-launcher-1.6.2.jar:1.6.2]
	at org.junit.platform.launcher.core.DefaultLauncher.execute(DefaultLauncher.java:132) [junit-platform-launcher-1.6.2.jar:1.6.2]
	at org.apache.maven.surefire.junitplatform.JUnitPlatformProvider.invokeAllTests(JUnitPlatformProvider.java:154) [surefire-junit-platform-3.0.0-M4.jar:3.0.0-M4]
	at org.apache.maven.surefire.junitplatform.JUnitPlatformProvider.invoke(JUnitPlatformProvider.java:123) [surefire-junit-platform-3.0.0-M4.jar:3.0.0-M4]
	at org.apache.maven.surefire.booter.ForkedBooter.runSuitesInProcess(ForkedBooter.java:377) [surefire-booter-3.0.0-M4.jar:3.0.0-M4]
	at org.apache.maven.surefire.booter.ForkedBooter.execute(ForkedBooter.java:138) [surefire-booter-3.0.0-M4.jar:3.0.0-M4]
	at org.apache.maven.surefire.booter.ForkedBooter.run(ForkedBooter.java:465) [surefire-booter-3.0.0-M4.jar:3.0.0-M4]
	at org.apache.maven.surefire.booter.ForkedBooter.main(ForkedBooter.java:451) [surefire-booter-3.0.0-M4.jar:3.0.0-M4]
2024-04-24T06:28:24,227 ERROR [main] parse.MergeSemanticAnalyzer: CBO failed due to missing column stats (see previous errors), skipping CBO
2024-04-24T06:28:24,227  INFO [main] parse.MergeSemanticAnalyzer: Ending caching scope for: 
FAILED: NoMatchingMethodException No matching method for class org.apache.hadoop.hive.ql.udf.UDFToInteger with (struct<writeid:bigint,bucketid:int,rowid:bigint>). Possible choices: _FUNC_(bigint)  _FUNC_(boolean)  _FUNC_(decimal(38,18))  _FUNC_(double)  _FUNC_(float)  _FUNC_(smallint)  _FUNC_(string)  _FUNC_(struct<writeid:int,bucketid:bigint,rowid:bigint>)  _FUNC_(timestamp)  _FUNC_(tinyint)  _FUNC_(void)  
2024-04-24T06:28:24,227 ERROR [main] ql.Driver: FAILED: NoMatchingMethodException No matching method for class org.apache.hadoop.hive.ql.udf.UDFToInteger with (struct<writeid:bigint,bucketid:int,rowid:bigint>). Possible choices: _FUNC_(bigint)  _FUNC_(boolean)  _FUNC_(decimal(38,18))  _FUNC_(double)  _FUNC_(float)  _FUNC_(smallint)  _FUNC_(string)  _FUNC_(struct<writeid:int,bucketid:bigint,rowid:bigint>)  _FUNC_(timestamp)  _FUNC_(tinyint)  _FUNC_(void)  
org.apache.hadoop.hive.ql.exec.NoMatchingMethodException: No matching method for class org.apache.hadoop.hive.ql.udf.UDFToInteger with (struct<writeid:bigint,bucketid:int,rowid:bigint>). Possible choices: _FUNC_(bigint)  _FUNC_(boolean)  _FUNC_(decimal(38,18))  _FUNC_(double)  _FUNC_(float)  _FUNC_(smallint)  _FUNC_(string)  _FUNC_(struct<writeid:int,bucketid:bigint,rowid:bigint>)  _FUNC_(timestamp)  _FUNC_(tinyint)  _FUNC_(void)  
	at org.apache.hadoop.hive.ql.exec.MethodUtils.getMethodInternal(MethodUtils.java:130)
	at org.apache.hadoop.hive.ql.exec.MethodUtils.getMethodInternal(MethodUtils.java:60)
	at org.apache.hadoop.hive.ql.exec.DefaultUDFMethodResolver.getEvalMethod(DefaultUDFMethodResolver.java:59)
	at org.apache.hadoop.hive.ql.udf.TimestampCastRestrictorResolver.getEvalMethod(TimestampCastRestrictorResolver.java:68)
	at org.apache.hadoop.hive.ql.udf.generic.GenericUDFBridge.initialize(GenericUDFBridge.java:168)
	at org.apache.hadoop.hive.ql.udf.generic.GenericUDF.initializeAndFoldConstants(GenericUDF.java:149)
	at org.apache.hadoop.hive.ql.plan.ExprNodeGenericFuncDesc.newInstance(ExprNodeGenericFuncDesc.java:235)
	at org.apache.hadoop.hive.ql.parse.type.ExprNodeDescExprFactory.createFuncCallExpr(ExprNodeDescExprFactory.java:584)
	at org.apache.hadoop.hive.ql.parse.type.ExprNodeDescExprFactory.createFuncCallExpr(ExprNodeDescExprFactory.java:97)
	at org.apache.hadoop.hive.ql.parse.type.TypeCheckProcFactory$DefaultExprProcessor.getFuncExprNodeDescWithUdfData(TypeCheckProcFactory.java:762)
	at org.apache.hadoop.hive.ql.parse.type.TypeCheckProcFactory$DefaultExprProcessor.createConversionCast(TypeCheckProcFactory.java:783)
	at org.apache.hadoop.hive.ql.parse.SemanticAnalyzer.getPartitionColsFromBucketColsForUpdateDelete(SemanticAnalyzer.java:8725)
	at org.apache.hadoop.hive.ql.parse.SemanticAnalyzer.genBucketingSortingDest(SemanticAnalyzer.java:6906)
	at org.apache.hadoop.hive.ql.parse.SemanticAnalyzer.genFileSinkPlan(SemanticAnalyzer.java:7335)
	at org.apache.hadoop.hive.ql.parse.SemanticAnalyzer.genPostGroupByBodyPlan(SemanticAnalyzer.java:11063)
	at org.apache.hadoop.hive.ql.parse.SemanticAnalyzer.genBodyPlan(SemanticAnalyzer.java:10938)
	at org.apache.hadoop.hive.ql.parse.SemanticAnalyzer.genPlan(SemanticAnalyzer.java:11853)
	at org.apache.hadoop.hive.ql.parse.SemanticAnalyzer.genPlan(SemanticAnalyzer.java:11723)
	at org.apache.hadoop.hive.ql.parse.CalcitePlanner.genOPTree(CalcitePlanner.java:626)
	at org.apache.hadoop.hive.ql.parse.SemanticAnalyzer.analyzeInternal(SemanticAnalyzer.java:12558)
	at org.apache.hadoop.hive.ql.parse.CalcitePlanner.analyzeInternal(CalcitePlanner.java:456)
	at org.apache.hadoop.hive.ql.parse.RewriteSemanticAnalyzer.analyzeInternal(RewriteSemanticAnalyzer.java:67)
	at org.apache.hadoop.hive.ql.parse.BaseSemanticAnalyzer.analyze(BaseSemanticAnalyzer.java:317)
	at org.apache.hadoop.hive.ql.parse.MergeSemanticAnalyzer.analyzeMerge(MergeSemanticAnalyzer.java:317)
	at org.apache.hadoop.hive.ql.parse.MergeSemanticAnalyzer.analyze(MergeSemanticAnalyzer.java:63)
	at org.apache.hadoop.hive.ql.parse.RewriteSemanticAnalyzer.analyzeInternal(RewriteSemanticAnalyzer.java:72)
	at org.apache.hadoop.hive.ql.parse.BaseSemanticAnalyzer.analyze(BaseSemanticAnalyzer.java:317)
	at org.apache.hadoop.hive.ql.Compiler.analyze(Compiler.java:223)
	at org.apache.hadoop.hive.ql.Compiler.compile(Compiler.java:105)
	at org.apache.hadoop.hive.ql.Driver.compile(Driver.java:500)
	at org.apache.hadoop.hive.ql.Driver.compileInternal(Driver.java:453)
	at org.apache.hadoop.hive.ql.Driver.runInternal(Driver.java:181)
	at org.apache.hadoop.hive.ql.Driver.run(Driver.java:153)
	at org.apache.hadoop.hive.ql.Driver.run(Driver.java:140)
	at org.apache.hadoop.hive.ql.TxnCommandsBaseForTests.runStatementOnDriver(TxnCommandsBaseForTests.java:245)
	at org.apache.hadoop.hive.ql.TestTxnCommands.testQuotedIdentifier(TestTxnCommands.java:1070)
	at sun.reflect.NativeMethodAccessorImpl.invoke0(Native Method)
	at sun.reflect.NativeMethodAccessorImpl.invoke(NativeMethodAccessorImpl.java:62)
	at sun.reflect.DelegatingMethodAccessorImpl.invoke(DelegatingMethodAccessorImpl.java:43)
	at java.lang.reflect.Method.invoke(Method.java:498)
	at org.junit.runners.model.FrameworkMethod$1.runReflectiveCall(FrameworkMethod.java:59)
	at org.junit.internal.runners.model.ReflectiveCallable.run(ReflectiveCallable.java:12)
	at org.junit.runners.model.FrameworkMethod.invokeExplosively(FrameworkMethod.java:56)
	at org.junit.internal.runners.statements.InvokeMethod.evaluate(InvokeMethod.java:17)
	at org.junit.internal.runners.statements.RunBefores.evaluate(RunBefores.java:26)
	at org.junit.internal.runners.statements.RunAfters.evaluate(RunAfters.java:27)
	at org.junit.rules.TestWatcher$1.evaluate(TestWatcher.java:61)
	at org.junit.runners.ParentRunner$3.evaluate(ParentRunner.java:306)
	at org.junit.runners.BlockJUnit4ClassRunner$1.evaluate(BlockJUnit4ClassRunner.java:100)
	at org.junit.runners.ParentRunner.runLeaf(ParentRunner.java:366)
	at org.junit.runners.BlockJUnit4ClassRunner.runChild(BlockJUnit4ClassRunner.java:103)
	at org.junit.runners.BlockJUnit4ClassRunner.runChild(BlockJUnit4ClassRunner.java:63)
	at org.junit.runners.ParentRunner$4.run(ParentRunner.java:331)
	at org.junit.runners.ParentRunner$1.schedule(ParentRunner.java:79)
	at org.junit.runners.ParentRunner.runChildren(ParentRunner.java:329)
	at org.junit.runners.ParentRunner.access$100(ParentRunner.java:66)
	at org.junit.runners.ParentRunner$2.evaluate(ParentRunner.java:293)
	at org.junit.runners.ParentRunner$3.evaluate(ParentRunner.java:306)
	at org.junit.runners.ParentRunner.run(ParentRunner.java:413)
	at org.junit.runner.JUnitCore.run(JUnitCore.java:137)
	at org.junit.runner.JUnitCore.run(JUnitCore.java:115)
	at org.junit.vintage.engine.execution.RunnerExecutor.execute(RunnerExecutor.java:43)
	at java.util.stream.ForEachOps$ForEachOp$OfRef.accept(ForEachOps.java:183)
	at java.util.stream.ReferencePipeline$3$1.accept(ReferencePipeline.java:193)
	at java.util.Iterator.forEachRemaining(Iterator.java:116)
	at java.util.Spliterators$IteratorSpliterator.forEachRemaining(Spliterators.java:1801)
	at java.util.stream.AbstractPipeline.copyInto(AbstractPipeline.java:482)
	at java.util.stream.AbstractPipeline.wrapAndCopyInto(AbstractPipeline.java:472)
	at java.util.stream.ForEachOps$ForEachOp.evaluateSequential(ForEachOps.java:150)
	at java.util.stream.ForEachOps$ForEachOp$OfRef.evaluateSequential(ForEachOps.java:173)
	at java.util.stream.AbstractPipeline.evaluate(AbstractPipeline.java:234)
	at java.util.stream.ReferencePipeline.forEach(ReferencePipeline.java:485)
	at org.junit.vintage.engine.VintageTestEngine.executeAllChildren(VintageTestEngine.java:82)
	at org.junit.vintage.engine.VintageTestEngine.execute(VintageTestEngine.java:73)
	at org.junit.platform.launcher.core.DefaultLauncher.execute(DefaultLauncher.java:248)
	at org.junit.platform.launcher.core.DefaultLauncher.lambda$execute$5(DefaultLauncher.java:211)
	at org.junit.platform.launcher.core.DefaultLauncher.withInterceptedStreams(DefaultLauncher.java:226)
	at org.junit.platform.launcher.core.DefaultLauncher.execute(DefaultLauncher.java:199)
	at org.junit.platform.launcher.core.DefaultLauncher.execute(DefaultLauncher.java:132)
	at org.apache.maven.surefire.junitplatform.JUnitPlatformProvider.invokeAllTests(JUnitPlatformProvider.java:154)
	at org.apache.maven.surefire.junitplatform.JUnitPlatformProvider.invoke(JUnitPlatformProvider.java:123)
	at org.apache.maven.surefire.booter.ForkedBooter.runSuitesInProcess(ForkedBooter.java:377)
	at org.apache.maven.surefire.booter.ForkedBooter.execute(ForkedBooter.java:138)
	at org.apache.maven.surefire.booter.ForkedBooter.run(ForkedBooter.java:465)
	at org.apache.maven.surefire.booter.ForkedBooter.main(ForkedBooter.java:451)

2024-04-24T06:28:24,228  INFO [main] metadata.Hive: Dumping metastore api call timing information for : compilation phase
2024-04-24T06:28:24,228  INFO [main] metadata.Hive: Total time spent in each metastore function (ms): {createTable_(Table)=2, commitTxn_(CommitTxnRequest)=10, openTxn_(String, TxnType)=2, getValidTxns_(long)=0, getTable_(GetTableRequest)=107, flushCache_()=0, getTableColumnStatistics_(String, String, List, String)=64, getValidWriteIds_(List, String)=3, getAllTableConstraints_(AllTableConstraintsRequest)=34, isCompatibleWith_(Configuration)=1}
2024-04-24T06:28:24,228  INFO [main] ql.Driver: Completed compiling command(queryId=alex_20240424062823_2db9601a-df0c-428e-a479-360fe9a9e96b); Time taken: 0.483 seconds
2024-04-24T06:28:24,228  INFO [main] lockmgr.DbTxnManager: Stopped heartbeat for query: null
2024-04-24T06:28:24,233  INFO [main] txn.TxnHandler: Removed transactions: ([17]) from MIN_HISTORY_LEVEL
2024-04-24T06:28:24,241  INFO [main] ql.TxnCommandsBaseForTests: Running the query: drop table if exists acidTbl
2024-04-24T06:28:24,241  INFO [main] ql.Context: Deleting scratch dir: file:/home/alex/Repositories/hive/ql/target/tmp/localscratchdir/b5f1b9e9-d2a0-4b4e-9f7a-65adfadecf1a/hive_2024-04-24_06-28-23_773_3263855292994289715-1
2024-04-24T06:28:24,241  INFO [main] ql.Driver: Compiling command(queryId=alex_20240424062824_41999aca-042a-4fe3-a703-475a7a68ad66): drop table if exists acidTbl
2024-04-24T06:28:24,244  INFO [main] txn.TxnHandler: Added entries to MIN_HISTORY_LEVEL for current txns: ([18]) with min_open_txn: 8
2024-04-24T06:28:24,245  INFO [main] lockmgr.DbTxnManager: Opened txnid:18
2024-04-24T06:28:24,246  INFO [main] HiveMetaStore.audit: ugi=alex	ip=unknown-ip-addr	cmd=get_table : tbl=hive.default.acidTbl	
2024-04-24T06:28:24,253  INFO [main] metastore.HMSHandler: Skipping translation for processor with null
2024-04-24T06:28:24,253  INFO [main] ql.Driver: Semantic Analysis Completed (retrial = false)
2024-04-24T06:28:24,253  INFO [main] ql.Driver: Created Hive schema: Schema(fieldSchemas:null, properties:null)
2024-04-24T06:28:24,253  INFO [main] metadata.Hive: Dumping metastore api call timing information for : compilation phase
2024-04-24T06:28:24,253  INFO [main] metadata.Hive: Total time spent in each metastore function (ms): {getTable_(GetTableRequest)=8, openTxn_(String, TxnType)=3, flushCache_()=0, getValidTxns_(long)=0, rollbackTxn_(long)=13, isCompatibleWith_(Configuration)=0}
2024-04-24T06:28:24,253  INFO [main] ql.Driver: Completed compiling command(queryId=alex_20240424062824_41999aca-042a-4fe3-a703-475a7a68ad66); Time taken: 0.012 seconds
2024-04-24T06:28:24,253  INFO [main] lockmgr.DbTxnManager: Setting lock request transaction to txnid:18 for queryId=alex_20240424062824_41999aca-042a-4fe3-a703-475a7a68ad66
2024-04-24T06:28:24,254  INFO [main] lockmgr.DbLockManager: Requesting lock for queryId=alex_20240424062824_41999aca-042a-4fe3-a703-475a7a68ad66
2024-04-24T06:28:24,271  INFO [main] lockmgr.DbLockManager: Response to queryId=alex_20240424062824_41999aca-042a-4fe3-a703-475a7a68ad66 LockResponse(lockid:9, state:ACQUIRED)
2024-04-24T06:28:24,271  INFO [main] ql.Driver: Operation DROPTABLE obtained 1 locks
2024-04-24T06:28:24,271  INFO [main] ql.Driver: Executing command(queryId=alex_20240424062824_41999aca-042a-4fe3-a703-475a7a68ad66): drop table if exists acidTbl
2024-04-24T06:28:24,271  INFO [main] ql.Driver: Starting task [Stage-0:DDL] in serial mode
2024-04-24T06:28:24,271  INFO [main] HiveMetaStore.audit: ugi=alex	ip=unknown-ip-addr	cmd=get_table : tbl=hive.default.acidTbl	
2024-04-24T06:28:24,279  INFO [main] metastore.HMSHandler: Skipping translation for processor with null
2024-04-24T06:28:24,279  INFO [main] HiveMetaStore.audit: ugi=alex	ip=unknown-ip-addr	cmd=get_table : tbl=hive.default.acidTbl	
2024-04-24T06:28:24,286  INFO [main] metastore.HMSHandler: Skipping translation for processor with null
2024-04-24T06:28:24,286  INFO [main] HiveMetaStore.audit: ugi=alex	ip=unknown-ip-addr	cmd=drop_table : tbl=hive.default.acidTbl	
2024-04-24T06:28:24,402  INFO [main] metadata.Hive: Dumping metastore api call timing information for : execution phase
2024-04-24T06:28:24,403  INFO [main] metadata.Hive: Total time spent in each metastore function (ms): {getTable_(GetTableRequest)=8, isCompatibleWith_(Configuration)=0, dropTable_(String, String, boolean, boolean, boolean)=123}
2024-04-24T06:28:24,403  INFO [main] ql.Driver: Completed executing command(queryId=alex_20240424062824_41999aca-042a-4fe3-a703-475a7a68ad66); Time taken: 0.131 seconds
2024-04-24T06:28:24,403  INFO [main] lockmgr.DbTxnManager: Stopped heartbeat for query: alex_20240424062824_41999aca-042a-4fe3-a703-475a7a68ad66
2024-04-24T06:28:24,407  INFO [main] txn.TxnHandler: Expected to move at least one record from txn_components to completed_txn_components when committing txn! txnid:18
2024-04-24T06:28:24,415  INFO [main] txn.TxnHandler: Removed transactions: ([18]) from MIN_HISTORY_LEVEL
2024-04-24T06:28:24,417  WARN [main] txn.CompactionTxnHandler: No compaction queue record found for Compaction type transaction commit. txnId:18
2024-04-24T06:28:24,417  INFO [main] ql.TxnCommandsBaseForTests: Running the query: drop table if exists acidTblPart
2024-04-24T06:28:24,418  INFO [main] ql.Driver: Compiling command(queryId=alex_20240424062824_a0ed7489-7bb3-4879-a1ba-997b15611911): drop table if exists acidTblPart
2024-04-24T06:28:24,420  INFO [main] txn.TxnHandler: Added entries to MIN_HISTORY_LEVEL for current txns: ([19]) with min_open_txn: 10
2024-04-24T06:28:24,421  INFO [main] lockmgr.DbTxnManager: Opened txnid:19
2024-04-24T06:28:24,422  INFO [main] HiveMetaStore.audit: ugi=alex	ip=unknown-ip-addr	cmd=get_table : tbl=hive.default.acidTblPart	
2024-04-24T06:28:24,431  INFO [main] metastore.HMSHandler: Skipping translation for processor with null
2024-04-24T06:28:24,432  INFO [main] ql.Driver: Semantic Analysis Completed (retrial = false)
2024-04-24T06:28:24,432  INFO [main] ql.Driver: Created Hive schema: Schema(fieldSchemas:null, properties:null)
2024-04-24T06:28:24,432  INFO [main] metadata.Hive: Dumping metastore api call timing information for : compilation phase
2024-04-24T06:28:24,432  INFO [main] metadata.Hive: Total time spent in each metastore function (ms): {isCompatibleWith_(Configuration)=0, openTxn_(String, TxnType)=3, getTable_(GetTableRequest)=10, getValidTxns_(long)=0, flushCache_()=0, commitTxn_(CommitTxnRequest)=14}
2024-04-24T06:28:24,432  INFO [main] ql.Driver: Completed compiling command(queryId=alex_20240424062824_a0ed7489-7bb3-4879-a1ba-997b15611911); Time taken: 0.014 seconds
2024-04-24T06:28:24,432  INFO [main] lockmgr.DbTxnManager: Setting lock request transaction to txnid:19 for queryId=alex_20240424062824_a0ed7489-7bb3-4879-a1ba-997b15611911
2024-04-24T06:28:24,433  INFO [main] lockmgr.DbLockManager: Requesting lock for queryId=alex_20240424062824_a0ed7489-7bb3-4879-a1ba-997b15611911
2024-04-24T06:28:24,449  INFO [main] lockmgr.DbLockManager: Response to queryId=alex_20240424062824_a0ed7489-7bb3-4879-a1ba-997b15611911 LockResponse(lockid:10, state:ACQUIRED)
2024-04-24T06:28:24,449  INFO [main] ql.Driver: Operation DROPTABLE obtained 1 locks
2024-04-24T06:28:24,449  INFO [main] ql.Driver: Executing command(queryId=alex_20240424062824_a0ed7489-7bb3-4879-a1ba-997b15611911): drop table if exists acidTblPart
2024-04-24T06:28:24,449  INFO [main] ql.Driver: Starting task [Stage-0:DDL] in serial mode
2024-04-24T06:28:24,450  INFO [main] HiveMetaStore.audit: ugi=alex	ip=unknown-ip-addr	cmd=get_table : tbl=hive.default.acidTblPart	
2024-04-24T06:28:24,457  INFO [main] metastore.HMSHandler: Skipping translation for processor with null
2024-04-24T06:28:24,457  INFO [main] HiveMetaStore.audit: ugi=alex	ip=unknown-ip-addr	cmd=get_table : tbl=hive.default.acidTblPart	
2024-04-24T06:28:24,464  INFO [main] metastore.HMSHandler: Skipping translation for processor with null
2024-04-24T06:28:24,464  INFO [main] HiveMetaStore.audit: ugi=alex	ip=unknown-ip-addr	cmd=drop_table : tbl=hive.default.acidTblPart	
2024-04-24T06:28:24,509  INFO [main] metadata.Hive: Dumping metastore api call timing information for : execution phase
2024-04-24T06:28:24,509  INFO [main] metadata.Hive: Total time spent in each metastore function (ms): {dropTable_(String, String, boolean, boolean, boolean)=52, getTable_(GetTableRequest)=7, isCompatibleWith_(Configuration)=0}
2024-04-24T06:28:24,510  INFO [main] ql.Driver: Completed executing command(queryId=alex_20240424062824_a0ed7489-7bb3-4879-a1ba-997b15611911); Time taken: 0.06 seconds
2024-04-24T06:28:24,510  INFO [main] lockmgr.DbTxnManager: Stopped heartbeat for query: alex_20240424062824_a0ed7489-7bb3-4879-a1ba-997b15611911
2024-04-24T06:28:24,514  INFO [main] txn.TxnHandler: Expected to move at least one record from txn_components to completed_txn_components when committing txn! txnid:19
2024-04-24T06:28:24,521  INFO [main] txn.TxnHandler: Removed transactions: ([19]) from MIN_HISTORY_LEVEL
2024-04-24T06:28:24,521  WARN [main] txn.CompactionTxnHandler: No compaction queue record found for Compaction type transaction commit. txnId:19
2024-04-24T06:28:24,522  INFO [main] ql.TxnCommandsBaseForTests: Running the query: drop table if exists acidTbl2
2024-04-24T06:28:24,522  INFO [main] ql.Driver: Compiling command(queryId=alex_20240424062824_03574d53-2b0d-4ed6-926c-64a1bbb633fd): drop table if exists acidTbl2
2024-04-24T06:28:24,524  INFO [main] txn.TxnHandler: Added entries to MIN_HISTORY_LEVEL for current txns: ([20]) with min_open_txn: 12
2024-04-24T06:28:24,525  INFO [main] lockmgr.DbTxnManager: Opened txnid:20
2024-04-24T06:28:24,525  INFO [main] ql.Driver: Semantic Analysis Completed (retrial = false)
2024-04-24T06:28:24,525  INFO [main] ql.Driver: Created Hive schema: Schema(fieldSchemas:null, properties:null)
2024-04-24T06:28:24,525  INFO [main] metadata.Hive: Dumping metastore api call timing information for : compilation phase
2024-04-24T06:28:24,525  INFO [main] metadata.Hive: Total time spent in each metastore function (ms): {isCompatibleWith_(Configuration)=0, getValidTxns_(long)=0, openTxn_(String, TxnType)=3, getTable_(GetTableRequest)=0, commitTxn_(CommitTxnRequest)=11, flushCache_()=0}
2024-04-24T06:28:24,526  INFO [main] ql.Driver: Completed compiling command(queryId=alex_20240424062824_03574d53-2b0d-4ed6-926c-64a1bbb633fd); Time taken: 0.003 seconds
2024-04-24T06:28:24,526  INFO [main] lockmgr.DbTxnManager: Setting lock request transaction to txnid:20 for queryId=alex_20240424062824_03574d53-2b0d-4ed6-926c-64a1bbb633fd
2024-04-24T06:28:24,526  INFO [main] ql.Driver: Operation DROPTABLE obtained 0 locks
2024-04-24T06:28:24,526  INFO [main] ql.Driver: Executing command(queryId=alex_20240424062824_03574d53-2b0d-4ed6-926c-64a1bbb633fd): drop table if exists acidTbl2
2024-04-24T06:28:24,526  INFO [main] ql.Driver: Starting task [Stage-0:DDL] in serial mode
2024-04-24T06:28:24,526  INFO [main] metadata.SessionHiveMetaStoreClient: Column stats doesn't exist for db=default temp table=acidTbl2
2024-04-24T06:28:24,527  INFO [main] metadata.Hive: Dumping metastore api call timing information for : execution phase
2024-04-24T06:28:24,527  INFO [main] metadata.Hive: Total time spent in each metastore function (ms): {dropTable_(String, String, boolean, boolean, boolean)=1, getTable_(GetTableRequest)=0, isCompatibleWith_(Configuration)=0}
2024-04-24T06:28:24,527  INFO [main] ql.Driver: Completed executing command(queryId=alex_20240424062824_03574d53-2b0d-4ed6-926c-64a1bbb633fd); Time taken: 0.001 seconds
2024-04-24T06:28:24,527  INFO [main] lockmgr.DbTxnManager: Stopped heartbeat for query: alex_20240424062824_03574d53-2b0d-4ed6-926c-64a1bbb633fd
2024-04-24T06:28:24,533  INFO [main] txn.TxnHandler: Expected to move at least one record from txn_components to completed_txn_components when committing txn! txnid:20
2024-04-24T06:28:24,540  INFO [main] txn.TxnHandler: Removed transactions: ([20]) from MIN_HISTORY_LEVEL
2024-04-24T06:28:24,540  WARN [main] txn.CompactionTxnHandler: No compaction queue record found for Compaction type transaction commit. txnId:20
2024-04-24T06:28:24,541  INFO [main] ql.TxnCommandsBaseForTests: Running the query: drop table if exists nonAcidOrcTbl
2024-04-24T06:28:24,541  INFO [main] ql.Driver: Compiling command(queryId=alex_20240424062824_21310f0b-fb98-4a53-87e3-82b6e233290a): drop table if exists nonAcidOrcTbl
2024-04-24T06:28:24,543  INFO [main] txn.TxnHandler: Added entries to MIN_HISTORY_LEVEL for current txns: ([21]) with min_open_txn: 13
2024-04-24T06:28:24,543  INFO [main] lockmgr.DbTxnManager: Opened txnid:21
2024-04-24T06:28:24,544  INFO [main] HiveMetaStore.audit: ugi=alex	ip=unknown-ip-addr	cmd=get_table : tbl=hive.default.nonAcidOrcTbl	
2024-04-24T06:28:24,571  INFO [main] metastore.HMSHandler: Skipping translation for processor with null
2024-04-24T06:28:24,571  INFO [main] ql.Driver: Semantic Analysis Completed (retrial = false)
2024-04-24T06:28:24,571  INFO [main] ql.Driver: Created Hive schema: Schema(fieldSchemas:null, properties:null)
2024-04-24T06:28:24,571  INFO [main] metadata.Hive: Dumping metastore api call timing information for : compilation phase
2024-04-24T06:28:24,571  INFO [main] metadata.Hive: Total time spent in each metastore function (ms): {openTxn_(String, TxnType)=2, flushCache_()=0, getTable_(GetTableRequest)=27, isCompatibleWith_(Configuration)=0, commitTxn_(CommitTxnRequest)=13, getValidTxns_(long)=1}
2024-04-24T06:28:24,571  INFO [main] ql.Driver: Completed compiling command(queryId=alex_20240424062824_21310f0b-fb98-4a53-87e3-82b6e233290a); Time taken: 0.03 seconds
2024-04-24T06:28:24,571  INFO [main] lockmgr.DbTxnManager: Setting lock request transaction to txnid:21 for queryId=alex_20240424062824_21310f0b-fb98-4a53-87e3-82b6e233290a
2024-04-24T06:28:24,572  INFO [main] lockmgr.DbLockManager: Requesting lock for queryId=alex_20240424062824_21310f0b-fb98-4a53-87e3-82b6e233290a
2024-04-24T06:28:24,593  INFO [main] lockmgr.DbLockManager: Response to queryId=alex_20240424062824_21310f0b-fb98-4a53-87e3-82b6e233290a LockResponse(lockid:11, state:ACQUIRED)
2024-04-24T06:28:24,593  INFO [main] ql.Driver: Operation DROPTABLE obtained 1 locks
2024-04-24T06:28:24,593  INFO [main] ql.Driver: Executing command(queryId=alex_20240424062824_21310f0b-fb98-4a53-87e3-82b6e233290a): drop table if exists nonAcidOrcTbl
2024-04-24T06:28:24,593  INFO [main] ql.Driver: Starting task [Stage-0:DDL] in serial mode
2024-04-24T06:28:24,593  INFO [main] HiveMetaStore.audit: ugi=alex	ip=unknown-ip-addr	cmd=get_table : tbl=hive.default.nonAcidOrcTbl	
2024-04-24T06:28:24,602  INFO [main] metastore.HMSHandler: Skipping translation for processor with null
2024-04-24T06:28:24,602  INFO [main] HiveMetaStore.audit: ugi=alex	ip=unknown-ip-addr	cmd=get_table : tbl=hive.default.nonAcidOrcTbl	
2024-04-24T06:28:24,611  INFO [main] metastore.HMSHandler: Skipping translation for processor with null
2024-04-24T06:28:24,611  INFO [main] HiveMetaStore.audit: ugi=alex	ip=unknown-ip-addr	cmd=drop_table : tbl=hive.default.nonAcidOrcTbl	
2024-04-24T06:28:24,716  INFO [main] metadata.Hive: Dumping metastore api call timing information for : execution phase
2024-04-24T06:28:24,716  INFO [main] metadata.Hive: Total time spent in each metastore function (ms): {isCompatibleWith_(Configuration)=0, dropTable_(String, String, boolean, boolean, boolean)=114, getTable_(GetTableRequest)=9}
2024-04-24T06:28:24,716  INFO [main] ql.Driver: Completed executing command(queryId=alex_20240424062824_21310f0b-fb98-4a53-87e3-82b6e233290a); Time taken: 0.123 seconds
2024-04-24T06:28:24,716  INFO [main] lockmgr.DbTxnManager: Stopped heartbeat for query: alex_20240424062824_21310f0b-fb98-4a53-87e3-82b6e233290a
2024-04-24T06:28:24,721  INFO [main] txn.TxnHandler: Expected to move at least one record from txn_components to completed_txn_components when committing txn! txnid:21
2024-04-24T06:28:24,728  INFO [main] txn.TxnHandler: Removed transactions: ([21]) from MIN_HISTORY_LEVEL
2024-04-24T06:28:24,728  WARN [main] txn.CompactionTxnHandler: No compaction queue record found for Compaction type transaction commit. txnId:21
2024-04-24T06:28:24,729  INFO [main] ql.TxnCommandsBaseForTests: Running the query: drop table if exists nonAcidOrcTbl2
2024-04-24T06:28:24,729  INFO [main] ql.Driver: Compiling command(queryId=alex_20240424062824_d5e17397-ae80-4f36-a79b-77aee147cd3c): drop table if exists nonAcidOrcTbl2
2024-04-24T06:28:24,731  INFO [main] txn.TxnHandler: Added entries to MIN_HISTORY_LEVEL for current txns: ([22]) with min_open_txn: 17
2024-04-24T06:28:24,732  INFO [main] lockmgr.DbTxnManager: Opened txnid:22
2024-04-24T06:28:24,732  INFO [main] HiveMetaStore.audit: ugi=alex	ip=unknown-ip-addr	cmd=get_table : tbl=hive.default.nonAcidOrcTbl2	
2024-04-24T06:28:24,741  INFO [main] metastore.HMSHandler: Skipping translation for processor with null
2024-04-24T06:28:24,741  INFO [main] ql.Driver: Semantic Analysis Completed (retrial = false)
2024-04-24T06:28:24,741  INFO [main] ql.Driver: Created Hive schema: Schema(fieldSchemas:null, properties:null)
2024-04-24T06:28:24,742  INFO [main] metadata.Hive: Dumping metastore api call timing information for : compilation phase
2024-04-24T06:28:24,742  INFO [main] metadata.Hive: Total time spent in each metastore function (ms): {flushCache_()=0, getTable_(GetTableRequest)=9, isCompatibleWith_(Configuration)=0, commitTxn_(CommitTxnRequest)=12, openTxn_(String, TxnType)=3, getValidTxns_(long)=0}
2024-04-24T06:28:24,742  INFO [main] ql.Driver: Completed compiling command(queryId=alex_20240424062824_d5e17397-ae80-4f36-a79b-77aee147cd3c); Time taken: 0.012 seconds
2024-04-24T06:28:24,742  INFO [main] lockmgr.DbTxnManager: Setting lock request transaction to txnid:22 for queryId=alex_20240424062824_d5e17397-ae80-4f36-a79b-77aee147cd3c
2024-04-24T06:28:24,742  INFO [main] lockmgr.DbLockManager: Requesting lock for queryId=alex_20240424062824_d5e17397-ae80-4f36-a79b-77aee147cd3c
2024-04-24T06:28:24,758  INFO [main] lockmgr.DbLockManager: Response to queryId=alex_20240424062824_d5e17397-ae80-4f36-a79b-77aee147cd3c LockResponse(lockid:12, state:ACQUIRED)
2024-04-24T06:28:24,758  INFO [main] ql.Driver: Operation DROPTABLE obtained 1 locks
2024-04-24T06:28:24,758  INFO [main] ql.Driver: Executing command(queryId=alex_20240424062824_d5e17397-ae80-4f36-a79b-77aee147cd3c): drop table if exists nonAcidOrcTbl2
2024-04-24T06:28:24,758  INFO [main] ql.Driver: Starting task [Stage-0:DDL] in serial mode
2024-04-24T06:28:24,759  INFO [main] HiveMetaStore.audit: ugi=alex	ip=unknown-ip-addr	cmd=get_table : tbl=hive.default.nonAcidOrcTbl2	
2024-04-24T06:28:24,767  INFO [main] metastore.HMSHandler: Skipping translation for processor with null
2024-04-24T06:28:24,768  INFO [main] HiveMetaStore.audit: ugi=alex	ip=unknown-ip-addr	cmd=get_table : tbl=hive.default.nonAcidOrcTbl2	
2024-04-24T06:28:24,776  INFO [main] metastore.HMSHandler: Skipping translation for processor with null
2024-04-24T06:28:24,776  INFO [main] HiveMetaStore.audit: ugi=alex	ip=unknown-ip-addr	cmd=drop_table : tbl=hive.default.nonAcidOrcTbl2	
2024-04-24T06:28:24,809  INFO [main] metadata.Hive: Dumping metastore api call timing information for : execution phase
2024-04-24T06:28:24,809  INFO [main] metadata.Hive: Total time spent in each metastore function (ms): {dropTable_(String, String, boolean, boolean, boolean)=41, getTable_(GetTableRequest)=9, isCompatibleWith_(Configuration)=0}
2024-04-24T06:28:24,809  INFO [main] ql.Driver: Completed executing command(queryId=alex_20240424062824_d5e17397-ae80-4f36-a79b-77aee147cd3c); Time taken: 0.051 seconds
2024-04-24T06:28:24,809  INFO [main] lockmgr.DbTxnManager: Stopped heartbeat for query: alex_20240424062824_d5e17397-ae80-4f36-a79b-77aee147cd3c
2024-04-24T06:28:24,813  INFO [main] txn.TxnHandler: Expected to move at least one record from txn_components to completed_txn_components when committing txn! txnid:22
2024-04-24T06:28:24,821  INFO [main] txn.TxnHandler: Removed transactions: ([22]) from MIN_HISTORY_LEVEL
2024-04-24T06:28:24,821  WARN [main] txn.CompactionTxnHandler: No compaction queue record found for Compaction type transaction commit. txnId:22
2024-04-24T06:28:24,821  INFO [main] ql.TxnCommandsBaseForTests: Running the query: drop table if exists nonAcidNonBucket
2024-04-24T06:28:24,822  INFO [main] ql.Driver: Compiling command(queryId=alex_20240424062824_427d92df-d66b-4a4f-a8b7-8532c9a3a4a1): drop table if exists nonAcidNonBucket
2024-04-24T06:28:24,824  INFO [main] txn.TxnHandler: Added entries to MIN_HISTORY_LEVEL for current txns: ([23]) with min_open_txn: 18
2024-04-24T06:28:24,825  INFO [main] lockmgr.DbTxnManager: Opened txnid:23
2024-04-24T06:28:24,825  INFO [main] HiveMetaStore.audit: ugi=alex	ip=unknown-ip-addr	cmd=get_table : tbl=hive.default.nonAcidNonBucket	
2024-04-24T06:28:24,834  INFO [main] metastore.HMSHandler: Skipping translation for processor with null
2024-04-24T06:28:24,834  INFO [main] ql.Driver: Semantic Analysis Completed (retrial = false)
2024-04-24T06:28:24,834  INFO [main] ql.Driver: Created Hive schema: Schema(fieldSchemas:null, properties:null)
2024-04-24T06:28:24,834  INFO [main] metadata.Hive: Dumping metastore api call timing information for : compilation phase
2024-04-24T06:28:24,834  INFO [main] metadata.Hive: Total time spent in each metastore function (ms): {getTable_(GetTableRequest)=9, openTxn_(String, TxnType)=3, commitTxn_(CommitTxnRequest)=12, getValidTxns_(long)=0, isCompatibleWith_(Configuration)=0, flushCache_()=0}
2024-04-24T06:28:24,835  INFO [main] ql.Driver: Completed compiling command(queryId=alex_20240424062824_427d92df-d66b-4a4f-a8b7-8532c9a3a4a1); Time taken: 0.013 seconds
2024-04-24T06:28:24,835  INFO [main] lockmgr.DbTxnManager: Setting lock request transaction to txnid:23 for queryId=alex_20240424062824_427d92df-d66b-4a4f-a8b7-8532c9a3a4a1
2024-04-24T06:28:24,835  INFO [main] lockmgr.DbLockManager: Requesting lock for queryId=alex_20240424062824_427d92df-d66b-4a4f-a8b7-8532c9a3a4a1
2024-04-24T06:28:24,851  INFO [main] lockmgr.DbLockManager: Response to queryId=alex_20240424062824_427d92df-d66b-4a4f-a8b7-8532c9a3a4a1 LockResponse(lockid:13, state:ACQUIRED)
2024-04-24T06:28:24,851  INFO [main] ql.Driver: Operation DROPTABLE obtained 1 locks
2024-04-24T06:28:24,851  INFO [main] ql.Driver: Executing command(queryId=alex_20240424062824_427d92df-d66b-4a4f-a8b7-8532c9a3a4a1): drop table if exists nonAcidNonBucket
2024-04-24T06:28:24,851  INFO [main] ql.Driver: Starting task [Stage-0:DDL] in serial mode
2024-04-24T06:28:24,851  INFO [main] HiveMetaStore.audit: ugi=alex	ip=unknown-ip-addr	cmd=get_table : tbl=hive.default.nonAcidNonBucket	
2024-04-24T06:28:24,860  INFO [main] metastore.HMSHandler: Skipping translation for processor with null
2024-04-24T06:28:24,861  INFO [main] HiveMetaStore.audit: ugi=alex	ip=unknown-ip-addr	cmd=get_table : tbl=hive.default.nonAcidNonBucket	
2024-04-24T06:28:24,869  INFO [main] metastore.HMSHandler: Skipping translation for processor with null
2024-04-24T06:28:24,870  INFO [main] HiveMetaStore.audit: ugi=alex	ip=unknown-ip-addr	cmd=drop_table : tbl=hive.default.nonAcidNonBucket	
2024-04-24T06:28:24,903  INFO [main] metadata.Hive: Dumping metastore api call timing information for : execution phase
2024-04-24T06:28:24,903  INFO [main] metadata.Hive: Total time spent in each metastore function (ms): {dropTable_(String, String, boolean, boolean, boolean)=42, isCompatibleWith_(Configuration)=0, getTable_(GetTableRequest)=10}
2024-04-24T06:28:24,903  INFO [main] ql.Driver: Completed executing command(queryId=alex_20240424062824_427d92df-d66b-4a4f-a8b7-8532c9a3a4a1); Time taken: 0.052 seconds
2024-04-24T06:28:24,904  INFO [main] lockmgr.DbTxnManager: Stopped heartbeat for query: alex_20240424062824_427d92df-d66b-4a4f-a8b7-8532c9a3a4a1
2024-04-24T06:28:24,908  INFO [main] txn.TxnHandler: Expected to move at least one record from txn_components to completed_txn_components when committing txn! txnid:23
2024-04-24T06:28:24,916  INFO [main] txn.TxnHandler: Removed transactions: ([23]) from MIN_HISTORY_LEVEL
2024-04-24T06:28:24,917  WARN [main] txn.CompactionTxnHandler: No compaction queue record found for Compaction type transaction commit. txnId:23
2024-04-24T06:28:24,917  INFO [main] utils.TestTxnDbUtil: Cleaning transactional tables
]]></system-err>
  </testcase>
  <testcase name="testParallelTruncateAnalyzeStats" classname="org.apache.hadoop.hive.ql.TestTxnCommands" time="7.924"/>
  <testcase name="testMergeCardinalityViolation" classname="org.apache.hadoop.hive.ql.TestTxnCommands" time="6.861"/>
  <testcase name="testUpdateOfInserts" classname="org.apache.hadoop.hive.ql.TestTxnCommands" time="7.377">
    <error type="java.lang.RuntimeException"><![CDATA[java.lang.RuntimeException: update acidTbl set b = 1 where b != 1 failed: (responseCode = 40000, errorMessage = FAILED: NoMatchingMethodException No matching method for class org.apache.hadoop.hive.ql.udf.UDFToInteger with (struct<writeid:bigint,bucketid:int,rowid:bigint>). Possible choices: _FUNC_(bigint)  _FUNC_(boolean)  _FUNC_(decimal(38,18))  _FUNC_(double)  _FUNC_(float)  _FUNC_(smallint)  _FUNC_(string)  _FUNC_(struct<writeid:int,bucketid:bigint,rowid:bigint>)  _FUNC_(timestamp)  _FUNC_(tinyint)  _FUNC_(void)  , hiveErrorCode = 40000, SQLState = 42000, exception = No matching method for class org.apache.hadoop.hive.ql.udf.UDFToInteger with (struct<writeid:bigint,bucketid:int,rowid:bigint>). Possible choices: _FUNC_(bigint)  _FUNC_(boolean)  _FUNC_(decimal(38,18))  _FUNC_(double)  _FUNC_(float)  _FUNC_(smallint)  _FUNC_(string)  _FUNC_(struct<writeid:int,bucketid:bigint,rowid:bigint>)  _FUNC_(timestamp)  _FUNC_(tinyint)  _FUNC_(void)  )
	at org.apache.hadoop.hive.ql.TxnCommandsBaseForTests.runStatementOnDriver(TxnCommandsBaseForTests.java:247)
	at org.apache.hadoop.hive.ql.TestTxnCommands.testUpdateOfInserts(TestTxnCommands.java:862)
	at sun.reflect.NativeMethodAccessorImpl.invoke0(Native Method)
	at sun.reflect.NativeMethodAccessorImpl.invoke(NativeMethodAccessorImpl.java:62)
	at sun.reflect.DelegatingMethodAccessorImpl.invoke(DelegatingMethodAccessorImpl.java:43)
	at java.lang.reflect.Method.invoke(Method.java:498)
	at org.junit.runners.model.FrameworkMethod$1.runReflectiveCall(FrameworkMethod.java:59)
	at org.junit.internal.runners.model.ReflectiveCallable.run(ReflectiveCallable.java:12)
	at org.junit.runners.model.FrameworkMethod.invokeExplosively(FrameworkMethod.java:56)
	at org.junit.internal.runners.statements.InvokeMethod.evaluate(InvokeMethod.java:17)
	at org.junit.internal.runners.statements.RunBefores.evaluate(RunBefores.java:26)
	at org.junit.internal.runners.statements.RunAfters.evaluate(RunAfters.java:27)
	at org.junit.rules.TestWatcher$1.evaluate(TestWatcher.java:61)
	at org.junit.runners.ParentRunner$3.evaluate(ParentRunner.java:306)
	at org.junit.runners.BlockJUnit4ClassRunner$1.evaluate(BlockJUnit4ClassRunner.java:100)
	at org.junit.runners.ParentRunner.runLeaf(ParentRunner.java:366)
	at org.junit.runners.BlockJUnit4ClassRunner.runChild(BlockJUnit4ClassRunner.java:103)
	at org.junit.runners.BlockJUnit4ClassRunner.runChild(BlockJUnit4ClassRunner.java:63)
	at org.junit.runners.ParentRunner$4.run(ParentRunner.java:331)
	at org.junit.runners.ParentRunner$1.schedule(ParentRunner.java:79)
	at org.junit.runners.ParentRunner.runChildren(ParentRunner.java:329)
	at org.junit.runners.ParentRunner.access$100(ParentRunner.java:66)
	at org.junit.runners.ParentRunner$2.evaluate(ParentRunner.java:293)
	at org.junit.runners.ParentRunner$3.evaluate(ParentRunner.java:306)
	at org.junit.runners.ParentRunner.run(ParentRunner.java:413)
	at org.junit.runner.JUnitCore.run(JUnitCore.java:137)
	at org.junit.runner.JUnitCore.run(JUnitCore.java:115)
	at org.junit.vintage.engine.execution.RunnerExecutor.execute(RunnerExecutor.java:43)
	at java.util.stream.ForEachOps$ForEachOp$OfRef.accept(ForEachOps.java:183)
	at java.util.stream.ReferencePipeline$3$1.accept(ReferencePipeline.java:193)
	at java.util.Iterator.forEachRemaining(Iterator.java:116)
	at java.util.Spliterators$IteratorSpliterator.forEachRemaining(Spliterators.java:1801)
	at java.util.stream.AbstractPipeline.copyInto(AbstractPipeline.java:482)
	at java.util.stream.AbstractPipeline.wrapAndCopyInto(AbstractPipeline.java:472)
	at java.util.stream.ForEachOps$ForEachOp.evaluateSequential(ForEachOps.java:150)
	at java.util.stream.ForEachOps$ForEachOp$OfRef.evaluateSequential(ForEachOps.java:173)
	at java.util.stream.AbstractPipeline.evaluate(AbstractPipeline.java:234)
	at java.util.stream.ReferencePipeline.forEach(ReferencePipeline.java:485)
	at org.junit.vintage.engine.VintageTestEngine.executeAllChildren(VintageTestEngine.java:82)
	at org.junit.vintage.engine.VintageTestEngine.execute(VintageTestEngine.java:73)
	at org.junit.platform.launcher.core.DefaultLauncher.execute(DefaultLauncher.java:248)
	at org.junit.platform.launcher.core.DefaultLauncher.lambda$execute$5(DefaultLauncher.java:211)
	at org.junit.platform.launcher.core.DefaultLauncher.withInterceptedStreams(DefaultLauncher.java:226)
	at org.junit.platform.launcher.core.DefaultLauncher.execute(DefaultLauncher.java:199)
	at org.junit.platform.launcher.core.DefaultLauncher.execute(DefaultLauncher.java:132)
	at org.apache.maven.surefire.junitplatform.JUnitPlatformProvider.invokeAllTests(JUnitPlatformProvider.java:154)
	at org.apache.maven.surefire.junitplatform.JUnitPlatformProvider.invoke(JUnitPlatformProvider.java:123)
	at org.apache.maven.surefire.booter.ForkedBooter.runSuitesInProcess(ForkedBooter.java:377)
	at org.apache.maven.surefire.booter.ForkedBooter.execute(ForkedBooter.java:138)
	at org.apache.maven.surefire.booter.ForkedBooter.run(ForkedBooter.java:465)
	at org.apache.maven.surefire.booter.ForkedBooter.main(ForkedBooter.java:451)
]]></error>
    <system-err><![CDATA[2024-04-24T06:28:39,778  WARN [main] conf.HiveConf: HiveConf of name hive.dummyparam.test.server.specific.config.hivesite does not exist
2024-04-24T06:28:39,778  WARN [main] conf.HiveConf: HiveConf of name hive.metastore.client.cache.recordStats does not exist
2024-04-24T06:28:39,778  WARN [main] conf.HiveConf: HiveConf of name hive.metastore.client.cache.maxSize does not exist
2024-04-24T06:28:39,778  WARN [main] conf.HiveConf: HiveConf of name hive.metastore.metadb.dir does not exist
2024-04-24T06:28:39,778  WARN [main] conf.HiveConf: HiveConf of name hive.stats.key.prefix.reserve.length does not exist
2024-04-24T06:28:39,778  WARN [main] conf.HiveConf: HiveConf of name hive.llap.io.cache.orc.alloc.min does not exist
2024-04-24T06:28:39,779  WARN [main] conf.HiveConf: HiveConf of name hive.dummyparam.test.server.specific.config.metastoresite does not exist
2024-04-24T06:28:39,779  WARN [main] conf.HiveConf: HiveConf of name hive.llap.io.cache.orc.size does not exist
2024-04-24T06:28:39,779  WARN [main] conf.HiveConf: HiveConf of name hive.llap.io.cache.orc.arena.size does not exist
2024-04-24T06:28:39,779  WARN [main] conf.HiveConf: HiveConf of name hive.dummyparam.test.server.specific.config.override does not exist
2024-04-24T06:28:39,779  WARN [main] conf.HiveConf: HiveConf of name hive.llap.io.cache.orc.alloc.max does not exist
2024-04-24T06:28:39,780  INFO [main] utils.TestTxnDbUtil: Creating transactional tables
Hive Session ID = 8020f318-b11f-4506-93c0-1f8022ec755a
2024-04-24T06:28:39,783  INFO [main] SessionState: Hive Session ID = 8020f318-b11f-4506-93c0-1f8022ec755a
ivysettings.xml file not found in HIVE_HOME or HIVE_CONF_DIR,/home/alex/Repositories/hive/conf/ivysettings.xml will be used
2024-04-24T06:28:39,784  INFO [main] DependencyResolver: ivysettings.xml file not found in HIVE_HOME or HIVE_CONF_DIR,/home/alex/Repositories/hive/conf/ivysettings.xml will be used
2024-04-24T06:28:39,789  INFO [main] session.SessionState: Created HDFS directory: /home/alex/Repositories/hive/ql/target/tmp/scratchdir/alex/8020f318-b11f-4506-93c0-1f8022ec755a
2024-04-24T06:28:39,791  INFO [main] session.SessionState: Created local directory: /home/alex/Repositories/hive/ql/target/tmp/localscratchdir/8020f318-b11f-4506-93c0-1f8022ec755a
2024-04-24T06:28:39,794  INFO [main] session.SessionState: Created HDFS directory: /home/alex/Repositories/hive/ql/target/tmp/scratchdir/alex/8020f318-b11f-4506-93c0-1f8022ec755a/_tmp_space.db
2024-04-24T06:28:39,794  INFO [main] sqlstd.SQLStdHiveAccessController: Created SQLStdHiveAccessController for session context : HiveAuthzSessionContext [sessionString=8020f318-b11f-4506-93c0-1f8022ec755a, clientType=HIVECLI]
2024-04-24T06:28:39,794  INFO [main] ql.TxnCommandsBaseForTests: Running the query: drop table if exists acidTbl
2024-04-24T06:28:39,795  INFO [main] ql.Driver: Compiling command(queryId=alex_20240424062839_2c181439-3a15-41f9-9693-8fb3ca58a4b9): drop table if exists acidTbl
2024-04-24T06:28:39,801  INFO [main] txn.TxnHandler: Added entries to MIN_HISTORY_LEVEL for current txns: ([1]) with min_open_txn: 1
2024-04-24T06:28:39,802  INFO [main] lockmgr.DbTxnManager: Opened txnid:1
2024-04-24T06:28:39,804  INFO [main] HiveMetaStore.audit: ugi=alex	ip=unknown-ip-addr	cmd=get_table : tbl=hive.default.acidTbl	
2024-04-24T06:28:39,807  INFO [main] ql.Driver: Semantic Analysis Completed (retrial = false)
2024-04-24T06:28:39,807  INFO [main] ql.Driver: Created Hive schema: Schema(fieldSchemas:null, properties:null)
2024-04-24T06:28:39,807  INFO [main] metadata.Hive: Dumping metastore api call timing information for : compilation phase
2024-04-24T06:28:39,807  INFO [main] metadata.Hive: Total time spent in each metastore function (ms): {getValidTxns_(long)=2, flushCache_()=0, isCompatibleWith_(Configuration)=0, openTxn_(String, TxnType)=7, commitTxn_(CommitTxnRequest)=12}
2024-04-24T06:28:39,808  INFO [main] ql.Driver: Completed compiling command(queryId=alex_20240424062839_2c181439-3a15-41f9-9693-8fb3ca58a4b9); Time taken: 0.013 seconds
2024-04-24T06:28:39,808  INFO [main] lockmgr.DbTxnManager: Setting lock request transaction to txnid:1 for queryId=alex_20240424062839_2c181439-3a15-41f9-9693-8fb3ca58a4b9
2024-04-24T06:28:39,808  INFO [main] ql.Driver: Operation DROPTABLE obtained 0 locks
2024-04-24T06:28:39,808  INFO [main] ql.Driver: Executing command(queryId=alex_20240424062839_2c181439-3a15-41f9-9693-8fb3ca58a4b9): drop table if exists acidTbl
2024-04-24T06:28:39,808  INFO [main] ql.Driver: Starting task [Stage-0:DDL] in serial mode
2024-04-24T06:28:39,808  INFO [main] HiveMetaStore.audit: ugi=alex	ip=unknown-ip-addr	cmd=get_table : tbl=hive.default.acidTbl	
2024-04-24T06:28:39,811  INFO [main] metadata.Hive: Dumping metastore api call timing information for : execution phase
2024-04-24T06:28:39,811  INFO [main] metadata.Hive: Total time spent in each metastore function (ms): {isCompatibleWith_(Configuration)=0}
2024-04-24T06:28:39,812  INFO [main] ql.Driver: Completed executing command(queryId=alex_20240424062839_2c181439-3a15-41f9-9693-8fb3ca58a4b9); Time taken: 0.003 seconds
2024-04-24T06:28:39,812  INFO [main] lockmgr.DbTxnManager: Stopped heartbeat for query: alex_20240424062839_2c181439-3a15-41f9-9693-8fb3ca58a4b9
2024-04-24T06:28:39,817  INFO [main] txn.TxnHandler: Expected to move at least one record from txn_components to completed_txn_components when committing txn! txnid:1
2024-04-24T06:28:39,823  INFO [main] txn.TxnHandler: Removed transactions: ([1]) from MIN_HISTORY_LEVEL
2024-04-24T06:28:39,823  WARN [main] txn.CompactionTxnHandler: No compaction queue record found for Compaction type transaction commit. txnId:1
2024-04-24T06:28:39,824  INFO [main] ql.TxnCommandsBaseForTests: Running the query: drop table if exists acidTblPart
2024-04-24T06:28:39,824  INFO [main] ql.Driver: Compiling command(queryId=alex_20240424062839_ee4d4876-1c5a-4d7a-8ebe-afe12dad5cbc): drop table if exists acidTblPart
2024-04-24T06:28:39,827  INFO [main] txn.TxnHandler: Added entries to MIN_HISTORY_LEVEL for current txns: ([2]) with min_open_txn: 1
2024-04-24T06:28:39,827  INFO [main] lockmgr.DbTxnManager: Opened txnid:2
2024-04-24T06:28:39,827  INFO [main] HiveMetaStore.audit: ugi=alex	ip=unknown-ip-addr	cmd=get_table : tbl=hive.default.acidTblPart	
2024-04-24T06:28:39,830  INFO [main] ql.Driver: Semantic Analysis Completed (retrial = false)
2024-04-24T06:28:39,830  INFO [main] ql.Driver: Created Hive schema: Schema(fieldSchemas:null, properties:null)
2024-04-24T06:28:39,830  INFO [main] metadata.Hive: Dumping metastore api call timing information for : compilation phase
2024-04-24T06:28:39,830  INFO [main] metadata.Hive: Total time spent in each metastore function (ms): {flushCache_()=0, isCompatibleWith_(Configuration)=1, getValidTxns_(long)=0, commitTxn_(CommitTxnRequest)=12, openTxn_(String, TxnType)=2}
2024-04-24T06:28:39,831  INFO [main] ql.Driver: Completed compiling command(queryId=alex_20240424062839_ee4d4876-1c5a-4d7a-8ebe-afe12dad5cbc); Time taken: 0.006 seconds
2024-04-24T06:28:39,831  INFO [main] lockmgr.DbTxnManager: Setting lock request transaction to txnid:2 for queryId=alex_20240424062839_ee4d4876-1c5a-4d7a-8ebe-afe12dad5cbc
2024-04-24T06:28:39,831  INFO [main] ql.Driver: Operation DROPTABLE obtained 0 locks
2024-04-24T06:28:39,831  INFO [main] ql.Driver: Executing command(queryId=alex_20240424062839_ee4d4876-1c5a-4d7a-8ebe-afe12dad5cbc): drop table if exists acidTblPart
2024-04-24T06:28:39,831  INFO [main] ql.Driver: Starting task [Stage-0:DDL] in serial mode
2024-04-24T06:28:39,831  INFO [main] HiveMetaStore.audit: ugi=alex	ip=unknown-ip-addr	cmd=get_table : tbl=hive.default.acidTblPart	
2024-04-24T06:28:39,834  INFO [main] metadata.Hive: Dumping metastore api call timing information for : execution phase
2024-04-24T06:28:39,834  INFO [main] metadata.Hive: Total time spent in each metastore function (ms): {isCompatibleWith_(Configuration)=0}
2024-04-24T06:28:39,834  INFO [main] ql.Driver: Completed executing command(queryId=alex_20240424062839_ee4d4876-1c5a-4d7a-8ebe-afe12dad5cbc); Time taken: 0.003 seconds
2024-04-24T06:28:39,834  INFO [main] lockmgr.DbTxnManager: Stopped heartbeat for query: alex_20240424062839_ee4d4876-1c5a-4d7a-8ebe-afe12dad5cbc
2024-04-24T06:28:39,839  INFO [main] txn.TxnHandler: Expected to move at least one record from txn_components to completed_txn_components when committing txn! txnid:2
2024-04-24T06:28:39,844  INFO [main] txn.TxnHandler: Removed transactions: ([2]) from MIN_HISTORY_LEVEL
2024-04-24T06:28:39,844  WARN [main] txn.CompactionTxnHandler: No compaction queue record found for Compaction type transaction commit. txnId:2
2024-04-24T06:28:39,845  INFO [main] ql.TxnCommandsBaseForTests: Running the query: drop table if exists acidTbl2
2024-04-24T06:28:39,845  INFO [main] ql.Driver: Compiling command(queryId=alex_20240424062839_20ab8064-f037-452e-9a3c-690a94c65fdd): drop table if exists acidTbl2
2024-04-24T06:28:39,848  INFO [main] txn.TxnHandler: Added entries to MIN_HISTORY_LEVEL for current txns: ([3]) with min_open_txn: 1
2024-04-24T06:28:39,848  INFO [main] lockmgr.DbTxnManager: Opened txnid:3
2024-04-24T06:28:39,849  INFO [main] HiveMetaStore.audit: ugi=alex	ip=unknown-ip-addr	cmd=get_table : tbl=hive.default.acidTbl2	
2024-04-24T06:28:39,852  INFO [main] ql.Driver: Semantic Analysis Completed (retrial = false)
2024-04-24T06:28:39,852  INFO [main] ql.Driver: Created Hive schema: Schema(fieldSchemas:null, properties:null)
2024-04-24T06:28:39,852  INFO [main] metadata.Hive: Dumping metastore api call timing information for : compilation phase
2024-04-24T06:28:39,852  INFO [main] metadata.Hive: Total time spent in each metastore function (ms): {flushCache_()=0, getValidTxns_(long)=1, isCompatibleWith_(Configuration)=1, openTxn_(String, TxnType)=2, commitTxn_(CommitTxnRequest)=9}
2024-04-24T06:28:39,852  INFO [main] ql.Driver: Completed compiling command(queryId=alex_20240424062839_20ab8064-f037-452e-9a3c-690a94c65fdd); Time taken: 0.007 seconds
2024-04-24T06:28:39,852  INFO [main] lockmgr.DbTxnManager: Setting lock request transaction to txnid:3 for queryId=alex_20240424062839_20ab8064-f037-452e-9a3c-690a94c65fdd
2024-04-24T06:28:39,852  INFO [main] ql.Driver: Operation DROPTABLE obtained 0 locks
2024-04-24T06:28:39,852  INFO [main] ql.Driver: Executing command(queryId=alex_20240424062839_20ab8064-f037-452e-9a3c-690a94c65fdd): drop table if exists acidTbl2
2024-04-24T06:28:39,853  INFO [main] ql.Driver: Starting task [Stage-0:DDL] in serial mode
2024-04-24T06:28:39,853  INFO [main] HiveMetaStore.audit: ugi=alex	ip=unknown-ip-addr	cmd=get_table : tbl=hive.default.acidTbl2	
2024-04-24T06:28:39,856  INFO [main] metadata.Hive: Dumping metastore api call timing information for : execution phase
2024-04-24T06:28:39,856  INFO [main] metadata.Hive: Total time spent in each metastore function (ms): {isCompatibleWith_(Configuration)=0}
2024-04-24T06:28:39,856  INFO [main] ql.Driver: Completed executing command(queryId=alex_20240424062839_20ab8064-f037-452e-9a3c-690a94c65fdd); Time taken: 0.004 seconds
2024-04-24T06:28:39,856  INFO [main] lockmgr.DbTxnManager: Stopped heartbeat for query: alex_20240424062839_20ab8064-f037-452e-9a3c-690a94c65fdd
2024-04-24T06:28:39,861  INFO [main] txn.TxnHandler: Expected to move at least one record from txn_components to completed_txn_components when committing txn! txnid:3
2024-04-24T06:28:39,865  INFO [main] txn.TxnHandler: Removed transactions: ([3]) from MIN_HISTORY_LEVEL
2024-04-24T06:28:39,866  WARN [main] txn.CompactionTxnHandler: No compaction queue record found for Compaction type transaction commit. txnId:3
2024-04-24T06:28:39,866  INFO [main] ql.TxnCommandsBaseForTests: Running the query: drop table if exists nonAcidOrcTbl
2024-04-24T06:28:39,867  INFO [main] ql.Driver: Compiling command(queryId=alex_20240424062839_3b42409f-0a9f-4881-a5dd-48a2e208b65c): drop table if exists nonAcidOrcTbl
2024-04-24T06:28:39,868  INFO [main] txn.TxnHandler: Added entries to MIN_HISTORY_LEVEL for current txns: ([4]) with min_open_txn: 1
2024-04-24T06:28:39,869  INFO [main] lockmgr.DbTxnManager: Opened txnid:4
2024-04-24T06:28:39,869  INFO [main] HiveMetaStore.audit: ugi=alex	ip=unknown-ip-addr	cmd=get_table : tbl=hive.default.nonAcidOrcTbl	
2024-04-24T06:28:39,872  INFO [main] ql.Driver: Semantic Analysis Completed (retrial = false)
2024-04-24T06:28:39,872  INFO [main] ql.Driver: Created Hive schema: Schema(fieldSchemas:null, properties:null)
2024-04-24T06:28:39,872  INFO [main] metadata.Hive: Dumping metastore api call timing information for : compilation phase
2024-04-24T06:28:39,872  INFO [main] metadata.Hive: Total time spent in each metastore function (ms): {flushCache_()=0, commitTxn_(CommitTxnRequest)=10, openTxn_(String, TxnType)=2, isCompatibleWith_(Configuration)=0, getValidTxns_(long)=0}
2024-04-24T06:28:39,872  INFO [main] ql.Driver: Completed compiling command(queryId=alex_20240424062839_3b42409f-0a9f-4881-a5dd-48a2e208b65c); Time taken: 0.006 seconds
2024-04-24T06:28:39,873  INFO [main] lockmgr.DbTxnManager: Setting lock request transaction to txnid:4 for queryId=alex_20240424062839_3b42409f-0a9f-4881-a5dd-48a2e208b65c
2024-04-24T06:28:39,873  INFO [main] ql.Driver: Operation DROPTABLE obtained 0 locks
2024-04-24T06:28:39,873  INFO [main] ql.Driver: Executing command(queryId=alex_20240424062839_3b42409f-0a9f-4881-a5dd-48a2e208b65c): drop table if exists nonAcidOrcTbl
2024-04-24T06:28:39,873  INFO [main] ql.Driver: Starting task [Stage-0:DDL] in serial mode
2024-04-24T06:28:39,873  INFO [main] HiveMetaStore.audit: ugi=alex	ip=unknown-ip-addr	cmd=get_table : tbl=hive.default.nonAcidOrcTbl	
2024-04-24T06:28:39,876  INFO [main] metadata.Hive: Dumping metastore api call timing information for : execution phase
2024-04-24T06:28:39,876  INFO [main] metadata.Hive: Total time spent in each metastore function (ms): {isCompatibleWith_(Configuration)=0}
2024-04-24T06:28:39,876  INFO [main] ql.Driver: Completed executing command(queryId=alex_20240424062839_3b42409f-0a9f-4881-a5dd-48a2e208b65c); Time taken: 0.003 seconds
2024-04-24T06:28:39,876  INFO [main] lockmgr.DbTxnManager: Stopped heartbeat for query: alex_20240424062839_3b42409f-0a9f-4881-a5dd-48a2e208b65c
2024-04-24T06:28:39,881  INFO [main] txn.TxnHandler: Expected to move at least one record from txn_components to completed_txn_components when committing txn! txnid:4
2024-04-24T06:28:39,886  INFO [main] txn.TxnHandler: Removed transactions: ([4]) from MIN_HISTORY_LEVEL
2024-04-24T06:28:39,886  WARN [main] txn.CompactionTxnHandler: No compaction queue record found for Compaction type transaction commit. txnId:4
2024-04-24T06:28:39,886  INFO [main] ql.TxnCommandsBaseForTests: Running the query: drop table if exists nonAcidOrcTbl2
2024-04-24T06:28:39,887  INFO [main] ql.Driver: Compiling command(queryId=alex_20240424062839_3d36d6b1-1eca-4948-a2d1-92f025d86a86): drop table if exists nonAcidOrcTbl2
2024-04-24T06:28:39,888  INFO [main] txn.TxnHandler: Added entries to MIN_HISTORY_LEVEL for current txns: ([5]) with min_open_txn: 1
2024-04-24T06:28:39,889  INFO [main] lockmgr.DbTxnManager: Opened txnid:5
2024-04-24T06:28:39,889  INFO [main] HiveMetaStore.audit: ugi=alex	ip=unknown-ip-addr	cmd=get_table : tbl=hive.default.nonAcidOrcTbl2	
2024-04-24T06:28:39,892  INFO [main] ql.Driver: Semantic Analysis Completed (retrial = false)
2024-04-24T06:28:39,892  INFO [main] ql.Driver: Created Hive schema: Schema(fieldSchemas:null, properties:null)
2024-04-24T06:28:39,892  INFO [main] metadata.Hive: Dumping metastore api call timing information for : compilation phase
2024-04-24T06:28:39,892  INFO [main] metadata.Hive: Total time spent in each metastore function (ms): {openTxn_(String, TxnType)=2, commitTxn_(CommitTxnRequest)=10, flushCache_()=0, isCompatibleWith_(Configuration)=0, getValidTxns_(long)=0}
2024-04-24T06:28:39,892  INFO [main] ql.Driver: Completed compiling command(queryId=alex_20240424062839_3d36d6b1-1eca-4948-a2d1-92f025d86a86); Time taken: 0.006 seconds
2024-04-24T06:28:39,893  INFO [main] lockmgr.DbTxnManager: Setting lock request transaction to txnid:5 for queryId=alex_20240424062839_3d36d6b1-1eca-4948-a2d1-92f025d86a86
2024-04-24T06:28:39,893  INFO [main] ql.Driver: Operation DROPTABLE obtained 0 locks
2024-04-24T06:28:39,893  INFO [main] ql.Driver: Executing command(queryId=alex_20240424062839_3d36d6b1-1eca-4948-a2d1-92f025d86a86): drop table if exists nonAcidOrcTbl2
2024-04-24T06:28:39,893  INFO [main] ql.Driver: Starting task [Stage-0:DDL] in serial mode
2024-04-24T06:28:39,893  INFO [main] HiveMetaStore.audit: ugi=alex	ip=unknown-ip-addr	cmd=get_table : tbl=hive.default.nonAcidOrcTbl2	
2024-04-24T06:28:39,896  INFO [main] metadata.Hive: Dumping metastore api call timing information for : execution phase
2024-04-24T06:28:39,896  INFO [main] metadata.Hive: Total time spent in each metastore function (ms): {isCompatibleWith_(Configuration)=0}
2024-04-24T06:28:39,896  INFO [main] ql.Driver: Completed executing command(queryId=alex_20240424062839_3d36d6b1-1eca-4948-a2d1-92f025d86a86); Time taken: 0.003 seconds
2024-04-24T06:28:39,896  INFO [main] lockmgr.DbTxnManager: Stopped heartbeat for query: alex_20240424062839_3d36d6b1-1eca-4948-a2d1-92f025d86a86
2024-04-24T06:28:39,901  INFO [main] txn.TxnHandler: Expected to move at least one record from txn_components to completed_txn_components when committing txn! txnid:5
2024-04-24T06:28:39,907  INFO [main] txn.TxnHandler: Removed transactions: ([5]) from MIN_HISTORY_LEVEL
2024-04-24T06:28:39,907  WARN [main] txn.CompactionTxnHandler: No compaction queue record found for Compaction type transaction commit. txnId:5
2024-04-24T06:28:39,907  INFO [main] ql.TxnCommandsBaseForTests: Running the query: drop table if exists nonAcidNonBucket
2024-04-24T06:28:39,908  INFO [main] ql.Driver: Compiling command(queryId=alex_20240424062839_fbc2fdc8-8dcf-406b-895f-1b7670c09a0c): drop table if exists nonAcidNonBucket
2024-04-24T06:28:39,910  INFO [main] txn.TxnHandler: Added entries to MIN_HISTORY_LEVEL for current txns: ([6]) with min_open_txn: 1
2024-04-24T06:28:39,910  INFO [main] lockmgr.DbTxnManager: Opened txnid:6
2024-04-24T06:28:39,911  INFO [main] HiveMetaStore.audit: ugi=alex	ip=unknown-ip-addr	cmd=get_table : tbl=hive.default.nonAcidNonBucket	
2024-04-24T06:28:39,914  INFO [main] ql.Driver: Semantic Analysis Completed (retrial = false)
2024-04-24T06:28:39,914  INFO [main] ql.Driver: Created Hive schema: Schema(fieldSchemas:null, properties:null)
2024-04-24T06:28:39,914  INFO [main] metadata.Hive: Dumping metastore api call timing information for : compilation phase
2024-04-24T06:28:39,914  INFO [main] metadata.Hive: Total time spent in each metastore function (ms): {commitTxn_(CommitTxnRequest)=11, flushCache_()=0, getValidTxns_(long)=1, isCompatibleWith_(Configuration)=0, openTxn_(String, TxnType)=2}
2024-04-24T06:28:39,915  INFO [main] ql.Driver: Completed compiling command(queryId=alex_20240424062839_fbc2fdc8-8dcf-406b-895f-1b7670c09a0c); Time taken: 0.006 seconds
2024-04-24T06:28:39,915  INFO [main] lockmgr.DbTxnManager: Setting lock request transaction to txnid:6 for queryId=alex_20240424062839_fbc2fdc8-8dcf-406b-895f-1b7670c09a0c
2024-04-24T06:28:39,915  INFO [main] ql.Driver: Operation DROPTABLE obtained 0 locks
2024-04-24T06:28:39,915  INFO [main] ql.Driver: Executing command(queryId=alex_20240424062839_fbc2fdc8-8dcf-406b-895f-1b7670c09a0c): drop table if exists nonAcidNonBucket
2024-04-24T06:28:39,915  INFO [main] ql.Driver: Starting task [Stage-0:DDL] in serial mode
2024-04-24T06:28:39,915  INFO [main] HiveMetaStore.audit: ugi=alex	ip=unknown-ip-addr	cmd=get_table : tbl=hive.default.nonAcidNonBucket	
2024-04-24T06:28:39,918  INFO [main] metadata.Hive: Dumping metastore api call timing information for : execution phase
2024-04-24T06:28:39,918  INFO [main] metadata.Hive: Total time spent in each metastore function (ms): {isCompatibleWith_(Configuration)=0}
2024-04-24T06:28:39,918  INFO [main] ql.Driver: Completed executing command(queryId=alex_20240424062839_fbc2fdc8-8dcf-406b-895f-1b7670c09a0c); Time taken: 0.003 seconds
2024-04-24T06:28:39,918  INFO [main] lockmgr.DbTxnManager: Stopped heartbeat for query: alex_20240424062839_fbc2fdc8-8dcf-406b-895f-1b7670c09a0c
2024-04-24T06:28:39,923  INFO [main] txn.TxnHandler: Expected to move at least one record from txn_components to completed_txn_components when committing txn! txnid:6
2024-04-24T06:28:39,929  INFO [main] txn.TxnHandler: Removed transactions: ([6]) from MIN_HISTORY_LEVEL
2024-04-24T06:28:39,929  WARN [main] txn.CompactionTxnHandler: No compaction queue record found for Compaction type transaction commit. txnId:6
2024-04-24T06:28:39,929  INFO [main] ql.TxnCommandsBaseForTests: Running the query: create table acidTbl(a int, b int) clustered by (a) into 2 buckets stored as orc TBLPROPERTIES ('transactional'='true')
2024-04-24T06:28:39,930  INFO [main] ql.Driver: Compiling command(queryId=alex_20240424062839_919bb4ff-0360-4db0-bdf3-8d8140dbdaff): create table acidTbl(a int, b int) clustered by (a) into 2 buckets stored as orc TBLPROPERTIES ('transactional'='true')
2024-04-24T06:28:39,932  INFO [main] txn.TxnHandler: Added entries to MIN_HISTORY_LEVEL for current txns: ([7]) with min_open_txn: 1
2024-04-24T06:28:39,932  INFO [main] lockmgr.DbTxnManager: Opened txnid:7
2024-04-24T06:28:39,933  INFO [main] parse.CalcitePlanner: Starting caching scope for: 
2024-04-24T06:28:39,933  INFO [main] parse.CalcitePlanner: Starting Semantic Analysis
2024-04-24T06:28:39,938  INFO [main] parse.CalcitePlanner: Creating table default.acidTbl position=13
2024-04-24T06:28:39,938  INFO [main] HiveMetaStore.audit: ugi=alex	ip=unknown-ip-addr	cmd=get_database: default	
2024-04-24T06:28:39,939  INFO [main] parse.CalcitePlanner: Ending caching scope for: 
2024-04-24T06:28:39,940  INFO [main] ql.Driver: Semantic Analysis Completed (retrial = false)
2024-04-24T06:28:39,940  INFO [main] ql.Driver: Created Hive schema: Schema(fieldSchemas:null, properties:null)
2024-04-24T06:28:39,940  INFO [main] metadata.Hive: Dumping metastore api call timing information for : compilation phase
2024-04-24T06:28:39,940  INFO [main] metadata.Hive: Total time spent in each metastore function (ms): {commitTxn_(CommitTxnRequest)=10, isCompatibleWith_(Configuration)=1, getValidWriteIds_(List, String)=5, getDatabase_(String)=1, flushCache_()=0, openTxn_(String, TxnType)=2, getValidTxns_(long)=0}
2024-04-24T06:28:39,940  INFO [main] ql.Driver: Completed compiling command(queryId=alex_20240424062839_919bb4ff-0360-4db0-bdf3-8d8140dbdaff); Time taken: 0.01 seconds
2024-04-24T06:28:39,940  INFO [main] lockmgr.DbTxnManager: Setting lock request transaction to txnid:7 for queryId=alex_20240424062839_919bb4ff-0360-4db0-bdf3-8d8140dbdaff
2024-04-24T06:28:39,941  INFO [main] lockmgr.DbLockManager: Requesting lock for queryId=alex_20240424062839_919bb4ff-0360-4db0-bdf3-8d8140dbdaff
2024-04-24T06:28:39,958  INFO [main] lockmgr.DbLockManager: Response to queryId=alex_20240424062839_919bb4ff-0360-4db0-bdf3-8d8140dbdaff LockResponse(lockid:1, state:ACQUIRED)
2024-04-24T06:28:39,958  INFO [main] ql.Driver: Operation CREATETABLE obtained 1 locks
2024-04-24T06:28:39,959  INFO [main] ql.Driver: Executing command(queryId=alex_20240424062839_919bb4ff-0360-4db0-bdf3-8d8140dbdaff): create table acidTbl(a int, b int) clustered by (a) into 2 buckets stored as orc TBLPROPERTIES ('transactional'='true')
2024-04-24T06:28:39,959  INFO [main] ql.Driver: Starting task [Stage-0:DDL] in serial mode
2024-04-24T06:28:39,960  INFO [main] HiveMetaStore.audit: ugi=alex	ip=unknown-ip-addr	cmd=create_table_req: Table(tableName:acidTbl, dbName:default, owner:alex, createTime:1713965319, lastAccessTime:0, retention:0, sd:StorageDescriptor(cols:[FieldSchema(name:a, type:int, comment:null), FieldSchema(name:b, type:int, comment:null)], location:null, inputFormat:org.apache.hadoop.hive.ql.io.orc.OrcInputFormat, outputFormat:org.apache.hadoop.hive.ql.io.orc.OrcOutputFormat, compressed:false, numBuckets:2, serdeInfo:SerDeInfo(name:null, serializationLib:org.apache.hadoop.hive.ql.io.orc.OrcSerde, parameters:{serialization.format=1}), bucketCols:[a], sortCols:[], parameters:{}, skewedInfo:SkewedInfo(skewedColNames:[], skewedColValues:[], skewedColValueLocationMaps:{}), storedAsSubDirectories:false), partitionKeys:[], parameters:{bucketing_version=2, numFilesErasureCoded=0, COLUMN_STATS_ACCURATE={"BASIC_STATS":"true","COLUMN_STATS":{"a":"true","b":"true"}}, numFiles=0, transactional=true, totalSize=0, rawDataSize=0, numRows=0}, viewOriginalText:null, viewExpandedText:null, tableType:MANAGED_TABLE, privileges:PrincipalPrivilegeSet(userPrivileges:{alex=[PrivilegeGrantInfo(privilege:INSERT, createTime:-1, grantor:alex, grantorType:USER, grantOption:true), PrivilegeGrantInfo(privilege:SELECT, createTime:-1, grantor:alex, grantorType:USER, grantOption:true), PrivilegeGrantInfo(privilege:UPDATE, createTime:-1, grantor:alex, grantorType:USER, grantOption:true), PrivilegeGrantInfo(privilege:DELETE, createTime:-1, grantor:alex, grantorType:USER, grantOption:true)]}, groupPrivileges:null, rolePrivileges:null), temporary:false, catName:hive, ownerType:USER, writeId:0)	
2024-04-24T06:28:39,965  INFO [main] utils.FileUtils: Creating directory if it doesn't exist: file:/home/alex/Repositories/hive/ql/target/tmp/org.apache.hadoop.hive.ql.TestTxnCommands-1713965238357/warehouse/acidtbl
2024-04-24T06:28:39,997  INFO [main] metadata.Hive: Dumping metastore api call timing information for : execution phase
2024-04-24T06:28:39,997  INFO [main] metadata.Hive: Total time spent in each metastore function (ms): {isCompatibleWith_(Configuration)=0, createTable_(Table)=38}
2024-04-24T06:28:39,997  INFO [main] ql.Driver: Completed executing command(queryId=alex_20240424062839_919bb4ff-0360-4db0-bdf3-8d8140dbdaff); Time taken: 0.038 seconds
2024-04-24T06:28:39,997  INFO [main] lockmgr.DbTxnManager: Stopped heartbeat for query: alex_20240424062839_919bb4ff-0360-4db0-bdf3-8d8140dbdaff
2024-04-24T06:28:40,001  INFO [main] txn.TxnHandler: Expected to move at least one record from txn_components to completed_txn_components when committing txn! txnid:7
2024-04-24T06:28:40,006  INFO [main] txn.TxnHandler: Removed transactions: ([7]) from MIN_HISTORY_LEVEL
2024-04-24T06:28:40,006  WARN [main] txn.CompactionTxnHandler: No compaction queue record found for Compaction type transaction commit. txnId:7
2024-04-24T06:28:40,006  INFO [main] ql.TxnCommandsBaseForTests: Running the query: create table acidTblPart(a int, b int) partitioned by (p string) clustered by (a) into 2 buckets stored as orc TBLPROPERTIES ('transactional'='true')
2024-04-24T06:28:40,007  INFO [main] ql.Driver: Compiling command(queryId=alex_20240424062840_0a81ae3f-c32b-4549-8362-40ac27811434): create table acidTblPart(a int, b int) partitioned by (p string) clustered by (a) into 2 buckets stored as orc TBLPROPERTIES ('transactional'='true')
2024-04-24T06:28:40,009  INFO [main] txn.TxnHandler: Added entries to MIN_HISTORY_LEVEL for current txns: ([8]) with min_open_txn: 1
2024-04-24T06:28:40,010  INFO [main] lockmgr.DbTxnManager: Opened txnid:8
2024-04-24T06:28:40,010  INFO [main] parse.CalcitePlanner: Starting caching scope for: 
2024-04-24T06:28:40,010  INFO [main] parse.CalcitePlanner: Starting Semantic Analysis
2024-04-24T06:28:40,012  INFO [main] parse.CalcitePlanner: Creating table default.acidTblPart position=13
2024-04-24T06:28:40,012  INFO [main] HiveMetaStore.audit: ugi=alex	ip=unknown-ip-addr	cmd=get_database: default	
2024-04-24T06:28:40,017  INFO [main] parse.CalcitePlanner: Ending caching scope for: 
2024-04-24T06:28:40,017  INFO [main] ql.Driver: Semantic Analysis Completed (retrial = false)
2024-04-24T06:28:40,017  INFO [main] ql.Driver: Created Hive schema: Schema(fieldSchemas:null, properties:null)
2024-04-24T06:28:40,017  INFO [main] metadata.Hive: Dumping metastore api call timing information for : compilation phase
2024-04-24T06:28:40,017  INFO [main] metadata.Hive: Total time spent in each metastore function (ms): {commitTxn_(CommitTxnRequest)=8, openTxn_(String, TxnType)=3, flushCache_()=0, isCompatibleWith_(Configuration)=1, getValidTxns_(long)=0, getDatabase_(String)=5, getValidWriteIds_(List, String)=2}
2024-04-24T06:28:40,017  INFO [main] ql.Driver: Completed compiling command(queryId=alex_20240424062840_0a81ae3f-c32b-4549-8362-40ac27811434); Time taken: 0.01 seconds
2024-04-24T06:28:40,017  INFO [main] lockmgr.DbTxnManager: Setting lock request transaction to txnid:8 for queryId=alex_20240424062840_0a81ae3f-c32b-4549-8362-40ac27811434
2024-04-24T06:28:40,018  INFO [main] lockmgr.DbLockManager: Requesting lock for queryId=alex_20240424062840_0a81ae3f-c32b-4549-8362-40ac27811434
2024-04-24T06:28:40,031  INFO [main] lockmgr.DbLockManager: Response to queryId=alex_20240424062840_0a81ae3f-c32b-4549-8362-40ac27811434 LockResponse(lockid:2, state:ACQUIRED)
2024-04-24T06:28:40,031  INFO [main] ql.Driver: Operation CREATETABLE obtained 1 locks
2024-04-24T06:28:40,032  INFO [main] ql.Driver: Executing command(queryId=alex_20240424062840_0a81ae3f-c32b-4549-8362-40ac27811434): create table acidTblPart(a int, b int) partitioned by (p string) clustered by (a) into 2 buckets stored as orc TBLPROPERTIES ('transactional'='true')
2024-04-24T06:28:40,032  INFO [main] ql.Driver: Starting task [Stage-0:DDL] in serial mode
2024-04-24T06:28:40,033  INFO [main] HiveMetaStore.audit: ugi=alex	ip=unknown-ip-addr	cmd=create_table_req: Table(tableName:acidTblPart, dbName:default, owner:alex, createTime:1713965320, lastAccessTime:0, retention:0, sd:StorageDescriptor(cols:[FieldSchema(name:a, type:int, comment:null), FieldSchema(name:b, type:int, comment:null)], location:null, inputFormat:org.apache.hadoop.hive.ql.io.orc.OrcInputFormat, outputFormat:org.apache.hadoop.hive.ql.io.orc.OrcOutputFormat, compressed:false, numBuckets:2, serdeInfo:SerDeInfo(name:null, serializationLib:org.apache.hadoop.hive.ql.io.orc.OrcSerde, parameters:{serialization.format=1}), bucketCols:[a], sortCols:[], parameters:{}, skewedInfo:SkewedInfo(skewedColNames:[], skewedColValues:[], skewedColValueLocationMaps:{}), storedAsSubDirectories:false), partitionKeys:[FieldSchema(name:p, type:string, comment:null)], parameters:{bucketing_version=2, transactional=true}, viewOriginalText:null, viewExpandedText:null, tableType:MANAGED_TABLE, privileges:PrincipalPrivilegeSet(userPrivileges:{alex=[PrivilegeGrantInfo(privilege:INSERT, createTime:-1, grantor:alex, grantorType:USER, grantOption:true), PrivilegeGrantInfo(privilege:SELECT, createTime:-1, grantor:alex, grantorType:USER, grantOption:true), PrivilegeGrantInfo(privilege:UPDATE, createTime:-1, grantor:alex, grantorType:USER, grantOption:true), PrivilegeGrantInfo(privilege:DELETE, createTime:-1, grantor:alex, grantorType:USER, grantOption:true)]}, groupPrivileges:null, rolePrivileges:null), temporary:false, catName:hive, ownerType:USER, writeId:0)	
2024-04-24T06:28:40,038  INFO [main] utils.FileUtils: Creating directory if it doesn't exist: file:/home/alex/Repositories/hive/ql/target/tmp/org.apache.hadoop.hive.ql.TestTxnCommands-1713965238357/warehouse/acidtblpart
2024-04-24T06:28:40,058  INFO [main] metadata.Hive: Dumping metastore api call timing information for : execution phase
2024-04-24T06:28:40,058  INFO [main] metadata.Hive: Total time spent in each metastore function (ms): {createTable_(Table)=25, isCompatibleWith_(Configuration)=0}
2024-04-24T06:28:40,058  INFO [main] ql.Driver: Completed executing command(queryId=alex_20240424062840_0a81ae3f-c32b-4549-8362-40ac27811434); Time taken: 0.026 seconds
2024-04-24T06:28:40,058  INFO [main] lockmgr.DbTxnManager: Stopped heartbeat for query: alex_20240424062840_0a81ae3f-c32b-4549-8362-40ac27811434
2024-04-24T06:28:40,062  INFO [main] txn.TxnHandler: Expected to move at least one record from txn_components to completed_txn_components when committing txn! txnid:8
2024-04-24T06:28:40,066  INFO [main] txn.TxnHandler: Removed transactions: ([8]) from MIN_HISTORY_LEVEL
2024-04-24T06:28:40,067  WARN [main] txn.CompactionTxnHandler: No compaction queue record found for Compaction type transaction commit. txnId:8
2024-04-24T06:28:40,067  INFO [main] ql.TxnCommandsBaseForTests: Running the query: create table nonAcidOrcTbl(a int, b int) clustered by (a) into 2 buckets stored as orc TBLPROPERTIES ('transactional'='false')
2024-04-24T06:28:40,067  INFO [main] ql.Driver: Compiling command(queryId=alex_20240424062840_53577bc3-ed6b-4693-9598-f60fc1f6b8d3): create table nonAcidOrcTbl(a int, b int) clustered by (a) into 2 buckets stored as orc TBLPROPERTIES ('transactional'='false')
2024-04-24T06:28:40,069  INFO [main] txn.TxnHandler: Added entries to MIN_HISTORY_LEVEL for current txns: ([9]) with min_open_txn: 1
2024-04-24T06:28:40,070  INFO [main] lockmgr.DbTxnManager: Opened txnid:9
2024-04-24T06:28:40,070  INFO [main] parse.CalcitePlanner: Starting caching scope for: 
2024-04-24T06:28:40,070  INFO [main] parse.CalcitePlanner: Starting Semantic Analysis
2024-04-24T06:28:40,072  INFO [main] parse.CalcitePlanner: Creating table default.nonAcidOrcTbl position=13
2024-04-24T06:28:40,073  INFO [main] HiveMetaStore.audit: ugi=alex	ip=unknown-ip-addr	cmd=get_database: default	
2024-04-24T06:28:40,074  INFO [main] parse.CalcitePlanner: Ending caching scope for: 
2024-04-24T06:28:40,074  INFO [main] ql.Driver: Semantic Analysis Completed (retrial = false)
2024-04-24T06:28:40,074  INFO [main] ql.Driver: Created Hive schema: Schema(fieldSchemas:null, properties:null)
2024-04-24T06:28:40,074  INFO [main] metadata.Hive: Dumping metastore api call timing information for : compilation phase
2024-04-24T06:28:40,074  INFO [main] metadata.Hive: Total time spent in each metastore function (ms): {flushCache_()=0, commitTxn_(CommitTxnRequest)=9, getValidWriteIds_(List, String)=2, getDatabase_(String)=2, isCompatibleWith_(Configuration)=0, getValidTxns_(long)=0, openTxn_(String, TxnType)=2}
2024-04-24T06:28:40,074  INFO [main] ql.Driver: Completed compiling command(queryId=alex_20240424062840_53577bc3-ed6b-4693-9598-f60fc1f6b8d3); Time taken: 0.007 seconds
2024-04-24T06:28:40,075  INFO [main] lockmgr.DbTxnManager: Setting lock request transaction to txnid:9 for queryId=alex_20240424062840_53577bc3-ed6b-4693-9598-f60fc1f6b8d3
2024-04-24T06:28:40,075  INFO [main] lockmgr.DbLockManager: Requesting lock for queryId=alex_20240424062840_53577bc3-ed6b-4693-9598-f60fc1f6b8d3
2024-04-24T06:28:40,089  INFO [main] lockmgr.DbLockManager: Response to queryId=alex_20240424062840_53577bc3-ed6b-4693-9598-f60fc1f6b8d3 LockResponse(lockid:3, state:ACQUIRED)
2024-04-24T06:28:40,089  INFO [main] ql.Driver: Operation CREATETABLE obtained 1 locks
2024-04-24T06:28:40,089  INFO [main] ql.Driver: Executing command(queryId=alex_20240424062840_53577bc3-ed6b-4693-9598-f60fc1f6b8d3): create table nonAcidOrcTbl(a int, b int) clustered by (a) into 2 buckets stored as orc TBLPROPERTIES ('transactional'='false')
2024-04-24T06:28:40,089  INFO [main] ql.Driver: Starting task [Stage-0:DDL] in serial mode
2024-04-24T06:28:40,090  INFO [main] HiveMetaStore.audit: ugi=alex	ip=unknown-ip-addr	cmd=create_table_req: Table(tableName:nonAcidOrcTbl, dbName:default, owner:alex, createTime:1713965320, lastAccessTime:0, retention:0, sd:StorageDescriptor(cols:[FieldSchema(name:a, type:int, comment:null), FieldSchema(name:b, type:int, comment:null)], location:null, inputFormat:org.apache.hadoop.hive.ql.io.orc.OrcInputFormat, outputFormat:org.apache.hadoop.hive.ql.io.orc.OrcOutputFormat, compressed:false, numBuckets:2, serdeInfo:SerDeInfo(name:null, serializationLib:org.apache.hadoop.hive.ql.io.orc.OrcSerde, parameters:{serialization.format=1}), bucketCols:[a], sortCols:[], parameters:{}, skewedInfo:SkewedInfo(skewedColNames:[], skewedColValues:[], skewedColValueLocationMaps:{}), storedAsSubDirectories:false), partitionKeys:[], parameters:{COLUMN_STATS_ACCURATE={"BASIC_STATS":"true","COLUMN_STATS":{"a":"true","b":"true"}}, totalSize=0, numFiles=0, rawDataSize=0, numRows=0, bucketing_version=2, transactional=false, numFilesErasureCoded=0}, viewOriginalText:null, viewExpandedText:null, tableType:MANAGED_TABLE, privileges:PrincipalPrivilegeSet(userPrivileges:{alex=[PrivilegeGrantInfo(privilege:INSERT, createTime:-1, grantor:alex, grantorType:USER, grantOption:true), PrivilegeGrantInfo(privilege:SELECT, createTime:-1, grantor:alex, grantorType:USER, grantOption:true), PrivilegeGrantInfo(privilege:UPDATE, createTime:-1, grantor:alex, grantorType:USER, grantOption:true), PrivilegeGrantInfo(privilege:DELETE, createTime:-1, grantor:alex, grantorType:USER, grantOption:true)]}, groupPrivileges:null, rolePrivileges:null), temporary:false, catName:hive, ownerType:USER)	
2024-04-24T06:28:40,099  INFO [main] utils.FileUtils: Creating directory if it doesn't exist: file:/home/alex/Repositories/hive/ql/target/tmp/org.apache.hadoop.hive.ql.TestTxnCommands-1713965238357/warehouse/nonacidorctbl
2024-04-24T06:28:40,121  INFO [main] metadata.Hive: Dumping metastore api call timing information for : execution phase
2024-04-24T06:28:40,121  INFO [main] metadata.Hive: Total time spent in each metastore function (ms): {isCompatibleWith_(Configuration)=0, createTable_(Table)=30}
2024-04-24T06:28:40,121  INFO [main] ql.Driver: Completed executing command(queryId=alex_20240424062840_53577bc3-ed6b-4693-9598-f60fc1f6b8d3); Time taken: 0.032 seconds
2024-04-24T06:28:40,121  INFO [main] lockmgr.DbTxnManager: Stopped heartbeat for query: alex_20240424062840_53577bc3-ed6b-4693-9598-f60fc1f6b8d3
2024-04-24T06:28:40,126  INFO [main] txn.TxnHandler: Expected to move at least one record from txn_components to completed_txn_components when committing txn! txnid:9
2024-04-24T06:28:40,135  INFO [main] txn.TxnHandler: Removed transactions: ([9]) from MIN_HISTORY_LEVEL
2024-04-24T06:28:40,135  WARN [main] txn.CompactionTxnHandler: No compaction queue record found for Compaction type transaction commit. txnId:9
2024-04-24T06:28:40,136  INFO [main] ql.TxnCommandsBaseForTests: Running the query: create table nonAcidOrcTbl2(a int, b int) clustered by (a) into 2 buckets stored as orc TBLPROPERTIES ('transactional'='false')
2024-04-24T06:28:40,136  INFO [main] ql.Driver: Compiling command(queryId=alex_20240424062840_c07f2ba4-3310-4830-95f3-0c75b7873257): create table nonAcidOrcTbl2(a int, b int) clustered by (a) into 2 buckets stored as orc TBLPROPERTIES ('transactional'='false')
2024-04-24T06:28:40,139  INFO [main] txn.TxnHandler: Added entries to MIN_HISTORY_LEVEL for current txns: ([10]) with min_open_txn: 1
2024-04-24T06:28:40,139  INFO [main] lockmgr.DbTxnManager: Opened txnid:10
2024-04-24T06:28:40,139  INFO [main] parse.CalcitePlanner: Starting caching scope for: 
2024-04-24T06:28:40,139  INFO [main] parse.CalcitePlanner: Starting Semantic Analysis
2024-04-24T06:28:40,142  INFO [main] parse.CalcitePlanner: Creating table default.nonAcidOrcTbl2 position=13
2024-04-24T06:28:40,142  INFO [main] HiveMetaStore.audit: ugi=alex	ip=unknown-ip-addr	cmd=get_database: default	
2024-04-24T06:28:40,143  INFO [main] parse.CalcitePlanner: Ending caching scope for: 
2024-04-24T06:28:40,143  INFO [main] ql.Driver: Semantic Analysis Completed (retrial = false)
2024-04-24T06:28:40,143  INFO [main] ql.Driver: Created Hive schema: Schema(fieldSchemas:null, properties:null)
2024-04-24T06:28:40,143  INFO [main] metadata.Hive: Dumping metastore api call timing information for : compilation phase
2024-04-24T06:28:40,144  INFO [main] metadata.Hive: Total time spent in each metastore function (ms): {openTxn_(String, TxnType)=2, getDatabase_(String)=1, getValidTxns_(long)=0, getValidWriteIds_(List, String)=2, commitTxn_(CommitTxnRequest)=15, flushCache_()=1, isCompatibleWith_(Configuration)=1}
2024-04-24T06:28:40,144  INFO [main] ql.Driver: Completed compiling command(queryId=alex_20240424062840_c07f2ba4-3310-4830-95f3-0c75b7873257); Time taken: 0.007 seconds
2024-04-24T06:28:40,144  INFO [main] lockmgr.DbTxnManager: Setting lock request transaction to txnid:10 for queryId=alex_20240424062840_c07f2ba4-3310-4830-95f3-0c75b7873257
2024-04-24T06:28:40,144  INFO [main] lockmgr.DbLockManager: Requesting lock for queryId=alex_20240424062840_c07f2ba4-3310-4830-95f3-0c75b7873257
2024-04-24T06:28:40,160  INFO [main] lockmgr.DbLockManager: Response to queryId=alex_20240424062840_c07f2ba4-3310-4830-95f3-0c75b7873257 LockResponse(lockid:4, state:ACQUIRED)
2024-04-24T06:28:40,160  INFO [main] ql.Driver: Operation CREATETABLE obtained 1 locks
2024-04-24T06:28:40,160  INFO [main] ql.Driver: Executing command(queryId=alex_20240424062840_c07f2ba4-3310-4830-95f3-0c75b7873257): create table nonAcidOrcTbl2(a int, b int) clustered by (a) into 2 buckets stored as orc TBLPROPERTIES ('transactional'='false')
2024-04-24T06:28:40,160  INFO [main] ql.Driver: Starting task [Stage-0:DDL] in serial mode
2024-04-24T06:28:40,161  INFO [main] HiveMetaStore.audit: ugi=alex	ip=unknown-ip-addr	cmd=create_table_req: Table(tableName:nonAcidOrcTbl2, dbName:default, owner:alex, createTime:1713965320, lastAccessTime:0, retention:0, sd:StorageDescriptor(cols:[FieldSchema(name:a, type:int, comment:null), FieldSchema(name:b, type:int, comment:null)], location:null, inputFormat:org.apache.hadoop.hive.ql.io.orc.OrcInputFormat, outputFormat:org.apache.hadoop.hive.ql.io.orc.OrcOutputFormat, compressed:false, numBuckets:2, serdeInfo:SerDeInfo(name:null, serializationLib:org.apache.hadoop.hive.ql.io.orc.OrcSerde, parameters:{serialization.format=1}), bucketCols:[a], sortCols:[], parameters:{}, skewedInfo:SkewedInfo(skewedColNames:[], skewedColValues:[], skewedColValueLocationMaps:{}), storedAsSubDirectories:false), partitionKeys:[], parameters:{transactional=false, numRows=0, numFiles=0, COLUMN_STATS_ACCURATE={"BASIC_STATS":"true","COLUMN_STATS":{"a":"true","b":"true"}}, rawDataSize=0, numFilesErasureCoded=0, totalSize=0, bucketing_version=2}, viewOriginalText:null, viewExpandedText:null, tableType:MANAGED_TABLE, privileges:PrincipalPrivilegeSet(userPrivileges:{alex=[PrivilegeGrantInfo(privilege:INSERT, createTime:-1, grantor:alex, grantorType:USER, grantOption:true), PrivilegeGrantInfo(privilege:SELECT, createTime:-1, grantor:alex, grantorType:USER, grantOption:true), PrivilegeGrantInfo(privilege:UPDATE, createTime:-1, grantor:alex, grantorType:USER, grantOption:true), PrivilegeGrantInfo(privilege:DELETE, createTime:-1, grantor:alex, grantorType:USER, grantOption:true)]}, groupPrivileges:null, rolePrivileges:null), temporary:false, catName:hive, ownerType:USER)	
2024-04-24T06:28:40,167  INFO [main] utils.FileUtils: Creating directory if it doesn't exist: file:/home/alex/Repositories/hive/ql/target/tmp/org.apache.hadoop.hive.ql.TestTxnCommands-1713965238357/warehouse/nonacidorctbl2
2024-04-24T06:28:40,181  INFO [main] metadata.Hive: Dumping metastore api call timing information for : execution phase
2024-04-24T06:28:40,181  INFO [main] metadata.Hive: Total time spent in each metastore function (ms): {createTable_(Table)=20, isCompatibleWith_(Configuration)=0}
2024-04-24T06:28:40,181  INFO [main] ql.Driver: Completed executing command(queryId=alex_20240424062840_c07f2ba4-3310-4830-95f3-0c75b7873257); Time taken: 0.021 seconds
2024-04-24T06:28:40,182  INFO [main] lockmgr.DbTxnManager: Stopped heartbeat for query: alex_20240424062840_c07f2ba4-3310-4830-95f3-0c75b7873257
2024-04-24T06:28:40,185  INFO [main] txn.TxnHandler: Expected to move at least one record from txn_components to completed_txn_components when committing txn! txnid:10
2024-04-24T06:28:40,191  INFO [main] txn.TxnHandler: Removed transactions: ([10]) from MIN_HISTORY_LEVEL
2024-04-24T06:28:40,192  WARN [main] txn.CompactionTxnHandler: No compaction queue record found for Compaction type transaction commit. txnId:10
2024-04-24T06:28:40,192  INFO [main] ql.TxnCommandsBaseForTests: Running the query: create temporary  table acidTbl2(a int, b int, c int) clustered by (c) into 2 buckets stored as orc TBLPROPERTIES ('transactional'='true')
2024-04-24T06:28:40,192  INFO [main] ql.Driver: Compiling command(queryId=alex_20240424062840_26b9bab8-e3dc-48b1-b83b-1cad20f5594d): create temporary  table acidTbl2(a int, b int, c int) clustered by (c) into 2 buckets stored as orc TBLPROPERTIES ('transactional'='true')
2024-04-24T06:28:40,195  INFO [main] txn.TxnHandler: Added entries to MIN_HISTORY_LEVEL for current txns: ([11]) with min_open_txn: 1
2024-04-24T06:28:40,195  INFO [main] lockmgr.DbTxnManager: Opened txnid:11
2024-04-24T06:28:40,195  INFO [main] parse.CalcitePlanner: Starting caching scope for: 
2024-04-24T06:28:40,195  INFO [main] parse.CalcitePlanner: Starting Semantic Analysis
2024-04-24T06:28:40,198  INFO [main] parse.CalcitePlanner: Creating table default.acidTbl2 position=24
2024-04-24T06:28:40,198  INFO [main] HiveMetaStore.audit: ugi=alex	ip=unknown-ip-addr	cmd=get_database: default	
2024-04-24T06:28:40,200  INFO [main] parse.CalcitePlanner: Ending caching scope for: 
2024-04-24T06:28:40,200  INFO [main] ql.Driver: Semantic Analysis Completed (retrial = false)
2024-04-24T06:28:40,200  INFO [main] ql.Driver: Created Hive schema: Schema(fieldSchemas:null, properties:null)
2024-04-24T06:28:40,200  INFO [main] metadata.Hive: Dumping metastore api call timing information for : compilation phase
2024-04-24T06:28:40,200  INFO [main] metadata.Hive: Total time spent in each metastore function (ms): {commitTxn_(CommitTxnRequest)=10, getValidWriteIds_(List, String)=2, getDatabase_(String)=1, openTxn_(String, TxnType)=2, flushCache_()=0, getValidTxns_(long)=0, isCompatibleWith_(Configuration)=1}
2024-04-24T06:28:40,200  INFO [main] ql.Driver: Completed compiling command(queryId=alex_20240424062840_26b9bab8-e3dc-48b1-b83b-1cad20f5594d); Time taken: 0.008 seconds
2024-04-24T06:28:40,200  INFO [main] lockmgr.DbTxnManager: Setting lock request transaction to txnid:11 for queryId=alex_20240424062840_26b9bab8-e3dc-48b1-b83b-1cad20f5594d
2024-04-24T06:28:40,200  INFO [main] lockmgr.DbLockManager: Requesting lock for queryId=alex_20240424062840_26b9bab8-e3dc-48b1-b83b-1cad20f5594d
2024-04-24T06:28:40,215  INFO [main] lockmgr.DbLockManager: Response to queryId=alex_20240424062840_26b9bab8-e3dc-48b1-b83b-1cad20f5594d LockResponse(lockid:5, state:ACQUIRED)
2024-04-24T06:28:40,215  INFO [main] ql.Driver: Operation CREATETABLE obtained 1 locks
2024-04-24T06:28:40,215  INFO [main] ql.Driver: Executing command(queryId=alex_20240424062840_26b9bab8-e3dc-48b1-b83b-1cad20f5594d): create temporary  table acidTbl2(a int, b int, c int) clustered by (c) into 2 buckets stored as orc TBLPROPERTIES ('transactional'='true')
2024-04-24T06:28:40,215  INFO [main] ql.Driver: Starting task [Stage-0:DDL] in serial mode
2024-04-24T06:28:40,216  INFO [main] utils.FileUtils: Creating directory if it doesn't exist: file:/home/alex/Repositories/hive/ql/target/tmp/scratchdir/alex/8020f318-b11f-4506-93c0-1f8022ec755a/_tmp_space.db/016a7ddd-e74e-444b-83b9-e882b6ea14b8
2024-04-24T06:28:40,219  INFO [main] metadata.Hive: Dumping metastore api call timing information for : execution phase
2024-04-24T06:28:40,219  INFO [main] metadata.Hive: Total time spent in each metastore function (ms): {createTable_(Table)=3, isCompatibleWith_(Configuration)=1}
2024-04-24T06:28:40,220  INFO [main] ql.Driver: Completed executing command(queryId=alex_20240424062840_26b9bab8-e3dc-48b1-b83b-1cad20f5594d); Time taken: 0.004 seconds
2024-04-24T06:28:40,220  INFO [main] lockmgr.DbTxnManager: Stopped heartbeat for query: alex_20240424062840_26b9bab8-e3dc-48b1-b83b-1cad20f5594d
2024-04-24T06:28:40,224  INFO [main] txn.TxnHandler: Expected to move at least one record from txn_components to completed_txn_components when committing txn! txnid:11
2024-04-24T06:28:40,229  INFO [main] txn.TxnHandler: Removed transactions: ([11]) from MIN_HISTORY_LEVEL
2024-04-24T06:28:40,229  WARN [main] txn.CompactionTxnHandler: No compaction queue record found for Compaction type transaction commit. txnId:11
2024-04-24T06:28:40,230  INFO [main] ql.TxnCommandsBaseForTests: Running the query: create table nonAcidNonBucket(a int, b int) stored as orc TBLPROPERTIES ('transactional'='false')
2024-04-24T06:28:40,230  INFO [main] ql.Driver: Compiling command(queryId=alex_20240424062840_1c52bf69-fff4-4215-860b-acb323306439): create table nonAcidNonBucket(a int, b int) stored as orc TBLPROPERTIES ('transactional'='false')
2024-04-24T06:28:40,233  INFO [main] txn.TxnHandler: Added entries to MIN_HISTORY_LEVEL for current txns: ([12]) with min_open_txn: 1
2024-04-24T06:28:40,233  INFO [main] lockmgr.DbTxnManager: Opened txnid:12
2024-04-24T06:28:40,233  INFO [main] parse.CalcitePlanner: Starting caching scope for: 
2024-04-24T06:28:40,233  INFO [main] parse.CalcitePlanner: Starting Semantic Analysis
2024-04-24T06:28:40,236  INFO [main] parse.CalcitePlanner: Creating table default.nonAcidNonBucket position=13
2024-04-24T06:28:40,236  INFO [main] HiveMetaStore.audit: ugi=alex	ip=unknown-ip-addr	cmd=get_database: default	
2024-04-24T06:28:40,237  INFO [main] parse.CalcitePlanner: Ending caching scope for: 
2024-04-24T06:28:40,237  INFO [main] ql.Driver: Semantic Analysis Completed (retrial = false)
2024-04-24T06:28:40,237  INFO [main] ql.Driver: Created Hive schema: Schema(fieldSchemas:null, properties:null)
2024-04-24T06:28:40,237  INFO [main] metadata.Hive: Dumping metastore api call timing information for : compilation phase
2024-04-24T06:28:40,238  INFO [main] metadata.Hive: Total time spent in each metastore function (ms): {getValidWriteIds_(List, String)=3, flushCache_()=0, getDatabase_(String)=1, isCompatibleWith_(Configuration)=0, getValidTxns_(long)=0, commitTxn_(CommitTxnRequest)=10, openTxn_(String, TxnType)=2}
2024-04-24T06:28:40,238  INFO [main] ql.Driver: Completed compiling command(queryId=alex_20240424062840_1c52bf69-fff4-4215-860b-acb323306439); Time taken: 0.007 seconds
2024-04-24T06:28:40,238  INFO [main] lockmgr.DbTxnManager: Setting lock request transaction to txnid:12 for queryId=alex_20240424062840_1c52bf69-fff4-4215-860b-acb323306439
2024-04-24T06:28:40,238  INFO [main] lockmgr.DbLockManager: Requesting lock for queryId=alex_20240424062840_1c52bf69-fff4-4215-860b-acb323306439
2024-04-24T06:28:40,253  INFO [main] lockmgr.DbLockManager: Response to queryId=alex_20240424062840_1c52bf69-fff4-4215-860b-acb323306439 LockResponse(lockid:6, state:ACQUIRED)
2024-04-24T06:28:40,253  INFO [main] ql.Driver: Operation CREATETABLE obtained 1 locks
2024-04-24T06:28:40,253  INFO [main] ql.Driver: Executing command(queryId=alex_20240424062840_1c52bf69-fff4-4215-860b-acb323306439): create table nonAcidNonBucket(a int, b int) stored as orc TBLPROPERTIES ('transactional'='false')
2024-04-24T06:28:40,254  INFO [main] ql.Driver: Starting task [Stage-0:DDL] in serial mode
2024-04-24T06:28:40,255  INFO [main] HiveMetaStore.audit: ugi=alex	ip=unknown-ip-addr	cmd=create_table_req: Table(tableName:nonAcidNonBucket, dbName:default, owner:alex, createTime:1713965320, lastAccessTime:0, retention:0, sd:StorageDescriptor(cols:[FieldSchema(name:a, type:int, comment:null), FieldSchema(name:b, type:int, comment:null)], location:null, inputFormat:org.apache.hadoop.hive.ql.io.orc.OrcInputFormat, outputFormat:org.apache.hadoop.hive.ql.io.orc.OrcOutputFormat, compressed:false, numBuckets:-1, serdeInfo:SerDeInfo(name:null, serializationLib:org.apache.hadoop.hive.ql.io.orc.OrcSerde, parameters:{serialization.format=1}), bucketCols:[], sortCols:[], parameters:{}, skewedInfo:SkewedInfo(skewedColNames:[], skewedColValues:[], skewedColValueLocationMaps:{}), storedAsSubDirectories:false), partitionKeys:[], parameters:{bucketing_version=2, numFilesErasureCoded=0, rawDataSize=0, transactional=false, totalSize=0, numRows=0, COLUMN_STATS_ACCURATE={"BASIC_STATS":"true","COLUMN_STATS":{"a":"true","b":"true"}}, numFiles=0}, viewOriginalText:null, viewExpandedText:null, tableType:MANAGED_TABLE, privileges:PrincipalPrivilegeSet(userPrivileges:{alex=[PrivilegeGrantInfo(privilege:INSERT, createTime:-1, grantor:alex, grantorType:USER, grantOption:true), PrivilegeGrantInfo(privilege:SELECT, createTime:-1, grantor:alex, grantorType:USER, grantOption:true), PrivilegeGrantInfo(privilege:UPDATE, createTime:-1, grantor:alex, grantorType:USER, grantOption:true), PrivilegeGrantInfo(privilege:DELETE, createTime:-1, grantor:alex, grantorType:USER, grantOption:true)]}, groupPrivileges:null, rolePrivileges:null), temporary:false, catName:hive, ownerType:USER)	
2024-04-24T06:28:40,261  INFO [main] utils.FileUtils: Creating directory if it doesn't exist: file:/home/alex/Repositories/hive/ql/target/tmp/org.apache.hadoop.hive.ql.TestTxnCommands-1713965238357/warehouse/nonacidnonbucket
2024-04-24T06:28:40,276  INFO [main] metadata.Hive: Dumping metastore api call timing information for : execution phase
2024-04-24T06:28:40,276  INFO [main] metadata.Hive: Total time spent in each metastore function (ms): {createTable_(Table)=22, isCompatibleWith_(Configuration)=0}
2024-04-24T06:28:40,276  INFO [main] ql.Driver: Completed executing command(queryId=alex_20240424062840_1c52bf69-fff4-4215-860b-acb323306439); Time taken: 0.023 seconds
2024-04-24T06:28:40,276  INFO [main] lockmgr.DbTxnManager: Stopped heartbeat for query: alex_20240424062840_1c52bf69-fff4-4215-860b-acb323306439
2024-04-24T06:28:40,280  INFO [main] txn.TxnHandler: Expected to move at least one record from txn_components to completed_txn_components when committing txn! txnid:12
2024-04-24T06:28:40,286  INFO [main] txn.TxnHandler: Removed transactions: ([12]) from MIN_HISTORY_LEVEL
2024-04-24T06:28:40,286  WARN [main] txn.CompactionTxnHandler: No compaction queue record found for Compaction type transaction commit. txnId:12
2024-04-24T06:28:40,286  INFO [main] ql.TxnCommandsBaseForTests: Running the query: insert into acidTbl(a,b)  values(1,2),(3,4)
2024-04-24T06:28:40,286  INFO [main] ql.Driver: Compiling command(queryId=alex_20240424062840_63138782-6ce4-4ab8-8ea6-2dcd824f3e72): insert into acidTbl(a,b)  values(1,2),(3,4)
2024-04-24T06:28:40,289  INFO [main] txn.TxnHandler: Added entries to MIN_HISTORY_LEVEL for current txns: ([13]) with min_open_txn: 1
2024-04-24T06:28:40,289  INFO [main] lockmgr.DbTxnManager: Opened txnid:13
2024-04-24T06:28:40,290  INFO [main] parse.CalcitePlanner: Starting caching scope for: 
2024-04-24T06:28:40,290  INFO [main] parse.CalcitePlanner: Starting Semantic Analysis
2024-04-24T06:28:40,296  INFO [main] HiveMetaStore.audit: ugi=alex	ip=unknown-ip-addr	cmd=get_table : tbl=hive.default.acidTbl	
2024-04-24T06:28:40,317  INFO [main] metastore.HMSHandler: Skipping translation for processor with null
2024-04-24T06:28:40,317  INFO [main] parse.CalcitePlanner: Completed phase 1 of Semantic Analysis
2024-04-24T06:28:40,317  INFO [main] parse.CalcitePlanner: Get metadata for source tables
2024-04-24T06:28:40,317  INFO [main] parse.CalcitePlanner: Get metadata for subqueries
2024-04-24T06:28:40,317  INFO [main] parse.CalcitePlanner: Get metadata for destination tables
2024-04-24T06:28:40,317  INFO [main] HiveMetaStore.audit: ugi=alex	ip=unknown-ip-addr	cmd=get_table : tbl=hive.default.acidTbl	
2024-04-24T06:28:40,325  INFO [main] metastore.HMSHandler: Skipping translation for processor with null
2024-04-24T06:28:40,325  INFO [main] parse.CalcitePlanner: Completed getting MetaData in Semantic Analysis
2024-04-24T06:28:40,325  INFO [main] parse.CalcitePlanner: Disabling LLAP IO encode as ETL query is detected
2024-04-24T06:28:40,346  INFO [main] HiveMetaStore.audit: ugi=alex	ip=unknown-ip-addr	cmd=get_all_table_constraints : tbl=hive._dummy_database._dummy_table	
2024-04-24T06:28:40,431  INFO [main] parse.CalcitePlanner: Get metadata for source tables
2024-04-24T06:28:40,431  INFO [main] parse.CalcitePlanner: Get metadata for subqueries
2024-04-24T06:28:40,431  INFO [main] parse.CalcitePlanner: Get metadata for source tables
2024-04-24T06:28:40,432  INFO [main] HiveMetaStore.audit: ugi=alex	ip=unknown-ip-addr	cmd=get_table : tbl=hive._dummy_database._dummy_table	
2024-04-24T06:28:40,434  INFO [main] parse.CalcitePlanner: Get metadata for subqueries
2024-04-24T06:28:40,434  INFO [main] parse.CalcitePlanner: Get metadata for destination tables
2024-04-24T06:28:40,434  INFO [main] parse.CalcitePlanner: Get metadata for destination tables
2024-04-24T06:28:40,434  INFO [main] HiveMetaStore.audit: ugi=alex	ip=unknown-ip-addr	cmd=get_table : tbl=hive.default.acidTbl	
2024-04-24T06:28:40,441  INFO [main] metastore.HMSHandler: Skipping translation for processor with null
2024-04-24T06:28:40,443  INFO [main] HiveMetaStore.audit: ugi=alex	ip=unknown-ip-addr	cmd=get_not_null_constraints : tbl=hive.default.acidtbl	
2024-04-24T06:28:40,445  INFO [main] HiveMetaStore.audit: ugi=alex	ip=unknown-ip-addr	cmd=get_check_constraints : tbl=hive.default.acidtbl	
2024-04-24T06:28:40,453  INFO [main] txn.TxnHandler: Allocated writeId: 1 for txnId: 13
2024-04-24T06:28:40,453  INFO [main] txn.TxnHandler: Allocated write ids for dbName=default, tblName=acidtbl (txnIds: [13])
2024-04-24T06:28:40,454  INFO [main] parse.CalcitePlanner: CBO Succeeded; optimized logical plan.
2024-04-24T06:28:40,458  INFO [main] optimizer.ColumnPrunerProcFactory: RS 4 oldColExprMap: {KEY.reducesinkkey0=Column[_col0], VALUE._col0=Column[_col1]}
2024-04-24T06:28:40,459  INFO [main] optimizer.ColumnPrunerProcFactory: RS 4 newColExprMap: {VALUE._col0=Column[_col1], KEY.reducesinkkey0=Column[_col0]}
2024-04-24T06:28:40,459  INFO [main] optimizer.BucketVersionPopulator: not considering bucketingVersion for: TS[0] because it has -1<2 buckets 
2024-04-24T06:28:40,460  INFO [main] optimizer.SortedDynPartitionOptimizer: Sorted dynamic partitioning optimization kicked in..
2024-04-24T06:28:40,468  INFO [main] HiveMetaStore.audit: ugi=alex	ip=unknown-ip-addr	cmd=get_table : tbl=hive.default.acidtbl	
2024-04-24T06:28:40,475  INFO [main] metastore.HMSHandler: Skipping translation for processor with null
2024-04-24T06:28:40,475  INFO [main] parse.CalcitePlanner: Completed plan generation
2024-04-24T06:28:40,475  INFO [main] parse.CalcitePlanner: Ending caching scope for: 
2024-04-24T06:28:40,475  INFO [main] ql.Driver: Semantic Analysis Completed (retrial = false)
2024-04-24T06:28:40,475  INFO [main] ql.Driver: Created Hive schema: Schema(fieldSchemas:[FieldSchema(name:_col0, type:int, comment:null), FieldSchema(name:_col1, type:int, comment:null)], properties:null)
2024-04-24T06:28:40,476  INFO [main] metadata.Hive: Dumping metastore api call timing information for : compilation phase
2024-04-24T06:28:40,476  INFO [main] metadata.Hive: Total time spent in each metastore function (ms): {flushCache_()=0, getCheckConstraints_(CheckConstraintsRequest)=1, getAllTableConstraints_(AllTableConstraintsRequest)=35, isCompatibleWith_(Configuration)=1, getValidTxns_(long)=1, allocateTableWriteId_(long, String, String)=7, openTxn_(String, TxnType)=2, commitTxn_(CommitTxnRequest)=9, getValidWriteIds_(List, String)=7, getNotNullConstraints_(NotNullConstraintsRequest)=1, getTable_(GetTableRequest)=43}
2024-04-24T06:28:40,476  INFO [main] ql.Driver: Completed compiling command(queryId=alex_20240424062840_63138782-6ce4-4ab8-8ea6-2dcd824f3e72); Time taken: 0.189 seconds
2024-04-24T06:28:40,476  INFO [main] lockmgr.DbTxnManager: Setting lock request transaction to txnid:13 for queryId=alex_20240424062840_63138782-6ce4-4ab8-8ea6-2dcd824f3e72
2024-04-24T06:28:40,476  INFO [main] lockmgr.DbLockManager: Requesting lock for queryId=alex_20240424062840_63138782-6ce4-4ab8-8ea6-2dcd824f3e72
2024-04-24T06:28:40,495  INFO [main] lockmgr.DbLockManager: Response to queryId=alex_20240424062840_63138782-6ce4-4ab8-8ea6-2dcd824f3e72 LockResponse(lockid:7, state:ACQUIRED)
2024-04-24T06:28:40,495  INFO [main] ql.Driver: Operation QUERY obtained 1 locks
2024-04-24T06:28:40,497  INFO [main] ql.Driver: Executing command(queryId=alex_20240424062840_63138782-6ce4-4ab8-8ea6-2dcd824f3e72): insert into acidTbl(a,b)  values(1,2),(3,4)
2024-04-24T06:28:40,497  WARN [main] ql.Driver: Hive-on-MR is deprecated in Hive 2 and may not be available in the future versions. Consider using a different execution engine (i.e. tez, spark) or using Hive 1.X releases.
Query ID = alex_20240424062840_63138782-6ce4-4ab8-8ea6-2dcd824f3e72
2024-04-24T06:28:40,497  INFO [main] ql.Driver: Query ID = alex_20240424062840_63138782-6ce4-4ab8-8ea6-2dcd824f3e72
Total jobs = 1
2024-04-24T06:28:40,497  INFO [main] ql.Driver: Total jobs = 1
Launching Job 1 out of 1
2024-04-24T06:28:40,497  INFO [main] ql.Driver: Launching Job 1 out of 1
2024-04-24T06:28:40,625  INFO [main] ql.Driver: Starting task [Stage-1:MAPRED] in serial mode
Number of reduce tasks determined at compile time: 2
2024-04-24T06:28:40,625  INFO [main] exec.Task: Number of reduce tasks determined at compile time: 2
In order to change the average load for a reducer (in bytes):
2024-04-24T06:28:40,625  INFO [main] exec.Task: In order to change the average load for a reducer (in bytes):
  set hive.exec.reducers.bytes.per.reducer=<number>
2024-04-24T06:28:40,625  INFO [main] exec.Task:   set hive.exec.reducers.bytes.per.reducer=<number>
In order to limit the maximum number of reducers:
2024-04-24T06:28:40,625  INFO [main] exec.Task: In order to limit the maximum number of reducers:
  set hive.exec.reducers.max=<number>
2024-04-24T06:28:40,625  INFO [main] exec.Task:   set hive.exec.reducers.max=<number>
In order to set a constant number of reducers:
2024-04-24T06:28:40,625  INFO [main] exec.Task: In order to set a constant number of reducers:
  set mapreduce.job.reduces=<number>
2024-04-24T06:28:40,625  INFO [main] exec.Task:   set mapreduce.job.reduces=<number>
2024-04-24T06:28:40,628  INFO [main] mr.ExecDriver: Using org.apache.hadoop.hive.ql.io.HiveInputFormat
2024-04-24T06:28:40,628  INFO [main] exec.Utilities: Processing alias $hdt$_0:_dummy_table
2024-04-24T06:28:40,628  INFO [main] exec.Utilities: Adding 1 inputs; the first input is file:/home/alex/Repositories/hive/ql/target/tmp/localscratchdir/8020f318-b11f-4506-93c0-1f8022ec755a/hive_2024-04-24_06-28-40_286_1882555931661683395-1/dummy_path
2024-04-24T06:28:40,637  INFO [main] exec.SerializationUtilities: Serializing MapWork using kryo
2024-04-24T06:28:40,638  INFO [main] exec.Utilities: Serialized plan (via FILE) - name: null size: 4,97KB
2024-04-24T06:28:40,643  INFO [main] exec.SerializationUtilities: Serializing ReduceWork using kryo
2024-04-24T06:28:40,643  INFO [main] exec.Utilities: Serialized plan (via FILE) - name: null size: 5,92KB
2024-04-24T06:28:40,644  WARN [main] impl.MetricsSystemImpl: JobTracker metrics system already initialized!
2024-04-24T06:28:40,648  INFO [main] fs.FSStatsPublisher: created : file:/home/alex/Repositories/hive/ql/target/tmp/localscratchdir/8020f318-b11f-4506-93c0-1f8022ec755a/hive_2024-04-24_06-28-40_286_1882555931661683395-1/-mr-10000
2024-04-24T06:28:40,650  WARN [main] impl.MetricsSystemImpl: JobTracker metrics system already initialized!
2024-04-24T06:28:40,657  WARN [main] mapreduce.JobResourceUploader: Hadoop command-line option parsing not performed. Implement the Tool interface and execute your application with ToolRunner to remedy this.
2024-04-24T06:28:40,662  WARN [main] mapreduce.JobResourceUploader: No job jar file set.  User classes may not be found. See Job or Job#setJar(String).
2024-04-24T06:28:40,663  INFO [main] io.HiveInputFormat: hive.io.file.readcolumn.ids = 
2024-04-24T06:28:40,663  INFO [main] io.HiveInputFormat: hive.io.file.readcolumn.names = 
2024-04-24T06:28:40,663  INFO [main] io.HiveInputFormat: Generating splits for dirs: file:/home/alex/Repositories/hive/ql/target/tmp/localscratchdir/8020f318-b11f-4506-93c0-1f8022ec755a/hive_2024-04-24_06-28-40_286_1882555931661683395-1/dummy_path
2024-04-24T06:28:40,664  INFO [main] io.HiveInputFormat: number of splits 1
2024-04-24T06:28:40,681  INFO [main] mapreduce.JobSubmitter: number of splits:1
2024-04-24T06:28:40,700  INFO [main] mapreduce.JobSubmitter: Submitting tokens for job: job_local698712291_0030
2024-04-24T06:28:40,701  INFO [main] mapreduce.JobSubmitter: Executing with tokens: []
2024-04-24T06:28:40,760  INFO [main] mapreduce.Job: The url to track the job: http://localhost:8080/
Job running in-process (local Hadoop)
2024-04-24T06:28:40,760  INFO [main] exec.Task: Job running in-process (local Hadoop)
2024-04-24T06:28:40,760  INFO [Thread-2417] mapred.LocalJobRunner: OutputCommitter set in config org.apache.hadoop.hive.ql.io.HiveFileFormatUtils$NullOutputCommitter
2024-04-24T06:28:40,760  INFO [Thread-2417] mapred.LocalJobRunner: OutputCommitter is org.apache.hadoop.hive.ql.io.HiveFileFormatUtils$NullOutputCommitter
2024-04-24T06:28:40,762  INFO [Thread-2417] mapred.LocalJobRunner: Waiting for map tasks
2024-04-24T06:28:40,762  INFO [LocalJobRunner Map Task Executor #0] mapred.LocalJobRunner: Starting task: attempt_local698712291_0030_m_000000_0
2024-04-24T06:28:40,764  INFO [LocalJobRunner Map Task Executor #0] mapred.Task:  Using ResourceCalculatorProcessTree : [ ]
2024-04-24T06:28:40,765  INFO [LocalJobRunner Map Task Executor #0] mapred.MapTask: Processing split: org.apache.hadoop.hive.ql.io.NullRowsInputFormat:file:/home/alex/Repositories/hive/ql/target/tmp/localscratchdir/8020f318-b11f-4506-93c0-1f8022ec755a/hive_2024-04-24_06-28-40_286_1882555931661683395-1/dummy_path/null:0+1
2024-04-24T06:28:40,767  INFO [LocalJobRunner Map Task Executor #0] exec.SerializationUtilities: Deserializing MapWork using kryo
2024-04-24T06:28:40,767  INFO [LocalJobRunner Map Task Executor #0] exec.Utilities: Deserialized plan (via FILE) - name: null size: 4,97KB
2024-04-24T06:28:40,768  INFO [LocalJobRunner Map Task Executor #0] mapred.MapTask: numReduceTasks: 2
2024-04-24T06:28:40,772  INFO [LocalJobRunner Map Task Executor #0] mapred.MapTask: (EQUATOR) 0 kvi 26214396(104857584)
2024-04-24T06:28:40,772  INFO [LocalJobRunner Map Task Executor #0] mapred.MapTask: mapreduce.task.io.sort.mb: 100
2024-04-24T06:28:40,772  INFO [LocalJobRunner Map Task Executor #0] mapred.MapTask: soft limit at 83886080
2024-04-24T06:28:40,772  INFO [LocalJobRunner Map Task Executor #0] mapred.MapTask: bufstart = 0; bufvoid = 104857600
2024-04-24T06:28:40,772  INFO [LocalJobRunner Map Task Executor #0] mapred.MapTask: kvstart = 26214396; length = 6553600
2024-04-24T06:28:40,773  INFO [LocalJobRunner Map Task Executor #0] mapred.MapTask: Map output collector class = org.apache.hadoop.mapred.MapTask$MapOutputBuffer
2024-04-24T06:28:40,773  INFO [LocalJobRunner Map Task Executor #0] exec.MapOperator: Initializing Operator: MAP[0]
2024-04-24T06:28:40,773  INFO [LocalJobRunner Map Task Executor #0] mr.ExecMapper: 
<MAP>Id =0
  <Children>null
  <\Children>
  <Parent><\Parent>
<\MAP>
2024-04-24T06:28:40,774  INFO [LocalJobRunner Map Task Executor #0] exec.TableScanOperator: Initializing Operator: TS[0]
2024-04-24T06:28:40,774  INFO [LocalJobRunner Map Task Executor #0] exec.SelectOperator: Initializing Operator: SEL[1]
2024-04-24T06:28:40,774  INFO [LocalJobRunner Map Task Executor #0] exec.SelectOperator: SELECT null
2024-04-24T06:28:40,774  INFO [LocalJobRunner Map Task Executor #0] exec.UDTFOperator: Initializing Operator: UDTF[2]
2024-04-24T06:28:40,774  INFO [LocalJobRunner Map Task Executor #0] exec.SelectOperator: Initializing Operator: SEL[3]
2024-04-24T06:28:40,774  INFO [LocalJobRunner Map Task Executor #0] exec.SelectOperator: SELECT struct<col1:int,col2:int>
2024-04-24T06:28:40,774  INFO [LocalJobRunner Map Task Executor #0] exec.ReduceSinkOperator: Initializing Operator: RS[4]
2024-04-24T06:28:40,774  INFO [LocalJobRunner Map Task Executor #0] exec.ReduceSinkOperator: Using tag = -1
2024-04-24T06:28:40,775  INFO [LocalJobRunner Map Task Executor #0] exec.ReduceSinkOperator: keys are [reducesinkkey0] num distributions: 1
2024-04-24T06:28:40,775  INFO [LocalJobRunner Map Task Executor #0] exec.ReduceSinkOperator: RS[4]: records written - 1
2024-04-24T06:28:40,775  INFO [LocalJobRunner Map Task Executor #0] exec.MapOperator: MAP[0]: records read - 1
2024-04-24T06:28:40,775  INFO [LocalJobRunner Map Task Executor #0] exec.MapOperator: Closing Operator: MAP[0]
2024-04-24T06:28:40,775  INFO [LocalJobRunner Map Task Executor #0] exec.MapOperator: MAP[0]: Total records read - 3. abort - false
2024-04-24T06:28:40,775  INFO [LocalJobRunner Map Task Executor #0] exec.MapOperator: RECORDS_OUT_INTERMEDIATE:0, DESERIALIZE_ERRORS:0, RECORDS_OUT_OPERATOR_MAP_0:0, RECORDS_IN:3, 
2024-04-24T06:28:40,775  INFO [LocalJobRunner Map Task Executor #0] exec.TableScanOperator: Closing Operator: TS[0]
2024-04-24T06:28:40,775  INFO [LocalJobRunner Map Task Executor #0] exec.TableScanOperator: RECORDS_OUT_OPERATOR_TS_0:1, RECORDS_OUT_INTERMEDIATE:0, 
2024-04-24T06:28:40,775  INFO [LocalJobRunner Map Task Executor #0] exec.SelectOperator: Closing Operator: SEL[1]
2024-04-24T06:28:40,775  INFO [LocalJobRunner Map Task Executor #0] exec.SelectOperator: RECORDS_OUT_OPERATOR_SEL_1:1, RECORDS_OUT_INTERMEDIATE:0, 
2024-04-24T06:28:40,775  INFO [LocalJobRunner Map Task Executor #0] exec.UDTFOperator: Closing Operator: UDTF[2]
2024-04-24T06:28:40,776  INFO [LocalJobRunner Map Task Executor #0] exec.UDTFOperator: RECORDS_OUT_OPERATOR_UDTF_2:2, RECORDS_OUT_INTERMEDIATE:0, 
2024-04-24T06:28:40,776  INFO [LocalJobRunner Map Task Executor #0] exec.SelectOperator: Closing Operator: SEL[3]
2024-04-24T06:28:40,776  INFO [LocalJobRunner Map Task Executor #0] exec.SelectOperator: RECORDS_OUT_OPERATOR_SEL_3:2, RECORDS_OUT_INTERMEDIATE:0, 
2024-04-24T06:28:40,776  INFO [LocalJobRunner Map Task Executor #0] exec.ReduceSinkOperator: Closing Operator: RS[4]
2024-04-24T06:28:40,776  INFO [LocalJobRunner Map Task Executor #0] exec.ReduceSinkOperator: RS[4]: Total records written - 2. abort - false
2024-04-24T06:28:40,776  INFO [LocalJobRunner Map Task Executor #0] exec.ReduceSinkOperator: RECORDS_OUT_INTERMEDIATE:2, RECORDS_OUT_OPERATOR_RS_4:2, 
2024-04-24T06:28:40,778  INFO [LocalJobRunner Map Task Executor #0] mapred.LocalJobRunner: 
2024-04-24T06:28:40,778  INFO [LocalJobRunner Map Task Executor #0] mapred.MapTask: Starting flush of map output
2024-04-24T06:28:40,778  INFO [LocalJobRunner Map Task Executor #0] mapred.MapTask: Spilling map output
2024-04-24T06:28:40,778  INFO [LocalJobRunner Map Task Executor #0] mapred.MapTask: bufstart = 0; bufend = 32; bufvoid = 104857600
2024-04-24T06:28:40,778  INFO [LocalJobRunner Map Task Executor #0] mapred.MapTask: kvstart = 26214396(104857584); kvend = 26214392(104857568); length = 5/6553600
2024-04-24T06:28:40,788  INFO [LocalJobRunner Map Task Executor #0] mapred.MapTask: Finished spill 0
2024-04-24T06:28:40,793  INFO [LocalJobRunner Map Task Executor #0] mapred.Task: Task:attempt_local698712291_0030_m_000000_0 is done. And is in the process of committing
2024-04-24T06:28:40,793  INFO [LocalJobRunner Map Task Executor #0] mapred.LocalJobRunner: map
2024-04-24T06:28:40,793  INFO [LocalJobRunner Map Task Executor #0] mapred.Task: Task 'attempt_local698712291_0030_m_000000_0' done.
2024-04-24T06:28:40,793  INFO [LocalJobRunner Map Task Executor #0] mapred.Task: Final Counters for attempt_local698712291_0030_m_000000_0: Counters: 26
	File System Counters
		FILE: Number of bytes read=606891
		FILE: Number of bytes written=35397753
		FILE: Number of read operations=0
		FILE: Number of large read operations=0
		FILE: Number of write operations=0
	Map-Reduce Framework
		Map input records=4
		Map output records=2
		Map output bytes=32
		Map output materialized bytes=48
		Input split bytes=361
		Combine input records=0
		Spilled Records=2
		Failed Shuffles=0
		Merged Map outputs=0
		GC time elapsed (ms)=0
		Total committed heap usage (bytes)=1255669760
	HIVE
		DESERIALIZE_ERRORS=0
		RECORDS_IN=3
		RECORDS_OUT_INTERMEDIATE=2
		RECORDS_OUT_OPERATOR_MAP_0=0
		RECORDS_OUT_OPERATOR_RS_4=2
		RECORDS_OUT_OPERATOR_SEL_1=1
		RECORDS_OUT_OPERATOR_SEL_3=2
		RECORDS_OUT_OPERATOR_TS_0=1
		RECORDS_OUT_OPERATOR_UDTF_2=2
	File Input Format Counters 
		Bytes Read=5019
2024-04-24T06:28:40,793  INFO [LocalJobRunner Map Task Executor #0] mapred.LocalJobRunner: Finishing task: attempt_local698712291_0030_m_000000_0
2024-04-24T06:28:40,793  INFO [Thread-2417] mapred.LocalJobRunner: map task executor complete.
2024-04-24T06:28:40,794  INFO [Thread-2417] mapred.LocalJobRunner: Waiting for reduce tasks
2024-04-24T06:28:40,795  INFO [pool-152-thread-1] mapred.LocalJobRunner: Starting task: attempt_local698712291_0030_r_000000_0
2024-04-24T06:28:40,797  INFO [pool-152-thread-1] mapred.Task:  Using ResourceCalculatorProcessTree : [ ]
2024-04-24T06:28:40,797  INFO [pool-152-thread-1] mapred.ReduceTask: Using ShuffleConsumerPlugin: org.apache.hadoop.mapreduce.task.reduce.Shuffle@6627f1e7
2024-04-24T06:28:40,797  WARN [pool-152-thread-1] impl.MetricsSystemImpl: JobTracker metrics system already initialized!
2024-04-24T06:28:40,798  INFO [pool-152-thread-1] reduce.MergeManagerImpl: MergerManager: memoryLimit=1336252800, maxSingleShuffleLimit=334063200, mergeThreshold=881926912, ioSortFactor=10, memToMemMergeOutputsThreshold=10
2024-04-24T06:28:40,799  INFO [EventFetcher for fetching Map Completion Events] reduce.EventFetcher: attempt_local698712291_0030_r_000000_0 Thread started: EventFetcher for fetching Map Completion Events
2024-04-24T06:28:40,801  INFO [localfetcher#43] reduce.LocalFetcher: localfetcher#43 about to shuffle output of map attempt_local698712291_0030_m_000000_0 decomp: 20 len: 24 to MEMORY
2024-04-24T06:28:40,801  INFO [localfetcher#43] reduce.InMemoryMapOutput: Read 20 bytes from map-output for attempt_local698712291_0030_m_000000_0
2024-04-24T06:28:40,801  INFO [localfetcher#43] reduce.MergeManagerImpl: closeInMemoryFile -> map-output of size: 20, inMemoryMapOutputs.size() -> 1, commitMemory -> 0, usedMemory ->20
2024-04-24T06:28:40,802  INFO [EventFetcher for fetching Map Completion Events] reduce.EventFetcher: EventFetcher is interrupted.. Returning
2024-04-24T06:28:40,802  INFO [pool-152-thread-1] mapred.LocalJobRunner: 1 / 1 copied.
2024-04-24T06:28:40,802  INFO [pool-152-thread-1] reduce.MergeManagerImpl: finalMerge called with 1 in-memory map-outputs and 0 on-disk map-outputs
2024-04-24T06:28:40,808  INFO [pool-152-thread-1] mapred.Merger: Merging 1 sorted segments
2024-04-24T06:28:40,808  INFO [pool-152-thread-1] mapred.Merger: Down to the last merge-pass, with 1 segments left of total size: 8 bytes
2024-04-24T06:28:40,811  INFO [pool-152-thread-1] reduce.MergeManagerImpl: Merged 1 segments, 20 bytes to disk to satisfy reduce memory limit
2024-04-24T06:28:40,811  INFO [pool-152-thread-1] reduce.MergeManagerImpl: Merging 1 files, 24 bytes from disk
2024-04-24T06:28:40,811  INFO [pool-152-thread-1] reduce.MergeManagerImpl: Merging 0 segments, 0 bytes from memory into reduce
2024-04-24T06:28:40,811  INFO [pool-152-thread-1] mapred.Merger: Merging 1 sorted segments
2024-04-24T06:28:40,811  INFO [pool-152-thread-1] mapred.Merger: Down to the last merge-pass, with 1 segments left of total size: 8 bytes
2024-04-24T06:28:40,811  INFO [pool-152-thread-1] mapred.LocalJobRunner: 1 / 1 copied.
2024-04-24T06:28:40,812  INFO [pool-152-thread-1] exec.SerializationUtilities: Deserializing ReduceWork using kryo
2024-04-24T06:28:40,812  INFO [pool-152-thread-1] exec.Utilities: Deserialized plan (via FILE) - name: null size: 5,92KB
2024-04-24T06:28:40,813  INFO [pool-152-thread-1] ExecReducer: 
<SEL>Id =5
  <Children>
    <FS>Id =6
      <Children>
      <\Children>
      <Parent>Id = 5 null<\Parent>
    <\FS>
  <\Children>
  <Parent><\Parent>
<\SEL>
2024-04-24T06:28:40,813  INFO [pool-152-thread-1] exec.SelectOperator: Initializing Operator: SEL[5]
2024-04-24T06:28:40,813  INFO [pool-152-thread-1] exec.SelectOperator: SELECT struct<key:struct<reducesinkkey0:int>,value:struct<_col0:int>>
2024-04-24T06:28:40,813  INFO [pool-152-thread-1] exec.FileSinkOperator: Initializing Operator: FS[6]
2024-04-24T06:28:40,813  INFO [pool-152-thread-1] exec.FileSinkOperator: Using serializer : AbstractSerDe [log=org.apache.logging.slf4j.Log4jLogger@3c370966, configuration=Optional[Configuration: core-default.xml, core-site.xml, mapred-default.xml, mapred-site.xml, yarn-default.xml, yarn-site.xml, hdfs-default.xml, hdfs-site.xml, file:/home/alex/Repositories/hive/ql/target/tmp/TestTxnCommands/mapred/local/localRunner/alex/job_local698712291_0030/job_local698712291_0030.xml], properties={transactional_properties=default, name=default.acidtbl, transactional=true, columns.types=int:int, bucket_field_name=a, columns=a,b, numFilesErasureCoded=0, columns.comments=&amp#0;, bucketing_version=2, bucket_count=2, serialization.lib=org.apache.hadoop.hive.ql.io.orc.OrcSerde, file.inputformat=org.apache.hadoop.hive.ql.io.orc.OrcInputFormat, file.outputformat=org.apache.hadoop.hive.ql.io.orc.OrcOutputFormat, location=file:/home/alex/Repositories/hive/ql/target/tmp/org.apache.hadoop.hive.ql.TestTxnCommands-1713965238357/warehouse/acidtbl, column.name.delimiter=,}, tableProperties={transactional_properties=default, name=default.acidtbl, transactional=true, columns.types=int:int, bucket_field_name=a, columns=a,b, numFilesErasureCoded=0, columns.comments=&amp#0;, bucketing_version=2, bucket_count=2, serialization.lib=org.apache.hadoop.hive.ql.io.orc.OrcSerde, file.inputformat=org.apache.hadoop.hive.ql.io.orc.OrcInputFormat, location=file:/home/alex/Repositories/hive/ql/target/tmp/org.apache.hadoop.hive.ql.TestTxnCommands-1713965238357/warehouse/acidtbl, file.outputformat=org.apache.hadoop.hive.ql.io.orc.OrcOutputFormat, column.name.delimiter=,}, partitionProperties=Optional.empty, columnNames=[a, b], columnTypes=[int, int], getClass()=class org.apache.hadoop.hive.ql.io.orc.OrcSerde] and formatter : org.apache.hadoop.hive.ql.io.orc.OrcOutputFormat@4cce02ea
2024-04-24T06:28:40,814  INFO [pool-152-thread-1] exec.FileSinkOperator: Final Path: FS file:/home/alex/Repositories/hive/ql/target/tmp/org.apache.hadoop.hive.ql.TestTxnCommands-1713965238357/warehouse/acidtbl
2024-04-24T06:28:40,814  INFO [pool-152-thread-1] exec.FileSinkOperator: New Final Path: FS file:/home/alex/Repositories/hive/ql/target/tmp/org.apache.hadoop.hive.ql.TestTxnCommands-1713965238357/warehouse/acidtbl
2024-04-24T06:28:40,814  INFO [pool-152-thread-1] common.FileUtils: Creating directory if it doesn't exist: file:/home/alex/Repositories/hive/ql/target/tmp/org.apache.hadoop.hive.ql.TestTxnCommands-1713965238357/warehouse
2024-04-24T06:28:40,814  INFO [pool-152-thread-1] exec.FileSinkOperator: FS[6]: records written - 1
2024-04-24T06:28:40,814  INFO [pool-152-thread-1] impl.PhysicalFsWriter: ORC writer created for path: file:/home/alex/Repositories/hive/ql/target/tmp/org.apache.hadoop.hive.ql.TestTxnCommands-1713965238357/warehouse/acidtbl/delta_0000001_0000001_0000/bucket_00000_0 with stripeSize: 8388608 blockSize: 268435456 compression: Compress: ZLIB buffer: 32768
2024-04-24T06:28:40,821  INFO [pool-152-thread-1] impl.WriterImpl: ORC writer created for path: file:/home/alex/Repositories/hive/ql/target/tmp/org.apache.hadoop.hive.ql.TestTxnCommands-1713965238357/warehouse/acidtbl/delta_0000001_0000001_0000/bucket_00000_0 with stripeSize: 8388608 options: Compress: ZLIB buffer: 32768
2024-04-24T06:28:40,826  INFO [pool-152-thread-1] exec.SelectOperator: Closing Operator: SEL[5]
2024-04-24T06:28:40,826  INFO [pool-152-thread-1] exec.SelectOperator: RECORDS_OUT_OPERATOR_SEL_5:1, RECORDS_OUT_INTERMEDIATE:0, 
2024-04-24T06:28:40,826  INFO [pool-152-thread-1] exec.FileSinkOperator: Closing Operator: FS[6]
2024-04-24T06:28:40,826  INFO [pool-152-thread-1] exec.FileSinkOperator: FS[6]: records written - 1
2024-04-24T06:28:40,828  INFO [pool-152-thread-1] FileOperations: Writing manifest to file:/home/alex/Repositories/hive/ql/target/tmp/org.apache.hadoop.hive.ql.TestTxnCommands-1713965238357/warehouse/acidtbl/_tmp.delta_0000001_0000001_0000/000000_0.manifest with [file:/home/alex/Repositories/hive/ql/target/tmp/org.apache.hadoop.hive.ql.TestTxnCommands-1713965238357/warehouse/acidtbl/delta_0000001_0000001_0000/bucket_00000_0]
2024-04-24T06:28:40,839  INFO [pool-152-thread-1] exec.FileSinkOperator: TOTAL_TABLE_ROWS_WRITTEN:1, RECORDS_OUT_INTERMEDIATE:0, RECORDS_OUT_1_default.acidtbl:1, RECORDS_OUT_OPERATOR_FS_6:1, 
2024-04-24T06:28:40,840  INFO [pool-152-thread-1] mapred.Task: Task:attempt_local698712291_0030_r_000000_0 is done. And is in the process of committing
2024-04-24T06:28:40,840  INFO [pool-152-thread-1] mapred.LocalJobRunner: reduce > reduce
2024-04-24T06:28:40,840  INFO [pool-152-thread-1] mapred.Task: Task 'attempt_local698712291_0030_r_000000_0' done.
2024-04-24T06:28:40,840  INFO [pool-152-thread-1] mapred.Task: Final Counters for attempt_local698712291_0030_r_000000_0: Counters: 30
	File System Counters
		FILE: Number of bytes read=612996
		FILE: Number of bytes written=35398792
		FILE: Number of read operations=0
		FILE: Number of large read operations=0
		FILE: Number of write operations=0
	Map-Reduce Framework
		Combine input records=0
		Combine output records=0
		Reduce input groups=1
		Reduce shuffle bytes=24
		Reduce input records=1
		Reduce output records=0
		Spilled Records=1
		Shuffled Maps =1
		Failed Shuffles=0
		Merged Map outputs=1
		GC time elapsed (ms)=0
		Total committed heap usage (bytes)=1255669760
	HIVE
		CREATED_FILES=1
		RECORDS_OUT_1_default.acidtbl=1
		RECORDS_OUT_INTERMEDIATE=0
		RECORDS_OUT_OPERATOR_FS_6=1
		RECORDS_OUT_OPERATOR_SEL_5=1
		TOTAL_TABLE_ROWS_WRITTEN=1
	Shuffle Errors
		BAD_ID=0
		CONNECTION=0
		IO_ERROR=0
		WRONG_LENGTH=0
		WRONG_MAP=0
		WRONG_REDUCE=0
	File Output Format Counters 
		Bytes Written=0
2024-04-24T06:28:40,840  INFO [pool-152-thread-1] mapred.LocalJobRunner: Finishing task: attempt_local698712291_0030_r_000000_0
2024-04-24T06:28:40,840  INFO [pool-152-thread-1] mapred.LocalJobRunner: Starting task: attempt_local698712291_0030_r_000001_0
2024-04-24T06:28:40,841  INFO [pool-152-thread-1] mapred.Task:  Using ResourceCalculatorProcessTree : [ ]
2024-04-24T06:28:40,841  INFO [pool-152-thread-1] mapred.ReduceTask: Using ShuffleConsumerPlugin: org.apache.hadoop.mapreduce.task.reduce.Shuffle@85db008
2024-04-24T06:28:40,841  WARN [pool-152-thread-1] impl.MetricsSystemImpl: JobTracker metrics system already initialized!
2024-04-24T06:28:40,842  INFO [pool-152-thread-1] reduce.MergeManagerImpl: MergerManager: memoryLimit=1336252800, maxSingleShuffleLimit=334063200, mergeThreshold=881926912, ioSortFactor=10, memToMemMergeOutputsThreshold=10
2024-04-24T06:28:40,843  INFO [EventFetcher for fetching Map Completion Events] reduce.EventFetcher: attempt_local698712291_0030_r_000001_0 Thread started: EventFetcher for fetching Map Completion Events
2024-04-24T06:28:40,845  INFO [localfetcher#44] reduce.LocalFetcher: localfetcher#44 about to shuffle output of map attempt_local698712291_0030_m_000000_0 decomp: 20 len: 24 to MEMORY
2024-04-24T06:28:40,846  INFO [localfetcher#44] reduce.InMemoryMapOutput: Read 20 bytes from map-output for attempt_local698712291_0030_m_000000_0
2024-04-24T06:28:40,846  INFO [localfetcher#44] reduce.MergeManagerImpl: closeInMemoryFile -> map-output of size: 20, inMemoryMapOutputs.size() -> 1, commitMemory -> 0, usedMemory ->20
2024-04-24T06:28:40,846  INFO [EventFetcher for fetching Map Completion Events] reduce.EventFetcher: EventFetcher is interrupted.. Returning
2024-04-24T06:28:40,846  INFO [pool-152-thread-1] mapred.LocalJobRunner: 1 / 1 copied.
2024-04-24T06:28:40,848  INFO [pool-152-thread-1] reduce.MergeManagerImpl: finalMerge called with 1 in-memory map-outputs and 0 on-disk map-outputs
2024-04-24T06:28:40,854  INFO [pool-152-thread-1] mapred.Merger: Merging 1 sorted segments
2024-04-24T06:28:40,854  INFO [pool-152-thread-1] mapred.Merger: Down to the last merge-pass, with 1 segments left of total size: 8 bytes
2024-04-24T06:28:40,856  INFO [pool-152-thread-1] reduce.MergeManagerImpl: Merged 1 segments, 20 bytes to disk to satisfy reduce memory limit
2024-04-24T06:28:40,856  INFO [pool-152-thread-1] reduce.MergeManagerImpl: Merging 1 files, 24 bytes from disk
2024-04-24T06:28:40,856  INFO [pool-152-thread-1] reduce.MergeManagerImpl: Merging 0 segments, 0 bytes from memory into reduce
2024-04-24T06:28:40,856  INFO [pool-152-thread-1] mapred.Merger: Merging 1 sorted segments
2024-04-24T06:28:40,857  INFO [pool-152-thread-1] mapred.Merger: Down to the last merge-pass, with 1 segments left of total size: 8 bytes
2024-04-24T06:28:40,857  INFO [pool-152-thread-1] mapred.LocalJobRunner: 1 / 1 copied.
2024-04-24T06:28:40,857  INFO [pool-152-thread-1] exec.SerializationUtilities: Deserializing ReduceWork using kryo
2024-04-24T06:28:40,857  INFO [pool-152-thread-1] exec.Utilities: Deserialized plan (via FILE) - name: null size: 5,92KB
2024-04-24T06:28:40,858  INFO [pool-152-thread-1] ExecReducer: 
<SEL>Id =5
  <Children>
    <FS>Id =6
      <Children>
      <\Children>
      <Parent>Id = 5 null<\Parent>
    <\FS>
  <\Children>
  <Parent><\Parent>
<\SEL>
2024-04-24T06:28:40,858  INFO [pool-152-thread-1] exec.SelectOperator: Initializing Operator: SEL[5]
2024-04-24T06:28:40,858  INFO [pool-152-thread-1] exec.SelectOperator: SELECT struct<key:struct<reducesinkkey0:int>,value:struct<_col0:int>>
2024-04-24T06:28:40,858  INFO [pool-152-thread-1] exec.FileSinkOperator: Initializing Operator: FS[6]
2024-04-24T06:28:40,859  INFO [pool-152-thread-1] exec.FileSinkOperator: Using serializer : AbstractSerDe [log=org.apache.logging.slf4j.Log4jLogger@3c370966, configuration=Optional[Configuration: core-default.xml, core-site.xml, mapred-default.xml, mapred-site.xml, yarn-default.xml, yarn-site.xml, hdfs-default.xml, hdfs-site.xml, file:/home/alex/Repositories/hive/ql/target/tmp/TestTxnCommands/mapred/local/localRunner/alex/job_local698712291_0030/job_local698712291_0030.xml], properties={transactional_properties=default, name=default.acidtbl, transactional=true, columns.types=int:int, bucket_field_name=a, columns=a,b, numFilesErasureCoded=0, columns.comments=&amp#0;, bucketing_version=2, bucket_count=2, serialization.lib=org.apache.hadoop.hive.ql.io.orc.OrcSerde, file.inputformat=org.apache.hadoop.hive.ql.io.orc.OrcInputFormat, file.outputformat=org.apache.hadoop.hive.ql.io.orc.OrcOutputFormat, location=file:/home/alex/Repositories/hive/ql/target/tmp/org.apache.hadoop.hive.ql.TestTxnCommands-1713965238357/warehouse/acidtbl, column.name.delimiter=,}, tableProperties={transactional_properties=default, name=default.acidtbl, transactional=true, columns.types=int:int, bucket_field_name=a, columns=a,b, numFilesErasureCoded=0, columns.comments=&amp#0;, bucketing_version=2, bucket_count=2, serialization.lib=org.apache.hadoop.hive.ql.io.orc.OrcSerde, file.inputformat=org.apache.hadoop.hive.ql.io.orc.OrcInputFormat, location=file:/home/alex/Repositories/hive/ql/target/tmp/org.apache.hadoop.hive.ql.TestTxnCommands-1713965238357/warehouse/acidtbl, file.outputformat=org.apache.hadoop.hive.ql.io.orc.OrcOutputFormat, column.name.delimiter=,}, partitionProperties=Optional.empty, columnNames=[a, b], columnTypes=[int, int], getClass()=class org.apache.hadoop.hive.ql.io.orc.OrcSerde] and formatter : org.apache.hadoop.hive.ql.io.orc.OrcOutputFormat@6dfb55ab
2024-04-24T06:28:40,859  INFO [pool-152-thread-1] exec.FileSinkOperator: Final Path: FS file:/home/alex/Repositories/hive/ql/target/tmp/org.apache.hadoop.hive.ql.TestTxnCommands-1713965238357/warehouse/acidtbl
2024-04-24T06:28:40,859  INFO [pool-152-thread-1] exec.FileSinkOperator: New Final Path: FS file:/home/alex/Repositories/hive/ql/target/tmp/org.apache.hadoop.hive.ql.TestTxnCommands-1713965238357/warehouse/acidtbl
2024-04-24T06:28:40,859  INFO [pool-152-thread-1] common.FileUtils: Creating directory if it doesn't exist: file:/home/alex/Repositories/hive/ql/target/tmp/org.apache.hadoop.hive.ql.TestTxnCommands-1713965238357/warehouse
2024-04-24T06:28:40,860  INFO [pool-152-thread-1] exec.FileSinkOperator: FS[6]: records written - 1
2024-04-24T06:28:40,860  INFO [pool-152-thread-1] impl.PhysicalFsWriter: ORC writer created for path: file:/home/alex/Repositories/hive/ql/target/tmp/org.apache.hadoop.hive.ql.TestTxnCommands-1713965238357/warehouse/acidtbl/delta_0000001_0000001_0000/bucket_00001_0 with stripeSize: 8388608 blockSize: 268435456 compression: Compress: ZLIB buffer: 32768
2024-04-24T06:28:40,865  INFO [pool-152-thread-1] impl.WriterImpl: ORC writer created for path: file:/home/alex/Repositories/hive/ql/target/tmp/org.apache.hadoop.hive.ql.TestTxnCommands-1713965238357/warehouse/acidtbl/delta_0000001_0000001_0000/bucket_00001_0 with stripeSize: 8388608 options: Compress: ZLIB buffer: 32768
2024-04-24T06:28:40,865  INFO [pool-152-thread-1] exec.SelectOperator: Closing Operator: SEL[5]
2024-04-24T06:28:40,865  INFO [pool-152-thread-1] exec.SelectOperator: RECORDS_OUT_INTERMEDIATE:0, RECORDS_OUT_OPERATOR_SEL_5:1, 
2024-04-24T06:28:40,865  INFO [pool-152-thread-1] exec.FileSinkOperator: Closing Operator: FS[6]
2024-04-24T06:28:40,865  INFO [pool-152-thread-1] exec.FileSinkOperator: FS[6]: records written - 1
2024-04-24T06:28:40,866  INFO [pool-152-thread-1] FileOperations: Writing manifest to file:/home/alex/Repositories/hive/ql/target/tmp/org.apache.hadoop.hive.ql.TestTxnCommands-1713965238357/warehouse/acidtbl/_tmp.delta_0000001_0000001_0000/000001_0.manifest with [file:/home/alex/Repositories/hive/ql/target/tmp/org.apache.hadoop.hive.ql.TestTxnCommands-1713965238357/warehouse/acidtbl/delta_0000001_0000001_0000/bucket_00001_0]
2024-04-24T06:28:40,876  INFO [pool-152-thread-1] exec.FileSinkOperator: RECORDS_OUT_INTERMEDIATE:0, TOTAL_TABLE_ROWS_WRITTEN:1, RECORDS_OUT_OPERATOR_FS_6:1, RECORDS_OUT_1_default.acidtbl:1, 
2024-04-24T06:28:40,877  INFO [pool-152-thread-1] mapred.Task: Task:attempt_local698712291_0030_r_000001_0 is done. And is in the process of committing
2024-04-24T06:28:40,877  INFO [pool-152-thread-1] mapred.LocalJobRunner: reduce > reduce
2024-04-24T06:28:40,877  INFO [pool-152-thread-1] mapred.Task: Task 'attempt_local698712291_0030_r_000001_0' done.
2024-04-24T06:28:40,877  INFO [pool-152-thread-1] mapred.Task: Final Counters for attempt_local698712291_0030_r_000001_0: Counters: 30
	File System Counters
		FILE: Number of bytes read=619077
		FILE: Number of bytes written=35399820
		FILE: Number of read operations=0
		FILE: Number of large read operations=0
		FILE: Number of write operations=0
	Map-Reduce Framework
		Combine input records=0
		Combine output records=0
		Reduce input groups=1
		Reduce shuffle bytes=24
		Reduce input records=1
		Reduce output records=0
		Spilled Records=1
		Shuffled Maps =1
		Failed Shuffles=0
		Merged Map outputs=1
		GC time elapsed (ms)=0
		Total committed heap usage (bytes)=1255669760
	HIVE
		CREATED_FILES=1
		RECORDS_OUT_1_default.acidtbl=1
		RECORDS_OUT_INTERMEDIATE=0
		RECORDS_OUT_OPERATOR_FS_6=1
		RECORDS_OUT_OPERATOR_SEL_5=1
		TOTAL_TABLE_ROWS_WRITTEN=1
	Shuffle Errors
		BAD_ID=0
		CONNECTION=0
		IO_ERROR=0
		WRONG_LENGTH=0
		WRONG_MAP=0
		WRONG_REDUCE=0
	File Output Format Counters 
		Bytes Written=0
2024-04-24T06:28:40,877  INFO [pool-152-thread-1] mapred.LocalJobRunner: Finishing task: attempt_local698712291_0030_r_000001_0
2024-04-24T06:28:40,877  INFO [Thread-2417] mapred.LocalJobRunner: reduce task executor complete.
2024-04-24 06:28:41,761 Stage-1 map = 100%,  reduce = 100%
2024-04-24T06:28:41,761  INFO [main] exec.Task: 2024-04-24 06:28:41,761 Stage-1 map = 100%,  reduce = 100%
Ended Job = job_local698712291_0030
2024-04-24T06:28:41,762  INFO [main] exec.Task: Ended Job = job_local698712291_0030
2024-04-24T06:28:41,762  INFO [main] FileOperations: Found manifest file file:/home/alex/Repositories/hive/ql/target/tmp/org.apache.hadoop.hive.ql.TestTxnCommands-1713965238357/warehouse/acidtbl/_tmp.delta_0000001_0000001_0000/000001_0.manifest with attemptId 0.
2024-04-24T06:28:41,762  INFO [main] FileOperations: Found manifest file file:/home/alex/Repositories/hive/ql/target/tmp/org.apache.hadoop.hive.ql.TestTxnCommands-1713965238357/warehouse/acidtbl/_tmp.delta_0000001_0000001_0000/000000_0.manifest with attemptId 0.
2024-04-24T06:28:41,763  INFO [main] FileOperations: Looking at manifest file: file:/home/alex/Repositories/hive/ql/target/tmp/org.apache.hadoop.hive.ql.TestTxnCommands-1713965238357/warehouse/acidtbl/_tmp.delta_0000001_0000001_0000/000000_0.manifest
2024-04-24T06:28:41,763  INFO [main] FileOperations: Looking at manifest file: file:/home/alex/Repositories/hive/ql/target/tmp/org.apache.hadoop.hive.ql.TestTxnCommands-1713965238357/warehouse/acidtbl/_tmp.delta_0000001_0000001_0000/000001_0.manifest
2024-04-24T06:28:41,763  INFO [main] FileOperations: Deleting manifest directory file:/home/alex/Repositories/hive/ql/target/tmp/org.apache.hadoop.hive.ql.TestTxnCommands-1713965238357/warehouse/acidtbl/_tmp.delta_0000001_0000001_0000
2024-04-24T06:28:41,764  INFO [main] ql.Driver: Starting task [Stage-0:MOVE] in serial mode
Loading data to table default.acidtbl
2024-04-24T06:28:41,764  INFO [main] exec.Task: Loading data to table default.acidtbl from file:/home/alex/Repositories/hive/ql/target/tmp/org.apache.hadoop.hive.ql.TestTxnCommands-1713965238357/warehouse/acidtbl
2024-04-24T06:28:41,764  INFO [main] HiveMetaStore.audit: ugi=alex	ip=unknown-ip-addr	cmd=get_table : tbl=hive.default.acidtbl	
2024-04-24T06:28:41,771  INFO [main] metastore.HMSHandler: Skipping translation for processor with null
2024-04-24T06:28:41,771  INFO [main] HiveMetaStore.audit: ugi=alex	ip=unknown-ip-addr	cmd=get_table : tbl=hive.default.acidtbl	
2024-04-24T06:28:41,777  INFO [main] metastore.HMSHandler: Skipping translation for processor with null
2024-04-24T06:28:41,777  INFO [main] HiveMetaStore.audit: ugi=alex	ip=unknown-ip-addr	cmd=alter_table: hive.default.acidtbl newtbl=acidtbl	
2024-04-24T06:28:41,809  INFO [main] ql.Driver: Starting task [Stage-2:STATS] in serial mode
2024-04-24T06:28:41,810  INFO [main] HiveMetaStore.audit: ugi=alex	ip=unknown-ip-addr	cmd=get_table : tbl=hive.default.acidtbl	
2024-04-24T06:28:41,816  INFO [main] metastore.HMSHandler: Skipping translation for processor with null
2024-04-24T06:28:41,816  INFO [main] stats.BasicStatsTask: Executing stats task
2024-04-24T06:28:41,816  INFO [main] fs.FSStatsPublisher: created : file:/home/alex/Repositories/hive/ql/target/tmp/localscratchdir/8020f318-b11f-4506-93c0-1f8022ec755a/hive_2024-04-24_06-28-40_286_1882555931661683395-1/-mr-10000
2024-04-24T06:28:41,818  INFO [main] HiveMetaStore.audit: ugi=alex	ip=unknown-ip-addr	cmd=get_table : tbl=hive.default.acidtbl	
2024-04-24T06:28:41,824  INFO [main] metastore.HMSHandler: Skipping translation for processor with null
2024-04-24T06:28:41,836  WARN [main] FileOperations: Computing stats for an ACID table; stats may be inaccurate
2024-04-24T06:28:41,836  INFO [main] FileOperations: Read stats for default.acidtbl/, numRows, true, 2, false: 
2024-04-24T06:28:41,836  INFO [main] FileOperations: Read stats for default.acidtbl/, rawDataSize, true, 0, false: 
2024-04-24T06:28:41,837  INFO [main] HiveMetaStore.audit: ugi=alex	ip=unknown-ip-addr	cmd=alter_table: hive.default.acidtbl newtbl=acidtbl	
2024-04-24T06:28:41,857  INFO [main] FileOperations: Read stats for default.acidtbl/, insertCount, true, 2, false: 
2024-04-24T06:28:41,857  INFO [main] FileOperations: Read stats for default.acidtbl/, updateCount, true, 0, false: 
2024-04-24T06:28:41,857  INFO [main] FileOperations: Read stats for default.acidtbl/, deleteCount, true, 0, false: 
2024-04-24T06:28:41,859  INFO [main] stats.BasicStatsTask: Table default.acidtbl stats: [numFiles=2, numRows=2, totalSize=1344, rawDataSize=0, numFilesErasureCoded=0]
2024-04-24T06:28:41,860  INFO [main] metadata.Hive: Dumping metastore api call timing information for : execution phase
2024-04-24T06:28:41,860  INFO [main] metadata.Hive: Total time spent in each metastore function (ms): {getTable_(GetTableRequest)=25, isCompatibleWith_(Configuration)=1, updateTransactionalStatistics_(UpdateTransactionalStatsRequest)=2, alter_table_(String, String, String, Table, EnvironmentContext, String)=52}
MapReduce Jobs Launched: 
2024-04-24T06:28:41,860  INFO [main] ql.Driver: MapReduce Jobs Launched: 
Stage-Stage-1:  HDFS Read: 0 HDFS Write: 0 SUCCESS
2024-04-24T06:28:41,860  INFO [main] ql.Driver: Stage-Stage-1:  HDFS Read: 0 HDFS Write: 0 SUCCESS
Total MapReduce CPU Time Spent: 0 msec
2024-04-24T06:28:41,860  INFO [main] ql.Driver: Total MapReduce CPU Time Spent: 0 msec
2024-04-24T06:28:41,860  INFO [main] ql.Driver: Completed executing command(queryId=alex_20240424062840_63138782-6ce4-4ab8-8ea6-2dcd824f3e72); Time taken: 1.363 seconds
2024-04-24T06:28:41,860  INFO [main] lockmgr.DbTxnManager: Stopped heartbeat for query: alex_20240424062840_63138782-6ce4-4ab8-8ea6-2dcd824f3e72
2024-04-24T06:28:41,869  INFO [main] txn.TxnHandler: Removed transactions: ([13]) from MIN_HISTORY_LEVEL
2024-04-24T06:28:41,870  WARN [main] txn.CompactionTxnHandler: No compaction queue record found for Compaction type transaction commit. txnId:13
2024-04-24T06:28:41,870  INFO [main] ql.TxnCommandsBaseForTests: Running the query: select a,b from acidTbl order by a,b
2024-04-24T06:28:41,870  INFO [main] ql.Context: Deleting scratch dir: file:/home/alex/Repositories/hive/ql/target/tmp/localscratchdir/8020f318-b11f-4506-93c0-1f8022ec755a/hive_2024-04-24_06-28-40_286_1882555931661683395-1
2024-04-24T06:28:41,871  INFO [main] cleanup.SyncCleanupService: Deleted directory: file:/home/alex/Repositories/hive/ql/target/tmp/localscratchdir/8020f318-b11f-4506-93c0-1f8022ec755a/hive_2024-04-24_06-28-40_286_1882555931661683395-1 on fs with scheme file
2024-04-24T06:28:41,871  INFO [main] ql.Driver: Compiling command(queryId=alex_20240424062841_8fb86de0-7775-4422-bbbd-73c0638e3cec): select a,b from acidTbl order by a,b
2024-04-24T06:28:41,873  INFO [main] txn.TxnHandler: Added entries to MIN_HISTORY_LEVEL for current txns: ([14]) with min_open_txn: 14
2024-04-24T06:28:41,874  INFO [main] lockmgr.DbTxnManager: Opened txnid:14
2024-04-24T06:28:41,874  INFO [main] parse.CalcitePlanner: Starting caching scope for: 
2024-04-24T06:28:41,874  INFO [main] parse.CalcitePlanner: Starting Semantic Analysis
2024-04-24T06:28:41,876  INFO [main] parse.CalcitePlanner: Completed phase 1 of Semantic Analysis
2024-04-24T06:28:41,877  INFO [main] parse.CalcitePlanner: Get metadata for source tables
2024-04-24T06:28:41,877  INFO [main] HiveMetaStore.audit: ugi=alex	ip=unknown-ip-addr	cmd=get_table : tbl=hive.default.acidtbl	
2024-04-24T06:28:41,883  INFO [main] metastore.HMSHandler: Skipping translation for processor with null
2024-04-24T06:28:41,884  INFO [main] parse.CalcitePlanner: Get metadata for subqueries
2024-04-24T06:28:41,884  INFO [main] parse.CalcitePlanner: Get metadata for destination tables
2024-04-24T06:28:41,884  INFO [main] parse.CalcitePlanner: Completed getting MetaData in Semantic Analysis
2024-04-24T06:28:41,895  INFO [main] HiveMetaStore.audit: ugi=alex	ip=unknown-ip-addr	cmd=get_all_table_constraints : tbl=hive.default.acidtbl	
2024-04-24T06:28:41,903  INFO [main] calcite.RelOptHiveTable: Calculating column statistics for default.acidtbl, projIndxSet: [0, 1], allowMissingStats: true
2024-04-24T06:28:41,904  INFO [main] HiveMetaStore.audit: ugi=alex	ip=unknown-ip-addr	cmd=get_table : tbl=hive.default.acidtbl	
2024-04-24T06:28:41,912  INFO [main] metastore.HMSHandler: Skipping translation for processor with null
2024-04-24T06:28:41,913  INFO [main] HiveMetaStore.audit: ugi=alex	ip=unknown-ip-addr	cmd=get_table : tbl=hive.default.acidtbl	
2024-04-24T06:28:41,920  INFO [main] metastore.HMSHandler: Skipping translation for processor with null
2024-04-24T06:28:41,921  INFO [main] HiveMetaStore.audit: ugi=alex	ip=unknown-ip-addr	cmd=get_table_statistics_req: table=hive.default.acidtbl	
2024-04-24T06:28:41,932  WARN [main] calcite.RelOptHiveTable: No Stats for default@acidtbl, Columns: b, a
No Stats for default@acidtbl, Columns: b, a
2024-04-24T06:28:41,932  INFO [main] SessionState: No Stats for default@acidtbl, Columns: b, a
2024-04-24T06:28:41,972  INFO [main] parse.CalcitePlanner: Get metadata for source tables
2024-04-24T06:28:41,972  INFO [main] parse.CalcitePlanner: Get metadata for subqueries
2024-04-24T06:28:41,972  INFO [main] parse.CalcitePlanner: Get metadata for destination tables
2024-04-24T06:28:41,973  INFO [main] common.FileUtils: Creating directory if it doesn't exist: file:/home/alex/Repositories/hive/ql/target/tmp/localscratchdir/8020f318-b11f-4506-93c0-1f8022ec755a/hive_2024-04-24_06-28-41_871_8953075318565891905-1/-mr-10001/.hive-staging_hive_2024-04-24_06-28-41_871_8953075318565891905-1
2024-04-24T06:28:41,980  INFO [main] parse.CalcitePlanner: CBO Succeeded; optimized logical plan.
2024-04-24T06:28:41,982  INFO [main] optimizer.ColumnPrunerProcFactory: RS 2 oldColExprMap: {KEY.reducesinkkey0=Column[_col0], KEY.reducesinkkey1=Column[_col1]}
2024-04-24T06:28:41,983  INFO [main] optimizer.ColumnPrunerProcFactory: RS 2 newColExprMap: {KEY.reducesinkkey1=Column[_col1], KEY.reducesinkkey0=Column[_col0]}
2024-04-24T06:28:41,984  INFO [main] optimizer.SortedDynPartitionOptimizer: Sorted dynamic partitioning optimization kicked in..
2024-04-24T06:28:41,992  INFO [main] parse.CalcitePlanner: Completed plan generation
2024-04-24T06:28:41,992  INFO [main] parse.CalcitePlanner: Ending caching scope for: 
2024-04-24T06:28:41,992  INFO [main] ql.Driver: Semantic Analysis Completed (retrial = false)
2024-04-24T06:28:41,993  INFO [main] ql.Driver: Created Hive schema: Schema(fieldSchemas:[FieldSchema(name:a, type:int, comment:null), FieldSchema(name:b, type:int, comment:null)], properties:null)
2024-04-24T06:28:41,993  INFO [main] exec.ListSinkOperator: Initializing Operator: LIST_SINK[5]
2024-04-24T06:28:41,994  INFO [main] metadata.Hive: Dumping metastore api call timing information for : compilation phase
2024-04-24T06:28:41,994  INFO [main] metadata.Hive: Total time spent in each metastore function (ms): {getTableColumnStatistics_(String, String, List, String)=27, commitTxn_(CommitTxnRequest)=9, getTable_(GetTableRequest)=7, getAllTableConstraints_(AllTableConstraintsRequest)=5, isCompatibleWith_(Configuration)=0, getValidWriteIds_(List, String)=2, flushCache_()=0, getValidTxns_(long)=0, openTxn_(String, TxnType)=2}
2024-04-24T06:28:41,994  INFO [main] ql.Driver: Completed compiling command(queryId=alex_20240424062841_8fb86de0-7775-4422-bbbd-73c0638e3cec); Time taken: 0.123 seconds
2024-04-24T06:28:41,994  INFO [main] lockmgr.DbTxnManager: Setting lock request transaction to txnid:14 for queryId=alex_20240424062841_8fb86de0-7775-4422-bbbd-73c0638e3cec
2024-04-24T06:28:41,995  INFO [main] lockmgr.DbLockManager: Requesting lock for queryId=alex_20240424062841_8fb86de0-7775-4422-bbbd-73c0638e3cec
2024-04-24T06:28:42,008  INFO [main] lockmgr.DbLockManager: Response to queryId=alex_20240424062841_8fb86de0-7775-4422-bbbd-73c0638e3cec LockResponse(lockid:8, state:ACQUIRED)
2024-04-24T06:28:42,008  INFO [main] ql.Driver: Operation QUERY obtained 1 locks
2024-04-24T06:28:42,009  INFO [main] ql.Driver: Executing command(queryId=alex_20240424062841_8fb86de0-7775-4422-bbbd-73c0638e3cec): select a,b from acidTbl order by a,b
2024-04-24T06:28:42,009  WARN [main] ql.Driver: Hive-on-MR is deprecated in Hive 2 and may not be available in the future versions. Consider using a different execution engine (i.e. spark, tez) or using Hive 1.X releases.
Query ID = alex_20240424062841_8fb86de0-7775-4422-bbbd-73c0638e3cec
2024-04-24T06:28:42,009  INFO [main] ql.Driver: Query ID = alex_20240424062841_8fb86de0-7775-4422-bbbd-73c0638e3cec
Total jobs = 1
2024-04-24T06:28:42,009  INFO [main] ql.Driver: Total jobs = 1
Launching Job 1 out of 1
2024-04-24T06:28:42,009  INFO [main] ql.Driver: Launching Job 1 out of 1
2024-04-24T06:28:42,139  INFO [main] ql.Driver: Starting task [Stage-1:MAPRED] in serial mode
Number of reduce tasks determined at compile time: 1
2024-04-24T06:28:42,139  INFO [main] exec.Task: Number of reduce tasks determined at compile time: 1
In order to change the average load for a reducer (in bytes):
2024-04-24T06:28:42,139  INFO [main] exec.Task: In order to change the average load for a reducer (in bytes):
  set hive.exec.reducers.bytes.per.reducer=<number>
2024-04-24T06:28:42,139  INFO [main] exec.Task:   set hive.exec.reducers.bytes.per.reducer=<number>
In order to limit the maximum number of reducers:
2024-04-24T06:28:42,139  INFO [main] exec.Task: In order to limit the maximum number of reducers:
  set hive.exec.reducers.max=<number>
2024-04-24T06:28:42,139  INFO [main] exec.Task:   set hive.exec.reducers.max=<number>
In order to set a constant number of reducers:
2024-04-24T06:28:42,139  INFO [main] exec.Task: In order to set a constant number of reducers:
  set mapreduce.job.reduces=<number>
2024-04-24T06:28:42,139  INFO [main] exec.Task:   set mapreduce.job.reduces=<number>
2024-04-24T06:28:42,141  INFO [main] mr.ExecDriver: Using org.apache.hadoop.hive.ql.io.HiveInputFormat
2024-04-24T06:28:42,142  INFO [main] exec.Utilities: Processing alias acidtbl
2024-04-24T06:28:42,142  INFO [main] exec.Utilities: Adding 1 inputs; the first input is file:/home/alex/Repositories/hive/ql/target/tmp/org.apache.hadoop.hive.ql.TestTxnCommands-1713965238357/warehouse/acidtbl
2024-04-24T06:28:42,151  INFO [main] exec.SerializationUtilities: Serializing MapWork using kryo
2024-04-24T06:28:42,152  INFO [main] exec.Utilities: Serialized plan (via FILE) - name: null size: 4,65KB
2024-04-24T06:28:42,156  INFO [main] exec.SerializationUtilities: Serializing ReduceWork using kryo
2024-04-24T06:28:42,157  INFO [main] exec.Utilities: Serialized plan (via FILE) - name: null size: 5,59KB
2024-04-24T06:28:42,158  WARN [main] impl.MetricsSystemImpl: JobTracker metrics system already initialized!
2024-04-24T06:28:42,164  WARN [main] impl.MetricsSystemImpl: JobTracker metrics system already initialized!
2024-04-24T06:28:42,171  WARN [main] mapreduce.JobResourceUploader: Hadoop command-line option parsing not performed. Implement the Tool interface and execute your application with ToolRunner to remedy this.
2024-04-24T06:28:42,175  WARN [main] mapreduce.JobResourceUploader: No job jar file set.  User classes may not be found. See Job or Job#setJar(String).
2024-04-24T06:28:42,176  INFO [main] io.HiveInputFormat: hive.io.file.readcolumn.ids = 0,1
2024-04-24T06:28:42,176  INFO [main] io.HiveInputFormat: hive.io.file.readcolumn.names = a,b
2024-04-24T06:28:42,176  INFO [main] io.HiveInputFormat: Generating splits for dirs: file:/home/alex/Repositories/hive/ql/target/tmp/org.apache.hadoop.hive.ql.TestTxnCommands-1713965238357/warehouse/acidtbl
2024-04-24T06:28:42,177  INFO [main] orc.OrcInputFormat: getSplits started
2024-04-24T06:28:42,177  INFO [main] orc.OrcInputFormat: Context:: isAcid: true isVectorMode: false sarg: null minSplitSize: 1 maxSplitSize: 256000000 splitStrategy: HYBRID footerInSplits: false numBuckets: 2 numThreads: 10 cacheMemSize: 268435456 cacheStripeDetails: true useSoftReference: false writeIdList: default.acidtbl:1:9223372036854775807:: isTransactionalTable: true txnProperties: default 
2024-04-24T06:28:42,177  INFO [main] orc.OrcInputFormat: ORC pushdown predicate: null
2024-04-24T06:28:42,189  INFO [main] orc.OrcInputFormat: FooterCacheHitRatio: 0/2
2024-04-24T06:28:42,189  INFO [main] orc.OrcInputFormat: getSplits finished (#splits: 2). duration: 12 ms
2024-04-24T06:28:42,189  INFO [main] io.HiveInputFormat: number of splits 2
2024-04-24T06:28:42,216  INFO [main] mapreduce.JobSubmitter: number of splits:2
2024-04-24T06:28:42,235  INFO [main] mapreduce.JobSubmitter: Submitting tokens for job: job_local1423575412_0031
2024-04-24T06:28:42,235  INFO [main] mapreduce.JobSubmitter: Executing with tokens: []
2024-04-24T06:28:42,294  INFO [main] mapreduce.Job: The url to track the job: http://localhost:8080/
Job running in-process (local Hadoop)
2024-04-24T06:28:42,294  INFO [main] exec.Task: Job running in-process (local Hadoop)
2024-04-24T06:28:42,295  INFO [Thread-2494] mapred.LocalJobRunner: OutputCommitter set in config org.apache.hadoop.hive.ql.io.HiveFileFormatUtils$NullOutputCommitter
2024-04-24T06:28:42,295  INFO [Thread-2494] mapred.LocalJobRunner: OutputCommitter is org.apache.hadoop.hive.ql.io.HiveFileFormatUtils$NullOutputCommitter
2024-04-24T06:28:42,296  INFO [Thread-2494] mapred.LocalJobRunner: Waiting for map tasks
2024-04-24T06:28:42,296  INFO [LocalJobRunner Map Task Executor #0] mapred.LocalJobRunner: Starting task: attempt_local1423575412_0031_m_000000_0
2024-04-24T06:28:42,297  INFO [LocalJobRunner Map Task Executor #0] mapred.Task:  Using ResourceCalculatorProcessTree : [ ]
2024-04-24T06:28:42,298  INFO [LocalJobRunner Map Task Executor #0] mapred.MapTask: Processing split: org.apache.hadoop.hive.ql.io.orc.OrcInputFormat:OrcSplit [file:/home/alex/Repositories/hive/ql/target/tmp/org.apache.hadoop.hive.ql.TestTxnCommands-1713965238357/warehouse/acidtbl/delta_0000001_0000001_0000/bucket_00001_0, start=0, length=673, isOriginal=false, fileLength=673, hasFooter=false, hasBase=true, deltas=0]
2024-04-24T06:28:42,298  INFO [LocalJobRunner Map Task Executor #0] exec.SerializationUtilities: Deserializing MapWork using kryo
2024-04-24T06:28:42,299  INFO [LocalJobRunner Map Task Executor #0] exec.Utilities: Deserialized plan (via FILE) - name: null size: 4,65KB
2024-04-24T06:28:42,300  INFO [LocalJobRunner Map Task Executor #0] orc.OrcRawRecordMerger: min key = null, max key = null
2024-04-24T06:28:42,300  INFO [LocalJobRunner Map Task Executor #0] orc.ReaderImpl: Reading ORC rows from file:/home/alex/Repositories/hive/ql/target/tmp/org.apache.hadoop.hive.ql.TestTxnCommands-1713965238357/warehouse/acidtbl/delta_0000001_0000001_0000/bucket_00001_0 with {include: [true, true, true], offset: 0, length: 673, schema: struct<a:int,b:int>, includeAcidColumns: true}
2024-04-24T06:28:42,301  INFO [LocalJobRunner Map Task Executor #0] orc.OrcRawRecordMerger: updated min key = null, max key = null
2024-04-24T06:28:42,301  INFO [LocalJobRunner Map Task Executor #0] mapred.MapTask: numReduceTasks: 1
2024-04-24T06:28:42,305  INFO [LocalJobRunner Map Task Executor #0] mapred.MapTask: (EQUATOR) 0 kvi 26214396(104857584)
2024-04-24T06:28:42,305  INFO [LocalJobRunner Map Task Executor #0] mapred.MapTask: mapreduce.task.io.sort.mb: 100
2024-04-24T06:28:42,305  INFO [LocalJobRunner Map Task Executor #0] mapred.MapTask: soft limit at 83886080
2024-04-24T06:28:42,305  INFO [LocalJobRunner Map Task Executor #0] mapred.MapTask: bufstart = 0; bufvoid = 104857600
2024-04-24T06:28:42,305  INFO [LocalJobRunner Map Task Executor #0] mapred.MapTask: kvstart = 26214396; length = 6553600
2024-04-24T06:28:42,306  INFO [LocalJobRunner Map Task Executor #0] mapred.MapTask: Map output collector class = org.apache.hadoop.mapred.MapTask$MapOutputBuffer
2024-04-24T06:28:42,306  INFO [LocalJobRunner Map Task Executor #0] exec.MapOperator: Initializing Operator: MAP[0]
2024-04-24T06:28:42,307  INFO [LocalJobRunner Map Task Executor #0] mr.ExecMapper: 
<MAP>Id =0
  <Children>null
  <\Children>
  <Parent><\Parent>
<\MAP>
2024-04-24T06:28:42,308  INFO [LocalJobRunner Map Task Executor #0] exec.TableScanOperator: Initializing Operator: TS[0]
2024-04-24T06:28:42,308  INFO [LocalJobRunner Map Task Executor #0] exec.SelectOperator: Initializing Operator: SEL[1]
2024-04-24T06:28:42,308  INFO [LocalJobRunner Map Task Executor #0] exec.SelectOperator: SELECT struct<a:int,b:int>
2024-04-24T06:28:42,308  INFO [LocalJobRunner Map Task Executor #0] exec.ReduceSinkOperator: Initializing Operator: RS[2]
2024-04-24T06:28:42,308  INFO [LocalJobRunner Map Task Executor #0] exec.ReduceSinkOperator: Using tag = -1
2024-04-24T06:28:42,308  INFO [LocalJobRunner Map Task Executor #0] exec.ReduceSinkOperator: keys are [reducesinkkey0, reducesinkkey1] num distributions: 2
2024-04-24T06:28:42,308  INFO [LocalJobRunner Map Task Executor #0] exec.ReduceSinkOperator: RS[2]: records written - 1
2024-04-24T06:28:42,308  INFO [LocalJobRunner Map Task Executor #0] exec.MapOperator: MAP[0]: records read - 1
2024-04-24T06:28:42,309  INFO [LocalJobRunner Map Task Executor #0] exec.MapOperator: Closing Operator: MAP[0]
2024-04-24T06:28:42,309  INFO [LocalJobRunner Map Task Executor #0] exec.MapOperator: MAP[0]: Total records read - 1. abort - false
2024-04-24T06:28:42,309  INFO [LocalJobRunner Map Task Executor #0] exec.MapOperator: RECORDS_IN:1, RECORDS_OUT_INTERMEDIATE:0, DESERIALIZE_ERRORS:0, RECORDS_OUT_OPERATOR_MAP_0:0, 
2024-04-24T06:28:42,309  INFO [LocalJobRunner Map Task Executor #0] exec.TableScanOperator: Closing Operator: TS[0]
2024-04-24T06:28:42,309  INFO [LocalJobRunner Map Task Executor #0] exec.TableScanOperator: RECORDS_OUT_INTERMEDIATE:0, RECORDS_OUT_OPERATOR_TS_0:1, 
2024-04-24T06:28:42,309  INFO [LocalJobRunner Map Task Executor #0] exec.SelectOperator: Closing Operator: SEL[1]
2024-04-24T06:28:42,309  INFO [LocalJobRunner Map Task Executor #0] exec.SelectOperator: RECORDS_OUT_OPERATOR_SEL_1:1, RECORDS_OUT_INTERMEDIATE:0, 
2024-04-24T06:28:42,309  INFO [LocalJobRunner Map Task Executor #0] exec.ReduceSinkOperator: Closing Operator: RS[2]
2024-04-24T06:28:42,309  INFO [LocalJobRunner Map Task Executor #0] exec.ReduceSinkOperator: RS[2]: Total records written - 1. abort - false
2024-04-24T06:28:42,309  INFO [LocalJobRunner Map Task Executor #0] exec.ReduceSinkOperator: RECORDS_OUT_INTERMEDIATE:1, RECORDS_OUT_OPERATOR_RS_2:1, 
2024-04-24T06:28:42,309  INFO [LocalJobRunner Map Task Executor #0] mapred.LocalJobRunner: 
2024-04-24T06:28:42,309  INFO [LocalJobRunner Map Task Executor #0] mapred.MapTask: Starting flush of map output
2024-04-24T06:28:42,309  INFO [LocalJobRunner Map Task Executor #0] mapred.MapTask: Spilling map output
2024-04-24T06:28:42,309  INFO [LocalJobRunner Map Task Executor #0] mapred.MapTask: bufstart = 0; bufend = 19; bufvoid = 104857600
2024-04-24T06:28:42,309  INFO [LocalJobRunner Map Task Executor #0] mapred.MapTask: kvstart = 26214396(104857584); kvend = 26214396(104857584); length = 1/6553600
2024-04-24T06:28:42,319  INFO [LocalJobRunner Map Task Executor #0] mapred.MapTask: Finished spill 0
2024-04-24T06:28:42,322  INFO [LocalJobRunner Map Task Executor #0] mapred.Task: Task:attempt_local1423575412_0031_m_000000_0 is done. And is in the process of committing
2024-04-24T06:28:42,323  INFO [LocalJobRunner Map Task Executor #0] mapred.LocalJobRunner: OrcSplit [file:/home/alex/Repositories/hive/ql/target/tmp/org.apache.hadoop.hive.ql.TestTxnCommands-1713965238357/warehouse/acidtbl/delta_0000001_0000001_0000/bucket_00001_0, start=0, length=673, isOriginal=false, fileLength=673, hasFooter=false, hasBase=true, deltas=0]
2024-04-24T06:28:42,323  INFO [LocalJobRunner Map Task Executor #0] mapred.Task: Task 'attempt_local1423575412_0031_m_000000_0' done.
2024-04-24T06:28:42,323  INFO [LocalJobRunner Map Task Executor #0] mapred.Task: Final Counters for attempt_local1423575412_0031_m_000000_0: Counters: 24
	File System Counters
		FILE: Number of bytes read=628256
		FILE: Number of bytes written=36576583
		FILE: Number of read operations=0
		FILE: Number of large read operations=0
		FILE: Number of write operations=0
	Map-Reduce Framework
		Map input records=1
		Map output records=1
		Map output bytes=19
		Map output materialized bytes=27
		Input split bytes=495
		Combine input records=0
		Spilled Records=1
		Failed Shuffles=0
		Merged Map outputs=0
		GC time elapsed (ms)=0
		Total committed heap usage (bytes)=1255669760
	HIVE
		DESERIALIZE_ERRORS=0
		RECORDS_IN=1
		RECORDS_OUT_INTERMEDIATE=1
		RECORDS_OUT_OPERATOR_MAP_0=0
		RECORDS_OUT_OPERATOR_RS_2=1
		RECORDS_OUT_OPERATOR_SEL_1=1
		RECORDS_OUT_OPERATOR_TS_0=1
	File Input Format Counters 
		Bytes Read=7474
2024-04-24T06:28:42,323  INFO [LocalJobRunner Map Task Executor #0] mapred.LocalJobRunner: Finishing task: attempt_local1423575412_0031_m_000000_0
2024-04-24T06:28:42,323  INFO [LocalJobRunner Map Task Executor #0] mapred.LocalJobRunner: Starting task: attempt_local1423575412_0031_m_000001_0
2024-04-24T06:28:42,324  INFO [LocalJobRunner Map Task Executor #0] mapred.Task:  Using ResourceCalculatorProcessTree : [ ]
2024-04-24T06:28:42,324  INFO [LocalJobRunner Map Task Executor #0] mapred.MapTask: Processing split: org.apache.hadoop.hive.ql.io.orc.OrcInputFormat:OrcSplit [file:/home/alex/Repositories/hive/ql/target/tmp/org.apache.hadoop.hive.ql.TestTxnCommands-1713965238357/warehouse/acidtbl/delta_0000001_0000001_0000/bucket_00000_0, start=0, length=671, isOriginal=false, fileLength=671, hasFooter=false, hasBase=true, deltas=0]
2024-04-24T06:28:42,324  INFO [LocalJobRunner Map Task Executor #0] exec.SerializationUtilities: Deserializing MapWork using kryo
2024-04-24T06:28:42,325  INFO [LocalJobRunner Map Task Executor #0] exec.Utilities: Deserialized plan (via FILE) - name: null size: 4,65KB
2024-04-24T06:28:42,326  INFO [LocalJobRunner Map Task Executor #0] orc.OrcRawRecordMerger: min key = null, max key = null
2024-04-24T06:28:42,326  INFO [LocalJobRunner Map Task Executor #0] orc.ReaderImpl: Reading ORC rows from file:/home/alex/Repositories/hive/ql/target/tmp/org.apache.hadoop.hive.ql.TestTxnCommands-1713965238357/warehouse/acidtbl/delta_0000001_0000001_0000/bucket_00000_0 with {include: [true, true, true], offset: 0, length: 671, schema: struct<a:int,b:int>, includeAcidColumns: true}
2024-04-24T06:28:42,327  INFO [LocalJobRunner Map Task Executor #0] orc.OrcRawRecordMerger: updated min key = null, max key = null
2024-04-24T06:28:42,327  INFO [LocalJobRunner Map Task Executor #0] mapred.MapTask: numReduceTasks: 1
2024-04-24T06:28:42,331  INFO [LocalJobRunner Map Task Executor #0] mapred.MapTask: (EQUATOR) 0 kvi 26214396(104857584)
2024-04-24T06:28:42,331  INFO [LocalJobRunner Map Task Executor #0] mapred.MapTask: mapreduce.task.io.sort.mb: 100
2024-04-24T06:28:42,331  INFO [LocalJobRunner Map Task Executor #0] mapred.MapTask: soft limit at 83886080
2024-04-24T06:28:42,331  INFO [LocalJobRunner Map Task Executor #0] mapred.MapTask: bufstart = 0; bufvoid = 104857600
2024-04-24T06:28:42,331  INFO [LocalJobRunner Map Task Executor #0] mapred.MapTask: kvstart = 26214396; length = 6553600
2024-04-24T06:28:42,331  INFO [LocalJobRunner Map Task Executor #0] mapred.MapTask: Map output collector class = org.apache.hadoop.mapred.MapTask$MapOutputBuffer
2024-04-24T06:28:42,332  INFO [LocalJobRunner Map Task Executor #0] exec.MapOperator: Initializing Operator: MAP[0]
2024-04-24T06:28:42,333  INFO [LocalJobRunner Map Task Executor #0] mr.ExecMapper: 
<MAP>Id =0
  <Children>null
  <\Children>
  <Parent><\Parent>
<\MAP>
2024-04-24T06:28:42,333  INFO [LocalJobRunner Map Task Executor #0] exec.TableScanOperator: Initializing Operator: TS[0]
2024-04-24T06:28:42,333  INFO [LocalJobRunner Map Task Executor #0] exec.SelectOperator: Initializing Operator: SEL[1]
2024-04-24T06:28:42,333  INFO [LocalJobRunner Map Task Executor #0] exec.SelectOperator: SELECT struct<a:int,b:int>
2024-04-24T06:28:42,333  INFO [LocalJobRunner Map Task Executor #0] exec.ReduceSinkOperator: Initializing Operator: RS[2]
2024-04-24T06:28:42,333  INFO [LocalJobRunner Map Task Executor #0] exec.ReduceSinkOperator: Using tag = -1
2024-04-24T06:28:42,334  INFO [LocalJobRunner Map Task Executor #0] exec.ReduceSinkOperator: keys are [reducesinkkey0, reducesinkkey1] num distributions: 2
2024-04-24T06:28:42,334  INFO [LocalJobRunner Map Task Executor #0] exec.ReduceSinkOperator: RS[2]: records written - 1
2024-04-24T06:28:42,334  INFO [LocalJobRunner Map Task Executor #0] exec.MapOperator: MAP[0]: records read - 1
2024-04-24T06:28:42,334  INFO [LocalJobRunner Map Task Executor #0] exec.MapOperator: Closing Operator: MAP[0]
2024-04-24T06:28:42,334  INFO [LocalJobRunner Map Task Executor #0] exec.MapOperator: MAP[0]: Total records read - 1. abort - false
2024-04-24T06:28:42,334  INFO [LocalJobRunner Map Task Executor #0] exec.MapOperator: RECORDS_OUT_INTERMEDIATE:0, DESERIALIZE_ERRORS:0, RECORDS_IN:1, RECORDS_OUT_OPERATOR_MAP_0:0, 
2024-04-24T06:28:42,334  INFO [LocalJobRunner Map Task Executor #0] exec.TableScanOperator: Closing Operator: TS[0]
2024-04-24T06:28:42,334  INFO [LocalJobRunner Map Task Executor #0] exec.TableScanOperator: RECORDS_OUT_INTERMEDIATE:0, RECORDS_OUT_OPERATOR_TS_0:1, 
2024-04-24T06:28:42,334  INFO [LocalJobRunner Map Task Executor #0] exec.SelectOperator: Closing Operator: SEL[1]
2024-04-24T06:28:42,334  INFO [LocalJobRunner Map Task Executor #0] exec.SelectOperator: RECORDS_OUT_INTERMEDIATE:0, RECORDS_OUT_OPERATOR_SEL_1:1, 
2024-04-24T06:28:42,334  INFO [LocalJobRunner Map Task Executor #0] exec.ReduceSinkOperator: Closing Operator: RS[2]
2024-04-24T06:28:42,334  INFO [LocalJobRunner Map Task Executor #0] exec.ReduceSinkOperator: RS[2]: Total records written - 1. abort - false
2024-04-24T06:28:42,334  INFO [LocalJobRunner Map Task Executor #0] exec.ReduceSinkOperator: RECORDS_OUT_INTERMEDIATE:1, RECORDS_OUT_OPERATOR_RS_2:1, 
2024-04-24T06:28:42,335  INFO [LocalJobRunner Map Task Executor #0] mapred.LocalJobRunner: 
2024-04-24T06:28:42,335  INFO [LocalJobRunner Map Task Executor #0] mapred.MapTask: Starting flush of map output
2024-04-24T06:28:42,335  INFO [LocalJobRunner Map Task Executor #0] mapred.MapTask: Spilling map output
2024-04-24T06:28:42,335  INFO [LocalJobRunner Map Task Executor #0] mapred.MapTask: bufstart = 0; bufend = 19; bufvoid = 104857600
2024-04-24T06:28:42,335  INFO [LocalJobRunner Map Task Executor #0] mapred.MapTask: kvstart = 26214396(104857584); kvend = 26214396(104857584); length = 1/6553600
2024-04-24T06:28:42,343  INFO [LocalJobRunner Map Task Executor #0] mapred.MapTask: Finished spill 0
2024-04-24T06:28:42,346  INFO [LocalJobRunner Map Task Executor #0] mapred.Task: Task:attempt_local1423575412_0031_m_000001_0 is done. And is in the process of committing
2024-04-24T06:28:42,347  INFO [LocalJobRunner Map Task Executor #0] mapred.LocalJobRunner: OrcSplit [file:/home/alex/Repositories/hive/ql/target/tmp/org.apache.hadoop.hive.ql.TestTxnCommands-1713965238357/warehouse/acidtbl/delta_0000001_0000001_0000/bucket_00000_0, start=0, length=671, isOriginal=false, fileLength=671, hasFooter=false, hasBase=true, deltas=0]
2024-04-24T06:28:42,347  INFO [LocalJobRunner Map Task Executor #0] mapred.Task: Task 'attempt_local1423575412_0031_m_000001_0' done.
2024-04-24T06:28:42,347  INFO [LocalJobRunner Map Task Executor #0] mapred.Task: Final Counters for attempt_local1423575412_0031_m_000001_0: Counters: 24
	File System Counters
		FILE: Number of bytes read=636735
		FILE: Number of bytes written=36576642
		FILE: Number of read operations=0
		FILE: Number of large read operations=0
		FILE: Number of write operations=0
	Map-Reduce Framework
		Map input records=1
		Map output records=1
		Map output bytes=19
		Map output materialized bytes=27
		Input split bytes=495
		Combine input records=0
		Spilled Records=1
		Failed Shuffles=0
		Merged Map outputs=0
		GC time elapsed (ms)=0
		Total committed heap usage (bytes)=1255669760
	HIVE
		DESERIALIZE_ERRORS=0
		RECORDS_IN=1
		RECORDS_OUT_INTERMEDIATE=1
		RECORDS_OUT_OPERATOR_MAP_0=0
		RECORDS_OUT_OPERATOR_RS_2=1
		RECORDS_OUT_OPERATOR_SEL_1=1
		RECORDS_OUT_OPERATOR_TS_0=1
	File Input Format Counters 
		Bytes Read=7466
2024-04-24T06:28:42,347  INFO [LocalJobRunner Map Task Executor #0] mapred.LocalJobRunner: Finishing task: attempt_local1423575412_0031_m_000001_0
2024-04-24T06:28:42,347  INFO [Thread-2494] mapred.LocalJobRunner: map task executor complete.
2024-04-24T06:28:42,348  INFO [Thread-2494] mapred.LocalJobRunner: Waiting for reduce tasks
2024-04-24T06:28:42,348  INFO [pool-157-thread-1] mapred.LocalJobRunner: Starting task: attempt_local1423575412_0031_r_000000_0
2024-04-24T06:28:42,349  INFO [pool-157-thread-1] mapred.Task:  Using ResourceCalculatorProcessTree : [ ]
2024-04-24T06:28:42,349  INFO [pool-157-thread-1] mapred.ReduceTask: Using ShuffleConsumerPlugin: org.apache.hadoop.mapreduce.task.reduce.Shuffle@74824b2f
2024-04-24T06:28:42,349  WARN [pool-157-thread-1] impl.MetricsSystemImpl: JobTracker metrics system already initialized!
2024-04-24T06:28:42,349  INFO [pool-157-thread-1] reduce.MergeManagerImpl: MergerManager: memoryLimit=1336252800, maxSingleShuffleLimit=334063200, mergeThreshold=881926912, ioSortFactor=10, memToMemMergeOutputsThreshold=10
2024-04-24T06:28:42,350  INFO [EventFetcher for fetching Map Completion Events] reduce.EventFetcher: attempt_local1423575412_0031_r_000000_0 Thread started: EventFetcher for fetching Map Completion Events
2024-04-24T06:28:42,351  INFO [localfetcher#45] reduce.LocalFetcher: localfetcher#45 about to shuffle output of map attempt_local1423575412_0031_m_000001_0 decomp: 23 len: 27 to MEMORY
2024-04-24T06:28:42,351  INFO [localfetcher#45] reduce.InMemoryMapOutput: Read 23 bytes from map-output for attempt_local1423575412_0031_m_000001_0
2024-04-24T06:28:42,351  INFO [localfetcher#45] reduce.MergeManagerImpl: closeInMemoryFile -> map-output of size: 23, inMemoryMapOutputs.size() -> 1, commitMemory -> 0, usedMemory ->23
2024-04-24T06:28:42,353  INFO [localfetcher#45] reduce.LocalFetcher: localfetcher#45 about to shuffle output of map attempt_local1423575412_0031_m_000000_0 decomp: 23 len: 27 to MEMORY
2024-04-24T06:28:42,353  INFO [localfetcher#45] reduce.InMemoryMapOutput: Read 23 bytes from map-output for attempt_local1423575412_0031_m_000000_0
2024-04-24T06:28:42,353  INFO [localfetcher#45] reduce.MergeManagerImpl: closeInMemoryFile -> map-output of size: 23, inMemoryMapOutputs.size() -> 2, commitMemory -> 23, usedMemory ->46
2024-04-24T06:28:42,354  INFO [EventFetcher for fetching Map Completion Events] reduce.EventFetcher: EventFetcher is interrupted.. Returning
2024-04-24T06:28:42,354  INFO [pool-157-thread-1] mapred.LocalJobRunner: 2 / 2 copied.
2024-04-24T06:28:42,354  INFO [pool-157-thread-1] reduce.MergeManagerImpl: finalMerge called with 2 in-memory map-outputs and 0 on-disk map-outputs
2024-04-24T06:28:42,360  INFO [pool-157-thread-1] mapred.Merger: Merging 2 sorted segments
2024-04-24T06:28:42,360  INFO [pool-157-thread-1] mapred.Merger: Down to the last merge-pass, with 2 segments left of total size: 12 bytes
2024-04-24T06:28:42,363  INFO [pool-157-thread-1] reduce.MergeManagerImpl: Merged 2 segments, 46 bytes to disk to satisfy reduce memory limit
2024-04-24T06:28:42,363  INFO [pool-157-thread-1] reduce.MergeManagerImpl: Merging 1 files, 48 bytes from disk
2024-04-24T06:28:42,363  INFO [pool-157-thread-1] reduce.MergeManagerImpl: Merging 0 segments, 0 bytes from memory into reduce
2024-04-24T06:28:42,363  INFO [pool-157-thread-1] mapred.Merger: Merging 1 sorted segments
2024-04-24T06:28:42,363  INFO [pool-157-thread-1] mapred.Merger: Down to the last merge-pass, with 1 segments left of total size: 27 bytes
2024-04-24T06:28:42,363  INFO [pool-157-thread-1] mapred.LocalJobRunner: 2 / 2 copied.
2024-04-24T06:28:42,364  INFO [pool-157-thread-1] exec.SerializationUtilities: Deserializing ReduceWork using kryo
2024-04-24T06:28:42,364  INFO [pool-157-thread-1] exec.Utilities: Deserialized plan (via FILE) - name: null size: 5,59KB
2024-04-24T06:28:42,365  INFO [pool-157-thread-1] ExecReducer: 
<SEL>Id =3
  <Children>
    <FS>Id =4
      <Children>
      <\Children>
      <Parent>Id = 3 null<\Parent>
    <\FS>
  <\Children>
  <Parent><\Parent>
<\SEL>
2024-04-24T06:28:42,365  INFO [pool-157-thread-1] exec.SelectOperator: Initializing Operator: SEL[3]
2024-04-24T06:28:42,365  INFO [pool-157-thread-1] exec.SelectOperator: SELECT struct<key:struct<reducesinkkey0:int,reducesinkkey1:int>,value:struct<>>
2024-04-24T06:28:42,365  INFO [pool-157-thread-1] exec.FileSinkOperator: Initializing Operator: FS[4]
2024-04-24T06:28:42,365  INFO [pool-157-thread-1] exec.FileSinkOperator: Using serializer : class org.apache.hadoop.hive.serde2.lazy.LazySimpleSerDe [serdeParams=org.apache.hadoop.hive.serde2.lazy.LazySerDeParameters@2c118220, cachedObjectInspector=org.apache.hadoop.hive.serde2.lazy.objectinspector.LazySimpleStructObjectInspector<org.apache.hadoop.hive.serde2.lazy.objectinspector.primitive.LazyIntObjectInspector@4582da06,org.apache.hadoop.hive.serde2.lazy.objectinspector.primitive.LazyIntObjectInspector@4582da06>, serializedSize=0, stats=org.apache.hadoop.hive.serde2.SerDeStats@6eb3e204, lastOperationSerialize=false, lastOperationDeserialize=false [1, 2, 3, 4, 5, 6, 7, 8, 11, 14, 15, 16, 17, 18, 19, 20, 21, 22, 23, 24, 25, 26, 28, 29, 30, 31, -128, -127, -126, -125, -124, -123, -122, -121, -120, -119, -118, -117, -116, -115, -114, -113, -112, -111, -110, -109, -108, -107, -106, -105, -104, -103, -102, -101, -100, -99, -98, -97, -96, -95, -94, -93, -92, -91, -90, -89, -88, -87, -86, -85, -84, -83, -82, -81, -80, -79, -78, -77, -76, -75, -74, -73, -72, -71, -70, -69, -68, -67, -66, -65, -64, -63, -62, -61, -60, -59, -58, -57, -56, -55, -54, -53, -52, -51, -50, -49, -48, -47, -46, -45, -44, -43, -42, -41, -40, -39, -38, -37, -36, -35, -34, -33, -32, -31, -30, -29, -28, -27, -26, -25, -24, -23, -22, -21, -20, -19, -18, -17, -16, -15, -14, -13, -12, -11, -10, -9, -8, -7, -6, -5, -4, -3, -2, -1] : [_col0, _col1] : [int, int]] and formatter : org.apache.hadoop.hive.ql.io.HiveSequenceFileOutputFormat@3edac2b3
2024-04-24T06:28:42,366  INFO [pool-157-thread-1] exec.FileSinkOperator: Final Path: FS file:/home/alex/Repositories/hive/ql/target/tmp/localscratchdir/8020f318-b11f-4506-93c0-1f8022ec755a/hive_2024-04-24_06-28-41_871_8953075318565891905-1/-mr-10001/.hive-staging_hive_2024-04-24_06-28-41_871_8953075318565891905-1/_tmp.-ext-10002/000000_0
2024-04-24T06:28:42,366  INFO [pool-157-thread-1] exec.FileSinkOperator: Writing to temp file: FS file:/home/alex/Repositories/hive/ql/target/tmp/localscratchdir/8020f318-b11f-4506-93c0-1f8022ec755a/hive_2024-04-24_06-28-41_871_8953075318565891905-1/-mr-10001/.hive-staging_hive_2024-04-24_06-28-41_871_8953075318565891905-1/_task_tmp.-ext-10002/_tmp.000000_0
2024-04-24T06:28:42,366  INFO [pool-157-thread-1] exec.FileSinkOperator: New Final Path: FS file:/home/alex/Repositories/hive/ql/target/tmp/localscratchdir/8020f318-b11f-4506-93c0-1f8022ec755a/hive_2024-04-24_06-28-41_871_8953075318565891905-1/-mr-10001/.hive-staging_hive_2024-04-24_06-28-41_871_8953075318565891905-1/_tmp.-ext-10002/000000_0
2024-04-24T06:28:42,373  INFO [pool-157-thread-1] exec.FileSinkOperator: FS[4]: records written - 1
2024-04-24T06:28:42,373  INFO [pool-157-thread-1] exec.SelectOperator: Closing Operator: SEL[3]
2024-04-24T06:28:42,373  INFO [pool-157-thread-1] exec.SelectOperator: RECORDS_OUT_OPERATOR_SEL_3:2, RECORDS_OUT_INTERMEDIATE:0, 
2024-04-24T06:28:42,373  INFO [pool-157-thread-1] exec.FileSinkOperator: Closing Operator: FS[4]
2024-04-24T06:28:42,373  INFO [pool-157-thread-1] exec.FileSinkOperator: FS[4]: records written - 2
2024-04-24T06:28:42,374  INFO [pool-157-thread-1] exec.FileSinkOperator: RECORDS_OUT_INTERMEDIATE:0, RECORDS_OUT_OPERATOR_FS_4:2, RECORDS_OUT_0:2, 
2024-04-24T06:28:42,374  INFO [pool-157-thread-1] mapred.Task: Task:attempt_local1423575412_0031_r_000000_0 is done. And is in the process of committing
2024-04-24T06:28:42,374  INFO [pool-157-thread-1] mapred.LocalJobRunner: reduce > reduce
2024-04-24T06:28:42,374  INFO [pool-157-thread-1] mapred.Task: Task 'attempt_local1423575412_0031_r_000000_0' done.
2024-04-24T06:28:42,374  INFO [pool-157-thread-1] mapred.Task: Final Counters for attempt_local1423575412_0031_r_000000_0: Counters: 29
	File System Counters
		FILE: Number of bytes read=642548
		FILE: Number of bytes written=36576821
		FILE: Number of read operations=0
		FILE: Number of large read operations=0
		FILE: Number of write operations=0
	Map-Reduce Framework
		Combine input records=0
		Combine output records=0
		Reduce input groups=2
		Reduce shuffle bytes=54
		Reduce input records=2
		Reduce output records=0
		Spilled Records=2
		Shuffled Maps =2
		Failed Shuffles=0
		Merged Map outputs=2
		GC time elapsed (ms)=0
		Total committed heap usage (bytes)=1255669760
	HIVE
		CREATED_FILES=1
		RECORDS_OUT_0=2
		RECORDS_OUT_INTERMEDIATE=0
		RECORDS_OUT_OPERATOR_FS_4=2
		RECORDS_OUT_OPERATOR_SEL_3=2
	Shuffle Errors
		BAD_ID=0
		CONNECTION=0
		IO_ERROR=0
		WRONG_LENGTH=0
		WRONG_MAP=0
		WRONG_REDUCE=0
	File Output Format Counters 
		Bytes Written=0
2024-04-24T06:28:42,374  INFO [pool-157-thread-1] mapred.LocalJobRunner: Finishing task: attempt_local1423575412_0031_r_000000_0
2024-04-24T06:28:42,374  INFO [Thread-2494] mapred.LocalJobRunner: reduce task executor complete.
2024-04-24 06:28:43,297 Stage-1 map = 100%,  reduce = 100%
2024-04-24T06:28:43,297  INFO [main] exec.Task: 2024-04-24 06:28:43,297 Stage-1 map = 100%,  reduce = 100%
Ended Job = job_local1423575412_0031
2024-04-24T06:28:43,298  INFO [main] exec.Task: Ended Job = job_local1423575412_0031
2024-04-24T06:28:43,301  INFO [main] metadata.Hive: Dumping metastore api call timing information for : execution phase
2024-04-24T06:28:43,301  INFO [main] metadata.Hive: Total time spent in each metastore function (ms): {}
MapReduce Jobs Launched: 
2024-04-24T06:28:43,302  INFO [main] ql.Driver: MapReduce Jobs Launched: 
Stage-Stage-1:  HDFS Read: 0 HDFS Write: 0 SUCCESS
2024-04-24T06:28:43,302  INFO [main] ql.Driver: Stage-Stage-1:  HDFS Read: 0 HDFS Write: 0 SUCCESS
Total MapReduce CPU Time Spent: 0 msec
2024-04-24T06:28:43,302  INFO [main] ql.Driver: Total MapReduce CPU Time Spent: 0 msec
2024-04-24T06:28:43,302  INFO [main] ql.Driver: Completed executing command(queryId=alex_20240424062841_8fb86de0-7775-4422-bbbd-73c0638e3cec); Time taken: 1.292 seconds
2024-04-24T06:28:43,302  INFO [main] lockmgr.DbTxnManager: Stopped heartbeat for query: alex_20240424062841_8fb86de0-7775-4422-bbbd-73c0638e3cec
2024-04-24T06:28:43,306  INFO [main] txn.TxnHandler: Expected to move at least one record from txn_components to completed_txn_components when committing txn! txnid:14
2024-04-24T06:28:43,311  INFO [main] txn.TxnHandler: Removed transactions: ([14]) from MIN_HISTORY_LEVEL
2024-04-24T06:28:43,311  WARN [main] txn.CompactionTxnHandler: No compaction queue record found for Compaction type transaction commit. txnId:14
2024-04-24T06:28:43,315  INFO [main] mapred.FileInputFormat: Total input files to process : 1
2024-04-24T06:28:43,316  INFO [main] exec.ListSinkOperator: Closing Operator: LIST_SINK[5]
2024-04-24T06:28:43,316  INFO [main] exec.ListSinkOperator: RECORDS_OUT_OPERATOR_LIST_SINK_5:2, RECORDS_OUT_INTERMEDIATE:0, 
2024-04-24T06:28:43,316  INFO [main] ql.TxnCommandsBaseForTests: Running the query: START TRANSACTION
2024-04-24T06:28:43,316  INFO [main] ql.Context: Deleting scratch dir: file:/home/alex/Repositories/hive/ql/target/tmp/localscratchdir/8020f318-b11f-4506-93c0-1f8022ec755a/hive_2024-04-24_06-28-41_871_8953075318565891905-1
2024-04-24T06:28:43,317  INFO [main] cleanup.SyncCleanupService: Deleted directory: file:/home/alex/Repositories/hive/ql/target/tmp/localscratchdir/8020f318-b11f-4506-93c0-1f8022ec755a/hive_2024-04-24_06-28-41_871_8953075318565891905-1 on fs with scheme file
2024-04-24T06:28:43,317  INFO [main] ql.Driver: Compiling command(queryId=alex_20240424062843_36f9e333-fe29-43c1-9e56-7861c92b7084): START TRANSACTION
2024-04-24T06:28:43,319  INFO [main] txn.TxnHandler: Added entries to MIN_HISTORY_LEVEL for current txns: ([15]) with min_open_txn: 15
2024-04-24T06:28:43,319  INFO [main] lockmgr.DbTxnManager: Opened txnid:15
2024-04-24T06:28:43,320  INFO [main] parse.CalcitePlanner: Starting caching scope for: 
2024-04-24T06:28:43,320  INFO [main] parse.CalcitePlanner: Starting Semantic Analysis
2024-04-24T06:28:43,320  INFO [main] parse.CalcitePlanner: Ending caching scope for: 
2024-04-24T06:28:43,320  INFO [main] ql.Driver: Semantic Analysis Completed (retrial = false)
2024-04-24T06:28:43,320  INFO [main] ql.Driver: Created Hive schema: Schema(fieldSchemas:null, properties:null)
2024-04-24T06:28:43,320  INFO [main] metadata.Hive: Dumping metastore api call timing information for : compilation phase
2024-04-24T06:28:43,320  INFO [main] metadata.Hive: Total time spent in each metastore function (ms): {getValidWriteIds_(List, String)=0, flushCache_()=0, isCompatibleWith_(Configuration)=2, commitTxn_(CommitTxnRequest)=10, getValidTxns_(long)=0, openTxn_(String, TxnType)=1}
2024-04-24T06:28:43,321  INFO [main] ql.Driver: Completed compiling command(queryId=alex_20240424062843_36f9e333-fe29-43c1-9e56-7861c92b7084); Time taken: 0.003 seconds
2024-04-24T06:28:43,321  INFO [main] lockmgr.DbTxnManager: Setting lock request transaction to txnid:15 for queryId=alex_20240424062843_36f9e333-fe29-43c1-9e56-7861c92b7084
2024-04-24T06:28:43,321  INFO [main] ql.Driver: Operation START_TRANSACTION obtained 0 locks
2024-04-24T06:28:43,321  INFO [main] ql.Driver: Executing command(queryId=alex_20240424062843_36f9e333-fe29-43c1-9e56-7861c92b7084): START TRANSACTION
2024-04-24T06:28:43,321  INFO [main] metadata.Hive: Dumping metastore api call timing information for : execution phase
2024-04-24T06:28:43,321  INFO [main] metadata.Hive: Total time spent in each metastore function (ms): {}
2024-04-24T06:28:43,321  INFO [main] ql.Driver: Completed executing command(queryId=alex_20240424062843_36f9e333-fe29-43c1-9e56-7861c92b7084); Time taken: 0.0 seconds
2024-04-24T06:28:43,322  INFO [main] ql.TxnCommandsBaseForTests: Running the query: insert into acidTbl(a,b)  values(5,6),(7,8)
2024-04-24T06:28:43,322  INFO [main] ql.Driver: Compiling command(queryId=alex_20240424062843_2c6707b0-f929-455b-8848-acfc8952141b): insert into acidTbl(a,b)  values(5,6),(7,8)
2024-04-24T06:28:43,324  INFO [main] parse.CalcitePlanner: Starting caching scope for: 
2024-04-24T06:28:43,324  INFO [main] parse.CalcitePlanner: Starting Semantic Analysis
2024-04-24T06:28:43,326  INFO [main] HiveMetaStore.audit: ugi=alex	ip=unknown-ip-addr	cmd=get_table : tbl=hive.default.acidTbl	
2024-04-24T06:28:43,333  INFO [main] metastore.HMSHandler: Skipping translation for processor with null
2024-04-24T06:28:43,333  INFO [main] parse.CalcitePlanner: Completed phase 1 of Semantic Analysis
2024-04-24T06:28:43,333  INFO [main] parse.CalcitePlanner: Get metadata for source tables
2024-04-24T06:28:43,333  INFO [main] parse.CalcitePlanner: Get metadata for subqueries
2024-04-24T06:28:43,333  INFO [main] parse.CalcitePlanner: Get metadata for destination tables
2024-04-24T06:28:43,333  INFO [main] HiveMetaStore.audit: ugi=alex	ip=unknown-ip-addr	cmd=get_table : tbl=hive.default.acidTbl	
2024-04-24T06:28:43,340  INFO [main] metastore.HMSHandler: Skipping translation for processor with null
2024-04-24T06:28:43,340  INFO [main] parse.CalcitePlanner: Completed getting MetaData in Semantic Analysis
2024-04-24T06:28:43,340  INFO [main] parse.CalcitePlanner: Disabling LLAP IO encode as ETL query is detected
2024-04-24T06:28:43,360  INFO [main] HiveMetaStore.audit: ugi=alex	ip=unknown-ip-addr	cmd=get_all_table_constraints : tbl=hive._dummy_database._dummy_table	
2024-04-24T06:28:43,406  INFO [main] parse.CalcitePlanner: Get metadata for source tables
2024-04-24T06:28:43,406  INFO [main] parse.CalcitePlanner: Get metadata for subqueries
2024-04-24T06:28:43,406  INFO [main] parse.CalcitePlanner: Get metadata for source tables
2024-04-24T06:28:43,407  INFO [main] HiveMetaStore.audit: ugi=alex	ip=unknown-ip-addr	cmd=get_table : tbl=hive._dummy_database._dummy_table	
2024-04-24T06:28:43,409  INFO [main] parse.CalcitePlanner: Get metadata for subqueries
2024-04-24T06:28:43,409  INFO [main] parse.CalcitePlanner: Get metadata for destination tables
2024-04-24T06:28:43,409  INFO [main] parse.CalcitePlanner: Get metadata for destination tables
2024-04-24T06:28:43,409  INFO [main] HiveMetaStore.audit: ugi=alex	ip=unknown-ip-addr	cmd=get_table : tbl=hive.default.acidTbl	
2024-04-24T06:28:43,415  INFO [main] metastore.HMSHandler: Skipping translation for processor with null
2024-04-24T06:28:43,416  INFO [main] HiveMetaStore.audit: ugi=alex	ip=unknown-ip-addr	cmd=get_not_null_constraints : tbl=hive.default.acidtbl	
2024-04-24T06:28:43,417  INFO [main] HiveMetaStore.audit: ugi=alex	ip=unknown-ip-addr	cmd=get_check_constraints : tbl=hive.default.acidtbl	
2024-04-24T06:28:43,423  INFO [main] txn.TxnHandler: Allocated writeId: 2 for txnId: 15
2024-04-24T06:28:43,423  INFO [main] txn.TxnHandler: Allocated write ids for dbName=default, tblName=acidtbl (txnIds: [15])
2024-04-24T06:28:43,424  INFO [main] parse.CalcitePlanner: CBO Succeeded; optimized logical plan.
2024-04-24T06:28:43,427  INFO [main] optimizer.ColumnPrunerProcFactory: RS 4 oldColExprMap: {VALUE._col0=Column[_col1], KEY.reducesinkkey0=Column[_col0]}
2024-04-24T06:28:43,427  INFO [main] optimizer.ColumnPrunerProcFactory: RS 4 newColExprMap: {KEY.reducesinkkey0=Column[_col0], VALUE._col0=Column[_col1]}
2024-04-24T06:28:43,428  INFO [main] optimizer.BucketVersionPopulator: not considering bucketingVersion for: TS[0] because it has -1<2 buckets 
2024-04-24T06:28:43,429  INFO [main] optimizer.SortedDynPartitionOptimizer: Sorted dynamic partitioning optimization kicked in..
2024-04-24T06:28:43,436  INFO [main] HiveMetaStore.audit: ugi=alex	ip=unknown-ip-addr	cmd=get_table : tbl=hive.default.acidtbl	
2024-04-24T06:28:43,443  INFO [main] metastore.HMSHandler: Skipping translation for processor with null
2024-04-24T06:28:43,443  INFO [main] parse.CalcitePlanner: Completed plan generation
2024-04-24T06:28:43,443  INFO [main] parse.CalcitePlanner: Ending caching scope for: 
2024-04-24T06:28:43,443  INFO [main] ql.Driver: Semantic Analysis Completed (retrial = false)
2024-04-24T06:28:43,443  INFO [main] ql.Driver: Created Hive schema: Schema(fieldSchemas:[FieldSchema(name:_col0, type:int, comment:null), FieldSchema(name:_col1, type:int, comment:null)], properties:null)
2024-04-24T06:28:43,443  INFO [main] metadata.Hive: Dumping metastore api call timing information for : compilation phase
2024-04-24T06:28:43,443  INFO [main] metadata.Hive: Total time spent in each metastore function (ms): {allocateTableWriteId_(long, String, String)=5, getValidWriteIds_(List, String)=3, flushCache_()=0, getAllTableConstraints_(AllTableConstraintsRequest)=5, getTable_(GetTableRequest)=27, getNotNullConstraints_(NotNullConstraintsRequest)=1, getCheckConstraints_(CheckConstraintsRequest)=1, isCompatibleWith_(Configuration)=1}
2024-04-24T06:28:43,444  INFO [main] ql.Driver: Completed compiling command(queryId=alex_20240424062843_2c6707b0-f929-455b-8848-acfc8952141b); Time taken: 0.121 seconds
2024-04-24T06:28:43,444  INFO [main] lockmgr.DbTxnManager: Setting lock request transaction to txnid:15 for queryId=alex_20240424062843_2c6707b0-f929-455b-8848-acfc8952141b
2024-04-24T06:28:43,444  INFO [main] lockmgr.DbLockManager: Requesting lock for queryId=alex_20240424062843_2c6707b0-f929-455b-8848-acfc8952141b
2024-04-24T06:28:43,458  INFO [main] lockmgr.DbLockManager: Response to queryId=alex_20240424062843_2c6707b0-f929-455b-8848-acfc8952141b LockResponse(lockid:9, state:ACQUIRED)
2024-04-24T06:28:43,458  INFO [main] ql.Driver: Operation QUERY obtained 1 locks
2024-04-24T06:28:43,460  INFO [main] ql.Driver: Executing command(queryId=alex_20240424062843_2c6707b0-f929-455b-8848-acfc8952141b): insert into acidTbl(a,b)  values(5,6),(7,8)
2024-04-24T06:28:43,461  WARN [main] ql.Driver: Hive-on-MR is deprecated in Hive 2 and may not be available in the future versions. Consider using a different execution engine (i.e. spark, tez) or using Hive 1.X releases.
Query ID = alex_20240424062843_2c6707b0-f929-455b-8848-acfc8952141b
2024-04-24T06:28:43,461  INFO [main] ql.Driver: Query ID = alex_20240424062843_2c6707b0-f929-455b-8848-acfc8952141b
Total jobs = 1
2024-04-24T06:28:43,461  INFO [main] ql.Driver: Total jobs = 1
Launching Job 1 out of 1
2024-04-24T06:28:43,461  INFO [main] ql.Driver: Launching Job 1 out of 1
2024-04-24T06:28:43,592  INFO [main] ql.Driver: Starting task [Stage-1:MAPRED] in serial mode
Number of reduce tasks determined at compile time: 2
2024-04-24T06:28:43,592  INFO [main] exec.Task: Number of reduce tasks determined at compile time: 2
In order to change the average load for a reducer (in bytes):
2024-04-24T06:28:43,592  INFO [main] exec.Task: In order to change the average load for a reducer (in bytes):
  set hive.exec.reducers.bytes.per.reducer=<number>
2024-04-24T06:28:43,592  INFO [main] exec.Task:   set hive.exec.reducers.bytes.per.reducer=<number>
In order to limit the maximum number of reducers:
2024-04-24T06:28:43,592  INFO [main] exec.Task: In order to limit the maximum number of reducers:
  set hive.exec.reducers.max=<number>
2024-04-24T06:28:43,592  INFO [main] exec.Task:   set hive.exec.reducers.max=<number>
In order to set a constant number of reducers:
2024-04-24T06:28:43,592  INFO [main] exec.Task: In order to set a constant number of reducers:
  set mapreduce.job.reduces=<number>
2024-04-24T06:28:43,592  INFO [main] exec.Task:   set mapreduce.job.reduces=<number>
2024-04-24T06:28:43,594  INFO [main] mr.ExecDriver: Using org.apache.hadoop.hive.ql.io.HiveInputFormat
2024-04-24T06:28:43,594  INFO [main] exec.Utilities: Processing alias $hdt$_0:_dummy_table
2024-04-24T06:28:43,594  INFO [main] exec.Utilities: Adding 1 inputs; the first input is file:/home/alex/Repositories/hive/ql/target/tmp/localscratchdir/8020f318-b11f-4506-93c0-1f8022ec755a/hive_2024-04-24_06-28-43_322_5198582329511700383-1/dummy_path
2024-04-24T06:28:43,604  INFO [main] exec.SerializationUtilities: Serializing MapWork using kryo
2024-04-24T06:28:43,605  INFO [main] exec.Utilities: Serialized plan (via FILE) - name: null size: 4,97KB
2024-04-24T06:28:43,610  INFO [main] exec.SerializationUtilities: Serializing ReduceWork using kryo
2024-04-24T06:28:43,610  INFO [main] exec.Utilities: Serialized plan (via FILE) - name: null size: 5,92KB
2024-04-24T06:28:43,611  WARN [main] impl.MetricsSystemImpl: JobTracker metrics system already initialized!
2024-04-24T06:28:43,615  INFO [main] fs.FSStatsPublisher: created : file:/home/alex/Repositories/hive/ql/target/tmp/localscratchdir/8020f318-b11f-4506-93c0-1f8022ec755a/hive_2024-04-24_06-28-43_322_5198582329511700383-1/-mr-10000
2024-04-24T06:28:43,617  WARN [main] impl.MetricsSystemImpl: JobTracker metrics system already initialized!
2024-04-24T06:28:43,624  WARN [main] mapreduce.JobResourceUploader: Hadoop command-line option parsing not performed. Implement the Tool interface and execute your application with ToolRunner to remedy this.
2024-04-24T06:28:43,629  WARN [main] mapreduce.JobResourceUploader: No job jar file set.  User classes may not be found. See Job or Job#setJar(String).
2024-04-24T06:28:43,630  INFO [main] io.HiveInputFormat: hive.io.file.readcolumn.ids = 
2024-04-24T06:28:43,630  INFO [main] io.HiveInputFormat: hive.io.file.readcolumn.names = 
2024-04-24T06:28:43,630  INFO [main] io.HiveInputFormat: Generating splits for dirs: file:/home/alex/Repositories/hive/ql/target/tmp/localscratchdir/8020f318-b11f-4506-93c0-1f8022ec755a/hive_2024-04-24_06-28-43_322_5198582329511700383-1/dummy_path
2024-04-24T06:28:43,630  INFO [main] io.HiveInputFormat: number of splits 1
2024-04-24T06:28:43,649  INFO [main] mapreduce.JobSubmitter: number of splits:1
2024-04-24T06:28:43,667  INFO [main] mapreduce.JobSubmitter: Submitting tokens for job: job_local2070488975_0032
2024-04-24T06:28:43,667  INFO [main] mapreduce.JobSubmitter: Executing with tokens: []
2024-04-24T06:28:43,728  INFO [main] mapreduce.Job: The url to track the job: http://localhost:8080/
Job running in-process (local Hadoop)
2024-04-24T06:28:43,728  INFO [main] exec.Task: Job running in-process (local Hadoop)
2024-04-24T06:28:43,728  INFO [Thread-2547] mapred.LocalJobRunner: OutputCommitter set in config org.apache.hadoop.hive.ql.io.HiveFileFormatUtils$NullOutputCommitter
2024-04-24T06:28:43,729  INFO [Thread-2547] mapred.LocalJobRunner: OutputCommitter is org.apache.hadoop.hive.ql.io.HiveFileFormatUtils$NullOutputCommitter
2024-04-24T06:28:43,730  INFO [Thread-2547] mapred.LocalJobRunner: Waiting for map tasks
2024-04-24T06:28:43,730  INFO [LocalJobRunner Map Task Executor #0] mapred.LocalJobRunner: Starting task: attempt_local2070488975_0032_m_000000_0
2024-04-24T06:28:43,730  INFO [LocalJobRunner Map Task Executor #0] mapred.Task:  Using ResourceCalculatorProcessTree : [ ]
2024-04-24T06:28:43,731  INFO [LocalJobRunner Map Task Executor #0] mapred.MapTask: Processing split: org.apache.hadoop.hive.ql.io.NullRowsInputFormat:file:/home/alex/Repositories/hive/ql/target/tmp/localscratchdir/8020f318-b11f-4506-93c0-1f8022ec755a/hive_2024-04-24_06-28-43_322_5198582329511700383-1/dummy_path/null:0+1
2024-04-24T06:28:43,731  INFO [LocalJobRunner Map Task Executor #0] exec.SerializationUtilities: Deserializing MapWork using kryo
2024-04-24T06:28:43,732  INFO [LocalJobRunner Map Task Executor #0] exec.Utilities: Deserialized plan (via FILE) - name: null size: 4,97KB
2024-04-24T06:28:43,732  INFO [LocalJobRunner Map Task Executor #0] mapred.MapTask: numReduceTasks: 2
2024-04-24T06:28:43,737  INFO [LocalJobRunner Map Task Executor #0] mapred.MapTask: (EQUATOR) 0 kvi 26214396(104857584)
2024-04-24T06:28:43,738  INFO [LocalJobRunner Map Task Executor #0] mapred.MapTask: mapreduce.task.io.sort.mb: 100
2024-04-24T06:28:43,738  INFO [LocalJobRunner Map Task Executor #0] mapred.MapTask: soft limit at 83886080
2024-04-24T06:28:43,738  INFO [LocalJobRunner Map Task Executor #0] mapred.MapTask: bufstart = 0; bufvoid = 104857600
2024-04-24T06:28:43,738  INFO [LocalJobRunner Map Task Executor #0] mapred.MapTask: kvstart = 26214396; length = 6553600
2024-04-24T06:28:43,738  INFO [LocalJobRunner Map Task Executor #0] mapred.MapTask: Map output collector class = org.apache.hadoop.mapred.MapTask$MapOutputBuffer
2024-04-24T06:28:43,738  INFO [LocalJobRunner Map Task Executor #0] exec.MapOperator: Initializing Operator: MAP[0]
2024-04-24T06:28:43,739  INFO [LocalJobRunner Map Task Executor #0] mr.ExecMapper: 
<MAP>Id =0
  <Children>null
  <\Children>
  <Parent><\Parent>
<\MAP>
2024-04-24T06:28:43,739  INFO [LocalJobRunner Map Task Executor #0] exec.TableScanOperator: Initializing Operator: TS[0]
2024-04-24T06:28:43,739  INFO [LocalJobRunner Map Task Executor #0] exec.SelectOperator: Initializing Operator: SEL[1]
2024-04-24T06:28:43,740  INFO [LocalJobRunner Map Task Executor #0] exec.SelectOperator: SELECT null
2024-04-24T06:28:43,740  INFO [LocalJobRunner Map Task Executor #0] exec.UDTFOperator: Initializing Operator: UDTF[2]
2024-04-24T06:28:43,740  INFO [LocalJobRunner Map Task Executor #0] exec.SelectOperator: Initializing Operator: SEL[3]
2024-04-24T06:28:43,740  INFO [LocalJobRunner Map Task Executor #0] exec.SelectOperator: SELECT struct<col1:int,col2:int>
2024-04-24T06:28:43,740  INFO [LocalJobRunner Map Task Executor #0] exec.ReduceSinkOperator: Initializing Operator: RS[4]
2024-04-24T06:28:43,740  INFO [LocalJobRunner Map Task Executor #0] exec.ReduceSinkOperator: Using tag = -1
2024-04-24T06:28:43,741  INFO [LocalJobRunner Map Task Executor #0] exec.ReduceSinkOperator: keys are [reducesinkkey0] num distributions: 1
2024-04-24T06:28:43,741  INFO [LocalJobRunner Map Task Executor #0] exec.ReduceSinkOperator: RS[4]: records written - 1
2024-04-24T06:28:43,741  INFO [LocalJobRunner Map Task Executor #0] exec.MapOperator: MAP[0]: records read - 1
2024-04-24T06:28:43,741  INFO [LocalJobRunner Map Task Executor #0] exec.MapOperator: Closing Operator: MAP[0]
2024-04-24T06:28:43,741  INFO [LocalJobRunner Map Task Executor #0] exec.MapOperator: MAP[0]: Total records read - 3. abort - false
2024-04-24T06:28:43,741  INFO [LocalJobRunner Map Task Executor #0] exec.MapOperator: DESERIALIZE_ERRORS:0, RECORDS_OUT_INTERMEDIATE:0, RECORDS_OUT_OPERATOR_MAP_0:0, RECORDS_IN:3, 
2024-04-24T06:28:43,741  INFO [LocalJobRunner Map Task Executor #0] exec.TableScanOperator: Closing Operator: TS[0]
2024-04-24T06:28:43,741  INFO [LocalJobRunner Map Task Executor #0] exec.TableScanOperator: RECORDS_OUT_INTERMEDIATE:0, RECORDS_OUT_OPERATOR_TS_0:1, 
2024-04-24T06:28:43,741  INFO [LocalJobRunner Map Task Executor #0] exec.SelectOperator: Closing Operator: SEL[1]
2024-04-24T06:28:43,741  INFO [LocalJobRunner Map Task Executor #0] exec.SelectOperator: RECORDS_OUT_INTERMEDIATE:0, RECORDS_OUT_OPERATOR_SEL_1:1, 
2024-04-24T06:28:43,741  INFO [LocalJobRunner Map Task Executor #0] exec.UDTFOperator: Closing Operator: UDTF[2]
2024-04-24T06:28:43,741  INFO [LocalJobRunner Map Task Executor #0] exec.UDTFOperator: RECORDS_OUT_OPERATOR_UDTF_2:2, RECORDS_OUT_INTERMEDIATE:0, 
2024-04-24T06:28:43,741  INFO [LocalJobRunner Map Task Executor #0] exec.SelectOperator: Closing Operator: SEL[3]
2024-04-24T06:28:43,742  INFO [LocalJobRunner Map Task Executor #0] exec.SelectOperator: RECORDS_OUT_INTERMEDIATE:0, RECORDS_OUT_OPERATOR_SEL_3:2, 
2024-04-24T06:28:43,742  INFO [LocalJobRunner Map Task Executor #0] exec.ReduceSinkOperator: Closing Operator: RS[4]
2024-04-24T06:28:43,742  INFO [LocalJobRunner Map Task Executor #0] exec.ReduceSinkOperator: RS[4]: Total records written - 2. abort - false
2024-04-24T06:28:43,742  INFO [LocalJobRunner Map Task Executor #0] exec.ReduceSinkOperator: RECORDS_OUT_INTERMEDIATE:2, RECORDS_OUT_OPERATOR_RS_4:2, 
2024-04-24T06:28:43,742  INFO [LocalJobRunner Map Task Executor #0] mapred.LocalJobRunner: 
2024-04-24T06:28:43,742  INFO [LocalJobRunner Map Task Executor #0] mapred.MapTask: Starting flush of map output
2024-04-24T06:28:43,742  INFO [LocalJobRunner Map Task Executor #0] mapred.MapTask: Spilling map output
2024-04-24T06:28:43,742  INFO [LocalJobRunner Map Task Executor #0] mapred.MapTask: bufstart = 0; bufend = 32; bufvoid = 104857600
2024-04-24T06:28:43,742  INFO [LocalJobRunner Map Task Executor #0] mapred.MapTask: kvstart = 26214396(104857584); kvend = 26214392(104857568); length = 5/6553600
2024-04-24T06:28:43,752  INFO [LocalJobRunner Map Task Executor #0] mapred.MapTask: Finished spill 0
2024-04-24T06:28:43,755  INFO [LocalJobRunner Map Task Executor #0] mapred.Task: Task:attempt_local2070488975_0032_m_000000_0 is done. And is in the process of committing
2024-04-24T06:28:43,756  INFO [LocalJobRunner Map Task Executor #0] mapred.LocalJobRunner: map
2024-04-24T06:28:43,756  INFO [LocalJobRunner Map Task Executor #0] mapred.Task: Task 'attempt_local2070488975_0032_m_000000_0' done.
2024-04-24T06:28:43,756  INFO [LocalJobRunner Map Task Executor #0] mapred.Task: Final Counters for attempt_local2070488975_0032_m_000000_0: Counters: 26
	File System Counters
		FILE: Number of bytes read=648103
		FILE: Number of bytes written=37756869
		FILE: Number of read operations=0
		FILE: Number of large read operations=0
		FILE: Number of write operations=0
	Map-Reduce Framework
		Map input records=4
		Map output records=2
		Map output bytes=32
		Map output materialized bytes=48
		Input split bytes=361
		Combine input records=0
		Spilled Records=2
		Failed Shuffles=0
		Merged Map outputs=0
		GC time elapsed (ms)=0
		Total committed heap usage (bytes)=1255669760
	HIVE
		DESERIALIZE_ERRORS=0
		RECORDS_IN=3
		RECORDS_OUT_INTERMEDIATE=2
		RECORDS_OUT_OPERATOR_MAP_0=0
		RECORDS_OUT_OPERATOR_RS_4=2
		RECORDS_OUT_OPERATOR_SEL_1=1
		RECORDS_OUT_OPERATOR_SEL_3=2
		RECORDS_OUT_OPERATOR_TS_0=1
		RECORDS_OUT_OPERATOR_UDTF_2=2
	File Input Format Counters 
		Bytes Read=5019
2024-04-24T06:28:43,756  INFO [LocalJobRunner Map Task Executor #0] mapred.LocalJobRunner: Finishing task: attempt_local2070488975_0032_m_000000_0
2024-04-24T06:28:43,756  INFO [Thread-2547] mapred.LocalJobRunner: map task executor complete.
2024-04-24T06:28:43,758  INFO [Thread-2547] mapred.LocalJobRunner: Waiting for reduce tasks
2024-04-24T06:28:43,758  INFO [pool-160-thread-1] mapred.LocalJobRunner: Starting task: attempt_local2070488975_0032_r_000000_0
2024-04-24T06:28:43,758  INFO [pool-160-thread-1] mapred.Task:  Using ResourceCalculatorProcessTree : [ ]
2024-04-24T06:28:43,758  INFO [pool-160-thread-1] mapred.ReduceTask: Using ShuffleConsumerPlugin: org.apache.hadoop.mapreduce.task.reduce.Shuffle@6f199eb3
2024-04-24T06:28:43,758  WARN [pool-160-thread-1] impl.MetricsSystemImpl: JobTracker metrics system already initialized!
2024-04-24T06:28:43,759  INFO [pool-160-thread-1] reduce.MergeManagerImpl: MergerManager: memoryLimit=1336252800, maxSingleShuffleLimit=334063200, mergeThreshold=881926912, ioSortFactor=10, memToMemMergeOutputsThreshold=10
2024-04-24T06:28:43,760  INFO [EventFetcher for fetching Map Completion Events] reduce.EventFetcher: attempt_local2070488975_0032_r_000000_0 Thread started: EventFetcher for fetching Map Completion Events
2024-04-24T06:28:43,760  INFO [localfetcher#46] reduce.LocalFetcher: localfetcher#46 about to shuffle output of map attempt_local2070488975_0032_m_000000_0 decomp: 20 len: 24 to MEMORY
2024-04-24T06:28:43,761  INFO [localfetcher#46] reduce.InMemoryMapOutput: Read 20 bytes from map-output for attempt_local2070488975_0032_m_000000_0
2024-04-24T06:28:43,761  INFO [localfetcher#46] reduce.MergeManagerImpl: closeInMemoryFile -> map-output of size: 20, inMemoryMapOutputs.size() -> 1, commitMemory -> 0, usedMemory ->20
2024-04-24T06:28:43,761  INFO [EventFetcher for fetching Map Completion Events] reduce.EventFetcher: EventFetcher is interrupted.. Returning
2024-04-24T06:28:43,761  INFO [pool-160-thread-1] mapred.LocalJobRunner: 1 / 1 copied.
2024-04-24T06:28:43,762  INFO [pool-160-thread-1] reduce.MergeManagerImpl: finalMerge called with 1 in-memory map-outputs and 0 on-disk map-outputs
2024-04-24T06:28:43,767  INFO [pool-160-thread-1] mapred.Merger: Merging 1 sorted segments
2024-04-24T06:28:43,767  INFO [pool-160-thread-1] mapred.Merger: Down to the last merge-pass, with 1 segments left of total size: 8 bytes
2024-04-24T06:28:43,770  INFO [pool-160-thread-1] reduce.MergeManagerImpl: Merged 1 segments, 20 bytes to disk to satisfy reduce memory limit
2024-04-24T06:28:43,770  INFO [pool-160-thread-1] reduce.MergeManagerImpl: Merging 1 files, 24 bytes from disk
2024-04-24T06:28:43,770  INFO [pool-160-thread-1] reduce.MergeManagerImpl: Merging 0 segments, 0 bytes from memory into reduce
2024-04-24T06:28:43,770  INFO [pool-160-thread-1] mapred.Merger: Merging 1 sorted segments
2024-04-24T06:28:43,770  INFO [pool-160-thread-1] mapred.Merger: Down to the last merge-pass, with 1 segments left of total size: 8 bytes
2024-04-24T06:28:43,770  INFO [pool-160-thread-1] mapred.LocalJobRunner: 1 / 1 copied.
2024-04-24T06:28:43,771  INFO [pool-160-thread-1] exec.SerializationUtilities: Deserializing ReduceWork using kryo
2024-04-24T06:28:43,772  INFO [pool-160-thread-1] exec.Utilities: Deserialized plan (via FILE) - name: null size: 5,92KB
2024-04-24T06:28:43,773  INFO [pool-160-thread-1] ExecReducer: 
<SEL>Id =5
  <Children>
    <FS>Id =6
      <Children>
      <\Children>
      <Parent>Id = 5 null<\Parent>
    <\FS>
  <\Children>
  <Parent><\Parent>
<\SEL>
2024-04-24T06:28:43,773  INFO [pool-160-thread-1] exec.SelectOperator: Initializing Operator: SEL[5]
2024-04-24T06:28:43,773  INFO [pool-160-thread-1] exec.SelectOperator: SELECT struct<key:struct<reducesinkkey0:int>,value:struct<_col0:int>>
2024-04-24T06:28:43,773  INFO [pool-160-thread-1] exec.FileSinkOperator: Initializing Operator: FS[6]
2024-04-24T06:28:43,773  INFO [pool-160-thread-1] exec.FileSinkOperator: Using serializer : AbstractSerDe [log=org.apache.logging.slf4j.Log4jLogger@3c370966, configuration=Optional[Configuration: core-default.xml, core-site.xml, mapred-default.xml, mapred-site.xml, yarn-default.xml, yarn-site.xml, hdfs-default.xml, hdfs-site.xml, file:/home/alex/Repositories/hive/ql/target/tmp/TestTxnCommands/mapred/local/localRunner/alex/job_local2070488975_0032/job_local2070488975_0032.xml], properties={transactional_properties=default, name=default.acidtbl, transactional=true, columns.types=int:int, bucket_field_name=a, columns=a,b, numFilesErasureCoded=0, columns.comments=&amp#0;, bucketing_version=2, bucket_count=2, serialization.lib=org.apache.hadoop.hive.ql.io.orc.OrcSerde, file.inputformat=org.apache.hadoop.hive.ql.io.orc.OrcInputFormat, file.outputformat=org.apache.hadoop.hive.ql.io.orc.OrcOutputFormat, location=file:/home/alex/Repositories/hive/ql/target/tmp/org.apache.hadoop.hive.ql.TestTxnCommands-1713965238357/warehouse/acidtbl, column.name.delimiter=,}, tableProperties={transactional_properties=default, name=default.acidtbl, transactional=true, columns.types=int:int, bucket_field_name=a, columns=a,b, numFilesErasureCoded=0, columns.comments=&amp#0;, bucketing_version=2, bucket_count=2, serialization.lib=org.apache.hadoop.hive.ql.io.orc.OrcSerde, file.inputformat=org.apache.hadoop.hive.ql.io.orc.OrcInputFormat, location=file:/home/alex/Repositories/hive/ql/target/tmp/org.apache.hadoop.hive.ql.TestTxnCommands-1713965238357/warehouse/acidtbl, file.outputformat=org.apache.hadoop.hive.ql.io.orc.OrcOutputFormat, column.name.delimiter=,}, partitionProperties=Optional.empty, columnNames=[a, b], columnTypes=[int, int], getClass()=class org.apache.hadoop.hive.ql.io.orc.OrcSerde] and formatter : org.apache.hadoop.hive.ql.io.orc.OrcOutputFormat@60a88e48
2024-04-24T06:28:43,774  INFO [pool-160-thread-1] exec.FileSinkOperator: Final Path: FS file:/home/alex/Repositories/hive/ql/target/tmp/org.apache.hadoop.hive.ql.TestTxnCommands-1713965238357/warehouse/acidtbl
2024-04-24T06:28:43,774  INFO [pool-160-thread-1] exec.FileSinkOperator: New Final Path: FS file:/home/alex/Repositories/hive/ql/target/tmp/org.apache.hadoop.hive.ql.TestTxnCommands-1713965238357/warehouse/acidtbl
2024-04-24T06:28:43,774  INFO [pool-160-thread-1] common.FileUtils: Creating directory if it doesn't exist: file:/home/alex/Repositories/hive/ql/target/tmp/org.apache.hadoop.hive.ql.TestTxnCommands-1713965238357/warehouse
2024-04-24T06:28:43,774  INFO [pool-160-thread-1] exec.FileSinkOperator: FS[6]: records written - 1
2024-04-24T06:28:43,774  INFO [pool-160-thread-1] impl.PhysicalFsWriter: ORC writer created for path: file:/home/alex/Repositories/hive/ql/target/tmp/org.apache.hadoop.hive.ql.TestTxnCommands-1713965238357/warehouse/acidtbl/delta_0000002_0000002_0000/bucket_00000_0 with stripeSize: 8388608 blockSize: 268435456 compression: Compress: ZLIB buffer: 32768
2024-04-24T06:28:43,781  INFO [pool-160-thread-1] impl.WriterImpl: ORC writer created for path: file:/home/alex/Repositories/hive/ql/target/tmp/org.apache.hadoop.hive.ql.TestTxnCommands-1713965238357/warehouse/acidtbl/delta_0000002_0000002_0000/bucket_00000_0 with stripeSize: 8388608 options: Compress: ZLIB buffer: 32768
2024-04-24T06:28:43,786  INFO [pool-160-thread-1] exec.SelectOperator: Closing Operator: SEL[5]
2024-04-24T06:28:43,786  INFO [pool-160-thread-1] exec.SelectOperator: RECORDS_OUT_INTERMEDIATE:0, RECORDS_OUT_OPERATOR_SEL_5:1, 
2024-04-24T06:28:43,786  INFO [pool-160-thread-1] exec.FileSinkOperator: Closing Operator: FS[6]
2024-04-24T06:28:43,786  INFO [pool-160-thread-1] exec.FileSinkOperator: FS[6]: records written - 1
2024-04-24T06:28:43,788  INFO [pool-160-thread-1] FileOperations: Writing manifest to file:/home/alex/Repositories/hive/ql/target/tmp/org.apache.hadoop.hive.ql.TestTxnCommands-1713965238357/warehouse/acidtbl/_tmp.delta_0000002_0000002_0000/000000_0.manifest with [file:/home/alex/Repositories/hive/ql/target/tmp/org.apache.hadoop.hive.ql.TestTxnCommands-1713965238357/warehouse/acidtbl/delta_0000002_0000002_0000/bucket_00000_0]
2024-04-24T06:28:43,801  INFO [pool-160-thread-1] exec.FileSinkOperator: RECORDS_OUT_OPERATOR_FS_6:1, RECORDS_OUT_INTERMEDIATE:0, RECORDS_OUT_1_default.acidtbl:1, TOTAL_TABLE_ROWS_WRITTEN:1, 
2024-04-24T06:28:43,801  INFO [pool-160-thread-1] mapred.Task: Task:attempt_local2070488975_0032_r_000000_0 is done. And is in the process of committing
2024-04-24T06:28:43,801  INFO [pool-160-thread-1] mapred.LocalJobRunner: reduce > reduce
2024-04-24T06:28:43,801  INFO [pool-160-thread-1] mapred.Task: Task 'attempt_local2070488975_0032_r_000000_0' done.
2024-04-24T06:28:43,801  INFO [pool-160-thread-1] mapred.Task: Final Counters for attempt_local2070488975_0032_r_000000_0: Counters: 30
	File System Counters
		FILE: Number of bytes read=654208
		FILE: Number of bytes written=37757909
		FILE: Number of read operations=0
		FILE: Number of large read operations=0
		FILE: Number of write operations=0
	Map-Reduce Framework
		Combine input records=0
		Combine output records=0
		Reduce input groups=1
		Reduce shuffle bytes=24
		Reduce input records=1
		Reduce output records=0
		Spilled Records=1
		Shuffled Maps =1
		Failed Shuffles=0
		Merged Map outputs=1
		GC time elapsed (ms)=0
		Total committed heap usage (bytes)=1255669760
	HIVE
		CREATED_FILES=1
		RECORDS_OUT_1_default.acidtbl=1
		RECORDS_OUT_INTERMEDIATE=0
		RECORDS_OUT_OPERATOR_FS_6=1
		RECORDS_OUT_OPERATOR_SEL_5=1
		TOTAL_TABLE_ROWS_WRITTEN=1
	Shuffle Errors
		BAD_ID=0
		CONNECTION=0
		IO_ERROR=0
		WRONG_LENGTH=0
		WRONG_MAP=0
		WRONG_REDUCE=0
	File Output Format Counters 
		Bytes Written=0
2024-04-24T06:28:43,802  INFO [pool-160-thread-1] mapred.LocalJobRunner: Finishing task: attempt_local2070488975_0032_r_000000_0
2024-04-24T06:28:43,802  INFO [pool-160-thread-1] mapred.LocalJobRunner: Starting task: attempt_local2070488975_0032_r_000001_0
2024-04-24T06:28:43,802  INFO [pool-160-thread-1] mapred.Task:  Using ResourceCalculatorProcessTree : [ ]
2024-04-24T06:28:43,802  INFO [pool-160-thread-1] mapred.ReduceTask: Using ShuffleConsumerPlugin: org.apache.hadoop.mapreduce.task.reduce.Shuffle@6f3086e6
2024-04-24T06:28:43,802  WARN [pool-160-thread-1] impl.MetricsSystemImpl: JobTracker metrics system already initialized!
2024-04-24T06:28:43,803  INFO [pool-160-thread-1] reduce.MergeManagerImpl: MergerManager: memoryLimit=1336252800, maxSingleShuffleLimit=334063200, mergeThreshold=881926912, ioSortFactor=10, memToMemMergeOutputsThreshold=10
2024-04-24T06:28:43,804  INFO [EventFetcher for fetching Map Completion Events] reduce.EventFetcher: attempt_local2070488975_0032_r_000001_0 Thread started: EventFetcher for fetching Map Completion Events
2024-04-24T06:28:43,806  INFO [localfetcher#47] reduce.LocalFetcher: localfetcher#47 about to shuffle output of map attempt_local2070488975_0032_m_000000_0 decomp: 20 len: 24 to MEMORY
2024-04-24T06:28:43,806  INFO [localfetcher#47] reduce.InMemoryMapOutput: Read 20 bytes from map-output for attempt_local2070488975_0032_m_000000_0
2024-04-24T06:28:43,806  INFO [localfetcher#47] reduce.MergeManagerImpl: closeInMemoryFile -> map-output of size: 20, inMemoryMapOutputs.size() -> 1, commitMemory -> 0, usedMemory ->20
2024-04-24T06:28:43,807  INFO [EventFetcher for fetching Map Completion Events] reduce.EventFetcher: EventFetcher is interrupted.. Returning
2024-04-24T06:28:43,807  INFO [pool-160-thread-1] mapred.LocalJobRunner: 1 / 1 copied.
2024-04-24T06:28:43,807  INFO [pool-160-thread-1] reduce.MergeManagerImpl: finalMerge called with 1 in-memory map-outputs and 0 on-disk map-outputs
2024-04-24T06:28:43,813  INFO [pool-160-thread-1] mapred.Merger: Merging 1 sorted segments
2024-04-24T06:28:43,813  INFO [pool-160-thread-1] mapred.Merger: Down to the last merge-pass, with 1 segments left of total size: 8 bytes
2024-04-24T06:28:43,816  INFO [pool-160-thread-1] reduce.MergeManagerImpl: Merged 1 segments, 20 bytes to disk to satisfy reduce memory limit
2024-04-24T06:28:43,816  INFO [pool-160-thread-1] reduce.MergeManagerImpl: Merging 1 files, 24 bytes from disk
2024-04-24T06:28:43,816  INFO [pool-160-thread-1] reduce.MergeManagerImpl: Merging 0 segments, 0 bytes from memory into reduce
2024-04-24T06:28:43,816  INFO [pool-160-thread-1] mapred.Merger: Merging 1 sorted segments
2024-04-24T06:28:43,816  INFO [pool-160-thread-1] mapred.Merger: Down to the last merge-pass, with 1 segments left of total size: 8 bytes
2024-04-24T06:28:43,816  INFO [pool-160-thread-1] mapred.LocalJobRunner: 1 / 1 copied.
2024-04-24T06:28:43,817  INFO [pool-160-thread-1] exec.SerializationUtilities: Deserializing ReduceWork using kryo
2024-04-24T06:28:43,817  INFO [pool-160-thread-1] exec.Utilities: Deserialized plan (via FILE) - name: null size: 5,92KB
2024-04-24T06:28:43,818  INFO [pool-160-thread-1] ExecReducer: 
<SEL>Id =5
  <Children>
    <FS>Id =6
      <Children>
      <\Children>
      <Parent>Id = 5 null<\Parent>
    <\FS>
  <\Children>
  <Parent><\Parent>
<\SEL>
2024-04-24T06:28:43,818  INFO [pool-160-thread-1] exec.SelectOperator: Initializing Operator: SEL[5]
2024-04-24T06:28:43,818  INFO [pool-160-thread-1] exec.SelectOperator: SELECT struct<key:struct<reducesinkkey0:int>,value:struct<_col0:int>>
2024-04-24T06:28:43,818  INFO [pool-160-thread-1] exec.FileSinkOperator: Initializing Operator: FS[6]
2024-04-24T06:28:43,819  INFO [pool-160-thread-1] exec.FileSinkOperator: Using serializer : AbstractSerDe [log=org.apache.logging.slf4j.Log4jLogger@3c370966, configuration=Optional[Configuration: core-default.xml, core-site.xml, mapred-default.xml, mapred-site.xml, yarn-default.xml, yarn-site.xml, hdfs-default.xml, hdfs-site.xml, file:/home/alex/Repositories/hive/ql/target/tmp/TestTxnCommands/mapred/local/localRunner/alex/job_local2070488975_0032/job_local2070488975_0032.xml], properties={transactional_properties=default, name=default.acidtbl, transactional=true, columns.types=int:int, bucket_field_name=a, columns=a,b, numFilesErasureCoded=0, columns.comments=&amp#0;, bucketing_version=2, bucket_count=2, serialization.lib=org.apache.hadoop.hive.ql.io.orc.OrcSerde, file.inputformat=org.apache.hadoop.hive.ql.io.orc.OrcInputFormat, file.outputformat=org.apache.hadoop.hive.ql.io.orc.OrcOutputFormat, location=file:/home/alex/Repositories/hive/ql/target/tmp/org.apache.hadoop.hive.ql.TestTxnCommands-1713965238357/warehouse/acidtbl, column.name.delimiter=,}, tableProperties={transactional_properties=default, name=default.acidtbl, transactional=true, columns.types=int:int, bucket_field_name=a, columns=a,b, numFilesErasureCoded=0, columns.comments=&amp#0;, bucketing_version=2, bucket_count=2, serialization.lib=org.apache.hadoop.hive.ql.io.orc.OrcSerde, file.inputformat=org.apache.hadoop.hive.ql.io.orc.OrcInputFormat, location=file:/home/alex/Repositories/hive/ql/target/tmp/org.apache.hadoop.hive.ql.TestTxnCommands-1713965238357/warehouse/acidtbl, file.outputformat=org.apache.hadoop.hive.ql.io.orc.OrcOutputFormat, column.name.delimiter=,}, partitionProperties=Optional.empty, columnNames=[a, b], columnTypes=[int, int], getClass()=class org.apache.hadoop.hive.ql.io.orc.OrcSerde] and formatter : org.apache.hadoop.hive.ql.io.orc.OrcOutputFormat@6d372b4e
2024-04-24T06:28:43,819  INFO [pool-160-thread-1] exec.FileSinkOperator: Final Path: FS file:/home/alex/Repositories/hive/ql/target/tmp/org.apache.hadoop.hive.ql.TestTxnCommands-1713965238357/warehouse/acidtbl
2024-04-24T06:28:43,819  INFO [pool-160-thread-1] exec.FileSinkOperator: New Final Path: FS file:/home/alex/Repositories/hive/ql/target/tmp/org.apache.hadoop.hive.ql.TestTxnCommands-1713965238357/warehouse/acidtbl
2024-04-24T06:28:43,819  INFO [pool-160-thread-1] common.FileUtils: Creating directory if it doesn't exist: file:/home/alex/Repositories/hive/ql/target/tmp/org.apache.hadoop.hive.ql.TestTxnCommands-1713965238357/warehouse
2024-04-24T06:28:43,820  INFO [pool-160-thread-1] exec.FileSinkOperator: FS[6]: records written - 1
2024-04-24T06:28:43,820  INFO [pool-160-thread-1] impl.PhysicalFsWriter: ORC writer created for path: file:/home/alex/Repositories/hive/ql/target/tmp/org.apache.hadoop.hive.ql.TestTxnCommands-1713965238357/warehouse/acidtbl/delta_0000002_0000002_0000/bucket_00001_0 with stripeSize: 8388608 blockSize: 268435456 compression: Compress: ZLIB buffer: 32768
2024-04-24T06:28:43,825  INFO [pool-160-thread-1] impl.WriterImpl: ORC writer created for path: file:/home/alex/Repositories/hive/ql/target/tmp/org.apache.hadoop.hive.ql.TestTxnCommands-1713965238357/warehouse/acidtbl/delta_0000002_0000002_0000/bucket_00001_0 with stripeSize: 8388608 options: Compress: ZLIB buffer: 32768
2024-04-24T06:28:43,825  INFO [pool-160-thread-1] exec.SelectOperator: Closing Operator: SEL[5]
2024-04-24T06:28:43,825  INFO [pool-160-thread-1] exec.SelectOperator: RECORDS_OUT_INTERMEDIATE:0, RECORDS_OUT_OPERATOR_SEL_5:1, 
2024-04-24T06:28:43,825  INFO [pool-160-thread-1] exec.FileSinkOperator: Closing Operator: FS[6]
2024-04-24T06:28:43,825  INFO [pool-160-thread-1] exec.FileSinkOperator: FS[6]: records written - 1
2024-04-24T06:28:43,827  INFO [pool-160-thread-1] FileOperations: Writing manifest to file:/home/alex/Repositories/hive/ql/target/tmp/org.apache.hadoop.hive.ql.TestTxnCommands-1713965238357/warehouse/acidtbl/_tmp.delta_0000002_0000002_0000/000001_0.manifest with [file:/home/alex/Repositories/hive/ql/target/tmp/org.apache.hadoop.hive.ql.TestTxnCommands-1713965238357/warehouse/acidtbl/delta_0000002_0000002_0000/bucket_00001_0]
2024-04-24T06:28:43,838  INFO [pool-160-thread-1] exec.FileSinkOperator: RECORDS_OUT_OPERATOR_FS_6:1, TOTAL_TABLE_ROWS_WRITTEN:1, RECORDS_OUT_INTERMEDIATE:0, RECORDS_OUT_1_default.acidtbl:1, 
2024-04-24T06:28:43,839  INFO [pool-160-thread-1] mapred.Task: Task:attempt_local2070488975_0032_r_000001_0 is done. And is in the process of committing
2024-04-24T06:28:43,839  INFO [pool-160-thread-1] mapred.LocalJobRunner: reduce > reduce
2024-04-24T06:28:43,839  INFO [pool-160-thread-1] mapred.Task: Task 'attempt_local2070488975_0032_r_000001_0' done.
2024-04-24T06:28:43,839  INFO [pool-160-thread-1] mapred.Task: Final Counters for attempt_local2070488975_0032_r_000001_0: Counters: 30
	File System Counters
		FILE: Number of bytes read=660289
		FILE: Number of bytes written=37758943
		FILE: Number of read operations=0
		FILE: Number of large read operations=0
		FILE: Number of write operations=0
	Map-Reduce Framework
		Combine input records=0
		Combine output records=0
		Reduce input groups=1
		Reduce shuffle bytes=24
		Reduce input records=1
		Reduce output records=0
		Spilled Records=1
		Shuffled Maps =1
		Failed Shuffles=0
		Merged Map outputs=1
		GC time elapsed (ms)=0
		Total committed heap usage (bytes)=1255669760
	HIVE
		CREATED_FILES=1
		RECORDS_OUT_1_default.acidtbl=1
		RECORDS_OUT_INTERMEDIATE=0
		RECORDS_OUT_OPERATOR_FS_6=1
		RECORDS_OUT_OPERATOR_SEL_5=1
		TOTAL_TABLE_ROWS_WRITTEN=1
	Shuffle Errors
		BAD_ID=0
		CONNECTION=0
		IO_ERROR=0
		WRONG_LENGTH=0
		WRONG_MAP=0
		WRONG_REDUCE=0
	File Output Format Counters 
		Bytes Written=0
2024-04-24T06:28:43,839  INFO [pool-160-thread-1] mapred.LocalJobRunner: Finishing task: attempt_local2070488975_0032_r_000001_0
2024-04-24T06:28:43,840  INFO [Thread-2547] mapred.LocalJobRunner: reduce task executor complete.
2024-04-24 06:28:44,731 Stage-1 map = 100%,  reduce = 100%
2024-04-24T06:28:44,731  INFO [main] exec.Task: 2024-04-24 06:28:44,731 Stage-1 map = 100%,  reduce = 100%
Ended Job = job_local2070488975_0032
2024-04-24T06:28:44,733  INFO [main] exec.Task: Ended Job = job_local2070488975_0032
2024-04-24T06:28:44,734  INFO [main] FileOperations: Found manifest file file:/home/alex/Repositories/hive/ql/target/tmp/org.apache.hadoop.hive.ql.TestTxnCommands-1713965238357/warehouse/acidtbl/_tmp.delta_0000002_0000002_0000/000000_0.manifest with attemptId 0.
2024-04-24T06:28:44,734  INFO [main] FileOperations: Found manifest file file:/home/alex/Repositories/hive/ql/target/tmp/org.apache.hadoop.hive.ql.TestTxnCommands-1713965238357/warehouse/acidtbl/_tmp.delta_0000002_0000002_0000/000001_0.manifest with attemptId 0.
2024-04-24T06:28:44,735  INFO [main] FileOperations: Looking at manifest file: file:/home/alex/Repositories/hive/ql/target/tmp/org.apache.hadoop.hive.ql.TestTxnCommands-1713965238357/warehouse/acidtbl/_tmp.delta_0000002_0000002_0000/000000_0.manifest
2024-04-24T06:28:44,735  INFO [main] FileOperations: Looking at manifest file: file:/home/alex/Repositories/hive/ql/target/tmp/org.apache.hadoop.hive.ql.TestTxnCommands-1713965238357/warehouse/acidtbl/_tmp.delta_0000002_0000002_0000/000001_0.manifest
2024-04-24T06:28:44,735  INFO [main] FileOperations: Deleting manifest directory file:/home/alex/Repositories/hive/ql/target/tmp/org.apache.hadoop.hive.ql.TestTxnCommands-1713965238357/warehouse/acidtbl/_tmp.delta_0000002_0000002_0000
2024-04-24T06:28:44,736  INFO [main] ql.Driver: Starting task [Stage-0:MOVE] in serial mode
Loading data to table default.acidtbl
2024-04-24T06:28:44,736  INFO [main] exec.Task: Loading data to table default.acidtbl from file:/home/alex/Repositories/hive/ql/target/tmp/org.apache.hadoop.hive.ql.TestTxnCommands-1713965238357/warehouse/acidtbl
2024-04-24T06:28:44,737  INFO [main] HiveMetaStore.audit: ugi=alex	ip=unknown-ip-addr	cmd=get_table : tbl=hive.default.acidtbl	
2024-04-24T06:28:44,747  INFO [main] metastore.HMSHandler: Skipping translation for processor with null
2024-04-24T06:28:44,747  INFO [main] HiveMetaStore.audit: ugi=alex	ip=unknown-ip-addr	cmd=get_table : tbl=hive.default.acidtbl	
2024-04-24T06:28:44,758  INFO [main] metastore.HMSHandler: Skipping translation for processor with null
2024-04-24T06:28:44,758  INFO [main] HiveMetaStore.audit: ugi=alex	ip=unknown-ip-addr	cmd=alter_table: hive.default.acidtbl newtbl=acidtbl	
2024-04-24T06:28:44,784  INFO [main] ql.Driver: Starting task [Stage-2:STATS] in serial mode
2024-04-24T06:28:44,785  INFO [main] HiveMetaStore.audit: ugi=alex	ip=unknown-ip-addr	cmd=get_table : tbl=hive.default.acidtbl	
2024-04-24T06:28:44,791  INFO [main] metastore.HMSHandler: Skipping translation for processor with null
2024-04-24T06:28:44,791  INFO [main] stats.BasicStatsTask: Executing stats task
2024-04-24T06:28:44,791  INFO [main] fs.FSStatsPublisher: created : file:/home/alex/Repositories/hive/ql/target/tmp/localscratchdir/8020f318-b11f-4506-93c0-1f8022ec755a/hive_2024-04-24_06-28-43_322_5198582329511700383-1/-mr-10000
2024-04-24T06:28:44,793  INFO [main] HiveMetaStore.audit: ugi=alex	ip=unknown-ip-addr	cmd=get_table : tbl=hive.default.acidtbl	
2024-04-24T06:28:44,800  INFO [main] metastore.HMSHandler: Skipping translation for processor with null
2024-04-24T06:28:44,820  WARN [main] FileOperations: Computing stats for an ACID table; stats may be inaccurate
2024-04-24T06:28:44,821  INFO [main] FileOperations: Read stats for default.acidtbl/, numRows, true, 2, false: 
2024-04-24T06:28:44,821  INFO [main] FileOperations: Read stats for default.acidtbl/, rawDataSize, true, 0, false: 
2024-04-24T06:28:44,821  INFO [main] HiveMetaStore.audit: ugi=alex	ip=unknown-ip-addr	cmd=alter_table: hive.default.acidtbl newtbl=acidtbl	
2024-04-24T06:28:44,840  INFO [main] FileOperations: Read stats for default.acidtbl/, insertCount, true, 2, false: 
2024-04-24T06:28:44,840  INFO [main] FileOperations: Read stats for default.acidtbl/, updateCount, true, 0, false: 
2024-04-24T06:28:44,840  INFO [main] FileOperations: Read stats for default.acidtbl/, deleteCount, true, 0, false: 
2024-04-24T06:28:44,841  INFO [main] stats.BasicStatsTask: Table default.acidtbl stats: [numFiles=4, numRows=4, totalSize=2695, rawDataSize=0, numFilesErasureCoded=0]
2024-04-24T06:28:44,841  INFO [main] metadata.Hive: Dumping metastore api call timing information for : execution phase
2024-04-24T06:28:44,841  INFO [main] metadata.Hive: Total time spent in each metastore function (ms): {alter_table_(String, String, String, Table, EnvironmentContext, String)=45, updateTransactionalStatistics_(UpdateTransactionalStatsRequest)=0, getTable_(GetTableRequest)=35, isCompatibleWith_(Configuration)=0}
MapReduce Jobs Launched: 
2024-04-24T06:28:44,841  INFO [main] ql.Driver: MapReduce Jobs Launched: 
Stage-Stage-1:  HDFS Read: 0 HDFS Write: 0 SUCCESS
2024-04-24T06:28:44,842  INFO [main] ql.Driver: Stage-Stage-1:  HDFS Read: 0 HDFS Write: 0 SUCCESS
Total MapReduce CPU Time Spent: 0 msec
2024-04-24T06:28:44,842  INFO [main] ql.Driver: Total MapReduce CPU Time Spent: 0 msec
2024-04-24T06:28:44,842  INFO [main] ql.Driver: Completed executing command(queryId=alex_20240424062843_2c6707b0-f929-455b-8848-acfc8952141b); Time taken: 1.381 seconds
2024-04-24T06:28:44,842  INFO [main] ql.TxnCommandsBaseForTests: Running the query: select a,b from acidTbl order by a,b
2024-04-24T06:28:44,842  INFO [main] ql.Context: Deleting scratch dir: file:/home/alex/Repositories/hive/ql/target/tmp/localscratchdir/8020f318-b11f-4506-93c0-1f8022ec755a/hive_2024-04-24_06-28-43_322_5198582329511700383-1
2024-04-24T06:28:44,842  INFO [main] cleanup.SyncCleanupService: Deleted directory: file:/home/alex/Repositories/hive/ql/target/tmp/localscratchdir/8020f318-b11f-4506-93c0-1f8022ec755a/hive_2024-04-24_06-28-43_322_5198582329511700383-1 on fs with scheme file
2024-04-24T06:28:44,843  INFO [main] ql.Driver: Compiling command(queryId=alex_20240424062844_b1c1a4c7-1cc4-41b8-9a6d-1862337c10a0): select a,b from acidTbl order by a,b
2024-04-24T06:28:44,843  INFO [main] parse.CalcitePlanner: Starting caching scope for: 
2024-04-24T06:28:44,843  INFO [main] parse.CalcitePlanner: Starting Semantic Analysis
2024-04-24T06:28:44,844  INFO [main] parse.CalcitePlanner: Completed phase 1 of Semantic Analysis
2024-04-24T06:28:44,844  INFO [main] parse.CalcitePlanner: Get metadata for source tables
2024-04-24T06:28:44,844  INFO [main] HiveMetaStore.audit: ugi=alex	ip=unknown-ip-addr	cmd=get_table : tbl=hive.default.acidtbl	
2024-04-24T06:28:44,851  INFO [main] metastore.HMSHandler: Skipping translation for processor with null
2024-04-24T06:28:44,851  INFO [main] parse.CalcitePlanner: Get metadata for subqueries
2024-04-24T06:28:44,851  INFO [main] parse.CalcitePlanner: Get metadata for destination tables
2024-04-24T06:28:44,852  INFO [main] parse.CalcitePlanner: Completed getting MetaData in Semantic Analysis
2024-04-24T06:28:44,862  INFO [main] HiveMetaStore.audit: ugi=alex	ip=unknown-ip-addr	cmd=get_all_table_constraints : tbl=hive.default.acidtbl	
2024-04-24T06:28:44,870  INFO [main] calcite.RelOptHiveTable: Calculating column statistics for default.acidtbl, projIndxSet: [0, 1], allowMissingStats: true
2024-04-24T06:28:44,871  INFO [main] HiveMetaStore.audit: ugi=alex	ip=unknown-ip-addr	cmd=get_table : tbl=hive.default.acidtbl	
2024-04-24T06:28:44,878  INFO [main] metastore.HMSHandler: Skipping translation for processor with null
2024-04-24T06:28:44,879  INFO [main] HiveMetaStore.audit: ugi=alex	ip=unknown-ip-addr	cmd=get_table : tbl=hive.default.acidtbl	
2024-04-24T06:28:44,886  INFO [main] metastore.HMSHandler: Skipping translation for processor with null
2024-04-24T06:28:44,887  INFO [main] HiveMetaStore.audit: ugi=alex	ip=unknown-ip-addr	cmd=get_table_statistics_req: table=hive.default.acidtbl	
2024-04-24T06:28:44,894  WARN [main] calcite.RelOptHiveTable: No Stats for default@acidtbl, Columns: a, b
No Stats for default@acidtbl, Columns: a, b
2024-04-24T06:28:44,894  INFO [main] SessionState: No Stats for default@acidtbl, Columns: a, b
2024-04-24T06:28:44,931  INFO [main] parse.CalcitePlanner: Get metadata for source tables
2024-04-24T06:28:44,931  INFO [main] parse.CalcitePlanner: Get metadata for subqueries
2024-04-24T06:28:44,931  INFO [main] parse.CalcitePlanner: Get metadata for destination tables
2024-04-24T06:28:44,932  INFO [main] common.FileUtils: Creating directory if it doesn't exist: file:/home/alex/Repositories/hive/ql/target/tmp/localscratchdir/8020f318-b11f-4506-93c0-1f8022ec755a/hive_2024-04-24_06-28-44_843_4502959933133350564-1/-mr-10001/.hive-staging_hive_2024-04-24_06-28-44_843_4502959933133350564-1
2024-04-24T06:28:44,939  INFO [main] parse.CalcitePlanner: CBO Succeeded; optimized logical plan.
2024-04-24T06:28:44,941  INFO [main] optimizer.ColumnPrunerProcFactory: RS 2 oldColExprMap: {KEY.reducesinkkey1=Column[_col1], KEY.reducesinkkey0=Column[_col0]}
2024-04-24T06:28:44,942  INFO [main] optimizer.ColumnPrunerProcFactory: RS 2 newColExprMap: {KEY.reducesinkkey1=Column[_col1], KEY.reducesinkkey0=Column[_col0]}
2024-04-24T06:28:44,943  INFO [main] optimizer.SortedDynPartitionOptimizer: Sorted dynamic partitioning optimization kicked in..
2024-04-24T06:28:44,951  INFO [main] parse.CalcitePlanner: Completed plan generation
2024-04-24T06:28:44,951  INFO [main] parse.CalcitePlanner: Ending caching scope for: 
2024-04-24T06:28:44,951  INFO [main] ql.Driver: Semantic Analysis Completed (retrial = false)
2024-04-24T06:28:44,951  INFO [main] ql.Driver: Created Hive schema: Schema(fieldSchemas:[FieldSchema(name:a, type:int, comment:null), FieldSchema(name:b, type:int, comment:null)], properties:null)
2024-04-24T06:28:44,952  INFO [main] exec.ListSinkOperator: Initializing Operator: LIST_SINK[5]
2024-04-24T06:28:44,952  INFO [main] metadata.Hive: Dumping metastore api call timing information for : compilation phase
2024-04-24T06:28:44,952  INFO [main] metadata.Hive: Total time spent in each metastore function (ms): {getAllTableConstraints_(AllTableConstraintsRequest)=5, getTable_(GetTableRequest)=7, flushCache_()=0, isCompatibleWith_(Configuration)=1, getValidWriteIds_(List, String)=1, getTableColumnStatistics_(String, String, List, String)=22}
2024-04-24T06:28:44,953  INFO [main] ql.Driver: Completed compiling command(queryId=alex_20240424062844_b1c1a4c7-1cc4-41b8-9a6d-1862337c10a0); Time taken: 0.109 seconds
2024-04-24T06:28:44,953  INFO [main] lockmgr.DbTxnManager: Setting lock request transaction to txnid:15 for queryId=alex_20240424062844_b1c1a4c7-1cc4-41b8-9a6d-1862337c10a0
2024-04-24T06:28:44,953  INFO [main] lockmgr.DbLockManager: Requesting lock for queryId=alex_20240424062844_b1c1a4c7-1cc4-41b8-9a6d-1862337c10a0
2024-04-24T06:28:44,966  INFO [main] lockmgr.DbLockManager: Response to queryId=alex_20240424062844_b1c1a4c7-1cc4-41b8-9a6d-1862337c10a0 LockResponse(lockid:10, state:ACQUIRED)
2024-04-24T06:28:44,966  INFO [main] ql.Driver: Operation QUERY obtained 1 locks
2024-04-24T06:28:44,966  INFO [main] ql.Driver: Executing command(queryId=alex_20240424062844_b1c1a4c7-1cc4-41b8-9a6d-1862337c10a0): select a,b from acidTbl order by a,b
2024-04-24T06:28:44,967  WARN [main] ql.Driver: Hive-on-MR is deprecated in Hive 2 and may not be available in the future versions. Consider using a different execution engine (i.e. tez, spark) or using Hive 1.X releases.
Query ID = alex_20240424062844_b1c1a4c7-1cc4-41b8-9a6d-1862337c10a0
2024-04-24T06:28:44,967  INFO [main] ql.Driver: Query ID = alex_20240424062844_b1c1a4c7-1cc4-41b8-9a6d-1862337c10a0
Total jobs = 1
2024-04-24T06:28:44,967  INFO [main] ql.Driver: Total jobs = 1
Launching Job 1 out of 1
2024-04-24T06:28:44,967  INFO [main] ql.Driver: Launching Job 1 out of 1
2024-04-24T06:28:45,091  INFO [main] ql.Driver: Starting task [Stage-1:MAPRED] in serial mode
Number of reduce tasks determined at compile time: 1
2024-04-24T06:28:45,091  INFO [main] exec.Task: Number of reduce tasks determined at compile time: 1
In order to change the average load for a reducer (in bytes):
2024-04-24T06:28:45,091  INFO [main] exec.Task: In order to change the average load for a reducer (in bytes):
  set hive.exec.reducers.bytes.per.reducer=<number>
2024-04-24T06:28:45,091  INFO [main] exec.Task:   set hive.exec.reducers.bytes.per.reducer=<number>
In order to limit the maximum number of reducers:
2024-04-24T06:28:45,091  INFO [main] exec.Task: In order to limit the maximum number of reducers:
  set hive.exec.reducers.max=<number>
2024-04-24T06:28:45,091  INFO [main] exec.Task:   set hive.exec.reducers.max=<number>
In order to set a constant number of reducers:
2024-04-24T06:28:45,091  INFO [main] exec.Task: In order to set a constant number of reducers:
  set mapreduce.job.reduces=<number>
2024-04-24T06:28:45,091  INFO [main] exec.Task:   set mapreduce.job.reduces=<number>
2024-04-24T06:28:45,104  INFO [main] mr.ExecDriver: Using org.apache.hadoop.hive.ql.io.HiveInputFormat
2024-04-24T06:28:45,104  INFO [main] exec.Utilities: Processing alias acidtbl
2024-04-24T06:28:45,104  INFO [main] exec.Utilities: Adding 1 inputs; the first input is file:/home/alex/Repositories/hive/ql/target/tmp/org.apache.hadoop.hive.ql.TestTxnCommands-1713965238357/warehouse/acidtbl
2024-04-24T06:28:45,113  INFO [main] exec.SerializationUtilities: Serializing MapWork using kryo
2024-04-24T06:28:45,114  INFO [main] exec.Utilities: Serialized plan (via FILE) - name: null size: 4,74KB
2024-04-24T06:28:45,118  INFO [main] exec.SerializationUtilities: Serializing ReduceWork using kryo
2024-04-24T06:28:45,119  INFO [main] exec.Utilities: Serialized plan (via FILE) - name: null size: 5,60KB
2024-04-24T06:28:45,120  WARN [main] impl.MetricsSystemImpl: JobTracker metrics system already initialized!
2024-04-24T06:28:45,125  WARN [main] impl.MetricsSystemImpl: JobTracker metrics system already initialized!
2024-04-24T06:28:45,131  WARN [main] mapreduce.JobResourceUploader: Hadoop command-line option parsing not performed. Implement the Tool interface and execute your application with ToolRunner to remedy this.
2024-04-24T06:28:45,135  WARN [main] mapreduce.JobResourceUploader: No job jar file set.  User classes may not be found. See Job or Job#setJar(String).
2024-04-24T06:28:45,136  INFO [main] io.HiveInputFormat: hive.io.file.readcolumn.ids = 0,1
2024-04-24T06:28:45,136  INFO [main] io.HiveInputFormat: hive.io.file.readcolumn.names = a,b
2024-04-24T06:28:45,136  INFO [main] io.HiveInputFormat: Generating splits for dirs: file:/home/alex/Repositories/hive/ql/target/tmp/org.apache.hadoop.hive.ql.TestTxnCommands-1713965238357/warehouse/acidtbl
2024-04-24T06:28:45,137  INFO [main] orc.OrcInputFormat: getSplits started
2024-04-24T06:28:45,137  INFO [main] orc.OrcInputFormat: Context:: isAcid: true isVectorMode: false sarg: null minSplitSize: 1 maxSplitSize: 256000000 splitStrategy: HYBRID footerInSplits: false numBuckets: 2 numThreads: 10 cacheMemSize: 268435456 cacheStripeDetails: true useSoftReference: false writeIdList: default.acidtbl:2:9223372036854775807:: isTransactionalTable: true txnProperties: default 
2024-04-24T06:28:45,137  INFO [main] orc.OrcInputFormat: ORC pushdown predicate: null
2024-04-24T06:28:45,158  INFO [main] orc.OrcInputFormat: FooterCacheHitRatio: 0/4
2024-04-24T06:28:45,158  INFO [main] orc.OrcInputFormat: getSplits finished (#splits: 4). duration: 21 ms
2024-04-24T06:28:45,158  INFO [main] io.HiveInputFormat: number of splits 4
2024-04-24T06:28:45,177  INFO [main] mapreduce.JobSubmitter: number of splits:4
2024-04-24T06:28:45,195  INFO [main] mapreduce.JobSubmitter: Submitting tokens for job: job_local1899753798_0033
2024-04-24T06:28:45,195  INFO [main] mapreduce.JobSubmitter: Executing with tokens: []
2024-04-24T06:28:45,253  INFO [main] mapreduce.Job: The url to track the job: http://localhost:8080/
Job running in-process (local Hadoop)
2024-04-24T06:28:45,253  INFO [main] exec.Task: Job running in-process (local Hadoop)
2024-04-24T06:28:45,253  INFO [Thread-2632] mapred.LocalJobRunner: OutputCommitter set in config org.apache.hadoop.hive.ql.io.HiveFileFormatUtils$NullOutputCommitter
2024-04-24T06:28:45,253  INFO [Thread-2632] mapred.LocalJobRunner: OutputCommitter is org.apache.hadoop.hive.ql.io.HiveFileFormatUtils$NullOutputCommitter
2024-04-24T06:28:45,256  INFO [Thread-2632] mapred.LocalJobRunner: Waiting for map tasks
2024-04-24T06:28:45,256  INFO [LocalJobRunner Map Task Executor #0] mapred.LocalJobRunner: Starting task: attempt_local1899753798_0033_m_000000_0
2024-04-24T06:28:45,256  INFO [LocalJobRunner Map Task Executor #0] mapred.Task:  Using ResourceCalculatorProcessTree : [ ]
2024-04-24T06:28:45,257  INFO [LocalJobRunner Map Task Executor #0] mapred.MapTask: Processing split: org.apache.hadoop.hive.ql.io.orc.OrcInputFormat:OrcSplit [file:/home/alex/Repositories/hive/ql/target/tmp/org.apache.hadoop.hive.ql.TestTxnCommands-1713965238357/warehouse/acidtbl/delta_0000002_0000002_0000/bucket_00001_0, start=0, length=679, isOriginal=false, fileLength=679, hasFooter=false, hasBase=true, deltas=0]
2024-04-24T06:28:45,257  INFO [LocalJobRunner Map Task Executor #0] exec.SerializationUtilities: Deserializing MapWork using kryo
2024-04-24T06:28:45,258  INFO [LocalJobRunner Map Task Executor #0] exec.Utilities: Deserialized plan (via FILE) - name: null size: 4,74KB
2024-04-24T06:28:45,259  INFO [LocalJobRunner Map Task Executor #0] orc.OrcRawRecordMerger: min key = null, max key = null
2024-04-24T06:28:45,259  INFO [LocalJobRunner Map Task Executor #0] orc.ReaderImpl: Reading ORC rows from file:/home/alex/Repositories/hive/ql/target/tmp/org.apache.hadoop.hive.ql.TestTxnCommands-1713965238357/warehouse/acidtbl/delta_0000002_0000002_0000/bucket_00001_0 with {include: [true, true, true], offset: 0, length: 679, schema: struct<a:int,b:int>, includeAcidColumns: true}
2024-04-24T06:28:45,260  INFO [LocalJobRunner Map Task Executor #0] orc.OrcRawRecordMerger: updated min key = null, max key = null
2024-04-24T06:28:45,260  INFO [LocalJobRunner Map Task Executor #0] mapred.MapTask: numReduceTasks: 1
2024-04-24T06:28:45,264  INFO [LocalJobRunner Map Task Executor #0] mapred.MapTask: (EQUATOR) 0 kvi 26214396(104857584)
2024-04-24T06:28:45,264  INFO [LocalJobRunner Map Task Executor #0] mapred.MapTask: mapreduce.task.io.sort.mb: 100
2024-04-24T06:28:45,264  INFO [LocalJobRunner Map Task Executor #0] mapred.MapTask: soft limit at 83886080
2024-04-24T06:28:45,264  INFO [LocalJobRunner Map Task Executor #0] mapred.MapTask: bufstart = 0; bufvoid = 104857600
2024-04-24T06:28:45,264  INFO [LocalJobRunner Map Task Executor #0] mapred.MapTask: kvstart = 26214396; length = 6553600
2024-04-24T06:28:45,265  INFO [LocalJobRunner Map Task Executor #0] mapred.MapTask: Map output collector class = org.apache.hadoop.mapred.MapTask$MapOutputBuffer
2024-04-24T06:28:45,265  INFO [LocalJobRunner Map Task Executor #0] exec.MapOperator: Initializing Operator: MAP[0]
2024-04-24T06:28:45,266  INFO [LocalJobRunner Map Task Executor #0] mr.ExecMapper: 
<MAP>Id =0
  <Children>null
  <\Children>
  <Parent><\Parent>
<\MAP>
2024-04-24T06:28:45,267  INFO [LocalJobRunner Map Task Executor #0] exec.TableScanOperator: Initializing Operator: TS[0]
2024-04-24T06:28:45,267  INFO [LocalJobRunner Map Task Executor #0] exec.SelectOperator: Initializing Operator: SEL[1]
2024-04-24T06:28:45,267  INFO [LocalJobRunner Map Task Executor #0] exec.SelectOperator: SELECT struct<a:int,b:int>
2024-04-24T06:28:45,267  INFO [LocalJobRunner Map Task Executor #0] exec.ReduceSinkOperator: Initializing Operator: RS[2]
2024-04-24T06:28:45,267  INFO [LocalJobRunner Map Task Executor #0] exec.ReduceSinkOperator: Using tag = -1
2024-04-24T06:28:45,267  INFO [LocalJobRunner Map Task Executor #0] exec.ReduceSinkOperator: keys are [reducesinkkey0, reducesinkkey1] num distributions: 2
2024-04-24T06:28:45,267  INFO [LocalJobRunner Map Task Executor #0] exec.ReduceSinkOperator: RS[2]: records written - 1
2024-04-24T06:28:45,268  INFO [LocalJobRunner Map Task Executor #0] exec.MapOperator: MAP[0]: records read - 1
2024-04-24T06:28:45,268  INFO [LocalJobRunner Map Task Executor #0] exec.MapOperator: Closing Operator: MAP[0]
2024-04-24T06:28:45,268  INFO [LocalJobRunner Map Task Executor #0] exec.MapOperator: MAP[0]: Total records read - 1. abort - false
2024-04-24T06:28:45,268  INFO [LocalJobRunner Map Task Executor #0] exec.MapOperator: DESERIALIZE_ERRORS:0, RECORDS_OUT_INTERMEDIATE:0, RECORDS_OUT_OPERATOR_MAP_0:0, RECORDS_IN:1, 
2024-04-24T06:28:45,268  INFO [LocalJobRunner Map Task Executor #0] exec.TableScanOperator: Closing Operator: TS[0]
2024-04-24T06:28:45,268  INFO [LocalJobRunner Map Task Executor #0] exec.TableScanOperator: RECORDS_OUT_INTERMEDIATE:0, RECORDS_OUT_OPERATOR_TS_0:1, 
2024-04-24T06:28:45,268  INFO [LocalJobRunner Map Task Executor #0] exec.SelectOperator: Closing Operator: SEL[1]
2024-04-24T06:28:45,268  INFO [LocalJobRunner Map Task Executor #0] exec.SelectOperator: RECORDS_OUT_INTERMEDIATE:0, RECORDS_OUT_OPERATOR_SEL_1:1, 
2024-04-24T06:28:45,268  INFO [LocalJobRunner Map Task Executor #0] exec.ReduceSinkOperator: Closing Operator: RS[2]
2024-04-24T06:28:45,268  INFO [LocalJobRunner Map Task Executor #0] exec.ReduceSinkOperator: RS[2]: Total records written - 1. abort - false
2024-04-24T06:28:45,268  INFO [LocalJobRunner Map Task Executor #0] exec.ReduceSinkOperator: RECORDS_OUT_OPERATOR_RS_2:1, RECORDS_OUT_INTERMEDIATE:1, 
2024-04-24T06:28:45,268  INFO [LocalJobRunner Map Task Executor #0] mapred.LocalJobRunner: 
2024-04-24T06:28:45,268  INFO [LocalJobRunner Map Task Executor #0] mapred.MapTask: Starting flush of map output
2024-04-24T06:28:45,268  INFO [LocalJobRunner Map Task Executor #0] mapred.MapTask: Spilling map output
2024-04-24T06:28:45,268  INFO [LocalJobRunner Map Task Executor #0] mapred.MapTask: bufstart = 0; bufend = 19; bufvoid = 104857600
2024-04-24T06:28:45,268  INFO [LocalJobRunner Map Task Executor #0] mapred.MapTask: kvstart = 26214396(104857584); kvend = 26214396(104857584); length = 1/6553600
2024-04-24T06:28:45,279  INFO [LocalJobRunner Map Task Executor #0] mapred.MapTask: Finished spill 0
2024-04-24T06:28:45,282  INFO [LocalJobRunner Map Task Executor #0] mapred.Task: Task:attempt_local1899753798_0033_m_000000_0 is done. And is in the process of committing
2024-04-24T06:28:45,282  INFO [LocalJobRunner Map Task Executor #0] mapred.LocalJobRunner: OrcSplit [file:/home/alex/Repositories/hive/ql/target/tmp/org.apache.hadoop.hive.ql.TestTxnCommands-1713965238357/warehouse/acidtbl/delta_0000002_0000002_0000/bucket_00001_0, start=0, length=679, isOriginal=false, fileLength=679, hasFooter=false, hasBase=true, deltas=0]
2024-04-24T06:28:45,282  INFO [LocalJobRunner Map Task Executor #0] mapred.Task: Task 'attempt_local1899753798_0033_m_000000_0' done.
2024-04-24T06:28:45,282  INFO [LocalJobRunner Map Task Executor #0] mapred.Task: Final Counters for attempt_local1899753798_0033_m_000000_0: Counters: 24
	File System Counters
		FILE: Number of bytes read=670610
		FILE: Number of bytes written=38936832
		FILE: Number of read operations=0
		FILE: Number of large read operations=0
		FILE: Number of write operations=0
	Map-Reduce Framework
		Map input records=1
		Map output records=1
		Map output bytes=19
		Map output materialized bytes=27
		Input split bytes=495
		Combine input records=0
		Spilled Records=1
		Failed Shuffles=0
		Merged Map outputs=0
		GC time elapsed (ms)=0
		Total committed heap usage (bytes)=1256718336
	HIVE
		DESERIALIZE_ERRORS=0
		RECORDS_IN=1
		RECORDS_OUT_INTERMEDIATE=1
		RECORDS_OUT_OPERATOR_MAP_0=0
		RECORDS_OUT_OPERATOR_RS_2=1
		RECORDS_OUT_OPERATOR_SEL_1=1
		RECORDS_OUT_OPERATOR_TS_0=1
	File Input Format Counters 
		Bytes Read=7584
2024-04-24T06:28:45,282  INFO [LocalJobRunner Map Task Executor #0] mapred.LocalJobRunner: Finishing task: attempt_local1899753798_0033_m_000000_0
2024-04-24T06:28:45,283  INFO [LocalJobRunner Map Task Executor #0] mapred.LocalJobRunner: Starting task: attempt_local1899753798_0033_m_000001_0
2024-04-24T06:28:45,283  INFO [LocalJobRunner Map Task Executor #0] mapred.Task:  Using ResourceCalculatorProcessTree : [ ]
2024-04-24T06:28:45,283  INFO [LocalJobRunner Map Task Executor #0] mapred.MapTask: Processing split: org.apache.hadoop.hive.ql.io.orc.OrcInputFormat:OrcSplit [file:/home/alex/Repositories/hive/ql/target/tmp/org.apache.hadoop.hive.ql.TestTxnCommands-1713965238357/warehouse/acidtbl/delta_0000001_0000001_0000/bucket_00001_0, start=0, length=673, isOriginal=false, fileLength=673, hasFooter=false, hasBase=true, deltas=0]
2024-04-24T06:28:45,284  INFO [LocalJobRunner Map Task Executor #0] exec.SerializationUtilities: Deserializing MapWork using kryo
2024-04-24T06:28:45,284  INFO [LocalJobRunner Map Task Executor #0] exec.Utilities: Deserialized plan (via FILE) - name: null size: 4,74KB
2024-04-24T06:28:45,285  INFO [LocalJobRunner Map Task Executor #0] orc.OrcRawRecordMerger: min key = null, max key = null
2024-04-24T06:28:45,285  INFO [LocalJobRunner Map Task Executor #0] orc.ReaderImpl: Reading ORC rows from file:/home/alex/Repositories/hive/ql/target/tmp/org.apache.hadoop.hive.ql.TestTxnCommands-1713965238357/warehouse/acidtbl/delta_0000001_0000001_0000/bucket_00001_0 with {include: [true, true, true], offset: 0, length: 673, schema: struct<a:int,b:int>, includeAcidColumns: true}
2024-04-24T06:28:45,286  INFO [LocalJobRunner Map Task Executor #0] orc.OrcRawRecordMerger: updated min key = null, max key = null
2024-04-24T06:28:45,286  INFO [LocalJobRunner Map Task Executor #0] mapred.MapTask: numReduceTasks: 1
2024-04-24T06:28:45,290  INFO [LocalJobRunner Map Task Executor #0] mapred.MapTask: (EQUATOR) 0 kvi 26214396(104857584)
2024-04-24T06:28:45,290  INFO [LocalJobRunner Map Task Executor #0] mapred.MapTask: mapreduce.task.io.sort.mb: 100
2024-04-24T06:28:45,290  INFO [LocalJobRunner Map Task Executor #0] mapred.MapTask: soft limit at 83886080
2024-04-24T06:28:45,290  INFO [LocalJobRunner Map Task Executor #0] mapred.MapTask: bufstart = 0; bufvoid = 104857600
2024-04-24T06:28:45,290  INFO [LocalJobRunner Map Task Executor #0] mapred.MapTask: kvstart = 26214396; length = 6553600
2024-04-24T06:28:45,291  INFO [LocalJobRunner Map Task Executor #0] mapred.MapTask: Map output collector class = org.apache.hadoop.mapred.MapTask$MapOutputBuffer
2024-04-24T06:28:45,291  INFO [LocalJobRunner Map Task Executor #0] exec.MapOperator: Initializing Operator: MAP[0]
2024-04-24T06:28:45,292  INFO [LocalJobRunner Map Task Executor #0] mr.ExecMapper: 
<MAP>Id =0
  <Children>null
  <\Children>
  <Parent><\Parent>
<\MAP>
2024-04-24T06:28:45,293  INFO [LocalJobRunner Map Task Executor #0] exec.TableScanOperator: Initializing Operator: TS[0]
2024-04-24T06:28:45,293  INFO [LocalJobRunner Map Task Executor #0] exec.SelectOperator: Initializing Operator: SEL[1]
2024-04-24T06:28:45,293  INFO [LocalJobRunner Map Task Executor #0] exec.SelectOperator: SELECT struct<a:int,b:int>
2024-04-24T06:28:45,293  INFO [LocalJobRunner Map Task Executor #0] exec.ReduceSinkOperator: Initializing Operator: RS[2]
2024-04-24T06:28:45,293  INFO [LocalJobRunner Map Task Executor #0] exec.ReduceSinkOperator: Using tag = -1
2024-04-24T06:28:45,293  INFO [LocalJobRunner Map Task Executor #0] exec.ReduceSinkOperator: keys are [reducesinkkey0, reducesinkkey1] num distributions: 2
2024-04-24T06:28:45,293  INFO [LocalJobRunner Map Task Executor #0] exec.ReduceSinkOperator: RS[2]: records written - 1
2024-04-24T06:28:45,293  INFO [LocalJobRunner Map Task Executor #0] exec.MapOperator: MAP[0]: records read - 1
2024-04-24T06:28:45,293  INFO [LocalJobRunner Map Task Executor #0] exec.MapOperator: Closing Operator: MAP[0]
2024-04-24T06:28:45,294  INFO [LocalJobRunner Map Task Executor #0] exec.MapOperator: MAP[0]: Total records read - 1. abort - false
2024-04-24T06:28:45,294  INFO [LocalJobRunner Map Task Executor #0] exec.MapOperator: DESERIALIZE_ERRORS:0, RECORDS_OUT_INTERMEDIATE:0, RECORDS_OUT_OPERATOR_MAP_0:0, RECORDS_IN:1, 
2024-04-24T06:28:45,294  INFO [LocalJobRunner Map Task Executor #0] exec.TableScanOperator: Closing Operator: TS[0]
2024-04-24T06:28:45,294  INFO [LocalJobRunner Map Task Executor #0] exec.TableScanOperator: RECORDS_OUT_OPERATOR_TS_0:1, RECORDS_OUT_INTERMEDIATE:0, 
2024-04-24T06:28:45,294  INFO [LocalJobRunner Map Task Executor #0] exec.SelectOperator: Closing Operator: SEL[1]
2024-04-24T06:28:45,294  INFO [LocalJobRunner Map Task Executor #0] exec.SelectOperator: RECORDS_OUT_INTERMEDIATE:0, RECORDS_OUT_OPERATOR_SEL_1:1, 
2024-04-24T06:28:45,294  INFO [LocalJobRunner Map Task Executor #0] exec.ReduceSinkOperator: Closing Operator: RS[2]
2024-04-24T06:28:45,294  INFO [LocalJobRunner Map Task Executor #0] exec.ReduceSinkOperator: RS[2]: Total records written - 1. abort - false
2024-04-24T06:28:45,294  INFO [LocalJobRunner Map Task Executor #0] exec.ReduceSinkOperator: RECORDS_OUT_OPERATOR_RS_2:1, RECORDS_OUT_INTERMEDIATE:1, 
2024-04-24T06:28:45,294  INFO [LocalJobRunner Map Task Executor #0] mapred.LocalJobRunner: 
2024-04-24T06:28:45,294  INFO [LocalJobRunner Map Task Executor #0] mapred.MapTask: Starting flush of map output
2024-04-24T06:28:45,294  INFO [LocalJobRunner Map Task Executor #0] mapred.MapTask: Spilling map output
2024-04-24T06:28:45,294  INFO [LocalJobRunner Map Task Executor #0] mapred.MapTask: bufstart = 0; bufend = 19; bufvoid = 104857600
2024-04-24T06:28:45,294  INFO [LocalJobRunner Map Task Executor #0] mapred.MapTask: kvstart = 26214396(104857584); kvend = 26214396(104857584); length = 1/6553600
2024-04-24T06:28:45,302  INFO [LocalJobRunner Map Task Executor #0] mapred.MapTask: Finished spill 0
2024-04-24T06:28:45,305  INFO [LocalJobRunner Map Task Executor #0] mapred.Task: Task:attempt_local1899753798_0033_m_000001_0 is done. And is in the process of committing
2024-04-24T06:28:45,306  INFO [LocalJobRunner Map Task Executor #0] mapred.LocalJobRunner: OrcSplit [file:/home/alex/Repositories/hive/ql/target/tmp/org.apache.hadoop.hive.ql.TestTxnCommands-1713965238357/warehouse/acidtbl/delta_0000001_0000001_0000/bucket_00001_0, start=0, length=673, isOriginal=false, fileLength=673, hasFooter=false, hasBase=true, deltas=0]
2024-04-24T06:28:45,306  INFO [LocalJobRunner Map Task Executor #0] mapred.Task: Task 'attempt_local1899753798_0033_m_000001_0' done.
2024-04-24T06:28:45,306  INFO [LocalJobRunner Map Task Executor #0] mapred.Task: Final Counters for attempt_local1899753798_0033_m_000001_0: Counters: 24
	File System Counters
		FILE: Number of bytes read=680181
		FILE: Number of bytes written=38936891
		FILE: Number of read operations=0
		FILE: Number of large read operations=0
		FILE: Number of write operations=0
	Map-Reduce Framework
		Map input records=1
		Map output records=1
		Map output bytes=19
		Map output materialized bytes=27
		Input split bytes=495
		Combine input records=0
		Spilled Records=1
		Failed Shuffles=0
		Merged Map outputs=0
		GC time elapsed (ms)=0
		Total committed heap usage (bytes)=1256718336
	HIVE
		DESERIALIZE_ERRORS=0
		RECORDS_IN=1
		RECORDS_OUT_INTERMEDIATE=1
		RECORDS_OUT_OPERATOR_MAP_0=0
		RECORDS_OUT_OPERATOR_RS_2=1
		RECORDS_OUT_OPERATOR_SEL_1=1
		RECORDS_OUT_OPERATOR_TS_0=1
	File Input Format Counters 
		Bytes Read=7560
2024-04-24T06:28:45,306  INFO [LocalJobRunner Map Task Executor #0] mapred.LocalJobRunner: Finishing task: attempt_local1899753798_0033_m_000001_0
2024-04-24T06:28:45,306  INFO [LocalJobRunner Map Task Executor #0] mapred.LocalJobRunner: Starting task: attempt_local1899753798_0033_m_000002_0
2024-04-24T06:28:45,306  INFO [LocalJobRunner Map Task Executor #0] mapred.Task:  Using ResourceCalculatorProcessTree : [ ]
2024-04-24T06:28:45,307  INFO [LocalJobRunner Map Task Executor #0] mapred.MapTask: Processing split: org.apache.hadoop.hive.ql.io.orc.OrcInputFormat:OrcSplit [file:/home/alex/Repositories/hive/ql/target/tmp/org.apache.hadoop.hive.ql.TestTxnCommands-1713965238357/warehouse/acidtbl/delta_0000002_0000002_0000/bucket_00000_0, start=0, length=672, isOriginal=false, fileLength=672, hasFooter=false, hasBase=true, deltas=0]
2024-04-24T06:28:45,307  INFO [LocalJobRunner Map Task Executor #0] exec.SerializationUtilities: Deserializing MapWork using kryo
2024-04-24T06:28:45,308  INFO [LocalJobRunner Map Task Executor #0] exec.Utilities: Deserialized plan (via FILE) - name: null size: 4,74KB
2024-04-24T06:28:45,308  INFO [LocalJobRunner Map Task Executor #0] orc.OrcRawRecordMerger: min key = null, max key = null
2024-04-24T06:28:45,308  INFO [LocalJobRunner Map Task Executor #0] orc.ReaderImpl: Reading ORC rows from file:/home/alex/Repositories/hive/ql/target/tmp/org.apache.hadoop.hive.ql.TestTxnCommands-1713965238357/warehouse/acidtbl/delta_0000002_0000002_0000/bucket_00000_0 with {include: [true, true, true], offset: 0, length: 672, schema: struct<a:int,b:int>, includeAcidColumns: true}
2024-04-24T06:28:45,309  INFO [LocalJobRunner Map Task Executor #0] orc.OrcRawRecordMerger: updated min key = null, max key = null
2024-04-24T06:28:45,309  INFO [LocalJobRunner Map Task Executor #0] mapred.MapTask: numReduceTasks: 1
2024-04-24T06:28:45,314  INFO [LocalJobRunner Map Task Executor #0] mapred.MapTask: (EQUATOR) 0 kvi 26214396(104857584)
2024-04-24T06:28:45,314  INFO [LocalJobRunner Map Task Executor #0] mapred.MapTask: mapreduce.task.io.sort.mb: 100
2024-04-24T06:28:45,314  INFO [LocalJobRunner Map Task Executor #0] mapred.MapTask: soft limit at 83886080
2024-04-24T06:28:45,314  INFO [LocalJobRunner Map Task Executor #0] mapred.MapTask: bufstart = 0; bufvoid = 104857600
2024-04-24T06:28:45,314  INFO [LocalJobRunner Map Task Executor #0] mapred.MapTask: kvstart = 26214396; length = 6553600
2024-04-24T06:28:45,314  INFO [LocalJobRunner Map Task Executor #0] mapred.MapTask: Map output collector class = org.apache.hadoop.mapred.MapTask$MapOutputBuffer
2024-04-24T06:28:45,314  INFO [LocalJobRunner Map Task Executor #0] exec.MapOperator: Initializing Operator: MAP[0]
2024-04-24T06:28:45,315  INFO [LocalJobRunner Map Task Executor #0] mr.ExecMapper: 
<MAP>Id =0
  <Children>null
  <\Children>
  <Parent><\Parent>
<\MAP>
2024-04-24T06:28:45,316  INFO [LocalJobRunner Map Task Executor #0] exec.TableScanOperator: Initializing Operator: TS[0]
2024-04-24T06:28:45,316  INFO [LocalJobRunner Map Task Executor #0] exec.SelectOperator: Initializing Operator: SEL[1]
2024-04-24T06:28:45,316  INFO [LocalJobRunner Map Task Executor #0] exec.SelectOperator: SELECT struct<a:int,b:int>
2024-04-24T06:28:45,316  INFO [LocalJobRunner Map Task Executor #0] exec.ReduceSinkOperator: Initializing Operator: RS[2]
2024-04-24T06:28:45,316  INFO [LocalJobRunner Map Task Executor #0] exec.ReduceSinkOperator: Using tag = -1
2024-04-24T06:28:45,316  INFO [LocalJobRunner Map Task Executor #0] exec.ReduceSinkOperator: keys are [reducesinkkey0, reducesinkkey1] num distributions: 2
2024-04-24T06:28:45,316  INFO [LocalJobRunner Map Task Executor #0] exec.ReduceSinkOperator: RS[2]: records written - 1
2024-04-24T06:28:45,316  INFO [LocalJobRunner Map Task Executor #0] exec.MapOperator: MAP[0]: records read - 1
2024-04-24T06:28:45,317  INFO [LocalJobRunner Map Task Executor #0] exec.MapOperator: Closing Operator: MAP[0]
2024-04-24T06:28:45,317  INFO [LocalJobRunner Map Task Executor #0] exec.MapOperator: MAP[0]: Total records read - 1. abort - false
2024-04-24T06:28:45,317  INFO [LocalJobRunner Map Task Executor #0] exec.MapOperator: RECORDS_OUT_OPERATOR_MAP_0:0, RECORDS_IN:1, RECORDS_OUT_INTERMEDIATE:0, DESERIALIZE_ERRORS:0, 
2024-04-24T06:28:45,317  INFO [LocalJobRunner Map Task Executor #0] exec.TableScanOperator: Closing Operator: TS[0]
2024-04-24T06:28:45,317  INFO [LocalJobRunner Map Task Executor #0] exec.TableScanOperator: RECORDS_OUT_OPERATOR_TS_0:1, RECORDS_OUT_INTERMEDIATE:0, 
2024-04-24T06:28:45,317  INFO [LocalJobRunner Map Task Executor #0] exec.SelectOperator: Closing Operator: SEL[1]
2024-04-24T06:28:45,317  INFO [LocalJobRunner Map Task Executor #0] exec.SelectOperator: RECORDS_OUT_INTERMEDIATE:0, RECORDS_OUT_OPERATOR_SEL_1:1, 
2024-04-24T06:28:45,317  INFO [LocalJobRunner Map Task Executor #0] exec.ReduceSinkOperator: Closing Operator: RS[2]
2024-04-24T06:28:45,317  INFO [LocalJobRunner Map Task Executor #0] exec.ReduceSinkOperator: RS[2]: Total records written - 1. abort - false
2024-04-24T06:28:45,317  INFO [LocalJobRunner Map Task Executor #0] exec.ReduceSinkOperator: RECORDS_OUT_INTERMEDIATE:1, RECORDS_OUT_OPERATOR_RS_2:1, 
2024-04-24T06:28:45,317  INFO [LocalJobRunner Map Task Executor #0] mapred.LocalJobRunner: 
2024-04-24T06:28:45,317  INFO [LocalJobRunner Map Task Executor #0] mapred.MapTask: Starting flush of map output
2024-04-24T06:28:45,317  INFO [LocalJobRunner Map Task Executor #0] mapred.MapTask: Spilling map output
2024-04-24T06:28:45,317  INFO [LocalJobRunner Map Task Executor #0] mapred.MapTask: bufstart = 0; bufend = 19; bufvoid = 104857600
2024-04-24T06:28:45,317  INFO [LocalJobRunner Map Task Executor #0] mapred.MapTask: kvstart = 26214396(104857584); kvend = 26214396(104857584); length = 1/6553600
2024-04-24T06:28:45,325  INFO [LocalJobRunner Map Task Executor #0] mapred.MapTask: Finished spill 0
2024-04-24T06:28:45,328  INFO [LocalJobRunner Map Task Executor #0] mapred.Task: Task:attempt_local1899753798_0033_m_000002_0 is done. And is in the process of committing
2024-04-24T06:28:45,328  INFO [LocalJobRunner Map Task Executor #0] mapred.LocalJobRunner: OrcSplit [file:/home/alex/Repositories/hive/ql/target/tmp/org.apache.hadoop.hive.ql.TestTxnCommands-1713965238357/warehouse/acidtbl/delta_0000002_0000002_0000/bucket_00000_0, start=0, length=672, isOriginal=false, fileLength=672, hasFooter=false, hasBase=true, deltas=0]
2024-04-24T06:28:45,328  INFO [LocalJobRunner Map Task Executor #0] mapred.Task: Task 'attempt_local1899753798_0033_m_000002_0' done.
2024-04-24T06:28:45,328  INFO [LocalJobRunner Map Task Executor #0] mapred.Task: Final Counters for attempt_local1899753798_0033_m_000002_0: Counters: 24
	File System Counters
		FILE: Number of bytes read=689236
		FILE: Number of bytes written=38936950
		FILE: Number of read operations=0
		FILE: Number of large read operations=0
		FILE: Number of write operations=0
	Map-Reduce Framework
		Map input records=1
		Map output records=1
		Map output bytes=19
		Map output materialized bytes=27
		Input split bytes=495
		Combine input records=0
		Spilled Records=1
		Failed Shuffles=0
		Merged Map outputs=0
		GC time elapsed (ms)=0
		Total committed heap usage (bytes)=1256718336
	HIVE
		DESERIALIZE_ERRORS=0
		RECORDS_IN=1
		RECORDS_OUT_INTERMEDIATE=1
		RECORDS_OUT_OPERATOR_MAP_0=0
		RECORDS_OUT_OPERATOR_RS_2=1
		RECORDS_OUT_OPERATOR_SEL_1=1
		RECORDS_OUT_OPERATOR_TS_0=1
	File Input Format Counters 
		Bytes Read=7556
2024-04-24T06:28:45,328  INFO [LocalJobRunner Map Task Executor #0] mapred.LocalJobRunner: Finishing task: attempt_local1899753798_0033_m_000002_0
2024-04-24T06:28:45,328  INFO [LocalJobRunner Map Task Executor #0] mapred.LocalJobRunner: Starting task: attempt_local1899753798_0033_m_000003_0
2024-04-24T06:28:45,329  INFO [LocalJobRunner Map Task Executor #0] mapred.Task:  Using ResourceCalculatorProcessTree : [ ]
2024-04-24T06:28:45,329  INFO [LocalJobRunner Map Task Executor #0] mapred.MapTask: Processing split: org.apache.hadoop.hive.ql.io.orc.OrcInputFormat:OrcSplit [file:/home/alex/Repositories/hive/ql/target/tmp/org.apache.hadoop.hive.ql.TestTxnCommands-1713965238357/warehouse/acidtbl/delta_0000001_0000001_0000/bucket_00000_0, start=0, length=671, isOriginal=false, fileLength=671, hasFooter=false, hasBase=true, deltas=0]
2024-04-24T06:28:45,330  INFO [LocalJobRunner Map Task Executor #0] exec.SerializationUtilities: Deserializing MapWork using kryo
2024-04-24T06:28:45,330  INFO [LocalJobRunner Map Task Executor #0] exec.Utilities: Deserialized plan (via FILE) - name: null size: 4,74KB
2024-04-24T06:28:45,331  INFO [LocalJobRunner Map Task Executor #0] orc.OrcRawRecordMerger: min key = null, max key = null
2024-04-24T06:28:45,331  INFO [LocalJobRunner Map Task Executor #0] orc.ReaderImpl: Reading ORC rows from file:/home/alex/Repositories/hive/ql/target/tmp/org.apache.hadoop.hive.ql.TestTxnCommands-1713965238357/warehouse/acidtbl/delta_0000001_0000001_0000/bucket_00000_0 with {include: [true, true, true], offset: 0, length: 671, schema: struct<a:int,b:int>, includeAcidColumns: true}
2024-04-24T06:28:45,332  INFO [LocalJobRunner Map Task Executor #0] orc.OrcRawRecordMerger: updated min key = null, max key = null
2024-04-24T06:28:45,332  INFO [LocalJobRunner Map Task Executor #0] mapred.MapTask: numReduceTasks: 1
2024-04-24T06:28:45,337  INFO [LocalJobRunner Map Task Executor #0] mapred.MapTask: (EQUATOR) 0 kvi 26214396(104857584)
2024-04-24T06:28:45,337  INFO [LocalJobRunner Map Task Executor #0] mapred.MapTask: mapreduce.task.io.sort.mb: 100
2024-04-24T06:28:45,337  INFO [LocalJobRunner Map Task Executor #0] mapred.MapTask: soft limit at 83886080
2024-04-24T06:28:45,337  INFO [LocalJobRunner Map Task Executor #0] mapred.MapTask: bufstart = 0; bufvoid = 104857600
2024-04-24T06:28:45,337  INFO [LocalJobRunner Map Task Executor #0] mapred.MapTask: kvstart = 26214396; length = 6553600
2024-04-24T06:28:45,338  INFO [LocalJobRunner Map Task Executor #0] mapred.MapTask: Map output collector class = org.apache.hadoop.mapred.MapTask$MapOutputBuffer
2024-04-24T06:28:45,338  INFO [LocalJobRunner Map Task Executor #0] exec.MapOperator: Initializing Operator: MAP[0]
2024-04-24T06:28:45,339  INFO [LocalJobRunner Map Task Executor #0] mr.ExecMapper: 
<MAP>Id =0
  <Children>null
  <\Children>
  <Parent><\Parent>
<\MAP>
2024-04-24T06:28:45,340  INFO [LocalJobRunner Map Task Executor #0] exec.TableScanOperator: Initializing Operator: TS[0]
2024-04-24T06:28:45,340  INFO [LocalJobRunner Map Task Executor #0] exec.SelectOperator: Initializing Operator: SEL[1]
2024-04-24T06:28:45,340  INFO [LocalJobRunner Map Task Executor #0] exec.SelectOperator: SELECT struct<a:int,b:int>
2024-04-24T06:28:45,340  INFO [LocalJobRunner Map Task Executor #0] exec.ReduceSinkOperator: Initializing Operator: RS[2]
2024-04-24T06:28:45,340  INFO [LocalJobRunner Map Task Executor #0] exec.ReduceSinkOperator: Using tag = -1
2024-04-24T06:28:45,340  INFO [LocalJobRunner Map Task Executor #0] exec.ReduceSinkOperator: keys are [reducesinkkey0, reducesinkkey1] num distributions: 2
2024-04-24T06:28:45,340  INFO [LocalJobRunner Map Task Executor #0] exec.ReduceSinkOperator: RS[2]: records written - 1
2024-04-24T06:28:45,340  INFO [LocalJobRunner Map Task Executor #0] exec.MapOperator: MAP[0]: records read - 1
2024-04-24T06:28:45,340  INFO [LocalJobRunner Map Task Executor #0] exec.MapOperator: Closing Operator: MAP[0]
2024-04-24T06:28:45,340  INFO [LocalJobRunner Map Task Executor #0] exec.MapOperator: MAP[0]: Total records read - 1. abort - false
2024-04-24T06:28:45,340  INFO [LocalJobRunner Map Task Executor #0] exec.MapOperator: RECORDS_IN:1, RECORDS_OUT_OPERATOR_MAP_0:0, RECORDS_OUT_INTERMEDIATE:0, DESERIALIZE_ERRORS:0, 
2024-04-24T06:28:45,340  INFO [LocalJobRunner Map Task Executor #0] exec.TableScanOperator: Closing Operator: TS[0]
2024-04-24T06:28:45,340  INFO [LocalJobRunner Map Task Executor #0] exec.TableScanOperator: RECORDS_OUT_OPERATOR_TS_0:1, RECORDS_OUT_INTERMEDIATE:0, 
2024-04-24T06:28:45,340  INFO [LocalJobRunner Map Task Executor #0] exec.SelectOperator: Closing Operator: SEL[1]
2024-04-24T06:28:45,340  INFO [LocalJobRunner Map Task Executor #0] exec.SelectOperator: RECORDS_OUT_INTERMEDIATE:0, RECORDS_OUT_OPERATOR_SEL_1:1, 
2024-04-24T06:28:45,340  INFO [LocalJobRunner Map Task Executor #0] exec.ReduceSinkOperator: Closing Operator: RS[2]
2024-04-24T06:28:45,340  INFO [LocalJobRunner Map Task Executor #0] exec.ReduceSinkOperator: RS[2]: Total records written - 1. abort - false
2024-04-24T06:28:45,340  INFO [LocalJobRunner Map Task Executor #0] exec.ReduceSinkOperator: RECORDS_OUT_OPERATOR_RS_2:1, RECORDS_OUT_INTERMEDIATE:1, 
2024-04-24T06:28:45,341  INFO [LocalJobRunner Map Task Executor #0] mapred.LocalJobRunner: 
2024-04-24T06:28:45,341  INFO [LocalJobRunner Map Task Executor #0] mapred.MapTask: Starting flush of map output
2024-04-24T06:28:45,341  INFO [LocalJobRunner Map Task Executor #0] mapred.MapTask: Spilling map output
2024-04-24T06:28:45,341  INFO [LocalJobRunner Map Task Executor #0] mapred.MapTask: bufstart = 0; bufend = 19; bufvoid = 104857600
2024-04-24T06:28:45,341  INFO [LocalJobRunner Map Task Executor #0] mapred.MapTask: kvstart = 26214396(104857584); kvend = 26214396(104857584); length = 1/6553600
2024-04-24T06:28:45,353  INFO [LocalJobRunner Map Task Executor #0] mapred.MapTask: Finished spill 0
2024-04-24T06:28:45,360  INFO [LocalJobRunner Map Task Executor #0] mapred.Task: Task:attempt_local1899753798_0033_m_000003_0 is done. And is in the process of committing
2024-04-24T06:28:45,361  INFO [LocalJobRunner Map Task Executor #0] mapred.LocalJobRunner: OrcSplit [file:/home/alex/Repositories/hive/ql/target/tmp/org.apache.hadoop.hive.ql.TestTxnCommands-1713965238357/warehouse/acidtbl/delta_0000001_0000001_0000/bucket_00000_0, start=0, length=671, isOriginal=false, fileLength=671, hasFooter=false, hasBase=true, deltas=0]
2024-04-24T06:28:45,361  INFO [LocalJobRunner Map Task Executor #0] mapred.Task: Task 'attempt_local1899753798_0033_m_000003_0' done.
2024-04-24T06:28:45,361  INFO [LocalJobRunner Map Task Executor #0] mapred.Task: Final Counters for attempt_local1899753798_0033_m_000003_0: Counters: 24
	File System Counters
		FILE: Number of bytes read=697775
		FILE: Number of bytes written=38937009
		FILE: Number of read operations=0
		FILE: Number of large read operations=0
		FILE: Number of write operations=0
	Map-Reduce Framework
		Map input records=1
		Map output records=1
		Map output bytes=19
		Map output materialized bytes=27
		Input split bytes=495
		Combine input records=0
		Spilled Records=1
		Failed Shuffles=0
		Merged Map outputs=0
		GC time elapsed (ms)=0
		Total committed heap usage (bytes)=1256718336
	HIVE
		DESERIALIZE_ERRORS=0
		RECORDS_IN=1
		RECORDS_OUT_INTERMEDIATE=1
		RECORDS_OUT_OPERATOR_MAP_0=0
		RECORDS_OUT_OPERATOR_RS_2=1
		RECORDS_OUT_OPERATOR_SEL_1=1
		RECORDS_OUT_OPERATOR_TS_0=1
	File Input Format Counters 
		Bytes Read=7552
2024-04-24T06:28:45,361  INFO [LocalJobRunner Map Task Executor #0] mapred.LocalJobRunner: Finishing task: attempt_local1899753798_0033_m_000003_0
2024-04-24T06:28:45,362  INFO [Thread-2632] mapred.LocalJobRunner: map task executor complete.
2024-04-24T06:28:45,363  INFO [Thread-2632] mapred.LocalJobRunner: Waiting for reduce tasks
2024-04-24T06:28:45,364  INFO [pool-165-thread-1] mapred.LocalJobRunner: Starting task: attempt_local1899753798_0033_r_000000_0
2024-04-24T06:28:45,365  INFO [pool-165-thread-1] mapred.Task:  Using ResourceCalculatorProcessTree : [ ]
2024-04-24T06:28:45,365  INFO [pool-165-thread-1] mapred.ReduceTask: Using ShuffleConsumerPlugin: org.apache.hadoop.mapreduce.task.reduce.Shuffle@27188e7f
2024-04-24T06:28:45,365  WARN [pool-165-thread-1] impl.MetricsSystemImpl: JobTracker metrics system already initialized!
2024-04-24T06:28:45,367  INFO [pool-165-thread-1] reduce.MergeManagerImpl: MergerManager: memoryLimit=1336252800, maxSingleShuffleLimit=334063200, mergeThreshold=881926912, ioSortFactor=10, memToMemMergeOutputsThreshold=10
2024-04-24T06:28:45,368  INFO [EventFetcher for fetching Map Completion Events] reduce.EventFetcher: attempt_local1899753798_0033_r_000000_0 Thread started: EventFetcher for fetching Map Completion Events
2024-04-24T06:28:45,370  INFO [localfetcher#48] reduce.LocalFetcher: localfetcher#48 about to shuffle output of map attempt_local1899753798_0033_m_000003_0 decomp: 23 len: 27 to MEMORY
2024-04-24T06:28:45,371  INFO [localfetcher#48] reduce.InMemoryMapOutput: Read 23 bytes from map-output for attempt_local1899753798_0033_m_000003_0
2024-04-24T06:28:45,372  INFO [localfetcher#48] reduce.MergeManagerImpl: closeInMemoryFile -> map-output of size: 23, inMemoryMapOutputs.size() -> 1, commitMemory -> 0, usedMemory ->23
2024-04-24T06:28:45,376  INFO [localfetcher#48] reduce.LocalFetcher: localfetcher#48 about to shuffle output of map attempt_local1899753798_0033_m_000000_0 decomp: 23 len: 27 to MEMORY
2024-04-24T06:28:45,376  INFO [localfetcher#48] reduce.InMemoryMapOutput: Read 23 bytes from map-output for attempt_local1899753798_0033_m_000000_0
2024-04-24T06:28:45,376  INFO [localfetcher#48] reduce.MergeManagerImpl: closeInMemoryFile -> map-output of size: 23, inMemoryMapOutputs.size() -> 2, commitMemory -> 23, usedMemory ->46
2024-04-24T06:28:45,379  INFO [localfetcher#48] reduce.LocalFetcher: localfetcher#48 about to shuffle output of map attempt_local1899753798_0033_m_000002_0 decomp: 23 len: 27 to MEMORY
2024-04-24T06:28:45,380  INFO [localfetcher#48] reduce.InMemoryMapOutput: Read 23 bytes from map-output for attempt_local1899753798_0033_m_000002_0
2024-04-24T06:28:45,380  INFO [localfetcher#48] reduce.MergeManagerImpl: closeInMemoryFile -> map-output of size: 23, inMemoryMapOutputs.size() -> 3, commitMemory -> 46, usedMemory ->69
2024-04-24T06:28:45,383  INFO [localfetcher#48] reduce.LocalFetcher: localfetcher#48 about to shuffle output of map attempt_local1899753798_0033_m_000001_0 decomp: 23 len: 27 to MEMORY
2024-04-24T06:28:45,383  INFO [localfetcher#48] reduce.InMemoryMapOutput: Read 23 bytes from map-output for attempt_local1899753798_0033_m_000001_0
2024-04-24T06:28:45,383  INFO [localfetcher#48] reduce.MergeManagerImpl: closeInMemoryFile -> map-output of size: 23, inMemoryMapOutputs.size() -> 4, commitMemory -> 69, usedMemory ->92
2024-04-24T06:28:45,384  INFO [EventFetcher for fetching Map Completion Events] reduce.EventFetcher: EventFetcher is interrupted.. Returning
2024-04-24T06:28:45,385  INFO [pool-165-thread-1] mapred.LocalJobRunner: 4 / 4 copied.
2024-04-24T06:28:45,385  INFO [pool-165-thread-1] reduce.MergeManagerImpl: finalMerge called with 4 in-memory map-outputs and 0 on-disk map-outputs
2024-04-24T06:28:45,396  INFO [pool-165-thread-1] mapred.Merger: Merging 4 sorted segments
2024-04-24T06:28:45,396  INFO [pool-165-thread-1] mapred.Merger: Down to the last merge-pass, with 4 segments left of total size: 24 bytes
2024-04-24T06:28:45,401  INFO [pool-165-thread-1] reduce.MergeManagerImpl: Merged 4 segments, 92 bytes to disk to satisfy reduce memory limit
2024-04-24T06:28:45,401  INFO [pool-165-thread-1] reduce.MergeManagerImpl: Merging 1 files, 90 bytes from disk
2024-04-24T06:28:45,401  INFO [pool-165-thread-1] reduce.MergeManagerImpl: Merging 0 segments, 0 bytes from memory into reduce
2024-04-24T06:28:45,401  INFO [pool-165-thread-1] mapred.Merger: Merging 1 sorted segments
2024-04-24T06:28:45,401  INFO [pool-165-thread-1] mapred.Merger: Down to the last merge-pass, with 1 segments left of total size: 69 bytes
2024-04-24T06:28:45,401  INFO [pool-165-thread-1] mapred.LocalJobRunner: 4 / 4 copied.
2024-04-24T06:28:45,402  INFO [pool-165-thread-1] exec.SerializationUtilities: Deserializing ReduceWork using kryo
2024-04-24T06:28:45,403  INFO [pool-165-thread-1] exec.Utilities: Deserialized plan (via FILE) - name: null size: 5,60KB
2024-04-24T06:28:45,404  INFO [pool-165-thread-1] ExecReducer: 
<SEL>Id =3
  <Children>
    <FS>Id =4
      <Children>
      <\Children>
      <Parent>Id = 3 null<\Parent>
    <\FS>
  <\Children>
  <Parent><\Parent>
<\SEL>
2024-04-24T06:28:45,404  INFO [pool-165-thread-1] exec.SelectOperator: Initializing Operator: SEL[3]
2024-04-24T06:28:45,404  INFO [pool-165-thread-1] exec.SelectOperator: SELECT struct<key:struct<reducesinkkey0:int,reducesinkkey1:int>,value:struct<>>
2024-04-24T06:28:45,404  INFO [pool-165-thread-1] exec.FileSinkOperator: Initializing Operator: FS[4]
2024-04-24T06:28:45,405  INFO [pool-165-thread-1] exec.FileSinkOperator: Using serializer : class org.apache.hadoop.hive.serde2.lazy.LazySimpleSerDe [serdeParams=org.apache.hadoop.hive.serde2.lazy.LazySerDeParameters@5009722d, cachedObjectInspector=org.apache.hadoop.hive.serde2.lazy.objectinspector.LazySimpleStructObjectInspector<org.apache.hadoop.hive.serde2.lazy.objectinspector.primitive.LazyIntObjectInspector@4582da06,org.apache.hadoop.hive.serde2.lazy.objectinspector.primitive.LazyIntObjectInspector@4582da06>, serializedSize=0, stats=org.apache.hadoop.hive.serde2.SerDeStats@98a09d0, lastOperationSerialize=false, lastOperationDeserialize=false [1, 2, 3, 4, 5, 6, 7, 8, 11, 14, 15, 16, 17, 18, 19, 20, 21, 22, 23, 24, 25, 26, 28, 29, 30, 31, -128, -127, -126, -125, -124, -123, -122, -121, -120, -119, -118, -117, -116, -115, -114, -113, -112, -111, -110, -109, -108, -107, -106, -105, -104, -103, -102, -101, -100, -99, -98, -97, -96, -95, -94, -93, -92, -91, -90, -89, -88, -87, -86, -85, -84, -83, -82, -81, -80, -79, -78, -77, -76, -75, -74, -73, -72, -71, -70, -69, -68, -67, -66, -65, -64, -63, -62, -61, -60, -59, -58, -57, -56, -55, -54, -53, -52, -51, -50, -49, -48, -47, -46, -45, -44, -43, -42, -41, -40, -39, -38, -37, -36, -35, -34, -33, -32, -31, -30, -29, -28, -27, -26, -25, -24, -23, -22, -21, -20, -19, -18, -17, -16, -15, -14, -13, -12, -11, -10, -9, -8, -7, -6, -5, -4, -3, -2, -1] : [_col0, _col1] : [int, int]] and formatter : org.apache.hadoop.hive.ql.io.HiveSequenceFileOutputFormat@68266029
2024-04-24T06:28:45,405  INFO [pool-165-thread-1] exec.FileSinkOperator: Final Path: FS file:/home/alex/Repositories/hive/ql/target/tmp/localscratchdir/8020f318-b11f-4506-93c0-1f8022ec755a/hive_2024-04-24_06-28-44_843_4502959933133350564-1/-mr-10001/.hive-staging_hive_2024-04-24_06-28-44_843_4502959933133350564-1/_tmp.-ext-10002/000000_0
2024-04-24T06:28:45,405  INFO [pool-165-thread-1] exec.FileSinkOperator: Writing to temp file: FS file:/home/alex/Repositories/hive/ql/target/tmp/localscratchdir/8020f318-b11f-4506-93c0-1f8022ec755a/hive_2024-04-24_06-28-44_843_4502959933133350564-1/-mr-10001/.hive-staging_hive_2024-04-24_06-28-44_843_4502959933133350564-1/_task_tmp.-ext-10002/_tmp.000000_0
2024-04-24T06:28:45,405  INFO [pool-165-thread-1] exec.FileSinkOperator: New Final Path: FS file:/home/alex/Repositories/hive/ql/target/tmp/localscratchdir/8020f318-b11f-4506-93c0-1f8022ec755a/hive_2024-04-24_06-28-44_843_4502959933133350564-1/-mr-10001/.hive-staging_hive_2024-04-24_06-28-44_843_4502959933133350564-1/_tmp.-ext-10002/000000_0
2024-04-24T06:28:45,416  INFO [pool-165-thread-1] exec.FileSinkOperator: FS[4]: records written - 1
2024-04-24T06:28:45,417  INFO [pool-165-thread-1] exec.SelectOperator: Closing Operator: SEL[3]
2024-04-24T06:28:45,417  INFO [pool-165-thread-1] exec.SelectOperator: RECORDS_OUT_INTERMEDIATE:0, RECORDS_OUT_OPERATOR_SEL_3:4, 
2024-04-24T06:28:45,417  INFO [pool-165-thread-1] exec.FileSinkOperator: Closing Operator: FS[4]
2024-04-24T06:28:45,417  INFO [pool-165-thread-1] exec.FileSinkOperator: FS[4]: records written - 4
2024-04-24T06:28:45,417  INFO [pool-165-thread-1] exec.FileSinkOperator: RECORDS_OUT_OPERATOR_FS_4:4, RECORDS_OUT_0:4, RECORDS_OUT_INTERMEDIATE:0, 
2024-04-24T06:28:45,418  INFO [pool-165-thread-1] mapred.Task: Task:attempt_local1899753798_0033_r_000000_0 is done. And is in the process of committing
2024-04-24T06:28:45,418  INFO [pool-165-thread-1] mapred.LocalJobRunner: reduce > reduce
2024-04-24T06:28:45,418  INFO [pool-165-thread-1] mapred.Task: Task 'attempt_local1899753798_0033_r_000000_0' done.
2024-04-24T06:28:45,418  INFO [pool-165-thread-1] mapred.Task: Final Counters for attempt_local1899753798_0033_r_000000_0: Counters: 29
	File System Counters
		FILE: Number of bytes read=703756
		FILE: Number of bytes written=38937262
		FILE: Number of read operations=0
		FILE: Number of large read operations=0
		FILE: Number of write operations=0
	Map-Reduce Framework
		Combine input records=0
		Combine output records=0
		Reduce input groups=4
		Reduce shuffle bytes=108
		Reduce input records=4
		Reduce output records=0
		Spilled Records=4
		Shuffled Maps =4
		Failed Shuffles=0
		Merged Map outputs=4
		GC time elapsed (ms)=0
		Total committed heap usage (bytes)=1256718336
	HIVE
		CREATED_FILES=1
		RECORDS_OUT_0=4
		RECORDS_OUT_INTERMEDIATE=0
		RECORDS_OUT_OPERATOR_FS_4=4
		RECORDS_OUT_OPERATOR_SEL_3=4
	Shuffle Errors
		BAD_ID=0
		CONNECTION=0
		IO_ERROR=0
		WRONG_LENGTH=0
		WRONG_MAP=0
		WRONG_REDUCE=0
	File Output Format Counters 
		Bytes Written=0
2024-04-24T06:28:45,419  INFO [pool-165-thread-1] mapred.LocalJobRunner: Finishing task: attempt_local1899753798_0033_r_000000_0
2024-04-24T06:28:45,419  INFO [Thread-2632] mapred.LocalJobRunner: reduce task executor complete.
2024-04-24 06:28:46,256 Stage-1 map = 100%,  reduce = 100%
2024-04-24T06:28:46,256  INFO [main] exec.Task: 2024-04-24 06:28:46,256 Stage-1 map = 100%,  reduce = 100%
Ended Job = job_local1899753798_0033
2024-04-24T06:28:46,257  INFO [main] exec.Task: Ended Job = job_local1899753798_0033
2024-04-24T06:28:46,259  INFO [main] metadata.Hive: Dumping metastore api call timing information for : execution phase
2024-04-24T06:28:46,259  INFO [main] metadata.Hive: Total time spent in each metastore function (ms): {}
MapReduce Jobs Launched: 
2024-04-24T06:28:46,259  INFO [main] ql.Driver: MapReduce Jobs Launched: 
Stage-Stage-1:  HDFS Read: 0 HDFS Write: 0 SUCCESS
2024-04-24T06:28:46,259  INFO [main] ql.Driver: Stage-Stage-1:  HDFS Read: 0 HDFS Write: 0 SUCCESS
Total MapReduce CPU Time Spent: 0 msec
2024-04-24T06:28:46,259  INFO [main] ql.Driver: Total MapReduce CPU Time Spent: 0 msec
2024-04-24T06:28:46,259  INFO [main] ql.Driver: Completed executing command(queryId=alex_20240424062844_b1c1a4c7-1cc4-41b8-9a6d-1862337c10a0); Time taken: 1.293 seconds
2024-04-24T06:28:46,263  INFO [main] mapred.FileInputFormat: Total input files to process : 1
2024-04-24T06:28:46,263  INFO [main] exec.ListSinkOperator: Closing Operator: LIST_SINK[5]
2024-04-24T06:28:46,263  INFO [main] exec.ListSinkOperator: RECORDS_OUT_INTERMEDIATE:0, RECORDS_OUT_OPERATOR_LIST_SINK_5:4, 
2024-04-24T06:28:46,263  INFO [main] ql.TxnCommandsBaseForTests: Running the query: update acidTbl set b = 1 where b != 1
2024-04-24T06:28:46,264  INFO [main] ql.Context: Deleting scratch dir: file:/home/alex/Repositories/hive/ql/target/tmp/localscratchdir/8020f318-b11f-4506-93c0-1f8022ec755a/hive_2024-04-24_06-28-44_843_4502959933133350564-1
2024-04-24T06:28:46,264  INFO [main] cleanup.SyncCleanupService: Deleted directory: file:/home/alex/Repositories/hive/ql/target/tmp/localscratchdir/8020f318-b11f-4506-93c0-1f8022ec755a/hive_2024-04-24_06-28-44_843_4502959933133350564-1 on fs with scheme file
2024-04-24T06:28:46,265  INFO [main] ql.Driver: Compiling command(queryId=alex_20240424062846_1b7f6684-b2e1-4897-8c67-1229ec5dde8b): update acidTbl set b = 1 where b != 1
2024-04-24T06:28:46,265  INFO [main] parse.UpdateDeleteSemanticAnalyzer: Starting caching scope for: 
2024-04-24T06:28:46,265  INFO [main] HiveMetaStore.audit: ugi=alex	ip=unknown-ip-addr	cmd=get_table : tbl=hive.default.acidTbl	
2024-04-24T06:28:46,273  INFO [main] metastore.HMSHandler: Skipping translation for processor with null
2024-04-24T06:28:46,273  INFO [main] parse.RewriteSemanticAnalyzer: Going to reparse <update acidTbl set b = 1 where b != 1> as 
<insert into table `default`.`acidTbl` select ROW__ID,`a`,`b` from `default`.`acidTbl` sort by ROW__ID >
2024-04-24T06:28:46,274  INFO [main] parse.UpdateDeleteSemanticAnalyzer: Starting Semantic Analysis
2024-04-24T06:28:46,275  INFO [main] HiveMetaStore.audit: ugi=alex	ip=unknown-ip-addr	cmd=get_table : tbl=hive.default.acidTbl	
2024-04-24T06:28:46,282  INFO [main] metastore.HMSHandler: Skipping translation for processor with null
2024-04-24T06:28:46,282  INFO [main] parse.UpdateDeleteSemanticAnalyzer: Completed phase 1 of Semantic Analysis
2024-04-24T06:28:46,282  INFO [main] parse.UpdateDeleteSemanticAnalyzer: Get metadata for source tables
2024-04-24T06:28:46,282  INFO [main] HiveMetaStore.audit: ugi=alex	ip=unknown-ip-addr	cmd=get_table : tbl=hive.default.acidtbl	
2024-04-24T06:28:46,289  INFO [main] metastore.HMSHandler: Skipping translation for processor with null
2024-04-24T06:28:46,289  INFO [main] parse.UpdateDeleteSemanticAnalyzer: Get metadata for subqueries
2024-04-24T06:28:46,289  INFO [main] parse.UpdateDeleteSemanticAnalyzer: Get metadata for destination tables
2024-04-24T06:28:46,289  INFO [main] HiveMetaStore.audit: ugi=alex	ip=unknown-ip-addr	cmd=get_table : tbl=hive.default.acidTbl	
2024-04-24T06:28:46,296  INFO [main] metastore.HMSHandler: Skipping translation for processor with null
2024-04-24T06:28:46,296  INFO [main] parse.UpdateDeleteSemanticAnalyzer: Completed getting MetaData in Semantic Analysis
2024-04-24T06:28:46,296  INFO [main] parse.UpdateDeleteSemanticAnalyzer: Disabling LLAP IO encode as ETL query is detected
2024-04-24T06:28:46,308  INFO [main] HiveMetaStore.audit: ugi=alex	ip=unknown-ip-addr	cmd=get_all_table_constraints : tbl=hive.default.acidtbl	
2024-04-24T06:28:46,315  INFO [main] HiveMetaStore.audit: ugi=alex	ip=unknown-ip-addr	cmd=get_not_null_constraints : tbl=hive.default.acidtbl	
2024-04-24T06:28:46,316  INFO [main] HiveMetaStore.audit: ugi=alex	ip=unknown-ip-addr	cmd=get_check_constraints : tbl=hive.default.acidtbl	
2024-04-24T06:28:46,374  INFO [main] calcite.RelOptHiveTable: Calculating column statistics for default.acidtbl, projIndxSet: [0, 1], allowMissingStats: true
2024-04-24T06:28:46,375  INFO [main] HiveMetaStore.audit: ugi=alex	ip=unknown-ip-addr	cmd=get_table : tbl=hive.default.acidtbl	
2024-04-24T06:28:46,383  INFO [main] metastore.HMSHandler: Skipping translation for processor with null
2024-04-24T06:28:46,384  INFO [main] HiveMetaStore.audit: ugi=alex	ip=unknown-ip-addr	cmd=get_table : tbl=hive.default.acidtbl	
2024-04-24T06:28:46,392  INFO [main] metastore.HMSHandler: Skipping translation for processor with null
2024-04-24T06:28:46,392  INFO [main] HiveMetaStore.audit: ugi=alex	ip=unknown-ip-addr	cmd=get_table_statistics_req: table=hive.default.acidtbl	
2024-04-24T06:28:46,400  WARN [main] calcite.RelOptHiveTable: No Stats for default@acidtbl, Columns: a, b
No Stats for default@acidtbl, Columns: a, b
2024-04-24T06:28:46,400  INFO [main] SessionState: No Stats for default@acidtbl, Columns: a, b
2024-04-24T06:28:46,460  INFO [main] parse.UpdateDeleteSemanticAnalyzer: Get metadata for source tables
2024-04-24T06:28:46,460  INFO [main] parse.UpdateDeleteSemanticAnalyzer: Get metadata for subqueries
2024-04-24T06:28:46,460  INFO [main] parse.UpdateDeleteSemanticAnalyzer: Get metadata for destination tables
2024-04-24T06:28:46,460  INFO [main] HiveMetaStore.audit: ugi=alex	ip=unknown-ip-addr	cmd=get_table : tbl=hive.default.acidTbl	
2024-04-24T06:28:46,467  INFO [main] metastore.HMSHandler: Skipping translation for processor with null
2024-04-24T06:28:46,470 ERROR [main] parse.UpdateDeleteSemanticAnalyzer: CBO failed, skipping CBO. 
org.apache.hadoop.hive.ql.exec.NoMatchingMethodException: No matching method for class org.apache.hadoop.hive.ql.udf.UDFToInteger with (struct<writeid:bigint,bucketid:int,rowid:bigint>). Possible choices: _FUNC_(bigint)  _FUNC_(boolean)  _FUNC_(decimal(38,18))  _FUNC_(double)  _FUNC_(float)  _FUNC_(smallint)  _FUNC_(string)  _FUNC_(struct<writeid:int,bucketid:bigint,rowid:bigint>)  _FUNC_(timestamp)  _FUNC_(tinyint)  _FUNC_(void)  
	at org.apache.hadoop.hive.ql.exec.MethodUtils.getMethodInternal(MethodUtils.java:130) ~[classes/:?]
	at org.apache.hadoop.hive.ql.exec.MethodUtils.getMethodInternal(MethodUtils.java:60) ~[classes/:?]
	at org.apache.hadoop.hive.ql.exec.DefaultUDFMethodResolver.getEvalMethod(DefaultUDFMethodResolver.java:59) ~[classes/:?]
	at org.apache.hadoop.hive.ql.udf.TimestampCastRestrictorResolver.getEvalMethod(TimestampCastRestrictorResolver.java:68) ~[classes/:?]
	at org.apache.hadoop.hive.ql.udf.generic.GenericUDFBridge.initialize(GenericUDFBridge.java:168) ~[classes/:?]
	at org.apache.hadoop.hive.ql.udf.generic.GenericUDF.initializeAndFoldConstants(GenericUDF.java:149) ~[classes/:?]
	at org.apache.hadoop.hive.ql.plan.ExprNodeGenericFuncDesc.newInstance(ExprNodeGenericFuncDesc.java:235) ~[classes/:?]
	at org.apache.hadoop.hive.ql.parse.type.ExprNodeDescExprFactory.createFuncCallExpr(ExprNodeDescExprFactory.java:584) ~[classes/:?]
	at org.apache.hadoop.hive.ql.parse.type.ExprNodeDescExprFactory.createFuncCallExpr(ExprNodeDescExprFactory.java:97) ~[classes/:?]
	at org.apache.hadoop.hive.ql.parse.type.TypeCheckProcFactory$DefaultExprProcessor.getFuncExprNodeDescWithUdfData(TypeCheckProcFactory.java:762) ~[classes/:?]
	at org.apache.hadoop.hive.ql.parse.type.TypeCheckProcFactory$DefaultExprProcessor.createConversionCast(TypeCheckProcFactory.java:783) ~[classes/:?]
	at org.apache.hadoop.hive.ql.parse.SemanticAnalyzer.getPartitionColsFromBucketColsForUpdateDelete(SemanticAnalyzer.java:8725) ~[classes/:?]
	at org.apache.hadoop.hive.ql.parse.SemanticAnalyzer.genBucketingSortingDest(SemanticAnalyzer.java:6906) ~[classes/:?]
	at org.apache.hadoop.hive.ql.parse.SemanticAnalyzer.genFileSinkPlan(SemanticAnalyzer.java:7335) ~[classes/:?]
	at org.apache.hadoop.hive.ql.parse.SemanticAnalyzer.genPostGroupByBodyPlan(SemanticAnalyzer.java:11063) ~[classes/:?]
	at org.apache.hadoop.hive.ql.parse.SemanticAnalyzer.genBodyPlan(SemanticAnalyzer.java:10938) ~[classes/:?]
	at org.apache.hadoop.hive.ql.parse.SemanticAnalyzer.genPlan(SemanticAnalyzer.java:11853) ~[classes/:?]
	at org.apache.hadoop.hive.ql.parse.SemanticAnalyzer.genPlan(SemanticAnalyzer.java:11723) ~[classes/:?]
	at org.apache.hadoop.hive.ql.parse.CalcitePlanner.genOPTree(CalcitePlanner.java:626) ~[classes/:?]
	at org.apache.hadoop.hive.ql.parse.SemanticAnalyzer.analyzeInternal(SemanticAnalyzer.java:12558) ~[classes/:?]
	at org.apache.hadoop.hive.ql.parse.CalcitePlanner.analyzeInternal(CalcitePlanner.java:456) ~[classes/:?]
	at org.apache.hadoop.hive.ql.parse.RewriteSemanticAnalyzer.analyzeInternal(RewriteSemanticAnalyzer.java:67) ~[classes/:?]
	at org.apache.hadoop.hive.ql.parse.BaseSemanticAnalyzer.analyze(BaseSemanticAnalyzer.java:317) ~[classes/:?]
	at org.apache.hadoop.hive.ql.parse.UpdateDeleteSemanticAnalyzer.reparseAndSuperAnalyze(UpdateDeleteSemanticAnalyzer.java:208) ~[classes/:?]
	at org.apache.hadoop.hive.ql.parse.UpdateDeleteSemanticAnalyzer.analyzeUpdate(UpdateDeleteSemanticAnalyzer.java:63) ~[classes/:?]
	at org.apache.hadoop.hive.ql.parse.UpdateDeleteSemanticAnalyzer.analyze(UpdateDeleteSemanticAnalyzer.java:53) ~[classes/:?]
	at org.apache.hadoop.hive.ql.parse.RewriteSemanticAnalyzer.analyzeInternal(RewriteSemanticAnalyzer.java:72) ~[classes/:?]
	at org.apache.hadoop.hive.ql.parse.BaseSemanticAnalyzer.analyze(BaseSemanticAnalyzer.java:317) ~[classes/:?]
	at org.apache.hadoop.hive.ql.Compiler.analyze(Compiler.java:223) ~[classes/:?]
	at org.apache.hadoop.hive.ql.Compiler.compile(Compiler.java:105) ~[classes/:?]
	at org.apache.hadoop.hive.ql.Driver.compile(Driver.java:500) ~[classes/:?]
	at org.apache.hadoop.hive.ql.Driver.compileInternal(Driver.java:453) ~[classes/:?]
	at org.apache.hadoop.hive.ql.Driver.runInternal(Driver.java:181) ~[classes/:?]
	at org.apache.hadoop.hive.ql.Driver.run(Driver.java:153) ~[classes/:?]
	at org.apache.hadoop.hive.ql.Driver.run(Driver.java:140) ~[classes/:?]
	at org.apache.hadoop.hive.ql.TxnCommandsBaseForTests.runStatementOnDriver(TxnCommandsBaseForTests.java:245) ~[test-classes/:?]
	at org.apache.hadoop.hive.ql.TestTxnCommands.testUpdateOfInserts(TestTxnCommands.java:862) ~[test-classes/:?]
	at sun.reflect.NativeMethodAccessorImpl.invoke0(Native Method) ~[?:1.8.0_402]
	at sun.reflect.NativeMethodAccessorImpl.invoke(NativeMethodAccessorImpl.java:62) ~[?:1.8.0_402]
	at sun.reflect.DelegatingMethodAccessorImpl.invoke(DelegatingMethodAccessorImpl.java:43) ~[?:1.8.0_402]
	at java.lang.reflect.Method.invoke(Method.java:498) ~[?:1.8.0_402]
	at org.junit.runners.model.FrameworkMethod$1.runReflectiveCall(FrameworkMethod.java:59) ~[junit-4.13.jar:4.13]
	at org.junit.internal.runners.model.ReflectiveCallable.run(ReflectiveCallable.java:12) ~[junit-4.13.jar:4.13]
	at org.junit.runners.model.FrameworkMethod.invokeExplosively(FrameworkMethod.java:56) ~[junit-4.13.jar:4.13]
	at org.junit.internal.runners.statements.InvokeMethod.evaluate(InvokeMethod.java:17) ~[junit-4.13.jar:4.13]
	at org.junit.internal.runners.statements.RunBefores.evaluate(RunBefores.java:26) ~[junit-4.13.jar:4.13]
	at org.junit.internal.runners.statements.RunAfters.evaluate(RunAfters.java:27) ~[junit-4.13.jar:4.13]
	at org.junit.rules.TestWatcher$1.evaluate(TestWatcher.java:61) ~[junit-4.13.jar:4.13]
	at org.junit.runners.ParentRunner$3.evaluate(ParentRunner.java:306) ~[junit-4.13.jar:4.13]
	at org.junit.runners.BlockJUnit4ClassRunner$1.evaluate(BlockJUnit4ClassRunner.java:100) ~[junit-4.13.jar:4.13]
	at org.junit.runners.ParentRunner.runLeaf(ParentRunner.java:366) ~[junit-4.13.jar:4.13]
	at org.junit.runners.BlockJUnit4ClassRunner.runChild(BlockJUnit4ClassRunner.java:103) ~[junit-4.13.jar:4.13]
	at org.junit.runners.BlockJUnit4ClassRunner.runChild(BlockJUnit4ClassRunner.java:63) ~[junit-4.13.jar:4.13]
	at org.junit.runners.ParentRunner$4.run(ParentRunner.java:331) ~[junit-4.13.jar:4.13]
	at org.junit.runners.ParentRunner$1.schedule(ParentRunner.java:79) ~[junit-4.13.jar:4.13]
	at org.junit.runners.ParentRunner.runChildren(ParentRunner.java:329) ~[junit-4.13.jar:4.13]
	at org.junit.runners.ParentRunner.access$100(ParentRunner.java:66) ~[junit-4.13.jar:4.13]
	at org.junit.runners.ParentRunner$2.evaluate(ParentRunner.java:293) ~[junit-4.13.jar:4.13]
	at org.junit.runners.ParentRunner$3.evaluate(ParentRunner.java:306) ~[junit-4.13.jar:4.13]
	at org.junit.runners.ParentRunner.run(ParentRunner.java:413) ~[junit-4.13.jar:4.13]
	at org.junit.runner.JUnitCore.run(JUnitCore.java:137) ~[junit-4.13.jar:4.13]
	at org.junit.runner.JUnitCore.run(JUnitCore.java:115) ~[junit-4.13.jar:4.13]
	at org.junit.vintage.engine.execution.RunnerExecutor.execute(RunnerExecutor.java:43) ~[junit-vintage-engine-5.6.2.jar:5.6.2]
	at java.util.stream.ForEachOps$ForEachOp$OfRef.accept(ForEachOps.java:183) ~[?:1.8.0_402]
	at java.util.stream.ReferencePipeline$3$1.accept(ReferencePipeline.java:193) ~[?:1.8.0_402]
	at java.util.Iterator.forEachRemaining(Iterator.java:116) ~[?:1.8.0_402]
	at java.util.Spliterators$IteratorSpliterator.forEachRemaining(Spliterators.java:1801) ~[?:1.8.0_402]
	at java.util.stream.AbstractPipeline.copyInto(AbstractPipeline.java:482) ~[?:1.8.0_402]
	at java.util.stream.AbstractPipeline.wrapAndCopyInto(AbstractPipeline.java:472) ~[?:1.8.0_402]
	at java.util.stream.ForEachOps$ForEachOp.evaluateSequential(ForEachOps.java:150) ~[?:1.8.0_402]
	at java.util.stream.ForEachOps$ForEachOp$OfRef.evaluateSequential(ForEachOps.java:173) ~[?:1.8.0_402]
	at java.util.stream.AbstractPipeline.evaluate(AbstractPipeline.java:234) ~[?:1.8.0_402]
	at java.util.stream.ReferencePipeline.forEach(ReferencePipeline.java:485) ~[?:1.8.0_402]
	at org.junit.vintage.engine.VintageTestEngine.executeAllChildren(VintageTestEngine.java:82) ~[junit-vintage-engine-5.6.2.jar:5.6.2]
	at org.junit.vintage.engine.VintageTestEngine.execute(VintageTestEngine.java:73) ~[junit-vintage-engine-5.6.2.jar:5.6.2]
	at org.junit.platform.launcher.core.DefaultLauncher.execute(DefaultLauncher.java:248) ~[junit-platform-launcher-1.6.2.jar:1.6.2]
	at org.junit.platform.launcher.core.DefaultLauncher.lambda$execute$5(DefaultLauncher.java:211) ~[junit-platform-launcher-1.6.2.jar:1.6.2]
	at org.junit.platform.launcher.core.DefaultLauncher.withInterceptedStreams(DefaultLauncher.java:226) [junit-platform-launcher-1.6.2.jar:1.6.2]
	at org.junit.platform.launcher.core.DefaultLauncher.execute(DefaultLauncher.java:199) [junit-platform-launcher-1.6.2.jar:1.6.2]
	at org.junit.platform.launcher.core.DefaultLauncher.execute(DefaultLauncher.java:132) [junit-platform-launcher-1.6.2.jar:1.6.2]
	at org.apache.maven.surefire.junitplatform.JUnitPlatformProvider.invokeAllTests(JUnitPlatformProvider.java:154) [surefire-junit-platform-3.0.0-M4.jar:3.0.0-M4]
	at org.apache.maven.surefire.junitplatform.JUnitPlatformProvider.invoke(JUnitPlatformProvider.java:123) [surefire-junit-platform-3.0.0-M4.jar:3.0.0-M4]
	at org.apache.maven.surefire.booter.ForkedBooter.runSuitesInProcess(ForkedBooter.java:377) [surefire-booter-3.0.0-M4.jar:3.0.0-M4]
	at org.apache.maven.surefire.booter.ForkedBooter.execute(ForkedBooter.java:138) [surefire-booter-3.0.0-M4.jar:3.0.0-M4]
	at org.apache.maven.surefire.booter.ForkedBooter.run(ForkedBooter.java:465) [surefire-booter-3.0.0-M4.jar:3.0.0-M4]
	at org.apache.maven.surefire.booter.ForkedBooter.main(ForkedBooter.java:451) [surefire-booter-3.0.0-M4.jar:3.0.0-M4]
2024-04-24T06:28:46,470 ERROR [main] parse.UpdateDeleteSemanticAnalyzer: CBO failed due to missing column stats (see previous errors), skipping CBO
2024-04-24T06:28:46,470  INFO [main] parse.UpdateDeleteSemanticAnalyzer: Ending caching scope for: 
FAILED: NoMatchingMethodException No matching method for class org.apache.hadoop.hive.ql.udf.UDFToInteger with (struct<writeid:bigint,bucketid:int,rowid:bigint>). Possible choices: _FUNC_(bigint)  _FUNC_(boolean)  _FUNC_(decimal(38,18))  _FUNC_(double)  _FUNC_(float)  _FUNC_(smallint)  _FUNC_(string)  _FUNC_(struct<writeid:int,bucketid:bigint,rowid:bigint>)  _FUNC_(timestamp)  _FUNC_(tinyint)  _FUNC_(void)  
2024-04-24T06:28:46,471 ERROR [main] ql.Driver: FAILED: NoMatchingMethodException No matching method for class org.apache.hadoop.hive.ql.udf.UDFToInteger with (struct<writeid:bigint,bucketid:int,rowid:bigint>). Possible choices: _FUNC_(bigint)  _FUNC_(boolean)  _FUNC_(decimal(38,18))  _FUNC_(double)  _FUNC_(float)  _FUNC_(smallint)  _FUNC_(string)  _FUNC_(struct<writeid:int,bucketid:bigint,rowid:bigint>)  _FUNC_(timestamp)  _FUNC_(tinyint)  _FUNC_(void)  
org.apache.hadoop.hive.ql.exec.NoMatchingMethodException: No matching method for class org.apache.hadoop.hive.ql.udf.UDFToInteger with (struct<writeid:bigint,bucketid:int,rowid:bigint>). Possible choices: _FUNC_(bigint)  _FUNC_(boolean)  _FUNC_(decimal(38,18))  _FUNC_(double)  _FUNC_(float)  _FUNC_(smallint)  _FUNC_(string)  _FUNC_(struct<writeid:int,bucketid:bigint,rowid:bigint>)  _FUNC_(timestamp)  _FUNC_(tinyint)  _FUNC_(void)  
	at org.apache.hadoop.hive.ql.exec.MethodUtils.getMethodInternal(MethodUtils.java:130)
	at org.apache.hadoop.hive.ql.exec.MethodUtils.getMethodInternal(MethodUtils.java:60)
	at org.apache.hadoop.hive.ql.exec.DefaultUDFMethodResolver.getEvalMethod(DefaultUDFMethodResolver.java:59)
	at org.apache.hadoop.hive.ql.udf.TimestampCastRestrictorResolver.getEvalMethod(TimestampCastRestrictorResolver.java:68)
	at org.apache.hadoop.hive.ql.udf.generic.GenericUDFBridge.initialize(GenericUDFBridge.java:168)
	at org.apache.hadoop.hive.ql.udf.generic.GenericUDF.initializeAndFoldConstants(GenericUDF.java:149)
	at org.apache.hadoop.hive.ql.plan.ExprNodeGenericFuncDesc.newInstance(ExprNodeGenericFuncDesc.java:235)
	at org.apache.hadoop.hive.ql.parse.type.ExprNodeDescExprFactory.createFuncCallExpr(ExprNodeDescExprFactory.java:584)
	at org.apache.hadoop.hive.ql.parse.type.ExprNodeDescExprFactory.createFuncCallExpr(ExprNodeDescExprFactory.java:97)
	at org.apache.hadoop.hive.ql.parse.type.TypeCheckProcFactory$DefaultExprProcessor.getFuncExprNodeDescWithUdfData(TypeCheckProcFactory.java:762)
	at org.apache.hadoop.hive.ql.parse.type.TypeCheckProcFactory$DefaultExprProcessor.createConversionCast(TypeCheckProcFactory.java:783)
	at org.apache.hadoop.hive.ql.parse.SemanticAnalyzer.getPartitionColsFromBucketColsForUpdateDelete(SemanticAnalyzer.java:8725)
	at org.apache.hadoop.hive.ql.parse.SemanticAnalyzer.genBucketingSortingDest(SemanticAnalyzer.java:6906)
	at org.apache.hadoop.hive.ql.parse.SemanticAnalyzer.genFileSinkPlan(SemanticAnalyzer.java:7335)
	at org.apache.hadoop.hive.ql.parse.SemanticAnalyzer.genPostGroupByBodyPlan(SemanticAnalyzer.java:11063)
	at org.apache.hadoop.hive.ql.parse.SemanticAnalyzer.genBodyPlan(SemanticAnalyzer.java:10938)
	at org.apache.hadoop.hive.ql.parse.SemanticAnalyzer.genPlan(SemanticAnalyzer.java:11853)
	at org.apache.hadoop.hive.ql.parse.SemanticAnalyzer.genPlan(SemanticAnalyzer.java:11723)
	at org.apache.hadoop.hive.ql.parse.CalcitePlanner.genOPTree(CalcitePlanner.java:626)
	at org.apache.hadoop.hive.ql.parse.SemanticAnalyzer.analyzeInternal(SemanticAnalyzer.java:12558)
	at org.apache.hadoop.hive.ql.parse.CalcitePlanner.analyzeInternal(CalcitePlanner.java:456)
	at org.apache.hadoop.hive.ql.parse.RewriteSemanticAnalyzer.analyzeInternal(RewriteSemanticAnalyzer.java:67)
	at org.apache.hadoop.hive.ql.parse.BaseSemanticAnalyzer.analyze(BaseSemanticAnalyzer.java:317)
	at org.apache.hadoop.hive.ql.parse.UpdateDeleteSemanticAnalyzer.reparseAndSuperAnalyze(UpdateDeleteSemanticAnalyzer.java:208)
	at org.apache.hadoop.hive.ql.parse.UpdateDeleteSemanticAnalyzer.analyzeUpdate(UpdateDeleteSemanticAnalyzer.java:63)
	at org.apache.hadoop.hive.ql.parse.UpdateDeleteSemanticAnalyzer.analyze(UpdateDeleteSemanticAnalyzer.java:53)
	at org.apache.hadoop.hive.ql.parse.RewriteSemanticAnalyzer.analyzeInternal(RewriteSemanticAnalyzer.java:72)
	at org.apache.hadoop.hive.ql.parse.BaseSemanticAnalyzer.analyze(BaseSemanticAnalyzer.java:317)
	at org.apache.hadoop.hive.ql.Compiler.analyze(Compiler.java:223)
	at org.apache.hadoop.hive.ql.Compiler.compile(Compiler.java:105)
	at org.apache.hadoop.hive.ql.Driver.compile(Driver.java:500)
	at org.apache.hadoop.hive.ql.Driver.compileInternal(Driver.java:453)
	at org.apache.hadoop.hive.ql.Driver.runInternal(Driver.java:181)
	at org.apache.hadoop.hive.ql.Driver.run(Driver.java:153)
	at org.apache.hadoop.hive.ql.Driver.run(Driver.java:140)
	at org.apache.hadoop.hive.ql.TxnCommandsBaseForTests.runStatementOnDriver(TxnCommandsBaseForTests.java:245)
	at org.apache.hadoop.hive.ql.TestTxnCommands.testUpdateOfInserts(TestTxnCommands.java:862)
	at sun.reflect.NativeMethodAccessorImpl.invoke0(Native Method)
	at sun.reflect.NativeMethodAccessorImpl.invoke(NativeMethodAccessorImpl.java:62)
	at sun.reflect.DelegatingMethodAccessorImpl.invoke(DelegatingMethodAccessorImpl.java:43)
	at java.lang.reflect.Method.invoke(Method.java:498)
	at org.junit.runners.model.FrameworkMethod$1.runReflectiveCall(FrameworkMethod.java:59)
	at org.junit.internal.runners.model.ReflectiveCallable.run(ReflectiveCallable.java:12)
	at org.junit.runners.model.FrameworkMethod.invokeExplosively(FrameworkMethod.java:56)
	at org.junit.internal.runners.statements.InvokeMethod.evaluate(InvokeMethod.java:17)
	at org.junit.internal.runners.statements.RunBefores.evaluate(RunBefores.java:26)
	at org.junit.internal.runners.statements.RunAfters.evaluate(RunAfters.java:27)
	at org.junit.rules.TestWatcher$1.evaluate(TestWatcher.java:61)
	at org.junit.runners.ParentRunner$3.evaluate(ParentRunner.java:306)
	at org.junit.runners.BlockJUnit4ClassRunner$1.evaluate(BlockJUnit4ClassRunner.java:100)
	at org.junit.runners.ParentRunner.runLeaf(ParentRunner.java:366)
	at org.junit.runners.BlockJUnit4ClassRunner.runChild(BlockJUnit4ClassRunner.java:103)
	at org.junit.runners.BlockJUnit4ClassRunner.runChild(BlockJUnit4ClassRunner.java:63)
	at org.junit.runners.ParentRunner$4.run(ParentRunner.java:331)
	at org.junit.runners.ParentRunner$1.schedule(ParentRunner.java:79)
	at org.junit.runners.ParentRunner.runChildren(ParentRunner.java:329)
	at org.junit.runners.ParentRunner.access$100(ParentRunner.java:66)
	at org.junit.runners.ParentRunner$2.evaluate(ParentRunner.java:293)
	at org.junit.runners.ParentRunner$3.evaluate(ParentRunner.java:306)
	at org.junit.runners.ParentRunner.run(ParentRunner.java:413)
	at org.junit.runner.JUnitCore.run(JUnitCore.java:137)
	at org.junit.runner.JUnitCore.run(JUnitCore.java:115)
	at org.junit.vintage.engine.execution.RunnerExecutor.execute(RunnerExecutor.java:43)
	at java.util.stream.ForEachOps$ForEachOp$OfRef.accept(ForEachOps.java:183)
	at java.util.stream.ReferencePipeline$3$1.accept(ReferencePipeline.java:193)
	at java.util.Iterator.forEachRemaining(Iterator.java:116)
	at java.util.Spliterators$IteratorSpliterator.forEachRemaining(Spliterators.java:1801)
	at java.util.stream.AbstractPipeline.copyInto(AbstractPipeline.java:482)
	at java.util.stream.AbstractPipeline.wrapAndCopyInto(AbstractPipeline.java:472)
	at java.util.stream.ForEachOps$ForEachOp.evaluateSequential(ForEachOps.java:150)
	at java.util.stream.ForEachOps$ForEachOp$OfRef.evaluateSequential(ForEachOps.java:173)
	at java.util.stream.AbstractPipeline.evaluate(AbstractPipeline.java:234)
	at java.util.stream.ReferencePipeline.forEach(ReferencePipeline.java:485)
	at org.junit.vintage.engine.VintageTestEngine.executeAllChildren(VintageTestEngine.java:82)
	at org.junit.vintage.engine.VintageTestEngine.execute(VintageTestEngine.java:73)
	at org.junit.platform.launcher.core.DefaultLauncher.execute(DefaultLauncher.java:248)
	at org.junit.platform.launcher.core.DefaultLauncher.lambda$execute$5(DefaultLauncher.java:211)
	at org.junit.platform.launcher.core.DefaultLauncher.withInterceptedStreams(DefaultLauncher.java:226)
	at org.junit.platform.launcher.core.DefaultLauncher.execute(DefaultLauncher.java:199)
	at org.junit.platform.launcher.core.DefaultLauncher.execute(DefaultLauncher.java:132)
	at org.apache.maven.surefire.junitplatform.JUnitPlatformProvider.invokeAllTests(JUnitPlatformProvider.java:154)
	at org.apache.maven.surefire.junitplatform.JUnitPlatformProvider.invoke(JUnitPlatformProvider.java:123)
	at org.apache.maven.surefire.booter.ForkedBooter.runSuitesInProcess(ForkedBooter.java:377)
	at org.apache.maven.surefire.booter.ForkedBooter.execute(ForkedBooter.java:138)
	at org.apache.maven.surefire.booter.ForkedBooter.run(ForkedBooter.java:465)
	at org.apache.maven.surefire.booter.ForkedBooter.main(ForkedBooter.java:451)

2024-04-24T06:28:46,471  INFO [main] metadata.Hive: Dumping metastore api call timing information for : compilation phase
2024-04-24T06:28:46,471  INFO [main] metadata.Hive: Total time spent in each metastore function (ms): {getValidWriteIds_(List, String)=2, getAllTableConstraints_(AllTableConstraintsRequest)=5, getCheckConstraints_(CheckConstraintsRequest)=1, isCompatibleWith_(Configuration)=0, getTable_(GetTableRequest)=36, flushCache_()=0, getNotNullConstraints_(NotNullConstraintsRequest)=1, getTableColumnStatistics_(String, String, List, String)=24}
2024-04-24T06:28:46,471  INFO [main] ql.Driver: Completed compiling command(queryId=alex_20240424062846_1b7f6684-b2e1-4897-8c67-1229ec5dde8b); Time taken: 0.206 seconds
2024-04-24T06:28:46,471  INFO [main] lockmgr.DbTxnManager: Stopped heartbeat for query: alex_20240424062844_b1c1a4c7-1cc4-41b8-9a6d-1862337c10a0
2024-04-24T06:28:46,473  INFO [main] txn.TxnHandler: Removed transactions: ([15]) from MIN_HISTORY_LEVEL
2024-04-24T06:28:46,479  INFO [main] ql.TxnCommandsBaseForTests: Running the query: drop table if exists acidTbl
2024-04-24T06:28:46,480  INFO [main] ql.Driver: Compiling command(queryId=alex_20240424062846_d8583e30-8c2e-47cf-b9a6-6bf2921edf7e): drop table if exists acidTbl
2024-04-24T06:28:46,482  INFO [main] txn.TxnHandler: Added entries to MIN_HISTORY_LEVEL for current txns: ([16]) with min_open_txn: 16
2024-04-24T06:28:46,482  INFO [main] lockmgr.DbTxnManager: Opened txnid:16
2024-04-24T06:28:46,483  INFO [main] HiveMetaStore.audit: ugi=alex	ip=unknown-ip-addr	cmd=get_table : tbl=hive.default.acidTbl	
2024-04-24T06:28:46,489  INFO [main] metastore.HMSHandler: Skipping translation for processor with null
2024-04-24T06:28:46,489  INFO [main] ql.Driver: Semantic Analysis Completed (retrial = false)
2024-04-24T06:28:46,489  INFO [main] ql.Driver: Created Hive schema: Schema(fieldSchemas:null, properties:null)
2024-04-24T06:28:46,489  INFO [main] metadata.Hive: Dumping metastore api call timing information for : compilation phase
2024-04-24T06:28:46,489  INFO [main] metadata.Hive: Total time spent in each metastore function (ms): {isCompatibleWith_(Configuration)=1, openTxn_(String, TxnType)=2, getValidTxns_(long)=0, getTable_(GetTableRequest)=6, rollbackTxn_(long)=7, flushCache_()=0}
2024-04-24T06:28:46,490  INFO [main] ql.Driver: Completed compiling command(queryId=alex_20240424062846_d8583e30-8c2e-47cf-b9a6-6bf2921edf7e); Time taken: 0.009 seconds
2024-04-24T06:28:46,490  INFO [main] lockmgr.DbTxnManager: Setting lock request transaction to txnid:16 for queryId=alex_20240424062846_d8583e30-8c2e-47cf-b9a6-6bf2921edf7e
2024-04-24T06:28:46,490  INFO [main] lockmgr.DbLockManager: Requesting lock for queryId=alex_20240424062846_d8583e30-8c2e-47cf-b9a6-6bf2921edf7e
2024-04-24T06:28:46,504  INFO [main] lockmgr.DbLockManager: Response to queryId=alex_20240424062846_d8583e30-8c2e-47cf-b9a6-6bf2921edf7e LockResponse(lockid:11, state:ACQUIRED)
2024-04-24T06:28:46,504  INFO [main] ql.Driver: Operation DROPTABLE obtained 1 locks
2024-04-24T06:28:46,504  INFO [main] ql.Driver: Executing command(queryId=alex_20240424062846_d8583e30-8c2e-47cf-b9a6-6bf2921edf7e): drop table if exists acidTbl
2024-04-24T06:28:46,504  INFO [main] ql.Driver: Starting task [Stage-0:DDL] in serial mode
2024-04-24T06:28:46,505  INFO [main] HiveMetaStore.audit: ugi=alex	ip=unknown-ip-addr	cmd=get_table : tbl=hive.default.acidTbl	
2024-04-24T06:28:46,511  INFO [main] metastore.HMSHandler: Skipping translation for processor with null
2024-04-24T06:28:46,511  INFO [main] HiveMetaStore.audit: ugi=alex	ip=unknown-ip-addr	cmd=get_table : tbl=hive.default.acidTbl	
2024-04-24T06:28:46,518  INFO [main] metastore.HMSHandler: Skipping translation for processor with null
2024-04-24T06:28:46,518  INFO [main] HiveMetaStore.audit: ugi=alex	ip=unknown-ip-addr	cmd=drop_table : tbl=hive.default.acidTbl	
2024-04-24T06:28:46,622  INFO [main] metadata.Hive: Dumping metastore api call timing information for : execution phase
2024-04-24T06:28:46,623  INFO [main] metadata.Hive: Total time spent in each metastore function (ms): {dropTable_(String, String, boolean, boolean, boolean)=111, isCompatibleWith_(Configuration)=1, getTable_(GetTableRequest)=6}
2024-04-24T06:28:46,623  INFO [main] ql.Driver: Completed executing command(queryId=alex_20240424062846_d8583e30-8c2e-47cf-b9a6-6bf2921edf7e); Time taken: 0.118 seconds
2024-04-24T06:28:46,623  INFO [main] lockmgr.DbTxnManager: Stopped heartbeat for query: alex_20240424062846_d8583e30-8c2e-47cf-b9a6-6bf2921edf7e
2024-04-24T06:28:46,627  INFO [main] txn.TxnHandler: Expected to move at least one record from txn_components to completed_txn_components when committing txn! txnid:16
2024-04-24T06:28:46,633  INFO [main] txn.TxnHandler: Removed transactions: ([16]) from MIN_HISTORY_LEVEL
2024-04-24T06:28:46,634  WARN [main] txn.CompactionTxnHandler: No compaction queue record found for Compaction type transaction commit. txnId:16
2024-04-24T06:28:46,634  INFO [main] ql.TxnCommandsBaseForTests: Running the query: drop table if exists acidTblPart
2024-04-24T06:28:46,634  INFO [main] ql.Driver: Compiling command(queryId=alex_20240424062846_9a796274-4f95-4307-89a9-3898149b090a): drop table if exists acidTblPart
2024-04-24T06:28:46,636  INFO [main] txn.TxnHandler: Added entries to MIN_HISTORY_LEVEL for current txns: ([17]) with min_open_txn: 16
2024-04-24T06:28:46,637  INFO [main] lockmgr.DbTxnManager: Opened txnid:17
2024-04-24T06:28:46,637  INFO [main] HiveMetaStore.audit: ugi=alex	ip=unknown-ip-addr	cmd=get_table : tbl=hive.default.acidTblPart	
2024-04-24T06:28:46,645  INFO [main] metastore.HMSHandler: Skipping translation for processor with null
2024-04-24T06:28:46,645  INFO [main] ql.Driver: Semantic Analysis Completed (retrial = false)
2024-04-24T06:28:46,645  INFO [main] ql.Driver: Created Hive schema: Schema(fieldSchemas:null, properties:null)
2024-04-24T06:28:46,645  INFO [main] metadata.Hive: Dumping metastore api call timing information for : compilation phase
2024-04-24T06:28:46,646  INFO [main] metadata.Hive: Total time spent in each metastore function (ms): {isCompatibleWith_(Configuration)=0, flushCache_()=1, commitTxn_(CommitTxnRequest)=11, getTable_(GetTableRequest)=8, getValidTxns_(long)=0, openTxn_(String, TxnType)=2}
2024-04-24T06:28:46,646  INFO [main] ql.Driver: Completed compiling command(queryId=alex_20240424062846_9a796274-4f95-4307-89a9-3898149b090a); Time taken: 0.011 seconds
2024-04-24T06:28:46,646  INFO [main] lockmgr.DbTxnManager: Setting lock request transaction to txnid:17 for queryId=alex_20240424062846_9a796274-4f95-4307-89a9-3898149b090a
2024-04-24T06:28:46,646  INFO [main] lockmgr.DbLockManager: Requesting lock for queryId=alex_20240424062846_9a796274-4f95-4307-89a9-3898149b090a
2024-04-24T06:28:46,665  INFO [main] lockmgr.DbLockManager: Response to queryId=alex_20240424062846_9a796274-4f95-4307-89a9-3898149b090a LockResponse(lockid:12, state:ACQUIRED)
2024-04-24T06:28:46,665  INFO [main] ql.Driver: Operation DROPTABLE obtained 1 locks
2024-04-24T06:28:46,665  INFO [main] ql.Driver: Executing command(queryId=alex_20240424062846_9a796274-4f95-4307-89a9-3898149b090a): drop table if exists acidTblPart
2024-04-24T06:28:46,665  INFO [main] ql.Driver: Starting task [Stage-0:DDL] in serial mode
2024-04-24T06:28:46,665  INFO [main] HiveMetaStore.audit: ugi=alex	ip=unknown-ip-addr	cmd=get_table : tbl=hive.default.acidTblPart	
2024-04-24T06:28:46,672  INFO [main] metastore.HMSHandler: Skipping translation for processor with null
2024-04-24T06:28:46,672  INFO [main] HiveMetaStore.audit: ugi=alex	ip=unknown-ip-addr	cmd=get_table : tbl=hive.default.acidTblPart	
2024-04-24T06:28:46,679  INFO [main] metastore.HMSHandler: Skipping translation for processor with null
2024-04-24T06:28:46,679  INFO [main] HiveMetaStore.audit: ugi=alex	ip=unknown-ip-addr	cmd=drop_table : tbl=hive.default.acidTblPart	
2024-04-24T06:28:46,720  INFO [main] metadata.Hive: Dumping metastore api call timing information for : execution phase
2024-04-24T06:28:46,720  INFO [main] metadata.Hive: Total time spent in each metastore function (ms): {isCompatibleWith_(Configuration)=0, dropTable_(String, String, boolean, boolean, boolean)=48, getTable_(GetTableRequest)=7}
2024-04-24T06:28:46,721  INFO [main] ql.Driver: Completed executing command(queryId=alex_20240424062846_9a796274-4f95-4307-89a9-3898149b090a); Time taken: 0.055 seconds
2024-04-24T06:28:46,721  INFO [main] lockmgr.DbTxnManager: Stopped heartbeat for query: alex_20240424062846_9a796274-4f95-4307-89a9-3898149b090a
2024-04-24T06:28:46,724  INFO [main] txn.TxnHandler: Expected to move at least one record from txn_components to completed_txn_components when committing txn! txnid:17
2024-04-24T06:28:46,730  INFO [main] txn.TxnHandler: Removed transactions: ([17]) from MIN_HISTORY_LEVEL
2024-04-24T06:28:46,730  WARN [main] txn.CompactionTxnHandler: No compaction queue record found for Compaction type transaction commit. txnId:17
2024-04-24T06:28:46,731  INFO [main] ql.TxnCommandsBaseForTests: Running the query: drop table if exists acidTbl2
2024-04-24T06:28:46,731  INFO [main] ql.Driver: Compiling command(queryId=alex_20240424062846_90485862-03b2-41a7-a4a5-8c08d71a12c1): drop table if exists acidTbl2
2024-04-24T06:28:46,733  INFO [main] txn.TxnHandler: Added entries to MIN_HISTORY_LEVEL for current txns: ([18]) with min_open_txn: 16
2024-04-24T06:28:46,733  INFO [main] lockmgr.DbTxnManager: Opened txnid:18
2024-04-24T06:28:46,734  INFO [main] ql.Driver: Semantic Analysis Completed (retrial = false)
2024-04-24T06:28:46,734  INFO [main] ql.Driver: Created Hive schema: Schema(fieldSchemas:null, properties:null)
2024-04-24T06:28:46,734  INFO [main] metadata.Hive: Dumping metastore api call timing information for : compilation phase
2024-04-24T06:28:46,734  INFO [main] metadata.Hive: Total time spent in each metastore function (ms): {commitTxn_(CommitTxnRequest)=10, getTable_(GetTableRequest)=0, openTxn_(String, TxnType)=1, getValidTxns_(long)=0, isCompatibleWith_(Configuration)=2, flushCache_()=0}
2024-04-24T06:28:46,734  INFO [main] ql.Driver: Completed compiling command(queryId=alex_20240424062846_90485862-03b2-41a7-a4a5-8c08d71a12c1); Time taken: 0.003 seconds
2024-04-24T06:28:46,735  INFO [main] lockmgr.DbTxnManager: Setting lock request transaction to txnid:18 for queryId=alex_20240424062846_90485862-03b2-41a7-a4a5-8c08d71a12c1
2024-04-24T06:28:46,735  INFO [main] ql.Driver: Operation DROPTABLE obtained 0 locks
2024-04-24T06:28:46,735  INFO [main] ql.Driver: Executing command(queryId=alex_20240424062846_90485862-03b2-41a7-a4a5-8c08d71a12c1): drop table if exists acidTbl2
2024-04-24T06:28:46,735  INFO [main] ql.Driver: Starting task [Stage-0:DDL] in serial mode
2024-04-24T06:28:46,735  INFO [main] metadata.SessionHiveMetaStoreClient: Column stats doesn't exist for db=default temp table=acidTbl2
2024-04-24T06:28:46,736  INFO [main] metadata.Hive: Dumping metastore api call timing information for : execution phase
2024-04-24T06:28:46,736  INFO [main] metadata.Hive: Total time spent in each metastore function (ms): {dropTable_(String, String, boolean, boolean, boolean)=1, isCompatibleWith_(Configuration)=0, getTable_(GetTableRequest)=0}
2024-04-24T06:28:46,736  INFO [main] ql.Driver: Completed executing command(queryId=alex_20240424062846_90485862-03b2-41a7-a4a5-8c08d71a12c1); Time taken: 0.001 seconds
2024-04-24T06:28:46,736  INFO [main] lockmgr.DbTxnManager: Stopped heartbeat for query: alex_20240424062846_90485862-03b2-41a7-a4a5-8c08d71a12c1
2024-04-24T06:28:46,741  INFO [main] txn.TxnHandler: Expected to move at least one record from txn_components to completed_txn_components when committing txn! txnid:18
2024-04-24T06:28:46,745  INFO [main] txn.TxnHandler: Removed transactions: ([18]) from MIN_HISTORY_LEVEL
2024-04-24T06:28:46,746  WARN [main] txn.CompactionTxnHandler: No compaction queue record found for Compaction type transaction commit. txnId:18
2024-04-24T06:28:46,746  INFO [main] ql.TxnCommandsBaseForTests: Running the query: drop table if exists nonAcidOrcTbl
2024-04-24T06:28:46,746  INFO [main] ql.Driver: Compiling command(queryId=alex_20240424062846_f921bbda-23db-4ea1-9abb-ced77b33fd10): drop table if exists nonAcidOrcTbl
2024-04-24T06:28:46,748  INFO [main] txn.TxnHandler: Added entries to MIN_HISTORY_LEVEL for current txns: ([19]) with min_open_txn: 16
2024-04-24T06:28:46,748  INFO [main] lockmgr.DbTxnManager: Opened txnid:19
2024-04-24T06:28:46,749  INFO [main] HiveMetaStore.audit: ugi=alex	ip=unknown-ip-addr	cmd=get_table : tbl=hive.default.nonAcidOrcTbl	
2024-04-24T06:28:46,772  INFO [main] metastore.HMSHandler: Skipping translation for processor with null
2024-04-24T06:28:46,772  INFO [main] ql.Driver: Semantic Analysis Completed (retrial = false)
2024-04-24T06:28:46,772  INFO [main] ql.Driver: Created Hive schema: Schema(fieldSchemas:null, properties:null)
2024-04-24T06:28:46,772  INFO [main] metadata.Hive: Dumping metastore api call timing information for : compilation phase
2024-04-24T06:28:46,772  INFO [main] metadata.Hive: Total time spent in each metastore function (ms): {commitTxn_(CommitTxnRequest)=10, getValidTxns_(long)=0, flushCache_()=1, getTable_(GetTableRequest)=23, openTxn_(String, TxnType)=1, isCompatibleWith_(Configuration)=1}
2024-04-24T06:28:46,772  INFO [main] ql.Driver: Completed compiling command(queryId=alex_20240424062846_f921bbda-23db-4ea1-9abb-ced77b33fd10); Time taken: 0.026 seconds
2024-04-24T06:28:46,772  INFO [main] lockmgr.DbTxnManager: Setting lock request transaction to txnid:19 for queryId=alex_20240424062846_f921bbda-23db-4ea1-9abb-ced77b33fd10
2024-04-24T06:28:46,773  INFO [main] lockmgr.DbLockManager: Requesting lock for queryId=alex_20240424062846_f921bbda-23db-4ea1-9abb-ced77b33fd10
2024-04-24T06:28:46,788  INFO [main] lockmgr.DbLockManager: Response to queryId=alex_20240424062846_f921bbda-23db-4ea1-9abb-ced77b33fd10 LockResponse(lockid:13, state:ACQUIRED)
2024-04-24T06:28:46,788  INFO [main] ql.Driver: Operation DROPTABLE obtained 1 locks
2024-04-24T06:28:46,788  INFO [main] ql.Driver: Executing command(queryId=alex_20240424062846_f921bbda-23db-4ea1-9abb-ced77b33fd10): drop table if exists nonAcidOrcTbl
2024-04-24T06:28:46,788  INFO [main] ql.Driver: Starting task [Stage-0:DDL] in serial mode
2024-04-24T06:28:46,788  INFO [main] HiveMetaStore.audit: ugi=alex	ip=unknown-ip-addr	cmd=get_table : tbl=hive.default.nonAcidOrcTbl	
2024-04-24T06:28:46,811  INFO [main] metastore.HMSHandler: Skipping translation for processor with null
2024-04-24T06:28:46,811  INFO [main] HiveMetaStore.audit: ugi=alex	ip=unknown-ip-addr	cmd=get_table : tbl=hive.default.nonAcidOrcTbl	
2024-04-24T06:28:46,820  INFO [main] metastore.HMSHandler: Skipping translation for processor with null
2024-04-24T06:28:46,820  INFO [main] HiveMetaStore.audit: ugi=alex	ip=unknown-ip-addr	cmd=drop_table : tbl=hive.default.nonAcidOrcTbl	
2024-04-24T06:28:46,911  INFO [main] metadata.Hive: Dumping metastore api call timing information for : execution phase
2024-04-24T06:28:46,911  INFO [main] metadata.Hive: Total time spent in each metastore function (ms): {isCompatibleWith_(Configuration)=0, getTable_(GetTableRequest)=23, dropTable_(String, String, boolean, boolean, boolean)=100}
2024-04-24T06:28:46,911  INFO [main] ql.Driver: Completed executing command(queryId=alex_20240424062846_f921bbda-23db-4ea1-9abb-ced77b33fd10); Time taken: 0.123 seconds
2024-04-24T06:28:46,911  INFO [main] lockmgr.DbTxnManager: Stopped heartbeat for query: alex_20240424062846_f921bbda-23db-4ea1-9abb-ced77b33fd10
2024-04-24T06:28:46,915  INFO [main] txn.TxnHandler: Expected to move at least one record from txn_components to completed_txn_components when committing txn! txnid:19
2024-04-24T06:28:46,921  INFO [main] txn.TxnHandler: Removed transactions: ([19]) from MIN_HISTORY_LEVEL
2024-04-24T06:28:46,921  WARN [main] txn.CompactionTxnHandler: No compaction queue record found for Compaction type transaction commit. txnId:19
2024-04-24T06:28:46,922  INFO [main] ql.TxnCommandsBaseForTests: Running the query: drop table if exists nonAcidOrcTbl2
2024-04-24T06:28:46,922  INFO [main] ql.Driver: Compiling command(queryId=alex_20240424062846_9cf4f1fd-eed1-4807-a19a-11c8aadb4828): drop table if exists nonAcidOrcTbl2
2024-04-24T06:28:46,925  INFO [main] txn.TxnHandler: Added entries to MIN_HISTORY_LEVEL for current txns: ([20]) with min_open_txn: 16
2024-04-24T06:28:46,925  INFO [main] lockmgr.DbTxnManager: Opened txnid:20
2024-04-24T06:28:46,925  INFO [main] HiveMetaStore.audit: ugi=alex	ip=unknown-ip-addr	cmd=get_table : tbl=hive.default.nonAcidOrcTbl2	
2024-04-24T06:28:46,934  INFO [main] metastore.HMSHandler: Skipping translation for processor with null
2024-04-24T06:28:46,934  INFO [main] ql.Driver: Semantic Analysis Completed (retrial = false)
2024-04-24T06:28:46,935  INFO [main] ql.Driver: Created Hive schema: Schema(fieldSchemas:null, properties:null)
2024-04-24T06:28:46,935  INFO [main] metadata.Hive: Dumping metastore api call timing information for : compilation phase
2024-04-24T06:28:46,935  INFO [main] metadata.Hive: Total time spent in each metastore function (ms): {commitTxn_(CommitTxnRequest)=11, getTable_(GetTableRequest)=9, openTxn_(String, TxnType)=2, getValidTxns_(long)=0, isCompatibleWith_(Configuration)=1, flushCache_()=0}
2024-04-24T06:28:46,935  INFO [main] ql.Driver: Completed compiling command(queryId=alex_20240424062846_9cf4f1fd-eed1-4807-a19a-11c8aadb4828); Time taken: 0.013 seconds
2024-04-24T06:28:46,935  INFO [main] lockmgr.DbTxnManager: Setting lock request transaction to txnid:20 for queryId=alex_20240424062846_9cf4f1fd-eed1-4807-a19a-11c8aadb4828
2024-04-24T06:28:46,936  INFO [main] lockmgr.DbLockManager: Requesting lock for queryId=alex_20240424062846_9cf4f1fd-eed1-4807-a19a-11c8aadb4828
2024-04-24T06:28:46,950  INFO [main] lockmgr.DbLockManager: Response to queryId=alex_20240424062846_9cf4f1fd-eed1-4807-a19a-11c8aadb4828 LockResponse(lockid:14, state:ACQUIRED)
2024-04-24T06:28:46,950  INFO [main] ql.Driver: Operation DROPTABLE obtained 1 locks
2024-04-24T06:28:46,950  INFO [main] ql.Driver: Executing command(queryId=alex_20240424062846_9cf4f1fd-eed1-4807-a19a-11c8aadb4828): drop table if exists nonAcidOrcTbl2
2024-04-24T06:28:46,951  INFO [main] ql.Driver: Starting task [Stage-0:DDL] in serial mode
2024-04-24T06:28:46,951  INFO [main] HiveMetaStore.audit: ugi=alex	ip=unknown-ip-addr	cmd=get_table : tbl=hive.default.nonAcidOrcTbl2	
2024-04-24T06:28:46,960  INFO [main] metastore.HMSHandler: Skipping translation for processor with null
2024-04-24T06:28:46,960  INFO [main] HiveMetaStore.audit: ugi=alex	ip=unknown-ip-addr	cmd=get_table : tbl=hive.default.nonAcidOrcTbl2	
2024-04-24T06:28:46,970  INFO [main] metastore.HMSHandler: Skipping translation for processor with null
2024-04-24T06:28:46,970  INFO [main] HiveMetaStore.audit: ugi=alex	ip=unknown-ip-addr	cmd=drop_table : tbl=hive.default.nonAcidOrcTbl2	
2024-04-24T06:28:47,002  INFO [main] metadata.Hive: Dumping metastore api call timing information for : execution phase
2024-04-24T06:28:47,002  INFO [main] metadata.Hive: Total time spent in each metastore function (ms): {dropTable_(String, String, boolean, boolean, boolean)=42, isCompatibleWith_(Configuration)=0, getTable_(GetTableRequest)=9}
2024-04-24T06:28:47,002  INFO [main] ql.Driver: Completed executing command(queryId=alex_20240424062846_9cf4f1fd-eed1-4807-a19a-11c8aadb4828); Time taken: 0.052 seconds
2024-04-24T06:28:47,002  INFO [main] lockmgr.DbTxnManager: Stopped heartbeat for query: alex_20240424062846_9cf4f1fd-eed1-4807-a19a-11c8aadb4828
2024-04-24T06:28:47,006  INFO [main] txn.TxnHandler: Expected to move at least one record from txn_components to completed_txn_components when committing txn! txnid:20
2024-04-24T06:28:47,012  INFO [main] txn.TxnHandler: Removed transactions: ([20]) from MIN_HISTORY_LEVEL
2024-04-24T06:28:47,012  WARN [main] txn.CompactionTxnHandler: No compaction queue record found for Compaction type transaction commit. txnId:20
2024-04-24T06:28:47,013  INFO [main] ql.TxnCommandsBaseForTests: Running the query: drop table if exists nonAcidNonBucket
2024-04-24T06:28:47,013  INFO [main] ql.Driver: Compiling command(queryId=alex_20240424062847_bac407cb-9425-4a6d-a6e3-19d07d073d81): drop table if exists nonAcidNonBucket
2024-04-24T06:28:47,015  INFO [main] txn.TxnHandler: Added entries to MIN_HISTORY_LEVEL for current txns: ([21]) with min_open_txn: 16
2024-04-24T06:28:47,015  INFO [main] lockmgr.DbTxnManager: Opened txnid:21
2024-04-24T06:28:47,016  INFO [main] HiveMetaStore.audit: ugi=alex	ip=unknown-ip-addr	cmd=get_table : tbl=hive.default.nonAcidNonBucket	
2024-04-24T06:28:47,024  INFO [main] metastore.HMSHandler: Skipping translation for processor with null
2024-04-24T06:28:47,024  INFO [main] ql.Driver: Semantic Analysis Completed (retrial = false)
2024-04-24T06:28:47,024  INFO [main] ql.Driver: Created Hive schema: Schema(fieldSchemas:null, properties:null)
2024-04-24T06:28:47,024  INFO [main] metadata.Hive: Dumping metastore api call timing information for : compilation phase
2024-04-24T06:28:47,024  INFO [main] metadata.Hive: Total time spent in each metastore function (ms): {openTxn_(String, TxnType)=2, flushCache_()=0, getValidTxns_(long)=0, getTable_(GetTableRequest)=8, commitTxn_(CommitTxnRequest)=10, isCompatibleWith_(Configuration)=1}
2024-04-24T06:28:47,025  INFO [main] ql.Driver: Completed compiling command(queryId=alex_20240424062847_bac407cb-9425-4a6d-a6e3-19d07d073d81); Time taken: 0.011 seconds
2024-04-24T06:28:47,025  INFO [main] lockmgr.DbTxnManager: Setting lock request transaction to txnid:21 for queryId=alex_20240424062847_bac407cb-9425-4a6d-a6e3-19d07d073d81
2024-04-24T06:28:47,025  INFO [main] lockmgr.DbLockManager: Requesting lock for queryId=alex_20240424062847_bac407cb-9425-4a6d-a6e3-19d07d073d81
2024-04-24T06:28:47,040  INFO [main] lockmgr.DbLockManager: Response to queryId=alex_20240424062847_bac407cb-9425-4a6d-a6e3-19d07d073d81 LockResponse(lockid:15, state:ACQUIRED)
2024-04-24T06:28:47,040  INFO [main] ql.Driver: Operation DROPTABLE obtained 1 locks
2024-04-24T06:28:47,040  INFO [main] ql.Driver: Executing command(queryId=alex_20240424062847_bac407cb-9425-4a6d-a6e3-19d07d073d81): drop table if exists nonAcidNonBucket
2024-04-24T06:28:47,040  INFO [main] ql.Driver: Starting task [Stage-0:DDL] in serial mode
2024-04-24T06:28:47,040  INFO [main] HiveMetaStore.audit: ugi=alex	ip=unknown-ip-addr	cmd=get_table : tbl=hive.default.nonAcidNonBucket	
2024-04-24T06:28:47,050  INFO [main] metastore.HMSHandler: Skipping translation for processor with null
2024-04-24T06:28:47,050  INFO [main] HiveMetaStore.audit: ugi=alex	ip=unknown-ip-addr	cmd=get_table : tbl=hive.default.nonAcidNonBucket	
2024-04-24T06:28:47,058  INFO [main] metastore.HMSHandler: Skipping translation for processor with null
2024-04-24T06:28:47,058  INFO [main] HiveMetaStore.audit: ugi=alex	ip=unknown-ip-addr	cmd=drop_table : tbl=hive.default.nonAcidNonBucket	
2024-04-24T06:28:47,085  INFO [main] metadata.Hive: Dumping metastore api call timing information for : execution phase
2024-04-24T06:28:47,085  INFO [main] metadata.Hive: Total time spent in each metastore function (ms): {isCompatibleWith_(Configuration)=0, getTable_(GetTableRequest)=10, dropTable_(String, String, boolean, boolean, boolean)=35}
2024-04-24T06:28:47,085  INFO [main] ql.Driver: Completed executing command(queryId=alex_20240424062847_bac407cb-9425-4a6d-a6e3-19d07d073d81); Time taken: 0.045 seconds
2024-04-24T06:28:47,085  INFO [main] lockmgr.DbTxnManager: Stopped heartbeat for query: alex_20240424062847_bac407cb-9425-4a6d-a6e3-19d07d073d81
2024-04-24T06:28:47,089  INFO [main] txn.TxnHandler: Expected to move at least one record from txn_components to completed_txn_components when committing txn! txnid:21
2024-04-24T06:28:47,093  INFO [main] txn.TxnHandler: Removed transactions: ([21]) from MIN_HISTORY_LEVEL
2024-04-24T06:28:47,093  WARN [main] txn.CompactionTxnHandler: No compaction queue record found for Compaction type transaction commit. txnId:21
2024-04-24T06:28:47,094  INFO [main] utils.TestTxnDbUtil: Cleaning transactional tables
]]></system-err>
  </testcase>
  <testcase name="exchangePartitionShouldNotWorkForTransactionalTables" classname="org.apache.hadoop.hive.ql.TestTxnCommands" time="1.353"/>
  <testcase name="testMergeNegative2" classname="org.apache.hadoop.hive.ql.TestTxnCommands" time="1.169"/>
  <testcase name="testCompactionBlocking" classname="org.apache.hadoop.hive.ql.TestTxnCommands" time="6.046"/>
  <testcase name="testVersioningVersionFileDisabled" classname="org.apache.hadoop.hive.ql.TestTxnCommands" time="2.906">
    <error type="java.lang.RuntimeException"><![CDATA[java.lang.RuntimeException: update T set a=3 where b=2 failed: (responseCode = 40000, errorMessage = FAILED: NoMatchingMethodException No matching method for class org.apache.hadoop.hive.ql.udf.UDFToInteger with (struct<writeid:bigint,bucketid:int,rowid:bigint>). Possible choices: _FUNC_(bigint)  _FUNC_(boolean)  _FUNC_(decimal(38,18))  _FUNC_(double)  _FUNC_(float)  _FUNC_(smallint)  _FUNC_(string)  _FUNC_(struct<writeid:int,bucketid:bigint,rowid:bigint>)  _FUNC_(timestamp)  _FUNC_(tinyint)  _FUNC_(void)  , hiveErrorCode = 40000, SQLState = 42000, exception = No matching method for class org.apache.hadoop.hive.ql.udf.UDFToInteger with (struct<writeid:bigint,bucketid:int,rowid:bigint>). Possible choices: _FUNC_(bigint)  _FUNC_(boolean)  _FUNC_(decimal(38,18))  _FUNC_(double)  _FUNC_(float)  _FUNC_(smallint)  _FUNC_(string)  _FUNC_(struct<writeid:int,bucketid:bigint,rowid:bigint>)  _FUNC_(timestamp)  _FUNC_(tinyint)  _FUNC_(void)  )
	at org.apache.hadoop.hive.ql.TxnCommandsBaseForTests.runStatementOnDriver(TxnCommandsBaseForTests.java:247)
	at org.apache.hadoop.hive.ql.TestTxnCommands.acidVersionTest(TestTxnCommands.java:1482)
	at org.apache.hadoop.hive.ql.TestTxnCommands.testVersioningVersionFileDisabled(TestTxnCommands.java:1467)
	at sun.reflect.NativeMethodAccessorImpl.invoke0(Native Method)
	at sun.reflect.NativeMethodAccessorImpl.invoke(NativeMethodAccessorImpl.java:62)
	at sun.reflect.DelegatingMethodAccessorImpl.invoke(DelegatingMethodAccessorImpl.java:43)
	at java.lang.reflect.Method.invoke(Method.java:498)
	at org.junit.runners.model.FrameworkMethod$1.runReflectiveCall(FrameworkMethod.java:59)
	at org.junit.internal.runners.model.ReflectiveCallable.run(ReflectiveCallable.java:12)
	at org.junit.runners.model.FrameworkMethod.invokeExplosively(FrameworkMethod.java:56)
	at org.junit.internal.runners.statements.InvokeMethod.evaluate(InvokeMethod.java:17)
	at org.junit.internal.runners.statements.RunBefores.evaluate(RunBefores.java:26)
	at org.junit.internal.runners.statements.RunAfters.evaluate(RunAfters.java:27)
	at org.junit.rules.TestWatcher$1.evaluate(TestWatcher.java:61)
	at org.junit.runners.ParentRunner$3.evaluate(ParentRunner.java:306)
	at org.junit.runners.BlockJUnit4ClassRunner$1.evaluate(BlockJUnit4ClassRunner.java:100)
	at org.junit.runners.ParentRunner.runLeaf(ParentRunner.java:366)
	at org.junit.runners.BlockJUnit4ClassRunner.runChild(BlockJUnit4ClassRunner.java:103)
	at org.junit.runners.BlockJUnit4ClassRunner.runChild(BlockJUnit4ClassRunner.java:63)
	at org.junit.runners.ParentRunner$4.run(ParentRunner.java:331)
	at org.junit.runners.ParentRunner$1.schedule(ParentRunner.java:79)
	at org.junit.runners.ParentRunner.runChildren(ParentRunner.java:329)
	at org.junit.runners.ParentRunner.access$100(ParentRunner.java:66)
	at org.junit.runners.ParentRunner$2.evaluate(ParentRunner.java:293)
	at org.junit.runners.ParentRunner$3.evaluate(ParentRunner.java:306)
	at org.junit.runners.ParentRunner.run(ParentRunner.java:413)
	at org.junit.runner.JUnitCore.run(JUnitCore.java:137)
	at org.junit.runner.JUnitCore.run(JUnitCore.java:115)
	at org.junit.vintage.engine.execution.RunnerExecutor.execute(RunnerExecutor.java:43)
	at java.util.stream.ForEachOps$ForEachOp$OfRef.accept(ForEachOps.java:183)
	at java.util.stream.ReferencePipeline$3$1.accept(ReferencePipeline.java:193)
	at java.util.Iterator.forEachRemaining(Iterator.java:116)
	at java.util.Spliterators$IteratorSpliterator.forEachRemaining(Spliterators.java:1801)
	at java.util.stream.AbstractPipeline.copyInto(AbstractPipeline.java:482)
	at java.util.stream.AbstractPipeline.wrapAndCopyInto(AbstractPipeline.java:472)
	at java.util.stream.ForEachOps$ForEachOp.evaluateSequential(ForEachOps.java:150)
	at java.util.stream.ForEachOps$ForEachOp$OfRef.evaluateSequential(ForEachOps.java:173)
	at java.util.stream.AbstractPipeline.evaluate(AbstractPipeline.java:234)
	at java.util.stream.ReferencePipeline.forEach(ReferencePipeline.java:485)
	at org.junit.vintage.engine.VintageTestEngine.executeAllChildren(VintageTestEngine.java:82)
	at org.junit.vintage.engine.VintageTestEngine.execute(VintageTestEngine.java:73)
	at org.junit.platform.launcher.core.DefaultLauncher.execute(DefaultLauncher.java:248)
	at org.junit.platform.launcher.core.DefaultLauncher.lambda$execute$5(DefaultLauncher.java:211)
	at org.junit.platform.launcher.core.DefaultLauncher.withInterceptedStreams(DefaultLauncher.java:226)
	at org.junit.platform.launcher.core.DefaultLauncher.execute(DefaultLauncher.java:199)
	at org.junit.platform.launcher.core.DefaultLauncher.execute(DefaultLauncher.java:132)
	at org.apache.maven.surefire.junitplatform.JUnitPlatformProvider.invokeAllTests(JUnitPlatformProvider.java:154)
	at org.apache.maven.surefire.junitplatform.JUnitPlatformProvider.invoke(JUnitPlatformProvider.java:123)
	at org.apache.maven.surefire.booter.ForkedBooter.runSuitesInProcess(ForkedBooter.java:377)
	at org.apache.maven.surefire.booter.ForkedBooter.execute(ForkedBooter.java:138)
	at org.apache.maven.surefire.booter.ForkedBooter.run(ForkedBooter.java:465)
	at org.apache.maven.surefire.booter.ForkedBooter.main(ForkedBooter.java:451)
]]></error>
    <system-err><![CDATA[2024-04-24T06:28:55,717  WARN [main] conf.HiveConf: HiveConf of name hive.metastore.metadb.dir does not exist
2024-04-24T06:28:55,717  WARN [main] conf.HiveConf: HiveConf of name hive.metastore.client.cache.maxSize does not exist
2024-04-24T06:28:55,717  WARN [main] conf.HiveConf: HiveConf of name hive.llap.io.cache.orc.size does not exist
2024-04-24T06:28:55,718  WARN [main] conf.HiveConf: HiveConf of name hive.metastore.client.cache.recordStats does not exist
2024-04-24T06:28:55,718  WARN [main] conf.HiveConf: HiveConf of name hive.dummyparam.test.server.specific.config.metastoresite does not exist
2024-04-24T06:28:55,718  WARN [main] conf.HiveConf: HiveConf of name hive.dummyparam.test.server.specific.config.hivesite does not exist
2024-04-24T06:28:55,718  WARN [main] conf.HiveConf: HiveConf of name hive.llap.io.cache.orc.alloc.min does not exist
2024-04-24T06:28:55,718  WARN [main] conf.HiveConf: HiveConf of name hive.llap.io.cache.orc.arena.size does not exist
2024-04-24T06:28:55,718  WARN [main] conf.HiveConf: HiveConf of name hive.llap.io.cache.orc.alloc.max does not exist
2024-04-24T06:28:55,718  WARN [main] conf.HiveConf: HiveConf of name hive.stats.key.prefix.reserve.length does not exist
2024-04-24T06:28:55,718  WARN [main] conf.HiveConf: HiveConf of name hive.dummyparam.test.server.specific.config.override does not exist
2024-04-24T06:28:55,720  INFO [main] utils.TestTxnDbUtil: Creating transactional tables
Hive Session ID = 88028b0a-5eb6-4c5d-8132-3c65d5b4bd97
2024-04-24T06:28:55,722  INFO [main] SessionState: Hive Session ID = 88028b0a-5eb6-4c5d-8132-3c65d5b4bd97
ivysettings.xml file not found in HIVE_HOME or HIVE_CONF_DIR,/home/alex/Repositories/hive/conf/ivysettings.xml will be used
2024-04-24T06:28:55,722  INFO [main] DependencyResolver: ivysettings.xml file not found in HIVE_HOME or HIVE_CONF_DIR,/home/alex/Repositories/hive/conf/ivysettings.xml will be used
2024-04-24T06:28:55,727  INFO [main] session.SessionState: Created HDFS directory: /home/alex/Repositories/hive/ql/target/tmp/scratchdir/alex/88028b0a-5eb6-4c5d-8132-3c65d5b4bd97
2024-04-24T06:28:55,730  INFO [main] session.SessionState: Created local directory: /home/alex/Repositories/hive/ql/target/tmp/localscratchdir/88028b0a-5eb6-4c5d-8132-3c65d5b4bd97
2024-04-24T06:28:55,732  INFO [main] session.SessionState: Created HDFS directory: /home/alex/Repositories/hive/ql/target/tmp/scratchdir/alex/88028b0a-5eb6-4c5d-8132-3c65d5b4bd97/_tmp_space.db
2024-04-24T06:28:55,732  INFO [main] sqlstd.SQLStdHiveAccessController: Created SQLStdHiveAccessController for session context : HiveAuthzSessionContext [sessionString=88028b0a-5eb6-4c5d-8132-3c65d5b4bd97, clientType=HIVECLI]
2024-04-24T06:28:55,732  INFO [main] ql.TxnCommandsBaseForTests: Running the query: drop table if exists acidTbl
2024-04-24T06:28:55,733  INFO [main] ql.Driver: Compiling command(queryId=alex_20240424062855_ea3d2bcd-15e7-4a08-ab7f-1df015b66856): drop table if exists acidTbl
2024-04-24T06:28:55,740  INFO [main] txn.TxnHandler: Added entries to MIN_HISTORY_LEVEL for current txns: ([1]) with min_open_txn: 1
2024-04-24T06:28:55,740  INFO [main] lockmgr.DbTxnManager: Opened txnid:1
2024-04-24T06:28:55,742  INFO [main] HiveMetaStore.audit: ugi=alex	ip=unknown-ip-addr	cmd=get_table : tbl=hive.default.acidTbl	
2024-04-24T06:28:55,745  INFO [main] ql.Driver: Semantic Analysis Completed (retrial = false)
2024-04-24T06:28:55,745  INFO [main] ql.Driver: Created Hive schema: Schema(fieldSchemas:null, properties:null)
2024-04-24T06:28:55,745  INFO [main] metadata.Hive: Dumping metastore api call timing information for : compilation phase
2024-04-24T06:28:55,745  INFO [main] metadata.Hive: Total time spent in each metastore function (ms): {isCompatibleWith_(Configuration)=0, flushCache_()=0, commitTxn_(CommitTxnRequest)=8, openTxn_(String, TxnType)=7, getValidTxns_(long)=2}
2024-04-24T06:28:55,745  INFO [main] ql.Driver: Completed compiling command(queryId=alex_20240424062855_ea3d2bcd-15e7-4a08-ab7f-1df015b66856); Time taken: 0.012 seconds
2024-04-24T06:28:55,745  INFO [main] lockmgr.DbTxnManager: Setting lock request transaction to txnid:1 for queryId=alex_20240424062855_ea3d2bcd-15e7-4a08-ab7f-1df015b66856
2024-04-24T06:28:55,745  INFO [main] ql.Driver: Operation DROPTABLE obtained 0 locks
2024-04-24T06:28:55,745  INFO [main] ql.Driver: Executing command(queryId=alex_20240424062855_ea3d2bcd-15e7-4a08-ab7f-1df015b66856): drop table if exists acidTbl
2024-04-24T06:28:55,746  INFO [main] ql.Driver: Starting task [Stage-0:DDL] in serial mode
2024-04-24T06:28:55,746  INFO [main] HiveMetaStore.audit: ugi=alex	ip=unknown-ip-addr	cmd=get_table : tbl=hive.default.acidTbl	
2024-04-24T06:28:55,748  INFO [main] metadata.Hive: Dumping metastore api call timing information for : execution phase
2024-04-24T06:28:55,749  INFO [main] metadata.Hive: Total time spent in each metastore function (ms): {isCompatibleWith_(Configuration)=0}
2024-04-24T06:28:55,749  INFO [main] ql.Driver: Completed executing command(queryId=alex_20240424062855_ea3d2bcd-15e7-4a08-ab7f-1df015b66856); Time taken: 0.003 seconds
2024-04-24T06:28:55,749  INFO [main] lockmgr.DbTxnManager: Stopped heartbeat for query: alex_20240424062855_ea3d2bcd-15e7-4a08-ab7f-1df015b66856
2024-04-24T06:28:55,754  INFO [main] txn.TxnHandler: Expected to move at least one record from txn_components to completed_txn_components when committing txn! txnid:1
2024-04-24T06:28:55,761  INFO [main] txn.TxnHandler: Removed transactions: ([1]) from MIN_HISTORY_LEVEL
2024-04-24T06:28:55,761  WARN [main] txn.CompactionTxnHandler: No compaction queue record found for Compaction type transaction commit. txnId:1
2024-04-24T06:28:55,761  INFO [main] ql.TxnCommandsBaseForTests: Running the query: drop table if exists acidTblPart
2024-04-24T06:28:55,761  INFO [main] ql.Driver: Compiling command(queryId=alex_20240424062855_663648df-71cd-4a88-8089-3015c5ea7ab2): drop table if exists acidTblPart
2024-04-24T06:28:55,763  INFO [main] txn.TxnHandler: Added entries to MIN_HISTORY_LEVEL for current txns: ([2]) with min_open_txn: 1
2024-04-24T06:28:55,764  INFO [main] lockmgr.DbTxnManager: Opened txnid:2
2024-04-24T06:28:55,764  INFO [main] HiveMetaStore.audit: ugi=alex	ip=unknown-ip-addr	cmd=get_table : tbl=hive.default.acidTblPart	
2024-04-24T06:28:55,767  INFO [main] ql.Driver: Semantic Analysis Completed (retrial = false)
2024-04-24T06:28:55,767  INFO [main] ql.Driver: Created Hive schema: Schema(fieldSchemas:null, properties:null)
2024-04-24T06:28:55,767  INFO [main] metadata.Hive: Dumping metastore api call timing information for : compilation phase
2024-04-24T06:28:55,767  INFO [main] metadata.Hive: Total time spent in each metastore function (ms): {commitTxn_(CommitTxnRequest)=12, isCompatibleWith_(Configuration)=0, flushCache_()=0, openTxn_(String, TxnType)=2, getValidTxns_(long)=0}
2024-04-24T06:28:55,767  INFO [main] ql.Driver: Completed compiling command(queryId=alex_20240424062855_663648df-71cd-4a88-8089-3015c5ea7ab2); Time taken: 0.006 seconds
2024-04-24T06:28:55,767  INFO [main] lockmgr.DbTxnManager: Setting lock request transaction to txnid:2 for queryId=alex_20240424062855_663648df-71cd-4a88-8089-3015c5ea7ab2
2024-04-24T06:28:55,767  INFO [main] ql.Driver: Operation DROPTABLE obtained 0 locks
2024-04-24T06:28:55,767  INFO [main] ql.Driver: Executing command(queryId=alex_20240424062855_663648df-71cd-4a88-8089-3015c5ea7ab2): drop table if exists acidTblPart
2024-04-24T06:28:55,767  INFO [main] ql.Driver: Starting task [Stage-0:DDL] in serial mode
2024-04-24T06:28:55,768  INFO [main] HiveMetaStore.audit: ugi=alex	ip=unknown-ip-addr	cmd=get_table : tbl=hive.default.acidTblPart	
2024-04-24T06:28:55,770  INFO [main] metadata.Hive: Dumping metastore api call timing information for : execution phase
2024-04-24T06:28:55,771  INFO [main] metadata.Hive: Total time spent in each metastore function (ms): {isCompatibleWith_(Configuration)=0}
2024-04-24T06:28:55,771  INFO [main] ql.Driver: Completed executing command(queryId=alex_20240424062855_663648df-71cd-4a88-8089-3015c5ea7ab2); Time taken: 0.003 seconds
2024-04-24T06:28:55,771  INFO [main] lockmgr.DbTxnManager: Stopped heartbeat for query: alex_20240424062855_663648df-71cd-4a88-8089-3015c5ea7ab2
2024-04-24T06:28:55,775  INFO [main] txn.TxnHandler: Expected to move at least one record from txn_components to completed_txn_components when committing txn! txnid:2
2024-04-24T06:28:55,780  INFO [main] txn.TxnHandler: Removed transactions: ([2]) from MIN_HISTORY_LEVEL
2024-04-24T06:28:55,780  WARN [main] txn.CompactionTxnHandler: No compaction queue record found for Compaction type transaction commit. txnId:2
2024-04-24T06:28:55,781  INFO [main] ql.TxnCommandsBaseForTests: Running the query: drop table if exists acidTbl2
2024-04-24T06:28:55,781  INFO [main] ql.Driver: Compiling command(queryId=alex_20240424062855_272a9627-ab04-40f7-98e5-2f6a929c6c46): drop table if exists acidTbl2
2024-04-24T06:28:55,783  INFO [main] txn.TxnHandler: Added entries to MIN_HISTORY_LEVEL for current txns: ([3]) with min_open_txn: 1
2024-04-24T06:28:55,783  INFO [main] lockmgr.DbTxnManager: Opened txnid:3
2024-04-24T06:28:55,783  INFO [main] HiveMetaStore.audit: ugi=alex	ip=unknown-ip-addr	cmd=get_table : tbl=hive.default.acidTbl2	
2024-04-24T06:28:55,786  INFO [main] ql.Driver: Semantic Analysis Completed (retrial = false)
2024-04-24T06:28:55,786  INFO [main] ql.Driver: Created Hive schema: Schema(fieldSchemas:null, properties:null)
2024-04-24T06:28:55,786  INFO [main] metadata.Hive: Dumping metastore api call timing information for : compilation phase
2024-04-24T06:28:55,786  INFO [main] metadata.Hive: Total time spent in each metastore function (ms): {openTxn_(String, TxnType)=2, flushCache_()=0, commitTxn_(CommitTxnRequest)=9, isCompatibleWith_(Configuration)=0, getValidTxns_(long)=0}
2024-04-24T06:28:55,786  INFO [main] ql.Driver: Completed compiling command(queryId=alex_20240424062855_272a9627-ab04-40f7-98e5-2f6a929c6c46); Time taken: 0.005 seconds
2024-04-24T06:28:55,786  INFO [main] lockmgr.DbTxnManager: Setting lock request transaction to txnid:3 for queryId=alex_20240424062855_272a9627-ab04-40f7-98e5-2f6a929c6c46
2024-04-24T06:28:55,786  INFO [main] ql.Driver: Operation DROPTABLE obtained 0 locks
2024-04-24T06:28:55,787  INFO [main] ql.Driver: Executing command(queryId=alex_20240424062855_272a9627-ab04-40f7-98e5-2f6a929c6c46): drop table if exists acidTbl2
2024-04-24T06:28:55,787  INFO [main] ql.Driver: Starting task [Stage-0:DDL] in serial mode
2024-04-24T06:28:55,787  INFO [main] HiveMetaStore.audit: ugi=alex	ip=unknown-ip-addr	cmd=get_table : tbl=hive.default.acidTbl2	
2024-04-24T06:28:55,789  INFO [main] metadata.Hive: Dumping metastore api call timing information for : execution phase
2024-04-24T06:28:55,789  INFO [main] metadata.Hive: Total time spent in each metastore function (ms): {isCompatibleWith_(Configuration)=0}
2024-04-24T06:28:55,790  INFO [main] ql.Driver: Completed executing command(queryId=alex_20240424062855_272a9627-ab04-40f7-98e5-2f6a929c6c46); Time taken: 0.002 seconds
2024-04-24T06:28:55,790  INFO [main] lockmgr.DbTxnManager: Stopped heartbeat for query: alex_20240424062855_272a9627-ab04-40f7-98e5-2f6a929c6c46
2024-04-24T06:28:55,794  INFO [main] txn.TxnHandler: Expected to move at least one record from txn_components to completed_txn_components when committing txn! txnid:3
2024-04-24T06:28:55,799  INFO [main] txn.TxnHandler: Removed transactions: ([3]) from MIN_HISTORY_LEVEL
2024-04-24T06:28:55,799  WARN [main] txn.CompactionTxnHandler: No compaction queue record found for Compaction type transaction commit. txnId:3
2024-04-24T06:28:55,799  INFO [main] ql.TxnCommandsBaseForTests: Running the query: drop table if exists nonAcidOrcTbl
2024-04-24T06:28:55,800  INFO [main] ql.Driver: Compiling command(queryId=alex_20240424062855_f80b9d4c-d60b-4e74-a53c-bba6b9f7d42b): drop table if exists nonAcidOrcTbl
2024-04-24T06:28:55,801  INFO [main] txn.TxnHandler: Added entries to MIN_HISTORY_LEVEL for current txns: ([4]) with min_open_txn: 1
2024-04-24T06:28:55,802  INFO [main] lockmgr.DbTxnManager: Opened txnid:4
2024-04-24T06:28:55,802  INFO [main] HiveMetaStore.audit: ugi=alex	ip=unknown-ip-addr	cmd=get_table : tbl=hive.default.nonAcidOrcTbl	
2024-04-24T06:28:55,804  INFO [main] ql.Driver: Semantic Analysis Completed (retrial = false)
2024-04-24T06:28:55,805  INFO [main] ql.Driver: Created Hive schema: Schema(fieldSchemas:null, properties:null)
2024-04-24T06:28:55,805  INFO [main] metadata.Hive: Dumping metastore api call timing information for : compilation phase
2024-04-24T06:28:55,805  INFO [main] metadata.Hive: Total time spent in each metastore function (ms): {isCompatibleWith_(Configuration)=0, flushCache_()=0, commitTxn_(CommitTxnRequest)=9, openTxn_(String, TxnType)=1, getValidTxns_(long)=0}
2024-04-24T06:28:55,805  INFO [main] ql.Driver: Completed compiling command(queryId=alex_20240424062855_f80b9d4c-d60b-4e74-a53c-bba6b9f7d42b); Time taken: 0.006 seconds
2024-04-24T06:28:55,805  INFO [main] lockmgr.DbTxnManager: Setting lock request transaction to txnid:4 for queryId=alex_20240424062855_f80b9d4c-d60b-4e74-a53c-bba6b9f7d42b
2024-04-24T06:28:55,805  INFO [main] ql.Driver: Operation DROPTABLE obtained 0 locks
2024-04-24T06:28:55,805  INFO [main] ql.Driver: Executing command(queryId=alex_20240424062855_f80b9d4c-d60b-4e74-a53c-bba6b9f7d42b): drop table if exists nonAcidOrcTbl
2024-04-24T06:28:55,805  INFO [main] ql.Driver: Starting task [Stage-0:DDL] in serial mode
2024-04-24T06:28:55,806  INFO [main] HiveMetaStore.audit: ugi=alex	ip=unknown-ip-addr	cmd=get_table : tbl=hive.default.nonAcidOrcTbl	
2024-04-24T06:28:55,808  INFO [main] metadata.Hive: Dumping metastore api call timing information for : execution phase
2024-04-24T06:28:55,808  INFO [main] metadata.Hive: Total time spent in each metastore function (ms): {isCompatibleWith_(Configuration)=1}
2024-04-24T06:28:55,808  INFO [main] ql.Driver: Completed executing command(queryId=alex_20240424062855_f80b9d4c-d60b-4e74-a53c-bba6b9f7d42b); Time taken: 0.003 seconds
2024-04-24T06:28:55,809  INFO [main] lockmgr.DbTxnManager: Stopped heartbeat for query: alex_20240424062855_f80b9d4c-d60b-4e74-a53c-bba6b9f7d42b
2024-04-24T06:28:55,813  INFO [main] txn.TxnHandler: Expected to move at least one record from txn_components to completed_txn_components when committing txn! txnid:4
2024-04-24T06:28:55,817  INFO [main] txn.TxnHandler: Removed transactions: ([4]) from MIN_HISTORY_LEVEL
2024-04-24T06:28:55,818  WARN [main] txn.CompactionTxnHandler: No compaction queue record found for Compaction type transaction commit. txnId:4
2024-04-24T06:28:55,818  INFO [main] ql.TxnCommandsBaseForTests: Running the query: drop table if exists nonAcidOrcTbl2
2024-04-24T06:28:55,818  INFO [main] ql.Driver: Compiling command(queryId=alex_20240424062855_01e7e473-86c4-4815-a56d-6da9a3014ca4): drop table if exists nonAcidOrcTbl2
2024-04-24T06:28:55,820  INFO [main] txn.TxnHandler: Added entries to MIN_HISTORY_LEVEL for current txns: ([5]) with min_open_txn: 1
2024-04-24T06:28:55,820  INFO [main] lockmgr.DbTxnManager: Opened txnid:5
2024-04-24T06:28:55,821  INFO [main] HiveMetaStore.audit: ugi=alex	ip=unknown-ip-addr	cmd=get_table : tbl=hive.default.nonAcidOrcTbl2	
2024-04-24T06:28:55,823  INFO [main] ql.Driver: Semantic Analysis Completed (retrial = false)
2024-04-24T06:28:55,823  INFO [main] ql.Driver: Created Hive schema: Schema(fieldSchemas:null, properties:null)
2024-04-24T06:28:55,823  INFO [main] metadata.Hive: Dumping metastore api call timing information for : compilation phase
2024-04-24T06:28:55,823  INFO [main] metadata.Hive: Total time spent in each metastore function (ms): {getValidTxns_(long)=1, commitTxn_(CommitTxnRequest)=9, openTxn_(String, TxnType)=1, isCompatibleWith_(Configuration)=0, flushCache_()=0}
2024-04-24T06:28:55,824  INFO [main] ql.Driver: Completed compiling command(queryId=alex_20240424062855_01e7e473-86c4-4815-a56d-6da9a3014ca4); Time taken: 0.005 seconds
2024-04-24T06:28:55,824  INFO [main] lockmgr.DbTxnManager: Setting lock request transaction to txnid:5 for queryId=alex_20240424062855_01e7e473-86c4-4815-a56d-6da9a3014ca4
2024-04-24T06:28:55,824  INFO [main] ql.Driver: Operation DROPTABLE obtained 0 locks
2024-04-24T06:28:55,824  INFO [main] ql.Driver: Executing command(queryId=alex_20240424062855_01e7e473-86c4-4815-a56d-6da9a3014ca4): drop table if exists nonAcidOrcTbl2
2024-04-24T06:28:55,824  INFO [main] ql.Driver: Starting task [Stage-0:DDL] in serial mode
2024-04-24T06:28:55,824  INFO [main] HiveMetaStore.audit: ugi=alex	ip=unknown-ip-addr	cmd=get_table : tbl=hive.default.nonAcidOrcTbl2	
2024-04-24T06:28:55,827  INFO [main] metadata.Hive: Dumping metastore api call timing information for : execution phase
2024-04-24T06:28:55,827  INFO [main] metadata.Hive: Total time spent in each metastore function (ms): {isCompatibleWith_(Configuration)=0}
2024-04-24T06:28:55,827  INFO [main] ql.Driver: Completed executing command(queryId=alex_20240424062855_01e7e473-86c4-4815-a56d-6da9a3014ca4); Time taken: 0.003 seconds
2024-04-24T06:28:55,827  INFO [main] lockmgr.DbTxnManager: Stopped heartbeat for query: alex_20240424062855_01e7e473-86c4-4815-a56d-6da9a3014ca4
2024-04-24T06:28:55,831  INFO [main] txn.TxnHandler: Expected to move at least one record from txn_components to completed_txn_components when committing txn! txnid:5
2024-04-24T06:28:55,836  INFO [main] txn.TxnHandler: Removed transactions: ([5]) from MIN_HISTORY_LEVEL
2024-04-24T06:28:55,836  WARN [main] txn.CompactionTxnHandler: No compaction queue record found for Compaction type transaction commit. txnId:5
2024-04-24T06:28:55,837  INFO [main] ql.TxnCommandsBaseForTests: Running the query: drop table if exists nonAcidNonBucket
2024-04-24T06:28:55,837  INFO [main] ql.Driver: Compiling command(queryId=alex_20240424062855_c5ccee11-a108-4d73-840e-761fda1fe556): drop table if exists nonAcidNonBucket
2024-04-24T06:28:55,839  INFO [main] txn.TxnHandler: Added entries to MIN_HISTORY_LEVEL for current txns: ([6]) with min_open_txn: 1
2024-04-24T06:28:55,839  INFO [main] lockmgr.DbTxnManager: Opened txnid:6
2024-04-24T06:28:55,839  INFO [main] HiveMetaStore.audit: ugi=alex	ip=unknown-ip-addr	cmd=get_table : tbl=hive.default.nonAcidNonBucket	
2024-04-24T06:28:55,842  INFO [main] ql.Driver: Semantic Analysis Completed (retrial = false)
2024-04-24T06:28:55,842  INFO [main] ql.Driver: Created Hive schema: Schema(fieldSchemas:null, properties:null)
2024-04-24T06:28:55,842  INFO [main] metadata.Hive: Dumping metastore api call timing information for : compilation phase
2024-04-24T06:28:55,842  INFO [main] metadata.Hive: Total time spent in each metastore function (ms): {openTxn_(String, TxnType)=2, getValidTxns_(long)=0, commitTxn_(CommitTxnRequest)=9, isCompatibleWith_(Configuration)=0, flushCache_()=0}
2024-04-24T06:28:55,842  INFO [main] ql.Driver: Completed compiling command(queryId=alex_20240424062855_c5ccee11-a108-4d73-840e-761fda1fe556); Time taken: 0.005 seconds
2024-04-24T06:28:55,843  INFO [main] lockmgr.DbTxnManager: Setting lock request transaction to txnid:6 for queryId=alex_20240424062855_c5ccee11-a108-4d73-840e-761fda1fe556
2024-04-24T06:28:55,843  INFO [main] ql.Driver: Operation DROPTABLE obtained 0 locks
2024-04-24T06:28:55,843  INFO [main] ql.Driver: Executing command(queryId=alex_20240424062855_c5ccee11-a108-4d73-840e-761fda1fe556): drop table if exists nonAcidNonBucket
2024-04-24T06:28:55,843  INFO [main] ql.Driver: Starting task [Stage-0:DDL] in serial mode
2024-04-24T06:28:55,843  INFO [main] HiveMetaStore.audit: ugi=alex	ip=unknown-ip-addr	cmd=get_table : tbl=hive.default.nonAcidNonBucket	
2024-04-24T06:28:55,845  INFO [main] metadata.Hive: Dumping metastore api call timing information for : execution phase
2024-04-24T06:28:55,845  INFO [main] metadata.Hive: Total time spent in each metastore function (ms): {isCompatibleWith_(Configuration)=0}
2024-04-24T06:28:55,846  INFO [main] ql.Driver: Completed executing command(queryId=alex_20240424062855_c5ccee11-a108-4d73-840e-761fda1fe556); Time taken: 0.002 seconds
2024-04-24T06:28:55,846  INFO [main] lockmgr.DbTxnManager: Stopped heartbeat for query: alex_20240424062855_c5ccee11-a108-4d73-840e-761fda1fe556
2024-04-24T06:28:55,850  INFO [main] txn.TxnHandler: Expected to move at least one record from txn_components to completed_txn_components when committing txn! txnid:6
2024-04-24T06:28:55,855  INFO [main] txn.TxnHandler: Removed transactions: ([6]) from MIN_HISTORY_LEVEL
2024-04-24T06:28:55,855  WARN [main] txn.CompactionTxnHandler: No compaction queue record found for Compaction type transaction commit. txnId:6
2024-04-24T06:28:55,855  INFO [main] ql.TxnCommandsBaseForTests: Running the query: create table acidTbl(a int, b int) clustered by (a) into 2 buckets stored as orc TBLPROPERTIES ('transactional'='true')
2024-04-24T06:28:55,856  INFO [main] ql.Driver: Compiling command(queryId=alex_20240424062855_5a7506f2-4fbd-4e82-84a6-a1f4aa1a2ee0): create table acidTbl(a int, b int) clustered by (a) into 2 buckets stored as orc TBLPROPERTIES ('transactional'='true')
2024-04-24T06:28:55,858  INFO [main] txn.TxnHandler: Added entries to MIN_HISTORY_LEVEL for current txns: ([7]) with min_open_txn: 1
2024-04-24T06:28:55,858  INFO [main] lockmgr.DbTxnManager: Opened txnid:7
2024-04-24T06:28:55,858  INFO [main] parse.CalcitePlanner: Starting caching scope for: 
2024-04-24T06:28:55,858  INFO [main] parse.CalcitePlanner: Starting Semantic Analysis
2024-04-24T06:28:55,863  INFO [main] parse.CalcitePlanner: Creating table default.acidTbl position=13
2024-04-24T06:28:55,863  INFO [main] HiveMetaStore.audit: ugi=alex	ip=unknown-ip-addr	cmd=get_database: default	
2024-04-24T06:28:55,865  INFO [main] parse.CalcitePlanner: Ending caching scope for: 
2024-04-24T06:28:55,865  INFO [main] ql.Driver: Semantic Analysis Completed (retrial = false)
2024-04-24T06:28:55,865  INFO [main] ql.Driver: Created Hive schema: Schema(fieldSchemas:null, properties:null)
2024-04-24T06:28:55,865  INFO [main] metadata.Hive: Dumping metastore api call timing information for : compilation phase
2024-04-24T06:28:55,865  INFO [main] metadata.Hive: Total time spent in each metastore function (ms): {getValidTxns_(long)=0, isCompatibleWith_(Configuration)=1, flushCache_()=0, getValidWriteIds_(List, String)=4, getDatabase_(String)=2, commitTxn_(CommitTxnRequest)=9, openTxn_(String, TxnType)=2}
2024-04-24T06:28:55,865  INFO [main] ql.Driver: Completed compiling command(queryId=alex_20240424062855_5a7506f2-4fbd-4e82-84a6-a1f4aa1a2ee0); Time taken: 0.009 seconds
2024-04-24T06:28:55,865  INFO [main] lockmgr.DbTxnManager: Setting lock request transaction to txnid:7 for queryId=alex_20240424062855_5a7506f2-4fbd-4e82-84a6-a1f4aa1a2ee0
2024-04-24T06:28:55,866  INFO [main] lockmgr.DbLockManager: Requesting lock for queryId=alex_20240424062855_5a7506f2-4fbd-4e82-84a6-a1f4aa1a2ee0
2024-04-24T06:28:55,881  INFO [main] lockmgr.DbLockManager: Response to queryId=alex_20240424062855_5a7506f2-4fbd-4e82-84a6-a1f4aa1a2ee0 LockResponse(lockid:1, state:ACQUIRED)
2024-04-24T06:28:55,881  INFO [main] ql.Driver: Operation CREATETABLE obtained 1 locks
2024-04-24T06:28:55,882  INFO [main] ql.Driver: Executing command(queryId=alex_20240424062855_5a7506f2-4fbd-4e82-84a6-a1f4aa1a2ee0): create table acidTbl(a int, b int) clustered by (a) into 2 buckets stored as orc TBLPROPERTIES ('transactional'='true')
2024-04-24T06:28:55,882  INFO [main] ql.Driver: Starting task [Stage-0:DDL] in serial mode
2024-04-24T06:28:55,883  INFO [main] HiveMetaStore.audit: ugi=alex	ip=unknown-ip-addr	cmd=create_table_req: Table(tableName:acidTbl, dbName:default, owner:alex, createTime:1713965335, lastAccessTime:0, retention:0, sd:StorageDescriptor(cols:[FieldSchema(name:a, type:int, comment:null), FieldSchema(name:b, type:int, comment:null)], location:null, inputFormat:org.apache.hadoop.hive.ql.io.orc.OrcInputFormat, outputFormat:org.apache.hadoop.hive.ql.io.orc.OrcOutputFormat, compressed:false, numBuckets:2, serdeInfo:SerDeInfo(name:null, serializationLib:org.apache.hadoop.hive.ql.io.orc.OrcSerde, parameters:{serialization.format=1}), bucketCols:[a], sortCols:[], parameters:{}, skewedInfo:SkewedInfo(skewedColNames:[], skewedColValues:[], skewedColValueLocationMaps:{}), storedAsSubDirectories:false), partitionKeys:[], parameters:{numRows=0, COLUMN_STATS_ACCURATE={"BASIC_STATS":"true","COLUMN_STATS":{"a":"true","b":"true"}}, totalSize=0, numFiles=0, numFilesErasureCoded=0, rawDataSize=0, transactional=true, bucketing_version=2}, viewOriginalText:null, viewExpandedText:null, tableType:MANAGED_TABLE, privileges:PrincipalPrivilegeSet(userPrivileges:{alex=[PrivilegeGrantInfo(privilege:INSERT, createTime:-1, grantor:alex, grantorType:USER, grantOption:true), PrivilegeGrantInfo(privilege:SELECT, createTime:-1, grantor:alex, grantorType:USER, grantOption:true), PrivilegeGrantInfo(privilege:UPDATE, createTime:-1, grantor:alex, grantorType:USER, grantOption:true), PrivilegeGrantInfo(privilege:DELETE, createTime:-1, grantor:alex, grantorType:USER, grantOption:true)]}, groupPrivileges:null, rolePrivileges:null), temporary:false, catName:hive, ownerType:USER, writeId:0)	
2024-04-24T06:28:55,888  INFO [main] utils.FileUtils: Creating directory if it doesn't exist: file:/home/alex/Repositories/hive/ql/target/tmp/org.apache.hadoop.hive.ql.TestTxnCommands-1713965238357/warehouse/acidtbl
2024-04-24T06:28:55,928  INFO [main] metadata.Hive: Dumping metastore api call timing information for : execution phase
2024-04-24T06:28:55,928  INFO [main] metadata.Hive: Total time spent in each metastore function (ms): {createTable_(Table)=46, isCompatibleWith_(Configuration)=0}
2024-04-24T06:28:55,928  INFO [main] ql.Driver: Completed executing command(queryId=alex_20240424062855_5a7506f2-4fbd-4e82-84a6-a1f4aa1a2ee0); Time taken: 0.046 seconds
2024-04-24T06:28:55,928  INFO [main] lockmgr.DbTxnManager: Stopped heartbeat for query: alex_20240424062855_5a7506f2-4fbd-4e82-84a6-a1f4aa1a2ee0
2024-04-24T06:28:55,932  INFO [main] txn.TxnHandler: Expected to move at least one record from txn_components to completed_txn_components when committing txn! txnid:7
2024-04-24T06:28:55,936  INFO [main] txn.TxnHandler: Removed transactions: ([7]) from MIN_HISTORY_LEVEL
2024-04-24T06:28:55,938  WARN [main] txn.CompactionTxnHandler: No compaction queue record found for Compaction type transaction commit. txnId:7
2024-04-24T06:28:55,938  INFO [main] ql.TxnCommandsBaseForTests: Running the query: create table acidTblPart(a int, b int) partitioned by (p string) clustered by (a) into 2 buckets stored as orc TBLPROPERTIES ('transactional'='true')
2024-04-24T06:28:55,938  INFO [main] ql.Driver: Compiling command(queryId=alex_20240424062855_4b0206d4-4a97-4214-b784-3216a935cd46): create table acidTblPart(a int, b int) partitioned by (p string) clustered by (a) into 2 buckets stored as orc TBLPROPERTIES ('transactional'='true')
2024-04-24T06:28:55,941  INFO [main] txn.TxnHandler: Added entries to MIN_HISTORY_LEVEL for current txns: ([8]) with min_open_txn: 1
2024-04-24T06:28:55,941  INFO [main] lockmgr.DbTxnManager: Opened txnid:8
2024-04-24T06:28:55,942  INFO [main] parse.CalcitePlanner: Starting caching scope for: 
2024-04-24T06:28:55,942  INFO [main] parse.CalcitePlanner: Starting Semantic Analysis
2024-04-24T06:28:55,944  INFO [main] parse.CalcitePlanner: Creating table default.acidTblPart position=13
2024-04-24T06:28:55,944  INFO [main] HiveMetaStore.audit: ugi=alex	ip=unknown-ip-addr	cmd=get_database: default	
2024-04-24T06:28:55,946  INFO [main] parse.CalcitePlanner: Ending caching scope for: 
2024-04-24T06:28:55,946  INFO [main] ql.Driver: Semantic Analysis Completed (retrial = false)
2024-04-24T06:28:55,946  INFO [main] ql.Driver: Created Hive schema: Schema(fieldSchemas:null, properties:null)
2024-04-24T06:28:55,946  INFO [main] metadata.Hive: Dumping metastore api call timing information for : compilation phase
2024-04-24T06:28:55,946  INFO [main] metadata.Hive: Total time spent in each metastore function (ms): {getValidWriteIds_(List, String)=2, getValidTxns_(long)=1, getDatabase_(String)=2, commitTxn_(CommitTxnRequest)=10, flushCache_()=0, openTxn_(String, TxnType)=2, isCompatibleWith_(Configuration)=0}
2024-04-24T06:28:55,946  INFO [main] ql.Driver: Completed compiling command(queryId=alex_20240424062855_4b0206d4-4a97-4214-b784-3216a935cd46); Time taken: 0.008 seconds
2024-04-24T06:28:55,947  INFO [main] lockmgr.DbTxnManager: Setting lock request transaction to txnid:8 for queryId=alex_20240424062855_4b0206d4-4a97-4214-b784-3216a935cd46
2024-04-24T06:28:55,947  INFO [main] lockmgr.DbLockManager: Requesting lock for queryId=alex_20240424062855_4b0206d4-4a97-4214-b784-3216a935cd46
2024-04-24T06:28:55,960  INFO [main] lockmgr.DbLockManager: Response to queryId=alex_20240424062855_4b0206d4-4a97-4214-b784-3216a935cd46 LockResponse(lockid:2, state:ACQUIRED)
2024-04-24T06:28:55,960  INFO [main] ql.Driver: Operation CREATETABLE obtained 1 locks
2024-04-24T06:28:55,960  INFO [main] ql.Driver: Executing command(queryId=alex_20240424062855_4b0206d4-4a97-4214-b784-3216a935cd46): create table acidTblPart(a int, b int) partitioned by (p string) clustered by (a) into 2 buckets stored as orc TBLPROPERTIES ('transactional'='true')
2024-04-24T06:28:55,961  INFO [main] ql.Driver: Starting task [Stage-0:DDL] in serial mode
2024-04-24T06:28:55,961  INFO [main] HiveMetaStore.audit: ugi=alex	ip=unknown-ip-addr	cmd=create_table_req: Table(tableName:acidTblPart, dbName:default, owner:alex, createTime:1713965335, lastAccessTime:0, retention:0, sd:StorageDescriptor(cols:[FieldSchema(name:a, type:int, comment:null), FieldSchema(name:b, type:int, comment:null)], location:null, inputFormat:org.apache.hadoop.hive.ql.io.orc.OrcInputFormat, outputFormat:org.apache.hadoop.hive.ql.io.orc.OrcOutputFormat, compressed:false, numBuckets:2, serdeInfo:SerDeInfo(name:null, serializationLib:org.apache.hadoop.hive.ql.io.orc.OrcSerde, parameters:{serialization.format=1}), bucketCols:[a], sortCols:[], parameters:{}, skewedInfo:SkewedInfo(skewedColNames:[], skewedColValues:[], skewedColValueLocationMaps:{}), storedAsSubDirectories:false), partitionKeys:[FieldSchema(name:p, type:string, comment:null)], parameters:{bucketing_version=2, transactional=true}, viewOriginalText:null, viewExpandedText:null, tableType:MANAGED_TABLE, privileges:PrincipalPrivilegeSet(userPrivileges:{alex=[PrivilegeGrantInfo(privilege:INSERT, createTime:-1, grantor:alex, grantorType:USER, grantOption:true), PrivilegeGrantInfo(privilege:SELECT, createTime:-1, grantor:alex, grantorType:USER, grantOption:true), PrivilegeGrantInfo(privilege:UPDATE, createTime:-1, grantor:alex, grantorType:USER, grantOption:true), PrivilegeGrantInfo(privilege:DELETE, createTime:-1, grantor:alex, grantorType:USER, grantOption:true)]}, groupPrivileges:null, rolePrivileges:null), temporary:false, catName:hive, ownerType:USER, writeId:0)	
2024-04-24T06:28:55,966  INFO [main] utils.FileUtils: Creating directory if it doesn't exist: file:/home/alex/Repositories/hive/ql/target/tmp/org.apache.hadoop.hive.ql.TestTxnCommands-1713965238357/warehouse/acidtblpart
2024-04-24T06:28:55,979  INFO [main] metadata.Hive: Dumping metastore api call timing information for : execution phase
2024-04-24T06:28:55,979  INFO [main] metadata.Hive: Total time spent in each metastore function (ms): {createTable_(Table)=18, isCompatibleWith_(Configuration)=0}
2024-04-24T06:28:55,979  INFO [main] ql.Driver: Completed executing command(queryId=alex_20240424062855_4b0206d4-4a97-4214-b784-3216a935cd46); Time taken: 0.019 seconds
2024-04-24T06:28:55,980  INFO [main] lockmgr.DbTxnManager: Stopped heartbeat for query: alex_20240424062855_4b0206d4-4a97-4214-b784-3216a935cd46
2024-04-24T06:28:55,984  INFO [main] txn.TxnHandler: Expected to move at least one record from txn_components to completed_txn_components when committing txn! txnid:8
2024-04-24T06:28:55,989  INFO [main] txn.TxnHandler: Removed transactions: ([8]) from MIN_HISTORY_LEVEL
2024-04-24T06:28:55,989  WARN [main] txn.CompactionTxnHandler: No compaction queue record found for Compaction type transaction commit. txnId:8
2024-04-24T06:28:55,990  INFO [main] ql.TxnCommandsBaseForTests: Running the query: create table nonAcidOrcTbl(a int, b int) clustered by (a) into 2 buckets stored as orc TBLPROPERTIES ('transactional'='false')
2024-04-24T06:28:55,990  INFO [main] ql.Driver: Compiling command(queryId=alex_20240424062855_37825a23-db00-442c-901a-034b7b588c9a): create table nonAcidOrcTbl(a int, b int) clustered by (a) into 2 buckets stored as orc TBLPROPERTIES ('transactional'='false')
2024-04-24T06:28:55,992  INFO [main] txn.TxnHandler: Added entries to MIN_HISTORY_LEVEL for current txns: ([9]) with min_open_txn: 1
2024-04-24T06:28:55,992  INFO [main] lockmgr.DbTxnManager: Opened txnid:9
2024-04-24T06:28:55,993  INFO [main] parse.CalcitePlanner: Starting caching scope for: 
2024-04-24T06:28:55,993  INFO [main] parse.CalcitePlanner: Starting Semantic Analysis
2024-04-24T06:28:55,995  INFO [main] parse.CalcitePlanner: Creating table default.nonAcidOrcTbl position=13
2024-04-24T06:28:55,995  INFO [main] HiveMetaStore.audit: ugi=alex	ip=unknown-ip-addr	cmd=get_database: default	
2024-04-24T06:28:55,997  INFO [main] parse.CalcitePlanner: Ending caching scope for: 
2024-04-24T06:28:55,997  INFO [main] ql.Driver: Semantic Analysis Completed (retrial = false)
2024-04-24T06:28:55,997  INFO [main] ql.Driver: Created Hive schema: Schema(fieldSchemas:null, properties:null)
2024-04-24T06:28:55,997  INFO [main] metadata.Hive: Dumping metastore api call timing information for : compilation phase
2024-04-24T06:28:55,997  INFO [main] metadata.Hive: Total time spent in each metastore function (ms): {flushCache_()=0, getDatabase_(String)=2, commitTxn_(CommitTxnRequest)=10, isCompatibleWith_(Configuration)=0, getValidTxns_(long)=0, openTxn_(String, TxnType)=1, getValidWriteIds_(List, String)=2}
2024-04-24T06:28:55,997  INFO [main] ql.Driver: Completed compiling command(queryId=alex_20240424062855_37825a23-db00-442c-901a-034b7b588c9a); Time taken: 0.007 seconds
2024-04-24T06:28:55,997  INFO [main] lockmgr.DbTxnManager: Setting lock request transaction to txnid:9 for queryId=alex_20240424062855_37825a23-db00-442c-901a-034b7b588c9a
2024-04-24T06:28:55,997  INFO [main] lockmgr.DbLockManager: Requesting lock for queryId=alex_20240424062855_37825a23-db00-442c-901a-034b7b588c9a
2024-04-24T06:28:56,010  INFO [main] lockmgr.DbLockManager: Response to queryId=alex_20240424062855_37825a23-db00-442c-901a-034b7b588c9a LockResponse(lockid:3, state:ACQUIRED)
2024-04-24T06:28:56,010  INFO [main] ql.Driver: Operation CREATETABLE obtained 1 locks
2024-04-24T06:28:56,010  INFO [main] ql.Driver: Executing command(queryId=alex_20240424062855_37825a23-db00-442c-901a-034b7b588c9a): create table nonAcidOrcTbl(a int, b int) clustered by (a) into 2 buckets stored as orc TBLPROPERTIES ('transactional'='false')
2024-04-24T06:28:56,010  INFO [main] ql.Driver: Starting task [Stage-0:DDL] in serial mode
2024-04-24T06:28:56,011  INFO [main] HiveMetaStore.audit: ugi=alex	ip=unknown-ip-addr	cmd=create_table_req: Table(tableName:nonAcidOrcTbl, dbName:default, owner:alex, createTime:1713965336, lastAccessTime:0, retention:0, sd:StorageDescriptor(cols:[FieldSchema(name:a, type:int, comment:null), FieldSchema(name:b, type:int, comment:null)], location:null, inputFormat:org.apache.hadoop.hive.ql.io.orc.OrcInputFormat, outputFormat:org.apache.hadoop.hive.ql.io.orc.OrcOutputFormat, compressed:false, numBuckets:2, serdeInfo:SerDeInfo(name:null, serializationLib:org.apache.hadoop.hive.ql.io.orc.OrcSerde, parameters:{serialization.format=1}), bucketCols:[a], sortCols:[], parameters:{}, skewedInfo:SkewedInfo(skewedColNames:[], skewedColValues:[], skewedColValueLocationMaps:{}), storedAsSubDirectories:false), partitionKeys:[], parameters:{transactional=false, rawDataSize=0, COLUMN_STATS_ACCURATE={"BASIC_STATS":"true","COLUMN_STATS":{"a":"true","b":"true"}}, numFiles=0, totalSize=0, numRows=0, bucketing_version=2, numFilesErasureCoded=0}, viewOriginalText:null, viewExpandedText:null, tableType:MANAGED_TABLE, privileges:PrincipalPrivilegeSet(userPrivileges:{alex=[PrivilegeGrantInfo(privilege:INSERT, createTime:-1, grantor:alex, grantorType:USER, grantOption:true), PrivilegeGrantInfo(privilege:SELECT, createTime:-1, grantor:alex, grantorType:USER, grantOption:true), PrivilegeGrantInfo(privilege:UPDATE, createTime:-1, grantor:alex, grantorType:USER, grantOption:true), PrivilegeGrantInfo(privilege:DELETE, createTime:-1, grantor:alex, grantorType:USER, grantOption:true)]}, groupPrivileges:null, rolePrivileges:null), temporary:false, catName:hive, ownerType:USER)	
2024-04-24T06:28:56,020  INFO [main] utils.FileUtils: Creating directory if it doesn't exist: file:/home/alex/Repositories/hive/ql/target/tmp/org.apache.hadoop.hive.ql.TestTxnCommands-1713965238357/warehouse/nonacidorctbl
2024-04-24T06:28:56,037  INFO [main] metadata.Hive: Dumping metastore api call timing information for : execution phase
2024-04-24T06:28:56,037  INFO [main] metadata.Hive: Total time spent in each metastore function (ms): {createTable_(Table)=26, isCompatibleWith_(Configuration)=0}
2024-04-24T06:28:56,037  INFO [main] ql.Driver: Completed executing command(queryId=alex_20240424062855_37825a23-db00-442c-901a-034b7b588c9a); Time taken: 0.027 seconds
2024-04-24T06:28:56,037  INFO [main] lockmgr.DbTxnManager: Stopped heartbeat for query: alex_20240424062855_37825a23-db00-442c-901a-034b7b588c9a
2024-04-24T06:28:56,041  INFO [main] txn.TxnHandler: Expected to move at least one record from txn_components to completed_txn_components when committing txn! txnid:9
2024-04-24T06:28:56,045  INFO [main] txn.TxnHandler: Removed transactions: ([9]) from MIN_HISTORY_LEVEL
2024-04-24T06:28:56,046  WARN [main] txn.CompactionTxnHandler: No compaction queue record found for Compaction type transaction commit. txnId:9
2024-04-24T06:28:56,058  INFO [main] ql.TxnCommandsBaseForTests: Running the query: create table nonAcidOrcTbl2(a int, b int) clustered by (a) into 2 buckets stored as orc TBLPROPERTIES ('transactional'='false')
2024-04-24T06:28:56,059  INFO [main] ql.Driver: Compiling command(queryId=alex_20240424062856_04764567-39ad-47a7-a258-39f6a99663ba): create table nonAcidOrcTbl2(a int, b int) clustered by (a) into 2 buckets stored as orc TBLPROPERTIES ('transactional'='false')
2024-04-24T06:28:56,061  INFO [main] txn.TxnHandler: Added entries to MIN_HISTORY_LEVEL for current txns: ([10]) with min_open_txn: 1
2024-04-24T06:28:56,061  INFO [main] lockmgr.DbTxnManager: Opened txnid:10
2024-04-24T06:28:56,062  INFO [main] parse.CalcitePlanner: Starting caching scope for: 
2024-04-24T06:28:56,062  INFO [main] parse.CalcitePlanner: Starting Semantic Analysis
2024-04-24T06:28:56,064  INFO [main] parse.CalcitePlanner: Creating table default.nonAcidOrcTbl2 position=13
2024-04-24T06:28:56,064  INFO [main] HiveMetaStore.audit: ugi=alex	ip=unknown-ip-addr	cmd=get_database: default	
2024-04-24T06:28:56,065  INFO [main] parse.CalcitePlanner: Ending caching scope for: 
2024-04-24T06:28:56,065  INFO [main] ql.Driver: Semantic Analysis Completed (retrial = false)
2024-04-24T06:28:56,065  INFO [main] ql.Driver: Created Hive schema: Schema(fieldSchemas:null, properties:null)
2024-04-24T06:28:56,066  INFO [main] metadata.Hive: Dumping metastore api call timing information for : compilation phase
2024-04-24T06:28:56,066  INFO [main] metadata.Hive: Total time spent in each metastore function (ms): {flushCache_()=0, getValidTxns_(long)=1, isCompatibleWith_(Configuration)=2, commitTxn_(CommitTxnRequest)=20, openTxn_(String, TxnType)=1, getDatabase_(String)=1, getValidWriteIds_(List, String)=2}
2024-04-24T06:28:56,066  INFO [main] ql.Driver: Completed compiling command(queryId=alex_20240424062856_04764567-39ad-47a7-a258-39f6a99663ba); Time taken: 0.007 seconds
2024-04-24T06:28:56,066  INFO [main] lockmgr.DbTxnManager: Setting lock request transaction to txnid:10 for queryId=alex_20240424062856_04764567-39ad-47a7-a258-39f6a99663ba
2024-04-24T06:28:56,066  INFO [main] lockmgr.DbLockManager: Requesting lock for queryId=alex_20240424062856_04764567-39ad-47a7-a258-39f6a99663ba
2024-04-24T06:28:56,079  INFO [main] lockmgr.DbLockManager: Response to queryId=alex_20240424062856_04764567-39ad-47a7-a258-39f6a99663ba LockResponse(lockid:4, state:ACQUIRED)
2024-04-24T06:28:56,079  INFO [main] ql.Driver: Operation CREATETABLE obtained 1 locks
2024-04-24T06:28:56,079  INFO [main] ql.Driver: Executing command(queryId=alex_20240424062856_04764567-39ad-47a7-a258-39f6a99663ba): create table nonAcidOrcTbl2(a int, b int) clustered by (a) into 2 buckets stored as orc TBLPROPERTIES ('transactional'='false')
2024-04-24T06:28:56,079  INFO [main] ql.Driver: Starting task [Stage-0:DDL] in serial mode
2024-04-24T06:28:56,080  INFO [main] HiveMetaStore.audit: ugi=alex	ip=unknown-ip-addr	cmd=create_table_req: Table(tableName:nonAcidOrcTbl2, dbName:default, owner:alex, createTime:1713965336, lastAccessTime:0, retention:0, sd:StorageDescriptor(cols:[FieldSchema(name:a, type:int, comment:null), FieldSchema(name:b, type:int, comment:null)], location:null, inputFormat:org.apache.hadoop.hive.ql.io.orc.OrcInputFormat, outputFormat:org.apache.hadoop.hive.ql.io.orc.OrcOutputFormat, compressed:false, numBuckets:2, serdeInfo:SerDeInfo(name:null, serializationLib:org.apache.hadoop.hive.ql.io.orc.OrcSerde, parameters:{serialization.format=1}), bucketCols:[a], sortCols:[], parameters:{}, skewedInfo:SkewedInfo(skewedColNames:[], skewedColValues:[], skewedColValueLocationMaps:{}), storedAsSubDirectories:false), partitionKeys:[], parameters:{numFiles=0, rawDataSize=0, numRows=0, bucketing_version=2, totalSize=0, numFilesErasureCoded=0, COLUMN_STATS_ACCURATE={"BASIC_STATS":"true","COLUMN_STATS":{"a":"true","b":"true"}}, transactional=false}, viewOriginalText:null, viewExpandedText:null, tableType:MANAGED_TABLE, privileges:PrincipalPrivilegeSet(userPrivileges:{alex=[PrivilegeGrantInfo(privilege:INSERT, createTime:-1, grantor:alex, grantorType:USER, grantOption:true), PrivilegeGrantInfo(privilege:SELECT, createTime:-1, grantor:alex, grantorType:USER, grantOption:true), PrivilegeGrantInfo(privilege:UPDATE, createTime:-1, grantor:alex, grantorType:USER, grantOption:true), PrivilegeGrantInfo(privilege:DELETE, createTime:-1, grantor:alex, grantorType:USER, grantOption:true)]}, groupPrivileges:null, rolePrivileges:null), temporary:false, catName:hive, ownerType:USER)	
2024-04-24T06:28:56,085  INFO [main] utils.FileUtils: Creating directory if it doesn't exist: file:/home/alex/Repositories/hive/ql/target/tmp/org.apache.hadoop.hive.ql.TestTxnCommands-1713965238357/warehouse/nonacidorctbl2
2024-04-24T06:28:56,097  INFO [main] metadata.Hive: Dumping metastore api call timing information for : execution phase
2024-04-24T06:28:56,097  INFO [main] metadata.Hive: Total time spent in each metastore function (ms): {isCompatibleWith_(Configuration)=0, createTable_(Table)=17}
2024-04-24T06:28:56,098  INFO [main] ql.Driver: Completed executing command(queryId=alex_20240424062856_04764567-39ad-47a7-a258-39f6a99663ba); Time taken: 0.018 seconds
2024-04-24T06:28:56,098  INFO [main] lockmgr.DbTxnManager: Stopped heartbeat for query: alex_20240424062856_04764567-39ad-47a7-a258-39f6a99663ba
2024-04-24T06:28:56,101  INFO [main] txn.TxnHandler: Expected to move at least one record from txn_components to completed_txn_components when committing txn! txnid:10
2024-04-24T06:28:56,106  INFO [main] txn.TxnHandler: Removed transactions: ([10]) from MIN_HISTORY_LEVEL
2024-04-24T06:28:56,106  WARN [main] txn.CompactionTxnHandler: No compaction queue record found for Compaction type transaction commit. txnId:10
2024-04-24T06:28:56,106  INFO [main] ql.TxnCommandsBaseForTests: Running the query: create temporary  table acidTbl2(a int, b int, c int) clustered by (c) into 2 buckets stored as orc TBLPROPERTIES ('transactional'='true')
2024-04-24T06:28:56,107  INFO [main] ql.Driver: Compiling command(queryId=alex_20240424062856_a13e5ece-fd0c-4e8d-8935-0400607ed7ad): create temporary  table acidTbl2(a int, b int, c int) clustered by (c) into 2 buckets stored as orc TBLPROPERTIES ('transactional'='true')
2024-04-24T06:28:56,109  INFO [main] txn.TxnHandler: Added entries to MIN_HISTORY_LEVEL for current txns: ([11]) with min_open_txn: 1
2024-04-24T06:28:56,109  INFO [main] lockmgr.DbTxnManager: Opened txnid:11
2024-04-24T06:28:56,109  INFO [main] parse.CalcitePlanner: Starting caching scope for: 
2024-04-24T06:28:56,109  INFO [main] parse.CalcitePlanner: Starting Semantic Analysis
2024-04-24T06:28:56,111  INFO [main] parse.CalcitePlanner: Creating table default.acidTbl2 position=24
2024-04-24T06:28:56,112  INFO [main] HiveMetaStore.audit: ugi=alex	ip=unknown-ip-addr	cmd=get_database: default	
2024-04-24T06:28:56,113  INFO [main] parse.CalcitePlanner: Ending caching scope for: 
2024-04-24T06:28:56,113  INFO [main] ql.Driver: Semantic Analysis Completed (retrial = false)
2024-04-24T06:28:56,113  INFO [main] ql.Driver: Created Hive schema: Schema(fieldSchemas:null, properties:null)
2024-04-24T06:28:56,113  INFO [main] metadata.Hive: Dumping metastore api call timing information for : compilation phase
2024-04-24T06:28:56,113  INFO [main] metadata.Hive: Total time spent in each metastore function (ms): {getValidTxns_(long)=0, getValidWriteIds_(List, String)=2, commitTxn_(CommitTxnRequest)=8, openTxn_(String, TxnType)=2, flushCache_()=0, getDatabase_(String)=1, isCompatibleWith_(Configuration)=0}
2024-04-24T06:28:56,114  INFO [main] ql.Driver: Completed compiling command(queryId=alex_20240424062856_a13e5ece-fd0c-4e8d-8935-0400607ed7ad); Time taken: 0.006 seconds
2024-04-24T06:28:56,114  INFO [main] lockmgr.DbTxnManager: Setting lock request transaction to txnid:11 for queryId=alex_20240424062856_a13e5ece-fd0c-4e8d-8935-0400607ed7ad
2024-04-24T06:28:56,114  INFO [main] lockmgr.DbLockManager: Requesting lock for queryId=alex_20240424062856_a13e5ece-fd0c-4e8d-8935-0400607ed7ad
2024-04-24T06:28:56,126  INFO [main] lockmgr.DbLockManager: Response to queryId=alex_20240424062856_a13e5ece-fd0c-4e8d-8935-0400607ed7ad LockResponse(lockid:5, state:ACQUIRED)
2024-04-24T06:28:56,126  INFO [main] ql.Driver: Operation CREATETABLE obtained 1 locks
2024-04-24T06:28:56,127  INFO [main] ql.Driver: Executing command(queryId=alex_20240424062856_a13e5ece-fd0c-4e8d-8935-0400607ed7ad): create temporary  table acidTbl2(a int, b int, c int) clustered by (c) into 2 buckets stored as orc TBLPROPERTIES ('transactional'='true')
2024-04-24T06:28:56,127  INFO [main] ql.Driver: Starting task [Stage-0:DDL] in serial mode
2024-04-24T06:28:56,128  INFO [main] utils.FileUtils: Creating directory if it doesn't exist: file:/home/alex/Repositories/hive/ql/target/tmp/scratchdir/alex/88028b0a-5eb6-4c5d-8132-3c65d5b4bd97/_tmp_space.db/57c4b355-39e2-4c5d-910d-e297bad15fe3
2024-04-24T06:28:56,131  INFO [main] metadata.Hive: Dumping metastore api call timing information for : execution phase
2024-04-24T06:28:56,131  INFO [main] metadata.Hive: Total time spent in each metastore function (ms): {isCompatibleWith_(Configuration)=0, createTable_(Table)=3}
2024-04-24T06:28:56,131  INFO [main] ql.Driver: Completed executing command(queryId=alex_20240424062856_a13e5ece-fd0c-4e8d-8935-0400607ed7ad); Time taken: 0.004 seconds
2024-04-24T06:28:56,131  INFO [main] lockmgr.DbTxnManager: Stopped heartbeat for query: alex_20240424062856_a13e5ece-fd0c-4e8d-8935-0400607ed7ad
2024-04-24T06:28:56,135  INFO [main] txn.TxnHandler: Expected to move at least one record from txn_components to completed_txn_components when committing txn! txnid:11
2024-04-24T06:28:56,140  INFO [main] txn.TxnHandler: Removed transactions: ([11]) from MIN_HISTORY_LEVEL
2024-04-24T06:28:56,140  WARN [main] txn.CompactionTxnHandler: No compaction queue record found for Compaction type transaction commit. txnId:11
2024-04-24T06:28:56,140  INFO [main] ql.TxnCommandsBaseForTests: Running the query: create table nonAcidNonBucket(a int, b int) stored as orc TBLPROPERTIES ('transactional'='false')
2024-04-24T06:28:56,141  INFO [main] ql.Driver: Compiling command(queryId=alex_20240424062856_1f463c8f-0727-4681-b646-5c4fba816c09): create table nonAcidNonBucket(a int, b int) stored as orc TBLPROPERTIES ('transactional'='false')
2024-04-24T06:28:56,143  INFO [main] txn.TxnHandler: Added entries to MIN_HISTORY_LEVEL for current txns: ([12]) with min_open_txn: 1
2024-04-24T06:28:56,143  INFO [main] lockmgr.DbTxnManager: Opened txnid:12
2024-04-24T06:28:56,144  INFO [main] parse.CalcitePlanner: Starting caching scope for: 
2024-04-24T06:28:56,144  INFO [main] parse.CalcitePlanner: Starting Semantic Analysis
2024-04-24T06:28:56,146  INFO [main] parse.CalcitePlanner: Creating table default.nonAcidNonBucket position=13
2024-04-24T06:28:56,147  INFO [main] HiveMetaStore.audit: ugi=alex	ip=unknown-ip-addr	cmd=get_database: default	
2024-04-24T06:28:56,148  INFO [main] parse.CalcitePlanner: Ending caching scope for: 
2024-04-24T06:28:56,148  INFO [main] ql.Driver: Semantic Analysis Completed (retrial = false)
2024-04-24T06:28:56,148  INFO [main] ql.Driver: Created Hive schema: Schema(fieldSchemas:null, properties:null)
2024-04-24T06:28:56,148  INFO [main] metadata.Hive: Dumping metastore api call timing information for : compilation phase
2024-04-24T06:28:56,149  INFO [main] metadata.Hive: Total time spent in each metastore function (ms): {commitTxn_(CommitTxnRequest)=9, openTxn_(String, TxnType)=2, isCompatibleWith_(Configuration)=0, getValidTxns_(long)=1, getValidWriteIds_(List, String)=2, flushCache_()=0, getDatabase_(String)=1}
2024-04-24T06:28:56,149  INFO [main] ql.Driver: Completed compiling command(queryId=alex_20240424062856_1f463c8f-0727-4681-b646-5c4fba816c09); Time taken: 0.007 seconds
2024-04-24T06:28:56,149  INFO [main] lockmgr.DbTxnManager: Setting lock request transaction to txnid:12 for queryId=alex_20240424062856_1f463c8f-0727-4681-b646-5c4fba816c09
2024-04-24T06:28:56,149  INFO [main] lockmgr.DbLockManager: Requesting lock for queryId=alex_20240424062856_1f463c8f-0727-4681-b646-5c4fba816c09
2024-04-24T06:28:56,162  INFO [main] lockmgr.DbLockManager: Response to queryId=alex_20240424062856_1f463c8f-0727-4681-b646-5c4fba816c09 LockResponse(lockid:6, state:ACQUIRED)
2024-04-24T06:28:56,162  INFO [main] ql.Driver: Operation CREATETABLE obtained 1 locks
2024-04-24T06:28:56,162  INFO [main] ql.Driver: Executing command(queryId=alex_20240424062856_1f463c8f-0727-4681-b646-5c4fba816c09): create table nonAcidNonBucket(a int, b int) stored as orc TBLPROPERTIES ('transactional'='false')
2024-04-24T06:28:56,162  INFO [main] ql.Driver: Starting task [Stage-0:DDL] in serial mode
2024-04-24T06:28:56,163  INFO [main] HiveMetaStore.audit: ugi=alex	ip=unknown-ip-addr	cmd=create_table_req: Table(tableName:nonAcidNonBucket, dbName:default, owner:alex, createTime:1713965336, lastAccessTime:0, retention:0, sd:StorageDescriptor(cols:[FieldSchema(name:a, type:int, comment:null), FieldSchema(name:b, type:int, comment:null)], location:null, inputFormat:org.apache.hadoop.hive.ql.io.orc.OrcInputFormat, outputFormat:org.apache.hadoop.hive.ql.io.orc.OrcOutputFormat, compressed:false, numBuckets:-1, serdeInfo:SerDeInfo(name:null, serializationLib:org.apache.hadoop.hive.ql.io.orc.OrcSerde, parameters:{serialization.format=1}), bucketCols:[], sortCols:[], parameters:{}, skewedInfo:SkewedInfo(skewedColNames:[], skewedColValues:[], skewedColValueLocationMaps:{}), storedAsSubDirectories:false), partitionKeys:[], parameters:{numRows=0, rawDataSize=0, bucketing_version=2, numFilesErasureCoded=0, COLUMN_STATS_ACCURATE={"BASIC_STATS":"true","COLUMN_STATS":{"a":"true","b":"true"}}, numFiles=0, transactional=false, totalSize=0}, viewOriginalText:null, viewExpandedText:null, tableType:MANAGED_TABLE, privileges:PrincipalPrivilegeSet(userPrivileges:{alex=[PrivilegeGrantInfo(privilege:INSERT, createTime:-1, grantor:alex, grantorType:USER, grantOption:true), PrivilegeGrantInfo(privilege:SELECT, createTime:-1, grantor:alex, grantorType:USER, grantOption:true), PrivilegeGrantInfo(privilege:UPDATE, createTime:-1, grantor:alex, grantorType:USER, grantOption:true), PrivilegeGrantInfo(privilege:DELETE, createTime:-1, grantor:alex, grantorType:USER, grantOption:true)]}, groupPrivileges:null, rolePrivileges:null), temporary:false, catName:hive, ownerType:USER)	
2024-04-24T06:28:56,168  INFO [main] utils.FileUtils: Creating directory if it doesn't exist: file:/home/alex/Repositories/hive/ql/target/tmp/org.apache.hadoop.hive.ql.TestTxnCommands-1713965238357/warehouse/nonacidnonbucket
2024-04-24T06:28:56,181  INFO [main] metadata.Hive: Dumping metastore api call timing information for : execution phase
2024-04-24T06:28:56,181  INFO [main] metadata.Hive: Total time spent in each metastore function (ms): {isCompatibleWith_(Configuration)=1, createTable_(Table)=18}
2024-04-24T06:28:56,181  INFO [main] ql.Driver: Completed executing command(queryId=alex_20240424062856_1f463c8f-0727-4681-b646-5c4fba816c09); Time taken: 0.019 seconds
2024-04-24T06:28:56,181  INFO [main] lockmgr.DbTxnManager: Stopped heartbeat for query: alex_20240424062856_1f463c8f-0727-4681-b646-5c4fba816c09
2024-04-24T06:28:56,185  INFO [main] txn.TxnHandler: Expected to move at least one record from txn_components to completed_txn_components when committing txn! txnid:12
2024-04-24T06:28:56,189  INFO [main] txn.TxnHandler: Removed transactions: ([12]) from MIN_HISTORY_LEVEL
2024-04-24T06:28:56,189  WARN [main] txn.CompactionTxnHandler: No compaction queue record found for Compaction type transaction commit. txnId:12
2024-04-24T06:28:56,190  INFO [main] HiveMetaStore.audit: ugi=alex	ip=unknown-ip-addr	cmd=Cleaning up thread local RawStore...	
2024-04-24T06:28:56,190  INFO [main] metastore.ObjectStore: RawStore: org.apache.hadoop.hive.metastore.ObjectStore@54ea371b, with PersistenceManager: org.datanucleus.api.jdo.JDOPersistenceManager@78a37ce6 will be shutdown
2024-04-24T06:28:56,190  INFO [main] HiveMetaStore.audit: ugi=alex	ip=unknown-ip-addr	cmd=Done cleaning up thread local RawStore	
2024-04-24T06:28:56,190  INFO [main] metastore.HiveMetaStoreClient: Closed a connection to metastore, current connections: -8
2024-04-24T06:28:56,190  INFO [main] ql.TxnCommandsBaseForTests: Running the query: drop table if exists T
2024-04-24T06:28:56,191  INFO [main] ql.Driver: Compiling command(queryId=alex_20240424062856_9bbae5d6-50e0-480d-890a-9c39c9add8f3): drop table if exists T
2024-04-24T06:28:56,192  INFO [main] metastore.HiveMetaStoreClient: HMS client filtering is enabled.
2024-04-24T06:28:56,192  INFO [main] metastore.HMSHandler: 0: Opening raw store with implementation class:org.apache.hadoop.hive.metastore.ObjectStore
2024-04-24T06:28:56,192  INFO [main] metastore.PersistenceManagerProvider: Configuration datanucleus.autoStartMechanismMode is not set. Defaulting to 'ignored'
2024-04-24T06:28:56,193  INFO [main] metastore.ObjectStore: RawStore: org.apache.hadoop.hive.metastore.ObjectStore@709548e0, with PersistenceManager: null will be shutdown
2024-04-24T06:28:56,193  INFO [main] metastore.ObjectStore: RawStore: org.apache.hadoop.hive.metastore.ObjectStore@709548e0, with PersistenceManager: org.datanucleus.api.jdo.JDOPersistenceManager@4d9940ea created in the thread with id: 1
2024-04-24T06:28:56,210  INFO [main] metastore.HMSHandler: Created RawStore: org.apache.hadoop.hive.metastore.ObjectStore@709548e0 from thread id: 1
2024-04-24T06:28:56,210  INFO [main] metastore.HMSHandler: HMS server filtering is disabled by configuration
2024-04-24T06:28:56,210  INFO [main] metastore.RetryingMetaStoreClient: RetryingMetaStoreClient proxy=class org.apache.hadoop.hive.ql.metadata.SessionHiveMetaStoreClient ugi=alex (auth:SIMPLE) retries=1 delay=1 lifetime=0
2024-04-24T06:28:56,212  INFO [main] txn.TxnHandler: Added entries to MIN_HISTORY_LEVEL for current txns: ([13]) with min_open_txn: 1
2024-04-24T06:28:56,212  INFO [main] lockmgr.DbTxnManager: Opened txnid:13
2024-04-24T06:28:56,212  INFO [main] HiveMetaStore.audit: ugi=alex	ip=unknown-ip-addr	cmd=get_table : tbl=hive.default.T	
2024-04-24T06:28:56,214  INFO [main] ql.Driver: Semantic Analysis Completed (retrial = false)
2024-04-24T06:28:56,214  INFO [main] ql.Driver: Created Hive schema: Schema(fieldSchemas:null, properties:null)
2024-04-24T06:28:56,214  INFO [main] metadata.Hive: Dumping metastore api call timing information for : compilation phase
2024-04-24T06:28:56,214  INFO [main] metadata.Hive: Total time spent in each metastore function (ms): {isCompatibleWith_(Configuration)=0, getValidTxns_(long)=0, openTxn_(String, TxnType)=2, flushCache_()=0}
2024-04-24T06:28:56,215  INFO [main] ql.Driver: Completed compiling command(queryId=alex_20240424062856_9bbae5d6-50e0-480d-890a-9c39c9add8f3); Time taken: 0.023 seconds
2024-04-24T06:28:56,215  INFO [main] lockmgr.DbTxnManager: Setting lock request transaction to txnid:13 for queryId=alex_20240424062856_9bbae5d6-50e0-480d-890a-9c39c9add8f3
2024-04-24T06:28:56,215  INFO [main] ql.Driver: Operation DROPTABLE obtained 0 locks
2024-04-24T06:28:56,215  INFO [main] ql.Driver: Executing command(queryId=alex_20240424062856_9bbae5d6-50e0-480d-890a-9c39c9add8f3): drop table if exists T
2024-04-24T06:28:56,215  INFO [main] ql.Driver: Starting task [Stage-0:DDL] in serial mode
2024-04-24T06:28:56,215  INFO [main] HiveMetaStore.audit: ugi=alex	ip=unknown-ip-addr	cmd=get_table : tbl=hive.default.T	
2024-04-24T06:28:56,217  INFO [main] metadata.Hive: Dumping metastore api call timing information for : execution phase
2024-04-24T06:28:56,217  INFO [main] metadata.Hive: Total time spent in each metastore function (ms): {isCompatibleWith_(Configuration)=0}
2024-04-24T06:28:56,217  INFO [main] ql.Driver: Completed executing command(queryId=alex_20240424062856_9bbae5d6-50e0-480d-890a-9c39c9add8f3); Time taken: 0.002 seconds
2024-04-24T06:28:56,217  INFO [main] lockmgr.DbTxnManager: Stopped heartbeat for query: alex_20240424062856_9bbae5d6-50e0-480d-890a-9c39c9add8f3
2024-04-24T06:28:56,222  INFO [main] txn.TxnHandler: Expected to move at least one record from txn_components to completed_txn_components when committing txn! txnid:13
2024-04-24T06:28:56,227  INFO [main] txn.TxnHandler: Removed transactions: ([13]) from MIN_HISTORY_LEVEL
2024-04-24T06:28:56,227  WARN [main] txn.CompactionTxnHandler: No compaction queue record found for Compaction type transaction commit. txnId:13
2024-04-24T06:28:56,228  INFO [main] ql.TxnCommandsBaseForTests: Running the query: create table T (a int, b int) stored as orc
2024-04-24T06:28:56,228  INFO [main] ql.Driver: Compiling command(queryId=alex_20240424062856_cef73750-227e-44b3-aec7-cc6aaf59bfbf): create table T (a int, b int) stored as orc
2024-04-24T06:28:56,230  INFO [main] txn.TxnHandler: Added entries to MIN_HISTORY_LEVEL for current txns: ([14]) with min_open_txn: 1
2024-04-24T06:28:56,230  INFO [main] lockmgr.DbTxnManager: Opened txnid:14
2024-04-24T06:28:56,230  INFO [main] parse.CalcitePlanner: Starting caching scope for: 
2024-04-24T06:28:56,230  INFO [main] parse.CalcitePlanner: Starting Semantic Analysis
2024-04-24T06:28:56,236  INFO [main] parse.CalcitePlanner: Creating table default.T position=13
2024-04-24T06:28:56,236  INFO [main] parse.CalcitePlanner: Automatically chose to make default.T acid.
2024-04-24T06:28:56,236  INFO [main] HiveMetaStore.audit: ugi=alex	ip=unknown-ip-addr	cmd=get_database: default	
2024-04-24T06:28:56,237  INFO [main] parse.CalcitePlanner: Ending caching scope for: 
2024-04-24T06:28:56,237  INFO [main] ql.Driver: Semantic Analysis Completed (retrial = false)
2024-04-24T06:28:56,237  INFO [main] ql.Driver: Created Hive schema: Schema(fieldSchemas:null, properties:null)
2024-04-24T06:28:56,237  INFO [main] metadata.Hive: Dumping metastore api call timing information for : compilation phase
2024-04-24T06:28:56,237  INFO [main] metadata.Hive: Total time spent in each metastore function (ms): {openTxn_(String, TxnType)=2, getValidWriteIds_(List, String)=5, getValidTxns_(long)=0, commitTxn_(CommitTxnRequest)=9, flushCache_()=0, isCompatibleWith_(Configuration)=1, getDatabase_(String)=1}
2024-04-24T06:28:56,237  INFO [main] ql.Driver: Completed compiling command(queryId=alex_20240424062856_cef73750-227e-44b3-aec7-cc6aaf59bfbf); Time taken: 0.009 seconds
2024-04-24T06:28:56,237  INFO [main] lockmgr.DbTxnManager: Setting lock request transaction to txnid:14 for queryId=alex_20240424062856_cef73750-227e-44b3-aec7-cc6aaf59bfbf
2024-04-24T06:28:56,238  INFO [main] lockmgr.DbLockManager: Requesting lock for queryId=alex_20240424062856_cef73750-227e-44b3-aec7-cc6aaf59bfbf
2024-04-24T06:28:56,253  INFO [main] lockmgr.DbLockManager: Response to queryId=alex_20240424062856_cef73750-227e-44b3-aec7-cc6aaf59bfbf LockResponse(lockid:7, state:ACQUIRED)
2024-04-24T06:28:56,253  INFO [main] ql.Driver: Operation CREATETABLE obtained 1 locks
2024-04-24T06:28:56,254  INFO [main] ql.Driver: Executing command(queryId=alex_20240424062856_cef73750-227e-44b3-aec7-cc6aaf59bfbf): create table T (a int, b int) stored as orc
2024-04-24T06:28:56,254  INFO [main] ql.Driver: Starting task [Stage-0:DDL] in serial mode
2024-04-24T06:28:56,255  INFO [main] HiveMetaStore.audit: ugi=alex	ip=unknown-ip-addr	cmd=create_table_req: Table(tableName:T, dbName:default, owner:alex, createTime:1713965336, lastAccessTime:0, retention:0, sd:StorageDescriptor(cols:[FieldSchema(name:a, type:int, comment:null), FieldSchema(name:b, type:int, comment:null)], location:null, inputFormat:org.apache.hadoop.hive.ql.io.orc.OrcInputFormat, outputFormat:org.apache.hadoop.hive.ql.io.orc.OrcOutputFormat, compressed:false, numBuckets:-1, serdeInfo:SerDeInfo(name:null, serializationLib:org.apache.hadoop.hive.ql.io.orc.OrcSerde, parameters:{serialization.format=1}), bucketCols:[], sortCols:[], parameters:{}, skewedInfo:SkewedInfo(skewedColNames:[], skewedColValues:[], skewedColValueLocationMaps:{}), storedAsSubDirectories:false), partitionKeys:[], parameters:{bucketing_version=2, COLUMN_STATS_ACCURATE={"BASIC_STATS":"true","COLUMN_STATS":{"a":"true","b":"true"}}, rawDataSize=0, totalSize=0, numFilesErasureCoded=0, numRows=0, transactional=true, numFiles=0, transactional_properties=default}, viewOriginalText:null, viewExpandedText:null, tableType:MANAGED_TABLE, privileges:PrincipalPrivilegeSet(userPrivileges:{alex=[PrivilegeGrantInfo(privilege:INSERT, createTime:-1, grantor:alex, grantorType:USER, grantOption:true), PrivilegeGrantInfo(privilege:SELECT, createTime:-1, grantor:alex, grantorType:USER, grantOption:true), PrivilegeGrantInfo(privilege:UPDATE, createTime:-1, grantor:alex, grantorType:USER, grantOption:true), PrivilegeGrantInfo(privilege:DELETE, createTime:-1, grantor:alex, grantorType:USER, grantOption:true)]}, groupPrivileges:null, rolePrivileges:null), temporary:false, catName:hive, ownerType:USER, writeId:0)	
2024-04-24T06:28:56,258  INFO [main] utils.FileUtils: Creating directory if it doesn't exist: file:/home/alex/Repositories/hive/ql/target/tmp/org.apache.hadoop.hive.ql.TestTxnCommands-1713965238357/warehouse/t
2024-04-24T06:28:56,285  INFO [main] metadata.Hive: Dumping metastore api call timing information for : execution phase
2024-04-24T06:28:56,285  INFO [main] metadata.Hive: Total time spent in each metastore function (ms): {isCompatibleWith_(Configuration)=0, createTable_(Table)=30}
2024-04-24T06:28:56,285  INFO [main] ql.Driver: Completed executing command(queryId=alex_20240424062856_cef73750-227e-44b3-aec7-cc6aaf59bfbf); Time taken: 0.031 seconds
2024-04-24T06:28:56,285  INFO [main] lockmgr.DbTxnManager: Stopped heartbeat for query: alex_20240424062856_cef73750-227e-44b3-aec7-cc6aaf59bfbf
2024-04-24T06:28:56,289  INFO [main] txn.TxnHandler: Expected to move at least one record from txn_components to completed_txn_components when committing txn! txnid:14
2024-04-24T06:28:56,293  INFO [main] txn.TxnHandler: Removed transactions: ([14]) from MIN_HISTORY_LEVEL
2024-04-24T06:28:56,293  WARN [main] txn.CompactionTxnHandler: No compaction queue record found for Compaction type transaction commit. txnId:14
2024-04-24T06:28:56,294  INFO [main] ql.TxnCommandsBaseForTests: Running the query: insert into T values(1,2)
2024-04-24T06:28:56,294  INFO [main] ql.Driver: Compiling command(queryId=alex_20240424062856_b1e11195-c010-45be-84b3-54ef58232a7a): insert into T values(1,2)
2024-04-24T06:28:56,296  INFO [main] txn.TxnHandler: Added entries to MIN_HISTORY_LEVEL for current txns: ([15]) with min_open_txn: 1
2024-04-24T06:28:56,297  INFO [main] lockmgr.DbTxnManager: Opened txnid:15
2024-04-24T06:28:56,297  INFO [main] parse.CalcitePlanner: Starting caching scope for: 
2024-04-24T06:28:56,297  INFO [main] parse.CalcitePlanner: Starting Semantic Analysis
2024-04-24T06:28:56,300  INFO [main] HiveMetaStore.audit: ugi=alex	ip=unknown-ip-addr	cmd=get_table : tbl=hive.default.T	
2024-04-24T06:28:56,316  INFO [main] metastore.HMSHandler: Skipping translation for processor with null
2024-04-24T06:28:56,317  INFO [main] parse.CalcitePlanner: Completed phase 1 of Semantic Analysis
2024-04-24T06:28:56,317  INFO [main] parse.CalcitePlanner: Get metadata for source tables
2024-04-24T06:28:56,317  INFO [main] parse.CalcitePlanner: Get metadata for subqueries
2024-04-24T06:28:56,317  INFO [main] parse.CalcitePlanner: Get metadata for destination tables
2024-04-24T06:28:56,317  INFO [main] HiveMetaStore.audit: ugi=alex	ip=unknown-ip-addr	cmd=get_table : tbl=hive.default.T	
2024-04-24T06:28:56,323  INFO [main] metastore.HMSHandler: Skipping translation for processor with null
2024-04-24T06:28:56,323  INFO [main] parse.CalcitePlanner: Completed getting MetaData in Semantic Analysis
2024-04-24T06:28:56,323  INFO [main] parse.CalcitePlanner: Disabling LLAP IO encode as ETL query is detected
2024-04-24T06:28:56,342  INFO [main] HiveMetaStore.audit: ugi=alex	ip=unknown-ip-addr	cmd=get_all_table_constraints : tbl=hive._dummy_database._dummy_table	
2024-04-24T06:28:56,409  INFO [main] parse.CalcitePlanner: Get metadata for source tables
2024-04-24T06:28:56,409  INFO [main] parse.CalcitePlanner: Get metadata for subqueries
2024-04-24T06:28:56,409  INFO [main] parse.CalcitePlanner: Get metadata for source tables
2024-04-24T06:28:56,409  INFO [main] HiveMetaStore.audit: ugi=alex	ip=unknown-ip-addr	cmd=get_table : tbl=hive._dummy_database._dummy_table	
2024-04-24T06:28:56,411  INFO [main] parse.CalcitePlanner: Get metadata for subqueries
2024-04-24T06:28:56,411  INFO [main] parse.CalcitePlanner: Get metadata for destination tables
2024-04-24T06:28:56,411  INFO [main] parse.CalcitePlanner: Get metadata for destination tables
2024-04-24T06:28:56,411  INFO [main] HiveMetaStore.audit: ugi=alex	ip=unknown-ip-addr	cmd=get_table : tbl=hive.default.T	
2024-04-24T06:28:56,417  INFO [main] metastore.HMSHandler: Skipping translation for processor with null
2024-04-24T06:28:56,419  INFO [main] HiveMetaStore.audit: ugi=alex	ip=unknown-ip-addr	cmd=get_not_null_constraints : tbl=hive.default.t	
2024-04-24T06:28:56,420  INFO [main] HiveMetaStore.audit: ugi=alex	ip=unknown-ip-addr	cmd=get_check_constraints : tbl=hive.default.t	
2024-04-24T06:28:56,427  INFO [main] txn.TxnHandler: Allocated writeId: 1 for txnId: 15
2024-04-24T06:28:56,427  INFO [main] txn.TxnHandler: Allocated write ids for dbName=default, tblName=t (txnIds: [15])
2024-04-24T06:28:56,428  INFO [main] parse.CalcitePlanner: CBO Succeeded; optimized logical plan.
2024-04-24T06:28:56,430  INFO [main] optimizer.BucketVersionPopulator: not considering bucketingVersion for: TS[0] because it has -1<2 buckets 
2024-04-24T06:28:56,430  INFO [main] optimizer.SortedDynPartitionOptimizer: Sorted dynamic partitioning optimization kicked in..
2024-04-24T06:28:56,438  INFO [main] HiveMetaStore.audit: ugi=alex	ip=unknown-ip-addr	cmd=get_table : tbl=hive.default.t	
2024-04-24T06:28:56,444  INFO [main] metastore.HMSHandler: Skipping translation for processor with null
2024-04-24T06:28:56,445  INFO [main] parse.CalcitePlanner: Completed plan generation
2024-04-24T06:28:56,445  INFO [main] parse.CalcitePlanner: Ending caching scope for: 
2024-04-24T06:28:56,445  INFO [main] ql.Driver: Semantic Analysis Completed (retrial = false)
2024-04-24T06:28:56,445  INFO [main] ql.Driver: Created Hive schema: Schema(fieldSchemas:[FieldSchema(name:col1, type:int, comment:null), FieldSchema(name:col2, type:int, comment:null)], properties:null)
2024-04-24T06:28:56,445  INFO [main] metadata.Hive: Dumping metastore api call timing information for : compilation phase
2024-04-24T06:28:56,445  INFO [main] metadata.Hive: Total time spent in each metastore function (ms): {getValidWriteIds_(List, String)=3, isCompatibleWith_(Configuration)=0, openTxn_(String, TxnType)=2, getAllTableConstraints_(AllTableConstraintsRequest)=26, commitTxn_(CommitTxnRequest)=9, getCheckConstraints_(CheckConstraintsRequest)=1, getValidTxns_(long)=0, getNotNullConstraints_(NotNullConstraintsRequest)=1, flushCache_()=0, getTable_(GetTableRequest)=35, allocateTableWriteId_(long, String, String)=6}
2024-04-24T06:28:56,445  INFO [main] ql.Driver: Completed compiling command(queryId=alex_20240424062856_b1e11195-c010-45be-84b3-54ef58232a7a); Time taken: 0.151 seconds
2024-04-24T06:28:56,445  INFO [main] lockmgr.DbTxnManager: Setting lock request transaction to txnid:15 for queryId=alex_20240424062856_b1e11195-c010-45be-84b3-54ef58232a7a
2024-04-24T06:28:56,446  INFO [main] lockmgr.DbLockManager: Requesting lock for queryId=alex_20240424062856_b1e11195-c010-45be-84b3-54ef58232a7a
2024-04-24T06:28:56,460  INFO [main] lockmgr.DbLockManager: Response to queryId=alex_20240424062856_b1e11195-c010-45be-84b3-54ef58232a7a LockResponse(lockid:8, state:ACQUIRED)
2024-04-24T06:28:56,460  INFO [main] ql.Driver: Operation QUERY obtained 1 locks
2024-04-24T06:28:56,463  INFO [main] ql.Driver: Executing command(queryId=alex_20240424062856_b1e11195-c010-45be-84b3-54ef58232a7a): insert into T values(1,2)
2024-04-24T06:28:56,463  WARN [main] ql.Driver: Hive-on-MR is deprecated in Hive 2 and may not be available in the future versions. Consider using a different execution engine (i.e. spark, tez) or using Hive 1.X releases.
Query ID = alex_20240424062856_b1e11195-c010-45be-84b3-54ef58232a7a
2024-04-24T06:28:56,463  INFO [main] ql.Driver: Query ID = alex_20240424062856_b1e11195-c010-45be-84b3-54ef58232a7a
Total jobs = 1
2024-04-24T06:28:56,463  INFO [main] ql.Driver: Total jobs = 1
Launching Job 1 out of 1
2024-04-24T06:28:56,463  INFO [main] ql.Driver: Launching Job 1 out of 1
2024-04-24T06:28:56,586  INFO [main] ql.Driver: Starting task [Stage-1:MAPRED] in serial mode
Number of reduce tasks is set to 0 since there's no reduce operator
2024-04-24T06:28:56,586  INFO [main] exec.Task: Number of reduce tasks is set to 0 since there's no reduce operator
2024-04-24T06:28:56,589  INFO [main] mr.ExecDriver: Using org.apache.hadoop.hive.ql.io.HiveInputFormat
2024-04-24T06:28:56,589  INFO [main] exec.Utilities: Processing alias $hdt$_0:_dummy_table
2024-04-24T06:28:56,589  INFO [main] exec.Utilities: Adding 1 inputs; the first input is file:/home/alex/Repositories/hive/ql/target/tmp/localscratchdir/88028b0a-5eb6-4c5d-8132-3c65d5b4bd97/hive_2024-04-24_06-28-56_294_5945700805428289713-1/dummy_path
2024-04-24T06:28:56,598  INFO [main] exec.SerializationUtilities: Serializing MapWork using kryo
2024-04-24T06:28:56,599  INFO [main] exec.Utilities: Serialized plan (via FILE) - name: null size: 5,35KB
2024-04-24T06:28:56,600  WARN [main] impl.MetricsSystemImpl: JobTracker metrics system already initialized!
2024-04-24T06:28:56,603  INFO [main] fs.FSStatsPublisher: created : file:/home/alex/Repositories/hive/ql/target/tmp/localscratchdir/88028b0a-5eb6-4c5d-8132-3c65d5b4bd97/hive_2024-04-24_06-28-56_294_5945700805428289713-1/-mr-10000
2024-04-24T06:28:56,605  WARN [main] impl.MetricsSystemImpl: JobTracker metrics system already initialized!
2024-04-24T06:28:56,612  WARN [main] mapreduce.JobResourceUploader: Hadoop command-line option parsing not performed. Implement the Tool interface and execute your application with ToolRunner to remedy this.
2024-04-24T06:28:56,617  WARN [main] mapreduce.JobResourceUploader: No job jar file set.  User classes may not be found. See Job or Job#setJar(String).
2024-04-24T06:28:56,618  INFO [main] io.HiveInputFormat: hive.io.file.readcolumn.ids = 
2024-04-24T06:28:56,618  INFO [main] io.HiveInputFormat: hive.io.file.readcolumn.names = 
2024-04-24T06:28:56,618  INFO [main] io.HiveInputFormat: Generating splits for dirs: file:/home/alex/Repositories/hive/ql/target/tmp/localscratchdir/88028b0a-5eb6-4c5d-8132-3c65d5b4bd97/hive_2024-04-24_06-28-56_294_5945700805428289713-1/dummy_path
2024-04-24T06:28:56,618  INFO [main] io.HiveInputFormat: number of splits 1
2024-04-24T06:28:56,635  INFO [main] mapreduce.JobSubmitter: number of splits:1
2024-04-24T06:28:56,653  INFO [main] mapreduce.JobSubmitter: Submitting tokens for job: job_local1771090697_0034
2024-04-24T06:28:56,653  INFO [main] mapreduce.JobSubmitter: Executing with tokens: []
2024-04-24T06:28:56,711  INFO [main] mapreduce.Job: The url to track the job: http://localhost:8080/
Job running in-process (local Hadoop)
2024-04-24T06:28:56,711  INFO [main] exec.Task: Job running in-process (local Hadoop)
2024-04-24T06:28:56,712  INFO [Thread-2826] mapred.LocalJobRunner: OutputCommitter set in config org.apache.hadoop.hive.ql.io.HiveFileFormatUtils$NullOutputCommitter
2024-04-24T06:28:56,712  INFO [Thread-2826] mapred.LocalJobRunner: OutputCommitter is org.apache.hadoop.hive.ql.io.HiveFileFormatUtils$NullOutputCommitter
2024-04-24T06:28:56,714  INFO [Thread-2826] mapred.LocalJobRunner: Waiting for map tasks
2024-04-24T06:28:56,714  INFO [LocalJobRunner Map Task Executor #0] mapred.LocalJobRunner: Starting task: attempt_local1771090697_0034_m_000000_0
2024-04-24T06:28:56,716  INFO [LocalJobRunner Map Task Executor #0] mapred.Task:  Using ResourceCalculatorProcessTree : [ ]
2024-04-24T06:28:56,717  INFO [LocalJobRunner Map Task Executor #0] mapred.MapTask: Processing split: org.apache.hadoop.hive.ql.io.NullRowsInputFormat:file:/home/alex/Repositories/hive/ql/target/tmp/localscratchdir/88028b0a-5eb6-4c5d-8132-3c65d5b4bd97/hive_2024-04-24_06-28-56_294_5945700805428289713-1/dummy_path/null:0+1
2024-04-24T06:28:56,719  INFO [LocalJobRunner Map Task Executor #0] exec.SerializationUtilities: Deserializing MapWork using kryo
2024-04-24T06:28:56,719  INFO [LocalJobRunner Map Task Executor #0] exec.Utilities: Deserialized plan (via FILE) - name: null size: 5,35KB
2024-04-24T06:28:56,719  INFO [LocalJobRunner Map Task Executor #0] mapred.MapTask: numReduceTasks: 0
2024-04-24T06:28:56,721  INFO [LocalJobRunner Map Task Executor #0] exec.MapOperator: Initializing Operator: MAP[0]
2024-04-24T06:28:56,721  INFO [LocalJobRunner Map Task Executor #0] mr.ExecMapper: 
<MAP>Id =0
  <Children>null
  <\Children>
  <Parent><\Parent>
<\MAP>
2024-04-24T06:28:56,722  INFO [LocalJobRunner Map Task Executor #0] exec.TableScanOperator: Initializing Operator: TS[0]
2024-04-24T06:28:56,722  INFO [LocalJobRunner Map Task Executor #0] exec.SelectOperator: Initializing Operator: SEL[1]
2024-04-24T06:28:56,722  INFO [LocalJobRunner Map Task Executor #0] exec.SelectOperator: SELECT null
2024-04-24T06:28:56,722  INFO [LocalJobRunner Map Task Executor #0] exec.UDTFOperator: Initializing Operator: UDTF[2]
2024-04-24T06:28:56,722  INFO [LocalJobRunner Map Task Executor #0] exec.SelectOperator: Initializing Operator: SEL[3]
2024-04-24T06:28:56,722  INFO [LocalJobRunner Map Task Executor #0] exec.SelectOperator: SELECT struct<col1:int,col2:int>
2024-04-24T06:28:56,722  INFO [LocalJobRunner Map Task Executor #0] exec.FileSinkOperator: Initializing Operator: FS[4]
2024-04-24T06:28:56,723  INFO [LocalJobRunner Map Task Executor #0] exec.FileSinkOperator: Using serializer : AbstractSerDe [log=org.apache.logging.slf4j.Log4jLogger@3c370966, configuration=Optional[Configuration: core-default.xml, core-site.xml, mapred-default.xml, mapred-site.xml, yarn-default.xml, yarn-site.xml, hdfs-default.xml, hdfs-site.xml, file:/home/alex/Repositories/hive/ql/target/tmp/TestTxnCommands/mapred/local/localRunner/alex/job_local1771090697_0034/job_local1771090697_0034.xml], properties={transactional_properties=default, name=default.t, transactional=true, columns.types=int:int, columns=a,b, numFilesErasureCoded=0, columns.comments=&amp#0;, bucketing_version=2, serialization.lib=org.apache.hadoop.hive.ql.io.orc.OrcSerde, file.inputformat=org.apache.hadoop.hive.ql.io.orc.OrcInputFormat, file.outputformat=org.apache.hadoop.hive.ql.io.orc.OrcOutputFormat, location=file:/home/alex/Repositories/hive/ql/target/tmp/org.apache.hadoop.hive.ql.TestTxnCommands-1713965238357/warehouse/t, column.name.delimiter=,}, tableProperties={transactional_properties=default, name=default.t, transactional=true, columns.types=int:int, columns=a,b, numFilesErasureCoded=0, columns.comments=&amp#0;, bucketing_version=2, serialization.lib=org.apache.hadoop.hive.ql.io.orc.OrcSerde, file.inputformat=org.apache.hadoop.hive.ql.io.orc.OrcInputFormat, location=file:/home/alex/Repositories/hive/ql/target/tmp/org.apache.hadoop.hive.ql.TestTxnCommands-1713965238357/warehouse/t, file.outputformat=org.apache.hadoop.hive.ql.io.orc.OrcOutputFormat, column.name.delimiter=,}, partitionProperties=Optional.empty, columnNames=[a, b], columnTypes=[int, int], getClass()=class org.apache.hadoop.hive.ql.io.orc.OrcSerde] and formatter : org.apache.hadoop.hive.ql.io.orc.OrcOutputFormat@3f62c96f
2024-04-24T06:28:56,723  INFO [LocalJobRunner Map Task Executor #0] exec.FileSinkOperator: Final Path: FS file:/home/alex/Repositories/hive/ql/target/tmp/org.apache.hadoop.hive.ql.TestTxnCommands-1713965238357/warehouse/t
2024-04-24T06:28:56,723  INFO [LocalJobRunner Map Task Executor #0] exec.FileSinkOperator: New Final Path: FS file:/home/alex/Repositories/hive/ql/target/tmp/org.apache.hadoop.hive.ql.TestTxnCommands-1713965238357/warehouse/t
2024-04-24T06:28:56,723  INFO [LocalJobRunner Map Task Executor #0] common.FileUtils: Creating directory if it doesn't exist: file:/home/alex/Repositories/hive/ql/target/tmp/org.apache.hadoop.hive.ql.TestTxnCommands-1713965238357/warehouse
2024-04-24T06:28:56,725  INFO [LocalJobRunner Map Task Executor #0] exec.FileSinkOperator: FS[4]: records written - 1
2024-04-24T06:28:56,725  INFO [LocalJobRunner Map Task Executor #0] impl.PhysicalFsWriter: ORC writer created for path: file:/home/alex/Repositories/hive/ql/target/tmp/org.apache.hadoop.hive.ql.TestTxnCommands-1713965238357/warehouse/t/delta_0000001_0000001_0000/bucket_00000_0 with stripeSize: 8388608 blockSize: 268435456 compression: Compress: ZLIB buffer: 32768
2024-04-24T06:28:56,732  INFO [LocalJobRunner Map Task Executor #0] impl.WriterImpl: ORC writer created for path: file:/home/alex/Repositories/hive/ql/target/tmp/org.apache.hadoop.hive.ql.TestTxnCommands-1713965238357/warehouse/t/delta_0000001_0000001_0000/bucket_00000_0 with stripeSize: 8388608 options: Compress: ZLIB buffer: 32768
2024-04-24T06:28:56,732  INFO [LocalJobRunner Map Task Executor #0] exec.MapOperator: MAP[0]: records read - 1
2024-04-24T06:28:56,732  INFO [LocalJobRunner Map Task Executor #0] exec.MapOperator: Closing Operator: MAP[0]
2024-04-24T06:28:56,732  INFO [LocalJobRunner Map Task Executor #0] exec.MapOperator: MAP[0]: Total records read - 3. abort - false
2024-04-24T06:28:56,732  INFO [LocalJobRunner Map Task Executor #0] exec.MapOperator: RECORDS_OUT_OPERATOR_MAP_0:0, RECORDS_OUT_INTERMEDIATE:0, DESERIALIZE_ERRORS:0, RECORDS_IN:3, 
2024-04-24T06:28:56,732  INFO [LocalJobRunner Map Task Executor #0] exec.TableScanOperator: Closing Operator: TS[0]
2024-04-24T06:28:56,732  INFO [LocalJobRunner Map Task Executor #0] exec.TableScanOperator: RECORDS_OUT_OPERATOR_TS_0:1, RECORDS_OUT_INTERMEDIATE:0, 
2024-04-24T06:28:56,732  INFO [LocalJobRunner Map Task Executor #0] exec.SelectOperator: Closing Operator: SEL[1]
2024-04-24T06:28:56,733  INFO [LocalJobRunner Map Task Executor #0] exec.SelectOperator: RECORDS_OUT_INTERMEDIATE:0, RECORDS_OUT_OPERATOR_SEL_1:1, 
2024-04-24T06:28:56,733  INFO [LocalJobRunner Map Task Executor #0] exec.UDTFOperator: Closing Operator: UDTF[2]
2024-04-24T06:28:56,733  INFO [LocalJobRunner Map Task Executor #0] exec.UDTFOperator: RECORDS_OUT_OPERATOR_UDTF_2:1, RECORDS_OUT_INTERMEDIATE:0, 
2024-04-24T06:28:56,733  INFO [LocalJobRunner Map Task Executor #0] exec.SelectOperator: Closing Operator: SEL[3]
2024-04-24T06:28:56,733  INFO [LocalJobRunner Map Task Executor #0] exec.SelectOperator: RECORDS_OUT_OPERATOR_SEL_3:1, RECORDS_OUT_INTERMEDIATE:0, 
2024-04-24T06:28:56,733  INFO [LocalJobRunner Map Task Executor #0] exec.FileSinkOperator: Closing Operator: FS[4]
2024-04-24T06:28:56,733  INFO [LocalJobRunner Map Task Executor #0] exec.FileSinkOperator: FS[4]: records written - 1
2024-04-24T06:28:56,734  INFO [LocalJobRunner Map Task Executor #0] FileOperations: Writing manifest to file:/home/alex/Repositories/hive/ql/target/tmp/org.apache.hadoop.hive.ql.TestTxnCommands-1713965238357/warehouse/t/_tmp.delta_0000001_0000001_0000/000000_0.manifest with [file:/home/alex/Repositories/hive/ql/target/tmp/org.apache.hadoop.hive.ql.TestTxnCommands-1713965238357/warehouse/t/delta_0000001_0000001_0000/bucket_00000_0]
2024-04-24T06:28:56,745  INFO [LocalJobRunner Map Task Executor #0] exec.FileSinkOperator: RECORDS_OUT_1_default.t:1, TOTAL_TABLE_ROWS_WRITTEN:1, RECORDS_OUT_OPERATOR_FS_4:1, RECORDS_OUT_INTERMEDIATE:0, 
2024-04-24T06:28:56,745  INFO [LocalJobRunner Map Task Executor #0] mapred.LocalJobRunner: 
2024-04-24T06:28:56,747  INFO [LocalJobRunner Map Task Executor #0] mapred.Task: Task:attempt_local1771090697_0034_m_000000_0 is done. And is in the process of committing
2024-04-24T06:28:56,748  INFO [LocalJobRunner Map Task Executor #0] mapred.LocalJobRunner: map
2024-04-24T06:28:56,748  INFO [LocalJobRunner Map Task Executor #0] mapred.Task: Task 'attempt_local1771090697_0034_m_000000_0' done.
2024-04-24T06:28:56,748  INFO [LocalJobRunner Map Task Executor #0] mapred.Task: Final Counters for attempt_local1771090697_0034_m_000000_0: Counters: 27
	File System Counters
		FILE: Number of bytes read=709727
		FILE: Number of bytes written=40112038
		FILE: Number of read operations=0
		FILE: Number of large read operations=0
		FILE: Number of write operations=0
	Map-Reduce Framework
		Map input records=4
		Map output records=0
		Input split bytes=361
		Spilled Records=0
		Failed Shuffles=0
		Merged Map outputs=0
		GC time elapsed (ms)=0
		Total committed heap usage (bytes)=1258291200
	HIVE
		CREATED_FILES=1
		DESERIALIZE_ERRORS=0
		RECORDS_IN=3
		RECORDS_OUT_1_default.t=1
		RECORDS_OUT_INTERMEDIATE=0
		RECORDS_OUT_OPERATOR_FS_4=1
		RECORDS_OUT_OPERATOR_MAP_0=0
		RECORDS_OUT_OPERATOR_SEL_1=1
		RECORDS_OUT_OPERATOR_SEL_3=1
		RECORDS_OUT_OPERATOR_TS_0=1
		RECORDS_OUT_OPERATOR_UDTF_2=1
		TOTAL_TABLE_ROWS_WRITTEN=1
	File Input Format Counters 
		Bytes Read=5403
	File Output Format Counters 
		Bytes Written=0
2024-04-24T06:28:56,748  INFO [LocalJobRunner Map Task Executor #0] mapred.LocalJobRunner: Finishing task: attempt_local1771090697_0034_m_000000_0
2024-04-24T06:28:56,748  INFO [Thread-2826] mapred.LocalJobRunner: map task executor complete.
2024-04-24 06:28:57,714 Stage-1 map = 100%,  reduce = 0%
2024-04-24T06:28:57,714  INFO [main] exec.Task: 2024-04-24 06:28:57,714 Stage-1 map = 100%,  reduce = 0%
Ended Job = job_local1771090697_0034
2024-04-24T06:28:57,715  INFO [main] exec.Task: Ended Job = job_local1771090697_0034
2024-04-24T06:28:57,716  INFO [main] FileOperations: Found manifest file file:/home/alex/Repositories/hive/ql/target/tmp/org.apache.hadoop.hive.ql.TestTxnCommands-1713965238357/warehouse/t/_tmp.delta_0000001_0000001_0000/000000_0.manifest with attemptId 0.
2024-04-24T06:28:57,716  INFO [main] FileOperations: Looking at manifest file: file:/home/alex/Repositories/hive/ql/target/tmp/org.apache.hadoop.hive.ql.TestTxnCommands-1713965238357/warehouse/t/_tmp.delta_0000001_0000001_0000/000000_0.manifest
2024-04-24T06:28:57,716  INFO [main] FileOperations: Deleting manifest directory file:/home/alex/Repositories/hive/ql/target/tmp/org.apache.hadoop.hive.ql.TestTxnCommands-1713965238357/warehouse/t/_tmp.delta_0000001_0000001_0000
2024-04-24T06:28:57,717  INFO [main] ql.Driver: Starting task [Stage-0:MOVE] in serial mode
Loading data to table default.t
2024-04-24T06:28:57,718  INFO [main] exec.Task: Loading data to table default.t from file:/home/alex/Repositories/hive/ql/target/tmp/org.apache.hadoop.hive.ql.TestTxnCommands-1713965238357/warehouse/t
2024-04-24T06:28:57,718  INFO [main] HiveMetaStore.audit: ugi=alex	ip=unknown-ip-addr	cmd=get_table : tbl=hive.default.t	
2024-04-24T06:28:57,724  INFO [main] metastore.HMSHandler: Skipping translation for processor with null
2024-04-24T06:28:57,724  INFO [main] HiveMetaStore.audit: ugi=alex	ip=unknown-ip-addr	cmd=get_table : tbl=hive.default.t	
2024-04-24T06:28:57,731  INFO [main] metastore.HMSHandler: Skipping translation for processor with null
2024-04-24T06:28:57,732  INFO [main] HiveMetaStore.audit: ugi=alex	ip=unknown-ip-addr	cmd=alter_table: hive.default.t newtbl=t	
2024-04-24T06:28:57,761  INFO [main] ql.Driver: Starting task [Stage-2:STATS] in serial mode
2024-04-24T06:28:57,761  INFO [main] HiveMetaStore.audit: ugi=alex	ip=unknown-ip-addr	cmd=get_table : tbl=hive.default.t	
2024-04-24T06:28:57,767  INFO [main] metastore.HMSHandler: Skipping translation for processor with null
2024-04-24T06:28:57,767  INFO [main] stats.BasicStatsTask: Executing stats task
2024-04-24T06:28:57,767  INFO [main] fs.FSStatsPublisher: created : file:/home/alex/Repositories/hive/ql/target/tmp/localscratchdir/88028b0a-5eb6-4c5d-8132-3c65d5b4bd97/hive_2024-04-24_06-28-56_294_5945700805428289713-1/-mr-10000
2024-04-24T06:28:57,768  INFO [main] HiveMetaStore.audit: ugi=alex	ip=unknown-ip-addr	cmd=get_table : tbl=hive.default.t	
2024-04-24T06:28:57,774  INFO [main] metastore.HMSHandler: Skipping translation for processor with null
2024-04-24T06:28:57,780  WARN [main] FileOperations: Computing stats for an ACID table; stats may be inaccurate
2024-04-24T06:28:57,780  INFO [main] FileOperations: Read stats for default.t/, numRows, true, 1, false: 
2024-04-24T06:28:57,780  INFO [main] FileOperations: Read stats for default.t/, rawDataSize, true, 0, false: 
2024-04-24T06:28:57,780  INFO [main] HiveMetaStore.audit: ugi=alex	ip=unknown-ip-addr	cmd=alter_table: hive.default.t newtbl=t	
2024-04-24T06:28:57,799  INFO [main] FileOperations: Read stats for default.t/, insertCount, true, 1, false: 
2024-04-24T06:28:57,799  INFO [main] FileOperations: Read stats for default.t/, updateCount, true, 0, false: 
2024-04-24T06:28:57,799  INFO [main] FileOperations: Read stats for default.t/, deleteCount, true, 0, false: 
2024-04-24T06:28:57,801  INFO [main] stats.BasicStatsTask: Table default.t stats: [numFiles=1, numRows=1, totalSize=666, rawDataSize=0, numFilesErasureCoded=0]
2024-04-24T06:28:57,801  INFO [main] metadata.Hive: Dumping metastore api call timing information for : execution phase
2024-04-24T06:28:57,801  INFO [main] metadata.Hive: Total time spent in each metastore function (ms): {alter_table_(String, String, String, Table, EnvironmentContext, String)=48, isCompatibleWith_(Configuration)=1, updateTransactionalStatistics_(UpdateTransactionalStatsRequest)=2, getTable_(GetTableRequest)=25}
MapReduce Jobs Launched: 
2024-04-24T06:28:57,801  INFO [main] ql.Driver: MapReduce Jobs Launched: 
Stage-Stage-1:  HDFS Read: 0 HDFS Write: 0 SUCCESS
2024-04-24T06:28:57,802  INFO [main] ql.Driver: Stage-Stage-1:  HDFS Read: 0 HDFS Write: 0 SUCCESS
Total MapReduce CPU Time Spent: 0 msec
2024-04-24T06:28:57,802  INFO [main] ql.Driver: Total MapReduce CPU Time Spent: 0 msec
2024-04-24T06:28:57,802  INFO [main] ql.Driver: Completed executing command(queryId=alex_20240424062856_b1e11195-c010-45be-84b3-54ef58232a7a); Time taken: 1.338 seconds
2024-04-24T06:28:57,802  INFO [main] lockmgr.DbTxnManager: Stopped heartbeat for query: alex_20240424062856_b1e11195-c010-45be-84b3-54ef58232a7a
2024-04-24T06:28:57,814  INFO [main] txn.TxnHandler: Removed transactions: ([15]) from MIN_HISTORY_LEVEL
2024-04-24T06:28:57,814  WARN [main] txn.CompactionTxnHandler: No compaction queue record found for Compaction type transaction commit. txnId:15
2024-04-24T06:28:57,815  INFO [main] ql.TxnCommandsBaseForTests: Running the query: update T set a=3 where b=2
2024-04-24T06:28:57,815  INFO [main] ql.Context: Deleting scratch dir: file:/home/alex/Repositories/hive/ql/target/tmp/localscratchdir/88028b0a-5eb6-4c5d-8132-3c65d5b4bd97/hive_2024-04-24_06-28-56_294_5945700805428289713-1
2024-04-24T06:28:57,816  INFO [main] cleanup.SyncCleanupService: Deleted directory: file:/home/alex/Repositories/hive/ql/target/tmp/localscratchdir/88028b0a-5eb6-4c5d-8132-3c65d5b4bd97/hive_2024-04-24_06-28-56_294_5945700805428289713-1 on fs with scheme file
2024-04-24T06:28:57,816  INFO [main] ql.Driver: Compiling command(queryId=alex_20240424062857_004ba3c4-4f51-47af-8685-de34af6a0715): update T set a=3 where b=2
2024-04-24T06:28:57,820  INFO [main] txn.TxnHandler: Added entries to MIN_HISTORY_LEVEL for current txns: ([16]) with min_open_txn: 16
2024-04-24T06:28:57,821  INFO [main] lockmgr.DbTxnManager: Opened txnid:16
2024-04-24T06:28:57,821  INFO [main] parse.UpdateDeleteSemanticAnalyzer: Starting caching scope for: 
2024-04-24T06:28:57,822  INFO [main] HiveMetaStore.audit: ugi=alex	ip=unknown-ip-addr	cmd=get_table : tbl=hive.default.T	
2024-04-24T06:28:57,831  INFO [main] metastore.HMSHandler: Skipping translation for processor with null
2024-04-24T06:28:57,832  INFO [main] parse.RewriteSemanticAnalyzer: Going to reparse <update T set a=3 where b=2> as 
<insert into table `default`.`T` select ROW__ID,`a`,`b` from `default`.`T` sort by ROW__ID >
2024-04-24T06:28:57,832  INFO [main] parse.UpdateDeleteSemanticAnalyzer: Starting Semantic Analysis
2024-04-24T06:28:57,837  INFO [main] HiveMetaStore.audit: ugi=alex	ip=unknown-ip-addr	cmd=get_table : tbl=hive.default.T	
2024-04-24T06:28:57,847  INFO [main] metastore.HMSHandler: Skipping translation for processor with null
2024-04-24T06:28:57,847  INFO [main] parse.UpdateDeleteSemanticAnalyzer: Completed phase 1 of Semantic Analysis
2024-04-24T06:28:57,847  INFO [main] parse.UpdateDeleteSemanticAnalyzer: Get metadata for source tables
2024-04-24T06:28:57,848  INFO [main] HiveMetaStore.audit: ugi=alex	ip=unknown-ip-addr	cmd=get_table : tbl=hive.default.t	
2024-04-24T06:28:57,858  INFO [main] metastore.HMSHandler: Skipping translation for processor with null
2024-04-24T06:28:57,858  INFO [main] parse.UpdateDeleteSemanticAnalyzer: Get metadata for subqueries
2024-04-24T06:28:57,858  INFO [main] parse.UpdateDeleteSemanticAnalyzer: Get metadata for destination tables
2024-04-24T06:28:57,858  INFO [main] HiveMetaStore.audit: ugi=alex	ip=unknown-ip-addr	cmd=get_table : tbl=hive.default.T	
2024-04-24T06:28:57,869  INFO [main] metastore.HMSHandler: Skipping translation for processor with null
2024-04-24T06:28:57,869  INFO [main] parse.UpdateDeleteSemanticAnalyzer: Completed getting MetaData in Semantic Analysis
2024-04-24T06:28:57,869  INFO [main] parse.UpdateDeleteSemanticAnalyzer: Disabling LLAP IO encode as ETL query is detected
2024-04-24T06:28:57,888  INFO [main] HiveMetaStore.audit: ugi=alex	ip=unknown-ip-addr	cmd=get_all_table_constraints : tbl=hive.default.t	
2024-04-24T06:28:57,897  INFO [main] HiveMetaStore.audit: ugi=alex	ip=unknown-ip-addr	cmd=get_not_null_constraints : tbl=hive.default.t	
2024-04-24T06:28:57,899  INFO [main] HiveMetaStore.audit: ugi=alex	ip=unknown-ip-addr	cmd=get_check_constraints : tbl=hive.default.t	
2024-04-24T06:28:57,926  INFO [main] calcite.RelOptHiveTable: Calculating column statistics for default.t, projIndxSet: [1], allowMissingStats: true
2024-04-24T06:28:57,927  INFO [main] HiveMetaStore.audit: ugi=alex	ip=unknown-ip-addr	cmd=get_table : tbl=hive.default.t	
2024-04-24T06:28:57,936  INFO [main] metastore.HMSHandler: Skipping translation for processor with null
2024-04-24T06:28:57,937  INFO [main] HiveMetaStore.audit: ugi=alex	ip=unknown-ip-addr	cmd=get_table : tbl=hive.default.t	
2024-04-24T06:28:57,946  INFO [main] metastore.HMSHandler: Skipping translation for processor with null
2024-04-24T06:28:57,946  INFO [main] HiveMetaStore.audit: ugi=alex	ip=unknown-ip-addr	cmd=get_table_statistics_req: table=hive.default.t	
2024-04-24T06:28:57,956  WARN [main] calcite.RelOptHiveTable: No Stats for default@t, Columns: b
No Stats for default@t, Columns: b
2024-04-24T06:28:57,956  INFO [main] SessionState: No Stats for default@t, Columns: b
2024-04-24T06:28:58,015  INFO [main] parse.UpdateDeleteSemanticAnalyzer: Get metadata for source tables
2024-04-24T06:28:58,015  INFO [main] parse.UpdateDeleteSemanticAnalyzer: Get metadata for subqueries
2024-04-24T06:28:58,016  INFO [main] parse.UpdateDeleteSemanticAnalyzer: Get metadata for destination tables
2024-04-24T06:28:58,016  INFO [main] HiveMetaStore.audit: ugi=alex	ip=unknown-ip-addr	cmd=get_table : tbl=hive.default.T	
2024-04-24T06:28:58,022  INFO [main] metastore.HMSHandler: Skipping translation for processor with null
2024-04-24T06:28:58,025 ERROR [main] parse.UpdateDeleteSemanticAnalyzer: CBO failed, skipping CBO. 
org.apache.hadoop.hive.ql.exec.NoMatchingMethodException: No matching method for class org.apache.hadoop.hive.ql.udf.UDFToInteger with (struct<writeid:bigint,bucketid:int,rowid:bigint>). Possible choices: _FUNC_(bigint)  _FUNC_(boolean)  _FUNC_(decimal(38,18))  _FUNC_(double)  _FUNC_(float)  _FUNC_(smallint)  _FUNC_(string)  _FUNC_(struct<writeid:int,bucketid:bigint,rowid:bigint>)  _FUNC_(timestamp)  _FUNC_(tinyint)  _FUNC_(void)  
	at org.apache.hadoop.hive.ql.exec.MethodUtils.getMethodInternal(MethodUtils.java:130) ~[classes/:?]
	at org.apache.hadoop.hive.ql.exec.MethodUtils.getMethodInternal(MethodUtils.java:60) ~[classes/:?]
	at org.apache.hadoop.hive.ql.exec.DefaultUDFMethodResolver.getEvalMethod(DefaultUDFMethodResolver.java:59) ~[classes/:?]
	at org.apache.hadoop.hive.ql.udf.TimestampCastRestrictorResolver.getEvalMethod(TimestampCastRestrictorResolver.java:68) ~[classes/:?]
	at org.apache.hadoop.hive.ql.udf.generic.GenericUDFBridge.initialize(GenericUDFBridge.java:168) ~[classes/:?]
	at org.apache.hadoop.hive.ql.udf.generic.GenericUDF.initializeAndFoldConstants(GenericUDF.java:149) ~[classes/:?]
	at org.apache.hadoop.hive.ql.plan.ExprNodeGenericFuncDesc.newInstance(ExprNodeGenericFuncDesc.java:235) ~[classes/:?]
	at org.apache.hadoop.hive.ql.parse.type.ExprNodeDescExprFactory.createFuncCallExpr(ExprNodeDescExprFactory.java:584) ~[classes/:?]
	at org.apache.hadoop.hive.ql.parse.type.ExprNodeDescExprFactory.createFuncCallExpr(ExprNodeDescExprFactory.java:97) ~[classes/:?]
	at org.apache.hadoop.hive.ql.parse.type.TypeCheckProcFactory$DefaultExprProcessor.getFuncExprNodeDescWithUdfData(TypeCheckProcFactory.java:762) ~[classes/:?]
	at org.apache.hadoop.hive.ql.parse.type.TypeCheckProcFactory$DefaultExprProcessor.createConversionCast(TypeCheckProcFactory.java:783) ~[classes/:?]
	at org.apache.hadoop.hive.ql.parse.SemanticAnalyzer.getPartitionColsFromBucketColsForUpdateDelete(SemanticAnalyzer.java:8725) ~[classes/:?]
	at org.apache.hadoop.hive.ql.parse.SemanticAnalyzer.genBucketingSortingDest(SemanticAnalyzer.java:6914) ~[classes/:?]
	at org.apache.hadoop.hive.ql.parse.SemanticAnalyzer.genFileSinkPlan(SemanticAnalyzer.java:7335) ~[classes/:?]
	at org.apache.hadoop.hive.ql.parse.SemanticAnalyzer.genPostGroupByBodyPlan(SemanticAnalyzer.java:11063) ~[classes/:?]
	at org.apache.hadoop.hive.ql.parse.SemanticAnalyzer.genBodyPlan(SemanticAnalyzer.java:10938) ~[classes/:?]
	at org.apache.hadoop.hive.ql.parse.SemanticAnalyzer.genPlan(SemanticAnalyzer.java:11853) ~[classes/:?]
	at org.apache.hadoop.hive.ql.parse.SemanticAnalyzer.genPlan(SemanticAnalyzer.java:11723) ~[classes/:?]
	at org.apache.hadoop.hive.ql.parse.CalcitePlanner.genOPTree(CalcitePlanner.java:626) ~[classes/:?]
	at org.apache.hadoop.hive.ql.parse.SemanticAnalyzer.analyzeInternal(SemanticAnalyzer.java:12558) ~[classes/:?]
	at org.apache.hadoop.hive.ql.parse.CalcitePlanner.analyzeInternal(CalcitePlanner.java:456) ~[classes/:?]
	at org.apache.hadoop.hive.ql.parse.RewriteSemanticAnalyzer.analyzeInternal(RewriteSemanticAnalyzer.java:67) ~[classes/:?]
	at org.apache.hadoop.hive.ql.parse.BaseSemanticAnalyzer.analyze(BaseSemanticAnalyzer.java:317) ~[classes/:?]
	at org.apache.hadoop.hive.ql.parse.UpdateDeleteSemanticAnalyzer.reparseAndSuperAnalyze(UpdateDeleteSemanticAnalyzer.java:208) ~[classes/:?]
	at org.apache.hadoop.hive.ql.parse.UpdateDeleteSemanticAnalyzer.analyzeUpdate(UpdateDeleteSemanticAnalyzer.java:63) ~[classes/:?]
	at org.apache.hadoop.hive.ql.parse.UpdateDeleteSemanticAnalyzer.analyze(UpdateDeleteSemanticAnalyzer.java:53) ~[classes/:?]
	at org.apache.hadoop.hive.ql.parse.RewriteSemanticAnalyzer.analyzeInternal(RewriteSemanticAnalyzer.java:72) ~[classes/:?]
	at org.apache.hadoop.hive.ql.parse.BaseSemanticAnalyzer.analyze(BaseSemanticAnalyzer.java:317) ~[classes/:?]
	at org.apache.hadoop.hive.ql.Compiler.analyze(Compiler.java:223) ~[classes/:?]
	at org.apache.hadoop.hive.ql.Compiler.compile(Compiler.java:105) ~[classes/:?]
	at org.apache.hadoop.hive.ql.Driver.compile(Driver.java:500) ~[classes/:?]
	at org.apache.hadoop.hive.ql.Driver.compileInternal(Driver.java:453) ~[classes/:?]
	at org.apache.hadoop.hive.ql.Driver.runInternal(Driver.java:181) ~[classes/:?]
	at org.apache.hadoop.hive.ql.Driver.run(Driver.java:153) ~[classes/:?]
	at org.apache.hadoop.hive.ql.Driver.run(Driver.java:140) ~[classes/:?]
	at org.apache.hadoop.hive.ql.TxnCommandsBaseForTests.runStatementOnDriver(TxnCommandsBaseForTests.java:245) ~[test-classes/:?]
	at org.apache.hadoop.hive.ql.TestTxnCommands.acidVersionTest(TestTxnCommands.java:1482) ~[test-classes/:?]
	at org.apache.hadoop.hive.ql.TestTxnCommands.testVersioningVersionFileDisabled(TestTxnCommands.java:1467) ~[test-classes/:?]
	at sun.reflect.NativeMethodAccessorImpl.invoke0(Native Method) ~[?:1.8.0_402]
	at sun.reflect.NativeMethodAccessorImpl.invoke(NativeMethodAccessorImpl.java:62) ~[?:1.8.0_402]
	at sun.reflect.DelegatingMethodAccessorImpl.invoke(DelegatingMethodAccessorImpl.java:43) ~[?:1.8.0_402]
	at java.lang.reflect.Method.invoke(Method.java:498) ~[?:1.8.0_402]
	at org.junit.runners.model.FrameworkMethod$1.runReflectiveCall(FrameworkMethod.java:59) ~[junit-4.13.jar:4.13]
	at org.junit.internal.runners.model.ReflectiveCallable.run(ReflectiveCallable.java:12) ~[junit-4.13.jar:4.13]
	at org.junit.runners.model.FrameworkMethod.invokeExplosively(FrameworkMethod.java:56) ~[junit-4.13.jar:4.13]
	at org.junit.internal.runners.statements.InvokeMethod.evaluate(InvokeMethod.java:17) ~[junit-4.13.jar:4.13]
	at org.junit.internal.runners.statements.RunBefores.evaluate(RunBefores.java:26) ~[junit-4.13.jar:4.13]
	at org.junit.internal.runners.statements.RunAfters.evaluate(RunAfters.java:27) ~[junit-4.13.jar:4.13]
	at org.junit.rules.TestWatcher$1.evaluate(TestWatcher.java:61) ~[junit-4.13.jar:4.13]
	at org.junit.runners.ParentRunner$3.evaluate(ParentRunner.java:306) ~[junit-4.13.jar:4.13]
	at org.junit.runners.BlockJUnit4ClassRunner$1.evaluate(BlockJUnit4ClassRunner.java:100) ~[junit-4.13.jar:4.13]
	at org.junit.runners.ParentRunner.runLeaf(ParentRunner.java:366) ~[junit-4.13.jar:4.13]
	at org.junit.runners.BlockJUnit4ClassRunner.runChild(BlockJUnit4ClassRunner.java:103) ~[junit-4.13.jar:4.13]
	at org.junit.runners.BlockJUnit4ClassRunner.runChild(BlockJUnit4ClassRunner.java:63) ~[junit-4.13.jar:4.13]
	at org.junit.runners.ParentRunner$4.run(ParentRunner.java:331) ~[junit-4.13.jar:4.13]
	at org.junit.runners.ParentRunner$1.schedule(ParentRunner.java:79) ~[junit-4.13.jar:4.13]
	at org.junit.runners.ParentRunner.runChildren(ParentRunner.java:329) ~[junit-4.13.jar:4.13]
	at org.junit.runners.ParentRunner.access$100(ParentRunner.java:66) ~[junit-4.13.jar:4.13]
	at org.junit.runners.ParentRunner$2.evaluate(ParentRunner.java:293) ~[junit-4.13.jar:4.13]
	at org.junit.runners.ParentRunner$3.evaluate(ParentRunner.java:306) ~[junit-4.13.jar:4.13]
	at org.junit.runners.ParentRunner.run(ParentRunner.java:413) ~[junit-4.13.jar:4.13]
	at org.junit.runner.JUnitCore.run(JUnitCore.java:137) ~[junit-4.13.jar:4.13]
	at org.junit.runner.JUnitCore.run(JUnitCore.java:115) ~[junit-4.13.jar:4.13]
	at org.junit.vintage.engine.execution.RunnerExecutor.execute(RunnerExecutor.java:43) ~[junit-vintage-engine-5.6.2.jar:5.6.2]
	at java.util.stream.ForEachOps$ForEachOp$OfRef.accept(ForEachOps.java:183) ~[?:1.8.0_402]
	at java.util.stream.ReferencePipeline$3$1.accept(ReferencePipeline.java:193) ~[?:1.8.0_402]
	at java.util.Iterator.forEachRemaining(Iterator.java:116) ~[?:1.8.0_402]
	at java.util.Spliterators$IteratorSpliterator.forEachRemaining(Spliterators.java:1801) ~[?:1.8.0_402]
	at java.util.stream.AbstractPipeline.copyInto(AbstractPipeline.java:482) ~[?:1.8.0_402]
	at java.util.stream.AbstractPipeline.wrapAndCopyInto(AbstractPipeline.java:472) ~[?:1.8.0_402]
	at java.util.stream.ForEachOps$ForEachOp.evaluateSequential(ForEachOps.java:150) ~[?:1.8.0_402]
	at java.util.stream.ForEachOps$ForEachOp$OfRef.evaluateSequential(ForEachOps.java:173) ~[?:1.8.0_402]
	at java.util.stream.AbstractPipeline.evaluate(AbstractPipeline.java:234) ~[?:1.8.0_402]
	at java.util.stream.ReferencePipeline.forEach(ReferencePipeline.java:485) ~[?:1.8.0_402]
	at org.junit.vintage.engine.VintageTestEngine.executeAllChildren(VintageTestEngine.java:82) ~[junit-vintage-engine-5.6.2.jar:5.6.2]
	at org.junit.vintage.engine.VintageTestEngine.execute(VintageTestEngine.java:73) ~[junit-vintage-engine-5.6.2.jar:5.6.2]
	at org.junit.platform.launcher.core.DefaultLauncher.execute(DefaultLauncher.java:248) ~[junit-platform-launcher-1.6.2.jar:1.6.2]
	at org.junit.platform.launcher.core.DefaultLauncher.lambda$execute$5(DefaultLauncher.java:211) ~[junit-platform-launcher-1.6.2.jar:1.6.2]
	at org.junit.platform.launcher.core.DefaultLauncher.withInterceptedStreams(DefaultLauncher.java:226) [junit-platform-launcher-1.6.2.jar:1.6.2]
	at org.junit.platform.launcher.core.DefaultLauncher.execute(DefaultLauncher.java:199) [junit-platform-launcher-1.6.2.jar:1.6.2]
	at org.junit.platform.launcher.core.DefaultLauncher.execute(DefaultLauncher.java:132) [junit-platform-launcher-1.6.2.jar:1.6.2]
	at org.apache.maven.surefire.junitplatform.JUnitPlatformProvider.invokeAllTests(JUnitPlatformProvider.java:154) [surefire-junit-platform-3.0.0-M4.jar:3.0.0-M4]
	at org.apache.maven.surefire.junitplatform.JUnitPlatformProvider.invoke(JUnitPlatformProvider.java:123) [surefire-junit-platform-3.0.0-M4.jar:3.0.0-M4]
	at org.apache.maven.surefire.booter.ForkedBooter.runSuitesInProcess(ForkedBooter.java:377) [surefire-booter-3.0.0-M4.jar:3.0.0-M4]
	at org.apache.maven.surefire.booter.ForkedBooter.execute(ForkedBooter.java:138) [surefire-booter-3.0.0-M4.jar:3.0.0-M4]
	at org.apache.maven.surefire.booter.ForkedBooter.run(ForkedBooter.java:465) [surefire-booter-3.0.0-M4.jar:3.0.0-M4]
	at org.apache.maven.surefire.booter.ForkedBooter.main(ForkedBooter.java:451) [surefire-booter-3.0.0-M4.jar:3.0.0-M4]
2024-04-24T06:28:58,026 ERROR [main] parse.UpdateDeleteSemanticAnalyzer: CBO failed due to missing column stats (see previous errors), skipping CBO
2024-04-24T06:28:58,026  INFO [main] parse.UpdateDeleteSemanticAnalyzer: Ending caching scope for: 
FAILED: NoMatchingMethodException No matching method for class org.apache.hadoop.hive.ql.udf.UDFToInteger with (struct<writeid:bigint,bucketid:int,rowid:bigint>). Possible choices: _FUNC_(bigint)  _FUNC_(boolean)  _FUNC_(decimal(38,18))  _FUNC_(double)  _FUNC_(float)  _FUNC_(smallint)  _FUNC_(string)  _FUNC_(struct<writeid:int,bucketid:bigint,rowid:bigint>)  _FUNC_(timestamp)  _FUNC_(tinyint)  _FUNC_(void)  
2024-04-24T06:28:58,026 ERROR [main] ql.Driver: FAILED: NoMatchingMethodException No matching method for class org.apache.hadoop.hive.ql.udf.UDFToInteger with (struct<writeid:bigint,bucketid:int,rowid:bigint>). Possible choices: _FUNC_(bigint)  _FUNC_(boolean)  _FUNC_(decimal(38,18))  _FUNC_(double)  _FUNC_(float)  _FUNC_(smallint)  _FUNC_(string)  _FUNC_(struct<writeid:int,bucketid:bigint,rowid:bigint>)  _FUNC_(timestamp)  _FUNC_(tinyint)  _FUNC_(void)  
org.apache.hadoop.hive.ql.exec.NoMatchingMethodException: No matching method for class org.apache.hadoop.hive.ql.udf.UDFToInteger with (struct<writeid:bigint,bucketid:int,rowid:bigint>). Possible choices: _FUNC_(bigint)  _FUNC_(boolean)  _FUNC_(decimal(38,18))  _FUNC_(double)  _FUNC_(float)  _FUNC_(smallint)  _FUNC_(string)  _FUNC_(struct<writeid:int,bucketid:bigint,rowid:bigint>)  _FUNC_(timestamp)  _FUNC_(tinyint)  _FUNC_(void)  
	at org.apache.hadoop.hive.ql.exec.MethodUtils.getMethodInternal(MethodUtils.java:130)
	at org.apache.hadoop.hive.ql.exec.MethodUtils.getMethodInternal(MethodUtils.java:60)
	at org.apache.hadoop.hive.ql.exec.DefaultUDFMethodResolver.getEvalMethod(DefaultUDFMethodResolver.java:59)
	at org.apache.hadoop.hive.ql.udf.TimestampCastRestrictorResolver.getEvalMethod(TimestampCastRestrictorResolver.java:68)
	at org.apache.hadoop.hive.ql.udf.generic.GenericUDFBridge.initialize(GenericUDFBridge.java:168)
	at org.apache.hadoop.hive.ql.udf.generic.GenericUDF.initializeAndFoldConstants(GenericUDF.java:149)
	at org.apache.hadoop.hive.ql.plan.ExprNodeGenericFuncDesc.newInstance(ExprNodeGenericFuncDesc.java:235)
	at org.apache.hadoop.hive.ql.parse.type.ExprNodeDescExprFactory.createFuncCallExpr(ExprNodeDescExprFactory.java:584)
	at org.apache.hadoop.hive.ql.parse.type.ExprNodeDescExprFactory.createFuncCallExpr(ExprNodeDescExprFactory.java:97)
	at org.apache.hadoop.hive.ql.parse.type.TypeCheckProcFactory$DefaultExprProcessor.getFuncExprNodeDescWithUdfData(TypeCheckProcFactory.java:762)
	at org.apache.hadoop.hive.ql.parse.type.TypeCheckProcFactory$DefaultExprProcessor.createConversionCast(TypeCheckProcFactory.java:783)
	at org.apache.hadoop.hive.ql.parse.SemanticAnalyzer.getPartitionColsFromBucketColsForUpdateDelete(SemanticAnalyzer.java:8725)
	at org.apache.hadoop.hive.ql.parse.SemanticAnalyzer.genBucketingSortingDest(SemanticAnalyzer.java:6914)
	at org.apache.hadoop.hive.ql.parse.SemanticAnalyzer.genFileSinkPlan(SemanticAnalyzer.java:7335)
	at org.apache.hadoop.hive.ql.parse.SemanticAnalyzer.genPostGroupByBodyPlan(SemanticAnalyzer.java:11063)
	at org.apache.hadoop.hive.ql.parse.SemanticAnalyzer.genBodyPlan(SemanticAnalyzer.java:10938)
	at org.apache.hadoop.hive.ql.parse.SemanticAnalyzer.genPlan(SemanticAnalyzer.java:11853)
	at org.apache.hadoop.hive.ql.parse.SemanticAnalyzer.genPlan(SemanticAnalyzer.java:11723)
	at org.apache.hadoop.hive.ql.parse.CalcitePlanner.genOPTree(CalcitePlanner.java:626)
	at org.apache.hadoop.hive.ql.parse.SemanticAnalyzer.analyzeInternal(SemanticAnalyzer.java:12558)
	at org.apache.hadoop.hive.ql.parse.CalcitePlanner.analyzeInternal(CalcitePlanner.java:456)
	at org.apache.hadoop.hive.ql.parse.RewriteSemanticAnalyzer.analyzeInternal(RewriteSemanticAnalyzer.java:67)
	at org.apache.hadoop.hive.ql.parse.BaseSemanticAnalyzer.analyze(BaseSemanticAnalyzer.java:317)
	at org.apache.hadoop.hive.ql.parse.UpdateDeleteSemanticAnalyzer.reparseAndSuperAnalyze(UpdateDeleteSemanticAnalyzer.java:208)
	at org.apache.hadoop.hive.ql.parse.UpdateDeleteSemanticAnalyzer.analyzeUpdate(UpdateDeleteSemanticAnalyzer.java:63)
	at org.apache.hadoop.hive.ql.parse.UpdateDeleteSemanticAnalyzer.analyze(UpdateDeleteSemanticAnalyzer.java:53)
	at org.apache.hadoop.hive.ql.parse.RewriteSemanticAnalyzer.analyzeInternal(RewriteSemanticAnalyzer.java:72)
	at org.apache.hadoop.hive.ql.parse.BaseSemanticAnalyzer.analyze(BaseSemanticAnalyzer.java:317)
	at org.apache.hadoop.hive.ql.Compiler.analyze(Compiler.java:223)
	at org.apache.hadoop.hive.ql.Compiler.compile(Compiler.java:105)
	at org.apache.hadoop.hive.ql.Driver.compile(Driver.java:500)
	at org.apache.hadoop.hive.ql.Driver.compileInternal(Driver.java:453)
	at org.apache.hadoop.hive.ql.Driver.runInternal(Driver.java:181)
	at org.apache.hadoop.hive.ql.Driver.run(Driver.java:153)
	at org.apache.hadoop.hive.ql.Driver.run(Driver.java:140)
	at org.apache.hadoop.hive.ql.TxnCommandsBaseForTests.runStatementOnDriver(TxnCommandsBaseForTests.java:245)
	at org.apache.hadoop.hive.ql.TestTxnCommands.acidVersionTest(TestTxnCommands.java:1482)
	at org.apache.hadoop.hive.ql.TestTxnCommands.testVersioningVersionFileDisabled(TestTxnCommands.java:1467)
	at sun.reflect.NativeMethodAccessorImpl.invoke0(Native Method)
	at sun.reflect.NativeMethodAccessorImpl.invoke(NativeMethodAccessorImpl.java:62)
	at sun.reflect.DelegatingMethodAccessorImpl.invoke(DelegatingMethodAccessorImpl.java:43)
	at java.lang.reflect.Method.invoke(Method.java:498)
	at org.junit.runners.model.FrameworkMethod$1.runReflectiveCall(FrameworkMethod.java:59)
	at org.junit.internal.runners.model.ReflectiveCallable.run(ReflectiveCallable.java:12)
	at org.junit.runners.model.FrameworkMethod.invokeExplosively(FrameworkMethod.java:56)
	at org.junit.internal.runners.statements.InvokeMethod.evaluate(InvokeMethod.java:17)
	at org.junit.internal.runners.statements.RunBefores.evaluate(RunBefores.java:26)
	at org.junit.internal.runners.statements.RunAfters.evaluate(RunAfters.java:27)
	at org.junit.rules.TestWatcher$1.evaluate(TestWatcher.java:61)
	at org.junit.runners.ParentRunner$3.evaluate(ParentRunner.java:306)
	at org.junit.runners.BlockJUnit4ClassRunner$1.evaluate(BlockJUnit4ClassRunner.java:100)
	at org.junit.runners.ParentRunner.runLeaf(ParentRunner.java:366)
	at org.junit.runners.BlockJUnit4ClassRunner.runChild(BlockJUnit4ClassRunner.java:103)
	at org.junit.runners.BlockJUnit4ClassRunner.runChild(BlockJUnit4ClassRunner.java:63)
	at org.junit.runners.ParentRunner$4.run(ParentRunner.java:331)
	at org.junit.runners.ParentRunner$1.schedule(ParentRunner.java:79)
	at org.junit.runners.ParentRunner.runChildren(ParentRunner.java:329)
	at org.junit.runners.ParentRunner.access$100(ParentRunner.java:66)
	at org.junit.runners.ParentRunner$2.evaluate(ParentRunner.java:293)
	at org.junit.runners.ParentRunner$3.evaluate(ParentRunner.java:306)
	at org.junit.runners.ParentRunner.run(ParentRunner.java:413)
	at org.junit.runner.JUnitCore.run(JUnitCore.java:137)
	at org.junit.runner.JUnitCore.run(JUnitCore.java:115)
	at org.junit.vintage.engine.execution.RunnerExecutor.execute(RunnerExecutor.java:43)
	at java.util.stream.ForEachOps$ForEachOp$OfRef.accept(ForEachOps.java:183)
	at java.util.stream.ReferencePipeline$3$1.accept(ReferencePipeline.java:193)
	at java.util.Iterator.forEachRemaining(Iterator.java:116)
	at java.util.Spliterators$IteratorSpliterator.forEachRemaining(Spliterators.java:1801)
	at java.util.stream.AbstractPipeline.copyInto(AbstractPipeline.java:482)
	at java.util.stream.AbstractPipeline.wrapAndCopyInto(AbstractPipeline.java:472)
	at java.util.stream.ForEachOps$ForEachOp.evaluateSequential(ForEachOps.java:150)
	at java.util.stream.ForEachOps$ForEachOp$OfRef.evaluateSequential(ForEachOps.java:173)
	at java.util.stream.AbstractPipeline.evaluate(AbstractPipeline.java:234)
	at java.util.stream.ReferencePipeline.forEach(ReferencePipeline.java:485)
	at org.junit.vintage.engine.VintageTestEngine.executeAllChildren(VintageTestEngine.java:82)
	at org.junit.vintage.engine.VintageTestEngine.execute(VintageTestEngine.java:73)
	at org.junit.platform.launcher.core.DefaultLauncher.execute(DefaultLauncher.java:248)
	at org.junit.platform.launcher.core.DefaultLauncher.lambda$execute$5(DefaultLauncher.java:211)
	at org.junit.platform.launcher.core.DefaultLauncher.withInterceptedStreams(DefaultLauncher.java:226)
	at org.junit.platform.launcher.core.DefaultLauncher.execute(DefaultLauncher.java:199)
	at org.junit.platform.launcher.core.DefaultLauncher.execute(DefaultLauncher.java:132)
	at org.apache.maven.surefire.junitplatform.JUnitPlatformProvider.invokeAllTests(JUnitPlatformProvider.java:154)
	at org.apache.maven.surefire.junitplatform.JUnitPlatformProvider.invoke(JUnitPlatformProvider.java:123)
	at org.apache.maven.surefire.booter.ForkedBooter.runSuitesInProcess(ForkedBooter.java:377)
	at org.apache.maven.surefire.booter.ForkedBooter.execute(ForkedBooter.java:138)
	at org.apache.maven.surefire.booter.ForkedBooter.run(ForkedBooter.java:465)
	at org.apache.maven.surefire.booter.ForkedBooter.main(ForkedBooter.java:451)

2024-04-24T06:28:58,026  INFO [main] metadata.Hive: Dumping metastore api call timing information for : compilation phase
2024-04-24T06:28:58,026  INFO [main] metadata.Hive: Total time spent in each metastore function (ms): {commitTxn_(CommitTxnRequest)=13, getTableColumnStatistics_(String, String, List, String)=29, getValidTxns_(long)=0, isCompatibleWith_(Configuration)=0, getNotNullConstraints_(NotNullConstraintsRequest)=2, openTxn_(String, TxnType)=4, getCheckConstraints_(CheckConstraintsRequest)=1, getAllTableConstraints_(AllTableConstraintsRequest)=7, getValidWriteIds_(List, String)=7, flushCache_()=0, getTable_(GetTableRequest)=47}
2024-04-24T06:28:58,027  INFO [main] ql.Driver: Completed compiling command(queryId=alex_20240424062857_004ba3c4-4f51-47af-8685-de34af6a0715); Time taken: 0.21 seconds
2024-04-24T06:28:58,027  INFO [main] lockmgr.DbTxnManager: Stopped heartbeat for query: null
2024-04-24T06:28:58,030  INFO [main] txn.TxnHandler: Removed transactions: ([16]) from MIN_HISTORY_LEVEL
2024-04-24T06:28:58,037  INFO [main] ql.TxnCommandsBaseForTests: Running the query: drop table if exists acidTbl
2024-04-24T06:28:58,037  INFO [main] ql.Driver: Compiling command(queryId=alex_20240424062858_362a64fd-4029-4319-931e-cf5e6b844e34): drop table if exists acidTbl
2024-04-24T06:28:58,039  INFO [main] txn.TxnHandler: Added entries to MIN_HISTORY_LEVEL for current txns: ([17]) with min_open_txn: 16
2024-04-24T06:28:58,039  INFO [main] lockmgr.DbTxnManager: Opened txnid:17
2024-04-24T06:28:58,040  INFO [main] HiveMetaStore.audit: ugi=alex	ip=unknown-ip-addr	cmd=get_table : tbl=hive.default.acidTbl	
2024-04-24T06:28:58,046  INFO [main] metastore.HMSHandler: Skipping translation for processor with null
2024-04-24T06:28:58,046  INFO [main] ql.Driver: Semantic Analysis Completed (retrial = false)
2024-04-24T06:28:58,046  INFO [main] ql.Driver: Created Hive schema: Schema(fieldSchemas:null, properties:null)
2024-04-24T06:28:58,046  INFO [main] metadata.Hive: Dumping metastore api call timing information for : compilation phase
2024-04-24T06:28:58,047  INFO [main] metadata.Hive: Total time spent in each metastore function (ms): {openTxn_(String, TxnType)=2, getValidTxns_(long)=0, isCompatibleWith_(Configuration)=0, flushCache_()=0, getTable_(GetTableRequest)=6, rollbackTxn_(long)=10}
2024-04-24T06:28:58,047  INFO [main] ql.Driver: Completed compiling command(queryId=alex_20240424062858_362a64fd-4029-4319-931e-cf5e6b844e34); Time taken: 0.009 seconds
2024-04-24T06:28:58,047  INFO [main] lockmgr.DbTxnManager: Setting lock request transaction to txnid:17 for queryId=alex_20240424062858_362a64fd-4029-4319-931e-cf5e6b844e34
2024-04-24T06:28:58,047  INFO [main] lockmgr.DbLockManager: Requesting lock for queryId=alex_20240424062858_362a64fd-4029-4319-931e-cf5e6b844e34
2024-04-24T06:28:58,061  INFO [main] lockmgr.DbLockManager: Response to queryId=alex_20240424062858_362a64fd-4029-4319-931e-cf5e6b844e34 LockResponse(lockid:9, state:ACQUIRED)
2024-04-24T06:28:58,061  INFO [main] ql.Driver: Operation DROPTABLE obtained 1 locks
2024-04-24T06:28:58,062  INFO [main] ql.Driver: Executing command(queryId=alex_20240424062858_362a64fd-4029-4319-931e-cf5e6b844e34): drop table if exists acidTbl
2024-04-24T06:28:58,062  INFO [main] ql.Driver: Starting task [Stage-0:DDL] in serial mode
2024-04-24T06:28:58,062  INFO [main] HiveMetaStore.audit: ugi=alex	ip=unknown-ip-addr	cmd=get_table : tbl=hive.default.acidTbl	
2024-04-24T06:28:58,068  INFO [main] metastore.HMSHandler: Skipping translation for processor with null
2024-04-24T06:28:58,068  INFO [main] HiveMetaStore.audit: ugi=alex	ip=unknown-ip-addr	cmd=get_table : tbl=hive.default.acidTbl	
2024-04-24T06:28:58,073  INFO [main] metastore.HMSHandler: Skipping translation for processor with null
2024-04-24T06:28:58,073  INFO [main] HiveMetaStore.audit: ugi=alex	ip=unknown-ip-addr	cmd=drop_table : tbl=hive.default.acidTbl	
2024-04-24T06:28:58,158  INFO [main] metadata.Hive: Dumping metastore api call timing information for : execution phase
2024-04-24T06:28:58,158  INFO [main] metadata.Hive: Total time spent in each metastore function (ms): {getTable_(GetTableRequest)=6, dropTable_(String, String, boolean, boolean, boolean)=90, isCompatibleWith_(Configuration)=0}
2024-04-24T06:28:58,158  INFO [main] ql.Driver: Completed executing command(queryId=alex_20240424062858_362a64fd-4029-4319-931e-cf5e6b844e34); Time taken: 0.096 seconds
2024-04-24T06:28:58,159  INFO [main] lockmgr.DbTxnManager: Stopped heartbeat for query: alex_20240424062858_362a64fd-4029-4319-931e-cf5e6b844e34
2024-04-24T06:28:58,163  INFO [main] txn.TxnHandler: Expected to move at least one record from txn_components to completed_txn_components when committing txn! txnid:17
2024-04-24T06:28:58,168  INFO [main] txn.TxnHandler: Removed transactions: ([17]) from MIN_HISTORY_LEVEL
2024-04-24T06:28:58,168  WARN [main] txn.CompactionTxnHandler: No compaction queue record found for Compaction type transaction commit. txnId:17
2024-04-24T06:28:58,168  INFO [main] ql.TxnCommandsBaseForTests: Running the query: drop table if exists acidTblPart
2024-04-24T06:28:58,169  INFO [main] ql.Driver: Compiling command(queryId=alex_20240424062858_943598fb-11ae-46da-ace6-b5965be21518): drop table if exists acidTblPart
2024-04-24T06:28:58,170  INFO [main] txn.TxnHandler: Added entries to MIN_HISTORY_LEVEL for current txns: ([18]) with min_open_txn: 16
2024-04-24T06:28:58,171  INFO [main] lockmgr.DbTxnManager: Opened txnid:18
2024-04-24T06:28:58,171  INFO [main] HiveMetaStore.audit: ugi=alex	ip=unknown-ip-addr	cmd=get_table : tbl=hive.default.acidTblPart	
2024-04-24T06:28:58,177  INFO [main] metastore.HMSHandler: Skipping translation for processor with null
2024-04-24T06:28:58,177  INFO [main] ql.Driver: Semantic Analysis Completed (retrial = false)
2024-04-24T06:28:58,177  INFO [main] ql.Driver: Created Hive schema: Schema(fieldSchemas:null, properties:null)
2024-04-24T06:28:58,177  INFO [main] metadata.Hive: Dumping metastore api call timing information for : compilation phase
2024-04-24T06:28:58,177  INFO [main] metadata.Hive: Total time spent in each metastore function (ms): {flushCache_()=0, getTable_(GetTableRequest)=6, commitTxn_(CommitTxnRequest)=9, openTxn_(String, TxnType)=2, isCompatibleWith_(Configuration)=0, getValidTxns_(long)=0}
2024-04-24T06:28:58,178  INFO [main] ql.Driver: Completed compiling command(queryId=alex_20240424062858_943598fb-11ae-46da-ace6-b5965be21518); Time taken: 0.009 seconds
2024-04-24T06:28:58,178  INFO [main] lockmgr.DbTxnManager: Setting lock request transaction to txnid:18 for queryId=alex_20240424062858_943598fb-11ae-46da-ace6-b5965be21518
2024-04-24T06:28:58,178  INFO [main] lockmgr.DbLockManager: Requesting lock for queryId=alex_20240424062858_943598fb-11ae-46da-ace6-b5965be21518
2024-04-24T06:28:58,190  INFO [main] lockmgr.DbLockManager: Response to queryId=alex_20240424062858_943598fb-11ae-46da-ace6-b5965be21518 LockResponse(lockid:10, state:ACQUIRED)
2024-04-24T06:28:58,190  INFO [main] ql.Driver: Operation DROPTABLE obtained 1 locks
2024-04-24T06:28:58,190  INFO [main] ql.Driver: Executing command(queryId=alex_20240424062858_943598fb-11ae-46da-ace6-b5965be21518): drop table if exists acidTblPart
2024-04-24T06:28:58,191  INFO [main] ql.Driver: Starting task [Stage-0:DDL] in serial mode
2024-04-24T06:28:58,191  INFO [main] HiveMetaStore.audit: ugi=alex	ip=unknown-ip-addr	cmd=get_table : tbl=hive.default.acidTblPart	
2024-04-24T06:28:58,196  INFO [main] metastore.HMSHandler: Skipping translation for processor with null
2024-04-24T06:28:58,197  INFO [main] HiveMetaStore.audit: ugi=alex	ip=unknown-ip-addr	cmd=get_table : tbl=hive.default.acidTblPart	
2024-04-24T06:28:58,202  INFO [main] metastore.HMSHandler: Skipping translation for processor with null
2024-04-24T06:28:58,202  INFO [main] HiveMetaStore.audit: ugi=alex	ip=unknown-ip-addr	cmd=drop_table : tbl=hive.default.acidTblPart	
2024-04-24T06:28:58,238  INFO [main] metadata.Hive: Dumping metastore api call timing information for : execution phase
2024-04-24T06:28:58,238  INFO [main] metadata.Hive: Total time spent in each metastore function (ms): {getTable_(GetTableRequest)=6, isCompatibleWith_(Configuration)=0, dropTable_(String, String, boolean, boolean, boolean)=41}
2024-04-24T06:28:58,238  INFO [main] ql.Driver: Completed executing command(queryId=alex_20240424062858_943598fb-11ae-46da-ace6-b5965be21518); Time taken: 0.048 seconds
2024-04-24T06:28:58,238  INFO [main] lockmgr.DbTxnManager: Stopped heartbeat for query: alex_20240424062858_943598fb-11ae-46da-ace6-b5965be21518
2024-04-24T06:28:58,241  INFO [main] txn.TxnHandler: Expected to move at least one record from txn_components to completed_txn_components when committing txn! txnid:18
2024-04-24T06:28:58,246  INFO [main] txn.TxnHandler: Removed transactions: ([18]) from MIN_HISTORY_LEVEL
2024-04-24T06:28:58,246  WARN [main] txn.CompactionTxnHandler: No compaction queue record found for Compaction type transaction commit. txnId:18
2024-04-24T06:28:58,247  INFO [main] ql.TxnCommandsBaseForTests: Running the query: drop table if exists acidTbl2
2024-04-24T06:28:58,247  INFO [main] ql.Driver: Compiling command(queryId=alex_20240424062858_6194c91d-7f50-42fb-a453-e2f2a7e668c6): drop table if exists acidTbl2
2024-04-24T06:28:58,249  INFO [main] txn.TxnHandler: Added entries to MIN_HISTORY_LEVEL for current txns: ([19]) with min_open_txn: 16
2024-04-24T06:28:58,249  INFO [main] lockmgr.DbTxnManager: Opened txnid:19
2024-04-24T06:28:58,250  INFO [main] ql.Driver: Semantic Analysis Completed (retrial = false)
2024-04-24T06:28:58,250  INFO [main] ql.Driver: Created Hive schema: Schema(fieldSchemas:null, properties:null)
2024-04-24T06:28:58,250  INFO [main] metadata.Hive: Dumping metastore api call timing information for : compilation phase
2024-04-24T06:28:58,250  INFO [main] metadata.Hive: Total time spent in each metastore function (ms): {getValidTxns_(long)=1, getTable_(GetTableRequest)=0, openTxn_(String, TxnType)=2, isCompatibleWith_(Configuration)=0, commitTxn_(CommitTxnRequest)=9, flushCache_()=0}
2024-04-24T06:28:58,250  INFO [main] ql.Driver: Completed compiling command(queryId=alex_20240424062858_6194c91d-7f50-42fb-a453-e2f2a7e668c6); Time taken: 0.003 seconds
2024-04-24T06:28:58,250  INFO [main] lockmgr.DbTxnManager: Setting lock request transaction to txnid:19 for queryId=alex_20240424062858_6194c91d-7f50-42fb-a453-e2f2a7e668c6
2024-04-24T06:28:58,251  INFO [main] ql.Driver: Operation DROPTABLE obtained 0 locks
2024-04-24T06:28:58,251  INFO [main] ql.Driver: Executing command(queryId=alex_20240424062858_6194c91d-7f50-42fb-a453-e2f2a7e668c6): drop table if exists acidTbl2
2024-04-24T06:28:58,251  INFO [main] ql.Driver: Starting task [Stage-0:DDL] in serial mode
2024-04-24T06:28:58,251  INFO [main] metadata.SessionHiveMetaStoreClient: Column stats doesn't exist for db=default temp table=acidTbl2
2024-04-24T06:28:58,251  INFO [main] metadata.Hive: Dumping metastore api call timing information for : execution phase
2024-04-24T06:28:58,251  INFO [main] metadata.Hive: Total time spent in each metastore function (ms): {getTable_(GetTableRequest)=0, isCompatibleWith_(Configuration)=0, dropTable_(String, String, boolean, boolean, boolean)=0}
2024-04-24T06:28:58,252  INFO [main] ql.Driver: Completed executing command(queryId=alex_20240424062858_6194c91d-7f50-42fb-a453-e2f2a7e668c6); Time taken: 0.0 seconds
2024-04-24T06:28:58,252  INFO [main] lockmgr.DbTxnManager: Stopped heartbeat for query: alex_20240424062858_6194c91d-7f50-42fb-a453-e2f2a7e668c6
2024-04-24T06:28:58,256  INFO [main] txn.TxnHandler: Expected to move at least one record from txn_components to completed_txn_components when committing txn! txnid:19
2024-04-24T06:28:58,262  INFO [main] txn.TxnHandler: Removed transactions: ([19]) from MIN_HISTORY_LEVEL
2024-04-24T06:28:58,262  WARN [main] txn.CompactionTxnHandler: No compaction queue record found for Compaction type transaction commit. txnId:19
2024-04-24T06:28:58,262  INFO [main] ql.TxnCommandsBaseForTests: Running the query: drop table if exists nonAcidOrcTbl
2024-04-24T06:28:58,263  INFO [main] ql.Driver: Compiling command(queryId=alex_20240424062858_8fc754d5-b1b1-40ea-b54c-b4ae02f95c14): drop table if exists nonAcidOrcTbl
2024-04-24T06:28:58,265  INFO [main] txn.TxnHandler: Added entries to MIN_HISTORY_LEVEL for current txns: ([20]) with min_open_txn: 16
2024-04-24T06:28:58,265  INFO [main] lockmgr.DbTxnManager: Opened txnid:20
2024-04-24T06:28:58,265  INFO [main] HiveMetaStore.audit: ugi=alex	ip=unknown-ip-addr	cmd=get_table : tbl=hive.default.nonAcidOrcTbl	
2024-04-24T06:28:58,286  INFO [main] metastore.HMSHandler: Skipping translation for processor with null
2024-04-24T06:28:58,286  INFO [main] ql.Driver: Semantic Analysis Completed (retrial = false)
2024-04-24T06:28:58,286  INFO [main] ql.Driver: Created Hive schema: Schema(fieldSchemas:null, properties:null)
2024-04-24T06:28:58,286  INFO [main] metadata.Hive: Dumping metastore api call timing information for : compilation phase
2024-04-24T06:28:58,286  INFO [main] metadata.Hive: Total time spent in each metastore function (ms): {getTable_(GetTableRequest)=21, getValidTxns_(long)=0, commitTxn_(CommitTxnRequest)=10, isCompatibleWith_(Configuration)=0, flushCache_()=0, openTxn_(String, TxnType)=2}
2024-04-24T06:28:58,286  INFO [main] ql.Driver: Completed compiling command(queryId=alex_20240424062858_8fc754d5-b1b1-40ea-b54c-b4ae02f95c14); Time taken: 0.023 seconds
2024-04-24T06:28:58,287  INFO [main] lockmgr.DbTxnManager: Setting lock request transaction to txnid:20 for queryId=alex_20240424062858_8fc754d5-b1b1-40ea-b54c-b4ae02f95c14
2024-04-24T06:28:58,287  INFO [main] lockmgr.DbLockManager: Requesting lock for queryId=alex_20240424062858_8fc754d5-b1b1-40ea-b54c-b4ae02f95c14
2024-04-24T06:28:58,300  INFO [main] lockmgr.DbLockManager: Response to queryId=alex_20240424062858_8fc754d5-b1b1-40ea-b54c-b4ae02f95c14 LockResponse(lockid:11, state:ACQUIRED)
2024-04-24T06:28:58,300  INFO [main] ql.Driver: Operation DROPTABLE obtained 1 locks
2024-04-24T06:28:58,300  INFO [main] ql.Driver: Executing command(queryId=alex_20240424062858_8fc754d5-b1b1-40ea-b54c-b4ae02f95c14): drop table if exists nonAcidOrcTbl
2024-04-24T06:28:58,300  INFO [main] ql.Driver: Starting task [Stage-0:DDL] in serial mode
2024-04-24T06:28:58,300  INFO [main] HiveMetaStore.audit: ugi=alex	ip=unknown-ip-addr	cmd=get_table : tbl=hive.default.nonAcidOrcTbl	
2024-04-24T06:28:58,308  INFO [main] metastore.HMSHandler: Skipping translation for processor with null
2024-04-24T06:28:58,308  INFO [main] HiveMetaStore.audit: ugi=alex	ip=unknown-ip-addr	cmd=get_table : tbl=hive.default.nonAcidOrcTbl	
2024-04-24T06:28:58,315  INFO [main] metastore.HMSHandler: Skipping translation for processor with null
2024-04-24T06:28:58,315  INFO [main] HiveMetaStore.audit: ugi=alex	ip=unknown-ip-addr	cmd=drop_table : tbl=hive.default.nonAcidOrcTbl	
2024-04-24T06:28:58,392  INFO [main] metadata.Hive: Dumping metastore api call timing information for : execution phase
2024-04-24T06:28:58,392  INFO [main] metadata.Hive: Total time spent in each metastore function (ms): {isCompatibleWith_(Configuration)=0, dropTable_(String, String, boolean, boolean, boolean)=84, getTable_(GetTableRequest)=8}
2024-04-24T06:28:58,392  INFO [main] ql.Driver: Completed executing command(queryId=alex_20240424062858_8fc754d5-b1b1-40ea-b54c-b4ae02f95c14); Time taken: 0.092 seconds
2024-04-24T06:28:58,392  INFO [main] lockmgr.DbTxnManager: Stopped heartbeat for query: alex_20240424062858_8fc754d5-b1b1-40ea-b54c-b4ae02f95c14
2024-04-24T06:28:58,395  INFO [main] txn.TxnHandler: Expected to move at least one record from txn_components to completed_txn_components when committing txn! txnid:20
2024-04-24T06:28:58,400  INFO [main] txn.TxnHandler: Removed transactions: ([20]) from MIN_HISTORY_LEVEL
2024-04-24T06:28:58,400  WARN [main] txn.CompactionTxnHandler: No compaction queue record found for Compaction type transaction commit. txnId:20
2024-04-24T06:28:58,401  INFO [main] ql.TxnCommandsBaseForTests: Running the query: drop table if exists nonAcidOrcTbl2
2024-04-24T06:28:58,401  INFO [main] ql.Driver: Compiling command(queryId=alex_20240424062858_bbfc4b5e-73a1-4686-98b8-2a558079e0da): drop table if exists nonAcidOrcTbl2
2024-04-24T06:28:58,403  INFO [main] txn.TxnHandler: Added entries to MIN_HISTORY_LEVEL for current txns: ([21]) with min_open_txn: 16
2024-04-24T06:28:58,403  INFO [main] lockmgr.DbTxnManager: Opened txnid:21
2024-04-24T06:28:58,403  INFO [main] HiveMetaStore.audit: ugi=alex	ip=unknown-ip-addr	cmd=get_table : tbl=hive.default.nonAcidOrcTbl2	
2024-04-24T06:28:58,411  INFO [main] metastore.HMSHandler: Skipping translation for processor with null
2024-04-24T06:28:58,411  INFO [main] ql.Driver: Semantic Analysis Completed (retrial = false)
2024-04-24T06:28:58,411  INFO [main] ql.Driver: Created Hive schema: Schema(fieldSchemas:null, properties:null)
2024-04-24T06:28:58,411  INFO [main] metadata.Hive: Dumping metastore api call timing information for : compilation phase
2024-04-24T06:28:58,411  INFO [main] metadata.Hive: Total time spent in each metastore function (ms): {openTxn_(String, TxnType)=2, commitTxn_(CommitTxnRequest)=8, flushCache_()=0, getTable_(GetTableRequest)=8, getValidTxns_(long)=0, isCompatibleWith_(Configuration)=0}
2024-04-24T06:28:58,411  INFO [main] ql.Driver: Completed compiling command(queryId=alex_20240424062858_bbfc4b5e-73a1-4686-98b8-2a558079e0da); Time taken: 0.01 seconds
2024-04-24T06:28:58,412  INFO [main] lockmgr.DbTxnManager: Setting lock request transaction to txnid:21 for queryId=alex_20240424062858_bbfc4b5e-73a1-4686-98b8-2a558079e0da
2024-04-24T06:28:58,412  INFO [main] lockmgr.DbLockManager: Requesting lock for queryId=alex_20240424062858_bbfc4b5e-73a1-4686-98b8-2a558079e0da
2024-04-24T06:28:58,424  INFO [main] lockmgr.DbLockManager: Response to queryId=alex_20240424062858_bbfc4b5e-73a1-4686-98b8-2a558079e0da LockResponse(lockid:12, state:ACQUIRED)
2024-04-24T06:28:58,424  INFO [main] ql.Driver: Operation DROPTABLE obtained 1 locks
2024-04-24T06:28:58,424  INFO [main] ql.Driver: Executing command(queryId=alex_20240424062858_bbfc4b5e-73a1-4686-98b8-2a558079e0da): drop table if exists nonAcidOrcTbl2
2024-04-24T06:28:58,424  INFO [main] ql.Driver: Starting task [Stage-0:DDL] in serial mode
2024-04-24T06:28:58,425  INFO [main] HiveMetaStore.audit: ugi=alex	ip=unknown-ip-addr	cmd=get_table : tbl=hive.default.nonAcidOrcTbl2	
2024-04-24T06:28:58,432  INFO [main] metastore.HMSHandler: Skipping translation for processor with null
2024-04-24T06:28:58,432  INFO [main] HiveMetaStore.audit: ugi=alex	ip=unknown-ip-addr	cmd=get_table : tbl=hive.default.nonAcidOrcTbl2	
2024-04-24T06:28:58,439  INFO [main] metastore.HMSHandler: Skipping translation for processor with null
2024-04-24T06:28:58,439  INFO [main] HiveMetaStore.audit: ugi=alex	ip=unknown-ip-addr	cmd=drop_table : tbl=hive.default.nonAcidOrcTbl2	
2024-04-24T06:28:58,469  INFO [main] metadata.Hive: Dumping metastore api call timing information for : execution phase
2024-04-24T06:28:58,469  INFO [main] metadata.Hive: Total time spent in each metastore function (ms): {getTable_(GetTableRequest)=7, isCompatibleWith_(Configuration)=1, dropTable_(String, String, boolean, boolean, boolean)=37}
2024-04-24T06:28:58,469  INFO [main] ql.Driver: Completed executing command(queryId=alex_20240424062858_bbfc4b5e-73a1-4686-98b8-2a558079e0da); Time taken: 0.045 seconds
2024-04-24T06:28:58,469  INFO [main] lockmgr.DbTxnManager: Stopped heartbeat for query: alex_20240424062858_bbfc4b5e-73a1-4686-98b8-2a558079e0da
2024-04-24T06:28:58,473  INFO [main] txn.TxnHandler: Expected to move at least one record from txn_components to completed_txn_components when committing txn! txnid:21
2024-04-24T06:28:58,479  INFO [main] txn.TxnHandler: Removed transactions: ([21]) from MIN_HISTORY_LEVEL
2024-04-24T06:28:58,479  WARN [main] txn.CompactionTxnHandler: No compaction queue record found for Compaction type transaction commit. txnId:21
2024-04-24T06:28:58,480  INFO [main] ql.TxnCommandsBaseForTests: Running the query: drop table if exists nonAcidNonBucket
2024-04-24T06:28:58,480  INFO [main] ql.Driver: Compiling command(queryId=alex_20240424062858_59107378-07f2-434d-aee4-ea6e9224dfcb): drop table if exists nonAcidNonBucket
2024-04-24T06:28:58,482  INFO [main] txn.TxnHandler: Added entries to MIN_HISTORY_LEVEL for current txns: ([22]) with min_open_txn: 16
2024-04-24T06:28:58,483  INFO [main] lockmgr.DbTxnManager: Opened txnid:22
2024-04-24T06:28:58,483  INFO [main] HiveMetaStore.audit: ugi=alex	ip=unknown-ip-addr	cmd=get_table : tbl=hive.default.nonAcidNonBucket	
2024-04-24T06:28:58,491  INFO [main] metastore.HMSHandler: Skipping translation for processor with null
2024-04-24T06:28:58,492  INFO [main] ql.Driver: Semantic Analysis Completed (retrial = false)
2024-04-24T06:28:58,492  INFO [main] ql.Driver: Created Hive schema: Schema(fieldSchemas:null, properties:null)
2024-04-24T06:28:58,492  INFO [main] metadata.Hive: Dumping metastore api call timing information for : compilation phase
2024-04-24T06:28:58,492  INFO [main] metadata.Hive: Total time spent in each metastore function (ms): {flushCache_()=0, getValidTxns_(long)=0, commitTxn_(CommitTxnRequest)=11, isCompatibleWith_(Configuration)=1, getTable_(GetTableRequest)=9, openTxn_(String, TxnType)=2}
2024-04-24T06:28:58,492  INFO [main] ql.Driver: Completed compiling command(queryId=alex_20240424062858_59107378-07f2-434d-aee4-ea6e9224dfcb); Time taken: 0.012 seconds
2024-04-24T06:28:58,492  INFO [main] lockmgr.DbTxnManager: Setting lock request transaction to txnid:22 for queryId=alex_20240424062858_59107378-07f2-434d-aee4-ea6e9224dfcb
2024-04-24T06:28:58,493  INFO [main] lockmgr.DbLockManager: Requesting lock for queryId=alex_20240424062858_59107378-07f2-434d-aee4-ea6e9224dfcb
2024-04-24T06:28:58,507  INFO [main] lockmgr.DbLockManager: Response to queryId=alex_20240424062858_59107378-07f2-434d-aee4-ea6e9224dfcb LockResponse(lockid:13, state:ACQUIRED)
2024-04-24T06:28:58,507  INFO [main] ql.Driver: Operation DROPTABLE obtained 1 locks
2024-04-24T06:28:58,507  INFO [main] ql.Driver: Executing command(queryId=alex_20240424062858_59107378-07f2-434d-aee4-ea6e9224dfcb): drop table if exists nonAcidNonBucket
2024-04-24T06:28:58,507  INFO [main] ql.Driver: Starting task [Stage-0:DDL] in serial mode
2024-04-24T06:28:58,507  INFO [main] HiveMetaStore.audit: ugi=alex	ip=unknown-ip-addr	cmd=get_table : tbl=hive.default.nonAcidNonBucket	
2024-04-24T06:28:58,515  INFO [main] metastore.HMSHandler: Skipping translation for processor with null
2024-04-24T06:28:58,515  INFO [main] HiveMetaStore.audit: ugi=alex	ip=unknown-ip-addr	cmd=get_table : tbl=hive.default.nonAcidNonBucket	
2024-04-24T06:28:58,523  INFO [main] metastore.HMSHandler: Skipping translation for processor with null
2024-04-24T06:28:58,523  INFO [main] HiveMetaStore.audit: ugi=alex	ip=unknown-ip-addr	cmd=drop_table : tbl=hive.default.nonAcidNonBucket	
2024-04-24T06:28:58,553  INFO [main] metadata.Hive: Dumping metastore api call timing information for : execution phase
2024-04-24T06:28:58,553  INFO [main] metadata.Hive: Total time spent in each metastore function (ms): {isCompatibleWith_(Configuration)=0, dropTable_(String, String, boolean, boolean, boolean)=38, getTable_(GetTableRequest)=8}
2024-04-24T06:28:58,553  INFO [main] ql.Driver: Completed executing command(queryId=alex_20240424062858_59107378-07f2-434d-aee4-ea6e9224dfcb); Time taken: 0.046 seconds
2024-04-24T06:28:58,553  INFO [main] lockmgr.DbTxnManager: Stopped heartbeat for query: alex_20240424062858_59107378-07f2-434d-aee4-ea6e9224dfcb
2024-04-24T06:28:58,558  INFO [main] txn.TxnHandler: Expected to move at least one record from txn_components to completed_txn_components when committing txn! txnid:22
2024-04-24T06:28:58,564  INFO [main] txn.TxnHandler: Removed transactions: ([22]) from MIN_HISTORY_LEVEL
2024-04-24T06:28:58,564  WARN [main] txn.CompactionTxnHandler: No compaction queue record found for Compaction type transaction commit. txnId:22
2024-04-24T06:28:58,565  INFO [main] utils.TestTxnDbUtil: Cleaning transactional tables
]]></system-err>
  </testcase>
  <testcase name="testMultipleDelete" classname="org.apache.hadoop.hive.ql.TestTxnCommands" time="4.307">
    <error type="java.lang.RuntimeException"><![CDATA[java.lang.RuntimeException: delete from acidTbl where b = 8 failed: (responseCode = 40000, errorMessage = FAILED: NoMatchingMethodException No matching method for class org.apache.hadoop.hive.ql.udf.UDFToInteger with (struct<writeid:bigint,bucketid:int,rowid:bigint>). Possible choices: _FUNC_(bigint)  _FUNC_(boolean)  _FUNC_(decimal(38,18))  _FUNC_(double)  _FUNC_(float)  _FUNC_(smallint)  _FUNC_(string)  _FUNC_(struct<writeid:int,bucketid:bigint,rowid:bigint>)  _FUNC_(timestamp)  _FUNC_(tinyint)  _FUNC_(void)  , hiveErrorCode = 40000, SQLState = 42000, exception = No matching method for class org.apache.hadoop.hive.ql.udf.UDFToInteger with (struct<writeid:bigint,bucketid:int,rowid:bigint>). Possible choices: _FUNC_(bigint)  _FUNC_(boolean)  _FUNC_(decimal(38,18))  _FUNC_(double)  _FUNC_(float)  _FUNC_(smallint)  _FUNC_(string)  _FUNC_(struct<writeid:int,bucketid:bigint,rowid:bigint>)  _FUNC_(timestamp)  _FUNC_(tinyint)  _FUNC_(void)  )
	at org.apache.hadoop.hive.ql.TxnCommandsBaseForTests.runStatementOnDriver(TxnCommandsBaseForTests.java:247)
	at org.apache.hadoop.hive.ql.TestTxnCommands.testMultipleDelete(TestTxnCommands.java:906)
	at sun.reflect.NativeMethodAccessorImpl.invoke0(Native Method)
	at sun.reflect.NativeMethodAccessorImpl.invoke(NativeMethodAccessorImpl.java:62)
	at sun.reflect.DelegatingMethodAccessorImpl.invoke(DelegatingMethodAccessorImpl.java:43)
	at java.lang.reflect.Method.invoke(Method.java:498)
	at org.junit.runners.model.FrameworkMethod$1.runReflectiveCall(FrameworkMethod.java:59)
	at org.junit.internal.runners.model.ReflectiveCallable.run(ReflectiveCallable.java:12)
	at org.junit.runners.model.FrameworkMethod.invokeExplosively(FrameworkMethod.java:56)
	at org.junit.internal.runners.statements.InvokeMethod.evaluate(InvokeMethod.java:17)
	at org.junit.internal.runners.statements.RunBefores.evaluate(RunBefores.java:26)
	at org.junit.internal.runners.statements.RunAfters.evaluate(RunAfters.java:27)
	at org.junit.rules.TestWatcher$1.evaluate(TestWatcher.java:61)
	at org.junit.runners.ParentRunner$3.evaluate(ParentRunner.java:306)
	at org.junit.runners.BlockJUnit4ClassRunner$1.evaluate(BlockJUnit4ClassRunner.java:100)
	at org.junit.runners.ParentRunner.runLeaf(ParentRunner.java:366)
	at org.junit.runners.BlockJUnit4ClassRunner.runChild(BlockJUnit4ClassRunner.java:103)
	at org.junit.runners.BlockJUnit4ClassRunner.runChild(BlockJUnit4ClassRunner.java:63)
	at org.junit.runners.ParentRunner$4.run(ParentRunner.java:331)
	at org.junit.runners.ParentRunner$1.schedule(ParentRunner.java:79)
	at org.junit.runners.ParentRunner.runChildren(ParentRunner.java:329)
	at org.junit.runners.ParentRunner.access$100(ParentRunner.java:66)
	at org.junit.runners.ParentRunner$2.evaluate(ParentRunner.java:293)
	at org.junit.runners.ParentRunner$3.evaluate(ParentRunner.java:306)
	at org.junit.runners.ParentRunner.run(ParentRunner.java:413)
	at org.junit.runner.JUnitCore.run(JUnitCore.java:137)
	at org.junit.runner.JUnitCore.run(JUnitCore.java:115)
	at org.junit.vintage.engine.execution.RunnerExecutor.execute(RunnerExecutor.java:43)
	at java.util.stream.ForEachOps$ForEachOp$OfRef.accept(ForEachOps.java:183)
	at java.util.stream.ReferencePipeline$3$1.accept(ReferencePipeline.java:193)
	at java.util.Iterator.forEachRemaining(Iterator.java:116)
	at java.util.Spliterators$IteratorSpliterator.forEachRemaining(Spliterators.java:1801)
	at java.util.stream.AbstractPipeline.copyInto(AbstractPipeline.java:482)
	at java.util.stream.AbstractPipeline.wrapAndCopyInto(AbstractPipeline.java:472)
	at java.util.stream.ForEachOps$ForEachOp.evaluateSequential(ForEachOps.java:150)
	at java.util.stream.ForEachOps$ForEachOp$OfRef.evaluateSequential(ForEachOps.java:173)
	at java.util.stream.AbstractPipeline.evaluate(AbstractPipeline.java:234)
	at java.util.stream.ReferencePipeline.forEach(ReferencePipeline.java:485)
	at org.junit.vintage.engine.VintageTestEngine.executeAllChildren(VintageTestEngine.java:82)
	at org.junit.vintage.engine.VintageTestEngine.execute(VintageTestEngine.java:73)
	at org.junit.platform.launcher.core.DefaultLauncher.execute(DefaultLauncher.java:248)
	at org.junit.platform.launcher.core.DefaultLauncher.lambda$execute$5(DefaultLauncher.java:211)
	at org.junit.platform.launcher.core.DefaultLauncher.withInterceptedStreams(DefaultLauncher.java:226)
	at org.junit.platform.launcher.core.DefaultLauncher.execute(DefaultLauncher.java:199)
	at org.junit.platform.launcher.core.DefaultLauncher.execute(DefaultLauncher.java:132)
	at org.apache.maven.surefire.junitplatform.JUnitPlatformProvider.invokeAllTests(JUnitPlatformProvider.java:154)
	at org.apache.maven.surefire.junitplatform.JUnitPlatformProvider.invoke(JUnitPlatformProvider.java:123)
	at org.apache.maven.surefire.booter.ForkedBooter.runSuitesInProcess(ForkedBooter.java:377)
	at org.apache.maven.surefire.booter.ForkedBooter.execute(ForkedBooter.java:138)
	at org.apache.maven.surefire.booter.ForkedBooter.run(ForkedBooter.java:465)
	at org.apache.maven.surefire.booter.ForkedBooter.main(ForkedBooter.java:451)
]]></error>
    <system-err><![CDATA[2024-04-24T06:28:58,624  WARN [main] conf.HiveConf: HiveConf of name hive.metastore.client.cache.recordStats does not exist
2024-04-24T06:28:58,624  WARN [main] conf.HiveConf: HiveConf of name hive.llap.io.cache.orc.alloc.min does not exist
2024-04-24T06:28:58,624  WARN [main] conf.HiveConf: HiveConf of name hive.dummyparam.test.server.specific.config.metastoresite does not exist
2024-04-24T06:28:58,624  WARN [main] conf.HiveConf: HiveConf of name hive.dummyparam.test.server.specific.config.hivesite does not exist
2024-04-24T06:28:58,624  WARN [main] conf.HiveConf: HiveConf of name hive.metastore.client.cache.maxSize does not exist
2024-04-24T06:28:58,624  WARN [main] conf.HiveConf: HiveConf of name hive.dummyparam.test.server.specific.config.override does not exist
2024-04-24T06:28:58,624  WARN [main] conf.HiveConf: HiveConf of name hive.metastore.metadb.dir does not exist
2024-04-24T06:28:58,624  WARN [main] conf.HiveConf: HiveConf of name hive.llap.io.cache.orc.size does not exist
2024-04-24T06:28:58,624  WARN [main] conf.HiveConf: HiveConf of name hive.stats.key.prefix.reserve.length does not exist
2024-04-24T06:28:58,624  WARN [main] conf.HiveConf: HiveConf of name hive.llap.io.cache.orc.alloc.max does not exist
2024-04-24T06:28:58,624  WARN [main] conf.HiveConf: HiveConf of name hive.llap.io.cache.orc.arena.size does not exist
2024-04-24T06:28:58,626  INFO [main] utils.TestTxnDbUtil: Creating transactional tables
Hive Session ID = d771c872-91e2-4a90-8d28-925a2f22fab8
2024-04-24T06:28:58,628  INFO [main] SessionState: Hive Session ID = d771c872-91e2-4a90-8d28-925a2f22fab8
ivysettings.xml file not found in HIVE_HOME or HIVE_CONF_DIR,/home/alex/Repositories/hive/conf/ivysettings.xml will be used
2024-04-24T06:28:58,629  INFO [main] DependencyResolver: ivysettings.xml file not found in HIVE_HOME or HIVE_CONF_DIR,/home/alex/Repositories/hive/conf/ivysettings.xml will be used
2024-04-24T06:28:58,634  INFO [main] session.SessionState: Created HDFS directory: /home/alex/Repositories/hive/ql/target/tmp/scratchdir/alex/d771c872-91e2-4a90-8d28-925a2f22fab8
2024-04-24T06:28:58,636  INFO [main] session.SessionState: Created local directory: /home/alex/Repositories/hive/ql/target/tmp/localscratchdir/d771c872-91e2-4a90-8d28-925a2f22fab8
2024-04-24T06:28:58,638  INFO [main] session.SessionState: Created HDFS directory: /home/alex/Repositories/hive/ql/target/tmp/scratchdir/alex/d771c872-91e2-4a90-8d28-925a2f22fab8/_tmp_space.db
2024-04-24T06:28:58,639  INFO [main] sqlstd.SQLStdHiveAccessController: Created SQLStdHiveAccessController for session context : HiveAuthzSessionContext [sessionString=d771c872-91e2-4a90-8d28-925a2f22fab8, clientType=HIVECLI]
2024-04-24T06:28:58,639  INFO [main] ql.TxnCommandsBaseForTests: Running the query: drop table if exists acidTbl
2024-04-24T06:28:58,639  INFO [main] ql.Driver: Compiling command(queryId=alex_20240424062858_49aeb4de-1b17-429c-b7e9-fe9d1959314c): drop table if exists acidTbl
2024-04-24T06:28:58,646  INFO [main] txn.TxnHandler: Added entries to MIN_HISTORY_LEVEL for current txns: ([1]) with min_open_txn: 1
2024-04-24T06:28:58,646  INFO [main] lockmgr.DbTxnManager: Opened txnid:1
2024-04-24T06:28:58,648  INFO [main] HiveMetaStore.audit: ugi=alex	ip=unknown-ip-addr	cmd=get_table : tbl=hive.default.acidTbl	
2024-04-24T06:28:58,651  INFO [main] ql.Driver: Semantic Analysis Completed (retrial = false)
2024-04-24T06:28:58,651  INFO [main] ql.Driver: Created Hive schema: Schema(fieldSchemas:null, properties:null)
2024-04-24T06:28:58,651  INFO [main] metadata.Hive: Dumping metastore api call timing information for : compilation phase
2024-04-24T06:28:58,651  INFO [main] metadata.Hive: Total time spent in each metastore function (ms): {getValidTxns_(long)=2, openTxn_(String, TxnType)=6, commitTxn_(CommitTxnRequest)=11, flushCache_()=0, isCompatibleWith_(Configuration)=0}
2024-04-24T06:28:58,651  INFO [main] ql.Driver: Completed compiling command(queryId=alex_20240424062858_49aeb4de-1b17-429c-b7e9-fe9d1959314c); Time taken: 0.012 seconds
2024-04-24T06:28:58,651  INFO [main] lockmgr.DbTxnManager: Setting lock request transaction to txnid:1 for queryId=alex_20240424062858_49aeb4de-1b17-429c-b7e9-fe9d1959314c
2024-04-24T06:28:58,651  INFO [main] ql.Driver: Operation DROPTABLE obtained 0 locks
2024-04-24T06:28:58,651  INFO [main] ql.Driver: Executing command(queryId=alex_20240424062858_49aeb4de-1b17-429c-b7e9-fe9d1959314c): drop table if exists acidTbl
2024-04-24T06:28:58,651  INFO [main] ql.Driver: Starting task [Stage-0:DDL] in serial mode
2024-04-24T06:28:58,652  INFO [main] HiveMetaStore.audit: ugi=alex	ip=unknown-ip-addr	cmd=get_table : tbl=hive.default.acidTbl	
2024-04-24T06:28:58,655  INFO [main] metadata.Hive: Dumping metastore api call timing information for : execution phase
2024-04-24T06:28:58,655  INFO [main] metadata.Hive: Total time spent in each metastore function (ms): {isCompatibleWith_(Configuration)=1}
2024-04-24T06:28:58,655  INFO [main] ql.Driver: Completed executing command(queryId=alex_20240424062858_49aeb4de-1b17-429c-b7e9-fe9d1959314c); Time taken: 0.004 seconds
2024-04-24T06:28:58,655  INFO [main] lockmgr.DbTxnManager: Stopped heartbeat for query: alex_20240424062858_49aeb4de-1b17-429c-b7e9-fe9d1959314c
2024-04-24T06:28:58,660  INFO [main] txn.TxnHandler: Expected to move at least one record from txn_components to completed_txn_components when committing txn! txnid:1
2024-04-24T06:28:58,665  INFO [main] txn.TxnHandler: Removed transactions: ([1]) from MIN_HISTORY_LEVEL
2024-04-24T06:28:58,665  WARN [main] txn.CompactionTxnHandler: No compaction queue record found for Compaction type transaction commit. txnId:1
2024-04-24T06:28:58,666  INFO [main] ql.TxnCommandsBaseForTests: Running the query: drop table if exists acidTblPart
2024-04-24T06:28:58,666  INFO [main] ql.Driver: Compiling command(queryId=alex_20240424062858_cdd4989e-777a-4c85-bcd7-6b2eb5a182ea): drop table if exists acidTblPart
2024-04-24T06:28:58,668  INFO [main] txn.TxnHandler: Added entries to MIN_HISTORY_LEVEL for current txns: ([2]) with min_open_txn: 1
2024-04-24T06:28:58,668  INFO [main] lockmgr.DbTxnManager: Opened txnid:2
2024-04-24T06:28:58,668  INFO [main] HiveMetaStore.audit: ugi=alex	ip=unknown-ip-addr	cmd=get_table : tbl=hive.default.acidTblPart	
2024-04-24T06:28:58,671  INFO [main] ql.Driver: Semantic Analysis Completed (retrial = false)
2024-04-24T06:28:58,671  INFO [main] ql.Driver: Created Hive schema: Schema(fieldSchemas:null, properties:null)
2024-04-24T06:28:58,671  INFO [main] metadata.Hive: Dumping metastore api call timing information for : compilation phase
2024-04-24T06:28:58,671  INFO [main] metadata.Hive: Total time spent in each metastore function (ms): {flushCache_()=0, isCompatibleWith_(Configuration)=0, commitTxn_(CommitTxnRequest)=11, getValidTxns_(long)=0, openTxn_(String, TxnType)=2}
2024-04-24T06:28:58,671  INFO [main] ql.Driver: Completed compiling command(queryId=alex_20240424062858_cdd4989e-777a-4c85-bcd7-6b2eb5a182ea); Time taken: 0.005 seconds
2024-04-24T06:28:58,671  INFO [main] lockmgr.DbTxnManager: Setting lock request transaction to txnid:2 for queryId=alex_20240424062858_cdd4989e-777a-4c85-bcd7-6b2eb5a182ea
2024-04-24T06:28:58,672  INFO [main] ql.Driver: Operation DROPTABLE obtained 0 locks
2024-04-24T06:28:58,672  INFO [main] ql.Driver: Executing command(queryId=alex_20240424062858_cdd4989e-777a-4c85-bcd7-6b2eb5a182ea): drop table if exists acidTblPart
2024-04-24T06:28:58,672  INFO [main] ql.Driver: Starting task [Stage-0:DDL] in serial mode
2024-04-24T06:28:58,672  INFO [main] HiveMetaStore.audit: ugi=alex	ip=unknown-ip-addr	cmd=get_table : tbl=hive.default.acidTblPart	
2024-04-24T06:28:58,675  INFO [main] metadata.Hive: Dumping metastore api call timing information for : execution phase
2024-04-24T06:28:58,675  INFO [main] metadata.Hive: Total time spent in each metastore function (ms): {isCompatibleWith_(Configuration)=0}
2024-04-24T06:28:58,676  INFO [main] ql.Driver: Completed executing command(queryId=alex_20240424062858_cdd4989e-777a-4c85-bcd7-6b2eb5a182ea); Time taken: 0.003 seconds
2024-04-24T06:28:58,676  INFO [main] lockmgr.DbTxnManager: Stopped heartbeat for query: alex_20240424062858_cdd4989e-777a-4c85-bcd7-6b2eb5a182ea
2024-04-24T06:28:58,680  INFO [main] txn.TxnHandler: Expected to move at least one record from txn_components to completed_txn_components when committing txn! txnid:2
2024-04-24T06:28:58,684  INFO [main] txn.TxnHandler: Removed transactions: ([2]) from MIN_HISTORY_LEVEL
2024-04-24T06:28:58,685  WARN [main] txn.CompactionTxnHandler: No compaction queue record found for Compaction type transaction commit. txnId:2
2024-04-24T06:28:58,685  INFO [main] ql.TxnCommandsBaseForTests: Running the query: drop table if exists acidTbl2
2024-04-24T06:28:58,685  INFO [main] ql.Driver: Compiling command(queryId=alex_20240424062858_b17ae81a-98bd-42bb-8ebb-ffa270acd114): drop table if exists acidTbl2
2024-04-24T06:28:58,687  INFO [main] txn.TxnHandler: Added entries to MIN_HISTORY_LEVEL for current txns: ([3]) with min_open_txn: 1
2024-04-24T06:28:58,687  INFO [main] lockmgr.DbTxnManager: Opened txnid:3
2024-04-24T06:28:58,688  INFO [main] HiveMetaStore.audit: ugi=alex	ip=unknown-ip-addr	cmd=get_table : tbl=hive.default.acidTbl2	
2024-04-24T06:28:58,690  INFO [main] ql.Driver: Semantic Analysis Completed (retrial = false)
2024-04-24T06:28:58,690  INFO [main] ql.Driver: Created Hive schema: Schema(fieldSchemas:null, properties:null)
2024-04-24T06:28:58,690  INFO [main] metadata.Hive: Dumping metastore api call timing information for : compilation phase
2024-04-24T06:28:58,690  INFO [main] metadata.Hive: Total time spent in each metastore function (ms): {flushCache_()=0, getValidTxns_(long)=1, isCompatibleWith_(Configuration)=0, openTxn_(String, TxnType)=1, commitTxn_(CommitTxnRequest)=9}
2024-04-24T06:28:58,691  INFO [main] ql.Driver: Completed compiling command(queryId=alex_20240424062858_b17ae81a-98bd-42bb-8ebb-ffa270acd114); Time taken: 0.005 seconds
2024-04-24T06:28:58,691  INFO [main] lockmgr.DbTxnManager: Setting lock request transaction to txnid:3 for queryId=alex_20240424062858_b17ae81a-98bd-42bb-8ebb-ffa270acd114
2024-04-24T06:28:58,691  INFO [main] ql.Driver: Operation DROPTABLE obtained 0 locks
2024-04-24T06:28:58,691  INFO [main] ql.Driver: Executing command(queryId=alex_20240424062858_b17ae81a-98bd-42bb-8ebb-ffa270acd114): drop table if exists acidTbl2
2024-04-24T06:28:58,691  INFO [main] ql.Driver: Starting task [Stage-0:DDL] in serial mode
2024-04-24T06:28:58,691  INFO [main] HiveMetaStore.audit: ugi=alex	ip=unknown-ip-addr	cmd=get_table : tbl=hive.default.acidTbl2	
2024-04-24T06:28:58,693  INFO [main] metadata.Hive: Dumping metastore api call timing information for : execution phase
2024-04-24T06:28:58,694  INFO [main] metadata.Hive: Total time spent in each metastore function (ms): {isCompatibleWith_(Configuration)=0}
2024-04-24T06:28:58,694  INFO [main] ql.Driver: Completed executing command(queryId=alex_20240424062858_b17ae81a-98bd-42bb-8ebb-ffa270acd114); Time taken: 0.002 seconds
2024-04-24T06:28:58,694  INFO [main] lockmgr.DbTxnManager: Stopped heartbeat for query: alex_20240424062858_b17ae81a-98bd-42bb-8ebb-ffa270acd114
2024-04-24T06:28:58,698  INFO [main] txn.TxnHandler: Expected to move at least one record from txn_components to completed_txn_components when committing txn! txnid:3
2024-04-24T06:28:58,703  INFO [main] txn.TxnHandler: Removed transactions: ([3]) from MIN_HISTORY_LEVEL
2024-04-24T06:28:58,703  WARN [main] txn.CompactionTxnHandler: No compaction queue record found for Compaction type transaction commit. txnId:3
2024-04-24T06:28:58,704  INFO [main] ql.TxnCommandsBaseForTests: Running the query: drop table if exists nonAcidOrcTbl
2024-04-24T06:28:58,704  INFO [main] ql.Driver: Compiling command(queryId=alex_20240424062858_f5b10017-e7a7-48de-b2c3-e5527ec282f9): drop table if exists nonAcidOrcTbl
2024-04-24T06:28:58,706  INFO [main] txn.TxnHandler: Added entries to MIN_HISTORY_LEVEL for current txns: ([4]) with min_open_txn: 1
2024-04-24T06:28:58,706  INFO [main] lockmgr.DbTxnManager: Opened txnid:4
2024-04-24T06:28:58,707  INFO [main] HiveMetaStore.audit: ugi=alex	ip=unknown-ip-addr	cmd=get_table : tbl=hive.default.nonAcidOrcTbl	
2024-04-24T06:28:58,709  INFO [main] ql.Driver: Semantic Analysis Completed (retrial = false)
2024-04-24T06:28:58,709  INFO [main] ql.Driver: Created Hive schema: Schema(fieldSchemas:null, properties:null)
2024-04-24T06:28:58,709  INFO [main] metadata.Hive: Dumping metastore api call timing information for : compilation phase
2024-04-24T06:28:58,709  INFO [main] metadata.Hive: Total time spent in each metastore function (ms): {isCompatibleWith_(Configuration)=0, commitTxn_(CommitTxnRequest)=10, flushCache_()=0, openTxn_(String, TxnType)=2, getValidTxns_(long)=0}
2024-04-24T06:28:58,709  INFO [main] ql.Driver: Completed compiling command(queryId=alex_20240424062858_f5b10017-e7a7-48de-b2c3-e5527ec282f9); Time taken: 0.005 seconds
2024-04-24T06:28:58,710  INFO [main] lockmgr.DbTxnManager: Setting lock request transaction to txnid:4 for queryId=alex_20240424062858_f5b10017-e7a7-48de-b2c3-e5527ec282f9
2024-04-24T06:28:58,710  INFO [main] ql.Driver: Operation DROPTABLE obtained 0 locks
2024-04-24T06:28:58,710  INFO [main] ql.Driver: Executing command(queryId=alex_20240424062858_f5b10017-e7a7-48de-b2c3-e5527ec282f9): drop table if exists nonAcidOrcTbl
2024-04-24T06:28:58,710  INFO [main] ql.Driver: Starting task [Stage-0:DDL] in serial mode
2024-04-24T06:28:58,710  INFO [main] HiveMetaStore.audit: ugi=alex	ip=unknown-ip-addr	cmd=get_table : tbl=hive.default.nonAcidOrcTbl	
2024-04-24T06:28:58,713  INFO [main] metadata.Hive: Dumping metastore api call timing information for : execution phase
2024-04-24T06:28:58,713  INFO [main] metadata.Hive: Total time spent in each metastore function (ms): {isCompatibleWith_(Configuration)=0}
2024-04-24T06:28:58,713  INFO [main] ql.Driver: Completed executing command(queryId=alex_20240424062858_f5b10017-e7a7-48de-b2c3-e5527ec282f9); Time taken: 0.003 seconds
2024-04-24T06:28:58,713  INFO [main] lockmgr.DbTxnManager: Stopped heartbeat for query: alex_20240424062858_f5b10017-e7a7-48de-b2c3-e5527ec282f9
2024-04-24T06:28:58,718  INFO [main] txn.TxnHandler: Expected to move at least one record from txn_components to completed_txn_components when committing txn! txnid:4
2024-04-24T06:28:58,722  INFO [main] txn.TxnHandler: Removed transactions: ([4]) from MIN_HISTORY_LEVEL
2024-04-24T06:28:58,723  WARN [main] txn.CompactionTxnHandler: No compaction queue record found for Compaction type transaction commit. txnId:4
2024-04-24T06:28:58,723  INFO [main] ql.TxnCommandsBaseForTests: Running the query: drop table if exists nonAcidOrcTbl2
2024-04-24T06:28:58,723  INFO [main] ql.Driver: Compiling command(queryId=alex_20240424062858_27c8fe6b-0320-4335-9181-f30daa2971c0): drop table if exists nonAcidOrcTbl2
2024-04-24T06:28:58,725  INFO [main] txn.TxnHandler: Added entries to MIN_HISTORY_LEVEL for current txns: ([5]) with min_open_txn: 1
2024-04-24T06:28:58,725  INFO [main] lockmgr.DbTxnManager: Opened txnid:5
2024-04-24T06:28:58,726  INFO [main] HiveMetaStore.audit: ugi=alex	ip=unknown-ip-addr	cmd=get_table : tbl=hive.default.nonAcidOrcTbl2	
2024-04-24T06:28:58,728  INFO [main] ql.Driver: Semantic Analysis Completed (retrial = false)
2024-04-24T06:28:58,728  INFO [main] ql.Driver: Created Hive schema: Schema(fieldSchemas:null, properties:null)
2024-04-24T06:28:58,728  INFO [main] metadata.Hive: Dumping metastore api call timing information for : compilation phase
2024-04-24T06:28:58,728  INFO [main] metadata.Hive: Total time spent in each metastore function (ms): {flushCache_()=0, openTxn_(String, TxnType)=1, isCompatibleWith_(Configuration)=1, commitTxn_(CommitTxnRequest)=9, getValidTxns_(long)=1}
2024-04-24T06:28:58,729  INFO [main] ql.Driver: Completed compiling command(queryId=alex_20240424062858_27c8fe6b-0320-4335-9181-f30daa2971c0); Time taken: 0.005 seconds
2024-04-24T06:28:58,729  INFO [main] lockmgr.DbTxnManager: Setting lock request transaction to txnid:5 for queryId=alex_20240424062858_27c8fe6b-0320-4335-9181-f30daa2971c0
2024-04-24T06:28:58,729  INFO [main] ql.Driver: Operation DROPTABLE obtained 0 locks
2024-04-24T06:28:58,729  INFO [main] ql.Driver: Executing command(queryId=alex_20240424062858_27c8fe6b-0320-4335-9181-f30daa2971c0): drop table if exists nonAcidOrcTbl2
2024-04-24T06:28:58,729  INFO [main] ql.Driver: Starting task [Stage-0:DDL] in serial mode
2024-04-24T06:28:58,729  INFO [main] HiveMetaStore.audit: ugi=alex	ip=unknown-ip-addr	cmd=get_table : tbl=hive.default.nonAcidOrcTbl2	
2024-04-24T06:28:58,732  INFO [main] metadata.Hive: Dumping metastore api call timing information for : execution phase
2024-04-24T06:28:58,732  INFO [main] metadata.Hive: Total time spent in each metastore function (ms): {isCompatibleWith_(Configuration)=0}
2024-04-24T06:28:58,732  INFO [main] ql.Driver: Completed executing command(queryId=alex_20240424062858_27c8fe6b-0320-4335-9181-f30daa2971c0); Time taken: 0.003 seconds
2024-04-24T06:28:58,732  INFO [main] lockmgr.DbTxnManager: Stopped heartbeat for query: alex_20240424062858_27c8fe6b-0320-4335-9181-f30daa2971c0
2024-04-24T06:28:58,736  INFO [main] txn.TxnHandler: Expected to move at least one record from txn_components to completed_txn_components when committing txn! txnid:5
2024-04-24T06:28:58,741  INFO [main] txn.TxnHandler: Removed transactions: ([5]) from MIN_HISTORY_LEVEL
2024-04-24T06:28:58,741  WARN [main] txn.CompactionTxnHandler: No compaction queue record found for Compaction type transaction commit. txnId:5
2024-04-24T06:28:58,742  INFO [main] ql.TxnCommandsBaseForTests: Running the query: drop table if exists nonAcidNonBucket
2024-04-24T06:28:58,742  INFO [main] ql.Driver: Compiling command(queryId=alex_20240424062858_4e59cb2a-1b3c-465c-a0cb-ed787f3a3b39): drop table if exists nonAcidNonBucket
2024-04-24T06:28:58,744  INFO [main] txn.TxnHandler: Added entries to MIN_HISTORY_LEVEL for current txns: ([6]) with min_open_txn: 1
2024-04-24T06:28:58,744  INFO [main] lockmgr.DbTxnManager: Opened txnid:6
2024-04-24T06:28:58,745  INFO [main] HiveMetaStore.audit: ugi=alex	ip=unknown-ip-addr	cmd=get_table : tbl=hive.default.nonAcidNonBucket	
2024-04-24T06:28:58,748  INFO [main] ql.Driver: Semantic Analysis Completed (retrial = false)
2024-04-24T06:28:58,748  INFO [main] ql.Driver: Created Hive schema: Schema(fieldSchemas:null, properties:null)
2024-04-24T06:28:58,748  INFO [main] metadata.Hive: Dumping metastore api call timing information for : compilation phase
2024-04-24T06:28:58,748  INFO [main] metadata.Hive: Total time spent in each metastore function (ms): {getValidTxns_(long)=0, isCompatibleWith_(Configuration)=1, flushCache_()=0, openTxn_(String, TxnType)=1, commitTxn_(CommitTxnRequest)=10}
2024-04-24T06:28:58,748  INFO [main] ql.Driver: Completed compiling command(queryId=alex_20240424062858_4e59cb2a-1b3c-465c-a0cb-ed787f3a3b39); Time taken: 0.006 seconds
2024-04-24T06:28:58,748  INFO [main] lockmgr.DbTxnManager: Setting lock request transaction to txnid:6 for queryId=alex_20240424062858_4e59cb2a-1b3c-465c-a0cb-ed787f3a3b39
2024-04-24T06:28:58,748  INFO [main] ql.Driver: Operation DROPTABLE obtained 0 locks
2024-04-24T06:28:58,748  INFO [main] ql.Driver: Executing command(queryId=alex_20240424062858_4e59cb2a-1b3c-465c-a0cb-ed787f3a3b39): drop table if exists nonAcidNonBucket
2024-04-24T06:28:58,748  INFO [main] ql.Driver: Starting task [Stage-0:DDL] in serial mode
2024-04-24T06:28:58,749  INFO [main] HiveMetaStore.audit: ugi=alex	ip=unknown-ip-addr	cmd=get_table : tbl=hive.default.nonAcidNonBucket	
2024-04-24T06:28:58,752  INFO [main] metadata.Hive: Dumping metastore api call timing information for : execution phase
2024-04-24T06:28:58,753  INFO [main] metadata.Hive: Total time spent in each metastore function (ms): {isCompatibleWith_(Configuration)=1}
2024-04-24T06:28:58,753  INFO [main] ql.Driver: Completed executing command(queryId=alex_20240424062858_4e59cb2a-1b3c-465c-a0cb-ed787f3a3b39); Time taken: 0.004 seconds
2024-04-24T06:28:58,753  INFO [main] lockmgr.DbTxnManager: Stopped heartbeat for query: alex_20240424062858_4e59cb2a-1b3c-465c-a0cb-ed787f3a3b39
2024-04-24T06:28:58,758  INFO [main] txn.TxnHandler: Expected to move at least one record from txn_components to completed_txn_components when committing txn! txnid:6
2024-04-24T06:28:58,763  INFO [main] txn.TxnHandler: Removed transactions: ([6]) from MIN_HISTORY_LEVEL
2024-04-24T06:28:58,763  WARN [main] txn.CompactionTxnHandler: No compaction queue record found for Compaction type transaction commit. txnId:6
2024-04-24T06:28:58,764  INFO [main] ql.TxnCommandsBaseForTests: Running the query: create table acidTbl(a int, b int) clustered by (a) into 2 buckets stored as orc TBLPROPERTIES ('transactional'='true')
2024-04-24T06:28:58,764  INFO [main] ql.Driver: Compiling command(queryId=alex_20240424062858_7190b4cd-e5f0-4d50-9089-7a926bd9c335): create table acidTbl(a int, b int) clustered by (a) into 2 buckets stored as orc TBLPROPERTIES ('transactional'='true')
2024-04-24T06:28:58,766  INFO [main] txn.TxnHandler: Added entries to MIN_HISTORY_LEVEL for current txns: ([7]) with min_open_txn: 1
2024-04-24T06:28:58,766  INFO [main] lockmgr.DbTxnManager: Opened txnid:7
2024-04-24T06:28:58,766  INFO [main] parse.CalcitePlanner: Starting caching scope for: 
2024-04-24T06:28:58,767  INFO [main] parse.CalcitePlanner: Starting Semantic Analysis
2024-04-24T06:28:58,771  INFO [main] parse.CalcitePlanner: Creating table default.acidTbl position=13
2024-04-24T06:28:58,771  INFO [main] HiveMetaStore.audit: ugi=alex	ip=unknown-ip-addr	cmd=get_database: default	
2024-04-24T06:28:58,773  INFO [main] parse.CalcitePlanner: Ending caching scope for: 
2024-04-24T06:28:58,773  INFO [main] ql.Driver: Semantic Analysis Completed (retrial = false)
2024-04-24T06:28:58,773  INFO [main] ql.Driver: Created Hive schema: Schema(fieldSchemas:null, properties:null)
2024-04-24T06:28:58,773  INFO [main] metadata.Hive: Dumping metastore api call timing information for : compilation phase
2024-04-24T06:28:58,773  INFO [main] metadata.Hive: Total time spent in each metastore function (ms): {flushCache_()=0, commitTxn_(CommitTxnRequest)=11, getValidWriteIds_(List, String)=4, getDatabase_(String)=2, isCompatibleWith_(Configuration)=0, openTxn_(String, TxnType)=2, getValidTxns_(long)=0}
2024-04-24T06:28:58,773  INFO [main] ql.Driver: Completed compiling command(queryId=alex_20240424062858_7190b4cd-e5f0-4d50-9089-7a926bd9c335); Time taken: 0.009 seconds
2024-04-24T06:28:58,773  INFO [main] lockmgr.DbTxnManager: Setting lock request transaction to txnid:7 for queryId=alex_20240424062858_7190b4cd-e5f0-4d50-9089-7a926bd9c335
2024-04-24T06:28:58,774  INFO [main] lockmgr.DbLockManager: Requesting lock for queryId=alex_20240424062858_7190b4cd-e5f0-4d50-9089-7a926bd9c335
2024-04-24T06:28:58,789  INFO [main] lockmgr.DbLockManager: Response to queryId=alex_20240424062858_7190b4cd-e5f0-4d50-9089-7a926bd9c335 LockResponse(lockid:1, state:ACQUIRED)
2024-04-24T06:28:58,790  INFO [main] ql.Driver: Operation CREATETABLE obtained 1 locks
2024-04-24T06:28:58,790  INFO [main] ql.Driver: Executing command(queryId=alex_20240424062858_7190b4cd-e5f0-4d50-9089-7a926bd9c335): create table acidTbl(a int, b int) clustered by (a) into 2 buckets stored as orc TBLPROPERTIES ('transactional'='true')
2024-04-24T06:28:58,790  INFO [main] ql.Driver: Starting task [Stage-0:DDL] in serial mode
2024-04-24T06:28:58,791  INFO [main] HiveMetaStore.audit: ugi=alex	ip=unknown-ip-addr	cmd=create_table_req: Table(tableName:acidTbl, dbName:default, owner:alex, createTime:1713965338, lastAccessTime:0, retention:0, sd:StorageDescriptor(cols:[FieldSchema(name:a, type:int, comment:null), FieldSchema(name:b, type:int, comment:null)], location:null, inputFormat:org.apache.hadoop.hive.ql.io.orc.OrcInputFormat, outputFormat:org.apache.hadoop.hive.ql.io.orc.OrcOutputFormat, compressed:false, numBuckets:2, serdeInfo:SerDeInfo(name:null, serializationLib:org.apache.hadoop.hive.ql.io.orc.OrcSerde, parameters:{serialization.format=1}), bucketCols:[a], sortCols:[], parameters:{}, skewedInfo:SkewedInfo(skewedColNames:[], skewedColValues:[], skewedColValueLocationMaps:{}), storedAsSubDirectories:false), partitionKeys:[], parameters:{numFiles=0, rawDataSize=0, numFilesErasureCoded=0, transactional=true, COLUMN_STATS_ACCURATE={"BASIC_STATS":"true","COLUMN_STATS":{"a":"true","b":"true"}}, bucketing_version=2, totalSize=0, numRows=0}, viewOriginalText:null, viewExpandedText:null, tableType:MANAGED_TABLE, privileges:PrincipalPrivilegeSet(userPrivileges:{alex=[PrivilegeGrantInfo(privilege:INSERT, createTime:-1, grantor:alex, grantorType:USER, grantOption:true), PrivilegeGrantInfo(privilege:SELECT, createTime:-1, grantor:alex, grantorType:USER, grantOption:true), PrivilegeGrantInfo(privilege:UPDATE, createTime:-1, grantor:alex, grantorType:USER, grantOption:true), PrivilegeGrantInfo(privilege:DELETE, createTime:-1, grantor:alex, grantorType:USER, grantOption:true)]}, groupPrivileges:null, rolePrivileges:null), temporary:false, catName:hive, ownerType:USER, writeId:0)	
2024-04-24T06:28:58,796  INFO [main] utils.FileUtils: Creating directory if it doesn't exist: file:/home/alex/Repositories/hive/ql/target/tmp/org.apache.hadoop.hive.ql.TestTxnCommands-1713965238357/warehouse/acidtbl
2024-04-24T06:28:58,826  INFO [main] metadata.Hive: Dumping metastore api call timing information for : execution phase
2024-04-24T06:28:58,826  INFO [main] metadata.Hive: Total time spent in each metastore function (ms): {isCompatibleWith_(Configuration)=0, createTable_(Table)=35}
2024-04-24T06:28:58,826  INFO [main] ql.Driver: Completed executing command(queryId=alex_20240424062858_7190b4cd-e5f0-4d50-9089-7a926bd9c335); Time taken: 0.036 seconds
2024-04-24T06:28:58,826  INFO [main] lockmgr.DbTxnManager: Stopped heartbeat for query: alex_20240424062858_7190b4cd-e5f0-4d50-9089-7a926bd9c335
2024-04-24T06:28:58,829  INFO [main] txn.TxnHandler: Expected to move at least one record from txn_components to completed_txn_components when committing txn! txnid:7
2024-04-24T06:28:58,834  INFO [main] txn.TxnHandler: Removed transactions: ([7]) from MIN_HISTORY_LEVEL
2024-04-24T06:28:58,834  WARN [main] txn.CompactionTxnHandler: No compaction queue record found for Compaction type transaction commit. txnId:7
2024-04-24T06:28:58,835  INFO [main] ql.TxnCommandsBaseForTests: Running the query: create table acidTblPart(a int, b int) partitioned by (p string) clustered by (a) into 2 buckets stored as orc TBLPROPERTIES ('transactional'='true')
2024-04-24T06:28:58,835  INFO [main] ql.Driver: Compiling command(queryId=alex_20240424062858_defafe07-8505-4156-9007-d469f7918218): create table acidTblPart(a int, b int) partitioned by (p string) clustered by (a) into 2 buckets stored as orc TBLPROPERTIES ('transactional'='true')
2024-04-24T06:28:58,837  INFO [main] txn.TxnHandler: Added entries to MIN_HISTORY_LEVEL for current txns: ([8]) with min_open_txn: 1
2024-04-24T06:28:58,838  INFO [main] lockmgr.DbTxnManager: Opened txnid:8
2024-04-24T06:28:58,838  INFO [main] parse.CalcitePlanner: Starting caching scope for: 
2024-04-24T06:28:58,838  INFO [main] parse.CalcitePlanner: Starting Semantic Analysis
2024-04-24T06:28:58,840  INFO [main] parse.CalcitePlanner: Creating table default.acidTblPart position=13
2024-04-24T06:28:58,841  INFO [main] HiveMetaStore.audit: ugi=alex	ip=unknown-ip-addr	cmd=get_database: default	
2024-04-24T06:28:58,842  INFO [main] parse.CalcitePlanner: Ending caching scope for: 
2024-04-24T06:28:58,842  INFO [main] ql.Driver: Semantic Analysis Completed (retrial = false)
2024-04-24T06:28:58,842  INFO [main] ql.Driver: Created Hive schema: Schema(fieldSchemas:null, properties:null)
2024-04-24T06:28:58,842  INFO [main] metadata.Hive: Dumping metastore api call timing information for : compilation phase
2024-04-24T06:28:58,842  INFO [main] metadata.Hive: Total time spent in each metastore function (ms): {isCompatibleWith_(Configuration)=0, openTxn_(String, TxnType)=2, commitTxn_(CommitTxnRequest)=9, flushCache_()=1, getValidTxns_(long)=0, getDatabase_(String)=2, getValidWriteIds_(List, String)=2}
2024-04-24T06:28:58,842  INFO [main] ql.Driver: Completed compiling command(queryId=alex_20240424062858_defafe07-8505-4156-9007-d469f7918218); Time taken: 0.007 seconds
2024-04-24T06:28:58,843  INFO [main] lockmgr.DbTxnManager: Setting lock request transaction to txnid:8 for queryId=alex_20240424062858_defafe07-8505-4156-9007-d469f7918218
2024-04-24T06:28:58,843  INFO [main] lockmgr.DbLockManager: Requesting lock for queryId=alex_20240424062858_defafe07-8505-4156-9007-d469f7918218
2024-04-24T06:28:58,855  INFO [main] lockmgr.DbLockManager: Response to queryId=alex_20240424062858_defafe07-8505-4156-9007-d469f7918218 LockResponse(lockid:2, state:ACQUIRED)
2024-04-24T06:28:58,855  INFO [main] ql.Driver: Operation CREATETABLE obtained 1 locks
2024-04-24T06:28:58,855  INFO [main] ql.Driver: Executing command(queryId=alex_20240424062858_defafe07-8505-4156-9007-d469f7918218): create table acidTblPart(a int, b int) partitioned by (p string) clustered by (a) into 2 buckets stored as orc TBLPROPERTIES ('transactional'='true')
2024-04-24T06:28:58,856  INFO [main] ql.Driver: Starting task [Stage-0:DDL] in serial mode
2024-04-24T06:28:58,856  INFO [main] HiveMetaStore.audit: ugi=alex	ip=unknown-ip-addr	cmd=create_table_req: Table(tableName:acidTblPart, dbName:default, owner:alex, createTime:1713965338, lastAccessTime:0, retention:0, sd:StorageDescriptor(cols:[FieldSchema(name:a, type:int, comment:null), FieldSchema(name:b, type:int, comment:null)], location:null, inputFormat:org.apache.hadoop.hive.ql.io.orc.OrcInputFormat, outputFormat:org.apache.hadoop.hive.ql.io.orc.OrcOutputFormat, compressed:false, numBuckets:2, serdeInfo:SerDeInfo(name:null, serializationLib:org.apache.hadoop.hive.ql.io.orc.OrcSerde, parameters:{serialization.format=1}), bucketCols:[a], sortCols:[], parameters:{}, skewedInfo:SkewedInfo(skewedColNames:[], skewedColValues:[], skewedColValueLocationMaps:{}), storedAsSubDirectories:false), partitionKeys:[FieldSchema(name:p, type:string, comment:null)], parameters:{bucketing_version=2, transactional=true}, viewOriginalText:null, viewExpandedText:null, tableType:MANAGED_TABLE, privileges:PrincipalPrivilegeSet(userPrivileges:{alex=[PrivilegeGrantInfo(privilege:INSERT, createTime:-1, grantor:alex, grantorType:USER, grantOption:true), PrivilegeGrantInfo(privilege:SELECT, createTime:-1, grantor:alex, grantorType:USER, grantOption:true), PrivilegeGrantInfo(privilege:UPDATE, createTime:-1, grantor:alex, grantorType:USER, grantOption:true), PrivilegeGrantInfo(privilege:DELETE, createTime:-1, grantor:alex, grantorType:USER, grantOption:true)]}, groupPrivileges:null, rolePrivileges:null), temporary:false, catName:hive, ownerType:USER, writeId:0)	
2024-04-24T06:28:58,861  INFO [main] utils.FileUtils: Creating directory if it doesn't exist: file:/home/alex/Repositories/hive/ql/target/tmp/org.apache.hadoop.hive.ql.TestTxnCommands-1713965238357/warehouse/acidtblpart
2024-04-24T06:28:58,878  INFO [main] metadata.Hive: Dumping metastore api call timing information for : execution phase
2024-04-24T06:28:58,879  INFO [main] metadata.Hive: Total time spent in each metastore function (ms): {createTable_(Table)=22, isCompatibleWith_(Configuration)=0}
2024-04-24T06:28:58,879  INFO [main] ql.Driver: Completed executing command(queryId=alex_20240424062858_defafe07-8505-4156-9007-d469f7918218); Time taken: 0.023 seconds
2024-04-24T06:28:58,879  INFO [main] lockmgr.DbTxnManager: Stopped heartbeat for query: alex_20240424062858_defafe07-8505-4156-9007-d469f7918218
2024-04-24T06:28:58,883  INFO [main] txn.TxnHandler: Expected to move at least one record from txn_components to completed_txn_components when committing txn! txnid:8
2024-04-24T06:28:58,889  INFO [main] txn.TxnHandler: Removed transactions: ([8]) from MIN_HISTORY_LEVEL
2024-04-24T06:28:58,889  WARN [main] txn.CompactionTxnHandler: No compaction queue record found for Compaction type transaction commit. txnId:8
2024-04-24T06:28:58,889  INFO [main] ql.TxnCommandsBaseForTests: Running the query: create table nonAcidOrcTbl(a int, b int) clustered by (a) into 2 buckets stored as orc TBLPROPERTIES ('transactional'='false')
2024-04-24T06:28:58,890  INFO [main] ql.Driver: Compiling command(queryId=alex_20240424062858_a8d2541d-fd62-417f-9547-48127bb4bebb): create table nonAcidOrcTbl(a int, b int) clustered by (a) into 2 buckets stored as orc TBLPROPERTIES ('transactional'='false')
2024-04-24T06:28:58,892  INFO [main] txn.TxnHandler: Added entries to MIN_HISTORY_LEVEL for current txns: ([9]) with min_open_txn: 1
2024-04-24T06:28:58,892  INFO [main] lockmgr.DbTxnManager: Opened txnid:9
2024-04-24T06:28:58,893  INFO [main] parse.CalcitePlanner: Starting caching scope for: 
2024-04-24T06:28:58,893  INFO [main] parse.CalcitePlanner: Starting Semantic Analysis
2024-04-24T06:28:58,895  INFO [main] parse.CalcitePlanner: Creating table default.nonAcidOrcTbl position=13
2024-04-24T06:28:58,895  INFO [main] HiveMetaStore.audit: ugi=alex	ip=unknown-ip-addr	cmd=get_database: default	
2024-04-24T06:28:58,896  INFO [main] parse.CalcitePlanner: Ending caching scope for: 
2024-04-24T06:28:58,896  INFO [main] ql.Driver: Semantic Analysis Completed (retrial = false)
2024-04-24T06:28:58,896  INFO [main] ql.Driver: Created Hive schema: Schema(fieldSchemas:null, properties:null)
2024-04-24T06:28:58,897  INFO [main] metadata.Hive: Dumping metastore api call timing information for : compilation phase
2024-04-24T06:28:58,897  INFO [main] metadata.Hive: Total time spent in each metastore function (ms): {flushCache_()=0, getValidWriteIds_(List, String)=2, getValidTxns_(long)=1, openTxn_(String, TxnType)=2, isCompatibleWith_(Configuration)=0, getDatabase_(String)=1, commitTxn_(CommitTxnRequest)=10}
2024-04-24T06:28:58,897  INFO [main] ql.Driver: Completed compiling command(queryId=alex_20240424062858_a8d2541d-fd62-417f-9547-48127bb4bebb); Time taken: 0.006 seconds
2024-04-24T06:28:58,897  INFO [main] lockmgr.DbTxnManager: Setting lock request transaction to txnid:9 for queryId=alex_20240424062858_a8d2541d-fd62-417f-9547-48127bb4bebb
2024-04-24T06:28:58,897  INFO [main] lockmgr.DbLockManager: Requesting lock for queryId=alex_20240424062858_a8d2541d-fd62-417f-9547-48127bb4bebb
2024-04-24T06:28:58,910  INFO [main] lockmgr.DbLockManager: Response to queryId=alex_20240424062858_a8d2541d-fd62-417f-9547-48127bb4bebb LockResponse(lockid:3, state:ACQUIRED)
2024-04-24T06:28:58,910  INFO [main] ql.Driver: Operation CREATETABLE obtained 1 locks
2024-04-24T06:28:58,910  INFO [main] ql.Driver: Executing command(queryId=alex_20240424062858_a8d2541d-fd62-417f-9547-48127bb4bebb): create table nonAcidOrcTbl(a int, b int) clustered by (a) into 2 buckets stored as orc TBLPROPERTIES ('transactional'='false')
2024-04-24T06:28:58,910  INFO [main] ql.Driver: Starting task [Stage-0:DDL] in serial mode
2024-04-24T06:28:58,911  INFO [main] HiveMetaStore.audit: ugi=alex	ip=unknown-ip-addr	cmd=create_table_req: Table(tableName:nonAcidOrcTbl, dbName:default, owner:alex, createTime:1713965338, lastAccessTime:0, retention:0, sd:StorageDescriptor(cols:[FieldSchema(name:a, type:int, comment:null), FieldSchema(name:b, type:int, comment:null)], location:null, inputFormat:org.apache.hadoop.hive.ql.io.orc.OrcInputFormat, outputFormat:org.apache.hadoop.hive.ql.io.orc.OrcOutputFormat, compressed:false, numBuckets:2, serdeInfo:SerDeInfo(name:null, serializationLib:org.apache.hadoop.hive.ql.io.orc.OrcSerde, parameters:{serialization.format=1}), bucketCols:[a], sortCols:[], parameters:{}, skewedInfo:SkewedInfo(skewedColNames:[], skewedColValues:[], skewedColValueLocationMaps:{}), storedAsSubDirectories:false), partitionKeys:[], parameters:{COLUMN_STATS_ACCURATE={"BASIC_STATS":"true","COLUMN_STATS":{"a":"true","b":"true"}}, transactional=false, numRows=0, bucketing_version=2, totalSize=0, numFiles=0, rawDataSize=0, numFilesErasureCoded=0}, viewOriginalText:null, viewExpandedText:null, tableType:MANAGED_TABLE, privileges:PrincipalPrivilegeSet(userPrivileges:{alex=[PrivilegeGrantInfo(privilege:INSERT, createTime:-1, grantor:alex, grantorType:USER, grantOption:true), PrivilegeGrantInfo(privilege:SELECT, createTime:-1, grantor:alex, grantorType:USER, grantOption:true), PrivilegeGrantInfo(privilege:UPDATE, createTime:-1, grantor:alex, grantorType:USER, grantOption:true), PrivilegeGrantInfo(privilege:DELETE, createTime:-1, grantor:alex, grantorType:USER, grantOption:true)]}, groupPrivileges:null, rolePrivileges:null), temporary:false, catName:hive, ownerType:USER)	
2024-04-24T06:28:58,916  INFO [main] utils.FileUtils: Creating directory if it doesn't exist: file:/home/alex/Repositories/hive/ql/target/tmp/org.apache.hadoop.hive.ql.TestTxnCommands-1713965238357/warehouse/nonacidorctbl
2024-04-24T06:28:58,931  INFO [main] metadata.Hive: Dumping metastore api call timing information for : execution phase
2024-04-24T06:28:58,931  INFO [main] metadata.Hive: Total time spent in each metastore function (ms): {createTable_(Table)=21, isCompatibleWith_(Configuration)=0}
2024-04-24T06:28:58,932  INFO [main] ql.Driver: Completed executing command(queryId=alex_20240424062858_a8d2541d-fd62-417f-9547-48127bb4bebb); Time taken: 0.021 seconds
2024-04-24T06:28:58,932  INFO [main] lockmgr.DbTxnManager: Stopped heartbeat for query: alex_20240424062858_a8d2541d-fd62-417f-9547-48127bb4bebb
2024-04-24T06:28:58,936  INFO [main] txn.TxnHandler: Expected to move at least one record from txn_components to completed_txn_components when committing txn! txnid:9
2024-04-24T06:28:58,942  INFO [main] txn.TxnHandler: Removed transactions: ([9]) from MIN_HISTORY_LEVEL
2024-04-24T06:28:58,942  WARN [main] txn.CompactionTxnHandler: No compaction queue record found for Compaction type transaction commit. txnId:9
2024-04-24T06:28:58,942  INFO [main] ql.TxnCommandsBaseForTests: Running the query: create table nonAcidOrcTbl2(a int, b int) clustered by (a) into 2 buckets stored as orc TBLPROPERTIES ('transactional'='false')
2024-04-24T06:28:58,943  INFO [main] ql.Driver: Compiling command(queryId=alex_20240424062858_413aef60-f308-4ca8-b375-43c6690868fc): create table nonAcidOrcTbl2(a int, b int) clustered by (a) into 2 buckets stored as orc TBLPROPERTIES ('transactional'='false')
2024-04-24T06:28:58,945  INFO [main] txn.TxnHandler: Added entries to MIN_HISTORY_LEVEL for current txns: ([10]) with min_open_txn: 1
2024-04-24T06:28:58,945  INFO [main] lockmgr.DbTxnManager: Opened txnid:10
2024-04-24T06:28:58,945  INFO [main] parse.CalcitePlanner: Starting caching scope for: 
2024-04-24T06:28:58,945  INFO [main] parse.CalcitePlanner: Starting Semantic Analysis
2024-04-24T06:28:58,948  INFO [main] parse.CalcitePlanner: Creating table default.nonAcidOrcTbl2 position=13
2024-04-24T06:28:58,948  INFO [main] HiveMetaStore.audit: ugi=alex	ip=unknown-ip-addr	cmd=get_database: default	
2024-04-24T06:28:58,949  INFO [main] parse.CalcitePlanner: Ending caching scope for: 
2024-04-24T06:28:58,949  INFO [main] ql.Driver: Semantic Analysis Completed (retrial = false)
2024-04-24T06:28:58,949  INFO [main] ql.Driver: Created Hive schema: Schema(fieldSchemas:null, properties:null)
2024-04-24T06:28:58,949  INFO [main] metadata.Hive: Dumping metastore api call timing information for : compilation phase
2024-04-24T06:28:58,949  INFO [main] metadata.Hive: Total time spent in each metastore function (ms): {isCompatibleWith_(Configuration)=0, getValidWriteIds_(List, String)=3, getDatabase_(String)=1, commitTxn_(CommitTxnRequest)=10, openTxn_(String, TxnType)=2, getValidTxns_(long)=0, flushCache_()=0}
2024-04-24T06:28:58,950  INFO [main] ql.Driver: Completed compiling command(queryId=alex_20240424062858_413aef60-f308-4ca8-b375-43c6690868fc); Time taken: 0.006 seconds
2024-04-24T06:28:58,950  INFO [main] lockmgr.DbTxnManager: Setting lock request transaction to txnid:10 for queryId=alex_20240424062858_413aef60-f308-4ca8-b375-43c6690868fc
2024-04-24T06:28:58,950  INFO [main] lockmgr.DbLockManager: Requesting lock for queryId=alex_20240424062858_413aef60-f308-4ca8-b375-43c6690868fc
2024-04-24T06:28:58,964  INFO [main] lockmgr.DbLockManager: Response to queryId=alex_20240424062858_413aef60-f308-4ca8-b375-43c6690868fc LockResponse(lockid:4, state:ACQUIRED)
2024-04-24T06:28:58,964  INFO [main] ql.Driver: Operation CREATETABLE obtained 1 locks
2024-04-24T06:28:58,964  INFO [main] ql.Driver: Executing command(queryId=alex_20240424062858_413aef60-f308-4ca8-b375-43c6690868fc): create table nonAcidOrcTbl2(a int, b int) clustered by (a) into 2 buckets stored as orc TBLPROPERTIES ('transactional'='false')
2024-04-24T06:28:58,964  INFO [main] ql.Driver: Starting task [Stage-0:DDL] in serial mode
2024-04-24T06:28:58,965  INFO [main] HiveMetaStore.audit: ugi=alex	ip=unknown-ip-addr	cmd=create_table_req: Table(tableName:nonAcidOrcTbl2, dbName:default, owner:alex, createTime:1713965338, lastAccessTime:0, retention:0, sd:StorageDescriptor(cols:[FieldSchema(name:a, type:int, comment:null), FieldSchema(name:b, type:int, comment:null)], location:null, inputFormat:org.apache.hadoop.hive.ql.io.orc.OrcInputFormat, outputFormat:org.apache.hadoop.hive.ql.io.orc.OrcOutputFormat, compressed:false, numBuckets:2, serdeInfo:SerDeInfo(name:null, serializationLib:org.apache.hadoop.hive.ql.io.orc.OrcSerde, parameters:{serialization.format=1}), bucketCols:[a], sortCols:[], parameters:{}, skewedInfo:SkewedInfo(skewedColNames:[], skewedColValues:[], skewedColValueLocationMaps:{}), storedAsSubDirectories:false), partitionKeys:[], parameters:{numRows=0, numFiles=0, rawDataSize=0, COLUMN_STATS_ACCURATE={"BASIC_STATS":"true","COLUMN_STATS":{"a":"true","b":"true"}}, numFilesErasureCoded=0, transactional=false, bucketing_version=2, totalSize=0}, viewOriginalText:null, viewExpandedText:null, tableType:MANAGED_TABLE, privileges:PrincipalPrivilegeSet(userPrivileges:{alex=[PrivilegeGrantInfo(privilege:INSERT, createTime:-1, grantor:alex, grantorType:USER, grantOption:true), PrivilegeGrantInfo(privilege:SELECT, createTime:-1, grantor:alex, grantorType:USER, grantOption:true), PrivilegeGrantInfo(privilege:UPDATE, createTime:-1, grantor:alex, grantorType:USER, grantOption:true), PrivilegeGrantInfo(privilege:DELETE, createTime:-1, grantor:alex, grantorType:USER, grantOption:true)]}, groupPrivileges:null, rolePrivileges:null), temporary:false, catName:hive, ownerType:USER)	
2024-04-24T06:28:58,970  INFO [main] utils.FileUtils: Creating directory if it doesn't exist: file:/home/alex/Repositories/hive/ql/target/tmp/org.apache.hadoop.hive.ql.TestTxnCommands-1713965238357/warehouse/nonacidorctbl2
2024-04-24T06:28:58,985  INFO [main] metadata.Hive: Dumping metastore api call timing information for : execution phase
2024-04-24T06:28:58,985  INFO [main] metadata.Hive: Total time spent in each metastore function (ms): {isCompatibleWith_(Configuration)=0, createTable_(Table)=19}
2024-04-24T06:28:58,985  INFO [main] ql.Driver: Completed executing command(queryId=alex_20240424062858_413aef60-f308-4ca8-b375-43c6690868fc); Time taken: 0.021 seconds
2024-04-24T06:28:58,985  INFO [main] lockmgr.DbTxnManager: Stopped heartbeat for query: alex_20240424062858_413aef60-f308-4ca8-b375-43c6690868fc
2024-04-24T06:28:58,989  INFO [main] txn.TxnHandler: Expected to move at least one record from txn_components to completed_txn_components when committing txn! txnid:10
2024-04-24T06:28:58,994  INFO [main] txn.TxnHandler: Removed transactions: ([10]) from MIN_HISTORY_LEVEL
2024-04-24T06:28:58,995  WARN [main] txn.CompactionTxnHandler: No compaction queue record found for Compaction type transaction commit. txnId:10
2024-04-24T06:28:58,995  INFO [main] ql.TxnCommandsBaseForTests: Running the query: create temporary  table acidTbl2(a int, b int, c int) clustered by (c) into 2 buckets stored as orc TBLPROPERTIES ('transactional'='true')
2024-04-24T06:28:58,995  INFO [main] ql.Driver: Compiling command(queryId=alex_20240424062858_69424ea7-ca94-400e-a0a9-989a9d1d0d38): create temporary  table acidTbl2(a int, b int, c int) clustered by (c) into 2 buckets stored as orc TBLPROPERTIES ('transactional'='true')
2024-04-24T06:28:58,997  INFO [main] txn.TxnHandler: Added entries to MIN_HISTORY_LEVEL for current txns: ([11]) with min_open_txn: 1
2024-04-24T06:28:58,998  INFO [main] lockmgr.DbTxnManager: Opened txnid:11
2024-04-24T06:28:58,998  INFO [main] parse.CalcitePlanner: Starting caching scope for: 
2024-04-24T06:28:58,998  INFO [main] parse.CalcitePlanner: Starting Semantic Analysis
2024-04-24T06:28:59,000  INFO [main] parse.CalcitePlanner: Creating table default.acidTbl2 position=24
2024-04-24T06:28:59,001  INFO [main] HiveMetaStore.audit: ugi=alex	ip=unknown-ip-addr	cmd=get_database: default	
2024-04-24T06:28:59,002  INFO [main] parse.CalcitePlanner: Ending caching scope for: 
2024-04-24T06:28:59,002  INFO [main] ql.Driver: Semantic Analysis Completed (retrial = false)
2024-04-24T06:28:59,002  INFO [main] ql.Driver: Created Hive schema: Schema(fieldSchemas:null, properties:null)
2024-04-24T06:28:59,002  INFO [main] metadata.Hive: Dumping metastore api call timing information for : compilation phase
2024-04-24T06:28:59,002  INFO [main] metadata.Hive: Total time spent in each metastore function (ms): {getValidTxns_(long)=0, openTxn_(String, TxnType)=2, getDatabase_(String)=1, getValidWriteIds_(List, String)=2, flushCache_()=0, commitTxn_(CommitTxnRequest)=10, isCompatibleWith_(Configuration)=0}
2024-04-24T06:28:59,002  INFO [main] ql.Driver: Completed compiling command(queryId=alex_20240424062858_69424ea7-ca94-400e-a0a9-989a9d1d0d38); Time taken: 0.007 seconds
2024-04-24T06:28:59,003  INFO [main] lockmgr.DbTxnManager: Setting lock request transaction to txnid:11 for queryId=alex_20240424062858_69424ea7-ca94-400e-a0a9-989a9d1d0d38
2024-04-24T06:28:59,003  INFO [main] lockmgr.DbLockManager: Requesting lock for queryId=alex_20240424062858_69424ea7-ca94-400e-a0a9-989a9d1d0d38
2024-04-24T06:28:59,018  INFO [main] lockmgr.DbLockManager: Response to queryId=alex_20240424062858_69424ea7-ca94-400e-a0a9-989a9d1d0d38 LockResponse(lockid:5, state:ACQUIRED)
2024-04-24T06:28:59,018  INFO [main] ql.Driver: Operation CREATETABLE obtained 1 locks
2024-04-24T06:28:59,019  INFO [main] ql.Driver: Executing command(queryId=alex_20240424062858_69424ea7-ca94-400e-a0a9-989a9d1d0d38): create temporary  table acidTbl2(a int, b int, c int) clustered by (c) into 2 buckets stored as orc TBLPROPERTIES ('transactional'='true')
2024-04-24T06:28:59,019  INFO [main] ql.Driver: Starting task [Stage-0:DDL] in serial mode
2024-04-24T06:28:59,020  INFO [main] utils.FileUtils: Creating directory if it doesn't exist: file:/home/alex/Repositories/hive/ql/target/tmp/scratchdir/alex/d771c872-91e2-4a90-8d28-925a2f22fab8/_tmp_space.db/29935757-c001-4052-9339-250f0ca4f638
2024-04-24T06:28:59,022  INFO [main] metadata.Hive: Dumping metastore api call timing information for : execution phase
2024-04-24T06:28:59,023  INFO [main] metadata.Hive: Total time spent in each metastore function (ms): {isCompatibleWith_(Configuration)=0, createTable_(Table)=2}
2024-04-24T06:28:59,023  INFO [main] ql.Driver: Completed executing command(queryId=alex_20240424062858_69424ea7-ca94-400e-a0a9-989a9d1d0d38); Time taken: 0.003 seconds
2024-04-24T06:28:59,023  INFO [main] lockmgr.DbTxnManager: Stopped heartbeat for query: alex_20240424062858_69424ea7-ca94-400e-a0a9-989a9d1d0d38
2024-04-24T06:28:59,027  INFO [main] txn.TxnHandler: Expected to move at least one record from txn_components to completed_txn_components when committing txn! txnid:11
2024-04-24T06:28:59,032  INFO [main] txn.TxnHandler: Removed transactions: ([11]) from MIN_HISTORY_LEVEL
2024-04-24T06:28:59,032  WARN [main] txn.CompactionTxnHandler: No compaction queue record found for Compaction type transaction commit. txnId:11
2024-04-24T06:28:59,033  INFO [main] ql.TxnCommandsBaseForTests: Running the query: create table nonAcidNonBucket(a int, b int) stored as orc TBLPROPERTIES ('transactional'='false')
2024-04-24T06:28:59,033  INFO [main] ql.Driver: Compiling command(queryId=alex_20240424062859_dc7ac683-bc3e-4156-83c5-06ae3b50ec3d): create table nonAcidNonBucket(a int, b int) stored as orc TBLPROPERTIES ('transactional'='false')
2024-04-24T06:28:59,035  INFO [main] txn.TxnHandler: Added entries to MIN_HISTORY_LEVEL for current txns: ([12]) with min_open_txn: 1
2024-04-24T06:28:59,035  INFO [main] lockmgr.DbTxnManager: Opened txnid:12
2024-04-24T06:28:59,036  INFO [main] parse.CalcitePlanner: Starting caching scope for: 
2024-04-24T06:28:59,036  INFO [main] parse.CalcitePlanner: Starting Semantic Analysis
2024-04-24T06:28:59,038  INFO [main] parse.CalcitePlanner: Creating table default.nonAcidNonBucket position=13
2024-04-24T06:28:59,038  INFO [main] HiveMetaStore.audit: ugi=alex	ip=unknown-ip-addr	cmd=get_database: default	
2024-04-24T06:28:59,040  INFO [main] parse.CalcitePlanner: Ending caching scope for: 
2024-04-24T06:28:59,040  INFO [main] ql.Driver: Semantic Analysis Completed (retrial = false)
2024-04-24T06:28:59,040  INFO [main] ql.Driver: Created Hive schema: Schema(fieldSchemas:null, properties:null)
2024-04-24T06:28:59,040  INFO [main] metadata.Hive: Dumping metastore api call timing information for : compilation phase
2024-04-24T06:28:59,040  INFO [main] metadata.Hive: Total time spent in each metastore function (ms): {getValidTxns_(long)=1, isCompatibleWith_(Configuration)=0, flushCache_()=0, openTxn_(String, TxnType)=2, getDatabase_(String)=2, commitTxn_(CommitTxnRequest)=10, getValidWriteIds_(List, String)=2}
2024-04-24T06:28:59,040  INFO [main] ql.Driver: Completed compiling command(queryId=alex_20240424062859_dc7ac683-bc3e-4156-83c5-06ae3b50ec3d); Time taken: 0.007 seconds
2024-04-24T06:28:59,040  INFO [main] lockmgr.DbTxnManager: Setting lock request transaction to txnid:12 for queryId=alex_20240424062859_dc7ac683-bc3e-4156-83c5-06ae3b50ec3d
2024-04-24T06:28:59,041  INFO [main] lockmgr.DbLockManager: Requesting lock for queryId=alex_20240424062859_dc7ac683-bc3e-4156-83c5-06ae3b50ec3d
2024-04-24T06:28:59,054  INFO [main] lockmgr.DbLockManager: Response to queryId=alex_20240424062859_dc7ac683-bc3e-4156-83c5-06ae3b50ec3d LockResponse(lockid:6, state:ACQUIRED)
2024-04-24T06:28:59,054  INFO [main] ql.Driver: Operation CREATETABLE obtained 1 locks
2024-04-24T06:28:59,054  INFO [main] ql.Driver: Executing command(queryId=alex_20240424062859_dc7ac683-bc3e-4156-83c5-06ae3b50ec3d): create table nonAcidNonBucket(a int, b int) stored as orc TBLPROPERTIES ('transactional'='false')
2024-04-24T06:28:59,054  INFO [main] ql.Driver: Starting task [Stage-0:DDL] in serial mode
2024-04-24T06:28:59,055  INFO [main] HiveMetaStore.audit: ugi=alex	ip=unknown-ip-addr	cmd=create_table_req: Table(tableName:nonAcidNonBucket, dbName:default, owner:alex, createTime:1713965339, lastAccessTime:0, retention:0, sd:StorageDescriptor(cols:[FieldSchema(name:a, type:int, comment:null), FieldSchema(name:b, type:int, comment:null)], location:null, inputFormat:org.apache.hadoop.hive.ql.io.orc.OrcInputFormat, outputFormat:org.apache.hadoop.hive.ql.io.orc.OrcOutputFormat, compressed:false, numBuckets:-1, serdeInfo:SerDeInfo(name:null, serializationLib:org.apache.hadoop.hive.ql.io.orc.OrcSerde, parameters:{serialization.format=1}), bucketCols:[], sortCols:[], parameters:{}, skewedInfo:SkewedInfo(skewedColNames:[], skewedColValues:[], skewedColValueLocationMaps:{}), storedAsSubDirectories:false), partitionKeys:[], parameters:{bucketing_version=2, numRows=0, transactional=false, COLUMN_STATS_ACCURATE={"BASIC_STATS":"true","COLUMN_STATS":{"a":"true","b":"true"}}, numFiles=0, numFilesErasureCoded=0, totalSize=0, rawDataSize=0}, viewOriginalText:null, viewExpandedText:null, tableType:MANAGED_TABLE, privileges:PrincipalPrivilegeSet(userPrivileges:{alex=[PrivilegeGrantInfo(privilege:INSERT, createTime:-1, grantor:alex, grantorType:USER, grantOption:true), PrivilegeGrantInfo(privilege:SELECT, createTime:-1, grantor:alex, grantorType:USER, grantOption:true), PrivilegeGrantInfo(privilege:UPDATE, createTime:-1, grantor:alex, grantorType:USER, grantOption:true), PrivilegeGrantInfo(privilege:DELETE, createTime:-1, grantor:alex, grantorType:USER, grantOption:true)]}, groupPrivileges:null, rolePrivileges:null), temporary:false, catName:hive, ownerType:USER)	
2024-04-24T06:28:59,060  INFO [main] utils.FileUtils: Creating directory if it doesn't exist: file:/home/alex/Repositories/hive/ql/target/tmp/org.apache.hadoop.hive.ql.TestTxnCommands-1713965238357/warehouse/nonacidnonbucket
2024-04-24T06:28:59,074  INFO [main] metadata.Hive: Dumping metastore api call timing information for : execution phase
2024-04-24T06:28:59,075  INFO [main] metadata.Hive: Total time spent in each metastore function (ms): {isCompatibleWith_(Configuration)=0, createTable_(Table)=19}
2024-04-24T06:28:59,075  INFO [main] ql.Driver: Completed executing command(queryId=alex_20240424062859_dc7ac683-bc3e-4156-83c5-06ae3b50ec3d); Time taken: 0.02 seconds
2024-04-24T06:28:59,075  INFO [main] lockmgr.DbTxnManager: Stopped heartbeat for query: alex_20240424062859_dc7ac683-bc3e-4156-83c5-06ae3b50ec3d
2024-04-24T06:28:59,078  INFO [main] txn.TxnHandler: Expected to move at least one record from txn_components to completed_txn_components when committing txn! txnid:12
2024-04-24T06:28:59,084  INFO [main] txn.TxnHandler: Removed transactions: ([12]) from MIN_HISTORY_LEVEL
2024-04-24T06:28:59,084  WARN [main] txn.CompactionTxnHandler: No compaction queue record found for Compaction type transaction commit. txnId:12
2024-04-24T06:28:59,084  INFO [main] ql.TxnCommandsBaseForTests: Running the query: insert into acidTbl(a,b)  values(1,2),(3,4),(5,6),(7,8)
2024-04-24T06:28:59,084  INFO [main] ql.Driver: Compiling command(queryId=alex_20240424062859_60a51452-3937-4e99-a6d5-eda2467dbed9): insert into acidTbl(a,b)  values(1,2),(3,4),(5,6),(7,8)
2024-04-24T06:28:59,087  INFO [main] txn.TxnHandler: Added entries to MIN_HISTORY_LEVEL for current txns: ([13]) with min_open_txn: 1
2024-04-24T06:28:59,087  INFO [main] lockmgr.DbTxnManager: Opened txnid:13
2024-04-24T06:28:59,088  INFO [main] parse.CalcitePlanner: Starting caching scope for: 
2024-04-24T06:28:59,088  INFO [main] parse.CalcitePlanner: Starting Semantic Analysis
2024-04-24T06:28:59,091  INFO [main] HiveMetaStore.audit: ugi=alex	ip=unknown-ip-addr	cmd=get_table : tbl=hive.default.acidTbl	
2024-04-24T06:28:59,117  INFO [main] metastore.HMSHandler: Skipping translation for processor with null
2024-04-24T06:28:59,117  INFO [main] parse.CalcitePlanner: Completed phase 1 of Semantic Analysis
2024-04-24T06:28:59,117  INFO [main] parse.CalcitePlanner: Get metadata for source tables
2024-04-24T06:28:59,117  INFO [main] parse.CalcitePlanner: Get metadata for subqueries
2024-04-24T06:28:59,117  INFO [main] parse.CalcitePlanner: Get metadata for destination tables
2024-04-24T06:28:59,117  INFO [main] HiveMetaStore.audit: ugi=alex	ip=unknown-ip-addr	cmd=get_table : tbl=hive.default.acidTbl	
2024-04-24T06:28:59,127  INFO [main] metastore.HMSHandler: Skipping translation for processor with null
2024-04-24T06:28:59,127  INFO [main] parse.CalcitePlanner: Completed getting MetaData in Semantic Analysis
2024-04-24T06:28:59,128  INFO [main] parse.CalcitePlanner: Disabling LLAP IO encode as ETL query is detected
2024-04-24T06:28:59,149  INFO [main] HiveMetaStore.audit: ugi=alex	ip=unknown-ip-addr	cmd=get_all_table_constraints : tbl=hive._dummy_database._dummy_table	
2024-04-24T06:28:59,223  INFO [main] parse.CalcitePlanner: Get metadata for source tables
2024-04-24T06:28:59,223  INFO [main] parse.CalcitePlanner: Get metadata for subqueries
2024-04-24T06:28:59,223  INFO [main] parse.CalcitePlanner: Get metadata for source tables
2024-04-24T06:28:59,223  INFO [main] HiveMetaStore.audit: ugi=alex	ip=unknown-ip-addr	cmd=get_table : tbl=hive._dummy_database._dummy_table	
2024-04-24T06:28:59,225  INFO [main] parse.CalcitePlanner: Get metadata for subqueries
2024-04-24T06:28:59,225  INFO [main] parse.CalcitePlanner: Get metadata for destination tables
2024-04-24T06:28:59,225  INFO [main] parse.CalcitePlanner: Get metadata for destination tables
2024-04-24T06:28:59,225  INFO [main] HiveMetaStore.audit: ugi=alex	ip=unknown-ip-addr	cmd=get_table : tbl=hive.default.acidTbl	
2024-04-24T06:28:59,231  INFO [main] metastore.HMSHandler: Skipping translation for processor with null
2024-04-24T06:28:59,233  INFO [main] HiveMetaStore.audit: ugi=alex	ip=unknown-ip-addr	cmd=get_not_null_constraints : tbl=hive.default.acidtbl	
2024-04-24T06:28:59,234  INFO [main] HiveMetaStore.audit: ugi=alex	ip=unknown-ip-addr	cmd=get_check_constraints : tbl=hive.default.acidtbl	
2024-04-24T06:28:59,243  INFO [main] txn.TxnHandler: Allocated writeId: 1 for txnId: 13
2024-04-24T06:28:59,243  INFO [main] txn.TxnHandler: Allocated write ids for dbName=default, tblName=acidtbl (txnIds: [13])
2024-04-24T06:28:59,244  INFO [main] parse.CalcitePlanner: CBO Succeeded; optimized logical plan.
2024-04-24T06:28:59,247  INFO [main] optimizer.ColumnPrunerProcFactory: RS 4 oldColExprMap: {KEY.reducesinkkey0=Column[_col0], VALUE._col0=Column[_col1]}
2024-04-24T06:28:59,247  INFO [main] optimizer.ColumnPrunerProcFactory: RS 4 newColExprMap: {VALUE._col0=Column[_col1], KEY.reducesinkkey0=Column[_col0]}
2024-04-24T06:28:59,247  INFO [main] optimizer.BucketVersionPopulator: not considering bucketingVersion for: TS[0] because it has -1<2 buckets 
2024-04-24T06:28:59,248  INFO [main] optimizer.SortedDynPartitionOptimizer: Sorted dynamic partitioning optimization kicked in..
2024-04-24T06:28:59,256  INFO [main] HiveMetaStore.audit: ugi=alex	ip=unknown-ip-addr	cmd=get_table : tbl=hive.default.acidtbl	
2024-04-24T06:28:59,262  INFO [main] metastore.HMSHandler: Skipping translation for processor with null
2024-04-24T06:28:59,263  INFO [main] parse.CalcitePlanner: Completed plan generation
2024-04-24T06:28:59,263  INFO [main] parse.CalcitePlanner: Ending caching scope for: 
2024-04-24T06:28:59,263  INFO [main] ql.Driver: Semantic Analysis Completed (retrial = false)
2024-04-24T06:28:59,263  INFO [main] ql.Driver: Created Hive schema: Schema(fieldSchemas:[FieldSchema(name:_col0, type:int, comment:null), FieldSchema(name:_col1, type:int, comment:null)], properties:null)
2024-04-24T06:28:59,263  INFO [main] metadata.Hive: Dumping metastore api call timing information for : compilation phase
2024-04-24T06:28:59,263  INFO [main] metadata.Hive: Total time spent in each metastore function (ms): {isCompatibleWith_(Configuration)=1, getCheckConstraints_(CheckConstraintsRequest)=1, getValidWriteIds_(List, String)=4, commitTxn_(CommitTxnRequest)=9, getTable_(GetTableRequest)=49, allocateTableWriteId_(long, String, String)=7, openTxn_(String, TxnType)=2, flushCache_()=0, getNotNullConstraints_(NotNullConstraintsRequest)=1, getValidTxns_(long)=0, getAllTableConstraints_(AllTableConstraintsRequest)=31}
2024-04-24T06:28:59,263  INFO [main] ql.Driver: Completed compiling command(queryId=alex_20240424062859_60a51452-3937-4e99-a6d5-eda2467dbed9); Time taken: 0.179 seconds
2024-04-24T06:28:59,263  INFO [main] lockmgr.DbTxnManager: Setting lock request transaction to txnid:13 for queryId=alex_20240424062859_60a51452-3937-4e99-a6d5-eda2467dbed9
2024-04-24T06:28:59,264  INFO [main] lockmgr.DbLockManager: Requesting lock for queryId=alex_20240424062859_60a51452-3937-4e99-a6d5-eda2467dbed9
2024-04-24T06:28:59,282  INFO [main] lockmgr.DbLockManager: Response to queryId=alex_20240424062859_60a51452-3937-4e99-a6d5-eda2467dbed9 LockResponse(lockid:7, state:ACQUIRED)
2024-04-24T06:28:59,282  INFO [main] ql.Driver: Operation QUERY obtained 1 locks
2024-04-24T06:28:59,284  INFO [main] ql.Driver: Executing command(queryId=alex_20240424062859_60a51452-3937-4e99-a6d5-eda2467dbed9): insert into acidTbl(a,b)  values(1,2),(3,4),(5,6),(7,8)
2024-04-24T06:28:59,284  WARN [main] ql.Driver: Hive-on-MR is deprecated in Hive 2 and may not be available in the future versions. Consider using a different execution engine (i.e. tez, spark) or using Hive 1.X releases.
Query ID = alex_20240424062859_60a51452-3937-4e99-a6d5-eda2467dbed9
2024-04-24T06:28:59,284  INFO [main] ql.Driver: Query ID = alex_20240424062859_60a51452-3937-4e99-a6d5-eda2467dbed9
Total jobs = 1
2024-04-24T06:28:59,284  INFO [main] ql.Driver: Total jobs = 1
Launching Job 1 out of 1
2024-04-24T06:28:59,284  INFO [main] ql.Driver: Launching Job 1 out of 1
2024-04-24T06:28:59,408  INFO [main] ql.Driver: Starting task [Stage-1:MAPRED] in serial mode
Number of reduce tasks determined at compile time: 2
2024-04-24T06:28:59,408  INFO [main] exec.Task: Number of reduce tasks determined at compile time: 2
In order to change the average load for a reducer (in bytes):
2024-04-24T06:28:59,408  INFO [main] exec.Task: In order to change the average load for a reducer (in bytes):
  set hive.exec.reducers.bytes.per.reducer=<number>
2024-04-24T06:28:59,408  INFO [main] exec.Task:   set hive.exec.reducers.bytes.per.reducer=<number>
In order to limit the maximum number of reducers:
2024-04-24T06:28:59,408  INFO [main] exec.Task: In order to limit the maximum number of reducers:
  set hive.exec.reducers.max=<number>
2024-04-24T06:28:59,408  INFO [main] exec.Task:   set hive.exec.reducers.max=<number>
In order to set a constant number of reducers:
2024-04-24T06:28:59,408  INFO [main] exec.Task: In order to set a constant number of reducers:
  set mapreduce.job.reduces=<number>
2024-04-24T06:28:59,408  INFO [main] exec.Task:   set mapreduce.job.reduces=<number>
2024-04-24T06:28:59,411  INFO [main] mr.ExecDriver: Using org.apache.hadoop.hive.ql.io.HiveInputFormat
2024-04-24T06:28:59,411  INFO [main] exec.Utilities: Processing alias $hdt$_0:_dummy_table
2024-04-24T06:28:59,411  INFO [main] exec.Utilities: Adding 1 inputs; the first input is file:/home/alex/Repositories/hive/ql/target/tmp/localscratchdir/d771c872-91e2-4a90-8d28-925a2f22fab8/hive_2024-04-24_06-28-59_084_3124054151500662053-1/dummy_path
2024-04-24T06:28:59,420  INFO [main] exec.SerializationUtilities: Serializing MapWork using kryo
2024-04-24T06:28:59,421  INFO [main] exec.Utilities: Serialized plan (via FILE) - name: null size: 5,03KB
2024-04-24T06:28:59,425  INFO [main] exec.SerializationUtilities: Serializing ReduceWork using kryo
2024-04-24T06:28:59,426  INFO [main] exec.Utilities: Serialized plan (via FILE) - name: null size: 5,96KB
2024-04-24T06:28:59,426  WARN [main] impl.MetricsSystemImpl: JobTracker metrics system already initialized!
2024-04-24T06:28:59,430  INFO [main] fs.FSStatsPublisher: created : file:/home/alex/Repositories/hive/ql/target/tmp/localscratchdir/d771c872-91e2-4a90-8d28-925a2f22fab8/hive_2024-04-24_06-28-59_084_3124054151500662053-1/-mr-10000
2024-04-24T06:28:59,432  WARN [main] impl.MetricsSystemImpl: JobTracker metrics system already initialized!
2024-04-24T06:28:59,438  WARN [main] mapreduce.JobResourceUploader: Hadoop command-line option parsing not performed. Implement the Tool interface and execute your application with ToolRunner to remedy this.
2024-04-24T06:28:59,443  WARN [main] mapreduce.JobResourceUploader: No job jar file set.  User classes may not be found. See Job or Job#setJar(String).
2024-04-24T06:28:59,444  INFO [main] io.HiveInputFormat: hive.io.file.readcolumn.ids = 
2024-04-24T06:28:59,444  INFO [main] io.HiveInputFormat: hive.io.file.readcolumn.names = 
2024-04-24T06:28:59,444  INFO [main] io.HiveInputFormat: Generating splits for dirs: file:/home/alex/Repositories/hive/ql/target/tmp/localscratchdir/d771c872-91e2-4a90-8d28-925a2f22fab8/hive_2024-04-24_06-28-59_084_3124054151500662053-1/dummy_path
2024-04-24T06:28:59,444  INFO [main] io.HiveInputFormat: number of splits 1
2024-04-24T06:28:59,461  INFO [main] mapreduce.JobSubmitter: number of splits:1
2024-04-24T06:28:59,479  INFO [main] mapreduce.JobSubmitter: Submitting tokens for job: job_local769135796_0035
2024-04-24T06:28:59,479  INFO [main] mapreduce.JobSubmitter: Executing with tokens: []
2024-04-24T06:28:59,535  INFO [main] mapreduce.Job: The url to track the job: http://localhost:8080/
Job running in-process (local Hadoop)
2024-04-24T06:28:59,535  INFO [main] exec.Task: Job running in-process (local Hadoop)
2024-04-24T06:28:59,536  INFO [Thread-2901] mapred.LocalJobRunner: OutputCommitter set in config org.apache.hadoop.hive.ql.io.HiveFileFormatUtils$NullOutputCommitter
2024-04-24T06:28:59,536  INFO [Thread-2901] mapred.LocalJobRunner: OutputCommitter is org.apache.hadoop.hive.ql.io.HiveFileFormatUtils$NullOutputCommitter
2024-04-24T06:28:59,537  INFO [Thread-2901] mapred.LocalJobRunner: Waiting for map tasks
2024-04-24T06:28:59,537  INFO [LocalJobRunner Map Task Executor #0] mapred.LocalJobRunner: Starting task: attempt_local769135796_0035_m_000000_0
2024-04-24T06:28:59,540  INFO [LocalJobRunner Map Task Executor #0] mapred.Task:  Using ResourceCalculatorProcessTree : [ ]
2024-04-24T06:28:59,541  INFO [LocalJobRunner Map Task Executor #0] mapred.MapTask: Processing split: org.apache.hadoop.hive.ql.io.NullRowsInputFormat:file:/home/alex/Repositories/hive/ql/target/tmp/localscratchdir/d771c872-91e2-4a90-8d28-925a2f22fab8/hive_2024-04-24_06-28-59_084_3124054151500662053-1/dummy_path/null:0+1
2024-04-24T06:28:59,542  INFO [LocalJobRunner Map Task Executor #0] exec.SerializationUtilities: Deserializing MapWork using kryo
2024-04-24T06:28:59,543  INFO [LocalJobRunner Map Task Executor #0] exec.Utilities: Deserialized plan (via FILE) - name: null size: 5,03KB
2024-04-24T06:28:59,543  INFO [LocalJobRunner Map Task Executor #0] mapred.MapTask: numReduceTasks: 2
2024-04-24T06:28:59,547  INFO [LocalJobRunner Map Task Executor #0] mapred.MapTask: (EQUATOR) 0 kvi 26214396(104857584)
2024-04-24T06:28:59,547  INFO [LocalJobRunner Map Task Executor #0] mapred.MapTask: mapreduce.task.io.sort.mb: 100
2024-04-24T06:28:59,547  INFO [LocalJobRunner Map Task Executor #0] mapred.MapTask: soft limit at 83886080
2024-04-24T06:28:59,547  INFO [LocalJobRunner Map Task Executor #0] mapred.MapTask: bufstart = 0; bufvoid = 104857600
2024-04-24T06:28:59,547  INFO [LocalJobRunner Map Task Executor #0] mapred.MapTask: kvstart = 26214396; length = 6553600
2024-04-24T06:28:59,548  INFO [LocalJobRunner Map Task Executor #0] mapred.MapTask: Map output collector class = org.apache.hadoop.mapred.MapTask$MapOutputBuffer
2024-04-24T06:28:59,548  INFO [LocalJobRunner Map Task Executor #0] exec.MapOperator: Initializing Operator: MAP[0]
2024-04-24T06:28:59,548  INFO [LocalJobRunner Map Task Executor #0] mr.ExecMapper: 
<MAP>Id =0
  <Children>null
  <\Children>
  <Parent><\Parent>
<\MAP>
2024-04-24T06:28:59,549  INFO [LocalJobRunner Map Task Executor #0] exec.TableScanOperator: Initializing Operator: TS[0]
2024-04-24T06:28:59,549  INFO [LocalJobRunner Map Task Executor #0] exec.SelectOperator: Initializing Operator: SEL[1]
2024-04-24T06:28:59,549  INFO [LocalJobRunner Map Task Executor #0] exec.SelectOperator: SELECT null
2024-04-24T06:28:59,549  INFO [LocalJobRunner Map Task Executor #0] exec.UDTFOperator: Initializing Operator: UDTF[2]
2024-04-24T06:28:59,549  INFO [LocalJobRunner Map Task Executor #0] exec.SelectOperator: Initializing Operator: SEL[3]
2024-04-24T06:28:59,549  INFO [LocalJobRunner Map Task Executor #0] exec.SelectOperator: SELECT struct<col1:int,col2:int>
2024-04-24T06:28:59,549  INFO [LocalJobRunner Map Task Executor #0] exec.ReduceSinkOperator: Initializing Operator: RS[4]
2024-04-24T06:28:59,549  INFO [LocalJobRunner Map Task Executor #0] exec.ReduceSinkOperator: Using tag = -1
2024-04-24T06:28:59,549  INFO [LocalJobRunner Map Task Executor #0] exec.ReduceSinkOperator: keys are [reducesinkkey0] num distributions: 1
2024-04-24T06:28:59,550  INFO [LocalJobRunner Map Task Executor #0] exec.ReduceSinkOperator: RS[4]: records written - 1
2024-04-24T06:28:59,550  INFO [LocalJobRunner Map Task Executor #0] exec.MapOperator: MAP[0]: records read - 1
2024-04-24T06:28:59,550  INFO [LocalJobRunner Map Task Executor #0] exec.MapOperator: Closing Operator: MAP[0]
2024-04-24T06:28:59,550  INFO [LocalJobRunner Map Task Executor #0] exec.MapOperator: MAP[0]: Total records read - 3. abort - false
2024-04-24T06:28:59,550  INFO [LocalJobRunner Map Task Executor #0] exec.MapOperator: RECORDS_OUT_INTERMEDIATE:0, RECORDS_OUT_OPERATOR_MAP_0:0, DESERIALIZE_ERRORS:0, RECORDS_IN:3, 
2024-04-24T06:28:59,550  INFO [LocalJobRunner Map Task Executor #0] exec.TableScanOperator: Closing Operator: TS[0]
2024-04-24T06:28:59,550  INFO [LocalJobRunner Map Task Executor #0] exec.TableScanOperator: RECORDS_OUT_OPERATOR_TS_0:1, RECORDS_OUT_INTERMEDIATE:0, 
2024-04-24T06:28:59,550  INFO [LocalJobRunner Map Task Executor #0] exec.SelectOperator: Closing Operator: SEL[1]
2024-04-24T06:28:59,550  INFO [LocalJobRunner Map Task Executor #0] exec.SelectOperator: RECORDS_OUT_INTERMEDIATE:0, RECORDS_OUT_OPERATOR_SEL_1:1, 
2024-04-24T06:28:59,550  INFO [LocalJobRunner Map Task Executor #0] exec.UDTFOperator: Closing Operator: UDTF[2]
2024-04-24T06:28:59,550  INFO [LocalJobRunner Map Task Executor #0] exec.UDTFOperator: RECORDS_OUT_OPERATOR_UDTF_2:4, RECORDS_OUT_INTERMEDIATE:0, 
2024-04-24T06:28:59,550  INFO [LocalJobRunner Map Task Executor #0] exec.SelectOperator: Closing Operator: SEL[3]
2024-04-24T06:28:59,550  INFO [LocalJobRunner Map Task Executor #0] exec.SelectOperator: RECORDS_OUT_OPERATOR_SEL_3:4, RECORDS_OUT_INTERMEDIATE:0, 
2024-04-24T06:28:59,550  INFO [LocalJobRunner Map Task Executor #0] exec.ReduceSinkOperator: Closing Operator: RS[4]
2024-04-24T06:28:59,550  INFO [LocalJobRunner Map Task Executor #0] exec.ReduceSinkOperator: RS[4]: Total records written - 4. abort - false
2024-04-24T06:28:59,550  INFO [LocalJobRunner Map Task Executor #0] exec.ReduceSinkOperator: RECORDS_OUT_INTERMEDIATE:4, RECORDS_OUT_OPERATOR_RS_4:4, 
2024-04-24T06:28:59,552  INFO [LocalJobRunner Map Task Executor #0] mapred.LocalJobRunner: 
2024-04-24T06:28:59,552  INFO [LocalJobRunner Map Task Executor #0] mapred.MapTask: Starting flush of map output
2024-04-24T06:28:59,552  INFO [LocalJobRunner Map Task Executor #0] mapred.MapTask: Spilling map output
2024-04-24T06:28:59,552  INFO [LocalJobRunner Map Task Executor #0] mapred.MapTask: bufstart = 0; bufend = 64; bufvoid = 104857600
2024-04-24T06:28:59,552  INFO [LocalJobRunner Map Task Executor #0] mapred.MapTask: kvstart = 26214396(104857584); kvend = 26214384(104857536); length = 13/6553600
2024-04-24T06:28:59,563  INFO [LocalJobRunner Map Task Executor #0] mapred.MapTask: Finished spill 0
2024-04-24T06:28:59,567  INFO [LocalJobRunner Map Task Executor #0] mapred.Task: Task:attempt_local769135796_0035_m_000000_0 is done. And is in the process of committing
2024-04-24T06:28:59,567  INFO [LocalJobRunner Map Task Executor #0] mapred.LocalJobRunner: map
2024-04-24T06:28:59,568  INFO [LocalJobRunner Map Task Executor #0] mapred.Task: Task 'attempt_local769135796_0035_m_000000_0' done.
2024-04-24T06:28:59,568  INFO [LocalJobRunner Map Task Executor #0] mapred.Task: Final Counters for attempt_local769135796_0035_m_000000_0: Counters: 26
	File System Counters
		FILE: Number of bytes read=715522
		FILE: Number of bytes written=41287462
		FILE: Number of read operations=0
		FILE: Number of large read operations=0
		FILE: Number of write operations=0
	Map-Reduce Framework
		Map input records=4
		Map output records=4
		Map output bytes=64
		Map output materialized bytes=84
		Input split bytes=361
		Combine input records=0
		Spilled Records=4
		Failed Shuffles=0
		Merged Map outputs=0
		GC time elapsed (ms)=0
		Total committed heap usage (bytes)=1258291200
	HIVE
		DESERIALIZE_ERRORS=0
		RECORDS_IN=3
		RECORDS_OUT_INTERMEDIATE=4
		RECORDS_OUT_OPERATOR_MAP_0=0
		RECORDS_OUT_OPERATOR_RS_4=4
		RECORDS_OUT_OPERATOR_SEL_1=1
		RECORDS_OUT_OPERATOR_SEL_3=4
		RECORDS_OUT_OPERATOR_TS_0=1
		RECORDS_OUT_OPERATOR_UDTF_2=4
	File Input Format Counters 
		Bytes Read=5083
2024-04-24T06:28:59,568  INFO [LocalJobRunner Map Task Executor #0] mapred.LocalJobRunner: Finishing task: attempt_local769135796_0035_m_000000_0
2024-04-24T06:28:59,568  INFO [Thread-2901] mapred.LocalJobRunner: map task executor complete.
2024-04-24T06:28:59,569  INFO [Thread-2901] mapred.LocalJobRunner: Waiting for reduce tasks
2024-04-24T06:28:59,569  INFO [pool-173-thread-1] mapred.LocalJobRunner: Starting task: attempt_local769135796_0035_r_000000_0
2024-04-24T06:28:59,571  INFO [pool-173-thread-1] mapred.Task:  Using ResourceCalculatorProcessTree : [ ]
2024-04-24T06:28:59,571  INFO [pool-173-thread-1] mapred.ReduceTask: Using ShuffleConsumerPlugin: org.apache.hadoop.mapreduce.task.reduce.Shuffle@2ce27d36
2024-04-24T06:28:59,571  WARN [pool-173-thread-1] impl.MetricsSystemImpl: JobTracker metrics system already initialized!
2024-04-24T06:28:59,572  INFO [pool-173-thread-1] reduce.MergeManagerImpl: MergerManager: memoryLimit=1336252800, maxSingleShuffleLimit=334063200, mergeThreshold=881926912, ioSortFactor=10, memToMemMergeOutputsThreshold=10
2024-04-24T06:28:59,573  INFO [EventFetcher for fetching Map Completion Events] reduce.EventFetcher: attempt_local769135796_0035_r_000000_0 Thread started: EventFetcher for fetching Map Completion Events
2024-04-24T06:28:59,575  INFO [localfetcher#49] reduce.LocalFetcher: localfetcher#49 about to shuffle output of map attempt_local769135796_0035_m_000000_0 decomp: 38 len: 42 to MEMORY
2024-04-24T06:28:59,575  INFO [localfetcher#49] reduce.InMemoryMapOutput: Read 38 bytes from map-output for attempt_local769135796_0035_m_000000_0
2024-04-24T06:28:59,575  INFO [localfetcher#49] reduce.MergeManagerImpl: closeInMemoryFile -> map-output of size: 38, inMemoryMapOutputs.size() -> 1, commitMemory -> 0, usedMemory ->38
2024-04-24T06:28:59,576  INFO [EventFetcher for fetching Map Completion Events] reduce.EventFetcher: EventFetcher is interrupted.. Returning
2024-04-24T06:28:59,576  INFO [pool-173-thread-1] mapred.LocalJobRunner: 1 / 1 copied.
2024-04-24T06:28:59,576  INFO [pool-173-thread-1] reduce.MergeManagerImpl: finalMerge called with 1 in-memory map-outputs and 0 on-disk map-outputs
2024-04-24T06:28:59,592  INFO [pool-173-thread-1] mapred.Merger: Merging 1 sorted segments
2024-04-24T06:28:59,592  INFO [pool-173-thread-1] mapred.Merger: Down to the last merge-pass, with 1 segments left of total size: 26 bytes
2024-04-24T06:28:59,594  INFO [pool-173-thread-1] reduce.MergeManagerImpl: Merged 1 segments, 38 bytes to disk to satisfy reduce memory limit
2024-04-24T06:28:59,594  INFO [pool-173-thread-1] reduce.MergeManagerImpl: Merging 1 files, 42 bytes from disk
2024-04-24T06:28:59,594  INFO [pool-173-thread-1] reduce.MergeManagerImpl: Merging 0 segments, 0 bytes from memory into reduce
2024-04-24T06:28:59,594  INFO [pool-173-thread-1] mapred.Merger: Merging 1 sorted segments
2024-04-24T06:28:59,594  INFO [pool-173-thread-1] mapred.Merger: Down to the last merge-pass, with 1 segments left of total size: 26 bytes
2024-04-24T06:28:59,595  INFO [pool-173-thread-1] mapred.LocalJobRunner: 1 / 1 copied.
2024-04-24T06:28:59,595  INFO [pool-173-thread-1] exec.SerializationUtilities: Deserializing ReduceWork using kryo
2024-04-24T06:28:59,595  INFO [pool-173-thread-1] exec.Utilities: Deserialized plan (via FILE) - name: null size: 5,96KB
2024-04-24T06:28:59,596  INFO [pool-173-thread-1] ExecReducer: 
<SEL>Id =5
  <Children>
    <FS>Id =6
      <Children>
      <\Children>
      <Parent>Id = 5 null<\Parent>
    <\FS>
  <\Children>
  <Parent><\Parent>
<\SEL>
2024-04-24T06:28:59,596  INFO [pool-173-thread-1] exec.SelectOperator: Initializing Operator: SEL[5]
2024-04-24T06:28:59,596  INFO [pool-173-thread-1] exec.SelectOperator: SELECT struct<key:struct<reducesinkkey0:int>,value:struct<_col0:int>>
2024-04-24T06:28:59,596  INFO [pool-173-thread-1] exec.FileSinkOperator: Initializing Operator: FS[6]
2024-04-24T06:28:59,597  INFO [pool-173-thread-1] exec.FileSinkOperator: Using serializer : AbstractSerDe [log=org.apache.logging.slf4j.Log4jLogger@3c370966, configuration=Optional[Configuration: core-default.xml, core-site.xml, mapred-default.xml, mapred-site.xml, yarn-default.xml, yarn-site.xml, hdfs-default.xml, hdfs-site.xml, file:/home/alex/Repositories/hive/ql/target/tmp/TestTxnCommands/mapred/local/localRunner/alex/job_local769135796_0035/job_local769135796_0035.xml], properties={transactional_properties=default, name=default.acidtbl, transactional=true, columns.types=int:int, bucket_field_name=a, columns=a,b, numFilesErasureCoded=0, columns.comments=&amp#0;, bucketing_version=2, bucket_count=2, serialization.lib=org.apache.hadoop.hive.ql.io.orc.OrcSerde, file.inputformat=org.apache.hadoop.hive.ql.io.orc.OrcInputFormat, file.outputformat=org.apache.hadoop.hive.ql.io.orc.OrcOutputFormat, location=file:/home/alex/Repositories/hive/ql/target/tmp/org.apache.hadoop.hive.ql.TestTxnCommands-1713965238357/warehouse/acidtbl, column.name.delimiter=,}, tableProperties={transactional_properties=default, name=default.acidtbl, transactional=true, columns.types=int:int, bucket_field_name=a, columns=a,b, numFilesErasureCoded=0, columns.comments=&amp#0;, bucketing_version=2, bucket_count=2, serialization.lib=org.apache.hadoop.hive.ql.io.orc.OrcSerde, file.inputformat=org.apache.hadoop.hive.ql.io.orc.OrcInputFormat, location=file:/home/alex/Repositories/hive/ql/target/tmp/org.apache.hadoop.hive.ql.TestTxnCommands-1713965238357/warehouse/acidtbl, file.outputformat=org.apache.hadoop.hive.ql.io.orc.OrcOutputFormat, column.name.delimiter=,}, partitionProperties=Optional.empty, columnNames=[a, b], columnTypes=[int, int], getClass()=class org.apache.hadoop.hive.ql.io.orc.OrcSerde] and formatter : org.apache.hadoop.hive.ql.io.orc.OrcOutputFormat@63a02d87
2024-04-24T06:28:59,597  INFO [pool-173-thread-1] exec.FileSinkOperator: Final Path: FS file:/home/alex/Repositories/hive/ql/target/tmp/org.apache.hadoop.hive.ql.TestTxnCommands-1713965238357/warehouse/acidtbl
2024-04-24T06:28:59,597  INFO [pool-173-thread-1] exec.FileSinkOperator: New Final Path: FS file:/home/alex/Repositories/hive/ql/target/tmp/org.apache.hadoop.hive.ql.TestTxnCommands-1713965238357/warehouse/acidtbl
2024-04-24T06:28:59,597  INFO [pool-173-thread-1] common.FileUtils: Creating directory if it doesn't exist: file:/home/alex/Repositories/hive/ql/target/tmp/org.apache.hadoop.hive.ql.TestTxnCommands-1713965238357/warehouse
2024-04-24T06:28:59,598  INFO [pool-173-thread-1] exec.FileSinkOperator: FS[6]: records written - 1
2024-04-24T06:28:59,598  INFO [pool-173-thread-1] impl.PhysicalFsWriter: ORC writer created for path: file:/home/alex/Repositories/hive/ql/target/tmp/org.apache.hadoop.hive.ql.TestTxnCommands-1713965238357/warehouse/acidtbl/delta_0000001_0000001_0000/bucket_00000_0 with stripeSize: 8388608 blockSize: 268435456 compression: Compress: ZLIB buffer: 32768
2024-04-24T06:28:59,605  INFO [pool-173-thread-1] impl.WriterImpl: ORC writer created for path: file:/home/alex/Repositories/hive/ql/target/tmp/org.apache.hadoop.hive.ql.TestTxnCommands-1713965238357/warehouse/acidtbl/delta_0000001_0000001_0000/bucket_00000_0 with stripeSize: 8388608 options: Compress: ZLIB buffer: 32768
2024-04-24T06:28:59,609  INFO [pool-173-thread-1] exec.SelectOperator: Closing Operator: SEL[5]
2024-04-24T06:28:59,610  INFO [pool-173-thread-1] exec.SelectOperator: RECORDS_OUT_OPERATOR_SEL_5:2, RECORDS_OUT_INTERMEDIATE:0, 
2024-04-24T06:28:59,610  INFO [pool-173-thread-1] exec.FileSinkOperator: Closing Operator: FS[6]
2024-04-24T06:28:59,610  INFO [pool-173-thread-1] exec.FileSinkOperator: FS[6]: records written - 2
2024-04-24T06:28:59,611  INFO [pool-173-thread-1] FileOperations: Writing manifest to file:/home/alex/Repositories/hive/ql/target/tmp/org.apache.hadoop.hive.ql.TestTxnCommands-1713965238357/warehouse/acidtbl/_tmp.delta_0000001_0000001_0000/000000_0.manifest with [file:/home/alex/Repositories/hive/ql/target/tmp/org.apache.hadoop.hive.ql.TestTxnCommands-1713965238357/warehouse/acidtbl/delta_0000001_0000001_0000/bucket_00000_0]
2024-04-24T06:28:59,622  INFO [pool-173-thread-1] exec.FileSinkOperator: TOTAL_TABLE_ROWS_WRITTEN:2, RECORDS_OUT_INTERMEDIATE:0, RECORDS_OUT_1_default.acidtbl:2, RECORDS_OUT_OPERATOR_FS_6:2, 
2024-04-24T06:28:59,623  INFO [pool-173-thread-1] mapred.Task: Task:attempt_local769135796_0035_r_000000_0 is done. And is in the process of committing
2024-04-24T06:28:59,623  INFO [pool-173-thread-1] mapred.LocalJobRunner: reduce > reduce
2024-04-24T06:28:59,623  INFO [pool-173-thread-1] mapred.Task: Task 'attempt_local769135796_0035_r_000000_0' done.
2024-04-24T06:28:59,623  INFO [pool-173-thread-1] mapred.Task: Final Counters for attempt_local769135796_0035_r_000000_0: Counters: 30
	File System Counters
		FILE: Number of bytes read=721725
		FILE: Number of bytes written=41288538
		FILE: Number of read operations=0
		FILE: Number of large read operations=0
		FILE: Number of write operations=0
	Map-Reduce Framework
		Combine input records=0
		Combine output records=0
		Reduce input groups=2
		Reduce shuffle bytes=42
		Reduce input records=2
		Reduce output records=0
		Spilled Records=2
		Shuffled Maps =1
		Failed Shuffles=0
		Merged Map outputs=1
		GC time elapsed (ms)=9
		Total committed heap usage (bytes)=1254621184
	HIVE
		CREATED_FILES=1
		RECORDS_OUT_1_default.acidtbl=2
		RECORDS_OUT_INTERMEDIATE=0
		RECORDS_OUT_OPERATOR_FS_6=2
		RECORDS_OUT_OPERATOR_SEL_5=2
		TOTAL_TABLE_ROWS_WRITTEN=2
	Shuffle Errors
		BAD_ID=0
		CONNECTION=0
		IO_ERROR=0
		WRONG_LENGTH=0
		WRONG_MAP=0
		WRONG_REDUCE=0
	File Output Format Counters 
		Bytes Written=0
2024-04-24T06:28:59,623  INFO [pool-173-thread-1] mapred.LocalJobRunner: Finishing task: attempt_local769135796_0035_r_000000_0
2024-04-24T06:28:59,623  INFO [pool-173-thread-1] mapred.LocalJobRunner: Starting task: attempt_local769135796_0035_r_000001_0
2024-04-24T06:28:59,624  INFO [pool-173-thread-1] mapred.Task:  Using ResourceCalculatorProcessTree : [ ]
2024-04-24T06:28:59,624  INFO [pool-173-thread-1] mapred.ReduceTask: Using ShuffleConsumerPlugin: org.apache.hadoop.mapreduce.task.reduce.Shuffle@6892840e
2024-04-24T06:28:59,624  WARN [pool-173-thread-1] impl.MetricsSystemImpl: JobTracker metrics system already initialized!
2024-04-24T06:28:59,625  INFO [pool-173-thread-1] reduce.MergeManagerImpl: MergerManager: memoryLimit=1336252800, maxSingleShuffleLimit=334063200, mergeThreshold=881926912, ioSortFactor=10, memToMemMergeOutputsThreshold=10
2024-04-24T06:28:59,625  INFO [EventFetcher for fetching Map Completion Events] reduce.EventFetcher: attempt_local769135796_0035_r_000001_0 Thread started: EventFetcher for fetching Map Completion Events
2024-04-24T06:28:59,628  INFO [localfetcher#50] reduce.LocalFetcher: localfetcher#50 about to shuffle output of map attempt_local769135796_0035_m_000000_0 decomp: 38 len: 42 to MEMORY
2024-04-24T06:28:59,628  INFO [localfetcher#50] reduce.InMemoryMapOutput: Read 38 bytes from map-output for attempt_local769135796_0035_m_000000_0
2024-04-24T06:28:59,628  INFO [localfetcher#50] reduce.MergeManagerImpl: closeInMemoryFile -> map-output of size: 38, inMemoryMapOutputs.size() -> 1, commitMemory -> 0, usedMemory ->38
2024-04-24T06:28:59,629  INFO [EventFetcher for fetching Map Completion Events] reduce.EventFetcher: EventFetcher is interrupted.. Returning
2024-04-24T06:28:59,629  INFO [pool-173-thread-1] mapred.LocalJobRunner: 1 / 1 copied.
2024-04-24T06:28:59,629  INFO [pool-173-thread-1] reduce.MergeManagerImpl: finalMerge called with 1 in-memory map-outputs and 0 on-disk map-outputs
2024-04-24T06:28:59,635  INFO [pool-173-thread-1] mapred.Merger: Merging 1 sorted segments
2024-04-24T06:28:59,635  INFO [pool-173-thread-1] mapred.Merger: Down to the last merge-pass, with 1 segments left of total size: 26 bytes
2024-04-24T06:28:59,638  INFO [pool-173-thread-1] reduce.MergeManagerImpl: Merged 1 segments, 38 bytes to disk to satisfy reduce memory limit
2024-04-24T06:28:59,638  INFO [pool-173-thread-1] reduce.MergeManagerImpl: Merging 1 files, 42 bytes from disk
2024-04-24T06:28:59,638  INFO [pool-173-thread-1] reduce.MergeManagerImpl: Merging 0 segments, 0 bytes from memory into reduce
2024-04-24T06:28:59,638  INFO [pool-173-thread-1] mapred.Merger: Merging 1 sorted segments
2024-04-24T06:28:59,638  INFO [pool-173-thread-1] mapred.Merger: Down to the last merge-pass, with 1 segments left of total size: 26 bytes
2024-04-24T06:28:59,638  INFO [pool-173-thread-1] mapred.LocalJobRunner: 1 / 1 copied.
2024-04-24T06:28:59,639  INFO [pool-173-thread-1] exec.SerializationUtilities: Deserializing ReduceWork using kryo
2024-04-24T06:28:59,639  INFO [pool-173-thread-1] exec.Utilities: Deserialized plan (via FILE) - name: null size: 5,96KB
2024-04-24T06:28:59,640  INFO [pool-173-thread-1] ExecReducer: 
<SEL>Id =5
  <Children>
    <FS>Id =6
      <Children>
      <\Children>
      <Parent>Id = 5 null<\Parent>
    <\FS>
  <\Children>
  <Parent><\Parent>
<\SEL>
2024-04-24T06:28:59,640  INFO [pool-173-thread-1] exec.SelectOperator: Initializing Operator: SEL[5]
2024-04-24T06:28:59,640  INFO [pool-173-thread-1] exec.SelectOperator: SELECT struct<key:struct<reducesinkkey0:int>,value:struct<_col0:int>>
2024-04-24T06:28:59,640  INFO [pool-173-thread-1] exec.FileSinkOperator: Initializing Operator: FS[6]
2024-04-24T06:28:59,640  INFO [pool-173-thread-1] exec.FileSinkOperator: Using serializer : AbstractSerDe [log=org.apache.logging.slf4j.Log4jLogger@3c370966, configuration=Optional[Configuration: core-default.xml, core-site.xml, mapred-default.xml, mapred-site.xml, yarn-default.xml, yarn-site.xml, hdfs-default.xml, hdfs-site.xml, file:/home/alex/Repositories/hive/ql/target/tmp/TestTxnCommands/mapred/local/localRunner/alex/job_local769135796_0035/job_local769135796_0035.xml], properties={transactional_properties=default, name=default.acidtbl, transactional=true, columns.types=int:int, bucket_field_name=a, columns=a,b, numFilesErasureCoded=0, columns.comments=&amp#0;, bucketing_version=2, bucket_count=2, serialization.lib=org.apache.hadoop.hive.ql.io.orc.OrcSerde, file.inputformat=org.apache.hadoop.hive.ql.io.orc.OrcInputFormat, file.outputformat=org.apache.hadoop.hive.ql.io.orc.OrcOutputFormat, location=file:/home/alex/Repositories/hive/ql/target/tmp/org.apache.hadoop.hive.ql.TestTxnCommands-1713965238357/warehouse/acidtbl, column.name.delimiter=,}, tableProperties={transactional_properties=default, name=default.acidtbl, transactional=true, columns.types=int:int, bucket_field_name=a, columns=a,b, numFilesErasureCoded=0, columns.comments=&amp#0;, bucketing_version=2, bucket_count=2, serialization.lib=org.apache.hadoop.hive.ql.io.orc.OrcSerde, file.inputformat=org.apache.hadoop.hive.ql.io.orc.OrcInputFormat, location=file:/home/alex/Repositories/hive/ql/target/tmp/org.apache.hadoop.hive.ql.TestTxnCommands-1713965238357/warehouse/acidtbl, file.outputformat=org.apache.hadoop.hive.ql.io.orc.OrcOutputFormat, column.name.delimiter=,}, partitionProperties=Optional.empty, columnNames=[a, b], columnTypes=[int, int], getClass()=class org.apache.hadoop.hive.ql.io.orc.OrcSerde] and formatter : org.apache.hadoop.hive.ql.io.orc.OrcOutputFormat@1da08348
2024-04-24T06:28:59,641  INFO [pool-173-thread-1] exec.FileSinkOperator: Final Path: FS file:/home/alex/Repositories/hive/ql/target/tmp/org.apache.hadoop.hive.ql.TestTxnCommands-1713965238357/warehouse/acidtbl
2024-04-24T06:28:59,641  INFO [pool-173-thread-1] exec.FileSinkOperator: New Final Path: FS file:/home/alex/Repositories/hive/ql/target/tmp/org.apache.hadoop.hive.ql.TestTxnCommands-1713965238357/warehouse/acidtbl
2024-04-24T06:28:59,641  INFO [pool-173-thread-1] common.FileUtils: Creating directory if it doesn't exist: file:/home/alex/Repositories/hive/ql/target/tmp/org.apache.hadoop.hive.ql.TestTxnCommands-1713965238357/warehouse
2024-04-24T06:28:59,641  INFO [pool-173-thread-1] exec.FileSinkOperator: FS[6]: records written - 1
2024-04-24T06:28:59,641  INFO [pool-173-thread-1] impl.PhysicalFsWriter: ORC writer created for path: file:/home/alex/Repositories/hive/ql/target/tmp/org.apache.hadoop.hive.ql.TestTxnCommands-1713965238357/warehouse/acidtbl/delta_0000001_0000001_0000/bucket_00001_0 with stripeSize: 8388608 blockSize: 268435456 compression: Compress: ZLIB buffer: 32768
2024-04-24T06:28:59,646  INFO [pool-173-thread-1] impl.WriterImpl: ORC writer created for path: file:/home/alex/Repositories/hive/ql/target/tmp/org.apache.hadoop.hive.ql.TestTxnCommands-1713965238357/warehouse/acidtbl/delta_0000001_0000001_0000/bucket_00001_0 with stripeSize: 8388608 options: Compress: ZLIB buffer: 32768
2024-04-24T06:28:59,646  INFO [pool-173-thread-1] exec.SelectOperator: Closing Operator: SEL[5]
2024-04-24T06:28:59,646  INFO [pool-173-thread-1] exec.SelectOperator: RECORDS_OUT_INTERMEDIATE:0, RECORDS_OUT_OPERATOR_SEL_5:2, 
2024-04-24T06:28:59,646  INFO [pool-173-thread-1] exec.FileSinkOperator: Closing Operator: FS[6]
2024-04-24T06:28:59,646  INFO [pool-173-thread-1] exec.FileSinkOperator: FS[6]: records written - 2
2024-04-24T06:28:59,648  INFO [pool-173-thread-1] FileOperations: Writing manifest to file:/home/alex/Repositories/hive/ql/target/tmp/org.apache.hadoop.hive.ql.TestTxnCommands-1713965238357/warehouse/acidtbl/_tmp.delta_0000001_0000001_0000/000001_0.manifest with [file:/home/alex/Repositories/hive/ql/target/tmp/org.apache.hadoop.hive.ql.TestTxnCommands-1713965238357/warehouse/acidtbl/delta_0000001_0000001_0000/bucket_00001_0]
2024-04-24T06:28:59,657  INFO [pool-173-thread-1] exec.FileSinkOperator: RECORDS_OUT_INTERMEDIATE:0, TOTAL_TABLE_ROWS_WRITTEN:2, RECORDS_OUT_1_default.acidtbl:2, RECORDS_OUT_OPERATOR_FS_6:2, 
2024-04-24T06:28:59,657  INFO [pool-173-thread-1] mapred.Task: Task:attempt_local769135796_0035_r_000001_0 is done. And is in the process of committing
2024-04-24T06:28:59,657  INFO [pool-173-thread-1] mapred.LocalJobRunner: reduce > reduce
2024-04-24T06:28:59,657  INFO [pool-173-thread-1] mapred.Task: Task 'attempt_local769135796_0035_r_000001_0' done.
2024-04-24T06:28:59,657  INFO [pool-173-thread-1] mapred.Task: Final Counters for attempt_local769135796_0035_r_000001_0: Counters: 30
	File System Counters
		FILE: Number of bytes read=727886
		FILE: Number of bytes written=41289610
		FILE: Number of read operations=0
		FILE: Number of large read operations=0
		FILE: Number of write operations=0
	Map-Reduce Framework
		Combine input records=0
		Combine output records=0
		Reduce input groups=2
		Reduce shuffle bytes=42
		Reduce input records=2
		Reduce output records=0
		Spilled Records=2
		Shuffled Maps =1
		Failed Shuffles=0
		Merged Map outputs=1
		GC time elapsed (ms)=0
		Total committed heap usage (bytes)=1254621184
	HIVE
		CREATED_FILES=1
		RECORDS_OUT_1_default.acidtbl=2
		RECORDS_OUT_INTERMEDIATE=0
		RECORDS_OUT_OPERATOR_FS_6=2
		RECORDS_OUT_OPERATOR_SEL_5=2
		TOTAL_TABLE_ROWS_WRITTEN=2
	Shuffle Errors
		BAD_ID=0
		CONNECTION=0
		IO_ERROR=0
		WRONG_LENGTH=0
		WRONG_MAP=0
		WRONG_REDUCE=0
	File Output Format Counters 
		Bytes Written=0
2024-04-24T06:28:59,657  INFO [pool-173-thread-1] mapred.LocalJobRunner: Finishing task: attempt_local769135796_0035_r_000001_0
2024-04-24T06:28:59,658  INFO [Thread-2901] mapred.LocalJobRunner: reduce task executor complete.
2024-04-24 06:29:00,538 Stage-1 map = 100%,  reduce = 100%
2024-04-24T06:29:00,539  INFO [main] exec.Task: 2024-04-24 06:29:00,538 Stage-1 map = 100%,  reduce = 100%
Ended Job = job_local769135796_0035
2024-04-24T06:29:00,541  INFO [main] exec.Task: Ended Job = job_local769135796_0035
2024-04-24T06:29:00,542  INFO [main] FileOperations: Found manifest file file:/home/alex/Repositories/hive/ql/target/tmp/org.apache.hadoop.hive.ql.TestTxnCommands-1713965238357/warehouse/acidtbl/_tmp.delta_0000001_0000001_0000/000000_0.manifest with attemptId 0.
2024-04-24T06:29:00,542  INFO [main] FileOperations: Found manifest file file:/home/alex/Repositories/hive/ql/target/tmp/org.apache.hadoop.hive.ql.TestTxnCommands-1713965238357/warehouse/acidtbl/_tmp.delta_0000001_0000001_0000/000001_0.manifest with attemptId 0.
2024-04-24T06:29:00,542  INFO [main] FileOperations: Looking at manifest file: file:/home/alex/Repositories/hive/ql/target/tmp/org.apache.hadoop.hive.ql.TestTxnCommands-1713965238357/warehouse/acidtbl/_tmp.delta_0000001_0000001_0000/000001_0.manifest
2024-04-24T06:29:00,542  INFO [main] FileOperations: Looking at manifest file: file:/home/alex/Repositories/hive/ql/target/tmp/org.apache.hadoop.hive.ql.TestTxnCommands-1713965238357/warehouse/acidtbl/_tmp.delta_0000001_0000001_0000/000000_0.manifest
2024-04-24T06:29:00,542  INFO [main] FileOperations: Deleting manifest directory file:/home/alex/Repositories/hive/ql/target/tmp/org.apache.hadoop.hive.ql.TestTxnCommands-1713965238357/warehouse/acidtbl/_tmp.delta_0000001_0000001_0000
2024-04-24T06:29:00,543  INFO [main] ql.Driver: Starting task [Stage-0:MOVE] in serial mode
Loading data to table default.acidtbl
2024-04-24T06:29:00,543  INFO [main] exec.Task: Loading data to table default.acidtbl from file:/home/alex/Repositories/hive/ql/target/tmp/org.apache.hadoop.hive.ql.TestTxnCommands-1713965238357/warehouse/acidtbl
2024-04-24T06:29:00,544  INFO [main] HiveMetaStore.audit: ugi=alex	ip=unknown-ip-addr	cmd=get_table : tbl=hive.default.acidtbl	
2024-04-24T06:29:00,550  INFO [main] metastore.HMSHandler: Skipping translation for processor with null
2024-04-24T06:29:00,550  INFO [main] HiveMetaStore.audit: ugi=alex	ip=unknown-ip-addr	cmd=get_table : tbl=hive.default.acidtbl	
2024-04-24T06:29:00,557  INFO [main] metastore.HMSHandler: Skipping translation for processor with null
2024-04-24T06:29:00,557  INFO [main] HiveMetaStore.audit: ugi=alex	ip=unknown-ip-addr	cmd=alter_table: hive.default.acidtbl newtbl=acidtbl	
2024-04-24T06:29:00,598  INFO [main] ql.Driver: Starting task [Stage-2:STATS] in serial mode
2024-04-24T06:29:00,598  INFO [main] HiveMetaStore.audit: ugi=alex	ip=unknown-ip-addr	cmd=get_table : tbl=hive.default.acidtbl	
2024-04-24T06:29:00,607  INFO [main] metastore.HMSHandler: Skipping translation for processor with null
2024-04-24T06:29:00,607  INFO [main] stats.BasicStatsTask: Executing stats task
2024-04-24T06:29:00,608  INFO [main] fs.FSStatsPublisher: created : file:/home/alex/Repositories/hive/ql/target/tmp/localscratchdir/d771c872-91e2-4a90-8d28-925a2f22fab8/hive_2024-04-24_06-28-59_084_3124054151500662053-1/-mr-10000
2024-04-24T06:29:00,609  INFO [main] HiveMetaStore.audit: ugi=alex	ip=unknown-ip-addr	cmd=get_table : tbl=hive.default.acidtbl	
2024-04-24T06:29:00,618  INFO [main] metastore.HMSHandler: Skipping translation for processor with null
2024-04-24T06:29:00,630  WARN [main] FileOperations: Computing stats for an ACID table; stats may be inaccurate
2024-04-24T06:29:00,631  INFO [main] FileOperations: Read stats for default.acidtbl/, numRows, true, 4, false: 
2024-04-24T06:29:00,631  INFO [main] FileOperations: Read stats for default.acidtbl/, rawDataSize, true, 0, false: 
2024-04-24T06:29:00,631  INFO [main] HiveMetaStore.audit: ugi=alex	ip=unknown-ip-addr	cmd=alter_table: hive.default.acidtbl newtbl=acidtbl	
2024-04-24T06:29:00,661  INFO [main] FileOperations: Read stats for default.acidtbl/, insertCount, true, 4, false: 
2024-04-24T06:29:00,661  INFO [main] FileOperations: Read stats for default.acidtbl/, updateCount, true, 0, false: 
2024-04-24T06:29:00,661  INFO [main] FileOperations: Read stats for default.acidtbl/, deleteCount, true, 0, false: 
2024-04-24T06:29:00,663  INFO [main] stats.BasicStatsTask: Table default.acidtbl stats: [numFiles=2, numRows=4, totalSize=1389, rawDataSize=0, numFilesErasureCoded=0]
2024-04-24T06:29:00,664  INFO [main] metadata.Hive: Dumping metastore api call timing information for : execution phase
2024-04-24T06:29:00,664  INFO [main] metadata.Hive: Total time spent in each metastore function (ms): {alter_table_(String, String, String, Table, EnvironmentContext, String)=71, isCompatibleWith_(Configuration)=0, getTable_(GetTableRequest)=32, updateTransactionalStatistics_(UpdateTransactionalStatsRequest)=2}
MapReduce Jobs Launched: 
2024-04-24T06:29:00,664  INFO [main] ql.Driver: MapReduce Jobs Launched: 
Stage-Stage-1:  HDFS Read: 0 HDFS Write: 0 SUCCESS
2024-04-24T06:29:00,664  INFO [main] ql.Driver: Stage-Stage-1:  HDFS Read: 0 HDFS Write: 0 SUCCESS
Total MapReduce CPU Time Spent: 0 msec
2024-04-24T06:29:00,664  INFO [main] ql.Driver: Total MapReduce CPU Time Spent: 0 msec
2024-04-24T06:29:00,664  INFO [main] ql.Driver: Completed executing command(queryId=alex_20240424062859_60a51452-3937-4e99-a6d5-eda2467dbed9); Time taken: 1.38 seconds
2024-04-24T06:29:00,664  INFO [main] lockmgr.DbTxnManager: Stopped heartbeat for query: alex_20240424062859_60a51452-3937-4e99-a6d5-eda2467dbed9
2024-04-24T06:29:00,675  INFO [main] txn.TxnHandler: Removed transactions: ([13]) from MIN_HISTORY_LEVEL
2024-04-24T06:29:00,675  WARN [main] txn.CompactionTxnHandler: No compaction queue record found for Compaction type transaction commit. txnId:13
2024-04-24T06:29:00,675  INFO [main] ql.TxnCommandsBaseForTests: Running the query: select a,b from acidTbl order by a,b
2024-04-24T06:29:00,676  INFO [main] ql.Context: Deleting scratch dir: file:/home/alex/Repositories/hive/ql/target/tmp/localscratchdir/d771c872-91e2-4a90-8d28-925a2f22fab8/hive_2024-04-24_06-28-59_084_3124054151500662053-1
2024-04-24T06:29:00,676  INFO [main] cleanup.SyncCleanupService: Deleted directory: file:/home/alex/Repositories/hive/ql/target/tmp/localscratchdir/d771c872-91e2-4a90-8d28-925a2f22fab8/hive_2024-04-24_06-28-59_084_3124054151500662053-1 on fs with scheme file
2024-04-24T06:29:00,677  INFO [main] ql.Driver: Compiling command(queryId=alex_20240424062900_5d6279ab-27a4-4b47-a950-c1b2a8a32340): select a,b from acidTbl order by a,b
2024-04-24T06:29:00,681  INFO [main] txn.TxnHandler: Added entries to MIN_HISTORY_LEVEL for current txns: ([14]) with min_open_txn: 14
2024-04-24T06:29:00,681  INFO [main] lockmgr.DbTxnManager: Opened txnid:14
2024-04-24T06:29:00,682  INFO [main] parse.CalcitePlanner: Starting caching scope for: 
2024-04-24T06:29:00,682  INFO [main] parse.CalcitePlanner: Starting Semantic Analysis
2024-04-24T06:29:00,685  INFO [main] parse.CalcitePlanner: Completed phase 1 of Semantic Analysis
2024-04-24T06:29:00,685  INFO [main] parse.CalcitePlanner: Get metadata for source tables
2024-04-24T06:29:00,686  INFO [main] HiveMetaStore.audit: ugi=alex	ip=unknown-ip-addr	cmd=get_table : tbl=hive.default.acidtbl	
2024-04-24T06:29:00,693  INFO [main] metastore.HMSHandler: Skipping translation for processor with null
2024-04-24T06:29:00,693  INFO [main] parse.CalcitePlanner: Get metadata for subqueries
2024-04-24T06:29:00,693  INFO [main] parse.CalcitePlanner: Get metadata for destination tables
2024-04-24T06:29:00,693  INFO [main] parse.CalcitePlanner: Completed getting MetaData in Semantic Analysis
2024-04-24T06:29:00,705  INFO [main] HiveMetaStore.audit: ugi=alex	ip=unknown-ip-addr	cmd=get_all_table_constraints : tbl=hive.default.acidtbl	
2024-04-24T06:29:00,728  INFO [main] calcite.RelOptHiveTable: Calculating column statistics for default.acidtbl, projIndxSet: [0, 1], allowMissingStats: true
2024-04-24T06:29:00,729  INFO [main] HiveMetaStore.audit: ugi=alex	ip=unknown-ip-addr	cmd=get_table : tbl=hive.default.acidtbl	
2024-04-24T06:29:00,737  INFO [main] metastore.HMSHandler: Skipping translation for processor with null
2024-04-24T06:29:00,737  INFO [main] HiveMetaStore.audit: ugi=alex	ip=unknown-ip-addr	cmd=get_table : tbl=hive.default.acidtbl	
2024-04-24T06:29:00,745  INFO [main] metastore.HMSHandler: Skipping translation for processor with null
2024-04-24T06:29:00,746  INFO [main] HiveMetaStore.audit: ugi=alex	ip=unknown-ip-addr	cmd=get_table_statistics_req: table=hive.default.acidtbl	
2024-04-24T06:29:00,757  WARN [main] calcite.RelOptHiveTable: No Stats for default@acidtbl, Columns: a, b
No Stats for default@acidtbl, Columns: a, b
2024-04-24T06:29:00,757  INFO [main] SessionState: No Stats for default@acidtbl, Columns: a, b
2024-04-24T06:29:00,796  INFO [main] parse.CalcitePlanner: Get metadata for source tables
2024-04-24T06:29:00,796  INFO [main] parse.CalcitePlanner: Get metadata for subqueries
2024-04-24T06:29:00,796  INFO [main] parse.CalcitePlanner: Get metadata for destination tables
2024-04-24T06:29:00,797  INFO [main] common.FileUtils: Creating directory if it doesn't exist: file:/home/alex/Repositories/hive/ql/target/tmp/localscratchdir/d771c872-91e2-4a90-8d28-925a2f22fab8/hive_2024-04-24_06-29-00_676_2275218018542000133-1/-mr-10001/.hive-staging_hive_2024-04-24_06-29-00_676_2275218018542000133-1
2024-04-24T06:29:00,804  INFO [main] parse.CalcitePlanner: CBO Succeeded; optimized logical plan.
2024-04-24T06:29:00,806  INFO [main] optimizer.ColumnPrunerProcFactory: RS 2 oldColExprMap: {KEY.reducesinkkey0=Column[_col0], KEY.reducesinkkey1=Column[_col1]}
2024-04-24T06:29:00,807  INFO [main] optimizer.ColumnPrunerProcFactory: RS 2 newColExprMap: {KEY.reducesinkkey1=Column[_col1], KEY.reducesinkkey0=Column[_col0]}
2024-04-24T06:29:00,808  INFO [main] optimizer.SortedDynPartitionOptimizer: Sorted dynamic partitioning optimization kicked in..
2024-04-24T06:29:00,816  INFO [main] parse.CalcitePlanner: Completed plan generation
2024-04-24T06:29:00,816  INFO [main] parse.CalcitePlanner: Ending caching scope for: 
2024-04-24T06:29:00,816  INFO [main] ql.Driver: Semantic Analysis Completed (retrial = false)
2024-04-24T06:29:00,816  INFO [main] ql.Driver: Created Hive schema: Schema(fieldSchemas:[FieldSchema(name:a, type:int, comment:null), FieldSchema(name:b, type:int, comment:null)], properties:null)
2024-04-24T06:29:00,817  INFO [main] exec.ListSinkOperator: Initializing Operator: LIST_SINK[5]
2024-04-24T06:29:00,817  INFO [main] metadata.Hive: Dumping metastore api call timing information for : compilation phase
2024-04-24T06:29:00,817  INFO [main] metadata.Hive: Total time spent in each metastore function (ms): {getTable_(GetTableRequest)=7, openTxn_(String, TxnType)=4, getValidWriteIds_(List, String)=4, flushCache_()=0, commitTxn_(CommitTxnRequest)=11, getValidTxns_(long)=1, getTableColumnStatistics_(String, String, List, String)=28, isCompatibleWith_(Configuration)=0, getAllTableConstraints_(AllTableConstraintsRequest)=5}
2024-04-24T06:29:00,817  INFO [main] ql.Driver: Completed compiling command(queryId=alex_20240424062900_5d6279ab-27a4-4b47-a950-c1b2a8a32340); Time taken: 0.14 seconds
2024-04-24T06:29:00,818  INFO [main] lockmgr.DbTxnManager: Setting lock request transaction to txnid:14 for queryId=alex_20240424062900_5d6279ab-27a4-4b47-a950-c1b2a8a32340
2024-04-24T06:29:00,818  INFO [main] lockmgr.DbLockManager: Requesting lock for queryId=alex_20240424062900_5d6279ab-27a4-4b47-a950-c1b2a8a32340
2024-04-24T06:29:00,831  INFO [main] lockmgr.DbLockManager: Response to queryId=alex_20240424062900_5d6279ab-27a4-4b47-a950-c1b2a8a32340 LockResponse(lockid:8, state:ACQUIRED)
2024-04-24T06:29:00,831  INFO [main] ql.Driver: Operation QUERY obtained 1 locks
2024-04-24T06:29:00,832  INFO [main] ql.Driver: Executing command(queryId=alex_20240424062900_5d6279ab-27a4-4b47-a950-c1b2a8a32340): select a,b from acidTbl order by a,b
2024-04-24T06:29:00,832  WARN [main] ql.Driver: Hive-on-MR is deprecated in Hive 2 and may not be available in the future versions. Consider using a different execution engine (i.e. tez, spark) or using Hive 1.X releases.
Query ID = alex_20240424062900_5d6279ab-27a4-4b47-a950-c1b2a8a32340
2024-04-24T06:29:00,832  INFO [main] ql.Driver: Query ID = alex_20240424062900_5d6279ab-27a4-4b47-a950-c1b2a8a32340
Total jobs = 1
2024-04-24T06:29:00,832  INFO [main] ql.Driver: Total jobs = 1
Launching Job 1 out of 1
2024-04-24T06:29:00,832  INFO [main] ql.Driver: Launching Job 1 out of 1
2024-04-24T06:29:00,955  INFO [main] ql.Driver: Starting task [Stage-1:MAPRED] in serial mode
Number of reduce tasks determined at compile time: 1
2024-04-24T06:29:00,955  INFO [main] exec.Task: Number of reduce tasks determined at compile time: 1
In order to change the average load for a reducer (in bytes):
2024-04-24T06:29:00,955  INFO [main] exec.Task: In order to change the average load for a reducer (in bytes):
  set hive.exec.reducers.bytes.per.reducer=<number>
2024-04-24T06:29:00,955  INFO [main] exec.Task:   set hive.exec.reducers.bytes.per.reducer=<number>
In order to limit the maximum number of reducers:
2024-04-24T06:29:00,955  INFO [main] exec.Task: In order to limit the maximum number of reducers:
  set hive.exec.reducers.max=<number>
2024-04-24T06:29:00,955  INFO [main] exec.Task:   set hive.exec.reducers.max=<number>
In order to set a constant number of reducers:
2024-04-24T06:29:00,955  INFO [main] exec.Task: In order to set a constant number of reducers:
  set mapreduce.job.reduces=<number>
2024-04-24T06:29:00,955  INFO [main] exec.Task:   set mapreduce.job.reduces=<number>
2024-04-24T06:29:00,957  INFO [main] mr.ExecDriver: Using org.apache.hadoop.hive.ql.io.HiveInputFormat
2024-04-24T06:29:00,957  INFO [main] exec.Utilities: Processing alias acidtbl
2024-04-24T06:29:00,958  INFO [main] exec.Utilities: Adding 1 inputs; the first input is file:/home/alex/Repositories/hive/ql/target/tmp/org.apache.hadoop.hive.ql.TestTxnCommands-1713965238357/warehouse/acidtbl
2024-04-24T06:29:00,966  INFO [main] exec.SerializationUtilities: Serializing MapWork using kryo
2024-04-24T06:29:00,967  INFO [main] exec.Utilities: Serialized plan (via FILE) - name: null size: 4,65KB
2024-04-24T06:29:00,972  INFO [main] exec.SerializationUtilities: Serializing ReduceWork using kryo
2024-04-24T06:29:00,972  INFO [main] exec.Utilities: Serialized plan (via FILE) - name: null size: 5,59KB
2024-04-24T06:29:00,973  WARN [main] impl.MetricsSystemImpl: JobTracker metrics system already initialized!
2024-04-24T06:29:00,979  WARN [main] impl.MetricsSystemImpl: JobTracker metrics system already initialized!
2024-04-24T06:29:00,985  WARN [main] mapreduce.JobResourceUploader: Hadoop command-line option parsing not performed. Implement the Tool interface and execute your application with ToolRunner to remedy this.
2024-04-24T06:29:00,989  WARN [main] mapreduce.JobResourceUploader: No job jar file set.  User classes may not be found. See Job or Job#setJar(String).
2024-04-24T06:29:00,990  INFO [main] io.HiveInputFormat: hive.io.file.readcolumn.ids = 0,1
2024-04-24T06:29:00,990  INFO [main] io.HiveInputFormat: hive.io.file.readcolumn.names = a,b
2024-04-24T06:29:00,990  INFO [main] io.HiveInputFormat: Generating splits for dirs: file:/home/alex/Repositories/hive/ql/target/tmp/org.apache.hadoop.hive.ql.TestTxnCommands-1713965238357/warehouse/acidtbl
2024-04-24T06:29:00,991  INFO [main] orc.OrcInputFormat: getSplits started
2024-04-24T06:29:00,991  INFO [main] orc.OrcInputFormat: Context:: isAcid: true isVectorMode: false sarg: null minSplitSize: 1 maxSplitSize: 256000000 splitStrategy: HYBRID footerInSplits: false numBuckets: 2 numThreads: 10 cacheMemSize: 268435456 cacheStripeDetails: true useSoftReference: false writeIdList: default.acidtbl:1:9223372036854775807:: isTransactionalTable: true txnProperties: default 
2024-04-24T06:29:00,991  INFO [main] orc.OrcInputFormat: ORC pushdown predicate: null
2024-04-24T06:29:01,001  INFO [main] orc.OrcInputFormat: FooterCacheHitRatio: 0/2
2024-04-24T06:29:01,002  INFO [main] orc.OrcInputFormat: getSplits finished (#splits: 2). duration: 11 ms
2024-04-24T06:29:01,002  INFO [main] io.HiveInputFormat: number of splits 2
2024-04-24T06:29:01,018  INFO [main] mapreduce.JobSubmitter: number of splits:2
2024-04-24T06:29:01,036  INFO [main] mapreduce.JobSubmitter: Submitting tokens for job: job_local455780024_0036
2024-04-24T06:29:01,036  INFO [main] mapreduce.JobSubmitter: Executing with tokens: []
2024-04-24T06:29:01,111  INFO [main] mapreduce.Job: The url to track the job: http://localhost:8080/
Job running in-process (local Hadoop)
2024-04-24T06:29:01,111  INFO [main] exec.Task: Job running in-process (local Hadoop)
2024-04-24T06:29:01,112  INFO [Thread-2978] mapred.LocalJobRunner: OutputCommitter set in config org.apache.hadoop.hive.ql.io.HiveFileFormatUtils$NullOutputCommitter
2024-04-24T06:29:01,112  INFO [Thread-2978] mapred.LocalJobRunner: OutputCommitter is org.apache.hadoop.hive.ql.io.HiveFileFormatUtils$NullOutputCommitter
2024-04-24T06:29:01,114  INFO [Thread-2978] mapred.LocalJobRunner: Waiting for map tasks
2024-04-24T06:29:01,114  INFO [LocalJobRunner Map Task Executor #0] mapred.LocalJobRunner: Starting task: attempt_local455780024_0036_m_000000_0
2024-04-24T06:29:01,114  INFO [LocalJobRunner Map Task Executor #0] mapred.Task:  Using ResourceCalculatorProcessTree : [ ]
2024-04-24T06:29:01,115  INFO [LocalJobRunner Map Task Executor #0] mapred.MapTask: Processing split: org.apache.hadoop.hive.ql.io.orc.OrcInputFormat:OrcSplit [file:/home/alex/Repositories/hive/ql/target/tmp/org.apache.hadoop.hive.ql.TestTxnCommands-1713965238357/warehouse/acidtbl/delta_0000001_0000001_0000/bucket_00001_0, start=0, length=699, isOriginal=false, fileLength=699, hasFooter=false, hasBase=true, deltas=0]
2024-04-24T06:29:01,115  INFO [LocalJobRunner Map Task Executor #0] exec.SerializationUtilities: Deserializing MapWork using kryo
2024-04-24T06:29:01,116  INFO [LocalJobRunner Map Task Executor #0] exec.Utilities: Deserialized plan (via FILE) - name: null size: 4,65KB
2024-04-24T06:29:01,117  INFO [LocalJobRunner Map Task Executor #0] orc.OrcRawRecordMerger: min key = null, max key = null
2024-04-24T06:29:01,117  INFO [LocalJobRunner Map Task Executor #0] orc.ReaderImpl: Reading ORC rows from file:/home/alex/Repositories/hive/ql/target/tmp/org.apache.hadoop.hive.ql.TestTxnCommands-1713965238357/warehouse/acidtbl/delta_0000001_0000001_0000/bucket_00001_0 with {include: [true, true, true], offset: 0, length: 699, schema: struct<a:int,b:int>, includeAcidColumns: true}
2024-04-24T06:29:01,117  INFO [LocalJobRunner Map Task Executor #0] orc.OrcRawRecordMerger: updated min key = null, max key = null
2024-04-24T06:29:01,118  INFO [LocalJobRunner Map Task Executor #0] mapred.MapTask: numReduceTasks: 1
2024-04-24T06:29:01,122  INFO [LocalJobRunner Map Task Executor #0] mapred.MapTask: (EQUATOR) 0 kvi 26214396(104857584)
2024-04-24T06:29:01,122  INFO [LocalJobRunner Map Task Executor #0] mapred.MapTask: mapreduce.task.io.sort.mb: 100
2024-04-24T06:29:01,122  INFO [LocalJobRunner Map Task Executor #0] mapred.MapTask: soft limit at 83886080
2024-04-24T06:29:01,122  INFO [LocalJobRunner Map Task Executor #0] mapred.MapTask: bufstart = 0; bufvoid = 104857600
2024-04-24T06:29:01,122  INFO [LocalJobRunner Map Task Executor #0] mapred.MapTask: kvstart = 26214396; length = 6553600
2024-04-24T06:29:01,123  INFO [LocalJobRunner Map Task Executor #0] mapred.MapTask: Map output collector class = org.apache.hadoop.mapred.MapTask$MapOutputBuffer
2024-04-24T06:29:01,123  INFO [LocalJobRunner Map Task Executor #0] exec.MapOperator: Initializing Operator: MAP[0]
2024-04-24T06:29:01,124  INFO [LocalJobRunner Map Task Executor #0] mr.ExecMapper: 
<MAP>Id =0
  <Children>null
  <\Children>
  <Parent><\Parent>
<\MAP>
2024-04-24T06:29:01,125  INFO [LocalJobRunner Map Task Executor #0] exec.TableScanOperator: Initializing Operator: TS[0]
2024-04-24T06:29:01,125  INFO [LocalJobRunner Map Task Executor #0] exec.SelectOperator: Initializing Operator: SEL[1]
2024-04-24T06:29:01,125  INFO [LocalJobRunner Map Task Executor #0] exec.SelectOperator: SELECT struct<a:int,b:int>
2024-04-24T06:29:01,125  INFO [LocalJobRunner Map Task Executor #0] exec.ReduceSinkOperator: Initializing Operator: RS[2]
2024-04-24T06:29:01,125  INFO [LocalJobRunner Map Task Executor #0] exec.ReduceSinkOperator: Using tag = -1
2024-04-24T06:29:01,125  INFO [LocalJobRunner Map Task Executor #0] exec.ReduceSinkOperator: keys are [reducesinkkey0, reducesinkkey1] num distributions: 2
2024-04-24T06:29:01,126  INFO [LocalJobRunner Map Task Executor #0] exec.ReduceSinkOperator: RS[2]: records written - 1
2024-04-24T06:29:01,126  INFO [LocalJobRunner Map Task Executor #0] exec.MapOperator: MAP[0]: records read - 1
2024-04-24T06:29:01,126  INFO [LocalJobRunner Map Task Executor #0] exec.MapOperator: Closing Operator: MAP[0]
2024-04-24T06:29:01,126  INFO [LocalJobRunner Map Task Executor #0] exec.MapOperator: MAP[0]: Total records read - 2. abort - false
2024-04-24T06:29:01,126  INFO [LocalJobRunner Map Task Executor #0] exec.MapOperator: DESERIALIZE_ERRORS:0, RECORDS_OUT_OPERATOR_MAP_0:0, RECORDS_IN:2, RECORDS_OUT_INTERMEDIATE:0, 
2024-04-24T06:29:01,126  INFO [LocalJobRunner Map Task Executor #0] exec.TableScanOperator: Closing Operator: TS[0]
2024-04-24T06:29:01,126  INFO [LocalJobRunner Map Task Executor #0] exec.TableScanOperator: RECORDS_OUT_INTERMEDIATE:0, RECORDS_OUT_OPERATOR_TS_0:2, 
2024-04-24T06:29:01,126  INFO [LocalJobRunner Map Task Executor #0] exec.SelectOperator: Closing Operator: SEL[1]
2024-04-24T06:29:01,126  INFO [LocalJobRunner Map Task Executor #0] exec.SelectOperator: RECORDS_OUT_OPERATOR_SEL_1:2, RECORDS_OUT_INTERMEDIATE:0, 
2024-04-24T06:29:01,126  INFO [LocalJobRunner Map Task Executor #0] exec.ReduceSinkOperator: Closing Operator: RS[2]
2024-04-24T06:29:01,126  INFO [LocalJobRunner Map Task Executor #0] exec.ReduceSinkOperator: RS[2]: Total records written - 2. abort - false
2024-04-24T06:29:01,126  INFO [LocalJobRunner Map Task Executor #0] exec.ReduceSinkOperator: RECORDS_OUT_INTERMEDIATE:2, RECORDS_OUT_OPERATOR_RS_2:2, 
2024-04-24T06:29:01,126  INFO [LocalJobRunner Map Task Executor #0] mapred.LocalJobRunner: 
2024-04-24T06:29:01,126  INFO [LocalJobRunner Map Task Executor #0] mapred.MapTask: Starting flush of map output
2024-04-24T06:29:01,126  INFO [LocalJobRunner Map Task Executor #0] mapred.MapTask: Spilling map output
2024-04-24T06:29:01,127  INFO [LocalJobRunner Map Task Executor #0] mapred.MapTask: bufstart = 0; bufend = 38; bufvoid = 104857600
2024-04-24T06:29:01,127  INFO [LocalJobRunner Map Task Executor #0] mapred.MapTask: kvstart = 26214396(104857584); kvend = 26214392(104857568); length = 5/6553600
2024-04-24T06:29:01,137  INFO [LocalJobRunner Map Task Executor #0] mapred.MapTask: Finished spill 0
2024-04-24T06:29:01,140  INFO [LocalJobRunner Map Task Executor #0] mapred.Task: Task:attempt_local455780024_0036_m_000000_0 is done. And is in the process of committing
2024-04-24T06:29:01,140  INFO [LocalJobRunner Map Task Executor #0] mapred.LocalJobRunner: OrcSplit [file:/home/alex/Repositories/hive/ql/target/tmp/org.apache.hadoop.hive.ql.TestTxnCommands-1713965238357/warehouse/acidtbl/delta_0000001_0000001_0000/bucket_00001_0, start=0, length=699, isOriginal=false, fileLength=699, hasFooter=false, hasBase=true, deltas=0]
2024-04-24T06:29:01,140  INFO [LocalJobRunner Map Task Executor #0] mapred.Task: Task 'attempt_local455780024_0036_m_000000_0' done.
2024-04-24T06:29:01,140  INFO [LocalJobRunner Map Task Executor #0] mapred.Task: Final Counters for attempt_local455780024_0036_m_000000_0: Counters: 24
	File System Counters
		FILE: Number of bytes read=737169
		FILE: Number of bytes written=42461586
		FILE: Number of read operations=0
		FILE: Number of large read operations=0
		FILE: Number of write operations=0
	Map-Reduce Framework
		Map input records=2
		Map output records=2
		Map output bytes=38
		Map output materialized bytes=48
		Input split bytes=495
		Combine input records=0
		Spilled Records=2
		Failed Shuffles=0
		Merged Map outputs=0
		GC time elapsed (ms)=0
		Total committed heap usage (bytes)=1254621184
	HIVE
		DESERIALIZE_ERRORS=0
		RECORDS_IN=2
		RECORDS_OUT_INTERMEDIATE=2
		RECORDS_OUT_OPERATOR_MAP_0=0
		RECORDS_OUT_OPERATOR_RS_2=2
		RECORDS_OUT_OPERATOR_SEL_1=2
		RECORDS_OUT_OPERATOR_TS_0=2
	File Input Format Counters 
		Bytes Read=7578
2024-04-24T06:29:01,140  INFO [LocalJobRunner Map Task Executor #0] mapred.LocalJobRunner: Finishing task: attempt_local455780024_0036_m_000000_0
2024-04-24T06:29:01,140  INFO [LocalJobRunner Map Task Executor #0] mapred.LocalJobRunner: Starting task: attempt_local455780024_0036_m_000001_0
2024-04-24T06:29:01,141  INFO [LocalJobRunner Map Task Executor #0] mapred.Task:  Using ResourceCalculatorProcessTree : [ ]
2024-04-24T06:29:01,141  INFO [LocalJobRunner Map Task Executor #0] mapred.MapTask: Processing split: org.apache.hadoop.hive.ql.io.orc.OrcInputFormat:OrcSplit [file:/home/alex/Repositories/hive/ql/target/tmp/org.apache.hadoop.hive.ql.TestTxnCommands-1713965238357/warehouse/acidtbl/delta_0000001_0000001_0000/bucket_00000_0, start=0, length=690, isOriginal=false, fileLength=690, hasFooter=false, hasBase=true, deltas=0]
2024-04-24T06:29:01,142  INFO [LocalJobRunner Map Task Executor #0] exec.SerializationUtilities: Deserializing MapWork using kryo
2024-04-24T06:29:01,142  INFO [LocalJobRunner Map Task Executor #0] exec.Utilities: Deserialized plan (via FILE) - name: null size: 4,65KB
2024-04-24T06:29:01,143  INFO [LocalJobRunner Map Task Executor #0] orc.OrcRawRecordMerger: min key = null, max key = null
2024-04-24T06:29:01,143  INFO [LocalJobRunner Map Task Executor #0] orc.ReaderImpl: Reading ORC rows from file:/home/alex/Repositories/hive/ql/target/tmp/org.apache.hadoop.hive.ql.TestTxnCommands-1713965238357/warehouse/acidtbl/delta_0000001_0000001_0000/bucket_00000_0 with {include: [true, true, true], offset: 0, length: 690, schema: struct<a:int,b:int>, includeAcidColumns: true}
2024-04-24T06:29:01,144  INFO [LocalJobRunner Map Task Executor #0] orc.OrcRawRecordMerger: updated min key = null, max key = null
2024-04-24T06:29:01,144  INFO [LocalJobRunner Map Task Executor #0] mapred.MapTask: numReduceTasks: 1
2024-04-24T06:29:01,150  INFO [LocalJobRunner Map Task Executor #0] mapred.MapTask: (EQUATOR) 0 kvi 26214396(104857584)
2024-04-24T06:29:01,150  INFO [LocalJobRunner Map Task Executor #0] mapred.MapTask: mapreduce.task.io.sort.mb: 100
2024-04-24T06:29:01,150  INFO [LocalJobRunner Map Task Executor #0] mapred.MapTask: soft limit at 83886080
2024-04-24T06:29:01,150  INFO [LocalJobRunner Map Task Executor #0] mapred.MapTask: bufstart = 0; bufvoid = 104857600
2024-04-24T06:29:01,150  INFO [LocalJobRunner Map Task Executor #0] mapred.MapTask: kvstart = 26214396; length = 6553600
2024-04-24T06:29:01,150  INFO [LocalJobRunner Map Task Executor #0] mapred.MapTask: Map output collector class = org.apache.hadoop.mapred.MapTask$MapOutputBuffer
2024-04-24T06:29:01,151  INFO [LocalJobRunner Map Task Executor #0] exec.MapOperator: Initializing Operator: MAP[0]
2024-04-24T06:29:01,152  INFO [LocalJobRunner Map Task Executor #0] mr.ExecMapper: 
<MAP>Id =0
  <Children>null
  <\Children>
  <Parent><\Parent>
<\MAP>
2024-04-24T06:29:01,152  INFO [LocalJobRunner Map Task Executor #0] exec.TableScanOperator: Initializing Operator: TS[0]
2024-04-24T06:29:01,153  INFO [LocalJobRunner Map Task Executor #0] exec.SelectOperator: Initializing Operator: SEL[1]
2024-04-24T06:29:01,153  INFO [LocalJobRunner Map Task Executor #0] exec.SelectOperator: SELECT struct<a:int,b:int>
2024-04-24T06:29:01,153  INFO [LocalJobRunner Map Task Executor #0] exec.ReduceSinkOperator: Initializing Operator: RS[2]
2024-04-24T06:29:01,153  INFO [LocalJobRunner Map Task Executor #0] exec.ReduceSinkOperator: Using tag = -1
2024-04-24T06:29:01,153  INFO [LocalJobRunner Map Task Executor #0] exec.ReduceSinkOperator: keys are [reducesinkkey0, reducesinkkey1] num distributions: 2
2024-04-24T06:29:01,153  INFO [LocalJobRunner Map Task Executor #0] exec.ReduceSinkOperator: RS[2]: records written - 1
2024-04-24T06:29:01,153  INFO [LocalJobRunner Map Task Executor #0] exec.MapOperator: MAP[0]: records read - 1
2024-04-24T06:29:01,153  INFO [LocalJobRunner Map Task Executor #0] exec.MapOperator: Closing Operator: MAP[0]
2024-04-24T06:29:01,154  INFO [LocalJobRunner Map Task Executor #0] exec.MapOperator: MAP[0]: Total records read - 2. abort - false
2024-04-24T06:29:01,154  INFO [LocalJobRunner Map Task Executor #0] exec.MapOperator: RECORDS_OUT_INTERMEDIATE:0, RECORDS_OUT_OPERATOR_MAP_0:0, RECORDS_IN:2, DESERIALIZE_ERRORS:0, 
2024-04-24T06:29:01,154  INFO [LocalJobRunner Map Task Executor #0] exec.TableScanOperator: Closing Operator: TS[0]
2024-04-24T06:29:01,154  INFO [LocalJobRunner Map Task Executor #0] exec.TableScanOperator: RECORDS_OUT_INTERMEDIATE:0, RECORDS_OUT_OPERATOR_TS_0:2, 
2024-04-24T06:29:01,154  INFO [LocalJobRunner Map Task Executor #0] exec.SelectOperator: Closing Operator: SEL[1]
2024-04-24T06:29:01,154  INFO [LocalJobRunner Map Task Executor #0] exec.SelectOperator: RECORDS_OUT_INTERMEDIATE:0, RECORDS_OUT_OPERATOR_SEL_1:2, 
2024-04-24T06:29:01,154  INFO [LocalJobRunner Map Task Executor #0] exec.ReduceSinkOperator: Closing Operator: RS[2]
2024-04-24T06:29:01,154  INFO [LocalJobRunner Map Task Executor #0] exec.ReduceSinkOperator: RS[2]: Total records written - 2. abort - false
2024-04-24T06:29:01,154  INFO [LocalJobRunner Map Task Executor #0] exec.ReduceSinkOperator: RECORDS_OUT_INTERMEDIATE:2, RECORDS_OUT_OPERATOR_RS_2:2, 
2024-04-24T06:29:01,154  INFO [LocalJobRunner Map Task Executor #0] mapred.LocalJobRunner: 
2024-04-24T06:29:01,154  INFO [LocalJobRunner Map Task Executor #0] mapred.MapTask: Starting flush of map output
2024-04-24T06:29:01,154  INFO [LocalJobRunner Map Task Executor #0] mapred.MapTask: Spilling map output
2024-04-24T06:29:01,154  INFO [LocalJobRunner Map Task Executor #0] mapred.MapTask: bufstart = 0; bufend = 38; bufvoid = 104857600
2024-04-24T06:29:01,154  INFO [LocalJobRunner Map Task Executor #0] mapred.MapTask: kvstart = 26214396(104857584); kvend = 26214392(104857568); length = 5/6553600
2024-04-24T06:29:01,162  INFO [LocalJobRunner Map Task Executor #0] mapred.MapTask: Finished spill 0
2024-04-24T06:29:01,165  INFO [LocalJobRunner Map Task Executor #0] mapred.Task: Task:attempt_local455780024_0036_m_000001_0 is done. And is in the process of committing
2024-04-24T06:29:01,166  INFO [LocalJobRunner Map Task Executor #0] mapred.LocalJobRunner: OrcSplit [file:/home/alex/Repositories/hive/ql/target/tmp/org.apache.hadoop.hive.ql.TestTxnCommands-1713965238357/warehouse/acidtbl/delta_0000001_0000001_0000/bucket_00000_0, start=0, length=690, isOriginal=false, fileLength=690, hasFooter=false, hasBase=true, deltas=0]
2024-04-24T06:29:01,166  INFO [LocalJobRunner Map Task Executor #0] mapred.Task: Task 'attempt_local455780024_0036_m_000001_0' done.
2024-04-24T06:29:01,166  INFO [LocalJobRunner Map Task Executor #0] mapred.Task: Final Counters for attempt_local455780024_0036_m_000001_0: Counters: 24
	File System Counters
		FILE: Number of bytes read=745724
		FILE: Number of bytes written=42461666
		FILE: Number of read operations=0
		FILE: Number of large read operations=0
		FILE: Number of write operations=0
	Map-Reduce Framework
		Map input records=2
		Map output records=2
		Map output bytes=38
		Map output materialized bytes=48
		Input split bytes=495
		Combine input records=0
		Spilled Records=2
		Failed Shuffles=0
		Merged Map outputs=0
		GC time elapsed (ms)=0
		Total committed heap usage (bytes)=1254621184
	HIVE
		DESERIALIZE_ERRORS=0
		RECORDS_IN=2
		RECORDS_OUT_INTERMEDIATE=2
		RECORDS_OUT_OPERATOR_MAP_0=0
		RECORDS_OUT_OPERATOR_RS_2=2
		RECORDS_OUT_OPERATOR_SEL_1=2
		RECORDS_OUT_OPERATOR_TS_0=2
	File Input Format Counters 
		Bytes Read=7542
2024-04-24T06:29:01,166  INFO [LocalJobRunner Map Task Executor #0] mapred.LocalJobRunner: Finishing task: attempt_local455780024_0036_m_000001_0
2024-04-24T06:29:01,166  INFO [Thread-2978] mapred.LocalJobRunner: map task executor complete.
2024-04-24T06:29:01,167  INFO [Thread-2978] mapred.LocalJobRunner: Waiting for reduce tasks
2024-04-24T06:29:01,167  INFO [pool-178-thread-1] mapred.LocalJobRunner: Starting task: attempt_local455780024_0036_r_000000_0
2024-04-24T06:29:01,168  INFO [pool-178-thread-1] mapred.Task:  Using ResourceCalculatorProcessTree : [ ]
2024-04-24T06:29:01,168  INFO [pool-178-thread-1] mapred.ReduceTask: Using ShuffleConsumerPlugin: org.apache.hadoop.mapreduce.task.reduce.Shuffle@10344c7c
2024-04-24T06:29:01,168  WARN [pool-178-thread-1] impl.MetricsSystemImpl: JobTracker metrics system already initialized!
2024-04-24T06:29:01,169  INFO [pool-178-thread-1] reduce.MergeManagerImpl: MergerManager: memoryLimit=1336252800, maxSingleShuffleLimit=334063200, mergeThreshold=881926912, ioSortFactor=10, memToMemMergeOutputsThreshold=10
2024-04-24T06:29:01,169  INFO [EventFetcher for fetching Map Completion Events] reduce.EventFetcher: attempt_local455780024_0036_r_000000_0 Thread started: EventFetcher for fetching Map Completion Events
2024-04-24T06:29:01,172  INFO [localfetcher#51] reduce.LocalFetcher: localfetcher#51 about to shuffle output of map attempt_local455780024_0036_m_000000_0 decomp: 44 len: 48 to MEMORY
2024-04-24T06:29:01,172  INFO [localfetcher#51] reduce.InMemoryMapOutput: Read 44 bytes from map-output for attempt_local455780024_0036_m_000000_0
2024-04-24T06:29:01,172  INFO [localfetcher#51] reduce.MergeManagerImpl: closeInMemoryFile -> map-output of size: 44, inMemoryMapOutputs.size() -> 1, commitMemory -> 0, usedMemory ->44
2024-04-24T06:29:01,174  INFO [localfetcher#51] reduce.LocalFetcher: localfetcher#51 about to shuffle output of map attempt_local455780024_0036_m_000001_0 decomp: 44 len: 48 to MEMORY
2024-04-24T06:29:01,174  INFO [localfetcher#51] reduce.InMemoryMapOutput: Read 44 bytes from map-output for attempt_local455780024_0036_m_000001_0
2024-04-24T06:29:01,174  INFO [localfetcher#51] reduce.MergeManagerImpl: closeInMemoryFile -> map-output of size: 44, inMemoryMapOutputs.size() -> 2, commitMemory -> 44, usedMemory ->88
2024-04-24T06:29:01,175  INFO [EventFetcher for fetching Map Completion Events] reduce.EventFetcher: EventFetcher is interrupted.. Returning
2024-04-24T06:29:01,175  INFO [pool-178-thread-1] mapred.LocalJobRunner: 2 / 2 copied.
2024-04-24T06:29:01,175  INFO [pool-178-thread-1] reduce.MergeManagerImpl: finalMerge called with 2 in-memory map-outputs and 0 on-disk map-outputs
2024-04-24T06:29:01,181  INFO [pool-178-thread-1] mapred.Merger: Merging 2 sorted segments
2024-04-24T06:29:01,181  INFO [pool-178-thread-1] mapred.Merger: Down to the last merge-pass, with 2 segments left of total size: 54 bytes
2024-04-24T06:29:01,184  INFO [pool-178-thread-1] reduce.MergeManagerImpl: Merged 2 segments, 88 bytes to disk to satisfy reduce memory limit
2024-04-24T06:29:01,184  INFO [pool-178-thread-1] reduce.MergeManagerImpl: Merging 1 files, 90 bytes from disk
2024-04-24T06:29:01,184  INFO [pool-178-thread-1] reduce.MergeManagerImpl: Merging 0 segments, 0 bytes from memory into reduce
2024-04-24T06:29:01,184  INFO [pool-178-thread-1] mapred.Merger: Merging 1 sorted segments
2024-04-24T06:29:01,184  INFO [pool-178-thread-1] mapred.Merger: Down to the last merge-pass, with 1 segments left of total size: 69 bytes
2024-04-24T06:29:01,184  INFO [pool-178-thread-1] mapred.LocalJobRunner: 2 / 2 copied.
2024-04-24T06:29:01,185  INFO [pool-178-thread-1] exec.SerializationUtilities: Deserializing ReduceWork using kryo
2024-04-24T06:29:01,185  INFO [pool-178-thread-1] exec.Utilities: Deserialized plan (via FILE) - name: null size: 5,59KB
2024-04-24T06:29:01,186  INFO [pool-178-thread-1] ExecReducer: 
<SEL>Id =3
  <Children>
    <FS>Id =4
      <Children>
      <\Children>
      <Parent>Id = 3 null<\Parent>
    <\FS>
  <\Children>
  <Parent><\Parent>
<\SEL>
2024-04-24T06:29:01,186  INFO [pool-178-thread-1] exec.SelectOperator: Initializing Operator: SEL[3]
2024-04-24T06:29:01,186  INFO [pool-178-thread-1] exec.SelectOperator: SELECT struct<key:struct<reducesinkkey0:int,reducesinkkey1:int>,value:struct<>>
2024-04-24T06:29:01,186  INFO [pool-178-thread-1] exec.FileSinkOperator: Initializing Operator: FS[4]
2024-04-24T06:29:01,187  INFO [pool-178-thread-1] exec.FileSinkOperator: Using serializer : class org.apache.hadoop.hive.serde2.lazy.LazySimpleSerDe [serdeParams=org.apache.hadoop.hive.serde2.lazy.LazySerDeParameters@8ada300, cachedObjectInspector=org.apache.hadoop.hive.serde2.lazy.objectinspector.LazySimpleStructObjectInspector<org.apache.hadoop.hive.serde2.lazy.objectinspector.primitive.LazyIntObjectInspector@4582da06,org.apache.hadoop.hive.serde2.lazy.objectinspector.primitive.LazyIntObjectInspector@4582da06>, serializedSize=0, stats=org.apache.hadoop.hive.serde2.SerDeStats@3ce027ae, lastOperationSerialize=false, lastOperationDeserialize=false [1, 2, 3, 4, 5, 6, 7, 8, 11, 14, 15, 16, 17, 18, 19, 20, 21, 22, 23, 24, 25, 26, 28, 29, 30, 31, -128, -127, -126, -125, -124, -123, -122, -121, -120, -119, -118, -117, -116, -115, -114, -113, -112, -111, -110, -109, -108, -107, -106, -105, -104, -103, -102, -101, -100, -99, -98, -97, -96, -95, -94, -93, -92, -91, -90, -89, -88, -87, -86, -85, -84, -83, -82, -81, -80, -79, -78, -77, -76, -75, -74, -73, -72, -71, -70, -69, -68, -67, -66, -65, -64, -63, -62, -61, -60, -59, -58, -57, -56, -55, -54, -53, -52, -51, -50, -49, -48, -47, -46, -45, -44, -43, -42, -41, -40, -39, -38, -37, -36, -35, -34, -33, -32, -31, -30, -29, -28, -27, -26, -25, -24, -23, -22, -21, -20, -19, -18, -17, -16, -15, -14, -13, -12, -11, -10, -9, -8, -7, -6, -5, -4, -3, -2, -1] : [_col0, _col1] : [int, int]] and formatter : org.apache.hadoop.hive.ql.io.HiveSequenceFileOutputFormat@e507037
2024-04-24T06:29:01,187  INFO [pool-178-thread-1] exec.FileSinkOperator: Final Path: FS file:/home/alex/Repositories/hive/ql/target/tmp/localscratchdir/d771c872-91e2-4a90-8d28-925a2f22fab8/hive_2024-04-24_06-29-00_676_2275218018542000133-1/-mr-10001/.hive-staging_hive_2024-04-24_06-29-00_676_2275218018542000133-1/_tmp.-ext-10002/000000_0
2024-04-24T06:29:01,187  INFO [pool-178-thread-1] exec.FileSinkOperator: Writing to temp file: FS file:/home/alex/Repositories/hive/ql/target/tmp/localscratchdir/d771c872-91e2-4a90-8d28-925a2f22fab8/hive_2024-04-24_06-29-00_676_2275218018542000133-1/-mr-10001/.hive-staging_hive_2024-04-24_06-29-00_676_2275218018542000133-1/_task_tmp.-ext-10002/_tmp.000000_0
2024-04-24T06:29:01,187  INFO [pool-178-thread-1] exec.FileSinkOperator: New Final Path: FS file:/home/alex/Repositories/hive/ql/target/tmp/localscratchdir/d771c872-91e2-4a90-8d28-925a2f22fab8/hive_2024-04-24_06-29-00_676_2275218018542000133-1/-mr-10001/.hive-staging_hive_2024-04-24_06-29-00_676_2275218018542000133-1/_tmp.-ext-10002/000000_0
2024-04-24T06:29:01,194  INFO [pool-178-thread-1] exec.FileSinkOperator: FS[4]: records written - 1
2024-04-24T06:29:01,195  INFO [pool-178-thread-1] exec.SelectOperator: Closing Operator: SEL[3]
2024-04-24T06:29:01,195  INFO [pool-178-thread-1] exec.SelectOperator: RECORDS_OUT_INTERMEDIATE:0, RECORDS_OUT_OPERATOR_SEL_3:4, 
2024-04-24T06:29:01,195  INFO [pool-178-thread-1] exec.FileSinkOperator: Closing Operator: FS[4]
2024-04-24T06:29:01,195  INFO [pool-178-thread-1] exec.FileSinkOperator: FS[4]: records written - 4
2024-04-24T06:29:01,195  INFO [pool-178-thread-1] exec.FileSinkOperator: RECORDS_OUT_0:4, RECORDS_OUT_OPERATOR_FS_4:4, RECORDS_OUT_INTERMEDIATE:0, 
2024-04-24T06:29:01,196  INFO [pool-178-thread-1] mapred.Task: Task:attempt_local455780024_0036_r_000000_0 is done. And is in the process of committing
2024-04-24T06:29:01,196  INFO [pool-178-thread-1] mapred.LocalJobRunner: reduce > reduce
2024-04-24T06:29:01,196  INFO [pool-178-thread-1] mapred.Task: Task 'attempt_local455780024_0036_r_000000_0' done.
2024-04-24T06:29:01,196  INFO [pool-178-thread-1] mapred.Task: Final Counters for attempt_local455780024_0036_r_000000_0: Counters: 29
	File System Counters
		FILE: Number of bytes read=751621
		FILE: Number of bytes written=42461919
		FILE: Number of read operations=0
		FILE: Number of large read operations=0
		FILE: Number of write operations=0
	Map-Reduce Framework
		Combine input records=0
		Combine output records=0
		Reduce input groups=4
		Reduce shuffle bytes=96
		Reduce input records=4
		Reduce output records=0
		Spilled Records=4
		Shuffled Maps =2
		Failed Shuffles=0
		Merged Map outputs=2
		GC time elapsed (ms)=0
		Total committed heap usage (bytes)=1254621184
	HIVE
		CREATED_FILES=1
		RECORDS_OUT_0=4
		RECORDS_OUT_INTERMEDIATE=0
		RECORDS_OUT_OPERATOR_FS_4=4
		RECORDS_OUT_OPERATOR_SEL_3=4
	Shuffle Errors
		BAD_ID=0
		CONNECTION=0
		IO_ERROR=0
		WRONG_LENGTH=0
		WRONG_MAP=0
		WRONG_REDUCE=0
	File Output Format Counters 
		Bytes Written=0
2024-04-24T06:29:01,196  INFO [pool-178-thread-1] mapred.LocalJobRunner: Finishing task: attempt_local455780024_0036_r_000000_0
2024-04-24T06:29:01,196  INFO [Thread-2978] mapred.LocalJobRunner: reduce task executor complete.
2024-04-24 06:29:02,114 Stage-1 map = 100%,  reduce = 100%
2024-04-24T06:29:02,114  INFO [main] exec.Task: 2024-04-24 06:29:02,114 Stage-1 map = 100%,  reduce = 100%
Ended Job = job_local455780024_0036
2024-04-24T06:29:02,116  INFO [main] exec.Task: Ended Job = job_local455780024_0036
2024-04-24T06:29:02,118  INFO [main] metadata.Hive: Dumping metastore api call timing information for : execution phase
2024-04-24T06:29:02,118  INFO [main] metadata.Hive: Total time spent in each metastore function (ms): {}
MapReduce Jobs Launched: 
2024-04-24T06:29:02,119  INFO [main] ql.Driver: MapReduce Jobs Launched: 
Stage-Stage-1:  HDFS Read: 0 HDFS Write: 0 SUCCESS
2024-04-24T06:29:02,119  INFO [main] ql.Driver: Stage-Stage-1:  HDFS Read: 0 HDFS Write: 0 SUCCESS
Total MapReduce CPU Time Spent: 0 msec
2024-04-24T06:29:02,119  INFO [main] ql.Driver: Total MapReduce CPU Time Spent: 0 msec
2024-04-24T06:29:02,119  INFO [main] ql.Driver: Completed executing command(queryId=alex_20240424062900_5d6279ab-27a4-4b47-a950-c1b2a8a32340); Time taken: 1.286 seconds
2024-04-24T06:29:02,119  INFO [main] lockmgr.DbTxnManager: Stopped heartbeat for query: alex_20240424062900_5d6279ab-27a4-4b47-a950-c1b2a8a32340
2024-04-24T06:29:02,123  INFO [main] txn.TxnHandler: Expected to move at least one record from txn_components to completed_txn_components when committing txn! txnid:14
2024-04-24T06:29:02,130  INFO [main] txn.TxnHandler: Removed transactions: ([14]) from MIN_HISTORY_LEVEL
2024-04-24T06:29:02,130  WARN [main] txn.CompactionTxnHandler: No compaction queue record found for Compaction type transaction commit. txnId:14
2024-04-24T06:29:02,134  INFO [main] mapred.FileInputFormat: Total input files to process : 1
2024-04-24T06:29:02,135  INFO [main] exec.ListSinkOperator: Closing Operator: LIST_SINK[5]
2024-04-24T06:29:02,135  INFO [main] exec.ListSinkOperator: RECORDS_OUT_INTERMEDIATE:0, RECORDS_OUT_OPERATOR_LIST_SINK_5:4, 
2024-04-24T06:29:02,135  INFO [main] ql.TxnCommandsBaseForTests: Running the query: START TRANSACTION
2024-04-24T06:29:02,136  INFO [main] ql.Context: Deleting scratch dir: file:/home/alex/Repositories/hive/ql/target/tmp/localscratchdir/d771c872-91e2-4a90-8d28-925a2f22fab8/hive_2024-04-24_06-29-00_676_2275218018542000133-1
2024-04-24T06:29:02,136  INFO [main] cleanup.SyncCleanupService: Deleted directory: file:/home/alex/Repositories/hive/ql/target/tmp/localscratchdir/d771c872-91e2-4a90-8d28-925a2f22fab8/hive_2024-04-24_06-29-00_676_2275218018542000133-1 on fs with scheme file
2024-04-24T06:29:02,136  INFO [main] ql.Driver: Compiling command(queryId=alex_20240424062902_59643678-b6d8-4d0a-8fb0-1ba1a481f879): START TRANSACTION
2024-04-24T06:29:02,139  INFO [main] txn.TxnHandler: Added entries to MIN_HISTORY_LEVEL for current txns: ([15]) with min_open_txn: 15
2024-04-24T06:29:02,139  INFO [main] lockmgr.DbTxnManager: Opened txnid:15
2024-04-24T06:29:02,140  INFO [main] parse.CalcitePlanner: Starting caching scope for: 
2024-04-24T06:29:02,140  INFO [main] parse.CalcitePlanner: Starting Semantic Analysis
2024-04-24T06:29:02,140  INFO [main] parse.CalcitePlanner: Ending caching scope for: 
2024-04-24T06:29:02,140  INFO [main] ql.Driver: Semantic Analysis Completed (retrial = false)
2024-04-24T06:29:02,140  INFO [main] ql.Driver: Created Hive schema: Schema(fieldSchemas:null, properties:null)
2024-04-24T06:29:02,140  INFO [main] metadata.Hive: Dumping metastore api call timing information for : compilation phase
2024-04-24T06:29:02,140  INFO [main] metadata.Hive: Total time spent in each metastore function (ms): {openTxn_(String, TxnType)=2, getValidWriteIds_(List, String)=0, isCompatibleWith_(Configuration)=0, commitTxn_(CommitTxnRequest)=12, getValidTxns_(long)=1, flushCache_()=0}
2024-04-24T06:29:02,140  INFO [main] ql.Driver: Completed compiling command(queryId=alex_20240424062902_59643678-b6d8-4d0a-8fb0-1ba1a481f879); Time taken: 0.004 seconds
2024-04-24T06:29:02,141  INFO [main] lockmgr.DbTxnManager: Setting lock request transaction to txnid:15 for queryId=alex_20240424062902_59643678-b6d8-4d0a-8fb0-1ba1a481f879
2024-04-24T06:29:02,141  INFO [main] ql.Driver: Operation START_TRANSACTION obtained 0 locks
2024-04-24T06:29:02,141  INFO [main] ql.Driver: Executing command(queryId=alex_20240424062902_59643678-b6d8-4d0a-8fb0-1ba1a481f879): START TRANSACTION
2024-04-24T06:29:02,141  INFO [main] metadata.Hive: Dumping metastore api call timing information for : execution phase
2024-04-24T06:29:02,141  INFO [main] metadata.Hive: Total time spent in each metastore function (ms): {}
2024-04-24T06:29:02,141  INFO [main] ql.Driver: Completed executing command(queryId=alex_20240424062902_59643678-b6d8-4d0a-8fb0-1ba1a481f879); Time taken: 0.0 seconds
2024-04-24T06:29:02,141  INFO [main] ql.TxnCommandsBaseForTests: Running the query: delete from acidTbl where b = 8
2024-04-24T06:29:02,141  INFO [main] ql.Driver: Compiling command(queryId=alex_20240424062902_b8e8be1f-dfd5-4056-aeb5-5badd2d935e7): delete from acidTbl where b = 8
2024-04-24T06:29:02,142  INFO [main] parse.UpdateDeleteSemanticAnalyzer: Starting caching scope for: 
2024-04-24T06:29:02,142  INFO [main] HiveMetaStore.audit: ugi=alex	ip=unknown-ip-addr	cmd=get_table : tbl=hive.default.acidTbl	
2024-04-24T06:29:02,149  INFO [main] metastore.HMSHandler: Skipping translation for processor with null
2024-04-24T06:29:02,149  INFO [main] parse.RewriteSemanticAnalyzer: Going to reparse <delete from acidTbl where b = 8> as 
<insert into table `default`.`acidTbl` select ROW__ID from `default`.`acidTbl` sort by ROW__ID >
2024-04-24T06:29:02,150  INFO [main] parse.UpdateDeleteSemanticAnalyzer: Starting Semantic Analysis
2024-04-24T06:29:02,152  INFO [main] parse.UpdateDeleteSemanticAnalyzer: Completed phase 1 of Semantic Analysis
2024-04-24T06:29:02,152  INFO [main] parse.UpdateDeleteSemanticAnalyzer: Get metadata for source tables
2024-04-24T06:29:02,153  INFO [main] HiveMetaStore.audit: ugi=alex	ip=unknown-ip-addr	cmd=get_table : tbl=hive.default.acidtbl	
2024-04-24T06:29:02,160  INFO [main] metastore.HMSHandler: Skipping translation for processor with null
2024-04-24T06:29:02,160  INFO [main] parse.UpdateDeleteSemanticAnalyzer: Get metadata for subqueries
2024-04-24T06:29:02,160  INFO [main] parse.UpdateDeleteSemanticAnalyzer: Get metadata for destination tables
2024-04-24T06:29:02,160  INFO [main] HiveMetaStore.audit: ugi=alex	ip=unknown-ip-addr	cmd=get_table : tbl=hive.default.acidTbl	
2024-04-24T06:29:02,167  INFO [main] metastore.HMSHandler: Skipping translation for processor with null
2024-04-24T06:29:02,167  INFO [main] parse.UpdateDeleteSemanticAnalyzer: Completed getting MetaData in Semantic Analysis
2024-04-24T06:29:02,167  INFO [main] parse.UpdateDeleteSemanticAnalyzer: Disabling LLAP IO encode as ETL query is detected
2024-04-24T06:29:02,180  INFO [main] HiveMetaStore.audit: ugi=alex	ip=unknown-ip-addr	cmd=get_all_table_constraints : tbl=hive.default.acidtbl	
2024-04-24T06:29:02,207  INFO [main] calcite.RelOptHiveTable: Calculating column statistics for default.acidtbl, projIndxSet: [1], allowMissingStats: true
2024-04-24T06:29:02,207  INFO [main] HiveMetaStore.audit: ugi=alex	ip=unknown-ip-addr	cmd=get_table : tbl=hive.default.acidtbl	
2024-04-24T06:29:02,217  INFO [main] metastore.HMSHandler: Skipping translation for processor with null
2024-04-24T06:29:02,217  INFO [main] HiveMetaStore.audit: ugi=alex	ip=unknown-ip-addr	cmd=get_table : tbl=hive.default.acidtbl	
2024-04-24T06:29:02,227  INFO [main] metastore.HMSHandler: Skipping translation for processor with null
2024-04-24T06:29:02,227  INFO [main] HiveMetaStore.audit: ugi=alex	ip=unknown-ip-addr	cmd=get_table_statistics_req: table=hive.default.acidtbl	
2024-04-24T06:29:02,237  WARN [main] calcite.RelOptHiveTable: No Stats for default@acidtbl, Columns: b
No Stats for default@acidtbl, Columns: b
2024-04-24T06:29:02,237  INFO [main] SessionState: No Stats for default@acidtbl, Columns: b
2024-04-24T06:29:02,296  INFO [main] parse.UpdateDeleteSemanticAnalyzer: Get metadata for source tables
2024-04-24T06:29:02,297  INFO [main] parse.UpdateDeleteSemanticAnalyzer: Get metadata for subqueries
2024-04-24T06:29:02,297  INFO [main] parse.UpdateDeleteSemanticAnalyzer: Get metadata for destination tables
2024-04-24T06:29:02,297  INFO [main] HiveMetaStore.audit: ugi=alex	ip=unknown-ip-addr	cmd=get_table : tbl=hive.default.acidTbl	
2024-04-24T06:29:02,303  INFO [main] metastore.HMSHandler: Skipping translation for processor with null
2024-04-24T06:29:02,306 ERROR [main] parse.UpdateDeleteSemanticAnalyzer: CBO failed, skipping CBO. 
org.apache.hadoop.hive.ql.exec.NoMatchingMethodException: No matching method for class org.apache.hadoop.hive.ql.udf.UDFToInteger with (struct<writeid:bigint,bucketid:int,rowid:bigint>). Possible choices: _FUNC_(bigint)  _FUNC_(boolean)  _FUNC_(decimal(38,18))  _FUNC_(double)  _FUNC_(float)  _FUNC_(smallint)  _FUNC_(string)  _FUNC_(struct<writeid:int,bucketid:bigint,rowid:bigint>)  _FUNC_(timestamp)  _FUNC_(tinyint)  _FUNC_(void)  
	at org.apache.hadoop.hive.ql.exec.MethodUtils.getMethodInternal(MethodUtils.java:130) ~[classes/:?]
	at org.apache.hadoop.hive.ql.exec.MethodUtils.getMethodInternal(MethodUtils.java:60) ~[classes/:?]
	at org.apache.hadoop.hive.ql.exec.DefaultUDFMethodResolver.getEvalMethod(DefaultUDFMethodResolver.java:59) ~[classes/:?]
	at org.apache.hadoop.hive.ql.udf.TimestampCastRestrictorResolver.getEvalMethod(TimestampCastRestrictorResolver.java:68) ~[classes/:?]
	at org.apache.hadoop.hive.ql.udf.generic.GenericUDFBridge.initialize(GenericUDFBridge.java:168) ~[classes/:?]
	at org.apache.hadoop.hive.ql.udf.generic.GenericUDF.initializeAndFoldConstants(GenericUDF.java:149) ~[classes/:?]
	at org.apache.hadoop.hive.ql.plan.ExprNodeGenericFuncDesc.newInstance(ExprNodeGenericFuncDesc.java:235) ~[classes/:?]
	at org.apache.hadoop.hive.ql.parse.type.ExprNodeDescExprFactory.createFuncCallExpr(ExprNodeDescExprFactory.java:584) ~[classes/:?]
	at org.apache.hadoop.hive.ql.parse.type.ExprNodeDescExprFactory.createFuncCallExpr(ExprNodeDescExprFactory.java:97) ~[classes/:?]
	at org.apache.hadoop.hive.ql.parse.type.TypeCheckProcFactory$DefaultExprProcessor.getFuncExprNodeDescWithUdfData(TypeCheckProcFactory.java:762) ~[classes/:?]
	at org.apache.hadoop.hive.ql.parse.type.TypeCheckProcFactory$DefaultExprProcessor.createConversionCast(TypeCheckProcFactory.java:783) ~[classes/:?]
	at org.apache.hadoop.hive.ql.parse.SemanticAnalyzer.getPartitionColsFromBucketColsForUpdateDelete(SemanticAnalyzer.java:8725) ~[classes/:?]
	at org.apache.hadoop.hive.ql.parse.SemanticAnalyzer.genBucketingSortingDest(SemanticAnalyzer.java:6906) ~[classes/:?]
	at org.apache.hadoop.hive.ql.parse.SemanticAnalyzer.genFileSinkPlan(SemanticAnalyzer.java:7335) ~[classes/:?]
	at org.apache.hadoop.hive.ql.parse.SemanticAnalyzer.genPostGroupByBodyPlan(SemanticAnalyzer.java:11063) ~[classes/:?]
	at org.apache.hadoop.hive.ql.parse.SemanticAnalyzer.genBodyPlan(SemanticAnalyzer.java:10938) ~[classes/:?]
	at org.apache.hadoop.hive.ql.parse.SemanticAnalyzer.genPlan(SemanticAnalyzer.java:11853) ~[classes/:?]
	at org.apache.hadoop.hive.ql.parse.SemanticAnalyzer.genPlan(SemanticAnalyzer.java:11723) ~[classes/:?]
	at org.apache.hadoop.hive.ql.parse.CalcitePlanner.genOPTree(CalcitePlanner.java:626) ~[classes/:?]
	at org.apache.hadoop.hive.ql.parse.SemanticAnalyzer.analyzeInternal(SemanticAnalyzer.java:12558) ~[classes/:?]
	at org.apache.hadoop.hive.ql.parse.CalcitePlanner.analyzeInternal(CalcitePlanner.java:456) ~[classes/:?]
	at org.apache.hadoop.hive.ql.parse.RewriteSemanticAnalyzer.analyzeInternal(RewriteSemanticAnalyzer.java:67) ~[classes/:?]
	at org.apache.hadoop.hive.ql.parse.BaseSemanticAnalyzer.analyze(BaseSemanticAnalyzer.java:317) ~[classes/:?]
	at org.apache.hadoop.hive.ql.parse.UpdateDeleteSemanticAnalyzer.reparseAndSuperAnalyze(UpdateDeleteSemanticAnalyzer.java:208) ~[classes/:?]
	at org.apache.hadoop.hive.ql.parse.UpdateDeleteSemanticAnalyzer.analyzeDelete(UpdateDeleteSemanticAnalyzer.java:68) ~[classes/:?]
	at org.apache.hadoop.hive.ql.parse.UpdateDeleteSemanticAnalyzer.analyze(UpdateDeleteSemanticAnalyzer.java:50) ~[classes/:?]
	at org.apache.hadoop.hive.ql.parse.RewriteSemanticAnalyzer.analyzeInternal(RewriteSemanticAnalyzer.java:72) ~[classes/:?]
	at org.apache.hadoop.hive.ql.parse.BaseSemanticAnalyzer.analyze(BaseSemanticAnalyzer.java:317) ~[classes/:?]
	at org.apache.hadoop.hive.ql.Compiler.analyze(Compiler.java:223) ~[classes/:?]
	at org.apache.hadoop.hive.ql.Compiler.compile(Compiler.java:105) ~[classes/:?]
	at org.apache.hadoop.hive.ql.Driver.compile(Driver.java:500) ~[classes/:?]
	at org.apache.hadoop.hive.ql.Driver.compileInternal(Driver.java:453) ~[classes/:?]
	at org.apache.hadoop.hive.ql.Driver.runInternal(Driver.java:181) ~[classes/:?]
	at org.apache.hadoop.hive.ql.Driver.run(Driver.java:153) ~[classes/:?]
	at org.apache.hadoop.hive.ql.Driver.run(Driver.java:140) ~[classes/:?]
	at org.apache.hadoop.hive.ql.TxnCommandsBaseForTests.runStatementOnDriver(TxnCommandsBaseForTests.java:245) ~[test-classes/:?]
	at org.apache.hadoop.hive.ql.TestTxnCommands.testMultipleDelete(TestTxnCommands.java:906) ~[test-classes/:?]
	at sun.reflect.NativeMethodAccessorImpl.invoke0(Native Method) ~[?:1.8.0_402]
	at sun.reflect.NativeMethodAccessorImpl.invoke(NativeMethodAccessorImpl.java:62) ~[?:1.8.0_402]
	at sun.reflect.DelegatingMethodAccessorImpl.invoke(DelegatingMethodAccessorImpl.java:43) ~[?:1.8.0_402]
	at java.lang.reflect.Method.invoke(Method.java:498) ~[?:1.8.0_402]
	at org.junit.runners.model.FrameworkMethod$1.runReflectiveCall(FrameworkMethod.java:59) ~[junit-4.13.jar:4.13]
	at org.junit.internal.runners.model.ReflectiveCallable.run(ReflectiveCallable.java:12) ~[junit-4.13.jar:4.13]
	at org.junit.runners.model.FrameworkMethod.invokeExplosively(FrameworkMethod.java:56) ~[junit-4.13.jar:4.13]
	at org.junit.internal.runners.statements.InvokeMethod.evaluate(InvokeMethod.java:17) ~[junit-4.13.jar:4.13]
	at org.junit.internal.runners.statements.RunBefores.evaluate(RunBefores.java:26) ~[junit-4.13.jar:4.13]
	at org.junit.internal.runners.statements.RunAfters.evaluate(RunAfters.java:27) ~[junit-4.13.jar:4.13]
	at org.junit.rules.TestWatcher$1.evaluate(TestWatcher.java:61) ~[junit-4.13.jar:4.13]
	at org.junit.runners.ParentRunner$3.evaluate(ParentRunner.java:306) ~[junit-4.13.jar:4.13]
	at org.junit.runners.BlockJUnit4ClassRunner$1.evaluate(BlockJUnit4ClassRunner.java:100) ~[junit-4.13.jar:4.13]
	at org.junit.runners.ParentRunner.runLeaf(ParentRunner.java:366) ~[junit-4.13.jar:4.13]
	at org.junit.runners.BlockJUnit4ClassRunner.runChild(BlockJUnit4ClassRunner.java:103) ~[junit-4.13.jar:4.13]
	at org.junit.runners.BlockJUnit4ClassRunner.runChild(BlockJUnit4ClassRunner.java:63) ~[junit-4.13.jar:4.13]
	at org.junit.runners.ParentRunner$4.run(ParentRunner.java:331) ~[junit-4.13.jar:4.13]
	at org.junit.runners.ParentRunner$1.schedule(ParentRunner.java:79) ~[junit-4.13.jar:4.13]
	at org.junit.runners.ParentRunner.runChildren(ParentRunner.java:329) ~[junit-4.13.jar:4.13]
	at org.junit.runners.ParentRunner.access$100(ParentRunner.java:66) ~[junit-4.13.jar:4.13]
	at org.junit.runners.ParentRunner$2.evaluate(ParentRunner.java:293) ~[junit-4.13.jar:4.13]
	at org.junit.runners.ParentRunner$3.evaluate(ParentRunner.java:306) ~[junit-4.13.jar:4.13]
	at org.junit.runners.ParentRunner.run(ParentRunner.java:413) ~[junit-4.13.jar:4.13]
	at org.junit.runner.JUnitCore.run(JUnitCore.java:137) ~[junit-4.13.jar:4.13]
	at org.junit.runner.JUnitCore.run(JUnitCore.java:115) ~[junit-4.13.jar:4.13]
	at org.junit.vintage.engine.execution.RunnerExecutor.execute(RunnerExecutor.java:43) ~[junit-vintage-engine-5.6.2.jar:5.6.2]
	at java.util.stream.ForEachOps$ForEachOp$OfRef.accept(ForEachOps.java:183) ~[?:1.8.0_402]
	at java.util.stream.ReferencePipeline$3$1.accept(ReferencePipeline.java:193) ~[?:1.8.0_402]
	at java.util.Iterator.forEachRemaining(Iterator.java:116) ~[?:1.8.0_402]
	at java.util.Spliterators$IteratorSpliterator.forEachRemaining(Spliterators.java:1801) ~[?:1.8.0_402]
	at java.util.stream.AbstractPipeline.copyInto(AbstractPipeline.java:482) ~[?:1.8.0_402]
	at java.util.stream.AbstractPipeline.wrapAndCopyInto(AbstractPipeline.java:472) ~[?:1.8.0_402]
	at java.util.stream.ForEachOps$ForEachOp.evaluateSequential(ForEachOps.java:150) ~[?:1.8.0_402]
	at java.util.stream.ForEachOps$ForEachOp$OfRef.evaluateSequential(ForEachOps.java:173) ~[?:1.8.0_402]
	at java.util.stream.AbstractPipeline.evaluate(AbstractPipeline.java:234) ~[?:1.8.0_402]
	at java.util.stream.ReferencePipeline.forEach(ReferencePipeline.java:485) ~[?:1.8.0_402]
	at org.junit.vintage.engine.VintageTestEngine.executeAllChildren(VintageTestEngine.java:82) ~[junit-vintage-engine-5.6.2.jar:5.6.2]
	at org.junit.vintage.engine.VintageTestEngine.execute(VintageTestEngine.java:73) ~[junit-vintage-engine-5.6.2.jar:5.6.2]
	at org.junit.platform.launcher.core.DefaultLauncher.execute(DefaultLauncher.java:248) ~[junit-platform-launcher-1.6.2.jar:1.6.2]
	at org.junit.platform.launcher.core.DefaultLauncher.lambda$execute$5(DefaultLauncher.java:211) ~[junit-platform-launcher-1.6.2.jar:1.6.2]
	at org.junit.platform.launcher.core.DefaultLauncher.withInterceptedStreams(DefaultLauncher.java:226) [junit-platform-launcher-1.6.2.jar:1.6.2]
	at org.junit.platform.launcher.core.DefaultLauncher.execute(DefaultLauncher.java:199) [junit-platform-launcher-1.6.2.jar:1.6.2]
	at org.junit.platform.launcher.core.DefaultLauncher.execute(DefaultLauncher.java:132) [junit-platform-launcher-1.6.2.jar:1.6.2]
	at org.apache.maven.surefire.junitplatform.JUnitPlatformProvider.invokeAllTests(JUnitPlatformProvider.java:154) [surefire-junit-platform-3.0.0-M4.jar:3.0.0-M4]
	at org.apache.maven.surefire.junitplatform.JUnitPlatformProvider.invoke(JUnitPlatformProvider.java:123) [surefire-junit-platform-3.0.0-M4.jar:3.0.0-M4]
	at org.apache.maven.surefire.booter.ForkedBooter.runSuitesInProcess(ForkedBooter.java:377) [surefire-booter-3.0.0-M4.jar:3.0.0-M4]
	at org.apache.maven.surefire.booter.ForkedBooter.execute(ForkedBooter.java:138) [surefire-booter-3.0.0-M4.jar:3.0.0-M4]
	at org.apache.maven.surefire.booter.ForkedBooter.run(ForkedBooter.java:465) [surefire-booter-3.0.0-M4.jar:3.0.0-M4]
	at org.apache.maven.surefire.booter.ForkedBooter.main(ForkedBooter.java:451) [surefire-booter-3.0.0-M4.jar:3.0.0-M4]
2024-04-24T06:29:02,306 ERROR [main] parse.UpdateDeleteSemanticAnalyzer: CBO failed due to missing column stats (see previous errors), skipping CBO
2024-04-24T06:29:02,306  INFO [main] parse.UpdateDeleteSemanticAnalyzer: Ending caching scope for: 
FAILED: NoMatchingMethodException No matching method for class org.apache.hadoop.hive.ql.udf.UDFToInteger with (struct<writeid:bigint,bucketid:int,rowid:bigint>). Possible choices: _FUNC_(bigint)  _FUNC_(boolean)  _FUNC_(decimal(38,18))  _FUNC_(double)  _FUNC_(float)  _FUNC_(smallint)  _FUNC_(string)  _FUNC_(struct<writeid:int,bucketid:bigint,rowid:bigint>)  _FUNC_(timestamp)  _FUNC_(tinyint)  _FUNC_(void)  
2024-04-24T06:29:02,307 ERROR [main] ql.Driver: FAILED: NoMatchingMethodException No matching method for class org.apache.hadoop.hive.ql.udf.UDFToInteger with (struct<writeid:bigint,bucketid:int,rowid:bigint>). Possible choices: _FUNC_(bigint)  _FUNC_(boolean)  _FUNC_(decimal(38,18))  _FUNC_(double)  _FUNC_(float)  _FUNC_(smallint)  _FUNC_(string)  _FUNC_(struct<writeid:int,bucketid:bigint,rowid:bigint>)  _FUNC_(timestamp)  _FUNC_(tinyint)  _FUNC_(void)  
org.apache.hadoop.hive.ql.exec.NoMatchingMethodException: No matching method for class org.apache.hadoop.hive.ql.udf.UDFToInteger with (struct<writeid:bigint,bucketid:int,rowid:bigint>). Possible choices: _FUNC_(bigint)  _FUNC_(boolean)  _FUNC_(decimal(38,18))  _FUNC_(double)  _FUNC_(float)  _FUNC_(smallint)  _FUNC_(string)  _FUNC_(struct<writeid:int,bucketid:bigint,rowid:bigint>)  _FUNC_(timestamp)  _FUNC_(tinyint)  _FUNC_(void)  
	at org.apache.hadoop.hive.ql.exec.MethodUtils.getMethodInternal(MethodUtils.java:130)
	at org.apache.hadoop.hive.ql.exec.MethodUtils.getMethodInternal(MethodUtils.java:60)
	at org.apache.hadoop.hive.ql.exec.DefaultUDFMethodResolver.getEvalMethod(DefaultUDFMethodResolver.java:59)
	at org.apache.hadoop.hive.ql.udf.TimestampCastRestrictorResolver.getEvalMethod(TimestampCastRestrictorResolver.java:68)
	at org.apache.hadoop.hive.ql.udf.generic.GenericUDFBridge.initialize(GenericUDFBridge.java:168)
	at org.apache.hadoop.hive.ql.udf.generic.GenericUDF.initializeAndFoldConstants(GenericUDF.java:149)
	at org.apache.hadoop.hive.ql.plan.ExprNodeGenericFuncDesc.newInstance(ExprNodeGenericFuncDesc.java:235)
	at org.apache.hadoop.hive.ql.parse.type.ExprNodeDescExprFactory.createFuncCallExpr(ExprNodeDescExprFactory.java:584)
	at org.apache.hadoop.hive.ql.parse.type.ExprNodeDescExprFactory.createFuncCallExpr(ExprNodeDescExprFactory.java:97)
	at org.apache.hadoop.hive.ql.parse.type.TypeCheckProcFactory$DefaultExprProcessor.getFuncExprNodeDescWithUdfData(TypeCheckProcFactory.java:762)
	at org.apache.hadoop.hive.ql.parse.type.TypeCheckProcFactory$DefaultExprProcessor.createConversionCast(TypeCheckProcFactory.java:783)
	at org.apache.hadoop.hive.ql.parse.SemanticAnalyzer.getPartitionColsFromBucketColsForUpdateDelete(SemanticAnalyzer.java:8725)
	at org.apache.hadoop.hive.ql.parse.SemanticAnalyzer.genBucketingSortingDest(SemanticAnalyzer.java:6906)
	at org.apache.hadoop.hive.ql.parse.SemanticAnalyzer.genFileSinkPlan(SemanticAnalyzer.java:7335)
	at org.apache.hadoop.hive.ql.parse.SemanticAnalyzer.genPostGroupByBodyPlan(SemanticAnalyzer.java:11063)
	at org.apache.hadoop.hive.ql.parse.SemanticAnalyzer.genBodyPlan(SemanticAnalyzer.java:10938)
	at org.apache.hadoop.hive.ql.parse.SemanticAnalyzer.genPlan(SemanticAnalyzer.java:11853)
	at org.apache.hadoop.hive.ql.parse.SemanticAnalyzer.genPlan(SemanticAnalyzer.java:11723)
	at org.apache.hadoop.hive.ql.parse.CalcitePlanner.genOPTree(CalcitePlanner.java:626)
	at org.apache.hadoop.hive.ql.parse.SemanticAnalyzer.analyzeInternal(SemanticAnalyzer.java:12558)
	at org.apache.hadoop.hive.ql.parse.CalcitePlanner.analyzeInternal(CalcitePlanner.java:456)
	at org.apache.hadoop.hive.ql.parse.RewriteSemanticAnalyzer.analyzeInternal(RewriteSemanticAnalyzer.java:67)
	at org.apache.hadoop.hive.ql.parse.BaseSemanticAnalyzer.analyze(BaseSemanticAnalyzer.java:317)
	at org.apache.hadoop.hive.ql.parse.UpdateDeleteSemanticAnalyzer.reparseAndSuperAnalyze(UpdateDeleteSemanticAnalyzer.java:208)
	at org.apache.hadoop.hive.ql.parse.UpdateDeleteSemanticAnalyzer.analyzeDelete(UpdateDeleteSemanticAnalyzer.java:68)
	at org.apache.hadoop.hive.ql.parse.UpdateDeleteSemanticAnalyzer.analyze(UpdateDeleteSemanticAnalyzer.java:50)
	at org.apache.hadoop.hive.ql.parse.RewriteSemanticAnalyzer.analyzeInternal(RewriteSemanticAnalyzer.java:72)
	at org.apache.hadoop.hive.ql.parse.BaseSemanticAnalyzer.analyze(BaseSemanticAnalyzer.java:317)
	at org.apache.hadoop.hive.ql.Compiler.analyze(Compiler.java:223)
	at org.apache.hadoop.hive.ql.Compiler.compile(Compiler.java:105)
	at org.apache.hadoop.hive.ql.Driver.compile(Driver.java:500)
	at org.apache.hadoop.hive.ql.Driver.compileInternal(Driver.java:453)
	at org.apache.hadoop.hive.ql.Driver.runInternal(Driver.java:181)
	at org.apache.hadoop.hive.ql.Driver.run(Driver.java:153)
	at org.apache.hadoop.hive.ql.Driver.run(Driver.java:140)
	at org.apache.hadoop.hive.ql.TxnCommandsBaseForTests.runStatementOnDriver(TxnCommandsBaseForTests.java:245)
	at org.apache.hadoop.hive.ql.TestTxnCommands.testMultipleDelete(TestTxnCommands.java:906)
	at sun.reflect.NativeMethodAccessorImpl.invoke0(Native Method)
	at sun.reflect.NativeMethodAccessorImpl.invoke(NativeMethodAccessorImpl.java:62)
	at sun.reflect.DelegatingMethodAccessorImpl.invoke(DelegatingMethodAccessorImpl.java:43)
	at java.lang.reflect.Method.invoke(Method.java:498)
	at org.junit.runners.model.FrameworkMethod$1.runReflectiveCall(FrameworkMethod.java:59)
	at org.junit.internal.runners.model.ReflectiveCallable.run(ReflectiveCallable.java:12)
	at org.junit.runners.model.FrameworkMethod.invokeExplosively(FrameworkMethod.java:56)
	at org.junit.internal.runners.statements.InvokeMethod.evaluate(InvokeMethod.java:17)
	at org.junit.internal.runners.statements.RunBefores.evaluate(RunBefores.java:26)
	at org.junit.internal.runners.statements.RunAfters.evaluate(RunAfters.java:27)
	at org.junit.rules.TestWatcher$1.evaluate(TestWatcher.java:61)
	at org.junit.runners.ParentRunner$3.evaluate(ParentRunner.java:306)
	at org.junit.runners.BlockJUnit4ClassRunner$1.evaluate(BlockJUnit4ClassRunner.java:100)
	at org.junit.runners.ParentRunner.runLeaf(ParentRunner.java:366)
	at org.junit.runners.BlockJUnit4ClassRunner.runChild(BlockJUnit4ClassRunner.java:103)
	at org.junit.runners.BlockJUnit4ClassRunner.runChild(BlockJUnit4ClassRunner.java:63)
	at org.junit.runners.ParentRunner$4.run(ParentRunner.java:331)
	at org.junit.runners.ParentRunner$1.schedule(ParentRunner.java:79)
	at org.junit.runners.ParentRunner.runChildren(ParentRunner.java:329)
	at org.junit.runners.ParentRunner.access$100(ParentRunner.java:66)
	at org.junit.runners.ParentRunner$2.evaluate(ParentRunner.java:293)
	at org.junit.runners.ParentRunner$3.evaluate(ParentRunner.java:306)
	at org.junit.runners.ParentRunner.run(ParentRunner.java:413)
	at org.junit.runner.JUnitCore.run(JUnitCore.java:137)
	at org.junit.runner.JUnitCore.run(JUnitCore.java:115)
	at org.junit.vintage.engine.execution.RunnerExecutor.execute(RunnerExecutor.java:43)
	at java.util.stream.ForEachOps$ForEachOp$OfRef.accept(ForEachOps.java:183)
	at java.util.stream.ReferencePipeline$3$1.accept(ReferencePipeline.java:193)
	at java.util.Iterator.forEachRemaining(Iterator.java:116)
	at java.util.Spliterators$IteratorSpliterator.forEachRemaining(Spliterators.java:1801)
	at java.util.stream.AbstractPipeline.copyInto(AbstractPipeline.java:482)
	at java.util.stream.AbstractPipeline.wrapAndCopyInto(AbstractPipeline.java:472)
	at java.util.stream.ForEachOps$ForEachOp.evaluateSequential(ForEachOps.java:150)
	at java.util.stream.ForEachOps$ForEachOp$OfRef.evaluateSequential(ForEachOps.java:173)
	at java.util.stream.AbstractPipeline.evaluate(AbstractPipeline.java:234)
	at java.util.stream.ReferencePipeline.forEach(ReferencePipeline.java:485)
	at org.junit.vintage.engine.VintageTestEngine.executeAllChildren(VintageTestEngine.java:82)
	at org.junit.vintage.engine.VintageTestEngine.execute(VintageTestEngine.java:73)
	at org.junit.platform.launcher.core.DefaultLauncher.execute(DefaultLauncher.java:248)
	at org.junit.platform.launcher.core.DefaultLauncher.lambda$execute$5(DefaultLauncher.java:211)
	at org.junit.platform.launcher.core.DefaultLauncher.withInterceptedStreams(DefaultLauncher.java:226)
	at org.junit.platform.launcher.core.DefaultLauncher.execute(DefaultLauncher.java:199)
	at org.junit.platform.launcher.core.DefaultLauncher.execute(DefaultLauncher.java:132)
	at org.apache.maven.surefire.junitplatform.JUnitPlatformProvider.invokeAllTests(JUnitPlatformProvider.java:154)
	at org.apache.maven.surefire.junitplatform.JUnitPlatformProvider.invoke(JUnitPlatformProvider.java:123)
	at org.apache.maven.surefire.booter.ForkedBooter.runSuitesInProcess(ForkedBooter.java:377)
	at org.apache.maven.surefire.booter.ForkedBooter.execute(ForkedBooter.java:138)
	at org.apache.maven.surefire.booter.ForkedBooter.run(ForkedBooter.java:465)
	at org.apache.maven.surefire.booter.ForkedBooter.main(ForkedBooter.java:451)

2024-04-24T06:29:02,307  INFO [main] metadata.Hive: Dumping metastore api call timing information for : compilation phase
2024-04-24T06:29:02,307  INFO [main] metadata.Hive: Total time spent in each metastore function (ms): {flushCache_()=0, getAllTableConstraints_(AllTableConstraintsRequest)=6, getTable_(GetTableRequest)=27, getValidWriteIds_(List, String)=3, getTableColumnStatistics_(String, String, List, String)=30, isCompatibleWith_(Configuration)=0}
2024-04-24T06:29:02,307  INFO [main] ql.Driver: Completed compiling command(queryId=alex_20240424062902_b8e8be1f-dfd5-4056-aeb5-5badd2d935e7); Time taken: 0.166 seconds
2024-04-24T06:29:02,307  INFO [main] lockmgr.DbTxnManager: Stopped heartbeat for query: alex_20240424062902_59643678-b6d8-4d0a-8fb0-1ba1a481f879
2024-04-24T06:29:02,311  INFO [main] txn.TxnHandler: Removed transactions: ([15]) from MIN_HISTORY_LEVEL
2024-04-24T06:29:02,316  INFO [main] ql.TxnCommandsBaseForTests: Running the query: drop table if exists acidTbl
2024-04-24T06:29:02,316  INFO [main] ql.Driver: Compiling command(queryId=alex_20240424062902_44314eb8-f7e6-4465-afc8-24c72d55d703): drop table if exists acidTbl
2024-04-24T06:29:02,319  INFO [main] txn.TxnHandler: Added entries to MIN_HISTORY_LEVEL for current txns: ([16]) with min_open_txn: 15
2024-04-24T06:29:02,319  INFO [main] lockmgr.DbTxnManager: Opened txnid:16
2024-04-24T06:29:02,320  INFO [main] HiveMetaStore.audit: ugi=alex	ip=unknown-ip-addr	cmd=get_table : tbl=hive.default.acidTbl	
2024-04-24T06:29:02,325  INFO [main] metastore.HMSHandler: Skipping translation for processor with null
2024-04-24T06:29:02,325  INFO [main] ql.Driver: Semantic Analysis Completed (retrial = false)
2024-04-24T06:29:02,325  INFO [main] ql.Driver: Created Hive schema: Schema(fieldSchemas:null, properties:null)
2024-04-24T06:29:02,326  INFO [main] metadata.Hive: Dumping metastore api call timing information for : compilation phase
2024-04-24T06:29:02,326  INFO [main] metadata.Hive: Total time spent in each metastore function (ms): {openTxn_(String, TxnType)=2, flushCache_()=0, rollbackTxn_(long)=8, getValidTxns_(long)=1, isCompatibleWith_(Configuration)=1, getTable_(GetTableRequest)=5}
2024-04-24T06:29:02,326  INFO [main] ql.Driver: Completed compiling command(queryId=alex_20240424062902_44314eb8-f7e6-4465-afc8-24c72d55d703); Time taken: 0.009 seconds
2024-04-24T06:29:02,326  INFO [main] lockmgr.DbTxnManager: Setting lock request transaction to txnid:16 for queryId=alex_20240424062902_44314eb8-f7e6-4465-afc8-24c72d55d703
2024-04-24T06:29:02,326  INFO [main] lockmgr.DbLockManager: Requesting lock for queryId=alex_20240424062902_44314eb8-f7e6-4465-afc8-24c72d55d703
2024-04-24T06:29:02,339  INFO [main] lockmgr.DbLockManager: Response to queryId=alex_20240424062902_44314eb8-f7e6-4465-afc8-24c72d55d703 LockResponse(lockid:9, state:ACQUIRED)
2024-04-24T06:29:02,339  INFO [main] ql.Driver: Operation DROPTABLE obtained 1 locks
2024-04-24T06:29:02,339  INFO [main] ql.Driver: Executing command(queryId=alex_20240424062902_44314eb8-f7e6-4465-afc8-24c72d55d703): drop table if exists acidTbl
2024-04-24T06:29:02,339  INFO [main] ql.Driver: Starting task [Stage-0:DDL] in serial mode
2024-04-24T06:29:02,339  INFO [main] HiveMetaStore.audit: ugi=alex	ip=unknown-ip-addr	cmd=get_table : tbl=hive.default.acidTbl	
2024-04-24T06:29:02,345  INFO [main] metastore.HMSHandler: Skipping translation for processor with null
2024-04-24T06:29:02,345  INFO [main] HiveMetaStore.audit: ugi=alex	ip=unknown-ip-addr	cmd=get_table : tbl=hive.default.acidTbl	
2024-04-24T06:29:02,351  INFO [main] metastore.HMSHandler: Skipping translation for processor with null
2024-04-24T06:29:02,351  INFO [main] HiveMetaStore.audit: ugi=alex	ip=unknown-ip-addr	cmd=drop_table : tbl=hive.default.acidTbl	
2024-04-24T06:29:02,447  INFO [main] metadata.Hive: Dumping metastore api call timing information for : execution phase
2024-04-24T06:29:02,447  INFO [main] metadata.Hive: Total time spent in each metastore function (ms): {getTable_(GetTableRequest)=6, isCompatibleWith_(Configuration)=0, dropTable_(String, String, boolean, boolean, boolean)=102}
2024-04-24T06:29:02,448  INFO [main] ql.Driver: Completed executing command(queryId=alex_20240424062902_44314eb8-f7e6-4465-afc8-24c72d55d703); Time taken: 0.108 seconds
2024-04-24T06:29:02,448  INFO [main] lockmgr.DbTxnManager: Stopped heartbeat for query: alex_20240424062902_44314eb8-f7e6-4465-afc8-24c72d55d703
2024-04-24T06:29:02,451  INFO [main] txn.TxnHandler: Expected to move at least one record from txn_components to completed_txn_components when committing txn! txnid:16
2024-04-24T06:29:02,456  INFO [main] txn.TxnHandler: Removed transactions: ([16]) from MIN_HISTORY_LEVEL
2024-04-24T06:29:02,458  WARN [main] txn.CompactionTxnHandler: No compaction queue record found for Compaction type transaction commit. txnId:16
2024-04-24T06:29:02,458  INFO [main] ql.TxnCommandsBaseForTests: Running the query: drop table if exists acidTblPart
2024-04-24T06:29:02,458  INFO [main] ql.Driver: Compiling command(queryId=alex_20240424062902_6caa955e-158a-4158-b4a4-c283276dbb42): drop table if exists acidTblPart
2024-04-24T06:29:02,467  INFO [main] txn.TxnHandler: Added entries to MIN_HISTORY_LEVEL for current txns: ([17]) with min_open_txn: 15
2024-04-24T06:29:02,468  INFO [main] lockmgr.DbTxnManager: Opened txnid:17
2024-04-24T06:29:02,470  INFO [main] HiveMetaStore.audit: ugi=alex	ip=unknown-ip-addr	cmd=get_table : tbl=hive.default.acidTblPart	
2024-04-24T06:29:02,488  INFO [main] metastore.HMSHandler: Skipping translation for processor with null
2024-04-24T06:29:02,488  INFO [main] ql.Driver: Semantic Analysis Completed (retrial = false)
2024-04-24T06:29:02,488  INFO [main] ql.Driver: Created Hive schema: Schema(fieldSchemas:null, properties:null)
2024-04-24T06:29:02,488  INFO [main] metadata.Hive: Dumping metastore api call timing information for : compilation phase
2024-04-24T06:29:02,488  INFO [main] metadata.Hive: Total time spent in each metastore function (ms): {getValidTxns_(long)=2, commitTxn_(CommitTxnRequest)=10, flushCache_()=1, getTable_(GetTableRequest)=18, isCompatibleWith_(Configuration)=0, openTxn_(String, TxnType)=9}
2024-04-24T06:29:02,489  INFO [main] ql.Driver: Completed compiling command(queryId=alex_20240424062902_6caa955e-158a-4158-b4a4-c283276dbb42); Time taken: 0.03 seconds
2024-04-24T06:29:02,489  INFO [main] lockmgr.DbTxnManager: Setting lock request transaction to txnid:17 for queryId=alex_20240424062902_6caa955e-158a-4158-b4a4-c283276dbb42
2024-04-24T06:29:02,489  INFO [main] lockmgr.DbLockManager: Requesting lock for queryId=alex_20240424062902_6caa955e-158a-4158-b4a4-c283276dbb42
2024-04-24T06:29:02,506  INFO [main] lockmgr.DbLockManager: Response to queryId=alex_20240424062902_6caa955e-158a-4158-b4a4-c283276dbb42 LockResponse(lockid:10, state:ACQUIRED)
2024-04-24T06:29:02,506  INFO [main] ql.Driver: Operation DROPTABLE obtained 1 locks
2024-04-24T06:29:02,506  INFO [main] ql.Driver: Executing command(queryId=alex_20240424062902_6caa955e-158a-4158-b4a4-c283276dbb42): drop table if exists acidTblPart
2024-04-24T06:29:02,506  INFO [main] ql.Driver: Starting task [Stage-0:DDL] in serial mode
2024-04-24T06:29:02,506  INFO [main] HiveMetaStore.audit: ugi=alex	ip=unknown-ip-addr	cmd=get_table : tbl=hive.default.acidTblPart	
2024-04-24T06:29:02,512  INFO [main] metastore.HMSHandler: Skipping translation for processor with null
2024-04-24T06:29:02,512  INFO [main] HiveMetaStore.audit: ugi=alex	ip=unknown-ip-addr	cmd=get_table : tbl=hive.default.acidTblPart	
2024-04-24T06:29:02,517  INFO [main] metastore.HMSHandler: Skipping translation for processor with null
2024-04-24T06:29:02,518  INFO [main] HiveMetaStore.audit: ugi=alex	ip=unknown-ip-addr	cmd=drop_table : tbl=hive.default.acidTblPart	
2024-04-24T06:29:02,560  INFO [main] metadata.Hive: Dumping metastore api call timing information for : execution phase
2024-04-24T06:29:02,561  INFO [main] metadata.Hive: Total time spent in each metastore function (ms): {isCompatibleWith_(Configuration)=0, dropTable_(String, String, boolean, boolean, boolean)=48, getTable_(GetTableRequest)=6}
2024-04-24T06:29:02,561  INFO [main] ql.Driver: Completed executing command(queryId=alex_20240424062902_6caa955e-158a-4158-b4a4-c283276dbb42); Time taken: 0.054 seconds
2024-04-24T06:29:02,561  INFO [main] lockmgr.DbTxnManager: Stopped heartbeat for query: alex_20240424062902_6caa955e-158a-4158-b4a4-c283276dbb42
2024-04-24T06:29:02,565  INFO [main] txn.TxnHandler: Expected to move at least one record from txn_components to completed_txn_components when committing txn! txnid:17
2024-04-24T06:29:02,570  INFO [main] txn.TxnHandler: Removed transactions: ([17]) from MIN_HISTORY_LEVEL
2024-04-24T06:29:02,570  WARN [main] txn.CompactionTxnHandler: No compaction queue record found for Compaction type transaction commit. txnId:17
2024-04-24T06:29:02,571  INFO [main] ql.TxnCommandsBaseForTests: Running the query: drop table if exists acidTbl2
2024-04-24T06:29:02,571  INFO [main] ql.Driver: Compiling command(queryId=alex_20240424062902_1ee47253-74e7-471f-b7a2-3f7a2494f001): drop table if exists acidTbl2
2024-04-24T06:29:02,573  INFO [main] txn.TxnHandler: Added entries to MIN_HISTORY_LEVEL for current txns: ([18]) with min_open_txn: 15
2024-04-24T06:29:02,573  INFO [main] lockmgr.DbTxnManager: Opened txnid:18
2024-04-24T06:29:02,574  INFO [main] ql.Driver: Semantic Analysis Completed (retrial = false)
2024-04-24T06:29:02,574  INFO [main] ql.Driver: Created Hive schema: Schema(fieldSchemas:null, properties:null)
2024-04-24T06:29:02,574  INFO [main] metadata.Hive: Dumping metastore api call timing information for : compilation phase
2024-04-24T06:29:02,574  INFO [main] metadata.Hive: Total time spent in each metastore function (ms): {getValidTxns_(long)=0, isCompatibleWith_(Configuration)=0, openTxn_(String, TxnType)=2, commitTxn_(CommitTxnRequest)=10, getTable_(GetTableRequest)=0, flushCache_()=0}
2024-04-24T06:29:02,575  INFO [main] ql.Driver: Completed compiling command(queryId=alex_20240424062902_1ee47253-74e7-471f-b7a2-3f7a2494f001); Time taken: 0.003 seconds
2024-04-24T06:29:02,575  INFO [main] lockmgr.DbTxnManager: Setting lock request transaction to txnid:18 for queryId=alex_20240424062902_1ee47253-74e7-471f-b7a2-3f7a2494f001
2024-04-24T06:29:02,575  INFO [main] ql.Driver: Operation DROPTABLE obtained 0 locks
2024-04-24T06:29:02,575  INFO [main] ql.Driver: Executing command(queryId=alex_20240424062902_1ee47253-74e7-471f-b7a2-3f7a2494f001): drop table if exists acidTbl2
2024-04-24T06:29:02,575  INFO [main] ql.Driver: Starting task [Stage-0:DDL] in serial mode
2024-04-24T06:29:02,575  INFO [main] metadata.SessionHiveMetaStoreClient: Column stats doesn't exist for db=default temp table=acidTbl2
2024-04-24T06:29:02,576  INFO [main] metadata.Hive: Dumping metastore api call timing information for : execution phase
2024-04-24T06:29:02,576  INFO [main] metadata.Hive: Total time spent in each metastore function (ms): {getTable_(GetTableRequest)=0, dropTable_(String, String, boolean, boolean, boolean)=1, isCompatibleWith_(Configuration)=0}
2024-04-24T06:29:02,576  INFO [main] ql.Driver: Completed executing command(queryId=alex_20240424062902_1ee47253-74e7-471f-b7a2-3f7a2494f001); Time taken: 0.001 seconds
2024-04-24T06:29:02,576  INFO [main] lockmgr.DbTxnManager: Stopped heartbeat for query: alex_20240424062902_1ee47253-74e7-471f-b7a2-3f7a2494f001
2024-04-24T06:29:02,581  INFO [main] txn.TxnHandler: Expected to move at least one record from txn_components to completed_txn_components when committing txn! txnid:18
2024-04-24T06:29:02,587  INFO [main] txn.TxnHandler: Removed transactions: ([18]) from MIN_HISTORY_LEVEL
2024-04-24T06:29:02,587  WARN [main] txn.CompactionTxnHandler: No compaction queue record found for Compaction type transaction commit. txnId:18
2024-04-24T06:29:02,587  INFO [main] ql.TxnCommandsBaseForTests: Running the query: drop table if exists nonAcidOrcTbl
2024-04-24T06:29:02,588  INFO [main] ql.Driver: Compiling command(queryId=alex_20240424062902_78c40e39-b724-47ef-a157-a897fd9eceaf): drop table if exists nonAcidOrcTbl
2024-04-24T06:29:02,589  INFO [main] txn.TxnHandler: Added entries to MIN_HISTORY_LEVEL for current txns: ([19]) with min_open_txn: 15
2024-04-24T06:29:02,590  INFO [main] lockmgr.DbTxnManager: Opened txnid:19
2024-04-24T06:29:02,590  INFO [main] HiveMetaStore.audit: ugi=alex	ip=unknown-ip-addr	cmd=get_table : tbl=hive.default.nonAcidOrcTbl	
2024-04-24T06:29:02,611  INFO [main] metastore.HMSHandler: Skipping translation for processor with null
2024-04-24T06:29:02,611  INFO [main] ql.Driver: Semantic Analysis Completed (retrial = false)
2024-04-24T06:29:02,611  INFO [main] ql.Driver: Created Hive schema: Schema(fieldSchemas:null, properties:null)
2024-04-24T06:29:02,612  INFO [main] metadata.Hive: Dumping metastore api call timing information for : compilation phase
2024-04-24T06:29:02,612  INFO [main] metadata.Hive: Total time spent in each metastore function (ms): {openTxn_(String, TxnType)=2, getTable_(GetTableRequest)=21, flushCache_()=0, commitTxn_(CommitTxnRequest)=11, isCompatibleWith_(Configuration)=0, getValidTxns_(long)=0}
2024-04-24T06:29:02,612  INFO [main] ql.Driver: Completed compiling command(queryId=alex_20240424062902_78c40e39-b724-47ef-a157-a897fd9eceaf); Time taken: 0.024 seconds
2024-04-24T06:29:02,612  INFO [main] lockmgr.DbTxnManager: Setting lock request transaction to txnid:19 for queryId=alex_20240424062902_78c40e39-b724-47ef-a157-a897fd9eceaf
2024-04-24T06:29:02,613  INFO [main] lockmgr.DbLockManager: Requesting lock for queryId=alex_20240424062902_78c40e39-b724-47ef-a157-a897fd9eceaf
2024-04-24T06:29:02,628  INFO [main] lockmgr.DbLockManager: Response to queryId=alex_20240424062902_78c40e39-b724-47ef-a157-a897fd9eceaf LockResponse(lockid:11, state:ACQUIRED)
2024-04-24T06:29:02,628  INFO [main] ql.Driver: Operation DROPTABLE obtained 1 locks
2024-04-24T06:29:02,628  INFO [main] ql.Driver: Executing command(queryId=alex_20240424062902_78c40e39-b724-47ef-a157-a897fd9eceaf): drop table if exists nonAcidOrcTbl
2024-04-24T06:29:02,628  INFO [main] ql.Driver: Starting task [Stage-0:DDL] in serial mode
2024-04-24T06:29:02,628  INFO [main] HiveMetaStore.audit: ugi=alex	ip=unknown-ip-addr	cmd=get_table : tbl=hive.default.nonAcidOrcTbl	
2024-04-24T06:29:02,636  INFO [main] metastore.HMSHandler: Skipping translation for processor with null
2024-04-24T06:29:02,636  INFO [main] HiveMetaStore.audit: ugi=alex	ip=unknown-ip-addr	cmd=get_table : tbl=hive.default.nonAcidOrcTbl	
2024-04-24T06:29:02,644  INFO [main] metastore.HMSHandler: Skipping translation for processor with null
2024-04-24T06:29:02,644  INFO [main] HiveMetaStore.audit: ugi=alex	ip=unknown-ip-addr	cmd=drop_table : tbl=hive.default.nonAcidOrcTbl	
2024-04-24T06:29:02,696  INFO [main] metadata.Hive: Dumping metastore api call timing information for : execution phase
2024-04-24T06:29:02,696  INFO [main] metadata.Hive: Total time spent in each metastore function (ms): {isCompatibleWith_(Configuration)=0, dropTable_(String, String, boolean, boolean, boolean)=60, getTable_(GetTableRequest)=8}
2024-04-24T06:29:02,696  INFO [main] ql.Driver: Completed executing command(queryId=alex_20240424062902_78c40e39-b724-47ef-a157-a897fd9eceaf); Time taken: 0.068 seconds
2024-04-24T06:29:02,696  INFO [main] lockmgr.DbTxnManager: Stopped heartbeat for query: alex_20240424062902_78c40e39-b724-47ef-a157-a897fd9eceaf
2024-04-24T06:29:02,700  INFO [main] txn.TxnHandler: Expected to move at least one record from txn_components to completed_txn_components when committing txn! txnid:19
2024-04-24T06:29:02,707  INFO [main] txn.TxnHandler: Removed transactions: ([19]) from MIN_HISTORY_LEVEL
2024-04-24T06:29:02,707  WARN [main] txn.CompactionTxnHandler: No compaction queue record found for Compaction type transaction commit. txnId:19
2024-04-24T06:29:02,707  INFO [main] ql.TxnCommandsBaseForTests: Running the query: drop table if exists nonAcidOrcTbl2
2024-04-24T06:29:02,708  INFO [main] ql.Driver: Compiling command(queryId=alex_20240424062902_22f8106b-1e19-4d86-bea4-f5a918e5a764): drop table if exists nonAcidOrcTbl2
2024-04-24T06:29:02,710  INFO [main] txn.TxnHandler: Added entries to MIN_HISTORY_LEVEL for current txns: ([20]) with min_open_txn: 15
2024-04-24T06:29:02,710  INFO [main] lockmgr.DbTxnManager: Opened txnid:20
2024-04-24T06:29:02,711  INFO [main] HiveMetaStore.audit: ugi=alex	ip=unknown-ip-addr	cmd=get_table : tbl=hive.default.nonAcidOrcTbl2	
2024-04-24T06:29:02,719  INFO [main] metastore.HMSHandler: Skipping translation for processor with null
2024-04-24T06:29:02,719  INFO [main] ql.Driver: Semantic Analysis Completed (retrial = false)
2024-04-24T06:29:02,719  INFO [main] ql.Driver: Created Hive schema: Schema(fieldSchemas:null, properties:null)
2024-04-24T06:29:02,719  INFO [main] metadata.Hive: Dumping metastore api call timing information for : compilation phase
2024-04-24T06:29:02,719  INFO [main] metadata.Hive: Total time spent in each metastore function (ms): {flushCache_()=0, getValidTxns_(long)=0, openTxn_(String, TxnType)=2, commitTxn_(CommitTxnRequest)=11, getTable_(GetTableRequest)=8, isCompatibleWith_(Configuration)=0}
2024-04-24T06:29:02,720  INFO [main] ql.Driver: Completed compiling command(queryId=alex_20240424062902_22f8106b-1e19-4d86-bea4-f5a918e5a764); Time taken: 0.011 seconds
2024-04-24T06:29:02,720  INFO [main] lockmgr.DbTxnManager: Setting lock request transaction to txnid:20 for queryId=alex_20240424062902_22f8106b-1e19-4d86-bea4-f5a918e5a764
2024-04-24T06:29:02,720  INFO [main] lockmgr.DbLockManager: Requesting lock for queryId=alex_20240424062902_22f8106b-1e19-4d86-bea4-f5a918e5a764
2024-04-24T06:29:02,736  INFO [main] lockmgr.DbLockManager: Response to queryId=alex_20240424062902_22f8106b-1e19-4d86-bea4-f5a918e5a764 LockResponse(lockid:12, state:ACQUIRED)
2024-04-24T06:29:02,736  INFO [main] ql.Driver: Operation DROPTABLE obtained 1 locks
2024-04-24T06:29:02,736  INFO [main] ql.Driver: Executing command(queryId=alex_20240424062902_22f8106b-1e19-4d86-bea4-f5a918e5a764): drop table if exists nonAcidOrcTbl2
2024-04-24T06:29:02,736  INFO [main] ql.Driver: Starting task [Stage-0:DDL] in serial mode
2024-04-24T06:29:02,736  INFO [main] HiveMetaStore.audit: ugi=alex	ip=unknown-ip-addr	cmd=get_table : tbl=hive.default.nonAcidOrcTbl2	
2024-04-24T06:29:02,744  INFO [main] metastore.HMSHandler: Skipping translation for processor with null
2024-04-24T06:29:02,745  INFO [main] HiveMetaStore.audit: ugi=alex	ip=unknown-ip-addr	cmd=get_table : tbl=hive.default.nonAcidOrcTbl2	
2024-04-24T06:29:02,753  INFO [main] metastore.HMSHandler: Skipping translation for processor with null
2024-04-24T06:29:02,753  INFO [main] HiveMetaStore.audit: ugi=alex	ip=unknown-ip-addr	cmd=drop_table : tbl=hive.default.nonAcidOrcTbl2	
2024-04-24T06:29:02,782  INFO [main] metadata.Hive: Dumping metastore api call timing information for : execution phase
2024-04-24T06:29:02,782  INFO [main] metadata.Hive: Total time spent in each metastore function (ms): {dropTable_(String, String, boolean, boolean, boolean)=37, getTable_(GetTableRequest)=8, isCompatibleWith_(Configuration)=0}
2024-04-24T06:29:02,782  INFO [main] ql.Driver: Completed executing command(queryId=alex_20240424062902_22f8106b-1e19-4d86-bea4-f5a918e5a764); Time taken: 0.046 seconds
2024-04-24T06:29:02,782  INFO [main] lockmgr.DbTxnManager: Stopped heartbeat for query: alex_20240424062902_22f8106b-1e19-4d86-bea4-f5a918e5a764
2024-04-24T06:29:02,787  INFO [main] txn.TxnHandler: Expected to move at least one record from txn_components to completed_txn_components when committing txn! txnid:20
2024-04-24T06:29:02,793  INFO [main] txn.TxnHandler: Removed transactions: ([20]) from MIN_HISTORY_LEVEL
2024-04-24T06:29:02,794  WARN [main] txn.CompactionTxnHandler: No compaction queue record found for Compaction type transaction commit. txnId:20
2024-04-24T06:29:02,794  INFO [main] ql.TxnCommandsBaseForTests: Running the query: drop table if exists nonAcidNonBucket
2024-04-24T06:29:02,794  INFO [main] ql.Driver: Compiling command(queryId=alex_20240424062902_4220524f-f3c7-470b-9286-3248c1d55d3a): drop table if exists nonAcidNonBucket
2024-04-24T06:29:02,796  INFO [main] txn.TxnHandler: Added entries to MIN_HISTORY_LEVEL for current txns: ([21]) with min_open_txn: 15
2024-04-24T06:29:02,797  INFO [main] lockmgr.DbTxnManager: Opened txnid:21
2024-04-24T06:29:02,797  INFO [main] HiveMetaStore.audit: ugi=alex	ip=unknown-ip-addr	cmd=get_table : tbl=hive.default.nonAcidNonBucket	
2024-04-24T06:29:02,805  INFO [main] metastore.HMSHandler: Skipping translation for processor with null
2024-04-24T06:29:02,806  INFO [main] ql.Driver: Semantic Analysis Completed (retrial = false)
2024-04-24T06:29:02,806  INFO [main] ql.Driver: Created Hive schema: Schema(fieldSchemas:null, properties:null)
2024-04-24T06:29:02,806  INFO [main] metadata.Hive: Dumping metastore api call timing information for : compilation phase
2024-04-24T06:29:02,806  INFO [main] metadata.Hive: Total time spent in each metastore function (ms): {isCompatibleWith_(Configuration)=1, getValidTxns_(long)=0, flushCache_()=0, commitTxn_(CommitTxnRequest)=11, openTxn_(String, TxnType)=2, getTable_(GetTableRequest)=9}
2024-04-24T06:29:02,806  INFO [main] ql.Driver: Completed compiling command(queryId=alex_20240424062902_4220524f-f3c7-470b-9286-3248c1d55d3a); Time taken: 0.012 seconds
2024-04-24T06:29:02,806  INFO [main] lockmgr.DbTxnManager: Setting lock request transaction to txnid:21 for queryId=alex_20240424062902_4220524f-f3c7-470b-9286-3248c1d55d3a
2024-04-24T06:29:02,807  INFO [main] lockmgr.DbLockManager: Requesting lock for queryId=alex_20240424062902_4220524f-f3c7-470b-9286-3248c1d55d3a
2024-04-24T06:29:02,821  INFO [main] lockmgr.DbLockManager: Response to queryId=alex_20240424062902_4220524f-f3c7-470b-9286-3248c1d55d3a LockResponse(lockid:13, state:ACQUIRED)
2024-04-24T06:29:02,821  INFO [main] ql.Driver: Operation DROPTABLE obtained 1 locks
2024-04-24T06:29:02,821  INFO [main] ql.Driver: Executing command(queryId=alex_20240424062902_4220524f-f3c7-470b-9286-3248c1d55d3a): drop table if exists nonAcidNonBucket
2024-04-24T06:29:02,821  INFO [main] ql.Driver: Starting task [Stage-0:DDL] in serial mode
2024-04-24T06:29:02,821  INFO [main] HiveMetaStore.audit: ugi=alex	ip=unknown-ip-addr	cmd=get_table : tbl=hive.default.nonAcidNonBucket	
2024-04-24T06:29:02,829  INFO [main] metastore.HMSHandler: Skipping translation for processor with null
2024-04-24T06:29:02,829  INFO [main] HiveMetaStore.audit: ugi=alex	ip=unknown-ip-addr	cmd=get_table : tbl=hive.default.nonAcidNonBucket	
2024-04-24T06:29:02,837  INFO [main] metastore.HMSHandler: Skipping translation for processor with null
2024-04-24T06:29:02,837  INFO [main] HiveMetaStore.audit: ugi=alex	ip=unknown-ip-addr	cmd=drop_table : tbl=hive.default.nonAcidNonBucket	
2024-04-24T06:29:02,865  INFO [main] metadata.Hive: Dumping metastore api call timing information for : execution phase
2024-04-24T06:29:02,865  INFO [main] metadata.Hive: Total time spent in each metastore function (ms): {isCompatibleWith_(Configuration)=0, dropTable_(String, String, boolean, boolean, boolean)=36, getTable_(GetTableRequest)=8}
2024-04-24T06:29:02,866  INFO [main] ql.Driver: Completed executing command(queryId=alex_20240424062902_4220524f-f3c7-470b-9286-3248c1d55d3a); Time taken: 0.044 seconds
2024-04-24T06:29:02,866  INFO [main] lockmgr.DbTxnManager: Stopped heartbeat for query: alex_20240424062902_4220524f-f3c7-470b-9286-3248c1d55d3a
2024-04-24T06:29:02,869  INFO [main] txn.TxnHandler: Expected to move at least one record from txn_components to completed_txn_components when committing txn! txnid:21
2024-04-24T06:29:02,875  INFO [main] txn.TxnHandler: Removed transactions: ([21]) from MIN_HISTORY_LEVEL
2024-04-24T06:29:02,875  WARN [main] txn.CompactionTxnHandler: No compaction queue record found for Compaction type transaction commit. txnId:21
2024-04-24T06:29:02,875  INFO [main] utils.TestTxnDbUtil: Cleaning transactional tables
]]></system-err>
  </testcase>
  <testcase name="truncateTableAdvancingWriteId" classname="org.apache.hadoop.hive.ql.TestTxnCommands" time="1.377"/>
  <testcase name="testAddAndDropConstraintAdvancingWriteIds" classname="org.apache.hadoop.hive.ql.TestTxnCommands" time="3.583"/>
  <testcase name="testMultipleInserts" classname="org.apache.hadoop.hive.ql.TestTxnCommands" time="7.111"/>
  <testcase name="testDeleteOfMultipleInserts" classname="org.apache.hadoop.hive.ql.TestTxnCommands" time="4.403">
    <error type="java.lang.RuntimeException"><![CDATA[java.lang.RuntimeException: delete from acidTbl where b = 2 failed: (responseCode = 40000, errorMessage = FAILED: NoMatchingMethodException No matching method for class org.apache.hadoop.hive.ql.udf.UDFToInteger with (struct<writeid:bigint,bucketid:int,rowid:bigint>). Possible choices: _FUNC_(bigint)  _FUNC_(boolean)  _FUNC_(decimal(38,18))  _FUNC_(double)  _FUNC_(float)  _FUNC_(smallint)  _FUNC_(string)  _FUNC_(struct<writeid:int,bucketid:bigint,rowid:bigint>)  _FUNC_(timestamp)  _FUNC_(tinyint)  _FUNC_(void)  , hiveErrorCode = 40000, SQLState = 42000, exception = No matching method for class org.apache.hadoop.hive.ql.udf.UDFToInteger with (struct<writeid:bigint,bucketid:int,rowid:bigint>). Possible choices: _FUNC_(bigint)  _FUNC_(boolean)  _FUNC_(decimal(38,18))  _FUNC_(double)  _FUNC_(float)  _FUNC_(smallint)  _FUNC_(string)  _FUNC_(struct<writeid:int,bucketid:bigint,rowid:bigint>)  _FUNC_(timestamp)  _FUNC_(tinyint)  _FUNC_(void)  )
	at org.apache.hadoop.hive.ql.TxnCommandsBaseForTests.runStatementOnDriver(TxnCommandsBaseForTests.java:247)
	at org.apache.hadoop.hive.ql.TestTxnCommands.testDeleteOfMultipleInserts(TestTxnCommands.java:826)
	at sun.reflect.NativeMethodAccessorImpl.invoke0(Native Method)
	at sun.reflect.NativeMethodAccessorImpl.invoke(NativeMethodAccessorImpl.java:62)
	at sun.reflect.DelegatingMethodAccessorImpl.invoke(DelegatingMethodAccessorImpl.java:43)
	at java.lang.reflect.Method.invoke(Method.java:498)
	at org.junit.runners.model.FrameworkMethod$1.runReflectiveCall(FrameworkMethod.java:59)
	at org.junit.internal.runners.model.ReflectiveCallable.run(ReflectiveCallable.java:12)
	at org.junit.runners.model.FrameworkMethod.invokeExplosively(FrameworkMethod.java:56)
	at org.junit.internal.runners.statements.InvokeMethod.evaluate(InvokeMethod.java:17)
	at org.junit.internal.runners.statements.RunBefores.evaluate(RunBefores.java:26)
	at org.junit.internal.runners.statements.RunAfters.evaluate(RunAfters.java:27)
	at org.junit.rules.TestWatcher$1.evaluate(TestWatcher.java:61)
	at org.junit.runners.ParentRunner$3.evaluate(ParentRunner.java:306)
	at org.junit.runners.BlockJUnit4ClassRunner$1.evaluate(BlockJUnit4ClassRunner.java:100)
	at org.junit.runners.ParentRunner.runLeaf(ParentRunner.java:366)
	at org.junit.runners.BlockJUnit4ClassRunner.runChild(BlockJUnit4ClassRunner.java:103)
	at org.junit.runners.BlockJUnit4ClassRunner.runChild(BlockJUnit4ClassRunner.java:63)
	at org.junit.runners.ParentRunner$4.run(ParentRunner.java:331)
	at org.junit.runners.ParentRunner$1.schedule(ParentRunner.java:79)
	at org.junit.runners.ParentRunner.runChildren(ParentRunner.java:329)
	at org.junit.runners.ParentRunner.access$100(ParentRunner.java:66)
	at org.junit.runners.ParentRunner$2.evaluate(ParentRunner.java:293)
	at org.junit.runners.ParentRunner$3.evaluate(ParentRunner.java:306)
	at org.junit.runners.ParentRunner.run(ParentRunner.java:413)
	at org.junit.runner.JUnitCore.run(JUnitCore.java:137)
	at org.junit.runner.JUnitCore.run(JUnitCore.java:115)
	at org.junit.vintage.engine.execution.RunnerExecutor.execute(RunnerExecutor.java:43)
	at java.util.stream.ForEachOps$ForEachOp$OfRef.accept(ForEachOps.java:183)
	at java.util.stream.ReferencePipeline$3$1.accept(ReferencePipeline.java:193)
	at java.util.Iterator.forEachRemaining(Iterator.java:116)
	at java.util.Spliterators$IteratorSpliterator.forEachRemaining(Spliterators.java:1801)
	at java.util.stream.AbstractPipeline.copyInto(AbstractPipeline.java:482)
	at java.util.stream.AbstractPipeline.wrapAndCopyInto(AbstractPipeline.java:472)
	at java.util.stream.ForEachOps$ForEachOp.evaluateSequential(ForEachOps.java:150)
	at java.util.stream.ForEachOps$ForEachOp$OfRef.evaluateSequential(ForEachOps.java:173)
	at java.util.stream.AbstractPipeline.evaluate(AbstractPipeline.java:234)
	at java.util.stream.ReferencePipeline.forEach(ReferencePipeline.java:485)
	at org.junit.vintage.engine.VintageTestEngine.executeAllChildren(VintageTestEngine.java:82)
	at org.junit.vintage.engine.VintageTestEngine.execute(VintageTestEngine.java:73)
	at org.junit.platform.launcher.core.DefaultLauncher.execute(DefaultLauncher.java:248)
	at org.junit.platform.launcher.core.DefaultLauncher.lambda$execute$5(DefaultLauncher.java:211)
	at org.junit.platform.launcher.core.DefaultLauncher.withInterceptedStreams(DefaultLauncher.java:226)
	at org.junit.platform.launcher.core.DefaultLauncher.execute(DefaultLauncher.java:199)
	at org.junit.platform.launcher.core.DefaultLauncher.execute(DefaultLauncher.java:132)
	at org.apache.maven.surefire.junitplatform.JUnitPlatformProvider.invokeAllTests(JUnitPlatformProvider.java:154)
	at org.apache.maven.surefire.junitplatform.JUnitPlatformProvider.invoke(JUnitPlatformProvider.java:123)
	at org.apache.maven.surefire.booter.ForkedBooter.runSuitesInProcess(ForkedBooter.java:377)
	at org.apache.maven.surefire.booter.ForkedBooter.execute(ForkedBooter.java:138)
	at org.apache.maven.surefire.booter.ForkedBooter.run(ForkedBooter.java:465)
	at org.apache.maven.surefire.booter.ForkedBooter.main(ForkedBooter.java:451)
]]></error>
    <system-err><![CDATA[2024-04-24T06:29:15,009  WARN [main] conf.HiveConf: HiveConf of name hive.llap.io.cache.orc.arena.size does not exist
2024-04-24T06:29:15,010  WARN [main] conf.HiveConf: HiveConf of name hive.llap.io.cache.orc.alloc.min does not exist
2024-04-24T06:29:15,010  WARN [main] conf.HiveConf: HiveConf of name hive.dummyparam.test.server.specific.config.metastoresite does not exist
2024-04-24T06:29:15,010  WARN [main] conf.HiveConf: HiveConf of name hive.llap.io.cache.orc.alloc.max does not exist
2024-04-24T06:29:15,010  WARN [main] conf.HiveConf: HiveConf of name hive.dummyparam.test.server.specific.config.override does not exist
2024-04-24T06:29:15,010  WARN [main] conf.HiveConf: HiveConf of name hive.metastore.client.cache.recordStats does not exist
2024-04-24T06:29:15,010  WARN [main] conf.HiveConf: HiveConf of name hive.dummyparam.test.server.specific.config.hivesite does not exist
2024-04-24T06:29:15,010  WARN [main] conf.HiveConf: HiveConf of name hive.llap.io.cache.orc.size does not exist
2024-04-24T06:29:15,010  WARN [main] conf.HiveConf: HiveConf of name hive.metastore.metadb.dir does not exist
2024-04-24T06:29:15,010  WARN [main] conf.HiveConf: HiveConf of name hive.metastore.client.cache.maxSize does not exist
2024-04-24T06:29:15,010  WARN [main] conf.HiveConf: HiveConf of name hive.stats.key.prefix.reserve.length does not exist
2024-04-24T06:29:15,013  INFO [main] utils.TestTxnDbUtil: Creating transactional tables
Hive Session ID = e1d768bc-fd8a-42ca-8d65-c72c97f95154
2024-04-24T06:29:15,015  INFO [main] SessionState: Hive Session ID = e1d768bc-fd8a-42ca-8d65-c72c97f95154
ivysettings.xml file not found in HIVE_HOME or HIVE_CONF_DIR,/home/alex/Repositories/hive/conf/ivysettings.xml will be used
2024-04-24T06:29:15,016  INFO [main] DependencyResolver: ivysettings.xml file not found in HIVE_HOME or HIVE_CONF_DIR,/home/alex/Repositories/hive/conf/ivysettings.xml will be used
2024-04-24T06:29:15,021  INFO [main] session.SessionState: Created HDFS directory: /home/alex/Repositories/hive/ql/target/tmp/scratchdir/alex/e1d768bc-fd8a-42ca-8d65-c72c97f95154
2024-04-24T06:29:15,024  INFO [main] session.SessionState: Created local directory: /home/alex/Repositories/hive/ql/target/tmp/localscratchdir/e1d768bc-fd8a-42ca-8d65-c72c97f95154
2024-04-24T06:29:15,026  INFO [main] session.SessionState: Created HDFS directory: /home/alex/Repositories/hive/ql/target/tmp/scratchdir/alex/e1d768bc-fd8a-42ca-8d65-c72c97f95154/_tmp_space.db
2024-04-24T06:29:15,026  INFO [main] sqlstd.SQLStdHiveAccessController: Created SQLStdHiveAccessController for session context : HiveAuthzSessionContext [sessionString=e1d768bc-fd8a-42ca-8d65-c72c97f95154, clientType=HIVECLI]
2024-04-24T06:29:15,027  INFO [main] ql.TxnCommandsBaseForTests: Running the query: drop table if exists acidTbl
2024-04-24T06:29:15,027  INFO [main] ql.Driver: Compiling command(queryId=alex_20240424062915_090a640b-56d6-4f71-9132-24195f462e3c): drop table if exists acidTbl
2024-04-24T06:29:15,036  INFO [main] txn.TxnHandler: Added entries to MIN_HISTORY_LEVEL for current txns: ([1]) with min_open_txn: 1
2024-04-24T06:29:15,037  INFO [main] lockmgr.DbTxnManager: Opened txnid:1
2024-04-24T06:29:15,039  INFO [main] HiveMetaStore.audit: ugi=alex	ip=unknown-ip-addr	cmd=get_table : tbl=hive.default.acidTbl	
2024-04-24T06:29:15,047  INFO [main] ql.Driver: Semantic Analysis Completed (retrial = false)
2024-04-24T06:29:15,047  INFO [main] ql.Driver: Created Hive schema: Schema(fieldSchemas:null, properties:null)
2024-04-24T06:29:15,047  INFO [main] metadata.Hive: Dumping metastore api call timing information for : compilation phase
2024-04-24T06:29:15,047  INFO [main] metadata.Hive: Total time spent in each metastore function (ms): {commitTxn_(CommitTxnRequest)=12, openTxn_(String, TxnType)=10, flushCache_()=0, isCompatibleWith_(Configuration)=0, getValidTxns_(long)=2}
2024-04-24T06:29:15,048  INFO [main] ql.Driver: Completed compiling command(queryId=alex_20240424062915_090a640b-56d6-4f71-9132-24195f462e3c); Time taken: 0.02 seconds
2024-04-24T06:29:15,048  INFO [main] lockmgr.DbTxnManager: Setting lock request transaction to txnid:1 for queryId=alex_20240424062915_090a640b-56d6-4f71-9132-24195f462e3c
2024-04-24T06:29:15,048  INFO [main] ql.Driver: Operation DROPTABLE obtained 0 locks
2024-04-24T06:29:15,048  INFO [main] ql.Driver: Executing command(queryId=alex_20240424062915_090a640b-56d6-4f71-9132-24195f462e3c): drop table if exists acidTbl
2024-04-24T06:29:15,048  INFO [main] ql.Driver: Starting task [Stage-0:DDL] in serial mode
2024-04-24T06:29:15,048  INFO [main] HiveMetaStore.audit: ugi=alex	ip=unknown-ip-addr	cmd=get_table : tbl=hive.default.acidTbl	
2024-04-24T06:29:15,051  INFO [main] metadata.Hive: Dumping metastore api call timing information for : execution phase
2024-04-24T06:29:15,051  INFO [main] metadata.Hive: Total time spent in each metastore function (ms): {isCompatibleWith_(Configuration)=0}
2024-04-24T06:29:15,051  INFO [main] ql.Driver: Completed executing command(queryId=alex_20240424062915_090a640b-56d6-4f71-9132-24195f462e3c); Time taken: 0.003 seconds
2024-04-24T06:29:15,051  INFO [main] lockmgr.DbTxnManager: Stopped heartbeat for query: alex_20240424062915_090a640b-56d6-4f71-9132-24195f462e3c
2024-04-24T06:29:15,057  INFO [main] txn.TxnHandler: Expected to move at least one record from txn_components to completed_txn_components when committing txn! txnid:1
2024-04-24T06:29:15,066  INFO [main] txn.TxnHandler: Removed transactions: ([1]) from MIN_HISTORY_LEVEL
2024-04-24T06:29:15,066  WARN [main] txn.CompactionTxnHandler: No compaction queue record found for Compaction type transaction commit. txnId:1
2024-04-24T06:29:15,066  INFO [main] ql.TxnCommandsBaseForTests: Running the query: drop table if exists acidTblPart
2024-04-24T06:29:15,067  INFO [main] ql.Driver: Compiling command(queryId=alex_20240424062915_ac1ca8a8-d8a3-4616-8f4d-3dd101425804): drop table if exists acidTblPart
2024-04-24T06:29:15,069  INFO [main] txn.TxnHandler: Added entries to MIN_HISTORY_LEVEL for current txns: ([2]) with min_open_txn: 1
2024-04-24T06:29:15,069  INFO [main] lockmgr.DbTxnManager: Opened txnid:2
2024-04-24T06:29:15,070  INFO [main] HiveMetaStore.audit: ugi=alex	ip=unknown-ip-addr	cmd=get_table : tbl=hive.default.acidTblPart	
2024-04-24T06:29:15,072  INFO [main] ql.Driver: Semantic Analysis Completed (retrial = false)
2024-04-24T06:29:15,073  INFO [main] ql.Driver: Created Hive schema: Schema(fieldSchemas:null, properties:null)
2024-04-24T06:29:15,073  INFO [main] metadata.Hive: Dumping metastore api call timing information for : compilation phase
2024-04-24T06:29:15,073  INFO [main] metadata.Hive: Total time spent in each metastore function (ms): {commitTxn_(CommitTxnRequest)=15, isCompatibleWith_(Configuration)=0, getValidTxns_(long)=0, flushCache_()=0, openTxn_(String, TxnType)=2}
2024-04-24T06:29:15,073  INFO [main] ql.Driver: Completed compiling command(queryId=alex_20240424062915_ac1ca8a8-d8a3-4616-8f4d-3dd101425804); Time taken: 0.006 seconds
2024-04-24T06:29:15,073  INFO [main] lockmgr.DbTxnManager: Setting lock request transaction to txnid:2 for queryId=alex_20240424062915_ac1ca8a8-d8a3-4616-8f4d-3dd101425804
2024-04-24T06:29:15,073  INFO [main] ql.Driver: Operation DROPTABLE obtained 0 locks
2024-04-24T06:29:15,073  INFO [main] ql.Driver: Executing command(queryId=alex_20240424062915_ac1ca8a8-d8a3-4616-8f4d-3dd101425804): drop table if exists acidTblPart
2024-04-24T06:29:15,073  INFO [main] ql.Driver: Starting task [Stage-0:DDL] in serial mode
2024-04-24T06:29:15,073  INFO [main] HiveMetaStore.audit: ugi=alex	ip=unknown-ip-addr	cmd=get_table : tbl=hive.default.acidTblPart	
2024-04-24T06:29:15,076  INFO [main] metadata.Hive: Dumping metastore api call timing information for : execution phase
2024-04-24T06:29:15,077  INFO [main] metadata.Hive: Total time spent in each metastore function (ms): {isCompatibleWith_(Configuration)=0}
2024-04-24T06:29:15,077  INFO [main] ql.Driver: Completed executing command(queryId=alex_20240424062915_ac1ca8a8-d8a3-4616-8f4d-3dd101425804); Time taken: 0.003 seconds
2024-04-24T06:29:15,077  INFO [main] lockmgr.DbTxnManager: Stopped heartbeat for query: alex_20240424062915_ac1ca8a8-d8a3-4616-8f4d-3dd101425804
2024-04-24T06:29:15,083  INFO [main] txn.TxnHandler: Expected to move at least one record from txn_components to completed_txn_components when committing txn! txnid:2
2024-04-24T06:29:15,091  INFO [main] txn.TxnHandler: Removed transactions: ([2]) from MIN_HISTORY_LEVEL
2024-04-24T06:29:15,091  WARN [main] txn.CompactionTxnHandler: No compaction queue record found for Compaction type transaction commit. txnId:2
2024-04-24T06:29:15,092  INFO [main] ql.TxnCommandsBaseForTests: Running the query: drop table if exists acidTbl2
2024-04-24T06:29:15,092  INFO [main] ql.Driver: Compiling command(queryId=alex_20240424062915_d200a237-747c-4f0e-bab6-a36a62c43299): drop table if exists acidTbl2
2024-04-24T06:29:15,094  INFO [main] txn.TxnHandler: Added entries to MIN_HISTORY_LEVEL for current txns: ([3]) with min_open_txn: 1
2024-04-24T06:29:15,094  INFO [main] lockmgr.DbTxnManager: Opened txnid:3
2024-04-24T06:29:15,095  INFO [main] HiveMetaStore.audit: ugi=alex	ip=unknown-ip-addr	cmd=get_table : tbl=hive.default.acidTbl2	
2024-04-24T06:29:15,097  INFO [main] ql.Driver: Semantic Analysis Completed (retrial = false)
2024-04-24T06:29:15,097  INFO [main] ql.Driver: Created Hive schema: Schema(fieldSchemas:null, properties:null)
2024-04-24T06:29:15,098  INFO [main] metadata.Hive: Dumping metastore api call timing information for : compilation phase
2024-04-24T06:29:15,098  INFO [main] metadata.Hive: Total time spent in each metastore function (ms): {isCompatibleWith_(Configuration)=0, flushCache_()=0, openTxn_(String, TxnType)=2, getValidTxns_(long)=1, commitTxn_(CommitTxnRequest)=14}
2024-04-24T06:29:15,098  INFO [main] ql.Driver: Completed compiling command(queryId=alex_20240424062915_d200a237-747c-4f0e-bab6-a36a62c43299); Time taken: 0.006 seconds
2024-04-24T06:29:15,098  INFO [main] lockmgr.DbTxnManager: Setting lock request transaction to txnid:3 for queryId=alex_20240424062915_d200a237-747c-4f0e-bab6-a36a62c43299
2024-04-24T06:29:15,098  INFO [main] ql.Driver: Operation DROPTABLE obtained 0 locks
2024-04-24T06:29:15,098  INFO [main] ql.Driver: Executing command(queryId=alex_20240424062915_d200a237-747c-4f0e-bab6-a36a62c43299): drop table if exists acidTbl2
2024-04-24T06:29:15,098  INFO [main] ql.Driver: Starting task [Stage-0:DDL] in serial mode
2024-04-24T06:29:15,098  INFO [main] HiveMetaStore.audit: ugi=alex	ip=unknown-ip-addr	cmd=get_table : tbl=hive.default.acidTbl2	
2024-04-24T06:29:15,101  INFO [main] metadata.Hive: Dumping metastore api call timing information for : execution phase
2024-04-24T06:29:15,101  INFO [main] metadata.Hive: Total time spent in each metastore function (ms): {isCompatibleWith_(Configuration)=0}
2024-04-24T06:29:15,102  INFO [main] ql.Driver: Completed executing command(queryId=alex_20240424062915_d200a237-747c-4f0e-bab6-a36a62c43299); Time taken: 0.003 seconds
2024-04-24T06:29:15,102  INFO [main] lockmgr.DbTxnManager: Stopped heartbeat for query: alex_20240424062915_d200a237-747c-4f0e-bab6-a36a62c43299
2024-04-24T06:29:15,108  INFO [main] txn.TxnHandler: Expected to move at least one record from txn_components to completed_txn_components when committing txn! txnid:3
2024-04-24T06:29:15,115  INFO [main] txn.TxnHandler: Removed transactions: ([3]) from MIN_HISTORY_LEVEL
2024-04-24T06:29:15,115  WARN [main] txn.CompactionTxnHandler: No compaction queue record found for Compaction type transaction commit. txnId:3
2024-04-24T06:29:15,115  INFO [main] ql.TxnCommandsBaseForTests: Running the query: drop table if exists nonAcidOrcTbl
2024-04-24T06:29:15,115  INFO [main] ql.Driver: Compiling command(queryId=alex_20240424062915_78c524ed-10a8-4f89-8559-5b967a213a04): drop table if exists nonAcidOrcTbl
2024-04-24T06:29:15,117  INFO [main] txn.TxnHandler: Added entries to MIN_HISTORY_LEVEL for current txns: ([4]) with min_open_txn: 1
2024-04-24T06:29:15,118  INFO [main] lockmgr.DbTxnManager: Opened txnid:4
2024-04-24T06:29:15,118  INFO [main] HiveMetaStore.audit: ugi=alex	ip=unknown-ip-addr	cmd=get_table : tbl=hive.default.nonAcidOrcTbl	
2024-04-24T06:29:15,121  INFO [main] ql.Driver: Semantic Analysis Completed (retrial = false)
2024-04-24T06:29:15,121  INFO [main] ql.Driver: Created Hive schema: Schema(fieldSchemas:null, properties:null)
2024-04-24T06:29:15,121  INFO [main] metadata.Hive: Dumping metastore api call timing information for : compilation phase
2024-04-24T06:29:15,121  INFO [main] metadata.Hive: Total time spent in each metastore function (ms): {flushCache_()=0, getValidTxns_(long)=0, isCompatibleWith_(Configuration)=0, commitTxn_(CommitTxnRequest)=13, openTxn_(String, TxnType)=2}
2024-04-24T06:29:15,121  INFO [main] ql.Driver: Completed compiling command(queryId=alex_20240424062915_78c524ed-10a8-4f89-8559-5b967a213a04); Time taken: 0.006 seconds
2024-04-24T06:29:15,121  INFO [main] lockmgr.DbTxnManager: Setting lock request transaction to txnid:4 for queryId=alex_20240424062915_78c524ed-10a8-4f89-8559-5b967a213a04
2024-04-24T06:29:15,121  INFO [main] ql.Driver: Operation DROPTABLE obtained 0 locks
2024-04-24T06:29:15,121  INFO [main] ql.Driver: Executing command(queryId=alex_20240424062915_78c524ed-10a8-4f89-8559-5b967a213a04): drop table if exists nonAcidOrcTbl
2024-04-24T06:29:15,122  INFO [main] ql.Driver: Starting task [Stage-0:DDL] in serial mode
2024-04-24T06:29:15,122  INFO [main] HiveMetaStore.audit: ugi=alex	ip=unknown-ip-addr	cmd=get_table : tbl=hive.default.nonAcidOrcTbl	
2024-04-24T06:29:15,125  INFO [main] metadata.Hive: Dumping metastore api call timing information for : execution phase
2024-04-24T06:29:15,125  INFO [main] metadata.Hive: Total time spent in each metastore function (ms): {isCompatibleWith_(Configuration)=0}
2024-04-24T06:29:15,125  INFO [main] ql.Driver: Completed executing command(queryId=alex_20240424062915_78c524ed-10a8-4f89-8559-5b967a213a04); Time taken: 0.004 seconds
2024-04-24T06:29:15,125  INFO [main] lockmgr.DbTxnManager: Stopped heartbeat for query: alex_20240424062915_78c524ed-10a8-4f89-8559-5b967a213a04
2024-04-24T06:29:15,131  INFO [main] txn.TxnHandler: Expected to move at least one record from txn_components to completed_txn_components when committing txn! txnid:4
2024-04-24T06:29:15,138  INFO [main] txn.TxnHandler: Removed transactions: ([4]) from MIN_HISTORY_LEVEL
2024-04-24T06:29:15,138  WARN [main] txn.CompactionTxnHandler: No compaction queue record found for Compaction type transaction commit. txnId:4
2024-04-24T06:29:15,139  INFO [main] ql.TxnCommandsBaseForTests: Running the query: drop table if exists nonAcidOrcTbl2
2024-04-24T06:29:15,139  INFO [main] ql.Driver: Compiling command(queryId=alex_20240424062915_5e7975ed-3685-4386-a596-63bbb67f7404): drop table if exists nonAcidOrcTbl2
2024-04-24T06:29:15,141  INFO [main] txn.TxnHandler: Added entries to MIN_HISTORY_LEVEL for current txns: ([5]) with min_open_txn: 1
2024-04-24T06:29:15,141  INFO [main] lockmgr.DbTxnManager: Opened txnid:5
2024-04-24T06:29:15,142  INFO [main] HiveMetaStore.audit: ugi=alex	ip=unknown-ip-addr	cmd=get_table : tbl=hive.default.nonAcidOrcTbl2	
2024-04-24T06:29:15,145  INFO [main] ql.Driver: Semantic Analysis Completed (retrial = false)
2024-04-24T06:29:15,145  INFO [main] ql.Driver: Created Hive schema: Schema(fieldSchemas:null, properties:null)
2024-04-24T06:29:15,145  INFO [main] metadata.Hive: Dumping metastore api call timing information for : compilation phase
2024-04-24T06:29:15,145  INFO [main] metadata.Hive: Total time spent in each metastore function (ms): {openTxn_(String, TxnType)=2, flushCache_()=0, isCompatibleWith_(Configuration)=0, getValidTxns_(long)=1, commitTxn_(CommitTxnRequest)=13}
2024-04-24T06:29:15,145  INFO [main] ql.Driver: Completed compiling command(queryId=alex_20240424062915_5e7975ed-3685-4386-a596-63bbb67f7404); Time taken: 0.006 seconds
2024-04-24T06:29:15,145  INFO [main] lockmgr.DbTxnManager: Setting lock request transaction to txnid:5 for queryId=alex_20240424062915_5e7975ed-3685-4386-a596-63bbb67f7404
2024-04-24T06:29:15,145  INFO [main] ql.Driver: Operation DROPTABLE obtained 0 locks
2024-04-24T06:29:15,145  INFO [main] ql.Driver: Executing command(queryId=alex_20240424062915_5e7975ed-3685-4386-a596-63bbb67f7404): drop table if exists nonAcidOrcTbl2
2024-04-24T06:29:15,145  INFO [main] ql.Driver: Starting task [Stage-0:DDL] in serial mode
2024-04-24T06:29:15,146  INFO [main] HiveMetaStore.audit: ugi=alex	ip=unknown-ip-addr	cmd=get_table : tbl=hive.default.nonAcidOrcTbl2	
2024-04-24T06:29:15,148  INFO [main] metadata.Hive: Dumping metastore api call timing information for : execution phase
2024-04-24T06:29:15,149  INFO [main] metadata.Hive: Total time spent in each metastore function (ms): {isCompatibleWith_(Configuration)=0}
2024-04-24T06:29:15,149  INFO [main] ql.Driver: Completed executing command(queryId=alex_20240424062915_5e7975ed-3685-4386-a596-63bbb67f7404); Time taken: 0.003 seconds
2024-04-24T06:29:15,149  INFO [main] lockmgr.DbTxnManager: Stopped heartbeat for query: alex_20240424062915_5e7975ed-3685-4386-a596-63bbb67f7404
2024-04-24T06:29:15,155  INFO [main] txn.TxnHandler: Expected to move at least one record from txn_components to completed_txn_components when committing txn! txnid:5
2024-04-24T06:29:15,162  INFO [main] txn.TxnHandler: Removed transactions: ([5]) from MIN_HISTORY_LEVEL
2024-04-24T06:29:15,162  WARN [main] txn.CompactionTxnHandler: No compaction queue record found for Compaction type transaction commit. txnId:5
2024-04-24T06:29:15,163  INFO [main] ql.TxnCommandsBaseForTests: Running the query: drop table if exists nonAcidNonBucket
2024-04-24T06:29:15,163  INFO [main] ql.Driver: Compiling command(queryId=alex_20240424062915_0490dfff-57ce-4efb-bf7e-a196c9455ceb): drop table if exists nonAcidNonBucket
2024-04-24T06:29:15,165  INFO [main] txn.TxnHandler: Added entries to MIN_HISTORY_LEVEL for current txns: ([6]) with min_open_txn: 1
2024-04-24T06:29:15,165  INFO [main] lockmgr.DbTxnManager: Opened txnid:6
2024-04-24T06:29:15,166  INFO [main] HiveMetaStore.audit: ugi=alex	ip=unknown-ip-addr	cmd=get_table : tbl=hive.default.nonAcidNonBucket	
2024-04-24T06:29:15,168  INFO [main] ql.Driver: Semantic Analysis Completed (retrial = false)
2024-04-24T06:29:15,169  INFO [main] ql.Driver: Created Hive schema: Schema(fieldSchemas:null, properties:null)
2024-04-24T06:29:15,169  INFO [main] metadata.Hive: Dumping metastore api call timing information for : compilation phase
2024-04-24T06:29:15,169  INFO [main] metadata.Hive: Total time spent in each metastore function (ms): {getValidTxns_(long)=1, openTxn_(String, TxnType)=2, flushCache_()=0, isCompatibleWith_(Configuration)=0, commitTxn_(CommitTxnRequest)=14}
2024-04-24T06:29:15,169  INFO [main] ql.Driver: Completed compiling command(queryId=alex_20240424062915_0490dfff-57ce-4efb-bf7e-a196c9455ceb); Time taken: 0.006 seconds
2024-04-24T06:29:15,169  INFO [main] lockmgr.DbTxnManager: Setting lock request transaction to txnid:6 for queryId=alex_20240424062915_0490dfff-57ce-4efb-bf7e-a196c9455ceb
2024-04-24T06:29:15,169  INFO [main] ql.Driver: Operation DROPTABLE obtained 0 locks
2024-04-24T06:29:15,169  INFO [main] ql.Driver: Executing command(queryId=alex_20240424062915_0490dfff-57ce-4efb-bf7e-a196c9455ceb): drop table if exists nonAcidNonBucket
2024-04-24T06:29:15,169  INFO [main] ql.Driver: Starting task [Stage-0:DDL] in serial mode
2024-04-24T06:29:15,169  INFO [main] HiveMetaStore.audit: ugi=alex	ip=unknown-ip-addr	cmd=get_table : tbl=hive.default.nonAcidNonBucket	
2024-04-24T06:29:15,172  INFO [main] metadata.Hive: Dumping metastore api call timing information for : execution phase
2024-04-24T06:29:15,172  INFO [main] metadata.Hive: Total time spent in each metastore function (ms): {isCompatibleWith_(Configuration)=0}
2024-04-24T06:29:15,172  INFO [main] ql.Driver: Completed executing command(queryId=alex_20240424062915_0490dfff-57ce-4efb-bf7e-a196c9455ceb); Time taken: 0.003 seconds
2024-04-24T06:29:15,172  INFO [main] lockmgr.DbTxnManager: Stopped heartbeat for query: alex_20240424062915_0490dfff-57ce-4efb-bf7e-a196c9455ceb
2024-04-24T06:29:15,179  INFO [main] txn.TxnHandler: Expected to move at least one record from txn_components to completed_txn_components when committing txn! txnid:6
2024-04-24T06:29:15,186  INFO [main] txn.TxnHandler: Removed transactions: ([6]) from MIN_HISTORY_LEVEL
2024-04-24T06:29:15,186  WARN [main] txn.CompactionTxnHandler: No compaction queue record found for Compaction type transaction commit. txnId:6
2024-04-24T06:29:15,186  INFO [main] ql.TxnCommandsBaseForTests: Running the query: create table acidTbl(a int, b int) clustered by (a) into 2 buckets stored as orc TBLPROPERTIES ('transactional'='true')
2024-04-24T06:29:15,186  INFO [main] ql.Driver: Compiling command(queryId=alex_20240424062915_438b5832-f248-4b5f-b7eb-77cf335f5857): create table acidTbl(a int, b int) clustered by (a) into 2 buckets stored as orc TBLPROPERTIES ('transactional'='true')
2024-04-24T06:29:15,189  INFO [main] txn.TxnHandler: Added entries to MIN_HISTORY_LEVEL for current txns: ([7]) with min_open_txn: 1
2024-04-24T06:29:15,189  INFO [main] lockmgr.DbTxnManager: Opened txnid:7
2024-04-24T06:29:15,189  INFO [main] parse.CalcitePlanner: Starting caching scope for: 
2024-04-24T06:29:15,189  INFO [main] parse.CalcitePlanner: Starting Semantic Analysis
2024-04-24T06:29:15,196  INFO [main] parse.CalcitePlanner: Creating table default.acidTbl position=13
2024-04-24T06:29:15,197  INFO [main] HiveMetaStore.audit: ugi=alex	ip=unknown-ip-addr	cmd=get_database: default	
2024-04-24T06:29:15,198  INFO [main] parse.CalcitePlanner: Ending caching scope for: 
2024-04-24T06:29:15,198  INFO [main] ql.Driver: Semantic Analysis Completed (retrial = false)
2024-04-24T06:29:15,198  INFO [main] ql.Driver: Created Hive schema: Schema(fieldSchemas:null, properties:null)
2024-04-24T06:29:15,198  INFO [main] metadata.Hive: Dumping metastore api call timing information for : compilation phase
2024-04-24T06:29:15,198  INFO [main] metadata.Hive: Total time spent in each metastore function (ms): {openTxn_(String, TxnType)=2, commitTxn_(CommitTxnRequest)=13, isCompatibleWith_(Configuration)=0, getValidWriteIds_(List, String)=6, flushCache_()=0, getValidTxns_(long)=0, getDatabase_(String)=1}
2024-04-24T06:29:15,199  INFO [main] ql.Driver: Completed compiling command(queryId=alex_20240424062915_438b5832-f248-4b5f-b7eb-77cf335f5857); Time taken: 0.012 seconds
2024-04-24T06:29:15,199  INFO [main] lockmgr.DbTxnManager: Setting lock request transaction to txnid:7 for queryId=alex_20240424062915_438b5832-f248-4b5f-b7eb-77cf335f5857
2024-04-24T06:29:15,199  INFO [main] lockmgr.DbLockManager: Requesting lock for queryId=alex_20240424062915_438b5832-f248-4b5f-b7eb-77cf335f5857
2024-04-24T06:29:15,220  INFO [main] lockmgr.DbLockManager: Response to queryId=alex_20240424062915_438b5832-f248-4b5f-b7eb-77cf335f5857 LockResponse(lockid:1, state:ACQUIRED)
2024-04-24T06:29:15,220  INFO [main] ql.Driver: Operation CREATETABLE obtained 1 locks
2024-04-24T06:29:15,220  INFO [main] ql.Driver: Executing command(queryId=alex_20240424062915_438b5832-f248-4b5f-b7eb-77cf335f5857): create table acidTbl(a int, b int) clustered by (a) into 2 buckets stored as orc TBLPROPERTIES ('transactional'='true')
2024-04-24T06:29:15,220  INFO [main] ql.Driver: Starting task [Stage-0:DDL] in serial mode
2024-04-24T06:29:15,221  INFO [main] HiveMetaStore.audit: ugi=alex	ip=unknown-ip-addr	cmd=create_table_req: Table(tableName:acidTbl, dbName:default, owner:alex, createTime:1713965355, lastAccessTime:0, retention:0, sd:StorageDescriptor(cols:[FieldSchema(name:a, type:int, comment:null), FieldSchema(name:b, type:int, comment:null)], location:null, inputFormat:org.apache.hadoop.hive.ql.io.orc.OrcInputFormat, outputFormat:org.apache.hadoop.hive.ql.io.orc.OrcOutputFormat, compressed:false, numBuckets:2, serdeInfo:SerDeInfo(name:null, serializationLib:org.apache.hadoop.hive.ql.io.orc.OrcSerde, parameters:{serialization.format=1}), bucketCols:[a], sortCols:[], parameters:{}, skewedInfo:SkewedInfo(skewedColNames:[], skewedColValues:[], skewedColValueLocationMaps:{}), storedAsSubDirectories:false), partitionKeys:[], parameters:{totalSize=0, COLUMN_STATS_ACCURATE={"BASIC_STATS":"true","COLUMN_STATS":{"a":"true","b":"true"}}, numFiles=0, transactional=true, numFilesErasureCoded=0, numRows=0, rawDataSize=0, bucketing_version=2}, viewOriginalText:null, viewExpandedText:null, tableType:MANAGED_TABLE, privileges:PrincipalPrivilegeSet(userPrivileges:{alex=[PrivilegeGrantInfo(privilege:INSERT, createTime:-1, grantor:alex, grantorType:USER, grantOption:true), PrivilegeGrantInfo(privilege:SELECT, createTime:-1, grantor:alex, grantorType:USER, grantOption:true), PrivilegeGrantInfo(privilege:UPDATE, createTime:-1, grantor:alex, grantorType:USER, grantOption:true), PrivilegeGrantInfo(privilege:DELETE, createTime:-1, grantor:alex, grantorType:USER, grantOption:true)]}, groupPrivileges:null, rolePrivileges:null), temporary:false, catName:hive, ownerType:USER, writeId:0)	
2024-04-24T06:29:15,226  INFO [main] utils.FileUtils: Creating directory if it doesn't exist: file:/home/alex/Repositories/hive/ql/target/tmp/org.apache.hadoop.hive.ql.TestTxnCommands-1713965238357/warehouse/acidtbl
2024-04-24T06:29:15,261  INFO [main] metadata.Hive: Dumping metastore api call timing information for : execution phase
2024-04-24T06:29:15,262  INFO [main] metadata.Hive: Total time spent in each metastore function (ms): {createTable_(Table)=40, isCompatibleWith_(Configuration)=0}
2024-04-24T06:29:15,262  INFO [main] ql.Driver: Completed executing command(queryId=alex_20240424062915_438b5832-f248-4b5f-b7eb-77cf335f5857); Time taken: 0.041 seconds
2024-04-24T06:29:15,262  INFO [main] lockmgr.DbTxnManager: Stopped heartbeat for query: alex_20240424062915_438b5832-f248-4b5f-b7eb-77cf335f5857
2024-04-24T06:29:15,266  INFO [main] txn.TxnHandler: Expected to move at least one record from txn_components to completed_txn_components when committing txn! txnid:7
2024-04-24T06:29:15,271  INFO [main] txn.TxnHandler: Removed transactions: ([7]) from MIN_HISTORY_LEVEL
2024-04-24T06:29:15,272  WARN [main] txn.CompactionTxnHandler: No compaction queue record found for Compaction type transaction commit. txnId:7
2024-04-24T06:29:15,272  INFO [main] ql.TxnCommandsBaseForTests: Running the query: create table acidTblPart(a int, b int) partitioned by (p string) clustered by (a) into 2 buckets stored as orc TBLPROPERTIES ('transactional'='true')
2024-04-24T06:29:15,272  INFO [main] ql.Driver: Compiling command(queryId=alex_20240424062915_17c4d26d-1223-4ff2-8a04-a6e5ec2d3a58): create table acidTblPart(a int, b int) partitioned by (p string) clustered by (a) into 2 buckets stored as orc TBLPROPERTIES ('transactional'='true')
2024-04-24T06:29:15,274  INFO [main] txn.TxnHandler: Added entries to MIN_HISTORY_LEVEL for current txns: ([8]) with min_open_txn: 1
2024-04-24T06:29:15,275  INFO [main] lockmgr.DbTxnManager: Opened txnid:8
2024-04-24T06:29:15,275  INFO [main] parse.CalcitePlanner: Starting caching scope for: 
2024-04-24T06:29:15,275  INFO [main] parse.CalcitePlanner: Starting Semantic Analysis
2024-04-24T06:29:15,277  INFO [main] parse.CalcitePlanner: Creating table default.acidTblPart position=13
2024-04-24T06:29:15,278  INFO [main] HiveMetaStore.audit: ugi=alex	ip=unknown-ip-addr	cmd=get_database: default	
2024-04-24T06:29:15,279  INFO [main] parse.CalcitePlanner: Ending caching scope for: 
2024-04-24T06:29:15,279  INFO [main] ql.Driver: Semantic Analysis Completed (retrial = false)
2024-04-24T06:29:15,280  INFO [main] ql.Driver: Created Hive schema: Schema(fieldSchemas:null, properties:null)
2024-04-24T06:29:15,280  INFO [main] metadata.Hive: Dumping metastore api call timing information for : compilation phase
2024-04-24T06:29:15,280  INFO [main] metadata.Hive: Total time spent in each metastore function (ms): {getDatabase_(String)=1, commitTxn_(CommitTxnRequest)=10, flushCache_()=0, getValidTxns_(long)=0, getValidWriteIds_(List, String)=2, isCompatibleWith_(Configuration)=0, openTxn_(String, TxnType)=2}
2024-04-24T06:29:15,280  INFO [main] ql.Driver: Completed compiling command(queryId=alex_20240424062915_17c4d26d-1223-4ff2-8a04-a6e5ec2d3a58); Time taken: 0.008 seconds
2024-04-24T06:29:15,280  INFO [main] lockmgr.DbTxnManager: Setting lock request transaction to txnid:8 for queryId=alex_20240424062915_17c4d26d-1223-4ff2-8a04-a6e5ec2d3a58
2024-04-24T06:29:15,280  INFO [main] lockmgr.DbLockManager: Requesting lock for queryId=alex_20240424062915_17c4d26d-1223-4ff2-8a04-a6e5ec2d3a58
2024-04-24T06:29:15,294  INFO [main] lockmgr.DbLockManager: Response to queryId=alex_20240424062915_17c4d26d-1223-4ff2-8a04-a6e5ec2d3a58 LockResponse(lockid:2, state:ACQUIRED)
2024-04-24T06:29:15,294  INFO [main] ql.Driver: Operation CREATETABLE obtained 1 locks
2024-04-24T06:29:15,295  INFO [main] ql.Driver: Executing command(queryId=alex_20240424062915_17c4d26d-1223-4ff2-8a04-a6e5ec2d3a58): create table acidTblPart(a int, b int) partitioned by (p string) clustered by (a) into 2 buckets stored as orc TBLPROPERTIES ('transactional'='true')
2024-04-24T06:29:15,295  INFO [main] ql.Driver: Starting task [Stage-0:DDL] in serial mode
2024-04-24T06:29:15,295  INFO [main] HiveMetaStore.audit: ugi=alex	ip=unknown-ip-addr	cmd=create_table_req: Table(tableName:acidTblPart, dbName:default, owner:alex, createTime:1713965355, lastAccessTime:0, retention:0, sd:StorageDescriptor(cols:[FieldSchema(name:a, type:int, comment:null), FieldSchema(name:b, type:int, comment:null)], location:null, inputFormat:org.apache.hadoop.hive.ql.io.orc.OrcInputFormat, outputFormat:org.apache.hadoop.hive.ql.io.orc.OrcOutputFormat, compressed:false, numBuckets:2, serdeInfo:SerDeInfo(name:null, serializationLib:org.apache.hadoop.hive.ql.io.orc.OrcSerde, parameters:{serialization.format=1}), bucketCols:[a], sortCols:[], parameters:{}, skewedInfo:SkewedInfo(skewedColNames:[], skewedColValues:[], skewedColValueLocationMaps:{}), storedAsSubDirectories:false), partitionKeys:[FieldSchema(name:p, type:string, comment:null)], parameters:{transactional=true, bucketing_version=2}, viewOriginalText:null, viewExpandedText:null, tableType:MANAGED_TABLE, privileges:PrincipalPrivilegeSet(userPrivileges:{alex=[PrivilegeGrantInfo(privilege:INSERT, createTime:-1, grantor:alex, grantorType:USER, grantOption:true), PrivilegeGrantInfo(privilege:SELECT, createTime:-1, grantor:alex, grantorType:USER, grantOption:true), PrivilegeGrantInfo(privilege:UPDATE, createTime:-1, grantor:alex, grantorType:USER, grantOption:true), PrivilegeGrantInfo(privilege:DELETE, createTime:-1, grantor:alex, grantorType:USER, grantOption:true)]}, groupPrivileges:null, rolePrivileges:null), temporary:false, catName:hive, ownerType:USER, writeId:0)	
2024-04-24T06:29:15,302  INFO [main] utils.FileUtils: Creating directory if it doesn't exist: file:/home/alex/Repositories/hive/ql/target/tmp/org.apache.hadoop.hive.ql.TestTxnCommands-1713965238357/warehouse/acidtblpart
2024-04-24T06:29:15,320  INFO [main] metadata.Hive: Dumping metastore api call timing information for : execution phase
2024-04-24T06:29:15,320  INFO [main] metadata.Hive: Total time spent in each metastore function (ms): {isCompatibleWith_(Configuration)=0, createTable_(Table)=24}
2024-04-24T06:29:15,320  INFO [main] ql.Driver: Completed executing command(queryId=alex_20240424062915_17c4d26d-1223-4ff2-8a04-a6e5ec2d3a58); Time taken: 0.025 seconds
2024-04-24T06:29:15,320  INFO [main] lockmgr.DbTxnManager: Stopped heartbeat for query: alex_20240424062915_17c4d26d-1223-4ff2-8a04-a6e5ec2d3a58
2024-04-24T06:29:15,324  INFO [main] txn.TxnHandler: Expected to move at least one record from txn_components to completed_txn_components when committing txn! txnid:8
2024-04-24T06:29:15,329  INFO [main] txn.TxnHandler: Removed transactions: ([8]) from MIN_HISTORY_LEVEL
2024-04-24T06:29:15,330  WARN [main] txn.CompactionTxnHandler: No compaction queue record found for Compaction type transaction commit. txnId:8
2024-04-24T06:29:15,330  INFO [main] ql.TxnCommandsBaseForTests: Running the query: create table nonAcidOrcTbl(a int, b int) clustered by (a) into 2 buckets stored as orc TBLPROPERTIES ('transactional'='false')
2024-04-24T06:29:15,330  INFO [main] ql.Driver: Compiling command(queryId=alex_20240424062915_fc8779e9-27a0-4c1c-9f54-1ea3bba9ca2a): create table nonAcidOrcTbl(a int, b int) clustered by (a) into 2 buckets stored as orc TBLPROPERTIES ('transactional'='false')
2024-04-24T06:29:15,332  INFO [main] txn.TxnHandler: Added entries to MIN_HISTORY_LEVEL for current txns: ([9]) with min_open_txn: 1
2024-04-24T06:29:15,333  INFO [main] lockmgr.DbTxnManager: Opened txnid:9
2024-04-24T06:29:15,333  INFO [main] parse.CalcitePlanner: Starting caching scope for: 
2024-04-24T06:29:15,333  INFO [main] parse.CalcitePlanner: Starting Semantic Analysis
2024-04-24T06:29:15,335  INFO [main] parse.CalcitePlanner: Creating table default.nonAcidOrcTbl position=13
2024-04-24T06:29:15,336  INFO [main] HiveMetaStore.audit: ugi=alex	ip=unknown-ip-addr	cmd=get_database: default	
2024-04-24T06:29:15,337  INFO [main] parse.CalcitePlanner: Ending caching scope for: 
2024-04-24T06:29:15,337  INFO [main] ql.Driver: Semantic Analysis Completed (retrial = false)
2024-04-24T06:29:15,337  INFO [main] ql.Driver: Created Hive schema: Schema(fieldSchemas:null, properties:null)
2024-04-24T06:29:15,337  INFO [main] metadata.Hive: Dumping metastore api call timing information for : compilation phase
2024-04-24T06:29:15,337  INFO [main] metadata.Hive: Total time spent in each metastore function (ms): {getValidTxns_(long)=0, getValidWriteIds_(List, String)=2, getDatabase_(String)=1, flushCache_()=0, openTxn_(String, TxnType)=2, isCompatibleWith_(Configuration)=0, commitTxn_(CommitTxnRequest)=10}
2024-04-24T06:29:15,337  INFO [main] ql.Driver: Completed compiling command(queryId=alex_20240424062915_fc8779e9-27a0-4c1c-9f54-1ea3bba9ca2a); Time taken: 0.007 seconds
2024-04-24T06:29:15,338  INFO [main] lockmgr.DbTxnManager: Setting lock request transaction to txnid:9 for queryId=alex_20240424062915_fc8779e9-27a0-4c1c-9f54-1ea3bba9ca2a
2024-04-24T06:29:15,338  INFO [main] lockmgr.DbLockManager: Requesting lock for queryId=alex_20240424062915_fc8779e9-27a0-4c1c-9f54-1ea3bba9ca2a
2024-04-24T06:29:15,355  INFO [main] lockmgr.DbLockManager: Response to queryId=alex_20240424062915_fc8779e9-27a0-4c1c-9f54-1ea3bba9ca2a LockResponse(lockid:3, state:ACQUIRED)
2024-04-24T06:29:15,355  INFO [main] ql.Driver: Operation CREATETABLE obtained 1 locks
2024-04-24T06:29:15,355  INFO [main] ql.Driver: Executing command(queryId=alex_20240424062915_fc8779e9-27a0-4c1c-9f54-1ea3bba9ca2a): create table nonAcidOrcTbl(a int, b int) clustered by (a) into 2 buckets stored as orc TBLPROPERTIES ('transactional'='false')
2024-04-24T06:29:15,355  INFO [main] ql.Driver: Starting task [Stage-0:DDL] in serial mode
2024-04-24T06:29:15,356  INFO [main] HiveMetaStore.audit: ugi=alex	ip=unknown-ip-addr	cmd=create_table_req: Table(tableName:nonAcidOrcTbl, dbName:default, owner:alex, createTime:1713965355, lastAccessTime:0, retention:0, sd:StorageDescriptor(cols:[FieldSchema(name:a, type:int, comment:null), FieldSchema(name:b, type:int, comment:null)], location:null, inputFormat:org.apache.hadoop.hive.ql.io.orc.OrcInputFormat, outputFormat:org.apache.hadoop.hive.ql.io.orc.OrcOutputFormat, compressed:false, numBuckets:2, serdeInfo:SerDeInfo(name:null, serializationLib:org.apache.hadoop.hive.ql.io.orc.OrcSerde, parameters:{serialization.format=1}), bucketCols:[a], sortCols:[], parameters:{}, skewedInfo:SkewedInfo(skewedColNames:[], skewedColValues:[], skewedColValueLocationMaps:{}), storedAsSubDirectories:false), partitionKeys:[], parameters:{numRows=0, numFilesErasureCoded=0, totalSize=0, transactional=false, numFiles=0, rawDataSize=0, COLUMN_STATS_ACCURATE={"BASIC_STATS":"true","COLUMN_STATS":{"a":"true","b":"true"}}, bucketing_version=2}, viewOriginalText:null, viewExpandedText:null, tableType:MANAGED_TABLE, privileges:PrincipalPrivilegeSet(userPrivileges:{alex=[PrivilegeGrantInfo(privilege:INSERT, createTime:-1, grantor:alex, grantorType:USER, grantOption:true), PrivilegeGrantInfo(privilege:SELECT, createTime:-1, grantor:alex, grantorType:USER, grantOption:true), PrivilegeGrantInfo(privilege:UPDATE, createTime:-1, grantor:alex, grantorType:USER, grantOption:true), PrivilegeGrantInfo(privilege:DELETE, createTime:-1, grantor:alex, grantorType:USER, grantOption:true)]}, groupPrivileges:null, rolePrivileges:null), temporary:false, catName:hive, ownerType:USER)	
2024-04-24T06:29:15,361  INFO [main] utils.FileUtils: Creating directory if it doesn't exist: file:/home/alex/Repositories/hive/ql/target/tmp/org.apache.hadoop.hive.ql.TestTxnCommands-1713965238357/warehouse/nonacidorctbl
2024-04-24T06:29:15,374  INFO [main] metadata.Hive: Dumping metastore api call timing information for : execution phase
2024-04-24T06:29:15,374  INFO [main] metadata.Hive: Total time spent in each metastore function (ms): {createTable_(Table)=17, isCompatibleWith_(Configuration)=0}
2024-04-24T06:29:15,374  INFO [main] ql.Driver: Completed executing command(queryId=alex_20240424062915_fc8779e9-27a0-4c1c-9f54-1ea3bba9ca2a); Time taken: 0.019 seconds
2024-04-24T06:29:15,374  INFO [main] lockmgr.DbTxnManager: Stopped heartbeat for query: alex_20240424062915_fc8779e9-27a0-4c1c-9f54-1ea3bba9ca2a
2024-04-24T06:29:15,378  INFO [main] txn.TxnHandler: Expected to move at least one record from txn_components to completed_txn_components when committing txn! txnid:9
2024-04-24T06:29:15,384  INFO [main] txn.TxnHandler: Removed transactions: ([9]) from MIN_HISTORY_LEVEL
2024-04-24T06:29:15,384  WARN [main] txn.CompactionTxnHandler: No compaction queue record found for Compaction type transaction commit. txnId:9
2024-04-24T06:29:15,384  INFO [main] ql.TxnCommandsBaseForTests: Running the query: create table nonAcidOrcTbl2(a int, b int) clustered by (a) into 2 buckets stored as orc TBLPROPERTIES ('transactional'='false')
2024-04-24T06:29:15,384  INFO [main] ql.Driver: Compiling command(queryId=alex_20240424062915_d66df514-a939-4c80-aee8-28b1318fb6b3): create table nonAcidOrcTbl2(a int, b int) clustered by (a) into 2 buckets stored as orc TBLPROPERTIES ('transactional'='false')
2024-04-24T06:29:15,387  INFO [main] txn.TxnHandler: Added entries to MIN_HISTORY_LEVEL for current txns: ([10]) with min_open_txn: 1
2024-04-24T06:29:15,387  INFO [main] lockmgr.DbTxnManager: Opened txnid:10
2024-04-24T06:29:15,387  INFO [main] parse.CalcitePlanner: Starting caching scope for: 
2024-04-24T06:29:15,387  INFO [main] parse.CalcitePlanner: Starting Semantic Analysis
2024-04-24T06:29:15,391  INFO [main] parse.CalcitePlanner: Creating table default.nonAcidOrcTbl2 position=13
2024-04-24T06:29:15,391  INFO [main] HiveMetaStore.audit: ugi=alex	ip=unknown-ip-addr	cmd=get_database: default	
2024-04-24T06:29:15,393  INFO [main] parse.CalcitePlanner: Ending caching scope for: 
2024-04-24T06:29:15,393  INFO [main] ql.Driver: Semantic Analysis Completed (retrial = false)
2024-04-24T06:29:15,393  INFO [main] ql.Driver: Created Hive schema: Schema(fieldSchemas:null, properties:null)
2024-04-24T06:29:15,393  INFO [main] metadata.Hive: Dumping metastore api call timing information for : compilation phase
2024-04-24T06:29:15,393  INFO [main] metadata.Hive: Total time spent in each metastore function (ms): {openTxn_(String, TxnType)=2, getDatabase_(String)=2, getValidTxns_(long)=0, flushCache_()=0, getValidWriteIds_(List, String)=3, commitTxn_(CommitTxnRequest)=10, isCompatibleWith_(Configuration)=0}
2024-04-24T06:29:15,393  INFO [main] ql.Driver: Completed compiling command(queryId=alex_20240424062915_d66df514-a939-4c80-aee8-28b1318fb6b3); Time taken: 0.009 seconds
2024-04-24T06:29:15,393  INFO [main] lockmgr.DbTxnManager: Setting lock request transaction to txnid:10 for queryId=alex_20240424062915_d66df514-a939-4c80-aee8-28b1318fb6b3
2024-04-24T06:29:15,394  INFO [main] lockmgr.DbLockManager: Requesting lock for queryId=alex_20240424062915_d66df514-a939-4c80-aee8-28b1318fb6b3
2024-04-24T06:29:15,412  INFO [main] lockmgr.DbLockManager: Response to queryId=alex_20240424062915_d66df514-a939-4c80-aee8-28b1318fb6b3 LockResponse(lockid:4, state:ACQUIRED)
2024-04-24T06:29:15,412  INFO [main] ql.Driver: Operation CREATETABLE obtained 1 locks
2024-04-24T06:29:15,412  INFO [main] ql.Driver: Executing command(queryId=alex_20240424062915_d66df514-a939-4c80-aee8-28b1318fb6b3): create table nonAcidOrcTbl2(a int, b int) clustered by (a) into 2 buckets stored as orc TBLPROPERTIES ('transactional'='false')
2024-04-24T06:29:15,412  INFO [main] ql.Driver: Starting task [Stage-0:DDL] in serial mode
2024-04-24T06:29:15,413  INFO [main] HiveMetaStore.audit: ugi=alex	ip=unknown-ip-addr	cmd=create_table_req: Table(tableName:nonAcidOrcTbl2, dbName:default, owner:alex, createTime:1713965355, lastAccessTime:0, retention:0, sd:StorageDescriptor(cols:[FieldSchema(name:a, type:int, comment:null), FieldSchema(name:b, type:int, comment:null)], location:null, inputFormat:org.apache.hadoop.hive.ql.io.orc.OrcInputFormat, outputFormat:org.apache.hadoop.hive.ql.io.orc.OrcOutputFormat, compressed:false, numBuckets:2, serdeInfo:SerDeInfo(name:null, serializationLib:org.apache.hadoop.hive.ql.io.orc.OrcSerde, parameters:{serialization.format=1}), bucketCols:[a], sortCols:[], parameters:{}, skewedInfo:SkewedInfo(skewedColNames:[], skewedColValues:[], skewedColValueLocationMaps:{}), storedAsSubDirectories:false), partitionKeys:[], parameters:{transactional=false, bucketing_version=2, rawDataSize=0, COLUMN_STATS_ACCURATE={"BASIC_STATS":"true","COLUMN_STATS":{"a":"true","b":"true"}}, numFiles=0, totalSize=0, numFilesErasureCoded=0, numRows=0}, viewOriginalText:null, viewExpandedText:null, tableType:MANAGED_TABLE, privileges:PrincipalPrivilegeSet(userPrivileges:{alex=[PrivilegeGrantInfo(privilege:INSERT, createTime:-1, grantor:alex, grantorType:USER, grantOption:true), PrivilegeGrantInfo(privilege:SELECT, createTime:-1, grantor:alex, grantorType:USER, grantOption:true), PrivilegeGrantInfo(privilege:UPDATE, createTime:-1, grantor:alex, grantorType:USER, grantOption:true), PrivilegeGrantInfo(privilege:DELETE, createTime:-1, grantor:alex, grantorType:USER, grantOption:true)]}, groupPrivileges:null, rolePrivileges:null), temporary:false, catName:hive, ownerType:USER)	
2024-04-24T06:29:15,419  INFO [main] utils.FileUtils: Creating directory if it doesn't exist: file:/home/alex/Repositories/hive/ql/target/tmp/org.apache.hadoop.hive.ql.TestTxnCommands-1713965238357/warehouse/nonacidorctbl2
2024-04-24T06:29:15,432  INFO [main] metadata.Hive: Dumping metastore api call timing information for : execution phase
2024-04-24T06:29:15,432  INFO [main] metadata.Hive: Total time spent in each metastore function (ms): {isCompatibleWith_(Configuration)=1, createTable_(Table)=19}
2024-04-24T06:29:15,433  INFO [main] ql.Driver: Completed executing command(queryId=alex_20240424062915_d66df514-a939-4c80-aee8-28b1318fb6b3); Time taken: 0.02 seconds
2024-04-24T06:29:15,433  INFO [main] lockmgr.DbTxnManager: Stopped heartbeat for query: alex_20240424062915_d66df514-a939-4c80-aee8-28b1318fb6b3
2024-04-24T06:29:15,437  INFO [main] txn.TxnHandler: Expected to move at least one record from txn_components to completed_txn_components when committing txn! txnid:10
2024-04-24T06:29:15,445  INFO [main] txn.TxnHandler: Removed transactions: ([10]) from MIN_HISTORY_LEVEL
2024-04-24T06:29:15,445  WARN [main] txn.CompactionTxnHandler: No compaction queue record found for Compaction type transaction commit. txnId:10
2024-04-24T06:29:15,445  INFO [main] ql.TxnCommandsBaseForTests: Running the query: create temporary  table acidTbl2(a int, b int, c int) clustered by (c) into 2 buckets stored as orc TBLPROPERTIES ('transactional'='true')
2024-04-24T06:29:15,446  INFO [main] ql.Driver: Compiling command(queryId=alex_20240424062915_395272b3-f5d9-455f-9b18-4471036764cf): create temporary  table acidTbl2(a int, b int, c int) clustered by (c) into 2 buckets stored as orc TBLPROPERTIES ('transactional'='true')
2024-04-24T06:29:15,448  INFO [main] txn.TxnHandler: Added entries to MIN_HISTORY_LEVEL for current txns: ([11]) with min_open_txn: 1
2024-04-24T06:29:15,448  INFO [main] lockmgr.DbTxnManager: Opened txnid:11
2024-04-24T06:29:15,449  INFO [main] parse.CalcitePlanner: Starting caching scope for: 
2024-04-24T06:29:15,449  INFO [main] parse.CalcitePlanner: Starting Semantic Analysis
2024-04-24T06:29:15,451  INFO [main] parse.CalcitePlanner: Creating table default.acidTbl2 position=24
2024-04-24T06:29:15,452  INFO [main] HiveMetaStore.audit: ugi=alex	ip=unknown-ip-addr	cmd=get_database: default	
2024-04-24T06:29:15,453  INFO [main] parse.CalcitePlanner: Ending caching scope for: 
2024-04-24T06:29:15,453  INFO [main] ql.Driver: Semantic Analysis Completed (retrial = false)
2024-04-24T06:29:15,453  INFO [main] ql.Driver: Created Hive schema: Schema(fieldSchemas:null, properties:null)
2024-04-24T06:29:15,453  INFO [main] metadata.Hive: Dumping metastore api call timing information for : compilation phase
2024-04-24T06:29:15,453  INFO [main] metadata.Hive: Total time spent in each metastore function (ms): {getDatabase_(String)=1, flushCache_()=0, commitTxn_(CommitTxnRequest)=12, getValidWriteIds_(List, String)=2, isCompatibleWith_(Configuration)=1, getValidTxns_(long)=0, openTxn_(String, TxnType)=2}
2024-04-24T06:29:15,454  INFO [main] ql.Driver: Completed compiling command(queryId=alex_20240424062915_395272b3-f5d9-455f-9b18-4471036764cf); Time taken: 0.008 seconds
2024-04-24T06:29:15,454  INFO [main] lockmgr.DbTxnManager: Setting lock request transaction to txnid:11 for queryId=alex_20240424062915_395272b3-f5d9-455f-9b18-4471036764cf
2024-04-24T06:29:15,454  INFO [main] lockmgr.DbLockManager: Requesting lock for queryId=alex_20240424062915_395272b3-f5d9-455f-9b18-4471036764cf
2024-04-24T06:29:15,470  INFO [main] lockmgr.DbLockManager: Response to queryId=alex_20240424062915_395272b3-f5d9-455f-9b18-4471036764cf LockResponse(lockid:5, state:ACQUIRED)
2024-04-24T06:29:15,470  INFO [main] ql.Driver: Operation CREATETABLE obtained 1 locks
2024-04-24T06:29:15,471  INFO [main] ql.Driver: Executing command(queryId=alex_20240424062915_395272b3-f5d9-455f-9b18-4471036764cf): create temporary  table acidTbl2(a int, b int, c int) clustered by (c) into 2 buckets stored as orc TBLPROPERTIES ('transactional'='true')
2024-04-24T06:29:15,471  INFO [main] ql.Driver: Starting task [Stage-0:DDL] in serial mode
2024-04-24T06:29:15,472  INFO [main] utils.FileUtils: Creating directory if it doesn't exist: file:/home/alex/Repositories/hive/ql/target/tmp/scratchdir/alex/e1d768bc-fd8a-42ca-8d65-c72c97f95154/_tmp_space.db/7ad0543e-65b8-4f97-84ee-5b7e9ae9f05d
2024-04-24T06:29:15,475  INFO [main] metadata.Hive: Dumping metastore api call timing information for : execution phase
2024-04-24T06:29:15,475  INFO [main] metadata.Hive: Total time spent in each metastore function (ms): {isCompatibleWith_(Configuration)=0, createTable_(Table)=2}
2024-04-24T06:29:15,475  INFO [main] ql.Driver: Completed executing command(queryId=alex_20240424062915_395272b3-f5d9-455f-9b18-4471036764cf); Time taken: 0.004 seconds
2024-04-24T06:29:15,475  INFO [main] lockmgr.DbTxnManager: Stopped heartbeat for query: alex_20240424062915_395272b3-f5d9-455f-9b18-4471036764cf
2024-04-24T06:29:15,480  INFO [main] txn.TxnHandler: Expected to move at least one record from txn_components to completed_txn_components when committing txn! txnid:11
2024-04-24T06:29:15,492  INFO [main] txn.TxnHandler: Removed transactions: ([11]) from MIN_HISTORY_LEVEL
2024-04-24T06:29:15,492  WARN [main] txn.CompactionTxnHandler: No compaction queue record found for Compaction type transaction commit. txnId:11
2024-04-24T06:29:15,493  INFO [main] ql.TxnCommandsBaseForTests: Running the query: create table nonAcidNonBucket(a int, b int) stored as orc TBLPROPERTIES ('transactional'='false')
2024-04-24T06:29:15,493  INFO [main] ql.Driver: Compiling command(queryId=alex_20240424062915_8979cc82-90a6-4359-91fc-8aa2ac4ca24c): create table nonAcidNonBucket(a int, b int) stored as orc TBLPROPERTIES ('transactional'='false')
2024-04-24T06:29:15,497  INFO [main] txn.TxnHandler: Added entries to MIN_HISTORY_LEVEL for current txns: ([12]) with min_open_txn: 1
2024-04-24T06:29:15,497  INFO [main] lockmgr.DbTxnManager: Opened txnid:12
2024-04-24T06:29:15,498  INFO [main] parse.CalcitePlanner: Starting caching scope for: 
2024-04-24T06:29:15,498  INFO [main] parse.CalcitePlanner: Starting Semantic Analysis
2024-04-24T06:29:15,502  INFO [main] parse.CalcitePlanner: Creating table default.nonAcidNonBucket position=13
2024-04-24T06:29:15,502  INFO [main] HiveMetaStore.audit: ugi=alex	ip=unknown-ip-addr	cmd=get_database: default	
2024-04-24T06:29:15,505  INFO [main] parse.CalcitePlanner: Ending caching scope for: 
2024-04-24T06:29:15,505  INFO [main] ql.Driver: Semantic Analysis Completed (retrial = false)
2024-04-24T06:29:15,505  INFO [main] ql.Driver: Created Hive schema: Schema(fieldSchemas:null, properties:null)
2024-04-24T06:29:15,505  INFO [main] metadata.Hive: Dumping metastore api call timing information for : compilation phase
2024-04-24T06:29:15,505  INFO [main] metadata.Hive: Total time spent in each metastore function (ms): {commitTxn_(CommitTxnRequest)=18, isCompatibleWith_(Configuration)=0, getValidWriteIds_(List, String)=4, getValidTxns_(long)=1, flushCache_()=0, getDatabase_(String)=3, openTxn_(String, TxnType)=3}
2024-04-24T06:29:15,505  INFO [main] ql.Driver: Completed compiling command(queryId=alex_20240424062915_8979cc82-90a6-4359-91fc-8aa2ac4ca24c); Time taken: 0.012 seconds
2024-04-24T06:29:15,506  INFO [main] lockmgr.DbTxnManager: Setting lock request transaction to txnid:12 for queryId=alex_20240424062915_8979cc82-90a6-4359-91fc-8aa2ac4ca24c
2024-04-24T06:29:15,506  INFO [main] lockmgr.DbLockManager: Requesting lock for queryId=alex_20240424062915_8979cc82-90a6-4359-91fc-8aa2ac4ca24c
2024-04-24T06:29:15,528  INFO [main] lockmgr.DbLockManager: Response to queryId=alex_20240424062915_8979cc82-90a6-4359-91fc-8aa2ac4ca24c LockResponse(lockid:6, state:ACQUIRED)
2024-04-24T06:29:15,528  INFO [main] ql.Driver: Operation CREATETABLE obtained 1 locks
2024-04-24T06:29:15,528  INFO [main] ql.Driver: Executing command(queryId=alex_20240424062915_8979cc82-90a6-4359-91fc-8aa2ac4ca24c): create table nonAcidNonBucket(a int, b int) stored as orc TBLPROPERTIES ('transactional'='false')
2024-04-24T06:29:15,529  INFO [main] ql.Driver: Starting task [Stage-0:DDL] in serial mode
2024-04-24T06:29:15,530  INFO [main] HiveMetaStore.audit: ugi=alex	ip=unknown-ip-addr	cmd=create_table_req: Table(tableName:nonAcidNonBucket, dbName:default, owner:alex, createTime:1713965355, lastAccessTime:0, retention:0, sd:StorageDescriptor(cols:[FieldSchema(name:a, type:int, comment:null), FieldSchema(name:b, type:int, comment:null)], location:null, inputFormat:org.apache.hadoop.hive.ql.io.orc.OrcInputFormat, outputFormat:org.apache.hadoop.hive.ql.io.orc.OrcOutputFormat, compressed:false, numBuckets:-1, serdeInfo:SerDeInfo(name:null, serializationLib:org.apache.hadoop.hive.ql.io.orc.OrcSerde, parameters:{serialization.format=1}), bucketCols:[], sortCols:[], parameters:{}, skewedInfo:SkewedInfo(skewedColNames:[], skewedColValues:[], skewedColValueLocationMaps:{}), storedAsSubDirectories:false), partitionKeys:[], parameters:{bucketing_version=2, rawDataSize=0, COLUMN_STATS_ACCURATE={"BASIC_STATS":"true","COLUMN_STATS":{"a":"true","b":"true"}}, numRows=0, totalSize=0, transactional=false, numFiles=0, numFilesErasureCoded=0}, viewOriginalText:null, viewExpandedText:null, tableType:MANAGED_TABLE, privileges:PrincipalPrivilegeSet(userPrivileges:{alex=[PrivilegeGrantInfo(privilege:INSERT, createTime:-1, grantor:alex, grantorType:USER, grantOption:true), PrivilegeGrantInfo(privilege:SELECT, createTime:-1, grantor:alex, grantorType:USER, grantOption:true), PrivilegeGrantInfo(privilege:UPDATE, createTime:-1, grantor:alex, grantorType:USER, grantOption:true), PrivilegeGrantInfo(privilege:DELETE, createTime:-1, grantor:alex, grantorType:USER, grantOption:true)]}, groupPrivileges:null, rolePrivileges:null), temporary:false, catName:hive, ownerType:USER)	
2024-04-24T06:29:15,535  INFO [main] utils.FileUtils: Creating directory if it doesn't exist: file:/home/alex/Repositories/hive/ql/target/tmp/org.apache.hadoop.hive.ql.TestTxnCommands-1713965238357/warehouse/nonacidnonbucket
2024-04-24T06:29:15,549  INFO [main] metadata.Hive: Dumping metastore api call timing information for : execution phase
2024-04-24T06:29:15,549  INFO [main] metadata.Hive: Total time spent in each metastore function (ms): {isCompatibleWith_(Configuration)=0, createTable_(Table)=19}
2024-04-24T06:29:15,549  INFO [main] ql.Driver: Completed executing command(queryId=alex_20240424062915_8979cc82-90a6-4359-91fc-8aa2ac4ca24c); Time taken: 0.021 seconds
2024-04-24T06:29:15,549  INFO [main] lockmgr.DbTxnManager: Stopped heartbeat for query: alex_20240424062915_8979cc82-90a6-4359-91fc-8aa2ac4ca24c
2024-04-24T06:29:15,553  INFO [main] txn.TxnHandler: Expected to move at least one record from txn_components to completed_txn_components when committing txn! txnid:12
2024-04-24T06:29:15,561  INFO [main] txn.TxnHandler: Removed transactions: ([12]) from MIN_HISTORY_LEVEL
2024-04-24T06:29:15,561  WARN [main] txn.CompactionTxnHandler: No compaction queue record found for Compaction type transaction commit. txnId:12
2024-04-24T06:29:15,562  INFO [main] ql.TxnCommandsBaseForTests: Running the query: START TRANSACTION
2024-04-24T06:29:15,562  INFO [main] ql.Driver: Compiling command(queryId=alex_20240424062915_11f0c989-c9db-4231-b243-ce977c022037): START TRANSACTION
2024-04-24T06:29:15,564  INFO [main] txn.TxnHandler: Added entries to MIN_HISTORY_LEVEL for current txns: ([13]) with min_open_txn: 1
2024-04-24T06:29:15,564  INFO [main] lockmgr.DbTxnManager: Opened txnid:13
2024-04-24T06:29:15,565  INFO [main] parse.CalcitePlanner: Starting caching scope for: 
2024-04-24T06:29:15,565  INFO [main] parse.CalcitePlanner: Starting Semantic Analysis
2024-04-24T06:29:15,565  INFO [main] parse.CalcitePlanner: Ending caching scope for: 
2024-04-24T06:29:15,565  INFO [main] ql.Driver: Semantic Analysis Completed (retrial = false)
2024-04-24T06:29:15,565  INFO [main] ql.Driver: Created Hive schema: Schema(fieldSchemas:null, properties:null)
2024-04-24T06:29:15,565  INFO [main] metadata.Hive: Dumping metastore api call timing information for : compilation phase
2024-04-24T06:29:15,565  INFO [main] metadata.Hive: Total time spent in each metastore function (ms): {getValidWriteIds_(List, String)=0, commitTxn_(CommitTxnRequest)=13, flushCache_()=0, getValidTxns_(long)=0, openTxn_(String, TxnType)=2, isCompatibleWith_(Configuration)=1}
2024-04-24T06:29:15,565  INFO [main] ql.Driver: Completed compiling command(queryId=alex_20240424062915_11f0c989-c9db-4231-b243-ce977c022037); Time taken: 0.003 seconds
2024-04-24T06:29:15,566  INFO [main] lockmgr.DbTxnManager: Setting lock request transaction to txnid:13 for queryId=alex_20240424062915_11f0c989-c9db-4231-b243-ce977c022037
2024-04-24T06:29:15,566  INFO [main] ql.Driver: Operation START_TRANSACTION obtained 0 locks
2024-04-24T06:29:15,566  INFO [main] ql.Driver: Executing command(queryId=alex_20240424062915_11f0c989-c9db-4231-b243-ce977c022037): START TRANSACTION
2024-04-24T06:29:15,566  INFO [main] metadata.Hive: Dumping metastore api call timing information for : execution phase
2024-04-24T06:29:15,566  INFO [main] metadata.Hive: Total time spent in each metastore function (ms): {}
2024-04-24T06:29:15,566  INFO [main] ql.Driver: Completed executing command(queryId=alex_20240424062915_11f0c989-c9db-4231-b243-ce977c022037); Time taken: 0.0 seconds
2024-04-24T06:29:15,566  INFO [main] ql.TxnCommandsBaseForTests: Running the query: insert into acidTbl(a,b)  values(1,2),(3,4)
2024-04-24T06:29:15,566  INFO [main] ql.Driver: Compiling command(queryId=alex_20240424062915_3ba7faa9-914b-421c-8e67-0ca92f31c0f9): insert into acidTbl(a,b)  values(1,2),(3,4)
2024-04-24T06:29:15,567  INFO [main] parse.CalcitePlanner: Starting caching scope for: 
2024-04-24T06:29:15,567  INFO [main] parse.CalcitePlanner: Starting Semantic Analysis
2024-04-24T06:29:15,570  INFO [main] HiveMetaStore.audit: ugi=alex	ip=unknown-ip-addr	cmd=get_table : tbl=hive.default.acidTbl	
2024-04-24T06:29:15,592  INFO [main] metastore.HMSHandler: Skipping translation for processor with null
2024-04-24T06:29:15,592  INFO [main] parse.CalcitePlanner: Completed phase 1 of Semantic Analysis
2024-04-24T06:29:15,592  INFO [main] parse.CalcitePlanner: Get metadata for source tables
2024-04-24T06:29:15,592  INFO [main] parse.CalcitePlanner: Get metadata for subqueries
2024-04-24T06:29:15,592  INFO [main] parse.CalcitePlanner: Get metadata for destination tables
2024-04-24T06:29:15,592  INFO [main] HiveMetaStore.audit: ugi=alex	ip=unknown-ip-addr	cmd=get_table : tbl=hive.default.acidTbl	
2024-04-24T06:29:15,598  INFO [main] metastore.HMSHandler: Skipping translation for processor with null
2024-04-24T06:29:15,598  INFO [main] parse.CalcitePlanner: Completed getting MetaData in Semantic Analysis
2024-04-24T06:29:15,598  INFO [main] parse.CalcitePlanner: Disabling LLAP IO encode as ETL query is detected
2024-04-24T06:29:15,617  INFO [main] HiveMetaStore.audit: ugi=alex	ip=unknown-ip-addr	cmd=get_all_table_constraints : tbl=hive._dummy_database._dummy_table	
2024-04-24T06:29:15,701  INFO [main] parse.CalcitePlanner: Get metadata for source tables
2024-04-24T06:29:15,701  INFO [main] parse.CalcitePlanner: Get metadata for subqueries
2024-04-24T06:29:15,701  INFO [main] parse.CalcitePlanner: Get metadata for source tables
2024-04-24T06:29:15,701  INFO [main] HiveMetaStore.audit: ugi=alex	ip=unknown-ip-addr	cmd=get_table : tbl=hive._dummy_database._dummy_table	
2024-04-24T06:29:15,703  INFO [main] parse.CalcitePlanner: Get metadata for subqueries
2024-04-24T06:29:15,703  INFO [main] parse.CalcitePlanner: Get metadata for destination tables
2024-04-24T06:29:15,703  INFO [main] parse.CalcitePlanner: Get metadata for destination tables
2024-04-24T06:29:15,704  INFO [main] HiveMetaStore.audit: ugi=alex	ip=unknown-ip-addr	cmd=get_table : tbl=hive.default.acidTbl	
2024-04-24T06:29:15,710  INFO [main] metastore.HMSHandler: Skipping translation for processor with null
2024-04-24T06:29:15,712  INFO [main] HiveMetaStore.audit: ugi=alex	ip=unknown-ip-addr	cmd=get_not_null_constraints : tbl=hive.default.acidtbl	
2024-04-24T06:29:15,713  INFO [main] HiveMetaStore.audit: ugi=alex	ip=unknown-ip-addr	cmd=get_check_constraints : tbl=hive.default.acidtbl	
2024-04-24T06:29:15,723  INFO [main] txn.TxnHandler: Allocated writeId: 1 for txnId: 13
2024-04-24T06:29:15,724  INFO [main] txn.TxnHandler: Allocated write ids for dbName=default, tblName=acidtbl (txnIds: [13])
2024-04-24T06:29:15,724  INFO [main] parse.CalcitePlanner: CBO Succeeded; optimized logical plan.
2024-04-24T06:29:15,727  INFO [main] optimizer.ColumnPrunerProcFactory: RS 4 oldColExprMap: {VALUE._col0=Column[_col1], KEY.reducesinkkey0=Column[_col0]}
2024-04-24T06:29:15,727  INFO [main] optimizer.ColumnPrunerProcFactory: RS 4 newColExprMap: {VALUE._col0=Column[_col1], KEY.reducesinkkey0=Column[_col0]}
2024-04-24T06:29:15,728  INFO [main] optimizer.BucketVersionPopulator: not considering bucketingVersion for: TS[0] because it has -1<2 buckets 
2024-04-24T06:29:15,729  INFO [main] optimizer.SortedDynPartitionOptimizer: Sorted dynamic partitioning optimization kicked in..
2024-04-24T06:29:15,737  INFO [main] HiveMetaStore.audit: ugi=alex	ip=unknown-ip-addr	cmd=get_table : tbl=hive.default.acidtbl	
2024-04-24T06:29:15,744  INFO [main] metastore.HMSHandler: Skipping translation for processor with null
2024-04-24T06:29:15,744  INFO [main] parse.CalcitePlanner: Completed plan generation
2024-04-24T06:29:15,744  INFO [main] parse.CalcitePlanner: Ending caching scope for: 
2024-04-24T06:29:15,744  INFO [main] ql.Driver: Semantic Analysis Completed (retrial = false)
2024-04-24T06:29:15,744  INFO [main] ql.Driver: Created Hive schema: Schema(fieldSchemas:[FieldSchema(name:_col0, type:int, comment:null), FieldSchema(name:_col1, type:int, comment:null)], properties:null)
2024-04-24T06:29:15,745  INFO [main] metadata.Hive: Dumping metastore api call timing information for : compilation phase
2024-04-24T06:29:15,745  INFO [main] metadata.Hive: Total time spent in each metastore function (ms): {getNotNullConstraints_(NotNullConstraintsRequest)=1, allocateTableWriteId_(long, String, String)=10, getCheckConstraints_(CheckConstraintsRequest)=1, getTable_(GetTableRequest)=41, flushCache_()=0, isCompatibleWith_(Configuration)=0, getAllTableConstraints_(AllTableConstraintsRequest)=26, getValidWriteIds_(List, String)=3}
2024-04-24T06:29:15,745  INFO [main] ql.Driver: Completed compiling command(queryId=alex_20240424062915_3ba7faa9-914b-421c-8e67-0ca92f31c0f9); Time taken: 0.179 seconds
2024-04-24T06:29:15,745  INFO [main] lockmgr.DbTxnManager: Setting lock request transaction to txnid:13 for queryId=alex_20240424062915_3ba7faa9-914b-421c-8e67-0ca92f31c0f9
2024-04-24T06:29:15,745  INFO [main] lockmgr.DbLockManager: Requesting lock for queryId=alex_20240424062915_3ba7faa9-914b-421c-8e67-0ca92f31c0f9
2024-04-24T06:29:15,768  INFO [main] lockmgr.DbLockManager: Response to queryId=alex_20240424062915_3ba7faa9-914b-421c-8e67-0ca92f31c0f9 LockResponse(lockid:7, state:ACQUIRED)
2024-04-24T06:29:15,768  INFO [main] ql.Driver: Operation QUERY obtained 1 locks
2024-04-24T06:29:15,770  INFO [main] ql.Driver: Executing command(queryId=alex_20240424062915_3ba7faa9-914b-421c-8e67-0ca92f31c0f9): insert into acidTbl(a,b)  values(1,2),(3,4)
2024-04-24T06:29:15,771  WARN [main] ql.Driver: Hive-on-MR is deprecated in Hive 2 and may not be available in the future versions. Consider using a different execution engine (i.e. spark, tez) or using Hive 1.X releases.
Query ID = alex_20240424062915_3ba7faa9-914b-421c-8e67-0ca92f31c0f9
2024-04-24T06:29:15,771  INFO [main] ql.Driver: Query ID = alex_20240424062915_3ba7faa9-914b-421c-8e67-0ca92f31c0f9
Total jobs = 1
2024-04-24T06:29:15,771  INFO [main] ql.Driver: Total jobs = 1
Launching Job 1 out of 1
2024-04-24T06:29:15,771  INFO [main] ql.Driver: Launching Job 1 out of 1
2024-04-24T06:29:15,894  INFO [main] ql.Driver: Starting task [Stage-1:MAPRED] in serial mode
Number of reduce tasks determined at compile time: 2
2024-04-24T06:29:15,895  INFO [main] exec.Task: Number of reduce tasks determined at compile time: 2
In order to change the average load for a reducer (in bytes):
2024-04-24T06:29:15,895  INFO [main] exec.Task: In order to change the average load for a reducer (in bytes):
  set hive.exec.reducers.bytes.per.reducer=<number>
2024-04-24T06:29:15,895  INFO [main] exec.Task:   set hive.exec.reducers.bytes.per.reducer=<number>
In order to limit the maximum number of reducers:
2024-04-24T06:29:15,895  INFO [main] exec.Task: In order to limit the maximum number of reducers:
  set hive.exec.reducers.max=<number>
2024-04-24T06:29:15,895  INFO [main] exec.Task:   set hive.exec.reducers.max=<number>
In order to set a constant number of reducers:
2024-04-24T06:29:15,895  INFO [main] exec.Task: In order to set a constant number of reducers:
  set mapreduce.job.reduces=<number>
2024-04-24T06:29:15,895  INFO [main] exec.Task:   set mapreduce.job.reduces=<number>
2024-04-24T06:29:15,897  INFO [main] mr.ExecDriver: Using org.apache.hadoop.hive.ql.io.HiveInputFormat
2024-04-24T06:29:15,897  INFO [main] exec.Utilities: Processing alias $hdt$_0:_dummy_table
2024-04-24T06:29:15,897  INFO [main] exec.Utilities: Adding 1 inputs; the first input is file:/home/alex/Repositories/hive/ql/target/tmp/localscratchdir/e1d768bc-fd8a-42ca-8d65-c72c97f95154/hive_2024-04-24_06-29-15_566_3837436622842566091-1/dummy_path
2024-04-24T06:29:15,906  INFO [main] exec.SerializationUtilities: Serializing MapWork using kryo
2024-04-24T06:29:15,907  INFO [main] exec.Utilities: Serialized plan (via FILE) - name: null size: 4,97KB
2024-04-24T06:29:15,911  INFO [main] exec.SerializationUtilities: Serializing ReduceWork using kryo
2024-04-24T06:29:15,912  INFO [main] exec.Utilities: Serialized plan (via FILE) - name: null size: 5,92KB
2024-04-24T06:29:15,913  WARN [main] impl.MetricsSystemImpl: JobTracker metrics system already initialized!
2024-04-24T06:29:15,916  INFO [main] fs.FSStatsPublisher: created : file:/home/alex/Repositories/hive/ql/target/tmp/localscratchdir/e1d768bc-fd8a-42ca-8d65-c72c97f95154/hive_2024-04-24_06-29-15_566_3837436622842566091-1/-mr-10000
2024-04-24T06:29:15,918  WARN [main] impl.MetricsSystemImpl: JobTracker metrics system already initialized!
2024-04-24T06:29:15,925  WARN [main] mapreduce.JobResourceUploader: Hadoop command-line option parsing not performed. Implement the Tool interface and execute your application with ToolRunner to remedy this.
2024-04-24T06:29:15,930  WARN [main] mapreduce.JobResourceUploader: No job jar file set.  User classes may not be found. See Job or Job#setJar(String).
2024-04-24T06:29:15,931  INFO [main] io.HiveInputFormat: hive.io.file.readcolumn.ids = 
2024-04-24T06:29:15,931  INFO [main] io.HiveInputFormat: hive.io.file.readcolumn.names = 
2024-04-24T06:29:15,931  INFO [main] io.HiveInputFormat: Generating splits for dirs: file:/home/alex/Repositories/hive/ql/target/tmp/localscratchdir/e1d768bc-fd8a-42ca-8d65-c72c97f95154/hive_2024-04-24_06-29-15_566_3837436622842566091-1/dummy_path
2024-04-24T06:29:15,931  INFO [main] io.HiveInputFormat: number of splits 1
2024-04-24T06:29:15,948  INFO [main] mapreduce.JobSubmitter: number of splits:1
2024-04-24T06:29:15,966  INFO [main] mapreduce.JobSubmitter: Submitting tokens for job: job_local1156182074_0042
2024-04-24T06:29:15,966  INFO [main] mapreduce.JobSubmitter: Executing with tokens: []
2024-04-24T06:29:16,024  INFO [main] mapreduce.Job: The url to track the job: http://localhost:8080/
Job running in-process (local Hadoop)
2024-04-24T06:29:16,024  INFO [main] exec.Task: Job running in-process (local Hadoop)
2024-04-24T06:29:16,025  INFO [Thread-3523] mapred.LocalJobRunner: OutputCommitter set in config org.apache.hadoop.hive.ql.io.HiveFileFormatUtils$NullOutputCommitter
2024-04-24T06:29:16,025  INFO [Thread-3523] mapred.LocalJobRunner: OutputCommitter is org.apache.hadoop.hive.ql.io.HiveFileFormatUtils$NullOutputCommitter
2024-04-24T06:29:16,026  INFO [Thread-3523] mapred.LocalJobRunner: Waiting for map tasks
2024-04-24T06:29:16,026  INFO [LocalJobRunner Map Task Executor #0] mapred.LocalJobRunner: Starting task: attempt_local1156182074_0042_m_000000_0
2024-04-24T06:29:16,029  INFO [LocalJobRunner Map Task Executor #0] mapred.Task:  Using ResourceCalculatorProcessTree : [ ]
2024-04-24T06:29:16,030  INFO [LocalJobRunner Map Task Executor #0] mapred.MapTask: Processing split: org.apache.hadoop.hive.ql.io.NullRowsInputFormat:file:/home/alex/Repositories/hive/ql/target/tmp/localscratchdir/e1d768bc-fd8a-42ca-8d65-c72c97f95154/hive_2024-04-24_06-29-15_566_3837436622842566091-1/dummy_path/null:0+1
2024-04-24T06:29:16,032  INFO [LocalJobRunner Map Task Executor #0] exec.SerializationUtilities: Deserializing MapWork using kryo
2024-04-24T06:29:16,032  INFO [LocalJobRunner Map Task Executor #0] exec.Utilities: Deserialized plan (via FILE) - name: null size: 4,97KB
2024-04-24T06:29:16,032  INFO [LocalJobRunner Map Task Executor #0] mapred.MapTask: numReduceTasks: 2
2024-04-24T06:29:16,037  INFO [LocalJobRunner Map Task Executor #0] mapred.MapTask: (EQUATOR) 0 kvi 26214396(104857584)
2024-04-24T06:29:16,037  INFO [LocalJobRunner Map Task Executor #0] mapred.MapTask: mapreduce.task.io.sort.mb: 100
2024-04-24T06:29:16,037  INFO [LocalJobRunner Map Task Executor #0] mapred.MapTask: soft limit at 83886080
2024-04-24T06:29:16,037  INFO [LocalJobRunner Map Task Executor #0] mapred.MapTask: bufstart = 0; bufvoid = 104857600
2024-04-24T06:29:16,037  INFO [LocalJobRunner Map Task Executor #0] mapred.MapTask: kvstart = 26214396; length = 6553600
2024-04-24T06:29:16,037  INFO [LocalJobRunner Map Task Executor #0] mapred.MapTask: Map output collector class = org.apache.hadoop.mapred.MapTask$MapOutputBuffer
2024-04-24T06:29:16,038  INFO [LocalJobRunner Map Task Executor #0] exec.MapOperator: Initializing Operator: MAP[0]
2024-04-24T06:29:16,038  INFO [LocalJobRunner Map Task Executor #0] mr.ExecMapper: 
<MAP>Id =0
  <Children>null
  <\Children>
  <Parent><\Parent>
<\MAP>
2024-04-24T06:29:16,038  INFO [LocalJobRunner Map Task Executor #0] exec.TableScanOperator: Initializing Operator: TS[0]
2024-04-24T06:29:16,038  INFO [LocalJobRunner Map Task Executor #0] exec.SelectOperator: Initializing Operator: SEL[1]
2024-04-24T06:29:16,039  INFO [LocalJobRunner Map Task Executor #0] exec.SelectOperator: SELECT null
2024-04-24T06:29:16,039  INFO [LocalJobRunner Map Task Executor #0] exec.UDTFOperator: Initializing Operator: UDTF[2]
2024-04-24T06:29:16,039  INFO [LocalJobRunner Map Task Executor #0] exec.SelectOperator: Initializing Operator: SEL[3]
2024-04-24T06:29:16,039  INFO [LocalJobRunner Map Task Executor #0] exec.SelectOperator: SELECT struct<col1:int,col2:int>
2024-04-24T06:29:16,039  INFO [LocalJobRunner Map Task Executor #0] exec.ReduceSinkOperator: Initializing Operator: RS[4]
2024-04-24T06:29:16,039  INFO [LocalJobRunner Map Task Executor #0] exec.ReduceSinkOperator: Using tag = -1
2024-04-24T06:29:16,039  INFO [LocalJobRunner Map Task Executor #0] exec.ReduceSinkOperator: keys are [reducesinkkey0] num distributions: 1
2024-04-24T06:29:16,040  INFO [LocalJobRunner Map Task Executor #0] exec.ReduceSinkOperator: RS[4]: records written - 1
2024-04-24T06:29:16,040  INFO [LocalJobRunner Map Task Executor #0] exec.MapOperator: MAP[0]: records read - 1
2024-04-24T06:29:16,040  INFO [LocalJobRunner Map Task Executor #0] exec.MapOperator: Closing Operator: MAP[0]
2024-04-24T06:29:16,040  INFO [LocalJobRunner Map Task Executor #0] exec.MapOperator: MAP[0]: Total records read - 3. abort - false
2024-04-24T06:29:16,040  INFO [LocalJobRunner Map Task Executor #0] exec.MapOperator: RECORDS_IN:3, DESERIALIZE_ERRORS:0, RECORDS_OUT_INTERMEDIATE:0, RECORDS_OUT_OPERATOR_MAP_0:0, 
2024-04-24T06:29:16,040  INFO [LocalJobRunner Map Task Executor #0] exec.TableScanOperator: Closing Operator: TS[0]
2024-04-24T06:29:16,040  INFO [LocalJobRunner Map Task Executor #0] exec.TableScanOperator: RECORDS_OUT_INTERMEDIATE:0, RECORDS_OUT_OPERATOR_TS_0:1, 
2024-04-24T06:29:16,040  INFO [LocalJobRunner Map Task Executor #0] exec.SelectOperator: Closing Operator: SEL[1]
2024-04-24T06:29:16,040  INFO [LocalJobRunner Map Task Executor #0] exec.SelectOperator: RECORDS_OUT_OPERATOR_SEL_1:1, RECORDS_OUT_INTERMEDIATE:0, 
2024-04-24T06:29:16,040  INFO [LocalJobRunner Map Task Executor #0] exec.UDTFOperator: Closing Operator: UDTF[2]
2024-04-24T06:29:16,040  INFO [LocalJobRunner Map Task Executor #0] exec.UDTFOperator: RECORDS_OUT_INTERMEDIATE:0, RECORDS_OUT_OPERATOR_UDTF_2:2, 
2024-04-24T06:29:16,040  INFO [LocalJobRunner Map Task Executor #0] exec.SelectOperator: Closing Operator: SEL[3]
2024-04-24T06:29:16,040  INFO [LocalJobRunner Map Task Executor #0] exec.SelectOperator: RECORDS_OUT_OPERATOR_SEL_3:2, RECORDS_OUT_INTERMEDIATE:0, 
2024-04-24T06:29:16,040  INFO [LocalJobRunner Map Task Executor #0] exec.ReduceSinkOperator: Closing Operator: RS[4]
2024-04-24T06:29:16,041  INFO [LocalJobRunner Map Task Executor #0] exec.ReduceSinkOperator: RS[4]: Total records written - 2. abort - false
2024-04-24T06:29:16,041  INFO [LocalJobRunner Map Task Executor #0] exec.ReduceSinkOperator: RECORDS_OUT_INTERMEDIATE:2, RECORDS_OUT_OPERATOR_RS_4:2, 
2024-04-24T06:29:16,043  INFO [LocalJobRunner Map Task Executor #0] mapred.LocalJobRunner: 
2024-04-24T06:29:16,043  INFO [LocalJobRunner Map Task Executor #0] mapred.MapTask: Starting flush of map output
2024-04-24T06:29:16,043  INFO [LocalJobRunner Map Task Executor #0] mapred.MapTask: Spilling map output
2024-04-24T06:29:16,043  INFO [LocalJobRunner Map Task Executor #0] mapred.MapTask: bufstart = 0; bufend = 32; bufvoid = 104857600
2024-04-24T06:29:16,043  INFO [LocalJobRunner Map Task Executor #0] mapred.MapTask: kvstart = 26214396(104857584); kvend = 26214392(104857568); length = 5/6553600
2024-04-24T06:29:16,054  INFO [LocalJobRunner Map Task Executor #0] mapred.MapTask: Finished spill 0
2024-04-24T06:29:16,059  INFO [LocalJobRunner Map Task Executor #0] mapred.Task: Task:attempt_local1156182074_0042_m_000000_0 is done. And is in the process of committing
2024-04-24T06:29:16,059  INFO [LocalJobRunner Map Task Executor #0] mapred.LocalJobRunner: map
2024-04-24T06:29:16,059  INFO [LocalJobRunner Map Task Executor #0] mapred.Task: Task 'attempt_local1156182074_0042_m_000000_0' done.
2024-04-24T06:29:16,059  INFO [LocalJobRunner Map Task Executor #0] mapred.Task: Final Counters for attempt_local1156182074_0042_m_000000_0: Counters: 26
	File System Counters
		FILE: Number of bytes read=902000
		FILE: Number of bytes written=49545549
		FILE: Number of read operations=0
		FILE: Number of large read operations=0
		FILE: Number of write operations=0
	Map-Reduce Framework
		Map input records=4
		Map output records=2
		Map output bytes=32
		Map output materialized bytes=48
		Input split bytes=361
		Combine input records=0
		Spilled Records=2
		Failed Shuffles=0
		Merged Map outputs=0
		GC time elapsed (ms)=0
		Total committed heap usage (bytes)=1251999744
	HIVE
		DESERIALIZE_ERRORS=0
		RECORDS_IN=3
		RECORDS_OUT_INTERMEDIATE=2
		RECORDS_OUT_OPERATOR_MAP_0=0
		RECORDS_OUT_OPERATOR_RS_4=2
		RECORDS_OUT_OPERATOR_SEL_1=1
		RECORDS_OUT_OPERATOR_SEL_3=2
		RECORDS_OUT_OPERATOR_TS_0=1
		RECORDS_OUT_OPERATOR_UDTF_2=2
	File Input Format Counters 
		Bytes Read=5019
2024-04-24T06:29:16,060  INFO [LocalJobRunner Map Task Executor #0] mapred.LocalJobRunner: Finishing task: attempt_local1156182074_0042_m_000000_0
2024-04-24T06:29:16,060  INFO [Thread-3523] mapred.LocalJobRunner: map task executor complete.
2024-04-24T06:29:16,061  INFO [Thread-3523] mapred.LocalJobRunner: Waiting for reduce tasks
2024-04-24T06:29:16,061  INFO [pool-205-thread-1] mapred.LocalJobRunner: Starting task: attempt_local1156182074_0042_r_000000_0
2024-04-24T06:29:16,063  INFO [pool-205-thread-1] mapred.Task:  Using ResourceCalculatorProcessTree : [ ]
2024-04-24T06:29:16,063  INFO [pool-205-thread-1] mapred.ReduceTask: Using ShuffleConsumerPlugin: org.apache.hadoop.mapreduce.task.reduce.Shuffle@11c04fc1
2024-04-24T06:29:16,063  WARN [pool-205-thread-1] impl.MetricsSystemImpl: JobTracker metrics system already initialized!
2024-04-24T06:29:16,064  INFO [pool-205-thread-1] reduce.MergeManagerImpl: MergerManager: memoryLimit=1336252800, maxSingleShuffleLimit=334063200, mergeThreshold=881926912, ioSortFactor=10, memToMemMergeOutputsThreshold=10
2024-04-24T06:29:16,065  INFO [EventFetcher for fetching Map Completion Events] reduce.EventFetcher: attempt_local1156182074_0042_r_000000_0 Thread started: EventFetcher for fetching Map Completion Events
2024-04-24T06:29:16,067  INFO [localfetcher#59] reduce.LocalFetcher: localfetcher#59 about to shuffle output of map attempt_local1156182074_0042_m_000000_0 decomp: 20 len: 24 to MEMORY
2024-04-24T06:29:16,067  INFO [localfetcher#59] reduce.InMemoryMapOutput: Read 20 bytes from map-output for attempt_local1156182074_0042_m_000000_0
2024-04-24T06:29:16,067  INFO [localfetcher#59] reduce.MergeManagerImpl: closeInMemoryFile -> map-output of size: 20, inMemoryMapOutputs.size() -> 1, commitMemory -> 0, usedMemory ->20
2024-04-24T06:29:16,068  INFO [EventFetcher for fetching Map Completion Events] reduce.EventFetcher: EventFetcher is interrupted.. Returning
2024-04-24T06:29:16,068  INFO [pool-205-thread-1] mapred.LocalJobRunner: 1 / 1 copied.
2024-04-24T06:29:16,068  INFO [pool-205-thread-1] reduce.MergeManagerImpl: finalMerge called with 1 in-memory map-outputs and 0 on-disk map-outputs
2024-04-24T06:29:16,079  INFO [pool-205-thread-1] mapred.Merger: Merging 1 sorted segments
2024-04-24T06:29:16,079  INFO [pool-205-thread-1] mapred.Merger: Down to the last merge-pass, with 1 segments left of total size: 8 bytes
2024-04-24T06:29:16,082  INFO [pool-205-thread-1] reduce.MergeManagerImpl: Merged 1 segments, 20 bytes to disk to satisfy reduce memory limit
2024-04-24T06:29:16,082  INFO [pool-205-thread-1] reduce.MergeManagerImpl: Merging 1 files, 24 bytes from disk
2024-04-24T06:29:16,082  INFO [pool-205-thread-1] reduce.MergeManagerImpl: Merging 0 segments, 0 bytes from memory into reduce
2024-04-24T06:29:16,082  INFO [pool-205-thread-1] mapred.Merger: Merging 1 sorted segments
2024-04-24T06:29:16,082  INFO [pool-205-thread-1] mapred.Merger: Down to the last merge-pass, with 1 segments left of total size: 8 bytes
2024-04-24T06:29:16,082  INFO [pool-205-thread-1] mapred.LocalJobRunner: 1 / 1 copied.
2024-04-24T06:29:16,083  INFO [pool-205-thread-1] exec.SerializationUtilities: Deserializing ReduceWork using kryo
2024-04-24T06:29:16,083  INFO [pool-205-thread-1] exec.Utilities: Deserialized plan (via FILE) - name: null size: 5,92KB
2024-04-24T06:29:16,084  INFO [pool-205-thread-1] ExecReducer: 
<SEL>Id =5
  <Children>
    <FS>Id =6
      <Children>
      <\Children>
      <Parent>Id = 5 null<\Parent>
    <\FS>
  <\Children>
  <Parent><\Parent>
<\SEL>
2024-04-24T06:29:16,084  INFO [pool-205-thread-1] exec.SelectOperator: Initializing Operator: SEL[5]
2024-04-24T06:29:16,084  INFO [pool-205-thread-1] exec.SelectOperator: SELECT struct<key:struct<reducesinkkey0:int>,value:struct<_col0:int>>
2024-04-24T06:29:16,084  INFO [pool-205-thread-1] exec.FileSinkOperator: Initializing Operator: FS[6]
2024-04-24T06:29:16,084  INFO [pool-205-thread-1] exec.FileSinkOperator: Using serializer : AbstractSerDe [log=org.apache.logging.slf4j.Log4jLogger@3c370966, configuration=Optional[Configuration: core-default.xml, core-site.xml, mapred-default.xml, mapred-site.xml, yarn-default.xml, yarn-site.xml, hdfs-default.xml, hdfs-site.xml, file:/home/alex/Repositories/hive/ql/target/tmp/TestTxnCommands/mapred/local/localRunner/alex/job_local1156182074_0042/job_local1156182074_0042.xml], properties={transactional_properties=default, name=default.acidtbl, transactional=true, columns.types=int:int, bucket_field_name=a, columns=a,b, numFilesErasureCoded=0, columns.comments=&amp#0;, bucketing_version=2, bucket_count=2, serialization.lib=org.apache.hadoop.hive.ql.io.orc.OrcSerde, file.inputformat=org.apache.hadoop.hive.ql.io.orc.OrcInputFormat, file.outputformat=org.apache.hadoop.hive.ql.io.orc.OrcOutputFormat, location=file:/home/alex/Repositories/hive/ql/target/tmp/org.apache.hadoop.hive.ql.TestTxnCommands-1713965238357/warehouse/acidtbl, column.name.delimiter=,}, tableProperties={transactional_properties=default, name=default.acidtbl, transactional=true, columns.types=int:int, bucket_field_name=a, columns=a,b, numFilesErasureCoded=0, columns.comments=&amp#0;, bucketing_version=2, bucket_count=2, serialization.lib=org.apache.hadoop.hive.ql.io.orc.OrcSerde, file.inputformat=org.apache.hadoop.hive.ql.io.orc.OrcInputFormat, location=file:/home/alex/Repositories/hive/ql/target/tmp/org.apache.hadoop.hive.ql.TestTxnCommands-1713965238357/warehouse/acidtbl, file.outputformat=org.apache.hadoop.hive.ql.io.orc.OrcOutputFormat, column.name.delimiter=,}, partitionProperties=Optional.empty, columnNames=[a, b], columnTypes=[int, int], getClass()=class org.apache.hadoop.hive.ql.io.orc.OrcSerde] and formatter : org.apache.hadoop.hive.ql.io.orc.OrcOutputFormat@4b6aff52
2024-04-24T06:29:16,084  INFO [pool-205-thread-1] exec.FileSinkOperator: Final Path: FS file:/home/alex/Repositories/hive/ql/target/tmp/org.apache.hadoop.hive.ql.TestTxnCommands-1713965238357/warehouse/acidtbl
2024-04-24T06:29:16,084  INFO [pool-205-thread-1] exec.FileSinkOperator: New Final Path: FS file:/home/alex/Repositories/hive/ql/target/tmp/org.apache.hadoop.hive.ql.TestTxnCommands-1713965238357/warehouse/acidtbl
2024-04-24T06:29:16,084  INFO [pool-205-thread-1] common.FileUtils: Creating directory if it doesn't exist: file:/home/alex/Repositories/hive/ql/target/tmp/org.apache.hadoop.hive.ql.TestTxnCommands-1713965238357/warehouse
2024-04-24T06:29:16,085  INFO [pool-205-thread-1] exec.FileSinkOperator: FS[6]: records written - 1
2024-04-24T06:29:16,085  INFO [pool-205-thread-1] impl.PhysicalFsWriter: ORC writer created for path: file:/home/alex/Repositories/hive/ql/target/tmp/org.apache.hadoop.hive.ql.TestTxnCommands-1713965238357/warehouse/acidtbl/delta_0000001_0000001_0000/bucket_00000_0 with stripeSize: 8388608 blockSize: 268435456 compression: Compress: ZLIB buffer: 32768
2024-04-24T06:29:16,091  INFO [pool-205-thread-1] impl.WriterImpl: ORC writer created for path: file:/home/alex/Repositories/hive/ql/target/tmp/org.apache.hadoop.hive.ql.TestTxnCommands-1713965238357/warehouse/acidtbl/delta_0000001_0000001_0000/bucket_00000_0 with stripeSize: 8388608 options: Compress: ZLIB buffer: 32768
2024-04-24T06:29:16,096  INFO [pool-205-thread-1] exec.SelectOperator: Closing Operator: SEL[5]
2024-04-24T06:29:16,096  INFO [pool-205-thread-1] exec.SelectOperator: RECORDS_OUT_INTERMEDIATE:0, RECORDS_OUT_OPERATOR_SEL_5:1, 
2024-04-24T06:29:16,096  INFO [pool-205-thread-1] exec.FileSinkOperator: Closing Operator: FS[6]
2024-04-24T06:29:16,096  INFO [pool-205-thread-1] exec.FileSinkOperator: FS[6]: records written - 1
2024-04-24T06:29:16,097  INFO [pool-205-thread-1] FileOperations: Writing manifest to file:/home/alex/Repositories/hive/ql/target/tmp/org.apache.hadoop.hive.ql.TestTxnCommands-1713965238357/warehouse/acidtbl/_tmp.delta_0000001_0000001_0000/000000_0.manifest with [file:/home/alex/Repositories/hive/ql/target/tmp/org.apache.hadoop.hive.ql.TestTxnCommands-1713965238357/warehouse/acidtbl/delta_0000001_0000001_0000/bucket_00000_0]
2024-04-24T06:29:16,108  INFO [pool-205-thread-1] exec.FileSinkOperator: TOTAL_TABLE_ROWS_WRITTEN:1, RECORDS_OUT_INTERMEDIATE:0, RECORDS_OUT_OPERATOR_FS_6:1, RECORDS_OUT_1_default.acidtbl:1, 
2024-04-24T06:29:16,109  INFO [pool-205-thread-1] mapred.Task: Task:attempt_local1156182074_0042_r_000000_0 is done. And is in the process of committing
2024-04-24T06:29:16,109  INFO [pool-205-thread-1] mapred.LocalJobRunner: reduce > reduce
2024-04-24T06:29:16,109  INFO [pool-205-thread-1] mapred.Task: Task 'attempt_local1156182074_0042_r_000000_0' done.
2024-04-24T06:29:16,109  INFO [pool-205-thread-1] mapred.Task: Final Counters for attempt_local1156182074_0042_r_000000_0: Counters: 30
	File System Counters
		FILE: Number of bytes read=908105
		FILE: Number of bytes written=49546588
		FILE: Number of read operations=0
		FILE: Number of large read operations=0
		FILE: Number of write operations=0
	Map-Reduce Framework
		Combine input records=0
		Combine output records=0
		Reduce input groups=1
		Reduce shuffle bytes=24
		Reduce input records=1
		Reduce output records=0
		Spilled Records=1
		Shuffled Maps =1
		Failed Shuffles=0
		Merged Map outputs=1
		GC time elapsed (ms)=0
		Total committed heap usage (bytes)=1251999744
	HIVE
		CREATED_FILES=1
		RECORDS_OUT_1_default.acidtbl=1
		RECORDS_OUT_INTERMEDIATE=0
		RECORDS_OUT_OPERATOR_FS_6=1
		RECORDS_OUT_OPERATOR_SEL_5=1
		TOTAL_TABLE_ROWS_WRITTEN=1
	Shuffle Errors
		BAD_ID=0
		CONNECTION=0
		IO_ERROR=0
		WRONG_LENGTH=0
		WRONG_MAP=0
		WRONG_REDUCE=0
	File Output Format Counters 
		Bytes Written=0
2024-04-24T06:29:16,109  INFO [pool-205-thread-1] mapred.LocalJobRunner: Finishing task: attempt_local1156182074_0042_r_000000_0
2024-04-24T06:29:16,109  INFO [pool-205-thread-1] mapred.LocalJobRunner: Starting task: attempt_local1156182074_0042_r_000001_0
2024-04-24T06:29:16,110  INFO [pool-205-thread-1] mapred.Task:  Using ResourceCalculatorProcessTree : [ ]
2024-04-24T06:29:16,110  INFO [pool-205-thread-1] mapred.ReduceTask: Using ShuffleConsumerPlugin: org.apache.hadoop.mapreduce.task.reduce.Shuffle@57606aae
2024-04-24T06:29:16,110  WARN [pool-205-thread-1] impl.MetricsSystemImpl: JobTracker metrics system already initialized!
2024-04-24T06:29:16,110  INFO [pool-205-thread-1] reduce.MergeManagerImpl: MergerManager: memoryLimit=1336252800, maxSingleShuffleLimit=334063200, mergeThreshold=881926912, ioSortFactor=10, memToMemMergeOutputsThreshold=10
2024-04-24T06:29:16,111  INFO [EventFetcher for fetching Map Completion Events] reduce.EventFetcher: attempt_local1156182074_0042_r_000001_0 Thread started: EventFetcher for fetching Map Completion Events
2024-04-24T06:29:16,114  INFO [localfetcher#60] reduce.LocalFetcher: localfetcher#60 about to shuffle output of map attempt_local1156182074_0042_m_000000_0 decomp: 20 len: 24 to MEMORY
2024-04-24T06:29:16,114  INFO [localfetcher#60] reduce.InMemoryMapOutput: Read 20 bytes from map-output for attempt_local1156182074_0042_m_000000_0
2024-04-24T06:29:16,114  INFO [localfetcher#60] reduce.MergeManagerImpl: closeInMemoryFile -> map-output of size: 20, inMemoryMapOutputs.size() -> 1, commitMemory -> 0, usedMemory ->20
2024-04-24T06:29:16,114  INFO [EventFetcher for fetching Map Completion Events] reduce.EventFetcher: EventFetcher is interrupted.. Returning
2024-04-24T06:29:16,115  INFO [pool-205-thread-1] mapred.LocalJobRunner: 1 / 1 copied.
2024-04-24T06:29:16,115  INFO [pool-205-thread-1] reduce.MergeManagerImpl: finalMerge called with 1 in-memory map-outputs and 0 on-disk map-outputs
2024-04-24T06:29:16,120  INFO [pool-205-thread-1] mapred.Merger: Merging 1 sorted segments
2024-04-24T06:29:16,120  INFO [pool-205-thread-1] mapred.Merger: Down to the last merge-pass, with 1 segments left of total size: 8 bytes
2024-04-24T06:29:16,123  INFO [pool-205-thread-1] reduce.MergeManagerImpl: Merged 1 segments, 20 bytes to disk to satisfy reduce memory limit
2024-04-24T06:29:16,123  INFO [pool-205-thread-1] reduce.MergeManagerImpl: Merging 1 files, 24 bytes from disk
2024-04-24T06:29:16,123  INFO [pool-205-thread-1] reduce.MergeManagerImpl: Merging 0 segments, 0 bytes from memory into reduce
2024-04-24T06:29:16,123  INFO [pool-205-thread-1] mapred.Merger: Merging 1 sorted segments
2024-04-24T06:29:16,123  INFO [pool-205-thread-1] mapred.Merger: Down to the last merge-pass, with 1 segments left of total size: 8 bytes
2024-04-24T06:29:16,124  INFO [pool-205-thread-1] mapred.LocalJobRunner: 1 / 1 copied.
2024-04-24T06:29:16,124  INFO [pool-205-thread-1] exec.SerializationUtilities: Deserializing ReduceWork using kryo
2024-04-24T06:29:16,124  INFO [pool-205-thread-1] exec.Utilities: Deserialized plan (via FILE) - name: null size: 5,92KB
2024-04-24T06:29:16,125  INFO [pool-205-thread-1] ExecReducer: 
<SEL>Id =5
  <Children>
    <FS>Id =6
      <Children>
      <\Children>
      <Parent>Id = 5 null<\Parent>
    <\FS>
  <\Children>
  <Parent><\Parent>
<\SEL>
2024-04-24T06:29:16,125  INFO [pool-205-thread-1] exec.SelectOperator: Initializing Operator: SEL[5]
2024-04-24T06:29:16,125  INFO [pool-205-thread-1] exec.SelectOperator: SELECT struct<key:struct<reducesinkkey0:int>,value:struct<_col0:int>>
2024-04-24T06:29:16,125  INFO [pool-205-thread-1] exec.FileSinkOperator: Initializing Operator: FS[6]
2024-04-24T06:29:16,125  INFO [pool-205-thread-1] exec.FileSinkOperator: Using serializer : AbstractSerDe [log=org.apache.logging.slf4j.Log4jLogger@3c370966, configuration=Optional[Configuration: core-default.xml, core-site.xml, mapred-default.xml, mapred-site.xml, yarn-default.xml, yarn-site.xml, hdfs-default.xml, hdfs-site.xml, file:/home/alex/Repositories/hive/ql/target/tmp/TestTxnCommands/mapred/local/localRunner/alex/job_local1156182074_0042/job_local1156182074_0042.xml], properties={transactional_properties=default, name=default.acidtbl, transactional=true, columns.types=int:int, bucket_field_name=a, columns=a,b, numFilesErasureCoded=0, columns.comments=&amp#0;, bucketing_version=2, bucket_count=2, serialization.lib=org.apache.hadoop.hive.ql.io.orc.OrcSerde, file.inputformat=org.apache.hadoop.hive.ql.io.orc.OrcInputFormat, file.outputformat=org.apache.hadoop.hive.ql.io.orc.OrcOutputFormat, location=file:/home/alex/Repositories/hive/ql/target/tmp/org.apache.hadoop.hive.ql.TestTxnCommands-1713965238357/warehouse/acidtbl, column.name.delimiter=,}, tableProperties={transactional_properties=default, name=default.acidtbl, transactional=true, columns.types=int:int, bucket_field_name=a, columns=a,b, numFilesErasureCoded=0, columns.comments=&amp#0;, bucketing_version=2, bucket_count=2, serialization.lib=org.apache.hadoop.hive.ql.io.orc.OrcSerde, file.inputformat=org.apache.hadoop.hive.ql.io.orc.OrcInputFormat, location=file:/home/alex/Repositories/hive/ql/target/tmp/org.apache.hadoop.hive.ql.TestTxnCommands-1713965238357/warehouse/acidtbl, file.outputformat=org.apache.hadoop.hive.ql.io.orc.OrcOutputFormat, column.name.delimiter=,}, partitionProperties=Optional.empty, columnNames=[a, b], columnTypes=[int, int], getClass()=class org.apache.hadoop.hive.ql.io.orc.OrcSerde] and formatter : org.apache.hadoop.hive.ql.io.orc.OrcOutputFormat@5d38e8e0
2024-04-24T06:29:16,126  INFO [pool-205-thread-1] exec.FileSinkOperator: Final Path: FS file:/home/alex/Repositories/hive/ql/target/tmp/org.apache.hadoop.hive.ql.TestTxnCommands-1713965238357/warehouse/acidtbl
2024-04-24T06:29:16,126  INFO [pool-205-thread-1] exec.FileSinkOperator: New Final Path: FS file:/home/alex/Repositories/hive/ql/target/tmp/org.apache.hadoop.hive.ql.TestTxnCommands-1713965238357/warehouse/acidtbl
2024-04-24T06:29:16,126  INFO [pool-205-thread-1] common.FileUtils: Creating directory if it doesn't exist: file:/home/alex/Repositories/hive/ql/target/tmp/org.apache.hadoop.hive.ql.TestTxnCommands-1713965238357/warehouse
2024-04-24T06:29:16,126  INFO [pool-205-thread-1] exec.FileSinkOperator: FS[6]: records written - 1
2024-04-24T06:29:16,126  INFO [pool-205-thread-1] impl.PhysicalFsWriter: ORC writer created for path: file:/home/alex/Repositories/hive/ql/target/tmp/org.apache.hadoop.hive.ql.TestTxnCommands-1713965238357/warehouse/acidtbl/delta_0000001_0000001_0000/bucket_00001_0 with stripeSize: 8388608 blockSize: 268435456 compression: Compress: ZLIB buffer: 32768
2024-04-24T06:29:16,131  INFO [pool-205-thread-1] impl.WriterImpl: ORC writer created for path: file:/home/alex/Repositories/hive/ql/target/tmp/org.apache.hadoop.hive.ql.TestTxnCommands-1713965238357/warehouse/acidtbl/delta_0000001_0000001_0000/bucket_00001_0 with stripeSize: 8388608 options: Compress: ZLIB buffer: 32768
2024-04-24T06:29:16,131  INFO [pool-205-thread-1] exec.SelectOperator: Closing Operator: SEL[5]
2024-04-24T06:29:16,131  INFO [pool-205-thread-1] exec.SelectOperator: RECORDS_OUT_INTERMEDIATE:0, RECORDS_OUT_OPERATOR_SEL_5:1, 
2024-04-24T06:29:16,131  INFO [pool-205-thread-1] exec.FileSinkOperator: Closing Operator: FS[6]
2024-04-24T06:29:16,131  INFO [pool-205-thread-1] exec.FileSinkOperator: FS[6]: records written - 1
2024-04-24T06:29:16,133  INFO [pool-205-thread-1] FileOperations: Writing manifest to file:/home/alex/Repositories/hive/ql/target/tmp/org.apache.hadoop.hive.ql.TestTxnCommands-1713965238357/warehouse/acidtbl/_tmp.delta_0000001_0000001_0000/000001_0.manifest with [file:/home/alex/Repositories/hive/ql/target/tmp/org.apache.hadoop.hive.ql.TestTxnCommands-1713965238357/warehouse/acidtbl/delta_0000001_0000001_0000/bucket_00001_0]
2024-04-24T06:29:16,142  INFO [pool-205-thread-1] exec.FileSinkOperator: RECORDS_OUT_1_default.acidtbl:1, RECORDS_OUT_INTERMEDIATE:0, RECORDS_OUT_OPERATOR_FS_6:1, TOTAL_TABLE_ROWS_WRITTEN:1, 
2024-04-24T06:29:16,142  INFO [pool-205-thread-1] mapred.Task: Task:attempt_local1156182074_0042_r_000001_0 is done. And is in the process of committing
2024-04-24T06:29:16,142  INFO [pool-205-thread-1] mapred.LocalJobRunner: reduce > reduce
2024-04-24T06:29:16,142  INFO [pool-205-thread-1] mapred.Task: Task 'attempt_local1156182074_0042_r_000001_0' done.
2024-04-24T06:29:16,142  INFO [pool-205-thread-1] mapred.Task: Final Counters for attempt_local1156182074_0042_r_000001_0: Counters: 30
	File System Counters
		FILE: Number of bytes read=914186
		FILE: Number of bytes written=49547616
		FILE: Number of read operations=0
		FILE: Number of large read operations=0
		FILE: Number of write operations=0
	Map-Reduce Framework
		Combine input records=0
		Combine output records=0
		Reduce input groups=1
		Reduce shuffle bytes=24
		Reduce input records=1
		Reduce output records=0
		Spilled Records=1
		Shuffled Maps =1
		Failed Shuffles=0
		Merged Map outputs=1
		GC time elapsed (ms)=0
		Total committed heap usage (bytes)=1251999744
	HIVE
		CREATED_FILES=1
		RECORDS_OUT_1_default.acidtbl=1
		RECORDS_OUT_INTERMEDIATE=0
		RECORDS_OUT_OPERATOR_FS_6=1
		RECORDS_OUT_OPERATOR_SEL_5=1
		TOTAL_TABLE_ROWS_WRITTEN=1
	Shuffle Errors
		BAD_ID=0
		CONNECTION=0
		IO_ERROR=0
		WRONG_LENGTH=0
		WRONG_MAP=0
		WRONG_REDUCE=0
	File Output Format Counters 
		Bytes Written=0
2024-04-24T06:29:16,142  INFO [pool-205-thread-1] mapred.LocalJobRunner: Finishing task: attempt_local1156182074_0042_r_000001_0
2024-04-24T06:29:16,143  INFO [Thread-3523] mapred.LocalJobRunner: reduce task executor complete.
2024-04-24 06:29:17,027 Stage-1 map = 100%,  reduce = 100%
2024-04-24T06:29:17,028  INFO [main] exec.Task: 2024-04-24 06:29:17,027 Stage-1 map = 100%,  reduce = 100%
Ended Job = job_local1156182074_0042
2024-04-24T06:29:17,028  INFO [main] exec.Task: Ended Job = job_local1156182074_0042
2024-04-24T06:29:17,029  INFO [main] FileOperations: Found manifest file file:/home/alex/Repositories/hive/ql/target/tmp/org.apache.hadoop.hive.ql.TestTxnCommands-1713965238357/warehouse/acidtbl/_tmp.delta_0000001_0000001_0000/000001_0.manifest with attemptId 0.
2024-04-24T06:29:17,029  INFO [main] FileOperations: Found manifest file file:/home/alex/Repositories/hive/ql/target/tmp/org.apache.hadoop.hive.ql.TestTxnCommands-1713965238357/warehouse/acidtbl/_tmp.delta_0000001_0000001_0000/000000_0.manifest with attemptId 0.
2024-04-24T06:29:17,029  INFO [main] FileOperations: Looking at manifest file: file:/home/alex/Repositories/hive/ql/target/tmp/org.apache.hadoop.hive.ql.TestTxnCommands-1713965238357/warehouse/acidtbl/_tmp.delta_0000001_0000001_0000/000000_0.manifest
2024-04-24T06:29:17,029  INFO [main] FileOperations: Looking at manifest file: file:/home/alex/Repositories/hive/ql/target/tmp/org.apache.hadoop.hive.ql.TestTxnCommands-1713965238357/warehouse/acidtbl/_tmp.delta_0000001_0000001_0000/000001_0.manifest
2024-04-24T06:29:17,030  INFO [main] FileOperations: Deleting manifest directory file:/home/alex/Repositories/hive/ql/target/tmp/org.apache.hadoop.hive.ql.TestTxnCommands-1713965238357/warehouse/acidtbl/_tmp.delta_0000001_0000001_0000
2024-04-24T06:29:17,031  INFO [main] ql.Driver: Starting task [Stage-0:MOVE] in serial mode
Loading data to table default.acidtbl
2024-04-24T06:29:17,031  INFO [main] exec.Task: Loading data to table default.acidtbl from file:/home/alex/Repositories/hive/ql/target/tmp/org.apache.hadoop.hive.ql.TestTxnCommands-1713965238357/warehouse/acidtbl
2024-04-24T06:29:17,031  INFO [main] HiveMetaStore.audit: ugi=alex	ip=unknown-ip-addr	cmd=get_table : tbl=hive.default.acidtbl	
2024-04-24T06:29:17,038  INFO [main] metastore.HMSHandler: Skipping translation for processor with null
2024-04-24T06:29:17,039  INFO [main] HiveMetaStore.audit: ugi=alex	ip=unknown-ip-addr	cmd=get_table : tbl=hive.default.acidtbl	
2024-04-24T06:29:17,046  INFO [main] metastore.HMSHandler: Skipping translation for processor with null
2024-04-24T06:29:17,047  INFO [main] HiveMetaStore.audit: ugi=alex	ip=unknown-ip-addr	cmd=alter_table: hive.default.acidtbl newtbl=acidtbl	
2024-04-24T06:29:17,080  INFO [main] ql.Driver: Starting task [Stage-2:STATS] in serial mode
2024-04-24T06:29:17,080  INFO [main] HiveMetaStore.audit: ugi=alex	ip=unknown-ip-addr	cmd=get_table : tbl=hive.default.acidtbl	
2024-04-24T06:29:17,086  INFO [main] metastore.HMSHandler: Skipping translation for processor with null
2024-04-24T06:29:17,086  INFO [main] stats.BasicStatsTask: Executing stats task
2024-04-24T06:29:17,087  INFO [main] fs.FSStatsPublisher: created : file:/home/alex/Repositories/hive/ql/target/tmp/localscratchdir/e1d768bc-fd8a-42ca-8d65-c72c97f95154/hive_2024-04-24_06-29-15_566_3837436622842566091-1/-mr-10000
2024-04-24T06:29:17,088  INFO [main] HiveMetaStore.audit: ugi=alex	ip=unknown-ip-addr	cmd=get_table : tbl=hive.default.acidtbl	
2024-04-24T06:29:17,094  INFO [main] metastore.HMSHandler: Skipping translation for processor with null
2024-04-24T06:29:17,106  WARN [main] FileOperations: Computing stats for an ACID table; stats may be inaccurate
2024-04-24T06:29:17,106  INFO [main] FileOperations: Read stats for default.acidtbl/, numRows, true, 2, false: 
2024-04-24T06:29:17,106  INFO [main] FileOperations: Read stats for default.acidtbl/, rawDataSize, true, 0, false: 
2024-04-24T06:29:17,107  INFO [main] HiveMetaStore.audit: ugi=alex	ip=unknown-ip-addr	cmd=alter_table: hive.default.acidtbl newtbl=acidtbl	
2024-04-24T06:29:17,127  INFO [main] FileOperations: Read stats for default.acidtbl/, insertCount, true, 2, false: 
2024-04-24T06:29:17,127  INFO [main] FileOperations: Read stats for default.acidtbl/, updateCount, true, 0, false: 
2024-04-24T06:29:17,127  INFO [main] FileOperations: Read stats for default.acidtbl/, deleteCount, true, 0, false: 
2024-04-24T06:29:17,130  INFO [main] stats.BasicStatsTask: Table default.acidtbl stats: [numFiles=2, numRows=2, totalSize=1344, rawDataSize=0, numFilesErasureCoded=0]
2024-04-24T06:29:17,131  INFO [main] metadata.Hive: Dumping metastore api call timing information for : execution phase
2024-04-24T06:29:17,131  INFO [main] metadata.Hive: Total time spent in each metastore function (ms): {updateTransactionalStatistics_(UpdateTransactionalStatsRequest)=3, isCompatibleWith_(Configuration)=0, getTable_(GetTableRequest)=27, alter_table_(String, String, String, Table, EnvironmentContext, String)=53}
MapReduce Jobs Launched: 
2024-04-24T06:29:17,131  INFO [main] ql.Driver: MapReduce Jobs Launched: 
Stage-Stage-1:  HDFS Read: 0 HDFS Write: 0 SUCCESS
2024-04-24T06:29:17,131  INFO [main] ql.Driver: Stage-Stage-1:  HDFS Read: 0 HDFS Write: 0 SUCCESS
Total MapReduce CPU Time Spent: 0 msec
2024-04-24T06:29:17,131  INFO [main] ql.Driver: Total MapReduce CPU Time Spent: 0 msec
2024-04-24T06:29:17,131  INFO [main] ql.Driver: Completed executing command(queryId=alex_20240424062915_3ba7faa9-914b-421c-8e67-0ca92f31c0f9); Time taken: 1.36 seconds
2024-04-24T06:29:17,131  INFO [main] ql.TxnCommandsBaseForTests: Running the query: insert into acidTbl(a,b)  values(5,6),(7,8)
2024-04-24T06:29:17,131  INFO [main] ql.Context: Deleting scratch dir: file:/home/alex/Repositories/hive/ql/target/tmp/localscratchdir/e1d768bc-fd8a-42ca-8d65-c72c97f95154/hive_2024-04-24_06-29-15_566_3837436622842566091-1
2024-04-24T06:29:17,132  INFO [main] cleanup.SyncCleanupService: Deleted directory: file:/home/alex/Repositories/hive/ql/target/tmp/localscratchdir/e1d768bc-fd8a-42ca-8d65-c72c97f95154/hive_2024-04-24_06-29-15_566_3837436622842566091-1 on fs with scheme file
2024-04-24T06:29:17,132  INFO [main] ql.Driver: Compiling command(queryId=alex_20240424062917_ee4c3aeb-bcad-4ac8-b75c-7b68b3600397): insert into acidTbl(a,b)  values(5,6),(7,8)
2024-04-24T06:29:17,133  INFO [main] parse.CalcitePlanner: Starting caching scope for: 
2024-04-24T06:29:17,133  INFO [main] parse.CalcitePlanner: Starting Semantic Analysis
2024-04-24T06:29:17,133  INFO [main] HiveMetaStore.audit: ugi=alex	ip=unknown-ip-addr	cmd=get_table : tbl=hive.default.acidTbl	
2024-04-24T06:29:17,140  INFO [main] metastore.HMSHandler: Skipping translation for processor with null
2024-04-24T06:29:17,140  INFO [main] parse.CalcitePlanner: Completed phase 1 of Semantic Analysis
2024-04-24T06:29:17,140  INFO [main] parse.CalcitePlanner: Get metadata for source tables
2024-04-24T06:29:17,140  INFO [main] parse.CalcitePlanner: Get metadata for subqueries
2024-04-24T06:29:17,140  INFO [main] parse.CalcitePlanner: Get metadata for destination tables
2024-04-24T06:29:17,140  INFO [main] HiveMetaStore.audit: ugi=alex	ip=unknown-ip-addr	cmd=get_table : tbl=hive.default.acidTbl	
2024-04-24T06:29:17,146  INFO [main] metastore.HMSHandler: Skipping translation for processor with null
2024-04-24T06:29:17,146  INFO [main] parse.CalcitePlanner: Completed getting MetaData in Semantic Analysis
2024-04-24T06:29:17,146  INFO [main] parse.CalcitePlanner: Disabling LLAP IO encode as ETL query is detected
2024-04-24T06:29:17,166  INFO [main] HiveMetaStore.audit: ugi=alex	ip=unknown-ip-addr	cmd=get_all_table_constraints : tbl=hive._dummy_database._dummy_table	
2024-04-24T06:29:17,212  INFO [main] parse.CalcitePlanner: Get metadata for source tables
2024-04-24T06:29:17,212  INFO [main] parse.CalcitePlanner: Get metadata for subqueries
2024-04-24T06:29:17,212  INFO [main] parse.CalcitePlanner: Get metadata for source tables
2024-04-24T06:29:17,213  INFO [main] HiveMetaStore.audit: ugi=alex	ip=unknown-ip-addr	cmd=get_table : tbl=hive._dummy_database._dummy_table	
2024-04-24T06:29:17,215  INFO [main] parse.CalcitePlanner: Get metadata for subqueries
2024-04-24T06:29:17,215  INFO [main] parse.CalcitePlanner: Get metadata for destination tables
2024-04-24T06:29:17,215  INFO [main] parse.CalcitePlanner: Get metadata for destination tables
2024-04-24T06:29:17,215  INFO [main] HiveMetaStore.audit: ugi=alex	ip=unknown-ip-addr	cmd=get_table : tbl=hive.default.acidTbl	
2024-04-24T06:29:17,221  INFO [main] metastore.HMSHandler: Skipping translation for processor with null
2024-04-24T06:29:17,222  INFO [main] HiveMetaStore.audit: ugi=alex	ip=unknown-ip-addr	cmd=get_not_null_constraints : tbl=hive.default.acidtbl	
2024-04-24T06:29:17,224  INFO [main] HiveMetaStore.audit: ugi=alex	ip=unknown-ip-addr	cmd=get_check_constraints : tbl=hive.default.acidtbl	
2024-04-24T06:29:17,225  INFO [main] parse.CalcitePlanner: CBO Succeeded; optimized logical plan.
2024-04-24T06:29:17,228  INFO [main] optimizer.ColumnPrunerProcFactory: RS 4 oldColExprMap: {KEY.reducesinkkey0=Column[_col0], VALUE._col0=Column[_col1]}
2024-04-24T06:29:17,228  INFO [main] optimizer.ColumnPrunerProcFactory: RS 4 newColExprMap: {KEY.reducesinkkey0=Column[_col0], VALUE._col0=Column[_col1]}
2024-04-24T06:29:17,229  INFO [main] optimizer.BucketVersionPopulator: not considering bucketingVersion for: TS[0] because it has -1<2 buckets 
2024-04-24T06:29:17,229  INFO [main] optimizer.SortedDynPartitionOptimizer: Sorted dynamic partitioning optimization kicked in..
2024-04-24T06:29:17,237  INFO [main] HiveMetaStore.audit: ugi=alex	ip=unknown-ip-addr	cmd=get_table : tbl=hive.default.acidtbl	
2024-04-24T06:29:17,245  INFO [main] metastore.HMSHandler: Skipping translation for processor with null
2024-04-24T06:29:17,246  INFO [main] parse.CalcitePlanner: Completed plan generation
2024-04-24T06:29:17,246  INFO [main] parse.CalcitePlanner: Ending caching scope for: 
2024-04-24T06:29:17,246  INFO [main] ql.Driver: Semantic Analysis Completed (retrial = false)
2024-04-24T06:29:17,246  INFO [main] ql.Driver: Created Hive schema: Schema(fieldSchemas:[FieldSchema(name:_col0, type:int, comment:null), FieldSchema(name:_col1, type:int, comment:null)], properties:null)
2024-04-24T06:29:17,246  INFO [main] metadata.Hive: Dumping metastore api call timing information for : compilation phase
2024-04-24T06:29:17,246  INFO [main] metadata.Hive: Total time spent in each metastore function (ms): {getCheckConstraints_(CheckConstraintsRequest)=0, flushCache_()=0, getValidWriteIds_(List, String)=2, getNotNullConstraints_(NotNullConstraintsRequest)=2, isCompatibleWith_(Configuration)=0, getTable_(GetTableRequest)=27, getAllTableConstraints_(AllTableConstraintsRequest)=4}
2024-04-24T06:29:17,246  INFO [main] ql.Driver: Completed compiling command(queryId=alex_20240424062917_ee4c3aeb-bcad-4ac8-b75c-7b68b3600397); Time taken: 0.114 seconds
2024-04-24T06:29:17,247  INFO [main] lockmgr.DbTxnManager: Setting lock request transaction to txnid:13 for queryId=alex_20240424062917_ee4c3aeb-bcad-4ac8-b75c-7b68b3600397
2024-04-24T06:29:17,247  INFO [main] lockmgr.DbLockManager: Requesting lock for queryId=alex_20240424062917_ee4c3aeb-bcad-4ac8-b75c-7b68b3600397
2024-04-24T06:29:17,260  INFO [main] lockmgr.DbLockManager: Response to queryId=alex_20240424062917_ee4c3aeb-bcad-4ac8-b75c-7b68b3600397 LockResponse(lockid:8, state:ACQUIRED)
2024-04-24T06:29:17,260  INFO [main] ql.Driver: Operation QUERY obtained 1 locks
2024-04-24T06:29:17,260  INFO [main] ql.Driver: Executing command(queryId=alex_20240424062917_ee4c3aeb-bcad-4ac8-b75c-7b68b3600397): insert into acidTbl(a,b)  values(5,6),(7,8)
2024-04-24T06:29:17,261  WARN [main] ql.Driver: Hive-on-MR is deprecated in Hive 2 and may not be available in the future versions. Consider using a different execution engine (i.e. spark, tez) or using Hive 1.X releases.
Query ID = alex_20240424062917_ee4c3aeb-bcad-4ac8-b75c-7b68b3600397
2024-04-24T06:29:17,261  INFO [main] ql.Driver: Query ID = alex_20240424062917_ee4c3aeb-bcad-4ac8-b75c-7b68b3600397
Total jobs = 1
2024-04-24T06:29:17,261  INFO [main] ql.Driver: Total jobs = 1
Launching Job 1 out of 1
2024-04-24T06:29:17,261  INFO [main] ql.Driver: Launching Job 1 out of 1
2024-04-24T06:29:17,383  INFO [main] ql.Driver: Starting task [Stage-1:MAPRED] in serial mode
Number of reduce tasks determined at compile time: 2
2024-04-24T06:29:17,383  INFO [main] exec.Task: Number of reduce tasks determined at compile time: 2
In order to change the average load for a reducer (in bytes):
2024-04-24T06:29:17,383  INFO [main] exec.Task: In order to change the average load for a reducer (in bytes):
  set hive.exec.reducers.bytes.per.reducer=<number>
2024-04-24T06:29:17,383  INFO [main] exec.Task:   set hive.exec.reducers.bytes.per.reducer=<number>
In order to limit the maximum number of reducers:
2024-04-24T06:29:17,383  INFO [main] exec.Task: In order to limit the maximum number of reducers:
  set hive.exec.reducers.max=<number>
2024-04-24T06:29:17,383  INFO [main] exec.Task:   set hive.exec.reducers.max=<number>
In order to set a constant number of reducers:
2024-04-24T06:29:17,383  INFO [main] exec.Task: In order to set a constant number of reducers:
  set mapreduce.job.reduces=<number>
2024-04-24T06:29:17,383  INFO [main] exec.Task:   set mapreduce.job.reduces=<number>
2024-04-24T06:29:17,385  INFO [main] mr.ExecDriver: Using org.apache.hadoop.hive.ql.io.HiveInputFormat
2024-04-24T06:29:17,386  INFO [main] exec.Utilities: Processing alias $hdt$_0:_dummy_table
2024-04-24T06:29:17,386  INFO [main] exec.Utilities: Adding 1 inputs; the first input is file:/home/alex/Repositories/hive/ql/target/tmp/localscratchdir/e1d768bc-fd8a-42ca-8d65-c72c97f95154/hive_2024-04-24_06-29-17_132_8528285225748135547-1/dummy_path
2024-04-24T06:29:17,395  INFO [main] exec.SerializationUtilities: Serializing MapWork using kryo
2024-04-24T06:29:17,395  INFO [main] exec.Utilities: Serialized plan (via FILE) - name: null size: 4,99KB
2024-04-24T06:29:17,400  INFO [main] exec.SerializationUtilities: Serializing ReduceWork using kryo
2024-04-24T06:29:17,401  INFO [main] exec.Utilities: Serialized plan (via FILE) - name: null size: 5,92KB
2024-04-24T06:29:17,402  WARN [main] impl.MetricsSystemImpl: JobTracker metrics system already initialized!
2024-04-24T06:29:17,407  INFO [main] fs.FSStatsPublisher: created : file:/home/alex/Repositories/hive/ql/target/tmp/localscratchdir/e1d768bc-fd8a-42ca-8d65-c72c97f95154/hive_2024-04-24_06-29-17_132_8528285225748135547-1/-mr-10000
2024-04-24T06:29:17,409  WARN [main] impl.MetricsSystemImpl: JobTracker metrics system already initialized!
2024-04-24T06:29:17,415  WARN [main] mapreduce.JobResourceUploader: Hadoop command-line option parsing not performed. Implement the Tool interface and execute your application with ToolRunner to remedy this.
2024-04-24T06:29:17,420  WARN [main] mapreduce.JobResourceUploader: No job jar file set.  User classes may not be found. See Job or Job#setJar(String).
2024-04-24T06:29:17,420  INFO [main] io.HiveInputFormat: hive.io.file.readcolumn.ids = 
2024-04-24T06:29:17,420  INFO [main] io.HiveInputFormat: hive.io.file.readcolumn.names = 
2024-04-24T06:29:17,420  INFO [main] io.HiveInputFormat: Generating splits for dirs: file:/home/alex/Repositories/hive/ql/target/tmp/localscratchdir/e1d768bc-fd8a-42ca-8d65-c72c97f95154/hive_2024-04-24_06-29-17_132_8528285225748135547-1/dummy_path
2024-04-24T06:29:17,421  INFO [main] io.HiveInputFormat: number of splits 1
2024-04-24T06:29:17,438  INFO [main] mapreduce.JobSubmitter: number of splits:1
2024-04-24T06:29:17,455  INFO [main] mapreduce.JobSubmitter: Submitting tokens for job: job_local976484151_0043
2024-04-24T06:29:17,455  INFO [main] mapreduce.JobSubmitter: Executing with tokens: []
2024-04-24T06:29:17,515  INFO [main] mapreduce.Job: The url to track the job: http://localhost:8080/
Job running in-process (local Hadoop)
2024-04-24T06:29:17,515  INFO [main] exec.Task: Job running in-process (local Hadoop)
2024-04-24T06:29:17,515  INFO [Thread-3597] mapred.LocalJobRunner: OutputCommitter set in config org.apache.hadoop.hive.ql.io.HiveFileFormatUtils$NullOutputCommitter
2024-04-24T06:29:17,515  INFO [Thread-3597] mapred.LocalJobRunner: OutputCommitter is org.apache.hadoop.hive.ql.io.HiveFileFormatUtils$NullOutputCommitter
2024-04-24T06:29:17,517  INFO [Thread-3597] mapred.LocalJobRunner: Waiting for map tasks
2024-04-24T06:29:17,517  INFO [LocalJobRunner Map Task Executor #0] mapred.LocalJobRunner: Starting task: attempt_local976484151_0043_m_000000_0
2024-04-24T06:29:17,518  INFO [LocalJobRunner Map Task Executor #0] mapred.Task:  Using ResourceCalculatorProcessTree : [ ]
2024-04-24T06:29:17,518  INFO [LocalJobRunner Map Task Executor #0] mapred.MapTask: Processing split: org.apache.hadoop.hive.ql.io.NullRowsInputFormat:file:/home/alex/Repositories/hive/ql/target/tmp/localscratchdir/e1d768bc-fd8a-42ca-8d65-c72c97f95154/hive_2024-04-24_06-29-17_132_8528285225748135547-1/dummy_path/null:0+1
2024-04-24T06:29:17,518  INFO [LocalJobRunner Map Task Executor #0] exec.SerializationUtilities: Deserializing MapWork using kryo
2024-04-24T06:29:17,519  INFO [LocalJobRunner Map Task Executor #0] exec.Utilities: Deserialized plan (via FILE) - name: null size: 4,99KB
2024-04-24T06:29:17,519  INFO [LocalJobRunner Map Task Executor #0] mapred.MapTask: numReduceTasks: 2
2024-04-24T06:29:17,535  INFO [LocalJobRunner Map Task Executor #0] mapred.MapTask: (EQUATOR) 0 kvi 26214396(104857584)
2024-04-24T06:29:17,535  INFO [LocalJobRunner Map Task Executor #0] mapred.MapTask: mapreduce.task.io.sort.mb: 100
2024-04-24T06:29:17,535  INFO [LocalJobRunner Map Task Executor #0] mapred.MapTask: soft limit at 83886080
2024-04-24T06:29:17,535  INFO [LocalJobRunner Map Task Executor #0] mapred.MapTask: bufstart = 0; bufvoid = 104857600
2024-04-24T06:29:17,535  INFO [LocalJobRunner Map Task Executor #0] mapred.MapTask: kvstart = 26214396; length = 6553600
2024-04-24T06:29:17,536  INFO [LocalJobRunner Map Task Executor #0] mapred.MapTask: Map output collector class = org.apache.hadoop.mapred.MapTask$MapOutputBuffer
2024-04-24T06:29:17,536  INFO [LocalJobRunner Map Task Executor #0] exec.MapOperator: Initializing Operator: MAP[0]
2024-04-24T06:29:17,536  INFO [LocalJobRunner Map Task Executor #0] mr.ExecMapper: 
<MAP>Id =0
  <Children>null
  <\Children>
  <Parent><\Parent>
<\MAP>
2024-04-24T06:29:17,537  INFO [LocalJobRunner Map Task Executor #0] exec.TableScanOperator: Initializing Operator: TS[0]
2024-04-24T06:29:17,537  INFO [LocalJobRunner Map Task Executor #0] exec.SelectOperator: Initializing Operator: SEL[1]
2024-04-24T06:29:17,537  INFO [LocalJobRunner Map Task Executor #0] exec.SelectOperator: SELECT null
2024-04-24T06:29:17,537  INFO [LocalJobRunner Map Task Executor #0] exec.UDTFOperator: Initializing Operator: UDTF[2]
2024-04-24T06:29:17,537  INFO [LocalJobRunner Map Task Executor #0] exec.SelectOperator: Initializing Operator: SEL[3]
2024-04-24T06:29:17,537  INFO [LocalJobRunner Map Task Executor #0] exec.SelectOperator: SELECT struct<col1:int,col2:int>
2024-04-24T06:29:17,537  INFO [LocalJobRunner Map Task Executor #0] exec.ReduceSinkOperator: Initializing Operator: RS[4]
2024-04-24T06:29:17,537  INFO [LocalJobRunner Map Task Executor #0] exec.ReduceSinkOperator: Using tag = -1
2024-04-24T06:29:17,538  INFO [LocalJobRunner Map Task Executor #0] exec.ReduceSinkOperator: keys are [reducesinkkey0] num distributions: 1
2024-04-24T06:29:17,538  INFO [LocalJobRunner Map Task Executor #0] exec.ReduceSinkOperator: RS[4]: records written - 1
2024-04-24T06:29:17,538  INFO [LocalJobRunner Map Task Executor #0] exec.MapOperator: MAP[0]: records read - 1
2024-04-24T06:29:17,538  INFO [LocalJobRunner Map Task Executor #0] exec.MapOperator: Closing Operator: MAP[0]
2024-04-24T06:29:17,538  INFO [LocalJobRunner Map Task Executor #0] exec.MapOperator: MAP[0]: Total records read - 3. abort - false
2024-04-24T06:29:17,538  INFO [LocalJobRunner Map Task Executor #0] exec.MapOperator: RECORDS_OUT_OPERATOR_MAP_0:0, RECORDS_IN:3, DESERIALIZE_ERRORS:0, RECORDS_OUT_INTERMEDIATE:0, 
2024-04-24T06:29:17,539  INFO [LocalJobRunner Map Task Executor #0] exec.TableScanOperator: Closing Operator: TS[0]
2024-04-24T06:29:17,539  INFO [LocalJobRunner Map Task Executor #0] exec.TableScanOperator: RECORDS_OUT_INTERMEDIATE:0, RECORDS_OUT_OPERATOR_TS_0:1, 
2024-04-24T06:29:17,539  INFO [LocalJobRunner Map Task Executor #0] exec.SelectOperator: Closing Operator: SEL[1]
2024-04-24T06:29:17,539  INFO [LocalJobRunner Map Task Executor #0] exec.SelectOperator: RECORDS_OUT_INTERMEDIATE:0, RECORDS_OUT_OPERATOR_SEL_1:1, 
2024-04-24T06:29:17,539  INFO [LocalJobRunner Map Task Executor #0] exec.UDTFOperator: Closing Operator: UDTF[2]
2024-04-24T06:29:17,539  INFO [LocalJobRunner Map Task Executor #0] exec.UDTFOperator: RECORDS_OUT_OPERATOR_UDTF_2:2, RECORDS_OUT_INTERMEDIATE:0, 
2024-04-24T06:29:17,539  INFO [LocalJobRunner Map Task Executor #0] exec.SelectOperator: Closing Operator: SEL[3]
2024-04-24T06:29:17,539  INFO [LocalJobRunner Map Task Executor #0] exec.SelectOperator: RECORDS_OUT_INTERMEDIATE:0, RECORDS_OUT_OPERATOR_SEL_3:2, 
2024-04-24T06:29:17,539  INFO [LocalJobRunner Map Task Executor #0] exec.ReduceSinkOperator: Closing Operator: RS[4]
2024-04-24T06:29:17,539  INFO [LocalJobRunner Map Task Executor #0] exec.ReduceSinkOperator: RS[4]: Total records written - 2. abort - false
2024-04-24T06:29:17,539  INFO [LocalJobRunner Map Task Executor #0] exec.ReduceSinkOperator: RECORDS_OUT_OPERATOR_RS_4:2, RECORDS_OUT_INTERMEDIATE:2, 
2024-04-24T06:29:17,539  INFO [LocalJobRunner Map Task Executor #0] mapred.LocalJobRunner: 
2024-04-24T06:29:17,539  INFO [LocalJobRunner Map Task Executor #0] mapred.MapTask: Starting flush of map output
2024-04-24T06:29:17,539  INFO [LocalJobRunner Map Task Executor #0] mapred.MapTask: Spilling map output
2024-04-24T06:29:17,539  INFO [LocalJobRunner Map Task Executor #0] mapred.MapTask: bufstart = 0; bufend = 32; bufvoid = 104857600
2024-04-24T06:29:17,539  INFO [LocalJobRunner Map Task Executor #0] mapred.MapTask: kvstart = 26214396(104857584); kvend = 26214392(104857568); length = 5/6553600
2024-04-24T06:29:17,549  INFO [LocalJobRunner Map Task Executor #0] mapred.MapTask: Finished spill 0
2024-04-24T06:29:17,552  INFO [LocalJobRunner Map Task Executor #0] mapred.Task: Task:attempt_local976484151_0043_m_000000_0 is done. And is in the process of committing
2024-04-24T06:29:17,553  INFO [LocalJobRunner Map Task Executor #0] mapred.LocalJobRunner: map
2024-04-24T06:29:17,553  INFO [LocalJobRunner Map Task Executor #0] mapred.Task: Task 'attempt_local976484151_0043_m_000000_0' done.
2024-04-24T06:29:17,553  INFO [LocalJobRunner Map Task Executor #0] mapred.Task: Final Counters for attempt_local976484151_0043_m_000000_0: Counters: 26
	File System Counters
		FILE: Number of bytes read=920268
		FILE: Number of bytes written=50722858
		FILE: Number of read operations=0
		FILE: Number of large read operations=0
		FILE: Number of write operations=0
	Map-Reduce Framework
		Map input records=4
		Map output records=2
		Map output bytes=32
		Map output materialized bytes=48
		Input split bytes=361
		Combine input records=0
		Spilled Records=2
		Failed Shuffles=0
		Merged Map outputs=0
		GC time elapsed (ms)=11
		Total committed heap usage (bytes)=1246232576
	HIVE
		DESERIALIZE_ERRORS=0
		RECORDS_IN=3
		RECORDS_OUT_INTERMEDIATE=2
		RECORDS_OUT_OPERATOR_MAP_0=0
		RECORDS_OUT_OPERATOR_RS_4=2
		RECORDS_OUT_OPERATOR_SEL_1=1
		RECORDS_OUT_OPERATOR_SEL_3=2
		RECORDS_OUT_OPERATOR_TS_0=1
		RECORDS_OUT_OPERATOR_UDTF_2=2
	File Input Format Counters 
		Bytes Read=5039
2024-04-24T06:29:17,553  INFO [LocalJobRunner Map Task Executor #0] mapred.LocalJobRunner: Finishing task: attempt_local976484151_0043_m_000000_0
2024-04-24T06:29:17,553  INFO [Thread-3597] mapred.LocalJobRunner: map task executor complete.
2024-04-24T06:29:17,554  INFO [Thread-3597] mapred.LocalJobRunner: Waiting for reduce tasks
2024-04-24T06:29:17,554  INFO [pool-210-thread-1] mapred.LocalJobRunner: Starting task: attempt_local976484151_0043_r_000000_0
2024-04-24T06:29:17,555  INFO [pool-210-thread-1] mapred.Task:  Using ResourceCalculatorProcessTree : [ ]
2024-04-24T06:29:17,555  INFO [pool-210-thread-1] mapred.ReduceTask: Using ShuffleConsumerPlugin: org.apache.hadoop.mapreduce.task.reduce.Shuffle@6e3ccbb8
2024-04-24T06:29:17,555  WARN [pool-210-thread-1] impl.MetricsSystemImpl: JobTracker metrics system already initialized!
2024-04-24T06:29:17,555  INFO [pool-210-thread-1] reduce.MergeManagerImpl: MergerManager: memoryLimit=1336252800, maxSingleShuffleLimit=334063200, mergeThreshold=881926912, ioSortFactor=10, memToMemMergeOutputsThreshold=10
2024-04-24T06:29:17,556  INFO [EventFetcher for fetching Map Completion Events] reduce.EventFetcher: attempt_local976484151_0043_r_000000_0 Thread started: EventFetcher for fetching Map Completion Events
2024-04-24T06:29:17,557  INFO [localfetcher#61] reduce.LocalFetcher: localfetcher#61 about to shuffle output of map attempt_local976484151_0043_m_000000_0 decomp: 20 len: 24 to MEMORY
2024-04-24T06:29:17,557  INFO [localfetcher#61] reduce.InMemoryMapOutput: Read 20 bytes from map-output for attempt_local976484151_0043_m_000000_0
2024-04-24T06:29:17,557  INFO [localfetcher#61] reduce.MergeManagerImpl: closeInMemoryFile -> map-output of size: 20, inMemoryMapOutputs.size() -> 1, commitMemory -> 0, usedMemory ->20
2024-04-24T06:29:17,557  INFO [EventFetcher for fetching Map Completion Events] reduce.EventFetcher: EventFetcher is interrupted.. Returning
2024-04-24T06:29:17,558  INFO [pool-210-thread-1] mapred.LocalJobRunner: 1 / 1 copied.
2024-04-24T06:29:17,558  INFO [pool-210-thread-1] reduce.MergeManagerImpl: finalMerge called with 1 in-memory map-outputs and 0 on-disk map-outputs
2024-04-24T06:29:17,564  INFO [pool-210-thread-1] mapred.Merger: Merging 1 sorted segments
2024-04-24T06:29:17,564  INFO [pool-210-thread-1] mapred.Merger: Down to the last merge-pass, with 1 segments left of total size: 8 bytes
2024-04-24T06:29:17,566  INFO [pool-210-thread-1] reduce.MergeManagerImpl: Merged 1 segments, 20 bytes to disk to satisfy reduce memory limit
2024-04-24T06:29:17,566  INFO [pool-210-thread-1] reduce.MergeManagerImpl: Merging 1 files, 24 bytes from disk
2024-04-24T06:29:17,566  INFO [pool-210-thread-1] reduce.MergeManagerImpl: Merging 0 segments, 0 bytes from memory into reduce
2024-04-24T06:29:17,566  INFO [pool-210-thread-1] mapred.Merger: Merging 1 sorted segments
2024-04-24T06:29:17,566  INFO [pool-210-thread-1] mapred.Merger: Down to the last merge-pass, with 1 segments left of total size: 8 bytes
2024-04-24T06:29:17,566  INFO [pool-210-thread-1] mapred.LocalJobRunner: 1 / 1 copied.
2024-04-24T06:29:17,567  INFO [pool-210-thread-1] exec.SerializationUtilities: Deserializing ReduceWork using kryo
2024-04-24T06:29:17,567  INFO [pool-210-thread-1] exec.Utilities: Deserialized plan (via FILE) - name: null size: 5,92KB
2024-04-24T06:29:17,568  INFO [pool-210-thread-1] ExecReducer: 
<SEL>Id =5
  <Children>
    <FS>Id =6
      <Children>
      <\Children>
      <Parent>Id = 5 null<\Parent>
    <\FS>
  <\Children>
  <Parent><\Parent>
<\SEL>
2024-04-24T06:29:17,568  INFO [pool-210-thread-1] exec.SelectOperator: Initializing Operator: SEL[5]
2024-04-24T06:29:17,568  INFO [pool-210-thread-1] exec.SelectOperator: SELECT struct<key:struct<reducesinkkey0:int>,value:struct<_col0:int>>
2024-04-24T06:29:17,568  INFO [pool-210-thread-1] exec.FileSinkOperator: Initializing Operator: FS[6]
2024-04-24T06:29:17,568  INFO [pool-210-thread-1] exec.FileSinkOperator: Using serializer : AbstractSerDe [log=org.apache.logging.slf4j.Log4jLogger@3c370966, configuration=Optional[Configuration: core-default.xml, core-site.xml, mapred-default.xml, mapred-site.xml, yarn-default.xml, yarn-site.xml, hdfs-default.xml, hdfs-site.xml, file:/home/alex/Repositories/hive/ql/target/tmp/TestTxnCommands/mapred/local/localRunner/alex/job_local976484151_0043/job_local976484151_0043.xml], properties={transactional_properties=default, name=default.acidtbl, transactional=true, columns.types=int:int, bucket_field_name=a, columns=a,b, numFilesErasureCoded=0, columns.comments=&amp#0;, bucketing_version=2, bucket_count=2, serialization.lib=org.apache.hadoop.hive.ql.io.orc.OrcSerde, file.inputformat=org.apache.hadoop.hive.ql.io.orc.OrcInputFormat, file.outputformat=org.apache.hadoop.hive.ql.io.orc.OrcOutputFormat, location=file:/home/alex/Repositories/hive/ql/target/tmp/org.apache.hadoop.hive.ql.TestTxnCommands-1713965238357/warehouse/acidtbl, column.name.delimiter=,}, tableProperties={transactional_properties=default, name=default.acidtbl, transactional=true, columns.types=int:int, bucket_field_name=a, columns=a,b, numFilesErasureCoded=0, columns.comments=&amp#0;, bucketing_version=2, bucket_count=2, serialization.lib=org.apache.hadoop.hive.ql.io.orc.OrcSerde, file.inputformat=org.apache.hadoop.hive.ql.io.orc.OrcInputFormat, location=file:/home/alex/Repositories/hive/ql/target/tmp/org.apache.hadoop.hive.ql.TestTxnCommands-1713965238357/warehouse/acidtbl, file.outputformat=org.apache.hadoop.hive.ql.io.orc.OrcOutputFormat, column.name.delimiter=,}, partitionProperties=Optional.empty, columnNames=[a, b], columnTypes=[int, int], getClass()=class org.apache.hadoop.hive.ql.io.orc.OrcSerde] and formatter : org.apache.hadoop.hive.ql.io.orc.OrcOutputFormat@4a2a7e10
2024-04-24T06:29:17,569  INFO [pool-210-thread-1] exec.FileSinkOperator: Final Path: FS file:/home/alex/Repositories/hive/ql/target/tmp/org.apache.hadoop.hive.ql.TestTxnCommands-1713965238357/warehouse/acidtbl
2024-04-24T06:29:17,569  INFO [pool-210-thread-1] exec.FileSinkOperator: New Final Path: FS file:/home/alex/Repositories/hive/ql/target/tmp/org.apache.hadoop.hive.ql.TestTxnCommands-1713965238357/warehouse/acidtbl
2024-04-24T06:29:17,569  INFO [pool-210-thread-1] common.FileUtils: Creating directory if it doesn't exist: file:/home/alex/Repositories/hive/ql/target/tmp/org.apache.hadoop.hive.ql.TestTxnCommands-1713965238357/warehouse
2024-04-24T06:29:17,569  INFO [pool-210-thread-1] exec.FileSinkOperator: FS[6]: records written - 1
2024-04-24T06:29:17,569  INFO [pool-210-thread-1] impl.PhysicalFsWriter: ORC writer created for path: file:/home/alex/Repositories/hive/ql/target/tmp/org.apache.hadoop.hive.ql.TestTxnCommands-1713965238357/warehouse/acidtbl/delta_0000001_0000001_0001/bucket_00000_0 with stripeSize: 8388608 blockSize: 268435456 compression: Compress: ZLIB buffer: 32768
2024-04-24T06:29:17,576  INFO [pool-210-thread-1] impl.WriterImpl: ORC writer created for path: file:/home/alex/Repositories/hive/ql/target/tmp/org.apache.hadoop.hive.ql.TestTxnCommands-1713965238357/warehouse/acidtbl/delta_0000001_0000001_0001/bucket_00000_0 with stripeSize: 8388608 options: Compress: ZLIB buffer: 32768
2024-04-24T06:29:17,580  INFO [pool-210-thread-1] exec.SelectOperator: Closing Operator: SEL[5]
2024-04-24T06:29:17,580  INFO [pool-210-thread-1] exec.SelectOperator: RECORDS_OUT_INTERMEDIATE:0, RECORDS_OUT_OPERATOR_SEL_5:1, 
2024-04-24T06:29:17,580  INFO [pool-210-thread-1] exec.FileSinkOperator: Closing Operator: FS[6]
2024-04-24T06:29:17,580  INFO [pool-210-thread-1] exec.FileSinkOperator: FS[6]: records written - 1
2024-04-24T06:29:17,582  INFO [pool-210-thread-1] FileOperations: Writing manifest to file:/home/alex/Repositories/hive/ql/target/tmp/org.apache.hadoop.hive.ql.TestTxnCommands-1713965238357/warehouse/acidtbl/_tmp.delta_0000001_0000001_0001/000000_0.manifest with [file:/home/alex/Repositories/hive/ql/target/tmp/org.apache.hadoop.hive.ql.TestTxnCommands-1713965238357/warehouse/acidtbl/delta_0000001_0000001_0001/bucket_00000_0]
2024-04-24T06:29:17,593  INFO [pool-210-thread-1] exec.FileSinkOperator: RECORDS_OUT_INTERMEDIATE:0, RECORDS_OUT_1_default.acidtbl:1, RECORDS_OUT_OPERATOR_FS_6:1, TOTAL_TABLE_ROWS_WRITTEN:1, 
2024-04-24T06:29:17,593  INFO [pool-210-thread-1] mapred.Task: Task:attempt_local976484151_0043_r_000000_0 is done. And is in the process of committing
2024-04-24T06:29:17,593  INFO [pool-210-thread-1] mapred.LocalJobRunner: reduce > reduce
2024-04-24T06:29:17,593  INFO [pool-210-thread-1] mapred.Task: Task 'attempt_local976484151_0043_r_000000_0' done.
2024-04-24T06:29:17,593  INFO [pool-210-thread-1] mapred.Task: Final Counters for attempt_local976484151_0043_r_000000_0: Counters: 30
	File System Counters
		FILE: Number of bytes read=926373
		FILE: Number of bytes written=50723904
		FILE: Number of read operations=0
		FILE: Number of large read operations=0
		FILE: Number of write operations=0
	Map-Reduce Framework
		Combine input records=0
		Combine output records=0
		Reduce input groups=1
		Reduce shuffle bytes=24
		Reduce input records=1
		Reduce output records=0
		Spilled Records=1
		Shuffled Maps =1
		Failed Shuffles=0
		Merged Map outputs=1
		GC time elapsed (ms)=0
		Total committed heap usage (bytes)=1246232576
	HIVE
		CREATED_FILES=1
		RECORDS_OUT_1_default.acidtbl=1
		RECORDS_OUT_INTERMEDIATE=0
		RECORDS_OUT_OPERATOR_FS_6=1
		RECORDS_OUT_OPERATOR_SEL_5=1
		TOTAL_TABLE_ROWS_WRITTEN=1
	Shuffle Errors
		BAD_ID=0
		CONNECTION=0
		IO_ERROR=0
		WRONG_LENGTH=0
		WRONG_MAP=0
		WRONG_REDUCE=0
	File Output Format Counters 
		Bytes Written=0
2024-04-24T06:29:17,593  INFO [pool-210-thread-1] mapred.LocalJobRunner: Finishing task: attempt_local976484151_0043_r_000000_0
2024-04-24T06:29:17,593  INFO [pool-210-thread-1] mapred.LocalJobRunner: Starting task: attempt_local976484151_0043_r_000001_0
2024-04-24T06:29:17,594  INFO [pool-210-thread-1] mapred.Task:  Using ResourceCalculatorProcessTree : [ ]
2024-04-24T06:29:17,594  INFO [pool-210-thread-1] mapred.ReduceTask: Using ShuffleConsumerPlugin: org.apache.hadoop.mapreduce.task.reduce.Shuffle@3db2b9f1
2024-04-24T06:29:17,594  WARN [pool-210-thread-1] impl.MetricsSystemImpl: JobTracker metrics system already initialized!
2024-04-24T06:29:17,595  INFO [pool-210-thread-1] reduce.MergeManagerImpl: MergerManager: memoryLimit=1336252800, maxSingleShuffleLimit=334063200, mergeThreshold=881926912, ioSortFactor=10, memToMemMergeOutputsThreshold=10
2024-04-24T06:29:17,595  INFO [EventFetcher for fetching Map Completion Events] reduce.EventFetcher: attempt_local976484151_0043_r_000001_0 Thread started: EventFetcher for fetching Map Completion Events
2024-04-24T06:29:17,598  INFO [localfetcher#62] reduce.LocalFetcher: localfetcher#62 about to shuffle output of map attempt_local976484151_0043_m_000000_0 decomp: 20 len: 24 to MEMORY
2024-04-24T06:29:17,598  INFO [localfetcher#62] reduce.InMemoryMapOutput: Read 20 bytes from map-output for attempt_local976484151_0043_m_000000_0
2024-04-24T06:29:17,598  INFO [localfetcher#62] reduce.MergeManagerImpl: closeInMemoryFile -> map-output of size: 20, inMemoryMapOutputs.size() -> 1, commitMemory -> 0, usedMemory ->20
2024-04-24T06:29:17,599  INFO [EventFetcher for fetching Map Completion Events] reduce.EventFetcher: EventFetcher is interrupted.. Returning
2024-04-24T06:29:17,599  INFO [pool-210-thread-1] mapred.LocalJobRunner: 1 / 1 copied.
2024-04-24T06:29:17,599  INFO [pool-210-thread-1] reduce.MergeManagerImpl: finalMerge called with 1 in-memory map-outputs and 0 on-disk map-outputs
2024-04-24T06:29:17,605  INFO [pool-210-thread-1] mapred.Merger: Merging 1 sorted segments
2024-04-24T06:29:17,605  INFO [pool-210-thread-1] mapred.Merger: Down to the last merge-pass, with 1 segments left of total size: 8 bytes
2024-04-24T06:29:17,608  INFO [pool-210-thread-1] reduce.MergeManagerImpl: Merged 1 segments, 20 bytes to disk to satisfy reduce memory limit
2024-04-24T06:29:17,608  INFO [pool-210-thread-1] reduce.MergeManagerImpl: Merging 1 files, 24 bytes from disk
2024-04-24T06:29:17,608  INFO [pool-210-thread-1] reduce.MergeManagerImpl: Merging 0 segments, 0 bytes from memory into reduce
2024-04-24T06:29:17,608  INFO [pool-210-thread-1] mapred.Merger: Merging 1 sorted segments
2024-04-24T06:29:17,608  INFO [pool-210-thread-1] mapred.Merger: Down to the last merge-pass, with 1 segments left of total size: 8 bytes
2024-04-24T06:29:17,608  INFO [pool-210-thread-1] mapred.LocalJobRunner: 1 / 1 copied.
2024-04-24T06:29:17,608  INFO [pool-210-thread-1] exec.SerializationUtilities: Deserializing ReduceWork using kryo
2024-04-24T06:29:17,609  INFO [pool-210-thread-1] exec.Utilities: Deserialized plan (via FILE) - name: null size: 5,92KB
2024-04-24T06:29:17,609  INFO [pool-210-thread-1] ExecReducer: 
<SEL>Id =5
  <Children>
    <FS>Id =6
      <Children>
      <\Children>
      <Parent>Id = 5 null<\Parent>
    <\FS>
  <\Children>
  <Parent><\Parent>
<\SEL>
2024-04-24T06:29:17,609  INFO [pool-210-thread-1] exec.SelectOperator: Initializing Operator: SEL[5]
2024-04-24T06:29:17,609  INFO [pool-210-thread-1] exec.SelectOperator: SELECT struct<key:struct<reducesinkkey0:int>,value:struct<_col0:int>>
2024-04-24T06:29:17,610  INFO [pool-210-thread-1] exec.FileSinkOperator: Initializing Operator: FS[6]
2024-04-24T06:29:17,610  INFO [pool-210-thread-1] exec.FileSinkOperator: Using serializer : AbstractSerDe [log=org.apache.logging.slf4j.Log4jLogger@3c370966, configuration=Optional[Configuration: core-default.xml, core-site.xml, mapred-default.xml, mapred-site.xml, yarn-default.xml, yarn-site.xml, hdfs-default.xml, hdfs-site.xml, file:/home/alex/Repositories/hive/ql/target/tmp/TestTxnCommands/mapred/local/localRunner/alex/job_local976484151_0043/job_local976484151_0043.xml], properties={transactional_properties=default, name=default.acidtbl, transactional=true, columns.types=int:int, bucket_field_name=a, columns=a,b, numFilesErasureCoded=0, columns.comments=&amp#0;, bucketing_version=2, bucket_count=2, serialization.lib=org.apache.hadoop.hive.ql.io.orc.OrcSerde, file.inputformat=org.apache.hadoop.hive.ql.io.orc.OrcInputFormat, file.outputformat=org.apache.hadoop.hive.ql.io.orc.OrcOutputFormat, location=file:/home/alex/Repositories/hive/ql/target/tmp/org.apache.hadoop.hive.ql.TestTxnCommands-1713965238357/warehouse/acidtbl, column.name.delimiter=,}, tableProperties={transactional_properties=default, name=default.acidtbl, transactional=true, columns.types=int:int, bucket_field_name=a, columns=a,b, numFilesErasureCoded=0, columns.comments=&amp#0;, bucketing_version=2, bucket_count=2, serialization.lib=org.apache.hadoop.hive.ql.io.orc.OrcSerde, file.inputformat=org.apache.hadoop.hive.ql.io.orc.OrcInputFormat, location=file:/home/alex/Repositories/hive/ql/target/tmp/org.apache.hadoop.hive.ql.TestTxnCommands-1713965238357/warehouse/acidtbl, file.outputformat=org.apache.hadoop.hive.ql.io.orc.OrcOutputFormat, column.name.delimiter=,}, partitionProperties=Optional.empty, columnNames=[a, b], columnTypes=[int, int], getClass()=class org.apache.hadoop.hive.ql.io.orc.OrcSerde] and formatter : org.apache.hadoop.hive.ql.io.orc.OrcOutputFormat@3d235fce
2024-04-24T06:29:17,610  INFO [pool-210-thread-1] exec.FileSinkOperator: Final Path: FS file:/home/alex/Repositories/hive/ql/target/tmp/org.apache.hadoop.hive.ql.TestTxnCommands-1713965238357/warehouse/acidtbl
2024-04-24T06:29:17,610  INFO [pool-210-thread-1] exec.FileSinkOperator: New Final Path: FS file:/home/alex/Repositories/hive/ql/target/tmp/org.apache.hadoop.hive.ql.TestTxnCommands-1713965238357/warehouse/acidtbl
2024-04-24T06:29:17,610  INFO [pool-210-thread-1] common.FileUtils: Creating directory if it doesn't exist: file:/home/alex/Repositories/hive/ql/target/tmp/org.apache.hadoop.hive.ql.TestTxnCommands-1713965238357/warehouse
2024-04-24T06:29:17,611  INFO [pool-210-thread-1] exec.FileSinkOperator: FS[6]: records written - 1
2024-04-24T06:29:17,611  INFO [pool-210-thread-1] impl.PhysicalFsWriter: ORC writer created for path: file:/home/alex/Repositories/hive/ql/target/tmp/org.apache.hadoop.hive.ql.TestTxnCommands-1713965238357/warehouse/acidtbl/delta_0000001_0000001_0001/bucket_00001_0 with stripeSize: 8388608 blockSize: 268435456 compression: Compress: ZLIB buffer: 32768
2024-04-24T06:29:17,615  INFO [pool-210-thread-1] impl.WriterImpl: ORC writer created for path: file:/home/alex/Repositories/hive/ql/target/tmp/org.apache.hadoop.hive.ql.TestTxnCommands-1713965238357/warehouse/acidtbl/delta_0000001_0000001_0001/bucket_00001_0 with stripeSize: 8388608 options: Compress: ZLIB buffer: 32768
2024-04-24T06:29:17,615  INFO [pool-210-thread-1] exec.SelectOperator: Closing Operator: SEL[5]
2024-04-24T06:29:17,616  INFO [pool-210-thread-1] exec.SelectOperator: RECORDS_OUT_OPERATOR_SEL_5:1, RECORDS_OUT_INTERMEDIATE:0, 
2024-04-24T06:29:17,616  INFO [pool-210-thread-1] exec.FileSinkOperator: Closing Operator: FS[6]
2024-04-24T06:29:17,616  INFO [pool-210-thread-1] exec.FileSinkOperator: FS[6]: records written - 1
2024-04-24T06:29:17,617  INFO [pool-210-thread-1] FileOperations: Writing manifest to file:/home/alex/Repositories/hive/ql/target/tmp/org.apache.hadoop.hive.ql.TestTxnCommands-1713965238357/warehouse/acidtbl/_tmp.delta_0000001_0000001_0001/000001_0.manifest with [file:/home/alex/Repositories/hive/ql/target/tmp/org.apache.hadoop.hive.ql.TestTxnCommands-1713965238357/warehouse/acidtbl/delta_0000001_0000001_0001/bucket_00001_0]
2024-04-24T06:29:17,626  INFO [pool-210-thread-1] exec.FileSinkOperator: RECORDS_OUT_INTERMEDIATE:0, RECORDS_OUT_1_default.acidtbl:1, TOTAL_TABLE_ROWS_WRITTEN:1, RECORDS_OUT_OPERATOR_FS_6:1, 
2024-04-24T06:29:17,626  INFO [pool-210-thread-1] mapred.Task: Task:attempt_local976484151_0043_r_000001_0 is done. And is in the process of committing
2024-04-24T06:29:17,626  INFO [pool-210-thread-1] mapred.LocalJobRunner: reduce > reduce
2024-04-24T06:29:17,627  INFO [pool-210-thread-1] mapred.Task: Task 'attempt_local976484151_0043_r_000001_0' done.
2024-04-24T06:29:17,627  INFO [pool-210-thread-1] mapred.Task: Final Counters for attempt_local976484151_0043_r_000001_0: Counters: 30
	File System Counters
		FILE: Number of bytes read=932454
		FILE: Number of bytes written=50724938
		FILE: Number of read operations=0
		FILE: Number of large read operations=0
		FILE: Number of write operations=0
	Map-Reduce Framework
		Combine input records=0
		Combine output records=0
		Reduce input groups=1
		Reduce shuffle bytes=24
		Reduce input records=1
		Reduce output records=0
		Spilled Records=1
		Shuffled Maps =1
		Failed Shuffles=0
		Merged Map outputs=1
		GC time elapsed (ms)=0
		Total committed heap usage (bytes)=1246232576
	HIVE
		CREATED_FILES=1
		RECORDS_OUT_1_default.acidtbl=1
		RECORDS_OUT_INTERMEDIATE=0
		RECORDS_OUT_OPERATOR_FS_6=1
		RECORDS_OUT_OPERATOR_SEL_5=1
		TOTAL_TABLE_ROWS_WRITTEN=1
	Shuffle Errors
		BAD_ID=0
		CONNECTION=0
		IO_ERROR=0
		WRONG_LENGTH=0
		WRONG_MAP=0
		WRONG_REDUCE=0
	File Output Format Counters 
		Bytes Written=0
2024-04-24T06:29:17,627  INFO [pool-210-thread-1] mapred.LocalJobRunner: Finishing task: attempt_local976484151_0043_r_000001_0
2024-04-24T06:29:17,627  INFO [Thread-3597] mapred.LocalJobRunner: reduce task executor complete.
2024-04-24 06:29:18,518 Stage-1 map = 100%,  reduce = 100%
2024-04-24T06:29:18,518  INFO [main] exec.Task: 2024-04-24 06:29:18,518 Stage-1 map = 100%,  reduce = 100%
Ended Job = job_local976484151_0043
2024-04-24T06:29:18,520  INFO [main] exec.Task: Ended Job = job_local976484151_0043
2024-04-24T06:29:18,522  INFO [main] FileOperations: Found manifest file file:/home/alex/Repositories/hive/ql/target/tmp/org.apache.hadoop.hive.ql.TestTxnCommands-1713965238357/warehouse/acidtbl/_tmp.delta_0000001_0000001_0001/000000_0.manifest with attemptId 0.
2024-04-24T06:29:18,522  INFO [main] FileOperations: Found manifest file file:/home/alex/Repositories/hive/ql/target/tmp/org.apache.hadoop.hive.ql.TestTxnCommands-1713965238357/warehouse/acidtbl/_tmp.delta_0000001_0000001_0001/000001_0.manifest with attemptId 0.
2024-04-24T06:29:18,522  INFO [main] FileOperations: Looking at manifest file: file:/home/alex/Repositories/hive/ql/target/tmp/org.apache.hadoop.hive.ql.TestTxnCommands-1713965238357/warehouse/acidtbl/_tmp.delta_0000001_0000001_0001/000001_0.manifest
2024-04-24T06:29:18,522  INFO [main] FileOperations: Looking at manifest file: file:/home/alex/Repositories/hive/ql/target/tmp/org.apache.hadoop.hive.ql.TestTxnCommands-1713965238357/warehouse/acidtbl/_tmp.delta_0000001_0000001_0001/000000_0.manifest
2024-04-24T06:29:18,522  INFO [main] FileOperations: Deleting manifest directory file:/home/alex/Repositories/hive/ql/target/tmp/org.apache.hadoop.hive.ql.TestTxnCommands-1713965238357/warehouse/acidtbl/_tmp.delta_0000001_0000001_0001
2024-04-24T06:29:18,523  INFO [main] ql.Driver: Starting task [Stage-0:MOVE] in serial mode
Loading data to table default.acidtbl
2024-04-24T06:29:18,524  INFO [main] exec.Task: Loading data to table default.acidtbl from file:/home/alex/Repositories/hive/ql/target/tmp/org.apache.hadoop.hive.ql.TestTxnCommands-1713965238357/warehouse/acidtbl
2024-04-24T06:29:18,524  INFO [main] HiveMetaStore.audit: ugi=alex	ip=unknown-ip-addr	cmd=get_table : tbl=hive.default.acidtbl	
2024-04-24T06:29:18,530  INFO [main] metastore.HMSHandler: Skipping translation for processor with null
2024-04-24T06:29:18,530  INFO [main] HiveMetaStore.audit: ugi=alex	ip=unknown-ip-addr	cmd=get_table : tbl=hive.default.acidtbl	
2024-04-24T06:29:18,536  INFO [main] metastore.HMSHandler: Skipping translation for processor with null
2024-04-24T06:29:18,536  INFO [main] HiveMetaStore.audit: ugi=alex	ip=unknown-ip-addr	cmd=alter_table: hive.default.acidtbl newtbl=acidtbl	
2024-04-24T06:29:18,553  INFO [main] ql.Driver: Starting task [Stage-2:STATS] in serial mode
2024-04-24T06:29:18,553  INFO [main] HiveMetaStore.audit: ugi=alex	ip=unknown-ip-addr	cmd=get_table : tbl=hive.default.acidtbl	
2024-04-24T06:29:18,559  INFO [main] metastore.HMSHandler: Skipping translation for processor with null
2024-04-24T06:29:18,559  INFO [main] stats.BasicStatsTask: Executing stats task
2024-04-24T06:29:18,559  INFO [main] fs.FSStatsPublisher: created : file:/home/alex/Repositories/hive/ql/target/tmp/localscratchdir/e1d768bc-fd8a-42ca-8d65-c72c97f95154/hive_2024-04-24_06-29-17_132_8528285225748135547-1/-mr-10000
2024-04-24T06:29:18,561  INFO [main] HiveMetaStore.audit: ugi=alex	ip=unknown-ip-addr	cmd=get_table : tbl=hive.default.acidtbl	
2024-04-24T06:29:18,566  INFO [main] metastore.HMSHandler: Skipping translation for processor with null
2024-04-24T06:29:18,588  WARN [main] FileOperations: Computing stats for an ACID table; stats may be inaccurate
2024-04-24T06:29:18,588  INFO [main] FileOperations: Read stats for default.acidtbl/, numRows, true, 2, false: 
2024-04-24T06:29:18,588  INFO [main] FileOperations: Read stats for default.acidtbl/, rawDataSize, true, 0, false: 
2024-04-24T06:29:18,588  INFO [main] HiveMetaStore.audit: ugi=alex	ip=unknown-ip-addr	cmd=alter_table: hive.default.acidtbl newtbl=acidtbl	
2024-04-24T06:29:18,606  INFO [main] FileOperations: Read stats for default.acidtbl/, insertCount, true, 2, false: 
2024-04-24T06:29:18,606  INFO [main] FileOperations: Read stats for default.acidtbl/, updateCount, true, 0, false: 
2024-04-24T06:29:18,606  INFO [main] FileOperations: Read stats for default.acidtbl/, deleteCount, true, 0, false: 
2024-04-24T06:29:18,606  INFO [main] stats.BasicStatsTask: Table default.acidtbl stats: [numFiles=4, numRows=4, totalSize=2701, rawDataSize=0, numFilesErasureCoded=0]
2024-04-24T06:29:18,607  INFO [main] metadata.Hive: Dumping metastore api call timing information for : execution phase
2024-04-24T06:29:18,607  INFO [main] metadata.Hive: Total time spent in each metastore function (ms): {getTable_(GetTableRequest)=24, isCompatibleWith_(Configuration)=1, alter_table_(String, String, String, Table, EnvironmentContext, String)=35, updateTransactionalStatistics_(UpdateTransactionalStatsRequest)=0}
MapReduce Jobs Launched: 
2024-04-24T06:29:18,607  INFO [main] ql.Driver: MapReduce Jobs Launched: 
Stage-Stage-1:  HDFS Read: 0 HDFS Write: 0 SUCCESS
2024-04-24T06:29:18,607  INFO [main] ql.Driver: Stage-Stage-1:  HDFS Read: 0 HDFS Write: 0 SUCCESS
Total MapReduce CPU Time Spent: 0 msec
2024-04-24T06:29:18,607  INFO [main] ql.Driver: Total MapReduce CPU Time Spent: 0 msec
2024-04-24T06:29:18,607  INFO [main] ql.Driver: Completed executing command(queryId=alex_20240424062917_ee4c3aeb-bcad-4ac8-b75c-7b68b3600397); Time taken: 1.347 seconds
2024-04-24T06:29:18,608  INFO [main] ql.TxnCommandsBaseForTests: Running the query: commit
2024-04-24T06:29:18,608  INFO [main] ql.Context: Deleting scratch dir: file:/home/alex/Repositories/hive/ql/target/tmp/localscratchdir/e1d768bc-fd8a-42ca-8d65-c72c97f95154/hive_2024-04-24_06-29-17_132_8528285225748135547-1
2024-04-24T06:29:18,608  INFO [main] cleanup.SyncCleanupService: Deleted directory: file:/home/alex/Repositories/hive/ql/target/tmp/localscratchdir/e1d768bc-fd8a-42ca-8d65-c72c97f95154/hive_2024-04-24_06-29-17_132_8528285225748135547-1 on fs with scheme file
2024-04-24T06:29:18,609  INFO [main] ql.Driver: Compiling command(queryId=alex_20240424062918_b14556d4-bcb8-48fa-bb27-01b20ebeeab8): commit
2024-04-24T06:29:18,609  INFO [main] parse.CalcitePlanner: Starting caching scope for: 
2024-04-24T06:29:18,609  INFO [main] parse.CalcitePlanner: Starting Semantic Analysis
2024-04-24T06:29:18,609  INFO [main] parse.CalcitePlanner: Ending caching scope for: 
2024-04-24T06:29:18,609  INFO [main] ql.Driver: Semantic Analysis Completed (retrial = false)
2024-04-24T06:29:18,609  INFO [main] ql.Driver: Created Hive schema: Schema(fieldSchemas:null, properties:null)
2024-04-24T06:29:18,609  INFO [main] metadata.Hive: Dumping metastore api call timing information for : compilation phase
2024-04-24T06:29:18,609  INFO [main] metadata.Hive: Total time spent in each metastore function (ms): {getValidWriteIds_(List, String)=0, flushCache_()=0, isCompatibleWith_(Configuration)=0}
2024-04-24T06:29:18,610  INFO [main] ql.Driver: Completed compiling command(queryId=alex_20240424062918_b14556d4-bcb8-48fa-bb27-01b20ebeeab8); Time taken: 0.0 seconds
2024-04-24T06:29:18,610  INFO [main] lockmgr.DbTxnManager: Setting lock request transaction to txnid:13 for queryId=alex_20240424062918_b14556d4-bcb8-48fa-bb27-01b20ebeeab8
2024-04-24T06:29:18,610  INFO [main] ql.Driver: Operation COMMIT obtained 0 locks
2024-04-24T06:29:18,610  INFO [main] ql.Driver: Executing command(queryId=alex_20240424062918_b14556d4-bcb8-48fa-bb27-01b20ebeeab8): commit
2024-04-24T06:29:18,610  INFO [main] metadata.Hive: Dumping metastore api call timing information for : execution phase
2024-04-24T06:29:18,610  INFO [main] metadata.Hive: Total time spent in each metastore function (ms): {}
2024-04-24T06:29:18,610  INFO [main] ql.Driver: Completed executing command(queryId=alex_20240424062918_b14556d4-bcb8-48fa-bb27-01b20ebeeab8); Time taken: 0.0 seconds
2024-04-24T06:29:18,610  INFO [main] lockmgr.DbTxnManager: Stopped heartbeat for query: alex_20240424062918_b14556d4-bcb8-48fa-bb27-01b20ebeeab8
2024-04-24T06:29:18,620  INFO [main] txn.TxnHandler: Removed transactions: ([13]) from MIN_HISTORY_LEVEL
2024-04-24T06:29:18,621  WARN [main] txn.CompactionTxnHandler: No compaction queue record found for Compaction type transaction commit. txnId:13
2024-04-24T06:29:18,621  INFO [main] ql.TxnCommandsBaseForTests: Running the query: delete from acidTbl where b = 2
2024-04-24T06:29:18,621  INFO [main] ql.Driver: Compiling command(queryId=alex_20240424062918_88e98e62-001c-4586-9677-43c48772f464): delete from acidTbl where b = 2
2024-04-24T06:29:18,624  INFO [main] txn.TxnHandler: Added entries to MIN_HISTORY_LEVEL for current txns: ([14]) with min_open_txn: 14
2024-04-24T06:29:18,624  INFO [main] lockmgr.DbTxnManager: Opened txnid:14
2024-04-24T06:29:18,625  INFO [main] parse.UpdateDeleteSemanticAnalyzer: Starting caching scope for: 
2024-04-24T06:29:18,625  INFO [main] HiveMetaStore.audit: ugi=alex	ip=unknown-ip-addr	cmd=get_table : tbl=hive.default.acidTbl	
2024-04-24T06:29:18,634  INFO [main] metastore.HMSHandler: Skipping translation for processor with null
2024-04-24T06:29:18,635  INFO [main] parse.RewriteSemanticAnalyzer: Going to reparse <delete from acidTbl where b = 2> as 
<insert into table `default`.`acidTbl` select ROW__ID from `default`.`acidTbl` sort by ROW__ID >
2024-04-24T06:29:18,635  INFO [main] parse.UpdateDeleteSemanticAnalyzer: Starting Semantic Analysis
2024-04-24T06:29:18,639  INFO [main] parse.UpdateDeleteSemanticAnalyzer: Completed phase 1 of Semantic Analysis
2024-04-24T06:29:18,639  INFO [main] parse.UpdateDeleteSemanticAnalyzer: Get metadata for source tables
2024-04-24T06:29:18,639  INFO [main] HiveMetaStore.audit: ugi=alex	ip=unknown-ip-addr	cmd=get_table : tbl=hive.default.acidtbl	
2024-04-24T06:29:18,648  INFO [main] metastore.HMSHandler: Skipping translation for processor with null
2024-04-24T06:29:18,648  INFO [main] parse.UpdateDeleteSemanticAnalyzer: Get metadata for subqueries
2024-04-24T06:29:18,649  INFO [main] parse.UpdateDeleteSemanticAnalyzer: Get metadata for destination tables
2024-04-24T06:29:18,649  INFO [main] HiveMetaStore.audit: ugi=alex	ip=unknown-ip-addr	cmd=get_table : tbl=hive.default.acidTbl	
2024-04-24T06:29:18,655  INFO [main] metastore.HMSHandler: Skipping translation for processor with null
2024-04-24T06:29:18,655  INFO [main] parse.UpdateDeleteSemanticAnalyzer: Completed getting MetaData in Semantic Analysis
2024-04-24T06:29:18,656  INFO [main] parse.UpdateDeleteSemanticAnalyzer: Disabling LLAP IO encode as ETL query is detected
2024-04-24T06:29:18,667  INFO [main] HiveMetaStore.audit: ugi=alex	ip=unknown-ip-addr	cmd=get_all_table_constraints : tbl=hive.default.acidtbl	
2024-04-24T06:29:18,692  INFO [main] calcite.RelOptHiveTable: Calculating column statistics for default.acidtbl, projIndxSet: [1], allowMissingStats: true
2024-04-24T06:29:18,692  INFO [main] HiveMetaStore.audit: ugi=alex	ip=unknown-ip-addr	cmd=get_table : tbl=hive.default.acidtbl	
2024-04-24T06:29:18,701  INFO [main] metastore.HMSHandler: Skipping translation for processor with null
2024-04-24T06:29:18,701  INFO [main] HiveMetaStore.audit: ugi=alex	ip=unknown-ip-addr	cmd=get_table : tbl=hive.default.acidtbl	
2024-04-24T06:29:18,709  INFO [main] metastore.HMSHandler: Skipping translation for processor with null
2024-04-24T06:29:18,709  INFO [main] HiveMetaStore.audit: ugi=alex	ip=unknown-ip-addr	cmd=get_table_statistics_req: table=hive.default.acidtbl	
2024-04-24T06:29:18,719  WARN [main] calcite.RelOptHiveTable: No Stats for default@acidtbl, Columns: b
No Stats for default@acidtbl, Columns: b
2024-04-24T06:29:18,719  INFO [main] SessionState: No Stats for default@acidtbl, Columns: b
2024-04-24T06:29:18,774  INFO [main] parse.UpdateDeleteSemanticAnalyzer: Get metadata for source tables
2024-04-24T06:29:18,774  INFO [main] parse.UpdateDeleteSemanticAnalyzer: Get metadata for subqueries
2024-04-24T06:29:18,774  INFO [main] parse.UpdateDeleteSemanticAnalyzer: Get metadata for destination tables
2024-04-24T06:29:18,774  INFO [main] HiveMetaStore.audit: ugi=alex	ip=unknown-ip-addr	cmd=get_table : tbl=hive.default.acidTbl	
2024-04-24T06:29:18,780  INFO [main] metastore.HMSHandler: Skipping translation for processor with null
2024-04-24T06:29:18,782 ERROR [main] parse.UpdateDeleteSemanticAnalyzer: CBO failed, skipping CBO. 
org.apache.hadoop.hive.ql.exec.NoMatchingMethodException: No matching method for class org.apache.hadoop.hive.ql.udf.UDFToInteger with (struct<writeid:bigint,bucketid:int,rowid:bigint>). Possible choices: _FUNC_(bigint)  _FUNC_(boolean)  _FUNC_(decimal(38,18))  _FUNC_(double)  _FUNC_(float)  _FUNC_(smallint)  _FUNC_(string)  _FUNC_(struct<writeid:int,bucketid:bigint,rowid:bigint>)  _FUNC_(timestamp)  _FUNC_(tinyint)  _FUNC_(void)  
	at org.apache.hadoop.hive.ql.exec.MethodUtils.getMethodInternal(MethodUtils.java:130) ~[classes/:?]
	at org.apache.hadoop.hive.ql.exec.MethodUtils.getMethodInternal(MethodUtils.java:60) ~[classes/:?]
	at org.apache.hadoop.hive.ql.exec.DefaultUDFMethodResolver.getEvalMethod(DefaultUDFMethodResolver.java:59) ~[classes/:?]
	at org.apache.hadoop.hive.ql.udf.TimestampCastRestrictorResolver.getEvalMethod(TimestampCastRestrictorResolver.java:68) ~[classes/:?]
	at org.apache.hadoop.hive.ql.udf.generic.GenericUDFBridge.initialize(GenericUDFBridge.java:168) ~[classes/:?]
	at org.apache.hadoop.hive.ql.udf.generic.GenericUDF.initializeAndFoldConstants(GenericUDF.java:149) ~[classes/:?]
	at org.apache.hadoop.hive.ql.plan.ExprNodeGenericFuncDesc.newInstance(ExprNodeGenericFuncDesc.java:235) ~[classes/:?]
	at org.apache.hadoop.hive.ql.parse.type.ExprNodeDescExprFactory.createFuncCallExpr(ExprNodeDescExprFactory.java:584) ~[classes/:?]
	at org.apache.hadoop.hive.ql.parse.type.ExprNodeDescExprFactory.createFuncCallExpr(ExprNodeDescExprFactory.java:97) ~[classes/:?]
	at org.apache.hadoop.hive.ql.parse.type.TypeCheckProcFactory$DefaultExprProcessor.getFuncExprNodeDescWithUdfData(TypeCheckProcFactory.java:762) ~[classes/:?]
	at org.apache.hadoop.hive.ql.parse.type.TypeCheckProcFactory$DefaultExprProcessor.createConversionCast(TypeCheckProcFactory.java:783) ~[classes/:?]
	at org.apache.hadoop.hive.ql.parse.SemanticAnalyzer.getPartitionColsFromBucketColsForUpdateDelete(SemanticAnalyzer.java:8725) ~[classes/:?]
	at org.apache.hadoop.hive.ql.parse.SemanticAnalyzer.genBucketingSortingDest(SemanticAnalyzer.java:6906) ~[classes/:?]
	at org.apache.hadoop.hive.ql.parse.SemanticAnalyzer.genFileSinkPlan(SemanticAnalyzer.java:7335) ~[classes/:?]
	at org.apache.hadoop.hive.ql.parse.SemanticAnalyzer.genPostGroupByBodyPlan(SemanticAnalyzer.java:11063) ~[classes/:?]
	at org.apache.hadoop.hive.ql.parse.SemanticAnalyzer.genBodyPlan(SemanticAnalyzer.java:10938) ~[classes/:?]
	at org.apache.hadoop.hive.ql.parse.SemanticAnalyzer.genPlan(SemanticAnalyzer.java:11853) ~[classes/:?]
	at org.apache.hadoop.hive.ql.parse.SemanticAnalyzer.genPlan(SemanticAnalyzer.java:11723) ~[classes/:?]
	at org.apache.hadoop.hive.ql.parse.CalcitePlanner.genOPTree(CalcitePlanner.java:626) ~[classes/:?]
	at org.apache.hadoop.hive.ql.parse.SemanticAnalyzer.analyzeInternal(SemanticAnalyzer.java:12558) ~[classes/:?]
	at org.apache.hadoop.hive.ql.parse.CalcitePlanner.analyzeInternal(CalcitePlanner.java:456) ~[classes/:?]
	at org.apache.hadoop.hive.ql.parse.RewriteSemanticAnalyzer.analyzeInternal(RewriteSemanticAnalyzer.java:67) ~[classes/:?]
	at org.apache.hadoop.hive.ql.parse.BaseSemanticAnalyzer.analyze(BaseSemanticAnalyzer.java:317) ~[classes/:?]
	at org.apache.hadoop.hive.ql.parse.UpdateDeleteSemanticAnalyzer.reparseAndSuperAnalyze(UpdateDeleteSemanticAnalyzer.java:208) ~[classes/:?]
	at org.apache.hadoop.hive.ql.parse.UpdateDeleteSemanticAnalyzer.analyzeDelete(UpdateDeleteSemanticAnalyzer.java:68) ~[classes/:?]
	at org.apache.hadoop.hive.ql.parse.UpdateDeleteSemanticAnalyzer.analyze(UpdateDeleteSemanticAnalyzer.java:50) ~[classes/:?]
	at org.apache.hadoop.hive.ql.parse.RewriteSemanticAnalyzer.analyzeInternal(RewriteSemanticAnalyzer.java:72) ~[classes/:?]
	at org.apache.hadoop.hive.ql.parse.BaseSemanticAnalyzer.analyze(BaseSemanticAnalyzer.java:317) ~[classes/:?]
	at org.apache.hadoop.hive.ql.Compiler.analyze(Compiler.java:223) ~[classes/:?]
	at org.apache.hadoop.hive.ql.Compiler.compile(Compiler.java:105) ~[classes/:?]
	at org.apache.hadoop.hive.ql.Driver.compile(Driver.java:500) ~[classes/:?]
	at org.apache.hadoop.hive.ql.Driver.compileInternal(Driver.java:453) ~[classes/:?]
	at org.apache.hadoop.hive.ql.Driver.runInternal(Driver.java:181) ~[classes/:?]
	at org.apache.hadoop.hive.ql.Driver.run(Driver.java:153) ~[classes/:?]
	at org.apache.hadoop.hive.ql.Driver.run(Driver.java:140) ~[classes/:?]
	at org.apache.hadoop.hive.ql.TxnCommandsBaseForTests.runStatementOnDriver(TxnCommandsBaseForTests.java:245) ~[test-classes/:?]
	at org.apache.hadoop.hive.ql.TestTxnCommands.testDeleteOfMultipleInserts(TestTxnCommands.java:826) ~[test-classes/:?]
	at sun.reflect.NativeMethodAccessorImpl.invoke0(Native Method) ~[?:1.8.0_402]
	at sun.reflect.NativeMethodAccessorImpl.invoke(NativeMethodAccessorImpl.java:62) ~[?:1.8.0_402]
	at sun.reflect.DelegatingMethodAccessorImpl.invoke(DelegatingMethodAccessorImpl.java:43) ~[?:1.8.0_402]
	at java.lang.reflect.Method.invoke(Method.java:498) ~[?:1.8.0_402]
	at org.junit.runners.model.FrameworkMethod$1.runReflectiveCall(FrameworkMethod.java:59) ~[junit-4.13.jar:4.13]
	at org.junit.internal.runners.model.ReflectiveCallable.run(ReflectiveCallable.java:12) ~[junit-4.13.jar:4.13]
	at org.junit.runners.model.FrameworkMethod.invokeExplosively(FrameworkMethod.java:56) ~[junit-4.13.jar:4.13]
	at org.junit.internal.runners.statements.InvokeMethod.evaluate(InvokeMethod.java:17) ~[junit-4.13.jar:4.13]
	at org.junit.internal.runners.statements.RunBefores.evaluate(RunBefores.java:26) ~[junit-4.13.jar:4.13]
	at org.junit.internal.runners.statements.RunAfters.evaluate(RunAfters.java:27) ~[junit-4.13.jar:4.13]
	at org.junit.rules.TestWatcher$1.evaluate(TestWatcher.java:61) ~[junit-4.13.jar:4.13]
	at org.junit.runners.ParentRunner$3.evaluate(ParentRunner.java:306) ~[junit-4.13.jar:4.13]
	at org.junit.runners.BlockJUnit4ClassRunner$1.evaluate(BlockJUnit4ClassRunner.java:100) ~[junit-4.13.jar:4.13]
	at org.junit.runners.ParentRunner.runLeaf(ParentRunner.java:366) ~[junit-4.13.jar:4.13]
	at org.junit.runners.BlockJUnit4ClassRunner.runChild(BlockJUnit4ClassRunner.java:103) ~[junit-4.13.jar:4.13]
	at org.junit.runners.BlockJUnit4ClassRunner.runChild(BlockJUnit4ClassRunner.java:63) ~[junit-4.13.jar:4.13]
	at org.junit.runners.ParentRunner$4.run(ParentRunner.java:331) ~[junit-4.13.jar:4.13]
	at org.junit.runners.ParentRunner$1.schedule(ParentRunner.java:79) ~[junit-4.13.jar:4.13]
	at org.junit.runners.ParentRunner.runChildren(ParentRunner.java:329) ~[junit-4.13.jar:4.13]
	at org.junit.runners.ParentRunner.access$100(ParentRunner.java:66) ~[junit-4.13.jar:4.13]
	at org.junit.runners.ParentRunner$2.evaluate(ParentRunner.java:293) ~[junit-4.13.jar:4.13]
	at org.junit.runners.ParentRunner$3.evaluate(ParentRunner.java:306) ~[junit-4.13.jar:4.13]
	at org.junit.runners.ParentRunner.run(ParentRunner.java:413) ~[junit-4.13.jar:4.13]
	at org.junit.runner.JUnitCore.run(JUnitCore.java:137) ~[junit-4.13.jar:4.13]
	at org.junit.runner.JUnitCore.run(JUnitCore.java:115) ~[junit-4.13.jar:4.13]
	at org.junit.vintage.engine.execution.RunnerExecutor.execute(RunnerExecutor.java:43) ~[junit-vintage-engine-5.6.2.jar:5.6.2]
	at java.util.stream.ForEachOps$ForEachOp$OfRef.accept(ForEachOps.java:183) ~[?:1.8.0_402]
	at java.util.stream.ReferencePipeline$3$1.accept(ReferencePipeline.java:193) ~[?:1.8.0_402]
	at java.util.Iterator.forEachRemaining(Iterator.java:116) ~[?:1.8.0_402]
	at java.util.Spliterators$IteratorSpliterator.forEachRemaining(Spliterators.java:1801) ~[?:1.8.0_402]
	at java.util.stream.AbstractPipeline.copyInto(AbstractPipeline.java:482) ~[?:1.8.0_402]
	at java.util.stream.AbstractPipeline.wrapAndCopyInto(AbstractPipeline.java:472) ~[?:1.8.0_402]
	at java.util.stream.ForEachOps$ForEachOp.evaluateSequential(ForEachOps.java:150) ~[?:1.8.0_402]
	at java.util.stream.ForEachOps$ForEachOp$OfRef.evaluateSequential(ForEachOps.java:173) ~[?:1.8.0_402]
	at java.util.stream.AbstractPipeline.evaluate(AbstractPipeline.java:234) ~[?:1.8.0_402]
	at java.util.stream.ReferencePipeline.forEach(ReferencePipeline.java:485) ~[?:1.8.0_402]
	at org.junit.vintage.engine.VintageTestEngine.executeAllChildren(VintageTestEngine.java:82) ~[junit-vintage-engine-5.6.2.jar:5.6.2]
	at org.junit.vintage.engine.VintageTestEngine.execute(VintageTestEngine.java:73) ~[junit-vintage-engine-5.6.2.jar:5.6.2]
	at org.junit.platform.launcher.core.DefaultLauncher.execute(DefaultLauncher.java:248) ~[junit-platform-launcher-1.6.2.jar:1.6.2]
	at org.junit.platform.launcher.core.DefaultLauncher.lambda$execute$5(DefaultLauncher.java:211) ~[junit-platform-launcher-1.6.2.jar:1.6.2]
	at org.junit.platform.launcher.core.DefaultLauncher.withInterceptedStreams(DefaultLauncher.java:226) [junit-platform-launcher-1.6.2.jar:1.6.2]
	at org.junit.platform.launcher.core.DefaultLauncher.execute(DefaultLauncher.java:199) [junit-platform-launcher-1.6.2.jar:1.6.2]
	at org.junit.platform.launcher.core.DefaultLauncher.execute(DefaultLauncher.java:132) [junit-platform-launcher-1.6.2.jar:1.6.2]
	at org.apache.maven.surefire.junitplatform.JUnitPlatformProvider.invokeAllTests(JUnitPlatformProvider.java:154) [surefire-junit-platform-3.0.0-M4.jar:3.0.0-M4]
	at org.apache.maven.surefire.junitplatform.JUnitPlatformProvider.invoke(JUnitPlatformProvider.java:123) [surefire-junit-platform-3.0.0-M4.jar:3.0.0-M4]
	at org.apache.maven.surefire.booter.ForkedBooter.runSuitesInProcess(ForkedBooter.java:377) [surefire-booter-3.0.0-M4.jar:3.0.0-M4]
	at org.apache.maven.surefire.booter.ForkedBooter.execute(ForkedBooter.java:138) [surefire-booter-3.0.0-M4.jar:3.0.0-M4]
	at org.apache.maven.surefire.booter.ForkedBooter.run(ForkedBooter.java:465) [surefire-booter-3.0.0-M4.jar:3.0.0-M4]
	at org.apache.maven.surefire.booter.ForkedBooter.main(ForkedBooter.java:451) [surefire-booter-3.0.0-M4.jar:3.0.0-M4]
2024-04-24T06:29:18,783 ERROR [main] parse.UpdateDeleteSemanticAnalyzer: CBO failed due to missing column stats (see previous errors), skipping CBO
2024-04-24T06:29:18,783  INFO [main] parse.UpdateDeleteSemanticAnalyzer: Ending caching scope for: 
FAILED: NoMatchingMethodException No matching method for class org.apache.hadoop.hive.ql.udf.UDFToInteger with (struct<writeid:bigint,bucketid:int,rowid:bigint>). Possible choices: _FUNC_(bigint)  _FUNC_(boolean)  _FUNC_(decimal(38,18))  _FUNC_(double)  _FUNC_(float)  _FUNC_(smallint)  _FUNC_(string)  _FUNC_(struct<writeid:int,bucketid:bigint,rowid:bigint>)  _FUNC_(timestamp)  _FUNC_(tinyint)  _FUNC_(void)  
2024-04-24T06:29:18,784 ERROR [main] ql.Driver: FAILED: NoMatchingMethodException No matching method for class org.apache.hadoop.hive.ql.udf.UDFToInteger with (struct<writeid:bigint,bucketid:int,rowid:bigint>). Possible choices: _FUNC_(bigint)  _FUNC_(boolean)  _FUNC_(decimal(38,18))  _FUNC_(double)  _FUNC_(float)  _FUNC_(smallint)  _FUNC_(string)  _FUNC_(struct<writeid:int,bucketid:bigint,rowid:bigint>)  _FUNC_(timestamp)  _FUNC_(tinyint)  _FUNC_(void)  
org.apache.hadoop.hive.ql.exec.NoMatchingMethodException: No matching method for class org.apache.hadoop.hive.ql.udf.UDFToInteger with (struct<writeid:bigint,bucketid:int,rowid:bigint>). Possible choices: _FUNC_(bigint)  _FUNC_(boolean)  _FUNC_(decimal(38,18))  _FUNC_(double)  _FUNC_(float)  _FUNC_(smallint)  _FUNC_(string)  _FUNC_(struct<writeid:int,bucketid:bigint,rowid:bigint>)  _FUNC_(timestamp)  _FUNC_(tinyint)  _FUNC_(void)  
	at org.apache.hadoop.hive.ql.exec.MethodUtils.getMethodInternal(MethodUtils.java:130)
	at org.apache.hadoop.hive.ql.exec.MethodUtils.getMethodInternal(MethodUtils.java:60)
	at org.apache.hadoop.hive.ql.exec.DefaultUDFMethodResolver.getEvalMethod(DefaultUDFMethodResolver.java:59)
	at org.apache.hadoop.hive.ql.udf.TimestampCastRestrictorResolver.getEvalMethod(TimestampCastRestrictorResolver.java:68)
	at org.apache.hadoop.hive.ql.udf.generic.GenericUDFBridge.initialize(GenericUDFBridge.java:168)
	at org.apache.hadoop.hive.ql.udf.generic.GenericUDF.initializeAndFoldConstants(GenericUDF.java:149)
	at org.apache.hadoop.hive.ql.plan.ExprNodeGenericFuncDesc.newInstance(ExprNodeGenericFuncDesc.java:235)
	at org.apache.hadoop.hive.ql.parse.type.ExprNodeDescExprFactory.createFuncCallExpr(ExprNodeDescExprFactory.java:584)
	at org.apache.hadoop.hive.ql.parse.type.ExprNodeDescExprFactory.createFuncCallExpr(ExprNodeDescExprFactory.java:97)
	at org.apache.hadoop.hive.ql.parse.type.TypeCheckProcFactory$DefaultExprProcessor.getFuncExprNodeDescWithUdfData(TypeCheckProcFactory.java:762)
	at org.apache.hadoop.hive.ql.parse.type.TypeCheckProcFactory$DefaultExprProcessor.createConversionCast(TypeCheckProcFactory.java:783)
	at org.apache.hadoop.hive.ql.parse.SemanticAnalyzer.getPartitionColsFromBucketColsForUpdateDelete(SemanticAnalyzer.java:8725)
	at org.apache.hadoop.hive.ql.parse.SemanticAnalyzer.genBucketingSortingDest(SemanticAnalyzer.java:6906)
	at org.apache.hadoop.hive.ql.parse.SemanticAnalyzer.genFileSinkPlan(SemanticAnalyzer.java:7335)
	at org.apache.hadoop.hive.ql.parse.SemanticAnalyzer.genPostGroupByBodyPlan(SemanticAnalyzer.java:11063)
	at org.apache.hadoop.hive.ql.parse.SemanticAnalyzer.genBodyPlan(SemanticAnalyzer.java:10938)
	at org.apache.hadoop.hive.ql.parse.SemanticAnalyzer.genPlan(SemanticAnalyzer.java:11853)
	at org.apache.hadoop.hive.ql.parse.SemanticAnalyzer.genPlan(SemanticAnalyzer.java:11723)
	at org.apache.hadoop.hive.ql.parse.CalcitePlanner.genOPTree(CalcitePlanner.java:626)
	at org.apache.hadoop.hive.ql.parse.SemanticAnalyzer.analyzeInternal(SemanticAnalyzer.java:12558)
	at org.apache.hadoop.hive.ql.parse.CalcitePlanner.analyzeInternal(CalcitePlanner.java:456)
	at org.apache.hadoop.hive.ql.parse.RewriteSemanticAnalyzer.analyzeInternal(RewriteSemanticAnalyzer.java:67)
	at org.apache.hadoop.hive.ql.parse.BaseSemanticAnalyzer.analyze(BaseSemanticAnalyzer.java:317)
	at org.apache.hadoop.hive.ql.parse.UpdateDeleteSemanticAnalyzer.reparseAndSuperAnalyze(UpdateDeleteSemanticAnalyzer.java:208)
	at org.apache.hadoop.hive.ql.parse.UpdateDeleteSemanticAnalyzer.analyzeDelete(UpdateDeleteSemanticAnalyzer.java:68)
	at org.apache.hadoop.hive.ql.parse.UpdateDeleteSemanticAnalyzer.analyze(UpdateDeleteSemanticAnalyzer.java:50)
	at org.apache.hadoop.hive.ql.parse.RewriteSemanticAnalyzer.analyzeInternal(RewriteSemanticAnalyzer.java:72)
	at org.apache.hadoop.hive.ql.parse.BaseSemanticAnalyzer.analyze(BaseSemanticAnalyzer.java:317)
	at org.apache.hadoop.hive.ql.Compiler.analyze(Compiler.java:223)
	at org.apache.hadoop.hive.ql.Compiler.compile(Compiler.java:105)
	at org.apache.hadoop.hive.ql.Driver.compile(Driver.java:500)
	at org.apache.hadoop.hive.ql.Driver.compileInternal(Driver.java:453)
	at org.apache.hadoop.hive.ql.Driver.runInternal(Driver.java:181)
	at org.apache.hadoop.hive.ql.Driver.run(Driver.java:153)
	at org.apache.hadoop.hive.ql.Driver.run(Driver.java:140)
	at org.apache.hadoop.hive.ql.TxnCommandsBaseForTests.runStatementOnDriver(TxnCommandsBaseForTests.java:245)
	at org.apache.hadoop.hive.ql.TestTxnCommands.testDeleteOfMultipleInserts(TestTxnCommands.java:826)
	at sun.reflect.NativeMethodAccessorImpl.invoke0(Native Method)
	at sun.reflect.NativeMethodAccessorImpl.invoke(NativeMethodAccessorImpl.java:62)
	at sun.reflect.DelegatingMethodAccessorImpl.invoke(DelegatingMethodAccessorImpl.java:43)
	at java.lang.reflect.Method.invoke(Method.java:498)
	at org.junit.runners.model.FrameworkMethod$1.runReflectiveCall(FrameworkMethod.java:59)
	at org.junit.internal.runners.model.ReflectiveCallable.run(ReflectiveCallable.java:12)
	at org.junit.runners.model.FrameworkMethod.invokeExplosively(FrameworkMethod.java:56)
	at org.junit.internal.runners.statements.InvokeMethod.evaluate(InvokeMethod.java:17)
	at org.junit.internal.runners.statements.RunBefores.evaluate(RunBefores.java:26)
	at org.junit.internal.runners.statements.RunAfters.evaluate(RunAfters.java:27)
	at org.junit.rules.TestWatcher$1.evaluate(TestWatcher.java:61)
	at org.junit.runners.ParentRunner$3.evaluate(ParentRunner.java:306)
	at org.junit.runners.BlockJUnit4ClassRunner$1.evaluate(BlockJUnit4ClassRunner.java:100)
	at org.junit.runners.ParentRunner.runLeaf(ParentRunner.java:366)
	at org.junit.runners.BlockJUnit4ClassRunner.runChild(BlockJUnit4ClassRunner.java:103)
	at org.junit.runners.BlockJUnit4ClassRunner.runChild(BlockJUnit4ClassRunner.java:63)
	at org.junit.runners.ParentRunner$4.run(ParentRunner.java:331)
	at org.junit.runners.ParentRunner$1.schedule(ParentRunner.java:79)
	at org.junit.runners.ParentRunner.runChildren(ParentRunner.java:329)
	at org.junit.runners.ParentRunner.access$100(ParentRunner.java:66)
	at org.junit.runners.ParentRunner$2.evaluate(ParentRunner.java:293)
	at org.junit.runners.ParentRunner$3.evaluate(ParentRunner.java:306)
	at org.junit.runners.ParentRunner.run(ParentRunner.java:413)
	at org.junit.runner.JUnitCore.run(JUnitCore.java:137)
	at org.junit.runner.JUnitCore.run(JUnitCore.java:115)
	at org.junit.vintage.engine.execution.RunnerExecutor.execute(RunnerExecutor.java:43)
	at java.util.stream.ForEachOps$ForEachOp$OfRef.accept(ForEachOps.java:183)
	at java.util.stream.ReferencePipeline$3$1.accept(ReferencePipeline.java:193)
	at java.util.Iterator.forEachRemaining(Iterator.java:116)
	at java.util.Spliterators$IteratorSpliterator.forEachRemaining(Spliterators.java:1801)
	at java.util.stream.AbstractPipeline.copyInto(AbstractPipeline.java:482)
	at java.util.stream.AbstractPipeline.wrapAndCopyInto(AbstractPipeline.java:472)
	at java.util.stream.ForEachOps$ForEachOp.evaluateSequential(ForEachOps.java:150)
	at java.util.stream.ForEachOps$ForEachOp$OfRef.evaluateSequential(ForEachOps.java:173)
	at java.util.stream.AbstractPipeline.evaluate(AbstractPipeline.java:234)
	at java.util.stream.ReferencePipeline.forEach(ReferencePipeline.java:485)
	at org.junit.vintage.engine.VintageTestEngine.executeAllChildren(VintageTestEngine.java:82)
	at org.junit.vintage.engine.VintageTestEngine.execute(VintageTestEngine.java:73)
	at org.junit.platform.launcher.core.DefaultLauncher.execute(DefaultLauncher.java:248)
	at org.junit.platform.launcher.core.DefaultLauncher.lambda$execute$5(DefaultLauncher.java:211)
	at org.junit.platform.launcher.core.DefaultLauncher.withInterceptedStreams(DefaultLauncher.java:226)
	at org.junit.platform.launcher.core.DefaultLauncher.execute(DefaultLauncher.java:199)
	at org.junit.platform.launcher.core.DefaultLauncher.execute(DefaultLauncher.java:132)
	at org.apache.maven.surefire.junitplatform.JUnitPlatformProvider.invokeAllTests(JUnitPlatformProvider.java:154)
	at org.apache.maven.surefire.junitplatform.JUnitPlatformProvider.invoke(JUnitPlatformProvider.java:123)
	at org.apache.maven.surefire.booter.ForkedBooter.runSuitesInProcess(ForkedBooter.java:377)
	at org.apache.maven.surefire.booter.ForkedBooter.execute(ForkedBooter.java:138)
	at org.apache.maven.surefire.booter.ForkedBooter.run(ForkedBooter.java:465)
	at org.apache.maven.surefire.booter.ForkedBooter.main(ForkedBooter.java:451)

2024-04-24T06:29:18,784  INFO [main] metadata.Hive: Dumping metastore api call timing information for : compilation phase
2024-04-24T06:29:18,784  INFO [main] metadata.Hive: Total time spent in each metastore function (ms): {getAllTableConstraints_(AllTableConstraintsRequest)=5, getTableColumnStatistics_(String, String, List, String)=27, getTable_(GetTableRequest)=31, getValidWriteIds_(List, String)=3, openTxn_(String, TxnType)=2, commitTxn_(CommitTxnRequest)=11, flushCache_()=0, isCompatibleWith_(Configuration)=0, getValidTxns_(long)=0}
2024-04-24T06:29:18,784  INFO [main] ql.Driver: Completed compiling command(queryId=alex_20240424062918_88e98e62-001c-4586-9677-43c48772f464); Time taken: 0.163 seconds
2024-04-24T06:29:18,784  INFO [main] lockmgr.DbTxnManager: Stopped heartbeat for query: null
2024-04-24T06:29:18,788  INFO [main] txn.TxnHandler: Removed transactions: ([14]) from MIN_HISTORY_LEVEL
2024-04-24T06:29:18,795  INFO [main] ql.TxnCommandsBaseForTests: Running the query: drop table if exists acidTbl
2024-04-24T06:29:18,796  INFO [main] ql.Driver: Compiling command(queryId=alex_20240424062918_11560fce-a24f-4ecb-99f3-330b5f5dc1d0): drop table if exists acidTbl
2024-04-24T06:29:18,798  INFO [main] txn.TxnHandler: Added entries to MIN_HISTORY_LEVEL for current txns: ([15]) with min_open_txn: 14
2024-04-24T06:29:18,798  INFO [main] lockmgr.DbTxnManager: Opened txnid:15
2024-04-24T06:29:18,799  INFO [main] HiveMetaStore.audit: ugi=alex	ip=unknown-ip-addr	cmd=get_table : tbl=hive.default.acidTbl	
2024-04-24T06:29:18,805  INFO [main] metastore.HMSHandler: Skipping translation for processor with null
2024-04-24T06:29:18,805  INFO [main] ql.Driver: Semantic Analysis Completed (retrial = false)
2024-04-24T06:29:18,805  INFO [main] ql.Driver: Created Hive schema: Schema(fieldSchemas:null, properties:null)
2024-04-24T06:29:18,805  INFO [main] metadata.Hive: Dumping metastore api call timing information for : compilation phase
2024-04-24T06:29:18,805  INFO [main] metadata.Hive: Total time spent in each metastore function (ms): {flushCache_()=0, isCompatibleWith_(Configuration)=0, getTable_(GetTableRequest)=6, rollbackTxn_(long)=11, openTxn_(String, TxnType)=2, getValidTxns_(long)=1}
2024-04-24T06:29:18,806  INFO [main] ql.Driver: Completed compiling command(queryId=alex_20240424062918_11560fce-a24f-4ecb-99f3-330b5f5dc1d0); Time taken: 0.009 seconds
2024-04-24T06:29:18,806  INFO [main] lockmgr.DbTxnManager: Setting lock request transaction to txnid:15 for queryId=alex_20240424062918_11560fce-a24f-4ecb-99f3-330b5f5dc1d0
2024-04-24T06:29:18,806  INFO [main] lockmgr.DbLockManager: Requesting lock for queryId=alex_20240424062918_11560fce-a24f-4ecb-99f3-330b5f5dc1d0
2024-04-24T06:29:18,822  INFO [main] lockmgr.DbLockManager: Response to queryId=alex_20240424062918_11560fce-a24f-4ecb-99f3-330b5f5dc1d0 LockResponse(lockid:9, state:ACQUIRED)
2024-04-24T06:29:18,822  INFO [main] ql.Driver: Operation DROPTABLE obtained 1 locks
2024-04-24T06:29:18,822  INFO [main] ql.Driver: Executing command(queryId=alex_20240424062918_11560fce-a24f-4ecb-99f3-330b5f5dc1d0): drop table if exists acidTbl
2024-04-24T06:29:18,822  INFO [main] ql.Driver: Starting task [Stage-0:DDL] in serial mode
2024-04-24T06:29:18,822  INFO [main] HiveMetaStore.audit: ugi=alex	ip=unknown-ip-addr	cmd=get_table : tbl=hive.default.acidTbl	
2024-04-24T06:29:18,828  INFO [main] metastore.HMSHandler: Skipping translation for processor with null
2024-04-24T06:29:18,828  INFO [main] HiveMetaStore.audit: ugi=alex	ip=unknown-ip-addr	cmd=get_table : tbl=hive.default.acidTbl	
2024-04-24T06:29:18,834  INFO [main] metastore.HMSHandler: Skipping translation for processor with null
2024-04-24T06:29:18,834  INFO [main] HiveMetaStore.audit: ugi=alex	ip=unknown-ip-addr	cmd=drop_table : tbl=hive.default.acidTbl	
2024-04-24T06:29:18,944  INFO [main] metadata.Hive: Dumping metastore api call timing information for : execution phase
2024-04-24T06:29:18,944  INFO [main] metadata.Hive: Total time spent in each metastore function (ms): {dropTable_(String, String, boolean, boolean, boolean)=116, getTable_(GetTableRequest)=6, isCompatibleWith_(Configuration)=0}
2024-04-24T06:29:18,944  INFO [main] ql.Driver: Completed executing command(queryId=alex_20240424062918_11560fce-a24f-4ecb-99f3-330b5f5dc1d0); Time taken: 0.122 seconds
2024-04-24T06:29:18,944  INFO [main] lockmgr.DbTxnManager: Stopped heartbeat for query: alex_20240424062918_11560fce-a24f-4ecb-99f3-330b5f5dc1d0
2024-04-24T06:29:18,948  INFO [main] txn.TxnHandler: Expected to move at least one record from txn_components to completed_txn_components when committing txn! txnid:15
2024-04-24T06:29:18,957  INFO [main] txn.TxnHandler: Removed transactions: ([15]) from MIN_HISTORY_LEVEL
2024-04-24T06:29:18,958  WARN [main] txn.CompactionTxnHandler: No compaction queue record found for Compaction type transaction commit. txnId:15
2024-04-24T06:29:18,959  INFO [main] ql.TxnCommandsBaseForTests: Running the query: drop table if exists acidTblPart
2024-04-24T06:29:18,959  INFO [main] ql.Driver: Compiling command(queryId=alex_20240424062918_0c59e0c1-6666-4140-9c3f-603f308878a2): drop table if exists acidTblPart
2024-04-24T06:29:18,968  INFO [main] txn.TxnHandler: Added entries to MIN_HISTORY_LEVEL for current txns: ([16]) with min_open_txn: 14
2024-04-24T06:29:18,969  INFO [main] lockmgr.DbTxnManager: Opened txnid:16
2024-04-24T06:29:18,969  INFO [main] HiveMetaStore.audit: ugi=alex	ip=unknown-ip-addr	cmd=get_table : tbl=hive.default.acidTblPart	
2024-04-24T06:29:18,983  INFO [main] metastore.HMSHandler: Skipping translation for processor with null
2024-04-24T06:29:18,983  INFO [main] ql.Driver: Semantic Analysis Completed (retrial = false)
2024-04-24T06:29:18,983  INFO [main] ql.Driver: Created Hive schema: Schema(fieldSchemas:null, properties:null)
2024-04-24T06:29:18,983  INFO [main] metadata.Hive: Dumping metastore api call timing information for : compilation phase
2024-04-24T06:29:18,983  INFO [main] metadata.Hive: Total time spent in each metastore function (ms): {isCompatibleWith_(Configuration)=0, openTxn_(String, TxnType)=9, flushCache_()=0, commitTxn_(CommitTxnRequest)=15, getValidTxns_(long)=0, getTable_(GetTableRequest)=14}
2024-04-24T06:29:18,984  INFO [main] ql.Driver: Completed compiling command(queryId=alex_20240424062918_0c59e0c1-6666-4140-9c3f-603f308878a2); Time taken: 0.024 seconds
2024-04-24T06:29:18,984  INFO [main] lockmgr.DbTxnManager: Setting lock request transaction to txnid:16 for queryId=alex_20240424062918_0c59e0c1-6666-4140-9c3f-603f308878a2
2024-04-24T06:29:18,984  INFO [main] lockmgr.DbLockManager: Requesting lock for queryId=alex_20240424062918_0c59e0c1-6666-4140-9c3f-603f308878a2
2024-04-24T06:29:19,002  INFO [main] lockmgr.DbLockManager: Response to queryId=alex_20240424062918_0c59e0c1-6666-4140-9c3f-603f308878a2 LockResponse(lockid:10, state:ACQUIRED)
2024-04-24T06:29:19,002  INFO [main] ql.Driver: Operation DROPTABLE obtained 1 locks
2024-04-24T06:29:19,002  INFO [main] ql.Driver: Executing command(queryId=alex_20240424062918_0c59e0c1-6666-4140-9c3f-603f308878a2): drop table if exists acidTblPart
2024-04-24T06:29:19,002  INFO [main] ql.Driver: Starting task [Stage-0:DDL] in serial mode
2024-04-24T06:29:19,003  INFO [main] HiveMetaStore.audit: ugi=alex	ip=unknown-ip-addr	cmd=get_table : tbl=hive.default.acidTblPart	
2024-04-24T06:29:19,008  INFO [main] metastore.HMSHandler: Skipping translation for processor with null
2024-04-24T06:29:19,008  INFO [main] HiveMetaStore.audit: ugi=alex	ip=unknown-ip-addr	cmd=get_table : tbl=hive.default.acidTblPart	
2024-04-24T06:29:19,014  INFO [main] metastore.HMSHandler: Skipping translation for processor with null
2024-04-24T06:29:19,014  INFO [main] HiveMetaStore.audit: ugi=alex	ip=unknown-ip-addr	cmd=drop_table : tbl=hive.default.acidTblPart	
2024-04-24T06:29:19,050  INFO [main] metadata.Hive: Dumping metastore api call timing information for : execution phase
2024-04-24T06:29:19,050  INFO [main] metadata.Hive: Total time spent in each metastore function (ms): {isCompatibleWith_(Configuration)=0, dropTable_(String, String, boolean, boolean, boolean)=42, getTable_(GetTableRequest)=6}
2024-04-24T06:29:19,050  INFO [main] ql.Driver: Completed executing command(queryId=alex_20240424062918_0c59e0c1-6666-4140-9c3f-603f308878a2); Time taken: 0.048 seconds
2024-04-24T06:29:19,050  INFO [main] lockmgr.DbTxnManager: Stopped heartbeat for query: alex_20240424062918_0c59e0c1-6666-4140-9c3f-603f308878a2
2024-04-24T06:29:19,054  INFO [main] txn.TxnHandler: Expected to move at least one record from txn_components to completed_txn_components when committing txn! txnid:16
2024-04-24T06:29:19,060  INFO [main] txn.TxnHandler: Removed transactions: ([16]) from MIN_HISTORY_LEVEL
2024-04-24T06:29:19,060  WARN [main] txn.CompactionTxnHandler: No compaction queue record found for Compaction type transaction commit. txnId:16
2024-04-24T06:29:19,061  INFO [main] ql.TxnCommandsBaseForTests: Running the query: drop table if exists acidTbl2
2024-04-24T06:29:19,061  INFO [main] ql.Driver: Compiling command(queryId=alex_20240424062919_f459a96c-27b1-4d31-86ab-d4012f0cbbc0): drop table if exists acidTbl2
2024-04-24T06:29:19,063  INFO [main] txn.TxnHandler: Added entries to MIN_HISTORY_LEVEL for current txns: ([17]) with min_open_txn: 14
2024-04-24T06:29:19,063  INFO [main] lockmgr.DbTxnManager: Opened txnid:17
2024-04-24T06:29:19,064  INFO [main] ql.Driver: Semantic Analysis Completed (retrial = false)
2024-04-24T06:29:19,064  INFO [main] ql.Driver: Created Hive schema: Schema(fieldSchemas:null, properties:null)
2024-04-24T06:29:19,064  INFO [main] metadata.Hive: Dumping metastore api call timing information for : compilation phase
2024-04-24T06:29:19,064  INFO [main] metadata.Hive: Total time spent in each metastore function (ms): {getTable_(GetTableRequest)=0, flushCache_()=0, openTxn_(String, TxnType)=2, commitTxn_(CommitTxnRequest)=11, isCompatibleWith_(Configuration)=0, getValidTxns_(long)=1}
2024-04-24T06:29:19,064  INFO [main] ql.Driver: Completed compiling command(queryId=alex_20240424062919_f459a96c-27b1-4d31-86ab-d4012f0cbbc0); Time taken: 0.003 seconds
2024-04-24T06:29:19,064  INFO [main] lockmgr.DbTxnManager: Setting lock request transaction to txnid:17 for queryId=alex_20240424062919_f459a96c-27b1-4d31-86ab-d4012f0cbbc0
2024-04-24T06:29:19,064  INFO [main] ql.Driver: Operation DROPTABLE obtained 0 locks
2024-04-24T06:29:19,065  INFO [main] ql.Driver: Executing command(queryId=alex_20240424062919_f459a96c-27b1-4d31-86ab-d4012f0cbbc0): drop table if exists acidTbl2
2024-04-24T06:29:19,065  INFO [main] ql.Driver: Starting task [Stage-0:DDL] in serial mode
2024-04-24T06:29:19,065  INFO [main] metadata.SessionHiveMetaStoreClient: Column stats doesn't exist for db=default temp table=acidTbl2
2024-04-24T06:29:19,065  INFO [main] metadata.Hive: Dumping metastore api call timing information for : execution phase
2024-04-24T06:29:19,065  INFO [main] metadata.Hive: Total time spent in each metastore function (ms): {isCompatibleWith_(Configuration)=0, getTable_(GetTableRequest)=0, dropTable_(String, String, boolean, boolean, boolean)=0}
2024-04-24T06:29:19,066  INFO [main] ql.Driver: Completed executing command(queryId=alex_20240424062919_f459a96c-27b1-4d31-86ab-d4012f0cbbc0); Time taken: 0.0 seconds
2024-04-24T06:29:19,066  INFO [main] lockmgr.DbTxnManager: Stopped heartbeat for query: alex_20240424062919_f459a96c-27b1-4d31-86ab-d4012f0cbbc0
2024-04-24T06:29:19,071  INFO [main] txn.TxnHandler: Expected to move at least one record from txn_components to completed_txn_components when committing txn! txnid:17
2024-04-24T06:29:19,077  INFO [main] txn.TxnHandler: Removed transactions: ([17]) from MIN_HISTORY_LEVEL
2024-04-24T06:29:19,077  WARN [main] txn.CompactionTxnHandler: No compaction queue record found for Compaction type transaction commit. txnId:17
2024-04-24T06:29:19,077  INFO [main] ql.TxnCommandsBaseForTests: Running the query: drop table if exists nonAcidOrcTbl
2024-04-24T06:29:19,077  INFO [main] ql.Driver: Compiling command(queryId=alex_20240424062919_478f1f17-8d9f-4e17-ba10-737b99aef0dc): drop table if exists nonAcidOrcTbl
2024-04-24T06:29:19,079  INFO [main] txn.TxnHandler: Added entries to MIN_HISTORY_LEVEL for current txns: ([18]) with min_open_txn: 14
2024-04-24T06:29:19,080  INFO [main] lockmgr.DbTxnManager: Opened txnid:18
2024-04-24T06:29:19,080  INFO [main] HiveMetaStore.audit: ugi=alex	ip=unknown-ip-addr	cmd=get_table : tbl=hive.default.nonAcidOrcTbl	
2024-04-24T06:29:19,102  INFO [main] metastore.HMSHandler: Skipping translation for processor with null
2024-04-24T06:29:19,103  INFO [main] ql.Driver: Semantic Analysis Completed (retrial = false)
2024-04-24T06:29:19,103  INFO [main] ql.Driver: Created Hive schema: Schema(fieldSchemas:null, properties:null)
2024-04-24T06:29:19,103  INFO [main] metadata.Hive: Dumping metastore api call timing information for : compilation phase
2024-04-24T06:29:19,103  INFO [main] metadata.Hive: Total time spent in each metastore function (ms): {commitTxn_(CommitTxnRequest)=11, openTxn_(String, TxnType)=2, getTable_(GetTableRequest)=23, isCompatibleWith_(Configuration)=0, getValidTxns_(long)=0, flushCache_()=0}
2024-04-24T06:29:19,103  INFO [main] ql.Driver: Completed compiling command(queryId=alex_20240424062919_478f1f17-8d9f-4e17-ba10-737b99aef0dc); Time taken: 0.026 seconds
2024-04-24T06:29:19,103  INFO [main] lockmgr.DbTxnManager: Setting lock request transaction to txnid:18 for queryId=alex_20240424062919_478f1f17-8d9f-4e17-ba10-737b99aef0dc
2024-04-24T06:29:19,104  INFO [main] lockmgr.DbLockManager: Requesting lock for queryId=alex_20240424062919_478f1f17-8d9f-4e17-ba10-737b99aef0dc
2024-04-24T06:29:19,120  INFO [main] lockmgr.DbLockManager: Response to queryId=alex_20240424062919_478f1f17-8d9f-4e17-ba10-737b99aef0dc LockResponse(lockid:11, state:ACQUIRED)
2024-04-24T06:29:19,120  INFO [main] ql.Driver: Operation DROPTABLE obtained 1 locks
2024-04-24T06:29:19,120  INFO [main] ql.Driver: Executing command(queryId=alex_20240424062919_478f1f17-8d9f-4e17-ba10-737b99aef0dc): drop table if exists nonAcidOrcTbl
2024-04-24T06:29:19,121  INFO [main] ql.Driver: Starting task [Stage-0:DDL] in serial mode
2024-04-24T06:29:19,121  INFO [main] HiveMetaStore.audit: ugi=alex	ip=unknown-ip-addr	cmd=get_table : tbl=hive.default.nonAcidOrcTbl	
2024-04-24T06:29:19,128  INFO [main] metastore.HMSHandler: Skipping translation for processor with null
2024-04-24T06:29:19,128  INFO [main] HiveMetaStore.audit: ugi=alex	ip=unknown-ip-addr	cmd=get_table : tbl=hive.default.nonAcidOrcTbl	
2024-04-24T06:29:19,136  INFO [main] metastore.HMSHandler: Skipping translation for processor with null
2024-04-24T06:29:19,136  INFO [main] HiveMetaStore.audit: ugi=alex	ip=unknown-ip-addr	cmd=drop_table : tbl=hive.default.nonAcidOrcTbl	
2024-04-24T06:29:19,178  INFO [main] metadata.Hive: Dumping metastore api call timing information for : execution phase
2024-04-24T06:29:19,178  INFO [main] metadata.Hive: Total time spent in each metastore function (ms): {isCompatibleWith_(Configuration)=0, getTable_(GetTableRequest)=7, dropTable_(String, String, boolean, boolean, boolean)=50}
2024-04-24T06:29:19,178  INFO [main] ql.Driver: Completed executing command(queryId=alex_20240424062919_478f1f17-8d9f-4e17-ba10-737b99aef0dc); Time taken: 0.058 seconds
2024-04-24T06:29:19,178  INFO [main] lockmgr.DbTxnManager: Stopped heartbeat for query: alex_20240424062919_478f1f17-8d9f-4e17-ba10-737b99aef0dc
2024-04-24T06:29:19,183  INFO [main] txn.TxnHandler: Expected to move at least one record from txn_components to completed_txn_components when committing txn! txnid:18
2024-04-24T06:29:19,189  INFO [main] txn.TxnHandler: Removed transactions: ([18]) from MIN_HISTORY_LEVEL
2024-04-24T06:29:19,189  WARN [main] txn.CompactionTxnHandler: No compaction queue record found for Compaction type transaction commit. txnId:18
2024-04-24T06:29:19,189  INFO [main] ql.TxnCommandsBaseForTests: Running the query: drop table if exists nonAcidOrcTbl2
2024-04-24T06:29:19,190  INFO [main] ql.Driver: Compiling command(queryId=alex_20240424062919_c2f24af4-64aa-43f3-a251-83f7de9f576f): drop table if exists nonAcidOrcTbl2
2024-04-24T06:29:19,192  INFO [main] txn.TxnHandler: Added entries to MIN_HISTORY_LEVEL for current txns: ([19]) with min_open_txn: 14
2024-04-24T06:29:19,192  INFO [main] lockmgr.DbTxnManager: Opened txnid:19
2024-04-24T06:29:19,192  INFO [main] HiveMetaStore.audit: ugi=alex	ip=unknown-ip-addr	cmd=get_table : tbl=hive.default.nonAcidOrcTbl2	
2024-04-24T06:29:19,200  INFO [main] metastore.HMSHandler: Skipping translation for processor with null
2024-04-24T06:29:19,200  INFO [main] ql.Driver: Semantic Analysis Completed (retrial = false)
2024-04-24T06:29:19,200  INFO [main] ql.Driver: Created Hive schema: Schema(fieldSchemas:null, properties:null)
2024-04-24T06:29:19,200  INFO [main] metadata.Hive: Dumping metastore api call timing information for : compilation phase
2024-04-24T06:29:19,200  INFO [main] metadata.Hive: Total time spent in each metastore function (ms): {openTxn_(String, TxnType)=2, commitTxn_(CommitTxnRequest)=10, isCompatibleWith_(Configuration)=0, getTable_(GetTableRequest)=8, flushCache_()=0, getValidTxns_(long)=0}
2024-04-24T06:29:19,200  INFO [main] ql.Driver: Completed compiling command(queryId=alex_20240424062919_c2f24af4-64aa-43f3-a251-83f7de9f576f); Time taken: 0.01 seconds
2024-04-24T06:29:19,201  INFO [main] lockmgr.DbTxnManager: Setting lock request transaction to txnid:19 for queryId=alex_20240424062919_c2f24af4-64aa-43f3-a251-83f7de9f576f
2024-04-24T06:29:19,201  INFO [main] lockmgr.DbLockManager: Requesting lock for queryId=alex_20240424062919_c2f24af4-64aa-43f3-a251-83f7de9f576f
2024-04-24T06:29:19,215  INFO [main] lockmgr.DbLockManager: Response to queryId=alex_20240424062919_c2f24af4-64aa-43f3-a251-83f7de9f576f LockResponse(lockid:12, state:ACQUIRED)
2024-04-24T06:29:19,215  INFO [main] ql.Driver: Operation DROPTABLE obtained 1 locks
2024-04-24T06:29:19,215  INFO [main] ql.Driver: Executing command(queryId=alex_20240424062919_c2f24af4-64aa-43f3-a251-83f7de9f576f): drop table if exists nonAcidOrcTbl2
2024-04-24T06:29:19,215  INFO [main] ql.Driver: Starting task [Stage-0:DDL] in serial mode
2024-04-24T06:29:19,216  INFO [main] HiveMetaStore.audit: ugi=alex	ip=unknown-ip-addr	cmd=get_table : tbl=hive.default.nonAcidOrcTbl2	
2024-04-24T06:29:19,223  INFO [main] metastore.HMSHandler: Skipping translation for processor with null
2024-04-24T06:29:19,223  INFO [main] HiveMetaStore.audit: ugi=alex	ip=unknown-ip-addr	cmd=get_table : tbl=hive.default.nonAcidOrcTbl2	
2024-04-24T06:29:19,230  INFO [main] metastore.HMSHandler: Skipping translation for processor with null
2024-04-24T06:29:19,230  INFO [main] HiveMetaStore.audit: ugi=alex	ip=unknown-ip-addr	cmd=drop_table : tbl=hive.default.nonAcidOrcTbl2	
2024-04-24T06:29:19,257  INFO [main] metadata.Hive: Dumping metastore api call timing information for : execution phase
2024-04-24T06:29:19,257  INFO [main] metadata.Hive: Total time spent in each metastore function (ms): {getTable_(GetTableRequest)=8, dropTable_(String, String, boolean, boolean, boolean)=34, isCompatibleWith_(Configuration)=0}
2024-04-24T06:29:19,258  INFO [main] ql.Driver: Completed executing command(queryId=alex_20240424062919_c2f24af4-64aa-43f3-a251-83f7de9f576f); Time taken: 0.042 seconds
2024-04-24T06:29:19,258  INFO [main] lockmgr.DbTxnManager: Stopped heartbeat for query: alex_20240424062919_c2f24af4-64aa-43f3-a251-83f7de9f576f
2024-04-24T06:29:19,262  INFO [main] txn.TxnHandler: Expected to move at least one record from txn_components to completed_txn_components when committing txn! txnid:19
2024-04-24T06:29:19,267  INFO [main] txn.TxnHandler: Removed transactions: ([19]) from MIN_HISTORY_LEVEL
2024-04-24T06:29:19,268  WARN [main] txn.CompactionTxnHandler: No compaction queue record found for Compaction type transaction commit. txnId:19
2024-04-24T06:29:19,268  INFO [main] ql.TxnCommandsBaseForTests: Running the query: drop table if exists nonAcidNonBucket
2024-04-24T06:29:19,268  INFO [main] ql.Driver: Compiling command(queryId=alex_20240424062919_5519394c-9466-48e4-ba1b-1260a6b0b8a5): drop table if exists nonAcidNonBucket
2024-04-24T06:29:19,270  INFO [main] txn.TxnHandler: Added entries to MIN_HISTORY_LEVEL for current txns: ([20]) with min_open_txn: 14
2024-04-24T06:29:19,271  INFO [main] lockmgr.DbTxnManager: Opened txnid:20
2024-04-24T06:29:19,271  INFO [main] HiveMetaStore.audit: ugi=alex	ip=unknown-ip-addr	cmd=get_table : tbl=hive.default.nonAcidNonBucket	
2024-04-24T06:29:19,279  INFO [main] metastore.HMSHandler: Skipping translation for processor with null
2024-04-24T06:29:19,279  INFO [main] ql.Driver: Semantic Analysis Completed (retrial = false)
2024-04-24T06:29:19,279  INFO [main] ql.Driver: Created Hive schema: Schema(fieldSchemas:null, properties:null)
2024-04-24T06:29:19,279  INFO [main] metadata.Hive: Dumping metastore api call timing information for : compilation phase
2024-04-24T06:29:19,279  INFO [main] metadata.Hive: Total time spent in each metastore function (ms): {commitTxn_(CommitTxnRequest)=10, flushCache_()=1, getTable_(GetTableRequest)=8, openTxn_(String, TxnType)=2, getValidTxns_(long)=0, isCompatibleWith_(Configuration)=0}
2024-04-24T06:29:19,279  INFO [main] ql.Driver: Completed compiling command(queryId=alex_20240424062919_5519394c-9466-48e4-ba1b-1260a6b0b8a5); Time taken: 0.011 seconds
2024-04-24T06:29:19,279  INFO [main] lockmgr.DbTxnManager: Setting lock request transaction to txnid:20 for queryId=alex_20240424062919_5519394c-9466-48e4-ba1b-1260a6b0b8a5
2024-04-24T06:29:19,280  INFO [main] lockmgr.DbLockManager: Requesting lock for queryId=alex_20240424062919_5519394c-9466-48e4-ba1b-1260a6b0b8a5
2024-04-24T06:29:19,293  INFO [main] lockmgr.DbLockManager: Response to queryId=alex_20240424062919_5519394c-9466-48e4-ba1b-1260a6b0b8a5 LockResponse(lockid:13, state:ACQUIRED)
2024-04-24T06:29:19,293  INFO [main] ql.Driver: Operation DROPTABLE obtained 1 locks
2024-04-24T06:29:19,294  INFO [main] ql.Driver: Executing command(queryId=alex_20240424062919_5519394c-9466-48e4-ba1b-1260a6b0b8a5): drop table if exists nonAcidNonBucket
2024-04-24T06:29:19,294  INFO [main] ql.Driver: Starting task [Stage-0:DDL] in serial mode
2024-04-24T06:29:19,294  INFO [main] HiveMetaStore.audit: ugi=alex	ip=unknown-ip-addr	cmd=get_table : tbl=hive.default.nonAcidNonBucket	
2024-04-24T06:29:19,301  INFO [main] metastore.HMSHandler: Skipping translation for processor with null
2024-04-24T06:29:19,301  INFO [main] HiveMetaStore.audit: ugi=alex	ip=unknown-ip-addr	cmd=get_table : tbl=hive.default.nonAcidNonBucket	
2024-04-24T06:29:19,309  INFO [main] metastore.HMSHandler: Skipping translation for processor with null
2024-04-24T06:29:19,309  INFO [main] HiveMetaStore.audit: ugi=alex	ip=unknown-ip-addr	cmd=drop_table : tbl=hive.default.nonAcidNonBucket	
2024-04-24T06:29:19,337  INFO [main] metadata.Hive: Dumping metastore api call timing information for : execution phase
2024-04-24T06:29:19,337  INFO [main] metadata.Hive: Total time spent in each metastore function (ms): {dropTable_(String, String, boolean, boolean, boolean)=35, isCompatibleWith_(Configuration)=0, getTable_(GetTableRequest)=7}
2024-04-24T06:29:19,337  INFO [main] ql.Driver: Completed executing command(queryId=alex_20240424062919_5519394c-9466-48e4-ba1b-1260a6b0b8a5); Time taken: 0.042 seconds
2024-04-24T06:29:19,337  INFO [main] lockmgr.DbTxnManager: Stopped heartbeat for query: alex_20240424062919_5519394c-9466-48e4-ba1b-1260a6b0b8a5
2024-04-24T06:29:19,341  INFO [main] txn.TxnHandler: Expected to move at least one record from txn_components to completed_txn_components when committing txn! txnid:20
2024-04-24T06:29:19,347  INFO [main] txn.TxnHandler: Removed transactions: ([20]) from MIN_HISTORY_LEVEL
2024-04-24T06:29:19,347  WARN [main] txn.CompactionTxnHandler: No compaction queue record found for Compaction type transaction commit. txnId:20
2024-04-24T06:29:19,347  INFO [main] utils.TestTxnDbUtil: Cleaning transactional tables
]]></system-err>
  </testcase>
  <testcase name="testUpdateDeleteOfInserts" classname="org.apache.hadoop.hive.ql.TestTxnCommands" time="7.222">
    <error type="java.lang.RuntimeException"><![CDATA[java.lang.RuntimeException: update acidTbl set b = 1 where b != 1 failed: (responseCode = 40000, errorMessage = FAILED: NoMatchingMethodException No matching method for class org.apache.hadoop.hive.ql.udf.UDFToInteger with (struct<writeid:bigint,bucketid:int,rowid:bigint>). Possible choices: _FUNC_(bigint)  _FUNC_(boolean)  _FUNC_(decimal(38,18))  _FUNC_(double)  _FUNC_(float)  _FUNC_(smallint)  _FUNC_(string)  _FUNC_(struct<writeid:int,bucketid:bigint,rowid:bigint>)  _FUNC_(timestamp)  _FUNC_(tinyint)  _FUNC_(void)  , hiveErrorCode = 40000, SQLState = 42000, exception = No matching method for class org.apache.hadoop.hive.ql.udf.UDFToInteger with (struct<writeid:bigint,bucketid:int,rowid:bigint>). Possible choices: _FUNC_(bigint)  _FUNC_(boolean)  _FUNC_(decimal(38,18))  _FUNC_(double)  _FUNC_(float)  _FUNC_(smallint)  _FUNC_(string)  _FUNC_(struct<writeid:int,bucketid:bigint,rowid:bigint>)  _FUNC_(timestamp)  _FUNC_(tinyint)  _FUNC_(void)  )
	at org.apache.hadoop.hive.ql.TxnCommandsBaseForTests.runStatementOnDriver(TxnCommandsBaseForTests.java:247)
	at org.apache.hadoop.hive.ql.TestTxnCommands.testUpdateDeleteOfInserts(TestTxnCommands.java:883)
	at sun.reflect.NativeMethodAccessorImpl.invoke0(Native Method)
	at sun.reflect.NativeMethodAccessorImpl.invoke(NativeMethodAccessorImpl.java:62)
	at sun.reflect.DelegatingMethodAccessorImpl.invoke(DelegatingMethodAccessorImpl.java:43)
	at java.lang.reflect.Method.invoke(Method.java:498)
	at org.junit.runners.model.FrameworkMethod$1.runReflectiveCall(FrameworkMethod.java:59)
	at org.junit.internal.runners.model.ReflectiveCallable.run(ReflectiveCallable.java:12)
	at org.junit.runners.model.FrameworkMethod.invokeExplosively(FrameworkMethod.java:56)
	at org.junit.internal.runners.statements.InvokeMethod.evaluate(InvokeMethod.java:17)
	at org.junit.internal.runners.statements.RunBefores.evaluate(RunBefores.java:26)
	at org.junit.internal.runners.statements.RunAfters.evaluate(RunAfters.java:27)
	at org.junit.rules.TestWatcher$1.evaluate(TestWatcher.java:61)
	at org.junit.runners.ParentRunner$3.evaluate(ParentRunner.java:306)
	at org.junit.runners.BlockJUnit4ClassRunner$1.evaluate(BlockJUnit4ClassRunner.java:100)
	at org.junit.runners.ParentRunner.runLeaf(ParentRunner.java:366)
	at org.junit.runners.BlockJUnit4ClassRunner.runChild(BlockJUnit4ClassRunner.java:103)
	at org.junit.runners.BlockJUnit4ClassRunner.runChild(BlockJUnit4ClassRunner.java:63)
	at org.junit.runners.ParentRunner$4.run(ParentRunner.java:331)
	at org.junit.runners.ParentRunner$1.schedule(ParentRunner.java:79)
	at org.junit.runners.ParentRunner.runChildren(ParentRunner.java:329)
	at org.junit.runners.ParentRunner.access$100(ParentRunner.java:66)
	at org.junit.runners.ParentRunner$2.evaluate(ParentRunner.java:293)
	at org.junit.runners.ParentRunner$3.evaluate(ParentRunner.java:306)
	at org.junit.runners.ParentRunner.run(ParentRunner.java:413)
	at org.junit.runner.JUnitCore.run(JUnitCore.java:137)
	at org.junit.runner.JUnitCore.run(JUnitCore.java:115)
	at org.junit.vintage.engine.execution.RunnerExecutor.execute(RunnerExecutor.java:43)
	at java.util.stream.ForEachOps$ForEachOp$OfRef.accept(ForEachOps.java:183)
	at java.util.stream.ReferencePipeline$3$1.accept(ReferencePipeline.java:193)
	at java.util.Iterator.forEachRemaining(Iterator.java:116)
	at java.util.Spliterators$IteratorSpliterator.forEachRemaining(Spliterators.java:1801)
	at java.util.stream.AbstractPipeline.copyInto(AbstractPipeline.java:482)
	at java.util.stream.AbstractPipeline.wrapAndCopyInto(AbstractPipeline.java:472)
	at java.util.stream.ForEachOps$ForEachOp.evaluateSequential(ForEachOps.java:150)
	at java.util.stream.ForEachOps$ForEachOp$OfRef.evaluateSequential(ForEachOps.java:173)
	at java.util.stream.AbstractPipeline.evaluate(AbstractPipeline.java:234)
	at java.util.stream.ReferencePipeline.forEach(ReferencePipeline.java:485)
	at org.junit.vintage.engine.VintageTestEngine.executeAllChildren(VintageTestEngine.java:82)
	at org.junit.vintage.engine.VintageTestEngine.execute(VintageTestEngine.java:73)
	at org.junit.platform.launcher.core.DefaultLauncher.execute(DefaultLauncher.java:248)
	at org.junit.platform.launcher.core.DefaultLauncher.lambda$execute$5(DefaultLauncher.java:211)
	at org.junit.platform.launcher.core.DefaultLauncher.withInterceptedStreams(DefaultLauncher.java:226)
	at org.junit.platform.launcher.core.DefaultLauncher.execute(DefaultLauncher.java:199)
	at org.junit.platform.launcher.core.DefaultLauncher.execute(DefaultLauncher.java:132)
	at org.apache.maven.surefire.junitplatform.JUnitPlatformProvider.invokeAllTests(JUnitPlatformProvider.java:154)
	at org.apache.maven.surefire.junitplatform.JUnitPlatformProvider.invoke(JUnitPlatformProvider.java:123)
	at org.apache.maven.surefire.booter.ForkedBooter.runSuitesInProcess(ForkedBooter.java:377)
	at org.apache.maven.surefire.booter.ForkedBooter.execute(ForkedBooter.java:138)
	at org.apache.maven.surefire.booter.ForkedBooter.run(ForkedBooter.java:465)
	at org.apache.maven.surefire.booter.ForkedBooter.main(ForkedBooter.java:451)
]]></error>
    <system-err><![CDATA[2024-04-24T06:29:19,408  WARN [main] conf.HiveConf: HiveConf of name hive.llap.io.cache.orc.arena.size does not exist
2024-04-24T06:29:19,408  WARN [main] conf.HiveConf: HiveConf of name hive.dummyparam.test.server.specific.config.hivesite does not exist
2024-04-24T06:29:19,408  WARN [main] conf.HiveConf: HiveConf of name hive.metastore.client.cache.recordStats does not exist
2024-04-24T06:29:19,408  WARN [main] conf.HiveConf: HiveConf of name hive.llap.io.cache.orc.size does not exist
2024-04-24T06:29:19,408  WARN [main] conf.HiveConf: HiveConf of name hive.dummyparam.test.server.specific.config.metastoresite does not exist
2024-04-24T06:29:19,409  WARN [main] conf.HiveConf: HiveConf of name hive.llap.io.cache.orc.alloc.max does not exist
2024-04-24T06:29:19,409  WARN [main] conf.HiveConf: HiveConf of name hive.stats.key.prefix.reserve.length does not exist
2024-04-24T06:29:19,409  WARN [main] conf.HiveConf: HiveConf of name hive.llap.io.cache.orc.alloc.min does not exist
2024-04-24T06:29:19,409  WARN [main] conf.HiveConf: HiveConf of name hive.metastore.metadb.dir does not exist
2024-04-24T06:29:19,409  WARN [main] conf.HiveConf: HiveConf of name hive.metastore.client.cache.maxSize does not exist
2024-04-24T06:29:19,409  WARN [main] conf.HiveConf: HiveConf of name hive.dummyparam.test.server.specific.config.override does not exist
2024-04-24T06:29:19,411  INFO [main] utils.TestTxnDbUtil: Creating transactional tables
Hive Session ID = 14641619-6468-42b0-b290-5d175e67bb33
2024-04-24T06:29:19,413  INFO [main] SessionState: Hive Session ID = 14641619-6468-42b0-b290-5d175e67bb33
ivysettings.xml file not found in HIVE_HOME or HIVE_CONF_DIR,/home/alex/Repositories/hive/conf/ivysettings.xml will be used
2024-04-24T06:29:19,414  INFO [main] DependencyResolver: ivysettings.xml file not found in HIVE_HOME or HIVE_CONF_DIR,/home/alex/Repositories/hive/conf/ivysettings.xml will be used
2024-04-24T06:29:19,419  INFO [main] session.SessionState: Created HDFS directory: /home/alex/Repositories/hive/ql/target/tmp/scratchdir/alex/14641619-6468-42b0-b290-5d175e67bb33
2024-04-24T06:29:19,421  INFO [main] session.SessionState: Created local directory: /home/alex/Repositories/hive/ql/target/tmp/localscratchdir/14641619-6468-42b0-b290-5d175e67bb33
2024-04-24T06:29:19,424  INFO [main] session.SessionState: Created HDFS directory: /home/alex/Repositories/hive/ql/target/tmp/scratchdir/alex/14641619-6468-42b0-b290-5d175e67bb33/_tmp_space.db
2024-04-24T06:29:19,424  INFO [main] sqlstd.SQLStdHiveAccessController: Created SQLStdHiveAccessController for session context : HiveAuthzSessionContext [sessionString=14641619-6468-42b0-b290-5d175e67bb33, clientType=HIVECLI]
2024-04-24T06:29:19,424  INFO [main] ql.TxnCommandsBaseForTests: Running the query: drop table if exists acidTbl
2024-04-24T06:29:19,425  INFO [main] ql.Driver: Compiling command(queryId=alex_20240424062919_546af632-c205-429f-82fe-d5371487da89): drop table if exists acidTbl
2024-04-24T06:29:19,432  INFO [main] txn.TxnHandler: Added entries to MIN_HISTORY_LEVEL for current txns: ([1]) with min_open_txn: 1
2024-04-24T06:29:19,432  INFO [main] lockmgr.DbTxnManager: Opened txnid:1
2024-04-24T06:29:19,434  INFO [main] HiveMetaStore.audit: ugi=alex	ip=unknown-ip-addr	cmd=get_table : tbl=hive.default.acidTbl	
2024-04-24T06:29:19,437  INFO [main] ql.Driver: Semantic Analysis Completed (retrial = false)
2024-04-24T06:29:19,437  INFO [main] ql.Driver: Created Hive schema: Schema(fieldSchemas:null, properties:null)
2024-04-24T06:29:19,437  INFO [main] metadata.Hive: Dumping metastore api call timing information for : compilation phase
2024-04-24T06:29:19,437  INFO [main] metadata.Hive: Total time spent in each metastore function (ms): {openTxn_(String, TxnType)=7, getValidTxns_(long)=2, commitTxn_(CommitTxnRequest)=10, isCompatibleWith_(Configuration)=0, flushCache_()=0}
2024-04-24T06:29:19,437  INFO [main] ql.Driver: Completed compiling command(queryId=alex_20240424062919_546af632-c205-429f-82fe-d5371487da89); Time taken: 0.012 seconds
2024-04-24T06:29:19,438  INFO [main] lockmgr.DbTxnManager: Setting lock request transaction to txnid:1 for queryId=alex_20240424062919_546af632-c205-429f-82fe-d5371487da89
2024-04-24T06:29:19,438  INFO [main] ql.Driver: Operation DROPTABLE obtained 0 locks
2024-04-24T06:29:19,438  INFO [main] ql.Driver: Executing command(queryId=alex_20240424062919_546af632-c205-429f-82fe-d5371487da89): drop table if exists acidTbl
2024-04-24T06:29:19,438  INFO [main] ql.Driver: Starting task [Stage-0:DDL] in serial mode
2024-04-24T06:29:19,438  INFO [main] HiveMetaStore.audit: ugi=alex	ip=unknown-ip-addr	cmd=get_table : tbl=hive.default.acidTbl	
2024-04-24T06:29:19,441  INFO [main] metadata.Hive: Dumping metastore api call timing information for : execution phase
2024-04-24T06:29:19,441  INFO [main] metadata.Hive: Total time spent in each metastore function (ms): {isCompatibleWith_(Configuration)=0}
2024-04-24T06:29:19,441  INFO [main] ql.Driver: Completed executing command(queryId=alex_20240424062919_546af632-c205-429f-82fe-d5371487da89); Time taken: 0.003 seconds
2024-04-24T06:29:19,441  INFO [main] lockmgr.DbTxnManager: Stopped heartbeat for query: alex_20240424062919_546af632-c205-429f-82fe-d5371487da89
2024-04-24T06:29:19,447  INFO [main] txn.TxnHandler: Expected to move at least one record from txn_components to completed_txn_components when committing txn! txnid:1
2024-04-24T06:29:19,453  INFO [main] txn.TxnHandler: Removed transactions: ([1]) from MIN_HISTORY_LEVEL
2024-04-24T06:29:19,453  WARN [main] txn.CompactionTxnHandler: No compaction queue record found for Compaction type transaction commit. txnId:1
2024-04-24T06:29:19,454  INFO [main] ql.TxnCommandsBaseForTests: Running the query: drop table if exists acidTblPart
2024-04-24T06:29:19,454  INFO [main] ql.Driver: Compiling command(queryId=alex_20240424062919_85bf87c6-2202-4a92-a656-05285fbfbb2b): drop table if exists acidTblPart
2024-04-24T06:29:19,456  INFO [main] txn.TxnHandler: Added entries to MIN_HISTORY_LEVEL for current txns: ([2]) with min_open_txn: 1
2024-04-24T06:29:19,456  INFO [main] lockmgr.DbTxnManager: Opened txnid:2
2024-04-24T06:29:19,457  INFO [main] HiveMetaStore.audit: ugi=alex	ip=unknown-ip-addr	cmd=get_table : tbl=hive.default.acidTblPart	
2024-04-24T06:29:19,459  INFO [main] ql.Driver: Semantic Analysis Completed (retrial = false)
2024-04-24T06:29:19,459  INFO [main] ql.Driver: Created Hive schema: Schema(fieldSchemas:null, properties:null)
2024-04-24T06:29:19,459  INFO [main] metadata.Hive: Dumping metastore api call timing information for : compilation phase
2024-04-24T06:29:19,460  INFO [main] metadata.Hive: Total time spent in each metastore function (ms): {openTxn_(String, TxnType)=2, flushCache_()=0, getValidTxns_(long)=1, commitTxn_(CommitTxnRequest)=12, isCompatibleWith_(Configuration)=0}
2024-04-24T06:29:19,460  INFO [main] ql.Driver: Completed compiling command(queryId=alex_20240424062919_85bf87c6-2202-4a92-a656-05285fbfbb2b); Time taken: 0.005 seconds
2024-04-24T06:29:19,460  INFO [main] lockmgr.DbTxnManager: Setting lock request transaction to txnid:2 for queryId=alex_20240424062919_85bf87c6-2202-4a92-a656-05285fbfbb2b
2024-04-24T06:29:19,460  INFO [main] ql.Driver: Operation DROPTABLE obtained 0 locks
2024-04-24T06:29:19,460  INFO [main] ql.Driver: Executing command(queryId=alex_20240424062919_85bf87c6-2202-4a92-a656-05285fbfbb2b): drop table if exists acidTblPart
2024-04-24T06:29:19,460  INFO [main] ql.Driver: Starting task [Stage-0:DDL] in serial mode
2024-04-24T06:29:19,460  INFO [main] HiveMetaStore.audit: ugi=alex	ip=unknown-ip-addr	cmd=get_table : tbl=hive.default.acidTblPart	
2024-04-24T06:29:19,463  INFO [main] metadata.Hive: Dumping metastore api call timing information for : execution phase
2024-04-24T06:29:19,463  INFO [main] metadata.Hive: Total time spent in each metastore function (ms): {isCompatibleWith_(Configuration)=0}
2024-04-24T06:29:19,463  INFO [main] ql.Driver: Completed executing command(queryId=alex_20240424062919_85bf87c6-2202-4a92-a656-05285fbfbb2b); Time taken: 0.003 seconds
2024-04-24T06:29:19,463  INFO [main] lockmgr.DbTxnManager: Stopped heartbeat for query: alex_20240424062919_85bf87c6-2202-4a92-a656-05285fbfbb2b
2024-04-24T06:29:19,469  INFO [main] txn.TxnHandler: Expected to move at least one record from txn_components to completed_txn_components when committing txn! txnid:2
2024-04-24T06:29:19,475  INFO [main] txn.TxnHandler: Removed transactions: ([2]) from MIN_HISTORY_LEVEL
2024-04-24T06:29:19,475  WARN [main] txn.CompactionTxnHandler: No compaction queue record found for Compaction type transaction commit. txnId:2
2024-04-24T06:29:19,475  INFO [main] ql.TxnCommandsBaseForTests: Running the query: drop table if exists acidTbl2
2024-04-24T06:29:19,476  INFO [main] ql.Driver: Compiling command(queryId=alex_20240424062919_81047cf7-f5fe-4eef-8182-cd397ee63b68): drop table if exists acidTbl2
2024-04-24T06:29:19,478  INFO [main] txn.TxnHandler: Added entries to MIN_HISTORY_LEVEL for current txns: ([3]) with min_open_txn: 1
2024-04-24T06:29:19,478  INFO [main] lockmgr.DbTxnManager: Opened txnid:3
2024-04-24T06:29:19,478  INFO [main] HiveMetaStore.audit: ugi=alex	ip=unknown-ip-addr	cmd=get_table : tbl=hive.default.acidTbl2	
2024-04-24T06:29:19,481  INFO [main] ql.Driver: Semantic Analysis Completed (retrial = false)
2024-04-24T06:29:19,481  INFO [main] ql.Driver: Created Hive schema: Schema(fieldSchemas:null, properties:null)
2024-04-24T06:29:19,481  INFO [main] metadata.Hive: Dumping metastore api call timing information for : compilation phase
2024-04-24T06:29:19,481  INFO [main] metadata.Hive: Total time spent in each metastore function (ms): {flushCache_()=0, commitTxn_(CommitTxnRequest)=11, openTxn_(String, TxnType)=2, getValidTxns_(long)=0, isCompatibleWith_(Configuration)=1}
2024-04-24T06:29:19,481  INFO [main] ql.Driver: Completed compiling command(queryId=alex_20240424062919_81047cf7-f5fe-4eef-8182-cd397ee63b68); Time taken: 0.005 seconds
2024-04-24T06:29:19,481  INFO [main] lockmgr.DbTxnManager: Setting lock request transaction to txnid:3 for queryId=alex_20240424062919_81047cf7-f5fe-4eef-8182-cd397ee63b68
2024-04-24T06:29:19,481  INFO [main] ql.Driver: Operation DROPTABLE obtained 0 locks
2024-04-24T06:29:19,482  INFO [main] ql.Driver: Executing command(queryId=alex_20240424062919_81047cf7-f5fe-4eef-8182-cd397ee63b68): drop table if exists acidTbl2
2024-04-24T06:29:19,482  INFO [main] ql.Driver: Starting task [Stage-0:DDL] in serial mode
2024-04-24T06:29:19,482  INFO [main] HiveMetaStore.audit: ugi=alex	ip=unknown-ip-addr	cmd=get_table : tbl=hive.default.acidTbl2	
2024-04-24T06:29:19,484  INFO [main] metadata.Hive: Dumping metastore api call timing information for : execution phase
2024-04-24T06:29:19,485  INFO [main] metadata.Hive: Total time spent in each metastore function (ms): {isCompatibleWith_(Configuration)=0}
2024-04-24T06:29:19,485  INFO [main] ql.Driver: Completed executing command(queryId=alex_20240424062919_81047cf7-f5fe-4eef-8182-cd397ee63b68); Time taken: 0.003 seconds
2024-04-24T06:29:19,485  INFO [main] lockmgr.DbTxnManager: Stopped heartbeat for query: alex_20240424062919_81047cf7-f5fe-4eef-8182-cd397ee63b68
2024-04-24T06:29:19,490  INFO [main] txn.TxnHandler: Expected to move at least one record from txn_components to completed_txn_components when committing txn! txnid:3
2024-04-24T06:29:19,496  INFO [main] txn.TxnHandler: Removed transactions: ([3]) from MIN_HISTORY_LEVEL
2024-04-24T06:29:19,496  WARN [main] txn.CompactionTxnHandler: No compaction queue record found for Compaction type transaction commit. txnId:3
2024-04-24T06:29:19,496  INFO [main] ql.TxnCommandsBaseForTests: Running the query: drop table if exists nonAcidOrcTbl
2024-04-24T06:29:19,497  INFO [main] ql.Driver: Compiling command(queryId=alex_20240424062919_b7ade3a4-4ed7-4360-9b07-b28552931138): drop table if exists nonAcidOrcTbl
2024-04-24T06:29:19,499  INFO [main] txn.TxnHandler: Added entries to MIN_HISTORY_LEVEL for current txns: ([4]) with min_open_txn: 1
2024-04-24T06:29:19,499  INFO [main] lockmgr.DbTxnManager: Opened txnid:4
2024-04-24T06:29:19,499  INFO [main] HiveMetaStore.audit: ugi=alex	ip=unknown-ip-addr	cmd=get_table : tbl=hive.default.nonAcidOrcTbl	
2024-04-24T06:29:19,502  INFO [main] ql.Driver: Semantic Analysis Completed (retrial = false)
2024-04-24T06:29:19,502  INFO [main] ql.Driver: Created Hive schema: Schema(fieldSchemas:null, properties:null)
2024-04-24T06:29:19,502  INFO [main] metadata.Hive: Dumping metastore api call timing information for : compilation phase
2024-04-24T06:29:19,502  INFO [main] metadata.Hive: Total time spent in each metastore function (ms): {openTxn_(String, TxnType)=2, isCompatibleWith_(Configuration)=0, commitTxn_(CommitTxnRequest)=11, flushCache_()=0, getValidTxns_(long)=0}
2024-04-24T06:29:19,502  INFO [main] ql.Driver: Completed compiling command(queryId=alex_20240424062919_b7ade3a4-4ed7-4360-9b07-b28552931138); Time taken: 0.005 seconds
2024-04-24T06:29:19,502  INFO [main] lockmgr.DbTxnManager: Setting lock request transaction to txnid:4 for queryId=alex_20240424062919_b7ade3a4-4ed7-4360-9b07-b28552931138
2024-04-24T06:29:19,502  INFO [main] ql.Driver: Operation DROPTABLE obtained 0 locks
2024-04-24T06:29:19,502  INFO [main] ql.Driver: Executing command(queryId=alex_20240424062919_b7ade3a4-4ed7-4360-9b07-b28552931138): drop table if exists nonAcidOrcTbl
2024-04-24T06:29:19,503  INFO [main] ql.Driver: Starting task [Stage-0:DDL] in serial mode
2024-04-24T06:29:19,503  INFO [main] HiveMetaStore.audit: ugi=alex	ip=unknown-ip-addr	cmd=get_table : tbl=hive.default.nonAcidOrcTbl	
2024-04-24T06:29:19,505  INFO [main] metadata.Hive: Dumping metastore api call timing information for : execution phase
2024-04-24T06:29:19,505  INFO [main] metadata.Hive: Total time spent in each metastore function (ms): {isCompatibleWith_(Configuration)=0}
2024-04-24T06:29:19,506  INFO [main] ql.Driver: Completed executing command(queryId=alex_20240424062919_b7ade3a4-4ed7-4360-9b07-b28552931138); Time taken: 0.003 seconds
2024-04-24T06:29:19,506  INFO [main] lockmgr.DbTxnManager: Stopped heartbeat for query: alex_20240424062919_b7ade3a4-4ed7-4360-9b07-b28552931138
2024-04-24T06:29:19,511  INFO [main] txn.TxnHandler: Expected to move at least one record from txn_components to completed_txn_components when committing txn! txnid:4
2024-04-24T06:29:19,517  INFO [main] txn.TxnHandler: Removed transactions: ([4]) from MIN_HISTORY_LEVEL
2024-04-24T06:29:19,517  WARN [main] txn.CompactionTxnHandler: No compaction queue record found for Compaction type transaction commit. txnId:4
2024-04-24T06:29:19,517  INFO [main] ql.TxnCommandsBaseForTests: Running the query: drop table if exists nonAcidOrcTbl2
2024-04-24T06:29:19,517  INFO [main] ql.Driver: Compiling command(queryId=alex_20240424062919_f890e1c4-d983-47e9-863c-5ab1cf23c9d7): drop table if exists nonAcidOrcTbl2
2024-04-24T06:29:19,519  INFO [main] txn.TxnHandler: Added entries to MIN_HISTORY_LEVEL for current txns: ([5]) with min_open_txn: 1
2024-04-24T06:29:19,520  INFO [main] lockmgr.DbTxnManager: Opened txnid:5
2024-04-24T06:29:19,520  INFO [main] HiveMetaStore.audit: ugi=alex	ip=unknown-ip-addr	cmd=get_table : tbl=hive.default.nonAcidOrcTbl2	
2024-04-24T06:29:19,523  INFO [main] ql.Driver: Semantic Analysis Completed (retrial = false)
2024-04-24T06:29:19,523  INFO [main] ql.Driver: Created Hive schema: Schema(fieldSchemas:null, properties:null)
2024-04-24T06:29:19,523  INFO [main] metadata.Hive: Dumping metastore api call timing information for : compilation phase
2024-04-24T06:29:19,523  INFO [main] metadata.Hive: Total time spent in each metastore function (ms): {flushCache_()=0, getValidTxns_(long)=0, openTxn_(String, TxnType)=2, commitTxn_(CommitTxnRequest)=11, isCompatibleWith_(Configuration)=0}
2024-04-24T06:29:19,523  INFO [main] ql.Driver: Completed compiling command(queryId=alex_20240424062919_f890e1c4-d983-47e9-863c-5ab1cf23c9d7); Time taken: 0.006 seconds
2024-04-24T06:29:19,523  INFO [main] lockmgr.DbTxnManager: Setting lock request transaction to txnid:5 for queryId=alex_20240424062919_f890e1c4-d983-47e9-863c-5ab1cf23c9d7
2024-04-24T06:29:19,523  INFO [main] ql.Driver: Operation DROPTABLE obtained 0 locks
2024-04-24T06:29:19,523  INFO [main] ql.Driver: Executing command(queryId=alex_20240424062919_f890e1c4-d983-47e9-863c-5ab1cf23c9d7): drop table if exists nonAcidOrcTbl2
2024-04-24T06:29:19,524  INFO [main] ql.Driver: Starting task [Stage-0:DDL] in serial mode
2024-04-24T06:29:19,524  INFO [main] HiveMetaStore.audit: ugi=alex	ip=unknown-ip-addr	cmd=get_table : tbl=hive.default.nonAcidOrcTbl2	
2024-04-24T06:29:19,526  INFO [main] metadata.Hive: Dumping metastore api call timing information for : execution phase
2024-04-24T06:29:19,526  INFO [main] metadata.Hive: Total time spent in each metastore function (ms): {isCompatibleWith_(Configuration)=0}
2024-04-24T06:29:19,526  INFO [main] ql.Driver: Completed executing command(queryId=alex_20240424062919_f890e1c4-d983-47e9-863c-5ab1cf23c9d7); Time taken: 0.003 seconds
2024-04-24T06:29:19,526  INFO [main] lockmgr.DbTxnManager: Stopped heartbeat for query: alex_20240424062919_f890e1c4-d983-47e9-863c-5ab1cf23c9d7
2024-04-24T06:29:19,532  INFO [main] txn.TxnHandler: Expected to move at least one record from txn_components to completed_txn_components when committing txn! txnid:5
2024-04-24T06:29:19,537  INFO [main] txn.TxnHandler: Removed transactions: ([5]) from MIN_HISTORY_LEVEL
2024-04-24T06:29:19,537  WARN [main] txn.CompactionTxnHandler: No compaction queue record found for Compaction type transaction commit. txnId:5
2024-04-24T06:29:19,538  INFO [main] ql.TxnCommandsBaseForTests: Running the query: drop table if exists nonAcidNonBucket
2024-04-24T06:29:19,538  INFO [main] ql.Driver: Compiling command(queryId=alex_20240424062919_7186f3aa-61fe-474e-9d4d-bfb92af2365a): drop table if exists nonAcidNonBucket
2024-04-24T06:29:19,540  INFO [main] txn.TxnHandler: Added entries to MIN_HISTORY_LEVEL for current txns: ([6]) with min_open_txn: 1
2024-04-24T06:29:19,540  INFO [main] lockmgr.DbTxnManager: Opened txnid:6
2024-04-24T06:29:19,541  INFO [main] HiveMetaStore.audit: ugi=alex	ip=unknown-ip-addr	cmd=get_table : tbl=hive.default.nonAcidNonBucket	
2024-04-24T06:29:19,543  INFO [main] ql.Driver: Semantic Analysis Completed (retrial = false)
2024-04-24T06:29:19,543  INFO [main] ql.Driver: Created Hive schema: Schema(fieldSchemas:null, properties:null)
2024-04-24T06:29:19,543  INFO [main] metadata.Hive: Dumping metastore api call timing information for : compilation phase
2024-04-24T06:29:19,544  INFO [main] metadata.Hive: Total time spent in each metastore function (ms): {openTxn_(String, TxnType)=2, getValidTxns_(long)=1, flushCache_()=0, isCompatibleWith_(Configuration)=0, commitTxn_(CommitTxnRequest)=11}
2024-04-24T06:29:19,544  INFO [main] ql.Driver: Completed compiling command(queryId=alex_20240424062919_7186f3aa-61fe-474e-9d4d-bfb92af2365a); Time taken: 0.005 seconds
2024-04-24T06:29:19,544  INFO [main] lockmgr.DbTxnManager: Setting lock request transaction to txnid:6 for queryId=alex_20240424062919_7186f3aa-61fe-474e-9d4d-bfb92af2365a
2024-04-24T06:29:19,544  INFO [main] ql.Driver: Operation DROPTABLE obtained 0 locks
2024-04-24T06:29:19,544  INFO [main] ql.Driver: Executing command(queryId=alex_20240424062919_7186f3aa-61fe-474e-9d4d-bfb92af2365a): drop table if exists nonAcidNonBucket
2024-04-24T06:29:19,544  INFO [main] ql.Driver: Starting task [Stage-0:DDL] in serial mode
2024-04-24T06:29:19,544  INFO [main] HiveMetaStore.audit: ugi=alex	ip=unknown-ip-addr	cmd=get_table : tbl=hive.default.nonAcidNonBucket	
2024-04-24T06:29:19,547  INFO [main] metadata.Hive: Dumping metastore api call timing information for : execution phase
2024-04-24T06:29:19,547  INFO [main] metadata.Hive: Total time spent in each metastore function (ms): {isCompatibleWith_(Configuration)=0}
2024-04-24T06:29:19,547  INFO [main] ql.Driver: Completed executing command(queryId=alex_20240424062919_7186f3aa-61fe-474e-9d4d-bfb92af2365a); Time taken: 0.003 seconds
2024-04-24T06:29:19,547  INFO [main] lockmgr.DbTxnManager: Stopped heartbeat for query: alex_20240424062919_7186f3aa-61fe-474e-9d4d-bfb92af2365a
2024-04-24T06:29:19,552  INFO [main] txn.TxnHandler: Expected to move at least one record from txn_components to completed_txn_components when committing txn! txnid:6
2024-04-24T06:29:19,558  INFO [main] txn.TxnHandler: Removed transactions: ([6]) from MIN_HISTORY_LEVEL
2024-04-24T06:29:19,558  WARN [main] txn.CompactionTxnHandler: No compaction queue record found for Compaction type transaction commit. txnId:6
2024-04-24T06:29:19,559  INFO [main] ql.TxnCommandsBaseForTests: Running the query: create table acidTbl(a int, b int) clustered by (a) into 2 buckets stored as orc TBLPROPERTIES ('transactional'='true')
2024-04-24T06:29:19,559  INFO [main] ql.Driver: Compiling command(queryId=alex_20240424062919_3124a1eb-987d-4474-bbb8-6ceb1160a263): create table acidTbl(a int, b int) clustered by (a) into 2 buckets stored as orc TBLPROPERTIES ('transactional'='true')
2024-04-24T06:29:19,561  INFO [main] txn.TxnHandler: Added entries to MIN_HISTORY_LEVEL for current txns: ([7]) with min_open_txn: 1
2024-04-24T06:29:19,561  INFO [main] lockmgr.DbTxnManager: Opened txnid:7
2024-04-24T06:29:19,562  INFO [main] parse.CalcitePlanner: Starting caching scope for: 
2024-04-24T06:29:19,562  INFO [main] parse.CalcitePlanner: Starting Semantic Analysis
2024-04-24T06:29:19,567  INFO [main] parse.CalcitePlanner: Creating table default.acidTbl position=13
2024-04-24T06:29:19,567  INFO [main] HiveMetaStore.audit: ugi=alex	ip=unknown-ip-addr	cmd=get_database: default	
2024-04-24T06:29:19,569  INFO [main] parse.CalcitePlanner: Ending caching scope for: 
2024-04-24T06:29:19,569  INFO [main] ql.Driver: Semantic Analysis Completed (retrial = false)
2024-04-24T06:29:19,569  INFO [main] ql.Driver: Created Hive schema: Schema(fieldSchemas:null, properties:null)
2024-04-24T06:29:19,569  INFO [main] metadata.Hive: Dumping metastore api call timing information for : compilation phase
2024-04-24T06:29:19,569  INFO [main] metadata.Hive: Total time spent in each metastore function (ms): {flushCache_()=0, getValidWriteIds_(List, String)=5, isCompatibleWith_(Configuration)=0, getValidTxns_(long)=0, getDatabase_(String)=2, openTxn_(String, TxnType)=1, commitTxn_(CommitTxnRequest)=12}
2024-04-24T06:29:19,569  INFO [main] ql.Driver: Completed compiling command(queryId=alex_20240424062919_3124a1eb-987d-4474-bbb8-6ceb1160a263); Time taken: 0.01 seconds
2024-04-24T06:29:19,570  INFO [main] lockmgr.DbTxnManager: Setting lock request transaction to txnid:7 for queryId=alex_20240424062919_3124a1eb-987d-4474-bbb8-6ceb1160a263
2024-04-24T06:29:19,570  INFO [main] lockmgr.DbLockManager: Requesting lock for queryId=alex_20240424062919_3124a1eb-987d-4474-bbb8-6ceb1160a263
2024-04-24T06:29:19,588  INFO [main] lockmgr.DbLockManager: Response to queryId=alex_20240424062919_3124a1eb-987d-4474-bbb8-6ceb1160a263 LockResponse(lockid:1, state:ACQUIRED)
2024-04-24T06:29:19,588  INFO [main] ql.Driver: Operation CREATETABLE obtained 1 locks
2024-04-24T06:29:19,588  INFO [main] ql.Driver: Executing command(queryId=alex_20240424062919_3124a1eb-987d-4474-bbb8-6ceb1160a263): create table acidTbl(a int, b int) clustered by (a) into 2 buckets stored as orc TBLPROPERTIES ('transactional'='true')
2024-04-24T06:29:19,588  INFO [main] ql.Driver: Starting task [Stage-0:DDL] in serial mode
2024-04-24T06:29:19,589  INFO [main] HiveMetaStore.audit: ugi=alex	ip=unknown-ip-addr	cmd=create_table_req: Table(tableName:acidTbl, dbName:default, owner:alex, createTime:1713965359, lastAccessTime:0, retention:0, sd:StorageDescriptor(cols:[FieldSchema(name:a, type:int, comment:null), FieldSchema(name:b, type:int, comment:null)], location:null, inputFormat:org.apache.hadoop.hive.ql.io.orc.OrcInputFormat, outputFormat:org.apache.hadoop.hive.ql.io.orc.OrcOutputFormat, compressed:false, numBuckets:2, serdeInfo:SerDeInfo(name:null, serializationLib:org.apache.hadoop.hive.ql.io.orc.OrcSerde, parameters:{serialization.format=1}), bucketCols:[a], sortCols:[], parameters:{}, skewedInfo:SkewedInfo(skewedColNames:[], skewedColValues:[], skewedColValueLocationMaps:{}), storedAsSubDirectories:false), partitionKeys:[], parameters:{totalSize=0, transactional=true, COLUMN_STATS_ACCURATE={"BASIC_STATS":"true","COLUMN_STATS":{"a":"true","b":"true"}}, numFilesErasureCoded=0, numRows=0, rawDataSize=0, bucketing_version=2, numFiles=0}, viewOriginalText:null, viewExpandedText:null, tableType:MANAGED_TABLE, privileges:PrincipalPrivilegeSet(userPrivileges:{alex=[PrivilegeGrantInfo(privilege:INSERT, createTime:-1, grantor:alex, grantorType:USER, grantOption:true), PrivilegeGrantInfo(privilege:SELECT, createTime:-1, grantor:alex, grantorType:USER, grantOption:true), PrivilegeGrantInfo(privilege:UPDATE, createTime:-1, grantor:alex, grantorType:USER, grantOption:true), PrivilegeGrantInfo(privilege:DELETE, createTime:-1, grantor:alex, grantorType:USER, grantOption:true)]}, groupPrivileges:null, rolePrivileges:null), temporary:false, catName:hive, ownerType:USER, writeId:0)	
2024-04-24T06:29:19,594  INFO [main] utils.FileUtils: Creating directory if it doesn't exist: file:/home/alex/Repositories/hive/ql/target/tmp/org.apache.hadoop.hive.ql.TestTxnCommands-1713965238357/warehouse/acidtbl
2024-04-24T06:29:19,627  INFO [main] metadata.Hive: Dumping metastore api call timing information for : execution phase
2024-04-24T06:29:19,627  INFO [main] metadata.Hive: Total time spent in each metastore function (ms): {createTable_(Table)=38, isCompatibleWith_(Configuration)=0}
2024-04-24T06:29:19,628  INFO [main] ql.Driver: Completed executing command(queryId=alex_20240424062919_3124a1eb-987d-4474-bbb8-6ceb1160a263); Time taken: 0.039 seconds
2024-04-24T06:29:19,628  INFO [main] lockmgr.DbTxnManager: Stopped heartbeat for query: alex_20240424062919_3124a1eb-987d-4474-bbb8-6ceb1160a263
2024-04-24T06:29:19,632  INFO [main] txn.TxnHandler: Expected to move at least one record from txn_components to completed_txn_components when committing txn! txnid:7
2024-04-24T06:29:19,637  INFO [main] txn.TxnHandler: Removed transactions: ([7]) from MIN_HISTORY_LEVEL
2024-04-24T06:29:19,638  WARN [main] txn.CompactionTxnHandler: No compaction queue record found for Compaction type transaction commit. txnId:7
2024-04-24T06:29:19,638  INFO [main] ql.TxnCommandsBaseForTests: Running the query: create table acidTblPart(a int, b int) partitioned by (p string) clustered by (a) into 2 buckets stored as orc TBLPROPERTIES ('transactional'='true')
2024-04-24T06:29:19,638  INFO [main] ql.Driver: Compiling command(queryId=alex_20240424062919_facc7926-80ae-47fc-95e0-4da79d29ffe8): create table acidTblPart(a int, b int) partitioned by (p string) clustered by (a) into 2 buckets stored as orc TBLPROPERTIES ('transactional'='true')
2024-04-24T06:29:19,641  INFO [main] txn.TxnHandler: Added entries to MIN_HISTORY_LEVEL for current txns: ([8]) with min_open_txn: 1
2024-04-24T06:29:19,641  INFO [main] lockmgr.DbTxnManager: Opened txnid:8
2024-04-24T06:29:19,643  INFO [main] parse.CalcitePlanner: Starting caching scope for: 
2024-04-24T06:29:19,643  INFO [main] parse.CalcitePlanner: Starting Semantic Analysis
2024-04-24T06:29:19,646  INFO [main] parse.CalcitePlanner: Creating table default.acidTblPart position=13
2024-04-24T06:29:19,646  INFO [main] HiveMetaStore.audit: ugi=alex	ip=unknown-ip-addr	cmd=get_database: default	
2024-04-24T06:29:19,647  INFO [main] parse.CalcitePlanner: Ending caching scope for: 
2024-04-24T06:29:19,647  INFO [main] ql.Driver: Semantic Analysis Completed (retrial = false)
2024-04-24T06:29:19,647  INFO [main] ql.Driver: Created Hive schema: Schema(fieldSchemas:null, properties:null)
2024-04-24T06:29:19,647  INFO [main] metadata.Hive: Dumping metastore api call timing information for : compilation phase
2024-04-24T06:29:19,648  INFO [main] metadata.Hive: Total time spent in each metastore function (ms): {getDatabase_(String)=1, commitTxn_(CommitTxnRequest)=10, getValidWriteIds_(List, String)=3, getValidTxns_(long)=2, isCompatibleWith_(Configuration)=0, openTxn_(String, TxnType)=2, flushCache_()=0}
2024-04-24T06:29:19,648  INFO [main] ql.Driver: Completed compiling command(queryId=alex_20240424062919_facc7926-80ae-47fc-95e0-4da79d29ffe8); Time taken: 0.009 seconds
2024-04-24T06:29:19,648  INFO [main] lockmgr.DbTxnManager: Setting lock request transaction to txnid:8 for queryId=alex_20240424062919_facc7926-80ae-47fc-95e0-4da79d29ffe8
2024-04-24T06:29:19,648  INFO [main] lockmgr.DbLockManager: Requesting lock for queryId=alex_20240424062919_facc7926-80ae-47fc-95e0-4da79d29ffe8
2024-04-24T06:29:19,663  INFO [main] lockmgr.DbLockManager: Response to queryId=alex_20240424062919_facc7926-80ae-47fc-95e0-4da79d29ffe8 LockResponse(lockid:2, state:ACQUIRED)
2024-04-24T06:29:19,663  INFO [main] ql.Driver: Operation CREATETABLE obtained 1 locks
2024-04-24T06:29:19,663  INFO [main] ql.Driver: Executing command(queryId=alex_20240424062919_facc7926-80ae-47fc-95e0-4da79d29ffe8): create table acidTblPart(a int, b int) partitioned by (p string) clustered by (a) into 2 buckets stored as orc TBLPROPERTIES ('transactional'='true')
2024-04-24T06:29:19,663  INFO [main] ql.Driver: Starting task [Stage-0:DDL] in serial mode
2024-04-24T06:29:19,664  INFO [main] HiveMetaStore.audit: ugi=alex	ip=unknown-ip-addr	cmd=create_table_req: Table(tableName:acidTblPart, dbName:default, owner:alex, createTime:1713965359, lastAccessTime:0, retention:0, sd:StorageDescriptor(cols:[FieldSchema(name:a, type:int, comment:null), FieldSchema(name:b, type:int, comment:null)], location:null, inputFormat:org.apache.hadoop.hive.ql.io.orc.OrcInputFormat, outputFormat:org.apache.hadoop.hive.ql.io.orc.OrcOutputFormat, compressed:false, numBuckets:2, serdeInfo:SerDeInfo(name:null, serializationLib:org.apache.hadoop.hive.ql.io.orc.OrcSerde, parameters:{serialization.format=1}), bucketCols:[a], sortCols:[], parameters:{}, skewedInfo:SkewedInfo(skewedColNames:[], skewedColValues:[], skewedColValueLocationMaps:{}), storedAsSubDirectories:false), partitionKeys:[FieldSchema(name:p, type:string, comment:null)], parameters:{bucketing_version=2, transactional=true}, viewOriginalText:null, viewExpandedText:null, tableType:MANAGED_TABLE, privileges:PrincipalPrivilegeSet(userPrivileges:{alex=[PrivilegeGrantInfo(privilege:INSERT, createTime:-1, grantor:alex, grantorType:USER, grantOption:true), PrivilegeGrantInfo(privilege:SELECT, createTime:-1, grantor:alex, grantorType:USER, grantOption:true), PrivilegeGrantInfo(privilege:UPDATE, createTime:-1, grantor:alex, grantorType:USER, grantOption:true), PrivilegeGrantInfo(privilege:DELETE, createTime:-1, grantor:alex, grantorType:USER, grantOption:true)]}, groupPrivileges:null, rolePrivileges:null), temporary:false, catName:hive, ownerType:USER, writeId:0)	
2024-04-24T06:29:19,669  INFO [main] utils.FileUtils: Creating directory if it doesn't exist: file:/home/alex/Repositories/hive/ql/target/tmp/org.apache.hadoop.hive.ql.TestTxnCommands-1713965238357/warehouse/acidtblpart
2024-04-24T06:29:19,689  INFO [main] metadata.Hive: Dumping metastore api call timing information for : execution phase
2024-04-24T06:29:19,689  INFO [main] metadata.Hive: Total time spent in each metastore function (ms): {createTable_(Table)=25, isCompatibleWith_(Configuration)=0}
2024-04-24T06:29:19,689  INFO [main] ql.Driver: Completed executing command(queryId=alex_20240424062919_facc7926-80ae-47fc-95e0-4da79d29ffe8); Time taken: 0.026 seconds
2024-04-24T06:29:19,689  INFO [main] lockmgr.DbTxnManager: Stopped heartbeat for query: alex_20240424062919_facc7926-80ae-47fc-95e0-4da79d29ffe8
2024-04-24T06:29:19,693  INFO [main] txn.TxnHandler: Expected to move at least one record from txn_components to completed_txn_components when committing txn! txnid:8
2024-04-24T06:29:19,699  INFO [main] txn.TxnHandler: Removed transactions: ([8]) from MIN_HISTORY_LEVEL
2024-04-24T06:29:19,699  WARN [main] txn.CompactionTxnHandler: No compaction queue record found for Compaction type transaction commit. txnId:8
2024-04-24T06:29:19,700  INFO [main] ql.TxnCommandsBaseForTests: Running the query: create table nonAcidOrcTbl(a int, b int) clustered by (a) into 2 buckets stored as orc TBLPROPERTIES ('transactional'='false')
2024-04-24T06:29:19,700  INFO [main] ql.Driver: Compiling command(queryId=alex_20240424062919_3b392b2e-8184-4c6c-9234-35b20a3904d9): create table nonAcidOrcTbl(a int, b int) clustered by (a) into 2 buckets stored as orc TBLPROPERTIES ('transactional'='false')
2024-04-24T06:29:19,702  INFO [main] txn.TxnHandler: Added entries to MIN_HISTORY_LEVEL for current txns: ([9]) with min_open_txn: 1
2024-04-24T06:29:19,703  INFO [main] lockmgr.DbTxnManager: Opened txnid:9
2024-04-24T06:29:19,703  INFO [main] parse.CalcitePlanner: Starting caching scope for: 
2024-04-24T06:29:19,703  INFO [main] parse.CalcitePlanner: Starting Semantic Analysis
2024-04-24T06:29:19,705  INFO [main] parse.CalcitePlanner: Creating table default.nonAcidOrcTbl position=13
2024-04-24T06:29:19,705  INFO [main] HiveMetaStore.audit: ugi=alex	ip=unknown-ip-addr	cmd=get_database: default	
2024-04-24T06:29:19,707  INFO [main] parse.CalcitePlanner: Ending caching scope for: 
2024-04-24T06:29:19,707  INFO [main] ql.Driver: Semantic Analysis Completed (retrial = false)
2024-04-24T06:29:19,707  INFO [main] ql.Driver: Created Hive schema: Schema(fieldSchemas:null, properties:null)
2024-04-24T06:29:19,707  INFO [main] metadata.Hive: Dumping metastore api call timing information for : compilation phase
2024-04-24T06:29:19,707  INFO [main] metadata.Hive: Total time spent in each metastore function (ms): {flushCache_()=0, getValidTxns_(long)=0, commitTxn_(CommitTxnRequest)=10, getDatabase_(String)=2, getValidWriteIds_(List, String)=2, isCompatibleWith_(Configuration)=0, openTxn_(String, TxnType)=2}
2024-04-24T06:29:19,707  INFO [main] ql.Driver: Completed compiling command(queryId=alex_20240424062919_3b392b2e-8184-4c6c-9234-35b20a3904d9); Time taken: 0.007 seconds
2024-04-24T06:29:19,708  INFO [main] lockmgr.DbTxnManager: Setting lock request transaction to txnid:9 for queryId=alex_20240424062919_3b392b2e-8184-4c6c-9234-35b20a3904d9
2024-04-24T06:29:19,708  INFO [main] lockmgr.DbLockManager: Requesting lock for queryId=alex_20240424062919_3b392b2e-8184-4c6c-9234-35b20a3904d9
2024-04-24T06:29:19,722  INFO [main] lockmgr.DbLockManager: Response to queryId=alex_20240424062919_3b392b2e-8184-4c6c-9234-35b20a3904d9 LockResponse(lockid:3, state:ACQUIRED)
2024-04-24T06:29:19,722  INFO [main] ql.Driver: Operation CREATETABLE obtained 1 locks
2024-04-24T06:29:19,722  INFO [main] ql.Driver: Executing command(queryId=alex_20240424062919_3b392b2e-8184-4c6c-9234-35b20a3904d9): create table nonAcidOrcTbl(a int, b int) clustered by (a) into 2 buckets stored as orc TBLPROPERTIES ('transactional'='false')
2024-04-24T06:29:19,723  INFO [main] ql.Driver: Starting task [Stage-0:DDL] in serial mode
2024-04-24T06:29:19,723  INFO [main] HiveMetaStore.audit: ugi=alex	ip=unknown-ip-addr	cmd=create_table_req: Table(tableName:nonAcidOrcTbl, dbName:default, owner:alex, createTime:1713965359, lastAccessTime:0, retention:0, sd:StorageDescriptor(cols:[FieldSchema(name:a, type:int, comment:null), FieldSchema(name:b, type:int, comment:null)], location:null, inputFormat:org.apache.hadoop.hive.ql.io.orc.OrcInputFormat, outputFormat:org.apache.hadoop.hive.ql.io.orc.OrcOutputFormat, compressed:false, numBuckets:2, serdeInfo:SerDeInfo(name:null, serializationLib:org.apache.hadoop.hive.ql.io.orc.OrcSerde, parameters:{serialization.format=1}), bucketCols:[a], sortCols:[], parameters:{}, skewedInfo:SkewedInfo(skewedColNames:[], skewedColValues:[], skewedColValueLocationMaps:{}), storedAsSubDirectories:false), partitionKeys:[], parameters:{rawDataSize=0, numFiles=0, numRows=0, numFilesErasureCoded=0, totalSize=0, bucketing_version=2, COLUMN_STATS_ACCURATE={"BASIC_STATS":"true","COLUMN_STATS":{"a":"true","b":"true"}}, transactional=false}, viewOriginalText:null, viewExpandedText:null, tableType:MANAGED_TABLE, privileges:PrincipalPrivilegeSet(userPrivileges:{alex=[PrivilegeGrantInfo(privilege:INSERT, createTime:-1, grantor:alex, grantorType:USER, grantOption:true), PrivilegeGrantInfo(privilege:SELECT, createTime:-1, grantor:alex, grantorType:USER, grantOption:true), PrivilegeGrantInfo(privilege:UPDATE, createTime:-1, grantor:alex, grantorType:USER, grantOption:true), PrivilegeGrantInfo(privilege:DELETE, createTime:-1, grantor:alex, grantorType:USER, grantOption:true)]}, groupPrivileges:null, rolePrivileges:null), temporary:false, catName:hive, ownerType:USER)	
2024-04-24T06:29:19,728  INFO [main] utils.FileUtils: Creating directory if it doesn't exist: file:/home/alex/Repositories/hive/ql/target/tmp/org.apache.hadoop.hive.ql.TestTxnCommands-1713965238357/warehouse/nonacidorctbl
2024-04-24T06:29:19,741  INFO [main] metadata.Hive: Dumping metastore api call timing information for : execution phase
2024-04-24T06:29:19,741  INFO [main] metadata.Hive: Total time spent in each metastore function (ms): {isCompatibleWith_(Configuration)=0, createTable_(Table)=18}
2024-04-24T06:29:19,742  INFO [main] ql.Driver: Completed executing command(queryId=alex_20240424062919_3b392b2e-8184-4c6c-9234-35b20a3904d9); Time taken: 0.019 seconds
2024-04-24T06:29:19,742  INFO [main] lockmgr.DbTxnManager: Stopped heartbeat for query: alex_20240424062919_3b392b2e-8184-4c6c-9234-35b20a3904d9
2024-04-24T06:29:19,745  INFO [main] txn.TxnHandler: Expected to move at least one record from txn_components to completed_txn_components when committing txn! txnid:9
2024-04-24T06:29:19,751  INFO [main] txn.TxnHandler: Removed transactions: ([9]) from MIN_HISTORY_LEVEL
2024-04-24T06:29:19,751  WARN [main] txn.CompactionTxnHandler: No compaction queue record found for Compaction type transaction commit. txnId:9
2024-04-24T06:29:19,752  INFO [main] ql.TxnCommandsBaseForTests: Running the query: create table nonAcidOrcTbl2(a int, b int) clustered by (a) into 2 buckets stored as orc TBLPROPERTIES ('transactional'='false')
2024-04-24T06:29:19,752  INFO [main] ql.Driver: Compiling command(queryId=alex_20240424062919_d9a1f00b-717e-4487-b512-13f78383f3f5): create table nonAcidOrcTbl2(a int, b int) clustered by (a) into 2 buckets stored as orc TBLPROPERTIES ('transactional'='false')
2024-04-24T06:29:19,754  INFO [main] txn.TxnHandler: Added entries to MIN_HISTORY_LEVEL for current txns: ([10]) with min_open_txn: 1
2024-04-24T06:29:19,754  INFO [main] lockmgr.DbTxnManager: Opened txnid:10
2024-04-24T06:29:19,755  INFO [main] parse.CalcitePlanner: Starting caching scope for: 
2024-04-24T06:29:19,755  INFO [main] parse.CalcitePlanner: Starting Semantic Analysis
2024-04-24T06:29:19,757  INFO [main] parse.CalcitePlanner: Creating table default.nonAcidOrcTbl2 position=13
2024-04-24T06:29:19,757  INFO [main] HiveMetaStore.audit: ugi=alex	ip=unknown-ip-addr	cmd=get_database: default	
2024-04-24T06:29:19,759  INFO [main] parse.CalcitePlanner: Ending caching scope for: 
2024-04-24T06:29:19,759  INFO [main] ql.Driver: Semantic Analysis Completed (retrial = false)
2024-04-24T06:29:19,759  INFO [main] ql.Driver: Created Hive schema: Schema(fieldSchemas:null, properties:null)
2024-04-24T06:29:19,759  INFO [main] metadata.Hive: Dumping metastore api call timing information for : compilation phase
2024-04-24T06:29:19,759  INFO [main] metadata.Hive: Total time spent in each metastore function (ms): {commitTxn_(CommitTxnRequest)=10, flushCache_()=0, getValidWriteIds_(List, String)=2, openTxn_(String, TxnType)=1, isCompatibleWith_(Configuration)=1, getValidTxns_(long)=0, getDatabase_(String)=2}
2024-04-24T06:29:19,759  INFO [main] ql.Driver: Completed compiling command(queryId=alex_20240424062919_d9a1f00b-717e-4487-b512-13f78383f3f5); Time taken: 0.007 seconds
2024-04-24T06:29:19,760  INFO [main] lockmgr.DbTxnManager: Setting lock request transaction to txnid:10 for queryId=alex_20240424062919_d9a1f00b-717e-4487-b512-13f78383f3f5
2024-04-24T06:29:19,760  INFO [main] lockmgr.DbLockManager: Requesting lock for queryId=alex_20240424062919_d9a1f00b-717e-4487-b512-13f78383f3f5
2024-04-24T06:29:19,774  INFO [main] lockmgr.DbLockManager: Response to queryId=alex_20240424062919_d9a1f00b-717e-4487-b512-13f78383f3f5 LockResponse(lockid:4, state:ACQUIRED)
2024-04-24T06:29:19,774  INFO [main] ql.Driver: Operation CREATETABLE obtained 1 locks
2024-04-24T06:29:19,774  INFO [main] ql.Driver: Executing command(queryId=alex_20240424062919_d9a1f00b-717e-4487-b512-13f78383f3f5): create table nonAcidOrcTbl2(a int, b int) clustered by (a) into 2 buckets stored as orc TBLPROPERTIES ('transactional'='false')
2024-04-24T06:29:19,774  INFO [main] ql.Driver: Starting task [Stage-0:DDL] in serial mode
2024-04-24T06:29:19,775  INFO [main] HiveMetaStore.audit: ugi=alex	ip=unknown-ip-addr	cmd=create_table_req: Table(tableName:nonAcidOrcTbl2, dbName:default, owner:alex, createTime:1713965359, lastAccessTime:0, retention:0, sd:StorageDescriptor(cols:[FieldSchema(name:a, type:int, comment:null), FieldSchema(name:b, type:int, comment:null)], location:null, inputFormat:org.apache.hadoop.hive.ql.io.orc.OrcInputFormat, outputFormat:org.apache.hadoop.hive.ql.io.orc.OrcOutputFormat, compressed:false, numBuckets:2, serdeInfo:SerDeInfo(name:null, serializationLib:org.apache.hadoop.hive.ql.io.orc.OrcSerde, parameters:{serialization.format=1}), bucketCols:[a], sortCols:[], parameters:{}, skewedInfo:SkewedInfo(skewedColNames:[], skewedColValues:[], skewedColValueLocationMaps:{}), storedAsSubDirectories:false), partitionKeys:[], parameters:{bucketing_version=2, totalSize=0, rawDataSize=0, numFilesErasureCoded=0, numRows=0, COLUMN_STATS_ACCURATE={"BASIC_STATS":"true","COLUMN_STATS":{"a":"true","b":"true"}}, numFiles=0, transactional=false}, viewOriginalText:null, viewExpandedText:null, tableType:MANAGED_TABLE, privileges:PrincipalPrivilegeSet(userPrivileges:{alex=[PrivilegeGrantInfo(privilege:INSERT, createTime:-1, grantor:alex, grantorType:USER, grantOption:true), PrivilegeGrantInfo(privilege:SELECT, createTime:-1, grantor:alex, grantorType:USER, grantOption:true), PrivilegeGrantInfo(privilege:UPDATE, createTime:-1, grantor:alex, grantorType:USER, grantOption:true), PrivilegeGrantInfo(privilege:DELETE, createTime:-1, grantor:alex, grantorType:USER, grantOption:true)]}, groupPrivileges:null, rolePrivileges:null), temporary:false, catName:hive, ownerType:USER)	
2024-04-24T06:29:19,780  INFO [main] utils.FileUtils: Creating directory if it doesn't exist: file:/home/alex/Repositories/hive/ql/target/tmp/org.apache.hadoop.hive.ql.TestTxnCommands-1713965238357/warehouse/nonacidorctbl2
2024-04-24T06:29:19,792  INFO [main] metadata.Hive: Dumping metastore api call timing information for : execution phase
2024-04-24T06:29:19,792  INFO [main] metadata.Hive: Total time spent in each metastore function (ms): {createTable_(Table)=17, isCompatibleWith_(Configuration)=0}
2024-04-24T06:29:19,792  INFO [main] ql.Driver: Completed executing command(queryId=alex_20240424062919_d9a1f00b-717e-4487-b512-13f78383f3f5); Time taken: 0.018 seconds
2024-04-24T06:29:19,792  INFO [main] lockmgr.DbTxnManager: Stopped heartbeat for query: alex_20240424062919_d9a1f00b-717e-4487-b512-13f78383f3f5
2024-04-24T06:29:19,796  INFO [main] txn.TxnHandler: Expected to move at least one record from txn_components to completed_txn_components when committing txn! txnid:10
2024-04-24T06:29:19,802  INFO [main] txn.TxnHandler: Removed transactions: ([10]) from MIN_HISTORY_LEVEL
2024-04-24T06:29:19,802  WARN [main] txn.CompactionTxnHandler: No compaction queue record found for Compaction type transaction commit. txnId:10
2024-04-24T06:29:19,802  INFO [main] ql.TxnCommandsBaseForTests: Running the query: create temporary  table acidTbl2(a int, b int, c int) clustered by (c) into 2 buckets stored as orc TBLPROPERTIES ('transactional'='true')
2024-04-24T06:29:19,803  INFO [main] ql.Driver: Compiling command(queryId=alex_20240424062919_4071ede3-ff19-4bce-9669-3cacbf48ac82): create temporary  table acidTbl2(a int, b int, c int) clustered by (c) into 2 buckets stored as orc TBLPROPERTIES ('transactional'='true')
2024-04-24T06:29:19,805  INFO [main] txn.TxnHandler: Added entries to MIN_HISTORY_LEVEL for current txns: ([11]) with min_open_txn: 1
2024-04-24T06:29:19,805  INFO [main] lockmgr.DbTxnManager: Opened txnid:11
2024-04-24T06:29:19,806  INFO [main] parse.CalcitePlanner: Starting caching scope for: 
2024-04-24T06:29:19,806  INFO [main] parse.CalcitePlanner: Starting Semantic Analysis
2024-04-24T06:29:19,808  INFO [main] parse.CalcitePlanner: Creating table default.acidTbl2 position=24
2024-04-24T06:29:19,808  INFO [main] HiveMetaStore.audit: ugi=alex	ip=unknown-ip-addr	cmd=get_database: default	
2024-04-24T06:29:19,810  INFO [main] parse.CalcitePlanner: Ending caching scope for: 
2024-04-24T06:29:19,810  INFO [main] ql.Driver: Semantic Analysis Completed (retrial = false)
2024-04-24T06:29:19,810  INFO [main] ql.Driver: Created Hive schema: Schema(fieldSchemas:null, properties:null)
2024-04-24T06:29:19,810  INFO [main] metadata.Hive: Dumping metastore api call timing information for : compilation phase
2024-04-24T06:29:19,810  INFO [main] metadata.Hive: Total time spent in each metastore function (ms): {openTxn_(String, TxnType)=2, isCompatibleWith_(Configuration)=1, getDatabase_(String)=2, flushCache_()=0, commitTxn_(CommitTxnRequest)=10, getValidWriteIds_(List, String)=2, getValidTxns_(long)=0}
2024-04-24T06:29:19,810  INFO [main] ql.Driver: Completed compiling command(queryId=alex_20240424062919_4071ede3-ff19-4bce-9669-3cacbf48ac82); Time taken: 0.007 seconds
2024-04-24T06:29:19,810  INFO [main] lockmgr.DbTxnManager: Setting lock request transaction to txnid:11 for queryId=alex_20240424062919_4071ede3-ff19-4bce-9669-3cacbf48ac82
2024-04-24T06:29:19,811  INFO [main] lockmgr.DbLockManager: Requesting lock for queryId=alex_20240424062919_4071ede3-ff19-4bce-9669-3cacbf48ac82
2024-04-24T06:29:19,824  INFO [main] lockmgr.DbLockManager: Response to queryId=alex_20240424062919_4071ede3-ff19-4bce-9669-3cacbf48ac82 LockResponse(lockid:5, state:ACQUIRED)
2024-04-24T06:29:19,825  INFO [main] ql.Driver: Operation CREATETABLE obtained 1 locks
2024-04-24T06:29:19,825  INFO [main] ql.Driver: Executing command(queryId=alex_20240424062919_4071ede3-ff19-4bce-9669-3cacbf48ac82): create temporary  table acidTbl2(a int, b int, c int) clustered by (c) into 2 buckets stored as orc TBLPROPERTIES ('transactional'='true')
2024-04-24T06:29:19,825  INFO [main] ql.Driver: Starting task [Stage-0:DDL] in serial mode
2024-04-24T06:29:19,826  INFO [main] utils.FileUtils: Creating directory if it doesn't exist: file:/home/alex/Repositories/hive/ql/target/tmp/scratchdir/alex/14641619-6468-42b0-b290-5d175e67bb33/_tmp_space.db/fd832166-ad46-428e-b5b9-750fc0e9e7c1
2024-04-24T06:29:19,829  INFO [main] metadata.Hive: Dumping metastore api call timing information for : execution phase
2024-04-24T06:29:19,829  INFO [main] metadata.Hive: Total time spent in each metastore function (ms): {isCompatibleWith_(Configuration)=0, createTable_(Table)=2}
2024-04-24T06:29:19,829  INFO [main] ql.Driver: Completed executing command(queryId=alex_20240424062919_4071ede3-ff19-4bce-9669-3cacbf48ac82); Time taken: 0.004 seconds
2024-04-24T06:29:19,829  INFO [main] lockmgr.DbTxnManager: Stopped heartbeat for query: alex_20240424062919_4071ede3-ff19-4bce-9669-3cacbf48ac82
2024-04-24T06:29:19,833  INFO [main] txn.TxnHandler: Expected to move at least one record from txn_components to completed_txn_components when committing txn! txnid:11
2024-04-24T06:29:19,839  INFO [main] txn.TxnHandler: Removed transactions: ([11]) from MIN_HISTORY_LEVEL
2024-04-24T06:29:19,839  WARN [main] txn.CompactionTxnHandler: No compaction queue record found for Compaction type transaction commit. txnId:11
2024-04-24T06:29:19,840  INFO [main] ql.TxnCommandsBaseForTests: Running the query: create table nonAcidNonBucket(a int, b int) stored as orc TBLPROPERTIES ('transactional'='false')
2024-04-24T06:29:19,840  INFO [main] ql.Driver: Compiling command(queryId=alex_20240424062919_735e0da2-fab3-4f6d-b442-138e12a4c2b3): create table nonAcidNonBucket(a int, b int) stored as orc TBLPROPERTIES ('transactional'='false')
2024-04-24T06:29:19,842  INFO [main] txn.TxnHandler: Added entries to MIN_HISTORY_LEVEL for current txns: ([12]) with min_open_txn: 1
2024-04-24T06:29:19,842  INFO [main] lockmgr.DbTxnManager: Opened txnid:12
2024-04-24T06:29:19,842  INFO [main] parse.CalcitePlanner: Starting caching scope for: 
2024-04-24T06:29:19,843  INFO [main] parse.CalcitePlanner: Starting Semantic Analysis
2024-04-24T06:29:19,845  INFO [main] parse.CalcitePlanner: Creating table default.nonAcidNonBucket position=13
2024-04-24T06:29:19,845  INFO [main] HiveMetaStore.audit: ugi=alex	ip=unknown-ip-addr	cmd=get_database: default	
2024-04-24T06:29:19,846  INFO [main] parse.CalcitePlanner: Ending caching scope for: 
2024-04-24T06:29:19,846  INFO [main] ql.Driver: Semantic Analysis Completed (retrial = false)
2024-04-24T06:29:19,846  INFO [main] ql.Driver: Created Hive schema: Schema(fieldSchemas:null, properties:null)
2024-04-24T06:29:19,846  INFO [main] metadata.Hive: Dumping metastore api call timing information for : compilation phase
2024-04-24T06:29:19,846  INFO [main] metadata.Hive: Total time spent in each metastore function (ms): {getDatabase_(String)=1, openTxn_(String, TxnType)=2, isCompatibleWith_(Configuration)=0, flushCache_()=0, getValidWriteIds_(List, String)=2, commitTxn_(CommitTxnRequest)=10, getValidTxns_(long)=0}
2024-04-24T06:29:19,847  INFO [main] ql.Driver: Completed compiling command(queryId=alex_20240424062919_735e0da2-fab3-4f6d-b442-138e12a4c2b3); Time taken: 0.006 seconds
2024-04-24T06:29:19,847  INFO [main] lockmgr.DbTxnManager: Setting lock request transaction to txnid:12 for queryId=alex_20240424062919_735e0da2-fab3-4f6d-b442-138e12a4c2b3
2024-04-24T06:29:19,847  INFO [main] lockmgr.DbLockManager: Requesting lock for queryId=alex_20240424062919_735e0da2-fab3-4f6d-b442-138e12a4c2b3
2024-04-24T06:29:19,861  INFO [main] lockmgr.DbLockManager: Response to queryId=alex_20240424062919_735e0da2-fab3-4f6d-b442-138e12a4c2b3 LockResponse(lockid:6, state:ACQUIRED)
2024-04-24T06:29:19,861  INFO [main] ql.Driver: Operation CREATETABLE obtained 1 locks
2024-04-24T06:29:19,861  INFO [main] ql.Driver: Executing command(queryId=alex_20240424062919_735e0da2-fab3-4f6d-b442-138e12a4c2b3): create table nonAcidNonBucket(a int, b int) stored as orc TBLPROPERTIES ('transactional'='false')
2024-04-24T06:29:19,861  INFO [main] ql.Driver: Starting task [Stage-0:DDL] in serial mode
2024-04-24T06:29:19,862  INFO [main] HiveMetaStore.audit: ugi=alex	ip=unknown-ip-addr	cmd=create_table_req: Table(tableName:nonAcidNonBucket, dbName:default, owner:alex, createTime:1713965359, lastAccessTime:0, retention:0, sd:StorageDescriptor(cols:[FieldSchema(name:a, type:int, comment:null), FieldSchema(name:b, type:int, comment:null)], location:null, inputFormat:org.apache.hadoop.hive.ql.io.orc.OrcInputFormat, outputFormat:org.apache.hadoop.hive.ql.io.orc.OrcOutputFormat, compressed:false, numBuckets:-1, serdeInfo:SerDeInfo(name:null, serializationLib:org.apache.hadoop.hive.ql.io.orc.OrcSerde, parameters:{serialization.format=1}), bucketCols:[], sortCols:[], parameters:{}, skewedInfo:SkewedInfo(skewedColNames:[], skewedColValues:[], skewedColValueLocationMaps:{}), storedAsSubDirectories:false), partitionKeys:[], parameters:{numRows=0, numFilesErasureCoded=0, bucketing_version=2, numFiles=0, COLUMN_STATS_ACCURATE={"BASIC_STATS":"true","COLUMN_STATS":{"a":"true","b":"true"}}, totalSize=0, rawDataSize=0, transactional=false}, viewOriginalText:null, viewExpandedText:null, tableType:MANAGED_TABLE, privileges:PrincipalPrivilegeSet(userPrivileges:{alex=[PrivilegeGrantInfo(privilege:INSERT, createTime:-1, grantor:alex, grantorType:USER, grantOption:true), PrivilegeGrantInfo(privilege:SELECT, createTime:-1, grantor:alex, grantorType:USER, grantOption:true), PrivilegeGrantInfo(privilege:UPDATE, createTime:-1, grantor:alex, grantorType:USER, grantOption:true), PrivilegeGrantInfo(privilege:DELETE, createTime:-1, grantor:alex, grantorType:USER, grantOption:true)]}, groupPrivileges:null, rolePrivileges:null), temporary:false, catName:hive, ownerType:USER)	
2024-04-24T06:29:19,867  INFO [main] utils.FileUtils: Creating directory if it doesn't exist: file:/home/alex/Repositories/hive/ql/target/tmp/org.apache.hadoop.hive.ql.TestTxnCommands-1713965238357/warehouse/nonacidnonbucket
2024-04-24T06:29:19,880  INFO [main] metadata.Hive: Dumping metastore api call timing information for : execution phase
2024-04-24T06:29:19,880  INFO [main] metadata.Hive: Total time spent in each metastore function (ms): {createTable_(Table)=18, isCompatibleWith_(Configuration)=0}
2024-04-24T06:29:19,880  INFO [main] ql.Driver: Completed executing command(queryId=alex_20240424062919_735e0da2-fab3-4f6d-b442-138e12a4c2b3); Time taken: 0.019 seconds
2024-04-24T06:29:19,880  INFO [main] lockmgr.DbTxnManager: Stopped heartbeat for query: alex_20240424062919_735e0da2-fab3-4f6d-b442-138e12a4c2b3
2024-04-24T06:29:19,885  INFO [main] txn.TxnHandler: Expected to move at least one record from txn_components to completed_txn_components when committing txn! txnid:12
2024-04-24T06:29:19,892  INFO [main] txn.TxnHandler: Removed transactions: ([12]) from MIN_HISTORY_LEVEL
2024-04-24T06:29:19,892  WARN [main] txn.CompactionTxnHandler: No compaction queue record found for Compaction type transaction commit. txnId:12
2024-04-24T06:29:19,893  INFO [main] ql.TxnCommandsBaseForTests: Running the query: insert into acidTbl(a,b)  values(1,2),(3,4)
2024-04-24T06:29:19,893  INFO [main] ql.Driver: Compiling command(queryId=alex_20240424062919_2e0f117a-e20c-4432-ba83-8065764e1560): insert into acidTbl(a,b)  values(1,2),(3,4)
2024-04-24T06:29:19,896  INFO [main] txn.TxnHandler: Added entries to MIN_HISTORY_LEVEL for current txns: ([13]) with min_open_txn: 1
2024-04-24T06:29:19,896  INFO [main] lockmgr.DbTxnManager: Opened txnid:13
2024-04-24T06:29:19,896  INFO [main] parse.CalcitePlanner: Starting caching scope for: 
2024-04-24T06:29:19,896  INFO [main] parse.CalcitePlanner: Starting Semantic Analysis
2024-04-24T06:29:19,900  INFO [main] HiveMetaStore.audit: ugi=alex	ip=unknown-ip-addr	cmd=get_table : tbl=hive.default.acidTbl	
2024-04-24T06:29:19,926  INFO [main] metastore.HMSHandler: Skipping translation for processor with null
2024-04-24T06:29:19,926  INFO [main] parse.CalcitePlanner: Completed phase 1 of Semantic Analysis
2024-04-24T06:29:19,926  INFO [main] parse.CalcitePlanner: Get metadata for source tables
2024-04-24T06:29:19,926  INFO [main] parse.CalcitePlanner: Get metadata for subqueries
2024-04-24T06:29:19,926  INFO [main] parse.CalcitePlanner: Get metadata for destination tables
2024-04-24T06:29:19,926  INFO [main] HiveMetaStore.audit: ugi=alex	ip=unknown-ip-addr	cmd=get_table : tbl=hive.default.acidTbl	
2024-04-24T06:29:19,932  INFO [main] metastore.HMSHandler: Skipping translation for processor with null
2024-04-24T06:29:19,933  INFO [main] parse.CalcitePlanner: Completed getting MetaData in Semantic Analysis
2024-04-24T06:29:19,933  INFO [main] parse.CalcitePlanner: Disabling LLAP IO encode as ETL query is detected
2024-04-24T06:29:19,953  INFO [main] HiveMetaStore.audit: ugi=alex	ip=unknown-ip-addr	cmd=get_all_table_constraints : tbl=hive._dummy_database._dummy_table	
2024-04-24T06:29:20,029  INFO [main] parse.CalcitePlanner: Get metadata for source tables
2024-04-24T06:29:20,029  INFO [main] parse.CalcitePlanner: Get metadata for subqueries
2024-04-24T06:29:20,029  INFO [main] parse.CalcitePlanner: Get metadata for source tables
2024-04-24T06:29:20,029  INFO [main] HiveMetaStore.audit: ugi=alex	ip=unknown-ip-addr	cmd=get_table : tbl=hive._dummy_database._dummy_table	
2024-04-24T06:29:20,031  INFO [main] parse.CalcitePlanner: Get metadata for subqueries
2024-04-24T06:29:20,031  INFO [main] parse.CalcitePlanner: Get metadata for destination tables
2024-04-24T06:29:20,031  INFO [main] parse.CalcitePlanner: Get metadata for destination tables
2024-04-24T06:29:20,031  INFO [main] HiveMetaStore.audit: ugi=alex	ip=unknown-ip-addr	cmd=get_table : tbl=hive.default.acidTbl	
2024-04-24T06:29:20,037  INFO [main] metastore.HMSHandler: Skipping translation for processor with null
2024-04-24T06:29:20,039  INFO [main] HiveMetaStore.audit: ugi=alex	ip=unknown-ip-addr	cmd=get_not_null_constraints : tbl=hive.default.acidtbl	
2024-04-24T06:29:20,040  INFO [main] HiveMetaStore.audit: ugi=alex	ip=unknown-ip-addr	cmd=get_check_constraints : tbl=hive.default.acidtbl	
2024-04-24T06:29:20,050  INFO [main] txn.TxnHandler: Allocated writeId: 1 for txnId: 13
2024-04-24T06:29:20,050  INFO [main] txn.TxnHandler: Allocated write ids for dbName=default, tblName=acidtbl (txnIds: [13])
2024-04-24T06:29:20,051  INFO [main] parse.CalcitePlanner: CBO Succeeded; optimized logical plan.
2024-04-24T06:29:20,054  INFO [main] optimizer.ColumnPrunerProcFactory: RS 4 oldColExprMap: {VALUE._col0=Column[_col1], KEY.reducesinkkey0=Column[_col0]}
2024-04-24T06:29:20,054  INFO [main] optimizer.ColumnPrunerProcFactory: RS 4 newColExprMap: {VALUE._col0=Column[_col1], KEY.reducesinkkey0=Column[_col0]}
2024-04-24T06:29:20,055  INFO [main] optimizer.BucketVersionPopulator: not considering bucketingVersion for: TS[0] because it has -1<2 buckets 
2024-04-24T06:29:20,055  INFO [main] optimizer.SortedDynPartitionOptimizer: Sorted dynamic partitioning optimization kicked in..
2024-04-24T06:29:20,063  INFO [main] HiveMetaStore.audit: ugi=alex	ip=unknown-ip-addr	cmd=get_table : tbl=hive.default.acidtbl	
2024-04-24T06:29:20,070  INFO [main] metastore.HMSHandler: Skipping translation for processor with null
2024-04-24T06:29:20,070  INFO [main] parse.CalcitePlanner: Completed plan generation
2024-04-24T06:29:20,070  INFO [main] parse.CalcitePlanner: Ending caching scope for: 
2024-04-24T06:29:20,070  INFO [main] ql.Driver: Semantic Analysis Completed (retrial = false)
2024-04-24T06:29:20,070  INFO [main] ql.Driver: Created Hive schema: Schema(fieldSchemas:[FieldSchema(name:_col0, type:int, comment:null), FieldSchema(name:_col1, type:int, comment:null)], properties:null)
2024-04-24T06:29:20,070  INFO [main] metadata.Hive: Dumping metastore api call timing information for : compilation phase
2024-04-24T06:29:20,071  INFO [main] metadata.Hive: Total time spent in each metastore function (ms): {allocateTableWriteId_(long, String, String)=9, flushCache_()=1, getTable_(GetTableRequest)=46, openTxn_(String, TxnType)=2, isCompatibleWith_(Configuration)=0, getValidWriteIds_(List, String)=3, getNotNullConstraints_(NotNullConstraintsRequest)=1, getAllTableConstraints_(AllTableConstraintsRequest)=29, getCheckConstraints_(CheckConstraintsRequest)=1, commitTxn_(CommitTxnRequest)=13, getValidTxns_(long)=0}
2024-04-24T06:29:20,071  INFO [main] ql.Driver: Completed compiling command(queryId=alex_20240424062919_2e0f117a-e20c-4432-ba83-8065764e1560); Time taken: 0.177 seconds
2024-04-24T06:29:20,071  INFO [main] lockmgr.DbTxnManager: Setting lock request transaction to txnid:13 for queryId=alex_20240424062919_2e0f117a-e20c-4432-ba83-8065764e1560
2024-04-24T06:29:20,071  INFO [main] lockmgr.DbLockManager: Requesting lock for queryId=alex_20240424062919_2e0f117a-e20c-4432-ba83-8065764e1560
2024-04-24T06:29:20,093  INFO [main] lockmgr.DbLockManager: Response to queryId=alex_20240424062919_2e0f117a-e20c-4432-ba83-8065764e1560 LockResponse(lockid:7, state:ACQUIRED)
2024-04-24T06:29:20,093  INFO [main] ql.Driver: Operation QUERY obtained 1 locks
2024-04-24T06:29:20,095  INFO [main] ql.Driver: Executing command(queryId=alex_20240424062919_2e0f117a-e20c-4432-ba83-8065764e1560): insert into acidTbl(a,b)  values(1,2),(3,4)
2024-04-24T06:29:20,095  WARN [main] ql.Driver: Hive-on-MR is deprecated in Hive 2 and may not be available in the future versions. Consider using a different execution engine (i.e. tez, spark) or using Hive 1.X releases.
Query ID = alex_20240424062919_2e0f117a-e20c-4432-ba83-8065764e1560
2024-04-24T06:29:20,096  INFO [main] ql.Driver: Query ID = alex_20240424062919_2e0f117a-e20c-4432-ba83-8065764e1560
Total jobs = 1
2024-04-24T06:29:20,096  INFO [main] ql.Driver: Total jobs = 1
Launching Job 1 out of 1
2024-04-24T06:29:20,096  INFO [main] ql.Driver: Launching Job 1 out of 1
2024-04-24T06:29:20,219  INFO [main] ql.Driver: Starting task [Stage-1:MAPRED] in serial mode
Number of reduce tasks determined at compile time: 2
2024-04-24T06:29:20,219  INFO [main] exec.Task: Number of reduce tasks determined at compile time: 2
In order to change the average load for a reducer (in bytes):
2024-04-24T06:29:20,219  INFO [main] exec.Task: In order to change the average load for a reducer (in bytes):
  set hive.exec.reducers.bytes.per.reducer=<number>
2024-04-24T06:29:20,219  INFO [main] exec.Task:   set hive.exec.reducers.bytes.per.reducer=<number>
In order to limit the maximum number of reducers:
2024-04-24T06:29:20,219  INFO [main] exec.Task: In order to limit the maximum number of reducers:
  set hive.exec.reducers.max=<number>
2024-04-24T06:29:20,219  INFO [main] exec.Task:   set hive.exec.reducers.max=<number>
In order to set a constant number of reducers:
2024-04-24T06:29:20,219  INFO [main] exec.Task: In order to set a constant number of reducers:
  set mapreduce.job.reduces=<number>
2024-04-24T06:29:20,219  INFO [main] exec.Task:   set mapreduce.job.reduces=<number>
2024-04-24T06:29:20,222  INFO [main] mr.ExecDriver: Using org.apache.hadoop.hive.ql.io.HiveInputFormat
2024-04-24T06:29:20,222  INFO [main] exec.Utilities: Processing alias $hdt$_0:_dummy_table
2024-04-24T06:29:20,222  INFO [main] exec.Utilities: Adding 1 inputs; the first input is file:/home/alex/Repositories/hive/ql/target/tmp/localscratchdir/14641619-6468-42b0-b290-5d175e67bb33/hive_2024-04-24_06-29-19_893_2124669575896270786-1/dummy_path
2024-04-24T06:29:20,231  INFO [main] exec.SerializationUtilities: Serializing MapWork using kryo
2024-04-24T06:29:20,231  INFO [main] exec.Utilities: Serialized plan (via FILE) - name: null size: 4,99KB
2024-04-24T06:29:20,236  INFO [main] exec.SerializationUtilities: Serializing ReduceWork using kryo
2024-04-24T06:29:20,237  INFO [main] exec.Utilities: Serialized plan (via FILE) - name: null size: 5,92KB
2024-04-24T06:29:20,237  WARN [main] impl.MetricsSystemImpl: JobTracker metrics system already initialized!
2024-04-24T06:29:20,241  INFO [main] fs.FSStatsPublisher: created : file:/home/alex/Repositories/hive/ql/target/tmp/localscratchdir/14641619-6468-42b0-b290-5d175e67bb33/hive_2024-04-24_06-29-19_893_2124669575896270786-1/-mr-10000
2024-04-24T06:29:20,243  WARN [main] impl.MetricsSystemImpl: JobTracker metrics system already initialized!
2024-04-24T06:29:20,250  WARN [main] mapreduce.JobResourceUploader: Hadoop command-line option parsing not performed. Implement the Tool interface and execute your application with ToolRunner to remedy this.
2024-04-24T06:29:20,254  WARN [main] mapreduce.JobResourceUploader: No job jar file set.  User classes may not be found. See Job or Job#setJar(String).
2024-04-24T06:29:20,256  INFO [main] io.HiveInputFormat: hive.io.file.readcolumn.ids = 
2024-04-24T06:29:20,256  INFO [main] io.HiveInputFormat: hive.io.file.readcolumn.names = 
2024-04-24T06:29:20,256  INFO [main] io.HiveInputFormat: Generating splits for dirs: file:/home/alex/Repositories/hive/ql/target/tmp/localscratchdir/14641619-6468-42b0-b290-5d175e67bb33/hive_2024-04-24_06-29-19_893_2124669575896270786-1/dummy_path
2024-04-24T06:29:20,256  INFO [main] io.HiveInputFormat: number of splits 1
2024-04-24T06:29:20,273  INFO [main] mapreduce.JobSubmitter: number of splits:1
2024-04-24T06:29:20,291  INFO [main] mapreduce.JobSubmitter: Submitting tokens for job: job_local137757193_0044
2024-04-24T06:29:20,291  INFO [main] mapreduce.JobSubmitter: Executing with tokens: []
2024-04-24T06:29:20,351  INFO [main] mapreduce.Job: The url to track the job: http://localhost:8080/
Job running in-process (local Hadoop)
2024-04-24T06:29:20,351  INFO [main] exec.Task: Job running in-process (local Hadoop)
2024-04-24T06:29:20,351  INFO [Thread-3705] mapred.LocalJobRunner: OutputCommitter set in config org.apache.hadoop.hive.ql.io.HiveFileFormatUtils$NullOutputCommitter
2024-04-24T06:29:20,352  INFO [Thread-3705] mapred.LocalJobRunner: OutputCommitter is org.apache.hadoop.hive.ql.io.HiveFileFormatUtils$NullOutputCommitter
2024-04-24T06:29:20,353  INFO [Thread-3705] mapred.LocalJobRunner: Waiting for map tasks
2024-04-24T06:29:20,353  INFO [LocalJobRunner Map Task Executor #0] mapred.LocalJobRunner: Starting task: attempt_local137757193_0044_m_000000_0
2024-04-24T06:29:20,356  INFO [LocalJobRunner Map Task Executor #0] mapred.Task:  Using ResourceCalculatorProcessTree : [ ]
2024-04-24T06:29:20,356  INFO [LocalJobRunner Map Task Executor #0] mapred.MapTask: Processing split: org.apache.hadoop.hive.ql.io.NullRowsInputFormat:file:/home/alex/Repositories/hive/ql/target/tmp/localscratchdir/14641619-6468-42b0-b290-5d175e67bb33/hive_2024-04-24_06-29-19_893_2124669575896270786-1/dummy_path/null:0+1
2024-04-24T06:29:20,359  INFO [LocalJobRunner Map Task Executor #0] exec.SerializationUtilities: Deserializing MapWork using kryo
2024-04-24T06:29:20,359  INFO [LocalJobRunner Map Task Executor #0] exec.Utilities: Deserialized plan (via FILE) - name: null size: 4,99KB
2024-04-24T06:29:20,359  INFO [LocalJobRunner Map Task Executor #0] mapred.MapTask: numReduceTasks: 2
2024-04-24T06:29:20,363  INFO [LocalJobRunner Map Task Executor #0] mapred.MapTask: (EQUATOR) 0 kvi 26214396(104857584)
2024-04-24T06:29:20,363  INFO [LocalJobRunner Map Task Executor #0] mapred.MapTask: mapreduce.task.io.sort.mb: 100
2024-04-24T06:29:20,363  INFO [LocalJobRunner Map Task Executor #0] mapred.MapTask: soft limit at 83886080
2024-04-24T06:29:20,363  INFO [LocalJobRunner Map Task Executor #0] mapred.MapTask: bufstart = 0; bufvoid = 104857600
2024-04-24T06:29:20,363  INFO [LocalJobRunner Map Task Executor #0] mapred.MapTask: kvstart = 26214396; length = 6553600
2024-04-24T06:29:20,364  INFO [LocalJobRunner Map Task Executor #0] mapred.MapTask: Map output collector class = org.apache.hadoop.mapred.MapTask$MapOutputBuffer
2024-04-24T06:29:20,364  INFO [LocalJobRunner Map Task Executor #0] exec.MapOperator: Initializing Operator: MAP[0]
2024-04-24T06:29:20,365  INFO [LocalJobRunner Map Task Executor #0] mr.ExecMapper: 
<MAP>Id =0
  <Children>null
  <\Children>
  <Parent><\Parent>
<\MAP>
2024-04-24T06:29:20,365  INFO [LocalJobRunner Map Task Executor #0] exec.TableScanOperator: Initializing Operator: TS[0]
2024-04-24T06:29:20,365  INFO [LocalJobRunner Map Task Executor #0] exec.SelectOperator: Initializing Operator: SEL[1]
2024-04-24T06:29:20,365  INFO [LocalJobRunner Map Task Executor #0] exec.SelectOperator: SELECT null
2024-04-24T06:29:20,366  INFO [LocalJobRunner Map Task Executor #0] exec.UDTFOperator: Initializing Operator: UDTF[2]
2024-04-24T06:29:20,366  INFO [LocalJobRunner Map Task Executor #0] exec.SelectOperator: Initializing Operator: SEL[3]
2024-04-24T06:29:20,366  INFO [LocalJobRunner Map Task Executor #0] exec.SelectOperator: SELECT struct<col1:int,col2:int>
2024-04-24T06:29:20,366  INFO [LocalJobRunner Map Task Executor #0] exec.ReduceSinkOperator: Initializing Operator: RS[4]
2024-04-24T06:29:20,366  INFO [LocalJobRunner Map Task Executor #0] exec.ReduceSinkOperator: Using tag = -1
2024-04-24T06:29:20,366  INFO [LocalJobRunner Map Task Executor #0] exec.ReduceSinkOperator: keys are [reducesinkkey0] num distributions: 1
2024-04-24T06:29:20,366  INFO [LocalJobRunner Map Task Executor #0] exec.ReduceSinkOperator: RS[4]: records written - 1
2024-04-24T06:29:20,366  INFO [LocalJobRunner Map Task Executor #0] exec.MapOperator: MAP[0]: records read - 1
2024-04-24T06:29:20,367  INFO [LocalJobRunner Map Task Executor #0] exec.MapOperator: Closing Operator: MAP[0]
2024-04-24T06:29:20,367  INFO [LocalJobRunner Map Task Executor #0] exec.MapOperator: MAP[0]: Total records read - 3. abort - false
2024-04-24T06:29:20,367  INFO [LocalJobRunner Map Task Executor #0] exec.MapOperator: RECORDS_OUT_INTERMEDIATE:0, RECORDS_IN:3, RECORDS_OUT_OPERATOR_MAP_0:0, DESERIALIZE_ERRORS:0, 
2024-04-24T06:29:20,367  INFO [LocalJobRunner Map Task Executor #0] exec.TableScanOperator: Closing Operator: TS[0]
2024-04-24T06:29:20,367  INFO [LocalJobRunner Map Task Executor #0] exec.TableScanOperator: RECORDS_OUT_INTERMEDIATE:0, RECORDS_OUT_OPERATOR_TS_0:1, 
2024-04-24T06:29:20,367  INFO [LocalJobRunner Map Task Executor #0] exec.SelectOperator: Closing Operator: SEL[1]
2024-04-24T06:29:20,367  INFO [LocalJobRunner Map Task Executor #0] exec.SelectOperator: RECORDS_OUT_INTERMEDIATE:0, RECORDS_OUT_OPERATOR_SEL_1:1, 
2024-04-24T06:29:20,367  INFO [LocalJobRunner Map Task Executor #0] exec.UDTFOperator: Closing Operator: UDTF[2]
2024-04-24T06:29:20,367  INFO [LocalJobRunner Map Task Executor #0] exec.UDTFOperator: RECORDS_OUT_OPERATOR_UDTF_2:2, RECORDS_OUT_INTERMEDIATE:0, 
2024-04-24T06:29:20,367  INFO [LocalJobRunner Map Task Executor #0] exec.SelectOperator: Closing Operator: SEL[3]
2024-04-24T06:29:20,367  INFO [LocalJobRunner Map Task Executor #0] exec.SelectOperator: RECORDS_OUT_OPERATOR_SEL_3:2, RECORDS_OUT_INTERMEDIATE:0, 
2024-04-24T06:29:20,367  INFO [LocalJobRunner Map Task Executor #0] exec.ReduceSinkOperator: Closing Operator: RS[4]
2024-04-24T06:29:20,367  INFO [LocalJobRunner Map Task Executor #0] exec.ReduceSinkOperator: RS[4]: Total records written - 2. abort - false
2024-04-24T06:29:20,367  INFO [LocalJobRunner Map Task Executor #0] exec.ReduceSinkOperator: RECORDS_OUT_INTERMEDIATE:2, RECORDS_OUT_OPERATOR_RS_4:2, 
2024-04-24T06:29:20,369  INFO [LocalJobRunner Map Task Executor #0] mapred.LocalJobRunner: 
2024-04-24T06:29:20,369  INFO [LocalJobRunner Map Task Executor #0] mapred.MapTask: Starting flush of map output
2024-04-24T06:29:20,369  INFO [LocalJobRunner Map Task Executor #0] mapred.MapTask: Spilling map output
2024-04-24T06:29:20,369  INFO [LocalJobRunner Map Task Executor #0] mapred.MapTask: bufstart = 0; bufend = 32; bufvoid = 104857600
2024-04-24T06:29:20,369  INFO [LocalJobRunner Map Task Executor #0] mapred.MapTask: kvstart = 26214396(104857584); kvend = 26214392(104857568); length = 5/6553600
2024-04-24T06:29:20,380  INFO [LocalJobRunner Map Task Executor #0] mapred.MapTask: Finished spill 0
2024-04-24T06:29:20,384  INFO [LocalJobRunner Map Task Executor #0] mapred.Task: Task:attempt_local137757193_0044_m_000000_0 is done. And is in the process of committing
2024-04-24T06:29:20,385  INFO [LocalJobRunner Map Task Executor #0] mapred.LocalJobRunner: map
2024-04-24T06:29:20,385  INFO [LocalJobRunner Map Task Executor #0] mapred.Task: Task 'attempt_local137757193_0044_m_000000_0' done.
2024-04-24T06:29:20,385  INFO [LocalJobRunner Map Task Executor #0] mapred.Task: Final Counters for attempt_local137757193_0044_m_000000_0: Counters: 26
	File System Counters
		FILE: Number of bytes read=938536
		FILE: Number of bytes written=51900180
		FILE: Number of read operations=0
		FILE: Number of large read operations=0
		FILE: Number of write operations=0
	Map-Reduce Framework
		Map input records=4
		Map output records=2
		Map output bytes=32
		Map output materialized bytes=48
		Input split bytes=361
		Combine input records=0
		Spilled Records=2
		Failed Shuffles=0
		Merged Map outputs=0
		GC time elapsed (ms)=0
		Total committed heap usage (bytes)=1246232576
	HIVE
		DESERIALIZE_ERRORS=0
		RECORDS_IN=3
		RECORDS_OUT_INTERMEDIATE=2
		RECORDS_OUT_OPERATOR_MAP_0=0
		RECORDS_OUT_OPERATOR_RS_4=2
		RECORDS_OUT_OPERATOR_SEL_1=1
		RECORDS_OUT_OPERATOR_SEL_3=2
		RECORDS_OUT_OPERATOR_TS_0=1
		RECORDS_OUT_OPERATOR_UDTF_2=2
	File Input Format Counters 
		Bytes Read=5039
2024-04-24T06:29:20,385  INFO [LocalJobRunner Map Task Executor #0] mapred.LocalJobRunner: Finishing task: attempt_local137757193_0044_m_000000_0
2024-04-24T06:29:20,385  INFO [Thread-3705] mapred.LocalJobRunner: map task executor complete.
2024-04-24T06:29:20,386  INFO [Thread-3705] mapred.LocalJobRunner: Waiting for reduce tasks
2024-04-24T06:29:20,386  INFO [pool-215-thread-1] mapred.LocalJobRunner: Starting task: attempt_local137757193_0044_r_000000_0
2024-04-24T06:29:20,389  INFO [pool-215-thread-1] mapred.Task:  Using ResourceCalculatorProcessTree : [ ]
2024-04-24T06:29:20,389  INFO [pool-215-thread-1] mapred.ReduceTask: Using ShuffleConsumerPlugin: org.apache.hadoop.mapreduce.task.reduce.Shuffle@3c3c2e4e
2024-04-24T06:29:20,389  WARN [pool-215-thread-1] impl.MetricsSystemImpl: JobTracker metrics system already initialized!
2024-04-24T06:29:20,389  INFO [pool-215-thread-1] reduce.MergeManagerImpl: MergerManager: memoryLimit=1336252800, maxSingleShuffleLimit=334063200, mergeThreshold=881926912, ioSortFactor=10, memToMemMergeOutputsThreshold=10
2024-04-24T06:29:20,390  INFO [EventFetcher for fetching Map Completion Events] reduce.EventFetcher: attempt_local137757193_0044_r_000000_0 Thread started: EventFetcher for fetching Map Completion Events
2024-04-24T06:29:20,393  INFO [localfetcher#63] reduce.LocalFetcher: localfetcher#63 about to shuffle output of map attempt_local137757193_0044_m_000000_0 decomp: 20 len: 24 to MEMORY
2024-04-24T06:29:20,393  INFO [localfetcher#63] reduce.InMemoryMapOutput: Read 20 bytes from map-output for attempt_local137757193_0044_m_000000_0
2024-04-24T06:29:20,393  INFO [localfetcher#63] reduce.MergeManagerImpl: closeInMemoryFile -> map-output of size: 20, inMemoryMapOutputs.size() -> 1, commitMemory -> 0, usedMemory ->20
2024-04-24T06:29:20,393  INFO [EventFetcher for fetching Map Completion Events] reduce.EventFetcher: EventFetcher is interrupted.. Returning
2024-04-24T06:29:20,393  INFO [pool-215-thread-1] mapred.LocalJobRunner: 1 / 1 copied.
2024-04-24T06:29:20,393  INFO [pool-215-thread-1] reduce.MergeManagerImpl: finalMerge called with 1 in-memory map-outputs and 0 on-disk map-outputs
2024-04-24T06:29:20,400  INFO [pool-215-thread-1] mapred.Merger: Merging 1 sorted segments
2024-04-24T06:29:20,400  INFO [pool-215-thread-1] mapred.Merger: Down to the last merge-pass, with 1 segments left of total size: 8 bytes
2024-04-24T06:29:20,402  INFO [pool-215-thread-1] reduce.MergeManagerImpl: Merged 1 segments, 20 bytes to disk to satisfy reduce memory limit
2024-04-24T06:29:20,403  INFO [pool-215-thread-1] reduce.MergeManagerImpl: Merging 1 files, 24 bytes from disk
2024-04-24T06:29:20,403  INFO [pool-215-thread-1] reduce.MergeManagerImpl: Merging 0 segments, 0 bytes from memory into reduce
2024-04-24T06:29:20,403  INFO [pool-215-thread-1] mapred.Merger: Merging 1 sorted segments
2024-04-24T06:29:20,403  INFO [pool-215-thread-1] mapred.Merger: Down to the last merge-pass, with 1 segments left of total size: 8 bytes
2024-04-24T06:29:20,403  INFO [pool-215-thread-1] mapred.LocalJobRunner: 1 / 1 copied.
2024-04-24T06:29:20,403  INFO [pool-215-thread-1] exec.SerializationUtilities: Deserializing ReduceWork using kryo
2024-04-24T06:29:20,404  INFO [pool-215-thread-1] exec.Utilities: Deserialized plan (via FILE) - name: null size: 5,92KB
2024-04-24T06:29:20,405  INFO [pool-215-thread-1] ExecReducer: 
<SEL>Id =5
  <Children>
    <FS>Id =6
      <Children>
      <\Children>
      <Parent>Id = 5 null<\Parent>
    <\FS>
  <\Children>
  <Parent><\Parent>
<\SEL>
2024-04-24T06:29:20,405  INFO [pool-215-thread-1] exec.SelectOperator: Initializing Operator: SEL[5]
2024-04-24T06:29:20,405  INFO [pool-215-thread-1] exec.SelectOperator: SELECT struct<key:struct<reducesinkkey0:int>,value:struct<_col0:int>>
2024-04-24T06:29:20,405  INFO [pool-215-thread-1] exec.FileSinkOperator: Initializing Operator: FS[6]
2024-04-24T06:29:20,405  INFO [pool-215-thread-1] exec.FileSinkOperator: Using serializer : AbstractSerDe [log=org.apache.logging.slf4j.Log4jLogger@3c370966, configuration=Optional[Configuration: core-default.xml, core-site.xml, mapred-default.xml, mapred-site.xml, yarn-default.xml, yarn-site.xml, hdfs-default.xml, hdfs-site.xml, file:/home/alex/Repositories/hive/ql/target/tmp/TestTxnCommands/mapred/local/localRunner/alex/job_local137757193_0044/job_local137757193_0044.xml], properties={transactional_properties=default, name=default.acidtbl, transactional=true, columns.types=int:int, bucket_field_name=a, columns=a,b, numFilesErasureCoded=0, columns.comments=&amp#0;, bucketing_version=2, bucket_count=2, serialization.lib=org.apache.hadoop.hive.ql.io.orc.OrcSerde, file.inputformat=org.apache.hadoop.hive.ql.io.orc.OrcInputFormat, file.outputformat=org.apache.hadoop.hive.ql.io.orc.OrcOutputFormat, location=file:/home/alex/Repositories/hive/ql/target/tmp/org.apache.hadoop.hive.ql.TestTxnCommands-1713965238357/warehouse/acidtbl, column.name.delimiter=,}, tableProperties={transactional_properties=default, name=default.acidtbl, transactional=true, columns.types=int:int, bucket_field_name=a, columns=a,b, numFilesErasureCoded=0, columns.comments=&amp#0;, bucketing_version=2, bucket_count=2, serialization.lib=org.apache.hadoop.hive.ql.io.orc.OrcSerde, file.inputformat=org.apache.hadoop.hive.ql.io.orc.OrcInputFormat, location=file:/home/alex/Repositories/hive/ql/target/tmp/org.apache.hadoop.hive.ql.TestTxnCommands-1713965238357/warehouse/acidtbl, file.outputformat=org.apache.hadoop.hive.ql.io.orc.OrcOutputFormat, column.name.delimiter=,}, partitionProperties=Optional.empty, columnNames=[a, b], columnTypes=[int, int], getClass()=class org.apache.hadoop.hive.ql.io.orc.OrcSerde] and formatter : org.apache.hadoop.hive.ql.io.orc.OrcOutputFormat@7592bf74
2024-04-24T06:29:20,405  INFO [pool-215-thread-1] exec.FileSinkOperator: Final Path: FS file:/home/alex/Repositories/hive/ql/target/tmp/org.apache.hadoop.hive.ql.TestTxnCommands-1713965238357/warehouse/acidtbl
2024-04-24T06:29:20,405  INFO [pool-215-thread-1] exec.FileSinkOperator: New Final Path: FS file:/home/alex/Repositories/hive/ql/target/tmp/org.apache.hadoop.hive.ql.TestTxnCommands-1713965238357/warehouse/acidtbl
2024-04-24T06:29:20,405  INFO [pool-215-thread-1] common.FileUtils: Creating directory if it doesn't exist: file:/home/alex/Repositories/hive/ql/target/tmp/org.apache.hadoop.hive.ql.TestTxnCommands-1713965238357/warehouse
2024-04-24T06:29:20,406  INFO [pool-215-thread-1] exec.FileSinkOperator: FS[6]: records written - 1
2024-04-24T06:29:20,406  INFO [pool-215-thread-1] impl.PhysicalFsWriter: ORC writer created for path: file:/home/alex/Repositories/hive/ql/target/tmp/org.apache.hadoop.hive.ql.TestTxnCommands-1713965238357/warehouse/acidtbl/delta_0000001_0000001_0000/bucket_00000_0 with stripeSize: 8388608 blockSize: 268435456 compression: Compress: ZLIB buffer: 32768
2024-04-24T06:29:20,412  INFO [pool-215-thread-1] impl.WriterImpl: ORC writer created for path: file:/home/alex/Repositories/hive/ql/target/tmp/org.apache.hadoop.hive.ql.TestTxnCommands-1713965238357/warehouse/acidtbl/delta_0000001_0000001_0000/bucket_00000_0 with stripeSize: 8388608 options: Compress: ZLIB buffer: 32768
2024-04-24T06:29:20,417  INFO [pool-215-thread-1] exec.SelectOperator: Closing Operator: SEL[5]
2024-04-24T06:29:20,417  INFO [pool-215-thread-1] exec.SelectOperator: RECORDS_OUT_INTERMEDIATE:0, RECORDS_OUT_OPERATOR_SEL_5:1, 
2024-04-24T06:29:20,417  INFO [pool-215-thread-1] exec.FileSinkOperator: Closing Operator: FS[6]
2024-04-24T06:29:20,417  INFO [pool-215-thread-1] exec.FileSinkOperator: FS[6]: records written - 1
2024-04-24T06:29:20,431  INFO [pool-215-thread-1] FileOperations: Writing manifest to file:/home/alex/Repositories/hive/ql/target/tmp/org.apache.hadoop.hive.ql.TestTxnCommands-1713965238357/warehouse/acidtbl/_tmp.delta_0000001_0000001_0000/000000_0.manifest with [file:/home/alex/Repositories/hive/ql/target/tmp/org.apache.hadoop.hive.ql.TestTxnCommands-1713965238357/warehouse/acidtbl/delta_0000001_0000001_0000/bucket_00000_0]
2024-04-24T06:29:20,442  INFO [pool-215-thread-1] exec.FileSinkOperator: RECORDS_OUT_INTERMEDIATE:0, TOTAL_TABLE_ROWS_WRITTEN:1, RECORDS_OUT_1_default.acidtbl:1, RECORDS_OUT_OPERATOR_FS_6:1, 
2024-04-24T06:29:20,443  INFO [pool-215-thread-1] mapred.Task: Task:attempt_local137757193_0044_r_000000_0 is done. And is in the process of committing
2024-04-24T06:29:20,444  INFO [pool-215-thread-1] mapred.LocalJobRunner: reduce > reduce
2024-04-24T06:29:20,444  INFO [pool-215-thread-1] mapred.Task: Task 'attempt_local137757193_0044_r_000000_0' done.
2024-04-24T06:29:20,444  INFO [pool-215-thread-1] mapred.Task: Final Counters for attempt_local137757193_0044_r_000000_0: Counters: 30
	File System Counters
		FILE: Number of bytes read=944641
		FILE: Number of bytes written=51901219
		FILE: Number of read operations=0
		FILE: Number of large read operations=0
		FILE: Number of write operations=0
	Map-Reduce Framework
		Combine input records=0
		Combine output records=0
		Reduce input groups=1
		Reduce shuffle bytes=24
		Reduce input records=1
		Reduce output records=0
		Spilled Records=1
		Shuffled Maps =1
		Failed Shuffles=0
		Merged Map outputs=1
		GC time elapsed (ms)=12
		Total committed heap usage (bytes)=1248329728
	HIVE
		CREATED_FILES=1
		RECORDS_OUT_1_default.acidtbl=1
		RECORDS_OUT_INTERMEDIATE=0
		RECORDS_OUT_OPERATOR_FS_6=1
		RECORDS_OUT_OPERATOR_SEL_5=1
		TOTAL_TABLE_ROWS_WRITTEN=1
	Shuffle Errors
		BAD_ID=0
		CONNECTION=0
		IO_ERROR=0
		WRONG_LENGTH=0
		WRONG_MAP=0
		WRONG_REDUCE=0
	File Output Format Counters 
		Bytes Written=0
2024-04-24T06:29:20,444  INFO [pool-215-thread-1] mapred.LocalJobRunner: Finishing task: attempt_local137757193_0044_r_000000_0
2024-04-24T06:29:20,444  INFO [pool-215-thread-1] mapred.LocalJobRunner: Starting task: attempt_local137757193_0044_r_000001_0
2024-04-24T06:29:20,444  INFO [pool-215-thread-1] mapred.Task:  Using ResourceCalculatorProcessTree : [ ]
2024-04-24T06:29:20,444  INFO [pool-215-thread-1] mapred.ReduceTask: Using ShuffleConsumerPlugin: org.apache.hadoop.mapreduce.task.reduce.Shuffle@53027f9e
2024-04-24T06:29:20,444  WARN [pool-215-thread-1] impl.MetricsSystemImpl: JobTracker metrics system already initialized!
2024-04-24T06:29:20,445  INFO [pool-215-thread-1] reduce.MergeManagerImpl: MergerManager: memoryLimit=1336252800, maxSingleShuffleLimit=334063200, mergeThreshold=881926912, ioSortFactor=10, memToMemMergeOutputsThreshold=10
2024-04-24T06:29:20,446  INFO [EventFetcher for fetching Map Completion Events] reduce.EventFetcher: attempt_local137757193_0044_r_000001_0 Thread started: EventFetcher for fetching Map Completion Events
2024-04-24T06:29:20,449  INFO [localfetcher#64] reduce.LocalFetcher: localfetcher#64 about to shuffle output of map attempt_local137757193_0044_m_000000_0 decomp: 20 len: 24 to MEMORY
2024-04-24T06:29:20,449  INFO [localfetcher#64] reduce.InMemoryMapOutput: Read 20 bytes from map-output for attempt_local137757193_0044_m_000000_0
2024-04-24T06:29:20,449  INFO [localfetcher#64] reduce.MergeManagerImpl: closeInMemoryFile -> map-output of size: 20, inMemoryMapOutputs.size() -> 1, commitMemory -> 0, usedMemory ->20
2024-04-24T06:29:20,450  INFO [EventFetcher for fetching Map Completion Events] reduce.EventFetcher: EventFetcher is interrupted.. Returning
2024-04-24T06:29:20,450  INFO [pool-215-thread-1] mapred.LocalJobRunner: 1 / 1 copied.
2024-04-24T06:29:20,450  INFO [pool-215-thread-1] reduce.MergeManagerImpl: finalMerge called with 1 in-memory map-outputs and 0 on-disk map-outputs
2024-04-24T06:29:20,456  INFO [pool-215-thread-1] mapred.Merger: Merging 1 sorted segments
2024-04-24T06:29:20,456  INFO [pool-215-thread-1] mapred.Merger: Down to the last merge-pass, with 1 segments left of total size: 8 bytes
2024-04-24T06:29:20,463  INFO [pool-215-thread-1] reduce.MergeManagerImpl: Merged 1 segments, 20 bytes to disk to satisfy reduce memory limit
2024-04-24T06:29:20,464  INFO [pool-215-thread-1] reduce.MergeManagerImpl: Merging 1 files, 24 bytes from disk
2024-04-24T06:29:20,464  INFO [pool-215-thread-1] reduce.MergeManagerImpl: Merging 0 segments, 0 bytes from memory into reduce
2024-04-24T06:29:20,464  INFO [pool-215-thread-1] mapred.Merger: Merging 1 sorted segments
2024-04-24T06:29:20,464  INFO [pool-215-thread-1] mapred.Merger: Down to the last merge-pass, with 1 segments left of total size: 8 bytes
2024-04-24T06:29:20,464  INFO [pool-215-thread-1] mapred.LocalJobRunner: 1 / 1 copied.
2024-04-24T06:29:20,466  INFO [pool-215-thread-1] exec.SerializationUtilities: Deserializing ReduceWork using kryo
2024-04-24T06:29:20,468  INFO [pool-215-thread-1] exec.Utilities: Deserialized plan (via FILE) - name: null size: 5,92KB
2024-04-24T06:29:20,470  INFO [pool-215-thread-1] ExecReducer: 
<SEL>Id =5
  <Children>
    <FS>Id =6
      <Children>
      <\Children>
      <Parent>Id = 5 null<\Parent>
    <\FS>
  <\Children>
  <Parent><\Parent>
<\SEL>
2024-04-24T06:29:20,470  INFO [pool-215-thread-1] exec.SelectOperator: Initializing Operator: SEL[5]
2024-04-24T06:29:20,470  INFO [pool-215-thread-1] exec.SelectOperator: SELECT struct<key:struct<reducesinkkey0:int>,value:struct<_col0:int>>
2024-04-24T06:29:20,470  INFO [pool-215-thread-1] exec.FileSinkOperator: Initializing Operator: FS[6]
2024-04-24T06:29:20,471  INFO [pool-215-thread-1] exec.FileSinkOperator: Using serializer : AbstractSerDe [log=org.apache.logging.slf4j.Log4jLogger@3c370966, configuration=Optional[Configuration: core-default.xml, core-site.xml, mapred-default.xml, mapred-site.xml, yarn-default.xml, yarn-site.xml, hdfs-default.xml, hdfs-site.xml, file:/home/alex/Repositories/hive/ql/target/tmp/TestTxnCommands/mapred/local/localRunner/alex/job_local137757193_0044/job_local137757193_0044.xml], properties={transactional_properties=default, name=default.acidtbl, transactional=true, columns.types=int:int, bucket_field_name=a, columns=a,b, numFilesErasureCoded=0, columns.comments=&amp#0;, bucketing_version=2, bucket_count=2, serialization.lib=org.apache.hadoop.hive.ql.io.orc.OrcSerde, file.inputformat=org.apache.hadoop.hive.ql.io.orc.OrcInputFormat, file.outputformat=org.apache.hadoop.hive.ql.io.orc.OrcOutputFormat, location=file:/home/alex/Repositories/hive/ql/target/tmp/org.apache.hadoop.hive.ql.TestTxnCommands-1713965238357/warehouse/acidtbl, column.name.delimiter=,}, tableProperties={transactional_properties=default, name=default.acidtbl, transactional=true, columns.types=int:int, bucket_field_name=a, columns=a,b, numFilesErasureCoded=0, columns.comments=&amp#0;, bucketing_version=2, bucket_count=2, serialization.lib=org.apache.hadoop.hive.ql.io.orc.OrcSerde, file.inputformat=org.apache.hadoop.hive.ql.io.orc.OrcInputFormat, location=file:/home/alex/Repositories/hive/ql/target/tmp/org.apache.hadoop.hive.ql.TestTxnCommands-1713965238357/warehouse/acidtbl, file.outputformat=org.apache.hadoop.hive.ql.io.orc.OrcOutputFormat, column.name.delimiter=,}, partitionProperties=Optional.empty, columnNames=[a, b], columnTypes=[int, int], getClass()=class org.apache.hadoop.hive.ql.io.orc.OrcSerde] and formatter : org.apache.hadoop.hive.ql.io.orc.OrcOutputFormat@754de
2024-04-24T06:29:20,472  INFO [pool-215-thread-1] exec.FileSinkOperator: Final Path: FS file:/home/alex/Repositories/hive/ql/target/tmp/org.apache.hadoop.hive.ql.TestTxnCommands-1713965238357/warehouse/acidtbl
2024-04-24T06:29:20,472  INFO [pool-215-thread-1] exec.FileSinkOperator: New Final Path: FS file:/home/alex/Repositories/hive/ql/target/tmp/org.apache.hadoop.hive.ql.TestTxnCommands-1713965238357/warehouse/acidtbl
2024-04-24T06:29:20,472  INFO [pool-215-thread-1] common.FileUtils: Creating directory if it doesn't exist: file:/home/alex/Repositories/hive/ql/target/tmp/org.apache.hadoop.hive.ql.TestTxnCommands-1713965238357/warehouse
2024-04-24T06:29:20,473  INFO [pool-215-thread-1] exec.FileSinkOperator: FS[6]: records written - 1
2024-04-24T06:29:20,473  INFO [pool-215-thread-1] impl.PhysicalFsWriter: ORC writer created for path: file:/home/alex/Repositories/hive/ql/target/tmp/org.apache.hadoop.hive.ql.TestTxnCommands-1713965238357/warehouse/acidtbl/delta_0000001_0000001_0000/bucket_00001_0 with stripeSize: 8388608 blockSize: 268435456 compression: Compress: ZLIB buffer: 32768
2024-04-24T06:29:20,486  INFO [pool-215-thread-1] impl.WriterImpl: ORC writer created for path: file:/home/alex/Repositories/hive/ql/target/tmp/org.apache.hadoop.hive.ql.TestTxnCommands-1713965238357/warehouse/acidtbl/delta_0000001_0000001_0000/bucket_00001_0 with stripeSize: 8388608 options: Compress: ZLIB buffer: 32768
2024-04-24T06:29:20,486  INFO [pool-215-thread-1] exec.SelectOperator: Closing Operator: SEL[5]
2024-04-24T06:29:20,486  INFO [pool-215-thread-1] exec.SelectOperator: RECORDS_OUT_INTERMEDIATE:0, RECORDS_OUT_OPERATOR_SEL_5:1, 
2024-04-24T06:29:20,487  INFO [pool-215-thread-1] exec.FileSinkOperator: Closing Operator: FS[6]
2024-04-24T06:29:20,487  INFO [pool-215-thread-1] exec.FileSinkOperator: FS[6]: records written - 1
2024-04-24T06:29:20,490  INFO [pool-215-thread-1] FileOperations: Writing manifest to file:/home/alex/Repositories/hive/ql/target/tmp/org.apache.hadoop.hive.ql.TestTxnCommands-1713965238357/warehouse/acidtbl/_tmp.delta_0000001_0000001_0000/000001_0.manifest with [file:/home/alex/Repositories/hive/ql/target/tmp/org.apache.hadoop.hive.ql.TestTxnCommands-1713965238357/warehouse/acidtbl/delta_0000001_0000001_0000/bucket_00001_0]
2024-04-24T06:29:20,516  INFO [pool-215-thread-1] exec.FileSinkOperator: RECORDS_OUT_INTERMEDIATE:0, RECORDS_OUT_OPERATOR_FS_6:1, RECORDS_OUT_1_default.acidtbl:1, TOTAL_TABLE_ROWS_WRITTEN:1, 
2024-04-24T06:29:20,516  INFO [pool-215-thread-1] mapred.Task: Task:attempt_local137757193_0044_r_000001_0 is done. And is in the process of committing
2024-04-24T06:29:20,517  INFO [pool-215-thread-1] mapred.LocalJobRunner: reduce > reduce
2024-04-24T06:29:20,517  INFO [pool-215-thread-1] mapred.Task: Task 'attempt_local137757193_0044_r_000001_0' done.
2024-04-24T06:29:20,517  INFO [pool-215-thread-1] mapred.Task: Final Counters for attempt_local137757193_0044_r_000001_0: Counters: 30
	File System Counters
		FILE: Number of bytes read=950722
		FILE: Number of bytes written=51902247
		FILE: Number of read operations=0
		FILE: Number of large read operations=0
		FILE: Number of write operations=0
	Map-Reduce Framework
		Combine input records=0
		Combine output records=0
		Reduce input groups=1
		Reduce shuffle bytes=24
		Reduce input records=1
		Reduce output records=0
		Spilled Records=1
		Shuffled Maps =1
		Failed Shuffles=0
		Merged Map outputs=1
		GC time elapsed (ms)=0
		Total committed heap usage (bytes)=1248329728
	HIVE
		CREATED_FILES=1
		RECORDS_OUT_1_default.acidtbl=1
		RECORDS_OUT_INTERMEDIATE=0
		RECORDS_OUT_OPERATOR_FS_6=1
		RECORDS_OUT_OPERATOR_SEL_5=1
		TOTAL_TABLE_ROWS_WRITTEN=1
	Shuffle Errors
		BAD_ID=0
		CONNECTION=0
		IO_ERROR=0
		WRONG_LENGTH=0
		WRONG_MAP=0
		WRONG_REDUCE=0
	File Output Format Counters 
		Bytes Written=0
2024-04-24T06:29:20,518  INFO [pool-215-thread-1] mapred.LocalJobRunner: Finishing task: attempt_local137757193_0044_r_000001_0
2024-04-24T06:29:20,518  INFO [Thread-3705] mapred.LocalJobRunner: reduce task executor complete.
2024-04-24 06:29:21,354 Stage-1 map = 100%,  reduce = 100%
2024-04-24T06:29:21,354  INFO [main] exec.Task: 2024-04-24 06:29:21,354 Stage-1 map = 100%,  reduce = 100%
Ended Job = job_local137757193_0044
2024-04-24T06:29:21,357  INFO [main] exec.Task: Ended Job = job_local137757193_0044
2024-04-24T06:29:21,357  INFO [main] FileOperations: Found manifest file file:/home/alex/Repositories/hive/ql/target/tmp/org.apache.hadoop.hive.ql.TestTxnCommands-1713965238357/warehouse/acidtbl/_tmp.delta_0000001_0000001_0000/000000_0.manifest with attemptId 0.
2024-04-24T06:29:21,357  INFO [main] FileOperations: Found manifest file file:/home/alex/Repositories/hive/ql/target/tmp/org.apache.hadoop.hive.ql.TestTxnCommands-1713965238357/warehouse/acidtbl/_tmp.delta_0000001_0000001_0000/000001_0.manifest with attemptId 0.
2024-04-24T06:29:21,358  INFO [main] FileOperations: Looking at manifest file: file:/home/alex/Repositories/hive/ql/target/tmp/org.apache.hadoop.hive.ql.TestTxnCommands-1713965238357/warehouse/acidtbl/_tmp.delta_0000001_0000001_0000/000000_0.manifest
2024-04-24T06:29:21,358  INFO [main] FileOperations: Looking at manifest file: file:/home/alex/Repositories/hive/ql/target/tmp/org.apache.hadoop.hive.ql.TestTxnCommands-1713965238357/warehouse/acidtbl/_tmp.delta_0000001_0000001_0000/000001_0.manifest
2024-04-24T06:29:21,358  INFO [main] FileOperations: Deleting manifest directory file:/home/alex/Repositories/hive/ql/target/tmp/org.apache.hadoop.hive.ql.TestTxnCommands-1713965238357/warehouse/acidtbl/_tmp.delta_0000001_0000001_0000
2024-04-24T06:29:21,359  INFO [main] ql.Driver: Starting task [Stage-0:MOVE] in serial mode
Loading data to table default.acidtbl
2024-04-24T06:29:21,359  INFO [main] exec.Task: Loading data to table default.acidtbl from file:/home/alex/Repositories/hive/ql/target/tmp/org.apache.hadoop.hive.ql.TestTxnCommands-1713965238357/warehouse/acidtbl
2024-04-24T06:29:21,359  INFO [main] HiveMetaStore.audit: ugi=alex	ip=unknown-ip-addr	cmd=get_table : tbl=hive.default.acidtbl	
2024-04-24T06:29:21,365  INFO [main] metastore.HMSHandler: Skipping translation for processor with null
2024-04-24T06:29:21,366  INFO [main] HiveMetaStore.audit: ugi=alex	ip=unknown-ip-addr	cmd=get_table : tbl=hive.default.acidtbl	
2024-04-24T06:29:21,371  INFO [main] metastore.HMSHandler: Skipping translation for processor with null
2024-04-24T06:29:21,372  INFO [main] HiveMetaStore.audit: ugi=alex	ip=unknown-ip-addr	cmd=alter_table: hive.default.acidtbl newtbl=acidtbl	
2024-04-24T06:29:21,405  INFO [main] ql.Driver: Starting task [Stage-2:STATS] in serial mode
2024-04-24T06:29:21,405  INFO [main] HiveMetaStore.audit: ugi=alex	ip=unknown-ip-addr	cmd=get_table : tbl=hive.default.acidtbl	
2024-04-24T06:29:21,411  INFO [main] metastore.HMSHandler: Skipping translation for processor with null
2024-04-24T06:29:21,411  INFO [main] stats.BasicStatsTask: Executing stats task
2024-04-24T06:29:21,411  INFO [main] fs.FSStatsPublisher: created : file:/home/alex/Repositories/hive/ql/target/tmp/localscratchdir/14641619-6468-42b0-b290-5d175e67bb33/hive_2024-04-24_06-29-19_893_2124669575896270786-1/-mr-10000
2024-04-24T06:29:21,413  INFO [main] HiveMetaStore.audit: ugi=alex	ip=unknown-ip-addr	cmd=get_table : tbl=hive.default.acidtbl	
2024-04-24T06:29:21,418  INFO [main] metastore.HMSHandler: Skipping translation for processor with null
2024-04-24T06:29:21,429  WARN [main] FileOperations: Computing stats for an ACID table; stats may be inaccurate
2024-04-24T06:29:21,429  INFO [main] FileOperations: Read stats for default.acidtbl/, numRows, true, 2, false: 
2024-04-24T06:29:21,429  INFO [main] FileOperations: Read stats for default.acidtbl/, rawDataSize, true, 0, false: 
2024-04-24T06:29:21,430  INFO [main] HiveMetaStore.audit: ugi=alex	ip=unknown-ip-addr	cmd=alter_table: hive.default.acidtbl newtbl=acidtbl	
2024-04-24T06:29:21,448  INFO [main] FileOperations: Read stats for default.acidtbl/, insertCount, true, 2, false: 
2024-04-24T06:29:21,448  INFO [main] FileOperations: Read stats for default.acidtbl/, updateCount, true, 0, false: 
2024-04-24T06:29:21,448  INFO [main] FileOperations: Read stats for default.acidtbl/, deleteCount, true, 0, false: 
2024-04-24T06:29:21,451  INFO [main] stats.BasicStatsTask: Table default.acidtbl stats: [numFiles=2, numRows=2, totalSize=1344, rawDataSize=0, numFilesErasureCoded=0]
2024-04-24T06:29:21,451  INFO [main] metadata.Hive: Dumping metastore api call timing information for : execution phase
2024-04-24T06:29:21,451  INFO [main] metadata.Hive: Total time spent in each metastore function (ms): {alter_table_(String, String, String, Table, EnvironmentContext, String)=51, isCompatibleWith_(Configuration)=0, updateTransactionalStatistics_(UpdateTransactionalStatsRequest)=3, getTable_(GetTableRequest)=24}
MapReduce Jobs Launched: 
2024-04-24T06:29:21,452  INFO [main] ql.Driver: MapReduce Jobs Launched: 
Stage-Stage-1:  HDFS Read: 0 HDFS Write: 0 SUCCESS
2024-04-24T06:29:21,452  INFO [main] ql.Driver: Stage-Stage-1:  HDFS Read: 0 HDFS Write: 0 SUCCESS
Total MapReduce CPU Time Spent: 0 msec
2024-04-24T06:29:21,452  INFO [main] ql.Driver: Total MapReduce CPU Time Spent: 0 msec
2024-04-24T06:29:21,452  INFO [main] ql.Driver: Completed executing command(queryId=alex_20240424062919_2e0f117a-e20c-4432-ba83-8065764e1560); Time taken: 1.356 seconds
2024-04-24T06:29:21,452  INFO [main] lockmgr.DbTxnManager: Stopped heartbeat for query: alex_20240424062919_2e0f117a-e20c-4432-ba83-8065764e1560
2024-04-24T06:29:21,462  INFO [main] txn.TxnHandler: Removed transactions: ([13]) from MIN_HISTORY_LEVEL
2024-04-24T06:29:21,462  WARN [main] txn.CompactionTxnHandler: No compaction queue record found for Compaction type transaction commit. txnId:13
2024-04-24T06:29:21,463  INFO [main] ql.TxnCommandsBaseForTests: Running the query: select a,b from acidTbl order by a,b
2024-04-24T06:29:21,463  INFO [main] ql.Context: Deleting scratch dir: file:/home/alex/Repositories/hive/ql/target/tmp/localscratchdir/14641619-6468-42b0-b290-5d175e67bb33/hive_2024-04-24_06-29-19_893_2124669575896270786-1
2024-04-24T06:29:21,464  INFO [main] cleanup.SyncCleanupService: Deleted directory: file:/home/alex/Repositories/hive/ql/target/tmp/localscratchdir/14641619-6468-42b0-b290-5d175e67bb33/hive_2024-04-24_06-29-19_893_2124669575896270786-1 on fs with scheme file
2024-04-24T06:29:21,464  INFO [main] ql.Driver: Compiling command(queryId=alex_20240424062921_839c17c5-026e-47b3-b6ec-bc24b7b573e7): select a,b from acidTbl order by a,b
2024-04-24T06:29:21,466  INFO [main] txn.TxnHandler: Added entries to MIN_HISTORY_LEVEL for current txns: ([14]) with min_open_txn: 14
2024-04-24T06:29:21,467  INFO [main] lockmgr.DbTxnManager: Opened txnid:14
2024-04-24T06:29:21,467  INFO [main] parse.CalcitePlanner: Starting caching scope for: 
2024-04-24T06:29:21,467  INFO [main] parse.CalcitePlanner: Starting Semantic Analysis
2024-04-24T06:29:21,469  INFO [main] parse.CalcitePlanner: Completed phase 1 of Semantic Analysis
2024-04-24T06:29:21,469  INFO [main] parse.CalcitePlanner: Get metadata for source tables
2024-04-24T06:29:21,470  INFO [main] HiveMetaStore.audit: ugi=alex	ip=unknown-ip-addr	cmd=get_table : tbl=hive.default.acidtbl	
2024-04-24T06:29:21,476  INFO [main] metastore.HMSHandler: Skipping translation for processor with null
2024-04-24T06:29:21,476  INFO [main] parse.CalcitePlanner: Get metadata for subqueries
2024-04-24T06:29:21,476  INFO [main] parse.CalcitePlanner: Get metadata for destination tables
2024-04-24T06:29:21,476  INFO [main] parse.CalcitePlanner: Completed getting MetaData in Semantic Analysis
2024-04-24T06:29:21,486  INFO [main] HiveMetaStore.audit: ugi=alex	ip=unknown-ip-addr	cmd=get_all_table_constraints : tbl=hive.default.acidtbl	
2024-04-24T06:29:21,493  INFO [main] calcite.RelOptHiveTable: Calculating column statistics for default.acidtbl, projIndxSet: [0, 1], allowMissingStats: true
2024-04-24T06:29:21,494  INFO [main] HiveMetaStore.audit: ugi=alex	ip=unknown-ip-addr	cmd=get_table : tbl=hive.default.acidtbl	
2024-04-24T06:29:21,501  INFO [main] metastore.HMSHandler: Skipping translation for processor with null
2024-04-24T06:29:21,502  INFO [main] HiveMetaStore.audit: ugi=alex	ip=unknown-ip-addr	cmd=get_table : tbl=hive.default.acidtbl	
2024-04-24T06:29:21,509  INFO [main] metastore.HMSHandler: Skipping translation for processor with null
2024-04-24T06:29:21,510  INFO [main] HiveMetaStore.audit: ugi=alex	ip=unknown-ip-addr	cmd=get_table_statistics_req: table=hive.default.acidtbl	
2024-04-24T06:29:21,520  WARN [main] calcite.RelOptHiveTable: No Stats for default@acidtbl, Columns: a, b
No Stats for default@acidtbl, Columns: a, b
2024-04-24T06:29:21,520  INFO [main] SessionState: No Stats for default@acidtbl, Columns: a, b
2024-04-24T06:29:21,560  INFO [main] parse.CalcitePlanner: Get metadata for source tables
2024-04-24T06:29:21,560  INFO [main] parse.CalcitePlanner: Get metadata for subqueries
2024-04-24T06:29:21,560  INFO [main] parse.CalcitePlanner: Get metadata for destination tables
2024-04-24T06:29:21,561  INFO [main] common.FileUtils: Creating directory if it doesn't exist: file:/home/alex/Repositories/hive/ql/target/tmp/localscratchdir/14641619-6468-42b0-b290-5d175e67bb33/hive_2024-04-24_06-29-21_464_8968118101117699446-1/-mr-10001/.hive-staging_hive_2024-04-24_06-29-21_464_8968118101117699446-1
2024-04-24T06:29:21,568  INFO [main] parse.CalcitePlanner: CBO Succeeded; optimized logical plan.
2024-04-24T06:29:21,570  INFO [main] optimizer.ColumnPrunerProcFactory: RS 2 oldColExprMap: {KEY.reducesinkkey0=Column[_col0], KEY.reducesinkkey1=Column[_col1]}
2024-04-24T06:29:21,570  INFO [main] optimizer.ColumnPrunerProcFactory: RS 2 newColExprMap: {KEY.reducesinkkey0=Column[_col0], KEY.reducesinkkey1=Column[_col1]}
2024-04-24T06:29:21,571  INFO [main] optimizer.SortedDynPartitionOptimizer: Sorted dynamic partitioning optimization kicked in..
2024-04-24T06:29:21,579  INFO [main] parse.CalcitePlanner: Completed plan generation
2024-04-24T06:29:21,579  INFO [main] parse.CalcitePlanner: Ending caching scope for: 
2024-04-24T06:29:21,579  INFO [main] ql.Driver: Semantic Analysis Completed (retrial = false)
2024-04-24T06:29:21,579  INFO [main] ql.Driver: Created Hive schema: Schema(fieldSchemas:[FieldSchema(name:a, type:int, comment:null), FieldSchema(name:b, type:int, comment:null)], properties:null)
2024-04-24T06:29:21,580  INFO [main] exec.ListSinkOperator: Initializing Operator: LIST_SINK[5]
2024-04-24T06:29:21,580  INFO [main] metadata.Hive: Dumping metastore api call timing information for : compilation phase
2024-04-24T06:29:21,581  INFO [main] metadata.Hive: Total time spent in each metastore function (ms): {getAllTableConstraints_(AllTableConstraintsRequest)=5, getTable_(GetTableRequest)=6, isCompatibleWith_(Configuration)=0, commitTxn_(CommitTxnRequest)=11, flushCache_()=0, getValidTxns_(long)=0, getValidWriteIds_(List, String)=3, openTxn_(String, TxnType)=3, getTableColumnStatistics_(String, String, List, String)=26}
2024-04-24T06:29:21,581  INFO [main] ql.Driver: Completed compiling command(queryId=alex_20240424062921_839c17c5-026e-47b3-b6ec-bc24b7b573e7); Time taken: 0.116 seconds
2024-04-24T06:29:21,581  INFO [main] lockmgr.DbTxnManager: Setting lock request transaction to txnid:14 for queryId=alex_20240424062921_839c17c5-026e-47b3-b6ec-bc24b7b573e7
2024-04-24T06:29:21,581  INFO [main] lockmgr.DbLockManager: Requesting lock for queryId=alex_20240424062921_839c17c5-026e-47b3-b6ec-bc24b7b573e7
2024-04-24T06:29:21,596  INFO [main] lockmgr.DbLockManager: Response to queryId=alex_20240424062921_839c17c5-026e-47b3-b6ec-bc24b7b573e7 LockResponse(lockid:8, state:ACQUIRED)
2024-04-24T06:29:21,596  INFO [main] ql.Driver: Operation QUERY obtained 1 locks
2024-04-24T06:29:21,596  INFO [main] ql.Driver: Executing command(queryId=alex_20240424062921_839c17c5-026e-47b3-b6ec-bc24b7b573e7): select a,b from acidTbl order by a,b
2024-04-24T06:29:21,596  WARN [main] ql.Driver: Hive-on-MR is deprecated in Hive 2 and may not be available in the future versions. Consider using a different execution engine (i.e. tez, spark) or using Hive 1.X releases.
Query ID = alex_20240424062921_839c17c5-026e-47b3-b6ec-bc24b7b573e7
2024-04-24T06:29:21,596  INFO [main] ql.Driver: Query ID = alex_20240424062921_839c17c5-026e-47b3-b6ec-bc24b7b573e7
Total jobs = 1
2024-04-24T06:29:21,596  INFO [main] ql.Driver: Total jobs = 1
Launching Job 1 out of 1
2024-04-24T06:29:21,597  INFO [main] ql.Driver: Launching Job 1 out of 1
2024-04-24T06:29:21,720  INFO [main] ql.Driver: Starting task [Stage-1:MAPRED] in serial mode
Number of reduce tasks determined at compile time: 1
2024-04-24T06:29:21,720  INFO [main] exec.Task: Number of reduce tasks determined at compile time: 1
In order to change the average load for a reducer (in bytes):
2024-04-24T06:29:21,720  INFO [main] exec.Task: In order to change the average load for a reducer (in bytes):
  set hive.exec.reducers.bytes.per.reducer=<number>
2024-04-24T06:29:21,720  INFO [main] exec.Task:   set hive.exec.reducers.bytes.per.reducer=<number>
In order to limit the maximum number of reducers:
2024-04-24T06:29:21,720  INFO [main] exec.Task: In order to limit the maximum number of reducers:
  set hive.exec.reducers.max=<number>
2024-04-24T06:29:21,720  INFO [main] exec.Task:   set hive.exec.reducers.max=<number>
In order to set a constant number of reducers:
2024-04-24T06:29:21,720  INFO [main] exec.Task: In order to set a constant number of reducers:
  set mapreduce.job.reduces=<number>
2024-04-24T06:29:21,720  INFO [main] exec.Task:   set mapreduce.job.reduces=<number>
2024-04-24T06:29:21,723  INFO [main] mr.ExecDriver: Using org.apache.hadoop.hive.ql.io.HiveInputFormat
2024-04-24T06:29:21,723  INFO [main] exec.Utilities: Processing alias acidtbl
2024-04-24T06:29:21,723  INFO [main] exec.Utilities: Adding 1 inputs; the first input is file:/home/alex/Repositories/hive/ql/target/tmp/org.apache.hadoop.hive.ql.TestTxnCommands-1713965238357/warehouse/acidtbl
2024-04-24T06:29:21,731  INFO [main] exec.SerializationUtilities: Serializing MapWork using kryo
2024-04-24T06:29:21,732  INFO [main] exec.Utilities: Serialized plan (via FILE) - name: null size: 4,65KB
2024-04-24T06:29:21,737  INFO [main] exec.SerializationUtilities: Serializing ReduceWork using kryo
2024-04-24T06:29:21,738  INFO [main] exec.Utilities: Serialized plan (via FILE) - name: null size: 5,59KB
2024-04-24T06:29:21,738  WARN [main] impl.MetricsSystemImpl: JobTracker metrics system already initialized!
2024-04-24T06:29:21,744  WARN [main] impl.MetricsSystemImpl: JobTracker metrics system already initialized!
2024-04-24T06:29:21,750  WARN [main] mapreduce.JobResourceUploader: Hadoop command-line option parsing not performed. Implement the Tool interface and execute your application with ToolRunner to remedy this.
2024-04-24T06:29:21,755  WARN [main] mapreduce.JobResourceUploader: No job jar file set.  User classes may not be found. See Job or Job#setJar(String).
2024-04-24T06:29:21,756  INFO [main] io.HiveInputFormat: hive.io.file.readcolumn.ids = 0,1
2024-04-24T06:29:21,756  INFO [main] io.HiveInputFormat: hive.io.file.readcolumn.names = a,b
2024-04-24T06:29:21,756  INFO [main] io.HiveInputFormat: Generating splits for dirs: file:/home/alex/Repositories/hive/ql/target/tmp/org.apache.hadoop.hive.ql.TestTxnCommands-1713965238357/warehouse/acidtbl
2024-04-24T06:29:21,756  INFO [main] orc.OrcInputFormat: getSplits started
2024-04-24T06:29:21,756  INFO [main] orc.OrcInputFormat: Context:: isAcid: true isVectorMode: false sarg: null minSplitSize: 1 maxSplitSize: 256000000 splitStrategy: HYBRID footerInSplits: false numBuckets: 2 numThreads: 10 cacheMemSize: 268435456 cacheStripeDetails: true useSoftReference: false writeIdList: default.acidtbl:1:9223372036854775807:: isTransactionalTable: true txnProperties: default 
2024-04-24T06:29:21,756  INFO [main] orc.OrcInputFormat: ORC pushdown predicate: null
2024-04-24T06:29:21,767  INFO [main] orc.OrcInputFormat: FooterCacheHitRatio: 0/2
2024-04-24T06:29:21,768  INFO [main] orc.OrcInputFormat: getSplits finished (#splits: 2). duration: 12 ms
2024-04-24T06:29:21,768  INFO [main] io.HiveInputFormat: number of splits 2
2024-04-24T06:29:21,784  INFO [main] mapreduce.JobSubmitter: number of splits:2
2024-04-24T06:29:21,801  INFO [main] mapreduce.JobSubmitter: Submitting tokens for job: job_local1139160243_0045
2024-04-24T06:29:21,801  INFO [main] mapreduce.JobSubmitter: Executing with tokens: []
2024-04-24T06:29:21,858  INFO [main] mapreduce.Job: The url to track the job: http://localhost:8080/
Job running in-process (local Hadoop)
2024-04-24T06:29:21,858  INFO [main] exec.Task: Job running in-process (local Hadoop)
2024-04-24T06:29:21,859  INFO [Thread-3782] mapred.LocalJobRunner: OutputCommitter set in config org.apache.hadoop.hive.ql.io.HiveFileFormatUtils$NullOutputCommitter
2024-04-24T06:29:21,859  INFO [Thread-3782] mapred.LocalJobRunner: OutputCommitter is org.apache.hadoop.hive.ql.io.HiveFileFormatUtils$NullOutputCommitter
2024-04-24T06:29:21,860  INFO [Thread-3782] mapred.LocalJobRunner: Waiting for map tasks
2024-04-24T06:29:21,861  INFO [LocalJobRunner Map Task Executor #0] mapred.LocalJobRunner: Starting task: attempt_local1139160243_0045_m_000000_0
2024-04-24T06:29:21,861  INFO [LocalJobRunner Map Task Executor #0] mapred.Task:  Using ResourceCalculatorProcessTree : [ ]
2024-04-24T06:29:21,862  INFO [LocalJobRunner Map Task Executor #0] mapred.MapTask: Processing split: org.apache.hadoop.hive.ql.io.orc.OrcInputFormat:OrcSplit [file:/home/alex/Repositories/hive/ql/target/tmp/org.apache.hadoop.hive.ql.TestTxnCommands-1713965238357/warehouse/acidtbl/delta_0000001_0000001_0000/bucket_00001_0, start=0, length=673, isOriginal=false, fileLength=673, hasFooter=false, hasBase=true, deltas=0]
2024-04-24T06:29:21,862  INFO [LocalJobRunner Map Task Executor #0] exec.SerializationUtilities: Deserializing MapWork using kryo
2024-04-24T06:29:21,862  INFO [LocalJobRunner Map Task Executor #0] exec.Utilities: Deserialized plan (via FILE) - name: null size: 4,65KB
2024-04-24T06:29:21,863  INFO [LocalJobRunner Map Task Executor #0] orc.OrcRawRecordMerger: min key = null, max key = null
2024-04-24T06:29:21,863  INFO [LocalJobRunner Map Task Executor #0] orc.ReaderImpl: Reading ORC rows from file:/home/alex/Repositories/hive/ql/target/tmp/org.apache.hadoop.hive.ql.TestTxnCommands-1713965238357/warehouse/acidtbl/delta_0000001_0000001_0000/bucket_00001_0 with {include: [true, true, true], offset: 0, length: 673, schema: struct<a:int,b:int>, includeAcidColumns: true}
2024-04-24T06:29:21,864  INFO [LocalJobRunner Map Task Executor #0] orc.OrcRawRecordMerger: updated min key = null, max key = null
2024-04-24T06:29:21,864  INFO [LocalJobRunner Map Task Executor #0] mapred.MapTask: numReduceTasks: 1
2024-04-24T06:29:21,868  INFO [LocalJobRunner Map Task Executor #0] mapred.MapTask: (EQUATOR) 0 kvi 26214396(104857584)
2024-04-24T06:29:21,868  INFO [LocalJobRunner Map Task Executor #0] mapred.MapTask: mapreduce.task.io.sort.mb: 100
2024-04-24T06:29:21,868  INFO [LocalJobRunner Map Task Executor #0] mapred.MapTask: soft limit at 83886080
2024-04-24T06:29:21,868  INFO [LocalJobRunner Map Task Executor #0] mapred.MapTask: bufstart = 0; bufvoid = 104857600
2024-04-24T06:29:21,868  INFO [LocalJobRunner Map Task Executor #0] mapred.MapTask: kvstart = 26214396; length = 6553600
2024-04-24T06:29:21,869  INFO [LocalJobRunner Map Task Executor #0] mapred.MapTask: Map output collector class = org.apache.hadoop.mapred.MapTask$MapOutputBuffer
2024-04-24T06:29:21,869  INFO [LocalJobRunner Map Task Executor #0] exec.MapOperator: Initializing Operator: MAP[0]
2024-04-24T06:29:21,870  INFO [LocalJobRunner Map Task Executor #0] mr.ExecMapper: 
<MAP>Id =0
  <Children>null
  <\Children>
  <Parent><\Parent>
<\MAP>
2024-04-24T06:29:21,871  INFO [LocalJobRunner Map Task Executor #0] exec.TableScanOperator: Initializing Operator: TS[0]
2024-04-24T06:29:21,871  INFO [LocalJobRunner Map Task Executor #0] exec.SelectOperator: Initializing Operator: SEL[1]
2024-04-24T06:29:21,871  INFO [LocalJobRunner Map Task Executor #0] exec.SelectOperator: SELECT struct<a:int,b:int>
2024-04-24T06:29:21,871  INFO [LocalJobRunner Map Task Executor #0] exec.ReduceSinkOperator: Initializing Operator: RS[2]
2024-04-24T06:29:21,871  INFO [LocalJobRunner Map Task Executor #0] exec.ReduceSinkOperator: Using tag = -1
2024-04-24T06:29:21,871  INFO [LocalJobRunner Map Task Executor #0] exec.ReduceSinkOperator: keys are [reducesinkkey0, reducesinkkey1] num distributions: 2
2024-04-24T06:29:21,871  INFO [LocalJobRunner Map Task Executor #0] exec.ReduceSinkOperator: RS[2]: records written - 1
2024-04-24T06:29:21,871  INFO [LocalJobRunner Map Task Executor #0] exec.MapOperator: MAP[0]: records read - 1
2024-04-24T06:29:21,871  INFO [LocalJobRunner Map Task Executor #0] exec.MapOperator: Closing Operator: MAP[0]
2024-04-24T06:29:21,871  INFO [LocalJobRunner Map Task Executor #0] exec.MapOperator: MAP[0]: Total records read - 1. abort - false
2024-04-24T06:29:21,871  INFO [LocalJobRunner Map Task Executor #0] exec.MapOperator: RECORDS_IN:1, RECORDS_OUT_OPERATOR_MAP_0:0, RECORDS_OUT_INTERMEDIATE:0, DESERIALIZE_ERRORS:0, 
2024-04-24T06:29:21,871  INFO [LocalJobRunner Map Task Executor #0] exec.TableScanOperator: Closing Operator: TS[0]
2024-04-24T06:29:21,871  INFO [LocalJobRunner Map Task Executor #0] exec.TableScanOperator: RECORDS_OUT_OPERATOR_TS_0:1, RECORDS_OUT_INTERMEDIATE:0, 
2024-04-24T06:29:21,871  INFO [LocalJobRunner Map Task Executor #0] exec.SelectOperator: Closing Operator: SEL[1]
2024-04-24T06:29:21,871  INFO [LocalJobRunner Map Task Executor #0] exec.SelectOperator: RECORDS_OUT_INTERMEDIATE:0, RECORDS_OUT_OPERATOR_SEL_1:1, 
2024-04-24T06:29:21,871  INFO [LocalJobRunner Map Task Executor #0] exec.ReduceSinkOperator: Closing Operator: RS[2]
2024-04-24T06:29:21,871  INFO [LocalJobRunner Map Task Executor #0] exec.ReduceSinkOperator: RS[2]: Total records written - 1. abort - false
2024-04-24T06:29:21,871  INFO [LocalJobRunner Map Task Executor #0] exec.ReduceSinkOperator: RECORDS_OUT_INTERMEDIATE:1, RECORDS_OUT_OPERATOR_RS_2:1, 
2024-04-24T06:29:21,872  INFO [LocalJobRunner Map Task Executor #0] mapred.LocalJobRunner: 
2024-04-24T06:29:21,872  INFO [LocalJobRunner Map Task Executor #0] mapred.MapTask: Starting flush of map output
2024-04-24T06:29:21,872  INFO [LocalJobRunner Map Task Executor #0] mapred.MapTask: Spilling map output
2024-04-24T06:29:21,872  INFO [LocalJobRunner Map Task Executor #0] mapred.MapTask: bufstart = 0; bufend = 19; bufvoid = 104857600
2024-04-24T06:29:21,872  INFO [LocalJobRunner Map Task Executor #0] mapred.MapTask: kvstart = 26214396(104857584); kvend = 26214396(104857584); length = 1/6553600
2024-04-24T06:29:21,882  INFO [LocalJobRunner Map Task Executor #0] mapred.MapTask: Finished spill 0
2024-04-24T06:29:21,885  INFO [LocalJobRunner Map Task Executor #0] mapred.Task: Task:attempt_local1139160243_0045_m_000000_0 is done. And is in the process of committing
2024-04-24T06:29:21,885  INFO [LocalJobRunner Map Task Executor #0] mapred.LocalJobRunner: OrcSplit [file:/home/alex/Repositories/hive/ql/target/tmp/org.apache.hadoop.hive.ql.TestTxnCommands-1713965238357/warehouse/acidtbl/delta_0000001_0000001_0000/bucket_00001_0, start=0, length=673, isOriginal=false, fileLength=673, hasFooter=false, hasBase=true, deltas=0]
2024-04-24T06:29:21,885  INFO [LocalJobRunner Map Task Executor #0] mapred.Task: Task 'attempt_local1139160243_0045_m_000000_0' done.
2024-04-24T06:29:21,885  INFO [LocalJobRunner Map Task Executor #0] mapred.Task: Final Counters for attempt_local1139160243_0045_m_000000_0: Counters: 24
	File System Counters
		FILE: Number of bytes read=959901
		FILE: Number of bytes written=53079010
		FILE: Number of read operations=0
		FILE: Number of large read operations=0
		FILE: Number of write operations=0
	Map-Reduce Framework
		Map input records=1
		Map output records=1
		Map output bytes=19
		Map output materialized bytes=27
		Input split bytes=495
		Combine input records=0
		Spilled Records=1
		Failed Shuffles=0
		Merged Map outputs=0
		GC time elapsed (ms)=0
		Total committed heap usage (bytes)=1248329728
	HIVE
		DESERIALIZE_ERRORS=0
		RECORDS_IN=1
		RECORDS_OUT_INTERMEDIATE=1
		RECORDS_OUT_OPERATOR_MAP_0=0
		RECORDS_OUT_OPERATOR_RS_2=1
		RECORDS_OUT_OPERATOR_SEL_1=1
		RECORDS_OUT_OPERATOR_TS_0=1
	File Input Format Counters 
		Bytes Read=7474
2024-04-24T06:29:21,885  INFO [LocalJobRunner Map Task Executor #0] mapred.LocalJobRunner: Finishing task: attempt_local1139160243_0045_m_000000_0
2024-04-24T06:29:21,886  INFO [LocalJobRunner Map Task Executor #0] mapred.LocalJobRunner: Starting task: attempt_local1139160243_0045_m_000001_0
2024-04-24T06:29:21,886  INFO [LocalJobRunner Map Task Executor #0] mapred.Task:  Using ResourceCalculatorProcessTree : [ ]
2024-04-24T06:29:21,886  INFO [LocalJobRunner Map Task Executor #0] mapred.MapTask: Processing split: org.apache.hadoop.hive.ql.io.orc.OrcInputFormat:OrcSplit [file:/home/alex/Repositories/hive/ql/target/tmp/org.apache.hadoop.hive.ql.TestTxnCommands-1713965238357/warehouse/acidtbl/delta_0000001_0000001_0000/bucket_00000_0, start=0, length=671, isOriginal=false, fileLength=671, hasFooter=false, hasBase=true, deltas=0]
2024-04-24T06:29:21,887  INFO [LocalJobRunner Map Task Executor #0] exec.SerializationUtilities: Deserializing MapWork using kryo
2024-04-24T06:29:21,887  INFO [LocalJobRunner Map Task Executor #0] exec.Utilities: Deserialized plan (via FILE) - name: null size: 4,65KB
2024-04-24T06:29:21,888  INFO [LocalJobRunner Map Task Executor #0] orc.OrcRawRecordMerger: min key = null, max key = null
2024-04-24T06:29:21,888  INFO [LocalJobRunner Map Task Executor #0] orc.ReaderImpl: Reading ORC rows from file:/home/alex/Repositories/hive/ql/target/tmp/org.apache.hadoop.hive.ql.TestTxnCommands-1713965238357/warehouse/acidtbl/delta_0000001_0000001_0000/bucket_00000_0 with {include: [true, true, true], offset: 0, length: 671, schema: struct<a:int,b:int>, includeAcidColumns: true}
2024-04-24T06:29:21,889  INFO [LocalJobRunner Map Task Executor #0] orc.OrcRawRecordMerger: updated min key = null, max key = null
2024-04-24T06:29:21,889  INFO [LocalJobRunner Map Task Executor #0] mapred.MapTask: numReduceTasks: 1
2024-04-24T06:29:21,893  INFO [LocalJobRunner Map Task Executor #0] mapred.MapTask: (EQUATOR) 0 kvi 26214396(104857584)
2024-04-24T06:29:21,893  INFO [LocalJobRunner Map Task Executor #0] mapred.MapTask: mapreduce.task.io.sort.mb: 100
2024-04-24T06:29:21,893  INFO [LocalJobRunner Map Task Executor #0] mapred.MapTask: soft limit at 83886080
2024-04-24T06:29:21,893  INFO [LocalJobRunner Map Task Executor #0] mapred.MapTask: bufstart = 0; bufvoid = 104857600
2024-04-24T06:29:21,893  INFO [LocalJobRunner Map Task Executor #0] mapred.MapTask: kvstart = 26214396; length = 6553600
2024-04-24T06:29:21,893  INFO [LocalJobRunner Map Task Executor #0] mapred.MapTask: Map output collector class = org.apache.hadoop.mapred.MapTask$MapOutputBuffer
2024-04-24T06:29:21,894  INFO [LocalJobRunner Map Task Executor #0] exec.MapOperator: Initializing Operator: MAP[0]
2024-04-24T06:29:21,895  INFO [LocalJobRunner Map Task Executor #0] mr.ExecMapper: 
<MAP>Id =0
  <Children>null
  <\Children>
  <Parent><\Parent>
<\MAP>
2024-04-24T06:29:21,895  INFO [LocalJobRunner Map Task Executor #0] exec.TableScanOperator: Initializing Operator: TS[0]
2024-04-24T06:29:21,895  INFO [LocalJobRunner Map Task Executor #0] exec.SelectOperator: Initializing Operator: SEL[1]
2024-04-24T06:29:21,895  INFO [LocalJobRunner Map Task Executor #0] exec.SelectOperator: SELECT struct<a:int,b:int>
2024-04-24T06:29:21,895  INFO [LocalJobRunner Map Task Executor #0] exec.ReduceSinkOperator: Initializing Operator: RS[2]
2024-04-24T06:29:21,895  INFO [LocalJobRunner Map Task Executor #0] exec.ReduceSinkOperator: Using tag = -1
2024-04-24T06:29:21,896  INFO [LocalJobRunner Map Task Executor #0] exec.ReduceSinkOperator: keys are [reducesinkkey0, reducesinkkey1] num distributions: 2
2024-04-24T06:29:21,896  INFO [LocalJobRunner Map Task Executor #0] exec.ReduceSinkOperator: RS[2]: records written - 1
2024-04-24T06:29:21,896  INFO [LocalJobRunner Map Task Executor #0] exec.MapOperator: MAP[0]: records read - 1
2024-04-24T06:29:21,896  INFO [LocalJobRunner Map Task Executor #0] exec.MapOperator: Closing Operator: MAP[0]
2024-04-24T06:29:21,896  INFO [LocalJobRunner Map Task Executor #0] exec.MapOperator: MAP[0]: Total records read - 1. abort - false
2024-04-24T06:29:21,896  INFO [LocalJobRunner Map Task Executor #0] exec.MapOperator: RECORDS_OUT_INTERMEDIATE:0, RECORDS_OUT_OPERATOR_MAP_0:0, DESERIALIZE_ERRORS:0, RECORDS_IN:1, 
2024-04-24T06:29:21,896  INFO [LocalJobRunner Map Task Executor #0] exec.TableScanOperator: Closing Operator: TS[0]
2024-04-24T06:29:21,896  INFO [LocalJobRunner Map Task Executor #0] exec.TableScanOperator: RECORDS_OUT_OPERATOR_TS_0:1, RECORDS_OUT_INTERMEDIATE:0, 
2024-04-24T06:29:21,896  INFO [LocalJobRunner Map Task Executor #0] exec.SelectOperator: Closing Operator: SEL[1]
2024-04-24T06:29:21,896  INFO [LocalJobRunner Map Task Executor #0] exec.SelectOperator: RECORDS_OUT_OPERATOR_SEL_1:1, RECORDS_OUT_INTERMEDIATE:0, 
2024-04-24T06:29:21,896  INFO [LocalJobRunner Map Task Executor #0] exec.ReduceSinkOperator: Closing Operator: RS[2]
2024-04-24T06:29:21,896  INFO [LocalJobRunner Map Task Executor #0] exec.ReduceSinkOperator: RS[2]: Total records written - 1. abort - false
2024-04-24T06:29:21,896  INFO [LocalJobRunner Map Task Executor #0] exec.ReduceSinkOperator: RECORDS_OUT_INTERMEDIATE:1, RECORDS_OUT_OPERATOR_RS_2:1, 
2024-04-24T06:29:21,897  INFO [LocalJobRunner Map Task Executor #0] mapred.LocalJobRunner: 
2024-04-24T06:29:21,897  INFO [LocalJobRunner Map Task Executor #0] mapred.MapTask: Starting flush of map output
2024-04-24T06:29:21,897  INFO [LocalJobRunner Map Task Executor #0] mapred.MapTask: Spilling map output
2024-04-24T06:29:21,897  INFO [LocalJobRunner Map Task Executor #0] mapred.MapTask: bufstart = 0; bufend = 19; bufvoid = 104857600
2024-04-24T06:29:21,897  INFO [LocalJobRunner Map Task Executor #0] mapred.MapTask: kvstart = 26214396(104857584); kvend = 26214396(104857584); length = 1/6553600
2024-04-24T06:29:21,905  INFO [LocalJobRunner Map Task Executor #0] mapred.MapTask: Finished spill 0
2024-04-24T06:29:21,907  INFO [LocalJobRunner Map Task Executor #0] mapred.Task: Task:attempt_local1139160243_0045_m_000001_0 is done. And is in the process of committing
2024-04-24T06:29:21,908  INFO [LocalJobRunner Map Task Executor #0] mapred.LocalJobRunner: OrcSplit [file:/home/alex/Repositories/hive/ql/target/tmp/org.apache.hadoop.hive.ql.TestTxnCommands-1713965238357/warehouse/acidtbl/delta_0000001_0000001_0000/bucket_00000_0, start=0, length=671, isOriginal=false, fileLength=671, hasFooter=false, hasBase=true, deltas=0]
2024-04-24T06:29:21,908  INFO [LocalJobRunner Map Task Executor #0] mapred.Task: Task 'attempt_local1139160243_0045_m_000001_0' done.
2024-04-24T06:29:21,908  INFO [LocalJobRunner Map Task Executor #0] mapred.Task: Final Counters for attempt_local1139160243_0045_m_000001_0: Counters: 24
	File System Counters
		FILE: Number of bytes read=968380
		FILE: Number of bytes written=53079069
		FILE: Number of read operations=0
		FILE: Number of large read operations=0
		FILE: Number of write operations=0
	Map-Reduce Framework
		Map input records=1
		Map output records=1
		Map output bytes=19
		Map output materialized bytes=27
		Input split bytes=495
		Combine input records=0
		Spilled Records=1
		Failed Shuffles=0
		Merged Map outputs=0
		GC time elapsed (ms)=0
		Total committed heap usage (bytes)=1248329728
	HIVE
		DESERIALIZE_ERRORS=0
		RECORDS_IN=1
		RECORDS_OUT_INTERMEDIATE=1
		RECORDS_OUT_OPERATOR_MAP_0=0
		RECORDS_OUT_OPERATOR_RS_2=1
		RECORDS_OUT_OPERATOR_SEL_1=1
		RECORDS_OUT_OPERATOR_TS_0=1
	File Input Format Counters 
		Bytes Read=7466
2024-04-24T06:29:21,908  INFO [LocalJobRunner Map Task Executor #0] mapred.LocalJobRunner: Finishing task: attempt_local1139160243_0045_m_000001_0
2024-04-24T06:29:21,908  INFO [Thread-3782] mapred.LocalJobRunner: map task executor complete.
2024-04-24T06:29:21,909  INFO [Thread-3782] mapred.LocalJobRunner: Waiting for reduce tasks
2024-04-24T06:29:21,909  INFO [pool-220-thread-1] mapred.LocalJobRunner: Starting task: attempt_local1139160243_0045_r_000000_0
2024-04-24T06:29:21,910  INFO [pool-220-thread-1] mapred.Task:  Using ResourceCalculatorProcessTree : [ ]
2024-04-24T06:29:21,910  INFO [pool-220-thread-1] mapred.ReduceTask: Using ShuffleConsumerPlugin: org.apache.hadoop.mapreduce.task.reduce.Shuffle@10cc6a2d
2024-04-24T06:29:21,910  WARN [pool-220-thread-1] impl.MetricsSystemImpl: JobTracker metrics system already initialized!
2024-04-24T06:29:21,910  INFO [pool-220-thread-1] reduce.MergeManagerImpl: MergerManager: memoryLimit=1336252800, maxSingleShuffleLimit=334063200, mergeThreshold=881926912, ioSortFactor=10, memToMemMergeOutputsThreshold=10
2024-04-24T06:29:21,911  INFO [EventFetcher for fetching Map Completion Events] reduce.EventFetcher: attempt_local1139160243_0045_r_000000_0 Thread started: EventFetcher for fetching Map Completion Events
2024-04-24T06:29:21,914  INFO [localfetcher#65] reduce.LocalFetcher: localfetcher#65 about to shuffle output of map attempt_local1139160243_0045_m_000000_0 decomp: 23 len: 27 to MEMORY
2024-04-24T06:29:21,914  INFO [localfetcher#65] reduce.InMemoryMapOutput: Read 23 bytes from map-output for attempt_local1139160243_0045_m_000000_0
2024-04-24T06:29:21,914  INFO [localfetcher#65] reduce.MergeManagerImpl: closeInMemoryFile -> map-output of size: 23, inMemoryMapOutputs.size() -> 1, commitMemory -> 0, usedMemory ->23
2024-04-24T06:29:21,916  INFO [localfetcher#65] reduce.LocalFetcher: localfetcher#65 about to shuffle output of map attempt_local1139160243_0045_m_000001_0 decomp: 23 len: 27 to MEMORY
2024-04-24T06:29:21,916  INFO [localfetcher#65] reduce.InMemoryMapOutput: Read 23 bytes from map-output for attempt_local1139160243_0045_m_000001_0
2024-04-24T06:29:21,916  INFO [localfetcher#65] reduce.MergeManagerImpl: closeInMemoryFile -> map-output of size: 23, inMemoryMapOutputs.size() -> 2, commitMemory -> 23, usedMemory ->46
2024-04-24T06:29:21,916  INFO [EventFetcher for fetching Map Completion Events] reduce.EventFetcher: EventFetcher is interrupted.. Returning
2024-04-24T06:29:21,917  INFO [pool-220-thread-1] mapred.LocalJobRunner: 2 / 2 copied.
2024-04-24T06:29:21,917  INFO [pool-220-thread-1] reduce.MergeManagerImpl: finalMerge called with 2 in-memory map-outputs and 0 on-disk map-outputs
2024-04-24T06:29:21,923  INFO [pool-220-thread-1] mapred.Merger: Merging 2 sorted segments
2024-04-24T06:29:21,923  INFO [pool-220-thread-1] mapred.Merger: Down to the last merge-pass, with 2 segments left of total size: 12 bytes
2024-04-24T06:29:21,925  INFO [pool-220-thread-1] reduce.MergeManagerImpl: Merged 2 segments, 46 bytes to disk to satisfy reduce memory limit
2024-04-24T06:29:21,925  INFO [pool-220-thread-1] reduce.MergeManagerImpl: Merging 1 files, 48 bytes from disk
2024-04-24T06:29:21,925  INFO [pool-220-thread-1] reduce.MergeManagerImpl: Merging 0 segments, 0 bytes from memory into reduce
2024-04-24T06:29:21,925  INFO [pool-220-thread-1] mapred.Merger: Merging 1 sorted segments
2024-04-24T06:29:21,925  INFO [pool-220-thread-1] mapred.Merger: Down to the last merge-pass, with 1 segments left of total size: 27 bytes
2024-04-24T06:29:21,926  INFO [pool-220-thread-1] mapred.LocalJobRunner: 2 / 2 copied.
2024-04-24T06:29:21,926  INFO [pool-220-thread-1] exec.SerializationUtilities: Deserializing ReduceWork using kryo
2024-04-24T06:29:21,926  INFO [pool-220-thread-1] exec.Utilities: Deserialized plan (via FILE) - name: null size: 5,59KB
2024-04-24T06:29:21,927  INFO [pool-220-thread-1] ExecReducer: 
<SEL>Id =3
  <Children>
    <FS>Id =4
      <Children>
      <\Children>
      <Parent>Id = 3 null<\Parent>
    <\FS>
  <\Children>
  <Parent><\Parent>
<\SEL>
2024-04-24T06:29:21,927  INFO [pool-220-thread-1] exec.SelectOperator: Initializing Operator: SEL[3]
2024-04-24T06:29:21,927  INFO [pool-220-thread-1] exec.SelectOperator: SELECT struct<key:struct<reducesinkkey0:int,reducesinkkey1:int>,value:struct<>>
2024-04-24T06:29:21,927  INFO [pool-220-thread-1] exec.FileSinkOperator: Initializing Operator: FS[4]
2024-04-24T06:29:21,927  INFO [pool-220-thread-1] exec.FileSinkOperator: Using serializer : class org.apache.hadoop.hive.serde2.lazy.LazySimpleSerDe [serdeParams=org.apache.hadoop.hive.serde2.lazy.LazySerDeParameters@53e851cd, cachedObjectInspector=org.apache.hadoop.hive.serde2.lazy.objectinspector.LazySimpleStructObjectInspector<org.apache.hadoop.hive.serde2.lazy.objectinspector.primitive.LazyIntObjectInspector@4582da06,org.apache.hadoop.hive.serde2.lazy.objectinspector.primitive.LazyIntObjectInspector@4582da06>, serializedSize=0, stats=org.apache.hadoop.hive.serde2.SerDeStats@21af9405, lastOperationSerialize=false, lastOperationDeserialize=false [1, 2, 3, 4, 5, 6, 7, 8, 11, 14, 15, 16, 17, 18, 19, 20, 21, 22, 23, 24, 25, 26, 28, 29, 30, 31, -128, -127, -126, -125, -124, -123, -122, -121, -120, -119, -118, -117, -116, -115, -114, -113, -112, -111, -110, -109, -108, -107, -106, -105, -104, -103, -102, -101, -100, -99, -98, -97, -96, -95, -94, -93, -92, -91, -90, -89, -88, -87, -86, -85, -84, -83, -82, -81, -80, -79, -78, -77, -76, -75, -74, -73, -72, -71, -70, -69, -68, -67, -66, -65, -64, -63, -62, -61, -60, -59, -58, -57, -56, -55, -54, -53, -52, -51, -50, -49, -48, -47, -46, -45, -44, -43, -42, -41, -40, -39, -38, -37, -36, -35, -34, -33, -32, -31, -30, -29, -28, -27, -26, -25, -24, -23, -22, -21, -20, -19, -18, -17, -16, -15, -14, -13, -12, -11, -10, -9, -8, -7, -6, -5, -4, -3, -2, -1] : [_col0, _col1] : [int, int]] and formatter : org.apache.hadoop.hive.ql.io.HiveSequenceFileOutputFormat@4fa3d2bf
2024-04-24T06:29:21,928  INFO [pool-220-thread-1] exec.FileSinkOperator: Final Path: FS file:/home/alex/Repositories/hive/ql/target/tmp/localscratchdir/14641619-6468-42b0-b290-5d175e67bb33/hive_2024-04-24_06-29-21_464_8968118101117699446-1/-mr-10001/.hive-staging_hive_2024-04-24_06-29-21_464_8968118101117699446-1/_tmp.-ext-10002/000000_0
2024-04-24T06:29:21,928  INFO [pool-220-thread-1] exec.FileSinkOperator: Writing to temp file: FS file:/home/alex/Repositories/hive/ql/target/tmp/localscratchdir/14641619-6468-42b0-b290-5d175e67bb33/hive_2024-04-24_06-29-21_464_8968118101117699446-1/-mr-10001/.hive-staging_hive_2024-04-24_06-29-21_464_8968118101117699446-1/_task_tmp.-ext-10002/_tmp.000000_0
2024-04-24T06:29:21,928  INFO [pool-220-thread-1] exec.FileSinkOperator: New Final Path: FS file:/home/alex/Repositories/hive/ql/target/tmp/localscratchdir/14641619-6468-42b0-b290-5d175e67bb33/hive_2024-04-24_06-29-21_464_8968118101117699446-1/-mr-10001/.hive-staging_hive_2024-04-24_06-29-21_464_8968118101117699446-1/_tmp.-ext-10002/000000_0
2024-04-24T06:29:21,934  INFO [pool-220-thread-1] exec.FileSinkOperator: FS[4]: records written - 1
2024-04-24T06:29:21,935  INFO [pool-220-thread-1] exec.SelectOperator: Closing Operator: SEL[3]
2024-04-24T06:29:21,935  INFO [pool-220-thread-1] exec.SelectOperator: RECORDS_OUT_INTERMEDIATE:0, RECORDS_OUT_OPERATOR_SEL_3:2, 
2024-04-24T06:29:21,935  INFO [pool-220-thread-1] exec.FileSinkOperator: Closing Operator: FS[4]
2024-04-24T06:29:21,935  INFO [pool-220-thread-1] exec.FileSinkOperator: FS[4]: records written - 2
2024-04-24T06:29:21,935  INFO [pool-220-thread-1] exec.FileSinkOperator: RECORDS_OUT_0:2, RECORDS_OUT_INTERMEDIATE:0, RECORDS_OUT_OPERATOR_FS_4:2, 
2024-04-24T06:29:21,935  INFO [pool-220-thread-1] mapred.Task: Task:attempt_local1139160243_0045_r_000000_0 is done. And is in the process of committing
2024-04-24T06:29:21,936  INFO [pool-220-thread-1] mapred.LocalJobRunner: reduce > reduce
2024-04-24T06:29:21,936  INFO [pool-220-thread-1] mapred.Task: Task 'attempt_local1139160243_0045_r_000000_0' done.
2024-04-24T06:29:21,936  INFO [pool-220-thread-1] mapred.Task: Final Counters for attempt_local1139160243_0045_r_000000_0: Counters: 29
	File System Counters
		FILE: Number of bytes read=974193
		FILE: Number of bytes written=53079248
		FILE: Number of read operations=0
		FILE: Number of large read operations=0
		FILE: Number of write operations=0
	Map-Reduce Framework
		Combine input records=0
		Combine output records=0
		Reduce input groups=2
		Reduce shuffle bytes=54
		Reduce input records=2
		Reduce output records=0
		Spilled Records=2
		Shuffled Maps =2
		Failed Shuffles=0
		Merged Map outputs=2
		GC time elapsed (ms)=0
		Total committed heap usage (bytes)=1248329728
	HIVE
		CREATED_FILES=1
		RECORDS_OUT_0=2
		RECORDS_OUT_INTERMEDIATE=0
		RECORDS_OUT_OPERATOR_FS_4=2
		RECORDS_OUT_OPERATOR_SEL_3=2
	Shuffle Errors
		BAD_ID=0
		CONNECTION=0
		IO_ERROR=0
		WRONG_LENGTH=0
		WRONG_MAP=0
		WRONG_REDUCE=0
	File Output Format Counters 
		Bytes Written=0
2024-04-24T06:29:21,936  INFO [pool-220-thread-1] mapred.LocalJobRunner: Finishing task: attempt_local1139160243_0045_r_000000_0
2024-04-24T06:29:21,936  INFO [Thread-3782] mapred.LocalJobRunner: reduce task executor complete.
2024-04-24 06:29:22,860 Stage-1 map = 100%,  reduce = 100%
2024-04-24T06:29:22,861  INFO [main] exec.Task: 2024-04-24 06:29:22,860 Stage-1 map = 100%,  reduce = 100%
Ended Job = job_local1139160243_0045
2024-04-24T06:29:22,861  INFO [main] exec.Task: Ended Job = job_local1139160243_0045
2024-04-24T06:29:22,863  INFO [main] metadata.Hive: Dumping metastore api call timing information for : execution phase
2024-04-24T06:29:22,863  INFO [main] metadata.Hive: Total time spent in each metastore function (ms): {}
MapReduce Jobs Launched: 
2024-04-24T06:29:22,863  INFO [main] ql.Driver: MapReduce Jobs Launched: 
Stage-Stage-1:  HDFS Read: 0 HDFS Write: 0 SUCCESS
2024-04-24T06:29:22,863  INFO [main] ql.Driver: Stage-Stage-1:  HDFS Read: 0 HDFS Write: 0 SUCCESS
Total MapReduce CPU Time Spent: 0 msec
2024-04-24T06:29:22,863  INFO [main] ql.Driver: Total MapReduce CPU Time Spent: 0 msec
2024-04-24T06:29:22,863  INFO [main] ql.Driver: Completed executing command(queryId=alex_20240424062921_839c17c5-026e-47b3-b6ec-bc24b7b573e7); Time taken: 1.267 seconds
2024-04-24T06:29:22,863  INFO [main] lockmgr.DbTxnManager: Stopped heartbeat for query: alex_20240424062921_839c17c5-026e-47b3-b6ec-bc24b7b573e7
2024-04-24T06:29:22,868  INFO [main] txn.TxnHandler: Expected to move at least one record from txn_components to completed_txn_components when committing txn! txnid:14
2024-04-24T06:29:22,875  INFO [main] txn.TxnHandler: Removed transactions: ([14]) from MIN_HISTORY_LEVEL
2024-04-24T06:29:22,875  WARN [main] txn.CompactionTxnHandler: No compaction queue record found for Compaction type transaction commit. txnId:14
2024-04-24T06:29:22,879  INFO [main] mapred.FileInputFormat: Total input files to process : 1
2024-04-24T06:29:22,879  INFO [main] exec.ListSinkOperator: Closing Operator: LIST_SINK[5]
2024-04-24T06:29:22,880  INFO [main] exec.ListSinkOperator: RECORDS_OUT_OPERATOR_LIST_SINK_5:2, RECORDS_OUT_INTERMEDIATE:0, 
2024-04-24T06:29:22,880  INFO [main] ql.TxnCommandsBaseForTests: Running the query: START TRANSACTION
2024-04-24T06:29:22,880  INFO [main] ql.Context: Deleting scratch dir: file:/home/alex/Repositories/hive/ql/target/tmp/localscratchdir/14641619-6468-42b0-b290-5d175e67bb33/hive_2024-04-24_06-29-21_464_8968118101117699446-1
2024-04-24T06:29:22,881  INFO [main] cleanup.SyncCleanupService: Deleted directory: file:/home/alex/Repositories/hive/ql/target/tmp/localscratchdir/14641619-6468-42b0-b290-5d175e67bb33/hive_2024-04-24_06-29-21_464_8968118101117699446-1 on fs with scheme file
2024-04-24T06:29:22,881  INFO [main] ql.Driver: Compiling command(queryId=alex_20240424062922_4c2a222e-1e93-4ba9-8b77-6861f24532e0): START TRANSACTION
2024-04-24T06:29:22,883  INFO [main] txn.TxnHandler: Added entries to MIN_HISTORY_LEVEL for current txns: ([15]) with min_open_txn: 15
2024-04-24T06:29:22,884  INFO [main] lockmgr.DbTxnManager: Opened txnid:15
2024-04-24T06:29:22,884  INFO [main] parse.CalcitePlanner: Starting caching scope for: 
2024-04-24T06:29:22,884  INFO [main] parse.CalcitePlanner: Starting Semantic Analysis
2024-04-24T06:29:22,884  INFO [main] parse.CalcitePlanner: Ending caching scope for: 
2024-04-24T06:29:22,884  INFO [main] ql.Driver: Semantic Analysis Completed (retrial = false)
2024-04-24T06:29:22,884  INFO [main] ql.Driver: Created Hive schema: Schema(fieldSchemas:null, properties:null)
2024-04-24T06:29:22,884  INFO [main] metadata.Hive: Dumping metastore api call timing information for : compilation phase
2024-04-24T06:29:22,885  INFO [main] metadata.Hive: Total time spent in each metastore function (ms): {openTxn_(String, TxnType)=3, getValidWriteIds_(List, String)=0, isCompatibleWith_(Configuration)=0, getValidTxns_(long)=0, commitTxn_(CommitTxnRequest)=12, flushCache_()=0}
2024-04-24T06:29:22,885  INFO [main] ql.Driver: Completed compiling command(queryId=alex_20240424062922_4c2a222e-1e93-4ba9-8b77-6861f24532e0); Time taken: 0.003 seconds
2024-04-24T06:29:22,885  INFO [main] lockmgr.DbTxnManager: Setting lock request transaction to txnid:15 for queryId=alex_20240424062922_4c2a222e-1e93-4ba9-8b77-6861f24532e0
2024-04-24T06:29:22,885  INFO [main] ql.Driver: Operation START_TRANSACTION obtained 0 locks
2024-04-24T06:29:22,885  INFO [main] ql.Driver: Executing command(queryId=alex_20240424062922_4c2a222e-1e93-4ba9-8b77-6861f24532e0): START TRANSACTION
2024-04-24T06:29:22,885  INFO [main] metadata.Hive: Dumping metastore api call timing information for : execution phase
2024-04-24T06:29:22,885  INFO [main] metadata.Hive: Total time spent in each metastore function (ms): {}
2024-04-24T06:29:22,885  INFO [main] ql.Driver: Completed executing command(queryId=alex_20240424062922_4c2a222e-1e93-4ba9-8b77-6861f24532e0); Time taken: 0.0 seconds
2024-04-24T06:29:22,885  INFO [main] ql.TxnCommandsBaseForTests: Running the query: insert into acidTbl(a,b)  values(5,6),(7,8)
2024-04-24T06:29:22,886  INFO [main] ql.Driver: Compiling command(queryId=alex_20240424062922_be8de1de-25a2-482d-98a0-0f3a6c586492): insert into acidTbl(a,b)  values(5,6),(7,8)
2024-04-24T06:29:22,886  INFO [main] parse.CalcitePlanner: Starting caching scope for: 
2024-04-24T06:29:22,886  INFO [main] parse.CalcitePlanner: Starting Semantic Analysis
2024-04-24T06:29:22,891  INFO [main] HiveMetaStore.audit: ugi=alex	ip=unknown-ip-addr	cmd=get_table : tbl=hive.default.acidTbl	
2024-04-24T06:29:22,898  INFO [main] metastore.HMSHandler: Skipping translation for processor with null
2024-04-24T06:29:22,898  INFO [main] parse.CalcitePlanner: Completed phase 1 of Semantic Analysis
2024-04-24T06:29:22,898  INFO [main] parse.CalcitePlanner: Get metadata for source tables
2024-04-24T06:29:22,898  INFO [main] parse.CalcitePlanner: Get metadata for subqueries
2024-04-24T06:29:22,898  INFO [main] parse.CalcitePlanner: Get metadata for destination tables
2024-04-24T06:29:22,898  INFO [main] HiveMetaStore.audit: ugi=alex	ip=unknown-ip-addr	cmd=get_table : tbl=hive.default.acidTbl	
2024-04-24T06:29:22,904  INFO [main] metastore.HMSHandler: Skipping translation for processor with null
2024-04-24T06:29:22,905  INFO [main] parse.CalcitePlanner: Completed getting MetaData in Semantic Analysis
2024-04-24T06:29:22,905  INFO [main] parse.CalcitePlanner: Disabling LLAP IO encode as ETL query is detected
2024-04-24T06:29:22,924  INFO [main] HiveMetaStore.audit: ugi=alex	ip=unknown-ip-addr	cmd=get_all_table_constraints : tbl=hive._dummy_database._dummy_table	
2024-04-24T06:29:22,970  INFO [main] parse.CalcitePlanner: Get metadata for source tables
2024-04-24T06:29:22,970  INFO [main] parse.CalcitePlanner: Get metadata for subqueries
2024-04-24T06:29:22,970  INFO [main] parse.CalcitePlanner: Get metadata for source tables
2024-04-24T06:29:22,971  INFO [main] HiveMetaStore.audit: ugi=alex	ip=unknown-ip-addr	cmd=get_table : tbl=hive._dummy_database._dummy_table	
2024-04-24T06:29:22,973  INFO [main] parse.CalcitePlanner: Get metadata for subqueries
2024-04-24T06:29:22,973  INFO [main] parse.CalcitePlanner: Get metadata for destination tables
2024-04-24T06:29:22,973  INFO [main] parse.CalcitePlanner: Get metadata for destination tables
2024-04-24T06:29:22,973  INFO [main] HiveMetaStore.audit: ugi=alex	ip=unknown-ip-addr	cmd=get_table : tbl=hive.default.acidTbl	
2024-04-24T06:29:22,979  INFO [main] metastore.HMSHandler: Skipping translation for processor with null
2024-04-24T06:29:22,980  INFO [main] HiveMetaStore.audit: ugi=alex	ip=unknown-ip-addr	cmd=get_not_null_constraints : tbl=hive.default.acidtbl	
2024-04-24T06:29:22,981  INFO [main] HiveMetaStore.audit: ugi=alex	ip=unknown-ip-addr	cmd=get_check_constraints : tbl=hive.default.acidtbl	
2024-04-24T06:29:22,988  INFO [main] txn.TxnHandler: Allocated writeId: 2 for txnId: 15
2024-04-24T06:29:22,988  INFO [main] txn.TxnHandler: Allocated write ids for dbName=default, tblName=acidtbl (txnIds: [15])
2024-04-24T06:29:22,989  INFO [main] parse.CalcitePlanner: CBO Succeeded; optimized logical plan.
2024-04-24T06:29:22,992  INFO [main] optimizer.ColumnPrunerProcFactory: RS 4 oldColExprMap: {KEY.reducesinkkey0=Column[_col0], VALUE._col0=Column[_col1]}
2024-04-24T06:29:22,992  INFO [main] optimizer.ColumnPrunerProcFactory: RS 4 newColExprMap: {VALUE._col0=Column[_col1], KEY.reducesinkkey0=Column[_col0]}
2024-04-24T06:29:22,993  INFO [main] optimizer.BucketVersionPopulator: not considering bucketingVersion for: TS[0] because it has -1<2 buckets 
2024-04-24T06:29:22,993  INFO [main] optimizer.SortedDynPartitionOptimizer: Sorted dynamic partitioning optimization kicked in..
2024-04-24T06:29:23,001  INFO [main] HiveMetaStore.audit: ugi=alex	ip=unknown-ip-addr	cmd=get_table : tbl=hive.default.acidtbl	
2024-04-24T06:29:23,007  INFO [main] metastore.HMSHandler: Skipping translation for processor with null
2024-04-24T06:29:23,007  INFO [main] parse.CalcitePlanner: Completed plan generation
2024-04-24T06:29:23,007  INFO [main] parse.CalcitePlanner: Ending caching scope for: 
2024-04-24T06:29:23,007  INFO [main] ql.Driver: Semantic Analysis Completed (retrial = false)
2024-04-24T06:29:23,007  INFO [main] ql.Driver: Created Hive schema: Schema(fieldSchemas:[FieldSchema(name:_col0, type:int, comment:null), FieldSchema(name:_col1, type:int, comment:null)], properties:null)
2024-04-24T06:29:23,008  INFO [main] metadata.Hive: Dumping metastore api call timing information for : compilation phase
2024-04-24T06:29:23,008  INFO [main] metadata.Hive: Total time spent in each metastore function (ms): {getValidWriteIds_(List, String)=6, isCompatibleWith_(Configuration)=0, getAllTableConstraints_(AllTableConstraintsRequest)=4, getCheckConstraints_(CheckConstraintsRequest)=1, allocateTableWriteId_(long, String, String)=7, getTable_(GetTableRequest)=25, flushCache_()=0, getNotNullConstraints_(NotNullConstraintsRequest)=1}
2024-04-24T06:29:23,008  INFO [main] ql.Driver: Completed compiling command(queryId=alex_20240424062922_be8de1de-25a2-482d-98a0-0f3a6c586492); Time taken: 0.121 seconds
2024-04-24T06:29:23,008  INFO [main] lockmgr.DbTxnManager: Setting lock request transaction to txnid:15 for queryId=alex_20240424062922_be8de1de-25a2-482d-98a0-0f3a6c586492
2024-04-24T06:29:23,008  INFO [main] lockmgr.DbLockManager: Requesting lock for queryId=alex_20240424062922_be8de1de-25a2-482d-98a0-0f3a6c586492
2024-04-24T06:29:23,023  INFO [main] lockmgr.DbLockManager: Response to queryId=alex_20240424062922_be8de1de-25a2-482d-98a0-0f3a6c586492 LockResponse(lockid:9, state:ACQUIRED)
2024-04-24T06:29:23,023  INFO [main] ql.Driver: Operation QUERY obtained 1 locks
2024-04-24T06:29:23,025  INFO [main] ql.Driver: Executing command(queryId=alex_20240424062922_be8de1de-25a2-482d-98a0-0f3a6c586492): insert into acidTbl(a,b)  values(5,6),(7,8)
2024-04-24T06:29:23,026  WARN [main] ql.Driver: Hive-on-MR is deprecated in Hive 2 and may not be available in the future versions. Consider using a different execution engine (i.e. spark, tez) or using Hive 1.X releases.
Query ID = alex_20240424062922_be8de1de-25a2-482d-98a0-0f3a6c586492
2024-04-24T06:29:23,026  INFO [main] ql.Driver: Query ID = alex_20240424062922_be8de1de-25a2-482d-98a0-0f3a6c586492
Total jobs = 1
2024-04-24T06:29:23,026  INFO [main] ql.Driver: Total jobs = 1
Launching Job 1 out of 1
2024-04-24T06:29:23,026  INFO [main] ql.Driver: Launching Job 1 out of 1
2024-04-24T06:29:23,149  INFO [main] ql.Driver: Starting task [Stage-1:MAPRED] in serial mode
Number of reduce tasks determined at compile time: 2
2024-04-24T06:29:23,149  INFO [main] exec.Task: Number of reduce tasks determined at compile time: 2
In order to change the average load for a reducer (in bytes):
2024-04-24T06:29:23,149  INFO [main] exec.Task: In order to change the average load for a reducer (in bytes):
  set hive.exec.reducers.bytes.per.reducer=<number>
2024-04-24T06:29:23,150  INFO [main] exec.Task:   set hive.exec.reducers.bytes.per.reducer=<number>
In order to limit the maximum number of reducers:
2024-04-24T06:29:23,150  INFO [main] exec.Task: In order to limit the maximum number of reducers:
  set hive.exec.reducers.max=<number>
2024-04-24T06:29:23,150  INFO [main] exec.Task:   set hive.exec.reducers.max=<number>
In order to set a constant number of reducers:
2024-04-24T06:29:23,150  INFO [main] exec.Task: In order to set a constant number of reducers:
  set mapreduce.job.reduces=<number>
2024-04-24T06:29:23,150  INFO [main] exec.Task:   set mapreduce.job.reduces=<number>
2024-04-24T06:29:23,152  INFO [main] mr.ExecDriver: Using org.apache.hadoop.hive.ql.io.HiveInputFormat
2024-04-24T06:29:23,152  INFO [main] exec.Utilities: Processing alias $hdt$_0:_dummy_table
2024-04-24T06:29:23,152  INFO [main] exec.Utilities: Adding 1 inputs; the first input is file:/home/alex/Repositories/hive/ql/target/tmp/localscratchdir/14641619-6468-42b0-b290-5d175e67bb33/hive_2024-04-24_06-29-22_886_5325717275518019334-1/dummy_path
2024-04-24T06:29:23,161  INFO [main] exec.SerializationUtilities: Serializing MapWork using kryo
2024-04-24T06:29:23,161  INFO [main] exec.Utilities: Serialized plan (via FILE) - name: null size: 4,99KB
2024-04-24T06:29:23,166  INFO [main] exec.SerializationUtilities: Serializing ReduceWork using kryo
2024-04-24T06:29:23,166  INFO [main] exec.Utilities: Serialized plan (via FILE) - name: null size: 5,92KB
2024-04-24T06:29:23,167  WARN [main] impl.MetricsSystemImpl: JobTracker metrics system already initialized!
2024-04-24T06:29:23,171  INFO [main] fs.FSStatsPublisher: created : file:/home/alex/Repositories/hive/ql/target/tmp/localscratchdir/14641619-6468-42b0-b290-5d175e67bb33/hive_2024-04-24_06-29-22_886_5325717275518019334-1/-mr-10000
2024-04-24T06:29:23,172  WARN [main] impl.MetricsSystemImpl: JobTracker metrics system already initialized!
2024-04-24T06:29:23,179  WARN [main] mapreduce.JobResourceUploader: Hadoop command-line option parsing not performed. Implement the Tool interface and execute your application with ToolRunner to remedy this.
2024-04-24T06:29:23,184  WARN [main] mapreduce.JobResourceUploader: No job jar file set.  User classes may not be found. See Job or Job#setJar(String).
2024-04-24T06:29:23,185  INFO [main] io.HiveInputFormat: hive.io.file.readcolumn.ids = 
2024-04-24T06:29:23,185  INFO [main] io.HiveInputFormat: hive.io.file.readcolumn.names = 
2024-04-24T06:29:23,185  INFO [main] io.HiveInputFormat: Generating splits for dirs: file:/home/alex/Repositories/hive/ql/target/tmp/localscratchdir/14641619-6468-42b0-b290-5d175e67bb33/hive_2024-04-24_06-29-22_886_5325717275518019334-1/dummy_path
2024-04-24T06:29:23,185  INFO [main] io.HiveInputFormat: number of splits 1
2024-04-24T06:29:23,202  INFO [main] mapreduce.JobSubmitter: number of splits:1
2024-04-24T06:29:23,220  INFO [main] mapreduce.JobSubmitter: Submitting tokens for job: job_local1401590831_0046
2024-04-24T06:29:23,220  INFO [main] mapreduce.JobSubmitter: Executing with tokens: []
2024-04-24T06:29:23,276  INFO [main] mapreduce.Job: The url to track the job: http://localhost:8080/
Job running in-process (local Hadoop)
2024-04-24T06:29:23,277  INFO [main] exec.Task: Job running in-process (local Hadoop)
2024-04-24T06:29:23,277  INFO [Thread-3835] mapred.LocalJobRunner: OutputCommitter set in config org.apache.hadoop.hive.ql.io.HiveFileFormatUtils$NullOutputCommitter
2024-04-24T06:29:23,277  INFO [Thread-3835] mapred.LocalJobRunner: OutputCommitter is org.apache.hadoop.hive.ql.io.HiveFileFormatUtils$NullOutputCommitter
2024-04-24T06:29:23,278  INFO [Thread-3835] mapred.LocalJobRunner: Waiting for map tasks
2024-04-24T06:29:23,278  INFO [LocalJobRunner Map Task Executor #0] mapred.LocalJobRunner: Starting task: attempt_local1401590831_0046_m_000000_0
2024-04-24T06:29:23,279  INFO [LocalJobRunner Map Task Executor #0] mapred.Task:  Using ResourceCalculatorProcessTree : [ ]
2024-04-24T06:29:23,279  INFO [LocalJobRunner Map Task Executor #0] mapred.MapTask: Processing split: org.apache.hadoop.hive.ql.io.NullRowsInputFormat:file:/home/alex/Repositories/hive/ql/target/tmp/localscratchdir/14641619-6468-42b0-b290-5d175e67bb33/hive_2024-04-24_06-29-22_886_5325717275518019334-1/dummy_path/null:0+1
2024-04-24T06:29:23,280  INFO [LocalJobRunner Map Task Executor #0] exec.SerializationUtilities: Deserializing MapWork using kryo
2024-04-24T06:29:23,280  INFO [LocalJobRunner Map Task Executor #0] exec.Utilities: Deserialized plan (via FILE) - name: null size: 4,99KB
2024-04-24T06:29:23,281  INFO [LocalJobRunner Map Task Executor #0] mapred.MapTask: numReduceTasks: 2
2024-04-24T06:29:23,296  INFO [LocalJobRunner Map Task Executor #0] mapred.MapTask: (EQUATOR) 0 kvi 26214396(104857584)
2024-04-24T06:29:23,296  INFO [LocalJobRunner Map Task Executor #0] mapred.MapTask: mapreduce.task.io.sort.mb: 100
2024-04-24T06:29:23,296  INFO [LocalJobRunner Map Task Executor #0] mapred.MapTask: soft limit at 83886080
2024-04-24T06:29:23,296  INFO [LocalJobRunner Map Task Executor #0] mapred.MapTask: bufstart = 0; bufvoid = 104857600
2024-04-24T06:29:23,296  INFO [LocalJobRunner Map Task Executor #0] mapred.MapTask: kvstart = 26214396; length = 6553600
2024-04-24T06:29:23,297  INFO [LocalJobRunner Map Task Executor #0] mapred.MapTask: Map output collector class = org.apache.hadoop.mapred.MapTask$MapOutputBuffer
2024-04-24T06:29:23,297  INFO [LocalJobRunner Map Task Executor #0] exec.MapOperator: Initializing Operator: MAP[0]
2024-04-24T06:29:23,297  INFO [LocalJobRunner Map Task Executor #0] mr.ExecMapper: 
<MAP>Id =0
  <Children>null
  <\Children>
  <Parent><\Parent>
<\MAP>
2024-04-24T06:29:23,298  INFO [LocalJobRunner Map Task Executor #0] exec.TableScanOperator: Initializing Operator: TS[0]
2024-04-24T06:29:23,298  INFO [LocalJobRunner Map Task Executor #0] exec.SelectOperator: Initializing Operator: SEL[1]
2024-04-24T06:29:23,298  INFO [LocalJobRunner Map Task Executor #0] exec.SelectOperator: SELECT null
2024-04-24T06:29:23,298  INFO [LocalJobRunner Map Task Executor #0] exec.UDTFOperator: Initializing Operator: UDTF[2]
2024-04-24T06:29:23,298  INFO [LocalJobRunner Map Task Executor #0] exec.SelectOperator: Initializing Operator: SEL[3]
2024-04-24T06:29:23,298  INFO [LocalJobRunner Map Task Executor #0] exec.SelectOperator: SELECT struct<col1:int,col2:int>
2024-04-24T06:29:23,298  INFO [LocalJobRunner Map Task Executor #0] exec.ReduceSinkOperator: Initializing Operator: RS[4]
2024-04-24T06:29:23,298  INFO [LocalJobRunner Map Task Executor #0] exec.ReduceSinkOperator: Using tag = -1
2024-04-24T06:29:23,298  INFO [LocalJobRunner Map Task Executor #0] exec.ReduceSinkOperator: keys are [reducesinkkey0] num distributions: 1
2024-04-24T06:29:23,299  INFO [LocalJobRunner Map Task Executor #0] exec.ReduceSinkOperator: RS[4]: records written - 1
2024-04-24T06:29:23,299  INFO [LocalJobRunner Map Task Executor #0] exec.MapOperator: MAP[0]: records read - 1
2024-04-24T06:29:23,299  INFO [LocalJobRunner Map Task Executor #0] exec.MapOperator: Closing Operator: MAP[0]
2024-04-24T06:29:23,299  INFO [LocalJobRunner Map Task Executor #0] exec.MapOperator: MAP[0]: Total records read - 3. abort - false
2024-04-24T06:29:23,299  INFO [LocalJobRunner Map Task Executor #0] exec.MapOperator: RECORDS_OUT_OPERATOR_MAP_0:0, RECORDS_OUT_INTERMEDIATE:0, DESERIALIZE_ERRORS:0, RECORDS_IN:3, 
2024-04-24T06:29:23,299  INFO [LocalJobRunner Map Task Executor #0] exec.TableScanOperator: Closing Operator: TS[0]
2024-04-24T06:29:23,299  INFO [LocalJobRunner Map Task Executor #0] exec.TableScanOperator: RECORDS_OUT_INTERMEDIATE:0, RECORDS_OUT_OPERATOR_TS_0:1, 
2024-04-24T06:29:23,299  INFO [LocalJobRunner Map Task Executor #0] exec.SelectOperator: Closing Operator: SEL[1]
2024-04-24T06:29:23,299  INFO [LocalJobRunner Map Task Executor #0] exec.SelectOperator: RECORDS_OUT_INTERMEDIATE:0, RECORDS_OUT_OPERATOR_SEL_1:1, 
2024-04-24T06:29:23,299  INFO [LocalJobRunner Map Task Executor #0] exec.UDTFOperator: Closing Operator: UDTF[2]
2024-04-24T06:29:23,299  INFO [LocalJobRunner Map Task Executor #0] exec.UDTFOperator: RECORDS_OUT_OPERATOR_UDTF_2:2, RECORDS_OUT_INTERMEDIATE:0, 
2024-04-24T06:29:23,299  INFO [LocalJobRunner Map Task Executor #0] exec.SelectOperator: Closing Operator: SEL[3]
2024-04-24T06:29:23,299  INFO [LocalJobRunner Map Task Executor #0] exec.SelectOperator: RECORDS_OUT_INTERMEDIATE:0, RECORDS_OUT_OPERATOR_SEL_3:2, 
2024-04-24T06:29:23,299  INFO [LocalJobRunner Map Task Executor #0] exec.ReduceSinkOperator: Closing Operator: RS[4]
2024-04-24T06:29:23,299  INFO [LocalJobRunner Map Task Executor #0] exec.ReduceSinkOperator: RS[4]: Total records written - 2. abort - false
2024-04-24T06:29:23,299  INFO [LocalJobRunner Map Task Executor #0] exec.ReduceSinkOperator: RECORDS_OUT_INTERMEDIATE:2, RECORDS_OUT_OPERATOR_RS_4:2, 
2024-04-24T06:29:23,300  INFO [LocalJobRunner Map Task Executor #0] mapred.LocalJobRunner: 
2024-04-24T06:29:23,300  INFO [LocalJobRunner Map Task Executor #0] mapred.MapTask: Starting flush of map output
2024-04-24T06:29:23,300  INFO [LocalJobRunner Map Task Executor #0] mapred.MapTask: Spilling map output
2024-04-24T06:29:23,300  INFO [LocalJobRunner Map Task Executor #0] mapred.MapTask: bufstart = 0; bufend = 32; bufvoid = 104857600
2024-04-24T06:29:23,300  INFO [LocalJobRunner Map Task Executor #0] mapred.MapTask: kvstart = 26214396(104857584); kvend = 26214392(104857568); length = 5/6553600
2024-04-24T06:29:23,310  INFO [LocalJobRunner Map Task Executor #0] mapred.MapTask: Finished spill 0
2024-04-24T06:29:23,313  INFO [LocalJobRunner Map Task Executor #0] mapred.Task: Task:attempt_local1401590831_0046_m_000000_0 is done. And is in the process of committing
2024-04-24T06:29:23,313  INFO [LocalJobRunner Map Task Executor #0] mapred.LocalJobRunner: map
2024-04-24T06:29:23,313  INFO [LocalJobRunner Map Task Executor #0] mapred.Task: Task 'attempt_local1401590831_0046_m_000000_0' done.
2024-04-24T06:29:23,313  INFO [LocalJobRunner Map Task Executor #0] mapred.Task: Final Counters for attempt_local1401590831_0046_m_000000_0: Counters: 26
	File System Counters
		FILE: Number of bytes read=979768
		FILE: Number of bytes written=54259316
		FILE: Number of read operations=0
		FILE: Number of large read operations=0
		FILE: Number of write operations=0
	Map-Reduce Framework
		Map input records=4
		Map output records=2
		Map output bytes=32
		Map output materialized bytes=48
		Input split bytes=361
		Combine input records=0
		Spilled Records=2
		Failed Shuffles=0
		Merged Map outputs=0
		GC time elapsed (ms)=11
		Total committed heap usage (bytes)=1249902592
	HIVE
		DESERIALIZE_ERRORS=0
		RECORDS_IN=3
		RECORDS_OUT_INTERMEDIATE=2
		RECORDS_OUT_OPERATOR_MAP_0=0
		RECORDS_OUT_OPERATOR_RS_4=2
		RECORDS_OUT_OPERATOR_SEL_1=1
		RECORDS_OUT_OPERATOR_SEL_3=2
		RECORDS_OUT_OPERATOR_TS_0=1
		RECORDS_OUT_OPERATOR_UDTF_2=2
	File Input Format Counters 
		Bytes Read=5039
2024-04-24T06:29:23,313  INFO [LocalJobRunner Map Task Executor #0] mapred.LocalJobRunner: Finishing task: attempt_local1401590831_0046_m_000000_0
2024-04-24T06:29:23,314  INFO [Thread-3835] mapred.LocalJobRunner: map task executor complete.
2024-04-24T06:29:23,315  INFO [Thread-3835] mapred.LocalJobRunner: Waiting for reduce tasks
2024-04-24T06:29:23,315  INFO [pool-223-thread-1] mapred.LocalJobRunner: Starting task: attempt_local1401590831_0046_r_000000_0
2024-04-24T06:29:23,315  INFO [pool-223-thread-1] mapred.Task:  Using ResourceCalculatorProcessTree : [ ]
2024-04-24T06:29:23,315  INFO [pool-223-thread-1] mapred.ReduceTask: Using ShuffleConsumerPlugin: org.apache.hadoop.mapreduce.task.reduce.Shuffle@6a5fcbda
2024-04-24T06:29:23,315  WARN [pool-223-thread-1] impl.MetricsSystemImpl: JobTracker metrics system already initialized!
2024-04-24T06:29:23,316  INFO [pool-223-thread-1] reduce.MergeManagerImpl: MergerManager: memoryLimit=1336252800, maxSingleShuffleLimit=334063200, mergeThreshold=881926912, ioSortFactor=10, memToMemMergeOutputsThreshold=10
2024-04-24T06:29:23,316  INFO [EventFetcher for fetching Map Completion Events] reduce.EventFetcher: attempt_local1401590831_0046_r_000000_0 Thread started: EventFetcher for fetching Map Completion Events
2024-04-24T06:29:23,317  INFO [localfetcher#66] reduce.LocalFetcher: localfetcher#66 about to shuffle output of map attempt_local1401590831_0046_m_000000_0 decomp: 20 len: 24 to MEMORY
2024-04-24T06:29:23,317  INFO [localfetcher#66] reduce.InMemoryMapOutput: Read 20 bytes from map-output for attempt_local1401590831_0046_m_000000_0
2024-04-24T06:29:23,317  INFO [localfetcher#66] reduce.MergeManagerImpl: closeInMemoryFile -> map-output of size: 20, inMemoryMapOutputs.size() -> 1, commitMemory -> 0, usedMemory ->20
2024-04-24T06:29:23,318  INFO [EventFetcher for fetching Map Completion Events] reduce.EventFetcher: EventFetcher is interrupted.. Returning
2024-04-24T06:29:23,318  INFO [pool-223-thread-1] mapred.LocalJobRunner: 1 / 1 copied.
2024-04-24T06:29:23,318  INFO [pool-223-thread-1] reduce.MergeManagerImpl: finalMerge called with 1 in-memory map-outputs and 0 on-disk map-outputs
2024-04-24T06:29:23,325  INFO [pool-223-thread-1] mapred.Merger: Merging 1 sorted segments
2024-04-24T06:29:23,326  INFO [pool-223-thread-1] mapred.Merger: Down to the last merge-pass, with 1 segments left of total size: 8 bytes
2024-04-24T06:29:23,333  INFO [pool-223-thread-1] reduce.MergeManagerImpl: Merged 1 segments, 20 bytes to disk to satisfy reduce memory limit
2024-04-24T06:29:23,333  INFO [pool-223-thread-1] reduce.MergeManagerImpl: Merging 1 files, 24 bytes from disk
2024-04-24T06:29:23,333  INFO [pool-223-thread-1] reduce.MergeManagerImpl: Merging 0 segments, 0 bytes from memory into reduce
2024-04-24T06:29:23,333  INFO [pool-223-thread-1] mapred.Merger: Merging 1 sorted segments
2024-04-24T06:29:23,334  INFO [pool-223-thread-1] mapred.Merger: Down to the last merge-pass, with 1 segments left of total size: 8 bytes
2024-04-24T06:29:23,334  INFO [pool-223-thread-1] mapred.LocalJobRunner: 1 / 1 copied.
2024-04-24T06:29:23,335  INFO [pool-223-thread-1] exec.SerializationUtilities: Deserializing ReduceWork using kryo
2024-04-24T06:29:23,336  INFO [pool-223-thread-1] exec.Utilities: Deserialized plan (via FILE) - name: null size: 5,92KB
2024-04-24T06:29:23,338  INFO [pool-223-thread-1] ExecReducer: 
<SEL>Id =5
  <Children>
    <FS>Id =6
      <Children>
      <\Children>
      <Parent>Id = 5 null<\Parent>
    <\FS>
  <\Children>
  <Parent><\Parent>
<\SEL>
2024-04-24T06:29:23,338  INFO [pool-223-thread-1] exec.SelectOperator: Initializing Operator: SEL[5]
2024-04-24T06:29:23,338  INFO [pool-223-thread-1] exec.SelectOperator: SELECT struct<key:struct<reducesinkkey0:int>,value:struct<_col0:int>>
2024-04-24T06:29:23,339  INFO [pool-223-thread-1] exec.FileSinkOperator: Initializing Operator: FS[6]
2024-04-24T06:29:23,339  INFO [pool-223-thread-1] exec.FileSinkOperator: Using serializer : AbstractSerDe [log=org.apache.logging.slf4j.Log4jLogger@3c370966, configuration=Optional[Configuration: core-default.xml, core-site.xml, mapred-default.xml, mapred-site.xml, yarn-default.xml, yarn-site.xml, hdfs-default.xml, hdfs-site.xml, file:/home/alex/Repositories/hive/ql/target/tmp/TestTxnCommands/mapred/local/localRunner/alex/job_local1401590831_0046/job_local1401590831_0046.xml], properties={transactional_properties=default, name=default.acidtbl, transactional=true, columns.types=int:int, bucket_field_name=a, columns=a,b, numFilesErasureCoded=0, columns.comments=&amp#0;, bucketing_version=2, bucket_count=2, serialization.lib=org.apache.hadoop.hive.ql.io.orc.OrcSerde, file.inputformat=org.apache.hadoop.hive.ql.io.orc.OrcInputFormat, file.outputformat=org.apache.hadoop.hive.ql.io.orc.OrcOutputFormat, location=file:/home/alex/Repositories/hive/ql/target/tmp/org.apache.hadoop.hive.ql.TestTxnCommands-1713965238357/warehouse/acidtbl, column.name.delimiter=,}, tableProperties={transactional_properties=default, name=default.acidtbl, transactional=true, columns.types=int:int, bucket_field_name=a, columns=a,b, numFilesErasureCoded=0, columns.comments=&amp#0;, bucketing_version=2, bucket_count=2, serialization.lib=org.apache.hadoop.hive.ql.io.orc.OrcSerde, file.inputformat=org.apache.hadoop.hive.ql.io.orc.OrcInputFormat, location=file:/home/alex/Repositories/hive/ql/target/tmp/org.apache.hadoop.hive.ql.TestTxnCommands-1713965238357/warehouse/acidtbl, file.outputformat=org.apache.hadoop.hive.ql.io.orc.OrcOutputFormat, column.name.delimiter=,}, partitionProperties=Optional.empty, columnNames=[a, b], columnTypes=[int, int], getClass()=class org.apache.hadoop.hive.ql.io.orc.OrcSerde] and formatter : org.apache.hadoop.hive.ql.io.orc.OrcOutputFormat@52316d10
2024-04-24T06:29:23,341  INFO [pool-223-thread-1] exec.FileSinkOperator: Final Path: FS file:/home/alex/Repositories/hive/ql/target/tmp/org.apache.hadoop.hive.ql.TestTxnCommands-1713965238357/warehouse/acidtbl
2024-04-24T06:29:23,341  INFO [pool-223-thread-1] exec.FileSinkOperator: New Final Path: FS file:/home/alex/Repositories/hive/ql/target/tmp/org.apache.hadoop.hive.ql.TestTxnCommands-1713965238357/warehouse/acidtbl
2024-04-24T06:29:23,341  INFO [pool-223-thread-1] common.FileUtils: Creating directory if it doesn't exist: file:/home/alex/Repositories/hive/ql/target/tmp/org.apache.hadoop.hive.ql.TestTxnCommands-1713965238357/warehouse
2024-04-24T06:29:23,342  INFO [pool-223-thread-1] exec.FileSinkOperator: FS[6]: records written - 1
2024-04-24T06:29:23,342  INFO [pool-223-thread-1] impl.PhysicalFsWriter: ORC writer created for path: file:/home/alex/Repositories/hive/ql/target/tmp/org.apache.hadoop.hive.ql.TestTxnCommands-1713965238357/warehouse/acidtbl/delta_0000002_0000002_0000/bucket_00000_0 with stripeSize: 8388608 blockSize: 268435456 compression: Compress: ZLIB buffer: 32768
2024-04-24T06:29:23,362  INFO [pool-223-thread-1] impl.WriterImpl: ORC writer created for path: file:/home/alex/Repositories/hive/ql/target/tmp/org.apache.hadoop.hive.ql.TestTxnCommands-1713965238357/warehouse/acidtbl/delta_0000002_0000002_0000/bucket_00000_0 with stripeSize: 8388608 options: Compress: ZLIB buffer: 32768
2024-04-24T06:29:23,376  INFO [pool-223-thread-1] exec.SelectOperator: Closing Operator: SEL[5]
2024-04-24T06:29:23,376  INFO [pool-223-thread-1] exec.SelectOperator: RECORDS_OUT_OPERATOR_SEL_5:1, RECORDS_OUT_INTERMEDIATE:0, 
2024-04-24T06:29:23,376  INFO [pool-223-thread-1] exec.FileSinkOperator: Closing Operator: FS[6]
2024-04-24T06:29:23,376  INFO [pool-223-thread-1] exec.FileSinkOperator: FS[6]: records written - 1
2024-04-24T06:29:23,380  INFO [pool-223-thread-1] FileOperations: Writing manifest to file:/home/alex/Repositories/hive/ql/target/tmp/org.apache.hadoop.hive.ql.TestTxnCommands-1713965238357/warehouse/acidtbl/_tmp.delta_0000002_0000002_0000/000000_0.manifest with [file:/home/alex/Repositories/hive/ql/target/tmp/org.apache.hadoop.hive.ql.TestTxnCommands-1713965238357/warehouse/acidtbl/delta_0000002_0000002_0000/bucket_00000_0]
2024-04-24T06:29:23,416  INFO [pool-223-thread-1] exec.FileSinkOperator: TOTAL_TABLE_ROWS_WRITTEN:1, RECORDS_OUT_1_default.acidtbl:1, RECORDS_OUT_INTERMEDIATE:0, RECORDS_OUT_OPERATOR_FS_6:1, 
2024-04-24T06:29:23,417  INFO [pool-223-thread-1] mapred.Task: Task:attempt_local1401590831_0046_r_000000_0 is done. And is in the process of committing
2024-04-24T06:29:23,418  INFO [pool-223-thread-1] mapred.LocalJobRunner: reduce > reduce
2024-04-24T06:29:23,418  INFO [pool-223-thread-1] mapred.Task: Task 'attempt_local1401590831_0046_r_000000_0' done.
2024-04-24T06:29:23,418  INFO [pool-223-thread-1] mapred.Task: Final Counters for attempt_local1401590831_0046_r_000000_0: Counters: 30
	File System Counters
		FILE: Number of bytes read=985873
		FILE: Number of bytes written=54260356
		FILE: Number of read operations=0
		FILE: Number of large read operations=0
		FILE: Number of write operations=0
	Map-Reduce Framework
		Combine input records=0
		Combine output records=0
		Reduce input groups=1
		Reduce shuffle bytes=24
		Reduce input records=1
		Reduce output records=0
		Spilled Records=1
		Shuffled Maps =1
		Failed Shuffles=0
		Merged Map outputs=1
		GC time elapsed (ms)=0
		Total committed heap usage (bytes)=1249902592
	HIVE
		CREATED_FILES=1
		RECORDS_OUT_1_default.acidtbl=1
		RECORDS_OUT_INTERMEDIATE=0
		RECORDS_OUT_OPERATOR_FS_6=1
		RECORDS_OUT_OPERATOR_SEL_5=1
		TOTAL_TABLE_ROWS_WRITTEN=1
	Shuffle Errors
		BAD_ID=0
		CONNECTION=0
		IO_ERROR=0
		WRONG_LENGTH=0
		WRONG_MAP=0
		WRONG_REDUCE=0
	File Output Format Counters 
		Bytes Written=0
2024-04-24T06:29:23,418  INFO [pool-223-thread-1] mapred.LocalJobRunner: Finishing task: attempt_local1401590831_0046_r_000000_0
2024-04-24T06:29:23,418  INFO [pool-223-thread-1] mapred.LocalJobRunner: Starting task: attempt_local1401590831_0046_r_000001_0
2024-04-24T06:29:23,419  INFO [pool-223-thread-1] mapred.Task:  Using ResourceCalculatorProcessTree : [ ]
2024-04-24T06:29:23,420  INFO [pool-223-thread-1] mapred.ReduceTask: Using ShuffleConsumerPlugin: org.apache.hadoop.mapreduce.task.reduce.Shuffle@4064468c
2024-04-24T06:29:23,420  WARN [pool-223-thread-1] impl.MetricsSystemImpl: JobTracker metrics system already initialized!
2024-04-24T06:29:23,422  INFO [pool-223-thread-1] reduce.MergeManagerImpl: MergerManager: memoryLimit=1336252800, maxSingleShuffleLimit=334063200, mergeThreshold=881926912, ioSortFactor=10, memToMemMergeOutputsThreshold=10
2024-04-24T06:29:23,424  INFO [EventFetcher for fetching Map Completion Events] reduce.EventFetcher: attempt_local1401590831_0046_r_000001_0 Thread started: EventFetcher for fetching Map Completion Events
2024-04-24T06:29:23,429  INFO [localfetcher#67] reduce.LocalFetcher: localfetcher#67 about to shuffle output of map attempt_local1401590831_0046_m_000000_0 decomp: 20 len: 24 to MEMORY
2024-04-24T06:29:23,429  INFO [localfetcher#67] reduce.InMemoryMapOutput: Read 20 bytes from map-output for attempt_local1401590831_0046_m_000000_0
2024-04-24T06:29:23,429  INFO [localfetcher#67] reduce.MergeManagerImpl: closeInMemoryFile -> map-output of size: 20, inMemoryMapOutputs.size() -> 1, commitMemory -> 0, usedMemory ->20
2024-04-24T06:29:23,430  INFO [EventFetcher for fetching Map Completion Events] reduce.EventFetcher: EventFetcher is interrupted.. Returning
2024-04-24T06:29:23,431  INFO [pool-223-thread-1] mapred.LocalJobRunner: 1 / 1 copied.
2024-04-24T06:29:23,431  INFO [pool-223-thread-1] reduce.MergeManagerImpl: finalMerge called with 1 in-memory map-outputs and 0 on-disk map-outputs
2024-04-24T06:29:23,445  INFO [pool-223-thread-1] mapred.Merger: Merging 1 sorted segments
2024-04-24T06:29:23,445  INFO [pool-223-thread-1] mapred.Merger: Down to the last merge-pass, with 1 segments left of total size: 8 bytes
2024-04-24T06:29:23,452  INFO [pool-223-thread-1] reduce.MergeManagerImpl: Merged 1 segments, 20 bytes to disk to satisfy reduce memory limit
2024-04-24T06:29:23,452  INFO [pool-223-thread-1] reduce.MergeManagerImpl: Merging 1 files, 24 bytes from disk
2024-04-24T06:29:23,452  INFO [pool-223-thread-1] reduce.MergeManagerImpl: Merging 0 segments, 0 bytes from memory into reduce
2024-04-24T06:29:23,453  INFO [pool-223-thread-1] mapred.Merger: Merging 1 sorted segments
2024-04-24T06:29:23,453  INFO [pool-223-thread-1] mapred.Merger: Down to the last merge-pass, with 1 segments left of total size: 8 bytes
2024-04-24T06:29:23,453  INFO [pool-223-thread-1] mapred.LocalJobRunner: 1 / 1 copied.
2024-04-24T06:29:23,454  INFO [pool-223-thread-1] exec.SerializationUtilities: Deserializing ReduceWork using kryo
2024-04-24T06:29:23,455  INFO [pool-223-thread-1] exec.Utilities: Deserialized plan (via FILE) - name: null size: 5,92KB
2024-04-24T06:29:23,457  INFO [pool-223-thread-1] ExecReducer: 
<SEL>Id =5
  <Children>
    <FS>Id =6
      <Children>
      <\Children>
      <Parent>Id = 5 null<\Parent>
    <\FS>
  <\Children>
  <Parent><\Parent>
<\SEL>
2024-04-24T06:29:23,457  INFO [pool-223-thread-1] exec.SelectOperator: Initializing Operator: SEL[5]
2024-04-24T06:29:23,457  INFO [pool-223-thread-1] exec.SelectOperator: SELECT struct<key:struct<reducesinkkey0:int>,value:struct<_col0:int>>
2024-04-24T06:29:23,457  INFO [pool-223-thread-1] exec.FileSinkOperator: Initializing Operator: FS[6]
2024-04-24T06:29:23,458  INFO [pool-223-thread-1] exec.FileSinkOperator: Using serializer : AbstractSerDe [log=org.apache.logging.slf4j.Log4jLogger@3c370966, configuration=Optional[Configuration: core-default.xml, core-site.xml, mapred-default.xml, mapred-site.xml, yarn-default.xml, yarn-site.xml, hdfs-default.xml, hdfs-site.xml, file:/home/alex/Repositories/hive/ql/target/tmp/TestTxnCommands/mapred/local/localRunner/alex/job_local1401590831_0046/job_local1401590831_0046.xml], properties={transactional_properties=default, name=default.acidtbl, transactional=true, columns.types=int:int, bucket_field_name=a, columns=a,b, numFilesErasureCoded=0, columns.comments=&amp#0;, bucketing_version=2, bucket_count=2, serialization.lib=org.apache.hadoop.hive.ql.io.orc.OrcSerde, file.inputformat=org.apache.hadoop.hive.ql.io.orc.OrcInputFormat, file.outputformat=org.apache.hadoop.hive.ql.io.orc.OrcOutputFormat, location=file:/home/alex/Repositories/hive/ql/target/tmp/org.apache.hadoop.hive.ql.TestTxnCommands-1713965238357/warehouse/acidtbl, column.name.delimiter=,}, tableProperties={transactional_properties=default, name=default.acidtbl, transactional=true, columns.types=int:int, bucket_field_name=a, columns=a,b, numFilesErasureCoded=0, columns.comments=&amp#0;, bucketing_version=2, bucket_count=2, serialization.lib=org.apache.hadoop.hive.ql.io.orc.OrcSerde, file.inputformat=org.apache.hadoop.hive.ql.io.orc.OrcInputFormat, location=file:/home/alex/Repositories/hive/ql/target/tmp/org.apache.hadoop.hive.ql.TestTxnCommands-1713965238357/warehouse/acidtbl, file.outputformat=org.apache.hadoop.hive.ql.io.orc.OrcOutputFormat, column.name.delimiter=,}, partitionProperties=Optional.empty, columnNames=[a, b], columnTypes=[int, int], getClass()=class org.apache.hadoop.hive.ql.io.orc.OrcSerde] and formatter : org.apache.hadoop.hive.ql.io.orc.OrcOutputFormat@6ffe43d6
2024-04-24T06:29:23,460  INFO [pool-223-thread-1] exec.FileSinkOperator: Final Path: FS file:/home/alex/Repositories/hive/ql/target/tmp/org.apache.hadoop.hive.ql.TestTxnCommands-1713965238357/warehouse/acidtbl
2024-04-24T06:29:23,460  INFO [pool-223-thread-1] exec.FileSinkOperator: New Final Path: FS file:/home/alex/Repositories/hive/ql/target/tmp/org.apache.hadoop.hive.ql.TestTxnCommands-1713965238357/warehouse/acidtbl
2024-04-24T06:29:23,460  INFO [pool-223-thread-1] common.FileUtils: Creating directory if it doesn't exist: file:/home/alex/Repositories/hive/ql/target/tmp/org.apache.hadoop.hive.ql.TestTxnCommands-1713965238357/warehouse
2024-04-24T06:29:23,461  INFO [pool-223-thread-1] exec.FileSinkOperator: FS[6]: records written - 1
2024-04-24T06:29:23,461  INFO [pool-223-thread-1] impl.PhysicalFsWriter: ORC writer created for path: file:/home/alex/Repositories/hive/ql/target/tmp/org.apache.hadoop.hive.ql.TestTxnCommands-1713965238357/warehouse/acidtbl/delta_0000002_0000002_0000/bucket_00001_0 with stripeSize: 8388608 blockSize: 268435456 compression: Compress: ZLIB buffer: 32768
2024-04-24T06:29:23,475  INFO [pool-223-thread-1] impl.WriterImpl: ORC writer created for path: file:/home/alex/Repositories/hive/ql/target/tmp/org.apache.hadoop.hive.ql.TestTxnCommands-1713965238357/warehouse/acidtbl/delta_0000002_0000002_0000/bucket_00001_0 with stripeSize: 8388608 options: Compress: ZLIB buffer: 32768
2024-04-24T06:29:23,475  INFO [pool-223-thread-1] exec.SelectOperator: Closing Operator: SEL[5]
2024-04-24T06:29:23,476  INFO [pool-223-thread-1] exec.SelectOperator: RECORDS_OUT_INTERMEDIATE:0, RECORDS_OUT_OPERATOR_SEL_5:1, 
2024-04-24T06:29:23,476  INFO [pool-223-thread-1] exec.FileSinkOperator: Closing Operator: FS[6]
2024-04-24T06:29:23,476  INFO [pool-223-thread-1] exec.FileSinkOperator: FS[6]: records written - 1
2024-04-24T06:29:23,479  INFO [pool-223-thread-1] FileOperations: Writing manifest to file:/home/alex/Repositories/hive/ql/target/tmp/org.apache.hadoop.hive.ql.TestTxnCommands-1713965238357/warehouse/acidtbl/_tmp.delta_0000002_0000002_0000/000001_0.manifest with [file:/home/alex/Repositories/hive/ql/target/tmp/org.apache.hadoop.hive.ql.TestTxnCommands-1713965238357/warehouse/acidtbl/delta_0000002_0000002_0000/bucket_00001_0]
2024-04-24T06:29:23,508  INFO [pool-223-thread-1] exec.FileSinkOperator: RECORDS_OUT_1_default.acidtbl:1, RECORDS_OUT_OPERATOR_FS_6:1, TOTAL_TABLE_ROWS_WRITTEN:1, RECORDS_OUT_INTERMEDIATE:0, 
2024-04-24T06:29:23,508  INFO [pool-223-thread-1] mapred.Task: Task:attempt_local1401590831_0046_r_000001_0 is done. And is in the process of committing
2024-04-24T06:29:23,509  INFO [pool-223-thread-1] mapred.LocalJobRunner: reduce > reduce
2024-04-24T06:29:23,509  INFO [pool-223-thread-1] mapred.Task: Task 'attempt_local1401590831_0046_r_000001_0' done.
2024-04-24T06:29:23,509  INFO [pool-223-thread-1] mapred.Task: Final Counters for attempt_local1401590831_0046_r_000001_0: Counters: 30
	File System Counters
		FILE: Number of bytes read=991954
		FILE: Number of bytes written=54261390
		FILE: Number of read operations=0
		FILE: Number of large read operations=0
		FILE: Number of write operations=0
	Map-Reduce Framework
		Combine input records=0
		Combine output records=0
		Reduce input groups=1
		Reduce shuffle bytes=24
		Reduce input records=1
		Reduce output records=0
		Spilled Records=1
		Shuffled Maps =1
		Failed Shuffles=0
		Merged Map outputs=1
		GC time elapsed (ms)=0
		Total committed heap usage (bytes)=1249902592
	HIVE
		CREATED_FILES=1
		RECORDS_OUT_1_default.acidtbl=1
		RECORDS_OUT_INTERMEDIATE=0
		RECORDS_OUT_OPERATOR_FS_6=1
		RECORDS_OUT_OPERATOR_SEL_5=1
		TOTAL_TABLE_ROWS_WRITTEN=1
	Shuffle Errors
		BAD_ID=0
		CONNECTION=0
		IO_ERROR=0
		WRONG_LENGTH=0
		WRONG_MAP=0
		WRONG_REDUCE=0
	File Output Format Counters 
		Bytes Written=0
2024-04-24T06:29:23,509  INFO [pool-223-thread-1] mapred.LocalJobRunner: Finishing task: attempt_local1401590831_0046_r_000001_0
2024-04-24T06:29:23,509  INFO [Thread-3835] mapred.LocalJobRunner: reduce task executor complete.
2024-04-24T06:29:24,013  INFO [Metastore Scheduled Worker 2] metastore.HMSHandler: 5: Opening raw store with implementation class:org.apache.hadoop.hive.metastore.ObjectStore
2024-04-24T06:29:24,014  INFO [Metastore Scheduled Worker 2] metastore.ObjectStore: RawStore: org.apache.hadoop.hive.metastore.ObjectStore@309708cd, with PersistenceManager: null will be shutdown
2024-04-24T06:29:24,014  INFO [Metastore Scheduled Worker 2] metastore.ObjectStore: RawStore: org.apache.hadoop.hive.metastore.ObjectStore@309708cd, with PersistenceManager: org.datanucleus.api.jdo.JDOPersistenceManager@48c88efd created in the thread with id: 46
2024-04-24T06:29:24,034  INFO [Metastore Scheduled Worker 2] metastore.HMSHandler: Created RawStore: org.apache.hadoop.hive.metastore.ObjectStore@309708cd from thread id: 46
2024-04-24 06:29:24,280 Stage-1 map = 100%,  reduce = 100%
2024-04-24T06:29:24,280  INFO [main] exec.Task: 2024-04-24 06:29:24,280 Stage-1 map = 100%,  reduce = 100%
Ended Job = job_local1401590831_0046
2024-04-24T06:29:24,282  INFO [main] exec.Task: Ended Job = job_local1401590831_0046
2024-04-24T06:29:24,283  INFO [main] FileOperations: Found manifest file file:/home/alex/Repositories/hive/ql/target/tmp/org.apache.hadoop.hive.ql.TestTxnCommands-1713965238357/warehouse/acidtbl/_tmp.delta_0000002_0000002_0000/000001_0.manifest with attemptId 0.
2024-04-24T06:29:24,283  INFO [main] FileOperations: Found manifest file file:/home/alex/Repositories/hive/ql/target/tmp/org.apache.hadoop.hive.ql.TestTxnCommands-1713965238357/warehouse/acidtbl/_tmp.delta_0000002_0000002_0000/000000_0.manifest with attemptId 0.
2024-04-24T06:29:24,284  INFO [main] FileOperations: Looking at manifest file: file:/home/alex/Repositories/hive/ql/target/tmp/org.apache.hadoop.hive.ql.TestTxnCommands-1713965238357/warehouse/acidtbl/_tmp.delta_0000002_0000002_0000/000001_0.manifest
2024-04-24T06:29:24,284  INFO [main] FileOperations: Looking at manifest file: file:/home/alex/Repositories/hive/ql/target/tmp/org.apache.hadoop.hive.ql.TestTxnCommands-1713965238357/warehouse/acidtbl/_tmp.delta_0000002_0000002_0000/000000_0.manifest
2024-04-24T06:29:24,284  INFO [main] FileOperations: Deleting manifest directory file:/home/alex/Repositories/hive/ql/target/tmp/org.apache.hadoop.hive.ql.TestTxnCommands-1713965238357/warehouse/acidtbl/_tmp.delta_0000002_0000002_0000
2024-04-24T06:29:24,285  INFO [main] ql.Driver: Starting task [Stage-0:MOVE] in serial mode
Loading data to table default.acidtbl
2024-04-24T06:29:24,285  INFO [main] exec.Task: Loading data to table default.acidtbl from file:/home/alex/Repositories/hive/ql/target/tmp/org.apache.hadoop.hive.ql.TestTxnCommands-1713965238357/warehouse/acidtbl
2024-04-24T06:29:24,285  INFO [main] HiveMetaStore.audit: ugi=alex	ip=unknown-ip-addr	cmd=get_table : tbl=hive.default.acidtbl	
2024-04-24T06:29:24,292  INFO [main] metastore.HMSHandler: Skipping translation for processor with null
2024-04-24T06:29:24,292  INFO [main] HiveMetaStore.audit: ugi=alex	ip=unknown-ip-addr	cmd=get_table : tbl=hive.default.acidtbl	
2024-04-24T06:29:24,298  INFO [main] metastore.HMSHandler: Skipping translation for processor with null
2024-04-24T06:29:24,299  INFO [main] HiveMetaStore.audit: ugi=alex	ip=unknown-ip-addr	cmd=alter_table: hive.default.acidtbl newtbl=acidtbl	
2024-04-24T06:29:24,318  INFO [main] ql.Driver: Starting task [Stage-2:STATS] in serial mode
2024-04-24T06:29:24,318  INFO [main] HiveMetaStore.audit: ugi=alex	ip=unknown-ip-addr	cmd=get_table : tbl=hive.default.acidtbl	
2024-04-24T06:29:24,324  INFO [main] metastore.HMSHandler: Skipping translation for processor with null
2024-04-24T06:29:24,324  INFO [main] stats.BasicStatsTask: Executing stats task
2024-04-24T06:29:24,324  INFO [main] fs.FSStatsPublisher: created : file:/home/alex/Repositories/hive/ql/target/tmp/localscratchdir/14641619-6468-42b0-b290-5d175e67bb33/hive_2024-04-24_06-29-22_886_5325717275518019334-1/-mr-10000
2024-04-24T06:29:24,326  INFO [main] HiveMetaStore.audit: ugi=alex	ip=unknown-ip-addr	cmd=get_table : tbl=hive.default.acidtbl	
2024-04-24T06:29:24,332  INFO [main] metastore.HMSHandler: Skipping translation for processor with null
2024-04-24T06:29:24,353  WARN [main] FileOperations: Computing stats for an ACID table; stats may be inaccurate
2024-04-24T06:29:24,353  INFO [main] FileOperations: Read stats for default.acidtbl/, numRows, true, 2, false: 
2024-04-24T06:29:24,353  INFO [main] FileOperations: Read stats for default.acidtbl/, rawDataSize, true, 0, false: 
2024-04-24T06:29:24,353  INFO [main] HiveMetaStore.audit: ugi=alex	ip=unknown-ip-addr	cmd=alter_table: hive.default.acidtbl newtbl=acidtbl	
2024-04-24T06:29:24,372  INFO [main] FileOperations: Read stats for default.acidtbl/, insertCount, true, 2, false: 
2024-04-24T06:29:24,372  INFO [main] FileOperations: Read stats for default.acidtbl/, updateCount, true, 0, false: 
2024-04-24T06:29:24,372  INFO [main] FileOperations: Read stats for default.acidtbl/, deleteCount, true, 0, false: 
2024-04-24T06:29:24,373  INFO [main] stats.BasicStatsTask: Table default.acidtbl stats: [numFiles=4, numRows=4, totalSize=2695, rawDataSize=0, numFilesErasureCoded=0]
2024-04-24T06:29:24,373  INFO [main] metadata.Hive: Dumping metastore api call timing information for : execution phase
2024-04-24T06:29:24,373  INFO [main] metadata.Hive: Total time spent in each metastore function (ms): {alter_table_(String, String, String, Table, EnvironmentContext, String)=38, isCompatibleWith_(Configuration)=0, updateTransactionalStatistics_(UpdateTransactionalStatsRequest)=1, getTable_(GetTableRequest)=26}
MapReduce Jobs Launched: 
2024-04-24T06:29:24,373  INFO [main] ql.Driver: MapReduce Jobs Launched: 
Stage-Stage-1:  HDFS Read: 0 HDFS Write: 0 SUCCESS
2024-04-24T06:29:24,374  INFO [main] ql.Driver: Stage-Stage-1:  HDFS Read: 0 HDFS Write: 0 SUCCESS
Total MapReduce CPU Time Spent: 0 msec
2024-04-24T06:29:24,374  INFO [main] ql.Driver: Total MapReduce CPU Time Spent: 0 msec
2024-04-24T06:29:24,374  INFO [main] ql.Driver: Completed executing command(queryId=alex_20240424062922_be8de1de-25a2-482d-98a0-0f3a6c586492); Time taken: 1.348 seconds
2024-04-24T06:29:24,374  INFO [main] ql.TxnCommandsBaseForTests: Running the query: select a,b from acidTbl order by a,b
2024-04-24T06:29:24,374  INFO [main] ql.Context: Deleting scratch dir: file:/home/alex/Repositories/hive/ql/target/tmp/localscratchdir/14641619-6468-42b0-b290-5d175e67bb33/hive_2024-04-24_06-29-22_886_5325717275518019334-1
2024-04-24T06:29:24,375  INFO [main] cleanup.SyncCleanupService: Deleted directory: file:/home/alex/Repositories/hive/ql/target/tmp/localscratchdir/14641619-6468-42b0-b290-5d175e67bb33/hive_2024-04-24_06-29-22_886_5325717275518019334-1 on fs with scheme file
2024-04-24T06:29:24,375  INFO [main] ql.Driver: Compiling command(queryId=alex_20240424062924_778d4369-50b3-4df5-a790-93f4dffd17d7): select a,b from acidTbl order by a,b
2024-04-24T06:29:24,375  INFO [main] parse.CalcitePlanner: Starting caching scope for: 
2024-04-24T06:29:24,375  INFO [main] parse.CalcitePlanner: Starting Semantic Analysis
2024-04-24T06:29:24,376  INFO [main] parse.CalcitePlanner: Completed phase 1 of Semantic Analysis
2024-04-24T06:29:24,376  INFO [main] parse.CalcitePlanner: Get metadata for source tables
2024-04-24T06:29:24,376  INFO [main] HiveMetaStore.audit: ugi=alex	ip=unknown-ip-addr	cmd=get_table : tbl=hive.default.acidtbl	
2024-04-24T06:29:24,382  INFO [main] metastore.HMSHandler: Skipping translation for processor with null
2024-04-24T06:29:24,382  INFO [main] parse.CalcitePlanner: Get metadata for subqueries
2024-04-24T06:29:24,382  INFO [main] parse.CalcitePlanner: Get metadata for destination tables
2024-04-24T06:29:24,382  INFO [main] parse.CalcitePlanner: Completed getting MetaData in Semantic Analysis
2024-04-24T06:29:24,393  INFO [main] HiveMetaStore.audit: ugi=alex	ip=unknown-ip-addr	cmd=get_all_table_constraints : tbl=hive.default.acidtbl	
2024-04-24T06:29:24,401  INFO [main] calcite.RelOptHiveTable: Calculating column statistics for default.acidtbl, projIndxSet: [0, 1], allowMissingStats: true
2024-04-24T06:29:24,402  INFO [main] HiveMetaStore.audit: ugi=alex	ip=unknown-ip-addr	cmd=get_table : tbl=hive.default.acidtbl	
2024-04-24T06:29:24,410  INFO [main] metastore.HMSHandler: Skipping translation for processor with null
2024-04-24T06:29:24,411  INFO [main] HiveMetaStore.audit: ugi=alex	ip=unknown-ip-addr	cmd=get_table : tbl=hive.default.acidtbl	
2024-04-24T06:29:24,419  INFO [main] metastore.HMSHandler: Skipping translation for processor with null
2024-04-24T06:29:24,419  INFO [main] HiveMetaStore.audit: ugi=alex	ip=unknown-ip-addr	cmd=get_table_statistics_req: table=hive.default.acidtbl	
2024-04-24T06:29:24,427  WARN [main] calcite.RelOptHiveTable: No Stats for default@acidtbl, Columns: b, a
No Stats for default@acidtbl, Columns: b, a
2024-04-24T06:29:24,427  INFO [main] SessionState: No Stats for default@acidtbl, Columns: b, a
2024-04-24T06:29:24,466  INFO [main] parse.CalcitePlanner: Get metadata for source tables
2024-04-24T06:29:24,466  INFO [main] parse.CalcitePlanner: Get metadata for subqueries
2024-04-24T06:29:24,466  INFO [main] parse.CalcitePlanner: Get metadata for destination tables
2024-04-24T06:29:24,467  INFO [main] common.FileUtils: Creating directory if it doesn't exist: file:/home/alex/Repositories/hive/ql/target/tmp/localscratchdir/14641619-6468-42b0-b290-5d175e67bb33/hive_2024-04-24_06-29-24_375_7594719622983177288-1/-mr-10001/.hive-staging_hive_2024-04-24_06-29-24_375_7594719622983177288-1
2024-04-24T06:29:24,473  INFO [main] parse.CalcitePlanner: CBO Succeeded; optimized logical plan.
2024-04-24T06:29:24,475  INFO [main] optimizer.ColumnPrunerProcFactory: RS 2 oldColExprMap: {KEY.reducesinkkey0=Column[_col0], KEY.reducesinkkey1=Column[_col1]}
2024-04-24T06:29:24,475  INFO [main] optimizer.ColumnPrunerProcFactory: RS 2 newColExprMap: {KEY.reducesinkkey0=Column[_col0], KEY.reducesinkkey1=Column[_col1]}
2024-04-24T06:29:24,476  INFO [main] optimizer.SortedDynPartitionOptimizer: Sorted dynamic partitioning optimization kicked in..
2024-04-24T06:29:24,484  INFO [main] parse.CalcitePlanner: Completed plan generation
2024-04-24T06:29:24,484  INFO [main] parse.CalcitePlanner: Ending caching scope for: 
2024-04-24T06:29:24,484  INFO [main] ql.Driver: Semantic Analysis Completed (retrial = false)
2024-04-24T06:29:24,484  INFO [main] ql.Driver: Created Hive schema: Schema(fieldSchemas:[FieldSchema(name:a, type:int, comment:null), FieldSchema(name:b, type:int, comment:null)], properties:null)
2024-04-24T06:29:24,485  INFO [main] exec.ListSinkOperator: Initializing Operator: LIST_SINK[5]
2024-04-24T06:29:24,485  INFO [main] metadata.Hive: Dumping metastore api call timing information for : compilation phase
2024-04-24T06:29:24,485  INFO [main] metadata.Hive: Total time spent in each metastore function (ms): {getValidWriteIds_(List, String)=2, flushCache_()=0, getTable_(GetTableRequest)=6, isCompatibleWith_(Configuration)=0, getAllTableConstraints_(AllTableConstraintsRequest)=5, getTableColumnStatistics_(String, String, List, String)=24}
2024-04-24T06:29:24,486  INFO [main] ql.Driver: Completed compiling command(queryId=alex_20240424062924_778d4369-50b3-4df5-a790-93f4dffd17d7); Time taken: 0.11 seconds
2024-04-24T06:29:24,486  INFO [main] lockmgr.DbTxnManager: Setting lock request transaction to txnid:15 for queryId=alex_20240424062924_778d4369-50b3-4df5-a790-93f4dffd17d7
2024-04-24T06:29:24,486  INFO [main] lockmgr.DbLockManager: Requesting lock for queryId=alex_20240424062924_778d4369-50b3-4df5-a790-93f4dffd17d7
2024-04-24T06:29:24,499  INFO [main] lockmgr.DbLockManager: Response to queryId=alex_20240424062924_778d4369-50b3-4df5-a790-93f4dffd17d7 LockResponse(lockid:10, state:ACQUIRED)
2024-04-24T06:29:24,499  INFO [main] ql.Driver: Operation QUERY obtained 1 locks
2024-04-24T06:29:24,499  INFO [main] ql.Driver: Executing command(queryId=alex_20240424062924_778d4369-50b3-4df5-a790-93f4dffd17d7): select a,b from acidTbl order by a,b
2024-04-24T06:29:24,500  WARN [main] ql.Driver: Hive-on-MR is deprecated in Hive 2 and may not be available in the future versions. Consider using a different execution engine (i.e. tez, spark) or using Hive 1.X releases.
Query ID = alex_20240424062924_778d4369-50b3-4df5-a790-93f4dffd17d7
2024-04-24T06:29:24,500  INFO [main] ql.Driver: Query ID = alex_20240424062924_778d4369-50b3-4df5-a790-93f4dffd17d7
Total jobs = 1
2024-04-24T06:29:24,500  INFO [main] ql.Driver: Total jobs = 1
Launching Job 1 out of 1
2024-04-24T06:29:24,500  INFO [main] ql.Driver: Launching Job 1 out of 1
2024-04-24T06:29:24,625  INFO [main] ql.Driver: Starting task [Stage-1:MAPRED] in serial mode
Number of reduce tasks determined at compile time: 1
2024-04-24T06:29:24,626  INFO [main] exec.Task: Number of reduce tasks determined at compile time: 1
In order to change the average load for a reducer (in bytes):
2024-04-24T06:29:24,626  INFO [main] exec.Task: In order to change the average load for a reducer (in bytes):
  set hive.exec.reducers.bytes.per.reducer=<number>
2024-04-24T06:29:24,626  INFO [main] exec.Task:   set hive.exec.reducers.bytes.per.reducer=<number>
In order to limit the maximum number of reducers:
2024-04-24T06:29:24,626  INFO [main] exec.Task: In order to limit the maximum number of reducers:
  set hive.exec.reducers.max=<number>
2024-04-24T06:29:24,626  INFO [main] exec.Task:   set hive.exec.reducers.max=<number>
In order to set a constant number of reducers:
2024-04-24T06:29:24,626  INFO [main] exec.Task: In order to set a constant number of reducers:
  set mapreduce.job.reduces=<number>
2024-04-24T06:29:24,626  INFO [main] exec.Task:   set mapreduce.job.reduces=<number>
2024-04-24T06:29:24,628  INFO [main] mr.ExecDriver: Using org.apache.hadoop.hive.ql.io.HiveInputFormat
2024-04-24T06:29:24,628  INFO [main] exec.Utilities: Processing alias acidtbl
2024-04-24T06:29:24,628  INFO [main] exec.Utilities: Adding 1 inputs; the first input is file:/home/alex/Repositories/hive/ql/target/tmp/org.apache.hadoop.hive.ql.TestTxnCommands-1713965238357/warehouse/acidtbl
2024-04-24T06:29:24,637  INFO [main] exec.SerializationUtilities: Serializing MapWork using kryo
2024-04-24T06:29:24,638  INFO [main] exec.Utilities: Serialized plan (via FILE) - name: null size: 4,65KB
2024-04-24T06:29:24,642  INFO [main] exec.SerializationUtilities: Serializing ReduceWork using kryo
2024-04-24T06:29:24,643  INFO [main] exec.Utilities: Serialized plan (via FILE) - name: null size: 5,59KB
2024-04-24T06:29:24,644  WARN [main] impl.MetricsSystemImpl: JobTracker metrics system already initialized!
2024-04-24T06:29:24,649  WARN [main] impl.MetricsSystemImpl: JobTracker metrics system already initialized!
2024-04-24T06:29:24,656  WARN [main] mapreduce.JobResourceUploader: Hadoop command-line option parsing not performed. Implement the Tool interface and execute your application with ToolRunner to remedy this.
2024-04-24T06:29:24,661  WARN [main] mapreduce.JobResourceUploader: No job jar file set.  User classes may not be found. See Job or Job#setJar(String).
2024-04-24T06:29:24,662  INFO [main] io.HiveInputFormat: hive.io.file.readcolumn.ids = 0,1
2024-04-24T06:29:24,662  INFO [main] io.HiveInputFormat: hive.io.file.readcolumn.names = a,b
2024-04-24T06:29:24,662  INFO [main] io.HiveInputFormat: Generating splits for dirs: file:/home/alex/Repositories/hive/ql/target/tmp/org.apache.hadoop.hive.ql.TestTxnCommands-1713965238357/warehouse/acidtbl
2024-04-24T06:29:24,662  INFO [main] orc.OrcInputFormat: getSplits started
2024-04-24T06:29:24,662  INFO [main] orc.OrcInputFormat: Context:: isAcid: true isVectorMode: false sarg: null minSplitSize: 1 maxSplitSize: 256000000 splitStrategy: HYBRID footerInSplits: false numBuckets: 2 numThreads: 10 cacheMemSize: 268435456 cacheStripeDetails: true useSoftReference: false writeIdList: default.acidtbl:2:9223372036854775807:: isTransactionalTable: true txnProperties: default 
2024-04-24T06:29:24,662  INFO [main] orc.OrcInputFormat: ORC pushdown predicate: null
2024-04-24T06:29:24,684  INFO [main] orc.OrcInputFormat: FooterCacheHitRatio: 0/4
2024-04-24T06:29:24,684  INFO [main] orc.OrcInputFormat: getSplits finished (#splits: 4). duration: 22 ms
2024-04-24T06:29:24,684  INFO [main] io.HiveInputFormat: number of splits 4
2024-04-24T06:29:24,702  INFO [main] mapreduce.JobSubmitter: number of splits:4
2024-04-24T06:29:24,719  INFO [main] mapreduce.JobSubmitter: Submitting tokens for job: job_local1608855230_0047
2024-04-24T06:29:24,719  INFO [main] mapreduce.JobSubmitter: Executing with tokens: []
2024-04-24T06:29:24,778  INFO [main] mapreduce.Job: The url to track the job: http://localhost:8080/
Job running in-process (local Hadoop)
2024-04-24T06:29:24,778  INFO [main] exec.Task: Job running in-process (local Hadoop)
2024-04-24T06:29:24,779  INFO [Thread-3920] mapred.LocalJobRunner: OutputCommitter set in config org.apache.hadoop.hive.ql.io.HiveFileFormatUtils$NullOutputCommitter
2024-04-24T06:29:24,779  INFO [Thread-3920] mapred.LocalJobRunner: OutputCommitter is org.apache.hadoop.hive.ql.io.HiveFileFormatUtils$NullOutputCommitter
2024-04-24T06:29:24,781  INFO [Thread-3920] mapred.LocalJobRunner: Waiting for map tasks
2024-04-24T06:29:24,781  INFO [LocalJobRunner Map Task Executor #0] mapred.LocalJobRunner: Starting task: attempt_local1608855230_0047_m_000000_0
2024-04-24T06:29:24,782  INFO [LocalJobRunner Map Task Executor #0] mapred.Task:  Using ResourceCalculatorProcessTree : [ ]
2024-04-24T06:29:24,782  INFO [LocalJobRunner Map Task Executor #0] mapred.MapTask: Processing split: org.apache.hadoop.hive.ql.io.orc.OrcInputFormat:OrcSplit [file:/home/alex/Repositories/hive/ql/target/tmp/org.apache.hadoop.hive.ql.TestTxnCommands-1713965238357/warehouse/acidtbl/delta_0000002_0000002_0000/bucket_00001_0, start=0, length=679, isOriginal=false, fileLength=679, hasFooter=false, hasBase=true, deltas=0]
2024-04-24T06:29:24,783  INFO [LocalJobRunner Map Task Executor #0] exec.SerializationUtilities: Deserializing MapWork using kryo
2024-04-24T06:29:24,783  INFO [LocalJobRunner Map Task Executor #0] exec.Utilities: Deserialized plan (via FILE) - name: null size: 4,65KB
2024-04-24T06:29:24,784  INFO [LocalJobRunner Map Task Executor #0] orc.OrcRawRecordMerger: min key = null, max key = null
2024-04-24T06:29:24,784  INFO [LocalJobRunner Map Task Executor #0] orc.ReaderImpl: Reading ORC rows from file:/home/alex/Repositories/hive/ql/target/tmp/org.apache.hadoop.hive.ql.TestTxnCommands-1713965238357/warehouse/acidtbl/delta_0000002_0000002_0000/bucket_00001_0 with {include: [true, true, true], offset: 0, length: 679, schema: struct<a:int,b:int>, includeAcidColumns: true}
2024-04-24T06:29:24,785  INFO [LocalJobRunner Map Task Executor #0] orc.OrcRawRecordMerger: updated min key = null, max key = null
2024-04-24T06:29:24,785  INFO [LocalJobRunner Map Task Executor #0] mapred.MapTask: numReduceTasks: 1
2024-04-24T06:29:24,789  INFO [LocalJobRunner Map Task Executor #0] mapred.MapTask: (EQUATOR) 0 kvi 26214396(104857584)
2024-04-24T06:29:24,789  INFO [LocalJobRunner Map Task Executor #0] mapred.MapTask: mapreduce.task.io.sort.mb: 100
2024-04-24T06:29:24,789  INFO [LocalJobRunner Map Task Executor #0] mapred.MapTask: soft limit at 83886080
2024-04-24T06:29:24,789  INFO [LocalJobRunner Map Task Executor #0] mapred.MapTask: bufstart = 0; bufvoid = 104857600
2024-04-24T06:29:24,789  INFO [LocalJobRunner Map Task Executor #0] mapred.MapTask: kvstart = 26214396; length = 6553600
2024-04-24T06:29:24,790  INFO [LocalJobRunner Map Task Executor #0] mapred.MapTask: Map output collector class = org.apache.hadoop.mapred.MapTask$MapOutputBuffer
2024-04-24T06:29:24,790  INFO [LocalJobRunner Map Task Executor #0] exec.MapOperator: Initializing Operator: MAP[0]
2024-04-24T06:29:24,791  INFO [LocalJobRunner Map Task Executor #0] mr.ExecMapper: 
<MAP>Id =0
  <Children>null
  <\Children>
  <Parent><\Parent>
<\MAP>
2024-04-24T06:29:24,792  INFO [LocalJobRunner Map Task Executor #0] exec.TableScanOperator: Initializing Operator: TS[0]
2024-04-24T06:29:24,792  INFO [LocalJobRunner Map Task Executor #0] exec.SelectOperator: Initializing Operator: SEL[1]
2024-04-24T06:29:24,792  INFO [LocalJobRunner Map Task Executor #0] exec.SelectOperator: SELECT struct<a:int,b:int>
2024-04-24T06:29:24,792  INFO [LocalJobRunner Map Task Executor #0] exec.ReduceSinkOperator: Initializing Operator: RS[2]
2024-04-24T06:29:24,792  INFO [LocalJobRunner Map Task Executor #0] exec.ReduceSinkOperator: Using tag = -1
2024-04-24T06:29:24,792  INFO [LocalJobRunner Map Task Executor #0] exec.ReduceSinkOperator: keys are [reducesinkkey0, reducesinkkey1] num distributions: 2
2024-04-24T06:29:24,792  INFO [LocalJobRunner Map Task Executor #0] exec.ReduceSinkOperator: RS[2]: records written - 1
2024-04-24T06:29:24,792  INFO [LocalJobRunner Map Task Executor #0] exec.MapOperator: MAP[0]: records read - 1
2024-04-24T06:29:24,792  INFO [LocalJobRunner Map Task Executor #0] exec.MapOperator: Closing Operator: MAP[0]
2024-04-24T06:29:24,792  INFO [LocalJobRunner Map Task Executor #0] exec.MapOperator: MAP[0]: Total records read - 1. abort - false
2024-04-24T06:29:24,792  INFO [LocalJobRunner Map Task Executor #0] exec.MapOperator: RECORDS_OUT_OPERATOR_MAP_0:0, DESERIALIZE_ERRORS:0, RECORDS_IN:1, RECORDS_OUT_INTERMEDIATE:0, 
2024-04-24T06:29:24,792  INFO [LocalJobRunner Map Task Executor #0] exec.TableScanOperator: Closing Operator: TS[0]
2024-04-24T06:29:24,792  INFO [LocalJobRunner Map Task Executor #0] exec.TableScanOperator: RECORDS_OUT_INTERMEDIATE:0, RECORDS_OUT_OPERATOR_TS_0:1, 
2024-04-24T06:29:24,793  INFO [LocalJobRunner Map Task Executor #0] exec.SelectOperator: Closing Operator: SEL[1]
2024-04-24T06:29:24,793  INFO [LocalJobRunner Map Task Executor #0] exec.SelectOperator: RECORDS_OUT_INTERMEDIATE:0, RECORDS_OUT_OPERATOR_SEL_1:1, 
2024-04-24T06:29:24,793  INFO [LocalJobRunner Map Task Executor #0] exec.ReduceSinkOperator: Closing Operator: RS[2]
2024-04-24T06:29:24,793  INFO [LocalJobRunner Map Task Executor #0] exec.ReduceSinkOperator: RS[2]: Total records written - 1. abort - false
2024-04-24T06:29:24,793  INFO [LocalJobRunner Map Task Executor #0] exec.ReduceSinkOperator: RECORDS_OUT_INTERMEDIATE:1, RECORDS_OUT_OPERATOR_RS_2:1, 
2024-04-24T06:29:24,793  INFO [LocalJobRunner Map Task Executor #0] mapred.LocalJobRunner: 
2024-04-24T06:29:24,793  INFO [LocalJobRunner Map Task Executor #0] mapred.MapTask: Starting flush of map output
2024-04-24T06:29:24,793  INFO [LocalJobRunner Map Task Executor #0] mapred.MapTask: Spilling map output
2024-04-24T06:29:24,793  INFO [LocalJobRunner Map Task Executor #0] mapred.MapTask: bufstart = 0; bufend = 19; bufvoid = 104857600
2024-04-24T06:29:24,793  INFO [LocalJobRunner Map Task Executor #0] mapred.MapTask: kvstart = 26214396(104857584); kvend = 26214396(104857584); length = 1/6553600
2024-04-24T06:29:24,804  INFO [LocalJobRunner Map Task Executor #0] mapred.MapTask: Finished spill 0
2024-04-24T06:29:24,807  INFO [LocalJobRunner Map Task Executor #0] mapred.Task: Task:attempt_local1608855230_0047_m_000000_0 is done. And is in the process of committing
2024-04-24T06:29:24,807  INFO [LocalJobRunner Map Task Executor #0] mapred.LocalJobRunner: OrcSplit [file:/home/alex/Repositories/hive/ql/target/tmp/org.apache.hadoop.hive.ql.TestTxnCommands-1713965238357/warehouse/acidtbl/delta_0000002_0000002_0000/bucket_00001_0, start=0, length=679, isOriginal=false, fileLength=679, hasFooter=false, hasBase=true, deltas=0]
2024-04-24T06:29:24,807  INFO [LocalJobRunner Map Task Executor #0] mapred.Task: Task 'attempt_local1608855230_0047_m_000000_0' done.
2024-04-24T06:29:24,807  INFO [LocalJobRunner Map Task Executor #0] mapred.Task: Final Counters for attempt_local1608855230_0047_m_000000_0: Counters: 24
	File System Counters
		FILE: Number of bytes read=1002189
		FILE: Number of bytes written=55439185
		FILE: Number of read operations=0
		FILE: Number of large read operations=0
		FILE: Number of write operations=0
	Map-Reduce Framework
		Map input records=1
		Map output records=1
		Map output bytes=19
		Map output materialized bytes=27
		Input split bytes=495
		Combine input records=0
		Spilled Records=1
		Failed Shuffles=0
		Merged Map outputs=0
		GC time elapsed (ms)=0
		Total committed heap usage (bytes)=1249902592
	HIVE
		DESERIALIZE_ERRORS=0
		RECORDS_IN=1
		RECORDS_OUT_INTERMEDIATE=1
		RECORDS_OUT_OPERATOR_MAP_0=0
		RECORDS_OUT_OPERATOR_RS_2=1
		RECORDS_OUT_OPERATOR_SEL_1=1
		RECORDS_OUT_OPERATOR_TS_0=1
	File Input Format Counters 
		Bytes Read=7498
2024-04-24T06:29:24,807  INFO [LocalJobRunner Map Task Executor #0] mapred.LocalJobRunner: Finishing task: attempt_local1608855230_0047_m_000000_0
2024-04-24T06:29:24,808  INFO [LocalJobRunner Map Task Executor #0] mapred.LocalJobRunner: Starting task: attempt_local1608855230_0047_m_000001_0
2024-04-24T06:29:24,808  INFO [LocalJobRunner Map Task Executor #0] mapred.Task:  Using ResourceCalculatorProcessTree : [ ]
2024-04-24T06:29:24,808  INFO [LocalJobRunner Map Task Executor #0] mapred.MapTask: Processing split: org.apache.hadoop.hive.ql.io.orc.OrcInputFormat:OrcSplit [file:/home/alex/Repositories/hive/ql/target/tmp/org.apache.hadoop.hive.ql.TestTxnCommands-1713965238357/warehouse/acidtbl/delta_0000001_0000001_0000/bucket_00001_0, start=0, length=673, isOriginal=false, fileLength=673, hasFooter=false, hasBase=true, deltas=0]
2024-04-24T06:29:24,809  INFO [LocalJobRunner Map Task Executor #0] exec.SerializationUtilities: Deserializing MapWork using kryo
2024-04-24T06:29:24,809  INFO [LocalJobRunner Map Task Executor #0] exec.Utilities: Deserialized plan (via FILE) - name: null size: 4,65KB
2024-04-24T06:29:24,810  INFO [LocalJobRunner Map Task Executor #0] orc.OrcRawRecordMerger: min key = null, max key = null
2024-04-24T06:29:24,810  INFO [LocalJobRunner Map Task Executor #0] orc.ReaderImpl: Reading ORC rows from file:/home/alex/Repositories/hive/ql/target/tmp/org.apache.hadoop.hive.ql.TestTxnCommands-1713965238357/warehouse/acidtbl/delta_0000001_0000001_0000/bucket_00001_0 with {include: [true, true, true], offset: 0, length: 673, schema: struct<a:int,b:int>, includeAcidColumns: true}
2024-04-24T06:29:24,811  INFO [LocalJobRunner Map Task Executor #0] orc.OrcRawRecordMerger: updated min key = null, max key = null
2024-04-24T06:29:24,811  INFO [LocalJobRunner Map Task Executor #0] mapred.MapTask: numReduceTasks: 1
2024-04-24T06:29:24,816  INFO [LocalJobRunner Map Task Executor #0] mapred.MapTask: (EQUATOR) 0 kvi 26214396(104857584)
2024-04-24T06:29:24,816  INFO [LocalJobRunner Map Task Executor #0] mapred.MapTask: mapreduce.task.io.sort.mb: 100
2024-04-24T06:29:24,816  INFO [LocalJobRunner Map Task Executor #0] mapred.MapTask: soft limit at 83886080
2024-04-24T06:29:24,816  INFO [LocalJobRunner Map Task Executor #0] mapred.MapTask: bufstart = 0; bufvoid = 104857600
2024-04-24T06:29:24,816  INFO [LocalJobRunner Map Task Executor #0] mapred.MapTask: kvstart = 26214396; length = 6553600
2024-04-24T06:29:24,817  INFO [LocalJobRunner Map Task Executor #0] mapred.MapTask: Map output collector class = org.apache.hadoop.mapred.MapTask$MapOutputBuffer
2024-04-24T06:29:24,817  INFO [LocalJobRunner Map Task Executor #0] exec.MapOperator: Initializing Operator: MAP[0]
2024-04-24T06:29:24,818  INFO [LocalJobRunner Map Task Executor #0] mr.ExecMapper: 
<MAP>Id =0
  <Children>null
  <\Children>
  <Parent><\Parent>
<\MAP>
2024-04-24T06:29:24,819  INFO [LocalJobRunner Map Task Executor #0] exec.TableScanOperator: Initializing Operator: TS[0]
2024-04-24T06:29:24,819  INFO [LocalJobRunner Map Task Executor #0] exec.SelectOperator: Initializing Operator: SEL[1]
2024-04-24T06:29:24,819  INFO [LocalJobRunner Map Task Executor #0] exec.SelectOperator: SELECT struct<a:int,b:int>
2024-04-24T06:29:24,819  INFO [LocalJobRunner Map Task Executor #0] exec.ReduceSinkOperator: Initializing Operator: RS[2]
2024-04-24T06:29:24,819  INFO [LocalJobRunner Map Task Executor #0] exec.ReduceSinkOperator: Using tag = -1
2024-04-24T06:29:24,819  INFO [LocalJobRunner Map Task Executor #0] exec.ReduceSinkOperator: keys are [reducesinkkey0, reducesinkkey1] num distributions: 2
2024-04-24T06:29:24,819  INFO [LocalJobRunner Map Task Executor #0] exec.ReduceSinkOperator: RS[2]: records written - 1
2024-04-24T06:29:24,819  INFO [LocalJobRunner Map Task Executor #0] exec.MapOperator: MAP[0]: records read - 1
2024-04-24T06:29:24,819  INFO [LocalJobRunner Map Task Executor #0] exec.MapOperator: Closing Operator: MAP[0]
2024-04-24T06:29:24,819  INFO [LocalJobRunner Map Task Executor #0] exec.MapOperator: MAP[0]: Total records read - 1. abort - false
2024-04-24T06:29:24,819  INFO [LocalJobRunner Map Task Executor #0] exec.MapOperator: RECORDS_IN:1, RECORDS_OUT_INTERMEDIATE:0, DESERIALIZE_ERRORS:0, RECORDS_OUT_OPERATOR_MAP_0:0, 
2024-04-24T06:29:24,819  INFO [LocalJobRunner Map Task Executor #0] exec.TableScanOperator: Closing Operator: TS[0]
2024-04-24T06:29:24,819  INFO [LocalJobRunner Map Task Executor #0] exec.TableScanOperator: RECORDS_OUT_INTERMEDIATE:0, RECORDS_OUT_OPERATOR_TS_0:1, 
2024-04-24T06:29:24,819  INFO [LocalJobRunner Map Task Executor #0] exec.SelectOperator: Closing Operator: SEL[1]
2024-04-24T06:29:24,820  INFO [LocalJobRunner Map Task Executor #0] exec.SelectOperator: RECORDS_OUT_INTERMEDIATE:0, RECORDS_OUT_OPERATOR_SEL_1:1, 
2024-04-24T06:29:24,820  INFO [LocalJobRunner Map Task Executor #0] exec.ReduceSinkOperator: Closing Operator: RS[2]
2024-04-24T06:29:24,820  INFO [LocalJobRunner Map Task Executor #0] exec.ReduceSinkOperator: RS[2]: Total records written - 1. abort - false
2024-04-24T06:29:24,820  INFO [LocalJobRunner Map Task Executor #0] exec.ReduceSinkOperator: RECORDS_OUT_INTERMEDIATE:1, RECORDS_OUT_OPERATOR_RS_2:1, 
2024-04-24T06:29:24,820  INFO [LocalJobRunner Map Task Executor #0] mapred.LocalJobRunner: 
2024-04-24T06:29:24,820  INFO [LocalJobRunner Map Task Executor #0] mapred.MapTask: Starting flush of map output
2024-04-24T06:29:24,820  INFO [LocalJobRunner Map Task Executor #0] mapred.MapTask: Spilling map output
2024-04-24T06:29:24,820  INFO [LocalJobRunner Map Task Executor #0] mapred.MapTask: bufstart = 0; bufend = 19; bufvoid = 104857600
2024-04-24T06:29:24,820  INFO [LocalJobRunner Map Task Executor #0] mapred.MapTask: kvstart = 26214396(104857584); kvend = 26214396(104857584); length = 1/6553600
2024-04-24T06:29:24,828  INFO [LocalJobRunner Map Task Executor #0] mapred.MapTask: Finished spill 0
2024-04-24T06:29:24,831  INFO [LocalJobRunner Map Task Executor #0] mapred.Task: Task:attempt_local1608855230_0047_m_000001_0 is done. And is in the process of committing
2024-04-24T06:29:24,832  INFO [LocalJobRunner Map Task Executor #0] mapred.LocalJobRunner: OrcSplit [file:/home/alex/Repositories/hive/ql/target/tmp/org.apache.hadoop.hive.ql.TestTxnCommands-1713965238357/warehouse/acidtbl/delta_0000001_0000001_0000/bucket_00001_0, start=0, length=673, isOriginal=false, fileLength=673, hasFooter=false, hasBase=true, deltas=0]
2024-04-24T06:29:24,832  INFO [LocalJobRunner Map Task Executor #0] mapred.Task: Task 'attempt_local1608855230_0047_m_000001_0' done.
2024-04-24T06:29:24,832  INFO [LocalJobRunner Map Task Executor #0] mapred.Task: Final Counters for attempt_local1608855230_0047_m_000001_0: Counters: 24
	File System Counters
		FILE: Number of bytes read=1011674
		FILE: Number of bytes written=55439244
		FILE: Number of read operations=0
		FILE: Number of large read operations=0
		FILE: Number of write operations=0
	Map-Reduce Framework
		Map input records=1
		Map output records=1
		Map output bytes=19
		Map output materialized bytes=27
		Input split bytes=495
		Combine input records=0
		Spilled Records=1
		Failed Shuffles=0
		Merged Map outputs=0
		GC time elapsed (ms)=0
		Total committed heap usage (bytes)=1249902592
	HIVE
		DESERIALIZE_ERRORS=0
		RECORDS_IN=1
		RECORDS_OUT_INTERMEDIATE=1
		RECORDS_OUT_OPERATOR_MAP_0=0
		RECORDS_OUT_OPERATOR_RS_2=1
		RECORDS_OUT_OPERATOR_SEL_1=1
		RECORDS_OUT_OPERATOR_TS_0=1
	File Input Format Counters 
		Bytes Read=7474
2024-04-24T06:29:24,832  INFO [LocalJobRunner Map Task Executor #0] mapred.LocalJobRunner: Finishing task: attempt_local1608855230_0047_m_000001_0
2024-04-24T06:29:24,832  INFO [LocalJobRunner Map Task Executor #0] mapred.LocalJobRunner: Starting task: attempt_local1608855230_0047_m_000002_0
2024-04-24T06:29:24,833  INFO [LocalJobRunner Map Task Executor #0] mapred.Task:  Using ResourceCalculatorProcessTree : [ ]
2024-04-24T06:29:24,833  INFO [LocalJobRunner Map Task Executor #0] mapred.MapTask: Processing split: org.apache.hadoop.hive.ql.io.orc.OrcInputFormat:OrcSplit [file:/home/alex/Repositories/hive/ql/target/tmp/org.apache.hadoop.hive.ql.TestTxnCommands-1713965238357/warehouse/acidtbl/delta_0000002_0000002_0000/bucket_00000_0, start=0, length=672, isOriginal=false, fileLength=672, hasFooter=false, hasBase=true, deltas=0]
2024-04-24T06:29:24,833  INFO [LocalJobRunner Map Task Executor #0] exec.SerializationUtilities: Deserializing MapWork using kryo
2024-04-24T06:29:24,834  INFO [LocalJobRunner Map Task Executor #0] exec.Utilities: Deserialized plan (via FILE) - name: null size: 4,65KB
2024-04-24T06:29:24,835  INFO [LocalJobRunner Map Task Executor #0] orc.OrcRawRecordMerger: min key = null, max key = null
2024-04-24T06:29:24,835  INFO [LocalJobRunner Map Task Executor #0] orc.ReaderImpl: Reading ORC rows from file:/home/alex/Repositories/hive/ql/target/tmp/org.apache.hadoop.hive.ql.TestTxnCommands-1713965238357/warehouse/acidtbl/delta_0000002_0000002_0000/bucket_00000_0 with {include: [true, true, true], offset: 0, length: 672, schema: struct<a:int,b:int>, includeAcidColumns: true}
2024-04-24T06:29:24,836  INFO [LocalJobRunner Map Task Executor #0] orc.OrcRawRecordMerger: updated min key = null, max key = null
2024-04-24T06:29:24,836  INFO [LocalJobRunner Map Task Executor #0] mapred.MapTask: numReduceTasks: 1
2024-04-24T06:29:24,856  INFO [LocalJobRunner Map Task Executor #0] mapred.MapTask: (EQUATOR) 0 kvi 26214396(104857584)
2024-04-24T06:29:24,856  INFO [LocalJobRunner Map Task Executor #0] mapred.MapTask: mapreduce.task.io.sort.mb: 100
2024-04-24T06:29:24,856  INFO [LocalJobRunner Map Task Executor #0] mapred.MapTask: soft limit at 83886080
2024-04-24T06:29:24,856  INFO [LocalJobRunner Map Task Executor #0] mapred.MapTask: bufstart = 0; bufvoid = 104857600
2024-04-24T06:29:24,856  INFO [LocalJobRunner Map Task Executor #0] mapred.MapTask: kvstart = 26214396; length = 6553600
2024-04-24T06:29:24,857  INFO [LocalJobRunner Map Task Executor #0] mapred.MapTask: Map output collector class = org.apache.hadoop.mapred.MapTask$MapOutputBuffer
2024-04-24T06:29:24,857  INFO [LocalJobRunner Map Task Executor #0] exec.MapOperator: Initializing Operator: MAP[0]
2024-04-24T06:29:24,858  INFO [LocalJobRunner Map Task Executor #0] mr.ExecMapper: 
<MAP>Id =0
  <Children>null
  <\Children>
  <Parent><\Parent>
<\MAP>
2024-04-24T06:29:24,859  INFO [LocalJobRunner Map Task Executor #0] exec.TableScanOperator: Initializing Operator: TS[0]
2024-04-24T06:29:24,859  INFO [LocalJobRunner Map Task Executor #0] exec.SelectOperator: Initializing Operator: SEL[1]
2024-04-24T06:29:24,859  INFO [LocalJobRunner Map Task Executor #0] exec.SelectOperator: SELECT struct<a:int,b:int>
2024-04-24T06:29:24,859  INFO [LocalJobRunner Map Task Executor #0] exec.ReduceSinkOperator: Initializing Operator: RS[2]
2024-04-24T06:29:24,859  INFO [LocalJobRunner Map Task Executor #0] exec.ReduceSinkOperator: Using tag = -1
2024-04-24T06:29:24,860  INFO [LocalJobRunner Map Task Executor #0] exec.ReduceSinkOperator: keys are [reducesinkkey0, reducesinkkey1] num distributions: 2
2024-04-24T06:29:24,860  INFO [LocalJobRunner Map Task Executor #0] exec.ReduceSinkOperator: RS[2]: records written - 1
2024-04-24T06:29:24,860  INFO [LocalJobRunner Map Task Executor #0] exec.MapOperator: MAP[0]: records read - 1
2024-04-24T06:29:24,860  INFO [LocalJobRunner Map Task Executor #0] exec.MapOperator: Closing Operator: MAP[0]
2024-04-24T06:29:24,860  INFO [LocalJobRunner Map Task Executor #0] exec.MapOperator: MAP[0]: Total records read - 1. abort - false
2024-04-24T06:29:24,860  INFO [LocalJobRunner Map Task Executor #0] exec.MapOperator: RECORDS_OUT_OPERATOR_MAP_0:0, RECORDS_IN:1, DESERIALIZE_ERRORS:0, RECORDS_OUT_INTERMEDIATE:0, 
2024-04-24T06:29:24,860  INFO [LocalJobRunner Map Task Executor #0] exec.TableScanOperator: Closing Operator: TS[0]
2024-04-24T06:29:24,860  INFO [LocalJobRunner Map Task Executor #0] exec.TableScanOperator: RECORDS_OUT_OPERATOR_TS_0:1, RECORDS_OUT_INTERMEDIATE:0, 
2024-04-24T06:29:24,860  INFO [LocalJobRunner Map Task Executor #0] exec.SelectOperator: Closing Operator: SEL[1]
2024-04-24T06:29:24,860  INFO [LocalJobRunner Map Task Executor #0] exec.SelectOperator: RECORDS_OUT_OPERATOR_SEL_1:1, RECORDS_OUT_INTERMEDIATE:0, 
2024-04-24T06:29:24,860  INFO [LocalJobRunner Map Task Executor #0] exec.ReduceSinkOperator: Closing Operator: RS[2]
2024-04-24T06:29:24,860  INFO [LocalJobRunner Map Task Executor #0] exec.ReduceSinkOperator: RS[2]: Total records written - 1. abort - false
2024-04-24T06:29:24,860  INFO [LocalJobRunner Map Task Executor #0] exec.ReduceSinkOperator: RECORDS_OUT_OPERATOR_RS_2:1, RECORDS_OUT_INTERMEDIATE:1, 
2024-04-24T06:29:24,861  INFO [LocalJobRunner Map Task Executor #0] mapred.LocalJobRunner: 
2024-04-24T06:29:24,861  INFO [LocalJobRunner Map Task Executor #0] mapred.MapTask: Starting flush of map output
2024-04-24T06:29:24,861  INFO [LocalJobRunner Map Task Executor #0] mapred.MapTask: Spilling map output
2024-04-24T06:29:24,861  INFO [LocalJobRunner Map Task Executor #0] mapred.MapTask: bufstart = 0; bufend = 19; bufvoid = 104857600
2024-04-24T06:29:24,861  INFO [LocalJobRunner Map Task Executor #0] mapred.MapTask: kvstart = 26214396(104857584); kvend = 26214396(104857584); length = 1/6553600
2024-04-24T06:29:24,869  INFO [LocalJobRunner Map Task Executor #0] mapred.MapTask: Finished spill 0
2024-04-24T06:29:24,872  INFO [LocalJobRunner Map Task Executor #0] mapred.Task: Task:attempt_local1608855230_0047_m_000002_0 is done. And is in the process of committing
2024-04-24T06:29:24,873  INFO [LocalJobRunner Map Task Executor #0] mapred.LocalJobRunner: OrcSplit [file:/home/alex/Repositories/hive/ql/target/tmp/org.apache.hadoop.hive.ql.TestTxnCommands-1713965238357/warehouse/acidtbl/delta_0000002_0000002_0000/bucket_00000_0, start=0, length=672, isOriginal=false, fileLength=672, hasFooter=false, hasBase=true, deltas=0]
2024-04-24T06:29:24,873  INFO [LocalJobRunner Map Task Executor #0] mapred.Task: Task 'attempt_local1608855230_0047_m_000002_0' done.
2024-04-24T06:29:24,873  INFO [LocalJobRunner Map Task Executor #0] mapred.Task: Final Counters for attempt_local1608855230_0047_m_000002_0: Counters: 24
	File System Counters
		FILE: Number of bytes read=1020643
		FILE: Number of bytes written=55439303
		FILE: Number of read operations=0
		FILE: Number of large read operations=0
		FILE: Number of write operations=0
	Map-Reduce Framework
		Map input records=1
		Map output records=1
		Map output bytes=19
		Map output materialized bytes=27
		Input split bytes=495
		Combine input records=0
		Spilled Records=1
		Failed Shuffles=0
		Merged Map outputs=0
		GC time elapsed (ms)=13
		Total committed heap usage (bytes)=1249902592
	HIVE
		DESERIALIZE_ERRORS=0
		RECORDS_IN=1
		RECORDS_OUT_INTERMEDIATE=1
		RECORDS_OUT_OPERATOR_MAP_0=0
		RECORDS_OUT_OPERATOR_RS_2=1
		RECORDS_OUT_OPERATOR_SEL_1=1
		RECORDS_OUT_OPERATOR_TS_0=1
	File Input Format Counters 
		Bytes Read=7470
2024-04-24T06:29:24,873  INFO [LocalJobRunner Map Task Executor #0] mapred.LocalJobRunner: Finishing task: attempt_local1608855230_0047_m_000002_0
2024-04-24T06:29:24,873  INFO [LocalJobRunner Map Task Executor #0] mapred.LocalJobRunner: Starting task: attempt_local1608855230_0047_m_000003_0
2024-04-24T06:29:24,873  INFO [LocalJobRunner Map Task Executor #0] mapred.Task:  Using ResourceCalculatorProcessTree : [ ]
2024-04-24T06:29:24,874  INFO [LocalJobRunner Map Task Executor #0] mapred.MapTask: Processing split: org.apache.hadoop.hive.ql.io.orc.OrcInputFormat:OrcSplit [file:/home/alex/Repositories/hive/ql/target/tmp/org.apache.hadoop.hive.ql.TestTxnCommands-1713965238357/warehouse/acidtbl/delta_0000001_0000001_0000/bucket_00000_0, start=0, length=671, isOriginal=false, fileLength=671, hasFooter=false, hasBase=true, deltas=0]
2024-04-24T06:29:24,874  INFO [LocalJobRunner Map Task Executor #0] exec.SerializationUtilities: Deserializing MapWork using kryo
2024-04-24T06:29:24,875  INFO [LocalJobRunner Map Task Executor #0] exec.Utilities: Deserialized plan (via FILE) - name: null size: 4,65KB
2024-04-24T06:29:24,876  INFO [LocalJobRunner Map Task Executor #0] orc.OrcRawRecordMerger: min key = null, max key = null
2024-04-24T06:29:24,876  INFO [LocalJobRunner Map Task Executor #0] orc.ReaderImpl: Reading ORC rows from file:/home/alex/Repositories/hive/ql/target/tmp/org.apache.hadoop.hive.ql.TestTxnCommands-1713965238357/warehouse/acidtbl/delta_0000001_0000001_0000/bucket_00000_0 with {include: [true, true, true], offset: 0, length: 671, schema: struct<a:int,b:int>, includeAcidColumns: true}
2024-04-24T06:29:24,876  INFO [LocalJobRunner Map Task Executor #0] orc.OrcRawRecordMerger: updated min key = null, max key = null
2024-04-24T06:29:24,877  INFO [LocalJobRunner Map Task Executor #0] mapred.MapTask: numReduceTasks: 1
2024-04-24T06:29:24,881  INFO [LocalJobRunner Map Task Executor #0] mapred.MapTask: (EQUATOR) 0 kvi 26214396(104857584)
2024-04-24T06:29:24,881  INFO [LocalJobRunner Map Task Executor #0] mapred.MapTask: mapreduce.task.io.sort.mb: 100
2024-04-24T06:29:24,881  INFO [LocalJobRunner Map Task Executor #0] mapred.MapTask: soft limit at 83886080
2024-04-24T06:29:24,881  INFO [LocalJobRunner Map Task Executor #0] mapred.MapTask: bufstart = 0; bufvoid = 104857600
2024-04-24T06:29:24,881  INFO [LocalJobRunner Map Task Executor #0] mapred.MapTask: kvstart = 26214396; length = 6553600
2024-04-24T06:29:24,882  INFO [LocalJobRunner Map Task Executor #0] mapred.MapTask: Map output collector class = org.apache.hadoop.mapred.MapTask$MapOutputBuffer
2024-04-24T06:29:24,882  INFO [LocalJobRunner Map Task Executor #0] exec.MapOperator: Initializing Operator: MAP[0]
2024-04-24T06:29:24,883  INFO [LocalJobRunner Map Task Executor #0] mr.ExecMapper: 
<MAP>Id =0
  <Children>null
  <\Children>
  <Parent><\Parent>
<\MAP>
2024-04-24T06:29:24,883  INFO [LocalJobRunner Map Task Executor #0] exec.TableScanOperator: Initializing Operator: TS[0]
2024-04-24T06:29:24,883  INFO [LocalJobRunner Map Task Executor #0] exec.SelectOperator: Initializing Operator: SEL[1]
2024-04-24T06:29:24,883  INFO [LocalJobRunner Map Task Executor #0] exec.SelectOperator: SELECT struct<a:int,b:int>
2024-04-24T06:29:24,883  INFO [LocalJobRunner Map Task Executor #0] exec.ReduceSinkOperator: Initializing Operator: RS[2]
2024-04-24T06:29:24,884  INFO [LocalJobRunner Map Task Executor #0] exec.ReduceSinkOperator: Using tag = -1
2024-04-24T06:29:24,884  INFO [LocalJobRunner Map Task Executor #0] exec.ReduceSinkOperator: keys are [reducesinkkey0, reducesinkkey1] num distributions: 2
2024-04-24T06:29:24,884  INFO [LocalJobRunner Map Task Executor #0] exec.ReduceSinkOperator: RS[2]: records written - 1
2024-04-24T06:29:24,884  INFO [LocalJobRunner Map Task Executor #0] exec.MapOperator: MAP[0]: records read - 1
2024-04-24T06:29:24,884  INFO [LocalJobRunner Map Task Executor #0] exec.MapOperator: Closing Operator: MAP[0]
2024-04-24T06:29:24,884  INFO [LocalJobRunner Map Task Executor #0] exec.MapOperator: MAP[0]: Total records read - 1. abort - false
2024-04-24T06:29:24,884  INFO [LocalJobRunner Map Task Executor #0] exec.MapOperator: RECORDS_OUT_OPERATOR_MAP_0:0, DESERIALIZE_ERRORS:0, RECORDS_OUT_INTERMEDIATE:0, RECORDS_IN:1, 
2024-04-24T06:29:24,884  INFO [LocalJobRunner Map Task Executor #0] exec.TableScanOperator: Closing Operator: TS[0]
2024-04-24T06:29:24,884  INFO [LocalJobRunner Map Task Executor #0] exec.TableScanOperator: RECORDS_OUT_OPERATOR_TS_0:1, RECORDS_OUT_INTERMEDIATE:0, 
2024-04-24T06:29:24,884  INFO [LocalJobRunner Map Task Executor #0] exec.SelectOperator: Closing Operator: SEL[1]
2024-04-24T06:29:24,884  INFO [LocalJobRunner Map Task Executor #0] exec.SelectOperator: RECORDS_OUT_INTERMEDIATE:0, RECORDS_OUT_OPERATOR_SEL_1:1, 
2024-04-24T06:29:24,884  INFO [LocalJobRunner Map Task Executor #0] exec.ReduceSinkOperator: Closing Operator: RS[2]
2024-04-24T06:29:24,884  INFO [LocalJobRunner Map Task Executor #0] exec.ReduceSinkOperator: RS[2]: Total records written - 1. abort - false
2024-04-24T06:29:24,885  INFO [LocalJobRunner Map Task Executor #0] exec.ReduceSinkOperator: RECORDS_OUT_INTERMEDIATE:1, RECORDS_OUT_OPERATOR_RS_2:1, 
2024-04-24T06:29:24,885  INFO [LocalJobRunner Map Task Executor #0] mapred.LocalJobRunner: 
2024-04-24T06:29:24,885  INFO [LocalJobRunner Map Task Executor #0] mapred.MapTask: Starting flush of map output
2024-04-24T06:29:24,885  INFO [LocalJobRunner Map Task Executor #0] mapred.MapTask: Spilling map output
2024-04-24T06:29:24,885  INFO [LocalJobRunner Map Task Executor #0] mapred.MapTask: bufstart = 0; bufend = 19; bufvoid = 104857600
2024-04-24T06:29:24,885  INFO [LocalJobRunner Map Task Executor #0] mapred.MapTask: kvstart = 26214396(104857584); kvend = 26214396(104857584); length = 1/6553600
2024-04-24T06:29:24,893  INFO [LocalJobRunner Map Task Executor #0] mapred.MapTask: Finished spill 0
2024-04-24T06:29:24,896  INFO [LocalJobRunner Map Task Executor #0] mapred.Task: Task:attempt_local1608855230_0047_m_000003_0 is done. And is in the process of committing
2024-04-24T06:29:24,897  INFO [LocalJobRunner Map Task Executor #0] mapred.LocalJobRunner: OrcSplit [file:/home/alex/Repositories/hive/ql/target/tmp/org.apache.hadoop.hive.ql.TestTxnCommands-1713965238357/warehouse/acidtbl/delta_0000001_0000001_0000/bucket_00000_0, start=0, length=671, isOriginal=false, fileLength=671, hasFooter=false, hasBase=true, deltas=0]
2024-04-24T06:29:24,897  INFO [LocalJobRunner Map Task Executor #0] mapred.Task: Task 'attempt_local1608855230_0047_m_000003_0' done.
2024-04-24T06:29:24,897  INFO [LocalJobRunner Map Task Executor #0] mapred.Task: Final Counters for attempt_local1608855230_0047_m_000003_0: Counters: 24
	File System Counters
		FILE: Number of bytes read=1029096
		FILE: Number of bytes written=55439362
		FILE: Number of read operations=0
		FILE: Number of large read operations=0
		FILE: Number of write operations=0
	Map-Reduce Framework
		Map input records=1
		Map output records=1
		Map output bytes=19
		Map output materialized bytes=27
		Input split bytes=495
		Combine input records=0
		Spilled Records=1
		Failed Shuffles=0
		Merged Map outputs=0
		GC time elapsed (ms)=0
		Total committed heap usage (bytes)=1249902592
	HIVE
		DESERIALIZE_ERRORS=0
		RECORDS_IN=1
		RECORDS_OUT_INTERMEDIATE=1
		RECORDS_OUT_OPERATOR_MAP_0=0
		RECORDS_OUT_OPERATOR_RS_2=1
		RECORDS_OUT_OPERATOR_SEL_1=1
		RECORDS_OUT_OPERATOR_TS_0=1
	File Input Format Counters 
		Bytes Read=7466
2024-04-24T06:29:24,897  INFO [LocalJobRunner Map Task Executor #0] mapred.LocalJobRunner: Finishing task: attempt_local1608855230_0047_m_000003_0
2024-04-24T06:29:24,897  INFO [Thread-3920] mapred.LocalJobRunner: map task executor complete.
2024-04-24T06:29:24,898  INFO [Thread-3920] mapred.LocalJobRunner: Waiting for reduce tasks
2024-04-24T06:29:24,898  INFO [pool-228-thread-1] mapred.LocalJobRunner: Starting task: attempt_local1608855230_0047_r_000000_0
2024-04-24T06:29:24,899  INFO [pool-228-thread-1] mapred.Task:  Using ResourceCalculatorProcessTree : [ ]
2024-04-24T06:29:24,899  INFO [pool-228-thread-1] mapred.ReduceTask: Using ShuffleConsumerPlugin: org.apache.hadoop.mapreduce.task.reduce.Shuffle@3bf665cf
2024-04-24T06:29:24,899  WARN [pool-228-thread-1] impl.MetricsSystemImpl: JobTracker metrics system already initialized!
2024-04-24T06:29:24,899  INFO [pool-228-thread-1] reduce.MergeManagerImpl: MergerManager: memoryLimit=1336252800, maxSingleShuffleLimit=334063200, mergeThreshold=881926912, ioSortFactor=10, memToMemMergeOutputsThreshold=10
2024-04-24T06:29:24,900  INFO [EventFetcher for fetching Map Completion Events] reduce.EventFetcher: attempt_local1608855230_0047_r_000000_0 Thread started: EventFetcher for fetching Map Completion Events
2024-04-24T06:29:24,903  INFO [localfetcher#68] reduce.LocalFetcher: localfetcher#68 about to shuffle output of map attempt_local1608855230_0047_m_000000_0 decomp: 23 len: 27 to MEMORY
2024-04-24T06:29:24,903  INFO [localfetcher#68] reduce.InMemoryMapOutput: Read 23 bytes from map-output for attempt_local1608855230_0047_m_000000_0
2024-04-24T06:29:24,903  INFO [localfetcher#68] reduce.MergeManagerImpl: closeInMemoryFile -> map-output of size: 23, inMemoryMapOutputs.size() -> 1, commitMemory -> 0, usedMemory ->23
2024-04-24T06:29:24,905  INFO [localfetcher#68] reduce.LocalFetcher: localfetcher#68 about to shuffle output of map attempt_local1608855230_0047_m_000002_0 decomp: 23 len: 27 to MEMORY
2024-04-24T06:29:24,905  INFO [localfetcher#68] reduce.InMemoryMapOutput: Read 23 bytes from map-output for attempt_local1608855230_0047_m_000002_0
2024-04-24T06:29:24,905  INFO [localfetcher#68] reduce.MergeManagerImpl: closeInMemoryFile -> map-output of size: 23, inMemoryMapOutputs.size() -> 2, commitMemory -> 23, usedMemory ->46
2024-04-24T06:29:24,907  INFO [localfetcher#68] reduce.LocalFetcher: localfetcher#68 about to shuffle output of map attempt_local1608855230_0047_m_000003_0 decomp: 23 len: 27 to MEMORY
2024-04-24T06:29:24,908  INFO [localfetcher#68] reduce.InMemoryMapOutput: Read 23 bytes from map-output for attempt_local1608855230_0047_m_000003_0
2024-04-24T06:29:24,908  INFO [localfetcher#68] reduce.MergeManagerImpl: closeInMemoryFile -> map-output of size: 23, inMemoryMapOutputs.size() -> 3, commitMemory -> 46, usedMemory ->69
2024-04-24T06:29:24,910  INFO [localfetcher#68] reduce.LocalFetcher: localfetcher#68 about to shuffle output of map attempt_local1608855230_0047_m_000001_0 decomp: 23 len: 27 to MEMORY
2024-04-24T06:29:24,910  INFO [localfetcher#68] reduce.InMemoryMapOutput: Read 23 bytes from map-output for attempt_local1608855230_0047_m_000001_0
2024-04-24T06:29:24,910  INFO [localfetcher#68] reduce.MergeManagerImpl: closeInMemoryFile -> map-output of size: 23, inMemoryMapOutputs.size() -> 4, commitMemory -> 69, usedMemory ->92
2024-04-24T06:29:24,910  INFO [EventFetcher for fetching Map Completion Events] reduce.EventFetcher: EventFetcher is interrupted.. Returning
2024-04-24T06:29:24,911  INFO [pool-228-thread-1] mapred.LocalJobRunner: 4 / 4 copied.
2024-04-24T06:29:24,911  INFO [pool-228-thread-1] reduce.MergeManagerImpl: finalMerge called with 4 in-memory map-outputs and 0 on-disk map-outputs
2024-04-24T06:29:24,916  INFO [pool-228-thread-1] mapred.Merger: Merging 4 sorted segments
2024-04-24T06:29:24,917  INFO [pool-228-thread-1] mapred.Merger: Down to the last merge-pass, with 4 segments left of total size: 24 bytes
2024-04-24T06:29:24,919  INFO [pool-228-thread-1] reduce.MergeManagerImpl: Merged 4 segments, 92 bytes to disk to satisfy reduce memory limit
2024-04-24T06:29:24,919  INFO [pool-228-thread-1] reduce.MergeManagerImpl: Merging 1 files, 90 bytes from disk
2024-04-24T06:29:24,919  INFO [pool-228-thread-1] reduce.MergeManagerImpl: Merging 0 segments, 0 bytes from memory into reduce
2024-04-24T06:29:24,919  INFO [pool-228-thread-1] mapred.Merger: Merging 1 sorted segments
2024-04-24T06:29:24,920  INFO [pool-228-thread-1] mapred.Merger: Down to the last merge-pass, with 1 segments left of total size: 69 bytes
2024-04-24T06:29:24,920  INFO [pool-228-thread-1] mapred.LocalJobRunner: 4 / 4 copied.
2024-04-24T06:29:24,920  INFO [pool-228-thread-1] exec.SerializationUtilities: Deserializing ReduceWork using kryo
2024-04-24T06:29:24,920  INFO [pool-228-thread-1] exec.Utilities: Deserialized plan (via FILE) - name: null size: 5,59KB
2024-04-24T06:29:24,921  INFO [pool-228-thread-1] ExecReducer: 
<SEL>Id =3
  <Children>
    <FS>Id =4
      <Children>
      <\Children>
      <Parent>Id = 3 null<\Parent>
    <\FS>
  <\Children>
  <Parent><\Parent>
<\SEL>
2024-04-24T06:29:24,921  INFO [pool-228-thread-1] exec.SelectOperator: Initializing Operator: SEL[3]
2024-04-24T06:29:24,921  INFO [pool-228-thread-1] exec.SelectOperator: SELECT struct<key:struct<reducesinkkey0:int,reducesinkkey1:int>,value:struct<>>
2024-04-24T06:29:24,921  INFO [pool-228-thread-1] exec.FileSinkOperator: Initializing Operator: FS[4]
2024-04-24T06:29:24,922  INFO [pool-228-thread-1] exec.FileSinkOperator: Using serializer : class org.apache.hadoop.hive.serde2.lazy.LazySimpleSerDe [serdeParams=org.apache.hadoop.hive.serde2.lazy.LazySerDeParameters@a0cdf9d, cachedObjectInspector=org.apache.hadoop.hive.serde2.lazy.objectinspector.LazySimpleStructObjectInspector<org.apache.hadoop.hive.serde2.lazy.objectinspector.primitive.LazyIntObjectInspector@4582da06,org.apache.hadoop.hive.serde2.lazy.objectinspector.primitive.LazyIntObjectInspector@4582da06>, serializedSize=0, stats=org.apache.hadoop.hive.serde2.SerDeStats@5be44e82, lastOperationSerialize=false, lastOperationDeserialize=false [1, 2, 3, 4, 5, 6, 7, 8, 11, 14, 15, 16, 17, 18, 19, 20, 21, 22, 23, 24, 25, 26, 28, 29, 30, 31, -128, -127, -126, -125, -124, -123, -122, -121, -120, -119, -118, -117, -116, -115, -114, -113, -112, -111, -110, -109, -108, -107, -106, -105, -104, -103, -102, -101, -100, -99, -98, -97, -96, -95, -94, -93, -92, -91, -90, -89, -88, -87, -86, -85, -84, -83, -82, -81, -80, -79, -78, -77, -76, -75, -74, -73, -72, -71, -70, -69, -68, -67, -66, -65, -64, -63, -62, -61, -60, -59, -58, -57, -56, -55, -54, -53, -52, -51, -50, -49, -48, -47, -46, -45, -44, -43, -42, -41, -40, -39, -38, -37, -36, -35, -34, -33, -32, -31, -30, -29, -28, -27, -26, -25, -24, -23, -22, -21, -20, -19, -18, -17, -16, -15, -14, -13, -12, -11, -10, -9, -8, -7, -6, -5, -4, -3, -2, -1] : [_col0, _col1] : [int, int]] and formatter : org.apache.hadoop.hive.ql.io.HiveSequenceFileOutputFormat@1f0cada2
2024-04-24T06:29:24,922  INFO [pool-228-thread-1] exec.FileSinkOperator: Final Path: FS file:/home/alex/Repositories/hive/ql/target/tmp/localscratchdir/14641619-6468-42b0-b290-5d175e67bb33/hive_2024-04-24_06-29-24_375_7594719622983177288-1/-mr-10001/.hive-staging_hive_2024-04-24_06-29-24_375_7594719622983177288-1/_tmp.-ext-10002/000000_0
2024-04-24T06:29:24,922  INFO [pool-228-thread-1] exec.FileSinkOperator: Writing to temp file: FS file:/home/alex/Repositories/hive/ql/target/tmp/localscratchdir/14641619-6468-42b0-b290-5d175e67bb33/hive_2024-04-24_06-29-24_375_7594719622983177288-1/-mr-10001/.hive-staging_hive_2024-04-24_06-29-24_375_7594719622983177288-1/_task_tmp.-ext-10002/_tmp.000000_0
2024-04-24T06:29:24,922  INFO [pool-228-thread-1] exec.FileSinkOperator: New Final Path: FS file:/home/alex/Repositories/hive/ql/target/tmp/localscratchdir/14641619-6468-42b0-b290-5d175e67bb33/hive_2024-04-24_06-29-24_375_7594719622983177288-1/-mr-10001/.hive-staging_hive_2024-04-24_06-29-24_375_7594719622983177288-1/_tmp.-ext-10002/000000_0
2024-04-24T06:29:24,930  INFO [pool-228-thread-1] exec.FileSinkOperator: FS[4]: records written - 1
2024-04-24T06:29:24,930  INFO [pool-228-thread-1] exec.SelectOperator: Closing Operator: SEL[3]
2024-04-24T06:29:24,930  INFO [pool-228-thread-1] exec.SelectOperator: RECORDS_OUT_INTERMEDIATE:0, RECORDS_OUT_OPERATOR_SEL_3:4, 
2024-04-24T06:29:24,930  INFO [pool-228-thread-1] exec.FileSinkOperator: Closing Operator: FS[4]
2024-04-24T06:29:24,930  INFO [pool-228-thread-1] exec.FileSinkOperator: FS[4]: records written - 4
2024-04-24T06:29:24,931  INFO [pool-228-thread-1] exec.FileSinkOperator: RECORDS_OUT_0:4, RECORDS_OUT_INTERMEDIATE:0, RECORDS_OUT_OPERATOR_FS_4:4, 
2024-04-24T06:29:24,931  INFO [pool-228-thread-1] mapred.Task: Task:attempt_local1608855230_0047_r_000000_0 is done. And is in the process of committing
2024-04-24T06:29:24,932  INFO [pool-228-thread-1] mapred.LocalJobRunner: reduce > reduce
2024-04-24T06:29:24,932  INFO [pool-228-thread-1] mapred.Task: Task 'attempt_local1608855230_0047_r_000000_0' done.
2024-04-24T06:29:24,932  INFO [pool-228-thread-1] mapred.Task: Final Counters for attempt_local1608855230_0047_r_000000_0: Counters: 29
	File System Counters
		FILE: Number of bytes read=1035069
		FILE: Number of bytes written=55439615
		FILE: Number of read operations=0
		FILE: Number of large read operations=0
		FILE: Number of write operations=0
	Map-Reduce Framework
		Combine input records=0
		Combine output records=0
		Reduce input groups=4
		Reduce shuffle bytes=108
		Reduce input records=4
		Reduce output records=0
		Spilled Records=4
		Shuffled Maps =4
		Failed Shuffles=0
		Merged Map outputs=4
		GC time elapsed (ms)=0
		Total committed heap usage (bytes)=1249902592
	HIVE
		CREATED_FILES=1
		RECORDS_OUT_0=4
		RECORDS_OUT_INTERMEDIATE=0
		RECORDS_OUT_OPERATOR_FS_4=4
		RECORDS_OUT_OPERATOR_SEL_3=4
	Shuffle Errors
		BAD_ID=0
		CONNECTION=0
		IO_ERROR=0
		WRONG_LENGTH=0
		WRONG_MAP=0
		WRONG_REDUCE=0
	File Output Format Counters 
		Bytes Written=0
2024-04-24T06:29:24,932  INFO [pool-228-thread-1] mapred.LocalJobRunner: Finishing task: attempt_local1608855230_0047_r_000000_0
2024-04-24T06:29:24,932  INFO [Thread-3920] mapred.LocalJobRunner: reduce task executor complete.
2024-04-24 06:29:25,782 Stage-1 map = 100%,  reduce = 100%
2024-04-24T06:29:25,782  INFO [main] exec.Task: 2024-04-24 06:29:25,782 Stage-1 map = 100%,  reduce = 100%
Ended Job = job_local1608855230_0047
2024-04-24T06:29:25,784  INFO [main] exec.Task: Ended Job = job_local1608855230_0047
2024-04-24T06:29:25,786  INFO [main] metadata.Hive: Dumping metastore api call timing information for : execution phase
2024-04-24T06:29:25,786  INFO [main] metadata.Hive: Total time spent in each metastore function (ms): {}
MapReduce Jobs Launched: 
2024-04-24T06:29:25,786  INFO [main] ql.Driver: MapReduce Jobs Launched: 
Stage-Stage-1:  HDFS Read: 0 HDFS Write: 0 SUCCESS
2024-04-24T06:29:25,786  INFO [main] ql.Driver: Stage-Stage-1:  HDFS Read: 0 HDFS Write: 0 SUCCESS
Total MapReduce CPU Time Spent: 0 msec
2024-04-24T06:29:25,786  INFO [main] ql.Driver: Total MapReduce CPU Time Spent: 0 msec
2024-04-24T06:29:25,786  INFO [main] ql.Driver: Completed executing command(queryId=alex_20240424062924_778d4369-50b3-4df5-a790-93f4dffd17d7); Time taken: 1.287 seconds
2024-04-24T06:29:25,789  INFO [main] mapred.FileInputFormat: Total input files to process : 1
2024-04-24T06:29:25,790  INFO [main] exec.ListSinkOperator: Closing Operator: LIST_SINK[5]
2024-04-24T06:29:25,790  INFO [main] exec.ListSinkOperator: RECORDS_OUT_OPERATOR_LIST_SINK_5:4, RECORDS_OUT_INTERMEDIATE:0, 
2024-04-24T06:29:25,790  INFO [main] ql.TxnCommandsBaseForTests: Running the query: update acidTbl set b = 1 where b != 1
2024-04-24T06:29:25,790  INFO [main] ql.Context: Deleting scratch dir: file:/home/alex/Repositories/hive/ql/target/tmp/localscratchdir/14641619-6468-42b0-b290-5d175e67bb33/hive_2024-04-24_06-29-24_375_7594719622983177288-1
2024-04-24T06:29:25,791  INFO [main] cleanup.SyncCleanupService: Deleted directory: file:/home/alex/Repositories/hive/ql/target/tmp/localscratchdir/14641619-6468-42b0-b290-5d175e67bb33/hive_2024-04-24_06-29-24_375_7594719622983177288-1 on fs with scheme file
2024-04-24T06:29:25,791  INFO [main] ql.Driver: Compiling command(queryId=alex_20240424062925_d2a11425-eadf-4ea0-b13b-27ee7eadad55): update acidTbl set b = 1 where b != 1
2024-04-24T06:29:25,792  INFO [main] parse.UpdateDeleteSemanticAnalyzer: Starting caching scope for: 
2024-04-24T06:29:25,792  INFO [main] HiveMetaStore.audit: ugi=alex	ip=unknown-ip-addr	cmd=get_table : tbl=hive.default.acidTbl	
2024-04-24T06:29:25,798  INFO [main] metastore.HMSHandler: Skipping translation for processor with null
2024-04-24T06:29:25,799  INFO [main] parse.RewriteSemanticAnalyzer: Going to reparse <update acidTbl set b = 1 where b != 1> as 
<insert into table `default`.`acidTbl` select ROW__ID,`a`,`b` from `default`.`acidTbl` sort by ROW__ID >
2024-04-24T06:29:25,799  INFO [main] parse.UpdateDeleteSemanticAnalyzer: Starting Semantic Analysis
2024-04-24T06:29:25,800  INFO [main] HiveMetaStore.audit: ugi=alex	ip=unknown-ip-addr	cmd=get_table : tbl=hive.default.acidTbl	
2024-04-24T06:29:25,807  INFO [main] metastore.HMSHandler: Skipping translation for processor with null
2024-04-24T06:29:25,807  INFO [main] parse.UpdateDeleteSemanticAnalyzer: Completed phase 1 of Semantic Analysis
2024-04-24T06:29:25,807  INFO [main] parse.UpdateDeleteSemanticAnalyzer: Get metadata for source tables
2024-04-24T06:29:25,807  INFO [main] HiveMetaStore.audit: ugi=alex	ip=unknown-ip-addr	cmd=get_table : tbl=hive.default.acidtbl	
2024-04-24T06:29:25,814  INFO [main] metastore.HMSHandler: Skipping translation for processor with null
2024-04-24T06:29:25,814  INFO [main] parse.UpdateDeleteSemanticAnalyzer: Get metadata for subqueries
2024-04-24T06:29:25,814  INFO [main] parse.UpdateDeleteSemanticAnalyzer: Get metadata for destination tables
2024-04-24T06:29:25,814  INFO [main] HiveMetaStore.audit: ugi=alex	ip=unknown-ip-addr	cmd=get_table : tbl=hive.default.acidTbl	
2024-04-24T06:29:25,820  INFO [main] metastore.HMSHandler: Skipping translation for processor with null
2024-04-24T06:29:25,821  INFO [main] parse.UpdateDeleteSemanticAnalyzer: Completed getting MetaData in Semantic Analysis
2024-04-24T06:29:25,821  INFO [main] parse.UpdateDeleteSemanticAnalyzer: Disabling LLAP IO encode as ETL query is detected
2024-04-24T06:29:25,832  INFO [main] HiveMetaStore.audit: ugi=alex	ip=unknown-ip-addr	cmd=get_all_table_constraints : tbl=hive.default.acidtbl	
2024-04-24T06:29:25,837  INFO [main] HiveMetaStore.audit: ugi=alex	ip=unknown-ip-addr	cmd=get_not_null_constraints : tbl=hive.default.acidtbl	
2024-04-24T06:29:25,838  INFO [main] HiveMetaStore.audit: ugi=alex	ip=unknown-ip-addr	cmd=get_check_constraints : tbl=hive.default.acidtbl	
2024-04-24T06:29:25,860  INFO [main] calcite.RelOptHiveTable: Calculating column statistics for default.acidtbl, projIndxSet: [0, 1], allowMissingStats: true
2024-04-24T06:29:25,860  INFO [main] HiveMetaStore.audit: ugi=alex	ip=unknown-ip-addr	cmd=get_table : tbl=hive.default.acidtbl	
2024-04-24T06:29:25,869  INFO [main] metastore.HMSHandler: Skipping translation for processor with null
2024-04-24T06:29:25,870  INFO [main] HiveMetaStore.audit: ugi=alex	ip=unknown-ip-addr	cmd=get_table : tbl=hive.default.acidtbl	
2024-04-24T06:29:25,879  INFO [main] metastore.HMSHandler: Skipping translation for processor with null
2024-04-24T06:29:25,879  INFO [main] HiveMetaStore.audit: ugi=alex	ip=unknown-ip-addr	cmd=get_table_statistics_req: table=hive.default.acidtbl	
2024-04-24T06:29:25,887  WARN [main] calcite.RelOptHiveTable: No Stats for default@acidtbl, Columns: a, b
No Stats for default@acidtbl, Columns: a, b
2024-04-24T06:29:25,887  INFO [main] SessionState: No Stats for default@acidtbl, Columns: a, b
2024-04-24T06:29:25,943  INFO [main] parse.UpdateDeleteSemanticAnalyzer: Get metadata for source tables
2024-04-24T06:29:25,944  INFO [main] parse.UpdateDeleteSemanticAnalyzer: Get metadata for subqueries
2024-04-24T06:29:25,944  INFO [main] parse.UpdateDeleteSemanticAnalyzer: Get metadata for destination tables
2024-04-24T06:29:25,944  INFO [main] HiveMetaStore.audit: ugi=alex	ip=unknown-ip-addr	cmd=get_table : tbl=hive.default.acidTbl	
2024-04-24T06:29:25,950  INFO [main] metastore.HMSHandler: Skipping translation for processor with null
2024-04-24T06:29:25,952 ERROR [main] parse.UpdateDeleteSemanticAnalyzer: CBO failed, skipping CBO. 
org.apache.hadoop.hive.ql.exec.NoMatchingMethodException: No matching method for class org.apache.hadoop.hive.ql.udf.UDFToInteger with (struct<writeid:bigint,bucketid:int,rowid:bigint>). Possible choices: _FUNC_(bigint)  _FUNC_(boolean)  _FUNC_(decimal(38,18))  _FUNC_(double)  _FUNC_(float)  _FUNC_(smallint)  _FUNC_(string)  _FUNC_(struct<writeid:int,bucketid:bigint,rowid:bigint>)  _FUNC_(timestamp)  _FUNC_(tinyint)  _FUNC_(void)  
	at org.apache.hadoop.hive.ql.exec.MethodUtils.getMethodInternal(MethodUtils.java:130) ~[classes/:?]
	at org.apache.hadoop.hive.ql.exec.MethodUtils.getMethodInternal(MethodUtils.java:60) ~[classes/:?]
	at org.apache.hadoop.hive.ql.exec.DefaultUDFMethodResolver.getEvalMethod(DefaultUDFMethodResolver.java:59) ~[classes/:?]
	at org.apache.hadoop.hive.ql.udf.TimestampCastRestrictorResolver.getEvalMethod(TimestampCastRestrictorResolver.java:68) ~[classes/:?]
	at org.apache.hadoop.hive.ql.udf.generic.GenericUDFBridge.initialize(GenericUDFBridge.java:168) ~[classes/:?]
	at org.apache.hadoop.hive.ql.udf.generic.GenericUDF.initializeAndFoldConstants(GenericUDF.java:149) ~[classes/:?]
	at org.apache.hadoop.hive.ql.plan.ExprNodeGenericFuncDesc.newInstance(ExprNodeGenericFuncDesc.java:235) ~[classes/:?]
	at org.apache.hadoop.hive.ql.parse.type.ExprNodeDescExprFactory.createFuncCallExpr(ExprNodeDescExprFactory.java:584) ~[classes/:?]
	at org.apache.hadoop.hive.ql.parse.type.ExprNodeDescExprFactory.createFuncCallExpr(ExprNodeDescExprFactory.java:97) ~[classes/:?]
	at org.apache.hadoop.hive.ql.parse.type.TypeCheckProcFactory$DefaultExprProcessor.getFuncExprNodeDescWithUdfData(TypeCheckProcFactory.java:762) ~[classes/:?]
	at org.apache.hadoop.hive.ql.parse.type.TypeCheckProcFactory$DefaultExprProcessor.createConversionCast(TypeCheckProcFactory.java:783) ~[classes/:?]
	at org.apache.hadoop.hive.ql.parse.SemanticAnalyzer.getPartitionColsFromBucketColsForUpdateDelete(SemanticAnalyzer.java:8725) ~[classes/:?]
	at org.apache.hadoop.hive.ql.parse.SemanticAnalyzer.genBucketingSortingDest(SemanticAnalyzer.java:6906) ~[classes/:?]
	at org.apache.hadoop.hive.ql.parse.SemanticAnalyzer.genFileSinkPlan(SemanticAnalyzer.java:7335) ~[classes/:?]
	at org.apache.hadoop.hive.ql.parse.SemanticAnalyzer.genPostGroupByBodyPlan(SemanticAnalyzer.java:11063) ~[classes/:?]
	at org.apache.hadoop.hive.ql.parse.SemanticAnalyzer.genBodyPlan(SemanticAnalyzer.java:10938) ~[classes/:?]
	at org.apache.hadoop.hive.ql.parse.SemanticAnalyzer.genPlan(SemanticAnalyzer.java:11853) ~[classes/:?]
	at org.apache.hadoop.hive.ql.parse.SemanticAnalyzer.genPlan(SemanticAnalyzer.java:11723) ~[classes/:?]
	at org.apache.hadoop.hive.ql.parse.CalcitePlanner.genOPTree(CalcitePlanner.java:626) ~[classes/:?]
	at org.apache.hadoop.hive.ql.parse.SemanticAnalyzer.analyzeInternal(SemanticAnalyzer.java:12558) ~[classes/:?]
	at org.apache.hadoop.hive.ql.parse.CalcitePlanner.analyzeInternal(CalcitePlanner.java:456) ~[classes/:?]
	at org.apache.hadoop.hive.ql.parse.RewriteSemanticAnalyzer.analyzeInternal(RewriteSemanticAnalyzer.java:67) ~[classes/:?]
	at org.apache.hadoop.hive.ql.parse.BaseSemanticAnalyzer.analyze(BaseSemanticAnalyzer.java:317) ~[classes/:?]
	at org.apache.hadoop.hive.ql.parse.UpdateDeleteSemanticAnalyzer.reparseAndSuperAnalyze(UpdateDeleteSemanticAnalyzer.java:208) ~[classes/:?]
	at org.apache.hadoop.hive.ql.parse.UpdateDeleteSemanticAnalyzer.analyzeUpdate(UpdateDeleteSemanticAnalyzer.java:63) ~[classes/:?]
	at org.apache.hadoop.hive.ql.parse.UpdateDeleteSemanticAnalyzer.analyze(UpdateDeleteSemanticAnalyzer.java:53) ~[classes/:?]
	at org.apache.hadoop.hive.ql.parse.RewriteSemanticAnalyzer.analyzeInternal(RewriteSemanticAnalyzer.java:72) ~[classes/:?]
	at org.apache.hadoop.hive.ql.parse.BaseSemanticAnalyzer.analyze(BaseSemanticAnalyzer.java:317) ~[classes/:?]
	at org.apache.hadoop.hive.ql.Compiler.analyze(Compiler.java:223) ~[classes/:?]
	at org.apache.hadoop.hive.ql.Compiler.compile(Compiler.java:105) ~[classes/:?]
	at org.apache.hadoop.hive.ql.Driver.compile(Driver.java:500) ~[classes/:?]
	at org.apache.hadoop.hive.ql.Driver.compileInternal(Driver.java:453) ~[classes/:?]
	at org.apache.hadoop.hive.ql.Driver.runInternal(Driver.java:181) ~[classes/:?]
	at org.apache.hadoop.hive.ql.Driver.run(Driver.java:153) ~[classes/:?]
	at org.apache.hadoop.hive.ql.Driver.run(Driver.java:140) ~[classes/:?]
	at org.apache.hadoop.hive.ql.TxnCommandsBaseForTests.runStatementOnDriver(TxnCommandsBaseForTests.java:245) ~[test-classes/:?]
	at org.apache.hadoop.hive.ql.TestTxnCommands.testUpdateDeleteOfInserts(TestTxnCommands.java:883) ~[test-classes/:?]
	at sun.reflect.NativeMethodAccessorImpl.invoke0(Native Method) ~[?:1.8.0_402]
	at sun.reflect.NativeMethodAccessorImpl.invoke(NativeMethodAccessorImpl.java:62) ~[?:1.8.0_402]
	at sun.reflect.DelegatingMethodAccessorImpl.invoke(DelegatingMethodAccessorImpl.java:43) ~[?:1.8.0_402]
	at java.lang.reflect.Method.invoke(Method.java:498) ~[?:1.8.0_402]
	at org.junit.runners.model.FrameworkMethod$1.runReflectiveCall(FrameworkMethod.java:59) ~[junit-4.13.jar:4.13]
	at org.junit.internal.runners.model.ReflectiveCallable.run(ReflectiveCallable.java:12) ~[junit-4.13.jar:4.13]
	at org.junit.runners.model.FrameworkMethod.invokeExplosively(FrameworkMethod.java:56) ~[junit-4.13.jar:4.13]
	at org.junit.internal.runners.statements.InvokeMethod.evaluate(InvokeMethod.java:17) ~[junit-4.13.jar:4.13]
	at org.junit.internal.runners.statements.RunBefores.evaluate(RunBefores.java:26) ~[junit-4.13.jar:4.13]
	at org.junit.internal.runners.statements.RunAfters.evaluate(RunAfters.java:27) ~[junit-4.13.jar:4.13]
	at org.junit.rules.TestWatcher$1.evaluate(TestWatcher.java:61) ~[junit-4.13.jar:4.13]
	at org.junit.runners.ParentRunner$3.evaluate(ParentRunner.java:306) ~[junit-4.13.jar:4.13]
	at org.junit.runners.BlockJUnit4ClassRunner$1.evaluate(BlockJUnit4ClassRunner.java:100) ~[junit-4.13.jar:4.13]
	at org.junit.runners.ParentRunner.runLeaf(ParentRunner.java:366) ~[junit-4.13.jar:4.13]
	at org.junit.runners.BlockJUnit4ClassRunner.runChild(BlockJUnit4ClassRunner.java:103) ~[junit-4.13.jar:4.13]
	at org.junit.runners.BlockJUnit4ClassRunner.runChild(BlockJUnit4ClassRunner.java:63) ~[junit-4.13.jar:4.13]
	at org.junit.runners.ParentRunner$4.run(ParentRunner.java:331) ~[junit-4.13.jar:4.13]
	at org.junit.runners.ParentRunner$1.schedule(ParentRunner.java:79) ~[junit-4.13.jar:4.13]
	at org.junit.runners.ParentRunner.runChildren(ParentRunner.java:329) ~[junit-4.13.jar:4.13]
	at org.junit.runners.ParentRunner.access$100(ParentRunner.java:66) ~[junit-4.13.jar:4.13]
	at org.junit.runners.ParentRunner$2.evaluate(ParentRunner.java:293) ~[junit-4.13.jar:4.13]
	at org.junit.runners.ParentRunner$3.evaluate(ParentRunner.java:306) ~[junit-4.13.jar:4.13]
	at org.junit.runners.ParentRunner.run(ParentRunner.java:413) ~[junit-4.13.jar:4.13]
	at org.junit.runner.JUnitCore.run(JUnitCore.java:137) ~[junit-4.13.jar:4.13]
	at org.junit.runner.JUnitCore.run(JUnitCore.java:115) ~[junit-4.13.jar:4.13]
	at org.junit.vintage.engine.execution.RunnerExecutor.execute(RunnerExecutor.java:43) ~[junit-vintage-engine-5.6.2.jar:5.6.2]
	at java.util.stream.ForEachOps$ForEachOp$OfRef.accept(ForEachOps.java:183) ~[?:1.8.0_402]
	at java.util.stream.ReferencePipeline$3$1.accept(ReferencePipeline.java:193) ~[?:1.8.0_402]
	at java.util.Iterator.forEachRemaining(Iterator.java:116) ~[?:1.8.0_402]
	at java.util.Spliterators$IteratorSpliterator.forEachRemaining(Spliterators.java:1801) ~[?:1.8.0_402]
	at java.util.stream.AbstractPipeline.copyInto(AbstractPipeline.java:482) ~[?:1.8.0_402]
	at java.util.stream.AbstractPipeline.wrapAndCopyInto(AbstractPipeline.java:472) ~[?:1.8.0_402]
	at java.util.stream.ForEachOps$ForEachOp.evaluateSequential(ForEachOps.java:150) ~[?:1.8.0_402]
	at java.util.stream.ForEachOps$ForEachOp$OfRef.evaluateSequential(ForEachOps.java:173) ~[?:1.8.0_402]
	at java.util.stream.AbstractPipeline.evaluate(AbstractPipeline.java:234) ~[?:1.8.0_402]
	at java.util.stream.ReferencePipeline.forEach(ReferencePipeline.java:485) ~[?:1.8.0_402]
	at org.junit.vintage.engine.VintageTestEngine.executeAllChildren(VintageTestEngine.java:82) ~[junit-vintage-engine-5.6.2.jar:5.6.2]
	at org.junit.vintage.engine.VintageTestEngine.execute(VintageTestEngine.java:73) ~[junit-vintage-engine-5.6.2.jar:5.6.2]
	at org.junit.platform.launcher.core.DefaultLauncher.execute(DefaultLauncher.java:248) ~[junit-platform-launcher-1.6.2.jar:1.6.2]
	at org.junit.platform.launcher.core.DefaultLauncher.lambda$execute$5(DefaultLauncher.java:211) ~[junit-platform-launcher-1.6.2.jar:1.6.2]
	at org.junit.platform.launcher.core.DefaultLauncher.withInterceptedStreams(DefaultLauncher.java:226) [junit-platform-launcher-1.6.2.jar:1.6.2]
	at org.junit.platform.launcher.core.DefaultLauncher.execute(DefaultLauncher.java:199) [junit-platform-launcher-1.6.2.jar:1.6.2]
	at org.junit.platform.launcher.core.DefaultLauncher.execute(DefaultLauncher.java:132) [junit-platform-launcher-1.6.2.jar:1.6.2]
	at org.apache.maven.surefire.junitplatform.JUnitPlatformProvider.invokeAllTests(JUnitPlatformProvider.java:154) [surefire-junit-platform-3.0.0-M4.jar:3.0.0-M4]
	at org.apache.maven.surefire.junitplatform.JUnitPlatformProvider.invoke(JUnitPlatformProvider.java:123) [surefire-junit-platform-3.0.0-M4.jar:3.0.0-M4]
	at org.apache.maven.surefire.booter.ForkedBooter.runSuitesInProcess(ForkedBooter.java:377) [surefire-booter-3.0.0-M4.jar:3.0.0-M4]
	at org.apache.maven.surefire.booter.ForkedBooter.execute(ForkedBooter.java:138) [surefire-booter-3.0.0-M4.jar:3.0.0-M4]
	at org.apache.maven.surefire.booter.ForkedBooter.run(ForkedBooter.java:465) [surefire-booter-3.0.0-M4.jar:3.0.0-M4]
	at org.apache.maven.surefire.booter.ForkedBooter.main(ForkedBooter.java:451) [surefire-booter-3.0.0-M4.jar:3.0.0-M4]
2024-04-24T06:29:25,953 ERROR [main] parse.UpdateDeleteSemanticAnalyzer: CBO failed due to missing column stats (see previous errors), skipping CBO
2024-04-24T06:29:25,953  INFO [main] parse.UpdateDeleteSemanticAnalyzer: Ending caching scope for: 
FAILED: NoMatchingMethodException No matching method for class org.apache.hadoop.hive.ql.udf.UDFToInteger with (struct<writeid:bigint,bucketid:int,rowid:bigint>). Possible choices: _FUNC_(bigint)  _FUNC_(boolean)  _FUNC_(decimal(38,18))  _FUNC_(double)  _FUNC_(float)  _FUNC_(smallint)  _FUNC_(string)  _FUNC_(struct<writeid:int,bucketid:bigint,rowid:bigint>)  _FUNC_(timestamp)  _FUNC_(tinyint)  _FUNC_(void)  
2024-04-24T06:29:25,954 ERROR [main] ql.Driver: FAILED: NoMatchingMethodException No matching method for class org.apache.hadoop.hive.ql.udf.UDFToInteger with (struct<writeid:bigint,bucketid:int,rowid:bigint>). Possible choices: _FUNC_(bigint)  _FUNC_(boolean)  _FUNC_(decimal(38,18))  _FUNC_(double)  _FUNC_(float)  _FUNC_(smallint)  _FUNC_(string)  _FUNC_(struct<writeid:int,bucketid:bigint,rowid:bigint>)  _FUNC_(timestamp)  _FUNC_(tinyint)  _FUNC_(void)  
org.apache.hadoop.hive.ql.exec.NoMatchingMethodException: No matching method for class org.apache.hadoop.hive.ql.udf.UDFToInteger with (struct<writeid:bigint,bucketid:int,rowid:bigint>). Possible choices: _FUNC_(bigint)  _FUNC_(boolean)  _FUNC_(decimal(38,18))  _FUNC_(double)  _FUNC_(float)  _FUNC_(smallint)  _FUNC_(string)  _FUNC_(struct<writeid:int,bucketid:bigint,rowid:bigint>)  _FUNC_(timestamp)  _FUNC_(tinyint)  _FUNC_(void)  
	at org.apache.hadoop.hive.ql.exec.MethodUtils.getMethodInternal(MethodUtils.java:130)
	at org.apache.hadoop.hive.ql.exec.MethodUtils.getMethodInternal(MethodUtils.java:60)
	at org.apache.hadoop.hive.ql.exec.DefaultUDFMethodResolver.getEvalMethod(DefaultUDFMethodResolver.java:59)
	at org.apache.hadoop.hive.ql.udf.TimestampCastRestrictorResolver.getEvalMethod(TimestampCastRestrictorResolver.java:68)
	at org.apache.hadoop.hive.ql.udf.generic.GenericUDFBridge.initialize(GenericUDFBridge.java:168)
	at org.apache.hadoop.hive.ql.udf.generic.GenericUDF.initializeAndFoldConstants(GenericUDF.java:149)
	at org.apache.hadoop.hive.ql.plan.ExprNodeGenericFuncDesc.newInstance(ExprNodeGenericFuncDesc.java:235)
	at org.apache.hadoop.hive.ql.parse.type.ExprNodeDescExprFactory.createFuncCallExpr(ExprNodeDescExprFactory.java:584)
	at org.apache.hadoop.hive.ql.parse.type.ExprNodeDescExprFactory.createFuncCallExpr(ExprNodeDescExprFactory.java:97)
	at org.apache.hadoop.hive.ql.parse.type.TypeCheckProcFactory$DefaultExprProcessor.getFuncExprNodeDescWithUdfData(TypeCheckProcFactory.java:762)
	at org.apache.hadoop.hive.ql.parse.type.TypeCheckProcFactory$DefaultExprProcessor.createConversionCast(TypeCheckProcFactory.java:783)
	at org.apache.hadoop.hive.ql.parse.SemanticAnalyzer.getPartitionColsFromBucketColsForUpdateDelete(SemanticAnalyzer.java:8725)
	at org.apache.hadoop.hive.ql.parse.SemanticAnalyzer.genBucketingSortingDest(SemanticAnalyzer.java:6906)
	at org.apache.hadoop.hive.ql.parse.SemanticAnalyzer.genFileSinkPlan(SemanticAnalyzer.java:7335)
	at org.apache.hadoop.hive.ql.parse.SemanticAnalyzer.genPostGroupByBodyPlan(SemanticAnalyzer.java:11063)
	at org.apache.hadoop.hive.ql.parse.SemanticAnalyzer.genBodyPlan(SemanticAnalyzer.java:10938)
	at org.apache.hadoop.hive.ql.parse.SemanticAnalyzer.genPlan(SemanticAnalyzer.java:11853)
	at org.apache.hadoop.hive.ql.parse.SemanticAnalyzer.genPlan(SemanticAnalyzer.java:11723)
	at org.apache.hadoop.hive.ql.parse.CalcitePlanner.genOPTree(CalcitePlanner.java:626)
	at org.apache.hadoop.hive.ql.parse.SemanticAnalyzer.analyzeInternal(SemanticAnalyzer.java:12558)
	at org.apache.hadoop.hive.ql.parse.CalcitePlanner.analyzeInternal(CalcitePlanner.java:456)
	at org.apache.hadoop.hive.ql.parse.RewriteSemanticAnalyzer.analyzeInternal(RewriteSemanticAnalyzer.java:67)
	at org.apache.hadoop.hive.ql.parse.BaseSemanticAnalyzer.analyze(BaseSemanticAnalyzer.java:317)
	at org.apache.hadoop.hive.ql.parse.UpdateDeleteSemanticAnalyzer.reparseAndSuperAnalyze(UpdateDeleteSemanticAnalyzer.java:208)
	at org.apache.hadoop.hive.ql.parse.UpdateDeleteSemanticAnalyzer.analyzeUpdate(UpdateDeleteSemanticAnalyzer.java:63)
	at org.apache.hadoop.hive.ql.parse.UpdateDeleteSemanticAnalyzer.analyze(UpdateDeleteSemanticAnalyzer.java:53)
	at org.apache.hadoop.hive.ql.parse.RewriteSemanticAnalyzer.analyzeInternal(RewriteSemanticAnalyzer.java:72)
	at org.apache.hadoop.hive.ql.parse.BaseSemanticAnalyzer.analyze(BaseSemanticAnalyzer.java:317)
	at org.apache.hadoop.hive.ql.Compiler.analyze(Compiler.java:223)
	at org.apache.hadoop.hive.ql.Compiler.compile(Compiler.java:105)
	at org.apache.hadoop.hive.ql.Driver.compile(Driver.java:500)
	at org.apache.hadoop.hive.ql.Driver.compileInternal(Driver.java:453)
	at org.apache.hadoop.hive.ql.Driver.runInternal(Driver.java:181)
	at org.apache.hadoop.hive.ql.Driver.run(Driver.java:153)
	at org.apache.hadoop.hive.ql.Driver.run(Driver.java:140)
	at org.apache.hadoop.hive.ql.TxnCommandsBaseForTests.runStatementOnDriver(TxnCommandsBaseForTests.java:245)
	at org.apache.hadoop.hive.ql.TestTxnCommands.testUpdateDeleteOfInserts(TestTxnCommands.java:883)
	at sun.reflect.NativeMethodAccessorImpl.invoke0(Native Method)
	at sun.reflect.NativeMethodAccessorImpl.invoke(NativeMethodAccessorImpl.java:62)
	at sun.reflect.DelegatingMethodAccessorImpl.invoke(DelegatingMethodAccessorImpl.java:43)
	at java.lang.reflect.Method.invoke(Method.java:498)
	at org.junit.runners.model.FrameworkMethod$1.runReflectiveCall(FrameworkMethod.java:59)
	at org.junit.internal.runners.model.ReflectiveCallable.run(ReflectiveCallable.java:12)
	at org.junit.runners.model.FrameworkMethod.invokeExplosively(FrameworkMethod.java:56)
	at org.junit.internal.runners.statements.InvokeMethod.evaluate(InvokeMethod.java:17)
	at org.junit.internal.runners.statements.RunBefores.evaluate(RunBefores.java:26)
	at org.junit.internal.runners.statements.RunAfters.evaluate(RunAfters.java:27)
	at org.junit.rules.TestWatcher$1.evaluate(TestWatcher.java:61)
	at org.junit.runners.ParentRunner$3.evaluate(ParentRunner.java:306)
	at org.junit.runners.BlockJUnit4ClassRunner$1.evaluate(BlockJUnit4ClassRunner.java:100)
	at org.junit.runners.ParentRunner.runLeaf(ParentRunner.java:366)
	at org.junit.runners.BlockJUnit4ClassRunner.runChild(BlockJUnit4ClassRunner.java:103)
	at org.junit.runners.BlockJUnit4ClassRunner.runChild(BlockJUnit4ClassRunner.java:63)
	at org.junit.runners.ParentRunner$4.run(ParentRunner.java:331)
	at org.junit.runners.ParentRunner$1.schedule(ParentRunner.java:79)
	at org.junit.runners.ParentRunner.runChildren(ParentRunner.java:329)
	at org.junit.runners.ParentRunner.access$100(ParentRunner.java:66)
	at org.junit.runners.ParentRunner$2.evaluate(ParentRunner.java:293)
	at org.junit.runners.ParentRunner$3.evaluate(ParentRunner.java:306)
	at org.junit.runners.ParentRunner.run(ParentRunner.java:413)
	at org.junit.runner.JUnitCore.run(JUnitCore.java:137)
	at org.junit.runner.JUnitCore.run(JUnitCore.java:115)
	at org.junit.vintage.engine.execution.RunnerExecutor.execute(RunnerExecutor.java:43)
	at java.util.stream.ForEachOps$ForEachOp$OfRef.accept(ForEachOps.java:183)
	at java.util.stream.ReferencePipeline$3$1.accept(ReferencePipeline.java:193)
	at java.util.Iterator.forEachRemaining(Iterator.java:116)
	at java.util.Spliterators$IteratorSpliterator.forEachRemaining(Spliterators.java:1801)
	at java.util.stream.AbstractPipeline.copyInto(AbstractPipeline.java:482)
	at java.util.stream.AbstractPipeline.wrapAndCopyInto(AbstractPipeline.java:472)
	at java.util.stream.ForEachOps$ForEachOp.evaluateSequential(ForEachOps.java:150)
	at java.util.stream.ForEachOps$ForEachOp$OfRef.evaluateSequential(ForEachOps.java:173)
	at java.util.stream.AbstractPipeline.evaluate(AbstractPipeline.java:234)
	at java.util.stream.ReferencePipeline.forEach(ReferencePipeline.java:485)
	at org.junit.vintage.engine.VintageTestEngine.executeAllChildren(VintageTestEngine.java:82)
	at org.junit.vintage.engine.VintageTestEngine.execute(VintageTestEngine.java:73)
	at org.junit.platform.launcher.core.DefaultLauncher.execute(DefaultLauncher.java:248)
	at org.junit.platform.launcher.core.DefaultLauncher.lambda$execute$5(DefaultLauncher.java:211)
	at org.junit.platform.launcher.core.DefaultLauncher.withInterceptedStreams(DefaultLauncher.java:226)
	at org.junit.platform.launcher.core.DefaultLauncher.execute(DefaultLauncher.java:199)
	at org.junit.platform.launcher.core.DefaultLauncher.execute(DefaultLauncher.java:132)
	at org.apache.maven.surefire.junitplatform.JUnitPlatformProvider.invokeAllTests(JUnitPlatformProvider.java:154)
	at org.apache.maven.surefire.junitplatform.JUnitPlatformProvider.invoke(JUnitPlatformProvider.java:123)
	at org.apache.maven.surefire.booter.ForkedBooter.runSuitesInProcess(ForkedBooter.java:377)
	at org.apache.maven.surefire.booter.ForkedBooter.execute(ForkedBooter.java:138)
	at org.apache.maven.surefire.booter.ForkedBooter.run(ForkedBooter.java:465)
	at org.apache.maven.surefire.booter.ForkedBooter.main(ForkedBooter.java:451)

2024-04-24T06:29:25,954  INFO [main] metadata.Hive: Dumping metastore api call timing information for : compilation phase
2024-04-24T06:29:25,954  INFO [main] metadata.Hive: Total time spent in each metastore function (ms): {getNotNullConstraints_(NotNullConstraintsRequest)=1, getTable_(GetTableRequest)=34, getAllTableConstraints_(AllTableConstraintsRequest)=4, getCheckConstraints_(CheckConstraintsRequest)=1, getValidWriteIds_(List, String)=0, flushCache_()=0, isCompatibleWith_(Configuration)=2, getTableColumnStatistics_(String, String, List, String)=27}
2024-04-24T06:29:25,954  INFO [main] ql.Driver: Completed compiling command(queryId=alex_20240424062925_d2a11425-eadf-4ea0-b13b-27ee7eadad55); Time taken: 0.163 seconds
2024-04-24T06:29:25,954  INFO [main] lockmgr.DbTxnManager: Stopped heartbeat for query: alex_20240424062924_778d4369-50b3-4df5-a790-93f4dffd17d7
2024-04-24T06:29:25,957  INFO [main] txn.TxnHandler: Removed transactions: ([15]) from MIN_HISTORY_LEVEL
2024-04-24T06:29:25,964  INFO [main] ql.TxnCommandsBaseForTests: Running the query: drop table if exists acidTbl
2024-04-24T06:29:25,965  INFO [main] ql.Driver: Compiling command(queryId=alex_20240424062925_e97ef2e2-9c9c-4c83-bb5f-8589e9481e16): drop table if exists acidTbl
2024-04-24T06:29:25,973  INFO [main] txn.TxnHandler: Added entries to MIN_HISTORY_LEVEL for current txns: ([16]) with min_open_txn: 16
2024-04-24T06:29:25,973  INFO [main] lockmgr.DbTxnManager: Opened txnid:16
2024-04-24T06:29:25,975  INFO [main] HiveMetaStore.audit: ugi=alex	ip=unknown-ip-addr	cmd=get_table : tbl=hive.default.acidTbl	
2024-04-24T06:29:25,981  INFO [main] metastore.HMSHandler: Skipping translation for processor with null
2024-04-24T06:29:25,981  INFO [main] ql.Driver: Semantic Analysis Completed (retrial = false)
2024-04-24T06:29:25,981  INFO [main] ql.Driver: Created Hive schema: Schema(fieldSchemas:null, properties:null)
2024-04-24T06:29:25,981  INFO [main] metadata.Hive: Dumping metastore api call timing information for : compilation phase
2024-04-24T06:29:25,981  INFO [main] metadata.Hive: Total time spent in each metastore function (ms): {getTable_(GetTableRequest)=6, flushCache_()=0, openTxn_(String, TxnType)=8, isCompatibleWith_(Configuration)=1, rollbackTxn_(long)=9, getValidTxns_(long)=2}
2024-04-24T06:29:25,981  INFO [main] ql.Driver: Completed compiling command(queryId=alex_20240424062925_e97ef2e2-9c9c-4c83-bb5f-8589e9481e16); Time taken: 0.016 seconds
2024-04-24T06:29:25,982  INFO [main] lockmgr.DbTxnManager: Setting lock request transaction to txnid:16 for queryId=alex_20240424062925_e97ef2e2-9c9c-4c83-bb5f-8589e9481e16
2024-04-24T06:29:25,982  INFO [main] lockmgr.DbLockManager: Requesting lock for queryId=alex_20240424062925_e97ef2e2-9c9c-4c83-bb5f-8589e9481e16
2024-04-24T06:29:25,997  INFO [main] lockmgr.DbLockManager: Response to queryId=alex_20240424062925_e97ef2e2-9c9c-4c83-bb5f-8589e9481e16 LockResponse(lockid:11, state:ACQUIRED)
2024-04-24T06:29:25,997  INFO [main] ql.Driver: Operation DROPTABLE obtained 1 locks
2024-04-24T06:29:25,997  INFO [main] ql.Driver: Executing command(queryId=alex_20240424062925_e97ef2e2-9c9c-4c83-bb5f-8589e9481e16): drop table if exists acidTbl
2024-04-24T06:29:25,997  INFO [main] ql.Driver: Starting task [Stage-0:DDL] in serial mode
2024-04-24T06:29:25,997  INFO [main] HiveMetaStore.audit: ugi=alex	ip=unknown-ip-addr	cmd=get_table : tbl=hive.default.acidTbl	
2024-04-24T06:29:26,003  INFO [main] metastore.HMSHandler: Skipping translation for processor with null
2024-04-24T06:29:26,003  INFO [main] HiveMetaStore.audit: ugi=alex	ip=unknown-ip-addr	cmd=get_table : tbl=hive.default.acidTbl	
2024-04-24T06:29:26,009  INFO [main] metastore.HMSHandler: Skipping translation for processor with null
2024-04-24T06:29:26,009  INFO [main] HiveMetaStore.audit: ugi=alex	ip=unknown-ip-addr	cmd=drop_table : tbl=hive.default.acidTbl	
2024-04-24T06:29:26,111  INFO [main] metadata.Hive: Dumping metastore api call timing information for : execution phase
2024-04-24T06:29:26,111  INFO [main] metadata.Hive: Total time spent in each metastore function (ms): {getTable_(GetTableRequest)=6, isCompatibleWith_(Configuration)=0, dropTable_(String, String, boolean, boolean, boolean)=107}
2024-04-24T06:29:26,111  INFO [main] ql.Driver: Completed executing command(queryId=alex_20240424062925_e97ef2e2-9c9c-4c83-bb5f-8589e9481e16); Time taken: 0.114 seconds
2024-04-24T06:29:26,111  INFO [main] lockmgr.DbTxnManager: Stopped heartbeat for query: alex_20240424062925_e97ef2e2-9c9c-4c83-bb5f-8589e9481e16
2024-04-24T06:29:26,115  INFO [main] txn.TxnHandler: Expected to move at least one record from txn_components to completed_txn_components when committing txn! txnid:16
2024-04-24T06:29:26,121  INFO [main] txn.TxnHandler: Removed transactions: ([16]) from MIN_HISTORY_LEVEL
2024-04-24T06:29:26,122  WARN [main] txn.CompactionTxnHandler: No compaction queue record found for Compaction type transaction commit. txnId:16
2024-04-24T06:29:26,123  INFO [main] ql.TxnCommandsBaseForTests: Running the query: drop table if exists acidTblPart
2024-04-24T06:29:26,123  INFO [main] ql.Driver: Compiling command(queryId=alex_20240424062926_0d8b3ff6-97ed-4345-a483-8a72ee2e4996): drop table if exists acidTblPart
2024-04-24T06:29:26,125  INFO [main] txn.TxnHandler: Added entries to MIN_HISTORY_LEVEL for current txns: ([17]) with min_open_txn: 16
2024-04-24T06:29:26,126  INFO [main] lockmgr.DbTxnManager: Opened txnid:17
2024-04-24T06:29:26,126  INFO [main] HiveMetaStore.audit: ugi=alex	ip=unknown-ip-addr	cmd=get_table : tbl=hive.default.acidTblPart	
2024-04-24T06:29:26,133  INFO [main] metastore.HMSHandler: Skipping translation for processor with null
2024-04-24T06:29:26,133  INFO [main] ql.Driver: Semantic Analysis Completed (retrial = false)
2024-04-24T06:29:26,133  INFO [main] ql.Driver: Created Hive schema: Schema(fieldSchemas:null, properties:null)
2024-04-24T06:29:26,133  INFO [main] metadata.Hive: Dumping metastore api call timing information for : compilation phase
2024-04-24T06:29:26,133  INFO [main] metadata.Hive: Total time spent in each metastore function (ms): {getTable_(GetTableRequest)=7, commitTxn_(CommitTxnRequest)=12, openTxn_(String, TxnType)=2, flushCache_()=0, isCompatibleWith_(Configuration)=0, getValidTxns_(long)=0}
2024-04-24T06:29:26,133  INFO [main] ql.Driver: Completed compiling command(queryId=alex_20240424062926_0d8b3ff6-97ed-4345-a483-8a72ee2e4996); Time taken: 0.01 seconds
2024-04-24T06:29:26,133  INFO [main] lockmgr.DbTxnManager: Setting lock request transaction to txnid:17 for queryId=alex_20240424062926_0d8b3ff6-97ed-4345-a483-8a72ee2e4996
2024-04-24T06:29:26,133  INFO [main] lockmgr.DbLockManager: Requesting lock for queryId=alex_20240424062926_0d8b3ff6-97ed-4345-a483-8a72ee2e4996
2024-04-24T06:29:26,150  INFO [main] lockmgr.DbLockManager: Response to queryId=alex_20240424062926_0d8b3ff6-97ed-4345-a483-8a72ee2e4996 LockResponse(lockid:12, state:ACQUIRED)
2024-04-24T06:29:26,150  INFO [main] ql.Driver: Operation DROPTABLE obtained 1 locks
2024-04-24T06:29:26,150  INFO [main] ql.Driver: Executing command(queryId=alex_20240424062926_0d8b3ff6-97ed-4345-a483-8a72ee2e4996): drop table if exists acidTblPart
2024-04-24T06:29:26,150  INFO [main] ql.Driver: Starting task [Stage-0:DDL] in serial mode
2024-04-24T06:29:26,150  INFO [main] HiveMetaStore.audit: ugi=alex	ip=unknown-ip-addr	cmd=get_table : tbl=hive.default.acidTblPart	
2024-04-24T06:29:26,156  INFO [main] metastore.HMSHandler: Skipping translation for processor with null
2024-04-24T06:29:26,156  INFO [main] HiveMetaStore.audit: ugi=alex	ip=unknown-ip-addr	cmd=get_table : tbl=hive.default.acidTblPart	
2024-04-24T06:29:26,162  INFO [main] metastore.HMSHandler: Skipping translation for processor with null
2024-04-24T06:29:26,163  INFO [main] HiveMetaStore.audit: ugi=alex	ip=unknown-ip-addr	cmd=drop_table : tbl=hive.default.acidTblPart	
2024-04-24T06:29:26,200  INFO [main] metadata.Hive: Dumping metastore api call timing information for : execution phase
2024-04-24T06:29:26,200  INFO [main] metadata.Hive: Total time spent in each metastore function (ms): {isCompatibleWith_(Configuration)=0, getTable_(GetTableRequest)=6, dropTable_(String, String, boolean, boolean, boolean)=44}
2024-04-24T06:29:26,200  INFO [main] ql.Driver: Completed executing command(queryId=alex_20240424062926_0d8b3ff6-97ed-4345-a483-8a72ee2e4996); Time taken: 0.05 seconds
2024-04-24T06:29:26,200  INFO [main] lockmgr.DbTxnManager: Stopped heartbeat for query: alex_20240424062926_0d8b3ff6-97ed-4345-a483-8a72ee2e4996
2024-04-24T06:29:26,204  INFO [main] txn.TxnHandler: Expected to move at least one record from txn_components to completed_txn_components when committing txn! txnid:17
2024-04-24T06:29:26,210  INFO [main] txn.TxnHandler: Removed transactions: ([17]) from MIN_HISTORY_LEVEL
2024-04-24T06:29:26,211  WARN [main] txn.CompactionTxnHandler: No compaction queue record found for Compaction type transaction commit. txnId:17
2024-04-24T06:29:26,211  INFO [main] ql.TxnCommandsBaseForTests: Running the query: drop table if exists acidTbl2
2024-04-24T06:29:26,211  INFO [main] ql.Driver: Compiling command(queryId=alex_20240424062926_32df5ac8-34f5-4aa5-9acb-8fb19992a6b9): drop table if exists acidTbl2
2024-04-24T06:29:26,214  INFO [main] txn.TxnHandler: Added entries to MIN_HISTORY_LEVEL for current txns: ([18]) with min_open_txn: 16
2024-04-24T06:29:26,214  INFO [main] lockmgr.DbTxnManager: Opened txnid:18
2024-04-24T06:29:26,214  INFO [main] ql.Driver: Semantic Analysis Completed (retrial = false)
2024-04-24T06:29:26,214  INFO [main] ql.Driver: Created Hive schema: Schema(fieldSchemas:null, properties:null)
2024-04-24T06:29:26,214  INFO [main] metadata.Hive: Dumping metastore api call timing information for : compilation phase
2024-04-24T06:29:26,215  INFO [main] metadata.Hive: Total time spent in each metastore function (ms): {isCompatibleWith_(Configuration)=1, openTxn_(String, TxnType)=2, commitTxn_(CommitTxnRequest)=11, flushCache_()=0, getTable_(GetTableRequest)=0, getValidTxns_(long)=0}
2024-04-24T06:29:26,215  INFO [main] ql.Driver: Completed compiling command(queryId=alex_20240424062926_32df5ac8-34f5-4aa5-9acb-8fb19992a6b9); Time taken: 0.003 seconds
2024-04-24T06:29:26,215  INFO [main] lockmgr.DbTxnManager: Setting lock request transaction to txnid:18 for queryId=alex_20240424062926_32df5ac8-34f5-4aa5-9acb-8fb19992a6b9
2024-04-24T06:29:26,215  INFO [main] ql.Driver: Operation DROPTABLE obtained 0 locks
2024-04-24T06:29:26,215  INFO [main] ql.Driver: Executing command(queryId=alex_20240424062926_32df5ac8-34f5-4aa5-9acb-8fb19992a6b9): drop table if exists acidTbl2
2024-04-24T06:29:26,215  INFO [main] ql.Driver: Starting task [Stage-0:DDL] in serial mode
2024-04-24T06:29:26,216  INFO [main] metadata.SessionHiveMetaStoreClient: Column stats doesn't exist for db=default temp table=acidTbl2
2024-04-24T06:29:26,216  INFO [main] metadata.Hive: Dumping metastore api call timing information for : execution phase
2024-04-24T06:29:26,216  INFO [main] metadata.Hive: Total time spent in each metastore function (ms): {getTable_(GetTableRequest)=0, dropTable_(String, String, boolean, boolean, boolean)=1, isCompatibleWith_(Configuration)=0}
2024-04-24T06:29:26,216  INFO [main] ql.Driver: Completed executing command(queryId=alex_20240424062926_32df5ac8-34f5-4aa5-9acb-8fb19992a6b9); Time taken: 0.001 seconds
2024-04-24T06:29:26,216  INFO [main] lockmgr.DbTxnManager: Stopped heartbeat for query: alex_20240424062926_32df5ac8-34f5-4aa5-9acb-8fb19992a6b9
2024-04-24T06:29:26,222  INFO [main] txn.TxnHandler: Expected to move at least one record from txn_components to completed_txn_components when committing txn! txnid:18
2024-04-24T06:29:26,228  INFO [main] txn.TxnHandler: Removed transactions: ([18]) from MIN_HISTORY_LEVEL
2024-04-24T06:29:26,228  WARN [main] txn.CompactionTxnHandler: No compaction queue record found for Compaction type transaction commit. txnId:18
2024-04-24T06:29:26,228  INFO [main] ql.TxnCommandsBaseForTests: Running the query: drop table if exists nonAcidOrcTbl
2024-04-24T06:29:26,228  INFO [main] ql.Driver: Compiling command(queryId=alex_20240424062926_fc0bee56-1d08-4f4f-ad5d-56a8baeea800): drop table if exists nonAcidOrcTbl
2024-04-24T06:29:26,231  INFO [main] txn.TxnHandler: Added entries to MIN_HISTORY_LEVEL for current txns: ([19]) with min_open_txn: 16
2024-04-24T06:29:26,231  INFO [main] lockmgr.DbTxnManager: Opened txnid:19
2024-04-24T06:29:26,232  INFO [main] HiveMetaStore.audit: ugi=alex	ip=unknown-ip-addr	cmd=get_table : tbl=hive.default.nonAcidOrcTbl	
2024-04-24T06:29:26,256  INFO [main] metastore.HMSHandler: Skipping translation for processor with null
2024-04-24T06:29:26,256  INFO [main] ql.Driver: Semantic Analysis Completed (retrial = false)
2024-04-24T06:29:26,256  INFO [main] ql.Driver: Created Hive schema: Schema(fieldSchemas:null, properties:null)
2024-04-24T06:29:26,256  INFO [main] metadata.Hive: Dumping metastore api call timing information for : compilation phase
2024-04-24T06:29:26,257  INFO [main] metadata.Hive: Total time spent in each metastore function (ms): {getValidTxns_(long)=0, isCompatibleWith_(Configuration)=0, commitTxn_(CommitTxnRequest)=12, openTxn_(String, TxnType)=2, getTable_(GetTableRequest)=24, flushCache_()=0}
2024-04-24T06:29:26,257  INFO [main] ql.Driver: Completed compiling command(queryId=alex_20240424062926_fc0bee56-1d08-4f4f-ad5d-56a8baeea800); Time taken: 0.028 seconds
2024-04-24T06:29:26,257  INFO [main] lockmgr.DbTxnManager: Setting lock request transaction to txnid:19 for queryId=alex_20240424062926_fc0bee56-1d08-4f4f-ad5d-56a8baeea800
2024-04-24T06:29:26,257  INFO [main] lockmgr.DbLockManager: Requesting lock for queryId=alex_20240424062926_fc0bee56-1d08-4f4f-ad5d-56a8baeea800
2024-04-24T06:29:26,283  INFO [main] lockmgr.DbLockManager: Response to queryId=alex_20240424062926_fc0bee56-1d08-4f4f-ad5d-56a8baeea800 LockResponse(lockid:13, state:ACQUIRED)
2024-04-24T06:29:26,283  INFO [main] ql.Driver: Operation DROPTABLE obtained 1 locks
2024-04-24T06:29:26,283  INFO [main] ql.Driver: Executing command(queryId=alex_20240424062926_fc0bee56-1d08-4f4f-ad5d-56a8baeea800): drop table if exists nonAcidOrcTbl
2024-04-24T06:29:26,283  INFO [main] ql.Driver: Starting task [Stage-0:DDL] in serial mode
2024-04-24T06:29:26,283  INFO [main] HiveMetaStore.audit: ugi=alex	ip=unknown-ip-addr	cmd=get_table : tbl=hive.default.nonAcidOrcTbl	
2024-04-24T06:29:26,291  INFO [main] metastore.HMSHandler: Skipping translation for processor with null
2024-04-24T06:29:26,292  INFO [main] HiveMetaStore.audit: ugi=alex	ip=unknown-ip-addr	cmd=get_table : tbl=hive.default.nonAcidOrcTbl	
2024-04-24T06:29:26,300  INFO [main] metastore.HMSHandler: Skipping translation for processor with null
2024-04-24T06:29:26,300  INFO [main] HiveMetaStore.audit: ugi=alex	ip=unknown-ip-addr	cmd=drop_table : tbl=hive.default.nonAcidOrcTbl	
2024-04-24T06:29:26,393  INFO [main] metadata.Hive: Dumping metastore api call timing information for : execution phase
2024-04-24T06:29:26,393  INFO [main] metadata.Hive: Total time spent in each metastore function (ms): {getTable_(GetTableRequest)=8, dropTable_(String, String, boolean, boolean, boolean)=102, isCompatibleWith_(Configuration)=0}
2024-04-24T06:29:26,393  INFO [main] ql.Driver: Completed executing command(queryId=alex_20240424062926_fc0bee56-1d08-4f4f-ad5d-56a8baeea800); Time taken: 0.11 seconds
2024-04-24T06:29:26,393  INFO [main] lockmgr.DbTxnManager: Stopped heartbeat for query: alex_20240424062926_fc0bee56-1d08-4f4f-ad5d-56a8baeea800
2024-04-24T06:29:26,397  INFO [main] txn.TxnHandler: Expected to move at least one record from txn_components to completed_txn_components when committing txn! txnid:19
2024-04-24T06:29:26,404  INFO [main] txn.TxnHandler: Removed transactions: ([19]) from MIN_HISTORY_LEVEL
2024-04-24T06:29:26,404  WARN [main] txn.CompactionTxnHandler: No compaction queue record found for Compaction type transaction commit. txnId:19
2024-04-24T06:29:26,404  INFO [main] ql.TxnCommandsBaseForTests: Running the query: drop table if exists nonAcidOrcTbl2
2024-04-24T06:29:26,404  INFO [main] ql.Driver: Compiling command(queryId=alex_20240424062926_cac95238-a5e1-4db3-b5b9-c58209bcf5f7): drop table if exists nonAcidOrcTbl2
2024-04-24T06:29:26,406  INFO [main] txn.TxnHandler: Added entries to MIN_HISTORY_LEVEL for current txns: ([20]) with min_open_txn: 16
2024-04-24T06:29:26,407  INFO [main] lockmgr.DbTxnManager: Opened txnid:20
2024-04-24T06:29:26,407  INFO [main] HiveMetaStore.audit: ugi=alex	ip=unknown-ip-addr	cmd=get_table : tbl=hive.default.nonAcidOrcTbl2	
2024-04-24T06:29:26,414  INFO [main] metastore.HMSHandler: Skipping translation for processor with null
2024-04-24T06:29:26,415  INFO [main] ql.Driver: Semantic Analysis Completed (retrial = false)
2024-04-24T06:29:26,415  INFO [main] ql.Driver: Created Hive schema: Schema(fieldSchemas:null, properties:null)
2024-04-24T06:29:26,415  INFO [main] metadata.Hive: Dumping metastore api call timing information for : compilation phase
2024-04-24T06:29:26,415  INFO [main] metadata.Hive: Total time spent in each metastore function (ms): {getTable_(GetTableRequest)=8, openTxn_(String, TxnType)=2, commitTxn_(CommitTxnRequest)=11, flushCache_()=0, getValidTxns_(long)=0, isCompatibleWith_(Configuration)=0}
2024-04-24T06:29:26,415  INFO [main] ql.Driver: Completed compiling command(queryId=alex_20240424062926_cac95238-a5e1-4db3-b5b9-c58209bcf5f7); Time taken: 0.011 seconds
2024-04-24T06:29:26,415  INFO [main] lockmgr.DbTxnManager: Setting lock request transaction to txnid:20 for queryId=alex_20240424062926_cac95238-a5e1-4db3-b5b9-c58209bcf5f7
2024-04-24T06:29:26,416  INFO [main] lockmgr.DbLockManager: Requesting lock for queryId=alex_20240424062926_cac95238-a5e1-4db3-b5b9-c58209bcf5f7
2024-04-24T06:29:26,430  INFO [main] lockmgr.DbLockManager: Response to queryId=alex_20240424062926_cac95238-a5e1-4db3-b5b9-c58209bcf5f7 LockResponse(lockid:14, state:ACQUIRED)
2024-04-24T06:29:26,430  INFO [main] ql.Driver: Operation DROPTABLE obtained 1 locks
2024-04-24T06:29:26,430  INFO [main] ql.Driver: Executing command(queryId=alex_20240424062926_cac95238-a5e1-4db3-b5b9-c58209bcf5f7): drop table if exists nonAcidOrcTbl2
2024-04-24T06:29:26,430  INFO [main] ql.Driver: Starting task [Stage-0:DDL] in serial mode
2024-04-24T06:29:26,430  INFO [main] HiveMetaStore.audit: ugi=alex	ip=unknown-ip-addr	cmd=get_table : tbl=hive.default.nonAcidOrcTbl2	
2024-04-24T06:29:26,437  INFO [main] metastore.HMSHandler: Skipping translation for processor with null
2024-04-24T06:29:26,437  INFO [main] HiveMetaStore.audit: ugi=alex	ip=unknown-ip-addr	cmd=get_table : tbl=hive.default.nonAcidOrcTbl2	
2024-04-24T06:29:26,445  INFO [main] metastore.HMSHandler: Skipping translation for processor with null
2024-04-24T06:29:26,445  INFO [main] HiveMetaStore.audit: ugi=alex	ip=unknown-ip-addr	cmd=drop_table : tbl=hive.default.nonAcidOrcTbl2	
2024-04-24T06:29:26,472  INFO [main] metadata.Hive: Dumping metastore api call timing information for : execution phase
2024-04-24T06:29:26,472  INFO [main] metadata.Hive: Total time spent in each metastore function (ms): {dropTable_(String, String, boolean, boolean, boolean)=35, getTable_(GetTableRequest)=7, isCompatibleWith_(Configuration)=0}
2024-04-24T06:29:26,473  INFO [main] ql.Driver: Completed executing command(queryId=alex_20240424062926_cac95238-a5e1-4db3-b5b9-c58209bcf5f7); Time taken: 0.042 seconds
2024-04-24T06:29:26,473  INFO [main] lockmgr.DbTxnManager: Stopped heartbeat for query: alex_20240424062926_cac95238-a5e1-4db3-b5b9-c58209bcf5f7
2024-04-24T06:29:26,477  INFO [main] txn.TxnHandler: Expected to move at least one record from txn_components to completed_txn_components when committing txn! txnid:20
2024-04-24T06:29:26,485  INFO [main] txn.TxnHandler: Removed transactions: ([20]) from MIN_HISTORY_LEVEL
2024-04-24T06:29:26,485  WARN [main] txn.CompactionTxnHandler: No compaction queue record found for Compaction type transaction commit. txnId:20
2024-04-24T06:29:26,485  INFO [main] ql.TxnCommandsBaseForTests: Running the query: drop table if exists nonAcidNonBucket
2024-04-24T06:29:26,486  INFO [main] ql.Driver: Compiling command(queryId=alex_20240424062926_be0942e2-f0b4-435a-a678-4567264ae555): drop table if exists nonAcidNonBucket
2024-04-24T06:29:26,488  INFO [main] txn.TxnHandler: Added entries to MIN_HISTORY_LEVEL for current txns: ([21]) with min_open_txn: 16
2024-04-24T06:29:26,488  INFO [main] lockmgr.DbTxnManager: Opened txnid:21
2024-04-24T06:29:26,489  INFO [main] HiveMetaStore.audit: ugi=alex	ip=unknown-ip-addr	cmd=get_table : tbl=hive.default.nonAcidNonBucket	
2024-04-24T06:29:26,496  INFO [main] metastore.HMSHandler: Skipping translation for processor with null
2024-04-24T06:29:26,497  INFO [main] ql.Driver: Semantic Analysis Completed (retrial = false)
2024-04-24T06:29:26,497  INFO [main] ql.Driver: Created Hive schema: Schema(fieldSchemas:null, properties:null)
2024-04-24T06:29:26,497  INFO [main] metadata.Hive: Dumping metastore api call timing information for : compilation phase
2024-04-24T06:29:26,497  INFO [main] metadata.Hive: Total time spent in each metastore function (ms): {isCompatibleWith_(Configuration)=0, commitTxn_(CommitTxnRequest)=12, flushCache_()=0, getTable_(GetTableRequest)=7, openTxn_(String, TxnType)=2, getValidTxns_(long)=1}
2024-04-24T06:29:26,497  INFO [main] ql.Driver: Completed compiling command(queryId=alex_20240424062926_be0942e2-f0b4-435a-a678-4567264ae555); Time taken: 0.011 seconds
2024-04-24T06:29:26,497  INFO [main] lockmgr.DbTxnManager: Setting lock request transaction to txnid:21 for queryId=alex_20240424062926_be0942e2-f0b4-435a-a678-4567264ae555
2024-04-24T06:29:26,498  INFO [main] lockmgr.DbLockManager: Requesting lock for queryId=alex_20240424062926_be0942e2-f0b4-435a-a678-4567264ae555
2024-04-24T06:29:26,513  INFO [main] lockmgr.DbLockManager: Response to queryId=alex_20240424062926_be0942e2-f0b4-435a-a678-4567264ae555 LockResponse(lockid:15, state:ACQUIRED)
2024-04-24T06:29:26,513  INFO [main] ql.Driver: Operation DROPTABLE obtained 1 locks
2024-04-24T06:29:26,513  INFO [main] ql.Driver: Executing command(queryId=alex_20240424062926_be0942e2-f0b4-435a-a678-4567264ae555): drop table if exists nonAcidNonBucket
2024-04-24T06:29:26,513  INFO [main] ql.Driver: Starting task [Stage-0:DDL] in serial mode
2024-04-24T06:29:26,514  INFO [main] HiveMetaStore.audit: ugi=alex	ip=unknown-ip-addr	cmd=get_table : tbl=hive.default.nonAcidNonBucket	
2024-04-24T06:29:26,521  INFO [main] metastore.HMSHandler: Skipping translation for processor with null
2024-04-24T06:29:26,522  INFO [main] HiveMetaStore.audit: ugi=alex	ip=unknown-ip-addr	cmd=get_table : tbl=hive.default.nonAcidNonBucket	
2024-04-24T06:29:26,529  INFO [main] metastore.HMSHandler: Skipping translation for processor with null
2024-04-24T06:29:26,530  INFO [main] HiveMetaStore.audit: ugi=alex	ip=unknown-ip-addr	cmd=drop_table : tbl=hive.default.nonAcidNonBucket	
2024-04-24T06:29:26,559  INFO [main] metadata.Hive: Dumping metastore api call timing information for : execution phase
2024-04-24T06:29:26,559  INFO [main] metadata.Hive: Total time spent in each metastore function (ms): {getTable_(GetTableRequest)=8, dropTable_(String, String, boolean, boolean, boolean)=38, isCompatibleWith_(Configuration)=0}
2024-04-24T06:29:26,559  INFO [main] ql.Driver: Completed executing command(queryId=alex_20240424062926_be0942e2-f0b4-435a-a678-4567264ae555); Time taken: 0.046 seconds
2024-04-24T06:29:26,559  INFO [main] lockmgr.DbTxnManager: Stopped heartbeat for query: alex_20240424062926_be0942e2-f0b4-435a-a678-4567264ae555
2024-04-24T06:29:26,563  INFO [main] txn.TxnHandler: Expected to move at least one record from txn_components to completed_txn_components when committing txn! txnid:21
2024-04-24T06:29:26,569  INFO [main] txn.TxnHandler: Removed transactions: ([21]) from MIN_HISTORY_LEVEL
2024-04-24T06:29:26,569  WARN [main] txn.CompactionTxnHandler: No compaction queue record found for Compaction type transaction commit. txnId:21
2024-04-24T06:29:26,570  INFO [main] utils.TestTxnDbUtil: Cleaning transactional tables
]]></system-err>
  </testcase>
  <testcase name="testVersioningVersionFileEnabled" classname="org.apache.hadoop.hive.ql.TestTxnCommands" time="3.128">
    <error type="java.lang.RuntimeException"><![CDATA[java.lang.RuntimeException: update T set a=3 where b=2 failed: (responseCode = 40000, errorMessage = FAILED: NoMatchingMethodException No matching method for class org.apache.hadoop.hive.ql.udf.UDFToInteger with (struct<writeid:bigint,bucketid:int,rowid:bigint>). Possible choices: _FUNC_(bigint)  _FUNC_(boolean)  _FUNC_(decimal(38,18))  _FUNC_(double)  _FUNC_(float)  _FUNC_(smallint)  _FUNC_(string)  _FUNC_(struct<writeid:int,bucketid:bigint,rowid:bigint>)  _FUNC_(timestamp)  _FUNC_(tinyint)  _FUNC_(void)  , hiveErrorCode = 40000, SQLState = 42000, exception = No matching method for class org.apache.hadoop.hive.ql.udf.UDFToInteger with (struct<writeid:bigint,bucketid:int,rowid:bigint>). Possible choices: _FUNC_(bigint)  _FUNC_(boolean)  _FUNC_(decimal(38,18))  _FUNC_(double)  _FUNC_(float)  _FUNC_(smallint)  _FUNC_(string)  _FUNC_(struct<writeid:int,bucketid:bigint,rowid:bigint>)  _FUNC_(timestamp)  _FUNC_(tinyint)  _FUNC_(void)  )
	at org.apache.hadoop.hive.ql.TxnCommandsBaseForTests.runStatementOnDriver(TxnCommandsBaseForTests.java:247)
	at org.apache.hadoop.hive.ql.TestTxnCommands.acidVersionTest(TestTxnCommands.java:1482)
	at org.apache.hadoop.hive.ql.TestTxnCommands.testVersioningVersionFileEnabled(TestTxnCommands.java:1462)
	at sun.reflect.NativeMethodAccessorImpl.invoke0(Native Method)
	at sun.reflect.NativeMethodAccessorImpl.invoke(NativeMethodAccessorImpl.java:62)
	at sun.reflect.DelegatingMethodAccessorImpl.invoke(DelegatingMethodAccessorImpl.java:43)
	at java.lang.reflect.Method.invoke(Method.java:498)
	at org.junit.runners.model.FrameworkMethod$1.runReflectiveCall(FrameworkMethod.java:59)
	at org.junit.internal.runners.model.ReflectiveCallable.run(ReflectiveCallable.java:12)
	at org.junit.runners.model.FrameworkMethod.invokeExplosively(FrameworkMethod.java:56)
	at org.junit.internal.runners.statements.InvokeMethod.evaluate(InvokeMethod.java:17)
	at org.junit.internal.runners.statements.RunBefores.evaluate(RunBefores.java:26)
	at org.junit.internal.runners.statements.RunAfters.evaluate(RunAfters.java:27)
	at org.junit.rules.TestWatcher$1.evaluate(TestWatcher.java:61)
	at org.junit.runners.ParentRunner$3.evaluate(ParentRunner.java:306)
	at org.junit.runners.BlockJUnit4ClassRunner$1.evaluate(BlockJUnit4ClassRunner.java:100)
	at org.junit.runners.ParentRunner.runLeaf(ParentRunner.java:366)
	at org.junit.runners.BlockJUnit4ClassRunner.runChild(BlockJUnit4ClassRunner.java:103)
	at org.junit.runners.BlockJUnit4ClassRunner.runChild(BlockJUnit4ClassRunner.java:63)
	at org.junit.runners.ParentRunner$4.run(ParentRunner.java:331)
	at org.junit.runners.ParentRunner$1.schedule(ParentRunner.java:79)
	at org.junit.runners.ParentRunner.runChildren(ParentRunner.java:329)
	at org.junit.runners.ParentRunner.access$100(ParentRunner.java:66)
	at org.junit.runners.ParentRunner$2.evaluate(ParentRunner.java:293)
	at org.junit.runners.ParentRunner$3.evaluate(ParentRunner.java:306)
	at org.junit.runners.ParentRunner.run(ParentRunner.java:413)
	at org.junit.runner.JUnitCore.run(JUnitCore.java:137)
	at org.junit.runner.JUnitCore.run(JUnitCore.java:115)
	at org.junit.vintage.engine.execution.RunnerExecutor.execute(RunnerExecutor.java:43)
	at java.util.stream.ForEachOps$ForEachOp$OfRef.accept(ForEachOps.java:183)
	at java.util.stream.ReferencePipeline$3$1.accept(ReferencePipeline.java:193)
	at java.util.Iterator.forEachRemaining(Iterator.java:116)
	at java.util.Spliterators$IteratorSpliterator.forEachRemaining(Spliterators.java:1801)
	at java.util.stream.AbstractPipeline.copyInto(AbstractPipeline.java:482)
	at java.util.stream.AbstractPipeline.wrapAndCopyInto(AbstractPipeline.java:472)
	at java.util.stream.ForEachOps$ForEachOp.evaluateSequential(ForEachOps.java:150)
	at java.util.stream.ForEachOps$ForEachOp$OfRef.evaluateSequential(ForEachOps.java:173)
	at java.util.stream.AbstractPipeline.evaluate(AbstractPipeline.java:234)
	at java.util.stream.ReferencePipeline.forEach(ReferencePipeline.java:485)
	at org.junit.vintage.engine.VintageTestEngine.executeAllChildren(VintageTestEngine.java:82)
	at org.junit.vintage.engine.VintageTestEngine.execute(VintageTestEngine.java:73)
	at org.junit.platform.launcher.core.DefaultLauncher.execute(DefaultLauncher.java:248)
	at org.junit.platform.launcher.core.DefaultLauncher.lambda$execute$5(DefaultLauncher.java:211)
	at org.junit.platform.launcher.core.DefaultLauncher.withInterceptedStreams(DefaultLauncher.java:226)
	at org.junit.platform.launcher.core.DefaultLauncher.execute(DefaultLauncher.java:199)
	at org.junit.platform.launcher.core.DefaultLauncher.execute(DefaultLauncher.java:132)
	at org.apache.maven.surefire.junitplatform.JUnitPlatformProvider.invokeAllTests(JUnitPlatformProvider.java:154)
	at org.apache.maven.surefire.junitplatform.JUnitPlatformProvider.invoke(JUnitPlatformProvider.java:123)
	at org.apache.maven.surefire.booter.ForkedBooter.runSuitesInProcess(ForkedBooter.java:377)
	at org.apache.maven.surefire.booter.ForkedBooter.execute(ForkedBooter.java:138)
	at org.apache.maven.surefire.booter.ForkedBooter.run(ForkedBooter.java:465)
	at org.apache.maven.surefire.booter.ForkedBooter.main(ForkedBooter.java:451)
]]></error>
    <system-err><![CDATA[2024-04-24T06:29:26,626  WARN [main] conf.HiveConf: HiveConf of name hive.metastore.client.cache.recordStats does not exist
2024-04-24T06:29:26,626  WARN [main] conf.HiveConf: HiveConf of name hive.llap.io.cache.orc.alloc.min does not exist
2024-04-24T06:29:26,626  WARN [main] conf.HiveConf: HiveConf of name hive.dummyparam.test.server.specific.config.metastoresite does not exist
2024-04-24T06:29:26,626  WARN [main] conf.HiveConf: HiveConf of name hive.dummyparam.test.server.specific.config.hivesite does not exist
2024-04-24T06:29:26,626  WARN [main] conf.HiveConf: HiveConf of name hive.llap.io.cache.orc.alloc.max does not exist
2024-04-24T06:29:26,626  WARN [main] conf.HiveConf: HiveConf of name hive.llap.io.cache.orc.arena.size does not exist
2024-04-24T06:29:26,627  WARN [main] conf.HiveConf: HiveConf of name hive.dummyparam.test.server.specific.config.override does not exist
2024-04-24T06:29:26,627  WARN [main] conf.HiveConf: HiveConf of name hive.stats.key.prefix.reserve.length does not exist
2024-04-24T06:29:26,627  WARN [main] conf.HiveConf: HiveConf of name hive.metastore.metadb.dir does not exist
2024-04-24T06:29:26,627  WARN [main] conf.HiveConf: HiveConf of name hive.llap.io.cache.orc.size does not exist
2024-04-24T06:29:26,627  WARN [main] conf.HiveConf: HiveConf of name hive.metastore.client.cache.maxSize does not exist
2024-04-24T06:29:26,629  INFO [main] utils.TestTxnDbUtil: Creating transactional tables
Hive Session ID = 3f9fd5cc-82ac-48f6-b11d-dbdc0a0d109d
2024-04-24T06:29:26,631  INFO [main] SessionState: Hive Session ID = 3f9fd5cc-82ac-48f6-b11d-dbdc0a0d109d
ivysettings.xml file not found in HIVE_HOME or HIVE_CONF_DIR,/home/alex/Repositories/hive/conf/ivysettings.xml will be used
2024-04-24T06:29:26,632  INFO [main] DependencyResolver: ivysettings.xml file not found in HIVE_HOME or HIVE_CONF_DIR,/home/alex/Repositories/hive/conf/ivysettings.xml will be used
2024-04-24T06:29:26,637  INFO [main] session.SessionState: Created HDFS directory: /home/alex/Repositories/hive/ql/target/tmp/scratchdir/alex/3f9fd5cc-82ac-48f6-b11d-dbdc0a0d109d
2024-04-24T06:29:26,639  INFO [main] session.SessionState: Created local directory: /home/alex/Repositories/hive/ql/target/tmp/localscratchdir/3f9fd5cc-82ac-48f6-b11d-dbdc0a0d109d
2024-04-24T06:29:26,641  INFO [main] session.SessionState: Created HDFS directory: /home/alex/Repositories/hive/ql/target/tmp/scratchdir/alex/3f9fd5cc-82ac-48f6-b11d-dbdc0a0d109d/_tmp_space.db
2024-04-24T06:29:26,642  INFO [main] sqlstd.SQLStdHiveAccessController: Created SQLStdHiveAccessController for session context : HiveAuthzSessionContext [sessionString=3f9fd5cc-82ac-48f6-b11d-dbdc0a0d109d, clientType=HIVECLI]
2024-04-24T06:29:26,642  INFO [main] ql.TxnCommandsBaseForTests: Running the query: drop table if exists acidTbl
2024-04-24T06:29:26,642  INFO [main] ql.Driver: Compiling command(queryId=alex_20240424062926_105079c2-6efb-4759-9360-426f481ae102): drop table if exists acidTbl
2024-04-24T06:29:26,652  INFO [main] txn.TxnHandler: Added entries to MIN_HISTORY_LEVEL for current txns: ([1]) with min_open_txn: 1
2024-04-24T06:29:26,652  INFO [main] lockmgr.DbTxnManager: Opened txnid:1
2024-04-24T06:29:26,655  INFO [main] HiveMetaStore.audit: ugi=alex	ip=unknown-ip-addr	cmd=get_table : tbl=hive.default.acidTbl	
2024-04-24T06:29:26,657  INFO [main] ql.Driver: Semantic Analysis Completed (retrial = false)
2024-04-24T06:29:26,657  INFO [main] ql.Driver: Created Hive schema: Schema(fieldSchemas:null, properties:null)
2024-04-24T06:29:26,657  INFO [main] metadata.Hive: Dumping metastore api call timing information for : compilation phase
2024-04-24T06:29:26,657  INFO [main] metadata.Hive: Total time spent in each metastore function (ms): {openTxn_(String, TxnType)=10, getValidTxns_(long)=2, flushCache_()=0, isCompatibleWith_(Configuration)=1, commitTxn_(CommitTxnRequest)=11}
2024-04-24T06:29:26,658  INFO [main] ql.Driver: Completed compiling command(queryId=alex_20240424062926_105079c2-6efb-4759-9360-426f481ae102); Time taken: 0.015 seconds
2024-04-24T06:29:26,658  INFO [main] lockmgr.DbTxnManager: Setting lock request transaction to txnid:1 for queryId=alex_20240424062926_105079c2-6efb-4759-9360-426f481ae102
2024-04-24T06:29:26,658  INFO [main] ql.Driver: Operation DROPTABLE obtained 0 locks
2024-04-24T06:29:26,658  INFO [main] ql.Driver: Executing command(queryId=alex_20240424062926_105079c2-6efb-4759-9360-426f481ae102): drop table if exists acidTbl
2024-04-24T06:29:26,658  INFO [main] ql.Driver: Starting task [Stage-0:DDL] in serial mode
2024-04-24T06:29:26,658  INFO [main] HiveMetaStore.audit: ugi=alex	ip=unknown-ip-addr	cmd=get_table : tbl=hive.default.acidTbl	
2024-04-24T06:29:26,661  INFO [main] metadata.Hive: Dumping metastore api call timing information for : execution phase
2024-04-24T06:29:26,661  INFO [main] metadata.Hive: Total time spent in each metastore function (ms): {isCompatibleWith_(Configuration)=0}
2024-04-24T06:29:26,661  INFO [main] ql.Driver: Completed executing command(queryId=alex_20240424062926_105079c2-6efb-4759-9360-426f481ae102); Time taken: 0.003 seconds
2024-04-24T06:29:26,661  INFO [main] lockmgr.DbTxnManager: Stopped heartbeat for query: alex_20240424062926_105079c2-6efb-4759-9360-426f481ae102
2024-04-24T06:29:26,667  INFO [main] txn.TxnHandler: Expected to move at least one record from txn_components to completed_txn_components when committing txn! txnid:1
2024-04-24T06:29:26,673  INFO [main] txn.TxnHandler: Removed transactions: ([1]) from MIN_HISTORY_LEVEL
2024-04-24T06:29:26,674  WARN [main] txn.CompactionTxnHandler: No compaction queue record found for Compaction type transaction commit. txnId:1
2024-04-24T06:29:26,674  INFO [main] ql.TxnCommandsBaseForTests: Running the query: drop table if exists acidTblPart
2024-04-24T06:29:26,674  INFO [main] ql.Driver: Compiling command(queryId=alex_20240424062926_1401ec77-1688-4485-b310-15c9a9e8025e): drop table if exists acidTblPart
2024-04-24T06:29:26,676  INFO [main] txn.TxnHandler: Added entries to MIN_HISTORY_LEVEL for current txns: ([2]) with min_open_txn: 1
2024-04-24T06:29:26,676  INFO [main] lockmgr.DbTxnManager: Opened txnid:2
2024-04-24T06:29:26,677  INFO [main] HiveMetaStore.audit: ugi=alex	ip=unknown-ip-addr	cmd=get_table : tbl=hive.default.acidTblPart	
2024-04-24T06:29:26,679  INFO [main] ql.Driver: Semantic Analysis Completed (retrial = false)
2024-04-24T06:29:26,679  INFO [main] ql.Driver: Created Hive schema: Schema(fieldSchemas:null, properties:null)
2024-04-24T06:29:26,679  INFO [main] metadata.Hive: Dumping metastore api call timing information for : compilation phase
2024-04-24T06:29:26,679  INFO [main] metadata.Hive: Total time spent in each metastore function (ms): {getValidTxns_(long)=0, commitTxn_(CommitTxnRequest)=13, isCompatibleWith_(Configuration)=2, openTxn_(String, TxnType)=1, flushCache_()=0}
2024-04-24T06:29:26,680  INFO [main] ql.Driver: Completed compiling command(queryId=alex_20240424062926_1401ec77-1688-4485-b310-15c9a9e8025e); Time taken: 0.005 seconds
2024-04-24T06:29:26,680  INFO [main] lockmgr.DbTxnManager: Setting lock request transaction to txnid:2 for queryId=alex_20240424062926_1401ec77-1688-4485-b310-15c9a9e8025e
2024-04-24T06:29:26,680  INFO [main] ql.Driver: Operation DROPTABLE obtained 0 locks
2024-04-24T06:29:26,680  INFO [main] ql.Driver: Executing command(queryId=alex_20240424062926_1401ec77-1688-4485-b310-15c9a9e8025e): drop table if exists acidTblPart
2024-04-24T06:29:26,680  INFO [main] ql.Driver: Starting task [Stage-0:DDL] in serial mode
2024-04-24T06:29:26,680  INFO [main] HiveMetaStore.audit: ugi=alex	ip=unknown-ip-addr	cmd=get_table : tbl=hive.default.acidTblPart	
2024-04-24T06:29:26,683  INFO [main] metadata.Hive: Dumping metastore api call timing information for : execution phase
2024-04-24T06:29:26,683  INFO [main] metadata.Hive: Total time spent in each metastore function (ms): {isCompatibleWith_(Configuration)=0}
2024-04-24T06:29:26,683  INFO [main] ql.Driver: Completed executing command(queryId=alex_20240424062926_1401ec77-1688-4485-b310-15c9a9e8025e); Time taken: 0.003 seconds
2024-04-24T06:29:26,683  INFO [main] lockmgr.DbTxnManager: Stopped heartbeat for query: alex_20240424062926_1401ec77-1688-4485-b310-15c9a9e8025e
2024-04-24T06:29:26,688  INFO [main] txn.TxnHandler: Expected to move at least one record from txn_components to completed_txn_components when committing txn! txnid:2
2024-04-24T06:29:26,694  INFO [main] txn.TxnHandler: Removed transactions: ([2]) from MIN_HISTORY_LEVEL
2024-04-24T06:29:26,695  WARN [main] txn.CompactionTxnHandler: No compaction queue record found for Compaction type transaction commit. txnId:2
2024-04-24T06:29:26,695  INFO [main] ql.TxnCommandsBaseForTests: Running the query: drop table if exists acidTbl2
2024-04-24T06:29:26,696  INFO [main] ql.Driver: Compiling command(queryId=alex_20240424062926_05c32056-19c8-4bee-95ea-2221196b9142): drop table if exists acidTbl2
2024-04-24T06:29:26,698  INFO [main] txn.TxnHandler: Added entries to MIN_HISTORY_LEVEL for current txns: ([3]) with min_open_txn: 1
2024-04-24T06:29:26,698  INFO [main] lockmgr.DbTxnManager: Opened txnid:3
2024-04-24T06:29:26,698  INFO [main] HiveMetaStore.audit: ugi=alex	ip=unknown-ip-addr	cmd=get_table : tbl=hive.default.acidTbl2	
2024-04-24T06:29:26,701  INFO [main] ql.Driver: Semantic Analysis Completed (retrial = false)
2024-04-24T06:29:26,701  INFO [main] ql.Driver: Created Hive schema: Schema(fieldSchemas:null, properties:null)
2024-04-24T06:29:26,701  INFO [main] metadata.Hive: Dumping metastore api call timing information for : compilation phase
2024-04-24T06:29:26,701  INFO [main] metadata.Hive: Total time spent in each metastore function (ms): {flushCache_()=0, commitTxn_(CommitTxnRequest)=12, getValidTxns_(long)=0, openTxn_(String, TxnType)=2, isCompatibleWith_(Configuration)=0}
2024-04-24T06:29:26,701  INFO [main] ql.Driver: Completed compiling command(queryId=alex_20240424062926_05c32056-19c8-4bee-95ea-2221196b9142); Time taken: 0.005 seconds
2024-04-24T06:29:26,701  INFO [main] lockmgr.DbTxnManager: Setting lock request transaction to txnid:3 for queryId=alex_20240424062926_05c32056-19c8-4bee-95ea-2221196b9142
2024-04-24T06:29:26,701  INFO [main] ql.Driver: Operation DROPTABLE obtained 0 locks
2024-04-24T06:29:26,701  INFO [main] ql.Driver: Executing command(queryId=alex_20240424062926_05c32056-19c8-4bee-95ea-2221196b9142): drop table if exists acidTbl2
2024-04-24T06:29:26,702  INFO [main] ql.Driver: Starting task [Stage-0:DDL] in serial mode
2024-04-24T06:29:26,702  INFO [main] HiveMetaStore.audit: ugi=alex	ip=unknown-ip-addr	cmd=get_table : tbl=hive.default.acidTbl2	
2024-04-24T06:29:26,704  INFO [main] metadata.Hive: Dumping metastore api call timing information for : execution phase
2024-04-24T06:29:26,704  INFO [main] metadata.Hive: Total time spent in each metastore function (ms): {isCompatibleWith_(Configuration)=0}
2024-04-24T06:29:26,705  INFO [main] ql.Driver: Completed executing command(queryId=alex_20240424062926_05c32056-19c8-4bee-95ea-2221196b9142); Time taken: 0.003 seconds
2024-04-24T06:29:26,705  INFO [main] lockmgr.DbTxnManager: Stopped heartbeat for query: alex_20240424062926_05c32056-19c8-4bee-95ea-2221196b9142
2024-04-24T06:29:26,710  INFO [main] txn.TxnHandler: Expected to move at least one record from txn_components to completed_txn_components when committing txn! txnid:3
2024-04-24T06:29:26,716  INFO [main] txn.TxnHandler: Removed transactions: ([3]) from MIN_HISTORY_LEVEL
2024-04-24T06:29:26,716  WARN [main] txn.CompactionTxnHandler: No compaction queue record found for Compaction type transaction commit. txnId:3
2024-04-24T06:29:26,716  INFO [main] ql.TxnCommandsBaseForTests: Running the query: drop table if exists nonAcidOrcTbl
2024-04-24T06:29:26,717  INFO [main] ql.Driver: Compiling command(queryId=alex_20240424062926_308cd657-61cc-4591-b1e7-a493a7e9e25c): drop table if exists nonAcidOrcTbl
2024-04-24T06:29:26,719  INFO [main] txn.TxnHandler: Added entries to MIN_HISTORY_LEVEL for current txns: ([4]) with min_open_txn: 1
2024-04-24T06:29:26,719  INFO [main] lockmgr.DbTxnManager: Opened txnid:4
2024-04-24T06:29:26,719  INFO [main] HiveMetaStore.audit: ugi=alex	ip=unknown-ip-addr	cmd=get_table : tbl=hive.default.nonAcidOrcTbl	
2024-04-24T06:29:26,722  INFO [main] ql.Driver: Semantic Analysis Completed (retrial = false)
2024-04-24T06:29:26,722  INFO [main] ql.Driver: Created Hive schema: Schema(fieldSchemas:null, properties:null)
2024-04-24T06:29:26,722  INFO [main] metadata.Hive: Dumping metastore api call timing information for : compilation phase
2024-04-24T06:29:26,722  INFO [main] metadata.Hive: Total time spent in each metastore function (ms): {openTxn_(String, TxnType)=2, commitTxn_(CommitTxnRequest)=11, isCompatibleWith_(Configuration)=0, flushCache_()=0, getValidTxns_(long)=0}
2024-04-24T06:29:26,722  INFO [main] ql.Driver: Completed compiling command(queryId=alex_20240424062926_308cd657-61cc-4591-b1e7-a493a7e9e25c); Time taken: 0.005 seconds
2024-04-24T06:29:26,722  INFO [main] lockmgr.DbTxnManager: Setting lock request transaction to txnid:4 for queryId=alex_20240424062926_308cd657-61cc-4591-b1e7-a493a7e9e25c
2024-04-24T06:29:26,722  INFO [main] ql.Driver: Operation DROPTABLE obtained 0 locks
2024-04-24T06:29:26,722  INFO [main] ql.Driver: Executing command(queryId=alex_20240424062926_308cd657-61cc-4591-b1e7-a493a7e9e25c): drop table if exists nonAcidOrcTbl
2024-04-24T06:29:26,723  INFO [main] ql.Driver: Starting task [Stage-0:DDL] in serial mode
2024-04-24T06:29:26,723  INFO [main] HiveMetaStore.audit: ugi=alex	ip=unknown-ip-addr	cmd=get_table : tbl=hive.default.nonAcidOrcTbl	
2024-04-24T06:29:26,725  INFO [main] metadata.Hive: Dumping metastore api call timing information for : execution phase
2024-04-24T06:29:26,725  INFO [main] metadata.Hive: Total time spent in each metastore function (ms): {isCompatibleWith_(Configuration)=0}
2024-04-24T06:29:26,725  INFO [main] ql.Driver: Completed executing command(queryId=alex_20240424062926_308cd657-61cc-4591-b1e7-a493a7e9e25c); Time taken: 0.003 seconds
2024-04-24T06:29:26,725  INFO [main] lockmgr.DbTxnManager: Stopped heartbeat for query: alex_20240424062926_308cd657-61cc-4591-b1e7-a493a7e9e25c
2024-04-24T06:29:26,731  INFO [main] txn.TxnHandler: Expected to move at least one record from txn_components to completed_txn_components when committing txn! txnid:4
2024-04-24T06:29:26,737  INFO [main] txn.TxnHandler: Removed transactions: ([4]) from MIN_HISTORY_LEVEL
2024-04-24T06:29:26,737  WARN [main] txn.CompactionTxnHandler: No compaction queue record found for Compaction type transaction commit. txnId:4
2024-04-24T06:29:26,737  INFO [main] ql.TxnCommandsBaseForTests: Running the query: drop table if exists nonAcidOrcTbl2
2024-04-24T06:29:26,737  INFO [main] ql.Driver: Compiling command(queryId=alex_20240424062926_a4c5dd99-3c85-4aa6-b949-6d9a09bbf3b4): drop table if exists nonAcidOrcTbl2
2024-04-24T06:29:26,740  INFO [main] txn.TxnHandler: Added entries to MIN_HISTORY_LEVEL for current txns: ([5]) with min_open_txn: 1
2024-04-24T06:29:26,740  INFO [main] lockmgr.DbTxnManager: Opened txnid:5
2024-04-24T06:29:26,740  INFO [main] HiveMetaStore.audit: ugi=alex	ip=unknown-ip-addr	cmd=get_table : tbl=hive.default.nonAcidOrcTbl2	
2024-04-24T06:29:26,743  INFO [main] ql.Driver: Semantic Analysis Completed (retrial = false)
2024-04-24T06:29:26,743  INFO [main] ql.Driver: Created Hive schema: Schema(fieldSchemas:null, properties:null)
2024-04-24T06:29:26,743  INFO [main] metadata.Hive: Dumping metastore api call timing information for : compilation phase
2024-04-24T06:29:26,743  INFO [main] metadata.Hive: Total time spent in each metastore function (ms): {flushCache_()=0, openTxn_(String, TxnType)=2, getValidTxns_(long)=0, isCompatibleWith_(Configuration)=1, commitTxn_(CommitTxnRequest)=11}
2024-04-24T06:29:26,743  INFO [main] ql.Driver: Completed compiling command(queryId=alex_20240424062926_a4c5dd99-3c85-4aa6-b949-6d9a09bbf3b4); Time taken: 0.006 seconds
2024-04-24T06:29:26,744  INFO [main] lockmgr.DbTxnManager: Setting lock request transaction to txnid:5 for queryId=alex_20240424062926_a4c5dd99-3c85-4aa6-b949-6d9a09bbf3b4
2024-04-24T06:29:26,744  INFO [main] ql.Driver: Operation DROPTABLE obtained 0 locks
2024-04-24T06:29:26,744  INFO [main] ql.Driver: Executing command(queryId=alex_20240424062926_a4c5dd99-3c85-4aa6-b949-6d9a09bbf3b4): drop table if exists nonAcidOrcTbl2
2024-04-24T06:29:26,744  INFO [main] ql.Driver: Starting task [Stage-0:DDL] in serial mode
2024-04-24T06:29:26,744  INFO [main] HiveMetaStore.audit: ugi=alex	ip=unknown-ip-addr	cmd=get_table : tbl=hive.default.nonAcidOrcTbl2	
2024-04-24T06:29:26,746  INFO [main] metadata.Hive: Dumping metastore api call timing information for : execution phase
2024-04-24T06:29:26,746  INFO [main] metadata.Hive: Total time spent in each metastore function (ms): {isCompatibleWith_(Configuration)=0}
2024-04-24T06:29:26,747  INFO [main] ql.Driver: Completed executing command(queryId=alex_20240424062926_a4c5dd99-3c85-4aa6-b949-6d9a09bbf3b4); Time taken: 0.002 seconds
2024-04-24T06:29:26,747  INFO [main] lockmgr.DbTxnManager: Stopped heartbeat for query: alex_20240424062926_a4c5dd99-3c85-4aa6-b949-6d9a09bbf3b4
2024-04-24T06:29:26,752  INFO [main] txn.TxnHandler: Expected to move at least one record from txn_components to completed_txn_components when committing txn! txnid:5
2024-04-24T06:29:26,758  INFO [main] txn.TxnHandler: Removed transactions: ([5]) from MIN_HISTORY_LEVEL
2024-04-24T06:29:26,758  WARN [main] txn.CompactionTxnHandler: No compaction queue record found for Compaction type transaction commit. txnId:5
2024-04-24T06:29:26,758  INFO [main] ql.TxnCommandsBaseForTests: Running the query: drop table if exists nonAcidNonBucket
2024-04-24T06:29:26,759  INFO [main] ql.Driver: Compiling command(queryId=alex_20240424062926_29fbe864-4435-4ce7-91d3-f32bc3cd180e): drop table if exists nonAcidNonBucket
2024-04-24T06:29:26,761  INFO [main] txn.TxnHandler: Added entries to MIN_HISTORY_LEVEL for current txns: ([6]) with min_open_txn: 1
2024-04-24T06:29:26,761  INFO [main] lockmgr.DbTxnManager: Opened txnid:6
2024-04-24T06:29:26,761  INFO [main] HiveMetaStore.audit: ugi=alex	ip=unknown-ip-addr	cmd=get_table : tbl=hive.default.nonAcidNonBucket	
2024-04-24T06:29:26,764  INFO [main] ql.Driver: Semantic Analysis Completed (retrial = false)
2024-04-24T06:29:26,764  INFO [main] ql.Driver: Created Hive schema: Schema(fieldSchemas:null, properties:null)
2024-04-24T06:29:26,764  INFO [main] metadata.Hive: Dumping metastore api call timing information for : compilation phase
2024-04-24T06:29:26,764  INFO [main] metadata.Hive: Total time spent in each metastore function (ms): {commitTxn_(CommitTxnRequest)=11, isCompatibleWith_(Configuration)=0, openTxn_(String, TxnType)=2, getValidTxns_(long)=0, flushCache_()=0}
2024-04-24T06:29:26,764  INFO [main] ql.Driver: Completed compiling command(queryId=alex_20240424062926_29fbe864-4435-4ce7-91d3-f32bc3cd180e); Time taken: 0.005 seconds
2024-04-24T06:29:26,764  INFO [main] lockmgr.DbTxnManager: Setting lock request transaction to txnid:6 for queryId=alex_20240424062926_29fbe864-4435-4ce7-91d3-f32bc3cd180e
2024-04-24T06:29:26,764  INFO [main] ql.Driver: Operation DROPTABLE obtained 0 locks
2024-04-24T06:29:26,764  INFO [main] ql.Driver: Executing command(queryId=alex_20240424062926_29fbe864-4435-4ce7-91d3-f32bc3cd180e): drop table if exists nonAcidNonBucket
2024-04-24T06:29:26,765  INFO [main] ql.Driver: Starting task [Stage-0:DDL] in serial mode
2024-04-24T06:29:26,765  INFO [main] HiveMetaStore.audit: ugi=alex	ip=unknown-ip-addr	cmd=get_table : tbl=hive.default.nonAcidNonBucket	
2024-04-24T06:29:26,767  INFO [main] metadata.Hive: Dumping metastore api call timing information for : execution phase
2024-04-24T06:29:26,767  INFO [main] metadata.Hive: Total time spent in each metastore function (ms): {isCompatibleWith_(Configuration)=0}
2024-04-24T06:29:26,767  INFO [main] ql.Driver: Completed executing command(queryId=alex_20240424062926_29fbe864-4435-4ce7-91d3-f32bc3cd180e); Time taken: 0.003 seconds
2024-04-24T06:29:26,768  INFO [main] lockmgr.DbTxnManager: Stopped heartbeat for query: alex_20240424062926_29fbe864-4435-4ce7-91d3-f32bc3cd180e
2024-04-24T06:29:26,773  INFO [main] txn.TxnHandler: Expected to move at least one record from txn_components to completed_txn_components when committing txn! txnid:6
2024-04-24T06:29:26,779  INFO [main] txn.TxnHandler: Removed transactions: ([6]) from MIN_HISTORY_LEVEL
2024-04-24T06:29:26,779  WARN [main] txn.CompactionTxnHandler: No compaction queue record found for Compaction type transaction commit. txnId:6
2024-04-24T06:29:26,780  INFO [main] ql.TxnCommandsBaseForTests: Running the query: create table acidTbl(a int, b int) clustered by (a) into 2 buckets stored as orc TBLPROPERTIES ('transactional'='true')
2024-04-24T06:29:26,780  INFO [main] ql.Driver: Compiling command(queryId=alex_20240424062926_f4986c8b-7507-4fd5-9b70-b258f4a54b34): create table acidTbl(a int, b int) clustered by (a) into 2 buckets stored as orc TBLPROPERTIES ('transactional'='true')
2024-04-24T06:29:26,782  INFO [main] txn.TxnHandler: Added entries to MIN_HISTORY_LEVEL for current txns: ([7]) with min_open_txn: 1
2024-04-24T06:29:26,782  INFO [main] lockmgr.DbTxnManager: Opened txnid:7
2024-04-24T06:29:26,782  INFO [main] parse.CalcitePlanner: Starting caching scope for: 
2024-04-24T06:29:26,782  INFO [main] parse.CalcitePlanner: Starting Semantic Analysis
2024-04-24T06:29:26,788  INFO [main] parse.CalcitePlanner: Creating table default.acidTbl position=13
2024-04-24T06:29:26,788  INFO [main] HiveMetaStore.audit: ugi=alex	ip=unknown-ip-addr	cmd=get_database: default	
2024-04-24T06:29:26,789  INFO [main] parse.CalcitePlanner: Ending caching scope for: 
2024-04-24T06:29:26,789  INFO [main] ql.Driver: Semantic Analysis Completed (retrial = false)
2024-04-24T06:29:26,789  INFO [main] ql.Driver: Created Hive schema: Schema(fieldSchemas:null, properties:null)
2024-04-24T06:29:26,790  INFO [main] metadata.Hive: Dumping metastore api call timing information for : compilation phase
2024-04-24T06:29:26,790  INFO [main] metadata.Hive: Total time spent in each metastore function (ms): {openTxn_(String, TxnType)=2, commitTxn_(CommitTxnRequest)=11, flushCache_()=0, getValidTxns_(long)=0, getValidWriteIds_(List, String)=6, getDatabase_(String)=1, isCompatibleWith_(Configuration)=0}
2024-04-24T06:29:26,790  INFO [main] ql.Driver: Completed compiling command(queryId=alex_20240424062926_f4986c8b-7507-4fd5-9b70-b258f4a54b34); Time taken: 0.01 seconds
2024-04-24T06:29:26,790  INFO [main] lockmgr.DbTxnManager: Setting lock request transaction to txnid:7 for queryId=alex_20240424062926_f4986c8b-7507-4fd5-9b70-b258f4a54b34
2024-04-24T06:29:26,790  INFO [main] lockmgr.DbLockManager: Requesting lock for queryId=alex_20240424062926_f4986c8b-7507-4fd5-9b70-b258f4a54b34
2024-04-24T06:29:26,809  INFO [main] lockmgr.DbLockManager: Response to queryId=alex_20240424062926_f4986c8b-7507-4fd5-9b70-b258f4a54b34 LockResponse(lockid:1, state:ACQUIRED)
2024-04-24T06:29:26,809  INFO [main] ql.Driver: Operation CREATETABLE obtained 1 locks
2024-04-24T06:29:26,810  INFO [main] ql.Driver: Executing command(queryId=alex_20240424062926_f4986c8b-7507-4fd5-9b70-b258f4a54b34): create table acidTbl(a int, b int) clustered by (a) into 2 buckets stored as orc TBLPROPERTIES ('transactional'='true')
2024-04-24T06:29:26,810  INFO [main] ql.Driver: Starting task [Stage-0:DDL] in serial mode
2024-04-24T06:29:26,810  INFO [main] HiveMetaStore.audit: ugi=alex	ip=unknown-ip-addr	cmd=create_table_req: Table(tableName:acidTbl, dbName:default, owner:alex, createTime:1713965366, lastAccessTime:0, retention:0, sd:StorageDescriptor(cols:[FieldSchema(name:a, type:int, comment:null), FieldSchema(name:b, type:int, comment:null)], location:null, inputFormat:org.apache.hadoop.hive.ql.io.orc.OrcInputFormat, outputFormat:org.apache.hadoop.hive.ql.io.orc.OrcOutputFormat, compressed:false, numBuckets:2, serdeInfo:SerDeInfo(name:null, serializationLib:org.apache.hadoop.hive.ql.io.orc.OrcSerde, parameters:{serialization.format=1}), bucketCols:[a], sortCols:[], parameters:{}, skewedInfo:SkewedInfo(skewedColNames:[], skewedColValues:[], skewedColValueLocationMaps:{}), storedAsSubDirectories:false), partitionKeys:[], parameters:{transactional=true, totalSize=0, numFilesErasureCoded=0, COLUMN_STATS_ACCURATE={"BASIC_STATS":"true","COLUMN_STATS":{"a":"true","b":"true"}}, numRows=0, numFiles=0, bucketing_version=2, rawDataSize=0}, viewOriginalText:null, viewExpandedText:null, tableType:MANAGED_TABLE, privileges:PrincipalPrivilegeSet(userPrivileges:{alex=[PrivilegeGrantInfo(privilege:INSERT, createTime:-1, grantor:alex, grantorType:USER, grantOption:true), PrivilegeGrantInfo(privilege:SELECT, createTime:-1, grantor:alex, grantorType:USER, grantOption:true), PrivilegeGrantInfo(privilege:UPDATE, createTime:-1, grantor:alex, grantorType:USER, grantOption:true), PrivilegeGrantInfo(privilege:DELETE, createTime:-1, grantor:alex, grantorType:USER, grantOption:true)]}, groupPrivileges:null, rolePrivileges:null), temporary:false, catName:hive, ownerType:USER, writeId:0)	
2024-04-24T06:29:26,815  INFO [main] utils.FileUtils: Creating directory if it doesn't exist: file:/home/alex/Repositories/hive/ql/target/tmp/org.apache.hadoop.hive.ql.TestTxnCommands-1713965238357/warehouse/acidtbl
2024-04-24T06:29:26,851  INFO [main] metadata.Hive: Dumping metastore api call timing information for : execution phase
2024-04-24T06:29:26,851  INFO [main] metadata.Hive: Total time spent in each metastore function (ms): {createTable_(Table)=41, isCompatibleWith_(Configuration)=0}
2024-04-24T06:29:26,851  INFO [main] ql.Driver: Completed executing command(queryId=alex_20240424062926_f4986c8b-7507-4fd5-9b70-b258f4a54b34); Time taken: 0.042 seconds
2024-04-24T06:29:26,851  INFO [main] lockmgr.DbTxnManager: Stopped heartbeat for query: alex_20240424062926_f4986c8b-7507-4fd5-9b70-b258f4a54b34
2024-04-24T06:29:26,856  INFO [main] txn.TxnHandler: Expected to move at least one record from txn_components to completed_txn_components when committing txn! txnid:7
2024-04-24T06:29:26,862  INFO [main] txn.TxnHandler: Removed transactions: ([7]) from MIN_HISTORY_LEVEL
2024-04-24T06:29:26,862  WARN [main] txn.CompactionTxnHandler: No compaction queue record found for Compaction type transaction commit. txnId:7
2024-04-24T06:29:26,862  INFO [main] ql.TxnCommandsBaseForTests: Running the query: create table acidTblPart(a int, b int) partitioned by (p string) clustered by (a) into 2 buckets stored as orc TBLPROPERTIES ('transactional'='true')
2024-04-24T06:29:26,863  INFO [main] ql.Driver: Compiling command(queryId=alex_20240424062926_be23bdc0-7517-4009-8d02-87bfe0a461df): create table acidTblPart(a int, b int) partitioned by (p string) clustered by (a) into 2 buckets stored as orc TBLPROPERTIES ('transactional'='true')
2024-04-24T06:29:26,865  INFO [main] txn.TxnHandler: Added entries to MIN_HISTORY_LEVEL for current txns: ([8]) with min_open_txn: 1
2024-04-24T06:29:26,865  INFO [main] lockmgr.DbTxnManager: Opened txnid:8
2024-04-24T06:29:26,865  INFO [main] parse.CalcitePlanner: Starting caching scope for: 
2024-04-24T06:29:26,865  INFO [main] parse.CalcitePlanner: Starting Semantic Analysis
2024-04-24T06:29:26,868  INFO [main] parse.CalcitePlanner: Creating table default.acidTblPart position=13
2024-04-24T06:29:26,868  INFO [main] HiveMetaStore.audit: ugi=alex	ip=unknown-ip-addr	cmd=get_database: default	
2024-04-24T06:29:26,869  INFO [main] parse.CalcitePlanner: Ending caching scope for: 
2024-04-24T06:29:26,869  INFO [main] ql.Driver: Semantic Analysis Completed (retrial = false)
2024-04-24T06:29:26,869  INFO [main] ql.Driver: Created Hive schema: Schema(fieldSchemas:null, properties:null)
2024-04-24T06:29:26,869  INFO [main] metadata.Hive: Dumping metastore api call timing information for : compilation phase
2024-04-24T06:29:26,870  INFO [main] metadata.Hive: Total time spent in each metastore function (ms): {commitTxn_(CommitTxnRequest)=11, getDatabase_(String)=1, isCompatibleWith_(Configuration)=0, getValidTxns_(long)=0, openTxn_(String, TxnType)=2, flushCache_()=0, getValidWriteIds_(List, String)=3}
2024-04-24T06:29:26,870  INFO [main] ql.Driver: Completed compiling command(queryId=alex_20240424062926_be23bdc0-7517-4009-8d02-87bfe0a461df); Time taken: 0.006 seconds
2024-04-24T06:29:26,870  INFO [main] lockmgr.DbTxnManager: Setting lock request transaction to txnid:8 for queryId=alex_20240424062926_be23bdc0-7517-4009-8d02-87bfe0a461df
2024-04-24T06:29:26,870  INFO [main] lockmgr.DbLockManager: Requesting lock for queryId=alex_20240424062926_be23bdc0-7517-4009-8d02-87bfe0a461df
2024-04-24T06:29:26,886  INFO [main] lockmgr.DbLockManager: Response to queryId=alex_20240424062926_be23bdc0-7517-4009-8d02-87bfe0a461df LockResponse(lockid:2, state:ACQUIRED)
2024-04-24T06:29:26,886  INFO [main] ql.Driver: Operation CREATETABLE obtained 1 locks
2024-04-24T06:29:26,886  INFO [main] ql.Driver: Executing command(queryId=alex_20240424062926_be23bdc0-7517-4009-8d02-87bfe0a461df): create table acidTblPart(a int, b int) partitioned by (p string) clustered by (a) into 2 buckets stored as orc TBLPROPERTIES ('transactional'='true')
2024-04-24T06:29:26,887  INFO [main] ql.Driver: Starting task [Stage-0:DDL] in serial mode
2024-04-24T06:29:26,887  INFO [main] HiveMetaStore.audit: ugi=alex	ip=unknown-ip-addr	cmd=create_table_req: Table(tableName:acidTblPart, dbName:default, owner:alex, createTime:1713965366, lastAccessTime:0, retention:0, sd:StorageDescriptor(cols:[FieldSchema(name:a, type:int, comment:null), FieldSchema(name:b, type:int, comment:null)], location:null, inputFormat:org.apache.hadoop.hive.ql.io.orc.OrcInputFormat, outputFormat:org.apache.hadoop.hive.ql.io.orc.OrcOutputFormat, compressed:false, numBuckets:2, serdeInfo:SerDeInfo(name:null, serializationLib:org.apache.hadoop.hive.ql.io.orc.OrcSerde, parameters:{serialization.format=1}), bucketCols:[a], sortCols:[], parameters:{}, skewedInfo:SkewedInfo(skewedColNames:[], skewedColValues:[], skewedColValueLocationMaps:{}), storedAsSubDirectories:false), partitionKeys:[FieldSchema(name:p, type:string, comment:null)], parameters:{bucketing_version=2, transactional=true}, viewOriginalText:null, viewExpandedText:null, tableType:MANAGED_TABLE, privileges:PrincipalPrivilegeSet(userPrivileges:{alex=[PrivilegeGrantInfo(privilege:INSERT, createTime:-1, grantor:alex, grantorType:USER, grantOption:true), PrivilegeGrantInfo(privilege:SELECT, createTime:-1, grantor:alex, grantorType:USER, grantOption:true), PrivilegeGrantInfo(privilege:UPDATE, createTime:-1, grantor:alex, grantorType:USER, grantOption:true), PrivilegeGrantInfo(privilege:DELETE, createTime:-1, grantor:alex, grantorType:USER, grantOption:true)]}, groupPrivileges:null, rolePrivileges:null), temporary:false, catName:hive, ownerType:USER, writeId:0)	
2024-04-24T06:29:26,893  INFO [main] utils.FileUtils: Creating directory if it doesn't exist: file:/home/alex/Repositories/hive/ql/target/tmp/org.apache.hadoop.hive.ql.TestTxnCommands-1713965238357/warehouse/acidtblpart
2024-04-24T06:29:26,911  INFO [main] metadata.Hive: Dumping metastore api call timing information for : execution phase
2024-04-24T06:29:26,912  INFO [main] metadata.Hive: Total time spent in each metastore function (ms): {isCompatibleWith_(Configuration)=0, createTable_(Table)=24}
2024-04-24T06:29:26,912  INFO [main] ql.Driver: Completed executing command(queryId=alex_20240424062926_be23bdc0-7517-4009-8d02-87bfe0a461df); Time taken: 0.025 seconds
2024-04-24T06:29:26,912  INFO [main] lockmgr.DbTxnManager: Stopped heartbeat for query: alex_20240424062926_be23bdc0-7517-4009-8d02-87bfe0a461df
2024-04-24T06:29:26,916  INFO [main] txn.TxnHandler: Expected to move at least one record from txn_components to completed_txn_components when committing txn! txnid:8
2024-04-24T06:29:26,923  INFO [main] txn.TxnHandler: Removed transactions: ([8]) from MIN_HISTORY_LEVEL
2024-04-24T06:29:26,923  WARN [main] txn.CompactionTxnHandler: No compaction queue record found for Compaction type transaction commit. txnId:8
2024-04-24T06:29:26,924  INFO [main] ql.TxnCommandsBaseForTests: Running the query: create table nonAcidOrcTbl(a int, b int) clustered by (a) into 2 buckets stored as orc TBLPROPERTIES ('transactional'='false')
2024-04-24T06:29:26,924  INFO [main] ql.Driver: Compiling command(queryId=alex_20240424062926_f5b1e957-28f9-4c6b-a48b-61c5ecec59e5): create table nonAcidOrcTbl(a int, b int) clustered by (a) into 2 buckets stored as orc TBLPROPERTIES ('transactional'='false')
2024-04-24T06:29:26,926  INFO [main] txn.TxnHandler: Added entries to MIN_HISTORY_LEVEL for current txns: ([9]) with min_open_txn: 1
2024-04-24T06:29:26,926  INFO [main] lockmgr.DbTxnManager: Opened txnid:9
2024-04-24T06:29:26,926  INFO [main] parse.CalcitePlanner: Starting caching scope for: 
2024-04-24T06:29:26,926  INFO [main] parse.CalcitePlanner: Starting Semantic Analysis
2024-04-24T06:29:26,929  INFO [main] parse.CalcitePlanner: Creating table default.nonAcidOrcTbl position=13
2024-04-24T06:29:26,929  INFO [main] HiveMetaStore.audit: ugi=alex	ip=unknown-ip-addr	cmd=get_database: default	
2024-04-24T06:29:26,930  INFO [main] parse.CalcitePlanner: Ending caching scope for: 
2024-04-24T06:29:26,930  INFO [main] ql.Driver: Semantic Analysis Completed (retrial = false)
2024-04-24T06:29:26,930  INFO [main] ql.Driver: Created Hive schema: Schema(fieldSchemas:null, properties:null)
2024-04-24T06:29:26,930  INFO [main] metadata.Hive: Dumping metastore api call timing information for : compilation phase
2024-04-24T06:29:26,931  INFO [main] metadata.Hive: Total time spent in each metastore function (ms): {commitTxn_(CommitTxnRequest)=11, openTxn_(String, TxnType)=2, isCompatibleWith_(Configuration)=0, flushCache_()=0, getDatabase_(String)=1, getValidWriteIds_(List, String)=2, getValidTxns_(long)=0}
2024-04-24T06:29:26,931  INFO [main] ql.Driver: Completed compiling command(queryId=alex_20240424062926_f5b1e957-28f9-4c6b-a48b-61c5ecec59e5); Time taken: 0.006 seconds
2024-04-24T06:29:26,931  INFO [main] lockmgr.DbTxnManager: Setting lock request transaction to txnid:9 for queryId=alex_20240424062926_f5b1e957-28f9-4c6b-a48b-61c5ecec59e5
2024-04-24T06:29:26,931  INFO [main] lockmgr.DbLockManager: Requesting lock for queryId=alex_20240424062926_f5b1e957-28f9-4c6b-a48b-61c5ecec59e5
2024-04-24T06:29:26,945  INFO [main] lockmgr.DbLockManager: Response to queryId=alex_20240424062926_f5b1e957-28f9-4c6b-a48b-61c5ecec59e5 LockResponse(lockid:3, state:ACQUIRED)
2024-04-24T06:29:26,945  INFO [main] ql.Driver: Operation CREATETABLE obtained 1 locks
2024-04-24T06:29:26,945  INFO [main] ql.Driver: Executing command(queryId=alex_20240424062926_f5b1e957-28f9-4c6b-a48b-61c5ecec59e5): create table nonAcidOrcTbl(a int, b int) clustered by (a) into 2 buckets stored as orc TBLPROPERTIES ('transactional'='false')
2024-04-24T06:29:26,946  INFO [main] ql.Driver: Starting task [Stage-0:DDL] in serial mode
2024-04-24T06:29:26,946  INFO [main] HiveMetaStore.audit: ugi=alex	ip=unknown-ip-addr	cmd=create_table_req: Table(tableName:nonAcidOrcTbl, dbName:default, owner:alex, createTime:1713965366, lastAccessTime:0, retention:0, sd:StorageDescriptor(cols:[FieldSchema(name:a, type:int, comment:null), FieldSchema(name:b, type:int, comment:null)], location:null, inputFormat:org.apache.hadoop.hive.ql.io.orc.OrcInputFormat, outputFormat:org.apache.hadoop.hive.ql.io.orc.OrcOutputFormat, compressed:false, numBuckets:2, serdeInfo:SerDeInfo(name:null, serializationLib:org.apache.hadoop.hive.ql.io.orc.OrcSerde, parameters:{serialization.format=1}), bucketCols:[a], sortCols:[], parameters:{}, skewedInfo:SkewedInfo(skewedColNames:[], skewedColValues:[], skewedColValueLocationMaps:{}), storedAsSubDirectories:false), partitionKeys:[], parameters:{numFilesErasureCoded=0, numFiles=0, numRows=0, transactional=false, COLUMN_STATS_ACCURATE={"BASIC_STATS":"true","COLUMN_STATS":{"a":"true","b":"true"}}, totalSize=0, rawDataSize=0, bucketing_version=2}, viewOriginalText:null, viewExpandedText:null, tableType:MANAGED_TABLE, privileges:PrincipalPrivilegeSet(userPrivileges:{alex=[PrivilegeGrantInfo(privilege:INSERT, createTime:-1, grantor:alex, grantorType:USER, grantOption:true), PrivilegeGrantInfo(privilege:SELECT, createTime:-1, grantor:alex, grantorType:USER, grantOption:true), PrivilegeGrantInfo(privilege:UPDATE, createTime:-1, grantor:alex, grantorType:USER, grantOption:true), PrivilegeGrantInfo(privilege:DELETE, createTime:-1, grantor:alex, grantorType:USER, grantOption:true)]}, groupPrivileges:null, rolePrivileges:null), temporary:false, catName:hive, ownerType:USER)	
2024-04-24T06:29:26,951  INFO [main] utils.FileUtils: Creating directory if it doesn't exist: file:/home/alex/Repositories/hive/ql/target/tmp/org.apache.hadoop.hive.ql.TestTxnCommands-1713965238357/warehouse/nonacidorctbl
2024-04-24T06:29:26,964  INFO [main] metadata.Hive: Dumping metastore api call timing information for : execution phase
2024-04-24T06:29:26,965  INFO [main] metadata.Hive: Total time spent in each metastore function (ms): {createTable_(Table)=18, isCompatibleWith_(Configuration)=0}
2024-04-24T06:29:26,965  INFO [main] ql.Driver: Completed executing command(queryId=alex_20240424062926_f5b1e957-28f9-4c6b-a48b-61c5ecec59e5); Time taken: 0.019 seconds
2024-04-24T06:29:26,965  INFO [main] lockmgr.DbTxnManager: Stopped heartbeat for query: alex_20240424062926_f5b1e957-28f9-4c6b-a48b-61c5ecec59e5
2024-04-24T06:29:26,969  INFO [main] txn.TxnHandler: Expected to move at least one record from txn_components to completed_txn_components when committing txn! txnid:9
2024-04-24T06:29:26,975  INFO [main] txn.TxnHandler: Removed transactions: ([9]) from MIN_HISTORY_LEVEL
2024-04-24T06:29:26,975  WARN [main] txn.CompactionTxnHandler: No compaction queue record found for Compaction type transaction commit. txnId:9
2024-04-24T06:29:26,976  INFO [main] ql.TxnCommandsBaseForTests: Running the query: create table nonAcidOrcTbl2(a int, b int) clustered by (a) into 2 buckets stored as orc TBLPROPERTIES ('transactional'='false')
2024-04-24T06:29:26,976  INFO [main] ql.Driver: Compiling command(queryId=alex_20240424062926_02eabdf2-e38e-4e69-99bc-5cfcd478d9fa): create table nonAcidOrcTbl2(a int, b int) clustered by (a) into 2 buckets stored as orc TBLPROPERTIES ('transactional'='false')
2024-04-24T06:29:26,979  INFO [main] txn.TxnHandler: Added entries to MIN_HISTORY_LEVEL for current txns: ([10]) with min_open_txn: 1
2024-04-24T06:29:26,979  INFO [main] lockmgr.DbTxnManager: Opened txnid:10
2024-04-24T06:29:26,980  INFO [main] parse.CalcitePlanner: Starting caching scope for: 
2024-04-24T06:29:26,980  INFO [main] parse.CalcitePlanner: Starting Semantic Analysis
2024-04-24T06:29:26,983  INFO [main] parse.CalcitePlanner: Creating table default.nonAcidOrcTbl2 position=13
2024-04-24T06:29:26,983  INFO [main] HiveMetaStore.audit: ugi=alex	ip=unknown-ip-addr	cmd=get_database: default	
2024-04-24T06:29:26,984  INFO [main] parse.CalcitePlanner: Ending caching scope for: 
2024-04-24T06:29:26,984  INFO [main] ql.Driver: Semantic Analysis Completed (retrial = false)
2024-04-24T06:29:26,984  INFO [main] ql.Driver: Created Hive schema: Schema(fieldSchemas:null, properties:null)
2024-04-24T06:29:26,984  INFO [main] metadata.Hive: Dumping metastore api call timing information for : compilation phase
2024-04-24T06:29:26,985  INFO [main] metadata.Hive: Total time spent in each metastore function (ms): {openTxn_(String, TxnType)=3, isCompatibleWith_(Configuration)=0, getDatabase_(String)=1, getValidTxns_(long)=0, flushCache_()=0, commitTxn_(CommitTxnRequest)=11, getValidWriteIds_(List, String)=3}
2024-04-24T06:29:26,985  INFO [main] ql.Driver: Completed compiling command(queryId=alex_20240424062926_02eabdf2-e38e-4e69-99bc-5cfcd478d9fa); Time taken: 0.008 seconds
2024-04-24T06:29:26,985  INFO [main] lockmgr.DbTxnManager: Setting lock request transaction to txnid:10 for queryId=alex_20240424062926_02eabdf2-e38e-4e69-99bc-5cfcd478d9fa
2024-04-24T06:29:26,985  INFO [main] lockmgr.DbLockManager: Requesting lock for queryId=alex_20240424062926_02eabdf2-e38e-4e69-99bc-5cfcd478d9fa
2024-04-24T06:29:27,001  INFO [main] lockmgr.DbLockManager: Response to queryId=alex_20240424062926_02eabdf2-e38e-4e69-99bc-5cfcd478d9fa LockResponse(lockid:4, state:ACQUIRED)
2024-04-24T06:29:27,001  INFO [main] ql.Driver: Operation CREATETABLE obtained 1 locks
2024-04-24T06:29:27,001  INFO [main] ql.Driver: Executing command(queryId=alex_20240424062926_02eabdf2-e38e-4e69-99bc-5cfcd478d9fa): create table nonAcidOrcTbl2(a int, b int) clustered by (a) into 2 buckets stored as orc TBLPROPERTIES ('transactional'='false')
2024-04-24T06:29:27,002  INFO [main] ql.Driver: Starting task [Stage-0:DDL] in serial mode
2024-04-24T06:29:27,003  INFO [main] HiveMetaStore.audit: ugi=alex	ip=unknown-ip-addr	cmd=create_table_req: Table(tableName:nonAcidOrcTbl2, dbName:default, owner:alex, createTime:1713965367, lastAccessTime:0, retention:0, sd:StorageDescriptor(cols:[FieldSchema(name:a, type:int, comment:null), FieldSchema(name:b, type:int, comment:null)], location:null, inputFormat:org.apache.hadoop.hive.ql.io.orc.OrcInputFormat, outputFormat:org.apache.hadoop.hive.ql.io.orc.OrcOutputFormat, compressed:false, numBuckets:2, serdeInfo:SerDeInfo(name:null, serializationLib:org.apache.hadoop.hive.ql.io.orc.OrcSerde, parameters:{serialization.format=1}), bucketCols:[a], sortCols:[], parameters:{}, skewedInfo:SkewedInfo(skewedColNames:[], skewedColValues:[], skewedColValueLocationMaps:{}), storedAsSubDirectories:false), partitionKeys:[], parameters:{numFiles=0, COLUMN_STATS_ACCURATE={"BASIC_STATS":"true","COLUMN_STATS":{"a":"true","b":"true"}}, rawDataSize=0, numRows=0, transactional=false, bucketing_version=2, totalSize=0, numFilesErasureCoded=0}, viewOriginalText:null, viewExpandedText:null, tableType:MANAGED_TABLE, privileges:PrincipalPrivilegeSet(userPrivileges:{alex=[PrivilegeGrantInfo(privilege:INSERT, createTime:-1, grantor:alex, grantorType:USER, grantOption:true), PrivilegeGrantInfo(privilege:SELECT, createTime:-1, grantor:alex, grantorType:USER, grantOption:true), PrivilegeGrantInfo(privilege:UPDATE, createTime:-1, grantor:alex, grantorType:USER, grantOption:true), PrivilegeGrantInfo(privilege:DELETE, createTime:-1, grantor:alex, grantorType:USER, grantOption:true)]}, groupPrivileges:null, rolePrivileges:null), temporary:false, catName:hive, ownerType:USER)	
2024-04-24T06:29:27,007  INFO [main] utils.FileUtils: Creating directory if it doesn't exist: file:/home/alex/Repositories/hive/ql/target/tmp/org.apache.hadoop.hive.ql.TestTxnCommands-1713965238357/warehouse/nonacidorctbl2
2024-04-24T06:29:27,020  INFO [main] metadata.Hive: Dumping metastore api call timing information for : execution phase
2024-04-24T06:29:27,021  INFO [main] metadata.Hive: Total time spent in each metastore function (ms): {isCompatibleWith_(Configuration)=0, createTable_(Table)=18}
2024-04-24T06:29:27,021  INFO [main] ql.Driver: Completed executing command(queryId=alex_20240424062926_02eabdf2-e38e-4e69-99bc-5cfcd478d9fa); Time taken: 0.019 seconds
2024-04-24T06:29:27,021  INFO [main] lockmgr.DbTxnManager: Stopped heartbeat for query: alex_20240424062926_02eabdf2-e38e-4e69-99bc-5cfcd478d9fa
2024-04-24T06:29:27,025  INFO [main] txn.TxnHandler: Expected to move at least one record from txn_components to completed_txn_components when committing txn! txnid:10
2024-04-24T06:29:27,031  INFO [main] txn.TxnHandler: Removed transactions: ([10]) from MIN_HISTORY_LEVEL
2024-04-24T06:29:27,031  WARN [main] txn.CompactionTxnHandler: No compaction queue record found for Compaction type transaction commit. txnId:10
2024-04-24T06:29:27,032  INFO [main] ql.TxnCommandsBaseForTests: Running the query: create temporary  table acidTbl2(a int, b int, c int) clustered by (c) into 2 buckets stored as orc TBLPROPERTIES ('transactional'='true')
2024-04-24T06:29:27,032  INFO [main] ql.Driver: Compiling command(queryId=alex_20240424062927_2ba54cc2-a15c-4f20-b74f-58c675a7570d): create temporary  table acidTbl2(a int, b int, c int) clustered by (c) into 2 buckets stored as orc TBLPROPERTIES ('transactional'='true')
2024-04-24T06:29:27,035  INFO [main] txn.TxnHandler: Added entries to MIN_HISTORY_LEVEL for current txns: ([11]) with min_open_txn: 1
2024-04-24T06:29:27,035  INFO [main] lockmgr.DbTxnManager: Opened txnid:11
2024-04-24T06:29:27,035  INFO [main] parse.CalcitePlanner: Starting caching scope for: 
2024-04-24T06:29:27,035  INFO [main] parse.CalcitePlanner: Starting Semantic Analysis
2024-04-24T06:29:27,038  INFO [main] parse.CalcitePlanner: Creating table default.acidTbl2 position=24
2024-04-24T06:29:27,038  INFO [main] HiveMetaStore.audit: ugi=alex	ip=unknown-ip-addr	cmd=get_database: default	
2024-04-24T06:29:27,040  INFO [main] parse.CalcitePlanner: Ending caching scope for: 
2024-04-24T06:29:27,040  INFO [main] ql.Driver: Semantic Analysis Completed (retrial = false)
2024-04-24T06:29:27,040  INFO [main] ql.Driver: Created Hive schema: Schema(fieldSchemas:null, properties:null)
2024-04-24T06:29:27,040  INFO [main] metadata.Hive: Dumping metastore api call timing information for : compilation phase
2024-04-24T06:29:27,040  INFO [main] metadata.Hive: Total time spent in each metastore function (ms): {openTxn_(String, TxnType)=3, getValidTxns_(long)=0, commitTxn_(CommitTxnRequest)=10, getDatabase_(String)=2, flushCache_()=0, getValidWriteIds_(List, String)=2, isCompatibleWith_(Configuration)=0}
2024-04-24T06:29:27,040  INFO [main] ql.Driver: Completed compiling command(queryId=alex_20240424062927_2ba54cc2-a15c-4f20-b74f-58c675a7570d); Time taken: 0.008 seconds
2024-04-24T06:29:27,040  INFO [main] lockmgr.DbTxnManager: Setting lock request transaction to txnid:11 for queryId=alex_20240424062927_2ba54cc2-a15c-4f20-b74f-58c675a7570d
2024-04-24T06:29:27,041  INFO [main] lockmgr.DbLockManager: Requesting lock for queryId=alex_20240424062927_2ba54cc2-a15c-4f20-b74f-58c675a7570d
2024-04-24T06:29:27,056  INFO [main] lockmgr.DbLockManager: Response to queryId=alex_20240424062927_2ba54cc2-a15c-4f20-b74f-58c675a7570d LockResponse(lockid:5, state:ACQUIRED)
2024-04-24T06:29:27,056  INFO [main] ql.Driver: Operation CREATETABLE obtained 1 locks
2024-04-24T06:29:27,056  INFO [main] ql.Driver: Executing command(queryId=alex_20240424062927_2ba54cc2-a15c-4f20-b74f-58c675a7570d): create temporary  table acidTbl2(a int, b int, c int) clustered by (c) into 2 buckets stored as orc TBLPROPERTIES ('transactional'='true')
2024-04-24T06:29:27,056  INFO [main] ql.Driver: Starting task [Stage-0:DDL] in serial mode
2024-04-24T06:29:27,057  INFO [main] utils.FileUtils: Creating directory if it doesn't exist: file:/home/alex/Repositories/hive/ql/target/tmp/scratchdir/alex/3f9fd5cc-82ac-48f6-b11d-dbdc0a0d109d/_tmp_space.db/173260a7-1635-4fed-8ac4-84fc54a1ffa0
2024-04-24T06:29:27,060  INFO [main] metadata.Hive: Dumping metastore api call timing information for : execution phase
2024-04-24T06:29:27,060  INFO [main] metadata.Hive: Total time spent in each metastore function (ms): {isCompatibleWith_(Configuration)=0, createTable_(Table)=2}
2024-04-24T06:29:27,060  INFO [main] ql.Driver: Completed executing command(queryId=alex_20240424062927_2ba54cc2-a15c-4f20-b74f-58c675a7570d); Time taken: 0.004 seconds
2024-04-24T06:29:27,060  INFO [main] lockmgr.DbTxnManager: Stopped heartbeat for query: alex_20240424062927_2ba54cc2-a15c-4f20-b74f-58c675a7570d
2024-04-24T06:29:27,064  INFO [main] txn.TxnHandler: Expected to move at least one record from txn_components to completed_txn_components when committing txn! txnid:11
2024-04-24T06:29:27,070  INFO [main] txn.TxnHandler: Removed transactions: ([11]) from MIN_HISTORY_LEVEL
2024-04-24T06:29:27,070  WARN [main] txn.CompactionTxnHandler: No compaction queue record found for Compaction type transaction commit. txnId:11
2024-04-24T06:29:27,071  INFO [main] ql.TxnCommandsBaseForTests: Running the query: create table nonAcidNonBucket(a int, b int) stored as orc TBLPROPERTIES ('transactional'='false')
2024-04-24T06:29:27,071  INFO [main] ql.Driver: Compiling command(queryId=alex_20240424062927_5c6aaedd-c48e-46bd-bdd0-ff28a3ab8a49): create table nonAcidNonBucket(a int, b int) stored as orc TBLPROPERTIES ('transactional'='false')
2024-04-24T06:29:27,073  INFO [main] txn.TxnHandler: Added entries to MIN_HISTORY_LEVEL for current txns: ([12]) with min_open_txn: 1
2024-04-24T06:29:27,073  INFO [main] lockmgr.DbTxnManager: Opened txnid:12
2024-04-24T06:29:27,074  INFO [main] parse.CalcitePlanner: Starting caching scope for: 
2024-04-24T06:29:27,074  INFO [main] parse.CalcitePlanner: Starting Semantic Analysis
2024-04-24T06:29:27,076  INFO [main] parse.CalcitePlanner: Creating table default.nonAcidNonBucket position=13
2024-04-24T06:29:27,076  INFO [main] HiveMetaStore.audit: ugi=alex	ip=unknown-ip-addr	cmd=get_database: default	
2024-04-24T06:29:27,078  INFO [main] parse.CalcitePlanner: Ending caching scope for: 
2024-04-24T06:29:27,078  INFO [main] ql.Driver: Semantic Analysis Completed (retrial = false)
2024-04-24T06:29:27,078  INFO [main] ql.Driver: Created Hive schema: Schema(fieldSchemas:null, properties:null)
2024-04-24T06:29:27,078  INFO [main] metadata.Hive: Dumping metastore api call timing information for : compilation phase
2024-04-24T06:29:27,078  INFO [main] metadata.Hive: Total time spent in each metastore function (ms): {isCompatibleWith_(Configuration)=0, getValidTxns_(long)=1, openTxn_(String, TxnType)=2, flushCache_()=0, commitTxn_(CommitTxnRequest)=11, getValidWriteIds_(List, String)=2, getDatabase_(String)=2}
2024-04-24T06:29:27,078  INFO [main] ql.Driver: Completed compiling command(queryId=alex_20240424062927_5c6aaedd-c48e-46bd-bdd0-ff28a3ab8a49); Time taken: 0.007 seconds
2024-04-24T06:29:27,078  INFO [main] lockmgr.DbTxnManager: Setting lock request transaction to txnid:12 for queryId=alex_20240424062927_5c6aaedd-c48e-46bd-bdd0-ff28a3ab8a49
2024-04-24T06:29:27,078  INFO [main] lockmgr.DbLockManager: Requesting lock for queryId=alex_20240424062927_5c6aaedd-c48e-46bd-bdd0-ff28a3ab8a49
2024-04-24T06:29:27,094  INFO [main] lockmgr.DbLockManager: Response to queryId=alex_20240424062927_5c6aaedd-c48e-46bd-bdd0-ff28a3ab8a49 LockResponse(lockid:6, state:ACQUIRED)
2024-04-24T06:29:27,094  INFO [main] ql.Driver: Operation CREATETABLE obtained 1 locks
2024-04-24T06:29:27,094  INFO [main] ql.Driver: Executing command(queryId=alex_20240424062927_5c6aaedd-c48e-46bd-bdd0-ff28a3ab8a49): create table nonAcidNonBucket(a int, b int) stored as orc TBLPROPERTIES ('transactional'='false')
2024-04-24T06:29:27,094  INFO [main] ql.Driver: Starting task [Stage-0:DDL] in serial mode
2024-04-24T06:29:27,095  INFO [main] HiveMetaStore.audit: ugi=alex	ip=unknown-ip-addr	cmd=create_table_req: Table(tableName:nonAcidNonBucket, dbName:default, owner:alex, createTime:1713965367, lastAccessTime:0, retention:0, sd:StorageDescriptor(cols:[FieldSchema(name:a, type:int, comment:null), FieldSchema(name:b, type:int, comment:null)], location:null, inputFormat:org.apache.hadoop.hive.ql.io.orc.OrcInputFormat, outputFormat:org.apache.hadoop.hive.ql.io.orc.OrcOutputFormat, compressed:false, numBuckets:-1, serdeInfo:SerDeInfo(name:null, serializationLib:org.apache.hadoop.hive.ql.io.orc.OrcSerde, parameters:{serialization.format=1}), bucketCols:[], sortCols:[], parameters:{}, skewedInfo:SkewedInfo(skewedColNames:[], skewedColValues:[], skewedColValueLocationMaps:{}), storedAsSubDirectories:false), partitionKeys:[], parameters:{numFilesErasureCoded=0, transactional=false, bucketing_version=2, totalSize=0, COLUMN_STATS_ACCURATE={"BASIC_STATS":"true","COLUMN_STATS":{"a":"true","b":"true"}}, rawDataSize=0, numFiles=0, numRows=0}, viewOriginalText:null, viewExpandedText:null, tableType:MANAGED_TABLE, privileges:PrincipalPrivilegeSet(userPrivileges:{alex=[PrivilegeGrantInfo(privilege:INSERT, createTime:-1, grantor:alex, grantorType:USER, grantOption:true), PrivilegeGrantInfo(privilege:SELECT, createTime:-1, grantor:alex, grantorType:USER, grantOption:true), PrivilegeGrantInfo(privilege:UPDATE, createTime:-1, grantor:alex, grantorType:USER, grantOption:true), PrivilegeGrantInfo(privilege:DELETE, createTime:-1, grantor:alex, grantorType:USER, grantOption:true)]}, groupPrivileges:null, rolePrivileges:null), temporary:false, catName:hive, ownerType:USER)	
2024-04-24T06:29:27,100  INFO [main] utils.FileUtils: Creating directory if it doesn't exist: file:/home/alex/Repositories/hive/ql/target/tmp/org.apache.hadoop.hive.ql.TestTxnCommands-1713965238357/warehouse/nonacidnonbucket
2024-04-24T06:29:27,115  INFO [main] metadata.Hive: Dumping metastore api call timing information for : execution phase
2024-04-24T06:29:27,115  INFO [main] metadata.Hive: Total time spent in each metastore function (ms): {isCompatibleWith_(Configuration)=0, createTable_(Table)=20}
2024-04-24T06:29:27,115  INFO [main] ql.Driver: Completed executing command(queryId=alex_20240424062927_5c6aaedd-c48e-46bd-bdd0-ff28a3ab8a49); Time taken: 0.021 seconds
2024-04-24T06:29:27,115  INFO [main] lockmgr.DbTxnManager: Stopped heartbeat for query: alex_20240424062927_5c6aaedd-c48e-46bd-bdd0-ff28a3ab8a49
2024-04-24T06:29:27,120  INFO [main] txn.TxnHandler: Expected to move at least one record from txn_components to completed_txn_components when committing txn! txnid:12
2024-04-24T06:29:27,126  INFO [main] txn.TxnHandler: Removed transactions: ([12]) from MIN_HISTORY_LEVEL
2024-04-24T06:29:27,127  WARN [main] txn.CompactionTxnHandler: No compaction queue record found for Compaction type transaction commit. txnId:12
2024-04-24T06:29:27,127  INFO [main] HiveMetaStore.audit: ugi=alex	ip=unknown-ip-addr	cmd=Cleaning up thread local RawStore...	
2024-04-24T06:29:27,127  INFO [main] metastore.ObjectStore: RawStore: org.apache.hadoop.hive.metastore.ObjectStore@dc1a029, with PersistenceManager: org.datanucleus.api.jdo.JDOPersistenceManager@1f13dec6 will be shutdown
2024-04-24T06:29:27,127  INFO [main] HiveMetaStore.audit: ugi=alex	ip=unknown-ip-addr	cmd=Done cleaning up thread local RawStore	
2024-04-24T06:29:27,127  INFO [main] metastore.HiveMetaStoreClient: Closed a connection to metastore, current connections: -10
2024-04-24T06:29:27,127  INFO [main] ql.TxnCommandsBaseForTests: Running the query: drop table if exists T
2024-04-24T06:29:27,128  INFO [main] ql.Driver: Compiling command(queryId=alex_20240424062927_71af7c62-eae2-46b3-ac05-245eea53fc24): drop table if exists T
2024-04-24T06:29:27,129  INFO [main] metastore.HiveMetaStoreClient: HMS client filtering is enabled.
2024-04-24T06:29:27,129  INFO [main] metastore.HMSHandler: 0: Opening raw store with implementation class:org.apache.hadoop.hive.metastore.ObjectStore
2024-04-24T06:29:27,129  INFO [main] metastore.PersistenceManagerProvider: Configuration datanucleus.autoStartMechanismMode is not set. Defaulting to 'ignored'
2024-04-24T06:29:27,130  INFO [main] metastore.ObjectStore: RawStore: org.apache.hadoop.hive.metastore.ObjectStore@6909ebba, with PersistenceManager: null will be shutdown
2024-04-24T06:29:27,130  INFO [main] metastore.ObjectStore: RawStore: org.apache.hadoop.hive.metastore.ObjectStore@6909ebba, with PersistenceManager: org.datanucleus.api.jdo.JDOPersistenceManager@7aeff91 created in the thread with id: 1
2024-04-24T06:29:27,152  INFO [main] metastore.HMSHandler: Created RawStore: org.apache.hadoop.hive.metastore.ObjectStore@6909ebba from thread id: 1
2024-04-24T06:29:27,152  INFO [main] metastore.HMSHandler: HMS server filtering is disabled by configuration
2024-04-24T06:29:27,152  INFO [main] metastore.RetryingMetaStoreClient: RetryingMetaStoreClient proxy=class org.apache.hadoop.hive.ql.metadata.SessionHiveMetaStoreClient ugi=alex (auth:SIMPLE) retries=1 delay=1 lifetime=0
2024-04-24T06:29:27,154  INFO [main] txn.TxnHandler: Added entries to MIN_HISTORY_LEVEL for current txns: ([13]) with min_open_txn: 1
2024-04-24T06:29:27,154  INFO [main] lockmgr.DbTxnManager: Opened txnid:13
2024-04-24T06:29:27,154  INFO [main] HiveMetaStore.audit: ugi=alex	ip=unknown-ip-addr	cmd=get_table : tbl=hive.default.T	
2024-04-24T06:29:27,172  INFO [main] metastore.HMSHandler: Skipping translation for processor with null
2024-04-24T06:29:27,172  INFO [main] ql.Driver: Semantic Analysis Completed (retrial = false)
2024-04-24T06:29:27,172  INFO [main] ql.Driver: Created Hive schema: Schema(fieldSchemas:null, properties:null)
2024-04-24T06:29:27,172  INFO [main] metadata.Hive: Dumping metastore api call timing information for : compilation phase
2024-04-24T06:29:27,172  INFO [main] metadata.Hive: Total time spent in each metastore function (ms): {getTable_(GetTableRequest)=18, isCompatibleWith_(Configuration)=0, getValidTxns_(long)=0, flushCache_()=0, openTxn_(String, TxnType)=2}
2024-04-24T06:29:27,173  INFO [main] ql.Driver: Completed compiling command(queryId=alex_20240424062927_71af7c62-eae2-46b3-ac05-245eea53fc24); Time taken: 0.044 seconds
2024-04-24T06:29:27,173  INFO [main] lockmgr.DbTxnManager: Setting lock request transaction to txnid:13 for queryId=alex_20240424062927_71af7c62-eae2-46b3-ac05-245eea53fc24
2024-04-24T06:29:27,173  INFO [main] lockmgr.DbLockManager: Requesting lock for queryId=alex_20240424062927_71af7c62-eae2-46b3-ac05-245eea53fc24
2024-04-24T06:29:27,196  INFO [main] lockmgr.DbLockManager: Response to queryId=alex_20240424062927_71af7c62-eae2-46b3-ac05-245eea53fc24 LockResponse(lockid:7, state:ACQUIRED)
2024-04-24T06:29:27,196  INFO [main] ql.Driver: Operation DROPTABLE obtained 1 locks
2024-04-24T06:29:27,196  INFO [main] ql.Driver: Executing command(queryId=alex_20240424062927_71af7c62-eae2-46b3-ac05-245eea53fc24): drop table if exists T
2024-04-24T06:29:27,196  INFO [main] ql.Driver: Starting task [Stage-0:DDL] in serial mode
2024-04-24T06:29:27,196  INFO [main] HiveMetaStore.audit: ugi=alex	ip=unknown-ip-addr	cmd=get_table : tbl=hive.default.T	
2024-04-24T06:29:27,202  INFO [main] metastore.HMSHandler: Skipping translation for processor with null
2024-04-24T06:29:27,202  INFO [main] HiveMetaStore.audit: ugi=alex	ip=unknown-ip-addr	cmd=get_table : tbl=hive.default.T	
2024-04-24T06:29:27,207  INFO [main] metastore.HMSHandler: Skipping translation for processor with null
2024-04-24T06:29:27,207  INFO [main] HiveMetaStore.audit: ugi=alex	ip=unknown-ip-addr	cmd=drop_table : tbl=hive.default.T	
2024-04-24T06:29:27,312  WARN [main] utils.FileUtils: File file:/home/alex/Repositories/hive/ql/target/tmp/org.apache.hadoop.hive.ql.TestTxnCommands-1713965238357/warehouse/t does not exist; Force to delete it.
2024-04-24T06:29:27,312 ERROR [main] utils.FileUtils: Failed to delete file:/home/alex/Repositories/hive/ql/target/tmp/org.apache.hadoop.hive.ql.TestTxnCommands-1713965238357/warehouse/t
2024-04-24T06:29:27,312  INFO [main] metadata.Hive: Dumping metastore api call timing information for : execution phase
2024-04-24T06:29:27,312  INFO [main] metadata.Hive: Total time spent in each metastore function (ms): {getTable_(GetTableRequest)=6, dropTable_(String, String, boolean, boolean, boolean)=110, isCompatibleWith_(Configuration)=0}
2024-04-24T06:29:27,312  INFO [main] ql.Driver: Completed executing command(queryId=alex_20240424062927_71af7c62-eae2-46b3-ac05-245eea53fc24); Time taken: 0.116 seconds
2024-04-24T06:29:27,312  INFO [main] lockmgr.DbTxnManager: Stopped heartbeat for query: alex_20240424062927_71af7c62-eae2-46b3-ac05-245eea53fc24
2024-04-24T06:29:27,317  INFO [main] txn.TxnHandler: Expected to move at least one record from txn_components to completed_txn_components when committing txn! txnid:13
2024-04-24T06:29:27,323  INFO [main] txn.TxnHandler: Removed transactions: ([13]) from MIN_HISTORY_LEVEL
2024-04-24T06:29:27,323  WARN [main] txn.CompactionTxnHandler: No compaction queue record found for Compaction type transaction commit. txnId:13
2024-04-24T06:29:27,324  INFO [main] ql.TxnCommandsBaseForTests: Running the query: create table T (a int, b int) stored as orc
2024-04-24T06:29:27,324  INFO [main] ql.Driver: Compiling command(queryId=alex_20240424062927_752f99e9-9ce3-4222-9a29-aa8e743841b0): create table T (a int, b int) stored as orc
2024-04-24T06:29:27,326  INFO [main] txn.TxnHandler: Added entries to MIN_HISTORY_LEVEL for current txns: ([14]) with min_open_txn: 1
2024-04-24T06:29:27,326  INFO [main] lockmgr.DbTxnManager: Opened txnid:14
2024-04-24T06:29:27,326  INFO [main] parse.CalcitePlanner: Starting caching scope for: 
2024-04-24T06:29:27,326  INFO [main] parse.CalcitePlanner: Starting Semantic Analysis
2024-04-24T06:29:27,332  INFO [main] parse.CalcitePlanner: Creating table default.T position=13
2024-04-24T06:29:27,332  INFO [main] parse.CalcitePlanner: Automatically chose to make default.T acid.
2024-04-24T06:29:27,332  INFO [main] HiveMetaStore.audit: ugi=alex	ip=unknown-ip-addr	cmd=get_database: default	
2024-04-24T06:29:27,333  INFO [main] parse.CalcitePlanner: Ending caching scope for: 
2024-04-24T06:29:27,333  INFO [main] ql.Driver: Semantic Analysis Completed (retrial = false)
2024-04-24T06:29:27,333  INFO [main] ql.Driver: Created Hive schema: Schema(fieldSchemas:null, properties:null)
2024-04-24T06:29:27,334  INFO [main] metadata.Hive: Dumping metastore api call timing information for : compilation phase
2024-04-24T06:29:27,334  INFO [main] metadata.Hive: Total time spent in each metastore function (ms): {getValidTxns_(long)=0, getValidWriteIds_(List, String)=5, isCompatibleWith_(Configuration)=0, commitTxn_(CommitTxnRequest)=11, flushCache_()=0, openTxn_(String, TxnType)=2, getDatabase_(String)=1}
2024-04-24T06:29:27,334  INFO [main] ql.Driver: Completed compiling command(queryId=alex_20240424062927_752f99e9-9ce3-4222-9a29-aa8e743841b0); Time taken: 0.009 seconds
2024-04-24T06:29:27,334  INFO [main] lockmgr.DbTxnManager: Setting lock request transaction to txnid:14 for queryId=alex_20240424062927_752f99e9-9ce3-4222-9a29-aa8e743841b0
2024-04-24T06:29:27,334  INFO [main] lockmgr.DbLockManager: Requesting lock for queryId=alex_20240424062927_752f99e9-9ce3-4222-9a29-aa8e743841b0
2024-04-24T06:29:27,349  INFO [main] lockmgr.DbLockManager: Response to queryId=alex_20240424062927_752f99e9-9ce3-4222-9a29-aa8e743841b0 LockResponse(lockid:8, state:ACQUIRED)
2024-04-24T06:29:27,349  INFO [main] ql.Driver: Operation CREATETABLE obtained 1 locks
2024-04-24T06:29:27,349  INFO [main] ql.Driver: Executing command(queryId=alex_20240424062927_752f99e9-9ce3-4222-9a29-aa8e743841b0): create table T (a int, b int) stored as orc
2024-04-24T06:29:27,350  INFO [main] ql.Driver: Starting task [Stage-0:DDL] in serial mode
2024-04-24T06:29:27,350  INFO [main] HiveMetaStore.audit: ugi=alex	ip=unknown-ip-addr	cmd=create_table_req: Table(tableName:T, dbName:default, owner:alex, createTime:1713965367, lastAccessTime:0, retention:0, sd:StorageDescriptor(cols:[FieldSchema(name:a, type:int, comment:null), FieldSchema(name:b, type:int, comment:null)], location:null, inputFormat:org.apache.hadoop.hive.ql.io.orc.OrcInputFormat, outputFormat:org.apache.hadoop.hive.ql.io.orc.OrcOutputFormat, compressed:false, numBuckets:-1, serdeInfo:SerDeInfo(name:null, serializationLib:org.apache.hadoop.hive.ql.io.orc.OrcSerde, parameters:{serialization.format=1}), bucketCols:[], sortCols:[], parameters:{}, skewedInfo:SkewedInfo(skewedColNames:[], skewedColValues:[], skewedColValueLocationMaps:{}), storedAsSubDirectories:false), partitionKeys:[], parameters:{numFiles=0, totalSize=0, transactional_properties=default, COLUMN_STATS_ACCURATE={"BASIC_STATS":"true","COLUMN_STATS":{"a":"true","b":"true"}}, numRows=0, transactional=true, bucketing_version=2, numFilesErasureCoded=0, rawDataSize=0}, viewOriginalText:null, viewExpandedText:null, tableType:MANAGED_TABLE, privileges:PrincipalPrivilegeSet(userPrivileges:{alex=[PrivilegeGrantInfo(privilege:INSERT, createTime:-1, grantor:alex, grantorType:USER, grantOption:true), PrivilegeGrantInfo(privilege:SELECT, createTime:-1, grantor:alex, grantorType:USER, grantOption:true), PrivilegeGrantInfo(privilege:UPDATE, createTime:-1, grantor:alex, grantorType:USER, grantOption:true), PrivilegeGrantInfo(privilege:DELETE, createTime:-1, grantor:alex, grantorType:USER, grantOption:true)]}, groupPrivileges:null, rolePrivileges:null), temporary:false, catName:hive, ownerType:USER, writeId:0)	
2024-04-24T06:29:27,355  INFO [main] utils.FileUtils: Creating directory if it doesn't exist: file:/home/alex/Repositories/hive/ql/target/tmp/org.apache.hadoop.hive.ql.TestTxnCommands-1713965238357/warehouse/t
2024-04-24T06:29:27,385  INFO [main] metadata.Hive: Dumping metastore api call timing information for : execution phase
2024-04-24T06:29:27,385  INFO [main] metadata.Hive: Total time spent in each metastore function (ms): {createTable_(Table)=35, isCompatibleWith_(Configuration)=0}
2024-04-24T06:29:27,386  INFO [main] ql.Driver: Completed executing command(queryId=alex_20240424062927_752f99e9-9ce3-4222-9a29-aa8e743841b0); Time taken: 0.036 seconds
2024-04-24T06:29:27,386  INFO [main] lockmgr.DbTxnManager: Stopped heartbeat for query: alex_20240424062927_752f99e9-9ce3-4222-9a29-aa8e743841b0
2024-04-24T06:29:27,390  INFO [main] txn.TxnHandler: Expected to move at least one record from txn_components to completed_txn_components when committing txn! txnid:14
2024-04-24T06:29:27,396  INFO [main] txn.TxnHandler: Removed transactions: ([14]) from MIN_HISTORY_LEVEL
2024-04-24T06:29:27,398  WARN [main] txn.CompactionTxnHandler: No compaction queue record found for Compaction type transaction commit. txnId:14
2024-04-24T06:29:27,398  INFO [main] ql.TxnCommandsBaseForTests: Running the query: insert into T values(1,2)
2024-04-24T06:29:27,398  INFO [main] ql.Driver: Compiling command(queryId=alex_20240424062927_643f1bb7-10e4-4946-8650-b229300fd77a): insert into T values(1,2)
2024-04-24T06:29:27,401  INFO [main] txn.TxnHandler: Added entries to MIN_HISTORY_LEVEL for current txns: ([15]) with min_open_txn: 1
2024-04-24T06:29:27,401  INFO [main] lockmgr.DbTxnManager: Opened txnid:15
2024-04-24T06:29:27,401  INFO [main] parse.CalcitePlanner: Starting caching scope for: 
2024-04-24T06:29:27,401  INFO [main] parse.CalcitePlanner: Starting Semantic Analysis
2024-04-24T06:29:27,404  INFO [main] HiveMetaStore.audit: ugi=alex	ip=unknown-ip-addr	cmd=get_table : tbl=hive.default.T	
2024-04-24T06:29:27,410  INFO [main] metastore.HMSHandler: Skipping translation for processor with null
2024-04-24T06:29:27,411  INFO [main] parse.CalcitePlanner: Completed phase 1 of Semantic Analysis
2024-04-24T06:29:27,411  INFO [main] parse.CalcitePlanner: Get metadata for source tables
2024-04-24T06:29:27,411  INFO [main] parse.CalcitePlanner: Get metadata for subqueries
2024-04-24T06:29:27,411  INFO [main] parse.CalcitePlanner: Get metadata for destination tables
2024-04-24T06:29:27,411  INFO [main] HiveMetaStore.audit: ugi=alex	ip=unknown-ip-addr	cmd=get_table : tbl=hive.default.T	
2024-04-24T06:29:27,417  INFO [main] metastore.HMSHandler: Skipping translation for processor with null
2024-04-24T06:29:27,417  INFO [main] parse.CalcitePlanner: Completed getting MetaData in Semantic Analysis
2024-04-24T06:29:27,417  INFO [main] parse.CalcitePlanner: Disabling LLAP IO encode as ETL query is detected
2024-04-24T06:29:27,436  INFO [main] HiveMetaStore.audit: ugi=alex	ip=unknown-ip-addr	cmd=get_all_table_constraints : tbl=hive._dummy_database._dummy_table	
2024-04-24T06:29:27,504  INFO [main] parse.CalcitePlanner: Get metadata for source tables
2024-04-24T06:29:27,504  INFO [main] parse.CalcitePlanner: Get metadata for subqueries
2024-04-24T06:29:27,504  INFO [main] parse.CalcitePlanner: Get metadata for source tables
2024-04-24T06:29:27,504  INFO [main] HiveMetaStore.audit: ugi=alex	ip=unknown-ip-addr	cmd=get_table : tbl=hive._dummy_database._dummy_table	
2024-04-24T06:29:27,506  INFO [main] parse.CalcitePlanner: Get metadata for subqueries
2024-04-24T06:29:27,506  INFO [main] parse.CalcitePlanner: Get metadata for destination tables
2024-04-24T06:29:27,506  INFO [main] parse.CalcitePlanner: Get metadata for destination tables
2024-04-24T06:29:27,506  INFO [main] HiveMetaStore.audit: ugi=alex	ip=unknown-ip-addr	cmd=get_table : tbl=hive.default.T	
2024-04-24T06:29:27,512  INFO [main] metastore.HMSHandler: Skipping translation for processor with null
2024-04-24T06:29:27,513  INFO [main] HiveMetaStore.audit: ugi=alex	ip=unknown-ip-addr	cmd=get_not_null_constraints : tbl=hive.default.t	
2024-04-24T06:29:27,514  INFO [main] HiveMetaStore.audit: ugi=alex	ip=unknown-ip-addr	cmd=get_check_constraints : tbl=hive.default.t	
2024-04-24T06:29:27,522  INFO [main] txn.TxnHandler: Allocated writeId: 1 for txnId: 15
2024-04-24T06:29:27,523  INFO [main] txn.TxnHandler: Allocated write ids for dbName=default, tblName=t (txnIds: [15])
2024-04-24T06:29:27,523  INFO [main] parse.CalcitePlanner: CBO Succeeded; optimized logical plan.
2024-04-24T06:29:27,525  INFO [main] optimizer.BucketVersionPopulator: not considering bucketingVersion for: TS[0] because it has -1<2 buckets 
2024-04-24T06:29:27,526  INFO [main] optimizer.SortedDynPartitionOptimizer: Sorted dynamic partitioning optimization kicked in..
2024-04-24T06:29:27,533  INFO [main] HiveMetaStore.audit: ugi=alex	ip=unknown-ip-addr	cmd=get_table : tbl=hive.default.t	
2024-04-24T06:29:27,539  INFO [main] metastore.HMSHandler: Skipping translation for processor with null
2024-04-24T06:29:27,540  INFO [main] parse.CalcitePlanner: Completed plan generation
2024-04-24T06:29:27,540  INFO [main] parse.CalcitePlanner: Ending caching scope for: 
2024-04-24T06:29:27,540  INFO [main] ql.Driver: Semantic Analysis Completed (retrial = false)
2024-04-24T06:29:27,540  INFO [main] ql.Driver: Created Hive schema: Schema(fieldSchemas:[FieldSchema(name:col1, type:int, comment:null), FieldSchema(name:col2, type:int, comment:null)], properties:null)
2024-04-24T06:29:27,540  INFO [main] metadata.Hive: Dumping metastore api call timing information for : compilation phase
2024-04-24T06:29:27,540  INFO [main] metadata.Hive: Total time spent in each metastore function (ms): {getValidTxns_(long)=0, getValidWriteIds_(List, String)=4, commitTxn_(CommitTxnRequest)=12, isCompatibleWith_(Configuration)=0, getNotNullConstraints_(NotNullConstraintsRequest)=1, openTxn_(String, TxnType)=2, getAllTableConstraints_(AllTableConstraintsRequest)=25, getTable_(GetTableRequest)=25, allocateTableWriteId_(long, String, String)=8, getCheckConstraints_(CheckConstraintsRequest)=1, flushCache_()=0}
2024-04-24T06:29:27,540  INFO [main] ql.Driver: Completed compiling command(queryId=alex_20240424062927_643f1bb7-10e4-4946-8650-b229300fd77a); Time taken: 0.142 seconds
2024-04-24T06:29:27,541  INFO [main] lockmgr.DbTxnManager: Setting lock request transaction to txnid:15 for queryId=alex_20240424062927_643f1bb7-10e4-4946-8650-b229300fd77a
2024-04-24T06:29:27,541  INFO [main] lockmgr.DbLockManager: Requesting lock for queryId=alex_20240424062927_643f1bb7-10e4-4946-8650-b229300fd77a
2024-04-24T06:29:27,561  INFO [main] lockmgr.DbLockManager: Response to queryId=alex_20240424062927_643f1bb7-10e4-4946-8650-b229300fd77a LockResponse(lockid:9, state:ACQUIRED)
2024-04-24T06:29:27,561  INFO [main] ql.Driver: Operation QUERY obtained 1 locks
2024-04-24T06:29:27,564  INFO [main] ql.Driver: Executing command(queryId=alex_20240424062927_643f1bb7-10e4-4946-8650-b229300fd77a): insert into T values(1,2)
2024-04-24T06:29:27,564  WARN [main] ql.Driver: Hive-on-MR is deprecated in Hive 2 and may not be available in the future versions. Consider using a different execution engine (i.e. tez, spark) or using Hive 1.X releases.
Query ID = alex_20240424062927_643f1bb7-10e4-4946-8650-b229300fd77a
2024-04-24T06:29:27,564  INFO [main] ql.Driver: Query ID = alex_20240424062927_643f1bb7-10e4-4946-8650-b229300fd77a
Total jobs = 1
2024-04-24T06:29:27,564  INFO [main] ql.Driver: Total jobs = 1
Launching Job 1 out of 1
2024-04-24T06:29:27,564  INFO [main] ql.Driver: Launching Job 1 out of 1
2024-04-24T06:29:27,689  INFO [main] ql.Driver: Starting task [Stage-1:MAPRED] in serial mode
Number of reduce tasks is set to 0 since there's no reduce operator
2024-04-24T06:29:27,689  INFO [main] exec.Task: Number of reduce tasks is set to 0 since there's no reduce operator
2024-04-24T06:29:27,691  INFO [main] mr.ExecDriver: Using org.apache.hadoop.hive.ql.io.HiveInputFormat
2024-04-24T06:29:27,691  INFO [main] exec.Utilities: Processing alias $hdt$_0:_dummy_table
2024-04-24T06:29:27,691  INFO [main] exec.Utilities: Adding 1 inputs; the first input is file:/home/alex/Repositories/hive/ql/target/tmp/localscratchdir/3f9fd5cc-82ac-48f6-b11d-dbdc0a0d109d/hive_2024-04-24_06-29-27_398_4177356892172360383-1/dummy_path
2024-04-24T06:29:27,700  INFO [main] exec.SerializationUtilities: Serializing MapWork using kryo
2024-04-24T06:29:27,701  INFO [main] exec.Utilities: Serialized plan (via FILE) - name: null size: 5,35KB
2024-04-24T06:29:27,702  WARN [main] impl.MetricsSystemImpl: JobTracker metrics system already initialized!
2024-04-24T06:29:27,705  INFO [main] fs.FSStatsPublisher: created : file:/home/alex/Repositories/hive/ql/target/tmp/localscratchdir/3f9fd5cc-82ac-48f6-b11d-dbdc0a0d109d/hive_2024-04-24_06-29-27_398_4177356892172360383-1/-mr-10000
2024-04-24T06:29:27,707  WARN [main] impl.MetricsSystemImpl: JobTracker metrics system already initialized!
2024-04-24T06:29:27,714  WARN [main] mapreduce.JobResourceUploader: Hadoop command-line option parsing not performed. Implement the Tool interface and execute your application with ToolRunner to remedy this.
2024-04-24T06:29:27,718  WARN [main] mapreduce.JobResourceUploader: No job jar file set.  User classes may not be found. See Job or Job#setJar(String).
2024-04-24T06:29:27,719  INFO [main] io.HiveInputFormat: hive.io.file.readcolumn.ids = 
2024-04-24T06:29:27,719  INFO [main] io.HiveInputFormat: hive.io.file.readcolumn.names = 
2024-04-24T06:29:27,719  INFO [main] io.HiveInputFormat: Generating splits for dirs: file:/home/alex/Repositories/hive/ql/target/tmp/localscratchdir/3f9fd5cc-82ac-48f6-b11d-dbdc0a0d109d/hive_2024-04-24_06-29-27_398_4177356892172360383-1/dummy_path
2024-04-24T06:29:27,719  INFO [main] io.HiveInputFormat: number of splits 1
2024-04-24T06:29:27,737  INFO [main] mapreduce.JobSubmitter: number of splits:1
2024-04-24T06:29:27,757  INFO [main] mapreduce.JobSubmitter: Submitting tokens for job: job_local713176561_0048
2024-04-24T06:29:27,757  INFO [main] mapreduce.JobSubmitter: Executing with tokens: []
2024-04-24T06:29:27,815  INFO [main] mapreduce.Job: The url to track the job: http://localhost:8080/
Job running in-process (local Hadoop)
2024-04-24T06:29:27,815  INFO [main] exec.Task: Job running in-process (local Hadoop)
2024-04-24T06:29:27,815  INFO [Thread-4012] mapred.LocalJobRunner: OutputCommitter set in config org.apache.hadoop.hive.ql.io.HiveFileFormatUtils$NullOutputCommitter
2024-04-24T06:29:27,816  INFO [Thread-4012] mapred.LocalJobRunner: OutputCommitter is org.apache.hadoop.hive.ql.io.HiveFileFormatUtils$NullOutputCommitter
2024-04-24T06:29:27,817  INFO [Thread-4012] mapred.LocalJobRunner: Waiting for map tasks
2024-04-24T06:29:27,817  INFO [LocalJobRunner Map Task Executor #0] mapred.LocalJobRunner: Starting task: attempt_local713176561_0048_m_000000_0
2024-04-24T06:29:27,819  INFO [LocalJobRunner Map Task Executor #0] mapred.Task:  Using ResourceCalculatorProcessTree : [ ]
2024-04-24T06:29:27,820  INFO [LocalJobRunner Map Task Executor #0] mapred.MapTask: Processing split: org.apache.hadoop.hive.ql.io.NullRowsInputFormat:file:/home/alex/Repositories/hive/ql/target/tmp/localscratchdir/3f9fd5cc-82ac-48f6-b11d-dbdc0a0d109d/hive_2024-04-24_06-29-27_398_4177356892172360383-1/dummy_path/null:0+1
2024-04-24T06:29:27,822  INFO [LocalJobRunner Map Task Executor #0] exec.SerializationUtilities: Deserializing MapWork using kryo
2024-04-24T06:29:27,822  INFO [LocalJobRunner Map Task Executor #0] exec.Utilities: Deserialized plan (via FILE) - name: null size: 5,35KB
2024-04-24T06:29:27,822  INFO [LocalJobRunner Map Task Executor #0] mapred.MapTask: numReduceTasks: 0
2024-04-24T06:29:27,824  INFO [LocalJobRunner Map Task Executor #0] exec.MapOperator: Initializing Operator: MAP[0]
2024-04-24T06:29:27,824  INFO [LocalJobRunner Map Task Executor #0] mr.ExecMapper: 
<MAP>Id =0
  <Children>null
  <\Children>
  <Parent><\Parent>
<\MAP>
2024-04-24T06:29:27,825  INFO [LocalJobRunner Map Task Executor #0] exec.TableScanOperator: Initializing Operator: TS[0]
2024-04-24T06:29:27,825  INFO [LocalJobRunner Map Task Executor #0] exec.SelectOperator: Initializing Operator: SEL[1]
2024-04-24T06:29:27,825  INFO [LocalJobRunner Map Task Executor #0] exec.SelectOperator: SELECT null
2024-04-24T06:29:27,825  INFO [LocalJobRunner Map Task Executor #0] exec.UDTFOperator: Initializing Operator: UDTF[2]
2024-04-24T06:29:27,825  INFO [LocalJobRunner Map Task Executor #0] exec.SelectOperator: Initializing Operator: SEL[3]
2024-04-24T06:29:27,825  INFO [LocalJobRunner Map Task Executor #0] exec.SelectOperator: SELECT struct<col1:int,col2:int>
2024-04-24T06:29:27,825  INFO [LocalJobRunner Map Task Executor #0] exec.FileSinkOperator: Initializing Operator: FS[4]
2024-04-24T06:29:27,826  INFO [LocalJobRunner Map Task Executor #0] exec.FileSinkOperator: Using serializer : AbstractSerDe [log=org.apache.logging.slf4j.Log4jLogger@3c370966, configuration=Optional[Configuration: core-default.xml, core-site.xml, mapred-default.xml, mapred-site.xml, yarn-default.xml, yarn-site.xml, hdfs-default.xml, hdfs-site.xml, file:/home/alex/Repositories/hive/ql/target/tmp/TestTxnCommands/mapred/local/localRunner/alex/job_local713176561_0048/job_local713176561_0048.xml], properties={transactional_properties=default, name=default.t, transactional=true, columns.types=int:int, columns=a,b, numFilesErasureCoded=0, columns.comments=&amp#0;, bucketing_version=2, serialization.lib=org.apache.hadoop.hive.ql.io.orc.OrcSerde, file.inputformat=org.apache.hadoop.hive.ql.io.orc.OrcInputFormat, file.outputformat=org.apache.hadoop.hive.ql.io.orc.OrcOutputFormat, location=file:/home/alex/Repositories/hive/ql/target/tmp/org.apache.hadoop.hive.ql.TestTxnCommands-1713965238357/warehouse/t, column.name.delimiter=,}, tableProperties={transactional_properties=default, name=default.t, transactional=true, columns.types=int:int, columns=a,b, numFilesErasureCoded=0, columns.comments=&amp#0;, bucketing_version=2, serialization.lib=org.apache.hadoop.hive.ql.io.orc.OrcSerde, file.inputformat=org.apache.hadoop.hive.ql.io.orc.OrcInputFormat, location=file:/home/alex/Repositories/hive/ql/target/tmp/org.apache.hadoop.hive.ql.TestTxnCommands-1713965238357/warehouse/t, file.outputformat=org.apache.hadoop.hive.ql.io.orc.OrcOutputFormat, column.name.delimiter=,}, partitionProperties=Optional.empty, columnNames=[a, b], columnTypes=[int, int], getClass()=class org.apache.hadoop.hive.ql.io.orc.OrcSerde] and formatter : org.apache.hadoop.hive.ql.io.orc.OrcOutputFormat@55ac4b32
2024-04-24T06:29:27,826  INFO [LocalJobRunner Map Task Executor #0] exec.FileSinkOperator: Final Path: FS file:/home/alex/Repositories/hive/ql/target/tmp/org.apache.hadoop.hive.ql.TestTxnCommands-1713965238357/warehouse/t
2024-04-24T06:29:27,826  INFO [LocalJobRunner Map Task Executor #0] exec.FileSinkOperator: New Final Path: FS file:/home/alex/Repositories/hive/ql/target/tmp/org.apache.hadoop.hive.ql.TestTxnCommands-1713965238357/warehouse/t
2024-04-24T06:29:27,826  INFO [LocalJobRunner Map Task Executor #0] common.FileUtils: Creating directory if it doesn't exist: file:/home/alex/Repositories/hive/ql/target/tmp/org.apache.hadoop.hive.ql.TestTxnCommands-1713965238357/warehouse
2024-04-24T06:29:27,828  INFO [LocalJobRunner Map Task Executor #0] exec.FileSinkOperator: FS[4]: records written - 1
2024-04-24T06:29:27,828  INFO [LocalJobRunner Map Task Executor #0] impl.PhysicalFsWriter: ORC writer created for path: file:/home/alex/Repositories/hive/ql/target/tmp/org.apache.hadoop.hive.ql.TestTxnCommands-1713965238357/warehouse/t/delta_0000001_0000001_0000/bucket_00000_0 with stripeSize: 8388608 blockSize: 268435456 compression: Compress: ZLIB buffer: 32768
2024-04-24T06:29:27,835  INFO [LocalJobRunner Map Task Executor #0] impl.WriterImpl: ORC writer created for path: file:/home/alex/Repositories/hive/ql/target/tmp/org.apache.hadoop.hive.ql.TestTxnCommands-1713965238357/warehouse/t/delta_0000001_0000001_0000/bucket_00000_0 with stripeSize: 8388608 options: Compress: ZLIB buffer: 32768
2024-04-24T06:29:27,839  INFO [LocalJobRunner Map Task Executor #0] exec.MapOperator: MAP[0]: records read - 1
2024-04-24T06:29:27,839  INFO [LocalJobRunner Map Task Executor #0] exec.MapOperator: Closing Operator: MAP[0]
2024-04-24T06:29:27,840  INFO [LocalJobRunner Map Task Executor #0] exec.MapOperator: MAP[0]: Total records read - 3. abort - false
2024-04-24T06:29:27,840  INFO [LocalJobRunner Map Task Executor #0] exec.MapOperator: RECORDS_IN:3, RECORDS_OUT_OPERATOR_MAP_0:0, DESERIALIZE_ERRORS:0, RECORDS_OUT_INTERMEDIATE:0, 
2024-04-24T06:29:27,840  INFO [LocalJobRunner Map Task Executor #0] exec.TableScanOperator: Closing Operator: TS[0]
2024-04-24T06:29:27,840  INFO [LocalJobRunner Map Task Executor #0] exec.TableScanOperator: RECORDS_OUT_INTERMEDIATE:0, RECORDS_OUT_OPERATOR_TS_0:1, 
2024-04-24T06:29:27,840  INFO [LocalJobRunner Map Task Executor #0] exec.SelectOperator: Closing Operator: SEL[1]
2024-04-24T06:29:27,840  INFO [LocalJobRunner Map Task Executor #0] exec.SelectOperator: RECORDS_OUT_OPERATOR_SEL_1:1, RECORDS_OUT_INTERMEDIATE:0, 
2024-04-24T06:29:27,840  INFO [LocalJobRunner Map Task Executor #0] exec.UDTFOperator: Closing Operator: UDTF[2]
2024-04-24T06:29:27,840  INFO [LocalJobRunner Map Task Executor #0] exec.UDTFOperator: RECORDS_OUT_OPERATOR_UDTF_2:1, RECORDS_OUT_INTERMEDIATE:0, 
2024-04-24T06:29:27,840  INFO [LocalJobRunner Map Task Executor #0] exec.SelectOperator: Closing Operator: SEL[3]
2024-04-24T06:29:27,840  INFO [LocalJobRunner Map Task Executor #0] exec.SelectOperator: RECORDS_OUT_OPERATOR_SEL_3:1, RECORDS_OUT_INTERMEDIATE:0, 
2024-04-24T06:29:27,840  INFO [LocalJobRunner Map Task Executor #0] exec.FileSinkOperator: Closing Operator: FS[4]
2024-04-24T06:29:27,840  INFO [LocalJobRunner Map Task Executor #0] exec.FileSinkOperator: FS[4]: records written - 1
2024-04-24T06:29:27,842  INFO [LocalJobRunner Map Task Executor #0] FileOperations: Writing manifest to file:/home/alex/Repositories/hive/ql/target/tmp/org.apache.hadoop.hive.ql.TestTxnCommands-1713965238357/warehouse/t/_tmp.delta_0000001_0000001_0000/000000_0.manifest with [file:/home/alex/Repositories/hive/ql/target/tmp/org.apache.hadoop.hive.ql.TestTxnCommands-1713965238357/warehouse/t/delta_0000001_0000001_0000/bucket_00000_0]
2024-04-24T06:29:27,853  INFO [LocalJobRunner Map Task Executor #0] exec.FileSinkOperator: RECORDS_OUT_INTERMEDIATE:0, RECORDS_OUT_1_default.t:1, RECORDS_OUT_OPERATOR_FS_4:1, TOTAL_TABLE_ROWS_WRITTEN:1, 
2024-04-24T06:29:27,854  INFO [LocalJobRunner Map Task Executor #0] mapred.LocalJobRunner: 
2024-04-24T06:29:27,856  INFO [LocalJobRunner Map Task Executor #0] mapred.Task: Task:attempt_local713176561_0048_m_000000_0 is done. And is in the process of committing
2024-04-24T06:29:27,856  INFO [LocalJobRunner Map Task Executor #0] mapred.LocalJobRunner: map
2024-04-24T06:29:27,856  INFO [LocalJobRunner Map Task Executor #0] mapred.Task: Task 'attempt_local713176561_0048_m_000000_0' done.
2024-04-24T06:29:27,856  INFO [LocalJobRunner Map Task Executor #0] mapred.Task: Final Counters for attempt_local713176561_0048_m_000000_0: Counters: 27
	File System Counters
		FILE: Number of bytes read=1041040
		FILE: Number of bytes written=56609582
		FILE: Number of read operations=0
		FILE: Number of large read operations=0
		FILE: Number of write operations=0
	Map-Reduce Framework
		Map input records=4
		Map output records=0
		Input split bytes=361
		Spilled Records=0
		Failed Shuffles=0
		Merged Map outputs=0
		GC time elapsed (ms)=0
		Total committed heap usage (bytes)=1249902592
	HIVE
		CREATED_FILES=1
		DESERIALIZE_ERRORS=0
		RECORDS_IN=3
		RECORDS_OUT_1_default.t=1
		RECORDS_OUT_INTERMEDIATE=0
		RECORDS_OUT_OPERATOR_FS_4=1
		RECORDS_OUT_OPERATOR_MAP_0=0
		RECORDS_OUT_OPERATOR_SEL_1=1
		RECORDS_OUT_OPERATOR_SEL_3=1
		RECORDS_OUT_OPERATOR_TS_0=1
		RECORDS_OUT_OPERATOR_UDTF_2=1
		TOTAL_TABLE_ROWS_WRITTEN=1
	File Input Format Counters 
		Bytes Read=5403
	File Output Format Counters 
		Bytes Written=0
2024-04-24T06:29:27,856  INFO [LocalJobRunner Map Task Executor #0] mapred.LocalJobRunner: Finishing task: attempt_local713176561_0048_m_000000_0
2024-04-24T06:29:27,856  INFO [Thread-4012] mapred.LocalJobRunner: map task executor complete.
2024-04-24 06:29:28,817 Stage-1 map = 100%,  reduce = 0%
2024-04-24T06:29:28,817  INFO [main] exec.Task: 2024-04-24 06:29:28,817 Stage-1 map = 100%,  reduce = 0%
Ended Job = job_local713176561_0048
2024-04-24T06:29:28,818  INFO [main] exec.Task: Ended Job = job_local713176561_0048
2024-04-24T06:29:28,819  INFO [main] FileOperations: Found manifest file file:/home/alex/Repositories/hive/ql/target/tmp/org.apache.hadoop.hive.ql.TestTxnCommands-1713965238357/warehouse/t/_tmp.delta_0000001_0000001_0000/000000_0.manifest with attemptId 0.
2024-04-24T06:29:28,819  INFO [main] FileOperations: Looking at manifest file: file:/home/alex/Repositories/hive/ql/target/tmp/org.apache.hadoop.hive.ql.TestTxnCommands-1713965238357/warehouse/t/_tmp.delta_0000001_0000001_0000/000000_0.manifest
2024-04-24T06:29:28,820  INFO [main] FileOperations: Deleting manifest directory file:/home/alex/Repositories/hive/ql/target/tmp/org.apache.hadoop.hive.ql.TestTxnCommands-1713965238357/warehouse/t/_tmp.delta_0000001_0000001_0000
2024-04-24T06:29:28,820  INFO [main] ql.Driver: Starting task [Stage-0:MOVE] in serial mode
Loading data to table default.t
2024-04-24T06:29:28,821  INFO [main] exec.Task: Loading data to table default.t from file:/home/alex/Repositories/hive/ql/target/tmp/org.apache.hadoop.hive.ql.TestTxnCommands-1713965238357/warehouse/t
2024-04-24T06:29:28,821  INFO [main] HiveMetaStore.audit: ugi=alex	ip=unknown-ip-addr	cmd=get_table : tbl=hive.default.t	
2024-04-24T06:29:28,828  INFO [main] metastore.HMSHandler: Skipping translation for processor with null
2024-04-24T06:29:28,828  INFO [main] HiveMetaStore.audit: ugi=alex	ip=unknown-ip-addr	cmd=get_table : tbl=hive.default.t	
2024-04-24T06:29:28,835  INFO [main] metastore.HMSHandler: Skipping translation for processor with null
2024-04-24T06:29:28,835  INFO [main] HiveMetaStore.audit: ugi=alex	ip=unknown-ip-addr	cmd=alter_table: hive.default.t newtbl=t	
2024-04-24T06:29:28,862  INFO [main] ql.Driver: Starting task [Stage-2:STATS] in serial mode
2024-04-24T06:29:28,862  INFO [main] HiveMetaStore.audit: ugi=alex	ip=unknown-ip-addr	cmd=get_table : tbl=hive.default.t	
2024-04-24T06:29:28,868  INFO [main] metastore.HMSHandler: Skipping translation for processor with null
2024-04-24T06:29:28,868  INFO [main] stats.BasicStatsTask: Executing stats task
2024-04-24T06:29:28,868  INFO [main] fs.FSStatsPublisher: created : file:/home/alex/Repositories/hive/ql/target/tmp/localscratchdir/3f9fd5cc-82ac-48f6-b11d-dbdc0a0d109d/hive_2024-04-24_06-29-27_398_4177356892172360383-1/-mr-10000
2024-04-24T06:29:28,870  INFO [main] HiveMetaStore.audit: ugi=alex	ip=unknown-ip-addr	cmd=get_table : tbl=hive.default.t	
2024-04-24T06:29:28,876  INFO [main] metastore.HMSHandler: Skipping translation for processor with null
2024-04-24T06:29:28,885  WARN [main] FileOperations: Computing stats for an ACID table; stats may be inaccurate
2024-04-24T06:29:28,885  INFO [main] FileOperations: Read stats for default.t/, numRows, true, 1, false: 
2024-04-24T06:29:28,885  INFO [main] FileOperations: Read stats for default.t/, rawDataSize, true, 0, false: 
2024-04-24T06:29:28,885  INFO [main] HiveMetaStore.audit: ugi=alex	ip=unknown-ip-addr	cmd=alter_table: hive.default.t newtbl=t	
2024-04-24T06:29:28,907  INFO [main] FileOperations: Read stats for default.t/, insertCount, true, 1, false: 
2024-04-24T06:29:28,907  INFO [main] FileOperations: Read stats for default.t/, updateCount, true, 0, false: 
2024-04-24T06:29:28,907  INFO [main] FileOperations: Read stats for default.t/, deleteCount, true, 0, false: 
2024-04-24T06:29:28,909  INFO [main] stats.BasicStatsTask: Table default.t stats: [numFiles=1, numRows=1, totalSize=666, rawDataSize=0, numFilesErasureCoded=0]
2024-04-24T06:29:28,910  INFO [main] metadata.Hive: Dumping metastore api call timing information for : execution phase
2024-04-24T06:29:28,910  INFO [main] metadata.Hive: Total time spent in each metastore function (ms): {getTable_(GetTableRequest)=27, alter_table_(String, String, String, Table, EnvironmentContext, String)=49, isCompatibleWith_(Configuration)=0, updateTransactionalStatistics_(UpdateTransactionalStatsRequest)=2}
MapReduce Jobs Launched: 
2024-04-24T06:29:28,910  INFO [main] ql.Driver: MapReduce Jobs Launched: 
Stage-Stage-1:  HDFS Read: 0 HDFS Write: 0 SUCCESS
2024-04-24T06:29:28,910  INFO [main] ql.Driver: Stage-Stage-1:  HDFS Read: 0 HDFS Write: 0 SUCCESS
Total MapReduce CPU Time Spent: 0 msec
2024-04-24T06:29:28,910  INFO [main] ql.Driver: Total MapReduce CPU Time Spent: 0 msec
2024-04-24T06:29:28,910  INFO [main] ql.Driver: Completed executing command(queryId=alex_20240424062927_643f1bb7-10e4-4946-8650-b229300fd77a); Time taken: 1.346 seconds
2024-04-24T06:29:28,910  INFO [main] lockmgr.DbTxnManager: Stopped heartbeat for query: alex_20240424062927_643f1bb7-10e4-4946-8650-b229300fd77a
2024-04-24T06:29:28,921  INFO [main] txn.TxnHandler: Removed transactions: ([15]) from MIN_HISTORY_LEVEL
2024-04-24T06:29:28,921  WARN [main] txn.CompactionTxnHandler: No compaction queue record found for Compaction type transaction commit. txnId:15
2024-04-24T06:29:28,921  INFO [main] ql.TxnCommandsBaseForTests: Running the query: update T set a=3 where b=2
2024-04-24T06:29:28,922  INFO [main] ql.Context: Deleting scratch dir: file:/home/alex/Repositories/hive/ql/target/tmp/localscratchdir/3f9fd5cc-82ac-48f6-b11d-dbdc0a0d109d/hive_2024-04-24_06-29-27_398_4177356892172360383-1
2024-04-24T06:29:28,922  INFO [main] cleanup.SyncCleanupService: Deleted directory: file:/home/alex/Repositories/hive/ql/target/tmp/localscratchdir/3f9fd5cc-82ac-48f6-b11d-dbdc0a0d109d/hive_2024-04-24_06-29-27_398_4177356892172360383-1 on fs with scheme file
2024-04-24T06:29:28,922  INFO [main] ql.Driver: Compiling command(queryId=alex_20240424062928_832ec450-df29-4e9d-bd52-13841d5bde89): update T set a=3 where b=2
2024-04-24T06:29:28,926  INFO [main] txn.TxnHandler: Added entries to MIN_HISTORY_LEVEL for current txns: ([16]) with min_open_txn: 16
2024-04-24T06:29:28,926  INFO [main] lockmgr.DbTxnManager: Opened txnid:16
2024-04-24T06:29:28,927  INFO [main] parse.UpdateDeleteSemanticAnalyzer: Starting caching scope for: 
2024-04-24T06:29:28,927  INFO [main] HiveMetaStore.audit: ugi=alex	ip=unknown-ip-addr	cmd=get_table : tbl=hive.default.T	
2024-04-24T06:29:28,933  INFO [main] metastore.HMSHandler: Skipping translation for processor with null
2024-04-24T06:29:28,933  INFO [main] parse.RewriteSemanticAnalyzer: Going to reparse <update T set a=3 where b=2> as 
<insert into table `default`.`T` select ROW__ID,`a`,`b` from `default`.`T` sort by ROW__ID >
2024-04-24T06:29:28,933  INFO [main] parse.UpdateDeleteSemanticAnalyzer: Starting Semantic Analysis
2024-04-24T06:29:28,936  INFO [main] HiveMetaStore.audit: ugi=alex	ip=unknown-ip-addr	cmd=get_table : tbl=hive.default.T	
2024-04-24T06:29:28,942  INFO [main] metastore.HMSHandler: Skipping translation for processor with null
2024-04-24T06:29:28,943  INFO [main] parse.UpdateDeleteSemanticAnalyzer: Completed phase 1 of Semantic Analysis
2024-04-24T06:29:28,943  INFO [main] parse.UpdateDeleteSemanticAnalyzer: Get metadata for source tables
2024-04-24T06:29:28,943  INFO [main] HiveMetaStore.audit: ugi=alex	ip=unknown-ip-addr	cmd=get_table : tbl=hive.default.t	
2024-04-24T06:29:28,949  INFO [main] metastore.HMSHandler: Skipping translation for processor with null
2024-04-24T06:29:28,949  INFO [main] parse.UpdateDeleteSemanticAnalyzer: Get metadata for subqueries
2024-04-24T06:29:28,949  INFO [main] parse.UpdateDeleteSemanticAnalyzer: Get metadata for destination tables
2024-04-24T06:29:28,949  INFO [main] HiveMetaStore.audit: ugi=alex	ip=unknown-ip-addr	cmd=get_table : tbl=hive.default.T	
2024-04-24T06:29:28,967  INFO [main] metastore.HMSHandler: Skipping translation for processor with null
2024-04-24T06:29:28,967  INFO [main] parse.UpdateDeleteSemanticAnalyzer: Completed getting MetaData in Semantic Analysis
2024-04-24T06:29:28,967  INFO [main] parse.UpdateDeleteSemanticAnalyzer: Disabling LLAP IO encode as ETL query is detected
2024-04-24T06:29:28,978  INFO [main] HiveMetaStore.audit: ugi=alex	ip=unknown-ip-addr	cmd=get_all_table_constraints : tbl=hive.default.t	
2024-04-24T06:29:28,984  INFO [main] HiveMetaStore.audit: ugi=alex	ip=unknown-ip-addr	cmd=get_not_null_constraints : tbl=hive.default.t	
2024-04-24T06:29:28,985  INFO [main] HiveMetaStore.audit: ugi=alex	ip=unknown-ip-addr	cmd=get_check_constraints : tbl=hive.default.t	
2024-04-24T06:29:29,006  INFO [main] calcite.RelOptHiveTable: Calculating column statistics for default.t, projIndxSet: [1], allowMissingStats: true
2024-04-24T06:29:29,007  INFO [main] HiveMetaStore.audit: ugi=alex	ip=unknown-ip-addr	cmd=get_table : tbl=hive.default.t	
2024-04-24T06:29:29,016  INFO [main] metastore.HMSHandler: Skipping translation for processor with null
2024-04-24T06:29:29,016  INFO [main] HiveMetaStore.audit: ugi=alex	ip=unknown-ip-addr	cmd=get_table : tbl=hive.default.t	
2024-04-24T06:29:29,024  INFO [main] metastore.HMSHandler: Skipping translation for processor with null
2024-04-24T06:29:29,025  INFO [main] HiveMetaStore.audit: ugi=alex	ip=unknown-ip-addr	cmd=get_table_statistics_req: table=hive.default.t	
2024-04-24T06:29:29,034  WARN [main] calcite.RelOptHiveTable: No Stats for default@t, Columns: b
No Stats for default@t, Columns: b
2024-04-24T06:29:29,034  INFO [main] SessionState: No Stats for default@t, Columns: b
2024-04-24T06:29:29,092  INFO [main] parse.UpdateDeleteSemanticAnalyzer: Get metadata for source tables
2024-04-24T06:29:29,092  INFO [main] parse.UpdateDeleteSemanticAnalyzer: Get metadata for subqueries
2024-04-24T06:29:29,092  INFO [main] parse.UpdateDeleteSemanticAnalyzer: Get metadata for destination tables
2024-04-24T06:29:29,092  INFO [main] HiveMetaStore.audit: ugi=alex	ip=unknown-ip-addr	cmd=get_table : tbl=hive.default.T	
2024-04-24T06:29:29,099  INFO [main] metastore.HMSHandler: Skipping translation for processor with null
2024-04-24T06:29:29,102 ERROR [main] parse.UpdateDeleteSemanticAnalyzer: CBO failed, skipping CBO. 
org.apache.hadoop.hive.ql.exec.NoMatchingMethodException: No matching method for class org.apache.hadoop.hive.ql.udf.UDFToInteger with (struct<writeid:bigint,bucketid:int,rowid:bigint>). Possible choices: _FUNC_(bigint)  _FUNC_(boolean)  _FUNC_(decimal(38,18))  _FUNC_(double)  _FUNC_(float)  _FUNC_(smallint)  _FUNC_(string)  _FUNC_(struct<writeid:int,bucketid:bigint,rowid:bigint>)  _FUNC_(timestamp)  _FUNC_(tinyint)  _FUNC_(void)  
	at org.apache.hadoop.hive.ql.exec.MethodUtils.getMethodInternal(MethodUtils.java:130) ~[classes/:?]
	at org.apache.hadoop.hive.ql.exec.MethodUtils.getMethodInternal(MethodUtils.java:60) ~[classes/:?]
	at org.apache.hadoop.hive.ql.exec.DefaultUDFMethodResolver.getEvalMethod(DefaultUDFMethodResolver.java:59) ~[classes/:?]
	at org.apache.hadoop.hive.ql.udf.TimestampCastRestrictorResolver.getEvalMethod(TimestampCastRestrictorResolver.java:68) ~[classes/:?]
	at org.apache.hadoop.hive.ql.udf.generic.GenericUDFBridge.initialize(GenericUDFBridge.java:168) ~[classes/:?]
	at org.apache.hadoop.hive.ql.udf.generic.GenericUDF.initializeAndFoldConstants(GenericUDF.java:149) ~[classes/:?]
	at org.apache.hadoop.hive.ql.plan.ExprNodeGenericFuncDesc.newInstance(ExprNodeGenericFuncDesc.java:235) ~[classes/:?]
	at org.apache.hadoop.hive.ql.parse.type.ExprNodeDescExprFactory.createFuncCallExpr(ExprNodeDescExprFactory.java:584) ~[classes/:?]
	at org.apache.hadoop.hive.ql.parse.type.ExprNodeDescExprFactory.createFuncCallExpr(ExprNodeDescExprFactory.java:97) ~[classes/:?]
	at org.apache.hadoop.hive.ql.parse.type.TypeCheckProcFactory$DefaultExprProcessor.getFuncExprNodeDescWithUdfData(TypeCheckProcFactory.java:762) ~[classes/:?]
	at org.apache.hadoop.hive.ql.parse.type.TypeCheckProcFactory$DefaultExprProcessor.createConversionCast(TypeCheckProcFactory.java:783) ~[classes/:?]
	at org.apache.hadoop.hive.ql.parse.SemanticAnalyzer.getPartitionColsFromBucketColsForUpdateDelete(SemanticAnalyzer.java:8725) ~[classes/:?]
	at org.apache.hadoop.hive.ql.parse.SemanticAnalyzer.genBucketingSortingDest(SemanticAnalyzer.java:6914) ~[classes/:?]
	at org.apache.hadoop.hive.ql.parse.SemanticAnalyzer.genFileSinkPlan(SemanticAnalyzer.java:7335) ~[classes/:?]
	at org.apache.hadoop.hive.ql.parse.SemanticAnalyzer.genPostGroupByBodyPlan(SemanticAnalyzer.java:11063) ~[classes/:?]
	at org.apache.hadoop.hive.ql.parse.SemanticAnalyzer.genBodyPlan(SemanticAnalyzer.java:10938) ~[classes/:?]
	at org.apache.hadoop.hive.ql.parse.SemanticAnalyzer.genPlan(SemanticAnalyzer.java:11853) ~[classes/:?]
	at org.apache.hadoop.hive.ql.parse.SemanticAnalyzer.genPlan(SemanticAnalyzer.java:11723) ~[classes/:?]
	at org.apache.hadoop.hive.ql.parse.CalcitePlanner.genOPTree(CalcitePlanner.java:626) ~[classes/:?]
	at org.apache.hadoop.hive.ql.parse.SemanticAnalyzer.analyzeInternal(SemanticAnalyzer.java:12558) ~[classes/:?]
	at org.apache.hadoop.hive.ql.parse.CalcitePlanner.analyzeInternal(CalcitePlanner.java:456) ~[classes/:?]
	at org.apache.hadoop.hive.ql.parse.RewriteSemanticAnalyzer.analyzeInternal(RewriteSemanticAnalyzer.java:67) ~[classes/:?]
	at org.apache.hadoop.hive.ql.parse.BaseSemanticAnalyzer.analyze(BaseSemanticAnalyzer.java:317) ~[classes/:?]
	at org.apache.hadoop.hive.ql.parse.UpdateDeleteSemanticAnalyzer.reparseAndSuperAnalyze(UpdateDeleteSemanticAnalyzer.java:208) ~[classes/:?]
	at org.apache.hadoop.hive.ql.parse.UpdateDeleteSemanticAnalyzer.analyzeUpdate(UpdateDeleteSemanticAnalyzer.java:63) ~[classes/:?]
	at org.apache.hadoop.hive.ql.parse.UpdateDeleteSemanticAnalyzer.analyze(UpdateDeleteSemanticAnalyzer.java:53) ~[classes/:?]
	at org.apache.hadoop.hive.ql.parse.RewriteSemanticAnalyzer.analyzeInternal(RewriteSemanticAnalyzer.java:72) ~[classes/:?]
	at org.apache.hadoop.hive.ql.parse.BaseSemanticAnalyzer.analyze(BaseSemanticAnalyzer.java:317) ~[classes/:?]
	at org.apache.hadoop.hive.ql.Compiler.analyze(Compiler.java:223) ~[classes/:?]
	at org.apache.hadoop.hive.ql.Compiler.compile(Compiler.java:105) ~[classes/:?]
	at org.apache.hadoop.hive.ql.Driver.compile(Driver.java:500) ~[classes/:?]
	at org.apache.hadoop.hive.ql.Driver.compileInternal(Driver.java:453) ~[classes/:?]
	at org.apache.hadoop.hive.ql.Driver.runInternal(Driver.java:181) ~[classes/:?]
	at org.apache.hadoop.hive.ql.Driver.run(Driver.java:153) ~[classes/:?]
	at org.apache.hadoop.hive.ql.Driver.run(Driver.java:140) ~[classes/:?]
	at org.apache.hadoop.hive.ql.TxnCommandsBaseForTests.runStatementOnDriver(TxnCommandsBaseForTests.java:245) ~[test-classes/:?]
	at org.apache.hadoop.hive.ql.TestTxnCommands.acidVersionTest(TestTxnCommands.java:1482) ~[test-classes/:?]
	at org.apache.hadoop.hive.ql.TestTxnCommands.testVersioningVersionFileEnabled(TestTxnCommands.java:1462) ~[test-classes/:?]
	at sun.reflect.NativeMethodAccessorImpl.invoke0(Native Method) ~[?:1.8.0_402]
	at sun.reflect.NativeMethodAccessorImpl.invoke(NativeMethodAccessorImpl.java:62) ~[?:1.8.0_402]
	at sun.reflect.DelegatingMethodAccessorImpl.invoke(DelegatingMethodAccessorImpl.java:43) ~[?:1.8.0_402]
	at java.lang.reflect.Method.invoke(Method.java:498) ~[?:1.8.0_402]
	at org.junit.runners.model.FrameworkMethod$1.runReflectiveCall(FrameworkMethod.java:59) ~[junit-4.13.jar:4.13]
	at org.junit.internal.runners.model.ReflectiveCallable.run(ReflectiveCallable.java:12) ~[junit-4.13.jar:4.13]
	at org.junit.runners.model.FrameworkMethod.invokeExplosively(FrameworkMethod.java:56) ~[junit-4.13.jar:4.13]
	at org.junit.internal.runners.statements.InvokeMethod.evaluate(InvokeMethod.java:17) ~[junit-4.13.jar:4.13]
	at org.junit.internal.runners.statements.RunBefores.evaluate(RunBefores.java:26) ~[junit-4.13.jar:4.13]
	at org.junit.internal.runners.statements.RunAfters.evaluate(RunAfters.java:27) ~[junit-4.13.jar:4.13]
	at org.junit.rules.TestWatcher$1.evaluate(TestWatcher.java:61) ~[junit-4.13.jar:4.13]
	at org.junit.runners.ParentRunner$3.evaluate(ParentRunner.java:306) ~[junit-4.13.jar:4.13]
	at org.junit.runners.BlockJUnit4ClassRunner$1.evaluate(BlockJUnit4ClassRunner.java:100) ~[junit-4.13.jar:4.13]
	at org.junit.runners.ParentRunner.runLeaf(ParentRunner.java:366) ~[junit-4.13.jar:4.13]
	at org.junit.runners.BlockJUnit4ClassRunner.runChild(BlockJUnit4ClassRunner.java:103) ~[junit-4.13.jar:4.13]
	at org.junit.runners.BlockJUnit4ClassRunner.runChild(BlockJUnit4ClassRunner.java:63) ~[junit-4.13.jar:4.13]
	at org.junit.runners.ParentRunner$4.run(ParentRunner.java:331) ~[junit-4.13.jar:4.13]
	at org.junit.runners.ParentRunner$1.schedule(ParentRunner.java:79) ~[junit-4.13.jar:4.13]
	at org.junit.runners.ParentRunner.runChildren(ParentRunner.java:329) ~[junit-4.13.jar:4.13]
	at org.junit.runners.ParentRunner.access$100(ParentRunner.java:66) ~[junit-4.13.jar:4.13]
	at org.junit.runners.ParentRunner$2.evaluate(ParentRunner.java:293) ~[junit-4.13.jar:4.13]
	at org.junit.runners.ParentRunner$3.evaluate(ParentRunner.java:306) ~[junit-4.13.jar:4.13]
	at org.junit.runners.ParentRunner.run(ParentRunner.java:413) ~[junit-4.13.jar:4.13]
	at org.junit.runner.JUnitCore.run(JUnitCore.java:137) ~[junit-4.13.jar:4.13]
	at org.junit.runner.JUnitCore.run(JUnitCore.java:115) ~[junit-4.13.jar:4.13]
	at org.junit.vintage.engine.execution.RunnerExecutor.execute(RunnerExecutor.java:43) ~[junit-vintage-engine-5.6.2.jar:5.6.2]
	at java.util.stream.ForEachOps$ForEachOp$OfRef.accept(ForEachOps.java:183) ~[?:1.8.0_402]
	at java.util.stream.ReferencePipeline$3$1.accept(ReferencePipeline.java:193) ~[?:1.8.0_402]
	at java.util.Iterator.forEachRemaining(Iterator.java:116) ~[?:1.8.0_402]
	at java.util.Spliterators$IteratorSpliterator.forEachRemaining(Spliterators.java:1801) ~[?:1.8.0_402]
	at java.util.stream.AbstractPipeline.copyInto(AbstractPipeline.java:482) ~[?:1.8.0_402]
	at java.util.stream.AbstractPipeline.wrapAndCopyInto(AbstractPipeline.java:472) ~[?:1.8.0_402]
	at java.util.stream.ForEachOps$ForEachOp.evaluateSequential(ForEachOps.java:150) ~[?:1.8.0_402]
	at java.util.stream.ForEachOps$ForEachOp$OfRef.evaluateSequential(ForEachOps.java:173) ~[?:1.8.0_402]
	at java.util.stream.AbstractPipeline.evaluate(AbstractPipeline.java:234) ~[?:1.8.0_402]
	at java.util.stream.ReferencePipeline.forEach(ReferencePipeline.java:485) ~[?:1.8.0_402]
	at org.junit.vintage.engine.VintageTestEngine.executeAllChildren(VintageTestEngine.java:82) ~[junit-vintage-engine-5.6.2.jar:5.6.2]
	at org.junit.vintage.engine.VintageTestEngine.execute(VintageTestEngine.java:73) ~[junit-vintage-engine-5.6.2.jar:5.6.2]
	at org.junit.platform.launcher.core.DefaultLauncher.execute(DefaultLauncher.java:248) ~[junit-platform-launcher-1.6.2.jar:1.6.2]
	at org.junit.platform.launcher.core.DefaultLauncher.lambda$execute$5(DefaultLauncher.java:211) ~[junit-platform-launcher-1.6.2.jar:1.6.2]
	at org.junit.platform.launcher.core.DefaultLauncher.withInterceptedStreams(DefaultLauncher.java:226) [junit-platform-launcher-1.6.2.jar:1.6.2]
	at org.junit.platform.launcher.core.DefaultLauncher.execute(DefaultLauncher.java:199) [junit-platform-launcher-1.6.2.jar:1.6.2]
	at org.junit.platform.launcher.core.DefaultLauncher.execute(DefaultLauncher.java:132) [junit-platform-launcher-1.6.2.jar:1.6.2]
	at org.apache.maven.surefire.junitplatform.JUnitPlatformProvider.invokeAllTests(JUnitPlatformProvider.java:154) [surefire-junit-platform-3.0.0-M4.jar:3.0.0-M4]
	at org.apache.maven.surefire.junitplatform.JUnitPlatformProvider.invoke(JUnitPlatformProvider.java:123) [surefire-junit-platform-3.0.0-M4.jar:3.0.0-M4]
	at org.apache.maven.surefire.booter.ForkedBooter.runSuitesInProcess(ForkedBooter.java:377) [surefire-booter-3.0.0-M4.jar:3.0.0-M4]
	at org.apache.maven.surefire.booter.ForkedBooter.execute(ForkedBooter.java:138) [surefire-booter-3.0.0-M4.jar:3.0.0-M4]
	at org.apache.maven.surefire.booter.ForkedBooter.run(ForkedBooter.java:465) [surefire-booter-3.0.0-M4.jar:3.0.0-M4]
	at org.apache.maven.surefire.booter.ForkedBooter.main(ForkedBooter.java:451) [surefire-booter-3.0.0-M4.jar:3.0.0-M4]
2024-04-24T06:29:29,103 ERROR [main] parse.UpdateDeleteSemanticAnalyzer: CBO failed due to missing column stats (see previous errors), skipping CBO
2024-04-24T06:29:29,103  INFO [main] parse.UpdateDeleteSemanticAnalyzer: Ending caching scope for: 
FAILED: NoMatchingMethodException No matching method for class org.apache.hadoop.hive.ql.udf.UDFToInteger with (struct<writeid:bigint,bucketid:int,rowid:bigint>). Possible choices: _FUNC_(bigint)  _FUNC_(boolean)  _FUNC_(decimal(38,18))  _FUNC_(double)  _FUNC_(float)  _FUNC_(smallint)  _FUNC_(string)  _FUNC_(struct<writeid:int,bucketid:bigint,rowid:bigint>)  _FUNC_(timestamp)  _FUNC_(tinyint)  _FUNC_(void)  
2024-04-24T06:29:29,104 ERROR [main] ql.Driver: FAILED: NoMatchingMethodException No matching method for class org.apache.hadoop.hive.ql.udf.UDFToInteger with (struct<writeid:bigint,bucketid:int,rowid:bigint>). Possible choices: _FUNC_(bigint)  _FUNC_(boolean)  _FUNC_(decimal(38,18))  _FUNC_(double)  _FUNC_(float)  _FUNC_(smallint)  _FUNC_(string)  _FUNC_(struct<writeid:int,bucketid:bigint,rowid:bigint>)  _FUNC_(timestamp)  _FUNC_(tinyint)  _FUNC_(void)  
org.apache.hadoop.hive.ql.exec.NoMatchingMethodException: No matching method for class org.apache.hadoop.hive.ql.udf.UDFToInteger with (struct<writeid:bigint,bucketid:int,rowid:bigint>). Possible choices: _FUNC_(bigint)  _FUNC_(boolean)  _FUNC_(decimal(38,18))  _FUNC_(double)  _FUNC_(float)  _FUNC_(smallint)  _FUNC_(string)  _FUNC_(struct<writeid:int,bucketid:bigint,rowid:bigint>)  _FUNC_(timestamp)  _FUNC_(tinyint)  _FUNC_(void)  
	at org.apache.hadoop.hive.ql.exec.MethodUtils.getMethodInternal(MethodUtils.java:130)
	at org.apache.hadoop.hive.ql.exec.MethodUtils.getMethodInternal(MethodUtils.java:60)
	at org.apache.hadoop.hive.ql.exec.DefaultUDFMethodResolver.getEvalMethod(DefaultUDFMethodResolver.java:59)
	at org.apache.hadoop.hive.ql.udf.TimestampCastRestrictorResolver.getEvalMethod(TimestampCastRestrictorResolver.java:68)
	at org.apache.hadoop.hive.ql.udf.generic.GenericUDFBridge.initialize(GenericUDFBridge.java:168)
	at org.apache.hadoop.hive.ql.udf.generic.GenericUDF.initializeAndFoldConstants(GenericUDF.java:149)
	at org.apache.hadoop.hive.ql.plan.ExprNodeGenericFuncDesc.newInstance(ExprNodeGenericFuncDesc.java:235)
	at org.apache.hadoop.hive.ql.parse.type.ExprNodeDescExprFactory.createFuncCallExpr(ExprNodeDescExprFactory.java:584)
	at org.apache.hadoop.hive.ql.parse.type.ExprNodeDescExprFactory.createFuncCallExpr(ExprNodeDescExprFactory.java:97)
	at org.apache.hadoop.hive.ql.parse.type.TypeCheckProcFactory$DefaultExprProcessor.getFuncExprNodeDescWithUdfData(TypeCheckProcFactory.java:762)
	at org.apache.hadoop.hive.ql.parse.type.TypeCheckProcFactory$DefaultExprProcessor.createConversionCast(TypeCheckProcFactory.java:783)
	at org.apache.hadoop.hive.ql.parse.SemanticAnalyzer.getPartitionColsFromBucketColsForUpdateDelete(SemanticAnalyzer.java:8725)
	at org.apache.hadoop.hive.ql.parse.SemanticAnalyzer.genBucketingSortingDest(SemanticAnalyzer.java:6914)
	at org.apache.hadoop.hive.ql.parse.SemanticAnalyzer.genFileSinkPlan(SemanticAnalyzer.java:7335)
	at org.apache.hadoop.hive.ql.parse.SemanticAnalyzer.genPostGroupByBodyPlan(SemanticAnalyzer.java:11063)
	at org.apache.hadoop.hive.ql.parse.SemanticAnalyzer.genBodyPlan(SemanticAnalyzer.java:10938)
	at org.apache.hadoop.hive.ql.parse.SemanticAnalyzer.genPlan(SemanticAnalyzer.java:11853)
	at org.apache.hadoop.hive.ql.parse.SemanticAnalyzer.genPlan(SemanticAnalyzer.java:11723)
	at org.apache.hadoop.hive.ql.parse.CalcitePlanner.genOPTree(CalcitePlanner.java:626)
	at org.apache.hadoop.hive.ql.parse.SemanticAnalyzer.analyzeInternal(SemanticAnalyzer.java:12558)
	at org.apache.hadoop.hive.ql.parse.CalcitePlanner.analyzeInternal(CalcitePlanner.java:456)
	at org.apache.hadoop.hive.ql.parse.RewriteSemanticAnalyzer.analyzeInternal(RewriteSemanticAnalyzer.java:67)
	at org.apache.hadoop.hive.ql.parse.BaseSemanticAnalyzer.analyze(BaseSemanticAnalyzer.java:317)
	at org.apache.hadoop.hive.ql.parse.UpdateDeleteSemanticAnalyzer.reparseAndSuperAnalyze(UpdateDeleteSemanticAnalyzer.java:208)
	at org.apache.hadoop.hive.ql.parse.UpdateDeleteSemanticAnalyzer.analyzeUpdate(UpdateDeleteSemanticAnalyzer.java:63)
	at org.apache.hadoop.hive.ql.parse.UpdateDeleteSemanticAnalyzer.analyze(UpdateDeleteSemanticAnalyzer.java:53)
	at org.apache.hadoop.hive.ql.parse.RewriteSemanticAnalyzer.analyzeInternal(RewriteSemanticAnalyzer.java:72)
	at org.apache.hadoop.hive.ql.parse.BaseSemanticAnalyzer.analyze(BaseSemanticAnalyzer.java:317)
	at org.apache.hadoop.hive.ql.Compiler.analyze(Compiler.java:223)
	at org.apache.hadoop.hive.ql.Compiler.compile(Compiler.java:105)
	at org.apache.hadoop.hive.ql.Driver.compile(Driver.java:500)
	at org.apache.hadoop.hive.ql.Driver.compileInternal(Driver.java:453)
	at org.apache.hadoop.hive.ql.Driver.runInternal(Driver.java:181)
	at org.apache.hadoop.hive.ql.Driver.run(Driver.java:153)
	at org.apache.hadoop.hive.ql.Driver.run(Driver.java:140)
	at org.apache.hadoop.hive.ql.TxnCommandsBaseForTests.runStatementOnDriver(TxnCommandsBaseForTests.java:245)
	at org.apache.hadoop.hive.ql.TestTxnCommands.acidVersionTest(TestTxnCommands.java:1482)
	at org.apache.hadoop.hive.ql.TestTxnCommands.testVersioningVersionFileEnabled(TestTxnCommands.java:1462)
	at sun.reflect.NativeMethodAccessorImpl.invoke0(Native Method)
	at sun.reflect.NativeMethodAccessorImpl.invoke(NativeMethodAccessorImpl.java:62)
	at sun.reflect.DelegatingMethodAccessorImpl.invoke(DelegatingMethodAccessorImpl.java:43)
	at java.lang.reflect.Method.invoke(Method.java:498)
	at org.junit.runners.model.FrameworkMethod$1.runReflectiveCall(FrameworkMethod.java:59)
	at org.junit.internal.runners.model.ReflectiveCallable.run(ReflectiveCallable.java:12)
	at org.junit.runners.model.FrameworkMethod.invokeExplosively(FrameworkMethod.java:56)
	at org.junit.internal.runners.statements.InvokeMethod.evaluate(InvokeMethod.java:17)
	at org.junit.internal.runners.statements.RunBefores.evaluate(RunBefores.java:26)
	at org.junit.internal.runners.statements.RunAfters.evaluate(RunAfters.java:27)
	at org.junit.rules.TestWatcher$1.evaluate(TestWatcher.java:61)
	at org.junit.runners.ParentRunner$3.evaluate(ParentRunner.java:306)
	at org.junit.runners.BlockJUnit4ClassRunner$1.evaluate(BlockJUnit4ClassRunner.java:100)
	at org.junit.runners.ParentRunner.runLeaf(ParentRunner.java:366)
	at org.junit.runners.BlockJUnit4ClassRunner.runChild(BlockJUnit4ClassRunner.java:103)
	at org.junit.runners.BlockJUnit4ClassRunner.runChild(BlockJUnit4ClassRunner.java:63)
	at org.junit.runners.ParentRunner$4.run(ParentRunner.java:331)
	at org.junit.runners.ParentRunner$1.schedule(ParentRunner.java:79)
	at org.junit.runners.ParentRunner.runChildren(ParentRunner.java:329)
	at org.junit.runners.ParentRunner.access$100(ParentRunner.java:66)
	at org.junit.runners.ParentRunner$2.evaluate(ParentRunner.java:293)
	at org.junit.runners.ParentRunner$3.evaluate(ParentRunner.java:306)
	at org.junit.runners.ParentRunner.run(ParentRunner.java:413)
	at org.junit.runner.JUnitCore.run(JUnitCore.java:137)
	at org.junit.runner.JUnitCore.run(JUnitCore.java:115)
	at org.junit.vintage.engine.execution.RunnerExecutor.execute(RunnerExecutor.java:43)
	at java.util.stream.ForEachOps$ForEachOp$OfRef.accept(ForEachOps.java:183)
	at java.util.stream.ReferencePipeline$3$1.accept(ReferencePipeline.java:193)
	at java.util.Iterator.forEachRemaining(Iterator.java:116)
	at java.util.Spliterators$IteratorSpliterator.forEachRemaining(Spliterators.java:1801)
	at java.util.stream.AbstractPipeline.copyInto(AbstractPipeline.java:482)
	at java.util.stream.AbstractPipeline.wrapAndCopyInto(AbstractPipeline.java:472)
	at java.util.stream.ForEachOps$ForEachOp.evaluateSequential(ForEachOps.java:150)
	at java.util.stream.ForEachOps$ForEachOp$OfRef.evaluateSequential(ForEachOps.java:173)
	at java.util.stream.AbstractPipeline.evaluate(AbstractPipeline.java:234)
	at java.util.stream.ReferencePipeline.forEach(ReferencePipeline.java:485)
	at org.junit.vintage.engine.VintageTestEngine.executeAllChildren(VintageTestEngine.java:82)
	at org.junit.vintage.engine.VintageTestEngine.execute(VintageTestEngine.java:73)
	at org.junit.platform.launcher.core.DefaultLauncher.execute(DefaultLauncher.java:248)
	at org.junit.platform.launcher.core.DefaultLauncher.lambda$execute$5(DefaultLauncher.java:211)
	at org.junit.platform.launcher.core.DefaultLauncher.withInterceptedStreams(DefaultLauncher.java:226)
	at org.junit.platform.launcher.core.DefaultLauncher.execute(DefaultLauncher.java:199)
	at org.junit.platform.launcher.core.DefaultLauncher.execute(DefaultLauncher.java:132)
	at org.apache.maven.surefire.junitplatform.JUnitPlatformProvider.invokeAllTests(JUnitPlatformProvider.java:154)
	at org.apache.maven.surefire.junitplatform.JUnitPlatformProvider.invoke(JUnitPlatformProvider.java:123)
	at org.apache.maven.surefire.booter.ForkedBooter.runSuitesInProcess(ForkedBooter.java:377)
	at org.apache.maven.surefire.booter.ForkedBooter.execute(ForkedBooter.java:138)
	at org.apache.maven.surefire.booter.ForkedBooter.run(ForkedBooter.java:465)
	at org.apache.maven.surefire.booter.ForkedBooter.main(ForkedBooter.java:451)

2024-04-24T06:29:29,104  INFO [main] metadata.Hive: Dumping metastore api call timing information for : compilation phase
2024-04-24T06:29:29,104  INFO [main] metadata.Hive: Total time spent in each metastore function (ms): {isCompatibleWith_(Configuration)=0, flushCache_()=0, getNotNullConstraints_(NotNullConstraintsRequest)=1, getCheckConstraints_(CheckConstraintsRequest)=1, getValidWriteIds_(List, String)=2, openTxn_(String, TxnType)=3, getTableColumnStatistics_(String, String, List, String)=28, getAllTableConstraints_(AllTableConstraintsRequest)=5, getValidTxns_(long)=1, commitTxn_(CommitTxnRequest)=11, getTable_(GetTableRequest)=45}
2024-04-24T06:29:29,104  INFO [main] ql.Driver: Completed compiling command(queryId=alex_20240424062928_832ec450-df29-4e9d-bd52-13841d5bde89); Time taken: 0.182 seconds
2024-04-24T06:29:29,104  INFO [main] lockmgr.DbTxnManager: Stopped heartbeat for query: null
2024-04-24T06:29:29,109  INFO [main] txn.TxnHandler: Removed transactions: ([16]) from MIN_HISTORY_LEVEL
2024-04-24T06:29:29,119  INFO [main] ql.TxnCommandsBaseForTests: Running the query: drop table if exists acidTbl
2024-04-24T06:29:29,119  INFO [main] ql.Driver: Compiling command(queryId=alex_20240424062929_8f8b0fe7-f805-401a-a892-d8c7cbe3b4d3): drop table if exists acidTbl
2024-04-24T06:29:29,122  INFO [main] txn.TxnHandler: Added entries to MIN_HISTORY_LEVEL for current txns: ([17]) with min_open_txn: 16
2024-04-24T06:29:29,122  INFO [main] lockmgr.DbTxnManager: Opened txnid:17
2024-04-24T06:29:29,123  INFO [main] HiveMetaStore.audit: ugi=alex	ip=unknown-ip-addr	cmd=get_table : tbl=hive.default.acidTbl	
2024-04-24T06:29:29,129  INFO [main] metastore.HMSHandler: Skipping translation for processor with null
2024-04-24T06:29:29,129  INFO [main] ql.Driver: Semantic Analysis Completed (retrial = false)
2024-04-24T06:29:29,129  INFO [main] ql.Driver: Created Hive schema: Schema(fieldSchemas:null, properties:null)
2024-04-24T06:29:29,129  INFO [main] metadata.Hive: Dumping metastore api call timing information for : compilation phase
2024-04-24T06:29:29,130  INFO [main] metadata.Hive: Total time spent in each metastore function (ms): {rollbackTxn_(long)=15, openTxn_(String, TxnType)=2, getTable_(GetTableRequest)=6, isCompatibleWith_(Configuration)=0, flushCache_()=0, getValidTxns_(long)=1}
2024-04-24T06:29:29,130  INFO [main] ql.Driver: Completed compiling command(queryId=alex_20240424062929_8f8b0fe7-f805-401a-a892-d8c7cbe3b4d3); Time taken: 0.01 seconds
2024-04-24T06:29:29,130  INFO [main] lockmgr.DbTxnManager: Setting lock request transaction to txnid:17 for queryId=alex_20240424062929_8f8b0fe7-f805-401a-a892-d8c7cbe3b4d3
2024-04-24T06:29:29,130  INFO [main] lockmgr.DbLockManager: Requesting lock for queryId=alex_20240424062929_8f8b0fe7-f805-401a-a892-d8c7cbe3b4d3
2024-04-24T06:29:29,147  INFO [main] lockmgr.DbLockManager: Response to queryId=alex_20240424062929_8f8b0fe7-f805-401a-a892-d8c7cbe3b4d3 LockResponse(lockid:10, state:ACQUIRED)
2024-04-24T06:29:29,147  INFO [main] ql.Driver: Operation DROPTABLE obtained 1 locks
2024-04-24T06:29:29,147  INFO [main] ql.Driver: Executing command(queryId=alex_20240424062929_8f8b0fe7-f805-401a-a892-d8c7cbe3b4d3): drop table if exists acidTbl
2024-04-24T06:29:29,147  INFO [main] ql.Driver: Starting task [Stage-0:DDL] in serial mode
2024-04-24T06:29:29,147  INFO [main] HiveMetaStore.audit: ugi=alex	ip=unknown-ip-addr	cmd=get_table : tbl=hive.default.acidTbl	
2024-04-24T06:29:29,153  INFO [main] metastore.HMSHandler: Skipping translation for processor with null
2024-04-24T06:29:29,154  INFO [main] HiveMetaStore.audit: ugi=alex	ip=unknown-ip-addr	cmd=get_table : tbl=hive.default.acidTbl	
2024-04-24T06:29:29,160  INFO [main] metastore.HMSHandler: Skipping translation for processor with null
2024-04-24T06:29:29,160  INFO [main] HiveMetaStore.audit: ugi=alex	ip=unknown-ip-addr	cmd=drop_table : tbl=hive.default.acidTbl	
2024-04-24T06:29:29,275  INFO [main] metadata.Hive: Dumping metastore api call timing information for : execution phase
2024-04-24T06:29:29,275  INFO [main] metadata.Hive: Total time spent in each metastore function (ms): {isCompatibleWith_(Configuration)=0, dropTable_(String, String, boolean, boolean, boolean)=122, getTable_(GetTableRequest)=6}
2024-04-24T06:29:29,275  INFO [main] ql.Driver: Completed executing command(queryId=alex_20240424062929_8f8b0fe7-f805-401a-a892-d8c7cbe3b4d3); Time taken: 0.128 seconds
2024-04-24T06:29:29,275  INFO [main] lockmgr.DbTxnManager: Stopped heartbeat for query: alex_20240424062929_8f8b0fe7-f805-401a-a892-d8c7cbe3b4d3
2024-04-24T06:29:29,280  INFO [main] txn.TxnHandler: Expected to move at least one record from txn_components to completed_txn_components when committing txn! txnid:17
2024-04-24T06:29:29,288  INFO [main] txn.TxnHandler: Removed transactions: ([17]) from MIN_HISTORY_LEVEL
2024-04-24T06:29:29,289  WARN [main] txn.CompactionTxnHandler: No compaction queue record found for Compaction type transaction commit. txnId:17
2024-04-24T06:29:29,290  INFO [main] ql.TxnCommandsBaseForTests: Running the query: drop table if exists acidTblPart
2024-04-24T06:29:29,290  INFO [main] ql.Driver: Compiling command(queryId=alex_20240424062929_889975ea-5c3d-4023-82c1-50238bc620eb): drop table if exists acidTblPart
2024-04-24T06:29:29,292  INFO [main] txn.TxnHandler: Added entries to MIN_HISTORY_LEVEL for current txns: ([18]) with min_open_txn: 16
2024-04-24T06:29:29,292  INFO [main] lockmgr.DbTxnManager: Opened txnid:18
2024-04-24T06:29:29,293  INFO [main] HiveMetaStore.audit: ugi=alex	ip=unknown-ip-addr	cmd=get_table : tbl=hive.default.acidTblPart	
2024-04-24T06:29:29,314  INFO [main] metastore.HMSHandler: Skipping translation for processor with null
2024-04-24T06:29:29,314  INFO [main] ql.Driver: Semantic Analysis Completed (retrial = false)
2024-04-24T06:29:29,314  INFO [main] ql.Driver: Created Hive schema: Schema(fieldSchemas:null, properties:null)
2024-04-24T06:29:29,314  INFO [main] metadata.Hive: Dumping metastore api call timing information for : compilation phase
2024-04-24T06:29:29,314  INFO [main] metadata.Hive: Total time spent in each metastore function (ms): {getValidTxns_(long)=0, isCompatibleWith_(Configuration)=1, openTxn_(String, TxnType)=2, flushCache_()=0, commitTxn_(CommitTxnRequest)=15, getTable_(GetTableRequest)=21}
2024-04-24T06:29:29,315  INFO [main] ql.Driver: Completed compiling command(queryId=alex_20240424062929_889975ea-5c3d-4023-82c1-50238bc620eb); Time taken: 0.024 seconds
2024-04-24T06:29:29,315  INFO [main] lockmgr.DbTxnManager: Setting lock request transaction to txnid:18 for queryId=alex_20240424062929_889975ea-5c3d-4023-82c1-50238bc620eb
2024-04-24T06:29:29,315  INFO [main] lockmgr.DbLockManager: Requesting lock for queryId=alex_20240424062929_889975ea-5c3d-4023-82c1-50238bc620eb
2024-04-24T06:29:29,329  INFO [main] lockmgr.DbLockManager: Response to queryId=alex_20240424062929_889975ea-5c3d-4023-82c1-50238bc620eb LockResponse(lockid:11, state:ACQUIRED)
2024-04-24T06:29:29,329  INFO [main] ql.Driver: Operation DROPTABLE obtained 1 locks
2024-04-24T06:29:29,329  INFO [main] ql.Driver: Executing command(queryId=alex_20240424062929_889975ea-5c3d-4023-82c1-50238bc620eb): drop table if exists acidTblPart
2024-04-24T06:29:29,330  INFO [main] ql.Driver: Starting task [Stage-0:DDL] in serial mode
2024-04-24T06:29:29,330  INFO [main] HiveMetaStore.audit: ugi=alex	ip=unknown-ip-addr	cmd=get_table : tbl=hive.default.acidTblPart	
2024-04-24T06:29:29,335  INFO [main] metastore.HMSHandler: Skipping translation for processor with null
2024-04-24T06:29:29,336  INFO [main] HiveMetaStore.audit: ugi=alex	ip=unknown-ip-addr	cmd=get_table : tbl=hive.default.acidTblPart	
2024-04-24T06:29:29,341  INFO [main] metastore.HMSHandler: Skipping translation for processor with null
2024-04-24T06:29:29,341  INFO [main] HiveMetaStore.audit: ugi=alex	ip=unknown-ip-addr	cmd=drop_table : tbl=hive.default.acidTblPart	
2024-04-24T06:29:29,378  INFO [main] metadata.Hive: Dumping metastore api call timing information for : execution phase
2024-04-24T06:29:29,378  INFO [main] metadata.Hive: Total time spent in each metastore function (ms): {isCompatibleWith_(Configuration)=0, dropTable_(String, String, boolean, boolean, boolean)=42, getTable_(GetTableRequest)=6}
2024-04-24T06:29:29,378  INFO [main] ql.Driver: Completed executing command(queryId=alex_20240424062929_889975ea-5c3d-4023-82c1-50238bc620eb); Time taken: 0.049 seconds
2024-04-24T06:29:29,378  INFO [main] lockmgr.DbTxnManager: Stopped heartbeat for query: alex_20240424062929_889975ea-5c3d-4023-82c1-50238bc620eb
2024-04-24T06:29:29,382  INFO [main] txn.TxnHandler: Expected to move at least one record from txn_components to completed_txn_components when committing txn! txnid:18
2024-04-24T06:29:29,389  INFO [main] txn.TxnHandler: Removed transactions: ([18]) from MIN_HISTORY_LEVEL
2024-04-24T06:29:29,389  WARN [main] txn.CompactionTxnHandler: No compaction queue record found for Compaction type transaction commit. txnId:18
2024-04-24T06:29:29,389  INFO [main] ql.TxnCommandsBaseForTests: Running the query: drop table if exists acidTbl2
2024-04-24T06:29:29,389  INFO [main] ql.Driver: Compiling command(queryId=alex_20240424062929_603a9a57-442f-48b1-9247-123c0ef6d301): drop table if exists acidTbl2
2024-04-24T06:29:29,392  INFO [main] txn.TxnHandler: Added entries to MIN_HISTORY_LEVEL for current txns: ([19]) with min_open_txn: 16
2024-04-24T06:29:29,392  INFO [main] lockmgr.DbTxnManager: Opened txnid:19
2024-04-24T06:29:29,392  INFO [main] ql.Driver: Semantic Analysis Completed (retrial = false)
2024-04-24T06:29:29,392  INFO [main] ql.Driver: Created Hive schema: Schema(fieldSchemas:null, properties:null)
2024-04-24T06:29:29,393  INFO [main] metadata.Hive: Dumping metastore api call timing information for : compilation phase
2024-04-24T06:29:29,393  INFO [main] metadata.Hive: Total time spent in each metastore function (ms): {flushCache_()=0, getTable_(GetTableRequest)=0, getValidTxns_(long)=0, openTxn_(String, TxnType)=2, commitTxn_(CommitTxnRequest)=11, isCompatibleWith_(Configuration)=0}
2024-04-24T06:29:29,393  INFO [main] ql.Driver: Completed compiling command(queryId=alex_20240424062929_603a9a57-442f-48b1-9247-123c0ef6d301); Time taken: 0.003 seconds
2024-04-24T06:29:29,393  INFO [main] lockmgr.DbTxnManager: Setting lock request transaction to txnid:19 for queryId=alex_20240424062929_603a9a57-442f-48b1-9247-123c0ef6d301
2024-04-24T06:29:29,393  INFO [main] ql.Driver: Operation DROPTABLE obtained 0 locks
2024-04-24T06:29:29,393  INFO [main] ql.Driver: Executing command(queryId=alex_20240424062929_603a9a57-442f-48b1-9247-123c0ef6d301): drop table if exists acidTbl2
2024-04-24T06:29:29,393  INFO [main] ql.Driver: Starting task [Stage-0:DDL] in serial mode
2024-04-24T06:29:29,394  INFO [main] metadata.SessionHiveMetaStoreClient: Column stats doesn't exist for db=default temp table=acidTbl2
2024-04-24T06:29:29,394  INFO [main] metadata.Hive: Dumping metastore api call timing information for : execution phase
2024-04-24T06:29:29,394  INFO [main] metadata.Hive: Total time spent in each metastore function (ms): {isCompatibleWith_(Configuration)=0, dropTable_(String, String, boolean, boolean, boolean)=0, getTable_(GetTableRequest)=1}
2024-04-24T06:29:29,394  INFO [main] ql.Driver: Completed executing command(queryId=alex_20240424062929_603a9a57-442f-48b1-9247-123c0ef6d301); Time taken: 0.001 seconds
2024-04-24T06:29:29,394  INFO [main] lockmgr.DbTxnManager: Stopped heartbeat for query: alex_20240424062929_603a9a57-442f-48b1-9247-123c0ef6d301
2024-04-24T06:29:29,400  INFO [main] txn.TxnHandler: Expected to move at least one record from txn_components to completed_txn_components when committing txn! txnid:19
2024-04-24T06:29:29,406  INFO [main] txn.TxnHandler: Removed transactions: ([19]) from MIN_HISTORY_LEVEL
2024-04-24T06:29:29,406  WARN [main] txn.CompactionTxnHandler: No compaction queue record found for Compaction type transaction commit. txnId:19
2024-04-24T06:29:29,406  INFO [main] ql.TxnCommandsBaseForTests: Running the query: drop table if exists nonAcidOrcTbl
2024-04-24T06:29:29,407  INFO [main] ql.Driver: Compiling command(queryId=alex_20240424062929_47c41a22-b63a-4392-9db9-3bfdad077c80): drop table if exists nonAcidOrcTbl
2024-04-24T06:29:29,409  INFO [main] txn.TxnHandler: Added entries to MIN_HISTORY_LEVEL for current txns: ([20]) with min_open_txn: 16
2024-04-24T06:29:29,409  INFO [main] lockmgr.DbTxnManager: Opened txnid:20
2024-04-24T06:29:29,409  INFO [main] HiveMetaStore.audit: ugi=alex	ip=unknown-ip-addr	cmd=get_table : tbl=hive.default.nonAcidOrcTbl	
2024-04-24T06:29:29,430  INFO [main] metastore.HMSHandler: Skipping translation for processor with null
2024-04-24T06:29:29,430  INFO [main] ql.Driver: Semantic Analysis Completed (retrial = false)
2024-04-24T06:29:29,430  INFO [main] ql.Driver: Created Hive schema: Schema(fieldSchemas:null, properties:null)
2024-04-24T06:29:29,430  INFO [main] metadata.Hive: Dumping metastore api call timing information for : compilation phase
2024-04-24T06:29:29,430  INFO [main] metadata.Hive: Total time spent in each metastore function (ms): {flushCache_()=0, openTxn_(String, TxnType)=2, commitTxn_(CommitTxnRequest)=12, getValidTxns_(long)=0, getTable_(GetTableRequest)=21, isCompatibleWith_(Configuration)=0}
2024-04-24T06:29:29,430  INFO [main] ql.Driver: Completed compiling command(queryId=alex_20240424062929_47c41a22-b63a-4392-9db9-3bfdad077c80); Time taken: 0.024 seconds
2024-04-24T06:29:29,430  INFO [main] lockmgr.DbTxnManager: Setting lock request transaction to txnid:20 for queryId=alex_20240424062929_47c41a22-b63a-4392-9db9-3bfdad077c80
2024-04-24T06:29:29,431  INFO [main] lockmgr.DbLockManager: Requesting lock for queryId=alex_20240424062929_47c41a22-b63a-4392-9db9-3bfdad077c80
2024-04-24T06:29:29,446  INFO [main] lockmgr.DbLockManager: Response to queryId=alex_20240424062929_47c41a22-b63a-4392-9db9-3bfdad077c80 LockResponse(lockid:12, state:ACQUIRED)
2024-04-24T06:29:29,446  INFO [main] ql.Driver: Operation DROPTABLE obtained 1 locks
2024-04-24T06:29:29,447  INFO [main] ql.Driver: Executing command(queryId=alex_20240424062929_47c41a22-b63a-4392-9db9-3bfdad077c80): drop table if exists nonAcidOrcTbl
2024-04-24T06:29:29,447  INFO [main] ql.Driver: Starting task [Stage-0:DDL] in serial mode
2024-04-24T06:29:29,447  INFO [main] HiveMetaStore.audit: ugi=alex	ip=unknown-ip-addr	cmd=get_table : tbl=hive.default.nonAcidOrcTbl	
2024-04-24T06:29:29,454  INFO [main] metastore.HMSHandler: Skipping translation for processor with null
2024-04-24T06:29:29,455  INFO [main] HiveMetaStore.audit: ugi=alex	ip=unknown-ip-addr	cmd=get_table : tbl=hive.default.nonAcidOrcTbl	
2024-04-24T06:29:29,462  INFO [main] metastore.HMSHandler: Skipping translation for processor with null
2024-04-24T06:29:29,462  INFO [main] HiveMetaStore.audit: ugi=alex	ip=unknown-ip-addr	cmd=drop_table : tbl=hive.default.nonAcidOrcTbl	
2024-04-24T06:29:29,517  INFO [main] metadata.Hive: Dumping metastore api call timing information for : execution phase
2024-04-24T06:29:29,517  INFO [main] metadata.Hive: Total time spent in each metastore function (ms): {dropTable_(String, String, boolean, boolean, boolean)=63, isCompatibleWith_(Configuration)=0, getTable_(GetTableRequest)=7}
2024-04-24T06:29:29,517  INFO [main] ql.Driver: Completed executing command(queryId=alex_20240424062929_47c41a22-b63a-4392-9db9-3bfdad077c80); Time taken: 0.07 seconds
2024-04-24T06:29:29,518  INFO [main] lockmgr.DbTxnManager: Stopped heartbeat for query: alex_20240424062929_47c41a22-b63a-4392-9db9-3bfdad077c80
2024-04-24T06:29:29,521  INFO [main] txn.TxnHandler: Expected to move at least one record from txn_components to completed_txn_components when committing txn! txnid:20
2024-04-24T06:29:29,528  INFO [main] txn.TxnHandler: Removed transactions: ([20]) from MIN_HISTORY_LEVEL
2024-04-24T06:29:29,528  WARN [main] txn.CompactionTxnHandler: No compaction queue record found for Compaction type transaction commit. txnId:20
2024-04-24T06:29:29,528  INFO [main] ql.TxnCommandsBaseForTests: Running the query: drop table if exists nonAcidOrcTbl2
2024-04-24T06:29:29,529  INFO [main] ql.Driver: Compiling command(queryId=alex_20240424062929_1c486439-2a84-459a-ba1b-b03eaaf6b8b7): drop table if exists nonAcidOrcTbl2
2024-04-24T06:29:29,531  INFO [main] txn.TxnHandler: Added entries to MIN_HISTORY_LEVEL for current txns: ([21]) with min_open_txn: 16
2024-04-24T06:29:29,531  INFO [main] lockmgr.DbTxnManager: Opened txnid:21
2024-04-24T06:29:29,532  INFO [main] HiveMetaStore.audit: ugi=alex	ip=unknown-ip-addr	cmd=get_table : tbl=hive.default.nonAcidOrcTbl2	
2024-04-24T06:29:29,539  INFO [main] metastore.HMSHandler: Skipping translation for processor with null
2024-04-24T06:29:29,539  INFO [main] ql.Driver: Semantic Analysis Completed (retrial = false)
2024-04-24T06:29:29,539  INFO [main] ql.Driver: Created Hive schema: Schema(fieldSchemas:null, properties:null)
2024-04-24T06:29:29,539  INFO [main] metadata.Hive: Dumping metastore api call timing information for : compilation phase
2024-04-24T06:29:29,539  INFO [main] metadata.Hive: Total time spent in each metastore function (ms): {getTable_(GetTableRequest)=8, commitTxn_(CommitTxnRequest)=10, openTxn_(String, TxnType)=2, isCompatibleWith_(Configuration)=0, getValidTxns_(long)=0, flushCache_()=0}
2024-04-24T06:29:29,539  INFO [main] ql.Driver: Completed compiling command(queryId=alex_20240424062929_1c486439-2a84-459a-ba1b-b03eaaf6b8b7); Time taken: 0.01 seconds
2024-04-24T06:29:29,540  INFO [main] lockmgr.DbTxnManager: Setting lock request transaction to txnid:21 for queryId=alex_20240424062929_1c486439-2a84-459a-ba1b-b03eaaf6b8b7
2024-04-24T06:29:29,540  INFO [main] lockmgr.DbLockManager: Requesting lock for queryId=alex_20240424062929_1c486439-2a84-459a-ba1b-b03eaaf6b8b7
2024-04-24T06:29:29,554  INFO [main] lockmgr.DbLockManager: Response to queryId=alex_20240424062929_1c486439-2a84-459a-ba1b-b03eaaf6b8b7 LockResponse(lockid:13, state:ACQUIRED)
2024-04-24T06:29:29,554  INFO [main] ql.Driver: Operation DROPTABLE obtained 1 locks
2024-04-24T06:29:29,554  INFO [main] ql.Driver: Executing command(queryId=alex_20240424062929_1c486439-2a84-459a-ba1b-b03eaaf6b8b7): drop table if exists nonAcidOrcTbl2
2024-04-24T06:29:29,555  INFO [main] ql.Driver: Starting task [Stage-0:DDL] in serial mode
2024-04-24T06:29:29,555  INFO [main] HiveMetaStore.audit: ugi=alex	ip=unknown-ip-addr	cmd=get_table : tbl=hive.default.nonAcidOrcTbl2	
2024-04-24T06:29:29,562  INFO [main] metastore.HMSHandler: Skipping translation for processor with null
2024-04-24T06:29:29,562  INFO [main] HiveMetaStore.audit: ugi=alex	ip=unknown-ip-addr	cmd=get_table : tbl=hive.default.nonAcidOrcTbl2	
2024-04-24T06:29:29,569  INFO [main] metastore.HMSHandler: Skipping translation for processor with null
2024-04-24T06:29:29,570  INFO [main] HiveMetaStore.audit: ugi=alex	ip=unknown-ip-addr	cmd=drop_table : tbl=hive.default.nonAcidOrcTbl2	
2024-04-24T06:29:29,596  INFO [main] metadata.Hive: Dumping metastore api call timing information for : execution phase
2024-04-24T06:29:29,596  INFO [main] metadata.Hive: Total time spent in each metastore function (ms): {getTable_(GetTableRequest)=7, isCompatibleWith_(Configuration)=0, dropTable_(String, String, boolean, boolean, boolean)=34}
2024-04-24T06:29:29,597  INFO [main] ql.Driver: Completed executing command(queryId=alex_20240424062929_1c486439-2a84-459a-ba1b-b03eaaf6b8b7); Time taken: 0.042 seconds
2024-04-24T06:29:29,597  INFO [main] lockmgr.DbTxnManager: Stopped heartbeat for query: alex_20240424062929_1c486439-2a84-459a-ba1b-b03eaaf6b8b7
2024-04-24T06:29:29,601  INFO [main] txn.TxnHandler: Expected to move at least one record from txn_components to completed_txn_components when committing txn! txnid:21
2024-04-24T06:29:29,607  INFO [main] txn.TxnHandler: Removed transactions: ([21]) from MIN_HISTORY_LEVEL
2024-04-24T06:29:29,607  WARN [main] txn.CompactionTxnHandler: No compaction queue record found for Compaction type transaction commit. txnId:21
2024-04-24T06:29:29,608  INFO [main] ql.TxnCommandsBaseForTests: Running the query: drop table if exists nonAcidNonBucket
2024-04-24T06:29:29,608  INFO [main] ql.Driver: Compiling command(queryId=alex_20240424062929_0dc92564-a486-4c6b-8f1b-b656902b4bb7): drop table if exists nonAcidNonBucket
2024-04-24T06:29:29,610  INFO [main] txn.TxnHandler: Added entries to MIN_HISTORY_LEVEL for current txns: ([22]) with min_open_txn: 16
2024-04-24T06:29:29,610  INFO [main] lockmgr.DbTxnManager: Opened txnid:22
2024-04-24T06:29:29,611  INFO [main] HiveMetaStore.audit: ugi=alex	ip=unknown-ip-addr	cmd=get_table : tbl=hive.default.nonAcidNonBucket	
2024-04-24T06:29:29,619  INFO [main] metastore.HMSHandler: Skipping translation for processor with null
2024-04-24T06:29:29,619  INFO [main] ql.Driver: Semantic Analysis Completed (retrial = false)
2024-04-24T06:29:29,619  INFO [main] ql.Driver: Created Hive schema: Schema(fieldSchemas:null, properties:null)
2024-04-24T06:29:29,619  INFO [main] metadata.Hive: Dumping metastore api call timing information for : compilation phase
2024-04-24T06:29:29,619  INFO [main] metadata.Hive: Total time spent in each metastore function (ms): {openTxn_(String, TxnType)=2, isCompatibleWith_(Configuration)=0, getTable_(GetTableRequest)=8, commitTxn_(CommitTxnRequest)=11, getValidTxns_(long)=1, flushCache_()=0}
2024-04-24T06:29:29,619  INFO [main] ql.Driver: Completed compiling command(queryId=alex_20240424062929_0dc92564-a486-4c6b-8f1b-b656902b4bb7); Time taken: 0.011 seconds
2024-04-24T06:29:29,620  INFO [main] lockmgr.DbTxnManager: Setting lock request transaction to txnid:22 for queryId=alex_20240424062929_0dc92564-a486-4c6b-8f1b-b656902b4bb7
2024-04-24T06:29:29,620  INFO [main] lockmgr.DbLockManager: Requesting lock for queryId=alex_20240424062929_0dc92564-a486-4c6b-8f1b-b656902b4bb7
2024-04-24T06:29:29,634  INFO [main] lockmgr.DbLockManager: Response to queryId=alex_20240424062929_0dc92564-a486-4c6b-8f1b-b656902b4bb7 LockResponse(lockid:14, state:ACQUIRED)
2024-04-24T06:29:29,634  INFO [main] ql.Driver: Operation DROPTABLE obtained 1 locks
2024-04-24T06:29:29,634  INFO [main] ql.Driver: Executing command(queryId=alex_20240424062929_0dc92564-a486-4c6b-8f1b-b656902b4bb7): drop table if exists nonAcidNonBucket
2024-04-24T06:29:29,634  INFO [main] ql.Driver: Starting task [Stage-0:DDL] in serial mode
2024-04-24T06:29:29,634  INFO [main] HiveMetaStore.audit: ugi=alex	ip=unknown-ip-addr	cmd=get_table : tbl=hive.default.nonAcidNonBucket	
2024-04-24T06:29:29,643  INFO [main] metastore.HMSHandler: Skipping translation for processor with null
2024-04-24T06:29:29,643  INFO [main] HiveMetaStore.audit: ugi=alex	ip=unknown-ip-addr	cmd=get_table : tbl=hive.default.nonAcidNonBucket	
2024-04-24T06:29:29,651  INFO [main] metastore.HMSHandler: Skipping translation for processor with null
2024-04-24T06:29:29,651  INFO [main] HiveMetaStore.audit: ugi=alex	ip=unknown-ip-addr	cmd=drop_table : tbl=hive.default.nonAcidNonBucket	
2024-04-24T06:29:29,681  INFO [main] metadata.Hive: Dumping metastore api call timing information for : execution phase
2024-04-24T06:29:29,681  INFO [main] metadata.Hive: Total time spent in each metastore function (ms): {isCompatibleWith_(Configuration)=0, dropTable_(String, String, boolean, boolean, boolean)=38, getTable_(GetTableRequest)=9}
2024-04-24T06:29:29,682  INFO [main] ql.Driver: Completed executing command(queryId=alex_20240424062929_0dc92564-a486-4c6b-8f1b-b656902b4bb7); Time taken: 0.047 seconds
2024-04-24T06:29:29,682  INFO [main] lockmgr.DbTxnManager: Stopped heartbeat for query: alex_20240424062929_0dc92564-a486-4c6b-8f1b-b656902b4bb7
2024-04-24T06:29:29,686  INFO [main] txn.TxnHandler: Expected to move at least one record from txn_components to completed_txn_components when committing txn! txnid:22
2024-04-24T06:29:29,693  INFO [main] txn.TxnHandler: Removed transactions: ([22]) from MIN_HISTORY_LEVEL
2024-04-24T06:29:29,693  WARN [main] txn.CompactionTxnHandler: No compaction queue record found for Compaction type transaction commit. txnId:22
2024-04-24T06:29:29,694  INFO [main] utils.TestTxnDbUtil: Cleaning transactional tables
]]></system-err>
  </testcase>
  <testcase name="testReadMyOwnInsert" classname="org.apache.hadoop.hive.ql.TestTxnCommands" time="5.72"/>
  <testcase name="testAddAndDropPartitionAdvancingWriteIds" classname="org.apache.hadoop.hive.ql.TestTxnCommands" time="1.69"/>
  <testcase name="testImplicitRollback" classname="org.apache.hadoop.hive.ql.TestTxnCommands" time="5.618"/>
  <testcase name="testTruncateWithBase" classname="org.apache.hadoop.hive.ql.TestTxnCommands" time="3.152"/>
  <testcase name="exchangePartition" classname="org.apache.hadoop.hive.ql.TestTxnCommands" time="1.348"/>
  <testcase name="testTruncateWithBaseOnePartition" classname="org.apache.hadoop.hive.ql.TestTxnCommands" time="4.553"/>
  <testcase name="testParallelInsertAnalyzeStats" classname="org.apache.hadoop.hive.ql.TestTxnCommands" time="9.107"/>
  <testcase name="testDDLsAdvancingWriteIds" classname="org.apache.hadoop.hive.ql.TestTxnCommands" time="4.166"/>
  <testcase name="testTruncateWithBaseAllPartition" classname="org.apache.hadoop.hive.ql.TestTxnCommands" time="4.674"/>
  <testcase name="testTimeOutReaper" classname="org.apache.hadoop.hive.ql.TestTxnCommands" time="1.317">
    <error type="java.lang.RuntimeException"><![CDATA[java.lang.RuntimeException: delete from acidTbl where a = 5 failed: (responseCode = 40000, errorMessage = FAILED: NoMatchingMethodException No matching method for class org.apache.hadoop.hive.ql.udf.UDFToInteger with (struct<writeid:bigint,bucketid:int,rowid:bigint>). Possible choices: _FUNC_(bigint)  _FUNC_(boolean)  _FUNC_(decimal(38,18))  _FUNC_(double)  _FUNC_(float)  _FUNC_(smallint)  _FUNC_(string)  _FUNC_(struct<writeid:int,bucketid:bigint,rowid:bigint>)  _FUNC_(timestamp)  _FUNC_(tinyint)  _FUNC_(void)  , hiveErrorCode = 40000, SQLState = 42000, exception = No matching method for class org.apache.hadoop.hive.ql.udf.UDFToInteger with (struct<writeid:bigint,bucketid:int,rowid:bigint>). Possible choices: _FUNC_(bigint)  _FUNC_(boolean)  _FUNC_(decimal(38,18))  _FUNC_(double)  _FUNC_(float)  _FUNC_(smallint)  _FUNC_(string)  _FUNC_(struct<writeid:int,bucketid:bigint,rowid:bigint>)  _FUNC_(timestamp)  _FUNC_(tinyint)  _FUNC_(void)  )
	at org.apache.hadoop.hive.ql.TxnCommandsBaseForTests.runStatementOnDriver(TxnCommandsBaseForTests.java:247)
	at org.apache.hadoop.hive.ql.TestTxnCommands.testTimeOutReaper(TestTxnCommands.java:945)
	at sun.reflect.NativeMethodAccessorImpl.invoke0(Native Method)
	at sun.reflect.NativeMethodAccessorImpl.invoke(NativeMethodAccessorImpl.java:62)
	at sun.reflect.DelegatingMethodAccessorImpl.invoke(DelegatingMethodAccessorImpl.java:43)
	at java.lang.reflect.Method.invoke(Method.java:498)
	at org.junit.runners.model.FrameworkMethod$1.runReflectiveCall(FrameworkMethod.java:59)
	at org.junit.internal.runners.model.ReflectiveCallable.run(ReflectiveCallable.java:12)
	at org.junit.runners.model.FrameworkMethod.invokeExplosively(FrameworkMethod.java:56)
	at org.junit.internal.runners.statements.InvokeMethod.evaluate(InvokeMethod.java:17)
	at org.junit.internal.runners.statements.RunBefores.evaluate(RunBefores.java:26)
	at org.junit.internal.runners.statements.RunAfters.evaluate(RunAfters.java:27)
	at org.junit.rules.TestWatcher$1.evaluate(TestWatcher.java:61)
	at org.junit.runners.ParentRunner$3.evaluate(ParentRunner.java:306)
	at org.junit.runners.BlockJUnit4ClassRunner$1.evaluate(BlockJUnit4ClassRunner.java:100)
	at org.junit.runners.ParentRunner.runLeaf(ParentRunner.java:366)
	at org.junit.runners.BlockJUnit4ClassRunner.runChild(BlockJUnit4ClassRunner.java:103)
	at org.junit.runners.BlockJUnit4ClassRunner.runChild(BlockJUnit4ClassRunner.java:63)
	at org.junit.runners.ParentRunner$4.run(ParentRunner.java:331)
	at org.junit.runners.ParentRunner$1.schedule(ParentRunner.java:79)
	at org.junit.runners.ParentRunner.runChildren(ParentRunner.java:329)
	at org.junit.runners.ParentRunner.access$100(ParentRunner.java:66)
	at org.junit.runners.ParentRunner$2.evaluate(ParentRunner.java:293)
	at org.junit.runners.ParentRunner$3.evaluate(ParentRunner.java:306)
	at org.junit.runners.ParentRunner.run(ParentRunner.java:413)
	at org.junit.runner.JUnitCore.run(JUnitCore.java:137)
	at org.junit.runner.JUnitCore.run(JUnitCore.java:115)
	at org.junit.vintage.engine.execution.RunnerExecutor.execute(RunnerExecutor.java:43)
	at java.util.stream.ForEachOps$ForEachOp$OfRef.accept(ForEachOps.java:183)
	at java.util.stream.ReferencePipeline$3$1.accept(ReferencePipeline.java:193)
	at java.util.Iterator.forEachRemaining(Iterator.java:116)
	at java.util.Spliterators$IteratorSpliterator.forEachRemaining(Spliterators.java:1801)
	at java.util.stream.AbstractPipeline.copyInto(AbstractPipeline.java:482)
	at java.util.stream.AbstractPipeline.wrapAndCopyInto(AbstractPipeline.java:472)
	at java.util.stream.ForEachOps$ForEachOp.evaluateSequential(ForEachOps.java:150)
	at java.util.stream.ForEachOps$ForEachOp$OfRef.evaluateSequential(ForEachOps.java:173)
	at java.util.stream.AbstractPipeline.evaluate(AbstractPipeline.java:234)
	at java.util.stream.ReferencePipeline.forEach(ReferencePipeline.java:485)
	at org.junit.vintage.engine.VintageTestEngine.executeAllChildren(VintageTestEngine.java:82)
	at org.junit.vintage.engine.VintageTestEngine.execute(VintageTestEngine.java:73)
	at org.junit.platform.launcher.core.DefaultLauncher.execute(DefaultLauncher.java:248)
	at org.junit.platform.launcher.core.DefaultLauncher.lambda$execute$5(DefaultLauncher.java:211)
	at org.junit.platform.launcher.core.DefaultLauncher.withInterceptedStreams(DefaultLauncher.java:226)
	at org.junit.platform.launcher.core.DefaultLauncher.execute(DefaultLauncher.java:199)
	at org.junit.platform.launcher.core.DefaultLauncher.execute(DefaultLauncher.java:132)
	at org.apache.maven.surefire.junitplatform.JUnitPlatformProvider.invokeAllTests(JUnitPlatformProvider.java:154)
	at org.apache.maven.surefire.junitplatform.JUnitPlatformProvider.invoke(JUnitPlatformProvider.java:123)
	at org.apache.maven.surefire.booter.ForkedBooter.runSuitesInProcess(ForkedBooter.java:377)
	at org.apache.maven.surefire.booter.ForkedBooter.execute(ForkedBooter.java:138)
	at org.apache.maven.surefire.booter.ForkedBooter.run(ForkedBooter.java:465)
	at org.apache.maven.surefire.booter.ForkedBooter.main(ForkedBooter.java:451)
]]></error>
    <system-err><![CDATA[2024-04-24T06:30:09,784  WARN [main] conf.HiveConf: HiveConf of name hive.dummyparam.test.server.specific.config.hivesite does not exist
2024-04-24T06:30:09,784  WARN [main] conf.HiveConf: HiveConf of name hive.llap.io.cache.orc.alloc.max does not exist
2024-04-24T06:30:09,784  WARN [main] conf.HiveConf: HiveConf of name hive.llap.io.cache.orc.size does not exist
2024-04-24T06:30:09,784  WARN [main] conf.HiveConf: HiveConf of name hive.llap.io.cache.orc.arena.size does not exist
2024-04-24T06:30:09,784  WARN [main] conf.HiveConf: HiveConf of name hive.metastore.metadb.dir does not exist
2024-04-24T06:30:09,784  WARN [main] conf.HiveConf: HiveConf of name hive.dummyparam.test.server.specific.config.override does not exist
2024-04-24T06:30:09,784  WARN [main] conf.HiveConf: HiveConf of name hive.stats.key.prefix.reserve.length does not exist
2024-04-24T06:30:09,784  WARN [main] conf.HiveConf: HiveConf of name hive.metastore.client.cache.recordStats does not exist
2024-04-24T06:30:09,784  WARN [main] conf.HiveConf: HiveConf of name hive.dummyparam.test.server.specific.config.metastoresite does not exist
2024-04-24T06:30:09,784  WARN [main] conf.HiveConf: HiveConf of name hive.metastore.client.cache.maxSize does not exist
2024-04-24T06:30:09,784  WARN [main] conf.HiveConf: HiveConf of name hive.llap.io.cache.orc.alloc.min does not exist
2024-04-24T06:30:09,786  INFO [main] utils.TestTxnDbUtil: Creating transactional tables
Hive Session ID = 0a957002-3282-4c72-b9de-1da79b69f827
2024-04-24T06:30:09,789  INFO [main] SessionState: Hive Session ID = 0a957002-3282-4c72-b9de-1da79b69f827
ivysettings.xml file not found in HIVE_HOME or HIVE_CONF_DIR,/home/alex/Repositories/hive/conf/ivysettings.xml will be used
2024-04-24T06:30:09,789  INFO [main] DependencyResolver: ivysettings.xml file not found in HIVE_HOME or HIVE_CONF_DIR,/home/alex/Repositories/hive/conf/ivysettings.xml will be used
2024-04-24T06:30:09,794  INFO [main] session.SessionState: Created HDFS directory: /home/alex/Repositories/hive/ql/target/tmp/scratchdir/alex/0a957002-3282-4c72-b9de-1da79b69f827
2024-04-24T06:30:09,797  INFO [main] session.SessionState: Created local directory: /home/alex/Repositories/hive/ql/target/tmp/localscratchdir/0a957002-3282-4c72-b9de-1da79b69f827
2024-04-24T06:30:09,799  INFO [main] session.SessionState: Created HDFS directory: /home/alex/Repositories/hive/ql/target/tmp/scratchdir/alex/0a957002-3282-4c72-b9de-1da79b69f827/_tmp_space.db
2024-04-24T06:30:09,800  INFO [main] sqlstd.SQLStdHiveAccessController: Created SQLStdHiveAccessController for session context : HiveAuthzSessionContext [sessionString=0a957002-3282-4c72-b9de-1da79b69f827, clientType=HIVECLI]
2024-04-24T06:30:09,800  INFO [main] ql.TxnCommandsBaseForTests: Running the query: drop table if exists acidTbl
2024-04-24T06:30:09,800  INFO [main] ql.Driver: Compiling command(queryId=alex_20240424063009_e67cd90e-c4a8-488c-8355-9c00709ea3a6): drop table if exists acidTbl
2024-04-24T06:30:09,808  INFO [main] txn.TxnHandler: Added entries to MIN_HISTORY_LEVEL for current txns: ([1]) with min_open_txn: 1
2024-04-24T06:30:09,808  INFO [main] lockmgr.DbTxnManager: Opened txnid:1
2024-04-24T06:30:09,810  INFO [main] HiveMetaStore.audit: ugi=alex	ip=unknown-ip-addr	cmd=get_table : tbl=hive.default.acidTbl	
2024-04-24T06:30:09,813  INFO [main] ql.Driver: Semantic Analysis Completed (retrial = false)
2024-04-24T06:30:09,813  INFO [main] ql.Driver: Created Hive schema: Schema(fieldSchemas:null, properties:null)
2024-04-24T06:30:09,813  INFO [main] metadata.Hive: Dumping metastore api call timing information for : compilation phase
2024-04-24T06:30:09,813  INFO [main] metadata.Hive: Total time spent in each metastore function (ms): {commitTxn_(CommitTxnRequest)=9, isCompatibleWith_(Configuration)=0, openTxn_(String, TxnType)=8, flushCache_()=0, getValidTxns_(long)=2}
2024-04-24T06:30:09,813  INFO [main] ql.Driver: Completed compiling command(queryId=alex_20240424063009_e67cd90e-c4a8-488c-8355-9c00709ea3a6); Time taken: 0.013 seconds
2024-04-24T06:30:09,813  INFO [main] lockmgr.DbTxnManager: Setting lock request transaction to txnid:1 for queryId=alex_20240424063009_e67cd90e-c4a8-488c-8355-9c00709ea3a6
2024-04-24T06:30:09,813  INFO [main] ql.Driver: Operation DROPTABLE obtained 0 locks
2024-04-24T06:30:09,813  INFO [main] ql.Driver: Executing command(queryId=alex_20240424063009_e67cd90e-c4a8-488c-8355-9c00709ea3a6): drop table if exists acidTbl
2024-04-24T06:30:09,814  INFO [main] ql.Driver: Starting task [Stage-0:DDL] in serial mode
2024-04-24T06:30:09,814  INFO [main] HiveMetaStore.audit: ugi=alex	ip=unknown-ip-addr	cmd=get_table : tbl=hive.default.acidTbl	
2024-04-24T06:30:09,816  INFO [main] metadata.Hive: Dumping metastore api call timing information for : execution phase
2024-04-24T06:30:09,816  INFO [main] metadata.Hive: Total time spent in each metastore function (ms): {isCompatibleWith_(Configuration)=0}
2024-04-24T06:30:09,817  INFO [main] ql.Driver: Completed executing command(queryId=alex_20240424063009_e67cd90e-c4a8-488c-8355-9c00709ea3a6); Time taken: 0.003 seconds
2024-04-24T06:30:09,817  INFO [main] lockmgr.DbTxnManager: Stopped heartbeat for query: alex_20240424063009_e67cd90e-c4a8-488c-8355-9c00709ea3a6
2024-04-24T06:30:09,822  INFO [main] txn.TxnHandler: Expected to move at least one record from txn_components to completed_txn_components when committing txn! txnid:1
2024-04-24T06:30:09,827  INFO [main] txn.TxnHandler: Removed transactions: ([1]) from MIN_HISTORY_LEVEL
2024-04-24T06:30:09,827  WARN [main] txn.CompactionTxnHandler: No compaction queue record found for Compaction type transaction commit. txnId:1
2024-04-24T06:30:09,828  INFO [main] ql.TxnCommandsBaseForTests: Running the query: drop table if exists acidTblPart
2024-04-24T06:30:09,828  INFO [main] ql.Driver: Compiling command(queryId=alex_20240424063009_a921d09d-287c-46a9-83f3-cc5d1f82d496): drop table if exists acidTblPart
2024-04-24T06:30:09,830  INFO [main] txn.TxnHandler: Added entries to MIN_HISTORY_LEVEL for current txns: ([2]) with min_open_txn: 1
2024-04-24T06:30:09,830  INFO [main] lockmgr.DbTxnManager: Opened txnid:2
2024-04-24T06:30:09,830  INFO [main] HiveMetaStore.audit: ugi=alex	ip=unknown-ip-addr	cmd=get_table : tbl=hive.default.acidTblPart	
2024-04-24T06:30:09,833  INFO [main] ql.Driver: Semantic Analysis Completed (retrial = false)
2024-04-24T06:30:09,833  INFO [main] ql.Driver: Created Hive schema: Schema(fieldSchemas:null, properties:null)
2024-04-24T06:30:09,833  INFO [main] metadata.Hive: Dumping metastore api call timing information for : compilation phase
2024-04-24T06:30:09,833  INFO [main] metadata.Hive: Total time spent in each metastore function (ms): {openTxn_(String, TxnType)=2, getValidTxns_(long)=0, isCompatibleWith_(Configuration)=0, flushCache_()=0, commitTxn_(CommitTxnRequest)=11}
2024-04-24T06:30:09,833  INFO [main] ql.Driver: Completed compiling command(queryId=alex_20240424063009_a921d09d-287c-46a9-83f3-cc5d1f82d496); Time taken: 0.005 seconds
2024-04-24T06:30:09,833  INFO [main] lockmgr.DbTxnManager: Setting lock request transaction to txnid:2 for queryId=alex_20240424063009_a921d09d-287c-46a9-83f3-cc5d1f82d496
2024-04-24T06:30:09,833  INFO [main] ql.Driver: Operation DROPTABLE obtained 0 locks
2024-04-24T06:30:09,834  INFO [main] ql.Driver: Executing command(queryId=alex_20240424063009_a921d09d-287c-46a9-83f3-cc5d1f82d496): drop table if exists acidTblPart
2024-04-24T06:30:09,834  INFO [main] ql.Driver: Starting task [Stage-0:DDL] in serial mode
2024-04-24T06:30:09,834  INFO [main] HiveMetaStore.audit: ugi=alex	ip=unknown-ip-addr	cmd=get_table : tbl=hive.default.acidTblPart	
2024-04-24T06:30:09,836  INFO [main] metadata.Hive: Dumping metastore api call timing information for : execution phase
2024-04-24T06:30:09,837  INFO [main] metadata.Hive: Total time spent in each metastore function (ms): {isCompatibleWith_(Configuration)=0}
2024-04-24T06:30:09,837  INFO [main] ql.Driver: Completed executing command(queryId=alex_20240424063009_a921d09d-287c-46a9-83f3-cc5d1f82d496); Time taken: 0.003 seconds
2024-04-24T06:30:09,837  INFO [main] lockmgr.DbTxnManager: Stopped heartbeat for query: alex_20240424063009_a921d09d-287c-46a9-83f3-cc5d1f82d496
2024-04-24T06:30:09,841  INFO [main] txn.TxnHandler: Expected to move at least one record from txn_components to completed_txn_components when committing txn! txnid:2
2024-04-24T06:30:09,846  INFO [main] txn.TxnHandler: Removed transactions: ([2]) from MIN_HISTORY_LEVEL
2024-04-24T06:30:09,846  WARN [main] txn.CompactionTxnHandler: No compaction queue record found for Compaction type transaction commit. txnId:2
2024-04-24T06:30:09,846  INFO [main] ql.TxnCommandsBaseForTests: Running the query: drop table if exists acidTbl2
2024-04-24T06:30:09,847  INFO [main] ql.Driver: Compiling command(queryId=alex_20240424063009_dfcd3ede-bf26-4edf-93e1-00fb337b0091): drop table if exists acidTbl2
2024-04-24T06:30:09,848  INFO [main] txn.TxnHandler: Added entries to MIN_HISTORY_LEVEL for current txns: ([3]) with min_open_txn: 1
2024-04-24T06:30:09,848  INFO [main] lockmgr.DbTxnManager: Opened txnid:3
2024-04-24T06:30:09,849  INFO [main] HiveMetaStore.audit: ugi=alex	ip=unknown-ip-addr	cmd=get_table : tbl=hive.default.acidTbl2	
2024-04-24T06:30:09,851  INFO [main] ql.Driver: Semantic Analysis Completed (retrial = false)
2024-04-24T06:30:09,851  INFO [main] ql.Driver: Created Hive schema: Schema(fieldSchemas:null, properties:null)
2024-04-24T06:30:09,852  INFO [main] metadata.Hive: Dumping metastore api call timing information for : compilation phase
2024-04-24T06:30:09,852  INFO [main] metadata.Hive: Total time spent in each metastore function (ms): {getValidTxns_(long)=0, flushCache_()=0, isCompatibleWith_(Configuration)=0, openTxn_(String, TxnType)=1, commitTxn_(CommitTxnRequest)=9}
2024-04-24T06:30:09,852  INFO [main] ql.Driver: Completed compiling command(queryId=alex_20240424063009_dfcd3ede-bf26-4edf-93e1-00fb337b0091); Time taken: 0.004 seconds
2024-04-24T06:30:09,852  INFO [main] lockmgr.DbTxnManager: Setting lock request transaction to txnid:3 for queryId=alex_20240424063009_dfcd3ede-bf26-4edf-93e1-00fb337b0091
2024-04-24T06:30:09,852  INFO [main] ql.Driver: Operation DROPTABLE obtained 0 locks
2024-04-24T06:30:09,852  INFO [main] ql.Driver: Executing command(queryId=alex_20240424063009_dfcd3ede-bf26-4edf-93e1-00fb337b0091): drop table if exists acidTbl2
2024-04-24T06:30:09,852  INFO [main] ql.Driver: Starting task [Stage-0:DDL] in serial mode
2024-04-24T06:30:09,852  INFO [main] HiveMetaStore.audit: ugi=alex	ip=unknown-ip-addr	cmd=get_table : tbl=hive.default.acidTbl2	
2024-04-24T06:30:09,855  INFO [main] metadata.Hive: Dumping metastore api call timing information for : execution phase
2024-04-24T06:30:09,855  INFO [main] metadata.Hive: Total time spent in each metastore function (ms): {isCompatibleWith_(Configuration)=0}
2024-04-24T06:30:09,855  INFO [main] ql.Driver: Completed executing command(queryId=alex_20240424063009_dfcd3ede-bf26-4edf-93e1-00fb337b0091); Time taken: 0.003 seconds
2024-04-24T06:30:09,855  INFO [main] lockmgr.DbTxnManager: Stopped heartbeat for query: alex_20240424063009_dfcd3ede-bf26-4edf-93e1-00fb337b0091
2024-04-24T06:30:09,860  INFO [main] txn.TxnHandler: Expected to move at least one record from txn_components to completed_txn_components when committing txn! txnid:3
2024-04-24T06:30:09,865  INFO [main] txn.TxnHandler: Removed transactions: ([3]) from MIN_HISTORY_LEVEL
2024-04-24T06:30:09,865  WARN [main] txn.CompactionTxnHandler: No compaction queue record found for Compaction type transaction commit. txnId:3
2024-04-24T06:30:09,865  INFO [main] ql.TxnCommandsBaseForTests: Running the query: drop table if exists nonAcidOrcTbl
2024-04-24T06:30:09,866  INFO [main] ql.Driver: Compiling command(queryId=alex_20240424063009_d447176e-6279-402e-878e-f1369feaecc8): drop table if exists nonAcidOrcTbl
2024-04-24T06:30:09,867  INFO [main] txn.TxnHandler: Added entries to MIN_HISTORY_LEVEL for current txns: ([4]) with min_open_txn: 1
2024-04-24T06:30:09,868  INFO [main] lockmgr.DbTxnManager: Opened txnid:4
2024-04-24T06:30:09,868  INFO [main] HiveMetaStore.audit: ugi=alex	ip=unknown-ip-addr	cmd=get_table : tbl=hive.default.nonAcidOrcTbl	
2024-04-24T06:30:09,871  INFO [main] ql.Driver: Semantic Analysis Completed (retrial = false)
2024-04-24T06:30:09,871  INFO [main] ql.Driver: Created Hive schema: Schema(fieldSchemas:null, properties:null)
2024-04-24T06:30:09,871  INFO [main] metadata.Hive: Dumping metastore api call timing information for : compilation phase
2024-04-24T06:30:09,871  INFO [main] metadata.Hive: Total time spent in each metastore function (ms): {getValidTxns_(long)=0, flushCache_()=0, openTxn_(String, TxnType)=2, isCompatibleWith_(Configuration)=1, commitTxn_(CommitTxnRequest)=9}
2024-04-24T06:30:09,871  INFO [main] ql.Driver: Completed compiling command(queryId=alex_20240424063009_d447176e-6279-402e-878e-f1369feaecc8); Time taken: 0.005 seconds
2024-04-24T06:30:09,871  INFO [main] lockmgr.DbTxnManager: Setting lock request transaction to txnid:4 for queryId=alex_20240424063009_d447176e-6279-402e-878e-f1369feaecc8
2024-04-24T06:30:09,871  INFO [main] ql.Driver: Operation DROPTABLE obtained 0 locks
2024-04-24T06:30:09,871  INFO [main] ql.Driver: Executing command(queryId=alex_20240424063009_d447176e-6279-402e-878e-f1369feaecc8): drop table if exists nonAcidOrcTbl
2024-04-24T06:30:09,871  INFO [main] ql.Driver: Starting task [Stage-0:DDL] in serial mode
2024-04-24T06:30:09,872  INFO [main] HiveMetaStore.audit: ugi=alex	ip=unknown-ip-addr	cmd=get_table : tbl=hive.default.nonAcidOrcTbl	
2024-04-24T06:30:09,874  INFO [main] metadata.Hive: Dumping metastore api call timing information for : execution phase
2024-04-24T06:30:09,874  INFO [main] metadata.Hive: Total time spent in each metastore function (ms): {isCompatibleWith_(Configuration)=1}
2024-04-24T06:30:09,874  INFO [main] ql.Driver: Completed executing command(queryId=alex_20240424063009_d447176e-6279-402e-878e-f1369feaecc8); Time taken: 0.003 seconds
2024-04-24T06:30:09,874  INFO [main] lockmgr.DbTxnManager: Stopped heartbeat for query: alex_20240424063009_d447176e-6279-402e-878e-f1369feaecc8
2024-04-24T06:30:09,879  INFO [main] txn.TxnHandler: Expected to move at least one record from txn_components to completed_txn_components when committing txn! txnid:4
2024-04-24T06:30:09,884  INFO [main] txn.TxnHandler: Removed transactions: ([4]) from MIN_HISTORY_LEVEL
2024-04-24T06:30:09,884  WARN [main] txn.CompactionTxnHandler: No compaction queue record found for Compaction type transaction commit. txnId:4
2024-04-24T06:30:09,884  INFO [main] ql.TxnCommandsBaseForTests: Running the query: drop table if exists nonAcidOrcTbl2
2024-04-24T06:30:09,884  INFO [main] ql.Driver: Compiling command(queryId=alex_20240424063009_24d60e4f-b66a-41b2-a21c-a8dce64d97d4): drop table if exists nonAcidOrcTbl2
2024-04-24T06:30:09,887  INFO [main] txn.TxnHandler: Added entries to MIN_HISTORY_LEVEL for current txns: ([5]) with min_open_txn: 1
2024-04-24T06:30:09,887  INFO [main] lockmgr.DbTxnManager: Opened txnid:5
2024-04-24T06:30:09,887  INFO [main] HiveMetaStore.audit: ugi=alex	ip=unknown-ip-addr	cmd=get_table : tbl=hive.default.nonAcidOrcTbl2	
2024-04-24T06:30:09,890  INFO [main] ql.Driver: Semantic Analysis Completed (retrial = false)
2024-04-24T06:30:09,890  INFO [main] ql.Driver: Created Hive schema: Schema(fieldSchemas:null, properties:null)
2024-04-24T06:30:09,890  INFO [main] metadata.Hive: Dumping metastore api call timing information for : compilation phase
2024-04-24T06:30:09,890  INFO [main] metadata.Hive: Total time spent in each metastore function (ms): {flushCache_()=0, getValidTxns_(long)=0, commitTxn_(CommitTxnRequest)=9, isCompatibleWith_(Configuration)=1, openTxn_(String, TxnType)=2}
2024-04-24T06:30:09,890  INFO [main] ql.Driver: Completed compiling command(queryId=alex_20240424063009_24d60e4f-b66a-41b2-a21c-a8dce64d97d4); Time taken: 0.006 seconds
2024-04-24T06:30:09,891  INFO [main] lockmgr.DbTxnManager: Setting lock request transaction to txnid:5 for queryId=alex_20240424063009_24d60e4f-b66a-41b2-a21c-a8dce64d97d4
2024-04-24T06:30:09,891  INFO [main] ql.Driver: Operation DROPTABLE obtained 0 locks
2024-04-24T06:30:09,891  INFO [main] ql.Driver: Executing command(queryId=alex_20240424063009_24d60e4f-b66a-41b2-a21c-a8dce64d97d4): drop table if exists nonAcidOrcTbl2
2024-04-24T06:30:09,891  INFO [main] ql.Driver: Starting task [Stage-0:DDL] in serial mode
2024-04-24T06:30:09,891  INFO [main] HiveMetaStore.audit: ugi=alex	ip=unknown-ip-addr	cmd=get_table : tbl=hive.default.nonAcidOrcTbl2	
2024-04-24T06:30:09,894  INFO [main] metadata.Hive: Dumping metastore api call timing information for : execution phase
2024-04-24T06:30:09,894  INFO [main] metadata.Hive: Total time spent in each metastore function (ms): {isCompatibleWith_(Configuration)=0}
2024-04-24T06:30:09,894  INFO [main] ql.Driver: Completed executing command(queryId=alex_20240424063009_24d60e4f-b66a-41b2-a21c-a8dce64d97d4); Time taken: 0.003 seconds
2024-04-24T06:30:09,894  INFO [main] lockmgr.DbTxnManager: Stopped heartbeat for query: alex_20240424063009_24d60e4f-b66a-41b2-a21c-a8dce64d97d4
2024-04-24T06:30:09,899  INFO [main] txn.TxnHandler: Expected to move at least one record from txn_components to completed_txn_components when committing txn! txnid:5
2024-04-24T06:30:09,905  INFO [main] txn.TxnHandler: Removed transactions: ([5]) from MIN_HISTORY_LEVEL
2024-04-24T06:30:09,905  WARN [main] txn.CompactionTxnHandler: No compaction queue record found for Compaction type transaction commit. txnId:5
2024-04-24T06:30:09,906  INFO [main] ql.TxnCommandsBaseForTests: Running the query: drop table if exists nonAcidNonBucket
2024-04-24T06:30:09,906  INFO [main] ql.Driver: Compiling command(queryId=alex_20240424063009_13e6ab33-b4af-4a43-961b-a4e2f0c6338f): drop table if exists nonAcidNonBucket
2024-04-24T06:30:09,908  INFO [main] txn.TxnHandler: Added entries to MIN_HISTORY_LEVEL for current txns: ([6]) with min_open_txn: 1
2024-04-24T06:30:09,908  INFO [main] lockmgr.DbTxnManager: Opened txnid:6
2024-04-24T06:30:09,909  INFO [main] HiveMetaStore.audit: ugi=alex	ip=unknown-ip-addr	cmd=get_table : tbl=hive.default.nonAcidNonBucket	
2024-04-24T06:30:09,912  INFO [main] ql.Driver: Semantic Analysis Completed (retrial = false)
2024-04-24T06:30:09,912  INFO [main] ql.Driver: Created Hive schema: Schema(fieldSchemas:null, properties:null)
2024-04-24T06:30:09,912  INFO [main] metadata.Hive: Dumping metastore api call timing information for : compilation phase
2024-04-24T06:30:09,912  INFO [main] metadata.Hive: Total time spent in each metastore function (ms): {commitTxn_(CommitTxnRequest)=12, openTxn_(String, TxnType)=1, flushCache_()=1, getValidTxns_(long)=0, isCompatibleWith_(Configuration)=0}
2024-04-24T06:30:09,912  INFO [main] ql.Driver: Completed compiling command(queryId=alex_20240424063009_13e6ab33-b4af-4a43-961b-a4e2f0c6338f); Time taken: 0.006 seconds
2024-04-24T06:30:09,912  INFO [main] lockmgr.DbTxnManager: Setting lock request transaction to txnid:6 for queryId=alex_20240424063009_13e6ab33-b4af-4a43-961b-a4e2f0c6338f
2024-04-24T06:30:09,912  INFO [main] ql.Driver: Operation DROPTABLE obtained 0 locks
2024-04-24T06:30:09,912  INFO [main] ql.Driver: Executing command(queryId=alex_20240424063009_13e6ab33-b4af-4a43-961b-a4e2f0c6338f): drop table if exists nonAcidNonBucket
2024-04-24T06:30:09,912  INFO [main] ql.Driver: Starting task [Stage-0:DDL] in serial mode
2024-04-24T06:30:09,912  INFO [main] HiveMetaStore.audit: ugi=alex	ip=unknown-ip-addr	cmd=get_table : tbl=hive.default.nonAcidNonBucket	
2024-04-24T06:30:09,915  INFO [main] metadata.Hive: Dumping metastore api call timing information for : execution phase
2024-04-24T06:30:09,915  INFO [main] metadata.Hive: Total time spent in each metastore function (ms): {isCompatibleWith_(Configuration)=0}
2024-04-24T06:30:09,915  INFO [main] ql.Driver: Completed executing command(queryId=alex_20240424063009_13e6ab33-b4af-4a43-961b-a4e2f0c6338f); Time taken: 0.003 seconds
2024-04-24T06:30:09,915  INFO [main] lockmgr.DbTxnManager: Stopped heartbeat for query: alex_20240424063009_13e6ab33-b4af-4a43-961b-a4e2f0c6338f
2024-04-24T06:30:09,920  INFO [main] txn.TxnHandler: Expected to move at least one record from txn_components to completed_txn_components when committing txn! txnid:6
2024-04-24T06:30:09,925  INFO [main] txn.TxnHandler: Removed transactions: ([6]) from MIN_HISTORY_LEVEL
2024-04-24T06:30:09,925  WARN [main] txn.CompactionTxnHandler: No compaction queue record found for Compaction type transaction commit. txnId:6
2024-04-24T06:30:09,925  INFO [main] ql.TxnCommandsBaseForTests: Running the query: create table acidTbl(a int, b int) clustered by (a) into 2 buckets stored as orc TBLPROPERTIES ('transactional'='true')
2024-04-24T06:30:09,925  INFO [main] ql.Driver: Compiling command(queryId=alex_20240424063009_b46fb33d-3ceb-41a6-8b77-b3c1a254e0bf): create table acidTbl(a int, b int) clustered by (a) into 2 buckets stored as orc TBLPROPERTIES ('transactional'='true')
2024-04-24T06:30:09,927  INFO [main] txn.TxnHandler: Added entries to MIN_HISTORY_LEVEL for current txns: ([7]) with min_open_txn: 1
2024-04-24T06:30:09,928  INFO [main] lockmgr.DbTxnManager: Opened txnid:7
2024-04-24T06:30:09,928  INFO [main] parse.CalcitePlanner: Starting caching scope for: 
2024-04-24T06:30:09,928  INFO [main] parse.CalcitePlanner: Starting Semantic Analysis
2024-04-24T06:30:09,933  INFO [main] parse.CalcitePlanner: Creating table default.acidTbl position=13
2024-04-24T06:30:09,933  INFO [main] HiveMetaStore.audit: ugi=alex	ip=unknown-ip-addr	cmd=get_database: default	
2024-04-24T06:30:09,934  INFO [main] parse.CalcitePlanner: Ending caching scope for: 
2024-04-24T06:30:09,934  INFO [main] ql.Driver: Semantic Analysis Completed (retrial = false)
2024-04-24T06:30:09,934  INFO [main] ql.Driver: Created Hive schema: Schema(fieldSchemas:null, properties:null)
2024-04-24T06:30:09,934  INFO [main] metadata.Hive: Dumping metastore api call timing information for : compilation phase
2024-04-24T06:30:09,934  INFO [main] metadata.Hive: Total time spent in each metastore function (ms): {openTxn_(String, TxnType)=2, commitTxn_(CommitTxnRequest)=10, getValidTxns_(long)=0, getDatabase_(String)=1, flushCache_()=0, isCompatibleWith_(Configuration)=0, getValidWriteIds_(List, String)=5}
2024-04-24T06:30:09,935  INFO [main] ql.Driver: Completed compiling command(queryId=alex_20240424063009_b46fb33d-3ceb-41a6-8b77-b3c1a254e0bf); Time taken: 0.009 seconds
2024-04-24T06:30:09,935  INFO [main] lockmgr.DbTxnManager: Setting lock request transaction to txnid:7 for queryId=alex_20240424063009_b46fb33d-3ceb-41a6-8b77-b3c1a254e0bf
2024-04-24T06:30:09,935  INFO [main] lockmgr.DbLockManager: Requesting lock for queryId=alex_20240424063009_b46fb33d-3ceb-41a6-8b77-b3c1a254e0bf
2024-04-24T06:30:09,950  INFO [main] lockmgr.DbLockManager: Response to queryId=alex_20240424063009_b46fb33d-3ceb-41a6-8b77-b3c1a254e0bf LockResponse(lockid:1, state:ACQUIRED)
2024-04-24T06:30:09,950  INFO [main] ql.Driver: Operation CREATETABLE obtained 1 locks
2024-04-24T06:30:09,951  INFO [main] ql.Driver: Executing command(queryId=alex_20240424063009_b46fb33d-3ceb-41a6-8b77-b3c1a254e0bf): create table acidTbl(a int, b int) clustered by (a) into 2 buckets stored as orc TBLPROPERTIES ('transactional'='true')
2024-04-24T06:30:09,951  INFO [main] ql.Driver: Starting task [Stage-0:DDL] in serial mode
2024-04-24T06:30:09,952  INFO [main] HiveMetaStore.audit: ugi=alex	ip=unknown-ip-addr	cmd=create_table_req: Table(tableName:acidTbl, dbName:default, owner:alex, createTime:1713965409, lastAccessTime:0, retention:0, sd:StorageDescriptor(cols:[FieldSchema(name:a, type:int, comment:null), FieldSchema(name:b, type:int, comment:null)], location:null, inputFormat:org.apache.hadoop.hive.ql.io.orc.OrcInputFormat, outputFormat:org.apache.hadoop.hive.ql.io.orc.OrcOutputFormat, compressed:false, numBuckets:2, serdeInfo:SerDeInfo(name:null, serializationLib:org.apache.hadoop.hive.ql.io.orc.OrcSerde, parameters:{serialization.format=1}), bucketCols:[a], sortCols:[], parameters:{}, skewedInfo:SkewedInfo(skewedColNames:[], skewedColValues:[], skewedColValueLocationMaps:{}), storedAsSubDirectories:false), partitionKeys:[], parameters:{numRows=0, COLUMN_STATS_ACCURATE={"BASIC_STATS":"true","COLUMN_STATS":{"a":"true","b":"true"}}, rawDataSize=0, transactional=true, numFiles=0, numFilesErasureCoded=0, totalSize=0, bucketing_version=2}, viewOriginalText:null, viewExpandedText:null, tableType:MANAGED_TABLE, privileges:PrincipalPrivilegeSet(userPrivileges:{alex=[PrivilegeGrantInfo(privilege:INSERT, createTime:-1, grantor:alex, grantorType:USER, grantOption:true), PrivilegeGrantInfo(privilege:SELECT, createTime:-1, grantor:alex, grantorType:USER, grantOption:true), PrivilegeGrantInfo(privilege:UPDATE, createTime:-1, grantor:alex, grantorType:USER, grantOption:true), PrivilegeGrantInfo(privilege:DELETE, createTime:-1, grantor:alex, grantorType:USER, grantOption:true)]}, groupPrivileges:null, rolePrivileges:null), temporary:false, catName:hive, ownerType:USER, writeId:0)	
2024-04-24T06:30:09,957  INFO [main] utils.FileUtils: Creating directory if it doesn't exist: file:/home/alex/Repositories/hive/ql/target/tmp/org.apache.hadoop.hive.ql.TestTxnCommands-1713965238357/warehouse/acidtbl
2024-04-24T06:30:09,989  INFO [main] metadata.Hive: Dumping metastore api call timing information for : execution phase
2024-04-24T06:30:09,989  INFO [main] metadata.Hive: Total time spent in each metastore function (ms): {createTable_(Table)=38, isCompatibleWith_(Configuration)=0}
2024-04-24T06:30:09,990  INFO [main] ql.Driver: Completed executing command(queryId=alex_20240424063009_b46fb33d-3ceb-41a6-8b77-b3c1a254e0bf); Time taken: 0.038 seconds
2024-04-24T06:30:09,990  INFO [main] lockmgr.DbTxnManager: Stopped heartbeat for query: alex_20240424063009_b46fb33d-3ceb-41a6-8b77-b3c1a254e0bf
2024-04-24T06:30:09,993  INFO [main] txn.TxnHandler: Expected to move at least one record from txn_components to completed_txn_components when committing txn! txnid:7
2024-04-24T06:30:09,998  INFO [main] txn.TxnHandler: Removed transactions: ([7]) from MIN_HISTORY_LEVEL
2024-04-24T06:30:09,998  WARN [main] txn.CompactionTxnHandler: No compaction queue record found for Compaction type transaction commit. txnId:7
2024-04-24T06:30:09,998  INFO [main] ql.TxnCommandsBaseForTests: Running the query: create table acidTblPart(a int, b int) partitioned by (p string) clustered by (a) into 2 buckets stored as orc TBLPROPERTIES ('transactional'='true')
2024-04-24T06:30:09,999  INFO [main] ql.Driver: Compiling command(queryId=alex_20240424063009_c6eecdd3-17a8-4cd9-baa0-a84c6e14f691): create table acidTblPart(a int, b int) partitioned by (p string) clustered by (a) into 2 buckets stored as orc TBLPROPERTIES ('transactional'='true')
2024-04-24T06:30:10,001  INFO [main] txn.TxnHandler: Added entries to MIN_HISTORY_LEVEL for current txns: ([8]) with min_open_txn: 1
2024-04-24T06:30:10,001  INFO [main] lockmgr.DbTxnManager: Opened txnid:8
2024-04-24T06:30:10,001  INFO [main] parse.CalcitePlanner: Starting caching scope for: 
2024-04-24T06:30:10,001  INFO [main] parse.CalcitePlanner: Starting Semantic Analysis
2024-04-24T06:30:10,004  INFO [main] parse.CalcitePlanner: Creating table default.acidTblPart position=13
2024-04-24T06:30:10,004  INFO [main] HiveMetaStore.audit: ugi=alex	ip=unknown-ip-addr	cmd=get_database: default	
2024-04-24T06:30:10,005  INFO [main] parse.CalcitePlanner: Ending caching scope for: 
2024-04-24T06:30:10,005  INFO [main] ql.Driver: Semantic Analysis Completed (retrial = false)
2024-04-24T06:30:10,005  INFO [main] ql.Driver: Created Hive schema: Schema(fieldSchemas:null, properties:null)
2024-04-24T06:30:10,005  INFO [main] metadata.Hive: Dumping metastore api call timing information for : compilation phase
2024-04-24T06:30:10,005  INFO [main] metadata.Hive: Total time spent in each metastore function (ms): {getValidTxns_(long)=0, flushCache_()=0, getValidWriteIds_(List, String)=2, isCompatibleWith_(Configuration)=0, commitTxn_(CommitTxnRequest)=8, getDatabase_(String)=1, openTxn_(String, TxnType)=2}
2024-04-24T06:30:10,006  INFO [main] ql.Driver: Completed compiling command(queryId=alex_20240424063009_c6eecdd3-17a8-4cd9-baa0-a84c6e14f691); Time taken: 0.006 seconds
2024-04-24T06:30:10,006  INFO [main] lockmgr.DbTxnManager: Setting lock request transaction to txnid:8 for queryId=alex_20240424063009_c6eecdd3-17a8-4cd9-baa0-a84c6e14f691
2024-04-24T06:30:10,006  INFO [main] lockmgr.DbLockManager: Requesting lock for queryId=alex_20240424063009_c6eecdd3-17a8-4cd9-baa0-a84c6e14f691
2024-04-24T06:30:10,019  INFO [main] lockmgr.DbLockManager: Response to queryId=alex_20240424063009_c6eecdd3-17a8-4cd9-baa0-a84c6e14f691 LockResponse(lockid:2, state:ACQUIRED)
2024-04-24T06:30:10,019  INFO [main] ql.Driver: Operation CREATETABLE obtained 1 locks
2024-04-24T06:30:10,019  INFO [main] ql.Driver: Executing command(queryId=alex_20240424063009_c6eecdd3-17a8-4cd9-baa0-a84c6e14f691): create table acidTblPart(a int, b int) partitioned by (p string) clustered by (a) into 2 buckets stored as orc TBLPROPERTIES ('transactional'='true')
2024-04-24T06:30:10,019  INFO [main] ql.Driver: Starting task [Stage-0:DDL] in serial mode
2024-04-24T06:30:10,020  INFO [main] HiveMetaStore.audit: ugi=alex	ip=unknown-ip-addr	cmd=create_table_req: Table(tableName:acidTblPart, dbName:default, owner:alex, createTime:1713965410, lastAccessTime:0, retention:0, sd:StorageDescriptor(cols:[FieldSchema(name:a, type:int, comment:null), FieldSchema(name:b, type:int, comment:null)], location:null, inputFormat:org.apache.hadoop.hive.ql.io.orc.OrcInputFormat, outputFormat:org.apache.hadoop.hive.ql.io.orc.OrcOutputFormat, compressed:false, numBuckets:2, serdeInfo:SerDeInfo(name:null, serializationLib:org.apache.hadoop.hive.ql.io.orc.OrcSerde, parameters:{serialization.format=1}), bucketCols:[a], sortCols:[], parameters:{}, skewedInfo:SkewedInfo(skewedColNames:[], skewedColValues:[], skewedColValueLocationMaps:{}), storedAsSubDirectories:false), partitionKeys:[FieldSchema(name:p, type:string, comment:null)], parameters:{transactional=true, bucketing_version=2}, viewOriginalText:null, viewExpandedText:null, tableType:MANAGED_TABLE, privileges:PrincipalPrivilegeSet(userPrivileges:{alex=[PrivilegeGrantInfo(privilege:INSERT, createTime:-1, grantor:alex, grantorType:USER, grantOption:true), PrivilegeGrantInfo(privilege:SELECT, createTime:-1, grantor:alex, grantorType:USER, grantOption:true), PrivilegeGrantInfo(privilege:UPDATE, createTime:-1, grantor:alex, grantorType:USER, grantOption:true), PrivilegeGrantInfo(privilege:DELETE, createTime:-1, grantor:alex, grantorType:USER, grantOption:true)]}, groupPrivileges:null, rolePrivileges:null), temporary:false, catName:hive, ownerType:USER, writeId:0)	
2024-04-24T06:30:10,025  INFO [main] utils.FileUtils: Creating directory if it doesn't exist: file:/home/alex/Repositories/hive/ql/target/tmp/org.apache.hadoop.hive.ql.TestTxnCommands-1713965238357/warehouse/acidtblpart
2024-04-24T06:30:10,038  INFO [main] metadata.Hive: Dumping metastore api call timing information for : execution phase
2024-04-24T06:30:10,038  INFO [main] metadata.Hive: Total time spent in each metastore function (ms): {createTable_(Table)=18, isCompatibleWith_(Configuration)=0}
2024-04-24T06:30:10,038  INFO [main] ql.Driver: Completed executing command(queryId=alex_20240424063009_c6eecdd3-17a8-4cd9-baa0-a84c6e14f691); Time taken: 0.019 seconds
2024-04-24T06:30:10,038  INFO [main] lockmgr.DbTxnManager: Stopped heartbeat for query: alex_20240424063009_c6eecdd3-17a8-4cd9-baa0-a84c6e14f691
2024-04-24T06:30:10,041  INFO [main] txn.TxnHandler: Expected to move at least one record from txn_components to completed_txn_components when committing txn! txnid:8
2024-04-24T06:30:10,046  INFO [main] txn.TxnHandler: Removed transactions: ([8]) from MIN_HISTORY_LEVEL
2024-04-24T06:30:10,046  WARN [main] txn.CompactionTxnHandler: No compaction queue record found for Compaction type transaction commit. txnId:8
2024-04-24T06:30:10,047  INFO [main] ql.TxnCommandsBaseForTests: Running the query: create table nonAcidOrcTbl(a int, b int) clustered by (a) into 2 buckets stored as orc TBLPROPERTIES ('transactional'='false')
2024-04-24T06:30:10,047  INFO [main] ql.Driver: Compiling command(queryId=alex_20240424063010_301e2547-3e95-4790-89c9-016ab6fd3a5e): create table nonAcidOrcTbl(a int, b int) clustered by (a) into 2 buckets stored as orc TBLPROPERTIES ('transactional'='false')
2024-04-24T06:30:10,049  INFO [main] txn.TxnHandler: Added entries to MIN_HISTORY_LEVEL for current txns: ([9]) with min_open_txn: 1
2024-04-24T06:30:10,049  INFO [main] lockmgr.DbTxnManager: Opened txnid:9
2024-04-24T06:30:10,049  INFO [main] parse.CalcitePlanner: Starting caching scope for: 
2024-04-24T06:30:10,050  INFO [main] parse.CalcitePlanner: Starting Semantic Analysis
2024-04-24T06:30:10,052  INFO [main] parse.CalcitePlanner: Creating table default.nonAcidOrcTbl position=13
2024-04-24T06:30:10,052  INFO [main] HiveMetaStore.audit: ugi=alex	ip=unknown-ip-addr	cmd=get_database: default	
2024-04-24T06:30:10,053  INFO [main] parse.CalcitePlanner: Ending caching scope for: 
2024-04-24T06:30:10,053  INFO [main] ql.Driver: Semantic Analysis Completed (retrial = false)
2024-04-24T06:30:10,053  INFO [main] ql.Driver: Created Hive schema: Schema(fieldSchemas:null, properties:null)
2024-04-24T06:30:10,053  INFO [main] metadata.Hive: Dumping metastore api call timing information for : compilation phase
2024-04-24T06:30:10,053  INFO [main] metadata.Hive: Total time spent in each metastore function (ms): {getValidTxns_(long)=0, flushCache_()=0, getValidWriteIds_(List, String)=1, isCompatibleWith_(Configuration)=0, commitTxn_(CommitTxnRequest)=9, getDatabase_(String)=1, openTxn_(String, TxnType)=2}
2024-04-24T06:30:10,054  INFO [main] ql.Driver: Completed compiling command(queryId=alex_20240424063010_301e2547-3e95-4790-89c9-016ab6fd3a5e); Time taken: 0.006 seconds
2024-04-24T06:30:10,054  INFO [main] lockmgr.DbTxnManager: Setting lock request transaction to txnid:9 for queryId=alex_20240424063010_301e2547-3e95-4790-89c9-016ab6fd3a5e
2024-04-24T06:30:10,054  INFO [main] lockmgr.DbLockManager: Requesting lock for queryId=alex_20240424063010_301e2547-3e95-4790-89c9-016ab6fd3a5e
2024-04-24T06:30:10,066  INFO [main] lockmgr.DbLockManager: Response to queryId=alex_20240424063010_301e2547-3e95-4790-89c9-016ab6fd3a5e LockResponse(lockid:3, state:ACQUIRED)
2024-04-24T06:30:10,066  INFO [main] ql.Driver: Operation CREATETABLE obtained 1 locks
2024-04-24T06:30:10,066  INFO [main] ql.Driver: Executing command(queryId=alex_20240424063010_301e2547-3e95-4790-89c9-016ab6fd3a5e): create table nonAcidOrcTbl(a int, b int) clustered by (a) into 2 buckets stored as orc TBLPROPERTIES ('transactional'='false')
2024-04-24T06:30:10,067  INFO [main] ql.Driver: Starting task [Stage-0:DDL] in serial mode
2024-04-24T06:30:10,068  INFO [main] HiveMetaStore.audit: ugi=alex	ip=unknown-ip-addr	cmd=create_table_req: Table(tableName:nonAcidOrcTbl, dbName:default, owner:alex, createTime:1713965410, lastAccessTime:0, retention:0, sd:StorageDescriptor(cols:[FieldSchema(name:a, type:int, comment:null), FieldSchema(name:b, type:int, comment:null)], location:null, inputFormat:org.apache.hadoop.hive.ql.io.orc.OrcInputFormat, outputFormat:org.apache.hadoop.hive.ql.io.orc.OrcOutputFormat, compressed:false, numBuckets:2, serdeInfo:SerDeInfo(name:null, serializationLib:org.apache.hadoop.hive.ql.io.orc.OrcSerde, parameters:{serialization.format=1}), bucketCols:[a], sortCols:[], parameters:{}, skewedInfo:SkewedInfo(skewedColNames:[], skewedColValues:[], skewedColValueLocationMaps:{}), storedAsSubDirectories:false), partitionKeys:[], parameters:{rawDataSize=0, numRows=0, numFiles=0, totalSize=0, transactional=false, numFilesErasureCoded=0, bucketing_version=2, COLUMN_STATS_ACCURATE={"BASIC_STATS":"true","COLUMN_STATS":{"a":"true","b":"true"}}}, viewOriginalText:null, viewExpandedText:null, tableType:MANAGED_TABLE, privileges:PrincipalPrivilegeSet(userPrivileges:{alex=[PrivilegeGrantInfo(privilege:INSERT, createTime:-1, grantor:alex, grantorType:USER, grantOption:true), PrivilegeGrantInfo(privilege:SELECT, createTime:-1, grantor:alex, grantorType:USER, grantOption:true), PrivilegeGrantInfo(privilege:UPDATE, createTime:-1, grantor:alex, grantorType:USER, grantOption:true), PrivilegeGrantInfo(privilege:DELETE, createTime:-1, grantor:alex, grantorType:USER, grantOption:true)]}, groupPrivileges:null, rolePrivileges:null), temporary:false, catName:hive, ownerType:USER)	
2024-04-24T06:30:10,073  INFO [main] utils.FileUtils: Creating directory if it doesn't exist: file:/home/alex/Repositories/hive/ql/target/tmp/org.apache.hadoop.hive.ql.TestTxnCommands-1713965238357/warehouse/nonacidorctbl
2024-04-24T06:30:10,085  INFO [main] metadata.Hive: Dumping metastore api call timing information for : execution phase
2024-04-24T06:30:10,085  INFO [main] metadata.Hive: Total time spent in each metastore function (ms): {createTable_(Table)=18, isCompatibleWith_(Configuration)=0}
2024-04-24T06:30:10,086  INFO [main] ql.Driver: Completed executing command(queryId=alex_20240424063010_301e2547-3e95-4790-89c9-016ab6fd3a5e); Time taken: 0.019 seconds
2024-04-24T06:30:10,086  INFO [main] lockmgr.DbTxnManager: Stopped heartbeat for query: alex_20240424063010_301e2547-3e95-4790-89c9-016ab6fd3a5e
2024-04-24T06:30:10,089  INFO [main] txn.TxnHandler: Expected to move at least one record from txn_components to completed_txn_components when committing txn! txnid:9
2024-04-24T06:30:10,094  INFO [main] txn.TxnHandler: Removed transactions: ([9]) from MIN_HISTORY_LEVEL
2024-04-24T06:30:10,094  WARN [main] txn.CompactionTxnHandler: No compaction queue record found for Compaction type transaction commit. txnId:9
2024-04-24T06:30:10,095  INFO [main] ql.TxnCommandsBaseForTests: Running the query: create table nonAcidOrcTbl2(a int, b int) clustered by (a) into 2 buckets stored as orc TBLPROPERTIES ('transactional'='false')
2024-04-24T06:30:10,095  INFO [main] ql.Driver: Compiling command(queryId=alex_20240424063010_5db0d91d-6e46-457a-bc80-ce95a034be80): create table nonAcidOrcTbl2(a int, b int) clustered by (a) into 2 buckets stored as orc TBLPROPERTIES ('transactional'='false')
2024-04-24T06:30:10,097  INFO [main] txn.TxnHandler: Added entries to MIN_HISTORY_LEVEL for current txns: ([10]) with min_open_txn: 1
2024-04-24T06:30:10,097  INFO [main] lockmgr.DbTxnManager: Opened txnid:10
2024-04-24T06:30:10,098  INFO [main] parse.CalcitePlanner: Starting caching scope for: 
2024-04-24T06:30:10,098  INFO [main] parse.CalcitePlanner: Starting Semantic Analysis
2024-04-24T06:30:10,100  INFO [main] parse.CalcitePlanner: Creating table default.nonAcidOrcTbl2 position=13
2024-04-24T06:30:10,100  INFO [main] HiveMetaStore.audit: ugi=alex	ip=unknown-ip-addr	cmd=get_database: default	
2024-04-24T06:30:10,101  INFO [main] parse.CalcitePlanner: Ending caching scope for: 
2024-04-24T06:30:10,101  INFO [main] ql.Driver: Semantic Analysis Completed (retrial = false)
2024-04-24T06:30:10,101  INFO [main] ql.Driver: Created Hive schema: Schema(fieldSchemas:null, properties:null)
2024-04-24T06:30:10,101  INFO [main] metadata.Hive: Dumping metastore api call timing information for : compilation phase
2024-04-24T06:30:10,102  INFO [main] metadata.Hive: Total time spent in each metastore function (ms): {getValidTxns_(long)=1, getDatabase_(String)=1, isCompatibleWith_(Configuration)=0, getValidWriteIds_(List, String)=2, flushCache_()=0, openTxn_(String, TxnType)=2, commitTxn_(CommitTxnRequest)=8}
2024-04-24T06:30:10,102  INFO [main] ql.Driver: Completed compiling command(queryId=alex_20240424063010_5db0d91d-6e46-457a-bc80-ce95a034be80); Time taken: 0.006 seconds
2024-04-24T06:30:10,102  INFO [main] lockmgr.DbTxnManager: Setting lock request transaction to txnid:10 for queryId=alex_20240424063010_5db0d91d-6e46-457a-bc80-ce95a034be80
2024-04-24T06:30:10,102  INFO [main] lockmgr.DbLockManager: Requesting lock for queryId=alex_20240424063010_5db0d91d-6e46-457a-bc80-ce95a034be80
2024-04-24T06:30:10,116  INFO [main] lockmgr.DbLockManager: Response to queryId=alex_20240424063010_5db0d91d-6e46-457a-bc80-ce95a034be80 LockResponse(lockid:4, state:ACQUIRED)
2024-04-24T06:30:10,116  INFO [main] ql.Driver: Operation CREATETABLE obtained 1 locks
2024-04-24T06:30:10,116  INFO [main] ql.Driver: Executing command(queryId=alex_20240424063010_5db0d91d-6e46-457a-bc80-ce95a034be80): create table nonAcidOrcTbl2(a int, b int) clustered by (a) into 2 buckets stored as orc TBLPROPERTIES ('transactional'='false')
2024-04-24T06:30:10,116  INFO [main] ql.Driver: Starting task [Stage-0:DDL] in serial mode
2024-04-24T06:30:10,117  INFO [main] HiveMetaStore.audit: ugi=alex	ip=unknown-ip-addr	cmd=create_table_req: Table(tableName:nonAcidOrcTbl2, dbName:default, owner:alex, createTime:1713965410, lastAccessTime:0, retention:0, sd:StorageDescriptor(cols:[FieldSchema(name:a, type:int, comment:null), FieldSchema(name:b, type:int, comment:null)], location:null, inputFormat:org.apache.hadoop.hive.ql.io.orc.OrcInputFormat, outputFormat:org.apache.hadoop.hive.ql.io.orc.OrcOutputFormat, compressed:false, numBuckets:2, serdeInfo:SerDeInfo(name:null, serializationLib:org.apache.hadoop.hive.ql.io.orc.OrcSerde, parameters:{serialization.format=1}), bucketCols:[a], sortCols:[], parameters:{}, skewedInfo:SkewedInfo(skewedColNames:[], skewedColValues:[], skewedColValueLocationMaps:{}), storedAsSubDirectories:false), partitionKeys:[], parameters:{rawDataSize=0, totalSize=0, numFilesErasureCoded=0, numRows=0, transactional=false, numFiles=0, bucketing_version=2, COLUMN_STATS_ACCURATE={"BASIC_STATS":"true","COLUMN_STATS":{"a":"true","b":"true"}}}, viewOriginalText:null, viewExpandedText:null, tableType:MANAGED_TABLE, privileges:PrincipalPrivilegeSet(userPrivileges:{alex=[PrivilegeGrantInfo(privilege:INSERT, createTime:-1, grantor:alex, grantorType:USER, grantOption:true), PrivilegeGrantInfo(privilege:SELECT, createTime:-1, grantor:alex, grantorType:USER, grantOption:true), PrivilegeGrantInfo(privilege:UPDATE, createTime:-1, grantor:alex, grantorType:USER, grantOption:true), PrivilegeGrantInfo(privilege:DELETE, createTime:-1, grantor:alex, grantorType:USER, grantOption:true)]}, groupPrivileges:null, rolePrivileges:null), temporary:false, catName:hive, ownerType:USER)	
2024-04-24T06:30:10,122  INFO [main] utils.FileUtils: Creating directory if it doesn't exist: file:/home/alex/Repositories/hive/ql/target/tmp/org.apache.hadoop.hive.ql.TestTxnCommands-1713965238357/warehouse/nonacidorctbl2
2024-04-24T06:30:10,134  INFO [main] metadata.Hive: Dumping metastore api call timing information for : execution phase
2024-04-24T06:30:10,134  INFO [main] metadata.Hive: Total time spent in each metastore function (ms): {createTable_(Table)=17, isCompatibleWith_(Configuration)=0}
2024-04-24T06:30:10,135  INFO [main] ql.Driver: Completed executing command(queryId=alex_20240424063010_5db0d91d-6e46-457a-bc80-ce95a034be80); Time taken: 0.018 seconds
2024-04-24T06:30:10,135  INFO [main] lockmgr.DbTxnManager: Stopped heartbeat for query: alex_20240424063010_5db0d91d-6e46-457a-bc80-ce95a034be80
2024-04-24T06:30:10,138  INFO [main] txn.TxnHandler: Expected to move at least one record from txn_components to completed_txn_components when committing txn! txnid:10
2024-04-24T06:30:10,143  INFO [main] txn.TxnHandler: Removed transactions: ([10]) from MIN_HISTORY_LEVEL
2024-04-24T06:30:10,143  WARN [main] txn.CompactionTxnHandler: No compaction queue record found for Compaction type transaction commit. txnId:10
2024-04-24T06:30:10,144  INFO [main] ql.TxnCommandsBaseForTests: Running the query: create temporary  table acidTbl2(a int, b int, c int) clustered by (c) into 2 buckets stored as orc TBLPROPERTIES ('transactional'='true')
2024-04-24T06:30:10,144  INFO [main] ql.Driver: Compiling command(queryId=alex_20240424063010_f2d273db-4d52-4ed0-bc90-c9b0aa1d760a): create temporary  table acidTbl2(a int, b int, c int) clustered by (c) into 2 buckets stored as orc TBLPROPERTIES ('transactional'='true')
2024-04-24T06:30:10,146  INFO [main] txn.TxnHandler: Added entries to MIN_HISTORY_LEVEL for current txns: ([11]) with min_open_txn: 1
2024-04-24T06:30:10,146  INFO [main] lockmgr.DbTxnManager: Opened txnid:11
2024-04-24T06:30:10,146  INFO [main] parse.CalcitePlanner: Starting caching scope for: 
2024-04-24T06:30:10,146  INFO [main] parse.CalcitePlanner: Starting Semantic Analysis
2024-04-24T06:30:10,148  INFO [main] parse.CalcitePlanner: Creating table default.acidTbl2 position=24
2024-04-24T06:30:10,148  INFO [main] HiveMetaStore.audit: ugi=alex	ip=unknown-ip-addr	cmd=get_database: default	
2024-04-24T06:30:10,150  INFO [main] parse.CalcitePlanner: Ending caching scope for: 
2024-04-24T06:30:10,150  INFO [main] ql.Driver: Semantic Analysis Completed (retrial = false)
2024-04-24T06:30:10,150  INFO [main] ql.Driver: Created Hive schema: Schema(fieldSchemas:null, properties:null)
2024-04-24T06:30:10,150  INFO [main] metadata.Hive: Dumping metastore api call timing information for : compilation phase
2024-04-24T06:30:10,150  INFO [main] metadata.Hive: Total time spent in each metastore function (ms): {flushCache_()=0, isCompatibleWith_(Configuration)=0, getValidWriteIds_(List, String)=2, getValidTxns_(long)=0, openTxn_(String, TxnType)=2, getDatabase_(String)=2, commitTxn_(CommitTxnRequest)=8}
2024-04-24T06:30:10,150  INFO [main] ql.Driver: Completed compiling command(queryId=alex_20240424063010_f2d273db-4d52-4ed0-bc90-c9b0aa1d760a); Time taken: 0.006 seconds
2024-04-24T06:30:10,150  INFO [main] lockmgr.DbTxnManager: Setting lock request transaction to txnid:11 for queryId=alex_20240424063010_f2d273db-4d52-4ed0-bc90-c9b0aa1d760a
2024-04-24T06:30:10,151  INFO [main] lockmgr.DbLockManager: Requesting lock for queryId=alex_20240424063010_f2d273db-4d52-4ed0-bc90-c9b0aa1d760a
2024-04-24T06:30:10,163  INFO [main] lockmgr.DbLockManager: Response to queryId=alex_20240424063010_f2d273db-4d52-4ed0-bc90-c9b0aa1d760a LockResponse(lockid:5, state:ACQUIRED)
2024-04-24T06:30:10,163  INFO [main] ql.Driver: Operation CREATETABLE obtained 1 locks
2024-04-24T06:30:10,164  INFO [main] ql.Driver: Executing command(queryId=alex_20240424063010_f2d273db-4d52-4ed0-bc90-c9b0aa1d760a): create temporary  table acidTbl2(a int, b int, c int) clustered by (c) into 2 buckets stored as orc TBLPROPERTIES ('transactional'='true')
2024-04-24T06:30:10,164  INFO [main] ql.Driver: Starting task [Stage-0:DDL] in serial mode
2024-04-24T06:30:10,165  INFO [main] utils.FileUtils: Creating directory if it doesn't exist: file:/home/alex/Repositories/hive/ql/target/tmp/scratchdir/alex/0a957002-3282-4c72-b9de-1da79b69f827/_tmp_space.db/9eb0ccc5-7c67-40b0-900f-df492152b5e2
2024-04-24T06:30:10,167  INFO [main] metadata.Hive: Dumping metastore api call timing information for : execution phase
2024-04-24T06:30:10,167  INFO [main] metadata.Hive: Total time spent in each metastore function (ms): {createTable_(Table)=2, isCompatibleWith_(Configuration)=0}
2024-04-24T06:30:10,168  INFO [main] ql.Driver: Completed executing command(queryId=alex_20240424063010_f2d273db-4d52-4ed0-bc90-c9b0aa1d760a); Time taken: 0.003 seconds
2024-04-24T06:30:10,168  INFO [main] lockmgr.DbTxnManager: Stopped heartbeat for query: alex_20240424063010_f2d273db-4d52-4ed0-bc90-c9b0aa1d760a
2024-04-24T06:30:10,171  INFO [main] txn.TxnHandler: Expected to move at least one record from txn_components to completed_txn_components when committing txn! txnid:11
2024-04-24T06:30:10,176  INFO [main] txn.TxnHandler: Removed transactions: ([11]) from MIN_HISTORY_LEVEL
2024-04-24T06:30:10,176  WARN [main] txn.CompactionTxnHandler: No compaction queue record found for Compaction type transaction commit. txnId:11
2024-04-24T06:30:10,176  INFO [main] ql.TxnCommandsBaseForTests: Running the query: create table nonAcidNonBucket(a int, b int) stored as orc TBLPROPERTIES ('transactional'='false')
2024-04-24T06:30:10,177  INFO [main] ql.Driver: Compiling command(queryId=alex_20240424063010_68c9d04c-d5dc-4c04-9bb4-aecaceeda8fe): create table nonAcidNonBucket(a int, b int) stored as orc TBLPROPERTIES ('transactional'='false')
2024-04-24T06:30:10,179  INFO [main] txn.TxnHandler: Added entries to MIN_HISTORY_LEVEL for current txns: ([12]) with min_open_txn: 1
2024-04-24T06:30:10,179  INFO [main] lockmgr.DbTxnManager: Opened txnid:12
2024-04-24T06:30:10,179  INFO [main] parse.CalcitePlanner: Starting caching scope for: 
2024-04-24T06:30:10,179  INFO [main] parse.CalcitePlanner: Starting Semantic Analysis
2024-04-24T06:30:10,181  INFO [main] parse.CalcitePlanner: Creating table default.nonAcidNonBucket position=13
2024-04-24T06:30:10,181  INFO [main] HiveMetaStore.audit: ugi=alex	ip=unknown-ip-addr	cmd=get_database: default	
2024-04-24T06:30:10,183  INFO [main] parse.CalcitePlanner: Ending caching scope for: 
2024-04-24T06:30:10,183  INFO [main] ql.Driver: Semantic Analysis Completed (retrial = false)
2024-04-24T06:30:10,183  INFO [main] ql.Driver: Created Hive schema: Schema(fieldSchemas:null, properties:null)
2024-04-24T06:30:10,183  INFO [main] metadata.Hive: Dumping metastore api call timing information for : compilation phase
2024-04-24T06:30:10,183  INFO [main] metadata.Hive: Total time spent in each metastore function (ms): {isCompatibleWith_(Configuration)=0, commitTxn_(CommitTxnRequest)=8, getValidTxns_(long)=0, getDatabase_(String)=2, flushCache_()=0, getValidWriteIds_(List, String)=2, openTxn_(String, TxnType)=2}
2024-04-24T06:30:10,183  INFO [main] ql.Driver: Completed compiling command(queryId=alex_20240424063010_68c9d04c-d5dc-4c04-9bb4-aecaceeda8fe); Time taken: 0.006 seconds
2024-04-24T06:30:10,183  INFO [main] lockmgr.DbTxnManager: Setting lock request transaction to txnid:12 for queryId=alex_20240424063010_68c9d04c-d5dc-4c04-9bb4-aecaceeda8fe
2024-04-24T06:30:10,184  INFO [main] lockmgr.DbLockManager: Requesting lock for queryId=alex_20240424063010_68c9d04c-d5dc-4c04-9bb4-aecaceeda8fe
2024-04-24T06:30:10,197  INFO [main] lockmgr.DbLockManager: Response to queryId=alex_20240424063010_68c9d04c-d5dc-4c04-9bb4-aecaceeda8fe LockResponse(lockid:6, state:ACQUIRED)
2024-04-24T06:30:10,197  INFO [main] ql.Driver: Operation CREATETABLE obtained 1 locks
2024-04-24T06:30:10,197  INFO [main] ql.Driver: Executing command(queryId=alex_20240424063010_68c9d04c-d5dc-4c04-9bb4-aecaceeda8fe): create table nonAcidNonBucket(a int, b int) stored as orc TBLPROPERTIES ('transactional'='false')
2024-04-24T06:30:10,197  INFO [main] ql.Driver: Starting task [Stage-0:DDL] in serial mode
2024-04-24T06:30:10,198  INFO [main] HiveMetaStore.audit: ugi=alex	ip=unknown-ip-addr	cmd=create_table_req: Table(tableName:nonAcidNonBucket, dbName:default, owner:alex, createTime:1713965410, lastAccessTime:0, retention:0, sd:StorageDescriptor(cols:[FieldSchema(name:a, type:int, comment:null), FieldSchema(name:b, type:int, comment:null)], location:null, inputFormat:org.apache.hadoop.hive.ql.io.orc.OrcInputFormat, outputFormat:org.apache.hadoop.hive.ql.io.orc.OrcOutputFormat, compressed:false, numBuckets:-1, serdeInfo:SerDeInfo(name:null, serializationLib:org.apache.hadoop.hive.ql.io.orc.OrcSerde, parameters:{serialization.format=1}), bucketCols:[], sortCols:[], parameters:{}, skewedInfo:SkewedInfo(skewedColNames:[], skewedColValues:[], skewedColValueLocationMaps:{}), storedAsSubDirectories:false), partitionKeys:[], parameters:{rawDataSize=0, numFiles=0, numRows=0, numFilesErasureCoded=0, COLUMN_STATS_ACCURATE={"BASIC_STATS":"true","COLUMN_STATS":{"a":"true","b":"true"}}, transactional=false, totalSize=0, bucketing_version=2}, viewOriginalText:null, viewExpandedText:null, tableType:MANAGED_TABLE, privileges:PrincipalPrivilegeSet(userPrivileges:{alex=[PrivilegeGrantInfo(privilege:INSERT, createTime:-1, grantor:alex, grantorType:USER, grantOption:true), PrivilegeGrantInfo(privilege:SELECT, createTime:-1, grantor:alex, grantorType:USER, grantOption:true), PrivilegeGrantInfo(privilege:UPDATE, createTime:-1, grantor:alex, grantorType:USER, grantOption:true), PrivilegeGrantInfo(privilege:DELETE, createTime:-1, grantor:alex, grantorType:USER, grantOption:true)]}, groupPrivileges:null, rolePrivileges:null), temporary:false, catName:hive, ownerType:USER)	
2024-04-24T06:30:10,202  INFO [main] utils.FileUtils: Creating directory if it doesn't exist: file:/home/alex/Repositories/hive/ql/target/tmp/org.apache.hadoop.hive.ql.TestTxnCommands-1713965238357/warehouse/nonacidnonbucket
2024-04-24T06:30:10,214  INFO [main] metadata.Hive: Dumping metastore api call timing information for : execution phase
2024-04-24T06:30:10,214  INFO [main] metadata.Hive: Total time spent in each metastore function (ms): {createTable_(Table)=17, isCompatibleWith_(Configuration)=0}
2024-04-24T06:30:10,215  INFO [main] ql.Driver: Completed executing command(queryId=alex_20240424063010_68c9d04c-d5dc-4c04-9bb4-aecaceeda8fe); Time taken: 0.017 seconds
2024-04-24T06:30:10,215  INFO [main] lockmgr.DbTxnManager: Stopped heartbeat for query: alex_20240424063010_68c9d04c-d5dc-4c04-9bb4-aecaceeda8fe
2024-04-24T06:30:10,218  INFO [main] txn.TxnHandler: Expected to move at least one record from txn_components to completed_txn_components when committing txn! txnid:12
2024-04-24T06:30:10,223  INFO [main] txn.TxnHandler: Removed transactions: ([12]) from MIN_HISTORY_LEVEL
2024-04-24T06:30:10,223  WARN [main] txn.CompactionTxnHandler: No compaction queue record found for Compaction type transaction commit. txnId:12
2024-04-24T06:30:10,223  INFO [main] ql.TxnCommandsBaseForTests: Running the query: start transaction
2024-04-24T06:30:10,224  INFO [main] ql.Driver: Compiling command(queryId=alex_20240424063010_cc49e222-cf7a-4b58-ba67-259a90b22340): start transaction
2024-04-24T06:30:10,225  INFO [main] txn.TxnHandler: Added entries to MIN_HISTORY_LEVEL for current txns: ([13]) with min_open_txn: 1
2024-04-24T06:30:10,226  INFO [main] lockmgr.DbTxnManager: Opened txnid:13
2024-04-24T06:30:10,226  INFO [main] parse.CalcitePlanner: Starting caching scope for: 
2024-04-24T06:30:10,226  INFO [main] parse.CalcitePlanner: Starting Semantic Analysis
2024-04-24T06:30:10,226  INFO [main] parse.CalcitePlanner: Ending caching scope for: 
2024-04-24T06:30:10,226  INFO [main] ql.Driver: Semantic Analysis Completed (retrial = false)
2024-04-24T06:30:10,226  INFO [main] ql.Driver: Created Hive schema: Schema(fieldSchemas:null, properties:null)
2024-04-24T06:30:10,226  INFO [main] metadata.Hive: Dumping metastore api call timing information for : compilation phase
2024-04-24T06:30:10,226  INFO [main] metadata.Hive: Total time spent in each metastore function (ms): {getValidWriteIds_(List, String)=0, getValidTxns_(long)=0, commitTxn_(CommitTxnRequest)=8, isCompatibleWith_(Configuration)=0, flushCache_()=0, openTxn_(String, TxnType)=2}
2024-04-24T06:30:10,227  INFO [main] ql.Driver: Completed compiling command(queryId=alex_20240424063010_cc49e222-cf7a-4b58-ba67-259a90b22340); Time taken: 0.002 seconds
2024-04-24T06:30:10,227  INFO [main] lockmgr.DbTxnManager: Setting lock request transaction to txnid:13 for queryId=alex_20240424063010_cc49e222-cf7a-4b58-ba67-259a90b22340
2024-04-24T06:30:10,227  INFO [main] ql.Driver: Operation START_TRANSACTION obtained 0 locks
2024-04-24T06:30:10,227  INFO [main] ql.Driver: Executing command(queryId=alex_20240424063010_cc49e222-cf7a-4b58-ba67-259a90b22340): start transaction
2024-04-24T06:30:10,227  INFO [main] metadata.Hive: Dumping metastore api call timing information for : execution phase
2024-04-24T06:30:10,227  INFO [main] metadata.Hive: Total time spent in each metastore function (ms): {}
2024-04-24T06:30:10,227  INFO [main] ql.Driver: Completed executing command(queryId=alex_20240424063010_cc49e222-cf7a-4b58-ba67-259a90b22340); Time taken: 0.0 seconds
2024-04-24T06:30:10,227  INFO [main] ql.TxnCommandsBaseForTests: Running the query: delete from acidTbl where a = 5
2024-04-24T06:30:10,228  INFO [main] ql.Driver: Compiling command(queryId=alex_20240424063010_bde020e8-034c-4315-8a37-1a077d129a3b): delete from acidTbl where a = 5
2024-04-24T06:30:10,228  INFO [main] parse.UpdateDeleteSemanticAnalyzer: Starting caching scope for: 
2024-04-24T06:30:10,228  INFO [main] HiveMetaStore.audit: ugi=alex	ip=unknown-ip-addr	cmd=get_table : tbl=hive.default.acidTbl	
2024-04-24T06:30:10,244  INFO [main] metastore.HMSHandler: Skipping translation for processor with null
2024-04-24T06:30:10,244  INFO [main] parse.RewriteSemanticAnalyzer: Going to reparse <delete from acidTbl where a = 5> as 
<insert into table `default`.`acidTbl` select ROW__ID from `default`.`acidTbl` sort by ROW__ID >
2024-04-24T06:30:10,245  INFO [main] parse.UpdateDeleteSemanticAnalyzer: Starting Semantic Analysis
2024-04-24T06:30:10,249  INFO [main] parse.UpdateDeleteSemanticAnalyzer: Completed phase 1 of Semantic Analysis
2024-04-24T06:30:10,249  INFO [main] parse.UpdateDeleteSemanticAnalyzer: Get metadata for source tables
2024-04-24T06:30:10,250  INFO [main] HiveMetaStore.audit: ugi=alex	ip=unknown-ip-addr	cmd=get_table : tbl=hive.default.acidtbl	
2024-04-24T06:30:10,256  INFO [main] metastore.HMSHandler: Skipping translation for processor with null
2024-04-24T06:30:10,256  INFO [main] parse.UpdateDeleteSemanticAnalyzer: Get metadata for subqueries
2024-04-24T06:30:10,256  INFO [main] parse.UpdateDeleteSemanticAnalyzer: Get metadata for destination tables
2024-04-24T06:30:10,257  INFO [main] HiveMetaStore.audit: ugi=alex	ip=unknown-ip-addr	cmd=get_table : tbl=hive.default.acidTbl	
2024-04-24T06:30:10,262  INFO [main] metastore.HMSHandler: Skipping translation for processor with null
2024-04-24T06:30:10,263  INFO [main] parse.UpdateDeleteSemanticAnalyzer: Completed getting MetaData in Semantic Analysis
2024-04-24T06:30:10,263  INFO [main] parse.UpdateDeleteSemanticAnalyzer: Disabling LLAP IO encode as ETL query is detected
2024-04-24T06:30:10,274  INFO [main] HiveMetaStore.audit: ugi=alex	ip=unknown-ip-addr	cmd=get_all_table_constraints : tbl=hive.default.acidtbl	
2024-04-24T06:30:10,318  INFO [main] calcite.RelOptHiveTable: Calculating column statistics for default.acidtbl, projIndxSet: [0], allowMissingStats: true
2024-04-24T06:30:10,319  INFO [main] HiveMetaStore.audit: ugi=alex	ip=unknown-ip-addr	cmd=get_table : tbl=hive.default.acidtbl	
2024-04-24T06:30:10,327  INFO [main] metastore.HMSHandler: Skipping translation for processor with null
2024-04-24T06:30:10,328  INFO [main] HiveMetaStore.audit: ugi=alex	ip=unknown-ip-addr	cmd=get_table : tbl=hive.default.acidtbl	
2024-04-24T06:30:10,336  INFO [main] metastore.HMSHandler: Skipping translation for processor with null
2024-04-24T06:30:10,336  INFO [main] HiveMetaStore.audit: ugi=alex	ip=unknown-ip-addr	cmd=get_table_statistics_req: table=hive.default.acidtbl	
2024-04-24T06:30:10,345  WARN [main] calcite.RelOptHiveTable: No Stats for default@acidtbl, Columns: a
No Stats for default@acidtbl, Columns: a
2024-04-24T06:30:10,345  INFO [main] SessionState: No Stats for default@acidtbl, Columns: a
2024-04-24T06:30:10,429  INFO [main] parse.UpdateDeleteSemanticAnalyzer: Get metadata for source tables
2024-04-24T06:30:10,429  INFO [main] parse.UpdateDeleteSemanticAnalyzer: Get metadata for subqueries
2024-04-24T06:30:10,429  INFO [main] parse.UpdateDeleteSemanticAnalyzer: Get metadata for destination tables
2024-04-24T06:30:10,429  INFO [main] HiveMetaStore.audit: ugi=alex	ip=unknown-ip-addr	cmd=get_table : tbl=hive.default.acidTbl	
2024-04-24T06:30:10,439  INFO [main] metastore.HMSHandler: Skipping translation for processor with null
2024-04-24T06:30:10,443 ERROR [main] parse.UpdateDeleteSemanticAnalyzer: CBO failed, skipping CBO. 
org.apache.hadoop.hive.ql.exec.NoMatchingMethodException: No matching method for class org.apache.hadoop.hive.ql.udf.UDFToInteger with (struct<writeid:bigint,bucketid:int,rowid:bigint>). Possible choices: _FUNC_(bigint)  _FUNC_(boolean)  _FUNC_(decimal(38,18))  _FUNC_(double)  _FUNC_(float)  _FUNC_(smallint)  _FUNC_(string)  _FUNC_(struct<writeid:int,bucketid:bigint,rowid:bigint>)  _FUNC_(timestamp)  _FUNC_(tinyint)  _FUNC_(void)  
	at org.apache.hadoop.hive.ql.exec.MethodUtils.getMethodInternal(MethodUtils.java:130) ~[classes/:?]
	at org.apache.hadoop.hive.ql.exec.MethodUtils.getMethodInternal(MethodUtils.java:60) ~[classes/:?]
	at org.apache.hadoop.hive.ql.exec.DefaultUDFMethodResolver.getEvalMethod(DefaultUDFMethodResolver.java:59) ~[classes/:?]
	at org.apache.hadoop.hive.ql.udf.TimestampCastRestrictorResolver.getEvalMethod(TimestampCastRestrictorResolver.java:68) ~[classes/:?]
	at org.apache.hadoop.hive.ql.udf.generic.GenericUDFBridge.initialize(GenericUDFBridge.java:168) ~[classes/:?]
	at org.apache.hadoop.hive.ql.udf.generic.GenericUDF.initializeAndFoldConstants(GenericUDF.java:149) ~[classes/:?]
	at org.apache.hadoop.hive.ql.plan.ExprNodeGenericFuncDesc.newInstance(ExprNodeGenericFuncDesc.java:235) ~[classes/:?]
	at org.apache.hadoop.hive.ql.parse.type.ExprNodeDescExprFactory.createFuncCallExpr(ExprNodeDescExprFactory.java:584) ~[classes/:?]
	at org.apache.hadoop.hive.ql.parse.type.ExprNodeDescExprFactory.createFuncCallExpr(ExprNodeDescExprFactory.java:97) ~[classes/:?]
	at org.apache.hadoop.hive.ql.parse.type.TypeCheckProcFactory$DefaultExprProcessor.getFuncExprNodeDescWithUdfData(TypeCheckProcFactory.java:762) ~[classes/:?]
	at org.apache.hadoop.hive.ql.parse.type.TypeCheckProcFactory$DefaultExprProcessor.createConversionCast(TypeCheckProcFactory.java:783) ~[classes/:?]
	at org.apache.hadoop.hive.ql.parse.SemanticAnalyzer.getPartitionColsFromBucketColsForUpdateDelete(SemanticAnalyzer.java:8725) ~[classes/:?]
	at org.apache.hadoop.hive.ql.parse.SemanticAnalyzer.genBucketingSortingDest(SemanticAnalyzer.java:6906) ~[classes/:?]
	at org.apache.hadoop.hive.ql.parse.SemanticAnalyzer.genFileSinkPlan(SemanticAnalyzer.java:7335) ~[classes/:?]
	at org.apache.hadoop.hive.ql.parse.SemanticAnalyzer.genPostGroupByBodyPlan(SemanticAnalyzer.java:11063) ~[classes/:?]
	at org.apache.hadoop.hive.ql.parse.SemanticAnalyzer.genBodyPlan(SemanticAnalyzer.java:10938) ~[classes/:?]
	at org.apache.hadoop.hive.ql.parse.SemanticAnalyzer.genPlan(SemanticAnalyzer.java:11853) ~[classes/:?]
	at org.apache.hadoop.hive.ql.parse.SemanticAnalyzer.genPlan(SemanticAnalyzer.java:11723) ~[classes/:?]
	at org.apache.hadoop.hive.ql.parse.CalcitePlanner.genOPTree(CalcitePlanner.java:626) ~[classes/:?]
	at org.apache.hadoop.hive.ql.parse.SemanticAnalyzer.analyzeInternal(SemanticAnalyzer.java:12558) ~[classes/:?]
	at org.apache.hadoop.hive.ql.parse.CalcitePlanner.analyzeInternal(CalcitePlanner.java:456) ~[classes/:?]
	at org.apache.hadoop.hive.ql.parse.RewriteSemanticAnalyzer.analyzeInternal(RewriteSemanticAnalyzer.java:67) ~[classes/:?]
	at org.apache.hadoop.hive.ql.parse.BaseSemanticAnalyzer.analyze(BaseSemanticAnalyzer.java:317) ~[classes/:?]
	at org.apache.hadoop.hive.ql.parse.UpdateDeleteSemanticAnalyzer.reparseAndSuperAnalyze(UpdateDeleteSemanticAnalyzer.java:208) ~[classes/:?]
	at org.apache.hadoop.hive.ql.parse.UpdateDeleteSemanticAnalyzer.analyzeDelete(UpdateDeleteSemanticAnalyzer.java:68) ~[classes/:?]
	at org.apache.hadoop.hive.ql.parse.UpdateDeleteSemanticAnalyzer.analyze(UpdateDeleteSemanticAnalyzer.java:50) ~[classes/:?]
	at org.apache.hadoop.hive.ql.parse.RewriteSemanticAnalyzer.analyzeInternal(RewriteSemanticAnalyzer.java:72) ~[classes/:?]
	at org.apache.hadoop.hive.ql.parse.BaseSemanticAnalyzer.analyze(BaseSemanticAnalyzer.java:317) ~[classes/:?]
	at org.apache.hadoop.hive.ql.Compiler.analyze(Compiler.java:223) ~[classes/:?]
	at org.apache.hadoop.hive.ql.Compiler.compile(Compiler.java:105) ~[classes/:?]
	at org.apache.hadoop.hive.ql.Driver.compile(Driver.java:500) ~[classes/:?]
	at org.apache.hadoop.hive.ql.Driver.compileInternal(Driver.java:453) ~[classes/:?]
	at org.apache.hadoop.hive.ql.Driver.runInternal(Driver.java:181) ~[classes/:?]
	at org.apache.hadoop.hive.ql.Driver.run(Driver.java:153) ~[classes/:?]
	at org.apache.hadoop.hive.ql.Driver.run(Driver.java:140) ~[classes/:?]
	at org.apache.hadoop.hive.ql.TxnCommandsBaseForTests.runStatementOnDriver(TxnCommandsBaseForTests.java:245) ~[test-classes/:?]
	at org.apache.hadoop.hive.ql.TestTxnCommands.testTimeOutReaper(TestTxnCommands.java:945) ~[test-classes/:?]
	at sun.reflect.NativeMethodAccessorImpl.invoke0(Native Method) ~[?:1.8.0_402]
	at sun.reflect.NativeMethodAccessorImpl.invoke(NativeMethodAccessorImpl.java:62) ~[?:1.8.0_402]
	at sun.reflect.DelegatingMethodAccessorImpl.invoke(DelegatingMethodAccessorImpl.java:43) ~[?:1.8.0_402]
	at java.lang.reflect.Method.invoke(Method.java:498) ~[?:1.8.0_402]
	at org.junit.runners.model.FrameworkMethod$1.runReflectiveCall(FrameworkMethod.java:59) ~[junit-4.13.jar:4.13]
	at org.junit.internal.runners.model.ReflectiveCallable.run(ReflectiveCallable.java:12) ~[junit-4.13.jar:4.13]
	at org.junit.runners.model.FrameworkMethod.invokeExplosively(FrameworkMethod.java:56) ~[junit-4.13.jar:4.13]
	at org.junit.internal.runners.statements.InvokeMethod.evaluate(InvokeMethod.java:17) ~[junit-4.13.jar:4.13]
	at org.junit.internal.runners.statements.RunBefores.evaluate(RunBefores.java:26) ~[junit-4.13.jar:4.13]
	at org.junit.internal.runners.statements.RunAfters.evaluate(RunAfters.java:27) ~[junit-4.13.jar:4.13]
	at org.junit.rules.TestWatcher$1.evaluate(TestWatcher.java:61) ~[junit-4.13.jar:4.13]
	at org.junit.runners.ParentRunner$3.evaluate(ParentRunner.java:306) ~[junit-4.13.jar:4.13]
	at org.junit.runners.BlockJUnit4ClassRunner$1.evaluate(BlockJUnit4ClassRunner.java:100) ~[junit-4.13.jar:4.13]
	at org.junit.runners.ParentRunner.runLeaf(ParentRunner.java:366) ~[junit-4.13.jar:4.13]
	at org.junit.runners.BlockJUnit4ClassRunner.runChild(BlockJUnit4ClassRunner.java:103) ~[junit-4.13.jar:4.13]
	at org.junit.runners.BlockJUnit4ClassRunner.runChild(BlockJUnit4ClassRunner.java:63) ~[junit-4.13.jar:4.13]
	at org.junit.runners.ParentRunner$4.run(ParentRunner.java:331) ~[junit-4.13.jar:4.13]
	at org.junit.runners.ParentRunner$1.schedule(ParentRunner.java:79) ~[junit-4.13.jar:4.13]
	at org.junit.runners.ParentRunner.runChildren(ParentRunner.java:329) ~[junit-4.13.jar:4.13]
	at org.junit.runners.ParentRunner.access$100(ParentRunner.java:66) ~[junit-4.13.jar:4.13]
	at org.junit.runners.ParentRunner$2.evaluate(ParentRunner.java:293) ~[junit-4.13.jar:4.13]
	at org.junit.runners.ParentRunner$3.evaluate(ParentRunner.java:306) ~[junit-4.13.jar:4.13]
	at org.junit.runners.ParentRunner.run(ParentRunner.java:413) ~[junit-4.13.jar:4.13]
	at org.junit.runner.JUnitCore.run(JUnitCore.java:137) ~[junit-4.13.jar:4.13]
	at org.junit.runner.JUnitCore.run(JUnitCore.java:115) ~[junit-4.13.jar:4.13]
	at org.junit.vintage.engine.execution.RunnerExecutor.execute(RunnerExecutor.java:43) ~[junit-vintage-engine-5.6.2.jar:5.6.2]
	at java.util.stream.ForEachOps$ForEachOp$OfRef.accept(ForEachOps.java:183) ~[?:1.8.0_402]
	at java.util.stream.ReferencePipeline$3$1.accept(ReferencePipeline.java:193) ~[?:1.8.0_402]
	at java.util.Iterator.forEachRemaining(Iterator.java:116) ~[?:1.8.0_402]
	at java.util.Spliterators$IteratorSpliterator.forEachRemaining(Spliterators.java:1801) ~[?:1.8.0_402]
	at java.util.stream.AbstractPipeline.copyInto(AbstractPipeline.java:482) ~[?:1.8.0_402]
	at java.util.stream.AbstractPipeline.wrapAndCopyInto(AbstractPipeline.java:472) ~[?:1.8.0_402]
	at java.util.stream.ForEachOps$ForEachOp.evaluateSequential(ForEachOps.java:150) ~[?:1.8.0_402]
	at java.util.stream.ForEachOps$ForEachOp$OfRef.evaluateSequential(ForEachOps.java:173) ~[?:1.8.0_402]
	at java.util.stream.AbstractPipeline.evaluate(AbstractPipeline.java:234) ~[?:1.8.0_402]
	at java.util.stream.ReferencePipeline.forEach(ReferencePipeline.java:485) ~[?:1.8.0_402]
	at org.junit.vintage.engine.VintageTestEngine.executeAllChildren(VintageTestEngine.java:82) ~[junit-vintage-engine-5.6.2.jar:5.6.2]
	at org.junit.vintage.engine.VintageTestEngine.execute(VintageTestEngine.java:73) ~[junit-vintage-engine-5.6.2.jar:5.6.2]
	at org.junit.platform.launcher.core.DefaultLauncher.execute(DefaultLauncher.java:248) ~[junit-platform-launcher-1.6.2.jar:1.6.2]
	at org.junit.platform.launcher.core.DefaultLauncher.lambda$execute$5(DefaultLauncher.java:211) ~[junit-platform-launcher-1.6.2.jar:1.6.2]
	at org.junit.platform.launcher.core.DefaultLauncher.withInterceptedStreams(DefaultLauncher.java:226) [junit-platform-launcher-1.6.2.jar:1.6.2]
	at org.junit.platform.launcher.core.DefaultLauncher.execute(DefaultLauncher.java:199) [junit-platform-launcher-1.6.2.jar:1.6.2]
	at org.junit.platform.launcher.core.DefaultLauncher.execute(DefaultLauncher.java:132) [junit-platform-launcher-1.6.2.jar:1.6.2]
	at org.apache.maven.surefire.junitplatform.JUnitPlatformProvider.invokeAllTests(JUnitPlatformProvider.java:154) [surefire-junit-platform-3.0.0-M4.jar:3.0.0-M4]
	at org.apache.maven.surefire.junitplatform.JUnitPlatformProvider.invoke(JUnitPlatformProvider.java:123) [surefire-junit-platform-3.0.0-M4.jar:3.0.0-M4]
	at org.apache.maven.surefire.booter.ForkedBooter.runSuitesInProcess(ForkedBooter.java:377) [surefire-booter-3.0.0-M4.jar:3.0.0-M4]
	at org.apache.maven.surefire.booter.ForkedBooter.execute(ForkedBooter.java:138) [surefire-booter-3.0.0-M4.jar:3.0.0-M4]
	at org.apache.maven.surefire.booter.ForkedBooter.run(ForkedBooter.java:465) [surefire-booter-3.0.0-M4.jar:3.0.0-M4]
	at org.apache.maven.surefire.booter.ForkedBooter.main(ForkedBooter.java:451) [surefire-booter-3.0.0-M4.jar:3.0.0-M4]
2024-04-24T06:30:10,444 ERROR [main] parse.UpdateDeleteSemanticAnalyzer: CBO failed due to missing column stats (see previous errors), skipping CBO
2024-04-24T06:30:10,444  INFO [main] parse.UpdateDeleteSemanticAnalyzer: Ending caching scope for: 
FAILED: NoMatchingMethodException No matching method for class org.apache.hadoop.hive.ql.udf.UDFToInteger with (struct<writeid:bigint,bucketid:int,rowid:bigint>). Possible choices: _FUNC_(bigint)  _FUNC_(boolean)  _FUNC_(decimal(38,18))  _FUNC_(double)  _FUNC_(float)  _FUNC_(smallint)  _FUNC_(string)  _FUNC_(struct<writeid:int,bucketid:bigint,rowid:bigint>)  _FUNC_(timestamp)  _FUNC_(tinyint)  _FUNC_(void)  
2024-04-24T06:30:10,444 ERROR [main] ql.Driver: FAILED: NoMatchingMethodException No matching method for class org.apache.hadoop.hive.ql.udf.UDFToInteger with (struct<writeid:bigint,bucketid:int,rowid:bigint>). Possible choices: _FUNC_(bigint)  _FUNC_(boolean)  _FUNC_(decimal(38,18))  _FUNC_(double)  _FUNC_(float)  _FUNC_(smallint)  _FUNC_(string)  _FUNC_(struct<writeid:int,bucketid:bigint,rowid:bigint>)  _FUNC_(timestamp)  _FUNC_(tinyint)  _FUNC_(void)  
org.apache.hadoop.hive.ql.exec.NoMatchingMethodException: No matching method for class org.apache.hadoop.hive.ql.udf.UDFToInteger with (struct<writeid:bigint,bucketid:int,rowid:bigint>). Possible choices: _FUNC_(bigint)  _FUNC_(boolean)  _FUNC_(decimal(38,18))  _FUNC_(double)  _FUNC_(float)  _FUNC_(smallint)  _FUNC_(string)  _FUNC_(struct<writeid:int,bucketid:bigint,rowid:bigint>)  _FUNC_(timestamp)  _FUNC_(tinyint)  _FUNC_(void)  
	at org.apache.hadoop.hive.ql.exec.MethodUtils.getMethodInternal(MethodUtils.java:130)
	at org.apache.hadoop.hive.ql.exec.MethodUtils.getMethodInternal(MethodUtils.java:60)
	at org.apache.hadoop.hive.ql.exec.DefaultUDFMethodResolver.getEvalMethod(DefaultUDFMethodResolver.java:59)
	at org.apache.hadoop.hive.ql.udf.TimestampCastRestrictorResolver.getEvalMethod(TimestampCastRestrictorResolver.java:68)
	at org.apache.hadoop.hive.ql.udf.generic.GenericUDFBridge.initialize(GenericUDFBridge.java:168)
	at org.apache.hadoop.hive.ql.udf.generic.GenericUDF.initializeAndFoldConstants(GenericUDF.java:149)
	at org.apache.hadoop.hive.ql.plan.ExprNodeGenericFuncDesc.newInstance(ExprNodeGenericFuncDesc.java:235)
	at org.apache.hadoop.hive.ql.parse.type.ExprNodeDescExprFactory.createFuncCallExpr(ExprNodeDescExprFactory.java:584)
	at org.apache.hadoop.hive.ql.parse.type.ExprNodeDescExprFactory.createFuncCallExpr(ExprNodeDescExprFactory.java:97)
	at org.apache.hadoop.hive.ql.parse.type.TypeCheckProcFactory$DefaultExprProcessor.getFuncExprNodeDescWithUdfData(TypeCheckProcFactory.java:762)
	at org.apache.hadoop.hive.ql.parse.type.TypeCheckProcFactory$DefaultExprProcessor.createConversionCast(TypeCheckProcFactory.java:783)
	at org.apache.hadoop.hive.ql.parse.SemanticAnalyzer.getPartitionColsFromBucketColsForUpdateDelete(SemanticAnalyzer.java:8725)
	at org.apache.hadoop.hive.ql.parse.SemanticAnalyzer.genBucketingSortingDest(SemanticAnalyzer.java:6906)
	at org.apache.hadoop.hive.ql.parse.SemanticAnalyzer.genFileSinkPlan(SemanticAnalyzer.java:7335)
	at org.apache.hadoop.hive.ql.parse.SemanticAnalyzer.genPostGroupByBodyPlan(SemanticAnalyzer.java:11063)
	at org.apache.hadoop.hive.ql.parse.SemanticAnalyzer.genBodyPlan(SemanticAnalyzer.java:10938)
	at org.apache.hadoop.hive.ql.parse.SemanticAnalyzer.genPlan(SemanticAnalyzer.java:11853)
	at org.apache.hadoop.hive.ql.parse.SemanticAnalyzer.genPlan(SemanticAnalyzer.java:11723)
	at org.apache.hadoop.hive.ql.parse.CalcitePlanner.genOPTree(CalcitePlanner.java:626)
	at org.apache.hadoop.hive.ql.parse.SemanticAnalyzer.analyzeInternal(SemanticAnalyzer.java:12558)
	at org.apache.hadoop.hive.ql.parse.CalcitePlanner.analyzeInternal(CalcitePlanner.java:456)
	at org.apache.hadoop.hive.ql.parse.RewriteSemanticAnalyzer.analyzeInternal(RewriteSemanticAnalyzer.java:67)
	at org.apache.hadoop.hive.ql.parse.BaseSemanticAnalyzer.analyze(BaseSemanticAnalyzer.java:317)
	at org.apache.hadoop.hive.ql.parse.UpdateDeleteSemanticAnalyzer.reparseAndSuperAnalyze(UpdateDeleteSemanticAnalyzer.java:208)
	at org.apache.hadoop.hive.ql.parse.UpdateDeleteSemanticAnalyzer.analyzeDelete(UpdateDeleteSemanticAnalyzer.java:68)
	at org.apache.hadoop.hive.ql.parse.UpdateDeleteSemanticAnalyzer.analyze(UpdateDeleteSemanticAnalyzer.java:50)
	at org.apache.hadoop.hive.ql.parse.RewriteSemanticAnalyzer.analyzeInternal(RewriteSemanticAnalyzer.java:72)
	at org.apache.hadoop.hive.ql.parse.BaseSemanticAnalyzer.analyze(BaseSemanticAnalyzer.java:317)
	at org.apache.hadoop.hive.ql.Compiler.analyze(Compiler.java:223)
	at org.apache.hadoop.hive.ql.Compiler.compile(Compiler.java:105)
	at org.apache.hadoop.hive.ql.Driver.compile(Driver.java:500)
	at org.apache.hadoop.hive.ql.Driver.compileInternal(Driver.java:453)
	at org.apache.hadoop.hive.ql.Driver.runInternal(Driver.java:181)
	at org.apache.hadoop.hive.ql.Driver.run(Driver.java:153)
	at org.apache.hadoop.hive.ql.Driver.run(Driver.java:140)
	at org.apache.hadoop.hive.ql.TxnCommandsBaseForTests.runStatementOnDriver(TxnCommandsBaseForTests.java:245)
	at org.apache.hadoop.hive.ql.TestTxnCommands.testTimeOutReaper(TestTxnCommands.java:945)
	at sun.reflect.NativeMethodAccessorImpl.invoke0(Native Method)
	at sun.reflect.NativeMethodAccessorImpl.invoke(NativeMethodAccessorImpl.java:62)
	at sun.reflect.DelegatingMethodAccessorImpl.invoke(DelegatingMethodAccessorImpl.java:43)
	at java.lang.reflect.Method.invoke(Method.java:498)
	at org.junit.runners.model.FrameworkMethod$1.runReflectiveCall(FrameworkMethod.java:59)
	at org.junit.internal.runners.model.ReflectiveCallable.run(ReflectiveCallable.java:12)
	at org.junit.runners.model.FrameworkMethod.invokeExplosively(FrameworkMethod.java:56)
	at org.junit.internal.runners.statements.InvokeMethod.evaluate(InvokeMethod.java:17)
	at org.junit.internal.runners.statements.RunBefores.evaluate(RunBefores.java:26)
	at org.junit.internal.runners.statements.RunAfters.evaluate(RunAfters.java:27)
	at org.junit.rules.TestWatcher$1.evaluate(TestWatcher.java:61)
	at org.junit.runners.ParentRunner$3.evaluate(ParentRunner.java:306)
	at org.junit.runners.BlockJUnit4ClassRunner$1.evaluate(BlockJUnit4ClassRunner.java:100)
	at org.junit.runners.ParentRunner.runLeaf(ParentRunner.java:366)
	at org.junit.runners.BlockJUnit4ClassRunner.runChild(BlockJUnit4ClassRunner.java:103)
	at org.junit.runners.BlockJUnit4ClassRunner.runChild(BlockJUnit4ClassRunner.java:63)
	at org.junit.runners.ParentRunner$4.run(ParentRunner.java:331)
	at org.junit.runners.ParentRunner$1.schedule(ParentRunner.java:79)
	at org.junit.runners.ParentRunner.runChildren(ParentRunner.java:329)
	at org.junit.runners.ParentRunner.access$100(ParentRunner.java:66)
	at org.junit.runners.ParentRunner$2.evaluate(ParentRunner.java:293)
	at org.junit.runners.ParentRunner$3.evaluate(ParentRunner.java:306)
	at org.junit.runners.ParentRunner.run(ParentRunner.java:413)
	at org.junit.runner.JUnitCore.run(JUnitCore.java:137)
	at org.junit.runner.JUnitCore.run(JUnitCore.java:115)
	at org.junit.vintage.engine.execution.RunnerExecutor.execute(RunnerExecutor.java:43)
	at java.util.stream.ForEachOps$ForEachOp$OfRef.accept(ForEachOps.java:183)
	at java.util.stream.ReferencePipeline$3$1.accept(ReferencePipeline.java:193)
	at java.util.Iterator.forEachRemaining(Iterator.java:116)
	at java.util.Spliterators$IteratorSpliterator.forEachRemaining(Spliterators.java:1801)
	at java.util.stream.AbstractPipeline.copyInto(AbstractPipeline.java:482)
	at java.util.stream.AbstractPipeline.wrapAndCopyInto(AbstractPipeline.java:472)
	at java.util.stream.ForEachOps$ForEachOp.evaluateSequential(ForEachOps.java:150)
	at java.util.stream.ForEachOps$ForEachOp$OfRef.evaluateSequential(ForEachOps.java:173)
	at java.util.stream.AbstractPipeline.evaluate(AbstractPipeline.java:234)
	at java.util.stream.ReferencePipeline.forEach(ReferencePipeline.java:485)
	at org.junit.vintage.engine.VintageTestEngine.executeAllChildren(VintageTestEngine.java:82)
	at org.junit.vintage.engine.VintageTestEngine.execute(VintageTestEngine.java:73)
	at org.junit.platform.launcher.core.DefaultLauncher.execute(DefaultLauncher.java:248)
	at org.junit.platform.launcher.core.DefaultLauncher.lambda$execute$5(DefaultLauncher.java:211)
	at org.junit.platform.launcher.core.DefaultLauncher.withInterceptedStreams(DefaultLauncher.java:226)
	at org.junit.platform.launcher.core.DefaultLauncher.execute(DefaultLauncher.java:199)
	at org.junit.platform.launcher.core.DefaultLauncher.execute(DefaultLauncher.java:132)
	at org.apache.maven.surefire.junitplatform.JUnitPlatformProvider.invokeAllTests(JUnitPlatformProvider.java:154)
	at org.apache.maven.surefire.junitplatform.JUnitPlatformProvider.invoke(JUnitPlatformProvider.java:123)
	at org.apache.maven.surefire.booter.ForkedBooter.runSuitesInProcess(ForkedBooter.java:377)
	at org.apache.maven.surefire.booter.ForkedBooter.execute(ForkedBooter.java:138)
	at org.apache.maven.surefire.booter.ForkedBooter.run(ForkedBooter.java:465)
	at org.apache.maven.surefire.booter.ForkedBooter.main(ForkedBooter.java:451)

2024-04-24T06:30:10,445  INFO [main] metadata.Hive: Dumping metastore api call timing information for : compilation phase
2024-04-24T06:30:10,445  INFO [main] metadata.Hive: Total time spent in each metastore function (ms): {flushCache_()=0, isCompatibleWith_(Configuration)=1, getValidWriteIds_(List, String)=5, getTable_(GetTableRequest)=39, getAllTableConstraints_(AllTableConstraintsRequest)=24, getTableColumnStatistics_(String, String, List, String)=26}
2024-04-24T06:30:10,445  INFO [main] ql.Driver: Completed compiling command(queryId=alex_20240424063010_bde020e8-034c-4315-8a37-1a077d129a3b); Time taken: 0.217 seconds
2024-04-24T06:30:10,445  INFO [main] lockmgr.DbTxnManager: Stopped heartbeat for query: alex_20240424063010_cc49e222-cf7a-4b58-ba67-259a90b22340
2024-04-24T06:30:10,449  INFO [main] txn.TxnHandler: Removed transactions: ([13]) from MIN_HISTORY_LEVEL
2024-04-24T06:30:10,457  INFO [main] ql.TxnCommandsBaseForTests: Running the query: drop table if exists acidTbl
2024-04-24T06:30:10,457  INFO [main] ql.Driver: Compiling command(queryId=alex_20240424063010_20045dc5-874d-4f5f-ab2e-036e6a3516f2): drop table if exists acidTbl
2024-04-24T06:30:10,459  INFO [main] txn.TxnHandler: Added entries to MIN_HISTORY_LEVEL for current txns: ([14]) with min_open_txn: 1
2024-04-24T06:30:10,459  INFO [main] lockmgr.DbTxnManager: Opened txnid:14
2024-04-24T06:30:10,460  INFO [main] HiveMetaStore.audit: ugi=alex	ip=unknown-ip-addr	cmd=get_table : tbl=hive.default.acidTbl	
2024-04-24T06:30:10,466  INFO [main] metastore.HMSHandler: Skipping translation for processor with null
2024-04-24T06:30:10,466  INFO [main] ql.Driver: Semantic Analysis Completed (retrial = false)
2024-04-24T06:30:10,466  INFO [main] ql.Driver: Created Hive schema: Schema(fieldSchemas:null, properties:null)
2024-04-24T06:30:10,466  INFO [main] metadata.Hive: Dumping metastore api call timing information for : compilation phase
2024-04-24T06:30:10,466  INFO [main] metadata.Hive: Total time spent in each metastore function (ms): {getValidTxns_(long)=1, openTxn_(String, TxnType)=2, getTable_(GetTableRequest)=6, flushCache_()=0, rollbackTxn_(long)=12, isCompatibleWith_(Configuration)=0}
2024-04-24T06:30:10,466  INFO [main] ql.Driver: Completed compiling command(queryId=alex_20240424063010_20045dc5-874d-4f5f-ab2e-036e6a3516f2); Time taken: 0.009 seconds
2024-04-24T06:30:10,467  INFO [main] lockmgr.DbTxnManager: Setting lock request transaction to txnid:14 for queryId=alex_20240424063010_20045dc5-874d-4f5f-ab2e-036e6a3516f2
2024-04-24T06:30:10,467  INFO [main] lockmgr.DbLockManager: Requesting lock for queryId=alex_20240424063010_20045dc5-874d-4f5f-ab2e-036e6a3516f2
2024-04-24T06:30:10,486  INFO [main] lockmgr.DbLockManager: Response to queryId=alex_20240424063010_20045dc5-874d-4f5f-ab2e-036e6a3516f2 LockResponse(lockid:7, state:ACQUIRED)
2024-04-24T06:30:10,486  INFO [main] ql.Driver: Operation DROPTABLE obtained 1 locks
2024-04-24T06:30:10,486  INFO [main] ql.Driver: Executing command(queryId=alex_20240424063010_20045dc5-874d-4f5f-ab2e-036e6a3516f2): drop table if exists acidTbl
2024-04-24T06:30:10,486  INFO [main] ql.Driver: Starting task [Stage-0:DDL] in serial mode
2024-04-24T06:30:10,486  INFO [main] HiveMetaStore.audit: ugi=alex	ip=unknown-ip-addr	cmd=get_table : tbl=hive.default.acidTbl	
2024-04-24T06:30:10,492  INFO [main] metastore.HMSHandler: Skipping translation for processor with null
2024-04-24T06:30:10,493  INFO [main] HiveMetaStore.audit: ugi=alex	ip=unknown-ip-addr	cmd=get_table : tbl=hive.default.acidTbl	
2024-04-24T06:30:10,499  INFO [main] metastore.HMSHandler: Skipping translation for processor with null
2024-04-24T06:30:10,499  INFO [main] HiveMetaStore.audit: ugi=alex	ip=unknown-ip-addr	cmd=drop_table : tbl=hive.default.acidTbl	
2024-04-24T06:30:10,596  INFO [main] metadata.Hive: Dumping metastore api call timing information for : execution phase
2024-04-24T06:30:10,596  INFO [main] metadata.Hive: Total time spent in each metastore function (ms): {getTable_(GetTableRequest)=7, dropTable_(String, String, boolean, boolean, boolean)=103, isCompatibleWith_(Configuration)=0}
2024-04-24T06:30:10,596  INFO [main] ql.Driver: Completed executing command(queryId=alex_20240424063010_20045dc5-874d-4f5f-ab2e-036e6a3516f2); Time taken: 0.11 seconds
2024-04-24T06:30:10,596  INFO [main] lockmgr.DbTxnManager: Stopped heartbeat for query: alex_20240424063010_20045dc5-874d-4f5f-ab2e-036e6a3516f2
2024-04-24T06:30:10,600  INFO [main] txn.TxnHandler: Expected to move at least one record from txn_components to completed_txn_components when committing txn! txnid:14
2024-04-24T06:30:10,605  INFO [main] txn.TxnHandler: Removed transactions: ([14]) from MIN_HISTORY_LEVEL
2024-04-24T06:30:10,605  WARN [main] txn.CompactionTxnHandler: No compaction queue record found for Compaction type transaction commit. txnId:14
2024-04-24T06:30:10,617  INFO [main] ql.TxnCommandsBaseForTests: Running the query: drop table if exists acidTblPart
2024-04-24T06:30:10,617  INFO [main] ql.Driver: Compiling command(queryId=alex_20240424063010_fdcf1549-96a5-467b-ae9b-8d81a97f2ea0): drop table if exists acidTblPart
2024-04-24T06:30:10,619  INFO [main] txn.TxnHandler: Added entries to MIN_HISTORY_LEVEL for current txns: ([15]) with min_open_txn: 1
2024-04-24T06:30:10,619  INFO [main] lockmgr.DbTxnManager: Opened txnid:15
2024-04-24T06:30:10,620  INFO [main] HiveMetaStore.audit: ugi=alex	ip=unknown-ip-addr	cmd=get_table : tbl=hive.default.acidTblPart	
2024-04-24T06:30:10,626  INFO [main] metastore.HMSHandler: Skipping translation for processor with null
2024-04-24T06:30:10,626  INFO [main] ql.Driver: Semantic Analysis Completed (retrial = false)
2024-04-24T06:30:10,626  INFO [main] ql.Driver: Created Hive schema: Schema(fieldSchemas:null, properties:null)
2024-04-24T06:30:10,626  INFO [main] metadata.Hive: Dumping metastore api call timing information for : compilation phase
2024-04-24T06:30:10,626  INFO [main] metadata.Hive: Total time spent in each metastore function (ms): {getTable_(GetTableRequest)=6, commitTxn_(CommitTxnRequest)=20, flushCache_()=0, openTxn_(String, TxnType)=2, isCompatibleWith_(Configuration)=0, getValidTxns_(long)=1}
2024-04-24T06:30:10,626  INFO [main] ql.Driver: Completed compiling command(queryId=alex_20240424063010_fdcf1549-96a5-467b-ae9b-8d81a97f2ea0); Time taken: 0.009 seconds
2024-04-24T06:30:10,627  INFO [main] lockmgr.DbTxnManager: Setting lock request transaction to txnid:15 for queryId=alex_20240424063010_fdcf1549-96a5-467b-ae9b-8d81a97f2ea0
2024-04-24T06:30:10,627  INFO [main] lockmgr.DbLockManager: Requesting lock for queryId=alex_20240424063010_fdcf1549-96a5-467b-ae9b-8d81a97f2ea0
2024-04-24T06:30:10,641  INFO [main] lockmgr.DbLockManager: Response to queryId=alex_20240424063010_fdcf1549-96a5-467b-ae9b-8d81a97f2ea0 LockResponse(lockid:8, state:ACQUIRED)
2024-04-24T06:30:10,641  INFO [main] ql.Driver: Operation DROPTABLE obtained 1 locks
2024-04-24T06:30:10,641  INFO [main] ql.Driver: Executing command(queryId=alex_20240424063010_fdcf1549-96a5-467b-ae9b-8d81a97f2ea0): drop table if exists acidTblPart
2024-04-24T06:30:10,641  INFO [main] ql.Driver: Starting task [Stage-0:DDL] in serial mode
2024-04-24T06:30:10,641  INFO [main] HiveMetaStore.audit: ugi=alex	ip=unknown-ip-addr	cmd=get_table : tbl=hive.default.acidTblPart	
2024-04-24T06:30:10,647  INFO [main] metastore.HMSHandler: Skipping translation for processor with null
2024-04-24T06:30:10,647  INFO [main] HiveMetaStore.audit: ugi=alex	ip=unknown-ip-addr	cmd=get_table : tbl=hive.default.acidTblPart	
2024-04-24T06:30:10,653  INFO [main] metastore.HMSHandler: Skipping translation for processor with null
2024-04-24T06:30:10,654  INFO [main] HiveMetaStore.audit: ugi=alex	ip=unknown-ip-addr	cmd=drop_table : tbl=hive.default.acidTblPart	
2024-04-24T06:30:10,692  INFO [main] metadata.Hive: Dumping metastore api call timing information for : execution phase
2024-04-24T06:30:10,693  INFO [main] metadata.Hive: Total time spent in each metastore function (ms): {isCompatibleWith_(Configuration)=0, getTable_(GetTableRequest)=6, dropTable_(String, String, boolean, boolean, boolean)=45}
2024-04-24T06:30:10,693  INFO [main] ql.Driver: Completed executing command(queryId=alex_20240424063010_fdcf1549-96a5-467b-ae9b-8d81a97f2ea0); Time taken: 0.051 seconds
2024-04-24T06:30:10,693  INFO [main] lockmgr.DbTxnManager: Stopped heartbeat for query: alex_20240424063010_fdcf1549-96a5-467b-ae9b-8d81a97f2ea0
2024-04-24T06:30:10,696  INFO [main] txn.TxnHandler: Expected to move at least one record from txn_components to completed_txn_components when committing txn! txnid:15
2024-04-24T06:30:10,703  INFO [main] txn.TxnHandler: Removed transactions: ([15]) from MIN_HISTORY_LEVEL
2024-04-24T06:30:10,703  WARN [main] txn.CompactionTxnHandler: No compaction queue record found for Compaction type transaction commit. txnId:15
2024-04-24T06:30:10,703  INFO [main] ql.TxnCommandsBaseForTests: Running the query: drop table if exists acidTbl2
2024-04-24T06:30:10,703  INFO [main] ql.Driver: Compiling command(queryId=alex_20240424063010_fc295452-db94-4eec-bfd3-0efa89856a35): drop table if exists acidTbl2
2024-04-24T06:30:10,706  INFO [main] txn.TxnHandler: Added entries to MIN_HISTORY_LEVEL for current txns: ([16]) with min_open_txn: 1
2024-04-24T06:30:10,706  INFO [main] lockmgr.DbTxnManager: Opened txnid:16
2024-04-24T06:30:10,707  INFO [main] ql.Driver: Semantic Analysis Completed (retrial = false)
2024-04-24T06:30:10,707  INFO [main] ql.Driver: Created Hive schema: Schema(fieldSchemas:null, properties:null)
2024-04-24T06:30:10,707  INFO [main] metadata.Hive: Dumping metastore api call timing information for : compilation phase
2024-04-24T06:30:10,707  INFO [main] metadata.Hive: Total time spent in each metastore function (ms): {flushCache_()=0, getValidTxns_(long)=0, commitTxn_(CommitTxnRequest)=10, openTxn_(String, TxnType)=2, isCompatibleWith_(Configuration)=1, getTable_(GetTableRequest)=0}
2024-04-24T06:30:10,708  INFO [main] ql.Driver: Completed compiling command(queryId=alex_20240424063010_fc295452-db94-4eec-bfd3-0efa89856a35); Time taken: 0.004 seconds
2024-04-24T06:30:10,708  INFO [main] lockmgr.DbTxnManager: Setting lock request transaction to txnid:16 for queryId=alex_20240424063010_fc295452-db94-4eec-bfd3-0efa89856a35
2024-04-24T06:30:10,708  INFO [main] ql.Driver: Operation DROPTABLE obtained 0 locks
2024-04-24T06:30:10,708  INFO [main] ql.Driver: Executing command(queryId=alex_20240424063010_fc295452-db94-4eec-bfd3-0efa89856a35): drop table if exists acidTbl2
2024-04-24T06:30:10,708  INFO [main] ql.Driver: Starting task [Stage-0:DDL] in serial mode
2024-04-24T06:30:10,709  INFO [main] metadata.SessionHiveMetaStoreClient: Column stats doesn't exist for db=default temp table=acidTbl2
2024-04-24T06:30:10,709  INFO [main] metadata.Hive: Dumping metastore api call timing information for : execution phase
2024-04-24T06:30:10,709  INFO [main] metadata.Hive: Total time spent in each metastore function (ms): {dropTable_(String, String, boolean, boolean, boolean)=1, getTable_(GetTableRequest)=0, isCompatibleWith_(Configuration)=0}
2024-04-24T06:30:10,709  INFO [main] ql.Driver: Completed executing command(queryId=alex_20240424063010_fc295452-db94-4eec-bfd3-0efa89856a35); Time taken: 0.001 seconds
2024-04-24T06:30:10,709  INFO [main] lockmgr.DbTxnManager: Stopped heartbeat for query: alex_20240424063010_fc295452-db94-4eec-bfd3-0efa89856a35
2024-04-24T06:30:10,715  INFO [main] txn.TxnHandler: Expected to move at least one record from txn_components to completed_txn_components when committing txn! txnid:16
2024-04-24T06:30:10,721  INFO [main] txn.TxnHandler: Removed transactions: ([16]) from MIN_HISTORY_LEVEL
2024-04-24T06:30:10,721  WARN [main] txn.CompactionTxnHandler: No compaction queue record found for Compaction type transaction commit. txnId:16
2024-04-24T06:30:10,722  INFO [main] ql.TxnCommandsBaseForTests: Running the query: drop table if exists nonAcidOrcTbl
2024-04-24T06:30:10,722  INFO [main] ql.Driver: Compiling command(queryId=alex_20240424063010_856d78a4-a8ac-40ec-b8a3-3ad1afb608e1): drop table if exists nonAcidOrcTbl
2024-04-24T06:30:10,724  INFO [main] txn.TxnHandler: Added entries to MIN_HISTORY_LEVEL for current txns: ([17]) with min_open_txn: 1
2024-04-24T06:30:10,724  INFO [main] lockmgr.DbTxnManager: Opened txnid:17
2024-04-24T06:30:10,725  INFO [main] HiveMetaStore.audit: ugi=alex	ip=unknown-ip-addr	cmd=get_table : tbl=hive.default.nonAcidOrcTbl	
2024-04-24T06:30:10,749  INFO [main] metastore.HMSHandler: Skipping translation for processor with null
2024-04-24T06:30:10,749  INFO [main] ql.Driver: Semantic Analysis Completed (retrial = false)
2024-04-24T06:30:10,749  INFO [main] ql.Driver: Created Hive schema: Schema(fieldSchemas:null, properties:null)
2024-04-24T06:30:10,749  INFO [main] metadata.Hive: Dumping metastore api call timing information for : compilation phase
2024-04-24T06:30:10,750  INFO [main] metadata.Hive: Total time spent in each metastore function (ms): {getTable_(GetTableRequest)=24, getValidTxns_(long)=1, isCompatibleWith_(Configuration)=0, commitTxn_(CommitTxnRequest)=12, openTxn_(String, TxnType)=2, flushCache_()=0}
2024-04-24T06:30:10,750  INFO [main] ql.Driver: Completed compiling command(queryId=alex_20240424063010_856d78a4-a8ac-40ec-b8a3-3ad1afb608e1); Time taken: 0.027 seconds
2024-04-24T06:30:10,750  INFO [main] lockmgr.DbTxnManager: Setting lock request transaction to txnid:17 for queryId=alex_20240424063010_856d78a4-a8ac-40ec-b8a3-3ad1afb608e1
2024-04-24T06:30:10,750  INFO [main] lockmgr.DbLockManager: Requesting lock for queryId=alex_20240424063010_856d78a4-a8ac-40ec-b8a3-3ad1afb608e1
2024-04-24T06:30:10,768  INFO [main] lockmgr.DbLockManager: Response to queryId=alex_20240424063010_856d78a4-a8ac-40ec-b8a3-3ad1afb608e1 LockResponse(lockid:9, state:ACQUIRED)
2024-04-24T06:30:10,768  INFO [main] ql.Driver: Operation DROPTABLE obtained 1 locks
2024-04-24T06:30:10,768  INFO [main] ql.Driver: Executing command(queryId=alex_20240424063010_856d78a4-a8ac-40ec-b8a3-3ad1afb608e1): drop table if exists nonAcidOrcTbl
2024-04-24T06:30:10,768  INFO [main] ql.Driver: Starting task [Stage-0:DDL] in serial mode
2024-04-24T06:30:10,768  INFO [main] HiveMetaStore.audit: ugi=alex	ip=unknown-ip-addr	cmd=get_table : tbl=hive.default.nonAcidOrcTbl	
2024-04-24T06:30:10,776  INFO [main] metastore.HMSHandler: Skipping translation for processor with null
2024-04-24T06:30:10,776  INFO [main] HiveMetaStore.audit: ugi=alex	ip=unknown-ip-addr	cmd=get_table : tbl=hive.default.nonAcidOrcTbl	
2024-04-24T06:30:10,784  INFO [main] metastore.HMSHandler: Skipping translation for processor with null
2024-04-24T06:30:10,784  INFO [main] HiveMetaStore.audit: ugi=alex	ip=unknown-ip-addr	cmd=drop_table : tbl=hive.default.nonAcidOrcTbl	
2024-04-24T06:30:10,871  INFO [main] metadata.Hive: Dumping metastore api call timing information for : execution phase
2024-04-24T06:30:10,872  INFO [main] metadata.Hive: Total time spent in each metastore function (ms): {dropTable_(String, String, boolean, boolean, boolean)=95, isCompatibleWith_(Configuration)=0, getTable_(GetTableRequest)=8}
2024-04-24T06:30:10,872  INFO [main] ql.Driver: Completed executing command(queryId=alex_20240424063010_856d78a4-a8ac-40ec-b8a3-3ad1afb608e1); Time taken: 0.103 seconds
2024-04-24T06:30:10,872  INFO [main] lockmgr.DbTxnManager: Stopped heartbeat for query: alex_20240424063010_856d78a4-a8ac-40ec-b8a3-3ad1afb608e1
2024-04-24T06:30:10,875  INFO [main] txn.TxnHandler: Expected to move at least one record from txn_components to completed_txn_components when committing txn! txnid:17
2024-04-24T06:30:10,881  INFO [main] txn.TxnHandler: Removed transactions: ([17]) from MIN_HISTORY_LEVEL
2024-04-24T06:30:10,881  WARN [main] txn.CompactionTxnHandler: No compaction queue record found for Compaction type transaction commit. txnId:17
2024-04-24T06:30:10,882  INFO [main] ql.TxnCommandsBaseForTests: Running the query: drop table if exists nonAcidOrcTbl2
2024-04-24T06:30:10,882  INFO [main] ql.Driver: Compiling command(queryId=alex_20240424063010_e4368470-a199-4059-87d6-85cbe683ebc3): drop table if exists nonAcidOrcTbl2
2024-04-24T06:30:10,884  INFO [main] txn.TxnHandler: Added entries to MIN_HISTORY_LEVEL for current txns: ([18]) with min_open_txn: 5
2024-04-24T06:30:10,884  INFO [main] lockmgr.DbTxnManager: Opened txnid:18
2024-04-24T06:30:10,884  INFO [main] HiveMetaStore.audit: ugi=alex	ip=unknown-ip-addr	cmd=get_table : tbl=hive.default.nonAcidOrcTbl2	
2024-04-24T06:30:10,892  INFO [main] metastore.HMSHandler: Skipping translation for processor with null
2024-04-24T06:30:10,892  INFO [main] ql.Driver: Semantic Analysis Completed (retrial = false)
2024-04-24T06:30:10,892  INFO [main] ql.Driver: Created Hive schema: Schema(fieldSchemas:null, properties:null)
2024-04-24T06:30:10,892  INFO [main] metadata.Hive: Dumping metastore api call timing information for : compilation phase
2024-04-24T06:30:10,893  INFO [main] metadata.Hive: Total time spent in each metastore function (ms): {getValidTxns_(long)=0, flushCache_()=0, openTxn_(String, TxnType)=2, isCompatibleWith_(Configuration)=0, commitTxn_(CommitTxnRequest)=9, getTable_(GetTableRequest)=8}
2024-04-24T06:30:10,893  INFO [main] ql.Driver: Completed compiling command(queryId=alex_20240424063010_e4368470-a199-4059-87d6-85cbe683ebc3); Time taken: 0.01 seconds
2024-04-24T06:30:10,893  INFO [main] lockmgr.DbTxnManager: Setting lock request transaction to txnid:18 for queryId=alex_20240424063010_e4368470-a199-4059-87d6-85cbe683ebc3
2024-04-24T06:30:10,893  INFO [main] lockmgr.DbLockManager: Requesting lock for queryId=alex_20240424063010_e4368470-a199-4059-87d6-85cbe683ebc3
2024-04-24T06:30:10,907  INFO [main] lockmgr.DbLockManager: Response to queryId=alex_20240424063010_e4368470-a199-4059-87d6-85cbe683ebc3 LockResponse(lockid:10, state:ACQUIRED)
2024-04-24T06:30:10,907  INFO [main] ql.Driver: Operation DROPTABLE obtained 1 locks
2024-04-24T06:30:10,907  INFO [main] ql.Driver: Executing command(queryId=alex_20240424063010_e4368470-a199-4059-87d6-85cbe683ebc3): drop table if exists nonAcidOrcTbl2
2024-04-24T06:30:10,907  INFO [main] ql.Driver: Starting task [Stage-0:DDL] in serial mode
2024-04-24T06:30:10,907  INFO [main] HiveMetaStore.audit: ugi=alex	ip=unknown-ip-addr	cmd=get_table : tbl=hive.default.nonAcidOrcTbl2	
2024-04-24T06:30:10,915  INFO [main] metastore.HMSHandler: Skipping translation for processor with null
2024-04-24T06:30:10,915  INFO [main] HiveMetaStore.audit: ugi=alex	ip=unknown-ip-addr	cmd=get_table : tbl=hive.default.nonAcidOrcTbl2	
2024-04-24T06:30:10,923  INFO [main] metastore.HMSHandler: Skipping translation for processor with null
2024-04-24T06:30:10,923  INFO [main] HiveMetaStore.audit: ugi=alex	ip=unknown-ip-addr	cmd=drop_table : tbl=hive.default.nonAcidOrcTbl2	
2024-04-24T06:30:10,952  INFO [main] metadata.Hive: Dumping metastore api call timing information for : execution phase
2024-04-24T06:30:10,952  INFO [main] metadata.Hive: Total time spent in each metastore function (ms): {isCompatibleWith_(Configuration)=0, getTable_(GetTableRequest)=8, dropTable_(String, String, boolean, boolean, boolean)=37}
2024-04-24T06:30:10,952  INFO [main] ql.Driver: Completed executing command(queryId=alex_20240424063010_e4368470-a199-4059-87d6-85cbe683ebc3); Time taken: 0.045 seconds
2024-04-24T06:30:10,952  INFO [main] lockmgr.DbTxnManager: Stopped heartbeat for query: alex_20240424063010_e4368470-a199-4059-87d6-85cbe683ebc3
2024-04-24T06:30:10,956  INFO [main] txn.TxnHandler: Expected to move at least one record from txn_components to completed_txn_components when committing txn! txnid:18
2024-04-24T06:30:10,962  INFO [main] txn.TxnHandler: Removed transactions: ([18]) from MIN_HISTORY_LEVEL
2024-04-24T06:30:10,962  WARN [main] txn.CompactionTxnHandler: No compaction queue record found for Compaction type transaction commit. txnId:18
2024-04-24T06:30:10,963  INFO [main] ql.TxnCommandsBaseForTests: Running the query: drop table if exists nonAcidNonBucket
2024-04-24T06:30:10,963  INFO [main] ql.Driver: Compiling command(queryId=alex_20240424063010_d4fb2b01-66aa-4fdd-bbd3-baadba2a3c60): drop table if exists nonAcidNonBucket
2024-04-24T06:30:10,965  INFO [main] txn.TxnHandler: Added entries to MIN_HISTORY_LEVEL for current txns: ([19]) with min_open_txn: 8
2024-04-24T06:30:10,965  INFO [main] lockmgr.DbTxnManager: Opened txnid:19
2024-04-24T06:30:10,966  INFO [main] HiveMetaStore.audit: ugi=alex	ip=unknown-ip-addr	cmd=get_table : tbl=hive.default.nonAcidNonBucket	
2024-04-24T06:30:10,974  INFO [main] metastore.HMSHandler: Skipping translation for processor with null
2024-04-24T06:30:10,974  INFO [main] ql.Driver: Semantic Analysis Completed (retrial = false)
2024-04-24T06:30:10,974  INFO [main] ql.Driver: Created Hive schema: Schema(fieldSchemas:null, properties:null)
2024-04-24T06:30:10,974  INFO [main] metadata.Hive: Dumping metastore api call timing information for : compilation phase
2024-04-24T06:30:10,974  INFO [main] metadata.Hive: Total time spent in each metastore function (ms): {getValidTxns_(long)=1, flushCache_()=0, isCompatibleWith_(Configuration)=0, getTable_(GetTableRequest)=8, commitTxn_(CommitTxnRequest)=11, openTxn_(String, TxnType)=2}
2024-04-24T06:30:10,974  INFO [main] ql.Driver: Completed compiling command(queryId=alex_20240424063010_d4fb2b01-66aa-4fdd-bbd3-baadba2a3c60); Time taken: 0.011 seconds
2024-04-24T06:30:10,974  INFO [main] lockmgr.DbTxnManager: Setting lock request transaction to txnid:19 for queryId=alex_20240424063010_d4fb2b01-66aa-4fdd-bbd3-baadba2a3c60
2024-04-24T06:30:10,975  INFO [main] lockmgr.DbLockManager: Requesting lock for queryId=alex_20240424063010_d4fb2b01-66aa-4fdd-bbd3-baadba2a3c60
2024-04-24T06:30:10,989  INFO [main] lockmgr.DbLockManager: Response to queryId=alex_20240424063010_d4fb2b01-66aa-4fdd-bbd3-baadba2a3c60 LockResponse(lockid:11, state:ACQUIRED)
2024-04-24T06:30:10,989  INFO [main] ql.Driver: Operation DROPTABLE obtained 1 locks
2024-04-24T06:30:10,989  INFO [main] ql.Driver: Executing command(queryId=alex_20240424063010_d4fb2b01-66aa-4fdd-bbd3-baadba2a3c60): drop table if exists nonAcidNonBucket
2024-04-24T06:30:10,989  INFO [main] ql.Driver: Starting task [Stage-0:DDL] in serial mode
2024-04-24T06:30:10,989  INFO [main] HiveMetaStore.audit: ugi=alex	ip=unknown-ip-addr	cmd=get_table : tbl=hive.default.nonAcidNonBucket	
2024-04-24T06:30:10,997  INFO [main] metastore.HMSHandler: Skipping translation for processor with null
2024-04-24T06:30:10,998  INFO [main] HiveMetaStore.audit: ugi=alex	ip=unknown-ip-addr	cmd=get_table : tbl=hive.default.nonAcidNonBucket	
2024-04-24T06:30:11,005  INFO [main] metastore.HMSHandler: Skipping translation for processor with null
2024-04-24T06:30:11,006  INFO [main] HiveMetaStore.audit: ugi=alex	ip=unknown-ip-addr	cmd=drop_table : tbl=hive.default.nonAcidNonBucket	
2024-04-24T06:30:11,035  INFO [main] metadata.Hive: Dumping metastore api call timing information for : execution phase
2024-04-24T06:30:11,035  INFO [main] metadata.Hive: Total time spent in each metastore function (ms): {isCompatibleWith_(Configuration)=0, dropTable_(String, String, boolean, boolean, boolean)=38, getTable_(GetTableRequest)=8}
2024-04-24T06:30:11,035  INFO [main] ql.Driver: Completed executing command(queryId=alex_20240424063010_d4fb2b01-66aa-4fdd-bbd3-baadba2a3c60); Time taken: 0.046 seconds
2024-04-24T06:30:11,035  INFO [main] lockmgr.DbTxnManager: Stopped heartbeat for query: alex_20240424063010_d4fb2b01-66aa-4fdd-bbd3-baadba2a3c60
2024-04-24T06:30:11,039  INFO [main] txn.TxnHandler: Expected to move at least one record from txn_components to completed_txn_components when committing txn! txnid:19
2024-04-24T06:30:11,046  INFO [main] txn.TxnHandler: Removed transactions: ([19]) from MIN_HISTORY_LEVEL
2024-04-24T06:30:11,046  WARN [main] txn.CompactionTxnHandler: No compaction queue record found for Compaction type transaction commit. txnId:19
2024-04-24T06:30:11,047  INFO [main] utils.TestTxnDbUtil: Cleaning transactional tables
]]></system-err>
  </testcase>
  <testcase name="testMergeOnTezEdges" classname="org.apache.hadoop.hive.ql.TestTxnCommands" time="1.492">
    <error type="java.lang.RuntimeException"><![CDATA[java.lang.RuntimeException: explain merge into acidTbl as t using nonAcidOrcTbl s ON t.a = s.a WHEN MATCHED AND s.a > 8 THEN DELETE WHEN MATCHED THEN UPDATE SET b = 7 WHEN NOT MATCHED THEN INSERT VALUES(s.a, s.b)  failed: (responseCode = 40000, errorMessage = FAILED: NoMatchingMethodException No matching method for class org.apache.hadoop.hive.ql.udf.UDFToInteger with (struct<writeid:bigint,bucketid:int,rowid:bigint>). Possible choices: _FUNC_(bigint)  _FUNC_(boolean)  _FUNC_(decimal(38,18))  _FUNC_(double)  _FUNC_(float)  _FUNC_(smallint)  _FUNC_(string)  _FUNC_(struct<writeid:int,bucketid:bigint,rowid:bigint>)  _FUNC_(timestamp)  _FUNC_(tinyint)  _FUNC_(void)  , hiveErrorCode = 40000, SQLState = 42000, exception = No matching method for class org.apache.hadoop.hive.ql.udf.UDFToInteger with (struct<writeid:bigint,bucketid:int,rowid:bigint>). Possible choices: _FUNC_(bigint)  _FUNC_(boolean)  _FUNC_(decimal(38,18))  _FUNC_(double)  _FUNC_(float)  _FUNC_(smallint)  _FUNC_(string)  _FUNC_(struct<writeid:int,bucketid:bigint,rowid:bigint>)  _FUNC_(timestamp)  _FUNC_(tinyint)  _FUNC_(void)  )
	at org.apache.hadoop.hive.ql.TxnCommandsBaseForTests.runStatementOnDriver(TxnCommandsBaseForTests.java:247)
	at org.apache.hadoop.hive.ql.TestTxnCommands.testMergeOnTezEdges(TestTxnCommands.java:1198)
	at sun.reflect.NativeMethodAccessorImpl.invoke0(Native Method)
	at sun.reflect.NativeMethodAccessorImpl.invoke(NativeMethodAccessorImpl.java:62)
	at sun.reflect.DelegatingMethodAccessorImpl.invoke(DelegatingMethodAccessorImpl.java:43)
	at java.lang.reflect.Method.invoke(Method.java:498)
	at org.junit.runners.model.FrameworkMethod$1.runReflectiveCall(FrameworkMethod.java:59)
	at org.junit.internal.runners.model.ReflectiveCallable.run(ReflectiveCallable.java:12)
	at org.junit.runners.model.FrameworkMethod.invokeExplosively(FrameworkMethod.java:56)
	at org.junit.internal.runners.statements.InvokeMethod.evaluate(InvokeMethod.java:17)
	at org.junit.internal.runners.statements.RunBefores.evaluate(RunBefores.java:26)
	at org.junit.internal.runners.statements.RunAfters.evaluate(RunAfters.java:27)
	at org.junit.rules.TestWatcher$1.evaluate(TestWatcher.java:61)
	at org.junit.runners.ParentRunner$3.evaluate(ParentRunner.java:306)
	at org.junit.runners.BlockJUnit4ClassRunner$1.evaluate(BlockJUnit4ClassRunner.java:100)
	at org.junit.runners.ParentRunner.runLeaf(ParentRunner.java:366)
	at org.junit.runners.BlockJUnit4ClassRunner.runChild(BlockJUnit4ClassRunner.java:103)
	at org.junit.runners.BlockJUnit4ClassRunner.runChild(BlockJUnit4ClassRunner.java:63)
	at org.junit.runners.ParentRunner$4.run(ParentRunner.java:331)
	at org.junit.runners.ParentRunner$1.schedule(ParentRunner.java:79)
	at org.junit.runners.ParentRunner.runChildren(ParentRunner.java:329)
	at org.junit.runners.ParentRunner.access$100(ParentRunner.java:66)
	at org.junit.runners.ParentRunner$2.evaluate(ParentRunner.java:293)
	at org.junit.runners.ParentRunner$3.evaluate(ParentRunner.java:306)
	at org.junit.runners.ParentRunner.run(ParentRunner.java:413)
	at org.junit.runner.JUnitCore.run(JUnitCore.java:137)
	at org.junit.runner.JUnitCore.run(JUnitCore.java:115)
	at org.junit.vintage.engine.execution.RunnerExecutor.execute(RunnerExecutor.java:43)
	at java.util.stream.ForEachOps$ForEachOp$OfRef.accept(ForEachOps.java:183)
	at java.util.stream.ReferencePipeline$3$1.accept(ReferencePipeline.java:193)
	at java.util.Iterator.forEachRemaining(Iterator.java:116)
	at java.util.Spliterators$IteratorSpliterator.forEachRemaining(Spliterators.java:1801)
	at java.util.stream.AbstractPipeline.copyInto(AbstractPipeline.java:482)
	at java.util.stream.AbstractPipeline.wrapAndCopyInto(AbstractPipeline.java:472)
	at java.util.stream.ForEachOps$ForEachOp.evaluateSequential(ForEachOps.java:150)
	at java.util.stream.ForEachOps$ForEachOp$OfRef.evaluateSequential(ForEachOps.java:173)
	at java.util.stream.AbstractPipeline.evaluate(AbstractPipeline.java:234)
	at java.util.stream.ReferencePipeline.forEach(ReferencePipeline.java:485)
	at org.junit.vintage.engine.VintageTestEngine.executeAllChildren(VintageTestEngine.java:82)
	at org.junit.vintage.engine.VintageTestEngine.execute(VintageTestEngine.java:73)
	at org.junit.platform.launcher.core.DefaultLauncher.execute(DefaultLauncher.java:248)
	at org.junit.platform.launcher.core.DefaultLauncher.lambda$execute$5(DefaultLauncher.java:211)
	at org.junit.platform.launcher.core.DefaultLauncher.withInterceptedStreams(DefaultLauncher.java:226)
	at org.junit.platform.launcher.core.DefaultLauncher.execute(DefaultLauncher.java:199)
	at org.junit.platform.launcher.core.DefaultLauncher.execute(DefaultLauncher.java:132)
	at org.apache.maven.surefire.junitplatform.JUnitPlatformProvider.invokeAllTests(JUnitPlatformProvider.java:154)
	at org.apache.maven.surefire.junitplatform.JUnitPlatformProvider.invoke(JUnitPlatformProvider.java:123)
	at org.apache.maven.surefire.booter.ForkedBooter.runSuitesInProcess(ForkedBooter.java:377)
	at org.apache.maven.surefire.booter.ForkedBooter.execute(ForkedBooter.java:138)
	at org.apache.maven.surefire.booter.ForkedBooter.run(ForkedBooter.java:465)
	at org.apache.maven.surefire.booter.ForkedBooter.main(ForkedBooter.java:451)
]]></error>
    <system-err><![CDATA[2024-04-24T06:30:11,103  WARN [main] conf.HiveConf: HiveConf of name hive.llap.io.cache.orc.alloc.min does not exist
2024-04-24T06:30:11,103  WARN [main] conf.HiveConf: HiveConf of name hive.metastore.client.cache.maxSize does not exist
2024-04-24T06:30:11,104  WARN [main] conf.HiveConf: HiveConf of name hive.llap.io.cache.orc.arena.size does not exist
2024-04-24T06:30:11,104  WARN [main] conf.HiveConf: HiveConf of name hive.stats.key.prefix.reserve.length does not exist
2024-04-24T06:30:11,104  WARN [main] conf.HiveConf: HiveConf of name hive.metastore.client.cache.recordStats does not exist
2024-04-24T06:30:11,104  WARN [main] conf.HiveConf: HiveConf of name hive.dummyparam.test.server.specific.config.metastoresite does not exist
2024-04-24T06:30:11,104  WARN [main] conf.HiveConf: HiveConf of name hive.llap.io.cache.orc.alloc.max does not exist
2024-04-24T06:30:11,104  WARN [main] conf.HiveConf: HiveConf of name hive.dummyparam.test.server.specific.config.hivesite does not exist
2024-04-24T06:30:11,104  WARN [main] conf.HiveConf: HiveConf of name hive.dummyparam.test.server.specific.config.override does not exist
2024-04-24T06:30:11,104  WARN [main] conf.HiveConf: HiveConf of name hive.metastore.metadb.dir does not exist
2024-04-24T06:30:11,104  WARN [main] conf.HiveConf: HiveConf of name hive.llap.io.cache.orc.size does not exist
2024-04-24T06:30:11,106  INFO [main] utils.TestTxnDbUtil: Creating transactional tables
Hive Session ID = 4e9d65ca-7f8d-494a-9217-61bb282ccb05
2024-04-24T06:30:11,108  INFO [main] SessionState: Hive Session ID = 4e9d65ca-7f8d-494a-9217-61bb282ccb05
ivysettings.xml file not found in HIVE_HOME or HIVE_CONF_DIR,/home/alex/Repositories/hive/conf/ivysettings.xml will be used
2024-04-24T06:30:11,109  INFO [main] DependencyResolver: ivysettings.xml file not found in HIVE_HOME or HIVE_CONF_DIR,/home/alex/Repositories/hive/conf/ivysettings.xml will be used
2024-04-24T06:30:11,114  INFO [main] session.SessionState: Created HDFS directory: /home/alex/Repositories/hive/ql/target/tmp/scratchdir/alex/4e9d65ca-7f8d-494a-9217-61bb282ccb05
2024-04-24T06:30:11,116  INFO [main] session.SessionState: Created local directory: /home/alex/Repositories/hive/ql/target/tmp/localscratchdir/4e9d65ca-7f8d-494a-9217-61bb282ccb05
2024-04-24T06:30:11,119  INFO [main] session.SessionState: Created HDFS directory: /home/alex/Repositories/hive/ql/target/tmp/scratchdir/alex/4e9d65ca-7f8d-494a-9217-61bb282ccb05/_tmp_space.db
2024-04-24T06:30:11,119  INFO [main] sqlstd.SQLStdHiveAccessController: Created SQLStdHiveAccessController for session context : HiveAuthzSessionContext [sessionString=4e9d65ca-7f8d-494a-9217-61bb282ccb05, clientType=HIVECLI]
2024-04-24T06:30:11,120  INFO [main] ql.TxnCommandsBaseForTests: Running the query: drop table if exists acidTbl
2024-04-24T06:30:11,120  INFO [main] ql.Driver: Compiling command(queryId=alex_20240424063011_d811fe37-871e-46ed-9a2a-64670d44119f): drop table if exists acidTbl
2024-04-24T06:30:11,128  INFO [main] txn.TxnHandler: Added entries to MIN_HISTORY_LEVEL for current txns: ([1]) with min_open_txn: 1
2024-04-24T06:30:11,128  INFO [main] lockmgr.DbTxnManager: Opened txnid:1
2024-04-24T06:30:11,130  INFO [main] HiveMetaStore.audit: ugi=alex	ip=unknown-ip-addr	cmd=get_table : tbl=hive.default.acidTbl	
2024-04-24T06:30:11,133  INFO [main] ql.Driver: Semantic Analysis Completed (retrial = false)
2024-04-24T06:30:11,133  INFO [main] ql.Driver: Created Hive schema: Schema(fieldSchemas:null, properties:null)
2024-04-24T06:30:11,133  INFO [main] metadata.Hive: Dumping metastore api call timing information for : compilation phase
2024-04-24T06:30:11,133  INFO [main] metadata.Hive: Total time spent in each metastore function (ms): {openTxn_(String, TxnType)=8, getValidTxns_(long)=2, flushCache_()=0, commitTxn_(CommitTxnRequest)=10, isCompatibleWith_(Configuration)=1}
2024-04-24T06:30:11,133  INFO [main] ql.Driver: Completed compiling command(queryId=alex_20240424063011_d811fe37-871e-46ed-9a2a-64670d44119f); Time taken: 0.013 seconds
2024-04-24T06:30:11,134  INFO [main] lockmgr.DbTxnManager: Setting lock request transaction to txnid:1 for queryId=alex_20240424063011_d811fe37-871e-46ed-9a2a-64670d44119f
2024-04-24T06:30:11,134  INFO [main] ql.Driver: Operation DROPTABLE obtained 0 locks
2024-04-24T06:30:11,134  INFO [main] ql.Driver: Executing command(queryId=alex_20240424063011_d811fe37-871e-46ed-9a2a-64670d44119f): drop table if exists acidTbl
2024-04-24T06:30:11,134  INFO [main] ql.Driver: Starting task [Stage-0:DDL] in serial mode
2024-04-24T06:30:11,134  INFO [main] HiveMetaStore.audit: ugi=alex	ip=unknown-ip-addr	cmd=get_table : tbl=hive.default.acidTbl	
2024-04-24T06:30:11,137  INFO [main] metadata.Hive: Dumping metastore api call timing information for : execution phase
2024-04-24T06:30:11,137  INFO [main] metadata.Hive: Total time spent in each metastore function (ms): {isCompatibleWith_(Configuration)=0}
2024-04-24T06:30:11,137  INFO [main] ql.Driver: Completed executing command(queryId=alex_20240424063011_d811fe37-871e-46ed-9a2a-64670d44119f); Time taken: 0.003 seconds
2024-04-24T06:30:11,137  INFO [main] lockmgr.DbTxnManager: Stopped heartbeat for query: alex_20240424063011_d811fe37-871e-46ed-9a2a-64670d44119f
2024-04-24T06:30:11,142  INFO [main] txn.TxnHandler: Expected to move at least one record from txn_components to completed_txn_components when committing txn! txnid:1
2024-04-24T06:30:11,148  INFO [main] txn.TxnHandler: Removed transactions: ([1]) from MIN_HISTORY_LEVEL
2024-04-24T06:30:11,148  WARN [main] txn.CompactionTxnHandler: No compaction queue record found for Compaction type transaction commit. txnId:1
2024-04-24T06:30:11,149  INFO [main] ql.TxnCommandsBaseForTests: Running the query: drop table if exists acidTblPart
2024-04-24T06:30:11,149  INFO [main] ql.Driver: Compiling command(queryId=alex_20240424063011_791723dd-66cc-4322-95aa-4481e84764fb): drop table if exists acidTblPart
2024-04-24T06:30:11,151  INFO [main] txn.TxnHandler: Added entries to MIN_HISTORY_LEVEL for current txns: ([2]) with min_open_txn: 1
2024-04-24T06:30:11,151  INFO [main] lockmgr.DbTxnManager: Opened txnid:2
2024-04-24T06:30:11,152  INFO [main] HiveMetaStore.audit: ugi=alex	ip=unknown-ip-addr	cmd=get_table : tbl=hive.default.acidTblPart	
2024-04-24T06:30:11,154  INFO [main] ql.Driver: Semantic Analysis Completed (retrial = false)
2024-04-24T06:30:11,154  INFO [main] ql.Driver: Created Hive schema: Schema(fieldSchemas:null, properties:null)
2024-04-24T06:30:11,154  INFO [main] metadata.Hive: Dumping metastore api call timing information for : compilation phase
2024-04-24T06:30:11,154  INFO [main] metadata.Hive: Total time spent in each metastore function (ms): {flushCache_()=0, getValidTxns_(long)=0, openTxn_(String, TxnType)=2, isCompatibleWith_(Configuration)=0, commitTxn_(CommitTxnRequest)=12}
2024-04-24T06:30:11,155  INFO [main] ql.Driver: Completed compiling command(queryId=alex_20240424063011_791723dd-66cc-4322-95aa-4481e84764fb); Time taken: 0.005 seconds
2024-04-24T06:30:11,155  INFO [main] lockmgr.DbTxnManager: Setting lock request transaction to txnid:2 for queryId=alex_20240424063011_791723dd-66cc-4322-95aa-4481e84764fb
2024-04-24T06:30:11,155  INFO [main] ql.Driver: Operation DROPTABLE obtained 0 locks
2024-04-24T06:30:11,155  INFO [main] ql.Driver: Executing command(queryId=alex_20240424063011_791723dd-66cc-4322-95aa-4481e84764fb): drop table if exists acidTblPart
2024-04-24T06:30:11,155  INFO [main] ql.Driver: Starting task [Stage-0:DDL] in serial mode
2024-04-24T06:30:11,155  INFO [main] HiveMetaStore.audit: ugi=alex	ip=unknown-ip-addr	cmd=get_table : tbl=hive.default.acidTblPart	
2024-04-24T06:30:11,158  INFO [main] metadata.Hive: Dumping metastore api call timing information for : execution phase
2024-04-24T06:30:11,158  INFO [main] metadata.Hive: Total time spent in each metastore function (ms): {isCompatibleWith_(Configuration)=0}
2024-04-24T06:30:11,158  INFO [main] ql.Driver: Completed executing command(queryId=alex_20240424063011_791723dd-66cc-4322-95aa-4481e84764fb); Time taken: 0.003 seconds
2024-04-24T06:30:11,158  INFO [main] lockmgr.DbTxnManager: Stopped heartbeat for query: alex_20240424063011_791723dd-66cc-4322-95aa-4481e84764fb
2024-04-24T06:30:11,163  INFO [main] txn.TxnHandler: Expected to move at least one record from txn_components to completed_txn_components when committing txn! txnid:2
2024-04-24T06:30:11,168  INFO [main] txn.TxnHandler: Removed transactions: ([2]) from MIN_HISTORY_LEVEL
2024-04-24T06:30:11,168  WARN [main] txn.CompactionTxnHandler: No compaction queue record found for Compaction type transaction commit. txnId:2
2024-04-24T06:30:11,169  INFO [main] ql.TxnCommandsBaseForTests: Running the query: drop table if exists acidTbl2
2024-04-24T06:30:11,169  INFO [main] ql.Driver: Compiling command(queryId=alex_20240424063011_7f9ffebb-5187-4945-9d76-fddbd73f4fd9): drop table if exists acidTbl2
2024-04-24T06:30:11,171  INFO [main] txn.TxnHandler: Added entries to MIN_HISTORY_LEVEL for current txns: ([3]) with min_open_txn: 1
2024-04-24T06:30:11,171  INFO [main] lockmgr.DbTxnManager: Opened txnid:3
2024-04-24T06:30:11,172  INFO [main] HiveMetaStore.audit: ugi=alex	ip=unknown-ip-addr	cmd=get_table : tbl=hive.default.acidTbl2	
2024-04-24T06:30:11,174  INFO [main] ql.Driver: Semantic Analysis Completed (retrial = false)
2024-04-24T06:30:11,174  INFO [main] ql.Driver: Created Hive schema: Schema(fieldSchemas:null, properties:null)
2024-04-24T06:30:11,174  INFO [main] metadata.Hive: Dumping metastore api call timing information for : compilation phase
2024-04-24T06:30:11,174  INFO [main] metadata.Hive: Total time spent in each metastore function (ms): {openTxn_(String, TxnType)=2, flushCache_()=0, commitTxn_(CommitTxnRequest)=11, isCompatibleWith_(Configuration)=0, getValidTxns_(long)=0}
2024-04-24T06:30:11,174  INFO [main] ql.Driver: Completed compiling command(queryId=alex_20240424063011_7f9ffebb-5187-4945-9d76-fddbd73f4fd9); Time taken: 0.005 seconds
2024-04-24T06:30:11,175  INFO [main] lockmgr.DbTxnManager: Setting lock request transaction to txnid:3 for queryId=alex_20240424063011_7f9ffebb-5187-4945-9d76-fddbd73f4fd9
2024-04-24T06:30:11,175  INFO [main] ql.Driver: Operation DROPTABLE obtained 0 locks
2024-04-24T06:30:11,175  INFO [main] ql.Driver: Executing command(queryId=alex_20240424063011_7f9ffebb-5187-4945-9d76-fddbd73f4fd9): drop table if exists acidTbl2
2024-04-24T06:30:11,175  INFO [main] ql.Driver: Starting task [Stage-0:DDL] in serial mode
2024-04-24T06:30:11,175  INFO [main] HiveMetaStore.audit: ugi=alex	ip=unknown-ip-addr	cmd=get_table : tbl=hive.default.acidTbl2	
2024-04-24T06:30:11,178  INFO [main] metadata.Hive: Dumping metastore api call timing information for : execution phase
2024-04-24T06:30:11,178  INFO [main] metadata.Hive: Total time spent in each metastore function (ms): {isCompatibleWith_(Configuration)=0}
2024-04-24T06:30:11,178  INFO [main] ql.Driver: Completed executing command(queryId=alex_20240424063011_7f9ffebb-5187-4945-9d76-fddbd73f4fd9); Time taken: 0.003 seconds
2024-04-24T06:30:11,178  INFO [main] lockmgr.DbTxnManager: Stopped heartbeat for query: alex_20240424063011_7f9ffebb-5187-4945-9d76-fddbd73f4fd9
2024-04-24T06:30:11,183  INFO [main] txn.TxnHandler: Expected to move at least one record from txn_components to completed_txn_components when committing txn! txnid:3
2024-04-24T06:30:11,188  INFO [main] txn.TxnHandler: Removed transactions: ([3]) from MIN_HISTORY_LEVEL
2024-04-24T06:30:11,188  WARN [main] txn.CompactionTxnHandler: No compaction queue record found for Compaction type transaction commit. txnId:3
2024-04-24T06:30:11,189  INFO [main] ql.TxnCommandsBaseForTests: Running the query: drop table if exists nonAcidOrcTbl
2024-04-24T06:30:11,189  INFO [main] ql.Driver: Compiling command(queryId=alex_20240424063011_4140cc8a-fb1f-4dd8-90da-224f240a78e6): drop table if exists nonAcidOrcTbl
2024-04-24T06:30:11,191  INFO [main] txn.TxnHandler: Added entries to MIN_HISTORY_LEVEL for current txns: ([4]) with min_open_txn: 1
2024-04-24T06:30:11,191  INFO [main] lockmgr.DbTxnManager: Opened txnid:4
2024-04-24T06:30:11,192  INFO [main] HiveMetaStore.audit: ugi=alex	ip=unknown-ip-addr	cmd=get_table : tbl=hive.default.nonAcidOrcTbl	
2024-04-24T06:30:11,195  INFO [main] ql.Driver: Semantic Analysis Completed (retrial = false)
2024-04-24T06:30:11,195  INFO [main] ql.Driver: Created Hive schema: Schema(fieldSchemas:null, properties:null)
2024-04-24T06:30:11,195  INFO [main] metadata.Hive: Dumping metastore api call timing information for : compilation phase
2024-04-24T06:30:11,195  INFO [main] metadata.Hive: Total time spent in each metastore function (ms): {getValidTxns_(long)=0, isCompatibleWith_(Configuration)=0, openTxn_(String, TxnType)=2, commitTxn_(CommitTxnRequest)=11, flushCache_()=0}
2024-04-24T06:30:11,195  INFO [main] ql.Driver: Completed compiling command(queryId=alex_20240424063011_4140cc8a-fb1f-4dd8-90da-224f240a78e6); Time taken: 0.006 seconds
2024-04-24T06:30:11,195  INFO [main] lockmgr.DbTxnManager: Setting lock request transaction to txnid:4 for queryId=alex_20240424063011_4140cc8a-fb1f-4dd8-90da-224f240a78e6
2024-04-24T06:30:11,195  INFO [main] ql.Driver: Operation DROPTABLE obtained 0 locks
2024-04-24T06:30:11,195  INFO [main] ql.Driver: Executing command(queryId=alex_20240424063011_4140cc8a-fb1f-4dd8-90da-224f240a78e6): drop table if exists nonAcidOrcTbl
2024-04-24T06:30:11,195  INFO [main] ql.Driver: Starting task [Stage-0:DDL] in serial mode
2024-04-24T06:30:11,196  INFO [main] HiveMetaStore.audit: ugi=alex	ip=unknown-ip-addr	cmd=get_table : tbl=hive.default.nonAcidOrcTbl	
2024-04-24T06:30:11,198  INFO [main] metadata.Hive: Dumping metastore api call timing information for : execution phase
2024-04-24T06:30:11,199  INFO [main] metadata.Hive: Total time spent in each metastore function (ms): {isCompatibleWith_(Configuration)=0}
2024-04-24T06:30:11,199  INFO [main] ql.Driver: Completed executing command(queryId=alex_20240424063011_4140cc8a-fb1f-4dd8-90da-224f240a78e6); Time taken: 0.003 seconds
2024-04-24T06:30:11,199  INFO [main] lockmgr.DbTxnManager: Stopped heartbeat for query: alex_20240424063011_4140cc8a-fb1f-4dd8-90da-224f240a78e6
2024-04-24T06:30:11,204  INFO [main] txn.TxnHandler: Expected to move at least one record from txn_components to completed_txn_components when committing txn! txnid:4
2024-04-24T06:30:11,210  INFO [main] txn.TxnHandler: Removed transactions: ([4]) from MIN_HISTORY_LEVEL
2024-04-24T06:30:11,210  WARN [main] txn.CompactionTxnHandler: No compaction queue record found for Compaction type transaction commit. txnId:4
2024-04-24T06:30:11,210  INFO [main] ql.TxnCommandsBaseForTests: Running the query: drop table if exists nonAcidOrcTbl2
2024-04-24T06:30:11,211  INFO [main] ql.Driver: Compiling command(queryId=alex_20240424063011_5f1f457b-40b8-4720-9721-5c26ec2a33f0): drop table if exists nonAcidOrcTbl2
2024-04-24T06:30:11,213  INFO [main] txn.TxnHandler: Added entries to MIN_HISTORY_LEVEL for current txns: ([5]) with min_open_txn: 1
2024-04-24T06:30:11,213  INFO [main] lockmgr.DbTxnManager: Opened txnid:5
2024-04-24T06:30:11,213  INFO [main] HiveMetaStore.audit: ugi=alex	ip=unknown-ip-addr	cmd=get_table : tbl=hive.default.nonAcidOrcTbl2	
2024-04-24T06:30:11,216  INFO [main] ql.Driver: Semantic Analysis Completed (retrial = false)
2024-04-24T06:30:11,216  INFO [main] ql.Driver: Created Hive schema: Schema(fieldSchemas:null, properties:null)
2024-04-24T06:30:11,216  INFO [main] metadata.Hive: Dumping metastore api call timing information for : compilation phase
2024-04-24T06:30:11,216  INFO [main] metadata.Hive: Total time spent in each metastore function (ms): {flushCache_()=0, commitTxn_(CommitTxnRequest)=11, getValidTxns_(long)=0, openTxn_(String, TxnType)=2, isCompatibleWith_(Configuration)=0}
2024-04-24T06:30:11,216  INFO [main] ql.Driver: Completed compiling command(queryId=alex_20240424063011_5f1f457b-40b8-4720-9721-5c26ec2a33f0); Time taken: 0.005 seconds
2024-04-24T06:30:11,217  INFO [main] lockmgr.DbTxnManager: Setting lock request transaction to txnid:5 for queryId=alex_20240424063011_5f1f457b-40b8-4720-9721-5c26ec2a33f0
2024-04-24T06:30:11,217  INFO [main] ql.Driver: Operation DROPTABLE obtained 0 locks
2024-04-24T06:30:11,217  INFO [main] ql.Driver: Executing command(queryId=alex_20240424063011_5f1f457b-40b8-4720-9721-5c26ec2a33f0): drop table if exists nonAcidOrcTbl2
2024-04-24T06:30:11,217  INFO [main] ql.Driver: Starting task [Stage-0:DDL] in serial mode
2024-04-24T06:30:11,217  INFO [main] HiveMetaStore.audit: ugi=alex	ip=unknown-ip-addr	cmd=get_table : tbl=hive.default.nonAcidOrcTbl2	
2024-04-24T06:30:11,220  INFO [main] metadata.Hive: Dumping metastore api call timing information for : execution phase
2024-04-24T06:30:11,220  INFO [main] metadata.Hive: Total time spent in each metastore function (ms): {isCompatibleWith_(Configuration)=0}
2024-04-24T06:30:11,220  INFO [main] ql.Driver: Completed executing command(queryId=alex_20240424063011_5f1f457b-40b8-4720-9721-5c26ec2a33f0); Time taken: 0.003 seconds
2024-04-24T06:30:11,220  INFO [main] lockmgr.DbTxnManager: Stopped heartbeat for query: alex_20240424063011_5f1f457b-40b8-4720-9721-5c26ec2a33f0
2024-04-24T06:30:11,225  INFO [main] txn.TxnHandler: Expected to move at least one record from txn_components to completed_txn_components when committing txn! txnid:5
2024-04-24T06:30:11,230  INFO [main] txn.TxnHandler: Removed transactions: ([5]) from MIN_HISTORY_LEVEL
2024-04-24T06:30:11,230  WARN [main] txn.CompactionTxnHandler: No compaction queue record found for Compaction type transaction commit. txnId:5
2024-04-24T06:30:11,230  INFO [main] ql.TxnCommandsBaseForTests: Running the query: drop table if exists nonAcidNonBucket
2024-04-24T06:30:11,231  INFO [main] ql.Driver: Compiling command(queryId=alex_20240424063011_2836bbbd-b248-4146-b165-b722614e9e7a): drop table if exists nonAcidNonBucket
2024-04-24T06:30:11,232  INFO [main] txn.TxnHandler: Added entries to MIN_HISTORY_LEVEL for current txns: ([6]) with min_open_txn: 1
2024-04-24T06:30:11,233  INFO [main] lockmgr.DbTxnManager: Opened txnid:6
2024-04-24T06:30:11,233  INFO [main] HiveMetaStore.audit: ugi=alex	ip=unknown-ip-addr	cmd=get_table : tbl=hive.default.nonAcidNonBucket	
2024-04-24T06:30:11,236  INFO [main] ql.Driver: Semantic Analysis Completed (retrial = false)
2024-04-24T06:30:11,236  INFO [main] ql.Driver: Created Hive schema: Schema(fieldSchemas:null, properties:null)
2024-04-24T06:30:11,236  INFO [main] metadata.Hive: Dumping metastore api call timing information for : compilation phase
2024-04-24T06:30:11,236  INFO [main] metadata.Hive: Total time spent in each metastore function (ms): {openTxn_(String, TxnType)=2, flushCache_()=0, isCompatibleWith_(Configuration)=0, getValidTxns_(long)=0, commitTxn_(CommitTxnRequest)=10}
2024-04-24T06:30:11,236  INFO [main] ql.Driver: Completed compiling command(queryId=alex_20240424063011_2836bbbd-b248-4146-b165-b722614e9e7a); Time taken: 0.005 seconds
2024-04-24T06:30:11,237  INFO [main] lockmgr.DbTxnManager: Setting lock request transaction to txnid:6 for queryId=alex_20240424063011_2836bbbd-b248-4146-b165-b722614e9e7a
2024-04-24T06:30:11,237  INFO [main] ql.Driver: Operation DROPTABLE obtained 0 locks
2024-04-24T06:30:11,237  INFO [main] ql.Driver: Executing command(queryId=alex_20240424063011_2836bbbd-b248-4146-b165-b722614e9e7a): drop table if exists nonAcidNonBucket
2024-04-24T06:30:11,237  INFO [main] ql.Driver: Starting task [Stage-0:DDL] in serial mode
2024-04-24T06:30:11,237  INFO [main] HiveMetaStore.audit: ugi=alex	ip=unknown-ip-addr	cmd=get_table : tbl=hive.default.nonAcidNonBucket	
2024-04-24T06:30:11,240  INFO [main] metadata.Hive: Dumping metastore api call timing information for : execution phase
2024-04-24T06:30:11,240  INFO [main] metadata.Hive: Total time spent in each metastore function (ms): {isCompatibleWith_(Configuration)=0}
2024-04-24T06:30:11,240  INFO [main] ql.Driver: Completed executing command(queryId=alex_20240424063011_2836bbbd-b248-4146-b165-b722614e9e7a); Time taken: 0.003 seconds
2024-04-24T06:30:11,240  INFO [main] lockmgr.DbTxnManager: Stopped heartbeat for query: alex_20240424063011_2836bbbd-b248-4146-b165-b722614e9e7a
2024-04-24T06:30:11,245  INFO [main] txn.TxnHandler: Expected to move at least one record from txn_components to completed_txn_components when committing txn! txnid:6
2024-04-24T06:30:11,250  INFO [main] txn.TxnHandler: Removed transactions: ([6]) from MIN_HISTORY_LEVEL
2024-04-24T06:30:11,250  WARN [main] txn.CompactionTxnHandler: No compaction queue record found for Compaction type transaction commit. txnId:6
2024-04-24T06:30:11,251  INFO [main] ql.TxnCommandsBaseForTests: Running the query: create table acidTbl(a int, b int) clustered by (a) into 2 buckets stored as orc TBLPROPERTIES ('transactional'='true')
2024-04-24T06:30:11,251  INFO [main] ql.Driver: Compiling command(queryId=alex_20240424063011_feb78775-5468-41c6-88b0-1002c7135d36): create table acidTbl(a int, b int) clustered by (a) into 2 buckets stored as orc TBLPROPERTIES ('transactional'='true')
2024-04-24T06:30:11,253  INFO [main] txn.TxnHandler: Added entries to MIN_HISTORY_LEVEL for current txns: ([7]) with min_open_txn: 1
2024-04-24T06:30:11,253  INFO [main] lockmgr.DbTxnManager: Opened txnid:7
2024-04-24T06:30:11,253  INFO [main] parse.CalcitePlanner: Starting caching scope for: 
2024-04-24T06:30:11,253  INFO [main] parse.CalcitePlanner: Starting Semantic Analysis
2024-04-24T06:30:11,259  INFO [main] parse.CalcitePlanner: Creating table default.acidTbl position=13
2024-04-24T06:30:11,259  INFO [main] HiveMetaStore.audit: ugi=alex	ip=unknown-ip-addr	cmd=get_database: default	
2024-04-24T06:30:11,260  INFO [main] parse.CalcitePlanner: Ending caching scope for: 
2024-04-24T06:30:11,260  INFO [main] ql.Driver: Semantic Analysis Completed (retrial = false)
2024-04-24T06:30:11,260  INFO [main] ql.Driver: Created Hive schema: Schema(fieldSchemas:null, properties:null)
2024-04-24T06:30:11,261  INFO [main] metadata.Hive: Dumping metastore api call timing information for : compilation phase
2024-04-24T06:30:11,261  INFO [main] metadata.Hive: Total time spent in each metastore function (ms): {openTxn_(String, TxnType)=2, getValidTxns_(long)=0, getDatabase_(String)=1, isCompatibleWith_(Configuration)=0, flushCache_()=0, getValidWriteIds_(List, String)=5, commitTxn_(CommitTxnRequest)=10}
2024-04-24T06:30:11,261  INFO [main] ql.Driver: Completed compiling command(queryId=alex_20240424063011_feb78775-5468-41c6-88b0-1002c7135d36); Time taken: 0.009 seconds
2024-04-24T06:30:11,261  INFO [main] lockmgr.DbTxnManager: Setting lock request transaction to txnid:7 for queryId=alex_20240424063011_feb78775-5468-41c6-88b0-1002c7135d36
2024-04-24T06:30:11,261  INFO [main] lockmgr.DbLockManager: Requesting lock for queryId=alex_20240424063011_feb78775-5468-41c6-88b0-1002c7135d36
2024-04-24T06:30:11,278  INFO [main] lockmgr.DbLockManager: Response to queryId=alex_20240424063011_feb78775-5468-41c6-88b0-1002c7135d36 LockResponse(lockid:1, state:ACQUIRED)
2024-04-24T06:30:11,278  INFO [main] ql.Driver: Operation CREATETABLE obtained 1 locks
2024-04-24T06:30:11,278  INFO [main] ql.Driver: Executing command(queryId=alex_20240424063011_feb78775-5468-41c6-88b0-1002c7135d36): create table acidTbl(a int, b int) clustered by (a) into 2 buckets stored as orc TBLPROPERTIES ('transactional'='true')
2024-04-24T06:30:11,278  INFO [main] ql.Driver: Starting task [Stage-0:DDL] in serial mode
2024-04-24T06:30:11,279  INFO [main] HiveMetaStore.audit: ugi=alex	ip=unknown-ip-addr	cmd=create_table_req: Table(tableName:acidTbl, dbName:default, owner:alex, createTime:1713965411, lastAccessTime:0, retention:0, sd:StorageDescriptor(cols:[FieldSchema(name:a, type:int, comment:null), FieldSchema(name:b, type:int, comment:null)], location:null, inputFormat:org.apache.hadoop.hive.ql.io.orc.OrcInputFormat, outputFormat:org.apache.hadoop.hive.ql.io.orc.OrcOutputFormat, compressed:false, numBuckets:2, serdeInfo:SerDeInfo(name:null, serializationLib:org.apache.hadoop.hive.ql.io.orc.OrcSerde, parameters:{serialization.format=1}), bucketCols:[a], sortCols:[], parameters:{}, skewedInfo:SkewedInfo(skewedColNames:[], skewedColValues:[], skewedColValueLocationMaps:{}), storedAsSubDirectories:false), partitionKeys:[], parameters:{transactional=true, numFiles=0, totalSize=0, numFilesErasureCoded=0, bucketing_version=2, COLUMN_STATS_ACCURATE={"BASIC_STATS":"true","COLUMN_STATS":{"a":"true","b":"true"}}, rawDataSize=0, numRows=0}, viewOriginalText:null, viewExpandedText:null, tableType:MANAGED_TABLE, privileges:PrincipalPrivilegeSet(userPrivileges:{alex=[PrivilegeGrantInfo(privilege:INSERT, createTime:-1, grantor:alex, grantorType:USER, grantOption:true), PrivilegeGrantInfo(privilege:SELECT, createTime:-1, grantor:alex, grantorType:USER, grantOption:true), PrivilegeGrantInfo(privilege:UPDATE, createTime:-1, grantor:alex, grantorType:USER, grantOption:true), PrivilegeGrantInfo(privilege:DELETE, createTime:-1, grantor:alex, grantorType:USER, grantOption:true)]}, groupPrivileges:null, rolePrivileges:null), temporary:false, catName:hive, ownerType:USER, writeId:0)	
2024-04-24T06:30:11,284  INFO [main] utils.FileUtils: Creating directory if it doesn't exist: file:/home/alex/Repositories/hive/ql/target/tmp/org.apache.hadoop.hive.ql.TestTxnCommands-1713965238357/warehouse/acidtbl
2024-04-24T06:30:11,323  INFO [main] metadata.Hive: Dumping metastore api call timing information for : execution phase
2024-04-24T06:30:11,324  INFO [main] metadata.Hive: Total time spent in each metastore function (ms): {createTable_(Table)=44, isCompatibleWith_(Configuration)=1}
2024-04-24T06:30:11,324  INFO [main] ql.Driver: Completed executing command(queryId=alex_20240424063011_feb78775-5468-41c6-88b0-1002c7135d36); Time taken: 0.045 seconds
2024-04-24T06:30:11,324  INFO [main] lockmgr.DbTxnManager: Stopped heartbeat for query: alex_20240424063011_feb78775-5468-41c6-88b0-1002c7135d36
2024-04-24T06:30:11,328  INFO [main] txn.TxnHandler: Expected to move at least one record from txn_components to completed_txn_components when committing txn! txnid:7
2024-04-24T06:30:11,334  INFO [main] txn.TxnHandler: Removed transactions: ([7]) from MIN_HISTORY_LEVEL
2024-04-24T06:30:11,336  WARN [main] txn.CompactionTxnHandler: No compaction queue record found for Compaction type transaction commit. txnId:7
2024-04-24T06:30:11,336  INFO [main] ql.TxnCommandsBaseForTests: Running the query: create table acidTblPart(a int, b int) partitioned by (p string) clustered by (a) into 2 buckets stored as orc TBLPROPERTIES ('transactional'='true')
2024-04-24T06:30:11,336  INFO [main] ql.Driver: Compiling command(queryId=alex_20240424063011_1fa9abd0-24d7-4456-9c87-ae6d1b8834fb): create table acidTblPart(a int, b int) partitioned by (p string) clustered by (a) into 2 buckets stored as orc TBLPROPERTIES ('transactional'='true')
2024-04-24T06:30:11,339  INFO [main] txn.TxnHandler: Added entries to MIN_HISTORY_LEVEL for current txns: ([8]) with min_open_txn: 1
2024-04-24T06:30:11,339  INFO [main] lockmgr.DbTxnManager: Opened txnid:8
2024-04-24T06:30:11,339  INFO [main] parse.CalcitePlanner: Starting caching scope for: 
2024-04-24T06:30:11,339  INFO [main] parse.CalcitePlanner: Starting Semantic Analysis
2024-04-24T06:30:11,342  INFO [main] parse.CalcitePlanner: Creating table default.acidTblPart position=13
2024-04-24T06:30:11,342  INFO [main] HiveMetaStore.audit: ugi=alex	ip=unknown-ip-addr	cmd=get_database: default	
2024-04-24T06:30:11,343  INFO [main] parse.CalcitePlanner: Ending caching scope for: 
2024-04-24T06:30:11,343  INFO [main] ql.Driver: Semantic Analysis Completed (retrial = false)
2024-04-24T06:30:11,343  INFO [main] ql.Driver: Created Hive schema: Schema(fieldSchemas:null, properties:null)
2024-04-24T06:30:11,343  INFO [main] metadata.Hive: Dumping metastore api call timing information for : compilation phase
2024-04-24T06:30:11,343  INFO [main] metadata.Hive: Total time spent in each metastore function (ms): {openTxn_(String, TxnType)=2, flushCache_()=0, getValidWriteIds_(List, String)=2, commitTxn_(CommitTxnRequest)=12, getDatabase_(String)=1, isCompatibleWith_(Configuration)=0, getValidTxns_(long)=0}
2024-04-24T06:30:11,344  INFO [main] ql.Driver: Completed compiling command(queryId=alex_20240424063011_1fa9abd0-24d7-4456-9c87-ae6d1b8834fb); Time taken: 0.007 seconds
2024-04-24T06:30:11,344  INFO [main] lockmgr.DbTxnManager: Setting lock request transaction to txnid:8 for queryId=alex_20240424063011_1fa9abd0-24d7-4456-9c87-ae6d1b8834fb
2024-04-24T06:30:11,344  INFO [main] lockmgr.DbLockManager: Requesting lock for queryId=alex_20240424063011_1fa9abd0-24d7-4456-9c87-ae6d1b8834fb
2024-04-24T06:30:11,358  INFO [main] lockmgr.DbLockManager: Response to queryId=alex_20240424063011_1fa9abd0-24d7-4456-9c87-ae6d1b8834fb LockResponse(lockid:2, state:ACQUIRED)
2024-04-24T06:30:11,358  INFO [main] ql.Driver: Operation CREATETABLE obtained 1 locks
2024-04-24T06:30:11,359  INFO [main] ql.Driver: Executing command(queryId=alex_20240424063011_1fa9abd0-24d7-4456-9c87-ae6d1b8834fb): create table acidTblPart(a int, b int) partitioned by (p string) clustered by (a) into 2 buckets stored as orc TBLPROPERTIES ('transactional'='true')
2024-04-24T06:30:11,359  INFO [main] ql.Driver: Starting task [Stage-0:DDL] in serial mode
2024-04-24T06:30:11,360  INFO [main] HiveMetaStore.audit: ugi=alex	ip=unknown-ip-addr	cmd=create_table_req: Table(tableName:acidTblPart, dbName:default, owner:alex, createTime:1713965411, lastAccessTime:0, retention:0, sd:StorageDescriptor(cols:[FieldSchema(name:a, type:int, comment:null), FieldSchema(name:b, type:int, comment:null)], location:null, inputFormat:org.apache.hadoop.hive.ql.io.orc.OrcInputFormat, outputFormat:org.apache.hadoop.hive.ql.io.orc.OrcOutputFormat, compressed:false, numBuckets:2, serdeInfo:SerDeInfo(name:null, serializationLib:org.apache.hadoop.hive.ql.io.orc.OrcSerde, parameters:{serialization.format=1}), bucketCols:[a], sortCols:[], parameters:{}, skewedInfo:SkewedInfo(skewedColNames:[], skewedColValues:[], skewedColValueLocationMaps:{}), storedAsSubDirectories:false), partitionKeys:[FieldSchema(name:p, type:string, comment:null)], parameters:{transactional=true, bucketing_version=2}, viewOriginalText:null, viewExpandedText:null, tableType:MANAGED_TABLE, privileges:PrincipalPrivilegeSet(userPrivileges:{alex=[PrivilegeGrantInfo(privilege:INSERT, createTime:-1, grantor:alex, grantorType:USER, grantOption:true), PrivilegeGrantInfo(privilege:SELECT, createTime:-1, grantor:alex, grantorType:USER, grantOption:true), PrivilegeGrantInfo(privilege:UPDATE, createTime:-1, grantor:alex, grantorType:USER, grantOption:true), PrivilegeGrantInfo(privilege:DELETE, createTime:-1, grantor:alex, grantorType:USER, grantOption:true)]}, groupPrivileges:null, rolePrivileges:null), temporary:false, catName:hive, ownerType:USER, writeId:0)	
2024-04-24T06:30:11,365  INFO [main] utils.FileUtils: Creating directory if it doesn't exist: file:/home/alex/Repositories/hive/ql/target/tmp/org.apache.hadoop.hive.ql.TestTxnCommands-1713965238357/warehouse/acidtblpart
2024-04-24T06:30:11,380  INFO [main] metadata.Hive: Dumping metastore api call timing information for : execution phase
2024-04-24T06:30:11,380  INFO [main] metadata.Hive: Total time spent in each metastore function (ms): {createTable_(Table)=20, isCompatibleWith_(Configuration)=0}
2024-04-24T06:30:11,380  INFO [main] ql.Driver: Completed executing command(queryId=alex_20240424063011_1fa9abd0-24d7-4456-9c87-ae6d1b8834fb); Time taken: 0.021 seconds
2024-04-24T06:30:11,381  INFO [main] lockmgr.DbTxnManager: Stopped heartbeat for query: alex_20240424063011_1fa9abd0-24d7-4456-9c87-ae6d1b8834fb
2024-04-24T06:30:11,385  INFO [main] txn.TxnHandler: Expected to move at least one record from txn_components to completed_txn_components when committing txn! txnid:8
2024-04-24T06:30:11,391  INFO [main] txn.TxnHandler: Removed transactions: ([8]) from MIN_HISTORY_LEVEL
2024-04-24T06:30:11,391  WARN [main] txn.CompactionTxnHandler: No compaction queue record found for Compaction type transaction commit. txnId:8
2024-04-24T06:30:11,391  INFO [main] ql.TxnCommandsBaseForTests: Running the query: create table nonAcidOrcTbl(a int, b int) clustered by (a) into 2 buckets stored as orc TBLPROPERTIES ('transactional'='false')
2024-04-24T06:30:11,392  INFO [main] ql.Driver: Compiling command(queryId=alex_20240424063011_db688c56-80b7-4a0a-a518-e00bf29a4c5f): create table nonAcidOrcTbl(a int, b int) clustered by (a) into 2 buckets stored as orc TBLPROPERTIES ('transactional'='false')
2024-04-24T06:30:11,394  INFO [main] txn.TxnHandler: Added entries to MIN_HISTORY_LEVEL for current txns: ([9]) with min_open_txn: 1
2024-04-24T06:30:11,394  INFO [main] lockmgr.DbTxnManager: Opened txnid:9
2024-04-24T06:30:11,394  INFO [main] parse.CalcitePlanner: Starting caching scope for: 
2024-04-24T06:30:11,394  INFO [main] parse.CalcitePlanner: Starting Semantic Analysis
2024-04-24T06:30:11,397  INFO [main] parse.CalcitePlanner: Creating table default.nonAcidOrcTbl position=13
2024-04-24T06:30:11,397  INFO [main] HiveMetaStore.audit: ugi=alex	ip=unknown-ip-addr	cmd=get_database: default	
2024-04-24T06:30:11,399  INFO [main] parse.CalcitePlanner: Ending caching scope for: 
2024-04-24T06:30:11,399  INFO [main] ql.Driver: Semantic Analysis Completed (retrial = false)
2024-04-24T06:30:11,399  INFO [main] ql.Driver: Created Hive schema: Schema(fieldSchemas:null, properties:null)
2024-04-24T06:30:11,399  INFO [main] metadata.Hive: Dumping metastore api call timing information for : compilation phase
2024-04-24T06:30:11,399  INFO [main] metadata.Hive: Total time spent in each metastore function (ms): {getDatabase_(String)=1, flushCache_()=0, openTxn_(String, TxnType)=2, isCompatibleWith_(Configuration)=0, getValidWriteIds_(List, String)=3, commitTxn_(CommitTxnRequest)=10, getValidTxns_(long)=0}
2024-04-24T06:30:11,399  INFO [main] ql.Driver: Completed compiling command(queryId=alex_20240424063011_db688c56-80b7-4a0a-a518-e00bf29a4c5f); Time taken: 0.007 seconds
2024-04-24T06:30:11,399  INFO [main] lockmgr.DbTxnManager: Setting lock request transaction to txnid:9 for queryId=alex_20240424063011_db688c56-80b7-4a0a-a518-e00bf29a4c5f
2024-04-24T06:30:11,399  INFO [main] lockmgr.DbLockManager: Requesting lock for queryId=alex_20240424063011_db688c56-80b7-4a0a-a518-e00bf29a4c5f
2024-04-24T06:30:11,415  INFO [main] lockmgr.DbLockManager: Response to queryId=alex_20240424063011_db688c56-80b7-4a0a-a518-e00bf29a4c5f LockResponse(lockid:3, state:ACQUIRED)
2024-04-24T06:30:11,415  INFO [main] ql.Driver: Operation CREATETABLE obtained 1 locks
2024-04-24T06:30:11,415  INFO [main] ql.Driver: Executing command(queryId=alex_20240424063011_db688c56-80b7-4a0a-a518-e00bf29a4c5f): create table nonAcidOrcTbl(a int, b int) clustered by (a) into 2 buckets stored as orc TBLPROPERTIES ('transactional'='false')
2024-04-24T06:30:11,415  INFO [main] ql.Driver: Starting task [Stage-0:DDL] in serial mode
2024-04-24T06:30:11,416  INFO [main] HiveMetaStore.audit: ugi=alex	ip=unknown-ip-addr	cmd=create_table_req: Table(tableName:nonAcidOrcTbl, dbName:default, owner:alex, createTime:1713965411, lastAccessTime:0, retention:0, sd:StorageDescriptor(cols:[FieldSchema(name:a, type:int, comment:null), FieldSchema(name:b, type:int, comment:null)], location:null, inputFormat:org.apache.hadoop.hive.ql.io.orc.OrcInputFormat, outputFormat:org.apache.hadoop.hive.ql.io.orc.OrcOutputFormat, compressed:false, numBuckets:2, serdeInfo:SerDeInfo(name:null, serializationLib:org.apache.hadoop.hive.ql.io.orc.OrcSerde, parameters:{serialization.format=1}), bucketCols:[a], sortCols:[], parameters:{}, skewedInfo:SkewedInfo(skewedColNames:[], skewedColValues:[], skewedColValueLocationMaps:{}), storedAsSubDirectories:false), partitionKeys:[], parameters:{transactional=false, totalSize=0, COLUMN_STATS_ACCURATE={"BASIC_STATS":"true","COLUMN_STATS":{"a":"true","b":"true"}}, numFilesErasureCoded=0, rawDataSize=0, bucketing_version=2, numRows=0, numFiles=0}, viewOriginalText:null, viewExpandedText:null, tableType:MANAGED_TABLE, privileges:PrincipalPrivilegeSet(userPrivileges:{alex=[PrivilegeGrantInfo(privilege:INSERT, createTime:-1, grantor:alex, grantorType:USER, grantOption:true), PrivilegeGrantInfo(privilege:SELECT, createTime:-1, grantor:alex, grantorType:USER, grantOption:true), PrivilegeGrantInfo(privilege:UPDATE, createTime:-1, grantor:alex, grantorType:USER, grantOption:true), PrivilegeGrantInfo(privilege:DELETE, createTime:-1, grantor:alex, grantorType:USER, grantOption:true)]}, groupPrivileges:null, rolePrivileges:null), temporary:false, catName:hive, ownerType:USER)	
2024-04-24T06:30:11,421  INFO [main] utils.FileUtils: Creating directory if it doesn't exist: file:/home/alex/Repositories/hive/ql/target/tmp/org.apache.hadoop.hive.ql.TestTxnCommands-1713965238357/warehouse/nonacidorctbl
2024-04-24T06:30:11,435  INFO [main] metadata.Hive: Dumping metastore api call timing information for : execution phase
2024-04-24T06:30:11,435  INFO [main] metadata.Hive: Total time spent in each metastore function (ms): {createTable_(Table)=19, isCompatibleWith_(Configuration)=0}
2024-04-24T06:30:11,435  INFO [main] ql.Driver: Completed executing command(queryId=alex_20240424063011_db688c56-80b7-4a0a-a518-e00bf29a4c5f); Time taken: 0.02 seconds
2024-04-24T06:30:11,436  INFO [main] lockmgr.DbTxnManager: Stopped heartbeat for query: alex_20240424063011_db688c56-80b7-4a0a-a518-e00bf29a4c5f
2024-04-24T06:30:11,439  INFO [main] txn.TxnHandler: Expected to move at least one record from txn_components to completed_txn_components when committing txn! txnid:9
2024-04-24T06:30:11,446  INFO [main] txn.TxnHandler: Removed transactions: ([9]) from MIN_HISTORY_LEVEL
2024-04-24T06:30:11,446  WARN [main] txn.CompactionTxnHandler: No compaction queue record found for Compaction type transaction commit. txnId:9
2024-04-24T06:30:11,446  INFO [main] ql.TxnCommandsBaseForTests: Running the query: create table nonAcidOrcTbl2(a int, b int) clustered by (a) into 2 buckets stored as orc TBLPROPERTIES ('transactional'='false')
2024-04-24T06:30:11,446  INFO [main] ql.Driver: Compiling command(queryId=alex_20240424063011_6e0073e8-ae3c-4e94-81b9-5de04d1248e7): create table nonAcidOrcTbl2(a int, b int) clustered by (a) into 2 buckets stored as orc TBLPROPERTIES ('transactional'='false')
2024-04-24T06:30:11,448  INFO [main] txn.TxnHandler: Added entries to MIN_HISTORY_LEVEL for current txns: ([10]) with min_open_txn: 1
2024-04-24T06:30:11,449  INFO [main] lockmgr.DbTxnManager: Opened txnid:10
2024-04-24T06:30:11,449  INFO [main] parse.CalcitePlanner: Starting caching scope for: 
2024-04-24T06:30:11,449  INFO [main] parse.CalcitePlanner: Starting Semantic Analysis
2024-04-24T06:30:11,451  INFO [main] parse.CalcitePlanner: Creating table default.nonAcidOrcTbl2 position=13
2024-04-24T06:30:11,451  INFO [main] HiveMetaStore.audit: ugi=alex	ip=unknown-ip-addr	cmd=get_database: default	
2024-04-24T06:30:11,453  INFO [main] parse.CalcitePlanner: Ending caching scope for: 
2024-04-24T06:30:11,453  INFO [main] ql.Driver: Semantic Analysis Completed (retrial = false)
2024-04-24T06:30:11,453  INFO [main] ql.Driver: Created Hive schema: Schema(fieldSchemas:null, properties:null)
2024-04-24T06:30:11,453  INFO [main] metadata.Hive: Dumping metastore api call timing information for : compilation phase
2024-04-24T06:30:11,453  INFO [main] metadata.Hive: Total time spent in each metastore function (ms): {getValidWriteIds_(List, String)=2, isCompatibleWith_(Configuration)=0, getValidTxns_(long)=0, getDatabase_(String)=2, commitTxn_(CommitTxnRequest)=10, flushCache_()=0, openTxn_(String, TxnType)=2}
2024-04-24T06:30:11,453  INFO [main] ql.Driver: Completed compiling command(queryId=alex_20240424063011_6e0073e8-ae3c-4e94-81b9-5de04d1248e7); Time taken: 0.007 seconds
2024-04-24T06:30:11,454  INFO [main] lockmgr.DbTxnManager: Setting lock request transaction to txnid:10 for queryId=alex_20240424063011_6e0073e8-ae3c-4e94-81b9-5de04d1248e7
2024-04-24T06:30:11,454  INFO [main] lockmgr.DbLockManager: Requesting lock for queryId=alex_20240424063011_6e0073e8-ae3c-4e94-81b9-5de04d1248e7
2024-04-24T06:30:11,467  INFO [main] lockmgr.DbLockManager: Response to queryId=alex_20240424063011_6e0073e8-ae3c-4e94-81b9-5de04d1248e7 LockResponse(lockid:4, state:ACQUIRED)
2024-04-24T06:30:11,467  INFO [main] ql.Driver: Operation CREATETABLE obtained 1 locks
2024-04-24T06:30:11,467  INFO [main] ql.Driver: Executing command(queryId=alex_20240424063011_6e0073e8-ae3c-4e94-81b9-5de04d1248e7): create table nonAcidOrcTbl2(a int, b int) clustered by (a) into 2 buckets stored as orc TBLPROPERTIES ('transactional'='false')
2024-04-24T06:30:11,467  INFO [main] ql.Driver: Starting task [Stage-0:DDL] in serial mode
2024-04-24T06:30:11,468  INFO [main] HiveMetaStore.audit: ugi=alex	ip=unknown-ip-addr	cmd=create_table_req: Table(tableName:nonAcidOrcTbl2, dbName:default, owner:alex, createTime:1713965411, lastAccessTime:0, retention:0, sd:StorageDescriptor(cols:[FieldSchema(name:a, type:int, comment:null), FieldSchema(name:b, type:int, comment:null)], location:null, inputFormat:org.apache.hadoop.hive.ql.io.orc.OrcInputFormat, outputFormat:org.apache.hadoop.hive.ql.io.orc.OrcOutputFormat, compressed:false, numBuckets:2, serdeInfo:SerDeInfo(name:null, serializationLib:org.apache.hadoop.hive.ql.io.orc.OrcSerde, parameters:{serialization.format=1}), bucketCols:[a], sortCols:[], parameters:{}, skewedInfo:SkewedInfo(skewedColNames:[], skewedColValues:[], skewedColValueLocationMaps:{}), storedAsSubDirectories:false), partitionKeys:[], parameters:{bucketing_version=2, totalSize=0, rawDataSize=0, numFilesErasureCoded=0, COLUMN_STATS_ACCURATE={"BASIC_STATS":"true","COLUMN_STATS":{"a":"true","b":"true"}}, numFiles=0, transactional=false, numRows=0}, viewOriginalText:null, viewExpandedText:null, tableType:MANAGED_TABLE, privileges:PrincipalPrivilegeSet(userPrivileges:{alex=[PrivilegeGrantInfo(privilege:INSERT, createTime:-1, grantor:alex, grantorType:USER, grantOption:true), PrivilegeGrantInfo(privilege:SELECT, createTime:-1, grantor:alex, grantorType:USER, grantOption:true), PrivilegeGrantInfo(privilege:UPDATE, createTime:-1, grantor:alex, grantorType:USER, grantOption:true), PrivilegeGrantInfo(privilege:DELETE, createTime:-1, grantor:alex, grantorType:USER, grantOption:true)]}, groupPrivileges:null, rolePrivileges:null), temporary:false, catName:hive, ownerType:USER)	
2024-04-24T06:30:11,473  INFO [main] utils.FileUtils: Creating directory if it doesn't exist: file:/home/alex/Repositories/hive/ql/target/tmp/org.apache.hadoop.hive.ql.TestTxnCommands-1713965238357/warehouse/nonacidorctbl2
2024-04-24T06:30:11,487  INFO [main] metadata.Hive: Dumping metastore api call timing information for : execution phase
2024-04-24T06:30:11,487  INFO [main] metadata.Hive: Total time spent in each metastore function (ms): {createTable_(Table)=19, isCompatibleWith_(Configuration)=0}
2024-04-24T06:30:11,487  INFO [main] ql.Driver: Completed executing command(queryId=alex_20240424063011_6e0073e8-ae3c-4e94-81b9-5de04d1248e7); Time taken: 0.02 seconds
2024-04-24T06:30:11,487  INFO [main] lockmgr.DbTxnManager: Stopped heartbeat for query: alex_20240424063011_6e0073e8-ae3c-4e94-81b9-5de04d1248e7
2024-04-24T06:30:11,491  INFO [main] txn.TxnHandler: Expected to move at least one record from txn_components to completed_txn_components when committing txn! txnid:10
2024-04-24T06:30:11,496  INFO [main] txn.TxnHandler: Removed transactions: ([10]) from MIN_HISTORY_LEVEL
2024-04-24T06:30:11,496  WARN [main] txn.CompactionTxnHandler: No compaction queue record found for Compaction type transaction commit. txnId:10
2024-04-24T06:30:11,497  INFO [main] ql.TxnCommandsBaseForTests: Running the query: create temporary  table acidTbl2(a int, b int, c int) clustered by (c) into 2 buckets stored as orc TBLPROPERTIES ('transactional'='true')
2024-04-24T06:30:11,497  INFO [main] ql.Driver: Compiling command(queryId=alex_20240424063011_1f8899d1-7460-447f-803f-cccbdaaa4eb7): create temporary  table acidTbl2(a int, b int, c int) clustered by (c) into 2 buckets stored as orc TBLPROPERTIES ('transactional'='true')
2024-04-24T06:30:11,499  INFO [main] txn.TxnHandler: Added entries to MIN_HISTORY_LEVEL for current txns: ([11]) with min_open_txn: 1
2024-04-24T06:30:11,499  INFO [main] lockmgr.DbTxnManager: Opened txnid:11
2024-04-24T06:30:11,500  INFO [main] parse.CalcitePlanner: Starting caching scope for: 
2024-04-24T06:30:11,500  INFO [main] parse.CalcitePlanner: Starting Semantic Analysis
2024-04-24T06:30:11,502  INFO [main] parse.CalcitePlanner: Creating table default.acidTbl2 position=24
2024-04-24T06:30:11,502  INFO [main] HiveMetaStore.audit: ugi=alex	ip=unknown-ip-addr	cmd=get_database: default	
2024-04-24T06:30:11,504  INFO [main] parse.CalcitePlanner: Ending caching scope for: 
2024-04-24T06:30:11,504  INFO [main] ql.Driver: Semantic Analysis Completed (retrial = false)
2024-04-24T06:30:11,504  INFO [main] ql.Driver: Created Hive schema: Schema(fieldSchemas:null, properties:null)
2024-04-24T06:30:11,504  INFO [main] metadata.Hive: Dumping metastore api call timing information for : compilation phase
2024-04-24T06:30:11,504  INFO [main] metadata.Hive: Total time spent in each metastore function (ms): {getValidTxns_(long)=0, commitTxn_(CommitTxnRequest)=10, getValidWriteIds_(List, String)=2, isCompatibleWith_(Configuration)=1, flushCache_()=0, openTxn_(String, TxnType)=1, getDatabase_(String)=2}
2024-04-24T06:30:11,504  INFO [main] ql.Driver: Completed compiling command(queryId=alex_20240424063011_1f8899d1-7460-447f-803f-cccbdaaa4eb7); Time taken: 0.007 seconds
2024-04-24T06:30:11,504  INFO [main] lockmgr.DbTxnManager: Setting lock request transaction to txnid:11 for queryId=alex_20240424063011_1f8899d1-7460-447f-803f-cccbdaaa4eb7
2024-04-24T06:30:11,505  INFO [main] lockmgr.DbLockManager: Requesting lock for queryId=alex_20240424063011_1f8899d1-7460-447f-803f-cccbdaaa4eb7
2024-04-24T06:30:11,518  INFO [main] lockmgr.DbLockManager: Response to queryId=alex_20240424063011_1f8899d1-7460-447f-803f-cccbdaaa4eb7 LockResponse(lockid:5, state:ACQUIRED)
2024-04-24T06:30:11,518  INFO [main] ql.Driver: Operation CREATETABLE obtained 1 locks
2024-04-24T06:30:11,518  INFO [main] ql.Driver: Executing command(queryId=alex_20240424063011_1f8899d1-7460-447f-803f-cccbdaaa4eb7): create temporary  table acidTbl2(a int, b int, c int) clustered by (c) into 2 buckets stored as orc TBLPROPERTIES ('transactional'='true')
2024-04-24T06:30:11,518  INFO [main] ql.Driver: Starting task [Stage-0:DDL] in serial mode
2024-04-24T06:30:11,519  INFO [main] utils.FileUtils: Creating directory if it doesn't exist: file:/home/alex/Repositories/hive/ql/target/tmp/scratchdir/alex/4e9d65ca-7f8d-494a-9217-61bb282ccb05/_tmp_space.db/844b899d-9e78-4f5f-b914-749a24301da7
2024-04-24T06:30:11,522  INFO [main] metadata.Hive: Dumping metastore api call timing information for : execution phase
2024-04-24T06:30:11,522  INFO [main] metadata.Hive: Total time spent in each metastore function (ms): {isCompatibleWith_(Configuration)=0, createTable_(Table)=3}
2024-04-24T06:30:11,522  INFO [main] ql.Driver: Completed executing command(queryId=alex_20240424063011_1f8899d1-7460-447f-803f-cccbdaaa4eb7); Time taken: 0.004 seconds
2024-04-24T06:30:11,522  INFO [main] lockmgr.DbTxnManager: Stopped heartbeat for query: alex_20240424063011_1f8899d1-7460-447f-803f-cccbdaaa4eb7
2024-04-24T06:30:11,526  INFO [main] txn.TxnHandler: Expected to move at least one record from txn_components to completed_txn_components when committing txn! txnid:11
2024-04-24T06:30:11,531  INFO [main] txn.TxnHandler: Removed transactions: ([11]) from MIN_HISTORY_LEVEL
2024-04-24T06:30:11,531  WARN [main] txn.CompactionTxnHandler: No compaction queue record found for Compaction type transaction commit. txnId:11
2024-04-24T06:30:11,532  INFO [main] ql.TxnCommandsBaseForTests: Running the query: create table nonAcidNonBucket(a int, b int) stored as orc TBLPROPERTIES ('transactional'='false')
2024-04-24T06:30:11,532  INFO [main] ql.Driver: Compiling command(queryId=alex_20240424063011_c7bc42ca-1550-45ae-9169-161debb6eb52): create table nonAcidNonBucket(a int, b int) stored as orc TBLPROPERTIES ('transactional'='false')
2024-04-24T06:30:11,534  INFO [main] txn.TxnHandler: Added entries to MIN_HISTORY_LEVEL for current txns: ([12]) with min_open_txn: 1
2024-04-24T06:30:11,534  INFO [main] lockmgr.DbTxnManager: Opened txnid:12
2024-04-24T06:30:11,535  INFO [main] parse.CalcitePlanner: Starting caching scope for: 
2024-04-24T06:30:11,535  INFO [main] parse.CalcitePlanner: Starting Semantic Analysis
2024-04-24T06:30:11,537  INFO [main] parse.CalcitePlanner: Creating table default.nonAcidNonBucket position=13
2024-04-24T06:30:11,537  INFO [main] HiveMetaStore.audit: ugi=alex	ip=unknown-ip-addr	cmd=get_database: default	
2024-04-24T06:30:11,539  INFO [main] parse.CalcitePlanner: Ending caching scope for: 
2024-04-24T06:30:11,539  INFO [main] ql.Driver: Semantic Analysis Completed (retrial = false)
2024-04-24T06:30:11,539  INFO [main] ql.Driver: Created Hive schema: Schema(fieldSchemas:null, properties:null)
2024-04-24T06:30:11,539  INFO [main] metadata.Hive: Dumping metastore api call timing information for : compilation phase
2024-04-24T06:30:11,539  INFO [main] metadata.Hive: Total time spent in each metastore function (ms): {getDatabase_(String)=2, openTxn_(String, TxnType)=2, isCompatibleWith_(Configuration)=0, getValidWriteIds_(List, String)=2, getValidTxns_(long)=1, commitTxn_(CommitTxnRequest)=10, flushCache_()=0}
2024-04-24T06:30:11,539  INFO [main] ql.Driver: Completed compiling command(queryId=alex_20240424063011_c7bc42ca-1550-45ae-9169-161debb6eb52); Time taken: 0.007 seconds
2024-04-24T06:30:11,539  INFO [main] lockmgr.DbTxnManager: Setting lock request transaction to txnid:12 for queryId=alex_20240424063011_c7bc42ca-1550-45ae-9169-161debb6eb52
2024-04-24T06:30:11,540  INFO [main] lockmgr.DbLockManager: Requesting lock for queryId=alex_20240424063011_c7bc42ca-1550-45ae-9169-161debb6eb52
2024-04-24T06:30:11,553  INFO [main] lockmgr.DbLockManager: Response to queryId=alex_20240424063011_c7bc42ca-1550-45ae-9169-161debb6eb52 LockResponse(lockid:6, state:ACQUIRED)
2024-04-24T06:30:11,553  INFO [main] ql.Driver: Operation CREATETABLE obtained 1 locks
2024-04-24T06:30:11,553  INFO [main] ql.Driver: Executing command(queryId=alex_20240424063011_c7bc42ca-1550-45ae-9169-161debb6eb52): create table nonAcidNonBucket(a int, b int) stored as orc TBLPROPERTIES ('transactional'='false')
2024-04-24T06:30:11,554  INFO [main] ql.Driver: Starting task [Stage-0:DDL] in serial mode
2024-04-24T06:30:11,554  INFO [main] HiveMetaStore.audit: ugi=alex	ip=unknown-ip-addr	cmd=create_table_req: Table(tableName:nonAcidNonBucket, dbName:default, owner:alex, createTime:1713965411, lastAccessTime:0, retention:0, sd:StorageDescriptor(cols:[FieldSchema(name:a, type:int, comment:null), FieldSchema(name:b, type:int, comment:null)], location:null, inputFormat:org.apache.hadoop.hive.ql.io.orc.OrcInputFormat, outputFormat:org.apache.hadoop.hive.ql.io.orc.OrcOutputFormat, compressed:false, numBuckets:-1, serdeInfo:SerDeInfo(name:null, serializationLib:org.apache.hadoop.hive.ql.io.orc.OrcSerde, parameters:{serialization.format=1}), bucketCols:[], sortCols:[], parameters:{}, skewedInfo:SkewedInfo(skewedColNames:[], skewedColValues:[], skewedColValueLocationMaps:{}), storedAsSubDirectories:false), partitionKeys:[], parameters:{numRows=0, numFiles=0, rawDataSize=0, COLUMN_STATS_ACCURATE={"BASIC_STATS":"true","COLUMN_STATS":{"a":"true","b":"true"}}, bucketing_version=2, transactional=false, totalSize=0, numFilesErasureCoded=0}, viewOriginalText:null, viewExpandedText:null, tableType:MANAGED_TABLE, privileges:PrincipalPrivilegeSet(userPrivileges:{alex=[PrivilegeGrantInfo(privilege:INSERT, createTime:-1, grantor:alex, grantorType:USER, grantOption:true), PrivilegeGrantInfo(privilege:SELECT, createTime:-1, grantor:alex, grantorType:USER, grantOption:true), PrivilegeGrantInfo(privilege:UPDATE, createTime:-1, grantor:alex, grantorType:USER, grantOption:true), PrivilegeGrantInfo(privilege:DELETE, createTime:-1, grantor:alex, grantorType:USER, grantOption:true)]}, groupPrivileges:null, rolePrivileges:null), temporary:false, catName:hive, ownerType:USER)	
2024-04-24T06:30:11,559  INFO [main] utils.FileUtils: Creating directory if it doesn't exist: file:/home/alex/Repositories/hive/ql/target/tmp/org.apache.hadoop.hive.ql.TestTxnCommands-1713965238357/warehouse/nonacidnonbucket
2024-04-24T06:30:11,572  INFO [main] metadata.Hive: Dumping metastore api call timing information for : execution phase
2024-04-24T06:30:11,572  INFO [main] metadata.Hive: Total time spent in each metastore function (ms): {createTable_(Table)=18, isCompatibleWith_(Configuration)=0}
2024-04-24T06:30:11,572  INFO [main] ql.Driver: Completed executing command(queryId=alex_20240424063011_c7bc42ca-1550-45ae-9169-161debb6eb52); Time taken: 0.019 seconds
2024-04-24T06:30:11,572  INFO [main] lockmgr.DbTxnManager: Stopped heartbeat for query: alex_20240424063011_c7bc42ca-1550-45ae-9169-161debb6eb52
2024-04-24T06:30:11,576  INFO [main] txn.TxnHandler: Expected to move at least one record from txn_components to completed_txn_components when committing txn! txnid:12
2024-04-24T06:30:11,581  INFO [main] txn.TxnHandler: Removed transactions: ([12]) from MIN_HISTORY_LEVEL
2024-04-24T06:30:11,582  WARN [main] txn.CompactionTxnHandler: No compaction queue record found for Compaction type transaction commit. txnId:12
2024-04-24T06:30:11,584  INFO [main] ql.TxnCommandsBaseForTests: Running the query: explain merge into acidTbl as t using nonAcidOrcTbl s ON t.a = s.a WHEN MATCHED AND s.a > 8 THEN DELETE WHEN MATCHED THEN UPDATE SET b = 7 WHEN NOT MATCHED THEN INSERT VALUES(s.a, s.b) 
2024-04-24T06:30:11,584  INFO [main] ql.Driver: Compiling command(queryId=alex_20240424063011_9e0656cf-7385-4a0e-84a4-0ab93a1d6dd8): explain merge into acidTbl as t using nonAcidOrcTbl s ON t.a = s.a WHEN MATCHED AND s.a > 8 THEN DELETE WHEN MATCHED THEN UPDATE SET b = 7 WHEN NOT MATCHED THEN INSERT VALUES(s.a, s.b) 
2024-04-24T06:30:11,586  INFO [main] txn.TxnHandler: Added entries to MIN_HISTORY_LEVEL for current txns: ([13]) with min_open_txn: 1
2024-04-24T06:30:11,586  INFO [main] lockmgr.DbTxnManager: Opened txnid:13
2024-04-24T06:30:11,587  INFO [main] HiveMetaStore.audit: ugi=alex	ip=unknown-ip-addr	cmd=get_table : tbl=hive.default.acidTbl	
2024-04-24T06:30:11,604  INFO [main] metastore.HMSHandler: Skipping translation for processor with null
2024-04-24T06:30:11,605  INFO [main] HiveMetaStore.audit: ugi=alex	ip=unknown-ip-addr	cmd=get_table : tbl=hive.default.merge_tmp_table	
2024-04-24T06:30:11,608  INFO [main] utils.FileUtils: Creating directory if it doesn't exist: file:/home/alex/Repositories/hive/ql/target/tmp/scratchdir/alex/4e9d65ca-7f8d-494a-9217-61bb282ccb05/_tmp_space.db/merge_tmp_table
2024-04-24T06:30:11,610  INFO [main] parse.RewriteSemanticAnalyzer: Going to reparse <explain merge into acidTbl as t using nonAcidOrcTbl s ON t.a = s.a WHEN MATCHED AND s.a > 8 THEN DELETE WHEN MATCHED THEN UPDATE SET b = 7 WHEN NOT MATCHED THEN INSERT VALUES(s.a, s.b) > as 
<FROM
  `default`.`acidTbl` `t`
  RIGHT OUTER JOIN
  `default`.`nonAcidOrcTbl` `s`
  ON `t`.`a` = `s`.`a`
INSERT INTO `default`.`acidTbl`    -- delete clause
 SELECT `t`.ROW__ID 
   WHERE `t`.`a` = `s`.`a` AND `s`.`a` > 8
 SORT BY `t`.ROW__ID 
INSERT INTO `default`.`acidTbl`    -- update clause(insert part)
 SELECT `t`.`a`, 7
   WHERE `t`.`a` = `s`.`a` AND NOT(`s`.`a` > 8)
INSERT INTO `default`.`acidTbl`    -- update clause (delete part)
 SELECT `t`.ROW__ID 
   WHERE `t`.`a` = `s`.`a` AND NOT(`s`.`a` > 8)
 SORT BY `t`.ROW__ID 
INSERT INTO `default`.`acidTbl`    -- insert clause
  SELECT `s`.`a`, `s`.`b`
   WHERE `t`.`a` IS NULL
INSERT INTO merge_tmp_table
  SELECT cardinality_violation(`t`.ROW__ID)
 WHERE `t`.`a` = `s`.`a` GROUP BY `t`.ROW__ID HAVING count(*) > 1>
2024-04-24T06:30:11,611  INFO [main] parse.MergeSemanticAnalyzer: Starting Semantic Analysis
2024-04-24T06:30:11,617  INFO [main] parse.MergeSemanticAnalyzer: Completed phase 1 of Semantic Analysis
2024-04-24T06:30:11,617  INFO [main] parse.MergeSemanticAnalyzer: Get metadata for source tables
2024-04-24T06:30:11,618  INFO [main] HiveMetaStore.audit: ugi=alex	ip=unknown-ip-addr	cmd=get_table : tbl=hive.default.acidtbl	
2024-04-24T06:30:11,624  INFO [main] metastore.HMSHandler: Skipping translation for processor with null
2024-04-24T06:30:11,625  INFO [main] HiveMetaStore.audit: ugi=alex	ip=unknown-ip-addr	cmd=get_table : tbl=hive.default.nonacidorctbl	
2024-04-24T06:30:11,646  INFO [main] metastore.HMSHandler: Skipping translation for processor with null
2024-04-24T06:30:11,646  INFO [main] parse.MergeSemanticAnalyzer: Get metadata for subqueries
2024-04-24T06:30:11,646  INFO [main] parse.MergeSemanticAnalyzer: Get metadata for destination tables
2024-04-24T06:30:11,647  INFO [main] HiveMetaStore.audit: ugi=alex	ip=unknown-ip-addr	cmd=get_table : tbl=hive.default.acidTbl	
2024-04-24T06:30:11,653  INFO [main] metastore.HMSHandler: Skipping translation for processor with null
2024-04-24T06:30:11,653  INFO [main] HiveMetaStore.audit: ugi=alex	ip=unknown-ip-addr	cmd=get_table : tbl=hive.default.acidTbl	
2024-04-24T06:30:11,660  INFO [main] metastore.HMSHandler: Skipping translation for processor with null
2024-04-24T06:30:11,660  INFO [main] HiveMetaStore.audit: ugi=alex	ip=unknown-ip-addr	cmd=get_table : tbl=hive.default.acidTbl	
2024-04-24T06:30:11,666  INFO [main] metastore.HMSHandler: Skipping translation for processor with null
2024-04-24T06:30:11,666  INFO [main] HiveMetaStore.audit: ugi=alex	ip=unknown-ip-addr	cmd=get_table : tbl=hive.default.acidTbl	
2024-04-24T06:30:11,673  INFO [main] metastore.HMSHandler: Skipping translation for processor with null
2024-04-24T06:30:11,673  INFO [main] parse.MergeSemanticAnalyzer: Completed getting MetaData in Semantic Analysis
2024-04-24T06:30:11,673  INFO [main] parse.MergeSemanticAnalyzer: Disabling LLAP IO encode as ETL query is detected
2024-04-24T06:30:11,673  INFO [main] parse.MergeSemanticAnalyzer: Get metadata for source tables
2024-04-24T06:30:11,673  INFO [main] parse.MergeSemanticAnalyzer: Get metadata for subqueries
2024-04-24T06:30:11,673  INFO [main] parse.MergeSemanticAnalyzer: Get metadata for destination tables
2024-04-24T06:30:11,686  INFO [main] HiveMetaStore.audit: ugi=alex	ip=unknown-ip-addr	cmd=get_all_table_constraints : tbl=hive.default.acidtbl	
2024-04-24T06:30:11,713  INFO [main] HiveMetaStore.audit: ugi=alex	ip=unknown-ip-addr	cmd=get_all_table_constraints : tbl=hive.default.nonacidorctbl	
2024-04-24T06:30:11,743  INFO [main] calcite.RelOptHiveTable: Calculating column statistics for default.acidtbl, projIndxSet: [0], allowMissingStats: true
2024-04-24T06:30:11,743  INFO [main] HiveMetaStore.audit: ugi=alex	ip=unknown-ip-addr	cmd=get_table : tbl=hive.default.acidtbl	
2024-04-24T06:30:11,752  INFO [main] metastore.HMSHandler: Skipping translation for processor with null
2024-04-24T06:30:11,752  INFO [main] HiveMetaStore.audit: ugi=alex	ip=unknown-ip-addr	cmd=get_table : tbl=hive.default.acidtbl	
2024-04-24T06:30:11,761  INFO [main] metastore.HMSHandler: Skipping translation for processor with null
2024-04-24T06:30:11,761  INFO [main] HiveMetaStore.audit: ugi=alex	ip=unknown-ip-addr	cmd=get_table_statistics_req: table=hive.default.acidtbl	
2024-04-24T06:30:11,771  WARN [main] calcite.RelOptHiveTable: No Stats for default@acidtbl, Columns: a
No Stats for default@acidtbl, Columns: a
2024-04-24T06:30:11,771  INFO [main] SessionState: No Stats for default@acidtbl, Columns: a
2024-04-24T06:30:11,771  INFO [main] calcite.RelOptHiveTable: Calculating column statistics for default.nonacidorctbl, projIndxSet: [0, 1], allowMissingStats: true
2024-04-24T06:30:11,772  INFO [main] HiveMetaStore.audit: ugi=alex	ip=unknown-ip-addr	cmd=get_table : tbl=hive.default.nonacidorctbl	
2024-04-24T06:30:11,783  INFO [main] metastore.HMSHandler: Skipping translation for processor with null
2024-04-24T06:30:11,783  INFO [main] HiveMetaStore.audit: ugi=alex	ip=unknown-ip-addr	cmd=get_table : tbl=hive.default.nonacidorctbl	
2024-04-24T06:30:11,794  INFO [main] metastore.HMSHandler: Skipping translation for processor with null
2024-04-24T06:30:11,794  INFO [main] HiveMetaStore.audit: ugi=alex	ip=unknown-ip-addr	cmd=get_table_statistics_req: table=hive.default.nonacidorctbl	
2024-04-24T06:30:11,807  WARN [main] calcite.RelOptHiveTable: No Stats for default@nonacidorctbl, Columns: a, b
No Stats for default@nonacidorctbl, Columns: a, b
2024-04-24T06:30:11,807  INFO [main] SessionState: No Stats for default@nonacidorctbl, Columns: a, b
2024-04-24T06:30:11,986  INFO [main] parse.MergeSemanticAnalyzer: Get metadata for source tables
2024-04-24T06:30:11,986  INFO [main] parse.MergeSemanticAnalyzer: Get metadata for subqueries
2024-04-24T06:30:11,986  INFO [main] parse.MergeSemanticAnalyzer: Get metadata for source tables
2024-04-24T06:30:11,986  INFO [main] parse.MergeSemanticAnalyzer: Get metadata for subqueries
2024-04-24T06:30:11,986  INFO [main] parse.MergeSemanticAnalyzer: Get metadata for source tables
2024-04-24T06:30:11,987  INFO [main] parse.MergeSemanticAnalyzer: Get metadata for subqueries
2024-04-24T06:30:11,987  INFO [main] parse.MergeSemanticAnalyzer: Get metadata for destination tables
2024-04-24T06:30:11,987  INFO [main] parse.MergeSemanticAnalyzer: Get metadata for source tables
2024-04-24T06:30:11,987  INFO [main] parse.MergeSemanticAnalyzer: Get metadata for subqueries
2024-04-24T06:30:11,987  INFO [main] parse.MergeSemanticAnalyzer: Get metadata for destination tables
2024-04-24T06:30:11,987  INFO [main] parse.MergeSemanticAnalyzer: Get metadata for destination tables
2024-04-24T06:30:11,987  INFO [main] parse.MergeSemanticAnalyzer: Get metadata for destination tables
2024-04-24T06:30:11,987  INFO [main] HiveMetaStore.audit: ugi=alex	ip=unknown-ip-addr	cmd=get_table : tbl=hive.default.acidTbl	
2024-04-24T06:30:11,993  INFO [main] metastore.HMSHandler: Skipping translation for processor with null
2024-04-24T06:30:11,994  INFO [main] HiveMetaStore.audit: ugi=alex	ip=unknown-ip-addr	cmd=get_table : tbl=hive.default.acidTbl	
2024-04-24T06:30:12,000  INFO [main] metastore.HMSHandler: Skipping translation for processor with null
2024-04-24T06:30:12,000  INFO [main] HiveMetaStore.audit: ugi=alex	ip=unknown-ip-addr	cmd=get_table : tbl=hive.default.acidTbl	
2024-04-24T06:30:12,007  INFO [main] metastore.HMSHandler: Skipping translation for processor with null
2024-04-24T06:30:12,007  INFO [main] HiveMetaStore.audit: ugi=alex	ip=unknown-ip-addr	cmd=get_table : tbl=hive.default.acidTbl	
2024-04-24T06:30:12,013  INFO [main] metastore.HMSHandler: Skipping translation for processor with null
2024-04-24T06:30:12,018 ERROR [main] parse.MergeSemanticAnalyzer: CBO failed, skipping CBO. 
org.apache.hadoop.hive.ql.exec.NoMatchingMethodException: No matching method for class org.apache.hadoop.hive.ql.udf.UDFToInteger with (struct<writeid:bigint,bucketid:int,rowid:bigint>). Possible choices: _FUNC_(bigint)  _FUNC_(boolean)  _FUNC_(decimal(38,18))  _FUNC_(double)  _FUNC_(float)  _FUNC_(smallint)  _FUNC_(string)  _FUNC_(struct<writeid:int,bucketid:bigint,rowid:bigint>)  _FUNC_(timestamp)  _FUNC_(tinyint)  _FUNC_(void)  
	at org.apache.hadoop.hive.ql.exec.MethodUtils.getMethodInternal(MethodUtils.java:130) ~[classes/:?]
	at org.apache.hadoop.hive.ql.exec.MethodUtils.getMethodInternal(MethodUtils.java:60) ~[classes/:?]
	at org.apache.hadoop.hive.ql.exec.DefaultUDFMethodResolver.getEvalMethod(DefaultUDFMethodResolver.java:59) ~[classes/:?]
	at org.apache.hadoop.hive.ql.udf.TimestampCastRestrictorResolver.getEvalMethod(TimestampCastRestrictorResolver.java:68) ~[classes/:?]
	at org.apache.hadoop.hive.ql.udf.generic.GenericUDFBridge.initialize(GenericUDFBridge.java:168) ~[classes/:?]
	at org.apache.hadoop.hive.ql.udf.generic.GenericUDF.initializeAndFoldConstants(GenericUDF.java:149) ~[classes/:?]
	at org.apache.hadoop.hive.ql.plan.ExprNodeGenericFuncDesc.newInstance(ExprNodeGenericFuncDesc.java:235) ~[classes/:?]
	at org.apache.hadoop.hive.ql.parse.type.ExprNodeDescExprFactory.createFuncCallExpr(ExprNodeDescExprFactory.java:584) ~[classes/:?]
	at org.apache.hadoop.hive.ql.parse.type.ExprNodeDescExprFactory.createFuncCallExpr(ExprNodeDescExprFactory.java:97) ~[classes/:?]
	at org.apache.hadoop.hive.ql.parse.type.TypeCheckProcFactory$DefaultExprProcessor.getFuncExprNodeDescWithUdfData(TypeCheckProcFactory.java:762) ~[classes/:?]
	at org.apache.hadoop.hive.ql.parse.type.TypeCheckProcFactory$DefaultExprProcessor.createConversionCast(TypeCheckProcFactory.java:783) ~[classes/:?]
	at org.apache.hadoop.hive.ql.parse.SemanticAnalyzer.getPartitionColsFromBucketColsForUpdateDelete(SemanticAnalyzer.java:8725) ~[classes/:?]
	at org.apache.hadoop.hive.ql.parse.SemanticAnalyzer.genBucketingSortingDest(SemanticAnalyzer.java:6906) ~[classes/:?]
	at org.apache.hadoop.hive.ql.parse.SemanticAnalyzer.genFileSinkPlan(SemanticAnalyzer.java:7335) ~[classes/:?]
	at org.apache.hadoop.hive.ql.parse.SemanticAnalyzer.genPostGroupByBodyPlan(SemanticAnalyzer.java:11063) ~[classes/:?]
	at org.apache.hadoop.hive.ql.parse.SemanticAnalyzer.genBodyPlan(SemanticAnalyzer.java:10938) ~[classes/:?]
	at org.apache.hadoop.hive.ql.parse.SemanticAnalyzer.genPlan(SemanticAnalyzer.java:11853) ~[classes/:?]
	at org.apache.hadoop.hive.ql.parse.SemanticAnalyzer.genPlan(SemanticAnalyzer.java:11723) ~[classes/:?]
	at org.apache.hadoop.hive.ql.parse.CalcitePlanner.genOPTree(CalcitePlanner.java:626) ~[classes/:?]
	at org.apache.hadoop.hive.ql.parse.SemanticAnalyzer.analyzeInternal(SemanticAnalyzer.java:12558) ~[classes/:?]
	at org.apache.hadoop.hive.ql.parse.CalcitePlanner.analyzeInternal(CalcitePlanner.java:456) ~[classes/:?]
	at org.apache.hadoop.hive.ql.parse.RewriteSemanticAnalyzer.analyzeInternal(RewriteSemanticAnalyzer.java:67) ~[classes/:?]
	at org.apache.hadoop.hive.ql.parse.BaseSemanticAnalyzer.analyze(BaseSemanticAnalyzer.java:317) ~[classes/:?]
	at org.apache.hadoop.hive.ql.parse.MergeSemanticAnalyzer.analyzeMerge(MergeSemanticAnalyzer.java:317) ~[classes/:?]
	at org.apache.hadoop.hive.ql.parse.MergeSemanticAnalyzer.analyze(MergeSemanticAnalyzer.java:63) ~[classes/:?]
	at org.apache.hadoop.hive.ql.parse.RewriteSemanticAnalyzer.analyzeInternal(RewriteSemanticAnalyzer.java:72) ~[classes/:?]
	at org.apache.hadoop.hive.ql.parse.BaseSemanticAnalyzer.analyze(BaseSemanticAnalyzer.java:317) ~[classes/:?]
	at org.apache.hadoop.hive.ql.parse.ExplainSemanticAnalyzer.analyzeInternal(ExplainSemanticAnalyzer.java:175) ~[classes/:?]
	at org.apache.hadoop.hive.ql.parse.BaseSemanticAnalyzer.analyze(BaseSemanticAnalyzer.java:317) ~[classes/:?]
	at org.apache.hadoop.hive.ql.Compiler.analyze(Compiler.java:223) ~[classes/:?]
	at org.apache.hadoop.hive.ql.Compiler.compile(Compiler.java:105) ~[classes/:?]
	at org.apache.hadoop.hive.ql.Driver.compile(Driver.java:500) ~[classes/:?]
	at org.apache.hadoop.hive.ql.Driver.compileInternal(Driver.java:453) ~[classes/:?]
	at org.apache.hadoop.hive.ql.Driver.runInternal(Driver.java:181) ~[classes/:?]
	at org.apache.hadoop.hive.ql.Driver.run(Driver.java:153) ~[classes/:?]
	at org.apache.hadoop.hive.ql.Driver.run(Driver.java:140) ~[classes/:?]
	at org.apache.hadoop.hive.ql.TxnCommandsBaseForTests.runStatementOnDriver(TxnCommandsBaseForTests.java:245) ~[test-classes/:?]
	at org.apache.hadoop.hive.ql.TestTxnCommands.testMergeOnTezEdges(TestTxnCommands.java:1198) ~[test-classes/:?]
	at sun.reflect.NativeMethodAccessorImpl.invoke0(Native Method) ~[?:1.8.0_402]
	at sun.reflect.NativeMethodAccessorImpl.invoke(NativeMethodAccessorImpl.java:62) ~[?:1.8.0_402]
	at sun.reflect.DelegatingMethodAccessorImpl.invoke(DelegatingMethodAccessorImpl.java:43) ~[?:1.8.0_402]
	at java.lang.reflect.Method.invoke(Method.java:498) ~[?:1.8.0_402]
	at org.junit.runners.model.FrameworkMethod$1.runReflectiveCall(FrameworkMethod.java:59) ~[junit-4.13.jar:4.13]
	at org.junit.internal.runners.model.ReflectiveCallable.run(ReflectiveCallable.java:12) ~[junit-4.13.jar:4.13]
	at org.junit.runners.model.FrameworkMethod.invokeExplosively(FrameworkMethod.java:56) ~[junit-4.13.jar:4.13]
	at org.junit.internal.runners.statements.InvokeMethod.evaluate(InvokeMethod.java:17) ~[junit-4.13.jar:4.13]
	at org.junit.internal.runners.statements.RunBefores.evaluate(RunBefores.java:26) ~[junit-4.13.jar:4.13]
	at org.junit.internal.runners.statements.RunAfters.evaluate(RunAfters.java:27) ~[junit-4.13.jar:4.13]
	at org.junit.rules.TestWatcher$1.evaluate(TestWatcher.java:61) ~[junit-4.13.jar:4.13]
	at org.junit.runners.ParentRunner$3.evaluate(ParentRunner.java:306) ~[junit-4.13.jar:4.13]
	at org.junit.runners.BlockJUnit4ClassRunner$1.evaluate(BlockJUnit4ClassRunner.java:100) ~[junit-4.13.jar:4.13]
	at org.junit.runners.ParentRunner.runLeaf(ParentRunner.java:366) ~[junit-4.13.jar:4.13]
	at org.junit.runners.BlockJUnit4ClassRunner.runChild(BlockJUnit4ClassRunner.java:103) ~[junit-4.13.jar:4.13]
	at org.junit.runners.BlockJUnit4ClassRunner.runChild(BlockJUnit4ClassRunner.java:63) ~[junit-4.13.jar:4.13]
	at org.junit.runners.ParentRunner$4.run(ParentRunner.java:331) ~[junit-4.13.jar:4.13]
	at org.junit.runners.ParentRunner$1.schedule(ParentRunner.java:79) ~[junit-4.13.jar:4.13]
	at org.junit.runners.ParentRunner.runChildren(ParentRunner.java:329) ~[junit-4.13.jar:4.13]
	at org.junit.runners.ParentRunner.access$100(ParentRunner.java:66) ~[junit-4.13.jar:4.13]
	at org.junit.runners.ParentRunner$2.evaluate(ParentRunner.java:293) ~[junit-4.13.jar:4.13]
	at org.junit.runners.ParentRunner$3.evaluate(ParentRunner.java:306) ~[junit-4.13.jar:4.13]
	at org.junit.runners.ParentRunner.run(ParentRunner.java:413) ~[junit-4.13.jar:4.13]
	at org.junit.runner.JUnitCore.run(JUnitCore.java:137) ~[junit-4.13.jar:4.13]
	at org.junit.runner.JUnitCore.run(JUnitCore.java:115) ~[junit-4.13.jar:4.13]
	at org.junit.vintage.engine.execution.RunnerExecutor.execute(RunnerExecutor.java:43) ~[junit-vintage-engine-5.6.2.jar:5.6.2]
	at java.util.stream.ForEachOps$ForEachOp$OfRef.accept(ForEachOps.java:183) ~[?:1.8.0_402]
	at java.util.stream.ReferencePipeline$3$1.accept(ReferencePipeline.java:193) ~[?:1.8.0_402]
	at java.util.Iterator.forEachRemaining(Iterator.java:116) ~[?:1.8.0_402]
	at java.util.Spliterators$IteratorSpliterator.forEachRemaining(Spliterators.java:1801) ~[?:1.8.0_402]
	at java.util.stream.AbstractPipeline.copyInto(AbstractPipeline.java:482) ~[?:1.8.0_402]
	at java.util.stream.AbstractPipeline.wrapAndCopyInto(AbstractPipeline.java:472) ~[?:1.8.0_402]
	at java.util.stream.ForEachOps$ForEachOp.evaluateSequential(ForEachOps.java:150) ~[?:1.8.0_402]
	at java.util.stream.ForEachOps$ForEachOp$OfRef.evaluateSequential(ForEachOps.java:173) ~[?:1.8.0_402]
	at java.util.stream.AbstractPipeline.evaluate(AbstractPipeline.java:234) ~[?:1.8.0_402]
	at java.util.stream.ReferencePipeline.forEach(ReferencePipeline.java:485) ~[?:1.8.0_402]
	at org.junit.vintage.engine.VintageTestEngine.executeAllChildren(VintageTestEngine.java:82) ~[junit-vintage-engine-5.6.2.jar:5.6.2]
	at org.junit.vintage.engine.VintageTestEngine.execute(VintageTestEngine.java:73) ~[junit-vintage-engine-5.6.2.jar:5.6.2]
	at org.junit.platform.launcher.core.DefaultLauncher.execute(DefaultLauncher.java:248) ~[junit-platform-launcher-1.6.2.jar:1.6.2]
	at org.junit.platform.launcher.core.DefaultLauncher.lambda$execute$5(DefaultLauncher.java:211) ~[junit-platform-launcher-1.6.2.jar:1.6.2]
	at org.junit.platform.launcher.core.DefaultLauncher.withInterceptedStreams(DefaultLauncher.java:226) [junit-platform-launcher-1.6.2.jar:1.6.2]
	at org.junit.platform.launcher.core.DefaultLauncher.execute(DefaultLauncher.java:199) [junit-platform-launcher-1.6.2.jar:1.6.2]
	at org.junit.platform.launcher.core.DefaultLauncher.execute(DefaultLauncher.java:132) [junit-platform-launcher-1.6.2.jar:1.6.2]
	at org.apache.maven.surefire.junitplatform.JUnitPlatformProvider.invokeAllTests(JUnitPlatformProvider.java:154) [surefire-junit-platform-3.0.0-M4.jar:3.0.0-M4]
	at org.apache.maven.surefire.junitplatform.JUnitPlatformProvider.invoke(JUnitPlatformProvider.java:123) [surefire-junit-platform-3.0.0-M4.jar:3.0.0-M4]
	at org.apache.maven.surefire.booter.ForkedBooter.runSuitesInProcess(ForkedBooter.java:377) [surefire-booter-3.0.0-M4.jar:3.0.0-M4]
	at org.apache.maven.surefire.booter.ForkedBooter.execute(ForkedBooter.java:138) [surefire-booter-3.0.0-M4.jar:3.0.0-M4]
	at org.apache.maven.surefire.booter.ForkedBooter.run(ForkedBooter.java:465) [surefire-booter-3.0.0-M4.jar:3.0.0-M4]
	at org.apache.maven.surefire.booter.ForkedBooter.main(ForkedBooter.java:451) [surefire-booter-3.0.0-M4.jar:3.0.0-M4]
2024-04-24T06:30:12,019 ERROR [main] parse.MergeSemanticAnalyzer: CBO failed due to missing column stats (see previous errors), skipping CBO
FAILED: NoMatchingMethodException No matching method for class org.apache.hadoop.hive.ql.udf.UDFToInteger with (struct<writeid:bigint,bucketid:int,rowid:bigint>). Possible choices: _FUNC_(bigint)  _FUNC_(boolean)  _FUNC_(decimal(38,18))  _FUNC_(double)  _FUNC_(float)  _FUNC_(smallint)  _FUNC_(string)  _FUNC_(struct<writeid:int,bucketid:bigint,rowid:bigint>)  _FUNC_(timestamp)  _FUNC_(tinyint)  _FUNC_(void)  
2024-04-24T06:30:12,019 ERROR [main] ql.Driver: FAILED: NoMatchingMethodException No matching method for class org.apache.hadoop.hive.ql.udf.UDFToInteger with (struct<writeid:bigint,bucketid:int,rowid:bigint>). Possible choices: _FUNC_(bigint)  _FUNC_(boolean)  _FUNC_(decimal(38,18))  _FUNC_(double)  _FUNC_(float)  _FUNC_(smallint)  _FUNC_(string)  _FUNC_(struct<writeid:int,bucketid:bigint,rowid:bigint>)  _FUNC_(timestamp)  _FUNC_(tinyint)  _FUNC_(void)  
org.apache.hadoop.hive.ql.exec.NoMatchingMethodException: No matching method for class org.apache.hadoop.hive.ql.udf.UDFToInteger with (struct<writeid:bigint,bucketid:int,rowid:bigint>). Possible choices: _FUNC_(bigint)  _FUNC_(boolean)  _FUNC_(decimal(38,18))  _FUNC_(double)  _FUNC_(float)  _FUNC_(smallint)  _FUNC_(string)  _FUNC_(struct<writeid:int,bucketid:bigint,rowid:bigint>)  _FUNC_(timestamp)  _FUNC_(tinyint)  _FUNC_(void)  
	at org.apache.hadoop.hive.ql.exec.MethodUtils.getMethodInternal(MethodUtils.java:130)
	at org.apache.hadoop.hive.ql.exec.MethodUtils.getMethodInternal(MethodUtils.java:60)
	at org.apache.hadoop.hive.ql.exec.DefaultUDFMethodResolver.getEvalMethod(DefaultUDFMethodResolver.java:59)
	at org.apache.hadoop.hive.ql.udf.TimestampCastRestrictorResolver.getEvalMethod(TimestampCastRestrictorResolver.java:68)
	at org.apache.hadoop.hive.ql.udf.generic.GenericUDFBridge.initialize(GenericUDFBridge.java:168)
	at org.apache.hadoop.hive.ql.udf.generic.GenericUDF.initializeAndFoldConstants(GenericUDF.java:149)
	at org.apache.hadoop.hive.ql.plan.ExprNodeGenericFuncDesc.newInstance(ExprNodeGenericFuncDesc.java:235)
	at org.apache.hadoop.hive.ql.parse.type.ExprNodeDescExprFactory.createFuncCallExpr(ExprNodeDescExprFactory.java:584)
	at org.apache.hadoop.hive.ql.parse.type.ExprNodeDescExprFactory.createFuncCallExpr(ExprNodeDescExprFactory.java:97)
	at org.apache.hadoop.hive.ql.parse.type.TypeCheckProcFactory$DefaultExprProcessor.getFuncExprNodeDescWithUdfData(TypeCheckProcFactory.java:762)
	at org.apache.hadoop.hive.ql.parse.type.TypeCheckProcFactory$DefaultExprProcessor.createConversionCast(TypeCheckProcFactory.java:783)
	at org.apache.hadoop.hive.ql.parse.SemanticAnalyzer.getPartitionColsFromBucketColsForUpdateDelete(SemanticAnalyzer.java:8725)
	at org.apache.hadoop.hive.ql.parse.SemanticAnalyzer.genBucketingSortingDest(SemanticAnalyzer.java:6906)
	at org.apache.hadoop.hive.ql.parse.SemanticAnalyzer.genFileSinkPlan(SemanticAnalyzer.java:7335)
	at org.apache.hadoop.hive.ql.parse.SemanticAnalyzer.genPostGroupByBodyPlan(SemanticAnalyzer.java:11063)
	at org.apache.hadoop.hive.ql.parse.SemanticAnalyzer.genBodyPlan(SemanticAnalyzer.java:10938)
	at org.apache.hadoop.hive.ql.parse.SemanticAnalyzer.genPlan(SemanticAnalyzer.java:11853)
	at org.apache.hadoop.hive.ql.parse.SemanticAnalyzer.genPlan(SemanticAnalyzer.java:11723)
	at org.apache.hadoop.hive.ql.parse.CalcitePlanner.genOPTree(CalcitePlanner.java:626)
	at org.apache.hadoop.hive.ql.parse.SemanticAnalyzer.analyzeInternal(SemanticAnalyzer.java:12558)
	at org.apache.hadoop.hive.ql.parse.CalcitePlanner.analyzeInternal(CalcitePlanner.java:456)
	at org.apache.hadoop.hive.ql.parse.RewriteSemanticAnalyzer.analyzeInternal(RewriteSemanticAnalyzer.java:67)
	at org.apache.hadoop.hive.ql.parse.BaseSemanticAnalyzer.analyze(BaseSemanticAnalyzer.java:317)
	at org.apache.hadoop.hive.ql.parse.MergeSemanticAnalyzer.analyzeMerge(MergeSemanticAnalyzer.java:317)
	at org.apache.hadoop.hive.ql.parse.MergeSemanticAnalyzer.analyze(MergeSemanticAnalyzer.java:63)
	at org.apache.hadoop.hive.ql.parse.RewriteSemanticAnalyzer.analyzeInternal(RewriteSemanticAnalyzer.java:72)
	at org.apache.hadoop.hive.ql.parse.BaseSemanticAnalyzer.analyze(BaseSemanticAnalyzer.java:317)
	at org.apache.hadoop.hive.ql.parse.ExplainSemanticAnalyzer.analyzeInternal(ExplainSemanticAnalyzer.java:175)
	at org.apache.hadoop.hive.ql.parse.BaseSemanticAnalyzer.analyze(BaseSemanticAnalyzer.java:317)
	at org.apache.hadoop.hive.ql.Compiler.analyze(Compiler.java:223)
	at org.apache.hadoop.hive.ql.Compiler.compile(Compiler.java:105)
	at org.apache.hadoop.hive.ql.Driver.compile(Driver.java:500)
	at org.apache.hadoop.hive.ql.Driver.compileInternal(Driver.java:453)
	at org.apache.hadoop.hive.ql.Driver.runInternal(Driver.java:181)
	at org.apache.hadoop.hive.ql.Driver.run(Driver.java:153)
	at org.apache.hadoop.hive.ql.Driver.run(Driver.java:140)
	at org.apache.hadoop.hive.ql.TxnCommandsBaseForTests.runStatementOnDriver(TxnCommandsBaseForTests.java:245)
	at org.apache.hadoop.hive.ql.TestTxnCommands.testMergeOnTezEdges(TestTxnCommands.java:1198)
	at sun.reflect.NativeMethodAccessorImpl.invoke0(Native Method)
	at sun.reflect.NativeMethodAccessorImpl.invoke(NativeMethodAccessorImpl.java:62)
	at sun.reflect.DelegatingMethodAccessorImpl.invoke(DelegatingMethodAccessorImpl.java:43)
	at java.lang.reflect.Method.invoke(Method.java:498)
	at org.junit.runners.model.FrameworkMethod$1.runReflectiveCall(FrameworkMethod.java:59)
	at org.junit.internal.runners.model.ReflectiveCallable.run(ReflectiveCallable.java:12)
	at org.junit.runners.model.FrameworkMethod.invokeExplosively(FrameworkMethod.java:56)
	at org.junit.internal.runners.statements.InvokeMethod.evaluate(InvokeMethod.java:17)
	at org.junit.internal.runners.statements.RunBefores.evaluate(RunBefores.java:26)
	at org.junit.internal.runners.statements.RunAfters.evaluate(RunAfters.java:27)
	at org.junit.rules.TestWatcher$1.evaluate(TestWatcher.java:61)
	at org.junit.runners.ParentRunner$3.evaluate(ParentRunner.java:306)
	at org.junit.runners.BlockJUnit4ClassRunner$1.evaluate(BlockJUnit4ClassRunner.java:100)
	at org.junit.runners.ParentRunner.runLeaf(ParentRunner.java:366)
	at org.junit.runners.BlockJUnit4ClassRunner.runChild(BlockJUnit4ClassRunner.java:103)
	at org.junit.runners.BlockJUnit4ClassRunner.runChild(BlockJUnit4ClassRunner.java:63)
	at org.junit.runners.ParentRunner$4.run(ParentRunner.java:331)
	at org.junit.runners.ParentRunner$1.schedule(ParentRunner.java:79)
	at org.junit.runners.ParentRunner.runChildren(ParentRunner.java:329)
	at org.junit.runners.ParentRunner.access$100(ParentRunner.java:66)
	at org.junit.runners.ParentRunner$2.evaluate(ParentRunner.java:293)
	at org.junit.runners.ParentRunner$3.evaluate(ParentRunner.java:306)
	at org.junit.runners.ParentRunner.run(ParentRunner.java:413)
	at org.junit.runner.JUnitCore.run(JUnitCore.java:137)
	at org.junit.runner.JUnitCore.run(JUnitCore.java:115)
	at org.junit.vintage.engine.execution.RunnerExecutor.execute(RunnerExecutor.java:43)
	at java.util.stream.ForEachOps$ForEachOp$OfRef.accept(ForEachOps.java:183)
	at java.util.stream.ReferencePipeline$3$1.accept(ReferencePipeline.java:193)
	at java.util.Iterator.forEachRemaining(Iterator.java:116)
	at java.util.Spliterators$IteratorSpliterator.forEachRemaining(Spliterators.java:1801)
	at java.util.stream.AbstractPipeline.copyInto(AbstractPipeline.java:482)
	at java.util.stream.AbstractPipeline.wrapAndCopyInto(AbstractPipeline.java:472)
	at java.util.stream.ForEachOps$ForEachOp.evaluateSequential(ForEachOps.java:150)
	at java.util.stream.ForEachOps$ForEachOp$OfRef.evaluateSequential(ForEachOps.java:173)
	at java.util.stream.AbstractPipeline.evaluate(AbstractPipeline.java:234)
	at java.util.stream.ReferencePipeline.forEach(ReferencePipeline.java:485)
	at org.junit.vintage.engine.VintageTestEngine.executeAllChildren(VintageTestEngine.java:82)
	at org.junit.vintage.engine.VintageTestEngine.execute(VintageTestEngine.java:73)
	at org.junit.platform.launcher.core.DefaultLauncher.execute(DefaultLauncher.java:248)
	at org.junit.platform.launcher.core.DefaultLauncher.lambda$execute$5(DefaultLauncher.java:211)
	at org.junit.platform.launcher.core.DefaultLauncher.withInterceptedStreams(DefaultLauncher.java:226)
	at org.junit.platform.launcher.core.DefaultLauncher.execute(DefaultLauncher.java:199)
	at org.junit.platform.launcher.core.DefaultLauncher.execute(DefaultLauncher.java:132)
	at org.apache.maven.surefire.junitplatform.JUnitPlatformProvider.invokeAllTests(JUnitPlatformProvider.java:154)
	at org.apache.maven.surefire.junitplatform.JUnitPlatformProvider.invoke(JUnitPlatformProvider.java:123)
	at org.apache.maven.surefire.booter.ForkedBooter.runSuitesInProcess(ForkedBooter.java:377)
	at org.apache.maven.surefire.booter.ForkedBooter.execute(ForkedBooter.java:138)
	at org.apache.maven.surefire.booter.ForkedBooter.run(ForkedBooter.java:465)
	at org.apache.maven.surefire.booter.ForkedBooter.main(ForkedBooter.java:451)

2024-04-24T06:30:12,019  INFO [main] metadata.Hive: Dumping metastore api call timing information for : compilation phase
2024-04-24T06:30:12,019  INFO [main] metadata.Hive: Total time spent in each metastore function (ms): {isCompatibleWith_(Configuration)=1, getValidTxns_(long)=1, getTable_(GetTableRequest)=97, commitTxn_(CommitTxnRequest)=9, getAllTableConstraints_(AllTableConstraintsRequest)=30, createTable_(Table)=2, getValidWriteIds_(List, String)=7, flushCache_()=0, openTxn_(String, TxnType)=2, getTableColumnStatistics_(String, String, List, String)=62}
2024-04-24T06:30:12,019  INFO [main] ql.Driver: Completed compiling command(queryId=alex_20240424063011_9e0656cf-7385-4a0e-84a4-0ab93a1d6dd8); Time taken: 0.435 seconds
2024-04-24T06:30:12,019  INFO [main] lockmgr.DbTxnManager: Stopped heartbeat for query: alex_20240424063011_9e0656cf-7385-4a0e-84a4-0ab93a1d6dd8
2024-04-24T06:30:12,023  INFO [main] txn.TxnHandler: Removed transactions: ([13]) from MIN_HISTORY_LEVEL
2024-04-24T06:30:12,029  INFO [main] ql.TxnCommandsBaseForTests: Running the query: drop table if exists acidTbl
2024-04-24T06:30:12,029  INFO [main] ql.Context: Deleting scratch dir: file:/home/alex/Repositories/hive/ql/target/tmp/localscratchdir/4e9d65ca-7f8d-494a-9217-61bb282ccb05/hive_2024-04-24_06-30-11_610_3361390225265801481-1
2024-04-24T06:30:12,029  INFO [main] ql.Driver: Compiling command(queryId=alex_20240424063011_9e0656cf-7385-4a0e-84a4-0ab93a1d6dd8): drop table if exists acidTbl
2024-04-24T06:30:12,031  INFO [main] txn.TxnHandler: Added entries to MIN_HISTORY_LEVEL for current txns: ([14]) with min_open_txn: 1
2024-04-24T06:30:12,031  INFO [main] lockmgr.DbTxnManager: Opened txnid:14
2024-04-24T06:30:12,032  INFO [main] HiveMetaStore.audit: ugi=alex	ip=unknown-ip-addr	cmd=get_table : tbl=hive.default.acidTbl	
2024-04-24T06:30:12,038  INFO [main] metastore.HMSHandler: Skipping translation for processor with null
2024-04-24T06:30:12,038  INFO [main] ql.Driver: Semantic Analysis Completed (retrial = false)
2024-04-24T06:30:12,038  INFO [main] ql.Driver: Created Hive schema: Schema(fieldSchemas:null, properties:null)
2024-04-24T06:30:12,038  INFO [main] metadata.Hive: Dumping metastore api call timing information for : compilation phase
2024-04-24T06:30:12,038  INFO [main] metadata.Hive: Total time spent in each metastore function (ms): {rollbackTxn_(long)=9, flushCache_()=0, openTxn_(String, TxnType)=1, isCompatibleWith_(Configuration)=2, getTable_(GetTableRequest)=6, getValidTxns_(long)=0}
2024-04-24T06:30:12,039  INFO [main] ql.Driver: Completed compiling command(queryId=alex_20240424063011_9e0656cf-7385-4a0e-84a4-0ab93a1d6dd8); Time taken: 0.009 seconds
2024-04-24T06:30:12,039  INFO [main] lockmgr.DbTxnManager: Setting lock request transaction to txnid:14 for queryId=alex_20240424063011_9e0656cf-7385-4a0e-84a4-0ab93a1d6dd8
2024-04-24T06:30:12,039  INFO [main] lockmgr.DbLockManager: Requesting lock for queryId=alex_20240424063011_9e0656cf-7385-4a0e-84a4-0ab93a1d6dd8
2024-04-24T06:30:12,056  INFO [main] lockmgr.DbLockManager: Response to queryId=alex_20240424063011_9e0656cf-7385-4a0e-84a4-0ab93a1d6dd8 LockResponse(lockid:7, state:ACQUIRED)
2024-04-24T06:30:12,056  INFO [main] ql.Driver: Operation DROPTABLE obtained 1 locks
2024-04-24T06:30:12,056  INFO [main] ql.Driver: Executing command(queryId=alex_20240424063011_9e0656cf-7385-4a0e-84a4-0ab93a1d6dd8): drop table if exists acidTbl
2024-04-24T06:30:12,056  INFO [main] ql.Driver: Starting task [Stage-0:DDL] in serial mode
2024-04-24T06:30:12,056  INFO [main] HiveMetaStore.audit: ugi=alex	ip=unknown-ip-addr	cmd=get_table : tbl=hive.default.acidTbl	
2024-04-24T06:30:12,062  INFO [main] metastore.HMSHandler: Skipping translation for processor with null
2024-04-24T06:30:12,062  INFO [main] HiveMetaStore.audit: ugi=alex	ip=unknown-ip-addr	cmd=get_table : tbl=hive.default.acidTbl	
2024-04-24T06:30:12,067  INFO [main] metastore.HMSHandler: Skipping translation for processor with null
2024-04-24T06:30:12,067  INFO [main] HiveMetaStore.audit: ugi=alex	ip=unknown-ip-addr	cmd=drop_table : tbl=hive.default.acidTbl	
2024-04-24T06:30:12,172  INFO [main] metadata.Hive: Dumping metastore api call timing information for : execution phase
2024-04-24T06:30:12,172  INFO [main] metadata.Hive: Total time spent in each metastore function (ms): {dropTable_(String, String, boolean, boolean, boolean)=110, isCompatibleWith_(Configuration)=0, getTable_(GetTableRequest)=6}
2024-04-24T06:30:12,172  INFO [main] ql.Driver: Completed executing command(queryId=alex_20240424063011_9e0656cf-7385-4a0e-84a4-0ab93a1d6dd8); Time taken: 0.116 seconds
2024-04-24T06:30:12,172  INFO [main] lockmgr.DbTxnManager: Stopped heartbeat for query: alex_20240424063011_9e0656cf-7385-4a0e-84a4-0ab93a1d6dd8
2024-04-24T06:30:12,175  INFO [main] txn.TxnHandler: Expected to move at least one record from txn_components to completed_txn_components when committing txn! txnid:14
2024-04-24T06:30:12,181  INFO [main] txn.TxnHandler: Removed transactions: ([14]) from MIN_HISTORY_LEVEL
2024-04-24T06:30:12,181  WARN [main] txn.CompactionTxnHandler: No compaction queue record found for Compaction type transaction commit. txnId:14
2024-04-24T06:30:12,182  INFO [main] ql.TxnCommandsBaseForTests: Running the query: drop table if exists acidTblPart
2024-04-24T06:30:12,182  INFO [main] ql.Driver: Compiling command(queryId=alex_20240424063011_9e0656cf-7385-4a0e-84a4-0ab93a1d6dd8): drop table if exists acidTblPart
2024-04-24T06:30:12,184  INFO [main] txn.TxnHandler: Added entries to MIN_HISTORY_LEVEL for current txns: ([15]) with min_open_txn: 4
2024-04-24T06:30:12,184  INFO [main] lockmgr.DbTxnManager: Opened txnid:15
2024-04-24T06:30:12,184  INFO [main] HiveMetaStore.audit: ugi=alex	ip=unknown-ip-addr	cmd=get_table : tbl=hive.default.acidTblPart	
2024-04-24T06:30:12,190  INFO [main] metastore.HMSHandler: Skipping translation for processor with null
2024-04-24T06:30:12,190  INFO [main] ql.Driver: Semantic Analysis Completed (retrial = false)
2024-04-24T06:30:12,190  INFO [main] ql.Driver: Created Hive schema: Schema(fieldSchemas:null, properties:null)
2024-04-24T06:30:12,190  INFO [main] metadata.Hive: Dumping metastore api call timing information for : compilation phase
2024-04-24T06:30:12,190  INFO [main] metadata.Hive: Total time spent in each metastore function (ms): {commitTxn_(CommitTxnRequest)=9, isCompatibleWith_(Configuration)=0, getTable_(GetTableRequest)=6, openTxn_(String, TxnType)=2, flushCache_()=0, getValidTxns_(long)=0}
2024-04-24T06:30:12,190  INFO [main] ql.Driver: Completed compiling command(queryId=alex_20240424063011_9e0656cf-7385-4a0e-84a4-0ab93a1d6dd8); Time taken: 0.008 seconds
2024-04-24T06:30:12,191  INFO [main] lockmgr.DbTxnManager: Setting lock request transaction to txnid:15 for queryId=alex_20240424063011_9e0656cf-7385-4a0e-84a4-0ab93a1d6dd8
2024-04-24T06:30:12,191  INFO [main] lockmgr.DbLockManager: Requesting lock for queryId=alex_20240424063011_9e0656cf-7385-4a0e-84a4-0ab93a1d6dd8
2024-04-24T06:30:12,203  INFO [main] lockmgr.DbLockManager: Response to queryId=alex_20240424063011_9e0656cf-7385-4a0e-84a4-0ab93a1d6dd8 LockResponse(lockid:8, state:ACQUIRED)
2024-04-24T06:30:12,203  INFO [main] ql.Driver: Operation DROPTABLE obtained 1 locks
2024-04-24T06:30:12,203  INFO [main] ql.Driver: Executing command(queryId=alex_20240424063011_9e0656cf-7385-4a0e-84a4-0ab93a1d6dd8): drop table if exists acidTblPart
2024-04-24T06:30:12,204  INFO [main] ql.Driver: Starting task [Stage-0:DDL] in serial mode
2024-04-24T06:30:12,204  INFO [main] HiveMetaStore.audit: ugi=alex	ip=unknown-ip-addr	cmd=get_table : tbl=hive.default.acidTblPart	
2024-04-24T06:30:12,209  INFO [main] metastore.HMSHandler: Skipping translation for processor with null
2024-04-24T06:30:12,209  INFO [main] HiveMetaStore.audit: ugi=alex	ip=unknown-ip-addr	cmd=get_table : tbl=hive.default.acidTblPart	
2024-04-24T06:30:12,215  INFO [main] metastore.HMSHandler: Skipping translation for processor with null
2024-04-24T06:30:12,215  INFO [main] HiveMetaStore.audit: ugi=alex	ip=unknown-ip-addr	cmd=drop_table : tbl=hive.default.acidTblPart	
2024-04-24T06:30:12,250  INFO [main] metadata.Hive: Dumping metastore api call timing information for : execution phase
2024-04-24T06:30:12,250  INFO [main] metadata.Hive: Total time spent in each metastore function (ms): {dropTable_(String, String, boolean, boolean, boolean)=41, getTable_(GetTableRequest)=5, isCompatibleWith_(Configuration)=0}
2024-04-24T06:30:12,250  INFO [main] ql.Driver: Completed executing command(queryId=alex_20240424063011_9e0656cf-7385-4a0e-84a4-0ab93a1d6dd8); Time taken: 0.047 seconds
2024-04-24T06:30:12,250  INFO [main] lockmgr.DbTxnManager: Stopped heartbeat for query: alex_20240424063011_9e0656cf-7385-4a0e-84a4-0ab93a1d6dd8
2024-04-24T06:30:12,253  INFO [main] txn.TxnHandler: Expected to move at least one record from txn_components to completed_txn_components when committing txn! txnid:15
2024-04-24T06:30:12,259  INFO [main] txn.TxnHandler: Removed transactions: ([15]) from MIN_HISTORY_LEVEL
2024-04-24T06:30:12,259  WARN [main] txn.CompactionTxnHandler: No compaction queue record found for Compaction type transaction commit. txnId:15
2024-04-24T06:30:12,260  INFO [main] ql.TxnCommandsBaseForTests: Running the query: drop table if exists acidTbl2
2024-04-24T06:30:12,260  INFO [main] ql.Driver: Compiling command(queryId=alex_20240424063011_9e0656cf-7385-4a0e-84a4-0ab93a1d6dd8): drop table if exists acidTbl2
2024-04-24T06:30:12,263  INFO [main] txn.TxnHandler: Added entries to MIN_HISTORY_LEVEL for current txns: ([16]) with min_open_txn: 8
2024-04-24T06:30:12,263  INFO [main] lockmgr.DbTxnManager: Opened txnid:16
2024-04-24T06:30:12,264  INFO [main] ql.Driver: Semantic Analysis Completed (retrial = false)
2024-04-24T06:30:12,264  INFO [main] ql.Driver: Created Hive schema: Schema(fieldSchemas:null, properties:null)
2024-04-24T06:30:12,264  INFO [main] metadata.Hive: Dumping metastore api call timing information for : compilation phase
2024-04-24T06:30:12,264  INFO [main] metadata.Hive: Total time spent in each metastore function (ms): {flushCache_()=0, getTable_(GetTableRequest)=0, getValidTxns_(long)=1, commitTxn_(CommitTxnRequest)=9, openTxn_(String, TxnType)=3, isCompatibleWith_(Configuration)=0}
2024-04-24T06:30:12,264  INFO [main] ql.Driver: Completed compiling command(queryId=alex_20240424063011_9e0656cf-7385-4a0e-84a4-0ab93a1d6dd8); Time taken: 0.004 seconds
2024-04-24T06:30:12,264  INFO [main] lockmgr.DbTxnManager: Setting lock request transaction to txnid:16 for queryId=alex_20240424063011_9e0656cf-7385-4a0e-84a4-0ab93a1d6dd8
2024-04-24T06:30:12,265  INFO [main] ql.Driver: Operation DROPTABLE obtained 0 locks
2024-04-24T06:30:12,265  INFO [main] ql.Driver: Executing command(queryId=alex_20240424063011_9e0656cf-7385-4a0e-84a4-0ab93a1d6dd8): drop table if exists acidTbl2
2024-04-24T06:30:12,265  INFO [main] ql.Driver: Starting task [Stage-0:DDL] in serial mode
2024-04-24T06:30:12,265  INFO [main] metadata.SessionHiveMetaStoreClient: Column stats doesn't exist for db=default temp table=acidTbl2
2024-04-24T06:30:12,265  INFO [main] metadata.Hive: Dumping metastore api call timing information for : execution phase
2024-04-24T06:30:12,266  INFO [main] metadata.Hive: Total time spent in each metastore function (ms): {getTable_(GetTableRequest)=0, dropTable_(String, String, boolean, boolean, boolean)=0, isCompatibleWith_(Configuration)=0}
2024-04-24T06:30:12,266  INFO [main] ql.Driver: Completed executing command(queryId=alex_20240424063011_9e0656cf-7385-4a0e-84a4-0ab93a1d6dd8); Time taken: 0.0 seconds
2024-04-24T06:30:12,266  INFO [main] lockmgr.DbTxnManager: Stopped heartbeat for query: alex_20240424063011_9e0656cf-7385-4a0e-84a4-0ab93a1d6dd8
2024-04-24T06:30:12,271  INFO [main] txn.TxnHandler: Expected to move at least one record from txn_components to completed_txn_components when committing txn! txnid:16
2024-04-24T06:30:12,277  INFO [main] txn.TxnHandler: Removed transactions: ([16]) from MIN_HISTORY_LEVEL
2024-04-24T06:30:12,277  WARN [main] txn.CompactionTxnHandler: No compaction queue record found for Compaction type transaction commit. txnId:16
2024-04-24T06:30:12,277  INFO [main] ql.TxnCommandsBaseForTests: Running the query: drop table if exists nonAcidOrcTbl
2024-04-24T06:30:12,277  INFO [main] ql.Driver: Compiling command(queryId=alex_20240424063011_9e0656cf-7385-4a0e-84a4-0ab93a1d6dd8): drop table if exists nonAcidOrcTbl
2024-04-24T06:30:12,280  INFO [main] txn.TxnHandler: Added entries to MIN_HISTORY_LEVEL for current txns: ([17]) with min_open_txn: 8
2024-04-24T06:30:12,280  INFO [main] lockmgr.DbTxnManager: Opened txnid:17
2024-04-24T06:30:12,281  INFO [main] HiveMetaStore.audit: ugi=alex	ip=unknown-ip-addr	cmd=get_table : tbl=hive.default.nonAcidOrcTbl	
2024-04-24T06:30:12,300  INFO [main] metastore.HMSHandler: Skipping translation for processor with null
2024-04-24T06:30:12,300  INFO [main] ql.Driver: Semantic Analysis Completed (retrial = false)
2024-04-24T06:30:12,300  INFO [main] ql.Driver: Created Hive schema: Schema(fieldSchemas:null, properties:null)
2024-04-24T06:30:12,300  INFO [main] metadata.Hive: Dumping metastore api call timing information for : compilation phase
2024-04-24T06:30:12,300  INFO [main] metadata.Hive: Total time spent in each metastore function (ms): {isCompatibleWith_(Configuration)=0, commitTxn_(CommitTxnRequest)=11, getTable_(GetTableRequest)=19, getValidTxns_(long)=1, openTxn_(String, TxnType)=2, flushCache_()=0}
2024-04-24T06:30:12,300  INFO [main] ql.Driver: Completed compiling command(queryId=alex_20240424063011_9e0656cf-7385-4a0e-84a4-0ab93a1d6dd8); Time taken: 0.023 seconds
2024-04-24T06:30:12,300  INFO [main] lockmgr.DbTxnManager: Setting lock request transaction to txnid:17 for queryId=alex_20240424063011_9e0656cf-7385-4a0e-84a4-0ab93a1d6dd8
2024-04-24T06:30:12,301  INFO [main] lockmgr.DbLockManager: Requesting lock for queryId=alex_20240424063011_9e0656cf-7385-4a0e-84a4-0ab93a1d6dd8
2024-04-24T06:30:12,316  INFO [main] lockmgr.DbLockManager: Response to queryId=alex_20240424063011_9e0656cf-7385-4a0e-84a4-0ab93a1d6dd8 LockResponse(lockid:9, state:ACQUIRED)
2024-04-24T06:30:12,316  INFO [main] ql.Driver: Operation DROPTABLE obtained 1 locks
2024-04-24T06:30:12,316  INFO [main] ql.Driver: Executing command(queryId=alex_20240424063011_9e0656cf-7385-4a0e-84a4-0ab93a1d6dd8): drop table if exists nonAcidOrcTbl
2024-04-24T06:30:12,316  INFO [main] ql.Driver: Starting task [Stage-0:DDL] in serial mode
2024-04-24T06:30:12,317  INFO [main] HiveMetaStore.audit: ugi=alex	ip=unknown-ip-addr	cmd=get_table : tbl=hive.default.nonAcidOrcTbl	
2024-04-24T06:30:12,324  INFO [main] metastore.HMSHandler: Skipping translation for processor with null
2024-04-24T06:30:12,324  INFO [main] HiveMetaStore.audit: ugi=alex	ip=unknown-ip-addr	cmd=get_table : tbl=hive.default.nonAcidOrcTbl	
2024-04-24T06:30:12,331  INFO [main] metastore.HMSHandler: Skipping translation for processor with null
2024-04-24T06:30:12,331  INFO [main] HiveMetaStore.audit: ugi=alex	ip=unknown-ip-addr	cmd=drop_table : tbl=hive.default.nonAcidOrcTbl	
2024-04-24T06:30:12,379  INFO [main] metadata.Hive: Dumping metastore api call timing information for : execution phase
2024-04-24T06:30:12,379  INFO [main] metadata.Hive: Total time spent in each metastore function (ms): {dropTable_(String, String, boolean, boolean, boolean)=55, isCompatibleWith_(Configuration)=1, getTable_(GetTableRequest)=7}
2024-04-24T06:30:12,379  INFO [main] ql.Driver: Completed executing command(queryId=alex_20240424063011_9e0656cf-7385-4a0e-84a4-0ab93a1d6dd8); Time taken: 0.063 seconds
2024-04-24T06:30:12,380  INFO [main] lockmgr.DbTxnManager: Stopped heartbeat for query: alex_20240424063011_9e0656cf-7385-4a0e-84a4-0ab93a1d6dd8
2024-04-24T06:30:12,383  INFO [main] txn.TxnHandler: Expected to move at least one record from txn_components to completed_txn_components when committing txn! txnid:17
2024-04-24T06:30:12,388  INFO [main] txn.TxnHandler: Removed transactions: ([17]) from MIN_HISTORY_LEVEL
2024-04-24T06:30:12,388  WARN [main] txn.CompactionTxnHandler: No compaction queue record found for Compaction type transaction commit. txnId:17
2024-04-24T06:30:12,388  INFO [main] ql.TxnCommandsBaseForTests: Running the query: drop table if exists nonAcidOrcTbl2
2024-04-24T06:30:12,389  INFO [main] ql.Driver: Compiling command(queryId=alex_20240424063011_9e0656cf-7385-4a0e-84a4-0ab93a1d6dd8): drop table if exists nonAcidOrcTbl2
2024-04-24T06:30:12,390  INFO [main] txn.TxnHandler: Added entries to MIN_HISTORY_LEVEL for current txns: ([18]) with min_open_txn: 9
2024-04-24T06:30:12,391  INFO [main] lockmgr.DbTxnManager: Opened txnid:18
2024-04-24T06:30:12,391  INFO [main] HiveMetaStore.audit: ugi=alex	ip=unknown-ip-addr	cmd=get_table : tbl=hive.default.nonAcidOrcTbl2	
2024-04-24T06:30:12,399  INFO [main] metastore.HMSHandler: Skipping translation for processor with null
2024-04-24T06:30:12,399  INFO [main] ql.Driver: Semantic Analysis Completed (retrial = false)
2024-04-24T06:30:12,399  INFO [main] ql.Driver: Created Hive schema: Schema(fieldSchemas:null, properties:null)
2024-04-24T06:30:12,399  INFO [main] metadata.Hive: Dumping metastore api call timing information for : compilation phase
2024-04-24T06:30:12,399  INFO [main] metadata.Hive: Total time spent in each metastore function (ms): {commitTxn_(CommitTxnRequest)=8, getTable_(GetTableRequest)=8, getValidTxns_(long)=0, openTxn_(String, TxnType)=2, flushCache_()=0, isCompatibleWith_(Configuration)=0}
2024-04-24T06:30:12,399  INFO [main] ql.Driver: Completed compiling command(queryId=alex_20240424063011_9e0656cf-7385-4a0e-84a4-0ab93a1d6dd8); Time taken: 0.01 seconds
2024-04-24T06:30:12,399  INFO [main] lockmgr.DbTxnManager: Setting lock request transaction to txnid:18 for queryId=alex_20240424063011_9e0656cf-7385-4a0e-84a4-0ab93a1d6dd8
2024-04-24T06:30:12,400  INFO [main] lockmgr.DbLockManager: Requesting lock for queryId=alex_20240424063011_9e0656cf-7385-4a0e-84a4-0ab93a1d6dd8
2024-04-24T06:30:12,412  INFO [main] lockmgr.DbLockManager: Response to queryId=alex_20240424063011_9e0656cf-7385-4a0e-84a4-0ab93a1d6dd8 LockResponse(lockid:10, state:ACQUIRED)
2024-04-24T06:30:12,412  INFO [main] ql.Driver: Operation DROPTABLE obtained 1 locks
2024-04-24T06:30:12,412  INFO [main] ql.Driver: Executing command(queryId=alex_20240424063011_9e0656cf-7385-4a0e-84a4-0ab93a1d6dd8): drop table if exists nonAcidOrcTbl2
2024-04-24T06:30:12,412  INFO [main] ql.Driver: Starting task [Stage-0:DDL] in serial mode
2024-04-24T06:30:12,412  INFO [main] HiveMetaStore.audit: ugi=alex	ip=unknown-ip-addr	cmd=get_table : tbl=hive.default.nonAcidOrcTbl2	
2024-04-24T06:30:12,420  INFO [main] metastore.HMSHandler: Skipping translation for processor with null
2024-04-24T06:30:12,420  INFO [main] HiveMetaStore.audit: ugi=alex	ip=unknown-ip-addr	cmd=get_table : tbl=hive.default.nonAcidOrcTbl2	
2024-04-24T06:30:12,427  INFO [main] metastore.HMSHandler: Skipping translation for processor with null
2024-04-24T06:30:12,427  INFO [main] HiveMetaStore.audit: ugi=alex	ip=unknown-ip-addr	cmd=drop_table : tbl=hive.default.nonAcidOrcTbl2	
2024-04-24T06:30:12,453  INFO [main] metadata.Hive: Dumping metastore api call timing information for : execution phase
2024-04-24T06:30:12,454  INFO [main] metadata.Hive: Total time spent in each metastore function (ms): {getTable_(GetTableRequest)=8, isCompatibleWith_(Configuration)=0, dropTable_(String, String, boolean, boolean, boolean)=33}
2024-04-24T06:30:12,454  INFO [main] ql.Driver: Completed executing command(queryId=alex_20240424063011_9e0656cf-7385-4a0e-84a4-0ab93a1d6dd8); Time taken: 0.041 seconds
2024-04-24T06:30:12,454  INFO [main] lockmgr.DbTxnManager: Stopped heartbeat for query: alex_20240424063011_9e0656cf-7385-4a0e-84a4-0ab93a1d6dd8
2024-04-24T06:30:12,457  INFO [main] txn.TxnHandler: Expected to move at least one record from txn_components to completed_txn_components when committing txn! txnid:18
2024-04-24T06:30:12,463  INFO [main] txn.TxnHandler: Removed transactions: ([18]) from MIN_HISTORY_LEVEL
2024-04-24T06:30:12,463  WARN [main] txn.CompactionTxnHandler: No compaction queue record found for Compaction type transaction commit. txnId:18
2024-04-24T06:30:12,463  INFO [main] ql.TxnCommandsBaseForTests: Running the query: drop table if exists nonAcidNonBucket
2024-04-24T06:30:12,464  INFO [main] ql.Driver: Compiling command(queryId=alex_20240424063011_9e0656cf-7385-4a0e-84a4-0ab93a1d6dd8): drop table if exists nonAcidNonBucket
2024-04-24T06:30:12,466  INFO [main] txn.TxnHandler: Added entries to MIN_HISTORY_LEVEL for current txns: ([19]) with min_open_txn: 11
2024-04-24T06:30:12,466  INFO [main] lockmgr.DbTxnManager: Opened txnid:19
2024-04-24T06:30:12,467  INFO [main] HiveMetaStore.audit: ugi=alex	ip=unknown-ip-addr	cmd=get_table : tbl=hive.default.nonAcidNonBucket	
2024-04-24T06:30:12,476  INFO [main] metastore.HMSHandler: Skipping translation for processor with null
2024-04-24T06:30:12,476  INFO [main] ql.Driver: Semantic Analysis Completed (retrial = false)
2024-04-24T06:30:12,476  INFO [main] ql.Driver: Created Hive schema: Schema(fieldSchemas:null, properties:null)
2024-04-24T06:30:12,476  INFO [main] metadata.Hive: Dumping metastore api call timing information for : compilation phase
2024-04-24T06:30:12,477  INFO [main] metadata.Hive: Total time spent in each metastore function (ms): {isCompatibleWith_(Configuration)=0, commitTxn_(CommitTxnRequest)=9, getTable_(GetTableRequest)=10, openTxn_(String, TxnType)=2, getValidTxns_(long)=0, flushCache_()=0}
2024-04-24T06:30:12,477  INFO [main] ql.Driver: Completed compiling command(queryId=alex_20240424063011_9e0656cf-7385-4a0e-84a4-0ab93a1d6dd8); Time taken: 0.013 seconds
2024-04-24T06:30:12,477  INFO [main] lockmgr.DbTxnManager: Setting lock request transaction to txnid:19 for queryId=alex_20240424063011_9e0656cf-7385-4a0e-84a4-0ab93a1d6dd8
2024-04-24T06:30:12,477  INFO [main] lockmgr.DbLockManager: Requesting lock for queryId=alex_20240424063011_9e0656cf-7385-4a0e-84a4-0ab93a1d6dd8
2024-04-24T06:30:12,490  INFO [main] lockmgr.DbLockManager: Response to queryId=alex_20240424063011_9e0656cf-7385-4a0e-84a4-0ab93a1d6dd8 LockResponse(lockid:11, state:ACQUIRED)
2024-04-24T06:30:12,490  INFO [main] ql.Driver: Operation DROPTABLE obtained 1 locks
2024-04-24T06:30:12,490  INFO [main] ql.Driver: Executing command(queryId=alex_20240424063011_9e0656cf-7385-4a0e-84a4-0ab93a1d6dd8): drop table if exists nonAcidNonBucket
2024-04-24T06:30:12,490  INFO [main] ql.Driver: Starting task [Stage-0:DDL] in serial mode
2024-04-24T06:30:12,490  INFO [main] HiveMetaStore.audit: ugi=alex	ip=unknown-ip-addr	cmd=get_table : tbl=hive.default.nonAcidNonBucket	
2024-04-24T06:30:12,497  INFO [main] metastore.HMSHandler: Skipping translation for processor with null
2024-04-24T06:30:12,497  INFO [main] HiveMetaStore.audit: ugi=alex	ip=unknown-ip-addr	cmd=get_table : tbl=hive.default.nonAcidNonBucket	
2024-04-24T06:30:12,504  INFO [main] metastore.HMSHandler: Skipping translation for processor with null
2024-04-24T06:30:12,505  INFO [main] HiveMetaStore.audit: ugi=alex	ip=unknown-ip-addr	cmd=drop_table : tbl=hive.default.nonAcidNonBucket	
2024-04-24T06:30:12,530  INFO [main] metadata.Hive: Dumping metastore api call timing information for : execution phase
2024-04-24T06:30:12,531  INFO [main] metadata.Hive: Total time spent in each metastore function (ms): {isCompatibleWith_(Configuration)=0, getTable_(GetTableRequest)=7, dropTable_(String, String, boolean, boolean, boolean)=33}
2024-04-24T06:30:12,531  INFO [main] ql.Driver: Completed executing command(queryId=alex_20240424063011_9e0656cf-7385-4a0e-84a4-0ab93a1d6dd8); Time taken: 0.04 seconds
2024-04-24T06:30:12,531  INFO [main] lockmgr.DbTxnManager: Stopped heartbeat for query: alex_20240424063011_9e0656cf-7385-4a0e-84a4-0ab93a1d6dd8
2024-04-24T06:30:12,534  INFO [main] txn.TxnHandler: Expected to move at least one record from txn_components to completed_txn_components when committing txn! txnid:19
2024-04-24T06:30:12,539  INFO [main] txn.TxnHandler: Removed transactions: ([19]) from MIN_HISTORY_LEVEL
2024-04-24T06:30:12,539  WARN [main] txn.CompactionTxnHandler: No compaction queue record found for Compaction type transaction commit. txnId:19
2024-04-24T06:30:12,540  INFO [main] utils.TestTxnDbUtil: Cleaning transactional tables
]]></system-err>
  </testcase>
  <testcase name="testMergeType2SCD01" classname="org.apache.hadoop.hive.ql.TestTxnCommands" time="6.563">
    <error type="java.lang.RuntimeException"><![CDATA[java.lang.RuntimeException: merge into target t using (select curMatch.*, case when splitTable.op is null or splitTable.op = 0 then 0 else 1 end `o/p\n` from (select s.*, case when t.cur is null then 0 else 1 end m from source s left outer join (select * from target where target.cur=1) t on s.key=t.key) curMatch left outer join splitTable on curMatch.m=1) s on t.key=s.key and t.cur=1 and s.`o/p\n`=1 when matched then update set cur=0 when not matched then insert values(s.key,s.data,1) failed: (responseCode = 40000, errorMessage = FAILED: NoMatchingMethodException No matching method for class org.apache.hadoop.hive.ql.udf.UDFToInteger with (struct<writeid:bigint,bucketid:int,rowid:bigint>). Possible choices: _FUNC_(bigint)  _FUNC_(boolean)  _FUNC_(decimal(38,18))  _FUNC_(double)  _FUNC_(float)  _FUNC_(smallint)  _FUNC_(string)  _FUNC_(struct<writeid:int,bucketid:bigint,rowid:bigint>)  _FUNC_(timestamp)  _FUNC_(tinyint)  _FUNC_(void)  , hiveErrorCode = 40000, SQLState = 42000, exception = No matching method for class org.apache.hadoop.hive.ql.udf.UDFToInteger with (struct<writeid:bigint,bucketid:int,rowid:bigint>). Possible choices: _FUNC_(bigint)  _FUNC_(boolean)  _FUNC_(decimal(38,18))  _FUNC_(double)  _FUNC_(float)  _FUNC_(smallint)  _FUNC_(string)  _FUNC_(struct<writeid:int,bucketid:bigint,rowid:bigint>)  _FUNC_(timestamp)  _FUNC_(tinyint)  _FUNC_(void)  )
	at org.apache.hadoop.hive.ql.TxnCommandsBaseForTests.runStatementOnDriver(TxnCommandsBaseForTests.java:247)
	at org.apache.hadoop.hive.ql.TestTxnCommands.testMergeType2SCD01(TestTxnCommands.java:1140)
	at sun.reflect.NativeMethodAccessorImpl.invoke0(Native Method)
	at sun.reflect.NativeMethodAccessorImpl.invoke(NativeMethodAccessorImpl.java:62)
	at sun.reflect.DelegatingMethodAccessorImpl.invoke(DelegatingMethodAccessorImpl.java:43)
	at java.lang.reflect.Method.invoke(Method.java:498)
	at org.junit.runners.model.FrameworkMethod$1.runReflectiveCall(FrameworkMethod.java:59)
	at org.junit.internal.runners.model.ReflectiveCallable.run(ReflectiveCallable.java:12)
	at org.junit.runners.model.FrameworkMethod.invokeExplosively(FrameworkMethod.java:56)
	at org.junit.internal.runners.statements.InvokeMethod.evaluate(InvokeMethod.java:17)
	at org.junit.internal.runners.statements.RunBefores.evaluate(RunBefores.java:26)
	at org.junit.internal.runners.statements.RunAfters.evaluate(RunAfters.java:27)
	at org.junit.rules.TestWatcher$1.evaluate(TestWatcher.java:61)
	at org.junit.runners.ParentRunner$3.evaluate(ParentRunner.java:306)
	at org.junit.runners.BlockJUnit4ClassRunner$1.evaluate(BlockJUnit4ClassRunner.java:100)
	at org.junit.runners.ParentRunner.runLeaf(ParentRunner.java:366)
	at org.junit.runners.BlockJUnit4ClassRunner.runChild(BlockJUnit4ClassRunner.java:103)
	at org.junit.runners.BlockJUnit4ClassRunner.runChild(BlockJUnit4ClassRunner.java:63)
	at org.junit.runners.ParentRunner$4.run(ParentRunner.java:331)
	at org.junit.runners.ParentRunner$1.schedule(ParentRunner.java:79)
	at org.junit.runners.ParentRunner.runChildren(ParentRunner.java:329)
	at org.junit.runners.ParentRunner.access$100(ParentRunner.java:66)
	at org.junit.runners.ParentRunner$2.evaluate(ParentRunner.java:293)
	at org.junit.runners.ParentRunner$3.evaluate(ParentRunner.java:306)
	at org.junit.runners.ParentRunner.run(ParentRunner.java:413)
	at org.junit.runner.JUnitCore.run(JUnitCore.java:137)
	at org.junit.runner.JUnitCore.run(JUnitCore.java:115)
	at org.junit.vintage.engine.execution.RunnerExecutor.execute(RunnerExecutor.java:43)
	at java.util.stream.ForEachOps$ForEachOp$OfRef.accept(ForEachOps.java:183)
	at java.util.stream.ReferencePipeline$3$1.accept(ReferencePipeline.java:193)
	at java.util.Iterator.forEachRemaining(Iterator.java:116)
	at java.util.Spliterators$IteratorSpliterator.forEachRemaining(Spliterators.java:1801)
	at java.util.stream.AbstractPipeline.copyInto(AbstractPipeline.java:482)
	at java.util.stream.AbstractPipeline.wrapAndCopyInto(AbstractPipeline.java:472)
	at java.util.stream.ForEachOps$ForEachOp.evaluateSequential(ForEachOps.java:150)
	at java.util.stream.ForEachOps$ForEachOp$OfRef.evaluateSequential(ForEachOps.java:173)
	at java.util.stream.AbstractPipeline.evaluate(AbstractPipeline.java:234)
	at java.util.stream.ReferencePipeline.forEach(ReferencePipeline.java:485)
	at org.junit.vintage.engine.VintageTestEngine.executeAllChildren(VintageTestEngine.java:82)
	at org.junit.vintage.engine.VintageTestEngine.execute(VintageTestEngine.java:73)
	at org.junit.platform.launcher.core.DefaultLauncher.execute(DefaultLauncher.java:248)
	at org.junit.platform.launcher.core.DefaultLauncher.lambda$execute$5(DefaultLauncher.java:211)
	at org.junit.platform.launcher.core.DefaultLauncher.withInterceptedStreams(DefaultLauncher.java:226)
	at org.junit.platform.launcher.core.DefaultLauncher.execute(DefaultLauncher.java:199)
	at org.junit.platform.launcher.core.DefaultLauncher.execute(DefaultLauncher.java:132)
	at org.apache.maven.surefire.junitplatform.JUnitPlatformProvider.invokeAllTests(JUnitPlatformProvider.java:154)
	at org.apache.maven.surefire.junitplatform.JUnitPlatformProvider.invoke(JUnitPlatformProvider.java:123)
	at org.apache.maven.surefire.booter.ForkedBooter.runSuitesInProcess(ForkedBooter.java:377)
	at org.apache.maven.surefire.booter.ForkedBooter.execute(ForkedBooter.java:138)
	at org.apache.maven.surefire.booter.ForkedBooter.run(ForkedBooter.java:465)
	at org.apache.maven.surefire.booter.ForkedBooter.main(ForkedBooter.java:451)
]]></error>
    <system-err><![CDATA[2024-04-24T06:30:12,596  WARN [main] conf.HiveConf: HiveConf of name hive.metastore.metadb.dir does not exist
2024-04-24T06:30:12,596  WARN [main] conf.HiveConf: HiveConf of name hive.llap.io.cache.orc.size does not exist
2024-04-24T06:30:12,596  WARN [main] conf.HiveConf: HiveConf of name hive.dummyparam.test.server.specific.config.hivesite does not exist
2024-04-24T06:30:12,596  WARN [main] conf.HiveConf: HiveConf of name hive.llap.io.cache.orc.alloc.max does not exist
2024-04-24T06:30:12,596  WARN [main] conf.HiveConf: HiveConf of name hive.metastore.client.cache.maxSize does not exist
2024-04-24T06:30:12,596  WARN [main] conf.HiveConf: HiveConf of name hive.llap.io.cache.orc.arena.size does not exist
2024-04-24T06:30:12,596  WARN [main] conf.HiveConf: HiveConf of name hive.stats.key.prefix.reserve.length does not exist
2024-04-24T06:30:12,596  WARN [main] conf.HiveConf: HiveConf of name hive.dummyparam.test.server.specific.config.override does not exist
2024-04-24T06:30:12,596  WARN [main] conf.HiveConf: HiveConf of name hive.dummyparam.test.server.specific.config.metastoresite does not exist
2024-04-24T06:30:12,596  WARN [main] conf.HiveConf: HiveConf of name hive.metastore.client.cache.recordStats does not exist
2024-04-24T06:30:12,597  WARN [main] conf.HiveConf: HiveConf of name hive.llap.io.cache.orc.alloc.min does not exist
2024-04-24T06:30:12,599  INFO [main] utils.TestTxnDbUtil: Creating transactional tables
Hive Session ID = 8e173e42-dbce-4208-8a17-ca742c9a75ac
2024-04-24T06:30:12,601  INFO [main] SessionState: Hive Session ID = 8e173e42-dbce-4208-8a17-ca742c9a75ac
ivysettings.xml file not found in HIVE_HOME or HIVE_CONF_DIR,/home/alex/Repositories/hive/conf/ivysettings.xml will be used
2024-04-24T06:30:12,601  INFO [main] DependencyResolver: ivysettings.xml file not found in HIVE_HOME or HIVE_CONF_DIR,/home/alex/Repositories/hive/conf/ivysettings.xml will be used
2024-04-24T06:30:12,607  INFO [main] session.SessionState: Created HDFS directory: /home/alex/Repositories/hive/ql/target/tmp/scratchdir/alex/8e173e42-dbce-4208-8a17-ca742c9a75ac
2024-04-24T06:30:12,609  INFO [main] session.SessionState: Created local directory: /home/alex/Repositories/hive/ql/target/tmp/localscratchdir/8e173e42-dbce-4208-8a17-ca742c9a75ac
2024-04-24T06:30:12,612  INFO [main] session.SessionState: Created HDFS directory: /home/alex/Repositories/hive/ql/target/tmp/scratchdir/alex/8e173e42-dbce-4208-8a17-ca742c9a75ac/_tmp_space.db
2024-04-24T06:30:12,612  INFO [main] sqlstd.SQLStdHiveAccessController: Created SQLStdHiveAccessController for session context : HiveAuthzSessionContext [sessionString=8e173e42-dbce-4208-8a17-ca742c9a75ac, clientType=HIVECLI]
2024-04-24T06:30:12,612  INFO [main] ql.TxnCommandsBaseForTests: Running the query: drop table if exists acidTbl
2024-04-24T06:30:12,613  INFO [main] ql.Driver: Compiling command(queryId=alex_20240424063012_3a6e7658-5be5-40d0-a68f-6ed48ec0a3f2): drop table if exists acidTbl
2024-04-24T06:30:12,620  INFO [main] txn.TxnHandler: Added entries to MIN_HISTORY_LEVEL for current txns: ([1]) with min_open_txn: 1
2024-04-24T06:30:12,620  INFO [main] lockmgr.DbTxnManager: Opened txnid:1
2024-04-24T06:30:12,623  INFO [main] HiveMetaStore.audit: ugi=alex	ip=unknown-ip-addr	cmd=get_table : tbl=hive.default.acidTbl	
2024-04-24T06:30:12,625  INFO [main] ql.Driver: Semantic Analysis Completed (retrial = false)
2024-04-24T06:30:12,625  INFO [main] ql.Driver: Created Hive schema: Schema(fieldSchemas:null, properties:null)
2024-04-24T06:30:12,625  INFO [main] metadata.Hive: Dumping metastore api call timing information for : compilation phase
2024-04-24T06:30:12,626  INFO [main] metadata.Hive: Total time spent in each metastore function (ms): {openTxn_(String, TxnType)=7, flushCache_()=0, commitTxn_(CommitTxnRequest)=8, isCompatibleWith_(Configuration)=0, getValidTxns_(long)=1}
2024-04-24T06:30:12,626  INFO [main] ql.Driver: Completed compiling command(queryId=alex_20240424063012_3a6e7658-5be5-40d0-a68f-6ed48ec0a3f2); Time taken: 0.012 seconds
2024-04-24T06:30:12,626  INFO [main] lockmgr.DbTxnManager: Setting lock request transaction to txnid:1 for queryId=alex_20240424063012_3a6e7658-5be5-40d0-a68f-6ed48ec0a3f2
2024-04-24T06:30:12,626  INFO [main] ql.Driver: Operation DROPTABLE obtained 0 locks
2024-04-24T06:30:12,626  INFO [main] ql.Driver: Executing command(queryId=alex_20240424063012_3a6e7658-5be5-40d0-a68f-6ed48ec0a3f2): drop table if exists acidTbl
2024-04-24T06:30:12,626  INFO [main] ql.Driver: Starting task [Stage-0:DDL] in serial mode
2024-04-24T06:30:12,626  INFO [main] HiveMetaStore.audit: ugi=alex	ip=unknown-ip-addr	cmd=get_table : tbl=hive.default.acidTbl	
2024-04-24T06:30:12,629  INFO [main] metadata.Hive: Dumping metastore api call timing information for : execution phase
2024-04-24T06:30:12,629  INFO [main] metadata.Hive: Total time spent in each metastore function (ms): {isCompatibleWith_(Configuration)=0}
2024-04-24T06:30:12,629  INFO [main] ql.Driver: Completed executing command(queryId=alex_20240424063012_3a6e7658-5be5-40d0-a68f-6ed48ec0a3f2); Time taken: 0.003 seconds
2024-04-24T06:30:12,629  INFO [main] lockmgr.DbTxnManager: Stopped heartbeat for query: alex_20240424063012_3a6e7658-5be5-40d0-a68f-6ed48ec0a3f2
2024-04-24T06:30:12,635  INFO [main] txn.TxnHandler: Expected to move at least one record from txn_components to completed_txn_components when committing txn! txnid:1
2024-04-24T06:30:12,641  INFO [main] txn.TxnHandler: Removed transactions: ([1]) from MIN_HISTORY_LEVEL
2024-04-24T06:30:12,642  WARN [main] txn.CompactionTxnHandler: No compaction queue record found for Compaction type transaction commit. txnId:1
2024-04-24T06:30:12,642  INFO [main] ql.TxnCommandsBaseForTests: Running the query: drop table if exists acidTblPart
2024-04-24T06:30:12,642  INFO [main] ql.Driver: Compiling command(queryId=alex_20240424063012_bd3b1041-f4c2-485e-aa32-e3153dcfb53b): drop table if exists acidTblPart
2024-04-24T06:30:12,644  INFO [main] txn.TxnHandler: Added entries to MIN_HISTORY_LEVEL for current txns: ([2]) with min_open_txn: 1
2024-04-24T06:30:12,645  INFO [main] lockmgr.DbTxnManager: Opened txnid:2
2024-04-24T06:30:12,645  INFO [main] HiveMetaStore.audit: ugi=alex	ip=unknown-ip-addr	cmd=get_table : tbl=hive.default.acidTblPart	
2024-04-24T06:30:12,648  INFO [main] ql.Driver: Semantic Analysis Completed (retrial = false)
2024-04-24T06:30:12,648  INFO [main] ql.Driver: Created Hive schema: Schema(fieldSchemas:null, properties:null)
2024-04-24T06:30:12,648  INFO [main] metadata.Hive: Dumping metastore api call timing information for : compilation phase
2024-04-24T06:30:12,648  INFO [main] metadata.Hive: Total time spent in each metastore function (ms): {isCompatibleWith_(Configuration)=1, commitTxn_(CommitTxnRequest)=12, getValidTxns_(long)=0, flushCache_()=0, openTxn_(String, TxnType)=2}
2024-04-24T06:30:12,648  INFO [main] ql.Driver: Completed compiling command(queryId=alex_20240424063012_bd3b1041-f4c2-485e-aa32-e3153dcfb53b); Time taken: 0.006 seconds
2024-04-24T06:30:12,648  INFO [main] lockmgr.DbTxnManager: Setting lock request transaction to txnid:2 for queryId=alex_20240424063012_bd3b1041-f4c2-485e-aa32-e3153dcfb53b
2024-04-24T06:30:12,648  INFO [main] ql.Driver: Operation DROPTABLE obtained 0 locks
2024-04-24T06:30:12,648  INFO [main] ql.Driver: Executing command(queryId=alex_20240424063012_bd3b1041-f4c2-485e-aa32-e3153dcfb53b): drop table if exists acidTblPart
2024-04-24T06:30:12,649  INFO [main] ql.Driver: Starting task [Stage-0:DDL] in serial mode
2024-04-24T06:30:12,649  INFO [main] HiveMetaStore.audit: ugi=alex	ip=unknown-ip-addr	cmd=get_table : tbl=hive.default.acidTblPart	
2024-04-24T06:30:12,651  INFO [main] metadata.Hive: Dumping metastore api call timing information for : execution phase
2024-04-24T06:30:12,652  INFO [main] metadata.Hive: Total time spent in each metastore function (ms): {isCompatibleWith_(Configuration)=0}
2024-04-24T06:30:12,652  INFO [main] ql.Driver: Completed executing command(queryId=alex_20240424063012_bd3b1041-f4c2-485e-aa32-e3153dcfb53b); Time taken: 0.003 seconds
2024-04-24T06:30:12,652  INFO [main] lockmgr.DbTxnManager: Stopped heartbeat for query: alex_20240424063012_bd3b1041-f4c2-485e-aa32-e3153dcfb53b
2024-04-24T06:30:12,657  INFO [main] txn.TxnHandler: Expected to move at least one record from txn_components to completed_txn_components when committing txn! txnid:2
2024-04-24T06:30:12,663  INFO [main] txn.TxnHandler: Removed transactions: ([2]) from MIN_HISTORY_LEVEL
2024-04-24T06:30:12,663  WARN [main] txn.CompactionTxnHandler: No compaction queue record found for Compaction type transaction commit. txnId:2
2024-04-24T06:30:12,664  INFO [main] ql.TxnCommandsBaseForTests: Running the query: drop table if exists acidTbl2
2024-04-24T06:30:12,664  INFO [main] ql.Driver: Compiling command(queryId=alex_20240424063012_16b557ad-6207-4b1a-b192-4571c205c778): drop table if exists acidTbl2
2024-04-24T06:30:12,666  INFO [main] txn.TxnHandler: Added entries to MIN_HISTORY_LEVEL for current txns: ([3]) with min_open_txn: 1
2024-04-24T06:30:12,666  INFO [main] lockmgr.DbTxnManager: Opened txnid:3
2024-04-24T06:30:12,667  INFO [main] HiveMetaStore.audit: ugi=alex	ip=unknown-ip-addr	cmd=get_table : tbl=hive.default.acidTbl2	
2024-04-24T06:30:12,670  INFO [main] ql.Driver: Semantic Analysis Completed (retrial = false)
2024-04-24T06:30:12,670  INFO [main] ql.Driver: Created Hive schema: Schema(fieldSchemas:null, properties:null)
2024-04-24T06:30:12,670  INFO [main] metadata.Hive: Dumping metastore api call timing information for : compilation phase
2024-04-24T06:30:12,670  INFO [main] metadata.Hive: Total time spent in each metastore function (ms): {flushCache_()=0, openTxn_(String, TxnType)=2, isCompatibleWith_(Configuration)=0, commitTxn_(CommitTxnRequest)=11, getValidTxns_(long)=1}
2024-04-24T06:30:12,670  INFO [main] ql.Driver: Completed compiling command(queryId=alex_20240424063012_16b557ad-6207-4b1a-b192-4571c205c778); Time taken: 0.006 seconds
2024-04-24T06:30:12,670  INFO [main] lockmgr.DbTxnManager: Setting lock request transaction to txnid:3 for queryId=alex_20240424063012_16b557ad-6207-4b1a-b192-4571c205c778
2024-04-24T06:30:12,670  INFO [main] ql.Driver: Operation DROPTABLE obtained 0 locks
2024-04-24T06:30:12,670  INFO [main] ql.Driver: Executing command(queryId=alex_20240424063012_16b557ad-6207-4b1a-b192-4571c205c778): drop table if exists acidTbl2
2024-04-24T06:30:12,670  INFO [main] ql.Driver: Starting task [Stage-0:DDL] in serial mode
2024-04-24T06:30:12,670  INFO [main] HiveMetaStore.audit: ugi=alex	ip=unknown-ip-addr	cmd=get_table : tbl=hive.default.acidTbl2	
2024-04-24T06:30:12,673  INFO [main] metadata.Hive: Dumping metastore api call timing information for : execution phase
2024-04-24T06:30:12,673  INFO [main] metadata.Hive: Total time spent in each metastore function (ms): {isCompatibleWith_(Configuration)=0}
2024-04-24T06:30:12,674  INFO [main] ql.Driver: Completed executing command(queryId=alex_20240424063012_16b557ad-6207-4b1a-b192-4571c205c778); Time taken: 0.003 seconds
2024-04-24T06:30:12,674  INFO [main] lockmgr.DbTxnManager: Stopped heartbeat for query: alex_20240424063012_16b557ad-6207-4b1a-b192-4571c205c778
2024-04-24T06:30:12,679  INFO [main] txn.TxnHandler: Expected to move at least one record from txn_components to completed_txn_components when committing txn! txnid:3
2024-04-24T06:30:12,686  INFO [main] txn.TxnHandler: Removed transactions: ([3]) from MIN_HISTORY_LEVEL
2024-04-24T06:30:12,686  WARN [main] txn.CompactionTxnHandler: No compaction queue record found for Compaction type transaction commit. txnId:3
2024-04-24T06:30:12,687  INFO [main] ql.TxnCommandsBaseForTests: Running the query: drop table if exists nonAcidOrcTbl
2024-04-24T06:30:12,687  INFO [main] ql.Driver: Compiling command(queryId=alex_20240424063012_6eb5f240-af9a-4467-8e5e-281516e700cc): drop table if exists nonAcidOrcTbl
2024-04-24T06:30:12,689  INFO [main] txn.TxnHandler: Added entries to MIN_HISTORY_LEVEL for current txns: ([4]) with min_open_txn: 1
2024-04-24T06:30:12,689  INFO [main] lockmgr.DbTxnManager: Opened txnid:4
2024-04-24T06:30:12,689  INFO [main] HiveMetaStore.audit: ugi=alex	ip=unknown-ip-addr	cmd=get_table : tbl=hive.default.nonAcidOrcTbl	
2024-04-24T06:30:12,692  INFO [main] ql.Driver: Semantic Analysis Completed (retrial = false)
2024-04-24T06:30:12,692  INFO [main] ql.Driver: Created Hive schema: Schema(fieldSchemas:null, properties:null)
2024-04-24T06:30:12,692  INFO [main] metadata.Hive: Dumping metastore api call timing information for : compilation phase
2024-04-24T06:30:12,692  INFO [main] metadata.Hive: Total time spent in each metastore function (ms): {getValidTxns_(long)=0, flushCache_()=0, isCompatibleWith_(Configuration)=0, commitTxn_(CommitTxnRequest)=13, openTxn_(String, TxnType)=2}
2024-04-24T06:30:12,692  INFO [main] ql.Driver: Completed compiling command(queryId=alex_20240424063012_6eb5f240-af9a-4467-8e5e-281516e700cc); Time taken: 0.005 seconds
2024-04-24T06:30:12,692  INFO [main] lockmgr.DbTxnManager: Setting lock request transaction to txnid:4 for queryId=alex_20240424063012_6eb5f240-af9a-4467-8e5e-281516e700cc
2024-04-24T06:30:12,692  INFO [main] ql.Driver: Operation DROPTABLE obtained 0 locks
2024-04-24T06:30:12,692  INFO [main] ql.Driver: Executing command(queryId=alex_20240424063012_6eb5f240-af9a-4467-8e5e-281516e700cc): drop table if exists nonAcidOrcTbl
2024-04-24T06:30:12,693  INFO [main] ql.Driver: Starting task [Stage-0:DDL] in serial mode
2024-04-24T06:30:12,693  INFO [main] HiveMetaStore.audit: ugi=alex	ip=unknown-ip-addr	cmd=get_table : tbl=hive.default.nonAcidOrcTbl	
2024-04-24T06:30:12,695  INFO [main] metadata.Hive: Dumping metastore api call timing information for : execution phase
2024-04-24T06:30:12,695  INFO [main] metadata.Hive: Total time spent in each metastore function (ms): {isCompatibleWith_(Configuration)=0}
2024-04-24T06:30:12,695  INFO [main] ql.Driver: Completed executing command(queryId=alex_20240424063012_6eb5f240-af9a-4467-8e5e-281516e700cc); Time taken: 0.003 seconds
2024-04-24T06:30:12,695  INFO [main] lockmgr.DbTxnManager: Stopped heartbeat for query: alex_20240424063012_6eb5f240-af9a-4467-8e5e-281516e700cc
2024-04-24T06:30:12,700  INFO [main] txn.TxnHandler: Expected to move at least one record from txn_components to completed_txn_components when committing txn! txnid:4
2024-04-24T06:30:12,705  INFO [main] txn.TxnHandler: Removed transactions: ([4]) from MIN_HISTORY_LEVEL
2024-04-24T06:30:12,705  WARN [main] txn.CompactionTxnHandler: No compaction queue record found for Compaction type transaction commit. txnId:4
2024-04-24T06:30:12,706  INFO [main] ql.TxnCommandsBaseForTests: Running the query: drop table if exists nonAcidOrcTbl2
2024-04-24T06:30:12,706  INFO [main] ql.Driver: Compiling command(queryId=alex_20240424063012_31bc2e8e-3528-49ac-9c90-374f37dd736f): drop table if exists nonAcidOrcTbl2
2024-04-24T06:30:12,708  INFO [main] txn.TxnHandler: Added entries to MIN_HISTORY_LEVEL for current txns: ([5]) with min_open_txn: 1
2024-04-24T06:30:12,708  INFO [main] lockmgr.DbTxnManager: Opened txnid:5
2024-04-24T06:30:12,708  INFO [main] HiveMetaStore.audit: ugi=alex	ip=unknown-ip-addr	cmd=get_table : tbl=hive.default.nonAcidOrcTbl2	
2024-04-24T06:30:12,711  INFO [main] ql.Driver: Semantic Analysis Completed (retrial = false)
2024-04-24T06:30:12,711  INFO [main] ql.Driver: Created Hive schema: Schema(fieldSchemas:null, properties:null)
2024-04-24T06:30:12,711  INFO [main] metadata.Hive: Dumping metastore api call timing information for : compilation phase
2024-04-24T06:30:12,711  INFO [main] metadata.Hive: Total time spent in each metastore function (ms): {commitTxn_(CommitTxnRequest)=9, getValidTxns_(long)=0, isCompatibleWith_(Configuration)=0, flushCache_()=0, openTxn_(String, TxnType)=2}
2024-04-24T06:30:12,711  INFO [main] ql.Driver: Completed compiling command(queryId=alex_20240424063012_31bc2e8e-3528-49ac-9c90-374f37dd736f); Time taken: 0.005 seconds
2024-04-24T06:30:12,712  INFO [main] lockmgr.DbTxnManager: Setting lock request transaction to txnid:5 for queryId=alex_20240424063012_31bc2e8e-3528-49ac-9c90-374f37dd736f
2024-04-24T06:30:12,712  INFO [main] ql.Driver: Operation DROPTABLE obtained 0 locks
2024-04-24T06:30:12,712  INFO [main] ql.Driver: Executing command(queryId=alex_20240424063012_31bc2e8e-3528-49ac-9c90-374f37dd736f): drop table if exists nonAcidOrcTbl2
2024-04-24T06:30:12,712  INFO [main] ql.Driver: Starting task [Stage-0:DDL] in serial mode
2024-04-24T06:30:12,712  INFO [main] HiveMetaStore.audit: ugi=alex	ip=unknown-ip-addr	cmd=get_table : tbl=hive.default.nonAcidOrcTbl2	
2024-04-24T06:30:12,715  INFO [main] metadata.Hive: Dumping metastore api call timing information for : execution phase
2024-04-24T06:30:12,715  INFO [main] metadata.Hive: Total time spent in each metastore function (ms): {isCompatibleWith_(Configuration)=0}
2024-04-24T06:30:12,715  INFO [main] ql.Driver: Completed executing command(queryId=alex_20240424063012_31bc2e8e-3528-49ac-9c90-374f37dd736f); Time taken: 0.003 seconds
2024-04-24T06:30:12,715  INFO [main] lockmgr.DbTxnManager: Stopped heartbeat for query: alex_20240424063012_31bc2e8e-3528-49ac-9c90-374f37dd736f
2024-04-24T06:30:12,720  INFO [main] txn.TxnHandler: Expected to move at least one record from txn_components to completed_txn_components when committing txn! txnid:5
2024-04-24T06:30:12,726  INFO [main] txn.TxnHandler: Removed transactions: ([5]) from MIN_HISTORY_LEVEL
2024-04-24T06:30:12,726  WARN [main] txn.CompactionTxnHandler: No compaction queue record found for Compaction type transaction commit. txnId:5
2024-04-24T06:30:12,726  INFO [main] ql.TxnCommandsBaseForTests: Running the query: drop table if exists nonAcidNonBucket
2024-04-24T06:30:12,726  INFO [main] ql.Driver: Compiling command(queryId=alex_20240424063012_8057be6e-0c4f-42e8-a5a9-660e47f28085): drop table if exists nonAcidNonBucket
2024-04-24T06:30:12,728  INFO [main] txn.TxnHandler: Added entries to MIN_HISTORY_LEVEL for current txns: ([6]) with min_open_txn: 1
2024-04-24T06:30:12,729  INFO [main] lockmgr.DbTxnManager: Opened txnid:6
2024-04-24T06:30:12,729  INFO [main] HiveMetaStore.audit: ugi=alex	ip=unknown-ip-addr	cmd=get_table : tbl=hive.default.nonAcidNonBucket	
2024-04-24T06:30:12,732  INFO [main] ql.Driver: Semantic Analysis Completed (retrial = false)
2024-04-24T06:30:12,732  INFO [main] ql.Driver: Created Hive schema: Schema(fieldSchemas:null, properties:null)
2024-04-24T06:30:12,732  INFO [main] metadata.Hive: Dumping metastore api call timing information for : compilation phase
2024-04-24T06:30:12,732  INFO [main] metadata.Hive: Total time spent in each metastore function (ms): {flushCache_()=0, openTxn_(String, TxnType)=2, getValidTxns_(long)=0, isCompatibleWith_(Configuration)=0, commitTxn_(CommitTxnRequest)=11}
2024-04-24T06:30:12,732  INFO [main] ql.Driver: Completed compiling command(queryId=alex_20240424063012_8057be6e-0c4f-42e8-a5a9-660e47f28085); Time taken: 0.006 seconds
2024-04-24T06:30:12,733  INFO [main] lockmgr.DbTxnManager: Setting lock request transaction to txnid:6 for queryId=alex_20240424063012_8057be6e-0c4f-42e8-a5a9-660e47f28085
2024-04-24T06:30:12,733  INFO [main] ql.Driver: Operation DROPTABLE obtained 0 locks
2024-04-24T06:30:12,733  INFO [main] ql.Driver: Executing command(queryId=alex_20240424063012_8057be6e-0c4f-42e8-a5a9-660e47f28085): drop table if exists nonAcidNonBucket
2024-04-24T06:30:12,733  INFO [main] ql.Driver: Starting task [Stage-0:DDL] in serial mode
2024-04-24T06:30:12,733  INFO [main] HiveMetaStore.audit: ugi=alex	ip=unknown-ip-addr	cmd=get_table : tbl=hive.default.nonAcidNonBucket	
2024-04-24T06:30:12,736  INFO [main] metadata.Hive: Dumping metastore api call timing information for : execution phase
2024-04-24T06:30:12,736  INFO [main] metadata.Hive: Total time spent in each metastore function (ms): {isCompatibleWith_(Configuration)=0}
2024-04-24T06:30:12,737  INFO [main] ql.Driver: Completed executing command(queryId=alex_20240424063012_8057be6e-0c4f-42e8-a5a9-660e47f28085); Time taken: 0.003 seconds
2024-04-24T06:30:12,737  INFO [main] lockmgr.DbTxnManager: Stopped heartbeat for query: alex_20240424063012_8057be6e-0c4f-42e8-a5a9-660e47f28085
2024-04-24T06:30:12,743  INFO [main] txn.TxnHandler: Expected to move at least one record from txn_components to completed_txn_components when committing txn! txnid:6
2024-04-24T06:30:12,750  INFO [main] txn.TxnHandler: Removed transactions: ([6]) from MIN_HISTORY_LEVEL
2024-04-24T06:30:12,750  WARN [main] txn.CompactionTxnHandler: No compaction queue record found for Compaction type transaction commit. txnId:6
2024-04-24T06:30:12,750  INFO [main] ql.TxnCommandsBaseForTests: Running the query: create table acidTbl(a int, b int) clustered by (a) into 2 buckets stored as orc TBLPROPERTIES ('transactional'='true')
2024-04-24T06:30:12,750  INFO [main] ql.Driver: Compiling command(queryId=alex_20240424063012_75851af1-28f1-4209-a860-297c6b299a54): create table acidTbl(a int, b int) clustered by (a) into 2 buckets stored as orc TBLPROPERTIES ('transactional'='true')
2024-04-24T06:30:12,753  INFO [main] txn.TxnHandler: Added entries to MIN_HISTORY_LEVEL for current txns: ([7]) with min_open_txn: 1
2024-04-24T06:30:12,753  INFO [main] lockmgr.DbTxnManager: Opened txnid:7
2024-04-24T06:30:12,753  INFO [main] parse.CalcitePlanner: Starting caching scope for: 
2024-04-24T06:30:12,753  INFO [main] parse.CalcitePlanner: Starting Semantic Analysis
2024-04-24T06:30:12,759  INFO [main] parse.CalcitePlanner: Creating table default.acidTbl position=13
2024-04-24T06:30:12,760  INFO [main] HiveMetaStore.audit: ugi=alex	ip=unknown-ip-addr	cmd=get_database: default	
2024-04-24T06:30:12,761  INFO [main] parse.CalcitePlanner: Ending caching scope for: 
2024-04-24T06:30:12,761  INFO [main] ql.Driver: Semantic Analysis Completed (retrial = false)
2024-04-24T06:30:12,761  INFO [main] ql.Driver: Created Hive schema: Schema(fieldSchemas:null, properties:null)
2024-04-24T06:30:12,761  INFO [main] metadata.Hive: Dumping metastore api call timing information for : compilation phase
2024-04-24T06:30:12,761  INFO [main] metadata.Hive: Total time spent in each metastore function (ms): {getDatabase_(String)=2, commitTxn_(CommitTxnRequest)=13, getValidTxns_(long)=0, flushCache_()=0, getValidWriteIds_(List, String)=6, isCompatibleWith_(Configuration)=0, openTxn_(String, TxnType)=2}
2024-04-24T06:30:12,762  INFO [main] ql.Driver: Completed compiling command(queryId=alex_20240424063012_75851af1-28f1-4209-a860-297c6b299a54); Time taken: 0.011 seconds
2024-04-24T06:30:12,762  INFO [main] lockmgr.DbTxnManager: Setting lock request transaction to txnid:7 for queryId=alex_20240424063012_75851af1-28f1-4209-a860-297c6b299a54
2024-04-24T06:30:12,762  INFO [main] lockmgr.DbLockManager: Requesting lock for queryId=alex_20240424063012_75851af1-28f1-4209-a860-297c6b299a54
2024-04-24T06:30:12,780  INFO [main] lockmgr.DbLockManager: Response to queryId=alex_20240424063012_75851af1-28f1-4209-a860-297c6b299a54 LockResponse(lockid:1, state:ACQUIRED)
2024-04-24T06:30:12,780  INFO [main] ql.Driver: Operation CREATETABLE obtained 1 locks
2024-04-24T06:30:12,780  INFO [main] ql.Driver: Executing command(queryId=alex_20240424063012_75851af1-28f1-4209-a860-297c6b299a54): create table acidTbl(a int, b int) clustered by (a) into 2 buckets stored as orc TBLPROPERTIES ('transactional'='true')
2024-04-24T06:30:12,781  INFO [main] ql.Driver: Starting task [Stage-0:DDL] in serial mode
2024-04-24T06:30:12,781  INFO [main] HiveMetaStore.audit: ugi=alex	ip=unknown-ip-addr	cmd=create_table_req: Table(tableName:acidTbl, dbName:default, owner:alex, createTime:1713965412, lastAccessTime:0, retention:0, sd:StorageDescriptor(cols:[FieldSchema(name:a, type:int, comment:null), FieldSchema(name:b, type:int, comment:null)], location:null, inputFormat:org.apache.hadoop.hive.ql.io.orc.OrcInputFormat, outputFormat:org.apache.hadoop.hive.ql.io.orc.OrcOutputFormat, compressed:false, numBuckets:2, serdeInfo:SerDeInfo(name:null, serializationLib:org.apache.hadoop.hive.ql.io.orc.OrcSerde, parameters:{serialization.format=1}), bucketCols:[a], sortCols:[], parameters:{}, skewedInfo:SkewedInfo(skewedColNames:[], skewedColValues:[], skewedColValueLocationMaps:{}), storedAsSubDirectories:false), partitionKeys:[], parameters:{numRows=0, totalSize=0, numFilesErasureCoded=0, COLUMN_STATS_ACCURATE={"BASIC_STATS":"true","COLUMN_STATS":{"a":"true","b":"true"}}, rawDataSize=0, bucketing_version=2, transactional=true, numFiles=0}, viewOriginalText:null, viewExpandedText:null, tableType:MANAGED_TABLE, privileges:PrincipalPrivilegeSet(userPrivileges:{alex=[PrivilegeGrantInfo(privilege:INSERT, createTime:-1, grantor:alex, grantorType:USER, grantOption:true), PrivilegeGrantInfo(privilege:SELECT, createTime:-1, grantor:alex, grantorType:USER, grantOption:true), PrivilegeGrantInfo(privilege:UPDATE, createTime:-1, grantor:alex, grantorType:USER, grantOption:true), PrivilegeGrantInfo(privilege:DELETE, createTime:-1, grantor:alex, grantorType:USER, grantOption:true)]}, groupPrivileges:null, rolePrivileges:null), temporary:false, catName:hive, ownerType:USER, writeId:0)	
2024-04-24T06:30:12,787  INFO [main] utils.FileUtils: Creating directory if it doesn't exist: file:/home/alex/Repositories/hive/ql/target/tmp/org.apache.hadoop.hive.ql.TestTxnCommands-1713965238357/warehouse/acidtbl
2024-04-24T06:30:12,823  INFO [main] metadata.Hive: Dumping metastore api call timing information for : execution phase
2024-04-24T06:30:12,823  INFO [main] metadata.Hive: Total time spent in each metastore function (ms): {createTable_(Table)=42, isCompatibleWith_(Configuration)=0}
2024-04-24T06:30:12,824  INFO [main] ql.Driver: Completed executing command(queryId=alex_20240424063012_75851af1-28f1-4209-a860-297c6b299a54); Time taken: 0.043 seconds
2024-04-24T06:30:12,824  INFO [main] lockmgr.DbTxnManager: Stopped heartbeat for query: alex_20240424063012_75851af1-28f1-4209-a860-297c6b299a54
2024-04-24T06:30:12,827  INFO [main] txn.TxnHandler: Expected to move at least one record from txn_components to completed_txn_components when committing txn! txnid:7
2024-04-24T06:30:12,832  INFO [main] txn.TxnHandler: Removed transactions: ([7]) from MIN_HISTORY_LEVEL
2024-04-24T06:30:12,832  WARN [main] txn.CompactionTxnHandler: No compaction queue record found for Compaction type transaction commit. txnId:7
2024-04-24T06:30:12,833  INFO [main] ql.TxnCommandsBaseForTests: Running the query: create table acidTblPart(a int, b int) partitioned by (p string) clustered by (a) into 2 buckets stored as orc TBLPROPERTIES ('transactional'='true')
2024-04-24T06:30:12,833  INFO [main] ql.Driver: Compiling command(queryId=alex_20240424063012_a1d333aa-c1d3-4399-a6f3-b9681b8bf31b): create table acidTblPart(a int, b int) partitioned by (p string) clustered by (a) into 2 buckets stored as orc TBLPROPERTIES ('transactional'='true')
2024-04-24T06:30:12,835  INFO [main] txn.TxnHandler: Added entries to MIN_HISTORY_LEVEL for current txns: ([8]) with min_open_txn: 1
2024-04-24T06:30:12,835  INFO [main] lockmgr.DbTxnManager: Opened txnid:8
2024-04-24T06:30:12,835  INFO [main] parse.CalcitePlanner: Starting caching scope for: 
2024-04-24T06:30:12,835  INFO [main] parse.CalcitePlanner: Starting Semantic Analysis
2024-04-24T06:30:12,837  INFO [main] parse.CalcitePlanner: Creating table default.acidTblPart position=13
2024-04-24T06:30:12,837  INFO [main] HiveMetaStore.audit: ugi=alex	ip=unknown-ip-addr	cmd=get_database: default	
2024-04-24T06:30:12,839  INFO [main] parse.CalcitePlanner: Ending caching scope for: 
2024-04-24T06:30:12,839  INFO [main] ql.Driver: Semantic Analysis Completed (retrial = false)
2024-04-24T06:30:12,839  INFO [main] ql.Driver: Created Hive schema: Schema(fieldSchemas:null, properties:null)
2024-04-24T06:30:12,839  INFO [main] metadata.Hive: Dumping metastore api call timing information for : compilation phase
2024-04-24T06:30:12,839  INFO [main] metadata.Hive: Total time spent in each metastore function (ms): {getValidWriteIds_(List, String)=2, isCompatibleWith_(Configuration)=0, openTxn_(String, TxnType)=2, getValidTxns_(long)=0, commitTxn_(CommitTxnRequest)=8, getDatabase_(String)=2, flushCache_()=0}
2024-04-24T06:30:12,839  INFO [main] ql.Driver: Completed compiling command(queryId=alex_20240424063012_a1d333aa-c1d3-4399-a6f3-b9681b8bf31b); Time taken: 0.006 seconds
2024-04-24T06:30:12,840  INFO [main] lockmgr.DbTxnManager: Setting lock request transaction to txnid:8 for queryId=alex_20240424063012_a1d333aa-c1d3-4399-a6f3-b9681b8bf31b
2024-04-24T06:30:12,840  INFO [main] lockmgr.DbLockManager: Requesting lock for queryId=alex_20240424063012_a1d333aa-c1d3-4399-a6f3-b9681b8bf31b
2024-04-24T06:30:12,852  INFO [main] lockmgr.DbLockManager: Response to queryId=alex_20240424063012_a1d333aa-c1d3-4399-a6f3-b9681b8bf31b LockResponse(lockid:2, state:ACQUIRED)
2024-04-24T06:30:12,852  INFO [main] ql.Driver: Operation CREATETABLE obtained 1 locks
2024-04-24T06:30:12,853  INFO [main] ql.Driver: Executing command(queryId=alex_20240424063012_a1d333aa-c1d3-4399-a6f3-b9681b8bf31b): create table acidTblPart(a int, b int) partitioned by (p string) clustered by (a) into 2 buckets stored as orc TBLPROPERTIES ('transactional'='true')
2024-04-24T06:30:12,853  INFO [main] ql.Driver: Starting task [Stage-0:DDL] in serial mode
2024-04-24T06:30:12,853  INFO [main] HiveMetaStore.audit: ugi=alex	ip=unknown-ip-addr	cmd=create_table_req: Table(tableName:acidTblPart, dbName:default, owner:alex, createTime:1713965412, lastAccessTime:0, retention:0, sd:StorageDescriptor(cols:[FieldSchema(name:a, type:int, comment:null), FieldSchema(name:b, type:int, comment:null)], location:null, inputFormat:org.apache.hadoop.hive.ql.io.orc.OrcInputFormat, outputFormat:org.apache.hadoop.hive.ql.io.orc.OrcOutputFormat, compressed:false, numBuckets:2, serdeInfo:SerDeInfo(name:null, serializationLib:org.apache.hadoop.hive.ql.io.orc.OrcSerde, parameters:{serialization.format=1}), bucketCols:[a], sortCols:[], parameters:{}, skewedInfo:SkewedInfo(skewedColNames:[], skewedColValues:[], skewedColValueLocationMaps:{}), storedAsSubDirectories:false), partitionKeys:[FieldSchema(name:p, type:string, comment:null)], parameters:{bucketing_version=2, transactional=true}, viewOriginalText:null, viewExpandedText:null, tableType:MANAGED_TABLE, privileges:PrincipalPrivilegeSet(userPrivileges:{alex=[PrivilegeGrantInfo(privilege:INSERT, createTime:-1, grantor:alex, grantorType:USER, grantOption:true), PrivilegeGrantInfo(privilege:SELECT, createTime:-1, grantor:alex, grantorType:USER, grantOption:true), PrivilegeGrantInfo(privilege:UPDATE, createTime:-1, grantor:alex, grantorType:USER, grantOption:true), PrivilegeGrantInfo(privilege:DELETE, createTime:-1, grantor:alex, grantorType:USER, grantOption:true)]}, groupPrivileges:null, rolePrivileges:null), temporary:false, catName:hive, ownerType:USER, writeId:0)	
2024-04-24T06:30:12,858  INFO [main] utils.FileUtils: Creating directory if it doesn't exist: file:/home/alex/Repositories/hive/ql/target/tmp/org.apache.hadoop.hive.ql.TestTxnCommands-1713965238357/warehouse/acidtblpart
2024-04-24T06:30:12,871  INFO [main] metadata.Hive: Dumping metastore api call timing information for : execution phase
2024-04-24T06:30:12,872  INFO [main] metadata.Hive: Total time spent in each metastore function (ms): {createTable_(Table)=18, isCompatibleWith_(Configuration)=0}
2024-04-24T06:30:12,872  INFO [main] ql.Driver: Completed executing command(queryId=alex_20240424063012_a1d333aa-c1d3-4399-a6f3-b9681b8bf31b); Time taken: 0.018 seconds
2024-04-24T06:30:12,872  INFO [main] lockmgr.DbTxnManager: Stopped heartbeat for query: alex_20240424063012_a1d333aa-c1d3-4399-a6f3-b9681b8bf31b
2024-04-24T06:30:12,875  INFO [main] txn.TxnHandler: Expected to move at least one record from txn_components to completed_txn_components when committing txn! txnid:8
2024-04-24T06:30:12,880  INFO [main] txn.TxnHandler: Removed transactions: ([8]) from MIN_HISTORY_LEVEL
2024-04-24T06:30:12,880  WARN [main] txn.CompactionTxnHandler: No compaction queue record found for Compaction type transaction commit. txnId:8
2024-04-24T06:30:12,881  INFO [main] ql.TxnCommandsBaseForTests: Running the query: create table nonAcidOrcTbl(a int, b int) clustered by (a) into 2 buckets stored as orc TBLPROPERTIES ('transactional'='false')
2024-04-24T06:30:12,881  INFO [main] ql.Driver: Compiling command(queryId=alex_20240424063012_4791ddc5-067d-45e0-be06-ecee9c143c3f): create table nonAcidOrcTbl(a int, b int) clustered by (a) into 2 buckets stored as orc TBLPROPERTIES ('transactional'='false')
2024-04-24T06:30:12,883  INFO [main] txn.TxnHandler: Added entries to MIN_HISTORY_LEVEL for current txns: ([9]) with min_open_txn: 1
2024-04-24T06:30:12,883  INFO [main] lockmgr.DbTxnManager: Opened txnid:9
2024-04-24T06:30:12,883  INFO [main] parse.CalcitePlanner: Starting caching scope for: 
2024-04-24T06:30:12,884  INFO [main] parse.CalcitePlanner: Starting Semantic Analysis
2024-04-24T06:30:12,886  INFO [main] parse.CalcitePlanner: Creating table default.nonAcidOrcTbl position=13
2024-04-24T06:30:12,886  INFO [main] HiveMetaStore.audit: ugi=alex	ip=unknown-ip-addr	cmd=get_database: default	
2024-04-24T06:30:12,887  INFO [main] parse.CalcitePlanner: Ending caching scope for: 
2024-04-24T06:30:12,887  INFO [main] ql.Driver: Semantic Analysis Completed (retrial = false)
2024-04-24T06:30:12,887  INFO [main] ql.Driver: Created Hive schema: Schema(fieldSchemas:null, properties:null)
2024-04-24T06:30:12,887  INFO [main] metadata.Hive: Dumping metastore api call timing information for : compilation phase
2024-04-24T06:30:12,887  INFO [main] metadata.Hive: Total time spent in each metastore function (ms): {getValidWriteIds_(List, String)=1, openTxn_(String, TxnType)=2, getDatabase_(String)=1, isCompatibleWith_(Configuration)=0, getValidTxns_(long)=0, commitTxn_(CommitTxnRequest)=9, flushCache_()=0}
2024-04-24T06:30:12,888  INFO [main] ql.Driver: Completed compiling command(queryId=alex_20240424063012_4791ddc5-067d-45e0-be06-ecee9c143c3f); Time taken: 0.006 seconds
2024-04-24T06:30:12,888  INFO [main] lockmgr.DbTxnManager: Setting lock request transaction to txnid:9 for queryId=alex_20240424063012_4791ddc5-067d-45e0-be06-ecee9c143c3f
2024-04-24T06:30:12,888  INFO [main] lockmgr.DbLockManager: Requesting lock for queryId=alex_20240424063012_4791ddc5-067d-45e0-be06-ecee9c143c3f
2024-04-24T06:30:12,901  INFO [main] lockmgr.DbLockManager: Response to queryId=alex_20240424063012_4791ddc5-067d-45e0-be06-ecee9c143c3f LockResponse(lockid:3, state:ACQUIRED)
2024-04-24T06:30:12,901  INFO [main] ql.Driver: Operation CREATETABLE obtained 1 locks
2024-04-24T06:30:12,901  INFO [main] ql.Driver: Executing command(queryId=alex_20240424063012_4791ddc5-067d-45e0-be06-ecee9c143c3f): create table nonAcidOrcTbl(a int, b int) clustered by (a) into 2 buckets stored as orc TBLPROPERTIES ('transactional'='false')
2024-04-24T06:30:12,901  INFO [main] ql.Driver: Starting task [Stage-0:DDL] in serial mode
2024-04-24T06:30:12,902  INFO [main] HiveMetaStore.audit: ugi=alex	ip=unknown-ip-addr	cmd=create_table_req: Table(tableName:nonAcidOrcTbl, dbName:default, owner:alex, createTime:1713965412, lastAccessTime:0, retention:0, sd:StorageDescriptor(cols:[FieldSchema(name:a, type:int, comment:null), FieldSchema(name:b, type:int, comment:null)], location:null, inputFormat:org.apache.hadoop.hive.ql.io.orc.OrcInputFormat, outputFormat:org.apache.hadoop.hive.ql.io.orc.OrcOutputFormat, compressed:false, numBuckets:2, serdeInfo:SerDeInfo(name:null, serializationLib:org.apache.hadoop.hive.ql.io.orc.OrcSerde, parameters:{serialization.format=1}), bucketCols:[a], sortCols:[], parameters:{}, skewedInfo:SkewedInfo(skewedColNames:[], skewedColValues:[], skewedColValueLocationMaps:{}), storedAsSubDirectories:false), partitionKeys:[], parameters:{bucketing_version=2, numFilesErasureCoded=0, numRows=0, rawDataSize=0, numFiles=0, COLUMN_STATS_ACCURATE={"BASIC_STATS":"true","COLUMN_STATS":{"a":"true","b":"true"}}, transactional=false, totalSize=0}, viewOriginalText:null, viewExpandedText:null, tableType:MANAGED_TABLE, privileges:PrincipalPrivilegeSet(userPrivileges:{alex=[PrivilegeGrantInfo(privilege:INSERT, createTime:-1, grantor:alex, grantorType:USER, grantOption:true), PrivilegeGrantInfo(privilege:SELECT, createTime:-1, grantor:alex, grantorType:USER, grantOption:true), PrivilegeGrantInfo(privilege:UPDATE, createTime:-1, grantor:alex, grantorType:USER, grantOption:true), PrivilegeGrantInfo(privilege:DELETE, createTime:-1, grantor:alex, grantorType:USER, grantOption:true)]}, groupPrivileges:null, rolePrivileges:null), temporary:false, catName:hive, ownerType:USER)	
2024-04-24T06:30:12,906  INFO [main] utils.FileUtils: Creating directory if it doesn't exist: file:/home/alex/Repositories/hive/ql/target/tmp/org.apache.hadoop.hive.ql.TestTxnCommands-1713965238357/warehouse/nonacidorctbl
2024-04-24T06:30:12,919  INFO [main] metadata.Hive: Dumping metastore api call timing information for : execution phase
2024-04-24T06:30:12,920  INFO [main] metadata.Hive: Total time spent in each metastore function (ms): {createTable_(Table)=17, isCompatibleWith_(Configuration)=0}
2024-04-24T06:30:12,920  INFO [main] ql.Driver: Completed executing command(queryId=alex_20240424063012_4791ddc5-067d-45e0-be06-ecee9c143c3f); Time taken: 0.018 seconds
2024-04-24T06:30:12,920  INFO [main] lockmgr.DbTxnManager: Stopped heartbeat for query: alex_20240424063012_4791ddc5-067d-45e0-be06-ecee9c143c3f
2024-04-24T06:30:12,924  INFO [main] txn.TxnHandler: Expected to move at least one record from txn_components to completed_txn_components when committing txn! txnid:9
2024-04-24T06:30:12,930  INFO [main] txn.TxnHandler: Removed transactions: ([9]) from MIN_HISTORY_LEVEL
2024-04-24T06:30:12,930  WARN [main] txn.CompactionTxnHandler: No compaction queue record found for Compaction type transaction commit. txnId:9
2024-04-24T06:30:12,930  INFO [main] ql.TxnCommandsBaseForTests: Running the query: create table nonAcidOrcTbl2(a int, b int) clustered by (a) into 2 buckets stored as orc TBLPROPERTIES ('transactional'='false')
2024-04-24T06:30:12,930  INFO [main] ql.Driver: Compiling command(queryId=alex_20240424063012_6345e023-61f6-4681-8b4d-7745aebda3b5): create table nonAcidOrcTbl2(a int, b int) clustered by (a) into 2 buckets stored as orc TBLPROPERTIES ('transactional'='false')
2024-04-24T06:30:12,933  INFO [main] txn.TxnHandler: Added entries to MIN_HISTORY_LEVEL for current txns: ([10]) with min_open_txn: 1
2024-04-24T06:30:12,933  INFO [main] lockmgr.DbTxnManager: Opened txnid:10
2024-04-24T06:30:12,933  INFO [main] parse.CalcitePlanner: Starting caching scope for: 
2024-04-24T06:30:12,933  INFO [main] parse.CalcitePlanner: Starting Semantic Analysis
2024-04-24T06:30:12,935  INFO [main] parse.CalcitePlanner: Creating table default.nonAcidOrcTbl2 position=13
2024-04-24T06:30:12,936  INFO [main] HiveMetaStore.audit: ugi=alex	ip=unknown-ip-addr	cmd=get_database: default	
2024-04-24T06:30:12,937  INFO [main] parse.CalcitePlanner: Ending caching scope for: 
2024-04-24T06:30:12,937  INFO [main] ql.Driver: Semantic Analysis Completed (retrial = false)
2024-04-24T06:30:12,937  INFO [main] ql.Driver: Created Hive schema: Schema(fieldSchemas:null, properties:null)
2024-04-24T06:30:12,937  INFO [main] metadata.Hive: Dumping metastore api call timing information for : compilation phase
2024-04-24T06:30:12,937  INFO [main] metadata.Hive: Total time spent in each metastore function (ms): {getValidWriteIds_(List, String)=2, commitTxn_(CommitTxnRequest)=10, isCompatibleWith_(Configuration)=0, flushCache_()=0, openTxn_(String, TxnType)=2, getValidTxns_(long)=0, getDatabase_(String)=1}
2024-04-24T06:30:12,937  INFO [main] ql.Driver: Completed compiling command(queryId=alex_20240424063012_6345e023-61f6-4681-8b4d-7745aebda3b5); Time taken: 0.007 seconds
2024-04-24T06:30:12,938  INFO [main] lockmgr.DbTxnManager: Setting lock request transaction to txnid:10 for queryId=alex_20240424063012_6345e023-61f6-4681-8b4d-7745aebda3b5
2024-04-24T06:30:12,938  INFO [main] lockmgr.DbLockManager: Requesting lock for queryId=alex_20240424063012_6345e023-61f6-4681-8b4d-7745aebda3b5
2024-04-24T06:30:12,950  INFO [main] lockmgr.DbLockManager: Response to queryId=alex_20240424063012_6345e023-61f6-4681-8b4d-7745aebda3b5 LockResponse(lockid:4, state:ACQUIRED)
2024-04-24T06:30:12,950  INFO [main] ql.Driver: Operation CREATETABLE obtained 1 locks
2024-04-24T06:30:12,950  INFO [main] ql.Driver: Executing command(queryId=alex_20240424063012_6345e023-61f6-4681-8b4d-7745aebda3b5): create table nonAcidOrcTbl2(a int, b int) clustered by (a) into 2 buckets stored as orc TBLPROPERTIES ('transactional'='false')
2024-04-24T06:30:12,951  INFO [main] ql.Driver: Starting task [Stage-0:DDL] in serial mode
2024-04-24T06:30:12,951  INFO [main] HiveMetaStore.audit: ugi=alex	ip=unknown-ip-addr	cmd=create_table_req: Table(tableName:nonAcidOrcTbl2, dbName:default, owner:alex, createTime:1713965412, lastAccessTime:0, retention:0, sd:StorageDescriptor(cols:[FieldSchema(name:a, type:int, comment:null), FieldSchema(name:b, type:int, comment:null)], location:null, inputFormat:org.apache.hadoop.hive.ql.io.orc.OrcInputFormat, outputFormat:org.apache.hadoop.hive.ql.io.orc.OrcOutputFormat, compressed:false, numBuckets:2, serdeInfo:SerDeInfo(name:null, serializationLib:org.apache.hadoop.hive.ql.io.orc.OrcSerde, parameters:{serialization.format=1}), bucketCols:[a], sortCols:[], parameters:{}, skewedInfo:SkewedInfo(skewedColNames:[], skewedColValues:[], skewedColValueLocationMaps:{}), storedAsSubDirectories:false), partitionKeys:[], parameters:{numRows=0, transactional=false, numFilesErasureCoded=0, bucketing_version=2, numFiles=0, COLUMN_STATS_ACCURATE={"BASIC_STATS":"true","COLUMN_STATS":{"a":"true","b":"true"}}, totalSize=0, rawDataSize=0}, viewOriginalText:null, viewExpandedText:null, tableType:MANAGED_TABLE, privileges:PrincipalPrivilegeSet(userPrivileges:{alex=[PrivilegeGrantInfo(privilege:INSERT, createTime:-1, grantor:alex, grantorType:USER, grantOption:true), PrivilegeGrantInfo(privilege:SELECT, createTime:-1, grantor:alex, grantorType:USER, grantOption:true), PrivilegeGrantInfo(privilege:UPDATE, createTime:-1, grantor:alex, grantorType:USER, grantOption:true), PrivilegeGrantInfo(privilege:DELETE, createTime:-1, grantor:alex, grantorType:USER, grantOption:true)]}, groupPrivileges:null, rolePrivileges:null), temporary:false, catName:hive, ownerType:USER)	
2024-04-24T06:30:12,956  INFO [main] utils.FileUtils: Creating directory if it doesn't exist: file:/home/alex/Repositories/hive/ql/target/tmp/org.apache.hadoop.hive.ql.TestTxnCommands-1713965238357/warehouse/nonacidorctbl2
2024-04-24T06:30:12,970  INFO [main] metadata.Hive: Dumping metastore api call timing information for : execution phase
2024-04-24T06:30:12,971  INFO [main] metadata.Hive: Total time spent in each metastore function (ms): {createTable_(Table)=19, isCompatibleWith_(Configuration)=0}
2024-04-24T06:30:12,971  INFO [main] ql.Driver: Completed executing command(queryId=alex_20240424063012_6345e023-61f6-4681-8b4d-7745aebda3b5); Time taken: 0.02 seconds
2024-04-24T06:30:12,971  INFO [main] lockmgr.DbTxnManager: Stopped heartbeat for query: alex_20240424063012_6345e023-61f6-4681-8b4d-7745aebda3b5
2024-04-24T06:30:12,974  INFO [main] txn.TxnHandler: Expected to move at least one record from txn_components to completed_txn_components when committing txn! txnid:10
2024-04-24T06:30:12,979  INFO [main] txn.TxnHandler: Removed transactions: ([10]) from MIN_HISTORY_LEVEL
2024-04-24T06:30:12,979  WARN [main] txn.CompactionTxnHandler: No compaction queue record found for Compaction type transaction commit. txnId:10
2024-04-24T06:30:12,980  INFO [main] ql.TxnCommandsBaseForTests: Running the query: create temporary  table acidTbl2(a int, b int, c int) clustered by (c) into 2 buckets stored as orc TBLPROPERTIES ('transactional'='true')
2024-04-24T06:30:12,980  INFO [main] ql.Driver: Compiling command(queryId=alex_20240424063012_786a956d-6482-4b77-a031-8d68b1fddd06): create temporary  table acidTbl2(a int, b int, c int) clustered by (c) into 2 buckets stored as orc TBLPROPERTIES ('transactional'='true')
2024-04-24T06:30:12,982  INFO [main] txn.TxnHandler: Added entries to MIN_HISTORY_LEVEL for current txns: ([11]) with min_open_txn: 1
2024-04-24T06:30:12,982  INFO [main] lockmgr.DbTxnManager: Opened txnid:11
2024-04-24T06:30:12,983  INFO [main] parse.CalcitePlanner: Starting caching scope for: 
2024-04-24T06:30:12,983  INFO [main] parse.CalcitePlanner: Starting Semantic Analysis
2024-04-24T06:30:12,985  INFO [main] parse.CalcitePlanner: Creating table default.acidTbl2 position=24
2024-04-24T06:30:12,985  INFO [main] HiveMetaStore.audit: ugi=alex	ip=unknown-ip-addr	cmd=get_database: default	
2024-04-24T06:30:12,986  INFO [main] parse.CalcitePlanner: Ending caching scope for: 
2024-04-24T06:30:12,986  INFO [main] ql.Driver: Semantic Analysis Completed (retrial = false)
2024-04-24T06:30:12,986  INFO [main] ql.Driver: Created Hive schema: Schema(fieldSchemas:null, properties:null)
2024-04-24T06:30:12,986  INFO [main] metadata.Hive: Dumping metastore api call timing information for : compilation phase
2024-04-24T06:30:12,986  INFO [main] metadata.Hive: Total time spent in each metastore function (ms): {openTxn_(String, TxnType)=1, flushCache_()=0, getValidTxns_(long)=1, getValidWriteIds_(List, String)=2, getDatabase_(String)=1, commitTxn_(CommitTxnRequest)=9, isCompatibleWith_(Configuration)=0}
2024-04-24T06:30:12,987  INFO [main] ql.Driver: Completed compiling command(queryId=alex_20240424063012_786a956d-6482-4b77-a031-8d68b1fddd06); Time taken: 0.006 seconds
2024-04-24T06:30:12,987  INFO [main] lockmgr.DbTxnManager: Setting lock request transaction to txnid:11 for queryId=alex_20240424063012_786a956d-6482-4b77-a031-8d68b1fddd06
2024-04-24T06:30:12,987  INFO [main] lockmgr.DbLockManager: Requesting lock for queryId=alex_20240424063012_786a956d-6482-4b77-a031-8d68b1fddd06
2024-04-24T06:30:12,999  INFO [main] lockmgr.DbLockManager: Response to queryId=alex_20240424063012_786a956d-6482-4b77-a031-8d68b1fddd06 LockResponse(lockid:5, state:ACQUIRED)
2024-04-24T06:30:13,000  INFO [main] ql.Driver: Operation CREATETABLE obtained 1 locks
2024-04-24T06:30:13,000  INFO [main] ql.Driver: Executing command(queryId=alex_20240424063012_786a956d-6482-4b77-a031-8d68b1fddd06): create temporary  table acidTbl2(a int, b int, c int) clustered by (c) into 2 buckets stored as orc TBLPROPERTIES ('transactional'='true')
2024-04-24T06:30:13,000  INFO [main] ql.Driver: Starting task [Stage-0:DDL] in serial mode
2024-04-24T06:30:13,001  INFO [main] utils.FileUtils: Creating directory if it doesn't exist: file:/home/alex/Repositories/hive/ql/target/tmp/scratchdir/alex/8e173e42-dbce-4208-8a17-ca742c9a75ac/_tmp_space.db/61fc2803-6ed5-4ed9-a0db-5968f2c93319
2024-04-24T06:30:13,003  INFO [main] metadata.Hive: Dumping metastore api call timing information for : execution phase
2024-04-24T06:30:13,004  INFO [main] metadata.Hive: Total time spent in each metastore function (ms): {isCompatibleWith_(Configuration)=0, createTable_(Table)=2}
2024-04-24T06:30:13,004  INFO [main] ql.Driver: Completed executing command(queryId=alex_20240424063012_786a956d-6482-4b77-a031-8d68b1fddd06); Time taken: 0.003 seconds
2024-04-24T06:30:13,004  INFO [main] lockmgr.DbTxnManager: Stopped heartbeat for query: alex_20240424063012_786a956d-6482-4b77-a031-8d68b1fddd06
2024-04-24T06:30:13,007  INFO [main] txn.TxnHandler: Expected to move at least one record from txn_components to completed_txn_components when committing txn! txnid:11
2024-04-24T06:30:13,012  INFO [main] txn.TxnHandler: Removed transactions: ([11]) from MIN_HISTORY_LEVEL
2024-04-24T06:30:13,012  WARN [main] txn.CompactionTxnHandler: No compaction queue record found for Compaction type transaction commit. txnId:11
2024-04-24T06:30:13,013  INFO [main] ql.TxnCommandsBaseForTests: Running the query: create table nonAcidNonBucket(a int, b int) stored as orc TBLPROPERTIES ('transactional'='false')
2024-04-24T06:30:13,013  INFO [main] ql.Driver: Compiling command(queryId=alex_20240424063013_1a98f21f-a3b2-41df-95ea-e3d44d3e6fe2): create table nonAcidNonBucket(a int, b int) stored as orc TBLPROPERTIES ('transactional'='false')
2024-04-24T06:30:13,015  INFO [main] txn.TxnHandler: Added entries to MIN_HISTORY_LEVEL for current txns: ([12]) with min_open_txn: 1
2024-04-24T06:30:13,015  INFO [main] lockmgr.DbTxnManager: Opened txnid:12
2024-04-24T06:30:13,015  INFO [main] parse.CalcitePlanner: Starting caching scope for: 
2024-04-24T06:30:13,016  INFO [main] parse.CalcitePlanner: Starting Semantic Analysis
2024-04-24T06:30:13,017  INFO [main] parse.CalcitePlanner: Creating table default.nonAcidNonBucket position=13
2024-04-24T06:30:13,018  INFO [main] HiveMetaStore.audit: ugi=alex	ip=unknown-ip-addr	cmd=get_database: default	
2024-04-24T06:30:13,019  INFO [main] parse.CalcitePlanner: Ending caching scope for: 
2024-04-24T06:30:13,019  INFO [main] ql.Driver: Semantic Analysis Completed (retrial = false)
2024-04-24T06:30:13,019  INFO [main] ql.Driver: Created Hive schema: Schema(fieldSchemas:null, properties:null)
2024-04-24T06:30:13,019  INFO [main] metadata.Hive: Dumping metastore api call timing information for : compilation phase
2024-04-24T06:30:13,019  INFO [main] metadata.Hive: Total time spent in each metastore function (ms): {getValidTxns_(long)=0, flushCache_()=0, commitTxn_(CommitTxnRequest)=9, getDatabase_(String)=1, isCompatibleWith_(Configuration)=0, getValidWriteIds_(List, String)=1, openTxn_(String, TxnType)=2}
2024-04-24T06:30:13,020  INFO [main] ql.Driver: Completed compiling command(queryId=alex_20240424063013_1a98f21f-a3b2-41df-95ea-e3d44d3e6fe2); Time taken: 0.006 seconds
2024-04-24T06:30:13,020  INFO [main] lockmgr.DbTxnManager: Setting lock request transaction to txnid:12 for queryId=alex_20240424063013_1a98f21f-a3b2-41df-95ea-e3d44d3e6fe2
2024-04-24T06:30:13,020  INFO [main] lockmgr.DbLockManager: Requesting lock for queryId=alex_20240424063013_1a98f21f-a3b2-41df-95ea-e3d44d3e6fe2
2024-04-24T06:30:13,032  INFO [main] lockmgr.DbLockManager: Response to queryId=alex_20240424063013_1a98f21f-a3b2-41df-95ea-e3d44d3e6fe2 LockResponse(lockid:6, state:ACQUIRED)
2024-04-24T06:30:13,032  INFO [main] ql.Driver: Operation CREATETABLE obtained 1 locks
2024-04-24T06:30:13,032  INFO [main] ql.Driver: Executing command(queryId=alex_20240424063013_1a98f21f-a3b2-41df-95ea-e3d44d3e6fe2): create table nonAcidNonBucket(a int, b int) stored as orc TBLPROPERTIES ('transactional'='false')
2024-04-24T06:30:13,032  INFO [main] ql.Driver: Starting task [Stage-0:DDL] in serial mode
2024-04-24T06:30:13,033  INFO [main] HiveMetaStore.audit: ugi=alex	ip=unknown-ip-addr	cmd=create_table_req: Table(tableName:nonAcidNonBucket, dbName:default, owner:alex, createTime:1713965413, lastAccessTime:0, retention:0, sd:StorageDescriptor(cols:[FieldSchema(name:a, type:int, comment:null), FieldSchema(name:b, type:int, comment:null)], location:null, inputFormat:org.apache.hadoop.hive.ql.io.orc.OrcInputFormat, outputFormat:org.apache.hadoop.hive.ql.io.orc.OrcOutputFormat, compressed:false, numBuckets:-1, serdeInfo:SerDeInfo(name:null, serializationLib:org.apache.hadoop.hive.ql.io.orc.OrcSerde, parameters:{serialization.format=1}), bucketCols:[], sortCols:[], parameters:{}, skewedInfo:SkewedInfo(skewedColNames:[], skewedColValues:[], skewedColValueLocationMaps:{}), storedAsSubDirectories:false), partitionKeys:[], parameters:{COLUMN_STATS_ACCURATE={"BASIC_STATS":"true","COLUMN_STATS":{"a":"true","b":"true"}}, rawDataSize=0, numFiles=0, numFilesErasureCoded=0, numRows=0, bucketing_version=2, transactional=false, totalSize=0}, viewOriginalText:null, viewExpandedText:null, tableType:MANAGED_TABLE, privileges:PrincipalPrivilegeSet(userPrivileges:{alex=[PrivilegeGrantInfo(privilege:INSERT, createTime:-1, grantor:alex, grantorType:USER, grantOption:true), PrivilegeGrantInfo(privilege:SELECT, createTime:-1, grantor:alex, grantorType:USER, grantOption:true), PrivilegeGrantInfo(privilege:UPDATE, createTime:-1, grantor:alex, grantorType:USER, grantOption:true), PrivilegeGrantInfo(privilege:DELETE, createTime:-1, grantor:alex, grantorType:USER, grantOption:true)]}, groupPrivileges:null, rolePrivileges:null), temporary:false, catName:hive, ownerType:USER)	
2024-04-24T06:30:13,038  INFO [main] utils.FileUtils: Creating directory if it doesn't exist: file:/home/alex/Repositories/hive/ql/target/tmp/org.apache.hadoop.hive.ql.TestTxnCommands-1713965238357/warehouse/nonacidnonbucket
2024-04-24T06:30:13,050  INFO [main] metadata.Hive: Dumping metastore api call timing information for : execution phase
2024-04-24T06:30:13,050  INFO [main] metadata.Hive: Total time spent in each metastore function (ms): {createTable_(Table)=17, isCompatibleWith_(Configuration)=0}
2024-04-24T06:30:13,050  INFO [main] ql.Driver: Completed executing command(queryId=alex_20240424063013_1a98f21f-a3b2-41df-95ea-e3d44d3e6fe2); Time taken: 0.018 seconds
2024-04-24T06:30:13,050  INFO [main] lockmgr.DbTxnManager: Stopped heartbeat for query: alex_20240424063013_1a98f21f-a3b2-41df-95ea-e3d44d3e6fe2
2024-04-24T06:30:13,054  INFO [main] txn.TxnHandler: Expected to move at least one record from txn_components to completed_txn_components when committing txn! txnid:12
2024-04-24T06:30:13,059  INFO [main] txn.TxnHandler: Removed transactions: ([12]) from MIN_HISTORY_LEVEL
2024-04-24T06:30:13,059  WARN [main] txn.CompactionTxnHandler: No compaction queue record found for Compaction type transaction commit. txnId:12
2024-04-24T06:30:13,059  INFO [main] ql.TxnCommandsBaseForTests: Running the query: drop table if exists target
2024-04-24T06:30:13,060  INFO [main] ql.Driver: Compiling command(queryId=alex_20240424063013_1b3b98d9-44a0-45b2-9426-2ec57c630cbb): drop table if exists target
2024-04-24T06:30:13,061  INFO [main] txn.TxnHandler: Added entries to MIN_HISTORY_LEVEL for current txns: ([13]) with min_open_txn: 1
2024-04-24T06:30:13,062  INFO [main] lockmgr.DbTxnManager: Opened txnid:13
2024-04-24T06:30:13,062  INFO [main] HiveMetaStore.audit: ugi=alex	ip=unknown-ip-addr	cmd=get_table : tbl=hive.default.target	
2024-04-24T06:30:13,065  INFO [main] ql.Driver: Semantic Analysis Completed (retrial = false)
2024-04-24T06:30:13,065  INFO [main] ql.Driver: Created Hive schema: Schema(fieldSchemas:null, properties:null)
2024-04-24T06:30:13,065  INFO [main] metadata.Hive: Dumping metastore api call timing information for : compilation phase
2024-04-24T06:30:13,065  INFO [main] metadata.Hive: Total time spent in each metastore function (ms): {openTxn_(String, TxnType)=2, flushCache_()=0, getValidTxns_(long)=0, isCompatibleWith_(Configuration)=1, commitTxn_(CommitTxnRequest)=8}
2024-04-24T06:30:13,066  INFO [main] ql.Driver: Completed compiling command(queryId=alex_20240424063013_1b3b98d9-44a0-45b2-9426-2ec57c630cbb); Time taken: 0.005 seconds
2024-04-24T06:30:13,066  INFO [main] lockmgr.DbTxnManager: Setting lock request transaction to txnid:13 for queryId=alex_20240424063013_1b3b98d9-44a0-45b2-9426-2ec57c630cbb
2024-04-24T06:30:13,066  INFO [main] ql.Driver: Operation DROPTABLE obtained 0 locks
2024-04-24T06:30:13,066  INFO [main] ql.Driver: Executing command(queryId=alex_20240424063013_1b3b98d9-44a0-45b2-9426-2ec57c630cbb): drop table if exists target
2024-04-24T06:30:13,066  INFO [main] ql.Driver: Starting task [Stage-0:DDL] in serial mode
2024-04-24T06:30:13,066  INFO [main] HiveMetaStore.audit: ugi=alex	ip=unknown-ip-addr	cmd=get_table : tbl=hive.default.target	
2024-04-24T06:30:13,069  INFO [main] metadata.Hive: Dumping metastore api call timing information for : execution phase
2024-04-24T06:30:13,069  INFO [main] metadata.Hive: Total time spent in each metastore function (ms): {isCompatibleWith_(Configuration)=0}
2024-04-24T06:30:13,069  INFO [main] ql.Driver: Completed executing command(queryId=alex_20240424063013_1b3b98d9-44a0-45b2-9426-2ec57c630cbb); Time taken: 0.003 seconds
2024-04-24T06:30:13,069  INFO [main] lockmgr.DbTxnManager: Stopped heartbeat for query: alex_20240424063013_1b3b98d9-44a0-45b2-9426-2ec57c630cbb
2024-04-24T06:30:13,074  INFO [main] txn.TxnHandler: Expected to move at least one record from txn_components to completed_txn_components when committing txn! txnid:13
2024-04-24T06:30:13,079  INFO [main] txn.TxnHandler: Removed transactions: ([13]) from MIN_HISTORY_LEVEL
2024-04-24T06:30:13,079  WARN [main] txn.CompactionTxnHandler: No compaction queue record found for Compaction type transaction commit. txnId:13
2024-04-24T06:30:13,079  INFO [main] ql.TxnCommandsBaseForTests: Running the query: drop table if exists source
2024-04-24T06:30:13,080  INFO [main] ql.Driver: Compiling command(queryId=alex_20240424063013_d3707aa1-fc9c-4ab0-b19f-ab9945602c2c): drop table if exists source
2024-04-24T06:30:13,081  INFO [main] txn.TxnHandler: Added entries to MIN_HISTORY_LEVEL for current txns: ([14]) with min_open_txn: 1
2024-04-24T06:30:13,081  INFO [main] lockmgr.DbTxnManager: Opened txnid:14
2024-04-24T06:30:13,082  INFO [main] HiveMetaStore.audit: ugi=alex	ip=unknown-ip-addr	cmd=get_table : tbl=hive.default.source	
2024-04-24T06:30:13,085  INFO [main] ql.Driver: Semantic Analysis Completed (retrial = false)
2024-04-24T06:30:13,085  INFO [main] ql.Driver: Created Hive schema: Schema(fieldSchemas:null, properties:null)
2024-04-24T06:30:13,085  INFO [main] metadata.Hive: Dumping metastore api call timing information for : compilation phase
2024-04-24T06:30:13,085  INFO [main] metadata.Hive: Total time spent in each metastore function (ms): {getValidTxns_(long)=0, isCompatibleWith_(Configuration)=0, commitTxn_(CommitTxnRequest)=10, openTxn_(String, TxnType)=1, flushCache_()=0}
2024-04-24T06:30:13,086  INFO [main] ql.Driver: Completed compiling command(queryId=alex_20240424063013_d3707aa1-fc9c-4ab0-b19f-ab9945602c2c); Time taken: 0.005 seconds
2024-04-24T06:30:13,086  INFO [main] lockmgr.DbTxnManager: Setting lock request transaction to txnid:14 for queryId=alex_20240424063013_d3707aa1-fc9c-4ab0-b19f-ab9945602c2c
2024-04-24T06:30:13,086  INFO [main] ql.Driver: Operation DROPTABLE obtained 0 locks
2024-04-24T06:30:13,086  INFO [main] ql.Driver: Executing command(queryId=alex_20240424063013_d3707aa1-fc9c-4ab0-b19f-ab9945602c2c): drop table if exists source
2024-04-24T06:30:13,086  INFO [main] ql.Driver: Starting task [Stage-0:DDL] in serial mode
2024-04-24T06:30:13,086  INFO [main] HiveMetaStore.audit: ugi=alex	ip=unknown-ip-addr	cmd=get_table : tbl=hive.default.source	
2024-04-24T06:30:13,089  INFO [main] metadata.Hive: Dumping metastore api call timing information for : execution phase
2024-04-24T06:30:13,089  INFO [main] metadata.Hive: Total time spent in each metastore function (ms): {isCompatibleWith_(Configuration)=0}
2024-04-24T06:30:13,089  INFO [main] ql.Driver: Completed executing command(queryId=alex_20240424063013_d3707aa1-fc9c-4ab0-b19f-ab9945602c2c); Time taken: 0.003 seconds
2024-04-24T06:30:13,089  INFO [main] lockmgr.DbTxnManager: Stopped heartbeat for query: alex_20240424063013_d3707aa1-fc9c-4ab0-b19f-ab9945602c2c
2024-04-24T06:30:13,094  INFO [main] txn.TxnHandler: Expected to move at least one record from txn_components to completed_txn_components when committing txn! txnid:14
2024-04-24T06:30:13,099  INFO [main] txn.TxnHandler: Removed transactions: ([14]) from MIN_HISTORY_LEVEL
2024-04-24T06:30:13,099  WARN [main] txn.CompactionTxnHandler: No compaction queue record found for Compaction type transaction commit. txnId:14
2024-04-24T06:30:13,100  INFO [main] ql.TxnCommandsBaseForTests: Running the query: drop table if exists splitTable
2024-04-24T06:30:13,100  INFO [main] ql.Driver: Compiling command(queryId=alex_20240424063013_649c95f9-a279-458e-8c39-ee0ade50b7e6): drop table if exists splitTable
2024-04-24T06:30:13,102  INFO [main] txn.TxnHandler: Added entries to MIN_HISTORY_LEVEL for current txns: ([15]) with min_open_txn: 1
2024-04-24T06:30:13,102  INFO [main] lockmgr.DbTxnManager: Opened txnid:15
2024-04-24T06:30:13,102  INFO [main] HiveMetaStore.audit: ugi=alex	ip=unknown-ip-addr	cmd=get_table : tbl=hive.default.splitTable	
2024-04-24T06:30:13,105  INFO [main] ql.Driver: Semantic Analysis Completed (retrial = false)
2024-04-24T06:30:13,105  INFO [main] ql.Driver: Created Hive schema: Schema(fieldSchemas:null, properties:null)
2024-04-24T06:30:13,105  INFO [main] metadata.Hive: Dumping metastore api call timing information for : compilation phase
2024-04-24T06:30:13,105  INFO [main] metadata.Hive: Total time spent in each metastore function (ms): {isCompatibleWith_(Configuration)=0, openTxn_(String, TxnType)=2, commitTxn_(CommitTxnRequest)=10, flushCache_()=0, getValidTxns_(long)=0}
2024-04-24T06:30:13,105  INFO [main] ql.Driver: Completed compiling command(queryId=alex_20240424063013_649c95f9-a279-458e-8c39-ee0ade50b7e6); Time taken: 0.005 seconds
2024-04-24T06:30:13,105  INFO [main] lockmgr.DbTxnManager: Setting lock request transaction to txnid:15 for queryId=alex_20240424063013_649c95f9-a279-458e-8c39-ee0ade50b7e6
2024-04-24T06:30:13,105  INFO [main] ql.Driver: Operation DROPTABLE obtained 0 locks
2024-04-24T06:30:13,105  INFO [main] ql.Driver: Executing command(queryId=alex_20240424063013_649c95f9-a279-458e-8c39-ee0ade50b7e6): drop table if exists splitTable
2024-04-24T06:30:13,106  INFO [main] ql.Driver: Starting task [Stage-0:DDL] in serial mode
2024-04-24T06:30:13,106  INFO [main] HiveMetaStore.audit: ugi=alex	ip=unknown-ip-addr	cmd=get_table : tbl=hive.default.splitTable	
2024-04-24T06:30:13,108  INFO [main] metadata.Hive: Dumping metastore api call timing information for : execution phase
2024-04-24T06:30:13,108  INFO [main] metadata.Hive: Total time spent in each metastore function (ms): {isCompatibleWith_(Configuration)=0}
2024-04-24T06:30:13,108  INFO [main] ql.Driver: Completed executing command(queryId=alex_20240424063013_649c95f9-a279-458e-8c39-ee0ade50b7e6); Time taken: 0.003 seconds
2024-04-24T06:30:13,109  INFO [main] lockmgr.DbTxnManager: Stopped heartbeat for query: alex_20240424063013_649c95f9-a279-458e-8c39-ee0ade50b7e6
2024-04-24T06:30:13,113  INFO [main] txn.TxnHandler: Expected to move at least one record from txn_components to completed_txn_components when committing txn! txnid:15
2024-04-24T06:30:13,120  INFO [main] txn.TxnHandler: Removed transactions: ([15]) from MIN_HISTORY_LEVEL
2024-04-24T06:30:13,120  WARN [main] txn.CompactionTxnHandler: No compaction queue record found for Compaction type transaction commit. txnId:15
2024-04-24T06:30:13,120  INFO [main] ql.TxnCommandsBaseForTests: Running the query: create table splitTable(op int)
2024-04-24T06:30:13,121  INFO [main] ql.Driver: Compiling command(queryId=alex_20240424063013_b1a80f8d-a7d8-45a3-b521-622128cbf9f7): create table splitTable(op int)
2024-04-24T06:30:13,124  INFO [main] txn.TxnHandler: Added entries to MIN_HISTORY_LEVEL for current txns: ([16]) with min_open_txn: 1
2024-04-24T06:30:13,124  INFO [main] lockmgr.DbTxnManager: Opened txnid:16
2024-04-24T06:30:13,125  INFO [main] parse.CalcitePlanner: Starting caching scope for: 
2024-04-24T06:30:13,125  INFO [main] parse.CalcitePlanner: Starting Semantic Analysis
2024-04-24T06:30:13,130  INFO [main] parse.CalcitePlanner: Creating table default.splitTable position=13
2024-04-24T06:30:13,130  INFO [main] HiveMetaStore.audit: ugi=alex	ip=unknown-ip-addr	cmd=get_database: default	
2024-04-24T06:30:13,132  INFO [main] parse.CalcitePlanner: Ending caching scope for: 
2024-04-24T06:30:13,132  INFO [main] ql.Driver: Semantic Analysis Completed (retrial = false)
2024-04-24T06:30:13,132  INFO [main] ql.Driver: Created Hive schema: Schema(fieldSchemas:null, properties:null)
2024-04-24T06:30:13,132  INFO [main] metadata.Hive: Dumping metastore api call timing information for : compilation phase
2024-04-24T06:30:13,132  INFO [main] metadata.Hive: Total time spent in each metastore function (ms): {commitTxn_(CommitTxnRequest)=11, getDatabase_(String)=1, getValidWriteIds_(List, String)=5, isCompatibleWith_(Configuration)=0, getValidTxns_(long)=1, flushCache_()=0, openTxn_(String, TxnType)=3}
2024-04-24T06:30:13,132  INFO [main] ql.Driver: Completed compiling command(queryId=alex_20240424063013_b1a80f8d-a7d8-45a3-b521-622128cbf9f7); Time taken: 0.011 seconds
2024-04-24T06:30:13,132  INFO [main] lockmgr.DbTxnManager: Setting lock request transaction to txnid:16 for queryId=alex_20240424063013_b1a80f8d-a7d8-45a3-b521-622128cbf9f7
2024-04-24T06:30:13,132  INFO [main] lockmgr.DbLockManager: Requesting lock for queryId=alex_20240424063013_b1a80f8d-a7d8-45a3-b521-622128cbf9f7
2024-04-24T06:30:13,149  INFO [main] lockmgr.DbLockManager: Response to queryId=alex_20240424063013_b1a80f8d-a7d8-45a3-b521-622128cbf9f7 LockResponse(lockid:7, state:ACQUIRED)
2024-04-24T06:30:13,149  INFO [main] ql.Driver: Operation CREATETABLE obtained 1 locks
2024-04-24T06:30:13,149  INFO [main] ql.Driver: Executing command(queryId=alex_20240424063013_b1a80f8d-a7d8-45a3-b521-622128cbf9f7): create table splitTable(op int)
2024-04-24T06:30:13,149  INFO [main] ql.Driver: Starting task [Stage-0:DDL] in serial mode
2024-04-24T06:30:13,150  INFO [main] HiveMetaStore.audit: ugi=alex	ip=unknown-ip-addr	cmd=create_table_req: Table(tableName:splitTable, dbName:default, owner:alex, createTime:1713965413, lastAccessTime:0, retention:0, sd:StorageDescriptor(cols:[FieldSchema(name:op, type:int, comment:null)], location:null, inputFormat:org.apache.hadoop.mapred.TextInputFormat, outputFormat:org.apache.hadoop.hive.ql.io.HiveIgnoreKeyTextOutputFormat, compressed:false, numBuckets:-1, serdeInfo:SerDeInfo(name:null, serializationLib:org.apache.hadoop.hive.serde2.lazy.LazySimpleSerDe, parameters:{serialization.format=1}), bucketCols:[], sortCols:[], parameters:{}, skewedInfo:SkewedInfo(skewedColNames:[], skewedColValues:[], skewedColValueLocationMaps:{}), storedAsSubDirectories:false), partitionKeys:[], parameters:{rawDataSize=0, COLUMN_STATS_ACCURATE={"BASIC_STATS":"true","COLUMN_STATS":{"op":"true"}}, numFiles=0, totalSize=0, numFilesErasureCoded=0, numRows=0, bucketing_version=2}, viewOriginalText:null, viewExpandedText:null, tableType:MANAGED_TABLE, privileges:PrincipalPrivilegeSet(userPrivileges:{alex=[PrivilegeGrantInfo(privilege:INSERT, createTime:-1, grantor:alex, grantorType:USER, grantOption:true), PrivilegeGrantInfo(privilege:SELECT, createTime:-1, grantor:alex, grantorType:USER, grantOption:true), PrivilegeGrantInfo(privilege:UPDATE, createTime:-1, grantor:alex, grantorType:USER, grantOption:true), PrivilegeGrantInfo(privilege:DELETE, createTime:-1, grantor:alex, grantorType:USER, grantOption:true)]}, groupPrivileges:null, rolePrivileges:null), temporary:false, catName:hive, ownerType:USER)	
2024-04-24T06:30:13,154  INFO [main] utils.FileUtils: Creating directory if it doesn't exist: file:/home/alex/Repositories/hive/ql/target/tmp/org.apache.hadoop.hive.ql.TestTxnCommands-1713965238357/warehouse/splittable
2024-04-24T06:30:13,182  INFO [main] metadata.Hive: Dumping metastore api call timing information for : execution phase
2024-04-24T06:30:13,182  INFO [main] metadata.Hive: Total time spent in each metastore function (ms): {isCompatibleWith_(Configuration)=0, createTable_(Table)=33}
2024-04-24T06:30:13,183  INFO [main] ql.Driver: Completed executing command(queryId=alex_20240424063013_b1a80f8d-a7d8-45a3-b521-622128cbf9f7); Time taken: 0.033 seconds
2024-04-24T06:30:13,183  INFO [main] lockmgr.DbTxnManager: Stopped heartbeat for query: alex_20240424063013_b1a80f8d-a7d8-45a3-b521-622128cbf9f7
2024-04-24T06:30:13,186  INFO [main] txn.TxnHandler: Expected to move at least one record from txn_components to completed_txn_components when committing txn! txnid:16
2024-04-24T06:30:13,191  INFO [main] txn.TxnHandler: Removed transactions: ([16]) from MIN_HISTORY_LEVEL
2024-04-24T06:30:13,191  WARN [main] txn.CompactionTxnHandler: No compaction queue record found for Compaction type transaction commit. txnId:16
2024-04-24T06:30:13,192  INFO [main] ql.TxnCommandsBaseForTests: Running the query: insert into splitTable values (0),(1)
2024-04-24T06:30:13,192  INFO [main] ql.Driver: Compiling command(queryId=alex_20240424063013_2ed38d0b-48d0-4cde-8c7a-3dbeede3f106): insert into splitTable values (0),(1)
2024-04-24T06:30:13,194  INFO [main] txn.TxnHandler: Added entries to MIN_HISTORY_LEVEL for current txns: ([17]) with min_open_txn: 1
2024-04-24T06:30:13,194  INFO [main] lockmgr.DbTxnManager: Opened txnid:17
2024-04-24T06:30:13,195  INFO [main] parse.CalcitePlanner: Starting caching scope for: 
2024-04-24T06:30:13,195  INFO [main] parse.CalcitePlanner: Starting Semantic Analysis
2024-04-24T06:30:13,197  INFO [main] HiveMetaStore.audit: ugi=alex	ip=unknown-ip-addr	cmd=get_table : tbl=hive.default.splitTable	
2024-04-24T06:30:13,227  INFO [main] metastore.HMSHandler: Skipping translation for processor with null
2024-04-24T06:30:13,227  INFO [main] parse.CalcitePlanner: Completed phase 1 of Semantic Analysis
2024-04-24T06:30:13,227  INFO [main] parse.CalcitePlanner: Get metadata for source tables
2024-04-24T06:30:13,227  INFO [main] parse.CalcitePlanner: Get metadata for subqueries
2024-04-24T06:30:13,227  INFO [main] parse.CalcitePlanner: Get metadata for destination tables
2024-04-24T06:30:13,227  INFO [main] HiveMetaStore.audit: ugi=alex	ip=unknown-ip-addr	cmd=get_table : tbl=hive.default.splitTable	
2024-04-24T06:30:13,235  INFO [main] metastore.HMSHandler: Skipping translation for processor with null
2024-04-24T06:30:13,235  INFO [main] parse.CalcitePlanner: Completed getting MetaData in Semantic Analysis
2024-04-24T06:30:13,235  INFO [main] parse.CalcitePlanner: Disabling LLAP IO encode as ETL query is detected
2024-04-24T06:30:13,254  INFO [main] HiveMetaStore.audit: ugi=alex	ip=unknown-ip-addr	cmd=get_all_table_constraints : tbl=hive._dummy_database._dummy_table	
2024-04-24T06:30:13,323  INFO [main] parse.CalcitePlanner: Get metadata for source tables
2024-04-24T06:30:13,323  INFO [main] parse.CalcitePlanner: Get metadata for subqueries
2024-04-24T06:30:13,323  INFO [main] parse.CalcitePlanner: Get metadata for source tables
2024-04-24T06:30:13,324  INFO [main] HiveMetaStore.audit: ugi=alex	ip=unknown-ip-addr	cmd=get_table : tbl=hive._dummy_database._dummy_table	
2024-04-24T06:30:13,326  INFO [main] parse.CalcitePlanner: Get metadata for subqueries
2024-04-24T06:30:13,326  INFO [main] parse.CalcitePlanner: Get metadata for destination tables
2024-04-24T06:30:13,326  INFO [main] parse.CalcitePlanner: Get metadata for destination tables
2024-04-24T06:30:13,326  INFO [main] HiveMetaStore.audit: ugi=alex	ip=unknown-ip-addr	cmd=get_table : tbl=hive.default.splitTable	
2024-04-24T06:30:13,333  INFO [main] metastore.HMSHandler: Skipping translation for processor with null
2024-04-24T06:30:13,335  INFO [main] common.FileUtils: Creating directory if it doesn't exist: file:/home/alex/Repositories/hive/ql/target/tmp/org.apache.hadoop.hive.ql.TestTxnCommands-1713965238357/warehouse/splittable/.hive-staging_hive_2024-04-24_06-30-13_192_3012825493709536048-1
2024-04-24T06:30:13,337  INFO [main] HiveMetaStore.audit: ugi=alex	ip=unknown-ip-addr	cmd=get_not_null_constraints : tbl=hive.default.splittable	
2024-04-24T06:30:13,338  INFO [main] HiveMetaStore.audit: ugi=alex	ip=unknown-ip-addr	cmd=get_check_constraints : tbl=hive.default.splittable	
2024-04-24T06:30:13,339  INFO [main] parse.CalcitePlanner: CBO Succeeded; optimized logical plan.
2024-04-24T06:30:13,341  INFO [main] optimizer.BucketVersionPopulator: not considering bucketingVersion for: TS[0] because it has -1<2 buckets 
2024-04-24T06:30:13,342  INFO [main] optimizer.SortedDynPartitionOptimizer: Sorted dynamic partitioning optimization kicked in..
2024-04-24T06:30:13,349  INFO [main] HiveMetaStore.audit: ugi=alex	ip=unknown-ip-addr	cmd=get_table : tbl=hive.default.splittable	
2024-04-24T06:30:13,357  INFO [main] metastore.HMSHandler: Skipping translation for processor with null
2024-04-24T06:30:13,357  INFO [main] optimizer.GenMRFileSink1: using CombineHiveInputformat for the merge job
2024-04-24T06:30:13,358  INFO [main] HiveMetaStore.audit: ugi=alex	ip=unknown-ip-addr	cmd=get_table : tbl=hive.default.splittable	
2024-04-24T06:30:13,366  INFO [main] metastore.HMSHandler: Skipping translation for processor with null
2024-04-24T06:30:13,382  INFO [main] parse.CalcitePlanner: Completed plan generation
2024-04-24T06:30:13,382  INFO [main] parse.CalcitePlanner: Ending caching scope for: 
2024-04-24T06:30:13,383  INFO [main] ql.Driver: Semantic Analysis Completed (retrial = false)
2024-04-24T06:30:13,383  INFO [main] ql.Driver: Created Hive schema: Schema(fieldSchemas:[FieldSchema(name:col1, type:int, comment:null)], properties:null)
2024-04-24T06:30:13,383  INFO [main] metadata.Hive: Dumping metastore api call timing information for : compilation phase
2024-04-24T06:30:13,383  INFO [main] metadata.Hive: Total time spent in each metastore function (ms): {openTxn_(String, TxnType)=2, flushCache_()=0, getAllTableConstraints_(AllTableConstraintsRequest)=28, getValidTxns_(long)=1, getCheckConstraints_(CheckConstraintsRequest)=1, commitTxn_(CommitTxnRequest)=9, getTable_(GetTableRequest)=61, getValidWriteIds_(List, String)=4, isCompatibleWith_(Configuration)=0, getNotNullConstraints_(NotNullConstraintsRequest)=1}
2024-04-24T06:30:13,383  INFO [main] ql.Driver: Completed compiling command(queryId=alex_20240424063013_2ed38d0b-48d0-4cde-8c7a-3dbeede3f106); Time taken: 0.191 seconds
2024-04-24T06:30:13,383  INFO [main] lockmgr.DbTxnManager: Setting lock request transaction to txnid:17 for queryId=alex_20240424063013_2ed38d0b-48d0-4cde-8c7a-3dbeede3f106
2024-04-24T06:30:13,384  INFO [main] lockmgr.DbLockManager: Requesting lock for queryId=alex_20240424063013_2ed38d0b-48d0-4cde-8c7a-3dbeede3f106
2024-04-24T06:30:13,396  INFO [main] lockmgr.DbLockManager: Response to queryId=alex_20240424063013_2ed38d0b-48d0-4cde-8c7a-3dbeede3f106 LockResponse(lockid:8, state:ACQUIRED)
2024-04-24T06:30:13,396  INFO [main] ql.Driver: Operation QUERY obtained 1 locks
2024-04-24T06:30:13,396  INFO [main] ql.Driver: Executing command(queryId=alex_20240424063013_2ed38d0b-48d0-4cde-8c7a-3dbeede3f106): insert into splitTable values (0),(1)
2024-04-24T06:30:13,397  WARN [main] ql.Driver: Hive-on-MR is deprecated in Hive 2 and may not be available in the future versions. Consider using a different execution engine (i.e. spark, tez) or using Hive 1.X releases.
Query ID = alex_20240424063013_2ed38d0b-48d0-4cde-8c7a-3dbeede3f106
2024-04-24T06:30:13,397  INFO [main] ql.Driver: Query ID = alex_20240424063013_2ed38d0b-48d0-4cde-8c7a-3dbeede3f106
Total jobs = 3
2024-04-24T06:30:13,397  INFO [main] ql.Driver: Total jobs = 3
Launching Job 1 out of 3
2024-04-24T06:30:13,397  INFO [main] ql.Driver: Launching Job 1 out of 3
2024-04-24T06:30:13,521  INFO [main] ql.Driver: Starting task [Stage-1:MAPRED] in serial mode
Number of reduce tasks is set to 0 since there's no reduce operator
2024-04-24T06:30:13,521  INFO [main] exec.Task: Number of reduce tasks is set to 0 since there's no reduce operator
2024-04-24T06:30:13,523  INFO [main] mr.ExecDriver: Using org.apache.hadoop.hive.ql.io.HiveInputFormat
2024-04-24T06:30:13,523  INFO [main] exec.Utilities: Processing alias $hdt$_0:_dummy_table
2024-04-24T06:30:13,523  INFO [main] exec.Utilities: Adding 1 inputs; the first input is file:/home/alex/Repositories/hive/ql/target/tmp/localscratchdir/8e173e42-dbce-4208-8a17-ca742c9a75ac/hive_2024-04-24_06-30-13_192_3012825493709536048-1/dummy_path
2024-04-24T06:30:13,532  INFO [main] exec.SerializationUtilities: Serializing MapWork using kryo
2024-04-24T06:30:13,533  INFO [main] exec.Utilities: Serialized plan (via FILE) - name: null size: 5,59KB
2024-04-24T06:30:13,533  WARN [main] impl.MetricsSystemImpl: JobTracker metrics system already initialized!
2024-04-24T06:30:13,537  INFO [main] fs.FSStatsPublisher: created : file:/home/alex/Repositories/hive/ql/target/tmp/localscratchdir/8e173e42-dbce-4208-8a17-ca742c9a75ac/hive_2024-04-24_06-30-13_192_3012825493709536048-1/-mr-10001
2024-04-24T06:30:13,541  WARN [main] impl.MetricsSystemImpl: JobTracker metrics system already initialized!
2024-04-24T06:30:13,548  WARN [main] mapreduce.JobResourceUploader: Hadoop command-line option parsing not performed. Implement the Tool interface and execute your application with ToolRunner to remedy this.
2024-04-24T06:30:13,552  WARN [main] mapreduce.JobResourceUploader: No job jar file set.  User classes may not be found. See Job or Job#setJar(String).
2024-04-24T06:30:13,553  INFO [main] io.HiveInputFormat: hive.io.file.readcolumn.ids = 
2024-04-24T06:30:13,553  INFO [main] io.HiveInputFormat: hive.io.file.readcolumn.names = 
2024-04-24T06:30:13,553  INFO [main] io.HiveInputFormat: Generating splits for dirs: file:/home/alex/Repositories/hive/ql/target/tmp/localscratchdir/8e173e42-dbce-4208-8a17-ca742c9a75ac/hive_2024-04-24_06-30-13_192_3012825493709536048-1/dummy_path
2024-04-24T06:30:13,553  INFO [main] io.HiveInputFormat: number of splits 1
2024-04-24T06:30:13,569  INFO [main] mapreduce.JobSubmitter: number of splits:1
2024-04-24T06:30:13,587  INFO [main] mapreduce.JobSubmitter: Submitting tokens for job: job_local745451224_0067
2024-04-24T06:30:13,587  INFO [main] mapreduce.JobSubmitter: Executing with tokens: []
2024-04-24T06:30:13,646  INFO [main] mapreduce.Job: The url to track the job: http://localhost:8080/
Job running in-process (local Hadoop)
2024-04-24T06:30:13,646  INFO [main] exec.Task: Job running in-process (local Hadoop)
2024-04-24T06:30:13,647  INFO [Thread-5759] mapred.LocalJobRunner: OutputCommitter set in config org.apache.hadoop.hive.ql.io.HiveFileFormatUtils$NullOutputCommitter
2024-04-24T06:30:13,647  INFO [Thread-5759] mapred.LocalJobRunner: OutputCommitter is org.apache.hadoop.hive.ql.io.HiveFileFormatUtils$NullOutputCommitter
2024-04-24T06:30:13,648  INFO [Thread-5759] mapred.LocalJobRunner: Waiting for map tasks
2024-04-24T06:30:13,649  INFO [LocalJobRunner Map Task Executor #0] mapred.LocalJobRunner: Starting task: attempt_local745451224_0067_m_000000_0
2024-04-24T06:30:13,651  INFO [LocalJobRunner Map Task Executor #0] mapred.Task:  Using ResourceCalculatorProcessTree : [ ]
2024-04-24T06:30:13,652  INFO [LocalJobRunner Map Task Executor #0] mapred.MapTask: Processing split: org.apache.hadoop.hive.ql.io.NullRowsInputFormat:file:/home/alex/Repositories/hive/ql/target/tmp/localscratchdir/8e173e42-dbce-4208-8a17-ca742c9a75ac/hive_2024-04-24_06-30-13_192_3012825493709536048-1/dummy_path/null:0+1
2024-04-24T06:30:13,654  INFO [LocalJobRunner Map Task Executor #0] exec.SerializationUtilities: Deserializing MapWork using kryo
2024-04-24T06:30:13,654  INFO [LocalJobRunner Map Task Executor #0] exec.Utilities: Deserialized plan (via FILE) - name: null size: 5,59KB
2024-04-24T06:30:13,655  INFO [LocalJobRunner Map Task Executor #0] mapred.MapTask: numReduceTasks: 0
2024-04-24T06:30:13,657  INFO [LocalJobRunner Map Task Executor #0] exec.MapOperator: Initializing Operator: MAP[0]
2024-04-24T06:30:13,657  INFO [LocalJobRunner Map Task Executor #0] mr.ExecMapper: 
<MAP>Id =0
  <Children>null
  <\Children>
  <Parent><\Parent>
<\MAP>
2024-04-24T06:30:13,657  INFO [LocalJobRunner Map Task Executor #0] exec.TableScanOperator: Initializing Operator: TS[0]
2024-04-24T06:30:13,657  INFO [LocalJobRunner Map Task Executor #0] exec.SelectOperator: Initializing Operator: SEL[1]
2024-04-24T06:30:13,658  INFO [LocalJobRunner Map Task Executor #0] exec.SelectOperator: SELECT null
2024-04-24T06:30:13,658  INFO [LocalJobRunner Map Task Executor #0] exec.UDTFOperator: Initializing Operator: UDTF[2]
2024-04-24T06:30:13,658  INFO [LocalJobRunner Map Task Executor #0] exec.SelectOperator: Initializing Operator: SEL[3]
2024-04-24T06:30:13,658  INFO [LocalJobRunner Map Task Executor #0] exec.SelectOperator: SELECT struct<col1:int>
2024-04-24T06:30:13,658  INFO [LocalJobRunner Map Task Executor #0] exec.FileSinkOperator: Initializing Operator: FS[4]
2024-04-24T06:30:13,658  INFO [LocalJobRunner Map Task Executor #0] exec.FileSinkOperator: Using serializer : class org.apache.hadoop.hive.serde2.lazy.LazySimpleSerDe [serdeParams=org.apache.hadoop.hive.serde2.lazy.LazySerDeParameters@7c12629c, cachedObjectInspector=org.apache.hadoop.hive.serde2.lazy.objectinspector.LazySimpleStructObjectInspector<org.apache.hadoop.hive.serde2.lazy.objectinspector.primitive.LazyIntObjectInspector@4582da06>, serializedSize=0, stats=org.apache.hadoop.hive.serde2.SerDeStats@572a2ebf, lastOperationSerialize=false, lastOperationDeserialize=false [1, 2, 3, 4, 5, 6, 7, 8] : [op] : [int]] and formatter : org.apache.hadoop.hive.ql.io.HiveIgnoreKeyTextOutputFormat@2814ca9d
2024-04-24T06:30:13,658  INFO [LocalJobRunner Map Task Executor #0] exec.FileSinkOperator: Final Path: FS file:/home/alex/Repositories/hive/ql/target/tmp/org.apache.hadoop.hive.ql.TestTxnCommands-1713965238357/warehouse/splittable/.hive-staging_hive_2024-04-24_06-30-13_192_3012825493709536048-1/_tmp.-ext-10002/000000_0
2024-04-24T06:30:13,658  INFO [LocalJobRunner Map Task Executor #0] exec.FileSinkOperator: Writing to temp file: FS file:/home/alex/Repositories/hive/ql/target/tmp/org.apache.hadoop.hive.ql.TestTxnCommands-1713965238357/warehouse/splittable/.hive-staging_hive_2024-04-24_06-30-13_192_3012825493709536048-1/_task_tmp.-ext-10002/_tmp.000000_0
2024-04-24T06:30:13,659  INFO [LocalJobRunner Map Task Executor #0] exec.FileSinkOperator: New Final Path: FS file:/home/alex/Repositories/hive/ql/target/tmp/org.apache.hadoop.hive.ql.TestTxnCommands-1713965238357/warehouse/splittable/.hive-staging_hive_2024-04-24_06-30-13_192_3012825493709536048-1/_tmp.-ext-10002/000000_0
2024-04-24T06:30:13,667  INFO [LocalJobRunner Map Task Executor #0] exec.FileSinkOperator: FS[4]: records written - 1
2024-04-24T06:30:13,667  INFO [LocalJobRunner Map Task Executor #0] exec.MapOperator: MAP[0]: records read - 1
2024-04-24T06:30:13,668  INFO [LocalJobRunner Map Task Executor #0] exec.MapOperator: Closing Operator: MAP[0]
2024-04-24T06:30:13,668  INFO [LocalJobRunner Map Task Executor #0] exec.MapOperator: MAP[0]: Total records read - 3. abort - false
2024-04-24T06:30:13,668  INFO [LocalJobRunner Map Task Executor #0] exec.MapOperator: DESERIALIZE_ERRORS:0, RECORDS_OUT_INTERMEDIATE:0, RECORDS_IN:3, RECORDS_OUT_OPERATOR_MAP_0:0, 
2024-04-24T06:30:13,668  INFO [LocalJobRunner Map Task Executor #0] exec.TableScanOperator: Closing Operator: TS[0]
2024-04-24T06:30:13,668  INFO [LocalJobRunner Map Task Executor #0] exec.TableScanOperator: RECORDS_OUT_INTERMEDIATE:0, RECORDS_OUT_OPERATOR_TS_0:1, 
2024-04-24T06:30:13,668  INFO [LocalJobRunner Map Task Executor #0] exec.SelectOperator: Closing Operator: SEL[1]
2024-04-24T06:30:13,668  INFO [LocalJobRunner Map Task Executor #0] exec.SelectOperator: RECORDS_OUT_INTERMEDIATE:0, RECORDS_OUT_OPERATOR_SEL_1:1, 
2024-04-24T06:30:13,668  INFO [LocalJobRunner Map Task Executor #0] exec.UDTFOperator: Closing Operator: UDTF[2]
2024-04-24T06:30:13,668  INFO [LocalJobRunner Map Task Executor #0] exec.UDTFOperator: RECORDS_OUT_INTERMEDIATE:0, RECORDS_OUT_OPERATOR_UDTF_2:2, 
2024-04-24T06:30:13,668  INFO [LocalJobRunner Map Task Executor #0] exec.SelectOperator: Closing Operator: SEL[3]
2024-04-24T06:30:13,668  INFO [LocalJobRunner Map Task Executor #0] exec.SelectOperator: RECORDS_OUT_INTERMEDIATE:0, RECORDS_OUT_OPERATOR_SEL_3:2, 
2024-04-24T06:30:13,668  INFO [LocalJobRunner Map Task Executor #0] exec.FileSinkOperator: Closing Operator: FS[4]
2024-04-24T06:30:13,668  INFO [LocalJobRunner Map Task Executor #0] exec.FileSinkOperator: FS[4]: records written - 2
2024-04-24T06:30:13,673  INFO [LocalJobRunner Map Task Executor #0] exec.FileSinkOperator: RECORDS_OUT_INTERMEDIATE:0, TOTAL_TABLE_ROWS_WRITTEN:2, RECORDS_OUT_OPERATOR_FS_4:2, RECORDS_OUT_1_default.splittable:2, 
2024-04-24T06:30:13,674  INFO [LocalJobRunner Map Task Executor #0] mapred.LocalJobRunner: 
2024-04-24T06:30:13,676  INFO [LocalJobRunner Map Task Executor #0] mapred.Task: Task:attempt_local745451224_0067_m_000000_0 is done. And is in the process of committing
2024-04-24T06:30:13,676  INFO [LocalJobRunner Map Task Executor #0] mapred.LocalJobRunner: map
2024-04-24T06:30:13,676  INFO [LocalJobRunner Map Task Executor #0] mapred.Task: Task 'attempt_local745451224_0067_m_000000_0' done.
2024-04-24T06:30:13,676  INFO [LocalJobRunner Map Task Executor #0] mapred.Task: Final Counters for attempt_local745451224_0067_m_000000_0: Counters: 32
	File System Counters
		FILE: Number of bytes read=1386557
		FILE: Number of bytes written=78997682
		FILE: Number of read operations=0
		FILE: Number of large read operations=0
		FILE: Number of write operations=0
		HDFS: Number of bytes read=0
		HDFS: Number of bytes written=0
		HDFS: Number of read operations=0
		HDFS: Number of large read operations=0
		HDFS: Number of write operations=0
	Map-Reduce Framework
		Map input records=4
		Map output records=0
		Input split bytes=361
		Spilled Records=0
		Failed Shuffles=0
		Merged Map outputs=0
		GC time elapsed (ms)=0
		Total committed heap usage (bytes)=1341128704
	HIVE
		CREATED_FILES=1
		DESERIALIZE_ERRORS=0
		RECORDS_IN=3
		RECORDS_OUT_1_default.splittable=2
		RECORDS_OUT_INTERMEDIATE=0
		RECORDS_OUT_OPERATOR_FS_4=2
		RECORDS_OUT_OPERATOR_MAP_0=0
		RECORDS_OUT_OPERATOR_SEL_1=1
		RECORDS_OUT_OPERATOR_SEL_3=2
		RECORDS_OUT_OPERATOR_TS_0=1
		RECORDS_OUT_OPERATOR_UDTF_2=2
		TOTAL_TABLE_ROWS_WRITTEN=2
	File Input Format Counters 
		Bytes Read=5645
	File Output Format Counters 
		Bytes Written=0
2024-04-24T06:30:13,676  INFO [LocalJobRunner Map Task Executor #0] mapred.LocalJobRunner: Finishing task: attempt_local745451224_0067_m_000000_0
2024-04-24T06:30:13,676  INFO [Thread-5759] mapred.LocalJobRunner: map task executor complete.
2024-04-24 06:30:14,648 Stage-1 map = 100%,  reduce = 0%
2024-04-24T06:30:14,648  INFO [main] exec.Task: 2024-04-24 06:30:14,648 Stage-1 map = 100%,  reduce = 0%
Ended Job = job_local745451224_0067
2024-04-24T06:30:14,649  INFO [main] exec.Task: Ended Job = job_local745451224_0067
2024-04-24T06:30:14,653  INFO [main] ql.Driver: Starting task [Stage-7:CONDITIONAL] in serial mode
Stage-4 is selected by condition resolver.
2024-04-24T06:30:14,654  INFO [main] exec.Task: Stage-4 is selected by condition resolver.
Stage-3 is filtered out by condition resolver.
2024-04-24T06:30:14,654  INFO [main] exec.Task: Stage-3 is filtered out by condition resolver.
Stage-5 is filtered out by condition resolver.
2024-04-24T06:30:14,654  INFO [main] exec.Task: Stage-5 is filtered out by condition resolver.
2024-04-24T06:30:14,654  INFO [main] ql.Driver: Starting task [Stage-4:MOVE] in serial mode
Moving data to directory file:/home/alex/Repositories/hive/ql/target/tmp/org.apache.hadoop.hive.ql.TestTxnCommands-1713965238357/warehouse/splittable/.hive-staging_hive_2024-04-24_06-30-13_192_3012825493709536048-1/-ext-10000
2024-04-24T06:30:14,654  INFO [main] exec.Task: Moving data to directory file:/home/alex/Repositories/hive/ql/target/tmp/org.apache.hadoop.hive.ql.TestTxnCommands-1713965238357/warehouse/splittable/.hive-staging_hive_2024-04-24_06-30-13_192_3012825493709536048-1/-ext-10000 from file:/home/alex/Repositories/hive/ql/target/tmp/org.apache.hadoop.hive.ql.TestTxnCommands-1713965238357/warehouse/splittable/.hive-staging_hive_2024-04-24_06-30-13_192_3012825493709536048-1/-ext-10002
2024-04-24T06:30:14,654  INFO [main] ql.Driver: Starting task [Stage-0:MOVE] in serial mode
Loading data to table default.splittable
2024-04-24T06:30:14,654  INFO [main] exec.Task: Loading data to table default.splittable from file:/home/alex/Repositories/hive/ql/target/tmp/org.apache.hadoop.hive.ql.TestTxnCommands-1713965238357/warehouse/splittable/.hive-staging_hive_2024-04-24_06-30-13_192_3012825493709536048-1/-ext-10000
2024-04-24T06:30:14,655  INFO [main] HiveMetaStore.audit: ugi=alex	ip=unknown-ip-addr	cmd=get_table : tbl=hive.default.splittable	
2024-04-24T06:30:14,663  INFO [main] metastore.HMSHandler: Skipping translation for processor with null
2024-04-24T06:30:14,663  INFO [main] HiveMetaStore.audit: ugi=alex	ip=unknown-ip-addr	cmd=get_table : tbl=hive.default.splittable	
2024-04-24T06:30:14,673  INFO [main] metastore.HMSHandler: Skipping translation for processor with null
2024-04-24T06:30:14,674  WARN [main] metadata.Hive: Cannot get a table snapshot for splittable
2024-04-24T06:30:14,675  INFO [main] HiveMetaStore.audit: ugi=alex	ip=unknown-ip-addr	cmd=alter_table: hive.default.splittable newtbl=splittable	
2024-04-24T06:30:14,703  INFO [main] ql.Driver: Starting task [Stage-2:STATS] in serial mode
2024-04-24T06:30:14,703  INFO [main] HiveMetaStore.audit: ugi=alex	ip=unknown-ip-addr	cmd=get_table : tbl=hive.default.splittable	
2024-04-24T06:30:14,712  INFO [main] metastore.HMSHandler: Skipping translation for processor with null
2024-04-24T06:30:14,712  INFO [main] stats.BasicStatsTask: Executing stats task
2024-04-24T06:30:14,712  INFO [main] fs.FSStatsPublisher: created : file:/home/alex/Repositories/hive/ql/target/tmp/localscratchdir/8e173e42-dbce-4208-8a17-ca742c9a75ac/hive_2024-04-24_06-30-13_192_3012825493709536048-1/-mr-10001
2024-04-24T06:30:14,713  INFO [main] HiveMetaStore.audit: ugi=alex	ip=unknown-ip-addr	cmd=get_table : tbl=hive.default.splittable	
2024-04-24T06:30:14,721  INFO [main] metastore.HMSHandler: Skipping translation for processor with null
2024-04-24T06:30:14,722  INFO [main] FileOperations: Read stats for default.splittable/, numRows, true, 2, false: 
2024-04-24T06:30:14,722  INFO [main] FileOperations: Read stats for default.splittable/, rawDataSize, true, 2, false: 
2024-04-24T06:30:14,722  WARN [main] metadata.Hive: Cannot get a table snapshot for splittable
2024-04-24T06:30:14,722  INFO [main] HiveMetaStore.audit: ugi=alex	ip=unknown-ip-addr	cmd=alter_table: hive.default.splittable newtbl=splittable	
2024-04-24T06:30:14,742  INFO [main] stats.BasicStatsTask: Table default.splittable stats: [numFiles=1, numRows=2, totalSize=4, rawDataSize=2, numFilesErasureCoded=0]
2024-04-24T06:30:14,743  INFO [main] metadata.Hive: Dumping metastore api call timing information for : execution phase
2024-04-24T06:30:14,743  INFO [main] metadata.Hive: Total time spent in each metastore function (ms): {getTable_(GetTableRequest)=36, isCompatibleWith_(Configuration)=0, alter_table_(String, String, String, Table, EnvironmentContext, String)=49}
MapReduce Jobs Launched: 
2024-04-24T06:30:14,743  INFO [main] ql.Driver: MapReduce Jobs Launched: 
Stage-Stage-1:  HDFS Read: 0 HDFS Write: 0 SUCCESS
2024-04-24T06:30:14,743  INFO [main] ql.Driver: Stage-Stage-1:  HDFS Read: 0 HDFS Write: 0 SUCCESS
Total MapReduce CPU Time Spent: 0 msec
2024-04-24T06:30:14,743  INFO [main] ql.Driver: Total MapReduce CPU Time Spent: 0 msec
2024-04-24T06:30:14,743  INFO [main] ql.Driver: Completed executing command(queryId=alex_20240424063013_2ed38d0b-48d0-4cde-8c7a-3dbeede3f106); Time taken: 1.346 seconds
2024-04-24T06:30:14,743  INFO [main] lockmgr.DbTxnManager: Stopped heartbeat for query: alex_20240424063013_2ed38d0b-48d0-4cde-8c7a-3dbeede3f106
2024-04-24T06:30:14,747  INFO [main] txn.TxnHandler: Expected to move at least one record from txn_components to completed_txn_components when committing txn! txnid:17
2024-04-24T06:30:14,752  INFO [main] txn.TxnHandler: Removed transactions: ([17]) from MIN_HISTORY_LEVEL
2024-04-24T06:30:14,752  WARN [main] txn.CompactionTxnHandler: No compaction queue record found for Compaction type transaction commit. txnId:17
2024-04-24T06:30:14,752  INFO [main] ql.TxnCommandsBaseForTests: Running the query: create table source (key int, data int)
2024-04-24T06:30:14,753  INFO [main] ql.Context: Deleting scratch dir: file:/home/alex/Repositories/hive/ql/target/tmp/org.apache.hadoop.hive.ql.TestTxnCommands-1713965238357/warehouse/splittable/.hive-staging_hive_2024-04-24_06-30-13_192_3012825493709536048-1
2024-04-24T06:30:14,753  INFO [main] cleanup.SyncCleanupService: Deleted directory: file:/home/alex/Repositories/hive/ql/target/tmp/org.apache.hadoop.hive.ql.TestTxnCommands-1713965238357/warehouse/splittable/.hive-staging_hive_2024-04-24_06-30-13_192_3012825493709536048-1 on fs with scheme file
2024-04-24T06:30:14,753  INFO [main] ql.Context: Deleting scratch dir: file:/home/alex/Repositories/hive/ql/target/tmp/localscratchdir/8e173e42-dbce-4208-8a17-ca742c9a75ac/hive_2024-04-24_06-30-13_192_3012825493709536048-1
2024-04-24T06:30:14,753  INFO [main] cleanup.SyncCleanupService: Deleted directory: file:/home/alex/Repositories/hive/ql/target/tmp/localscratchdir/8e173e42-dbce-4208-8a17-ca742c9a75ac/hive_2024-04-24_06-30-13_192_3012825493709536048-1 on fs with scheme file
2024-04-24T06:30:14,754  INFO [main] ql.Driver: Compiling command(queryId=alex_20240424063014_bb448237-8bf4-48e7-ad2e-e24cae20879d): create table source (key int, data int)
2024-04-24T06:30:14,756  INFO [main] txn.TxnHandler: Added entries to MIN_HISTORY_LEVEL for current txns: ([18]) with min_open_txn: 18
2024-04-24T06:30:14,756  INFO [main] lockmgr.DbTxnManager: Opened txnid:18
2024-04-24T06:30:14,758  INFO [main] parse.CalcitePlanner: Starting caching scope for: 
2024-04-24T06:30:14,758  INFO [main] parse.CalcitePlanner: Starting Semantic Analysis
2024-04-24T06:30:14,760  INFO [main] parse.CalcitePlanner: Creating table default.source position=13
2024-04-24T06:30:14,761  INFO [main] HiveMetaStore.audit: ugi=alex	ip=unknown-ip-addr	cmd=get_database: default	
2024-04-24T06:30:14,762  INFO [main] parse.CalcitePlanner: Ending caching scope for: 
2024-04-24T06:30:14,762  INFO [main] ql.Driver: Semantic Analysis Completed (retrial = false)
2024-04-24T06:30:14,762  INFO [main] ql.Driver: Created Hive schema: Schema(fieldSchemas:null, properties:null)
2024-04-24T06:30:14,762  INFO [main] metadata.Hive: Dumping metastore api call timing information for : compilation phase
2024-04-24T06:30:14,762  INFO [main] metadata.Hive: Total time spent in each metastore function (ms): {openTxn_(String, TxnType)=2, getValidTxns_(long)=2, isCompatibleWith_(Configuration)=0, getValidWriteIds_(List, String)=2, commitTxn_(CommitTxnRequest)=9, flushCache_()=0, getDatabase_(String)=2}
2024-04-24T06:30:14,762  INFO [main] ql.Driver: Completed compiling command(queryId=alex_20240424063014_bb448237-8bf4-48e7-ad2e-e24cae20879d); Time taken: 0.008 seconds
2024-04-24T06:30:14,762  INFO [main] lockmgr.DbTxnManager: Setting lock request transaction to txnid:18 for queryId=alex_20240424063014_bb448237-8bf4-48e7-ad2e-e24cae20879d
2024-04-24T06:30:14,763  INFO [main] lockmgr.DbLockManager: Requesting lock for queryId=alex_20240424063014_bb448237-8bf4-48e7-ad2e-e24cae20879d
2024-04-24T06:30:14,776  INFO [main] lockmgr.DbLockManager: Response to queryId=alex_20240424063014_bb448237-8bf4-48e7-ad2e-e24cae20879d LockResponse(lockid:9, state:ACQUIRED)
2024-04-24T06:30:14,776  INFO [main] ql.Driver: Operation CREATETABLE obtained 1 locks
2024-04-24T06:30:14,776  INFO [main] ql.Driver: Executing command(queryId=alex_20240424063014_bb448237-8bf4-48e7-ad2e-e24cae20879d): create table source (key int, data int)
2024-04-24T06:30:14,776  INFO [main] ql.Driver: Starting task [Stage-0:DDL] in serial mode
2024-04-24T06:30:14,776  INFO [main] HiveMetaStore.audit: ugi=alex	ip=unknown-ip-addr	cmd=create_table_req: Table(tableName:source, dbName:default, owner:alex, createTime:1713965414, lastAccessTime:0, retention:0, sd:StorageDescriptor(cols:[FieldSchema(name:key, type:int, comment:null), FieldSchema(name:data, type:int, comment:null)], location:null, inputFormat:org.apache.hadoop.mapred.TextInputFormat, outputFormat:org.apache.hadoop.hive.ql.io.HiveIgnoreKeyTextOutputFormat, compressed:false, numBuckets:-1, serdeInfo:SerDeInfo(name:null, serializationLib:org.apache.hadoop.hive.serde2.lazy.LazySimpleSerDe, parameters:{serialization.format=1}), bucketCols:[], sortCols:[], parameters:{}, skewedInfo:SkewedInfo(skewedColNames:[], skewedColValues:[], skewedColValueLocationMaps:{}), storedAsSubDirectories:false), partitionKeys:[], parameters:{totalSize=0, COLUMN_STATS_ACCURATE={"BASIC_STATS":"true","COLUMN_STATS":{"data":"true","key":"true"}}, bucketing_version=2, numFiles=0, rawDataSize=0, numFilesErasureCoded=0, numRows=0}, viewOriginalText:null, viewExpandedText:null, tableType:MANAGED_TABLE, privileges:PrincipalPrivilegeSet(userPrivileges:{alex=[PrivilegeGrantInfo(privilege:INSERT, createTime:-1, grantor:alex, grantorType:USER, grantOption:true), PrivilegeGrantInfo(privilege:SELECT, createTime:-1, grantor:alex, grantorType:USER, grantOption:true), PrivilegeGrantInfo(privilege:UPDATE, createTime:-1, grantor:alex, grantorType:USER, grantOption:true), PrivilegeGrantInfo(privilege:DELETE, createTime:-1, grantor:alex, grantorType:USER, grantOption:true)]}, groupPrivileges:null, rolePrivileges:null), temporary:false, catName:hive, ownerType:USER)	
2024-04-24T06:30:14,781  INFO [main] utils.FileUtils: Creating directory if it doesn't exist: file:/home/alex/Repositories/hive/ql/target/tmp/org.apache.hadoop.hive.ql.TestTxnCommands-1713965238357/warehouse/source
2024-04-24T06:30:14,794  INFO [main] metadata.Hive: Dumping metastore api call timing information for : execution phase
2024-04-24T06:30:14,794  INFO [main] metadata.Hive: Total time spent in each metastore function (ms): {createTable_(Table)=18, isCompatibleWith_(Configuration)=0}
2024-04-24T06:30:14,794  INFO [main] ql.Driver: Completed executing command(queryId=alex_20240424063014_bb448237-8bf4-48e7-ad2e-e24cae20879d); Time taken: 0.018 seconds
2024-04-24T06:30:14,794  INFO [main] lockmgr.DbTxnManager: Stopped heartbeat for query: alex_20240424063014_bb448237-8bf4-48e7-ad2e-e24cae20879d
2024-04-24T06:30:14,798  INFO [main] txn.TxnHandler: Expected to move at least one record from txn_components to completed_txn_components when committing txn! txnid:18
2024-04-24T06:30:14,803  INFO [main] txn.TxnHandler: Removed transactions: ([18]) from MIN_HISTORY_LEVEL
2024-04-24T06:30:14,803  WARN [main] txn.CompactionTxnHandler: No compaction queue record found for Compaction type transaction commit. txnId:18
2024-04-24T06:30:14,804  INFO [main] ql.TxnCommandsBaseForTests: Running the query: create table target (key int, data int, cur int) clustered by (key) into 2 buckets stored as orc TBLPROPERTIES ('transactional'='true')
2024-04-24T06:30:14,804  INFO [main] ql.Driver: Compiling command(queryId=alex_20240424063014_14adb8a8-1c8a-4a77-b1f1-6d702ac798c9): create table target (key int, data int, cur int) clustered by (key) into 2 buckets stored as orc TBLPROPERTIES ('transactional'='true')
2024-04-24T06:30:14,806  INFO [main] txn.TxnHandler: Added entries to MIN_HISTORY_LEVEL for current txns: ([19]) with min_open_txn: 18
2024-04-24T06:30:14,806  INFO [main] lockmgr.DbTxnManager: Opened txnid:19
2024-04-24T06:30:14,806  INFO [main] parse.CalcitePlanner: Starting caching scope for: 
2024-04-24T06:30:14,806  INFO [main] parse.CalcitePlanner: Starting Semantic Analysis
2024-04-24T06:30:14,808  INFO [main] parse.CalcitePlanner: Creating table default.target position=13
2024-04-24T06:30:14,809  INFO [main] HiveMetaStore.audit: ugi=alex	ip=unknown-ip-addr	cmd=get_database: default	
2024-04-24T06:30:14,810  INFO [main] parse.CalcitePlanner: Ending caching scope for: 
2024-04-24T06:30:14,810  INFO [main] ql.Driver: Semantic Analysis Completed (retrial = false)
2024-04-24T06:30:14,810  INFO [main] ql.Driver: Created Hive schema: Schema(fieldSchemas:null, properties:null)
2024-04-24T06:30:14,810  INFO [main] metadata.Hive: Dumping metastore api call timing information for : compilation phase
2024-04-24T06:30:14,810  INFO [main] metadata.Hive: Total time spent in each metastore function (ms): {getValidTxns_(long)=0, flushCache_()=0, isCompatibleWith_(Configuration)=1, commitTxn_(CommitTxnRequest)=9, getDatabase_(String)=1, getValidWriteIds_(List, String)=1, openTxn_(String, TxnType)=2}
2024-04-24T06:30:14,810  INFO [main] ql.Driver: Completed compiling command(queryId=alex_20240424063014_14adb8a8-1c8a-4a77-b1f1-6d702ac798c9); Time taken: 0.006 seconds
2024-04-24T06:30:14,811  INFO [main] lockmgr.DbTxnManager: Setting lock request transaction to txnid:19 for queryId=alex_20240424063014_14adb8a8-1c8a-4a77-b1f1-6d702ac798c9
2024-04-24T06:30:14,811  INFO [main] lockmgr.DbLockManager: Requesting lock for queryId=alex_20240424063014_14adb8a8-1c8a-4a77-b1f1-6d702ac798c9
2024-04-24T06:30:14,826  INFO [main] lockmgr.DbLockManager: Response to queryId=alex_20240424063014_14adb8a8-1c8a-4a77-b1f1-6d702ac798c9 LockResponse(lockid:10, state:ACQUIRED)
2024-04-24T06:30:14,826  INFO [main] ql.Driver: Operation CREATETABLE obtained 1 locks
2024-04-24T06:30:14,827  INFO [main] ql.Driver: Executing command(queryId=alex_20240424063014_14adb8a8-1c8a-4a77-b1f1-6d702ac798c9): create table target (key int, data int, cur int) clustered by (key) into 2 buckets stored as orc TBLPROPERTIES ('transactional'='true')
2024-04-24T06:30:14,827  INFO [main] ql.Driver: Starting task [Stage-0:DDL] in serial mode
2024-04-24T06:30:14,828  INFO [main] HiveMetaStore.audit: ugi=alex	ip=unknown-ip-addr	cmd=create_table_req: Table(tableName:target, dbName:default, owner:alex, createTime:1713965414, lastAccessTime:0, retention:0, sd:StorageDescriptor(cols:[FieldSchema(name:key, type:int, comment:null), FieldSchema(name:data, type:int, comment:null), FieldSchema(name:cur, type:int, comment:null)], location:null, inputFormat:org.apache.hadoop.hive.ql.io.orc.OrcInputFormat, outputFormat:org.apache.hadoop.hive.ql.io.orc.OrcOutputFormat, compressed:false, numBuckets:2, serdeInfo:SerDeInfo(name:null, serializationLib:org.apache.hadoop.hive.ql.io.orc.OrcSerde, parameters:{serialization.format=1}), bucketCols:[key], sortCols:[], parameters:{}, skewedInfo:SkewedInfo(skewedColNames:[], skewedColValues:[], skewedColValueLocationMaps:{}), storedAsSubDirectories:false), partitionKeys:[], parameters:{transactional=true, bucketing_version=2, COLUMN_STATS_ACCURATE={"BASIC_STATS":"true","COLUMN_STATS":{"cur":"true","data":"true","key":"true"}}, numRows=0, rawDataSize=0, totalSize=0, numFilesErasureCoded=0, numFiles=0}, viewOriginalText:null, viewExpandedText:null, tableType:MANAGED_TABLE, privileges:PrincipalPrivilegeSet(userPrivileges:{alex=[PrivilegeGrantInfo(privilege:INSERT, createTime:-1, grantor:alex, grantorType:USER, grantOption:true), PrivilegeGrantInfo(privilege:SELECT, createTime:-1, grantor:alex, grantorType:USER, grantOption:true), PrivilegeGrantInfo(privilege:UPDATE, createTime:-1, grantor:alex, grantorType:USER, grantOption:true), PrivilegeGrantInfo(privilege:DELETE, createTime:-1, grantor:alex, grantorType:USER, grantOption:true)]}, groupPrivileges:null, rolePrivileges:null), temporary:false, catName:hive, ownerType:USER, writeId:0)	
2024-04-24T06:30:14,833  INFO [main] utils.FileUtils: Creating directory if it doesn't exist: file:/home/alex/Repositories/hive/ql/target/tmp/org.apache.hadoop.hive.ql.TestTxnCommands-1713965238357/warehouse/target
2024-04-24T06:30:14,847  INFO [main] metadata.Hive: Dumping metastore api call timing information for : execution phase
2024-04-24T06:30:14,848  INFO [main] metadata.Hive: Total time spent in each metastore function (ms): {createTable_(Table)=19, isCompatibleWith_(Configuration)=0}
2024-04-24T06:30:14,848  INFO [main] ql.Driver: Completed executing command(queryId=alex_20240424063014_14adb8a8-1c8a-4a77-b1f1-6d702ac798c9); Time taken: 0.02 seconds
2024-04-24T06:30:14,848  INFO [main] lockmgr.DbTxnManager: Stopped heartbeat for query: alex_20240424063014_14adb8a8-1c8a-4a77-b1f1-6d702ac798c9
2024-04-24T06:30:14,851  INFO [main] txn.TxnHandler: Expected to move at least one record from txn_components to completed_txn_components when committing txn! txnid:19
2024-04-24T06:30:14,856  INFO [main] txn.TxnHandler: Removed transactions: ([19]) from MIN_HISTORY_LEVEL
2024-04-24T06:30:14,857  WARN [main] txn.CompactionTxnHandler: No compaction queue record found for Compaction type transaction commit. txnId:19
2024-04-24T06:30:14,857  INFO [main] ql.TxnCommandsBaseForTests: Running the query: insert into target  values(1,5,1),(2,6,1),(1,18,0)
2024-04-24T06:30:14,857  INFO [main] ql.Driver: Compiling command(queryId=alex_20240424063014_71df57e5-7609-4cb1-8a32-2b3832abe101): insert into target  values(1,5,1),(2,6,1),(1,18,0)
2024-04-24T06:30:14,859  INFO [main] txn.TxnHandler: Added entries to MIN_HISTORY_LEVEL for current txns: ([20]) with min_open_txn: 18
2024-04-24T06:30:14,860  INFO [main] lockmgr.DbTxnManager: Opened txnid:20
2024-04-24T06:30:14,860  INFO [main] parse.CalcitePlanner: Starting caching scope for: 
2024-04-24T06:30:14,860  INFO [main] parse.CalcitePlanner: Starting Semantic Analysis
2024-04-24T06:30:14,863  INFO [main] HiveMetaStore.audit: ugi=alex	ip=unknown-ip-addr	cmd=get_table : tbl=hive.default.target	
2024-04-24T06:30:14,869  INFO [main] metastore.HMSHandler: Skipping translation for processor with null
2024-04-24T06:30:14,869  INFO [main] parse.CalcitePlanner: Completed phase 1 of Semantic Analysis
2024-04-24T06:30:14,869  INFO [main] parse.CalcitePlanner: Get metadata for source tables
2024-04-24T06:30:14,869  INFO [main] parse.CalcitePlanner: Get metadata for subqueries
2024-04-24T06:30:14,869  INFO [main] parse.CalcitePlanner: Get metadata for destination tables
2024-04-24T06:30:14,869  INFO [main] HiveMetaStore.audit: ugi=alex	ip=unknown-ip-addr	cmd=get_table : tbl=hive.default.target	
2024-04-24T06:30:14,875  INFO [main] metastore.HMSHandler: Skipping translation for processor with null
2024-04-24T06:30:14,875  INFO [main] parse.CalcitePlanner: Completed getting MetaData in Semantic Analysis
2024-04-24T06:30:14,875  INFO [main] parse.CalcitePlanner: Disabling LLAP IO encode as ETL query is detected
2024-04-24T06:30:14,894  INFO [main] HiveMetaStore.audit: ugi=alex	ip=unknown-ip-addr	cmd=get_all_table_constraints : tbl=hive._dummy_database._dummy_table	
2024-04-24T06:30:14,943  INFO [main] parse.CalcitePlanner: Get metadata for source tables
2024-04-24T06:30:14,943  INFO [main] parse.CalcitePlanner: Get metadata for subqueries
2024-04-24T06:30:14,943  INFO [main] parse.CalcitePlanner: Get metadata for source tables
2024-04-24T06:30:14,944  INFO [main] HiveMetaStore.audit: ugi=alex	ip=unknown-ip-addr	cmd=get_table : tbl=hive._dummy_database._dummy_table	
2024-04-24T06:30:14,946  INFO [main] parse.CalcitePlanner: Get metadata for subqueries
2024-04-24T06:30:14,946  INFO [main] parse.CalcitePlanner: Get metadata for destination tables
2024-04-24T06:30:14,946  INFO [main] parse.CalcitePlanner: Get metadata for destination tables
2024-04-24T06:30:14,946  INFO [main] HiveMetaStore.audit: ugi=alex	ip=unknown-ip-addr	cmd=get_table : tbl=hive.default.target	
2024-04-24T06:30:14,956  INFO [main] metastore.HMSHandler: Skipping translation for processor with null
2024-04-24T06:30:14,957  INFO [main] HiveMetaStore.audit: ugi=alex	ip=unknown-ip-addr	cmd=get_not_null_constraints : tbl=hive.default.target	
2024-04-24T06:30:14,959  INFO [main] HiveMetaStore.audit: ugi=alex	ip=unknown-ip-addr	cmd=get_check_constraints : tbl=hive.default.target	
2024-04-24T06:30:14,970  INFO [main] txn.TxnHandler: Allocated writeId: 1 for txnId: 20
2024-04-24T06:30:14,970  INFO [main] txn.TxnHandler: Allocated write ids for dbName=default, tblName=target (txnIds: [20])
2024-04-24T06:30:14,971  INFO [main] parse.CalcitePlanner: CBO Succeeded; optimized logical plan.
2024-04-24T06:30:14,974  INFO [main] optimizer.ColumnPrunerProcFactory: RS 4 oldColExprMap: {KEY.reducesinkkey0=Column[_col0], VALUE._col0=Column[_col1], VALUE._col1=Column[_col2]}
2024-04-24T06:30:14,974  INFO [main] optimizer.ColumnPrunerProcFactory: RS 4 newColExprMap: {VALUE._col1=Column[_col2], VALUE._col0=Column[_col1], KEY.reducesinkkey0=Column[_col0]}
2024-04-24T06:30:14,975  INFO [main] optimizer.BucketVersionPopulator: not considering bucketingVersion for: TS[0] because it has -1<2 buckets 
2024-04-24T06:30:14,976  INFO [main] optimizer.SortedDynPartitionOptimizer: Sorted dynamic partitioning optimization kicked in..
2024-04-24T06:30:14,985  INFO [main] HiveMetaStore.audit: ugi=alex	ip=unknown-ip-addr	cmd=get_table : tbl=hive.default.target	
2024-04-24T06:30:14,993  INFO [main] metastore.HMSHandler: Skipping translation for processor with null
2024-04-24T06:30:14,994  INFO [main] parse.CalcitePlanner: Completed plan generation
2024-04-24T06:30:14,994  INFO [main] parse.CalcitePlanner: Ending caching scope for: 
2024-04-24T06:30:14,994  INFO [main] ql.Driver: Semantic Analysis Completed (retrial = false)
2024-04-24T06:30:14,994  INFO [main] ql.Driver: Created Hive schema: Schema(fieldSchemas:[FieldSchema(name:col1, type:int, comment:null), FieldSchema(name:col2, type:int, comment:null), FieldSchema(name:col3, type:int, comment:null)], properties:null)
2024-04-24T06:30:14,994  INFO [main] metadata.Hive: Dumping metastore api call timing information for : compilation phase
2024-04-24T06:30:14,994  INFO [main] metadata.Hive: Total time spent in each metastore function (ms): {flushCache_()=0, getAllTableConstraints_(AllTableConstraintsRequest)=4, openTxn_(String, TxnType)=2, getCheckConstraints_(CheckConstraintsRequest)=1, getValidTxns_(long)=0, allocateTableWriteId_(long, String, String)=10, getNotNullConstraints_(NotNullConstraintsRequest)=2, getTable_(GetTableRequest)=30, getValidWriteIds_(List, String)=4, isCompatibleWith_(Configuration)=0, commitTxn_(CommitTxnRequest)=9}
2024-04-24T06:30:14,994  INFO [main] ql.Driver: Completed compiling command(queryId=alex_20240424063014_71df57e5-7609-4cb1-8a32-2b3832abe101); Time taken: 0.137 seconds
2024-04-24T06:30:14,995  INFO [main] lockmgr.DbTxnManager: Setting lock request transaction to txnid:20 for queryId=alex_20240424063014_71df57e5-7609-4cb1-8a32-2b3832abe101
2024-04-24T06:30:14,995  INFO [main] lockmgr.DbLockManager: Requesting lock for queryId=alex_20240424063014_71df57e5-7609-4cb1-8a32-2b3832abe101
2024-04-24T06:30:15,014  INFO [main] lockmgr.DbLockManager: Response to queryId=alex_20240424063014_71df57e5-7609-4cb1-8a32-2b3832abe101 LockResponse(lockid:11, state:ACQUIRED)
2024-04-24T06:30:15,014  INFO [main] ql.Driver: Operation QUERY obtained 1 locks
2024-04-24T06:30:15,017  INFO [main] ql.Driver: Executing command(queryId=alex_20240424063014_71df57e5-7609-4cb1-8a32-2b3832abe101): insert into target  values(1,5,1),(2,6,1),(1,18,0)
2024-04-24T06:30:15,018  WARN [main] ql.Driver: Hive-on-MR is deprecated in Hive 2 and may not be available in the future versions. Consider using a different execution engine (i.e. spark, tez) or using Hive 1.X releases.
Query ID = alex_20240424063014_71df57e5-7609-4cb1-8a32-2b3832abe101
2024-04-24T06:30:15,018  INFO [main] ql.Driver: Query ID = alex_20240424063014_71df57e5-7609-4cb1-8a32-2b3832abe101
Total jobs = 1
2024-04-24T06:30:15,018  INFO [main] ql.Driver: Total jobs = 1
Launching Job 1 out of 1
2024-04-24T06:30:15,018  INFO [main] ql.Driver: Launching Job 1 out of 1
2024-04-24T06:30:15,189  INFO [main] ql.Driver: Starting task [Stage-1:MAPRED] in serial mode
Number of reduce tasks determined at compile time: 2
2024-04-24T06:30:15,189  INFO [main] exec.Task: Number of reduce tasks determined at compile time: 2
In order to change the average load for a reducer (in bytes):
2024-04-24T06:30:15,189  INFO [main] exec.Task: In order to change the average load for a reducer (in bytes):
  set hive.exec.reducers.bytes.per.reducer=<number>
2024-04-24T06:30:15,189  INFO [main] exec.Task:   set hive.exec.reducers.bytes.per.reducer=<number>
In order to limit the maximum number of reducers:
2024-04-24T06:30:15,189  INFO [main] exec.Task: In order to limit the maximum number of reducers:
  set hive.exec.reducers.max=<number>
2024-04-24T06:30:15,189  INFO [main] exec.Task:   set hive.exec.reducers.max=<number>
In order to set a constant number of reducers:
2024-04-24T06:30:15,189  INFO [main] exec.Task: In order to set a constant number of reducers:
  set mapreduce.job.reduces=<number>
2024-04-24T06:30:15,189  INFO [main] exec.Task:   set mapreduce.job.reduces=<number>
2024-04-24T06:30:15,204  INFO [main] mr.ExecDriver: Using org.apache.hadoop.hive.ql.io.HiveInputFormat
2024-04-24T06:30:15,204  INFO [main] exec.Utilities: Processing alias $hdt$_0:_dummy_table
2024-04-24T06:30:15,204  INFO [main] exec.Utilities: Adding 1 inputs; the first input is file:/home/alex/Repositories/hive/ql/target/tmp/localscratchdir/8e173e42-dbce-4208-8a17-ca742c9a75ac/hive_2024-04-24_06-30-14_857_2284603321634025806-1/dummy_path
2024-04-24T06:30:15,214  INFO [main] exec.SerializationUtilities: Serializing MapWork using kryo
2024-04-24T06:30:15,214  INFO [main] exec.Utilities: Serialized plan (via FILE) - name: null size: 5,15KB
2024-04-24T06:30:15,219  INFO [main] exec.SerializationUtilities: Serializing ReduceWork using kryo
2024-04-24T06:30:15,220  INFO [main] exec.Utilities: Serialized plan (via FILE) - name: null size: 6,16KB
2024-04-24T06:30:15,221  WARN [main] impl.MetricsSystemImpl: JobTracker metrics system already initialized!
2024-04-24T06:30:15,225  INFO [main] fs.FSStatsPublisher: created : file:/home/alex/Repositories/hive/ql/target/tmp/localscratchdir/8e173e42-dbce-4208-8a17-ca742c9a75ac/hive_2024-04-24_06-30-14_857_2284603321634025806-1/-mr-10000
2024-04-24T06:30:15,227  WARN [main] impl.MetricsSystemImpl: JobTracker metrics system already initialized!
2024-04-24T06:30:15,233  WARN [main] mapreduce.JobResourceUploader: Hadoop command-line option parsing not performed. Implement the Tool interface and execute your application with ToolRunner to remedy this.
2024-04-24T06:30:15,238  WARN [main] mapreduce.JobResourceUploader: No job jar file set.  User classes may not be found. See Job or Job#setJar(String).
2024-04-24T06:30:15,239  INFO [main] io.HiveInputFormat: hive.io.file.readcolumn.ids = 
2024-04-24T06:30:15,239  INFO [main] io.HiveInputFormat: hive.io.file.readcolumn.names = 
2024-04-24T06:30:15,239  INFO [main] io.HiveInputFormat: Generating splits for dirs: file:/home/alex/Repositories/hive/ql/target/tmp/localscratchdir/8e173e42-dbce-4208-8a17-ca742c9a75ac/hive_2024-04-24_06-30-14_857_2284603321634025806-1/dummy_path
2024-04-24T06:30:15,239  INFO [main] io.HiveInputFormat: number of splits 1
2024-04-24T06:30:15,257  INFO [main] mapreduce.JobSubmitter: number of splits:1
2024-04-24T06:30:15,276  INFO [main] mapreduce.JobSubmitter: Submitting tokens for job: job_local510300204_0068
2024-04-24T06:30:15,276  INFO [main] mapreduce.JobSubmitter: Executing with tokens: []
2024-04-24T06:30:15,337  INFO [main] mapreduce.Job: The url to track the job: http://localhost:8080/
Job running in-process (local Hadoop)
2024-04-24T06:30:15,337  INFO [main] exec.Task: Job running in-process (local Hadoop)
2024-04-24T06:30:15,338  INFO [Thread-5805] mapred.LocalJobRunner: OutputCommitter set in config org.apache.hadoop.hive.ql.io.HiveFileFormatUtils$NullOutputCommitter
2024-04-24T06:30:15,338  INFO [Thread-5805] mapred.LocalJobRunner: OutputCommitter is org.apache.hadoop.hive.ql.io.HiveFileFormatUtils$NullOutputCommitter
2024-04-24T06:30:15,339  INFO [Thread-5805] mapred.LocalJobRunner: Waiting for map tasks
2024-04-24T06:30:15,340  INFO [LocalJobRunner Map Task Executor #0] mapred.LocalJobRunner: Starting task: attempt_local510300204_0068_m_000000_0
2024-04-24T06:30:15,340  INFO [LocalJobRunner Map Task Executor #0] mapred.Task:  Using ResourceCalculatorProcessTree : [ ]
2024-04-24T06:30:15,340  INFO [LocalJobRunner Map Task Executor #0] mapred.MapTask: Processing split: org.apache.hadoop.hive.ql.io.NullRowsInputFormat:file:/home/alex/Repositories/hive/ql/target/tmp/localscratchdir/8e173e42-dbce-4208-8a17-ca742c9a75ac/hive_2024-04-24_06-30-14_857_2284603321634025806-1/dummy_path/null:0+1
2024-04-24T06:30:15,341  INFO [LocalJobRunner Map Task Executor #0] exec.SerializationUtilities: Deserializing MapWork using kryo
2024-04-24T06:30:15,341  INFO [LocalJobRunner Map Task Executor #0] exec.Utilities: Deserialized plan (via FILE) - name: null size: 5,15KB
2024-04-24T06:30:15,342  INFO [LocalJobRunner Map Task Executor #0] mapred.MapTask: numReduceTasks: 2
2024-04-24T06:30:15,346  INFO [LocalJobRunner Map Task Executor #0] mapred.MapTask: (EQUATOR) 0 kvi 26214396(104857584)
2024-04-24T06:30:15,346  INFO [LocalJobRunner Map Task Executor #0] mapred.MapTask: mapreduce.task.io.sort.mb: 100
2024-04-24T06:30:15,346  INFO [LocalJobRunner Map Task Executor #0] mapred.MapTask: soft limit at 83886080
2024-04-24T06:30:15,346  INFO [LocalJobRunner Map Task Executor #0] mapred.MapTask: bufstart = 0; bufvoid = 104857600
2024-04-24T06:30:15,346  INFO [LocalJobRunner Map Task Executor #0] mapred.MapTask: kvstart = 26214396; length = 6553600
2024-04-24T06:30:15,346  INFO [LocalJobRunner Map Task Executor #0] mapred.MapTask: Map output collector class = org.apache.hadoop.mapred.MapTask$MapOutputBuffer
2024-04-24T06:30:15,346  INFO [LocalJobRunner Map Task Executor #0] exec.MapOperator: Initializing Operator: MAP[0]
2024-04-24T06:30:15,347  INFO [LocalJobRunner Map Task Executor #0] mr.ExecMapper: 
<MAP>Id =0
  <Children>null
  <\Children>
  <Parent><\Parent>
<\MAP>
2024-04-24T06:30:15,347  INFO [LocalJobRunner Map Task Executor #0] exec.TableScanOperator: Initializing Operator: TS[0]
2024-04-24T06:30:15,348  INFO [LocalJobRunner Map Task Executor #0] exec.SelectOperator: Initializing Operator: SEL[1]
2024-04-24T06:30:15,348  INFO [LocalJobRunner Map Task Executor #0] exec.SelectOperator: SELECT null
2024-04-24T06:30:15,348  INFO [LocalJobRunner Map Task Executor #0] exec.UDTFOperator: Initializing Operator: UDTF[2]
2024-04-24T06:30:15,348  INFO [LocalJobRunner Map Task Executor #0] exec.SelectOperator: Initializing Operator: SEL[3]
2024-04-24T06:30:15,348  INFO [LocalJobRunner Map Task Executor #0] exec.SelectOperator: SELECT struct<col1:int,col2:int,col3:int>
2024-04-24T06:30:15,348  INFO [LocalJobRunner Map Task Executor #0] exec.ReduceSinkOperator: Initializing Operator: RS[4]
2024-04-24T06:30:15,348  INFO [LocalJobRunner Map Task Executor #0] exec.ReduceSinkOperator: Using tag = -1
2024-04-24T06:30:15,349  INFO [LocalJobRunner Map Task Executor #0] exec.ReduceSinkOperator: keys are [reducesinkkey0] num distributions: 1
2024-04-24T06:30:15,349  INFO [LocalJobRunner Map Task Executor #0] exec.ReduceSinkOperator: RS[4]: records written - 1
2024-04-24T06:30:15,349  INFO [LocalJobRunner Map Task Executor #0] exec.MapOperator: MAP[0]: records read - 1
2024-04-24T06:30:15,349  INFO [LocalJobRunner Map Task Executor #0] exec.MapOperator: Closing Operator: MAP[0]
2024-04-24T06:30:15,349  INFO [LocalJobRunner Map Task Executor #0] exec.MapOperator: MAP[0]: Total records read - 3. abort - false
2024-04-24T06:30:15,349  INFO [LocalJobRunner Map Task Executor #0] exec.MapOperator: RECORDS_OUT_INTERMEDIATE:0, RECORDS_IN:3, RECORDS_OUT_OPERATOR_MAP_0:0, DESERIALIZE_ERRORS:0, 
2024-04-24T06:30:15,349  INFO [LocalJobRunner Map Task Executor #0] exec.TableScanOperator: Closing Operator: TS[0]
2024-04-24T06:30:15,349  INFO [LocalJobRunner Map Task Executor #0] exec.TableScanOperator: RECORDS_OUT_OPERATOR_TS_0:1, RECORDS_OUT_INTERMEDIATE:0, 
2024-04-24T06:30:15,349  INFO [LocalJobRunner Map Task Executor #0] exec.SelectOperator: Closing Operator: SEL[1]
2024-04-24T06:30:15,349  INFO [LocalJobRunner Map Task Executor #0] exec.SelectOperator: RECORDS_OUT_OPERATOR_SEL_1:1, RECORDS_OUT_INTERMEDIATE:0, 
2024-04-24T06:30:15,349  INFO [LocalJobRunner Map Task Executor #0] exec.UDTFOperator: Closing Operator: UDTF[2]
2024-04-24T06:30:15,349  INFO [LocalJobRunner Map Task Executor #0] exec.UDTFOperator: RECORDS_OUT_INTERMEDIATE:0, RECORDS_OUT_OPERATOR_UDTF_2:3, 
2024-04-24T06:30:15,349  INFO [LocalJobRunner Map Task Executor #0] exec.SelectOperator: Closing Operator: SEL[3]
2024-04-24T06:30:15,349  INFO [LocalJobRunner Map Task Executor #0] exec.SelectOperator: RECORDS_OUT_INTERMEDIATE:0, RECORDS_OUT_OPERATOR_SEL_3:3, 
2024-04-24T06:30:15,349  INFO [LocalJobRunner Map Task Executor #0] exec.ReduceSinkOperator: Closing Operator: RS[4]
2024-04-24T06:30:15,349  INFO [LocalJobRunner Map Task Executor #0] exec.ReduceSinkOperator: RS[4]: Total records written - 3. abort - false
2024-04-24T06:30:15,350  INFO [LocalJobRunner Map Task Executor #0] exec.ReduceSinkOperator: RECORDS_OUT_OPERATOR_RS_4:3, RECORDS_OUT_INTERMEDIATE:3, 
2024-04-24T06:30:15,350  INFO [LocalJobRunner Map Task Executor #0] mapred.LocalJobRunner: 
2024-04-24T06:30:15,350  INFO [LocalJobRunner Map Task Executor #0] mapred.MapTask: Starting flush of map output
2024-04-24T06:30:15,350  INFO [LocalJobRunner Map Task Executor #0] mapred.MapTask: Spilling map output
2024-04-24T06:30:15,350  INFO [LocalJobRunner Map Task Executor #0] mapred.MapTask: bufstart = 0; bufend = 51; bufvoid = 104857600
2024-04-24T06:30:15,350  INFO [LocalJobRunner Map Task Executor #0] mapred.MapTask: kvstart = 26214396(104857584); kvend = 26214388(104857552); length = 9/6553600
2024-04-24T06:30:15,360  INFO [LocalJobRunner Map Task Executor #0] mapred.MapTask: Finished spill 0
2024-04-24T06:30:15,363  INFO [LocalJobRunner Map Task Executor #0] mapred.Task: Task:attempt_local510300204_0068_m_000000_0 is done. And is in the process of committing
2024-04-24T06:30:15,364  INFO [LocalJobRunner Map Task Executor #0] mapred.LocalJobRunner: map
2024-04-24T06:30:15,364  INFO [LocalJobRunner Map Task Executor #0] mapred.Task: Task 'attempt_local510300204_0068_m_000000_0' done.
2024-04-24T06:30:15,364  INFO [LocalJobRunner Map Task Executor #0] mapred.Task: Final Counters for attempt_local510300204_0068_m_000000_0: Counters: 31
	File System Counters
		FILE: Number of bytes read=1392253
		FILE: Number of bytes written=80173422
		FILE: Number of read operations=0
		FILE: Number of large read operations=0
		FILE: Number of write operations=0
		HDFS: Number of bytes read=0
		HDFS: Number of bytes written=0
		HDFS: Number of read operations=0
		HDFS: Number of large read operations=0
		HDFS: Number of write operations=0
	Map-Reduce Framework
		Map input records=4
		Map output records=3
		Map output bytes=51
		Map output materialized bytes=69
		Input split bytes=361
		Combine input records=0
		Spilled Records=3
		Failed Shuffles=0
		Merged Map outputs=0
		GC time elapsed (ms)=0
		Total committed heap usage (bytes)=1340604416
	HIVE
		DESERIALIZE_ERRORS=0
		RECORDS_IN=3
		RECORDS_OUT_INTERMEDIATE=3
		RECORDS_OUT_OPERATOR_MAP_0=0
		RECORDS_OUT_OPERATOR_RS_4=3
		RECORDS_OUT_OPERATOR_SEL_1=1
		RECORDS_OUT_OPERATOR_SEL_3=3
		RECORDS_OUT_OPERATOR_TS_0=1
		RECORDS_OUT_OPERATOR_UDTF_2=3
	File Input Format Counters 
		Bytes Read=5201
2024-04-24T06:30:15,364  INFO [LocalJobRunner Map Task Executor #0] mapred.LocalJobRunner: Finishing task: attempt_local510300204_0068_m_000000_0
2024-04-24T06:30:15,364  INFO [Thread-5805] mapred.LocalJobRunner: map task executor complete.
2024-04-24T06:30:15,365  INFO [Thread-5805] mapred.LocalJobRunner: Waiting for reduce tasks
2024-04-24T06:30:15,365  INFO [pool-337-thread-1] mapred.LocalJobRunner: Starting task: attempt_local510300204_0068_r_000000_0
2024-04-24T06:30:15,366  INFO [pool-337-thread-1] mapred.Task:  Using ResourceCalculatorProcessTree : [ ]
2024-04-24T06:30:15,366  INFO [pool-337-thread-1] mapred.ReduceTask: Using ShuffleConsumerPlugin: org.apache.hadoop.mapreduce.task.reduce.Shuffle@7adfd4c3
2024-04-24T06:30:15,366  WARN [pool-337-thread-1] impl.MetricsSystemImpl: JobTracker metrics system already initialized!
2024-04-24T06:30:15,367  INFO [pool-337-thread-1] reduce.MergeManagerImpl: MergerManager: memoryLimit=1336252800, maxSingleShuffleLimit=334063200, mergeThreshold=881926912, ioSortFactor=10, memToMemMergeOutputsThreshold=10
2024-04-24T06:30:15,368  INFO [EventFetcher for fetching Map Completion Events] reduce.EventFetcher: attempt_local510300204_0068_r_000000_0 Thread started: EventFetcher for fetching Map Completion Events
2024-04-24T06:30:15,371  INFO [localfetcher#93] reduce.LocalFetcher: localfetcher#93 about to shuffle output of map attempt_local510300204_0068_m_000000_0 decomp: 21 len: 25 to MEMORY
2024-04-24T06:30:15,371  INFO [localfetcher#93] reduce.InMemoryMapOutput: Read 21 bytes from map-output for attempt_local510300204_0068_m_000000_0
2024-04-24T06:30:15,371  INFO [localfetcher#93] reduce.MergeManagerImpl: closeInMemoryFile -> map-output of size: 21, inMemoryMapOutputs.size() -> 1, commitMemory -> 0, usedMemory ->21
2024-04-24T06:30:15,372  INFO [EventFetcher for fetching Map Completion Events] reduce.EventFetcher: EventFetcher is interrupted.. Returning
2024-04-24T06:30:15,372  INFO [pool-337-thread-1] mapred.LocalJobRunner: 1 / 1 copied.
2024-04-24T06:30:15,373  INFO [pool-337-thread-1] reduce.MergeManagerImpl: finalMerge called with 1 in-memory map-outputs and 0 on-disk map-outputs
2024-04-24T06:30:15,378  INFO [pool-337-thread-1] mapred.Merger: Merging 1 sorted segments
2024-04-24T06:30:15,378  INFO [pool-337-thread-1] mapred.Merger: Down to the last merge-pass, with 1 segments left of total size: 9 bytes
2024-04-24T06:30:15,381  INFO [pool-337-thread-1] reduce.MergeManagerImpl: Merged 1 segments, 21 bytes to disk to satisfy reduce memory limit
2024-04-24T06:30:15,382  INFO [pool-337-thread-1] reduce.MergeManagerImpl: Merging 1 files, 25 bytes from disk
2024-04-24T06:30:15,382  INFO [pool-337-thread-1] reduce.MergeManagerImpl: Merging 0 segments, 0 bytes from memory into reduce
2024-04-24T06:30:15,382  INFO [pool-337-thread-1] mapred.Merger: Merging 1 sorted segments
2024-04-24T06:30:15,382  INFO [pool-337-thread-1] mapred.Merger: Down to the last merge-pass, with 1 segments left of total size: 9 bytes
2024-04-24T06:30:15,382  INFO [pool-337-thread-1] mapred.LocalJobRunner: 1 / 1 copied.
2024-04-24T06:30:15,382  INFO [pool-337-thread-1] exec.SerializationUtilities: Deserializing ReduceWork using kryo
2024-04-24T06:30:15,383  INFO [pool-337-thread-1] exec.Utilities: Deserialized plan (via FILE) - name: null size: 6,16KB
2024-04-24T06:30:15,384  INFO [pool-337-thread-1] ExecReducer: 
<SEL>Id =5
  <Children>
    <FS>Id =6
      <Children>
      <\Children>
      <Parent>Id = 5 null<\Parent>
    <\FS>
  <\Children>
  <Parent><\Parent>
<\SEL>
2024-04-24T06:30:15,384  INFO [pool-337-thread-1] exec.SelectOperator: Initializing Operator: SEL[5]
2024-04-24T06:30:15,384  INFO [pool-337-thread-1] exec.SelectOperator: SELECT struct<key:struct<reducesinkkey0:int>,value:struct<_col0:int,_col1:int>>
2024-04-24T06:30:15,384  INFO [pool-337-thread-1] exec.FileSinkOperator: Initializing Operator: FS[6]
2024-04-24T06:30:15,384  INFO [pool-337-thread-1] exec.FileSinkOperator: Using serializer : AbstractSerDe [log=org.apache.logging.slf4j.Log4jLogger@3c370966, configuration=Optional[Configuration: core-default.xml, core-site.xml, mapred-default.xml, mapred-site.xml, yarn-default.xml, yarn-site.xml, hdfs-default.xml, hdfs-site.xml, file:/home/alex/Repositories/hive/ql/target/tmp/TestTxnCommands/mapred/local/localRunner/alex/job_local510300204_0068/job_local510300204_0068.xml], properties={transactional_properties=default, name=default.target, transactional=true, columns.types=int:int:int, bucket_field_name=key, columns=key,data,cur, numFilesErasureCoded=0, columns.comments=&amp#0;&amp#0;, bucketing_version=2, bucket_count=2, serialization.lib=org.apache.hadoop.hive.ql.io.orc.OrcSerde, file.inputformat=org.apache.hadoop.hive.ql.io.orc.OrcInputFormat, file.outputformat=org.apache.hadoop.hive.ql.io.orc.OrcOutputFormat, location=file:/home/alex/Repositories/hive/ql/target/tmp/org.apache.hadoop.hive.ql.TestTxnCommands-1713965238357/warehouse/target, column.name.delimiter=,}, tableProperties={transactional_properties=default, name=default.target, transactional=true, columns.types=int:int:int, bucket_field_name=key, columns=key,data,cur, numFilesErasureCoded=0, columns.comments=&amp#0;&amp#0;, bucketing_version=2, bucket_count=2, serialization.lib=org.apache.hadoop.hive.ql.io.orc.OrcSerde, file.inputformat=org.apache.hadoop.hive.ql.io.orc.OrcInputFormat, location=file:/home/alex/Repositories/hive/ql/target/tmp/org.apache.hadoop.hive.ql.TestTxnCommands-1713965238357/warehouse/target, file.outputformat=org.apache.hadoop.hive.ql.io.orc.OrcOutputFormat, column.name.delimiter=,}, partitionProperties=Optional.empty, columnNames=[key, data, cur], columnTypes=[int, int, int], getClass()=class org.apache.hadoop.hive.ql.io.orc.OrcSerde] and formatter : org.apache.hadoop.hive.ql.io.orc.OrcOutputFormat@52c94dca
2024-04-24T06:30:15,384  INFO [pool-337-thread-1] exec.FileSinkOperator: Final Path: FS file:/home/alex/Repositories/hive/ql/target/tmp/org.apache.hadoop.hive.ql.TestTxnCommands-1713965238357/warehouse/target
2024-04-24T06:30:15,384  INFO [pool-337-thread-1] exec.FileSinkOperator: New Final Path: FS file:/home/alex/Repositories/hive/ql/target/tmp/org.apache.hadoop.hive.ql.TestTxnCommands-1713965238357/warehouse/target
2024-04-24T06:30:15,384  INFO [pool-337-thread-1] common.FileUtils: Creating directory if it doesn't exist: file:/home/alex/Repositories/hive/ql/target/tmp/org.apache.hadoop.hive.ql.TestTxnCommands-1713965238357/warehouse
2024-04-24T06:30:15,385  INFO [pool-337-thread-1] exec.FileSinkOperator: FS[6]: records written - 1
2024-04-24T06:30:15,385  INFO [pool-337-thread-1] impl.PhysicalFsWriter: ORC writer created for path: file:/home/alex/Repositories/hive/ql/target/tmp/org.apache.hadoop.hive.ql.TestTxnCommands-1713965238357/warehouse/target/delta_0000001_0000001_0000/bucket_00000_0 with stripeSize: 8388608 blockSize: 268435456 compression: Compress: ZLIB buffer: 32768
2024-04-24T06:30:15,392  INFO [pool-337-thread-1] impl.WriterImpl: ORC writer created for path: file:/home/alex/Repositories/hive/ql/target/tmp/org.apache.hadoop.hive.ql.TestTxnCommands-1713965238357/warehouse/target/delta_0000001_0000001_0000/bucket_00000_0 with stripeSize: 8388608 options: Compress: ZLIB buffer: 32768
2024-04-24T06:30:15,396  INFO [pool-337-thread-1] exec.SelectOperator: Closing Operator: SEL[5]
2024-04-24T06:30:15,396  INFO [pool-337-thread-1] exec.SelectOperator: RECORDS_OUT_OPERATOR_SEL_5:1, RECORDS_OUT_INTERMEDIATE:0, 
2024-04-24T06:30:15,396  INFO [pool-337-thread-1] exec.FileSinkOperator: Closing Operator: FS[6]
2024-04-24T06:30:15,396  INFO [pool-337-thread-1] exec.FileSinkOperator: FS[6]: records written - 1
2024-04-24T06:30:15,398  INFO [pool-337-thread-1] FileOperations: Writing manifest to file:/home/alex/Repositories/hive/ql/target/tmp/org.apache.hadoop.hive.ql.TestTxnCommands-1713965238357/warehouse/target/_tmp.delta_0000001_0000001_0000/000000_0.manifest with [file:/home/alex/Repositories/hive/ql/target/tmp/org.apache.hadoop.hive.ql.TestTxnCommands-1713965238357/warehouse/target/delta_0000001_0000001_0000/bucket_00000_0]
2024-04-24T06:30:15,410  INFO [pool-337-thread-1] exec.FileSinkOperator: RECORDS_OUT_INTERMEDIATE:0, RECORDS_OUT_1_default.target:1, RECORDS_OUT_OPERATOR_FS_6:1, TOTAL_TABLE_ROWS_WRITTEN:1, 
2024-04-24T06:30:15,411  INFO [pool-337-thread-1] mapred.Task: Task:attempt_local510300204_0068_r_000000_0 is done. And is in the process of committing
2024-04-24T06:30:15,411  INFO [pool-337-thread-1] mapred.LocalJobRunner: reduce > reduce
2024-04-24T06:30:15,411  INFO [pool-337-thread-1] mapred.Task: Task 'attempt_local510300204_0068_r_000000_0' done.
2024-04-24T06:30:15,411  INFO [pool-337-thread-1] mapred.Task: Final Counters for attempt_local510300204_0068_r_000000_0: Counters: 35
	File System Counters
		FILE: Number of bytes read=1398627
		FILE: Number of bytes written=80174503
		FILE: Number of read operations=0
		FILE: Number of large read operations=0
		FILE: Number of write operations=0
		HDFS: Number of bytes read=0
		HDFS: Number of bytes written=0
		HDFS: Number of read operations=0
		HDFS: Number of large read operations=0
		HDFS: Number of write operations=0
	Map-Reduce Framework
		Combine input records=0
		Combine output records=0
		Reduce input groups=1
		Reduce shuffle bytes=25
		Reduce input records=1
		Reduce output records=0
		Spilled Records=1
		Shuffled Maps =1
		Failed Shuffles=0
		Merged Map outputs=1
		GC time elapsed (ms)=0
		Total committed heap usage (bytes)=1340604416
	HIVE
		CREATED_FILES=1
		RECORDS_OUT_1_default.target=1
		RECORDS_OUT_INTERMEDIATE=0
		RECORDS_OUT_OPERATOR_FS_6=1
		RECORDS_OUT_OPERATOR_SEL_5=1
		TOTAL_TABLE_ROWS_WRITTEN=1
	Shuffle Errors
		BAD_ID=0
		CONNECTION=0
		IO_ERROR=0
		WRONG_LENGTH=0
		WRONG_MAP=0
		WRONG_REDUCE=0
	File Output Format Counters 
		Bytes Written=0
2024-04-24T06:30:15,411  INFO [pool-337-thread-1] mapred.LocalJobRunner: Finishing task: attempt_local510300204_0068_r_000000_0
2024-04-24T06:30:15,411  INFO [pool-337-thread-1] mapred.LocalJobRunner: Starting task: attempt_local510300204_0068_r_000001_0
2024-04-24T06:30:15,412  INFO [pool-337-thread-1] mapred.Task:  Using ResourceCalculatorProcessTree : [ ]
2024-04-24T06:30:15,412  INFO [pool-337-thread-1] mapred.ReduceTask: Using ShuffleConsumerPlugin: org.apache.hadoop.mapreduce.task.reduce.Shuffle@2ed028a9
2024-04-24T06:30:15,412  WARN [pool-337-thread-1] impl.MetricsSystemImpl: JobTracker metrics system already initialized!
2024-04-24T06:30:15,413  INFO [pool-337-thread-1] reduce.MergeManagerImpl: MergerManager: memoryLimit=1336252800, maxSingleShuffleLimit=334063200, mergeThreshold=881926912, ioSortFactor=10, memToMemMergeOutputsThreshold=10
2024-04-24T06:30:15,413  INFO [EventFetcher for fetching Map Completion Events] reduce.EventFetcher: attempt_local510300204_0068_r_000001_0 Thread started: EventFetcher for fetching Map Completion Events
2024-04-24T06:30:15,416  INFO [localfetcher#94] reduce.LocalFetcher: localfetcher#94 about to shuffle output of map attempt_local510300204_0068_m_000000_0 decomp: 40 len: 44 to MEMORY
2024-04-24T06:30:15,416  INFO [localfetcher#94] reduce.InMemoryMapOutput: Read 40 bytes from map-output for attempt_local510300204_0068_m_000000_0
2024-04-24T06:30:15,416  INFO [localfetcher#94] reduce.MergeManagerImpl: closeInMemoryFile -> map-output of size: 40, inMemoryMapOutputs.size() -> 1, commitMemory -> 0, usedMemory ->40
2024-04-24T06:30:15,416  INFO [EventFetcher for fetching Map Completion Events] reduce.EventFetcher: EventFetcher is interrupted.. Returning
2024-04-24T06:30:15,416  INFO [pool-337-thread-1] mapred.LocalJobRunner: 1 / 1 copied.
2024-04-24T06:30:15,417  INFO [pool-337-thread-1] reduce.MergeManagerImpl: finalMerge called with 1 in-memory map-outputs and 0 on-disk map-outputs
2024-04-24T06:30:15,422  INFO [pool-337-thread-1] mapred.Merger: Merging 1 sorted segments
2024-04-24T06:30:15,422  INFO [pool-337-thread-1] mapred.Merger: Down to the last merge-pass, with 1 segments left of total size: 28 bytes
2024-04-24T06:30:15,425  INFO [pool-337-thread-1] reduce.MergeManagerImpl: Merged 1 segments, 40 bytes to disk to satisfy reduce memory limit
2024-04-24T06:30:15,425  INFO [pool-337-thread-1] reduce.MergeManagerImpl: Merging 1 files, 44 bytes from disk
2024-04-24T06:30:15,425  INFO [pool-337-thread-1] reduce.MergeManagerImpl: Merging 0 segments, 0 bytes from memory into reduce
2024-04-24T06:30:15,425  INFO [pool-337-thread-1] mapred.Merger: Merging 1 sorted segments
2024-04-24T06:30:15,425  INFO [pool-337-thread-1] mapred.Merger: Down to the last merge-pass, with 1 segments left of total size: 28 bytes
2024-04-24T06:30:15,425  INFO [pool-337-thread-1] mapred.LocalJobRunner: 1 / 1 copied.
2024-04-24T06:30:15,426  INFO [pool-337-thread-1] exec.SerializationUtilities: Deserializing ReduceWork using kryo
2024-04-24T06:30:15,426  INFO [pool-337-thread-1] exec.Utilities: Deserialized plan (via FILE) - name: null size: 6,16KB
2024-04-24T06:30:15,427  INFO [pool-337-thread-1] ExecReducer: 
<SEL>Id =5
  <Children>
    <FS>Id =6
      <Children>
      <\Children>
      <Parent>Id = 5 null<\Parent>
    <\FS>
  <\Children>
  <Parent><\Parent>
<\SEL>
2024-04-24T06:30:15,428  INFO [pool-337-thread-1] exec.SelectOperator: Initializing Operator: SEL[5]
2024-04-24T06:30:15,428  INFO [pool-337-thread-1] exec.SelectOperator: SELECT struct<key:struct<reducesinkkey0:int>,value:struct<_col0:int,_col1:int>>
2024-04-24T06:30:15,428  INFO [pool-337-thread-1] exec.FileSinkOperator: Initializing Operator: FS[6]
2024-04-24T06:30:15,428  INFO [pool-337-thread-1] exec.FileSinkOperator: Using serializer : AbstractSerDe [log=org.apache.logging.slf4j.Log4jLogger@3c370966, configuration=Optional[Configuration: core-default.xml, core-site.xml, mapred-default.xml, mapred-site.xml, yarn-default.xml, yarn-site.xml, hdfs-default.xml, hdfs-site.xml, file:/home/alex/Repositories/hive/ql/target/tmp/TestTxnCommands/mapred/local/localRunner/alex/job_local510300204_0068/job_local510300204_0068.xml], properties={transactional_properties=default, name=default.target, transactional=true, columns.types=int:int:int, bucket_field_name=key, columns=key,data,cur, numFilesErasureCoded=0, columns.comments=&amp#0;&amp#0;, bucketing_version=2, bucket_count=2, serialization.lib=org.apache.hadoop.hive.ql.io.orc.OrcSerde, file.inputformat=org.apache.hadoop.hive.ql.io.orc.OrcInputFormat, file.outputformat=org.apache.hadoop.hive.ql.io.orc.OrcOutputFormat, location=file:/home/alex/Repositories/hive/ql/target/tmp/org.apache.hadoop.hive.ql.TestTxnCommands-1713965238357/warehouse/target, column.name.delimiter=,}, tableProperties={transactional_properties=default, name=default.target, transactional=true, columns.types=int:int:int, bucket_field_name=key, columns=key,data,cur, numFilesErasureCoded=0, columns.comments=&amp#0;&amp#0;, bucketing_version=2, bucket_count=2, serialization.lib=org.apache.hadoop.hive.ql.io.orc.OrcSerde, file.inputformat=org.apache.hadoop.hive.ql.io.orc.OrcInputFormat, location=file:/home/alex/Repositories/hive/ql/target/tmp/org.apache.hadoop.hive.ql.TestTxnCommands-1713965238357/warehouse/target, file.outputformat=org.apache.hadoop.hive.ql.io.orc.OrcOutputFormat, column.name.delimiter=,}, partitionProperties=Optional.empty, columnNames=[key, data, cur], columnTypes=[int, int, int], getClass()=class org.apache.hadoop.hive.ql.io.orc.OrcSerde] and formatter : org.apache.hadoop.hive.ql.io.orc.OrcOutputFormat@2fdfc11a
2024-04-24T06:30:15,428  INFO [pool-337-thread-1] exec.FileSinkOperator: Final Path: FS file:/home/alex/Repositories/hive/ql/target/tmp/org.apache.hadoop.hive.ql.TestTxnCommands-1713965238357/warehouse/target
2024-04-24T06:30:15,428  INFO [pool-337-thread-1] exec.FileSinkOperator: New Final Path: FS file:/home/alex/Repositories/hive/ql/target/tmp/org.apache.hadoop.hive.ql.TestTxnCommands-1713965238357/warehouse/target
2024-04-24T06:30:15,428  INFO [pool-337-thread-1] common.FileUtils: Creating directory if it doesn't exist: file:/home/alex/Repositories/hive/ql/target/tmp/org.apache.hadoop.hive.ql.TestTxnCommands-1713965238357/warehouse
2024-04-24T06:30:15,429  INFO [pool-337-thread-1] exec.FileSinkOperator: FS[6]: records written - 1
2024-04-24T06:30:15,429  INFO [pool-337-thread-1] impl.PhysicalFsWriter: ORC writer created for path: file:/home/alex/Repositories/hive/ql/target/tmp/org.apache.hadoop.hive.ql.TestTxnCommands-1713965238357/warehouse/target/delta_0000001_0000001_0000/bucket_00001_0 with stripeSize: 8388608 blockSize: 268435456 compression: Compress: ZLIB buffer: 32768
2024-04-24T06:30:15,434  INFO [pool-337-thread-1] impl.WriterImpl: ORC writer created for path: file:/home/alex/Repositories/hive/ql/target/tmp/org.apache.hadoop.hive.ql.TestTxnCommands-1713965238357/warehouse/target/delta_0000001_0000001_0000/bucket_00001_0 with stripeSize: 8388608 options: Compress: ZLIB buffer: 32768
2024-04-24T06:30:15,434  INFO [pool-337-thread-1] exec.SelectOperator: Closing Operator: SEL[5]
2024-04-24T06:30:15,434  INFO [pool-337-thread-1] exec.SelectOperator: RECORDS_OUT_OPERATOR_SEL_5:2, RECORDS_OUT_INTERMEDIATE:0, 
2024-04-24T06:30:15,434  INFO [pool-337-thread-1] exec.FileSinkOperator: Closing Operator: FS[6]
2024-04-24T06:30:15,434  INFO [pool-337-thread-1] exec.FileSinkOperator: FS[6]: records written - 2
2024-04-24T06:30:15,436  INFO [pool-337-thread-1] FileOperations: Writing manifest to file:/home/alex/Repositories/hive/ql/target/tmp/org.apache.hadoop.hive.ql.TestTxnCommands-1713965238357/warehouse/target/_tmp.delta_0000001_0000001_0000/000001_0.manifest with [file:/home/alex/Repositories/hive/ql/target/tmp/org.apache.hadoop.hive.ql.TestTxnCommands-1713965238357/warehouse/target/delta_0000001_0000001_0000/bucket_00001_0]
2024-04-24T06:30:15,446  INFO [pool-337-thread-1] exec.FileSinkOperator: RECORDS_OUT_1_default.target:2, RECORDS_OUT_INTERMEDIATE:0, RECORDS_OUT_OPERATOR_FS_6:2, TOTAL_TABLE_ROWS_WRITTEN:2, 
2024-04-24T06:30:15,446  INFO [pool-337-thread-1] mapred.Task: Task:attempt_local510300204_0068_r_000001_0 is done. And is in the process of committing
2024-04-24T06:30:15,447  INFO [pool-337-thread-1] mapred.LocalJobRunner: reduce > reduce
2024-04-24T06:30:15,447  INFO [pool-337-thread-1] mapred.Task: Task 'attempt_local510300204_0068_r_000001_0' done.
2024-04-24T06:30:15,447  INFO [pool-337-thread-1] mapred.Task: Final Counters for attempt_local510300204_0068_r_000001_0: Counters: 35
	File System Counters
		FILE: Number of bytes read=1404995
		FILE: Number of bytes written=80175622
		FILE: Number of read operations=0
		FILE: Number of large read operations=0
		FILE: Number of write operations=0
		HDFS: Number of bytes read=0
		HDFS: Number of bytes written=0
		HDFS: Number of read operations=0
		HDFS: Number of large read operations=0
		HDFS: Number of write operations=0
	Map-Reduce Framework
		Combine input records=0
		Combine output records=0
		Reduce input groups=1
		Reduce shuffle bytes=44
		Reduce input records=2
		Reduce output records=0
		Spilled Records=2
		Shuffled Maps =1
		Failed Shuffles=0
		Merged Map outputs=1
		GC time elapsed (ms)=0
		Total committed heap usage (bytes)=1340604416
	HIVE
		CREATED_FILES=1
		RECORDS_OUT_1_default.target=2
		RECORDS_OUT_INTERMEDIATE=0
		RECORDS_OUT_OPERATOR_FS_6=2
		RECORDS_OUT_OPERATOR_SEL_5=2
		TOTAL_TABLE_ROWS_WRITTEN=2
	Shuffle Errors
		BAD_ID=0
		CONNECTION=0
		IO_ERROR=0
		WRONG_LENGTH=0
		WRONG_MAP=0
		WRONG_REDUCE=0
	File Output Format Counters 
		Bytes Written=0
2024-04-24T06:30:15,447  INFO [pool-337-thread-1] mapred.LocalJobRunner: Finishing task: attempt_local510300204_0068_r_000001_0
2024-04-24T06:30:15,447  INFO [Thread-5805] mapred.LocalJobRunner: reduce task executor complete.
2024-04-24T06:30:15,480  INFO [HiveClientCache-cleaner-0] HiveMetaStore.audit: ugi=alex	ip=unknown-ip-addr	cmd=Done cleaning up thread local RawStore	
2024-04-24T06:30:15,480  INFO [HiveClientCache-cleaner-0] metastore.HiveMetaStoreClient: Closed a connection to metastore, current connections: -12
2024-04-24 06:30:16,341 Stage-1 map = 100%,  reduce = 100%
2024-04-24T06:30:16,341  INFO [main] exec.Task: 2024-04-24 06:30:16,341 Stage-1 map = 100%,  reduce = 100%
Ended Job = job_local510300204_0068
2024-04-24T06:30:16,341  INFO [main] exec.Task: Ended Job = job_local510300204_0068
2024-04-24T06:30:16,342  INFO [main] FileOperations: Found manifest file file:/home/alex/Repositories/hive/ql/target/tmp/org.apache.hadoop.hive.ql.TestTxnCommands-1713965238357/warehouse/target/_tmp.delta_0000001_0000001_0000/000001_0.manifest with attemptId 0.
2024-04-24T06:30:16,342  INFO [main] FileOperations: Found manifest file file:/home/alex/Repositories/hive/ql/target/tmp/org.apache.hadoop.hive.ql.TestTxnCommands-1713965238357/warehouse/target/_tmp.delta_0000001_0000001_0000/000000_0.manifest with attemptId 0.
2024-04-24T06:30:16,342  INFO [main] FileOperations: Looking at manifest file: file:/home/alex/Repositories/hive/ql/target/tmp/org.apache.hadoop.hive.ql.TestTxnCommands-1713965238357/warehouse/target/_tmp.delta_0000001_0000001_0000/000001_0.manifest
2024-04-24T06:30:16,342  INFO [main] FileOperations: Looking at manifest file: file:/home/alex/Repositories/hive/ql/target/tmp/org.apache.hadoop.hive.ql.TestTxnCommands-1713965238357/warehouse/target/_tmp.delta_0000001_0000001_0000/000000_0.manifest
2024-04-24T06:30:16,343  INFO [main] FileOperations: Deleting manifest directory file:/home/alex/Repositories/hive/ql/target/tmp/org.apache.hadoop.hive.ql.TestTxnCommands-1713965238357/warehouse/target/_tmp.delta_0000001_0000001_0000
2024-04-24T06:30:16,344  INFO [main] ql.Driver: Starting task [Stage-0:MOVE] in serial mode
Loading data to table default.target
2024-04-24T06:30:16,344  INFO [main] exec.Task: Loading data to table default.target from file:/home/alex/Repositories/hive/ql/target/tmp/org.apache.hadoop.hive.ql.TestTxnCommands-1713965238357/warehouse/target
2024-04-24T06:30:16,344  INFO [main] HiveMetaStore.audit: ugi=alex	ip=unknown-ip-addr	cmd=get_table : tbl=hive.default.target	
2024-04-24T06:30:16,352  INFO [main] metastore.HMSHandler: Skipping translation for processor with null
2024-04-24T06:30:16,352  INFO [main] HiveMetaStore.audit: ugi=alex	ip=unknown-ip-addr	cmd=get_table : tbl=hive.default.target	
2024-04-24T06:30:16,357  INFO [main] metastore.HMSHandler: Skipping translation for processor with null
2024-04-24T06:30:16,358  INFO [main] HiveMetaStore.audit: ugi=alex	ip=unknown-ip-addr	cmd=alter_table: hive.default.target newtbl=target	
2024-04-24T06:30:16,380  INFO [main] ql.Driver: Starting task [Stage-2:STATS] in serial mode
2024-04-24T06:30:16,380  INFO [main] HiveMetaStore.audit: ugi=alex	ip=unknown-ip-addr	cmd=get_table : tbl=hive.default.target	
2024-04-24T06:30:16,386  INFO [main] metastore.HMSHandler: Skipping translation for processor with null
2024-04-24T06:30:16,386  INFO [main] stats.BasicStatsTask: Executing stats task
2024-04-24T06:30:16,386  INFO [main] fs.FSStatsPublisher: created : file:/home/alex/Repositories/hive/ql/target/tmp/localscratchdir/8e173e42-dbce-4208-8a17-ca742c9a75ac/hive_2024-04-24_06-30-14_857_2284603321634025806-1/-mr-10000
2024-04-24T06:30:16,388  INFO [main] HiveMetaStore.audit: ugi=alex	ip=unknown-ip-addr	cmd=get_table : tbl=hive.default.target	
2024-04-24T06:30:16,393  INFO [main] metastore.HMSHandler: Skipping translation for processor with null
2024-04-24T06:30:16,404  WARN [main] FileOperations: Computing stats for an ACID table; stats may be inaccurate
2024-04-24T06:30:16,404  INFO [main] FileOperations: Read stats for default.target/, numRows, true, 3, false: 
2024-04-24T06:30:16,404  INFO [main] FileOperations: Read stats for default.target/, rawDataSize, true, 0, false: 
2024-04-24T06:30:16,404  INFO [main] HiveMetaStore.audit: ugi=alex	ip=unknown-ip-addr	cmd=alter_table: hive.default.target newtbl=target	
2024-04-24T06:30:16,423  INFO [main] FileOperations: Read stats for default.target/, insertCount, true, 3, false: 
2024-04-24T06:30:16,423  INFO [main] FileOperations: Read stats for default.target/, updateCount, true, 0, false: 
2024-04-24T06:30:16,423  INFO [main] FileOperations: Read stats for default.target/, deleteCount, true, 0, false: 
2024-04-24T06:30:16,425  INFO [main] stats.BasicStatsTask: Table default.target stats: [numFiles=2, numRows=3, totalSize=1460, rawDataSize=0, numFilesErasureCoded=0]
2024-04-24T06:30:16,425  INFO [main] metadata.Hive: Dumping metastore api call timing information for : execution phase
2024-04-24T06:30:16,425  INFO [main] metadata.Hive: Total time spent in each metastore function (ms): {isCompatibleWith_(Configuration)=0, getTable_(GetTableRequest)=26, updateTransactionalStatistics_(UpdateTransactionalStatsRequest)=2, alter_table_(String, String, String, Table, EnvironmentContext, String)=41}
MapReduce Jobs Launched: 
2024-04-24T06:30:16,425  INFO [main] ql.Driver: MapReduce Jobs Launched: 
Stage-Stage-1:  HDFS Read: 0 HDFS Write: 0 SUCCESS
2024-04-24T06:30:16,426  INFO [main] ql.Driver: Stage-Stage-1:  HDFS Read: 0 HDFS Write: 0 SUCCESS
Total MapReduce CPU Time Spent: 0 msec
2024-04-24T06:30:16,426  INFO [main] ql.Driver: Total MapReduce CPU Time Spent: 0 msec
2024-04-24T06:30:16,426  INFO [main] ql.Driver: Completed executing command(queryId=alex_20240424063014_71df57e5-7609-4cb1-8a32-2b3832abe101); Time taken: 1.408 seconds
2024-04-24T06:30:16,426  INFO [main] lockmgr.DbTxnManager: Stopped heartbeat for query: alex_20240424063014_71df57e5-7609-4cb1-8a32-2b3832abe101
2024-04-24T06:30:16,435  INFO [main] txn.TxnHandler: Removed transactions: ([20]) from MIN_HISTORY_LEVEL
2024-04-24T06:30:16,435  WARN [main] txn.CompactionTxnHandler: No compaction queue record found for Compaction type transaction commit. txnId:20
2024-04-24T06:30:16,435  INFO [main] ql.TxnCommandsBaseForTests: Running the query: insert into source  values(1,7),(3,8)
2024-04-24T06:30:16,435  INFO [main] ql.Context: Deleting scratch dir: file:/home/alex/Repositories/hive/ql/target/tmp/localscratchdir/8e173e42-dbce-4208-8a17-ca742c9a75ac/hive_2024-04-24_06-30-14_857_2284603321634025806-1
2024-04-24T06:30:16,436  INFO [main] cleanup.SyncCleanupService: Deleted directory: file:/home/alex/Repositories/hive/ql/target/tmp/localscratchdir/8e173e42-dbce-4208-8a17-ca742c9a75ac/hive_2024-04-24_06-30-14_857_2284603321634025806-1 on fs with scheme file
2024-04-24T06:30:16,436  INFO [main] ql.Driver: Compiling command(queryId=alex_20240424063016_59b8b4ef-4075-43ee-81f3-f23fdf9d3f44): insert into source  values(1,7),(3,8)
2024-04-24T06:30:16,438  INFO [main] txn.TxnHandler: Added entries to MIN_HISTORY_LEVEL for current txns: ([21]) with min_open_txn: 21
2024-04-24T06:30:16,438  INFO [main] lockmgr.DbTxnManager: Opened txnid:21
2024-04-24T06:30:16,439  INFO [main] parse.CalcitePlanner: Starting caching scope for: 
2024-04-24T06:30:16,439  INFO [main] parse.CalcitePlanner: Starting Semantic Analysis
2024-04-24T06:30:16,441  INFO [main] HiveMetaStore.audit: ugi=alex	ip=unknown-ip-addr	cmd=get_table : tbl=hive.default.source	
2024-04-24T06:30:16,459  INFO [main] metastore.HMSHandler: Skipping translation for processor with null
2024-04-24T06:30:16,460  INFO [main] parse.CalcitePlanner: Completed phase 1 of Semantic Analysis
2024-04-24T06:30:16,460  INFO [main] parse.CalcitePlanner: Get metadata for source tables
2024-04-24T06:30:16,460  INFO [main] parse.CalcitePlanner: Get metadata for subqueries
2024-04-24T06:30:16,460  INFO [main] parse.CalcitePlanner: Get metadata for destination tables
2024-04-24T06:30:16,460  INFO [main] HiveMetaStore.audit: ugi=alex	ip=unknown-ip-addr	cmd=get_table : tbl=hive.default.source	
2024-04-24T06:30:16,467  INFO [main] metastore.HMSHandler: Skipping translation for processor with null
2024-04-24T06:30:16,467  INFO [main] parse.CalcitePlanner: Completed getting MetaData in Semantic Analysis
2024-04-24T06:30:16,467  INFO [main] parse.CalcitePlanner: Disabling LLAP IO encode as ETL query is detected
2024-04-24T06:30:16,486  INFO [main] HiveMetaStore.audit: ugi=alex	ip=unknown-ip-addr	cmd=get_all_table_constraints : tbl=hive._dummy_database._dummy_table	
2024-04-24T06:30:16,531  INFO [main] parse.CalcitePlanner: Get metadata for source tables
2024-04-24T06:30:16,531  INFO [main] parse.CalcitePlanner: Get metadata for subqueries
2024-04-24T06:30:16,531  INFO [main] parse.CalcitePlanner: Get metadata for source tables
2024-04-24T06:30:16,532  INFO [main] HiveMetaStore.audit: ugi=alex	ip=unknown-ip-addr	cmd=get_table : tbl=hive._dummy_database._dummy_table	
2024-04-24T06:30:16,534  INFO [main] parse.CalcitePlanner: Get metadata for subqueries
2024-04-24T06:30:16,534  INFO [main] parse.CalcitePlanner: Get metadata for destination tables
2024-04-24T06:30:16,534  INFO [main] parse.CalcitePlanner: Get metadata for destination tables
2024-04-24T06:30:16,534  INFO [main] HiveMetaStore.audit: ugi=alex	ip=unknown-ip-addr	cmd=get_table : tbl=hive.default.source	
2024-04-24T06:30:16,542  INFO [main] metastore.HMSHandler: Skipping translation for processor with null
2024-04-24T06:30:16,544  INFO [main] common.FileUtils: Creating directory if it doesn't exist: file:/home/alex/Repositories/hive/ql/target/tmp/org.apache.hadoop.hive.ql.TestTxnCommands-1713965238357/warehouse/source/.hive-staging_hive_2024-04-24_06-30-16_436_4942957338466338361-1
2024-04-24T06:30:16,546  INFO [main] HiveMetaStore.audit: ugi=alex	ip=unknown-ip-addr	cmd=get_not_null_constraints : tbl=hive.default.source	
2024-04-24T06:30:16,547  INFO [main] HiveMetaStore.audit: ugi=alex	ip=unknown-ip-addr	cmd=get_check_constraints : tbl=hive.default.source	
2024-04-24T06:30:16,549  INFO [main] parse.CalcitePlanner: CBO Succeeded; optimized logical plan.
2024-04-24T06:30:16,551  INFO [main] optimizer.BucketVersionPopulator: not considering bucketingVersion for: TS[0] because it has -1<2 buckets 
2024-04-24T06:30:16,551  INFO [main] optimizer.SortedDynPartitionOptimizer: Sorted dynamic partitioning optimization kicked in..
2024-04-24T06:30:16,559  INFO [main] HiveMetaStore.audit: ugi=alex	ip=unknown-ip-addr	cmd=get_table : tbl=hive.default.source	
2024-04-24T06:30:16,568  INFO [main] metastore.HMSHandler: Skipping translation for processor with null
2024-04-24T06:30:16,568  INFO [main] optimizer.GenMRFileSink1: using CombineHiveInputformat for the merge job
2024-04-24T06:30:16,569  INFO [main] HiveMetaStore.audit: ugi=alex	ip=unknown-ip-addr	cmd=get_table : tbl=hive.default.source	
2024-04-24T06:30:16,577  INFO [main] metastore.HMSHandler: Skipping translation for processor with null
2024-04-24T06:30:16,591  INFO [main] parse.CalcitePlanner: Completed plan generation
2024-04-24T06:30:16,591  INFO [main] parse.CalcitePlanner: Ending caching scope for: 
2024-04-24T06:30:16,591  INFO [main] ql.Driver: Semantic Analysis Completed (retrial = false)
2024-04-24T06:30:16,592  INFO [main] ql.Driver: Created Hive schema: Schema(fieldSchemas:[FieldSchema(name:col1, type:int, comment:null), FieldSchema(name:col2, type:int, comment:null)], properties:null)
2024-04-24T06:30:16,592  INFO [main] metadata.Hive: Dumping metastore api call timing information for : compilation phase
2024-04-24T06:30:16,592  INFO [main] metadata.Hive: Total time spent in each metastore function (ms): {isCompatibleWith_(Configuration)=1, openTxn_(String, TxnType)=1, getAllTableConstraints_(AllTableConstraintsRequest)=4, commitTxn_(CommitTxnRequest)=9, getNotNullConstraints_(NotNullConstraintsRequest)=1, flushCache_()=0, getValidWriteIds_(List, String)=3, getTable_(GetTableRequest)=51, getCheckConstraints_(CheckConstraintsRequest)=1, getValidTxns_(long)=1}
2024-04-24T06:30:16,592  INFO [main] ql.Driver: Completed compiling command(queryId=alex_20240424063016_59b8b4ef-4075-43ee-81f3-f23fdf9d3f44); Time taken: 0.156 seconds
2024-04-24T06:30:16,592  INFO [main] lockmgr.DbTxnManager: Setting lock request transaction to txnid:21 for queryId=alex_20240424063016_59b8b4ef-4075-43ee-81f3-f23fdf9d3f44
2024-04-24T06:30:16,592  INFO [main] lockmgr.DbLockManager: Requesting lock for queryId=alex_20240424063016_59b8b4ef-4075-43ee-81f3-f23fdf9d3f44
2024-04-24T06:30:16,605  INFO [main] lockmgr.DbLockManager: Response to queryId=alex_20240424063016_59b8b4ef-4075-43ee-81f3-f23fdf9d3f44 LockResponse(lockid:12, state:ACQUIRED)
2024-04-24T06:30:16,605  INFO [main] ql.Driver: Operation QUERY obtained 1 locks
2024-04-24T06:30:16,605  INFO [main] ql.Driver: Executing command(queryId=alex_20240424063016_59b8b4ef-4075-43ee-81f3-f23fdf9d3f44): insert into source  values(1,7),(3,8)
2024-04-24T06:30:16,606  WARN [main] ql.Driver: Hive-on-MR is deprecated in Hive 2 and may not be available in the future versions. Consider using a different execution engine (i.e. tez, spark) or using Hive 1.X releases.
Query ID = alex_20240424063016_59b8b4ef-4075-43ee-81f3-f23fdf9d3f44
2024-04-24T06:30:16,606  INFO [main] ql.Driver: Query ID = alex_20240424063016_59b8b4ef-4075-43ee-81f3-f23fdf9d3f44
Total jobs = 3
2024-04-24T06:30:16,606  INFO [main] ql.Driver: Total jobs = 3
Launching Job 1 out of 3
2024-04-24T06:30:16,606  INFO [main] ql.Driver: Launching Job 1 out of 3
2024-04-24T06:30:16,728  INFO [main] ql.Driver: Starting task [Stage-1:MAPRED] in serial mode
Number of reduce tasks is set to 0 since there's no reduce operator
2024-04-24T06:30:16,729  INFO [main] exec.Task: Number of reduce tasks is set to 0 since there's no reduce operator
2024-04-24T06:30:16,731  INFO [main] mr.ExecDriver: Using org.apache.hadoop.hive.ql.io.HiveInputFormat
2024-04-24T06:30:16,731  INFO [main] exec.Utilities: Processing alias $hdt$_0:_dummy_table
2024-04-24T06:30:16,731  INFO [main] exec.Utilities: Adding 1 inputs; the first input is file:/home/alex/Repositories/hive/ql/target/tmp/localscratchdir/8e173e42-dbce-4208-8a17-ca742c9a75ac/hive_2024-04-24_06-30-16_436_4942957338466338361-1/dummy_path
2024-04-24T06:30:16,740  INFO [main] exec.SerializationUtilities: Serializing MapWork using kryo
2024-04-24T06:30:16,740  INFO [main] exec.Utilities: Serialized plan (via FILE) - name: null size: 5,68KB
2024-04-24T06:30:16,741  WARN [main] impl.MetricsSystemImpl: JobTracker metrics system already initialized!
2024-04-24T06:30:16,744  INFO [main] fs.FSStatsPublisher: created : file:/home/alex/Repositories/hive/ql/target/tmp/localscratchdir/8e173e42-dbce-4208-8a17-ca742c9a75ac/hive_2024-04-24_06-30-16_436_4942957338466338361-1/-mr-10001
2024-04-24T06:30:16,748  WARN [main] impl.MetricsSystemImpl: JobTracker metrics system already initialized!
2024-04-24T06:30:16,755  WARN [main] mapreduce.JobResourceUploader: Hadoop command-line option parsing not performed. Implement the Tool interface and execute your application with ToolRunner to remedy this.
2024-04-24T06:30:16,759  WARN [main] mapreduce.JobResourceUploader: No job jar file set.  User classes may not be found. See Job or Job#setJar(String).
2024-04-24T06:30:16,760  INFO [main] io.HiveInputFormat: hive.io.file.readcolumn.ids = 
2024-04-24T06:30:16,760  INFO [main] io.HiveInputFormat: hive.io.file.readcolumn.names = 
2024-04-24T06:30:16,760  INFO [main] io.HiveInputFormat: Generating splits for dirs: file:/home/alex/Repositories/hive/ql/target/tmp/localscratchdir/8e173e42-dbce-4208-8a17-ca742c9a75ac/hive_2024-04-24_06-30-16_436_4942957338466338361-1/dummy_path
2024-04-24T06:30:16,760  INFO [main] io.HiveInputFormat: number of splits 1
2024-04-24T06:30:16,778  INFO [main] mapreduce.JobSubmitter: number of splits:1
2024-04-24T06:30:16,797  INFO [main] mapreduce.JobSubmitter: Submitting tokens for job: job_local1159671055_0069
2024-04-24T06:30:16,797  INFO [main] mapreduce.JobSubmitter: Executing with tokens: []
2024-04-24T06:30:16,854  INFO [main] mapreduce.Job: The url to track the job: http://localhost:8080/
Job running in-process (local Hadoop)
2024-04-24T06:30:16,854  INFO [main] exec.Task: Job running in-process (local Hadoop)
2024-04-24T06:30:16,854  INFO [Thread-5879] mapred.LocalJobRunner: OutputCommitter set in config org.apache.hadoop.hive.ql.io.HiveFileFormatUtils$NullOutputCommitter
2024-04-24T06:30:16,854  INFO [Thread-5879] mapred.LocalJobRunner: OutputCommitter is org.apache.hadoop.hive.ql.io.HiveFileFormatUtils$NullOutputCommitter
2024-04-24T06:30:16,856  INFO [Thread-5879] mapred.LocalJobRunner: Waiting for map tasks
2024-04-24T06:30:16,856  INFO [LocalJobRunner Map Task Executor #0] mapred.LocalJobRunner: Starting task: attempt_local1159671055_0069_m_000000_0
2024-04-24T06:30:16,856  INFO [LocalJobRunner Map Task Executor #0] mapred.Task:  Using ResourceCalculatorProcessTree : [ ]
2024-04-24T06:30:16,857  INFO [LocalJobRunner Map Task Executor #0] mapred.MapTask: Processing split: org.apache.hadoop.hive.ql.io.NullRowsInputFormat:file:/home/alex/Repositories/hive/ql/target/tmp/localscratchdir/8e173e42-dbce-4208-8a17-ca742c9a75ac/hive_2024-04-24_06-30-16_436_4942957338466338361-1/dummy_path/null:0+1
2024-04-24T06:30:16,857  INFO [LocalJobRunner Map Task Executor #0] exec.SerializationUtilities: Deserializing MapWork using kryo
2024-04-24T06:30:16,857  INFO [LocalJobRunner Map Task Executor #0] exec.Utilities: Deserialized plan (via FILE) - name: null size: 5,68KB
2024-04-24T06:30:16,858  INFO [LocalJobRunner Map Task Executor #0] mapred.MapTask: numReduceTasks: 0
2024-04-24T06:30:16,858  INFO [LocalJobRunner Map Task Executor #0] exec.MapOperator: Initializing Operator: MAP[0]
2024-04-24T06:30:16,858  INFO [LocalJobRunner Map Task Executor #0] mr.ExecMapper: 
<MAP>Id =0
  <Children>null
  <\Children>
  <Parent><\Parent>
<\MAP>
2024-04-24T06:30:16,859  INFO [LocalJobRunner Map Task Executor #0] exec.TableScanOperator: Initializing Operator: TS[0]
2024-04-24T06:30:16,859  INFO [LocalJobRunner Map Task Executor #0] exec.SelectOperator: Initializing Operator: SEL[1]
2024-04-24T06:30:16,859  INFO [LocalJobRunner Map Task Executor #0] exec.SelectOperator: SELECT null
2024-04-24T06:30:16,859  INFO [LocalJobRunner Map Task Executor #0] exec.UDTFOperator: Initializing Operator: UDTF[2]
2024-04-24T06:30:16,859  INFO [LocalJobRunner Map Task Executor #0] exec.SelectOperator: Initializing Operator: SEL[3]
2024-04-24T06:30:16,859  INFO [LocalJobRunner Map Task Executor #0] exec.SelectOperator: SELECT struct<col1:int,col2:int>
2024-04-24T06:30:16,859  INFO [LocalJobRunner Map Task Executor #0] exec.FileSinkOperator: Initializing Operator: FS[4]
2024-04-24T06:30:16,860  INFO [LocalJobRunner Map Task Executor #0] exec.FileSinkOperator: Using serializer : class org.apache.hadoop.hive.serde2.lazy.LazySimpleSerDe [serdeParams=org.apache.hadoop.hive.serde2.lazy.LazySerDeParameters@25fd5f31, cachedObjectInspector=org.apache.hadoop.hive.serde2.lazy.objectinspector.LazySimpleStructObjectInspector<org.apache.hadoop.hive.serde2.lazy.objectinspector.primitive.LazyIntObjectInspector@4582da06,org.apache.hadoop.hive.serde2.lazy.objectinspector.primitive.LazyIntObjectInspector@4582da06>, serializedSize=0, stats=org.apache.hadoop.hive.serde2.SerDeStats@7cdbcf2b, lastOperationSerialize=false, lastOperationDeserialize=false [1, 2, 3, 4, 5, 6, 7, 8] : [key, data] : [int, int]] and formatter : org.apache.hadoop.hive.ql.io.HiveIgnoreKeyTextOutputFormat@740c70c1
2024-04-24T06:30:16,860  INFO [LocalJobRunner Map Task Executor #0] exec.FileSinkOperator: Final Path: FS file:/home/alex/Repositories/hive/ql/target/tmp/org.apache.hadoop.hive.ql.TestTxnCommands-1713965238357/warehouse/source/.hive-staging_hive_2024-04-24_06-30-16_436_4942957338466338361-1/_tmp.-ext-10002/000000_0
2024-04-24T06:30:16,860  INFO [LocalJobRunner Map Task Executor #0] exec.FileSinkOperator: Writing to temp file: FS file:/home/alex/Repositories/hive/ql/target/tmp/org.apache.hadoop.hive.ql.TestTxnCommands-1713965238357/warehouse/source/.hive-staging_hive_2024-04-24_06-30-16_436_4942957338466338361-1/_task_tmp.-ext-10002/_tmp.000000_0
2024-04-24T06:30:16,860  INFO [LocalJobRunner Map Task Executor #0] exec.FileSinkOperator: New Final Path: FS file:/home/alex/Repositories/hive/ql/target/tmp/org.apache.hadoop.hive.ql.TestTxnCommands-1713965238357/warehouse/source/.hive-staging_hive_2024-04-24_06-30-16_436_4942957338466338361-1/_tmp.-ext-10002/000000_0
2024-04-24T06:30:16,867  INFO [LocalJobRunner Map Task Executor #0] exec.FileSinkOperator: FS[4]: records written - 1
2024-04-24T06:30:16,867  INFO [LocalJobRunner Map Task Executor #0] exec.MapOperator: MAP[0]: records read - 1
2024-04-24T06:30:16,867  INFO [LocalJobRunner Map Task Executor #0] exec.MapOperator: Closing Operator: MAP[0]
2024-04-24T06:30:16,867  INFO [LocalJobRunner Map Task Executor #0] exec.MapOperator: MAP[0]: Total records read - 3. abort - false
2024-04-24T06:30:16,867  INFO [LocalJobRunner Map Task Executor #0] exec.MapOperator: RECORDS_OUT_OPERATOR_MAP_0:0, RECORDS_IN:3, DESERIALIZE_ERRORS:0, RECORDS_OUT_INTERMEDIATE:0, 
2024-04-24T06:30:16,867  INFO [LocalJobRunner Map Task Executor #0] exec.TableScanOperator: Closing Operator: TS[0]
2024-04-24T06:30:16,867  INFO [LocalJobRunner Map Task Executor #0] exec.TableScanOperator: RECORDS_OUT_OPERATOR_TS_0:1, RECORDS_OUT_INTERMEDIATE:0, 
2024-04-24T06:30:16,867  INFO [LocalJobRunner Map Task Executor #0] exec.SelectOperator: Closing Operator: SEL[1]
2024-04-24T06:30:16,867  INFO [LocalJobRunner Map Task Executor #0] exec.SelectOperator: RECORDS_OUT_INTERMEDIATE:0, RECORDS_OUT_OPERATOR_SEL_1:1, 
2024-04-24T06:30:16,867  INFO [LocalJobRunner Map Task Executor #0] exec.UDTFOperator: Closing Operator: UDTF[2]
2024-04-24T06:30:16,867  INFO [LocalJobRunner Map Task Executor #0] exec.UDTFOperator: RECORDS_OUT_INTERMEDIATE:0, RECORDS_OUT_OPERATOR_UDTF_2:2, 
2024-04-24T06:30:16,867  INFO [LocalJobRunner Map Task Executor #0] exec.SelectOperator: Closing Operator: SEL[3]
2024-04-24T06:30:16,867  INFO [LocalJobRunner Map Task Executor #0] exec.SelectOperator: RECORDS_OUT_INTERMEDIATE:0, RECORDS_OUT_OPERATOR_SEL_3:2, 
2024-04-24T06:30:16,867  INFO [LocalJobRunner Map Task Executor #0] exec.FileSinkOperator: Closing Operator: FS[4]
2024-04-24T06:30:16,868  INFO [LocalJobRunner Map Task Executor #0] exec.FileSinkOperator: FS[4]: records written - 2
2024-04-24T06:30:16,872  INFO [LocalJobRunner Map Task Executor #0] exec.FileSinkOperator: RECORDS_OUT_OPERATOR_FS_4:2, RECORDS_OUT_1_default.source:2, TOTAL_TABLE_ROWS_WRITTEN:2, RECORDS_OUT_INTERMEDIATE:0, 
2024-04-24T06:30:16,873  INFO [LocalJobRunner Map Task Executor #0] mapred.LocalJobRunner: 
2024-04-24T06:30:16,873  INFO [LocalJobRunner Map Task Executor #0] mapred.Task: Task:attempt_local1159671055_0069_m_000000_0 is done. And is in the process of committing
2024-04-24T06:30:16,874  INFO [LocalJobRunner Map Task Executor #0] mapred.LocalJobRunner: map
2024-04-24T06:30:16,874  INFO [LocalJobRunner Map Task Executor #0] mapred.Task: Task 'attempt_local1159671055_0069_m_000000_0' done.
2024-04-24T06:30:16,874  INFO [LocalJobRunner Map Task Executor #0] mapred.Task: Final Counters for attempt_local1159671055_0069_m_000000_0: Counters: 32
	File System Counters
		FILE: Number of bytes read=1411769
		FILE: Number of bytes written=81348301
		FILE: Number of read operations=0
		FILE: Number of large read operations=0
		FILE: Number of write operations=0
		HDFS: Number of bytes read=0
		HDFS: Number of bytes written=0
		HDFS: Number of read operations=0
		HDFS: Number of large read operations=0
		HDFS: Number of write operations=0
	Map-Reduce Framework
		Map input records=4
		Map output records=0
		Input split bytes=361
		Spilled Records=0
		Failed Shuffles=0
		Merged Map outputs=0
		GC time elapsed (ms)=0
		Total committed heap usage (bytes)=1340604416
	HIVE
		CREATED_FILES=1
		DESERIALIZE_ERRORS=0
		RECORDS_IN=3
		RECORDS_OUT_1_default.source=2
		RECORDS_OUT_INTERMEDIATE=0
		RECORDS_OUT_OPERATOR_FS_4=2
		RECORDS_OUT_OPERATOR_MAP_0=0
		RECORDS_OUT_OPERATOR_SEL_1=1
		RECORDS_OUT_OPERATOR_SEL_3=2
		RECORDS_OUT_OPERATOR_TS_0=1
		RECORDS_OUT_OPERATOR_UDTF_2=2
		TOTAL_TABLE_ROWS_WRITTEN=2
	File Input Format Counters 
		Bytes Read=5735
	File Output Format Counters 
		Bytes Written=0
2024-04-24T06:30:16,874  INFO [LocalJobRunner Map Task Executor #0] mapred.LocalJobRunner: Finishing task: attempt_local1159671055_0069_m_000000_0
2024-04-24T06:30:16,874  INFO [Thread-5879] mapred.LocalJobRunner: map task executor complete.
2024-04-24 06:30:17,856 Stage-1 map = 100%,  reduce = 0%
2024-04-24T06:30:17,856  INFO [main] exec.Task: 2024-04-24 06:30:17,856 Stage-1 map = 100%,  reduce = 0%
Ended Job = job_local1159671055_0069
2024-04-24T06:30:17,857  INFO [main] exec.Task: Ended Job = job_local1159671055_0069
2024-04-24T06:30:17,860  INFO [main] ql.Driver: Starting task [Stage-7:CONDITIONAL] in serial mode
Stage-4 is selected by condition resolver.
2024-04-24T06:30:17,861  INFO [main] exec.Task: Stage-4 is selected by condition resolver.
Stage-3 is filtered out by condition resolver.
2024-04-24T06:30:17,861  INFO [main] exec.Task: Stage-3 is filtered out by condition resolver.
Stage-5 is filtered out by condition resolver.
2024-04-24T06:30:17,861  INFO [main] exec.Task: Stage-5 is filtered out by condition resolver.
2024-04-24T06:30:17,861  INFO [main] ql.Driver: Starting task [Stage-4:MOVE] in serial mode
Moving data to directory file:/home/alex/Repositories/hive/ql/target/tmp/org.apache.hadoop.hive.ql.TestTxnCommands-1713965238357/warehouse/source/.hive-staging_hive_2024-04-24_06-30-16_436_4942957338466338361-1/-ext-10000
2024-04-24T06:30:17,861  INFO [main] exec.Task: Moving data to directory file:/home/alex/Repositories/hive/ql/target/tmp/org.apache.hadoop.hive.ql.TestTxnCommands-1713965238357/warehouse/source/.hive-staging_hive_2024-04-24_06-30-16_436_4942957338466338361-1/-ext-10000 from file:/home/alex/Repositories/hive/ql/target/tmp/org.apache.hadoop.hive.ql.TestTxnCommands-1713965238357/warehouse/source/.hive-staging_hive_2024-04-24_06-30-16_436_4942957338466338361-1/-ext-10002
2024-04-24T06:30:17,861  INFO [main] ql.Driver: Starting task [Stage-0:MOVE] in serial mode
Loading data to table default.source
2024-04-24T06:30:17,861  INFO [main] exec.Task: Loading data to table default.source from file:/home/alex/Repositories/hive/ql/target/tmp/org.apache.hadoop.hive.ql.TestTxnCommands-1713965238357/warehouse/source/.hive-staging_hive_2024-04-24_06-30-16_436_4942957338466338361-1/-ext-10000
2024-04-24T06:30:17,861  INFO [main] HiveMetaStore.audit: ugi=alex	ip=unknown-ip-addr	cmd=get_table : tbl=hive.default.source	
2024-04-24T06:30:17,870  INFO [main] metastore.HMSHandler: Skipping translation for processor with null
2024-04-24T06:30:17,870  INFO [main] HiveMetaStore.audit: ugi=alex	ip=unknown-ip-addr	cmd=get_table : tbl=hive.default.source	
2024-04-24T06:30:17,878  INFO [main] metastore.HMSHandler: Skipping translation for processor with null
2024-04-24T06:30:17,879  WARN [main] metadata.Hive: Cannot get a table snapshot for source
2024-04-24T06:30:17,879  INFO [main] HiveMetaStore.audit: ugi=alex	ip=unknown-ip-addr	cmd=alter_table: hive.default.source newtbl=source	
2024-04-24T06:30:17,900  INFO [main] ql.Driver: Starting task [Stage-2:STATS] in serial mode
2024-04-24T06:30:17,900  INFO [main] HiveMetaStore.audit: ugi=alex	ip=unknown-ip-addr	cmd=get_table : tbl=hive.default.source	
2024-04-24T06:30:17,907  INFO [main] metastore.HMSHandler: Skipping translation for processor with null
2024-04-24T06:30:17,907  INFO [main] stats.BasicStatsTask: Executing stats task
2024-04-24T06:30:17,908  INFO [main] fs.FSStatsPublisher: created : file:/home/alex/Repositories/hive/ql/target/tmp/localscratchdir/8e173e42-dbce-4208-8a17-ca742c9a75ac/hive_2024-04-24_06-30-16_436_4942957338466338361-1/-mr-10001
2024-04-24T06:30:17,909  INFO [main] HiveMetaStore.audit: ugi=alex	ip=unknown-ip-addr	cmd=get_table : tbl=hive.default.source	
2024-04-24T06:30:17,916  INFO [main] metastore.HMSHandler: Skipping translation for processor with null
2024-04-24T06:30:17,917  INFO [main] FileOperations: Read stats for default.source/, numRows, true, 2, false: 
2024-04-24T06:30:17,917  INFO [main] FileOperations: Read stats for default.source/, rawDataSize, true, 6, false: 
2024-04-24T06:30:17,917  WARN [main] metadata.Hive: Cannot get a table snapshot for source
2024-04-24T06:30:17,917  INFO [main] HiveMetaStore.audit: ugi=alex	ip=unknown-ip-addr	cmd=alter_table: hive.default.source newtbl=source	
2024-04-24T06:30:17,938  INFO [main] stats.BasicStatsTask: Table default.source stats: [numFiles=1, numRows=2, totalSize=8, rawDataSize=6, numFilesErasureCoded=0]
2024-04-24T06:30:17,939  INFO [main] metadata.Hive: Dumping metastore api call timing information for : execution phase
2024-04-24T06:30:17,939  INFO [main] metadata.Hive: Total time spent in each metastore function (ms): {getTable_(GetTableRequest)=32, alter_table_(String, String, String, Table, EnvironmentContext, String)=42, isCompatibleWith_(Configuration)=0}
MapReduce Jobs Launched: 
2024-04-24T06:30:17,939  INFO [main] ql.Driver: MapReduce Jobs Launched: 
Stage-Stage-1:  HDFS Read: 0 HDFS Write: 0 SUCCESS
2024-04-24T06:30:17,939  INFO [main] ql.Driver: Stage-Stage-1:  HDFS Read: 0 HDFS Write: 0 SUCCESS
Total MapReduce CPU Time Spent: 0 msec
2024-04-24T06:30:17,939  INFO [main] ql.Driver: Total MapReduce CPU Time Spent: 0 msec
2024-04-24T06:30:17,939  INFO [main] ql.Driver: Completed executing command(queryId=alex_20240424063016_59b8b4ef-4075-43ee-81f3-f23fdf9d3f44); Time taken: 1.334 seconds
2024-04-24T06:30:17,939  INFO [main] lockmgr.DbTxnManager: Stopped heartbeat for query: alex_20240424063016_59b8b4ef-4075-43ee-81f3-f23fdf9d3f44
2024-04-24T06:30:17,943  INFO [main] txn.TxnHandler: Expected to move at least one record from txn_components to completed_txn_components when committing txn! txnid:21
2024-04-24T06:30:17,948  INFO [main] txn.TxnHandler: Removed transactions: ([21]) from MIN_HISTORY_LEVEL
2024-04-24T06:30:17,948  WARN [main] txn.CompactionTxnHandler: No compaction queue record found for Compaction type transaction commit. txnId:21
2024-04-24T06:30:17,949  INFO [main] ql.TxnCommandsBaseForTests: Running the query: merge into target t using (select curMatch.*, case when splitTable.op is null or splitTable.op = 0 then 0 else 1 end `o/p\n` from (select s.*, case when t.cur is null then 0 else 1 end m from source s left outer join (select * from target where target.cur=1) t on s.key=t.key) curMatch left outer join splitTable on curMatch.m=1) s on t.key=s.key and t.cur=1 and s.`o/p\n`=1 when matched then update set cur=0 when not matched then insert values(s.key,s.data,1)
2024-04-24T06:30:17,949  INFO [main] ql.Context: Deleting scratch dir: file:/home/alex/Repositories/hive/ql/target/tmp/localscratchdir/8e173e42-dbce-4208-8a17-ca742c9a75ac/hive_2024-04-24_06-30-16_436_4942957338466338361-1
2024-04-24T06:30:17,950  INFO [main] cleanup.SyncCleanupService: Deleted directory: file:/home/alex/Repositories/hive/ql/target/tmp/localscratchdir/8e173e42-dbce-4208-8a17-ca742c9a75ac/hive_2024-04-24_06-30-16_436_4942957338466338361-1 on fs with scheme file
2024-04-24T06:30:17,950  INFO [main] ql.Context: Deleting scratch dir: file:/home/alex/Repositories/hive/ql/target/tmp/org.apache.hadoop.hive.ql.TestTxnCommands-1713965238357/warehouse/source/.hive-staging_hive_2024-04-24_06-30-16_436_4942957338466338361-1
2024-04-24T06:30:17,950  INFO [main] cleanup.SyncCleanupService: Deleted directory: file:/home/alex/Repositories/hive/ql/target/tmp/org.apache.hadoop.hive.ql.TestTxnCommands-1713965238357/warehouse/source/.hive-staging_hive_2024-04-24_06-30-16_436_4942957338466338361-1 on fs with scheme file
2024-04-24T06:30:17,950  INFO [main] ql.Driver: Compiling command(queryId=alex_20240424063017_2d68115d-1f78-4869-ad2f-2499d9188c69): merge into target t using (select curMatch.*, case when splitTable.op is null or splitTable.op = 0 then 0 else 1 end `o/p\n` from (select s.*, case when t.cur is null then 0 else 1 end m from source s left outer join (select * from target where target.cur=1) t on s.key=t.key) curMatch left outer join splitTable on curMatch.m=1) s on t.key=s.key and t.cur=1 and s.`o/p\n`=1 when matched then update set cur=0 when not matched then insert values(s.key,s.data,1)
2024-04-24T06:30:17,953  INFO [main] txn.TxnHandler: Added entries to MIN_HISTORY_LEVEL for current txns: ([22]) with min_open_txn: 22
2024-04-24T06:30:17,953  INFO [main] lockmgr.DbTxnManager: Opened txnid:22
2024-04-24T06:30:17,954  INFO [main] parse.MergeSemanticAnalyzer: Starting caching scope for: 
2024-04-24T06:30:17,954  INFO [main] HiveMetaStore.audit: ugi=alex	ip=unknown-ip-addr	cmd=get_table : tbl=hive.default.target	
2024-04-24T06:30:17,960  INFO [main] metastore.HMSHandler: Skipping translation for processor with null
2024-04-24T06:30:17,962  INFO [main] HiveMetaStore.audit: ugi=alex	ip=unknown-ip-addr	cmd=get_table : tbl=hive.default.merge_tmp_table	
2024-04-24T06:30:17,965  INFO [main] utils.FileUtils: Creating directory if it doesn't exist: file:/home/alex/Repositories/hive/ql/target/tmp/scratchdir/alex/8e173e42-dbce-4208-8a17-ca742c9a75ac/_tmp_space.db/merge_tmp_table
2024-04-24T06:30:17,969  INFO [main] parse.RewriteSemanticAnalyzer: Going to reparse <merge into target t using (select curMatch.*, case when splitTable.op is null or splitTable.op = 0 then 0 else 1 end `o/p\n` from (select s.*, case when t.cur is null then 0 else 1 end m from source s left outer join (select * from target where target.cur=1) t on s.key=t.key) curMatch left outer join splitTable on curMatch.m=1) s on t.key=s.key and t.cur=1 and s.`o/p\n`=1 when matched then update set cur=0 when not matched then insert values(s.key,s.data,1)> as 
<FROM
  `default`.`target` `t`
  RIGHT OUTER JOIN
  (select `curMatch`.*, case when `splitTable`.`op` is null or `splitTable`.`op` = 0 then 0 else 1 end `o/p\n` from (select `s`.*, case when `t`.`cur` is null then 0 else 1 end `m` from `source` `s` left outer join (select * from `target` where `target`.`cur`=1) `t` on `s`.`key`=`t`.`key`) `curMatch` left outer join `splitTable` on `curMatch`.`m`=1) `s`
  ON `t`.`key`=`s`.`key` and `t`.`cur`=1 and `s`.`o/p\n`=1
INSERT INTO `default`.`target`    -- update clause(insert part)
 SELECT `t`.`key`, `t`.`data`, 0
   WHERE `t`.`key`=`s`.`key` and `t`.`cur`=1 and `s`.`o/p\n`=1
INSERT INTO `default`.`target`    -- update clause (delete part)
 SELECT `t`.ROW__ID 
   WHERE `t`.`key`=`s`.`key` and `t`.`cur`=1 and `s`.`o/p\n`=1
 SORT BY `t`.ROW__ID 
INSERT INTO `default`.`target`    -- insert clause
  SELECT `s`.`key`,`s`.`data`,1
   WHERE `t`.`key` IS NULL AND `t`.`cur` IS NULL
INSERT INTO merge_tmp_table
  SELECT cardinality_violation(`t`.ROW__ID)
 WHERE `t`.`key`=`s`.`key` and `t`.`cur`=1 and `s`.`o/p\n`=1 GROUP BY `t`.ROW__ID HAVING count(*) > 1>
2024-04-24T06:30:17,970  INFO [main] parse.MergeSemanticAnalyzer: Starting Semantic Analysis
2024-04-24T06:30:17,974  INFO [main] parse.MergeSemanticAnalyzer: Completed phase 1 of Semantic Analysis
2024-04-24T06:30:17,974  INFO [main] parse.MergeSemanticAnalyzer: Get metadata for source tables
2024-04-24T06:30:17,975  INFO [main] HiveMetaStore.audit: ugi=alex	ip=unknown-ip-addr	cmd=get_table : tbl=hive.default.target	
2024-04-24T06:30:17,981  INFO [main] metastore.HMSHandler: Skipping translation for processor with null
2024-04-24T06:30:17,982  INFO [main] parse.MergeSemanticAnalyzer: Get metadata for subqueries
2024-04-24T06:30:17,982  INFO [main] parse.MergeSemanticAnalyzer: Get metadata for source tables
2024-04-24T06:30:17,982  INFO [main] HiveMetaStore.audit: ugi=alex	ip=unknown-ip-addr	cmd=get_table : tbl=hive.default.splittable	
2024-04-24T06:30:17,990  INFO [main] metastore.HMSHandler: Skipping translation for processor with null
2024-04-24T06:30:17,990  INFO [main] parse.MergeSemanticAnalyzer: Get metadata for subqueries
2024-04-24T06:30:17,990  INFO [main] parse.MergeSemanticAnalyzer: Get metadata for source tables
2024-04-24T06:30:17,991  INFO [main] HiveMetaStore.audit: ugi=alex	ip=unknown-ip-addr	cmd=get_table : tbl=hive.default.source	
2024-04-24T06:30:17,998  INFO [main] metastore.HMSHandler: Skipping translation for processor with null
2024-04-24T06:30:17,999  INFO [main] parse.MergeSemanticAnalyzer: Get metadata for subqueries
2024-04-24T06:30:17,999  INFO [main] parse.MergeSemanticAnalyzer: Get metadata for source tables
2024-04-24T06:30:17,999  INFO [main] parse.MergeSemanticAnalyzer: Get metadata for subqueries
2024-04-24T06:30:17,999  INFO [main] parse.MergeSemanticAnalyzer: Get metadata for destination tables
2024-04-24T06:30:17,999  INFO [main] parse.MergeSemanticAnalyzer: Get metadata for destination tables
2024-04-24T06:30:17,999  INFO [main] parse.MergeSemanticAnalyzer: Get metadata for destination tables
2024-04-24T06:30:17,999  INFO [main] parse.MergeSemanticAnalyzer: Get metadata for destination tables
2024-04-24T06:30:18,000  INFO [main] HiveMetaStore.audit: ugi=alex	ip=unknown-ip-addr	cmd=get_table : tbl=hive.default.target	
2024-04-24T06:30:18,006  INFO [main] metastore.HMSHandler: Skipping translation for processor with null
2024-04-24T06:30:18,006  INFO [main] HiveMetaStore.audit: ugi=alex	ip=unknown-ip-addr	cmd=get_table : tbl=hive.default.target	
2024-04-24T06:30:18,012  INFO [main] metastore.HMSHandler: Skipping translation for processor with null
2024-04-24T06:30:18,012  INFO [main] HiveMetaStore.audit: ugi=alex	ip=unknown-ip-addr	cmd=get_table : tbl=hive.default.target	
2024-04-24T06:30:18,018  INFO [main] metastore.HMSHandler: Skipping translation for processor with null
2024-04-24T06:30:18,018  INFO [main] parse.MergeSemanticAnalyzer: Completed getting MetaData in Semantic Analysis
2024-04-24T06:30:18,018  INFO [main] parse.MergeSemanticAnalyzer: Disabling LLAP IO encode as ETL query is detected
2024-04-24T06:30:18,019  INFO [main] parse.MergeSemanticAnalyzer: Get metadata for source tables
2024-04-24T06:30:18,020  INFO [main] parse.MergeSemanticAnalyzer: Get metadata for subqueries
2024-04-24T06:30:18,020  INFO [main] parse.MergeSemanticAnalyzer: Get metadata for source tables
2024-04-24T06:30:18,020  INFO [main] parse.MergeSemanticAnalyzer: Get metadata for subqueries
2024-04-24T06:30:18,020  INFO [main] parse.MergeSemanticAnalyzer: Get metadata for source tables
2024-04-24T06:30:18,020  INFO [main] parse.MergeSemanticAnalyzer: Get metadata for subqueries
2024-04-24T06:30:18,020  INFO [main] parse.MergeSemanticAnalyzer: Get metadata for source tables
2024-04-24T06:30:18,020  INFO [main] parse.MergeSemanticAnalyzer: Get metadata for subqueries
2024-04-24T06:30:18,020  INFO [main] parse.MergeSemanticAnalyzer: Get metadata for destination tables
2024-04-24T06:30:18,020  INFO [main] parse.MergeSemanticAnalyzer: Get metadata for destination tables
2024-04-24T06:30:18,020  INFO [main] parse.MergeSemanticAnalyzer: Get metadata for destination tables
2024-04-24T06:30:18,020  INFO [main] parse.MergeSemanticAnalyzer: Get metadata for destination tables
2024-04-24T06:30:18,031  INFO [main] HiveMetaStore.audit: ugi=alex	ip=unknown-ip-addr	cmd=get_all_table_constraints : tbl=hive.default.target	
2024-04-24T06:30:18,038  INFO [main] HiveMetaStore.audit: ugi=alex	ip=unknown-ip-addr	cmd=get_all_table_constraints : tbl=hive.default.source	
2024-04-24T06:30:18,045  INFO [main] HiveMetaStore.audit: ugi=alex	ip=unknown-ip-addr	cmd=get_all_table_constraints : tbl=hive.default.splittable	
2024-04-24T06:30:18,052  INFO [main] HiveMetaStore.audit: ugi=alex	ip=unknown-ip-addr	cmd=get_all_table_constraints : tbl=hive.default.target	
2024-04-24T06:30:18,138  INFO [main] calcite.RelOptHiveTable: Calculating column statistics for default.target, projIndxSet: [0, 1, 2], allowMissingStats: true
2024-04-24T06:30:18,138  INFO [main] HiveMetaStore.audit: ugi=alex	ip=unknown-ip-addr	cmd=get_table : tbl=hive.default.target	
2024-04-24T06:30:18,146  INFO [main] metastore.HMSHandler: Skipping translation for processor with null
2024-04-24T06:30:18,147  INFO [main] HiveMetaStore.audit: ugi=alex	ip=unknown-ip-addr	cmd=get_table : tbl=hive.default.target	
2024-04-24T06:30:18,154  INFO [main] metastore.HMSHandler: Skipping translation for processor with null
2024-04-24T06:30:18,155  INFO [main] HiveMetaStore.audit: ugi=alex	ip=unknown-ip-addr	cmd=get_table_statistics_req: table=hive.default.target	
2024-04-24T06:30:18,164  WARN [main] calcite.RelOptHiveTable: No Stats for default@target, Columns: data, key, cur
No Stats for default@target, Columns: data, key, cur
2024-04-24T06:30:18,164  INFO [main] SessionState: No Stats for default@target, Columns: data, key, cur
2024-04-24T06:30:18,165  INFO [main] calcite.RelOptHiveTable: Calculating column statistics for default.source, projIndxSet: [0, 1], allowMissingStats: true
2024-04-24T06:30:18,166  INFO [main] HiveMetaStore.audit: ugi=alex	ip=unknown-ip-addr	cmd=get_table : tbl=hive.default.source	
2024-04-24T06:30:18,178  INFO [main] metastore.HMSHandler: Skipping translation for processor with null
2024-04-24T06:30:18,179  INFO [main] HiveMetaStore.audit: ugi=alex	ip=unknown-ip-addr	cmd=get_table : tbl=hive.default.source	
2024-04-24T06:30:18,190  INFO [main] metastore.HMSHandler: Skipping translation for processor with null
2024-04-24T06:30:18,190  INFO [main] HiveMetaStore.audit: ugi=alex	ip=unknown-ip-addr	cmd=get_table_statistics_req: table=hive.default.source	
2024-04-24T06:30:18,202  WARN [main] calcite.RelOptHiveTable: No Stats for default@source, Columns: data, key
No Stats for default@source, Columns: data, key
2024-04-24T06:30:18,202  INFO [main] SessionState: No Stats for default@source, Columns: data, key
2024-04-24T06:30:18,203  INFO [main] calcite.RelOptHiveTable: Calculating column statistics for default.target, projIndxSet: [0, 2], allowMissingStats: true
2024-04-24T06:30:18,204  WARN [main] calcite.RelOptHiveTable: No Stats for default@target, Columns: key, cur
No Stats for default@target, Columns: key, cur
2024-04-24T06:30:18,204  INFO [main] SessionState: No Stats for default@target, Columns: key, cur
2024-04-24T06:30:18,205  INFO [main] calcite.RelOptHiveTable: Calculating column statistics for default.splittable, projIndxSet: [0], allowMissingStats: true
2024-04-24T06:30:18,206  INFO [main] HiveMetaStore.audit: ugi=alex	ip=unknown-ip-addr	cmd=get_table : tbl=hive.default.splittable	
2024-04-24T06:30:18,217  INFO [main] metastore.HMSHandler: Skipping translation for processor with null
2024-04-24T06:30:18,217  INFO [main] HiveMetaStore.audit: ugi=alex	ip=unknown-ip-addr	cmd=get_table : tbl=hive.default.splittable	
2024-04-24T06:30:18,227  INFO [main] metastore.HMSHandler: Skipping translation for processor with null
2024-04-24T06:30:18,227  INFO [main] HiveMetaStore.audit: ugi=alex	ip=unknown-ip-addr	cmd=get_table_statistics_req: table=hive.default.splittable	
2024-04-24T06:30:18,239  WARN [main] calcite.RelOptHiveTable: No Stats for default@splittable, Columns: op
No Stats for default@splittable, Columns: op
2024-04-24T06:30:18,239  INFO [main] SessionState: No Stats for default@splittable, Columns: op
2024-04-24T06:30:18,495  INFO [main] parse.MergeSemanticAnalyzer: Get metadata for source tables
2024-04-24T06:30:18,495  INFO [main] parse.MergeSemanticAnalyzer: Get metadata for subqueries
2024-04-24T06:30:18,495  INFO [main] parse.MergeSemanticAnalyzer: Get metadata for source tables
2024-04-24T06:30:18,495  INFO [main] parse.MergeSemanticAnalyzer: Get metadata for subqueries
2024-04-24T06:30:18,495  INFO [main] parse.MergeSemanticAnalyzer: Get metadata for source tables
2024-04-24T06:30:18,495  INFO [main] parse.MergeSemanticAnalyzer: Get metadata for subqueries
2024-04-24T06:30:18,495  INFO [main] parse.MergeSemanticAnalyzer: Get metadata for destination tables
2024-04-24T06:30:18,495  INFO [main] parse.MergeSemanticAnalyzer: Get metadata for source tables
2024-04-24T06:30:18,496  INFO [main] parse.MergeSemanticAnalyzer: Get metadata for subqueries
2024-04-24T06:30:18,496  INFO [main] parse.MergeSemanticAnalyzer: Get metadata for destination tables
2024-04-24T06:30:18,496  INFO [main] parse.MergeSemanticAnalyzer: Get metadata for source tables
2024-04-24T06:30:18,496  INFO [main] parse.MergeSemanticAnalyzer: Get metadata for subqueries
2024-04-24T06:30:18,496  INFO [main] parse.MergeSemanticAnalyzer: Get metadata for destination tables
2024-04-24T06:30:18,496  INFO [main] parse.MergeSemanticAnalyzer: Get metadata for source tables
2024-04-24T06:30:18,496  INFO [main] parse.MergeSemanticAnalyzer: Get metadata for subqueries
2024-04-24T06:30:18,496  INFO [main] parse.MergeSemanticAnalyzer: Get metadata for destination tables
2024-04-24T06:30:18,496  INFO [main] parse.MergeSemanticAnalyzer: Get metadata for destination tables
2024-04-24T06:30:18,496  INFO [main] parse.MergeSemanticAnalyzer: Get metadata for destination tables
2024-04-24T06:30:18,496  INFO [main] HiveMetaStore.audit: ugi=alex	ip=unknown-ip-addr	cmd=get_table : tbl=hive.default.target	
2024-04-24T06:30:18,503  INFO [main] metastore.HMSHandler: Skipping translation for processor with null
2024-04-24T06:30:18,503  INFO [main] HiveMetaStore.audit: ugi=alex	ip=unknown-ip-addr	cmd=get_table : tbl=hive.default.target	
2024-04-24T06:30:18,510  INFO [main] metastore.HMSHandler: Skipping translation for processor with null
2024-04-24T06:30:18,510  INFO [main] HiveMetaStore.audit: ugi=alex	ip=unknown-ip-addr	cmd=get_table : tbl=hive.default.target	
2024-04-24T06:30:18,516  INFO [main] metastore.HMSHandler: Skipping translation for processor with null
2024-04-24T06:30:18,525 ERROR [main] parse.MergeSemanticAnalyzer: CBO failed, skipping CBO. 
org.apache.hadoop.hive.ql.exec.NoMatchingMethodException: No matching method for class org.apache.hadoop.hive.ql.udf.UDFToInteger with (struct<writeid:bigint,bucketid:int,rowid:bigint>). Possible choices: _FUNC_(bigint)  _FUNC_(boolean)  _FUNC_(decimal(38,18))  _FUNC_(double)  _FUNC_(float)  _FUNC_(smallint)  _FUNC_(string)  _FUNC_(struct<writeid:int,bucketid:bigint,rowid:bigint>)  _FUNC_(timestamp)  _FUNC_(tinyint)  _FUNC_(void)  
	at org.apache.hadoop.hive.ql.exec.MethodUtils.getMethodInternal(MethodUtils.java:130) ~[classes/:?]
	at org.apache.hadoop.hive.ql.exec.MethodUtils.getMethodInternal(MethodUtils.java:60) ~[classes/:?]
	at org.apache.hadoop.hive.ql.exec.DefaultUDFMethodResolver.getEvalMethod(DefaultUDFMethodResolver.java:59) ~[classes/:?]
	at org.apache.hadoop.hive.ql.udf.TimestampCastRestrictorResolver.getEvalMethod(TimestampCastRestrictorResolver.java:68) ~[classes/:?]
	at org.apache.hadoop.hive.ql.udf.generic.GenericUDFBridge.initialize(GenericUDFBridge.java:168) ~[classes/:?]
	at org.apache.hadoop.hive.ql.udf.generic.GenericUDF.initializeAndFoldConstants(GenericUDF.java:149) ~[classes/:?]
	at org.apache.hadoop.hive.ql.plan.ExprNodeGenericFuncDesc.newInstance(ExprNodeGenericFuncDesc.java:235) ~[classes/:?]
	at org.apache.hadoop.hive.ql.parse.type.ExprNodeDescExprFactory.createFuncCallExpr(ExprNodeDescExprFactory.java:584) ~[classes/:?]
	at org.apache.hadoop.hive.ql.parse.type.ExprNodeDescExprFactory.createFuncCallExpr(ExprNodeDescExprFactory.java:97) ~[classes/:?]
	at org.apache.hadoop.hive.ql.parse.type.TypeCheckProcFactory$DefaultExprProcessor.getFuncExprNodeDescWithUdfData(TypeCheckProcFactory.java:762) ~[classes/:?]
	at org.apache.hadoop.hive.ql.parse.type.TypeCheckProcFactory$DefaultExprProcessor.createConversionCast(TypeCheckProcFactory.java:783) ~[classes/:?]
	at org.apache.hadoop.hive.ql.parse.SemanticAnalyzer.getPartitionColsFromBucketColsForUpdateDelete(SemanticAnalyzer.java:8725) ~[classes/:?]
	at org.apache.hadoop.hive.ql.parse.SemanticAnalyzer.genBucketingSortingDest(SemanticAnalyzer.java:6906) ~[classes/:?]
	at org.apache.hadoop.hive.ql.parse.SemanticAnalyzer.genFileSinkPlan(SemanticAnalyzer.java:7335) ~[classes/:?]
	at org.apache.hadoop.hive.ql.parse.SemanticAnalyzer.genPostGroupByBodyPlan(SemanticAnalyzer.java:11063) ~[classes/:?]
	at org.apache.hadoop.hive.ql.parse.SemanticAnalyzer.genBodyPlan(SemanticAnalyzer.java:10938) ~[classes/:?]
	at org.apache.hadoop.hive.ql.parse.SemanticAnalyzer.genPlan(SemanticAnalyzer.java:11853) ~[classes/:?]
	at org.apache.hadoop.hive.ql.parse.SemanticAnalyzer.genPlan(SemanticAnalyzer.java:11723) ~[classes/:?]
	at org.apache.hadoop.hive.ql.parse.CalcitePlanner.genOPTree(CalcitePlanner.java:626) ~[classes/:?]
	at org.apache.hadoop.hive.ql.parse.SemanticAnalyzer.analyzeInternal(SemanticAnalyzer.java:12558) ~[classes/:?]
	at org.apache.hadoop.hive.ql.parse.CalcitePlanner.analyzeInternal(CalcitePlanner.java:456) ~[classes/:?]
	at org.apache.hadoop.hive.ql.parse.RewriteSemanticAnalyzer.analyzeInternal(RewriteSemanticAnalyzer.java:67) ~[classes/:?]
	at org.apache.hadoop.hive.ql.parse.BaseSemanticAnalyzer.analyze(BaseSemanticAnalyzer.java:317) ~[classes/:?]
	at org.apache.hadoop.hive.ql.parse.MergeSemanticAnalyzer.analyzeMerge(MergeSemanticAnalyzer.java:317) ~[classes/:?]
	at org.apache.hadoop.hive.ql.parse.MergeSemanticAnalyzer.analyze(MergeSemanticAnalyzer.java:63) ~[classes/:?]
	at org.apache.hadoop.hive.ql.parse.RewriteSemanticAnalyzer.analyzeInternal(RewriteSemanticAnalyzer.java:72) ~[classes/:?]
	at org.apache.hadoop.hive.ql.parse.BaseSemanticAnalyzer.analyze(BaseSemanticAnalyzer.java:317) ~[classes/:?]
	at org.apache.hadoop.hive.ql.Compiler.analyze(Compiler.java:223) ~[classes/:?]
	at org.apache.hadoop.hive.ql.Compiler.compile(Compiler.java:105) ~[classes/:?]
	at org.apache.hadoop.hive.ql.Driver.compile(Driver.java:500) ~[classes/:?]
	at org.apache.hadoop.hive.ql.Driver.compileInternal(Driver.java:453) ~[classes/:?]
	at org.apache.hadoop.hive.ql.Driver.runInternal(Driver.java:181) ~[classes/:?]
	at org.apache.hadoop.hive.ql.Driver.run(Driver.java:153) ~[classes/:?]
	at org.apache.hadoop.hive.ql.Driver.run(Driver.java:140) ~[classes/:?]
	at org.apache.hadoop.hive.ql.TxnCommandsBaseForTests.runStatementOnDriver(TxnCommandsBaseForTests.java:245) ~[test-classes/:?]
	at org.apache.hadoop.hive.ql.TestTxnCommands.testMergeType2SCD01(TestTxnCommands.java:1140) ~[test-classes/:?]
	at sun.reflect.NativeMethodAccessorImpl.invoke0(Native Method) ~[?:1.8.0_402]
	at sun.reflect.NativeMethodAccessorImpl.invoke(NativeMethodAccessorImpl.java:62) ~[?:1.8.0_402]
	at sun.reflect.DelegatingMethodAccessorImpl.invoke(DelegatingMethodAccessorImpl.java:43) ~[?:1.8.0_402]
	at java.lang.reflect.Method.invoke(Method.java:498) ~[?:1.8.0_402]
	at org.junit.runners.model.FrameworkMethod$1.runReflectiveCall(FrameworkMethod.java:59) ~[junit-4.13.jar:4.13]
	at org.junit.internal.runners.model.ReflectiveCallable.run(ReflectiveCallable.java:12) ~[junit-4.13.jar:4.13]
	at org.junit.runners.model.FrameworkMethod.invokeExplosively(FrameworkMethod.java:56) ~[junit-4.13.jar:4.13]
	at org.junit.internal.runners.statements.InvokeMethod.evaluate(InvokeMethod.java:17) ~[junit-4.13.jar:4.13]
	at org.junit.internal.runners.statements.RunBefores.evaluate(RunBefores.java:26) ~[junit-4.13.jar:4.13]
	at org.junit.internal.runners.statements.RunAfters.evaluate(RunAfters.java:27) ~[junit-4.13.jar:4.13]
	at org.junit.rules.TestWatcher$1.evaluate(TestWatcher.java:61) ~[junit-4.13.jar:4.13]
	at org.junit.runners.ParentRunner$3.evaluate(ParentRunner.java:306) ~[junit-4.13.jar:4.13]
	at org.junit.runners.BlockJUnit4ClassRunner$1.evaluate(BlockJUnit4ClassRunner.java:100) ~[junit-4.13.jar:4.13]
	at org.junit.runners.ParentRunner.runLeaf(ParentRunner.java:366) ~[junit-4.13.jar:4.13]
	at org.junit.runners.BlockJUnit4ClassRunner.runChild(BlockJUnit4ClassRunner.java:103) ~[junit-4.13.jar:4.13]
	at org.junit.runners.BlockJUnit4ClassRunner.runChild(BlockJUnit4ClassRunner.java:63) ~[junit-4.13.jar:4.13]
	at org.junit.runners.ParentRunner$4.run(ParentRunner.java:331) ~[junit-4.13.jar:4.13]
	at org.junit.runners.ParentRunner$1.schedule(ParentRunner.java:79) ~[junit-4.13.jar:4.13]
	at org.junit.runners.ParentRunner.runChildren(ParentRunner.java:329) ~[junit-4.13.jar:4.13]
	at org.junit.runners.ParentRunner.access$100(ParentRunner.java:66) ~[junit-4.13.jar:4.13]
	at org.junit.runners.ParentRunner$2.evaluate(ParentRunner.java:293) ~[junit-4.13.jar:4.13]
	at org.junit.runners.ParentRunner$3.evaluate(ParentRunner.java:306) ~[junit-4.13.jar:4.13]
	at org.junit.runners.ParentRunner.run(ParentRunner.java:413) ~[junit-4.13.jar:4.13]
	at org.junit.runner.JUnitCore.run(JUnitCore.java:137) ~[junit-4.13.jar:4.13]
	at org.junit.runner.JUnitCore.run(JUnitCore.java:115) ~[junit-4.13.jar:4.13]
	at org.junit.vintage.engine.execution.RunnerExecutor.execute(RunnerExecutor.java:43) ~[junit-vintage-engine-5.6.2.jar:5.6.2]
	at java.util.stream.ForEachOps$ForEachOp$OfRef.accept(ForEachOps.java:183) ~[?:1.8.0_402]
	at java.util.stream.ReferencePipeline$3$1.accept(ReferencePipeline.java:193) ~[?:1.8.0_402]
	at java.util.Iterator.forEachRemaining(Iterator.java:116) ~[?:1.8.0_402]
	at java.util.Spliterators$IteratorSpliterator.forEachRemaining(Spliterators.java:1801) ~[?:1.8.0_402]
	at java.util.stream.AbstractPipeline.copyInto(AbstractPipeline.java:482) ~[?:1.8.0_402]
	at java.util.stream.AbstractPipeline.wrapAndCopyInto(AbstractPipeline.java:472) ~[?:1.8.0_402]
	at java.util.stream.ForEachOps$ForEachOp.evaluateSequential(ForEachOps.java:150) ~[?:1.8.0_402]
	at java.util.stream.ForEachOps$ForEachOp$OfRef.evaluateSequential(ForEachOps.java:173) ~[?:1.8.0_402]
	at java.util.stream.AbstractPipeline.evaluate(AbstractPipeline.java:234) ~[?:1.8.0_402]
	at java.util.stream.ReferencePipeline.forEach(ReferencePipeline.java:485) ~[?:1.8.0_402]
	at org.junit.vintage.engine.VintageTestEngine.executeAllChildren(VintageTestEngine.java:82) ~[junit-vintage-engine-5.6.2.jar:5.6.2]
	at org.junit.vintage.engine.VintageTestEngine.execute(VintageTestEngine.java:73) ~[junit-vintage-engine-5.6.2.jar:5.6.2]
	at org.junit.platform.launcher.core.DefaultLauncher.execute(DefaultLauncher.java:248) ~[junit-platform-launcher-1.6.2.jar:1.6.2]
	at org.junit.platform.launcher.core.DefaultLauncher.lambda$execute$5(DefaultLauncher.java:211) ~[junit-platform-launcher-1.6.2.jar:1.6.2]
	at org.junit.platform.launcher.core.DefaultLauncher.withInterceptedStreams(DefaultLauncher.java:226) [junit-platform-launcher-1.6.2.jar:1.6.2]
	at org.junit.platform.launcher.core.DefaultLauncher.execute(DefaultLauncher.java:199) [junit-platform-launcher-1.6.2.jar:1.6.2]
	at org.junit.platform.launcher.core.DefaultLauncher.execute(DefaultLauncher.java:132) [junit-platform-launcher-1.6.2.jar:1.6.2]
	at org.apache.maven.surefire.junitplatform.JUnitPlatformProvider.invokeAllTests(JUnitPlatformProvider.java:154) [surefire-junit-platform-3.0.0-M4.jar:3.0.0-M4]
	at org.apache.maven.surefire.junitplatform.JUnitPlatformProvider.invoke(JUnitPlatformProvider.java:123) [surefire-junit-platform-3.0.0-M4.jar:3.0.0-M4]
	at org.apache.maven.surefire.booter.ForkedBooter.runSuitesInProcess(ForkedBooter.java:377) [surefire-booter-3.0.0-M4.jar:3.0.0-M4]
	at org.apache.maven.surefire.booter.ForkedBooter.execute(ForkedBooter.java:138) [surefire-booter-3.0.0-M4.jar:3.0.0-M4]
	at org.apache.maven.surefire.booter.ForkedBooter.run(ForkedBooter.java:465) [surefire-booter-3.0.0-M4.jar:3.0.0-M4]
	at org.apache.maven.surefire.booter.ForkedBooter.main(ForkedBooter.java:451) [surefire-booter-3.0.0-M4.jar:3.0.0-M4]
2024-04-24T06:30:18,526 ERROR [main] parse.MergeSemanticAnalyzer: CBO failed due to missing column stats (see previous errors), skipping CBO
2024-04-24T06:30:18,526  INFO [main] parse.MergeSemanticAnalyzer: Ending caching scope for: 
FAILED: NoMatchingMethodException No matching method for class org.apache.hadoop.hive.ql.udf.UDFToInteger with (struct<writeid:bigint,bucketid:int,rowid:bigint>). Possible choices: _FUNC_(bigint)  _FUNC_(boolean)  _FUNC_(decimal(38,18))  _FUNC_(double)  _FUNC_(float)  _FUNC_(smallint)  _FUNC_(string)  _FUNC_(struct<writeid:int,bucketid:bigint,rowid:bigint>)  _FUNC_(timestamp)  _FUNC_(tinyint)  _FUNC_(void)  
2024-04-24T06:30:18,527 ERROR [main] ql.Driver: FAILED: NoMatchingMethodException No matching method for class org.apache.hadoop.hive.ql.udf.UDFToInteger with (struct<writeid:bigint,bucketid:int,rowid:bigint>). Possible choices: _FUNC_(bigint)  _FUNC_(boolean)  _FUNC_(decimal(38,18))  _FUNC_(double)  _FUNC_(float)  _FUNC_(smallint)  _FUNC_(string)  _FUNC_(struct<writeid:int,bucketid:bigint,rowid:bigint>)  _FUNC_(timestamp)  _FUNC_(tinyint)  _FUNC_(void)  
org.apache.hadoop.hive.ql.exec.NoMatchingMethodException: No matching method for class org.apache.hadoop.hive.ql.udf.UDFToInteger with (struct<writeid:bigint,bucketid:int,rowid:bigint>). Possible choices: _FUNC_(bigint)  _FUNC_(boolean)  _FUNC_(decimal(38,18))  _FUNC_(double)  _FUNC_(float)  _FUNC_(smallint)  _FUNC_(string)  _FUNC_(struct<writeid:int,bucketid:bigint,rowid:bigint>)  _FUNC_(timestamp)  _FUNC_(tinyint)  _FUNC_(void)  
	at org.apache.hadoop.hive.ql.exec.MethodUtils.getMethodInternal(MethodUtils.java:130)
	at org.apache.hadoop.hive.ql.exec.MethodUtils.getMethodInternal(MethodUtils.java:60)
	at org.apache.hadoop.hive.ql.exec.DefaultUDFMethodResolver.getEvalMethod(DefaultUDFMethodResolver.java:59)
	at org.apache.hadoop.hive.ql.udf.TimestampCastRestrictorResolver.getEvalMethod(TimestampCastRestrictorResolver.java:68)
	at org.apache.hadoop.hive.ql.udf.generic.GenericUDFBridge.initialize(GenericUDFBridge.java:168)
	at org.apache.hadoop.hive.ql.udf.generic.GenericUDF.initializeAndFoldConstants(GenericUDF.java:149)
	at org.apache.hadoop.hive.ql.plan.ExprNodeGenericFuncDesc.newInstance(ExprNodeGenericFuncDesc.java:235)
	at org.apache.hadoop.hive.ql.parse.type.ExprNodeDescExprFactory.createFuncCallExpr(ExprNodeDescExprFactory.java:584)
	at org.apache.hadoop.hive.ql.parse.type.ExprNodeDescExprFactory.createFuncCallExpr(ExprNodeDescExprFactory.java:97)
	at org.apache.hadoop.hive.ql.parse.type.TypeCheckProcFactory$DefaultExprProcessor.getFuncExprNodeDescWithUdfData(TypeCheckProcFactory.java:762)
	at org.apache.hadoop.hive.ql.parse.type.TypeCheckProcFactory$DefaultExprProcessor.createConversionCast(TypeCheckProcFactory.java:783)
	at org.apache.hadoop.hive.ql.parse.SemanticAnalyzer.getPartitionColsFromBucketColsForUpdateDelete(SemanticAnalyzer.java:8725)
	at org.apache.hadoop.hive.ql.parse.SemanticAnalyzer.genBucketingSortingDest(SemanticAnalyzer.java:6906)
	at org.apache.hadoop.hive.ql.parse.SemanticAnalyzer.genFileSinkPlan(SemanticAnalyzer.java:7335)
	at org.apache.hadoop.hive.ql.parse.SemanticAnalyzer.genPostGroupByBodyPlan(SemanticAnalyzer.java:11063)
	at org.apache.hadoop.hive.ql.parse.SemanticAnalyzer.genBodyPlan(SemanticAnalyzer.java:10938)
	at org.apache.hadoop.hive.ql.parse.SemanticAnalyzer.genPlan(SemanticAnalyzer.java:11853)
	at org.apache.hadoop.hive.ql.parse.SemanticAnalyzer.genPlan(SemanticAnalyzer.java:11723)
	at org.apache.hadoop.hive.ql.parse.CalcitePlanner.genOPTree(CalcitePlanner.java:626)
	at org.apache.hadoop.hive.ql.parse.SemanticAnalyzer.analyzeInternal(SemanticAnalyzer.java:12558)
	at org.apache.hadoop.hive.ql.parse.CalcitePlanner.analyzeInternal(CalcitePlanner.java:456)
	at org.apache.hadoop.hive.ql.parse.RewriteSemanticAnalyzer.analyzeInternal(RewriteSemanticAnalyzer.java:67)
	at org.apache.hadoop.hive.ql.parse.BaseSemanticAnalyzer.analyze(BaseSemanticAnalyzer.java:317)
	at org.apache.hadoop.hive.ql.parse.MergeSemanticAnalyzer.analyzeMerge(MergeSemanticAnalyzer.java:317)
	at org.apache.hadoop.hive.ql.parse.MergeSemanticAnalyzer.analyze(MergeSemanticAnalyzer.java:63)
	at org.apache.hadoop.hive.ql.parse.RewriteSemanticAnalyzer.analyzeInternal(RewriteSemanticAnalyzer.java:72)
	at org.apache.hadoop.hive.ql.parse.BaseSemanticAnalyzer.analyze(BaseSemanticAnalyzer.java:317)
	at org.apache.hadoop.hive.ql.Compiler.analyze(Compiler.java:223)
	at org.apache.hadoop.hive.ql.Compiler.compile(Compiler.java:105)
	at org.apache.hadoop.hive.ql.Driver.compile(Driver.java:500)
	at org.apache.hadoop.hive.ql.Driver.compileInternal(Driver.java:453)
	at org.apache.hadoop.hive.ql.Driver.runInternal(Driver.java:181)
	at org.apache.hadoop.hive.ql.Driver.run(Driver.java:153)
	at org.apache.hadoop.hive.ql.Driver.run(Driver.java:140)
	at org.apache.hadoop.hive.ql.TxnCommandsBaseForTests.runStatementOnDriver(TxnCommandsBaseForTests.java:245)
	at org.apache.hadoop.hive.ql.TestTxnCommands.testMergeType2SCD01(TestTxnCommands.java:1140)
	at sun.reflect.NativeMethodAccessorImpl.invoke0(Native Method)
	at sun.reflect.NativeMethodAccessorImpl.invoke(NativeMethodAccessorImpl.java:62)
	at sun.reflect.DelegatingMethodAccessorImpl.invoke(DelegatingMethodAccessorImpl.java:43)
	at java.lang.reflect.Method.invoke(Method.java:498)
	at org.junit.runners.model.FrameworkMethod$1.runReflectiveCall(FrameworkMethod.java:59)
	at org.junit.internal.runners.model.ReflectiveCallable.run(ReflectiveCallable.java:12)
	at org.junit.runners.model.FrameworkMethod.invokeExplosively(FrameworkMethod.java:56)
	at org.junit.internal.runners.statements.InvokeMethod.evaluate(InvokeMethod.java:17)
	at org.junit.internal.runners.statements.RunBefores.evaluate(RunBefores.java:26)
	at org.junit.internal.runners.statements.RunAfters.evaluate(RunAfters.java:27)
	at org.junit.rules.TestWatcher$1.evaluate(TestWatcher.java:61)
	at org.junit.runners.ParentRunner$3.evaluate(ParentRunner.java:306)
	at org.junit.runners.BlockJUnit4ClassRunner$1.evaluate(BlockJUnit4ClassRunner.java:100)
	at org.junit.runners.ParentRunner.runLeaf(ParentRunner.java:366)
	at org.junit.runners.BlockJUnit4ClassRunner.runChild(BlockJUnit4ClassRunner.java:103)
	at org.junit.runners.BlockJUnit4ClassRunner.runChild(BlockJUnit4ClassRunner.java:63)
	at org.junit.runners.ParentRunner$4.run(ParentRunner.java:331)
	at org.junit.runners.ParentRunner$1.schedule(ParentRunner.java:79)
	at org.junit.runners.ParentRunner.runChildren(ParentRunner.java:329)
	at org.junit.runners.ParentRunner.access$100(ParentRunner.java:66)
	at org.junit.runners.ParentRunner$2.evaluate(ParentRunner.java:293)
	at org.junit.runners.ParentRunner$3.evaluate(ParentRunner.java:306)
	at org.junit.runners.ParentRunner.run(ParentRunner.java:413)
	at org.junit.runner.JUnitCore.run(JUnitCore.java:137)
	at org.junit.runner.JUnitCore.run(JUnitCore.java:115)
	at org.junit.vintage.engine.execution.RunnerExecutor.execute(RunnerExecutor.java:43)
	at java.util.stream.ForEachOps$ForEachOp$OfRef.accept(ForEachOps.java:183)
	at java.util.stream.ReferencePipeline$3$1.accept(ReferencePipeline.java:193)
	at java.util.Iterator.forEachRemaining(Iterator.java:116)
	at java.util.Spliterators$IteratorSpliterator.forEachRemaining(Spliterators.java:1801)
	at java.util.stream.AbstractPipeline.copyInto(AbstractPipeline.java:482)
	at java.util.stream.AbstractPipeline.wrapAndCopyInto(AbstractPipeline.java:472)
	at java.util.stream.ForEachOps$ForEachOp.evaluateSequential(ForEachOps.java:150)
	at java.util.stream.ForEachOps$ForEachOp$OfRef.evaluateSequential(ForEachOps.java:173)
	at java.util.stream.AbstractPipeline.evaluate(AbstractPipeline.java:234)
	at java.util.stream.ReferencePipeline.forEach(ReferencePipeline.java:485)
	at org.junit.vintage.engine.VintageTestEngine.executeAllChildren(VintageTestEngine.java:82)
	at org.junit.vintage.engine.VintageTestEngine.execute(VintageTestEngine.java:73)
	at org.junit.platform.launcher.core.DefaultLauncher.execute(DefaultLauncher.java:248)
	at org.junit.platform.launcher.core.DefaultLauncher.lambda$execute$5(DefaultLauncher.java:211)
	at org.junit.platform.launcher.core.DefaultLauncher.withInterceptedStreams(DefaultLauncher.java:226)
	at org.junit.platform.launcher.core.DefaultLauncher.execute(DefaultLauncher.java:199)
	at org.junit.platform.launcher.core.DefaultLauncher.execute(DefaultLauncher.java:132)
	at org.apache.maven.surefire.junitplatform.JUnitPlatformProvider.invokeAllTests(JUnitPlatformProvider.java:154)
	at org.apache.maven.surefire.junitplatform.JUnitPlatformProvider.invoke(JUnitPlatformProvider.java:123)
	at org.apache.maven.surefire.booter.ForkedBooter.runSuitesInProcess(ForkedBooter.java:377)
	at org.apache.maven.surefire.booter.ForkedBooter.execute(ForkedBooter.java:138)
	at org.apache.maven.surefire.booter.ForkedBooter.run(ForkedBooter.java:465)
	at org.apache.maven.surefire.booter.ForkedBooter.main(ForkedBooter.java:451)

2024-04-24T06:30:18,527  INFO [main] metadata.Hive: Dumping metastore api call timing information for : compilation phase
2024-04-24T06:30:18,527  INFO [main] metadata.Hive: Total time spent in each metastore function (ms): {getAllTableConstraints_(AllTableConstraintsRequest)=17, getTableColumnStatistics_(String, String, List, String)=95, isCompatibleWith_(Configuration)=4, getTable_(GetTableRequest)=67, openTxn_(String, TxnType)=1, getValidWriteIds_(List, String)=5, createTable_(Table)=4, getValidTxns_(long)=0, commitTxn_(CommitTxnRequest)=10, flushCache_()=0}
2024-04-24T06:30:18,528  INFO [main] ql.Driver: Completed compiling command(queryId=alex_20240424063017_2d68115d-1f78-4869-ad2f-2499d9188c69); Time taken: 0.577 seconds
2024-04-24T06:30:18,528  INFO [main] lockmgr.DbTxnManager: Stopped heartbeat for query: null
2024-04-24T06:30:18,531  INFO [main] txn.TxnHandler: Removed transactions: ([22]) from MIN_HISTORY_LEVEL
2024-04-24T06:30:18,538  INFO [main] ql.TxnCommandsBaseForTests: Running the query: drop table if exists acidTbl
2024-04-24T06:30:18,538  INFO [main] ql.Context: Deleting scratch dir: file:/home/alex/Repositories/hive/ql/target/tmp/localscratchdir/8e173e42-dbce-4208-8a17-ca742c9a75ac/hive_2024-04-24_06-30-17_969_5393410495297846132-1
2024-04-24T06:30:18,538  INFO [main] ql.Driver: Compiling command(queryId=alex_20240424063018_d667de5c-cd35-4c58-ae8f-679ffa88764f): drop table if exists acidTbl
2024-04-24T06:30:18,541  INFO [main] txn.TxnHandler: Added entries to MIN_HISTORY_LEVEL for current txns: ([23]) with min_open_txn: 22
2024-04-24T06:30:18,541  INFO [main] lockmgr.DbTxnManager: Opened txnid:23
2024-04-24T06:30:18,542  INFO [main] HiveMetaStore.audit: ugi=alex	ip=unknown-ip-addr	cmd=get_table : tbl=hive.default.acidTbl	
2024-04-24T06:30:18,548  INFO [main] metastore.HMSHandler: Skipping translation for processor with null
2024-04-24T06:30:18,548  INFO [main] ql.Driver: Semantic Analysis Completed (retrial = false)
2024-04-24T06:30:18,548  INFO [main] ql.Driver: Created Hive schema: Schema(fieldSchemas:null, properties:null)
2024-04-24T06:30:18,548  INFO [main] metadata.Hive: Dumping metastore api call timing information for : compilation phase
2024-04-24T06:30:18,548  INFO [main] metadata.Hive: Total time spent in each metastore function (ms): {isCompatibleWith_(Configuration)=0, getTable_(GetTableRequest)=6, flushCache_()=0, getValidTxns_(long)=1, rollbackTxn_(long)=10, openTxn_(String, TxnType)=2}
2024-04-24T06:30:18,548  INFO [main] ql.Driver: Completed compiling command(queryId=alex_20240424063018_d667de5c-cd35-4c58-ae8f-679ffa88764f); Time taken: 0.01 seconds
2024-04-24T06:30:18,548  INFO [main] lockmgr.DbTxnManager: Setting lock request transaction to txnid:23 for queryId=alex_20240424063018_d667de5c-cd35-4c58-ae8f-679ffa88764f
2024-04-24T06:30:18,549  INFO [main] lockmgr.DbLockManager: Requesting lock for queryId=alex_20240424063018_d667de5c-cd35-4c58-ae8f-679ffa88764f
2024-04-24T06:30:18,563  INFO [main] lockmgr.DbLockManager: Response to queryId=alex_20240424063018_d667de5c-cd35-4c58-ae8f-679ffa88764f LockResponse(lockid:13, state:ACQUIRED)
2024-04-24T06:30:18,563  INFO [main] ql.Driver: Operation DROPTABLE obtained 1 locks
2024-04-24T06:30:18,563  INFO [main] ql.Driver: Executing command(queryId=alex_20240424063018_d667de5c-cd35-4c58-ae8f-679ffa88764f): drop table if exists acidTbl
2024-04-24T06:30:18,563  INFO [main] ql.Driver: Starting task [Stage-0:DDL] in serial mode
2024-04-24T06:30:18,563  INFO [main] HiveMetaStore.audit: ugi=alex	ip=unknown-ip-addr	cmd=get_table : tbl=hive.default.acidTbl	
2024-04-24T06:30:18,569  INFO [main] metastore.HMSHandler: Skipping translation for processor with null
2024-04-24T06:30:18,570  INFO [main] HiveMetaStore.audit: ugi=alex	ip=unknown-ip-addr	cmd=get_table : tbl=hive.default.acidTbl	
2024-04-24T06:30:18,576  INFO [main] metastore.HMSHandler: Skipping translation for processor with null
2024-04-24T06:30:18,576  INFO [main] HiveMetaStore.audit: ugi=alex	ip=unknown-ip-addr	cmd=drop_table : tbl=hive.default.acidTbl	
2024-04-24T06:30:18,677  INFO [main] metadata.Hive: Dumping metastore api call timing information for : execution phase
2024-04-24T06:30:18,677  INFO [main] metadata.Hive: Total time spent in each metastore function (ms): {getTable_(GetTableRequest)=7, dropTable_(String, String, boolean, boolean, boolean)=107, isCompatibleWith_(Configuration)=0}
2024-04-24T06:30:18,677  INFO [main] ql.Driver: Completed executing command(queryId=alex_20240424063018_d667de5c-cd35-4c58-ae8f-679ffa88764f); Time taken: 0.114 seconds
2024-04-24T06:30:18,677  INFO [main] lockmgr.DbTxnManager: Stopped heartbeat for query: alex_20240424063018_d667de5c-cd35-4c58-ae8f-679ffa88764f
2024-04-24T06:30:18,681  INFO [main] txn.TxnHandler: Expected to move at least one record from txn_components to completed_txn_components when committing txn! txnid:23
2024-04-24T06:30:18,687  INFO [main] txn.TxnHandler: Removed transactions: ([23]) from MIN_HISTORY_LEVEL
2024-04-24T06:30:18,689  WARN [main] txn.CompactionTxnHandler: No compaction queue record found for Compaction type transaction commit. txnId:23
2024-04-24T06:30:18,689  INFO [main] ql.TxnCommandsBaseForTests: Running the query: drop table if exists acidTblPart
2024-04-24T06:30:18,689  INFO [main] ql.Driver: Compiling command(queryId=alex_20240424063018_c36f5cd9-a574-4880-8b78-21f3ad22ce8f): drop table if exists acidTblPart
2024-04-24T06:30:18,697  INFO [main] txn.TxnHandler: Added entries to MIN_HISTORY_LEVEL for current txns: ([24]) with min_open_txn: 22
2024-04-24T06:30:18,698  INFO [main] lockmgr.DbTxnManager: Opened txnid:24
2024-04-24T06:30:18,698  INFO [main] HiveMetaStore.audit: ugi=alex	ip=unknown-ip-addr	cmd=get_table : tbl=hive.default.acidTblPart	
2024-04-24T06:30:18,704  INFO [main] metastore.HMSHandler: Skipping translation for processor with null
2024-04-24T06:30:18,705  INFO [main] ql.Driver: Semantic Analysis Completed (retrial = false)
2024-04-24T06:30:18,705  INFO [main] ql.Driver: Created Hive schema: Schema(fieldSchemas:null, properties:null)
2024-04-24T06:30:18,705  INFO [main] metadata.Hive: Dumping metastore api call timing information for : compilation phase
2024-04-24T06:30:18,705  INFO [main] metadata.Hive: Total time spent in each metastore function (ms): {getTable_(GetTableRequest)=7, isCompatibleWith_(Configuration)=0, getValidTxns_(long)=0, flushCache_()=0, openTxn_(String, TxnType)=8, commitTxn_(CommitTxnRequest)=12}
2024-04-24T06:30:18,705  INFO [main] ql.Driver: Completed compiling command(queryId=alex_20240424063018_c36f5cd9-a574-4880-8b78-21f3ad22ce8f); Time taken: 0.016 seconds
2024-04-24T06:30:18,705  INFO [main] lockmgr.DbTxnManager: Setting lock request transaction to txnid:24 for queryId=alex_20240424063018_c36f5cd9-a574-4880-8b78-21f3ad22ce8f
2024-04-24T06:30:18,706  INFO [main] lockmgr.DbLockManager: Requesting lock for queryId=alex_20240424063018_c36f5cd9-a574-4880-8b78-21f3ad22ce8f
2024-04-24T06:30:18,723  INFO [main] lockmgr.DbLockManager: Response to queryId=alex_20240424063018_c36f5cd9-a574-4880-8b78-21f3ad22ce8f LockResponse(lockid:14, state:ACQUIRED)
2024-04-24T06:30:18,723  INFO [main] ql.Driver: Operation DROPTABLE obtained 1 locks
2024-04-24T06:30:18,724  INFO [main] ql.Driver: Executing command(queryId=alex_20240424063018_c36f5cd9-a574-4880-8b78-21f3ad22ce8f): drop table if exists acidTblPart
2024-04-24T06:30:18,724  INFO [main] ql.Driver: Starting task [Stage-0:DDL] in serial mode
2024-04-24T06:30:18,724  INFO [main] HiveMetaStore.audit: ugi=alex	ip=unknown-ip-addr	cmd=get_table : tbl=hive.default.acidTblPart	
2024-04-24T06:30:18,730  INFO [main] metastore.HMSHandler: Skipping translation for processor with null
2024-04-24T06:30:18,730  INFO [main] HiveMetaStore.audit: ugi=alex	ip=unknown-ip-addr	cmd=get_table : tbl=hive.default.acidTblPart	
2024-04-24T06:30:18,736  INFO [main] metastore.HMSHandler: Skipping translation for processor with null
2024-04-24T06:30:18,736  INFO [main] HiveMetaStore.audit: ugi=alex	ip=unknown-ip-addr	cmd=drop_table : tbl=hive.default.acidTblPart	
2024-04-24T06:30:18,778  INFO [main] metadata.Hive: Dumping metastore api call timing information for : execution phase
2024-04-24T06:30:18,778  INFO [main] metadata.Hive: Total time spent in each metastore function (ms): {dropTable_(String, String, boolean, boolean, boolean)=48, isCompatibleWith_(Configuration)=0, getTable_(GetTableRequest)=6}
2024-04-24T06:30:18,778  INFO [main] ql.Driver: Completed executing command(queryId=alex_20240424063018_c36f5cd9-a574-4880-8b78-21f3ad22ce8f); Time taken: 0.054 seconds
2024-04-24T06:30:18,778  INFO [main] lockmgr.DbTxnManager: Stopped heartbeat for query: alex_20240424063018_c36f5cd9-a574-4880-8b78-21f3ad22ce8f
2024-04-24T06:30:18,782  INFO [main] txn.TxnHandler: Expected to move at least one record from txn_components to completed_txn_components when committing txn! txnid:24
2024-04-24T06:30:18,789  INFO [main] txn.TxnHandler: Removed transactions: ([24]) from MIN_HISTORY_LEVEL
2024-04-24T06:30:18,789  WARN [main] txn.CompactionTxnHandler: No compaction queue record found for Compaction type transaction commit. txnId:24
2024-04-24T06:30:18,790  INFO [main] ql.TxnCommandsBaseForTests: Running the query: drop table if exists acidTbl2
2024-04-24T06:30:18,790  INFO [main] ql.Driver: Compiling command(queryId=alex_20240424063018_557b76d7-b1ca-4846-85e9-1947dbafea46): drop table if exists acidTbl2
2024-04-24T06:30:18,792  INFO [main] txn.TxnHandler: Added entries to MIN_HISTORY_LEVEL for current txns: ([25]) with min_open_txn: 22
2024-04-24T06:30:18,792  INFO [main] lockmgr.DbTxnManager: Opened txnid:25
2024-04-24T06:30:18,793  INFO [main] ql.Driver: Semantic Analysis Completed (retrial = false)
2024-04-24T06:30:18,793  INFO [main] ql.Driver: Created Hive schema: Schema(fieldSchemas:null, properties:null)
2024-04-24T06:30:18,793  INFO [main] metadata.Hive: Dumping metastore api call timing information for : compilation phase
2024-04-24T06:30:18,793  INFO [main] metadata.Hive: Total time spent in each metastore function (ms): {commitTxn_(CommitTxnRequest)=12, openTxn_(String, TxnType)=2, getValidTxns_(long)=1, isCompatibleWith_(Configuration)=0, getTable_(GetTableRequest)=0, flushCache_()=0}
2024-04-24T06:30:18,793  INFO [main] ql.Driver: Completed compiling command(queryId=alex_20240424063018_557b76d7-b1ca-4846-85e9-1947dbafea46); Time taken: 0.003 seconds
2024-04-24T06:30:18,794  INFO [main] lockmgr.DbTxnManager: Setting lock request transaction to txnid:25 for queryId=alex_20240424063018_557b76d7-b1ca-4846-85e9-1947dbafea46
2024-04-24T06:30:18,794  INFO [main] ql.Driver: Operation DROPTABLE obtained 0 locks
2024-04-24T06:30:18,794  INFO [main] ql.Driver: Executing command(queryId=alex_20240424063018_557b76d7-b1ca-4846-85e9-1947dbafea46): drop table if exists acidTbl2
2024-04-24T06:30:18,794  INFO [main] ql.Driver: Starting task [Stage-0:DDL] in serial mode
2024-04-24T06:30:18,794  INFO [main] metadata.SessionHiveMetaStoreClient: Column stats doesn't exist for db=default temp table=acidTbl2
2024-04-24T06:30:18,794  INFO [main] metadata.Hive: Dumping metastore api call timing information for : execution phase
2024-04-24T06:30:18,795  INFO [main] metadata.Hive: Total time spent in each metastore function (ms): {getTable_(GetTableRequest)=0, isCompatibleWith_(Configuration)=0, dropTable_(String, String, boolean, boolean, boolean)=0}
2024-04-24T06:30:18,795  INFO [main] ql.Driver: Completed executing command(queryId=alex_20240424063018_557b76d7-b1ca-4846-85e9-1947dbafea46); Time taken: 0.0 seconds
2024-04-24T06:30:18,795  INFO [main] lockmgr.DbTxnManager: Stopped heartbeat for query: alex_20240424063018_557b76d7-b1ca-4846-85e9-1947dbafea46
2024-04-24T06:30:18,800  INFO [main] txn.TxnHandler: Expected to move at least one record from txn_components to completed_txn_components when committing txn! txnid:25
2024-04-24T06:30:18,807  INFO [main] txn.TxnHandler: Removed transactions: ([25]) from MIN_HISTORY_LEVEL
2024-04-24T06:30:18,807  WARN [main] txn.CompactionTxnHandler: No compaction queue record found for Compaction type transaction commit. txnId:25
2024-04-24T06:30:18,808  INFO [main] ql.TxnCommandsBaseForTests: Running the query: drop table if exists nonAcidOrcTbl
2024-04-24T06:30:18,808  INFO [main] ql.Driver: Compiling command(queryId=alex_20240424063018_47192084-4dcc-499f-a7f6-890bac6df939): drop table if exists nonAcidOrcTbl
2024-04-24T06:30:18,810  INFO [main] txn.TxnHandler: Added entries to MIN_HISTORY_LEVEL for current txns: ([26]) with min_open_txn: 22
2024-04-24T06:30:18,810  INFO [main] lockmgr.DbTxnManager: Opened txnid:26
2024-04-24T06:30:18,811  INFO [main] HiveMetaStore.audit: ugi=alex	ip=unknown-ip-addr	cmd=get_table : tbl=hive.default.nonAcidOrcTbl	
2024-04-24T06:30:18,832  INFO [main] metastore.HMSHandler: Skipping translation for processor with null
2024-04-24T06:30:18,832  INFO [main] ql.Driver: Semantic Analysis Completed (retrial = false)
2024-04-24T06:30:18,832  INFO [main] ql.Driver: Created Hive schema: Schema(fieldSchemas:null, properties:null)
2024-04-24T06:30:18,832  INFO [main] metadata.Hive: Dumping metastore api call timing information for : compilation phase
2024-04-24T06:30:18,832  INFO [main] metadata.Hive: Total time spent in each metastore function (ms): {commitTxn_(CommitTxnRequest)=13, flushCache_()=0, openTxn_(String, TxnType)=2, isCompatibleWith_(Configuration)=0, getValidTxns_(long)=1, getTable_(GetTableRequest)=21}
2024-04-24T06:30:18,833  INFO [main] ql.Driver: Completed compiling command(queryId=alex_20240424063018_47192084-4dcc-499f-a7f6-890bac6df939); Time taken: 0.024 seconds
2024-04-24T06:30:18,833  INFO [main] lockmgr.DbTxnManager: Setting lock request transaction to txnid:26 for queryId=alex_20240424063018_47192084-4dcc-499f-a7f6-890bac6df939
2024-04-24T06:30:18,833  INFO [main] lockmgr.DbLockManager: Requesting lock for queryId=alex_20240424063018_47192084-4dcc-499f-a7f6-890bac6df939
2024-04-24T06:30:18,847  INFO [main] lockmgr.DbLockManager: Response to queryId=alex_20240424063018_47192084-4dcc-499f-a7f6-890bac6df939 LockResponse(lockid:15, state:ACQUIRED)
2024-04-24T06:30:18,847  INFO [main] ql.Driver: Operation DROPTABLE obtained 1 locks
2024-04-24T06:30:18,847  INFO [main] ql.Driver: Executing command(queryId=alex_20240424063018_47192084-4dcc-499f-a7f6-890bac6df939): drop table if exists nonAcidOrcTbl
2024-04-24T06:30:18,847  INFO [main] ql.Driver: Starting task [Stage-0:DDL] in serial mode
2024-04-24T06:30:18,847  INFO [main] HiveMetaStore.audit: ugi=alex	ip=unknown-ip-addr	cmd=get_table : tbl=hive.default.nonAcidOrcTbl	
2024-04-24T06:30:18,855  INFO [main] metastore.HMSHandler: Skipping translation for processor with null
2024-04-24T06:30:18,855  INFO [main] HiveMetaStore.audit: ugi=alex	ip=unknown-ip-addr	cmd=get_table : tbl=hive.default.nonAcidOrcTbl	
2024-04-24T06:30:18,863  INFO [main] metastore.HMSHandler: Skipping translation for processor with null
2024-04-24T06:30:18,863  INFO [main] HiveMetaStore.audit: ugi=alex	ip=unknown-ip-addr	cmd=drop_table : tbl=hive.default.nonAcidOrcTbl	
2024-04-24T06:30:18,933  INFO [main] metadata.Hive: Dumping metastore api call timing information for : execution phase
2024-04-24T06:30:18,933  INFO [main] metadata.Hive: Total time spent in each metastore function (ms): {isCompatibleWith_(Configuration)=0, dropTable_(String, String, boolean, boolean, boolean)=78, getTable_(GetTableRequest)=8}
2024-04-24T06:30:18,933  INFO [main] ql.Driver: Completed executing command(queryId=alex_20240424063018_47192084-4dcc-499f-a7f6-890bac6df939); Time taken: 0.086 seconds
2024-04-24T06:30:18,933  INFO [main] lockmgr.DbTxnManager: Stopped heartbeat for query: alex_20240424063018_47192084-4dcc-499f-a7f6-890bac6df939
2024-04-24T06:30:18,937  INFO [main] txn.TxnHandler: Expected to move at least one record from txn_components to completed_txn_components when committing txn! txnid:26
2024-04-24T06:30:18,942  INFO [main] txn.TxnHandler: Removed transactions: ([26]) from MIN_HISTORY_LEVEL
2024-04-24T06:30:18,943  WARN [main] txn.CompactionTxnHandler: No compaction queue record found for Compaction type transaction commit. txnId:26
2024-04-24T06:30:18,943  INFO [main] ql.TxnCommandsBaseForTests: Running the query: drop table if exists nonAcidOrcTbl2
2024-04-24T06:30:18,943  INFO [main] ql.Driver: Compiling command(queryId=alex_20240424063018_a222f2f4-ed4a-40cf-8e56-db7729df499e): drop table if exists nonAcidOrcTbl2
2024-04-24T06:30:18,945  INFO [main] txn.TxnHandler: Added entries to MIN_HISTORY_LEVEL for current txns: ([27]) with min_open_txn: 22
2024-04-24T06:30:18,946  INFO [main] lockmgr.DbTxnManager: Opened txnid:27
2024-04-24T06:30:18,946  INFO [main] HiveMetaStore.audit: ugi=alex	ip=unknown-ip-addr	cmd=get_table : tbl=hive.default.nonAcidOrcTbl2	
2024-04-24T06:30:18,954  INFO [main] metastore.HMSHandler: Skipping translation for processor with null
2024-04-24T06:30:18,954  INFO [main] ql.Driver: Semantic Analysis Completed (retrial = false)
2024-04-24T06:30:18,954  INFO [main] ql.Driver: Created Hive schema: Schema(fieldSchemas:null, properties:null)
2024-04-24T06:30:18,954  INFO [main] metadata.Hive: Dumping metastore api call timing information for : compilation phase
2024-04-24T06:30:18,954  INFO [main] metadata.Hive: Total time spent in each metastore function (ms): {openTxn_(String, TxnType)=2, commitTxn_(CommitTxnRequest)=10, isCompatibleWith_(Configuration)=1, getValidTxns_(long)=0, getTable_(GetTableRequest)=8, flushCache_()=0}
2024-04-24T06:30:18,954  INFO [main] ql.Driver: Completed compiling command(queryId=alex_20240424063018_a222f2f4-ed4a-40cf-8e56-db7729df499e); Time taken: 0.011 seconds
2024-04-24T06:30:18,955  INFO [main] lockmgr.DbTxnManager: Setting lock request transaction to txnid:27 for queryId=alex_20240424063018_a222f2f4-ed4a-40cf-8e56-db7729df499e
2024-04-24T06:30:18,955  INFO [main] lockmgr.DbLockManager: Requesting lock for queryId=alex_20240424063018_a222f2f4-ed4a-40cf-8e56-db7729df499e
2024-04-24T06:30:18,968  INFO [main] lockmgr.DbLockManager: Response to queryId=alex_20240424063018_a222f2f4-ed4a-40cf-8e56-db7729df499e LockResponse(lockid:16, state:ACQUIRED)
2024-04-24T06:30:18,968  INFO [main] ql.Driver: Operation DROPTABLE obtained 1 locks
2024-04-24T06:30:18,968  INFO [main] ql.Driver: Executing command(queryId=alex_20240424063018_a222f2f4-ed4a-40cf-8e56-db7729df499e): drop table if exists nonAcidOrcTbl2
2024-04-24T06:30:18,969  INFO [main] ql.Driver: Starting task [Stage-0:DDL] in serial mode
2024-04-24T06:30:18,969  INFO [main] HiveMetaStore.audit: ugi=alex	ip=unknown-ip-addr	cmd=get_table : tbl=hive.default.nonAcidOrcTbl2	
2024-04-24T06:30:18,977  INFO [main] metastore.HMSHandler: Skipping translation for processor with null
2024-04-24T06:30:18,977  INFO [main] HiveMetaStore.audit: ugi=alex	ip=unknown-ip-addr	cmd=get_table : tbl=hive.default.nonAcidOrcTbl2	
2024-04-24T06:30:18,984  INFO [main] metastore.HMSHandler: Skipping translation for processor with null
2024-04-24T06:30:18,984  INFO [main] HiveMetaStore.audit: ugi=alex	ip=unknown-ip-addr	cmd=drop_table : tbl=hive.default.nonAcidOrcTbl2	
2024-04-24T06:30:19,012  INFO [main] metadata.Hive: Dumping metastore api call timing information for : execution phase
2024-04-24T06:30:19,012  INFO [main] metadata.Hive: Total time spent in each metastore function (ms): {dropTable_(String, String, boolean, boolean, boolean)=35, isCompatibleWith_(Configuration)=0, getTable_(GetTableRequest)=8}
2024-04-24T06:30:19,012  INFO [main] ql.Driver: Completed executing command(queryId=alex_20240424063018_a222f2f4-ed4a-40cf-8e56-db7729df499e); Time taken: 0.044 seconds
2024-04-24T06:30:19,013  INFO [main] lockmgr.DbTxnManager: Stopped heartbeat for query: alex_20240424063018_a222f2f4-ed4a-40cf-8e56-db7729df499e
2024-04-24T06:30:19,016  INFO [main] txn.TxnHandler: Expected to move at least one record from txn_components to completed_txn_components when committing txn! txnid:27
2024-04-24T06:30:19,022  INFO [main] txn.TxnHandler: Removed transactions: ([27]) from MIN_HISTORY_LEVEL
2024-04-24T06:30:19,022  WARN [main] txn.CompactionTxnHandler: No compaction queue record found for Compaction type transaction commit. txnId:27
2024-04-24T06:30:19,022  INFO [main] ql.TxnCommandsBaseForTests: Running the query: drop table if exists nonAcidNonBucket
2024-04-24T06:30:19,022  INFO [main] ql.Driver: Compiling command(queryId=alex_20240424063019_986c3a82-b919-413f-b98b-bbd3f70aa372): drop table if exists nonAcidNonBucket
2024-04-24T06:30:19,024  INFO [main] txn.TxnHandler: Added entries to MIN_HISTORY_LEVEL for current txns: ([28]) with min_open_txn: 23
2024-04-24T06:30:19,025  INFO [main] lockmgr.DbTxnManager: Opened txnid:28
2024-04-24T06:30:19,025  INFO [main] HiveMetaStore.audit: ugi=alex	ip=unknown-ip-addr	cmd=get_table : tbl=hive.default.nonAcidNonBucket	
2024-04-24T06:30:19,033  INFO [main] metastore.HMSHandler: Skipping translation for processor with null
2024-04-24T06:30:19,033  INFO [main] ql.Driver: Semantic Analysis Completed (retrial = false)
2024-04-24T06:30:19,033  INFO [main] ql.Driver: Created Hive schema: Schema(fieldSchemas:null, properties:null)
2024-04-24T06:30:19,033  INFO [main] metadata.Hive: Dumping metastore api call timing information for : compilation phase
2024-04-24T06:30:19,033  INFO [main] metadata.Hive: Total time spent in each metastore function (ms): {getTable_(GetTableRequest)=8, flushCache_()=0, openTxn_(String, TxnType)=2, getValidTxns_(long)=0, isCompatibleWith_(Configuration)=0, commitTxn_(CommitTxnRequest)=9}
2024-04-24T06:30:19,033  INFO [main] ql.Driver: Completed compiling command(queryId=alex_20240424063019_986c3a82-b919-413f-b98b-bbd3f70aa372); Time taken: 0.011 seconds
2024-04-24T06:30:19,034  INFO [main] lockmgr.DbTxnManager: Setting lock request transaction to txnid:28 for queryId=alex_20240424063019_986c3a82-b919-413f-b98b-bbd3f70aa372
2024-04-24T06:30:19,034  INFO [main] lockmgr.DbLockManager: Requesting lock for queryId=alex_20240424063019_986c3a82-b919-413f-b98b-bbd3f70aa372
2024-04-24T06:30:19,048  INFO [main] lockmgr.DbLockManager: Response to queryId=alex_20240424063019_986c3a82-b919-413f-b98b-bbd3f70aa372 LockResponse(lockid:17, state:ACQUIRED)
2024-04-24T06:30:19,048  INFO [main] ql.Driver: Operation DROPTABLE obtained 1 locks
2024-04-24T06:30:19,048  INFO [main] ql.Driver: Executing command(queryId=alex_20240424063019_986c3a82-b919-413f-b98b-bbd3f70aa372): drop table if exists nonAcidNonBucket
2024-04-24T06:30:19,048  INFO [main] ql.Driver: Starting task [Stage-0:DDL] in serial mode
2024-04-24T06:30:19,048  INFO [main] HiveMetaStore.audit: ugi=alex	ip=unknown-ip-addr	cmd=get_table : tbl=hive.default.nonAcidNonBucket	
2024-04-24T06:30:19,056  INFO [main] metastore.HMSHandler: Skipping translation for processor with null
2024-04-24T06:30:19,056  INFO [main] HiveMetaStore.audit: ugi=alex	ip=unknown-ip-addr	cmd=get_table : tbl=hive.default.nonAcidNonBucket	
2024-04-24T06:30:19,063  INFO [main] metastore.HMSHandler: Skipping translation for processor with null
2024-04-24T06:30:19,064  INFO [main] HiveMetaStore.audit: ugi=alex	ip=unknown-ip-addr	cmd=drop_table : tbl=hive.default.nonAcidNonBucket	
2024-04-24T06:30:19,091  INFO [main] metadata.Hive: Dumping metastore api call timing information for : execution phase
2024-04-24T06:30:19,091  INFO [main] metadata.Hive: Total time spent in each metastore function (ms): {getTable_(GetTableRequest)=8, dropTable_(String, String, boolean, boolean, boolean)=35, isCompatibleWith_(Configuration)=0}
2024-04-24T06:30:19,092  INFO [main] ql.Driver: Completed executing command(queryId=alex_20240424063019_986c3a82-b919-413f-b98b-bbd3f70aa372); Time taken: 0.043 seconds
2024-04-24T06:30:19,092  INFO [main] lockmgr.DbTxnManager: Stopped heartbeat for query: alex_20240424063019_986c3a82-b919-413f-b98b-bbd3f70aa372
2024-04-24T06:30:19,095  INFO [main] txn.TxnHandler: Expected to move at least one record from txn_components to completed_txn_components when committing txn! txnid:28
2024-04-24T06:30:19,101  INFO [main] txn.TxnHandler: Removed transactions: ([28]) from MIN_HISTORY_LEVEL
2024-04-24T06:30:19,101  WARN [main] txn.CompactionTxnHandler: No compaction queue record found for Compaction type transaction commit. txnId:28
2024-04-24T06:30:19,101  INFO [main] utils.TestTxnDbUtil: Cleaning transactional tables
]]></system-err>
  </testcase>
  <testcase name="testMergeType2SCD02" classname="org.apache.hadoop.hive.ql.TestTxnCommands" time="5.116">
    <error type="java.lang.RuntimeException"><![CDATA[java.lang.RuntimeException: merge into target t using (select source.*, 0 c from source union all select source.*, 1 c from source inner join target on source.key=target.key where target.cur=1) s on t.key=s.key and t.cur=s.c and t.cur=1 when matched then update set cur=0 when not matched then insert values(s.key,s.data,1) failed: (responseCode = 40000, errorMessage = FAILED: NoMatchingMethodException No matching method for class org.apache.hadoop.hive.ql.udf.UDFToInteger with (struct<writeid:bigint,bucketid:int,rowid:bigint>). Possible choices: _FUNC_(bigint)  _FUNC_(boolean)  _FUNC_(decimal(38,18))  _FUNC_(double)  _FUNC_(float)  _FUNC_(smallint)  _FUNC_(string)  _FUNC_(struct<writeid:int,bucketid:bigint,rowid:bigint>)  _FUNC_(timestamp)  _FUNC_(tinyint)  _FUNC_(void)  , hiveErrorCode = 40000, SQLState = 42000, exception = No matching method for class org.apache.hadoop.hive.ql.udf.UDFToInteger with (struct<writeid:bigint,bucketid:int,rowid:bigint>). Possible choices: _FUNC_(bigint)  _FUNC_(boolean)  _FUNC_(decimal(38,18))  _FUNC_(double)  _FUNC_(float)  _FUNC_(smallint)  _FUNC_(string)  _FUNC_(struct<writeid:int,bucketid:bigint,rowid:bigint>)  _FUNC_(timestamp)  _FUNC_(tinyint)  _FUNC_(void)  )
	at org.apache.hadoop.hive.ql.TxnCommandsBaseForTests.runStatementOnDriver(TxnCommandsBaseForTests.java:247)
	at org.apache.hadoop.hive.ql.TestTxnCommands.testMergeType2SCD02(TestTxnCommands.java:1178)
	at sun.reflect.NativeMethodAccessorImpl.invoke0(Native Method)
	at sun.reflect.NativeMethodAccessorImpl.invoke(NativeMethodAccessorImpl.java:62)
	at sun.reflect.DelegatingMethodAccessorImpl.invoke(DelegatingMethodAccessorImpl.java:43)
	at java.lang.reflect.Method.invoke(Method.java:498)
	at org.junit.runners.model.FrameworkMethod$1.runReflectiveCall(FrameworkMethod.java:59)
	at org.junit.internal.runners.model.ReflectiveCallable.run(ReflectiveCallable.java:12)
	at org.junit.runners.model.FrameworkMethod.invokeExplosively(FrameworkMethod.java:56)
	at org.junit.internal.runners.statements.InvokeMethod.evaluate(InvokeMethod.java:17)
	at org.junit.internal.runners.statements.RunBefores.evaluate(RunBefores.java:26)
	at org.junit.internal.runners.statements.RunAfters.evaluate(RunAfters.java:27)
	at org.junit.rules.TestWatcher$1.evaluate(TestWatcher.java:61)
	at org.junit.runners.ParentRunner$3.evaluate(ParentRunner.java:306)
	at org.junit.runners.BlockJUnit4ClassRunner$1.evaluate(BlockJUnit4ClassRunner.java:100)
	at org.junit.runners.ParentRunner.runLeaf(ParentRunner.java:366)
	at org.junit.runners.BlockJUnit4ClassRunner.runChild(BlockJUnit4ClassRunner.java:103)
	at org.junit.runners.BlockJUnit4ClassRunner.runChild(BlockJUnit4ClassRunner.java:63)
	at org.junit.runners.ParentRunner$4.run(ParentRunner.java:331)
	at org.junit.runners.ParentRunner$1.schedule(ParentRunner.java:79)
	at org.junit.runners.ParentRunner.runChildren(ParentRunner.java:329)
	at org.junit.runners.ParentRunner.access$100(ParentRunner.java:66)
	at org.junit.runners.ParentRunner$2.evaluate(ParentRunner.java:293)
	at org.junit.runners.ParentRunner$3.evaluate(ParentRunner.java:306)
	at org.junit.runners.ParentRunner.run(ParentRunner.java:413)
	at org.junit.runner.JUnitCore.run(JUnitCore.java:137)
	at org.junit.runner.JUnitCore.run(JUnitCore.java:115)
	at org.junit.vintage.engine.execution.RunnerExecutor.execute(RunnerExecutor.java:43)
	at java.util.stream.ForEachOps$ForEachOp$OfRef.accept(ForEachOps.java:183)
	at java.util.stream.ReferencePipeline$3$1.accept(ReferencePipeline.java:193)
	at java.util.Iterator.forEachRemaining(Iterator.java:116)
	at java.util.Spliterators$IteratorSpliterator.forEachRemaining(Spliterators.java:1801)
	at java.util.stream.AbstractPipeline.copyInto(AbstractPipeline.java:482)
	at java.util.stream.AbstractPipeline.wrapAndCopyInto(AbstractPipeline.java:472)
	at java.util.stream.ForEachOps$ForEachOp.evaluateSequential(ForEachOps.java:150)
	at java.util.stream.ForEachOps$ForEachOp$OfRef.evaluateSequential(ForEachOps.java:173)
	at java.util.stream.AbstractPipeline.evaluate(AbstractPipeline.java:234)
	at java.util.stream.ReferencePipeline.forEach(ReferencePipeline.java:485)
	at org.junit.vintage.engine.VintageTestEngine.executeAllChildren(VintageTestEngine.java:82)
	at org.junit.vintage.engine.VintageTestEngine.execute(VintageTestEngine.java:73)
	at org.junit.platform.launcher.core.DefaultLauncher.execute(DefaultLauncher.java:248)
	at org.junit.platform.launcher.core.DefaultLauncher.lambda$execute$5(DefaultLauncher.java:211)
	at org.junit.platform.launcher.core.DefaultLauncher.withInterceptedStreams(DefaultLauncher.java:226)
	at org.junit.platform.launcher.core.DefaultLauncher.execute(DefaultLauncher.java:199)
	at org.junit.platform.launcher.core.DefaultLauncher.execute(DefaultLauncher.java:132)
	at org.apache.maven.surefire.junitplatform.JUnitPlatformProvider.invokeAllTests(JUnitPlatformProvider.java:154)
	at org.apache.maven.surefire.junitplatform.JUnitPlatformProvider.invoke(JUnitPlatformProvider.java:123)
	at org.apache.maven.surefire.booter.ForkedBooter.runSuitesInProcess(ForkedBooter.java:377)
	at org.apache.maven.surefire.booter.ForkedBooter.execute(ForkedBooter.java:138)
	at org.apache.maven.surefire.booter.ForkedBooter.run(ForkedBooter.java:465)
	at org.apache.maven.surefire.booter.ForkedBooter.main(ForkedBooter.java:451)
]]></error>
    <system-err><![CDATA[2024-04-24T06:30:19,160  WARN [main] conf.HiveConf: HiveConf of name hive.metastore.client.cache.recordStats does not exist
2024-04-24T06:30:19,160  WARN [main] conf.HiveConf: HiveConf of name hive.stats.key.prefix.reserve.length does not exist
2024-04-24T06:30:19,160  WARN [main] conf.HiveConf: HiveConf of name hive.llap.io.cache.orc.size does not exist
2024-04-24T06:30:19,160  WARN [main] conf.HiveConf: HiveConf of name hive.dummyparam.test.server.specific.config.override does not exist
2024-04-24T06:30:19,160  WARN [main] conf.HiveConf: HiveConf of name hive.dummyparam.test.server.specific.config.metastoresite does not exist
2024-04-24T06:30:19,160  WARN [main] conf.HiveConf: HiveConf of name hive.llap.io.cache.orc.alloc.min does not exist
2024-04-24T06:30:19,160  WARN [main] conf.HiveConf: HiveConf of name hive.metastore.metadb.dir does not exist
2024-04-24T06:30:19,160  WARN [main] conf.HiveConf: HiveConf of name hive.llap.io.cache.orc.arena.size does not exist
2024-04-24T06:30:19,160  WARN [main] conf.HiveConf: HiveConf of name hive.metastore.client.cache.maxSize does not exist
2024-04-24T06:30:19,160  WARN [main] conf.HiveConf: HiveConf of name hive.llap.io.cache.orc.alloc.max does not exist
2024-04-24T06:30:19,161  WARN [main] conf.HiveConf: HiveConf of name hive.dummyparam.test.server.specific.config.hivesite does not exist
2024-04-24T06:30:19,162  INFO [main] utils.TestTxnDbUtil: Creating transactional tables
Hive Session ID = 9c10b63f-d790-4b1c-b086-b946fce73ce1
2024-04-24T06:30:19,165  INFO [main] SessionState: Hive Session ID = 9c10b63f-d790-4b1c-b086-b946fce73ce1
ivysettings.xml file not found in HIVE_HOME or HIVE_CONF_DIR,/home/alex/Repositories/hive/conf/ivysettings.xml will be used
2024-04-24T06:30:19,165  INFO [main] DependencyResolver: ivysettings.xml file not found in HIVE_HOME or HIVE_CONF_DIR,/home/alex/Repositories/hive/conf/ivysettings.xml will be used
2024-04-24T06:30:19,170  INFO [main] session.SessionState: Created HDFS directory: /home/alex/Repositories/hive/ql/target/tmp/scratchdir/alex/9c10b63f-d790-4b1c-b086-b946fce73ce1
2024-04-24T06:30:19,185  INFO [main] session.SessionState: Created local directory: /home/alex/Repositories/hive/ql/target/tmp/localscratchdir/9c10b63f-d790-4b1c-b086-b946fce73ce1
2024-04-24T06:30:19,187  INFO [main] session.SessionState: Created HDFS directory: /home/alex/Repositories/hive/ql/target/tmp/scratchdir/alex/9c10b63f-d790-4b1c-b086-b946fce73ce1/_tmp_space.db
2024-04-24T06:30:19,187  INFO [main] sqlstd.SQLStdHiveAccessController: Created SQLStdHiveAccessController for session context : HiveAuthzSessionContext [sessionString=9c10b63f-d790-4b1c-b086-b946fce73ce1, clientType=HIVECLI]
2024-04-24T06:30:19,188  INFO [main] ql.TxnCommandsBaseForTests: Running the query: drop table if exists acidTbl
2024-04-24T06:30:19,188  INFO [main] ql.Driver: Compiling command(queryId=alex_20240424063019_2422892a-4990-4e07-9eb0-907273d6cadd): drop table if exists acidTbl
2024-04-24T06:30:19,195  INFO [main] txn.TxnHandler: Added entries to MIN_HISTORY_LEVEL for current txns: ([1]) with min_open_txn: 1
2024-04-24T06:30:19,196  INFO [main] lockmgr.DbTxnManager: Opened txnid:1
2024-04-24T06:30:19,198  INFO [main] HiveMetaStore.audit: ugi=alex	ip=unknown-ip-addr	cmd=get_table : tbl=hive.default.acidTbl	
2024-04-24T06:30:19,200  INFO [main] ql.Driver: Semantic Analysis Completed (retrial = false)
2024-04-24T06:30:19,200  INFO [main] ql.Driver: Created Hive schema: Schema(fieldSchemas:null, properties:null)
2024-04-24T06:30:19,200  INFO [main] metadata.Hive: Dumping metastore api call timing information for : compilation phase
2024-04-24T06:30:19,201  INFO [main] metadata.Hive: Total time spent in each metastore function (ms): {openTxn_(String, TxnType)=8, flushCache_()=0, commitTxn_(CommitTxnRequest)=9, isCompatibleWith_(Configuration)=0, getValidTxns_(long)=2}
2024-04-24T06:30:19,201  INFO [main] ql.Driver: Completed compiling command(queryId=alex_20240424063019_2422892a-4990-4e07-9eb0-907273d6cadd); Time taken: 0.012 seconds
2024-04-24T06:30:19,201  INFO [main] lockmgr.DbTxnManager: Setting lock request transaction to txnid:1 for queryId=alex_20240424063019_2422892a-4990-4e07-9eb0-907273d6cadd
2024-04-24T06:30:19,201  INFO [main] ql.Driver: Operation DROPTABLE obtained 0 locks
2024-04-24T06:30:19,201  INFO [main] ql.Driver: Executing command(queryId=alex_20240424063019_2422892a-4990-4e07-9eb0-907273d6cadd): drop table if exists acidTbl
2024-04-24T06:30:19,201  INFO [main] ql.Driver: Starting task [Stage-0:DDL] in serial mode
2024-04-24T06:30:19,201  INFO [main] HiveMetaStore.audit: ugi=alex	ip=unknown-ip-addr	cmd=get_table : tbl=hive.default.acidTbl	
2024-04-24T06:30:19,204  INFO [main] metadata.Hive: Dumping metastore api call timing information for : execution phase
2024-04-24T06:30:19,204  INFO [main] metadata.Hive: Total time spent in each metastore function (ms): {isCompatibleWith_(Configuration)=0}
2024-04-24T06:30:19,204  INFO [main] ql.Driver: Completed executing command(queryId=alex_20240424063019_2422892a-4990-4e07-9eb0-907273d6cadd); Time taken: 0.003 seconds
2024-04-24T06:30:19,204  INFO [main] lockmgr.DbTxnManager: Stopped heartbeat for query: alex_20240424063019_2422892a-4990-4e07-9eb0-907273d6cadd
2024-04-24T06:30:19,209  INFO [main] txn.TxnHandler: Expected to move at least one record from txn_components to completed_txn_components when committing txn! txnid:1
2024-04-24T06:30:19,215  INFO [main] txn.TxnHandler: Removed transactions: ([1]) from MIN_HISTORY_LEVEL
2024-04-24T06:30:19,215  WARN [main] txn.CompactionTxnHandler: No compaction queue record found for Compaction type transaction commit. txnId:1
2024-04-24T06:30:19,216  INFO [main] ql.TxnCommandsBaseForTests: Running the query: drop table if exists acidTblPart
2024-04-24T06:30:19,216  INFO [main] ql.Driver: Compiling command(queryId=alex_20240424063019_d119392b-2ec5-4eee-91f0-7ef67b475a43): drop table if exists acidTblPart
2024-04-24T06:30:19,218  INFO [main] txn.TxnHandler: Added entries to MIN_HISTORY_LEVEL for current txns: ([2]) with min_open_txn: 1
2024-04-24T06:30:19,218  INFO [main] lockmgr.DbTxnManager: Opened txnid:2
2024-04-24T06:30:19,219  INFO [main] HiveMetaStore.audit: ugi=alex	ip=unknown-ip-addr	cmd=get_table : tbl=hive.default.acidTblPart	
2024-04-24T06:30:19,221  INFO [main] ql.Driver: Semantic Analysis Completed (retrial = false)
2024-04-24T06:30:19,221  INFO [main] ql.Driver: Created Hive schema: Schema(fieldSchemas:null, properties:null)
2024-04-24T06:30:19,221  INFO [main] metadata.Hive: Dumping metastore api call timing information for : compilation phase
2024-04-24T06:30:19,221  INFO [main] metadata.Hive: Total time spent in each metastore function (ms): {commitTxn_(CommitTxnRequest)=12, isCompatibleWith_(Configuration)=0, getValidTxns_(long)=0, flushCache_()=0, openTxn_(String, TxnType)=2}
2024-04-24T06:30:19,221  INFO [main] ql.Driver: Completed compiling command(queryId=alex_20240424063019_d119392b-2ec5-4eee-91f0-7ef67b475a43); Time taken: 0.005 seconds
2024-04-24T06:30:19,222  INFO [main] lockmgr.DbTxnManager: Setting lock request transaction to txnid:2 for queryId=alex_20240424063019_d119392b-2ec5-4eee-91f0-7ef67b475a43
2024-04-24T06:30:19,222  INFO [main] ql.Driver: Operation DROPTABLE obtained 0 locks
2024-04-24T06:30:19,222  INFO [main] ql.Driver: Executing command(queryId=alex_20240424063019_d119392b-2ec5-4eee-91f0-7ef67b475a43): drop table if exists acidTblPart
2024-04-24T06:30:19,222  INFO [main] ql.Driver: Starting task [Stage-0:DDL] in serial mode
2024-04-24T06:30:19,222  INFO [main] HiveMetaStore.audit: ugi=alex	ip=unknown-ip-addr	cmd=get_table : tbl=hive.default.acidTblPart	
2024-04-24T06:30:19,225  INFO [main] metadata.Hive: Dumping metastore api call timing information for : execution phase
2024-04-24T06:30:19,225  INFO [main] metadata.Hive: Total time spent in each metastore function (ms): {isCompatibleWith_(Configuration)=0}
2024-04-24T06:30:19,225  INFO [main] ql.Driver: Completed executing command(queryId=alex_20240424063019_d119392b-2ec5-4eee-91f0-7ef67b475a43); Time taken: 0.002 seconds
2024-04-24T06:30:19,225  INFO [main] lockmgr.DbTxnManager: Stopped heartbeat for query: alex_20240424063019_d119392b-2ec5-4eee-91f0-7ef67b475a43
2024-04-24T06:30:19,230  INFO [main] txn.TxnHandler: Expected to move at least one record from txn_components to completed_txn_components when committing txn! txnid:2
2024-04-24T06:30:19,235  INFO [main] txn.TxnHandler: Removed transactions: ([2]) from MIN_HISTORY_LEVEL
2024-04-24T06:30:19,235  WARN [main] txn.CompactionTxnHandler: No compaction queue record found for Compaction type transaction commit. txnId:2
2024-04-24T06:30:19,236  INFO [main] ql.TxnCommandsBaseForTests: Running the query: drop table if exists acidTbl2
2024-04-24T06:30:19,236  INFO [main] ql.Driver: Compiling command(queryId=alex_20240424063019_d925dac4-ebd8-441c-b0e5-5414bc634c98): drop table if exists acidTbl2
2024-04-24T06:30:19,238  INFO [main] txn.TxnHandler: Added entries to MIN_HISTORY_LEVEL for current txns: ([3]) with min_open_txn: 1
2024-04-24T06:30:19,238  INFO [main] lockmgr.DbTxnManager: Opened txnid:3
2024-04-24T06:30:19,239  INFO [main] HiveMetaStore.audit: ugi=alex	ip=unknown-ip-addr	cmd=get_table : tbl=hive.default.acidTbl2	
2024-04-24T06:30:19,241  INFO [main] ql.Driver: Semantic Analysis Completed (retrial = false)
2024-04-24T06:30:19,241  INFO [main] ql.Driver: Created Hive schema: Schema(fieldSchemas:null, properties:null)
2024-04-24T06:30:19,241  INFO [main] metadata.Hive: Dumping metastore api call timing information for : compilation phase
2024-04-24T06:30:19,241  INFO [main] metadata.Hive: Total time spent in each metastore function (ms): {openTxn_(String, TxnType)=1, commitTxn_(CommitTxnRequest)=11, getValidTxns_(long)=1, flushCache_()=0, isCompatibleWith_(Configuration)=1}
2024-04-24T06:30:19,242  INFO [main] ql.Driver: Completed compiling command(queryId=alex_20240424063019_d925dac4-ebd8-441c-b0e5-5414bc634c98); Time taken: 0.005 seconds
2024-04-24T06:30:19,242  INFO [main] lockmgr.DbTxnManager: Setting lock request transaction to txnid:3 for queryId=alex_20240424063019_d925dac4-ebd8-441c-b0e5-5414bc634c98
2024-04-24T06:30:19,242  INFO [main] ql.Driver: Operation DROPTABLE obtained 0 locks
2024-04-24T06:30:19,242  INFO [main] ql.Driver: Executing command(queryId=alex_20240424063019_d925dac4-ebd8-441c-b0e5-5414bc634c98): drop table if exists acidTbl2
2024-04-24T06:30:19,242  INFO [main] ql.Driver: Starting task [Stage-0:DDL] in serial mode
2024-04-24T06:30:19,242  INFO [main] HiveMetaStore.audit: ugi=alex	ip=unknown-ip-addr	cmd=get_table : tbl=hive.default.acidTbl2	
2024-04-24T06:30:19,245  INFO [main] metadata.Hive: Dumping metastore api call timing information for : execution phase
2024-04-24T06:30:19,245  INFO [main] metadata.Hive: Total time spent in each metastore function (ms): {isCompatibleWith_(Configuration)=0}
2024-04-24T06:30:19,245  INFO [main] ql.Driver: Completed executing command(queryId=alex_20240424063019_d925dac4-ebd8-441c-b0e5-5414bc634c98); Time taken: 0.003 seconds
2024-04-24T06:30:19,245  INFO [main] lockmgr.DbTxnManager: Stopped heartbeat for query: alex_20240424063019_d925dac4-ebd8-441c-b0e5-5414bc634c98
2024-04-24T06:30:19,250  INFO [main] txn.TxnHandler: Expected to move at least one record from txn_components to completed_txn_components when committing txn! txnid:3
2024-04-24T06:30:19,255  INFO [main] txn.TxnHandler: Removed transactions: ([3]) from MIN_HISTORY_LEVEL
2024-04-24T06:30:19,255  WARN [main] txn.CompactionTxnHandler: No compaction queue record found for Compaction type transaction commit. txnId:3
2024-04-24T06:30:19,256  INFO [main] ql.TxnCommandsBaseForTests: Running the query: drop table if exists nonAcidOrcTbl
2024-04-24T06:30:19,256  INFO [main] ql.Driver: Compiling command(queryId=alex_20240424063019_427d574c-42b6-4590-9511-3e084fd91c7a): drop table if exists nonAcidOrcTbl
2024-04-24T06:30:19,258  INFO [main] txn.TxnHandler: Added entries to MIN_HISTORY_LEVEL for current txns: ([4]) with min_open_txn: 1
2024-04-24T06:30:19,258  INFO [main] lockmgr.DbTxnManager: Opened txnid:4
2024-04-24T06:30:19,258  INFO [main] HiveMetaStore.audit: ugi=alex	ip=unknown-ip-addr	cmd=get_table : tbl=hive.default.nonAcidOrcTbl	
2024-04-24T06:30:19,261  INFO [main] ql.Driver: Semantic Analysis Completed (retrial = false)
2024-04-24T06:30:19,261  INFO [main] ql.Driver: Created Hive schema: Schema(fieldSchemas:null, properties:null)
2024-04-24T06:30:19,261  INFO [main] metadata.Hive: Dumping metastore api call timing information for : compilation phase
2024-04-24T06:30:19,261  INFO [main] metadata.Hive: Total time spent in each metastore function (ms): {isCompatibleWith_(Configuration)=0, flushCache_()=0, openTxn_(String, TxnType)=2, commitTxn_(CommitTxnRequest)=11, getValidTxns_(long)=0}
2024-04-24T06:30:19,261  INFO [main] ql.Driver: Completed compiling command(queryId=alex_20240424063019_427d574c-42b6-4590-9511-3e084fd91c7a); Time taken: 0.005 seconds
2024-04-24T06:30:19,261  INFO [main] lockmgr.DbTxnManager: Setting lock request transaction to txnid:4 for queryId=alex_20240424063019_427d574c-42b6-4590-9511-3e084fd91c7a
2024-04-24T06:30:19,261  INFO [main] ql.Driver: Operation DROPTABLE obtained 0 locks
2024-04-24T06:30:19,262  INFO [main] ql.Driver: Executing command(queryId=alex_20240424063019_427d574c-42b6-4590-9511-3e084fd91c7a): drop table if exists nonAcidOrcTbl
2024-04-24T06:30:19,262  INFO [main] ql.Driver: Starting task [Stage-0:DDL] in serial mode
2024-04-24T06:30:19,262  INFO [main] HiveMetaStore.audit: ugi=alex	ip=unknown-ip-addr	cmd=get_table : tbl=hive.default.nonAcidOrcTbl	
2024-04-24T06:30:19,264  INFO [main] metadata.Hive: Dumping metastore api call timing information for : execution phase
2024-04-24T06:30:19,264  INFO [main] metadata.Hive: Total time spent in each metastore function (ms): {isCompatibleWith_(Configuration)=0}
2024-04-24T06:30:19,265  INFO [main] ql.Driver: Completed executing command(queryId=alex_20240424063019_427d574c-42b6-4590-9511-3e084fd91c7a); Time taken: 0.002 seconds
2024-04-24T06:30:19,265  INFO [main] lockmgr.DbTxnManager: Stopped heartbeat for query: alex_20240424063019_427d574c-42b6-4590-9511-3e084fd91c7a
2024-04-24T06:30:19,270  INFO [main] txn.TxnHandler: Expected to move at least one record from txn_components to completed_txn_components when committing txn! txnid:4
2024-04-24T06:30:19,275  INFO [main] txn.TxnHandler: Removed transactions: ([4]) from MIN_HISTORY_LEVEL
2024-04-24T06:30:19,275  WARN [main] txn.CompactionTxnHandler: No compaction queue record found for Compaction type transaction commit. txnId:4
2024-04-24T06:30:19,276  INFO [main] ql.TxnCommandsBaseForTests: Running the query: drop table if exists nonAcidOrcTbl2
2024-04-24T06:30:19,276  INFO [main] ql.Driver: Compiling command(queryId=alex_20240424063019_2fb44699-b818-456e-a649-42eb5cb80826): drop table if exists nonAcidOrcTbl2
2024-04-24T06:30:19,278  INFO [main] txn.TxnHandler: Added entries to MIN_HISTORY_LEVEL for current txns: ([5]) with min_open_txn: 1
2024-04-24T06:30:19,278  INFO [main] lockmgr.DbTxnManager: Opened txnid:5
2024-04-24T06:30:19,278  INFO [main] HiveMetaStore.audit: ugi=alex	ip=unknown-ip-addr	cmd=get_table : tbl=hive.default.nonAcidOrcTbl2	
2024-04-24T06:30:19,281  INFO [main] ql.Driver: Semantic Analysis Completed (retrial = false)
2024-04-24T06:30:19,281  INFO [main] ql.Driver: Created Hive schema: Schema(fieldSchemas:null, properties:null)
2024-04-24T06:30:19,281  INFO [main] metadata.Hive: Dumping metastore api call timing information for : compilation phase
2024-04-24T06:30:19,281  INFO [main] metadata.Hive: Total time spent in each metastore function (ms): {getValidTxns_(long)=0, flushCache_()=0, isCompatibleWith_(Configuration)=0, commitTxn_(CommitTxnRequest)=11, openTxn_(String, TxnType)=2}
2024-04-24T06:30:19,281  INFO [main] ql.Driver: Completed compiling command(queryId=alex_20240424063019_2fb44699-b818-456e-a649-42eb5cb80826); Time taken: 0.005 seconds
2024-04-24T06:30:19,282  INFO [main] lockmgr.DbTxnManager: Setting lock request transaction to txnid:5 for queryId=alex_20240424063019_2fb44699-b818-456e-a649-42eb5cb80826
2024-04-24T06:30:19,282  INFO [main] ql.Driver: Operation DROPTABLE obtained 0 locks
2024-04-24T06:30:19,282  INFO [main] ql.Driver: Executing command(queryId=alex_20240424063019_2fb44699-b818-456e-a649-42eb5cb80826): drop table if exists nonAcidOrcTbl2
2024-04-24T06:30:19,282  INFO [main] ql.Driver: Starting task [Stage-0:DDL] in serial mode
2024-04-24T06:30:19,282  INFO [main] HiveMetaStore.audit: ugi=alex	ip=unknown-ip-addr	cmd=get_table : tbl=hive.default.nonAcidOrcTbl2	
2024-04-24T06:30:19,284  INFO [main] metadata.Hive: Dumping metastore api call timing information for : execution phase
2024-04-24T06:30:19,284  INFO [main] metadata.Hive: Total time spent in each metastore function (ms): {isCompatibleWith_(Configuration)=0}
2024-04-24T06:30:19,285  INFO [main] ql.Driver: Completed executing command(queryId=alex_20240424063019_2fb44699-b818-456e-a649-42eb5cb80826); Time taken: 0.002 seconds
2024-04-24T06:30:19,285  INFO [main] lockmgr.DbTxnManager: Stopped heartbeat for query: alex_20240424063019_2fb44699-b818-456e-a649-42eb5cb80826
2024-04-24T06:30:19,289  INFO [main] txn.TxnHandler: Expected to move at least one record from txn_components to completed_txn_components when committing txn! txnid:5
2024-04-24T06:30:19,295  INFO [main] txn.TxnHandler: Removed transactions: ([5]) from MIN_HISTORY_LEVEL
2024-04-24T06:30:19,295  WARN [main] txn.CompactionTxnHandler: No compaction queue record found for Compaction type transaction commit. txnId:5
2024-04-24T06:30:19,296  INFO [main] ql.TxnCommandsBaseForTests: Running the query: drop table if exists nonAcidNonBucket
2024-04-24T06:30:19,296  INFO [main] ql.Driver: Compiling command(queryId=alex_20240424063019_ea084c05-72c7-4fb1-94a1-039ccb3aba35): drop table if exists nonAcidNonBucket
2024-04-24T06:30:19,298  INFO [main] txn.TxnHandler: Added entries to MIN_HISTORY_LEVEL for current txns: ([6]) with min_open_txn: 1
2024-04-24T06:30:19,298  INFO [main] lockmgr.DbTxnManager: Opened txnid:6
2024-04-24T06:30:19,298  INFO [main] HiveMetaStore.audit: ugi=alex	ip=unknown-ip-addr	cmd=get_table : tbl=hive.default.nonAcidNonBucket	
2024-04-24T06:30:19,301  INFO [main] ql.Driver: Semantic Analysis Completed (retrial = false)
2024-04-24T06:30:19,301  INFO [main] ql.Driver: Created Hive schema: Schema(fieldSchemas:null, properties:null)
2024-04-24T06:30:19,301  INFO [main] metadata.Hive: Dumping metastore api call timing information for : compilation phase
2024-04-24T06:30:19,301  INFO [main] metadata.Hive: Total time spent in each metastore function (ms): {openTxn_(String, TxnType)=2, flushCache_()=0, getValidTxns_(long)=0, commitTxn_(CommitTxnRequest)=10, isCompatibleWith_(Configuration)=0}
2024-04-24T06:30:19,301  INFO [main] ql.Driver: Completed compiling command(queryId=alex_20240424063019_ea084c05-72c7-4fb1-94a1-039ccb3aba35); Time taken: 0.005 seconds
2024-04-24T06:30:19,301  INFO [main] lockmgr.DbTxnManager: Setting lock request transaction to txnid:6 for queryId=alex_20240424063019_ea084c05-72c7-4fb1-94a1-039ccb3aba35
2024-04-24T06:30:19,301  INFO [main] ql.Driver: Operation DROPTABLE obtained 0 locks
2024-04-24T06:30:19,301  INFO [main] ql.Driver: Executing command(queryId=alex_20240424063019_ea084c05-72c7-4fb1-94a1-039ccb3aba35): drop table if exists nonAcidNonBucket
2024-04-24T06:30:19,301  INFO [main] ql.Driver: Starting task [Stage-0:DDL] in serial mode
2024-04-24T06:30:19,302  INFO [main] HiveMetaStore.audit: ugi=alex	ip=unknown-ip-addr	cmd=get_table : tbl=hive.default.nonAcidNonBucket	
2024-04-24T06:30:19,304  INFO [main] metadata.Hive: Dumping metastore api call timing information for : execution phase
2024-04-24T06:30:19,304  INFO [main] metadata.Hive: Total time spent in each metastore function (ms): {isCompatibleWith_(Configuration)=0}
2024-04-24T06:30:19,304  INFO [main] ql.Driver: Completed executing command(queryId=alex_20240424063019_ea084c05-72c7-4fb1-94a1-039ccb3aba35); Time taken: 0.003 seconds
2024-04-24T06:30:19,304  INFO [main] lockmgr.DbTxnManager: Stopped heartbeat for query: alex_20240424063019_ea084c05-72c7-4fb1-94a1-039ccb3aba35
2024-04-24T06:30:19,310  INFO [main] txn.TxnHandler: Expected to move at least one record from txn_components to completed_txn_components when committing txn! txnid:6
2024-04-24T06:30:19,316  INFO [main] txn.TxnHandler: Removed transactions: ([6]) from MIN_HISTORY_LEVEL
2024-04-24T06:30:19,316  WARN [main] txn.CompactionTxnHandler: No compaction queue record found for Compaction type transaction commit. txnId:6
2024-04-24T06:30:19,316  INFO [main] ql.TxnCommandsBaseForTests: Running the query: create table acidTbl(a int, b int) clustered by (a) into 2 buckets stored as orc TBLPROPERTIES ('transactional'='true')
2024-04-24T06:30:19,316  INFO [main] ql.Driver: Compiling command(queryId=alex_20240424063019_6298f9f0-c773-4433-916a-0125543a72c4): create table acidTbl(a int, b int) clustered by (a) into 2 buckets stored as orc TBLPROPERTIES ('transactional'='true')
2024-04-24T06:30:19,318  INFO [main] txn.TxnHandler: Added entries to MIN_HISTORY_LEVEL for current txns: ([7]) with min_open_txn: 1
2024-04-24T06:30:19,318  INFO [main] lockmgr.DbTxnManager: Opened txnid:7
2024-04-24T06:30:19,319  INFO [main] parse.CalcitePlanner: Starting caching scope for: 
2024-04-24T06:30:19,319  INFO [main] parse.CalcitePlanner: Starting Semantic Analysis
2024-04-24T06:30:19,324  INFO [main] parse.CalcitePlanner: Creating table default.acidTbl position=13
2024-04-24T06:30:19,324  INFO [main] HiveMetaStore.audit: ugi=alex	ip=unknown-ip-addr	cmd=get_database: default	
2024-04-24T06:30:19,326  INFO [main] parse.CalcitePlanner: Ending caching scope for: 
2024-04-24T06:30:19,326  INFO [main] ql.Driver: Semantic Analysis Completed (retrial = false)
2024-04-24T06:30:19,326  INFO [main] ql.Driver: Created Hive schema: Schema(fieldSchemas:null, properties:null)
2024-04-24T06:30:19,326  INFO [main] metadata.Hive: Dumping metastore api call timing information for : compilation phase
2024-04-24T06:30:19,326  INFO [main] metadata.Hive: Total time spent in each metastore function (ms): {getValidWriteIds_(List, String)=5, commitTxn_(CommitTxnRequest)=12, isCompatibleWith_(Configuration)=1, openTxn_(String, TxnType)=1, getValidTxns_(long)=0, getDatabase_(String)=2, flushCache_()=0}
2024-04-24T06:30:19,326  INFO [main] ql.Driver: Completed compiling command(queryId=alex_20240424063019_6298f9f0-c773-4433-916a-0125543a72c4); Time taken: 0.01 seconds
2024-04-24T06:30:19,326  INFO [main] lockmgr.DbTxnManager: Setting lock request transaction to txnid:7 for queryId=alex_20240424063019_6298f9f0-c773-4433-916a-0125543a72c4
2024-04-24T06:30:19,326  INFO [main] lockmgr.DbLockManager: Requesting lock for queryId=alex_20240424063019_6298f9f0-c773-4433-916a-0125543a72c4
2024-04-24T06:30:19,343  INFO [main] lockmgr.DbLockManager: Response to queryId=alex_20240424063019_6298f9f0-c773-4433-916a-0125543a72c4 LockResponse(lockid:1, state:ACQUIRED)
2024-04-24T06:30:19,343  INFO [main] ql.Driver: Operation CREATETABLE obtained 1 locks
2024-04-24T06:30:19,344  INFO [main] ql.Driver: Executing command(queryId=alex_20240424063019_6298f9f0-c773-4433-916a-0125543a72c4): create table acidTbl(a int, b int) clustered by (a) into 2 buckets stored as orc TBLPROPERTIES ('transactional'='true')
2024-04-24T06:30:19,344  INFO [main] ql.Driver: Starting task [Stage-0:DDL] in serial mode
2024-04-24T06:30:19,345  INFO [main] HiveMetaStore.audit: ugi=alex	ip=unknown-ip-addr	cmd=create_table_req: Table(tableName:acidTbl, dbName:default, owner:alex, createTime:1713965419, lastAccessTime:0, retention:0, sd:StorageDescriptor(cols:[FieldSchema(name:a, type:int, comment:null), FieldSchema(name:b, type:int, comment:null)], location:null, inputFormat:org.apache.hadoop.hive.ql.io.orc.OrcInputFormat, outputFormat:org.apache.hadoop.hive.ql.io.orc.OrcOutputFormat, compressed:false, numBuckets:2, serdeInfo:SerDeInfo(name:null, serializationLib:org.apache.hadoop.hive.ql.io.orc.OrcSerde, parameters:{serialization.format=1}), bucketCols:[a], sortCols:[], parameters:{}, skewedInfo:SkewedInfo(skewedColNames:[], skewedColValues:[], skewedColValueLocationMaps:{}), storedAsSubDirectories:false), partitionKeys:[], parameters:{rawDataSize=0, totalSize=0, numRows=0, COLUMN_STATS_ACCURATE={"BASIC_STATS":"true","COLUMN_STATS":{"a":"true","b":"true"}}, numFilesErasureCoded=0, transactional=true, numFiles=0, bucketing_version=2}, viewOriginalText:null, viewExpandedText:null, tableType:MANAGED_TABLE, privileges:PrincipalPrivilegeSet(userPrivileges:{alex=[PrivilegeGrantInfo(privilege:INSERT, createTime:-1, grantor:alex, grantorType:USER, grantOption:true), PrivilegeGrantInfo(privilege:SELECT, createTime:-1, grantor:alex, grantorType:USER, grantOption:true), PrivilegeGrantInfo(privilege:UPDATE, createTime:-1, grantor:alex, grantorType:USER, grantOption:true), PrivilegeGrantInfo(privilege:DELETE, createTime:-1, grantor:alex, grantorType:USER, grantOption:true)]}, groupPrivileges:null, rolePrivileges:null), temporary:false, catName:hive, ownerType:USER, writeId:0)	
2024-04-24T06:30:19,350  INFO [main] utils.FileUtils: Creating directory if it doesn't exist: file:/home/alex/Repositories/hive/ql/target/tmp/org.apache.hadoop.hive.ql.TestTxnCommands-1713965238357/warehouse/acidtbl
2024-04-24T06:30:19,387  INFO [main] metadata.Hive: Dumping metastore api call timing information for : execution phase
2024-04-24T06:30:19,387  INFO [main] metadata.Hive: Total time spent in each metastore function (ms): {createTable_(Table)=42, isCompatibleWith_(Configuration)=0}
2024-04-24T06:30:19,387  INFO [main] ql.Driver: Completed executing command(queryId=alex_20240424063019_6298f9f0-c773-4433-916a-0125543a72c4); Time taken: 0.043 seconds
2024-04-24T06:30:19,387  INFO [main] lockmgr.DbTxnManager: Stopped heartbeat for query: alex_20240424063019_6298f9f0-c773-4433-916a-0125543a72c4
2024-04-24T06:30:19,391  INFO [main] txn.TxnHandler: Expected to move at least one record from txn_components to completed_txn_components when committing txn! txnid:7
2024-04-24T06:30:19,396  INFO [main] txn.TxnHandler: Removed transactions: ([7]) from MIN_HISTORY_LEVEL
2024-04-24T06:30:19,396  WARN [main] txn.CompactionTxnHandler: No compaction queue record found for Compaction type transaction commit. txnId:7
2024-04-24T06:30:19,397  INFO [main] ql.TxnCommandsBaseForTests: Running the query: create table acidTblPart(a int, b int) partitioned by (p string) clustered by (a) into 2 buckets stored as orc TBLPROPERTIES ('transactional'='true')
2024-04-24T06:30:19,397  INFO [main] ql.Driver: Compiling command(queryId=alex_20240424063019_0c295267-405b-4927-aca2-d0c074769ece): create table acidTblPart(a int, b int) partitioned by (p string) clustered by (a) into 2 buckets stored as orc TBLPROPERTIES ('transactional'='true')
2024-04-24T06:30:19,399  INFO [main] txn.TxnHandler: Added entries to MIN_HISTORY_LEVEL for current txns: ([8]) with min_open_txn: 1
2024-04-24T06:30:19,399  INFO [main] lockmgr.DbTxnManager: Opened txnid:8
2024-04-24T06:30:19,399  INFO [main] parse.CalcitePlanner: Starting caching scope for: 
2024-04-24T06:30:19,400  INFO [main] parse.CalcitePlanner: Starting Semantic Analysis
2024-04-24T06:30:19,402  INFO [main] parse.CalcitePlanner: Creating table default.acidTblPart position=13
2024-04-24T06:30:19,402  INFO [main] HiveMetaStore.audit: ugi=alex	ip=unknown-ip-addr	cmd=get_database: default	
2024-04-24T06:30:19,403  INFO [main] parse.CalcitePlanner: Ending caching scope for: 
2024-04-24T06:30:19,403  INFO [main] ql.Driver: Semantic Analysis Completed (retrial = false)
2024-04-24T06:30:19,404  INFO [main] ql.Driver: Created Hive schema: Schema(fieldSchemas:null, properties:null)
2024-04-24T06:30:19,404  INFO [main] metadata.Hive: Dumping metastore api call timing information for : compilation phase
2024-04-24T06:30:19,404  INFO [main] metadata.Hive: Total time spent in each metastore function (ms): {isCompatibleWith_(Configuration)=0, flushCache_()=0, openTxn_(String, TxnType)=2, getValidWriteIds_(List, String)=2, getDatabase_(String)=1, getValidTxns_(long)=0, commitTxn_(CommitTxnRequest)=10}
2024-04-24T06:30:19,404  INFO [main] ql.Driver: Completed compiling command(queryId=alex_20240424063019_0c295267-405b-4927-aca2-d0c074769ece); Time taken: 0.007 seconds
2024-04-24T06:30:19,404  INFO [main] lockmgr.DbTxnManager: Setting lock request transaction to txnid:8 for queryId=alex_20240424063019_0c295267-405b-4927-aca2-d0c074769ece
2024-04-24T06:30:19,404  INFO [main] lockmgr.DbLockManager: Requesting lock for queryId=alex_20240424063019_0c295267-405b-4927-aca2-d0c074769ece
2024-04-24T06:30:19,418  INFO [main] lockmgr.DbLockManager: Response to queryId=alex_20240424063019_0c295267-405b-4927-aca2-d0c074769ece LockResponse(lockid:2, state:ACQUIRED)
2024-04-24T06:30:19,418  INFO [main] ql.Driver: Operation CREATETABLE obtained 1 locks
2024-04-24T06:30:19,418  INFO [main] ql.Driver: Executing command(queryId=alex_20240424063019_0c295267-405b-4927-aca2-d0c074769ece): create table acidTblPart(a int, b int) partitioned by (p string) clustered by (a) into 2 buckets stored as orc TBLPROPERTIES ('transactional'='true')
2024-04-24T06:30:19,418  INFO [main] ql.Driver: Starting task [Stage-0:DDL] in serial mode
2024-04-24T06:30:19,419  INFO [main] HiveMetaStore.audit: ugi=alex	ip=unknown-ip-addr	cmd=create_table_req: Table(tableName:acidTblPart, dbName:default, owner:alex, createTime:1713965419, lastAccessTime:0, retention:0, sd:StorageDescriptor(cols:[FieldSchema(name:a, type:int, comment:null), FieldSchema(name:b, type:int, comment:null)], location:null, inputFormat:org.apache.hadoop.hive.ql.io.orc.OrcInputFormat, outputFormat:org.apache.hadoop.hive.ql.io.orc.OrcOutputFormat, compressed:false, numBuckets:2, serdeInfo:SerDeInfo(name:null, serializationLib:org.apache.hadoop.hive.ql.io.orc.OrcSerde, parameters:{serialization.format=1}), bucketCols:[a], sortCols:[], parameters:{}, skewedInfo:SkewedInfo(skewedColNames:[], skewedColValues:[], skewedColValueLocationMaps:{}), storedAsSubDirectories:false), partitionKeys:[FieldSchema(name:p, type:string, comment:null)], parameters:{transactional=true, bucketing_version=2}, viewOriginalText:null, viewExpandedText:null, tableType:MANAGED_TABLE, privileges:PrincipalPrivilegeSet(userPrivileges:{alex=[PrivilegeGrantInfo(privilege:INSERT, createTime:-1, grantor:alex, grantorType:USER, grantOption:true), PrivilegeGrantInfo(privilege:SELECT, createTime:-1, grantor:alex, grantorType:USER, grantOption:true), PrivilegeGrantInfo(privilege:UPDATE, createTime:-1, grantor:alex, grantorType:USER, grantOption:true), PrivilegeGrantInfo(privilege:DELETE, createTime:-1, grantor:alex, grantorType:USER, grantOption:true)]}, groupPrivileges:null, rolePrivileges:null), temporary:false, catName:hive, ownerType:USER, writeId:0)	
2024-04-24T06:30:19,424  INFO [main] utils.FileUtils: Creating directory if it doesn't exist: file:/home/alex/Repositories/hive/ql/target/tmp/org.apache.hadoop.hive.ql.TestTxnCommands-1713965238357/warehouse/acidtblpart
2024-04-24T06:30:19,439  INFO [main] metadata.Hive: Dumping metastore api call timing information for : execution phase
2024-04-24T06:30:19,439  INFO [main] metadata.Hive: Total time spent in each metastore function (ms): {isCompatibleWith_(Configuration)=0, createTable_(Table)=20}
2024-04-24T06:30:19,439  INFO [main] ql.Driver: Completed executing command(queryId=alex_20240424063019_0c295267-405b-4927-aca2-d0c074769ece); Time taken: 0.021 seconds
2024-04-24T06:30:19,439  INFO [main] lockmgr.DbTxnManager: Stopped heartbeat for query: alex_20240424063019_0c295267-405b-4927-aca2-d0c074769ece
2024-04-24T06:30:19,443  INFO [main] txn.TxnHandler: Expected to move at least one record from txn_components to completed_txn_components when committing txn! txnid:8
2024-04-24T06:30:19,450  INFO [main] txn.TxnHandler: Removed transactions: ([8]) from MIN_HISTORY_LEVEL
2024-04-24T06:30:19,451  WARN [main] txn.CompactionTxnHandler: No compaction queue record found for Compaction type transaction commit. txnId:8
2024-04-24T06:30:19,451  INFO [main] ql.TxnCommandsBaseForTests: Running the query: create table nonAcidOrcTbl(a int, b int) clustered by (a) into 2 buckets stored as orc TBLPROPERTIES ('transactional'='false')
2024-04-24T06:30:19,451  INFO [main] ql.Driver: Compiling command(queryId=alex_20240424063019_d9ba1e86-e194-4bf0-95ca-741ee7e45c15): create table nonAcidOrcTbl(a int, b int) clustered by (a) into 2 buckets stored as orc TBLPROPERTIES ('transactional'='false')
2024-04-24T06:30:19,453  INFO [main] txn.TxnHandler: Added entries to MIN_HISTORY_LEVEL for current txns: ([9]) with min_open_txn: 1
2024-04-24T06:30:19,454  INFO [main] lockmgr.DbTxnManager: Opened txnid:9
2024-04-24T06:30:19,454  INFO [main] parse.CalcitePlanner: Starting caching scope for: 
2024-04-24T06:30:19,454  INFO [main] parse.CalcitePlanner: Starting Semantic Analysis
2024-04-24T06:30:19,456  INFO [main] parse.CalcitePlanner: Creating table default.nonAcidOrcTbl position=13
2024-04-24T06:30:19,457  INFO [main] HiveMetaStore.audit: ugi=alex	ip=unknown-ip-addr	cmd=get_database: default	
2024-04-24T06:30:19,458  INFO [main] parse.CalcitePlanner: Ending caching scope for: 
2024-04-24T06:30:19,458  INFO [main] ql.Driver: Semantic Analysis Completed (retrial = false)
2024-04-24T06:30:19,458  INFO [main] ql.Driver: Created Hive schema: Schema(fieldSchemas:null, properties:null)
2024-04-24T06:30:19,458  INFO [main] metadata.Hive: Dumping metastore api call timing information for : compilation phase
2024-04-24T06:30:19,458  INFO [main] metadata.Hive: Total time spent in each metastore function (ms): {flushCache_()=0, getDatabase_(String)=1, getValidTxns_(long)=0, getValidWriteIds_(List, String)=2, openTxn_(String, TxnType)=2, isCompatibleWith_(Configuration)=0, commitTxn_(CommitTxnRequest)=12}
2024-04-24T06:30:19,459  INFO [main] ql.Driver: Completed compiling command(queryId=alex_20240424063019_d9ba1e86-e194-4bf0-95ca-741ee7e45c15); Time taken: 0.007 seconds
2024-04-24T06:30:19,459  INFO [main] lockmgr.DbTxnManager: Setting lock request transaction to txnid:9 for queryId=alex_20240424063019_d9ba1e86-e194-4bf0-95ca-741ee7e45c15
2024-04-24T06:30:19,459  INFO [main] lockmgr.DbLockManager: Requesting lock for queryId=alex_20240424063019_d9ba1e86-e194-4bf0-95ca-741ee7e45c15
2024-04-24T06:30:19,474  INFO [main] lockmgr.DbLockManager: Response to queryId=alex_20240424063019_d9ba1e86-e194-4bf0-95ca-741ee7e45c15 LockResponse(lockid:3, state:ACQUIRED)
2024-04-24T06:30:19,474  INFO [main] ql.Driver: Operation CREATETABLE obtained 1 locks
2024-04-24T06:30:19,474  INFO [main] ql.Driver: Executing command(queryId=alex_20240424063019_d9ba1e86-e194-4bf0-95ca-741ee7e45c15): create table nonAcidOrcTbl(a int, b int) clustered by (a) into 2 buckets stored as orc TBLPROPERTIES ('transactional'='false')
2024-04-24T06:30:19,474  INFO [main] ql.Driver: Starting task [Stage-0:DDL] in serial mode
2024-04-24T06:30:19,475  INFO [main] HiveMetaStore.audit: ugi=alex	ip=unknown-ip-addr	cmd=create_table_req: Table(tableName:nonAcidOrcTbl, dbName:default, owner:alex, createTime:1713965419, lastAccessTime:0, retention:0, sd:StorageDescriptor(cols:[FieldSchema(name:a, type:int, comment:null), FieldSchema(name:b, type:int, comment:null)], location:null, inputFormat:org.apache.hadoop.hive.ql.io.orc.OrcInputFormat, outputFormat:org.apache.hadoop.hive.ql.io.orc.OrcOutputFormat, compressed:false, numBuckets:2, serdeInfo:SerDeInfo(name:null, serializationLib:org.apache.hadoop.hive.ql.io.orc.OrcSerde, parameters:{serialization.format=1}), bucketCols:[a], sortCols:[], parameters:{}, skewedInfo:SkewedInfo(skewedColNames:[], skewedColValues:[], skewedColValueLocationMaps:{}), storedAsSubDirectories:false), partitionKeys:[], parameters:{numFilesErasureCoded=0, numRows=0, COLUMN_STATS_ACCURATE={"BASIC_STATS":"true","COLUMN_STATS":{"a":"true","b":"true"}}, numFiles=0, bucketing_version=2, totalSize=0, rawDataSize=0, transactional=false}, viewOriginalText:null, viewExpandedText:null, tableType:MANAGED_TABLE, privileges:PrincipalPrivilegeSet(userPrivileges:{alex=[PrivilegeGrantInfo(privilege:INSERT, createTime:-1, grantor:alex, grantorType:USER, grantOption:true), PrivilegeGrantInfo(privilege:SELECT, createTime:-1, grantor:alex, grantorType:USER, grantOption:true), PrivilegeGrantInfo(privilege:UPDATE, createTime:-1, grantor:alex, grantorType:USER, grantOption:true), PrivilegeGrantInfo(privilege:DELETE, createTime:-1, grantor:alex, grantorType:USER, grantOption:true)]}, groupPrivileges:null, rolePrivileges:null), temporary:false, catName:hive, ownerType:USER)	
2024-04-24T06:30:19,480  INFO [main] utils.FileUtils: Creating directory if it doesn't exist: file:/home/alex/Repositories/hive/ql/target/tmp/org.apache.hadoop.hive.ql.TestTxnCommands-1713965238357/warehouse/nonacidorctbl
2024-04-24T06:30:19,494  INFO [main] metadata.Hive: Dumping metastore api call timing information for : execution phase
2024-04-24T06:30:19,495  INFO [main] metadata.Hive: Total time spent in each metastore function (ms): {createTable_(Table)=19, isCompatibleWith_(Configuration)=0}
2024-04-24T06:30:19,495  INFO [main] ql.Driver: Completed executing command(queryId=alex_20240424063019_d9ba1e86-e194-4bf0-95ca-741ee7e45c15); Time taken: 0.02 seconds
2024-04-24T06:30:19,495  INFO [main] lockmgr.DbTxnManager: Stopped heartbeat for query: alex_20240424063019_d9ba1e86-e194-4bf0-95ca-741ee7e45c15
2024-04-24T06:30:19,499  INFO [main] txn.TxnHandler: Expected to move at least one record from txn_components to completed_txn_components when committing txn! txnid:9
2024-04-24T06:30:19,505  INFO [main] txn.TxnHandler: Removed transactions: ([9]) from MIN_HISTORY_LEVEL
2024-04-24T06:30:19,505  WARN [main] txn.CompactionTxnHandler: No compaction queue record found for Compaction type transaction commit. txnId:9
2024-04-24T06:30:19,506  INFO [main] ql.TxnCommandsBaseForTests: Running the query: create table nonAcidOrcTbl2(a int, b int) clustered by (a) into 2 buckets stored as orc TBLPROPERTIES ('transactional'='false')
2024-04-24T06:30:19,506  INFO [main] ql.Driver: Compiling command(queryId=alex_20240424063019_01371d32-760c-44e6-b5d7-82c963798b36): create table nonAcidOrcTbl2(a int, b int) clustered by (a) into 2 buckets stored as orc TBLPROPERTIES ('transactional'='false')
2024-04-24T06:30:19,508  INFO [main] txn.TxnHandler: Added entries to MIN_HISTORY_LEVEL for current txns: ([10]) with min_open_txn: 1
2024-04-24T06:30:19,508  INFO [main] lockmgr.DbTxnManager: Opened txnid:10
2024-04-24T06:30:19,508  INFO [main] parse.CalcitePlanner: Starting caching scope for: 
2024-04-24T06:30:19,508  INFO [main] parse.CalcitePlanner: Starting Semantic Analysis
2024-04-24T06:30:19,511  INFO [main] parse.CalcitePlanner: Creating table default.nonAcidOrcTbl2 position=13
2024-04-24T06:30:19,511  INFO [main] HiveMetaStore.audit: ugi=alex	ip=unknown-ip-addr	cmd=get_database: default	
2024-04-24T06:30:19,512  INFO [main] parse.CalcitePlanner: Ending caching scope for: 
2024-04-24T06:30:19,512  INFO [main] ql.Driver: Semantic Analysis Completed (retrial = false)
2024-04-24T06:30:19,513  INFO [main] ql.Driver: Created Hive schema: Schema(fieldSchemas:null, properties:null)
2024-04-24T06:30:19,513  INFO [main] metadata.Hive: Dumping metastore api call timing information for : compilation phase
2024-04-24T06:30:19,513  INFO [main] metadata.Hive: Total time spent in each metastore function (ms): {openTxn_(String, TxnType)=2, commitTxn_(CommitTxnRequest)=10, flushCache_()=0, getDatabase_(String)=1, getValidTxns_(long)=0, isCompatibleWith_(Configuration)=0, getValidWriteIds_(List, String)=2}
2024-04-24T06:30:19,513  INFO [main] ql.Driver: Completed compiling command(queryId=alex_20240424063019_01371d32-760c-44e6-b5d7-82c963798b36); Time taken: 0.007 seconds
2024-04-24T06:30:19,513  INFO [main] lockmgr.DbTxnManager: Setting lock request transaction to txnid:10 for queryId=alex_20240424063019_01371d32-760c-44e6-b5d7-82c963798b36
2024-04-24T06:30:19,513  INFO [main] lockmgr.DbLockManager: Requesting lock for queryId=alex_20240424063019_01371d32-760c-44e6-b5d7-82c963798b36
2024-04-24T06:30:19,529  INFO [main] lockmgr.DbLockManager: Response to queryId=alex_20240424063019_01371d32-760c-44e6-b5d7-82c963798b36 LockResponse(lockid:4, state:ACQUIRED)
2024-04-24T06:30:19,529  INFO [main] ql.Driver: Operation CREATETABLE obtained 1 locks
2024-04-24T06:30:19,529  INFO [main] ql.Driver: Executing command(queryId=alex_20240424063019_01371d32-760c-44e6-b5d7-82c963798b36): create table nonAcidOrcTbl2(a int, b int) clustered by (a) into 2 buckets stored as orc TBLPROPERTIES ('transactional'='false')
2024-04-24T06:30:19,529  INFO [main] ql.Driver: Starting task [Stage-0:DDL] in serial mode
2024-04-24T06:30:19,530  INFO [main] HiveMetaStore.audit: ugi=alex	ip=unknown-ip-addr	cmd=create_table_req: Table(tableName:nonAcidOrcTbl2, dbName:default, owner:alex, createTime:1713965419, lastAccessTime:0, retention:0, sd:StorageDescriptor(cols:[FieldSchema(name:a, type:int, comment:null), FieldSchema(name:b, type:int, comment:null)], location:null, inputFormat:org.apache.hadoop.hive.ql.io.orc.OrcInputFormat, outputFormat:org.apache.hadoop.hive.ql.io.orc.OrcOutputFormat, compressed:false, numBuckets:2, serdeInfo:SerDeInfo(name:null, serializationLib:org.apache.hadoop.hive.ql.io.orc.OrcSerde, parameters:{serialization.format=1}), bucketCols:[a], sortCols:[], parameters:{}, skewedInfo:SkewedInfo(skewedColNames:[], skewedColValues:[], skewedColValueLocationMaps:{}), storedAsSubDirectories:false), partitionKeys:[], parameters:{numFilesErasureCoded=0, numFiles=0, numRows=0, bucketing_version=2, totalSize=0, COLUMN_STATS_ACCURATE={"BASIC_STATS":"true","COLUMN_STATS":{"a":"true","b":"true"}}, rawDataSize=0, transactional=false}, viewOriginalText:null, viewExpandedText:null, tableType:MANAGED_TABLE, privileges:PrincipalPrivilegeSet(userPrivileges:{alex=[PrivilegeGrantInfo(privilege:INSERT, createTime:-1, grantor:alex, grantorType:USER, grantOption:true), PrivilegeGrantInfo(privilege:SELECT, createTime:-1, grantor:alex, grantorType:USER, grantOption:true), PrivilegeGrantInfo(privilege:UPDATE, createTime:-1, grantor:alex, grantorType:USER, grantOption:true), PrivilegeGrantInfo(privilege:DELETE, createTime:-1, grantor:alex, grantorType:USER, grantOption:true)]}, groupPrivileges:null, rolePrivileges:null), temporary:false, catName:hive, ownerType:USER)	
2024-04-24T06:30:19,535  INFO [main] utils.FileUtils: Creating directory if it doesn't exist: file:/home/alex/Repositories/hive/ql/target/tmp/org.apache.hadoop.hive.ql.TestTxnCommands-1713965238357/warehouse/nonacidorctbl2
2024-04-24T06:30:19,549  INFO [main] metadata.Hive: Dumping metastore api call timing information for : execution phase
2024-04-24T06:30:19,549  INFO [main] metadata.Hive: Total time spent in each metastore function (ms): {isCompatibleWith_(Configuration)=0, createTable_(Table)=19}
2024-04-24T06:30:19,549  INFO [main] ql.Driver: Completed executing command(queryId=alex_20240424063019_01371d32-760c-44e6-b5d7-82c963798b36); Time taken: 0.02 seconds
2024-04-24T06:30:19,549  INFO [main] lockmgr.DbTxnManager: Stopped heartbeat for query: alex_20240424063019_01371d32-760c-44e6-b5d7-82c963798b36
2024-04-24T06:30:19,553  INFO [main] txn.TxnHandler: Expected to move at least one record from txn_components to completed_txn_components when committing txn! txnid:10
2024-04-24T06:30:19,560  INFO [main] txn.TxnHandler: Removed transactions: ([10]) from MIN_HISTORY_LEVEL
2024-04-24T06:30:19,560  WARN [main] txn.CompactionTxnHandler: No compaction queue record found for Compaction type transaction commit. txnId:10
2024-04-24T06:30:19,560  INFO [main] ql.TxnCommandsBaseForTests: Running the query: create temporary  table acidTbl2(a int, b int, c int) clustered by (c) into 2 buckets stored as orc TBLPROPERTIES ('transactional'='true')
2024-04-24T06:30:19,560  INFO [main] ql.Driver: Compiling command(queryId=alex_20240424063019_30d39e9b-31bf-43df-8c8b-5d0bff5ceea5): create temporary  table acidTbl2(a int, b int, c int) clustered by (c) into 2 buckets stored as orc TBLPROPERTIES ('transactional'='true')
2024-04-24T06:30:19,563  INFO [main] txn.TxnHandler: Added entries to MIN_HISTORY_LEVEL for current txns: ([11]) with min_open_txn: 1
2024-04-24T06:30:19,563  INFO [main] lockmgr.DbTxnManager: Opened txnid:11
2024-04-24T06:30:19,564  INFO [main] parse.CalcitePlanner: Starting caching scope for: 
2024-04-24T06:30:19,564  INFO [main] parse.CalcitePlanner: Starting Semantic Analysis
2024-04-24T06:30:19,566  INFO [main] parse.CalcitePlanner: Creating table default.acidTbl2 position=24
2024-04-24T06:30:19,566  INFO [main] HiveMetaStore.audit: ugi=alex	ip=unknown-ip-addr	cmd=get_database: default	
2024-04-24T06:30:19,569  INFO [main] parse.CalcitePlanner: Ending caching scope for: 
2024-04-24T06:30:19,569  INFO [main] ql.Driver: Semantic Analysis Completed (retrial = false)
2024-04-24T06:30:19,569  INFO [main] ql.Driver: Created Hive schema: Schema(fieldSchemas:null, properties:null)
2024-04-24T06:30:19,569  INFO [main] metadata.Hive: Dumping metastore api call timing information for : compilation phase
2024-04-24T06:30:19,569  INFO [main] metadata.Hive: Total time spent in each metastore function (ms): {flushCache_()=0, isCompatibleWith_(Configuration)=0, getValidWriteIds_(List, String)=2, getValidTxns_(long)=1, commitTxn_(CommitTxnRequest)=11, openTxn_(String, TxnType)=2, getDatabase_(String)=2}
2024-04-24T06:30:19,569  INFO [main] ql.Driver: Completed compiling command(queryId=alex_20240424063019_30d39e9b-31bf-43df-8c8b-5d0bff5ceea5); Time taken: 0.009 seconds
2024-04-24T06:30:19,569  INFO [main] lockmgr.DbTxnManager: Setting lock request transaction to txnid:11 for queryId=alex_20240424063019_30d39e9b-31bf-43df-8c8b-5d0bff5ceea5
2024-04-24T06:30:19,570  INFO [main] lockmgr.DbLockManager: Requesting lock for queryId=alex_20240424063019_30d39e9b-31bf-43df-8c8b-5d0bff5ceea5
2024-04-24T06:30:19,585  INFO [main] lockmgr.DbLockManager: Response to queryId=alex_20240424063019_30d39e9b-31bf-43df-8c8b-5d0bff5ceea5 LockResponse(lockid:5, state:ACQUIRED)
2024-04-24T06:30:19,585  INFO [main] ql.Driver: Operation CREATETABLE obtained 1 locks
2024-04-24T06:30:19,586  INFO [main] ql.Driver: Executing command(queryId=alex_20240424063019_30d39e9b-31bf-43df-8c8b-5d0bff5ceea5): create temporary  table acidTbl2(a int, b int, c int) clustered by (c) into 2 buckets stored as orc TBLPROPERTIES ('transactional'='true')
2024-04-24T06:30:19,586  INFO [main] ql.Driver: Starting task [Stage-0:DDL] in serial mode
2024-04-24T06:30:19,587  INFO [main] utils.FileUtils: Creating directory if it doesn't exist: file:/home/alex/Repositories/hive/ql/target/tmp/scratchdir/alex/9c10b63f-d790-4b1c-b086-b946fce73ce1/_tmp_space.db/4286b24a-3811-4b33-bf69-0deedaadb8ad
2024-04-24T06:30:19,589  INFO [main] metadata.Hive: Dumping metastore api call timing information for : execution phase
2024-04-24T06:30:19,589  INFO [main] metadata.Hive: Total time spent in each metastore function (ms): {createTable_(Table)=3, isCompatibleWith_(Configuration)=0}
2024-04-24T06:30:19,590  INFO [main] ql.Driver: Completed executing command(queryId=alex_20240424063019_30d39e9b-31bf-43df-8c8b-5d0bff5ceea5); Time taken: 0.003 seconds
2024-04-24T06:30:19,590  INFO [main] lockmgr.DbTxnManager: Stopped heartbeat for query: alex_20240424063019_30d39e9b-31bf-43df-8c8b-5d0bff5ceea5
2024-04-24T06:30:19,594  INFO [main] txn.TxnHandler: Expected to move at least one record from txn_components to completed_txn_components when committing txn! txnid:11
2024-04-24T06:30:19,600  INFO [main] txn.TxnHandler: Removed transactions: ([11]) from MIN_HISTORY_LEVEL
2024-04-24T06:30:19,601  WARN [main] txn.CompactionTxnHandler: No compaction queue record found for Compaction type transaction commit. txnId:11
2024-04-24T06:30:19,601  INFO [main] ql.TxnCommandsBaseForTests: Running the query: create table nonAcidNonBucket(a int, b int) stored as orc TBLPROPERTIES ('transactional'='false')
2024-04-24T06:30:19,602  INFO [main] ql.Driver: Compiling command(queryId=alex_20240424063019_372111fb-a8ca-43f2-8263-832c65a46a4d): create table nonAcidNonBucket(a int, b int) stored as orc TBLPROPERTIES ('transactional'='false')
2024-04-24T06:30:19,604  INFO [main] txn.TxnHandler: Added entries to MIN_HISTORY_LEVEL for current txns: ([12]) with min_open_txn: 1
2024-04-24T06:30:19,604  INFO [main] lockmgr.DbTxnManager: Opened txnid:12
2024-04-24T06:30:19,604  INFO [main] parse.CalcitePlanner: Starting caching scope for: 
2024-04-24T06:30:19,604  INFO [main] parse.CalcitePlanner: Starting Semantic Analysis
2024-04-24T06:30:19,607  INFO [main] parse.CalcitePlanner: Creating table default.nonAcidNonBucket position=13
2024-04-24T06:30:19,607  INFO [main] HiveMetaStore.audit: ugi=alex	ip=unknown-ip-addr	cmd=get_database: default	
2024-04-24T06:30:19,609  INFO [main] parse.CalcitePlanner: Ending caching scope for: 
2024-04-24T06:30:19,609  INFO [main] ql.Driver: Semantic Analysis Completed (retrial = false)
2024-04-24T06:30:19,609  INFO [main] ql.Driver: Created Hive schema: Schema(fieldSchemas:null, properties:null)
2024-04-24T06:30:19,609  INFO [main] metadata.Hive: Dumping metastore api call timing information for : compilation phase
2024-04-24T06:30:19,609  INFO [main] metadata.Hive: Total time spent in each metastore function (ms): {getDatabase_(String)=2, commitTxn_(CommitTxnRequest)=11, flushCache_()=0, isCompatibleWith_(Configuration)=0, getValidWriteIds_(List, String)=3, getValidTxns_(long)=0, openTxn_(String, TxnType)=2}
2024-04-24T06:30:19,609  INFO [main] ql.Driver: Completed compiling command(queryId=alex_20240424063019_372111fb-a8ca-43f2-8263-832c65a46a4d); Time taken: 0.008 seconds
2024-04-24T06:30:19,609  INFO [main] lockmgr.DbTxnManager: Setting lock request transaction to txnid:12 for queryId=alex_20240424063019_372111fb-a8ca-43f2-8263-832c65a46a4d
2024-04-24T06:30:19,609  INFO [main] lockmgr.DbLockManager: Requesting lock for queryId=alex_20240424063019_372111fb-a8ca-43f2-8263-832c65a46a4d
2024-04-24T06:30:19,625  INFO [main] lockmgr.DbLockManager: Response to queryId=alex_20240424063019_372111fb-a8ca-43f2-8263-832c65a46a4d LockResponse(lockid:6, state:ACQUIRED)
2024-04-24T06:30:19,625  INFO [main] ql.Driver: Operation CREATETABLE obtained 1 locks
2024-04-24T06:30:19,625  INFO [main] ql.Driver: Executing command(queryId=alex_20240424063019_372111fb-a8ca-43f2-8263-832c65a46a4d): create table nonAcidNonBucket(a int, b int) stored as orc TBLPROPERTIES ('transactional'='false')
2024-04-24T06:30:19,625  INFO [main] ql.Driver: Starting task [Stage-0:DDL] in serial mode
2024-04-24T06:30:19,625  INFO [main] HiveMetaStore.audit: ugi=alex	ip=unknown-ip-addr	cmd=create_table_req: Table(tableName:nonAcidNonBucket, dbName:default, owner:alex, createTime:1713965419, lastAccessTime:0, retention:0, sd:StorageDescriptor(cols:[FieldSchema(name:a, type:int, comment:null), FieldSchema(name:b, type:int, comment:null)], location:null, inputFormat:org.apache.hadoop.hive.ql.io.orc.OrcInputFormat, outputFormat:org.apache.hadoop.hive.ql.io.orc.OrcOutputFormat, compressed:false, numBuckets:-1, serdeInfo:SerDeInfo(name:null, serializationLib:org.apache.hadoop.hive.ql.io.orc.OrcSerde, parameters:{serialization.format=1}), bucketCols:[], sortCols:[], parameters:{}, skewedInfo:SkewedInfo(skewedColNames:[], skewedColValues:[], skewedColValueLocationMaps:{}), storedAsSubDirectories:false), partitionKeys:[], parameters:{numFiles=0, COLUMN_STATS_ACCURATE={"BASIC_STATS":"true","COLUMN_STATS":{"a":"true","b":"true"}}, numFilesErasureCoded=0, rawDataSize=0, totalSize=0, transactional=false, numRows=0, bucketing_version=2}, viewOriginalText:null, viewExpandedText:null, tableType:MANAGED_TABLE, privileges:PrincipalPrivilegeSet(userPrivileges:{alex=[PrivilegeGrantInfo(privilege:INSERT, createTime:-1, grantor:alex, grantorType:USER, grantOption:true), PrivilegeGrantInfo(privilege:SELECT, createTime:-1, grantor:alex, grantorType:USER, grantOption:true), PrivilegeGrantInfo(privilege:UPDATE, createTime:-1, grantor:alex, grantorType:USER, grantOption:true), PrivilegeGrantInfo(privilege:DELETE, createTime:-1, grantor:alex, grantorType:USER, grantOption:true)]}, groupPrivileges:null, rolePrivileges:null), temporary:false, catName:hive, ownerType:USER)	
2024-04-24T06:30:19,631  INFO [main] utils.FileUtils: Creating directory if it doesn't exist: file:/home/alex/Repositories/hive/ql/target/tmp/org.apache.hadoop.hive.ql.TestTxnCommands-1713965238357/warehouse/nonacidnonbucket
2024-04-24T06:30:19,645  INFO [main] metadata.Hive: Dumping metastore api call timing information for : execution phase
2024-04-24T06:30:19,645  INFO [main] metadata.Hive: Total time spent in each metastore function (ms): {isCompatibleWith_(Configuration)=0, createTable_(Table)=19}
2024-04-24T06:30:19,645  INFO [main] ql.Driver: Completed executing command(queryId=alex_20240424063019_372111fb-a8ca-43f2-8263-832c65a46a4d); Time taken: 0.02 seconds
2024-04-24T06:30:19,645  INFO [main] lockmgr.DbTxnManager: Stopped heartbeat for query: alex_20240424063019_372111fb-a8ca-43f2-8263-832c65a46a4d
2024-04-24T06:30:19,649  INFO [main] txn.TxnHandler: Expected to move at least one record from txn_components to completed_txn_components when committing txn! txnid:12
2024-04-24T06:30:19,656  INFO [main] txn.TxnHandler: Removed transactions: ([12]) from MIN_HISTORY_LEVEL
2024-04-24T06:30:19,656  WARN [main] txn.CompactionTxnHandler: No compaction queue record found for Compaction type transaction commit. txnId:12
2024-04-24T06:30:19,656  INFO [main] ql.TxnCommandsBaseForTests: Running the query: drop table if exists target
2024-04-24T06:30:19,657  INFO [main] ql.Driver: Compiling command(queryId=alex_20240424063019_b75adc31-e0b7-4cfe-8d3f-b9715131bce7): drop table if exists target
2024-04-24T06:30:19,659  INFO [main] txn.TxnHandler: Added entries to MIN_HISTORY_LEVEL for current txns: ([13]) with min_open_txn: 1
2024-04-24T06:30:19,659  INFO [main] lockmgr.DbTxnManager: Opened txnid:13
2024-04-24T06:30:19,659  INFO [main] HiveMetaStore.audit: ugi=alex	ip=unknown-ip-addr	cmd=get_table : tbl=hive.default.target	
2024-04-24T06:30:19,680  INFO [main] metastore.HMSHandler: Skipping translation for processor with null
2024-04-24T06:30:19,680  INFO [main] ql.Driver: Semantic Analysis Completed (retrial = false)
2024-04-24T06:30:19,680  INFO [main] ql.Driver: Created Hive schema: Schema(fieldSchemas:null, properties:null)
2024-04-24T06:30:19,680  INFO [main] metadata.Hive: Dumping metastore api call timing information for : compilation phase
2024-04-24T06:30:19,681  INFO [main] metadata.Hive: Total time spent in each metastore function (ms): {openTxn_(String, TxnType)=2, flushCache_()=0, getTable_(GetTableRequest)=21, commitTxn_(CommitTxnRequest)=11, isCompatibleWith_(Configuration)=0, getValidTxns_(long)=0}
2024-04-24T06:30:19,681  INFO [main] ql.Driver: Completed compiling command(queryId=alex_20240424063019_b75adc31-e0b7-4cfe-8d3f-b9715131bce7); Time taken: 0.023 seconds
2024-04-24T06:30:19,681  INFO [main] lockmgr.DbTxnManager: Setting lock request transaction to txnid:13 for queryId=alex_20240424063019_b75adc31-e0b7-4cfe-8d3f-b9715131bce7
2024-04-24T06:30:19,681  INFO [main] lockmgr.DbLockManager: Requesting lock for queryId=alex_20240424063019_b75adc31-e0b7-4cfe-8d3f-b9715131bce7
2024-04-24T06:30:19,702  INFO [main] lockmgr.DbLockManager: Response to queryId=alex_20240424063019_b75adc31-e0b7-4cfe-8d3f-b9715131bce7 LockResponse(lockid:7, state:ACQUIRED)
2024-04-24T06:30:19,702  INFO [main] ql.Driver: Operation DROPTABLE obtained 1 locks
2024-04-24T06:30:19,702  INFO [main] ql.Driver: Executing command(queryId=alex_20240424063019_b75adc31-e0b7-4cfe-8d3f-b9715131bce7): drop table if exists target
2024-04-24T06:30:19,702  INFO [main] ql.Driver: Starting task [Stage-0:DDL] in serial mode
2024-04-24T06:30:19,703  INFO [main] HiveMetaStore.audit: ugi=alex	ip=unknown-ip-addr	cmd=get_table : tbl=hive.default.target	
2024-04-24T06:30:19,710  INFO [main] metastore.HMSHandler: Skipping translation for processor with null
2024-04-24T06:30:19,711  INFO [main] HiveMetaStore.audit: ugi=alex	ip=unknown-ip-addr	cmd=get_table : tbl=hive.default.target	
2024-04-24T06:30:19,717  INFO [main] metastore.HMSHandler: Skipping translation for processor with null
2024-04-24T06:30:19,717  INFO [main] HiveMetaStore.audit: ugi=alex	ip=unknown-ip-addr	cmd=drop_table : tbl=hive.default.target	
2024-04-24T06:30:19,823  WARN [main] utils.FileUtils: File file:/home/alex/Repositories/hive/ql/target/tmp/org.apache.hadoop.hive.ql.TestTxnCommands-1713965238357/warehouse/target does not exist; Force to delete it.
2024-04-24T06:30:19,823 ERROR [main] utils.FileUtils: Failed to delete file:/home/alex/Repositories/hive/ql/target/tmp/org.apache.hadoop.hive.ql.TestTxnCommands-1713965238357/warehouse/target
2024-04-24T06:30:19,824  INFO [main] metadata.Hive: Dumping metastore api call timing information for : execution phase
2024-04-24T06:30:19,824  INFO [main] metadata.Hive: Total time spent in each metastore function (ms): {getTable_(GetTableRequest)=8, isCompatibleWith_(Configuration)=0, dropTable_(String, String, boolean, boolean, boolean)=113}
2024-04-24T06:30:19,824  INFO [main] ql.Driver: Completed executing command(queryId=alex_20240424063019_b75adc31-e0b7-4cfe-8d3f-b9715131bce7); Time taken: 0.122 seconds
2024-04-24T06:30:19,824  INFO [main] lockmgr.DbTxnManager: Stopped heartbeat for query: alex_20240424063019_b75adc31-e0b7-4cfe-8d3f-b9715131bce7
2024-04-24T06:30:19,828  INFO [main] txn.TxnHandler: Expected to move at least one record from txn_components to completed_txn_components when committing txn! txnid:13
2024-04-24T06:30:19,835  INFO [main] txn.TxnHandler: Removed transactions: ([13]) from MIN_HISTORY_LEVEL
2024-04-24T06:30:19,837  WARN [main] txn.CompactionTxnHandler: No compaction queue record found for Compaction type transaction commit. txnId:13
2024-04-24T06:30:19,837  INFO [main] ql.TxnCommandsBaseForTests: Running the query: drop table if exists source
2024-04-24T06:30:19,837  INFO [main] ql.Driver: Compiling command(queryId=alex_20240424063019_cb95ff8d-afef-4d7a-892f-a556f218207c): drop table if exists source
2024-04-24T06:30:19,846  INFO [main] txn.TxnHandler: Added entries to MIN_HISTORY_LEVEL for current txns: ([14]) with min_open_txn: 1
2024-04-24T06:30:19,846  INFO [main] lockmgr.DbTxnManager: Opened txnid:14
2024-04-24T06:30:19,847  INFO [main] HiveMetaStore.audit: ugi=alex	ip=unknown-ip-addr	cmd=get_table : tbl=hive.default.source	
2024-04-24T06:30:19,868  INFO [main] metastore.HMSHandler: Skipping translation for processor with null
2024-04-24T06:30:19,868  INFO [main] ql.Driver: Semantic Analysis Completed (retrial = false)
2024-04-24T06:30:19,869  INFO [main] ql.Driver: Created Hive schema: Schema(fieldSchemas:null, properties:null)
2024-04-24T06:30:19,869  INFO [main] metadata.Hive: Dumping metastore api call timing information for : compilation phase
2024-04-24T06:30:19,869  INFO [main] metadata.Hive: Total time spent in each metastore function (ms): {openTxn_(String, TxnType)=8, getTable_(GetTableRequest)=21, flushCache_()=0, commitTxn_(CommitTxnRequest)=13, getValidTxns_(long)=0, isCompatibleWith_(Configuration)=2}
2024-04-24T06:30:19,869  INFO [main] ql.Driver: Completed compiling command(queryId=alex_20240424063019_cb95ff8d-afef-4d7a-892f-a556f218207c); Time taken: 0.032 seconds
2024-04-24T06:30:19,869  INFO [main] lockmgr.DbTxnManager: Setting lock request transaction to txnid:14 for queryId=alex_20240424063019_cb95ff8d-afef-4d7a-892f-a556f218207c
2024-04-24T06:30:19,869  INFO [main] lockmgr.DbLockManager: Requesting lock for queryId=alex_20240424063019_cb95ff8d-afef-4d7a-892f-a556f218207c
2024-04-24T06:30:19,884  INFO [main] lockmgr.DbLockManager: Response to queryId=alex_20240424063019_cb95ff8d-afef-4d7a-892f-a556f218207c LockResponse(lockid:8, state:ACQUIRED)
2024-04-24T06:30:19,884  INFO [main] ql.Driver: Operation DROPTABLE obtained 1 locks
2024-04-24T06:30:19,884  INFO [main] ql.Driver: Executing command(queryId=alex_20240424063019_cb95ff8d-afef-4d7a-892f-a556f218207c): drop table if exists source
2024-04-24T06:30:19,884  INFO [main] ql.Driver: Starting task [Stage-0:DDL] in serial mode
2024-04-24T06:30:19,884  INFO [main] HiveMetaStore.audit: ugi=alex	ip=unknown-ip-addr	cmd=get_table : tbl=hive.default.source	
2024-04-24T06:30:19,892  INFO [main] metastore.HMSHandler: Skipping translation for processor with null
2024-04-24T06:30:19,892  INFO [main] HiveMetaStore.audit: ugi=alex	ip=unknown-ip-addr	cmd=get_table : tbl=hive.default.source	
2024-04-24T06:30:19,900  INFO [main] metastore.HMSHandler: Skipping translation for processor with null
2024-04-24T06:30:19,900  INFO [main] HiveMetaStore.audit: ugi=alex	ip=unknown-ip-addr	cmd=drop_table : tbl=hive.default.source	
2024-04-24T06:30:19,929  WARN [main] utils.FileUtils: File file:/home/alex/Repositories/hive/ql/target/tmp/org.apache.hadoop.hive.ql.TestTxnCommands-1713965238357/warehouse/source does not exist; Force to delete it.
2024-04-24T06:30:19,929 ERROR [main] utils.FileUtils: Failed to delete file:/home/alex/Repositories/hive/ql/target/tmp/org.apache.hadoop.hive.ql.TestTxnCommands-1713965238357/warehouse/source
2024-04-24T06:30:19,929  INFO [main] metadata.Hive: Dumping metastore api call timing information for : execution phase
2024-04-24T06:30:19,929  INFO [main] metadata.Hive: Total time spent in each metastore function (ms): {dropTable_(String, String, boolean, boolean, boolean)=37, isCompatibleWith_(Configuration)=0, getTable_(GetTableRequest)=8}
2024-04-24T06:30:19,929  INFO [main] ql.Driver: Completed executing command(queryId=alex_20240424063019_cb95ff8d-afef-4d7a-892f-a556f218207c); Time taken: 0.045 seconds
2024-04-24T06:30:19,929  INFO [main] lockmgr.DbTxnManager: Stopped heartbeat for query: alex_20240424063019_cb95ff8d-afef-4d7a-892f-a556f218207c
2024-04-24T06:30:19,933  INFO [main] txn.TxnHandler: Expected to move at least one record from txn_components to completed_txn_components when committing txn! txnid:14
2024-04-24T06:30:19,939  INFO [main] txn.TxnHandler: Removed transactions: ([14]) from MIN_HISTORY_LEVEL
2024-04-24T06:30:19,939  WARN [main] txn.CompactionTxnHandler: No compaction queue record found for Compaction type transaction commit. txnId:14
2024-04-24T06:30:19,940  INFO [main] ql.TxnCommandsBaseForTests: Running the query: create table source (key int, data int)
2024-04-24T06:30:19,940  INFO [main] ql.Driver: Compiling command(queryId=alex_20240424063019_d9d0ae02-9d56-4be2-8bd6-8a2170981b91): create table source (key int, data int)
2024-04-24T06:30:19,942  INFO [main] txn.TxnHandler: Added entries to MIN_HISTORY_LEVEL for current txns: ([15]) with min_open_txn: 1
2024-04-24T06:30:19,943  INFO [main] lockmgr.DbTxnManager: Opened txnid:15
2024-04-24T06:30:19,943  INFO [main] parse.CalcitePlanner: Starting caching scope for: 
2024-04-24T06:30:19,943  INFO [main] parse.CalcitePlanner: Starting Semantic Analysis
2024-04-24T06:30:19,949  INFO [main] parse.CalcitePlanner: Creating table default.source position=13
2024-04-24T06:30:19,949  INFO [main] HiveMetaStore.audit: ugi=alex	ip=unknown-ip-addr	cmd=get_database: default	
2024-04-24T06:30:19,950  INFO [main] parse.CalcitePlanner: Ending caching scope for: 
2024-04-24T06:30:19,950  INFO [main] ql.Driver: Semantic Analysis Completed (retrial = false)
2024-04-24T06:30:19,950  INFO [main] ql.Driver: Created Hive schema: Schema(fieldSchemas:null, properties:null)
2024-04-24T06:30:19,950  INFO [main] metadata.Hive: Dumping metastore api call timing information for : compilation phase
2024-04-24T06:30:19,950  INFO [main] metadata.Hive: Total time spent in each metastore function (ms): {getDatabase_(String)=1, flushCache_()=0, isCompatibleWith_(Configuration)=1, getValidTxns_(long)=0, openTxn_(String, TxnType)=3, getValidWriteIds_(List, String)=5, commitTxn_(CommitTxnRequest)=9}
2024-04-24T06:30:19,950  INFO [main] ql.Driver: Completed compiling command(queryId=alex_20240424063019_d9d0ae02-9d56-4be2-8bd6-8a2170981b91); Time taken: 0.01 seconds
2024-04-24T06:30:19,951  INFO [main] lockmgr.DbTxnManager: Setting lock request transaction to txnid:15 for queryId=alex_20240424063019_d9d0ae02-9d56-4be2-8bd6-8a2170981b91
2024-04-24T06:30:19,951  INFO [main] lockmgr.DbLockManager: Requesting lock for queryId=alex_20240424063019_d9d0ae02-9d56-4be2-8bd6-8a2170981b91
2024-04-24T06:30:19,965  INFO [main] lockmgr.DbLockManager: Response to queryId=alex_20240424063019_d9d0ae02-9d56-4be2-8bd6-8a2170981b91 LockResponse(lockid:9, state:ACQUIRED)
2024-04-24T06:30:19,965  INFO [main] ql.Driver: Operation CREATETABLE obtained 1 locks
2024-04-24T06:30:19,965  INFO [main] ql.Driver: Executing command(queryId=alex_20240424063019_d9d0ae02-9d56-4be2-8bd6-8a2170981b91): create table source (key int, data int)
2024-04-24T06:30:19,965  INFO [main] ql.Driver: Starting task [Stage-0:DDL] in serial mode
2024-04-24T06:30:19,966  INFO [main] HiveMetaStore.audit: ugi=alex	ip=unknown-ip-addr	cmd=create_table_req: Table(tableName:source, dbName:default, owner:alex, createTime:1713965419, lastAccessTime:0, retention:0, sd:StorageDescriptor(cols:[FieldSchema(name:key, type:int, comment:null), FieldSchema(name:data, type:int, comment:null)], location:null, inputFormat:org.apache.hadoop.mapred.TextInputFormat, outputFormat:org.apache.hadoop.hive.ql.io.HiveIgnoreKeyTextOutputFormat, compressed:false, numBuckets:-1, serdeInfo:SerDeInfo(name:null, serializationLib:org.apache.hadoop.hive.serde2.lazy.LazySimpleSerDe, parameters:{serialization.format=1}), bucketCols:[], sortCols:[], parameters:{}, skewedInfo:SkewedInfo(skewedColNames:[], skewedColValues:[], skewedColValueLocationMaps:{}), storedAsSubDirectories:false), partitionKeys:[], parameters:{bucketing_version=2, rawDataSize=0, numFilesErasureCoded=0, numRows=0, COLUMN_STATS_ACCURATE={"BASIC_STATS":"true","COLUMN_STATS":{"data":"true","key":"true"}}, totalSize=0, numFiles=0}, viewOriginalText:null, viewExpandedText:null, tableType:MANAGED_TABLE, privileges:PrincipalPrivilegeSet(userPrivileges:{alex=[PrivilegeGrantInfo(privilege:INSERT, createTime:-1, grantor:alex, grantorType:USER, grantOption:true), PrivilegeGrantInfo(privilege:SELECT, createTime:-1, grantor:alex, grantorType:USER, grantOption:true), PrivilegeGrantInfo(privilege:UPDATE, createTime:-1, grantor:alex, grantorType:USER, grantOption:true), PrivilegeGrantInfo(privilege:DELETE, createTime:-1, grantor:alex, grantorType:USER, grantOption:true)]}, groupPrivileges:null, rolePrivileges:null), temporary:false, catName:hive, ownerType:USER)	
2024-04-24T06:30:19,971  INFO [main] utils.FileUtils: Creating directory if it doesn't exist: file:/home/alex/Repositories/hive/ql/target/tmp/org.apache.hadoop.hive.ql.TestTxnCommands-1713965238357/warehouse/source
2024-04-24T06:30:20,003  INFO [main] metadata.Hive: Dumping metastore api call timing information for : execution phase
2024-04-24T06:30:20,003  INFO [main] metadata.Hive: Total time spent in each metastore function (ms): {isCompatibleWith_(Configuration)=0, createTable_(Table)=37}
2024-04-24T06:30:20,004  INFO [main] ql.Driver: Completed executing command(queryId=alex_20240424063019_d9d0ae02-9d56-4be2-8bd6-8a2170981b91); Time taken: 0.038 seconds
2024-04-24T06:30:20,004  INFO [main] lockmgr.DbTxnManager: Stopped heartbeat for query: alex_20240424063019_d9d0ae02-9d56-4be2-8bd6-8a2170981b91
2024-04-24T06:30:20,007  INFO [main] txn.TxnHandler: Expected to move at least one record from txn_components to completed_txn_components when committing txn! txnid:15
2024-04-24T06:30:20,013  INFO [main] txn.TxnHandler: Removed transactions: ([15]) from MIN_HISTORY_LEVEL
2024-04-24T06:30:20,013  WARN [main] txn.CompactionTxnHandler: No compaction queue record found for Compaction type transaction commit. txnId:15
2024-04-24T06:30:20,013  INFO [main] ql.TxnCommandsBaseForTests: Running the query: create table target (key int, data int, cur int) clustered by (key) into 2 buckets stored as orc TBLPROPERTIES ('transactional'='true')
2024-04-24T06:30:20,014  INFO [main] ql.Driver: Compiling command(queryId=alex_20240424063020_ef4df88a-df89-4016-9d37-cdbe877dfaae): create table target (key int, data int, cur int) clustered by (key) into 2 buckets stored as orc TBLPROPERTIES ('transactional'='true')
2024-04-24T06:30:20,016  INFO [main] txn.TxnHandler: Added entries to MIN_HISTORY_LEVEL for current txns: ([16]) with min_open_txn: 1
2024-04-24T06:30:20,016  INFO [main] lockmgr.DbTxnManager: Opened txnid:16
2024-04-24T06:30:20,017  INFO [main] parse.CalcitePlanner: Starting caching scope for: 
2024-04-24T06:30:20,017  INFO [main] parse.CalcitePlanner: Starting Semantic Analysis
2024-04-24T06:30:20,019  INFO [main] parse.CalcitePlanner: Creating table default.target position=13
2024-04-24T06:30:20,019  INFO [main] HiveMetaStore.audit: ugi=alex	ip=unknown-ip-addr	cmd=get_database: default	
2024-04-24T06:30:20,021  INFO [main] parse.CalcitePlanner: Ending caching scope for: 
2024-04-24T06:30:20,021  INFO [main] ql.Driver: Semantic Analysis Completed (retrial = false)
2024-04-24T06:30:20,021  INFO [main] ql.Driver: Created Hive schema: Schema(fieldSchemas:null, properties:null)
2024-04-24T06:30:20,021  INFO [main] metadata.Hive: Dumping metastore api call timing information for : compilation phase
2024-04-24T06:30:20,021  INFO [main] metadata.Hive: Total time spent in each metastore function (ms): {isCompatibleWith_(Configuration)=0, getValidWriteIds_(List, String)=2, commitTxn_(CommitTxnRequest)=9, openTxn_(String, TxnType)=2, flushCache_()=0, getValidTxns_(long)=1, getDatabase_(String)=1}
2024-04-24T06:30:20,021  INFO [main] ql.Driver: Completed compiling command(queryId=alex_20240424063020_ef4df88a-df89-4016-9d37-cdbe877dfaae); Time taken: 0.008 seconds
2024-04-24T06:30:20,021  INFO [main] lockmgr.DbTxnManager: Setting lock request transaction to txnid:16 for queryId=alex_20240424063020_ef4df88a-df89-4016-9d37-cdbe877dfaae
2024-04-24T06:30:20,022  INFO [main] lockmgr.DbLockManager: Requesting lock for queryId=alex_20240424063020_ef4df88a-df89-4016-9d37-cdbe877dfaae
2024-04-24T06:30:20,040  INFO [main] lockmgr.DbLockManager: Response to queryId=alex_20240424063020_ef4df88a-df89-4016-9d37-cdbe877dfaae LockResponse(lockid:10, state:ACQUIRED)
2024-04-24T06:30:20,040  INFO [main] ql.Driver: Operation CREATETABLE obtained 1 locks
2024-04-24T06:30:20,041  INFO [main] ql.Driver: Executing command(queryId=alex_20240424063020_ef4df88a-df89-4016-9d37-cdbe877dfaae): create table target (key int, data int, cur int) clustered by (key) into 2 buckets stored as orc TBLPROPERTIES ('transactional'='true')
2024-04-24T06:30:20,041  INFO [main] ql.Driver: Starting task [Stage-0:DDL] in serial mode
2024-04-24T06:30:20,041  INFO [main] HiveMetaStore.audit: ugi=alex	ip=unknown-ip-addr	cmd=create_table_req: Table(tableName:target, dbName:default, owner:alex, createTime:1713965420, lastAccessTime:0, retention:0, sd:StorageDescriptor(cols:[FieldSchema(name:key, type:int, comment:null), FieldSchema(name:data, type:int, comment:null), FieldSchema(name:cur, type:int, comment:null)], location:null, inputFormat:org.apache.hadoop.hive.ql.io.orc.OrcInputFormat, outputFormat:org.apache.hadoop.hive.ql.io.orc.OrcOutputFormat, compressed:false, numBuckets:2, serdeInfo:SerDeInfo(name:null, serializationLib:org.apache.hadoop.hive.ql.io.orc.OrcSerde, parameters:{serialization.format=1}), bucketCols:[key], sortCols:[], parameters:{}, skewedInfo:SkewedInfo(skewedColNames:[], skewedColValues:[], skewedColValueLocationMaps:{}), storedAsSubDirectories:false), partitionKeys:[], parameters:{transactional=true, numFilesErasureCoded=0, rawDataSize=0, numFiles=0, bucketing_version=2, totalSize=0, numRows=0, COLUMN_STATS_ACCURATE={"BASIC_STATS":"true","COLUMN_STATS":{"cur":"true","data":"true","key":"true"}}}, viewOriginalText:null, viewExpandedText:null, tableType:MANAGED_TABLE, privileges:PrincipalPrivilegeSet(userPrivileges:{alex=[PrivilegeGrantInfo(privilege:INSERT, createTime:-1, grantor:alex, grantorType:USER, grantOption:true), PrivilegeGrantInfo(privilege:SELECT, createTime:-1, grantor:alex, grantorType:USER, grantOption:true), PrivilegeGrantInfo(privilege:UPDATE, createTime:-1, grantor:alex, grantorType:USER, grantOption:true), PrivilegeGrantInfo(privilege:DELETE, createTime:-1, grantor:alex, grantorType:USER, grantOption:true)]}, groupPrivileges:null, rolePrivileges:null), temporary:false, catName:hive, ownerType:USER, writeId:0)	
2024-04-24T06:30:20,046  INFO [main] utils.FileUtils: Creating directory if it doesn't exist: file:/home/alex/Repositories/hive/ql/target/tmp/org.apache.hadoop.hive.ql.TestTxnCommands-1713965238357/warehouse/target
2024-04-24T06:30:20,062  INFO [main] metadata.Hive: Dumping metastore api call timing information for : execution phase
2024-04-24T06:30:20,062  INFO [main] metadata.Hive: Total time spent in each metastore function (ms): {createTable_(Table)=20, isCompatibleWith_(Configuration)=0}
2024-04-24T06:30:20,062  INFO [main] ql.Driver: Completed executing command(queryId=alex_20240424063020_ef4df88a-df89-4016-9d37-cdbe877dfaae); Time taken: 0.021 seconds
2024-04-24T06:30:20,062  INFO [main] lockmgr.DbTxnManager: Stopped heartbeat for query: alex_20240424063020_ef4df88a-df89-4016-9d37-cdbe877dfaae
2024-04-24T06:30:20,066  INFO [main] txn.TxnHandler: Expected to move at least one record from txn_components to completed_txn_components when committing txn! txnid:16
2024-04-24T06:30:20,071  INFO [main] txn.TxnHandler: Removed transactions: ([16]) from MIN_HISTORY_LEVEL
2024-04-24T06:30:20,071  WARN [main] txn.CompactionTxnHandler: No compaction queue record found for Compaction type transaction commit. txnId:16
2024-04-24T06:30:20,072  INFO [main] ql.TxnCommandsBaseForTests: Running the query: insert into target  values(1,5,1),(2,6,1),(1,18,0)
2024-04-24T06:30:20,072  INFO [main] ql.Driver: Compiling command(queryId=alex_20240424063020_82f059e7-099a-4b18-a1cd-8593af88a233): insert into target  values(1,5,1),(2,6,1),(1,18,0)
2024-04-24T06:30:20,074  INFO [main] txn.TxnHandler: Added entries to MIN_HISTORY_LEVEL for current txns: ([17]) with min_open_txn: 1
2024-04-24T06:30:20,074  INFO [main] lockmgr.DbTxnManager: Opened txnid:17
2024-04-24T06:30:20,075  INFO [main] parse.CalcitePlanner: Starting caching scope for: 
2024-04-24T06:30:20,075  INFO [main] parse.CalcitePlanner: Starting Semantic Analysis
2024-04-24T06:30:20,078  INFO [main] HiveMetaStore.audit: ugi=alex	ip=unknown-ip-addr	cmd=get_table : tbl=hive.default.target	
2024-04-24T06:30:20,097  INFO [main] metastore.HMSHandler: Skipping translation for processor with null
2024-04-24T06:30:20,097  INFO [main] parse.CalcitePlanner: Completed phase 1 of Semantic Analysis
2024-04-24T06:30:20,097  INFO [main] parse.CalcitePlanner: Get metadata for source tables
2024-04-24T06:30:20,097  INFO [main] parse.CalcitePlanner: Get metadata for subqueries
2024-04-24T06:30:20,097  INFO [main] parse.CalcitePlanner: Get metadata for destination tables
2024-04-24T06:30:20,097  INFO [main] HiveMetaStore.audit: ugi=alex	ip=unknown-ip-addr	cmd=get_table : tbl=hive.default.target	
2024-04-24T06:30:20,103  INFO [main] metastore.HMSHandler: Skipping translation for processor with null
2024-04-24T06:30:20,103  INFO [main] parse.CalcitePlanner: Completed getting MetaData in Semantic Analysis
2024-04-24T06:30:20,103  INFO [main] parse.CalcitePlanner: Disabling LLAP IO encode as ETL query is detected
2024-04-24T06:30:20,126  INFO [main] HiveMetaStore.audit: ugi=alex	ip=unknown-ip-addr	cmd=get_all_table_constraints : tbl=hive._dummy_database._dummy_table	
2024-04-24T06:30:20,201  INFO [main] parse.CalcitePlanner: Get metadata for source tables
2024-04-24T06:30:20,201  INFO [main] parse.CalcitePlanner: Get metadata for subqueries
2024-04-24T06:30:20,201  INFO [main] parse.CalcitePlanner: Get metadata for source tables
2024-04-24T06:30:20,202  INFO [main] HiveMetaStore.audit: ugi=alex	ip=unknown-ip-addr	cmd=get_table : tbl=hive._dummy_database._dummy_table	
2024-04-24T06:30:20,205  INFO [main] parse.CalcitePlanner: Get metadata for subqueries
2024-04-24T06:30:20,205  INFO [main] parse.CalcitePlanner: Get metadata for destination tables
2024-04-24T06:30:20,205  INFO [main] parse.CalcitePlanner: Get metadata for destination tables
2024-04-24T06:30:20,205  INFO [main] HiveMetaStore.audit: ugi=alex	ip=unknown-ip-addr	cmd=get_table : tbl=hive.default.target	
2024-04-24T06:30:20,212  INFO [main] metastore.HMSHandler: Skipping translation for processor with null
2024-04-24T06:30:20,214  INFO [main] HiveMetaStore.audit: ugi=alex	ip=unknown-ip-addr	cmd=get_not_null_constraints : tbl=hive.default.target	
2024-04-24T06:30:20,215  INFO [main] HiveMetaStore.audit: ugi=alex	ip=unknown-ip-addr	cmd=get_check_constraints : tbl=hive.default.target	
2024-04-24T06:30:20,223  INFO [main] txn.TxnHandler: Allocated writeId: 1 for txnId: 17
2024-04-24T06:30:20,224  INFO [main] txn.TxnHandler: Allocated write ids for dbName=default, tblName=target (txnIds: [17])
2024-04-24T06:30:20,224  INFO [main] parse.CalcitePlanner: CBO Succeeded; optimized logical plan.
2024-04-24T06:30:20,227  INFO [main] optimizer.ColumnPrunerProcFactory: RS 4 oldColExprMap: {VALUE._col0=Column[_col1], VALUE._col1=Column[_col2], KEY.reducesinkkey0=Column[_col0]}
2024-04-24T06:30:20,227  INFO [main] optimizer.ColumnPrunerProcFactory: RS 4 newColExprMap: {VALUE._col0=Column[_col1], VALUE._col1=Column[_col2], KEY.reducesinkkey0=Column[_col0]}
2024-04-24T06:30:20,228  INFO [main] optimizer.BucketVersionPopulator: not considering bucketingVersion for: TS[0] because it has -1<2 buckets 
2024-04-24T06:30:20,228  INFO [main] optimizer.SortedDynPartitionOptimizer: Sorted dynamic partitioning optimization kicked in..
2024-04-24T06:30:20,237  INFO [main] HiveMetaStore.audit: ugi=alex	ip=unknown-ip-addr	cmd=get_table : tbl=hive.default.target	
2024-04-24T06:30:20,243  INFO [main] metastore.HMSHandler: Skipping translation for processor with null
2024-04-24T06:30:20,244  INFO [main] parse.CalcitePlanner: Completed plan generation
2024-04-24T06:30:20,244  INFO [main] parse.CalcitePlanner: Ending caching scope for: 
2024-04-24T06:30:20,244  INFO [main] ql.Driver: Semantic Analysis Completed (retrial = false)
2024-04-24T06:30:20,244  INFO [main] ql.Driver: Created Hive schema: Schema(fieldSchemas:[FieldSchema(name:col1, type:int, comment:null), FieldSchema(name:col2, type:int, comment:null), FieldSchema(name:col3, type:int, comment:null)], properties:null)
2024-04-24T06:30:20,244  INFO [main] metadata.Hive: Dumping metastore api call timing information for : compilation phase
2024-04-24T06:30:20,244  INFO [main] metadata.Hive: Total time spent in each metastore function (ms): {getNotNullConstraints_(NotNullConstraintsRequest)=1, getValidTxns_(long)=0, getTable_(GetTableRequest)=38, openTxn_(String, TxnType)=1, getCheckConstraints_(CheckConstraintsRequest)=1, allocateTableWriteId_(long, String, String)=8, commitTxn_(CommitTxnRequest)=10, isCompatibleWith_(Configuration)=2, getAllTableConstraints_(AllTableConstraintsRequest)=26, getValidWriteIds_(List, String)=4, flushCache_()=0}
2024-04-24T06:30:20,244  INFO [main] ql.Driver: Completed compiling command(queryId=alex_20240424063020_82f059e7-099a-4b18-a1cd-8593af88a233); Time taken: 0.172 seconds
2024-04-24T06:30:20,244  INFO [main] lockmgr.DbTxnManager: Setting lock request transaction to txnid:17 for queryId=alex_20240424063020_82f059e7-099a-4b18-a1cd-8593af88a233
2024-04-24T06:30:20,244  INFO [main] lockmgr.DbLockManager: Requesting lock for queryId=alex_20240424063020_82f059e7-099a-4b18-a1cd-8593af88a233
2024-04-24T06:30:20,260  INFO [main] lockmgr.DbLockManager: Response to queryId=alex_20240424063020_82f059e7-099a-4b18-a1cd-8593af88a233 LockResponse(lockid:11, state:ACQUIRED)
2024-04-24T06:30:20,260  INFO [main] ql.Driver: Operation QUERY obtained 1 locks
2024-04-24T06:30:20,262  INFO [main] ql.Driver: Executing command(queryId=alex_20240424063020_82f059e7-099a-4b18-a1cd-8593af88a233): insert into target  values(1,5,1),(2,6,1),(1,18,0)
2024-04-24T06:30:20,262  WARN [main] ql.Driver: Hive-on-MR is deprecated in Hive 2 and may not be available in the future versions. Consider using a different execution engine (i.e. spark, tez) or using Hive 1.X releases.
Query ID = alex_20240424063020_82f059e7-099a-4b18-a1cd-8593af88a233
2024-04-24T06:30:20,262  INFO [main] ql.Driver: Query ID = alex_20240424063020_82f059e7-099a-4b18-a1cd-8593af88a233
Total jobs = 1
2024-04-24T06:30:20,262  INFO [main] ql.Driver: Total jobs = 1
Launching Job 1 out of 1
2024-04-24T06:30:20,262  INFO [main] ql.Driver: Launching Job 1 out of 1
2024-04-24T06:30:20,393  INFO [main] ql.Driver: Starting task [Stage-1:MAPRED] in serial mode
Number of reduce tasks determined at compile time: 2
2024-04-24T06:30:20,393  INFO [main] exec.Task: Number of reduce tasks determined at compile time: 2
In order to change the average load for a reducer (in bytes):
2024-04-24T06:30:20,393  INFO [main] exec.Task: In order to change the average load for a reducer (in bytes):
  set hive.exec.reducers.bytes.per.reducer=<number>
2024-04-24T06:30:20,393  INFO [main] exec.Task:   set hive.exec.reducers.bytes.per.reducer=<number>
In order to limit the maximum number of reducers:
2024-04-24T06:30:20,393  INFO [main] exec.Task: In order to limit the maximum number of reducers:
  set hive.exec.reducers.max=<number>
2024-04-24T06:30:20,393  INFO [main] exec.Task:   set hive.exec.reducers.max=<number>
In order to set a constant number of reducers:
2024-04-24T06:30:20,393  INFO [main] exec.Task: In order to set a constant number of reducers:
  set mapreduce.job.reduces=<number>
2024-04-24T06:30:20,393  INFO [main] exec.Task:   set mapreduce.job.reduces=<number>
2024-04-24T06:30:20,395  INFO [main] mr.ExecDriver: Using org.apache.hadoop.hive.ql.io.HiveInputFormat
2024-04-24T06:30:20,395  INFO [main] exec.Utilities: Processing alias $hdt$_0:_dummy_table
2024-04-24T06:30:20,395  INFO [main] exec.Utilities: Adding 1 inputs; the first input is file:/home/alex/Repositories/hive/ql/target/tmp/localscratchdir/9c10b63f-d790-4b1c-b086-b946fce73ce1/hive_2024-04-24_06-30-20_072_3209357450917909017-1/dummy_path
2024-04-24T06:30:20,405  INFO [main] exec.SerializationUtilities: Serializing MapWork using kryo
2024-04-24T06:30:20,406  INFO [main] exec.Utilities: Serialized plan (via FILE) - name: null size: 5,15KB
2024-04-24T06:30:20,410  INFO [main] exec.SerializationUtilities: Serializing ReduceWork using kryo
2024-04-24T06:30:20,411  INFO [main] exec.Utilities: Serialized plan (via FILE) - name: null size: 6,16KB
2024-04-24T06:30:20,412  WARN [main] impl.MetricsSystemImpl: JobTracker metrics system already initialized!
2024-04-24T06:30:20,415  INFO [main] fs.FSStatsPublisher: created : file:/home/alex/Repositories/hive/ql/target/tmp/localscratchdir/9c10b63f-d790-4b1c-b086-b946fce73ce1/hive_2024-04-24_06-30-20_072_3209357450917909017-1/-mr-10000
2024-04-24T06:30:20,417  WARN [main] impl.MetricsSystemImpl: JobTracker metrics system already initialized!
2024-04-24T06:30:20,424  WARN [main] mapreduce.JobResourceUploader: Hadoop command-line option parsing not performed. Implement the Tool interface and execute your application with ToolRunner to remedy this.
2024-04-24T06:30:20,429  WARN [main] mapreduce.JobResourceUploader: No job jar file set.  User classes may not be found. See Job or Job#setJar(String).
2024-04-24T06:30:20,430  INFO [main] io.HiveInputFormat: hive.io.file.readcolumn.ids = 
2024-04-24T06:30:20,430  INFO [main] io.HiveInputFormat: hive.io.file.readcolumn.names = 
2024-04-24T06:30:20,430  INFO [main] io.HiveInputFormat: Generating splits for dirs: file:/home/alex/Repositories/hive/ql/target/tmp/localscratchdir/9c10b63f-d790-4b1c-b086-b946fce73ce1/hive_2024-04-24_06-30-20_072_3209357450917909017-1/dummy_path
2024-04-24T06:30:20,430  INFO [main] io.HiveInputFormat: number of splits 1
2024-04-24T06:30:20,448  INFO [main] mapreduce.JobSubmitter: number of splits:1
2024-04-24T06:30:20,466  INFO [main] mapreduce.JobSubmitter: Submitting tokens for job: job_local424249114_0070
2024-04-24T06:30:20,466  INFO [main] mapreduce.JobSubmitter: Executing with tokens: []
2024-04-24T06:30:20,523  INFO [main] mapreduce.Job: The url to track the job: http://localhost:8080/
Job running in-process (local Hadoop)
2024-04-24T06:30:20,523  INFO [main] exec.Task: Job running in-process (local Hadoop)
2024-04-24T06:30:20,523  INFO [Thread-5958] mapred.LocalJobRunner: OutputCommitter set in config org.apache.hadoop.hive.ql.io.HiveFileFormatUtils$NullOutputCommitter
2024-04-24T06:30:20,524  INFO [Thread-5958] mapred.LocalJobRunner: OutputCommitter is org.apache.hadoop.hive.ql.io.HiveFileFormatUtils$NullOutputCommitter
2024-04-24T06:30:20,525  INFO [Thread-5958] mapred.LocalJobRunner: Waiting for map tasks
2024-04-24T06:30:20,525  INFO [LocalJobRunner Map Task Executor #0] mapred.LocalJobRunner: Starting task: attempt_local424249114_0070_m_000000_0
2024-04-24T06:30:20,528  INFO [LocalJobRunner Map Task Executor #0] mapred.Task:  Using ResourceCalculatorProcessTree : [ ]
2024-04-24T06:30:20,528  INFO [LocalJobRunner Map Task Executor #0] mapred.MapTask: Processing split: org.apache.hadoop.hive.ql.io.NullRowsInputFormat:file:/home/alex/Repositories/hive/ql/target/tmp/localscratchdir/9c10b63f-d790-4b1c-b086-b946fce73ce1/hive_2024-04-24_06-30-20_072_3209357450917909017-1/dummy_path/null:0+1
2024-04-24T06:30:20,530  INFO [LocalJobRunner Map Task Executor #0] exec.SerializationUtilities: Deserializing MapWork using kryo
2024-04-24T06:30:20,531  INFO [LocalJobRunner Map Task Executor #0] exec.Utilities: Deserialized plan (via FILE) - name: null size: 5,15KB
2024-04-24T06:30:20,531  INFO [LocalJobRunner Map Task Executor #0] mapred.MapTask: numReduceTasks: 2
2024-04-24T06:30:20,535  INFO [LocalJobRunner Map Task Executor #0] mapred.MapTask: (EQUATOR) 0 kvi 26214396(104857584)
2024-04-24T06:30:20,535  INFO [LocalJobRunner Map Task Executor #0] mapred.MapTask: mapreduce.task.io.sort.mb: 100
2024-04-24T06:30:20,535  INFO [LocalJobRunner Map Task Executor #0] mapred.MapTask: soft limit at 83886080
2024-04-24T06:30:20,535  INFO [LocalJobRunner Map Task Executor #0] mapred.MapTask: bufstart = 0; bufvoid = 104857600
2024-04-24T06:30:20,535  INFO [LocalJobRunner Map Task Executor #0] mapred.MapTask: kvstart = 26214396; length = 6553600
2024-04-24T06:30:20,536  INFO [LocalJobRunner Map Task Executor #0] mapred.MapTask: Map output collector class = org.apache.hadoop.mapred.MapTask$MapOutputBuffer
2024-04-24T06:30:20,536  INFO [LocalJobRunner Map Task Executor #0] exec.MapOperator: Initializing Operator: MAP[0]
2024-04-24T06:30:20,537  INFO [LocalJobRunner Map Task Executor #0] mr.ExecMapper: 
<MAP>Id =0
  <Children>null
  <\Children>
  <Parent><\Parent>
<\MAP>
2024-04-24T06:30:20,537  INFO [LocalJobRunner Map Task Executor #0] exec.TableScanOperator: Initializing Operator: TS[0]
2024-04-24T06:30:20,537  INFO [LocalJobRunner Map Task Executor #0] exec.SelectOperator: Initializing Operator: SEL[1]
2024-04-24T06:30:20,537  INFO [LocalJobRunner Map Task Executor #0] exec.SelectOperator: SELECT null
2024-04-24T06:30:20,538  INFO [LocalJobRunner Map Task Executor #0] exec.UDTFOperator: Initializing Operator: UDTF[2]
2024-04-24T06:30:20,538  INFO [LocalJobRunner Map Task Executor #0] exec.SelectOperator: Initializing Operator: SEL[3]
2024-04-24T06:30:20,538  INFO [LocalJobRunner Map Task Executor #0] exec.SelectOperator: SELECT struct<col1:int,col2:int,col3:int>
2024-04-24T06:30:20,538  INFO [LocalJobRunner Map Task Executor #0] exec.ReduceSinkOperator: Initializing Operator: RS[4]
2024-04-24T06:30:20,538  INFO [LocalJobRunner Map Task Executor #0] exec.ReduceSinkOperator: Using tag = -1
2024-04-24T06:30:20,538  INFO [LocalJobRunner Map Task Executor #0] exec.ReduceSinkOperator: keys are [reducesinkkey0] num distributions: 1
2024-04-24T06:30:20,538  INFO [LocalJobRunner Map Task Executor #0] exec.ReduceSinkOperator: RS[4]: records written - 1
2024-04-24T06:30:20,538  INFO [LocalJobRunner Map Task Executor #0] exec.MapOperator: MAP[0]: records read - 1
2024-04-24T06:30:20,539  INFO [LocalJobRunner Map Task Executor #0] exec.MapOperator: Closing Operator: MAP[0]
2024-04-24T06:30:20,539  INFO [LocalJobRunner Map Task Executor #0] exec.MapOperator: MAP[0]: Total records read - 3. abort - false
2024-04-24T06:30:20,539  INFO [LocalJobRunner Map Task Executor #0] exec.MapOperator: RECORDS_OUT_INTERMEDIATE:0, DESERIALIZE_ERRORS:0, RECORDS_IN:3, RECORDS_OUT_OPERATOR_MAP_0:0, 
2024-04-24T06:30:20,539  INFO [LocalJobRunner Map Task Executor #0] exec.TableScanOperator: Closing Operator: TS[0]
2024-04-24T06:30:20,539  INFO [LocalJobRunner Map Task Executor #0] exec.TableScanOperator: RECORDS_OUT_OPERATOR_TS_0:1, RECORDS_OUT_INTERMEDIATE:0, 
2024-04-24T06:30:20,539  INFO [LocalJobRunner Map Task Executor #0] exec.SelectOperator: Closing Operator: SEL[1]
2024-04-24T06:30:20,539  INFO [LocalJobRunner Map Task Executor #0] exec.SelectOperator: RECORDS_OUT_OPERATOR_SEL_1:1, RECORDS_OUT_INTERMEDIATE:0, 
2024-04-24T06:30:20,539  INFO [LocalJobRunner Map Task Executor #0] exec.UDTFOperator: Closing Operator: UDTF[2]
2024-04-24T06:30:20,539  INFO [LocalJobRunner Map Task Executor #0] exec.UDTFOperator: RECORDS_OUT_OPERATOR_UDTF_2:3, RECORDS_OUT_INTERMEDIATE:0, 
2024-04-24T06:30:20,539  INFO [LocalJobRunner Map Task Executor #0] exec.SelectOperator: Closing Operator: SEL[3]
2024-04-24T06:30:20,539  INFO [LocalJobRunner Map Task Executor #0] exec.SelectOperator: RECORDS_OUT_INTERMEDIATE:0, RECORDS_OUT_OPERATOR_SEL_3:3, 
2024-04-24T06:30:20,539  INFO [LocalJobRunner Map Task Executor #0] exec.ReduceSinkOperator: Closing Operator: RS[4]
2024-04-24T06:30:20,539  INFO [LocalJobRunner Map Task Executor #0] exec.ReduceSinkOperator: RS[4]: Total records written - 3. abort - false
2024-04-24T06:30:20,539  INFO [LocalJobRunner Map Task Executor #0] exec.ReduceSinkOperator: RECORDS_OUT_INTERMEDIATE:3, RECORDS_OUT_OPERATOR_RS_4:3, 
2024-04-24T06:30:20,541  INFO [LocalJobRunner Map Task Executor #0] mapred.LocalJobRunner: 
2024-04-24T06:30:20,541  INFO [LocalJobRunner Map Task Executor #0] mapred.MapTask: Starting flush of map output
2024-04-24T06:30:20,541  INFO [LocalJobRunner Map Task Executor #0] mapred.MapTask: Spilling map output
2024-04-24T06:30:20,541  INFO [LocalJobRunner Map Task Executor #0] mapred.MapTask: bufstart = 0; bufend = 51; bufvoid = 104857600
2024-04-24T06:30:20,541  INFO [LocalJobRunner Map Task Executor #0] mapred.MapTask: kvstart = 26214396(104857584); kvend = 26214388(104857552); length = 9/6553600
2024-04-24T06:30:20,551  INFO [LocalJobRunner Map Task Executor #0] mapred.MapTask: Finished spill 0
2024-04-24T06:30:20,556  INFO [LocalJobRunner Map Task Executor #0] mapred.Task: Task:attempt_local424249114_0070_m_000000_0 is done. And is in the process of committing
2024-04-24T06:30:20,556  INFO [LocalJobRunner Map Task Executor #0] mapred.LocalJobRunner: map
2024-04-24T06:30:20,556  INFO [LocalJobRunner Map Task Executor #0] mapred.Task: Task 'attempt_local424249114_0070_m_000000_0' done.
2024-04-24T06:30:20,556  INFO [LocalJobRunner Map Task Executor #0] mapred.Task: Final Counters for attempt_local424249114_0070_m_000000_0: Counters: 31
	File System Counters
		FILE: Number of bytes read=1417461
		FILE: Number of bytes written=82524041
		FILE: Number of read operations=0
		FILE: Number of large read operations=0
		FILE: Number of write operations=0
		HDFS: Number of bytes read=0
		HDFS: Number of bytes written=0
		HDFS: Number of read operations=0
		HDFS: Number of large read operations=0
		HDFS: Number of write operations=0
	Map-Reduce Framework
		Map input records=4
		Map output records=3
		Map output bytes=51
		Map output materialized bytes=69
		Input split bytes=361
		Combine input records=0
		Spilled Records=3
		Failed Shuffles=0
		Merged Map outputs=0
		GC time elapsed (ms)=0
		Total committed heap usage (bytes)=1339555840
	HIVE
		DESERIALIZE_ERRORS=0
		RECORDS_IN=3
		RECORDS_OUT_INTERMEDIATE=3
		RECORDS_OUT_OPERATOR_MAP_0=0
		RECORDS_OUT_OPERATOR_RS_4=3
		RECORDS_OUT_OPERATOR_SEL_1=1
		RECORDS_OUT_OPERATOR_SEL_3=3
		RECORDS_OUT_OPERATOR_TS_0=1
		RECORDS_OUT_OPERATOR_UDTF_2=3
	File Input Format Counters 
		Bytes Read=5201
2024-04-24T06:30:20,556  INFO [LocalJobRunner Map Task Executor #0] mapred.LocalJobRunner: Finishing task: attempt_local424249114_0070_m_000000_0
2024-04-24T06:30:20,556  INFO [Thread-5958] mapred.LocalJobRunner: map task executor complete.
2024-04-24T06:30:20,558  INFO [Thread-5958] mapred.LocalJobRunner: Waiting for reduce tasks
2024-04-24T06:30:20,558  INFO [pool-346-thread-1] mapred.LocalJobRunner: Starting task: attempt_local424249114_0070_r_000000_0
2024-04-24T06:30:20,560  INFO [pool-346-thread-1] mapred.Task:  Using ResourceCalculatorProcessTree : [ ]
2024-04-24T06:30:20,560  INFO [pool-346-thread-1] mapred.ReduceTask: Using ShuffleConsumerPlugin: org.apache.hadoop.mapreduce.task.reduce.Shuffle@3f3b9dab
2024-04-24T06:30:20,560  WARN [pool-346-thread-1] impl.MetricsSystemImpl: JobTracker metrics system already initialized!
2024-04-24T06:30:20,561  INFO [pool-346-thread-1] reduce.MergeManagerImpl: MergerManager: memoryLimit=1336252800, maxSingleShuffleLimit=334063200, mergeThreshold=881926912, ioSortFactor=10, memToMemMergeOutputsThreshold=10
2024-04-24T06:30:20,562  INFO [EventFetcher for fetching Map Completion Events] reduce.EventFetcher: attempt_local424249114_0070_r_000000_0 Thread started: EventFetcher for fetching Map Completion Events
2024-04-24T06:30:20,564  INFO [localfetcher#95] reduce.LocalFetcher: localfetcher#95 about to shuffle output of map attempt_local424249114_0070_m_000000_0 decomp: 21 len: 25 to MEMORY
2024-04-24T06:30:20,564  INFO [localfetcher#95] reduce.InMemoryMapOutput: Read 21 bytes from map-output for attempt_local424249114_0070_m_000000_0
2024-04-24T06:30:20,564  INFO [localfetcher#95] reduce.MergeManagerImpl: closeInMemoryFile -> map-output of size: 21, inMemoryMapOutputs.size() -> 1, commitMemory -> 0, usedMemory ->21
2024-04-24T06:30:20,565  INFO [EventFetcher for fetching Map Completion Events] reduce.EventFetcher: EventFetcher is interrupted.. Returning
2024-04-24T06:30:20,565  INFO [pool-346-thread-1] mapred.LocalJobRunner: 1 / 1 copied.
2024-04-24T06:30:20,565  INFO [pool-346-thread-1] reduce.MergeManagerImpl: finalMerge called with 1 in-memory map-outputs and 0 on-disk map-outputs
2024-04-24T06:30:20,572  INFO [pool-346-thread-1] mapred.Merger: Merging 1 sorted segments
2024-04-24T06:30:20,572  INFO [pool-346-thread-1] mapred.Merger: Down to the last merge-pass, with 1 segments left of total size: 9 bytes
2024-04-24T06:30:20,575  INFO [pool-346-thread-1] reduce.MergeManagerImpl: Merged 1 segments, 21 bytes to disk to satisfy reduce memory limit
2024-04-24T06:30:20,575  INFO [pool-346-thread-1] reduce.MergeManagerImpl: Merging 1 files, 25 bytes from disk
2024-04-24T06:30:20,575  INFO [pool-346-thread-1] reduce.MergeManagerImpl: Merging 0 segments, 0 bytes from memory into reduce
2024-04-24T06:30:20,575  INFO [pool-346-thread-1] mapred.Merger: Merging 1 sorted segments
2024-04-24T06:30:20,575  INFO [pool-346-thread-1] mapred.Merger: Down to the last merge-pass, with 1 segments left of total size: 9 bytes
2024-04-24T06:30:20,575  INFO [pool-346-thread-1] mapred.LocalJobRunner: 1 / 1 copied.
2024-04-24T06:30:20,575  INFO [pool-346-thread-1] exec.SerializationUtilities: Deserializing ReduceWork using kryo
2024-04-24T06:30:20,576  INFO [pool-346-thread-1] exec.Utilities: Deserialized plan (via FILE) - name: null size: 6,16KB
2024-04-24T06:30:20,577  INFO [pool-346-thread-1] ExecReducer: 
<SEL>Id =5
  <Children>
    <FS>Id =6
      <Children>
      <\Children>
      <Parent>Id = 5 null<\Parent>
    <\FS>
  <\Children>
  <Parent><\Parent>
<\SEL>
2024-04-24T06:30:20,577  INFO [pool-346-thread-1] exec.SelectOperator: Initializing Operator: SEL[5]
2024-04-24T06:30:20,577  INFO [pool-346-thread-1] exec.SelectOperator: SELECT struct<key:struct<reducesinkkey0:int>,value:struct<_col0:int,_col1:int>>
2024-04-24T06:30:20,577  INFO [pool-346-thread-1] exec.FileSinkOperator: Initializing Operator: FS[6]
2024-04-24T06:30:20,577  INFO [pool-346-thread-1] exec.FileSinkOperator: Using serializer : AbstractSerDe [log=org.apache.logging.slf4j.Log4jLogger@3c370966, configuration=Optional[Configuration: core-default.xml, core-site.xml, mapred-default.xml, mapred-site.xml, yarn-default.xml, yarn-site.xml, hdfs-default.xml, hdfs-site.xml, file:/home/alex/Repositories/hive/ql/target/tmp/TestTxnCommands/mapred/local/localRunner/alex/job_local424249114_0070/job_local424249114_0070.xml], properties={transactional_properties=default, name=default.target, transactional=true, columns.types=int:int:int, bucket_field_name=key, columns=key,data,cur, numFilesErasureCoded=0, columns.comments=&amp#0;&amp#0;, bucketing_version=2, bucket_count=2, serialization.lib=org.apache.hadoop.hive.ql.io.orc.OrcSerde, file.inputformat=org.apache.hadoop.hive.ql.io.orc.OrcInputFormat, file.outputformat=org.apache.hadoop.hive.ql.io.orc.OrcOutputFormat, location=file:/home/alex/Repositories/hive/ql/target/tmp/org.apache.hadoop.hive.ql.TestTxnCommands-1713965238357/warehouse/target, column.name.delimiter=,}, tableProperties={transactional_properties=default, name=default.target, transactional=true, columns.types=int:int:int, bucket_field_name=key, columns=key,data,cur, numFilesErasureCoded=0, columns.comments=&amp#0;&amp#0;, bucketing_version=2, bucket_count=2, serialization.lib=org.apache.hadoop.hive.ql.io.orc.OrcSerde, file.inputformat=org.apache.hadoop.hive.ql.io.orc.OrcInputFormat, location=file:/home/alex/Repositories/hive/ql/target/tmp/org.apache.hadoop.hive.ql.TestTxnCommands-1713965238357/warehouse/target, file.outputformat=org.apache.hadoop.hive.ql.io.orc.OrcOutputFormat, column.name.delimiter=,}, partitionProperties=Optional.empty, columnNames=[key, data, cur], columnTypes=[int, int, int], getClass()=class org.apache.hadoop.hive.ql.io.orc.OrcSerde] and formatter : org.apache.hadoop.hive.ql.io.orc.OrcOutputFormat@56d7234e
2024-04-24T06:30:20,578  INFO [pool-346-thread-1] exec.FileSinkOperator: Final Path: FS file:/home/alex/Repositories/hive/ql/target/tmp/org.apache.hadoop.hive.ql.TestTxnCommands-1713965238357/warehouse/target
2024-04-24T06:30:20,578  INFO [pool-346-thread-1] exec.FileSinkOperator: New Final Path: FS file:/home/alex/Repositories/hive/ql/target/tmp/org.apache.hadoop.hive.ql.TestTxnCommands-1713965238357/warehouse/target
2024-04-24T06:30:20,578  INFO [pool-346-thread-1] common.FileUtils: Creating directory if it doesn't exist: file:/home/alex/Repositories/hive/ql/target/tmp/org.apache.hadoop.hive.ql.TestTxnCommands-1713965238357/warehouse
2024-04-24T06:30:20,578  INFO [pool-346-thread-1] exec.FileSinkOperator: FS[6]: records written - 1
2024-04-24T06:30:20,578  INFO [pool-346-thread-1] impl.PhysicalFsWriter: ORC writer created for path: file:/home/alex/Repositories/hive/ql/target/tmp/org.apache.hadoop.hive.ql.TestTxnCommands-1713965238357/warehouse/target/delta_0000001_0000001_0000/bucket_00000_0 with stripeSize: 8388608 blockSize: 268435456 compression: Compress: ZLIB buffer: 32768
2024-04-24T06:30:20,586  INFO [pool-346-thread-1] impl.WriterImpl: ORC writer created for path: file:/home/alex/Repositories/hive/ql/target/tmp/org.apache.hadoop.hive.ql.TestTxnCommands-1713965238357/warehouse/target/delta_0000001_0000001_0000/bucket_00000_0 with stripeSize: 8388608 options: Compress: ZLIB buffer: 32768
2024-04-24T06:30:20,591  INFO [pool-346-thread-1] exec.SelectOperator: Closing Operator: SEL[5]
2024-04-24T06:30:20,591  INFO [pool-346-thread-1] exec.SelectOperator: RECORDS_OUT_OPERATOR_SEL_5:1, RECORDS_OUT_INTERMEDIATE:0, 
2024-04-24T06:30:20,591  INFO [pool-346-thread-1] exec.FileSinkOperator: Closing Operator: FS[6]
2024-04-24T06:30:20,591  INFO [pool-346-thread-1] exec.FileSinkOperator: FS[6]: records written - 1
2024-04-24T06:30:20,593  INFO [pool-346-thread-1] FileOperations: Writing manifest to file:/home/alex/Repositories/hive/ql/target/tmp/org.apache.hadoop.hive.ql.TestTxnCommands-1713965238357/warehouse/target/_tmp.delta_0000001_0000001_0000/000000_0.manifest with [file:/home/alex/Repositories/hive/ql/target/tmp/org.apache.hadoop.hive.ql.TestTxnCommands-1713965238357/warehouse/target/delta_0000001_0000001_0000/bucket_00000_0]
2024-04-24T06:30:20,605  INFO [pool-346-thread-1] exec.FileSinkOperator: TOTAL_TABLE_ROWS_WRITTEN:1, RECORDS_OUT_OPERATOR_FS_6:1, RECORDS_OUT_1_default.target:1, RECORDS_OUT_INTERMEDIATE:0, 
2024-04-24T06:30:20,605  INFO [pool-346-thread-1] mapred.Task: Task:attempt_local424249114_0070_r_000000_0 is done. And is in the process of committing
2024-04-24T06:30:20,606  INFO [pool-346-thread-1] mapred.LocalJobRunner: reduce > reduce
2024-04-24T06:30:20,606  INFO [pool-346-thread-1] mapred.Task: Task 'attempt_local424249114_0070_r_000000_0' done.
2024-04-24T06:30:20,606  INFO [pool-346-thread-1] mapred.Task: Final Counters for attempt_local424249114_0070_r_000000_0: Counters: 35
	File System Counters
		FILE: Number of bytes read=1423835
		FILE: Number of bytes written=82525122
		FILE: Number of read operations=0
		FILE: Number of large read operations=0
		FILE: Number of write operations=0
		HDFS: Number of bytes read=0
		HDFS: Number of bytes written=0
		HDFS: Number of read operations=0
		HDFS: Number of large read operations=0
		HDFS: Number of write operations=0
	Map-Reduce Framework
		Combine input records=0
		Combine output records=0
		Reduce input groups=1
		Reduce shuffle bytes=25
		Reduce input records=1
		Reduce output records=0
		Spilled Records=1
		Shuffled Maps =1
		Failed Shuffles=0
		Merged Map outputs=1
		GC time elapsed (ms)=0
		Total committed heap usage (bytes)=1339555840
	HIVE
		CREATED_FILES=1
		RECORDS_OUT_1_default.target=1
		RECORDS_OUT_INTERMEDIATE=0
		RECORDS_OUT_OPERATOR_FS_6=1
		RECORDS_OUT_OPERATOR_SEL_5=1
		TOTAL_TABLE_ROWS_WRITTEN=1
	Shuffle Errors
		BAD_ID=0
		CONNECTION=0
		IO_ERROR=0
		WRONG_LENGTH=0
		WRONG_MAP=0
		WRONG_REDUCE=0
	File Output Format Counters 
		Bytes Written=0
2024-04-24T06:30:20,606  INFO [pool-346-thread-1] mapred.LocalJobRunner: Finishing task: attempt_local424249114_0070_r_000000_0
2024-04-24T06:30:20,606  INFO [pool-346-thread-1] mapred.LocalJobRunner: Starting task: attempt_local424249114_0070_r_000001_0
2024-04-24T06:30:20,606  INFO [pool-346-thread-1] mapred.Task:  Using ResourceCalculatorProcessTree : [ ]
2024-04-24T06:30:20,606  INFO [pool-346-thread-1] mapred.ReduceTask: Using ShuffleConsumerPlugin: org.apache.hadoop.mapreduce.task.reduce.Shuffle@41b24bb9
2024-04-24T06:30:20,607  WARN [pool-346-thread-1] impl.MetricsSystemImpl: JobTracker metrics system already initialized!
2024-04-24T06:30:20,607  INFO [pool-346-thread-1] reduce.MergeManagerImpl: MergerManager: memoryLimit=1336252800, maxSingleShuffleLimit=334063200, mergeThreshold=881926912, ioSortFactor=10, memToMemMergeOutputsThreshold=10
2024-04-24T06:30:20,608  INFO [EventFetcher for fetching Map Completion Events] reduce.EventFetcher: attempt_local424249114_0070_r_000001_0 Thread started: EventFetcher for fetching Map Completion Events
2024-04-24T06:30:20,610  INFO [localfetcher#96] reduce.LocalFetcher: localfetcher#96 about to shuffle output of map attempt_local424249114_0070_m_000000_0 decomp: 40 len: 44 to MEMORY
2024-04-24T06:30:20,610  INFO [localfetcher#96] reduce.InMemoryMapOutput: Read 40 bytes from map-output for attempt_local424249114_0070_m_000000_0
2024-04-24T06:30:20,610  INFO [localfetcher#96] reduce.MergeManagerImpl: closeInMemoryFile -> map-output of size: 40, inMemoryMapOutputs.size() -> 1, commitMemory -> 0, usedMemory ->40
2024-04-24T06:30:20,611  INFO [EventFetcher for fetching Map Completion Events] reduce.EventFetcher: EventFetcher is interrupted.. Returning
2024-04-24T06:30:20,611  INFO [pool-346-thread-1] mapred.LocalJobRunner: 1 / 1 copied.
2024-04-24T06:30:20,611  INFO [pool-346-thread-1] reduce.MergeManagerImpl: finalMerge called with 1 in-memory map-outputs and 0 on-disk map-outputs
2024-04-24T06:30:20,616  INFO [pool-346-thread-1] mapred.Merger: Merging 1 sorted segments
2024-04-24T06:30:20,616  INFO [pool-346-thread-1] mapred.Merger: Down to the last merge-pass, with 1 segments left of total size: 28 bytes
2024-04-24T06:30:20,619  INFO [pool-346-thread-1] reduce.MergeManagerImpl: Merged 1 segments, 40 bytes to disk to satisfy reduce memory limit
2024-04-24T06:30:20,619  INFO [pool-346-thread-1] reduce.MergeManagerImpl: Merging 1 files, 44 bytes from disk
2024-04-24T06:30:20,619  INFO [pool-346-thread-1] reduce.MergeManagerImpl: Merging 0 segments, 0 bytes from memory into reduce
2024-04-24T06:30:20,619  INFO [pool-346-thread-1] mapred.Merger: Merging 1 sorted segments
2024-04-24T06:30:20,619  INFO [pool-346-thread-1] mapred.Merger: Down to the last merge-pass, with 1 segments left of total size: 28 bytes
2024-04-24T06:30:20,619  INFO [pool-346-thread-1] mapred.LocalJobRunner: 1 / 1 copied.
2024-04-24T06:30:20,620  INFO [pool-346-thread-1] exec.SerializationUtilities: Deserializing ReduceWork using kryo
2024-04-24T06:30:20,620  INFO [pool-346-thread-1] exec.Utilities: Deserialized plan (via FILE) - name: null size: 6,16KB
2024-04-24T06:30:20,621  INFO [pool-346-thread-1] ExecReducer: 
<SEL>Id =5
  <Children>
    <FS>Id =6
      <Children>
      <\Children>
      <Parent>Id = 5 null<\Parent>
    <\FS>
  <\Children>
  <Parent><\Parent>
<\SEL>
2024-04-24T06:30:20,621  INFO [pool-346-thread-1] exec.SelectOperator: Initializing Operator: SEL[5]
2024-04-24T06:30:20,621  INFO [pool-346-thread-1] exec.SelectOperator: SELECT struct<key:struct<reducesinkkey0:int>,value:struct<_col0:int,_col1:int>>
2024-04-24T06:30:20,621  INFO [pool-346-thread-1] exec.FileSinkOperator: Initializing Operator: FS[6]
2024-04-24T06:30:20,621  INFO [pool-346-thread-1] exec.FileSinkOperator: Using serializer : AbstractSerDe [log=org.apache.logging.slf4j.Log4jLogger@3c370966, configuration=Optional[Configuration: core-default.xml, core-site.xml, mapred-default.xml, mapred-site.xml, yarn-default.xml, yarn-site.xml, hdfs-default.xml, hdfs-site.xml, file:/home/alex/Repositories/hive/ql/target/tmp/TestTxnCommands/mapred/local/localRunner/alex/job_local424249114_0070/job_local424249114_0070.xml], properties={transactional_properties=default, name=default.target, transactional=true, columns.types=int:int:int, bucket_field_name=key, columns=key,data,cur, numFilesErasureCoded=0, columns.comments=&amp#0;&amp#0;, bucketing_version=2, bucket_count=2, serialization.lib=org.apache.hadoop.hive.ql.io.orc.OrcSerde, file.inputformat=org.apache.hadoop.hive.ql.io.orc.OrcInputFormat, file.outputformat=org.apache.hadoop.hive.ql.io.orc.OrcOutputFormat, location=file:/home/alex/Repositories/hive/ql/target/tmp/org.apache.hadoop.hive.ql.TestTxnCommands-1713965238357/warehouse/target, column.name.delimiter=,}, tableProperties={transactional_properties=default, name=default.target, transactional=true, columns.types=int:int:int, bucket_field_name=key, columns=key,data,cur, numFilesErasureCoded=0, columns.comments=&amp#0;&amp#0;, bucketing_version=2, bucket_count=2, serialization.lib=org.apache.hadoop.hive.ql.io.orc.OrcSerde, file.inputformat=org.apache.hadoop.hive.ql.io.orc.OrcInputFormat, location=file:/home/alex/Repositories/hive/ql/target/tmp/org.apache.hadoop.hive.ql.TestTxnCommands-1713965238357/warehouse/target, file.outputformat=org.apache.hadoop.hive.ql.io.orc.OrcOutputFormat, column.name.delimiter=,}, partitionProperties=Optional.empty, columnNames=[key, data, cur], columnTypes=[int, int, int], getClass()=class org.apache.hadoop.hive.ql.io.orc.OrcSerde] and formatter : org.apache.hadoop.hive.ql.io.orc.OrcOutputFormat@3fb42746
2024-04-24T06:30:20,621  INFO [pool-346-thread-1] exec.FileSinkOperator: Final Path: FS file:/home/alex/Repositories/hive/ql/target/tmp/org.apache.hadoop.hive.ql.TestTxnCommands-1713965238357/warehouse/target
2024-04-24T06:30:20,621  INFO [pool-346-thread-1] exec.FileSinkOperator: New Final Path: FS file:/home/alex/Repositories/hive/ql/target/tmp/org.apache.hadoop.hive.ql.TestTxnCommands-1713965238357/warehouse/target
2024-04-24T06:30:20,621  INFO [pool-346-thread-1] common.FileUtils: Creating directory if it doesn't exist: file:/home/alex/Repositories/hive/ql/target/tmp/org.apache.hadoop.hive.ql.TestTxnCommands-1713965238357/warehouse
2024-04-24T06:30:20,622  INFO [pool-346-thread-1] exec.FileSinkOperator: FS[6]: records written - 1
2024-04-24T06:30:20,622  INFO [pool-346-thread-1] impl.PhysicalFsWriter: ORC writer created for path: file:/home/alex/Repositories/hive/ql/target/tmp/org.apache.hadoop.hive.ql.TestTxnCommands-1713965238357/warehouse/target/delta_0000001_0000001_0000/bucket_00001_0 with stripeSize: 8388608 blockSize: 268435456 compression: Compress: ZLIB buffer: 32768
2024-04-24T06:30:20,627  INFO [pool-346-thread-1] impl.WriterImpl: ORC writer created for path: file:/home/alex/Repositories/hive/ql/target/tmp/org.apache.hadoop.hive.ql.TestTxnCommands-1713965238357/warehouse/target/delta_0000001_0000001_0000/bucket_00001_0 with stripeSize: 8388608 options: Compress: ZLIB buffer: 32768
2024-04-24T06:30:20,628  INFO [pool-346-thread-1] exec.SelectOperator: Closing Operator: SEL[5]
2024-04-24T06:30:20,628  INFO [pool-346-thread-1] exec.SelectOperator: RECORDS_OUT_INTERMEDIATE:0, RECORDS_OUT_OPERATOR_SEL_5:2, 
2024-04-24T06:30:20,628  INFO [pool-346-thread-1] exec.FileSinkOperator: Closing Operator: FS[6]
2024-04-24T06:30:20,628  INFO [pool-346-thread-1] exec.FileSinkOperator: FS[6]: records written - 2
2024-04-24T06:30:20,630  INFO [pool-346-thread-1] FileOperations: Writing manifest to file:/home/alex/Repositories/hive/ql/target/tmp/org.apache.hadoop.hive.ql.TestTxnCommands-1713965238357/warehouse/target/_tmp.delta_0000001_0000001_0000/000001_0.manifest with [file:/home/alex/Repositories/hive/ql/target/tmp/org.apache.hadoop.hive.ql.TestTxnCommands-1713965238357/warehouse/target/delta_0000001_0000001_0000/bucket_00001_0]
2024-04-24T06:30:20,639  INFO [pool-346-thread-1] exec.FileSinkOperator: TOTAL_TABLE_ROWS_WRITTEN:2, RECORDS_OUT_OPERATOR_FS_6:2, RECORDS_OUT_1_default.target:2, RECORDS_OUT_INTERMEDIATE:0, 
2024-04-24T06:30:20,640  INFO [pool-346-thread-1] mapred.Task: Task:attempt_local424249114_0070_r_000001_0 is done. And is in the process of committing
2024-04-24T06:30:20,640  INFO [pool-346-thread-1] mapred.LocalJobRunner: reduce > reduce
2024-04-24T06:30:20,640  INFO [pool-346-thread-1] mapred.Task: Task 'attempt_local424249114_0070_r_000001_0' done.
2024-04-24T06:30:20,640  INFO [pool-346-thread-1] mapred.Task: Final Counters for attempt_local424249114_0070_r_000001_0: Counters: 35
	File System Counters
		FILE: Number of bytes read=1430203
		FILE: Number of bytes written=82526241
		FILE: Number of read operations=0
		FILE: Number of large read operations=0
		FILE: Number of write operations=0
		HDFS: Number of bytes read=0
		HDFS: Number of bytes written=0
		HDFS: Number of read operations=0
		HDFS: Number of large read operations=0
		HDFS: Number of write operations=0
	Map-Reduce Framework
		Combine input records=0
		Combine output records=0
		Reduce input groups=1
		Reduce shuffle bytes=44
		Reduce input records=2
		Reduce output records=0
		Spilled Records=2
		Shuffled Maps =1
		Failed Shuffles=0
		Merged Map outputs=1
		GC time elapsed (ms)=0
		Total committed heap usage (bytes)=1339555840
	HIVE
		CREATED_FILES=1
		RECORDS_OUT_1_default.target=2
		RECORDS_OUT_INTERMEDIATE=0
		RECORDS_OUT_OPERATOR_FS_6=2
		RECORDS_OUT_OPERATOR_SEL_5=2
		TOTAL_TABLE_ROWS_WRITTEN=2
	Shuffle Errors
		BAD_ID=0
		CONNECTION=0
		IO_ERROR=0
		WRONG_LENGTH=0
		WRONG_MAP=0
		WRONG_REDUCE=0
	File Output Format Counters 
		Bytes Written=0
2024-04-24T06:30:20,640  INFO [pool-346-thread-1] mapred.LocalJobRunner: Finishing task: attempt_local424249114_0070_r_000001_0
2024-04-24T06:30:20,640  INFO [Thread-5958] mapred.LocalJobRunner: reduce task executor complete.
2024-04-24 06:30:21,526 Stage-1 map = 100%,  reduce = 100%
2024-04-24T06:30:21,526  INFO [main] exec.Task: 2024-04-24 06:30:21,526 Stage-1 map = 100%,  reduce = 100%
Ended Job = job_local424249114_0070
2024-04-24T06:30:21,528  INFO [main] exec.Task: Ended Job = job_local424249114_0070
2024-04-24T06:30:21,529  INFO [main] FileOperations: Found manifest file file:/home/alex/Repositories/hive/ql/target/tmp/org.apache.hadoop.hive.ql.TestTxnCommands-1713965238357/warehouse/target/_tmp.delta_0000001_0000001_0000/000000_0.manifest with attemptId 0.
2024-04-24T06:30:21,529  INFO [main] FileOperations: Found manifest file file:/home/alex/Repositories/hive/ql/target/tmp/org.apache.hadoop.hive.ql.TestTxnCommands-1713965238357/warehouse/target/_tmp.delta_0000001_0000001_0000/000001_0.manifest with attemptId 0.
2024-04-24T06:30:21,530  INFO [main] FileOperations: Looking at manifest file: file:/home/alex/Repositories/hive/ql/target/tmp/org.apache.hadoop.hive.ql.TestTxnCommands-1713965238357/warehouse/target/_tmp.delta_0000001_0000001_0000/000000_0.manifest
2024-04-24T06:30:21,530  INFO [main] FileOperations: Looking at manifest file: file:/home/alex/Repositories/hive/ql/target/tmp/org.apache.hadoop.hive.ql.TestTxnCommands-1713965238357/warehouse/target/_tmp.delta_0000001_0000001_0000/000001_0.manifest
2024-04-24T06:30:21,530  INFO [main] FileOperations: Deleting manifest directory file:/home/alex/Repositories/hive/ql/target/tmp/org.apache.hadoop.hive.ql.TestTxnCommands-1713965238357/warehouse/target/_tmp.delta_0000001_0000001_0000
2024-04-24T06:30:21,531  INFO [main] ql.Driver: Starting task [Stage-0:MOVE] in serial mode
Loading data to table default.target
2024-04-24T06:30:21,531  INFO [main] exec.Task: Loading data to table default.target from file:/home/alex/Repositories/hive/ql/target/tmp/org.apache.hadoop.hive.ql.TestTxnCommands-1713965238357/warehouse/target
2024-04-24T06:30:21,531  INFO [main] HiveMetaStore.audit: ugi=alex	ip=unknown-ip-addr	cmd=get_table : tbl=hive.default.target	
2024-04-24T06:30:21,538  INFO [main] metastore.HMSHandler: Skipping translation for processor with null
2024-04-24T06:30:21,538  INFO [main] HiveMetaStore.audit: ugi=alex	ip=unknown-ip-addr	cmd=get_table : tbl=hive.default.target	
2024-04-24T06:30:21,544  INFO [main] metastore.HMSHandler: Skipping translation for processor with null
2024-04-24T06:30:21,544  INFO [main] HiveMetaStore.audit: ugi=alex	ip=unknown-ip-addr	cmd=alter_table: hive.default.target newtbl=target	
2024-04-24T06:30:21,571  INFO [main] ql.Driver: Starting task [Stage-2:STATS] in serial mode
2024-04-24T06:30:21,571  INFO [main] HiveMetaStore.audit: ugi=alex	ip=unknown-ip-addr	cmd=get_table : tbl=hive.default.target	
2024-04-24T06:30:21,577  INFO [main] metastore.HMSHandler: Skipping translation for processor with null
2024-04-24T06:30:21,577  INFO [main] stats.BasicStatsTask: Executing stats task
2024-04-24T06:30:21,577  INFO [main] fs.FSStatsPublisher: created : file:/home/alex/Repositories/hive/ql/target/tmp/localscratchdir/9c10b63f-d790-4b1c-b086-b946fce73ce1/hive_2024-04-24_06-30-20_072_3209357450917909017-1/-mr-10000
2024-04-24T06:30:21,578  INFO [main] HiveMetaStore.audit: ugi=alex	ip=unknown-ip-addr	cmd=get_table : tbl=hive.default.target	
2024-04-24T06:30:21,584  INFO [main] metastore.HMSHandler: Skipping translation for processor with null
2024-04-24T06:30:21,595  WARN [main] FileOperations: Computing stats for an ACID table; stats may be inaccurate
2024-04-24T06:30:21,595  INFO [main] FileOperations: Read stats for default.target/, numRows, true, 3, false: 
2024-04-24T06:30:21,595  INFO [main] FileOperations: Read stats for default.target/, rawDataSize, true, 0, false: 
2024-04-24T06:30:21,595  INFO [main] HiveMetaStore.audit: ugi=alex	ip=unknown-ip-addr	cmd=alter_table: hive.default.target newtbl=target	
2024-04-24T06:30:21,613  INFO [main] FileOperations: Read stats for default.target/, insertCount, true, 3, false: 
2024-04-24T06:30:21,613  INFO [main] FileOperations: Read stats for default.target/, updateCount, true, 0, false: 
2024-04-24T06:30:21,613  INFO [main] FileOperations: Read stats for default.target/, deleteCount, true, 0, false: 
2024-04-24T06:30:21,615  INFO [main] stats.BasicStatsTask: Table default.target stats: [numFiles=2, numRows=3, totalSize=1460, rawDataSize=0, numFilesErasureCoded=0]
2024-04-24T06:30:21,616  INFO [main] metadata.Hive: Dumping metastore api call timing information for : execution phase
2024-04-24T06:30:21,616  INFO [main] metadata.Hive: Total time spent in each metastore function (ms): {alter_table_(String, String, String, Table, EnvironmentContext, String)=45, getTable_(GetTableRequest)=25, isCompatibleWith_(Configuration)=0, updateTransactionalStatistics_(UpdateTransactionalStatsRequest)=2}
MapReduce Jobs Launched: 
2024-04-24T06:30:21,616  INFO [main] ql.Driver: MapReduce Jobs Launched: 
Stage-Stage-1:  HDFS Read: 0 HDFS Write: 0 SUCCESS
2024-04-24T06:30:21,616  INFO [main] ql.Driver: Stage-Stage-1:  HDFS Read: 0 HDFS Write: 0 SUCCESS
Total MapReduce CPU Time Spent: 0 msec
2024-04-24T06:30:21,616  INFO [main] ql.Driver: Total MapReduce CPU Time Spent: 0 msec
2024-04-24T06:30:21,616  INFO [main] ql.Driver: Completed executing command(queryId=alex_20240424063020_82f059e7-099a-4b18-a1cd-8593af88a233); Time taken: 1.354 seconds
2024-04-24T06:30:21,616  INFO [main] lockmgr.DbTxnManager: Stopped heartbeat for query: alex_20240424063020_82f059e7-099a-4b18-a1cd-8593af88a233
2024-04-24T06:30:21,626  INFO [main] txn.TxnHandler: Removed transactions: ([17]) from MIN_HISTORY_LEVEL
2024-04-24T06:30:21,626  WARN [main] txn.CompactionTxnHandler: No compaction queue record found for Compaction type transaction commit. txnId:17
2024-04-24T06:30:21,626  INFO [main] ql.TxnCommandsBaseForTests: Running the query: insert into source  values(1,7),(3,8)
2024-04-24T06:30:21,626  INFO [main] ql.Context: Deleting scratch dir: file:/home/alex/Repositories/hive/ql/target/tmp/localscratchdir/9c10b63f-d790-4b1c-b086-b946fce73ce1/hive_2024-04-24_06-30-20_072_3209357450917909017-1
2024-04-24T06:30:21,627  INFO [main] cleanup.SyncCleanupService: Deleted directory: file:/home/alex/Repositories/hive/ql/target/tmp/localscratchdir/9c10b63f-d790-4b1c-b086-b946fce73ce1/hive_2024-04-24_06-30-20_072_3209357450917909017-1 on fs with scheme file
2024-04-24T06:30:21,627  INFO [main] ql.Driver: Compiling command(queryId=alex_20240424063021_c8fcf594-157b-498f-806f-05d1fb32f25e): insert into source  values(1,7),(3,8)
2024-04-24T06:30:21,630  INFO [main] txn.TxnHandler: Added entries to MIN_HISTORY_LEVEL for current txns: ([18]) with min_open_txn: 18
2024-04-24T06:30:21,630  INFO [main] lockmgr.DbTxnManager: Opened txnid:18
2024-04-24T06:30:21,630  INFO [main] parse.CalcitePlanner: Starting caching scope for: 
2024-04-24T06:30:21,630  INFO [main] parse.CalcitePlanner: Starting Semantic Analysis
2024-04-24T06:30:21,633  INFO [main] HiveMetaStore.audit: ugi=alex	ip=unknown-ip-addr	cmd=get_table : tbl=hive.default.source	
2024-04-24T06:30:21,652  INFO [main] metastore.HMSHandler: Skipping translation for processor with null
2024-04-24T06:30:21,652  INFO [main] parse.CalcitePlanner: Completed phase 1 of Semantic Analysis
2024-04-24T06:30:21,652  INFO [main] parse.CalcitePlanner: Get metadata for source tables
2024-04-24T06:30:21,652  INFO [main] parse.CalcitePlanner: Get metadata for subqueries
2024-04-24T06:30:21,652  INFO [main] parse.CalcitePlanner: Get metadata for destination tables
2024-04-24T06:30:21,652  INFO [main] HiveMetaStore.audit: ugi=alex	ip=unknown-ip-addr	cmd=get_table : tbl=hive.default.source	
2024-04-24T06:30:21,659  INFO [main] metastore.HMSHandler: Skipping translation for processor with null
2024-04-24T06:30:21,659  INFO [main] parse.CalcitePlanner: Completed getting MetaData in Semantic Analysis
2024-04-24T06:30:21,659  INFO [main] parse.CalcitePlanner: Disabling LLAP IO encode as ETL query is detected
2024-04-24T06:30:21,679  INFO [main] HiveMetaStore.audit: ugi=alex	ip=unknown-ip-addr	cmd=get_all_table_constraints : tbl=hive._dummy_database._dummy_table	
2024-04-24T06:30:21,723  INFO [main] parse.CalcitePlanner: Get metadata for source tables
2024-04-24T06:30:21,723  INFO [main] parse.CalcitePlanner: Get metadata for subqueries
2024-04-24T06:30:21,723  INFO [main] parse.CalcitePlanner: Get metadata for source tables
2024-04-24T06:30:21,724  INFO [main] HiveMetaStore.audit: ugi=alex	ip=unknown-ip-addr	cmd=get_table : tbl=hive._dummy_database._dummy_table	
2024-04-24T06:30:21,726  INFO [main] parse.CalcitePlanner: Get metadata for subqueries
2024-04-24T06:30:21,726  INFO [main] parse.CalcitePlanner: Get metadata for destination tables
2024-04-24T06:30:21,726  INFO [main] parse.CalcitePlanner: Get metadata for destination tables
2024-04-24T06:30:21,726  INFO [main] HiveMetaStore.audit: ugi=alex	ip=unknown-ip-addr	cmd=get_table : tbl=hive.default.source	
2024-04-24T06:30:21,734  INFO [main] metastore.HMSHandler: Skipping translation for processor with null
2024-04-24T06:30:21,735  INFO [main] common.FileUtils: Creating directory if it doesn't exist: file:/home/alex/Repositories/hive/ql/target/tmp/org.apache.hadoop.hive.ql.TestTxnCommands-1713965238357/warehouse/source/.hive-staging_hive_2024-04-24_06-30-21_627_658377030899357592-1
2024-04-24T06:30:21,737  INFO [main] HiveMetaStore.audit: ugi=alex	ip=unknown-ip-addr	cmd=get_not_null_constraints : tbl=hive.default.source	
2024-04-24T06:30:21,738  INFO [main] HiveMetaStore.audit: ugi=alex	ip=unknown-ip-addr	cmd=get_check_constraints : tbl=hive.default.source	
2024-04-24T06:30:21,739  INFO [main] parse.CalcitePlanner: CBO Succeeded; optimized logical plan.
2024-04-24T06:30:21,741  INFO [main] optimizer.BucketVersionPopulator: not considering bucketingVersion for: TS[0] because it has -1<2 buckets 
2024-04-24T06:30:21,742  INFO [main] optimizer.SortedDynPartitionOptimizer: Sorted dynamic partitioning optimization kicked in..
2024-04-24T06:30:21,749  INFO [main] HiveMetaStore.audit: ugi=alex	ip=unknown-ip-addr	cmd=get_table : tbl=hive.default.source	
2024-04-24T06:30:21,759  INFO [main] metastore.HMSHandler: Skipping translation for processor with null
2024-04-24T06:30:21,759  INFO [main] optimizer.GenMRFileSink1: using CombineHiveInputformat for the merge job
2024-04-24T06:30:21,759  INFO [main] HiveMetaStore.audit: ugi=alex	ip=unknown-ip-addr	cmd=get_table : tbl=hive.default.source	
2024-04-24T06:30:21,768  INFO [main] metastore.HMSHandler: Skipping translation for processor with null
2024-04-24T06:30:21,782  INFO [main] parse.CalcitePlanner: Completed plan generation
2024-04-24T06:30:21,782  INFO [main] parse.CalcitePlanner: Ending caching scope for: 
2024-04-24T06:30:21,782  INFO [main] ql.Driver: Semantic Analysis Completed (retrial = false)
2024-04-24T06:30:21,783  INFO [main] ql.Driver: Created Hive schema: Schema(fieldSchemas:[FieldSchema(name:col1, type:int, comment:null), FieldSchema(name:col2, type:int, comment:null)], properties:null)
2024-04-24T06:30:21,783  INFO [main] metadata.Hive: Dumping metastore api call timing information for : compilation phase
2024-04-24T06:30:21,783  INFO [main] metadata.Hive: Total time spent in each metastore function (ms): {getAllTableConstraints_(AllTableConstraintsRequest)=4, getTable_(GetTableRequest)=53, getValidTxns_(long)=0, openTxn_(String, TxnType)=2, getNotNullConstraints_(NotNullConstraintsRequest)=1, getValidWriteIds_(List, String)=3, getCheckConstraints_(CheckConstraintsRequest)=1, commitTxn_(CommitTxnRequest)=10, isCompatibleWith_(Configuration)=1, flushCache_()=1}
2024-04-24T06:30:21,783  INFO [main] ql.Driver: Completed compiling command(queryId=alex_20240424063021_c8fcf594-157b-498f-806f-05d1fb32f25e); Time taken: 0.156 seconds
2024-04-24T06:30:21,783  INFO [main] lockmgr.DbTxnManager: Setting lock request transaction to txnid:18 for queryId=alex_20240424063021_c8fcf594-157b-498f-806f-05d1fb32f25e
2024-04-24T06:30:21,783  INFO [main] lockmgr.DbLockManager: Requesting lock for queryId=alex_20240424063021_c8fcf594-157b-498f-806f-05d1fb32f25e
2024-04-24T06:30:21,798  INFO [main] lockmgr.DbLockManager: Response to queryId=alex_20240424063021_c8fcf594-157b-498f-806f-05d1fb32f25e LockResponse(lockid:12, state:ACQUIRED)
2024-04-24T06:30:21,798  INFO [main] ql.Driver: Operation QUERY obtained 1 locks
2024-04-24T06:30:21,798  INFO [main] ql.Driver: Executing command(queryId=alex_20240424063021_c8fcf594-157b-498f-806f-05d1fb32f25e): insert into source  values(1,7),(3,8)
2024-04-24T06:30:21,798  WARN [main] ql.Driver: Hive-on-MR is deprecated in Hive 2 and may not be available in the future versions. Consider using a different execution engine (i.e. tez, spark) or using Hive 1.X releases.
Query ID = alex_20240424063021_c8fcf594-157b-498f-806f-05d1fb32f25e
2024-04-24T06:30:21,798  INFO [main] ql.Driver: Query ID = alex_20240424063021_c8fcf594-157b-498f-806f-05d1fb32f25e
Total jobs = 3
2024-04-24T06:30:21,798  INFO [main] ql.Driver: Total jobs = 3
Launching Job 1 out of 3
2024-04-24T06:30:21,798  INFO [main] ql.Driver: Launching Job 1 out of 3
2024-04-24T06:30:21,921  INFO [main] ql.Driver: Starting task [Stage-1:MAPRED] in serial mode
Number of reduce tasks is set to 0 since there's no reduce operator
2024-04-24T06:30:21,921  INFO [main] exec.Task: Number of reduce tasks is set to 0 since there's no reduce operator
2024-04-24T06:30:21,923  INFO [main] mr.ExecDriver: Using org.apache.hadoop.hive.ql.io.HiveInputFormat
2024-04-24T06:30:21,923  INFO [main] exec.Utilities: Processing alias $hdt$_0:_dummy_table
2024-04-24T06:30:21,923  INFO [main] exec.Utilities: Adding 1 inputs; the first input is file:/home/alex/Repositories/hive/ql/target/tmp/localscratchdir/9c10b63f-d790-4b1c-b086-b946fce73ce1/hive_2024-04-24_06-30-21_627_658377030899357592-1/dummy_path
2024-04-24T06:30:21,932  INFO [main] exec.SerializationUtilities: Serializing MapWork using kryo
2024-04-24T06:30:21,933  INFO [main] exec.Utilities: Serialized plan (via FILE) - name: null size: 5,67KB
2024-04-24T06:30:21,934  WARN [main] impl.MetricsSystemImpl: JobTracker metrics system already initialized!
2024-04-24T06:30:21,937  INFO [main] fs.FSStatsPublisher: created : file:/home/alex/Repositories/hive/ql/target/tmp/localscratchdir/9c10b63f-d790-4b1c-b086-b946fce73ce1/hive_2024-04-24_06-30-21_627_658377030899357592-1/-mr-10001
2024-04-24T06:30:21,941  WARN [main] impl.MetricsSystemImpl: JobTracker metrics system already initialized!
2024-04-24T06:30:21,948  WARN [main] mapreduce.JobResourceUploader: Hadoop command-line option parsing not performed. Implement the Tool interface and execute your application with ToolRunner to remedy this.
2024-04-24T06:30:21,952  WARN [main] mapreduce.JobResourceUploader: No job jar file set.  User classes may not be found. See Job or Job#setJar(String).
2024-04-24T06:30:21,953  INFO [main] io.HiveInputFormat: hive.io.file.readcolumn.ids = 
2024-04-24T06:30:21,953  INFO [main] io.HiveInputFormat: hive.io.file.readcolumn.names = 
2024-04-24T06:30:21,953  INFO [main] io.HiveInputFormat: Generating splits for dirs: file:/home/alex/Repositories/hive/ql/target/tmp/localscratchdir/9c10b63f-d790-4b1c-b086-b946fce73ce1/hive_2024-04-24_06-30-21_627_658377030899357592-1/dummy_path
2024-04-24T06:30:21,953  INFO [main] io.HiveInputFormat: number of splits 1
2024-04-24T06:30:21,970  INFO [main] mapreduce.JobSubmitter: number of splits:1
2024-04-24T06:30:21,989  INFO [main] mapreduce.JobSubmitter: Submitting tokens for job: job_local370786267_0071
2024-04-24T06:30:21,989  INFO [main] mapreduce.JobSubmitter: Executing with tokens: []
2024-04-24T06:30:22,046  INFO [main] mapreduce.Job: The url to track the job: http://localhost:8080/
Job running in-process (local Hadoop)
2024-04-24T06:30:22,046  INFO [main] exec.Task: Job running in-process (local Hadoop)
2024-04-24T06:30:22,047  INFO [Thread-6032] mapred.LocalJobRunner: OutputCommitter set in config org.apache.hadoop.hive.ql.io.HiveFileFormatUtils$NullOutputCommitter
2024-04-24T06:30:22,047  INFO [Thread-6032] mapred.LocalJobRunner: OutputCommitter is org.apache.hadoop.hive.ql.io.HiveFileFormatUtils$NullOutputCommitter
2024-04-24T06:30:22,048  INFO [Thread-6032] mapred.LocalJobRunner: Waiting for map tasks
2024-04-24T06:30:22,048  INFO [LocalJobRunner Map Task Executor #0] mapred.LocalJobRunner: Starting task: attempt_local370786267_0071_m_000000_0
2024-04-24T06:30:22,049  INFO [LocalJobRunner Map Task Executor #0] mapred.Task:  Using ResourceCalculatorProcessTree : [ ]
2024-04-24T06:30:22,049  INFO [LocalJobRunner Map Task Executor #0] mapred.MapTask: Processing split: org.apache.hadoop.hive.ql.io.NullRowsInputFormat:file:/home/alex/Repositories/hive/ql/target/tmp/localscratchdir/9c10b63f-d790-4b1c-b086-b946fce73ce1/hive_2024-04-24_06-30-21_627_658377030899357592-1/dummy_path/null:0+1
2024-04-24T06:30:22,049  INFO [LocalJobRunner Map Task Executor #0] exec.SerializationUtilities: Deserializing MapWork using kryo
2024-04-24T06:30:22,050  INFO [LocalJobRunner Map Task Executor #0] exec.Utilities: Deserialized plan (via FILE) - name: null size: 5,67KB
2024-04-24T06:30:22,050  INFO [LocalJobRunner Map Task Executor #0] mapred.MapTask: numReduceTasks: 0
2024-04-24T06:30:22,050  INFO [LocalJobRunner Map Task Executor #0] exec.MapOperator: Initializing Operator: MAP[0]
2024-04-24T06:30:22,050  INFO [LocalJobRunner Map Task Executor #0] mr.ExecMapper: 
<MAP>Id =0
  <Children>null
  <\Children>
  <Parent><\Parent>
<\MAP>
2024-04-24T06:30:22,051  INFO [LocalJobRunner Map Task Executor #0] exec.TableScanOperator: Initializing Operator: TS[0]
2024-04-24T06:30:22,051  INFO [LocalJobRunner Map Task Executor #0] exec.SelectOperator: Initializing Operator: SEL[1]
2024-04-24T06:30:22,051  INFO [LocalJobRunner Map Task Executor #0] exec.SelectOperator: SELECT null
2024-04-24T06:30:22,051  INFO [LocalJobRunner Map Task Executor #0] exec.UDTFOperator: Initializing Operator: UDTF[2]
2024-04-24T06:30:22,052  INFO [LocalJobRunner Map Task Executor #0] exec.SelectOperator: Initializing Operator: SEL[3]
2024-04-24T06:30:22,052  INFO [LocalJobRunner Map Task Executor #0] exec.SelectOperator: SELECT struct<col1:int,col2:int>
2024-04-24T06:30:22,052  INFO [LocalJobRunner Map Task Executor #0] exec.FileSinkOperator: Initializing Operator: FS[4]
2024-04-24T06:30:22,052  INFO [LocalJobRunner Map Task Executor #0] exec.FileSinkOperator: Using serializer : class org.apache.hadoop.hive.serde2.lazy.LazySimpleSerDe [serdeParams=org.apache.hadoop.hive.serde2.lazy.LazySerDeParameters@78c9fa2e, cachedObjectInspector=org.apache.hadoop.hive.serde2.lazy.objectinspector.LazySimpleStructObjectInspector<org.apache.hadoop.hive.serde2.lazy.objectinspector.primitive.LazyIntObjectInspector@4582da06,org.apache.hadoop.hive.serde2.lazy.objectinspector.primitive.LazyIntObjectInspector@4582da06>, serializedSize=0, stats=org.apache.hadoop.hive.serde2.SerDeStats@30050049, lastOperationSerialize=false, lastOperationDeserialize=false [1, 2, 3, 4, 5, 6, 7, 8] : [key, data] : [int, int]] and formatter : org.apache.hadoop.hive.ql.io.HiveIgnoreKeyTextOutputFormat@2965e92d
2024-04-24T06:30:22,052  INFO [LocalJobRunner Map Task Executor #0] exec.FileSinkOperator: Final Path: FS file:/home/alex/Repositories/hive/ql/target/tmp/org.apache.hadoop.hive.ql.TestTxnCommands-1713965238357/warehouse/source/.hive-staging_hive_2024-04-24_06-30-21_627_658377030899357592-1/_tmp.-ext-10002/000000_0
2024-04-24T06:30:22,052  INFO [LocalJobRunner Map Task Executor #0] exec.FileSinkOperator: Writing to temp file: FS file:/home/alex/Repositories/hive/ql/target/tmp/org.apache.hadoop.hive.ql.TestTxnCommands-1713965238357/warehouse/source/.hive-staging_hive_2024-04-24_06-30-21_627_658377030899357592-1/_task_tmp.-ext-10002/_tmp.000000_0
2024-04-24T06:30:22,052  INFO [LocalJobRunner Map Task Executor #0] exec.FileSinkOperator: New Final Path: FS file:/home/alex/Repositories/hive/ql/target/tmp/org.apache.hadoop.hive.ql.TestTxnCommands-1713965238357/warehouse/source/.hive-staging_hive_2024-04-24_06-30-21_627_658377030899357592-1/_tmp.-ext-10002/000000_0
2024-04-24T06:30:22,059  INFO [LocalJobRunner Map Task Executor #0] exec.FileSinkOperator: FS[4]: records written - 1
2024-04-24T06:30:22,059  INFO [LocalJobRunner Map Task Executor #0] exec.MapOperator: MAP[0]: records read - 1
2024-04-24T06:30:22,060  INFO [LocalJobRunner Map Task Executor #0] exec.MapOperator: Closing Operator: MAP[0]
2024-04-24T06:30:22,060  INFO [LocalJobRunner Map Task Executor #0] exec.MapOperator: MAP[0]: Total records read - 3. abort - false
2024-04-24T06:30:22,060  INFO [LocalJobRunner Map Task Executor #0] exec.MapOperator: RECORDS_OUT_INTERMEDIATE:0, DESERIALIZE_ERRORS:0, RECORDS_IN:3, RECORDS_OUT_OPERATOR_MAP_0:0, 
2024-04-24T06:30:22,060  INFO [LocalJobRunner Map Task Executor #0] exec.TableScanOperator: Closing Operator: TS[0]
2024-04-24T06:30:22,060  INFO [LocalJobRunner Map Task Executor #0] exec.TableScanOperator: RECORDS_OUT_INTERMEDIATE:0, RECORDS_OUT_OPERATOR_TS_0:1, 
2024-04-24T06:30:22,060  INFO [LocalJobRunner Map Task Executor #0] exec.SelectOperator: Closing Operator: SEL[1]
2024-04-24T06:30:22,060  INFO [LocalJobRunner Map Task Executor #0] exec.SelectOperator: RECORDS_OUT_OPERATOR_SEL_1:1, RECORDS_OUT_INTERMEDIATE:0, 
2024-04-24T06:30:22,060  INFO [LocalJobRunner Map Task Executor #0] exec.UDTFOperator: Closing Operator: UDTF[2]
2024-04-24T06:30:22,060  INFO [LocalJobRunner Map Task Executor #0] exec.UDTFOperator: RECORDS_OUT_INTERMEDIATE:0, RECORDS_OUT_OPERATOR_UDTF_2:2, 
2024-04-24T06:30:22,060  INFO [LocalJobRunner Map Task Executor #0] exec.SelectOperator: Closing Operator: SEL[3]
2024-04-24T06:30:22,060  INFO [LocalJobRunner Map Task Executor #0] exec.SelectOperator: RECORDS_OUT_INTERMEDIATE:0, RECORDS_OUT_OPERATOR_SEL_3:2, 
2024-04-24T06:30:22,060  INFO [LocalJobRunner Map Task Executor #0] exec.FileSinkOperator: Closing Operator: FS[4]
2024-04-24T06:30:22,060  INFO [LocalJobRunner Map Task Executor #0] exec.FileSinkOperator: FS[4]: records written - 2
2024-04-24T06:30:22,065  INFO [LocalJobRunner Map Task Executor #0] exec.FileSinkOperator: RECORDS_OUT_1_default.source:2, RECORDS_OUT_OPERATOR_FS_4:2, TOTAL_TABLE_ROWS_WRITTEN:2, RECORDS_OUT_INTERMEDIATE:0, 
2024-04-24T06:30:22,066  INFO [LocalJobRunner Map Task Executor #0] mapred.LocalJobRunner: 
2024-04-24T06:30:22,066  INFO [LocalJobRunner Map Task Executor #0] mapred.Task: Task:attempt_local370786267_0071_m_000000_0 is done. And is in the process of committing
2024-04-24T06:30:22,066  INFO [LocalJobRunner Map Task Executor #0] mapred.LocalJobRunner: map
2024-04-24T06:30:22,066  INFO [LocalJobRunner Map Task Executor #0] mapred.Task: Task 'attempt_local370786267_0071_m_000000_0' done.
2024-04-24T06:30:22,066  INFO [LocalJobRunner Map Task Executor #0] mapred.Task: Final Counters for attempt_local370786267_0071_m_000000_0: Counters: 32
	File System Counters
		FILE: Number of bytes read=1436970
		FILE: Number of bytes written=83694095
		FILE: Number of read operations=0
		FILE: Number of large read operations=0
		FILE: Number of write operations=0
		HDFS: Number of bytes read=0
		HDFS: Number of bytes written=0
		HDFS: Number of read operations=0
		HDFS: Number of large read operations=0
		HDFS: Number of write operations=0
	Map-Reduce Framework
		Map input records=4
		Map output records=0
		Input split bytes=360
		Spilled Records=0
		Failed Shuffles=0
		Merged Map outputs=0
		GC time elapsed (ms)=0
		Total committed heap usage (bytes)=1339555840
	HIVE
		CREATED_FILES=1
		DESERIALIZE_ERRORS=0
		RECORDS_IN=3
		RECORDS_OUT_1_default.source=2
		RECORDS_OUT_INTERMEDIATE=0
		RECORDS_OUT_OPERATOR_FS_4=2
		RECORDS_OUT_OPERATOR_MAP_0=0
		RECORDS_OUT_OPERATOR_SEL_1=1
		RECORDS_OUT_OPERATOR_SEL_3=2
		RECORDS_OUT_OPERATOR_TS_0=1
		RECORDS_OUT_OPERATOR_UDTF_2=2
		TOTAL_TABLE_ROWS_WRITTEN=2
	File Input Format Counters 
		Bytes Read=5729
	File Output Format Counters 
		Bytes Written=0
2024-04-24T06:30:22,066  INFO [LocalJobRunner Map Task Executor #0] mapred.LocalJobRunner: Finishing task: attempt_local370786267_0071_m_000000_0
2024-04-24T06:30:22,066  INFO [Thread-6032] mapred.LocalJobRunner: map task executor complete.
2024-04-24 06:30:23,048 Stage-1 map = 100%,  reduce = 0%
2024-04-24T06:30:23,048  INFO [main] exec.Task: 2024-04-24 06:30:23,048 Stage-1 map = 100%,  reduce = 0%
Ended Job = job_local370786267_0071
2024-04-24T06:30:23,049  INFO [main] exec.Task: Ended Job = job_local370786267_0071
2024-04-24T06:30:23,051  INFO [main] ql.Driver: Starting task [Stage-7:CONDITIONAL] in serial mode
Stage-4 is selected by condition resolver.
2024-04-24T06:30:23,051  INFO [main] exec.Task: Stage-4 is selected by condition resolver.
Stage-3 is filtered out by condition resolver.
2024-04-24T06:30:23,051  INFO [main] exec.Task: Stage-3 is filtered out by condition resolver.
Stage-5 is filtered out by condition resolver.
2024-04-24T06:30:23,051  INFO [main] exec.Task: Stage-5 is filtered out by condition resolver.
2024-04-24T06:30:23,051  INFO [main] ql.Driver: Starting task [Stage-4:MOVE] in serial mode
Moving data to directory file:/home/alex/Repositories/hive/ql/target/tmp/org.apache.hadoop.hive.ql.TestTxnCommands-1713965238357/warehouse/source/.hive-staging_hive_2024-04-24_06-30-21_627_658377030899357592-1/-ext-10000
2024-04-24T06:30:23,052  INFO [main] exec.Task: Moving data to directory file:/home/alex/Repositories/hive/ql/target/tmp/org.apache.hadoop.hive.ql.TestTxnCommands-1713965238357/warehouse/source/.hive-staging_hive_2024-04-24_06-30-21_627_658377030899357592-1/-ext-10000 from file:/home/alex/Repositories/hive/ql/target/tmp/org.apache.hadoop.hive.ql.TestTxnCommands-1713965238357/warehouse/source/.hive-staging_hive_2024-04-24_06-30-21_627_658377030899357592-1/-ext-10002
2024-04-24T06:30:23,052  INFO [main] ql.Driver: Starting task [Stage-0:MOVE] in serial mode
Loading data to table default.source
2024-04-24T06:30:23,052  INFO [main] exec.Task: Loading data to table default.source from file:/home/alex/Repositories/hive/ql/target/tmp/org.apache.hadoop.hive.ql.TestTxnCommands-1713965238357/warehouse/source/.hive-staging_hive_2024-04-24_06-30-21_627_658377030899357592-1/-ext-10000
2024-04-24T06:30:23,052  INFO [main] HiveMetaStore.audit: ugi=alex	ip=unknown-ip-addr	cmd=get_table : tbl=hive.default.source	
2024-04-24T06:30:23,061  INFO [main] metastore.HMSHandler: Skipping translation for processor with null
2024-04-24T06:30:23,061  INFO [main] HiveMetaStore.audit: ugi=alex	ip=unknown-ip-addr	cmd=get_table : tbl=hive.default.source	
2024-04-24T06:30:23,070  INFO [main] metastore.HMSHandler: Skipping translation for processor with null
2024-04-24T06:30:23,071  WARN [main] metadata.Hive: Cannot get a table snapshot for source
2024-04-24T06:30:23,072  INFO [main] HiveMetaStore.audit: ugi=alex	ip=unknown-ip-addr	cmd=alter_table: hive.default.source newtbl=source	
2024-04-24T06:30:23,093  INFO [main] ql.Driver: Starting task [Stage-2:STATS] in serial mode
2024-04-24T06:30:23,093  INFO [main] HiveMetaStore.audit: ugi=alex	ip=unknown-ip-addr	cmd=get_table : tbl=hive.default.source	
2024-04-24T06:30:23,100  INFO [main] metastore.HMSHandler: Skipping translation for processor with null
2024-04-24T06:30:23,100  INFO [main] stats.BasicStatsTask: Executing stats task
2024-04-24T06:30:23,101  INFO [main] fs.FSStatsPublisher: created : file:/home/alex/Repositories/hive/ql/target/tmp/localscratchdir/9c10b63f-d790-4b1c-b086-b946fce73ce1/hive_2024-04-24_06-30-21_627_658377030899357592-1/-mr-10001
2024-04-24T06:30:23,102  INFO [main] HiveMetaStore.audit: ugi=alex	ip=unknown-ip-addr	cmd=get_table : tbl=hive.default.source	
2024-04-24T06:30:23,109  INFO [main] metastore.HMSHandler: Skipping translation for processor with null
2024-04-24T06:30:23,110  INFO [main] FileOperations: Read stats for default.source/, numRows, true, 2, false: 
2024-04-24T06:30:23,110  INFO [main] FileOperations: Read stats for default.source/, rawDataSize, true, 6, false: 
2024-04-24T06:30:23,110  WARN [main] metadata.Hive: Cannot get a table snapshot for source
2024-04-24T06:30:23,110  INFO [main] HiveMetaStore.audit: ugi=alex	ip=unknown-ip-addr	cmd=alter_table: hive.default.source newtbl=source	
2024-04-24T06:30:23,133  INFO [main] stats.BasicStatsTask: Table default.source stats: [numFiles=1, numRows=2, totalSize=8, rawDataSize=6, numFilesErasureCoded=0]
2024-04-24T06:30:23,133  INFO [main] metadata.Hive: Dumping metastore api call timing information for : execution phase
2024-04-24T06:30:23,133  INFO [main] metadata.Hive: Total time spent in each metastore function (ms): {alter_table_(String, String, String, Table, EnvironmentContext, String)=45, getTable_(GetTableRequest)=33, isCompatibleWith_(Configuration)=1}
MapReduce Jobs Launched: 
2024-04-24T06:30:23,133  INFO [main] ql.Driver: MapReduce Jobs Launched: 
Stage-Stage-1:  HDFS Read: 0 HDFS Write: 0 SUCCESS
2024-04-24T06:30:23,133  INFO [main] ql.Driver: Stage-Stage-1:  HDFS Read: 0 HDFS Write: 0 SUCCESS
Total MapReduce CPU Time Spent: 0 msec
2024-04-24T06:30:23,134  INFO [main] ql.Driver: Total MapReduce CPU Time Spent: 0 msec
2024-04-24T06:30:23,134  INFO [main] ql.Driver: Completed executing command(queryId=alex_20240424063021_c8fcf594-157b-498f-806f-05d1fb32f25e); Time taken: 1.335 seconds
2024-04-24T06:30:23,134  INFO [main] lockmgr.DbTxnManager: Stopped heartbeat for query: alex_20240424063021_c8fcf594-157b-498f-806f-05d1fb32f25e
2024-04-24T06:30:23,137  INFO [main] txn.TxnHandler: Expected to move at least one record from txn_components to completed_txn_components when committing txn! txnid:18
2024-04-24T06:30:23,143  INFO [main] txn.TxnHandler: Removed transactions: ([18]) from MIN_HISTORY_LEVEL
2024-04-24T06:30:23,143  WARN [main] txn.CompactionTxnHandler: No compaction queue record found for Compaction type transaction commit. txnId:18
2024-04-24T06:30:23,143  INFO [main] ql.TxnCommandsBaseForTests: Running the query: merge into target t using (select source.*, 0 c from source union all select source.*, 1 c from source inner join target on source.key=target.key where target.cur=1) s on t.key=s.key and t.cur=s.c and t.cur=1 when matched then update set cur=0 when not matched then insert values(s.key,s.data,1)
2024-04-24T06:30:23,143  INFO [main] ql.Context: Deleting scratch dir: file:/home/alex/Repositories/hive/ql/target/tmp/localscratchdir/9c10b63f-d790-4b1c-b086-b946fce73ce1/hive_2024-04-24_06-30-21_627_658377030899357592-1
2024-04-24T06:30:23,144  INFO [main] cleanup.SyncCleanupService: Deleted directory: file:/home/alex/Repositories/hive/ql/target/tmp/localscratchdir/9c10b63f-d790-4b1c-b086-b946fce73ce1/hive_2024-04-24_06-30-21_627_658377030899357592-1 on fs with scheme file
2024-04-24T06:30:23,144  INFO [main] ql.Context: Deleting scratch dir: file:/home/alex/Repositories/hive/ql/target/tmp/org.apache.hadoop.hive.ql.TestTxnCommands-1713965238357/warehouse/source/.hive-staging_hive_2024-04-24_06-30-21_627_658377030899357592-1
2024-04-24T06:30:23,144  INFO [main] cleanup.SyncCleanupService: Deleted directory: file:/home/alex/Repositories/hive/ql/target/tmp/org.apache.hadoop.hive.ql.TestTxnCommands-1713965238357/warehouse/source/.hive-staging_hive_2024-04-24_06-30-21_627_658377030899357592-1 on fs with scheme file
2024-04-24T06:30:23,144  INFO [main] ql.Driver: Compiling command(queryId=alex_20240424063023_5a38e89a-5648-453a-b971-37dacc6ada13): merge into target t using (select source.*, 0 c from source union all select source.*, 1 c from source inner join target on source.key=target.key where target.cur=1) s on t.key=s.key and t.cur=s.c and t.cur=1 when matched then update set cur=0 when not matched then insert values(s.key,s.data,1)
2024-04-24T06:30:23,147  INFO [main] txn.TxnHandler: Added entries to MIN_HISTORY_LEVEL for current txns: ([19]) with min_open_txn: 19
2024-04-24T06:30:23,148  INFO [main] lockmgr.DbTxnManager: Opened txnid:19
2024-04-24T06:30:23,148  INFO [main] parse.MergeSemanticAnalyzer: Starting caching scope for: 
2024-04-24T06:30:23,148  INFO [main] HiveMetaStore.audit: ugi=alex	ip=unknown-ip-addr	cmd=get_table : tbl=hive.default.target	
2024-04-24T06:30:23,154  INFO [main] metastore.HMSHandler: Skipping translation for processor with null
2024-04-24T06:30:23,154  INFO [main] HiveMetaStore.audit: ugi=alex	ip=unknown-ip-addr	cmd=get_table : tbl=hive.default.merge_tmp_table	
2024-04-24T06:30:23,157  INFO [main] utils.FileUtils: Creating directory if it doesn't exist: file:/home/alex/Repositories/hive/ql/target/tmp/scratchdir/alex/9c10b63f-d790-4b1c-b086-b946fce73ce1/_tmp_space.db/merge_tmp_table
2024-04-24T06:30:23,160  INFO [main] parse.RewriteSemanticAnalyzer: Going to reparse <merge into target t using (select source.*, 0 c from source union all select source.*, 1 c from source inner join target on source.key=target.key where target.cur=1) s on t.key=s.key and t.cur=s.c and t.cur=1 when matched then update set cur=0 when not matched then insert values(s.key,s.data,1)> as 
<FROM
  `default`.`target` `t`
  RIGHT OUTER JOIN
  (select `source`.*, 0 `c` from `source` union all select `source`.*, 1 `c` from `source` inner join `target` on `source`.`key`=`target`.`key` where `target`.`cur`=1) `s`
  ON `t`.`key`=`s`.`key` and `t`.`cur`=`s`.`c` and `t`.`cur`=1
INSERT INTO `default`.`target`    -- update clause(insert part)
 SELECT `t`.`key`, `t`.`data`, 0
   WHERE `t`.`key`=`s`.`key` and `t`.`cur`=`s`.`c` and `t`.`cur`=1
INSERT INTO `default`.`target`    -- update clause (delete part)
 SELECT `t`.ROW__ID 
   WHERE `t`.`key`=`s`.`key` and `t`.`cur`=`s`.`c` and `t`.`cur`=1
 SORT BY `t`.ROW__ID 
INSERT INTO `default`.`target`    -- insert clause
  SELECT `s`.`key`,`s`.`data`,1
   WHERE `t`.`key` IS NULL AND `t`.`cur` IS NULL AND `t`.`cur` IS NULL
INSERT INTO merge_tmp_table
  SELECT cardinality_violation(`t`.ROW__ID)
 WHERE `t`.`key`=`s`.`key` and `t`.`cur`=`s`.`c` and `t`.`cur`=1 GROUP BY `t`.ROW__ID HAVING count(*) > 1>
2024-04-24T06:30:23,161  INFO [main] parse.MergeSemanticAnalyzer: Starting Semantic Analysis
2024-04-24T06:30:23,165  INFO [main] parse.MergeSemanticAnalyzer: Completed phase 1 of Semantic Analysis
2024-04-24T06:30:23,165  INFO [main] parse.MergeSemanticAnalyzer: Get metadata for source tables
2024-04-24T06:30:23,165  INFO [main] HiveMetaStore.audit: ugi=alex	ip=unknown-ip-addr	cmd=get_table : tbl=hive.default.target	
2024-04-24T06:30:23,172  INFO [main] metastore.HMSHandler: Skipping translation for processor with null
2024-04-24T06:30:23,172  INFO [main] parse.MergeSemanticAnalyzer: Get metadata for subqueries
2024-04-24T06:30:23,172  INFO [main] parse.MergeSemanticAnalyzer: Get metadata for source tables
2024-04-24T06:30:23,172  INFO [main] parse.MergeSemanticAnalyzer: Get metadata for subqueries
2024-04-24T06:30:23,172  INFO [main] parse.MergeSemanticAnalyzer: Get metadata for source tables
2024-04-24T06:30:23,172  INFO [main] HiveMetaStore.audit: ugi=alex	ip=unknown-ip-addr	cmd=get_table : tbl=hive.default.source	
2024-04-24T06:30:23,180  INFO [main] metastore.HMSHandler: Skipping translation for processor with null
2024-04-24T06:30:23,180  INFO [main] parse.MergeSemanticAnalyzer: Get metadata for subqueries
2024-04-24T06:30:23,180  INFO [main] parse.MergeSemanticAnalyzer: Get metadata for destination tables
2024-04-24T06:30:23,180  INFO [main] parse.MergeSemanticAnalyzer: Get metadata for source tables
2024-04-24T06:30:23,181  INFO [main] parse.MergeSemanticAnalyzer: Get metadata for subqueries
2024-04-24T06:30:23,181  INFO [main] parse.MergeSemanticAnalyzer: Get metadata for destination tables
2024-04-24T06:30:23,181  INFO [main] parse.MergeSemanticAnalyzer: Get metadata for destination tables
2024-04-24T06:30:23,181  INFO [main] parse.MergeSemanticAnalyzer: Get metadata for destination tables
2024-04-24T06:30:23,181  INFO [main] HiveMetaStore.audit: ugi=alex	ip=unknown-ip-addr	cmd=get_table : tbl=hive.default.target	
2024-04-24T06:30:23,187  INFO [main] metastore.HMSHandler: Skipping translation for processor with null
2024-04-24T06:30:23,187  INFO [main] HiveMetaStore.audit: ugi=alex	ip=unknown-ip-addr	cmd=get_table : tbl=hive.default.target	
2024-04-24T06:30:23,193  INFO [main] metastore.HMSHandler: Skipping translation for processor with null
2024-04-24T06:30:23,194  INFO [main] HiveMetaStore.audit: ugi=alex	ip=unknown-ip-addr	cmd=get_table : tbl=hive.default.target	
2024-04-24T06:30:23,200  INFO [main] metastore.HMSHandler: Skipping translation for processor with null
2024-04-24T06:30:23,200  INFO [main] parse.MergeSemanticAnalyzer: Completed getting MetaData in Semantic Analysis
2024-04-24T06:30:23,200  INFO [main] parse.MergeSemanticAnalyzer: Disabling LLAP IO encode as ETL query is detected
2024-04-24T06:30:23,200  INFO [main] parse.MergeSemanticAnalyzer: Get metadata for source tables
2024-04-24T06:30:23,201  INFO [main] parse.MergeSemanticAnalyzer: Get metadata for subqueries
2024-04-24T06:30:23,201  INFO [main] parse.MergeSemanticAnalyzer: Get metadata for source tables
2024-04-24T06:30:23,201  INFO [main] parse.MergeSemanticAnalyzer: Get metadata for subqueries
2024-04-24T06:30:23,201  INFO [main] parse.MergeSemanticAnalyzer: Get metadata for source tables
2024-04-24T06:30:23,201  INFO [main] parse.MergeSemanticAnalyzer: Get metadata for subqueries
2024-04-24T06:30:23,201  INFO [main] parse.MergeSemanticAnalyzer: Get metadata for destination tables
2024-04-24T06:30:23,201  INFO [main] parse.MergeSemanticAnalyzer: Get metadata for source tables
2024-04-24T06:30:23,201  INFO [main] parse.MergeSemanticAnalyzer: Get metadata for subqueries
2024-04-24T06:30:23,201  INFO [main] parse.MergeSemanticAnalyzer: Get metadata for destination tables
2024-04-24T06:30:23,201  INFO [main] parse.MergeSemanticAnalyzer: Get metadata for destination tables
2024-04-24T06:30:23,201  INFO [main] parse.MergeSemanticAnalyzer: Get metadata for destination tables
2024-04-24T06:30:23,213  INFO [main] HiveMetaStore.audit: ugi=alex	ip=unknown-ip-addr	cmd=get_all_table_constraints : tbl=hive.default.source	
2024-04-24T06:30:23,219  INFO [main] HiveMetaStore.audit: ugi=alex	ip=unknown-ip-addr	cmd=get_all_table_constraints : tbl=hive.default.source	
2024-04-24T06:30:23,224  INFO [main] HiveMetaStore.audit: ugi=alex	ip=unknown-ip-addr	cmd=get_all_table_constraints : tbl=hive.default.target	
2024-04-24T06:30:23,234  INFO [main] HiveMetaStore.audit: ugi=alex	ip=unknown-ip-addr	cmd=get_all_table_constraints : tbl=hive.default.target	
2024-04-24T06:30:23,332  INFO [main] calcite.RelOptHiveTable: Calculating column statistics for default.target, projIndxSet: [0, 1, 2], allowMissingStats: true
2024-04-24T06:30:23,332  INFO [main] HiveMetaStore.audit: ugi=alex	ip=unknown-ip-addr	cmd=get_table : tbl=hive.default.target	
2024-04-24T06:30:23,340  INFO [main] metastore.HMSHandler: Skipping translation for processor with null
2024-04-24T06:30:23,340  INFO [main] HiveMetaStore.audit: ugi=alex	ip=unknown-ip-addr	cmd=get_table : tbl=hive.default.target	
2024-04-24T06:30:23,348  INFO [main] metastore.HMSHandler: Skipping translation for processor with null
2024-04-24T06:30:23,348  INFO [main] HiveMetaStore.audit: ugi=alex	ip=unknown-ip-addr	cmd=get_table_statistics_req: table=hive.default.target	
2024-04-24T06:30:23,358  WARN [main] calcite.RelOptHiveTable: No Stats for default@target, Columns: key, data, cur
No Stats for default@target, Columns: key, data, cur
2024-04-24T06:30:23,358  INFO [main] SessionState: No Stats for default@target, Columns: key, data, cur
2024-04-24T06:30:23,359  INFO [main] calcite.RelOptHiveTable: Calculating column statistics for default.source, projIndxSet: [0, 1], allowMissingStats: true
2024-04-24T06:30:23,359  INFO [main] HiveMetaStore.audit: ugi=alex	ip=unknown-ip-addr	cmd=get_table : tbl=hive.default.source	
2024-04-24T06:30:23,370  INFO [main] metastore.HMSHandler: Skipping translation for processor with null
2024-04-24T06:30:23,370  INFO [main] HiveMetaStore.audit: ugi=alex	ip=unknown-ip-addr	cmd=get_table : tbl=hive.default.source	
2024-04-24T06:30:23,394  INFO [main] metastore.HMSHandler: Skipping translation for processor with null
2024-04-24T06:30:23,394  INFO [main] HiveMetaStore.audit: ugi=alex	ip=unknown-ip-addr	cmd=get_table_statistics_req: table=hive.default.source	
2024-04-24T06:30:23,406  WARN [main] calcite.RelOptHiveTable: No Stats for default@source, Columns: data, key
No Stats for default@source, Columns: data, key
2024-04-24T06:30:23,406  INFO [main] SessionState: No Stats for default@source, Columns: data, key
2024-04-24T06:30:23,407  INFO [main] calcite.RelOptHiveTable: Calculating column statistics for default.source, projIndxSet: [0, 1], allowMissingStats: true
2024-04-24T06:30:23,408  WARN [main] calcite.RelOptHiveTable: No Stats for default@source, Columns: data, key
No Stats for default@source, Columns: data, key
2024-04-24T06:30:23,408  INFO [main] SessionState: No Stats for default@source, Columns: data, key
2024-04-24T06:30:23,408  INFO [main] calcite.RelOptHiveTable: Calculating column statistics for default.target, projIndxSet: [0, 2], allowMissingStats: true
2024-04-24T06:30:23,409  WARN [main] calcite.RelOptHiveTable: No Stats for default@target, Columns: cur, key
No Stats for default@target, Columns: cur, key
2024-04-24T06:30:23,409  INFO [main] SessionState: No Stats for default@target, Columns: cur, key
2024-04-24T06:30:23,629  INFO [main] parse.MergeSemanticAnalyzer: Get metadata for source tables
2024-04-24T06:30:23,629  INFO [main] parse.MergeSemanticAnalyzer: Get metadata for subqueries
2024-04-24T06:30:23,629  INFO [main] parse.MergeSemanticAnalyzer: Get metadata for source tables
2024-04-24T06:30:23,629  INFO [main] parse.MergeSemanticAnalyzer: Get metadata for subqueries
2024-04-24T06:30:23,629  INFO [main] parse.MergeSemanticAnalyzer: Get metadata for source tables
2024-04-24T06:30:23,629  INFO [main] parse.MergeSemanticAnalyzer: Get metadata for subqueries
2024-04-24T06:30:23,629  INFO [main] parse.MergeSemanticAnalyzer: Get metadata for source tables
2024-04-24T06:30:23,629  INFO [main] parse.MergeSemanticAnalyzer: Get metadata for subqueries
2024-04-24T06:30:23,629  INFO [main] parse.MergeSemanticAnalyzer: Get metadata for destination tables
2024-04-24T06:30:23,629  INFO [main] parse.MergeSemanticAnalyzer: Get metadata for source tables
2024-04-24T06:30:23,629  INFO [main] parse.MergeSemanticAnalyzer: Get metadata for subqueries
2024-04-24T06:30:23,629  INFO [main] parse.MergeSemanticAnalyzer: Get metadata for source tables
2024-04-24T06:30:23,629  INFO [main] parse.MergeSemanticAnalyzer: Get metadata for subqueries
2024-04-24T06:30:23,629  INFO [main] parse.MergeSemanticAnalyzer: Get metadata for destination tables
2024-04-24T06:30:23,629  INFO [main] parse.MergeSemanticAnalyzer: Get metadata for source tables
2024-04-24T06:30:23,629  INFO [main] parse.MergeSemanticAnalyzer: Get metadata for subqueries
2024-04-24T06:30:23,629  INFO [main] parse.MergeSemanticAnalyzer: Get metadata for destination tables
2024-04-24T06:30:23,629  INFO [main] parse.MergeSemanticAnalyzer: Get metadata for destination tables
2024-04-24T06:30:23,629  INFO [main] parse.MergeSemanticAnalyzer: Get metadata for destination tables
2024-04-24T06:30:23,629  INFO [main] parse.MergeSemanticAnalyzer: Get metadata for source tables
2024-04-24T06:30:23,630  INFO [main] parse.MergeSemanticAnalyzer: Get metadata for subqueries
2024-04-24T06:30:23,630  INFO [main] parse.MergeSemanticAnalyzer: Get metadata for destination tables
2024-04-24T06:30:23,630  INFO [main] parse.MergeSemanticAnalyzer: Get metadata for destination tables
2024-04-24T06:30:23,630  INFO [main] parse.MergeSemanticAnalyzer: Get metadata for destination tables
2024-04-24T06:30:23,630  INFO [main] HiveMetaStore.audit: ugi=alex	ip=unknown-ip-addr	cmd=get_table : tbl=hive.default.target	
2024-04-24T06:30:23,636  INFO [main] metastore.HMSHandler: Skipping translation for processor with null
2024-04-24T06:30:23,636  INFO [main] HiveMetaStore.audit: ugi=alex	ip=unknown-ip-addr	cmd=get_table : tbl=hive.default.target	
2024-04-24T06:30:23,642  INFO [main] metastore.HMSHandler: Skipping translation for processor with null
2024-04-24T06:30:23,642  INFO [main] HiveMetaStore.audit: ugi=alex	ip=unknown-ip-addr	cmd=get_table : tbl=hive.default.target	
2024-04-24T06:30:23,648  INFO [main] metastore.HMSHandler: Skipping translation for processor with null
2024-04-24T06:30:23,656 ERROR [main] parse.MergeSemanticAnalyzer: CBO failed, skipping CBO. 
org.apache.hadoop.hive.ql.exec.NoMatchingMethodException: No matching method for class org.apache.hadoop.hive.ql.udf.UDFToInteger with (struct<writeid:bigint,bucketid:int,rowid:bigint>). Possible choices: _FUNC_(bigint)  _FUNC_(boolean)  _FUNC_(decimal(38,18))  _FUNC_(double)  _FUNC_(float)  _FUNC_(smallint)  _FUNC_(string)  _FUNC_(struct<writeid:int,bucketid:bigint,rowid:bigint>)  _FUNC_(timestamp)  _FUNC_(tinyint)  _FUNC_(void)  
	at org.apache.hadoop.hive.ql.exec.MethodUtils.getMethodInternal(MethodUtils.java:130) ~[classes/:?]
	at org.apache.hadoop.hive.ql.exec.MethodUtils.getMethodInternal(MethodUtils.java:60) ~[classes/:?]
	at org.apache.hadoop.hive.ql.exec.DefaultUDFMethodResolver.getEvalMethod(DefaultUDFMethodResolver.java:59) ~[classes/:?]
	at org.apache.hadoop.hive.ql.udf.TimestampCastRestrictorResolver.getEvalMethod(TimestampCastRestrictorResolver.java:68) ~[classes/:?]
	at org.apache.hadoop.hive.ql.udf.generic.GenericUDFBridge.initialize(GenericUDFBridge.java:168) ~[classes/:?]
	at org.apache.hadoop.hive.ql.udf.generic.GenericUDF.initializeAndFoldConstants(GenericUDF.java:149) ~[classes/:?]
	at org.apache.hadoop.hive.ql.plan.ExprNodeGenericFuncDesc.newInstance(ExprNodeGenericFuncDesc.java:235) ~[classes/:?]
	at org.apache.hadoop.hive.ql.parse.type.ExprNodeDescExprFactory.createFuncCallExpr(ExprNodeDescExprFactory.java:584) ~[classes/:?]
	at org.apache.hadoop.hive.ql.parse.type.ExprNodeDescExprFactory.createFuncCallExpr(ExprNodeDescExprFactory.java:97) ~[classes/:?]
	at org.apache.hadoop.hive.ql.parse.type.TypeCheckProcFactory$DefaultExprProcessor.getFuncExprNodeDescWithUdfData(TypeCheckProcFactory.java:762) ~[classes/:?]
	at org.apache.hadoop.hive.ql.parse.type.TypeCheckProcFactory$DefaultExprProcessor.createConversionCast(TypeCheckProcFactory.java:783) ~[classes/:?]
	at org.apache.hadoop.hive.ql.parse.SemanticAnalyzer.getPartitionColsFromBucketColsForUpdateDelete(SemanticAnalyzer.java:8725) ~[classes/:?]
	at org.apache.hadoop.hive.ql.parse.SemanticAnalyzer.genBucketingSortingDest(SemanticAnalyzer.java:6906) ~[classes/:?]
	at org.apache.hadoop.hive.ql.parse.SemanticAnalyzer.genFileSinkPlan(SemanticAnalyzer.java:7335) ~[classes/:?]
	at org.apache.hadoop.hive.ql.parse.SemanticAnalyzer.genPostGroupByBodyPlan(SemanticAnalyzer.java:11063) ~[classes/:?]
	at org.apache.hadoop.hive.ql.parse.SemanticAnalyzer.genBodyPlan(SemanticAnalyzer.java:10938) ~[classes/:?]
	at org.apache.hadoop.hive.ql.parse.SemanticAnalyzer.genPlan(SemanticAnalyzer.java:11853) ~[classes/:?]
	at org.apache.hadoop.hive.ql.parse.SemanticAnalyzer.genPlan(SemanticAnalyzer.java:11723) ~[classes/:?]
	at org.apache.hadoop.hive.ql.parse.CalcitePlanner.genOPTree(CalcitePlanner.java:626) ~[classes/:?]
	at org.apache.hadoop.hive.ql.parse.SemanticAnalyzer.analyzeInternal(SemanticAnalyzer.java:12558) ~[classes/:?]
	at org.apache.hadoop.hive.ql.parse.CalcitePlanner.analyzeInternal(CalcitePlanner.java:456) ~[classes/:?]
	at org.apache.hadoop.hive.ql.parse.RewriteSemanticAnalyzer.analyzeInternal(RewriteSemanticAnalyzer.java:67) ~[classes/:?]
	at org.apache.hadoop.hive.ql.parse.BaseSemanticAnalyzer.analyze(BaseSemanticAnalyzer.java:317) ~[classes/:?]
	at org.apache.hadoop.hive.ql.parse.MergeSemanticAnalyzer.analyzeMerge(MergeSemanticAnalyzer.java:317) ~[classes/:?]
	at org.apache.hadoop.hive.ql.parse.MergeSemanticAnalyzer.analyze(MergeSemanticAnalyzer.java:63) ~[classes/:?]
	at org.apache.hadoop.hive.ql.parse.RewriteSemanticAnalyzer.analyzeInternal(RewriteSemanticAnalyzer.java:72) ~[classes/:?]
	at org.apache.hadoop.hive.ql.parse.BaseSemanticAnalyzer.analyze(BaseSemanticAnalyzer.java:317) ~[classes/:?]
	at org.apache.hadoop.hive.ql.Compiler.analyze(Compiler.java:223) ~[classes/:?]
	at org.apache.hadoop.hive.ql.Compiler.compile(Compiler.java:105) ~[classes/:?]
	at org.apache.hadoop.hive.ql.Driver.compile(Driver.java:500) ~[classes/:?]
	at org.apache.hadoop.hive.ql.Driver.compileInternal(Driver.java:453) ~[classes/:?]
	at org.apache.hadoop.hive.ql.Driver.runInternal(Driver.java:181) ~[classes/:?]
	at org.apache.hadoop.hive.ql.Driver.run(Driver.java:153) ~[classes/:?]
	at org.apache.hadoop.hive.ql.Driver.run(Driver.java:140) ~[classes/:?]
	at org.apache.hadoop.hive.ql.TxnCommandsBaseForTests.runStatementOnDriver(TxnCommandsBaseForTests.java:245) ~[test-classes/:?]
	at org.apache.hadoop.hive.ql.TestTxnCommands.testMergeType2SCD02(TestTxnCommands.java:1178) ~[test-classes/:?]
	at sun.reflect.NativeMethodAccessorImpl.invoke0(Native Method) ~[?:1.8.0_402]
	at sun.reflect.NativeMethodAccessorImpl.invoke(NativeMethodAccessorImpl.java:62) ~[?:1.8.0_402]
	at sun.reflect.DelegatingMethodAccessorImpl.invoke(DelegatingMethodAccessorImpl.java:43) ~[?:1.8.0_402]
	at java.lang.reflect.Method.invoke(Method.java:498) ~[?:1.8.0_402]
	at org.junit.runners.model.FrameworkMethod$1.runReflectiveCall(FrameworkMethod.java:59) ~[junit-4.13.jar:4.13]
	at org.junit.internal.runners.model.ReflectiveCallable.run(ReflectiveCallable.java:12) ~[junit-4.13.jar:4.13]
	at org.junit.runners.model.FrameworkMethod.invokeExplosively(FrameworkMethod.java:56) ~[junit-4.13.jar:4.13]
	at org.junit.internal.runners.statements.InvokeMethod.evaluate(InvokeMethod.java:17) ~[junit-4.13.jar:4.13]
	at org.junit.internal.runners.statements.RunBefores.evaluate(RunBefores.java:26) ~[junit-4.13.jar:4.13]
	at org.junit.internal.runners.statements.RunAfters.evaluate(RunAfters.java:27) ~[junit-4.13.jar:4.13]
	at org.junit.rules.TestWatcher$1.evaluate(TestWatcher.java:61) ~[junit-4.13.jar:4.13]
	at org.junit.runners.ParentRunner$3.evaluate(ParentRunner.java:306) ~[junit-4.13.jar:4.13]
	at org.junit.runners.BlockJUnit4ClassRunner$1.evaluate(BlockJUnit4ClassRunner.java:100) ~[junit-4.13.jar:4.13]
	at org.junit.runners.ParentRunner.runLeaf(ParentRunner.java:366) ~[junit-4.13.jar:4.13]
	at org.junit.runners.BlockJUnit4ClassRunner.runChild(BlockJUnit4ClassRunner.java:103) ~[junit-4.13.jar:4.13]
	at org.junit.runners.BlockJUnit4ClassRunner.runChild(BlockJUnit4ClassRunner.java:63) ~[junit-4.13.jar:4.13]
	at org.junit.runners.ParentRunner$4.run(ParentRunner.java:331) ~[junit-4.13.jar:4.13]
	at org.junit.runners.ParentRunner$1.schedule(ParentRunner.java:79) ~[junit-4.13.jar:4.13]
	at org.junit.runners.ParentRunner.runChildren(ParentRunner.java:329) ~[junit-4.13.jar:4.13]
	at org.junit.runners.ParentRunner.access$100(ParentRunner.java:66) ~[junit-4.13.jar:4.13]
	at org.junit.runners.ParentRunner$2.evaluate(ParentRunner.java:293) ~[junit-4.13.jar:4.13]
	at org.junit.runners.ParentRunner$3.evaluate(ParentRunner.java:306) ~[junit-4.13.jar:4.13]
	at org.junit.runners.ParentRunner.run(ParentRunner.java:413) ~[junit-4.13.jar:4.13]
	at org.junit.runner.JUnitCore.run(JUnitCore.java:137) ~[junit-4.13.jar:4.13]
	at org.junit.runner.JUnitCore.run(JUnitCore.java:115) ~[junit-4.13.jar:4.13]
	at org.junit.vintage.engine.execution.RunnerExecutor.execute(RunnerExecutor.java:43) ~[junit-vintage-engine-5.6.2.jar:5.6.2]
	at java.util.stream.ForEachOps$ForEachOp$OfRef.accept(ForEachOps.java:183) ~[?:1.8.0_402]
	at java.util.stream.ReferencePipeline$3$1.accept(ReferencePipeline.java:193) ~[?:1.8.0_402]
	at java.util.Iterator.forEachRemaining(Iterator.java:116) ~[?:1.8.0_402]
	at java.util.Spliterators$IteratorSpliterator.forEachRemaining(Spliterators.java:1801) ~[?:1.8.0_402]
	at java.util.stream.AbstractPipeline.copyInto(AbstractPipeline.java:482) ~[?:1.8.0_402]
	at java.util.stream.AbstractPipeline.wrapAndCopyInto(AbstractPipeline.java:472) ~[?:1.8.0_402]
	at java.util.stream.ForEachOps$ForEachOp.evaluateSequential(ForEachOps.java:150) ~[?:1.8.0_402]
	at java.util.stream.ForEachOps$ForEachOp$OfRef.evaluateSequential(ForEachOps.java:173) ~[?:1.8.0_402]
	at java.util.stream.AbstractPipeline.evaluate(AbstractPipeline.java:234) ~[?:1.8.0_402]
	at java.util.stream.ReferencePipeline.forEach(ReferencePipeline.java:485) ~[?:1.8.0_402]
	at org.junit.vintage.engine.VintageTestEngine.executeAllChildren(VintageTestEngine.java:82) ~[junit-vintage-engine-5.6.2.jar:5.6.2]
	at org.junit.vintage.engine.VintageTestEngine.execute(VintageTestEngine.java:73) ~[junit-vintage-engine-5.6.2.jar:5.6.2]
	at org.junit.platform.launcher.core.DefaultLauncher.execute(DefaultLauncher.java:248) ~[junit-platform-launcher-1.6.2.jar:1.6.2]
	at org.junit.platform.launcher.core.DefaultLauncher.lambda$execute$5(DefaultLauncher.java:211) ~[junit-platform-launcher-1.6.2.jar:1.6.2]
	at org.junit.platform.launcher.core.DefaultLauncher.withInterceptedStreams(DefaultLauncher.java:226) [junit-platform-launcher-1.6.2.jar:1.6.2]
	at org.junit.platform.launcher.core.DefaultLauncher.execute(DefaultLauncher.java:199) [junit-platform-launcher-1.6.2.jar:1.6.2]
	at org.junit.platform.launcher.core.DefaultLauncher.execute(DefaultLauncher.java:132) [junit-platform-launcher-1.6.2.jar:1.6.2]
	at org.apache.maven.surefire.junitplatform.JUnitPlatformProvider.invokeAllTests(JUnitPlatformProvider.java:154) [surefire-junit-platform-3.0.0-M4.jar:3.0.0-M4]
	at org.apache.maven.surefire.junitplatform.JUnitPlatformProvider.invoke(JUnitPlatformProvider.java:123) [surefire-junit-platform-3.0.0-M4.jar:3.0.0-M4]
	at org.apache.maven.surefire.booter.ForkedBooter.runSuitesInProcess(ForkedBooter.java:377) [surefire-booter-3.0.0-M4.jar:3.0.0-M4]
	at org.apache.maven.surefire.booter.ForkedBooter.execute(ForkedBooter.java:138) [surefire-booter-3.0.0-M4.jar:3.0.0-M4]
	at org.apache.maven.surefire.booter.ForkedBooter.run(ForkedBooter.java:465) [surefire-booter-3.0.0-M4.jar:3.0.0-M4]
	at org.apache.maven.surefire.booter.ForkedBooter.main(ForkedBooter.java:451) [surefire-booter-3.0.0-M4.jar:3.0.0-M4]
2024-04-24T06:30:23,657 ERROR [main] parse.MergeSemanticAnalyzer: CBO failed due to missing column stats (see previous errors), skipping CBO
2024-04-24T06:30:23,657  INFO [main] parse.MergeSemanticAnalyzer: Ending caching scope for: 
FAILED: NoMatchingMethodException No matching method for class org.apache.hadoop.hive.ql.udf.UDFToInteger with (struct<writeid:bigint,bucketid:int,rowid:bigint>). Possible choices: _FUNC_(bigint)  _FUNC_(boolean)  _FUNC_(decimal(38,18))  _FUNC_(double)  _FUNC_(float)  _FUNC_(smallint)  _FUNC_(string)  _FUNC_(struct<writeid:int,bucketid:bigint,rowid:bigint>)  _FUNC_(timestamp)  _FUNC_(tinyint)  _FUNC_(void)  
2024-04-24T06:30:23,657 ERROR [main] ql.Driver: FAILED: NoMatchingMethodException No matching method for class org.apache.hadoop.hive.ql.udf.UDFToInteger with (struct<writeid:bigint,bucketid:int,rowid:bigint>). Possible choices: _FUNC_(bigint)  _FUNC_(boolean)  _FUNC_(decimal(38,18))  _FUNC_(double)  _FUNC_(float)  _FUNC_(smallint)  _FUNC_(string)  _FUNC_(struct<writeid:int,bucketid:bigint,rowid:bigint>)  _FUNC_(timestamp)  _FUNC_(tinyint)  _FUNC_(void)  
org.apache.hadoop.hive.ql.exec.NoMatchingMethodException: No matching method for class org.apache.hadoop.hive.ql.udf.UDFToInteger with (struct<writeid:bigint,bucketid:int,rowid:bigint>). Possible choices: _FUNC_(bigint)  _FUNC_(boolean)  _FUNC_(decimal(38,18))  _FUNC_(double)  _FUNC_(float)  _FUNC_(smallint)  _FUNC_(string)  _FUNC_(struct<writeid:int,bucketid:bigint,rowid:bigint>)  _FUNC_(timestamp)  _FUNC_(tinyint)  _FUNC_(void)  
	at org.apache.hadoop.hive.ql.exec.MethodUtils.getMethodInternal(MethodUtils.java:130)
	at org.apache.hadoop.hive.ql.exec.MethodUtils.getMethodInternal(MethodUtils.java:60)
	at org.apache.hadoop.hive.ql.exec.DefaultUDFMethodResolver.getEvalMethod(DefaultUDFMethodResolver.java:59)
	at org.apache.hadoop.hive.ql.udf.TimestampCastRestrictorResolver.getEvalMethod(TimestampCastRestrictorResolver.java:68)
	at org.apache.hadoop.hive.ql.udf.generic.GenericUDFBridge.initialize(GenericUDFBridge.java:168)
	at org.apache.hadoop.hive.ql.udf.generic.GenericUDF.initializeAndFoldConstants(GenericUDF.java:149)
	at org.apache.hadoop.hive.ql.plan.ExprNodeGenericFuncDesc.newInstance(ExprNodeGenericFuncDesc.java:235)
	at org.apache.hadoop.hive.ql.parse.type.ExprNodeDescExprFactory.createFuncCallExpr(ExprNodeDescExprFactory.java:584)
	at org.apache.hadoop.hive.ql.parse.type.ExprNodeDescExprFactory.createFuncCallExpr(ExprNodeDescExprFactory.java:97)
	at org.apache.hadoop.hive.ql.parse.type.TypeCheckProcFactory$DefaultExprProcessor.getFuncExprNodeDescWithUdfData(TypeCheckProcFactory.java:762)
	at org.apache.hadoop.hive.ql.parse.type.TypeCheckProcFactory$DefaultExprProcessor.createConversionCast(TypeCheckProcFactory.java:783)
	at org.apache.hadoop.hive.ql.parse.SemanticAnalyzer.getPartitionColsFromBucketColsForUpdateDelete(SemanticAnalyzer.java:8725)
	at org.apache.hadoop.hive.ql.parse.SemanticAnalyzer.genBucketingSortingDest(SemanticAnalyzer.java:6906)
	at org.apache.hadoop.hive.ql.parse.SemanticAnalyzer.genFileSinkPlan(SemanticAnalyzer.java:7335)
	at org.apache.hadoop.hive.ql.parse.SemanticAnalyzer.genPostGroupByBodyPlan(SemanticAnalyzer.java:11063)
	at org.apache.hadoop.hive.ql.parse.SemanticAnalyzer.genBodyPlan(SemanticAnalyzer.java:10938)
	at org.apache.hadoop.hive.ql.parse.SemanticAnalyzer.genPlan(SemanticAnalyzer.java:11853)
	at org.apache.hadoop.hive.ql.parse.SemanticAnalyzer.genPlan(SemanticAnalyzer.java:11723)
	at org.apache.hadoop.hive.ql.parse.CalcitePlanner.genOPTree(CalcitePlanner.java:626)
	at org.apache.hadoop.hive.ql.parse.SemanticAnalyzer.analyzeInternal(SemanticAnalyzer.java:12558)
	at org.apache.hadoop.hive.ql.parse.CalcitePlanner.analyzeInternal(CalcitePlanner.java:456)
	at org.apache.hadoop.hive.ql.parse.RewriteSemanticAnalyzer.analyzeInternal(RewriteSemanticAnalyzer.java:67)
	at org.apache.hadoop.hive.ql.parse.BaseSemanticAnalyzer.analyze(BaseSemanticAnalyzer.java:317)
	at org.apache.hadoop.hive.ql.parse.MergeSemanticAnalyzer.analyzeMerge(MergeSemanticAnalyzer.java:317)
	at org.apache.hadoop.hive.ql.parse.MergeSemanticAnalyzer.analyze(MergeSemanticAnalyzer.java:63)
	at org.apache.hadoop.hive.ql.parse.RewriteSemanticAnalyzer.analyzeInternal(RewriteSemanticAnalyzer.java:72)
	at org.apache.hadoop.hive.ql.parse.BaseSemanticAnalyzer.analyze(BaseSemanticAnalyzer.java:317)
	at org.apache.hadoop.hive.ql.Compiler.analyze(Compiler.java:223)
	at org.apache.hadoop.hive.ql.Compiler.compile(Compiler.java:105)
	at org.apache.hadoop.hive.ql.Driver.compile(Driver.java:500)
	at org.apache.hadoop.hive.ql.Driver.compileInternal(Driver.java:453)
	at org.apache.hadoop.hive.ql.Driver.runInternal(Driver.java:181)
	at org.apache.hadoop.hive.ql.Driver.run(Driver.java:153)
	at org.apache.hadoop.hive.ql.Driver.run(Driver.java:140)
	at org.apache.hadoop.hive.ql.TxnCommandsBaseForTests.runStatementOnDriver(TxnCommandsBaseForTests.java:245)
	at org.apache.hadoop.hive.ql.TestTxnCommands.testMergeType2SCD02(TestTxnCommands.java:1178)
	at sun.reflect.NativeMethodAccessorImpl.invoke0(Native Method)
	at sun.reflect.NativeMethodAccessorImpl.invoke(NativeMethodAccessorImpl.java:62)
	at sun.reflect.DelegatingMethodAccessorImpl.invoke(DelegatingMethodAccessorImpl.java:43)
	at java.lang.reflect.Method.invoke(Method.java:498)
	at org.junit.runners.model.FrameworkMethod$1.runReflectiveCall(FrameworkMethod.java:59)
	at org.junit.internal.runners.model.ReflectiveCallable.run(ReflectiveCallable.java:12)
	at org.junit.runners.model.FrameworkMethod.invokeExplosively(FrameworkMethod.java:56)
	at org.junit.internal.runners.statements.InvokeMethod.evaluate(InvokeMethod.java:17)
	at org.junit.internal.runners.statements.RunBefores.evaluate(RunBefores.java:26)
	at org.junit.internal.runners.statements.RunAfters.evaluate(RunAfters.java:27)
	at org.junit.rules.TestWatcher$1.evaluate(TestWatcher.java:61)
	at org.junit.runners.ParentRunner$3.evaluate(ParentRunner.java:306)
	at org.junit.runners.BlockJUnit4ClassRunner$1.evaluate(BlockJUnit4ClassRunner.java:100)
	at org.junit.runners.ParentRunner.runLeaf(ParentRunner.java:366)
	at org.junit.runners.BlockJUnit4ClassRunner.runChild(BlockJUnit4ClassRunner.java:103)
	at org.junit.runners.BlockJUnit4ClassRunner.runChild(BlockJUnit4ClassRunner.java:63)
	at org.junit.runners.ParentRunner$4.run(ParentRunner.java:331)
	at org.junit.runners.ParentRunner$1.schedule(ParentRunner.java:79)
	at org.junit.runners.ParentRunner.runChildren(ParentRunner.java:329)
	at org.junit.runners.ParentRunner.access$100(ParentRunner.java:66)
	at org.junit.runners.ParentRunner$2.evaluate(ParentRunner.java:293)
	at org.junit.runners.ParentRunner$3.evaluate(ParentRunner.java:306)
	at org.junit.runners.ParentRunner.run(ParentRunner.java:413)
	at org.junit.runner.JUnitCore.run(JUnitCore.java:137)
	at org.junit.runner.JUnitCore.run(JUnitCore.java:115)
	at org.junit.vintage.engine.execution.RunnerExecutor.execute(RunnerExecutor.java:43)
	at java.util.stream.ForEachOps$ForEachOp$OfRef.accept(ForEachOps.java:183)
	at java.util.stream.ReferencePipeline$3$1.accept(ReferencePipeline.java:193)
	at java.util.Iterator.forEachRemaining(Iterator.java:116)
	at java.util.Spliterators$IteratorSpliterator.forEachRemaining(Spliterators.java:1801)
	at java.util.stream.AbstractPipeline.copyInto(AbstractPipeline.java:482)
	at java.util.stream.AbstractPipeline.wrapAndCopyInto(AbstractPipeline.java:472)
	at java.util.stream.ForEachOps$ForEachOp.evaluateSequential(ForEachOps.java:150)
	at java.util.stream.ForEachOps$ForEachOp$OfRef.evaluateSequential(ForEachOps.java:173)
	at java.util.stream.AbstractPipeline.evaluate(AbstractPipeline.java:234)
	at java.util.stream.ReferencePipeline.forEach(ReferencePipeline.java:485)
	at org.junit.vintage.engine.VintageTestEngine.executeAllChildren(VintageTestEngine.java:82)
	at org.junit.vintage.engine.VintageTestEngine.execute(VintageTestEngine.java:73)
	at org.junit.platform.launcher.core.DefaultLauncher.execute(DefaultLauncher.java:248)
	at org.junit.platform.launcher.core.DefaultLauncher.lambda$execute$5(DefaultLauncher.java:211)
	at org.junit.platform.launcher.core.DefaultLauncher.withInterceptedStreams(DefaultLauncher.java:226)
	at org.junit.platform.launcher.core.DefaultLauncher.execute(DefaultLauncher.java:199)
	at org.junit.platform.launcher.core.DefaultLauncher.execute(DefaultLauncher.java:132)
	at org.apache.maven.surefire.junitplatform.JUnitPlatformProvider.invokeAllTests(JUnitPlatformProvider.java:154)
	at org.apache.maven.surefire.junitplatform.JUnitPlatformProvider.invoke(JUnitPlatformProvider.java:123)
	at org.apache.maven.surefire.booter.ForkedBooter.runSuitesInProcess(ForkedBooter.java:377)
	at org.apache.maven.surefire.booter.ForkedBooter.execute(ForkedBooter.java:138)
	at org.apache.maven.surefire.booter.ForkedBooter.run(ForkedBooter.java:465)
	at org.apache.maven.surefire.booter.ForkedBooter.main(ForkedBooter.java:451)

2024-04-24T06:30:23,657  INFO [main] metadata.Hive: Dumping metastore api call timing information for : compilation phase
2024-04-24T06:30:23,657  INFO [main] metadata.Hive: Total time spent in each metastore function (ms): {getAllTableConstraints_(AllTableConstraintsRequest)=19, isCompatibleWith_(Configuration)=1, getTable_(GetTableRequest)=58, commitTxn_(CommitTxnRequest)=9, createTable_(Table)=3, flushCache_()=0, openTxn_(String, TxnType)=2, getValidTxns_(long)=0, getTableColumnStatistics_(String, String, List, String)=72, getValidWriteIds_(List, String)=2}
2024-04-24T06:30:23,658  INFO [main] ql.Driver: Completed compiling command(queryId=alex_20240424063023_5a38e89a-5648-453a-b971-37dacc6ada13); Time taken: 0.513 seconds
2024-04-24T06:30:23,658  INFO [main] lockmgr.DbTxnManager: Stopped heartbeat for query: null
2024-04-24T06:30:23,661  INFO [main] txn.TxnHandler: Removed transactions: ([19]) from MIN_HISTORY_LEVEL
2024-04-24T06:30:23,668  INFO [main] ql.TxnCommandsBaseForTests: Running the query: drop table if exists acidTbl
2024-04-24T06:30:23,668  INFO [main] ql.Context: Deleting scratch dir: file:/home/alex/Repositories/hive/ql/target/tmp/localscratchdir/9c10b63f-d790-4b1c-b086-b946fce73ce1/hive_2024-04-24_06-30-23_160_2430775462510969332-1
2024-04-24T06:30:23,668  INFO [main] ql.Driver: Compiling command(queryId=alex_20240424063023_153b365c-fd64-47ec-b5ae-3a13bf6b3378): drop table if exists acidTbl
2024-04-24T06:30:23,670  INFO [main] txn.TxnHandler: Added entries to MIN_HISTORY_LEVEL for current txns: ([20]) with min_open_txn: 19
2024-04-24T06:30:23,670  INFO [main] lockmgr.DbTxnManager: Opened txnid:20
2024-04-24T06:30:23,671  INFO [main] HiveMetaStore.audit: ugi=alex	ip=unknown-ip-addr	cmd=get_table : tbl=hive.default.acidTbl	
2024-04-24T06:30:23,676  INFO [main] metastore.HMSHandler: Skipping translation for processor with null
2024-04-24T06:30:23,676  INFO [main] ql.Driver: Semantic Analysis Completed (retrial = false)
2024-04-24T06:30:23,676  INFO [main] ql.Driver: Created Hive schema: Schema(fieldSchemas:null, properties:null)
2024-04-24T06:30:23,676  INFO [main] metadata.Hive: Dumping metastore api call timing information for : compilation phase
2024-04-24T06:30:23,676  INFO [main] metadata.Hive: Total time spent in each metastore function (ms): {getValidTxns_(long)=0, isCompatibleWith_(Configuration)=0, flushCache_()=0, getTable_(GetTableRequest)=5, rollbackTxn_(long)=10, openTxn_(String, TxnType)=2}
2024-04-24T06:30:23,676  INFO [main] ql.Driver: Completed compiling command(queryId=alex_20240424063023_153b365c-fd64-47ec-b5ae-3a13bf6b3378); Time taken: 0.008 seconds
2024-04-24T06:30:23,677  INFO [main] lockmgr.DbTxnManager: Setting lock request transaction to txnid:20 for queryId=alex_20240424063023_153b365c-fd64-47ec-b5ae-3a13bf6b3378
2024-04-24T06:30:23,677  INFO [main] lockmgr.DbLockManager: Requesting lock for queryId=alex_20240424063023_153b365c-fd64-47ec-b5ae-3a13bf6b3378
2024-04-24T06:30:23,690  INFO [main] lockmgr.DbLockManager: Response to queryId=alex_20240424063023_153b365c-fd64-47ec-b5ae-3a13bf6b3378 LockResponse(lockid:13, state:ACQUIRED)
2024-04-24T06:30:23,690  INFO [main] ql.Driver: Operation DROPTABLE obtained 1 locks
2024-04-24T06:30:23,690  INFO [main] ql.Driver: Executing command(queryId=alex_20240424063023_153b365c-fd64-47ec-b5ae-3a13bf6b3378): drop table if exists acidTbl
2024-04-24T06:30:23,690  INFO [main] ql.Driver: Starting task [Stage-0:DDL] in serial mode
2024-04-24T06:30:23,690  INFO [main] HiveMetaStore.audit: ugi=alex	ip=unknown-ip-addr	cmd=get_table : tbl=hive.default.acidTbl	
2024-04-24T06:30:23,696  INFO [main] metastore.HMSHandler: Skipping translation for processor with null
2024-04-24T06:30:23,696  INFO [main] HiveMetaStore.audit: ugi=alex	ip=unknown-ip-addr	cmd=get_table : tbl=hive.default.acidTbl	
2024-04-24T06:30:23,702  INFO [main] metastore.HMSHandler: Skipping translation for processor with null
2024-04-24T06:30:23,702  INFO [main] HiveMetaStore.audit: ugi=alex	ip=unknown-ip-addr	cmd=drop_table : tbl=hive.default.acidTbl	
2024-04-24T06:30:23,789  INFO [main] metadata.Hive: Dumping metastore api call timing information for : execution phase
2024-04-24T06:30:23,789  INFO [main] metadata.Hive: Total time spent in each metastore function (ms): {getTable_(GetTableRequest)=6, dropTable_(String, String, boolean, boolean, boolean)=93, isCompatibleWith_(Configuration)=0}
2024-04-24T06:30:23,789  INFO [main] ql.Driver: Completed executing command(queryId=alex_20240424063023_153b365c-fd64-47ec-b5ae-3a13bf6b3378); Time taken: 0.099 seconds
2024-04-24T06:30:23,789  INFO [main] lockmgr.DbTxnManager: Stopped heartbeat for query: alex_20240424063023_153b365c-fd64-47ec-b5ae-3a13bf6b3378
2024-04-24T06:30:23,793  INFO [main] txn.TxnHandler: Expected to move at least one record from txn_components to completed_txn_components when committing txn! txnid:20
2024-04-24T06:30:23,798  INFO [main] txn.TxnHandler: Removed transactions: ([20]) from MIN_HISTORY_LEVEL
2024-04-24T06:30:23,798  WARN [main] txn.CompactionTxnHandler: No compaction queue record found for Compaction type transaction commit. txnId:20
2024-04-24T06:30:23,799  INFO [main] ql.TxnCommandsBaseForTests: Running the query: drop table if exists acidTblPart
2024-04-24T06:30:23,799  INFO [main] ql.Driver: Compiling command(queryId=alex_20240424063023_5c8be94b-5e3f-4091-b2ce-7ee303c72847): drop table if exists acidTblPart
2024-04-24T06:30:23,801  INFO [main] txn.TxnHandler: Added entries to MIN_HISTORY_LEVEL for current txns: ([21]) with min_open_txn: 19
2024-04-24T06:30:23,801  INFO [main] lockmgr.DbTxnManager: Opened txnid:21
2024-04-24T06:30:23,803  INFO [main] HiveMetaStore.audit: ugi=alex	ip=unknown-ip-addr	cmd=get_table : tbl=hive.default.acidTblPart	
2024-04-24T06:30:23,817  INFO [main] metastore.HMSHandler: Skipping translation for processor with null
2024-04-24T06:30:23,817  INFO [main] ql.Driver: Semantic Analysis Completed (retrial = false)
2024-04-24T06:30:23,817  INFO [main] ql.Driver: Created Hive schema: Schema(fieldSchemas:null, properties:null)
2024-04-24T06:30:23,817  INFO [main] metadata.Hive: Dumping metastore api call timing information for : compilation phase
2024-04-24T06:30:23,817  INFO [main] metadata.Hive: Total time spent in each metastore function (ms): {getTable_(GetTableRequest)=14, getValidTxns_(long)=2, commitTxn_(CommitTxnRequest)=9, openTxn_(String, TxnType)=2, isCompatibleWith_(Configuration)=0, flushCache_()=0}
2024-04-24T06:30:23,818  INFO [main] ql.Driver: Completed compiling command(queryId=alex_20240424063023_5c8be94b-5e3f-4091-b2ce-7ee303c72847); Time taken: 0.018 seconds
2024-04-24T06:30:23,818  INFO [main] lockmgr.DbTxnManager: Setting lock request transaction to txnid:21 for queryId=alex_20240424063023_5c8be94b-5e3f-4091-b2ce-7ee303c72847
2024-04-24T06:30:23,818  INFO [main] lockmgr.DbLockManager: Requesting lock for queryId=alex_20240424063023_5c8be94b-5e3f-4091-b2ce-7ee303c72847
2024-04-24T06:30:23,831  INFO [main] lockmgr.DbLockManager: Response to queryId=alex_20240424063023_5c8be94b-5e3f-4091-b2ce-7ee303c72847 LockResponse(lockid:14, state:ACQUIRED)
2024-04-24T06:30:23,831  INFO [main] ql.Driver: Operation DROPTABLE obtained 1 locks
2024-04-24T06:30:23,831  INFO [main] ql.Driver: Executing command(queryId=alex_20240424063023_5c8be94b-5e3f-4091-b2ce-7ee303c72847): drop table if exists acidTblPart
2024-04-24T06:30:23,831  INFO [main] ql.Driver: Starting task [Stage-0:DDL] in serial mode
2024-04-24T06:30:23,831  INFO [main] HiveMetaStore.audit: ugi=alex	ip=unknown-ip-addr	cmd=get_table : tbl=hive.default.acidTblPart	
2024-04-24T06:30:23,838  INFO [main] metastore.HMSHandler: Skipping translation for processor with null
2024-04-24T06:30:23,838  INFO [main] HiveMetaStore.audit: ugi=alex	ip=unknown-ip-addr	cmd=get_table : tbl=hive.default.acidTblPart	
2024-04-24T06:30:23,847  INFO [main] metastore.HMSHandler: Skipping translation for processor with null
2024-04-24T06:30:23,847  INFO [main] HiveMetaStore.audit: ugi=alex	ip=unknown-ip-addr	cmd=drop_table : tbl=hive.default.acidTblPart	
2024-04-24T06:30:23,891  INFO [main] metadata.Hive: Dumping metastore api call timing information for : execution phase
2024-04-24T06:30:23,892  INFO [main] metadata.Hive: Total time spent in each metastore function (ms): {isCompatibleWith_(Configuration)=0, getTable_(GetTableRequest)=7, dropTable_(String, String, boolean, boolean, boolean)=53}
2024-04-24T06:30:23,892  INFO [main] ql.Driver: Completed executing command(queryId=alex_20240424063023_5c8be94b-5e3f-4091-b2ce-7ee303c72847); Time taken: 0.06 seconds
2024-04-24T06:30:23,892  INFO [main] lockmgr.DbTxnManager: Stopped heartbeat for query: alex_20240424063023_5c8be94b-5e3f-4091-b2ce-7ee303c72847
2024-04-24T06:30:23,895  INFO [main] txn.TxnHandler: Expected to move at least one record from txn_components to completed_txn_components when committing txn! txnid:21
2024-04-24T06:30:23,901  INFO [main] txn.TxnHandler: Removed transactions: ([21]) from MIN_HISTORY_LEVEL
2024-04-24T06:30:23,901  WARN [main] txn.CompactionTxnHandler: No compaction queue record found for Compaction type transaction commit. txnId:21
2024-04-24T06:30:23,901  INFO [main] ql.TxnCommandsBaseForTests: Running the query: drop table if exists acidTbl2
2024-04-24T06:30:23,902  INFO [main] ql.Driver: Compiling command(queryId=alex_20240424063023_79cec41f-5964-4f60-bcf8-4f202dcc7a4c): drop table if exists acidTbl2
2024-04-24T06:30:23,903  INFO [main] txn.TxnHandler: Added entries to MIN_HISTORY_LEVEL for current txns: ([22]) with min_open_txn: 19
2024-04-24T06:30:23,904  INFO [main] lockmgr.DbTxnManager: Opened txnid:22
2024-04-24T06:30:23,904  INFO [main] ql.Driver: Semantic Analysis Completed (retrial = false)
2024-04-24T06:30:23,904  INFO [main] ql.Driver: Created Hive schema: Schema(fieldSchemas:null, properties:null)
2024-04-24T06:30:23,904  INFO [main] metadata.Hive: Dumping metastore api call timing information for : compilation phase
2024-04-24T06:30:23,905  INFO [main] metadata.Hive: Total time spent in each metastore function (ms): {isCompatibleWith_(Configuration)=0, getValidTxns_(long)=0, flushCache_()=0, openTxn_(String, TxnType)=2, commitTxn_(CommitTxnRequest)=9, getTable_(GetTableRequest)=0}
2024-04-24T06:30:23,905  INFO [main] ql.Driver: Completed compiling command(queryId=alex_20240424063023_79cec41f-5964-4f60-bcf8-4f202dcc7a4c); Time taken: 0.002 seconds
2024-04-24T06:30:23,905  INFO [main] lockmgr.DbTxnManager: Setting lock request transaction to txnid:22 for queryId=alex_20240424063023_79cec41f-5964-4f60-bcf8-4f202dcc7a4c
2024-04-24T06:30:23,905  INFO [main] ql.Driver: Operation DROPTABLE obtained 0 locks
2024-04-24T06:30:23,905  INFO [main] ql.Driver: Executing command(queryId=alex_20240424063023_79cec41f-5964-4f60-bcf8-4f202dcc7a4c): drop table if exists acidTbl2
2024-04-24T06:30:23,905  INFO [main] ql.Driver: Starting task [Stage-0:DDL] in serial mode
2024-04-24T06:30:23,905  INFO [main] metadata.SessionHiveMetaStoreClient: Column stats doesn't exist for db=default temp table=acidTbl2
2024-04-24T06:30:23,906  INFO [main] metadata.Hive: Dumping metastore api call timing information for : execution phase
2024-04-24T06:30:23,906  INFO [main] metadata.Hive: Total time spent in each metastore function (ms): {getTable_(GetTableRequest)=0, dropTable_(String, String, boolean, boolean, boolean)=1, isCompatibleWith_(Configuration)=0}
2024-04-24T06:30:23,906  INFO [main] ql.Driver: Completed executing command(queryId=alex_20240424063023_79cec41f-5964-4f60-bcf8-4f202dcc7a4c); Time taken: 0.001 seconds
2024-04-24T06:30:23,906  INFO [main] lockmgr.DbTxnManager: Stopped heartbeat for query: alex_20240424063023_79cec41f-5964-4f60-bcf8-4f202dcc7a4c
2024-04-24T06:30:23,911  INFO [main] txn.TxnHandler: Expected to move at least one record from txn_components to completed_txn_components when committing txn! txnid:22
2024-04-24T06:30:23,916  INFO [main] txn.TxnHandler: Removed transactions: ([22]) from MIN_HISTORY_LEVEL
2024-04-24T06:30:23,916  WARN [main] txn.CompactionTxnHandler: No compaction queue record found for Compaction type transaction commit. txnId:22
2024-04-24T06:30:23,917  INFO [main] ql.TxnCommandsBaseForTests: Running the query: drop table if exists nonAcidOrcTbl
2024-04-24T06:30:23,917  INFO [main] ql.Driver: Compiling command(queryId=alex_20240424063023_60e428d6-edde-4ca0-9cad-3141de37306e): drop table if exists nonAcidOrcTbl
2024-04-24T06:30:23,919  INFO [main] txn.TxnHandler: Added entries to MIN_HISTORY_LEVEL for current txns: ([23]) with min_open_txn: 19
2024-04-24T06:30:23,920  INFO [main] lockmgr.DbTxnManager: Opened txnid:23
2024-04-24T06:30:23,920  INFO [main] HiveMetaStore.audit: ugi=alex	ip=unknown-ip-addr	cmd=get_table : tbl=hive.default.nonAcidOrcTbl	
2024-04-24T06:30:23,939  INFO [main] metastore.HMSHandler: Skipping translation for processor with null
2024-04-24T06:30:23,939  INFO [main] ql.Driver: Semantic Analysis Completed (retrial = false)
2024-04-24T06:30:23,939  INFO [main] ql.Driver: Created Hive schema: Schema(fieldSchemas:null, properties:null)
2024-04-24T06:30:23,939  INFO [main] metadata.Hive: Dumping metastore api call timing information for : compilation phase
2024-04-24T06:30:23,939  INFO [main] metadata.Hive: Total time spent in each metastore function (ms): {getValidTxns_(long)=0, getTable_(GetTableRequest)=19, isCompatibleWith_(Configuration)=0, flushCache_()=0, commitTxn_(CommitTxnRequest)=10, openTxn_(String, TxnType)=3}
2024-04-24T06:30:23,939  INFO [main] ql.Driver: Completed compiling command(queryId=alex_20240424063023_60e428d6-edde-4ca0-9cad-3141de37306e); Time taken: 0.022 seconds
2024-04-24T06:30:23,940  INFO [main] lockmgr.DbTxnManager: Setting lock request transaction to txnid:23 for queryId=alex_20240424063023_60e428d6-edde-4ca0-9cad-3141de37306e
2024-04-24T06:30:23,940  INFO [main] lockmgr.DbLockManager: Requesting lock for queryId=alex_20240424063023_60e428d6-edde-4ca0-9cad-3141de37306e
2024-04-24T06:30:23,953  INFO [main] lockmgr.DbLockManager: Response to queryId=alex_20240424063023_60e428d6-edde-4ca0-9cad-3141de37306e LockResponse(lockid:15, state:ACQUIRED)
2024-04-24T06:30:23,953  INFO [main] ql.Driver: Operation DROPTABLE obtained 1 locks
2024-04-24T06:30:23,953  INFO [main] ql.Driver: Executing command(queryId=alex_20240424063023_60e428d6-edde-4ca0-9cad-3141de37306e): drop table if exists nonAcidOrcTbl
2024-04-24T06:30:23,953  INFO [main] ql.Driver: Starting task [Stage-0:DDL] in serial mode
2024-04-24T06:30:23,953  INFO [main] HiveMetaStore.audit: ugi=alex	ip=unknown-ip-addr	cmd=get_table : tbl=hive.default.nonAcidOrcTbl	
2024-04-24T06:30:23,961  INFO [main] metastore.HMSHandler: Skipping translation for processor with null
2024-04-24T06:30:23,961  INFO [main] HiveMetaStore.audit: ugi=alex	ip=unknown-ip-addr	cmd=get_table : tbl=hive.default.nonAcidOrcTbl	
2024-04-24T06:30:23,968  INFO [main] metastore.HMSHandler: Skipping translation for processor with null
2024-04-24T06:30:23,968  INFO [main] HiveMetaStore.audit: ugi=alex	ip=unknown-ip-addr	cmd=drop_table : tbl=hive.default.nonAcidOrcTbl	
2024-04-24T06:30:24,007  INFO [main] metadata.Hive: Dumping metastore api call timing information for : execution phase
2024-04-24T06:30:24,007  INFO [main] metadata.Hive: Total time spent in each metastore function (ms): {dropTable_(String, String, boolean, boolean, boolean)=46, getTable_(GetTableRequest)=8, isCompatibleWith_(Configuration)=0}
2024-04-24T06:30:24,007  INFO [main] ql.Driver: Completed executing command(queryId=alex_20240424063023_60e428d6-edde-4ca0-9cad-3141de37306e); Time taken: 0.054 seconds
2024-04-24T06:30:24,007  INFO [main] lockmgr.DbTxnManager: Stopped heartbeat for query: alex_20240424063023_60e428d6-edde-4ca0-9cad-3141de37306e
2024-04-24T06:30:24,011  INFO [main] txn.TxnHandler: Expected to move at least one record from txn_components to completed_txn_components when committing txn! txnid:23
2024-04-24T06:30:24,012  INFO [Metastore Scheduled Worker 4] metastore.HMSHandler: 10: Opening raw store with implementation class:org.apache.hadoop.hive.metastore.ObjectStore
2024-04-24T06:30:24,012  INFO [Metastore Scheduled Worker 4] metastore.ObjectStore: RawStore: org.apache.hadoop.hive.metastore.ObjectStore@7982f09a, with PersistenceManager: null will be shutdown
2024-04-24T06:30:24,012  INFO [Metastore Scheduled Worker 4] metastore.ObjectStore: RawStore: org.apache.hadoop.hive.metastore.ObjectStore@7982f09a, with PersistenceManager: org.datanucleus.api.jdo.JDOPersistenceManager@67a538b4 created in the thread with id: 48
2024-04-24T06:30:24,020  INFO [main] txn.TxnHandler: Removed transactions: ([23]) from MIN_HISTORY_LEVEL
2024-04-24T06:30:24,020  WARN [main] txn.CompactionTxnHandler: No compaction queue record found for Compaction type transaction commit. txnId:23
2024-04-24T06:30:24,021  INFO [main] ql.TxnCommandsBaseForTests: Running the query: drop table if exists nonAcidOrcTbl2
2024-04-24T06:30:24,021  INFO [main] ql.Driver: Compiling command(queryId=alex_20240424063024_eb9db33e-34c5-4196-bd59-a37efb734eb5): drop table if exists nonAcidOrcTbl2
2024-04-24T06:30:24,023  INFO [main] txn.TxnHandler: Added entries to MIN_HISTORY_LEVEL for current txns: ([24]) with min_open_txn: 19
2024-04-24T06:30:24,023  INFO [main] lockmgr.DbTxnManager: Opened txnid:24
2024-04-24T06:30:24,026  INFO [main] HiveMetaStore.audit: ugi=alex	ip=unknown-ip-addr	cmd=get_table : tbl=hive.default.nonAcidOrcTbl2	
2024-04-24T06:30:24,034  INFO [Metastore Scheduled Worker 4] metastore.HMSHandler: Created RawStore: org.apache.hadoop.hive.metastore.ObjectStore@7982f09a from thread id: 48
2024-04-24T06:30:24,035  INFO [main] metastore.HMSHandler: Skipping translation for processor with null
2024-04-24T06:30:24,035  INFO [main] ql.Driver: Semantic Analysis Completed (retrial = false)
2024-04-24T06:30:24,035  INFO [main] ql.Driver: Created Hive schema: Schema(fieldSchemas:null, properties:null)
2024-04-24T06:30:24,035  INFO [main] metadata.Hive: Dumping metastore api call timing information for : compilation phase
2024-04-24T06:30:24,035  INFO [main] metadata.Hive: Total time spent in each metastore function (ms): {openTxn_(String, TxnType)=2, isCompatibleWith_(Configuration)=0, getValidTxns_(long)=2, getTable_(GetTableRequest)=9, flushCache_()=0, commitTxn_(CommitTxnRequest)=14}
2024-04-24T06:30:24,036  INFO [main] ql.Driver: Completed compiling command(queryId=alex_20240424063024_eb9db33e-34c5-4196-bd59-a37efb734eb5); Time taken: 0.014 seconds
2024-04-24T06:30:24,036  INFO [main] lockmgr.DbTxnManager: Setting lock request transaction to txnid:24 for queryId=alex_20240424063024_eb9db33e-34c5-4196-bd59-a37efb734eb5
2024-04-24T06:30:24,036  INFO [main] lockmgr.DbLockManager: Requesting lock for queryId=alex_20240424063024_eb9db33e-34c5-4196-bd59-a37efb734eb5
2024-04-24T06:30:24,050  INFO [main] lockmgr.DbLockManager: Response to queryId=alex_20240424063024_eb9db33e-34c5-4196-bd59-a37efb734eb5 LockResponse(lockid:16, state:ACQUIRED)
2024-04-24T06:30:24,050  INFO [main] ql.Driver: Operation DROPTABLE obtained 1 locks
2024-04-24T06:30:24,050  INFO [main] ql.Driver: Executing command(queryId=alex_20240424063024_eb9db33e-34c5-4196-bd59-a37efb734eb5): drop table if exists nonAcidOrcTbl2
2024-04-24T06:30:24,050  INFO [main] ql.Driver: Starting task [Stage-0:DDL] in serial mode
2024-04-24T06:30:24,050  INFO [main] HiveMetaStore.audit: ugi=alex	ip=unknown-ip-addr	cmd=get_table : tbl=hive.default.nonAcidOrcTbl2	
2024-04-24T06:30:24,062  INFO [main] metastore.HMSHandler: Skipping translation for processor with null
2024-04-24T06:30:24,063  INFO [main] HiveMetaStore.audit: ugi=alex	ip=unknown-ip-addr	cmd=get_table : tbl=hive.default.nonAcidOrcTbl2	
2024-04-24T06:30:24,076  INFO [main] metastore.HMSHandler: Skipping translation for processor with null
2024-04-24T06:30:24,076  INFO [main] HiveMetaStore.audit: ugi=alex	ip=unknown-ip-addr	cmd=drop_table : tbl=hive.default.nonAcidOrcTbl2	
2024-04-24T06:30:24,121  INFO [main] metadata.Hive: Dumping metastore api call timing information for : execution phase
2024-04-24T06:30:24,121  INFO [main] metadata.Hive: Total time spent in each metastore function (ms): {dropTable_(String, String, boolean, boolean, boolean)=59, isCompatibleWith_(Configuration)=0, getTable_(GetTableRequest)=12}
2024-04-24T06:30:24,121  INFO [main] ql.Driver: Completed executing command(queryId=alex_20240424063024_eb9db33e-34c5-4196-bd59-a37efb734eb5); Time taken: 0.071 seconds
2024-04-24T06:30:24,122  INFO [main] lockmgr.DbTxnManager: Stopped heartbeat for query: alex_20240424063024_eb9db33e-34c5-4196-bd59-a37efb734eb5
2024-04-24T06:30:24,126  INFO [main] txn.TxnHandler: Expected to move at least one record from txn_components to completed_txn_components when committing txn! txnid:24
2024-04-24T06:30:24,132  INFO [main] txn.TxnHandler: Removed transactions: ([24]) from MIN_HISTORY_LEVEL
2024-04-24T06:30:24,132  WARN [main] txn.CompactionTxnHandler: No compaction queue record found for Compaction type transaction commit. txnId:24
2024-04-24T06:30:24,132  INFO [main] ql.TxnCommandsBaseForTests: Running the query: drop table if exists nonAcidNonBucket
2024-04-24T06:30:24,132  INFO [main] ql.Driver: Compiling command(queryId=alex_20240424063024_6dc2b1c4-efe9-4b6a-8e46-87f4b6912d50): drop table if exists nonAcidNonBucket
2024-04-24T06:30:24,135  INFO [main] txn.TxnHandler: Added entries to MIN_HISTORY_LEVEL for current txns: ([25]) with min_open_txn: 19
2024-04-24T06:30:24,136  INFO [main] lockmgr.DbTxnManager: Opened txnid:25
2024-04-24T06:30:24,136  INFO [main] HiveMetaStore.audit: ugi=alex	ip=unknown-ip-addr	cmd=get_table : tbl=hive.default.nonAcidNonBucket	
2024-04-24T06:30:24,146  INFO [main] metastore.HMSHandler: Skipping translation for processor with null
2024-04-24T06:30:24,147  INFO [main] ql.Driver: Semantic Analysis Completed (retrial = false)
2024-04-24T06:30:24,147  INFO [main] ql.Driver: Created Hive schema: Schema(fieldSchemas:null, properties:null)
2024-04-24T06:30:24,147  INFO [main] metadata.Hive: Dumping metastore api call timing information for : compilation phase
2024-04-24T06:30:24,147  INFO [main] metadata.Hive: Total time spent in each metastore function (ms): {getTable_(GetTableRequest)=11, getValidTxns_(long)=0, openTxn_(String, TxnType)=3, isCompatibleWith_(Configuration)=0, flushCache_()=0, commitTxn_(CommitTxnRequest)=10}
2024-04-24T06:30:24,147  INFO [main] ql.Driver: Completed compiling command(queryId=alex_20240424063024_6dc2b1c4-efe9-4b6a-8e46-87f4b6912d50); Time taken: 0.015 seconds
2024-04-24T06:30:24,147  INFO [main] lockmgr.DbTxnManager: Setting lock request transaction to txnid:25 for queryId=alex_20240424063024_6dc2b1c4-efe9-4b6a-8e46-87f4b6912d50
2024-04-24T06:30:24,147  INFO [main] lockmgr.DbLockManager: Requesting lock for queryId=alex_20240424063024_6dc2b1c4-efe9-4b6a-8e46-87f4b6912d50
2024-04-24T06:30:24,163  INFO [main] lockmgr.DbLockManager: Response to queryId=alex_20240424063024_6dc2b1c4-efe9-4b6a-8e46-87f4b6912d50 LockResponse(lockid:17, state:ACQUIRED)
2024-04-24T06:30:24,163  INFO [main] ql.Driver: Operation DROPTABLE obtained 1 locks
2024-04-24T06:30:24,163  INFO [main] ql.Driver: Executing command(queryId=alex_20240424063024_6dc2b1c4-efe9-4b6a-8e46-87f4b6912d50): drop table if exists nonAcidNonBucket
2024-04-24T06:30:24,163  INFO [main] ql.Driver: Starting task [Stage-0:DDL] in serial mode
2024-04-24T06:30:24,163  INFO [main] HiveMetaStore.audit: ugi=alex	ip=unknown-ip-addr	cmd=get_table : tbl=hive.default.nonAcidNonBucket	
2024-04-24T06:30:24,171  INFO [main] metastore.HMSHandler: Skipping translation for processor with null
2024-04-24T06:30:24,171  INFO [main] HiveMetaStore.audit: ugi=alex	ip=unknown-ip-addr	cmd=get_table : tbl=hive.default.nonAcidNonBucket	
2024-04-24T06:30:24,178  INFO [main] metastore.HMSHandler: Skipping translation for processor with null
2024-04-24T06:30:24,178  INFO [main] HiveMetaStore.audit: ugi=alex	ip=unknown-ip-addr	cmd=drop_table : tbl=hive.default.nonAcidNonBucket	
2024-04-24T06:30:24,207  INFO [main] metadata.Hive: Dumping metastore api call timing information for : execution phase
2024-04-24T06:30:24,207  INFO [main] metadata.Hive: Total time spent in each metastore function (ms): {getTable_(GetTableRequest)=8, isCompatibleWith_(Configuration)=0, dropTable_(String, String, boolean, boolean, boolean)=36}
2024-04-24T06:30:24,207  INFO [main] ql.Driver: Completed executing command(queryId=alex_20240424063024_6dc2b1c4-efe9-4b6a-8e46-87f4b6912d50); Time taken: 0.044 seconds
2024-04-24T06:30:24,207  INFO [main] lockmgr.DbTxnManager: Stopped heartbeat for query: alex_20240424063024_6dc2b1c4-efe9-4b6a-8e46-87f4b6912d50
2024-04-24T06:30:24,211  INFO [main] txn.TxnHandler: Expected to move at least one record from txn_components to completed_txn_components when committing txn! txnid:25
2024-04-24T06:30:24,217  INFO [main] txn.TxnHandler: Removed transactions: ([25]) from MIN_HISTORY_LEVEL
2024-04-24T06:30:24,217  WARN [main] txn.CompactionTxnHandler: No compaction queue record found for Compaction type transaction commit. txnId:25
2024-04-24T06:30:24,217  INFO [main] utils.TestTxnDbUtil: Cleaning transactional tables
]]></system-err>
  </testcase>
  <testcase name="testQuotedIdentifier2" classname="org.apache.hadoop.hive.ql.TestTxnCommands" time="1.817">
    <error type="java.lang.RuntimeException"><![CDATA[java.lang.RuntimeException: 
merge into `aci/d_u/ami` as `d/8` using `src/name` as `a/b` on i=`g/h`
when matched and `g/h` > 5 then delete 
when matched and `g/h` < 0 then update set vc='∆∋', `d?*de e` =  `d?*de e` * j + 1
when not matched and `d?*de e` <> 0 then insert values(`a/b`.`g/h`,`a/b`.j,`a/b`.k) failed: (responseCode = 40000, errorMessage = FAILED: NoMatchingMethodException No matching method for class org.apache.hadoop.hive.ql.udf.UDFToInteger with (struct<writeid:bigint,bucketid:int,rowid:bigint>). Possible choices: _FUNC_(bigint)  _FUNC_(boolean)  _FUNC_(decimal(38,18))  _FUNC_(double)  _FUNC_(float)  _FUNC_(smallint)  _FUNC_(string)  _FUNC_(struct<writeid:int,bucketid:bigint,rowid:bigint>)  _FUNC_(timestamp)  _FUNC_(tinyint)  _FUNC_(void)  , hiveErrorCode = 40000, SQLState = 42000, exception = No matching method for class org.apache.hadoop.hive.ql.udf.UDFToInteger with (struct<writeid:bigint,bucketid:int,rowid:bigint>). Possible choices: _FUNC_(bigint)  _FUNC_(boolean)  _FUNC_(decimal(38,18))  _FUNC_(double)  _FUNC_(float)  _FUNC_(smallint)  _FUNC_(string)  _FUNC_(struct<writeid:int,bucketid:bigint,rowid:bigint>)  _FUNC_(timestamp)  _FUNC_(tinyint)  _FUNC_(void)  )
	at org.apache.hadoop.hive.ql.TxnCommandsBaseForTests.runStatementOnDriver(TxnCommandsBaseForTests.java:247)
	at org.apache.hadoop.hive.ql.TestTxnCommands.testQuotedIdentifier2(TestTxnCommands.java:1097)
	at sun.reflect.NativeMethodAccessorImpl.invoke0(Native Method)
	at sun.reflect.NativeMethodAccessorImpl.invoke(NativeMethodAccessorImpl.java:62)
	at sun.reflect.DelegatingMethodAccessorImpl.invoke(DelegatingMethodAccessorImpl.java:43)
	at java.lang.reflect.Method.invoke(Method.java:498)
	at org.junit.runners.model.FrameworkMethod$1.runReflectiveCall(FrameworkMethod.java:59)
	at org.junit.internal.runners.model.ReflectiveCallable.run(ReflectiveCallable.java:12)
	at org.junit.runners.model.FrameworkMethod.invokeExplosively(FrameworkMethod.java:56)
	at org.junit.internal.runners.statements.InvokeMethod.evaluate(InvokeMethod.java:17)
	at org.junit.internal.runners.statements.RunBefores.evaluate(RunBefores.java:26)
	at org.junit.internal.runners.statements.RunAfters.evaluate(RunAfters.java:27)
	at org.junit.rules.TestWatcher$1.evaluate(TestWatcher.java:61)
	at org.junit.runners.ParentRunner$3.evaluate(ParentRunner.java:306)
	at org.junit.runners.BlockJUnit4ClassRunner$1.evaluate(BlockJUnit4ClassRunner.java:100)
	at org.junit.runners.ParentRunner.runLeaf(ParentRunner.java:366)
	at org.junit.runners.BlockJUnit4ClassRunner.runChild(BlockJUnit4ClassRunner.java:103)
	at org.junit.runners.BlockJUnit4ClassRunner.runChild(BlockJUnit4ClassRunner.java:63)
	at org.junit.runners.ParentRunner$4.run(ParentRunner.java:331)
	at org.junit.runners.ParentRunner$1.schedule(ParentRunner.java:79)
	at org.junit.runners.ParentRunner.runChildren(ParentRunner.java:329)
	at org.junit.runners.ParentRunner.access$100(ParentRunner.java:66)
	at org.junit.runners.ParentRunner$2.evaluate(ParentRunner.java:293)
	at org.junit.runners.ParentRunner$3.evaluate(ParentRunner.java:306)
	at org.junit.runners.ParentRunner.run(ParentRunner.java:413)
	at org.junit.runner.JUnitCore.run(JUnitCore.java:137)
	at org.junit.runner.JUnitCore.run(JUnitCore.java:115)
	at org.junit.vintage.engine.execution.RunnerExecutor.execute(RunnerExecutor.java:43)
	at java.util.stream.ForEachOps$ForEachOp$OfRef.accept(ForEachOps.java:183)
	at java.util.stream.ReferencePipeline$3$1.accept(ReferencePipeline.java:193)
	at java.util.Iterator.forEachRemaining(Iterator.java:116)
	at java.util.Spliterators$IteratorSpliterator.forEachRemaining(Spliterators.java:1801)
	at java.util.stream.AbstractPipeline.copyInto(AbstractPipeline.java:482)
	at java.util.stream.AbstractPipeline.wrapAndCopyInto(AbstractPipeline.java:472)
	at java.util.stream.ForEachOps$ForEachOp.evaluateSequential(ForEachOps.java:150)
	at java.util.stream.ForEachOps$ForEachOp$OfRef.evaluateSequential(ForEachOps.java:173)
	at java.util.stream.AbstractPipeline.evaluate(AbstractPipeline.java:234)
	at java.util.stream.ReferencePipeline.forEach(ReferencePipeline.java:485)
	at org.junit.vintage.engine.VintageTestEngine.executeAllChildren(VintageTestEngine.java:82)
	at org.junit.vintage.engine.VintageTestEngine.execute(VintageTestEngine.java:73)
	at org.junit.platform.launcher.core.DefaultLauncher.execute(DefaultLauncher.java:248)
	at org.junit.platform.launcher.core.DefaultLauncher.lambda$execute$5(DefaultLauncher.java:211)
	at org.junit.platform.launcher.core.DefaultLauncher.withInterceptedStreams(DefaultLauncher.java:226)
	at org.junit.platform.launcher.core.DefaultLauncher.execute(DefaultLauncher.java:199)
	at org.junit.platform.launcher.core.DefaultLauncher.execute(DefaultLauncher.java:132)
	at org.apache.maven.surefire.junitplatform.JUnitPlatformProvider.invokeAllTests(JUnitPlatformProvider.java:154)
	at org.apache.maven.surefire.junitplatform.JUnitPlatformProvider.invoke(JUnitPlatformProvider.java:123)
	at org.apache.maven.surefire.booter.ForkedBooter.runSuitesInProcess(ForkedBooter.java:377)
	at org.apache.maven.surefire.booter.ForkedBooter.execute(ForkedBooter.java:138)
	at org.apache.maven.surefire.booter.ForkedBooter.run(ForkedBooter.java:465)
	at org.apache.maven.surefire.booter.ForkedBooter.main(ForkedBooter.java:451)
]]></error>
    <system-err><![CDATA[2024-04-24T06:30:24,277  WARN [main] conf.HiveConf: HiveConf of name hive.llap.io.cache.orc.alloc.min does not exist
2024-04-24T06:30:24,277  WARN [main] conf.HiveConf: HiveConf of name hive.dummyparam.test.server.specific.config.hivesite does not exist
2024-04-24T06:30:24,277  WARN [main] conf.HiveConf: HiveConf of name hive.dummyparam.test.server.specific.config.metastoresite does not exist
2024-04-24T06:30:24,277  WARN [main] conf.HiveConf: HiveConf of name hive.llap.io.cache.orc.size does not exist
2024-04-24T06:30:24,277  WARN [main] conf.HiveConf: HiveConf of name hive.llap.io.cache.orc.arena.size does not exist
2024-04-24T06:30:24,277  WARN [main] conf.HiveConf: HiveConf of name hive.metastore.client.cache.maxSize does not exist
2024-04-24T06:30:24,277  WARN [main] conf.HiveConf: HiveConf of name hive.llap.io.cache.orc.alloc.max does not exist
2024-04-24T06:30:24,277  WARN [main] conf.HiveConf: HiveConf of name hive.metastore.client.cache.recordStats does not exist
2024-04-24T06:30:24,277  WARN [main] conf.HiveConf: HiveConf of name hive.dummyparam.test.server.specific.config.override does not exist
2024-04-24T06:30:24,277  WARN [main] conf.HiveConf: HiveConf of name hive.stats.key.prefix.reserve.length does not exist
2024-04-24T06:30:24,277  WARN [main] conf.HiveConf: HiveConf of name hive.metastore.metadb.dir does not exist
2024-04-24T06:30:24,279  INFO [main] utils.TestTxnDbUtil: Creating transactional tables
Hive Session ID = 018ba1e0-33b9-4cc4-b836-28f5856132df
2024-04-24T06:30:24,282  INFO [main] SessionState: Hive Session ID = 018ba1e0-33b9-4cc4-b836-28f5856132df
ivysettings.xml file not found in HIVE_HOME or HIVE_CONF_DIR,/home/alex/Repositories/hive/conf/ivysettings.xml will be used
2024-04-24T06:30:24,283  INFO [main] DependencyResolver: ivysettings.xml file not found in HIVE_HOME or HIVE_CONF_DIR,/home/alex/Repositories/hive/conf/ivysettings.xml will be used
2024-04-24T06:30:24,288  INFO [main] session.SessionState: Created HDFS directory: /home/alex/Repositories/hive/ql/target/tmp/scratchdir/alex/018ba1e0-33b9-4cc4-b836-28f5856132df
2024-04-24T06:30:24,290  INFO [main] session.SessionState: Created local directory: /home/alex/Repositories/hive/ql/target/tmp/localscratchdir/018ba1e0-33b9-4cc4-b836-28f5856132df
2024-04-24T06:30:24,292  INFO [main] session.SessionState: Created HDFS directory: /home/alex/Repositories/hive/ql/target/tmp/scratchdir/alex/018ba1e0-33b9-4cc4-b836-28f5856132df/_tmp_space.db
2024-04-24T06:30:24,293  INFO [main] sqlstd.SQLStdHiveAccessController: Created SQLStdHiveAccessController for session context : HiveAuthzSessionContext [sessionString=018ba1e0-33b9-4cc4-b836-28f5856132df, clientType=HIVECLI]
2024-04-24T06:30:24,293  INFO [main] ql.TxnCommandsBaseForTests: Running the query: drop table if exists acidTbl
2024-04-24T06:30:24,293  INFO [main] ql.Driver: Compiling command(queryId=alex_20240424063024_03ff2cf2-72c2-4478-af38-487060c10f27): drop table if exists acidTbl
2024-04-24T06:30:24,301  INFO [main] txn.TxnHandler: Added entries to MIN_HISTORY_LEVEL for current txns: ([1]) with min_open_txn: 1
2024-04-24T06:30:24,301  INFO [main] lockmgr.DbTxnManager: Opened txnid:1
2024-04-24T06:30:24,304  INFO [main] HiveMetaStore.audit: ugi=alex	ip=unknown-ip-addr	cmd=get_table : tbl=hive.default.acidTbl	
2024-04-24T06:30:24,307  INFO [main] ql.Driver: Semantic Analysis Completed (retrial = false)
2024-04-24T06:30:24,307  INFO [main] ql.Driver: Created Hive schema: Schema(fieldSchemas:null, properties:null)
2024-04-24T06:30:24,307  INFO [main] metadata.Hive: Dumping metastore api call timing information for : compilation phase
2024-04-24T06:30:24,307  INFO [main] metadata.Hive: Total time spent in each metastore function (ms): {openTxn_(String, TxnType)=7, getValidTxns_(long)=2, isCompatibleWith_(Configuration)=0, flushCache_()=0, commitTxn_(CommitTxnRequest)=10}
2024-04-24T06:30:24,307  INFO [main] ql.Driver: Completed compiling command(queryId=alex_20240424063024_03ff2cf2-72c2-4478-af38-487060c10f27); Time taken: 0.014 seconds
2024-04-24T06:30:24,307  INFO [main] lockmgr.DbTxnManager: Setting lock request transaction to txnid:1 for queryId=alex_20240424063024_03ff2cf2-72c2-4478-af38-487060c10f27
2024-04-24T06:30:24,307  INFO [main] ql.Driver: Operation DROPTABLE obtained 0 locks
2024-04-24T06:30:24,307  INFO [main] ql.Driver: Executing command(queryId=alex_20240424063024_03ff2cf2-72c2-4478-af38-487060c10f27): drop table if exists acidTbl
2024-04-24T06:30:24,307  INFO [main] ql.Driver: Starting task [Stage-0:DDL] in serial mode
2024-04-24T06:30:24,307  INFO [main] HiveMetaStore.audit: ugi=alex	ip=unknown-ip-addr	cmd=get_table : tbl=hive.default.acidTbl	
2024-04-24T06:30:24,310  INFO [main] metadata.Hive: Dumping metastore api call timing information for : execution phase
2024-04-24T06:30:24,310  INFO [main] metadata.Hive: Total time spent in each metastore function (ms): {isCompatibleWith_(Configuration)=0}
2024-04-24T06:30:24,310  INFO [main] ql.Driver: Completed executing command(queryId=alex_20240424063024_03ff2cf2-72c2-4478-af38-487060c10f27); Time taken: 0.003 seconds
2024-04-24T06:30:24,310  INFO [main] lockmgr.DbTxnManager: Stopped heartbeat for query: alex_20240424063024_03ff2cf2-72c2-4478-af38-487060c10f27
2024-04-24T06:30:24,317  INFO [main] txn.TxnHandler: Expected to move at least one record from txn_components to completed_txn_components when committing txn! txnid:1
2024-04-24T06:30:24,323  INFO [main] txn.TxnHandler: Removed transactions: ([1]) from MIN_HISTORY_LEVEL
2024-04-24T06:30:24,324  WARN [main] txn.CompactionTxnHandler: No compaction queue record found for Compaction type transaction commit. txnId:1
2024-04-24T06:30:24,324  INFO [main] ql.TxnCommandsBaseForTests: Running the query: drop table if exists acidTblPart
2024-04-24T06:30:24,324  INFO [main] ql.Driver: Compiling command(queryId=alex_20240424063024_34d92651-1374-4319-b820-0012ecb9056d): drop table if exists acidTblPart
2024-04-24T06:30:24,326  INFO [main] txn.TxnHandler: Added entries to MIN_HISTORY_LEVEL for current txns: ([2]) with min_open_txn: 1
2024-04-24T06:30:24,326  INFO [main] lockmgr.DbTxnManager: Opened txnid:2
2024-04-24T06:30:24,327  INFO [main] HiveMetaStore.audit: ugi=alex	ip=unknown-ip-addr	cmd=get_table : tbl=hive.default.acidTblPart	
2024-04-24T06:30:24,329  INFO [main] ql.Driver: Semantic Analysis Completed (retrial = false)
2024-04-24T06:30:24,329  INFO [main] ql.Driver: Created Hive schema: Schema(fieldSchemas:null, properties:null)
2024-04-24T06:30:24,329  INFO [main] metadata.Hive: Dumping metastore api call timing information for : compilation phase
2024-04-24T06:30:24,330  INFO [main] metadata.Hive: Total time spent in each metastore function (ms): {getValidTxns_(long)=0, flushCache_()=0, isCompatibleWith_(Configuration)=2, openTxn_(String, TxnType)=1, commitTxn_(CommitTxnRequest)=13}
2024-04-24T06:30:24,330  INFO [main] ql.Driver: Completed compiling command(queryId=alex_20240424063024_34d92651-1374-4319-b820-0012ecb9056d); Time taken: 0.005 seconds
2024-04-24T06:30:24,330  INFO [main] lockmgr.DbTxnManager: Setting lock request transaction to txnid:2 for queryId=alex_20240424063024_34d92651-1374-4319-b820-0012ecb9056d
2024-04-24T06:30:24,330  INFO [main] ql.Driver: Operation DROPTABLE obtained 0 locks
2024-04-24T06:30:24,330  INFO [main] ql.Driver: Executing command(queryId=alex_20240424063024_34d92651-1374-4319-b820-0012ecb9056d): drop table if exists acidTblPart
2024-04-24T06:30:24,330  INFO [main] ql.Driver: Starting task [Stage-0:DDL] in serial mode
2024-04-24T06:30:24,330  INFO [main] HiveMetaStore.audit: ugi=alex	ip=unknown-ip-addr	cmd=get_table : tbl=hive.default.acidTblPart	
2024-04-24T06:30:24,333  INFO [main] metadata.Hive: Dumping metastore api call timing information for : execution phase
2024-04-24T06:30:24,333  INFO [main] metadata.Hive: Total time spent in each metastore function (ms): {isCompatibleWith_(Configuration)=0}
2024-04-24T06:30:24,333  INFO [main] ql.Driver: Completed executing command(queryId=alex_20240424063024_34d92651-1374-4319-b820-0012ecb9056d); Time taken: 0.003 seconds
2024-04-24T06:30:24,334  INFO [main] lockmgr.DbTxnManager: Stopped heartbeat for query: alex_20240424063024_34d92651-1374-4319-b820-0012ecb9056d
2024-04-24T06:30:24,339  INFO [main] txn.TxnHandler: Expected to move at least one record from txn_components to completed_txn_components when committing txn! txnid:2
2024-04-24T06:30:24,345  INFO [main] txn.TxnHandler: Removed transactions: ([2]) from MIN_HISTORY_LEVEL
2024-04-24T06:30:24,345  WARN [main] txn.CompactionTxnHandler: No compaction queue record found for Compaction type transaction commit. txnId:2
2024-04-24T06:30:24,345  INFO [main] ql.TxnCommandsBaseForTests: Running the query: drop table if exists acidTbl2
2024-04-24T06:30:24,346  INFO [main] ql.Driver: Compiling command(queryId=alex_20240424063024_b9a9fadd-c1b5-4b36-a931-a6bc941d9e04): drop table if exists acidTbl2
2024-04-24T06:30:24,348  INFO [main] txn.TxnHandler: Added entries to MIN_HISTORY_LEVEL for current txns: ([3]) with min_open_txn: 1
2024-04-24T06:30:24,348  INFO [main] lockmgr.DbTxnManager: Opened txnid:3
2024-04-24T06:30:24,348  INFO [main] HiveMetaStore.audit: ugi=alex	ip=unknown-ip-addr	cmd=get_table : tbl=hive.default.acidTbl2	
2024-04-24T06:30:24,351  INFO [main] ql.Driver: Semantic Analysis Completed (retrial = false)
2024-04-24T06:30:24,351  INFO [main] ql.Driver: Created Hive schema: Schema(fieldSchemas:null, properties:null)
2024-04-24T06:30:24,351  INFO [main] metadata.Hive: Dumping metastore api call timing information for : compilation phase
2024-04-24T06:30:24,351  INFO [main] metadata.Hive: Total time spent in each metastore function (ms): {flushCache_()=0, isCompatibleWith_(Configuration)=0, commitTxn_(CommitTxnRequest)=11, getValidTxns_(long)=0, openTxn_(String, TxnType)=2}
2024-04-24T06:30:24,351  INFO [main] ql.Driver: Completed compiling command(queryId=alex_20240424063024_b9a9fadd-c1b5-4b36-a931-a6bc941d9e04); Time taken: 0.005 seconds
2024-04-24T06:30:24,351  INFO [main] lockmgr.DbTxnManager: Setting lock request transaction to txnid:3 for queryId=alex_20240424063024_b9a9fadd-c1b5-4b36-a931-a6bc941d9e04
2024-04-24T06:30:24,351  INFO [main] ql.Driver: Operation DROPTABLE obtained 0 locks
2024-04-24T06:30:24,352  INFO [main] ql.Driver: Executing command(queryId=alex_20240424063024_b9a9fadd-c1b5-4b36-a931-a6bc941d9e04): drop table if exists acidTbl2
2024-04-24T06:30:24,352  INFO [main] ql.Driver: Starting task [Stage-0:DDL] in serial mode
2024-04-24T06:30:24,352  INFO [main] HiveMetaStore.audit: ugi=alex	ip=unknown-ip-addr	cmd=get_table : tbl=hive.default.acidTbl2	
2024-04-24T06:30:24,354  INFO [main] metadata.Hive: Dumping metastore api call timing information for : execution phase
2024-04-24T06:30:24,355  INFO [main] metadata.Hive: Total time spent in each metastore function (ms): {isCompatibleWith_(Configuration)=0}
2024-04-24T06:30:24,355  INFO [main] ql.Driver: Completed executing command(queryId=alex_20240424063024_b9a9fadd-c1b5-4b36-a931-a6bc941d9e04); Time taken: 0.003 seconds
2024-04-24T06:30:24,355  INFO [main] lockmgr.DbTxnManager: Stopped heartbeat for query: alex_20240424063024_b9a9fadd-c1b5-4b36-a931-a6bc941d9e04
2024-04-24T06:30:24,360  INFO [main] txn.TxnHandler: Expected to move at least one record from txn_components to completed_txn_components when committing txn! txnid:3
2024-04-24T06:30:24,366  INFO [main] txn.TxnHandler: Removed transactions: ([3]) from MIN_HISTORY_LEVEL
2024-04-24T06:30:24,366  WARN [main] txn.CompactionTxnHandler: No compaction queue record found for Compaction type transaction commit. txnId:3
2024-04-24T06:30:24,366  INFO [main] ql.TxnCommandsBaseForTests: Running the query: drop table if exists nonAcidOrcTbl
2024-04-24T06:30:24,367  INFO [main] ql.Driver: Compiling command(queryId=alex_20240424063024_1b157a2b-f852-42dd-9e03-e0ed518ae57e): drop table if exists nonAcidOrcTbl
2024-04-24T06:30:24,369  INFO [main] txn.TxnHandler: Added entries to MIN_HISTORY_LEVEL for current txns: ([4]) with min_open_txn: 1
2024-04-24T06:30:24,369  INFO [main] lockmgr.DbTxnManager: Opened txnid:4
2024-04-24T06:30:24,370  INFO [main] HiveMetaStore.audit: ugi=alex	ip=unknown-ip-addr	cmd=get_table : tbl=hive.default.nonAcidOrcTbl	
2024-04-24T06:30:24,372  INFO [main] ql.Driver: Semantic Analysis Completed (retrial = false)
2024-04-24T06:30:24,372  INFO [main] ql.Driver: Created Hive schema: Schema(fieldSchemas:null, properties:null)
2024-04-24T06:30:24,372  INFO [main] metadata.Hive: Dumping metastore api call timing information for : compilation phase
2024-04-24T06:30:24,372  INFO [main] metadata.Hive: Total time spent in each metastore function (ms): {getValidTxns_(long)=0, commitTxn_(CommitTxnRequest)=11, openTxn_(String, TxnType)=2, isCompatibleWith_(Configuration)=0, flushCache_()=0}
2024-04-24T06:30:24,373  INFO [main] ql.Driver: Completed compiling command(queryId=alex_20240424063024_1b157a2b-f852-42dd-9e03-e0ed518ae57e); Time taken: 0.006 seconds
2024-04-24T06:30:24,373  INFO [main] lockmgr.DbTxnManager: Setting lock request transaction to txnid:4 for queryId=alex_20240424063024_1b157a2b-f852-42dd-9e03-e0ed518ae57e
2024-04-24T06:30:24,373  INFO [main] ql.Driver: Operation DROPTABLE obtained 0 locks
2024-04-24T06:30:24,373  INFO [main] ql.Driver: Executing command(queryId=alex_20240424063024_1b157a2b-f852-42dd-9e03-e0ed518ae57e): drop table if exists nonAcidOrcTbl
2024-04-24T06:30:24,373  INFO [main] ql.Driver: Starting task [Stage-0:DDL] in serial mode
2024-04-24T06:30:24,373  INFO [main] HiveMetaStore.audit: ugi=alex	ip=unknown-ip-addr	cmd=get_table : tbl=hive.default.nonAcidOrcTbl	
2024-04-24T06:30:24,376  INFO [main] metadata.Hive: Dumping metastore api call timing information for : execution phase
2024-04-24T06:30:24,376  INFO [main] metadata.Hive: Total time spent in each metastore function (ms): {isCompatibleWith_(Configuration)=0}
2024-04-24T06:30:24,376  INFO [main] ql.Driver: Completed executing command(queryId=alex_20240424063024_1b157a2b-f852-42dd-9e03-e0ed518ae57e); Time taken: 0.003 seconds
2024-04-24T06:30:24,376  INFO [main] lockmgr.DbTxnManager: Stopped heartbeat for query: alex_20240424063024_1b157a2b-f852-42dd-9e03-e0ed518ae57e
2024-04-24T06:30:24,381  INFO [main] txn.TxnHandler: Expected to move at least one record from txn_components to completed_txn_components when committing txn! txnid:4
2024-04-24T06:30:24,387  INFO [main] txn.TxnHandler: Removed transactions: ([4]) from MIN_HISTORY_LEVEL
2024-04-24T06:30:24,388  WARN [main] txn.CompactionTxnHandler: No compaction queue record found for Compaction type transaction commit. txnId:4
2024-04-24T06:30:24,388  INFO [main] ql.TxnCommandsBaseForTests: Running the query: drop table if exists nonAcidOrcTbl2
2024-04-24T06:30:24,388  INFO [main] ql.Driver: Compiling command(queryId=alex_20240424063024_dbc2c3c3-1180-4fc1-8160-4db4225fa86f): drop table if exists nonAcidOrcTbl2
2024-04-24T06:30:24,390  INFO [main] txn.TxnHandler: Added entries to MIN_HISTORY_LEVEL for current txns: ([5]) with min_open_txn: 1
2024-04-24T06:30:24,390  INFO [main] lockmgr.DbTxnManager: Opened txnid:5
2024-04-24T06:30:24,391  INFO [main] HiveMetaStore.audit: ugi=alex	ip=unknown-ip-addr	cmd=get_table : tbl=hive.default.nonAcidOrcTbl2	
2024-04-24T06:30:24,393  INFO [main] ql.Driver: Semantic Analysis Completed (retrial = false)
2024-04-24T06:30:24,393  INFO [main] ql.Driver: Created Hive schema: Schema(fieldSchemas:null, properties:null)
2024-04-24T06:30:24,394  INFO [main] metadata.Hive: Dumping metastore api call timing information for : compilation phase
2024-04-24T06:30:24,394  INFO [main] metadata.Hive: Total time spent in each metastore function (ms): {isCompatibleWith_(Configuration)=2, getValidTxns_(long)=0, flushCache_()=0, openTxn_(String, TxnType)=1, commitTxn_(CommitTxnRequest)=12}
2024-04-24T06:30:24,394  INFO [main] ql.Driver: Completed compiling command(queryId=alex_20240424063024_dbc2c3c3-1180-4fc1-8160-4db4225fa86f); Time taken: 0.005 seconds
2024-04-24T06:30:24,394  INFO [main] lockmgr.DbTxnManager: Setting lock request transaction to txnid:5 for queryId=alex_20240424063024_dbc2c3c3-1180-4fc1-8160-4db4225fa86f
2024-04-24T06:30:24,394  INFO [main] ql.Driver: Operation DROPTABLE obtained 0 locks
2024-04-24T06:30:24,394  INFO [main] ql.Driver: Executing command(queryId=alex_20240424063024_dbc2c3c3-1180-4fc1-8160-4db4225fa86f): drop table if exists nonAcidOrcTbl2
2024-04-24T06:30:24,394  INFO [main] ql.Driver: Starting task [Stage-0:DDL] in serial mode
2024-04-24T06:30:24,394  INFO [main] HiveMetaStore.audit: ugi=alex	ip=unknown-ip-addr	cmd=get_table : tbl=hive.default.nonAcidOrcTbl2	
2024-04-24T06:30:24,397  INFO [main] metadata.Hive: Dumping metastore api call timing information for : execution phase
2024-04-24T06:30:24,397  INFO [main] metadata.Hive: Total time spent in each metastore function (ms): {isCompatibleWith_(Configuration)=0}
2024-04-24T06:30:24,397  INFO [main] ql.Driver: Completed executing command(queryId=alex_20240424063024_dbc2c3c3-1180-4fc1-8160-4db4225fa86f); Time taken: 0.003 seconds
2024-04-24T06:30:24,397  INFO [main] lockmgr.DbTxnManager: Stopped heartbeat for query: alex_20240424063024_dbc2c3c3-1180-4fc1-8160-4db4225fa86f
2024-04-24T06:30:24,403  INFO [main] txn.TxnHandler: Expected to move at least one record from txn_components to completed_txn_components when committing txn! txnid:5
2024-04-24T06:30:24,409  INFO [main] txn.TxnHandler: Removed transactions: ([5]) from MIN_HISTORY_LEVEL
2024-04-24T06:30:24,409  WARN [main] txn.CompactionTxnHandler: No compaction queue record found for Compaction type transaction commit. txnId:5
2024-04-24T06:30:24,409  INFO [main] ql.TxnCommandsBaseForTests: Running the query: drop table if exists nonAcidNonBucket
2024-04-24T06:30:24,410  INFO [main] ql.Driver: Compiling command(queryId=alex_20240424063024_8b536c21-b96f-48f1-8138-8db17d2e4a80): drop table if exists nonAcidNonBucket
2024-04-24T06:30:24,411  INFO [main] txn.TxnHandler: Added entries to MIN_HISTORY_LEVEL for current txns: ([6]) with min_open_txn: 1
2024-04-24T06:30:24,412  INFO [main] lockmgr.DbTxnManager: Opened txnid:6
2024-04-24T06:30:24,412  INFO [main] HiveMetaStore.audit: ugi=alex	ip=unknown-ip-addr	cmd=get_table : tbl=hive.default.nonAcidNonBucket	
2024-04-24T06:30:24,415  INFO [main] ql.Driver: Semantic Analysis Completed (retrial = false)
2024-04-24T06:30:24,415  INFO [main] ql.Driver: Created Hive schema: Schema(fieldSchemas:null, properties:null)
2024-04-24T06:30:24,415  INFO [main] metadata.Hive: Dumping metastore api call timing information for : compilation phase
2024-04-24T06:30:24,415  INFO [main] metadata.Hive: Total time spent in each metastore function (ms): {openTxn_(String, TxnType)=2, flushCache_()=0, getValidTxns_(long)=0, isCompatibleWith_(Configuration)=0, commitTxn_(CommitTxnRequest)=12}
2024-04-24T06:30:24,415  INFO [main] ql.Driver: Completed compiling command(queryId=alex_20240424063024_8b536c21-b96f-48f1-8138-8db17d2e4a80); Time taken: 0.006 seconds
2024-04-24T06:30:24,415  INFO [main] lockmgr.DbTxnManager: Setting lock request transaction to txnid:6 for queryId=alex_20240424063024_8b536c21-b96f-48f1-8138-8db17d2e4a80
2024-04-24T06:30:24,415  INFO [main] ql.Driver: Operation DROPTABLE obtained 0 locks
2024-04-24T06:30:24,415  INFO [main] ql.Driver: Executing command(queryId=alex_20240424063024_8b536c21-b96f-48f1-8138-8db17d2e4a80): drop table if exists nonAcidNonBucket
2024-04-24T06:30:24,416  INFO [main] ql.Driver: Starting task [Stage-0:DDL] in serial mode
2024-04-24T06:30:24,416  INFO [main] HiveMetaStore.audit: ugi=alex	ip=unknown-ip-addr	cmd=get_table : tbl=hive.default.nonAcidNonBucket	
2024-04-24T06:30:24,418  INFO [main] metadata.Hive: Dumping metastore api call timing information for : execution phase
2024-04-24T06:30:24,419  INFO [main] metadata.Hive: Total time spent in each metastore function (ms): {isCompatibleWith_(Configuration)=0}
2024-04-24T06:30:24,419  INFO [main] ql.Driver: Completed executing command(queryId=alex_20240424063024_8b536c21-b96f-48f1-8138-8db17d2e4a80); Time taken: 0.003 seconds
2024-04-24T06:30:24,419  INFO [main] lockmgr.DbTxnManager: Stopped heartbeat for query: alex_20240424063024_8b536c21-b96f-48f1-8138-8db17d2e4a80
2024-04-24T06:30:24,424  INFO [main] txn.TxnHandler: Expected to move at least one record from txn_components to completed_txn_components when committing txn! txnid:6
2024-04-24T06:30:24,431  INFO [main] txn.TxnHandler: Removed transactions: ([6]) from MIN_HISTORY_LEVEL
2024-04-24T06:30:24,431  WARN [main] txn.CompactionTxnHandler: No compaction queue record found for Compaction type transaction commit. txnId:6
2024-04-24T06:30:24,432  INFO [main] ql.TxnCommandsBaseForTests: Running the query: create table acidTbl(a int, b int) clustered by (a) into 2 buckets stored as orc TBLPROPERTIES ('transactional'='true')
2024-04-24T06:30:24,432  INFO [main] ql.Driver: Compiling command(queryId=alex_20240424063024_dfb62c02-f3db-461c-b681-10d5f7a8c088): create table acidTbl(a int, b int) clustered by (a) into 2 buckets stored as orc TBLPROPERTIES ('transactional'='true')
2024-04-24T06:30:24,434  INFO [main] txn.TxnHandler: Added entries to MIN_HISTORY_LEVEL for current txns: ([7]) with min_open_txn: 1
2024-04-24T06:30:24,434  INFO [main] lockmgr.DbTxnManager: Opened txnid:7
2024-04-24T06:30:24,434  INFO [main] parse.CalcitePlanner: Starting caching scope for: 
2024-04-24T06:30:24,435  INFO [main] parse.CalcitePlanner: Starting Semantic Analysis
2024-04-24T06:30:24,440  INFO [main] parse.CalcitePlanner: Creating table default.acidTbl position=13
2024-04-24T06:30:24,440  INFO [main] HiveMetaStore.audit: ugi=alex	ip=unknown-ip-addr	cmd=get_database: default	
2024-04-24T06:30:24,442  INFO [main] parse.CalcitePlanner: Ending caching scope for: 
2024-04-24T06:30:24,442  INFO [main] ql.Driver: Semantic Analysis Completed (retrial = false)
2024-04-24T06:30:24,442  INFO [main] ql.Driver: Created Hive schema: Schema(fieldSchemas:null, properties:null)
2024-04-24T06:30:24,442  INFO [main] metadata.Hive: Dumping metastore api call timing information for : compilation phase
2024-04-24T06:30:24,442  INFO [main] metadata.Hive: Total time spent in each metastore function (ms): {commitTxn_(CommitTxnRequest)=12, isCompatibleWith_(Configuration)=0, getValidWriteIds_(List, String)=5, flushCache_()=0, openTxn_(String, TxnType)=2, getValidTxns_(long)=0, getDatabase_(String)=2}
2024-04-24T06:30:24,442  INFO [main] ql.Driver: Completed compiling command(queryId=alex_20240424063024_dfb62c02-f3db-461c-b681-10d5f7a8c088); Time taken: 0.01 seconds
2024-04-24T06:30:24,443  INFO [main] lockmgr.DbTxnManager: Setting lock request transaction to txnid:7 for queryId=alex_20240424063024_dfb62c02-f3db-461c-b681-10d5f7a8c088
2024-04-24T06:30:24,443  INFO [main] lockmgr.DbLockManager: Requesting lock for queryId=alex_20240424063024_dfb62c02-f3db-461c-b681-10d5f7a8c088
2024-04-24T06:30:24,461  INFO [main] lockmgr.DbLockManager: Response to queryId=alex_20240424063024_dfb62c02-f3db-461c-b681-10d5f7a8c088 LockResponse(lockid:1, state:ACQUIRED)
2024-04-24T06:30:24,461  INFO [main] ql.Driver: Operation CREATETABLE obtained 1 locks
2024-04-24T06:30:24,461  INFO [main] ql.Driver: Executing command(queryId=alex_20240424063024_dfb62c02-f3db-461c-b681-10d5f7a8c088): create table acidTbl(a int, b int) clustered by (a) into 2 buckets stored as orc TBLPROPERTIES ('transactional'='true')
2024-04-24T06:30:24,461  INFO [main] ql.Driver: Starting task [Stage-0:DDL] in serial mode
2024-04-24T06:30:24,462  INFO [main] HiveMetaStore.audit: ugi=alex	ip=unknown-ip-addr	cmd=create_table_req: Table(tableName:acidTbl, dbName:default, owner:alex, createTime:1713965424, lastAccessTime:0, retention:0, sd:StorageDescriptor(cols:[FieldSchema(name:a, type:int, comment:null), FieldSchema(name:b, type:int, comment:null)], location:null, inputFormat:org.apache.hadoop.hive.ql.io.orc.OrcInputFormat, outputFormat:org.apache.hadoop.hive.ql.io.orc.OrcOutputFormat, compressed:false, numBuckets:2, serdeInfo:SerDeInfo(name:null, serializationLib:org.apache.hadoop.hive.ql.io.orc.OrcSerde, parameters:{serialization.format=1}), bucketCols:[a], sortCols:[], parameters:{}, skewedInfo:SkewedInfo(skewedColNames:[], skewedColValues:[], skewedColValueLocationMaps:{}), storedAsSubDirectories:false), partitionKeys:[], parameters:{numRows=0, rawDataSize=0, numFiles=0, transactional=true, numFilesErasureCoded=0, COLUMN_STATS_ACCURATE={"BASIC_STATS":"true","COLUMN_STATS":{"a":"true","b":"true"}}, totalSize=0, bucketing_version=2}, viewOriginalText:null, viewExpandedText:null, tableType:MANAGED_TABLE, privileges:PrincipalPrivilegeSet(userPrivileges:{alex=[PrivilegeGrantInfo(privilege:INSERT, createTime:-1, grantor:alex, grantorType:USER, grantOption:true), PrivilegeGrantInfo(privilege:SELECT, createTime:-1, grantor:alex, grantorType:USER, grantOption:true), PrivilegeGrantInfo(privilege:UPDATE, createTime:-1, grantor:alex, grantorType:USER, grantOption:true), PrivilegeGrantInfo(privilege:DELETE, createTime:-1, grantor:alex, grantorType:USER, grantOption:true)]}, groupPrivileges:null, rolePrivileges:null), temporary:false, catName:hive, ownerType:USER, writeId:0)	
2024-04-24T06:30:24,467  INFO [main] utils.FileUtils: Creating directory if it doesn't exist: file:/home/alex/Repositories/hive/ql/target/tmp/org.apache.hadoop.hive.ql.TestTxnCommands-1713965238357/warehouse/acidtbl
2024-04-24T06:30:24,505  INFO [main] metadata.Hive: Dumping metastore api call timing information for : execution phase
2024-04-24T06:30:24,505  INFO [main] metadata.Hive: Total time spent in each metastore function (ms): {isCompatibleWith_(Configuration)=0, createTable_(Table)=43}
2024-04-24T06:30:24,505  INFO [main] ql.Driver: Completed executing command(queryId=alex_20240424063024_dfb62c02-f3db-461c-b681-10d5f7a8c088); Time taken: 0.044 seconds
2024-04-24T06:30:24,505  INFO [main] lockmgr.DbTxnManager: Stopped heartbeat for query: alex_20240424063024_dfb62c02-f3db-461c-b681-10d5f7a8c088
2024-04-24T06:30:24,509  INFO [main] txn.TxnHandler: Expected to move at least one record from txn_components to completed_txn_components when committing txn! txnid:7
2024-04-24T06:30:24,515  INFO [main] txn.TxnHandler: Removed transactions: ([7]) from MIN_HISTORY_LEVEL
2024-04-24T06:30:24,515  WARN [main] txn.CompactionTxnHandler: No compaction queue record found for Compaction type transaction commit. txnId:7
2024-04-24T06:30:24,516  INFO [main] ql.TxnCommandsBaseForTests: Running the query: create table acidTblPart(a int, b int) partitioned by (p string) clustered by (a) into 2 buckets stored as orc TBLPROPERTIES ('transactional'='true')
2024-04-24T06:30:24,516  INFO [main] ql.Driver: Compiling command(queryId=alex_20240424063024_1ec2c455-12ed-46c1-9413-1f05ad703886): create table acidTblPart(a int, b int) partitioned by (p string) clustered by (a) into 2 buckets stored as orc TBLPROPERTIES ('transactional'='true')
2024-04-24T06:30:24,518  INFO [main] txn.TxnHandler: Added entries to MIN_HISTORY_LEVEL for current txns: ([8]) with min_open_txn: 1
2024-04-24T06:30:24,518  INFO [main] lockmgr.DbTxnManager: Opened txnid:8
2024-04-24T06:30:24,519  INFO [main] parse.CalcitePlanner: Starting caching scope for: 
2024-04-24T06:30:24,519  INFO [main] parse.CalcitePlanner: Starting Semantic Analysis
2024-04-24T06:30:24,521  INFO [main] parse.CalcitePlanner: Creating table default.acidTblPart position=13
2024-04-24T06:30:24,521  INFO [main] HiveMetaStore.audit: ugi=alex	ip=unknown-ip-addr	cmd=get_database: default	
2024-04-24T06:30:24,523  INFO [main] parse.CalcitePlanner: Ending caching scope for: 
2024-04-24T06:30:24,523  INFO [main] ql.Driver: Semantic Analysis Completed (retrial = false)
2024-04-24T06:30:24,523  INFO [main] ql.Driver: Created Hive schema: Schema(fieldSchemas:null, properties:null)
2024-04-24T06:30:24,523  INFO [main] metadata.Hive: Dumping metastore api call timing information for : compilation phase
2024-04-24T06:30:24,523  INFO [main] metadata.Hive: Total time spent in each metastore function (ms): {commitTxn_(CommitTxnRequest)=10, getValidWriteIds_(List, String)=2, isCompatibleWith_(Configuration)=2, flushCache_()=0, getDatabase_(String)=2, getValidTxns_(long)=0, openTxn_(String, TxnType)=1}
2024-04-24T06:30:24,523  INFO [main] ql.Driver: Completed compiling command(queryId=alex_20240424063024_1ec2c455-12ed-46c1-9413-1f05ad703886); Time taken: 0.007 seconds
2024-04-24T06:30:24,524  INFO [main] lockmgr.DbTxnManager: Setting lock request transaction to txnid:8 for queryId=alex_20240424063024_1ec2c455-12ed-46c1-9413-1f05ad703886
2024-04-24T06:30:24,524  INFO [main] lockmgr.DbLockManager: Requesting lock for queryId=alex_20240424063024_1ec2c455-12ed-46c1-9413-1f05ad703886
2024-04-24T06:30:24,538  INFO [main] lockmgr.DbLockManager: Response to queryId=alex_20240424063024_1ec2c455-12ed-46c1-9413-1f05ad703886 LockResponse(lockid:2, state:ACQUIRED)
2024-04-24T06:30:24,538  INFO [main] ql.Driver: Operation CREATETABLE obtained 1 locks
2024-04-24T06:30:24,539  INFO [main] ql.Driver: Executing command(queryId=alex_20240424063024_1ec2c455-12ed-46c1-9413-1f05ad703886): create table acidTblPart(a int, b int) partitioned by (p string) clustered by (a) into 2 buckets stored as orc TBLPROPERTIES ('transactional'='true')
2024-04-24T06:30:24,539  INFO [main] ql.Driver: Starting task [Stage-0:DDL] in serial mode
2024-04-24T06:30:24,540  INFO [main] HiveMetaStore.audit: ugi=alex	ip=unknown-ip-addr	cmd=create_table_req: Table(tableName:acidTblPart, dbName:default, owner:alex, createTime:1713965424, lastAccessTime:0, retention:0, sd:StorageDescriptor(cols:[FieldSchema(name:a, type:int, comment:null), FieldSchema(name:b, type:int, comment:null)], location:null, inputFormat:org.apache.hadoop.hive.ql.io.orc.OrcInputFormat, outputFormat:org.apache.hadoop.hive.ql.io.orc.OrcOutputFormat, compressed:false, numBuckets:2, serdeInfo:SerDeInfo(name:null, serializationLib:org.apache.hadoop.hive.ql.io.orc.OrcSerde, parameters:{serialization.format=1}), bucketCols:[a], sortCols:[], parameters:{}, skewedInfo:SkewedInfo(skewedColNames:[], skewedColValues:[], skewedColValueLocationMaps:{}), storedAsSubDirectories:false), partitionKeys:[FieldSchema(name:p, type:string, comment:null)], parameters:{bucketing_version=2, transactional=true}, viewOriginalText:null, viewExpandedText:null, tableType:MANAGED_TABLE, privileges:PrincipalPrivilegeSet(userPrivileges:{alex=[PrivilegeGrantInfo(privilege:INSERT, createTime:-1, grantor:alex, grantorType:USER, grantOption:true), PrivilegeGrantInfo(privilege:SELECT, createTime:-1, grantor:alex, grantorType:USER, grantOption:true), PrivilegeGrantInfo(privilege:UPDATE, createTime:-1, grantor:alex, grantorType:USER, grantOption:true), PrivilegeGrantInfo(privilege:DELETE, createTime:-1, grantor:alex, grantorType:USER, grantOption:true)]}, groupPrivileges:null, rolePrivileges:null), temporary:false, catName:hive, ownerType:USER, writeId:0)	
2024-04-24T06:30:24,545  INFO [main] utils.FileUtils: Creating directory if it doesn't exist: file:/home/alex/Repositories/hive/ql/target/tmp/org.apache.hadoop.hive.ql.TestTxnCommands-1713965238357/warehouse/acidtblpart
2024-04-24T06:30:24,559  INFO [main] metadata.Hive: Dumping metastore api call timing information for : execution phase
2024-04-24T06:30:24,559  INFO [main] metadata.Hive: Total time spent in each metastore function (ms): {isCompatibleWith_(Configuration)=0, createTable_(Table)=20}
2024-04-24T06:30:24,559  INFO [main] ql.Driver: Completed executing command(queryId=alex_20240424063024_1ec2c455-12ed-46c1-9413-1f05ad703886); Time taken: 0.02 seconds
2024-04-24T06:30:24,559  INFO [main] lockmgr.DbTxnManager: Stopped heartbeat for query: alex_20240424063024_1ec2c455-12ed-46c1-9413-1f05ad703886
2024-04-24T06:30:24,564  INFO [main] txn.TxnHandler: Expected to move at least one record from txn_components to completed_txn_components when committing txn! txnid:8
2024-04-24T06:30:24,570  INFO [main] txn.TxnHandler: Removed transactions: ([8]) from MIN_HISTORY_LEVEL
2024-04-24T06:30:24,570  WARN [main] txn.CompactionTxnHandler: No compaction queue record found for Compaction type transaction commit. txnId:8
2024-04-24T06:30:24,570  INFO [main] ql.TxnCommandsBaseForTests: Running the query: create table nonAcidOrcTbl(a int, b int) clustered by (a) into 2 buckets stored as orc TBLPROPERTIES ('transactional'='false')
2024-04-24T06:30:24,570  INFO [main] ql.Driver: Compiling command(queryId=alex_20240424063024_b2dbce6a-92c5-4bd1-91dd-e846076636c1): create table nonAcidOrcTbl(a int, b int) clustered by (a) into 2 buckets stored as orc TBLPROPERTIES ('transactional'='false')
2024-04-24T06:30:24,572  INFO [main] txn.TxnHandler: Added entries to MIN_HISTORY_LEVEL for current txns: ([9]) with min_open_txn: 1
2024-04-24T06:30:24,573  INFO [main] lockmgr.DbTxnManager: Opened txnid:9
2024-04-24T06:30:24,573  INFO [main] parse.CalcitePlanner: Starting caching scope for: 
2024-04-24T06:30:24,573  INFO [main] parse.CalcitePlanner: Starting Semantic Analysis
2024-04-24T06:30:24,576  INFO [main] parse.CalcitePlanner: Creating table default.nonAcidOrcTbl position=13
2024-04-24T06:30:24,576  INFO [main] HiveMetaStore.audit: ugi=alex	ip=unknown-ip-addr	cmd=get_database: default	
2024-04-24T06:30:24,577  INFO [main] parse.CalcitePlanner: Ending caching scope for: 
2024-04-24T06:30:24,577  INFO [main] ql.Driver: Semantic Analysis Completed (retrial = false)
2024-04-24T06:30:24,577  INFO [main] ql.Driver: Created Hive schema: Schema(fieldSchemas:null, properties:null)
2024-04-24T06:30:24,577  INFO [main] metadata.Hive: Dumping metastore api call timing information for : compilation phase
2024-04-24T06:30:24,577  INFO [main] metadata.Hive: Total time spent in each metastore function (ms): {openTxn_(String, TxnType)=2, commitTxn_(CommitTxnRequest)=10, flushCache_()=0, isCompatibleWith_(Configuration)=0, getValidWriteIds_(List, String)=3, getValidTxns_(long)=0, getDatabase_(String)=1}
2024-04-24T06:30:24,578  INFO [main] ql.Driver: Completed compiling command(queryId=alex_20240424063024_b2dbce6a-92c5-4bd1-91dd-e846076636c1); Time taken: 0.007 seconds
2024-04-24T06:30:24,578  INFO [main] lockmgr.DbTxnManager: Setting lock request transaction to txnid:9 for queryId=alex_20240424063024_b2dbce6a-92c5-4bd1-91dd-e846076636c1
2024-04-24T06:30:24,578  INFO [main] lockmgr.DbLockManager: Requesting lock for queryId=alex_20240424063024_b2dbce6a-92c5-4bd1-91dd-e846076636c1
2024-04-24T06:30:24,592  INFO [main] lockmgr.DbLockManager: Response to queryId=alex_20240424063024_b2dbce6a-92c5-4bd1-91dd-e846076636c1 LockResponse(lockid:3, state:ACQUIRED)
2024-04-24T06:30:24,592  INFO [main] ql.Driver: Operation CREATETABLE obtained 1 locks
2024-04-24T06:30:24,592  INFO [main] ql.Driver: Executing command(queryId=alex_20240424063024_b2dbce6a-92c5-4bd1-91dd-e846076636c1): create table nonAcidOrcTbl(a int, b int) clustered by (a) into 2 buckets stored as orc TBLPROPERTIES ('transactional'='false')
2024-04-24T06:30:24,593  INFO [main] ql.Driver: Starting task [Stage-0:DDL] in serial mode
2024-04-24T06:30:24,594  INFO [main] HiveMetaStore.audit: ugi=alex	ip=unknown-ip-addr	cmd=create_table_req: Table(tableName:nonAcidOrcTbl, dbName:default, owner:alex, createTime:1713965424, lastAccessTime:0, retention:0, sd:StorageDescriptor(cols:[FieldSchema(name:a, type:int, comment:null), FieldSchema(name:b, type:int, comment:null)], location:null, inputFormat:org.apache.hadoop.hive.ql.io.orc.OrcInputFormat, outputFormat:org.apache.hadoop.hive.ql.io.orc.OrcOutputFormat, compressed:false, numBuckets:2, serdeInfo:SerDeInfo(name:null, serializationLib:org.apache.hadoop.hive.ql.io.orc.OrcSerde, parameters:{serialization.format=1}), bucketCols:[a], sortCols:[], parameters:{}, skewedInfo:SkewedInfo(skewedColNames:[], skewedColValues:[], skewedColValueLocationMaps:{}), storedAsSubDirectories:false), partitionKeys:[], parameters:{numFilesErasureCoded=0, COLUMN_STATS_ACCURATE={"BASIC_STATS":"true","COLUMN_STATS":{"a":"true","b":"true"}}, rawDataSize=0, bucketing_version=2, numFiles=0, transactional=false, totalSize=0, numRows=0}, viewOriginalText:null, viewExpandedText:null, tableType:MANAGED_TABLE, privileges:PrincipalPrivilegeSet(userPrivileges:{alex=[PrivilegeGrantInfo(privilege:INSERT, createTime:-1, grantor:alex, grantorType:USER, grantOption:true), PrivilegeGrantInfo(privilege:SELECT, createTime:-1, grantor:alex, grantorType:USER, grantOption:true), PrivilegeGrantInfo(privilege:UPDATE, createTime:-1, grantor:alex, grantorType:USER, grantOption:true), PrivilegeGrantInfo(privilege:DELETE, createTime:-1, grantor:alex, grantorType:USER, grantOption:true)]}, groupPrivileges:null, rolePrivileges:null), temporary:false, catName:hive, ownerType:USER)	
2024-04-24T06:30:24,599  INFO [main] utils.FileUtils: Creating directory if it doesn't exist: file:/home/alex/Repositories/hive/ql/target/tmp/org.apache.hadoop.hive.ql.TestTxnCommands-1713965238357/warehouse/nonacidorctbl
2024-04-24T06:30:24,613  INFO [main] metadata.Hive: Dumping metastore api call timing information for : execution phase
2024-04-24T06:30:24,613  INFO [main] metadata.Hive: Total time spent in each metastore function (ms): {createTable_(Table)=19, isCompatibleWith_(Configuration)=0}
2024-04-24T06:30:24,613  INFO [main] ql.Driver: Completed executing command(queryId=alex_20240424063024_b2dbce6a-92c5-4bd1-91dd-e846076636c1); Time taken: 0.021 seconds
2024-04-24T06:30:24,613  INFO [main] lockmgr.DbTxnManager: Stopped heartbeat for query: alex_20240424063024_b2dbce6a-92c5-4bd1-91dd-e846076636c1
2024-04-24T06:30:24,617  INFO [main] txn.TxnHandler: Expected to move at least one record from txn_components to completed_txn_components when committing txn! txnid:9
2024-04-24T06:30:24,623  INFO [main] txn.TxnHandler: Removed transactions: ([9]) from MIN_HISTORY_LEVEL
2024-04-24T06:30:24,624  WARN [main] txn.CompactionTxnHandler: No compaction queue record found for Compaction type transaction commit. txnId:9
2024-04-24T06:30:24,624  INFO [main] ql.TxnCommandsBaseForTests: Running the query: create table nonAcidOrcTbl2(a int, b int) clustered by (a) into 2 buckets stored as orc TBLPROPERTIES ('transactional'='false')
2024-04-24T06:30:24,624  INFO [main] ql.Driver: Compiling command(queryId=alex_20240424063024_19becb3a-c8c6-46eb-a8ba-b325f14049ef): create table nonAcidOrcTbl2(a int, b int) clustered by (a) into 2 buckets stored as orc TBLPROPERTIES ('transactional'='false')
2024-04-24T06:30:24,626  INFO [main] txn.TxnHandler: Added entries to MIN_HISTORY_LEVEL for current txns: ([10]) with min_open_txn: 1
2024-04-24T06:30:24,627  INFO [main] lockmgr.DbTxnManager: Opened txnid:10
2024-04-24T06:30:24,627  INFO [main] parse.CalcitePlanner: Starting caching scope for: 
2024-04-24T06:30:24,627  INFO [main] parse.CalcitePlanner: Starting Semantic Analysis
2024-04-24T06:30:24,630  INFO [main] parse.CalcitePlanner: Creating table default.nonAcidOrcTbl2 position=13
2024-04-24T06:30:24,630  INFO [main] HiveMetaStore.audit: ugi=alex	ip=unknown-ip-addr	cmd=get_database: default	
2024-04-24T06:30:24,632  INFO [main] parse.CalcitePlanner: Ending caching scope for: 
2024-04-24T06:30:24,632  INFO [main] ql.Driver: Semantic Analysis Completed (retrial = false)
2024-04-24T06:30:24,632  INFO [main] ql.Driver: Created Hive schema: Schema(fieldSchemas:null, properties:null)
2024-04-24T06:30:24,632  INFO [main] metadata.Hive: Dumping metastore api call timing information for : compilation phase
2024-04-24T06:30:24,632  INFO [main] metadata.Hive: Total time spent in each metastore function (ms): {getValidTxns_(long)=0, getDatabase_(String)=2, getValidWriteIds_(List, String)=3, commitTxn_(CommitTxnRequest)=11, flushCache_()=0, isCompatibleWith_(Configuration)=0, openTxn_(String, TxnType)=2}
2024-04-24T06:30:24,632  INFO [main] ql.Driver: Completed compiling command(queryId=alex_20240424063024_19becb3a-c8c6-46eb-a8ba-b325f14049ef); Time taken: 0.008 seconds
2024-04-24T06:30:24,632  INFO [main] lockmgr.DbTxnManager: Setting lock request transaction to txnid:10 for queryId=alex_20240424063024_19becb3a-c8c6-46eb-a8ba-b325f14049ef
2024-04-24T06:30:24,632  INFO [main] lockmgr.DbLockManager: Requesting lock for queryId=alex_20240424063024_19becb3a-c8c6-46eb-a8ba-b325f14049ef
2024-04-24T06:30:24,647  INFO [main] lockmgr.DbLockManager: Response to queryId=alex_20240424063024_19becb3a-c8c6-46eb-a8ba-b325f14049ef LockResponse(lockid:4, state:ACQUIRED)
2024-04-24T06:30:24,647  INFO [main] ql.Driver: Operation CREATETABLE obtained 1 locks
2024-04-24T06:30:24,647  INFO [main] ql.Driver: Executing command(queryId=alex_20240424063024_19becb3a-c8c6-46eb-a8ba-b325f14049ef): create table nonAcidOrcTbl2(a int, b int) clustered by (a) into 2 buckets stored as orc TBLPROPERTIES ('transactional'='false')
2024-04-24T06:30:24,647  INFO [main] ql.Driver: Starting task [Stage-0:DDL] in serial mode
2024-04-24T06:30:24,648  INFO [main] HiveMetaStore.audit: ugi=alex	ip=unknown-ip-addr	cmd=create_table_req: Table(tableName:nonAcidOrcTbl2, dbName:default, owner:alex, createTime:1713965424, lastAccessTime:0, retention:0, sd:StorageDescriptor(cols:[FieldSchema(name:a, type:int, comment:null), FieldSchema(name:b, type:int, comment:null)], location:null, inputFormat:org.apache.hadoop.hive.ql.io.orc.OrcInputFormat, outputFormat:org.apache.hadoop.hive.ql.io.orc.OrcOutputFormat, compressed:false, numBuckets:2, serdeInfo:SerDeInfo(name:null, serializationLib:org.apache.hadoop.hive.ql.io.orc.OrcSerde, parameters:{serialization.format=1}), bucketCols:[a], sortCols:[], parameters:{}, skewedInfo:SkewedInfo(skewedColNames:[], skewedColValues:[], skewedColValueLocationMaps:{}), storedAsSubDirectories:false), partitionKeys:[], parameters:{COLUMN_STATS_ACCURATE={"BASIC_STATS":"true","COLUMN_STATS":{"a":"true","b":"true"}}, transactional=false, totalSize=0, bucketing_version=2, numFiles=0, numRows=0, rawDataSize=0, numFilesErasureCoded=0}, viewOriginalText:null, viewExpandedText:null, tableType:MANAGED_TABLE, privileges:PrincipalPrivilegeSet(userPrivileges:{alex=[PrivilegeGrantInfo(privilege:INSERT, createTime:-1, grantor:alex, grantorType:USER, grantOption:true), PrivilegeGrantInfo(privilege:SELECT, createTime:-1, grantor:alex, grantorType:USER, grantOption:true), PrivilegeGrantInfo(privilege:UPDATE, createTime:-1, grantor:alex, grantorType:USER, grantOption:true), PrivilegeGrantInfo(privilege:DELETE, createTime:-1, grantor:alex, grantorType:USER, grantOption:true)]}, groupPrivileges:null, rolePrivileges:null), temporary:false, catName:hive, ownerType:USER)	
2024-04-24T06:30:24,653  INFO [main] utils.FileUtils: Creating directory if it doesn't exist: file:/home/alex/Repositories/hive/ql/target/tmp/org.apache.hadoop.hive.ql.TestTxnCommands-1713965238357/warehouse/nonacidorctbl2
2024-04-24T06:30:24,665  INFO [main] metadata.Hive: Dumping metastore api call timing information for : execution phase
2024-04-24T06:30:24,666  INFO [main] metadata.Hive: Total time spent in each metastore function (ms): {isCompatibleWith_(Configuration)=0, createTable_(Table)=17}
2024-04-24T06:30:24,666  INFO [main] ql.Driver: Completed executing command(queryId=alex_20240424063024_19becb3a-c8c6-46eb-a8ba-b325f14049ef); Time taken: 0.018 seconds
2024-04-24T06:30:24,666  INFO [main] lockmgr.DbTxnManager: Stopped heartbeat for query: alex_20240424063024_19becb3a-c8c6-46eb-a8ba-b325f14049ef
2024-04-24T06:30:24,669  INFO [main] txn.TxnHandler: Expected to move at least one record from txn_components to completed_txn_components when committing txn! txnid:10
2024-04-24T06:30:24,675  INFO [main] txn.TxnHandler: Removed transactions: ([10]) from MIN_HISTORY_LEVEL
2024-04-24T06:30:24,675  WARN [main] txn.CompactionTxnHandler: No compaction queue record found for Compaction type transaction commit. txnId:10
2024-04-24T06:30:24,675  INFO [main] ql.TxnCommandsBaseForTests: Running the query: create temporary  table acidTbl2(a int, b int, c int) clustered by (c) into 2 buckets stored as orc TBLPROPERTIES ('transactional'='true')
2024-04-24T06:30:24,676  INFO [main] ql.Driver: Compiling command(queryId=alex_20240424063024_ab884d98-2b77-4a5c-9973-198f2703c04a): create temporary  table acidTbl2(a int, b int, c int) clustered by (c) into 2 buckets stored as orc TBLPROPERTIES ('transactional'='true')
2024-04-24T06:30:24,678  INFO [main] txn.TxnHandler: Added entries to MIN_HISTORY_LEVEL for current txns: ([11]) with min_open_txn: 1
2024-04-24T06:30:24,678  INFO [main] lockmgr.DbTxnManager: Opened txnid:11
2024-04-24T06:30:24,678  INFO [main] parse.CalcitePlanner: Starting caching scope for: 
2024-04-24T06:30:24,678  INFO [main] parse.CalcitePlanner: Starting Semantic Analysis
2024-04-24T06:30:24,680  INFO [main] parse.CalcitePlanner: Creating table default.acidTbl2 position=24
2024-04-24T06:30:24,681  INFO [main] HiveMetaStore.audit: ugi=alex	ip=unknown-ip-addr	cmd=get_database: default	
2024-04-24T06:30:24,682  INFO [main] parse.CalcitePlanner: Ending caching scope for: 
2024-04-24T06:30:24,682  INFO [main] ql.Driver: Semantic Analysis Completed (retrial = false)
2024-04-24T06:30:24,682  INFO [main] ql.Driver: Created Hive schema: Schema(fieldSchemas:null, properties:null)
2024-04-24T06:30:24,682  INFO [main] metadata.Hive: Dumping metastore api call timing information for : compilation phase
2024-04-24T06:30:24,682  INFO [main] metadata.Hive: Total time spent in each metastore function (ms): {openTxn_(String, TxnType)=2, commitTxn_(CommitTxnRequest)=9, getDatabase_(String)=1, getValidWriteIds_(List, String)=2, getValidTxns_(long)=0, flushCache_()=0, isCompatibleWith_(Configuration)=0}
2024-04-24T06:30:24,683  INFO [main] ql.Driver: Completed compiling command(queryId=alex_20240424063024_ab884d98-2b77-4a5c-9973-198f2703c04a); Time taken: 0.006 seconds
2024-04-24T06:30:24,683  INFO [main] lockmgr.DbTxnManager: Setting lock request transaction to txnid:11 for queryId=alex_20240424063024_ab884d98-2b77-4a5c-9973-198f2703c04a
2024-04-24T06:30:24,683  INFO [main] lockmgr.DbLockManager: Requesting lock for queryId=alex_20240424063024_ab884d98-2b77-4a5c-9973-198f2703c04a
2024-04-24T06:30:24,697  INFO [main] lockmgr.DbLockManager: Response to queryId=alex_20240424063024_ab884d98-2b77-4a5c-9973-198f2703c04a LockResponse(lockid:5, state:ACQUIRED)
2024-04-24T06:30:24,697  INFO [main] ql.Driver: Operation CREATETABLE obtained 1 locks
2024-04-24T06:30:24,698  INFO [main] ql.Driver: Executing command(queryId=alex_20240424063024_ab884d98-2b77-4a5c-9973-198f2703c04a): create temporary  table acidTbl2(a int, b int, c int) clustered by (c) into 2 buckets stored as orc TBLPROPERTIES ('transactional'='true')
2024-04-24T06:30:24,698  INFO [main] ql.Driver: Starting task [Stage-0:DDL] in serial mode
2024-04-24T06:30:24,700  INFO [main] utils.FileUtils: Creating directory if it doesn't exist: file:/home/alex/Repositories/hive/ql/target/tmp/scratchdir/alex/018ba1e0-33b9-4cc4-b836-28f5856132df/_tmp_space.db/edec8e26-7b1c-46b9-8015-1cf8f1228da0
2024-04-24T06:30:24,703  INFO [main] metadata.Hive: Dumping metastore api call timing information for : execution phase
2024-04-24T06:30:24,703  INFO [main] metadata.Hive: Total time spent in each metastore function (ms): {isCompatibleWith_(Configuration)=1, createTable_(Table)=2}
2024-04-24T06:30:24,703  INFO [main] ql.Driver: Completed executing command(queryId=alex_20240424063024_ab884d98-2b77-4a5c-9973-198f2703c04a); Time taken: 0.005 seconds
2024-04-24T06:30:24,703  INFO [main] lockmgr.DbTxnManager: Stopped heartbeat for query: alex_20240424063024_ab884d98-2b77-4a5c-9973-198f2703c04a
2024-04-24T06:30:24,707  INFO [main] txn.TxnHandler: Expected to move at least one record from txn_components to completed_txn_components when committing txn! txnid:11
2024-04-24T06:30:24,712  INFO [main] txn.TxnHandler: Removed transactions: ([11]) from MIN_HISTORY_LEVEL
2024-04-24T06:30:24,712  WARN [main] txn.CompactionTxnHandler: No compaction queue record found for Compaction type transaction commit. txnId:11
2024-04-24T06:30:24,712  INFO [main] ql.TxnCommandsBaseForTests: Running the query: create table nonAcidNonBucket(a int, b int) stored as orc TBLPROPERTIES ('transactional'='false')
2024-04-24T06:30:24,713  INFO [main] ql.Driver: Compiling command(queryId=alex_20240424063024_917269a6-750d-4e0a-a468-cf1484dd27c7): create table nonAcidNonBucket(a int, b int) stored as orc TBLPROPERTIES ('transactional'='false')
2024-04-24T06:30:24,715  INFO [main] txn.TxnHandler: Added entries to MIN_HISTORY_LEVEL for current txns: ([12]) with min_open_txn: 1
2024-04-24T06:30:24,715  INFO [main] lockmgr.DbTxnManager: Opened txnid:12
2024-04-24T06:30:24,715  INFO [main] parse.CalcitePlanner: Starting caching scope for: 
2024-04-24T06:30:24,715  INFO [main] parse.CalcitePlanner: Starting Semantic Analysis
2024-04-24T06:30:24,717  INFO [main] parse.CalcitePlanner: Creating table default.nonAcidNonBucket position=13
2024-04-24T06:30:24,717  INFO [main] HiveMetaStore.audit: ugi=alex	ip=unknown-ip-addr	cmd=get_database: default	
2024-04-24T06:30:24,719  INFO [main] parse.CalcitePlanner: Ending caching scope for: 
2024-04-24T06:30:24,719  INFO [main] ql.Driver: Semantic Analysis Completed (retrial = false)
2024-04-24T06:30:24,719  INFO [main] ql.Driver: Created Hive schema: Schema(fieldSchemas:null, properties:null)
2024-04-24T06:30:24,719  INFO [main] metadata.Hive: Dumping metastore api call timing information for : compilation phase
2024-04-24T06:30:24,719  INFO [main] metadata.Hive: Total time spent in each metastore function (ms): {getDatabase_(String)=2, getValidWriteIds_(List, String)=2, openTxn_(String, TxnType)=2, isCompatibleWith_(Configuration)=0, commitTxn_(CommitTxnRequest)=9, getValidTxns_(long)=0, flushCache_()=0}
2024-04-24T06:30:24,720  INFO [main] ql.Driver: Completed compiling command(queryId=alex_20240424063024_917269a6-750d-4e0a-a468-cf1484dd27c7); Time taken: 0.006 seconds
2024-04-24T06:30:24,720  INFO [main] lockmgr.DbTxnManager: Setting lock request transaction to txnid:12 for queryId=alex_20240424063024_917269a6-750d-4e0a-a468-cf1484dd27c7
2024-04-24T06:30:24,720  INFO [main] lockmgr.DbLockManager: Requesting lock for queryId=alex_20240424063024_917269a6-750d-4e0a-a468-cf1484dd27c7
2024-04-24T06:30:24,734  INFO [main] lockmgr.DbLockManager: Response to queryId=alex_20240424063024_917269a6-750d-4e0a-a468-cf1484dd27c7 LockResponse(lockid:6, state:ACQUIRED)
2024-04-24T06:30:24,734  INFO [main] ql.Driver: Operation CREATETABLE obtained 1 locks
2024-04-24T06:30:24,734  INFO [main] ql.Driver: Executing command(queryId=alex_20240424063024_917269a6-750d-4e0a-a468-cf1484dd27c7): create table nonAcidNonBucket(a int, b int) stored as orc TBLPROPERTIES ('transactional'='false')
2024-04-24T06:30:24,734  INFO [main] ql.Driver: Starting task [Stage-0:DDL] in serial mode
2024-04-24T06:30:24,734  INFO [main] HiveMetaStore.audit: ugi=alex	ip=unknown-ip-addr	cmd=create_table_req: Table(tableName:nonAcidNonBucket, dbName:default, owner:alex, createTime:1713965424, lastAccessTime:0, retention:0, sd:StorageDescriptor(cols:[FieldSchema(name:a, type:int, comment:null), FieldSchema(name:b, type:int, comment:null)], location:null, inputFormat:org.apache.hadoop.hive.ql.io.orc.OrcInputFormat, outputFormat:org.apache.hadoop.hive.ql.io.orc.OrcOutputFormat, compressed:false, numBuckets:-1, serdeInfo:SerDeInfo(name:null, serializationLib:org.apache.hadoop.hive.ql.io.orc.OrcSerde, parameters:{serialization.format=1}), bucketCols:[], sortCols:[], parameters:{}, skewedInfo:SkewedInfo(skewedColNames:[], skewedColValues:[], skewedColValueLocationMaps:{}), storedAsSubDirectories:false), partitionKeys:[], parameters:{totalSize=0, numFilesErasureCoded=0, transactional=false, numRows=0, rawDataSize=0, COLUMN_STATS_ACCURATE={"BASIC_STATS":"true","COLUMN_STATS":{"a":"true","b":"true"}}, bucketing_version=2, numFiles=0}, viewOriginalText:null, viewExpandedText:null, tableType:MANAGED_TABLE, privileges:PrincipalPrivilegeSet(userPrivileges:{alex=[PrivilegeGrantInfo(privilege:INSERT, createTime:-1, grantor:alex, grantorType:USER, grantOption:true), PrivilegeGrantInfo(privilege:SELECT, createTime:-1, grantor:alex, grantorType:USER, grantOption:true), PrivilegeGrantInfo(privilege:UPDATE, createTime:-1, grantor:alex, grantorType:USER, grantOption:true), PrivilegeGrantInfo(privilege:DELETE, createTime:-1, grantor:alex, grantorType:USER, grantOption:true)]}, groupPrivileges:null, rolePrivileges:null), temporary:false, catName:hive, ownerType:USER)	
2024-04-24T06:30:24,742  INFO [main] utils.FileUtils: Creating directory if it doesn't exist: file:/home/alex/Repositories/hive/ql/target/tmp/org.apache.hadoop.hive.ql.TestTxnCommands-1713965238357/warehouse/nonacidnonbucket
2024-04-24T06:30:24,754  INFO [main] metadata.Hive: Dumping metastore api call timing information for : execution phase
2024-04-24T06:30:24,754  INFO [main] metadata.Hive: Total time spent in each metastore function (ms): {createTable_(Table)=20, isCompatibleWith_(Configuration)=0}
2024-04-24T06:30:24,754  INFO [main] ql.Driver: Completed executing command(queryId=alex_20240424063024_917269a6-750d-4e0a-a468-cf1484dd27c7); Time taken: 0.02 seconds
2024-04-24T06:30:24,754  INFO [main] lockmgr.DbTxnManager: Stopped heartbeat for query: alex_20240424063024_917269a6-750d-4e0a-a468-cf1484dd27c7
2024-04-24T06:30:24,758  INFO [main] txn.TxnHandler: Expected to move at least one record from txn_components to completed_txn_components when committing txn! txnid:12
2024-04-24T06:30:24,763  INFO [main] txn.TxnHandler: Removed transactions: ([12]) from MIN_HISTORY_LEVEL
2024-04-24T06:30:24,763  WARN [main] txn.CompactionTxnHandler: No compaction queue record found for Compaction type transaction commit. txnId:12
2024-04-24T06:30:24,764  INFO [main] ql.TxnCommandsBaseForTests: Running the query: drop table if exists `aci/d_u/ami`
2024-04-24T06:30:24,764  INFO [main] ql.Driver: Compiling command(queryId=alex_20240424063024_ce6fffb9-9e9d-44e7-9272-3ad6870e0d3c): drop table if exists `aci/d_u/ami`
2024-04-24T06:30:24,766  INFO [main] txn.TxnHandler: Added entries to MIN_HISTORY_LEVEL for current txns: ([13]) with min_open_txn: 1
2024-04-24T06:30:24,766  INFO [main] lockmgr.DbTxnManager: Opened txnid:13
2024-04-24T06:30:24,767  INFO [main] HiveMetaStore.audit: ugi=alex	ip=unknown-ip-addr	cmd=get_table : tbl=hive.default.aci/d_u/ami	
2024-04-24T06:30:24,783  INFO [main] metastore.HMSHandler: Skipping translation for processor with null
2024-04-24T06:30:24,783  INFO [main] ql.Driver: Semantic Analysis Completed (retrial = false)
2024-04-24T06:30:24,784  INFO [main] ql.Driver: Created Hive schema: Schema(fieldSchemas:null, properties:null)
2024-04-24T06:30:24,784  INFO [main] metadata.Hive: Dumping metastore api call timing information for : compilation phase
2024-04-24T06:30:24,784  INFO [main] metadata.Hive: Total time spent in each metastore function (ms): {getValidTxns_(long)=1, openTxn_(String, TxnType)=2, getTable_(GetTableRequest)=16, isCompatibleWith_(Configuration)=0, flushCache_()=0, commitTxn_(CommitTxnRequest)=10}
2024-04-24T06:30:24,784  INFO [main] ql.Driver: Completed compiling command(queryId=alex_20240424063024_ce6fffb9-9e9d-44e7-9272-3ad6870e0d3c); Time taken: 0.02 seconds
2024-04-24T06:30:24,784  INFO [main] lockmgr.DbTxnManager: Setting lock request transaction to txnid:13 for queryId=alex_20240424063024_ce6fffb9-9e9d-44e7-9272-3ad6870e0d3c
2024-04-24T06:30:24,785  INFO [main] lockmgr.DbLockManager: Requesting lock for queryId=alex_20240424063024_ce6fffb9-9e9d-44e7-9272-3ad6870e0d3c
2024-04-24T06:30:24,801  INFO [main] lockmgr.DbLockManager: Response to queryId=alex_20240424063024_ce6fffb9-9e9d-44e7-9272-3ad6870e0d3c LockResponse(lockid:7, state:ACQUIRED)
2024-04-24T06:30:24,801  INFO [main] ql.Driver: Operation DROPTABLE obtained 1 locks
2024-04-24T06:30:24,801  INFO [main] ql.Driver: Executing command(queryId=alex_20240424063024_ce6fffb9-9e9d-44e7-9272-3ad6870e0d3c): drop table if exists `aci/d_u/ami`
2024-04-24T06:30:24,801  INFO [main] ql.Driver: Starting task [Stage-0:DDL] in serial mode
2024-04-24T06:30:24,801  INFO [main] HiveMetaStore.audit: ugi=alex	ip=unknown-ip-addr	cmd=get_table : tbl=hive.default.aci/d_u/ami	
2024-04-24T06:30:24,807  INFO [main] metastore.HMSHandler: Skipping translation for processor with null
2024-04-24T06:30:24,807  INFO [main] HiveMetaStore.audit: ugi=alex	ip=unknown-ip-addr	cmd=get_table : tbl=hive.default.aci/d_u/ami	
2024-04-24T06:30:24,813  INFO [main] metastore.HMSHandler: Skipping translation for processor with null
2024-04-24T06:30:24,813  INFO [main] HiveMetaStore.audit: ugi=alex	ip=unknown-ip-addr	cmd=drop_table : tbl=hive.default.aci/d_u/ami	
2024-04-24T06:30:24,907  WARN [main] utils.FileUtils: File file:/home/alex/Repositories/hive/ql/target/tmp/org.apache.hadoop.hive.ql.TestTxnCommands-1713965238357/warehouse/aci-47-d_u-47-ami does not exist; Force to delete it.
2024-04-24T06:30:24,907 ERROR [main] utils.FileUtils: Failed to delete file:/home/alex/Repositories/hive/ql/target/tmp/org.apache.hadoop.hive.ql.TestTxnCommands-1713965238357/warehouse/aci-47-d_u-47-ami
2024-04-24T06:30:24,907  INFO [main] metadata.Hive: Dumping metastore api call timing information for : execution phase
2024-04-24T06:30:24,907  INFO [main] metadata.Hive: Total time spent in each metastore function (ms): {getTable_(GetTableRequest)=6, dropTable_(String, String, boolean, boolean, boolean)=100, isCompatibleWith_(Configuration)=0}
2024-04-24T06:30:24,908  INFO [main] ql.Driver: Completed executing command(queryId=alex_20240424063024_ce6fffb9-9e9d-44e7-9272-3ad6870e0d3c); Time taken: 0.106 seconds
2024-04-24T06:30:24,908  INFO [main] lockmgr.DbTxnManager: Stopped heartbeat for query: alex_20240424063024_ce6fffb9-9e9d-44e7-9272-3ad6870e0d3c
2024-04-24T06:30:24,911  INFO [main] txn.TxnHandler: Expected to move at least one record from txn_components to completed_txn_components when committing txn! txnid:13
2024-04-24T06:30:24,917  INFO [main] txn.TxnHandler: Removed transactions: ([13]) from MIN_HISTORY_LEVEL
2024-04-24T06:30:24,917  WARN [main] txn.CompactionTxnHandler: No compaction queue record found for Compaction type transaction commit. txnId:13
2024-04-24T06:30:24,917  INFO [main] ql.TxnCommandsBaseForTests: Running the query: drop table if exists `src/name`
2024-04-24T06:30:24,917  INFO [main] ql.Driver: Compiling command(queryId=alex_20240424063024_4085b34a-8415-4cd2-bde6-a36bb6dbb45d): drop table if exists `src/name`
2024-04-24T06:30:24,919  INFO [main] txn.TxnHandler: Added entries to MIN_HISTORY_LEVEL for current txns: ([14]) with min_open_txn: 1
2024-04-24T06:30:24,919  INFO [main] lockmgr.DbTxnManager: Opened txnid:14
2024-04-24T06:30:24,920  INFO [main] HiveMetaStore.audit: ugi=alex	ip=unknown-ip-addr	cmd=get_table : tbl=hive.default.src/name	
2024-04-24T06:30:24,938  INFO [main] metastore.HMSHandler: Skipping translation for processor with null
2024-04-24T06:30:24,939  INFO [main] ql.Driver: Semantic Analysis Completed (retrial = false)
2024-04-24T06:30:24,939  INFO [main] ql.Driver: Created Hive schema: Schema(fieldSchemas:null, properties:null)
2024-04-24T06:30:24,939  INFO [main] metadata.Hive: Dumping metastore api call timing information for : compilation phase
2024-04-24T06:30:24,939  INFO [main] metadata.Hive: Total time spent in each metastore function (ms): {getValidTxns_(long)=0, openTxn_(String, TxnType)=1, commitTxn_(CommitTxnRequest)=9, flushCache_()=0, isCompatibleWith_(Configuration)=0, getTable_(GetTableRequest)=19}
2024-04-24T06:30:24,939  INFO [main] ql.Driver: Completed compiling command(queryId=alex_20240424063024_4085b34a-8415-4cd2-bde6-a36bb6dbb45d); Time taken: 0.022 seconds
2024-04-24T06:30:24,939  INFO [main] lockmgr.DbTxnManager: Setting lock request transaction to txnid:14 for queryId=alex_20240424063024_4085b34a-8415-4cd2-bde6-a36bb6dbb45d
2024-04-24T06:30:24,940  INFO [main] lockmgr.DbLockManager: Requesting lock for queryId=alex_20240424063024_4085b34a-8415-4cd2-bde6-a36bb6dbb45d
2024-04-24T06:30:24,953  INFO [main] lockmgr.DbLockManager: Response to queryId=alex_20240424063024_4085b34a-8415-4cd2-bde6-a36bb6dbb45d LockResponse(lockid:8, state:ACQUIRED)
2024-04-24T06:30:24,953  INFO [main] ql.Driver: Operation DROPTABLE obtained 1 locks
2024-04-24T06:30:24,953  INFO [main] ql.Driver: Executing command(queryId=alex_20240424063024_4085b34a-8415-4cd2-bde6-a36bb6dbb45d): drop table if exists `src/name`
2024-04-24T06:30:24,953  INFO [main] ql.Driver: Starting task [Stage-0:DDL] in serial mode
2024-04-24T06:30:24,953  INFO [main] HiveMetaStore.audit: ugi=alex	ip=unknown-ip-addr	cmd=get_table : tbl=hive.default.src/name	
2024-04-24T06:30:24,961  INFO [main] metastore.HMSHandler: Skipping translation for processor with null
2024-04-24T06:30:24,961  INFO [main] HiveMetaStore.audit: ugi=alex	ip=unknown-ip-addr	cmd=get_table : tbl=hive.default.src/name	
2024-04-24T06:30:24,968  INFO [main] metastore.HMSHandler: Skipping translation for processor with null
2024-04-24T06:30:24,968  INFO [main] HiveMetaStore.audit: ugi=alex	ip=unknown-ip-addr	cmd=drop_table : tbl=hive.default.src/name	
2024-04-24T06:30:24,995  WARN [main] utils.FileUtils: File file:/home/alex/Repositories/hive/ql/target/tmp/org.apache.hadoop.hive.ql.TestTxnCommands-1713965238357/warehouse/src-47-name does not exist; Force to delete it.
2024-04-24T06:30:24,996 ERROR [main] utils.FileUtils: Failed to delete file:/home/alex/Repositories/hive/ql/target/tmp/org.apache.hadoop.hive.ql.TestTxnCommands-1713965238357/warehouse/src-47-name
2024-04-24T06:30:24,996  INFO [main] metadata.Hive: Dumping metastore api call timing information for : execution phase
2024-04-24T06:30:24,996  INFO [main] metadata.Hive: Total time spent in each metastore function (ms): {isCompatibleWith_(Configuration)=0, dropTable_(String, String, boolean, boolean, boolean)=35, getTable_(GetTableRequest)=8}
2024-04-24T06:30:24,996  INFO [main] ql.Driver: Completed executing command(queryId=alex_20240424063024_4085b34a-8415-4cd2-bde6-a36bb6dbb45d); Time taken: 0.043 seconds
2024-04-24T06:30:24,996  INFO [main] lockmgr.DbTxnManager: Stopped heartbeat for query: alex_20240424063024_4085b34a-8415-4cd2-bde6-a36bb6dbb45d
2024-04-24T06:30:25,000  INFO [main] txn.TxnHandler: Expected to move at least one record from txn_components to completed_txn_components when committing txn! txnid:14
2024-04-24T06:30:25,005  INFO [main] txn.TxnHandler: Removed transactions: ([14]) from MIN_HISTORY_LEVEL
2024-04-24T06:30:25,005  WARN [main] txn.CompactionTxnHandler: No compaction queue record found for Compaction type transaction commit. txnId:14
2024-04-24T06:30:25,006  INFO [main] ql.TxnCommandsBaseForTests: Running the query: create table `aci/d_u/ami`(i int,`d?*de e` decimal(5,2),vc varchar(128)) clustered by (i) into 2 buckets stored as orc TBLPROPERTIES ('transactional'='true')
2024-04-24T06:30:25,006  INFO [main] ql.Driver: Compiling command(queryId=alex_20240424063025_f4723efe-e10b-4e9a-a1a1-d76e51f1075d): create table `aci/d_u/ami`(i int,`d?*de e` decimal(5,2),vc varchar(128)) clustered by (i) into 2 buckets stored as orc TBLPROPERTIES ('transactional'='true')
2024-04-24T06:30:25,008  INFO [main] txn.TxnHandler: Added entries to MIN_HISTORY_LEVEL for current txns: ([15]) with min_open_txn: 1
2024-04-24T06:30:25,008  INFO [main] lockmgr.DbTxnManager: Opened txnid:15
2024-04-24T06:30:25,009  INFO [main] parse.CalcitePlanner: Starting caching scope for: 
2024-04-24T06:30:25,009  INFO [main] parse.CalcitePlanner: Starting Semantic Analysis
2024-04-24T06:30:25,014  INFO [main] parse.CalcitePlanner: Creating table default.aci/d_u/ami position=13
2024-04-24T06:30:25,014  INFO [main] HiveMetaStore.audit: ugi=alex	ip=unknown-ip-addr	cmd=get_database: default	
2024-04-24T06:30:25,015  INFO [main] parse.CalcitePlanner: Ending caching scope for: 
2024-04-24T06:30:25,015  INFO [main] ql.Driver: Semantic Analysis Completed (retrial = false)
2024-04-24T06:30:25,015  INFO [main] ql.Driver: Created Hive schema: Schema(fieldSchemas:null, properties:null)
2024-04-24T06:30:25,015  INFO [main] metadata.Hive: Dumping metastore api call timing information for : compilation phase
2024-04-24T06:30:25,016  INFO [main] metadata.Hive: Total time spent in each metastore function (ms): {getValidWriteIds_(List, String)=5, isCompatibleWith_(Configuration)=2, openTxn_(String, TxnType)=1, getDatabase_(String)=1, commitTxn_(CommitTxnRequest)=10, flushCache_()=0, getValidTxns_(long)=0}
2024-04-24T06:30:25,016  INFO [main] ql.Driver: Completed compiling command(queryId=alex_20240424063025_f4723efe-e10b-4e9a-a1a1-d76e51f1075d); Time taken: 0.009 seconds
2024-04-24T06:30:25,016  INFO [main] lockmgr.DbTxnManager: Setting lock request transaction to txnid:15 for queryId=alex_20240424063025_f4723efe-e10b-4e9a-a1a1-d76e51f1075d
2024-04-24T06:30:25,016  INFO [main] lockmgr.DbLockManager: Requesting lock for queryId=alex_20240424063025_f4723efe-e10b-4e9a-a1a1-d76e51f1075d
2024-04-24T06:30:25,029  INFO [main] lockmgr.DbLockManager: Response to queryId=alex_20240424063025_f4723efe-e10b-4e9a-a1a1-d76e51f1075d LockResponse(lockid:9, state:ACQUIRED)
2024-04-24T06:30:25,029  INFO [main] ql.Driver: Operation CREATETABLE obtained 1 locks
2024-04-24T06:30:25,030  INFO [main] ql.Driver: Executing command(queryId=alex_20240424063025_f4723efe-e10b-4e9a-a1a1-d76e51f1075d): create table `aci/d_u/ami`(i int,`d?*de e` decimal(5,2),vc varchar(128)) clustered by (i) into 2 buckets stored as orc TBLPROPERTIES ('transactional'='true')
2024-04-24T06:30:25,030  INFO [main] ql.Driver: Starting task [Stage-0:DDL] in serial mode
2024-04-24T06:30:25,030  INFO [main] HiveMetaStore.audit: ugi=alex	ip=unknown-ip-addr	cmd=create_table_req: Table(tableName:aci/d_u/ami, dbName:default, owner:alex, createTime:1713965425, lastAccessTime:0, retention:0, sd:StorageDescriptor(cols:[FieldSchema(name:i, type:int, comment:null), FieldSchema(name:d?*de e, type:decimal(5,2), comment:null), FieldSchema(name:vc, type:varchar(128), comment:null)], location:null, inputFormat:org.apache.hadoop.hive.ql.io.orc.OrcInputFormat, outputFormat:org.apache.hadoop.hive.ql.io.orc.OrcOutputFormat, compressed:false, numBuckets:2, serdeInfo:SerDeInfo(name:null, serializationLib:org.apache.hadoop.hive.ql.io.orc.OrcSerde, parameters:{serialization.format=1}), bucketCols:[i], sortCols:[], parameters:{}, skewedInfo:SkewedInfo(skewedColNames:[], skewedColValues:[], skewedColValueLocationMaps:{}), storedAsSubDirectories:false), partitionKeys:[], parameters:{numRows=0, rawDataSize=0, totalSize=0, bucketing_version=2, numFilesErasureCoded=0, COLUMN_STATS_ACCURATE={"BASIC_STATS":"true","COLUMN_STATS":{"d?*de e":"true","i":"true","vc":"true"}}, transactional=true, numFiles=0}, viewOriginalText:null, viewExpandedText:null, tableType:MANAGED_TABLE, privileges:PrincipalPrivilegeSet(userPrivileges:{alex=[PrivilegeGrantInfo(privilege:INSERT, createTime:-1, grantor:alex, grantorType:USER, grantOption:true), PrivilegeGrantInfo(privilege:SELECT, createTime:-1, grantor:alex, grantorType:USER, grantOption:true), PrivilegeGrantInfo(privilege:UPDATE, createTime:-1, grantor:alex, grantorType:USER, grantOption:true), PrivilegeGrantInfo(privilege:DELETE, createTime:-1, grantor:alex, grantorType:USER, grantOption:true)]}, groupPrivileges:null, rolePrivileges:null), temporary:false, catName:hive, ownerType:USER, writeId:0)	
2024-04-24T06:30:25,035  INFO [main] utils.FileUtils: Creating directory if it doesn't exist: file:/home/alex/Repositories/hive/ql/target/tmp/org.apache.hadoop.hive.ql.TestTxnCommands-1713965238357/warehouse/aci-47-d_u-47-ami
2024-04-24T06:30:25,067  INFO [main] metadata.Hive: Dumping metastore api call timing information for : execution phase
2024-04-24T06:30:25,067  INFO [main] metadata.Hive: Total time spent in each metastore function (ms): {isCompatibleWith_(Configuration)=0, createTable_(Table)=37}
2024-04-24T06:30:25,067  INFO [main] ql.Driver: Completed executing command(queryId=alex_20240424063025_f4723efe-e10b-4e9a-a1a1-d76e51f1075d); Time taken: 0.037 seconds
2024-04-24T06:30:25,067  INFO [main] lockmgr.DbTxnManager: Stopped heartbeat for query: alex_20240424063025_f4723efe-e10b-4e9a-a1a1-d76e51f1075d
2024-04-24T06:30:25,071  INFO [main] txn.TxnHandler: Expected to move at least one record from txn_components to completed_txn_components when committing txn! txnid:15
2024-04-24T06:30:25,076  INFO [main] txn.TxnHandler: Removed transactions: ([15]) from MIN_HISTORY_LEVEL
2024-04-24T06:30:25,076  WARN [main] txn.CompactionTxnHandler: No compaction queue record found for Compaction type transaction commit. txnId:15
2024-04-24T06:30:25,077  INFO [main] ql.TxnCommandsBaseForTests: Running the query: create table `src/name`(`g/h` int, j decimal(5,2), k varchar(128))
2024-04-24T06:30:25,077  INFO [main] ql.Driver: Compiling command(queryId=alex_20240424063025_11db1c62-c3cd-4986-b9b7-54007cf93c95): create table `src/name`(`g/h` int, j decimal(5,2), k varchar(128))
2024-04-24T06:30:25,079  INFO [main] txn.TxnHandler: Added entries to MIN_HISTORY_LEVEL for current txns: ([16]) with min_open_txn: 1
2024-04-24T06:30:25,080  INFO [main] lockmgr.DbTxnManager: Opened txnid:16
2024-04-24T06:30:25,080  INFO [main] parse.CalcitePlanner: Starting caching scope for: 
2024-04-24T06:30:25,080  INFO [main] parse.CalcitePlanner: Starting Semantic Analysis
2024-04-24T06:30:25,082  INFO [main] parse.CalcitePlanner: Creating table default.src/name position=13
2024-04-24T06:30:25,083  INFO [main] HiveMetaStore.audit: ugi=alex	ip=unknown-ip-addr	cmd=get_database: default	
2024-04-24T06:30:25,084  INFO [main] parse.CalcitePlanner: Ending caching scope for: 
2024-04-24T06:30:25,084  INFO [main] ql.Driver: Semantic Analysis Completed (retrial = false)
2024-04-24T06:30:25,084  INFO [main] ql.Driver: Created Hive schema: Schema(fieldSchemas:null, properties:null)
2024-04-24T06:30:25,084  INFO [main] metadata.Hive: Dumping metastore api call timing information for : compilation phase
2024-04-24T06:30:25,084  INFO [main] metadata.Hive: Total time spent in each metastore function (ms): {getValidTxns_(long)=0, openTxn_(String, TxnType)=3, getDatabase_(String)=1, getValidWriteIds_(List, String)=2, flushCache_()=0, commitTxn_(CommitTxnRequest)=10, isCompatibleWith_(Configuration)=0}
2024-04-24T06:30:25,084  INFO [main] ql.Driver: Completed compiling command(queryId=alex_20240424063025_11db1c62-c3cd-4986-b9b7-54007cf93c95); Time taken: 0.007 seconds
2024-04-24T06:30:25,085  INFO [main] lockmgr.DbTxnManager: Setting lock request transaction to txnid:16 for queryId=alex_20240424063025_11db1c62-c3cd-4986-b9b7-54007cf93c95
2024-04-24T06:30:25,085  INFO [main] lockmgr.DbLockManager: Requesting lock for queryId=alex_20240424063025_11db1c62-c3cd-4986-b9b7-54007cf93c95
2024-04-24T06:30:25,101  INFO [main] lockmgr.DbLockManager: Response to queryId=alex_20240424063025_11db1c62-c3cd-4986-b9b7-54007cf93c95 LockResponse(lockid:10, state:ACQUIRED)
2024-04-24T06:30:25,101  INFO [main] ql.Driver: Operation CREATETABLE obtained 1 locks
2024-04-24T06:30:25,101  INFO [main] ql.Driver: Executing command(queryId=alex_20240424063025_11db1c62-c3cd-4986-b9b7-54007cf93c95): create table `src/name`(`g/h` int, j decimal(5,2), k varchar(128))
2024-04-24T06:30:25,101  INFO [main] ql.Driver: Starting task [Stage-0:DDL] in serial mode
2024-04-24T06:30:25,102  INFO [main] HiveMetaStore.audit: ugi=alex	ip=unknown-ip-addr	cmd=create_table_req: Table(tableName:src/name, dbName:default, owner:alex, createTime:1713965425, lastAccessTime:0, retention:0, sd:StorageDescriptor(cols:[FieldSchema(name:g/h, type:int, comment:null), FieldSchema(name:j, type:decimal(5,2), comment:null), FieldSchema(name:k, type:varchar(128), comment:null)], location:null, inputFormat:org.apache.hadoop.mapred.TextInputFormat, outputFormat:org.apache.hadoop.hive.ql.io.HiveIgnoreKeyTextOutputFormat, compressed:false, numBuckets:-1, serdeInfo:SerDeInfo(name:null, serializationLib:org.apache.hadoop.hive.serde2.lazy.LazySimpleSerDe, parameters:{serialization.format=1}), bucketCols:[], sortCols:[], parameters:{}, skewedInfo:SkewedInfo(skewedColNames:[], skewedColValues:[], skewedColValueLocationMaps:{}), storedAsSubDirectories:false), partitionKeys:[], parameters:{totalSize=0, bucketing_version=2, numFiles=0, COLUMN_STATS_ACCURATE={"BASIC_STATS":"true","COLUMN_STATS":{"g/h":"true","j":"true","k":"true"}}, rawDataSize=0, numRows=0, numFilesErasureCoded=0}, viewOriginalText:null, viewExpandedText:null, tableType:MANAGED_TABLE, privileges:PrincipalPrivilegeSet(userPrivileges:{alex=[PrivilegeGrantInfo(privilege:INSERT, createTime:-1, grantor:alex, grantorType:USER, grantOption:true), PrivilegeGrantInfo(privilege:SELECT, createTime:-1, grantor:alex, grantorType:USER, grantOption:true), PrivilegeGrantInfo(privilege:UPDATE, createTime:-1, grantor:alex, grantorType:USER, grantOption:true), PrivilegeGrantInfo(privilege:DELETE, createTime:-1, grantor:alex, grantorType:USER, grantOption:true)]}, groupPrivileges:null, rolePrivileges:null), temporary:false, catName:hive, ownerType:USER)	
2024-04-24T06:30:25,107  INFO [main] utils.FileUtils: Creating directory if it doesn't exist: file:/home/alex/Repositories/hive/ql/target/tmp/org.apache.hadoop.hive.ql.TestTxnCommands-1713965238357/warehouse/src-47-name
2024-04-24T06:30:25,119  INFO [main] metadata.Hive: Dumping metastore api call timing information for : execution phase
2024-04-24T06:30:25,119  INFO [main] metadata.Hive: Total time spent in each metastore function (ms): {createTable_(Table)=17, isCompatibleWith_(Configuration)=0}
2024-04-24T06:30:25,119  INFO [main] ql.Driver: Completed executing command(queryId=alex_20240424063025_11db1c62-c3cd-4986-b9b7-54007cf93c95); Time taken: 0.018 seconds
2024-04-24T06:30:25,120  INFO [main] lockmgr.DbTxnManager: Stopped heartbeat for query: alex_20240424063025_11db1c62-c3cd-4986-b9b7-54007cf93c95
2024-04-24T06:30:25,125  INFO [main] txn.TxnHandler: Expected to move at least one record from txn_components to completed_txn_components when committing txn! txnid:16
2024-04-24T06:30:25,132  INFO [main] txn.TxnHandler: Removed transactions: ([16]) from MIN_HISTORY_LEVEL
2024-04-24T06:30:25,132  WARN [main] txn.CompactionTxnHandler: No compaction queue record found for Compaction type transaction commit. txnId:16
2024-04-24T06:30:25,132  INFO [main] ql.TxnCommandsBaseForTests: Running the query: merge into `aci/d_u/ami` as `d/8` using `src/name` as `a/b` on i=`g/h`
when matched and `g/h` > 5 then delete 
when matched and `g/h` < 0 then update set vc='∆∋', `d?*de e` =  `d?*de e` * j + 1
when not matched and `d?*de e` <> 0 then insert values(`a/b`.`g/h`,`a/b`.j,`a/b`.k)
2024-04-24T06:30:25,133  INFO [main] ql.Driver: Compiling command(queryId=alex_20240424063025_21dfeeb8-5599-40c4-be61-227d0c0a9631): merge into `aci/d_u/ami` as `d/8` using `src/name` as `a/b` on i=`g/h`
when matched and `g/h` > 5 then delete 
when matched and `g/h` < 0 then update set vc='∆∋', `d?*de e` =  `d?*de e` * j + 1
when not matched and `d?*de e` <> 0 then insert values(`a/b`.`g/h`,`a/b`.j,`a/b`.k)
2024-04-24T06:30:25,138  INFO [main] txn.TxnHandler: Added entries to MIN_HISTORY_LEVEL for current txns: ([17]) with min_open_txn: 1
2024-04-24T06:30:25,138  INFO [main] lockmgr.DbTxnManager: Opened txnid:17
2024-04-24T06:30:25,139  INFO [main] parse.MergeSemanticAnalyzer: Starting caching scope for: 
2024-04-24T06:30:25,139  INFO [main] HiveMetaStore.audit: ugi=alex	ip=unknown-ip-addr	cmd=get_table : tbl=hive.default.aci/d_u/ami	
2024-04-24T06:30:25,158  INFO [main] metastore.HMSHandler: Skipping translation for processor with null
2024-04-24T06:30:25,159  INFO [main] HiveMetaStore.audit: ugi=alex	ip=unknown-ip-addr	cmd=get_table : tbl=hive.default.merge_tmp_table	
2024-04-24T06:30:25,161  INFO [main] utils.FileUtils: Creating directory if it doesn't exist: file:/home/alex/Repositories/hive/ql/target/tmp/scratchdir/alex/018ba1e0-33b9-4cc4-b836-28f5856132df/_tmp_space.db/merge_tmp_table
2024-04-24T06:30:25,164  INFO [main] parse.RewriteSemanticAnalyzer: Going to reparse <merge into `aci/d_u/ami` as `d/8` using `src/name` as `a/b` on i=`g/h`
when matched and `g/h` > 5 then delete 
when matched and `g/h` < 0 then update set vc='∆∋', `d?*de e` =  `d?*de e` * j + 1
when not matched and `d?*de e` <> 0 then insert values(`a/b`.`g/h`,`a/b`.j,`a/b`.k)> as 
<FROM
  `default`.`aci/d_u/ami` `d/8`
  RIGHT OUTER JOIN
  `default`.`src/name` `a/b`
  ON `i`=`g/h`
INSERT INTO `default`.`aci/d_u/ami`    -- delete clause
 SELECT `d/8`.ROW__ID 
   WHERE `i`=`g/h` AND `g/h` > 5
 SORT BY `d/8`.ROW__ID 
INSERT INTO `default`.`aci/d_u/ami`    -- update clause(insert part)
 SELECT `d/8`.`i`, `d?*de e` * `j` + 1, '∆∋'
   WHERE `i`=`g/h` AND `g/h` < 0 AND NOT(`g/h` > 5)
INSERT INTO `default`.`aci/d_u/ami`    -- update clause (delete part)
 SELECT `d/8`.ROW__ID 
   WHERE `i`=`g/h` AND `g/h` < 0 AND NOT(`g/h` > 5)
 SORT BY `d/8`.ROW__ID 
INSERT INTO `default`.`aci/d_u/ami`    -- insert clause
  SELECT `a/b`.`g/h`,`a/b`.`j`,`a/b`.`k`
   WHERE `d/8`.`i` IS NULL AND `d?*de e` <> 0
INSERT INTO merge_tmp_table
  SELECT cardinality_violation(`d/8`.ROW__ID)
 WHERE `i`=`g/h` GROUP BY `d/8`.ROW__ID HAVING count(*) > 1>
2024-04-24T06:30:25,165  INFO [main] parse.MergeSemanticAnalyzer: Starting Semantic Analysis
2024-04-24T06:30:25,168  INFO [main] parse.MergeSemanticAnalyzer: Completed phase 1 of Semantic Analysis
2024-04-24T06:30:25,168  INFO [main] parse.MergeSemanticAnalyzer: Get metadata for source tables
2024-04-24T06:30:25,169  INFO [main] HiveMetaStore.audit: ugi=alex	ip=unknown-ip-addr	cmd=get_table : tbl=hive.default.aci/d_u/ami	
2024-04-24T06:30:25,174  INFO [main] metastore.HMSHandler: Skipping translation for processor with null
2024-04-24T06:30:25,175  INFO [main] HiveMetaStore.audit: ugi=alex	ip=unknown-ip-addr	cmd=get_table : tbl=hive.default.src/name	
2024-04-24T06:30:25,183  INFO [main] metastore.HMSHandler: Skipping translation for processor with null
2024-04-24T06:30:25,183  INFO [main] parse.MergeSemanticAnalyzer: Get metadata for subqueries
2024-04-24T06:30:25,183  INFO [main] parse.MergeSemanticAnalyzer: Get metadata for destination tables
2024-04-24T06:30:25,183  INFO [main] HiveMetaStore.audit: ugi=alex	ip=unknown-ip-addr	cmd=get_table : tbl=hive.default.aci/d_u/ami	
2024-04-24T06:30:25,189  INFO [main] metastore.HMSHandler: Skipping translation for processor with null
2024-04-24T06:30:25,189  INFO [main] HiveMetaStore.audit: ugi=alex	ip=unknown-ip-addr	cmd=get_table : tbl=hive.default.aci/d_u/ami	
2024-04-24T06:30:25,195  INFO [main] metastore.HMSHandler: Skipping translation for processor with null
2024-04-24T06:30:25,195  INFO [main] HiveMetaStore.audit: ugi=alex	ip=unknown-ip-addr	cmd=get_table : tbl=hive.default.aci/d_u/ami	
2024-04-24T06:30:25,201  INFO [main] metastore.HMSHandler: Skipping translation for processor with null
2024-04-24T06:30:25,201  INFO [main] HiveMetaStore.audit: ugi=alex	ip=unknown-ip-addr	cmd=get_table : tbl=hive.default.aci/d_u/ami	
2024-04-24T06:30:25,207  INFO [main] metastore.HMSHandler: Skipping translation for processor with null
2024-04-24T06:30:25,207  INFO [main] parse.MergeSemanticAnalyzer: Completed getting MetaData in Semantic Analysis
2024-04-24T06:30:25,207  INFO [main] parse.MergeSemanticAnalyzer: Disabling LLAP IO encode as ETL query is detected
2024-04-24T06:30:25,207  INFO [main] parse.MergeSemanticAnalyzer: Get metadata for source tables
2024-04-24T06:30:25,208  INFO [main] parse.MergeSemanticAnalyzer: Get metadata for subqueries
2024-04-24T06:30:25,208  INFO [main] parse.MergeSemanticAnalyzer: Get metadata for destination tables
2024-04-24T06:30:25,219  INFO [main] HiveMetaStore.audit: ugi=alex	ip=unknown-ip-addr	cmd=get_all_table_constraints : tbl=hive.default.aci/d_u/ami	
2024-04-24T06:30:25,245  INFO [main] HiveMetaStore.audit: ugi=alex	ip=unknown-ip-addr	cmd=get_all_table_constraints : tbl=hive.default.src/name	
2024-04-24T06:30:25,275  INFO [main] calcite.RelOptHiveTable: Calculating column statistics for default.aci/d_u/ami, projIndxSet: [0, 1], allowMissingStats: true
2024-04-24T06:30:25,275  INFO [main] HiveMetaStore.audit: ugi=alex	ip=unknown-ip-addr	cmd=get_table : tbl=hive.default.aci/d_u/ami	
2024-04-24T06:30:25,283  INFO [main] metastore.HMSHandler: Skipping translation for processor with null
2024-04-24T06:30:25,284  INFO [main] HiveMetaStore.audit: ugi=alex	ip=unknown-ip-addr	cmd=get_table : tbl=hive.default.aci/d_u/ami	
2024-04-24T06:30:25,292  INFO [main] metastore.HMSHandler: Skipping translation for processor with null
2024-04-24T06:30:25,292  INFO [main] HiveMetaStore.audit: ugi=alex	ip=unknown-ip-addr	cmd=get_table_statistics_req: table=hive.default.aci/d_u/ami	
2024-04-24T06:30:25,301  WARN [main] calcite.RelOptHiveTable: No Stats for default@aci/d_u/ami, Columns: i, d?*de e
No Stats for default@aci/d_u/ami, Columns: i, d?*de e
2024-04-24T06:30:25,301  INFO [main] SessionState: No Stats for default@aci/d_u/ami, Columns: i, d?*de e
2024-04-24T06:30:25,302  INFO [main] calcite.RelOptHiveTable: Calculating column statistics for default.src/name, projIndxSet: [0, 1, 2], allowMissingStats: true
2024-04-24T06:30:25,302  INFO [main] HiveMetaStore.audit: ugi=alex	ip=unknown-ip-addr	cmd=get_table : tbl=hive.default.src/name	
2024-04-24T06:30:25,312  INFO [main] metastore.HMSHandler: Skipping translation for processor with null
2024-04-24T06:30:25,312  INFO [main] HiveMetaStore.audit: ugi=alex	ip=unknown-ip-addr	cmd=get_table : tbl=hive.default.src/name	
2024-04-24T06:30:25,322  INFO [main] metastore.HMSHandler: Skipping translation for processor with null
2024-04-24T06:30:25,322  INFO [main] HiveMetaStore.audit: ugi=alex	ip=unknown-ip-addr	cmd=get_table_statistics_req: table=hive.default.src/name	
2024-04-24T06:30:25,333  WARN [main] calcite.RelOptHiveTable: No Stats for default@src/name, Columns: k, j, g/h
No Stats for default@src/name, Columns: k, j, g/h
2024-04-24T06:30:25,333  INFO [main] SessionState: No Stats for default@src/name, Columns: k, j, g/h
2024-04-24T06:30:25,495  INFO [main] parse.MergeSemanticAnalyzer: Get metadata for source tables
2024-04-24T06:30:25,495  INFO [main] parse.MergeSemanticAnalyzer: Get metadata for subqueries
2024-04-24T06:30:25,495  INFO [main] parse.MergeSemanticAnalyzer: Get metadata for source tables
2024-04-24T06:30:25,495  INFO [main] parse.MergeSemanticAnalyzer: Get metadata for subqueries
2024-04-24T06:30:25,495  INFO [main] parse.MergeSemanticAnalyzer: Get metadata for source tables
2024-04-24T06:30:25,495  INFO [main] parse.MergeSemanticAnalyzer: Get metadata for subqueries
2024-04-24T06:30:25,495  INFO [main] parse.MergeSemanticAnalyzer: Get metadata for destination tables
2024-04-24T06:30:25,495  INFO [main] parse.MergeSemanticAnalyzer: Get metadata for source tables
2024-04-24T06:30:25,495  INFO [main] parse.MergeSemanticAnalyzer: Get metadata for subqueries
2024-04-24T06:30:25,495  INFO [main] parse.MergeSemanticAnalyzer: Get metadata for destination tables
2024-04-24T06:30:25,495  INFO [main] parse.MergeSemanticAnalyzer: Get metadata for destination tables
2024-04-24T06:30:25,495  INFO [main] parse.MergeSemanticAnalyzer: Get metadata for destination tables
2024-04-24T06:30:25,496  INFO [main] HiveMetaStore.audit: ugi=alex	ip=unknown-ip-addr	cmd=get_table : tbl=hive.default.aci/d_u/ami	
2024-04-24T06:30:25,502  INFO [main] metastore.HMSHandler: Skipping translation for processor with null
2024-04-24T06:30:25,502  INFO [main] HiveMetaStore.audit: ugi=alex	ip=unknown-ip-addr	cmd=get_table : tbl=hive.default.aci/d_u/ami	
2024-04-24T06:30:25,508  INFO [main] metastore.HMSHandler: Skipping translation for processor with null
2024-04-24T06:30:25,508  INFO [main] HiveMetaStore.audit: ugi=alex	ip=unknown-ip-addr	cmd=get_table : tbl=hive.default.aci/d_u/ami	
2024-04-24T06:30:25,515  INFO [main] metastore.HMSHandler: Skipping translation for processor with null
2024-04-24T06:30:25,515  INFO [main] HiveMetaStore.audit: ugi=alex	ip=unknown-ip-addr	cmd=get_table : tbl=hive.default.aci/d_u/ami	
2024-04-24T06:30:25,521  INFO [main] metastore.HMSHandler: Skipping translation for processor with null
2024-04-24T06:30:25,526 ERROR [main] parse.MergeSemanticAnalyzer: CBO failed, skipping CBO. 
org.apache.hadoop.hive.ql.exec.NoMatchingMethodException: No matching method for class org.apache.hadoop.hive.ql.udf.UDFToInteger with (struct<writeid:bigint,bucketid:int,rowid:bigint>). Possible choices: _FUNC_(bigint)  _FUNC_(boolean)  _FUNC_(decimal(38,18))  _FUNC_(double)  _FUNC_(float)  _FUNC_(smallint)  _FUNC_(string)  _FUNC_(struct<writeid:int,bucketid:bigint,rowid:bigint>)  _FUNC_(timestamp)  _FUNC_(tinyint)  _FUNC_(void)  
	at org.apache.hadoop.hive.ql.exec.MethodUtils.getMethodInternal(MethodUtils.java:130) ~[classes/:?]
	at org.apache.hadoop.hive.ql.exec.MethodUtils.getMethodInternal(MethodUtils.java:60) ~[classes/:?]
	at org.apache.hadoop.hive.ql.exec.DefaultUDFMethodResolver.getEvalMethod(DefaultUDFMethodResolver.java:59) ~[classes/:?]
	at org.apache.hadoop.hive.ql.udf.TimestampCastRestrictorResolver.getEvalMethod(TimestampCastRestrictorResolver.java:68) ~[classes/:?]
	at org.apache.hadoop.hive.ql.udf.generic.GenericUDFBridge.initialize(GenericUDFBridge.java:168) ~[classes/:?]
	at org.apache.hadoop.hive.ql.udf.generic.GenericUDF.initializeAndFoldConstants(GenericUDF.java:149) ~[classes/:?]
	at org.apache.hadoop.hive.ql.plan.ExprNodeGenericFuncDesc.newInstance(ExprNodeGenericFuncDesc.java:235) ~[classes/:?]
	at org.apache.hadoop.hive.ql.parse.type.ExprNodeDescExprFactory.createFuncCallExpr(ExprNodeDescExprFactory.java:584) ~[classes/:?]
	at org.apache.hadoop.hive.ql.parse.type.ExprNodeDescExprFactory.createFuncCallExpr(ExprNodeDescExprFactory.java:97) ~[classes/:?]
	at org.apache.hadoop.hive.ql.parse.type.TypeCheckProcFactory$DefaultExprProcessor.getFuncExprNodeDescWithUdfData(TypeCheckProcFactory.java:762) ~[classes/:?]
	at org.apache.hadoop.hive.ql.parse.type.TypeCheckProcFactory$DefaultExprProcessor.createConversionCast(TypeCheckProcFactory.java:783) ~[classes/:?]
	at org.apache.hadoop.hive.ql.parse.SemanticAnalyzer.getPartitionColsFromBucketColsForUpdateDelete(SemanticAnalyzer.java:8725) ~[classes/:?]
	at org.apache.hadoop.hive.ql.parse.SemanticAnalyzer.genBucketingSortingDest(SemanticAnalyzer.java:6906) ~[classes/:?]
	at org.apache.hadoop.hive.ql.parse.SemanticAnalyzer.genFileSinkPlan(SemanticAnalyzer.java:7335) ~[classes/:?]
	at org.apache.hadoop.hive.ql.parse.SemanticAnalyzer.genPostGroupByBodyPlan(SemanticAnalyzer.java:11063) ~[classes/:?]
	at org.apache.hadoop.hive.ql.parse.SemanticAnalyzer.genBodyPlan(SemanticAnalyzer.java:10938) ~[classes/:?]
	at org.apache.hadoop.hive.ql.parse.SemanticAnalyzer.genPlan(SemanticAnalyzer.java:11853) ~[classes/:?]
	at org.apache.hadoop.hive.ql.parse.SemanticAnalyzer.genPlan(SemanticAnalyzer.java:11723) ~[classes/:?]
	at org.apache.hadoop.hive.ql.parse.CalcitePlanner.genOPTree(CalcitePlanner.java:626) ~[classes/:?]
	at org.apache.hadoop.hive.ql.parse.SemanticAnalyzer.analyzeInternal(SemanticAnalyzer.java:12558) ~[classes/:?]
	at org.apache.hadoop.hive.ql.parse.CalcitePlanner.analyzeInternal(CalcitePlanner.java:456) ~[classes/:?]
	at org.apache.hadoop.hive.ql.parse.RewriteSemanticAnalyzer.analyzeInternal(RewriteSemanticAnalyzer.java:67) ~[classes/:?]
	at org.apache.hadoop.hive.ql.parse.BaseSemanticAnalyzer.analyze(BaseSemanticAnalyzer.java:317) ~[classes/:?]
	at org.apache.hadoop.hive.ql.parse.MergeSemanticAnalyzer.analyzeMerge(MergeSemanticAnalyzer.java:317) ~[classes/:?]
	at org.apache.hadoop.hive.ql.parse.MergeSemanticAnalyzer.analyze(MergeSemanticAnalyzer.java:63) ~[classes/:?]
	at org.apache.hadoop.hive.ql.parse.RewriteSemanticAnalyzer.analyzeInternal(RewriteSemanticAnalyzer.java:72) ~[classes/:?]
	at org.apache.hadoop.hive.ql.parse.BaseSemanticAnalyzer.analyze(BaseSemanticAnalyzer.java:317) ~[classes/:?]
	at org.apache.hadoop.hive.ql.Compiler.analyze(Compiler.java:223) ~[classes/:?]
	at org.apache.hadoop.hive.ql.Compiler.compile(Compiler.java:105) ~[classes/:?]
	at org.apache.hadoop.hive.ql.Driver.compile(Driver.java:500) ~[classes/:?]
	at org.apache.hadoop.hive.ql.Driver.compileInternal(Driver.java:453) ~[classes/:?]
	at org.apache.hadoop.hive.ql.Driver.runInternal(Driver.java:181) ~[classes/:?]
	at org.apache.hadoop.hive.ql.Driver.run(Driver.java:153) ~[classes/:?]
	at org.apache.hadoop.hive.ql.Driver.run(Driver.java:140) ~[classes/:?]
	at org.apache.hadoop.hive.ql.TxnCommandsBaseForTests.runStatementOnDriver(TxnCommandsBaseForTests.java:245) ~[test-classes/:?]
	at org.apache.hadoop.hive.ql.TestTxnCommands.testQuotedIdentifier2(TestTxnCommands.java:1097) ~[test-classes/:?]
	at sun.reflect.NativeMethodAccessorImpl.invoke0(Native Method) ~[?:1.8.0_402]
	at sun.reflect.NativeMethodAccessorImpl.invoke(NativeMethodAccessorImpl.java:62) ~[?:1.8.0_402]
	at sun.reflect.DelegatingMethodAccessorImpl.invoke(DelegatingMethodAccessorImpl.java:43) ~[?:1.8.0_402]
	at java.lang.reflect.Method.invoke(Method.java:498) ~[?:1.8.0_402]
	at org.junit.runners.model.FrameworkMethod$1.runReflectiveCall(FrameworkMethod.java:59) ~[junit-4.13.jar:4.13]
	at org.junit.internal.runners.model.ReflectiveCallable.run(ReflectiveCallable.java:12) ~[junit-4.13.jar:4.13]
	at org.junit.runners.model.FrameworkMethod.invokeExplosively(FrameworkMethod.java:56) ~[junit-4.13.jar:4.13]
	at org.junit.internal.runners.statements.InvokeMethod.evaluate(InvokeMethod.java:17) ~[junit-4.13.jar:4.13]
	at org.junit.internal.runners.statements.RunBefores.evaluate(RunBefores.java:26) ~[junit-4.13.jar:4.13]
	at org.junit.internal.runners.statements.RunAfters.evaluate(RunAfters.java:27) ~[junit-4.13.jar:4.13]
	at org.junit.rules.TestWatcher$1.evaluate(TestWatcher.java:61) ~[junit-4.13.jar:4.13]
	at org.junit.runners.ParentRunner$3.evaluate(ParentRunner.java:306) ~[junit-4.13.jar:4.13]
	at org.junit.runners.BlockJUnit4ClassRunner$1.evaluate(BlockJUnit4ClassRunner.java:100) ~[junit-4.13.jar:4.13]
	at org.junit.runners.ParentRunner.runLeaf(ParentRunner.java:366) ~[junit-4.13.jar:4.13]
	at org.junit.runners.BlockJUnit4ClassRunner.runChild(BlockJUnit4ClassRunner.java:103) ~[junit-4.13.jar:4.13]
	at org.junit.runners.BlockJUnit4ClassRunner.runChild(BlockJUnit4ClassRunner.java:63) ~[junit-4.13.jar:4.13]
	at org.junit.runners.ParentRunner$4.run(ParentRunner.java:331) ~[junit-4.13.jar:4.13]
	at org.junit.runners.ParentRunner$1.schedule(ParentRunner.java:79) ~[junit-4.13.jar:4.13]
	at org.junit.runners.ParentRunner.runChildren(ParentRunner.java:329) ~[junit-4.13.jar:4.13]
	at org.junit.runners.ParentRunner.access$100(ParentRunner.java:66) ~[junit-4.13.jar:4.13]
	at org.junit.runners.ParentRunner$2.evaluate(ParentRunner.java:293) ~[junit-4.13.jar:4.13]
	at org.junit.runners.ParentRunner$3.evaluate(ParentRunner.java:306) ~[junit-4.13.jar:4.13]
	at org.junit.runners.ParentRunner.run(ParentRunner.java:413) ~[junit-4.13.jar:4.13]
	at org.junit.runner.JUnitCore.run(JUnitCore.java:137) ~[junit-4.13.jar:4.13]
	at org.junit.runner.JUnitCore.run(JUnitCore.java:115) ~[junit-4.13.jar:4.13]
	at org.junit.vintage.engine.execution.RunnerExecutor.execute(RunnerExecutor.java:43) ~[junit-vintage-engine-5.6.2.jar:5.6.2]
	at java.util.stream.ForEachOps$ForEachOp$OfRef.accept(ForEachOps.java:183) ~[?:1.8.0_402]
	at java.util.stream.ReferencePipeline$3$1.accept(ReferencePipeline.java:193) ~[?:1.8.0_402]
	at java.util.Iterator.forEachRemaining(Iterator.java:116) ~[?:1.8.0_402]
	at java.util.Spliterators$IteratorSpliterator.forEachRemaining(Spliterators.java:1801) ~[?:1.8.0_402]
	at java.util.stream.AbstractPipeline.copyInto(AbstractPipeline.java:482) ~[?:1.8.0_402]
	at java.util.stream.AbstractPipeline.wrapAndCopyInto(AbstractPipeline.java:472) ~[?:1.8.0_402]
	at java.util.stream.ForEachOps$ForEachOp.evaluateSequential(ForEachOps.java:150) ~[?:1.8.0_402]
	at java.util.stream.ForEachOps$ForEachOp$OfRef.evaluateSequential(ForEachOps.java:173) ~[?:1.8.0_402]
	at java.util.stream.AbstractPipeline.evaluate(AbstractPipeline.java:234) ~[?:1.8.0_402]
	at java.util.stream.ReferencePipeline.forEach(ReferencePipeline.java:485) ~[?:1.8.0_402]
	at org.junit.vintage.engine.VintageTestEngine.executeAllChildren(VintageTestEngine.java:82) ~[junit-vintage-engine-5.6.2.jar:5.6.2]
	at org.junit.vintage.engine.VintageTestEngine.execute(VintageTestEngine.java:73) ~[junit-vintage-engine-5.6.2.jar:5.6.2]
	at org.junit.platform.launcher.core.DefaultLauncher.execute(DefaultLauncher.java:248) ~[junit-platform-launcher-1.6.2.jar:1.6.2]
	at org.junit.platform.launcher.core.DefaultLauncher.lambda$execute$5(DefaultLauncher.java:211) ~[junit-platform-launcher-1.6.2.jar:1.6.2]
	at org.junit.platform.launcher.core.DefaultLauncher.withInterceptedStreams(DefaultLauncher.java:226) [junit-platform-launcher-1.6.2.jar:1.6.2]
	at org.junit.platform.launcher.core.DefaultLauncher.execute(DefaultLauncher.java:199) [junit-platform-launcher-1.6.2.jar:1.6.2]
	at org.junit.platform.launcher.core.DefaultLauncher.execute(DefaultLauncher.java:132) [junit-platform-launcher-1.6.2.jar:1.6.2]
	at org.apache.maven.surefire.junitplatform.JUnitPlatformProvider.invokeAllTests(JUnitPlatformProvider.java:154) [surefire-junit-platform-3.0.0-M4.jar:3.0.0-M4]
	at org.apache.maven.surefire.junitplatform.JUnitPlatformProvider.invoke(JUnitPlatformProvider.java:123) [surefire-junit-platform-3.0.0-M4.jar:3.0.0-M4]
	at org.apache.maven.surefire.booter.ForkedBooter.runSuitesInProcess(ForkedBooter.java:377) [surefire-booter-3.0.0-M4.jar:3.0.0-M4]
	at org.apache.maven.surefire.booter.ForkedBooter.execute(ForkedBooter.java:138) [surefire-booter-3.0.0-M4.jar:3.0.0-M4]
	at org.apache.maven.surefire.booter.ForkedBooter.run(ForkedBooter.java:465) [surefire-booter-3.0.0-M4.jar:3.0.0-M4]
	at org.apache.maven.surefire.booter.ForkedBooter.main(ForkedBooter.java:451) [surefire-booter-3.0.0-M4.jar:3.0.0-M4]
2024-04-24T06:30:25,527 ERROR [main] parse.MergeSemanticAnalyzer: CBO failed due to missing column stats (see previous errors), skipping CBO
2024-04-24T06:30:25,527  INFO [main] parse.MergeSemanticAnalyzer: Ending caching scope for: 
FAILED: NoMatchingMethodException No matching method for class org.apache.hadoop.hive.ql.udf.UDFToInteger with (struct<writeid:bigint,bucketid:int,rowid:bigint>). Possible choices: _FUNC_(bigint)  _FUNC_(boolean)  _FUNC_(decimal(38,18))  _FUNC_(double)  _FUNC_(float)  _FUNC_(smallint)  _FUNC_(string)  _FUNC_(struct<writeid:int,bucketid:bigint,rowid:bigint>)  _FUNC_(timestamp)  _FUNC_(tinyint)  _FUNC_(void)  
2024-04-24T06:30:25,527 ERROR [main] ql.Driver: FAILED: NoMatchingMethodException No matching method for class org.apache.hadoop.hive.ql.udf.UDFToInteger with (struct<writeid:bigint,bucketid:int,rowid:bigint>). Possible choices: _FUNC_(bigint)  _FUNC_(boolean)  _FUNC_(decimal(38,18))  _FUNC_(double)  _FUNC_(float)  _FUNC_(smallint)  _FUNC_(string)  _FUNC_(struct<writeid:int,bucketid:bigint,rowid:bigint>)  _FUNC_(timestamp)  _FUNC_(tinyint)  _FUNC_(void)  
org.apache.hadoop.hive.ql.exec.NoMatchingMethodException: No matching method for class org.apache.hadoop.hive.ql.udf.UDFToInteger with (struct<writeid:bigint,bucketid:int,rowid:bigint>). Possible choices: _FUNC_(bigint)  _FUNC_(boolean)  _FUNC_(decimal(38,18))  _FUNC_(double)  _FUNC_(float)  _FUNC_(smallint)  _FUNC_(string)  _FUNC_(struct<writeid:int,bucketid:bigint,rowid:bigint>)  _FUNC_(timestamp)  _FUNC_(tinyint)  _FUNC_(void)  
	at org.apache.hadoop.hive.ql.exec.MethodUtils.getMethodInternal(MethodUtils.java:130)
	at org.apache.hadoop.hive.ql.exec.MethodUtils.getMethodInternal(MethodUtils.java:60)
	at org.apache.hadoop.hive.ql.exec.DefaultUDFMethodResolver.getEvalMethod(DefaultUDFMethodResolver.java:59)
	at org.apache.hadoop.hive.ql.udf.TimestampCastRestrictorResolver.getEvalMethod(TimestampCastRestrictorResolver.java:68)
	at org.apache.hadoop.hive.ql.udf.generic.GenericUDFBridge.initialize(GenericUDFBridge.java:168)
	at org.apache.hadoop.hive.ql.udf.generic.GenericUDF.initializeAndFoldConstants(GenericUDF.java:149)
	at org.apache.hadoop.hive.ql.plan.ExprNodeGenericFuncDesc.newInstance(ExprNodeGenericFuncDesc.java:235)
	at org.apache.hadoop.hive.ql.parse.type.ExprNodeDescExprFactory.createFuncCallExpr(ExprNodeDescExprFactory.java:584)
	at org.apache.hadoop.hive.ql.parse.type.ExprNodeDescExprFactory.createFuncCallExpr(ExprNodeDescExprFactory.java:97)
	at org.apache.hadoop.hive.ql.parse.type.TypeCheckProcFactory$DefaultExprProcessor.getFuncExprNodeDescWithUdfData(TypeCheckProcFactory.java:762)
	at org.apache.hadoop.hive.ql.parse.type.TypeCheckProcFactory$DefaultExprProcessor.createConversionCast(TypeCheckProcFactory.java:783)
	at org.apache.hadoop.hive.ql.parse.SemanticAnalyzer.getPartitionColsFromBucketColsForUpdateDelete(SemanticAnalyzer.java:8725)
	at org.apache.hadoop.hive.ql.parse.SemanticAnalyzer.genBucketingSortingDest(SemanticAnalyzer.java:6906)
	at org.apache.hadoop.hive.ql.parse.SemanticAnalyzer.genFileSinkPlan(SemanticAnalyzer.java:7335)
	at org.apache.hadoop.hive.ql.parse.SemanticAnalyzer.genPostGroupByBodyPlan(SemanticAnalyzer.java:11063)
	at org.apache.hadoop.hive.ql.parse.SemanticAnalyzer.genBodyPlan(SemanticAnalyzer.java:10938)
	at org.apache.hadoop.hive.ql.parse.SemanticAnalyzer.genPlan(SemanticAnalyzer.java:11853)
	at org.apache.hadoop.hive.ql.parse.SemanticAnalyzer.genPlan(SemanticAnalyzer.java:11723)
	at org.apache.hadoop.hive.ql.parse.CalcitePlanner.genOPTree(CalcitePlanner.java:626)
	at org.apache.hadoop.hive.ql.parse.SemanticAnalyzer.analyzeInternal(SemanticAnalyzer.java:12558)
	at org.apache.hadoop.hive.ql.parse.CalcitePlanner.analyzeInternal(CalcitePlanner.java:456)
	at org.apache.hadoop.hive.ql.parse.RewriteSemanticAnalyzer.analyzeInternal(RewriteSemanticAnalyzer.java:67)
	at org.apache.hadoop.hive.ql.parse.BaseSemanticAnalyzer.analyze(BaseSemanticAnalyzer.java:317)
	at org.apache.hadoop.hive.ql.parse.MergeSemanticAnalyzer.analyzeMerge(MergeSemanticAnalyzer.java:317)
	at org.apache.hadoop.hive.ql.parse.MergeSemanticAnalyzer.analyze(MergeSemanticAnalyzer.java:63)
	at org.apache.hadoop.hive.ql.parse.RewriteSemanticAnalyzer.analyzeInternal(RewriteSemanticAnalyzer.java:72)
	at org.apache.hadoop.hive.ql.parse.BaseSemanticAnalyzer.analyze(BaseSemanticAnalyzer.java:317)
	at org.apache.hadoop.hive.ql.Compiler.analyze(Compiler.java:223)
	at org.apache.hadoop.hive.ql.Compiler.compile(Compiler.java:105)
	at org.apache.hadoop.hive.ql.Driver.compile(Driver.java:500)
	at org.apache.hadoop.hive.ql.Driver.compileInternal(Driver.java:453)
	at org.apache.hadoop.hive.ql.Driver.runInternal(Driver.java:181)
	at org.apache.hadoop.hive.ql.Driver.run(Driver.java:153)
	at org.apache.hadoop.hive.ql.Driver.run(Driver.java:140)
	at org.apache.hadoop.hive.ql.TxnCommandsBaseForTests.runStatementOnDriver(TxnCommandsBaseForTests.java:245)
	at org.apache.hadoop.hive.ql.TestTxnCommands.testQuotedIdentifier2(TestTxnCommands.java:1097)
	at sun.reflect.NativeMethodAccessorImpl.invoke0(Native Method)
	at sun.reflect.NativeMethodAccessorImpl.invoke(NativeMethodAccessorImpl.java:62)
	at sun.reflect.DelegatingMethodAccessorImpl.invoke(DelegatingMethodAccessorImpl.java:43)
	at java.lang.reflect.Method.invoke(Method.java:498)
	at org.junit.runners.model.FrameworkMethod$1.runReflectiveCall(FrameworkMethod.java:59)
	at org.junit.internal.runners.model.ReflectiveCallable.run(ReflectiveCallable.java:12)
	at org.junit.runners.model.FrameworkMethod.invokeExplosively(FrameworkMethod.java:56)
	at org.junit.internal.runners.statements.InvokeMethod.evaluate(InvokeMethod.java:17)
	at org.junit.internal.runners.statements.RunBefores.evaluate(RunBefores.java:26)
	at org.junit.internal.runners.statements.RunAfters.evaluate(RunAfters.java:27)
	at org.junit.rules.TestWatcher$1.evaluate(TestWatcher.java:61)
	at org.junit.runners.ParentRunner$3.evaluate(ParentRunner.java:306)
	at org.junit.runners.BlockJUnit4ClassRunner$1.evaluate(BlockJUnit4ClassRunner.java:100)
	at org.junit.runners.ParentRunner.runLeaf(ParentRunner.java:366)
	at org.junit.runners.BlockJUnit4ClassRunner.runChild(BlockJUnit4ClassRunner.java:103)
	at org.junit.runners.BlockJUnit4ClassRunner.runChild(BlockJUnit4ClassRunner.java:63)
	at org.junit.runners.ParentRunner$4.run(ParentRunner.java:331)
	at org.junit.runners.ParentRunner$1.schedule(ParentRunner.java:79)
	at org.junit.runners.ParentRunner.runChildren(ParentRunner.java:329)
	at org.junit.runners.ParentRunner.access$100(ParentRunner.java:66)
	at org.junit.runners.ParentRunner$2.evaluate(ParentRunner.java:293)
	at org.junit.runners.ParentRunner$3.evaluate(ParentRunner.java:306)
	at org.junit.runners.ParentRunner.run(ParentRunner.java:413)
	at org.junit.runner.JUnitCore.run(JUnitCore.java:137)
	at org.junit.runner.JUnitCore.run(JUnitCore.java:115)
	at org.junit.vintage.engine.execution.RunnerExecutor.execute(RunnerExecutor.java:43)
	at java.util.stream.ForEachOps$ForEachOp$OfRef.accept(ForEachOps.java:183)
	at java.util.stream.ReferencePipeline$3$1.accept(ReferencePipeline.java:193)
	at java.util.Iterator.forEachRemaining(Iterator.java:116)
	at java.util.Spliterators$IteratorSpliterator.forEachRemaining(Spliterators.java:1801)
	at java.util.stream.AbstractPipeline.copyInto(AbstractPipeline.java:482)
	at java.util.stream.AbstractPipeline.wrapAndCopyInto(AbstractPipeline.java:472)
	at java.util.stream.ForEachOps$ForEachOp.evaluateSequential(ForEachOps.java:150)
	at java.util.stream.ForEachOps$ForEachOp$OfRef.evaluateSequential(ForEachOps.java:173)
	at java.util.stream.AbstractPipeline.evaluate(AbstractPipeline.java:234)
	at java.util.stream.ReferencePipeline.forEach(ReferencePipeline.java:485)
	at org.junit.vintage.engine.VintageTestEngine.executeAllChildren(VintageTestEngine.java:82)
	at org.junit.vintage.engine.VintageTestEngine.execute(VintageTestEngine.java:73)
	at org.junit.platform.launcher.core.DefaultLauncher.execute(DefaultLauncher.java:248)
	at org.junit.platform.launcher.core.DefaultLauncher.lambda$execute$5(DefaultLauncher.java:211)
	at org.junit.platform.launcher.core.DefaultLauncher.withInterceptedStreams(DefaultLauncher.java:226)
	at org.junit.platform.launcher.core.DefaultLauncher.execute(DefaultLauncher.java:199)
	at org.junit.platform.launcher.core.DefaultLauncher.execute(DefaultLauncher.java:132)
	at org.apache.maven.surefire.junitplatform.JUnitPlatformProvider.invokeAllTests(JUnitPlatformProvider.java:154)
	at org.apache.maven.surefire.junitplatform.JUnitPlatformProvider.invoke(JUnitPlatformProvider.java:123)
	at org.apache.maven.surefire.booter.ForkedBooter.runSuitesInProcess(ForkedBooter.java:377)
	at org.apache.maven.surefire.booter.ForkedBooter.execute(ForkedBooter.java:138)
	at org.apache.maven.surefire.booter.ForkedBooter.run(ForkedBooter.java:465)
	at org.apache.maven.surefire.booter.ForkedBooter.main(ForkedBooter.java:451)

2024-04-24T06:30:25,528  INFO [main] metadata.Hive: Dumping metastore api call timing information for : compilation phase
2024-04-24T06:30:25,528  INFO [main] metadata.Hive: Total time spent in each metastore function (ms): {flushCache_()=0, getValidWriteIds_(List, String)=4, getTable_(GetTableRequest)=81, createTable_(Table)=3, isCompatibleWith_(Configuration)=1, getTableColumnStatistics_(String, String, List, String)=56, getValidTxns_(long)=0, openTxn_(String, TxnType)=3, commitTxn_(CommitTxnRequest)=12, getAllTableConstraints_(AllTableConstraintsRequest)=28}
2024-04-24T06:30:25,528  INFO [main] ql.Driver: Completed compiling command(queryId=alex_20240424063025_21dfeeb8-5599-40c4-be61-227d0c0a9631); Time taken: 0.395 seconds
2024-04-24T06:30:25,528  INFO [main] lockmgr.DbTxnManager: Stopped heartbeat for query: null
2024-04-24T06:30:25,531  INFO [main] txn.TxnHandler: Removed transactions: ([17]) from MIN_HISTORY_LEVEL
2024-04-24T06:30:25,537  INFO [main] ql.TxnCommandsBaseForTests: Running the query: drop table if exists acidTbl
2024-04-24T06:30:25,538  INFO [main] ql.Context: Deleting scratch dir: file:/home/alex/Repositories/hive/ql/target/tmp/localscratchdir/018ba1e0-33b9-4cc4-b836-28f5856132df/hive_2024-04-24_06-30-25_164_6285914428953519433-1
2024-04-24T06:30:25,538  INFO [main] ql.Driver: Compiling command(queryId=alex_20240424063025_7613b7c7-b33b-4fa1-bc5f-458fc1d41471): drop table if exists acidTbl
2024-04-24T06:30:25,540  INFO [main] txn.TxnHandler: Added entries to MIN_HISTORY_LEVEL for current txns: ([18]) with min_open_txn: 9
2024-04-24T06:30:25,540  INFO [main] lockmgr.DbTxnManager: Opened txnid:18
2024-04-24T06:30:25,540  INFO [main] HiveMetaStore.audit: ugi=alex	ip=unknown-ip-addr	cmd=get_table : tbl=hive.default.acidTbl	
2024-04-24T06:30:25,546  INFO [main] metastore.HMSHandler: Skipping translation for processor with null
2024-04-24T06:30:25,546  INFO [main] ql.Driver: Semantic Analysis Completed (retrial = false)
2024-04-24T06:30:25,546  INFO [main] ql.Driver: Created Hive schema: Schema(fieldSchemas:null, properties:null)
2024-04-24T06:30:25,546  INFO [main] metadata.Hive: Dumping metastore api call timing information for : compilation phase
2024-04-24T06:30:25,546  INFO [main] metadata.Hive: Total time spent in each metastore function (ms): {openTxn_(String, TxnType)=2, getValidTxns_(long)=0, isCompatibleWith_(Configuration)=0, getTable_(GetTableRequest)=6, flushCache_()=0, rollbackTxn_(long)=9}
2024-04-24T06:30:25,546  INFO [main] ql.Driver: Completed compiling command(queryId=alex_20240424063025_7613b7c7-b33b-4fa1-bc5f-458fc1d41471); Time taken: 0.008 seconds
2024-04-24T06:30:25,547  INFO [main] lockmgr.DbTxnManager: Setting lock request transaction to txnid:18 for queryId=alex_20240424063025_7613b7c7-b33b-4fa1-bc5f-458fc1d41471
2024-04-24T06:30:25,547  INFO [main] lockmgr.DbLockManager: Requesting lock for queryId=alex_20240424063025_7613b7c7-b33b-4fa1-bc5f-458fc1d41471
2024-04-24T06:30:25,560  INFO [main] lockmgr.DbLockManager: Response to queryId=alex_20240424063025_7613b7c7-b33b-4fa1-bc5f-458fc1d41471 LockResponse(lockid:11, state:ACQUIRED)
2024-04-24T06:30:25,560  INFO [main] ql.Driver: Operation DROPTABLE obtained 1 locks
2024-04-24T06:30:25,560  INFO [main] ql.Driver: Executing command(queryId=alex_20240424063025_7613b7c7-b33b-4fa1-bc5f-458fc1d41471): drop table if exists acidTbl
2024-04-24T06:30:25,561  INFO [main] ql.Driver: Starting task [Stage-0:DDL] in serial mode
2024-04-24T06:30:25,561  INFO [main] HiveMetaStore.audit: ugi=alex	ip=unknown-ip-addr	cmd=get_table : tbl=hive.default.acidTbl	
2024-04-24T06:30:25,566  INFO [main] metastore.HMSHandler: Skipping translation for processor with null
2024-04-24T06:30:25,567  INFO [main] HiveMetaStore.audit: ugi=alex	ip=unknown-ip-addr	cmd=get_table : tbl=hive.default.acidTbl	
2024-04-24T06:30:25,572  INFO [main] metastore.HMSHandler: Skipping translation for processor with null
2024-04-24T06:30:25,572  INFO [main] HiveMetaStore.audit: ugi=alex	ip=unknown-ip-addr	cmd=drop_table : tbl=hive.default.acidTbl	
2024-04-24T06:30:25,666  INFO [main] metadata.Hive: Dumping metastore api call timing information for : execution phase
2024-04-24T06:30:25,666  INFO [main] metadata.Hive: Total time spent in each metastore function (ms): {getTable_(GetTableRequest)=5, isCompatibleWith_(Configuration)=0, dropTable_(String, String, boolean, boolean, boolean)=100}
2024-04-24T06:30:25,666  INFO [main] ql.Driver: Completed executing command(queryId=alex_20240424063025_7613b7c7-b33b-4fa1-bc5f-458fc1d41471); Time taken: 0.106 seconds
2024-04-24T06:30:25,666  INFO [main] lockmgr.DbTxnManager: Stopped heartbeat for query: alex_20240424063025_7613b7c7-b33b-4fa1-bc5f-458fc1d41471
2024-04-24T06:30:25,670  INFO [main] txn.TxnHandler: Expected to move at least one record from txn_components to completed_txn_components when committing txn! txnid:18
2024-04-24T06:30:25,675  INFO [main] txn.TxnHandler: Removed transactions: ([18]) from MIN_HISTORY_LEVEL
2024-04-24T06:30:25,676  WARN [main] txn.CompactionTxnHandler: No compaction queue record found for Compaction type transaction commit. txnId:18
2024-04-24T06:30:25,677  INFO [main] ql.TxnCommandsBaseForTests: Running the query: drop table if exists acidTblPart
2024-04-24T06:30:25,677  INFO [main] ql.Driver: Compiling command(queryId=alex_20240424063025_deb99339-c576-4e46-bac7-b6ec382e8809): drop table if exists acidTblPart
2024-04-24T06:30:25,679  INFO [main] txn.TxnHandler: Added entries to MIN_HISTORY_LEVEL for current txns: ([19]) with min_open_txn: 12
2024-04-24T06:30:25,679  INFO [main] lockmgr.DbTxnManager: Opened txnid:19
2024-04-24T06:30:25,680  INFO [main] HiveMetaStore.audit: ugi=alex	ip=unknown-ip-addr	cmd=get_table : tbl=hive.default.acidTblPart	
2024-04-24T06:30:25,685  INFO [main] metastore.HMSHandler: Skipping translation for processor with null
2024-04-24T06:30:25,686  INFO [main] ql.Driver: Semantic Analysis Completed (retrial = false)
2024-04-24T06:30:25,686  INFO [main] ql.Driver: Created Hive schema: Schema(fieldSchemas:null, properties:null)
2024-04-24T06:30:25,686  INFO [main] metadata.Hive: Dumping metastore api call timing information for : compilation phase
2024-04-24T06:30:25,686  INFO [main] metadata.Hive: Total time spent in each metastore function (ms): {getValidTxns_(long)=1, getTable_(GetTableRequest)=6, flushCache_()=0, isCompatibleWith_(Configuration)=0, commitTxn_(CommitTxnRequest)=11, openTxn_(String, TxnType)=2}
2024-04-24T06:30:25,686  INFO [main] ql.Driver: Completed compiling command(queryId=alex_20240424063025_deb99339-c576-4e46-bac7-b6ec382e8809); Time taken: 0.009 seconds
2024-04-24T06:30:25,686  INFO [main] lockmgr.DbTxnManager: Setting lock request transaction to txnid:19 for queryId=alex_20240424063025_deb99339-c576-4e46-bac7-b6ec382e8809
2024-04-24T06:30:25,687  INFO [main] lockmgr.DbLockManager: Requesting lock for queryId=alex_20240424063025_deb99339-c576-4e46-bac7-b6ec382e8809
2024-04-24T06:30:25,701  INFO [main] lockmgr.DbLockManager: Response to queryId=alex_20240424063025_deb99339-c576-4e46-bac7-b6ec382e8809 LockResponse(lockid:12, state:ACQUIRED)
2024-04-24T06:30:25,701  INFO [main] ql.Driver: Operation DROPTABLE obtained 1 locks
2024-04-24T06:30:25,701  INFO [main] ql.Driver: Executing command(queryId=alex_20240424063025_deb99339-c576-4e46-bac7-b6ec382e8809): drop table if exists acidTblPart
2024-04-24T06:30:25,701  INFO [main] ql.Driver: Starting task [Stage-0:DDL] in serial mode
2024-04-24T06:30:25,701  INFO [main] HiveMetaStore.audit: ugi=alex	ip=unknown-ip-addr	cmd=get_table : tbl=hive.default.acidTblPart	
2024-04-24T06:30:25,707  INFO [main] metastore.HMSHandler: Skipping translation for processor with null
2024-04-24T06:30:25,707  INFO [main] HiveMetaStore.audit: ugi=alex	ip=unknown-ip-addr	cmd=get_table : tbl=hive.default.acidTblPart	
2024-04-24T06:30:25,713  INFO [main] metastore.HMSHandler: Skipping translation for processor with null
2024-04-24T06:30:25,713  INFO [main] HiveMetaStore.audit: ugi=alex	ip=unknown-ip-addr	cmd=drop_table : tbl=hive.default.acidTblPart	
2024-04-24T06:30:25,747  INFO [main] metadata.Hive: Dumping metastore api call timing information for : execution phase
2024-04-24T06:30:25,747  INFO [main] metadata.Hive: Total time spent in each metastore function (ms): {dropTable_(String, String, boolean, boolean, boolean)=40, isCompatibleWith_(Configuration)=0, getTable_(GetTableRequest)=6}
2024-04-24T06:30:25,747  INFO [main] ql.Driver: Completed executing command(queryId=alex_20240424063025_deb99339-c576-4e46-bac7-b6ec382e8809); Time taken: 0.046 seconds
2024-04-24T06:30:25,747  INFO [main] lockmgr.DbTxnManager: Stopped heartbeat for query: alex_20240424063025_deb99339-c576-4e46-bac7-b6ec382e8809
2024-04-24T06:30:25,751  INFO [main] txn.TxnHandler: Expected to move at least one record from txn_components to completed_txn_components when committing txn! txnid:19
2024-04-24T06:30:25,757  INFO [main] txn.TxnHandler: Removed transactions: ([19]) from MIN_HISTORY_LEVEL
2024-04-24T06:30:25,757  WARN [main] txn.CompactionTxnHandler: No compaction queue record found for Compaction type transaction commit. txnId:19
2024-04-24T06:30:25,757  INFO [main] ql.TxnCommandsBaseForTests: Running the query: drop table if exists acidTbl2
2024-04-24T06:30:25,757  INFO [main] ql.Driver: Compiling command(queryId=alex_20240424063025_8762789c-9aa6-472a-a660-34beb6e2813d): drop table if exists acidTbl2
2024-04-24T06:30:25,759  INFO [main] txn.TxnHandler: Added entries to MIN_HISTORY_LEVEL for current txns: ([20]) with min_open_txn: 13
2024-04-24T06:30:25,760  INFO [main] lockmgr.DbTxnManager: Opened txnid:20
2024-04-24T06:30:25,760  INFO [main] ql.Driver: Semantic Analysis Completed (retrial = false)
2024-04-24T06:30:25,760  INFO [main] ql.Driver: Created Hive schema: Schema(fieldSchemas:null, properties:null)
2024-04-24T06:30:25,760  INFO [main] metadata.Hive: Dumping metastore api call timing information for : compilation phase
2024-04-24T06:30:25,760  INFO [main] metadata.Hive: Total time spent in each metastore function (ms): {openTxn_(String, TxnType)=2, getValidTxns_(long)=0, commitTxn_(CommitTxnRequest)=9, flushCache_()=0, isCompatibleWith_(Configuration)=0, getTable_(GetTableRequest)=0}
2024-04-24T06:30:25,761  INFO [main] ql.Driver: Completed compiling command(queryId=alex_20240424063025_8762789c-9aa6-472a-a660-34beb6e2813d); Time taken: 0.003 seconds
2024-04-24T06:30:25,761  INFO [main] lockmgr.DbTxnManager: Setting lock request transaction to txnid:20 for queryId=alex_20240424063025_8762789c-9aa6-472a-a660-34beb6e2813d
2024-04-24T06:30:25,761  INFO [main] ql.Driver: Operation DROPTABLE obtained 0 locks
2024-04-24T06:30:25,761  INFO [main] ql.Driver: Executing command(queryId=alex_20240424063025_8762789c-9aa6-472a-a660-34beb6e2813d): drop table if exists acidTbl2
2024-04-24T06:30:25,761  INFO [main] ql.Driver: Starting task [Stage-0:DDL] in serial mode
2024-04-24T06:30:25,761  INFO [main] metadata.SessionHiveMetaStoreClient: Column stats doesn't exist for db=default temp table=acidTbl2
2024-04-24T06:30:25,762  INFO [main] metadata.Hive: Dumping metastore api call timing information for : execution phase
2024-04-24T06:30:25,762  INFO [main] metadata.Hive: Total time spent in each metastore function (ms): {dropTable_(String, String, boolean, boolean, boolean)=1, isCompatibleWith_(Configuration)=0, getTable_(GetTableRequest)=0}
2024-04-24T06:30:25,762  INFO [main] ql.Driver: Completed executing command(queryId=alex_20240424063025_8762789c-9aa6-472a-a660-34beb6e2813d); Time taken: 0.001 seconds
2024-04-24T06:30:25,762  INFO [main] lockmgr.DbTxnManager: Stopped heartbeat for query: alex_20240424063025_8762789c-9aa6-472a-a660-34beb6e2813d
2024-04-24T06:30:25,767  INFO [main] txn.TxnHandler: Expected to move at least one record from txn_components to completed_txn_components when committing txn! txnid:20
2024-04-24T06:30:25,772  INFO [main] txn.TxnHandler: Removed transactions: ([20]) from MIN_HISTORY_LEVEL
2024-04-24T06:30:25,773  WARN [main] txn.CompactionTxnHandler: No compaction queue record found for Compaction type transaction commit. txnId:20
2024-04-24T06:30:25,773  INFO [main] ql.TxnCommandsBaseForTests: Running the query: drop table if exists nonAcidOrcTbl
2024-04-24T06:30:25,773  INFO [main] ql.Driver: Compiling command(queryId=alex_20240424063025_c8d74bc9-54e1-41f5-b1df-3f1937b41ad2): drop table if exists nonAcidOrcTbl
2024-04-24T06:30:25,775  INFO [main] txn.TxnHandler: Added entries to MIN_HISTORY_LEVEL for current txns: ([21]) with min_open_txn: 14
2024-04-24T06:30:25,775  INFO [main] lockmgr.DbTxnManager: Opened txnid:21
2024-04-24T06:30:25,776  INFO [main] HiveMetaStore.audit: ugi=alex	ip=unknown-ip-addr	cmd=get_table : tbl=hive.default.nonAcidOrcTbl	
2024-04-24T06:30:25,795  INFO [main] metastore.HMSHandler: Skipping translation for processor with null
2024-04-24T06:30:25,795  INFO [main] ql.Driver: Semantic Analysis Completed (retrial = false)
2024-04-24T06:30:25,795  INFO [main] ql.Driver: Created Hive schema: Schema(fieldSchemas:null, properties:null)
2024-04-24T06:30:25,795  INFO [main] metadata.Hive: Dumping metastore api call timing information for : compilation phase
2024-04-24T06:30:25,795  INFO [main] metadata.Hive: Total time spent in each metastore function (ms): {getValidTxns_(long)=1, flushCache_()=0, openTxn_(String, TxnType)=1, commitTxn_(CommitTxnRequest)=11, getTable_(GetTableRequest)=19, isCompatibleWith_(Configuration)=1}
2024-04-24T06:30:25,796  INFO [main] ql.Driver: Completed compiling command(queryId=alex_20240424063025_c8d74bc9-54e1-41f5-b1df-3f1937b41ad2); Time taken: 0.022 seconds
2024-04-24T06:30:25,796  INFO [main] lockmgr.DbTxnManager: Setting lock request transaction to txnid:21 for queryId=alex_20240424063025_c8d74bc9-54e1-41f5-b1df-3f1937b41ad2
2024-04-24T06:30:25,796  INFO [main] lockmgr.DbLockManager: Requesting lock for queryId=alex_20240424063025_c8d74bc9-54e1-41f5-b1df-3f1937b41ad2
2024-04-24T06:30:25,809  INFO [main] lockmgr.DbLockManager: Response to queryId=alex_20240424063025_c8d74bc9-54e1-41f5-b1df-3f1937b41ad2 LockResponse(lockid:13, state:ACQUIRED)
2024-04-24T06:30:25,809  INFO [main] ql.Driver: Operation DROPTABLE obtained 1 locks
2024-04-24T06:30:25,809  INFO [main] ql.Driver: Executing command(queryId=alex_20240424063025_c8d74bc9-54e1-41f5-b1df-3f1937b41ad2): drop table if exists nonAcidOrcTbl
2024-04-24T06:30:25,810  INFO [main] ql.Driver: Starting task [Stage-0:DDL] in serial mode
2024-04-24T06:30:25,810  INFO [main] HiveMetaStore.audit: ugi=alex	ip=unknown-ip-addr	cmd=get_table : tbl=hive.default.nonAcidOrcTbl	
2024-04-24T06:30:25,817  INFO [main] metastore.HMSHandler: Skipping translation for processor with null
2024-04-24T06:30:25,817  INFO [main] HiveMetaStore.audit: ugi=alex	ip=unknown-ip-addr	cmd=get_table : tbl=hive.default.nonAcidOrcTbl	
2024-04-24T06:30:25,825  INFO [main] metastore.HMSHandler: Skipping translation for processor with null
2024-04-24T06:30:25,825  INFO [main] HiveMetaStore.audit: ugi=alex	ip=unknown-ip-addr	cmd=drop_table : tbl=hive.default.nonAcidOrcTbl	
2024-04-24T06:30:25,874  INFO [main] metadata.Hive: Dumping metastore api call timing information for : execution phase
2024-04-24T06:30:25,874  INFO [main] metadata.Hive: Total time spent in each metastore function (ms): {isCompatibleWith_(Configuration)=0, getTable_(GetTableRequest)=7, dropTable_(String, String, boolean, boolean, boolean)=57}
2024-04-24T06:30:25,874  INFO [main] ql.Driver: Completed executing command(queryId=alex_20240424063025_c8d74bc9-54e1-41f5-b1df-3f1937b41ad2); Time taken: 0.065 seconds
2024-04-24T06:30:25,874  INFO [main] lockmgr.DbTxnManager: Stopped heartbeat for query: alex_20240424063025_c8d74bc9-54e1-41f5-b1df-3f1937b41ad2
2024-04-24T06:30:25,878  INFO [main] txn.TxnHandler: Expected to move at least one record from txn_components to completed_txn_components when committing txn! txnid:21
2024-04-24T06:30:25,883  INFO [main] txn.TxnHandler: Removed transactions: ([21]) from MIN_HISTORY_LEVEL
2024-04-24T06:30:25,883  WARN [main] txn.CompactionTxnHandler: No compaction queue record found for Compaction type transaction commit. txnId:21
2024-04-24T06:30:25,884  INFO [main] ql.TxnCommandsBaseForTests: Running the query: drop table if exists nonAcidOrcTbl2
2024-04-24T06:30:25,884  INFO [main] ql.Driver: Compiling command(queryId=alex_20240424063025_aa2b4793-97c7-4cf3-a90d-d9124e2cbee2): drop table if exists nonAcidOrcTbl2
2024-04-24T06:30:25,886  INFO [main] txn.TxnHandler: Added entries to MIN_HISTORY_LEVEL for current txns: ([22]) with min_open_txn: 14
2024-04-24T06:30:25,886  INFO [main] lockmgr.DbTxnManager: Opened txnid:22
2024-04-24T06:30:25,886  INFO [main] HiveMetaStore.audit: ugi=alex	ip=unknown-ip-addr	cmd=get_table : tbl=hive.default.nonAcidOrcTbl2	
2024-04-24T06:30:25,894  INFO [main] metastore.HMSHandler: Skipping translation for processor with null
2024-04-24T06:30:25,894  INFO [main] ql.Driver: Semantic Analysis Completed (retrial = false)
2024-04-24T06:30:25,894  INFO [main] ql.Driver: Created Hive schema: Schema(fieldSchemas:null, properties:null)
2024-04-24T06:30:25,894  INFO [main] metadata.Hive: Dumping metastore api call timing information for : compilation phase
2024-04-24T06:30:25,894  INFO [main] metadata.Hive: Total time spent in each metastore function (ms): {flushCache_()=0, getValidTxns_(long)=0, openTxn_(String, TxnType)=2, isCompatibleWith_(Configuration)=0, commitTxn_(CommitTxnRequest)=9, getTable_(GetTableRequest)=8}
2024-04-24T06:30:25,894  INFO [main] ql.Driver: Completed compiling command(queryId=alex_20240424063025_aa2b4793-97c7-4cf3-a90d-d9124e2cbee2); Time taken: 0.01 seconds
2024-04-24T06:30:25,895  INFO [main] lockmgr.DbTxnManager: Setting lock request transaction to txnid:22 for queryId=alex_20240424063025_aa2b4793-97c7-4cf3-a90d-d9124e2cbee2
2024-04-24T06:30:25,895  INFO [main] lockmgr.DbLockManager: Requesting lock for queryId=alex_20240424063025_aa2b4793-97c7-4cf3-a90d-d9124e2cbee2
2024-04-24T06:30:25,908  INFO [main] lockmgr.DbLockManager: Response to queryId=alex_20240424063025_aa2b4793-97c7-4cf3-a90d-d9124e2cbee2 LockResponse(lockid:14, state:ACQUIRED)
2024-04-24T06:30:25,908  INFO [main] ql.Driver: Operation DROPTABLE obtained 1 locks
2024-04-24T06:30:25,908  INFO [main] ql.Driver: Executing command(queryId=alex_20240424063025_aa2b4793-97c7-4cf3-a90d-d9124e2cbee2): drop table if exists nonAcidOrcTbl2
2024-04-24T06:30:25,908  INFO [main] ql.Driver: Starting task [Stage-0:DDL] in serial mode
2024-04-24T06:30:25,908  INFO [main] HiveMetaStore.audit: ugi=alex	ip=unknown-ip-addr	cmd=get_table : tbl=hive.default.nonAcidOrcTbl2	
2024-04-24T06:30:25,916  INFO [main] metastore.HMSHandler: Skipping translation for processor with null
2024-04-24T06:30:25,916  INFO [main] HiveMetaStore.audit: ugi=alex	ip=unknown-ip-addr	cmd=get_table : tbl=hive.default.nonAcidOrcTbl2	
2024-04-24T06:30:25,923  INFO [main] metastore.HMSHandler: Skipping translation for processor with null
2024-04-24T06:30:25,923  INFO [main] HiveMetaStore.audit: ugi=alex	ip=unknown-ip-addr	cmd=drop_table : tbl=hive.default.nonAcidOrcTbl2	
2024-04-24T06:30:25,949  INFO [main] metadata.Hive: Dumping metastore api call timing information for : execution phase
2024-04-24T06:30:25,949  INFO [main] metadata.Hive: Total time spent in each metastore function (ms): {dropTable_(String, String, boolean, boolean, boolean)=33, isCompatibleWith_(Configuration)=0, getTable_(GetTableRequest)=8}
2024-04-24T06:30:25,949  INFO [main] ql.Driver: Completed executing command(queryId=alex_20240424063025_aa2b4793-97c7-4cf3-a90d-d9124e2cbee2); Time taken: 0.041 seconds
2024-04-24T06:30:25,949  INFO [main] lockmgr.DbTxnManager: Stopped heartbeat for query: alex_20240424063025_aa2b4793-97c7-4cf3-a90d-d9124e2cbee2
2024-04-24T06:30:25,953  INFO [main] txn.TxnHandler: Expected to move at least one record from txn_components to completed_txn_components when committing txn! txnid:22
2024-04-24T06:30:25,958  INFO [main] txn.TxnHandler: Removed transactions: ([22]) from MIN_HISTORY_LEVEL
2024-04-24T06:30:25,958  WARN [main] txn.CompactionTxnHandler: No compaction queue record found for Compaction type transaction commit. txnId:22
2024-04-24T06:30:25,959  INFO [main] ql.TxnCommandsBaseForTests: Running the query: drop table if exists nonAcidNonBucket
2024-04-24T06:30:25,959  INFO [main] ql.Driver: Compiling command(queryId=alex_20240424063025_3e7db70f-f3ae-4b5d-8698-c1414c6b1475): drop table if exists nonAcidNonBucket
2024-04-24T06:30:25,961  INFO [main] txn.TxnHandler: Added entries to MIN_HISTORY_LEVEL for current txns: ([23]) with min_open_txn: 15
2024-04-24T06:30:25,961  INFO [main] lockmgr.DbTxnManager: Opened txnid:23
2024-04-24T06:30:25,962  INFO [main] HiveMetaStore.audit: ugi=alex	ip=unknown-ip-addr	cmd=get_table : tbl=hive.default.nonAcidNonBucket	
2024-04-24T06:30:25,970  INFO [main] metastore.HMSHandler: Skipping translation for processor with null
2024-04-24T06:30:25,970  INFO [main] ql.Driver: Semantic Analysis Completed (retrial = false)
2024-04-24T06:30:25,970  INFO [main] ql.Driver: Created Hive schema: Schema(fieldSchemas:null, properties:null)
2024-04-24T06:30:25,970  INFO [main] metadata.Hive: Dumping metastore api call timing information for : compilation phase
2024-04-24T06:30:25,970  INFO [main] metadata.Hive: Total time spent in each metastore function (ms): {getTable_(GetTableRequest)=8, commitTxn_(CommitTxnRequest)=10, getValidTxns_(long)=1, flushCache_()=0, openTxn_(String, TxnType)=2, isCompatibleWith_(Configuration)=0}
2024-04-24T06:30:25,970  INFO [main] ql.Driver: Completed compiling command(queryId=alex_20240424063025_3e7db70f-f3ae-4b5d-8698-c1414c6b1475); Time taken: 0.011 seconds
2024-04-24T06:30:25,970  INFO [main] lockmgr.DbTxnManager: Setting lock request transaction to txnid:23 for queryId=alex_20240424063025_3e7db70f-f3ae-4b5d-8698-c1414c6b1475
2024-04-24T06:30:25,971  INFO [main] lockmgr.DbLockManager: Requesting lock for queryId=alex_20240424063025_3e7db70f-f3ae-4b5d-8698-c1414c6b1475
2024-04-24T06:30:25,985  INFO [main] lockmgr.DbLockManager: Response to queryId=alex_20240424063025_3e7db70f-f3ae-4b5d-8698-c1414c6b1475 LockResponse(lockid:15, state:ACQUIRED)
2024-04-24T06:30:25,985  INFO [main] ql.Driver: Operation DROPTABLE obtained 1 locks
2024-04-24T06:30:25,985  INFO [main] ql.Driver: Executing command(queryId=alex_20240424063025_3e7db70f-f3ae-4b5d-8698-c1414c6b1475): drop table if exists nonAcidNonBucket
2024-04-24T06:30:25,985  INFO [main] ql.Driver: Starting task [Stage-0:DDL] in serial mode
2024-04-24T06:30:25,986  INFO [main] HiveMetaStore.audit: ugi=alex	ip=unknown-ip-addr	cmd=get_table : tbl=hive.default.nonAcidNonBucket	
2024-04-24T06:30:25,993  INFO [main] metastore.HMSHandler: Skipping translation for processor with null
2024-04-24T06:30:25,993  INFO [main] HiveMetaStore.audit: ugi=alex	ip=unknown-ip-addr	cmd=get_table : tbl=hive.default.nonAcidNonBucket	
2024-04-24T06:30:26,001  INFO [main] metastore.HMSHandler: Skipping translation for processor with null
2024-04-24T06:30:26,001  INFO [main] HiveMetaStore.audit: ugi=alex	ip=unknown-ip-addr	cmd=drop_table : tbl=hive.default.nonAcidNonBucket	
2024-04-24T06:30:26,028  INFO [main] metadata.Hive: Dumping metastore api call timing information for : execution phase
2024-04-24T06:30:26,028  INFO [main] metadata.Hive: Total time spent in each metastore function (ms): {isCompatibleWith_(Configuration)=0, getTable_(GetTableRequest)=8, dropTable_(String, String, boolean, boolean, boolean)=35}
2024-04-24T06:30:26,028  INFO [main] ql.Driver: Completed executing command(queryId=alex_20240424063025_3e7db70f-f3ae-4b5d-8698-c1414c6b1475); Time taken: 0.043 seconds
2024-04-24T06:30:26,028  INFO [main] lockmgr.DbTxnManager: Stopped heartbeat for query: alex_20240424063025_3e7db70f-f3ae-4b5d-8698-c1414c6b1475
2024-04-24T06:30:26,032  INFO [main] txn.TxnHandler: Expected to move at least one record from txn_components to completed_txn_components when committing txn! txnid:23
2024-04-24T06:30:26,037  INFO [main] txn.TxnHandler: Removed transactions: ([23]) from MIN_HISTORY_LEVEL
2024-04-24T06:30:26,037  WARN [main] txn.CompactionTxnHandler: No compaction queue record found for Compaction type transaction commit. txnId:23
2024-04-24T06:30:26,038  INFO [main] utils.TestTxnDbUtil: Cleaning transactional tables
]]></system-err>
  </testcase>
  <testcase name="testDelete" classname="org.apache.hadoop.hive.ql.TestTxnCommands" time="4.255">
    <error type="java.lang.RuntimeException"><![CDATA[java.lang.RuntimeException: delete from acidTbl where b = 4 failed: (responseCode = 40000, errorMessage = FAILED: NoMatchingMethodException No matching method for class org.apache.hadoop.hive.ql.udf.UDFToInteger with (struct<writeid:bigint,bucketid:int,rowid:bigint>). Possible choices: _FUNC_(bigint)  _FUNC_(boolean)  _FUNC_(decimal(38,18))  _FUNC_(double)  _FUNC_(float)  _FUNC_(smallint)  _FUNC_(string)  _FUNC_(struct<writeid:int,bucketid:bigint,rowid:bigint>)  _FUNC_(timestamp)  _FUNC_(tinyint)  _FUNC_(void)  , hiveErrorCode = 40000, SQLState = 42000, exception = No matching method for class org.apache.hadoop.hive.ql.udf.UDFToInteger with (struct<writeid:bigint,bucketid:int,rowid:bigint>). Possible choices: _FUNC_(bigint)  _FUNC_(boolean)  _FUNC_(decimal(38,18))  _FUNC_(double)  _FUNC_(float)  _FUNC_(smallint)  _FUNC_(string)  _FUNC_(struct<writeid:int,bucketid:bigint,rowid:bigint>)  _FUNC_(timestamp)  _FUNC_(tinyint)  _FUNC_(void)  )
	at org.apache.hadoop.hive.ql.TxnCommandsBaseForTests.runStatementOnDriver(TxnCommandsBaseForTests.java:247)
	at org.apache.hadoop.hive.ql.TestTxnCommands.testDelete(TestTxnCommands.java:840)
	at sun.reflect.NativeMethodAccessorImpl.invoke0(Native Method)
	at sun.reflect.NativeMethodAccessorImpl.invoke(NativeMethodAccessorImpl.java:62)
	at sun.reflect.DelegatingMethodAccessorImpl.invoke(DelegatingMethodAccessorImpl.java:43)
	at java.lang.reflect.Method.invoke(Method.java:498)
	at org.junit.runners.model.FrameworkMethod$1.runReflectiveCall(FrameworkMethod.java:59)
	at org.junit.internal.runners.model.ReflectiveCallable.run(ReflectiveCallable.java:12)
	at org.junit.runners.model.FrameworkMethod.invokeExplosively(FrameworkMethod.java:56)
	at org.junit.internal.runners.statements.InvokeMethod.evaluate(InvokeMethod.java:17)
	at org.junit.internal.runners.statements.RunBefores.evaluate(RunBefores.java:26)
	at org.junit.internal.runners.statements.RunAfters.evaluate(RunAfters.java:27)
	at org.junit.rules.TestWatcher$1.evaluate(TestWatcher.java:61)
	at org.junit.runners.ParentRunner$3.evaluate(ParentRunner.java:306)
	at org.junit.runners.BlockJUnit4ClassRunner$1.evaluate(BlockJUnit4ClassRunner.java:100)
	at org.junit.runners.ParentRunner.runLeaf(ParentRunner.java:366)
	at org.junit.runners.BlockJUnit4ClassRunner.runChild(BlockJUnit4ClassRunner.java:103)
	at org.junit.runners.BlockJUnit4ClassRunner.runChild(BlockJUnit4ClassRunner.java:63)
	at org.junit.runners.ParentRunner$4.run(ParentRunner.java:331)
	at org.junit.runners.ParentRunner$1.schedule(ParentRunner.java:79)
	at org.junit.runners.ParentRunner.runChildren(ParentRunner.java:329)
	at org.junit.runners.ParentRunner.access$100(ParentRunner.java:66)
	at org.junit.runners.ParentRunner$2.evaluate(ParentRunner.java:293)
	at org.junit.runners.ParentRunner$3.evaluate(ParentRunner.java:306)
	at org.junit.runners.ParentRunner.run(ParentRunner.java:413)
	at org.junit.runner.JUnitCore.run(JUnitCore.java:137)
	at org.junit.runner.JUnitCore.run(JUnitCore.java:115)
	at org.junit.vintage.engine.execution.RunnerExecutor.execute(RunnerExecutor.java:43)
	at java.util.stream.ForEachOps$ForEachOp$OfRef.accept(ForEachOps.java:183)
	at java.util.stream.ReferencePipeline$3$1.accept(ReferencePipeline.java:193)
	at java.util.Iterator.forEachRemaining(Iterator.java:116)
	at java.util.Spliterators$IteratorSpliterator.forEachRemaining(Spliterators.java:1801)
	at java.util.stream.AbstractPipeline.copyInto(AbstractPipeline.java:482)
	at java.util.stream.AbstractPipeline.wrapAndCopyInto(AbstractPipeline.java:472)
	at java.util.stream.ForEachOps$ForEachOp.evaluateSequential(ForEachOps.java:150)
	at java.util.stream.ForEachOps$ForEachOp$OfRef.evaluateSequential(ForEachOps.java:173)
	at java.util.stream.AbstractPipeline.evaluate(AbstractPipeline.java:234)
	at java.util.stream.ReferencePipeline.forEach(ReferencePipeline.java:485)
	at org.junit.vintage.engine.VintageTestEngine.executeAllChildren(VintageTestEngine.java:82)
	at org.junit.vintage.engine.VintageTestEngine.execute(VintageTestEngine.java:73)
	at org.junit.platform.launcher.core.DefaultLauncher.execute(DefaultLauncher.java:248)
	at org.junit.platform.launcher.core.DefaultLauncher.lambda$execute$5(DefaultLauncher.java:211)
	at org.junit.platform.launcher.core.DefaultLauncher.withInterceptedStreams(DefaultLauncher.java:226)
	at org.junit.platform.launcher.core.DefaultLauncher.execute(DefaultLauncher.java:199)
	at org.junit.platform.launcher.core.DefaultLauncher.execute(DefaultLauncher.java:132)
	at org.apache.maven.surefire.junitplatform.JUnitPlatformProvider.invokeAllTests(JUnitPlatformProvider.java:154)
	at org.apache.maven.surefire.junitplatform.JUnitPlatformProvider.invoke(JUnitPlatformProvider.java:123)
	at org.apache.maven.surefire.booter.ForkedBooter.runSuitesInProcess(ForkedBooter.java:377)
	at org.apache.maven.surefire.booter.ForkedBooter.execute(ForkedBooter.java:138)
	at org.apache.maven.surefire.booter.ForkedBooter.run(ForkedBooter.java:465)
	at org.apache.maven.surefire.booter.ForkedBooter.main(ForkedBooter.java:451)
]]></error>
    <system-err><![CDATA[2024-04-24T06:30:26,092  WARN [main] conf.HiveConf: HiveConf of name hive.dummyparam.test.server.specific.config.hivesite does not exist
2024-04-24T06:30:26,092  WARN [main] conf.HiveConf: HiveConf of name hive.metastore.client.cache.maxSize does not exist
2024-04-24T06:30:26,092  WARN [main] conf.HiveConf: HiveConf of name hive.dummyparam.test.server.specific.config.metastoresite does not exist
2024-04-24T06:30:26,092  WARN [main] conf.HiveConf: HiveConf of name hive.llap.io.cache.orc.size does not exist
2024-04-24T06:30:26,092  WARN [main] conf.HiveConf: HiveConf of name hive.llap.io.cache.orc.alloc.min does not exist
2024-04-24T06:30:26,092  WARN [main] conf.HiveConf: HiveConf of name hive.stats.key.prefix.reserve.length does not exist
2024-04-24T06:30:26,092  WARN [main] conf.HiveConf: HiveConf of name hive.dummyparam.test.server.specific.config.override does not exist
2024-04-24T06:30:26,092  WARN [main] conf.HiveConf: HiveConf of name hive.metastore.metadb.dir does not exist
2024-04-24T06:30:26,092  WARN [main] conf.HiveConf: HiveConf of name hive.llap.io.cache.orc.alloc.max does not exist
2024-04-24T06:30:26,092  WARN [main] conf.HiveConf: HiveConf of name hive.llap.io.cache.orc.arena.size does not exist
2024-04-24T06:30:26,092  WARN [main] conf.HiveConf: HiveConf of name hive.metastore.client.cache.recordStats does not exist
2024-04-24T06:30:26,094  INFO [main] utils.TestTxnDbUtil: Creating transactional tables
Hive Session ID = 09e60267-a5b4-4cbb-b12e-433ef09eef26
2024-04-24T06:30:26,096  INFO [main] SessionState: Hive Session ID = 09e60267-a5b4-4cbb-b12e-433ef09eef26
ivysettings.xml file not found in HIVE_HOME or HIVE_CONF_DIR,/home/alex/Repositories/hive/conf/ivysettings.xml will be used
2024-04-24T06:30:26,096  INFO [main] DependencyResolver: ivysettings.xml file not found in HIVE_HOME or HIVE_CONF_DIR,/home/alex/Repositories/hive/conf/ivysettings.xml will be used
2024-04-24T06:30:26,102  INFO [main] session.SessionState: Created HDFS directory: /home/alex/Repositories/hive/ql/target/tmp/scratchdir/alex/09e60267-a5b4-4cbb-b12e-433ef09eef26
2024-04-24T06:30:26,104  INFO [main] session.SessionState: Created local directory: /home/alex/Repositories/hive/ql/target/tmp/localscratchdir/09e60267-a5b4-4cbb-b12e-433ef09eef26
2024-04-24T06:30:26,106  INFO [main] session.SessionState: Created HDFS directory: /home/alex/Repositories/hive/ql/target/tmp/scratchdir/alex/09e60267-a5b4-4cbb-b12e-433ef09eef26/_tmp_space.db
2024-04-24T06:30:26,107  INFO [main] sqlstd.SQLStdHiveAccessController: Created SQLStdHiveAccessController for session context : HiveAuthzSessionContext [sessionString=09e60267-a5b4-4cbb-b12e-433ef09eef26, clientType=HIVECLI]
2024-04-24T06:30:26,107  INFO [main] ql.TxnCommandsBaseForTests: Running the query: drop table if exists acidTbl
2024-04-24T06:30:26,107  INFO [main] ql.Driver: Compiling command(queryId=alex_20240424063026_3b9d1ed9-a18c-4fa0-b9a8-9c649477b156): drop table if exists acidTbl
2024-04-24T06:30:26,115  INFO [main] txn.TxnHandler: Added entries to MIN_HISTORY_LEVEL for current txns: ([1]) with min_open_txn: 1
2024-04-24T06:30:26,115  INFO [main] lockmgr.DbTxnManager: Opened txnid:1
2024-04-24T06:30:26,117  INFO [main] HiveMetaStore.audit: ugi=alex	ip=unknown-ip-addr	cmd=get_table : tbl=hive.default.acidTbl	
2024-04-24T06:30:26,124  INFO [main] ql.Driver: Semantic Analysis Completed (retrial = false)
2024-04-24T06:30:26,124  INFO [main] ql.Driver: Created Hive schema: Schema(fieldSchemas:null, properties:null)
2024-04-24T06:30:26,124  INFO [main] metadata.Hive: Dumping metastore api call timing information for : compilation phase
2024-04-24T06:30:26,124  INFO [main] metadata.Hive: Total time spent in each metastore function (ms): {commitTxn_(CommitTxnRequest)=10, getValidTxns_(long)=1, isCompatibleWith_(Configuration)=0, openTxn_(String, TxnType)=8, flushCache_()=0}
2024-04-24T06:30:26,124  INFO [main] ql.Driver: Completed compiling command(queryId=alex_20240424063026_3b9d1ed9-a18c-4fa0-b9a8-9c649477b156); Time taken: 0.017 seconds
2024-04-24T06:30:26,124  INFO [main] lockmgr.DbTxnManager: Setting lock request transaction to txnid:1 for queryId=alex_20240424063026_3b9d1ed9-a18c-4fa0-b9a8-9c649477b156
2024-04-24T06:30:26,124  INFO [main] ql.Driver: Operation DROPTABLE obtained 0 locks
2024-04-24T06:30:26,124  INFO [main] ql.Driver: Executing command(queryId=alex_20240424063026_3b9d1ed9-a18c-4fa0-b9a8-9c649477b156): drop table if exists acidTbl
2024-04-24T06:30:26,125  INFO [main] ql.Driver: Starting task [Stage-0:DDL] in serial mode
2024-04-24T06:30:26,125  INFO [main] HiveMetaStore.audit: ugi=alex	ip=unknown-ip-addr	cmd=get_table : tbl=hive.default.acidTbl	
2024-04-24T06:30:26,127  INFO [main] metadata.Hive: Dumping metastore api call timing information for : execution phase
2024-04-24T06:30:26,128  INFO [main] metadata.Hive: Total time spent in each metastore function (ms): {isCompatibleWith_(Configuration)=0}
2024-04-24T06:30:26,128  INFO [main] ql.Driver: Completed executing command(queryId=alex_20240424063026_3b9d1ed9-a18c-4fa0-b9a8-9c649477b156); Time taken: 0.003 seconds
2024-04-24T06:30:26,128  INFO [main] lockmgr.DbTxnManager: Stopped heartbeat for query: alex_20240424063026_3b9d1ed9-a18c-4fa0-b9a8-9c649477b156
2024-04-24T06:30:26,133  INFO [main] txn.TxnHandler: Expected to move at least one record from txn_components to completed_txn_components when committing txn! txnid:1
2024-04-24T06:30:26,139  INFO [main] txn.TxnHandler: Removed transactions: ([1]) from MIN_HISTORY_LEVEL
2024-04-24T06:30:26,139  WARN [main] txn.CompactionTxnHandler: No compaction queue record found for Compaction type transaction commit. txnId:1
2024-04-24T06:30:26,139  INFO [main] ql.TxnCommandsBaseForTests: Running the query: drop table if exists acidTblPart
2024-04-24T06:30:26,139  INFO [main] ql.Driver: Compiling command(queryId=alex_20240424063026_4da1eb2a-7107-41e3-8f01-0ce1af72b9b1): drop table if exists acidTblPart
2024-04-24T06:30:26,141  INFO [main] txn.TxnHandler: Added entries to MIN_HISTORY_LEVEL for current txns: ([2]) with min_open_txn: 1
2024-04-24T06:30:26,141  INFO [main] lockmgr.DbTxnManager: Opened txnid:2
2024-04-24T06:30:26,142  INFO [main] HiveMetaStore.audit: ugi=alex	ip=unknown-ip-addr	cmd=get_table : tbl=hive.default.acidTblPart	
2024-04-24T06:30:26,144  INFO [main] ql.Driver: Semantic Analysis Completed (retrial = false)
2024-04-24T06:30:26,144  INFO [main] ql.Driver: Created Hive schema: Schema(fieldSchemas:null, properties:null)
2024-04-24T06:30:26,144  INFO [main] metadata.Hive: Dumping metastore api call timing information for : compilation phase
2024-04-24T06:30:26,145  INFO [main] metadata.Hive: Total time spent in each metastore function (ms): {flushCache_()=0, isCompatibleWith_(Configuration)=0, getValidTxns_(long)=0, commitTxn_(CommitTxnRequest)=11, openTxn_(String, TxnType)=1}
2024-04-24T06:30:26,145  INFO [main] ql.Driver: Completed compiling command(queryId=alex_20240424063026_4da1eb2a-7107-41e3-8f01-0ce1af72b9b1); Time taken: 0.005 seconds
2024-04-24T06:30:26,145  INFO [main] lockmgr.DbTxnManager: Setting lock request transaction to txnid:2 for queryId=alex_20240424063026_4da1eb2a-7107-41e3-8f01-0ce1af72b9b1
2024-04-24T06:30:26,145  INFO [main] ql.Driver: Operation DROPTABLE obtained 0 locks
2024-04-24T06:30:26,145  INFO [main] ql.Driver: Executing command(queryId=alex_20240424063026_4da1eb2a-7107-41e3-8f01-0ce1af72b9b1): drop table if exists acidTblPart
2024-04-24T06:30:26,145  INFO [main] ql.Driver: Starting task [Stage-0:DDL] in serial mode
2024-04-24T06:30:26,145  INFO [main] HiveMetaStore.audit: ugi=alex	ip=unknown-ip-addr	cmd=get_table : tbl=hive.default.acidTblPart	
2024-04-24T06:30:26,148  INFO [main] metadata.Hive: Dumping metastore api call timing information for : execution phase
2024-04-24T06:30:26,148  INFO [main] metadata.Hive: Total time spent in each metastore function (ms): {isCompatibleWith_(Configuration)=0}
2024-04-24T06:30:26,148  INFO [main] ql.Driver: Completed executing command(queryId=alex_20240424063026_4da1eb2a-7107-41e3-8f01-0ce1af72b9b1); Time taken: 0.003 seconds
2024-04-24T06:30:26,148  INFO [main] lockmgr.DbTxnManager: Stopped heartbeat for query: alex_20240424063026_4da1eb2a-7107-41e3-8f01-0ce1af72b9b1
2024-04-24T06:30:26,153  INFO [main] txn.TxnHandler: Expected to move at least one record from txn_components to completed_txn_components when committing txn! txnid:2
2024-04-24T06:30:26,159  INFO [main] txn.TxnHandler: Removed transactions: ([2]) from MIN_HISTORY_LEVEL
2024-04-24T06:30:26,159  WARN [main] txn.CompactionTxnHandler: No compaction queue record found for Compaction type transaction commit. txnId:2
2024-04-24T06:30:26,160  INFO [main] ql.TxnCommandsBaseForTests: Running the query: drop table if exists acidTbl2
2024-04-24T06:30:26,160  INFO [main] ql.Driver: Compiling command(queryId=alex_20240424063026_815686c8-ffec-4f50-b77e-4676e93676c8): drop table if exists acidTbl2
2024-04-24T06:30:26,162  INFO [main] txn.TxnHandler: Added entries to MIN_HISTORY_LEVEL for current txns: ([3]) with min_open_txn: 1
2024-04-24T06:30:26,162  INFO [main] lockmgr.DbTxnManager: Opened txnid:3
2024-04-24T06:30:26,163  INFO [main] HiveMetaStore.audit: ugi=alex	ip=unknown-ip-addr	cmd=get_table : tbl=hive.default.acidTbl2	
2024-04-24T06:30:26,165  INFO [main] ql.Driver: Semantic Analysis Completed (retrial = false)
2024-04-24T06:30:26,165  INFO [main] ql.Driver: Created Hive schema: Schema(fieldSchemas:null, properties:null)
2024-04-24T06:30:26,165  INFO [main] metadata.Hive: Dumping metastore api call timing information for : compilation phase
2024-04-24T06:30:26,165  INFO [main] metadata.Hive: Total time spent in each metastore function (ms): {isCompatibleWith_(Configuration)=0, openTxn_(String, TxnType)=2, commitTxn_(CommitTxnRequest)=11, getValidTxns_(long)=0, flushCache_()=0}
2024-04-24T06:30:26,165  INFO [main] ql.Driver: Completed compiling command(queryId=alex_20240424063026_815686c8-ffec-4f50-b77e-4676e93676c8); Time taken: 0.005 seconds
2024-04-24T06:30:26,166  INFO [main] lockmgr.DbTxnManager: Setting lock request transaction to txnid:3 for queryId=alex_20240424063026_815686c8-ffec-4f50-b77e-4676e93676c8
2024-04-24T06:30:26,166  INFO [main] ql.Driver: Operation DROPTABLE obtained 0 locks
2024-04-24T06:30:26,166  INFO [main] ql.Driver: Executing command(queryId=alex_20240424063026_815686c8-ffec-4f50-b77e-4676e93676c8): drop table if exists acidTbl2
2024-04-24T06:30:26,166  INFO [main] ql.Driver: Starting task [Stage-0:DDL] in serial mode
2024-04-24T06:30:26,166  INFO [main] HiveMetaStore.audit: ugi=alex	ip=unknown-ip-addr	cmd=get_table : tbl=hive.default.acidTbl2	
2024-04-24T06:30:26,168  INFO [main] metadata.Hive: Dumping metastore api call timing information for : execution phase
2024-04-24T06:30:26,169  INFO [main] metadata.Hive: Total time spent in each metastore function (ms): {isCompatibleWith_(Configuration)=0}
2024-04-24T06:30:26,169  INFO [main] ql.Driver: Completed executing command(queryId=alex_20240424063026_815686c8-ffec-4f50-b77e-4676e93676c8); Time taken: 0.002 seconds
2024-04-24T06:30:26,169  INFO [main] lockmgr.DbTxnManager: Stopped heartbeat for query: alex_20240424063026_815686c8-ffec-4f50-b77e-4676e93676c8
2024-04-24T06:30:26,174  INFO [main] txn.TxnHandler: Expected to move at least one record from txn_components to completed_txn_components when committing txn! txnid:3
2024-04-24T06:30:26,179  INFO [main] txn.TxnHandler: Removed transactions: ([3]) from MIN_HISTORY_LEVEL
2024-04-24T06:30:26,179  WARN [main] txn.CompactionTxnHandler: No compaction queue record found for Compaction type transaction commit. txnId:3
2024-04-24T06:30:26,180  INFO [main] ql.TxnCommandsBaseForTests: Running the query: drop table if exists nonAcidOrcTbl
2024-04-24T06:30:26,180  INFO [main] ql.Driver: Compiling command(queryId=alex_20240424063026_3b804307-badb-4228-903b-c24b0464ef80): drop table if exists nonAcidOrcTbl
2024-04-24T06:30:26,182  INFO [main] txn.TxnHandler: Added entries to MIN_HISTORY_LEVEL for current txns: ([4]) with min_open_txn: 1
2024-04-24T06:30:26,182  INFO [main] lockmgr.DbTxnManager: Opened txnid:4
2024-04-24T06:30:26,183  INFO [main] HiveMetaStore.audit: ugi=alex	ip=unknown-ip-addr	cmd=get_table : tbl=hive.default.nonAcidOrcTbl	
2024-04-24T06:30:26,185  INFO [main] ql.Driver: Semantic Analysis Completed (retrial = false)
2024-04-24T06:30:26,185  INFO [main] ql.Driver: Created Hive schema: Schema(fieldSchemas:null, properties:null)
2024-04-24T06:30:26,185  INFO [main] metadata.Hive: Dumping metastore api call timing information for : compilation phase
2024-04-24T06:30:26,185  INFO [main] metadata.Hive: Total time spent in each metastore function (ms): {getValidTxns_(long)=1, openTxn_(String, TxnType)=2, isCompatibleWith_(Configuration)=0, flushCache_()=0, commitTxn_(CommitTxnRequest)=11}
2024-04-24T06:30:26,185  INFO [main] ql.Driver: Completed compiling command(queryId=alex_20240424063026_3b804307-badb-4228-903b-c24b0464ef80); Time taken: 0.005 seconds
2024-04-24T06:30:26,186  INFO [main] lockmgr.DbTxnManager: Setting lock request transaction to txnid:4 for queryId=alex_20240424063026_3b804307-badb-4228-903b-c24b0464ef80
2024-04-24T06:30:26,186  INFO [main] ql.Driver: Operation DROPTABLE obtained 0 locks
2024-04-24T06:30:26,186  INFO [main] ql.Driver: Executing command(queryId=alex_20240424063026_3b804307-badb-4228-903b-c24b0464ef80): drop table if exists nonAcidOrcTbl
2024-04-24T06:30:26,186  INFO [main] ql.Driver: Starting task [Stage-0:DDL] in serial mode
2024-04-24T06:30:26,186  INFO [main] HiveMetaStore.audit: ugi=alex	ip=unknown-ip-addr	cmd=get_table : tbl=hive.default.nonAcidOrcTbl	
2024-04-24T06:30:26,189  INFO [main] metadata.Hive: Dumping metastore api call timing information for : execution phase
2024-04-24T06:30:26,189  INFO [main] metadata.Hive: Total time spent in each metastore function (ms): {isCompatibleWith_(Configuration)=0}
2024-04-24T06:30:26,189  INFO [main] ql.Driver: Completed executing command(queryId=alex_20240424063026_3b804307-badb-4228-903b-c24b0464ef80); Time taken: 0.003 seconds
2024-04-24T06:30:26,189  INFO [main] lockmgr.DbTxnManager: Stopped heartbeat for query: alex_20240424063026_3b804307-badb-4228-903b-c24b0464ef80
2024-04-24T06:30:26,194  INFO [main] txn.TxnHandler: Expected to move at least one record from txn_components to completed_txn_components when committing txn! txnid:4
2024-04-24T06:30:26,199  INFO [main] txn.TxnHandler: Removed transactions: ([4]) from MIN_HISTORY_LEVEL
2024-04-24T06:30:26,199  WARN [main] txn.CompactionTxnHandler: No compaction queue record found for Compaction type transaction commit. txnId:4
2024-04-24T06:30:26,200  INFO [main] ql.TxnCommandsBaseForTests: Running the query: drop table if exists nonAcidOrcTbl2
2024-04-24T06:30:26,200  INFO [main] ql.Driver: Compiling command(queryId=alex_20240424063026_a75e1288-618f-44d5-b085-80fa094a0b6a): drop table if exists nonAcidOrcTbl2
2024-04-24T06:30:26,202  INFO [main] txn.TxnHandler: Added entries to MIN_HISTORY_LEVEL for current txns: ([5]) with min_open_txn: 1
2024-04-24T06:30:26,202  INFO [main] lockmgr.DbTxnManager: Opened txnid:5
2024-04-24T06:30:26,203  INFO [main] HiveMetaStore.audit: ugi=alex	ip=unknown-ip-addr	cmd=get_table : tbl=hive.default.nonAcidOrcTbl2	
2024-04-24T06:30:26,205  INFO [main] ql.Driver: Semantic Analysis Completed (retrial = false)
2024-04-24T06:30:26,205  INFO [main] ql.Driver: Created Hive schema: Schema(fieldSchemas:null, properties:null)
2024-04-24T06:30:26,205  INFO [main] metadata.Hive: Dumping metastore api call timing information for : compilation phase
2024-04-24T06:30:26,205  INFO [main] metadata.Hive: Total time spent in each metastore function (ms): {flushCache_()=0, getValidTxns_(long)=0, commitTxn_(CommitTxnRequest)=11, isCompatibleWith_(Configuration)=0, openTxn_(String, TxnType)=2}
2024-04-24T06:30:26,205  INFO [main] ql.Driver: Completed compiling command(queryId=alex_20240424063026_a75e1288-618f-44d5-b085-80fa094a0b6a); Time taken: 0.005 seconds
2024-04-24T06:30:26,206  INFO [main] lockmgr.DbTxnManager: Setting lock request transaction to txnid:5 for queryId=alex_20240424063026_a75e1288-618f-44d5-b085-80fa094a0b6a
2024-04-24T06:30:26,206  INFO [main] ql.Driver: Operation DROPTABLE obtained 0 locks
2024-04-24T06:30:26,206  INFO [main] ql.Driver: Executing command(queryId=alex_20240424063026_a75e1288-618f-44d5-b085-80fa094a0b6a): drop table if exists nonAcidOrcTbl2
2024-04-24T06:30:26,206  INFO [main] ql.Driver: Starting task [Stage-0:DDL] in serial mode
2024-04-24T06:30:26,206  INFO [main] HiveMetaStore.audit: ugi=alex	ip=unknown-ip-addr	cmd=get_table : tbl=hive.default.nonAcidOrcTbl2	
2024-04-24T06:30:26,208  INFO [main] metadata.Hive: Dumping metastore api call timing information for : execution phase
2024-04-24T06:30:26,209  INFO [main] metadata.Hive: Total time spent in each metastore function (ms): {isCompatibleWith_(Configuration)=0}
2024-04-24T06:30:26,209  INFO [main] ql.Driver: Completed executing command(queryId=alex_20240424063026_a75e1288-618f-44d5-b085-80fa094a0b6a); Time taken: 0.002 seconds
2024-04-24T06:30:26,209  INFO [main] lockmgr.DbTxnManager: Stopped heartbeat for query: alex_20240424063026_a75e1288-618f-44d5-b085-80fa094a0b6a
2024-04-24T06:30:26,214  INFO [main] txn.TxnHandler: Expected to move at least one record from txn_components to completed_txn_components when committing txn! txnid:5
2024-04-24T06:30:26,219  INFO [main] txn.TxnHandler: Removed transactions: ([5]) from MIN_HISTORY_LEVEL
2024-04-24T06:30:26,219  WARN [main] txn.CompactionTxnHandler: No compaction queue record found for Compaction type transaction commit. txnId:5
2024-04-24T06:30:26,220  INFO [main] ql.TxnCommandsBaseForTests: Running the query: drop table if exists nonAcidNonBucket
2024-04-24T06:30:26,220  INFO [main] ql.Driver: Compiling command(queryId=alex_20240424063026_429f3aad-2321-4904-b8c8-2bf995625fa3): drop table if exists nonAcidNonBucket
2024-04-24T06:30:26,222  INFO [main] txn.TxnHandler: Added entries to MIN_HISTORY_LEVEL for current txns: ([6]) with min_open_txn: 1
2024-04-24T06:30:26,222  INFO [main] lockmgr.DbTxnManager: Opened txnid:6
2024-04-24T06:30:26,222  INFO [main] HiveMetaStore.audit: ugi=alex	ip=unknown-ip-addr	cmd=get_table : tbl=hive.default.nonAcidNonBucket	
2024-04-24T06:30:26,225  INFO [main] ql.Driver: Semantic Analysis Completed (retrial = false)
2024-04-24T06:30:26,225  INFO [main] ql.Driver: Created Hive schema: Schema(fieldSchemas:null, properties:null)
2024-04-24T06:30:26,225  INFO [main] metadata.Hive: Dumping metastore api call timing information for : compilation phase
2024-04-24T06:30:26,225  INFO [main] metadata.Hive: Total time spent in each metastore function (ms): {openTxn_(String, TxnType)=2, getValidTxns_(long)=0, isCompatibleWith_(Configuration)=0, commitTxn_(CommitTxnRequest)=10, flushCache_()=0}
2024-04-24T06:30:26,225  INFO [main] ql.Driver: Completed compiling command(queryId=alex_20240424063026_429f3aad-2321-4904-b8c8-2bf995625fa3); Time taken: 0.005 seconds
2024-04-24T06:30:26,225  INFO [main] lockmgr.DbTxnManager: Setting lock request transaction to txnid:6 for queryId=alex_20240424063026_429f3aad-2321-4904-b8c8-2bf995625fa3
2024-04-24T06:30:26,225  INFO [main] ql.Driver: Operation DROPTABLE obtained 0 locks
2024-04-24T06:30:26,225  INFO [main] ql.Driver: Executing command(queryId=alex_20240424063026_429f3aad-2321-4904-b8c8-2bf995625fa3): drop table if exists nonAcidNonBucket
2024-04-24T06:30:26,226  INFO [main] ql.Driver: Starting task [Stage-0:DDL] in serial mode
2024-04-24T06:30:26,226  INFO [main] HiveMetaStore.audit: ugi=alex	ip=unknown-ip-addr	cmd=get_table : tbl=hive.default.nonAcidNonBucket	
2024-04-24T06:30:26,228  INFO [main] metadata.Hive: Dumping metastore api call timing information for : execution phase
2024-04-24T06:30:26,228  INFO [main] metadata.Hive: Total time spent in each metastore function (ms): {isCompatibleWith_(Configuration)=0}
2024-04-24T06:30:26,229  INFO [main] ql.Driver: Completed executing command(queryId=alex_20240424063026_429f3aad-2321-4904-b8c8-2bf995625fa3); Time taken: 0.003 seconds
2024-04-24T06:30:26,229  INFO [main] lockmgr.DbTxnManager: Stopped heartbeat for query: alex_20240424063026_429f3aad-2321-4904-b8c8-2bf995625fa3
2024-04-24T06:30:26,233  INFO [main] txn.TxnHandler: Expected to move at least one record from txn_components to completed_txn_components when committing txn! txnid:6
2024-04-24T06:30:26,239  INFO [main] txn.TxnHandler: Removed transactions: ([6]) from MIN_HISTORY_LEVEL
2024-04-24T06:30:26,239  WARN [main] txn.CompactionTxnHandler: No compaction queue record found for Compaction type transaction commit. txnId:6
2024-04-24T06:30:26,240  INFO [main] ql.TxnCommandsBaseForTests: Running the query: create table acidTbl(a int, b int) clustered by (a) into 2 buckets stored as orc TBLPROPERTIES ('transactional'='true')
2024-04-24T06:30:26,240  INFO [main] ql.Driver: Compiling command(queryId=alex_20240424063026_4d4838f5-eb2b-45ad-97f2-8bcfaab14bda): create table acidTbl(a int, b int) clustered by (a) into 2 buckets stored as orc TBLPROPERTIES ('transactional'='true')
2024-04-24T06:30:26,242  INFO [main] txn.TxnHandler: Added entries to MIN_HISTORY_LEVEL for current txns: ([7]) with min_open_txn: 1
2024-04-24T06:30:26,242  INFO [main] lockmgr.DbTxnManager: Opened txnid:7
2024-04-24T06:30:26,243  INFO [main] parse.CalcitePlanner: Starting caching scope for: 
2024-04-24T06:30:26,243  INFO [main] parse.CalcitePlanner: Starting Semantic Analysis
2024-04-24T06:30:26,248  INFO [main] parse.CalcitePlanner: Creating table default.acidTbl position=13
2024-04-24T06:30:26,248  INFO [main] HiveMetaStore.audit: ugi=alex	ip=unknown-ip-addr	cmd=get_database: default	
2024-04-24T06:30:26,249  INFO [main] parse.CalcitePlanner: Ending caching scope for: 
2024-04-24T06:30:26,249  INFO [main] ql.Driver: Semantic Analysis Completed (retrial = false)
2024-04-24T06:30:26,249  INFO [main] ql.Driver: Created Hive schema: Schema(fieldSchemas:null, properties:null)
2024-04-24T06:30:26,249  INFO [main] metadata.Hive: Dumping metastore api call timing information for : compilation phase
2024-04-24T06:30:26,250  INFO [main] metadata.Hive: Total time spent in each metastore function (ms): {flushCache_()=0, commitTxn_(CommitTxnRequest)=11, getValidTxns_(long)=1, getDatabase_(String)=1, getValidWriteIds_(List, String)=5, openTxn_(String, TxnType)=1, isCompatibleWith_(Configuration)=0}
2024-04-24T06:30:26,250  INFO [main] ql.Driver: Completed compiling command(queryId=alex_20240424063026_4d4838f5-eb2b-45ad-97f2-8bcfaab14bda); Time taken: 0.009 seconds
2024-04-24T06:30:26,250  INFO [main] lockmgr.DbTxnManager: Setting lock request transaction to txnid:7 for queryId=alex_20240424063026_4d4838f5-eb2b-45ad-97f2-8bcfaab14bda
2024-04-24T06:30:26,250  INFO [main] lockmgr.DbLockManager: Requesting lock for queryId=alex_20240424063026_4d4838f5-eb2b-45ad-97f2-8bcfaab14bda
2024-04-24T06:30:26,267  INFO [main] lockmgr.DbLockManager: Response to queryId=alex_20240424063026_4d4838f5-eb2b-45ad-97f2-8bcfaab14bda LockResponse(lockid:1, state:ACQUIRED)
2024-04-24T06:30:26,267  INFO [main] ql.Driver: Operation CREATETABLE obtained 1 locks
2024-04-24T06:30:26,268  INFO [main] ql.Driver: Executing command(queryId=alex_20240424063026_4d4838f5-eb2b-45ad-97f2-8bcfaab14bda): create table acidTbl(a int, b int) clustered by (a) into 2 buckets stored as orc TBLPROPERTIES ('transactional'='true')
2024-04-24T06:30:26,268  INFO [main] ql.Driver: Starting task [Stage-0:DDL] in serial mode
2024-04-24T06:30:26,268  INFO [main] HiveMetaStore.audit: ugi=alex	ip=unknown-ip-addr	cmd=create_table_req: Table(tableName:acidTbl, dbName:default, owner:alex, createTime:1713965426, lastAccessTime:0, retention:0, sd:StorageDescriptor(cols:[FieldSchema(name:a, type:int, comment:null), FieldSchema(name:b, type:int, comment:null)], location:null, inputFormat:org.apache.hadoop.hive.ql.io.orc.OrcInputFormat, outputFormat:org.apache.hadoop.hive.ql.io.orc.OrcOutputFormat, compressed:false, numBuckets:2, serdeInfo:SerDeInfo(name:null, serializationLib:org.apache.hadoop.hive.ql.io.orc.OrcSerde, parameters:{serialization.format=1}), bucketCols:[a], sortCols:[], parameters:{}, skewedInfo:SkewedInfo(skewedColNames:[], skewedColValues:[], skewedColValueLocationMaps:{}), storedAsSubDirectories:false), partitionKeys:[], parameters:{numFilesErasureCoded=0, totalSize=0, rawDataSize=0, COLUMN_STATS_ACCURATE={"BASIC_STATS":"true","COLUMN_STATS":{"a":"true","b":"true"}}, bucketing_version=2, numFiles=0, transactional=true, numRows=0}, viewOriginalText:null, viewExpandedText:null, tableType:MANAGED_TABLE, privileges:PrincipalPrivilegeSet(userPrivileges:{alex=[PrivilegeGrantInfo(privilege:INSERT, createTime:-1, grantor:alex, grantorType:USER, grantOption:true), PrivilegeGrantInfo(privilege:SELECT, createTime:-1, grantor:alex, grantorType:USER, grantOption:true), PrivilegeGrantInfo(privilege:UPDATE, createTime:-1, grantor:alex, grantorType:USER, grantOption:true), PrivilegeGrantInfo(privilege:DELETE, createTime:-1, grantor:alex, grantorType:USER, grantOption:true)]}, groupPrivileges:null, rolePrivileges:null), temporary:false, catName:hive, ownerType:USER, writeId:0)	
2024-04-24T06:30:26,273  INFO [main] utils.FileUtils: Creating directory if it doesn't exist: file:/home/alex/Repositories/hive/ql/target/tmp/org.apache.hadoop.hive.ql.TestTxnCommands-1713965238357/warehouse/acidtbl
2024-04-24T06:30:26,304  INFO [main] metadata.Hive: Dumping metastore api call timing information for : execution phase
2024-04-24T06:30:26,304  INFO [main] metadata.Hive: Total time spent in each metastore function (ms): {isCompatibleWith_(Configuration)=0, createTable_(Table)=35}
2024-04-24T06:30:26,304  INFO [main] ql.Driver: Completed executing command(queryId=alex_20240424063026_4d4838f5-eb2b-45ad-97f2-8bcfaab14bda); Time taken: 0.036 seconds
2024-04-24T06:30:26,304  INFO [main] lockmgr.DbTxnManager: Stopped heartbeat for query: alex_20240424063026_4d4838f5-eb2b-45ad-97f2-8bcfaab14bda
2024-04-24T06:30:26,308  INFO [main] txn.TxnHandler: Expected to move at least one record from txn_components to completed_txn_components when committing txn! txnid:7
2024-04-24T06:30:26,313  INFO [main] txn.TxnHandler: Removed transactions: ([7]) from MIN_HISTORY_LEVEL
2024-04-24T06:30:26,313  WARN [main] txn.CompactionTxnHandler: No compaction queue record found for Compaction type transaction commit. txnId:7
2024-04-24T06:30:26,314  INFO [main] ql.TxnCommandsBaseForTests: Running the query: create table acidTblPart(a int, b int) partitioned by (p string) clustered by (a) into 2 buckets stored as orc TBLPROPERTIES ('transactional'='true')
2024-04-24T06:30:26,314  INFO [main] ql.Driver: Compiling command(queryId=alex_20240424063026_19f5b99e-615f-4069-9e80-1b2028245104): create table acidTblPart(a int, b int) partitioned by (p string) clustered by (a) into 2 buckets stored as orc TBLPROPERTIES ('transactional'='true')
2024-04-24T06:30:26,316  INFO [main] txn.TxnHandler: Added entries to MIN_HISTORY_LEVEL for current txns: ([8]) with min_open_txn: 1
2024-04-24T06:30:26,316  INFO [main] lockmgr.DbTxnManager: Opened txnid:8
2024-04-24T06:30:26,316  INFO [main] parse.CalcitePlanner: Starting caching scope for: 
2024-04-24T06:30:26,317  INFO [main] parse.CalcitePlanner: Starting Semantic Analysis
2024-04-24T06:30:26,319  INFO [main] parse.CalcitePlanner: Creating table default.acidTblPart position=13
2024-04-24T06:30:26,319  INFO [main] HiveMetaStore.audit: ugi=alex	ip=unknown-ip-addr	cmd=get_database: default	
2024-04-24T06:30:26,321  INFO [main] parse.CalcitePlanner: Ending caching scope for: 
2024-04-24T06:30:26,321  INFO [main] ql.Driver: Semantic Analysis Completed (retrial = false)
2024-04-24T06:30:26,321  INFO [main] ql.Driver: Created Hive schema: Schema(fieldSchemas:null, properties:null)
2024-04-24T06:30:26,321  INFO [main] metadata.Hive: Dumping metastore api call timing information for : compilation phase
2024-04-24T06:30:26,321  INFO [main] metadata.Hive: Total time spent in each metastore function (ms): {isCompatibleWith_(Configuration)=0, flushCache_()=0, getValidWriteIds_(List, String)=2, openTxn_(String, TxnType)=2, commitTxn_(CommitTxnRequest)=10, getValidTxns_(long)=0, getDatabase_(String)=2}
2024-04-24T06:30:26,321  INFO [main] ql.Driver: Completed compiling command(queryId=alex_20240424063026_19f5b99e-615f-4069-9e80-1b2028245104); Time taken: 0.007 seconds
2024-04-24T06:30:26,321  INFO [main] lockmgr.DbTxnManager: Setting lock request transaction to txnid:8 for queryId=alex_20240424063026_19f5b99e-615f-4069-9e80-1b2028245104
2024-04-24T06:30:26,322  INFO [main] lockmgr.DbLockManager: Requesting lock for queryId=alex_20240424063026_19f5b99e-615f-4069-9e80-1b2028245104
2024-04-24T06:30:26,335  INFO [main] lockmgr.DbLockManager: Response to queryId=alex_20240424063026_19f5b99e-615f-4069-9e80-1b2028245104 LockResponse(lockid:2, state:ACQUIRED)
2024-04-24T06:30:26,335  INFO [main] ql.Driver: Operation CREATETABLE obtained 1 locks
2024-04-24T06:30:26,335  INFO [main] ql.Driver: Executing command(queryId=alex_20240424063026_19f5b99e-615f-4069-9e80-1b2028245104): create table acidTblPart(a int, b int) partitioned by (p string) clustered by (a) into 2 buckets stored as orc TBLPROPERTIES ('transactional'='true')
2024-04-24T06:30:26,336  INFO [main] ql.Driver: Starting task [Stage-0:DDL] in serial mode
2024-04-24T06:30:26,336  INFO [main] HiveMetaStore.audit: ugi=alex	ip=unknown-ip-addr	cmd=create_table_req: Table(tableName:acidTblPart, dbName:default, owner:alex, createTime:1713965426, lastAccessTime:0, retention:0, sd:StorageDescriptor(cols:[FieldSchema(name:a, type:int, comment:null), FieldSchema(name:b, type:int, comment:null)], location:null, inputFormat:org.apache.hadoop.hive.ql.io.orc.OrcInputFormat, outputFormat:org.apache.hadoop.hive.ql.io.orc.OrcOutputFormat, compressed:false, numBuckets:2, serdeInfo:SerDeInfo(name:null, serializationLib:org.apache.hadoop.hive.ql.io.orc.OrcSerde, parameters:{serialization.format=1}), bucketCols:[a], sortCols:[], parameters:{}, skewedInfo:SkewedInfo(skewedColNames:[], skewedColValues:[], skewedColValueLocationMaps:{}), storedAsSubDirectories:false), partitionKeys:[FieldSchema(name:p, type:string, comment:null)], parameters:{transactional=true, bucketing_version=2}, viewOriginalText:null, viewExpandedText:null, tableType:MANAGED_TABLE, privileges:PrincipalPrivilegeSet(userPrivileges:{alex=[PrivilegeGrantInfo(privilege:INSERT, createTime:-1, grantor:alex, grantorType:USER, grantOption:true), PrivilegeGrantInfo(privilege:SELECT, createTime:-1, grantor:alex, grantorType:USER, grantOption:true), PrivilegeGrantInfo(privilege:UPDATE, createTime:-1, grantor:alex, grantorType:USER, grantOption:true), PrivilegeGrantInfo(privilege:DELETE, createTime:-1, grantor:alex, grantorType:USER, grantOption:true)]}, groupPrivileges:null, rolePrivileges:null), temporary:false, catName:hive, ownerType:USER, writeId:0)	
2024-04-24T06:30:26,343  INFO [main] utils.FileUtils: Creating directory if it doesn't exist: file:/home/alex/Repositories/hive/ql/target/tmp/org.apache.hadoop.hive.ql.TestTxnCommands-1713965238357/warehouse/acidtblpart
2024-04-24T06:30:26,360  INFO [main] metadata.Hive: Dumping metastore api call timing information for : execution phase
2024-04-24T06:30:26,360  INFO [main] metadata.Hive: Total time spent in each metastore function (ms): {isCompatibleWith_(Configuration)=0, createTable_(Table)=24}
2024-04-24T06:30:26,360  INFO [main] ql.Driver: Completed executing command(queryId=alex_20240424063026_19f5b99e-615f-4069-9e80-1b2028245104); Time taken: 0.025 seconds
2024-04-24T06:30:26,360  INFO [main] lockmgr.DbTxnManager: Stopped heartbeat for query: alex_20240424063026_19f5b99e-615f-4069-9e80-1b2028245104
2024-04-24T06:30:26,364  INFO [main] txn.TxnHandler: Expected to move at least one record from txn_components to completed_txn_components when committing txn! txnid:8
2024-04-24T06:30:26,370  INFO [main] txn.TxnHandler: Removed transactions: ([8]) from MIN_HISTORY_LEVEL
2024-04-24T06:30:26,370  WARN [main] txn.CompactionTxnHandler: No compaction queue record found for Compaction type transaction commit. txnId:8
2024-04-24T06:30:26,370  INFO [main] ql.TxnCommandsBaseForTests: Running the query: create table nonAcidOrcTbl(a int, b int) clustered by (a) into 2 buckets stored as orc TBLPROPERTIES ('transactional'='false')
2024-04-24T06:30:26,370  INFO [main] ql.Driver: Compiling command(queryId=alex_20240424063026_0a348ee9-51df-43d8-b87e-49cc03417922): create table nonAcidOrcTbl(a int, b int) clustered by (a) into 2 buckets stored as orc TBLPROPERTIES ('transactional'='false')
2024-04-24T06:30:26,372  INFO [main] txn.TxnHandler: Added entries to MIN_HISTORY_LEVEL for current txns: ([9]) with min_open_txn: 1
2024-04-24T06:30:26,373  INFO [main] lockmgr.DbTxnManager: Opened txnid:9
2024-04-24T06:30:26,373  INFO [main] parse.CalcitePlanner: Starting caching scope for: 
2024-04-24T06:30:26,373  INFO [main] parse.CalcitePlanner: Starting Semantic Analysis
2024-04-24T06:30:26,375  INFO [main] parse.CalcitePlanner: Creating table default.nonAcidOrcTbl position=13
2024-04-24T06:30:26,376  INFO [main] HiveMetaStore.audit: ugi=alex	ip=unknown-ip-addr	cmd=get_database: default	
2024-04-24T06:30:26,377  INFO [main] parse.CalcitePlanner: Ending caching scope for: 
2024-04-24T06:30:26,377  INFO [main] ql.Driver: Semantic Analysis Completed (retrial = false)
2024-04-24T06:30:26,377  INFO [main] ql.Driver: Created Hive schema: Schema(fieldSchemas:null, properties:null)
2024-04-24T06:30:26,377  INFO [main] metadata.Hive: Dumping metastore api call timing information for : compilation phase
2024-04-24T06:30:26,377  INFO [main] metadata.Hive: Total time spent in each metastore function (ms): {getDatabase_(String)=2, isCompatibleWith_(Configuration)=1, getValidTxns_(long)=0, openTxn_(String, TxnType)=2, commitTxn_(CommitTxnRequest)=9, getValidWriteIds_(List, String)=2, flushCache_()=0}
2024-04-24T06:30:26,378  INFO [main] ql.Driver: Completed compiling command(queryId=alex_20240424063026_0a348ee9-51df-43d8-b87e-49cc03417922); Time taken: 0.007 seconds
2024-04-24T06:30:26,378  INFO [main] lockmgr.DbTxnManager: Setting lock request transaction to txnid:9 for queryId=alex_20240424063026_0a348ee9-51df-43d8-b87e-49cc03417922
2024-04-24T06:30:26,378  INFO [main] lockmgr.DbLockManager: Requesting lock for queryId=alex_20240424063026_0a348ee9-51df-43d8-b87e-49cc03417922
2024-04-24T06:30:26,391  INFO [main] lockmgr.DbLockManager: Response to queryId=alex_20240424063026_0a348ee9-51df-43d8-b87e-49cc03417922 LockResponse(lockid:3, state:ACQUIRED)
2024-04-24T06:30:26,391  INFO [main] ql.Driver: Operation CREATETABLE obtained 1 locks
2024-04-24T06:30:26,391  INFO [main] ql.Driver: Executing command(queryId=alex_20240424063026_0a348ee9-51df-43d8-b87e-49cc03417922): create table nonAcidOrcTbl(a int, b int) clustered by (a) into 2 buckets stored as orc TBLPROPERTIES ('transactional'='false')
2024-04-24T06:30:26,391  INFO [main] ql.Driver: Starting task [Stage-0:DDL] in serial mode
2024-04-24T06:30:26,392  INFO [main] HiveMetaStore.audit: ugi=alex	ip=unknown-ip-addr	cmd=create_table_req: Table(tableName:nonAcidOrcTbl, dbName:default, owner:alex, createTime:1713965426, lastAccessTime:0, retention:0, sd:StorageDescriptor(cols:[FieldSchema(name:a, type:int, comment:null), FieldSchema(name:b, type:int, comment:null)], location:null, inputFormat:org.apache.hadoop.hive.ql.io.orc.OrcInputFormat, outputFormat:org.apache.hadoop.hive.ql.io.orc.OrcOutputFormat, compressed:false, numBuckets:2, serdeInfo:SerDeInfo(name:null, serializationLib:org.apache.hadoop.hive.ql.io.orc.OrcSerde, parameters:{serialization.format=1}), bucketCols:[a], sortCols:[], parameters:{}, skewedInfo:SkewedInfo(skewedColNames:[], skewedColValues:[], skewedColValueLocationMaps:{}), storedAsSubDirectories:false), partitionKeys:[], parameters:{bucketing_version=2, COLUMN_STATS_ACCURATE={"BASIC_STATS":"true","COLUMN_STATS":{"a":"true","b":"true"}}, numFilesErasureCoded=0, numRows=0, rawDataSize=0, totalSize=0, transactional=false, numFiles=0}, viewOriginalText:null, viewExpandedText:null, tableType:MANAGED_TABLE, privileges:PrincipalPrivilegeSet(userPrivileges:{alex=[PrivilegeGrantInfo(privilege:INSERT, createTime:-1, grantor:alex, grantorType:USER, grantOption:true), PrivilegeGrantInfo(privilege:SELECT, createTime:-1, grantor:alex, grantorType:USER, grantOption:true), PrivilegeGrantInfo(privilege:UPDATE, createTime:-1, grantor:alex, grantorType:USER, grantOption:true), PrivilegeGrantInfo(privilege:DELETE, createTime:-1, grantor:alex, grantorType:USER, grantOption:true)]}, groupPrivileges:null, rolePrivileges:null), temporary:false, catName:hive, ownerType:USER)	
2024-04-24T06:30:26,397  INFO [main] utils.FileUtils: Creating directory if it doesn't exist: file:/home/alex/Repositories/hive/ql/target/tmp/org.apache.hadoop.hive.ql.TestTxnCommands-1713965238357/warehouse/nonacidorctbl
2024-04-24T06:30:26,409  INFO [main] metadata.Hive: Dumping metastore api call timing information for : execution phase
2024-04-24T06:30:26,409  INFO [main] metadata.Hive: Total time spent in each metastore function (ms): {isCompatibleWith_(Configuration)=1, createTable_(Table)=17}
2024-04-24T06:30:26,409  INFO [main] ql.Driver: Completed executing command(queryId=alex_20240424063026_0a348ee9-51df-43d8-b87e-49cc03417922); Time taken: 0.018 seconds
2024-04-24T06:30:26,409  INFO [main] lockmgr.DbTxnManager: Stopped heartbeat for query: alex_20240424063026_0a348ee9-51df-43d8-b87e-49cc03417922
2024-04-24T06:30:26,413  INFO [main] txn.TxnHandler: Expected to move at least one record from txn_components to completed_txn_components when committing txn! txnid:9
2024-04-24T06:30:26,419  INFO [main] txn.TxnHandler: Removed transactions: ([9]) from MIN_HISTORY_LEVEL
2024-04-24T06:30:26,419  WARN [main] txn.CompactionTxnHandler: No compaction queue record found for Compaction type transaction commit. txnId:9
2024-04-24T06:30:26,419  INFO [main] ql.TxnCommandsBaseForTests: Running the query: create table nonAcidOrcTbl2(a int, b int) clustered by (a) into 2 buckets stored as orc TBLPROPERTIES ('transactional'='false')
2024-04-24T06:30:26,419  INFO [main] ql.Driver: Compiling command(queryId=alex_20240424063026_075accee-22c2-43aa-b54d-9d4f4d34818b): create table nonAcidOrcTbl2(a int, b int) clustered by (a) into 2 buckets stored as orc TBLPROPERTIES ('transactional'='false')
2024-04-24T06:30:26,422  INFO [main] txn.TxnHandler: Added entries to MIN_HISTORY_LEVEL for current txns: ([10]) with min_open_txn: 1
2024-04-24T06:30:26,422  INFO [main] lockmgr.DbTxnManager: Opened txnid:10
2024-04-24T06:30:26,423  INFO [main] parse.CalcitePlanner: Starting caching scope for: 
2024-04-24T06:30:26,423  INFO [main] parse.CalcitePlanner: Starting Semantic Analysis
2024-04-24T06:30:26,425  INFO [main] parse.CalcitePlanner: Creating table default.nonAcidOrcTbl2 position=13
2024-04-24T06:30:26,425  INFO [main] HiveMetaStore.audit: ugi=alex	ip=unknown-ip-addr	cmd=get_database: default	
2024-04-24T06:30:26,428  INFO [main] parse.CalcitePlanner: Ending caching scope for: 
2024-04-24T06:30:26,428  INFO [main] ql.Driver: Semantic Analysis Completed (retrial = false)
2024-04-24T06:30:26,428  INFO [main] ql.Driver: Created Hive schema: Schema(fieldSchemas:null, properties:null)
2024-04-24T06:30:26,428  INFO [main] metadata.Hive: Dumping metastore api call timing information for : compilation phase
2024-04-24T06:30:26,428  INFO [main] metadata.Hive: Total time spent in each metastore function (ms): {openTxn_(String, TxnType)=2, getValidWriteIds_(List, String)=2, getDatabase_(String)=3, flushCache_()=0, isCompatibleWith_(Configuration)=1, getValidTxns_(long)=1, commitTxn_(CommitTxnRequest)=9}
2024-04-24T06:30:26,428  INFO [main] ql.Driver: Completed compiling command(queryId=alex_20240424063026_075accee-22c2-43aa-b54d-9d4f4d34818b); Time taken: 0.009 seconds
2024-04-24T06:30:26,429  INFO [main] lockmgr.DbTxnManager: Setting lock request transaction to txnid:10 for queryId=alex_20240424063026_075accee-22c2-43aa-b54d-9d4f4d34818b
2024-04-24T06:30:26,429  INFO [main] lockmgr.DbLockManager: Requesting lock for queryId=alex_20240424063026_075accee-22c2-43aa-b54d-9d4f4d34818b
2024-04-24T06:30:26,443  INFO [main] lockmgr.DbLockManager: Response to queryId=alex_20240424063026_075accee-22c2-43aa-b54d-9d4f4d34818b LockResponse(lockid:4, state:ACQUIRED)
2024-04-24T06:30:26,443  INFO [main] ql.Driver: Operation CREATETABLE obtained 1 locks
2024-04-24T06:30:26,443  INFO [main] ql.Driver: Executing command(queryId=alex_20240424063026_075accee-22c2-43aa-b54d-9d4f4d34818b): create table nonAcidOrcTbl2(a int, b int) clustered by (a) into 2 buckets stored as orc TBLPROPERTIES ('transactional'='false')
2024-04-24T06:30:26,443  INFO [main] ql.Driver: Starting task [Stage-0:DDL] in serial mode
2024-04-24T06:30:26,444  INFO [main] HiveMetaStore.audit: ugi=alex	ip=unknown-ip-addr	cmd=create_table_req: Table(tableName:nonAcidOrcTbl2, dbName:default, owner:alex, createTime:1713965426, lastAccessTime:0, retention:0, sd:StorageDescriptor(cols:[FieldSchema(name:a, type:int, comment:null), FieldSchema(name:b, type:int, comment:null)], location:null, inputFormat:org.apache.hadoop.hive.ql.io.orc.OrcInputFormat, outputFormat:org.apache.hadoop.hive.ql.io.orc.OrcOutputFormat, compressed:false, numBuckets:2, serdeInfo:SerDeInfo(name:null, serializationLib:org.apache.hadoop.hive.ql.io.orc.OrcSerde, parameters:{serialization.format=1}), bucketCols:[a], sortCols:[], parameters:{}, skewedInfo:SkewedInfo(skewedColNames:[], skewedColValues:[], skewedColValueLocationMaps:{}), storedAsSubDirectories:false), partitionKeys:[], parameters:{numRows=0, totalSize=0, COLUMN_STATS_ACCURATE={"BASIC_STATS":"true","COLUMN_STATS":{"a":"true","b":"true"}}, numFiles=0, numFilesErasureCoded=0, bucketing_version=2, transactional=false, rawDataSize=0}, viewOriginalText:null, viewExpandedText:null, tableType:MANAGED_TABLE, privileges:PrincipalPrivilegeSet(userPrivileges:{alex=[PrivilegeGrantInfo(privilege:INSERT, createTime:-1, grantor:alex, grantorType:USER, grantOption:true), PrivilegeGrantInfo(privilege:SELECT, createTime:-1, grantor:alex, grantorType:USER, grantOption:true), PrivilegeGrantInfo(privilege:UPDATE, createTime:-1, grantor:alex, grantorType:USER, grantOption:true), PrivilegeGrantInfo(privilege:DELETE, createTime:-1, grantor:alex, grantorType:USER, grantOption:true)]}, groupPrivileges:null, rolePrivileges:null), temporary:false, catName:hive, ownerType:USER)	
2024-04-24T06:30:26,452  INFO [main] utils.FileUtils: Creating directory if it doesn't exist: file:/home/alex/Repositories/hive/ql/target/tmp/org.apache.hadoop.hive.ql.TestTxnCommands-1713965238357/warehouse/nonacidorctbl2
2024-04-24T06:30:26,465  INFO [main] metadata.Hive: Dumping metastore api call timing information for : execution phase
2024-04-24T06:30:26,466  INFO [main] metadata.Hive: Total time spent in each metastore function (ms): {isCompatibleWith_(Configuration)=0, createTable_(Table)=21}
2024-04-24T06:30:26,466  INFO [main] ql.Driver: Completed executing command(queryId=alex_20240424063026_075accee-22c2-43aa-b54d-9d4f4d34818b); Time taken: 0.022 seconds
2024-04-24T06:30:26,466  INFO [main] lockmgr.DbTxnManager: Stopped heartbeat for query: alex_20240424063026_075accee-22c2-43aa-b54d-9d4f4d34818b
2024-04-24T06:30:26,470  INFO [main] txn.TxnHandler: Expected to move at least one record from txn_components to completed_txn_components when committing txn! txnid:10
2024-04-24T06:30:26,475  INFO [main] txn.TxnHandler: Removed transactions: ([10]) from MIN_HISTORY_LEVEL
2024-04-24T06:30:26,475  WARN [main] txn.CompactionTxnHandler: No compaction queue record found for Compaction type transaction commit. txnId:10
2024-04-24T06:30:26,476  INFO [main] ql.TxnCommandsBaseForTests: Running the query: create temporary  table acidTbl2(a int, b int, c int) clustered by (c) into 2 buckets stored as orc TBLPROPERTIES ('transactional'='true')
2024-04-24T06:30:26,476  INFO [main] ql.Driver: Compiling command(queryId=alex_20240424063026_8ca56524-ced9-419d-958b-3434a28c4d5f): create temporary  table acidTbl2(a int, b int, c int) clustered by (c) into 2 buckets stored as orc TBLPROPERTIES ('transactional'='true')
2024-04-24T06:30:26,478  INFO [main] txn.TxnHandler: Added entries to MIN_HISTORY_LEVEL for current txns: ([11]) with min_open_txn: 1
2024-04-24T06:30:26,478  INFO [main] lockmgr.DbTxnManager: Opened txnid:11
2024-04-24T06:30:26,479  INFO [main] parse.CalcitePlanner: Starting caching scope for: 
2024-04-24T06:30:26,479  INFO [main] parse.CalcitePlanner: Starting Semantic Analysis
2024-04-24T06:30:26,481  INFO [main] parse.CalcitePlanner: Creating table default.acidTbl2 position=24
2024-04-24T06:30:26,481  INFO [main] HiveMetaStore.audit: ugi=alex	ip=unknown-ip-addr	cmd=get_database: default	
2024-04-24T06:30:26,483  INFO [main] parse.CalcitePlanner: Ending caching scope for: 
2024-04-24T06:30:26,483  INFO [main] ql.Driver: Semantic Analysis Completed (retrial = false)
2024-04-24T06:30:26,483  INFO [main] ql.Driver: Created Hive schema: Schema(fieldSchemas:null, properties:null)
2024-04-24T06:30:26,483  INFO [main] metadata.Hive: Dumping metastore api call timing information for : compilation phase
2024-04-24T06:30:26,483  INFO [main] metadata.Hive: Total time spent in each metastore function (ms): {getValidTxns_(long)=0, openTxn_(String, TxnType)=1, getValidWriteIds_(List, String)=2, commitTxn_(CommitTxnRequest)=10, getDatabase_(String)=2, isCompatibleWith_(Configuration)=0, flushCache_()=0}
2024-04-24T06:30:26,483  INFO [main] ql.Driver: Completed compiling command(queryId=alex_20240424063026_8ca56524-ced9-419d-958b-3434a28c4d5f); Time taken: 0.007 seconds
2024-04-24T06:30:26,484  INFO [main] lockmgr.DbTxnManager: Setting lock request transaction to txnid:11 for queryId=alex_20240424063026_8ca56524-ced9-419d-958b-3434a28c4d5f
2024-04-24T06:30:26,484  INFO [main] lockmgr.DbLockManager: Requesting lock for queryId=alex_20240424063026_8ca56524-ced9-419d-958b-3434a28c4d5f
2024-04-24T06:30:26,497  INFO [main] lockmgr.DbLockManager: Response to queryId=alex_20240424063026_8ca56524-ced9-419d-958b-3434a28c4d5f LockResponse(lockid:5, state:ACQUIRED)
2024-04-24T06:30:26,497  INFO [main] ql.Driver: Operation CREATETABLE obtained 1 locks
2024-04-24T06:30:26,498  INFO [main] ql.Driver: Executing command(queryId=alex_20240424063026_8ca56524-ced9-419d-958b-3434a28c4d5f): create temporary  table acidTbl2(a int, b int, c int) clustered by (c) into 2 buckets stored as orc TBLPROPERTIES ('transactional'='true')
2024-04-24T06:30:26,498  INFO [main] ql.Driver: Starting task [Stage-0:DDL] in serial mode
2024-04-24T06:30:26,499  INFO [main] utils.FileUtils: Creating directory if it doesn't exist: file:/home/alex/Repositories/hive/ql/target/tmp/scratchdir/alex/09e60267-a5b4-4cbb-b12e-433ef09eef26/_tmp_space.db/c58b86b7-1b62-4ccd-8d54-bfb419113c30
2024-04-24T06:30:26,501  INFO [main] metadata.Hive: Dumping metastore api call timing information for : execution phase
2024-04-24T06:30:26,502  INFO [main] metadata.Hive: Total time spent in each metastore function (ms): {createTable_(Table)=2, isCompatibleWith_(Configuration)=0}
2024-04-24T06:30:26,502  INFO [main] ql.Driver: Completed executing command(queryId=alex_20240424063026_8ca56524-ced9-419d-958b-3434a28c4d5f); Time taken: 0.003 seconds
2024-04-24T06:30:26,502  INFO [main] lockmgr.DbTxnManager: Stopped heartbeat for query: alex_20240424063026_8ca56524-ced9-419d-958b-3434a28c4d5f
2024-04-24T06:30:26,506  INFO [main] txn.TxnHandler: Expected to move at least one record from txn_components to completed_txn_components when committing txn! txnid:11
2024-04-24T06:30:26,512  INFO [main] txn.TxnHandler: Removed transactions: ([11]) from MIN_HISTORY_LEVEL
2024-04-24T06:30:26,513  WARN [main] txn.CompactionTxnHandler: No compaction queue record found for Compaction type transaction commit. txnId:11
2024-04-24T06:30:26,513  INFO [main] ql.TxnCommandsBaseForTests: Running the query: create table nonAcidNonBucket(a int, b int) stored as orc TBLPROPERTIES ('transactional'='false')
2024-04-24T06:30:26,513  INFO [main] ql.Driver: Compiling command(queryId=alex_20240424063026_0e9a3e75-a742-4bc0-87fe-da6baf5afbfe): create table nonAcidNonBucket(a int, b int) stored as orc TBLPROPERTIES ('transactional'='false')
2024-04-24T06:30:26,516  INFO [main] txn.TxnHandler: Added entries to MIN_HISTORY_LEVEL for current txns: ([12]) with min_open_txn: 1
2024-04-24T06:30:26,516  INFO [main] lockmgr.DbTxnManager: Opened txnid:12
2024-04-24T06:30:26,516  INFO [main] parse.CalcitePlanner: Starting caching scope for: 
2024-04-24T06:30:26,516  INFO [main] parse.CalcitePlanner: Starting Semantic Analysis
2024-04-24T06:30:26,519  INFO [main] parse.CalcitePlanner: Creating table default.nonAcidNonBucket position=13
2024-04-24T06:30:26,519  INFO [main] HiveMetaStore.audit: ugi=alex	ip=unknown-ip-addr	cmd=get_database: default	
2024-04-24T06:30:26,520  INFO [main] parse.CalcitePlanner: Ending caching scope for: 
2024-04-24T06:30:26,520  INFO [main] ql.Driver: Semantic Analysis Completed (retrial = false)
2024-04-24T06:30:26,520  INFO [main] ql.Driver: Created Hive schema: Schema(fieldSchemas:null, properties:null)
2024-04-24T06:30:26,520  INFO [main] metadata.Hive: Dumping metastore api call timing information for : compilation phase
2024-04-24T06:30:26,520  INFO [main] metadata.Hive: Total time spent in each metastore function (ms): {getDatabase_(String)=1, openTxn_(String, TxnType)=2, commitTxn_(CommitTxnRequest)=11, isCompatibleWith_(Configuration)=0, getValidWriteIds_(List, String)=3, getValidTxns_(long)=0, flushCache_()=0}
2024-04-24T06:30:26,521  INFO [main] ql.Driver: Completed compiling command(queryId=alex_20240424063026_0e9a3e75-a742-4bc0-87fe-da6baf5afbfe); Time taken: 0.007 seconds
2024-04-24T06:30:26,521  INFO [main] lockmgr.DbTxnManager: Setting lock request transaction to txnid:12 for queryId=alex_20240424063026_0e9a3e75-a742-4bc0-87fe-da6baf5afbfe
2024-04-24T06:30:26,521  INFO [main] lockmgr.DbLockManager: Requesting lock for queryId=alex_20240424063026_0e9a3e75-a742-4bc0-87fe-da6baf5afbfe
2024-04-24T06:30:26,535  INFO [main] lockmgr.DbLockManager: Response to queryId=alex_20240424063026_0e9a3e75-a742-4bc0-87fe-da6baf5afbfe LockResponse(lockid:6, state:ACQUIRED)
2024-04-24T06:30:26,535  INFO [main] ql.Driver: Operation CREATETABLE obtained 1 locks
2024-04-24T06:30:26,535  INFO [main] ql.Driver: Executing command(queryId=alex_20240424063026_0e9a3e75-a742-4bc0-87fe-da6baf5afbfe): create table nonAcidNonBucket(a int, b int) stored as orc TBLPROPERTIES ('transactional'='false')
2024-04-24T06:30:26,535  INFO [main] ql.Driver: Starting task [Stage-0:DDL] in serial mode
2024-04-24T06:30:26,536  INFO [main] HiveMetaStore.audit: ugi=alex	ip=unknown-ip-addr	cmd=create_table_req: Table(tableName:nonAcidNonBucket, dbName:default, owner:alex, createTime:1713965426, lastAccessTime:0, retention:0, sd:StorageDescriptor(cols:[FieldSchema(name:a, type:int, comment:null), FieldSchema(name:b, type:int, comment:null)], location:null, inputFormat:org.apache.hadoop.hive.ql.io.orc.OrcInputFormat, outputFormat:org.apache.hadoop.hive.ql.io.orc.OrcOutputFormat, compressed:false, numBuckets:-1, serdeInfo:SerDeInfo(name:null, serializationLib:org.apache.hadoop.hive.ql.io.orc.OrcSerde, parameters:{serialization.format=1}), bucketCols:[], sortCols:[], parameters:{}, skewedInfo:SkewedInfo(skewedColNames:[], skewedColValues:[], skewedColValueLocationMaps:{}), storedAsSubDirectories:false), partitionKeys:[], parameters:{numFilesErasureCoded=0, numFiles=0, rawDataSize=0, COLUMN_STATS_ACCURATE={"BASIC_STATS":"true","COLUMN_STATS":{"a":"true","b":"true"}}, bucketing_version=2, totalSize=0, numRows=0, transactional=false}, viewOriginalText:null, viewExpandedText:null, tableType:MANAGED_TABLE, privileges:PrincipalPrivilegeSet(userPrivileges:{alex=[PrivilegeGrantInfo(privilege:INSERT, createTime:-1, grantor:alex, grantorType:USER, grantOption:true), PrivilegeGrantInfo(privilege:SELECT, createTime:-1, grantor:alex, grantorType:USER, grantOption:true), PrivilegeGrantInfo(privilege:UPDATE, createTime:-1, grantor:alex, grantorType:USER, grantOption:true), PrivilegeGrantInfo(privilege:DELETE, createTime:-1, grantor:alex, grantorType:USER, grantOption:true)]}, groupPrivileges:null, rolePrivileges:null), temporary:false, catName:hive, ownerType:USER)	
2024-04-24T06:30:26,541  INFO [main] utils.FileUtils: Creating directory if it doesn't exist: file:/home/alex/Repositories/hive/ql/target/tmp/org.apache.hadoop.hive.ql.TestTxnCommands-1713965238357/warehouse/nonacidnonbucket
2024-04-24T06:30:26,554  INFO [main] metadata.Hive: Dumping metastore api call timing information for : execution phase
2024-04-24T06:30:26,554  INFO [main] metadata.Hive: Total time spent in each metastore function (ms): {isCompatibleWith_(Configuration)=1, createTable_(Table)=18}
2024-04-24T06:30:26,554  INFO [main] ql.Driver: Completed executing command(queryId=alex_20240424063026_0e9a3e75-a742-4bc0-87fe-da6baf5afbfe); Time taken: 0.019 seconds
2024-04-24T06:30:26,554  INFO [main] lockmgr.DbTxnManager: Stopped heartbeat for query: alex_20240424063026_0e9a3e75-a742-4bc0-87fe-da6baf5afbfe
2024-04-24T06:30:26,558  INFO [main] txn.TxnHandler: Expected to move at least one record from txn_components to completed_txn_components when committing txn! txnid:12
2024-04-24T06:30:26,564  INFO [main] txn.TxnHandler: Removed transactions: ([12]) from MIN_HISTORY_LEVEL
2024-04-24T06:30:26,564  WARN [main] txn.CompactionTxnHandler: No compaction queue record found for Compaction type transaction commit. txnId:12
2024-04-24T06:30:26,564  INFO [main] ql.TxnCommandsBaseForTests: Running the query: insert into acidTbl(a,b)  values(1,2),(3,4)
2024-04-24T06:30:26,565  INFO [main] ql.Driver: Compiling command(queryId=alex_20240424063026_9fcf6533-a2ef-4bd8-8431-88ef45f0fdbb): insert into acidTbl(a,b)  values(1,2),(3,4)
2024-04-24T06:30:26,567  INFO [main] txn.TxnHandler: Added entries to MIN_HISTORY_LEVEL for current txns: ([13]) with min_open_txn: 1
2024-04-24T06:30:26,567  INFO [main] lockmgr.DbTxnManager: Opened txnid:13
2024-04-24T06:30:26,568  INFO [main] parse.CalcitePlanner: Starting caching scope for: 
2024-04-24T06:30:26,568  INFO [main] parse.CalcitePlanner: Starting Semantic Analysis
2024-04-24T06:30:26,570  INFO [main] HiveMetaStore.audit: ugi=alex	ip=unknown-ip-addr	cmd=get_table : tbl=hive.default.acidTbl	
2024-04-24T06:30:26,588  INFO [main] metastore.HMSHandler: Skipping translation for processor with null
2024-04-24T06:30:26,588  INFO [main] parse.CalcitePlanner: Completed phase 1 of Semantic Analysis
2024-04-24T06:30:26,588  INFO [main] parse.CalcitePlanner: Get metadata for source tables
2024-04-24T06:30:26,588  INFO [main] parse.CalcitePlanner: Get metadata for subqueries
2024-04-24T06:30:26,588  INFO [main] parse.CalcitePlanner: Get metadata for destination tables
2024-04-24T06:30:26,588  INFO [main] HiveMetaStore.audit: ugi=alex	ip=unknown-ip-addr	cmd=get_table : tbl=hive.default.acidTbl	
2024-04-24T06:30:26,594  INFO [main] metastore.HMSHandler: Skipping translation for processor with null
2024-04-24T06:30:26,594  INFO [main] parse.CalcitePlanner: Completed getting MetaData in Semantic Analysis
2024-04-24T06:30:26,594  INFO [main] parse.CalcitePlanner: Disabling LLAP IO encode as ETL query is detected
2024-04-24T06:30:26,613  INFO [main] HiveMetaStore.audit: ugi=alex	ip=unknown-ip-addr	cmd=get_all_table_constraints : tbl=hive._dummy_database._dummy_table	
2024-04-24T06:30:26,678  INFO [main] parse.CalcitePlanner: Get metadata for source tables
2024-04-24T06:30:26,678  INFO [main] parse.CalcitePlanner: Get metadata for subqueries
2024-04-24T06:30:26,678  INFO [main] parse.CalcitePlanner: Get metadata for source tables
2024-04-24T06:30:26,679  INFO [main] HiveMetaStore.audit: ugi=alex	ip=unknown-ip-addr	cmd=get_table : tbl=hive._dummy_database._dummy_table	
2024-04-24T06:30:26,681  INFO [main] parse.CalcitePlanner: Get metadata for subqueries
2024-04-24T06:30:26,681  INFO [main] parse.CalcitePlanner: Get metadata for destination tables
2024-04-24T06:30:26,681  INFO [main] parse.CalcitePlanner: Get metadata for destination tables
2024-04-24T06:30:26,681  INFO [main] HiveMetaStore.audit: ugi=alex	ip=unknown-ip-addr	cmd=get_table : tbl=hive.default.acidTbl	
2024-04-24T06:30:26,687  INFO [main] metastore.HMSHandler: Skipping translation for processor with null
2024-04-24T06:30:26,688  INFO [main] HiveMetaStore.audit: ugi=alex	ip=unknown-ip-addr	cmd=get_not_null_constraints : tbl=hive.default.acidtbl	
2024-04-24T06:30:26,689  INFO [main] HiveMetaStore.audit: ugi=alex	ip=unknown-ip-addr	cmd=get_check_constraints : tbl=hive.default.acidtbl	
2024-04-24T06:30:26,696  INFO [main] txn.TxnHandler: Allocated writeId: 1 for txnId: 13
2024-04-24T06:30:26,697  INFO [main] txn.TxnHandler: Allocated write ids for dbName=default, tblName=acidtbl (txnIds: [13])
2024-04-24T06:30:26,697  INFO [main] parse.CalcitePlanner: CBO Succeeded; optimized logical plan.
2024-04-24T06:30:26,700  INFO [main] optimizer.ColumnPrunerProcFactory: RS 4 oldColExprMap: {VALUE._col0=Column[_col1], KEY.reducesinkkey0=Column[_col0]}
2024-04-24T06:30:26,700  INFO [main] optimizer.ColumnPrunerProcFactory: RS 4 newColExprMap: {VALUE._col0=Column[_col1], KEY.reducesinkkey0=Column[_col0]}
2024-04-24T06:30:26,701  INFO [main] optimizer.BucketVersionPopulator: not considering bucketingVersion for: TS[0] because it has -1<2 buckets 
2024-04-24T06:30:26,701  INFO [main] optimizer.SortedDynPartitionOptimizer: Sorted dynamic partitioning optimization kicked in..
2024-04-24T06:30:26,709  INFO [main] HiveMetaStore.audit: ugi=alex	ip=unknown-ip-addr	cmd=get_table : tbl=hive.default.acidtbl	
2024-04-24T06:30:26,715  INFO [main] metastore.HMSHandler: Skipping translation for processor with null
2024-04-24T06:30:26,715  INFO [main] parse.CalcitePlanner: Completed plan generation
2024-04-24T06:30:26,715  INFO [main] parse.CalcitePlanner: Ending caching scope for: 
2024-04-24T06:30:26,715  INFO [main] ql.Driver: Semantic Analysis Completed (retrial = false)
2024-04-24T06:30:26,716  INFO [main] ql.Driver: Created Hive schema: Schema(fieldSchemas:[FieldSchema(name:_col0, type:int, comment:null), FieldSchema(name:_col1, type:int, comment:null)], properties:null)
2024-04-24T06:30:26,716  INFO [main] metadata.Hive: Dumping metastore api call timing information for : compilation phase
2024-04-24T06:30:26,716  INFO [main] metadata.Hive: Total time spent in each metastore function (ms): {commitTxn_(CommitTxnRequest)=9, getTable_(GetTableRequest)=36, getValidWriteIds_(List, String)=3, getNotNullConstraints_(NotNullConstraintsRequest)=1, getAllTableConstraints_(AllTableConstraintsRequest)=25, openTxn_(String, TxnType)=2, allocateTableWriteId_(long, String, String)=7, flushCache_()=0, getValidTxns_(long)=1, getCheckConstraints_(CheckConstraintsRequest)=1, isCompatibleWith_(Configuration)=2}
2024-04-24T06:30:26,716  INFO [main] ql.Driver: Completed compiling command(queryId=alex_20240424063026_9fcf6533-a2ef-4bd8-8431-88ef45f0fdbb); Time taken: 0.151 seconds
2024-04-24T06:30:26,716  INFO [main] lockmgr.DbTxnManager: Setting lock request transaction to txnid:13 for queryId=alex_20240424063026_9fcf6533-a2ef-4bd8-8431-88ef45f0fdbb
2024-04-24T06:30:26,716  INFO [main] lockmgr.DbLockManager: Requesting lock for queryId=alex_20240424063026_9fcf6533-a2ef-4bd8-8431-88ef45f0fdbb
2024-04-24T06:30:26,735  INFO [main] lockmgr.DbLockManager: Response to queryId=alex_20240424063026_9fcf6533-a2ef-4bd8-8431-88ef45f0fdbb LockResponse(lockid:7, state:ACQUIRED)
2024-04-24T06:30:26,735  INFO [main] ql.Driver: Operation QUERY obtained 1 locks
2024-04-24T06:30:26,737  INFO [main] ql.Driver: Executing command(queryId=alex_20240424063026_9fcf6533-a2ef-4bd8-8431-88ef45f0fdbb): insert into acidTbl(a,b)  values(1,2),(3,4)
2024-04-24T06:30:26,737  WARN [main] ql.Driver: Hive-on-MR is deprecated in Hive 2 and may not be available in the future versions. Consider using a different execution engine (i.e. spark, tez) or using Hive 1.X releases.
Query ID = alex_20240424063026_9fcf6533-a2ef-4bd8-8431-88ef45f0fdbb
2024-04-24T06:30:26,738  INFO [main] ql.Driver: Query ID = alex_20240424063026_9fcf6533-a2ef-4bd8-8431-88ef45f0fdbb
Total jobs = 1
2024-04-24T06:30:26,738  INFO [main] ql.Driver: Total jobs = 1
Launching Job 1 out of 1
2024-04-24T06:30:26,738  INFO [main] ql.Driver: Launching Job 1 out of 1
2024-04-24T06:30:26,860  INFO [main] ql.Driver: Starting task [Stage-1:MAPRED] in serial mode
Number of reduce tasks determined at compile time: 2
2024-04-24T06:30:26,860  INFO [main] exec.Task: Number of reduce tasks determined at compile time: 2
In order to change the average load for a reducer (in bytes):
2024-04-24T06:30:26,860  INFO [main] exec.Task: In order to change the average load for a reducer (in bytes):
  set hive.exec.reducers.bytes.per.reducer=<number>
2024-04-24T06:30:26,860  INFO [main] exec.Task:   set hive.exec.reducers.bytes.per.reducer=<number>
In order to limit the maximum number of reducers:
2024-04-24T06:30:26,860  INFO [main] exec.Task: In order to limit the maximum number of reducers:
  set hive.exec.reducers.max=<number>
2024-04-24T06:30:26,860  INFO [main] exec.Task:   set hive.exec.reducers.max=<number>
In order to set a constant number of reducers:
2024-04-24T06:30:26,860  INFO [main] exec.Task: In order to set a constant number of reducers:
  set mapreduce.job.reduces=<number>
2024-04-24T06:30:26,860  INFO [main] exec.Task:   set mapreduce.job.reduces=<number>
2024-04-24T06:30:26,863  INFO [main] mr.ExecDriver: Using org.apache.hadoop.hive.ql.io.HiveInputFormat
2024-04-24T06:30:26,863  INFO [main] exec.Utilities: Processing alias $hdt$_0:_dummy_table
2024-04-24T06:30:26,863  INFO [main] exec.Utilities: Adding 1 inputs; the first input is file:/home/alex/Repositories/hive/ql/target/tmp/localscratchdir/09e60267-a5b4-4cbb-b12e-433ef09eef26/hive_2024-04-24_06-30-26_565_8472211284430427014-1/dummy_path
2024-04-24T06:30:26,872  INFO [main] exec.SerializationUtilities: Serializing MapWork using kryo
2024-04-24T06:30:26,873  INFO [main] exec.Utilities: Serialized plan (via FILE) - name: null size: 4,99KB
2024-04-24T06:30:26,877  INFO [main] exec.SerializationUtilities: Serializing ReduceWork using kryo
2024-04-24T06:30:26,878  INFO [main] exec.Utilities: Serialized plan (via FILE) - name: null size: 5,92KB
2024-04-24T06:30:26,879  WARN [main] impl.MetricsSystemImpl: JobTracker metrics system already initialized!
2024-04-24T06:30:26,882  INFO [main] fs.FSStatsPublisher: created : file:/home/alex/Repositories/hive/ql/target/tmp/localscratchdir/09e60267-a5b4-4cbb-b12e-433ef09eef26/hive_2024-04-24_06-30-26_565_8472211284430427014-1/-mr-10000
2024-04-24T06:30:26,884  WARN [main] impl.MetricsSystemImpl: JobTracker metrics system already initialized!
2024-04-24T06:30:26,890  WARN [main] mapreduce.JobResourceUploader: Hadoop command-line option parsing not performed. Implement the Tool interface and execute your application with ToolRunner to remedy this.
2024-04-24T06:30:26,895  WARN [main] mapreduce.JobResourceUploader: No job jar file set.  User classes may not be found. See Job or Job#setJar(String).
2024-04-24T06:30:26,896  INFO [main] io.HiveInputFormat: hive.io.file.readcolumn.ids = 
2024-04-24T06:30:26,896  INFO [main] io.HiveInputFormat: hive.io.file.readcolumn.names = 
2024-04-24T06:30:26,896  INFO [main] io.HiveInputFormat: Generating splits for dirs: file:/home/alex/Repositories/hive/ql/target/tmp/localscratchdir/09e60267-a5b4-4cbb-b12e-433ef09eef26/hive_2024-04-24_06-30-26_565_8472211284430427014-1/dummy_path
2024-04-24T06:30:26,897  INFO [main] io.HiveInputFormat: number of splits 1
2024-04-24T06:30:26,913  INFO [main] mapreduce.JobSubmitter: number of splits:1
2024-04-24T06:30:26,931  INFO [main] mapreduce.JobSubmitter: Submitting tokens for job: job_local1987492903_0072
2024-04-24T06:30:26,931  INFO [main] mapreduce.JobSubmitter: Executing with tokens: []
2024-04-24T06:30:27,004  INFO [main] mapreduce.Job: The url to track the job: http://localhost:8080/
Job running in-process (local Hadoop)
2024-04-24T06:30:27,004  INFO [main] exec.Task: Job running in-process (local Hadoop)
2024-04-24T06:30:27,005  INFO [Thread-6142] mapred.LocalJobRunner: OutputCommitter set in config org.apache.hadoop.hive.ql.io.HiveFileFormatUtils$NullOutputCommitter
2024-04-24T06:30:27,005  INFO [Thread-6142] mapred.LocalJobRunner: OutputCommitter is org.apache.hadoop.hive.ql.io.HiveFileFormatUtils$NullOutputCommitter
2024-04-24T06:30:27,006  INFO [Thread-6142] mapred.LocalJobRunner: Waiting for map tasks
2024-04-24T06:30:27,006  INFO [LocalJobRunner Map Task Executor #0] mapred.LocalJobRunner: Starting task: attempt_local1987492903_0072_m_000000_0
2024-04-24T06:30:27,009  INFO [LocalJobRunner Map Task Executor #0] mapred.Task:  Using ResourceCalculatorProcessTree : [ ]
2024-04-24T06:30:27,009  INFO [LocalJobRunner Map Task Executor #0] mapred.MapTask: Processing split: org.apache.hadoop.hive.ql.io.NullRowsInputFormat:file:/home/alex/Repositories/hive/ql/target/tmp/localscratchdir/09e60267-a5b4-4cbb-b12e-433ef09eef26/hive_2024-04-24_06-30-26_565_8472211284430427014-1/dummy_path/null:0+1
2024-04-24T06:30:27,011  INFO [LocalJobRunner Map Task Executor #0] exec.SerializationUtilities: Deserializing MapWork using kryo
2024-04-24T06:30:27,012  INFO [LocalJobRunner Map Task Executor #0] exec.Utilities: Deserialized plan (via FILE) - name: null size: 4,99KB
2024-04-24T06:30:27,012  INFO [LocalJobRunner Map Task Executor #0] mapred.MapTask: numReduceTasks: 2
2024-04-24T06:30:27,016  INFO [LocalJobRunner Map Task Executor #0] mapred.MapTask: (EQUATOR) 0 kvi 26214396(104857584)
2024-04-24T06:30:27,016  INFO [LocalJobRunner Map Task Executor #0] mapred.MapTask: mapreduce.task.io.sort.mb: 100
2024-04-24T06:30:27,016  INFO [LocalJobRunner Map Task Executor #0] mapred.MapTask: soft limit at 83886080
2024-04-24T06:30:27,016  INFO [LocalJobRunner Map Task Executor #0] mapred.MapTask: bufstart = 0; bufvoid = 104857600
2024-04-24T06:30:27,016  INFO [LocalJobRunner Map Task Executor #0] mapred.MapTask: kvstart = 26214396; length = 6553600
2024-04-24T06:30:27,017  INFO [LocalJobRunner Map Task Executor #0] mapred.MapTask: Map output collector class = org.apache.hadoop.mapred.MapTask$MapOutputBuffer
2024-04-24T06:30:27,017  INFO [LocalJobRunner Map Task Executor #0] exec.MapOperator: Initializing Operator: MAP[0]
2024-04-24T06:30:27,017  INFO [LocalJobRunner Map Task Executor #0] mr.ExecMapper: 
<MAP>Id =0
  <Children>null
  <\Children>
  <Parent><\Parent>
<\MAP>
2024-04-24T06:30:27,018  INFO [LocalJobRunner Map Task Executor #0] exec.TableScanOperator: Initializing Operator: TS[0]
2024-04-24T06:30:27,018  INFO [LocalJobRunner Map Task Executor #0] exec.SelectOperator: Initializing Operator: SEL[1]
2024-04-24T06:30:27,018  INFO [LocalJobRunner Map Task Executor #0] exec.SelectOperator: SELECT null
2024-04-24T06:30:27,018  INFO [LocalJobRunner Map Task Executor #0] exec.UDTFOperator: Initializing Operator: UDTF[2]
2024-04-24T06:30:27,018  INFO [LocalJobRunner Map Task Executor #0] exec.SelectOperator: Initializing Operator: SEL[3]
2024-04-24T06:30:27,018  INFO [LocalJobRunner Map Task Executor #0] exec.SelectOperator: SELECT struct<col1:int,col2:int>
2024-04-24T06:30:27,018  INFO [LocalJobRunner Map Task Executor #0] exec.ReduceSinkOperator: Initializing Operator: RS[4]
2024-04-24T06:30:27,018  INFO [LocalJobRunner Map Task Executor #0] exec.ReduceSinkOperator: Using tag = -1
2024-04-24T06:30:27,019  INFO [LocalJobRunner Map Task Executor #0] exec.ReduceSinkOperator: keys are [reducesinkkey0] num distributions: 1
2024-04-24T06:30:27,019  INFO [LocalJobRunner Map Task Executor #0] exec.ReduceSinkOperator: RS[4]: records written - 1
2024-04-24T06:30:27,019  INFO [LocalJobRunner Map Task Executor #0] exec.MapOperator: MAP[0]: records read - 1
2024-04-24T06:30:27,019  INFO [LocalJobRunner Map Task Executor #0] exec.MapOperator: Closing Operator: MAP[0]
2024-04-24T06:30:27,019  INFO [LocalJobRunner Map Task Executor #0] exec.MapOperator: MAP[0]: Total records read - 3. abort - false
2024-04-24T06:30:27,019  INFO [LocalJobRunner Map Task Executor #0] exec.MapOperator: RECORDS_OUT_INTERMEDIATE:0, DESERIALIZE_ERRORS:0, RECORDS_IN:3, RECORDS_OUT_OPERATOR_MAP_0:0, 
2024-04-24T06:30:27,019  INFO [LocalJobRunner Map Task Executor #0] exec.TableScanOperator: Closing Operator: TS[0]
2024-04-24T06:30:27,019  INFO [LocalJobRunner Map Task Executor #0] exec.TableScanOperator: RECORDS_OUT_OPERATOR_TS_0:1, RECORDS_OUT_INTERMEDIATE:0, 
2024-04-24T06:30:27,019  INFO [LocalJobRunner Map Task Executor #0] exec.SelectOperator: Closing Operator: SEL[1]
2024-04-24T06:30:27,019  INFO [LocalJobRunner Map Task Executor #0] exec.SelectOperator: RECORDS_OUT_OPERATOR_SEL_1:1, RECORDS_OUT_INTERMEDIATE:0, 
2024-04-24T06:30:27,020  INFO [LocalJobRunner Map Task Executor #0] exec.UDTFOperator: Closing Operator: UDTF[2]
2024-04-24T06:30:27,020  INFO [LocalJobRunner Map Task Executor #0] exec.UDTFOperator: RECORDS_OUT_OPERATOR_UDTF_2:2, RECORDS_OUT_INTERMEDIATE:0, 
2024-04-24T06:30:27,020  INFO [LocalJobRunner Map Task Executor #0] exec.SelectOperator: Closing Operator: SEL[3]
2024-04-24T06:30:27,020  INFO [LocalJobRunner Map Task Executor #0] exec.SelectOperator: RECORDS_OUT_OPERATOR_SEL_3:2, RECORDS_OUT_INTERMEDIATE:0, 
2024-04-24T06:30:27,020  INFO [LocalJobRunner Map Task Executor #0] exec.ReduceSinkOperator: Closing Operator: RS[4]
2024-04-24T06:30:27,020  INFO [LocalJobRunner Map Task Executor #0] exec.ReduceSinkOperator: RS[4]: Total records written - 2. abort - false
2024-04-24T06:30:27,020  INFO [LocalJobRunner Map Task Executor #0] exec.ReduceSinkOperator: RECORDS_OUT_INTERMEDIATE:2, RECORDS_OUT_OPERATOR_RS_4:2, 
2024-04-24T06:30:27,022  INFO [LocalJobRunner Map Task Executor #0] mapred.LocalJobRunner: 
2024-04-24T06:30:27,022  INFO [LocalJobRunner Map Task Executor #0] mapred.MapTask: Starting flush of map output
2024-04-24T06:30:27,022  INFO [LocalJobRunner Map Task Executor #0] mapred.MapTask: Spilling map output
2024-04-24T06:30:27,022  INFO [LocalJobRunner Map Task Executor #0] mapred.MapTask: bufstart = 0; bufend = 32; bufvoid = 104857600
2024-04-24T06:30:27,022  INFO [LocalJobRunner Map Task Executor #0] mapred.MapTask: kvstart = 26214396(104857584); kvend = 26214392(104857568); length = 5/6553600
2024-04-24T06:30:27,035  INFO [LocalJobRunner Map Task Executor #0] mapred.MapTask: Finished spill 0
2024-04-24T06:30:27,045  INFO [LocalJobRunner Map Task Executor #0] mapred.Task: Task:attempt_local1987492903_0072_m_000000_0 is done. And is in the process of committing
2024-04-24T06:30:27,046  INFO [LocalJobRunner Map Task Executor #0] mapred.LocalJobRunner: map
2024-04-24T06:30:27,046  INFO [LocalJobRunner Map Task Executor #0] mapred.Task: Task 'attempt_local1987492903_0072_m_000000_0' done.
2024-04-24T06:30:27,046  INFO [LocalJobRunner Map Task Executor #0] mapred.Task: Final Counters for attempt_local1987492903_0072_m_000000_0: Counters: 31
	File System Counters
		FILE: Number of bytes read=1442500
		FILE: Number of bytes written=84874163
		FILE: Number of read operations=0
		FILE: Number of large read operations=0
		FILE: Number of write operations=0
		HDFS: Number of bytes read=0
		HDFS: Number of bytes written=0
		HDFS: Number of read operations=0
		HDFS: Number of large read operations=0
		HDFS: Number of write operations=0
	Map-Reduce Framework
		Map input records=4
		Map output records=2
		Map output bytes=32
		Map output materialized bytes=48
		Input split bytes=361
		Combine input records=0
		Spilled Records=2
		Failed Shuffles=0
		Merged Map outputs=0
		GC time elapsed (ms)=0
		Total committed heap usage (bytes)=1334312960
	HIVE
		DESERIALIZE_ERRORS=0
		RECORDS_IN=3
		RECORDS_OUT_INTERMEDIATE=2
		RECORDS_OUT_OPERATOR_MAP_0=0
		RECORDS_OUT_OPERATOR_RS_4=2
		RECORDS_OUT_OPERATOR_SEL_1=1
		RECORDS_OUT_OPERATOR_SEL_3=2
		RECORDS_OUT_OPERATOR_TS_0=1
		RECORDS_OUT_OPERATOR_UDTF_2=2
	File Input Format Counters 
		Bytes Read=5039
2024-04-24T06:30:27,046  INFO [LocalJobRunner Map Task Executor #0] mapred.LocalJobRunner: Finishing task: attempt_local1987492903_0072_m_000000_0
2024-04-24T06:30:27,046  INFO [Thread-6142] mapred.LocalJobRunner: map task executor complete.
2024-04-24T06:30:27,049  INFO [Thread-6142] mapred.LocalJobRunner: Waiting for reduce tasks
2024-04-24T06:30:27,049  INFO [pool-355-thread-1] mapred.LocalJobRunner: Starting task: attempt_local1987492903_0072_r_000000_0
2024-04-24T06:30:27,053  INFO [pool-355-thread-1] mapred.Task:  Using ResourceCalculatorProcessTree : [ ]
2024-04-24T06:30:27,054  INFO [pool-355-thread-1] mapred.ReduceTask: Using ShuffleConsumerPlugin: org.apache.hadoop.mapreduce.task.reduce.Shuffle@510fe238
2024-04-24T06:30:27,054  WARN [pool-355-thread-1] impl.MetricsSystemImpl: JobTracker metrics system already initialized!
2024-04-24T06:30:27,055  INFO [pool-355-thread-1] reduce.MergeManagerImpl: MergerManager: memoryLimit=1336252800, maxSingleShuffleLimit=334063200, mergeThreshold=881926912, ioSortFactor=10, memToMemMergeOutputsThreshold=10
2024-04-24T06:30:27,057  INFO [EventFetcher for fetching Map Completion Events] reduce.EventFetcher: attempt_local1987492903_0072_r_000000_0 Thread started: EventFetcher for fetching Map Completion Events
2024-04-24T06:30:27,062  INFO [localfetcher#97] reduce.LocalFetcher: localfetcher#97 about to shuffle output of map attempt_local1987492903_0072_m_000000_0 decomp: 20 len: 24 to MEMORY
2024-04-24T06:30:27,062  INFO [localfetcher#97] reduce.InMemoryMapOutput: Read 20 bytes from map-output for attempt_local1987492903_0072_m_000000_0
2024-04-24T06:30:27,062  INFO [localfetcher#97] reduce.MergeManagerImpl: closeInMemoryFile -> map-output of size: 20, inMemoryMapOutputs.size() -> 1, commitMemory -> 0, usedMemory ->20
2024-04-24T06:30:27,063  INFO [EventFetcher for fetching Map Completion Events] reduce.EventFetcher: EventFetcher is interrupted.. Returning
2024-04-24T06:30:27,063  INFO [pool-355-thread-1] mapred.LocalJobRunner: 1 / 1 copied.
2024-04-24T06:30:27,064  INFO [pool-355-thread-1] reduce.MergeManagerImpl: finalMerge called with 1 in-memory map-outputs and 0 on-disk map-outputs
2024-04-24T06:30:27,073  INFO [pool-355-thread-1] mapred.Merger: Merging 1 sorted segments
2024-04-24T06:30:27,073  INFO [pool-355-thread-1] mapred.Merger: Down to the last merge-pass, with 1 segments left of total size: 8 bytes
2024-04-24T06:30:27,078  INFO [pool-355-thread-1] reduce.MergeManagerImpl: Merged 1 segments, 20 bytes to disk to satisfy reduce memory limit
2024-04-24T06:30:27,078  INFO [pool-355-thread-1] reduce.MergeManagerImpl: Merging 1 files, 24 bytes from disk
2024-04-24T06:30:27,079  INFO [pool-355-thread-1] reduce.MergeManagerImpl: Merging 0 segments, 0 bytes from memory into reduce
2024-04-24T06:30:27,079  INFO [pool-355-thread-1] mapred.Merger: Merging 1 sorted segments
2024-04-24T06:30:27,079  INFO [pool-355-thread-1] mapred.Merger: Down to the last merge-pass, with 1 segments left of total size: 8 bytes
2024-04-24T06:30:27,079  INFO [pool-355-thread-1] mapred.LocalJobRunner: 1 / 1 copied.
2024-04-24T06:30:27,080  INFO [pool-355-thread-1] exec.SerializationUtilities: Deserializing ReduceWork using kryo
2024-04-24T06:30:27,081  INFO [pool-355-thread-1] exec.Utilities: Deserialized plan (via FILE) - name: null size: 5,92KB
2024-04-24T06:30:27,083  INFO [pool-355-thread-1] ExecReducer: 
<SEL>Id =5
  <Children>
    <FS>Id =6
      <Children>
      <\Children>
      <Parent>Id = 5 null<\Parent>
    <\FS>
  <\Children>
  <Parent><\Parent>
<\SEL>
2024-04-24T06:30:27,083  INFO [pool-355-thread-1] exec.SelectOperator: Initializing Operator: SEL[5]
2024-04-24T06:30:27,083  INFO [pool-355-thread-1] exec.SelectOperator: SELECT struct<key:struct<reducesinkkey0:int>,value:struct<_col0:int>>
2024-04-24T06:30:27,083  INFO [pool-355-thread-1] exec.FileSinkOperator: Initializing Operator: FS[6]
2024-04-24T06:30:27,083  INFO [pool-355-thread-1] exec.FileSinkOperator: Using serializer : AbstractSerDe [log=org.apache.logging.slf4j.Log4jLogger@3c370966, configuration=Optional[Configuration: core-default.xml, core-site.xml, mapred-default.xml, mapred-site.xml, yarn-default.xml, yarn-site.xml, hdfs-default.xml, hdfs-site.xml, file:/home/alex/Repositories/hive/ql/target/tmp/TestTxnCommands/mapred/local/localRunner/alex/job_local1987492903_0072/job_local1987492903_0072.xml], properties={transactional_properties=default, name=default.acidtbl, transactional=true, columns.types=int:int, bucket_field_name=a, columns=a,b, numFilesErasureCoded=0, columns.comments=&amp#0;, bucketing_version=2, bucket_count=2, serialization.lib=org.apache.hadoop.hive.ql.io.orc.OrcSerde, file.inputformat=org.apache.hadoop.hive.ql.io.orc.OrcInputFormat, file.outputformat=org.apache.hadoop.hive.ql.io.orc.OrcOutputFormat, location=file:/home/alex/Repositories/hive/ql/target/tmp/org.apache.hadoop.hive.ql.TestTxnCommands-1713965238357/warehouse/acidtbl, column.name.delimiter=,}, tableProperties={transactional_properties=default, name=default.acidtbl, transactional=true, columns.types=int:int, bucket_field_name=a, columns=a,b, numFilesErasureCoded=0, columns.comments=&amp#0;, bucketing_version=2, bucket_count=2, serialization.lib=org.apache.hadoop.hive.ql.io.orc.OrcSerde, file.inputformat=org.apache.hadoop.hive.ql.io.orc.OrcInputFormat, location=file:/home/alex/Repositories/hive/ql/target/tmp/org.apache.hadoop.hive.ql.TestTxnCommands-1713965238357/warehouse/acidtbl, file.outputformat=org.apache.hadoop.hive.ql.io.orc.OrcOutputFormat, column.name.delimiter=,}, partitionProperties=Optional.empty, columnNames=[a, b], columnTypes=[int, int], getClass()=class org.apache.hadoop.hive.ql.io.orc.OrcSerde] and formatter : org.apache.hadoop.hive.ql.io.orc.OrcOutputFormat@265e582c
2024-04-24T06:30:27,084  INFO [pool-355-thread-1] exec.FileSinkOperator: Final Path: FS file:/home/alex/Repositories/hive/ql/target/tmp/org.apache.hadoop.hive.ql.TestTxnCommands-1713965238357/warehouse/acidtbl
2024-04-24T06:30:27,084  INFO [pool-355-thread-1] exec.FileSinkOperator: New Final Path: FS file:/home/alex/Repositories/hive/ql/target/tmp/org.apache.hadoop.hive.ql.TestTxnCommands-1713965238357/warehouse/acidtbl
2024-04-24T06:30:27,084  INFO [pool-355-thread-1] common.FileUtils: Creating directory if it doesn't exist: file:/home/alex/Repositories/hive/ql/target/tmp/org.apache.hadoop.hive.ql.TestTxnCommands-1713965238357/warehouse
2024-04-24T06:30:27,085  INFO [pool-355-thread-1] exec.FileSinkOperator: FS[6]: records written - 1
2024-04-24T06:30:27,085  INFO [pool-355-thread-1] impl.PhysicalFsWriter: ORC writer created for path: file:/home/alex/Repositories/hive/ql/target/tmp/org.apache.hadoop.hive.ql.TestTxnCommands-1713965238357/warehouse/acidtbl/delta_0000001_0000001_0000/bucket_00000_0 with stripeSize: 8388608 blockSize: 268435456 compression: Compress: ZLIB buffer: 32768
2024-04-24T06:30:27,100  INFO [pool-355-thread-1] impl.WriterImpl: ORC writer created for path: file:/home/alex/Repositories/hive/ql/target/tmp/org.apache.hadoop.hive.ql.TestTxnCommands-1713965238357/warehouse/acidtbl/delta_0000001_0000001_0000/bucket_00000_0 with stripeSize: 8388608 options: Compress: ZLIB buffer: 32768
2024-04-24T06:30:27,110  INFO [pool-355-thread-1] exec.SelectOperator: Closing Operator: SEL[5]
2024-04-24T06:30:27,110  INFO [pool-355-thread-1] exec.SelectOperator: RECORDS_OUT_OPERATOR_SEL_5:1, RECORDS_OUT_INTERMEDIATE:0, 
2024-04-24T06:30:27,110  INFO [pool-355-thread-1] exec.FileSinkOperator: Closing Operator: FS[6]
2024-04-24T06:30:27,110  INFO [pool-355-thread-1] exec.FileSinkOperator: FS[6]: records written - 1
2024-04-24T06:30:27,113  INFO [pool-355-thread-1] FileOperations: Writing manifest to file:/home/alex/Repositories/hive/ql/target/tmp/org.apache.hadoop.hive.ql.TestTxnCommands-1713965238357/warehouse/acidtbl/_tmp.delta_0000001_0000001_0000/000000_0.manifest with [file:/home/alex/Repositories/hive/ql/target/tmp/org.apache.hadoop.hive.ql.TestTxnCommands-1713965238357/warehouse/acidtbl/delta_0000001_0000001_0000/bucket_00000_0]
2024-04-24T06:30:27,138  INFO [pool-355-thread-1] exec.FileSinkOperator: TOTAL_TABLE_ROWS_WRITTEN:1, RECORDS_OUT_INTERMEDIATE:0, RECORDS_OUT_OPERATOR_FS_6:1, RECORDS_OUT_1_default.acidtbl:1, 
2024-04-24T06:30:27,139  INFO [pool-355-thread-1] mapred.Task: Task:attempt_local1987492903_0072_r_000000_0 is done. And is in the process of committing
2024-04-24T06:30:27,139  INFO [pool-355-thread-1] mapred.LocalJobRunner: reduce > reduce
2024-04-24T06:30:27,140  INFO [pool-355-thread-1] mapred.Task: Task 'attempt_local1987492903_0072_r_000000_0' done.
2024-04-24T06:30:27,140  INFO [pool-355-thread-1] mapred.Task: Final Counters for attempt_local1987492903_0072_r_000000_0: Counters: 35
	File System Counters
		FILE: Number of bytes read=1448605
		FILE: Number of bytes written=84875202
		FILE: Number of read operations=0
		FILE: Number of large read operations=0
		FILE: Number of write operations=0
		HDFS: Number of bytes read=0
		HDFS: Number of bytes written=0
		HDFS: Number of read operations=0
		HDFS: Number of large read operations=0
		HDFS: Number of write operations=0
	Map-Reduce Framework
		Combine input records=0
		Combine output records=0
		Reduce input groups=1
		Reduce shuffle bytes=24
		Reduce input records=1
		Reduce output records=0
		Spilled Records=1
		Shuffled Maps =1
		Failed Shuffles=0
		Merged Map outputs=1
		GC time elapsed (ms)=0
		Total committed heap usage (bytes)=1334312960
	HIVE
		CREATED_FILES=1
		RECORDS_OUT_1_default.acidtbl=1
		RECORDS_OUT_INTERMEDIATE=0
		RECORDS_OUT_OPERATOR_FS_6=1
		RECORDS_OUT_OPERATOR_SEL_5=1
		TOTAL_TABLE_ROWS_WRITTEN=1
	Shuffle Errors
		BAD_ID=0
		CONNECTION=0
		IO_ERROR=0
		WRONG_LENGTH=0
		WRONG_MAP=0
		WRONG_REDUCE=0
	File Output Format Counters 
		Bytes Written=0
2024-04-24T06:30:27,140  INFO [pool-355-thread-1] mapred.LocalJobRunner: Finishing task: attempt_local1987492903_0072_r_000000_0
2024-04-24T06:30:27,140  INFO [pool-355-thread-1] mapred.LocalJobRunner: Starting task: attempt_local1987492903_0072_r_000001_0
2024-04-24T06:30:27,141  INFO [pool-355-thread-1] mapred.Task:  Using ResourceCalculatorProcessTree : [ ]
2024-04-24T06:30:27,141  INFO [pool-355-thread-1] mapred.ReduceTask: Using ShuffleConsumerPlugin: org.apache.hadoop.mapreduce.task.reduce.Shuffle@51f528ac
2024-04-24T06:30:27,141  WARN [pool-355-thread-1] impl.MetricsSystemImpl: JobTracker metrics system already initialized!
2024-04-24T06:30:27,142  INFO [pool-355-thread-1] reduce.MergeManagerImpl: MergerManager: memoryLimit=1336252800, maxSingleShuffleLimit=334063200, mergeThreshold=881926912, ioSortFactor=10, memToMemMergeOutputsThreshold=10
2024-04-24T06:30:27,144  INFO [EventFetcher for fetching Map Completion Events] reduce.EventFetcher: attempt_local1987492903_0072_r_000001_0 Thread started: EventFetcher for fetching Map Completion Events
2024-04-24T06:30:27,147  INFO [localfetcher#98] reduce.LocalFetcher: localfetcher#98 about to shuffle output of map attempt_local1987492903_0072_m_000000_0 decomp: 20 len: 24 to MEMORY
2024-04-24T06:30:27,147  INFO [localfetcher#98] reduce.InMemoryMapOutput: Read 20 bytes from map-output for attempt_local1987492903_0072_m_000000_0
2024-04-24T06:30:27,147  INFO [localfetcher#98] reduce.MergeManagerImpl: closeInMemoryFile -> map-output of size: 20, inMemoryMapOutputs.size() -> 1, commitMemory -> 0, usedMemory ->20
2024-04-24T06:30:27,148  INFO [EventFetcher for fetching Map Completion Events] reduce.EventFetcher: EventFetcher is interrupted.. Returning
2024-04-24T06:30:27,149  INFO [pool-355-thread-1] mapred.LocalJobRunner: 1 / 1 copied.
2024-04-24T06:30:27,149  INFO [pool-355-thread-1] reduce.MergeManagerImpl: finalMerge called with 1 in-memory map-outputs and 0 on-disk map-outputs
2024-04-24T06:30:27,159  INFO [pool-355-thread-1] mapred.Merger: Merging 1 sorted segments
2024-04-24T06:30:27,159  INFO [pool-355-thread-1] mapred.Merger: Down to the last merge-pass, with 1 segments left of total size: 8 bytes
2024-04-24T06:30:27,165  INFO [pool-355-thread-1] reduce.MergeManagerImpl: Merged 1 segments, 20 bytes to disk to satisfy reduce memory limit
2024-04-24T06:30:27,165  INFO [pool-355-thread-1] reduce.MergeManagerImpl: Merging 1 files, 24 bytes from disk
2024-04-24T06:30:27,165  INFO [pool-355-thread-1] reduce.MergeManagerImpl: Merging 0 segments, 0 bytes from memory into reduce
2024-04-24T06:30:27,165  INFO [pool-355-thread-1] mapred.Merger: Merging 1 sorted segments
2024-04-24T06:30:27,166  INFO [pool-355-thread-1] mapred.Merger: Down to the last merge-pass, with 1 segments left of total size: 8 bytes
2024-04-24T06:30:27,166  INFO [pool-355-thread-1] mapred.LocalJobRunner: 1 / 1 copied.
2024-04-24T06:30:27,166  INFO [pool-355-thread-1] exec.SerializationUtilities: Deserializing ReduceWork using kryo
2024-04-24T06:30:27,167  INFO [pool-355-thread-1] exec.Utilities: Deserialized plan (via FILE) - name: null size: 5,92KB
2024-04-24T06:30:27,169  INFO [pool-355-thread-1] ExecReducer: 
<SEL>Id =5
  <Children>
    <FS>Id =6
      <Children>
      <\Children>
      <Parent>Id = 5 null<\Parent>
    <\FS>
  <\Children>
  <Parent><\Parent>
<\SEL>
2024-04-24T06:30:27,169  INFO [pool-355-thread-1] exec.SelectOperator: Initializing Operator: SEL[5]
2024-04-24T06:30:27,169  INFO [pool-355-thread-1] exec.SelectOperator: SELECT struct<key:struct<reducesinkkey0:int>,value:struct<_col0:int>>
2024-04-24T06:30:27,169  INFO [pool-355-thread-1] exec.FileSinkOperator: Initializing Operator: FS[6]
2024-04-24T06:30:27,169  INFO [pool-355-thread-1] exec.FileSinkOperator: Using serializer : AbstractSerDe [log=org.apache.logging.slf4j.Log4jLogger@3c370966, configuration=Optional[Configuration: core-default.xml, core-site.xml, mapred-default.xml, mapred-site.xml, yarn-default.xml, yarn-site.xml, hdfs-default.xml, hdfs-site.xml, file:/home/alex/Repositories/hive/ql/target/tmp/TestTxnCommands/mapred/local/localRunner/alex/job_local1987492903_0072/job_local1987492903_0072.xml], properties={transactional_properties=default, name=default.acidtbl, transactional=true, columns.types=int:int, bucket_field_name=a, columns=a,b, numFilesErasureCoded=0, columns.comments=&amp#0;, bucketing_version=2, bucket_count=2, serialization.lib=org.apache.hadoop.hive.ql.io.orc.OrcSerde, file.inputformat=org.apache.hadoop.hive.ql.io.orc.OrcInputFormat, file.outputformat=org.apache.hadoop.hive.ql.io.orc.OrcOutputFormat, location=file:/home/alex/Repositories/hive/ql/target/tmp/org.apache.hadoop.hive.ql.TestTxnCommands-1713965238357/warehouse/acidtbl, column.name.delimiter=,}, tableProperties={transactional_properties=default, name=default.acidtbl, transactional=true, columns.types=int:int, bucket_field_name=a, columns=a,b, numFilesErasureCoded=0, columns.comments=&amp#0;, bucketing_version=2, bucket_count=2, serialization.lib=org.apache.hadoop.hive.ql.io.orc.OrcSerde, file.inputformat=org.apache.hadoop.hive.ql.io.orc.OrcInputFormat, location=file:/home/alex/Repositories/hive/ql/target/tmp/org.apache.hadoop.hive.ql.TestTxnCommands-1713965238357/warehouse/acidtbl, file.outputformat=org.apache.hadoop.hive.ql.io.orc.OrcOutputFormat, column.name.delimiter=,}, partitionProperties=Optional.empty, columnNames=[a, b], columnTypes=[int, int], getClass()=class org.apache.hadoop.hive.ql.io.orc.OrcSerde] and formatter : org.apache.hadoop.hive.ql.io.orc.OrcOutputFormat@4a468534
2024-04-24T06:30:27,170  INFO [pool-355-thread-1] exec.FileSinkOperator: Final Path: FS file:/home/alex/Repositories/hive/ql/target/tmp/org.apache.hadoop.hive.ql.TestTxnCommands-1713965238357/warehouse/acidtbl
2024-04-24T06:30:27,170  INFO [pool-355-thread-1] exec.FileSinkOperator: New Final Path: FS file:/home/alex/Repositories/hive/ql/target/tmp/org.apache.hadoop.hive.ql.TestTxnCommands-1713965238357/warehouse/acidtbl
2024-04-24T06:30:27,170  INFO [pool-355-thread-1] common.FileUtils: Creating directory if it doesn't exist: file:/home/alex/Repositories/hive/ql/target/tmp/org.apache.hadoop.hive.ql.TestTxnCommands-1713965238357/warehouse
2024-04-24T06:30:27,171  INFO [pool-355-thread-1] exec.FileSinkOperator: FS[6]: records written - 1
2024-04-24T06:30:27,171  INFO [pool-355-thread-1] impl.PhysicalFsWriter: ORC writer created for path: file:/home/alex/Repositories/hive/ql/target/tmp/org.apache.hadoop.hive.ql.TestTxnCommands-1713965238357/warehouse/acidtbl/delta_0000001_0000001_0000/bucket_00001_0 with stripeSize: 8388608 blockSize: 268435456 compression: Compress: ZLIB buffer: 32768
2024-04-24T06:30:27,181  INFO [pool-355-thread-1] impl.WriterImpl: ORC writer created for path: file:/home/alex/Repositories/hive/ql/target/tmp/org.apache.hadoop.hive.ql.TestTxnCommands-1713965238357/warehouse/acidtbl/delta_0000001_0000001_0000/bucket_00001_0 with stripeSize: 8388608 options: Compress: ZLIB buffer: 32768
2024-04-24T06:30:27,182  INFO [pool-355-thread-1] exec.SelectOperator: Closing Operator: SEL[5]
2024-04-24T06:30:27,182  INFO [pool-355-thread-1] exec.SelectOperator: RECORDS_OUT_OPERATOR_SEL_5:1, RECORDS_OUT_INTERMEDIATE:0, 
2024-04-24T06:30:27,182  INFO [pool-355-thread-1] exec.FileSinkOperator: Closing Operator: FS[6]
2024-04-24T06:30:27,182  INFO [pool-355-thread-1] exec.FileSinkOperator: FS[6]: records written - 1
2024-04-24T06:30:27,185  INFO [pool-355-thread-1] FileOperations: Writing manifest to file:/home/alex/Repositories/hive/ql/target/tmp/org.apache.hadoop.hive.ql.TestTxnCommands-1713965238357/warehouse/acidtbl/_tmp.delta_0000001_0000001_0000/000001_0.manifest with [file:/home/alex/Repositories/hive/ql/target/tmp/org.apache.hadoop.hive.ql.TestTxnCommands-1713965238357/warehouse/acidtbl/delta_0000001_0000001_0000/bucket_00001_0]
2024-04-24T06:30:27,206  INFO [pool-355-thread-1] exec.FileSinkOperator: RECORDS_OUT_1_default.acidtbl:1, RECORDS_OUT_INTERMEDIATE:0, RECORDS_OUT_OPERATOR_FS_6:1, TOTAL_TABLE_ROWS_WRITTEN:1, 
2024-04-24T06:30:27,207  INFO [pool-355-thread-1] mapred.Task: Task:attempt_local1987492903_0072_r_000001_0 is done. And is in the process of committing
2024-04-24T06:30:27,208  INFO [pool-355-thread-1] mapred.LocalJobRunner: reduce > reduce
2024-04-24T06:30:27,208  INFO [pool-355-thread-1] mapred.Task: Task 'attempt_local1987492903_0072_r_000001_0' done.
2024-04-24T06:30:27,208  INFO [pool-355-thread-1] mapred.Task: Final Counters for attempt_local1987492903_0072_r_000001_0: Counters: 35
	File System Counters
		FILE: Number of bytes read=1454686
		FILE: Number of bytes written=84876230
		FILE: Number of read operations=0
		FILE: Number of large read operations=0
		FILE: Number of write operations=0
		HDFS: Number of bytes read=0
		HDFS: Number of bytes written=0
		HDFS: Number of read operations=0
		HDFS: Number of large read operations=0
		HDFS: Number of write operations=0
	Map-Reduce Framework
		Combine input records=0
		Combine output records=0
		Reduce input groups=1
		Reduce shuffle bytes=24
		Reduce input records=1
		Reduce output records=0
		Spilled Records=1
		Shuffled Maps =1
		Failed Shuffles=0
		Merged Map outputs=1
		GC time elapsed (ms)=0
		Total committed heap usage (bytes)=1334312960
	HIVE
		CREATED_FILES=1
		RECORDS_OUT_1_default.acidtbl=1
		RECORDS_OUT_INTERMEDIATE=0
		RECORDS_OUT_OPERATOR_FS_6=1
		RECORDS_OUT_OPERATOR_SEL_5=1
		TOTAL_TABLE_ROWS_WRITTEN=1
	Shuffle Errors
		BAD_ID=0
		CONNECTION=0
		IO_ERROR=0
		WRONG_LENGTH=0
		WRONG_MAP=0
		WRONG_REDUCE=0
	File Output Format Counters 
		Bytes Written=0
2024-04-24T06:30:27,208  INFO [pool-355-thread-1] mapred.LocalJobRunner: Finishing task: attempt_local1987492903_0072_r_000001_0
2024-04-24T06:30:27,208  INFO [Thread-6142] mapred.LocalJobRunner: reduce task executor complete.
2024-04-24 06:30:28,007 Stage-1 map = 100%,  reduce = 100%
2024-04-24T06:30:28,007  INFO [main] exec.Task: 2024-04-24 06:30:28,007 Stage-1 map = 100%,  reduce = 100%
Ended Job = job_local1987492903_0072
2024-04-24T06:30:28,009  INFO [main] exec.Task: Ended Job = job_local1987492903_0072
2024-04-24T06:30:28,010  INFO [main] FileOperations: Found manifest file file:/home/alex/Repositories/hive/ql/target/tmp/org.apache.hadoop.hive.ql.TestTxnCommands-1713965238357/warehouse/acidtbl/_tmp.delta_0000001_0000001_0000/000001_0.manifest with attemptId 0.
2024-04-24T06:30:28,010  INFO [main] FileOperations: Found manifest file file:/home/alex/Repositories/hive/ql/target/tmp/org.apache.hadoop.hive.ql.TestTxnCommands-1713965238357/warehouse/acidtbl/_tmp.delta_0000001_0000001_0000/000000_0.manifest with attemptId 0.
2024-04-24T06:30:28,010  INFO [main] FileOperations: Looking at manifest file: file:/home/alex/Repositories/hive/ql/target/tmp/org.apache.hadoop.hive.ql.TestTxnCommands-1713965238357/warehouse/acidtbl/_tmp.delta_0000001_0000001_0000/000001_0.manifest
2024-04-24T06:30:28,010  INFO [main] FileOperations: Looking at manifest file: file:/home/alex/Repositories/hive/ql/target/tmp/org.apache.hadoop.hive.ql.TestTxnCommands-1713965238357/warehouse/acidtbl/_tmp.delta_0000001_0000001_0000/000000_0.manifest
2024-04-24T06:30:28,010  INFO [main] FileOperations: Deleting manifest directory file:/home/alex/Repositories/hive/ql/target/tmp/org.apache.hadoop.hive.ql.TestTxnCommands-1713965238357/warehouse/acidtbl/_tmp.delta_0000001_0000001_0000
2024-04-24T06:30:28,011  INFO [main] ql.Driver: Starting task [Stage-0:MOVE] in serial mode
Loading data to table default.acidtbl
2024-04-24T06:30:28,011  INFO [main] exec.Task: Loading data to table default.acidtbl from file:/home/alex/Repositories/hive/ql/target/tmp/org.apache.hadoop.hive.ql.TestTxnCommands-1713965238357/warehouse/acidtbl
2024-04-24T06:30:28,012  INFO [main] HiveMetaStore.audit: ugi=alex	ip=unknown-ip-addr	cmd=get_table : tbl=hive.default.acidtbl	
2024-04-24T06:30:28,018  INFO [main] metastore.HMSHandler: Skipping translation for processor with null
2024-04-24T06:30:28,018  INFO [main] HiveMetaStore.audit: ugi=alex	ip=unknown-ip-addr	cmd=get_table : tbl=hive.default.acidtbl	
2024-04-24T06:30:28,023  INFO [main] metastore.HMSHandler: Skipping translation for processor with null
2024-04-24T06:30:28,024  INFO [main] HiveMetaStore.audit: ugi=alex	ip=unknown-ip-addr	cmd=alter_table: hive.default.acidtbl newtbl=acidtbl	
2024-04-24T06:30:28,055  INFO [main] ql.Driver: Starting task [Stage-2:STATS] in serial mode
2024-04-24T06:30:28,055  INFO [main] HiveMetaStore.audit: ugi=alex	ip=unknown-ip-addr	cmd=get_table : tbl=hive.default.acidtbl	
2024-04-24T06:30:28,061  INFO [main] metastore.HMSHandler: Skipping translation for processor with null
2024-04-24T06:30:28,061  INFO [main] stats.BasicStatsTask: Executing stats task
2024-04-24T06:30:28,061  INFO [main] fs.FSStatsPublisher: created : file:/home/alex/Repositories/hive/ql/target/tmp/localscratchdir/09e60267-a5b4-4cbb-b12e-433ef09eef26/hive_2024-04-24_06-30-26_565_8472211284430427014-1/-mr-10000
2024-04-24T06:30:28,063  INFO [main] HiveMetaStore.audit: ugi=alex	ip=unknown-ip-addr	cmd=get_table : tbl=hive.default.acidtbl	
2024-04-24T06:30:28,068  INFO [main] metastore.HMSHandler: Skipping translation for processor with null
2024-04-24T06:30:28,079  WARN [main] FileOperations: Computing stats for an ACID table; stats may be inaccurate
2024-04-24T06:30:28,079  INFO [main] FileOperations: Read stats for default.acidtbl/, numRows, true, 2, false: 
2024-04-24T06:30:28,079  INFO [main] FileOperations: Read stats for default.acidtbl/, rawDataSize, true, 0, false: 
2024-04-24T06:30:28,080  INFO [main] HiveMetaStore.audit: ugi=alex	ip=unknown-ip-addr	cmd=alter_table: hive.default.acidtbl newtbl=acidtbl	
2024-04-24T06:30:28,097  INFO [main] FileOperations: Read stats for default.acidtbl/, insertCount, true, 2, false: 
2024-04-24T06:30:28,097  INFO [main] FileOperations: Read stats for default.acidtbl/, updateCount, true, 0, false: 
2024-04-24T06:30:28,097  INFO [main] FileOperations: Read stats for default.acidtbl/, deleteCount, true, 0, false: 
2024-04-24T06:30:28,099  INFO [main] stats.BasicStatsTask: Table default.acidtbl stats: [numFiles=2, numRows=2, totalSize=1344, rawDataSize=0, numFilesErasureCoded=0]
2024-04-24T06:30:28,100  INFO [main] metadata.Hive: Dumping metastore api call timing information for : execution phase
2024-04-24T06:30:28,100  INFO [main] metadata.Hive: Total time spent in each metastore function (ms): {updateTransactionalStatistics_(UpdateTransactionalStatsRequest)=2, getTable_(GetTableRequest)=23, alter_table_(String, String, String, Table, EnvironmentContext, String)=48, isCompatibleWith_(Configuration)=0}
MapReduce Jobs Launched: 
2024-04-24T06:30:28,100  INFO [main] ql.Driver: MapReduce Jobs Launched: 
Stage-Stage-1:  HDFS Read: 0 HDFS Write: 0 SUCCESS
2024-04-24T06:30:28,100  INFO [main] ql.Driver: Stage-Stage-1:  HDFS Read: 0 HDFS Write: 0 SUCCESS
Total MapReduce CPU Time Spent: 0 msec
2024-04-24T06:30:28,100  INFO [main] ql.Driver: Total MapReduce CPU Time Spent: 0 msec
2024-04-24T06:30:28,100  INFO [main] ql.Driver: Completed executing command(queryId=alex_20240424063026_9fcf6533-a2ef-4bd8-8431-88ef45f0fdbb); Time taken: 1.363 seconds
2024-04-24T06:30:28,100  INFO [main] lockmgr.DbTxnManager: Stopped heartbeat for query: alex_20240424063026_9fcf6533-a2ef-4bd8-8431-88ef45f0fdbb
2024-04-24T06:30:28,110  INFO [main] txn.TxnHandler: Removed transactions: ([13]) from MIN_HISTORY_LEVEL
2024-04-24T06:30:28,111  WARN [main] txn.CompactionTxnHandler: No compaction queue record found for Compaction type transaction commit. txnId:13
2024-04-24T06:30:28,111  INFO [main] ql.TxnCommandsBaseForTests: Running the query: select a,b from acidTbl order by a,b
2024-04-24T06:30:28,111  INFO [main] ql.Context: Deleting scratch dir: file:/home/alex/Repositories/hive/ql/target/tmp/localscratchdir/09e60267-a5b4-4cbb-b12e-433ef09eef26/hive_2024-04-24_06-30-26_565_8472211284430427014-1
2024-04-24T06:30:28,112  INFO [main] cleanup.SyncCleanupService: Deleted directory: file:/home/alex/Repositories/hive/ql/target/tmp/localscratchdir/09e60267-a5b4-4cbb-b12e-433ef09eef26/hive_2024-04-24_06-30-26_565_8472211284430427014-1 on fs with scheme file
2024-04-24T06:30:28,112  INFO [main] ql.Driver: Compiling command(queryId=alex_20240424063028_fa0900b0-e0c2-4bcc-a6bb-b3adcd4907ac): select a,b from acidTbl order by a,b
2024-04-24T06:30:28,120  INFO [main] txn.TxnHandler: Added entries to MIN_HISTORY_LEVEL for current txns: ([14]) with min_open_txn: 14
2024-04-24T06:30:28,120  INFO [main] lockmgr.DbTxnManager: Opened txnid:14
2024-04-24T06:30:28,120  INFO [main] parse.CalcitePlanner: Starting caching scope for: 
2024-04-24T06:30:28,120  INFO [main] parse.CalcitePlanner: Starting Semantic Analysis
2024-04-24T06:30:28,123  INFO [main] parse.CalcitePlanner: Completed phase 1 of Semantic Analysis
2024-04-24T06:30:28,123  INFO [main] parse.CalcitePlanner: Get metadata for source tables
2024-04-24T06:30:28,123  INFO [main] HiveMetaStore.audit: ugi=alex	ip=unknown-ip-addr	cmd=get_table : tbl=hive.default.acidtbl	
2024-04-24T06:30:28,129  INFO [main] metastore.HMSHandler: Skipping translation for processor with null
2024-04-24T06:30:28,129  INFO [main] parse.CalcitePlanner: Get metadata for subqueries
2024-04-24T06:30:28,129  INFO [main] parse.CalcitePlanner: Get metadata for destination tables
2024-04-24T06:30:28,129  INFO [main] parse.CalcitePlanner: Completed getting MetaData in Semantic Analysis
2024-04-24T06:30:28,139  INFO [main] HiveMetaStore.audit: ugi=alex	ip=unknown-ip-addr	cmd=get_all_table_constraints : tbl=hive.default.acidtbl	
2024-04-24T06:30:28,162  INFO [main] calcite.RelOptHiveTable: Calculating column statistics for default.acidtbl, projIndxSet: [0, 1], allowMissingStats: true
2024-04-24T06:30:28,162  INFO [main] HiveMetaStore.audit: ugi=alex	ip=unknown-ip-addr	cmd=get_table : tbl=hive.default.acidtbl	
2024-04-24T06:30:28,171  INFO [main] metastore.HMSHandler: Skipping translation for processor with null
2024-04-24T06:30:28,171  INFO [main] HiveMetaStore.audit: ugi=alex	ip=unknown-ip-addr	cmd=get_table : tbl=hive.default.acidtbl	
2024-04-24T06:30:28,179  INFO [main] metastore.HMSHandler: Skipping translation for processor with null
2024-04-24T06:30:28,179  INFO [main] HiveMetaStore.audit: ugi=alex	ip=unknown-ip-addr	cmd=get_table_statistics_req: table=hive.default.acidtbl	
2024-04-24T06:30:28,191  WARN [main] calcite.RelOptHiveTable: No Stats for default@acidtbl, Columns: b, a
No Stats for default@acidtbl, Columns: b, a
2024-04-24T06:30:28,191  INFO [main] SessionState: No Stats for default@acidtbl, Columns: b, a
2024-04-24T06:30:28,232  INFO [main] parse.CalcitePlanner: Get metadata for source tables
2024-04-24T06:30:28,232  INFO [main] parse.CalcitePlanner: Get metadata for subqueries
2024-04-24T06:30:28,232  INFO [main] parse.CalcitePlanner: Get metadata for destination tables
2024-04-24T06:30:28,233  INFO [main] common.FileUtils: Creating directory if it doesn't exist: file:/home/alex/Repositories/hive/ql/target/tmp/localscratchdir/09e60267-a5b4-4cbb-b12e-433ef09eef26/hive_2024-04-24_06-30-28_112_4713505793314759639-1/-mr-10001/.hive-staging_hive_2024-04-24_06-30-28_112_4713505793314759639-1
2024-04-24T06:30:28,240  INFO [main] parse.CalcitePlanner: CBO Succeeded; optimized logical plan.
2024-04-24T06:30:28,242  INFO [main] optimizer.ColumnPrunerProcFactory: RS 2 oldColExprMap: {KEY.reducesinkkey1=Column[_col1], KEY.reducesinkkey0=Column[_col0]}
2024-04-24T06:30:28,242  INFO [main] optimizer.ColumnPrunerProcFactory: RS 2 newColExprMap: {KEY.reducesinkkey0=Column[_col0], KEY.reducesinkkey1=Column[_col1]}
2024-04-24T06:30:28,243  INFO [main] optimizer.SortedDynPartitionOptimizer: Sorted dynamic partitioning optimization kicked in..
2024-04-24T06:30:28,251  INFO [main] parse.CalcitePlanner: Completed plan generation
2024-04-24T06:30:28,251  INFO [main] parse.CalcitePlanner: Ending caching scope for: 
2024-04-24T06:30:28,251  INFO [main] ql.Driver: Semantic Analysis Completed (retrial = false)
2024-04-24T06:30:28,251  INFO [main] ql.Driver: Created Hive schema: Schema(fieldSchemas:[FieldSchema(name:a, type:int, comment:null), FieldSchema(name:b, type:int, comment:null)], properties:null)
2024-04-24T06:30:28,252  INFO [main] exec.ListSinkOperator: Initializing Operator: LIST_SINK[5]
2024-04-24T06:30:28,252  INFO [main] metadata.Hive: Dumping metastore api call timing information for : compilation phase
2024-04-24T06:30:28,252  INFO [main] metadata.Hive: Total time spent in each metastore function (ms): {commitTxn_(CommitTxnRequest)=11, isCompatibleWith_(Configuration)=1, openTxn_(String, TxnType)=8, getTableColumnStatistics_(String, String, List, String)=28, getAllTableConstraints_(AllTableConstraintsRequest)=5, flushCache_()=0, getTable_(GetTableRequest)=6, getValidTxns_(long)=0, getValidWriteIds_(List, String)=2}
2024-04-24T06:30:28,252  INFO [main] ql.Driver: Completed compiling command(queryId=alex_20240424063028_fa0900b0-e0c2-4bcc-a6bb-b3adcd4907ac); Time taken: 0.14 seconds
2024-04-24T06:30:28,252  INFO [main] lockmgr.DbTxnManager: Setting lock request transaction to txnid:14 for queryId=alex_20240424063028_fa0900b0-e0c2-4bcc-a6bb-b3adcd4907ac
2024-04-24T06:30:28,253  INFO [main] lockmgr.DbLockManager: Requesting lock for queryId=alex_20240424063028_fa0900b0-e0c2-4bcc-a6bb-b3adcd4907ac
2024-04-24T06:30:28,266  INFO [main] lockmgr.DbLockManager: Response to queryId=alex_20240424063028_fa0900b0-e0c2-4bcc-a6bb-b3adcd4907ac LockResponse(lockid:8, state:ACQUIRED)
2024-04-24T06:30:28,266  INFO [main] ql.Driver: Operation QUERY obtained 1 locks
2024-04-24T06:30:28,267  INFO [main] ql.Driver: Executing command(queryId=alex_20240424063028_fa0900b0-e0c2-4bcc-a6bb-b3adcd4907ac): select a,b from acidTbl order by a,b
2024-04-24T06:30:28,267  WARN [main] ql.Driver: Hive-on-MR is deprecated in Hive 2 and may not be available in the future versions. Consider using a different execution engine (i.e. tez, spark) or using Hive 1.X releases.
Query ID = alex_20240424063028_fa0900b0-e0c2-4bcc-a6bb-b3adcd4907ac
2024-04-24T06:30:28,267  INFO [main] ql.Driver: Query ID = alex_20240424063028_fa0900b0-e0c2-4bcc-a6bb-b3adcd4907ac
Total jobs = 1
2024-04-24T06:30:28,267  INFO [main] ql.Driver: Total jobs = 1
Launching Job 1 out of 1
2024-04-24T06:30:28,267  INFO [main] ql.Driver: Launching Job 1 out of 1
2024-04-24T06:30:28,391  INFO [main] ql.Driver: Starting task [Stage-1:MAPRED] in serial mode
Number of reduce tasks determined at compile time: 1
2024-04-24T06:30:28,391  INFO [main] exec.Task: Number of reduce tasks determined at compile time: 1
In order to change the average load for a reducer (in bytes):
2024-04-24T06:30:28,391  INFO [main] exec.Task: In order to change the average load for a reducer (in bytes):
  set hive.exec.reducers.bytes.per.reducer=<number>
2024-04-24T06:30:28,391  INFO [main] exec.Task:   set hive.exec.reducers.bytes.per.reducer=<number>
In order to limit the maximum number of reducers:
2024-04-24T06:30:28,391  INFO [main] exec.Task: In order to limit the maximum number of reducers:
  set hive.exec.reducers.max=<number>
2024-04-24T06:30:28,391  INFO [main] exec.Task:   set hive.exec.reducers.max=<number>
In order to set a constant number of reducers:
2024-04-24T06:30:28,391  INFO [main] exec.Task: In order to set a constant number of reducers:
  set mapreduce.job.reduces=<number>
2024-04-24T06:30:28,391  INFO [main] exec.Task:   set mapreduce.job.reduces=<number>
2024-04-24T06:30:28,393  INFO [main] mr.ExecDriver: Using org.apache.hadoop.hive.ql.io.HiveInputFormat
2024-04-24T06:30:28,394  INFO [main] exec.Utilities: Processing alias acidtbl
2024-04-24T06:30:28,394  INFO [main] exec.Utilities: Adding 1 inputs; the first input is file:/home/alex/Repositories/hive/ql/target/tmp/org.apache.hadoop.hive.ql.TestTxnCommands-1713965238357/warehouse/acidtbl
2024-04-24T06:30:28,403  INFO [main] exec.SerializationUtilities: Serializing MapWork using kryo
2024-04-24T06:30:28,404  INFO [main] exec.Utilities: Serialized plan (via FILE) - name: null size: 4,65KB
2024-04-24T06:30:28,409  INFO [main] exec.SerializationUtilities: Serializing ReduceWork using kryo
2024-04-24T06:30:28,410  INFO [main] exec.Utilities: Serialized plan (via FILE) - name: null size: 5,59KB
2024-04-24T06:30:28,411  WARN [main] impl.MetricsSystemImpl: JobTracker metrics system already initialized!
2024-04-24T06:30:28,419  WARN [main] impl.MetricsSystemImpl: JobTracker metrics system already initialized!
2024-04-24T06:30:28,427  WARN [main] mapreduce.JobResourceUploader: Hadoop command-line option parsing not performed. Implement the Tool interface and execute your application with ToolRunner to remedy this.
2024-04-24T06:30:28,431  WARN [main] mapreduce.JobResourceUploader: No job jar file set.  User classes may not be found. See Job or Job#setJar(String).
2024-04-24T06:30:28,432  INFO [main] io.HiveInputFormat: hive.io.file.readcolumn.ids = 0,1
2024-04-24T06:30:28,432  INFO [main] io.HiveInputFormat: hive.io.file.readcolumn.names = a,b
2024-04-24T06:30:28,432  INFO [main] io.HiveInputFormat: Generating splits for dirs: file:/home/alex/Repositories/hive/ql/target/tmp/org.apache.hadoop.hive.ql.TestTxnCommands-1713965238357/warehouse/acidtbl
2024-04-24T06:30:28,433  INFO [main] orc.OrcInputFormat: getSplits started
2024-04-24T06:30:28,433  INFO [main] orc.OrcInputFormat: Context:: isAcid: true isVectorMode: false sarg: null minSplitSize: 1 maxSplitSize: 256000000 splitStrategy: HYBRID footerInSplits: false numBuckets: 2 numThreads: 10 cacheMemSize: 268435456 cacheStripeDetails: true useSoftReference: false writeIdList: default.acidtbl:1:9223372036854775807:: isTransactionalTable: true txnProperties: default 
2024-04-24T06:30:28,433  INFO [main] orc.OrcInputFormat: ORC pushdown predicate: null
2024-04-24T06:30:28,445  INFO [main] orc.OrcInputFormat: FooterCacheHitRatio: 0/2
2024-04-24T06:30:28,445  INFO [main] orc.OrcInputFormat: getSplits finished (#splits: 2). duration: 12 ms
2024-04-24T06:30:28,445  INFO [main] io.HiveInputFormat: number of splits 2
2024-04-24T06:30:28,464  INFO [main] mapreduce.JobSubmitter: number of splits:2
2024-04-24T06:30:28,482  INFO [main] mapreduce.JobSubmitter: Submitting tokens for job: job_local1603778306_0073
2024-04-24T06:30:28,482  INFO [main] mapreduce.JobSubmitter: Executing with tokens: []
2024-04-24T06:30:28,538  INFO [main] mapreduce.Job: The url to track the job: http://localhost:8080/
Job running in-process (local Hadoop)
2024-04-24T06:30:28,538  INFO [main] exec.Task: Job running in-process (local Hadoop)
2024-04-24T06:30:28,539  INFO [Thread-6219] mapred.LocalJobRunner: OutputCommitter set in config org.apache.hadoop.hive.ql.io.HiveFileFormatUtils$NullOutputCommitter
2024-04-24T06:30:28,539  INFO [Thread-6219] mapred.LocalJobRunner: OutputCommitter is org.apache.hadoop.hive.ql.io.HiveFileFormatUtils$NullOutputCommitter
2024-04-24T06:30:28,540  INFO [Thread-6219] mapred.LocalJobRunner: Waiting for map tasks
2024-04-24T06:30:28,541  INFO [LocalJobRunner Map Task Executor #0] mapred.LocalJobRunner: Starting task: attempt_local1603778306_0073_m_000000_0
2024-04-24T06:30:28,541  INFO [LocalJobRunner Map Task Executor #0] mapred.Task:  Using ResourceCalculatorProcessTree : [ ]
2024-04-24T06:30:28,541  INFO [LocalJobRunner Map Task Executor #0] mapred.MapTask: Processing split: org.apache.hadoop.hive.ql.io.orc.OrcInputFormat:OrcSplit [file:/home/alex/Repositories/hive/ql/target/tmp/org.apache.hadoop.hive.ql.TestTxnCommands-1713965238357/warehouse/acidtbl/delta_0000001_0000001_0000/bucket_00001_0, start=0, length=673, isOriginal=false, fileLength=673, hasFooter=false, hasBase=true, deltas=0]
2024-04-24T06:30:28,542  INFO [LocalJobRunner Map Task Executor #0] exec.SerializationUtilities: Deserializing MapWork using kryo
2024-04-24T06:30:28,542  INFO [LocalJobRunner Map Task Executor #0] exec.Utilities: Deserialized plan (via FILE) - name: null size: 4,65KB
2024-04-24T06:30:28,544  INFO [LocalJobRunner Map Task Executor #0] orc.OrcRawRecordMerger: min key = null, max key = null
2024-04-24T06:30:28,544  INFO [LocalJobRunner Map Task Executor #0] orc.ReaderImpl: Reading ORC rows from file:/home/alex/Repositories/hive/ql/target/tmp/org.apache.hadoop.hive.ql.TestTxnCommands-1713965238357/warehouse/acidtbl/delta_0000001_0000001_0000/bucket_00001_0 with {include: [true, true, true], offset: 0, length: 673, schema: struct<a:int,b:int>, includeAcidColumns: true}
2024-04-24T06:30:28,544  INFO [LocalJobRunner Map Task Executor #0] orc.OrcRawRecordMerger: updated min key = null, max key = null
2024-04-24T06:30:28,545  INFO [LocalJobRunner Map Task Executor #0] mapred.MapTask: numReduceTasks: 1
2024-04-24T06:30:28,549  INFO [LocalJobRunner Map Task Executor #0] mapred.MapTask: (EQUATOR) 0 kvi 26214396(104857584)
2024-04-24T06:30:28,549  INFO [LocalJobRunner Map Task Executor #0] mapred.MapTask: mapreduce.task.io.sort.mb: 100
2024-04-24T06:30:28,549  INFO [LocalJobRunner Map Task Executor #0] mapred.MapTask: soft limit at 83886080
2024-04-24T06:30:28,549  INFO [LocalJobRunner Map Task Executor #0] mapred.MapTask: bufstart = 0; bufvoid = 104857600
2024-04-24T06:30:28,549  INFO [LocalJobRunner Map Task Executor #0] mapred.MapTask: kvstart = 26214396; length = 6553600
2024-04-24T06:30:28,549  INFO [LocalJobRunner Map Task Executor #0] mapred.MapTask: Map output collector class = org.apache.hadoop.mapred.MapTask$MapOutputBuffer
2024-04-24T06:30:28,549  INFO [LocalJobRunner Map Task Executor #0] exec.MapOperator: Initializing Operator: MAP[0]
2024-04-24T06:30:28,550  INFO [LocalJobRunner Map Task Executor #0] mr.ExecMapper: 
<MAP>Id =0
  <Children>null
  <\Children>
  <Parent><\Parent>
<\MAP>
2024-04-24T06:30:28,551  INFO [LocalJobRunner Map Task Executor #0] exec.TableScanOperator: Initializing Operator: TS[0]
2024-04-24T06:30:28,551  INFO [LocalJobRunner Map Task Executor #0] exec.SelectOperator: Initializing Operator: SEL[1]
2024-04-24T06:30:28,551  INFO [LocalJobRunner Map Task Executor #0] exec.SelectOperator: SELECT struct<a:int,b:int>
2024-04-24T06:30:28,551  INFO [LocalJobRunner Map Task Executor #0] exec.ReduceSinkOperator: Initializing Operator: RS[2]
2024-04-24T06:30:28,551  INFO [LocalJobRunner Map Task Executor #0] exec.ReduceSinkOperator: Using tag = -1
2024-04-24T06:30:28,551  INFO [LocalJobRunner Map Task Executor #0] exec.ReduceSinkOperator: keys are [reducesinkkey0, reducesinkkey1] num distributions: 2
2024-04-24T06:30:28,552  INFO [LocalJobRunner Map Task Executor #0] exec.ReduceSinkOperator: RS[2]: records written - 1
2024-04-24T06:30:28,552  INFO [LocalJobRunner Map Task Executor #0] exec.MapOperator: MAP[0]: records read - 1
2024-04-24T06:30:28,552  INFO [LocalJobRunner Map Task Executor #0] exec.MapOperator: Closing Operator: MAP[0]
2024-04-24T06:30:28,552  INFO [LocalJobRunner Map Task Executor #0] exec.MapOperator: MAP[0]: Total records read - 1. abort - false
2024-04-24T06:30:28,552  INFO [LocalJobRunner Map Task Executor #0] exec.MapOperator: DESERIALIZE_ERRORS:0, RECORDS_IN:1, RECORDS_OUT_INTERMEDIATE:0, RECORDS_OUT_OPERATOR_MAP_0:0, 
2024-04-24T06:30:28,552  INFO [LocalJobRunner Map Task Executor #0] exec.TableScanOperator: Closing Operator: TS[0]
2024-04-24T06:30:28,552  INFO [LocalJobRunner Map Task Executor #0] exec.TableScanOperator: RECORDS_OUT_OPERATOR_TS_0:1, RECORDS_OUT_INTERMEDIATE:0, 
2024-04-24T06:30:28,552  INFO [LocalJobRunner Map Task Executor #0] exec.SelectOperator: Closing Operator: SEL[1]
2024-04-24T06:30:28,552  INFO [LocalJobRunner Map Task Executor #0] exec.SelectOperator: RECORDS_OUT_INTERMEDIATE:0, RECORDS_OUT_OPERATOR_SEL_1:1, 
2024-04-24T06:30:28,552  INFO [LocalJobRunner Map Task Executor #0] exec.ReduceSinkOperator: Closing Operator: RS[2]
2024-04-24T06:30:28,552  INFO [LocalJobRunner Map Task Executor #0] exec.ReduceSinkOperator: RS[2]: Total records written - 1. abort - false
2024-04-24T06:30:28,552  INFO [LocalJobRunner Map Task Executor #0] exec.ReduceSinkOperator: RECORDS_OUT_OPERATOR_RS_2:1, RECORDS_OUT_INTERMEDIATE:1, 
2024-04-24T06:30:28,552  INFO [LocalJobRunner Map Task Executor #0] mapred.LocalJobRunner: 
2024-04-24T06:30:28,552  INFO [LocalJobRunner Map Task Executor #0] mapred.MapTask: Starting flush of map output
2024-04-24T06:30:28,552  INFO [LocalJobRunner Map Task Executor #0] mapred.MapTask: Spilling map output
2024-04-24T06:30:28,552  INFO [LocalJobRunner Map Task Executor #0] mapred.MapTask: bufstart = 0; bufend = 19; bufvoid = 104857600
2024-04-24T06:30:28,552  INFO [LocalJobRunner Map Task Executor #0] mapred.MapTask: kvstart = 26214396(104857584); kvend = 26214396(104857584); length = 1/6553600
2024-04-24T06:30:28,563  INFO [LocalJobRunner Map Task Executor #0] mapred.MapTask: Finished spill 0
2024-04-24T06:30:28,566  INFO [LocalJobRunner Map Task Executor #0] mapred.Task: Task:attempt_local1603778306_0073_m_000000_0 is done. And is in the process of committing
2024-04-24T06:30:28,566  INFO [LocalJobRunner Map Task Executor #0] mapred.LocalJobRunner: OrcSplit [file:/home/alex/Repositories/hive/ql/target/tmp/org.apache.hadoop.hive.ql.TestTxnCommands-1713965238357/warehouse/acidtbl/delta_0000001_0000001_0000/bucket_00001_0, start=0, length=673, isOriginal=false, fileLength=673, hasFooter=false, hasBase=true, deltas=0]
2024-04-24T06:30:28,566  INFO [LocalJobRunner Map Task Executor #0] mapred.Task: Task 'attempt_local1603778306_0073_m_000000_0' done.
2024-04-24T06:30:28,566  INFO [LocalJobRunner Map Task Executor #0] mapred.Task: Final Counters for attempt_local1603778306_0073_m_000000_0: Counters: 29
	File System Counters
		FILE: Number of bytes read=1463865
		FILE: Number of bytes written=86052993
		FILE: Number of read operations=0
		FILE: Number of large read operations=0
		FILE: Number of write operations=0
		HDFS: Number of bytes read=0
		HDFS: Number of bytes written=0
		HDFS: Number of read operations=0
		HDFS: Number of large read operations=0
		HDFS: Number of write operations=0
	Map-Reduce Framework
		Map input records=1
		Map output records=1
		Map output bytes=19
		Map output materialized bytes=27
		Input split bytes=495
		Combine input records=0
		Spilled Records=1
		Failed Shuffles=0
		Merged Map outputs=0
		GC time elapsed (ms)=0
		Total committed heap usage (bytes)=1334312960
	HIVE
		DESERIALIZE_ERRORS=0
		RECORDS_IN=1
		RECORDS_OUT_INTERMEDIATE=1
		RECORDS_OUT_OPERATOR_MAP_0=0
		RECORDS_OUT_OPERATOR_RS_2=1
		RECORDS_OUT_OPERATOR_SEL_1=1
		RECORDS_OUT_OPERATOR_TS_0=1
	File Input Format Counters 
		Bytes Read=7474
2024-04-24T06:30:28,566  INFO [LocalJobRunner Map Task Executor #0] mapred.LocalJobRunner: Finishing task: attempt_local1603778306_0073_m_000000_0
2024-04-24T06:30:28,566  INFO [LocalJobRunner Map Task Executor #0] mapred.LocalJobRunner: Starting task: attempt_local1603778306_0073_m_000001_0
2024-04-24T06:30:28,567  INFO [LocalJobRunner Map Task Executor #0] mapred.Task:  Using ResourceCalculatorProcessTree : [ ]
2024-04-24T06:30:28,567  INFO [LocalJobRunner Map Task Executor #0] mapred.MapTask: Processing split: org.apache.hadoop.hive.ql.io.orc.OrcInputFormat:OrcSplit [file:/home/alex/Repositories/hive/ql/target/tmp/org.apache.hadoop.hive.ql.TestTxnCommands-1713965238357/warehouse/acidtbl/delta_0000001_0000001_0000/bucket_00000_0, start=0, length=671, isOriginal=false, fileLength=671, hasFooter=false, hasBase=true, deltas=0]
2024-04-24T06:30:28,568  INFO [LocalJobRunner Map Task Executor #0] exec.SerializationUtilities: Deserializing MapWork using kryo
2024-04-24T06:30:28,568  INFO [LocalJobRunner Map Task Executor #0] exec.Utilities: Deserialized plan (via FILE) - name: null size: 4,65KB
2024-04-24T06:30:28,569  INFO [LocalJobRunner Map Task Executor #0] orc.OrcRawRecordMerger: min key = null, max key = null
2024-04-24T06:30:28,569  INFO [LocalJobRunner Map Task Executor #0] orc.ReaderImpl: Reading ORC rows from file:/home/alex/Repositories/hive/ql/target/tmp/org.apache.hadoop.hive.ql.TestTxnCommands-1713965238357/warehouse/acidtbl/delta_0000001_0000001_0000/bucket_00000_0 with {include: [true, true, true], offset: 0, length: 671, schema: struct<a:int,b:int>, includeAcidColumns: true}
2024-04-24T06:30:28,570  INFO [LocalJobRunner Map Task Executor #0] orc.OrcRawRecordMerger: updated min key = null, max key = null
2024-04-24T06:30:28,570  INFO [LocalJobRunner Map Task Executor #0] mapred.MapTask: numReduceTasks: 1
2024-04-24T06:30:28,574  INFO [LocalJobRunner Map Task Executor #0] mapred.MapTask: (EQUATOR) 0 kvi 26214396(104857584)
2024-04-24T06:30:28,574  INFO [LocalJobRunner Map Task Executor #0] mapred.MapTask: mapreduce.task.io.sort.mb: 100
2024-04-24T06:30:28,574  INFO [LocalJobRunner Map Task Executor #0] mapred.MapTask: soft limit at 83886080
2024-04-24T06:30:28,574  INFO [LocalJobRunner Map Task Executor #0] mapred.MapTask: bufstart = 0; bufvoid = 104857600
2024-04-24T06:30:28,574  INFO [LocalJobRunner Map Task Executor #0] mapred.MapTask: kvstart = 26214396; length = 6553600
2024-04-24T06:30:28,575  INFO [LocalJobRunner Map Task Executor #0] mapred.MapTask: Map output collector class = org.apache.hadoop.mapred.MapTask$MapOutputBuffer
2024-04-24T06:30:28,575  INFO [LocalJobRunner Map Task Executor #0] exec.MapOperator: Initializing Operator: MAP[0]
2024-04-24T06:30:28,576  INFO [LocalJobRunner Map Task Executor #0] mr.ExecMapper: 
<MAP>Id =0
  <Children>null
  <\Children>
  <Parent><\Parent>
<\MAP>
2024-04-24T06:30:28,577  INFO [LocalJobRunner Map Task Executor #0] exec.TableScanOperator: Initializing Operator: TS[0]
2024-04-24T06:30:28,577  INFO [LocalJobRunner Map Task Executor #0] exec.SelectOperator: Initializing Operator: SEL[1]
2024-04-24T06:30:28,577  INFO [LocalJobRunner Map Task Executor #0] exec.SelectOperator: SELECT struct<a:int,b:int>
2024-04-24T06:30:28,577  INFO [LocalJobRunner Map Task Executor #0] exec.ReduceSinkOperator: Initializing Operator: RS[2]
2024-04-24T06:30:28,577  INFO [LocalJobRunner Map Task Executor #0] exec.ReduceSinkOperator: Using tag = -1
2024-04-24T06:30:28,577  INFO [LocalJobRunner Map Task Executor #0] exec.ReduceSinkOperator: keys are [reducesinkkey0, reducesinkkey1] num distributions: 2
2024-04-24T06:30:28,577  INFO [LocalJobRunner Map Task Executor #0] exec.ReduceSinkOperator: RS[2]: records written - 1
2024-04-24T06:30:28,577  INFO [LocalJobRunner Map Task Executor #0] exec.MapOperator: MAP[0]: records read - 1
2024-04-24T06:30:28,577  INFO [LocalJobRunner Map Task Executor #0] exec.MapOperator: Closing Operator: MAP[0]
2024-04-24T06:30:28,577  INFO [LocalJobRunner Map Task Executor #0] exec.MapOperator: MAP[0]: Total records read - 1. abort - false
2024-04-24T06:30:28,577  INFO [LocalJobRunner Map Task Executor #0] exec.MapOperator: RECORDS_IN:1, RECORDS_OUT_OPERATOR_MAP_0:0, DESERIALIZE_ERRORS:0, RECORDS_OUT_INTERMEDIATE:0, 
2024-04-24T06:30:28,577  INFO [LocalJobRunner Map Task Executor #0] exec.TableScanOperator: Closing Operator: TS[0]
2024-04-24T06:30:28,577  INFO [LocalJobRunner Map Task Executor #0] exec.TableScanOperator: RECORDS_OUT_OPERATOR_TS_0:1, RECORDS_OUT_INTERMEDIATE:0, 
2024-04-24T06:30:28,577  INFO [LocalJobRunner Map Task Executor #0] exec.SelectOperator: Closing Operator: SEL[1]
2024-04-24T06:30:28,577  INFO [LocalJobRunner Map Task Executor #0] exec.SelectOperator: RECORDS_OUT_INTERMEDIATE:0, RECORDS_OUT_OPERATOR_SEL_1:1, 
2024-04-24T06:30:28,577  INFO [LocalJobRunner Map Task Executor #0] exec.ReduceSinkOperator: Closing Operator: RS[2]
2024-04-24T06:30:28,577  INFO [LocalJobRunner Map Task Executor #0] exec.ReduceSinkOperator: RS[2]: Total records written - 1. abort - false
2024-04-24T06:30:28,577  INFO [LocalJobRunner Map Task Executor #0] exec.ReduceSinkOperator: RECORDS_OUT_OPERATOR_RS_2:1, RECORDS_OUT_INTERMEDIATE:1, 
2024-04-24T06:30:28,578  INFO [LocalJobRunner Map Task Executor #0] mapred.LocalJobRunner: 
2024-04-24T06:30:28,578  INFO [LocalJobRunner Map Task Executor #0] mapred.MapTask: Starting flush of map output
2024-04-24T06:30:28,578  INFO [LocalJobRunner Map Task Executor #0] mapred.MapTask: Spilling map output
2024-04-24T06:30:28,578  INFO [LocalJobRunner Map Task Executor #0] mapred.MapTask: bufstart = 0; bufend = 19; bufvoid = 104857600
2024-04-24T06:30:28,578  INFO [LocalJobRunner Map Task Executor #0] mapred.MapTask: kvstart = 26214396(104857584); kvend = 26214396(104857584); length = 1/6553600
2024-04-24T06:30:28,586  INFO [LocalJobRunner Map Task Executor #0] mapred.MapTask: Finished spill 0
2024-04-24T06:30:28,588  INFO [LocalJobRunner Map Task Executor #0] mapred.Task: Task:attempt_local1603778306_0073_m_000001_0 is done. And is in the process of committing
2024-04-24T06:30:28,589  INFO [LocalJobRunner Map Task Executor #0] mapred.LocalJobRunner: OrcSplit [file:/home/alex/Repositories/hive/ql/target/tmp/org.apache.hadoop.hive.ql.TestTxnCommands-1713965238357/warehouse/acidtbl/delta_0000001_0000001_0000/bucket_00000_0, start=0, length=671, isOriginal=false, fileLength=671, hasFooter=false, hasBase=true, deltas=0]
2024-04-24T06:30:28,589  INFO [LocalJobRunner Map Task Executor #0] mapred.Task: Task 'attempt_local1603778306_0073_m_000001_0' done.
2024-04-24T06:30:28,589  INFO [LocalJobRunner Map Task Executor #0] mapred.Task: Final Counters for attempt_local1603778306_0073_m_000001_0: Counters: 29
	File System Counters
		FILE: Number of bytes read=1472344
		FILE: Number of bytes written=86053052
		FILE: Number of read operations=0
		FILE: Number of large read operations=0
		FILE: Number of write operations=0
		HDFS: Number of bytes read=0
		HDFS: Number of bytes written=0
		HDFS: Number of read operations=0
		HDFS: Number of large read operations=0
		HDFS: Number of write operations=0
	Map-Reduce Framework
		Map input records=1
		Map output records=1
		Map output bytes=19
		Map output materialized bytes=27
		Input split bytes=495
		Combine input records=0
		Spilled Records=1
		Failed Shuffles=0
		Merged Map outputs=0
		GC time elapsed (ms)=0
		Total committed heap usage (bytes)=1334312960
	HIVE
		DESERIALIZE_ERRORS=0
		RECORDS_IN=1
		RECORDS_OUT_INTERMEDIATE=1
		RECORDS_OUT_OPERATOR_MAP_0=0
		RECORDS_OUT_OPERATOR_RS_2=1
		RECORDS_OUT_OPERATOR_SEL_1=1
		RECORDS_OUT_OPERATOR_TS_0=1
	File Input Format Counters 
		Bytes Read=7466
2024-04-24T06:30:28,589  INFO [LocalJobRunner Map Task Executor #0] mapred.LocalJobRunner: Finishing task: attempt_local1603778306_0073_m_000001_0
2024-04-24T06:30:28,589  INFO [Thread-6219] mapred.LocalJobRunner: map task executor complete.
2024-04-24T06:30:28,590  INFO [Thread-6219] mapred.LocalJobRunner: Waiting for reduce tasks
2024-04-24T06:30:28,590  INFO [pool-360-thread-1] mapred.LocalJobRunner: Starting task: attempt_local1603778306_0073_r_000000_0
2024-04-24T06:30:28,590  INFO [pool-360-thread-1] mapred.Task:  Using ResourceCalculatorProcessTree : [ ]
2024-04-24T06:30:28,590  INFO [pool-360-thread-1] mapred.ReduceTask: Using ShuffleConsumerPlugin: org.apache.hadoop.mapreduce.task.reduce.Shuffle@2db88efb
2024-04-24T06:30:28,590  WARN [pool-360-thread-1] impl.MetricsSystemImpl: JobTracker metrics system already initialized!
2024-04-24T06:30:28,591  INFO [pool-360-thread-1] reduce.MergeManagerImpl: MergerManager: memoryLimit=1336252800, maxSingleShuffleLimit=334063200, mergeThreshold=881926912, ioSortFactor=10, memToMemMergeOutputsThreshold=10
2024-04-24T06:30:28,592  INFO [EventFetcher for fetching Map Completion Events] reduce.EventFetcher: attempt_local1603778306_0073_r_000000_0 Thread started: EventFetcher for fetching Map Completion Events
2024-04-24T06:30:28,593  INFO [localfetcher#99] reduce.LocalFetcher: localfetcher#99 about to shuffle output of map attempt_local1603778306_0073_m_000001_0 decomp: 23 len: 27 to MEMORY
2024-04-24T06:30:28,593  INFO [localfetcher#99] reduce.InMemoryMapOutput: Read 23 bytes from map-output for attempt_local1603778306_0073_m_000001_0
2024-04-24T06:30:28,593  INFO [localfetcher#99] reduce.MergeManagerImpl: closeInMemoryFile -> map-output of size: 23, inMemoryMapOutputs.size() -> 1, commitMemory -> 0, usedMemory ->23
2024-04-24T06:30:28,595  INFO [localfetcher#99] reduce.LocalFetcher: localfetcher#99 about to shuffle output of map attempt_local1603778306_0073_m_000000_0 decomp: 23 len: 27 to MEMORY
2024-04-24T06:30:28,595  INFO [localfetcher#99] reduce.InMemoryMapOutput: Read 23 bytes from map-output for attempt_local1603778306_0073_m_000000_0
2024-04-24T06:30:28,595  INFO [localfetcher#99] reduce.MergeManagerImpl: closeInMemoryFile -> map-output of size: 23, inMemoryMapOutputs.size() -> 2, commitMemory -> 23, usedMemory ->46
2024-04-24T06:30:28,595  INFO [EventFetcher for fetching Map Completion Events] reduce.EventFetcher: EventFetcher is interrupted.. Returning
2024-04-24T06:30:28,596  INFO [pool-360-thread-1] mapred.LocalJobRunner: 2 / 2 copied.
2024-04-24T06:30:28,596  INFO [pool-360-thread-1] reduce.MergeManagerImpl: finalMerge called with 2 in-memory map-outputs and 0 on-disk map-outputs
2024-04-24T06:30:28,602  INFO [pool-360-thread-1] mapred.Merger: Merging 2 sorted segments
2024-04-24T06:30:28,602  INFO [pool-360-thread-1] mapred.Merger: Down to the last merge-pass, with 2 segments left of total size: 12 bytes
2024-04-24T06:30:28,604  INFO [pool-360-thread-1] reduce.MergeManagerImpl: Merged 2 segments, 46 bytes to disk to satisfy reduce memory limit
2024-04-24T06:30:28,604  INFO [pool-360-thread-1] reduce.MergeManagerImpl: Merging 1 files, 48 bytes from disk
2024-04-24T06:30:28,604  INFO [pool-360-thread-1] reduce.MergeManagerImpl: Merging 0 segments, 0 bytes from memory into reduce
2024-04-24T06:30:28,604  INFO [pool-360-thread-1] mapred.Merger: Merging 1 sorted segments
2024-04-24T06:30:28,605  INFO [pool-360-thread-1] mapred.Merger: Down to the last merge-pass, with 1 segments left of total size: 27 bytes
2024-04-24T06:30:28,605  INFO [pool-360-thread-1] mapred.LocalJobRunner: 2 / 2 copied.
2024-04-24T06:30:28,605  INFO [pool-360-thread-1] exec.SerializationUtilities: Deserializing ReduceWork using kryo
2024-04-24T06:30:28,605  INFO [pool-360-thread-1] exec.Utilities: Deserialized plan (via FILE) - name: null size: 5,59KB
2024-04-24T06:30:28,606  INFO [pool-360-thread-1] ExecReducer: 
<SEL>Id =3
  <Children>
    <FS>Id =4
      <Children>
      <\Children>
      <Parent>Id = 3 null<\Parent>
    <\FS>
  <\Children>
  <Parent><\Parent>
<\SEL>
2024-04-24T06:30:28,606  INFO [pool-360-thread-1] exec.SelectOperator: Initializing Operator: SEL[3]
2024-04-24T06:30:28,606  INFO [pool-360-thread-1] exec.SelectOperator: SELECT struct<key:struct<reducesinkkey0:int,reducesinkkey1:int>,value:struct<>>
2024-04-24T06:30:28,606  INFO [pool-360-thread-1] exec.FileSinkOperator: Initializing Operator: FS[4]
2024-04-24T06:30:28,607  INFO [pool-360-thread-1] exec.FileSinkOperator: Using serializer : class org.apache.hadoop.hive.serde2.lazy.LazySimpleSerDe [serdeParams=org.apache.hadoop.hive.serde2.lazy.LazySerDeParameters@2e72590d, cachedObjectInspector=org.apache.hadoop.hive.serde2.lazy.objectinspector.LazySimpleStructObjectInspector<org.apache.hadoop.hive.serde2.lazy.objectinspector.primitive.LazyIntObjectInspector@4582da06,org.apache.hadoop.hive.serde2.lazy.objectinspector.primitive.LazyIntObjectInspector@4582da06>, serializedSize=0, stats=org.apache.hadoop.hive.serde2.SerDeStats@2cdb77f4, lastOperationSerialize=false, lastOperationDeserialize=false [1, 2, 3, 4, 5, 6, 7, 8, 11, 14, 15, 16, 17, 18, 19, 20, 21, 22, 23, 24, 25, 26, 28, 29, 30, 31, -128, -127, -126, -125, -124, -123, -122, -121, -120, -119, -118, -117, -116, -115, -114, -113, -112, -111, -110, -109, -108, -107, -106, -105, -104, -103, -102, -101, -100, -99, -98, -97, -96, -95, -94, -93, -92, -91, -90, -89, -88, -87, -86, -85, -84, -83, -82, -81, -80, -79, -78, -77, -76, -75, -74, -73, -72, -71, -70, -69, -68, -67, -66, -65, -64, -63, -62, -61, -60, -59, -58, -57, -56, -55, -54, -53, -52, -51, -50, -49, -48, -47, -46, -45, -44, -43, -42, -41, -40, -39, -38, -37, -36, -35, -34, -33, -32, -31, -30, -29, -28, -27, -26, -25, -24, -23, -22, -21, -20, -19, -18, -17, -16, -15, -14, -13, -12, -11, -10, -9, -8, -7, -6, -5, -4, -3, -2, -1] : [_col0, _col1] : [int, int]] and formatter : org.apache.hadoop.hive.ql.io.HiveSequenceFileOutputFormat@68224c10
2024-04-24T06:30:28,607  INFO [pool-360-thread-1] exec.FileSinkOperator: Final Path: FS file:/home/alex/Repositories/hive/ql/target/tmp/localscratchdir/09e60267-a5b4-4cbb-b12e-433ef09eef26/hive_2024-04-24_06-30-28_112_4713505793314759639-1/-mr-10001/.hive-staging_hive_2024-04-24_06-30-28_112_4713505793314759639-1/_tmp.-ext-10002/000000_0
2024-04-24T06:30:28,607  INFO [pool-360-thread-1] exec.FileSinkOperator: Writing to temp file: FS file:/home/alex/Repositories/hive/ql/target/tmp/localscratchdir/09e60267-a5b4-4cbb-b12e-433ef09eef26/hive_2024-04-24_06-30-28_112_4713505793314759639-1/-mr-10001/.hive-staging_hive_2024-04-24_06-30-28_112_4713505793314759639-1/_task_tmp.-ext-10002/_tmp.000000_0
2024-04-24T06:30:28,607  INFO [pool-360-thread-1] exec.FileSinkOperator: New Final Path: FS file:/home/alex/Repositories/hive/ql/target/tmp/localscratchdir/09e60267-a5b4-4cbb-b12e-433ef09eef26/hive_2024-04-24_06-30-28_112_4713505793314759639-1/-mr-10001/.hive-staging_hive_2024-04-24_06-30-28_112_4713505793314759639-1/_tmp.-ext-10002/000000_0
2024-04-24T06:30:28,613  INFO [pool-360-thread-1] exec.FileSinkOperator: FS[4]: records written - 1
2024-04-24T06:30:28,614  INFO [pool-360-thread-1] exec.SelectOperator: Closing Operator: SEL[3]
2024-04-24T06:30:28,614  INFO [pool-360-thread-1] exec.SelectOperator: RECORDS_OUT_INTERMEDIATE:0, RECORDS_OUT_OPERATOR_SEL_3:2, 
2024-04-24T06:30:28,614  INFO [pool-360-thread-1] exec.FileSinkOperator: Closing Operator: FS[4]
2024-04-24T06:30:28,614  INFO [pool-360-thread-1] exec.FileSinkOperator: FS[4]: records written - 2
2024-04-24T06:30:28,614  INFO [pool-360-thread-1] exec.FileSinkOperator: RECORDS_OUT_0:2, RECORDS_OUT_OPERATOR_FS_4:2, RECORDS_OUT_INTERMEDIATE:0, 
2024-04-24T06:30:28,614  INFO [pool-360-thread-1] mapred.Task: Task:attempt_local1603778306_0073_r_000000_0 is done. And is in the process of committing
2024-04-24T06:30:28,615  INFO [pool-360-thread-1] mapred.LocalJobRunner: reduce > reduce
2024-04-24T06:30:28,615  INFO [pool-360-thread-1] mapred.Task: Task 'attempt_local1603778306_0073_r_000000_0' done.
2024-04-24T06:30:28,615  INFO [pool-360-thread-1] mapred.Task: Final Counters for attempt_local1603778306_0073_r_000000_0: Counters: 34
	File System Counters
		FILE: Number of bytes read=1478157
		FILE: Number of bytes written=86053231
		FILE: Number of read operations=0
		FILE: Number of large read operations=0
		FILE: Number of write operations=0
		HDFS: Number of bytes read=0
		HDFS: Number of bytes written=0
		HDFS: Number of read operations=0
		HDFS: Number of large read operations=0
		HDFS: Number of write operations=0
	Map-Reduce Framework
		Combine input records=0
		Combine output records=0
		Reduce input groups=2
		Reduce shuffle bytes=54
		Reduce input records=2
		Reduce output records=0
		Spilled Records=2
		Shuffled Maps =2
		Failed Shuffles=0
		Merged Map outputs=2
		GC time elapsed (ms)=0
		Total committed heap usage (bytes)=1334312960
	HIVE
		CREATED_FILES=1
		RECORDS_OUT_0=2
		RECORDS_OUT_INTERMEDIATE=0
		RECORDS_OUT_OPERATOR_FS_4=2
		RECORDS_OUT_OPERATOR_SEL_3=2
	Shuffle Errors
		BAD_ID=0
		CONNECTION=0
		IO_ERROR=0
		WRONG_LENGTH=0
		WRONG_MAP=0
		WRONG_REDUCE=0
	File Output Format Counters 
		Bytes Written=0
2024-04-24T06:30:28,615  INFO [pool-360-thread-1] mapred.LocalJobRunner: Finishing task: attempt_local1603778306_0073_r_000000_0
2024-04-24T06:30:28,615  INFO [Thread-6219] mapred.LocalJobRunner: reduce task executor complete.
2024-04-24 06:30:29,541 Stage-1 map = 100%,  reduce = 100%
2024-04-24T06:30:29,541  INFO [main] exec.Task: 2024-04-24 06:30:29,541 Stage-1 map = 100%,  reduce = 100%
Ended Job = job_local1603778306_0073
2024-04-24T06:30:29,543  INFO [main] exec.Task: Ended Job = job_local1603778306_0073
2024-04-24T06:30:29,544  INFO [main] metadata.Hive: Dumping metastore api call timing information for : execution phase
2024-04-24T06:30:29,544  INFO [main] metadata.Hive: Total time spent in each metastore function (ms): {}
MapReduce Jobs Launched: 
2024-04-24T06:30:29,545  INFO [main] ql.Driver: MapReduce Jobs Launched: 
Stage-Stage-1:  HDFS Read: 0 HDFS Write: 0 SUCCESS
2024-04-24T06:30:29,545  INFO [main] ql.Driver: Stage-Stage-1:  HDFS Read: 0 HDFS Write: 0 SUCCESS
Total MapReduce CPU Time Spent: 0 msec
2024-04-24T06:30:29,545  INFO [main] ql.Driver: Total MapReduce CPU Time Spent: 0 msec
2024-04-24T06:30:29,545  INFO [main] ql.Driver: Completed executing command(queryId=alex_20240424063028_fa0900b0-e0c2-4bcc-a6bb-b3adcd4907ac); Time taken: 1.277 seconds
2024-04-24T06:30:29,545  INFO [main] lockmgr.DbTxnManager: Stopped heartbeat for query: alex_20240424063028_fa0900b0-e0c2-4bcc-a6bb-b3adcd4907ac
2024-04-24T06:30:29,550  INFO [main] txn.TxnHandler: Expected to move at least one record from txn_components to completed_txn_components when committing txn! txnid:14
2024-04-24T06:30:29,557  INFO [main] txn.TxnHandler: Removed transactions: ([14]) from MIN_HISTORY_LEVEL
2024-04-24T06:30:29,557  WARN [main] txn.CompactionTxnHandler: No compaction queue record found for Compaction type transaction commit. txnId:14
2024-04-24T06:30:29,561  INFO [main] mapred.FileInputFormat: Total input files to process : 1
2024-04-24T06:30:29,562  INFO [main] exec.ListSinkOperator: Closing Operator: LIST_SINK[5]
2024-04-24T06:30:29,562  INFO [main] exec.ListSinkOperator: RECORDS_OUT_OPERATOR_LIST_SINK_5:2, RECORDS_OUT_INTERMEDIATE:0, 
2024-04-24T06:30:29,562  INFO [main] ql.TxnCommandsBaseForTests: Running the query: START TRANSACTION
2024-04-24T06:30:29,562  INFO [main] ql.Context: Deleting scratch dir: file:/home/alex/Repositories/hive/ql/target/tmp/localscratchdir/09e60267-a5b4-4cbb-b12e-433ef09eef26/hive_2024-04-24_06-30-28_112_4713505793314759639-1
2024-04-24T06:30:29,563  INFO [main] cleanup.SyncCleanupService: Deleted directory: file:/home/alex/Repositories/hive/ql/target/tmp/localscratchdir/09e60267-a5b4-4cbb-b12e-433ef09eef26/hive_2024-04-24_06-30-28_112_4713505793314759639-1 on fs with scheme file
2024-04-24T06:30:29,563  INFO [main] ql.Driver: Compiling command(queryId=alex_20240424063029_f552aef2-8e3f-4aff-a98e-a49dd8fab356): START TRANSACTION
2024-04-24T06:30:29,565  INFO [main] txn.TxnHandler: Added entries to MIN_HISTORY_LEVEL for current txns: ([15]) with min_open_txn: 15
2024-04-24T06:30:29,565  INFO [main] lockmgr.DbTxnManager: Opened txnid:15
2024-04-24T06:30:29,566  INFO [main] parse.CalcitePlanner: Starting caching scope for: 
2024-04-24T06:30:29,566  INFO [main] parse.CalcitePlanner: Starting Semantic Analysis
2024-04-24T06:30:29,566  INFO [main] parse.CalcitePlanner: Ending caching scope for: 
2024-04-24T06:30:29,566  INFO [main] ql.Driver: Semantic Analysis Completed (retrial = false)
2024-04-24T06:30:29,566  INFO [main] ql.Driver: Created Hive schema: Schema(fieldSchemas:null, properties:null)
2024-04-24T06:30:29,566  INFO [main] metadata.Hive: Dumping metastore api call timing information for : compilation phase
2024-04-24T06:30:29,566  INFO [main] metadata.Hive: Total time spent in each metastore function (ms): {commitTxn_(CommitTxnRequest)=12, isCompatibleWith_(Configuration)=0, getValidWriteIds_(List, String)=0, flushCache_()=0, getValidTxns_(long)=1, openTxn_(String, TxnType)=2}
2024-04-24T06:30:29,566  INFO [main] ql.Driver: Completed compiling command(queryId=alex_20240424063029_f552aef2-8e3f-4aff-a98e-a49dd8fab356); Time taken: 0.003 seconds
2024-04-24T06:30:29,566  INFO [main] lockmgr.DbTxnManager: Setting lock request transaction to txnid:15 for queryId=alex_20240424063029_f552aef2-8e3f-4aff-a98e-a49dd8fab356
2024-04-24T06:30:29,566  INFO [main] ql.Driver: Operation START_TRANSACTION obtained 0 locks
2024-04-24T06:30:29,566  INFO [main] ql.Driver: Executing command(queryId=alex_20240424063029_f552aef2-8e3f-4aff-a98e-a49dd8fab356): START TRANSACTION
2024-04-24T06:30:29,567  INFO [main] metadata.Hive: Dumping metastore api call timing information for : execution phase
2024-04-24T06:30:29,567  INFO [main] metadata.Hive: Total time spent in each metastore function (ms): {}
2024-04-24T06:30:29,567  INFO [main] ql.Driver: Completed executing command(queryId=alex_20240424063029_f552aef2-8e3f-4aff-a98e-a49dd8fab356); Time taken: 0.001 seconds
2024-04-24T06:30:29,567  INFO [main] ql.TxnCommandsBaseForTests: Running the query: delete from acidTbl where b = 4
2024-04-24T06:30:29,567  INFO [main] ql.Driver: Compiling command(queryId=alex_20240424063029_baeede67-bc54-4f64-8a85-6ad1b9ca90be): delete from acidTbl where b = 4
2024-04-24T06:30:29,568  INFO [main] parse.UpdateDeleteSemanticAnalyzer: Starting caching scope for: 
2024-04-24T06:30:29,568  INFO [main] HiveMetaStore.audit: ugi=alex	ip=unknown-ip-addr	cmd=get_table : tbl=hive.default.acidTbl	
2024-04-24T06:30:29,574  INFO [main] metastore.HMSHandler: Skipping translation for processor with null
2024-04-24T06:30:29,574  INFO [main] parse.RewriteSemanticAnalyzer: Going to reparse <delete from acidTbl where b = 4> as 
<insert into table `default`.`acidTbl` select ROW__ID from `default`.`acidTbl` sort by ROW__ID >
2024-04-24T06:30:29,575  INFO [main] parse.UpdateDeleteSemanticAnalyzer: Starting Semantic Analysis
2024-04-24T06:30:29,577  INFO [main] parse.UpdateDeleteSemanticAnalyzer: Completed phase 1 of Semantic Analysis
2024-04-24T06:30:29,578  INFO [main] parse.UpdateDeleteSemanticAnalyzer: Get metadata for source tables
2024-04-24T06:30:29,578  INFO [main] HiveMetaStore.audit: ugi=alex	ip=unknown-ip-addr	cmd=get_table : tbl=hive.default.acidtbl	
2024-04-24T06:30:29,585  INFO [main] metastore.HMSHandler: Skipping translation for processor with null
2024-04-24T06:30:29,585  INFO [main] parse.UpdateDeleteSemanticAnalyzer: Get metadata for subqueries
2024-04-24T06:30:29,585  INFO [main] parse.UpdateDeleteSemanticAnalyzer: Get metadata for destination tables
2024-04-24T06:30:29,585  INFO [main] HiveMetaStore.audit: ugi=alex	ip=unknown-ip-addr	cmd=get_table : tbl=hive.default.acidTbl	
2024-04-24T06:30:29,591  INFO [main] metastore.HMSHandler: Skipping translation for processor with null
2024-04-24T06:30:29,591  INFO [main] parse.UpdateDeleteSemanticAnalyzer: Completed getting MetaData in Semantic Analysis
2024-04-24T06:30:29,591  INFO [main] parse.UpdateDeleteSemanticAnalyzer: Disabling LLAP IO encode as ETL query is detected
2024-04-24T06:30:29,603  INFO [main] HiveMetaStore.audit: ugi=alex	ip=unknown-ip-addr	cmd=get_all_table_constraints : tbl=hive.default.acidtbl	
2024-04-24T06:30:29,636  INFO [main] calcite.RelOptHiveTable: Calculating column statistics for default.acidtbl, projIndxSet: [1], allowMissingStats: true
2024-04-24T06:30:29,636  INFO [main] HiveMetaStore.audit: ugi=alex	ip=unknown-ip-addr	cmd=get_table : tbl=hive.default.acidtbl	
2024-04-24T06:30:29,649  INFO [main] metastore.HMSHandler: Skipping translation for processor with null
2024-04-24T06:30:29,650  INFO [main] HiveMetaStore.audit: ugi=alex	ip=unknown-ip-addr	cmd=get_table : tbl=hive.default.acidtbl	
2024-04-24T06:30:29,660  INFO [main] metastore.HMSHandler: Skipping translation for processor with null
2024-04-24T06:30:29,660  INFO [main] HiveMetaStore.audit: ugi=alex	ip=unknown-ip-addr	cmd=get_table_statistics_req: table=hive.default.acidtbl	
2024-04-24T06:30:29,669  WARN [main] calcite.RelOptHiveTable: No Stats for default@acidtbl, Columns: b
No Stats for default@acidtbl, Columns: b
2024-04-24T06:30:29,669  INFO [main] SessionState: No Stats for default@acidtbl, Columns: b
2024-04-24T06:30:29,722  INFO [main] parse.UpdateDeleteSemanticAnalyzer: Get metadata for source tables
2024-04-24T06:30:29,723  INFO [main] parse.UpdateDeleteSemanticAnalyzer: Get metadata for subqueries
2024-04-24T06:30:29,723  INFO [main] parse.UpdateDeleteSemanticAnalyzer: Get metadata for destination tables
2024-04-24T06:30:29,723  INFO [main] HiveMetaStore.audit: ugi=alex	ip=unknown-ip-addr	cmd=get_table : tbl=hive.default.acidTbl	
2024-04-24T06:30:29,729  INFO [main] metastore.HMSHandler: Skipping translation for processor with null
2024-04-24T06:30:29,731 ERROR [main] parse.UpdateDeleteSemanticAnalyzer: CBO failed, skipping CBO. 
org.apache.hadoop.hive.ql.exec.NoMatchingMethodException: No matching method for class org.apache.hadoop.hive.ql.udf.UDFToInteger with (struct<writeid:bigint,bucketid:int,rowid:bigint>). Possible choices: _FUNC_(bigint)  _FUNC_(boolean)  _FUNC_(decimal(38,18))  _FUNC_(double)  _FUNC_(float)  _FUNC_(smallint)  _FUNC_(string)  _FUNC_(struct<writeid:int,bucketid:bigint,rowid:bigint>)  _FUNC_(timestamp)  _FUNC_(tinyint)  _FUNC_(void)  
	at org.apache.hadoop.hive.ql.exec.MethodUtils.getMethodInternal(MethodUtils.java:130) ~[classes/:?]
	at org.apache.hadoop.hive.ql.exec.MethodUtils.getMethodInternal(MethodUtils.java:60) ~[classes/:?]
	at org.apache.hadoop.hive.ql.exec.DefaultUDFMethodResolver.getEvalMethod(DefaultUDFMethodResolver.java:59) ~[classes/:?]
	at org.apache.hadoop.hive.ql.udf.TimestampCastRestrictorResolver.getEvalMethod(TimestampCastRestrictorResolver.java:68) ~[classes/:?]
	at org.apache.hadoop.hive.ql.udf.generic.GenericUDFBridge.initialize(GenericUDFBridge.java:168) ~[classes/:?]
	at org.apache.hadoop.hive.ql.udf.generic.GenericUDF.initializeAndFoldConstants(GenericUDF.java:149) ~[classes/:?]
	at org.apache.hadoop.hive.ql.plan.ExprNodeGenericFuncDesc.newInstance(ExprNodeGenericFuncDesc.java:235) ~[classes/:?]
	at org.apache.hadoop.hive.ql.parse.type.ExprNodeDescExprFactory.createFuncCallExpr(ExprNodeDescExprFactory.java:584) ~[classes/:?]
	at org.apache.hadoop.hive.ql.parse.type.ExprNodeDescExprFactory.createFuncCallExpr(ExprNodeDescExprFactory.java:97) ~[classes/:?]
	at org.apache.hadoop.hive.ql.parse.type.TypeCheckProcFactory$DefaultExprProcessor.getFuncExprNodeDescWithUdfData(TypeCheckProcFactory.java:762) ~[classes/:?]
	at org.apache.hadoop.hive.ql.parse.type.TypeCheckProcFactory$DefaultExprProcessor.createConversionCast(TypeCheckProcFactory.java:783) ~[classes/:?]
	at org.apache.hadoop.hive.ql.parse.SemanticAnalyzer.getPartitionColsFromBucketColsForUpdateDelete(SemanticAnalyzer.java:8725) ~[classes/:?]
	at org.apache.hadoop.hive.ql.parse.SemanticAnalyzer.genBucketingSortingDest(SemanticAnalyzer.java:6906) ~[classes/:?]
	at org.apache.hadoop.hive.ql.parse.SemanticAnalyzer.genFileSinkPlan(SemanticAnalyzer.java:7335) ~[classes/:?]
	at org.apache.hadoop.hive.ql.parse.SemanticAnalyzer.genPostGroupByBodyPlan(SemanticAnalyzer.java:11063) ~[classes/:?]
	at org.apache.hadoop.hive.ql.parse.SemanticAnalyzer.genBodyPlan(SemanticAnalyzer.java:10938) ~[classes/:?]
	at org.apache.hadoop.hive.ql.parse.SemanticAnalyzer.genPlan(SemanticAnalyzer.java:11853) ~[classes/:?]
	at org.apache.hadoop.hive.ql.parse.SemanticAnalyzer.genPlan(SemanticAnalyzer.java:11723) ~[classes/:?]
	at org.apache.hadoop.hive.ql.parse.CalcitePlanner.genOPTree(CalcitePlanner.java:626) ~[classes/:?]
	at org.apache.hadoop.hive.ql.parse.SemanticAnalyzer.analyzeInternal(SemanticAnalyzer.java:12558) ~[classes/:?]
	at org.apache.hadoop.hive.ql.parse.CalcitePlanner.analyzeInternal(CalcitePlanner.java:456) ~[classes/:?]
	at org.apache.hadoop.hive.ql.parse.RewriteSemanticAnalyzer.analyzeInternal(RewriteSemanticAnalyzer.java:67) ~[classes/:?]
	at org.apache.hadoop.hive.ql.parse.BaseSemanticAnalyzer.analyze(BaseSemanticAnalyzer.java:317) ~[classes/:?]
	at org.apache.hadoop.hive.ql.parse.UpdateDeleteSemanticAnalyzer.reparseAndSuperAnalyze(UpdateDeleteSemanticAnalyzer.java:208) ~[classes/:?]
	at org.apache.hadoop.hive.ql.parse.UpdateDeleteSemanticAnalyzer.analyzeDelete(UpdateDeleteSemanticAnalyzer.java:68) ~[classes/:?]
	at org.apache.hadoop.hive.ql.parse.UpdateDeleteSemanticAnalyzer.analyze(UpdateDeleteSemanticAnalyzer.java:50) ~[classes/:?]
	at org.apache.hadoop.hive.ql.parse.RewriteSemanticAnalyzer.analyzeInternal(RewriteSemanticAnalyzer.java:72) ~[classes/:?]
	at org.apache.hadoop.hive.ql.parse.BaseSemanticAnalyzer.analyze(BaseSemanticAnalyzer.java:317) ~[classes/:?]
	at org.apache.hadoop.hive.ql.Compiler.analyze(Compiler.java:223) ~[classes/:?]
	at org.apache.hadoop.hive.ql.Compiler.compile(Compiler.java:105) ~[classes/:?]
	at org.apache.hadoop.hive.ql.Driver.compile(Driver.java:500) ~[classes/:?]
	at org.apache.hadoop.hive.ql.Driver.compileInternal(Driver.java:453) ~[classes/:?]
	at org.apache.hadoop.hive.ql.Driver.runInternal(Driver.java:181) ~[classes/:?]
	at org.apache.hadoop.hive.ql.Driver.run(Driver.java:153) ~[classes/:?]
	at org.apache.hadoop.hive.ql.Driver.run(Driver.java:140) ~[classes/:?]
	at org.apache.hadoop.hive.ql.TxnCommandsBaseForTests.runStatementOnDriver(TxnCommandsBaseForTests.java:245) ~[test-classes/:?]
	at org.apache.hadoop.hive.ql.TestTxnCommands.testDelete(TestTxnCommands.java:840) ~[test-classes/:?]
	at sun.reflect.NativeMethodAccessorImpl.invoke0(Native Method) ~[?:1.8.0_402]
	at sun.reflect.NativeMethodAccessorImpl.invoke(NativeMethodAccessorImpl.java:62) ~[?:1.8.0_402]
	at sun.reflect.DelegatingMethodAccessorImpl.invoke(DelegatingMethodAccessorImpl.java:43) ~[?:1.8.0_402]
	at java.lang.reflect.Method.invoke(Method.java:498) ~[?:1.8.0_402]
	at org.junit.runners.model.FrameworkMethod$1.runReflectiveCall(FrameworkMethod.java:59) ~[junit-4.13.jar:4.13]
	at org.junit.internal.runners.model.ReflectiveCallable.run(ReflectiveCallable.java:12) ~[junit-4.13.jar:4.13]
	at org.junit.runners.model.FrameworkMethod.invokeExplosively(FrameworkMethod.java:56) ~[junit-4.13.jar:4.13]
	at org.junit.internal.runners.statements.InvokeMethod.evaluate(InvokeMethod.java:17) ~[junit-4.13.jar:4.13]
	at org.junit.internal.runners.statements.RunBefores.evaluate(RunBefores.java:26) ~[junit-4.13.jar:4.13]
	at org.junit.internal.runners.statements.RunAfters.evaluate(RunAfters.java:27) ~[junit-4.13.jar:4.13]
	at org.junit.rules.TestWatcher$1.evaluate(TestWatcher.java:61) ~[junit-4.13.jar:4.13]
	at org.junit.runners.ParentRunner$3.evaluate(ParentRunner.java:306) ~[junit-4.13.jar:4.13]
	at org.junit.runners.BlockJUnit4ClassRunner$1.evaluate(BlockJUnit4ClassRunner.java:100) ~[junit-4.13.jar:4.13]
	at org.junit.runners.ParentRunner.runLeaf(ParentRunner.java:366) ~[junit-4.13.jar:4.13]
	at org.junit.runners.BlockJUnit4ClassRunner.runChild(BlockJUnit4ClassRunner.java:103) ~[junit-4.13.jar:4.13]
	at org.junit.runners.BlockJUnit4ClassRunner.runChild(BlockJUnit4ClassRunner.java:63) ~[junit-4.13.jar:4.13]
	at org.junit.runners.ParentRunner$4.run(ParentRunner.java:331) ~[junit-4.13.jar:4.13]
	at org.junit.runners.ParentRunner$1.schedule(ParentRunner.java:79) ~[junit-4.13.jar:4.13]
	at org.junit.runners.ParentRunner.runChildren(ParentRunner.java:329) ~[junit-4.13.jar:4.13]
	at org.junit.runners.ParentRunner.access$100(ParentRunner.java:66) ~[junit-4.13.jar:4.13]
	at org.junit.runners.ParentRunner$2.evaluate(ParentRunner.java:293) ~[junit-4.13.jar:4.13]
	at org.junit.runners.ParentRunner$3.evaluate(ParentRunner.java:306) ~[junit-4.13.jar:4.13]
	at org.junit.runners.ParentRunner.run(ParentRunner.java:413) ~[junit-4.13.jar:4.13]
	at org.junit.runner.JUnitCore.run(JUnitCore.java:137) ~[junit-4.13.jar:4.13]
	at org.junit.runner.JUnitCore.run(JUnitCore.java:115) ~[junit-4.13.jar:4.13]
	at org.junit.vintage.engine.execution.RunnerExecutor.execute(RunnerExecutor.java:43) ~[junit-vintage-engine-5.6.2.jar:5.6.2]
	at java.util.stream.ForEachOps$ForEachOp$OfRef.accept(ForEachOps.java:183) ~[?:1.8.0_402]
	at java.util.stream.ReferencePipeline$3$1.accept(ReferencePipeline.java:193) ~[?:1.8.0_402]
	at java.util.Iterator.forEachRemaining(Iterator.java:116) ~[?:1.8.0_402]
	at java.util.Spliterators$IteratorSpliterator.forEachRemaining(Spliterators.java:1801) ~[?:1.8.0_402]
	at java.util.stream.AbstractPipeline.copyInto(AbstractPipeline.java:482) ~[?:1.8.0_402]
	at java.util.stream.AbstractPipeline.wrapAndCopyInto(AbstractPipeline.java:472) ~[?:1.8.0_402]
	at java.util.stream.ForEachOps$ForEachOp.evaluateSequential(ForEachOps.java:150) ~[?:1.8.0_402]
	at java.util.stream.ForEachOps$ForEachOp$OfRef.evaluateSequential(ForEachOps.java:173) ~[?:1.8.0_402]
	at java.util.stream.AbstractPipeline.evaluate(AbstractPipeline.java:234) ~[?:1.8.0_402]
	at java.util.stream.ReferencePipeline.forEach(ReferencePipeline.java:485) ~[?:1.8.0_402]
	at org.junit.vintage.engine.VintageTestEngine.executeAllChildren(VintageTestEngine.java:82) ~[junit-vintage-engine-5.6.2.jar:5.6.2]
	at org.junit.vintage.engine.VintageTestEngine.execute(VintageTestEngine.java:73) ~[junit-vintage-engine-5.6.2.jar:5.6.2]
	at org.junit.platform.launcher.core.DefaultLauncher.execute(DefaultLauncher.java:248) ~[junit-platform-launcher-1.6.2.jar:1.6.2]
	at org.junit.platform.launcher.core.DefaultLauncher.lambda$execute$5(DefaultLauncher.java:211) ~[junit-platform-launcher-1.6.2.jar:1.6.2]
	at org.junit.platform.launcher.core.DefaultLauncher.withInterceptedStreams(DefaultLauncher.java:226) [junit-platform-launcher-1.6.2.jar:1.6.2]
	at org.junit.platform.launcher.core.DefaultLauncher.execute(DefaultLauncher.java:199) [junit-platform-launcher-1.6.2.jar:1.6.2]
	at org.junit.platform.launcher.core.DefaultLauncher.execute(DefaultLauncher.java:132) [junit-platform-launcher-1.6.2.jar:1.6.2]
	at org.apache.maven.surefire.junitplatform.JUnitPlatformProvider.invokeAllTests(JUnitPlatformProvider.java:154) [surefire-junit-platform-3.0.0-M4.jar:3.0.0-M4]
	at org.apache.maven.surefire.junitplatform.JUnitPlatformProvider.invoke(JUnitPlatformProvider.java:123) [surefire-junit-platform-3.0.0-M4.jar:3.0.0-M4]
	at org.apache.maven.surefire.booter.ForkedBooter.runSuitesInProcess(ForkedBooter.java:377) [surefire-booter-3.0.0-M4.jar:3.0.0-M4]
	at org.apache.maven.surefire.booter.ForkedBooter.execute(ForkedBooter.java:138) [surefire-booter-3.0.0-M4.jar:3.0.0-M4]
	at org.apache.maven.surefire.booter.ForkedBooter.run(ForkedBooter.java:465) [surefire-booter-3.0.0-M4.jar:3.0.0-M4]
	at org.apache.maven.surefire.booter.ForkedBooter.main(ForkedBooter.java:451) [surefire-booter-3.0.0-M4.jar:3.0.0-M4]
2024-04-24T06:30:29,732 ERROR [main] parse.UpdateDeleteSemanticAnalyzer: CBO failed due to missing column stats (see previous errors), skipping CBO
2024-04-24T06:30:29,732  INFO [main] parse.UpdateDeleteSemanticAnalyzer: Ending caching scope for: 
FAILED: NoMatchingMethodException No matching method for class org.apache.hadoop.hive.ql.udf.UDFToInteger with (struct<writeid:bigint,bucketid:int,rowid:bigint>). Possible choices: _FUNC_(bigint)  _FUNC_(boolean)  _FUNC_(decimal(38,18))  _FUNC_(double)  _FUNC_(float)  _FUNC_(smallint)  _FUNC_(string)  _FUNC_(struct<writeid:int,bucketid:bigint,rowid:bigint>)  _FUNC_(timestamp)  _FUNC_(tinyint)  _FUNC_(void)  
2024-04-24T06:30:29,733 ERROR [main] ql.Driver: FAILED: NoMatchingMethodException No matching method for class org.apache.hadoop.hive.ql.udf.UDFToInteger with (struct<writeid:bigint,bucketid:int,rowid:bigint>). Possible choices: _FUNC_(bigint)  _FUNC_(boolean)  _FUNC_(decimal(38,18))  _FUNC_(double)  _FUNC_(float)  _FUNC_(smallint)  _FUNC_(string)  _FUNC_(struct<writeid:int,bucketid:bigint,rowid:bigint>)  _FUNC_(timestamp)  _FUNC_(tinyint)  _FUNC_(void)  
org.apache.hadoop.hive.ql.exec.NoMatchingMethodException: No matching method for class org.apache.hadoop.hive.ql.udf.UDFToInteger with (struct<writeid:bigint,bucketid:int,rowid:bigint>). Possible choices: _FUNC_(bigint)  _FUNC_(boolean)  _FUNC_(decimal(38,18))  _FUNC_(double)  _FUNC_(float)  _FUNC_(smallint)  _FUNC_(string)  _FUNC_(struct<writeid:int,bucketid:bigint,rowid:bigint>)  _FUNC_(timestamp)  _FUNC_(tinyint)  _FUNC_(void)  
	at org.apache.hadoop.hive.ql.exec.MethodUtils.getMethodInternal(MethodUtils.java:130)
	at org.apache.hadoop.hive.ql.exec.MethodUtils.getMethodInternal(MethodUtils.java:60)
	at org.apache.hadoop.hive.ql.exec.DefaultUDFMethodResolver.getEvalMethod(DefaultUDFMethodResolver.java:59)
	at org.apache.hadoop.hive.ql.udf.TimestampCastRestrictorResolver.getEvalMethod(TimestampCastRestrictorResolver.java:68)
	at org.apache.hadoop.hive.ql.udf.generic.GenericUDFBridge.initialize(GenericUDFBridge.java:168)
	at org.apache.hadoop.hive.ql.udf.generic.GenericUDF.initializeAndFoldConstants(GenericUDF.java:149)
	at org.apache.hadoop.hive.ql.plan.ExprNodeGenericFuncDesc.newInstance(ExprNodeGenericFuncDesc.java:235)
	at org.apache.hadoop.hive.ql.parse.type.ExprNodeDescExprFactory.createFuncCallExpr(ExprNodeDescExprFactory.java:584)
	at org.apache.hadoop.hive.ql.parse.type.ExprNodeDescExprFactory.createFuncCallExpr(ExprNodeDescExprFactory.java:97)
	at org.apache.hadoop.hive.ql.parse.type.TypeCheckProcFactory$DefaultExprProcessor.getFuncExprNodeDescWithUdfData(TypeCheckProcFactory.java:762)
	at org.apache.hadoop.hive.ql.parse.type.TypeCheckProcFactory$DefaultExprProcessor.createConversionCast(TypeCheckProcFactory.java:783)
	at org.apache.hadoop.hive.ql.parse.SemanticAnalyzer.getPartitionColsFromBucketColsForUpdateDelete(SemanticAnalyzer.java:8725)
	at org.apache.hadoop.hive.ql.parse.SemanticAnalyzer.genBucketingSortingDest(SemanticAnalyzer.java:6906)
	at org.apache.hadoop.hive.ql.parse.SemanticAnalyzer.genFileSinkPlan(SemanticAnalyzer.java:7335)
	at org.apache.hadoop.hive.ql.parse.SemanticAnalyzer.genPostGroupByBodyPlan(SemanticAnalyzer.java:11063)
	at org.apache.hadoop.hive.ql.parse.SemanticAnalyzer.genBodyPlan(SemanticAnalyzer.java:10938)
	at org.apache.hadoop.hive.ql.parse.SemanticAnalyzer.genPlan(SemanticAnalyzer.java:11853)
	at org.apache.hadoop.hive.ql.parse.SemanticAnalyzer.genPlan(SemanticAnalyzer.java:11723)
	at org.apache.hadoop.hive.ql.parse.CalcitePlanner.genOPTree(CalcitePlanner.java:626)
	at org.apache.hadoop.hive.ql.parse.SemanticAnalyzer.analyzeInternal(SemanticAnalyzer.java:12558)
	at org.apache.hadoop.hive.ql.parse.CalcitePlanner.analyzeInternal(CalcitePlanner.java:456)
	at org.apache.hadoop.hive.ql.parse.RewriteSemanticAnalyzer.analyzeInternal(RewriteSemanticAnalyzer.java:67)
	at org.apache.hadoop.hive.ql.parse.BaseSemanticAnalyzer.analyze(BaseSemanticAnalyzer.java:317)
	at org.apache.hadoop.hive.ql.parse.UpdateDeleteSemanticAnalyzer.reparseAndSuperAnalyze(UpdateDeleteSemanticAnalyzer.java:208)
	at org.apache.hadoop.hive.ql.parse.UpdateDeleteSemanticAnalyzer.analyzeDelete(UpdateDeleteSemanticAnalyzer.java:68)
	at org.apache.hadoop.hive.ql.parse.UpdateDeleteSemanticAnalyzer.analyze(UpdateDeleteSemanticAnalyzer.java:50)
	at org.apache.hadoop.hive.ql.parse.RewriteSemanticAnalyzer.analyzeInternal(RewriteSemanticAnalyzer.java:72)
	at org.apache.hadoop.hive.ql.parse.BaseSemanticAnalyzer.analyze(BaseSemanticAnalyzer.java:317)
	at org.apache.hadoop.hive.ql.Compiler.analyze(Compiler.java:223)
	at org.apache.hadoop.hive.ql.Compiler.compile(Compiler.java:105)
	at org.apache.hadoop.hive.ql.Driver.compile(Driver.java:500)
	at org.apache.hadoop.hive.ql.Driver.compileInternal(Driver.java:453)
	at org.apache.hadoop.hive.ql.Driver.runInternal(Driver.java:181)
	at org.apache.hadoop.hive.ql.Driver.run(Driver.java:153)
	at org.apache.hadoop.hive.ql.Driver.run(Driver.java:140)
	at org.apache.hadoop.hive.ql.TxnCommandsBaseForTests.runStatementOnDriver(TxnCommandsBaseForTests.java:245)
	at org.apache.hadoop.hive.ql.TestTxnCommands.testDelete(TestTxnCommands.java:840)
	at sun.reflect.NativeMethodAccessorImpl.invoke0(Native Method)
	at sun.reflect.NativeMethodAccessorImpl.invoke(NativeMethodAccessorImpl.java:62)
	at sun.reflect.DelegatingMethodAccessorImpl.invoke(DelegatingMethodAccessorImpl.java:43)
	at java.lang.reflect.Method.invoke(Method.java:498)
	at org.junit.runners.model.FrameworkMethod$1.runReflectiveCall(FrameworkMethod.java:59)
	at org.junit.internal.runners.model.ReflectiveCallable.run(ReflectiveCallable.java:12)
	at org.junit.runners.model.FrameworkMethod.invokeExplosively(FrameworkMethod.java:56)
	at org.junit.internal.runners.statements.InvokeMethod.evaluate(InvokeMethod.java:17)
	at org.junit.internal.runners.statements.RunBefores.evaluate(RunBefores.java:26)
	at org.junit.internal.runners.statements.RunAfters.evaluate(RunAfters.java:27)
	at org.junit.rules.TestWatcher$1.evaluate(TestWatcher.java:61)
	at org.junit.runners.ParentRunner$3.evaluate(ParentRunner.java:306)
	at org.junit.runners.BlockJUnit4ClassRunner$1.evaluate(BlockJUnit4ClassRunner.java:100)
	at org.junit.runners.ParentRunner.runLeaf(ParentRunner.java:366)
	at org.junit.runners.BlockJUnit4ClassRunner.runChild(BlockJUnit4ClassRunner.java:103)
	at org.junit.runners.BlockJUnit4ClassRunner.runChild(BlockJUnit4ClassRunner.java:63)
	at org.junit.runners.ParentRunner$4.run(ParentRunner.java:331)
	at org.junit.runners.ParentRunner$1.schedule(ParentRunner.java:79)
	at org.junit.runners.ParentRunner.runChildren(ParentRunner.java:329)
	at org.junit.runners.ParentRunner.access$100(ParentRunner.java:66)
	at org.junit.runners.ParentRunner$2.evaluate(ParentRunner.java:293)
	at org.junit.runners.ParentRunner$3.evaluate(ParentRunner.java:306)
	at org.junit.runners.ParentRunner.run(ParentRunner.java:413)
	at org.junit.runner.JUnitCore.run(JUnitCore.java:137)
	at org.junit.runner.JUnitCore.run(JUnitCore.java:115)
	at org.junit.vintage.engine.execution.RunnerExecutor.execute(RunnerExecutor.java:43)
	at java.util.stream.ForEachOps$ForEachOp$OfRef.accept(ForEachOps.java:183)
	at java.util.stream.ReferencePipeline$3$1.accept(ReferencePipeline.java:193)
	at java.util.Iterator.forEachRemaining(Iterator.java:116)
	at java.util.Spliterators$IteratorSpliterator.forEachRemaining(Spliterators.java:1801)
	at java.util.stream.AbstractPipeline.copyInto(AbstractPipeline.java:482)
	at java.util.stream.AbstractPipeline.wrapAndCopyInto(AbstractPipeline.java:472)
	at java.util.stream.ForEachOps$ForEachOp.evaluateSequential(ForEachOps.java:150)
	at java.util.stream.ForEachOps$ForEachOp$OfRef.evaluateSequential(ForEachOps.java:173)
	at java.util.stream.AbstractPipeline.evaluate(AbstractPipeline.java:234)
	at java.util.stream.ReferencePipeline.forEach(ReferencePipeline.java:485)
	at org.junit.vintage.engine.VintageTestEngine.executeAllChildren(VintageTestEngine.java:82)
	at org.junit.vintage.engine.VintageTestEngine.execute(VintageTestEngine.java:73)
	at org.junit.platform.launcher.core.DefaultLauncher.execute(DefaultLauncher.java:248)
	at org.junit.platform.launcher.core.DefaultLauncher.lambda$execute$5(DefaultLauncher.java:211)
	at org.junit.platform.launcher.core.DefaultLauncher.withInterceptedStreams(DefaultLauncher.java:226)
	at org.junit.platform.launcher.core.DefaultLauncher.execute(DefaultLauncher.java:199)
	at org.junit.platform.launcher.core.DefaultLauncher.execute(DefaultLauncher.java:132)
	at org.apache.maven.surefire.junitplatform.JUnitPlatformProvider.invokeAllTests(JUnitPlatformProvider.java:154)
	at org.apache.maven.surefire.junitplatform.JUnitPlatformProvider.invoke(JUnitPlatformProvider.java:123)
	at org.apache.maven.surefire.booter.ForkedBooter.runSuitesInProcess(ForkedBooter.java:377)
	at org.apache.maven.surefire.booter.ForkedBooter.execute(ForkedBooter.java:138)
	at org.apache.maven.surefire.booter.ForkedBooter.run(ForkedBooter.java:465)
	at org.apache.maven.surefire.booter.ForkedBooter.main(ForkedBooter.java:451)

2024-04-24T06:30:29,733  INFO [main] metadata.Hive: Dumping metastore api call timing information for : compilation phase
2024-04-24T06:30:29,733  INFO [main] metadata.Hive: Total time spent in each metastore function (ms): {getValidWriteIds_(List, String)=2, getAllTableConstraints_(AllTableConstraintsRequest)=5, getTable_(GetTableRequest)=25, getTableColumnStatistics_(String, String, List, String)=33, isCompatibleWith_(Configuration)=1, flushCache_()=0}
2024-04-24T06:30:29,733  INFO [main] ql.Driver: Completed compiling command(queryId=alex_20240424063029_baeede67-bc54-4f64-8a85-6ad1b9ca90be); Time taken: 0.166 seconds
2024-04-24T06:30:29,733  INFO [main] lockmgr.DbTxnManager: Stopped heartbeat for query: alex_20240424063029_f552aef2-8e3f-4aff-a98e-a49dd8fab356
2024-04-24T06:30:29,737  INFO [main] txn.TxnHandler: Removed transactions: ([15]) from MIN_HISTORY_LEVEL
2024-04-24T06:30:29,744  INFO [main] ql.TxnCommandsBaseForTests: Running the query: drop table if exists acidTbl
2024-04-24T06:30:29,744  INFO [main] ql.Driver: Compiling command(queryId=alex_20240424063029_ba42269d-55c9-4101-9c72-7d6394dbd80c): drop table if exists acidTbl
2024-04-24T06:30:29,747  INFO [main] txn.TxnHandler: Added entries to MIN_HISTORY_LEVEL for current txns: ([16]) with min_open_txn: 15
2024-04-24T06:30:29,747  INFO [main] lockmgr.DbTxnManager: Opened txnid:16
2024-04-24T06:30:29,748  INFO [main] HiveMetaStore.audit: ugi=alex	ip=unknown-ip-addr	cmd=get_table : tbl=hive.default.acidTbl	
2024-04-24T06:30:29,753  INFO [main] metastore.HMSHandler: Skipping translation for processor with null
2024-04-24T06:30:29,753  INFO [main] ql.Driver: Semantic Analysis Completed (retrial = false)
2024-04-24T06:30:29,754  INFO [main] ql.Driver: Created Hive schema: Schema(fieldSchemas:null, properties:null)
2024-04-24T06:30:29,754  INFO [main] metadata.Hive: Dumping metastore api call timing information for : compilation phase
2024-04-24T06:30:29,754  INFO [main] metadata.Hive: Total time spent in each metastore function (ms): {getTable_(GetTableRequest)=5, rollbackTxn_(long)=11, openTxn_(String, TxnType)=2, isCompatibleWith_(Configuration)=0, getValidTxns_(long)=1, flushCache_()=0}
2024-04-24T06:30:29,754  INFO [main] ql.Driver: Completed compiling command(queryId=alex_20240424063029_ba42269d-55c9-4101-9c72-7d6394dbd80c); Time taken: 0.01 seconds
2024-04-24T06:30:29,754  INFO [main] lockmgr.DbTxnManager: Setting lock request transaction to txnid:16 for queryId=alex_20240424063029_ba42269d-55c9-4101-9c72-7d6394dbd80c
2024-04-24T06:30:29,754  INFO [main] lockmgr.DbLockManager: Requesting lock for queryId=alex_20240424063029_ba42269d-55c9-4101-9c72-7d6394dbd80c
2024-04-24T06:30:29,769  INFO [main] lockmgr.DbLockManager: Response to queryId=alex_20240424063029_ba42269d-55c9-4101-9c72-7d6394dbd80c LockResponse(lockid:9, state:ACQUIRED)
2024-04-24T06:30:29,769  INFO [main] ql.Driver: Operation DROPTABLE obtained 1 locks
2024-04-24T06:30:29,769  INFO [main] ql.Driver: Executing command(queryId=alex_20240424063029_ba42269d-55c9-4101-9c72-7d6394dbd80c): drop table if exists acidTbl
2024-04-24T06:30:29,770  INFO [main] ql.Driver: Starting task [Stage-0:DDL] in serial mode
2024-04-24T06:30:29,770  INFO [main] HiveMetaStore.audit: ugi=alex	ip=unknown-ip-addr	cmd=get_table : tbl=hive.default.acidTbl	
2024-04-24T06:30:29,776  INFO [main] metastore.HMSHandler: Skipping translation for processor with null
2024-04-24T06:30:29,776  INFO [main] HiveMetaStore.audit: ugi=alex	ip=unknown-ip-addr	cmd=get_table : tbl=hive.default.acidTbl	
2024-04-24T06:30:29,782  INFO [main] metastore.HMSHandler: Skipping translation for processor with null
2024-04-24T06:30:29,782  INFO [main] HiveMetaStore.audit: ugi=alex	ip=unknown-ip-addr	cmd=drop_table : tbl=hive.default.acidTbl	
2024-04-24T06:30:29,879  INFO [main] metadata.Hive: Dumping metastore api call timing information for : execution phase
2024-04-24T06:30:29,879  INFO [main] metadata.Hive: Total time spent in each metastore function (ms): {getTable_(GetTableRequest)=6, dropTable_(String, String, boolean, boolean, boolean)=103, isCompatibleWith_(Configuration)=0}
2024-04-24T06:30:29,879  INFO [main] ql.Driver: Completed executing command(queryId=alex_20240424063029_ba42269d-55c9-4101-9c72-7d6394dbd80c); Time taken: 0.11 seconds
2024-04-24T06:30:29,879  INFO [main] lockmgr.DbTxnManager: Stopped heartbeat for query: alex_20240424063029_ba42269d-55c9-4101-9c72-7d6394dbd80c
2024-04-24T06:30:29,883  INFO [main] txn.TxnHandler: Expected to move at least one record from txn_components to completed_txn_components when committing txn! txnid:16
2024-04-24T06:30:29,888  INFO [main] txn.TxnHandler: Removed transactions: ([16]) from MIN_HISTORY_LEVEL
2024-04-24T06:30:29,890  WARN [main] txn.CompactionTxnHandler: No compaction queue record found for Compaction type transaction commit. txnId:16
2024-04-24T06:30:29,902  INFO [main] ql.TxnCommandsBaseForTests: Running the query: drop table if exists acidTblPart
2024-04-24T06:30:29,902  INFO [main] ql.Driver: Compiling command(queryId=alex_20240424063029_74fafe72-2c81-43b9-8c82-d642f73b62f3): drop table if exists acidTblPart
2024-04-24T06:30:29,904  INFO [main] txn.TxnHandler: Added entries to MIN_HISTORY_LEVEL for current txns: ([17]) with min_open_txn: 15
2024-04-24T06:30:29,905  INFO [main] lockmgr.DbTxnManager: Opened txnid:17
2024-04-24T06:30:29,905  INFO [main] HiveMetaStore.audit: ugi=alex	ip=unknown-ip-addr	cmd=get_table : tbl=hive.default.acidTblPart	
2024-04-24T06:30:29,923  INFO [main] metastore.HMSHandler: Skipping translation for processor with null
2024-04-24T06:30:29,923  INFO [main] ql.Driver: Semantic Analysis Completed (retrial = false)
2024-04-24T06:30:29,923  INFO [main] ql.Driver: Created Hive schema: Schema(fieldSchemas:null, properties:null)
2024-04-24T06:30:29,923  INFO [main] metadata.Hive: Dumping metastore api call timing information for : compilation phase
2024-04-24T06:30:29,923  INFO [main] metadata.Hive: Total time spent in each metastore function (ms): {commitTxn_(CommitTxnRequest)=23, isCompatibleWith_(Configuration)=0, getValidTxns_(long)=0, flushCache_()=1, getTable_(GetTableRequest)=18, openTxn_(String, TxnType)=2}
2024-04-24T06:30:29,923  INFO [main] ql.Driver: Completed compiling command(queryId=alex_20240424063029_74fafe72-2c81-43b9-8c82-d642f73b62f3); Time taken: 0.021 seconds
2024-04-24T06:30:29,923  INFO [main] lockmgr.DbTxnManager: Setting lock request transaction to txnid:17 for queryId=alex_20240424063029_74fafe72-2c81-43b9-8c82-d642f73b62f3
2024-04-24T06:30:29,924  INFO [main] lockmgr.DbLockManager: Requesting lock for queryId=alex_20240424063029_74fafe72-2c81-43b9-8c82-d642f73b62f3
2024-04-24T06:30:29,940  INFO [main] lockmgr.DbLockManager: Response to queryId=alex_20240424063029_74fafe72-2c81-43b9-8c82-d642f73b62f3 LockResponse(lockid:10, state:ACQUIRED)
2024-04-24T06:30:29,940  INFO [main] ql.Driver: Operation DROPTABLE obtained 1 locks
2024-04-24T06:30:29,940  INFO [main] ql.Driver: Executing command(queryId=alex_20240424063029_74fafe72-2c81-43b9-8c82-d642f73b62f3): drop table if exists acidTblPart
2024-04-24T06:30:29,941  INFO [main] ql.Driver: Starting task [Stage-0:DDL] in serial mode
2024-04-24T06:30:29,941  INFO [main] HiveMetaStore.audit: ugi=alex	ip=unknown-ip-addr	cmd=get_table : tbl=hive.default.acidTblPart	
2024-04-24T06:30:29,946  INFO [main] metastore.HMSHandler: Skipping translation for processor with null
2024-04-24T06:30:29,946  INFO [main] HiveMetaStore.audit: ugi=alex	ip=unknown-ip-addr	cmd=get_table : tbl=hive.default.acidTblPart	
2024-04-24T06:30:29,952  INFO [main] metastore.HMSHandler: Skipping translation for processor with null
2024-04-24T06:30:29,952  INFO [main] HiveMetaStore.audit: ugi=alex	ip=unknown-ip-addr	cmd=drop_table : tbl=hive.default.acidTblPart	
2024-04-24T06:30:29,988  INFO [main] metadata.Hive: Dumping metastore api call timing information for : execution phase
2024-04-24T06:30:29,988  INFO [main] metadata.Hive: Total time spent in each metastore function (ms): {dropTable_(String, String, boolean, boolean, boolean)=42, isCompatibleWith_(Configuration)=0, getTable_(GetTableRequest)=5}
2024-04-24T06:30:29,988  INFO [main] ql.Driver: Completed executing command(queryId=alex_20240424063029_74fafe72-2c81-43b9-8c82-d642f73b62f3); Time taken: 0.048 seconds
2024-04-24T06:30:29,988  INFO [main] lockmgr.DbTxnManager: Stopped heartbeat for query: alex_20240424063029_74fafe72-2c81-43b9-8c82-d642f73b62f3
2024-04-24T06:30:29,992  INFO [main] txn.TxnHandler: Expected to move at least one record from txn_components to completed_txn_components when committing txn! txnid:17
2024-04-24T06:30:29,997  INFO [main] txn.TxnHandler: Removed transactions: ([17]) from MIN_HISTORY_LEVEL
2024-04-24T06:30:29,998  WARN [main] txn.CompactionTxnHandler: No compaction queue record found for Compaction type transaction commit. txnId:17
2024-04-24T06:30:29,998  INFO [main] ql.TxnCommandsBaseForTests: Running the query: drop table if exists acidTbl2
2024-04-24T06:30:29,998  INFO [main] ql.Driver: Compiling command(queryId=alex_20240424063029_1c4eb537-e1d1-4e86-b9e2-76e5cd4cd7da): drop table if exists acidTbl2
2024-04-24T06:30:30,000  INFO [main] txn.TxnHandler: Added entries to MIN_HISTORY_LEVEL for current txns: ([18]) with min_open_txn: 15
2024-04-24T06:30:30,000  INFO [main] lockmgr.DbTxnManager: Opened txnid:18
2024-04-24T06:30:30,001  INFO [main] ql.Driver: Semantic Analysis Completed (retrial = false)
2024-04-24T06:30:30,001  INFO [main] ql.Driver: Created Hive schema: Schema(fieldSchemas:null, properties:null)
2024-04-24T06:30:30,001  INFO [main] metadata.Hive: Dumping metastore api call timing information for : compilation phase
2024-04-24T06:30:30,001  INFO [main] metadata.Hive: Total time spent in each metastore function (ms): {flushCache_()=0, openTxn_(String, TxnType)=1, commitTxn_(CommitTxnRequest)=10, getValidTxns_(long)=0, isCompatibleWith_(Configuration)=2, getTable_(GetTableRequest)=0}
2024-04-24T06:30:30,001  INFO [main] ql.Driver: Completed compiling command(queryId=alex_20240424063029_1c4eb537-e1d1-4e86-b9e2-76e5cd4cd7da); Time taken: 0.003 seconds
2024-04-24T06:30:30,002  INFO [main] lockmgr.DbTxnManager: Setting lock request transaction to txnid:18 for queryId=alex_20240424063029_1c4eb537-e1d1-4e86-b9e2-76e5cd4cd7da
2024-04-24T06:30:30,002  INFO [main] ql.Driver: Operation DROPTABLE obtained 0 locks
2024-04-24T06:30:30,002  INFO [main] ql.Driver: Executing command(queryId=alex_20240424063029_1c4eb537-e1d1-4e86-b9e2-76e5cd4cd7da): drop table if exists acidTbl2
2024-04-24T06:30:30,002  INFO [main] ql.Driver: Starting task [Stage-0:DDL] in serial mode
2024-04-24T06:30:30,002  INFO [main] metadata.SessionHiveMetaStoreClient: Column stats doesn't exist for db=default temp table=acidTbl2
2024-04-24T06:30:30,002  INFO [main] metadata.Hive: Dumping metastore api call timing information for : execution phase
2024-04-24T06:30:30,002  INFO [main] metadata.Hive: Total time spent in each metastore function (ms): {isCompatibleWith_(Configuration)=0, getTable_(GetTableRequest)=0, dropTable_(String, String, boolean, boolean, boolean)=0}
2024-04-24T06:30:30,003  INFO [main] ql.Driver: Completed executing command(queryId=alex_20240424063029_1c4eb537-e1d1-4e86-b9e2-76e5cd4cd7da); Time taken: 0.0 seconds
2024-04-24T06:30:30,003  INFO [main] lockmgr.DbTxnManager: Stopped heartbeat for query: alex_20240424063029_1c4eb537-e1d1-4e86-b9e2-76e5cd4cd7da
2024-04-24T06:30:30,008  INFO [main] txn.TxnHandler: Expected to move at least one record from txn_components to completed_txn_components when committing txn! txnid:18
2024-04-24T06:30:30,013  INFO [main] txn.TxnHandler: Removed transactions: ([18]) from MIN_HISTORY_LEVEL
2024-04-24T06:30:30,013  WARN [main] txn.CompactionTxnHandler: No compaction queue record found for Compaction type transaction commit. txnId:18
2024-04-24T06:30:30,014  INFO [main] ql.TxnCommandsBaseForTests: Running the query: drop table if exists nonAcidOrcTbl
2024-04-24T06:30:30,014  INFO [main] ql.Driver: Compiling command(queryId=alex_20240424063030_4a0202e7-40e1-4901-a009-16e73f87eb38): drop table if exists nonAcidOrcTbl
2024-04-24T06:30:30,016  INFO [main] txn.TxnHandler: Added entries to MIN_HISTORY_LEVEL for current txns: ([19]) with min_open_txn: 15
2024-04-24T06:30:30,016  INFO [main] lockmgr.DbTxnManager: Opened txnid:19
2024-04-24T06:30:30,017  INFO [main] HiveMetaStore.audit: ugi=alex	ip=unknown-ip-addr	cmd=get_table : tbl=hive.default.nonAcidOrcTbl	
2024-04-24T06:30:30,035  INFO [main] metastore.HMSHandler: Skipping translation for processor with null
2024-04-24T06:30:30,036  INFO [main] ql.Driver: Semantic Analysis Completed (retrial = false)
2024-04-24T06:30:30,036  INFO [main] ql.Driver: Created Hive schema: Schema(fieldSchemas:null, properties:null)
2024-04-24T06:30:30,036  INFO [main] metadata.Hive: Dumping metastore api call timing information for : compilation phase
2024-04-24T06:30:30,036  INFO [main] metadata.Hive: Total time spent in each metastore function (ms): {flushCache_()=0, getTable_(GetTableRequest)=18, openTxn_(String, TxnType)=2, commitTxn_(CommitTxnRequest)=10, isCompatibleWith_(Configuration)=0, getValidTxns_(long)=0}
2024-04-24T06:30:30,036  INFO [main] ql.Driver: Completed compiling command(queryId=alex_20240424063030_4a0202e7-40e1-4901-a009-16e73f87eb38); Time taken: 0.022 seconds
2024-04-24T06:30:30,036  INFO [main] lockmgr.DbTxnManager: Setting lock request transaction to txnid:19 for queryId=alex_20240424063030_4a0202e7-40e1-4901-a009-16e73f87eb38
2024-04-24T06:30:30,037  INFO [main] lockmgr.DbLockManager: Requesting lock for queryId=alex_20240424063030_4a0202e7-40e1-4901-a009-16e73f87eb38
2024-04-24T06:30:30,050  INFO [main] lockmgr.DbLockManager: Response to queryId=alex_20240424063030_4a0202e7-40e1-4901-a009-16e73f87eb38 LockResponse(lockid:11, state:ACQUIRED)
2024-04-24T06:30:30,050  INFO [main] ql.Driver: Operation DROPTABLE obtained 1 locks
2024-04-24T06:30:30,050  INFO [main] ql.Driver: Executing command(queryId=alex_20240424063030_4a0202e7-40e1-4901-a009-16e73f87eb38): drop table if exists nonAcidOrcTbl
2024-04-24T06:30:30,050  INFO [main] ql.Driver: Starting task [Stage-0:DDL] in serial mode
2024-04-24T06:30:30,050  INFO [main] HiveMetaStore.audit: ugi=alex	ip=unknown-ip-addr	cmd=get_table : tbl=hive.default.nonAcidOrcTbl	
2024-04-24T06:30:30,057  INFO [main] metastore.HMSHandler: Skipping translation for processor with null
2024-04-24T06:30:30,058  INFO [main] HiveMetaStore.audit: ugi=alex	ip=unknown-ip-addr	cmd=get_table : tbl=hive.default.nonAcidOrcTbl	
2024-04-24T06:30:30,065  INFO [main] metastore.HMSHandler: Skipping translation for processor with null
2024-04-24T06:30:30,065  INFO [main] HiveMetaStore.audit: ugi=alex	ip=unknown-ip-addr	cmd=drop_table : tbl=hive.default.nonAcidOrcTbl	
2024-04-24T06:30:30,129  INFO [main] metadata.Hive: Dumping metastore api call timing information for : execution phase
2024-04-24T06:30:30,129  INFO [main] metadata.Hive: Total time spent in each metastore function (ms): {dropTable_(String, String, boolean, boolean, boolean)=71, getTable_(GetTableRequest)=7, isCompatibleWith_(Configuration)=0}
2024-04-24T06:30:30,129  INFO [main] ql.Driver: Completed executing command(queryId=alex_20240424063030_4a0202e7-40e1-4901-a009-16e73f87eb38); Time taken: 0.079 seconds
2024-04-24T06:30:30,129  INFO [main] lockmgr.DbTxnManager: Stopped heartbeat for query: alex_20240424063030_4a0202e7-40e1-4901-a009-16e73f87eb38
2024-04-24T06:30:30,133  INFO [main] txn.TxnHandler: Expected to move at least one record from txn_components to completed_txn_components when committing txn! txnid:19
2024-04-24T06:30:30,139  INFO [main] txn.TxnHandler: Removed transactions: ([19]) from MIN_HISTORY_LEVEL
2024-04-24T06:30:30,139  WARN [main] txn.CompactionTxnHandler: No compaction queue record found for Compaction type transaction commit. txnId:19
2024-04-24T06:30:30,139  INFO [main] ql.TxnCommandsBaseForTests: Running the query: drop table if exists nonAcidOrcTbl2
2024-04-24T06:30:30,140  INFO [main] ql.Driver: Compiling command(queryId=alex_20240424063030_1cb3af5c-3b55-48aa-8282-df6fb73214a8): drop table if exists nonAcidOrcTbl2
2024-04-24T06:30:30,142  INFO [main] txn.TxnHandler: Added entries to MIN_HISTORY_LEVEL for current txns: ([20]) with min_open_txn: 15
2024-04-24T06:30:30,142  INFO [main] lockmgr.DbTxnManager: Opened txnid:20
2024-04-24T06:30:30,142  INFO [main] HiveMetaStore.audit: ugi=alex	ip=unknown-ip-addr	cmd=get_table : tbl=hive.default.nonAcidOrcTbl2	
2024-04-24T06:30:30,149  INFO [main] metastore.HMSHandler: Skipping translation for processor with null
2024-04-24T06:30:30,150  INFO [main] ql.Driver: Semantic Analysis Completed (retrial = false)
2024-04-24T06:30:30,150  INFO [main] ql.Driver: Created Hive schema: Schema(fieldSchemas:null, properties:null)
2024-04-24T06:30:30,150  INFO [main] metadata.Hive: Dumping metastore api call timing information for : compilation phase
2024-04-24T06:30:30,150  INFO [main] metadata.Hive: Total time spent in each metastore function (ms): {commitTxn_(CommitTxnRequest)=10, isCompatibleWith_(Configuration)=0, getTable_(GetTableRequest)=8, getValidTxns_(long)=0, flushCache_()=0, openTxn_(String, TxnType)=2}
2024-04-24T06:30:30,150  INFO [main] ql.Driver: Completed compiling command(queryId=alex_20240424063030_1cb3af5c-3b55-48aa-8282-df6fb73214a8); Time taken: 0.01 seconds
2024-04-24T06:30:30,150  INFO [main] lockmgr.DbTxnManager: Setting lock request transaction to txnid:20 for queryId=alex_20240424063030_1cb3af5c-3b55-48aa-8282-df6fb73214a8
2024-04-24T06:30:30,151  INFO [main] lockmgr.DbLockManager: Requesting lock for queryId=alex_20240424063030_1cb3af5c-3b55-48aa-8282-df6fb73214a8
2024-04-24T06:30:30,164  INFO [main] lockmgr.DbLockManager: Response to queryId=alex_20240424063030_1cb3af5c-3b55-48aa-8282-df6fb73214a8 LockResponse(lockid:12, state:ACQUIRED)
2024-04-24T06:30:30,164  INFO [main] ql.Driver: Operation DROPTABLE obtained 1 locks
2024-04-24T06:30:30,164  INFO [main] ql.Driver: Executing command(queryId=alex_20240424063030_1cb3af5c-3b55-48aa-8282-df6fb73214a8): drop table if exists nonAcidOrcTbl2
2024-04-24T06:30:30,164  INFO [main] ql.Driver: Starting task [Stage-0:DDL] in serial mode
2024-04-24T06:30:30,164  INFO [main] HiveMetaStore.audit: ugi=alex	ip=unknown-ip-addr	cmd=get_table : tbl=hive.default.nonAcidOrcTbl2	
2024-04-24T06:30:30,172  INFO [main] metastore.HMSHandler: Skipping translation for processor with null
2024-04-24T06:30:30,172  INFO [main] HiveMetaStore.audit: ugi=alex	ip=unknown-ip-addr	cmd=get_table : tbl=hive.default.nonAcidOrcTbl2	
2024-04-24T06:30:30,179  INFO [main] metastore.HMSHandler: Skipping translation for processor with null
2024-04-24T06:30:30,179  INFO [main] HiveMetaStore.audit: ugi=alex	ip=unknown-ip-addr	cmd=drop_table : tbl=hive.default.nonAcidOrcTbl2	
2024-04-24T06:30:30,206  INFO [main] metadata.Hive: Dumping metastore api call timing information for : execution phase
2024-04-24T06:30:30,206  INFO [main] metadata.Hive: Total time spent in each metastore function (ms): {isCompatibleWith_(Configuration)=0, getTable_(GetTableRequest)=8, dropTable_(String, String, boolean, boolean, boolean)=34}
2024-04-24T06:30:30,206  INFO [main] ql.Driver: Completed executing command(queryId=alex_20240424063030_1cb3af5c-3b55-48aa-8282-df6fb73214a8); Time taken: 0.042 seconds
2024-04-24T06:30:30,206  INFO [main] lockmgr.DbTxnManager: Stopped heartbeat for query: alex_20240424063030_1cb3af5c-3b55-48aa-8282-df6fb73214a8
2024-04-24T06:30:30,210  INFO [main] txn.TxnHandler: Expected to move at least one record from txn_components to completed_txn_components when committing txn! txnid:20
2024-04-24T06:30:30,216  INFO [main] txn.TxnHandler: Removed transactions: ([20]) from MIN_HISTORY_LEVEL
2024-04-24T06:30:30,216  WARN [main] txn.CompactionTxnHandler: No compaction queue record found for Compaction type transaction commit. txnId:20
2024-04-24T06:30:30,216  INFO [main] ql.TxnCommandsBaseForTests: Running the query: drop table if exists nonAcidNonBucket
2024-04-24T06:30:30,216  INFO [main] ql.Driver: Compiling command(queryId=alex_20240424063030_d80d6236-5149-46e1-a04a-7a9b8a3b3e62): drop table if exists nonAcidNonBucket
2024-04-24T06:30:30,218  INFO [main] txn.TxnHandler: Added entries to MIN_HISTORY_LEVEL for current txns: ([21]) with min_open_txn: 15
2024-04-24T06:30:30,218  INFO [main] lockmgr.DbTxnManager: Opened txnid:21
2024-04-24T06:30:30,219  INFO [main] HiveMetaStore.audit: ugi=alex	ip=unknown-ip-addr	cmd=get_table : tbl=hive.default.nonAcidNonBucket	
2024-04-24T06:30:30,226  INFO [main] metastore.HMSHandler: Skipping translation for processor with null
2024-04-24T06:30:30,226  INFO [main] ql.Driver: Semantic Analysis Completed (retrial = false)
2024-04-24T06:30:30,226  INFO [main] ql.Driver: Created Hive schema: Schema(fieldSchemas:null, properties:null)
2024-04-24T06:30:30,226  INFO [main] metadata.Hive: Dumping metastore api call timing information for : compilation phase
2024-04-24T06:30:30,226  INFO [main] metadata.Hive: Total time spent in each metastore function (ms): {openTxn_(String, TxnType)=1, commitTxn_(CommitTxnRequest)=10, isCompatibleWith_(Configuration)=0, flushCache_()=1, getTable_(GetTableRequest)=7, getValidTxns_(long)=0}
2024-04-24T06:30:30,226  INFO [main] ql.Driver: Completed compiling command(queryId=alex_20240424063030_d80d6236-5149-46e1-a04a-7a9b8a3b3e62); Time taken: 0.01 seconds
2024-04-24T06:30:30,227  INFO [main] lockmgr.DbTxnManager: Setting lock request transaction to txnid:21 for queryId=alex_20240424063030_d80d6236-5149-46e1-a04a-7a9b8a3b3e62
2024-04-24T06:30:30,227  INFO [main] lockmgr.DbLockManager: Requesting lock for queryId=alex_20240424063030_d80d6236-5149-46e1-a04a-7a9b8a3b3e62
2024-04-24T06:30:30,240  INFO [main] lockmgr.DbLockManager: Response to queryId=alex_20240424063030_d80d6236-5149-46e1-a04a-7a9b8a3b3e62 LockResponse(lockid:13, state:ACQUIRED)
2024-04-24T06:30:30,240  INFO [main] ql.Driver: Operation DROPTABLE obtained 1 locks
2024-04-24T06:30:30,241  INFO [main] ql.Driver: Executing command(queryId=alex_20240424063030_d80d6236-5149-46e1-a04a-7a9b8a3b3e62): drop table if exists nonAcidNonBucket
2024-04-24T06:30:30,241  INFO [main] ql.Driver: Starting task [Stage-0:DDL] in serial mode
2024-04-24T06:30:30,241  INFO [main] HiveMetaStore.audit: ugi=alex	ip=unknown-ip-addr	cmd=get_table : tbl=hive.default.nonAcidNonBucket	
2024-04-24T06:30:30,248  INFO [main] metastore.HMSHandler: Skipping translation for processor with null
2024-04-24T06:30:30,248  INFO [main] HiveMetaStore.audit: ugi=alex	ip=unknown-ip-addr	cmd=get_table : tbl=hive.default.nonAcidNonBucket	
2024-04-24T06:30:30,255  INFO [main] metastore.HMSHandler: Skipping translation for processor with null
2024-04-24T06:30:30,256  INFO [main] HiveMetaStore.audit: ugi=alex	ip=unknown-ip-addr	cmd=drop_table : tbl=hive.default.nonAcidNonBucket	
2024-04-24T06:30:30,282  INFO [main] metadata.Hive: Dumping metastore api call timing information for : execution phase
2024-04-24T06:30:30,283  INFO [main] metadata.Hive: Total time spent in each metastore function (ms): {dropTable_(String, String, boolean, boolean, boolean)=34, isCompatibleWith_(Configuration)=0, getTable_(GetTableRequest)=7}
2024-04-24T06:30:30,283  INFO [main] ql.Driver: Completed executing command(queryId=alex_20240424063030_d80d6236-5149-46e1-a04a-7a9b8a3b3e62); Time taken: 0.041 seconds
2024-04-24T06:30:30,283  INFO [main] lockmgr.DbTxnManager: Stopped heartbeat for query: alex_20240424063030_d80d6236-5149-46e1-a04a-7a9b8a3b3e62
2024-04-24T06:30:30,287  INFO [main] txn.TxnHandler: Expected to move at least one record from txn_components to completed_txn_components when committing txn! txnid:21
2024-04-24T06:30:30,292  INFO [main] txn.TxnHandler: Removed transactions: ([21]) from MIN_HISTORY_LEVEL
2024-04-24T06:30:30,292  WARN [main] txn.CompactionTxnHandler: No compaction queue record found for Compaction type transaction commit. txnId:21
2024-04-24T06:30:30,293  INFO [main] utils.TestTxnDbUtil: Cleaning transactional tables
]]></system-err>
  </testcase>
  <testcase name="testErrors" classname="org.apache.hadoop.hive.ql.TestTxnCommands" time="5.556"/>
  <testcase name="testMoreBucketsThanReducers" classname="org.apache.hadoop.hive.ql.TestTxnCommands" time="4.299">
    <error type="java.lang.RuntimeException"><![CDATA[java.lang.RuntimeException: update acidTbl set b = -1 failed: (responseCode = 40000, errorMessage = FAILED: NoMatchingMethodException No matching method for class org.apache.hadoop.hive.ql.udf.UDFToInteger with (struct<writeid:bigint,bucketid:int,rowid:bigint>). Possible choices: _FUNC_(bigint)  _FUNC_(boolean)  _FUNC_(decimal(38,18))  _FUNC_(double)  _FUNC_(float)  _FUNC_(smallint)  _FUNC_(string)  _FUNC_(struct<writeid:int,bucketid:bigint,rowid:bigint>)  _FUNC_(timestamp)  _FUNC_(tinyint)  _FUNC_(void)  , hiveErrorCode = 40000, SQLState = 42000, exception = No matching method for class org.apache.hadoop.hive.ql.udf.UDFToInteger with (struct<writeid:bigint,bucketid:int,rowid:bigint>). Possible choices: _FUNC_(bigint)  _FUNC_(boolean)  _FUNC_(decimal(38,18))  _FUNC_(double)  _FUNC_(float)  _FUNC_(smallint)  _FUNC_(string)  _FUNC_(struct<writeid:int,bucketid:bigint,rowid:bigint>)  _FUNC_(timestamp)  _FUNC_(tinyint)  _FUNC_(void)  )
	at org.apache.hadoop.hive.ql.TxnCommandsBaseForTests.runStatementOnDriver(TxnCommandsBaseForTests.java:247)
	at org.apache.hadoop.hive.ql.TestTxnCommands.testMoreBucketsThanReducers(TestTxnCommands.java:1429)
	at sun.reflect.NativeMethodAccessorImpl.invoke0(Native Method)
	at sun.reflect.NativeMethodAccessorImpl.invoke(NativeMethodAccessorImpl.java:62)
	at sun.reflect.DelegatingMethodAccessorImpl.invoke(DelegatingMethodAccessorImpl.java:43)
	at java.lang.reflect.Method.invoke(Method.java:498)
	at org.junit.runners.model.FrameworkMethod$1.runReflectiveCall(FrameworkMethod.java:59)
	at org.junit.internal.runners.model.ReflectiveCallable.run(ReflectiveCallable.java:12)
	at org.junit.runners.model.FrameworkMethod.invokeExplosively(FrameworkMethod.java:56)
	at org.junit.internal.runners.statements.InvokeMethod.evaluate(InvokeMethod.java:17)
	at org.junit.internal.runners.statements.RunBefores.evaluate(RunBefores.java:26)
	at org.junit.internal.runners.statements.RunAfters.evaluate(RunAfters.java:27)
	at org.junit.rules.TestWatcher$1.evaluate(TestWatcher.java:61)
	at org.junit.runners.ParentRunner$3.evaluate(ParentRunner.java:306)
	at org.junit.runners.BlockJUnit4ClassRunner$1.evaluate(BlockJUnit4ClassRunner.java:100)
	at org.junit.runners.ParentRunner.runLeaf(ParentRunner.java:366)
	at org.junit.runners.BlockJUnit4ClassRunner.runChild(BlockJUnit4ClassRunner.java:103)
	at org.junit.runners.BlockJUnit4ClassRunner.runChild(BlockJUnit4ClassRunner.java:63)
	at org.junit.runners.ParentRunner$4.run(ParentRunner.java:331)
	at org.junit.runners.ParentRunner$1.schedule(ParentRunner.java:79)
	at org.junit.runners.ParentRunner.runChildren(ParentRunner.java:329)
	at org.junit.runners.ParentRunner.access$100(ParentRunner.java:66)
	at org.junit.runners.ParentRunner$2.evaluate(ParentRunner.java:293)
	at org.junit.runners.ParentRunner$3.evaluate(ParentRunner.java:306)
	at org.junit.runners.ParentRunner.run(ParentRunner.java:413)
	at org.junit.runner.JUnitCore.run(JUnitCore.java:137)
	at org.junit.runner.JUnitCore.run(JUnitCore.java:115)
	at org.junit.vintage.engine.execution.RunnerExecutor.execute(RunnerExecutor.java:43)
	at java.util.stream.ForEachOps$ForEachOp$OfRef.accept(ForEachOps.java:183)
	at java.util.stream.ReferencePipeline$3$1.accept(ReferencePipeline.java:193)
	at java.util.Iterator.forEachRemaining(Iterator.java:116)
	at java.util.Spliterators$IteratorSpliterator.forEachRemaining(Spliterators.java:1801)
	at java.util.stream.AbstractPipeline.copyInto(AbstractPipeline.java:482)
	at java.util.stream.AbstractPipeline.wrapAndCopyInto(AbstractPipeline.java:472)
	at java.util.stream.ForEachOps$ForEachOp.evaluateSequential(ForEachOps.java:150)
	at java.util.stream.ForEachOps$ForEachOp$OfRef.evaluateSequential(ForEachOps.java:173)
	at java.util.stream.AbstractPipeline.evaluate(AbstractPipeline.java:234)
	at java.util.stream.ReferencePipeline.forEach(ReferencePipeline.java:485)
	at org.junit.vintage.engine.VintageTestEngine.executeAllChildren(VintageTestEngine.java:82)
	at org.junit.vintage.engine.VintageTestEngine.execute(VintageTestEngine.java:73)
	at org.junit.platform.launcher.core.DefaultLauncher.execute(DefaultLauncher.java:248)
	at org.junit.platform.launcher.core.DefaultLauncher.lambda$execute$5(DefaultLauncher.java:211)
	at org.junit.platform.launcher.core.DefaultLauncher.withInterceptedStreams(DefaultLauncher.java:226)
	at org.junit.platform.launcher.core.DefaultLauncher.execute(DefaultLauncher.java:199)
	at org.junit.platform.launcher.core.DefaultLauncher.execute(DefaultLauncher.java:132)
	at org.apache.maven.surefire.junitplatform.JUnitPlatformProvider.invokeAllTests(JUnitPlatformProvider.java:154)
	at org.apache.maven.surefire.junitplatform.JUnitPlatformProvider.invoke(JUnitPlatformProvider.java:123)
	at org.apache.maven.surefire.booter.ForkedBooter.runSuitesInProcess(ForkedBooter.java:377)
	at org.apache.maven.surefire.booter.ForkedBooter.execute(ForkedBooter.java:138)
	at org.apache.maven.surefire.booter.ForkedBooter.run(ForkedBooter.java:465)
	at org.apache.maven.surefire.booter.ForkedBooter.main(ForkedBooter.java:451)
]]></error>
    <system-err><![CDATA[2024-04-24T06:30:35,904  WARN [main] conf.HiveConf: HiveConf of name hive.metastore.client.cache.maxSize does not exist
2024-04-24T06:30:35,904  WARN [main] conf.HiveConf: HiveConf of name hive.metastore.client.cache.recordStats does not exist
2024-04-24T06:30:35,904  WARN [main] conf.HiveConf: HiveConf of name hive.metastore.metadb.dir does not exist
2024-04-24T06:30:35,904  WARN [main] conf.HiveConf: HiveConf of name hive.dummyparam.test.server.specific.config.metastoresite does not exist
2024-04-24T06:30:35,904  WARN [main] conf.HiveConf: HiveConf of name hive.stats.key.prefix.reserve.length does not exist
2024-04-24T06:30:35,904  WARN [main] conf.HiveConf: HiveConf of name hive.llap.io.cache.orc.alloc.max does not exist
2024-04-24T06:30:35,904  WARN [main] conf.HiveConf: HiveConf of name hive.llap.io.cache.orc.alloc.min does not exist
2024-04-24T06:30:35,904  WARN [main] conf.HiveConf: HiveConf of name hive.dummyparam.test.server.specific.config.hivesite does not exist
2024-04-24T06:30:35,904  WARN [main] conf.HiveConf: HiveConf of name hive.dummyparam.test.server.specific.config.override does not exist
2024-04-24T06:30:35,904  WARN [main] conf.HiveConf: HiveConf of name hive.llap.io.cache.orc.size does not exist
2024-04-24T06:30:35,904  WARN [main] conf.HiveConf: HiveConf of name hive.llap.io.cache.orc.arena.size does not exist
2024-04-24T06:30:35,907  INFO [main] utils.TestTxnDbUtil: Creating transactional tables
Hive Session ID = 5826cd18-e5cb-45f7-81eb-ad190186b361
2024-04-24T06:30:35,909  INFO [main] SessionState: Hive Session ID = 5826cd18-e5cb-45f7-81eb-ad190186b361
ivysettings.xml file not found in HIVE_HOME or HIVE_CONF_DIR,/home/alex/Repositories/hive/conf/ivysettings.xml will be used
2024-04-24T06:30:35,910  INFO [main] DependencyResolver: ivysettings.xml file not found in HIVE_HOME or HIVE_CONF_DIR,/home/alex/Repositories/hive/conf/ivysettings.xml will be used
2024-04-24T06:30:35,915  INFO [main] session.SessionState: Created HDFS directory: /home/alex/Repositories/hive/ql/target/tmp/scratchdir/alex/5826cd18-e5cb-45f7-81eb-ad190186b361
2024-04-24T06:30:35,917  INFO [main] session.SessionState: Created local directory: /home/alex/Repositories/hive/ql/target/tmp/localscratchdir/5826cd18-e5cb-45f7-81eb-ad190186b361
2024-04-24T06:30:35,919  INFO [main] session.SessionState: Created HDFS directory: /home/alex/Repositories/hive/ql/target/tmp/scratchdir/alex/5826cd18-e5cb-45f7-81eb-ad190186b361/_tmp_space.db
2024-04-24T06:30:35,920  INFO [main] sqlstd.SQLStdHiveAccessController: Created SQLStdHiveAccessController for session context : HiveAuthzSessionContext [sessionString=5826cd18-e5cb-45f7-81eb-ad190186b361, clientType=HIVECLI]
2024-04-24T06:30:35,920  INFO [main] ql.TxnCommandsBaseForTests: Running the query: drop table if exists acidTbl
2024-04-24T06:30:35,920  INFO [main] ql.Driver: Compiling command(queryId=alex_20240424063035_77de1147-b9c2-49c6-b981-4abea0071a64): drop table if exists acidTbl
2024-04-24T06:30:35,929  INFO [main] txn.TxnHandler: Added entries to MIN_HISTORY_LEVEL for current txns: ([1]) with min_open_txn: 1
2024-04-24T06:30:35,929  INFO [main] lockmgr.DbTxnManager: Opened txnid:1
2024-04-24T06:30:35,931  INFO [main] HiveMetaStore.audit: ugi=alex	ip=unknown-ip-addr	cmd=get_table : tbl=hive.default.acidTbl	
2024-04-24T06:30:35,934  INFO [main] ql.Driver: Semantic Analysis Completed (retrial = false)
2024-04-24T06:30:35,934  INFO [main] ql.Driver: Created Hive schema: Schema(fieldSchemas:null, properties:null)
2024-04-24T06:30:35,934  INFO [main] metadata.Hive: Dumping metastore api call timing information for : compilation phase
2024-04-24T06:30:35,934  INFO [main] metadata.Hive: Total time spent in each metastore function (ms): {openTxn_(String, TxnType)=9, getValidTxns_(long)=2, commitTxn_(CommitTxnRequest)=12, isCompatibleWith_(Configuration)=0, flushCache_()=0}
2024-04-24T06:30:35,934  INFO [main] ql.Driver: Completed compiling command(queryId=alex_20240424063035_77de1147-b9c2-49c6-b981-4abea0071a64); Time taken: 0.014 seconds
2024-04-24T06:30:35,934  INFO [main] lockmgr.DbTxnManager: Setting lock request transaction to txnid:1 for queryId=alex_20240424063035_77de1147-b9c2-49c6-b981-4abea0071a64
2024-04-24T06:30:35,934  INFO [main] ql.Driver: Operation DROPTABLE obtained 0 locks
2024-04-24T06:30:35,934  INFO [main] ql.Driver: Executing command(queryId=alex_20240424063035_77de1147-b9c2-49c6-b981-4abea0071a64): drop table if exists acidTbl
2024-04-24T06:30:35,934  INFO [main] ql.Driver: Starting task [Stage-0:DDL] in serial mode
2024-04-24T06:30:35,934  INFO [main] HiveMetaStore.audit: ugi=alex	ip=unknown-ip-addr	cmd=get_table : tbl=hive.default.acidTbl	
2024-04-24T06:30:35,937  INFO [main] metadata.Hive: Dumping metastore api call timing information for : execution phase
2024-04-24T06:30:35,937  INFO [main] metadata.Hive: Total time spent in each metastore function (ms): {isCompatibleWith_(Configuration)=0}
2024-04-24T06:30:35,937  INFO [main] ql.Driver: Completed executing command(queryId=alex_20240424063035_77de1147-b9c2-49c6-b981-4abea0071a64); Time taken: 0.003 seconds
2024-04-24T06:30:35,937  INFO [main] lockmgr.DbTxnManager: Stopped heartbeat for query: alex_20240424063035_77de1147-b9c2-49c6-b981-4abea0071a64
2024-04-24T06:30:35,943  INFO [main] txn.TxnHandler: Expected to move at least one record from txn_components to completed_txn_components when committing txn! txnid:1
2024-04-24T06:30:35,949  INFO [main] txn.TxnHandler: Removed transactions: ([1]) from MIN_HISTORY_LEVEL
2024-04-24T06:30:35,949  WARN [main] txn.CompactionTxnHandler: No compaction queue record found for Compaction type transaction commit. txnId:1
2024-04-24T06:30:35,949  INFO [main] ql.TxnCommandsBaseForTests: Running the query: drop table if exists acidTblPart
2024-04-24T06:30:35,950  INFO [main] ql.Driver: Compiling command(queryId=alex_20240424063035_aac5e8c1-abf6-45a5-a5db-bc959e74dffd): drop table if exists acidTblPart
2024-04-24T06:30:35,952  INFO [main] txn.TxnHandler: Added entries to MIN_HISTORY_LEVEL for current txns: ([2]) with min_open_txn: 1
2024-04-24T06:30:35,952  INFO [main] lockmgr.DbTxnManager: Opened txnid:2
2024-04-24T06:30:35,952  INFO [main] HiveMetaStore.audit: ugi=alex	ip=unknown-ip-addr	cmd=get_table : tbl=hive.default.acidTblPart	
2024-04-24T06:30:35,955  INFO [main] ql.Driver: Semantic Analysis Completed (retrial = false)
2024-04-24T06:30:35,955  INFO [main] ql.Driver: Created Hive schema: Schema(fieldSchemas:null, properties:null)
2024-04-24T06:30:35,955  INFO [main] metadata.Hive: Dumping metastore api call timing information for : compilation phase
2024-04-24T06:30:35,955  INFO [main] metadata.Hive: Total time spent in each metastore function (ms): {isCompatibleWith_(Configuration)=0, flushCache_()=0, openTxn_(String, TxnType)=2, getValidTxns_(long)=0, commitTxn_(CommitTxnRequest)=12}
2024-04-24T06:30:35,955  INFO [main] ql.Driver: Completed compiling command(queryId=alex_20240424063035_aac5e8c1-abf6-45a5-a5db-bc959e74dffd); Time taken: 0.005 seconds
2024-04-24T06:30:35,955  INFO [main] lockmgr.DbTxnManager: Setting lock request transaction to txnid:2 for queryId=alex_20240424063035_aac5e8c1-abf6-45a5-a5db-bc959e74dffd
2024-04-24T06:30:35,955  INFO [main] ql.Driver: Operation DROPTABLE obtained 0 locks
2024-04-24T06:30:35,956  INFO [main] ql.Driver: Executing command(queryId=alex_20240424063035_aac5e8c1-abf6-45a5-a5db-bc959e74dffd): drop table if exists acidTblPart
2024-04-24T06:30:35,956  INFO [main] ql.Driver: Starting task [Stage-0:DDL] in serial mode
2024-04-24T06:30:35,956  INFO [main] HiveMetaStore.audit: ugi=alex	ip=unknown-ip-addr	cmd=get_table : tbl=hive.default.acidTblPart	
2024-04-24T06:30:35,959  INFO [main] metadata.Hive: Dumping metastore api call timing information for : execution phase
2024-04-24T06:30:35,959  INFO [main] metadata.Hive: Total time spent in each metastore function (ms): {isCompatibleWith_(Configuration)=0}
2024-04-24T06:30:35,959  INFO [main] ql.Driver: Completed executing command(queryId=alex_20240424063035_aac5e8c1-abf6-45a5-a5db-bc959e74dffd); Time taken: 0.002 seconds
2024-04-24T06:30:35,959  INFO [main] lockmgr.DbTxnManager: Stopped heartbeat for query: alex_20240424063035_aac5e8c1-abf6-45a5-a5db-bc959e74dffd
2024-04-24T06:30:35,964  INFO [main] txn.TxnHandler: Expected to move at least one record from txn_components to completed_txn_components when committing txn! txnid:2
2024-04-24T06:30:35,970  INFO [main] txn.TxnHandler: Removed transactions: ([2]) from MIN_HISTORY_LEVEL
2024-04-24T06:30:35,970  WARN [main] txn.CompactionTxnHandler: No compaction queue record found for Compaction type transaction commit. txnId:2
2024-04-24T06:30:35,970  INFO [main] ql.TxnCommandsBaseForTests: Running the query: drop table if exists acidTbl2
2024-04-24T06:30:35,971  INFO [main] ql.Driver: Compiling command(queryId=alex_20240424063035_afca5b78-5cff-4bbb-bbde-dc8e12199067): drop table if exists acidTbl2
2024-04-24T06:30:35,972  INFO [main] txn.TxnHandler: Added entries to MIN_HISTORY_LEVEL for current txns: ([3]) with min_open_txn: 1
2024-04-24T06:30:35,973  INFO [main] lockmgr.DbTxnManager: Opened txnid:3
2024-04-24T06:30:35,973  INFO [main] HiveMetaStore.audit: ugi=alex	ip=unknown-ip-addr	cmd=get_table : tbl=hive.default.acidTbl2	
2024-04-24T06:30:35,976  INFO [main] ql.Driver: Semantic Analysis Completed (retrial = false)
2024-04-24T06:30:35,976  INFO [main] ql.Driver: Created Hive schema: Schema(fieldSchemas:null, properties:null)
2024-04-24T06:30:35,976  INFO [main] metadata.Hive: Dumping metastore api call timing information for : compilation phase
2024-04-24T06:30:35,976  INFO [main] metadata.Hive: Total time spent in each metastore function (ms): {flushCache_()=0, openTxn_(String, TxnType)=2, commitTxn_(CommitTxnRequest)=11, isCompatibleWith_(Configuration)=0, getValidTxns_(long)=0}
2024-04-24T06:30:35,976  INFO [main] ql.Driver: Completed compiling command(queryId=alex_20240424063035_afca5b78-5cff-4bbb-bbde-dc8e12199067); Time taken: 0.005 seconds
2024-04-24T06:30:35,976  INFO [main] lockmgr.DbTxnManager: Setting lock request transaction to txnid:3 for queryId=alex_20240424063035_afca5b78-5cff-4bbb-bbde-dc8e12199067
2024-04-24T06:30:35,976  INFO [main] ql.Driver: Operation DROPTABLE obtained 0 locks
2024-04-24T06:30:35,976  INFO [main] ql.Driver: Executing command(queryId=alex_20240424063035_afca5b78-5cff-4bbb-bbde-dc8e12199067): drop table if exists acidTbl2
2024-04-24T06:30:35,976  INFO [main] ql.Driver: Starting task [Stage-0:DDL] in serial mode
2024-04-24T06:30:35,977  INFO [main] HiveMetaStore.audit: ugi=alex	ip=unknown-ip-addr	cmd=get_table : tbl=hive.default.acidTbl2	
2024-04-24T06:30:35,979  INFO [main] metadata.Hive: Dumping metastore api call timing information for : execution phase
2024-04-24T06:30:35,979  INFO [main] metadata.Hive: Total time spent in each metastore function (ms): {isCompatibleWith_(Configuration)=0}
2024-04-24T06:30:35,979  INFO [main] ql.Driver: Completed executing command(queryId=alex_20240424063035_afca5b78-5cff-4bbb-bbde-dc8e12199067); Time taken: 0.003 seconds
2024-04-24T06:30:35,979  INFO [main] lockmgr.DbTxnManager: Stopped heartbeat for query: alex_20240424063035_afca5b78-5cff-4bbb-bbde-dc8e12199067
2024-04-24T06:30:35,985  INFO [main] txn.TxnHandler: Expected to move at least one record from txn_components to completed_txn_components when committing txn! txnid:3
2024-04-24T06:30:35,990  INFO [main] txn.TxnHandler: Removed transactions: ([3]) from MIN_HISTORY_LEVEL
2024-04-24T06:30:35,990  WARN [main] txn.CompactionTxnHandler: No compaction queue record found for Compaction type transaction commit. txnId:3
2024-04-24T06:30:35,991  INFO [main] ql.TxnCommandsBaseForTests: Running the query: drop table if exists nonAcidOrcTbl
2024-04-24T06:30:35,991  INFO [main] ql.Driver: Compiling command(queryId=alex_20240424063035_7ca5d6c6-81cf-45c6-8d51-41d553d11051): drop table if exists nonAcidOrcTbl
2024-04-24T06:30:35,993  INFO [main] txn.TxnHandler: Added entries to MIN_HISTORY_LEVEL for current txns: ([4]) with min_open_txn: 1
2024-04-24T06:30:35,993  INFO [main] lockmgr.DbTxnManager: Opened txnid:4
2024-04-24T06:30:35,993  INFO [main] HiveMetaStore.audit: ugi=alex	ip=unknown-ip-addr	cmd=get_table : tbl=hive.default.nonAcidOrcTbl	
2024-04-24T06:30:35,996  INFO [main] ql.Driver: Semantic Analysis Completed (retrial = false)
2024-04-24T06:30:35,996  INFO [main] ql.Driver: Created Hive schema: Schema(fieldSchemas:null, properties:null)
2024-04-24T06:30:35,996  INFO [main] metadata.Hive: Dumping metastore api call timing information for : compilation phase
2024-04-24T06:30:35,996  INFO [main] metadata.Hive: Total time spent in each metastore function (ms): {getValidTxns_(long)=0, isCompatibleWith_(Configuration)=0, openTxn_(String, TxnType)=2, flushCache_()=0, commitTxn_(CommitTxnRequest)=12}
2024-04-24T06:30:35,996  INFO [main] ql.Driver: Completed compiling command(queryId=alex_20240424063035_7ca5d6c6-81cf-45c6-8d51-41d553d11051); Time taken: 0.005 seconds
2024-04-24T06:30:35,996  INFO [main] lockmgr.DbTxnManager: Setting lock request transaction to txnid:4 for queryId=alex_20240424063035_7ca5d6c6-81cf-45c6-8d51-41d553d11051
2024-04-24T06:30:35,996  INFO [main] ql.Driver: Operation DROPTABLE obtained 0 locks
2024-04-24T06:30:35,996  INFO [main] ql.Driver: Executing command(queryId=alex_20240424063035_7ca5d6c6-81cf-45c6-8d51-41d553d11051): drop table if exists nonAcidOrcTbl
2024-04-24T06:30:35,997  INFO [main] ql.Driver: Starting task [Stage-0:DDL] in serial mode
2024-04-24T06:30:35,997  INFO [main] HiveMetaStore.audit: ugi=alex	ip=unknown-ip-addr	cmd=get_table : tbl=hive.default.nonAcidOrcTbl	
2024-04-24T06:30:35,999  INFO [main] metadata.Hive: Dumping metastore api call timing information for : execution phase
2024-04-24T06:30:35,999  INFO [main] metadata.Hive: Total time spent in each metastore function (ms): {isCompatibleWith_(Configuration)=0}
2024-04-24T06:30:36,000  INFO [main] ql.Driver: Completed executing command(queryId=alex_20240424063035_7ca5d6c6-81cf-45c6-8d51-41d553d11051); Time taken: 0.003 seconds
2024-04-24T06:30:36,000  INFO [main] lockmgr.DbTxnManager: Stopped heartbeat for query: alex_20240424063035_7ca5d6c6-81cf-45c6-8d51-41d553d11051
2024-04-24T06:30:36,005  INFO [main] txn.TxnHandler: Expected to move at least one record from txn_components to completed_txn_components when committing txn! txnid:4
2024-04-24T06:30:36,010  INFO [main] txn.TxnHandler: Removed transactions: ([4]) from MIN_HISTORY_LEVEL
2024-04-24T06:30:36,010  WARN [main] txn.CompactionTxnHandler: No compaction queue record found for Compaction type transaction commit. txnId:4
2024-04-24T06:30:36,011  INFO [main] ql.TxnCommandsBaseForTests: Running the query: drop table if exists nonAcidOrcTbl2
2024-04-24T06:30:36,011  INFO [main] ql.Driver: Compiling command(queryId=alex_20240424063036_5cf577f1-5479-4c2e-b6cb-109d89e27eec): drop table if exists nonAcidOrcTbl2
2024-04-24T06:30:36,013  INFO [main] txn.TxnHandler: Added entries to MIN_HISTORY_LEVEL for current txns: ([5]) with min_open_txn: 1
2024-04-24T06:30:36,013  INFO [main] lockmgr.DbTxnManager: Opened txnid:5
2024-04-24T06:30:36,014  INFO [main] HiveMetaStore.audit: ugi=alex	ip=unknown-ip-addr	cmd=get_table : tbl=hive.default.nonAcidOrcTbl2	
2024-04-24T06:30:36,016  INFO [main] ql.Driver: Semantic Analysis Completed (retrial = false)
2024-04-24T06:30:36,016  INFO [main] ql.Driver: Created Hive schema: Schema(fieldSchemas:null, properties:null)
2024-04-24T06:30:36,017  INFO [main] metadata.Hive: Dumping metastore api call timing information for : compilation phase
2024-04-24T06:30:36,017  INFO [main] metadata.Hive: Total time spent in each metastore function (ms): {getValidTxns_(long)=0, commitTxn_(CommitTxnRequest)=11, flushCache_()=0, openTxn_(String, TxnType)=2, isCompatibleWith_(Configuration)=0}
2024-04-24T06:30:36,017  INFO [main] ql.Driver: Completed compiling command(queryId=alex_20240424063036_5cf577f1-5479-4c2e-b6cb-109d89e27eec); Time taken: 0.006 seconds
2024-04-24T06:30:36,017  INFO [main] lockmgr.DbTxnManager: Setting lock request transaction to txnid:5 for queryId=alex_20240424063036_5cf577f1-5479-4c2e-b6cb-109d89e27eec
2024-04-24T06:30:36,017  INFO [main] ql.Driver: Operation DROPTABLE obtained 0 locks
2024-04-24T06:30:36,017  INFO [main] ql.Driver: Executing command(queryId=alex_20240424063036_5cf577f1-5479-4c2e-b6cb-109d89e27eec): drop table if exists nonAcidOrcTbl2
2024-04-24T06:30:36,017  INFO [main] ql.Driver: Starting task [Stage-0:DDL] in serial mode
2024-04-24T06:30:36,017  INFO [main] HiveMetaStore.audit: ugi=alex	ip=unknown-ip-addr	cmd=get_table : tbl=hive.default.nonAcidOrcTbl2	
2024-04-24T06:30:36,020  INFO [main] metadata.Hive: Dumping metastore api call timing information for : execution phase
2024-04-24T06:30:36,020  INFO [main] metadata.Hive: Total time spent in each metastore function (ms): {isCompatibleWith_(Configuration)=0}
2024-04-24T06:30:36,020  INFO [main] ql.Driver: Completed executing command(queryId=alex_20240424063036_5cf577f1-5479-4c2e-b6cb-109d89e27eec); Time taken: 0.003 seconds
2024-04-24T06:30:36,020  INFO [main] lockmgr.DbTxnManager: Stopped heartbeat for query: alex_20240424063036_5cf577f1-5479-4c2e-b6cb-109d89e27eec
2024-04-24T06:30:36,025  INFO [main] txn.TxnHandler: Expected to move at least one record from txn_components to completed_txn_components when committing txn! txnid:5
2024-04-24T06:30:36,031  INFO [main] txn.TxnHandler: Removed transactions: ([5]) from MIN_HISTORY_LEVEL
2024-04-24T06:30:36,031  WARN [main] txn.CompactionTxnHandler: No compaction queue record found for Compaction type transaction commit. txnId:5
2024-04-24T06:30:36,031  INFO [main] ql.TxnCommandsBaseForTests: Running the query: drop table if exists nonAcidNonBucket
2024-04-24T06:30:36,032  INFO [main] ql.Driver: Compiling command(queryId=alex_20240424063036_8fac7d1a-d98c-4bdc-8e6c-12180c91c6c2): drop table if exists nonAcidNonBucket
2024-04-24T06:30:36,033  INFO [main] txn.TxnHandler: Added entries to MIN_HISTORY_LEVEL for current txns: ([6]) with min_open_txn: 1
2024-04-24T06:30:36,034  INFO [main] lockmgr.DbTxnManager: Opened txnid:6
2024-04-24T06:30:36,034  INFO [main] HiveMetaStore.audit: ugi=alex	ip=unknown-ip-addr	cmd=get_table : tbl=hive.default.nonAcidNonBucket	
2024-04-24T06:30:36,036  INFO [main] ql.Driver: Semantic Analysis Completed (retrial = false)
2024-04-24T06:30:36,037  INFO [main] ql.Driver: Created Hive schema: Schema(fieldSchemas:null, properties:null)
2024-04-24T06:30:36,037  INFO [main] metadata.Hive: Dumping metastore api call timing information for : compilation phase
2024-04-24T06:30:36,037  INFO [main] metadata.Hive: Total time spent in each metastore function (ms): {getValidTxns_(long)=0, isCompatibleWith_(Configuration)=0, flushCache_()=0, commitTxn_(CommitTxnRequest)=11, openTxn_(String, TxnType)=2}
2024-04-24T06:30:36,037  INFO [main] ql.Driver: Completed compiling command(queryId=alex_20240424063036_8fac7d1a-d98c-4bdc-8e6c-12180c91c6c2); Time taken: 0.005 seconds
2024-04-24T06:30:36,037  INFO [main] lockmgr.DbTxnManager: Setting lock request transaction to txnid:6 for queryId=alex_20240424063036_8fac7d1a-d98c-4bdc-8e6c-12180c91c6c2
2024-04-24T06:30:36,037  INFO [main] ql.Driver: Operation DROPTABLE obtained 0 locks
2024-04-24T06:30:36,037  INFO [main] ql.Driver: Executing command(queryId=alex_20240424063036_8fac7d1a-d98c-4bdc-8e6c-12180c91c6c2): drop table if exists nonAcidNonBucket
2024-04-24T06:30:36,037  INFO [main] ql.Driver: Starting task [Stage-0:DDL] in serial mode
2024-04-24T06:30:36,038  INFO [main] HiveMetaStore.audit: ugi=alex	ip=unknown-ip-addr	cmd=get_table : tbl=hive.default.nonAcidNonBucket	
2024-04-24T06:30:36,040  INFO [main] metadata.Hive: Dumping metastore api call timing information for : execution phase
2024-04-24T06:30:36,040  INFO [main] metadata.Hive: Total time spent in each metastore function (ms): {isCompatibleWith_(Configuration)=0}
2024-04-24T06:30:36,040  INFO [main] ql.Driver: Completed executing command(queryId=alex_20240424063036_8fac7d1a-d98c-4bdc-8e6c-12180c91c6c2); Time taken: 0.003 seconds
2024-04-24T06:30:36,040  INFO [main] lockmgr.DbTxnManager: Stopped heartbeat for query: alex_20240424063036_8fac7d1a-d98c-4bdc-8e6c-12180c91c6c2
2024-04-24T06:30:36,045  INFO [main] txn.TxnHandler: Expected to move at least one record from txn_components to completed_txn_components when committing txn! txnid:6
2024-04-24T06:30:36,051  INFO [main] txn.TxnHandler: Removed transactions: ([6]) from MIN_HISTORY_LEVEL
2024-04-24T06:30:36,051  WARN [main] txn.CompactionTxnHandler: No compaction queue record found for Compaction type transaction commit. txnId:6
2024-04-24T06:30:36,052  INFO [main] ql.TxnCommandsBaseForTests: Running the query: create table acidTbl(a int, b int) clustered by (a) into 2 buckets stored as orc TBLPROPERTIES ('transactional'='true')
2024-04-24T06:30:36,052  INFO [main] ql.Driver: Compiling command(queryId=alex_20240424063036_40c0f92a-f133-4971-b359-e9c4ccdd77d6): create table acidTbl(a int, b int) clustered by (a) into 2 buckets stored as orc TBLPROPERTIES ('transactional'='true')
2024-04-24T06:30:36,054  INFO [main] txn.TxnHandler: Added entries to MIN_HISTORY_LEVEL for current txns: ([7]) with min_open_txn: 1
2024-04-24T06:30:36,054  INFO [main] lockmgr.DbTxnManager: Opened txnid:7
2024-04-24T06:30:36,055  INFO [main] parse.CalcitePlanner: Starting caching scope for: 
2024-04-24T06:30:36,055  INFO [main] parse.CalcitePlanner: Starting Semantic Analysis
2024-04-24T06:30:36,060  INFO [main] parse.CalcitePlanner: Creating table default.acidTbl position=13
2024-04-24T06:30:36,060  INFO [main] HiveMetaStore.audit: ugi=alex	ip=unknown-ip-addr	cmd=get_database: default	
2024-04-24T06:30:36,061  INFO [main] parse.CalcitePlanner: Ending caching scope for: 
2024-04-24T06:30:36,061  INFO [main] ql.Driver: Semantic Analysis Completed (retrial = false)
2024-04-24T06:30:36,062  INFO [main] ql.Driver: Created Hive schema: Schema(fieldSchemas:null, properties:null)
2024-04-24T06:30:36,062  INFO [main] metadata.Hive: Dumping metastore api call timing information for : compilation phase
2024-04-24T06:30:36,062  INFO [main] metadata.Hive: Total time spent in each metastore function (ms): {getValidTxns_(long)=0, isCompatibleWith_(Configuration)=0, flushCache_()=0, openTxn_(String, TxnType)=2, commitTxn_(CommitTxnRequest)=11, getValidWriteIds_(List, String)=5, getDatabase_(String)=1}
2024-04-24T06:30:36,062  INFO [main] ql.Driver: Completed compiling command(queryId=alex_20240424063036_40c0f92a-f133-4971-b359-e9c4ccdd77d6); Time taken: 0.01 seconds
2024-04-24T06:30:36,062  INFO [main] lockmgr.DbTxnManager: Setting lock request transaction to txnid:7 for queryId=alex_20240424063036_40c0f92a-f133-4971-b359-e9c4ccdd77d6
2024-04-24T06:30:36,062  INFO [main] lockmgr.DbLockManager: Requesting lock for queryId=alex_20240424063036_40c0f92a-f133-4971-b359-e9c4ccdd77d6
2024-04-24T06:30:36,079  INFO [main] lockmgr.DbLockManager: Response to queryId=alex_20240424063036_40c0f92a-f133-4971-b359-e9c4ccdd77d6 LockResponse(lockid:1, state:ACQUIRED)
2024-04-24T06:30:36,079  INFO [main] ql.Driver: Operation CREATETABLE obtained 1 locks
2024-04-24T06:30:36,080  INFO [main] ql.Driver: Executing command(queryId=alex_20240424063036_40c0f92a-f133-4971-b359-e9c4ccdd77d6): create table acidTbl(a int, b int) clustered by (a) into 2 buckets stored as orc TBLPROPERTIES ('transactional'='true')
2024-04-24T06:30:36,080  INFO [main] ql.Driver: Starting task [Stage-0:DDL] in serial mode
2024-04-24T06:30:36,081  INFO [main] HiveMetaStore.audit: ugi=alex	ip=unknown-ip-addr	cmd=create_table_req: Table(tableName:acidTbl, dbName:default, owner:alex, createTime:1713965436, lastAccessTime:0, retention:0, sd:StorageDescriptor(cols:[FieldSchema(name:a, type:int, comment:null), FieldSchema(name:b, type:int, comment:null)], location:null, inputFormat:org.apache.hadoop.hive.ql.io.orc.OrcInputFormat, outputFormat:org.apache.hadoop.hive.ql.io.orc.OrcOutputFormat, compressed:false, numBuckets:2, serdeInfo:SerDeInfo(name:null, serializationLib:org.apache.hadoop.hive.ql.io.orc.OrcSerde, parameters:{serialization.format=1}), bucketCols:[a], sortCols:[], parameters:{}, skewedInfo:SkewedInfo(skewedColNames:[], skewedColValues:[], skewedColValueLocationMaps:{}), storedAsSubDirectories:false), partitionKeys:[], parameters:{totalSize=0, rawDataSize=0, numFilesErasureCoded=0, transactional=true, bucketing_version=2, COLUMN_STATS_ACCURATE={"BASIC_STATS":"true","COLUMN_STATS":{"a":"true","b":"true"}}, numRows=0, numFiles=0}, viewOriginalText:null, viewExpandedText:null, tableType:MANAGED_TABLE, privileges:PrincipalPrivilegeSet(userPrivileges:{alex=[PrivilegeGrantInfo(privilege:INSERT, createTime:-1, grantor:alex, grantorType:USER, grantOption:true), PrivilegeGrantInfo(privilege:SELECT, createTime:-1, grantor:alex, grantorType:USER, grantOption:true), PrivilegeGrantInfo(privilege:UPDATE, createTime:-1, grantor:alex, grantorType:USER, grantOption:true), PrivilegeGrantInfo(privilege:DELETE, createTime:-1, grantor:alex, grantorType:USER, grantOption:true)]}, groupPrivileges:null, rolePrivileges:null), temporary:false, catName:hive, ownerType:USER, writeId:0)	
2024-04-24T06:30:36,086  INFO [main] utils.FileUtils: Creating directory if it doesn't exist: file:/home/alex/Repositories/hive/ql/target/tmp/org.apache.hadoop.hive.ql.TestTxnCommands-1713965238357/warehouse/acidtbl
2024-04-24T06:30:36,117  INFO [main] metadata.Hive: Dumping metastore api call timing information for : execution phase
2024-04-24T06:30:36,118  INFO [main] metadata.Hive: Total time spent in each metastore function (ms): {isCompatibleWith_(Configuration)=0, createTable_(Table)=36}
2024-04-24T06:30:36,118  INFO [main] ql.Driver: Completed executing command(queryId=alex_20240424063036_40c0f92a-f133-4971-b359-e9c4ccdd77d6); Time taken: 0.037 seconds
2024-04-24T06:30:36,118  INFO [main] lockmgr.DbTxnManager: Stopped heartbeat for query: alex_20240424063036_40c0f92a-f133-4971-b359-e9c4ccdd77d6
2024-04-24T06:30:36,122  INFO [main] txn.TxnHandler: Expected to move at least one record from txn_components to completed_txn_components when committing txn! txnid:7
2024-04-24T06:30:36,127  INFO [main] txn.TxnHandler: Removed transactions: ([7]) from MIN_HISTORY_LEVEL
2024-04-24T06:30:36,129  WARN [main] txn.CompactionTxnHandler: No compaction queue record found for Compaction type transaction commit. txnId:7
2024-04-24T06:30:36,129  INFO [main] ql.TxnCommandsBaseForTests: Running the query: create table acidTblPart(a int, b int) partitioned by (p string) clustered by (a) into 2 buckets stored as orc TBLPROPERTIES ('transactional'='true')
2024-04-24T06:30:36,129  INFO [main] ql.Driver: Compiling command(queryId=alex_20240424063036_3dd0598f-47a3-4525-a4fc-69db5b0b7d24): create table acidTblPart(a int, b int) partitioned by (p string) clustered by (a) into 2 buckets stored as orc TBLPROPERTIES ('transactional'='true')
2024-04-24T06:30:36,131  INFO [main] txn.TxnHandler: Added entries to MIN_HISTORY_LEVEL for current txns: ([8]) with min_open_txn: 1
2024-04-24T06:30:36,132  INFO [main] lockmgr.DbTxnManager: Opened txnid:8
2024-04-24T06:30:36,132  INFO [main] parse.CalcitePlanner: Starting caching scope for: 
2024-04-24T06:30:36,132  INFO [main] parse.CalcitePlanner: Starting Semantic Analysis
2024-04-24T06:30:36,134  INFO [main] parse.CalcitePlanner: Creating table default.acidTblPart position=13
2024-04-24T06:30:36,134  INFO [main] HiveMetaStore.audit: ugi=alex	ip=unknown-ip-addr	cmd=get_database: default	
2024-04-24T06:30:36,136  INFO [main] parse.CalcitePlanner: Ending caching scope for: 
2024-04-24T06:30:36,136  INFO [main] ql.Driver: Semantic Analysis Completed (retrial = false)
2024-04-24T06:30:36,136  INFO [main] ql.Driver: Created Hive schema: Schema(fieldSchemas:null, properties:null)
2024-04-24T06:30:36,136  INFO [main] metadata.Hive: Dumping metastore api call timing information for : compilation phase
2024-04-24T06:30:36,136  INFO [main] metadata.Hive: Total time spent in each metastore function (ms): {getValidTxns_(long)=0, isCompatibleWith_(Configuration)=0, getValidWriteIds_(List, String)=2, getDatabase_(String)=2, openTxn_(String, TxnType)=2, flushCache_()=0, commitTxn_(CommitTxnRequest)=11}
2024-04-24T06:30:36,136  INFO [main] ql.Driver: Completed compiling command(queryId=alex_20240424063036_3dd0598f-47a3-4525-a4fc-69db5b0b7d24); Time taken: 0.007 seconds
2024-04-24T06:30:36,136  INFO [main] lockmgr.DbTxnManager: Setting lock request transaction to txnid:8 for queryId=alex_20240424063036_3dd0598f-47a3-4525-a4fc-69db5b0b7d24
2024-04-24T06:30:36,137  INFO [main] lockmgr.DbLockManager: Requesting lock for queryId=alex_20240424063036_3dd0598f-47a3-4525-a4fc-69db5b0b7d24
2024-04-24T06:30:36,150  INFO [main] lockmgr.DbLockManager: Response to queryId=alex_20240424063036_3dd0598f-47a3-4525-a4fc-69db5b0b7d24 LockResponse(lockid:2, state:ACQUIRED)
2024-04-24T06:30:36,150  INFO [main] ql.Driver: Operation CREATETABLE obtained 1 locks
2024-04-24T06:30:36,151  INFO [main] ql.Driver: Executing command(queryId=alex_20240424063036_3dd0598f-47a3-4525-a4fc-69db5b0b7d24): create table acidTblPart(a int, b int) partitioned by (p string) clustered by (a) into 2 buckets stored as orc TBLPROPERTIES ('transactional'='true')
2024-04-24T06:30:36,151  INFO [main] ql.Driver: Starting task [Stage-0:DDL] in serial mode
2024-04-24T06:30:36,152  INFO [main] HiveMetaStore.audit: ugi=alex	ip=unknown-ip-addr	cmd=create_table_req: Table(tableName:acidTblPart, dbName:default, owner:alex, createTime:1713965436, lastAccessTime:0, retention:0, sd:StorageDescriptor(cols:[FieldSchema(name:a, type:int, comment:null), FieldSchema(name:b, type:int, comment:null)], location:null, inputFormat:org.apache.hadoop.hive.ql.io.orc.OrcInputFormat, outputFormat:org.apache.hadoop.hive.ql.io.orc.OrcOutputFormat, compressed:false, numBuckets:2, serdeInfo:SerDeInfo(name:null, serializationLib:org.apache.hadoop.hive.ql.io.orc.OrcSerde, parameters:{serialization.format=1}), bucketCols:[a], sortCols:[], parameters:{}, skewedInfo:SkewedInfo(skewedColNames:[], skewedColValues:[], skewedColValueLocationMaps:{}), storedAsSubDirectories:false), partitionKeys:[FieldSchema(name:p, type:string, comment:null)], parameters:{transactional=true, bucketing_version=2}, viewOriginalText:null, viewExpandedText:null, tableType:MANAGED_TABLE, privileges:PrincipalPrivilegeSet(userPrivileges:{alex=[PrivilegeGrantInfo(privilege:INSERT, createTime:-1, grantor:alex, grantorType:USER, grantOption:true), PrivilegeGrantInfo(privilege:SELECT, createTime:-1, grantor:alex, grantorType:USER, grantOption:true), PrivilegeGrantInfo(privilege:UPDATE, createTime:-1, grantor:alex, grantorType:USER, grantOption:true), PrivilegeGrantInfo(privilege:DELETE, createTime:-1, grantor:alex, grantorType:USER, grantOption:true)]}, groupPrivileges:null, rolePrivileges:null), temporary:false, catName:hive, ownerType:USER, writeId:0)	
2024-04-24T06:30:36,156  INFO [main] utils.FileUtils: Creating directory if it doesn't exist: file:/home/alex/Repositories/hive/ql/target/tmp/org.apache.hadoop.hive.ql.TestTxnCommands-1713965238357/warehouse/acidtblpart
2024-04-24T06:30:36,173  INFO [main] metadata.Hive: Dumping metastore api call timing information for : execution phase
2024-04-24T06:30:36,173  INFO [main] metadata.Hive: Total time spent in each metastore function (ms): {createTable_(Table)=22, isCompatibleWith_(Configuration)=0}
2024-04-24T06:30:36,174  INFO [main] ql.Driver: Completed executing command(queryId=alex_20240424063036_3dd0598f-47a3-4525-a4fc-69db5b0b7d24); Time taken: 0.022 seconds
2024-04-24T06:30:36,174  INFO [main] lockmgr.DbTxnManager: Stopped heartbeat for query: alex_20240424063036_3dd0598f-47a3-4525-a4fc-69db5b0b7d24
2024-04-24T06:30:36,178  INFO [main] txn.TxnHandler: Expected to move at least one record from txn_components to completed_txn_components when committing txn! txnid:8
2024-04-24T06:30:36,183  INFO [main] txn.TxnHandler: Removed transactions: ([8]) from MIN_HISTORY_LEVEL
2024-04-24T06:30:36,183  WARN [main] txn.CompactionTxnHandler: No compaction queue record found for Compaction type transaction commit. txnId:8
2024-04-24T06:30:36,184  INFO [main] ql.TxnCommandsBaseForTests: Running the query: create table nonAcidOrcTbl(a int, b int) clustered by (a) into 2 buckets stored as orc TBLPROPERTIES ('transactional'='false')
2024-04-24T06:30:36,184  INFO [main] ql.Driver: Compiling command(queryId=alex_20240424063036_39c1efc1-d612-4c60-aa86-d1314cc1c64d): create table nonAcidOrcTbl(a int, b int) clustered by (a) into 2 buckets stored as orc TBLPROPERTIES ('transactional'='false')
2024-04-24T06:30:36,186  INFO [main] txn.TxnHandler: Added entries to MIN_HISTORY_LEVEL for current txns: ([9]) with min_open_txn: 1
2024-04-24T06:30:36,187  INFO [main] lockmgr.DbTxnManager: Opened txnid:9
2024-04-24T06:30:36,187  INFO [main] parse.CalcitePlanner: Starting caching scope for: 
2024-04-24T06:30:36,187  INFO [main] parse.CalcitePlanner: Starting Semantic Analysis
2024-04-24T06:30:36,189  INFO [main] parse.CalcitePlanner: Creating table default.nonAcidOrcTbl position=13
2024-04-24T06:30:36,189  INFO [main] HiveMetaStore.audit: ugi=alex	ip=unknown-ip-addr	cmd=get_database: default	
2024-04-24T06:30:36,191  INFO [main] parse.CalcitePlanner: Ending caching scope for: 
2024-04-24T06:30:36,191  INFO [main] ql.Driver: Semantic Analysis Completed (retrial = false)
2024-04-24T06:30:36,191  INFO [main] ql.Driver: Created Hive schema: Schema(fieldSchemas:null, properties:null)
2024-04-24T06:30:36,191  INFO [main] metadata.Hive: Dumping metastore api call timing information for : compilation phase
2024-04-24T06:30:36,191  INFO [main] metadata.Hive: Total time spent in each metastore function (ms): {flushCache_()=0, commitTxn_(CommitTxnRequest)=10, isCompatibleWith_(Configuration)=1, getDatabase_(String)=2, getValidTxns_(long)=0, getValidWriteIds_(List, String)=2, openTxn_(String, TxnType)=2}
2024-04-24T06:30:36,191  INFO [main] ql.Driver: Completed compiling command(queryId=alex_20240424063036_39c1efc1-d612-4c60-aa86-d1314cc1c64d); Time taken: 0.007 seconds
2024-04-24T06:30:36,192  INFO [main] lockmgr.DbTxnManager: Setting lock request transaction to txnid:9 for queryId=alex_20240424063036_39c1efc1-d612-4c60-aa86-d1314cc1c64d
2024-04-24T06:30:36,192  INFO [main] lockmgr.DbLockManager: Requesting lock for queryId=alex_20240424063036_39c1efc1-d612-4c60-aa86-d1314cc1c64d
2024-04-24T06:30:36,206  INFO [main] lockmgr.DbLockManager: Response to queryId=alex_20240424063036_39c1efc1-d612-4c60-aa86-d1314cc1c64d LockResponse(lockid:3, state:ACQUIRED)
2024-04-24T06:30:36,206  INFO [main] ql.Driver: Operation CREATETABLE obtained 1 locks
2024-04-24T06:30:36,206  INFO [main] ql.Driver: Executing command(queryId=alex_20240424063036_39c1efc1-d612-4c60-aa86-d1314cc1c64d): create table nonAcidOrcTbl(a int, b int) clustered by (a) into 2 buckets stored as orc TBLPROPERTIES ('transactional'='false')
2024-04-24T06:30:36,206  INFO [main] ql.Driver: Starting task [Stage-0:DDL] in serial mode
2024-04-24T06:30:36,206  INFO [main] HiveMetaStore.audit: ugi=alex	ip=unknown-ip-addr	cmd=create_table_req: Table(tableName:nonAcidOrcTbl, dbName:default, owner:alex, createTime:1713965436, lastAccessTime:0, retention:0, sd:StorageDescriptor(cols:[FieldSchema(name:a, type:int, comment:null), FieldSchema(name:b, type:int, comment:null)], location:null, inputFormat:org.apache.hadoop.hive.ql.io.orc.OrcInputFormat, outputFormat:org.apache.hadoop.hive.ql.io.orc.OrcOutputFormat, compressed:false, numBuckets:2, serdeInfo:SerDeInfo(name:null, serializationLib:org.apache.hadoop.hive.ql.io.orc.OrcSerde, parameters:{serialization.format=1}), bucketCols:[a], sortCols:[], parameters:{}, skewedInfo:SkewedInfo(skewedColNames:[], skewedColValues:[], skewedColValueLocationMaps:{}), storedAsSubDirectories:false), partitionKeys:[], parameters:{rawDataSize=0, numRows=0, bucketing_version=2, numFilesErasureCoded=0, numFiles=0, COLUMN_STATS_ACCURATE={"BASIC_STATS":"true","COLUMN_STATS":{"a":"true","b":"true"}}, totalSize=0, transactional=false}, viewOriginalText:null, viewExpandedText:null, tableType:MANAGED_TABLE, privileges:PrincipalPrivilegeSet(userPrivileges:{alex=[PrivilegeGrantInfo(privilege:INSERT, createTime:-1, grantor:alex, grantorType:USER, grantOption:true), PrivilegeGrantInfo(privilege:SELECT, createTime:-1, grantor:alex, grantorType:USER, grantOption:true), PrivilegeGrantInfo(privilege:UPDATE, createTime:-1, grantor:alex, grantorType:USER, grantOption:true), PrivilegeGrantInfo(privilege:DELETE, createTime:-1, grantor:alex, grantorType:USER, grantOption:true)]}, groupPrivileges:null, rolePrivileges:null), temporary:false, catName:hive, ownerType:USER)	
2024-04-24T06:30:36,211  INFO [main] utils.FileUtils: Creating directory if it doesn't exist: file:/home/alex/Repositories/hive/ql/target/tmp/org.apache.hadoop.hive.ql.TestTxnCommands-1713965238357/warehouse/nonacidorctbl
2024-04-24T06:30:36,223  INFO [main] metadata.Hive: Dumping metastore api call timing information for : execution phase
2024-04-24T06:30:36,224  INFO [main] metadata.Hive: Total time spent in each metastore function (ms): {isCompatibleWith_(Configuration)=0, createTable_(Table)=17}
2024-04-24T06:30:36,224  INFO [main] ql.Driver: Completed executing command(queryId=alex_20240424063036_39c1efc1-d612-4c60-aa86-d1314cc1c64d); Time taken: 0.017 seconds
2024-04-24T06:30:36,224  INFO [main] lockmgr.DbTxnManager: Stopped heartbeat for query: alex_20240424063036_39c1efc1-d612-4c60-aa86-d1314cc1c64d
2024-04-24T06:30:36,228  INFO [main] txn.TxnHandler: Expected to move at least one record from txn_components to completed_txn_components when committing txn! txnid:9
2024-04-24T06:30:36,233  INFO [main] txn.TxnHandler: Removed transactions: ([9]) from MIN_HISTORY_LEVEL
2024-04-24T06:30:36,233  WARN [main] txn.CompactionTxnHandler: No compaction queue record found for Compaction type transaction commit. txnId:9
2024-04-24T06:30:36,234  INFO [main] ql.TxnCommandsBaseForTests: Running the query: create table nonAcidOrcTbl2(a int, b int) clustered by (a) into 2 buckets stored as orc TBLPROPERTIES ('transactional'='false')
2024-04-24T06:30:36,234  INFO [main] ql.Driver: Compiling command(queryId=alex_20240424063036_50a9c5ed-d3dd-42d8-9323-c93ee70d7f18): create table nonAcidOrcTbl2(a int, b int) clustered by (a) into 2 buckets stored as orc TBLPROPERTIES ('transactional'='false')
2024-04-24T06:30:36,236  INFO [main] txn.TxnHandler: Added entries to MIN_HISTORY_LEVEL for current txns: ([10]) with min_open_txn: 1
2024-04-24T06:30:36,236  INFO [main] lockmgr.DbTxnManager: Opened txnid:10
2024-04-24T06:30:36,237  INFO [main] parse.CalcitePlanner: Starting caching scope for: 
2024-04-24T06:30:36,237  INFO [main] parse.CalcitePlanner: Starting Semantic Analysis
2024-04-24T06:30:36,239  INFO [main] parse.CalcitePlanner: Creating table default.nonAcidOrcTbl2 position=13
2024-04-24T06:30:36,239  INFO [main] HiveMetaStore.audit: ugi=alex	ip=unknown-ip-addr	cmd=get_database: default	
2024-04-24T06:30:36,240  INFO [main] parse.CalcitePlanner: Ending caching scope for: 
2024-04-24T06:30:36,240  INFO [main] ql.Driver: Semantic Analysis Completed (retrial = false)
2024-04-24T06:30:36,240  INFO [main] ql.Driver: Created Hive schema: Schema(fieldSchemas:null, properties:null)
2024-04-24T06:30:36,240  INFO [main] metadata.Hive: Dumping metastore api call timing information for : compilation phase
2024-04-24T06:30:36,241  INFO [main] metadata.Hive: Total time spent in each metastore function (ms): {commitTxn_(CommitTxnRequest)=10, isCompatibleWith_(Configuration)=2, openTxn_(String, TxnType)=1, flushCache_()=0, getValidTxns_(long)=0, getValidWriteIds_(List, String)=2, getDatabase_(String)=1}
2024-04-24T06:30:36,241  INFO [main] ql.Driver: Completed compiling command(queryId=alex_20240424063036_50a9c5ed-d3dd-42d8-9323-c93ee70d7f18); Time taken: 0.006 seconds
2024-04-24T06:30:36,241  INFO [main] lockmgr.DbTxnManager: Setting lock request transaction to txnid:10 for queryId=alex_20240424063036_50a9c5ed-d3dd-42d8-9323-c93ee70d7f18
2024-04-24T06:30:36,241  INFO [main] lockmgr.DbLockManager: Requesting lock for queryId=alex_20240424063036_50a9c5ed-d3dd-42d8-9323-c93ee70d7f18
2024-04-24T06:30:36,255  INFO [main] lockmgr.DbLockManager: Response to queryId=alex_20240424063036_50a9c5ed-d3dd-42d8-9323-c93ee70d7f18 LockResponse(lockid:4, state:ACQUIRED)
2024-04-24T06:30:36,255  INFO [main] ql.Driver: Operation CREATETABLE obtained 1 locks
2024-04-24T06:30:36,255  INFO [main] ql.Driver: Executing command(queryId=alex_20240424063036_50a9c5ed-d3dd-42d8-9323-c93ee70d7f18): create table nonAcidOrcTbl2(a int, b int) clustered by (a) into 2 buckets stored as orc TBLPROPERTIES ('transactional'='false')
2024-04-24T06:30:36,255  INFO [main] ql.Driver: Starting task [Stage-0:DDL] in serial mode
2024-04-24T06:30:36,256  INFO [main] HiveMetaStore.audit: ugi=alex	ip=unknown-ip-addr	cmd=create_table_req: Table(tableName:nonAcidOrcTbl2, dbName:default, owner:alex, createTime:1713965436, lastAccessTime:0, retention:0, sd:StorageDescriptor(cols:[FieldSchema(name:a, type:int, comment:null), FieldSchema(name:b, type:int, comment:null)], location:null, inputFormat:org.apache.hadoop.hive.ql.io.orc.OrcInputFormat, outputFormat:org.apache.hadoop.hive.ql.io.orc.OrcOutputFormat, compressed:false, numBuckets:2, serdeInfo:SerDeInfo(name:null, serializationLib:org.apache.hadoop.hive.ql.io.orc.OrcSerde, parameters:{serialization.format=1}), bucketCols:[a], sortCols:[], parameters:{}, skewedInfo:SkewedInfo(skewedColNames:[], skewedColValues:[], skewedColValueLocationMaps:{}), storedAsSubDirectories:false), partitionKeys:[], parameters:{numFilesErasureCoded=0, COLUMN_STATS_ACCURATE={"BASIC_STATS":"true","COLUMN_STATS":{"a":"true","b":"true"}}, bucketing_version=2, numFiles=0, totalSize=0, rawDataSize=0, transactional=false, numRows=0}, viewOriginalText:null, viewExpandedText:null, tableType:MANAGED_TABLE, privileges:PrincipalPrivilegeSet(userPrivileges:{alex=[PrivilegeGrantInfo(privilege:INSERT, createTime:-1, grantor:alex, grantorType:USER, grantOption:true), PrivilegeGrantInfo(privilege:SELECT, createTime:-1, grantor:alex, grantorType:USER, grantOption:true), PrivilegeGrantInfo(privilege:UPDATE, createTime:-1, grantor:alex, grantorType:USER, grantOption:true), PrivilegeGrantInfo(privilege:DELETE, createTime:-1, grantor:alex, grantorType:USER, grantOption:true)]}, groupPrivileges:null, rolePrivileges:null), temporary:false, catName:hive, ownerType:USER)	
2024-04-24T06:30:36,260  INFO [main] utils.FileUtils: Creating directory if it doesn't exist: file:/home/alex/Repositories/hive/ql/target/tmp/org.apache.hadoop.hive.ql.TestTxnCommands-1713965238357/warehouse/nonacidorctbl2
2024-04-24T06:30:36,273  INFO [main] metadata.Hive: Dumping metastore api call timing information for : execution phase
2024-04-24T06:30:36,273  INFO [main] metadata.Hive: Total time spent in each metastore function (ms): {isCompatibleWith_(Configuration)=0, createTable_(Table)=18}
2024-04-24T06:30:36,273  INFO [main] ql.Driver: Completed executing command(queryId=alex_20240424063036_50a9c5ed-d3dd-42d8-9323-c93ee70d7f18); Time taken: 0.018 seconds
2024-04-24T06:30:36,273  INFO [main] lockmgr.DbTxnManager: Stopped heartbeat for query: alex_20240424063036_50a9c5ed-d3dd-42d8-9323-c93ee70d7f18
2024-04-24T06:30:36,277  INFO [main] txn.TxnHandler: Expected to move at least one record from txn_components to completed_txn_components when committing txn! txnid:10
2024-04-24T06:30:36,282  INFO [main] txn.TxnHandler: Removed transactions: ([10]) from MIN_HISTORY_LEVEL
2024-04-24T06:30:36,282  WARN [main] txn.CompactionTxnHandler: No compaction queue record found for Compaction type transaction commit. txnId:10
2024-04-24T06:30:36,283  INFO [main] ql.TxnCommandsBaseForTests: Running the query: create temporary  table acidTbl2(a int, b int, c int) clustered by (c) into 2 buckets stored as orc TBLPROPERTIES ('transactional'='true')
2024-04-24T06:30:36,283  INFO [main] ql.Driver: Compiling command(queryId=alex_20240424063036_ca9eac16-1507-4582-ae7b-bf24b18899ee): create temporary  table acidTbl2(a int, b int, c int) clustered by (c) into 2 buckets stored as orc TBLPROPERTIES ('transactional'='true')
2024-04-24T06:30:36,286  INFO [main] txn.TxnHandler: Added entries to MIN_HISTORY_LEVEL for current txns: ([11]) with min_open_txn: 1
2024-04-24T06:30:36,286  INFO [main] lockmgr.DbTxnManager: Opened txnid:11
2024-04-24T06:30:36,286  INFO [main] parse.CalcitePlanner: Starting caching scope for: 
2024-04-24T06:30:36,286  INFO [main] parse.CalcitePlanner: Starting Semantic Analysis
2024-04-24T06:30:36,289  INFO [main] parse.CalcitePlanner: Creating table default.acidTbl2 position=24
2024-04-24T06:30:36,289  INFO [main] HiveMetaStore.audit: ugi=alex	ip=unknown-ip-addr	cmd=get_database: default	
2024-04-24T06:30:36,290  INFO [main] parse.CalcitePlanner: Ending caching scope for: 
2024-04-24T06:30:36,290  INFO [main] ql.Driver: Semantic Analysis Completed (retrial = false)
2024-04-24T06:30:36,290  INFO [main] ql.Driver: Created Hive schema: Schema(fieldSchemas:null, properties:null)
2024-04-24T06:30:36,290  INFO [main] metadata.Hive: Dumping metastore api call timing information for : compilation phase
2024-04-24T06:30:36,290  INFO [main] metadata.Hive: Total time spent in each metastore function (ms): {openTxn_(String, TxnType)=2, isCompatibleWith_(Configuration)=0, commitTxn_(CommitTxnRequest)=10, getValidWriteIds_(List, String)=2, flushCache_()=0, getValidTxns_(long)=0, getDatabase_(String)=1}
2024-04-24T06:30:36,291  INFO [main] ql.Driver: Completed compiling command(queryId=alex_20240424063036_ca9eac16-1507-4582-ae7b-bf24b18899ee); Time taken: 0.007 seconds
2024-04-24T06:30:36,291  INFO [main] lockmgr.DbTxnManager: Setting lock request transaction to txnid:11 for queryId=alex_20240424063036_ca9eac16-1507-4582-ae7b-bf24b18899ee
2024-04-24T06:30:36,291  INFO [main] lockmgr.DbLockManager: Requesting lock for queryId=alex_20240424063036_ca9eac16-1507-4582-ae7b-bf24b18899ee
2024-04-24T06:30:36,305  INFO [main] lockmgr.DbLockManager: Response to queryId=alex_20240424063036_ca9eac16-1507-4582-ae7b-bf24b18899ee LockResponse(lockid:5, state:ACQUIRED)
2024-04-24T06:30:36,305  INFO [main] ql.Driver: Operation CREATETABLE obtained 1 locks
2024-04-24T06:30:36,306  INFO [main] ql.Driver: Executing command(queryId=alex_20240424063036_ca9eac16-1507-4582-ae7b-bf24b18899ee): create temporary  table acidTbl2(a int, b int, c int) clustered by (c) into 2 buckets stored as orc TBLPROPERTIES ('transactional'='true')
2024-04-24T06:30:36,306  INFO [main] ql.Driver: Starting task [Stage-0:DDL] in serial mode
2024-04-24T06:30:36,307  INFO [main] utils.FileUtils: Creating directory if it doesn't exist: file:/home/alex/Repositories/hive/ql/target/tmp/scratchdir/alex/5826cd18-e5cb-45f7-81eb-ad190186b361/_tmp_space.db/88919e90-940c-42a4-a6d5-2d1d55b20e92
2024-04-24T06:30:36,309  INFO [main] metadata.Hive: Dumping metastore api call timing information for : execution phase
2024-04-24T06:30:36,309  INFO [main] metadata.Hive: Total time spent in each metastore function (ms): {isCompatibleWith_(Configuration)=0, createTable_(Table)=3}
2024-04-24T06:30:36,309  INFO [main] ql.Driver: Completed executing command(queryId=alex_20240424063036_ca9eac16-1507-4582-ae7b-bf24b18899ee); Time taken: 0.003 seconds
2024-04-24T06:30:36,309  INFO [main] lockmgr.DbTxnManager: Stopped heartbeat for query: alex_20240424063036_ca9eac16-1507-4582-ae7b-bf24b18899ee
2024-04-24T06:30:36,313  INFO [main] txn.TxnHandler: Expected to move at least one record from txn_components to completed_txn_components when committing txn! txnid:11
2024-04-24T06:30:36,319  INFO [main] txn.TxnHandler: Removed transactions: ([11]) from MIN_HISTORY_LEVEL
2024-04-24T06:30:36,319  WARN [main] txn.CompactionTxnHandler: No compaction queue record found for Compaction type transaction commit. txnId:11
2024-04-24T06:30:36,320  INFO [main] ql.TxnCommandsBaseForTests: Running the query: create table nonAcidNonBucket(a int, b int) stored as orc TBLPROPERTIES ('transactional'='false')
2024-04-24T06:30:36,320  INFO [main] ql.Driver: Compiling command(queryId=alex_20240424063036_10f1e2a1-8da7-4923-8366-43962f25d15d): create table nonAcidNonBucket(a int, b int) stored as orc TBLPROPERTIES ('transactional'='false')
2024-04-24T06:30:36,322  INFO [main] txn.TxnHandler: Added entries to MIN_HISTORY_LEVEL for current txns: ([12]) with min_open_txn: 1
2024-04-24T06:30:36,322  INFO [main] lockmgr.DbTxnManager: Opened txnid:12
2024-04-24T06:30:36,322  INFO [main] parse.CalcitePlanner: Starting caching scope for: 
2024-04-24T06:30:36,322  INFO [main] parse.CalcitePlanner: Starting Semantic Analysis
2024-04-24T06:30:36,325  INFO [main] parse.CalcitePlanner: Creating table default.nonAcidNonBucket position=13
2024-04-24T06:30:36,325  INFO [main] HiveMetaStore.audit: ugi=alex	ip=unknown-ip-addr	cmd=get_database: default	
2024-04-24T06:30:36,326  INFO [main] parse.CalcitePlanner: Ending caching scope for: 
2024-04-24T06:30:36,326  INFO [main] ql.Driver: Semantic Analysis Completed (retrial = false)
2024-04-24T06:30:36,326  INFO [main] ql.Driver: Created Hive schema: Schema(fieldSchemas:null, properties:null)
2024-04-24T06:30:36,326  INFO [main] metadata.Hive: Dumping metastore api call timing information for : compilation phase
2024-04-24T06:30:36,326  INFO [main] metadata.Hive: Total time spent in each metastore function (ms): {openTxn_(String, TxnType)=2, isCompatibleWith_(Configuration)=1, getDatabase_(String)=1, getValidTxns_(long)=0, getValidWriteIds_(List, String)=2, commitTxn_(CommitTxnRequest)=10, flushCache_()=0}
2024-04-24T06:30:36,326  INFO [main] ql.Driver: Completed compiling command(queryId=alex_20240424063036_10f1e2a1-8da7-4923-8366-43962f25d15d); Time taken: 0.006 seconds
2024-04-24T06:30:36,327  INFO [main] lockmgr.DbTxnManager: Setting lock request transaction to txnid:12 for queryId=alex_20240424063036_10f1e2a1-8da7-4923-8366-43962f25d15d
2024-04-24T06:30:36,327  INFO [main] lockmgr.DbLockManager: Requesting lock for queryId=alex_20240424063036_10f1e2a1-8da7-4923-8366-43962f25d15d
2024-04-24T06:30:36,341  INFO [main] lockmgr.DbLockManager: Response to queryId=alex_20240424063036_10f1e2a1-8da7-4923-8366-43962f25d15d LockResponse(lockid:6, state:ACQUIRED)
2024-04-24T06:30:36,341  INFO [main] ql.Driver: Operation CREATETABLE obtained 1 locks
2024-04-24T06:30:36,341  INFO [main] ql.Driver: Executing command(queryId=alex_20240424063036_10f1e2a1-8da7-4923-8366-43962f25d15d): create table nonAcidNonBucket(a int, b int) stored as orc TBLPROPERTIES ('transactional'='false')
2024-04-24T06:30:36,341  INFO [main] ql.Driver: Starting task [Stage-0:DDL] in serial mode
2024-04-24T06:30:36,341  INFO [main] HiveMetaStore.audit: ugi=alex	ip=unknown-ip-addr	cmd=create_table_req: Table(tableName:nonAcidNonBucket, dbName:default, owner:alex, createTime:1713965436, lastAccessTime:0, retention:0, sd:StorageDescriptor(cols:[FieldSchema(name:a, type:int, comment:null), FieldSchema(name:b, type:int, comment:null)], location:null, inputFormat:org.apache.hadoop.hive.ql.io.orc.OrcInputFormat, outputFormat:org.apache.hadoop.hive.ql.io.orc.OrcOutputFormat, compressed:false, numBuckets:-1, serdeInfo:SerDeInfo(name:null, serializationLib:org.apache.hadoop.hive.ql.io.orc.OrcSerde, parameters:{serialization.format=1}), bucketCols:[], sortCols:[], parameters:{}, skewedInfo:SkewedInfo(skewedColNames:[], skewedColValues:[], skewedColValueLocationMaps:{}), storedAsSubDirectories:false), partitionKeys:[], parameters:{numFiles=0, numFilesErasureCoded=0, rawDataSize=0, transactional=false, bucketing_version=2, numRows=0, COLUMN_STATS_ACCURATE={"BASIC_STATS":"true","COLUMN_STATS":{"a":"true","b":"true"}}, totalSize=0}, viewOriginalText:null, viewExpandedText:null, tableType:MANAGED_TABLE, privileges:PrincipalPrivilegeSet(userPrivileges:{alex=[PrivilegeGrantInfo(privilege:INSERT, createTime:-1, grantor:alex, grantorType:USER, grantOption:true), PrivilegeGrantInfo(privilege:SELECT, createTime:-1, grantor:alex, grantorType:USER, grantOption:true), PrivilegeGrantInfo(privilege:UPDATE, createTime:-1, grantor:alex, grantorType:USER, grantOption:true), PrivilegeGrantInfo(privilege:DELETE, createTime:-1, grantor:alex, grantorType:USER, grantOption:true)]}, groupPrivileges:null, rolePrivileges:null), temporary:false, catName:hive, ownerType:USER)	
2024-04-24T06:30:36,346  INFO [main] utils.FileUtils: Creating directory if it doesn't exist: file:/home/alex/Repositories/hive/ql/target/tmp/org.apache.hadoop.hive.ql.TestTxnCommands-1713965238357/warehouse/nonacidnonbucket
2024-04-24T06:30:36,359  INFO [main] metadata.Hive: Dumping metastore api call timing information for : execution phase
2024-04-24T06:30:36,359  INFO [main] metadata.Hive: Total time spent in each metastore function (ms): {createTable_(Table)=17, isCompatibleWith_(Configuration)=0}
2024-04-24T06:30:36,359  INFO [main] ql.Driver: Completed executing command(queryId=alex_20240424063036_10f1e2a1-8da7-4923-8366-43962f25d15d); Time taken: 0.018 seconds
2024-04-24T06:30:36,359  INFO [main] lockmgr.DbTxnManager: Stopped heartbeat for query: alex_20240424063036_10f1e2a1-8da7-4923-8366-43962f25d15d
2024-04-24T06:30:36,363  INFO [main] txn.TxnHandler: Expected to move at least one record from txn_components to completed_txn_components when committing txn! txnid:12
2024-04-24T06:30:36,368  INFO [main] txn.TxnHandler: Removed transactions: ([12]) from MIN_HISTORY_LEVEL
2024-04-24T06:30:36,369  WARN [main] txn.CompactionTxnHandler: No compaction queue record found for Compaction type transaction commit. txnId:12
2024-04-24T06:30:36,370  INFO [main] ql.TxnCommandsBaseForTests: Running the query: insert into acidTbl values(1,1)
2024-04-24T06:30:36,370  INFO [main] ql.Driver: Compiling command(queryId=alex_20240424063036_cd16dded-6389-459a-a040-303b32478d5a): insert into acidTbl values(1,1)
2024-04-24T06:30:36,373  INFO [main] txn.TxnHandler: Added entries to MIN_HISTORY_LEVEL for current txns: ([13]) with min_open_txn: 1
2024-04-24T06:30:36,373  INFO [main] lockmgr.DbTxnManager: Opened txnid:13
2024-04-24T06:30:36,373  INFO [main] parse.CalcitePlanner: Starting caching scope for: alex_20240424063036_cd16dded-6389-459a-a040-303b32478d5a
2024-04-24T06:30:36,373  INFO [main] parse.CalcitePlanner: Starting Semantic Analysis
2024-04-24T06:30:36,376  INFO [main] HiveMetaStore.audit: ugi=alex	ip=unknown-ip-addr	cmd=get_table : tbl=hive.default.acidTbl	
2024-04-24T06:30:36,394  INFO [main] metastore.HMSHandler: Skipping translation for processor with null
2024-04-24T06:30:36,394  INFO [main] parse.CalcitePlanner: Completed phase 1 of Semantic Analysis
2024-04-24T06:30:36,394  INFO [main] parse.CalcitePlanner: Get metadata for source tables
2024-04-24T06:30:36,394  INFO [main] parse.CalcitePlanner: Get metadata for subqueries
2024-04-24T06:30:36,394  INFO [main] parse.CalcitePlanner: Get metadata for destination tables
2024-04-24T06:30:36,394  INFO [main] HiveMetaStore.audit: ugi=alex	ip=unknown-ip-addr	cmd=get_table : tbl=hive.default.acidTbl	
2024-04-24T06:30:36,400  INFO [main] metastore.HMSHandler: Skipping translation for processor with null
2024-04-24T06:30:36,400  INFO [main] parse.CalcitePlanner: Completed getting MetaData in Semantic Analysis
2024-04-24T06:30:36,400  INFO [main] parse.CalcitePlanner: Disabling LLAP IO encode as ETL query is detected
2024-04-24T06:30:36,419  INFO [main] HiveMetaStore.audit: ugi=alex	ip=unknown-ip-addr	cmd=get_all_table_constraints : tbl=hive._dummy_database._dummy_table	
2024-04-24T06:30:36,492  INFO [main] parse.CalcitePlanner: Get metadata for source tables
2024-04-24T06:30:36,493  INFO [main] parse.CalcitePlanner: Get metadata for subqueries
2024-04-24T06:30:36,493  INFO [main] parse.CalcitePlanner: Get metadata for source tables
2024-04-24T06:30:36,493  INFO [main] HiveMetaStore.audit: ugi=alex	ip=unknown-ip-addr	cmd=get_table : tbl=hive._dummy_database._dummy_table	
2024-04-24T06:30:36,495  INFO [main] parse.CalcitePlanner: Get metadata for subqueries
2024-04-24T06:30:36,495  INFO [main] parse.CalcitePlanner: Get metadata for destination tables
2024-04-24T06:30:36,495  INFO [main] parse.CalcitePlanner: Get metadata for destination tables
2024-04-24T06:30:36,496  INFO [main] HiveMetaStore.audit: ugi=alex	ip=unknown-ip-addr	cmd=get_not_null_constraints : tbl=hive.default.acidtbl	
2024-04-24T06:30:36,497  INFO [main] HiveMetaStore.audit: ugi=alex	ip=unknown-ip-addr	cmd=get_check_constraints : tbl=hive.default.acidtbl	
2024-04-24T06:30:36,506  INFO [main] txn.TxnHandler: Allocated writeId: 1 for txnId: 13
2024-04-24T06:30:36,506  INFO [main] txn.TxnHandler: Allocated write ids for dbName=default, tblName=acidtbl (txnIds: [13])
2024-04-24T06:30:36,507  INFO [main] parse.CalcitePlanner: CBO Succeeded; optimized logical plan.
2024-04-24T06:30:36,510  INFO [main] optimizer.ColumnPrunerProcFactory: RS 4 oldColExprMap: {VALUE._col0=Column[_col1], KEY.reducesinkkey0=Column[_col0]}
2024-04-24T06:30:36,510  INFO [main] optimizer.ColumnPrunerProcFactory: RS 4 newColExprMap: {KEY.reducesinkkey0=Column[_col0], VALUE._col0=Column[_col1]}
2024-04-24T06:30:36,511  INFO [main] optimizer.BucketVersionPopulator: not considering bucketingVersion for: TS[0] because it has -1<2 buckets 
2024-04-24T06:30:36,511  INFO [main] optimizer.SortedDynPartitionOptimizer: Sorted dynamic partitioning optimization kicked in..
2024-04-24T06:30:36,520  INFO [main] HiveMetaStore.audit: ugi=alex	ip=unknown-ip-addr	cmd=get_table : tbl=hive.default.acidtbl	
2024-04-24T06:30:36,527  INFO [main] metastore.HMSHandler: Skipping translation for processor with null
2024-04-24T06:30:36,527  INFO [main] parse.CalcitePlanner: Completed plan generation
2024-04-24T06:30:36,527  INFO [main] parse.CalcitePlanner: Ending caching scope for: alex_20240424063036_cd16dded-6389-459a-a040-303b32478d5a
2024-04-24T06:30:36,527  INFO [main] ql.Driver: Semantic Analysis Completed (retrial = false)
2024-04-24T06:30:36,527  INFO [main] ql.Driver: Created Hive schema: Schema(fieldSchemas:[FieldSchema(name:col1, type:int, comment:null), FieldSchema(name:col2, type:int, comment:null)], properties:null)
2024-04-24T06:30:36,528  INFO [main] metadata.Hive: Dumping metastore api call timing information for : compilation phase
2024-04-24T06:30:36,528  INFO [main] metadata.Hive: Total time spent in each metastore function (ms): {flushCache_()=0, commitTxn_(CommitTxnRequest)=10, openTxn_(String, TxnType)=2, isCompatibleWith_(Configuration)=0, getValidWriteIds_(List, String)=4, getNotNullConstraints_(NotNullConstraintsRequest)=1, getTable_(GetTableRequest)=31, getAllTableConstraints_(AllTableConstraintsRequest)=30, getCheckConstraints_(CheckConstraintsRequest)=1, allocateTableWriteId_(long, String, String)=9, getValidTxns_(long)=0}
2024-04-24T06:30:36,528  INFO [main] ql.Driver: Completed compiling command(queryId=alex_20240424063036_cd16dded-6389-459a-a040-303b32478d5a); Time taken: 0.157 seconds
2024-04-24T06:30:36,528  INFO [main] lockmgr.DbTxnManager: Setting lock request transaction to txnid:13 for queryId=alex_20240424063036_cd16dded-6389-459a-a040-303b32478d5a
2024-04-24T06:30:36,528  INFO [main] lockmgr.DbLockManager: Requesting lock for queryId=alex_20240424063036_cd16dded-6389-459a-a040-303b32478d5a
2024-04-24T06:30:36,550  INFO [main] lockmgr.DbLockManager: Response to queryId=alex_20240424063036_cd16dded-6389-459a-a040-303b32478d5a LockResponse(lockid:7, state:ACQUIRED)
2024-04-24T06:30:36,550  INFO [main] ql.Driver: Operation QUERY obtained 1 locks
2024-04-24T06:30:36,552  INFO [main] ql.Driver: Executing command(queryId=alex_20240424063036_cd16dded-6389-459a-a040-303b32478d5a): insert into acidTbl values(1,1)
2024-04-24T06:30:36,553  WARN [main] ql.Driver: Hive-on-MR is deprecated in Hive 2 and may not be available in the future versions. Consider using a different execution engine (i.e. spark, tez) or using Hive 1.X releases.
Query ID = alex_20240424063036_cd16dded-6389-459a-a040-303b32478d5a
2024-04-24T06:30:36,553  INFO [main] ql.Driver: Query ID = alex_20240424063036_cd16dded-6389-459a-a040-303b32478d5a
Total jobs = 1
2024-04-24T06:30:36,553  INFO [main] ql.Driver: Total jobs = 1
Launching Job 1 out of 1
2024-04-24T06:30:36,553  INFO [main] ql.Driver: Launching Job 1 out of 1
2024-04-24T06:30:36,684  INFO [main] ql.Driver: Starting task [Stage-1:MAPRED] in serial mode
Number of reduce tasks determined at compile time: 1
2024-04-24T06:30:36,684  INFO [main] exec.Task: Number of reduce tasks determined at compile time: 1
In order to change the average load for a reducer (in bytes):
2024-04-24T06:30:36,684  INFO [main] exec.Task: In order to change the average load for a reducer (in bytes):
  set hive.exec.reducers.bytes.per.reducer=<number>
2024-04-24T06:30:36,684  INFO [main] exec.Task:   set hive.exec.reducers.bytes.per.reducer=<number>
In order to limit the maximum number of reducers:
2024-04-24T06:30:36,684  INFO [main] exec.Task: In order to limit the maximum number of reducers:
  set hive.exec.reducers.max=<number>
2024-04-24T06:30:36,684  INFO [main] exec.Task:   set hive.exec.reducers.max=<number>
In order to set a constant number of reducers:
2024-04-24T06:30:36,684  INFO [main] exec.Task: In order to set a constant number of reducers:
  set mapreduce.job.reduces=<number>
2024-04-24T06:30:36,684  INFO [main] exec.Task:   set mapreduce.job.reduces=<number>
2024-04-24T06:30:36,687  INFO [main] mr.ExecDriver: Using org.apache.hadoop.hive.ql.io.HiveInputFormat
2024-04-24T06:30:36,687  INFO [main] exec.Utilities: Processing alias $hdt$_0:_dummy_table
2024-04-24T06:30:36,687  INFO [main] exec.Utilities: Adding 1 inputs; the first input is file:/home/alex/Repositories/hive/ql/target/tmp/localscratchdir/5826cd18-e5cb-45f7-81eb-ad190186b361/hive_2024-04-24_06-30-36_370_3582463429777029355-1/dummy_path
2024-04-24T06:30:36,696  INFO [main] exec.SerializationUtilities: Serializing MapWork using kryo
2024-04-24T06:30:36,696  INFO [main] exec.Utilities: Serialized plan (via FILE) - name: null size: 4,96KB
2024-04-24T06:30:36,701  INFO [main] exec.SerializationUtilities: Serializing ReduceWork using kryo
2024-04-24T06:30:36,701  INFO [main] exec.Utilities: Serialized plan (via FILE) - name: null size: 5,89KB
2024-04-24T06:30:36,702  WARN [main] impl.MetricsSystemImpl: JobTracker metrics system already initialized!
2024-04-24T06:30:36,706  INFO [main] fs.FSStatsPublisher: created : file:/home/alex/Repositories/hive/ql/target/tmp/localscratchdir/5826cd18-e5cb-45f7-81eb-ad190186b361/hive_2024-04-24_06-30-36_370_3582463429777029355-1/-mr-10000
2024-04-24T06:30:36,708  WARN [main] impl.MetricsSystemImpl: JobTracker metrics system already initialized!
2024-04-24T06:30:36,714  WARN [main] mapreduce.JobResourceUploader: Hadoop command-line option parsing not performed. Implement the Tool interface and execute your application with ToolRunner to remedy this.
2024-04-24T06:30:36,719  WARN [main] mapreduce.JobResourceUploader: No job jar file set.  User classes may not be found. See Job or Job#setJar(String).
2024-04-24T06:30:36,720  INFO [main] io.HiveInputFormat: hive.io.file.readcolumn.ids = 
2024-04-24T06:30:36,720  INFO [main] io.HiveInputFormat: hive.io.file.readcolumn.names = 
2024-04-24T06:30:36,720  INFO [main] io.HiveInputFormat: Generating splits for dirs: file:/home/alex/Repositories/hive/ql/target/tmp/localscratchdir/5826cd18-e5cb-45f7-81eb-ad190186b361/hive_2024-04-24_06-30-36_370_3582463429777029355-1/dummy_path
2024-04-24T06:30:36,720  INFO [main] io.HiveInputFormat: number of splits 1
2024-04-24T06:30:36,737  INFO [main] mapreduce.JobSubmitter: number of splits:1
2024-04-24T06:30:36,769  INFO [main] mapreduce.JobSubmitter: Submitting tokens for job: job_local86175993_0077
2024-04-24T06:30:36,769  INFO [main] mapreduce.JobSubmitter: Executing with tokens: []
2024-04-24T06:30:36,826  INFO [main] mapreduce.Job: The url to track the job: http://localhost:8080/
Job running in-process (local Hadoop)
2024-04-24T06:30:36,826  INFO [main] exec.Task: Job running in-process (local Hadoop)
2024-04-24T06:30:36,827  INFO [Thread-6503] mapred.LocalJobRunner: OutputCommitter set in config org.apache.hadoop.hive.ql.io.HiveFileFormatUtils$NullOutputCommitter
2024-04-24T06:30:36,827  INFO [Thread-6503] mapred.LocalJobRunner: OutputCommitter is org.apache.hadoop.hive.ql.io.HiveFileFormatUtils$NullOutputCommitter
2024-04-24T06:30:36,829  INFO [Thread-6503] mapred.LocalJobRunner: Waiting for map tasks
2024-04-24T06:30:36,829  INFO [LocalJobRunner Map Task Executor #0] mapred.LocalJobRunner: Starting task: attempt_local86175993_0077_m_000000_0
2024-04-24T06:30:36,831  INFO [LocalJobRunner Map Task Executor #0] mapred.Task:  Using ResourceCalculatorProcessTree : [ ]
2024-04-24T06:30:36,832  INFO [LocalJobRunner Map Task Executor #0] mapred.MapTask: Processing split: org.apache.hadoop.hive.ql.io.NullRowsInputFormat:file:/home/alex/Repositories/hive/ql/target/tmp/localscratchdir/5826cd18-e5cb-45f7-81eb-ad190186b361/hive_2024-04-24_06-30-36_370_3582463429777029355-1/dummy_path/null:0+1
2024-04-24T06:30:36,834  INFO [LocalJobRunner Map Task Executor #0] exec.SerializationUtilities: Deserializing MapWork using kryo
2024-04-24T06:30:36,834  INFO [LocalJobRunner Map Task Executor #0] exec.Utilities: Deserialized plan (via FILE) - name: null size: 4,96KB
2024-04-24T06:30:36,834  INFO [LocalJobRunner Map Task Executor #0] mapred.MapTask: numReduceTasks: 1
2024-04-24T06:30:36,839  INFO [LocalJobRunner Map Task Executor #0] mapred.MapTask: (EQUATOR) 0 kvi 26214396(104857584)
2024-04-24T06:30:36,839  INFO [LocalJobRunner Map Task Executor #0] mapred.MapTask: mapreduce.task.io.sort.mb: 100
2024-04-24T06:30:36,839  INFO [LocalJobRunner Map Task Executor #0] mapred.MapTask: soft limit at 83886080
2024-04-24T06:30:36,839  INFO [LocalJobRunner Map Task Executor #0] mapred.MapTask: bufstart = 0; bufvoid = 104857600
2024-04-24T06:30:36,839  INFO [LocalJobRunner Map Task Executor #0] mapred.MapTask: kvstart = 26214396; length = 6553600
2024-04-24T06:30:36,839  INFO [LocalJobRunner Map Task Executor #0] mapred.MapTask: Map output collector class = org.apache.hadoop.mapred.MapTask$MapOutputBuffer
2024-04-24T06:30:36,840  INFO [LocalJobRunner Map Task Executor #0] exec.MapOperator: Initializing Operator: MAP[0]
2024-04-24T06:30:36,840  INFO [LocalJobRunner Map Task Executor #0] mr.ExecMapper: 
<MAP>Id =0
  <Children>null
  <\Children>
  <Parent><\Parent>
<\MAP>
2024-04-24T06:30:36,840  INFO [LocalJobRunner Map Task Executor #0] exec.TableScanOperator: Initializing Operator: TS[0]
2024-04-24T06:30:36,841  INFO [LocalJobRunner Map Task Executor #0] exec.SelectOperator: Initializing Operator: SEL[1]
2024-04-24T06:30:36,841  INFO [LocalJobRunner Map Task Executor #0] exec.SelectOperator: SELECT null
2024-04-24T06:30:36,841  INFO [LocalJobRunner Map Task Executor #0] exec.UDTFOperator: Initializing Operator: UDTF[2]
2024-04-24T06:30:36,841  INFO [LocalJobRunner Map Task Executor #0] exec.SelectOperator: Initializing Operator: SEL[3]
2024-04-24T06:30:36,841  INFO [LocalJobRunner Map Task Executor #0] exec.SelectOperator: SELECT struct<col1:int,col2:int>
2024-04-24T06:30:36,841  INFO [LocalJobRunner Map Task Executor #0] exec.ReduceSinkOperator: Initializing Operator: RS[4]
2024-04-24T06:30:36,841  INFO [LocalJobRunner Map Task Executor #0] exec.ReduceSinkOperator: Using tag = -1
2024-04-24T06:30:36,841  INFO [LocalJobRunner Map Task Executor #0] exec.ReduceSinkOperator: keys are [reducesinkkey0] num distributions: 1
2024-04-24T06:30:36,841  INFO [LocalJobRunner Map Task Executor #0] exec.ReduceSinkOperator: RS[4]: records written - 1
2024-04-24T06:30:36,841  INFO [LocalJobRunner Map Task Executor #0] exec.MapOperator: MAP[0]: records read - 1
2024-04-24T06:30:36,842  INFO [LocalJobRunner Map Task Executor #0] exec.MapOperator: Closing Operator: MAP[0]
2024-04-24T06:30:36,842  INFO [LocalJobRunner Map Task Executor #0] exec.MapOperator: MAP[0]: Total records read - 3. abort - false
2024-04-24T06:30:36,842  INFO [LocalJobRunner Map Task Executor #0] exec.MapOperator: RECORDS_IN:3, DESERIALIZE_ERRORS:0, RECORDS_OUT_OPERATOR_MAP_0:0, RECORDS_OUT_INTERMEDIATE:0, 
2024-04-24T06:30:36,842  INFO [LocalJobRunner Map Task Executor #0] exec.TableScanOperator: Closing Operator: TS[0]
2024-04-24T06:30:36,842  INFO [LocalJobRunner Map Task Executor #0] exec.TableScanOperator: RECORDS_OUT_INTERMEDIATE:0, RECORDS_OUT_OPERATOR_TS_0:1, 
2024-04-24T06:30:36,842  INFO [LocalJobRunner Map Task Executor #0] exec.SelectOperator: Closing Operator: SEL[1]
2024-04-24T06:30:36,842  INFO [LocalJobRunner Map Task Executor #0] exec.SelectOperator: RECORDS_OUT_INTERMEDIATE:0, RECORDS_OUT_OPERATOR_SEL_1:1, 
2024-04-24T06:30:36,842  INFO [LocalJobRunner Map Task Executor #0] exec.UDTFOperator: Closing Operator: UDTF[2]
2024-04-24T06:30:36,842  INFO [LocalJobRunner Map Task Executor #0] exec.UDTFOperator: RECORDS_OUT_OPERATOR_UDTF_2:1, RECORDS_OUT_INTERMEDIATE:0, 
2024-04-24T06:30:36,842  INFO [LocalJobRunner Map Task Executor #0] exec.SelectOperator: Closing Operator: SEL[3]
2024-04-24T06:30:36,842  INFO [LocalJobRunner Map Task Executor #0] exec.SelectOperator: RECORDS_OUT_INTERMEDIATE:0, RECORDS_OUT_OPERATOR_SEL_3:1, 
2024-04-24T06:30:36,842  INFO [LocalJobRunner Map Task Executor #0] exec.ReduceSinkOperator: Closing Operator: RS[4]
2024-04-24T06:30:36,842  INFO [LocalJobRunner Map Task Executor #0] exec.ReduceSinkOperator: RS[4]: Total records written - 1. abort - false
2024-04-24T06:30:36,842  INFO [LocalJobRunner Map Task Executor #0] exec.ReduceSinkOperator: RECORDS_OUT_OPERATOR_RS_4:1, RECORDS_OUT_INTERMEDIATE:1, 
2024-04-24T06:30:36,845  INFO [LocalJobRunner Map Task Executor #0] mapred.LocalJobRunner: 
2024-04-24T06:30:36,845  INFO [LocalJobRunner Map Task Executor #0] mapred.MapTask: Starting flush of map output
2024-04-24T06:30:36,845  INFO [LocalJobRunner Map Task Executor #0] mapred.MapTask: Spilling map output
2024-04-24T06:30:36,845  INFO [LocalJobRunner Map Task Executor #0] mapred.MapTask: bufstart = 0; bufend = 16; bufvoid = 104857600
2024-04-24T06:30:36,845  INFO [LocalJobRunner Map Task Executor #0] mapred.MapTask: kvstart = 26214396(104857584); kvend = 26214396(104857584); length = 1/6553600
2024-04-24T06:30:36,857  INFO [LocalJobRunner Map Task Executor #0] mapred.MapTask: Finished spill 0
2024-04-24T06:30:36,861  INFO [LocalJobRunner Map Task Executor #0] mapred.Task: Task:attempt_local86175993_0077_m_000000_0 is done. And is in the process of committing
2024-04-24T06:30:36,862  INFO [LocalJobRunner Map Task Executor #0] mapred.LocalJobRunner: map
2024-04-24T06:30:36,862  INFO [LocalJobRunner Map Task Executor #0] mapred.Task: Task 'attempt_local86175993_0077_m_000000_0' done.
2024-04-24T06:30:36,862  INFO [LocalJobRunner Map Task Executor #0] mapred.Task: Final Counters for attempt_local86175993_0077_m_000000_0: Counters: 31
	File System Counters
		FILE: Number of bytes read=1530150
		FILE: Number of bytes written=90744415
		FILE: Number of read operations=0
		FILE: Number of large read operations=0
		FILE: Number of write operations=0
		HDFS: Number of bytes read=0
		HDFS: Number of bytes written=0
		HDFS: Number of read operations=0
		HDFS: Number of large read operations=0
		HDFS: Number of write operations=0
	Map-Reduce Framework
		Map input records=4
		Map output records=1
		Map output bytes=16
		Map output materialized bytes=24
		Input split bytes=361
		Combine input records=0
		Spilled Records=1
		Failed Shuffles=0
		Merged Map outputs=0
		GC time elapsed (ms)=0
		Total committed heap usage (bytes)=1326448640
	HIVE
		DESERIALIZE_ERRORS=0
		RECORDS_IN=3
		RECORDS_OUT_INTERMEDIATE=1
		RECORDS_OUT_OPERATOR_MAP_0=0
		RECORDS_OUT_OPERATOR_RS_4=1
		RECORDS_OUT_OPERATOR_SEL_1=1
		RECORDS_OUT_OPERATOR_SEL_3=1
		RECORDS_OUT_OPERATOR_TS_0=1
		RECORDS_OUT_OPERATOR_UDTF_2=1
	File Input Format Counters 
		Bytes Read=5012
2024-04-24T06:30:36,862  INFO [LocalJobRunner Map Task Executor #0] mapred.LocalJobRunner: Finishing task: attempt_local86175993_0077_m_000000_0
2024-04-24T06:30:36,862  INFO [Thread-6503] mapred.LocalJobRunner: map task executor complete.
2024-04-24T06:30:36,863  INFO [Thread-6503] mapred.LocalJobRunner: Waiting for reduce tasks
2024-04-24T06:30:36,863  INFO [pool-374-thread-1] mapred.LocalJobRunner: Starting task: attempt_local86175993_0077_r_000000_0
2024-04-24T06:30:36,865  INFO [pool-374-thread-1] mapred.Task:  Using ResourceCalculatorProcessTree : [ ]
2024-04-24T06:30:36,865  INFO [pool-374-thread-1] mapred.ReduceTask: Using ShuffleConsumerPlugin: org.apache.hadoop.mapreduce.task.reduce.Shuffle@1e951f2f
2024-04-24T06:30:36,865  WARN [pool-374-thread-1] impl.MetricsSystemImpl: JobTracker metrics system already initialized!
2024-04-24T06:30:36,866  INFO [pool-374-thread-1] reduce.MergeManagerImpl: MergerManager: memoryLimit=1336252800, maxSingleShuffleLimit=334063200, mergeThreshold=881926912, ioSortFactor=10, memToMemMergeOutputsThreshold=10
2024-04-24T06:30:36,866  INFO [EventFetcher for fetching Map Completion Events] reduce.EventFetcher: attempt_local86175993_0077_r_000000_0 Thread started: EventFetcher for fetching Map Completion Events
2024-04-24T06:30:36,868  INFO [localfetcher#104] reduce.LocalFetcher: localfetcher#104 about to shuffle output of map attempt_local86175993_0077_m_000000_0 decomp: 20 len: 24 to MEMORY
2024-04-24T06:30:36,869  INFO [localfetcher#104] reduce.InMemoryMapOutput: Read 20 bytes from map-output for attempt_local86175993_0077_m_000000_0
2024-04-24T06:30:36,869  INFO [localfetcher#104] reduce.MergeManagerImpl: closeInMemoryFile -> map-output of size: 20, inMemoryMapOutputs.size() -> 1, commitMemory -> 0, usedMemory ->20
2024-04-24T06:30:36,869  INFO [EventFetcher for fetching Map Completion Events] reduce.EventFetcher: EventFetcher is interrupted.. Returning
2024-04-24T06:30:36,869  INFO [pool-374-thread-1] mapred.LocalJobRunner: 1 / 1 copied.
2024-04-24T06:30:36,869  INFO [pool-374-thread-1] reduce.MergeManagerImpl: finalMerge called with 1 in-memory map-outputs and 0 on-disk map-outputs
2024-04-24T06:30:36,875  INFO [pool-374-thread-1] mapred.Merger: Merging 1 sorted segments
2024-04-24T06:30:36,875  INFO [pool-374-thread-1] mapred.Merger: Down to the last merge-pass, with 1 segments left of total size: 8 bytes
2024-04-24T06:30:36,877  INFO [pool-374-thread-1] reduce.MergeManagerImpl: Merged 1 segments, 20 bytes to disk to satisfy reduce memory limit
2024-04-24T06:30:36,877  INFO [pool-374-thread-1] reduce.MergeManagerImpl: Merging 1 files, 24 bytes from disk
2024-04-24T06:30:36,877  INFO [pool-374-thread-1] reduce.MergeManagerImpl: Merging 0 segments, 0 bytes from memory into reduce
2024-04-24T06:30:36,877  INFO [pool-374-thread-1] mapred.Merger: Merging 1 sorted segments
2024-04-24T06:30:36,877  INFO [pool-374-thread-1] mapred.Merger: Down to the last merge-pass, with 1 segments left of total size: 8 bytes
2024-04-24T06:30:36,877  INFO [pool-374-thread-1] mapred.LocalJobRunner: 1 / 1 copied.
2024-04-24T06:30:36,878  INFO [pool-374-thread-1] exec.SerializationUtilities: Deserializing ReduceWork using kryo
2024-04-24T06:30:36,878  INFO [pool-374-thread-1] exec.Utilities: Deserialized plan (via FILE) - name: null size: 5,89KB
2024-04-24T06:30:36,879  INFO [pool-374-thread-1] ExecReducer: 
<SEL>Id =5
  <Children>
    <FS>Id =6
      <Children>
      <\Children>
      <Parent>Id = 5 null<\Parent>
    <\FS>
  <\Children>
  <Parent><\Parent>
<\SEL>
2024-04-24T06:30:36,879  INFO [pool-374-thread-1] exec.SelectOperator: Initializing Operator: SEL[5]
2024-04-24T06:30:36,879  INFO [pool-374-thread-1] exec.SelectOperator: SELECT struct<key:struct<reducesinkkey0:int>,value:struct<_col0:int>>
2024-04-24T06:30:36,879  INFO [pool-374-thread-1] exec.FileSinkOperator: Initializing Operator: FS[6]
2024-04-24T06:30:36,879  INFO [pool-374-thread-1] exec.FileSinkOperator: Using serializer : AbstractSerDe [log=org.apache.logging.slf4j.Log4jLogger@3c370966, configuration=Optional[Configuration: core-default.xml, core-site.xml, mapred-default.xml, mapred-site.xml, yarn-default.xml, yarn-site.xml, hdfs-default.xml, hdfs-site.xml, file:/home/alex/Repositories/hive/ql/target/tmp/TestTxnCommands/mapred/local/localRunner/alex/job_local86175993_0077/job_local86175993_0077.xml], properties={transactional_properties=default, name=default.acidtbl, transactional=true, columns.types=int:int, bucket_field_name=a, columns=a,b, numFilesErasureCoded=0, columns.comments=&amp#0;, bucketing_version=2, bucket_count=2, serialization.lib=org.apache.hadoop.hive.ql.io.orc.OrcSerde, file.inputformat=org.apache.hadoop.hive.ql.io.orc.OrcInputFormat, file.outputformat=org.apache.hadoop.hive.ql.io.orc.OrcOutputFormat, location=file:/home/alex/Repositories/hive/ql/target/tmp/org.apache.hadoop.hive.ql.TestTxnCommands-1713965238357/warehouse/acidtbl, column.name.delimiter=,}, tableProperties={transactional_properties=default, name=default.acidtbl, transactional=true, columns.types=int:int, bucket_field_name=a, columns=a,b, numFilesErasureCoded=0, columns.comments=&amp#0;, bucketing_version=2, bucket_count=2, serialization.lib=org.apache.hadoop.hive.ql.io.orc.OrcSerde, file.inputformat=org.apache.hadoop.hive.ql.io.orc.OrcInputFormat, location=file:/home/alex/Repositories/hive/ql/target/tmp/org.apache.hadoop.hive.ql.TestTxnCommands-1713965238357/warehouse/acidtbl, file.outputformat=org.apache.hadoop.hive.ql.io.orc.OrcOutputFormat, column.name.delimiter=,}, partitionProperties=Optional.empty, columnNames=[a, b], columnTypes=[int, int], getClass()=class org.apache.hadoop.hive.ql.io.orc.OrcSerde] and formatter : org.apache.hadoop.hive.ql.io.orc.OrcOutputFormat@3a93db3c
2024-04-24T06:30:36,880  INFO [pool-374-thread-1] exec.FileSinkOperator: Final Path: FS file:/home/alex/Repositories/hive/ql/target/tmp/org.apache.hadoop.hive.ql.TestTxnCommands-1713965238357/warehouse/acidtbl
2024-04-24T06:30:36,880  INFO [pool-374-thread-1] exec.FileSinkOperator: New Final Path: FS file:/home/alex/Repositories/hive/ql/target/tmp/org.apache.hadoop.hive.ql.TestTxnCommands-1713965238357/warehouse/acidtbl
2024-04-24T06:30:36,880  INFO [pool-374-thread-1] common.FileUtils: Creating directory if it doesn't exist: file:/home/alex/Repositories/hive/ql/target/tmp/org.apache.hadoop.hive.ql.TestTxnCommands-1713965238357/warehouse
2024-04-24T06:30:36,880  INFO [pool-374-thread-1] exec.FileSinkOperator: Final Path: FS file:/home/alex/Repositories/hive/ql/target/tmp/org.apache.hadoop.hive.ql.TestTxnCommands-1713965238357/warehouse/acidtbl
2024-04-24T06:30:36,880  INFO [pool-374-thread-1] exec.FileSinkOperator: New Final Path: FS file:/home/alex/Repositories/hive/ql/target/tmp/org.apache.hadoop.hive.ql.TestTxnCommands-1713965238357/warehouse/acidtbl
2024-04-24T06:30:36,880  INFO [pool-374-thread-1] common.FileUtils: Creating directory if it doesn't exist: file:/home/alex/Repositories/hive/ql/target/tmp/org.apache.hadoop.hive.ql.TestTxnCommands-1713965238357/warehouse
2024-04-24T06:30:36,881  INFO [pool-374-thread-1] exec.FileSinkOperator: FS[6]: records written - 1
2024-04-24T06:30:36,881  INFO [pool-374-thread-1] impl.PhysicalFsWriter: ORC writer created for path: file:/home/alex/Repositories/hive/ql/target/tmp/org.apache.hadoop.hive.ql.TestTxnCommands-1713965238357/warehouse/acidtbl/delta_0000001_0000001_0000/bucket_00001_0 with stripeSize: 8388608 blockSize: 268435456 compression: Compress: ZLIB buffer: 32768
2024-04-24T06:30:36,887  INFO [pool-374-thread-1] impl.WriterImpl: ORC writer created for path: file:/home/alex/Repositories/hive/ql/target/tmp/org.apache.hadoop.hive.ql.TestTxnCommands-1713965238357/warehouse/acidtbl/delta_0000001_0000001_0000/bucket_00001_0 with stripeSize: 8388608 options: Compress: ZLIB buffer: 32768
2024-04-24T06:30:36,892  INFO [pool-374-thread-1] exec.SelectOperator: Closing Operator: SEL[5]
2024-04-24T06:30:36,892  INFO [pool-374-thread-1] exec.SelectOperator: RECORDS_OUT_INTERMEDIATE:0, RECORDS_OUT_OPERATOR_SEL_5:1, 
2024-04-24T06:30:36,892  INFO [pool-374-thread-1] exec.FileSinkOperator: Closing Operator: FS[6]
2024-04-24T06:30:36,892  INFO [pool-374-thread-1] exec.FileSinkOperator: FS[6]: records written - 1
2024-04-24T06:30:36,893  INFO [pool-374-thread-1] FileOperations: Writing manifest to file:/home/alex/Repositories/hive/ql/target/tmp/org.apache.hadoop.hive.ql.TestTxnCommands-1713965238357/warehouse/acidtbl/_tmp.delta_0000001_0000001_0000/000000_0.manifest with [file:/home/alex/Repositories/hive/ql/target/tmp/org.apache.hadoop.hive.ql.TestTxnCommands-1713965238357/warehouse/acidtbl/delta_0000001_0000001_0000/bucket_00001_0]
2024-04-24T06:30:36,904  INFO [pool-374-thread-1] exec.FileSinkOperator: RECORDS_OUT_INTERMEDIATE:0, RECORDS_OUT_1_default.acidtbl:1, TOTAL_TABLE_ROWS_WRITTEN:1, RECORDS_OUT_OPERATOR_FS_6:1, 
2024-04-24T06:30:36,904  INFO [pool-374-thread-1] mapred.Task: Task:attempt_local86175993_0077_r_000000_0 is done. And is in the process of committing
2024-04-24T06:30:36,905  INFO [pool-374-thread-1] mapred.LocalJobRunner: reduce > reduce
2024-04-24T06:30:36,905  INFO [pool-374-thread-1] mapred.Task: Task 'attempt_local86175993_0077_r_000000_0' done.
2024-04-24T06:30:36,905  INFO [pool-374-thread-1] mapred.Task: Final Counters for attempt_local86175993_0077_r_000000_0: Counters: 35
	File System Counters
		FILE: Number of bytes read=1536184
		FILE: Number of bytes written=90745442
		FILE: Number of read operations=0
		FILE: Number of large read operations=0
		FILE: Number of write operations=0
		HDFS: Number of bytes read=0
		HDFS: Number of bytes written=0
		HDFS: Number of read operations=0
		HDFS: Number of large read operations=0
		HDFS: Number of write operations=0
	Map-Reduce Framework
		Combine input records=0
		Combine output records=0
		Reduce input groups=1
		Reduce shuffle bytes=24
		Reduce input records=1
		Reduce output records=0
		Spilled Records=1
		Shuffled Maps =1
		Failed Shuffles=0
		Merged Map outputs=1
		GC time elapsed (ms)=0
		Total committed heap usage (bytes)=1326448640
	HIVE
		CREATED_FILES=2
		RECORDS_OUT_1_default.acidtbl=1
		RECORDS_OUT_INTERMEDIATE=0
		RECORDS_OUT_OPERATOR_FS_6=1
		RECORDS_OUT_OPERATOR_SEL_5=1
		TOTAL_TABLE_ROWS_WRITTEN=1
	Shuffle Errors
		BAD_ID=0
		CONNECTION=0
		IO_ERROR=0
		WRONG_LENGTH=0
		WRONG_MAP=0
		WRONG_REDUCE=0
	File Output Format Counters 
		Bytes Written=0
2024-04-24T06:30:36,905  INFO [pool-374-thread-1] mapred.LocalJobRunner: Finishing task: attempt_local86175993_0077_r_000000_0
2024-04-24T06:30:36,905  INFO [Thread-6503] mapred.LocalJobRunner: reduce task executor complete.
2024-04-24 06:30:37,829 Stage-1 map = 100%,  reduce = 100%
2024-04-24T06:30:37,829  INFO [main] exec.Task: 2024-04-24 06:30:37,829 Stage-1 map = 100%,  reduce = 100%
Ended Job = job_local86175993_0077
2024-04-24T06:30:37,831  INFO [main] exec.Task: Ended Job = job_local86175993_0077
2024-04-24T06:30:37,832  INFO [main] FileOperations: Found manifest file file:/home/alex/Repositories/hive/ql/target/tmp/org.apache.hadoop.hive.ql.TestTxnCommands-1713965238357/warehouse/acidtbl/_tmp.delta_0000001_0000001_0000/000000_0.manifest with attemptId 0.
2024-04-24T06:30:37,832  INFO [main] FileOperations: Looking at manifest file: file:/home/alex/Repositories/hive/ql/target/tmp/org.apache.hadoop.hive.ql.TestTxnCommands-1713965238357/warehouse/acidtbl/_tmp.delta_0000001_0000001_0000/000000_0.manifest
2024-04-24T06:30:37,832  INFO [main] FileOperations: Deleting manifest directory file:/home/alex/Repositories/hive/ql/target/tmp/org.apache.hadoop.hive.ql.TestTxnCommands-1713965238357/warehouse/acidtbl/_tmp.delta_0000001_0000001_0000
2024-04-24T06:30:37,833  INFO [main] ql.Driver: Starting task [Stage-0:MOVE] in serial mode
Loading data to table default.acidtbl
2024-04-24T06:30:37,833  INFO [main] exec.Task: Loading data to table default.acidtbl from file:/home/alex/Repositories/hive/ql/target/tmp/org.apache.hadoop.hive.ql.TestTxnCommands-1713965238357/warehouse/acidtbl
2024-04-24T06:30:37,833  INFO [main] HiveMetaStore.audit: ugi=alex	ip=unknown-ip-addr	cmd=get_table : tbl=hive.default.acidtbl	
2024-04-24T06:30:37,839  INFO [main] metastore.HMSHandler: Skipping translation for processor with null
2024-04-24T06:30:37,839  INFO [main] HiveMetaStore.audit: ugi=alex	ip=unknown-ip-addr	cmd=get_table : tbl=hive.default.acidtbl	
2024-04-24T06:30:37,845  INFO [main] metastore.HMSHandler: Skipping translation for processor with null
2024-04-24T06:30:37,845  INFO [main] HiveMetaStore.audit: ugi=alex	ip=unknown-ip-addr	cmd=alter_table: hive.default.acidtbl newtbl=acidtbl	
2024-04-24T06:30:37,877  INFO [main] ql.Driver: Starting task [Stage-2:STATS] in serial mode
2024-04-24T06:30:37,878  INFO [main] HiveMetaStore.audit: ugi=alex	ip=unknown-ip-addr	cmd=get_table : tbl=hive.default.acidtbl	
2024-04-24T06:30:37,883  INFO [main] metastore.HMSHandler: Skipping translation for processor with null
2024-04-24T06:30:37,883  INFO [main] stats.BasicStatsTask: Executing stats task
2024-04-24T06:30:37,883  INFO [main] fs.FSStatsPublisher: created : file:/home/alex/Repositories/hive/ql/target/tmp/localscratchdir/5826cd18-e5cb-45f7-81eb-ad190186b361/hive_2024-04-24_06-30-36_370_3582463429777029355-1/-mr-10000
2024-04-24T06:30:37,884  INFO [main] HiveMetaStore.audit: ugi=alex	ip=unknown-ip-addr	cmd=get_table : tbl=hive.default.acidtbl	
2024-04-24T06:30:37,890  INFO [main] metastore.HMSHandler: Skipping translation for processor with null
2024-04-24T06:30:37,898  WARN [main] FileOperations: Computing stats for an ACID table; stats may be inaccurate
2024-04-24T06:30:37,898  INFO [main] FileOperations: Read stats for default.acidtbl/, numRows, true, 1, false: 
2024-04-24T06:30:37,898  INFO [main] FileOperations: Read stats for default.acidtbl/, rawDataSize, true, 0, false: 
2024-04-24T06:30:37,898  INFO [main] HiveMetaStore.audit: ugi=alex	ip=unknown-ip-addr	cmd=alter_table: hive.default.acidtbl newtbl=acidtbl	
2024-04-24T06:30:37,917  INFO [main] FileOperations: Read stats for default.acidtbl/, insertCount, true, 1, false: 
2024-04-24T06:30:37,917  INFO [main] FileOperations: Read stats for default.acidtbl/, updateCount, true, 0, false: 
2024-04-24T06:30:37,917  INFO [main] FileOperations: Read stats for default.acidtbl/, deleteCount, true, 0, false: 
2024-04-24T06:30:37,920  INFO [main] stats.BasicStatsTask: Table default.acidtbl stats: [numFiles=1, numRows=1, totalSize=659, rawDataSize=0, numFilesErasureCoded=0]
2024-04-24T06:30:37,920  INFO [main] metadata.Hive: Dumping metastore api call timing information for : execution phase
2024-04-24T06:30:37,920  INFO [main] metadata.Hive: Total time spent in each metastore function (ms): {updateTransactionalStatistics_(UpdateTransactionalStatsRequest)=3, isCompatibleWith_(Configuration)=0, alter_table_(String, String, String, Table, EnvironmentContext, String)=51, getTable_(GetTableRequest)=23}
MapReduce Jobs Launched: 
2024-04-24T06:30:37,921  INFO [main] ql.Driver: MapReduce Jobs Launched: 
Stage-Stage-1:  HDFS Read: 0 HDFS Write: 0 SUCCESS
2024-04-24T06:30:37,921  INFO [main] ql.Driver: Stage-Stage-1:  HDFS Read: 0 HDFS Write: 0 SUCCESS
Total MapReduce CPU Time Spent: 0 msec
2024-04-24T06:30:37,921  INFO [main] ql.Driver: Total MapReduce CPU Time Spent: 0 msec
2024-04-24T06:30:37,921  INFO [main] ql.Driver: Completed executing command(queryId=alex_20240424063036_cd16dded-6389-459a-a040-303b32478d5a); Time taken: 1.368 seconds
2024-04-24T06:30:37,921  INFO [main] lockmgr.DbTxnManager: Stopped heartbeat for query: alex_20240424063036_cd16dded-6389-459a-a040-303b32478d5a
2024-04-24T06:30:37,933  INFO [main] txn.TxnHandler: Removed transactions: ([13]) from MIN_HISTORY_LEVEL
2024-04-24T06:30:37,933  WARN [main] txn.CompactionTxnHandler: No compaction queue record found for Compaction type transaction commit. txnId:13
2024-04-24T06:30:37,934  INFO [main] ql.TxnCommandsBaseForTests: Running the query: insert into acidTbl values(0,0),(3,3)
2024-04-24T06:30:37,934  INFO [main] ql.Context: Deleting scratch dir: file:/home/alex/Repositories/hive/ql/target/tmp/localscratchdir/5826cd18-e5cb-45f7-81eb-ad190186b361/hive_2024-04-24_06-30-36_370_3582463429777029355-1
2024-04-24T06:30:37,934  INFO [main] cleanup.SyncCleanupService: Deleted directory: file:/home/alex/Repositories/hive/ql/target/tmp/localscratchdir/5826cd18-e5cb-45f7-81eb-ad190186b361/hive_2024-04-24_06-30-36_370_3582463429777029355-1 on fs with scheme file
2024-04-24T06:30:37,935  INFO [main] ql.Driver: Compiling command(queryId=alex_20240424063036_cd16dded-6389-459a-a040-303b32478d5a): insert into acidTbl values(0,0),(3,3)
2024-04-24T06:30:37,937  INFO [main] txn.TxnHandler: Added entries to MIN_HISTORY_LEVEL for current txns: ([14]) with min_open_txn: 14
2024-04-24T06:30:37,937  INFO [main] lockmgr.DbTxnManager: Opened txnid:14
2024-04-24T06:30:37,938  INFO [main] parse.CalcitePlanner: Starting caching scope for: alex_20240424063036_cd16dded-6389-459a-a040-303b32478d5a
2024-04-24T06:30:37,938  INFO [main] parse.CalcitePlanner: Starting Semantic Analysis
2024-04-24T06:30:37,941  INFO [main] HiveMetaStore.audit: ugi=alex	ip=unknown-ip-addr	cmd=get_table : tbl=hive.default.acidTbl	
2024-04-24T06:30:37,947  INFO [main] metastore.HMSHandler: Skipping translation for processor with null
2024-04-24T06:30:37,947  INFO [main] parse.CalcitePlanner: Completed phase 1 of Semantic Analysis
2024-04-24T06:30:37,947  INFO [main] parse.CalcitePlanner: Get metadata for source tables
2024-04-24T06:30:37,947  INFO [main] parse.CalcitePlanner: Get metadata for subqueries
2024-04-24T06:30:37,947  INFO [main] parse.CalcitePlanner: Get metadata for destination tables
2024-04-24T06:30:37,947  INFO [main] HiveMetaStore.audit: ugi=alex	ip=unknown-ip-addr	cmd=get_table : tbl=hive.default.acidTbl	
2024-04-24T06:30:37,953  INFO [main] metastore.HMSHandler: Skipping translation for processor with null
2024-04-24T06:30:37,953  INFO [main] parse.CalcitePlanner: Completed getting MetaData in Semantic Analysis
2024-04-24T06:30:37,953  INFO [main] parse.CalcitePlanner: Disabling LLAP IO encode as ETL query is detected
2024-04-24T06:30:37,973  INFO [main] HiveMetaStore.audit: ugi=alex	ip=unknown-ip-addr	cmd=get_all_table_constraints : tbl=hive._dummy_database._dummy_table	
2024-04-24T06:30:38,017  INFO [main] parse.CalcitePlanner: Get metadata for source tables
2024-04-24T06:30:38,017  INFO [main] parse.CalcitePlanner: Get metadata for subqueries
2024-04-24T06:30:38,017  INFO [main] parse.CalcitePlanner: Get metadata for source tables
2024-04-24T06:30:38,017  INFO [main] HiveMetaStore.audit: ugi=alex	ip=unknown-ip-addr	cmd=get_table : tbl=hive._dummy_database._dummy_table	
2024-04-24T06:30:38,019  INFO [main] parse.CalcitePlanner: Get metadata for subqueries
2024-04-24T06:30:38,019  INFO [main] parse.CalcitePlanner: Get metadata for destination tables
2024-04-24T06:30:38,019  INFO [main] parse.CalcitePlanner: Get metadata for destination tables
2024-04-24T06:30:38,020  INFO [main] HiveMetaStore.audit: ugi=alex	ip=unknown-ip-addr	cmd=get_not_null_constraints : tbl=hive.default.acidtbl	
2024-04-24T06:30:38,021  INFO [main] HiveMetaStore.audit: ugi=alex	ip=unknown-ip-addr	cmd=get_check_constraints : tbl=hive.default.acidtbl	
2024-04-24T06:30:38,028  INFO [main] txn.TxnHandler: Allocated writeId: 2 for txnId: 14
2024-04-24T06:30:38,028  INFO [main] txn.TxnHandler: Allocated write ids for dbName=default, tblName=acidtbl (txnIds: [14])
2024-04-24T06:30:38,029  INFO [main] parse.CalcitePlanner: CBO Succeeded; optimized logical plan.
2024-04-24T06:30:38,031  INFO [main] optimizer.ColumnPrunerProcFactory: RS 4 oldColExprMap: {VALUE._col0=Column[_col1], KEY.reducesinkkey0=Column[_col0]}
2024-04-24T06:30:38,032  INFO [main] optimizer.ColumnPrunerProcFactory: RS 4 newColExprMap: {VALUE._col0=Column[_col1], KEY.reducesinkkey0=Column[_col0]}
2024-04-24T06:30:38,032  INFO [main] optimizer.BucketVersionPopulator: not considering bucketingVersion for: TS[0] because it has -1<2 buckets 
2024-04-24T06:30:38,033  INFO [main] optimizer.SortedDynPartitionOptimizer: Sorted dynamic partitioning optimization kicked in..
2024-04-24T06:30:38,040  INFO [main] HiveMetaStore.audit: ugi=alex	ip=unknown-ip-addr	cmd=get_table : tbl=hive.default.acidtbl	
2024-04-24T06:30:38,046  INFO [main] metastore.HMSHandler: Skipping translation for processor with null
2024-04-24T06:30:38,047  INFO [main] parse.CalcitePlanner: Completed plan generation
2024-04-24T06:30:38,047  INFO [main] parse.CalcitePlanner: Ending caching scope for: alex_20240424063036_cd16dded-6389-459a-a040-303b32478d5a
2024-04-24T06:30:38,047  INFO [main] ql.Driver: Semantic Analysis Completed (retrial = false)
2024-04-24T06:30:38,047  INFO [main] ql.Driver: Created Hive schema: Schema(fieldSchemas:[FieldSchema(name:col1, type:int, comment:null), FieldSchema(name:col2, type:int, comment:null)], properties:null)
2024-04-24T06:30:38,047  INFO [main] metadata.Hive: Dumping metastore api call timing information for : compilation phase
2024-04-24T06:30:38,047  INFO [main] metadata.Hive: Total time spent in each metastore function (ms): {getTable_(GetTableRequest)=18, allocateTableWriteId_(long, String, String)=6, flushCache_()=0, isCompatibleWith_(Configuration)=0, getNotNullConstraints_(NotNullConstraintsRequest)=1, getAllTableConstraints_(AllTableConstraintsRequest)=4, getValidWriteIds_(List, String)=4, getCheckConstraints_(CheckConstraintsRequest)=1, commitTxn_(CommitTxnRequest)=13, openTxn_(String, TxnType)=2, getValidTxns_(long)=1}
2024-04-24T06:30:38,047  INFO [main] ql.Driver: Completed compiling command(queryId=alex_20240424063036_cd16dded-6389-459a-a040-303b32478d5a); Time taken: 0.112 seconds
2024-04-24T06:30:38,047  INFO [main] lockmgr.DbTxnManager: Setting lock request transaction to txnid:14 for queryId=alex_20240424063036_cd16dded-6389-459a-a040-303b32478d5a
2024-04-24T06:30:38,048  INFO [main] lockmgr.DbLockManager: Requesting lock for queryId=alex_20240424063036_cd16dded-6389-459a-a040-303b32478d5a
2024-04-24T06:30:38,062  INFO [main] lockmgr.DbLockManager: Response to queryId=alex_20240424063036_cd16dded-6389-459a-a040-303b32478d5a LockResponse(lockid:8, state:ACQUIRED)
2024-04-24T06:30:38,062  INFO [main] ql.Driver: Operation QUERY obtained 1 locks
2024-04-24T06:30:38,064  INFO [main] ql.Driver: Executing command(queryId=alex_20240424063036_cd16dded-6389-459a-a040-303b32478d5a): insert into acidTbl values(0,0),(3,3)
2024-04-24T06:30:38,064  WARN [main] ql.Driver: Hive-on-MR is deprecated in Hive 2 and may not be available in the future versions. Consider using a different execution engine (i.e. spark, tez) or using Hive 1.X releases.
Query ID = alex_20240424063036_cd16dded-6389-459a-a040-303b32478d5a
2024-04-24T06:30:38,065  INFO [main] ql.Driver: Query ID = alex_20240424063036_cd16dded-6389-459a-a040-303b32478d5a
Total jobs = 1
2024-04-24T06:30:38,065  INFO [main] ql.Driver: Total jobs = 1
Launching Job 1 out of 1
2024-04-24T06:30:38,065  INFO [main] ql.Driver: Launching Job 1 out of 1
2024-04-24T06:30:38,188  INFO [main] ql.Driver: Starting task [Stage-1:MAPRED] in serial mode
Number of reduce tasks determined at compile time: 1
2024-04-24T06:30:38,188  INFO [main] exec.Task: Number of reduce tasks determined at compile time: 1
In order to change the average load for a reducer (in bytes):
2024-04-24T06:30:38,188  INFO [main] exec.Task: In order to change the average load for a reducer (in bytes):
  set hive.exec.reducers.bytes.per.reducer=<number>
2024-04-24T06:30:38,188  INFO [main] exec.Task:   set hive.exec.reducers.bytes.per.reducer=<number>
In order to limit the maximum number of reducers:
2024-04-24T06:30:38,188  INFO [main] exec.Task: In order to limit the maximum number of reducers:
  set hive.exec.reducers.max=<number>
2024-04-24T06:30:38,188  INFO [main] exec.Task:   set hive.exec.reducers.max=<number>
In order to set a constant number of reducers:
2024-04-24T06:30:38,188  INFO [main] exec.Task: In order to set a constant number of reducers:
  set mapreduce.job.reduces=<number>
2024-04-24T06:30:38,188  INFO [main] exec.Task:   set mapreduce.job.reduces=<number>
2024-04-24T06:30:38,190  INFO [main] mr.ExecDriver: Using org.apache.hadoop.hive.ql.io.HiveInputFormat
2024-04-24T06:30:38,191  INFO [main] exec.Utilities: Processing alias $hdt$_0:_dummy_table
2024-04-24T06:30:38,191  INFO [main] exec.Utilities: Adding 1 inputs; the first input is file:/home/alex/Repositories/hive/ql/target/tmp/localscratchdir/5826cd18-e5cb-45f7-81eb-ad190186b361/hive_2024-04-24_06-30-37_935_8752451077270579051-1/dummy_path
2024-04-24T06:30:38,200  INFO [main] exec.SerializationUtilities: Serializing MapWork using kryo
2024-04-24T06:30:38,200  INFO [main] exec.Utilities: Serialized plan (via FILE) - name: null size: 4,98KB
2024-04-24T06:30:38,205  INFO [main] exec.SerializationUtilities: Serializing ReduceWork using kryo
2024-04-24T06:30:38,205  INFO [main] exec.Utilities: Serialized plan (via FILE) - name: null size: 5,92KB
2024-04-24T06:30:38,206  WARN [main] impl.MetricsSystemImpl: JobTracker metrics system already initialized!
2024-04-24T06:30:38,210  INFO [main] fs.FSStatsPublisher: created : file:/home/alex/Repositories/hive/ql/target/tmp/localscratchdir/5826cd18-e5cb-45f7-81eb-ad190186b361/hive_2024-04-24_06-30-37_935_8752451077270579051-1/-mr-10000
2024-04-24T06:30:38,212  WARN [main] impl.MetricsSystemImpl: JobTracker metrics system already initialized!
2024-04-24T06:30:38,218  WARN [main] mapreduce.JobResourceUploader: Hadoop command-line option parsing not performed. Implement the Tool interface and execute your application with ToolRunner to remedy this.
2024-04-24T06:30:38,223  WARN [main] mapreduce.JobResourceUploader: No job jar file set.  User classes may not be found. See Job or Job#setJar(String).
2024-04-24T06:30:38,223  INFO [main] io.HiveInputFormat: hive.io.file.readcolumn.ids = 
2024-04-24T06:30:38,223  INFO [main] io.HiveInputFormat: hive.io.file.readcolumn.names = 
2024-04-24T06:30:38,224  INFO [main] io.HiveInputFormat: Generating splits for dirs: file:/home/alex/Repositories/hive/ql/target/tmp/localscratchdir/5826cd18-e5cb-45f7-81eb-ad190186b361/hive_2024-04-24_06-30-37_935_8752451077270579051-1/dummy_path
2024-04-24T06:30:38,224  INFO [main] io.HiveInputFormat: number of splits 1
2024-04-24T06:30:38,241  INFO [main] mapreduce.JobSubmitter: number of splits:1
2024-04-24T06:30:38,258  INFO [main] mapreduce.JobSubmitter: Submitting tokens for job: job_local1126837961_0078
2024-04-24T06:30:38,258  INFO [main] mapreduce.JobSubmitter: Executing with tokens: []
2024-04-24T06:30:38,317  INFO [main] mapreduce.Job: The url to track the job: http://localhost:8080/
Job running in-process (local Hadoop)
2024-04-24T06:30:38,317  INFO [main] exec.Task: Job running in-process (local Hadoop)
2024-04-24T06:30:38,317  INFO [Thread-6563] mapred.LocalJobRunner: OutputCommitter set in config org.apache.hadoop.hive.ql.io.HiveFileFormatUtils$NullOutputCommitter
2024-04-24T06:30:38,317  INFO [Thread-6563] mapred.LocalJobRunner: OutputCommitter is org.apache.hadoop.hive.ql.io.HiveFileFormatUtils$NullOutputCommitter
2024-04-24T06:30:38,318  INFO [Thread-6563] mapred.LocalJobRunner: Waiting for map tasks
2024-04-24T06:30:38,318  INFO [LocalJobRunner Map Task Executor #0] mapred.LocalJobRunner: Starting task: attempt_local1126837961_0078_m_000000_0
2024-04-24T06:30:38,319  INFO [LocalJobRunner Map Task Executor #0] mapred.Task:  Using ResourceCalculatorProcessTree : [ ]
2024-04-24T06:30:38,319  INFO [LocalJobRunner Map Task Executor #0] mapred.MapTask: Processing split: org.apache.hadoop.hive.ql.io.NullRowsInputFormat:file:/home/alex/Repositories/hive/ql/target/tmp/localscratchdir/5826cd18-e5cb-45f7-81eb-ad190186b361/hive_2024-04-24_06-30-37_935_8752451077270579051-1/dummy_path/null:0+1
2024-04-24T06:30:38,320  INFO [LocalJobRunner Map Task Executor #0] exec.SerializationUtilities: Deserializing MapWork using kryo
2024-04-24T06:30:38,320  INFO [LocalJobRunner Map Task Executor #0] exec.Utilities: Deserialized plan (via FILE) - name: null size: 4,98KB
2024-04-24T06:30:38,320  INFO [LocalJobRunner Map Task Executor #0] mapred.MapTask: numReduceTasks: 1
2024-04-24T06:30:38,324  INFO [LocalJobRunner Map Task Executor #0] mapred.MapTask: (EQUATOR) 0 kvi 26214396(104857584)
2024-04-24T06:30:38,324  INFO [LocalJobRunner Map Task Executor #0] mapred.MapTask: mapreduce.task.io.sort.mb: 100
2024-04-24T06:30:38,324  INFO [LocalJobRunner Map Task Executor #0] mapred.MapTask: soft limit at 83886080
2024-04-24T06:30:38,324  INFO [LocalJobRunner Map Task Executor #0] mapred.MapTask: bufstart = 0; bufvoid = 104857600
2024-04-24T06:30:38,324  INFO [LocalJobRunner Map Task Executor #0] mapred.MapTask: kvstart = 26214396; length = 6553600
2024-04-24T06:30:38,325  INFO [LocalJobRunner Map Task Executor #0] mapred.MapTask: Map output collector class = org.apache.hadoop.mapred.MapTask$MapOutputBuffer
2024-04-24T06:30:38,325  INFO [LocalJobRunner Map Task Executor #0] exec.MapOperator: Initializing Operator: MAP[0]
2024-04-24T06:30:38,325  INFO [LocalJobRunner Map Task Executor #0] mr.ExecMapper: 
<MAP>Id =0
  <Children>null
  <\Children>
  <Parent><\Parent>
<\MAP>
2024-04-24T06:30:38,326  INFO [LocalJobRunner Map Task Executor #0] exec.TableScanOperator: Initializing Operator: TS[0]
2024-04-24T06:30:38,326  INFO [LocalJobRunner Map Task Executor #0] exec.SelectOperator: Initializing Operator: SEL[1]
2024-04-24T06:30:38,326  INFO [LocalJobRunner Map Task Executor #0] exec.SelectOperator: SELECT null
2024-04-24T06:30:38,326  INFO [LocalJobRunner Map Task Executor #0] exec.UDTFOperator: Initializing Operator: UDTF[2]
2024-04-24T06:30:38,326  INFO [LocalJobRunner Map Task Executor #0] exec.SelectOperator: Initializing Operator: SEL[3]
2024-04-24T06:30:38,326  INFO [LocalJobRunner Map Task Executor #0] exec.SelectOperator: SELECT struct<col1:int,col2:int>
2024-04-24T06:30:38,326  INFO [LocalJobRunner Map Task Executor #0] exec.ReduceSinkOperator: Initializing Operator: RS[4]
2024-04-24T06:30:38,326  INFO [LocalJobRunner Map Task Executor #0] exec.ReduceSinkOperator: Using tag = -1
2024-04-24T06:30:38,327  INFO [LocalJobRunner Map Task Executor #0] exec.ReduceSinkOperator: keys are [reducesinkkey0] num distributions: 1
2024-04-24T06:30:38,327  INFO [LocalJobRunner Map Task Executor #0] exec.ReduceSinkOperator: RS[4]: records written - 1
2024-04-24T06:30:38,327  INFO [LocalJobRunner Map Task Executor #0] exec.MapOperator: MAP[0]: records read - 1
2024-04-24T06:30:38,327  INFO [LocalJobRunner Map Task Executor #0] exec.MapOperator: Closing Operator: MAP[0]
2024-04-24T06:30:38,327  INFO [LocalJobRunner Map Task Executor #0] exec.MapOperator: MAP[0]: Total records read - 3. abort - false
2024-04-24T06:30:38,327  INFO [LocalJobRunner Map Task Executor #0] exec.MapOperator: RECORDS_IN:3, DESERIALIZE_ERRORS:0, RECORDS_OUT_OPERATOR_MAP_0:0, RECORDS_OUT_INTERMEDIATE:0, 
2024-04-24T06:30:38,327  INFO [LocalJobRunner Map Task Executor #0] exec.TableScanOperator: Closing Operator: TS[0]
2024-04-24T06:30:38,327  INFO [LocalJobRunner Map Task Executor #0] exec.TableScanOperator: RECORDS_OUT_INTERMEDIATE:0, RECORDS_OUT_OPERATOR_TS_0:1, 
2024-04-24T06:30:38,328  INFO [LocalJobRunner Map Task Executor #0] exec.SelectOperator: Closing Operator: SEL[1]
2024-04-24T06:30:38,328  INFO [LocalJobRunner Map Task Executor #0] exec.SelectOperator: RECORDS_OUT_INTERMEDIATE:0, RECORDS_OUT_OPERATOR_SEL_1:1, 
2024-04-24T06:30:38,328  INFO [LocalJobRunner Map Task Executor #0] exec.UDTFOperator: Closing Operator: UDTF[2]
2024-04-24T06:30:38,328  INFO [LocalJobRunner Map Task Executor #0] exec.UDTFOperator: RECORDS_OUT_OPERATOR_UDTF_2:2, RECORDS_OUT_INTERMEDIATE:0, 
2024-04-24T06:30:38,328  INFO [LocalJobRunner Map Task Executor #0] exec.SelectOperator: Closing Operator: SEL[3]
2024-04-24T06:30:38,328  INFO [LocalJobRunner Map Task Executor #0] exec.SelectOperator: RECORDS_OUT_OPERATOR_SEL_3:2, RECORDS_OUT_INTERMEDIATE:0, 
2024-04-24T06:30:38,328  INFO [LocalJobRunner Map Task Executor #0] exec.ReduceSinkOperator: Closing Operator: RS[4]
2024-04-24T06:30:38,328  INFO [LocalJobRunner Map Task Executor #0] exec.ReduceSinkOperator: RS[4]: Total records written - 2. abort - false
2024-04-24T06:30:38,328  INFO [LocalJobRunner Map Task Executor #0] exec.ReduceSinkOperator: RECORDS_OUT_INTERMEDIATE:2, RECORDS_OUT_OPERATOR_RS_4:2, 
2024-04-24T06:30:38,328  INFO [LocalJobRunner Map Task Executor #0] mapred.LocalJobRunner: 
2024-04-24T06:30:38,328  INFO [LocalJobRunner Map Task Executor #0] mapred.MapTask: Starting flush of map output
2024-04-24T06:30:38,328  INFO [LocalJobRunner Map Task Executor #0] mapred.MapTask: Spilling map output
2024-04-24T06:30:38,328  INFO [LocalJobRunner Map Task Executor #0] mapred.MapTask: bufstart = 0; bufend = 32; bufvoid = 104857600
2024-04-24T06:30:38,328  INFO [LocalJobRunner Map Task Executor #0] mapred.MapTask: kvstart = 26214396(104857584); kvend = 26214392(104857568); length = 5/6553600
2024-04-24T06:30:38,340  INFO [LocalJobRunner Map Task Executor #0] mapred.MapTask: Finished spill 0
2024-04-24T06:30:38,343  INFO [LocalJobRunner Map Task Executor #0] mapred.Task: Task:attempt_local1126837961_0078_m_000000_0 is done. And is in the process of committing
2024-04-24T06:30:38,343  INFO [LocalJobRunner Map Task Executor #0] mapred.LocalJobRunner: map
2024-04-24T06:30:38,343  INFO [LocalJobRunner Map Task Executor #0] mapred.Task: Task 'attempt_local1126837961_0078_m_000000_0' done.
2024-04-24T06:30:38,343  INFO [LocalJobRunner Map Task Executor #0] mapred.Task: Final Counters for attempt_local1126837961_0078_m_000000_0: Counters: 31
	File System Counters
		FILE: Number of bytes read=1541942
		FILE: Number of bytes written=91926862
		FILE: Number of read operations=0
		FILE: Number of large read operations=0
		FILE: Number of write operations=0
		HDFS: Number of bytes read=0
		HDFS: Number of bytes written=0
		HDFS: Number of read operations=0
		HDFS: Number of large read operations=0
		HDFS: Number of write operations=0
	Map-Reduce Framework
		Map input records=4
		Map output records=2
		Map output bytes=32
		Map output materialized bytes=42
		Input split bytes=361
		Combine input records=0
		Spilled Records=2
		Failed Shuffles=0
		Merged Map outputs=0
		GC time elapsed (ms)=0
		Total committed heap usage (bytes)=1326448640
	HIVE
		DESERIALIZE_ERRORS=0
		RECORDS_IN=3
		RECORDS_OUT_INTERMEDIATE=2
		RECORDS_OUT_OPERATOR_MAP_0=0
		RECORDS_OUT_OPERATOR_RS_4=2
		RECORDS_OUT_OPERATOR_SEL_1=1
		RECORDS_OUT_OPERATOR_SEL_3=2
		RECORDS_OUT_OPERATOR_TS_0=1
		RECORDS_OUT_OPERATOR_UDTF_2=2
	File Input Format Counters 
		Bytes Read=5034
2024-04-24T06:30:38,343  INFO [LocalJobRunner Map Task Executor #0] mapred.LocalJobRunner: Finishing task: attempt_local1126837961_0078_m_000000_0
2024-04-24T06:30:38,343  INFO [Thread-6563] mapred.LocalJobRunner: map task executor complete.
2024-04-24T06:30:38,344  INFO [Thread-6563] mapred.LocalJobRunner: Waiting for reduce tasks
2024-04-24T06:30:38,344  INFO [pool-379-thread-1] mapred.LocalJobRunner: Starting task: attempt_local1126837961_0078_r_000000_0
2024-04-24T06:30:38,345  INFO [pool-379-thread-1] mapred.Task:  Using ResourceCalculatorProcessTree : [ ]
2024-04-24T06:30:38,345  INFO [pool-379-thread-1] mapred.ReduceTask: Using ShuffleConsumerPlugin: org.apache.hadoop.mapreduce.task.reduce.Shuffle@5c61d4d8
2024-04-24T06:30:38,345  WARN [pool-379-thread-1] impl.MetricsSystemImpl: JobTracker metrics system already initialized!
2024-04-24T06:30:38,346  INFO [pool-379-thread-1] reduce.MergeManagerImpl: MergerManager: memoryLimit=1336252800, maxSingleShuffleLimit=334063200, mergeThreshold=881926912, ioSortFactor=10, memToMemMergeOutputsThreshold=10
2024-04-24T06:30:38,346  INFO [EventFetcher for fetching Map Completion Events] reduce.EventFetcher: attempt_local1126837961_0078_r_000000_0 Thread started: EventFetcher for fetching Map Completion Events
2024-04-24T06:30:38,347  INFO [localfetcher#105] reduce.LocalFetcher: localfetcher#105 about to shuffle output of map attempt_local1126837961_0078_m_000000_0 decomp: 38 len: 42 to MEMORY
2024-04-24T06:30:38,347  INFO [localfetcher#105] reduce.InMemoryMapOutput: Read 38 bytes from map-output for attempt_local1126837961_0078_m_000000_0
2024-04-24T06:30:38,347  INFO [localfetcher#105] reduce.MergeManagerImpl: closeInMemoryFile -> map-output of size: 38, inMemoryMapOutputs.size() -> 1, commitMemory -> 0, usedMemory ->38
2024-04-24T06:30:38,348  INFO [EventFetcher for fetching Map Completion Events] reduce.EventFetcher: EventFetcher is interrupted.. Returning
2024-04-24T06:30:38,348  INFO [pool-379-thread-1] mapred.LocalJobRunner: 1 / 1 copied.
2024-04-24T06:30:38,348  INFO [pool-379-thread-1] reduce.MergeManagerImpl: finalMerge called with 1 in-memory map-outputs and 0 on-disk map-outputs
2024-04-24T06:30:38,356  INFO [pool-379-thread-1] mapred.Merger: Merging 1 sorted segments
2024-04-24T06:30:38,356  INFO [pool-379-thread-1] mapred.Merger: Down to the last merge-pass, with 1 segments left of total size: 26 bytes
2024-04-24T06:30:38,358  INFO [pool-379-thread-1] reduce.MergeManagerImpl: Merged 1 segments, 38 bytes to disk to satisfy reduce memory limit
2024-04-24T06:30:38,358  INFO [pool-379-thread-1] reduce.MergeManagerImpl: Merging 1 files, 42 bytes from disk
2024-04-24T06:30:38,358  INFO [pool-379-thread-1] reduce.MergeManagerImpl: Merging 0 segments, 0 bytes from memory into reduce
2024-04-24T06:30:38,358  INFO [pool-379-thread-1] mapred.Merger: Merging 1 sorted segments
2024-04-24T06:30:38,358  INFO [pool-379-thread-1] mapred.Merger: Down to the last merge-pass, with 1 segments left of total size: 26 bytes
2024-04-24T06:30:38,358  INFO [pool-379-thread-1] mapred.LocalJobRunner: 1 / 1 copied.
2024-04-24T06:30:38,359  INFO [pool-379-thread-1] exec.SerializationUtilities: Deserializing ReduceWork using kryo
2024-04-24T06:30:38,359  INFO [pool-379-thread-1] exec.Utilities: Deserialized plan (via FILE) - name: null size: 5,92KB
2024-04-24T06:30:38,360  INFO [pool-379-thread-1] ExecReducer: 
<SEL>Id =5
  <Children>
    <FS>Id =6
      <Children>
      <\Children>
      <Parent>Id = 5 null<\Parent>
    <\FS>
  <\Children>
  <Parent><\Parent>
<\SEL>
2024-04-24T06:30:38,360  INFO [pool-379-thread-1] exec.SelectOperator: Initializing Operator: SEL[5]
2024-04-24T06:30:38,360  INFO [pool-379-thread-1] exec.SelectOperator: SELECT struct<key:struct<reducesinkkey0:int>,value:struct<_col0:int>>
2024-04-24T06:30:38,360  INFO [pool-379-thread-1] exec.FileSinkOperator: Initializing Operator: FS[6]
2024-04-24T06:30:38,361  INFO [pool-379-thread-1] exec.FileSinkOperator: Using serializer : AbstractSerDe [log=org.apache.logging.slf4j.Log4jLogger@3c370966, configuration=Optional[Configuration: core-default.xml, core-site.xml, mapred-default.xml, mapred-site.xml, yarn-default.xml, yarn-site.xml, hdfs-default.xml, hdfs-site.xml, file:/home/alex/Repositories/hive/ql/target/tmp/TestTxnCommands/mapred/local/localRunner/alex/job_local1126837961_0078/job_local1126837961_0078.xml], properties={transactional_properties=default, name=default.acidtbl, transactional=true, columns.types=int:int, bucket_field_name=a, columns=a,b, numFilesErasureCoded=0, columns.comments=&amp#0;, bucketing_version=2, bucket_count=2, serialization.lib=org.apache.hadoop.hive.ql.io.orc.OrcSerde, file.inputformat=org.apache.hadoop.hive.ql.io.orc.OrcInputFormat, file.outputformat=org.apache.hadoop.hive.ql.io.orc.OrcOutputFormat, location=file:/home/alex/Repositories/hive/ql/target/tmp/org.apache.hadoop.hive.ql.TestTxnCommands-1713965238357/warehouse/acidtbl, column.name.delimiter=,}, tableProperties={transactional_properties=default, name=default.acidtbl, transactional=true, columns.types=int:int, bucket_field_name=a, columns=a,b, numFilesErasureCoded=0, columns.comments=&amp#0;, bucketing_version=2, bucket_count=2, serialization.lib=org.apache.hadoop.hive.ql.io.orc.OrcSerde, file.inputformat=org.apache.hadoop.hive.ql.io.orc.OrcInputFormat, location=file:/home/alex/Repositories/hive/ql/target/tmp/org.apache.hadoop.hive.ql.TestTxnCommands-1713965238357/warehouse/acidtbl, file.outputformat=org.apache.hadoop.hive.ql.io.orc.OrcOutputFormat, column.name.delimiter=,}, partitionProperties=Optional.empty, columnNames=[a, b], columnTypes=[int, int], getClass()=class org.apache.hadoop.hive.ql.io.orc.OrcSerde] and formatter : org.apache.hadoop.hive.ql.io.orc.OrcOutputFormat@22398d06
2024-04-24T06:30:38,361  INFO [pool-379-thread-1] exec.FileSinkOperator: Final Path: FS file:/home/alex/Repositories/hive/ql/target/tmp/org.apache.hadoop.hive.ql.TestTxnCommands-1713965238357/warehouse/acidtbl
2024-04-24T06:30:38,361  INFO [pool-379-thread-1] exec.FileSinkOperator: New Final Path: FS file:/home/alex/Repositories/hive/ql/target/tmp/org.apache.hadoop.hive.ql.TestTxnCommands-1713965238357/warehouse/acidtbl
2024-04-24T06:30:38,361  INFO [pool-379-thread-1] common.FileUtils: Creating directory if it doesn't exist: file:/home/alex/Repositories/hive/ql/target/tmp/org.apache.hadoop.hive.ql.TestTxnCommands-1713965238357/warehouse
2024-04-24T06:30:38,362  INFO [pool-379-thread-1] exec.FileSinkOperator: Final Path: FS file:/home/alex/Repositories/hive/ql/target/tmp/org.apache.hadoop.hive.ql.TestTxnCommands-1713965238357/warehouse/acidtbl
2024-04-24T06:30:38,362  INFO [pool-379-thread-1] exec.FileSinkOperator: New Final Path: FS file:/home/alex/Repositories/hive/ql/target/tmp/org.apache.hadoop.hive.ql.TestTxnCommands-1713965238357/warehouse/acidtbl
2024-04-24T06:30:38,362  INFO [pool-379-thread-1] common.FileUtils: Creating directory if it doesn't exist: file:/home/alex/Repositories/hive/ql/target/tmp/org.apache.hadoop.hive.ql.TestTxnCommands-1713965238357/warehouse
2024-04-24T06:30:38,362  INFO [pool-379-thread-1] exec.FileSinkOperator: FS[6]: records written - 1
2024-04-24T06:30:38,362  INFO [pool-379-thread-1] impl.PhysicalFsWriter: ORC writer created for path: file:/home/alex/Repositories/hive/ql/target/tmp/org.apache.hadoop.hive.ql.TestTxnCommands-1713965238357/warehouse/acidtbl/delta_0000002_0000002_0000/bucket_00001_0 with stripeSize: 8388608 blockSize: 268435456 compression: Compress: ZLIB buffer: 32768
2024-04-24T06:30:38,370  INFO [pool-379-thread-1] impl.WriterImpl: ORC writer created for path: file:/home/alex/Repositories/hive/ql/target/tmp/org.apache.hadoop.hive.ql.TestTxnCommands-1713965238357/warehouse/acidtbl/delta_0000002_0000002_0000/bucket_00001_0 with stripeSize: 8388608 options: Compress: ZLIB buffer: 32768
2024-04-24T06:30:38,375  INFO [pool-379-thread-1] impl.PhysicalFsWriter: ORC writer created for path: file:/home/alex/Repositories/hive/ql/target/tmp/org.apache.hadoop.hive.ql.TestTxnCommands-1713965238357/warehouse/acidtbl/delta_0000002_0000002_0000/bucket_00000_0 with stripeSize: 8388608 blockSize: 268435456 compression: Compress: ZLIB buffer: 32768
2024-04-24T06:30:38,380  INFO [pool-379-thread-1] impl.WriterImpl: ORC writer created for path: file:/home/alex/Repositories/hive/ql/target/tmp/org.apache.hadoop.hive.ql.TestTxnCommands-1713965238357/warehouse/acidtbl/delta_0000002_0000002_0000/bucket_00000_0 with stripeSize: 8388608 options: Compress: ZLIB buffer: 32768
2024-04-24T06:30:38,380  INFO [pool-379-thread-1] exec.SelectOperator: Closing Operator: SEL[5]
2024-04-24T06:30:38,380  INFO [pool-379-thread-1] exec.SelectOperator: RECORDS_OUT_OPERATOR_SEL_5:2, RECORDS_OUT_INTERMEDIATE:0, 
2024-04-24T06:30:38,380  INFO [pool-379-thread-1] exec.FileSinkOperator: Closing Operator: FS[6]
2024-04-24T06:30:38,380  INFO [pool-379-thread-1] exec.FileSinkOperator: FS[6]: records written - 2
2024-04-24T06:30:38,383  INFO [pool-379-thread-1] FileOperations: Writing manifest to file:/home/alex/Repositories/hive/ql/target/tmp/org.apache.hadoop.hive.ql.TestTxnCommands-1713965238357/warehouse/acidtbl/_tmp.delta_0000002_0000002_0000/000000_0.manifest with [file:/home/alex/Repositories/hive/ql/target/tmp/org.apache.hadoop.hive.ql.TestTxnCommands-1713965238357/warehouse/acidtbl/delta_0000002_0000002_0000/bucket_00000_0, file:/home/alex/Repositories/hive/ql/target/tmp/org.apache.hadoop.hive.ql.TestTxnCommands-1713965238357/warehouse/acidtbl/delta_0000002_0000002_0000/bucket_00001_0]
2024-04-24T06:30:38,395  INFO [pool-379-thread-1] exec.FileSinkOperator: RECORDS_OUT_INTERMEDIATE:0, RECORDS_OUT_1_default.acidtbl:2, RECORDS_OUT_OPERATOR_FS_6:2, TOTAL_TABLE_ROWS_WRITTEN:2, 
2024-04-24T06:30:38,396  INFO [pool-379-thread-1] mapred.Task: Task:attempt_local1126837961_0078_r_000000_0 is done. And is in the process of committing
2024-04-24T06:30:38,396  INFO [pool-379-thread-1] mapred.LocalJobRunner: reduce > reduce
2024-04-24T06:30:38,396  INFO [pool-379-thread-1] mapred.Task: Task 'attempt_local1126837961_0078_r_000000_0' done.
2024-04-24T06:30:38,396  INFO [pool-379-thread-1] mapred.Task: Final Counters for attempt_local1126837961_0078_r_000000_0: Counters: 35
	File System Counters
		FILE: Number of bytes read=1548034
		FILE: Number of bytes written=91928748
		FILE: Number of read operations=0
		FILE: Number of large read operations=0
		FILE: Number of write operations=0
		HDFS: Number of bytes read=0
		HDFS: Number of bytes written=0
		HDFS: Number of read operations=0
		HDFS: Number of large read operations=0
		HDFS: Number of write operations=0
	Map-Reduce Framework
		Combine input records=0
		Combine output records=0
		Reduce input groups=2
		Reduce shuffle bytes=42
		Reduce input records=2
		Reduce output records=0
		Spilled Records=2
		Shuffled Maps =1
		Failed Shuffles=0
		Merged Map outputs=1
		GC time elapsed (ms)=0
		Total committed heap usage (bytes)=1326448640
	HIVE
		CREATED_FILES=2
		RECORDS_OUT_1_default.acidtbl=2
		RECORDS_OUT_INTERMEDIATE=0
		RECORDS_OUT_OPERATOR_FS_6=2
		RECORDS_OUT_OPERATOR_SEL_5=2
		TOTAL_TABLE_ROWS_WRITTEN=2
	Shuffle Errors
		BAD_ID=0
		CONNECTION=0
		IO_ERROR=0
		WRONG_LENGTH=0
		WRONG_MAP=0
		WRONG_REDUCE=0
	File Output Format Counters 
		Bytes Written=0
2024-04-24T06:30:38,396  INFO [pool-379-thread-1] mapred.LocalJobRunner: Finishing task: attempt_local1126837961_0078_r_000000_0
2024-04-24T06:30:38,396  INFO [Thread-6563] mapred.LocalJobRunner: reduce task executor complete.
2024-04-24 06:30:39,319 Stage-1 map = 100%,  reduce = 100%
2024-04-24T06:30:39,319  INFO [main] exec.Task: 2024-04-24 06:30:39,319 Stage-1 map = 100%,  reduce = 100%
Ended Job = job_local1126837961_0078
2024-04-24T06:30:39,321  INFO [main] exec.Task: Ended Job = job_local1126837961_0078
2024-04-24T06:30:39,323  INFO [main] FileOperations: Found manifest file file:/home/alex/Repositories/hive/ql/target/tmp/org.apache.hadoop.hive.ql.TestTxnCommands-1713965238357/warehouse/acidtbl/_tmp.delta_0000002_0000002_0000/000000_0.manifest with attemptId 0.
2024-04-24T06:30:39,323  INFO [main] FileOperations: Looking at manifest file: file:/home/alex/Repositories/hive/ql/target/tmp/org.apache.hadoop.hive.ql.TestTxnCommands-1713965238357/warehouse/acidtbl/_tmp.delta_0000002_0000002_0000/000000_0.manifest
2024-04-24T06:30:39,323  INFO [main] FileOperations: Deleting manifest directory file:/home/alex/Repositories/hive/ql/target/tmp/org.apache.hadoop.hive.ql.TestTxnCommands-1713965238357/warehouse/acidtbl/_tmp.delta_0000002_0000002_0000
2024-04-24T06:30:39,324  INFO [main] ql.Driver: Starting task [Stage-0:MOVE] in serial mode
Loading data to table default.acidtbl
2024-04-24T06:30:39,324  INFO [main] exec.Task: Loading data to table default.acidtbl from file:/home/alex/Repositories/hive/ql/target/tmp/org.apache.hadoop.hive.ql.TestTxnCommands-1713965238357/warehouse/acidtbl
2024-04-24T06:30:39,324  INFO [main] HiveMetaStore.audit: ugi=alex	ip=unknown-ip-addr	cmd=get_table : tbl=hive.default.acidtbl	
2024-04-24T06:30:39,330  INFO [main] metastore.HMSHandler: Skipping translation for processor with null
2024-04-24T06:30:39,330  INFO [main] HiveMetaStore.audit: ugi=alex	ip=unknown-ip-addr	cmd=get_table : tbl=hive.default.acidtbl	
2024-04-24T06:30:39,337  INFO [main] metastore.HMSHandler: Skipping translation for processor with null
2024-04-24T06:30:39,338  INFO [main] HiveMetaStore.audit: ugi=alex	ip=unknown-ip-addr	cmd=alter_table: hive.default.acidtbl newtbl=acidtbl	
2024-04-24T06:30:39,358  INFO [main] ql.Driver: Starting task [Stage-2:STATS] in serial mode
2024-04-24T06:30:39,358  INFO [main] HiveMetaStore.audit: ugi=alex	ip=unknown-ip-addr	cmd=get_table : tbl=hive.default.acidtbl	
2024-04-24T06:30:39,364  INFO [main] metastore.HMSHandler: Skipping translation for processor with null
2024-04-24T06:30:39,364  INFO [main] stats.BasicStatsTask: Executing stats task
2024-04-24T06:30:39,364  INFO [main] fs.FSStatsPublisher: created : file:/home/alex/Repositories/hive/ql/target/tmp/localscratchdir/5826cd18-e5cb-45f7-81eb-ad190186b361/hive_2024-04-24_06-30-37_935_8752451077270579051-1/-mr-10000
2024-04-24T06:30:39,365  INFO [main] HiveMetaStore.audit: ugi=alex	ip=unknown-ip-addr	cmd=get_table : tbl=hive.default.acidtbl	
2024-04-24T06:30:39,371  INFO [main] metastore.HMSHandler: Skipping translation for processor with null
2024-04-24T06:30:39,389  WARN [main] FileOperations: Computing stats for an ACID table; stats may be inaccurate
2024-04-24T06:30:39,389  INFO [main] FileOperations: Read stats for default.acidtbl/, numRows, true, 2, false: 
2024-04-24T06:30:39,389  INFO [main] FileOperations: Read stats for default.acidtbl/, rawDataSize, true, 0, false: 
2024-04-24T06:30:39,389  INFO [main] HiveMetaStore.audit: ugi=alex	ip=unknown-ip-addr	cmd=alter_table: hive.default.acidtbl newtbl=acidtbl	
2024-04-24T06:30:39,407  INFO [main] FileOperations: Read stats for default.acidtbl/, insertCount, true, 2, false: 
2024-04-24T06:30:39,407  INFO [main] FileOperations: Read stats for default.acidtbl/, updateCount, true, 0, false: 
2024-04-24T06:30:39,407  INFO [main] FileOperations: Read stats for default.acidtbl/, deleteCount, true, 0, false: 
2024-04-24T06:30:39,408  INFO [main] stats.BasicStatsTask: Table default.acidtbl stats: [numFiles=3, numRows=3, totalSize=1978, rawDataSize=0, numFilesErasureCoded=0]
2024-04-24T06:30:39,408  INFO [main] metadata.Hive: Dumping metastore api call timing information for : execution phase
2024-04-24T06:30:39,408  INFO [main] metadata.Hive: Total time spent in each metastore function (ms): {alter_table_(String, String, String, Table, EnvironmentContext, String)=38, isCompatibleWith_(Configuration)=0, updateTransactionalStatistics_(UpdateTransactionalStatsRequest)=1, getTable_(GetTableRequest)=25}
MapReduce Jobs Launched: 
2024-04-24T06:30:39,408  INFO [main] ql.Driver: MapReduce Jobs Launched: 
Stage-Stage-1:  HDFS Read: 0 HDFS Write: 0 SUCCESS
2024-04-24T06:30:39,408  INFO [main] ql.Driver: Stage-Stage-1:  HDFS Read: 0 HDFS Write: 0 SUCCESS
Total MapReduce CPU Time Spent: 0 msec
2024-04-24T06:30:39,408  INFO [main] ql.Driver: Total MapReduce CPU Time Spent: 0 msec
2024-04-24T06:30:39,408  INFO [main] ql.Driver: Completed executing command(queryId=alex_20240424063036_cd16dded-6389-459a-a040-303b32478d5a); Time taken: 1.344 seconds
2024-04-24T06:30:39,408  INFO [main] lockmgr.DbTxnManager: Stopped heartbeat for query: alex_20240424063036_cd16dded-6389-459a-a040-303b32478d5a
2024-04-24T06:30:39,418  INFO [main] txn.TxnHandler: Removed transactions: ([14]) from MIN_HISTORY_LEVEL
2024-04-24T06:30:39,418  WARN [main] txn.CompactionTxnHandler: No compaction queue record found for Compaction type transaction commit. txnId:14
2024-04-24T06:30:39,419  INFO [main] ql.TxnCommandsBaseForTests: Running the query: update acidTbl set b = -1
2024-04-24T06:30:39,419  INFO [main] ql.Context: Deleting scratch dir: file:/home/alex/Repositories/hive/ql/target/tmp/localscratchdir/5826cd18-e5cb-45f7-81eb-ad190186b361/hive_2024-04-24_06-30-37_935_8752451077270579051-1
2024-04-24T06:30:39,420  INFO [main] cleanup.SyncCleanupService: Deleted directory: file:/home/alex/Repositories/hive/ql/target/tmp/localscratchdir/5826cd18-e5cb-45f7-81eb-ad190186b361/hive_2024-04-24_06-30-37_935_8752451077270579051-1 on fs with scheme file
2024-04-24T06:30:39,420  INFO [main] ql.Driver: Compiling command(queryId=alex_20240424063036_cd16dded-6389-459a-a040-303b32478d5a): update acidTbl set b = -1
2024-04-24T06:30:39,422  INFO [main] txn.TxnHandler: Added entries to MIN_HISTORY_LEVEL for current txns: ([15]) with min_open_txn: 15
2024-04-24T06:30:39,422  INFO [main] lockmgr.DbTxnManager: Opened txnid:15
2024-04-24T06:30:39,423  INFO [main] parse.UpdateDeleteSemanticAnalyzer: Starting caching scope for: alex_20240424063036_cd16dded-6389-459a-a040-303b32478d5a
2024-04-24T06:30:39,423  INFO [main] HiveMetaStore.audit: ugi=alex	ip=unknown-ip-addr	cmd=get_table : tbl=hive.default.acidTbl	
2024-04-24T06:30:39,428  INFO [main] metastore.HMSHandler: Skipping translation for processor with null
2024-04-24T06:30:39,429  INFO [main] parse.RewriteSemanticAnalyzer: Going to reparse <update acidTbl set b = -1> as 
<insert into table `default`.`acidTbl` select ROW__ID,`a`,`b` from `default`.`acidTbl` sort by ROW__ID >
2024-04-24T06:30:39,429  INFO [main] parse.UpdateDeleteSemanticAnalyzer: Starting Semantic Analysis
2024-04-24T06:30:39,432  INFO [main] HiveMetaStore.audit: ugi=alex	ip=unknown-ip-addr	cmd=get_table : tbl=hive.default.acidTbl	
2024-04-24T06:30:39,438  INFO [main] metastore.HMSHandler: Skipping translation for processor with null
2024-04-24T06:30:39,438  INFO [main] parse.UpdateDeleteSemanticAnalyzer: Completed phase 1 of Semantic Analysis
2024-04-24T06:30:39,438  INFO [main] parse.UpdateDeleteSemanticAnalyzer: Get metadata for source tables
2024-04-24T06:30:39,439  INFO [main] HiveMetaStore.audit: ugi=alex	ip=unknown-ip-addr	cmd=get_table : tbl=hive.default.acidtbl	
2024-04-24T06:30:39,445  INFO [main] metastore.HMSHandler: Skipping translation for processor with null
2024-04-24T06:30:39,445  INFO [main] parse.UpdateDeleteSemanticAnalyzer: Get metadata for subqueries
2024-04-24T06:30:39,445  INFO [main] parse.UpdateDeleteSemanticAnalyzer: Get metadata for destination tables
2024-04-24T06:30:39,445  INFO [main] parse.UpdateDeleteSemanticAnalyzer: Completed getting MetaData in Semantic Analysis
2024-04-24T06:30:39,445  INFO [main] parse.UpdateDeleteSemanticAnalyzer: Disabling LLAP IO encode as ETL query is detected
2024-04-24T06:30:39,456  INFO [main] HiveMetaStore.audit: ugi=alex	ip=unknown-ip-addr	cmd=get_all_table_constraints : tbl=hive.default.acidtbl	
2024-04-24T06:30:39,463  INFO [main] HiveMetaStore.audit: ugi=alex	ip=unknown-ip-addr	cmd=get_not_null_constraints : tbl=hive.default.acidtbl	
2024-04-24T06:30:39,464  INFO [main] HiveMetaStore.audit: ugi=alex	ip=unknown-ip-addr	cmd=get_check_constraints : tbl=hive.default.acidtbl	
2024-04-24T06:30:39,487  INFO [main] calcite.RelOptHiveTable: Calculating column statistics for default.acidtbl, projIndxSet: [0], allowMissingStats: true
2024-04-24T06:30:39,487  INFO [main] HiveMetaStore.audit: ugi=alex	ip=unknown-ip-addr	cmd=get_table : tbl=hive.default.acidtbl	
2024-04-24T06:30:39,500  INFO [main] metastore.HMSHandler: Skipping translation for processor with null
2024-04-24T06:30:39,500  INFO [main] HiveMetaStore.audit: ugi=alex	ip=unknown-ip-addr	cmd=get_table : tbl=hive.default.acidtbl	
2024-04-24T06:30:39,509  INFO [main] metastore.HMSHandler: Skipping translation for processor with null
2024-04-24T06:30:39,509  INFO [main] HiveMetaStore.audit: ugi=alex	ip=unknown-ip-addr	cmd=get_table_statistics_req: table=hive.default.acidtbl	
2024-04-24T06:30:39,520  WARN [main] calcite.RelOptHiveTable: No Stats for default@acidtbl, Columns: a
No Stats for default@acidtbl, Columns: a
2024-04-24T06:30:39,520  INFO [main] SessionState: No Stats for default@acidtbl, Columns: a
2024-04-24T06:30:39,564  INFO [main] parse.UpdateDeleteSemanticAnalyzer: Get metadata for source tables
2024-04-24T06:30:39,564  INFO [main] parse.UpdateDeleteSemanticAnalyzer: Get metadata for subqueries
2024-04-24T06:30:39,564  INFO [main] parse.UpdateDeleteSemanticAnalyzer: Get metadata for destination tables
2024-04-24T06:30:39,566 ERROR [main] parse.UpdateDeleteSemanticAnalyzer: CBO failed, skipping CBO. 
org.apache.hadoop.hive.ql.exec.NoMatchingMethodException: No matching method for class org.apache.hadoop.hive.ql.udf.UDFToInteger with (struct<writeid:bigint,bucketid:int,rowid:bigint>). Possible choices: _FUNC_(bigint)  _FUNC_(boolean)  _FUNC_(decimal(38,18))  _FUNC_(double)  _FUNC_(float)  _FUNC_(smallint)  _FUNC_(string)  _FUNC_(struct<writeid:int,bucketid:bigint,rowid:bigint>)  _FUNC_(timestamp)  _FUNC_(tinyint)  _FUNC_(void)  
	at org.apache.hadoop.hive.ql.exec.MethodUtils.getMethodInternal(MethodUtils.java:130) ~[classes/:?]
	at org.apache.hadoop.hive.ql.exec.MethodUtils.getMethodInternal(MethodUtils.java:60) ~[classes/:?]
	at org.apache.hadoop.hive.ql.exec.DefaultUDFMethodResolver.getEvalMethod(DefaultUDFMethodResolver.java:59) ~[classes/:?]
	at org.apache.hadoop.hive.ql.udf.TimestampCastRestrictorResolver.getEvalMethod(TimestampCastRestrictorResolver.java:68) ~[classes/:?]
	at org.apache.hadoop.hive.ql.udf.generic.GenericUDFBridge.initialize(GenericUDFBridge.java:168) ~[classes/:?]
	at org.apache.hadoop.hive.ql.udf.generic.GenericUDF.initializeAndFoldConstants(GenericUDF.java:149) ~[classes/:?]
	at org.apache.hadoop.hive.ql.plan.ExprNodeGenericFuncDesc.newInstance(ExprNodeGenericFuncDesc.java:235) ~[classes/:?]
	at org.apache.hadoop.hive.ql.parse.type.ExprNodeDescExprFactory.createFuncCallExpr(ExprNodeDescExprFactory.java:584) ~[classes/:?]
	at org.apache.hadoop.hive.ql.parse.type.ExprNodeDescExprFactory.createFuncCallExpr(ExprNodeDescExprFactory.java:97) ~[classes/:?]
	at org.apache.hadoop.hive.ql.parse.type.TypeCheckProcFactory$DefaultExprProcessor.getFuncExprNodeDescWithUdfData(TypeCheckProcFactory.java:762) ~[classes/:?]
	at org.apache.hadoop.hive.ql.parse.type.TypeCheckProcFactory$DefaultExprProcessor.createConversionCast(TypeCheckProcFactory.java:783) ~[classes/:?]
	at org.apache.hadoop.hive.ql.parse.SemanticAnalyzer.getPartitionColsFromBucketColsForUpdateDelete(SemanticAnalyzer.java:8725) ~[classes/:?]
	at org.apache.hadoop.hive.ql.parse.SemanticAnalyzer.genBucketingSortingDest(SemanticAnalyzer.java:6906) ~[classes/:?]
	at org.apache.hadoop.hive.ql.parse.SemanticAnalyzer.genFileSinkPlan(SemanticAnalyzer.java:7335) ~[classes/:?]
	at org.apache.hadoop.hive.ql.parse.SemanticAnalyzer.genPostGroupByBodyPlan(SemanticAnalyzer.java:11063) ~[classes/:?]
	at org.apache.hadoop.hive.ql.parse.SemanticAnalyzer.genBodyPlan(SemanticAnalyzer.java:10938) ~[classes/:?]
	at org.apache.hadoop.hive.ql.parse.SemanticAnalyzer.genPlan(SemanticAnalyzer.java:11853) ~[classes/:?]
	at org.apache.hadoop.hive.ql.parse.SemanticAnalyzer.genPlan(SemanticAnalyzer.java:11723) ~[classes/:?]
	at org.apache.hadoop.hive.ql.parse.CalcitePlanner.genOPTree(CalcitePlanner.java:626) ~[classes/:?]
	at org.apache.hadoop.hive.ql.parse.SemanticAnalyzer.analyzeInternal(SemanticAnalyzer.java:12558) ~[classes/:?]
	at org.apache.hadoop.hive.ql.parse.CalcitePlanner.analyzeInternal(CalcitePlanner.java:456) ~[classes/:?]
	at org.apache.hadoop.hive.ql.parse.RewriteSemanticAnalyzer.analyzeInternal(RewriteSemanticAnalyzer.java:67) ~[classes/:?]
	at org.apache.hadoop.hive.ql.parse.BaseSemanticAnalyzer.analyze(BaseSemanticAnalyzer.java:317) ~[classes/:?]
	at org.apache.hadoop.hive.ql.parse.UpdateDeleteSemanticAnalyzer.reparseAndSuperAnalyze(UpdateDeleteSemanticAnalyzer.java:208) ~[classes/:?]
	at org.apache.hadoop.hive.ql.parse.UpdateDeleteSemanticAnalyzer.analyzeUpdate(UpdateDeleteSemanticAnalyzer.java:63) ~[classes/:?]
	at org.apache.hadoop.hive.ql.parse.UpdateDeleteSemanticAnalyzer.analyze(UpdateDeleteSemanticAnalyzer.java:53) ~[classes/:?]
	at org.apache.hadoop.hive.ql.parse.RewriteSemanticAnalyzer.analyzeInternal(RewriteSemanticAnalyzer.java:72) ~[classes/:?]
	at org.apache.hadoop.hive.ql.parse.BaseSemanticAnalyzer.analyze(BaseSemanticAnalyzer.java:317) ~[classes/:?]
	at org.apache.hadoop.hive.ql.Compiler.analyze(Compiler.java:223) ~[classes/:?]
	at org.apache.hadoop.hive.ql.Compiler.compile(Compiler.java:105) ~[classes/:?]
	at org.apache.hadoop.hive.ql.Driver.compile(Driver.java:500) ~[classes/:?]
	at org.apache.hadoop.hive.ql.Driver.compileInternal(Driver.java:453) ~[classes/:?]
	at org.apache.hadoop.hive.ql.Driver.runInternal(Driver.java:181) ~[classes/:?]
	at org.apache.hadoop.hive.ql.Driver.run(Driver.java:153) ~[classes/:?]
	at org.apache.hadoop.hive.ql.Driver.run(Driver.java:140) ~[classes/:?]
	at org.apache.hadoop.hive.ql.TxnCommandsBaseForTests.runStatementOnDriver(TxnCommandsBaseForTests.java:245) ~[test-classes/:?]
	at org.apache.hadoop.hive.ql.TestTxnCommands.testMoreBucketsThanReducers(TestTxnCommands.java:1429) ~[test-classes/:?]
	at sun.reflect.NativeMethodAccessorImpl.invoke0(Native Method) ~[?:1.8.0_402]
	at sun.reflect.NativeMethodAccessorImpl.invoke(NativeMethodAccessorImpl.java:62) ~[?:1.8.0_402]
	at sun.reflect.DelegatingMethodAccessorImpl.invoke(DelegatingMethodAccessorImpl.java:43) ~[?:1.8.0_402]
	at java.lang.reflect.Method.invoke(Method.java:498) ~[?:1.8.0_402]
	at org.junit.runners.model.FrameworkMethod$1.runReflectiveCall(FrameworkMethod.java:59) ~[junit-4.13.jar:4.13]
	at org.junit.internal.runners.model.ReflectiveCallable.run(ReflectiveCallable.java:12) ~[junit-4.13.jar:4.13]
	at org.junit.runners.model.FrameworkMethod.invokeExplosively(FrameworkMethod.java:56) ~[junit-4.13.jar:4.13]
	at org.junit.internal.runners.statements.InvokeMethod.evaluate(InvokeMethod.java:17) ~[junit-4.13.jar:4.13]
	at org.junit.internal.runners.statements.RunBefores.evaluate(RunBefores.java:26) ~[junit-4.13.jar:4.13]
	at org.junit.internal.runners.statements.RunAfters.evaluate(RunAfters.java:27) ~[junit-4.13.jar:4.13]
	at org.junit.rules.TestWatcher$1.evaluate(TestWatcher.java:61) ~[junit-4.13.jar:4.13]
	at org.junit.runners.ParentRunner$3.evaluate(ParentRunner.java:306) ~[junit-4.13.jar:4.13]
	at org.junit.runners.BlockJUnit4ClassRunner$1.evaluate(BlockJUnit4ClassRunner.java:100) ~[junit-4.13.jar:4.13]
	at org.junit.runners.ParentRunner.runLeaf(ParentRunner.java:366) ~[junit-4.13.jar:4.13]
	at org.junit.runners.BlockJUnit4ClassRunner.runChild(BlockJUnit4ClassRunner.java:103) ~[junit-4.13.jar:4.13]
	at org.junit.runners.BlockJUnit4ClassRunner.runChild(BlockJUnit4ClassRunner.java:63) ~[junit-4.13.jar:4.13]
	at org.junit.runners.ParentRunner$4.run(ParentRunner.java:331) ~[junit-4.13.jar:4.13]
	at org.junit.runners.ParentRunner$1.schedule(ParentRunner.java:79) ~[junit-4.13.jar:4.13]
	at org.junit.runners.ParentRunner.runChildren(ParentRunner.java:329) ~[junit-4.13.jar:4.13]
	at org.junit.runners.ParentRunner.access$100(ParentRunner.java:66) ~[junit-4.13.jar:4.13]
	at org.junit.runners.ParentRunner$2.evaluate(ParentRunner.java:293) ~[junit-4.13.jar:4.13]
	at org.junit.runners.ParentRunner$3.evaluate(ParentRunner.java:306) ~[junit-4.13.jar:4.13]
	at org.junit.runners.ParentRunner.run(ParentRunner.java:413) ~[junit-4.13.jar:4.13]
	at org.junit.runner.JUnitCore.run(JUnitCore.java:137) ~[junit-4.13.jar:4.13]
	at org.junit.runner.JUnitCore.run(JUnitCore.java:115) ~[junit-4.13.jar:4.13]
	at org.junit.vintage.engine.execution.RunnerExecutor.execute(RunnerExecutor.java:43) ~[junit-vintage-engine-5.6.2.jar:5.6.2]
	at java.util.stream.ForEachOps$ForEachOp$OfRef.accept(ForEachOps.java:183) ~[?:1.8.0_402]
	at java.util.stream.ReferencePipeline$3$1.accept(ReferencePipeline.java:193) ~[?:1.8.0_402]
	at java.util.Iterator.forEachRemaining(Iterator.java:116) ~[?:1.8.0_402]
	at java.util.Spliterators$IteratorSpliterator.forEachRemaining(Spliterators.java:1801) ~[?:1.8.0_402]
	at java.util.stream.AbstractPipeline.copyInto(AbstractPipeline.java:482) ~[?:1.8.0_402]
	at java.util.stream.AbstractPipeline.wrapAndCopyInto(AbstractPipeline.java:472) ~[?:1.8.0_402]
	at java.util.stream.ForEachOps$ForEachOp.evaluateSequential(ForEachOps.java:150) ~[?:1.8.0_402]
	at java.util.stream.ForEachOps$ForEachOp$OfRef.evaluateSequential(ForEachOps.java:173) ~[?:1.8.0_402]
	at java.util.stream.AbstractPipeline.evaluate(AbstractPipeline.java:234) ~[?:1.8.0_402]
	at java.util.stream.ReferencePipeline.forEach(ReferencePipeline.java:485) ~[?:1.8.0_402]
	at org.junit.vintage.engine.VintageTestEngine.executeAllChildren(VintageTestEngine.java:82) ~[junit-vintage-engine-5.6.2.jar:5.6.2]
	at org.junit.vintage.engine.VintageTestEngine.execute(VintageTestEngine.java:73) ~[junit-vintage-engine-5.6.2.jar:5.6.2]
	at org.junit.platform.launcher.core.DefaultLauncher.execute(DefaultLauncher.java:248) ~[junit-platform-launcher-1.6.2.jar:1.6.2]
	at org.junit.platform.launcher.core.DefaultLauncher.lambda$execute$5(DefaultLauncher.java:211) ~[junit-platform-launcher-1.6.2.jar:1.6.2]
	at org.junit.platform.launcher.core.DefaultLauncher.withInterceptedStreams(DefaultLauncher.java:226) [junit-platform-launcher-1.6.2.jar:1.6.2]
	at org.junit.platform.launcher.core.DefaultLauncher.execute(DefaultLauncher.java:199) [junit-platform-launcher-1.6.2.jar:1.6.2]
	at org.junit.platform.launcher.core.DefaultLauncher.execute(DefaultLauncher.java:132) [junit-platform-launcher-1.6.2.jar:1.6.2]
	at org.apache.maven.surefire.junitplatform.JUnitPlatformProvider.invokeAllTests(JUnitPlatformProvider.java:154) [surefire-junit-platform-3.0.0-M4.jar:3.0.0-M4]
	at org.apache.maven.surefire.junitplatform.JUnitPlatformProvider.invoke(JUnitPlatformProvider.java:123) [surefire-junit-platform-3.0.0-M4.jar:3.0.0-M4]
	at org.apache.maven.surefire.booter.ForkedBooter.runSuitesInProcess(ForkedBooter.java:377) [surefire-booter-3.0.0-M4.jar:3.0.0-M4]
	at org.apache.maven.surefire.booter.ForkedBooter.execute(ForkedBooter.java:138) [surefire-booter-3.0.0-M4.jar:3.0.0-M4]
	at org.apache.maven.surefire.booter.ForkedBooter.run(ForkedBooter.java:465) [surefire-booter-3.0.0-M4.jar:3.0.0-M4]
	at org.apache.maven.surefire.booter.ForkedBooter.main(ForkedBooter.java:451) [surefire-booter-3.0.0-M4.jar:3.0.0-M4]
2024-04-24T06:30:39,567 ERROR [main] parse.UpdateDeleteSemanticAnalyzer: CBO failed due to missing column stats (see previous errors), skipping CBO
2024-04-24T06:30:39,567  INFO [main] parse.UpdateDeleteSemanticAnalyzer: Ending caching scope for: alex_20240424063036_cd16dded-6389-459a-a040-303b32478d5a
FAILED: NoMatchingMethodException No matching method for class org.apache.hadoop.hive.ql.udf.UDFToInteger with (struct<writeid:bigint,bucketid:int,rowid:bigint>). Possible choices: _FUNC_(bigint)  _FUNC_(boolean)  _FUNC_(decimal(38,18))  _FUNC_(double)  _FUNC_(float)  _FUNC_(smallint)  _FUNC_(string)  _FUNC_(struct<writeid:int,bucketid:bigint,rowid:bigint>)  _FUNC_(timestamp)  _FUNC_(tinyint)  _FUNC_(void)  
2024-04-24T06:30:39,567 ERROR [main] ql.Driver: FAILED: NoMatchingMethodException No matching method for class org.apache.hadoop.hive.ql.udf.UDFToInteger with (struct<writeid:bigint,bucketid:int,rowid:bigint>). Possible choices: _FUNC_(bigint)  _FUNC_(boolean)  _FUNC_(decimal(38,18))  _FUNC_(double)  _FUNC_(float)  _FUNC_(smallint)  _FUNC_(string)  _FUNC_(struct<writeid:int,bucketid:bigint,rowid:bigint>)  _FUNC_(timestamp)  _FUNC_(tinyint)  _FUNC_(void)  
org.apache.hadoop.hive.ql.exec.NoMatchingMethodException: No matching method for class org.apache.hadoop.hive.ql.udf.UDFToInteger with (struct<writeid:bigint,bucketid:int,rowid:bigint>). Possible choices: _FUNC_(bigint)  _FUNC_(boolean)  _FUNC_(decimal(38,18))  _FUNC_(double)  _FUNC_(float)  _FUNC_(smallint)  _FUNC_(string)  _FUNC_(struct<writeid:int,bucketid:bigint,rowid:bigint>)  _FUNC_(timestamp)  _FUNC_(tinyint)  _FUNC_(void)  
	at org.apache.hadoop.hive.ql.exec.MethodUtils.getMethodInternal(MethodUtils.java:130)
	at org.apache.hadoop.hive.ql.exec.MethodUtils.getMethodInternal(MethodUtils.java:60)
	at org.apache.hadoop.hive.ql.exec.DefaultUDFMethodResolver.getEvalMethod(DefaultUDFMethodResolver.java:59)
	at org.apache.hadoop.hive.ql.udf.TimestampCastRestrictorResolver.getEvalMethod(TimestampCastRestrictorResolver.java:68)
	at org.apache.hadoop.hive.ql.udf.generic.GenericUDFBridge.initialize(GenericUDFBridge.java:168)
	at org.apache.hadoop.hive.ql.udf.generic.GenericUDF.initializeAndFoldConstants(GenericUDF.java:149)
	at org.apache.hadoop.hive.ql.plan.ExprNodeGenericFuncDesc.newInstance(ExprNodeGenericFuncDesc.java:235)
	at org.apache.hadoop.hive.ql.parse.type.ExprNodeDescExprFactory.createFuncCallExpr(ExprNodeDescExprFactory.java:584)
	at org.apache.hadoop.hive.ql.parse.type.ExprNodeDescExprFactory.createFuncCallExpr(ExprNodeDescExprFactory.java:97)
	at org.apache.hadoop.hive.ql.parse.type.TypeCheckProcFactory$DefaultExprProcessor.getFuncExprNodeDescWithUdfData(TypeCheckProcFactory.java:762)
	at org.apache.hadoop.hive.ql.parse.type.TypeCheckProcFactory$DefaultExprProcessor.createConversionCast(TypeCheckProcFactory.java:783)
	at org.apache.hadoop.hive.ql.parse.SemanticAnalyzer.getPartitionColsFromBucketColsForUpdateDelete(SemanticAnalyzer.java:8725)
	at org.apache.hadoop.hive.ql.parse.SemanticAnalyzer.genBucketingSortingDest(SemanticAnalyzer.java:6906)
	at org.apache.hadoop.hive.ql.parse.SemanticAnalyzer.genFileSinkPlan(SemanticAnalyzer.java:7335)
	at org.apache.hadoop.hive.ql.parse.SemanticAnalyzer.genPostGroupByBodyPlan(SemanticAnalyzer.java:11063)
	at org.apache.hadoop.hive.ql.parse.SemanticAnalyzer.genBodyPlan(SemanticAnalyzer.java:10938)
	at org.apache.hadoop.hive.ql.parse.SemanticAnalyzer.genPlan(SemanticAnalyzer.java:11853)
	at org.apache.hadoop.hive.ql.parse.SemanticAnalyzer.genPlan(SemanticAnalyzer.java:11723)
	at org.apache.hadoop.hive.ql.parse.CalcitePlanner.genOPTree(CalcitePlanner.java:626)
	at org.apache.hadoop.hive.ql.parse.SemanticAnalyzer.analyzeInternal(SemanticAnalyzer.java:12558)
	at org.apache.hadoop.hive.ql.parse.CalcitePlanner.analyzeInternal(CalcitePlanner.java:456)
	at org.apache.hadoop.hive.ql.parse.RewriteSemanticAnalyzer.analyzeInternal(RewriteSemanticAnalyzer.java:67)
	at org.apache.hadoop.hive.ql.parse.BaseSemanticAnalyzer.analyze(BaseSemanticAnalyzer.java:317)
	at org.apache.hadoop.hive.ql.parse.UpdateDeleteSemanticAnalyzer.reparseAndSuperAnalyze(UpdateDeleteSemanticAnalyzer.java:208)
	at org.apache.hadoop.hive.ql.parse.UpdateDeleteSemanticAnalyzer.analyzeUpdate(UpdateDeleteSemanticAnalyzer.java:63)
	at org.apache.hadoop.hive.ql.parse.UpdateDeleteSemanticAnalyzer.analyze(UpdateDeleteSemanticAnalyzer.java:53)
	at org.apache.hadoop.hive.ql.parse.RewriteSemanticAnalyzer.analyzeInternal(RewriteSemanticAnalyzer.java:72)
	at org.apache.hadoop.hive.ql.parse.BaseSemanticAnalyzer.analyze(BaseSemanticAnalyzer.java:317)
	at org.apache.hadoop.hive.ql.Compiler.analyze(Compiler.java:223)
	at org.apache.hadoop.hive.ql.Compiler.compile(Compiler.java:105)
	at org.apache.hadoop.hive.ql.Driver.compile(Driver.java:500)
	at org.apache.hadoop.hive.ql.Driver.compileInternal(Driver.java:453)
	at org.apache.hadoop.hive.ql.Driver.runInternal(Driver.java:181)
	at org.apache.hadoop.hive.ql.Driver.run(Driver.java:153)
	at org.apache.hadoop.hive.ql.Driver.run(Driver.java:140)
	at org.apache.hadoop.hive.ql.TxnCommandsBaseForTests.runStatementOnDriver(TxnCommandsBaseForTests.java:245)
	at org.apache.hadoop.hive.ql.TestTxnCommands.testMoreBucketsThanReducers(TestTxnCommands.java:1429)
	at sun.reflect.NativeMethodAccessorImpl.invoke0(Native Method)
	at sun.reflect.NativeMethodAccessorImpl.invoke(NativeMethodAccessorImpl.java:62)
	at sun.reflect.DelegatingMethodAccessorImpl.invoke(DelegatingMethodAccessorImpl.java:43)
	at java.lang.reflect.Method.invoke(Method.java:498)
	at org.junit.runners.model.FrameworkMethod$1.runReflectiveCall(FrameworkMethod.java:59)
	at org.junit.internal.runners.model.ReflectiveCallable.run(ReflectiveCallable.java:12)
	at org.junit.runners.model.FrameworkMethod.invokeExplosively(FrameworkMethod.java:56)
	at org.junit.internal.runners.statements.InvokeMethod.evaluate(InvokeMethod.java:17)
	at org.junit.internal.runners.statements.RunBefores.evaluate(RunBefores.java:26)
	at org.junit.internal.runners.statements.RunAfters.evaluate(RunAfters.java:27)
	at org.junit.rules.TestWatcher$1.evaluate(TestWatcher.java:61)
	at org.junit.runners.ParentRunner$3.evaluate(ParentRunner.java:306)
	at org.junit.runners.BlockJUnit4ClassRunner$1.evaluate(BlockJUnit4ClassRunner.java:100)
	at org.junit.runners.ParentRunner.runLeaf(ParentRunner.java:366)
	at org.junit.runners.BlockJUnit4ClassRunner.runChild(BlockJUnit4ClassRunner.java:103)
	at org.junit.runners.BlockJUnit4ClassRunner.runChild(BlockJUnit4ClassRunner.java:63)
	at org.junit.runners.ParentRunner$4.run(ParentRunner.java:331)
	at org.junit.runners.ParentRunner$1.schedule(ParentRunner.java:79)
	at org.junit.runners.ParentRunner.runChildren(ParentRunner.java:329)
	at org.junit.runners.ParentRunner.access$100(ParentRunner.java:66)
	at org.junit.runners.ParentRunner$2.evaluate(ParentRunner.java:293)
	at org.junit.runners.ParentRunner$3.evaluate(ParentRunner.java:306)
	at org.junit.runners.ParentRunner.run(ParentRunner.java:413)
	at org.junit.runner.JUnitCore.run(JUnitCore.java:137)
	at org.junit.runner.JUnitCore.run(JUnitCore.java:115)
	at org.junit.vintage.engine.execution.RunnerExecutor.execute(RunnerExecutor.java:43)
	at java.util.stream.ForEachOps$ForEachOp$OfRef.accept(ForEachOps.java:183)
	at java.util.stream.ReferencePipeline$3$1.accept(ReferencePipeline.java:193)
	at java.util.Iterator.forEachRemaining(Iterator.java:116)
	at java.util.Spliterators$IteratorSpliterator.forEachRemaining(Spliterators.java:1801)
	at java.util.stream.AbstractPipeline.copyInto(AbstractPipeline.java:482)
	at java.util.stream.AbstractPipeline.wrapAndCopyInto(AbstractPipeline.java:472)
	at java.util.stream.ForEachOps$ForEachOp.evaluateSequential(ForEachOps.java:150)
	at java.util.stream.ForEachOps$ForEachOp$OfRef.evaluateSequential(ForEachOps.java:173)
	at java.util.stream.AbstractPipeline.evaluate(AbstractPipeline.java:234)
	at java.util.stream.ReferencePipeline.forEach(ReferencePipeline.java:485)
	at org.junit.vintage.engine.VintageTestEngine.executeAllChildren(VintageTestEngine.java:82)
	at org.junit.vintage.engine.VintageTestEngine.execute(VintageTestEngine.java:73)
	at org.junit.platform.launcher.core.DefaultLauncher.execute(DefaultLauncher.java:248)
	at org.junit.platform.launcher.core.DefaultLauncher.lambda$execute$5(DefaultLauncher.java:211)
	at org.junit.platform.launcher.core.DefaultLauncher.withInterceptedStreams(DefaultLauncher.java:226)
	at org.junit.platform.launcher.core.DefaultLauncher.execute(DefaultLauncher.java:199)
	at org.junit.platform.launcher.core.DefaultLauncher.execute(DefaultLauncher.java:132)
	at org.apache.maven.surefire.junitplatform.JUnitPlatformProvider.invokeAllTests(JUnitPlatformProvider.java:154)
	at org.apache.maven.surefire.junitplatform.JUnitPlatformProvider.invoke(JUnitPlatformProvider.java:123)
	at org.apache.maven.surefire.booter.ForkedBooter.runSuitesInProcess(ForkedBooter.java:377)
	at org.apache.maven.surefire.booter.ForkedBooter.execute(ForkedBooter.java:138)
	at org.apache.maven.surefire.booter.ForkedBooter.run(ForkedBooter.java:465)
	at org.apache.maven.surefire.booter.ForkedBooter.main(ForkedBooter.java:451)

2024-04-24T06:30:39,567  INFO [main] metadata.Hive: Dumping metastore api call timing information for : compilation phase
2024-04-24T06:30:39,567  INFO [main] metadata.Hive: Total time spent in each metastore function (ms): {getValidWriteIds_(List, String)=4, getTableColumnStatistics_(String, String, List, String)=33, isCompatibleWith_(Configuration)=1, commitTxn_(CommitTxnRequest)=10, getCheckConstraints_(CheckConstraintsRequest)=1, openTxn_(String, TxnType)=2, getTable_(GetTableRequest)=17, getValidTxns_(long)=1, flushCache_()=0, getNotNullConstraints_(NotNullConstraintsRequest)=1, getAllTableConstraints_(AllTableConstraintsRequest)=4}
2024-04-24T06:30:39,568  INFO [main] ql.Driver: Completed compiling command(queryId=alex_20240424063036_cd16dded-6389-459a-a040-303b32478d5a); Time taken: 0.147 seconds
2024-04-24T06:30:39,568  INFO [main] lockmgr.DbTxnManager: Stopped heartbeat for query: alex_20240424063036_cd16dded-6389-459a-a040-303b32478d5a
2024-04-24T06:30:39,571  INFO [main] txn.TxnHandler: Removed transactions: ([15]) from MIN_HISTORY_LEVEL
2024-04-24T06:30:39,578  INFO [main] ql.TxnCommandsBaseForTests: Running the query: drop table if exists acidTbl
2024-04-24T06:30:39,578  INFO [main] ql.Driver: Compiling command(queryId=alex_20240424063036_cd16dded-6389-459a-a040-303b32478d5a): drop table if exists acidTbl
2024-04-24T06:30:39,581  INFO [main] txn.TxnHandler: Added entries to MIN_HISTORY_LEVEL for current txns: ([16]) with min_open_txn: 15
2024-04-24T06:30:39,582  INFO [main] lockmgr.DbTxnManager: Opened txnid:16
2024-04-24T06:30:39,582  INFO [main] HiveMetaStore.audit: ugi=alex	ip=unknown-ip-addr	cmd=get_table : tbl=hive.default.acidTbl	
2024-04-24T06:30:39,588  INFO [main] metastore.HMSHandler: Skipping translation for processor with null
2024-04-24T06:30:39,588  INFO [main] ql.Driver: Semantic Analysis Completed (retrial = false)
2024-04-24T06:30:39,588  INFO [main] ql.Driver: Created Hive schema: Schema(fieldSchemas:null, properties:null)
2024-04-24T06:30:39,588  INFO [main] metadata.Hive: Dumping metastore api call timing information for : compilation phase
2024-04-24T06:30:39,588  INFO [main] metadata.Hive: Total time spent in each metastore function (ms): {openTxn_(String, TxnType)=4, getValidTxns_(long)=0, getTable_(GetTableRequest)=6, isCompatibleWith_(Configuration)=0, rollbackTxn_(long)=10, flushCache_()=0}
2024-04-24T06:30:39,588  INFO [main] ql.Driver: Completed compiling command(queryId=alex_20240424063036_cd16dded-6389-459a-a040-303b32478d5a); Time taken: 0.01 seconds
2024-04-24T06:30:39,588  INFO [main] lockmgr.DbTxnManager: Setting lock request transaction to txnid:16 for queryId=alex_20240424063036_cd16dded-6389-459a-a040-303b32478d5a
2024-04-24T06:30:39,589  INFO [main] lockmgr.DbLockManager: Requesting lock for queryId=alex_20240424063036_cd16dded-6389-459a-a040-303b32478d5a
2024-04-24T06:30:39,602  INFO [main] lockmgr.DbLockManager: Response to queryId=alex_20240424063036_cd16dded-6389-459a-a040-303b32478d5a LockResponse(lockid:9, state:ACQUIRED)
2024-04-24T06:30:39,603  INFO [main] ql.Driver: Operation DROPTABLE obtained 1 locks
2024-04-24T06:30:39,603  INFO [main] ql.Driver: Executing command(queryId=alex_20240424063036_cd16dded-6389-459a-a040-303b32478d5a): drop table if exists acidTbl
2024-04-24T06:30:39,603  INFO [main] ql.Driver: Starting task [Stage-0:DDL] in serial mode
2024-04-24T06:30:39,603  INFO [main] HiveMetaStore.audit: ugi=alex	ip=unknown-ip-addr	cmd=get_table : tbl=hive.default.acidTbl	
2024-04-24T06:30:39,608  INFO [main] metastore.HMSHandler: Skipping translation for processor with null
2024-04-24T06:30:39,609  INFO [main] HiveMetaStore.audit: ugi=alex	ip=unknown-ip-addr	cmd=get_table : tbl=hive.default.acidTbl	
2024-04-24T06:30:39,614  INFO [main] metastore.HMSHandler: Skipping translation for processor with null
2024-04-24T06:30:39,614  INFO [main] HiveMetaStore.audit: ugi=alex	ip=unknown-ip-addr	cmd=drop_table : tbl=hive.default.acidTbl	
2024-04-24T06:30:39,708  INFO [main] metadata.Hive: Dumping metastore api call timing information for : execution phase
2024-04-24T06:30:39,708  INFO [main] metadata.Hive: Total time spent in each metastore function (ms): {isCompatibleWith_(Configuration)=0, getTable_(GetTableRequest)=5, dropTable_(String, String, boolean, boolean, boolean)=100}
2024-04-24T06:30:39,709  INFO [main] ql.Driver: Completed executing command(queryId=alex_20240424063036_cd16dded-6389-459a-a040-303b32478d5a); Time taken: 0.105 seconds
2024-04-24T06:30:39,709  INFO [main] lockmgr.DbTxnManager: Stopped heartbeat for query: alex_20240424063036_cd16dded-6389-459a-a040-303b32478d5a
2024-04-24T06:30:39,713  INFO [main] txn.TxnHandler: Expected to move at least one record from txn_components to completed_txn_components when committing txn! txnid:16
2024-04-24T06:30:39,719  INFO [main] txn.TxnHandler: Removed transactions: ([16]) from MIN_HISTORY_LEVEL
2024-04-24T06:30:39,720  WARN [main] txn.CompactionTxnHandler: No compaction queue record found for Compaction type transaction commit. txnId:16
2024-04-24T06:30:39,721  INFO [main] ql.TxnCommandsBaseForTests: Running the query: drop table if exists acidTblPart
2024-04-24T06:30:39,721  INFO [main] ql.Driver: Compiling command(queryId=alex_20240424063036_cd16dded-6389-459a-a040-303b32478d5a): drop table if exists acidTblPart
2024-04-24T06:30:39,729  INFO [main] txn.TxnHandler: Added entries to MIN_HISTORY_LEVEL for current txns: ([17]) with min_open_txn: 15
2024-04-24T06:30:39,729  INFO [main] lockmgr.DbTxnManager: Opened txnid:17
2024-04-24T06:30:39,731  INFO [main] HiveMetaStore.audit: ugi=alex	ip=unknown-ip-addr	cmd=get_table : tbl=hive.default.acidTblPart	
2024-04-24T06:30:39,747  INFO [main] metastore.HMSHandler: Skipping translation for processor with null
2024-04-24T06:30:39,747  INFO [main] ql.Driver: Semantic Analysis Completed (retrial = false)
2024-04-24T06:30:39,747  INFO [main] ql.Driver: Created Hive schema: Schema(fieldSchemas:null, properties:null)
2024-04-24T06:30:39,747  INFO [main] metadata.Hive: Dumping metastore api call timing information for : compilation phase
2024-04-24T06:30:39,747  INFO [main] metadata.Hive: Total time spent in each metastore function (ms): {commitTxn_(CommitTxnRequest)=12, openTxn_(String, TxnType)=8, flushCache_()=0, getValidTxns_(long)=2, isCompatibleWith_(Configuration)=0, getTable_(GetTableRequest)=16}
2024-04-24T06:30:39,747  INFO [main] ql.Driver: Completed compiling command(queryId=alex_20240424063036_cd16dded-6389-459a-a040-303b32478d5a); Time taken: 0.026 seconds
2024-04-24T06:30:39,748  INFO [main] lockmgr.DbTxnManager: Setting lock request transaction to txnid:17 for queryId=alex_20240424063036_cd16dded-6389-459a-a040-303b32478d5a
2024-04-24T06:30:39,748  INFO [main] lockmgr.DbLockManager: Requesting lock for queryId=alex_20240424063036_cd16dded-6389-459a-a040-303b32478d5a
2024-04-24T06:30:39,765  INFO [main] lockmgr.DbLockManager: Response to queryId=alex_20240424063036_cd16dded-6389-459a-a040-303b32478d5a LockResponse(lockid:10, state:ACQUIRED)
2024-04-24T06:30:39,765  INFO [main] ql.Driver: Operation DROPTABLE obtained 1 locks
2024-04-24T06:30:39,765  INFO [main] ql.Driver: Executing command(queryId=alex_20240424063036_cd16dded-6389-459a-a040-303b32478d5a): drop table if exists acidTblPart
2024-04-24T06:30:39,765  INFO [main] ql.Driver: Starting task [Stage-0:DDL] in serial mode
2024-04-24T06:30:39,766  INFO [main] HiveMetaStore.audit: ugi=alex	ip=unknown-ip-addr	cmd=get_table : tbl=hive.default.acidTblPart	
2024-04-24T06:30:39,771  INFO [main] metastore.HMSHandler: Skipping translation for processor with null
2024-04-24T06:30:39,772  INFO [main] HiveMetaStore.audit: ugi=alex	ip=unknown-ip-addr	cmd=get_table : tbl=hive.default.acidTblPart	
2024-04-24T06:30:39,777  INFO [main] metastore.HMSHandler: Skipping translation for processor with null
2024-04-24T06:30:39,777  INFO [main] HiveMetaStore.audit: ugi=alex	ip=unknown-ip-addr	cmd=drop_table : tbl=hive.default.acidTblPart	
2024-04-24T06:30:39,814  INFO [main] metadata.Hive: Dumping metastore api call timing information for : execution phase
2024-04-24T06:30:39,815  INFO [main] metadata.Hive: Total time spent in each metastore function (ms): {isCompatibleWith_(Configuration)=0, getTable_(GetTableRequest)=5, dropTable_(String, String, boolean, boolean, boolean)=43}
2024-04-24T06:30:39,815  INFO [main] ql.Driver: Completed executing command(queryId=alex_20240424063036_cd16dded-6389-459a-a040-303b32478d5a); Time taken: 0.049 seconds
2024-04-24T06:30:39,815  INFO [main] lockmgr.DbTxnManager: Stopped heartbeat for query: alex_20240424063036_cd16dded-6389-459a-a040-303b32478d5a
2024-04-24T06:30:39,819  INFO [main] txn.TxnHandler: Expected to move at least one record from txn_components to completed_txn_components when committing txn! txnid:17
2024-04-24T06:30:39,825  INFO [main] txn.TxnHandler: Removed transactions: ([17]) from MIN_HISTORY_LEVEL
2024-04-24T06:30:39,825  WARN [main] txn.CompactionTxnHandler: No compaction queue record found for Compaction type transaction commit. txnId:17
2024-04-24T06:30:39,825  INFO [main] ql.TxnCommandsBaseForTests: Running the query: drop table if exists acidTbl2
2024-04-24T06:30:39,825  INFO [main] ql.Driver: Compiling command(queryId=alex_20240424063036_cd16dded-6389-459a-a040-303b32478d5a): drop table if exists acidTbl2
2024-04-24T06:30:39,828  INFO [main] txn.TxnHandler: Added entries to MIN_HISTORY_LEVEL for current txns: ([18]) with min_open_txn: 15
2024-04-24T06:30:39,828  INFO [main] lockmgr.DbTxnManager: Opened txnid:18
2024-04-24T06:30:39,828  INFO [main] ql.Driver: Semantic Analysis Completed (retrial = false)
2024-04-24T06:30:39,829  INFO [main] ql.Driver: Created Hive schema: Schema(fieldSchemas:null, properties:null)
2024-04-24T06:30:39,829  INFO [main] metadata.Hive: Dumping metastore api call timing information for : compilation phase
2024-04-24T06:30:39,829  INFO [main] metadata.Hive: Total time spent in each metastore function (ms): {getTable_(GetTableRequest)=0, isCompatibleWith_(Configuration)=0, commitTxn_(CommitTxnRequest)=10, openTxn_(String, TxnType)=2, flushCache_()=0, getValidTxns_(long)=0}
2024-04-24T06:30:39,829  INFO [main] ql.Driver: Completed compiling command(queryId=alex_20240424063036_cd16dded-6389-459a-a040-303b32478d5a); Time taken: 0.004 seconds
2024-04-24T06:30:39,829  INFO [main] lockmgr.DbTxnManager: Setting lock request transaction to txnid:18 for queryId=alex_20240424063036_cd16dded-6389-459a-a040-303b32478d5a
2024-04-24T06:30:39,829  INFO [main] ql.Driver: Operation DROPTABLE obtained 0 locks
2024-04-24T06:30:39,829  INFO [main] ql.Driver: Executing command(queryId=alex_20240424063036_cd16dded-6389-459a-a040-303b32478d5a): drop table if exists acidTbl2
2024-04-24T06:30:39,829  INFO [main] ql.Driver: Starting task [Stage-0:DDL] in serial mode
2024-04-24T06:30:39,830  INFO [main] metadata.SessionHiveMetaStoreClient: Column stats doesn't exist for db=default temp table=acidTbl2
2024-04-24T06:30:39,830  INFO [main] metadata.Hive: Dumping metastore api call timing information for : execution phase
2024-04-24T06:30:39,830  INFO [main] metadata.Hive: Total time spent in each metastore function (ms): {getTable_(GetTableRequest)=1, isCompatibleWith_(Configuration)=0, dropTable_(String, String, boolean, boolean, boolean)=0}
2024-04-24T06:30:39,830  INFO [main] ql.Driver: Completed executing command(queryId=alex_20240424063036_cd16dded-6389-459a-a040-303b32478d5a); Time taken: 0.001 seconds
2024-04-24T06:30:39,830  INFO [main] lockmgr.DbTxnManager: Stopped heartbeat for query: alex_20240424063036_cd16dded-6389-459a-a040-303b32478d5a
2024-04-24T06:30:39,835  INFO [main] txn.TxnHandler: Expected to move at least one record from txn_components to completed_txn_components when committing txn! txnid:18
2024-04-24T06:30:39,841  INFO [main] txn.TxnHandler: Removed transactions: ([18]) from MIN_HISTORY_LEVEL
2024-04-24T06:30:39,841  WARN [main] txn.CompactionTxnHandler: No compaction queue record found for Compaction type transaction commit. txnId:18
2024-04-24T06:30:39,842  INFO [main] ql.TxnCommandsBaseForTests: Running the query: drop table if exists nonAcidOrcTbl
2024-04-24T06:30:39,842  INFO [main] ql.Driver: Compiling command(queryId=alex_20240424063036_cd16dded-6389-459a-a040-303b32478d5a): drop table if exists nonAcidOrcTbl
2024-04-24T06:30:39,844  INFO [main] txn.TxnHandler: Added entries to MIN_HISTORY_LEVEL for current txns: ([19]) with min_open_txn: 15
2024-04-24T06:30:39,844  INFO [main] lockmgr.DbTxnManager: Opened txnid:19
2024-04-24T06:30:39,845  INFO [main] HiveMetaStore.audit: ugi=alex	ip=unknown-ip-addr	cmd=get_table : tbl=hive.default.nonAcidOrcTbl	
2024-04-24T06:30:39,864  INFO [main] metastore.HMSHandler: Skipping translation for processor with null
2024-04-24T06:30:39,864  INFO [main] ql.Driver: Semantic Analysis Completed (retrial = false)
2024-04-24T06:30:39,864  INFO [main] ql.Driver: Created Hive schema: Schema(fieldSchemas:null, properties:null)
2024-04-24T06:30:39,864  INFO [main] metadata.Hive: Dumping metastore api call timing information for : compilation phase
2024-04-24T06:30:39,865  INFO [main] metadata.Hive: Total time spent in each metastore function (ms): {flushCache_()=0, isCompatibleWith_(Configuration)=0, openTxn_(String, TxnType)=2, getValidTxns_(long)=1, commitTxn_(CommitTxnRequest)=12, getTable_(GetTableRequest)=19}
2024-04-24T06:30:39,865  INFO [main] ql.Driver: Completed compiling command(queryId=alex_20240424063036_cd16dded-6389-459a-a040-303b32478d5a); Time taken: 0.022 seconds
2024-04-24T06:30:39,865  INFO [main] lockmgr.DbTxnManager: Setting lock request transaction to txnid:19 for queryId=alex_20240424063036_cd16dded-6389-459a-a040-303b32478d5a
2024-04-24T06:30:39,865  INFO [main] lockmgr.DbLockManager: Requesting lock for queryId=alex_20240424063036_cd16dded-6389-459a-a040-303b32478d5a
2024-04-24T06:30:39,879  INFO [main] lockmgr.DbLockManager: Response to queryId=alex_20240424063036_cd16dded-6389-459a-a040-303b32478d5a LockResponse(lockid:11, state:ACQUIRED)
2024-04-24T06:30:39,879  INFO [main] ql.Driver: Operation DROPTABLE obtained 1 locks
2024-04-24T06:30:39,879  INFO [main] ql.Driver: Executing command(queryId=alex_20240424063036_cd16dded-6389-459a-a040-303b32478d5a): drop table if exists nonAcidOrcTbl
2024-04-24T06:30:39,879  INFO [main] ql.Driver: Starting task [Stage-0:DDL] in serial mode
2024-04-24T06:30:39,880  INFO [main] HiveMetaStore.audit: ugi=alex	ip=unknown-ip-addr	cmd=get_table : tbl=hive.default.nonAcidOrcTbl	
2024-04-24T06:30:39,889  INFO [main] metastore.HMSHandler: Skipping translation for processor with null
2024-04-24T06:30:39,889  INFO [main] HiveMetaStore.audit: ugi=alex	ip=unknown-ip-addr	cmd=get_table : tbl=hive.default.nonAcidOrcTbl	
2024-04-24T06:30:39,896  INFO [main] metastore.HMSHandler: Skipping translation for processor with null
2024-04-24T06:30:39,897  INFO [main] HiveMetaStore.audit: ugi=alex	ip=unknown-ip-addr	cmd=drop_table : tbl=hive.default.nonAcidOrcTbl	
2024-04-24T06:30:39,958  INFO [main] metadata.Hive: Dumping metastore api call timing information for : execution phase
2024-04-24T06:30:39,958  INFO [main] metadata.Hive: Total time spent in each metastore function (ms): {dropTable_(String, String, boolean, boolean, boolean)=69, getTable_(GetTableRequest)=9, isCompatibleWith_(Configuration)=1}
2024-04-24T06:30:39,958  INFO [main] ql.Driver: Completed executing command(queryId=alex_20240424063036_cd16dded-6389-459a-a040-303b32478d5a); Time taken: 0.079 seconds
2024-04-24T06:30:39,958  INFO [main] lockmgr.DbTxnManager: Stopped heartbeat for query: alex_20240424063036_cd16dded-6389-459a-a040-303b32478d5a
2024-04-24T06:30:39,962  INFO [main] txn.TxnHandler: Expected to move at least one record from txn_components to completed_txn_components when committing txn! txnid:19
2024-04-24T06:30:39,968  INFO [main] txn.TxnHandler: Removed transactions: ([19]) from MIN_HISTORY_LEVEL
2024-04-24T06:30:39,969  WARN [main] txn.CompactionTxnHandler: No compaction queue record found for Compaction type transaction commit. txnId:19
2024-04-24T06:30:39,969  INFO [main] ql.TxnCommandsBaseForTests: Running the query: drop table if exists nonAcidOrcTbl2
2024-04-24T06:30:39,969  INFO [main] ql.Driver: Compiling command(queryId=alex_20240424063036_cd16dded-6389-459a-a040-303b32478d5a): drop table if exists nonAcidOrcTbl2
2024-04-24T06:30:39,971  INFO [main] txn.TxnHandler: Added entries to MIN_HISTORY_LEVEL for current txns: ([20]) with min_open_txn: 15
2024-04-24T06:30:39,971  INFO [main] lockmgr.DbTxnManager: Opened txnid:20
2024-04-24T06:30:39,972  INFO [main] HiveMetaStore.audit: ugi=alex	ip=unknown-ip-addr	cmd=get_table : tbl=hive.default.nonAcidOrcTbl2	
2024-04-24T06:30:39,979  INFO [main] metastore.HMSHandler: Skipping translation for processor with null
2024-04-24T06:30:39,979  INFO [main] ql.Driver: Semantic Analysis Completed (retrial = false)
2024-04-24T06:30:39,979  INFO [main] ql.Driver: Created Hive schema: Schema(fieldSchemas:null, properties:null)
2024-04-24T06:30:39,979  INFO [main] metadata.Hive: Dumping metastore api call timing information for : compilation phase
2024-04-24T06:30:39,979  INFO [main] metadata.Hive: Total time spent in each metastore function (ms): {flushCache_()=0, isCompatibleWith_(Configuration)=0, getTable_(GetTableRequest)=7, getValidTxns_(long)=0, commitTxn_(CommitTxnRequest)=10, openTxn_(String, TxnType)=1}
2024-04-24T06:30:39,980  INFO [main] ql.Driver: Completed compiling command(queryId=alex_20240424063036_cd16dded-6389-459a-a040-303b32478d5a); Time taken: 0.01 seconds
2024-04-24T06:30:39,980  INFO [main] lockmgr.DbTxnManager: Setting lock request transaction to txnid:20 for queryId=alex_20240424063036_cd16dded-6389-459a-a040-303b32478d5a
2024-04-24T06:30:39,980  INFO [main] lockmgr.DbLockManager: Requesting lock for queryId=alex_20240424063036_cd16dded-6389-459a-a040-303b32478d5a
2024-04-24T06:30:39,994  INFO [main] lockmgr.DbLockManager: Response to queryId=alex_20240424063036_cd16dded-6389-459a-a040-303b32478d5a LockResponse(lockid:12, state:ACQUIRED)
2024-04-24T06:30:39,994  INFO [main] ql.Driver: Operation DROPTABLE obtained 1 locks
2024-04-24T06:30:39,994  INFO [main] ql.Driver: Executing command(queryId=alex_20240424063036_cd16dded-6389-459a-a040-303b32478d5a): drop table if exists nonAcidOrcTbl2
2024-04-24T06:30:39,994  INFO [main] ql.Driver: Starting task [Stage-0:DDL] in serial mode
2024-04-24T06:30:39,995  INFO [main] HiveMetaStore.audit: ugi=alex	ip=unknown-ip-addr	cmd=get_table : tbl=hive.default.nonAcidOrcTbl2	
2024-04-24T06:30:40,002  INFO [main] metastore.HMSHandler: Skipping translation for processor with null
2024-04-24T06:30:40,002  INFO [main] HiveMetaStore.audit: ugi=alex	ip=unknown-ip-addr	cmd=get_table : tbl=hive.default.nonAcidOrcTbl2	
2024-04-24T06:30:40,009  INFO [main] metastore.HMSHandler: Skipping translation for processor with null
2024-04-24T06:30:40,009  INFO [main] HiveMetaStore.audit: ugi=alex	ip=unknown-ip-addr	cmd=drop_table : tbl=hive.default.nonAcidOrcTbl2	
2024-04-24T06:30:40,041  INFO [main] metadata.Hive: Dumping metastore api call timing information for : execution phase
2024-04-24T06:30:40,041  INFO [main] metadata.Hive: Total time spent in each metastore function (ms): {getTable_(GetTableRequest)=7, isCompatibleWith_(Configuration)=1, dropTable_(String, String, boolean, boolean, boolean)=39}
2024-04-24T06:30:40,042  INFO [main] ql.Driver: Completed executing command(queryId=alex_20240424063036_cd16dded-6389-459a-a040-303b32478d5a); Time taken: 0.047 seconds
2024-04-24T06:30:40,042  INFO [main] lockmgr.DbTxnManager: Stopped heartbeat for query: alex_20240424063036_cd16dded-6389-459a-a040-303b32478d5a
2024-04-24T06:30:40,047  INFO [main] txn.TxnHandler: Expected to move at least one record from txn_components to completed_txn_components when committing txn! txnid:20
2024-04-24T06:30:40,056  INFO [main] txn.TxnHandler: Removed transactions: ([20]) from MIN_HISTORY_LEVEL
2024-04-24T06:30:40,056  WARN [main] txn.CompactionTxnHandler: No compaction queue record found for Compaction type transaction commit. txnId:20
2024-04-24T06:30:40,057  INFO [main] ql.TxnCommandsBaseForTests: Running the query: drop table if exists nonAcidNonBucket
2024-04-24T06:30:40,057  INFO [main] ql.Driver: Compiling command(queryId=alex_20240424063036_cd16dded-6389-459a-a040-303b32478d5a): drop table if exists nonAcidNonBucket
2024-04-24T06:30:40,060  INFO [main] txn.TxnHandler: Added entries to MIN_HISTORY_LEVEL for current txns: ([21]) with min_open_txn: 15
2024-04-24T06:30:40,060  INFO [main] lockmgr.DbTxnManager: Opened txnid:21
2024-04-24T06:30:40,061  INFO [main] HiveMetaStore.audit: ugi=alex	ip=unknown-ip-addr	cmd=get_table : tbl=hive.default.nonAcidNonBucket	
2024-04-24T06:30:40,073  INFO [main] metastore.HMSHandler: Skipping translation for processor with null
2024-04-24T06:30:40,073  INFO [main] ql.Driver: Semantic Analysis Completed (retrial = false)
2024-04-24T06:30:40,073  INFO [main] ql.Driver: Created Hive schema: Schema(fieldSchemas:null, properties:null)
2024-04-24T06:30:40,073  INFO [main] metadata.Hive: Dumping metastore api call timing information for : compilation phase
2024-04-24T06:30:40,073  INFO [main] metadata.Hive: Total time spent in each metastore function (ms): {getTable_(GetTableRequest)=12, isCompatibleWith_(Configuration)=0, flushCache_()=0, commitTxn_(CommitTxnRequest)=15, getValidTxns_(long)=1, openTxn_(String, TxnType)=3}
2024-04-24T06:30:40,074  INFO [main] ql.Driver: Completed compiling command(queryId=alex_20240424063036_cd16dded-6389-459a-a040-303b32478d5a); Time taken: 0.016 seconds
2024-04-24T06:30:40,074  INFO [main] lockmgr.DbTxnManager: Setting lock request transaction to txnid:21 for queryId=alex_20240424063036_cd16dded-6389-459a-a040-303b32478d5a
2024-04-24T06:30:40,074  INFO [main] lockmgr.DbLockManager: Requesting lock for queryId=alex_20240424063036_cd16dded-6389-459a-a040-303b32478d5a
2024-04-24T06:30:40,089  INFO [main] lockmgr.DbLockManager: Response to queryId=alex_20240424063036_cd16dded-6389-459a-a040-303b32478d5a LockResponse(lockid:13, state:ACQUIRED)
2024-04-24T06:30:40,089  INFO [main] ql.Driver: Operation DROPTABLE obtained 1 locks
2024-04-24T06:30:40,089  INFO [main] ql.Driver: Executing command(queryId=alex_20240424063036_cd16dded-6389-459a-a040-303b32478d5a): drop table if exists nonAcidNonBucket
2024-04-24T06:30:40,089  INFO [main] ql.Driver: Starting task [Stage-0:DDL] in serial mode
2024-04-24T06:30:40,089  INFO [main] HiveMetaStore.audit: ugi=alex	ip=unknown-ip-addr	cmd=get_table : tbl=hive.default.nonAcidNonBucket	
2024-04-24T06:30:40,097  INFO [main] metastore.HMSHandler: Skipping translation for processor with null
2024-04-24T06:30:40,097  INFO [main] HiveMetaStore.audit: ugi=alex	ip=unknown-ip-addr	cmd=get_table : tbl=hive.default.nonAcidNonBucket	
2024-04-24T06:30:40,104  INFO [main] metastore.HMSHandler: Skipping translation for processor with null
2024-04-24T06:30:40,104  INFO [main] HiveMetaStore.audit: ugi=alex	ip=unknown-ip-addr	cmd=drop_table : tbl=hive.default.nonAcidNonBucket	
2024-04-24T06:30:40,131  INFO [main] metadata.Hive: Dumping metastore api call timing information for : execution phase
2024-04-24T06:30:40,131  INFO [main] metadata.Hive: Total time spent in each metastore function (ms): {getTable_(GetTableRequest)=8, dropTable_(String, String, boolean, boolean, boolean)=34, isCompatibleWith_(Configuration)=0}
2024-04-24T06:30:40,132  INFO [main] ql.Driver: Completed executing command(queryId=alex_20240424063036_cd16dded-6389-459a-a040-303b32478d5a); Time taken: 0.042 seconds
2024-04-24T06:30:40,132  INFO [main] lockmgr.DbTxnManager: Stopped heartbeat for query: alex_20240424063036_cd16dded-6389-459a-a040-303b32478d5a
2024-04-24T06:30:40,136  INFO [main] txn.TxnHandler: Expected to move at least one record from txn_components to completed_txn_components when committing txn! txnid:21
2024-04-24T06:30:40,142  INFO [main] txn.TxnHandler: Removed transactions: ([21]) from MIN_HISTORY_LEVEL
2024-04-24T06:30:40,142  WARN [main] txn.CompactionTxnHandler: No compaction queue record found for Compaction type transaction commit. txnId:21
2024-04-24T06:30:40,143  INFO [main] utils.TestTxnDbUtil: Cleaning transactional tables
]]></system-err>
  </testcase>
  <testcase name="testInsertOverwrite" classname="org.apache.hadoop.hive.ql.TestTxnCommands" time="10.29"/>
  <testcase name="testMergeNegative" classname="org.apache.hadoop.hive.ql.TestTxnCommands" time="1.18"/>
  <testcase name="testParallelInsertStats" classname="org.apache.hadoop.hive.ql.TestTxnCommands" time="10.093"/>
  <testcase name="testDeleteIn" classname="org.apache.hadoop.hive.ql.TestTxnCommands" time="1.59">
    <error type="java.lang.RuntimeException"><![CDATA[java.lang.RuntimeException: delete from acidTbl where a IN (SELECT A.a from acidTbl  A) failed: (responseCode = 40000, errorMessage = FAILED: NoMatchingMethodException No matching method for class org.apache.hadoop.hive.ql.udf.UDFToInteger with (struct<writeid:bigint,bucketid:int,rowid:bigint>). Possible choices: _FUNC_(bigint)  _FUNC_(boolean)  _FUNC_(decimal(38,18))  _FUNC_(double)  _FUNC_(float)  _FUNC_(smallint)  _FUNC_(string)  _FUNC_(struct<writeid:int,bucketid:bigint,rowid:bigint>)  _FUNC_(timestamp)  _FUNC_(tinyint)  _FUNC_(void)  , hiveErrorCode = 40000, SQLState = 42000, exception = No matching method for class org.apache.hadoop.hive.ql.udf.UDFToInteger with (struct<writeid:bigint,bucketid:int,rowid:bigint>). Possible choices: _FUNC_(bigint)  _FUNC_(boolean)  _FUNC_(decimal(38,18))  _FUNC_(double)  _FUNC_(float)  _FUNC_(smallint)  _FUNC_(string)  _FUNC_(struct<writeid:int,bucketid:bigint,rowid:bigint>)  _FUNC_(timestamp)  _FUNC_(tinyint)  _FUNC_(void)  )
	at org.apache.hadoop.hive.ql.TxnCommandsBaseForTests.runStatementOnDriver(TxnCommandsBaseForTests.java:247)
	at org.apache.hadoop.hive.ql.TestTxnCommands.testDeleteIn(TestTxnCommands.java:929)
	at sun.reflect.NativeMethodAccessorImpl.invoke0(Native Method)
	at sun.reflect.NativeMethodAccessorImpl.invoke(NativeMethodAccessorImpl.java:62)
	at sun.reflect.DelegatingMethodAccessorImpl.invoke(DelegatingMethodAccessorImpl.java:43)
	at java.lang.reflect.Method.invoke(Method.java:498)
	at org.junit.runners.model.FrameworkMethod$1.runReflectiveCall(FrameworkMethod.java:59)
	at org.junit.internal.runners.model.ReflectiveCallable.run(ReflectiveCallable.java:12)
	at org.junit.runners.model.FrameworkMethod.invokeExplosively(FrameworkMethod.java:56)
	at org.junit.internal.runners.statements.InvokeMethod.evaluate(InvokeMethod.java:17)
	at org.junit.internal.runners.statements.RunBefores.evaluate(RunBefores.java:26)
	at org.junit.internal.runners.statements.RunAfters.evaluate(RunAfters.java:27)
	at org.junit.rules.TestWatcher$1.evaluate(TestWatcher.java:61)
	at org.junit.runners.ParentRunner$3.evaluate(ParentRunner.java:306)
	at org.junit.runners.BlockJUnit4ClassRunner$1.evaluate(BlockJUnit4ClassRunner.java:100)
	at org.junit.runners.ParentRunner.runLeaf(ParentRunner.java:366)
	at org.junit.runners.BlockJUnit4ClassRunner.runChild(BlockJUnit4ClassRunner.java:103)
	at org.junit.runners.BlockJUnit4ClassRunner.runChild(BlockJUnit4ClassRunner.java:63)
	at org.junit.runners.ParentRunner$4.run(ParentRunner.java:331)
	at org.junit.runners.ParentRunner$1.schedule(ParentRunner.java:79)
	at org.junit.runners.ParentRunner.runChildren(ParentRunner.java:329)
	at org.junit.runners.ParentRunner.access$100(ParentRunner.java:66)
	at org.junit.runners.ParentRunner$2.evaluate(ParentRunner.java:293)
	at org.junit.runners.ParentRunner$3.evaluate(ParentRunner.java:306)
	at org.junit.runners.ParentRunner.run(ParentRunner.java:413)
	at org.junit.runner.JUnitCore.run(JUnitCore.java:137)
	at org.junit.runner.JUnitCore.run(JUnitCore.java:115)
	at org.junit.vintage.engine.execution.RunnerExecutor.execute(RunnerExecutor.java:43)
	at java.util.stream.ForEachOps$ForEachOp$OfRef.accept(ForEachOps.java:183)
	at java.util.stream.ReferencePipeline$3$1.accept(ReferencePipeline.java:193)
	at java.util.Iterator.forEachRemaining(Iterator.java:116)
	at java.util.Spliterators$IteratorSpliterator.forEachRemaining(Spliterators.java:1801)
	at java.util.stream.AbstractPipeline.copyInto(AbstractPipeline.java:482)
	at java.util.stream.AbstractPipeline.wrapAndCopyInto(AbstractPipeline.java:472)
	at java.util.stream.ForEachOps$ForEachOp.evaluateSequential(ForEachOps.java:150)
	at java.util.stream.ForEachOps$ForEachOp$OfRef.evaluateSequential(ForEachOps.java:173)
	at java.util.stream.AbstractPipeline.evaluate(AbstractPipeline.java:234)
	at java.util.stream.ReferencePipeline.forEach(ReferencePipeline.java:485)
	at org.junit.vintage.engine.VintageTestEngine.executeAllChildren(VintageTestEngine.java:82)
	at org.junit.vintage.engine.VintageTestEngine.execute(VintageTestEngine.java:73)
	at org.junit.platform.launcher.core.DefaultLauncher.execute(DefaultLauncher.java:248)
	at org.junit.platform.launcher.core.DefaultLauncher.lambda$execute$5(DefaultLauncher.java:211)
	at org.junit.platform.launcher.core.DefaultLauncher.withInterceptedStreams(DefaultLauncher.java:226)
	at org.junit.platform.launcher.core.DefaultLauncher.execute(DefaultLauncher.java:199)
	at org.junit.platform.launcher.core.DefaultLauncher.execute(DefaultLauncher.java:132)
	at org.apache.maven.surefire.junitplatform.JUnitPlatformProvider.invokeAllTests(JUnitPlatformProvider.java:154)
	at org.apache.maven.surefire.junitplatform.JUnitPlatformProvider.invoke(JUnitPlatformProvider.java:123)
	at org.apache.maven.surefire.booter.ForkedBooter.runSuitesInProcess(ForkedBooter.java:377)
	at org.apache.maven.surefire.booter.ForkedBooter.execute(ForkedBooter.java:138)
	at org.apache.maven.surefire.booter.ForkedBooter.run(ForkedBooter.java:465)
	at org.apache.maven.surefire.booter.ForkedBooter.main(ForkedBooter.java:451)
]]></error>
    <system-err><![CDATA[2024-04-24T06:31:01,771  WARN [main] conf.HiveConf: HiveConf of name hive.dummyparam.test.server.specific.config.hivesite does not exist
2024-04-24T06:31:01,771  WARN [main] conf.HiveConf: HiveConf of name hive.metastore.metadb.dir does not exist
2024-04-24T06:31:01,771  WARN [main] conf.HiveConf: HiveConf of name hive.llap.io.cache.orc.arena.size does not exist
2024-04-24T06:31:01,771  WARN [main] conf.HiveConf: HiveConf of name hive.llap.io.cache.orc.alloc.max does not exist
2024-04-24T06:31:01,771  WARN [main] conf.HiveConf: HiveConf of name hive.metastore.client.cache.maxSize does not exist
2024-04-24T06:31:01,771  WARN [main] conf.HiveConf: HiveConf of name hive.llap.io.cache.orc.alloc.min does not exist
2024-04-24T06:31:01,771  WARN [main] conf.HiveConf: HiveConf of name hive.dummyparam.test.server.specific.config.metastoresite does not exist
2024-04-24T06:31:01,771  WARN [main] conf.HiveConf: HiveConf of name hive.llap.io.cache.orc.size does not exist
2024-04-24T06:31:01,772  WARN [main] conf.HiveConf: HiveConf of name hive.metastore.client.cache.recordStats does not exist
2024-04-24T06:31:01,772  WARN [main] conf.HiveConf: HiveConf of name hive.dummyparam.test.server.specific.config.override does not exist
2024-04-24T06:31:01,772  WARN [main] conf.HiveConf: HiveConf of name hive.stats.key.prefix.reserve.length does not exist
2024-04-24T06:31:01,775  INFO [main] utils.TestTxnDbUtil: Creating transactional tables
Hive Session ID = 5c35a581-afc1-4a9e-9a1e-95717502db7b
2024-04-24T06:31:01,777  INFO [main] SessionState: Hive Session ID = 5c35a581-afc1-4a9e-9a1e-95717502db7b
ivysettings.xml file not found in HIVE_HOME or HIVE_CONF_DIR,/home/alex/Repositories/hive/conf/ivysettings.xml will be used
2024-04-24T06:31:01,778  INFO [main] DependencyResolver: ivysettings.xml file not found in HIVE_HOME or HIVE_CONF_DIR,/home/alex/Repositories/hive/conf/ivysettings.xml will be used
2024-04-24T06:31:01,783  INFO [main] session.SessionState: Created HDFS directory: /home/alex/Repositories/hive/ql/target/tmp/scratchdir/alex/5c35a581-afc1-4a9e-9a1e-95717502db7b
2024-04-24T06:31:01,785  INFO [main] session.SessionState: Created local directory: /home/alex/Repositories/hive/ql/target/tmp/localscratchdir/5c35a581-afc1-4a9e-9a1e-95717502db7b
2024-04-24T06:31:01,787  INFO [main] session.SessionState: Created HDFS directory: /home/alex/Repositories/hive/ql/target/tmp/scratchdir/alex/5c35a581-afc1-4a9e-9a1e-95717502db7b/_tmp_space.db
2024-04-24T06:31:01,788  INFO [main] sqlstd.SQLStdHiveAccessController: Created SQLStdHiveAccessController for session context : HiveAuthzSessionContext [sessionString=5c35a581-afc1-4a9e-9a1e-95717502db7b, clientType=HIVECLI]
2024-04-24T06:31:01,788  INFO [main] ql.TxnCommandsBaseForTests: Running the query: drop table if exists acidTbl
2024-04-24T06:31:01,788  INFO [main] ql.Driver: Compiling command(queryId=alex_20240424063101_21517976-bccd-4255-8800-eeaf4507a0c8): drop table if exists acidTbl
2024-04-24T06:31:01,799  INFO [main] txn.TxnHandler: Added entries to MIN_HISTORY_LEVEL for current txns: ([1]) with min_open_txn: 1
2024-04-24T06:31:01,799  INFO [main] lockmgr.DbTxnManager: Opened txnid:1
2024-04-24T06:31:01,802  INFO [main] HiveMetaStore.audit: ugi=alex	ip=unknown-ip-addr	cmd=get_table : tbl=hive.default.acidTbl	
2024-04-24T06:31:01,805  INFO [main] ql.Driver: Semantic Analysis Completed (retrial = false)
2024-04-24T06:31:01,805  INFO [main] ql.Driver: Created Hive schema: Schema(fieldSchemas:null, properties:null)
2024-04-24T06:31:01,805  INFO [main] metadata.Hive: Dumping metastore api call timing information for : compilation phase
2024-04-24T06:31:01,805  INFO [main] metadata.Hive: Total time spent in each metastore function (ms): {openTxn_(String, TxnType)=10, isCompatibleWith_(Configuration)=1, getValidTxns_(long)=2, flushCache_()=0, commitTxn_(CommitTxnRequest)=12}
2024-04-24T06:31:01,805  INFO [main] ql.Driver: Completed compiling command(queryId=alex_20240424063101_21517976-bccd-4255-8800-eeaf4507a0c8); Time taken: 0.017 seconds
2024-04-24T06:31:01,805  INFO [main] lockmgr.DbTxnManager: Setting lock request transaction to txnid:1 for queryId=alex_20240424063101_21517976-bccd-4255-8800-eeaf4507a0c8
2024-04-24T06:31:01,805  INFO [main] ql.Driver: Operation DROPTABLE obtained 0 locks
2024-04-24T06:31:01,805  INFO [main] ql.Driver: Executing command(queryId=alex_20240424063101_21517976-bccd-4255-8800-eeaf4507a0c8): drop table if exists acidTbl
2024-04-24T06:31:01,805  INFO [main] ql.Driver: Starting task [Stage-0:DDL] in serial mode
2024-04-24T06:31:01,806  INFO [main] HiveMetaStore.audit: ugi=alex	ip=unknown-ip-addr	cmd=get_table : tbl=hive.default.acidTbl	
2024-04-24T06:31:01,808  INFO [main] metadata.Hive: Dumping metastore api call timing information for : execution phase
2024-04-24T06:31:01,808  INFO [main] metadata.Hive: Total time spent in each metastore function (ms): {isCompatibleWith_(Configuration)=0}
2024-04-24T06:31:01,809  INFO [main] ql.Driver: Completed executing command(queryId=alex_20240424063101_21517976-bccd-4255-8800-eeaf4507a0c8); Time taken: 0.003 seconds
2024-04-24T06:31:01,809  INFO [main] lockmgr.DbTxnManager: Stopped heartbeat for query: alex_20240424063101_21517976-bccd-4255-8800-eeaf4507a0c8
2024-04-24T06:31:01,816  INFO [main] txn.TxnHandler: Expected to move at least one record from txn_components to completed_txn_components when committing txn! txnid:1
2024-04-24T06:31:01,824  INFO [main] txn.TxnHandler: Removed transactions: ([1]) from MIN_HISTORY_LEVEL
2024-04-24T06:31:01,826  WARN [main] txn.CompactionTxnHandler: No compaction queue record found for Compaction type transaction commit. txnId:1
2024-04-24T06:31:01,827  INFO [main] ql.TxnCommandsBaseForTests: Running the query: drop table if exists acidTblPart
2024-04-24T06:31:01,827  INFO [main] ql.Driver: Compiling command(queryId=alex_20240424063101_c22a8215-4e90-4e22-ad4d-60e7fe0f1067): drop table if exists acidTblPart
2024-04-24T06:31:01,829  INFO [main] txn.TxnHandler: Added entries to MIN_HISTORY_LEVEL for current txns: ([2]) with min_open_txn: 1
2024-04-24T06:31:01,829  INFO [main] lockmgr.DbTxnManager: Opened txnid:2
2024-04-24T06:31:01,830  INFO [main] HiveMetaStore.audit: ugi=alex	ip=unknown-ip-addr	cmd=get_table : tbl=hive.default.acidTblPart	
2024-04-24T06:31:01,832  INFO [main] ql.Driver: Semantic Analysis Completed (retrial = false)
2024-04-24T06:31:01,832  INFO [main] ql.Driver: Created Hive schema: Schema(fieldSchemas:null, properties:null)
2024-04-24T06:31:01,832  INFO [main] metadata.Hive: Dumping metastore api call timing information for : compilation phase
2024-04-24T06:31:01,833  INFO [main] metadata.Hive: Total time spent in each metastore function (ms): {getValidTxns_(long)=1, isCompatibleWith_(Configuration)=0, openTxn_(String, TxnType)=2, commitTxn_(CommitTxnRequest)=17, flushCache_()=0}
2024-04-24T06:31:01,833  INFO [main] ql.Driver: Completed compiling command(queryId=alex_20240424063101_c22a8215-4e90-4e22-ad4d-60e7fe0f1067); Time taken: 0.005 seconds
2024-04-24T06:31:01,833  INFO [main] lockmgr.DbTxnManager: Setting lock request transaction to txnid:2 for queryId=alex_20240424063101_c22a8215-4e90-4e22-ad4d-60e7fe0f1067
2024-04-24T06:31:01,833  INFO [main] ql.Driver: Operation DROPTABLE obtained 0 locks
2024-04-24T06:31:01,833  INFO [main] ql.Driver: Executing command(queryId=alex_20240424063101_c22a8215-4e90-4e22-ad4d-60e7fe0f1067): drop table if exists acidTblPart
2024-04-24T06:31:01,833  INFO [main] ql.Driver: Starting task [Stage-0:DDL] in serial mode
2024-04-24T06:31:01,833  INFO [main] HiveMetaStore.audit: ugi=alex	ip=unknown-ip-addr	cmd=get_table : tbl=hive.default.acidTblPart	
2024-04-24T06:31:01,836  INFO [main] metadata.Hive: Dumping metastore api call timing information for : execution phase
2024-04-24T06:31:01,836  INFO [main] metadata.Hive: Total time spent in each metastore function (ms): {isCompatibleWith_(Configuration)=0}
2024-04-24T06:31:01,836  INFO [main] ql.Driver: Completed executing command(queryId=alex_20240424063101_c22a8215-4e90-4e22-ad4d-60e7fe0f1067); Time taken: 0.003 seconds
2024-04-24T06:31:01,836  INFO [main] lockmgr.DbTxnManager: Stopped heartbeat for query: alex_20240424063101_c22a8215-4e90-4e22-ad4d-60e7fe0f1067
2024-04-24T06:31:01,843  INFO [main] txn.TxnHandler: Expected to move at least one record from txn_components to completed_txn_components when committing txn! txnid:2
2024-04-24T06:31:01,850  INFO [main] txn.TxnHandler: Removed transactions: ([2]) from MIN_HISTORY_LEVEL
2024-04-24T06:31:01,850  WARN [main] txn.CompactionTxnHandler: No compaction queue record found for Compaction type transaction commit. txnId:2
2024-04-24T06:31:01,851  INFO [main] ql.TxnCommandsBaseForTests: Running the query: drop table if exists acidTbl2
2024-04-24T06:31:01,851  INFO [main] ql.Driver: Compiling command(queryId=alex_20240424063101_81b84a12-e403-4643-b79d-8ef5d33c0e57): drop table if exists acidTbl2
2024-04-24T06:31:01,853  INFO [main] txn.TxnHandler: Added entries to MIN_HISTORY_LEVEL for current txns: ([3]) with min_open_txn: 1
2024-04-24T06:31:01,854  INFO [main] lockmgr.DbTxnManager: Opened txnid:3
2024-04-24T06:31:01,854  INFO [main] HiveMetaStore.audit: ugi=alex	ip=unknown-ip-addr	cmd=get_table : tbl=hive.default.acidTbl2	
2024-04-24T06:31:01,857  INFO [main] ql.Driver: Semantic Analysis Completed (retrial = false)
2024-04-24T06:31:01,857  INFO [main] ql.Driver: Created Hive schema: Schema(fieldSchemas:null, properties:null)
2024-04-24T06:31:01,857  INFO [main] metadata.Hive: Dumping metastore api call timing information for : compilation phase
2024-04-24T06:31:01,857  INFO [main] metadata.Hive: Total time spent in each metastore function (ms): {commitTxn_(CommitTxnRequest)=15, getValidTxns_(long)=0, openTxn_(String, TxnType)=3, flushCache_()=0, isCompatibleWith_(Configuration)=0}
2024-04-24T06:31:01,857  INFO [main] ql.Driver: Completed compiling command(queryId=alex_20240424063101_81b84a12-e403-4643-b79d-8ef5d33c0e57); Time taken: 0.006 seconds
2024-04-24T06:31:01,857  INFO [main] lockmgr.DbTxnManager: Setting lock request transaction to txnid:3 for queryId=alex_20240424063101_81b84a12-e403-4643-b79d-8ef5d33c0e57
2024-04-24T06:31:01,857  INFO [main] ql.Driver: Operation DROPTABLE obtained 0 locks
2024-04-24T06:31:01,857  INFO [main] ql.Driver: Executing command(queryId=alex_20240424063101_81b84a12-e403-4643-b79d-8ef5d33c0e57): drop table if exists acidTbl2
2024-04-24T06:31:01,857  INFO [main] ql.Driver: Starting task [Stage-0:DDL] in serial mode
2024-04-24T06:31:01,858  INFO [main] HiveMetaStore.audit: ugi=alex	ip=unknown-ip-addr	cmd=get_table : tbl=hive.default.acidTbl2	
2024-04-24T06:31:01,860  INFO [main] metadata.Hive: Dumping metastore api call timing information for : execution phase
2024-04-24T06:31:01,860  INFO [main] metadata.Hive: Total time spent in each metastore function (ms): {isCompatibleWith_(Configuration)=1}
2024-04-24T06:31:01,860  INFO [main] ql.Driver: Completed executing command(queryId=alex_20240424063101_81b84a12-e403-4643-b79d-8ef5d33c0e57); Time taken: 0.003 seconds
2024-04-24T06:31:01,861  INFO [main] lockmgr.DbTxnManager: Stopped heartbeat for query: alex_20240424063101_81b84a12-e403-4643-b79d-8ef5d33c0e57
2024-04-24T06:31:01,867  INFO [main] txn.TxnHandler: Expected to move at least one record from txn_components to completed_txn_components when committing txn! txnid:3
2024-04-24T06:31:01,875  INFO [main] txn.TxnHandler: Removed transactions: ([3]) from MIN_HISTORY_LEVEL
2024-04-24T06:31:01,875  WARN [main] txn.CompactionTxnHandler: No compaction queue record found for Compaction type transaction commit. txnId:3
2024-04-24T06:31:01,875  INFO [main] ql.TxnCommandsBaseForTests: Running the query: drop table if exists nonAcidOrcTbl
2024-04-24T06:31:01,876  INFO [main] ql.Driver: Compiling command(queryId=alex_20240424063101_e3daf34c-86b1-40af-89f7-73457f28f96a): drop table if exists nonAcidOrcTbl
2024-04-24T06:31:01,878  INFO [main] txn.TxnHandler: Added entries to MIN_HISTORY_LEVEL for current txns: ([4]) with min_open_txn: 1
2024-04-24T06:31:01,878  INFO [main] lockmgr.DbTxnManager: Opened txnid:4
2024-04-24T06:31:01,878  INFO [main] HiveMetaStore.audit: ugi=alex	ip=unknown-ip-addr	cmd=get_table : tbl=hive.default.nonAcidOrcTbl	
2024-04-24T06:31:01,881  INFO [main] ql.Driver: Semantic Analysis Completed (retrial = false)
2024-04-24T06:31:01,881  INFO [main] ql.Driver: Created Hive schema: Schema(fieldSchemas:null, properties:null)
2024-04-24T06:31:01,881  INFO [main] metadata.Hive: Dumping metastore api call timing information for : compilation phase
2024-04-24T06:31:01,881  INFO [main] metadata.Hive: Total time spent in each metastore function (ms): {flushCache_()=0, getValidTxns_(long)=0, commitTxn_(CommitTxnRequest)=14, openTxn_(String, TxnType)=2, isCompatibleWith_(Configuration)=0}
2024-04-24T06:31:01,881  INFO [main] ql.Driver: Completed compiling command(queryId=alex_20240424063101_e3daf34c-86b1-40af-89f7-73457f28f96a); Time taken: 0.005 seconds
2024-04-24T06:31:01,882  INFO [main] lockmgr.DbTxnManager: Setting lock request transaction to txnid:4 for queryId=alex_20240424063101_e3daf34c-86b1-40af-89f7-73457f28f96a
2024-04-24T06:31:01,882  INFO [main] ql.Driver: Operation DROPTABLE obtained 0 locks
2024-04-24T06:31:01,882  INFO [main] ql.Driver: Executing command(queryId=alex_20240424063101_e3daf34c-86b1-40af-89f7-73457f28f96a): drop table if exists nonAcidOrcTbl
2024-04-24T06:31:01,882  INFO [main] ql.Driver: Starting task [Stage-0:DDL] in serial mode
2024-04-24T06:31:01,882  INFO [main] HiveMetaStore.audit: ugi=alex	ip=unknown-ip-addr	cmd=get_table : tbl=hive.default.nonAcidOrcTbl	
2024-04-24T06:31:01,885  INFO [main] metadata.Hive: Dumping metastore api call timing information for : execution phase
2024-04-24T06:31:01,885  INFO [main] metadata.Hive: Total time spent in each metastore function (ms): {isCompatibleWith_(Configuration)=0}
2024-04-24T06:31:01,885  INFO [main] ql.Driver: Completed executing command(queryId=alex_20240424063101_e3daf34c-86b1-40af-89f7-73457f28f96a); Time taken: 0.003 seconds
2024-04-24T06:31:01,885  INFO [main] lockmgr.DbTxnManager: Stopped heartbeat for query: alex_20240424063101_e3daf34c-86b1-40af-89f7-73457f28f96a
2024-04-24T06:31:01,892  INFO [main] txn.TxnHandler: Expected to move at least one record from txn_components to completed_txn_components when committing txn! txnid:4
2024-04-24T06:31:01,899  INFO [main] txn.TxnHandler: Removed transactions: ([4]) from MIN_HISTORY_LEVEL
2024-04-24T06:31:01,899  WARN [main] txn.CompactionTxnHandler: No compaction queue record found for Compaction type transaction commit. txnId:4
2024-04-24T06:31:01,900  INFO [main] ql.TxnCommandsBaseForTests: Running the query: drop table if exists nonAcidOrcTbl2
2024-04-24T06:31:01,900  INFO [main] ql.Driver: Compiling command(queryId=alex_20240424063101_346bbb46-8674-4138-a9fc-0ecbf7d1e889): drop table if exists nonAcidOrcTbl2
2024-04-24T06:31:01,902  INFO [main] txn.TxnHandler: Added entries to MIN_HISTORY_LEVEL for current txns: ([5]) with min_open_txn: 1
2024-04-24T06:31:01,902  INFO [main] lockmgr.DbTxnManager: Opened txnid:5
2024-04-24T06:31:01,903  INFO [main] HiveMetaStore.audit: ugi=alex	ip=unknown-ip-addr	cmd=get_table : tbl=hive.default.nonAcidOrcTbl2	
2024-04-24T06:31:01,905  INFO [main] ql.Driver: Semantic Analysis Completed (retrial = false)
2024-04-24T06:31:01,905  INFO [main] ql.Driver: Created Hive schema: Schema(fieldSchemas:null, properties:null)
2024-04-24T06:31:01,905  INFO [main] metadata.Hive: Dumping metastore api call timing information for : compilation phase
2024-04-24T06:31:01,906  INFO [main] metadata.Hive: Total time spent in each metastore function (ms): {flushCache_()=0, openTxn_(String, TxnType)=2, isCompatibleWith_(Configuration)=0, commitTxn_(CommitTxnRequest)=14, getValidTxns_(long)=1}
2024-04-24T06:31:01,906  INFO [main] ql.Driver: Completed compiling command(queryId=alex_20240424063101_346bbb46-8674-4138-a9fc-0ecbf7d1e889); Time taken: 0.005 seconds
2024-04-24T06:31:01,906  INFO [main] lockmgr.DbTxnManager: Setting lock request transaction to txnid:5 for queryId=alex_20240424063101_346bbb46-8674-4138-a9fc-0ecbf7d1e889
2024-04-24T06:31:01,906  INFO [main] ql.Driver: Operation DROPTABLE obtained 0 locks
2024-04-24T06:31:01,906  INFO [main] ql.Driver: Executing command(queryId=alex_20240424063101_346bbb46-8674-4138-a9fc-0ecbf7d1e889): drop table if exists nonAcidOrcTbl2
2024-04-24T06:31:01,906  INFO [main] ql.Driver: Starting task [Stage-0:DDL] in serial mode
2024-04-24T06:31:01,906  INFO [main] HiveMetaStore.audit: ugi=alex	ip=unknown-ip-addr	cmd=get_table : tbl=hive.default.nonAcidOrcTbl2	
2024-04-24T06:31:01,909  INFO [main] metadata.Hive: Dumping metastore api call timing information for : execution phase
2024-04-24T06:31:01,909  INFO [main] metadata.Hive: Total time spent in each metastore function (ms): {isCompatibleWith_(Configuration)=0}
2024-04-24T06:31:01,909  INFO [main] ql.Driver: Completed executing command(queryId=alex_20240424063101_346bbb46-8674-4138-a9fc-0ecbf7d1e889); Time taken: 0.003 seconds
2024-04-24T06:31:01,909  INFO [main] lockmgr.DbTxnManager: Stopped heartbeat for query: alex_20240424063101_346bbb46-8674-4138-a9fc-0ecbf7d1e889
2024-04-24T06:31:01,916  INFO [main] txn.TxnHandler: Expected to move at least one record from txn_components to completed_txn_components when committing txn! txnid:5
2024-04-24T06:31:01,924  INFO [main] txn.TxnHandler: Removed transactions: ([5]) from MIN_HISTORY_LEVEL
2024-04-24T06:31:01,924  WARN [main] txn.CompactionTxnHandler: No compaction queue record found for Compaction type transaction commit. txnId:5
2024-04-24T06:31:01,924  INFO [main] ql.TxnCommandsBaseForTests: Running the query: drop table if exists nonAcidNonBucket
2024-04-24T06:31:01,924  INFO [main] ql.Driver: Compiling command(queryId=alex_20240424063101_e9d31cc5-39a7-4e2b-969f-2cd54f405d6d): drop table if exists nonAcidNonBucket
2024-04-24T06:31:01,927  INFO [main] txn.TxnHandler: Added entries to MIN_HISTORY_LEVEL for current txns: ([6]) with min_open_txn: 1
2024-04-24T06:31:01,927  INFO [main] lockmgr.DbTxnManager: Opened txnid:6
2024-04-24T06:31:01,927  INFO [main] HiveMetaStore.audit: ugi=alex	ip=unknown-ip-addr	cmd=get_table : tbl=hive.default.nonAcidNonBucket	
2024-04-24T06:31:01,930  INFO [main] ql.Driver: Semantic Analysis Completed (retrial = false)
2024-04-24T06:31:01,930  INFO [main] ql.Driver: Created Hive schema: Schema(fieldSchemas:null, properties:null)
2024-04-24T06:31:01,930  INFO [main] metadata.Hive: Dumping metastore api call timing information for : compilation phase
2024-04-24T06:31:01,930  INFO [main] metadata.Hive: Total time spent in each metastore function (ms): {flushCache_()=0, openTxn_(String, TxnType)=2, commitTxn_(CommitTxnRequest)=15, getValidTxns_(long)=0, isCompatibleWith_(Configuration)=0}
2024-04-24T06:31:01,930  INFO [main] ql.Driver: Completed compiling command(queryId=alex_20240424063101_e9d31cc5-39a7-4e2b-969f-2cd54f405d6d); Time taken: 0.006 seconds
2024-04-24T06:31:01,931  INFO [main] lockmgr.DbTxnManager: Setting lock request transaction to txnid:6 for queryId=alex_20240424063101_e9d31cc5-39a7-4e2b-969f-2cd54f405d6d
2024-04-24T06:31:01,931  INFO [main] ql.Driver: Operation DROPTABLE obtained 0 locks
2024-04-24T06:31:01,931  INFO [main] ql.Driver: Executing command(queryId=alex_20240424063101_e9d31cc5-39a7-4e2b-969f-2cd54f405d6d): drop table if exists nonAcidNonBucket
2024-04-24T06:31:01,931  INFO [main] ql.Driver: Starting task [Stage-0:DDL] in serial mode
2024-04-24T06:31:01,931  INFO [main] HiveMetaStore.audit: ugi=alex	ip=unknown-ip-addr	cmd=get_table : tbl=hive.default.nonAcidNonBucket	
2024-04-24T06:31:01,934  INFO [main] metadata.Hive: Dumping metastore api call timing information for : execution phase
2024-04-24T06:31:01,934  INFO [main] metadata.Hive: Total time spent in each metastore function (ms): {isCompatibleWith_(Configuration)=0}
2024-04-24T06:31:01,934  INFO [main] ql.Driver: Completed executing command(queryId=alex_20240424063101_e9d31cc5-39a7-4e2b-969f-2cd54f405d6d); Time taken: 0.003 seconds
2024-04-24T06:31:01,934  INFO [main] lockmgr.DbTxnManager: Stopped heartbeat for query: alex_20240424063101_e9d31cc5-39a7-4e2b-969f-2cd54f405d6d
2024-04-24T06:31:01,940  INFO [main] txn.TxnHandler: Expected to move at least one record from txn_components to completed_txn_components when committing txn! txnid:6
2024-04-24T06:31:01,948  INFO [main] txn.TxnHandler: Removed transactions: ([6]) from MIN_HISTORY_LEVEL
2024-04-24T06:31:01,948  WARN [main] txn.CompactionTxnHandler: No compaction queue record found for Compaction type transaction commit. txnId:6
2024-04-24T06:31:01,948  INFO [main] ql.TxnCommandsBaseForTests: Running the query: create table acidTbl(a int, b int) clustered by (a) into 2 buckets stored as orc TBLPROPERTIES ('transactional'='true')
2024-04-24T06:31:01,949  INFO [main] ql.Driver: Compiling command(queryId=alex_20240424063101_3d1014de-729a-4c7e-8a6d-e8059beb3d8a): create table acidTbl(a int, b int) clustered by (a) into 2 buckets stored as orc TBLPROPERTIES ('transactional'='true')
2024-04-24T06:31:01,951  INFO [main] txn.TxnHandler: Added entries to MIN_HISTORY_LEVEL for current txns: ([7]) with min_open_txn: 1
2024-04-24T06:31:01,951  INFO [main] lockmgr.DbTxnManager: Opened txnid:7
2024-04-24T06:31:01,952  INFO [main] parse.CalcitePlanner: Starting caching scope for: 
2024-04-24T06:31:01,952  INFO [main] parse.CalcitePlanner: Starting Semantic Analysis
2024-04-24T06:31:01,958  INFO [main] parse.CalcitePlanner: Creating table default.acidTbl position=13
2024-04-24T06:31:01,959  INFO [main] HiveMetaStore.audit: ugi=alex	ip=unknown-ip-addr	cmd=get_database: default	
2024-04-24T06:31:01,960  INFO [main] parse.CalcitePlanner: Ending caching scope for: 
2024-04-24T06:31:01,960  INFO [main] ql.Driver: Semantic Analysis Completed (retrial = false)
2024-04-24T06:31:01,960  INFO [main] ql.Driver: Created Hive schema: Schema(fieldSchemas:null, properties:null)
2024-04-24T06:31:01,960  INFO [main] metadata.Hive: Dumping metastore api call timing information for : compilation phase
2024-04-24T06:31:01,960  INFO [main] metadata.Hive: Total time spent in each metastore function (ms): {isCompatibleWith_(Configuration)=0, getDatabase_(String)=1, openTxn_(String, TxnType)=2, commitTxn_(CommitTxnRequest)=14, getValidWriteIds_(List, String)=6, flushCache_()=0, getValidTxns_(long)=1}
2024-04-24T06:31:01,961  INFO [main] ql.Driver: Completed compiling command(queryId=alex_20240424063101_3d1014de-729a-4c7e-8a6d-e8059beb3d8a); Time taken: 0.011 seconds
2024-04-24T06:31:01,961  INFO [main] lockmgr.DbTxnManager: Setting lock request transaction to txnid:7 for queryId=alex_20240424063101_3d1014de-729a-4c7e-8a6d-e8059beb3d8a
2024-04-24T06:31:01,961  INFO [main] lockmgr.DbLockManager: Requesting lock for queryId=alex_20240424063101_3d1014de-729a-4c7e-8a6d-e8059beb3d8a
2024-04-24T06:31:01,982  INFO [main] lockmgr.DbLockManager: Response to queryId=alex_20240424063101_3d1014de-729a-4c7e-8a6d-e8059beb3d8a LockResponse(lockid:1, state:ACQUIRED)
2024-04-24T06:31:01,982  INFO [main] ql.Driver: Operation CREATETABLE obtained 1 locks
2024-04-24T06:31:01,983  INFO [main] ql.Driver: Executing command(queryId=alex_20240424063101_3d1014de-729a-4c7e-8a6d-e8059beb3d8a): create table acidTbl(a int, b int) clustered by (a) into 2 buckets stored as orc TBLPROPERTIES ('transactional'='true')
2024-04-24T06:31:01,983  INFO [main] ql.Driver: Starting task [Stage-0:DDL] in serial mode
2024-04-24T06:31:01,984  INFO [main] HiveMetaStore.audit: ugi=alex	ip=unknown-ip-addr	cmd=create_table_req: Table(tableName:acidTbl, dbName:default, owner:alex, createTime:1713965461, lastAccessTime:0, retention:0, sd:StorageDescriptor(cols:[FieldSchema(name:a, type:int, comment:null), FieldSchema(name:b, type:int, comment:null)], location:null, inputFormat:org.apache.hadoop.hive.ql.io.orc.OrcInputFormat, outputFormat:org.apache.hadoop.hive.ql.io.orc.OrcOutputFormat, compressed:false, numBuckets:2, serdeInfo:SerDeInfo(name:null, serializationLib:org.apache.hadoop.hive.ql.io.orc.OrcSerde, parameters:{serialization.format=1}), bucketCols:[a], sortCols:[], parameters:{}, skewedInfo:SkewedInfo(skewedColNames:[], skewedColValues:[], skewedColValueLocationMaps:{}), storedAsSubDirectories:false), partitionKeys:[], parameters:{numRows=0, numFilesErasureCoded=0, COLUMN_STATS_ACCURATE={"BASIC_STATS":"true","COLUMN_STATS":{"a":"true","b":"true"}}, transactional=true, bucketing_version=2, totalSize=0, rawDataSize=0, numFiles=0}, viewOriginalText:null, viewExpandedText:null, tableType:MANAGED_TABLE, privileges:PrincipalPrivilegeSet(userPrivileges:{alex=[PrivilegeGrantInfo(privilege:INSERT, createTime:-1, grantor:alex, grantorType:USER, grantOption:true), PrivilegeGrantInfo(privilege:SELECT, createTime:-1, grantor:alex, grantorType:USER, grantOption:true), PrivilegeGrantInfo(privilege:UPDATE, createTime:-1, grantor:alex, grantorType:USER, grantOption:true), PrivilegeGrantInfo(privilege:DELETE, createTime:-1, grantor:alex, grantorType:USER, grantOption:true)]}, groupPrivileges:null, rolePrivileges:null), temporary:false, catName:hive, ownerType:USER, writeId:0)	
2024-04-24T06:31:01,989  INFO [main] utils.FileUtils: Creating directory if it doesn't exist: file:/home/alex/Repositories/hive/ql/target/tmp/org.apache.hadoop.hive.ql.TestTxnCommands-1713965238357/warehouse/acidtbl
2024-04-24T06:31:02,027  INFO [main] metadata.Hive: Dumping metastore api call timing information for : execution phase
2024-04-24T06:31:02,027  INFO [main] metadata.Hive: Total time spent in each metastore function (ms): {isCompatibleWith_(Configuration)=0, createTable_(Table)=44}
2024-04-24T06:31:02,027  INFO [main] ql.Driver: Completed executing command(queryId=alex_20240424063101_3d1014de-729a-4c7e-8a6d-e8059beb3d8a); Time taken: 0.044 seconds
2024-04-24T06:31:02,027  INFO [main] lockmgr.DbTxnManager: Stopped heartbeat for query: alex_20240424063101_3d1014de-729a-4c7e-8a6d-e8059beb3d8a
2024-04-24T06:31:02,032  INFO [main] txn.TxnHandler: Expected to move at least one record from txn_components to completed_txn_components when committing txn! txnid:7
2024-04-24T06:31:02,040  INFO [main] txn.TxnHandler: Removed transactions: ([7]) from MIN_HISTORY_LEVEL
2024-04-24T06:31:02,040  WARN [main] txn.CompactionTxnHandler: No compaction queue record found for Compaction type transaction commit. txnId:7
2024-04-24T06:31:02,040  INFO [main] ql.TxnCommandsBaseForTests: Running the query: create table acidTblPart(a int, b int) partitioned by (p string) clustered by (a) into 2 buckets stored as orc TBLPROPERTIES ('transactional'='true')
2024-04-24T06:31:02,041  INFO [main] ql.Driver: Compiling command(queryId=alex_20240424063102_256e508b-5a52-4ec8-822b-c242cbb9a04b): create table acidTblPart(a int, b int) partitioned by (p string) clustered by (a) into 2 buckets stored as orc TBLPROPERTIES ('transactional'='true')
2024-04-24T06:31:02,043  INFO [main] txn.TxnHandler: Added entries to MIN_HISTORY_LEVEL for current txns: ([8]) with min_open_txn: 1
2024-04-24T06:31:02,043  INFO [main] lockmgr.DbTxnManager: Opened txnid:8
2024-04-24T06:31:02,044  INFO [main] parse.CalcitePlanner: Starting caching scope for: 
2024-04-24T06:31:02,044  INFO [main] parse.CalcitePlanner: Starting Semantic Analysis
2024-04-24T06:31:02,046  INFO [main] parse.CalcitePlanner: Creating table default.acidTblPart position=13
2024-04-24T06:31:02,047  INFO [main] HiveMetaStore.audit: ugi=alex	ip=unknown-ip-addr	cmd=get_database: default	
2024-04-24T06:31:02,048  INFO [main] parse.CalcitePlanner: Ending caching scope for: 
2024-04-24T06:31:02,048  INFO [main] ql.Driver: Semantic Analysis Completed (retrial = false)
2024-04-24T06:31:02,048  INFO [main] ql.Driver: Created Hive schema: Schema(fieldSchemas:null, properties:null)
2024-04-24T06:31:02,048  INFO [main] metadata.Hive: Dumping metastore api call timing information for : compilation phase
2024-04-24T06:31:02,048  INFO [main] metadata.Hive: Total time spent in each metastore function (ms): {isCompatibleWith_(Configuration)=2, openTxn_(String, TxnType)=2, getDatabase_(String)=1, getValidTxns_(long)=0, getValidWriteIds_(List, String)=2, flushCache_()=0, commitTxn_(CommitTxnRequest)=12}
2024-04-24T06:31:02,049  INFO [main] ql.Driver: Completed compiling command(queryId=alex_20240424063102_256e508b-5a52-4ec8-822b-c242cbb9a04b); Time taken: 0.007 seconds
2024-04-24T06:31:02,049  INFO [main] lockmgr.DbTxnManager: Setting lock request transaction to txnid:8 for queryId=alex_20240424063102_256e508b-5a52-4ec8-822b-c242cbb9a04b
2024-04-24T06:31:02,049  INFO [main] lockmgr.DbLockManager: Requesting lock for queryId=alex_20240424063102_256e508b-5a52-4ec8-822b-c242cbb9a04b
2024-04-24T06:31:02,065  INFO [main] lockmgr.DbLockManager: Response to queryId=alex_20240424063102_256e508b-5a52-4ec8-822b-c242cbb9a04b LockResponse(lockid:2, state:ACQUIRED)
2024-04-24T06:31:02,065  INFO [main] ql.Driver: Operation CREATETABLE obtained 1 locks
2024-04-24T06:31:02,066  INFO [main] ql.Driver: Executing command(queryId=alex_20240424063102_256e508b-5a52-4ec8-822b-c242cbb9a04b): create table acidTblPart(a int, b int) partitioned by (p string) clustered by (a) into 2 buckets stored as orc TBLPROPERTIES ('transactional'='true')
2024-04-24T06:31:02,066  INFO [main] ql.Driver: Starting task [Stage-0:DDL] in serial mode
2024-04-24T06:31:02,067  INFO [main] HiveMetaStore.audit: ugi=alex	ip=unknown-ip-addr	cmd=create_table_req: Table(tableName:acidTblPart, dbName:default, owner:alex, createTime:1713965462, lastAccessTime:0, retention:0, sd:StorageDescriptor(cols:[FieldSchema(name:a, type:int, comment:null), FieldSchema(name:b, type:int, comment:null)], location:null, inputFormat:org.apache.hadoop.hive.ql.io.orc.OrcInputFormat, outputFormat:org.apache.hadoop.hive.ql.io.orc.OrcOutputFormat, compressed:false, numBuckets:2, serdeInfo:SerDeInfo(name:null, serializationLib:org.apache.hadoop.hive.ql.io.orc.OrcSerde, parameters:{serialization.format=1}), bucketCols:[a], sortCols:[], parameters:{}, skewedInfo:SkewedInfo(skewedColNames:[], skewedColValues:[], skewedColValueLocationMaps:{}), storedAsSubDirectories:false), partitionKeys:[FieldSchema(name:p, type:string, comment:null)], parameters:{transactional=true, bucketing_version=2}, viewOriginalText:null, viewExpandedText:null, tableType:MANAGED_TABLE, privileges:PrincipalPrivilegeSet(userPrivileges:{alex=[PrivilegeGrantInfo(privilege:INSERT, createTime:-1, grantor:alex, grantorType:USER, grantOption:true), PrivilegeGrantInfo(privilege:SELECT, createTime:-1, grantor:alex, grantorType:USER, grantOption:true), PrivilegeGrantInfo(privilege:UPDATE, createTime:-1, grantor:alex, grantorType:USER, grantOption:true), PrivilegeGrantInfo(privilege:DELETE, createTime:-1, grantor:alex, grantorType:USER, grantOption:true)]}, groupPrivileges:null, rolePrivileges:null), temporary:false, catName:hive, ownerType:USER, writeId:0)	
2024-04-24T06:31:02,072  INFO [main] utils.FileUtils: Creating directory if it doesn't exist: file:/home/alex/Repositories/hive/ql/target/tmp/org.apache.hadoop.hive.ql.TestTxnCommands-1713965238357/warehouse/acidtblpart
2024-04-24T06:31:02,091  INFO [main] metadata.Hive: Dumping metastore api call timing information for : execution phase
2024-04-24T06:31:02,091  INFO [main] metadata.Hive: Total time spent in each metastore function (ms): {createTable_(Table)=25, isCompatibleWith_(Configuration)=0}
2024-04-24T06:31:02,091  INFO [main] ql.Driver: Completed executing command(queryId=alex_20240424063102_256e508b-5a52-4ec8-822b-c242cbb9a04b); Time taken: 0.025 seconds
2024-04-24T06:31:02,091  INFO [main] lockmgr.DbTxnManager: Stopped heartbeat for query: alex_20240424063102_256e508b-5a52-4ec8-822b-c242cbb9a04b
2024-04-24T06:31:02,096  INFO [main] txn.TxnHandler: Expected to move at least one record from txn_components to completed_txn_components when committing txn! txnid:8
2024-04-24T06:31:02,104  INFO [main] txn.TxnHandler: Removed transactions: ([8]) from MIN_HISTORY_LEVEL
2024-04-24T06:31:02,104  WARN [main] txn.CompactionTxnHandler: No compaction queue record found for Compaction type transaction commit. txnId:8
2024-04-24T06:31:02,105  INFO [main] ql.TxnCommandsBaseForTests: Running the query: create table nonAcidOrcTbl(a int, b int) clustered by (a) into 2 buckets stored as orc TBLPROPERTIES ('transactional'='false')
2024-04-24T06:31:02,105  INFO [main] ql.Driver: Compiling command(queryId=alex_20240424063102_87f71f90-a6a7-4beb-a73d-1594d49d02be): create table nonAcidOrcTbl(a int, b int) clustered by (a) into 2 buckets stored as orc TBLPROPERTIES ('transactional'='false')
2024-04-24T06:31:02,107  INFO [main] txn.TxnHandler: Added entries to MIN_HISTORY_LEVEL for current txns: ([9]) with min_open_txn: 1
2024-04-24T06:31:02,108  INFO [main] lockmgr.DbTxnManager: Opened txnid:9
2024-04-24T06:31:02,108  INFO [main] parse.CalcitePlanner: Starting caching scope for: 
2024-04-24T06:31:02,108  INFO [main] parse.CalcitePlanner: Starting Semantic Analysis
2024-04-24T06:31:02,111  INFO [main] parse.CalcitePlanner: Creating table default.nonAcidOrcTbl position=13
2024-04-24T06:31:02,111  INFO [main] HiveMetaStore.audit: ugi=alex	ip=unknown-ip-addr	cmd=get_database: default	
2024-04-24T06:31:02,112  INFO [main] parse.CalcitePlanner: Ending caching scope for: 
2024-04-24T06:31:02,112  INFO [main] ql.Driver: Semantic Analysis Completed (retrial = false)
2024-04-24T06:31:02,113  INFO [main] ql.Driver: Created Hive schema: Schema(fieldSchemas:null, properties:null)
2024-04-24T06:31:02,113  INFO [main] metadata.Hive: Dumping metastore api call timing information for : compilation phase
2024-04-24T06:31:02,113  INFO [main] metadata.Hive: Total time spent in each metastore function (ms): {getValidTxns_(long)=0, openTxn_(String, TxnType)=3, commitTxn_(CommitTxnRequest)=14, flushCache_()=0, getValidWriteIds_(List, String)=3, isCompatibleWith_(Configuration)=0, getDatabase_(String)=1}
2024-04-24T06:31:02,113  INFO [main] ql.Driver: Completed compiling command(queryId=alex_20240424063102_87f71f90-a6a7-4beb-a73d-1594d49d02be); Time taken: 0.008 seconds
2024-04-24T06:31:02,113  INFO [main] lockmgr.DbTxnManager: Setting lock request transaction to txnid:9 for queryId=alex_20240424063102_87f71f90-a6a7-4beb-a73d-1594d49d02be
2024-04-24T06:31:02,113  INFO [main] lockmgr.DbLockManager: Requesting lock for queryId=alex_20240424063102_87f71f90-a6a7-4beb-a73d-1594d49d02be
2024-04-24T06:31:02,130  INFO [main] lockmgr.DbLockManager: Response to queryId=alex_20240424063102_87f71f90-a6a7-4beb-a73d-1594d49d02be LockResponse(lockid:3, state:ACQUIRED)
2024-04-24T06:31:02,130  INFO [main] ql.Driver: Operation CREATETABLE obtained 1 locks
2024-04-24T06:31:02,130  INFO [main] ql.Driver: Executing command(queryId=alex_20240424063102_87f71f90-a6a7-4beb-a73d-1594d49d02be): create table nonAcidOrcTbl(a int, b int) clustered by (a) into 2 buckets stored as orc TBLPROPERTIES ('transactional'='false')
2024-04-24T06:31:02,130  INFO [main] ql.Driver: Starting task [Stage-0:DDL] in serial mode
2024-04-24T06:31:02,131  INFO [main] HiveMetaStore.audit: ugi=alex	ip=unknown-ip-addr	cmd=create_table_req: Table(tableName:nonAcidOrcTbl, dbName:default, owner:alex, createTime:1713965462, lastAccessTime:0, retention:0, sd:StorageDescriptor(cols:[FieldSchema(name:a, type:int, comment:null), FieldSchema(name:b, type:int, comment:null)], location:null, inputFormat:org.apache.hadoop.hive.ql.io.orc.OrcInputFormat, outputFormat:org.apache.hadoop.hive.ql.io.orc.OrcOutputFormat, compressed:false, numBuckets:2, serdeInfo:SerDeInfo(name:null, serializationLib:org.apache.hadoop.hive.ql.io.orc.OrcSerde, parameters:{serialization.format=1}), bucketCols:[a], sortCols:[], parameters:{}, skewedInfo:SkewedInfo(skewedColNames:[], skewedColValues:[], skewedColValueLocationMaps:{}), storedAsSubDirectories:false), partitionKeys:[], parameters:{COLUMN_STATS_ACCURATE={"BASIC_STATS":"true","COLUMN_STATS":{"a":"true","b":"true"}}, bucketing_version=2, numFiles=0, totalSize=0, rawDataSize=0, numFilesErasureCoded=0, transactional=false, numRows=0}, viewOriginalText:null, viewExpandedText:null, tableType:MANAGED_TABLE, privileges:PrincipalPrivilegeSet(userPrivileges:{alex=[PrivilegeGrantInfo(privilege:INSERT, createTime:-1, grantor:alex, grantorType:USER, grantOption:true), PrivilegeGrantInfo(privilege:SELECT, createTime:-1, grantor:alex, grantorType:USER, grantOption:true), PrivilegeGrantInfo(privilege:UPDATE, createTime:-1, grantor:alex, grantorType:USER, grantOption:true), PrivilegeGrantInfo(privilege:DELETE, createTime:-1, grantor:alex, grantorType:USER, grantOption:true)]}, groupPrivileges:null, rolePrivileges:null), temporary:false, catName:hive, ownerType:USER)	
2024-04-24T06:31:02,136  INFO [main] utils.FileUtils: Creating directory if it doesn't exist: file:/home/alex/Repositories/hive/ql/target/tmp/org.apache.hadoop.hive.ql.TestTxnCommands-1713965238357/warehouse/nonacidorctbl
2024-04-24T06:31:02,150  INFO [main] metadata.Hive: Dumping metastore api call timing information for : execution phase
2024-04-24T06:31:02,150  INFO [main] metadata.Hive: Total time spent in each metastore function (ms): {isCompatibleWith_(Configuration)=0, createTable_(Table)=19}
2024-04-24T06:31:02,150  INFO [main] ql.Driver: Completed executing command(queryId=alex_20240424063102_87f71f90-a6a7-4beb-a73d-1594d49d02be); Time taken: 0.02 seconds
2024-04-24T06:31:02,150  INFO [main] lockmgr.DbTxnManager: Stopped heartbeat for query: alex_20240424063102_87f71f90-a6a7-4beb-a73d-1594d49d02be
2024-04-24T06:31:02,155  INFO [main] txn.TxnHandler: Expected to move at least one record from txn_components to completed_txn_components when committing txn! txnid:9
2024-04-24T06:31:02,163  INFO [main] txn.TxnHandler: Removed transactions: ([9]) from MIN_HISTORY_LEVEL
2024-04-24T06:31:02,163  WARN [main] txn.CompactionTxnHandler: No compaction queue record found for Compaction type transaction commit. txnId:9
2024-04-24T06:31:02,164  INFO [main] ql.TxnCommandsBaseForTests: Running the query: create table nonAcidOrcTbl2(a int, b int) clustered by (a) into 2 buckets stored as orc TBLPROPERTIES ('transactional'='false')
2024-04-24T06:31:02,164  INFO [main] ql.Driver: Compiling command(queryId=alex_20240424063102_d2fc4101-cbae-4ba4-9d97-c04c690e90ad): create table nonAcidOrcTbl2(a int, b int) clustered by (a) into 2 buckets stored as orc TBLPROPERTIES ('transactional'='false')
2024-04-24T06:31:02,166  INFO [main] txn.TxnHandler: Added entries to MIN_HISTORY_LEVEL for current txns: ([10]) with min_open_txn: 1
2024-04-24T06:31:02,166  INFO [main] lockmgr.DbTxnManager: Opened txnid:10
2024-04-24T06:31:02,167  INFO [main] parse.CalcitePlanner: Starting caching scope for: 
2024-04-24T06:31:02,167  INFO [main] parse.CalcitePlanner: Starting Semantic Analysis
2024-04-24T06:31:02,170  INFO [main] parse.CalcitePlanner: Creating table default.nonAcidOrcTbl2 position=13
2024-04-24T06:31:02,170  INFO [main] HiveMetaStore.audit: ugi=alex	ip=unknown-ip-addr	cmd=get_database: default	
2024-04-24T06:31:02,172  INFO [main] parse.CalcitePlanner: Ending caching scope for: 
2024-04-24T06:31:02,172  INFO [main] ql.Driver: Semantic Analysis Completed (retrial = false)
2024-04-24T06:31:02,172  INFO [main] ql.Driver: Created Hive schema: Schema(fieldSchemas:null, properties:null)
2024-04-24T06:31:02,172  INFO [main] metadata.Hive: Dumping metastore api call timing information for : compilation phase
2024-04-24T06:31:02,172  INFO [main] metadata.Hive: Total time spent in each metastore function (ms): {getValidTxns_(long)=0, flushCache_()=0, getDatabase_(String)=2, getValidWriteIds_(List, String)=3, isCompatibleWith_(Configuration)=0, commitTxn_(CommitTxnRequest)=13, openTxn_(String, TxnType)=2}
2024-04-24T06:31:02,172  INFO [main] ql.Driver: Completed compiling command(queryId=alex_20240424063102_d2fc4101-cbae-4ba4-9d97-c04c690e90ad); Time taken: 0.008 seconds
2024-04-24T06:31:02,172  INFO [main] lockmgr.DbTxnManager: Setting lock request transaction to txnid:10 for queryId=alex_20240424063102_d2fc4101-cbae-4ba4-9d97-c04c690e90ad
2024-04-24T06:31:02,172  INFO [main] lockmgr.DbLockManager: Requesting lock for queryId=alex_20240424063102_d2fc4101-cbae-4ba4-9d97-c04c690e90ad
2024-04-24T06:31:02,189  INFO [main] lockmgr.DbLockManager: Response to queryId=alex_20240424063102_d2fc4101-cbae-4ba4-9d97-c04c690e90ad LockResponse(lockid:4, state:ACQUIRED)
2024-04-24T06:31:02,189  INFO [main] ql.Driver: Operation CREATETABLE obtained 1 locks
2024-04-24T06:31:02,189  INFO [main] ql.Driver: Executing command(queryId=alex_20240424063102_d2fc4101-cbae-4ba4-9d97-c04c690e90ad): create table nonAcidOrcTbl2(a int, b int) clustered by (a) into 2 buckets stored as orc TBLPROPERTIES ('transactional'='false')
2024-04-24T06:31:02,189  INFO [main] ql.Driver: Starting task [Stage-0:DDL] in serial mode
2024-04-24T06:31:02,190  INFO [main] HiveMetaStore.audit: ugi=alex	ip=unknown-ip-addr	cmd=create_table_req: Table(tableName:nonAcidOrcTbl2, dbName:default, owner:alex, createTime:1713965462, lastAccessTime:0, retention:0, sd:StorageDescriptor(cols:[FieldSchema(name:a, type:int, comment:null), FieldSchema(name:b, type:int, comment:null)], location:null, inputFormat:org.apache.hadoop.hive.ql.io.orc.OrcInputFormat, outputFormat:org.apache.hadoop.hive.ql.io.orc.OrcOutputFormat, compressed:false, numBuckets:2, serdeInfo:SerDeInfo(name:null, serializationLib:org.apache.hadoop.hive.ql.io.orc.OrcSerde, parameters:{serialization.format=1}), bucketCols:[a], sortCols:[], parameters:{}, skewedInfo:SkewedInfo(skewedColNames:[], skewedColValues:[], skewedColValueLocationMaps:{}), storedAsSubDirectories:false), partitionKeys:[], parameters:{numFiles=0, COLUMN_STATS_ACCURATE={"BASIC_STATS":"true","COLUMN_STATS":{"a":"true","b":"true"}}, transactional=false, rawDataSize=0, totalSize=0, bucketing_version=2, numFilesErasureCoded=0, numRows=0}, viewOriginalText:null, viewExpandedText:null, tableType:MANAGED_TABLE, privileges:PrincipalPrivilegeSet(userPrivileges:{alex=[PrivilegeGrantInfo(privilege:INSERT, createTime:-1, grantor:alex, grantorType:USER, grantOption:true), PrivilegeGrantInfo(privilege:SELECT, createTime:-1, grantor:alex, grantorType:USER, grantOption:true), PrivilegeGrantInfo(privilege:UPDATE, createTime:-1, grantor:alex, grantorType:USER, grantOption:true), PrivilegeGrantInfo(privilege:DELETE, createTime:-1, grantor:alex, grantorType:USER, grantOption:true)]}, groupPrivileges:null, rolePrivileges:null), temporary:false, catName:hive, ownerType:USER)	
2024-04-24T06:31:02,195  INFO [main] utils.FileUtils: Creating directory if it doesn't exist: file:/home/alex/Repositories/hive/ql/target/tmp/org.apache.hadoop.hive.ql.TestTxnCommands-1713965238357/warehouse/nonacidorctbl2
2024-04-24T06:31:02,209  INFO [main] metadata.Hive: Dumping metastore api call timing information for : execution phase
2024-04-24T06:31:02,209  INFO [main] metadata.Hive: Total time spent in each metastore function (ms): {createTable_(Table)=19, isCompatibleWith_(Configuration)=1}
2024-04-24T06:31:02,209  INFO [main] ql.Driver: Completed executing command(queryId=alex_20240424063102_d2fc4101-cbae-4ba4-9d97-c04c690e90ad); Time taken: 0.02 seconds
2024-04-24T06:31:02,209  INFO [main] lockmgr.DbTxnManager: Stopped heartbeat for query: alex_20240424063102_d2fc4101-cbae-4ba4-9d97-c04c690e90ad
2024-04-24T06:31:02,214  INFO [main] txn.TxnHandler: Expected to move at least one record from txn_components to completed_txn_components when committing txn! txnid:10
2024-04-24T06:31:02,223  INFO [main] txn.TxnHandler: Removed transactions: ([10]) from MIN_HISTORY_LEVEL
2024-04-24T06:31:02,223  WARN [main] txn.CompactionTxnHandler: No compaction queue record found for Compaction type transaction commit. txnId:10
2024-04-24T06:31:02,224  INFO [main] ql.TxnCommandsBaseForTests: Running the query: create temporary  table acidTbl2(a int, b int, c int) clustered by (c) into 2 buckets stored as orc TBLPROPERTIES ('transactional'='true')
2024-04-24T06:31:02,224  INFO [main] ql.Driver: Compiling command(queryId=alex_20240424063102_b1c506e7-2cce-4de1-b887-2ecd39f8735c): create temporary  table acidTbl2(a int, b int, c int) clustered by (c) into 2 buckets stored as orc TBLPROPERTIES ('transactional'='true')
2024-04-24T06:31:02,226  INFO [main] txn.TxnHandler: Added entries to MIN_HISTORY_LEVEL for current txns: ([11]) with min_open_txn: 1
2024-04-24T06:31:02,227  INFO [main] lockmgr.DbTxnManager: Opened txnid:11
2024-04-24T06:31:02,227  INFO [main] parse.CalcitePlanner: Starting caching scope for: 
2024-04-24T06:31:02,227  INFO [main] parse.CalcitePlanner: Starting Semantic Analysis
2024-04-24T06:31:02,230  INFO [main] parse.CalcitePlanner: Creating table default.acidTbl2 position=24
2024-04-24T06:31:02,230  INFO [main] HiveMetaStore.audit: ugi=alex	ip=unknown-ip-addr	cmd=get_database: default	
2024-04-24T06:31:02,232  INFO [main] parse.CalcitePlanner: Ending caching scope for: 
2024-04-24T06:31:02,232  INFO [main] ql.Driver: Semantic Analysis Completed (retrial = false)
2024-04-24T06:31:02,232  INFO [main] ql.Driver: Created Hive schema: Schema(fieldSchemas:null, properties:null)
2024-04-24T06:31:02,232  INFO [main] metadata.Hive: Dumping metastore api call timing information for : compilation phase
2024-04-24T06:31:02,232  INFO [main] metadata.Hive: Total time spent in each metastore function (ms): {getValidTxns_(long)=0, openTxn_(String, TxnType)=3, commitTxn_(CommitTxnRequest)=14, flushCache_()=0, isCompatibleWith_(Configuration)=0, getDatabase_(String)=2, getValidWriteIds_(List, String)=3}
2024-04-24T06:31:02,232  INFO [main] ql.Driver: Completed compiling command(queryId=alex_20240424063102_b1c506e7-2cce-4de1-b887-2ecd39f8735c); Time taken: 0.008 seconds
2024-04-24T06:31:02,232  INFO [main] lockmgr.DbTxnManager: Setting lock request transaction to txnid:11 for queryId=alex_20240424063102_b1c506e7-2cce-4de1-b887-2ecd39f8735c
2024-04-24T06:31:02,233  INFO [main] lockmgr.DbLockManager: Requesting lock for queryId=alex_20240424063102_b1c506e7-2cce-4de1-b887-2ecd39f8735c
2024-04-24T06:31:02,250  INFO [main] lockmgr.DbLockManager: Response to queryId=alex_20240424063102_b1c506e7-2cce-4de1-b887-2ecd39f8735c LockResponse(lockid:5, state:ACQUIRED)
2024-04-24T06:31:02,250  INFO [main] ql.Driver: Operation CREATETABLE obtained 1 locks
2024-04-24T06:31:02,251  INFO [main] ql.Driver: Executing command(queryId=alex_20240424063102_b1c506e7-2cce-4de1-b887-2ecd39f8735c): create temporary  table acidTbl2(a int, b int, c int) clustered by (c) into 2 buckets stored as orc TBLPROPERTIES ('transactional'='true')
2024-04-24T06:31:02,251  INFO [main] ql.Driver: Starting task [Stage-0:DDL] in serial mode
2024-04-24T06:31:02,252  INFO [main] utils.FileUtils: Creating directory if it doesn't exist: file:/home/alex/Repositories/hive/ql/target/tmp/scratchdir/alex/5c35a581-afc1-4a9e-9a1e-95717502db7b/_tmp_space.db/bbde71d7-cac3-4136-93c7-ac94d58d7f08
2024-04-24T06:31:02,255  INFO [main] metadata.Hive: Dumping metastore api call timing information for : execution phase
2024-04-24T06:31:02,255  INFO [main] metadata.Hive: Total time spent in each metastore function (ms): {createTable_(Table)=2, isCompatibleWith_(Configuration)=0}
2024-04-24T06:31:02,255  INFO [main] ql.Driver: Completed executing command(queryId=alex_20240424063102_b1c506e7-2cce-4de1-b887-2ecd39f8735c); Time taken: 0.004 seconds
2024-04-24T06:31:02,255  INFO [main] lockmgr.DbTxnManager: Stopped heartbeat for query: alex_20240424063102_b1c506e7-2cce-4de1-b887-2ecd39f8735c
2024-04-24T06:31:02,260  INFO [main] txn.TxnHandler: Expected to move at least one record from txn_components to completed_txn_components when committing txn! txnid:11
2024-04-24T06:31:02,267  INFO [main] txn.TxnHandler: Removed transactions: ([11]) from MIN_HISTORY_LEVEL
2024-04-24T06:31:02,267  WARN [main] txn.CompactionTxnHandler: No compaction queue record found for Compaction type transaction commit. txnId:11
2024-04-24T06:31:02,268  INFO [main] ql.TxnCommandsBaseForTests: Running the query: create table nonAcidNonBucket(a int, b int) stored as orc TBLPROPERTIES ('transactional'='false')
2024-04-24T06:31:02,268  INFO [main] ql.Driver: Compiling command(queryId=alex_20240424063102_f4f9c5a5-47e4-44f2-a249-a14030d1d0fc): create table nonAcidNonBucket(a int, b int) stored as orc TBLPROPERTIES ('transactional'='false')
2024-04-24T06:31:02,270  INFO [main] txn.TxnHandler: Added entries to MIN_HISTORY_LEVEL for current txns: ([12]) with min_open_txn: 1
2024-04-24T06:31:02,271  INFO [main] lockmgr.DbTxnManager: Opened txnid:12
2024-04-24T06:31:02,271  INFO [main] parse.CalcitePlanner: Starting caching scope for: 
2024-04-24T06:31:02,271  INFO [main] parse.CalcitePlanner: Starting Semantic Analysis
2024-04-24T06:31:02,274  INFO [main] parse.CalcitePlanner: Creating table default.nonAcidNonBucket position=13
2024-04-24T06:31:02,274  INFO [main] HiveMetaStore.audit: ugi=alex	ip=unknown-ip-addr	cmd=get_database: default	
2024-04-24T06:31:02,275  INFO [main] parse.CalcitePlanner: Ending caching scope for: 
2024-04-24T06:31:02,275  INFO [main] ql.Driver: Semantic Analysis Completed (retrial = false)
2024-04-24T06:31:02,275  INFO [main] ql.Driver: Created Hive schema: Schema(fieldSchemas:null, properties:null)
2024-04-24T06:31:02,275  INFO [main] metadata.Hive: Dumping metastore api call timing information for : compilation phase
2024-04-24T06:31:02,275  INFO [main] metadata.Hive: Total time spent in each metastore function (ms): {getDatabase_(String)=1, isCompatibleWith_(Configuration)=0, getValidTxns_(long)=0, openTxn_(String, TxnType)=3, flushCache_()=0, getValidWriteIds_(List, String)=2, commitTxn_(CommitTxnRequest)=13}
2024-04-24T06:31:02,276  INFO [main] ql.Driver: Completed compiling command(queryId=alex_20240424063102_f4f9c5a5-47e4-44f2-a249-a14030d1d0fc); Time taken: 0.007 seconds
2024-04-24T06:31:02,276  INFO [main] lockmgr.DbTxnManager: Setting lock request transaction to txnid:12 for queryId=alex_20240424063102_f4f9c5a5-47e4-44f2-a249-a14030d1d0fc
2024-04-24T06:31:02,276  INFO [main] lockmgr.DbLockManager: Requesting lock for queryId=alex_20240424063102_f4f9c5a5-47e4-44f2-a249-a14030d1d0fc
2024-04-24T06:31:02,291  INFO [main] lockmgr.DbLockManager: Response to queryId=alex_20240424063102_f4f9c5a5-47e4-44f2-a249-a14030d1d0fc LockResponse(lockid:6, state:ACQUIRED)
2024-04-24T06:31:02,292  INFO [main] ql.Driver: Operation CREATETABLE obtained 1 locks
2024-04-24T06:31:02,292  INFO [main] ql.Driver: Executing command(queryId=alex_20240424063102_f4f9c5a5-47e4-44f2-a249-a14030d1d0fc): create table nonAcidNonBucket(a int, b int) stored as orc TBLPROPERTIES ('transactional'='false')
2024-04-24T06:31:02,292  INFO [main] ql.Driver: Starting task [Stage-0:DDL] in serial mode
2024-04-24T06:31:02,293  INFO [main] HiveMetaStore.audit: ugi=alex	ip=unknown-ip-addr	cmd=create_table_req: Table(tableName:nonAcidNonBucket, dbName:default, owner:alex, createTime:1713965462, lastAccessTime:0, retention:0, sd:StorageDescriptor(cols:[FieldSchema(name:a, type:int, comment:null), FieldSchema(name:b, type:int, comment:null)], location:null, inputFormat:org.apache.hadoop.hive.ql.io.orc.OrcInputFormat, outputFormat:org.apache.hadoop.hive.ql.io.orc.OrcOutputFormat, compressed:false, numBuckets:-1, serdeInfo:SerDeInfo(name:null, serializationLib:org.apache.hadoop.hive.ql.io.orc.OrcSerde, parameters:{serialization.format=1}), bucketCols:[], sortCols:[], parameters:{}, skewedInfo:SkewedInfo(skewedColNames:[], skewedColValues:[], skewedColValueLocationMaps:{}), storedAsSubDirectories:false), partitionKeys:[], parameters:{COLUMN_STATS_ACCURATE={"BASIC_STATS":"true","COLUMN_STATS":{"a":"true","b":"true"}}, numFiles=0, bucketing_version=2, totalSize=0, rawDataSize=0, numRows=0, numFilesErasureCoded=0, transactional=false}, viewOriginalText:null, viewExpandedText:null, tableType:MANAGED_TABLE, privileges:PrincipalPrivilegeSet(userPrivileges:{alex=[PrivilegeGrantInfo(privilege:INSERT, createTime:-1, grantor:alex, grantorType:USER, grantOption:true), PrivilegeGrantInfo(privilege:SELECT, createTime:-1, grantor:alex, grantorType:USER, grantOption:true), PrivilegeGrantInfo(privilege:UPDATE, createTime:-1, grantor:alex, grantorType:USER, grantOption:true), PrivilegeGrantInfo(privilege:DELETE, createTime:-1, grantor:alex, grantorType:USER, grantOption:true)]}, groupPrivileges:null, rolePrivileges:null), temporary:false, catName:hive, ownerType:USER)	
2024-04-24T06:31:02,298  INFO [main] utils.FileUtils: Creating directory if it doesn't exist: file:/home/alex/Repositories/hive/ql/target/tmp/org.apache.hadoop.hive.ql.TestTxnCommands-1713965238357/warehouse/nonacidnonbucket
2024-04-24T06:31:02,310  INFO [main] metadata.Hive: Dumping metastore api call timing information for : execution phase
2024-04-24T06:31:02,310  INFO [main] metadata.Hive: Total time spent in each metastore function (ms): {createTable_(Table)=18, isCompatibleWith_(Configuration)=0}
2024-04-24T06:31:02,310  INFO [main] ql.Driver: Completed executing command(queryId=alex_20240424063102_f4f9c5a5-47e4-44f2-a249-a14030d1d0fc); Time taken: 0.018 seconds
2024-04-24T06:31:02,310  INFO [main] lockmgr.DbTxnManager: Stopped heartbeat for query: alex_20240424063102_f4f9c5a5-47e4-44f2-a249-a14030d1d0fc
2024-04-24T06:31:02,315  INFO [main] txn.TxnHandler: Expected to move at least one record from txn_components to completed_txn_components when committing txn! txnid:12
2024-04-24T06:31:02,323  INFO [main] txn.TxnHandler: Removed transactions: ([12]) from MIN_HISTORY_LEVEL
2024-04-24T06:31:02,323  WARN [main] txn.CompactionTxnHandler: No compaction queue record found for Compaction type transaction commit. txnId:12
2024-04-24T06:31:02,324  INFO [main] ql.TxnCommandsBaseForTests: Running the query: delete from acidTbl where a IN (SELECT A.a from acidTbl  A)
2024-04-24T06:31:02,324  INFO [main] ql.Driver: Compiling command(queryId=alex_20240424063102_7b9acd0a-5985-465d-8b21-01feb560e717): delete from acidTbl where a IN (SELECT A.a from acidTbl  A)
2024-04-24T06:31:02,327  INFO [main] txn.TxnHandler: Added entries to MIN_HISTORY_LEVEL for current txns: ([13]) with min_open_txn: 1
2024-04-24T06:31:02,327  INFO [main] lockmgr.DbTxnManager: Opened txnid:13
2024-04-24T06:31:02,327  INFO [main] parse.UpdateDeleteSemanticAnalyzer: Starting caching scope for: 
2024-04-24T06:31:02,327  INFO [main] HiveMetaStore.audit: ugi=alex	ip=unknown-ip-addr	cmd=get_table : tbl=hive.default.acidTbl	
2024-04-24T06:31:02,349  INFO [main] metastore.HMSHandler: Skipping translation for processor with null
2024-04-24T06:31:02,349  INFO [main] parse.RewriteSemanticAnalyzer: Going to reparse <delete from acidTbl where a IN (SELECT A.a from acidTbl  A)> as 
<insert into table `default`.`acidTbl` select ROW__ID from `default`.`acidTbl` sort by ROW__ID >
2024-04-24T06:31:02,350  INFO [main] parse.UpdateDeleteSemanticAnalyzer: Starting Semantic Analysis
2024-04-24T06:31:02,353  INFO [main] parse.UpdateDeleteSemanticAnalyzer: Completed phase 1 of Semantic Analysis
2024-04-24T06:31:02,353  INFO [main] parse.UpdateDeleteSemanticAnalyzer: Get metadata for source tables
2024-04-24T06:31:02,353  INFO [main] HiveMetaStore.audit: ugi=alex	ip=unknown-ip-addr	cmd=get_table : tbl=hive.default.acidtbl	
2024-04-24T06:31:02,359  INFO [main] metastore.HMSHandler: Skipping translation for processor with null
2024-04-24T06:31:02,359  INFO [main] parse.UpdateDeleteSemanticAnalyzer: Get metadata for subqueries
2024-04-24T06:31:02,359  INFO [main] parse.UpdateDeleteSemanticAnalyzer: Get metadata for destination tables
2024-04-24T06:31:02,359  INFO [main] HiveMetaStore.audit: ugi=alex	ip=unknown-ip-addr	cmd=get_table : tbl=hive.default.acidTbl	
2024-04-24T06:31:02,365  INFO [main] metastore.HMSHandler: Skipping translation for processor with null
2024-04-24T06:31:02,365  INFO [main] parse.UpdateDeleteSemanticAnalyzer: Completed getting MetaData in Semantic Analysis
2024-04-24T06:31:02,365  INFO [main] parse.UpdateDeleteSemanticAnalyzer: Disabling LLAP IO encode as ETL query is detected
2024-04-24T06:31:02,376  INFO [main] HiveMetaStore.audit: ugi=alex	ip=unknown-ip-addr	cmd=get_all_table_constraints : tbl=hive.default.acidtbl	
2024-04-24T06:31:02,407  INFO [main] parse.UpdateDeleteSemanticAnalyzer: Get metadata for source tables
2024-04-24T06:31:02,408  INFO [main] parse.UpdateDeleteSemanticAnalyzer: Get metadata for subqueries
2024-04-24T06:31:02,408  INFO [main] parse.UpdateDeleteSemanticAnalyzer: Get metadata for destination tables
2024-04-24T06:31:02,408  INFO [main] HiveMetaStore.audit: ugi=alex	ip=unknown-ip-addr	cmd=get_all_table_constraints : tbl=hive.default.acidtbl	
2024-04-24T06:31:02,511  INFO [main] calcite.RelOptHiveTable: Calculating column statistics for default.acidtbl, projIndxSet: [0], allowMissingStats: true
2024-04-24T06:31:02,511  INFO [main] HiveMetaStore.audit: ugi=alex	ip=unknown-ip-addr	cmd=get_table : tbl=hive.default.acidtbl	
2024-04-24T06:31:02,519  INFO [main] metastore.HMSHandler: Skipping translation for processor with null
2024-04-24T06:31:02,520  INFO [main] HiveMetaStore.audit: ugi=alex	ip=unknown-ip-addr	cmd=get_table : tbl=hive.default.acidtbl	
2024-04-24T06:31:02,528  INFO [main] metastore.HMSHandler: Skipping translation for processor with null
2024-04-24T06:31:02,528  INFO [main] HiveMetaStore.audit: ugi=alex	ip=unknown-ip-addr	cmd=get_table_statistics_req: table=hive.default.acidtbl	
2024-04-24T06:31:02,537  WARN [main] calcite.RelOptHiveTable: No Stats for default@acidtbl, Columns: a
No Stats for default@acidtbl, Columns: a
2024-04-24T06:31:02,537  INFO [main] SessionState: No Stats for default@acidtbl, Columns: a
2024-04-24T06:31:02,538  INFO [main] calcite.RelOptHiveTable: Calculating column statistics for default.acidtbl, projIndxSet: [0], allowMissingStats: true
2024-04-24T06:31:02,538  WARN [main] calcite.RelOptHiveTable: No Stats for default@acidtbl, Columns: a
No Stats for default@acidtbl, Columns: a
2024-04-24T06:31:02,538  INFO [main] SessionState: No Stats for default@acidtbl, Columns: a
2024-04-24T06:31:02,643  INFO [main] parse.UpdateDeleteSemanticAnalyzer: Get metadata for source tables
2024-04-24T06:31:02,643  INFO [main] parse.UpdateDeleteSemanticAnalyzer: Get metadata for subqueries
2024-04-24T06:31:02,643  INFO [main] parse.UpdateDeleteSemanticAnalyzer: Get metadata for source tables
2024-04-24T06:31:02,644  INFO [main] parse.UpdateDeleteSemanticAnalyzer: Get metadata for subqueries
2024-04-24T06:31:02,644  INFO [main] parse.UpdateDeleteSemanticAnalyzer: Get metadata for destination tables
2024-04-24T06:31:02,644  INFO [main] parse.UpdateDeleteSemanticAnalyzer: Get metadata for source tables
2024-04-24T06:31:02,644  INFO [main] parse.UpdateDeleteSemanticAnalyzer: Get metadata for subqueries
2024-04-24T06:31:02,644  INFO [main] parse.UpdateDeleteSemanticAnalyzer: Get metadata for destination tables
2024-04-24T06:31:02,644  INFO [main] parse.UpdateDeleteSemanticAnalyzer: Get metadata for destination tables
2024-04-24T06:31:02,644  INFO [main] HiveMetaStore.audit: ugi=alex	ip=unknown-ip-addr	cmd=get_table : tbl=hive.default.acidTbl	
2024-04-24T06:31:02,651  INFO [main] metastore.HMSHandler: Skipping translation for processor with null
2024-04-24T06:31:02,654 ERROR [main] parse.UpdateDeleteSemanticAnalyzer: CBO failed, skipping CBO. 
org.apache.hadoop.hive.ql.exec.NoMatchingMethodException: No matching method for class org.apache.hadoop.hive.ql.udf.UDFToInteger with (struct<writeid:bigint,bucketid:int,rowid:bigint>). Possible choices: _FUNC_(bigint)  _FUNC_(boolean)  _FUNC_(decimal(38,18))  _FUNC_(double)  _FUNC_(float)  _FUNC_(smallint)  _FUNC_(string)  _FUNC_(struct<writeid:int,bucketid:bigint,rowid:bigint>)  _FUNC_(timestamp)  _FUNC_(tinyint)  _FUNC_(void)  
	at org.apache.hadoop.hive.ql.exec.MethodUtils.getMethodInternal(MethodUtils.java:130) ~[classes/:?]
	at org.apache.hadoop.hive.ql.exec.MethodUtils.getMethodInternal(MethodUtils.java:60) ~[classes/:?]
	at org.apache.hadoop.hive.ql.exec.DefaultUDFMethodResolver.getEvalMethod(DefaultUDFMethodResolver.java:59) ~[classes/:?]
	at org.apache.hadoop.hive.ql.udf.TimestampCastRestrictorResolver.getEvalMethod(TimestampCastRestrictorResolver.java:68) ~[classes/:?]
	at org.apache.hadoop.hive.ql.udf.generic.GenericUDFBridge.initialize(GenericUDFBridge.java:168) ~[classes/:?]
	at org.apache.hadoop.hive.ql.udf.generic.GenericUDF.initializeAndFoldConstants(GenericUDF.java:149) ~[classes/:?]
	at org.apache.hadoop.hive.ql.plan.ExprNodeGenericFuncDesc.newInstance(ExprNodeGenericFuncDesc.java:235) ~[classes/:?]
	at org.apache.hadoop.hive.ql.parse.type.ExprNodeDescExprFactory.createFuncCallExpr(ExprNodeDescExprFactory.java:584) ~[classes/:?]
	at org.apache.hadoop.hive.ql.parse.type.ExprNodeDescExprFactory.createFuncCallExpr(ExprNodeDescExprFactory.java:97) ~[classes/:?]
	at org.apache.hadoop.hive.ql.parse.type.TypeCheckProcFactory$DefaultExprProcessor.getFuncExprNodeDescWithUdfData(TypeCheckProcFactory.java:762) ~[classes/:?]
	at org.apache.hadoop.hive.ql.parse.type.TypeCheckProcFactory$DefaultExprProcessor.createConversionCast(TypeCheckProcFactory.java:783) ~[classes/:?]
	at org.apache.hadoop.hive.ql.parse.SemanticAnalyzer.getPartitionColsFromBucketColsForUpdateDelete(SemanticAnalyzer.java:8725) ~[classes/:?]
	at org.apache.hadoop.hive.ql.parse.SemanticAnalyzer.genBucketingSortingDest(SemanticAnalyzer.java:6906) ~[classes/:?]
	at org.apache.hadoop.hive.ql.parse.SemanticAnalyzer.genFileSinkPlan(SemanticAnalyzer.java:7335) ~[classes/:?]
	at org.apache.hadoop.hive.ql.parse.SemanticAnalyzer.genPostGroupByBodyPlan(SemanticAnalyzer.java:11063) ~[classes/:?]
	at org.apache.hadoop.hive.ql.parse.SemanticAnalyzer.genBodyPlan(SemanticAnalyzer.java:10938) ~[classes/:?]
	at org.apache.hadoop.hive.ql.parse.SemanticAnalyzer.genPlan(SemanticAnalyzer.java:11853) ~[classes/:?]
	at org.apache.hadoop.hive.ql.parse.SemanticAnalyzer.genPlan(SemanticAnalyzer.java:11723) ~[classes/:?]
	at org.apache.hadoop.hive.ql.parse.CalcitePlanner.genOPTree(CalcitePlanner.java:626) ~[classes/:?]
	at org.apache.hadoop.hive.ql.parse.SemanticAnalyzer.analyzeInternal(SemanticAnalyzer.java:12558) ~[classes/:?]
	at org.apache.hadoop.hive.ql.parse.CalcitePlanner.analyzeInternal(CalcitePlanner.java:456) ~[classes/:?]
	at org.apache.hadoop.hive.ql.parse.RewriteSemanticAnalyzer.analyzeInternal(RewriteSemanticAnalyzer.java:67) ~[classes/:?]
	at org.apache.hadoop.hive.ql.parse.BaseSemanticAnalyzer.analyze(BaseSemanticAnalyzer.java:317) ~[classes/:?]
	at org.apache.hadoop.hive.ql.parse.UpdateDeleteSemanticAnalyzer.reparseAndSuperAnalyze(UpdateDeleteSemanticAnalyzer.java:208) ~[classes/:?]
	at org.apache.hadoop.hive.ql.parse.UpdateDeleteSemanticAnalyzer.analyzeDelete(UpdateDeleteSemanticAnalyzer.java:68) ~[classes/:?]
	at org.apache.hadoop.hive.ql.parse.UpdateDeleteSemanticAnalyzer.analyze(UpdateDeleteSemanticAnalyzer.java:50) ~[classes/:?]
	at org.apache.hadoop.hive.ql.parse.RewriteSemanticAnalyzer.analyzeInternal(RewriteSemanticAnalyzer.java:72) ~[classes/:?]
	at org.apache.hadoop.hive.ql.parse.BaseSemanticAnalyzer.analyze(BaseSemanticAnalyzer.java:317) ~[classes/:?]
	at org.apache.hadoop.hive.ql.Compiler.analyze(Compiler.java:223) ~[classes/:?]
	at org.apache.hadoop.hive.ql.Compiler.compile(Compiler.java:105) ~[classes/:?]
	at org.apache.hadoop.hive.ql.Driver.compile(Driver.java:500) ~[classes/:?]
	at org.apache.hadoop.hive.ql.Driver.compileInternal(Driver.java:453) ~[classes/:?]
	at org.apache.hadoop.hive.ql.Driver.runInternal(Driver.java:181) ~[classes/:?]
	at org.apache.hadoop.hive.ql.Driver.run(Driver.java:153) ~[classes/:?]
	at org.apache.hadoop.hive.ql.Driver.run(Driver.java:140) ~[classes/:?]
	at org.apache.hadoop.hive.ql.TxnCommandsBaseForTests.runStatementOnDriver(TxnCommandsBaseForTests.java:245) ~[test-classes/:?]
	at org.apache.hadoop.hive.ql.TestTxnCommands.testDeleteIn(TestTxnCommands.java:929) ~[test-classes/:?]
	at sun.reflect.NativeMethodAccessorImpl.invoke0(Native Method) ~[?:1.8.0_402]
	at sun.reflect.NativeMethodAccessorImpl.invoke(NativeMethodAccessorImpl.java:62) ~[?:1.8.0_402]
	at sun.reflect.DelegatingMethodAccessorImpl.invoke(DelegatingMethodAccessorImpl.java:43) ~[?:1.8.0_402]
	at java.lang.reflect.Method.invoke(Method.java:498) ~[?:1.8.0_402]
	at org.junit.runners.model.FrameworkMethod$1.runReflectiveCall(FrameworkMethod.java:59) ~[junit-4.13.jar:4.13]
	at org.junit.internal.runners.model.ReflectiveCallable.run(ReflectiveCallable.java:12) ~[junit-4.13.jar:4.13]
	at org.junit.runners.model.FrameworkMethod.invokeExplosively(FrameworkMethod.java:56) ~[junit-4.13.jar:4.13]
	at org.junit.internal.runners.statements.InvokeMethod.evaluate(InvokeMethod.java:17) ~[junit-4.13.jar:4.13]
	at org.junit.internal.runners.statements.RunBefores.evaluate(RunBefores.java:26) ~[junit-4.13.jar:4.13]
	at org.junit.internal.runners.statements.RunAfters.evaluate(RunAfters.java:27) ~[junit-4.13.jar:4.13]
	at org.junit.rules.TestWatcher$1.evaluate(TestWatcher.java:61) ~[junit-4.13.jar:4.13]
	at org.junit.runners.ParentRunner$3.evaluate(ParentRunner.java:306) ~[junit-4.13.jar:4.13]
	at org.junit.runners.BlockJUnit4ClassRunner$1.evaluate(BlockJUnit4ClassRunner.java:100) ~[junit-4.13.jar:4.13]
	at org.junit.runners.ParentRunner.runLeaf(ParentRunner.java:366) ~[junit-4.13.jar:4.13]
	at org.junit.runners.BlockJUnit4ClassRunner.runChild(BlockJUnit4ClassRunner.java:103) ~[junit-4.13.jar:4.13]
	at org.junit.runners.BlockJUnit4ClassRunner.runChild(BlockJUnit4ClassRunner.java:63) ~[junit-4.13.jar:4.13]
	at org.junit.runners.ParentRunner$4.run(ParentRunner.java:331) ~[junit-4.13.jar:4.13]
	at org.junit.runners.ParentRunner$1.schedule(ParentRunner.java:79) ~[junit-4.13.jar:4.13]
	at org.junit.runners.ParentRunner.runChildren(ParentRunner.java:329) ~[junit-4.13.jar:4.13]
	at org.junit.runners.ParentRunner.access$100(ParentRunner.java:66) ~[junit-4.13.jar:4.13]
	at org.junit.runners.ParentRunner$2.evaluate(ParentRunner.java:293) ~[junit-4.13.jar:4.13]
	at org.junit.runners.ParentRunner$3.evaluate(ParentRunner.java:306) ~[junit-4.13.jar:4.13]
	at org.junit.runners.ParentRunner.run(ParentRunner.java:413) ~[junit-4.13.jar:4.13]
	at org.junit.runner.JUnitCore.run(JUnitCore.java:137) ~[junit-4.13.jar:4.13]
	at org.junit.runner.JUnitCore.run(JUnitCore.java:115) ~[junit-4.13.jar:4.13]
	at org.junit.vintage.engine.execution.RunnerExecutor.execute(RunnerExecutor.java:43) ~[junit-vintage-engine-5.6.2.jar:5.6.2]
	at java.util.stream.ForEachOps$ForEachOp$OfRef.accept(ForEachOps.java:183) ~[?:1.8.0_402]
	at java.util.stream.ReferencePipeline$3$1.accept(ReferencePipeline.java:193) ~[?:1.8.0_402]
	at java.util.Iterator.forEachRemaining(Iterator.java:116) ~[?:1.8.0_402]
	at java.util.Spliterators$IteratorSpliterator.forEachRemaining(Spliterators.java:1801) ~[?:1.8.0_402]
	at java.util.stream.AbstractPipeline.copyInto(AbstractPipeline.java:482) ~[?:1.8.0_402]
	at java.util.stream.AbstractPipeline.wrapAndCopyInto(AbstractPipeline.java:472) ~[?:1.8.0_402]
	at java.util.stream.ForEachOps$ForEachOp.evaluateSequential(ForEachOps.java:150) ~[?:1.8.0_402]
	at java.util.stream.ForEachOps$ForEachOp$OfRef.evaluateSequential(ForEachOps.java:173) ~[?:1.8.0_402]
	at java.util.stream.AbstractPipeline.evaluate(AbstractPipeline.java:234) ~[?:1.8.0_402]
	at java.util.stream.ReferencePipeline.forEach(ReferencePipeline.java:485) ~[?:1.8.0_402]
	at org.junit.vintage.engine.VintageTestEngine.executeAllChildren(VintageTestEngine.java:82) ~[junit-vintage-engine-5.6.2.jar:5.6.2]
	at org.junit.vintage.engine.VintageTestEngine.execute(VintageTestEngine.java:73) ~[junit-vintage-engine-5.6.2.jar:5.6.2]
	at org.junit.platform.launcher.core.DefaultLauncher.execute(DefaultLauncher.java:248) ~[junit-platform-launcher-1.6.2.jar:1.6.2]
	at org.junit.platform.launcher.core.DefaultLauncher.lambda$execute$5(DefaultLauncher.java:211) ~[junit-platform-launcher-1.6.2.jar:1.6.2]
	at org.junit.platform.launcher.core.DefaultLauncher.withInterceptedStreams(DefaultLauncher.java:226) [junit-platform-launcher-1.6.2.jar:1.6.2]
	at org.junit.platform.launcher.core.DefaultLauncher.execute(DefaultLauncher.java:199) [junit-platform-launcher-1.6.2.jar:1.6.2]
	at org.junit.platform.launcher.core.DefaultLauncher.execute(DefaultLauncher.java:132) [junit-platform-launcher-1.6.2.jar:1.6.2]
	at org.apache.maven.surefire.junitplatform.JUnitPlatformProvider.invokeAllTests(JUnitPlatformProvider.java:154) [surefire-junit-platform-3.0.0-M4.jar:3.0.0-M4]
	at org.apache.maven.surefire.junitplatform.JUnitPlatformProvider.invoke(JUnitPlatformProvider.java:123) [surefire-junit-platform-3.0.0-M4.jar:3.0.0-M4]
	at org.apache.maven.surefire.booter.ForkedBooter.runSuitesInProcess(ForkedBooter.java:377) [surefire-booter-3.0.0-M4.jar:3.0.0-M4]
	at org.apache.maven.surefire.booter.ForkedBooter.execute(ForkedBooter.java:138) [surefire-booter-3.0.0-M4.jar:3.0.0-M4]
	at org.apache.maven.surefire.booter.ForkedBooter.run(ForkedBooter.java:465) [surefire-booter-3.0.0-M4.jar:3.0.0-M4]
	at org.apache.maven.surefire.booter.ForkedBooter.main(ForkedBooter.java:451) [surefire-booter-3.0.0-M4.jar:3.0.0-M4]
2024-04-24T06:31:02,655 ERROR [main] parse.UpdateDeleteSemanticAnalyzer: CBO failed due to missing column stats (see previous errors), skipping CBO
2024-04-24T06:31:02,655  INFO [main] parse.UpdateDeleteSemanticAnalyzer: Ending caching scope for: 
FAILED: NoMatchingMethodException No matching method for class org.apache.hadoop.hive.ql.udf.UDFToInteger with (struct<writeid:bigint,bucketid:int,rowid:bigint>). Possible choices: _FUNC_(bigint)  _FUNC_(boolean)  _FUNC_(decimal(38,18))  _FUNC_(double)  _FUNC_(float)  _FUNC_(smallint)  _FUNC_(string)  _FUNC_(struct<writeid:int,bucketid:bigint,rowid:bigint>)  _FUNC_(timestamp)  _FUNC_(tinyint)  _FUNC_(void)  
2024-04-24T06:31:02,656 ERROR [main] ql.Driver: FAILED: NoMatchingMethodException No matching method for class org.apache.hadoop.hive.ql.udf.UDFToInteger with (struct<writeid:bigint,bucketid:int,rowid:bigint>). Possible choices: _FUNC_(bigint)  _FUNC_(boolean)  _FUNC_(decimal(38,18))  _FUNC_(double)  _FUNC_(float)  _FUNC_(smallint)  _FUNC_(string)  _FUNC_(struct<writeid:int,bucketid:bigint,rowid:bigint>)  _FUNC_(timestamp)  _FUNC_(tinyint)  _FUNC_(void)  
org.apache.hadoop.hive.ql.exec.NoMatchingMethodException: No matching method for class org.apache.hadoop.hive.ql.udf.UDFToInteger with (struct<writeid:bigint,bucketid:int,rowid:bigint>). Possible choices: _FUNC_(bigint)  _FUNC_(boolean)  _FUNC_(decimal(38,18))  _FUNC_(double)  _FUNC_(float)  _FUNC_(smallint)  _FUNC_(string)  _FUNC_(struct<writeid:int,bucketid:bigint,rowid:bigint>)  _FUNC_(timestamp)  _FUNC_(tinyint)  _FUNC_(void)  
	at org.apache.hadoop.hive.ql.exec.MethodUtils.getMethodInternal(MethodUtils.java:130)
	at org.apache.hadoop.hive.ql.exec.MethodUtils.getMethodInternal(MethodUtils.java:60)
	at org.apache.hadoop.hive.ql.exec.DefaultUDFMethodResolver.getEvalMethod(DefaultUDFMethodResolver.java:59)
	at org.apache.hadoop.hive.ql.udf.TimestampCastRestrictorResolver.getEvalMethod(TimestampCastRestrictorResolver.java:68)
	at org.apache.hadoop.hive.ql.udf.generic.GenericUDFBridge.initialize(GenericUDFBridge.java:168)
	at org.apache.hadoop.hive.ql.udf.generic.GenericUDF.initializeAndFoldConstants(GenericUDF.java:149)
	at org.apache.hadoop.hive.ql.plan.ExprNodeGenericFuncDesc.newInstance(ExprNodeGenericFuncDesc.java:235)
	at org.apache.hadoop.hive.ql.parse.type.ExprNodeDescExprFactory.createFuncCallExpr(ExprNodeDescExprFactory.java:584)
	at org.apache.hadoop.hive.ql.parse.type.ExprNodeDescExprFactory.createFuncCallExpr(ExprNodeDescExprFactory.java:97)
	at org.apache.hadoop.hive.ql.parse.type.TypeCheckProcFactory$DefaultExprProcessor.getFuncExprNodeDescWithUdfData(TypeCheckProcFactory.java:762)
	at org.apache.hadoop.hive.ql.parse.type.TypeCheckProcFactory$DefaultExprProcessor.createConversionCast(TypeCheckProcFactory.java:783)
	at org.apache.hadoop.hive.ql.parse.SemanticAnalyzer.getPartitionColsFromBucketColsForUpdateDelete(SemanticAnalyzer.java:8725)
	at org.apache.hadoop.hive.ql.parse.SemanticAnalyzer.genBucketingSortingDest(SemanticAnalyzer.java:6906)
	at org.apache.hadoop.hive.ql.parse.SemanticAnalyzer.genFileSinkPlan(SemanticAnalyzer.java:7335)
	at org.apache.hadoop.hive.ql.parse.SemanticAnalyzer.genPostGroupByBodyPlan(SemanticAnalyzer.java:11063)
	at org.apache.hadoop.hive.ql.parse.SemanticAnalyzer.genBodyPlan(SemanticAnalyzer.java:10938)
	at org.apache.hadoop.hive.ql.parse.SemanticAnalyzer.genPlan(SemanticAnalyzer.java:11853)
	at org.apache.hadoop.hive.ql.parse.SemanticAnalyzer.genPlan(SemanticAnalyzer.java:11723)
	at org.apache.hadoop.hive.ql.parse.CalcitePlanner.genOPTree(CalcitePlanner.java:626)
	at org.apache.hadoop.hive.ql.parse.SemanticAnalyzer.analyzeInternal(SemanticAnalyzer.java:12558)
	at org.apache.hadoop.hive.ql.parse.CalcitePlanner.analyzeInternal(CalcitePlanner.java:456)
	at org.apache.hadoop.hive.ql.parse.RewriteSemanticAnalyzer.analyzeInternal(RewriteSemanticAnalyzer.java:67)
	at org.apache.hadoop.hive.ql.parse.BaseSemanticAnalyzer.analyze(BaseSemanticAnalyzer.java:317)
	at org.apache.hadoop.hive.ql.parse.UpdateDeleteSemanticAnalyzer.reparseAndSuperAnalyze(UpdateDeleteSemanticAnalyzer.java:208)
	at org.apache.hadoop.hive.ql.parse.UpdateDeleteSemanticAnalyzer.analyzeDelete(UpdateDeleteSemanticAnalyzer.java:68)
	at org.apache.hadoop.hive.ql.parse.UpdateDeleteSemanticAnalyzer.analyze(UpdateDeleteSemanticAnalyzer.java:50)
	at org.apache.hadoop.hive.ql.parse.RewriteSemanticAnalyzer.analyzeInternal(RewriteSemanticAnalyzer.java:72)
	at org.apache.hadoop.hive.ql.parse.BaseSemanticAnalyzer.analyze(BaseSemanticAnalyzer.java:317)
	at org.apache.hadoop.hive.ql.Compiler.analyze(Compiler.java:223)
	at org.apache.hadoop.hive.ql.Compiler.compile(Compiler.java:105)
	at org.apache.hadoop.hive.ql.Driver.compile(Driver.java:500)
	at org.apache.hadoop.hive.ql.Driver.compileInternal(Driver.java:453)
	at org.apache.hadoop.hive.ql.Driver.runInternal(Driver.java:181)
	at org.apache.hadoop.hive.ql.Driver.run(Driver.java:153)
	at org.apache.hadoop.hive.ql.Driver.run(Driver.java:140)
	at org.apache.hadoop.hive.ql.TxnCommandsBaseForTests.runStatementOnDriver(TxnCommandsBaseForTests.java:245)
	at org.apache.hadoop.hive.ql.TestTxnCommands.testDeleteIn(TestTxnCommands.java:929)
	at sun.reflect.NativeMethodAccessorImpl.invoke0(Native Method)
	at sun.reflect.NativeMethodAccessorImpl.invoke(NativeMethodAccessorImpl.java:62)
	at sun.reflect.DelegatingMethodAccessorImpl.invoke(DelegatingMethodAccessorImpl.java:43)
	at java.lang.reflect.Method.invoke(Method.java:498)
	at org.junit.runners.model.FrameworkMethod$1.runReflectiveCall(FrameworkMethod.java:59)
	at org.junit.internal.runners.model.ReflectiveCallable.run(ReflectiveCallable.java:12)
	at org.junit.runners.model.FrameworkMethod.invokeExplosively(FrameworkMethod.java:56)
	at org.junit.internal.runners.statements.InvokeMethod.evaluate(InvokeMethod.java:17)
	at org.junit.internal.runners.statements.RunBefores.evaluate(RunBefores.java:26)
	at org.junit.internal.runners.statements.RunAfters.evaluate(RunAfters.java:27)
	at org.junit.rules.TestWatcher$1.evaluate(TestWatcher.java:61)
	at org.junit.runners.ParentRunner$3.evaluate(ParentRunner.java:306)
	at org.junit.runners.BlockJUnit4ClassRunner$1.evaluate(BlockJUnit4ClassRunner.java:100)
	at org.junit.runners.ParentRunner.runLeaf(ParentRunner.java:366)
	at org.junit.runners.BlockJUnit4ClassRunner.runChild(BlockJUnit4ClassRunner.java:103)
	at org.junit.runners.BlockJUnit4ClassRunner.runChild(BlockJUnit4ClassRunner.java:63)
	at org.junit.runners.ParentRunner$4.run(ParentRunner.java:331)
	at org.junit.runners.ParentRunner$1.schedule(ParentRunner.java:79)
	at org.junit.runners.ParentRunner.runChildren(ParentRunner.java:329)
	at org.junit.runners.ParentRunner.access$100(ParentRunner.java:66)
	at org.junit.runners.ParentRunner$2.evaluate(ParentRunner.java:293)
	at org.junit.runners.ParentRunner$3.evaluate(ParentRunner.java:306)
	at org.junit.runners.ParentRunner.run(ParentRunner.java:413)
	at org.junit.runner.JUnitCore.run(JUnitCore.java:137)
	at org.junit.runner.JUnitCore.run(JUnitCore.java:115)
	at org.junit.vintage.engine.execution.RunnerExecutor.execute(RunnerExecutor.java:43)
	at java.util.stream.ForEachOps$ForEachOp$OfRef.accept(ForEachOps.java:183)
	at java.util.stream.ReferencePipeline$3$1.accept(ReferencePipeline.java:193)
	at java.util.Iterator.forEachRemaining(Iterator.java:116)
	at java.util.Spliterators$IteratorSpliterator.forEachRemaining(Spliterators.java:1801)
	at java.util.stream.AbstractPipeline.copyInto(AbstractPipeline.java:482)
	at java.util.stream.AbstractPipeline.wrapAndCopyInto(AbstractPipeline.java:472)
	at java.util.stream.ForEachOps$ForEachOp.evaluateSequential(ForEachOps.java:150)
	at java.util.stream.ForEachOps$ForEachOp$OfRef.evaluateSequential(ForEachOps.java:173)
	at java.util.stream.AbstractPipeline.evaluate(AbstractPipeline.java:234)
	at java.util.stream.ReferencePipeline.forEach(ReferencePipeline.java:485)
	at org.junit.vintage.engine.VintageTestEngine.executeAllChildren(VintageTestEngine.java:82)
	at org.junit.vintage.engine.VintageTestEngine.execute(VintageTestEngine.java:73)
	at org.junit.platform.launcher.core.DefaultLauncher.execute(DefaultLauncher.java:248)
	at org.junit.platform.launcher.core.DefaultLauncher.lambda$execute$5(DefaultLauncher.java:211)
	at org.junit.platform.launcher.core.DefaultLauncher.withInterceptedStreams(DefaultLauncher.java:226)
	at org.junit.platform.launcher.core.DefaultLauncher.execute(DefaultLauncher.java:199)
	at org.junit.platform.launcher.core.DefaultLauncher.execute(DefaultLauncher.java:132)
	at org.apache.maven.surefire.junitplatform.JUnitPlatformProvider.invokeAllTests(JUnitPlatformProvider.java:154)
	at org.apache.maven.surefire.junitplatform.JUnitPlatformProvider.invoke(JUnitPlatformProvider.java:123)
	at org.apache.maven.surefire.booter.ForkedBooter.runSuitesInProcess(ForkedBooter.java:377)
	at org.apache.maven.surefire.booter.ForkedBooter.execute(ForkedBooter.java:138)
	at org.apache.maven.surefire.booter.ForkedBooter.run(ForkedBooter.java:465)
	at org.apache.maven.surefire.booter.ForkedBooter.main(ForkedBooter.java:451)

2024-04-24T06:31:02,656  INFO [main] metadata.Hive: Dumping metastore api call timing information for : compilation phase
2024-04-24T06:31:02,656  INFO [main] metadata.Hive: Total time spent in each metastore function (ms): {getTable_(GetTableRequest)=41, commitTxn_(CommitTxnRequest)=13, getAllTableConstraints_(AllTableConstraintsRequest)=33, getValidTxns_(long)=0, getTableColumnStatistics_(String, String, List, String)=26, flushCache_()=0, openTxn_(String, TxnType)=2, getValidWriteIds_(List, String)=3, isCompatibleWith_(Configuration)=0}
2024-04-24T06:31:02,657  INFO [main] ql.Driver: Completed compiling command(queryId=alex_20240424063102_7b9acd0a-5985-465d-8b21-01feb560e717); Time taken: 0.332 seconds
2024-04-24T06:31:02,657  INFO [main] lockmgr.DbTxnManager: Stopped heartbeat for query: null
2024-04-24T06:31:02,661  INFO [main] txn.TxnHandler: Removed transactions: ([13]) from MIN_HISTORY_LEVEL
2024-04-24T06:31:02,669  INFO [main] ql.TxnCommandsBaseForTests: Running the query: drop table if exists acidTbl
2024-04-24T06:31:02,669  INFO [main] ql.Driver: Compiling command(queryId=alex_20240424063102_e81df71e-0372-49a5-9513-b1bf801c108d): drop table if exists acidTbl
2024-04-24T06:31:02,671  INFO [main] txn.TxnHandler: Added entries to MIN_HISTORY_LEVEL for current txns: ([14]) with min_open_txn: 1
2024-04-24T06:31:02,672  INFO [main] lockmgr.DbTxnManager: Opened txnid:14
2024-04-24T06:31:02,672  INFO [main] HiveMetaStore.audit: ugi=alex	ip=unknown-ip-addr	cmd=get_table : tbl=hive.default.acidTbl	
2024-04-24T06:31:02,677  INFO [main] metastore.HMSHandler: Skipping translation for processor with null
2024-04-24T06:31:02,678  INFO [main] ql.Driver: Semantic Analysis Completed (retrial = false)
2024-04-24T06:31:02,678  INFO [main] ql.Driver: Created Hive schema: Schema(fieldSchemas:null, properties:null)
2024-04-24T06:31:02,678  INFO [main] metadata.Hive: Dumping metastore api call timing information for : compilation phase
2024-04-24T06:31:02,678  INFO [main] metadata.Hive: Total time spent in each metastore function (ms): {flushCache_()=0, getValidTxns_(long)=0, rollbackTxn_(long)=12, getTable_(GetTableRequest)=6, isCompatibleWith_(Configuration)=0, openTxn_(String, TxnType)=3}
2024-04-24T06:31:02,678  INFO [main] ql.Driver: Completed compiling command(queryId=alex_20240424063102_e81df71e-0372-49a5-9513-b1bf801c108d); Time taken: 0.009 seconds
2024-04-24T06:31:02,678  INFO [main] lockmgr.DbTxnManager: Setting lock request transaction to txnid:14 for queryId=alex_20240424063102_e81df71e-0372-49a5-9513-b1bf801c108d
2024-04-24T06:31:02,679  INFO [main] lockmgr.DbLockManager: Requesting lock for queryId=alex_20240424063102_e81df71e-0372-49a5-9513-b1bf801c108d
2024-04-24T06:31:02,699  INFO [main] lockmgr.DbLockManager: Response to queryId=alex_20240424063102_e81df71e-0372-49a5-9513-b1bf801c108d LockResponse(lockid:7, state:ACQUIRED)
2024-04-24T06:31:02,699  INFO [main] ql.Driver: Operation DROPTABLE obtained 1 locks
2024-04-24T06:31:02,700  INFO [main] ql.Driver: Executing command(queryId=alex_20240424063102_e81df71e-0372-49a5-9513-b1bf801c108d): drop table if exists acidTbl
2024-04-24T06:31:02,700  INFO [main] ql.Driver: Starting task [Stage-0:DDL] in serial mode
2024-04-24T06:31:02,700  INFO [main] HiveMetaStore.audit: ugi=alex	ip=unknown-ip-addr	cmd=get_table : tbl=hive.default.acidTbl	
2024-04-24T06:31:02,705  INFO [main] metastore.HMSHandler: Skipping translation for processor with null
2024-04-24T06:31:02,706  INFO [main] HiveMetaStore.audit: ugi=alex	ip=unknown-ip-addr	cmd=get_table : tbl=hive.default.acidTbl	
2024-04-24T06:31:02,711  INFO [main] metastore.HMSHandler: Skipping translation for processor with null
2024-04-24T06:31:02,711  INFO [main] HiveMetaStore.audit: ugi=alex	ip=unknown-ip-addr	cmd=drop_table : tbl=hive.default.acidTbl	
2024-04-24T06:31:02,822  INFO [main] metadata.Hive: Dumping metastore api call timing information for : execution phase
2024-04-24T06:31:02,823  INFO [main] metadata.Hive: Total time spent in each metastore function (ms): {dropTable_(String, String, boolean, boolean, boolean)=117, getTable_(GetTableRequest)=5, isCompatibleWith_(Configuration)=0}
2024-04-24T06:31:02,823  INFO [main] ql.Driver: Completed executing command(queryId=alex_20240424063102_e81df71e-0372-49a5-9513-b1bf801c108d); Time taken: 0.123 seconds
2024-04-24T06:31:02,823  INFO [main] lockmgr.DbTxnManager: Stopped heartbeat for query: alex_20240424063102_e81df71e-0372-49a5-9513-b1bf801c108d
2024-04-24T06:31:02,827  INFO [main] txn.TxnHandler: Expected to move at least one record from txn_components to completed_txn_components when committing txn! txnid:14
2024-04-24T06:31:02,835  INFO [main] txn.TxnHandler: Removed transactions: ([14]) from MIN_HISTORY_LEVEL
2024-04-24T06:31:02,835  WARN [main] txn.CompactionTxnHandler: No compaction queue record found for Compaction type transaction commit. txnId:14
2024-04-24T06:31:02,835  INFO [main] ql.TxnCommandsBaseForTests: Running the query: drop table if exists acidTblPart
2024-04-24T06:31:02,835  INFO [main] ql.Driver: Compiling command(queryId=alex_20240424063102_7b05eb4d-fc1e-4b9e-97f9-6e35dc302068): drop table if exists acidTblPart
2024-04-24T06:31:02,838  INFO [main] txn.TxnHandler: Added entries to MIN_HISTORY_LEVEL for current txns: ([15]) with min_open_txn: 3
2024-04-24T06:31:02,838  INFO [main] lockmgr.DbTxnManager: Opened txnid:15
2024-04-24T06:31:02,838  INFO [main] HiveMetaStore.audit: ugi=alex	ip=unknown-ip-addr	cmd=get_table : tbl=hive.default.acidTblPart	
2024-04-24T06:31:02,844  INFO [main] metastore.HMSHandler: Skipping translation for processor with null
2024-04-24T06:31:02,844  INFO [main] ql.Driver: Semantic Analysis Completed (retrial = false)
2024-04-24T06:31:02,844  INFO [main] ql.Driver: Created Hive schema: Schema(fieldSchemas:null, properties:null)
2024-04-24T06:31:02,844  INFO [main] metadata.Hive: Dumping metastore api call timing information for : compilation phase
2024-04-24T06:31:02,845  INFO [main] metadata.Hive: Total time spent in each metastore function (ms): {flushCache_()=0, isCompatibleWith_(Configuration)=0, getValidTxns_(long)=0, getTable_(GetTableRequest)=6, commitTxn_(CommitTxnRequest)=12, openTxn_(String, TxnType)=2}
2024-04-24T06:31:02,845  INFO [main] ql.Driver: Completed compiling command(queryId=alex_20240424063102_7b05eb4d-fc1e-4b9e-97f9-6e35dc302068); Time taken: 0.009 seconds
2024-04-24T06:31:02,845  INFO [main] lockmgr.DbTxnManager: Setting lock request transaction to txnid:15 for queryId=alex_20240424063102_7b05eb4d-fc1e-4b9e-97f9-6e35dc302068
2024-04-24T06:31:02,845  INFO [main] lockmgr.DbLockManager: Requesting lock for queryId=alex_20240424063102_7b05eb4d-fc1e-4b9e-97f9-6e35dc302068
2024-04-24T06:31:02,861  INFO [main] lockmgr.DbLockManager: Response to queryId=alex_20240424063102_7b05eb4d-fc1e-4b9e-97f9-6e35dc302068 LockResponse(lockid:8, state:ACQUIRED)
2024-04-24T06:31:02,861  INFO [main] ql.Driver: Operation DROPTABLE obtained 1 locks
2024-04-24T06:31:02,861  INFO [main] ql.Driver: Executing command(queryId=alex_20240424063102_7b05eb4d-fc1e-4b9e-97f9-6e35dc302068): drop table if exists acidTblPart
2024-04-24T06:31:02,861  INFO [main] ql.Driver: Starting task [Stage-0:DDL] in serial mode
2024-04-24T06:31:02,861  INFO [main] HiveMetaStore.audit: ugi=alex	ip=unknown-ip-addr	cmd=get_table : tbl=hive.default.acidTblPart	
2024-04-24T06:31:02,867  INFO [main] metastore.HMSHandler: Skipping translation for processor with null
2024-04-24T06:31:02,867  INFO [main] HiveMetaStore.audit: ugi=alex	ip=unknown-ip-addr	cmd=get_table : tbl=hive.default.acidTblPart	
2024-04-24T06:31:02,872  INFO [main] metastore.HMSHandler: Skipping translation for processor with null
2024-04-24T06:31:02,873  INFO [main] HiveMetaStore.audit: ugi=alex	ip=unknown-ip-addr	cmd=drop_table : tbl=hive.default.acidTblPart	
2024-04-24T06:31:02,914  INFO [main] metadata.Hive: Dumping metastore api call timing information for : execution phase
2024-04-24T06:31:02,914  INFO [main] metadata.Hive: Total time spent in each metastore function (ms): {isCompatibleWith_(Configuration)=0, dropTable_(String, String, boolean, boolean, boolean)=46, getTable_(GetTableRequest)=6}
2024-04-24T06:31:02,914  INFO [main] ql.Driver: Completed executing command(queryId=alex_20240424063102_7b05eb4d-fc1e-4b9e-97f9-6e35dc302068); Time taken: 0.052 seconds
2024-04-24T06:31:02,914  INFO [main] lockmgr.DbTxnManager: Stopped heartbeat for query: alex_20240424063102_7b05eb4d-fc1e-4b9e-97f9-6e35dc302068
2024-04-24T06:31:02,919  INFO [main] txn.TxnHandler: Expected to move at least one record from txn_components to completed_txn_components when committing txn! txnid:15
2024-04-24T06:31:02,928  INFO [main] txn.TxnHandler: Removed transactions: ([15]) from MIN_HISTORY_LEVEL
2024-04-24T06:31:02,928  WARN [main] txn.CompactionTxnHandler: No compaction queue record found for Compaction type transaction commit. txnId:15
2024-04-24T06:31:02,929  INFO [main] ql.TxnCommandsBaseForTests: Running the query: drop table if exists acidTbl2
2024-04-24T06:31:02,929  INFO [main] ql.Driver: Compiling command(queryId=alex_20240424063102_191d44eb-10ec-44a2-b9a8-5d0c0092b55c): drop table if exists acidTbl2
2024-04-24T06:31:02,932  INFO [main] txn.TxnHandler: Added entries to MIN_HISTORY_LEVEL for current txns: ([16]) with min_open_txn: 7
2024-04-24T06:31:02,932  INFO [main] lockmgr.DbTxnManager: Opened txnid:16
2024-04-24T06:31:02,933  INFO [main] ql.Driver: Semantic Analysis Completed (retrial = false)
2024-04-24T06:31:02,933  INFO [main] ql.Driver: Created Hive schema: Schema(fieldSchemas:null, properties:null)
2024-04-24T06:31:02,933  INFO [main] metadata.Hive: Dumping metastore api call timing information for : compilation phase
2024-04-24T06:31:02,933  INFO [main] metadata.Hive: Total time spent in each metastore function (ms): {flushCache_()=0, openTxn_(String, TxnType)=3, getTable_(GetTableRequest)=0, commitTxn_(CommitTxnRequest)=14, isCompatibleWith_(Configuration)=1, getValidTxns_(long)=0}
2024-04-24T06:31:02,934  INFO [main] ql.Driver: Completed compiling command(queryId=alex_20240424063102_191d44eb-10ec-44a2-b9a8-5d0c0092b55c); Time taken: 0.004 seconds
2024-04-24T06:31:02,934  INFO [main] lockmgr.DbTxnManager: Setting lock request transaction to txnid:16 for queryId=alex_20240424063102_191d44eb-10ec-44a2-b9a8-5d0c0092b55c
2024-04-24T06:31:02,934  INFO [main] ql.Driver: Operation DROPTABLE obtained 0 locks
2024-04-24T06:31:02,934  INFO [main] ql.Driver: Executing command(queryId=alex_20240424063102_191d44eb-10ec-44a2-b9a8-5d0c0092b55c): drop table if exists acidTbl2
2024-04-24T06:31:02,934  INFO [main] ql.Driver: Starting task [Stage-0:DDL] in serial mode
2024-04-24T06:31:02,934  INFO [main] metadata.SessionHiveMetaStoreClient: Column stats doesn't exist for db=default temp table=acidTbl2
2024-04-24T06:31:02,934  INFO [main] metadata.Hive: Dumping metastore api call timing information for : execution phase
2024-04-24T06:31:02,935  INFO [main] metadata.Hive: Total time spent in each metastore function (ms): {dropTable_(String, String, boolean, boolean, boolean)=0, isCompatibleWith_(Configuration)=0, getTable_(GetTableRequest)=0}
2024-04-24T06:31:02,935  INFO [main] ql.Driver: Completed executing command(queryId=alex_20240424063102_191d44eb-10ec-44a2-b9a8-5d0c0092b55c); Time taken: 0.0 seconds
2024-04-24T06:31:02,935  INFO [main] lockmgr.DbTxnManager: Stopped heartbeat for query: alex_20240424063102_191d44eb-10ec-44a2-b9a8-5d0c0092b55c
2024-04-24T06:31:02,942  INFO [main] txn.TxnHandler: Expected to move at least one record from txn_components to completed_txn_components when committing txn! txnid:16
2024-04-24T06:31:02,949  INFO [main] txn.TxnHandler: Removed transactions: ([16]) from MIN_HISTORY_LEVEL
2024-04-24T06:31:02,949  WARN [main] txn.CompactionTxnHandler: No compaction queue record found for Compaction type transaction commit. txnId:16
2024-04-24T06:31:02,950  INFO [main] ql.TxnCommandsBaseForTests: Running the query: drop table if exists nonAcidOrcTbl
2024-04-24T06:31:02,950  INFO [main] ql.Driver: Compiling command(queryId=alex_20240424063102_c48c147e-795f-452b-bc24-50d152164d6b): drop table if exists nonAcidOrcTbl
2024-04-24T06:31:02,952  INFO [main] txn.TxnHandler: Added entries to MIN_HISTORY_LEVEL for current txns: ([17]) with min_open_txn: 8
2024-04-24T06:31:02,952  INFO [main] lockmgr.DbTxnManager: Opened txnid:17
2024-04-24T06:31:02,953  INFO [main] HiveMetaStore.audit: ugi=alex	ip=unknown-ip-addr	cmd=get_table : tbl=hive.default.nonAcidOrcTbl	
2024-04-24T06:31:02,976  INFO [main] metastore.HMSHandler: Skipping translation for processor with null
2024-04-24T06:31:02,977  INFO [main] ql.Driver: Semantic Analysis Completed (retrial = false)
2024-04-24T06:31:02,977  INFO [main] ql.Driver: Created Hive schema: Schema(fieldSchemas:null, properties:null)
2024-04-24T06:31:02,977  INFO [main] metadata.Hive: Dumping metastore api call timing information for : compilation phase
2024-04-24T06:31:02,977  INFO [main] metadata.Hive: Total time spent in each metastore function (ms): {getValidTxns_(long)=1, commitTxn_(CommitTxnRequest)=14, flushCache_()=0, isCompatibleWith_(Configuration)=0, getTable_(GetTableRequest)=23, openTxn_(String, TxnType)=2}
2024-04-24T06:31:02,977  INFO [main] ql.Driver: Completed compiling command(queryId=alex_20240424063102_c48c147e-795f-452b-bc24-50d152164d6b); Time taken: 0.027 seconds
2024-04-24T06:31:02,977  INFO [main] lockmgr.DbTxnManager: Setting lock request transaction to txnid:17 for queryId=alex_20240424063102_c48c147e-795f-452b-bc24-50d152164d6b
2024-04-24T06:31:02,978  INFO [main] lockmgr.DbLockManager: Requesting lock for queryId=alex_20240424063102_c48c147e-795f-452b-bc24-50d152164d6b
2024-04-24T06:31:02,998  INFO [main] lockmgr.DbLockManager: Response to queryId=alex_20240424063102_c48c147e-795f-452b-bc24-50d152164d6b LockResponse(lockid:9, state:ACQUIRED)
2024-04-24T06:31:02,998  INFO [main] ql.Driver: Operation DROPTABLE obtained 1 locks
2024-04-24T06:31:02,998  INFO [main] ql.Driver: Executing command(queryId=alex_20240424063102_c48c147e-795f-452b-bc24-50d152164d6b): drop table if exists nonAcidOrcTbl
2024-04-24T06:31:02,998  INFO [main] ql.Driver: Starting task [Stage-0:DDL] in serial mode
2024-04-24T06:31:02,998  INFO [main] HiveMetaStore.audit: ugi=alex	ip=unknown-ip-addr	cmd=get_table : tbl=hive.default.nonAcidOrcTbl	
2024-04-24T06:31:03,006  INFO [main] metastore.HMSHandler: Skipping translation for processor with null
2024-04-24T06:31:03,006  INFO [main] HiveMetaStore.audit: ugi=alex	ip=unknown-ip-addr	cmd=get_table : tbl=hive.default.nonAcidOrcTbl	
2024-04-24T06:31:03,013  INFO [main] metastore.HMSHandler: Skipping translation for processor with null
2024-04-24T06:31:03,013  INFO [main] HiveMetaStore.audit: ugi=alex	ip=unknown-ip-addr	cmd=drop_table : tbl=hive.default.nonAcidOrcTbl	
2024-04-24T06:31:03,112  INFO [main] metadata.Hive: Dumping metastore api call timing information for : execution phase
2024-04-24T06:31:03,112  INFO [main] metadata.Hive: Total time spent in each metastore function (ms): {isCompatibleWith_(Configuration)=0, dropTable_(String, String, boolean, boolean, boolean)=106, getTable_(GetTableRequest)=8}
2024-04-24T06:31:03,112  INFO [main] ql.Driver: Completed executing command(queryId=alex_20240424063102_c48c147e-795f-452b-bc24-50d152164d6b); Time taken: 0.114 seconds
2024-04-24T06:31:03,112  INFO [main] lockmgr.DbTxnManager: Stopped heartbeat for query: alex_20240424063102_c48c147e-795f-452b-bc24-50d152164d6b
2024-04-24T06:31:03,117  INFO [main] txn.TxnHandler: Expected to move at least one record from txn_components to completed_txn_components when committing txn! txnid:17
2024-04-24T06:31:03,124  INFO [main] txn.TxnHandler: Removed transactions: ([17]) from MIN_HISTORY_LEVEL
2024-04-24T06:31:03,124  WARN [main] txn.CompactionTxnHandler: No compaction queue record found for Compaction type transaction commit. txnId:17
2024-04-24T06:31:03,125  INFO [main] ql.TxnCommandsBaseForTests: Running the query: drop table if exists nonAcidOrcTbl2
2024-04-24T06:31:03,125  INFO [main] ql.Driver: Compiling command(queryId=alex_20240424063103_10f93406-bafd-4d6d-ba0b-78c9990cf274): drop table if exists nonAcidOrcTbl2
2024-04-24T06:31:03,127  INFO [main] txn.TxnHandler: Added entries to MIN_HISTORY_LEVEL for current txns: ([18]) with min_open_txn: 10
2024-04-24T06:31:03,128  INFO [main] lockmgr.DbTxnManager: Opened txnid:18
2024-04-24T06:31:03,128  INFO [main] HiveMetaStore.audit: ugi=alex	ip=unknown-ip-addr	cmd=get_table : tbl=hive.default.nonAcidOrcTbl2	
2024-04-24T06:31:03,136  INFO [main] metastore.HMSHandler: Skipping translation for processor with null
2024-04-24T06:31:03,137  INFO [main] ql.Driver: Semantic Analysis Completed (retrial = false)
2024-04-24T06:31:03,137  INFO [main] ql.Driver: Created Hive schema: Schema(fieldSchemas:null, properties:null)
2024-04-24T06:31:03,137  INFO [main] metadata.Hive: Dumping metastore api call timing information for : compilation phase
2024-04-24T06:31:03,137  INFO [main] metadata.Hive: Total time spent in each metastore function (ms): {commitTxn_(CommitTxnRequest)=13, isCompatibleWith_(Configuration)=0, flushCache_()=0, getTable_(GetTableRequest)=8, openTxn_(String, TxnType)=3, getValidTxns_(long)=0}
2024-04-24T06:31:03,137  INFO [main] ql.Driver: Completed compiling command(queryId=alex_20240424063103_10f93406-bafd-4d6d-ba0b-78c9990cf274); Time taken: 0.012 seconds
2024-04-24T06:31:03,137  INFO [main] lockmgr.DbTxnManager: Setting lock request transaction to txnid:18 for queryId=alex_20240424063103_10f93406-bafd-4d6d-ba0b-78c9990cf274
2024-04-24T06:31:03,138  INFO [main] lockmgr.DbLockManager: Requesting lock for queryId=alex_20240424063103_10f93406-bafd-4d6d-ba0b-78c9990cf274
2024-04-24T06:31:03,155  INFO [main] lockmgr.DbLockManager: Response to queryId=alex_20240424063103_10f93406-bafd-4d6d-ba0b-78c9990cf274 LockResponse(lockid:10, state:ACQUIRED)
2024-04-24T06:31:03,155  INFO [main] ql.Driver: Operation DROPTABLE obtained 1 locks
2024-04-24T06:31:03,155  INFO [main] ql.Driver: Executing command(queryId=alex_20240424063103_10f93406-bafd-4d6d-ba0b-78c9990cf274): drop table if exists nonAcidOrcTbl2
2024-04-24T06:31:03,155  INFO [main] ql.Driver: Starting task [Stage-0:DDL] in serial mode
2024-04-24T06:31:03,155  INFO [main] HiveMetaStore.audit: ugi=alex	ip=unknown-ip-addr	cmd=get_table : tbl=hive.default.nonAcidOrcTbl2	
2024-04-24T06:31:03,163  INFO [main] metastore.HMSHandler: Skipping translation for processor with null
2024-04-24T06:31:03,163  INFO [main] HiveMetaStore.audit: ugi=alex	ip=unknown-ip-addr	cmd=get_table : tbl=hive.default.nonAcidOrcTbl2	
2024-04-24T06:31:03,170  INFO [main] metastore.HMSHandler: Skipping translation for processor with null
2024-04-24T06:31:03,170  INFO [main] HiveMetaStore.audit: ugi=alex	ip=unknown-ip-addr	cmd=drop_table : tbl=hive.default.nonAcidOrcTbl2	
2024-04-24T06:31:03,196  INFO [main] metadata.Hive: Dumping metastore api call timing information for : execution phase
2024-04-24T06:31:03,196  INFO [main] metadata.Hive: Total time spent in each metastore function (ms): {isCompatibleWith_(Configuration)=0, getTable_(GetTableRequest)=8, dropTable_(String, String, boolean, boolean, boolean)=33}
2024-04-24T06:31:03,197  INFO [main] ql.Driver: Completed executing command(queryId=alex_20240424063103_10f93406-bafd-4d6d-ba0b-78c9990cf274); Time taken: 0.041 seconds
2024-04-24T06:31:03,197  INFO [main] lockmgr.DbTxnManager: Stopped heartbeat for query: alex_20240424063103_10f93406-bafd-4d6d-ba0b-78c9990cf274
2024-04-24T06:31:03,201  INFO [main] txn.TxnHandler: Expected to move at least one record from txn_components to completed_txn_components when committing txn! txnid:18
2024-04-24T06:31:03,209  INFO [main] txn.TxnHandler: Removed transactions: ([18]) from MIN_HISTORY_LEVEL
2024-04-24T06:31:03,209  WARN [main] txn.CompactionTxnHandler: No compaction queue record found for Compaction type transaction commit. txnId:18
2024-04-24T06:31:03,209  INFO [main] ql.TxnCommandsBaseForTests: Running the query: drop table if exists nonAcidNonBucket
2024-04-24T06:31:03,209  INFO [main] ql.Driver: Compiling command(queryId=alex_20240424063103_2da7d8b5-9b57-4843-8ff2-0480c7cde22f): drop table if exists nonAcidNonBucket
2024-04-24T06:31:03,212  INFO [main] txn.TxnHandler: Added entries to MIN_HISTORY_LEVEL for current txns: ([19]) with min_open_txn: 11
2024-04-24T06:31:03,212  INFO [main] lockmgr.DbTxnManager: Opened txnid:19
2024-04-24T06:31:03,212  INFO [main] HiveMetaStore.audit: ugi=alex	ip=unknown-ip-addr	cmd=get_table : tbl=hive.default.nonAcidNonBucket	
2024-04-24T06:31:03,219  INFO [main] metastore.HMSHandler: Skipping translation for processor with null
2024-04-24T06:31:03,220  INFO [main] ql.Driver: Semantic Analysis Completed (retrial = false)
2024-04-24T06:31:03,220  INFO [main] ql.Driver: Created Hive schema: Schema(fieldSchemas:null, properties:null)
2024-04-24T06:31:03,220  INFO [main] metadata.Hive: Dumping metastore api call timing information for : compilation phase
2024-04-24T06:31:03,220  INFO [main] metadata.Hive: Total time spent in each metastore function (ms): {isCompatibleWith_(Configuration)=0, getTable_(GetTableRequest)=7, openTxn_(String, TxnType)=2, flushCache_()=0, getValidTxns_(long)=0, commitTxn_(CommitTxnRequest)=12}
2024-04-24T06:31:03,220  INFO [main] ql.Driver: Completed compiling command(queryId=alex_20240424063103_2da7d8b5-9b57-4843-8ff2-0480c7cde22f); Time taken: 0.011 seconds
2024-04-24T06:31:03,220  INFO [main] lockmgr.DbTxnManager: Setting lock request transaction to txnid:19 for queryId=alex_20240424063103_2da7d8b5-9b57-4843-8ff2-0480c7cde22f
2024-04-24T06:31:03,220  INFO [main] lockmgr.DbLockManager: Requesting lock for queryId=alex_20240424063103_2da7d8b5-9b57-4843-8ff2-0480c7cde22f
2024-04-24T06:31:03,237  INFO [main] lockmgr.DbLockManager: Response to queryId=alex_20240424063103_2da7d8b5-9b57-4843-8ff2-0480c7cde22f LockResponse(lockid:11, state:ACQUIRED)
2024-04-24T06:31:03,237  INFO [main] ql.Driver: Operation DROPTABLE obtained 1 locks
2024-04-24T06:31:03,237  INFO [main] ql.Driver: Executing command(queryId=alex_20240424063103_2da7d8b5-9b57-4843-8ff2-0480c7cde22f): drop table if exists nonAcidNonBucket
2024-04-24T06:31:03,237  INFO [main] ql.Driver: Starting task [Stage-0:DDL] in serial mode
2024-04-24T06:31:03,237  INFO [main] HiveMetaStore.audit: ugi=alex	ip=unknown-ip-addr	cmd=get_table : tbl=hive.default.nonAcidNonBucket	
2024-04-24T06:31:03,244  INFO [main] metastore.HMSHandler: Skipping translation for processor with null
2024-04-24T06:31:03,245  INFO [main] HiveMetaStore.audit: ugi=alex	ip=unknown-ip-addr	cmd=get_table : tbl=hive.default.nonAcidNonBucket	
2024-04-24T06:31:03,252  INFO [main] metastore.HMSHandler: Skipping translation for processor with null
2024-04-24T06:31:03,252  INFO [main] HiveMetaStore.audit: ugi=alex	ip=unknown-ip-addr	cmd=drop_table : tbl=hive.default.nonAcidNonBucket	
2024-04-24T06:31:03,281  INFO [main] metadata.Hive: Dumping metastore api call timing information for : execution phase
2024-04-24T06:31:03,281  INFO [main] metadata.Hive: Total time spent in each metastore function (ms): {isCompatibleWith_(Configuration)=0, getTable_(GetTableRequest)=7, dropTable_(String, String, boolean, boolean, boolean)=37}
2024-04-24T06:31:03,281  INFO [main] ql.Driver: Completed executing command(queryId=alex_20240424063103_2da7d8b5-9b57-4843-8ff2-0480c7cde22f); Time taken: 0.044 seconds
2024-04-24T06:31:03,281  INFO [main] lockmgr.DbTxnManager: Stopped heartbeat for query: alex_20240424063103_2da7d8b5-9b57-4843-8ff2-0480c7cde22f
2024-04-24T06:31:03,286  INFO [main] txn.TxnHandler: Expected to move at least one record from txn_components to completed_txn_components when committing txn! txnid:19
2024-04-24T06:31:03,295  INFO [main] txn.TxnHandler: Removed transactions: ([19]) from MIN_HISTORY_LEVEL
2024-04-24T06:31:03,295  WARN [main] txn.CompactionTxnHandler: No compaction queue record found for Compaction type transaction commit. txnId:19
2024-04-24T06:31:03,296  INFO [main] utils.TestTxnDbUtil: Cleaning transactional tables
]]></system-err>
  </testcase>
  <testcase name="testMmExim" classname="org.apache.hadoop.hive.ql.TestTxnCommands" time="10.084"/>
  <testcase name="testExplicitRollback" classname="org.apache.hadoop.hive.ql.TestTxnCommands" time="4.26"/>
  <testcase name="testNonAcidInsert" classname="org.apache.hadoop.hive.ql.TestTxnCommands" time="0">
    <skipped message="not needed but useful for testing"/>
  </testcase>
</testsuite>