<?xml version="1.0" encoding="UTF-8"?>
<testsuite xmlns:xsi="http://www.w3.org/2001/XMLSchema-instance" xsi:noNamespaceSchemaLocation="https://maven.apache.org/surefire/maven-surefire-plugin/xsd/surefire-test-report-3.0.xsd" version="3.0" name="org.apache.hadoop.hive.ql.TestTxnNoBuckets" time="155.877" tests="15" errors="5" skipped="0" failures="0">
  <properties>
    <property name="build.test.dir" value="/home/alex/Repositories/hive/ql/target/tmp"/>
    <property name="awt.toolkit" value="sun.awt.X11.XToolkit"/>
    <property name="test.tmp.dir.uri" value="file:///home/alex/Repositories/hive/ql/target/tmp"/>
    <property name="java.specification.version" value="1.8"/>
    <property name="qfile" value=""/>
    <property name="test.warehouse.dir" value="pfile:///home/alex/Repositories/hive/ql/target/warehouse"/>
    <property name="sun.cpu.isalist" value=""/>
    <property name="sun.jnu.encoding" value="UTF-8"/>
    <property name="run_disabled" value=""/>
    <property name="nondexPrintstack" value="false"/>
    <property name="sun.arch.data.model" value="64"/>
    <property name="java.vendor.url" value="http://java.oracle.com/"/>
    <property name="user.country.format" value="PT"/>
    <property name="test.tmp.dir" value="/home/alex/Repositories/hive/ql/target/tmp"/>
    <property name="sun.boot.library.path" value="/usr/lib/jvm/java-8-openjdk-amd64/jre/lib/amd64"/>
    <property name="sun.java.command" value="/home/alex/Repositories/hive/ql/target/surefire/surefirebooter6289934244925828542.jar /home/alex/Repositories/hive/ql/target/surefire 2024-04-23T21-59-46_173-jvmRun1 surefire4030587648496174567tmp surefire_27821439218446926636925tmp"/>
    <property name="nondexExecid" value="Snhwr3I2MCYp2xI1BMYXdetIVL2H5UQXpCxOgAk9NN4="/>
    <property name="java.specification.vendor" value="Oracle Corporation"/>
    <property name="java.home" value="/usr/lib/jvm/java-8-openjdk-amd64/jre"/>
    <property name="file.separator" value="/"/>
    <property name="basedir" value="/home/alex/Repositories/hive/ql"/>
    <property name="nondexEnd" value="9223372036854775807"/>
    <property name="line.separator" value="&#10;"/>
    <property name="derby.stream.error.file" value="/home/alex/Repositories/hive/ql/target/tmp/derby.log"/>
    <property name="java.specification.name" value="Java Platform API Specification"/>
    <property name="java.vm.specification.vendor" value="Oracle Corporation"/>
    <property name="sun.boot.class.path" value="/home/alex/Repositories/hive/ql/.nondex/nondex-instr.jar:/home/alex/.m2/repository/edu/illinois/nondex-common/2.1.7/nondex-common-2.1.7.jar:/home/alex/.m2/repository/edu/illinois/nondex-annotations/2.1.7/nondex-annotations-2.1.7.jar:/usr/lib/jvm/java-8-openjdk-amd64/jre/lib/resources.jar:/usr/lib/jvm/java-8-openjdk-amd64/jre/lib/rt.jar:/usr/lib/jvm/java-8-openjdk-amd64/jre/lib/sunrsasign.jar:/usr/lib/jvm/java-8-openjdk-amd64/jre/lib/jsse.jar:/usr/lib/jvm/java-8-openjdk-amd64/jre/lib/jce.jar:/usr/lib/jvm/java-8-openjdk-amd64/jre/lib/charsets.jar:/usr/lib/jvm/java-8-openjdk-amd64/jre/lib/jfr.jar:/usr/lib/jvm/java-8-openjdk-amd64/jre/classes"/>
    <property name="log4j.debug" value="true"/>
    <property name="sun.management.compiler" value="HotSpot 64-Bit Tiered Compilers"/>
    <property name="spark.home" value=""/>
    <property name="java.runtime.version" value="1.8.0_402-8u402-ga-2ubuntu1~22.04-b06"/>
    <property name="user.name" value="alex"/>
    <property name="test.src.tables" value=""/>
    <property name="file.encoding" value="UTF-8"/>
    <property name="qfile_regex" value=""/>
    <property name="hadoop.bin.path" value="/home/alex/Repositories/hive/ql/../testutils/hadoop"/>
    <property name="localRepository" value="/home/alex/.m2/repository"/>
    <property name="build.dir" value="/home/alex/Repositories/hive/ql/target"/>
    <property name="nondexDir" value="/home/alex/Repositories/hive/ql/.nondex"/>
    <property name="mapred.job.tracker" value="local"/>
    <property name="nondexJarDir" value="/home/alex/Repositories/hive/ql/.nondex"/>
    <property name="java.io.tmpdir" value="/home/alex/Repositories/hive/ql/target/tmp"/>
    <property name="com.zaxxer.hikari.pool_number" value="3"/>
    <property name="java.version" value="1.8.0_402"/>
    <property name="hive.version" value="4.0.0-SNAPSHOT"/>
    <property name="java.vm.specification.name" value="Java Virtual Machine Specification"/>
    <property name="java.awt.printerjob" value="sun.print.PSPrinterJob"/>
    <property name="sun.os.patch.level" value="unknown"/>
    <property name="java.library.path" value="/usr/java/packages/lib/amd64:/usr/lib/x86_64-linux-gnu/jni:/lib/x86_64-linux-gnu:/usr/lib/x86_64-linux-gnu:/usr/lib/jni:/lib:/usr/lib"/>
    <property name="test.data.dir" value="/home/alex/Repositories/hive/ql/../data/files"/>
    <property name="java.vendor" value="Private Build"/>
    <property name="java.specification.maintenance.version" value="5"/>
    <property name="sun.io.unicode.encoding" value="UnicodeLittle"/>
    <property name="initScript" value=""/>
    <property name="sun.desktop" value="gnome"/>
    <property name="calcite.enable.rexnode.digest.normalize" value="false"/>
    <property name="nondexStart" value="0"/>
    <property name="file.encoding.pkg" value="sun.io"/>
    <property name="log4j.configurationFile" value="file:///home/alex/Repositories/hive/ql/target/testconf/hive-log4j2.properties"/>
    <property name="java.class.path" value="/home/alex/Repositories/hive/ql/target/test-classes:/home/alex/Repositories/hive/ql/target/classes:/home/alex/.m2/repository/org/apache/atlas/atlas-client-v2/2.1.0/atlas-client-v2-2.1.0.jar:/home/alex/.m2/repository/cglib/cglib/2.2.2/cglib-2.2.2.jar:/home/alex/.m2/repository/asm/asm/3.3.1/asm-3.3.1.jar:/home/alex/.m2/repository/org/apache/atlas/atlas-client-common/2.1.0/atlas-client-common-2.1.0.jar:/home/alex/.m2/repository/org/apache/httpcomponents/httpclient/4.5.13/httpclient-4.5.13.jar:/home/alex/.m2/repository/com/sun/jersey/jersey-client/1.19/jersey-client-1.19.jar:/home/alex/.m2/repository/org/apache/atlas/atlas-intg/2.1.0/atlas-intg-2.1.0.jar:/home/alex/.m2/repository/commons-collections/commons-collections/3.2.2/commons-collections-3.2.2.jar:/home/alex/.m2/repository/commons-validator/commons-validator/1.6/commons-validator-1.6.jar:/home/alex/.m2/repository/commons-digester/commons-digester/1.8.1/commons-digester-1.8.1.jar:/home/alex/.m2/repository/com/fasterxml/jackson/jaxrs/jackson-jaxrs-base/2.12.0/jackson-jaxrs-base-2.12.0.jar:/home/alex/.m2/repository/com/fasterxml/jackson/jaxrs/jackson-jaxrs-json-provider/2.12.0/jackson-jaxrs-json-provider-2.12.0.jar:/home/alex/.m2/repository/javax/inject/javax.inject/1/javax.inject-1.jar:/home/alex/.m2/repository/org/springframework/spring-context/4.3.20.RELEASE/spring-context-4.3.20.RELEASE.jar:/home/alex/.m2/repository/org/springframework/spring-aop/4.3.20.RELEASE/spring-aop-4.3.20.RELEASE.jar:/home/alex/.m2/repository/org/springframework/spring-beans/4.3.20.RELEASE/spring-beans-4.3.20.RELEASE.jar:/home/alex/.m2/repository/org/springframework/spring-core/4.3.20.RELEASE/spring-core-4.3.20.RELEASE.jar:/home/alex/.m2/repository/org/springframework/spring-expression/4.3.20.RELEASE/spring-expression-4.3.20.RELEASE.jar:/home/alex/.m2/repository/commons-configuration/commons-configuration/1.10/commons-configuration-1.10.jar:/home/alex/.m2/repository/commons-lang/commons-lang/2.6/commons-lang-2.6.jar:/home/alex/.m2/repository/commons-logging/commons-logging/1.1.1/commons-logging-1.1.1.jar:/home/alex/.m2/repository/org/apache/commons/commons-math3/3.6.1/commons-math3-3.6.1.jar:/home/alex/Repositories/hive/vector-code-gen/target/classes:/home/alex/.m2/repository/org/apache/velocity/velocity/1.5/velocity-1.5.jar:/home/alex/Repositories/hive/common/target/classes:/home/alex/Repositories/hive/classification/target/classes:/home/alex/Repositories/hive/standalone-metastore/metastore-common/target/classes:/home/alex/.m2/repository/commons-cli/commons-cli/1.4/commons-cli-1.4.jar:/home/alex/.m2/repository/org/apache/orc/orc-core/1.6.9/orc-core-1.6.9.jar:/home/alex/.m2/repository/org/apache/orc/orc-shims/1.6.9/orc-shims-1.6.9.jar:/home/alex/.m2/repository/io/airlift/aircompressor/0.19/aircompressor-0.19.jar:/home/alex/.m2/repository/org/jetbrains/annotations/17.0.0/annotations-17.0.0.jar:/home/alex/.m2/repository/org/threeten/threeten-extra/1.5.0/threeten-extra-1.5.0.jar:/home/alex/.m2/repository/jline/jline/2.14.6/jline-2.14.6.jar:/home/alex/.m2/repository/javax/servlet/javax.servlet-api/3.1.0/javax.servlet-api-3.1.0.jar:/home/alex/.m2/repository/org/eclipse/jetty/jetty-http/9.3.27.v20190418/jetty-http-9.3.27.v20190418.jar:/home/alex/.m2/repository/org/eclipse/jetty/jetty-rewrite/9.3.27.v20190418/jetty-rewrite-9.3.27.v20190418.jar:/home/alex/.m2/repository/org/eclipse/jetty/jetty-client/9.3.27.v20190418/jetty-client-9.3.27.v20190418.jar:/home/alex/.m2/repository/org/eclipse/jetty/jetty-server/9.3.27.v20190418/jetty-server-9.3.27.v20190418.jar:/home/alex/.m2/repository/org/eclipse/jetty/jetty-io/9.3.27.v20190418/jetty-io-9.3.27.v20190418.jar:/home/alex/.m2/repository/org/eclipse/jetty/jetty-servlet/9.3.27.v20190418/jetty-servlet-9.3.27.v20190418.jar:/home/alex/.m2/repository/org/eclipse/jetty/jetty-security/9.3.27.v20190418/jetty-security-9.3.27.v20190418.jar:/home/alex/.m2/repository/org/eclipse/jetty/jetty-webapp/9.3.27.v20190418/jetty-webapp-9.3.27.v20190418.jar:/home/alex/.m2/repository/org/eclipse/jetty/jetty-xml/9.3.27.v20190418/jetty-xml-9.3.27.v20190418.jar:/home/alex/.m2/repository/joda-time/joda-time/2.9.9/joda-time-2.9.9.jar:/home/alex/.m2/repository/org/apache/logging/log4j/log4j-web/2.13.2/log4j-web-2.13.2.jar:/home/alex/.m2/repository/net/sf/jpam/jpam/1.1/jpam-1.1.jar:/home/alex/.m2/repository/io/dropwizard/metrics/metrics-core/3.1.0/metrics-core-3.1.0.jar:/home/alex/.m2/repository/io/dropwizard/metrics/metrics-jvm/3.1.0/metrics-jvm-3.1.0.jar:/home/alex/.m2/repository/io/dropwizard/metrics/metrics-json/3.1.0/metrics-json-3.1.0.jar:/home/alex/.m2/repository/com/github/joshelser/dropwizard-metrics-hadoop-metrics2-reporter/0.1.2/dropwizard-metrics-hadoop-metrics2-reporter-0.1.2.jar:/home/alex/Repositories/hive/metastore/target/classes:/home/alex/.m2/repository/org/apache/derby/derby/10.14.1.0/derby-10.14.1.0.jar:/home/alex/Repositories/hive/serde/target/classes:/home/alex/.m2/repository/com/google/code/findbugs/jsr305/3.0.0/jsr305-3.0.0.jar:/home/alex/.m2/repository/org/apache/arrow/arrow-vector/0.15.1/arrow-vector-0.15.1.jar:/home/alex/.m2/repository/org/apache/arrow/arrow-format/0.15.1/arrow-format-0.15.1.jar:/home/alex/.m2/repository/org/apache/arrow/arrow-memory/0.15.1/arrow-memory-0.15.1.jar:/home/alex/.m2/repository/com/google/flatbuffers/flatbuffers-java/1.9.0/flatbuffers-java-1.9.0.jar:/home/alex/.m2/repository/com/carrotsearch/hppc/0.7.2/hppc-0.7.2.jar:/home/alex/.m2/repository/com/github/davidmoten/flatbuffers-java/1.6.0.1/flatbuffers-java-1.6.0.1.jar:/home/alex/Repositories/hive/parser/target/classes:/home/alex/Repositories/hive/udf/target/classes:/home/alex/Repositories/hive/service-rpc/target/classes:/home/alex/Repositories/hive/llap-client/target/classes:/home/alex/Repositories/hive/llap-common/target/classes:/home/alex/.m2/repository/io/jsonwebtoken/jjwt-api/0.10.5/jjwt-api-0.10.5.jar:/home/alex/.m2/repository/io/jsonwebtoken/jjwt-impl/0.10.5/jjwt-impl-0.10.5.jar:/home/alex/.m2/repository/io/jsonwebtoken/jjwt-jackson/0.10.5/jjwt-jackson-0.10.5.jar:/home/alex/Repositories/hive/llap-tez/target/classes:/home/alex/Repositories/hive/shims/aggregator/target/classes:/home/alex/Repositories/hive/shims/common/target/classes:/home/alex/Repositories/hive/shims/0.23/target/classes:/home/alex/.m2/repository/org/apache/hadoop/hadoop-yarn-server-resourcemanager/3.1.0/hadoop-yarn-server-resourcemanager-3.1.0.jar:/home/alex/.m2/repository/org/apache/hadoop/hadoop-yarn-server-applicationhistoryservice/3.1.0/hadoop-yarn-server-applicationhistoryservice-3.1.0.jar:/home/alex/.m2/repository/de/ruedigermoeller/fst/2.50/fst-2.50.jar:/home/alex/.m2/repository/com/cedarsoftware/java-util/1.9.0/java-util-1.9.0.jar:/home/alex/.m2/repository/com/cedarsoftware/json-io/2.5.1/json-io-2.5.1.jar:/home/alex/Repositories/hive/shims/scheduler/target/classes:/home/alex/Repositories/hive/spark-client/target/classes:/home/alex/.m2/repository/io/netty/netty-all/4.1.65.Final/netty-all-4.1.65.Final.jar:/home/alex/.m2/repository/com/fasterxml/jackson/module/jackson-module-scala_2.12/2.12.0/jackson-module-scala_2.12-2.12.0.jar:/home/alex/.m2/repository/org/apache/spark/spark-yarn_2.12/2.4.5/spark-yarn_2.12-2.4.5.jar:/home/alex/Repositories/hive/storage-api/target/classes:/home/alex/.m2/repository/com/amazonaws/aws-java-sdk-bundle/1.11.901/aws-java-sdk-bundle-1.11.901.jar:/home/alex/.m2/repository/com/amazonaws/secretsmanager/aws-secretsmanager-caching-java/1.0.1/aws-secretsmanager-caching-java-1.0.1.jar:/home/alex/.m2/repository/com/esotericsoftware/kryo/5.0.3/kryo-5.0.3.jar:/home/alex/.m2/repository/org/objenesis/objenesis/3.1/objenesis-3.1.jar:/home/alex/.m2/repository/com/esotericsoftware/minlog/1.3.1/minlog-1.3.1.jar:/home/alex/.m2/repository/com/esotericsoftware/reflectasm/1.11.9/reflectasm-1.11.9.jar:/home/alex/.m2/repository/com/google/protobuf/protobuf-java/2.5.0/protobuf-java-2.5.0.jar:/home/alex/.m2/repository/org/apache/hbase/hbase-common/2.0.0-alpha4/hbase-common-2.0.0-alpha4.jar:/home/alex/.m2/repository/org/apache/hbase/thirdparty/hbase-shaded-miscellaneous/1.0.1/hbase-shaded-miscellaneous-1.0.1.jar:/home/alex/.m2/repository/org/apache/htrace/htrace-core/3.2.0-incubating/htrace-core-3.2.0-incubating.jar:/home/alex/.m2/repository/org/apache/commons/commons-crypto/1.0.0/commons-crypto-1.0.0.jar:/home/alex/.m2/repository/com/github/stephenc/findbugs/findbugs-annotations/1.3.9-1/findbugs-annotations-1.3.9-1.jar:/home/alex/.m2/repository/log4j/log4j/1.2.17/log4j-1.2.17.jar:/home/alex/.m2/repository/org/apache/yetus/audience-annotations/0.5.0/audience-annotations-0.5.0.jar:/home/alex/.m2/repository/org/apache/parquet/parquet-hadoop-bundle/1.11.1/parquet-hadoop-bundle-1.11.1.jar:/home/alex/.m2/repository/commons-codec/commons-codec/1.15/commons-codec-1.15.jar:/home/alex/.m2/repository/commons-io/commons-io/2.6/commons-io-2.6.jar:/home/alex/.m2/repository/org/apache/commons/commons-collections4/4.1/commons-collections4-4.1.jar:/home/alex/.m2/repository/org/apache/commons/commons-lang3/3.9/commons-lang3-3.9.jar:/home/alex/.m2/repository/org/apache/commons/commons-text/1.8/commons-text-1.8.jar:/home/alex/.m2/repository/javolution/javolution/5.5.1/javolution-5.5.1.jar:/home/alex/.m2/repository/org/apache/logging/log4j/log4j-1.2-api/2.13.2/log4j-1.2-api-2.13.2.jar:/home/alex/.m2/repository/org/apache/logging/log4j/log4j-api/2.13.2/log4j-api-2.13.2.jar:/home/alex/.m2/repository/org/apache/logging/log4j/log4j-core/2.13.2/log4j-core-2.13.2.jar:/home/alex/.m2/repository/org/apache/logging/log4j/log4j-slf4j-impl/2.13.2/log4j-slf4j-impl-2.13.2.jar:/home/alex/.m2/repository/org/antlr/antlr-runtime/3.5.2/antlr-runtime-3.5.2.jar:/home/alex/.m2/repository/org/antlr/ST4/4.0.4/ST4-4.0.4.jar:/home/alex/.m2/repository/org/apache/avro/avro/1.8.2/avro-1.8.2.jar:/home/alex/.m2/repository/org/codehaus/jackson/jackson-core-asl/1.9.13/jackson-core-asl-1.9.13.jar:/home/alex/.m2/repository/org/codehaus/jackson/jackson-mapper-asl/1.9.13/jackson-mapper-asl-1.9.13.jar:/home/alex/.m2/repository/com/thoughtworks/paranamer/paranamer/2.8/paranamer-2.8.jar:/home/alex/.m2/repository/org/xerial/snappy/snappy-java/1.1.4/snappy-java-1.1.4.jar:/home/alex/.m2/repository/org/tukaani/xz/1.5/xz-1.5.jar:/home/alex/.m2/repository/org/apache/avro/avro-mapred/1.8.2/avro-mapred-1.8.2-hadoop2.jar:/home/alex/.m2/repository/org/apache/avro/avro-ipc/1.8.2/avro-ipc-1.8.2.jar:/home/alex/.m2/repository/org/mortbay/jetty/jetty/6.1.26/jetty-6.1.26.jar:/home/alex/.m2/repository/org/apache/ant/ant/1.9.1/ant-1.9.1.jar:/home/alex/.m2/repository/org/apache/ant/ant-launcher/1.9.1/ant-launcher-1.9.1.jar:/home/alex/.m2/repository/org/apache/commons/commons-compress/1.21/commons-compress-1.21.jar:/home/alex/.m2/repository/org/apache/thrift/libfb303/0.9.3/libfb303-0.9.3.jar:/home/alex/.m2/repository/org/apache/hadoop/hadoop-common/3.1.0/hadoop-common-3.1.0.jar:/home/alex/.m2/repository/org/apache/hadoop/hadoop-annotations/3.1.0/hadoop-annotations-3.1.0.jar:/home/alex/.m2/repository/commons-net/commons-net/3.6/commons-net-3.6.jar:/home/alex/.m2/repository/org/eclipse/jetty/jetty-util/9.3.27.v20190418/jetty-util-9.3.27.v20190418.jar:/home/alex/.m2/repository/javax/servlet/jsp/jsp-api/2.1/jsp-api-2.1.jar:/home/alex/.m2/repository/com/sun/jersey/jersey-core/1.19/jersey-core-1.19.jar:/home/alex/.m2/repository/javax/ws/rs/jsr311-api/1.1.1/jsr311-api-1.1.1.jar:/home/alex/.m2/repository/com/sun/jersey/jersey-json/1.19/jersey-json-1.19.jar:/home/alex/.m2/repository/com/sun/xml/bind/jaxb-impl/2.2.3-1/jaxb-impl-2.2.3-1.jar:/home/alex/.m2/repository/org/codehaus/jackson/jackson-jaxrs/1.9.2/jackson-jaxrs-1.9.2.jar:/home/alex/.m2/repository/org/codehaus/jackson/jackson-xc/1.9.2/jackson-xc-1.9.2.jar:/home/alex/.m2/repository/com/sun/jersey/jersey-server/1.19/jersey-server-1.19.jar:/home/alex/.m2/repository/org/apache/commons/commons-configuration2/2.1.1/commons-configuration2-2.1.1.jar:/home/alex/.m2/repository/org/apache/hadoop/hadoop-auth/3.1.0/hadoop-auth-3.1.0.jar:/home/alex/.m2/repository/com/nimbusds/nimbus-jose-jwt/4.41.1/nimbus-jose-jwt-4.41.1.jar:/home/alex/.m2/repository/com/github/stephenc/jcip/jcip-annotations/1.0-1/jcip-annotations-1.0-1.jar:/home/alex/.m2/repository/com/jcraft/jsch/0.1.54/jsch-0.1.54.jar:/home/alex/.m2/repository/org/apache/htrace/htrace-core4/4.1.0-incubating/htrace-core4-4.1.0-incubating.jar:/home/alex/.m2/repository/org/apache/kerby/kerb-simplekdc/1.0.1/kerb-simplekdc-1.0.1.jar:/home/alex/.m2/repository/org/apache/kerby/kerb-client/1.0.1/kerb-client-1.0.1.jar:/home/alex/.m2/repository/org/apache/kerby/kerby-config/1.0.1/kerby-config-1.0.1.jar:/home/alex/.m2/repository/org/apache/kerby/kerb-core/1.0.1/kerb-core-1.0.1.jar:/home/alex/.m2/repository/org/apache/kerby/kerby-pkix/1.0.1/kerby-pkix-1.0.1.jar:/home/alex/.m2/repository/org/apache/kerby/kerby-asn1/1.0.1/kerby-asn1-1.0.1.jar:/home/alex/.m2/repository/org/apache/kerby/kerby-util/1.0.1/kerby-util-1.0.1.jar:/home/alex/.m2/repository/org/apache/kerby/kerb-common/1.0.1/kerb-common-1.0.1.jar:/home/alex/.m2/repository/org/apache/kerby/kerb-crypto/1.0.1/kerb-crypto-1.0.1.jar:/home/alex/.m2/repository/org/apache/kerby/kerb-util/1.0.1/kerb-util-1.0.1.jar:/home/alex/.m2/repository/org/apache/kerby/token-provider/1.0.1/token-provider-1.0.1.jar:/home/alex/.m2/repository/org/apache/kerby/kerb-admin/1.0.1/kerb-admin-1.0.1.jar:/home/alex/.m2/repository/org/apache/kerby/kerb-server/1.0.1/kerb-server-1.0.1.jar:/home/alex/.m2/repository/org/apache/kerby/kerb-identity/1.0.1/kerb-identity-1.0.1.jar:/home/alex/.m2/repository/org/apache/kerby/kerby-xdr/1.0.1/kerby-xdr-1.0.1.jar:/home/alex/.m2/repository/org/codehaus/woodstox/stax2-api/3.1.4/stax2-api-3.1.4.jar:/home/alex/.m2/repository/com/fasterxml/woodstox/woodstox-core/5.0.3/woodstox-core-5.0.3.jar:/home/alex/.m2/repository/org/apache/hadoop/hadoop-archives/3.1.0/hadoop-archives-3.1.0.jar:/home/alex/.m2/repository/org/apache/hadoop/hadoop-yarn-registry/3.1.0/hadoop-yarn-registry-3.1.0.jar:/home/alex/.m2/repository/org/apache/curator/curator-client/4.2.0/curator-client-4.2.0.jar:/home/alex/.m2/repository/org/apache/curator/curator-recipes/4.2.0/curator-recipes-4.2.0.jar:/home/alex/.m2/repository/commons-daemon/commons-daemon/1.0.13/commons-daemon-1.0.13.jar:/home/alex/.m2/repository/dnsjava/dnsjava/2.1.7/dnsjava-2.1.7.jar:/home/alex/.m2/repository/org/apache/hadoop/hadoop-mapreduce-client-core/3.1.0/hadoop-mapreduce-client-core-3.1.0.jar:/home/alex/.m2/repository/org/apache/hadoop/hadoop-hdfs-client/3.1.0/hadoop-hdfs-client-3.1.0.jar:/home/alex/.m2/repository/com/squareup/okhttp/okhttp/2.7.5/okhttp-2.7.5.jar:/home/alex/.m2/repository/com/squareup/okio/okio/1.6.0/okio-1.6.0.jar:/home/alex/.m2/repository/com/google/inject/extensions/guice-servlet/4.0/guice-servlet-4.0.jar:/home/alex/.m2/repository/org/apache/hadoop/hadoop-mapreduce-client-common/3.1.0/hadoop-mapreduce-client-common-3.1.0.jar:/home/alex/.m2/repository/org/apache/hadoop/hadoop-hdfs/3.1.0/hadoop-hdfs-3.1.0.jar:/home/alex/.m2/repository/org/eclipse/jetty/jetty-util-ajax/9.3.19.v20170502/jetty-util-ajax-9.3.19.v20170502.jar:/home/alex/.m2/repository/org/fusesource/leveldbjni/leveldbjni-all/1.8/leveldbjni-all-1.8.jar:/home/alex/.m2/repository/org/apache/hadoop/hadoop-yarn-api/3.1.0/hadoop-yarn-api-3.1.0.jar:/home/alex/.m2/repository/javax/xml/bind/jaxb-api/2.2.11/jaxb-api-2.2.11.jar:/home/alex/.m2/repository/org/apache/hadoop/hadoop-yarn-common/3.1.0/hadoop-yarn-common-3.1.0.jar:/home/alex/.m2/repository/com/google/inject/guice/4.0/guice-4.0.jar:/home/alex/.m2/repository/aopalliance/aopalliance/1.0/aopalliance-1.0.jar:/home/alex/.m2/repository/com/sun/jersey/contribs/jersey-guice/1.19/jersey-guice-1.19.jar:/home/alex/.m2/repository/com/fasterxml/jackson/module/jackson-module-jaxb-annotations/2.12.0/jackson-module-jaxb-annotations-2.12.0.jar:/home/alex/.m2/repository/jakarta/xml/bind/jakarta.xml.bind-api/2.3.2/jakarta.xml.bind-api-2.3.2.jar:/home/alex/.m2/repository/jakarta/activation/jakarta.activation-api/1.2.1/jakarta.activation-api-1.2.1.jar:/home/alex/.m2/repository/org/apache/hadoop/hadoop-yarn-client/3.1.0/hadoop-yarn-client-3.1.0.jar:/home/alex/.m2/repository/org/apache/orc/orc-tools/1.6.9/orc-tools-1.6.9.jar:/home/alex/.m2/repository/com/opencsv/opencsv/3.9/opencsv-3.9.jar:/home/alex/.m2/repository/org/codehaus/jettison/jettison/1.1/jettison-1.1.jar:/home/alex/.m2/repository/org/threeten/threetenbp/1.3.5/threetenbp-1.3.5.jar:/home/alex/.m2/repository/org/apache/ivy/ivy/2.4.0/ivy-2.4.0.jar:/home/alex/.m2/repository/org/apache/thrift/libthrift/0.14.1/libthrift-0.14.1.jar:/home/alex/.m2/repository/org/apache/httpcomponents/httpcore/4.4.13/httpcore-4.4.13.jar:/home/alex/.m2/repository/org/apache/tomcat/embed/tomcat-embed-core/8.5.46/tomcat-embed-core-8.5.46.jar:/home/alex/.m2/repository/org/apache/tomcat/tomcat-annotations-api/8.5.46/tomcat-annotations-api-8.5.46.jar:/home/alex/.m2/repository/javax/annotation/javax.annotation-api/1.3.2/javax.annotation-api-1.3.2.jar:/home/alex/.m2/repository/org/apache/zookeeper/zookeeper/3.5.5/zookeeper-3.5.5.jar:/home/alex/.m2/repository/org/apache/zookeeper/zookeeper-jute/3.5.5/zookeeper-jute-3.5.5.jar:/home/alex/.m2/repository/org/apache/curator/curator-framework/4.2.0/curator-framework-4.2.0.jar:/home/alex/.m2/repository/org/apache/curator/curator-test/4.2.0/curator-test-4.2.0.jar:/home/alex/.m2/repository/org/apache/datasketches/datasketches-hive/1.1.0-incubating/datasketches-hive-1.1.0-incubating.jar:/home/alex/.m2/repository/org/apache/datasketches/datasketches-java/1.3.0-incubating/datasketches-java-1.3.0-incubating.jar:/home/alex/.m2/repository/org/apache/datasketches/datasketches-memory/1.2.0-incubating/datasketches-memory-1.2.0-incubating.jar:/home/alex/.m2/repository/org/slf4j/slf4j-simple/1.7.27/slf4j-simple-1.7.27.jar:/home/alex/.m2/repository/com/lmax/disruptor/3.3.7/disruptor-3.3.7.jar:/home/alex/.m2/repository/org/codehaus/groovy/groovy-all/2.4.11/groovy-all-2.4.11.jar:/home/alex/.m2/repository/org/jodd/jodd-util/6.0.0/jodd-util-6.0.0.jar:/home/alex/.m2/repository/com/fasterxml/jackson/core/jackson-annotations/2.12.0/jackson-annotations-2.12.0.jar:/home/alex/.m2/repository/com/fasterxml/jackson/core/jackson-core/2.12.0/jackson-core-2.12.0.jar:/home/alex/.m2/repository/com/fasterxml/jackson/core/jackson-databind/2.12.0/jackson-databind-2.12.0.jar:/home/alex/.m2/repository/com/fasterxml/jackson/dataformat/jackson-dataformat-yaml/2.12.0/jackson-dataformat-yaml-2.12.0.jar:/home/alex/.m2/repository/org/yaml/snakeyaml/1.27/snakeyaml-1.27.jar:/home/alex/.m2/repository/org/datanucleus/datanucleus-core/5.2.4/datanucleus-core-5.2.4.jar:/home/alex/.m2/repository/org/apache/calcite/calcite-core/1.25.0/calcite-core-1.25.0.jar:/home/alex/.m2/repository/org/apache/calcite/calcite-linq4j/1.25.0/calcite-linq4j-1.25.0.jar:/home/alex/.m2/repository/org/apiguardian/apiguardian-api/1.1.0/apiguardian-api-1.1.0.jar:/home/alex/.m2/repository/com/esri/geometry/esri-geometry-api/2.2.0/esri-geometry-api-2.2.0.jar:/home/alex/.m2/repository/com/yahoo/datasketches/sketches-core/0.9.0/sketches-core-0.9.0.jar:/home/alex/.m2/repository/com/yahoo/datasketches/memory/0.9.0/memory-0.9.0.jar:/home/alex/.m2/repository/org/apache/commons/commons-dbcp2/2.7.0/commons-dbcp2-2.7.0.jar:/home/alex/.m2/repository/org/apache/commons/commons-pool2/2.7.0/commons-pool2-2.7.0.jar:/home/alex/.m2/repository/org/apache/calcite/calcite-druid/1.25.0/calcite-druid-1.25.0.jar:/home/alex/.m2/repository/org/apache/calcite/avatica/avatica/1.12.0/avatica-1.12.0.jar:/home/alex/.m2/repository/com/google/guava/guava/19.0/guava-19.0.jar:/home/alex/.m2/repository/com/googlecode/javaewah/JavaEWAH/0.3.2/JavaEWAH-0.3.2.jar:/home/alex/.m2/repository/com/google/code/gson/gson/2.2.4/gson-2.2.4.jar:/home/alex/.m2/repository/com/tdunning/json/1.8/json-1.8.jar:/home/alex/.m2/repository/stax/stax-api/1.0.1/stax-api-1.0.1.jar:/home/alex/.m2/repository/net/sf/opencsv/opencsv/2.3/opencsv-2.3.jar:/home/alex/Repositories/hive/standalone-metastore/metastore-server/target/classes:/home/alex/.m2/repository/com/zaxxer/HikariCP/2.6.1/HikariCP-2.6.1.jar:/home/alex/.m2/repository/commons-beanutils/commons-beanutils/1.9.4/commons-beanutils-1.9.4.jar:/home/alex/.m2/repository/org/datanucleus/datanucleus-api-jdo/5.2.4/datanucleus-api-jdo-5.2.4.jar:/home/alex/.m2/repository/org/datanucleus/datanucleus-rdbms/5.2.4/datanucleus-rdbms-5.2.4.jar:/home/alex/.m2/repository/org/datanucleus/javax.jdo/3.2.0-release/javax.jdo-3.2.0-release.jar:/home/alex/.m2/repository/javax/transaction/javax.transaction-api/1.3/javax.transaction-api-1.3.jar:/home/alex/.m2/repository/org/glassfish/corba/glassfish-corba-omgapi/4.2.2/glassfish-corba-omgapi-4.2.2.jar:/home/alex/.m2/repository/sqlline/sqlline/1.9.0/sqlline-1.9.0.jar:/home/alex/.m2/repository/org/jline/jline-terminal/3.12.1/jline-terminal-3.12.1.jar:/home/alex/.m2/repository/org/jline/jline-reader/3.12.1/jline-reader-3.12.1.jar:/home/alex/.m2/repository/org/jline/jline-terminal-jansi/3.12.1/jline-terminal-jansi-3.12.1.jar:/home/alex/.m2/repository/org/fusesource/jansi/jansi/1.18/jansi-1.18.jar:/home/alex/.m2/repository/org/jline/jline-terminal-jna/3.12.1/jline-terminal-jna-3.12.1.jar:/home/alex/.m2/repository/net/java/dev/jna/jna/5.3.1/jna-5.3.1.jar:/home/alex/.m2/repository/org/jline/jline-builtins/3.12.1/jline-builtins-3.12.1.jar:/home/alex/.m2/repository/org/jline/jline-style/3.12.1/jline-style-3.12.1.jar:/home/alex/.m2/repository/com/cronutils/cron-utils/9.1.3/cron-utils-9.1.3.jar:/home/alex/.m2/repository/org/glassfish/javax.el/3.0.0/javax.el-3.0.0.jar:/home/alex/.m2/repository/com/oracle/database/jdbc/ojdbc8/21.3.0.0/ojdbc8-21.3.0.0.jar:/home/alex/.m2/repository/mysql/mysql-connector-java/8.0.27/mysql-connector-java-8.0.27.jar:/home/alex/.m2/repository/com/microsoft/sqlserver/mssql-jdbc/6.2.1.jre8/mssql-jdbc-6.2.1.jre8.jar:/home/alex/.m2/repository/org/postgresql/postgresql/42.2.14/postgresql-42.2.14.jar:/home/alex/Repositories/hive/common/target/test-classes:/home/alex/Repositories/hive/standalone-metastore/metastore-common/target/test-classes:/home/alex/.m2/repository/com/github/ben-manes/caffeine/caffeine/2.8.4/caffeine-2.8.4.jar:/home/alex/.m2/repository/org/checkerframework/checker-qual/3.4.0/checker-qual-3.4.0.jar:/home/alex/Repositories/hive/standalone-metastore/metastore-server/target/test-classes:/home/alex/.m2/repository/org/apache/parquet/parquet-column/1.11.1/parquet-column-1.11.1-tests.jar:/home/alex/.m2/repository/org/apache/parquet/parquet-common/1.11.1/parquet-common-1.11.1.jar:/home/alex/.m2/repository/org/apache/parquet/parquet-format-structures/1.11.1/parquet-format-structures-1.11.1.jar:/home/alex/.m2/repository/org/apache/parquet/parquet-encoding/1.11.1/parquet-encoding-1.11.1.jar:/home/alex/.m2/repository/junit/junit/4.13/junit-4.13.jar:/home/alex/.m2/repository/org/hamcrest/hamcrest-core/1.3/hamcrest-core-1.3.jar:/home/alex/.m2/repository/org/junit/jupiter/junit-jupiter-engine/5.6.2/junit-jupiter-engine-5.6.2.jar:/home/alex/.m2/repository/org/junit/platform/junit-platform-engine/1.6.2/junit-platform-engine-1.6.2.jar:/home/alex/.m2/repository/org/opentest4j/opentest4j/1.2.0/opentest4j-1.2.0.jar:/home/alex/.m2/repository/org/junit/platform/junit-platform-commons/1.6.2/junit-platform-commons-1.6.2.jar:/home/alex/.m2/repository/org/junit/jupiter/junit-jupiter-api/5.6.2/junit-jupiter-api-5.6.2.jar:/home/alex/.m2/repository/org/junit/jupiter/junit-jupiter-params/5.6.2/junit-jupiter-params-5.6.2.jar:/home/alex/.m2/repository/org/junit/vintage/junit-vintage-engine/5.6.2/junit-vintage-engine-5.6.2.jar:/home/alex/.m2/repository/org/apache/tez/tez-api/0.10.1/tez-api-0.10.1.jar:/usr/lib/jvm/java-8-openjdk-amd64/jre/../lib/tools.jar:/home/alex/.m2/repository/org/apache/tez/tez-runtime-library/0.10.1/tez-runtime-library-0.10.1.jar:/home/alex/.m2/repository/org/roaringbitmap/RoaringBitmap/0.5.21/RoaringBitmap-0.5.21.jar:/home/alex/.m2/repository/org/asynchttpclient/async-http-client/2.12.1/async-http-client-2.12.1.jar:/home/alex/.m2/repository/org/asynchttpclient/async-http-client-netty-utils/2.12.1/async-http-client-netty-utils-2.12.1.jar:/home/alex/.m2/repository/io/netty/netty-buffer/4.1.48.Final/netty-buffer-4.1.48.Final.jar:/home/alex/.m2/repository/io/netty/netty-codec-http/4.1.48.Final/netty-codec-http-4.1.48.Final.jar:/home/alex/.m2/repository/io/netty/netty-common/4.1.48.Final/netty-common-4.1.48.Final.jar:/home/alex/.m2/repository/io/netty/netty-transport/4.1.48.Final/netty-transport-4.1.48.Final.jar:/home/alex/.m2/repository/io/netty/netty-codec/4.1.48.Final/netty-codec-4.1.48.Final.jar:/home/alex/.m2/repository/io/netty/netty-handler/4.1.48.Final/netty-handler-4.1.48.Final.jar:/home/alex/.m2/repository/io/netty/netty-resolver/4.1.48.Final/netty-resolver-4.1.48.Final.jar:/home/alex/.m2/repository/io/netty/netty-codec-socks/4.1.48.Final/netty-codec-socks-4.1.48.Final.jar:/home/alex/.m2/repository/io/netty/netty-handler-proxy/4.1.48.Final/netty-handler-proxy-4.1.48.Final.jar:/home/alex/.m2/repository/io/netty/netty-transport-native-epoll/4.1.48.Final/netty-transport-native-epoll-4.1.48.Final-linux-x86_64.jar:/home/alex/.m2/repository/io/netty/netty-transport-native-unix-common/4.1.48.Final/netty-transport-native-unix-common-4.1.48.Final.jar:/home/alex/.m2/repository/io/netty/netty-transport-native-kqueue/4.1.48.Final/netty-transport-native-kqueue-4.1.48.Final-osx-x86_64.jar:/home/alex/.m2/repository/org/reactivestreams/reactive-streams/1.0.3/reactive-streams-1.0.3.jar:/home/alex/.m2/repository/com/typesafe/netty/netty-reactive-streams/2.0.4/netty-reactive-streams-2.0.4.jar:/home/alex/.m2/repository/com/sun/activation/javax.activation/1.2.0/javax.activation-1.2.0.jar:/home/alex/.m2/repository/org/apache/tez/tez-common/0.10.1/tez-common-0.10.1.jar:/home/alex/.m2/repository/org/apache/tez/tez-runtime-internals/0.10.1/tez-runtime-internals-0.10.1.jar:/home/alex/.m2/repository/org/apache/tez/hadoop-shim/0.10.1/hadoop-shim-0.10.1.jar:/home/alex/.m2/repository/org/apache/tez/tez-mapreduce/0.10.1/tez-mapreduce-0.10.1.jar:/home/alex/.m2/repository/org/apache/tez/tez-dag/0.10.1/tez-dag-0.10.1.jar:/home/alex/.m2/repository/org/apache/hadoop/hadoop-yarn-server-web-proxy/3.1.0/hadoop-yarn-server-web-proxy-3.1.0.jar:/home/alex/.m2/repository/org/apache/hadoop/hadoop-yarn-server-common/3.1.0/hadoop-yarn-server-common-3.1.0.jar:/home/alex/.m2/repository/org/apache/geronimo/specs/geronimo-jcache_1.0_spec/1.0-alpha-1/geronimo-jcache_1.0_spec-1.0-alpha-1.jar:/home/alex/.m2/repository/org/ehcache/ehcache/3.3.1/ehcache-3.3.1.jar:/home/alex/.m2/repository/com/zaxxer/HikariCP-java7/2.4.12/HikariCP-java7-2.4.12.jar:/home/alex/.m2/repository/org/apache/spark/spark-core_2.12/2.4.5/spark-core_2.12-2.4.5.jar:/home/alex/.m2/repository/com/twitter/chill_2.12/0.9.3/chill_2.12-0.9.3.jar:/home/alex/.m2/repository/com/twitter/chill-java/0.9.3/chill-java-0.9.3.jar:/home/alex/.m2/repository/org/apache/xbean/xbean-asm6-shaded/4.8/xbean-asm6-shaded-4.8.jar:/home/alex/.m2/repository/org/apache/hadoop/hadoop-client/3.1.0/hadoop-client-3.1.0.jar:/home/alex/.m2/repository/org/apache/hadoop/hadoop-mapreduce-client-jobclient/3.1.0/hadoop-mapreduce-client-jobclient-3.1.0.jar:/home/alex/.m2/repository/org/apache/spark/spark-launcher_2.12/2.4.5/spark-launcher_2.12-2.4.5.jar:/home/alex/.m2/repository/org/apache/spark/spark-kvstore_2.12/2.4.5/spark-kvstore_2.12-2.4.5.jar:/home/alex/.m2/repository/org/apache/spark/spark-network-common_2.12/2.4.5/spark-network-common_2.12-2.4.5.jar:/home/alex/.m2/repository/org/apache/spark/spark-network-shuffle_2.12/2.4.5/spark-network-shuffle_2.12-2.4.5.jar:/home/alex/.m2/repository/org/apache/spark/spark-unsafe_2.12/2.4.5/spark-unsafe_2.12-2.4.5.jar:/home/alex/.m2/repository/javax/activation/activation/1.1.1/activation-1.1.1.jar:/home/alex/.m2/repository/org/slf4j/jul-to-slf4j/1.7.16/jul-to-slf4j-1.7.16.jar:/home/alex/.m2/repository/org/slf4j/jcl-over-slf4j/1.7.16/jcl-over-slf4j-1.7.16.jar:/home/alex/.m2/repository/com/ning/compress-lzf/1.0.3/compress-lzf-1.0.3.jar:/home/alex/.m2/repository/org/lz4/lz4-java/1.4.0/lz4-java-1.4.0.jar:/home/alex/.m2/repository/com/github/luben/zstd-jni/1.3.2-2/zstd-jni-1.3.2-2.jar:/home/alex/.m2/repository/org/scala-lang/scala-library/2.12.10/scala-library-2.12.10.jar:/home/alex/.m2/repository/org/json4s/json4s-jackson_2.12/3.5.3/json4s-jackson_2.12-3.5.3.jar:/home/alex/.m2/repository/org/json4s/json4s-core_2.12/3.5.3/json4s-core_2.12-3.5.3.jar:/home/alex/.m2/repository/org/json4s/json4s-ast_2.12/3.5.3/json4s-ast_2.12-3.5.3.jar:/home/alex/.m2/repository/org/json4s/json4s-scalap_2.12/3.5.3/json4s-scalap_2.12-3.5.3.jar:/home/alex/.m2/repository/org/scala-lang/modules/scala-xml_2.12/1.0.6/scala-xml_2.12-1.0.6.jar:/home/alex/.m2/repository/com/clearspring/analytics/stream/2.7.0/stream-2.7.0.jar:/home/alex/.m2/repository/io/dropwizard/metrics/metrics-graphite/3.1.5/metrics-graphite-3.1.5.jar:/home/alex/.m2/repository/oro/oro/2.0.8/oro-2.0.8.jar:/home/alex/.m2/repository/net/razorvine/pyrolite/4.13/pyrolite-4.13.jar:/home/alex/.m2/repository/net/sf/py4j/py4j/0.10.7/py4j-0.10.7.jar:/home/alex/.m2/repository/org/apache/spark/spark-tags_2.12/2.4.5/spark-tags_2.12-2.4.5.jar:/home/alex/.m2/repository/org/spark-project/spark/unused/1.0.0/unused-1.0.0.jar:/home/alex/.m2/repository/com/sun/jersey/jersey-servlet/1.19/jersey-servlet-1.19.jar:/home/alex/.m2/repository/org/glassfish/jersey/core/jersey-server/2.22.2/jersey-server-2.22.2.jar:/home/alex/.m2/repository/org/glassfish/jersey/core/jersey-common/2.22.2/jersey-common-2.22.2.jar:/home/alex/.m2/repository/org/glassfish/jersey/bundles/repackaged/jersey-guava/2.22.2/jersey-guava-2.22.2.jar:/home/alex/.m2/repository/org/glassfish/hk2/osgi-resource-locator/1.0.1/osgi-resource-locator-1.0.1.jar:/home/alex/.m2/repository/org/glassfish/jersey/core/jersey-client/2.22.2/jersey-client-2.22.2.jar:/home/alex/.m2/repository/javax/ws/rs/javax.ws.rs-api/2.0.1/javax.ws.rs-api-2.0.1.jar:/home/alex/.m2/repository/org/glassfish/jersey/media/jersey-media-jaxb/2.22.2/jersey-media-jaxb-2.22.2.jar:/home/alex/.m2/repository/org/glassfish/hk2/hk2-api/2.4.0-b34/hk2-api-2.4.0-b34.jar:/home/alex/.m2/repository/org/glassfish/hk2/hk2-utils/2.4.0-b34/hk2-utils-2.4.0-b34.jar:/home/alex/.m2/repository/org/glassfish/hk2/external/aopalliance-repackaged/2.4.0-b34/aopalliance-repackaged-2.4.0-b34.jar:/home/alex/.m2/repository/org/glassfish/hk2/external/javax.inject/2.4.0-b34/javax.inject-2.4.0-b34.jar:/home/alex/.m2/repository/org/glassfish/hk2/hk2-locator/2.4.0-b34/hk2-locator-2.4.0-b34.jar:/home/alex/.m2/repository/javax/validation/validation-api/1.1.0.Final/validation-api-1.1.0.Final.jar:/home/alex/.m2/repository/org/glassfish/jersey/containers/jersey-container-servlet-core/2.22.2/jersey-container-servlet-core-2.22.2.jar:/home/alex/.m2/repository/org/hamcrest/hamcrest-all/1.3/hamcrest-all-1.3.jar:/home/alex/.m2/repository/org/powermock/powermock-module-junit4/2.0.2/powermock-module-junit4-2.0.2.jar:/home/alex/.m2/repository/org/powermock/powermock-module-junit4-common/2.0.2/powermock-module-junit4-common-2.0.2.jar:/home/alex/.m2/repository/org/powermock/powermock-reflect/2.0.2/powermock-reflect-2.0.2.jar:/home/alex/.m2/repository/org/powermock/powermock-core/2.0.2/powermock-core-2.0.2.jar:/home/alex/.m2/repository/org/powermock/powermock-api-mockito2/2.0.2/powermock-api-mockito2-2.0.2.jar:/home/alex/.m2/repository/org/powermock/powermock-api-support/2.0.2/powermock-api-support-2.0.2.jar:/home/alex/.m2/repository/com/google/guava/guava-testlib/19.0/guava-testlib-19.0.jar:/home/alex/.m2/repository/com/google/errorprone/error_prone_annotations/2.0.2/error_prone_annotations-2.0.2.jar:/home/alex/.m2/repository/com/google/re2j/re2j/1.2/re2j-1.2.jar:/home/alex/.m2/repository/org/reflections/reflections/0.9.10/reflections-0.9.10.jar:/home/alex/.m2/repository/org/javassist/javassist/3.19.0-GA/javassist-3.19.0-GA.jar:/home/alex/.m2/repository/com/jayway/jsonpath/json-path/2.4.0/json-path-2.4.0.jar:/home/alex/.m2/repository/net/minidev/json-smart/2.3/json-smart-2.3.jar:/home/alex/.m2/repository/net/minidev/accessors-smart/1.2/accessors-smart-1.2.jar:/home/alex/.m2/repository/org/ow2/asm/asm/5.0.4/asm-5.0.4.jar:/home/alex/.m2/repository/org/codehaus/janino/commons-compiler/3.0.11/commons-compiler-3.0.11.jar:/home/alex/.m2/repository/org/codehaus/janino/janino/3.0.11/janino-3.0.11.jar:/home/alex/.m2/repository/com/sun/jersey/contribs/jersey-multipart/1.19/jersey-multipart-1.19.jar:/home/alex/.m2/repository/org/jvnet/mimepull/mimepull/1.9.3/mimepull-1.9.3.jar:/home/alex/.m2/repository/org/apache/kafka/kafka-clients/2.5.0/kafka-clients-2.5.0.jar:/home/alex/.m2/repository/org/slf4j/slf4j-api/1.7.30/slf4j-api-1.7.30.jar:/home/alex/.m2/repository/org/mockito/mockito-core/3.4.4/mockito-core-3.4.4.jar:/home/alex/.m2/repository/net/bytebuddy/byte-buddy/1.10.13/byte-buddy-1.10.13.jar:/home/alex/.m2/repository/net/bytebuddy/byte-buddy-agent/1.10.13/byte-buddy-agent-1.10.13.jar:/home/alex/Repositories/hive/ql/target/testconf:/home/alex/Repositories/hive/ql/../conf:"/>
    <property name="java.vm.vendor" value="Private Build"/>
    <property name="hadoop.version" value="3.1.0"/>
    <property name="user.timezone" value="US/Pacific"/>
    <property name="test.local.warehouse.dir" value="pfile:///home/alex/Repositories/hive/ql/target/localfs/warehouse"/>
    <property name="os.name" value="Linux"/>
    <property name="java.vm.specification.version" value="1.8"/>
    <property name="clustermode" value=""/>
    <property name="test.build.data" value="/home/alex/Repositories/hive/ql/target/tmp"/>
    <property name="user.country" value="US"/>
    <property name="sun.java.launcher" value="SUN_STANDARD"/>
    <property name="test.data.files" value="/home/alex/Repositories/hive/ql/../data/files"/>
    <property name="nondexLogging" value="CONFIG"/>
    <property name="surefire.test.class.path" value="/home/alex/Repositories/hive/ql/target/test-classes:/home/alex/Repositories/hive/ql/target/classes:/home/alex/.m2/repository/org/apache/atlas/atlas-client-v2/2.1.0/atlas-client-v2-2.1.0.jar:/home/alex/.m2/repository/cglib/cglib/2.2.2/cglib-2.2.2.jar:/home/alex/.m2/repository/asm/asm/3.3.1/asm-3.3.1.jar:/home/alex/.m2/repository/org/apache/atlas/atlas-client-common/2.1.0/atlas-client-common-2.1.0.jar:/home/alex/.m2/repository/org/apache/httpcomponents/httpclient/4.5.13/httpclient-4.5.13.jar:/home/alex/.m2/repository/com/sun/jersey/jersey-client/1.19/jersey-client-1.19.jar:/home/alex/.m2/repository/org/apache/atlas/atlas-intg/2.1.0/atlas-intg-2.1.0.jar:/home/alex/.m2/repository/commons-collections/commons-collections/3.2.2/commons-collections-3.2.2.jar:/home/alex/.m2/repository/commons-validator/commons-validator/1.6/commons-validator-1.6.jar:/home/alex/.m2/repository/commons-digester/commons-digester/1.8.1/commons-digester-1.8.1.jar:/home/alex/.m2/repository/com/fasterxml/jackson/jaxrs/jackson-jaxrs-base/2.12.0/jackson-jaxrs-base-2.12.0.jar:/home/alex/.m2/repository/com/fasterxml/jackson/jaxrs/jackson-jaxrs-json-provider/2.12.0/jackson-jaxrs-json-provider-2.12.0.jar:/home/alex/.m2/repository/javax/inject/javax.inject/1/javax.inject-1.jar:/home/alex/.m2/repository/org/springframework/spring-context/4.3.20.RELEASE/spring-context-4.3.20.RELEASE.jar:/home/alex/.m2/repository/org/springframework/spring-aop/4.3.20.RELEASE/spring-aop-4.3.20.RELEASE.jar:/home/alex/.m2/repository/org/springframework/spring-beans/4.3.20.RELEASE/spring-beans-4.3.20.RELEASE.jar:/home/alex/.m2/repository/org/springframework/spring-core/4.3.20.RELEASE/spring-core-4.3.20.RELEASE.jar:/home/alex/.m2/repository/org/springframework/spring-expression/4.3.20.RELEASE/spring-expression-4.3.20.RELEASE.jar:/home/alex/.m2/repository/commons-configuration/commons-configuration/1.10/commons-configuration-1.10.jar:/home/alex/.m2/repository/commons-lang/commons-lang/2.6/commons-lang-2.6.jar:/home/alex/.m2/repository/commons-logging/commons-logging/1.1.1/commons-logging-1.1.1.jar:/home/alex/.m2/repository/org/apache/commons/commons-math3/3.6.1/commons-math3-3.6.1.jar:/home/alex/Repositories/hive/vector-code-gen/target/classes:/home/alex/.m2/repository/org/apache/velocity/velocity/1.5/velocity-1.5.jar:/home/alex/Repositories/hive/common/target/classes:/home/alex/Repositories/hive/classification/target/classes:/home/alex/Repositories/hive/standalone-metastore/metastore-common/target/classes:/home/alex/.m2/repository/commons-cli/commons-cli/1.4/commons-cli-1.4.jar:/home/alex/.m2/repository/org/apache/orc/orc-core/1.6.9/orc-core-1.6.9.jar:/home/alex/.m2/repository/org/apache/orc/orc-shims/1.6.9/orc-shims-1.6.9.jar:/home/alex/.m2/repository/io/airlift/aircompressor/0.19/aircompressor-0.19.jar:/home/alex/.m2/repository/org/jetbrains/annotations/17.0.0/annotations-17.0.0.jar:/home/alex/.m2/repository/org/threeten/threeten-extra/1.5.0/threeten-extra-1.5.0.jar:/home/alex/.m2/repository/jline/jline/2.14.6/jline-2.14.6.jar:/home/alex/.m2/repository/javax/servlet/javax.servlet-api/3.1.0/javax.servlet-api-3.1.0.jar:/home/alex/.m2/repository/org/eclipse/jetty/jetty-http/9.3.27.v20190418/jetty-http-9.3.27.v20190418.jar:/home/alex/.m2/repository/org/eclipse/jetty/jetty-rewrite/9.3.27.v20190418/jetty-rewrite-9.3.27.v20190418.jar:/home/alex/.m2/repository/org/eclipse/jetty/jetty-client/9.3.27.v20190418/jetty-client-9.3.27.v20190418.jar:/home/alex/.m2/repository/org/eclipse/jetty/jetty-server/9.3.27.v20190418/jetty-server-9.3.27.v20190418.jar:/home/alex/.m2/repository/org/eclipse/jetty/jetty-io/9.3.27.v20190418/jetty-io-9.3.27.v20190418.jar:/home/alex/.m2/repository/org/eclipse/jetty/jetty-servlet/9.3.27.v20190418/jetty-servlet-9.3.27.v20190418.jar:/home/alex/.m2/repository/org/eclipse/jetty/jetty-security/9.3.27.v20190418/jetty-security-9.3.27.v20190418.jar:/home/alex/.m2/repository/org/eclipse/jetty/jetty-webapp/9.3.27.v20190418/jetty-webapp-9.3.27.v20190418.jar:/home/alex/.m2/repository/org/eclipse/jetty/jetty-xml/9.3.27.v20190418/jetty-xml-9.3.27.v20190418.jar:/home/alex/.m2/repository/joda-time/joda-time/2.9.9/joda-time-2.9.9.jar:/home/alex/.m2/repository/org/apache/logging/log4j/log4j-web/2.13.2/log4j-web-2.13.2.jar:/home/alex/.m2/repository/net/sf/jpam/jpam/1.1/jpam-1.1.jar:/home/alex/.m2/repository/io/dropwizard/metrics/metrics-core/3.1.0/metrics-core-3.1.0.jar:/home/alex/.m2/repository/io/dropwizard/metrics/metrics-jvm/3.1.0/metrics-jvm-3.1.0.jar:/home/alex/.m2/repository/io/dropwizard/metrics/metrics-json/3.1.0/metrics-json-3.1.0.jar:/home/alex/.m2/repository/com/github/joshelser/dropwizard-metrics-hadoop-metrics2-reporter/0.1.2/dropwizard-metrics-hadoop-metrics2-reporter-0.1.2.jar:/home/alex/Repositories/hive/metastore/target/classes:/home/alex/.m2/repository/org/apache/derby/derby/10.14.1.0/derby-10.14.1.0.jar:/home/alex/Repositories/hive/serde/target/classes:/home/alex/.m2/repository/com/google/code/findbugs/jsr305/3.0.0/jsr305-3.0.0.jar:/home/alex/.m2/repository/org/apache/arrow/arrow-vector/0.15.1/arrow-vector-0.15.1.jar:/home/alex/.m2/repository/org/apache/arrow/arrow-format/0.15.1/arrow-format-0.15.1.jar:/home/alex/.m2/repository/org/apache/arrow/arrow-memory/0.15.1/arrow-memory-0.15.1.jar:/home/alex/.m2/repository/com/google/flatbuffers/flatbuffers-java/1.9.0/flatbuffers-java-1.9.0.jar:/home/alex/.m2/repository/com/carrotsearch/hppc/0.7.2/hppc-0.7.2.jar:/home/alex/.m2/repository/com/github/davidmoten/flatbuffers-java/1.6.0.1/flatbuffers-java-1.6.0.1.jar:/home/alex/Repositories/hive/parser/target/classes:/home/alex/Repositories/hive/udf/target/classes:/home/alex/Repositories/hive/service-rpc/target/classes:/home/alex/Repositories/hive/llap-client/target/classes:/home/alex/Repositories/hive/llap-common/target/classes:/home/alex/.m2/repository/io/jsonwebtoken/jjwt-api/0.10.5/jjwt-api-0.10.5.jar:/home/alex/.m2/repository/io/jsonwebtoken/jjwt-impl/0.10.5/jjwt-impl-0.10.5.jar:/home/alex/.m2/repository/io/jsonwebtoken/jjwt-jackson/0.10.5/jjwt-jackson-0.10.5.jar:/home/alex/Repositories/hive/llap-tez/target/classes:/home/alex/Repositories/hive/shims/aggregator/target/classes:/home/alex/Repositories/hive/shims/common/target/classes:/home/alex/Repositories/hive/shims/0.23/target/classes:/home/alex/.m2/repository/org/apache/hadoop/hadoop-yarn-server-resourcemanager/3.1.0/hadoop-yarn-server-resourcemanager-3.1.0.jar:/home/alex/.m2/repository/org/apache/hadoop/hadoop-yarn-server-applicationhistoryservice/3.1.0/hadoop-yarn-server-applicationhistoryservice-3.1.0.jar:/home/alex/.m2/repository/de/ruedigermoeller/fst/2.50/fst-2.50.jar:/home/alex/.m2/repository/com/cedarsoftware/java-util/1.9.0/java-util-1.9.0.jar:/home/alex/.m2/repository/com/cedarsoftware/json-io/2.5.1/json-io-2.5.1.jar:/home/alex/Repositories/hive/shims/scheduler/target/classes:/home/alex/Repositories/hive/spark-client/target/classes:/home/alex/.m2/repository/io/netty/netty-all/4.1.65.Final/netty-all-4.1.65.Final.jar:/home/alex/.m2/repository/com/fasterxml/jackson/module/jackson-module-scala_2.12/2.12.0/jackson-module-scala_2.12-2.12.0.jar:/home/alex/.m2/repository/org/apache/spark/spark-yarn_2.12/2.4.5/spark-yarn_2.12-2.4.5.jar:/home/alex/Repositories/hive/storage-api/target/classes:/home/alex/.m2/repository/com/amazonaws/aws-java-sdk-bundle/1.11.901/aws-java-sdk-bundle-1.11.901.jar:/home/alex/.m2/repository/com/amazonaws/secretsmanager/aws-secretsmanager-caching-java/1.0.1/aws-secretsmanager-caching-java-1.0.1.jar:/home/alex/.m2/repository/com/esotericsoftware/kryo/5.0.3/kryo-5.0.3.jar:/home/alex/.m2/repository/org/objenesis/objenesis/3.1/objenesis-3.1.jar:/home/alex/.m2/repository/com/esotericsoftware/minlog/1.3.1/minlog-1.3.1.jar:/home/alex/.m2/repository/com/esotericsoftware/reflectasm/1.11.9/reflectasm-1.11.9.jar:/home/alex/.m2/repository/com/google/protobuf/protobuf-java/2.5.0/protobuf-java-2.5.0.jar:/home/alex/.m2/repository/org/apache/hbase/hbase-common/2.0.0-alpha4/hbase-common-2.0.0-alpha4.jar:/home/alex/.m2/repository/org/apache/hbase/thirdparty/hbase-shaded-miscellaneous/1.0.1/hbase-shaded-miscellaneous-1.0.1.jar:/home/alex/.m2/repository/org/apache/htrace/htrace-core/3.2.0-incubating/htrace-core-3.2.0-incubating.jar:/home/alex/.m2/repository/org/apache/commons/commons-crypto/1.0.0/commons-crypto-1.0.0.jar:/home/alex/.m2/repository/com/github/stephenc/findbugs/findbugs-annotations/1.3.9-1/findbugs-annotations-1.3.9-1.jar:/home/alex/.m2/repository/log4j/log4j/1.2.17/log4j-1.2.17.jar:/home/alex/.m2/repository/org/apache/yetus/audience-annotations/0.5.0/audience-annotations-0.5.0.jar:/home/alex/.m2/repository/org/apache/parquet/parquet-hadoop-bundle/1.11.1/parquet-hadoop-bundle-1.11.1.jar:/home/alex/.m2/repository/commons-codec/commons-codec/1.15/commons-codec-1.15.jar:/home/alex/.m2/repository/commons-io/commons-io/2.6/commons-io-2.6.jar:/home/alex/.m2/repository/org/apache/commons/commons-collections4/4.1/commons-collections4-4.1.jar:/home/alex/.m2/repository/org/apache/commons/commons-lang3/3.9/commons-lang3-3.9.jar:/home/alex/.m2/repository/org/apache/commons/commons-text/1.8/commons-text-1.8.jar:/home/alex/.m2/repository/javolution/javolution/5.5.1/javolution-5.5.1.jar:/home/alex/.m2/repository/org/apache/logging/log4j/log4j-1.2-api/2.13.2/log4j-1.2-api-2.13.2.jar:/home/alex/.m2/repository/org/apache/logging/log4j/log4j-api/2.13.2/log4j-api-2.13.2.jar:/home/alex/.m2/repository/org/apache/logging/log4j/log4j-core/2.13.2/log4j-core-2.13.2.jar:/home/alex/.m2/repository/org/apache/logging/log4j/log4j-slf4j-impl/2.13.2/log4j-slf4j-impl-2.13.2.jar:/home/alex/.m2/repository/org/antlr/antlr-runtime/3.5.2/antlr-runtime-3.5.2.jar:/home/alex/.m2/repository/org/antlr/ST4/4.0.4/ST4-4.0.4.jar:/home/alex/.m2/repository/org/apache/avro/avro/1.8.2/avro-1.8.2.jar:/home/alex/.m2/repository/org/codehaus/jackson/jackson-core-asl/1.9.13/jackson-core-asl-1.9.13.jar:/home/alex/.m2/repository/org/codehaus/jackson/jackson-mapper-asl/1.9.13/jackson-mapper-asl-1.9.13.jar:/home/alex/.m2/repository/com/thoughtworks/paranamer/paranamer/2.8/paranamer-2.8.jar:/home/alex/.m2/repository/org/xerial/snappy/snappy-java/1.1.4/snappy-java-1.1.4.jar:/home/alex/.m2/repository/org/tukaani/xz/1.5/xz-1.5.jar:/home/alex/.m2/repository/org/apache/avro/avro-mapred/1.8.2/avro-mapred-1.8.2-hadoop2.jar:/home/alex/.m2/repository/org/apache/avro/avro-ipc/1.8.2/avro-ipc-1.8.2.jar:/home/alex/.m2/repository/org/mortbay/jetty/jetty/6.1.26/jetty-6.1.26.jar:/home/alex/.m2/repository/org/apache/ant/ant/1.9.1/ant-1.9.1.jar:/home/alex/.m2/repository/org/apache/ant/ant-launcher/1.9.1/ant-launcher-1.9.1.jar:/home/alex/.m2/repository/org/apache/commons/commons-compress/1.21/commons-compress-1.21.jar:/home/alex/.m2/repository/org/apache/thrift/libfb303/0.9.3/libfb303-0.9.3.jar:/home/alex/.m2/repository/org/apache/hadoop/hadoop-common/3.1.0/hadoop-common-3.1.0.jar:/home/alex/.m2/repository/org/apache/hadoop/hadoop-annotations/3.1.0/hadoop-annotations-3.1.0.jar:/home/alex/.m2/repository/commons-net/commons-net/3.6/commons-net-3.6.jar:/home/alex/.m2/repository/org/eclipse/jetty/jetty-util/9.3.27.v20190418/jetty-util-9.3.27.v20190418.jar:/home/alex/.m2/repository/javax/servlet/jsp/jsp-api/2.1/jsp-api-2.1.jar:/home/alex/.m2/repository/com/sun/jersey/jersey-core/1.19/jersey-core-1.19.jar:/home/alex/.m2/repository/javax/ws/rs/jsr311-api/1.1.1/jsr311-api-1.1.1.jar:/home/alex/.m2/repository/com/sun/jersey/jersey-json/1.19/jersey-json-1.19.jar:/home/alex/.m2/repository/com/sun/xml/bind/jaxb-impl/2.2.3-1/jaxb-impl-2.2.3-1.jar:/home/alex/.m2/repository/org/codehaus/jackson/jackson-jaxrs/1.9.2/jackson-jaxrs-1.9.2.jar:/home/alex/.m2/repository/org/codehaus/jackson/jackson-xc/1.9.2/jackson-xc-1.9.2.jar:/home/alex/.m2/repository/com/sun/jersey/jersey-server/1.19/jersey-server-1.19.jar:/home/alex/.m2/repository/org/apache/commons/commons-configuration2/2.1.1/commons-configuration2-2.1.1.jar:/home/alex/.m2/repository/org/apache/hadoop/hadoop-auth/3.1.0/hadoop-auth-3.1.0.jar:/home/alex/.m2/repository/com/nimbusds/nimbus-jose-jwt/4.41.1/nimbus-jose-jwt-4.41.1.jar:/home/alex/.m2/repository/com/github/stephenc/jcip/jcip-annotations/1.0-1/jcip-annotations-1.0-1.jar:/home/alex/.m2/repository/com/jcraft/jsch/0.1.54/jsch-0.1.54.jar:/home/alex/.m2/repository/org/apache/htrace/htrace-core4/4.1.0-incubating/htrace-core4-4.1.0-incubating.jar:/home/alex/.m2/repository/org/apache/kerby/kerb-simplekdc/1.0.1/kerb-simplekdc-1.0.1.jar:/home/alex/.m2/repository/org/apache/kerby/kerb-client/1.0.1/kerb-client-1.0.1.jar:/home/alex/.m2/repository/org/apache/kerby/kerby-config/1.0.1/kerby-config-1.0.1.jar:/home/alex/.m2/repository/org/apache/kerby/kerb-core/1.0.1/kerb-core-1.0.1.jar:/home/alex/.m2/repository/org/apache/kerby/kerby-pkix/1.0.1/kerby-pkix-1.0.1.jar:/home/alex/.m2/repository/org/apache/kerby/kerby-asn1/1.0.1/kerby-asn1-1.0.1.jar:/home/alex/.m2/repository/org/apache/kerby/kerby-util/1.0.1/kerby-util-1.0.1.jar:/home/alex/.m2/repository/org/apache/kerby/kerb-common/1.0.1/kerb-common-1.0.1.jar:/home/alex/.m2/repository/org/apache/kerby/kerb-crypto/1.0.1/kerb-crypto-1.0.1.jar:/home/alex/.m2/repository/org/apache/kerby/kerb-util/1.0.1/kerb-util-1.0.1.jar:/home/alex/.m2/repository/org/apache/kerby/token-provider/1.0.1/token-provider-1.0.1.jar:/home/alex/.m2/repository/org/apache/kerby/kerb-admin/1.0.1/kerb-admin-1.0.1.jar:/home/alex/.m2/repository/org/apache/kerby/kerb-server/1.0.1/kerb-server-1.0.1.jar:/home/alex/.m2/repository/org/apache/kerby/kerb-identity/1.0.1/kerb-identity-1.0.1.jar:/home/alex/.m2/repository/org/apache/kerby/kerby-xdr/1.0.1/kerby-xdr-1.0.1.jar:/home/alex/.m2/repository/org/codehaus/woodstox/stax2-api/3.1.4/stax2-api-3.1.4.jar:/home/alex/.m2/repository/com/fasterxml/woodstox/woodstox-core/5.0.3/woodstox-core-5.0.3.jar:/home/alex/.m2/repository/org/apache/hadoop/hadoop-archives/3.1.0/hadoop-archives-3.1.0.jar:/home/alex/.m2/repository/org/apache/hadoop/hadoop-yarn-registry/3.1.0/hadoop-yarn-registry-3.1.0.jar:/home/alex/.m2/repository/org/apache/curator/curator-client/4.2.0/curator-client-4.2.0.jar:/home/alex/.m2/repository/org/apache/curator/curator-recipes/4.2.0/curator-recipes-4.2.0.jar:/home/alex/.m2/repository/commons-daemon/commons-daemon/1.0.13/commons-daemon-1.0.13.jar:/home/alex/.m2/repository/dnsjava/dnsjava/2.1.7/dnsjava-2.1.7.jar:/home/alex/.m2/repository/org/apache/hadoop/hadoop-mapreduce-client-core/3.1.0/hadoop-mapreduce-client-core-3.1.0.jar:/home/alex/.m2/repository/org/apache/hadoop/hadoop-hdfs-client/3.1.0/hadoop-hdfs-client-3.1.0.jar:/home/alex/.m2/repository/com/squareup/okhttp/okhttp/2.7.5/okhttp-2.7.5.jar:/home/alex/.m2/repository/com/squareup/okio/okio/1.6.0/okio-1.6.0.jar:/home/alex/.m2/repository/com/google/inject/extensions/guice-servlet/4.0/guice-servlet-4.0.jar:/home/alex/.m2/repository/org/apache/hadoop/hadoop-mapreduce-client-common/3.1.0/hadoop-mapreduce-client-common-3.1.0.jar:/home/alex/.m2/repository/org/apache/hadoop/hadoop-hdfs/3.1.0/hadoop-hdfs-3.1.0.jar:/home/alex/.m2/repository/org/eclipse/jetty/jetty-util-ajax/9.3.19.v20170502/jetty-util-ajax-9.3.19.v20170502.jar:/home/alex/.m2/repository/org/fusesource/leveldbjni/leveldbjni-all/1.8/leveldbjni-all-1.8.jar:/home/alex/.m2/repository/org/apache/hadoop/hadoop-yarn-api/3.1.0/hadoop-yarn-api-3.1.0.jar:/home/alex/.m2/repository/javax/xml/bind/jaxb-api/2.2.11/jaxb-api-2.2.11.jar:/home/alex/.m2/repository/org/apache/hadoop/hadoop-yarn-common/3.1.0/hadoop-yarn-common-3.1.0.jar:/home/alex/.m2/repository/com/google/inject/guice/4.0/guice-4.0.jar:/home/alex/.m2/repository/aopalliance/aopalliance/1.0/aopalliance-1.0.jar:/home/alex/.m2/repository/com/sun/jersey/contribs/jersey-guice/1.19/jersey-guice-1.19.jar:/home/alex/.m2/repository/com/fasterxml/jackson/module/jackson-module-jaxb-annotations/2.12.0/jackson-module-jaxb-annotations-2.12.0.jar:/home/alex/.m2/repository/jakarta/xml/bind/jakarta.xml.bind-api/2.3.2/jakarta.xml.bind-api-2.3.2.jar:/home/alex/.m2/repository/jakarta/activation/jakarta.activation-api/1.2.1/jakarta.activation-api-1.2.1.jar:/home/alex/.m2/repository/org/apache/hadoop/hadoop-yarn-client/3.1.0/hadoop-yarn-client-3.1.0.jar:/home/alex/.m2/repository/org/apache/orc/orc-tools/1.6.9/orc-tools-1.6.9.jar:/home/alex/.m2/repository/com/opencsv/opencsv/3.9/opencsv-3.9.jar:/home/alex/.m2/repository/org/codehaus/jettison/jettison/1.1/jettison-1.1.jar:/home/alex/.m2/repository/org/threeten/threetenbp/1.3.5/threetenbp-1.3.5.jar:/home/alex/.m2/repository/org/apache/ivy/ivy/2.4.0/ivy-2.4.0.jar:/home/alex/.m2/repository/org/apache/thrift/libthrift/0.14.1/libthrift-0.14.1.jar:/home/alex/.m2/repository/org/apache/httpcomponents/httpcore/4.4.13/httpcore-4.4.13.jar:/home/alex/.m2/repository/org/apache/tomcat/embed/tomcat-embed-core/8.5.46/tomcat-embed-core-8.5.46.jar:/home/alex/.m2/repository/org/apache/tomcat/tomcat-annotations-api/8.5.46/tomcat-annotations-api-8.5.46.jar:/home/alex/.m2/repository/javax/annotation/javax.annotation-api/1.3.2/javax.annotation-api-1.3.2.jar:/home/alex/.m2/repository/org/apache/zookeeper/zookeeper/3.5.5/zookeeper-3.5.5.jar:/home/alex/.m2/repository/org/apache/zookeeper/zookeeper-jute/3.5.5/zookeeper-jute-3.5.5.jar:/home/alex/.m2/repository/org/apache/curator/curator-framework/4.2.0/curator-framework-4.2.0.jar:/home/alex/.m2/repository/org/apache/curator/curator-test/4.2.0/curator-test-4.2.0.jar:/home/alex/.m2/repository/org/apache/datasketches/datasketches-hive/1.1.0-incubating/datasketches-hive-1.1.0-incubating.jar:/home/alex/.m2/repository/org/apache/datasketches/datasketches-java/1.3.0-incubating/datasketches-java-1.3.0-incubating.jar:/home/alex/.m2/repository/org/apache/datasketches/datasketches-memory/1.2.0-incubating/datasketches-memory-1.2.0-incubating.jar:/home/alex/.m2/repository/org/slf4j/slf4j-simple/1.7.27/slf4j-simple-1.7.27.jar:/home/alex/.m2/repository/com/lmax/disruptor/3.3.7/disruptor-3.3.7.jar:/home/alex/.m2/repository/org/codehaus/groovy/groovy-all/2.4.11/groovy-all-2.4.11.jar:/home/alex/.m2/repository/org/jodd/jodd-util/6.0.0/jodd-util-6.0.0.jar:/home/alex/.m2/repository/com/fasterxml/jackson/core/jackson-annotations/2.12.0/jackson-annotations-2.12.0.jar:/home/alex/.m2/repository/com/fasterxml/jackson/core/jackson-core/2.12.0/jackson-core-2.12.0.jar:/home/alex/.m2/repository/com/fasterxml/jackson/core/jackson-databind/2.12.0/jackson-databind-2.12.0.jar:/home/alex/.m2/repository/com/fasterxml/jackson/dataformat/jackson-dataformat-yaml/2.12.0/jackson-dataformat-yaml-2.12.0.jar:/home/alex/.m2/repository/org/yaml/snakeyaml/1.27/snakeyaml-1.27.jar:/home/alex/.m2/repository/org/datanucleus/datanucleus-core/5.2.4/datanucleus-core-5.2.4.jar:/home/alex/.m2/repository/org/apache/calcite/calcite-core/1.25.0/calcite-core-1.25.0.jar:/home/alex/.m2/repository/org/apache/calcite/calcite-linq4j/1.25.0/calcite-linq4j-1.25.0.jar:/home/alex/.m2/repository/org/apiguardian/apiguardian-api/1.1.0/apiguardian-api-1.1.0.jar:/home/alex/.m2/repository/com/esri/geometry/esri-geometry-api/2.2.0/esri-geometry-api-2.2.0.jar:/home/alex/.m2/repository/com/yahoo/datasketches/sketches-core/0.9.0/sketches-core-0.9.0.jar:/home/alex/.m2/repository/com/yahoo/datasketches/memory/0.9.0/memory-0.9.0.jar:/home/alex/.m2/repository/org/apache/commons/commons-dbcp2/2.7.0/commons-dbcp2-2.7.0.jar:/home/alex/.m2/repository/org/apache/commons/commons-pool2/2.7.0/commons-pool2-2.7.0.jar:/home/alex/.m2/repository/org/apache/calcite/calcite-druid/1.25.0/calcite-druid-1.25.0.jar:/home/alex/.m2/repository/org/apache/calcite/avatica/avatica/1.12.0/avatica-1.12.0.jar:/home/alex/.m2/repository/com/google/guava/guava/19.0/guava-19.0.jar:/home/alex/.m2/repository/com/googlecode/javaewah/JavaEWAH/0.3.2/JavaEWAH-0.3.2.jar:/home/alex/.m2/repository/com/google/code/gson/gson/2.2.4/gson-2.2.4.jar:/home/alex/.m2/repository/com/tdunning/json/1.8/json-1.8.jar:/home/alex/.m2/repository/stax/stax-api/1.0.1/stax-api-1.0.1.jar:/home/alex/.m2/repository/net/sf/opencsv/opencsv/2.3/opencsv-2.3.jar:/home/alex/Repositories/hive/standalone-metastore/metastore-server/target/classes:/home/alex/.m2/repository/com/zaxxer/HikariCP/2.6.1/HikariCP-2.6.1.jar:/home/alex/.m2/repository/commons-beanutils/commons-beanutils/1.9.4/commons-beanutils-1.9.4.jar:/home/alex/.m2/repository/org/datanucleus/datanucleus-api-jdo/5.2.4/datanucleus-api-jdo-5.2.4.jar:/home/alex/.m2/repository/org/datanucleus/datanucleus-rdbms/5.2.4/datanucleus-rdbms-5.2.4.jar:/home/alex/.m2/repository/org/datanucleus/javax.jdo/3.2.0-release/javax.jdo-3.2.0-release.jar:/home/alex/.m2/repository/javax/transaction/javax.transaction-api/1.3/javax.transaction-api-1.3.jar:/home/alex/.m2/repository/org/glassfish/corba/glassfish-corba-omgapi/4.2.2/glassfish-corba-omgapi-4.2.2.jar:/home/alex/.m2/repository/sqlline/sqlline/1.9.0/sqlline-1.9.0.jar:/home/alex/.m2/repository/org/jline/jline-terminal/3.12.1/jline-terminal-3.12.1.jar:/home/alex/.m2/repository/org/jline/jline-reader/3.12.1/jline-reader-3.12.1.jar:/home/alex/.m2/repository/org/jline/jline-terminal-jansi/3.12.1/jline-terminal-jansi-3.12.1.jar:/home/alex/.m2/repository/org/fusesource/jansi/jansi/1.18/jansi-1.18.jar:/home/alex/.m2/repository/org/jline/jline-terminal-jna/3.12.1/jline-terminal-jna-3.12.1.jar:/home/alex/.m2/repository/net/java/dev/jna/jna/5.3.1/jna-5.3.1.jar:/home/alex/.m2/repository/org/jline/jline-builtins/3.12.1/jline-builtins-3.12.1.jar:/home/alex/.m2/repository/org/jline/jline-style/3.12.1/jline-style-3.12.1.jar:/home/alex/.m2/repository/com/cronutils/cron-utils/9.1.3/cron-utils-9.1.3.jar:/home/alex/.m2/repository/org/glassfish/javax.el/3.0.0/javax.el-3.0.0.jar:/home/alex/.m2/repository/com/oracle/database/jdbc/ojdbc8/21.3.0.0/ojdbc8-21.3.0.0.jar:/home/alex/.m2/repository/mysql/mysql-connector-java/8.0.27/mysql-connector-java-8.0.27.jar:/home/alex/.m2/repository/com/microsoft/sqlserver/mssql-jdbc/6.2.1.jre8/mssql-jdbc-6.2.1.jre8.jar:/home/alex/.m2/repository/org/postgresql/postgresql/42.2.14/postgresql-42.2.14.jar:/home/alex/Repositories/hive/common/target/test-classes:/home/alex/Repositories/hive/standalone-metastore/metastore-common/target/test-classes:/home/alex/.m2/repository/com/github/ben-manes/caffeine/caffeine/2.8.4/caffeine-2.8.4.jar:/home/alex/.m2/repository/org/checkerframework/checker-qual/3.4.0/checker-qual-3.4.0.jar:/home/alex/Repositories/hive/standalone-metastore/metastore-server/target/test-classes:/home/alex/.m2/repository/org/apache/parquet/parquet-column/1.11.1/parquet-column-1.11.1-tests.jar:/home/alex/.m2/repository/org/apache/parquet/parquet-common/1.11.1/parquet-common-1.11.1.jar:/home/alex/.m2/repository/org/apache/parquet/parquet-format-structures/1.11.1/parquet-format-structures-1.11.1.jar:/home/alex/.m2/repository/org/apache/parquet/parquet-encoding/1.11.1/parquet-encoding-1.11.1.jar:/home/alex/.m2/repository/junit/junit/4.13/junit-4.13.jar:/home/alex/.m2/repository/org/hamcrest/hamcrest-core/1.3/hamcrest-core-1.3.jar:/home/alex/.m2/repository/org/junit/jupiter/junit-jupiter-engine/5.6.2/junit-jupiter-engine-5.6.2.jar:/home/alex/.m2/repository/org/junit/platform/junit-platform-engine/1.6.2/junit-platform-engine-1.6.2.jar:/home/alex/.m2/repository/org/opentest4j/opentest4j/1.2.0/opentest4j-1.2.0.jar:/home/alex/.m2/repository/org/junit/platform/junit-platform-commons/1.6.2/junit-platform-commons-1.6.2.jar:/home/alex/.m2/repository/org/junit/jupiter/junit-jupiter-api/5.6.2/junit-jupiter-api-5.6.2.jar:/home/alex/.m2/repository/org/junit/jupiter/junit-jupiter-params/5.6.2/junit-jupiter-params-5.6.2.jar:/home/alex/.m2/repository/org/junit/vintage/junit-vintage-engine/5.6.2/junit-vintage-engine-5.6.2.jar:/home/alex/.m2/repository/org/apache/tez/tez-api/0.10.1/tez-api-0.10.1.jar:/usr/lib/jvm/java-8-openjdk-amd64/jre/../lib/tools.jar:/home/alex/.m2/repository/org/apache/tez/tez-runtime-library/0.10.1/tez-runtime-library-0.10.1.jar:/home/alex/.m2/repository/org/roaringbitmap/RoaringBitmap/0.5.21/RoaringBitmap-0.5.21.jar:/home/alex/.m2/repository/org/asynchttpclient/async-http-client/2.12.1/async-http-client-2.12.1.jar:/home/alex/.m2/repository/org/asynchttpclient/async-http-client-netty-utils/2.12.1/async-http-client-netty-utils-2.12.1.jar:/home/alex/.m2/repository/io/netty/netty-buffer/4.1.48.Final/netty-buffer-4.1.48.Final.jar:/home/alex/.m2/repository/io/netty/netty-codec-http/4.1.48.Final/netty-codec-http-4.1.48.Final.jar:/home/alex/.m2/repository/io/netty/netty-common/4.1.48.Final/netty-common-4.1.48.Final.jar:/home/alex/.m2/repository/io/netty/netty-transport/4.1.48.Final/netty-transport-4.1.48.Final.jar:/home/alex/.m2/repository/io/netty/netty-codec/4.1.48.Final/netty-codec-4.1.48.Final.jar:/home/alex/.m2/repository/io/netty/netty-handler/4.1.48.Final/netty-handler-4.1.48.Final.jar:/home/alex/.m2/repository/io/netty/netty-resolver/4.1.48.Final/netty-resolver-4.1.48.Final.jar:/home/alex/.m2/repository/io/netty/netty-codec-socks/4.1.48.Final/netty-codec-socks-4.1.48.Final.jar:/home/alex/.m2/repository/io/netty/netty-handler-proxy/4.1.48.Final/netty-handler-proxy-4.1.48.Final.jar:/home/alex/.m2/repository/io/netty/netty-transport-native-epoll/4.1.48.Final/netty-transport-native-epoll-4.1.48.Final-linux-x86_64.jar:/home/alex/.m2/repository/io/netty/netty-transport-native-unix-common/4.1.48.Final/netty-transport-native-unix-common-4.1.48.Final.jar:/home/alex/.m2/repository/io/netty/netty-transport-native-kqueue/4.1.48.Final/netty-transport-native-kqueue-4.1.48.Final-osx-x86_64.jar:/home/alex/.m2/repository/org/reactivestreams/reactive-streams/1.0.3/reactive-streams-1.0.3.jar:/home/alex/.m2/repository/com/typesafe/netty/netty-reactive-streams/2.0.4/netty-reactive-streams-2.0.4.jar:/home/alex/.m2/repository/com/sun/activation/javax.activation/1.2.0/javax.activation-1.2.0.jar:/home/alex/.m2/repository/org/apache/tez/tez-common/0.10.1/tez-common-0.10.1.jar:/home/alex/.m2/repository/org/apache/tez/tez-runtime-internals/0.10.1/tez-runtime-internals-0.10.1.jar:/home/alex/.m2/repository/org/apache/tez/hadoop-shim/0.10.1/hadoop-shim-0.10.1.jar:/home/alex/.m2/repository/org/apache/tez/tez-mapreduce/0.10.1/tez-mapreduce-0.10.1.jar:/home/alex/.m2/repository/org/apache/tez/tez-dag/0.10.1/tez-dag-0.10.1.jar:/home/alex/.m2/repository/org/apache/hadoop/hadoop-yarn-server-web-proxy/3.1.0/hadoop-yarn-server-web-proxy-3.1.0.jar:/home/alex/.m2/repository/org/apache/hadoop/hadoop-yarn-server-common/3.1.0/hadoop-yarn-server-common-3.1.0.jar:/home/alex/.m2/repository/org/apache/geronimo/specs/geronimo-jcache_1.0_spec/1.0-alpha-1/geronimo-jcache_1.0_spec-1.0-alpha-1.jar:/home/alex/.m2/repository/org/ehcache/ehcache/3.3.1/ehcache-3.3.1.jar:/home/alex/.m2/repository/com/zaxxer/HikariCP-java7/2.4.12/HikariCP-java7-2.4.12.jar:/home/alex/.m2/repository/org/apache/spark/spark-core_2.12/2.4.5/spark-core_2.12-2.4.5.jar:/home/alex/.m2/repository/com/twitter/chill_2.12/0.9.3/chill_2.12-0.9.3.jar:/home/alex/.m2/repository/com/twitter/chill-java/0.9.3/chill-java-0.9.3.jar:/home/alex/.m2/repository/org/apache/xbean/xbean-asm6-shaded/4.8/xbean-asm6-shaded-4.8.jar:/home/alex/.m2/repository/org/apache/hadoop/hadoop-client/3.1.0/hadoop-client-3.1.0.jar:/home/alex/.m2/repository/org/apache/hadoop/hadoop-mapreduce-client-jobclient/3.1.0/hadoop-mapreduce-client-jobclient-3.1.0.jar:/home/alex/.m2/repository/org/apache/spark/spark-launcher_2.12/2.4.5/spark-launcher_2.12-2.4.5.jar:/home/alex/.m2/repository/org/apache/spark/spark-kvstore_2.12/2.4.5/spark-kvstore_2.12-2.4.5.jar:/home/alex/.m2/repository/org/apache/spark/spark-network-common_2.12/2.4.5/spark-network-common_2.12-2.4.5.jar:/home/alex/.m2/repository/org/apache/spark/spark-network-shuffle_2.12/2.4.5/spark-network-shuffle_2.12-2.4.5.jar:/home/alex/.m2/repository/org/apache/spark/spark-unsafe_2.12/2.4.5/spark-unsafe_2.12-2.4.5.jar:/home/alex/.m2/repository/javax/activation/activation/1.1.1/activation-1.1.1.jar:/home/alex/.m2/repository/org/slf4j/jul-to-slf4j/1.7.16/jul-to-slf4j-1.7.16.jar:/home/alex/.m2/repository/org/slf4j/jcl-over-slf4j/1.7.16/jcl-over-slf4j-1.7.16.jar:/home/alex/.m2/repository/com/ning/compress-lzf/1.0.3/compress-lzf-1.0.3.jar:/home/alex/.m2/repository/org/lz4/lz4-java/1.4.0/lz4-java-1.4.0.jar:/home/alex/.m2/repository/com/github/luben/zstd-jni/1.3.2-2/zstd-jni-1.3.2-2.jar:/home/alex/.m2/repository/org/scala-lang/scala-library/2.12.10/scala-library-2.12.10.jar:/home/alex/.m2/repository/org/json4s/json4s-jackson_2.12/3.5.3/json4s-jackson_2.12-3.5.3.jar:/home/alex/.m2/repository/org/json4s/json4s-core_2.12/3.5.3/json4s-core_2.12-3.5.3.jar:/home/alex/.m2/repository/org/json4s/json4s-ast_2.12/3.5.3/json4s-ast_2.12-3.5.3.jar:/home/alex/.m2/repository/org/json4s/json4s-scalap_2.12/3.5.3/json4s-scalap_2.12-3.5.3.jar:/home/alex/.m2/repository/org/scala-lang/modules/scala-xml_2.12/1.0.6/scala-xml_2.12-1.0.6.jar:/home/alex/.m2/repository/com/clearspring/analytics/stream/2.7.0/stream-2.7.0.jar:/home/alex/.m2/repository/io/dropwizard/metrics/metrics-graphite/3.1.5/metrics-graphite-3.1.5.jar:/home/alex/.m2/repository/oro/oro/2.0.8/oro-2.0.8.jar:/home/alex/.m2/repository/net/razorvine/pyrolite/4.13/pyrolite-4.13.jar:/home/alex/.m2/repository/net/sf/py4j/py4j/0.10.7/py4j-0.10.7.jar:/home/alex/.m2/repository/org/apache/spark/spark-tags_2.12/2.4.5/spark-tags_2.12-2.4.5.jar:/home/alex/.m2/repository/org/spark-project/spark/unused/1.0.0/unused-1.0.0.jar:/home/alex/.m2/repository/com/sun/jersey/jersey-servlet/1.19/jersey-servlet-1.19.jar:/home/alex/.m2/repository/org/glassfish/jersey/core/jersey-server/2.22.2/jersey-server-2.22.2.jar:/home/alex/.m2/repository/org/glassfish/jersey/core/jersey-common/2.22.2/jersey-common-2.22.2.jar:/home/alex/.m2/repository/org/glassfish/jersey/bundles/repackaged/jersey-guava/2.22.2/jersey-guava-2.22.2.jar:/home/alex/.m2/repository/org/glassfish/hk2/osgi-resource-locator/1.0.1/osgi-resource-locator-1.0.1.jar:/home/alex/.m2/repository/org/glassfish/jersey/core/jersey-client/2.22.2/jersey-client-2.22.2.jar:/home/alex/.m2/repository/javax/ws/rs/javax.ws.rs-api/2.0.1/javax.ws.rs-api-2.0.1.jar:/home/alex/.m2/repository/org/glassfish/jersey/media/jersey-media-jaxb/2.22.2/jersey-media-jaxb-2.22.2.jar:/home/alex/.m2/repository/org/glassfish/hk2/hk2-api/2.4.0-b34/hk2-api-2.4.0-b34.jar:/home/alex/.m2/repository/org/glassfish/hk2/hk2-utils/2.4.0-b34/hk2-utils-2.4.0-b34.jar:/home/alex/.m2/repository/org/glassfish/hk2/external/aopalliance-repackaged/2.4.0-b34/aopalliance-repackaged-2.4.0-b34.jar:/home/alex/.m2/repository/org/glassfish/hk2/external/javax.inject/2.4.0-b34/javax.inject-2.4.0-b34.jar:/home/alex/.m2/repository/org/glassfish/hk2/hk2-locator/2.4.0-b34/hk2-locator-2.4.0-b34.jar:/home/alex/.m2/repository/javax/validation/validation-api/1.1.0.Final/validation-api-1.1.0.Final.jar:/home/alex/.m2/repository/org/glassfish/jersey/containers/jersey-container-servlet-core/2.22.2/jersey-container-servlet-core-2.22.2.jar:/home/alex/.m2/repository/org/hamcrest/hamcrest-all/1.3/hamcrest-all-1.3.jar:/home/alex/.m2/repository/org/powermock/powermock-module-junit4/2.0.2/powermock-module-junit4-2.0.2.jar:/home/alex/.m2/repository/org/powermock/powermock-module-junit4-common/2.0.2/powermock-module-junit4-common-2.0.2.jar:/home/alex/.m2/repository/org/powermock/powermock-reflect/2.0.2/powermock-reflect-2.0.2.jar:/home/alex/.m2/repository/org/powermock/powermock-core/2.0.2/powermock-core-2.0.2.jar:/home/alex/.m2/repository/org/powermock/powermock-api-mockito2/2.0.2/powermock-api-mockito2-2.0.2.jar:/home/alex/.m2/repository/org/powermock/powermock-api-support/2.0.2/powermock-api-support-2.0.2.jar:/home/alex/.m2/repository/com/google/guava/guava-testlib/19.0/guava-testlib-19.0.jar:/home/alex/.m2/repository/com/google/errorprone/error_prone_annotations/2.0.2/error_prone_annotations-2.0.2.jar:/home/alex/.m2/repository/com/google/re2j/re2j/1.2/re2j-1.2.jar:/home/alex/.m2/repository/org/reflections/reflections/0.9.10/reflections-0.9.10.jar:/home/alex/.m2/repository/org/javassist/javassist/3.19.0-GA/javassist-3.19.0-GA.jar:/home/alex/.m2/repository/com/jayway/jsonpath/json-path/2.4.0/json-path-2.4.0.jar:/home/alex/.m2/repository/net/minidev/json-smart/2.3/json-smart-2.3.jar:/home/alex/.m2/repository/net/minidev/accessors-smart/1.2/accessors-smart-1.2.jar:/home/alex/.m2/repository/org/ow2/asm/asm/5.0.4/asm-5.0.4.jar:/home/alex/.m2/repository/org/codehaus/janino/commons-compiler/3.0.11/commons-compiler-3.0.11.jar:/home/alex/.m2/repository/org/codehaus/janino/janino/3.0.11/janino-3.0.11.jar:/home/alex/.m2/repository/com/sun/jersey/contribs/jersey-multipart/1.19/jersey-multipart-1.19.jar:/home/alex/.m2/repository/org/jvnet/mimepull/mimepull/1.9.3/mimepull-1.9.3.jar:/home/alex/.m2/repository/org/apache/kafka/kafka-clients/2.5.0/kafka-clients-2.5.0.jar:/home/alex/.m2/repository/org/slf4j/slf4j-api/1.7.30/slf4j-api-1.7.30.jar:/home/alex/.m2/repository/org/mockito/mockito-core/3.4.4/mockito-core-3.4.4.jar:/home/alex/.m2/repository/net/bytebuddy/byte-buddy/1.10.13/byte-buddy-1.10.13.jar:/home/alex/.m2/repository/net/bytebuddy/byte-buddy-agent/1.10.13/byte-buddy-agent-1.10.13.jar:/home/alex/Repositories/hive/ql/target/testconf:/home/alex/Repositories/hive/ql/../conf:"/>
    <property name="sun.cpu.endian" value="little"/>
    <property name="user.home" value="/home/alex"/>
    <property name="user.language" value="en"/>
    <property name="java.security.krb5.conf" value="/home/alex/Repositories/hive/ql/target/testconf/krb5.conf"/>
    <property name="test.dfs.mkdir" value=""/>
    <property name="java.awt.graphicsenv" value="sun.awt.X11GraphicsEnvironment"/>
    <property name="nondexFilter" value=".*"/>
    <property name="nondexSeed" value="1016066"/>
    <property name="surefire.real.class.path" value="/home/alex/Repositories/hive/ql/target/surefire/surefirebooter6289934244925828542.jar"/>
    <property name="hadoop.log.dir" value="/home/alex/Repositories/hive/ql/target/tmp"/>
    <property name="java.net.preferIPv4Stack" value="true"/>
    <property name="path.separator" value=":"/>
    <property name="os.version" value="6.5.0-28-generic"/>
    <property name="java.endorsed.dirs" value="/usr/lib/jvm/java-8-openjdk-amd64/jre/lib/endorsed"/>
    <property name="java.runtime.name" value="OpenJDK Runtime Environment"/>
    <property name="hive.test.console.log.level" value="INFO"/>
    <property name="java.vm.name" value="OpenJDK 64-Bit Server VM"/>
    <property name="java.vendor.url.bug" value="http://bugreport.sun.com/bugreport/"/>
    <property name="maven.local.repository" value="/home/alex/.m2/repository"/>
    <property name="user.dir" value="/home/alex/Repositories/hive/ql"/>
    <property name="os.arch" value="amd64"/>
    <property name="nondexMode" value="FULL"/>
    <property name="user.language.format" value="pt"/>
    <property name="antlr.version" value="3.5.2"/>
    <property name="derby.version" value="10.14.1.0"/>
    <property name="java.vm.info" value="mixed mode"/>
    <property name="java.vm.version" value="25.402-b06"/>
    <property name="java.ext.dirs" value="/usr/lib/jvm/java-8-openjdk-amd64/jre/lib/ext:/usr/java/packages/lib/ext"/>
    <property name="java.class.version" value="52.0"/>
    <property name="test.output.overwrite" value=""/>
    <property name="hive.root" value="/home/alex/Repositories/hive/ql/../"/>
  </properties>
  <testcase name="testInsertFromUnion" classname="org.apache.hadoop.hive.ql.TestTxnNoBuckets" time="23.05"/>
  <testcase name="testCtasPartitioned" classname="org.apache.hadoop.hive.ql.TestTxnNoBuckets" time="3.382"/>
  <testcase name="testNoBucketsDP" classname="org.apache.hadoop.hive.ql.TestTxnNoBuckets" time="14.036">
    <error type="java.lang.RuntimeException"><![CDATA[java.lang.RuntimeException: update nobuckets set c2 = 17 where c2 in(0,3) failed: (responseCode = 40000, errorMessage = FAILED: NoMatchingMethodException No matching method for class org.apache.hadoop.hive.ql.udf.UDFToInteger with (struct<writeid:bigint,bucketid:int,rowid:bigint>). Possible choices: _FUNC_(bigint)  _FUNC_(boolean)  _FUNC_(decimal(38,18))  _FUNC_(double)  _FUNC_(float)  _FUNC_(smallint)  _FUNC_(string)  _FUNC_(struct<bucketid:int,rowid:bigint,writeid:bigint>)  _FUNC_(timestamp)  _FUNC_(tinyint)  _FUNC_(void)  , hiveErrorCode = 40000, SQLState = 42000, exception = No matching method for class org.apache.hadoop.hive.ql.udf.UDFToInteger with (struct<writeid:bigint,bucketid:int,rowid:bigint>). Possible choices: _FUNC_(bigint)  _FUNC_(boolean)  _FUNC_(decimal(38,18))  _FUNC_(double)  _FUNC_(float)  _FUNC_(smallint)  _FUNC_(string)  _FUNC_(struct<bucketid:int,rowid:bigint,writeid:bigint>)  _FUNC_(timestamp)  _FUNC_(tinyint)  _FUNC_(void)  )
	at org.apache.hadoop.hive.ql.TxnCommandsBaseForTests.runStatementOnDriver(TxnCommandsBaseForTests.java:247)
	at org.apache.hadoop.hive.ql.TestTxnNoBuckets.testNoBucketsDP(TestTxnNoBuckets.java:233)
	at sun.reflect.NativeMethodAccessorImpl.invoke0(Native Method)
	at sun.reflect.NativeMethodAccessorImpl.invoke(NativeMethodAccessorImpl.java:62)
	at sun.reflect.DelegatingMethodAccessorImpl.invoke(DelegatingMethodAccessorImpl.java:43)
	at java.lang.reflect.Method.invoke(Method.java:498)
	at org.junit.runners.model.FrameworkMethod$1.runReflectiveCall(FrameworkMethod.java:59)
	at org.junit.internal.runners.model.ReflectiveCallable.run(ReflectiveCallable.java:12)
	at org.junit.runners.model.FrameworkMethod.invokeExplosively(FrameworkMethod.java:56)
	at org.junit.internal.runners.statements.InvokeMethod.evaluate(InvokeMethod.java:17)
	at org.junit.internal.runners.statements.RunBefores.evaluate(RunBefores.java:26)
	at org.junit.internal.runners.statements.RunAfters.evaluate(RunAfters.java:27)
	at org.junit.rules.TestWatcher$1.evaluate(TestWatcher.java:61)
	at org.junit.runners.ParentRunner$3.evaluate(ParentRunner.java:306)
	at org.junit.runners.BlockJUnit4ClassRunner$1.evaluate(BlockJUnit4ClassRunner.java:100)
	at org.junit.runners.ParentRunner.runLeaf(ParentRunner.java:366)
	at org.junit.runners.BlockJUnit4ClassRunner.runChild(BlockJUnit4ClassRunner.java:103)
	at org.junit.runners.BlockJUnit4ClassRunner.runChild(BlockJUnit4ClassRunner.java:63)
	at org.junit.runners.ParentRunner$4.run(ParentRunner.java:331)
	at org.junit.runners.ParentRunner$1.schedule(ParentRunner.java:79)
	at org.junit.runners.ParentRunner.runChildren(ParentRunner.java:329)
	at org.junit.runners.ParentRunner.access$100(ParentRunner.java:66)
	at org.junit.runners.ParentRunner$2.evaluate(ParentRunner.java:293)
	at org.junit.runners.ParentRunner$3.evaluate(ParentRunner.java:306)
	at org.junit.runners.ParentRunner.run(ParentRunner.java:413)
	at org.junit.runner.JUnitCore.run(JUnitCore.java:137)
	at org.junit.runner.JUnitCore.run(JUnitCore.java:115)
	at org.junit.vintage.engine.execution.RunnerExecutor.execute(RunnerExecutor.java:43)
	at java.util.stream.ForEachOps$ForEachOp$OfRef.accept(ForEachOps.java:183)
	at java.util.stream.ReferencePipeline$3$1.accept(ReferencePipeline.java:193)
	at java.util.Iterator.forEachRemaining(Iterator.java:116)
	at java.util.Spliterators$IteratorSpliterator.forEachRemaining(Spliterators.java:1801)
	at java.util.stream.AbstractPipeline.copyInto(AbstractPipeline.java:482)
	at java.util.stream.AbstractPipeline.wrapAndCopyInto(AbstractPipeline.java:472)
	at java.util.stream.ForEachOps$ForEachOp.evaluateSequential(ForEachOps.java:150)
	at java.util.stream.ForEachOps$ForEachOp$OfRef.evaluateSequential(ForEachOps.java:173)
	at java.util.stream.AbstractPipeline.evaluate(AbstractPipeline.java:234)
	at java.util.stream.ReferencePipeline.forEach(ReferencePipeline.java:485)
	at org.junit.vintage.engine.VintageTestEngine.executeAllChildren(VintageTestEngine.java:82)
	at org.junit.vintage.engine.VintageTestEngine.execute(VintageTestEngine.java:73)
	at org.junit.platform.launcher.core.DefaultLauncher.execute(DefaultLauncher.java:248)
	at org.junit.platform.launcher.core.DefaultLauncher.lambda$execute$5(DefaultLauncher.java:211)
	at org.junit.platform.launcher.core.DefaultLauncher.withInterceptedStreams(DefaultLauncher.java:226)
	at org.junit.platform.launcher.core.DefaultLauncher.execute(DefaultLauncher.java:199)
	at org.junit.platform.launcher.core.DefaultLauncher.execute(DefaultLauncher.java:132)
	at org.apache.maven.surefire.junitplatform.JUnitPlatformProvider.invokeAllTests(JUnitPlatformProvider.java:154)
	at org.apache.maven.surefire.junitplatform.JUnitPlatformProvider.invoke(JUnitPlatformProvider.java:123)
	at org.apache.maven.surefire.booter.ForkedBooter.runSuitesInProcess(ForkedBooter.java:377)
	at org.apache.maven.surefire.booter.ForkedBooter.execute(ForkedBooter.java:138)
	at org.apache.maven.surefire.booter.ForkedBooter.run(ForkedBooter.java:465)
	at org.apache.maven.surefire.booter.ForkedBooter.main(ForkedBooter.java:451)
]]></error>
    <system-err><![CDATA[2024-04-24T05:21:12,765  WARN [main] conf.HiveConf: HiveConf of name hive.llap.io.cache.orc.alloc.min does not exist
2024-04-24T05:21:12,765  WARN [main] conf.HiveConf: HiveConf of name hive.metastore.client.cache.recordStats does not exist
2024-04-24T05:21:12,765  WARN [main] conf.HiveConf: HiveConf of name hive.llap.io.cache.orc.size does not exist
2024-04-24T05:21:12,765  WARN [main] conf.HiveConf: HiveConf of name hive.dummyparam.test.server.specific.config.override does not exist
2024-04-24T05:21:12,765  WARN [main] conf.HiveConf: HiveConf of name hive.llap.io.cache.orc.arena.size does not exist
2024-04-24T05:21:12,765  WARN [main] conf.HiveConf: HiveConf of name hive.metastore.metadb.dir does not exist
2024-04-24T05:21:12,766  WARN [main] conf.HiveConf: HiveConf of name hive.stats.key.prefix.reserve.length does not exist
2024-04-24T05:21:12,766  WARN [main] conf.HiveConf: HiveConf of name hive.llap.io.cache.orc.alloc.max does not exist
2024-04-24T05:21:12,766  WARN [main] conf.HiveConf: HiveConf of name hive.dummyparam.test.server.specific.config.hivesite does not exist
2024-04-24T05:21:12,766  WARN [main] conf.HiveConf: HiveConf of name hive.dummyparam.test.server.specific.config.metastoresite does not exist
2024-04-24T05:21:12,766  WARN [main] conf.HiveConf: HiveConf of name hive.metastore.client.cache.maxSize does not exist
2024-04-24T05:21:12,767  INFO [main] utils.TestTxnDbUtil: Creating transactional tables
Hive Session ID = d5a4d20d-09e1-4bfd-b1f6-f0e7b6b7b109
2024-04-24T05:21:12,769  INFO [main] SessionState: Hive Session ID = d5a4d20d-09e1-4bfd-b1f6-f0e7b6b7b109
ivysettings.xml file not found in HIVE_HOME or HIVE_CONF_DIR,/home/alex/Repositories/hive/conf/ivysettings.xml will be used
2024-04-24T05:21:12,770  INFO [main] DependencyResolver: ivysettings.xml file not found in HIVE_HOME or HIVE_CONF_DIR,/home/alex/Repositories/hive/conf/ivysettings.xml will be used
2024-04-24T05:21:12,775  INFO [main] session.SessionState: Created HDFS directory: /home/alex/Repositories/hive/ql/target/tmp/scratchdir/alex/d5a4d20d-09e1-4bfd-b1f6-f0e7b6b7b109
2024-04-24T05:21:12,778  INFO [main] session.SessionState: Created local directory: /home/alex/Repositories/hive/ql/target/tmp/localscratchdir/d5a4d20d-09e1-4bfd-b1f6-f0e7b6b7b109
2024-04-24T05:21:12,780  INFO [main] session.SessionState: Created HDFS directory: /home/alex/Repositories/hive/ql/target/tmp/scratchdir/alex/d5a4d20d-09e1-4bfd-b1f6-f0e7b6b7b109/_tmp_space.db
2024-04-24T05:21:12,781  INFO [main] sqlstd.SQLStdHiveAccessController: Created SQLStdHiveAccessController for session context : HiveAuthzSessionContext [sessionString=d5a4d20d-09e1-4bfd-b1f6-f0e7b6b7b109, clientType=HIVECLI]
2024-04-24T05:21:12,781  INFO [main] ql.TxnCommandsBaseForTests: Running the query: drop table if exists acidTbl
2024-04-24T05:21:12,782  INFO [main] ql.Driver: Compiling command(queryId=alex_20240424052112_71ac62fe-b670-45c7-962a-258fa7178359): drop table if exists acidTbl
2024-04-24T05:21:12,795  INFO [main] txn.TxnHandler: Added entries to MIN_HISTORY_LEVEL for current txns: ([1]) with min_open_txn: 1
2024-04-24T05:21:12,795  INFO [main] lockmgr.DbTxnManager: Opened txnid:1
2024-04-24T05:21:12,797  INFO [main] HiveMetaStore.audit: ugi=alex	ip=unknown-ip-addr	cmd=get_table : tbl=hive.default.acidTbl	
2024-04-24T05:21:12,801  INFO [main] ql.Driver: Semantic Analysis Completed (retrial = false)
2024-04-24T05:21:12,801  INFO [main] ql.Driver: Created Hive schema: Schema(fieldSchemas:null, properties:null)
2024-04-24T05:21:12,801  INFO [main] metadata.Hive: Dumping metastore api call timing information for : compilation phase
2024-04-24T05:21:12,802  INFO [main] metadata.Hive: Total time spent in each metastore function (ms): {getValidTxns_(long)=2, commitTxn_(CommitTxnRequest)=12, flushCache_()=0, isCompatibleWith_(Configuration)=0, openTxn_(String, TxnType)=13}
2024-04-24T05:21:12,802  INFO [main] ql.Driver: Completed compiling command(queryId=alex_20240424052112_71ac62fe-b670-45c7-962a-258fa7178359); Time taken: 0.02 seconds
2024-04-24T05:21:12,802  INFO [main] lockmgr.DbTxnManager: Setting lock request transaction to txnid:1 for queryId=alex_20240424052112_71ac62fe-b670-45c7-962a-258fa7178359
2024-04-24T05:21:12,802  INFO [main] ql.Driver: Operation DROPTABLE obtained 0 locks
2024-04-24T05:21:12,802  INFO [main] ql.Driver: Executing command(queryId=alex_20240424052112_71ac62fe-b670-45c7-962a-258fa7178359): drop table if exists acidTbl
2024-04-24T05:21:12,802  INFO [main] ql.Driver: Starting task [Stage-0:DDL] in serial mode
2024-04-24T05:21:12,803  INFO [main] HiveMetaStore.audit: ugi=alex	ip=unknown-ip-addr	cmd=get_table : tbl=hive.default.acidTbl	
2024-04-24T05:21:12,808  INFO [main] metadata.Hive: Dumping metastore api call timing information for : execution phase
2024-04-24T05:21:12,808  INFO [main] metadata.Hive: Total time spent in each metastore function (ms): {isCompatibleWith_(Configuration)=1}
2024-04-24T05:21:12,808  INFO [main] ql.Driver: Completed executing command(queryId=alex_20240424052112_71ac62fe-b670-45c7-962a-258fa7178359); Time taken: 0.006 seconds
2024-04-24T05:21:12,809  INFO [main] lockmgr.DbTxnManager: Stopped heartbeat for query: alex_20240424052112_71ac62fe-b670-45c7-962a-258fa7178359
2024-04-24T05:21:12,814  INFO [main] txn.TxnHandler: Expected to move at least one record from txn_components to completed_txn_components when committing txn! txnid:1
2024-04-24T05:21:12,822  INFO [main] txn.TxnHandler: Removed transactions: ([1]) from MIN_HISTORY_LEVEL
2024-04-24T05:21:12,822  WARN [main] txn.CompactionTxnHandler: No compaction queue record found for Compaction type transaction commit. txnId:1
2024-04-24T05:21:12,823  INFO [main] ql.TxnCommandsBaseForTests: Running the query: drop table if exists acidTblPart
2024-04-24T05:21:12,823  INFO [main] ql.Driver: Compiling command(queryId=alex_20240424052112_5f3db7b1-fa19-40a5-a657-3b2a70625e89): drop table if exists acidTblPart
2024-04-24T05:21:12,826  INFO [main] txn.TxnHandler: Added entries to MIN_HISTORY_LEVEL for current txns: ([2]) with min_open_txn: 1
2024-04-24T05:21:12,827  INFO [main] lockmgr.DbTxnManager: Opened txnid:2
2024-04-24T05:21:12,828  INFO [main] HiveMetaStore.audit: ugi=alex	ip=unknown-ip-addr	cmd=get_table : tbl=hive.default.acidTblPart	
2024-04-24T05:21:12,833  INFO [main] ql.Driver: Semantic Analysis Completed (retrial = false)
2024-04-24T05:21:12,833  INFO [main] ql.Driver: Created Hive schema: Schema(fieldSchemas:null, properties:null)
2024-04-24T05:21:12,833  INFO [main] metadata.Hive: Dumping metastore api call timing information for : compilation phase
2024-04-24T05:21:12,833  INFO [main] metadata.Hive: Total time spent in each metastore function (ms): {commitTxn_(CommitTxnRequest)=13, getValidTxns_(long)=1, flushCache_()=0, isCompatibleWith_(Configuration)=1, openTxn_(String, TxnType)=3}
2024-04-24T05:21:12,833  INFO [main] ql.Driver: Completed compiling command(queryId=alex_20240424052112_5f3db7b1-fa19-40a5-a657-3b2a70625e89); Time taken: 0.01 seconds
2024-04-24T05:21:12,834  INFO [main] lockmgr.DbTxnManager: Setting lock request transaction to txnid:2 for queryId=alex_20240424052112_5f3db7b1-fa19-40a5-a657-3b2a70625e89
2024-04-24T05:21:12,834  INFO [main] ql.Driver: Operation DROPTABLE obtained 0 locks
2024-04-24T05:21:12,834  INFO [main] ql.Driver: Executing command(queryId=alex_20240424052112_5f3db7b1-fa19-40a5-a657-3b2a70625e89): drop table if exists acidTblPart
2024-04-24T05:21:12,834  INFO [main] ql.Driver: Starting task [Stage-0:DDL] in serial mode
2024-04-24T05:21:12,834  INFO [main] HiveMetaStore.audit: ugi=alex	ip=unknown-ip-addr	cmd=get_table : tbl=hive.default.acidTblPart	
2024-04-24T05:21:12,840  INFO [main] metadata.Hive: Dumping metastore api call timing information for : execution phase
2024-04-24T05:21:12,840  INFO [main] metadata.Hive: Total time spent in each metastore function (ms): {isCompatibleWith_(Configuration)=0}
2024-04-24T05:21:12,840  INFO [main] ql.Driver: Completed executing command(queryId=alex_20240424052112_5f3db7b1-fa19-40a5-a657-3b2a70625e89); Time taken: 0.006 seconds
2024-04-24T05:21:12,840  INFO [main] lockmgr.DbTxnManager: Stopped heartbeat for query: alex_20240424052112_5f3db7b1-fa19-40a5-a657-3b2a70625e89
2024-04-24T05:21:12,848  INFO [main] txn.TxnHandler: Expected to move at least one record from txn_components to completed_txn_components when committing txn! txnid:2
2024-04-24T05:21:12,858  INFO [main] txn.TxnHandler: Removed transactions: ([2]) from MIN_HISTORY_LEVEL
2024-04-24T05:21:12,858  WARN [main] txn.CompactionTxnHandler: No compaction queue record found for Compaction type transaction commit. txnId:2
2024-04-24T05:21:12,859  INFO [main] ql.TxnCommandsBaseForTests: Running the query: drop table if exists acidTbl2
2024-04-24T05:21:12,860  INFO [main] ql.Driver: Compiling command(queryId=alex_20240424052112_86c2ab53-fc4b-4405-b75d-ff94aa225345): drop table if exists acidTbl2
2024-04-24T05:21:12,863  INFO [main] txn.TxnHandler: Added entries to MIN_HISTORY_LEVEL for current txns: ([3]) with min_open_txn: 1
2024-04-24T05:21:12,863  INFO [main] lockmgr.DbTxnManager: Opened txnid:3
2024-04-24T05:21:12,864  INFO [main] HiveMetaStore.audit: ugi=alex	ip=unknown-ip-addr	cmd=get_table : tbl=hive.default.acidTbl2	
2024-04-24T05:21:12,867  INFO [main] ql.Driver: Semantic Analysis Completed (retrial = false)
2024-04-24T05:21:12,868  INFO [main] ql.Driver: Created Hive schema: Schema(fieldSchemas:null, properties:null)
2024-04-24T05:21:12,868  INFO [main] metadata.Hive: Dumping metastore api call timing information for : compilation phase
2024-04-24T05:21:12,868  INFO [main] metadata.Hive: Total time spent in each metastore function (ms): {flushCache_()=0, isCompatibleWith_(Configuration)=0, openTxn_(String, TxnType)=2, getValidTxns_(long)=0, commitTxn_(CommitTxnRequest)=19}
2024-04-24T05:21:12,868  INFO [main] ql.Driver: Completed compiling command(queryId=alex_20240424052112_86c2ab53-fc4b-4405-b75d-ff94aa225345); Time taken: 0.008 seconds
2024-04-24T05:21:12,868  INFO [main] lockmgr.DbTxnManager: Setting lock request transaction to txnid:3 for queryId=alex_20240424052112_86c2ab53-fc4b-4405-b75d-ff94aa225345
2024-04-24T05:21:12,868  INFO [main] ql.Driver: Operation DROPTABLE obtained 0 locks
2024-04-24T05:21:12,868  INFO [main] ql.Driver: Executing command(queryId=alex_20240424052112_86c2ab53-fc4b-4405-b75d-ff94aa225345): drop table if exists acidTbl2
2024-04-24T05:21:12,868  INFO [main] ql.Driver: Starting task [Stage-0:DDL] in serial mode
2024-04-24T05:21:12,869  INFO [main] HiveMetaStore.audit: ugi=alex	ip=unknown-ip-addr	cmd=get_table : tbl=hive.default.acidTbl2	
2024-04-24T05:21:12,872  INFO [main] metadata.Hive: Dumping metastore api call timing information for : execution phase
2024-04-24T05:21:12,872  INFO [main] metadata.Hive: Total time spent in each metastore function (ms): {isCompatibleWith_(Configuration)=1}
2024-04-24T05:21:12,872  INFO [main] ql.Driver: Completed executing command(queryId=alex_20240424052112_86c2ab53-fc4b-4405-b75d-ff94aa225345); Time taken: 0.004 seconds
2024-04-24T05:21:12,872  INFO [main] lockmgr.DbTxnManager: Stopped heartbeat for query: alex_20240424052112_86c2ab53-fc4b-4405-b75d-ff94aa225345
2024-04-24T05:21:12,877  INFO [main] txn.TxnHandler: Expected to move at least one record from txn_components to completed_txn_components when committing txn! txnid:3
2024-04-24T05:21:12,884  INFO [main] txn.TxnHandler: Removed transactions: ([3]) from MIN_HISTORY_LEVEL
2024-04-24T05:21:12,884  WARN [main] txn.CompactionTxnHandler: No compaction queue record found for Compaction type transaction commit. txnId:3
2024-04-24T05:21:12,884  INFO [main] ql.TxnCommandsBaseForTests: Running the query: drop table if exists nonAcidOrcTbl
2024-04-24T05:21:12,885  INFO [main] ql.Driver: Compiling command(queryId=alex_20240424052112_2677066f-ef0c-4414-ad68-f1cfd12eac78): drop table if exists nonAcidOrcTbl
2024-04-24T05:21:12,887  INFO [main] txn.TxnHandler: Added entries to MIN_HISTORY_LEVEL for current txns: ([4]) with min_open_txn: 1
2024-04-24T05:21:12,887  INFO [main] lockmgr.DbTxnManager: Opened txnid:4
2024-04-24T05:21:12,888  INFO [main] HiveMetaStore.audit: ugi=alex	ip=unknown-ip-addr	cmd=get_table : tbl=hive.default.nonAcidOrcTbl	
2024-04-24T05:21:12,894  INFO [main] ql.Driver: Semantic Analysis Completed (retrial = false)
2024-04-24T05:21:12,894  INFO [main] ql.Driver: Created Hive schema: Schema(fieldSchemas:null, properties:null)
2024-04-24T05:21:12,894  INFO [main] metadata.Hive: Dumping metastore api call timing information for : compilation phase
2024-04-24T05:21:12,894  INFO [main] metadata.Hive: Total time spent in each metastore function (ms): {openTxn_(String, TxnType)=2, isCompatibleWith_(Configuration)=0, commitTxn_(CommitTxnRequest)=12, getValidTxns_(long)=0, flushCache_()=0}
2024-04-24T05:21:12,894  INFO [main] ql.Driver: Completed compiling command(queryId=alex_20240424052112_2677066f-ef0c-4414-ad68-f1cfd12eac78); Time taken: 0.009 seconds
2024-04-24T05:21:12,894  INFO [main] lockmgr.DbTxnManager: Setting lock request transaction to txnid:4 for queryId=alex_20240424052112_2677066f-ef0c-4414-ad68-f1cfd12eac78
2024-04-24T05:21:12,894  INFO [main] ql.Driver: Operation DROPTABLE obtained 0 locks
2024-04-24T05:21:12,895  INFO [main] ql.Driver: Executing command(queryId=alex_20240424052112_2677066f-ef0c-4414-ad68-f1cfd12eac78): drop table if exists nonAcidOrcTbl
2024-04-24T05:21:12,895  INFO [main] ql.Driver: Starting task [Stage-0:DDL] in serial mode
2024-04-24T05:21:12,895  INFO [main] HiveMetaStore.audit: ugi=alex	ip=unknown-ip-addr	cmd=get_table : tbl=hive.default.nonAcidOrcTbl	
2024-04-24T05:21:12,898  INFO [main] metadata.Hive: Dumping metastore api call timing information for : execution phase
2024-04-24T05:21:12,898  INFO [main] metadata.Hive: Total time spent in each metastore function (ms): {isCompatibleWith_(Configuration)=0}
2024-04-24T05:21:12,899  INFO [main] ql.Driver: Completed executing command(queryId=alex_20240424052112_2677066f-ef0c-4414-ad68-f1cfd12eac78); Time taken: 0.004 seconds
2024-04-24T05:21:12,899  INFO [main] lockmgr.DbTxnManager: Stopped heartbeat for query: alex_20240424052112_2677066f-ef0c-4414-ad68-f1cfd12eac78
2024-04-24T05:21:12,905  INFO [main] txn.TxnHandler: Expected to move at least one record from txn_components to completed_txn_components when committing txn! txnid:4
2024-04-24T05:21:12,915  INFO [main] txn.TxnHandler: Removed transactions: ([4]) from MIN_HISTORY_LEVEL
2024-04-24T05:21:12,915  WARN [main] txn.CompactionTxnHandler: No compaction queue record found for Compaction type transaction commit. txnId:4
2024-04-24T05:21:12,916  INFO [main] ql.TxnCommandsBaseForTests: Running the query: drop table if exists nonAcidOrcTbl2
2024-04-24T05:21:12,916  INFO [main] ql.Driver: Compiling command(queryId=alex_20240424052112_e9ee0bf2-62a1-4985-a1e7-16302d893e18): drop table if exists nonAcidOrcTbl2
2024-04-24T05:21:12,920  INFO [main] txn.TxnHandler: Added entries to MIN_HISTORY_LEVEL for current txns: ([5]) with min_open_txn: 1
2024-04-24T05:21:12,920  INFO [main] lockmgr.DbTxnManager: Opened txnid:5
2024-04-24T05:21:12,921  INFO [main] HiveMetaStore.audit: ugi=alex	ip=unknown-ip-addr	cmd=get_table : tbl=hive.default.nonAcidOrcTbl2	
2024-04-24T05:21:12,924  INFO [main] ql.Driver: Semantic Analysis Completed (retrial = false)
2024-04-24T05:21:12,924  INFO [main] ql.Driver: Created Hive schema: Schema(fieldSchemas:null, properties:null)
2024-04-24T05:21:12,924  INFO [main] metadata.Hive: Dumping metastore api call timing information for : compilation phase
2024-04-24T05:21:12,924  INFO [main] metadata.Hive: Total time spent in each metastore function (ms): {openTxn_(String, TxnType)=3, flushCache_()=0, isCompatibleWith_(Configuration)=0, getValidTxns_(long)=0, commitTxn_(CommitTxnRequest)=17}
2024-04-24T05:21:12,924  INFO [main] ql.Driver: Completed compiling command(queryId=alex_20240424052112_e9ee0bf2-62a1-4985-a1e7-16302d893e18); Time taken: 0.008 seconds
2024-04-24T05:21:12,924  INFO [main] lockmgr.DbTxnManager: Setting lock request transaction to txnid:5 for queryId=alex_20240424052112_e9ee0bf2-62a1-4985-a1e7-16302d893e18
2024-04-24T05:21:12,924  INFO [main] ql.Driver: Operation DROPTABLE obtained 0 locks
2024-04-24T05:21:12,925  INFO [main] ql.Driver: Executing command(queryId=alex_20240424052112_e9ee0bf2-62a1-4985-a1e7-16302d893e18): drop table if exists nonAcidOrcTbl2
2024-04-24T05:21:12,925  INFO [main] ql.Driver: Starting task [Stage-0:DDL] in serial mode
2024-04-24T05:21:12,925  INFO [main] HiveMetaStore.audit: ugi=alex	ip=unknown-ip-addr	cmd=get_table : tbl=hive.default.nonAcidOrcTbl2	
2024-04-24T05:21:12,928  INFO [main] metadata.Hive: Dumping metastore api call timing information for : execution phase
2024-04-24T05:21:12,928  INFO [main] metadata.Hive: Total time spent in each metastore function (ms): {isCompatibleWith_(Configuration)=0}
2024-04-24T05:21:12,928  INFO [main] ql.Driver: Completed executing command(queryId=alex_20240424052112_e9ee0bf2-62a1-4985-a1e7-16302d893e18); Time taken: 0.003 seconds
2024-04-24T05:21:12,928  INFO [main] lockmgr.DbTxnManager: Stopped heartbeat for query: alex_20240424052112_e9ee0bf2-62a1-4985-a1e7-16302d893e18
2024-04-24T05:21:12,934  INFO [main] txn.TxnHandler: Expected to move at least one record from txn_components to completed_txn_components when committing txn! txnid:5
2024-04-24T05:21:12,940  INFO [main] txn.TxnHandler: Removed transactions: ([5]) from MIN_HISTORY_LEVEL
2024-04-24T05:21:12,940  WARN [main] txn.CompactionTxnHandler: No compaction queue record found for Compaction type transaction commit. txnId:5
2024-04-24T05:21:12,940  INFO [main] ql.TxnCommandsBaseForTests: Running the query: drop table if exists nonAcidNonBucket
2024-04-24T05:21:12,941  INFO [main] ql.Driver: Compiling command(queryId=alex_20240424052112_36ebe722-6b5b-4837-87b0-af2896f33c04): drop table if exists nonAcidNonBucket
2024-04-24T05:21:12,943  INFO [main] txn.TxnHandler: Added entries to MIN_HISTORY_LEVEL for current txns: ([6]) with min_open_txn: 1
2024-04-24T05:21:12,943  INFO [main] lockmgr.DbTxnManager: Opened txnid:6
2024-04-24T05:21:12,944  INFO [main] HiveMetaStore.audit: ugi=alex	ip=unknown-ip-addr	cmd=get_table : tbl=hive.default.nonAcidNonBucket	
2024-04-24T05:21:12,947  INFO [main] ql.Driver: Semantic Analysis Completed (retrial = false)
2024-04-24T05:21:12,947  INFO [main] ql.Driver: Created Hive schema: Schema(fieldSchemas:null, properties:null)
2024-04-24T05:21:12,947  INFO [main] metadata.Hive: Dumping metastore api call timing information for : compilation phase
2024-04-24T05:21:12,947  INFO [main] metadata.Hive: Total time spent in each metastore function (ms): {flushCache_()=0, isCompatibleWith_(Configuration)=0, getValidTxns_(long)=1, openTxn_(String, TxnType)=2, commitTxn_(CommitTxnRequest)=11}
2024-04-24T05:21:12,947  INFO [main] ql.Driver: Completed compiling command(queryId=alex_20240424052112_36ebe722-6b5b-4837-87b0-af2896f33c04); Time taken: 0.006 seconds
2024-04-24T05:21:12,947  INFO [main] lockmgr.DbTxnManager: Setting lock request transaction to txnid:6 for queryId=alex_20240424052112_36ebe722-6b5b-4837-87b0-af2896f33c04
2024-04-24T05:21:12,948  INFO [main] ql.Driver: Operation DROPTABLE obtained 0 locks
2024-04-24T05:21:12,948  INFO [main] ql.Driver: Executing command(queryId=alex_20240424052112_36ebe722-6b5b-4837-87b0-af2896f33c04): drop table if exists nonAcidNonBucket
2024-04-24T05:21:12,948  INFO [main] ql.Driver: Starting task [Stage-0:DDL] in serial mode
2024-04-24T05:21:12,948  INFO [main] HiveMetaStore.audit: ugi=alex	ip=unknown-ip-addr	cmd=get_table : tbl=hive.default.nonAcidNonBucket	
2024-04-24T05:21:12,951  INFO [main] metadata.Hive: Dumping metastore api call timing information for : execution phase
2024-04-24T05:21:12,951  INFO [main] metadata.Hive: Total time spent in each metastore function (ms): {isCompatibleWith_(Configuration)=0}
2024-04-24T05:21:12,951  INFO [main] ql.Driver: Completed executing command(queryId=alex_20240424052112_36ebe722-6b5b-4837-87b0-af2896f33c04); Time taken: 0.003 seconds
2024-04-24T05:21:12,951  INFO [main] lockmgr.DbTxnManager: Stopped heartbeat for query: alex_20240424052112_36ebe722-6b5b-4837-87b0-af2896f33c04
2024-04-24T05:21:12,956  INFO [main] txn.TxnHandler: Expected to move at least one record from txn_components to completed_txn_components when committing txn! txnid:6
2024-04-24T05:21:12,962  INFO [main] txn.TxnHandler: Removed transactions: ([6]) from MIN_HISTORY_LEVEL
2024-04-24T05:21:12,963  WARN [main] txn.CompactionTxnHandler: No compaction queue record found for Compaction type transaction commit. txnId:6
2024-04-24T05:21:12,963  INFO [main] ql.TxnCommandsBaseForTests: Running the query: create table acidTbl(a int, b int) clustered by (a) into 2 buckets stored as orc TBLPROPERTIES ('transactional'='true')
2024-04-24T05:21:12,963  INFO [main] ql.Driver: Compiling command(queryId=alex_20240424052112_21641af7-39e0-424f-ad1d-b339cc1349df): create table acidTbl(a int, b int) clustered by (a) into 2 buckets stored as orc TBLPROPERTIES ('transactional'='true')
2024-04-24T05:21:12,967  INFO [main] txn.TxnHandler: Added entries to MIN_HISTORY_LEVEL for current txns: ([7]) with min_open_txn: 1
2024-04-24T05:21:12,967  INFO [main] lockmgr.DbTxnManager: Opened txnid:7
2024-04-24T05:21:12,968  INFO [main] parse.CalcitePlanner: Starting caching scope for: 
2024-04-24T05:21:12,968  INFO [main] parse.CalcitePlanner: Starting Semantic Analysis
2024-04-24T05:21:12,974  INFO [main] parse.CalcitePlanner: Creating table default.acidTbl position=13
2024-04-24T05:21:12,974  INFO [main] HiveMetaStore.audit: ugi=alex	ip=unknown-ip-addr	cmd=get_database: default	
2024-04-24T05:21:12,976  INFO [main] parse.CalcitePlanner: Ending caching scope for: 
2024-04-24T05:21:12,976  INFO [main] ql.Driver: Semantic Analysis Completed (retrial = false)
2024-04-24T05:21:12,976  INFO [main] ql.Driver: Created Hive schema: Schema(fieldSchemas:null, properties:null)
2024-04-24T05:21:12,976  INFO [main] metadata.Hive: Dumping metastore api call timing information for : compilation phase
2024-04-24T05:21:12,976  INFO [main] metadata.Hive: Total time spent in each metastore function (ms): {isCompatibleWith_(Configuration)=0, openTxn_(String, TxnType)=3, commitTxn_(CommitTxnRequest)=12, getValidWriteIds_(List, String)=6, flushCache_()=0, getValidTxns_(long)=1, getDatabase_(String)=2}
2024-04-24T05:21:12,977  INFO [main] ql.Driver: Completed compiling command(queryId=alex_20240424052112_21641af7-39e0-424f-ad1d-b339cc1349df); Time taken: 0.013 seconds
2024-04-24T05:21:12,977  INFO [main] lockmgr.DbTxnManager: Setting lock request transaction to txnid:7 for queryId=alex_20240424052112_21641af7-39e0-424f-ad1d-b339cc1349df
2024-04-24T05:21:12,977  INFO [main] lockmgr.DbLockManager: Requesting lock for queryId=alex_20240424052112_21641af7-39e0-424f-ad1d-b339cc1349df
2024-04-24T05:21:13,001  INFO [main] lockmgr.DbLockManager: Response to queryId=alex_20240424052112_21641af7-39e0-424f-ad1d-b339cc1349df LockResponse(lockid:1, state:ACQUIRED)
2024-04-24T05:21:13,001  INFO [main] ql.Driver: Operation CREATETABLE obtained 1 locks
2024-04-24T05:21:13,002  INFO [main] ql.Driver: Executing command(queryId=alex_20240424052112_21641af7-39e0-424f-ad1d-b339cc1349df): create table acidTbl(a int, b int) clustered by (a) into 2 buckets stored as orc TBLPROPERTIES ('transactional'='true')
2024-04-24T05:21:13,003  INFO [main] ql.Driver: Starting task [Stage-0:DDL] in serial mode
2024-04-24T05:21:13,004  INFO [main] HiveMetaStore.audit: ugi=alex	ip=unknown-ip-addr	cmd=create_table_req: Table(tableName:acidTbl, dbName:default, owner:alex, createTime:1713961273, lastAccessTime:0, retention:0, sd:StorageDescriptor(cols:[FieldSchema(name:a, type:int, comment:null), FieldSchema(name:b, type:int, comment:null)], location:null, inputFormat:org.apache.hadoop.hive.ql.io.orc.OrcInputFormat, outputFormat:org.apache.hadoop.hive.ql.io.orc.OrcOutputFormat, compressed:false, numBuckets:2, serdeInfo:SerDeInfo(name:null, serializationLib:org.apache.hadoop.hive.ql.io.orc.OrcSerde, parameters:{serialization.format=1}), bucketCols:[a], sortCols:[], parameters:{}, skewedInfo:SkewedInfo(skewedColNames:[], skewedColValues:[], skewedColValueLocationMaps:{}), storedAsSubDirectories:false), partitionKeys:[], parameters:{transactional=true, numRows=0, rawDataSize=0, numFiles=0, totalSize=0, COLUMN_STATS_ACCURATE={"BASIC_STATS":"true","COLUMN_STATS":{"a":"true","b":"true"}}, bucketing_version=2, numFilesErasureCoded=0}, viewOriginalText:null, viewExpandedText:null, tableType:MANAGED_TABLE, privileges:PrincipalPrivilegeSet(userPrivileges:{alex=[PrivilegeGrantInfo(privilege:INSERT, createTime:-1, grantor:alex, grantorType:USER, grantOption:true), PrivilegeGrantInfo(privilege:SELECT, createTime:-1, grantor:alex, grantorType:USER, grantOption:true), PrivilegeGrantInfo(privilege:UPDATE, createTime:-1, grantor:alex, grantorType:USER, grantOption:true), PrivilegeGrantInfo(privilege:DELETE, createTime:-1, grantor:alex, grantorType:USER, grantOption:true)]}, groupPrivileges:null, rolePrivileges:null), temporary:false, catName:hive, ownerType:USER, writeId:0)	
2024-04-24T05:21:13,011  INFO [main] utils.FileUtils: Creating directory if it doesn't exist: file:/home/alex/Repositories/hive/ql/target/tmp/org.apache.hadoop.hive.ql.TestTxnNoBuckets-1713961246971/warehouse/acidtbl
2024-04-24T05:21:13,181  INFO [main] metadata.Hive: Dumping metastore api call timing information for : execution phase
2024-04-24T05:21:13,181  INFO [main] metadata.Hive: Total time spent in each metastore function (ms): {isCompatibleWith_(Configuration)=0, createTable_(Table)=176}
2024-04-24T05:21:13,181  INFO [main] ql.Driver: Completed executing command(queryId=alex_20240424052112_21641af7-39e0-424f-ad1d-b339cc1349df); Time taken: 0.179 seconds
2024-04-24T05:21:13,181  INFO [main] lockmgr.DbTxnManager: Stopped heartbeat for query: alex_20240424052112_21641af7-39e0-424f-ad1d-b339cc1349df
2024-04-24T05:21:13,186  INFO [main] txn.TxnHandler: Expected to move at least one record from txn_components to completed_txn_components when committing txn! txnid:7
2024-04-24T05:21:13,192  INFO [main] txn.TxnHandler: Removed transactions: ([7]) from MIN_HISTORY_LEVEL
2024-04-24T05:21:13,192  WARN [main] txn.CompactionTxnHandler: No compaction queue record found for Compaction type transaction commit. txnId:7
2024-04-24T05:21:13,193  INFO [main] ql.TxnCommandsBaseForTests: Running the query: create table acidTblPart(a int, b int) partitioned by (p string) clustered by (a) into 2 buckets stored as orc TBLPROPERTIES ('transactional'='true')
2024-04-24T05:21:13,193  INFO [main] ql.Driver: Compiling command(queryId=alex_20240424052113_dd839184-778b-4a49-a459-e2f44e73c1c2): create table acidTblPart(a int, b int) partitioned by (p string) clustered by (a) into 2 buckets stored as orc TBLPROPERTIES ('transactional'='true')
2024-04-24T05:21:13,197  INFO [main] txn.TxnHandler: Added entries to MIN_HISTORY_LEVEL for current txns: ([8]) with min_open_txn: 1
2024-04-24T05:21:13,197  INFO [main] lockmgr.DbTxnManager: Opened txnid:8
2024-04-24T05:21:13,198  INFO [main] parse.CalcitePlanner: Starting caching scope for: 
2024-04-24T05:21:13,198  INFO [main] parse.CalcitePlanner: Starting Semantic Analysis
2024-04-24T05:21:13,201  INFO [main] parse.CalcitePlanner: Creating table default.acidTblPart position=13
2024-04-24T05:21:13,202  INFO [main] HiveMetaStore.audit: ugi=alex	ip=unknown-ip-addr	cmd=get_database: default	
2024-04-24T05:21:13,204  INFO [main] parse.CalcitePlanner: Ending caching scope for: 
2024-04-24T05:21:13,204  INFO [main] ql.Driver: Semantic Analysis Completed (retrial = false)
2024-04-24T05:21:13,204  INFO [main] ql.Driver: Created Hive schema: Schema(fieldSchemas:null, properties:null)
2024-04-24T05:21:13,204  INFO [main] metadata.Hive: Dumping metastore api call timing information for : compilation phase
2024-04-24T05:21:13,204  INFO [main] metadata.Hive: Total time spent in each metastore function (ms): {isCompatibleWith_(Configuration)=0, flushCache_()=0, commitTxn_(CommitTxnRequest)=12, getDatabase_(String)=2, getValidTxns_(long)=1, openTxn_(String, TxnType)=3, getValidWriteIds_(List, String)=3}
2024-04-24T05:21:13,204  INFO [main] ql.Driver: Completed compiling command(queryId=alex_20240424052113_dd839184-778b-4a49-a459-e2f44e73c1c2); Time taken: 0.011 seconds
2024-04-24T05:21:13,205  INFO [main] lockmgr.DbTxnManager: Setting lock request transaction to txnid:8 for queryId=alex_20240424052113_dd839184-778b-4a49-a459-e2f44e73c1c2
2024-04-24T05:21:13,205  INFO [main] lockmgr.DbLockManager: Requesting lock for queryId=alex_20240424052113_dd839184-778b-4a49-a459-e2f44e73c1c2
2024-04-24T05:21:13,228  INFO [main] lockmgr.DbLockManager: Response to queryId=alex_20240424052113_dd839184-778b-4a49-a459-e2f44e73c1c2 LockResponse(lockid:2, state:ACQUIRED)
2024-04-24T05:21:13,228  INFO [main] ql.Driver: Operation CREATETABLE obtained 1 locks
2024-04-24T05:21:13,229  INFO [main] ql.Driver: Executing command(queryId=alex_20240424052113_dd839184-778b-4a49-a459-e2f44e73c1c2): create table acidTblPart(a int, b int) partitioned by (p string) clustered by (a) into 2 buckets stored as orc TBLPROPERTIES ('transactional'='true')
2024-04-24T05:21:13,229  INFO [main] ql.Driver: Starting task [Stage-0:DDL] in serial mode
2024-04-24T05:21:13,230  INFO [main] HiveMetaStore.audit: ugi=alex	ip=unknown-ip-addr	cmd=create_table_req: Table(tableName:acidTblPart, dbName:default, owner:alex, createTime:1713961273, lastAccessTime:0, retention:0, sd:StorageDescriptor(cols:[FieldSchema(name:a, type:int, comment:null), FieldSchema(name:b, type:int, comment:null)], location:null, inputFormat:org.apache.hadoop.hive.ql.io.orc.OrcInputFormat, outputFormat:org.apache.hadoop.hive.ql.io.orc.OrcOutputFormat, compressed:false, numBuckets:2, serdeInfo:SerDeInfo(name:null, serializationLib:org.apache.hadoop.hive.ql.io.orc.OrcSerde, parameters:{serialization.format=1}), bucketCols:[a], sortCols:[], parameters:{}, skewedInfo:SkewedInfo(skewedColNames:[], skewedColValues:[], skewedColValueLocationMaps:{}), storedAsSubDirectories:false), partitionKeys:[FieldSchema(name:p, type:string, comment:null)], parameters:{transactional=true, bucketing_version=2}, viewOriginalText:null, viewExpandedText:null, tableType:MANAGED_TABLE, privileges:PrincipalPrivilegeSet(userPrivileges:{alex=[PrivilegeGrantInfo(privilege:INSERT, createTime:-1, grantor:alex, grantorType:USER, grantOption:true), PrivilegeGrantInfo(privilege:SELECT, createTime:-1, grantor:alex, grantorType:USER, grantOption:true), PrivilegeGrantInfo(privilege:UPDATE, createTime:-1, grantor:alex, grantorType:USER, grantOption:true), PrivilegeGrantInfo(privilege:DELETE, createTime:-1, grantor:alex, grantorType:USER, grantOption:true)]}, groupPrivileges:null, rolePrivileges:null), temporary:false, catName:hive, ownerType:USER, writeId:0)	
2024-04-24T05:21:13,240  INFO [main] utils.FileUtils: Creating directory if it doesn't exist: file:/home/alex/Repositories/hive/ql/target/tmp/org.apache.hadoop.hive.ql.TestTxnNoBuckets-1713961246971/warehouse/acidtblpart
2024-04-24T05:21:13,275  INFO [main] metadata.Hive: Dumping metastore api call timing information for : execution phase
2024-04-24T05:21:13,275  INFO [main] metadata.Hive: Total time spent in each metastore function (ms): {isCompatibleWith_(Configuration)=0, createTable_(Table)=45}
2024-04-24T05:21:13,275  INFO [main] ql.Driver: Completed executing command(queryId=alex_20240424052113_dd839184-778b-4a49-a459-e2f44e73c1c2); Time taken: 0.046 seconds
2024-04-24T05:21:13,275  INFO [main] lockmgr.DbTxnManager: Stopped heartbeat for query: alex_20240424052113_dd839184-778b-4a49-a459-e2f44e73c1c2
2024-04-24T05:21:13,281  INFO [main] txn.TxnHandler: Expected to move at least one record from txn_components to completed_txn_components when committing txn! txnid:8
2024-04-24T05:21:13,289  INFO [main] txn.TxnHandler: Removed transactions: ([8]) from MIN_HISTORY_LEVEL
2024-04-24T05:21:13,290  WARN [main] txn.CompactionTxnHandler: No compaction queue record found for Compaction type transaction commit. txnId:8
2024-04-24T05:21:13,291  INFO [main] ql.TxnCommandsBaseForTests: Running the query: create table nonAcidOrcTbl(a int, b int) clustered by (a) into 2 buckets stored as orc TBLPROPERTIES ('transactional'='false')
2024-04-24T05:21:13,291  INFO [main] ql.Driver: Compiling command(queryId=alex_20240424052113_166738a3-b569-4314-905c-8a3e1196237b): create table nonAcidOrcTbl(a int, b int) clustered by (a) into 2 buckets stored as orc TBLPROPERTIES ('transactional'='false')
2024-04-24T05:21:13,295  INFO [main] txn.TxnHandler: Added entries to MIN_HISTORY_LEVEL for current txns: ([9]) with min_open_txn: 1
2024-04-24T05:21:13,295  INFO [main] lockmgr.DbTxnManager: Opened txnid:9
2024-04-24T05:21:13,296  INFO [main] parse.CalcitePlanner: Starting caching scope for: 
2024-04-24T05:21:13,296  INFO [main] parse.CalcitePlanner: Starting Semantic Analysis
2024-04-24T05:21:13,299  INFO [main] parse.CalcitePlanner: Creating table default.nonAcidOrcTbl position=13
2024-04-24T05:21:13,300  INFO [main] HiveMetaStore.audit: ugi=alex	ip=unknown-ip-addr	cmd=get_database: default	
2024-04-24T05:21:13,302  INFO [main] parse.CalcitePlanner: Ending caching scope for: 
2024-04-24T05:21:13,302  INFO [main] ql.Driver: Semantic Analysis Completed (retrial = false)
2024-04-24T05:21:13,302  INFO [main] ql.Driver: Created Hive schema: Schema(fieldSchemas:null, properties:null)
2024-04-24T05:21:13,302  INFO [main] metadata.Hive: Dumping metastore api call timing information for : compilation phase
2024-04-24T05:21:13,302  INFO [main] metadata.Hive: Total time spent in each metastore function (ms): {getValidWriteIds_(List, String)=3, getDatabase_(String)=2, commitTxn_(CommitTxnRequest)=14, getValidTxns_(long)=1, openTxn_(String, TxnType)=3, flushCache_()=0, isCompatibleWith_(Configuration)=1}
2024-04-24T05:21:13,302  INFO [main] ql.Driver: Completed compiling command(queryId=alex_20240424052113_166738a3-b569-4314-905c-8a3e1196237b); Time taken: 0.011 seconds
2024-04-24T05:21:13,302  INFO [main] lockmgr.DbTxnManager: Setting lock request transaction to txnid:9 for queryId=alex_20240424052113_166738a3-b569-4314-905c-8a3e1196237b
2024-04-24T05:21:13,303  INFO [main] lockmgr.DbLockManager: Requesting lock for queryId=alex_20240424052113_166738a3-b569-4314-905c-8a3e1196237b
2024-04-24T05:21:13,324  INFO [main] lockmgr.DbLockManager: Response to queryId=alex_20240424052113_166738a3-b569-4314-905c-8a3e1196237b LockResponse(lockid:3, state:ACQUIRED)
2024-04-24T05:21:13,324  INFO [main] ql.Driver: Operation CREATETABLE obtained 1 locks
2024-04-24T05:21:13,324  INFO [main] ql.Driver: Executing command(queryId=alex_20240424052113_166738a3-b569-4314-905c-8a3e1196237b): create table nonAcidOrcTbl(a int, b int) clustered by (a) into 2 buckets stored as orc TBLPROPERTIES ('transactional'='false')
2024-04-24T05:21:13,324  INFO [main] ql.Driver: Starting task [Stage-0:DDL] in serial mode
2024-04-24T05:21:13,326  INFO [main] HiveMetaStore.audit: ugi=alex	ip=unknown-ip-addr	cmd=create_table_req: Table(tableName:nonAcidOrcTbl, dbName:default, owner:alex, createTime:1713961273, lastAccessTime:0, retention:0, sd:StorageDescriptor(cols:[FieldSchema(name:a, type:int, comment:null), FieldSchema(name:b, type:int, comment:null)], location:null, inputFormat:org.apache.hadoop.hive.ql.io.orc.OrcInputFormat, outputFormat:org.apache.hadoop.hive.ql.io.orc.OrcOutputFormat, compressed:false, numBuckets:2, serdeInfo:SerDeInfo(name:null, serializationLib:org.apache.hadoop.hive.ql.io.orc.OrcSerde, parameters:{serialization.format=1}), bucketCols:[a], sortCols:[], parameters:{}, skewedInfo:SkewedInfo(skewedColNames:[], skewedColValues:[], skewedColValueLocationMaps:{}), storedAsSubDirectories:false), partitionKeys:[], parameters:{COLUMN_STATS_ACCURATE={"BASIC_STATS":"true","COLUMN_STATS":{"a":"true","b":"true"}}, totalSize=0, bucketing_version=2, numRows=0, rawDataSize=0, transactional=false, numFiles=0, numFilesErasureCoded=0}, viewOriginalText:null, viewExpandedText:null, tableType:MANAGED_TABLE, privileges:PrincipalPrivilegeSet(userPrivileges:{alex=[PrivilegeGrantInfo(privilege:INSERT, createTime:-1, grantor:alex, grantorType:USER, grantOption:true), PrivilegeGrantInfo(privilege:SELECT, createTime:-1, grantor:alex, grantorType:USER, grantOption:true), PrivilegeGrantInfo(privilege:UPDATE, createTime:-1, grantor:alex, grantorType:USER, grantOption:true), PrivilegeGrantInfo(privilege:DELETE, createTime:-1, grantor:alex, grantorType:USER, grantOption:true)]}, groupPrivileges:null, rolePrivileges:null), temporary:false, catName:hive, ownerType:USER)	
2024-04-24T05:21:13,336  INFO [main] utils.FileUtils: Creating directory if it doesn't exist: file:/home/alex/Repositories/hive/ql/target/tmp/org.apache.hadoop.hive.ql.TestTxnNoBuckets-1713961246971/warehouse/nonacidorctbl
2024-04-24T05:21:13,357  INFO [main] metadata.Hive: Dumping metastore api call timing information for : execution phase
2024-04-24T05:21:13,357  INFO [main] metadata.Hive: Total time spent in each metastore function (ms): {isCompatibleWith_(Configuration)=1, createTable_(Table)=31}
2024-04-24T05:21:13,358  INFO [main] ql.Driver: Completed executing command(queryId=alex_20240424052113_166738a3-b569-4314-905c-8a3e1196237b); Time taken: 0.033 seconds
2024-04-24T05:21:13,358  INFO [main] lockmgr.DbTxnManager: Stopped heartbeat for query: alex_20240424052113_166738a3-b569-4314-905c-8a3e1196237b
2024-04-24T05:21:13,362  INFO [main] txn.TxnHandler: Expected to move at least one record from txn_components to completed_txn_components when committing txn! txnid:9
2024-04-24T05:21:13,368  INFO [main] txn.TxnHandler: Removed transactions: ([9]) from MIN_HISTORY_LEVEL
2024-04-24T05:21:13,368  WARN [main] txn.CompactionTxnHandler: No compaction queue record found for Compaction type transaction commit. txnId:9
2024-04-24T05:21:13,369  INFO [main] ql.TxnCommandsBaseForTests: Running the query: create table nonAcidOrcTbl2(a int, b int) clustered by (a) into 2 buckets stored as orc TBLPROPERTIES ('transactional'='false')
2024-04-24T05:21:13,369  INFO [main] ql.Driver: Compiling command(queryId=alex_20240424052113_78478256-18bb-40e2-82fa-730c8853d1f4): create table nonAcidOrcTbl2(a int, b int) clustered by (a) into 2 buckets stored as orc TBLPROPERTIES ('transactional'='false')
2024-04-24T05:21:13,372  INFO [main] txn.TxnHandler: Added entries to MIN_HISTORY_LEVEL for current txns: ([10]) with min_open_txn: 1
2024-04-24T05:21:13,372  INFO [main] lockmgr.DbTxnManager: Opened txnid:10
2024-04-24T05:21:13,373  INFO [main] parse.CalcitePlanner: Starting caching scope for: 
2024-04-24T05:21:13,373  INFO [main] parse.CalcitePlanner: Starting Semantic Analysis
2024-04-24T05:21:13,376  INFO [main] parse.CalcitePlanner: Creating table default.nonAcidOrcTbl2 position=13
2024-04-24T05:21:13,376  INFO [main] HiveMetaStore.audit: ugi=alex	ip=unknown-ip-addr	cmd=get_database: default	
2024-04-24T05:21:13,378  INFO [main] parse.CalcitePlanner: Ending caching scope for: 
2024-04-24T05:21:13,379  INFO [main] ql.Driver: Semantic Analysis Completed (retrial = false)
2024-04-24T05:21:13,379  INFO [main] ql.Driver: Created Hive schema: Schema(fieldSchemas:null, properties:null)
2024-04-24T05:21:13,379  INFO [main] metadata.Hive: Dumping metastore api call timing information for : compilation phase
2024-04-24T05:21:13,379  INFO [main] metadata.Hive: Total time spent in each metastore function (ms): {flushCache_()=1, isCompatibleWith_(Configuration)=0, commitTxn_(CommitTxnRequest)=10, getDatabase_(String)=2, openTxn_(String, TxnType)=2, getValidWriteIds_(List, String)=2, getValidTxns_(long)=0}
2024-04-24T05:21:13,379  INFO [main] ql.Driver: Completed compiling command(queryId=alex_20240424052113_78478256-18bb-40e2-82fa-730c8853d1f4); Time taken: 0.01 seconds
2024-04-24T05:21:13,380  INFO [main] lockmgr.DbTxnManager: Setting lock request transaction to txnid:10 for queryId=alex_20240424052113_78478256-18bb-40e2-82fa-730c8853d1f4
2024-04-24T05:21:13,380  INFO [main] lockmgr.DbLockManager: Requesting lock for queryId=alex_20240424052113_78478256-18bb-40e2-82fa-730c8853d1f4
2024-04-24T05:21:13,397  INFO [main] lockmgr.DbLockManager: Response to queryId=alex_20240424052113_78478256-18bb-40e2-82fa-730c8853d1f4 LockResponse(lockid:4, state:ACQUIRED)
2024-04-24T05:21:13,397  INFO [main] ql.Driver: Operation CREATETABLE obtained 1 locks
2024-04-24T05:21:13,397  INFO [main] ql.Driver: Executing command(queryId=alex_20240424052113_78478256-18bb-40e2-82fa-730c8853d1f4): create table nonAcidOrcTbl2(a int, b int) clustered by (a) into 2 buckets stored as orc TBLPROPERTIES ('transactional'='false')
2024-04-24T05:21:13,397  INFO [main] ql.Driver: Starting task [Stage-0:DDL] in serial mode
2024-04-24T05:21:13,398  INFO [main] HiveMetaStore.audit: ugi=alex	ip=unknown-ip-addr	cmd=create_table_req: Table(tableName:nonAcidOrcTbl2, dbName:default, owner:alex, createTime:1713961273, lastAccessTime:0, retention:0, sd:StorageDescriptor(cols:[FieldSchema(name:a, type:int, comment:null), FieldSchema(name:b, type:int, comment:null)], location:null, inputFormat:org.apache.hadoop.hive.ql.io.orc.OrcInputFormat, outputFormat:org.apache.hadoop.hive.ql.io.orc.OrcOutputFormat, compressed:false, numBuckets:2, serdeInfo:SerDeInfo(name:null, serializationLib:org.apache.hadoop.hive.ql.io.orc.OrcSerde, parameters:{serialization.format=1}), bucketCols:[a], sortCols:[], parameters:{}, skewedInfo:SkewedInfo(skewedColNames:[], skewedColValues:[], skewedColValueLocationMaps:{}), storedAsSubDirectories:false), partitionKeys:[], parameters:{numRows=0, transactional=false, numFilesErasureCoded=0, numFiles=0, rawDataSize=0, totalSize=0, bucketing_version=2, COLUMN_STATS_ACCURATE={"BASIC_STATS":"true","COLUMN_STATS":{"a":"true","b":"true"}}}, viewOriginalText:null, viewExpandedText:null, tableType:MANAGED_TABLE, privileges:PrincipalPrivilegeSet(userPrivileges:{alex=[PrivilegeGrantInfo(privilege:INSERT, createTime:-1, grantor:alex, grantorType:USER, grantOption:true), PrivilegeGrantInfo(privilege:SELECT, createTime:-1, grantor:alex, grantorType:USER, grantOption:true), PrivilegeGrantInfo(privilege:UPDATE, createTime:-1, grantor:alex, grantorType:USER, grantOption:true), PrivilegeGrantInfo(privilege:DELETE, createTime:-1, grantor:alex, grantorType:USER, grantOption:true)]}, groupPrivileges:null, rolePrivileges:null), temporary:false, catName:hive, ownerType:USER)	
2024-04-24T05:21:13,405  INFO [main] utils.FileUtils: Creating directory if it doesn't exist: file:/home/alex/Repositories/hive/ql/target/tmp/org.apache.hadoop.hive.ql.TestTxnNoBuckets-1713961246971/warehouse/nonacidorctbl2
2024-04-24T05:21:13,422  INFO [main] metadata.Hive: Dumping metastore api call timing information for : execution phase
2024-04-24T05:21:13,422  INFO [main] metadata.Hive: Total time spent in each metastore function (ms): {createTable_(Table)=24, isCompatibleWith_(Configuration)=0}
2024-04-24T05:21:13,422  INFO [main] ql.Driver: Completed executing command(queryId=alex_20240424052113_78478256-18bb-40e2-82fa-730c8853d1f4); Time taken: 0.025 seconds
2024-04-24T05:21:13,422  INFO [main] lockmgr.DbTxnManager: Stopped heartbeat for query: alex_20240424052113_78478256-18bb-40e2-82fa-730c8853d1f4
2024-04-24T05:21:13,427  INFO [main] txn.TxnHandler: Expected to move at least one record from txn_components to completed_txn_components when committing txn! txnid:10
2024-04-24T05:21:13,433  INFO [main] txn.TxnHandler: Removed transactions: ([10]) from MIN_HISTORY_LEVEL
2024-04-24T05:21:13,433  WARN [main] txn.CompactionTxnHandler: No compaction queue record found for Compaction type transaction commit. txnId:10
2024-04-24T05:21:13,434  INFO [main] ql.TxnCommandsBaseForTests: Running the query: create temporary  table acidTbl2(a int, b int, c int) clustered by (c) into 2 buckets stored as orc TBLPROPERTIES ('transactional'='true')
2024-04-24T05:21:13,435  INFO [main] ql.Driver: Compiling command(queryId=alex_20240424052113_f2e26b3a-b14d-45e1-bf69-b685db9e29a1): create temporary  table acidTbl2(a int, b int, c int) clustered by (c) into 2 buckets stored as orc TBLPROPERTIES ('transactional'='true')
2024-04-24T05:21:13,438  INFO [main] txn.TxnHandler: Added entries to MIN_HISTORY_LEVEL for current txns: ([11]) with min_open_txn: 1
2024-04-24T05:21:13,438  INFO [main] lockmgr.DbTxnManager: Opened txnid:11
2024-04-24T05:21:13,439  INFO [main] parse.CalcitePlanner: Starting caching scope for: 
2024-04-24T05:21:13,439  INFO [main] parse.CalcitePlanner: Starting Semantic Analysis
2024-04-24T05:21:13,442  INFO [main] parse.CalcitePlanner: Creating table default.acidTbl2 position=24
2024-04-24T05:21:13,443  INFO [main] HiveMetaStore.audit: ugi=alex	ip=unknown-ip-addr	cmd=get_database: default	
2024-04-24T05:21:13,444  INFO [main] parse.CalcitePlanner: Ending caching scope for: 
2024-04-24T05:21:13,444  INFO [main] ql.Driver: Semantic Analysis Completed (retrial = false)
2024-04-24T05:21:13,444  INFO [main] ql.Driver: Created Hive schema: Schema(fieldSchemas:null, properties:null)
2024-04-24T05:21:13,445  INFO [main] metadata.Hive: Dumping metastore api call timing information for : compilation phase
2024-04-24T05:21:13,445  INFO [main] metadata.Hive: Total time spent in each metastore function (ms): {getDatabase_(String)=2, openTxn_(String, TxnType)=3, commitTxn_(CommitTxnRequest)=12, flushCache_()=0, getValidWriteIds_(List, String)=2, getValidTxns_(long)=1, isCompatibleWith_(Configuration)=0}
2024-04-24T05:21:13,445  INFO [main] ql.Driver: Completed compiling command(queryId=alex_20240424052113_f2e26b3a-b14d-45e1-bf69-b685db9e29a1); Time taken: 0.01 seconds
2024-04-24T05:21:13,445  INFO [main] lockmgr.DbTxnManager: Setting lock request transaction to txnid:11 for queryId=alex_20240424052113_f2e26b3a-b14d-45e1-bf69-b685db9e29a1
2024-04-24T05:21:13,445  INFO [main] lockmgr.DbLockManager: Requesting lock for queryId=alex_20240424052113_f2e26b3a-b14d-45e1-bf69-b685db9e29a1
2024-04-24T05:21:13,461  INFO [main] lockmgr.DbLockManager: Response to queryId=alex_20240424052113_f2e26b3a-b14d-45e1-bf69-b685db9e29a1 LockResponse(lockid:5, state:ACQUIRED)
2024-04-24T05:21:13,461  INFO [main] ql.Driver: Operation CREATETABLE obtained 1 locks
2024-04-24T05:21:13,462  INFO [main] ql.Driver: Executing command(queryId=alex_20240424052113_f2e26b3a-b14d-45e1-bf69-b685db9e29a1): create temporary  table acidTbl2(a int, b int, c int) clustered by (c) into 2 buckets stored as orc TBLPROPERTIES ('transactional'='true')
2024-04-24T05:21:13,462  INFO [main] ql.Driver: Starting task [Stage-0:DDL] in serial mode
2024-04-24T05:21:13,463  INFO [main] utils.FileUtils: Creating directory if it doesn't exist: file:/home/alex/Repositories/hive/ql/target/tmp/scratchdir/alex/d5a4d20d-09e1-4bfd-b1f6-f0e7b6b7b109/_tmp_space.db/f3ea844a-2ffb-43a7-b737-da8c6309ca50
2024-04-24T05:21:13,466  INFO [main] metadata.Hive: Dumping metastore api call timing information for : execution phase
2024-04-24T05:21:13,466  INFO [main] metadata.Hive: Total time spent in each metastore function (ms): {createTable_(Table)=3, isCompatibleWith_(Configuration)=0}
2024-04-24T05:21:13,466  INFO [main] ql.Driver: Completed executing command(queryId=alex_20240424052113_f2e26b3a-b14d-45e1-bf69-b685db9e29a1); Time taken: 0.004 seconds
2024-04-24T05:21:13,466  INFO [main] lockmgr.DbTxnManager: Stopped heartbeat for query: alex_20240424052113_f2e26b3a-b14d-45e1-bf69-b685db9e29a1
2024-04-24T05:21:13,470  INFO [main] txn.TxnHandler: Expected to move at least one record from txn_components to completed_txn_components when committing txn! txnid:11
2024-04-24T05:21:13,476  INFO [main] txn.TxnHandler: Removed transactions: ([11]) from MIN_HISTORY_LEVEL
2024-04-24T05:21:13,476  WARN [main] txn.CompactionTxnHandler: No compaction queue record found for Compaction type transaction commit. txnId:11
2024-04-24T05:21:13,477  INFO [main] ql.TxnCommandsBaseForTests: Running the query: create table nonAcidNonBucket(a int, b int) stored as orc TBLPROPERTIES ('transactional'='false')
2024-04-24T05:21:13,477  INFO [main] ql.Driver: Compiling command(queryId=alex_20240424052113_7a2d6444-507f-4ebe-b286-2437d853c358): create table nonAcidNonBucket(a int, b int) stored as orc TBLPROPERTIES ('transactional'='false')
2024-04-24T05:21:13,480  INFO [main] txn.TxnHandler: Added entries to MIN_HISTORY_LEVEL for current txns: ([12]) with min_open_txn: 1
2024-04-24T05:21:13,480  INFO [main] lockmgr.DbTxnManager: Opened txnid:12
2024-04-24T05:21:13,481  INFO [main] parse.CalcitePlanner: Starting caching scope for: 
2024-04-24T05:21:13,481  INFO [main] parse.CalcitePlanner: Starting Semantic Analysis
2024-04-24T05:21:13,484  INFO [main] parse.CalcitePlanner: Creating table default.nonAcidNonBucket position=13
2024-04-24T05:21:13,484  INFO [main] HiveMetaStore.audit: ugi=alex	ip=unknown-ip-addr	cmd=get_database: default	
2024-04-24T05:21:13,485  INFO [main] parse.CalcitePlanner: Ending caching scope for: 
2024-04-24T05:21:13,485  INFO [main] ql.Driver: Semantic Analysis Completed (retrial = false)
2024-04-24T05:21:13,486  INFO [main] ql.Driver: Created Hive schema: Schema(fieldSchemas:null, properties:null)
2024-04-24T05:21:13,486  INFO [main] metadata.Hive: Dumping metastore api call timing information for : compilation phase
2024-04-24T05:21:13,486  INFO [main] metadata.Hive: Total time spent in each metastore function (ms): {commitTxn_(CommitTxnRequest)=10, getDatabase_(String)=1, isCompatibleWith_(Configuration)=1, openTxn_(String, TxnType)=2, getValidTxns_(long)=0, getValidWriteIds_(List, String)=2, flushCache_()=0}
2024-04-24T05:21:13,486  INFO [main] ql.Driver: Completed compiling command(queryId=alex_20240424052113_7a2d6444-507f-4ebe-b286-2437d853c358); Time taken: 0.009 seconds
2024-04-24T05:21:13,486  INFO [main] lockmgr.DbTxnManager: Setting lock request transaction to txnid:12 for queryId=alex_20240424052113_7a2d6444-507f-4ebe-b286-2437d853c358
2024-04-24T05:21:13,486  INFO [main] lockmgr.DbLockManager: Requesting lock for queryId=alex_20240424052113_7a2d6444-507f-4ebe-b286-2437d853c358
2024-04-24T05:21:13,503  INFO [main] lockmgr.DbLockManager: Response to queryId=alex_20240424052113_7a2d6444-507f-4ebe-b286-2437d853c358 LockResponse(lockid:6, state:ACQUIRED)
2024-04-24T05:21:13,503  INFO [main] ql.Driver: Operation CREATETABLE obtained 1 locks
2024-04-24T05:21:13,503  INFO [main] ql.Driver: Executing command(queryId=alex_20240424052113_7a2d6444-507f-4ebe-b286-2437d853c358): create table nonAcidNonBucket(a int, b int) stored as orc TBLPROPERTIES ('transactional'='false')
2024-04-24T05:21:13,503  INFO [main] ql.Driver: Starting task [Stage-0:DDL] in serial mode
2024-04-24T05:21:13,504  INFO [main] HiveMetaStore.audit: ugi=alex	ip=unknown-ip-addr	cmd=create_table_req: Table(tableName:nonAcidNonBucket, dbName:default, owner:alex, createTime:1713961273, lastAccessTime:0, retention:0, sd:StorageDescriptor(cols:[FieldSchema(name:a, type:int, comment:null), FieldSchema(name:b, type:int, comment:null)], location:null, inputFormat:org.apache.hadoop.hive.ql.io.orc.OrcInputFormat, outputFormat:org.apache.hadoop.hive.ql.io.orc.OrcOutputFormat, compressed:false, numBuckets:-1, serdeInfo:SerDeInfo(name:null, serializationLib:org.apache.hadoop.hive.ql.io.orc.OrcSerde, parameters:{serialization.format=1}), bucketCols:[], sortCols:[], parameters:{}, skewedInfo:SkewedInfo(skewedColNames:[], skewedColValues:[], skewedColValueLocationMaps:{}), storedAsSubDirectories:false), partitionKeys:[], parameters:{rawDataSize=0, transactional=false, numFiles=0, totalSize=0, COLUMN_STATS_ACCURATE={"BASIC_STATS":"true","COLUMN_STATS":{"a":"true","b":"true"}}, numFilesErasureCoded=0, numRows=0, bucketing_version=2}, viewOriginalText:null, viewExpandedText:null, tableType:MANAGED_TABLE, privileges:PrincipalPrivilegeSet(userPrivileges:{alex=[PrivilegeGrantInfo(privilege:INSERT, createTime:-1, grantor:alex, grantorType:USER, grantOption:true), PrivilegeGrantInfo(privilege:SELECT, createTime:-1, grantor:alex, grantorType:USER, grantOption:true), PrivilegeGrantInfo(privilege:UPDATE, createTime:-1, grantor:alex, grantorType:USER, grantOption:true), PrivilegeGrantInfo(privilege:DELETE, createTime:-1, grantor:alex, grantorType:USER, grantOption:true)]}, groupPrivileges:null, rolePrivileges:null), temporary:false, catName:hive, ownerType:USER)	
2024-04-24T05:21:13,510  INFO [main] utils.FileUtils: Creating directory if it doesn't exist: file:/home/alex/Repositories/hive/ql/target/tmp/org.apache.hadoop.hive.ql.TestTxnNoBuckets-1713961246971/warehouse/nonacidnonbucket
2024-04-24T05:21:13,528  INFO [main] metadata.Hive: Dumping metastore api call timing information for : execution phase
2024-04-24T05:21:13,528  INFO [main] metadata.Hive: Total time spent in each metastore function (ms): {createTable_(Table)=24, isCompatibleWith_(Configuration)=0}
2024-04-24T05:21:13,529  INFO [main] ql.Driver: Completed executing command(queryId=alex_20240424052113_7a2d6444-507f-4ebe-b286-2437d853c358); Time taken: 0.025 seconds
2024-04-24T05:21:13,529  INFO [main] lockmgr.DbTxnManager: Stopped heartbeat for query: alex_20240424052113_7a2d6444-507f-4ebe-b286-2437d853c358
2024-04-24T05:21:13,533  INFO [main] txn.TxnHandler: Expected to move at least one record from txn_components to completed_txn_components when committing txn! txnid:12
2024-04-24T05:21:13,539  INFO [main] txn.TxnHandler: Removed transactions: ([12]) from MIN_HISTORY_LEVEL
2024-04-24T05:21:13,539  WARN [main] txn.CompactionTxnHandler: No compaction queue record found for Compaction type transaction commit. txnId:12
2024-04-24T05:21:13,540  INFO [main] ql.TxnCommandsBaseForTests: Running the query: drop table if exists tmp
2024-04-24T05:21:13,540  INFO [main] ql.Driver: Compiling command(queryId=alex_20240424052113_a77fb7c6-4c79-4464-8167-9600f8908bdb): drop table if exists tmp
2024-04-24T05:21:13,543  INFO [main] txn.TxnHandler: Added entries to MIN_HISTORY_LEVEL for current txns: ([13]) with min_open_txn: 1
2024-04-24T05:21:13,543  INFO [main] lockmgr.DbTxnManager: Opened txnid:13
2024-04-24T05:21:13,544  INFO [main] HiveMetaStore.audit: ugi=alex	ip=unknown-ip-addr	cmd=get_table : tbl=hive.default.tmp	
2024-04-24T05:21:13,547  INFO [main] ql.Driver: Semantic Analysis Completed (retrial = false)
2024-04-24T05:21:13,547  INFO [main] ql.Driver: Created Hive schema: Schema(fieldSchemas:null, properties:null)
2024-04-24T05:21:13,547  INFO [main] metadata.Hive: Dumping metastore api call timing information for : compilation phase
2024-04-24T05:21:13,547  INFO [main] metadata.Hive: Total time spent in each metastore function (ms): {flushCache_()=0, commitTxn_(CommitTxnRequest)=11, getValidTxns_(long)=1, openTxn_(String, TxnType)=2, isCompatibleWith_(Configuration)=0}
2024-04-24T05:21:13,547  INFO [main] ql.Driver: Completed compiling command(queryId=alex_20240424052113_a77fb7c6-4c79-4464-8167-9600f8908bdb); Time taken: 0.007 seconds
2024-04-24T05:21:13,548  INFO [main] lockmgr.DbTxnManager: Setting lock request transaction to txnid:13 for queryId=alex_20240424052113_a77fb7c6-4c79-4464-8167-9600f8908bdb
2024-04-24T05:21:13,548  INFO [main] ql.Driver: Operation DROPTABLE obtained 0 locks
2024-04-24T05:21:13,548  INFO [main] ql.Driver: Executing command(queryId=alex_20240424052113_a77fb7c6-4c79-4464-8167-9600f8908bdb): drop table if exists tmp
2024-04-24T05:21:13,548  INFO [main] ql.Driver: Starting task [Stage-0:DDL] in serial mode
2024-04-24T05:21:13,548  INFO [main] HiveMetaStore.audit: ugi=alex	ip=unknown-ip-addr	cmd=get_table : tbl=hive.default.tmp	
2024-04-24T05:21:13,552  INFO [main] metadata.Hive: Dumping metastore api call timing information for : execution phase
2024-04-24T05:21:13,552  INFO [main] metadata.Hive: Total time spent in each metastore function (ms): {isCompatibleWith_(Configuration)=0}
2024-04-24T05:21:13,553  INFO [main] ql.Driver: Completed executing command(queryId=alex_20240424052113_a77fb7c6-4c79-4464-8167-9600f8908bdb); Time taken: 0.004 seconds
2024-04-24T05:21:13,553  INFO [main] lockmgr.DbTxnManager: Stopped heartbeat for query: alex_20240424052113_a77fb7c6-4c79-4464-8167-9600f8908bdb
2024-04-24T05:21:13,557  INFO [main] txn.TxnHandler: Expected to move at least one record from txn_components to completed_txn_components when committing txn! txnid:13
2024-04-24T05:21:13,563  INFO [main] txn.TxnHandler: Removed transactions: ([13]) from MIN_HISTORY_LEVEL
2024-04-24T05:21:13,563  WARN [main] txn.CompactionTxnHandler: No compaction queue record found for Compaction type transaction commit. txnId:13
2024-04-24T05:21:13,564  INFO [main] ql.TxnCommandsBaseForTests: Running the query: create table tmp (c1 integer, c2 integer) partitioned by (c3 integer) stored as orc tblproperties('transactional'='false')
2024-04-24T05:21:13,564  INFO [main] ql.Driver: Compiling command(queryId=alex_20240424052113_89545ca6-c1fc-4aff-b50b-1caefd39bc9a): create table tmp (c1 integer, c2 integer) partitioned by (c3 integer) stored as orc tblproperties('transactional'='false')
2024-04-24T05:21:13,567  INFO [main] txn.TxnHandler: Added entries to MIN_HISTORY_LEVEL for current txns: ([14]) with min_open_txn: 1
2024-04-24T05:21:13,567  INFO [main] lockmgr.DbTxnManager: Opened txnid:14
2024-04-24T05:21:13,568  INFO [main] parse.CalcitePlanner: Starting caching scope for: 
2024-04-24T05:21:13,568  INFO [main] parse.CalcitePlanner: Starting Semantic Analysis
2024-04-24T05:21:13,571  INFO [main] parse.CalcitePlanner: Creating table default.tmp position=13
2024-04-24T05:21:13,571  INFO [main] HiveMetaStore.audit: ugi=alex	ip=unknown-ip-addr	cmd=get_database: default	
2024-04-24T05:21:13,572  INFO [main] parse.CalcitePlanner: Ending caching scope for: 
2024-04-24T05:21:13,572  INFO [main] ql.Driver: Semantic Analysis Completed (retrial = false)
2024-04-24T05:21:13,573  INFO [main] ql.Driver: Created Hive schema: Schema(fieldSchemas:null, properties:null)
2024-04-24T05:21:13,573  INFO [main] metadata.Hive: Dumping metastore api call timing information for : compilation phase
2024-04-24T05:21:13,573  INFO [main] metadata.Hive: Total time spent in each metastore function (ms): {openTxn_(String, TxnType)=2, commitTxn_(CommitTxnRequest)=11, getDatabase_(String)=1, getValidTxns_(long)=0, getValidWriteIds_(List, String)=3, isCompatibleWith_(Configuration)=0, flushCache_()=0}
2024-04-24T05:21:13,573  INFO [main] ql.Driver: Completed compiling command(queryId=alex_20240424052113_89545ca6-c1fc-4aff-b50b-1caefd39bc9a); Time taken: 0.009 seconds
2024-04-24T05:21:13,573  INFO [main] lockmgr.DbTxnManager: Setting lock request transaction to txnid:14 for queryId=alex_20240424052113_89545ca6-c1fc-4aff-b50b-1caefd39bc9a
2024-04-24T05:21:13,573  INFO [main] lockmgr.DbLockManager: Requesting lock for queryId=alex_20240424052113_89545ca6-c1fc-4aff-b50b-1caefd39bc9a
2024-04-24T05:21:13,589  INFO [main] lockmgr.DbLockManager: Response to queryId=alex_20240424052113_89545ca6-c1fc-4aff-b50b-1caefd39bc9a LockResponse(lockid:7, state:ACQUIRED)
2024-04-24T05:21:13,589  INFO [main] ql.Driver: Operation CREATETABLE obtained 1 locks
2024-04-24T05:21:13,589  INFO [main] ql.Driver: Executing command(queryId=alex_20240424052113_89545ca6-c1fc-4aff-b50b-1caefd39bc9a): create table tmp (c1 integer, c2 integer) partitioned by (c3 integer) stored as orc tblproperties('transactional'='false')
2024-04-24T05:21:13,589  INFO [main] ql.Driver: Starting task [Stage-0:DDL] in serial mode
2024-04-24T05:21:13,590  INFO [main] HiveMetaStore.audit: ugi=alex	ip=unknown-ip-addr	cmd=create_table_req: Table(tableName:tmp, dbName:default, owner:alex, createTime:1713961273, lastAccessTime:0, retention:0, sd:StorageDescriptor(cols:[FieldSchema(name:c1, type:int, comment:null), FieldSchema(name:c2, type:int, comment:null)], location:null, inputFormat:org.apache.hadoop.hive.ql.io.orc.OrcInputFormat, outputFormat:org.apache.hadoop.hive.ql.io.orc.OrcOutputFormat, compressed:false, numBuckets:-1, serdeInfo:SerDeInfo(name:null, serializationLib:org.apache.hadoop.hive.ql.io.orc.OrcSerde, parameters:{serialization.format=1}), bucketCols:[], sortCols:[], parameters:{}, skewedInfo:SkewedInfo(skewedColNames:[], skewedColValues:[], skewedColValueLocationMaps:{}), storedAsSubDirectories:false), partitionKeys:[FieldSchema(name:c3, type:int, comment:null)], parameters:{transactional=false, bucketing_version=2}, viewOriginalText:null, viewExpandedText:null, tableType:MANAGED_TABLE, privileges:PrincipalPrivilegeSet(userPrivileges:{alex=[PrivilegeGrantInfo(privilege:INSERT, createTime:-1, grantor:alex, grantorType:USER, grantOption:true), PrivilegeGrantInfo(privilege:SELECT, createTime:-1, grantor:alex, grantorType:USER, grantOption:true), PrivilegeGrantInfo(privilege:UPDATE, createTime:-1, grantor:alex, grantorType:USER, grantOption:true), PrivilegeGrantInfo(privilege:DELETE, createTime:-1, grantor:alex, grantorType:USER, grantOption:true)]}, groupPrivileges:null, rolePrivileges:null), temporary:false, catName:hive, ownerType:USER)	
2024-04-24T05:21:13,595  INFO [main] utils.FileUtils: Creating directory if it doesn't exist: file:/home/alex/Repositories/hive/ql/target/tmp/org.apache.hadoop.hive.ql.TestTxnNoBuckets-1713961246971/warehouse/tmp
2024-04-24T05:21:13,611  INFO [main] metadata.Hive: Dumping metastore api call timing information for : execution phase
2024-04-24T05:21:13,611  INFO [main] metadata.Hive: Total time spent in each metastore function (ms): {isCompatibleWith_(Configuration)=0, createTable_(Table)=21}
2024-04-24T05:21:13,611  INFO [main] ql.Driver: Completed executing command(queryId=alex_20240424052113_89545ca6-c1fc-4aff-b50b-1caefd39bc9a); Time taken: 0.022 seconds
2024-04-24T05:21:13,611  INFO [main] lockmgr.DbTxnManager: Stopped heartbeat for query: alex_20240424052113_89545ca6-c1fc-4aff-b50b-1caefd39bc9a
2024-04-24T05:21:13,615  INFO [main] txn.TxnHandler: Expected to move at least one record from txn_components to completed_txn_components when committing txn! txnid:14
2024-04-24T05:21:13,621  INFO [main] txn.TxnHandler: Removed transactions: ([14]) from MIN_HISTORY_LEVEL
2024-04-24T05:21:13,622  WARN [main] txn.CompactionTxnHandler: No compaction queue record found for Compaction type transaction commit. txnId:14
2024-04-24T05:21:13,623  INFO [main] ql.TxnCommandsBaseForTests: Running the query: insert into tmp  values(0,0,0),(3,3,3)
2024-04-24T05:21:13,623  INFO [main] ql.Driver: Compiling command(queryId=alex_20240424052113_45a3726e-9bc7-4221-898a-abee015690ee): insert into tmp  values(0,0,0),(3,3,3)
2024-04-24T05:21:13,626  INFO [main] txn.TxnHandler: Added entries to MIN_HISTORY_LEVEL for current txns: ([15]) with min_open_txn: 1
2024-04-24T05:21:13,626  INFO [main] lockmgr.DbTxnManager: Opened txnid:15
2024-04-24T05:21:13,627  INFO [main] parse.CalcitePlanner: Starting caching scope for: 
2024-04-24T05:21:13,627  INFO [main] parse.CalcitePlanner: Starting Semantic Analysis
2024-04-24T05:21:13,630  INFO [main] HiveMetaStore.audit: ugi=alex	ip=unknown-ip-addr	cmd=get_table : tbl=hive.default.tmp	
2024-04-24T05:21:13,673  INFO [main] metastore.HMSHandler: Skipping translation for processor with null
2024-04-24T05:21:13,673  INFO [main] parse.CalcitePlanner: Completed phase 1 of Semantic Analysis
2024-04-24T05:21:13,673  INFO [main] parse.CalcitePlanner: Get metadata for source tables
2024-04-24T05:21:13,673  INFO [main] parse.CalcitePlanner: Get metadata for subqueries
2024-04-24T05:21:13,673  INFO [main] parse.CalcitePlanner: Get metadata for destination tables
2024-04-24T05:21:13,674  INFO [main] HiveMetaStore.audit: ugi=alex	ip=unknown-ip-addr	cmd=get_table : tbl=hive.default.tmp	
2024-04-24T05:21:13,686  INFO [main] metastore.HMSHandler: Skipping translation for processor with null
2024-04-24T05:21:13,687  INFO [main] parse.CalcitePlanner: Completed getting MetaData in Semantic Analysis
2024-04-24T05:21:13,687  INFO [main] parse.CalcitePlanner: Disabling LLAP IO encode as ETL query is detected
2024-04-24T05:21:13,709  INFO [main] HiveMetaStore.audit: ugi=alex	ip=unknown-ip-addr	cmd=get_all_table_constraints : tbl=hive._dummy_database._dummy_table	
2024-04-24T05:21:13,796  INFO [main] parse.CalcitePlanner: Get metadata for source tables
2024-04-24T05:21:13,796  INFO [main] parse.CalcitePlanner: Get metadata for subqueries
2024-04-24T05:21:13,796  INFO [main] parse.CalcitePlanner: Get metadata for source tables
2024-04-24T05:21:13,797  INFO [main] HiveMetaStore.audit: ugi=alex	ip=unknown-ip-addr	cmd=get_table : tbl=hive._dummy_database._dummy_table	
2024-04-24T05:21:13,799  INFO [main] parse.CalcitePlanner: Get metadata for subqueries
2024-04-24T05:21:13,799  INFO [main] parse.CalcitePlanner: Get metadata for destination tables
2024-04-24T05:21:13,799  INFO [main] parse.CalcitePlanner: Get metadata for destination tables
2024-04-24T05:21:13,800  INFO [main] HiveMetaStore.audit: ugi=alex	ip=unknown-ip-addr	cmd=get_table : tbl=hive.default.tmp	
2024-04-24T05:21:13,810  INFO [main] metastore.HMSHandler: Skipping translation for processor with null
2024-04-24T05:21:13,813  INFO [main] common.FileUtils: Creating directory if it doesn't exist: file:/home/alex/Repositories/hive/ql/target/tmp/org.apache.hadoop.hive.ql.TestTxnNoBuckets-1713961246971/warehouse/tmp/.hive-staging_hive_2024-04-24_05-21-13_623_8941277399492654159-1
2024-04-24T05:21:13,816  INFO [main] HiveMetaStore.audit: ugi=alex	ip=unknown-ip-addr	cmd=get_not_null_constraints : tbl=hive.default.tmp	
2024-04-24T05:21:13,817  INFO [main] HiveMetaStore.audit: ugi=alex	ip=unknown-ip-addr	cmd=get_check_constraints : tbl=hive.default.tmp	
2024-04-24T05:21:13,819  INFO [main] parse.CalcitePlanner: CBO Succeeded; optimized logical plan.
2024-04-24T05:21:13,822  INFO [main] optimizer.BucketVersionPopulator: not considering bucketingVersion for: TS[0] because it has -1<2 buckets 
2024-04-24T05:21:13,823  INFO [main] optimizer.SortedDynPartitionOptimizer: Sorted dynamic partitioning optimization kicked in..
2024-04-24T05:21:13,824  INFO [main] optimizer.SortedDynPartitionOptimizer: Inserted RS_5 and SEL_6 as parent of FS_4 and child of SEL_3
2024-04-24T05:21:13,833  INFO [main] HiveMetaStore.audit: ugi=alex	ip=unknown-ip-addr	cmd=get_table : tbl=hive.default.tmp	
2024-04-24T05:21:13,842  INFO [main] metastore.HMSHandler: Skipping translation for processor with null
2024-04-24T05:21:13,843  INFO [main] parse.CalcitePlanner: Completed plan generation
2024-04-24T05:21:13,843  INFO [main] parse.CalcitePlanner: Ending caching scope for: 
2024-04-24T05:21:13,843  INFO [main] ql.Driver: Semantic Analysis Completed (retrial = false)
2024-04-24T05:21:13,843  INFO [main] ql.Driver: Created Hive schema: Schema(fieldSchemas:[FieldSchema(name:col1, type:int, comment:null), FieldSchema(name:col2, type:int, comment:null), FieldSchema(name:col3, type:int, comment:null)], properties:null)
2024-04-24T05:21:13,843  INFO [main] metadata.Hive: Dumping metastore api call timing information for : compilation phase
2024-04-24T05:21:13,844  INFO [main] metadata.Hive: Total time spent in each metastore function (ms): {getNotNullConstraints_(NotNullConstraintsRequest)=1, flushCache_()=0, getTable_(GetTableRequest)=76, getValidTxns_(long)=0, getCheckConstraints_(CheckConstraintsRequest)=1, getAllTableConstraints_(AllTableConstraintsRequest)=31, openTxn_(String, TxnType)=2, getMetaConf_(String)=0, getValidWriteIds_(List, String)=3, commitTxn_(CommitTxnRequest)=11, isCompatibleWith_(Configuration)=1}
2024-04-24T05:21:13,844  INFO [main] ql.Driver: Completed compiling command(queryId=alex_20240424052113_45a3726e-9bc7-4221-898a-abee015690ee); Time taken: 0.22 seconds
2024-04-24T05:21:13,844  INFO [main] lockmgr.DbTxnManager: Setting lock request transaction to txnid:15 for queryId=alex_20240424052113_45a3726e-9bc7-4221-898a-abee015690ee
2024-04-24T05:21:13,844  INFO [main] lockmgr.DbLockManager: Requesting lock for queryId=alex_20240424052113_45a3726e-9bc7-4221-898a-abee015690ee
2024-04-24T05:21:13,859  INFO [main] lockmgr.DbLockManager: Response to queryId=alex_20240424052113_45a3726e-9bc7-4221-898a-abee015690ee LockResponse(lockid:8, state:ACQUIRED)
2024-04-24T05:21:13,859  INFO [main] ql.Driver: Operation QUERY obtained 1 locks
2024-04-24T05:21:13,859  INFO [main] ql.Driver: Executing command(queryId=alex_20240424052113_45a3726e-9bc7-4221-898a-abee015690ee): insert into tmp  values(0,0,0),(3,3,3)
2024-04-24T05:21:13,859  WARN [main] ql.Driver: Hive-on-MR is deprecated in Hive 2 and may not be available in the future versions. Consider using a different execution engine (i.e. tez, spark) or using Hive 1.X releases.
Query ID = alex_20240424052113_45a3726e-9bc7-4221-898a-abee015690ee
2024-04-24T05:21:13,859  INFO [main] ql.Driver: Query ID = alex_20240424052113_45a3726e-9bc7-4221-898a-abee015690ee
Total jobs = 1
2024-04-24T05:21:13,859  INFO [main] ql.Driver: Total jobs = 1
Launching Job 1 out of 1
2024-04-24T05:21:13,860  INFO [main] ql.Driver: Launching Job 1 out of 1
2024-04-24T05:21:13,981  INFO [main] ql.Driver: Starting task [Stage-1:MAPRED] in serial mode
2024-04-24T05:21:13,981  INFO [main] exec.Utilities: Not using thread pool for getContentSummary
2024-04-24T05:21:13,982  INFO [main] exec.Utilities: BytesPerReducer=256000000 maxReducers=1009 totalInputFileSize=1
Number of reduce tasks not specified. Estimated from input data size: 1
2024-04-24T05:21:13,983  INFO [main] exec.Task: Number of reduce tasks not specified. Estimated from input data size: 1
In order to change the average load for a reducer (in bytes):
2024-04-24T05:21:13,983  INFO [main] exec.Task: In order to change the average load for a reducer (in bytes):
  set hive.exec.reducers.bytes.per.reducer=<number>
2024-04-24T05:21:13,983  INFO [main] exec.Task:   set hive.exec.reducers.bytes.per.reducer=<number>
In order to limit the maximum number of reducers:
2024-04-24T05:21:13,983  INFO [main] exec.Task: In order to limit the maximum number of reducers:
  set hive.exec.reducers.max=<number>
2024-04-24T05:21:13,983  INFO [main] exec.Task:   set hive.exec.reducers.max=<number>
In order to set a constant number of reducers:
2024-04-24T05:21:13,983  INFO [main] exec.Task: In order to set a constant number of reducers:
  set mapreduce.job.reduces=<number>
2024-04-24T05:21:13,983  INFO [main] exec.Task:   set mapreduce.job.reduces=<number>
2024-04-24T05:21:13,985  INFO [main] mr.ExecDriver: Using org.apache.hadoop.hive.ql.io.HiveInputFormat
2024-04-24T05:21:13,985  INFO [main] exec.Utilities: Processing alias $hdt$_0:_dummy_table
2024-04-24T05:21:13,985  INFO [main] exec.Utilities: Adding 1 inputs; the first input is file:/home/alex/Repositories/hive/ql/target/tmp/localscratchdir/d5a4d20d-09e1-4bfd-b1f6-f0e7b6b7b109/hive_2024-04-24_05-21-13_623_8941277399492654159-1/dummy_path
2024-04-24T05:21:13,995  INFO [main] exec.SerializationUtilities: Serializing MapWork using kryo
2024-04-24T05:21:13,996  INFO [main] exec.Utilities: Serialized plan (via FILE) - name: null size: 5,07KB
2024-04-24T05:21:14,001  INFO [main] exec.SerializationUtilities: Serializing ReduceWork using kryo
2024-04-24T05:21:14,004  INFO [main] exec.Utilities: Serialized plan (via FILE) - name: null size: 6,46KB
2024-04-24T05:21:14,005  WARN [main] impl.MetricsSystemImpl: JobTracker metrics system already initialized!
2024-04-24T05:21:14,011  INFO [main] fs.FSStatsPublisher: created : file:/home/alex/Repositories/hive/ql/target/tmp/localscratchdir/d5a4d20d-09e1-4bfd-b1f6-f0e7b6b7b109/hive_2024-04-24_05-21-13_623_8941277399492654159-1/-mr-10001
2024-04-24T05:21:14,016  WARN [main] impl.MetricsSystemImpl: JobTracker metrics system already initialized!
2024-04-24T05:21:14,026  WARN [main] mapreduce.JobResourceUploader: Hadoop command-line option parsing not performed. Implement the Tool interface and execute your application with ToolRunner to remedy this.
2024-04-24T05:21:14,031  WARN [main] mapreduce.JobResourceUploader: No job jar file set.  User classes may not be found. See Job or Job#setJar(String).
2024-04-24T05:21:14,033  INFO [main] io.HiveInputFormat: hive.io.file.readcolumn.ids = 
2024-04-24T05:21:14,033  INFO [main] io.HiveInputFormat: hive.io.file.readcolumn.names = 
2024-04-24T05:21:14,033  INFO [main] io.HiveInputFormat: Generating splits for dirs: file:/home/alex/Repositories/hive/ql/target/tmp/localscratchdir/d5a4d20d-09e1-4bfd-b1f6-f0e7b6b7b109/hive_2024-04-24_05-21-13_623_8941277399492654159-1/dummy_path
2024-04-24T05:21:14,033  INFO [main] io.HiveInputFormat: number of splits 1
2024-04-24T05:21:14,055  INFO [main] mapreduce.JobSubmitter: number of splits:1
2024-04-24T05:21:14,074  INFO [main] mapreduce.JobSubmitter: Submitting tokens for job: job_local67864327_0008
2024-04-24T05:21:14,074  INFO [main] mapreduce.JobSubmitter: Executing with tokens: []
2024-04-24T05:21:14,136  INFO [main] mapreduce.Job: The url to track the job: http://localhost:8080/
Job running in-process (local Hadoop)
2024-04-24T05:21:14,136  INFO [main] exec.Task: Job running in-process (local Hadoop)
2024-04-24T05:21:14,136  INFO [Thread-491] mapred.LocalJobRunner: OutputCommitter set in config org.apache.hadoop.hive.ql.io.HiveFileFormatUtils$NullOutputCommitter
2024-04-24T05:21:14,137  INFO [Thread-491] mapred.LocalJobRunner: OutputCommitter is org.apache.hadoop.hive.ql.io.HiveFileFormatUtils$NullOutputCommitter
2024-04-24T05:21:14,138  INFO [Thread-491] mapred.LocalJobRunner: Waiting for map tasks
2024-04-24T05:21:14,138  INFO [LocalJobRunner Map Task Executor #0] mapred.LocalJobRunner: Starting task: attempt_local67864327_0008_m_000000_0
2024-04-24T05:21:14,141  INFO [LocalJobRunner Map Task Executor #0] mapred.Task:  Using ResourceCalculatorProcessTree : [ ]
2024-04-24T05:21:14,142  INFO [LocalJobRunner Map Task Executor #0] mapred.MapTask: Processing split: org.apache.hadoop.hive.ql.io.NullRowsInputFormat:file:/home/alex/Repositories/hive/ql/target/tmp/localscratchdir/d5a4d20d-09e1-4bfd-b1f6-f0e7b6b7b109/hive_2024-04-24_05-21-13_623_8941277399492654159-1/dummy_path/null:0+1
2024-04-24T05:21:14,144  INFO [LocalJobRunner Map Task Executor #0] exec.SerializationUtilities: Deserializing MapWork using kryo
2024-04-24T05:21:14,146  INFO [LocalJobRunner Map Task Executor #0] exec.Utilities: Deserialized plan (via FILE) - name: null size: 5,07KB
2024-04-24T05:21:14,146  INFO [LocalJobRunner Map Task Executor #0] mapred.MapTask: numReduceTasks: 1
2024-04-24T05:21:14,150  INFO [LocalJobRunner Map Task Executor #0] mapred.MapTask: (EQUATOR) 0 kvi 26214396(104857584)
2024-04-24T05:21:14,150  INFO [LocalJobRunner Map Task Executor #0] mapred.MapTask: mapreduce.task.io.sort.mb: 100
2024-04-24T05:21:14,150  INFO [LocalJobRunner Map Task Executor #0] mapred.MapTask: soft limit at 83886080
2024-04-24T05:21:14,150  INFO [LocalJobRunner Map Task Executor #0] mapred.MapTask: bufstart = 0; bufvoid = 104857600
2024-04-24T05:21:14,150  INFO [LocalJobRunner Map Task Executor #0] mapred.MapTask: kvstart = 26214396; length = 6553600
2024-04-24T05:21:14,151  INFO [LocalJobRunner Map Task Executor #0] mapred.MapTask: Map output collector class = org.apache.hadoop.mapred.MapTask$MapOutputBuffer
2024-04-24T05:21:14,151  INFO [LocalJobRunner Map Task Executor #0] exec.MapOperator: Initializing Operator: MAP[0]
2024-04-24T05:21:14,152  INFO [LocalJobRunner Map Task Executor #0] mr.ExecMapper: 
<MAP>Id =0
  <Children>null
  <\Children>
  <Parent><\Parent>
<\MAP>
2024-04-24T05:21:14,152  INFO [LocalJobRunner Map Task Executor #0] exec.TableScanOperator: Initializing Operator: TS[0]
2024-04-24T05:21:14,152  INFO [LocalJobRunner Map Task Executor #0] exec.SelectOperator: Initializing Operator: SEL[1]
2024-04-24T05:21:14,153  INFO [LocalJobRunner Map Task Executor #0] exec.SelectOperator: SELECT null
2024-04-24T05:21:14,153  INFO [LocalJobRunner Map Task Executor #0] exec.UDTFOperator: Initializing Operator: UDTF[2]
2024-04-24T05:21:14,153  INFO [LocalJobRunner Map Task Executor #0] exec.SelectOperator: Initializing Operator: SEL[3]
2024-04-24T05:21:14,153  INFO [LocalJobRunner Map Task Executor #0] exec.SelectOperator: SELECT struct<col1:int,col2:int,col3:int>
2024-04-24T05:21:14,153  INFO [LocalJobRunner Map Task Executor #0] exec.ReduceSinkOperator: Initializing Operator: RS[5]
2024-04-24T05:21:14,153  INFO [LocalJobRunner Map Task Executor #0] exec.ReduceSinkOperator: Using tag = -1
2024-04-24T05:21:14,153  INFO [LocalJobRunner Map Task Executor #0] exec.ReduceSinkOperator: keys are [_col2] num distributions: 1
2024-04-24T05:21:14,154  INFO [LocalJobRunner Map Task Executor #0] exec.ReduceSinkOperator: RS[5]: records written - 1
2024-04-24T05:21:14,154  INFO [LocalJobRunner Map Task Executor #0] exec.MapOperator: MAP[0]: records read - 1
2024-04-24T05:21:14,154  INFO [LocalJobRunner Map Task Executor #0] exec.MapOperator: Closing Operator: MAP[0]
2024-04-24T05:21:14,154  INFO [LocalJobRunner Map Task Executor #0] exec.MapOperator: MAP[0]: Total records read - 3. abort - false
2024-04-24T05:21:14,154  INFO [LocalJobRunner Map Task Executor #0] exec.MapOperator: RECORDS_OUT_OPERATOR_MAP_0:0, RECORDS_IN:3, DESERIALIZE_ERRORS:0, RECORDS_OUT_INTERMEDIATE:0, 
2024-04-24T05:21:14,154  INFO [LocalJobRunner Map Task Executor #0] exec.TableScanOperator: Closing Operator: TS[0]
2024-04-24T05:21:14,154  INFO [LocalJobRunner Map Task Executor #0] exec.TableScanOperator: RECORDS_OUT_INTERMEDIATE:0, RECORDS_OUT_OPERATOR_TS_0:1, 
2024-04-24T05:21:14,154  INFO [LocalJobRunner Map Task Executor #0] exec.SelectOperator: Closing Operator: SEL[1]
2024-04-24T05:21:14,154  INFO [LocalJobRunner Map Task Executor #0] exec.SelectOperator: RECORDS_OUT_OPERATOR_SEL_1:1, RECORDS_OUT_INTERMEDIATE:0, 
2024-04-24T05:21:14,154  INFO [LocalJobRunner Map Task Executor #0] exec.UDTFOperator: Closing Operator: UDTF[2]
2024-04-24T05:21:14,154  INFO [LocalJobRunner Map Task Executor #0] exec.UDTFOperator: RECORDS_OUT_OPERATOR_UDTF_2:2, RECORDS_OUT_INTERMEDIATE:0, 
2024-04-24T05:21:14,154  INFO [LocalJobRunner Map Task Executor #0] exec.SelectOperator: Closing Operator: SEL[3]
2024-04-24T05:21:14,154  INFO [LocalJobRunner Map Task Executor #0] exec.SelectOperator: RECORDS_OUT_INTERMEDIATE:0, RECORDS_OUT_OPERATOR_SEL_3:2, 
2024-04-24T05:21:14,154  INFO [LocalJobRunner Map Task Executor #0] exec.ReduceSinkOperator: Closing Operator: RS[5]
2024-04-24T05:21:14,154  INFO [LocalJobRunner Map Task Executor #0] exec.ReduceSinkOperator: RS[5]: Total records written - 2. abort - false
2024-04-24T05:21:14,154  INFO [LocalJobRunner Map Task Executor #0] exec.ReduceSinkOperator: RECORDS_OUT_OPERATOR_RS_5:2, RECORDS_OUT_INTERMEDIATE:2, 
2024-04-24T05:21:14,157  INFO [LocalJobRunner Map Task Executor #0] mapred.LocalJobRunner: 
2024-04-24T05:21:14,157  INFO [LocalJobRunner Map Task Executor #0] mapred.MapTask: Starting flush of map output
2024-04-24T05:21:14,157  INFO [LocalJobRunner Map Task Executor #0] mapred.MapTask: Spilling map output
2024-04-24T05:21:14,157  INFO [LocalJobRunner Map Task Executor #0] mapred.MapTask: bufstart = 0; bufend = 34; bufvoid = 104857600
2024-04-24T05:21:14,157  INFO [LocalJobRunner Map Task Executor #0] mapred.MapTask: kvstart = 26214396(104857584); kvend = 26214392(104857568); length = 5/6553600
2024-04-24T05:21:14,168  INFO [LocalJobRunner Map Task Executor #0] mapred.MapTask: Finished spill 0
2024-04-24T05:21:14,172  INFO [LocalJobRunner Map Task Executor #0] mapred.Task: Task:attempt_local67864327_0008_m_000000_0 is done. And is in the process of committing
2024-04-24T05:21:14,173  INFO [LocalJobRunner Map Task Executor #0] mapred.LocalJobRunner: map
2024-04-24T05:21:14,173  INFO [LocalJobRunner Map Task Executor #0] mapred.Task: Task 'attempt_local67864327_0008_m_000000_0' done.
2024-04-24T05:21:14,173  INFO [LocalJobRunner Map Task Executor #0] mapred.Task: Final Counters for attempt_local67864327_0008_m_000000_0: Counters: 26
	File System Counters
		FILE: Number of bytes read=123973
		FILE: Number of bytes written=9412664
		FILE: Number of read operations=0
		FILE: Number of large read operations=0
		FILE: Number of write operations=0
	Map-Reduce Framework
		Map input records=4
		Map output records=2
		Map output bytes=34
		Map output materialized bytes=44
		Input split bytes=361
		Combine input records=0
		Spilled Records=2
		Failed Shuffles=0
		Merged Map outputs=0
		GC time elapsed (ms)=0
		Total committed heap usage (bytes)=1121452032
	HIVE
		DESERIALIZE_ERRORS=0
		RECORDS_IN=3
		RECORDS_OUT_INTERMEDIATE=2
		RECORDS_OUT_OPERATOR_MAP_0=0
		RECORDS_OUT_OPERATOR_RS_5=2
		RECORDS_OUT_OPERATOR_SEL_1=1
		RECORDS_OUT_OPERATOR_SEL_3=2
		RECORDS_OUT_OPERATOR_TS_0=1
		RECORDS_OUT_OPERATOR_UDTF_2=2
	File Input Format Counters 
		Bytes Read=5123
2024-04-24T05:21:14,173  INFO [LocalJobRunner Map Task Executor #0] mapred.LocalJobRunner: Finishing task: attempt_local67864327_0008_m_000000_0
2024-04-24T05:21:14,173  INFO [Thread-491] mapred.LocalJobRunner: map task executor complete.
2024-04-24T05:21:14,174  INFO [Thread-491] mapred.LocalJobRunner: Waiting for reduce tasks
2024-04-24T05:21:14,174  INFO [pool-34-thread-1] mapred.LocalJobRunner: Starting task: attempt_local67864327_0008_r_000000_0
2024-04-24T05:21:14,177  INFO [pool-34-thread-1] mapred.Task:  Using ResourceCalculatorProcessTree : [ ]
2024-04-24T05:21:14,177  INFO [pool-34-thread-1] mapred.ReduceTask: Using ShuffleConsumerPlugin: org.apache.hadoop.mapreduce.task.reduce.Shuffle@59b3ef72
2024-04-24T05:21:14,177  WARN [pool-34-thread-1] impl.MetricsSystemImpl: JobTracker metrics system already initialized!
2024-04-24T05:21:14,178  INFO [pool-34-thread-1] reduce.MergeManagerImpl: MergerManager: memoryLimit=1336252800, maxSingleShuffleLimit=334063200, mergeThreshold=881926912, ioSortFactor=10, memToMemMergeOutputsThreshold=10
2024-04-24T05:21:14,178  INFO [EventFetcher for fetching Map Completion Events] reduce.EventFetcher: attempt_local67864327_0008_r_000000_0 Thread started: EventFetcher for fetching Map Completion Events
2024-04-24T05:21:14,181  INFO [localfetcher#5] reduce.LocalFetcher: localfetcher#5 about to shuffle output of map attempt_local67864327_0008_m_000000_0 decomp: 40 len: 44 to MEMORY
2024-04-24T05:21:14,181  INFO [localfetcher#5] reduce.InMemoryMapOutput: Read 40 bytes from map-output for attempt_local67864327_0008_m_000000_0
2024-04-24T05:21:14,181  INFO [localfetcher#5] reduce.MergeManagerImpl: closeInMemoryFile -> map-output of size: 40, inMemoryMapOutputs.size() -> 1, commitMemory -> 0, usedMemory ->40
2024-04-24T05:21:14,182  INFO [EventFetcher for fetching Map Completion Events] reduce.EventFetcher: EventFetcher is interrupted.. Returning
2024-04-24T05:21:14,182  INFO [pool-34-thread-1] mapred.LocalJobRunner: 1 / 1 copied.
2024-04-24T05:21:14,182  INFO [pool-34-thread-1] reduce.MergeManagerImpl: finalMerge called with 1 in-memory map-outputs and 0 on-disk map-outputs
2024-04-24T05:21:14,189  INFO [pool-34-thread-1] mapred.Merger: Merging 1 sorted segments
2024-04-24T05:21:14,189  INFO [pool-34-thread-1] mapred.Merger: Down to the last merge-pass, with 1 segments left of total size: 28 bytes
2024-04-24T05:21:14,191  INFO [pool-34-thread-1] reduce.MergeManagerImpl: Merged 1 segments, 40 bytes to disk to satisfy reduce memory limit
2024-04-24T05:21:14,191  INFO [pool-34-thread-1] reduce.MergeManagerImpl: Merging 1 files, 44 bytes from disk
2024-04-24T05:21:14,191  INFO [pool-34-thread-1] reduce.MergeManagerImpl: Merging 0 segments, 0 bytes from memory into reduce
2024-04-24T05:21:14,191  INFO [pool-34-thread-1] mapred.Merger: Merging 1 sorted segments
2024-04-24T05:21:14,192  INFO [pool-34-thread-1] mapred.Merger: Down to the last merge-pass, with 1 segments left of total size: 28 bytes
2024-04-24T05:21:14,192  INFO [pool-34-thread-1] mapred.LocalJobRunner: 1 / 1 copied.
2024-04-24T05:21:14,192  INFO [pool-34-thread-1] exec.SerializationUtilities: Deserializing ReduceWork using kryo
2024-04-24T05:21:14,193  INFO [pool-34-thread-1] exec.Utilities: Deserialized plan (via FILE) - name: null size: 6,46KB
2024-04-24T05:21:14,194  INFO [pool-34-thread-1] ExecReducer: 
<SEL>Id =6
  <Children>
    <FS>Id =4
      <Children>
      <\Children>
      <Parent>Id = 6 null<\Parent>
    <\FS>
  <\Children>
  <Parent><\Parent>
<\SEL>
2024-04-24T05:21:14,194  INFO [pool-34-thread-1] exec.SelectOperator: Initializing Operator: SEL[6]
2024-04-24T05:21:14,194  INFO [pool-34-thread-1] exec.SelectOperator: SELECT struct<key:struct<_col2:int>,value:struct<_col0:int,_col1:int>>
2024-04-24T05:21:14,194  INFO [pool-34-thread-1] exec.FileSinkOperator: Initializing Operator: FS[4]
2024-04-24T05:21:14,194  INFO [pool-34-thread-1] exec.FileSinkOperator: Using serializer : AbstractSerDe [log=org.apache.logging.slf4j.Log4jLogger@5c8da227, configuration=Optional[Configuration: core-default.xml, core-site.xml, mapred-default.xml, mapred-site.xml, yarn-default.xml, yarn-site.xml, hdfs-default.xml, hdfs-site.xml, file:/home/alex/Repositories/hive/ql/target/tmp/TestTxnNoBuckets/mapred/local/localRunner/alex/job_local67864327_0008/job_local67864327_0008.xml], properties={name=default.tmp, columns.types=int:int, serialization.format=1, columns=c1,c2, columns.comments=&amp#0;, partition_columns.types=int, partition_columns=c3, bucketing_version=2, serialization.lib=org.apache.hadoop.hive.ql.io.orc.OrcSerde, file.inputformat=org.apache.hadoop.hive.ql.io.orc.OrcInputFormat, file.outputformat=org.apache.hadoop.hive.ql.io.orc.OrcOutputFormat, location=file:/home/alex/Repositories/hive/ql/target/tmp/org.apache.hadoop.hive.ql.TestTxnNoBuckets-1713961246971/warehouse/tmp, column.name.delimiter=,}, tableProperties={name=default.tmp, columns.types=int:int, serialization.format=1, columns=c1,c2, columns.comments=&amp#0;, partition_columns.types=int, partition_columns=c3, bucketing_version=2, serialization.lib=org.apache.hadoop.hive.ql.io.orc.OrcSerde, file.inputformat=org.apache.hadoop.hive.ql.io.orc.OrcInputFormat, location=file:/home/alex/Repositories/hive/ql/target/tmp/org.apache.hadoop.hive.ql.TestTxnNoBuckets-1713961246971/warehouse/tmp, file.outputformat=org.apache.hadoop.hive.ql.io.orc.OrcOutputFormat, column.name.delimiter=,}, partitionProperties=Optional.empty, columnNames=[c1, c2], columnTypes=[int, int], getClass()=class org.apache.hadoop.hive.ql.io.orc.OrcSerde] and formatter : org.apache.hadoop.hive.ql.io.orc.OrcOutputFormat@523a3212
2024-04-24T05:21:14,196  INFO [pool-34-thread-1] exec.FileSinkOperator: Final Path: FS file:/home/alex/Repositories/hive/ql/target/tmp/org.apache.hadoop.hive.ql.TestTxnNoBuckets-1713961246971/warehouse/tmp/.hive-staging_hive_2024-04-24_05-21-13_623_8941277399492654159-1/_tmp.-ext-10000/c3=0/000000_0
2024-04-24T05:21:14,196  INFO [pool-34-thread-1] exec.FileSinkOperator: Writing to temp file: FS file:/home/alex/Repositories/hive/ql/target/tmp/org.apache.hadoop.hive.ql.TestTxnNoBuckets-1713961246971/warehouse/tmp/.hive-staging_hive_2024-04-24_05-21-13_623_8941277399492654159-1/_task_tmp.-ext-10000/c3=0/_tmp.000000_0
2024-04-24T05:21:14,196  INFO [pool-34-thread-1] exec.FileSinkOperator: New Final Path: FS file:/home/alex/Repositories/hive/ql/target/tmp/org.apache.hadoop.hive.ql.TestTxnNoBuckets-1713961246971/warehouse/tmp/.hive-staging_hive_2024-04-24_05-21-13_623_8941277399492654159-1/_tmp.-ext-10000/c3=0/000000_0
2024-04-24T05:21:14,201  INFO [pool-34-thread-1] exec.FileSinkOperator: FS[4]: records written - 1
2024-04-24T05:21:14,202  INFO [pool-34-thread-1] impl.PhysicalFsWriter: ORC writer created for path: file:/home/alex/Repositories/hive/ql/target/tmp/org.apache.hadoop.hive.ql.TestTxnNoBuckets-1713961246971/warehouse/tmp/.hive-staging_hive_2024-04-24_05-21-13_623_8941277399492654159-1/_task_tmp.-ext-10000/c3=0/_tmp.000000_0 with stripeSize: 67108864 blockSize: 268435456 compression: Compress: ZLIB buffer: 262144
2024-04-24T05:21:14,206  INFO [pool-34-thread-1] impl.WriterImpl: ORC writer created for path: file:/home/alex/Repositories/hive/ql/target/tmp/org.apache.hadoop.hive.ql.TestTxnNoBuckets-1713961246971/warehouse/tmp/.hive-staging_hive_2024-04-24_05-21-13_623_8941277399492654159-1/_task_tmp.-ext-10000/c3=0/_tmp.000000_0 with stripeSize: 67108864 options: Compress: ZLIB buffer: 262144
2024-04-24T05:21:14,208  INFO [pool-34-thread-1] exec.FileSinkOperator: Final Path: FS file:/home/alex/Repositories/hive/ql/target/tmp/org.apache.hadoop.hive.ql.TestTxnNoBuckets-1713961246971/warehouse/tmp/.hive-staging_hive_2024-04-24_05-21-13_623_8941277399492654159-1/_tmp.-ext-10000/c3=3/000000_0
2024-04-24T05:21:14,208  INFO [pool-34-thread-1] exec.FileSinkOperator: Writing to temp file: FS file:/home/alex/Repositories/hive/ql/target/tmp/org.apache.hadoop.hive.ql.TestTxnNoBuckets-1713961246971/warehouse/tmp/.hive-staging_hive_2024-04-24_05-21-13_623_8941277399492654159-1/_task_tmp.-ext-10000/c3=3/_tmp.000000_0
2024-04-24T05:21:14,208  INFO [pool-34-thread-1] exec.FileSinkOperator: New Final Path: FS file:/home/alex/Repositories/hive/ql/target/tmp/org.apache.hadoop.hive.ql.TestTxnNoBuckets-1713961246971/warehouse/tmp/.hive-staging_hive_2024-04-24_05-21-13_623_8941277399492654159-1/_tmp.-ext-10000/c3=3/000000_0
2024-04-24T05:21:14,211  INFO [pool-34-thread-1] impl.PhysicalFsWriter: ORC writer created for path: file:/home/alex/Repositories/hive/ql/target/tmp/org.apache.hadoop.hive.ql.TestTxnNoBuckets-1713961246971/warehouse/tmp/.hive-staging_hive_2024-04-24_05-21-13_623_8941277399492654159-1/_task_tmp.-ext-10000/c3=3/_tmp.000000_0 with stripeSize: 67108864 blockSize: 268435456 compression: Compress: ZLIB buffer: 262144
2024-04-24T05:21:14,215  INFO [pool-34-thread-1] impl.WriterImpl: ORC writer created for path: file:/home/alex/Repositories/hive/ql/target/tmp/org.apache.hadoop.hive.ql.TestTxnNoBuckets-1713961246971/warehouse/tmp/.hive-staging_hive_2024-04-24_05-21-13_623_8941277399492654159-1/_task_tmp.-ext-10000/c3=3/_tmp.000000_0 with stripeSize: 67108864 options: Compress: ZLIB buffer: 262144
2024-04-24T05:21:14,215  INFO [pool-34-thread-1] exec.SelectOperator: Closing Operator: SEL[6]
2024-04-24T05:21:14,215  INFO [pool-34-thread-1] exec.SelectOperator: RECORDS_OUT_OPERATOR_SEL_6:2, RECORDS_OUT_INTERMEDIATE:0, 
2024-04-24T05:21:14,215  INFO [pool-34-thread-1] exec.FileSinkOperator: Closing Operator: FS[4]
2024-04-24T05:21:14,215  INFO [pool-34-thread-1] exec.FileSinkOperator: FS[4]: records written - 2
2024-04-24T05:21:14,215  INFO [pool-34-thread-1] common.FileUtils: Creating directory if it doesn't exist: file:/home/alex/Repositories/hive/ql/target/tmp/org.apache.hadoop.hive.ql.TestTxnNoBuckets-1713961246971/warehouse/tmp/.hive-staging_hive_2024-04-24_05-21-13_623_8941277399492654159-1/_tmp.-ext-10000/c3=0
2024-04-24T05:21:14,219  INFO [pool-34-thread-1] common.FileUtils: Creating directory if it doesn't exist: file:/home/alex/Repositories/hive/ql/target/tmp/org.apache.hadoop.hive.ql.TestTxnNoBuckets-1713961246971/warehouse/tmp/.hive-staging_hive_2024-04-24_05-21-13_623_8941277399492654159-1/_tmp.-ext-10000/c3=3
2024-04-24T05:21:14,227  INFO [pool-34-thread-1] exec.FileSinkOperator: RECORDS_OUT_OPERATOR_FS_4:2, RECORDS_OUT_1_default.tmp:2, RECORDS_OUT_INTERMEDIATE:0, TOTAL_TABLE_ROWS_WRITTEN:2, 
2024-04-24T05:21:14,228  INFO [pool-34-thread-1] mapred.Task: Task:attempt_local67864327_0008_r_000000_0 is done. And is in the process of committing
2024-04-24T05:21:14,228  INFO [pool-34-thread-1] mapred.LocalJobRunner: reduce > reduce
2024-04-24T05:21:14,228  INFO [pool-34-thread-1] mapred.Task: Task 'attempt_local67864327_0008_r_000000_0' done.
2024-04-24T05:21:14,228  INFO [pool-34-thread-1] mapred.Task: Final Counters for attempt_local67864327_0008_r_000000_0: Counters: 31
	File System Counters
		FILE: Number of bytes read=130614
		FILE: Number of bytes written=9413335
		FILE: Number of read operations=0
		FILE: Number of large read operations=0
		FILE: Number of write operations=0
	Map-Reduce Framework
		Combine input records=0
		Combine output records=0
		Reduce input groups=2
		Reduce shuffle bytes=44
		Reduce input records=2
		Reduce output records=0
		Spilled Records=2
		Shuffled Maps =1
		Failed Shuffles=0
		Merged Map outputs=1
		GC time elapsed (ms)=0
		Total committed heap usage (bytes)=1121452032
	HIVE
		CREATED_DYNAMIC_PARTITIONS=2
		CREATED_FILES=2
		RECORDS_OUT_1_default.tmp=2
		RECORDS_OUT_INTERMEDIATE=0
		RECORDS_OUT_OPERATOR_FS_4=2
		RECORDS_OUT_OPERATOR_SEL_6=2
		TOTAL_TABLE_ROWS_WRITTEN=2
	Shuffle Errors
		BAD_ID=0
		CONNECTION=0
		IO_ERROR=0
		WRONG_LENGTH=0
		WRONG_MAP=0
		WRONG_REDUCE=0
	File Output Format Counters 
		Bytes Written=0
2024-04-24T05:21:14,228  INFO [pool-34-thread-1] mapred.LocalJobRunner: Finishing task: attempt_local67864327_0008_r_000000_0
2024-04-24T05:21:14,228  INFO [Thread-491] mapred.LocalJobRunner: reduce task executor complete.
2024-04-24 05:21:15,139 Stage-1 map = 100%,  reduce = 100%
2024-04-24T05:21:15,140  INFO [main] exec.Task: 2024-04-24 05:21:15,139 Stage-1 map = 100%,  reduce = 100%
Ended Job = job_local67864327_0008
2024-04-24T05:21:15,141  INFO [main] exec.Task: Ended Job = job_local67864327_0008
2024-04-24T05:21:15,147  INFO [main] ql.Driver: Starting task [Stage-0:MOVE] in serial mode
Loading data to table default.tmp partition (c3=null)
2024-04-24T05:21:15,147  INFO [main] exec.Task: Loading data to table default.tmp partition (c3=null) from file:/home/alex/Repositories/hive/ql/target/tmp/org.apache.hadoop.hive.ql.TestTxnNoBuckets-1713961246971/warehouse/tmp/.hive-staging_hive_2024-04-24_05-21-13_623_8941277399492654159-1/-ext-10000
2024-04-24T05:21:15,147  INFO [main] HiveMetaStore.audit: ugi=alex	ip=unknown-ip-addr	cmd=get_table : tbl=hive.default.tmp	
2024-04-24T05:21:15,164  INFO [main] metastore.HMSHandler: Skipping translation for processor with null
2024-04-24T05:21:15,165  INFO [main] exec.MoveTask: Partition is: {c3=null}


2024-04-24T05:21:15,166  INFO [main] exec.Task: 

2024-04-24T05:21:15,167  INFO [main] HiveMetaStore.audit: ugi=alex	ip=unknown-ip-addr	cmd=get_table : tbl=hive.default.tmp	
2024-04-24T05:21:15,177  INFO [main] metastore.HMSHandler: Skipping translation for processor with null
2024-04-24T05:21:15,179  INFO [main] HiveMetaStore.audit: ugi=alex	ip=unknown-ip-addr	cmd=get_table : tbl=hive.default.tmp	
2024-04-24T05:21:15,190  INFO [main] metastore.HMSHandler: Skipping translation for processor with null
2024-04-24T05:21:15,190  INFO [main] HiveMetaStore.audit: ugi=alex	ip=unknown-ip-addr	cmd=get_table : tbl=hive.default.tmp	
2024-04-24T05:21:15,200  INFO [main] metastore.HMSHandler: Skipping translation for processor with null
2024-04-24T05:21:15,200  INFO [main] HiveMetaStore.audit: ugi=alex	ip=unknown-ip-addr	cmd=get_partitions_names_ps : tbl=hive.default.tmp[]	
2024-04-24T05:21:15,221  INFO [load-dynamic-partitionsToAdd-0] metadata.Hive: New loading path = file:/home/alex/Repositories/hive/ql/target/tmp/org.apache.hadoop.hive.ql.TestTxnNoBuckets-1713961246971/warehouse/tmp/.hive-staging_hive_2024-04-24_05-21-13_623_8941277399492654159-1/-ext-10000/c3=0 withPartSpec {c3=0}
2024-04-24T05:21:15,221  INFO [load-dynamic-partitionsToAdd-1] metadata.Hive: New loading path = file:/home/alex/Repositories/hive/ql/target/tmp/org.apache.hadoop.hive.ql.TestTxnNoBuckets-1713961246971/warehouse/tmp/.hive-staging_hive_2024-04-24_05-21-13_623_8941277399492654159-1/-ext-10000/c3=3 withPartSpec {c3=3}
2024-04-24T05:21:15,222  INFO [load-dynamic-partitionsToAdd-1] metastore.HiveMetaStoreClient: HMS client filtering is enabled.
2024-04-24T05:21:15,222  INFO [load-dynamic-partitionsToAdd-0] metastore.HiveMetaStoreClient: HMS client filtering is enabled.
2024-04-24T05:21:15,224  INFO [load-dynamic-partitionsToAdd-0] metastore.HMSHandler: 3: Opening raw store with implementation class:org.apache.hadoop.hive.metastore.ObjectStore
2024-04-24T05:21:15,224  INFO [load-dynamic-partitionsToAdd-1] metastore.HMSHandler: 2: Opening raw store with implementation class:org.apache.hadoop.hive.metastore.ObjectStore
2024-04-24T05:21:15,224  INFO [load-dynamic-partitionsToAdd-0] metastore.PersistenceManagerProvider: Configuration datanucleus.autoStartMechanismMode is not set. Defaulting to 'ignored'
2024-04-24T05:21:15,224  INFO [load-dynamic-partitionsToAdd-1] metastore.PersistenceManagerProvider: Configuration datanucleus.autoStartMechanismMode is not set. Defaulting to 'ignored'
2024-04-24T05:21:15,224  INFO [load-dynamic-partitionsToAdd-0] metastore.ObjectStore: RawStore: org.apache.hadoop.hive.metastore.ObjectStore@6ddf320, with PersistenceManager: null will be shutdown
2024-04-24T05:21:15,224  INFO [load-dynamic-partitionsToAdd-0] metastore.ObjectStore: RawStore: org.apache.hadoop.hive.metastore.ObjectStore@6ddf320, with PersistenceManager: org.datanucleus.api.jdo.JDOPersistenceManager@72d69e2c created in the thread with id: 597
2024-04-24T05:21:15,225  INFO [load-dynamic-partitionsToAdd-1] metastore.ObjectStore: RawStore: org.apache.hadoop.hive.metastore.ObjectStore@4d9b642c, with PersistenceManager: null will be shutdown
2024-04-24T05:21:15,225  INFO [load-dynamic-partitionsToAdd-1] metastore.ObjectStore: RawStore: org.apache.hadoop.hive.metastore.ObjectStore@4d9b642c, with PersistenceManager: org.datanucleus.api.jdo.JDOPersistenceManager@395b9d99 created in the thread with id: 598
2024-04-24T05:21:15,254  INFO [load-dynamic-partitionsToAdd-0] metastore.HMSHandler: Created RawStore: org.apache.hadoop.hive.metastore.ObjectStore@6ddf320 from thread id: 597
2024-04-24T05:21:15,254  INFO [load-dynamic-partitionsToAdd-1] metastore.HMSHandler: Created RawStore: org.apache.hadoop.hive.metastore.ObjectStore@4d9b642c from thread id: 598
2024-04-24T05:21:15,254  INFO [load-dynamic-partitionsToAdd-0] metastore.HMSHandler: HMS server filtering is disabled by configuration
2024-04-24T05:21:15,254  INFO [load-dynamic-partitionsToAdd-1] metastore.HMSHandler: HMS server filtering is disabled by configuration
2024-04-24T05:21:15,254  INFO [load-dynamic-partitionsToAdd-0] metastore.RetryingMetaStoreClient: RetryingMetaStoreClient proxy=class org.apache.hadoop.hive.ql.metadata.SessionHiveMetaStoreClient ugi=alex (auth:SIMPLE) retries=1 delay=1 lifetime=0
2024-04-24T05:21:15,254  INFO [load-dynamic-partitionsToAdd-1] metastore.RetryingMetaStoreClient: RetryingMetaStoreClient proxy=class org.apache.hadoop.hive.ql.metadata.SessionHiveMetaStoreClient ugi=alex (auth:SIMPLE) retries=1 delay=1 lifetime=0
2024-04-24T05:21:15,254  INFO [load-dynamic-partitionsToAdd-0] HiveMetaStore.audit: ugi=alex	ip=unknown-ip-addr	cmd=get_database: default	
2024-04-24T05:21:15,254  INFO [load-dynamic-partitionsToAdd-1] HiveMetaStore.audit: ugi=alex	ip=unknown-ip-addr	cmd=get_database: default	
2024-04-24T05:21:15,257  INFO [load-dynamic-partitionsToAdd-0] common.FileUtils: Creating directory if it doesn't exist: file:/home/alex/Repositories/hive/ql/target/tmp/org.apache.hadoop.hive.ql.TestTxnNoBuckets-1713961246971/warehouse/tmp/c3=0
2024-04-24T05:21:15,257  INFO [load-dynamic-partitionsToAdd-1] common.FileUtils: Creating directory if it doesn't exist: file:/home/alex/Repositories/hive/ql/target/tmp/org.apache.hadoop.hive.ql.TestTxnNoBuckets-1713961246971/warehouse/tmp/c3=3
2024-04-24T05:21:15,262  INFO [load-dynamic-partitionsToAdd-0] HiveMetaStore.audit: ugi=alex	ip=unknown-ip-addr	cmd=Cleaning up thread local RawStore...	
2024-04-24T05:21:15,262  INFO [load-dynamic-partitionsToAdd-0] metastore.ObjectStore: RawStore: org.apache.hadoop.hive.metastore.ObjectStore@6ddf320, with PersistenceManager: org.datanucleus.api.jdo.JDOPersistenceManager@72d69e2c will be shutdown
2024-04-24T05:21:15,262  INFO [load-dynamic-partitionsToAdd-0] HiveMetaStore.audit: ugi=alex	ip=unknown-ip-addr	cmd=Done cleaning up thread local RawStore	
2024-04-24T05:21:15,262  INFO [load-dynamic-partitionsToAdd-0] metastore.HiveMetaStoreClient: Closed a connection to metastore, current connections: -1
2024-04-24T05:21:15,262  INFO [load-dynamic-partitionsToAdd-1] HiveMetaStore.audit: ugi=alex	ip=unknown-ip-addr	cmd=Cleaning up thread local RawStore...	
2024-04-24T05:21:15,262  INFO [load-dynamic-partitionsToAdd-1] metastore.ObjectStore: RawStore: org.apache.hadoop.hive.metastore.ObjectStore@4d9b642c, with PersistenceManager: org.datanucleus.api.jdo.JDOPersistenceManager@395b9d99 will be shutdown
2024-04-24T05:21:15,262  INFO [load-dynamic-partitionsToAdd-1] HiveMetaStore.audit: ugi=alex	ip=unknown-ip-addr	cmd=Done cleaning up thread local RawStore	
2024-04-24T05:21:15,262  INFO [load-dynamic-partitionsToAdd-1] metastore.HiveMetaStoreClient: Closed a connection to metastore, current connections: -2
2024-04-24T05:21:15,263  INFO [main] metadata.Hive: Number of partitionsToAdd to be added is 2
2024-04-24T05:21:15,266  INFO [main] HiveMetaStore.audit: ugi=alex	ip=unknown-ip-addr	cmd=add_partitions	
2024-04-24T05:21:15,323  INFO [main] metadata.Hive: Loaded 2partitionsToAdd
	 Time taken to load dynamic partitions: 0.158 seconds
2024-04-24T05:21:15,324  INFO [main] exec.Task: 	 Time taken to load dynamic partitions: 0.158 seconds
2024-04-24T05:21:15,324  INFO [main] exec.MoveTask: 	 Time taken to load dynamic partitions: 0.158 seconds
2024-04-24T05:21:15,324  INFO [main] exec.MoveTask: Loading partition {c3=0}
2024-04-24T05:21:15,324  INFO [main] exec.MoveTask: Loading partition {c3=3}
	 Time taken for adding to write entity : 0.0 seconds
2024-04-24T05:21:15,324  INFO [main] exec.Task: 	 Time taken for adding to write entity : 0.0 seconds
2024-04-24T05:21:15,324  INFO [main] ql.Driver: Starting task [Stage-2:STATS] in serial mode
2024-04-24T05:21:15,325  INFO [main] HiveMetaStore.audit: ugi=alex	ip=unknown-ip-addr	cmd=get_table : tbl=hive.default.tmp	
2024-04-24T05:21:15,337  INFO [main] metastore.HMSHandler: Skipping translation for processor with null
2024-04-24T05:21:15,337  INFO [main] stats.BasicStatsTask: Executing stats task
2024-04-24T05:21:15,337  INFO [main] fs.FSStatsPublisher: created : file:/home/alex/Repositories/hive/ql/target/tmp/localscratchdir/d5a4d20d-09e1-4bfd-b1f6-f0e7b6b7b109/hive_2024-04-24_05-21-13_623_8941277399492654159-1/-mr-10001
2024-04-24T05:21:15,338  INFO [main] HiveMetaStore.audit: ugi=alex	ip=unknown-ip-addr	cmd=get_table : tbl=hive.default.tmp	
2024-04-24T05:21:15,354  INFO [main] metastore.HMSHandler: Skipping translation for processor with null
2024-04-24T05:21:15,356  INFO [main] FileOperations: Read stats for default.tmp/c3=0/, numRows, true, 1, false: 
2024-04-24T05:21:15,356  INFO [main] FileOperations: Read stats for default.tmp/c3=0/, rawDataSize, true, 8, false: 
2024-04-24T05:21:15,356  INFO [main] stats.BasicStatsTask: Partition {c3=0} stats: [numFiles=1, numRows=1, totalSize=242, rawDataSize=8, numFilesErasureCoded=0]
2024-04-24T05:21:15,357  INFO [main] FileOperations: Read stats for default.tmp/c3=3/, numRows, true, 1, false: 
2024-04-24T05:21:15,357  INFO [main] FileOperations: Read stats for default.tmp/c3=3/, rawDataSize, true, 8, false: 
2024-04-24T05:21:15,357  INFO [main] stats.BasicStatsTask: Partition {c3=3} stats: [numFiles=1, numRows=1, totalSize=242, rawDataSize=8, numFilesErasureCoded=0]
2024-04-24T05:21:15,357  INFO [main] HiveMetaStore.audit: ugi=alex	ip=unknown-ip-addr	cmd=alter_partitions : tbl=hive.default.tmp	
2024-04-24T05:21:15,357  INFO [main] metastore.HMSHandler: New partition values:[0]
2024-04-24T05:21:15,357  INFO [main] metastore.HMSHandler: New partition values:[3]
2024-04-24T05:21:15,505  INFO [main] metadata.Hive: Dumping metastore api call timing information for : execution phase
2024-04-24T05:21:15,505  INFO [main] metadata.Hive: Total time spent in each metastore function (ms): {alter_partitions_(String, String, List, EnvironmentContext, String, long)=148, add_partitions_(List)=59, isCompatibleWith_(Configuration)=0, listPartitionNamesRequest_(GetPartitionNamesPsRequest)=29, getTable_(GetTableRequest)=68}
MapReduce Jobs Launched: 
2024-04-24T05:21:15,505  INFO [main] ql.Driver: MapReduce Jobs Launched: 
Stage-Stage-1:  HDFS Read: 0 HDFS Write: 0 SUCCESS
2024-04-24T05:21:15,506  INFO [main] ql.Driver: Stage-Stage-1:  HDFS Read: 0 HDFS Write: 0 SUCCESS
Total MapReduce CPU Time Spent: 0 msec
2024-04-24T05:21:15,506  INFO [main] ql.Driver: Total MapReduce CPU Time Spent: 0 msec
2024-04-24T05:21:15,506  INFO [main] ql.Driver: Completed executing command(queryId=alex_20240424052113_45a3726e-9bc7-4221-898a-abee015690ee); Time taken: 1.646 seconds
2024-04-24T05:21:15,506  INFO [main] lockmgr.DbTxnManager: Stopped heartbeat for query: alex_20240424052113_45a3726e-9bc7-4221-898a-abee015690ee
2024-04-24T05:21:15,510  INFO [main] txn.TxnHandler: Expected to move at least one record from txn_components to completed_txn_components when committing txn! txnid:15
2024-04-24T05:21:15,517  INFO [main] txn.TxnHandler: Removed transactions: ([15]) from MIN_HISTORY_LEVEL
2024-04-24T05:21:15,519  WARN [main] txn.CompactionTxnHandler: No compaction queue record found for Compaction type transaction commit. txnId:15
2024-04-24T05:21:15,519  INFO [main] ql.TxnCommandsBaseForTests: Running the query: insert into tmp  values(1,1,1),(2,2,2)
2024-04-24T05:21:15,520  INFO [main] ql.Context: Deleting scratch dir: file:/home/alex/Repositories/hive/ql/target/tmp/org.apache.hadoop.hive.ql.TestTxnNoBuckets-1713961246971/warehouse/tmp/.hive-staging_hive_2024-04-24_05-21-13_623_8941277399492654159-1
2024-04-24T05:21:15,520  INFO [main] cleanup.SyncCleanupService: Deleted directory: file:/home/alex/Repositories/hive/ql/target/tmp/org.apache.hadoop.hive.ql.TestTxnNoBuckets-1713961246971/warehouse/tmp/.hive-staging_hive_2024-04-24_05-21-13_623_8941277399492654159-1 on fs with scheme file
2024-04-24T05:21:15,520  INFO [main] ql.Context: Deleting scratch dir: file:/home/alex/Repositories/hive/ql/target/tmp/localscratchdir/d5a4d20d-09e1-4bfd-b1f6-f0e7b6b7b109/hive_2024-04-24_05-21-13_623_8941277399492654159-1
2024-04-24T05:21:15,521  INFO [main] cleanup.SyncCleanupService: Deleted directory: file:/home/alex/Repositories/hive/ql/target/tmp/localscratchdir/d5a4d20d-09e1-4bfd-b1f6-f0e7b6b7b109/hive_2024-04-24_05-21-13_623_8941277399492654159-1 on fs with scheme file
2024-04-24T05:21:15,521  INFO [main] ql.Driver: Compiling command(queryId=alex_20240424052115_f625721a-9fe7-4bb7-b76c-092f5b588e66): insert into tmp  values(1,1,1),(2,2,2)
2024-04-24T05:21:15,531  INFO [main] txn.TxnHandler: Added entries to MIN_HISTORY_LEVEL for current txns: ([16]) with min_open_txn: 16
2024-04-24T05:21:15,532  INFO [main] lockmgr.DbTxnManager: Opened txnid:16
2024-04-24T05:21:15,534  INFO [main] parse.CalcitePlanner: Starting caching scope for: 
2024-04-24T05:21:15,534  INFO [main] parse.CalcitePlanner: Starting Semantic Analysis
2024-04-24T05:21:15,538  INFO [main] HiveMetaStore.audit: ugi=alex	ip=unknown-ip-addr	cmd=get_table : tbl=hive.default.tmp	
2024-04-24T05:21:15,550  INFO [main] metastore.HMSHandler: Skipping translation for processor with null
2024-04-24T05:21:15,551  INFO [main] parse.CalcitePlanner: Completed phase 1 of Semantic Analysis
2024-04-24T05:21:15,551  INFO [main] parse.CalcitePlanner: Get metadata for source tables
2024-04-24T05:21:15,551  INFO [main] parse.CalcitePlanner: Get metadata for subqueries
2024-04-24T05:21:15,551  INFO [main] parse.CalcitePlanner: Get metadata for destination tables
2024-04-24T05:21:15,551  INFO [main] HiveMetaStore.audit: ugi=alex	ip=unknown-ip-addr	cmd=get_table : tbl=hive.default.tmp	
2024-04-24T05:21:15,566  INFO [main] metastore.HMSHandler: Skipping translation for processor with null
2024-04-24T05:21:15,566  INFO [main] parse.CalcitePlanner: Completed getting MetaData in Semantic Analysis
2024-04-24T05:21:15,566  INFO [main] parse.CalcitePlanner: Disabling LLAP IO encode as ETL query is detected
2024-04-24T05:21:15,589  INFO [main] HiveMetaStore.audit: ugi=alex	ip=unknown-ip-addr	cmd=get_all_table_constraints : tbl=hive._dummy_database._dummy_table	
2024-04-24T05:21:15,643  INFO [main] parse.CalcitePlanner: Get metadata for source tables
2024-04-24T05:21:15,643  INFO [main] parse.CalcitePlanner: Get metadata for subqueries
2024-04-24T05:21:15,643  INFO [main] parse.CalcitePlanner: Get metadata for source tables
2024-04-24T05:21:15,644  INFO [main] HiveMetaStore.audit: ugi=alex	ip=unknown-ip-addr	cmd=get_table : tbl=hive._dummy_database._dummy_table	
2024-04-24T05:21:15,646  INFO [main] parse.CalcitePlanner: Get metadata for subqueries
2024-04-24T05:21:15,646  INFO [main] parse.CalcitePlanner: Get metadata for destination tables
2024-04-24T05:21:15,646  INFO [main] parse.CalcitePlanner: Get metadata for destination tables
2024-04-24T05:21:15,647  INFO [main] HiveMetaStore.audit: ugi=alex	ip=unknown-ip-addr	cmd=get_table : tbl=hive.default.tmp	
2024-04-24T05:21:15,657  INFO [main] metastore.HMSHandler: Skipping translation for processor with null
2024-04-24T05:21:15,660  INFO [main] common.FileUtils: Creating directory if it doesn't exist: file:/home/alex/Repositories/hive/ql/target/tmp/org.apache.hadoop.hive.ql.TestTxnNoBuckets-1713961246971/warehouse/tmp/.hive-staging_hive_2024-04-24_05-21-15_521_5191357001209749205-1
2024-04-24T05:21:15,662  INFO [main] HiveMetaStore.audit: ugi=alex	ip=unknown-ip-addr	cmd=get_not_null_constraints : tbl=hive.default.tmp	
2024-04-24T05:21:15,664  INFO [main] HiveMetaStore.audit: ugi=alex	ip=unknown-ip-addr	cmd=get_check_constraints : tbl=hive.default.tmp	
2024-04-24T05:21:15,665  INFO [main] parse.CalcitePlanner: CBO Succeeded; optimized logical plan.
2024-04-24T05:21:15,669  INFO [main] optimizer.BucketVersionPopulator: not considering bucketingVersion for: TS[0] because it has -1<2 buckets 
2024-04-24T05:21:15,669  INFO [main] optimizer.SortedDynPartitionOptimizer: Sorted dynamic partitioning optimization kicked in..
2024-04-24T05:21:15,669  INFO [main] optimizer.SortedDynPartitionOptimizer: Inserted RS_5 and SEL_6 as parent of FS_4 and child of SEL_3
2024-04-24T05:21:15,678  INFO [main] HiveMetaStore.audit: ugi=alex	ip=unknown-ip-addr	cmd=get_table : tbl=hive.default.tmp	
2024-04-24T05:21:15,689  INFO [main] metastore.HMSHandler: Skipping translation for processor with null
2024-04-24T05:21:15,690  INFO [main] parse.CalcitePlanner: Completed plan generation
2024-04-24T05:21:15,690  INFO [main] parse.CalcitePlanner: Ending caching scope for: 
2024-04-24T05:21:15,690  INFO [main] ql.Driver: Semantic Analysis Completed (retrial = false)
2024-04-24T05:21:15,690  INFO [main] ql.Driver: Created Hive schema: Schema(fieldSchemas:[FieldSchema(name:col1, type:int, comment:null), FieldSchema(name:col2, type:int, comment:null), FieldSchema(name:col3, type:int, comment:null)], properties:null)
2024-04-24T05:21:15,690  INFO [main] metadata.Hive: Dumping metastore api call timing information for : compilation phase
2024-04-24T05:21:15,691  INFO [main] metadata.Hive: Total time spent in each metastore function (ms): {getTable_(GetTableRequest)=52, commitTxn_(CommitTxnRequest)=13, isCompatibleWith_(Configuration)=0, getValidWriteIds_(List, String)=5, getAllTableConstraints_(AllTableConstraintsRequest)=6, getCheckConstraints_(CheckConstraintsRequest)=1, getValidTxns_(long)=2, getMetaConf_(String)=0, getNotNullConstraints_(NotNullConstraintsRequest)=2, flushCache_()=0, openTxn_(String, TxnType)=10}
2024-04-24T05:21:15,691  INFO [main] ql.Driver: Completed compiling command(queryId=alex_20240424052115_f625721a-9fe7-4bb7-b76c-092f5b588e66); Time taken: 0.169 seconds
2024-04-24T05:21:15,691  INFO [main] lockmgr.DbTxnManager: Setting lock request transaction to txnid:16 for queryId=alex_20240424052115_f625721a-9fe7-4bb7-b76c-092f5b588e66
2024-04-24T05:21:15,691  INFO [main] lockmgr.DbLockManager: Requesting lock for queryId=alex_20240424052115_f625721a-9fe7-4bb7-b76c-092f5b588e66
2024-04-24T05:21:15,707  INFO [main] lockmgr.DbLockManager: Response to queryId=alex_20240424052115_f625721a-9fe7-4bb7-b76c-092f5b588e66 LockResponse(lockid:9, state:ACQUIRED)
2024-04-24T05:21:15,707  INFO [main] ql.Driver: Operation QUERY obtained 1 locks
2024-04-24T05:21:15,707  INFO [main] ql.Driver: Executing command(queryId=alex_20240424052115_f625721a-9fe7-4bb7-b76c-092f5b588e66): insert into tmp  values(1,1,1),(2,2,2)
2024-04-24T05:21:15,708  WARN [main] ql.Driver: Hive-on-MR is deprecated in Hive 2 and may not be available in the future versions. Consider using a different execution engine (i.e. tez, spark) or using Hive 1.X releases.
Query ID = alex_20240424052115_f625721a-9fe7-4bb7-b76c-092f5b588e66
2024-04-24T05:21:15,708  INFO [main] ql.Driver: Query ID = alex_20240424052115_f625721a-9fe7-4bb7-b76c-092f5b588e66
Total jobs = 1
2024-04-24T05:21:15,708  INFO [main] ql.Driver: Total jobs = 1
Launching Job 1 out of 1
2024-04-24T05:21:15,708  INFO [main] ql.Driver: Launching Job 1 out of 1
2024-04-24T05:21:15,832  INFO [main] ql.Driver: Starting task [Stage-1:MAPRED] in serial mode
2024-04-24T05:21:15,832  INFO [main] exec.Utilities: Not using thread pool for getContentSummary
2024-04-24T05:21:15,833  INFO [main] exec.Utilities: BytesPerReducer=256000000 maxReducers=1009 totalInputFileSize=1
Number of reduce tasks not specified. Estimated from input data size: 1
2024-04-24T05:21:15,833  INFO [main] exec.Task: Number of reduce tasks not specified. Estimated from input data size: 1
In order to change the average load for a reducer (in bytes):
2024-04-24T05:21:15,833  INFO [main] exec.Task: In order to change the average load for a reducer (in bytes):
  set hive.exec.reducers.bytes.per.reducer=<number>
2024-04-24T05:21:15,833  INFO [main] exec.Task:   set hive.exec.reducers.bytes.per.reducer=<number>
In order to limit the maximum number of reducers:
2024-04-24T05:21:15,833  INFO [main] exec.Task: In order to limit the maximum number of reducers:
  set hive.exec.reducers.max=<number>
2024-04-24T05:21:15,833  INFO [main] exec.Task:   set hive.exec.reducers.max=<number>
In order to set a constant number of reducers:
2024-04-24T05:21:15,833  INFO [main] exec.Task: In order to set a constant number of reducers:
  set mapreduce.job.reduces=<number>
2024-04-24T05:21:15,833  INFO [main] exec.Task:   set mapreduce.job.reduces=<number>
2024-04-24T05:21:15,835  INFO [main] mr.ExecDriver: Using org.apache.hadoop.hive.ql.io.HiveInputFormat
2024-04-24T05:21:15,835  INFO [main] exec.Utilities: Processing alias $hdt$_0:_dummy_table
2024-04-24T05:21:15,835  INFO [main] exec.Utilities: Adding 1 inputs; the first input is file:/home/alex/Repositories/hive/ql/target/tmp/localscratchdir/d5a4d20d-09e1-4bfd-b1f6-f0e7b6b7b109/hive_2024-04-24_05-21-15_521_5191357001209749205-1/dummy_path
2024-04-24T05:21:15,844  INFO [main] exec.SerializationUtilities: Serializing MapWork using kryo
2024-04-24T05:21:15,845  INFO [main] exec.Utilities: Serialized plan (via FILE) - name: null size: 5,09KB
2024-04-24T05:21:15,850  INFO [main] exec.SerializationUtilities: Serializing ReduceWork using kryo
2024-04-24T05:21:15,851  INFO [main] exec.Utilities: Serialized plan (via FILE) - name: null size: 6,46KB
2024-04-24T05:21:15,852  WARN [main] impl.MetricsSystemImpl: JobTracker metrics system already initialized!
2024-04-24T05:21:15,856  INFO [main] fs.FSStatsPublisher: created : file:/home/alex/Repositories/hive/ql/target/tmp/localscratchdir/d5a4d20d-09e1-4bfd-b1f6-f0e7b6b7b109/hive_2024-04-24_05-21-15_521_5191357001209749205-1/-mr-10001
2024-04-24T05:21:15,860  WARN [main] impl.MetricsSystemImpl: JobTracker metrics system already initialized!
2024-04-24T05:21:15,868  WARN [main] mapreduce.JobResourceUploader: Hadoop command-line option parsing not performed. Implement the Tool interface and execute your application with ToolRunner to remedy this.
2024-04-24T05:21:15,873  WARN [main] mapreduce.JobResourceUploader: No job jar file set.  User classes may not be found. See Job or Job#setJar(String).
2024-04-24T05:21:15,874  INFO [main] io.HiveInputFormat: hive.io.file.readcolumn.ids = 
2024-04-24T05:21:15,874  INFO [main] io.HiveInputFormat: hive.io.file.readcolumn.names = 
2024-04-24T05:21:15,874  INFO [main] io.HiveInputFormat: Generating splits for dirs: file:/home/alex/Repositories/hive/ql/target/tmp/localscratchdir/d5a4d20d-09e1-4bfd-b1f6-f0e7b6b7b109/hive_2024-04-24_05-21-15_521_5191357001209749205-1/dummy_path
2024-04-24T05:21:15,874  INFO [main] io.HiveInputFormat: number of splits 1
2024-04-24T05:21:15,893  INFO [main] mapreduce.JobSubmitter: number of splits:1
2024-04-24T05:21:15,912  INFO [main] mapreduce.JobSubmitter: Submitting tokens for job: job_local1931660498_0009
2024-04-24T05:21:15,912  INFO [main] mapreduce.JobSubmitter: Executing with tokens: []
2024-04-24T05:21:15,978  INFO [main] mapreduce.Job: The url to track the job: http://localhost:8080/
Job running in-process (local Hadoop)
2024-04-24T05:21:15,978  INFO [main] exec.Task: Job running in-process (local Hadoop)
2024-04-24T05:21:15,979  INFO [Thread-553] mapred.LocalJobRunner: OutputCommitter set in config org.apache.hadoop.hive.ql.io.HiveFileFormatUtils$NullOutputCommitter
2024-04-24T05:21:15,979  INFO [Thread-553] mapred.LocalJobRunner: OutputCommitter is org.apache.hadoop.hive.ql.io.HiveFileFormatUtils$NullOutputCommitter
2024-04-24T05:21:15,980  INFO [Thread-553] mapred.LocalJobRunner: Waiting for map tasks
2024-04-24T05:21:15,980  INFO [LocalJobRunner Map Task Executor #0] mapred.LocalJobRunner: Starting task: attempt_local1931660498_0009_m_000000_0
2024-04-24T05:21:15,981  INFO [LocalJobRunner Map Task Executor #0] mapred.Task:  Using ResourceCalculatorProcessTree : [ ]
2024-04-24T05:21:15,981  INFO [LocalJobRunner Map Task Executor #0] mapred.MapTask: Processing split: org.apache.hadoop.hive.ql.io.NullRowsInputFormat:file:/home/alex/Repositories/hive/ql/target/tmp/localscratchdir/d5a4d20d-09e1-4bfd-b1f6-f0e7b6b7b109/hive_2024-04-24_05-21-15_521_5191357001209749205-1/dummy_path/null:0+1
2024-04-24T05:21:15,982  INFO [LocalJobRunner Map Task Executor #0] exec.SerializationUtilities: Deserializing MapWork using kryo
2024-04-24T05:21:15,982  INFO [LocalJobRunner Map Task Executor #0] exec.Utilities: Deserialized plan (via FILE) - name: null size: 5,09KB
2024-04-24T05:21:15,982  INFO [LocalJobRunner Map Task Executor #0] mapred.MapTask: numReduceTasks: 1
2024-04-24T05:21:15,992  INFO [LocalJobRunner Map Task Executor #0] mapred.MapTask: (EQUATOR) 0 kvi 26214396(104857584)
2024-04-24T05:21:15,992  INFO [LocalJobRunner Map Task Executor #0] mapred.MapTask: mapreduce.task.io.sort.mb: 100
2024-04-24T05:21:15,992  INFO [LocalJobRunner Map Task Executor #0] mapred.MapTask: soft limit at 83886080
2024-04-24T05:21:15,992  INFO [LocalJobRunner Map Task Executor #0] mapred.MapTask: bufstart = 0; bufvoid = 104857600
2024-04-24T05:21:15,992  INFO [LocalJobRunner Map Task Executor #0] mapred.MapTask: kvstart = 26214396; length = 6553600
2024-04-24T05:21:15,993  INFO [LocalJobRunner Map Task Executor #0] mapred.MapTask: Map output collector class = org.apache.hadoop.mapred.MapTask$MapOutputBuffer
2024-04-24T05:21:15,993  INFO [LocalJobRunner Map Task Executor #0] exec.MapOperator: Initializing Operator: MAP[0]
2024-04-24T05:21:15,994  INFO [LocalJobRunner Map Task Executor #0] mr.ExecMapper: 
<MAP>Id =0
  <Children>null
  <\Children>
  <Parent><\Parent>
<\MAP>
2024-04-24T05:21:15,994  INFO [LocalJobRunner Map Task Executor #0] exec.TableScanOperator: Initializing Operator: TS[0]
2024-04-24T05:21:15,994  INFO [LocalJobRunner Map Task Executor #0] exec.SelectOperator: Initializing Operator: SEL[1]
2024-04-24T05:21:15,995  INFO [LocalJobRunner Map Task Executor #0] exec.SelectOperator: SELECT null
2024-04-24T05:21:15,995  INFO [LocalJobRunner Map Task Executor #0] exec.UDTFOperator: Initializing Operator: UDTF[2]
2024-04-24T05:21:15,995  INFO [LocalJobRunner Map Task Executor #0] exec.SelectOperator: Initializing Operator: SEL[3]
2024-04-24T05:21:15,995  INFO [LocalJobRunner Map Task Executor #0] exec.SelectOperator: SELECT struct<col1:int,col2:int,col3:int>
2024-04-24T05:21:15,995  INFO [LocalJobRunner Map Task Executor #0] exec.ReduceSinkOperator: Initializing Operator: RS[5]
2024-04-24T05:21:15,995  INFO [LocalJobRunner Map Task Executor #0] exec.ReduceSinkOperator: Using tag = -1
2024-04-24T05:21:15,996  INFO [LocalJobRunner Map Task Executor #0] exec.ReduceSinkOperator: keys are [_col2] num distributions: 1
2024-04-24T05:21:15,996  INFO [LocalJobRunner Map Task Executor #0] exec.ReduceSinkOperator: RS[5]: records written - 1
2024-04-24T05:21:15,996  INFO [LocalJobRunner Map Task Executor #0] exec.MapOperator: MAP[0]: records read - 1
2024-04-24T05:21:15,996  INFO [LocalJobRunner Map Task Executor #0] exec.MapOperator: Closing Operator: MAP[0]
2024-04-24T05:21:15,996  INFO [LocalJobRunner Map Task Executor #0] exec.MapOperator: MAP[0]: Total records read - 3. abort - false
2024-04-24T05:21:15,996  INFO [LocalJobRunner Map Task Executor #0] exec.MapOperator: RECORDS_OUT_INTERMEDIATE:0, DESERIALIZE_ERRORS:0, RECORDS_OUT_OPERATOR_MAP_0:0, RECORDS_IN:3, 
2024-04-24T05:21:15,996  INFO [LocalJobRunner Map Task Executor #0] exec.TableScanOperator: Closing Operator: TS[0]
2024-04-24T05:21:15,996  INFO [LocalJobRunner Map Task Executor #0] exec.TableScanOperator: RECORDS_OUT_OPERATOR_TS_0:1, RECORDS_OUT_INTERMEDIATE:0, 
2024-04-24T05:21:15,996  INFO [LocalJobRunner Map Task Executor #0] exec.SelectOperator: Closing Operator: SEL[1]
2024-04-24T05:21:15,996  INFO [LocalJobRunner Map Task Executor #0] exec.SelectOperator: RECORDS_OUT_OPERATOR_SEL_1:1, RECORDS_OUT_INTERMEDIATE:0, 
2024-04-24T05:21:15,996  INFO [LocalJobRunner Map Task Executor #0] exec.UDTFOperator: Closing Operator: UDTF[2]
2024-04-24T05:21:15,997  INFO [LocalJobRunner Map Task Executor #0] exec.UDTFOperator: RECORDS_OUT_INTERMEDIATE:0, RECORDS_OUT_OPERATOR_UDTF_2:2, 
2024-04-24T05:21:15,997  INFO [LocalJobRunner Map Task Executor #0] exec.SelectOperator: Closing Operator: SEL[3]
2024-04-24T05:21:15,997  INFO [LocalJobRunner Map Task Executor #0] exec.SelectOperator: RECORDS_OUT_OPERATOR_SEL_3:2, RECORDS_OUT_INTERMEDIATE:0, 
2024-04-24T05:21:15,997  INFO [LocalJobRunner Map Task Executor #0] exec.ReduceSinkOperator: Closing Operator: RS[5]
2024-04-24T05:21:15,997  INFO [LocalJobRunner Map Task Executor #0] exec.ReduceSinkOperator: RS[5]: Total records written - 2. abort - false
2024-04-24T05:21:15,997  INFO [LocalJobRunner Map Task Executor #0] exec.ReduceSinkOperator: RECORDS_OUT_OPERATOR_RS_5:2, RECORDS_OUT_INTERMEDIATE:2, 
2024-04-24T05:21:15,998  INFO [LocalJobRunner Map Task Executor #0] mapred.LocalJobRunner: 
2024-04-24T05:21:15,998  INFO [LocalJobRunner Map Task Executor #0] mapred.MapTask: Starting flush of map output
2024-04-24T05:21:15,998  INFO [LocalJobRunner Map Task Executor #0] mapred.MapTask: Spilling map output
2024-04-24T05:21:15,998  INFO [LocalJobRunner Map Task Executor #0] mapred.MapTask: bufstart = 0; bufend = 34; bufvoid = 104857600
2024-04-24T05:21:15,998  INFO [LocalJobRunner Map Task Executor #0] mapred.MapTask: kvstart = 26214396(104857584); kvend = 26214392(104857568); length = 5/6553600
2024-04-24T05:21:16,008  INFO [LocalJobRunner Map Task Executor #0] mapred.MapTask: Finished spill 0
2024-04-24T05:21:16,012  INFO [LocalJobRunner Map Task Executor #0] mapred.Task: Task:attempt_local1931660498_0009_m_000000_0 is done. And is in the process of committing
2024-04-24T05:21:16,012  INFO [LocalJobRunner Map Task Executor #0] mapred.LocalJobRunner: map
2024-04-24T05:21:16,012  INFO [LocalJobRunner Map Task Executor #0] mapred.Task: Task 'attempt_local1931660498_0009_m_000000_0' done.
2024-04-24T05:21:16,013  INFO [LocalJobRunner Map Task Executor #0] mapred.Task: Final Counters for attempt_local1931660498_0009_m_000000_0: Counters: 26
	File System Counters
		FILE: Number of bytes read=136285
		FILE: Number of bytes written=10595172
		FILE: Number of read operations=0
		FILE: Number of large read operations=0
		FILE: Number of write operations=0
	Map-Reduce Framework
		Map input records=4
		Map output records=2
		Map output bytes=34
		Map output materialized bytes=44
		Input split bytes=361
		Combine input records=0
		Spilled Records=2
		Failed Shuffles=0
		Merged Map outputs=0
		GC time elapsed (ms)=5
		Total committed heap usage (bytes)=1098383360
	HIVE
		DESERIALIZE_ERRORS=0
		RECORDS_IN=3
		RECORDS_OUT_INTERMEDIATE=2
		RECORDS_OUT_OPERATOR_MAP_0=0
		RECORDS_OUT_OPERATOR_RS_5=2
		RECORDS_OUT_OPERATOR_SEL_1=1
		RECORDS_OUT_OPERATOR_SEL_3=2
		RECORDS_OUT_OPERATOR_TS_0=1
		RECORDS_OUT_OPERATOR_UDTF_2=2
	File Input Format Counters 
		Bytes Read=5143
2024-04-24T05:21:16,013  INFO [LocalJobRunner Map Task Executor #0] mapred.LocalJobRunner: Finishing task: attempt_local1931660498_0009_m_000000_0
2024-04-24T05:21:16,013  INFO [Thread-553] mapred.LocalJobRunner: map task executor complete.
2024-04-24T05:21:16,014  INFO [Thread-553] mapred.LocalJobRunner: Waiting for reduce tasks
2024-04-24T05:21:16,014  INFO [pool-43-thread-1] mapred.LocalJobRunner: Starting task: attempt_local1931660498_0009_r_000000_0
2024-04-24T05:21:16,014  INFO [pool-43-thread-1] mapred.Task:  Using ResourceCalculatorProcessTree : [ ]
2024-04-24T05:21:16,014  INFO [pool-43-thread-1] mapred.ReduceTask: Using ShuffleConsumerPlugin: org.apache.hadoop.mapreduce.task.reduce.Shuffle@3d7176e7
2024-04-24T05:21:16,014  WARN [pool-43-thread-1] impl.MetricsSystemImpl: JobTracker metrics system already initialized!
2024-04-24T05:21:16,015  INFO [pool-43-thread-1] reduce.MergeManagerImpl: MergerManager: memoryLimit=1336252800, maxSingleShuffleLimit=334063200, mergeThreshold=881926912, ioSortFactor=10, memToMemMergeOutputsThreshold=10
2024-04-24T05:21:16,016  INFO [EventFetcher for fetching Map Completion Events] reduce.EventFetcher: attempt_local1931660498_0009_r_000000_0 Thread started: EventFetcher for fetching Map Completion Events
2024-04-24T05:21:16,017  INFO [localfetcher#6] reduce.LocalFetcher: localfetcher#6 about to shuffle output of map attempt_local1931660498_0009_m_000000_0 decomp: 40 len: 44 to MEMORY
2024-04-24T05:21:16,017  INFO [localfetcher#6] reduce.InMemoryMapOutput: Read 40 bytes from map-output for attempt_local1931660498_0009_m_000000_0
2024-04-24T05:21:16,017  INFO [localfetcher#6] reduce.MergeManagerImpl: closeInMemoryFile -> map-output of size: 40, inMemoryMapOutputs.size() -> 1, commitMemory -> 0, usedMemory ->40
2024-04-24T05:21:16,017  INFO [EventFetcher for fetching Map Completion Events] reduce.EventFetcher: EventFetcher is interrupted.. Returning
2024-04-24T05:21:16,018  INFO [pool-43-thread-1] mapred.LocalJobRunner: 1 / 1 copied.
2024-04-24T05:21:16,018  INFO [pool-43-thread-1] reduce.MergeManagerImpl: finalMerge called with 1 in-memory map-outputs and 0 on-disk map-outputs
2024-04-24T05:21:16,024  INFO [pool-43-thread-1] mapred.Merger: Merging 1 sorted segments
2024-04-24T05:21:16,024  INFO [pool-43-thread-1] mapred.Merger: Down to the last merge-pass, with 1 segments left of total size: 28 bytes
2024-04-24T05:21:16,026  INFO [pool-43-thread-1] reduce.MergeManagerImpl: Merged 1 segments, 40 bytes to disk to satisfy reduce memory limit
2024-04-24T05:21:16,026  INFO [pool-43-thread-1] reduce.MergeManagerImpl: Merging 1 files, 44 bytes from disk
2024-04-24T05:21:16,026  INFO [pool-43-thread-1] reduce.MergeManagerImpl: Merging 0 segments, 0 bytes from memory into reduce
2024-04-24T05:21:16,027  INFO [pool-43-thread-1] mapred.Merger: Merging 1 sorted segments
2024-04-24T05:21:16,027  INFO [pool-43-thread-1] mapred.Merger: Down to the last merge-pass, with 1 segments left of total size: 28 bytes
2024-04-24T05:21:16,027  INFO [pool-43-thread-1] mapred.LocalJobRunner: 1 / 1 copied.
2024-04-24T05:21:16,027  INFO [pool-43-thread-1] exec.SerializationUtilities: Deserializing ReduceWork using kryo
2024-04-24T05:21:16,028  INFO [pool-43-thread-1] exec.Utilities: Deserialized plan (via FILE) - name: null size: 6,46KB
2024-04-24T05:21:16,029  INFO [pool-43-thread-1] ExecReducer: 
<SEL>Id =6
  <Children>
    <FS>Id =4
      <Children>
      <\Children>
      <Parent>Id = 6 null<\Parent>
    <\FS>
  <\Children>
  <Parent><\Parent>
<\SEL>
2024-04-24T05:21:16,029  INFO [pool-43-thread-1] exec.SelectOperator: Initializing Operator: SEL[6]
2024-04-24T05:21:16,029  INFO [pool-43-thread-1] exec.SelectOperator: SELECT struct<key:struct<_col2:int>,value:struct<_col0:int,_col1:int>>
2024-04-24T05:21:16,029  INFO [pool-43-thread-1] exec.FileSinkOperator: Initializing Operator: FS[4]
2024-04-24T05:21:16,030  INFO [pool-43-thread-1] exec.FileSinkOperator: Using serializer : AbstractSerDe [log=org.apache.logging.slf4j.Log4jLogger@5c8da227, configuration=Optional[Configuration: core-default.xml, core-site.xml, mapred-default.xml, mapred-site.xml, yarn-default.xml, yarn-site.xml, hdfs-default.xml, hdfs-site.xml, file:/home/alex/Repositories/hive/ql/target/tmp/TestTxnNoBuckets/mapred/local/localRunner/alex/job_local1931660498_0009/job_local1931660498_0009.xml], properties={name=default.tmp, columns.types=int:int, serialization.format=1, columns=c1,c2, columns.comments=&amp#0;, partition_columns.types=int, partition_columns=c3, bucketing_version=2, serialization.lib=org.apache.hadoop.hive.ql.io.orc.OrcSerde, file.inputformat=org.apache.hadoop.hive.ql.io.orc.OrcInputFormat, file.outputformat=org.apache.hadoop.hive.ql.io.orc.OrcOutputFormat, location=file:/home/alex/Repositories/hive/ql/target/tmp/org.apache.hadoop.hive.ql.TestTxnNoBuckets-1713961246971/warehouse/tmp, column.name.delimiter=,}, tableProperties={name=default.tmp, columns.types=int:int, serialization.format=1, columns=c1,c2, columns.comments=&amp#0;, partition_columns.types=int, partition_columns=c3, bucketing_version=2, serialization.lib=org.apache.hadoop.hive.ql.io.orc.OrcSerde, file.inputformat=org.apache.hadoop.hive.ql.io.orc.OrcInputFormat, location=file:/home/alex/Repositories/hive/ql/target/tmp/org.apache.hadoop.hive.ql.TestTxnNoBuckets-1713961246971/warehouse/tmp, file.outputformat=org.apache.hadoop.hive.ql.io.orc.OrcOutputFormat, column.name.delimiter=,}, partitionProperties=Optional.empty, columnNames=[c1, c2], columnTypes=[int, int], getClass()=class org.apache.hadoop.hive.ql.io.orc.OrcSerde] and formatter : org.apache.hadoop.hive.ql.io.orc.OrcOutputFormat@27ad74f2
2024-04-24T05:21:16,030  INFO [pool-43-thread-1] exec.FileSinkOperator: Final Path: FS file:/home/alex/Repositories/hive/ql/target/tmp/org.apache.hadoop.hive.ql.TestTxnNoBuckets-1713961246971/warehouse/tmp/.hive-staging_hive_2024-04-24_05-21-15_521_5191357001209749205-1/_tmp.-ext-10000/c3=1/000000_0
2024-04-24T05:21:16,030  INFO [pool-43-thread-1] exec.FileSinkOperator: Writing to temp file: FS file:/home/alex/Repositories/hive/ql/target/tmp/org.apache.hadoop.hive.ql.TestTxnNoBuckets-1713961246971/warehouse/tmp/.hive-staging_hive_2024-04-24_05-21-15_521_5191357001209749205-1/_task_tmp.-ext-10000/c3=1/_tmp.000000_0
2024-04-24T05:21:16,030  INFO [pool-43-thread-1] exec.FileSinkOperator: New Final Path: FS file:/home/alex/Repositories/hive/ql/target/tmp/org.apache.hadoop.hive.ql.TestTxnNoBuckets-1713961246971/warehouse/tmp/.hive-staging_hive_2024-04-24_05-21-15_521_5191357001209749205-1/_tmp.-ext-10000/c3=1/000000_0
2024-04-24T05:21:16,035  INFO [pool-43-thread-1] exec.FileSinkOperator: FS[4]: records written - 1
2024-04-24T05:21:16,035  INFO [pool-43-thread-1] impl.PhysicalFsWriter: ORC writer created for path: file:/home/alex/Repositories/hive/ql/target/tmp/org.apache.hadoop.hive.ql.TestTxnNoBuckets-1713961246971/warehouse/tmp/.hive-staging_hive_2024-04-24_05-21-15_521_5191357001209749205-1/_task_tmp.-ext-10000/c3=1/_tmp.000000_0 with stripeSize: 67108864 blockSize: 268435456 compression: Compress: ZLIB buffer: 262144
2024-04-24T05:21:16,041  INFO [pool-43-thread-1] impl.WriterImpl: ORC writer created for path: file:/home/alex/Repositories/hive/ql/target/tmp/org.apache.hadoop.hive.ql.TestTxnNoBuckets-1713961246971/warehouse/tmp/.hive-staging_hive_2024-04-24_05-21-15_521_5191357001209749205-1/_task_tmp.-ext-10000/c3=1/_tmp.000000_0 with stripeSize: 67108864 options: Compress: ZLIB buffer: 262144
2024-04-24T05:21:16,043  INFO [pool-43-thread-1] exec.FileSinkOperator: Final Path: FS file:/home/alex/Repositories/hive/ql/target/tmp/org.apache.hadoop.hive.ql.TestTxnNoBuckets-1713961246971/warehouse/tmp/.hive-staging_hive_2024-04-24_05-21-15_521_5191357001209749205-1/_tmp.-ext-10000/c3=2/000000_0
2024-04-24T05:21:16,043  INFO [pool-43-thread-1] exec.FileSinkOperator: Writing to temp file: FS file:/home/alex/Repositories/hive/ql/target/tmp/org.apache.hadoop.hive.ql.TestTxnNoBuckets-1713961246971/warehouse/tmp/.hive-staging_hive_2024-04-24_05-21-15_521_5191357001209749205-1/_task_tmp.-ext-10000/c3=2/_tmp.000000_0
2024-04-24T05:21:16,043  INFO [pool-43-thread-1] exec.FileSinkOperator: New Final Path: FS file:/home/alex/Repositories/hive/ql/target/tmp/org.apache.hadoop.hive.ql.TestTxnNoBuckets-1713961246971/warehouse/tmp/.hive-staging_hive_2024-04-24_05-21-15_521_5191357001209749205-1/_tmp.-ext-10000/c3=2/000000_0
2024-04-24T05:21:16,045  INFO [pool-43-thread-1] impl.PhysicalFsWriter: ORC writer created for path: file:/home/alex/Repositories/hive/ql/target/tmp/org.apache.hadoop.hive.ql.TestTxnNoBuckets-1713961246971/warehouse/tmp/.hive-staging_hive_2024-04-24_05-21-15_521_5191357001209749205-1/_task_tmp.-ext-10000/c3=2/_tmp.000000_0 with stripeSize: 67108864 blockSize: 268435456 compression: Compress: ZLIB buffer: 262144
2024-04-24T05:21:16,050  INFO [pool-43-thread-1] impl.WriterImpl: ORC writer created for path: file:/home/alex/Repositories/hive/ql/target/tmp/org.apache.hadoop.hive.ql.TestTxnNoBuckets-1713961246971/warehouse/tmp/.hive-staging_hive_2024-04-24_05-21-15_521_5191357001209749205-1/_task_tmp.-ext-10000/c3=2/_tmp.000000_0 with stripeSize: 67108864 options: Compress: ZLIB buffer: 262144
2024-04-24T05:21:16,050  INFO [pool-43-thread-1] exec.SelectOperator: Closing Operator: SEL[6]
2024-04-24T05:21:16,051  INFO [pool-43-thread-1] exec.SelectOperator: RECORDS_OUT_INTERMEDIATE:0, RECORDS_OUT_OPERATOR_SEL_6:2, 
2024-04-24T05:21:16,051  INFO [pool-43-thread-1] exec.FileSinkOperator: Closing Operator: FS[4]
2024-04-24T05:21:16,051  INFO [pool-43-thread-1] exec.FileSinkOperator: FS[4]: records written - 2
2024-04-24T05:21:16,051  INFO [pool-43-thread-1] common.FileUtils: Creating directory if it doesn't exist: file:/home/alex/Repositories/hive/ql/target/tmp/org.apache.hadoop.hive.ql.TestTxnNoBuckets-1713961246971/warehouse/tmp/.hive-staging_hive_2024-04-24_05-21-15_521_5191357001209749205-1/_tmp.-ext-10000/c3=1
2024-04-24T05:21:16,055  INFO [pool-43-thread-1] common.FileUtils: Creating directory if it doesn't exist: file:/home/alex/Repositories/hive/ql/target/tmp/org.apache.hadoop.hive.ql.TestTxnNoBuckets-1713961246971/warehouse/tmp/.hive-staging_hive_2024-04-24_05-21-15_521_5191357001209749205-1/_tmp.-ext-10000/c3=2
2024-04-24T05:21:16,063  INFO [pool-43-thread-1] exec.FileSinkOperator: TOTAL_TABLE_ROWS_WRITTEN:2, RECORDS_OUT_1_default.tmp:2, RECORDS_OUT_OPERATOR_FS_4:2, RECORDS_OUT_INTERMEDIATE:0, 
2024-04-24T05:21:16,063  INFO [pool-43-thread-1] mapred.Task: Task:attempt_local1931660498_0009_r_000000_0 is done. And is in the process of committing
2024-04-24T05:21:16,063  INFO [pool-43-thread-1] mapred.LocalJobRunner: reduce > reduce
2024-04-24T05:21:16,063  INFO [pool-43-thread-1] mapred.Task: Task 'attempt_local1931660498_0009_r_000000_0' done.
2024-04-24T05:21:16,063  INFO [pool-43-thread-1] mapred.Task: Final Counters for attempt_local1931660498_0009_r_000000_0: Counters: 31
	File System Counters
		FILE: Number of bytes read=142926
		FILE: Number of bytes written=10595843
		FILE: Number of read operations=0
		FILE: Number of large read operations=0
		FILE: Number of write operations=0
	Map-Reduce Framework
		Combine input records=0
		Combine output records=0
		Reduce input groups=2
		Reduce shuffle bytes=44
		Reduce input records=2
		Reduce output records=0
		Spilled Records=2
		Shuffled Maps =1
		Failed Shuffles=0
		Merged Map outputs=1
		GC time elapsed (ms)=0
		Total committed heap usage (bytes)=1098383360
	HIVE
		CREATED_DYNAMIC_PARTITIONS=2
		CREATED_FILES=2
		RECORDS_OUT_1_default.tmp=2
		RECORDS_OUT_INTERMEDIATE=0
		RECORDS_OUT_OPERATOR_FS_4=2
		RECORDS_OUT_OPERATOR_SEL_6=2
		TOTAL_TABLE_ROWS_WRITTEN=2
	Shuffle Errors
		BAD_ID=0
		CONNECTION=0
		IO_ERROR=0
		WRONG_LENGTH=0
		WRONG_MAP=0
		WRONG_REDUCE=0
	File Output Format Counters 
		Bytes Written=0
2024-04-24T05:21:16,063  INFO [pool-43-thread-1] mapred.LocalJobRunner: Finishing task: attempt_local1931660498_0009_r_000000_0
2024-04-24T05:21:16,064  INFO [Thread-553] mapred.LocalJobRunner: reduce task executor complete.
2024-04-24 05:21:16,981 Stage-1 map = 100%,  reduce = 100%
2024-04-24T05:21:16,982  INFO [main] exec.Task: 2024-04-24 05:21:16,981 Stage-1 map = 100%,  reduce = 100%
Ended Job = job_local1931660498_0009
2024-04-24T05:21:16,983  INFO [main] exec.Task: Ended Job = job_local1931660498_0009
2024-04-24T05:21:16,985  INFO [main] ql.Driver: Starting task [Stage-0:MOVE] in serial mode
Loading data to table default.tmp partition (c3=null)
2024-04-24T05:21:16,985  INFO [main] exec.Task: Loading data to table default.tmp partition (c3=null) from file:/home/alex/Repositories/hive/ql/target/tmp/org.apache.hadoop.hive.ql.TestTxnNoBuckets-1713961246971/warehouse/tmp/.hive-staging_hive_2024-04-24_05-21-15_521_5191357001209749205-1/-ext-10000
2024-04-24T05:21:16,985  INFO [main] HiveMetaStore.audit: ugi=alex	ip=unknown-ip-addr	cmd=get_table : tbl=hive.default.tmp	
2024-04-24T05:21:16,995  INFO [main] metastore.HMSHandler: Skipping translation for processor with null
2024-04-24T05:21:16,995  INFO [main] exec.MoveTask: Partition is: {c3=null}


2024-04-24T05:21:16,996  INFO [main] exec.Task: 

2024-04-24T05:21:16,996  INFO [main] HiveMetaStore.audit: ugi=alex	ip=unknown-ip-addr	cmd=get_table : tbl=hive.default.tmp	
2024-04-24T05:21:17,006  INFO [main] metastore.HMSHandler: Skipping translation for processor with null
2024-04-24T05:21:17,006  INFO [main] HiveMetaStore.audit: ugi=alex	ip=unknown-ip-addr	cmd=get_table : tbl=hive.default.tmp	
2024-04-24T05:21:17,016  INFO [main] metastore.HMSHandler: Skipping translation for processor with null
2024-04-24T05:21:17,016  INFO [main] HiveMetaStore.audit: ugi=alex	ip=unknown-ip-addr	cmd=get_table : tbl=hive.default.tmp	
2024-04-24T05:21:17,025  INFO [main] metastore.HMSHandler: Skipping translation for processor with null
2024-04-24T05:21:17,026  INFO [main] HiveMetaStore.audit: ugi=alex	ip=unknown-ip-addr	cmd=get_partitions_names_ps : tbl=hive.default.tmp[]	
2024-04-24T05:21:17,037  INFO [main] HiveMetaStore.audit: ugi=alex	ip=unknown-ip-addr	cmd=get_table : tbl=hive.default.tmp	
2024-04-24T05:21:17,047  INFO [main] metastore.HMSHandler: Skipping translation for processor with null
2024-04-24T05:21:17,047  INFO [main] HiveMetaStore.audit: ugi=alex	ip=unknown-ip-addr	cmd=get_partitions_by_names : tbl=hive.default.tmp	
2024-04-24T05:21:17,060  INFO [main] metastore.HMSHandler: Skipping translation for processor with null
2024-04-24T05:21:17,066  INFO [load-dynamic-partitionsToAdd-0] metadata.Hive: New loading path = file:/home/alex/Repositories/hive/ql/target/tmp/org.apache.hadoop.hive.ql.TestTxnNoBuckets-1713961246971/warehouse/tmp/.hive-staging_hive_2024-04-24_05-21-15_521_5191357001209749205-1/-ext-10000/c3=2 withPartSpec {c3=2}
2024-04-24T05:21:17,066  INFO [load-dynamic-partitionsToAdd-1] metadata.Hive: New loading path = file:/home/alex/Repositories/hive/ql/target/tmp/org.apache.hadoop.hive.ql.TestTxnNoBuckets-1713961246971/warehouse/tmp/.hive-staging_hive_2024-04-24_05-21-15_521_5191357001209749205-1/-ext-10000/c3=1 withPartSpec {c3=1}
2024-04-24T05:21:17,067  INFO [load-dynamic-partitionsToAdd-1] metastore.HiveMetaStoreClient: HMS client filtering is enabled.
2024-04-24T05:21:17,067  INFO [load-dynamic-partitionsToAdd-0] metastore.HiveMetaStoreClient: HMS client filtering is enabled.
2024-04-24T05:21:17,069  INFO [load-dynamic-partitionsToAdd-0] metastore.HMSHandler: 5: Opening raw store with implementation class:org.apache.hadoop.hive.metastore.ObjectStore
2024-04-24T05:21:17,069  INFO [load-dynamic-partitionsToAdd-1] metastore.HMSHandler: 4: Opening raw store with implementation class:org.apache.hadoop.hive.metastore.ObjectStore
2024-04-24T05:21:17,069  INFO [load-dynamic-partitionsToAdd-0] metastore.PersistenceManagerProvider: Configuration datanucleus.autoStartMechanismMode is not set. Defaulting to 'ignored'
2024-04-24T05:21:17,069  INFO [load-dynamic-partitionsToAdd-1] metastore.PersistenceManagerProvider: Configuration datanucleus.autoStartMechanismMode is not set. Defaulting to 'ignored'
2024-04-24T05:21:17,069  INFO [load-dynamic-partitionsToAdd-1] metastore.ObjectStore: RawStore: org.apache.hadoop.hive.metastore.ObjectStore@1efbc359, with PersistenceManager: null will be shutdown
2024-04-24T05:21:17,070  INFO [load-dynamic-partitionsToAdd-0] metastore.ObjectStore: RawStore: org.apache.hadoop.hive.metastore.ObjectStore@d8b37ec, with PersistenceManager: null will be shutdown
2024-04-24T05:21:17,070  INFO [load-dynamic-partitionsToAdd-1] metastore.ObjectStore: RawStore: org.apache.hadoop.hive.metastore.ObjectStore@1efbc359, with PersistenceManager: org.datanucleus.api.jdo.JDOPersistenceManager@5232e754 created in the thread with id: 676
2024-04-24T05:21:17,070  INFO [load-dynamic-partitionsToAdd-0] metastore.ObjectStore: RawStore: org.apache.hadoop.hive.metastore.ObjectStore@d8b37ec, with PersistenceManager: org.datanucleus.api.jdo.JDOPersistenceManager@55839a08 created in the thread with id: 675
2024-04-24T05:21:17,073  INFO [load-dynamic-partitionsToAdd-0] metastore.HMSHandler: Created RawStore: org.apache.hadoop.hive.metastore.ObjectStore@d8b37ec from thread id: 675
2024-04-24T05:21:17,073  INFO [load-dynamic-partitionsToAdd-1] metastore.HMSHandler: Created RawStore: org.apache.hadoop.hive.metastore.ObjectStore@1efbc359 from thread id: 676
2024-04-24T05:21:17,073  INFO [load-dynamic-partitionsToAdd-0] metastore.HMSHandler: HMS server filtering is disabled by configuration
2024-04-24T05:21:17,073  INFO [load-dynamic-partitionsToAdd-1] metastore.HMSHandler: HMS server filtering is disabled by configuration
2024-04-24T05:21:17,073  INFO [load-dynamic-partitionsToAdd-0] metastore.RetryingMetaStoreClient: RetryingMetaStoreClient proxy=class org.apache.hadoop.hive.ql.metadata.SessionHiveMetaStoreClient ugi=alex (auth:SIMPLE) retries=1 delay=1 lifetime=0
2024-04-24T05:21:17,073  INFO [load-dynamic-partitionsToAdd-1] metastore.RetryingMetaStoreClient: RetryingMetaStoreClient proxy=class org.apache.hadoop.hive.ql.metadata.SessionHiveMetaStoreClient ugi=alex (auth:SIMPLE) retries=1 delay=1 lifetime=0
2024-04-24T05:21:17,073  INFO [load-dynamic-partitionsToAdd-0] HiveMetaStore.audit: ugi=alex	ip=unknown-ip-addr	cmd=get_database: default	
2024-04-24T05:21:17,073  INFO [load-dynamic-partitionsToAdd-1] HiveMetaStore.audit: ugi=alex	ip=unknown-ip-addr	cmd=get_database: default	
2024-04-24T05:21:17,075  INFO [load-dynamic-partitionsToAdd-0] common.FileUtils: Creating directory if it doesn't exist: file:/home/alex/Repositories/hive/ql/target/tmp/org.apache.hadoop.hive.ql.TestTxnNoBuckets-1713961246971/warehouse/tmp/c3=2
2024-04-24T05:21:17,075  INFO [load-dynamic-partitionsToAdd-1] common.FileUtils: Creating directory if it doesn't exist: file:/home/alex/Repositories/hive/ql/target/tmp/org.apache.hadoop.hive.ql.TestTxnNoBuckets-1713961246971/warehouse/tmp/c3=1
2024-04-24T05:21:17,079  INFO [load-dynamic-partitionsToAdd-1] HiveMetaStore.audit: ugi=alex	ip=unknown-ip-addr	cmd=Cleaning up thread local RawStore...	
2024-04-24T05:21:17,079  INFO [load-dynamic-partitionsToAdd-1] metastore.ObjectStore: RawStore: org.apache.hadoop.hive.metastore.ObjectStore@1efbc359, with PersistenceManager: org.datanucleus.api.jdo.JDOPersistenceManager@5232e754 will be shutdown
2024-04-24T05:21:17,079  INFO [load-dynamic-partitionsToAdd-1] HiveMetaStore.audit: ugi=alex	ip=unknown-ip-addr	cmd=Done cleaning up thread local RawStore	
2024-04-24T05:21:17,079  INFO [load-dynamic-partitionsToAdd-1] metastore.HiveMetaStoreClient: Closed a connection to metastore, current connections: -3
2024-04-24T05:21:17,079  INFO [load-dynamic-partitionsToAdd-0] HiveMetaStore.audit: ugi=alex	ip=unknown-ip-addr	cmd=Cleaning up thread local RawStore...	
2024-04-24T05:21:17,079  INFO [load-dynamic-partitionsToAdd-0] metastore.ObjectStore: RawStore: org.apache.hadoop.hive.metastore.ObjectStore@d8b37ec, with PersistenceManager: org.datanucleus.api.jdo.JDOPersistenceManager@55839a08 will be shutdown
2024-04-24T05:21:17,079  INFO [load-dynamic-partitionsToAdd-0] HiveMetaStore.audit: ugi=alex	ip=unknown-ip-addr	cmd=Done cleaning up thread local RawStore	
2024-04-24T05:21:17,079  INFO [load-dynamic-partitionsToAdd-0] metastore.HiveMetaStoreClient: Closed a connection to metastore, current connections: -4
2024-04-24T05:21:17,079  INFO [main] metadata.Hive: Number of partitionsToAdd to be added is 2
2024-04-24T05:21:17,080  INFO [main] HiveMetaStore.audit: ugi=alex	ip=unknown-ip-addr	cmd=add_partitions	
2024-04-24T05:21:17,113  INFO [main] metadata.Hive: Loaded 2partitionsToAdd
	 Time taken to load dynamic partitions: 0.118 seconds
2024-04-24T05:21:17,114  INFO [main] exec.Task: 	 Time taken to load dynamic partitions: 0.118 seconds
2024-04-24T05:21:17,114  INFO [main] exec.MoveTask: 	 Time taken to load dynamic partitions: 0.118 seconds
2024-04-24T05:21:17,114  INFO [main] exec.MoveTask: Loading partition {c3=2}
2024-04-24T05:21:17,114  INFO [main] exec.MoveTask: Loading partition {c3=1}
	 Time taken for adding to write entity : 0.0 seconds
2024-04-24T05:21:17,114  INFO [main] exec.Task: 	 Time taken for adding to write entity : 0.0 seconds
2024-04-24T05:21:17,114  INFO [main] ql.Driver: Starting task [Stage-2:STATS] in serial mode
2024-04-24T05:21:17,114  INFO [main] HiveMetaStore.audit: ugi=alex	ip=unknown-ip-addr	cmd=get_table : tbl=hive.default.tmp	
2024-04-24T05:21:17,124  INFO [main] metastore.HMSHandler: Skipping translation for processor with null
2024-04-24T05:21:17,124  INFO [main] stats.BasicStatsTask: Executing stats task
2024-04-24T05:21:17,124  INFO [main] fs.FSStatsPublisher: created : file:/home/alex/Repositories/hive/ql/target/tmp/localscratchdir/d5a4d20d-09e1-4bfd-b1f6-f0e7b6b7b109/hive_2024-04-24_05-21-15_521_5191357001209749205-1/-mr-10001
2024-04-24T05:21:17,126  INFO [main] HiveMetaStore.audit: ugi=alex	ip=unknown-ip-addr	cmd=get_table : tbl=hive.default.tmp	
2024-04-24T05:21:17,135  INFO [main] metastore.HMSHandler: Skipping translation for processor with null
2024-04-24T05:21:17,136  INFO [main] FileOperations: Read stats for default.tmp/c3=2/, numRows, true, 1, false: 
2024-04-24T05:21:17,136  INFO [main] FileOperations: Read stats for default.tmp/c3=2/, rawDataSize, true, 8, false: 
2024-04-24T05:21:17,136  INFO [main] stats.BasicStatsTask: Partition {c3=2} stats: [numFiles=1, numRows=1, totalSize=242, rawDataSize=8, numFilesErasureCoded=0]
2024-04-24T05:21:17,136  INFO [main] FileOperations: Read stats for default.tmp/c3=1/, numRows, true, 1, false: 
2024-04-24T05:21:17,136  INFO [main] FileOperations: Read stats for default.tmp/c3=1/, rawDataSize, true, 8, false: 
2024-04-24T05:21:17,136  INFO [main] stats.BasicStatsTask: Partition {c3=1} stats: [numFiles=1, numRows=1, totalSize=242, rawDataSize=8, numFilesErasureCoded=0]
2024-04-24T05:21:17,136  INFO [main] HiveMetaStore.audit: ugi=alex	ip=unknown-ip-addr	cmd=alter_partitions : tbl=hive.default.tmp	
2024-04-24T05:21:17,136  INFO [main] metastore.HMSHandler: New partition values:[2]
2024-04-24T05:21:17,136  INFO [main] metastore.HMSHandler: New partition values:[1]
2024-04-24T05:21:17,202  INFO [main] metadata.Hive: Dumping metastore api call timing information for : execution phase
2024-04-24T05:21:17,202  INFO [main] metadata.Hive: Total time spent in each metastore function (ms): {getTable_(GetTableRequest)=50, getPartitionsByNames_(String, String, List, boolean, String)=27, add_partitions_(List)=34, alter_partitions_(String, String, List, EnvironmentContext, String, long)=65, listPartitionNamesRequest_(GetPartitionNamesPsRequest)=21, isCompatibleWith_(Configuration)=0}
MapReduce Jobs Launched: 
2024-04-24T05:21:17,202  INFO [main] ql.Driver: MapReduce Jobs Launched: 
Stage-Stage-1:  HDFS Read: 0 HDFS Write: 0 SUCCESS
2024-04-24T05:21:17,202  INFO [main] ql.Driver: Stage-Stage-1:  HDFS Read: 0 HDFS Write: 0 SUCCESS
Total MapReduce CPU Time Spent: 0 msec
2024-04-24T05:21:17,202  INFO [main] ql.Driver: Total MapReduce CPU Time Spent: 0 msec
2024-04-24T05:21:17,202  INFO [main] ql.Driver: Completed executing command(queryId=alex_20240424052115_f625721a-9fe7-4bb7-b76c-092f5b588e66); Time taken: 1.495 seconds
2024-04-24T05:21:17,202  INFO [main] lockmgr.DbTxnManager: Stopped heartbeat for query: alex_20240424052115_f625721a-9fe7-4bb7-b76c-092f5b588e66
2024-04-24T05:21:17,207  INFO [main] txn.TxnHandler: Expected to move at least one record from txn_components to completed_txn_components when committing txn! txnid:16
2024-04-24T05:21:17,213  INFO [main] txn.TxnHandler: Removed transactions: ([16]) from MIN_HISTORY_LEVEL
2024-04-24T05:21:17,213  WARN [main] txn.CompactionTxnHandler: No compaction queue record found for Compaction type transaction commit. txnId:16
2024-04-24T05:21:17,214  INFO [main] ql.TxnCommandsBaseForTests: Running the query: insert into tmp  values(3,3,3),(4,4,4)
2024-04-24T05:21:17,214  INFO [main] ql.Context: Deleting scratch dir: file:/home/alex/Repositories/hive/ql/target/tmp/localscratchdir/d5a4d20d-09e1-4bfd-b1f6-f0e7b6b7b109/hive_2024-04-24_05-21-15_521_5191357001209749205-1
2024-04-24T05:21:17,214  INFO [main] cleanup.SyncCleanupService: Deleted directory: file:/home/alex/Repositories/hive/ql/target/tmp/localscratchdir/d5a4d20d-09e1-4bfd-b1f6-f0e7b6b7b109/hive_2024-04-24_05-21-15_521_5191357001209749205-1 on fs with scheme file
2024-04-24T05:21:17,215  INFO [main] ql.Context: Deleting scratch dir: file:/home/alex/Repositories/hive/ql/target/tmp/org.apache.hadoop.hive.ql.TestTxnNoBuckets-1713961246971/warehouse/tmp/.hive-staging_hive_2024-04-24_05-21-15_521_5191357001209749205-1
2024-04-24T05:21:17,215  INFO [main] cleanup.SyncCleanupService: Deleted directory: file:/home/alex/Repositories/hive/ql/target/tmp/org.apache.hadoop.hive.ql.TestTxnNoBuckets-1713961246971/warehouse/tmp/.hive-staging_hive_2024-04-24_05-21-15_521_5191357001209749205-1 on fs with scheme file
2024-04-24T05:21:17,215  INFO [main] ql.Driver: Compiling command(queryId=alex_20240424052117_a2892f03-e8ad-40af-874b-73675f9d8671): insert into tmp  values(3,3,3),(4,4,4)
2024-04-24T05:21:17,218  INFO [main] txn.TxnHandler: Added entries to MIN_HISTORY_LEVEL for current txns: ([17]) with min_open_txn: 17
2024-04-24T05:21:17,219  INFO [main] lockmgr.DbTxnManager: Opened txnid:17
2024-04-24T05:21:17,219  INFO [main] parse.CalcitePlanner: Starting caching scope for: 
2024-04-24T05:21:17,219  INFO [main] parse.CalcitePlanner: Starting Semantic Analysis
2024-04-24T05:21:17,226  INFO [main] HiveMetaStore.audit: ugi=alex	ip=unknown-ip-addr	cmd=get_table : tbl=hive.default.tmp	
2024-04-24T05:21:17,239  INFO [main] metastore.HMSHandler: Skipping translation for processor with null
2024-04-24T05:21:17,239  INFO [main] parse.CalcitePlanner: Completed phase 1 of Semantic Analysis
2024-04-24T05:21:17,239  INFO [main] parse.CalcitePlanner: Get metadata for source tables
2024-04-24T05:21:17,239  INFO [main] parse.CalcitePlanner: Get metadata for subqueries
2024-04-24T05:21:17,239  INFO [main] parse.CalcitePlanner: Get metadata for destination tables
2024-04-24T05:21:17,239  INFO [main] HiveMetaStore.audit: ugi=alex	ip=unknown-ip-addr	cmd=get_table : tbl=hive.default.tmp	
2024-04-24T05:21:17,249  INFO [main] metastore.HMSHandler: Skipping translation for processor with null
2024-04-24T05:21:17,249  INFO [main] parse.CalcitePlanner: Completed getting MetaData in Semantic Analysis
2024-04-24T05:21:17,249  INFO [main] parse.CalcitePlanner: Disabling LLAP IO encode as ETL query is detected
2024-04-24T05:21:17,271  INFO [main] HiveMetaStore.audit: ugi=alex	ip=unknown-ip-addr	cmd=get_all_table_constraints : tbl=hive._dummy_database._dummy_table	
2024-04-24T05:21:17,333  INFO [main] parse.CalcitePlanner: Get metadata for source tables
2024-04-24T05:21:17,333  INFO [main] parse.CalcitePlanner: Get metadata for subqueries
2024-04-24T05:21:17,333  INFO [main] parse.CalcitePlanner: Get metadata for source tables
2024-04-24T05:21:17,334  INFO [main] HiveMetaStore.audit: ugi=alex	ip=unknown-ip-addr	cmd=get_table : tbl=hive._dummy_database._dummy_table	
2024-04-24T05:21:17,336  INFO [main] parse.CalcitePlanner: Get metadata for subqueries
2024-04-24T05:21:17,336  INFO [main] parse.CalcitePlanner: Get metadata for destination tables
2024-04-24T05:21:17,336  INFO [main] parse.CalcitePlanner: Get metadata for destination tables
2024-04-24T05:21:17,337  INFO [main] HiveMetaStore.audit: ugi=alex	ip=unknown-ip-addr	cmd=get_table : tbl=hive.default.tmp	
2024-04-24T05:21:17,347  INFO [main] metastore.HMSHandler: Skipping translation for processor with null
2024-04-24T05:21:17,349  INFO [main] common.FileUtils: Creating directory if it doesn't exist: file:/home/alex/Repositories/hive/ql/target/tmp/org.apache.hadoop.hive.ql.TestTxnNoBuckets-1713961246971/warehouse/tmp/.hive-staging_hive_2024-04-24_05-21-17_215_355326586796956150-1
2024-04-24T05:21:17,351  INFO [main] HiveMetaStore.audit: ugi=alex	ip=unknown-ip-addr	cmd=get_not_null_constraints : tbl=hive.default.tmp	
2024-04-24T05:21:17,353  INFO [main] HiveMetaStore.audit: ugi=alex	ip=unknown-ip-addr	cmd=get_check_constraints : tbl=hive.default.tmp	
2024-04-24T05:21:17,354  INFO [main] parse.CalcitePlanner: CBO Succeeded; optimized logical plan.
2024-04-24T05:21:17,357  INFO [main] optimizer.BucketVersionPopulator: not considering bucketingVersion for: TS[0] because it has -1<2 buckets 
2024-04-24T05:21:17,358  INFO [main] optimizer.SortedDynPartitionOptimizer: Sorted dynamic partitioning optimization kicked in..
2024-04-24T05:21:17,358  INFO [main] optimizer.SortedDynPartitionOptimizer: Inserted RS_5 and SEL_6 as parent of FS_4 and child of SEL_3
2024-04-24T05:21:17,368  INFO [main] HiveMetaStore.audit: ugi=alex	ip=unknown-ip-addr	cmd=get_table : tbl=hive.default.tmp	
2024-04-24T05:21:17,379  INFO [main] metastore.HMSHandler: Skipping translation for processor with null
2024-04-24T05:21:17,379  INFO [main] parse.CalcitePlanner: Completed plan generation
2024-04-24T05:21:17,379  INFO [main] parse.CalcitePlanner: Ending caching scope for: 
2024-04-24T05:21:17,379  INFO [main] ql.Driver: Semantic Analysis Completed (retrial = false)
2024-04-24T05:21:17,379  INFO [main] ql.Driver: Created Hive schema: Schema(fieldSchemas:[FieldSchema(name:col1, type:int, comment:null), FieldSchema(name:col2, type:int, comment:null), FieldSchema(name:col3, type:int, comment:null)], properties:null)
2024-04-24T05:21:17,380  INFO [main] metadata.Hive: Dumping metastore api call timing information for : compilation phase
2024-04-24T05:21:17,380  INFO [main] metadata.Hive: Total time spent in each metastore function (ms): {flushCache_()=0, isCompatibleWith_(Configuration)=0, commitTxn_(CommitTxnRequest)=11, getMetaConf_(String)=0, getValidTxns_(long)=0, getValidWriteIds_(List, String)=7, getNotNullConstraints_(NotNullConstraintsRequest)=2, getTable_(GetTableRequest)=45, getAllTableConstraints_(AllTableConstraintsRequest)=13, getCheckConstraints_(CheckConstraintsRequest)=1, openTxn_(String, TxnType)=3}
2024-04-24T05:21:17,380  INFO [main] ql.Driver: Completed compiling command(queryId=alex_20240424052117_a2892f03-e8ad-40af-874b-73675f9d8671); Time taken: 0.164 seconds
2024-04-24T05:21:17,380  INFO [main] lockmgr.DbTxnManager: Setting lock request transaction to txnid:17 for queryId=alex_20240424052117_a2892f03-e8ad-40af-874b-73675f9d8671
2024-04-24T05:21:17,380  INFO [main] lockmgr.DbLockManager: Requesting lock for queryId=alex_20240424052117_a2892f03-e8ad-40af-874b-73675f9d8671
2024-04-24T05:21:17,401  INFO [main] lockmgr.DbLockManager: Response to queryId=alex_20240424052117_a2892f03-e8ad-40af-874b-73675f9d8671 LockResponse(lockid:10, state:ACQUIRED)
2024-04-24T05:21:17,401  INFO [main] ql.Driver: Operation QUERY obtained 1 locks
2024-04-24T05:21:17,401  INFO [main] ql.Driver: Executing command(queryId=alex_20240424052117_a2892f03-e8ad-40af-874b-73675f9d8671): insert into tmp  values(3,3,3),(4,4,4)
2024-04-24T05:21:17,402  WARN [main] ql.Driver: Hive-on-MR is deprecated in Hive 2 and may not be available in the future versions. Consider using a different execution engine (i.e. spark, tez) or using Hive 1.X releases.
Query ID = alex_20240424052117_a2892f03-e8ad-40af-874b-73675f9d8671
2024-04-24T05:21:17,402  INFO [main] ql.Driver: Query ID = alex_20240424052117_a2892f03-e8ad-40af-874b-73675f9d8671
Total jobs = 1
2024-04-24T05:21:17,402  INFO [main] ql.Driver: Total jobs = 1
Launching Job 1 out of 1
2024-04-24T05:21:17,402  INFO [main] ql.Driver: Launching Job 1 out of 1
2024-04-24T05:21:17,528  INFO [main] ql.Driver: Starting task [Stage-1:MAPRED] in serial mode
2024-04-24T05:21:17,528  INFO [main] exec.Utilities: Not using thread pool for getContentSummary
2024-04-24T05:21:17,529  INFO [main] exec.Utilities: BytesPerReducer=256000000 maxReducers=1009 totalInputFileSize=1
Number of reduce tasks not specified. Estimated from input data size: 1
2024-04-24T05:21:17,529  INFO [main] exec.Task: Number of reduce tasks not specified. Estimated from input data size: 1
In order to change the average load for a reducer (in bytes):
2024-04-24T05:21:17,529  INFO [main] exec.Task: In order to change the average load for a reducer (in bytes):
  set hive.exec.reducers.bytes.per.reducer=<number>
2024-04-24T05:21:17,529  INFO [main] exec.Task:   set hive.exec.reducers.bytes.per.reducer=<number>
In order to limit the maximum number of reducers:
2024-04-24T05:21:17,529  INFO [main] exec.Task: In order to limit the maximum number of reducers:
  set hive.exec.reducers.max=<number>
2024-04-24T05:21:17,529  INFO [main] exec.Task:   set hive.exec.reducers.max=<number>
In order to set a constant number of reducers:
2024-04-24T05:21:17,529  INFO [main] exec.Task: In order to set a constant number of reducers:
  set mapreduce.job.reduces=<number>
2024-04-24T05:21:17,529  INFO [main] exec.Task:   set mapreduce.job.reduces=<number>
2024-04-24T05:21:17,532  INFO [main] mr.ExecDriver: Using org.apache.hadoop.hive.ql.io.HiveInputFormat
2024-04-24T05:21:17,532  INFO [main] exec.Utilities: Processing alias $hdt$_0:_dummy_table
2024-04-24T05:21:17,532  INFO [main] exec.Utilities: Adding 1 inputs; the first input is file:/home/alex/Repositories/hive/ql/target/tmp/localscratchdir/d5a4d20d-09e1-4bfd-b1f6-f0e7b6b7b109/hive_2024-04-24_05-21-17_215_355326586796956150-1/dummy_path
2024-04-24T05:21:17,541  INFO [main] exec.SerializationUtilities: Serializing MapWork using kryo
2024-04-24T05:21:17,542  INFO [main] exec.Utilities: Serialized plan (via FILE) - name: null size: 5,09KB
2024-04-24T05:21:17,547  INFO [main] exec.SerializationUtilities: Serializing ReduceWork using kryo
2024-04-24T05:21:17,548  INFO [main] exec.Utilities: Serialized plan (via FILE) - name: null size: 6,45KB
2024-04-24T05:21:17,549  WARN [main] impl.MetricsSystemImpl: JobTracker metrics system already initialized!
2024-04-24T05:21:17,552  INFO [main] fs.FSStatsPublisher: created : file:/home/alex/Repositories/hive/ql/target/tmp/localscratchdir/d5a4d20d-09e1-4bfd-b1f6-f0e7b6b7b109/hive_2024-04-24_05-21-17_215_355326586796956150-1/-mr-10001
2024-04-24T05:21:17,557  WARN [main] impl.MetricsSystemImpl: JobTracker metrics system already initialized!
2024-04-24T05:21:17,564  WARN [main] mapreduce.JobResourceUploader: Hadoop command-line option parsing not performed. Implement the Tool interface and execute your application with ToolRunner to remedy this.
2024-04-24T05:21:17,570  WARN [main] mapreduce.JobResourceUploader: No job jar file set.  User classes may not be found. See Job or Job#setJar(String).
2024-04-24T05:21:17,571  INFO [main] io.HiveInputFormat: hive.io.file.readcolumn.ids = 
2024-04-24T05:21:17,571  INFO [main] io.HiveInputFormat: hive.io.file.readcolumn.names = 
2024-04-24T05:21:17,571  INFO [main] io.HiveInputFormat: Generating splits for dirs: file:/home/alex/Repositories/hive/ql/target/tmp/localscratchdir/d5a4d20d-09e1-4bfd-b1f6-f0e7b6b7b109/hive_2024-04-24_05-21-17_215_355326586796956150-1/dummy_path
2024-04-24T05:21:17,572  INFO [main] io.HiveInputFormat: number of splits 1
2024-04-24T05:21:17,590  INFO [main] mapreduce.JobSubmitter: number of splits:1
2024-04-24T05:21:17,610  INFO [main] mapreduce.JobSubmitter: Submitting tokens for job: job_local1700492914_0010
2024-04-24T05:21:17,610  INFO [main] mapreduce.JobSubmitter: Executing with tokens: []
2024-04-24T05:21:17,673  INFO [main] mapreduce.Job: The url to track the job: http://localhost:8080/
Job running in-process (local Hadoop)
2024-04-24T05:21:17,674  INFO [main] exec.Task: Job running in-process (local Hadoop)
2024-04-24T05:21:17,674  INFO [Thread-615] mapred.LocalJobRunner: OutputCommitter set in config org.apache.hadoop.hive.ql.io.HiveFileFormatUtils$NullOutputCommitter
2024-04-24T05:21:17,674  INFO [Thread-615] mapred.LocalJobRunner: OutputCommitter is org.apache.hadoop.hive.ql.io.HiveFileFormatUtils$NullOutputCommitter
2024-04-24T05:21:17,675  INFO [Thread-615] mapred.LocalJobRunner: Waiting for map tasks
2024-04-24T05:21:17,676  INFO [LocalJobRunner Map Task Executor #0] mapred.LocalJobRunner: Starting task: attempt_local1700492914_0010_m_000000_0
2024-04-24T05:21:17,676  INFO [LocalJobRunner Map Task Executor #0] mapred.Task:  Using ResourceCalculatorProcessTree : [ ]
2024-04-24T05:21:17,677  INFO [LocalJobRunner Map Task Executor #0] mapred.MapTask: Processing split: org.apache.hadoop.hive.ql.io.NullRowsInputFormat:file:/home/alex/Repositories/hive/ql/target/tmp/localscratchdir/d5a4d20d-09e1-4bfd-b1f6-f0e7b6b7b109/hive_2024-04-24_05-21-17_215_355326586796956150-1/dummy_path/null:0+1
2024-04-24T05:21:17,677  INFO [LocalJobRunner Map Task Executor #0] exec.SerializationUtilities: Deserializing MapWork using kryo
2024-04-24T05:21:17,678  INFO [LocalJobRunner Map Task Executor #0] exec.Utilities: Deserialized plan (via FILE) - name: null size: 5,09KB
2024-04-24T05:21:17,678  INFO [LocalJobRunner Map Task Executor #0] mapred.MapTask: numReduceTasks: 1
2024-04-24T05:21:17,682  INFO [LocalJobRunner Map Task Executor #0] mapred.MapTask: (EQUATOR) 0 kvi 26214396(104857584)
2024-04-24T05:21:17,682  INFO [LocalJobRunner Map Task Executor #0] mapred.MapTask: mapreduce.task.io.sort.mb: 100
2024-04-24T05:21:17,682  INFO [LocalJobRunner Map Task Executor #0] mapred.MapTask: soft limit at 83886080
2024-04-24T05:21:17,682  INFO [LocalJobRunner Map Task Executor #0] mapred.MapTask: bufstart = 0; bufvoid = 104857600
2024-04-24T05:21:17,682  INFO [LocalJobRunner Map Task Executor #0] mapred.MapTask: kvstart = 26214396; length = 6553600
2024-04-24T05:21:17,683  INFO [LocalJobRunner Map Task Executor #0] mapred.MapTask: Map output collector class = org.apache.hadoop.mapred.MapTask$MapOutputBuffer
2024-04-24T05:21:17,683  INFO [LocalJobRunner Map Task Executor #0] exec.MapOperator: Initializing Operator: MAP[0]
2024-04-24T05:21:17,683  INFO [LocalJobRunner Map Task Executor #0] mr.ExecMapper: 
<MAP>Id =0
  <Children>null
  <\Children>
  <Parent><\Parent>
<\MAP>
2024-04-24T05:21:17,684  INFO [LocalJobRunner Map Task Executor #0] exec.TableScanOperator: Initializing Operator: TS[0]
2024-04-24T05:21:17,684  INFO [LocalJobRunner Map Task Executor #0] exec.SelectOperator: Initializing Operator: SEL[1]
2024-04-24T05:21:17,684  INFO [LocalJobRunner Map Task Executor #0] exec.SelectOperator: SELECT null
2024-04-24T05:21:17,684  INFO [LocalJobRunner Map Task Executor #0] exec.UDTFOperator: Initializing Operator: UDTF[2]
2024-04-24T05:21:17,684  INFO [LocalJobRunner Map Task Executor #0] exec.SelectOperator: Initializing Operator: SEL[3]
2024-04-24T05:21:17,685  INFO [LocalJobRunner Map Task Executor #0] exec.SelectOperator: SELECT struct<col1:int,col2:int,col3:int>
2024-04-24T05:21:17,685  INFO [LocalJobRunner Map Task Executor #0] exec.ReduceSinkOperator: Initializing Operator: RS[5]
2024-04-24T05:21:17,685  INFO [LocalJobRunner Map Task Executor #0] exec.ReduceSinkOperator: Using tag = -1
2024-04-24T05:21:17,686  INFO [LocalJobRunner Map Task Executor #0] exec.ReduceSinkOperator: keys are [_col2] num distributions: 1
2024-04-24T05:21:17,686  INFO [LocalJobRunner Map Task Executor #0] exec.ReduceSinkOperator: RS[5]: records written - 1
2024-04-24T05:21:17,686  INFO [LocalJobRunner Map Task Executor #0] exec.MapOperator: MAP[0]: records read - 1
2024-04-24T05:21:17,686  INFO [LocalJobRunner Map Task Executor #0] exec.MapOperator: Closing Operator: MAP[0]
2024-04-24T05:21:17,686  INFO [LocalJobRunner Map Task Executor #0] exec.MapOperator: MAP[0]: Total records read - 3. abort - false
2024-04-24T05:21:17,686  INFO [LocalJobRunner Map Task Executor #0] exec.MapOperator: RECORDS_OUT_INTERMEDIATE:0, RECORDS_OUT_OPERATOR_MAP_0:0, RECORDS_IN:3, DESERIALIZE_ERRORS:0, 
2024-04-24T05:21:17,686  INFO [LocalJobRunner Map Task Executor #0] exec.TableScanOperator: Closing Operator: TS[0]
2024-04-24T05:21:17,687  INFO [LocalJobRunner Map Task Executor #0] exec.TableScanOperator: RECORDS_OUT_OPERATOR_TS_0:1, RECORDS_OUT_INTERMEDIATE:0, 
2024-04-24T05:21:17,687  INFO [LocalJobRunner Map Task Executor #0] exec.SelectOperator: Closing Operator: SEL[1]
2024-04-24T05:21:17,687  INFO [LocalJobRunner Map Task Executor #0] exec.SelectOperator: RECORDS_OUT_OPERATOR_SEL_1:1, RECORDS_OUT_INTERMEDIATE:0, 
2024-04-24T05:21:17,687  INFO [LocalJobRunner Map Task Executor #0] exec.UDTFOperator: Closing Operator: UDTF[2]
2024-04-24T05:21:17,687  INFO [LocalJobRunner Map Task Executor #0] exec.UDTFOperator: RECORDS_OUT_INTERMEDIATE:0, RECORDS_OUT_OPERATOR_UDTF_2:2, 
2024-04-24T05:21:17,687  INFO [LocalJobRunner Map Task Executor #0] exec.SelectOperator: Closing Operator: SEL[3]
2024-04-24T05:21:17,687  INFO [LocalJobRunner Map Task Executor #0] exec.SelectOperator: RECORDS_OUT_OPERATOR_SEL_3:2, RECORDS_OUT_INTERMEDIATE:0, 
2024-04-24T05:21:17,687  INFO [LocalJobRunner Map Task Executor #0] exec.ReduceSinkOperator: Closing Operator: RS[5]
2024-04-24T05:21:17,687  INFO [LocalJobRunner Map Task Executor #0] exec.ReduceSinkOperator: RS[5]: Total records written - 2. abort - false
2024-04-24T05:21:17,687  INFO [LocalJobRunner Map Task Executor #0] exec.ReduceSinkOperator: RECORDS_OUT_INTERMEDIATE:2, RECORDS_OUT_OPERATOR_RS_5:2, 
2024-04-24T05:21:17,688  INFO [LocalJobRunner Map Task Executor #0] mapred.LocalJobRunner: 
2024-04-24T05:21:17,688  INFO [LocalJobRunner Map Task Executor #0] mapred.MapTask: Starting flush of map output
2024-04-24T05:21:17,688  INFO [LocalJobRunner Map Task Executor #0] mapred.MapTask: Spilling map output
2024-04-24T05:21:17,688  INFO [LocalJobRunner Map Task Executor #0] mapred.MapTask: bufstart = 0; bufend = 34; bufvoid = 104857600
2024-04-24T05:21:17,688  INFO [LocalJobRunner Map Task Executor #0] mapred.MapTask: kvstart = 26214396(104857584); kvend = 26214392(104857568); length = 5/6553600
2024-04-24T05:21:17,701  INFO [LocalJobRunner Map Task Executor #0] mapred.MapTask: Finished spill 0
2024-04-24T05:21:17,707  INFO [LocalJobRunner Map Task Executor #0] mapred.Task: Task:attempt_local1700492914_0010_m_000000_0 is done. And is in the process of committing
2024-04-24T05:21:17,708  INFO [LocalJobRunner Map Task Executor #0] mapred.LocalJobRunner: map
2024-04-24T05:21:17,708  INFO [LocalJobRunner Map Task Executor #0] mapred.Task: Task 'attempt_local1700492914_0010_m_000000_0' done.
2024-04-24T05:21:17,708  INFO [LocalJobRunner Map Task Executor #0] mapred.Task: Final Counters for attempt_local1700492914_0010_m_000000_0: Counters: 26
	File System Counters
		FILE: Number of bytes read=148594
		FILE: Number of bytes written=11777666
		FILE: Number of read operations=0
		FILE: Number of large read operations=0
		FILE: Number of write operations=0
	Map-Reduce Framework
		Map input records=4
		Map output records=2
		Map output bytes=34
		Map output materialized bytes=44
		Input split bytes=360
		Combine input records=0
		Spilled Records=2
		Failed Shuffles=0
		Merged Map outputs=0
		GC time elapsed (ms)=0
		Total committed heap usage (bytes)=1098383360
	HIVE
		DESERIALIZE_ERRORS=0
		RECORDS_IN=3
		RECORDS_OUT_INTERMEDIATE=2
		RECORDS_OUT_OPERATOR_MAP_0=0
		RECORDS_OUT_OPERATOR_RS_5=2
		RECORDS_OUT_OPERATOR_SEL_1=1
		RECORDS_OUT_OPERATOR_SEL_3=2
		RECORDS_OUT_OPERATOR_TS_0=1
		RECORDS_OUT_OPERATOR_UDTF_2=2
	File Input Format Counters 
		Bytes Read=5141
2024-04-24T05:21:17,708  INFO [LocalJobRunner Map Task Executor #0] mapred.LocalJobRunner: Finishing task: attempt_local1700492914_0010_m_000000_0
2024-04-24T05:21:17,709  INFO [Thread-615] mapred.LocalJobRunner: map task executor complete.
2024-04-24T05:21:17,710  INFO [Thread-615] mapred.LocalJobRunner: Waiting for reduce tasks
2024-04-24T05:21:17,710  INFO [pool-52-thread-1] mapred.LocalJobRunner: Starting task: attempt_local1700492914_0010_r_000000_0
2024-04-24T05:21:17,711  INFO [pool-52-thread-1] mapred.Task:  Using ResourceCalculatorProcessTree : [ ]
2024-04-24T05:21:17,711  INFO [pool-52-thread-1] mapred.ReduceTask: Using ShuffleConsumerPlugin: org.apache.hadoop.mapreduce.task.reduce.Shuffle@27919ea1
2024-04-24T05:21:17,712  WARN [pool-52-thread-1] impl.MetricsSystemImpl: JobTracker metrics system already initialized!
2024-04-24T05:21:17,714  INFO [pool-52-thread-1] reduce.MergeManagerImpl: MergerManager: memoryLimit=1336252800, maxSingleShuffleLimit=334063200, mergeThreshold=881926912, ioSortFactor=10, memToMemMergeOutputsThreshold=10
2024-04-24T05:21:17,715  INFO [EventFetcher for fetching Map Completion Events] reduce.EventFetcher: attempt_local1700492914_0010_r_000000_0 Thread started: EventFetcher for fetching Map Completion Events
2024-04-24T05:21:17,717  INFO [localfetcher#7] reduce.LocalFetcher: localfetcher#7 about to shuffle output of map attempt_local1700492914_0010_m_000000_0 decomp: 40 len: 44 to MEMORY
2024-04-24T05:21:17,717  INFO [localfetcher#7] reduce.InMemoryMapOutput: Read 40 bytes from map-output for attempt_local1700492914_0010_m_000000_0
2024-04-24T05:21:17,717  INFO [localfetcher#7] reduce.MergeManagerImpl: closeInMemoryFile -> map-output of size: 40, inMemoryMapOutputs.size() -> 1, commitMemory -> 0, usedMemory ->40
2024-04-24T05:21:17,718  INFO [EventFetcher for fetching Map Completion Events] reduce.EventFetcher: EventFetcher is interrupted.. Returning
2024-04-24T05:21:17,719  INFO [pool-52-thread-1] mapred.LocalJobRunner: 1 / 1 copied.
2024-04-24T05:21:17,719  INFO [pool-52-thread-1] reduce.MergeManagerImpl: finalMerge called with 1 in-memory map-outputs and 0 on-disk map-outputs
2024-04-24T05:21:17,729  INFO [pool-52-thread-1] mapred.Merger: Merging 1 sorted segments
2024-04-24T05:21:17,729  INFO [pool-52-thread-1] mapred.Merger: Down to the last merge-pass, with 1 segments left of total size: 28 bytes
2024-04-24T05:21:17,735  INFO [pool-52-thread-1] reduce.MergeManagerImpl: Merged 1 segments, 40 bytes to disk to satisfy reduce memory limit
2024-04-24T05:21:17,736  INFO [pool-52-thread-1] reduce.MergeManagerImpl: Merging 1 files, 44 bytes from disk
2024-04-24T05:21:17,736  INFO [pool-52-thread-1] reduce.MergeManagerImpl: Merging 0 segments, 0 bytes from memory into reduce
2024-04-24T05:21:17,736  INFO [pool-52-thread-1] mapred.Merger: Merging 1 sorted segments
2024-04-24T05:21:17,736  INFO [pool-52-thread-1] mapred.Merger: Down to the last merge-pass, with 1 segments left of total size: 28 bytes
2024-04-24T05:21:17,736  INFO [pool-52-thread-1] mapred.LocalJobRunner: 1 / 1 copied.
2024-04-24T05:21:17,738  INFO [pool-52-thread-1] exec.SerializationUtilities: Deserializing ReduceWork using kryo
2024-04-24T05:21:17,741  INFO [pool-52-thread-1] exec.Utilities: Deserialized plan (via FILE) - name: null size: 6,45KB
2024-04-24T05:21:17,744  INFO [pool-52-thread-1] ExecReducer: 
<SEL>Id =6
  <Children>
    <FS>Id =4
      <Children>
      <\Children>
      <Parent>Id = 6 null<\Parent>
    <\FS>
  <\Children>
  <Parent><\Parent>
<\SEL>
2024-04-24T05:21:17,744  INFO [pool-52-thread-1] exec.SelectOperator: Initializing Operator: SEL[6]
2024-04-24T05:21:17,745  INFO [pool-52-thread-1] exec.SelectOperator: SELECT struct<key:struct<_col2:int>,value:struct<_col0:int,_col1:int>>
2024-04-24T05:21:17,745  INFO [pool-52-thread-1] exec.FileSinkOperator: Initializing Operator: FS[4]
2024-04-24T05:21:17,746  INFO [pool-52-thread-1] exec.FileSinkOperator: Using serializer : AbstractSerDe [log=org.apache.logging.slf4j.Log4jLogger@5c8da227, configuration=Optional[Configuration: core-default.xml, core-site.xml, mapred-default.xml, mapred-site.xml, yarn-default.xml, yarn-site.xml, hdfs-default.xml, hdfs-site.xml, file:/home/alex/Repositories/hive/ql/target/tmp/TestTxnNoBuckets/mapred/local/localRunner/alex/job_local1700492914_0010/job_local1700492914_0010.xml], properties={name=default.tmp, columns.types=int:int, serialization.format=1, columns=c1,c2, columns.comments=&amp#0;, partition_columns.types=int, partition_columns=c3, bucketing_version=2, serialization.lib=org.apache.hadoop.hive.ql.io.orc.OrcSerde, file.inputformat=org.apache.hadoop.hive.ql.io.orc.OrcInputFormat, file.outputformat=org.apache.hadoop.hive.ql.io.orc.OrcOutputFormat, location=file:/home/alex/Repositories/hive/ql/target/tmp/org.apache.hadoop.hive.ql.TestTxnNoBuckets-1713961246971/warehouse/tmp, column.name.delimiter=,}, tableProperties={name=default.tmp, columns.types=int:int, serialization.format=1, columns=c1,c2, columns.comments=&amp#0;, partition_columns.types=int, partition_columns=c3, bucketing_version=2, serialization.lib=org.apache.hadoop.hive.ql.io.orc.OrcSerde, file.inputformat=org.apache.hadoop.hive.ql.io.orc.OrcInputFormat, location=file:/home/alex/Repositories/hive/ql/target/tmp/org.apache.hadoop.hive.ql.TestTxnNoBuckets-1713961246971/warehouse/tmp, file.outputformat=org.apache.hadoop.hive.ql.io.orc.OrcOutputFormat, column.name.delimiter=,}, partitionProperties=Optional.empty, columnNames=[c1, c2], columnTypes=[int, int], getClass()=class org.apache.hadoop.hive.ql.io.orc.OrcSerde] and formatter : org.apache.hadoop.hive.ql.io.orc.OrcOutputFormat@20e81ed9
2024-04-24T05:21:17,748  INFO [pool-52-thread-1] exec.FileSinkOperator: Final Path: FS file:/home/alex/Repositories/hive/ql/target/tmp/org.apache.hadoop.hive.ql.TestTxnNoBuckets-1713961246971/warehouse/tmp/.hive-staging_hive_2024-04-24_05-21-17_215_355326586796956150-1/_tmp.-ext-10000/c3=3/000000_0
2024-04-24T05:21:17,748  INFO [pool-52-thread-1] exec.FileSinkOperator: Writing to temp file: FS file:/home/alex/Repositories/hive/ql/target/tmp/org.apache.hadoop.hive.ql.TestTxnNoBuckets-1713961246971/warehouse/tmp/.hive-staging_hive_2024-04-24_05-21-17_215_355326586796956150-1/_task_tmp.-ext-10000/c3=3/_tmp.000000_0
2024-04-24T05:21:17,748  INFO [pool-52-thread-1] exec.FileSinkOperator: New Final Path: FS file:/home/alex/Repositories/hive/ql/target/tmp/org.apache.hadoop.hive.ql.TestTxnNoBuckets-1713961246971/warehouse/tmp/.hive-staging_hive_2024-04-24_05-21-17_215_355326586796956150-1/_tmp.-ext-10000/c3=3/000000_0
2024-04-24T05:21:17,749  INFO [pool-52-thread-1] exec.FileSinkOperator: FS[4]: records written - 1
2024-04-24T05:21:17,750  INFO [pool-52-thread-1] impl.PhysicalFsWriter: ORC writer created for path: file:/home/alex/Repositories/hive/ql/target/tmp/org.apache.hadoop.hive.ql.TestTxnNoBuckets-1713961246971/warehouse/tmp/.hive-staging_hive_2024-04-24_05-21-17_215_355326586796956150-1/_task_tmp.-ext-10000/c3=3/_tmp.000000_0 with stripeSize: 67108864 blockSize: 268435456 compression: Compress: ZLIB buffer: 262144
2024-04-24T05:21:17,774  INFO [pool-52-thread-1] impl.WriterImpl: ORC writer created for path: file:/home/alex/Repositories/hive/ql/target/tmp/org.apache.hadoop.hive.ql.TestTxnNoBuckets-1713961246971/warehouse/tmp/.hive-staging_hive_2024-04-24_05-21-17_215_355326586796956150-1/_task_tmp.-ext-10000/c3=3/_tmp.000000_0 with stripeSize: 67108864 options: Compress: ZLIB buffer: 262144
2024-04-24T05:21:17,781  INFO [pool-52-thread-1] exec.FileSinkOperator: Final Path: FS file:/home/alex/Repositories/hive/ql/target/tmp/org.apache.hadoop.hive.ql.TestTxnNoBuckets-1713961246971/warehouse/tmp/.hive-staging_hive_2024-04-24_05-21-17_215_355326586796956150-1/_tmp.-ext-10000/c3=4/000000_0
2024-04-24T05:21:17,781  INFO [pool-52-thread-1] exec.FileSinkOperator: Writing to temp file: FS file:/home/alex/Repositories/hive/ql/target/tmp/org.apache.hadoop.hive.ql.TestTxnNoBuckets-1713961246971/warehouse/tmp/.hive-staging_hive_2024-04-24_05-21-17_215_355326586796956150-1/_task_tmp.-ext-10000/c3=4/_tmp.000000_0
2024-04-24T05:21:17,781  INFO [pool-52-thread-1] exec.FileSinkOperator: New Final Path: FS file:/home/alex/Repositories/hive/ql/target/tmp/org.apache.hadoop.hive.ql.TestTxnNoBuckets-1713961246971/warehouse/tmp/.hive-staging_hive_2024-04-24_05-21-17_215_355326586796956150-1/_tmp.-ext-10000/c3=4/000000_0
2024-04-24T05:21:17,788  INFO [pool-52-thread-1] impl.PhysicalFsWriter: ORC writer created for path: file:/home/alex/Repositories/hive/ql/target/tmp/org.apache.hadoop.hive.ql.TestTxnNoBuckets-1713961246971/warehouse/tmp/.hive-staging_hive_2024-04-24_05-21-17_215_355326586796956150-1/_task_tmp.-ext-10000/c3=4/_tmp.000000_0 with stripeSize: 67108864 blockSize: 268435456 compression: Compress: ZLIB buffer: 262144
2024-04-24T05:21:17,801  INFO [pool-52-thread-1] impl.WriterImpl: ORC writer created for path: file:/home/alex/Repositories/hive/ql/target/tmp/org.apache.hadoop.hive.ql.TestTxnNoBuckets-1713961246971/warehouse/tmp/.hive-staging_hive_2024-04-24_05-21-17_215_355326586796956150-1/_task_tmp.-ext-10000/c3=4/_tmp.000000_0 with stripeSize: 67108864 options: Compress: ZLIB buffer: 262144
2024-04-24T05:21:17,801  INFO [pool-52-thread-1] exec.SelectOperator: Closing Operator: SEL[6]
2024-04-24T05:21:17,801  INFO [pool-52-thread-1] exec.SelectOperator: RECORDS_OUT_OPERATOR_SEL_6:2, RECORDS_OUT_INTERMEDIATE:0, 
2024-04-24T05:21:17,801  INFO [pool-52-thread-1] exec.FileSinkOperator: Closing Operator: FS[4]
2024-04-24T05:21:17,801  INFO [pool-52-thread-1] exec.FileSinkOperator: FS[4]: records written - 2
2024-04-24T05:21:17,806  INFO [pool-52-thread-1] common.FileUtils: Creating directory if it doesn't exist: file:/home/alex/Repositories/hive/ql/target/tmp/org.apache.hadoop.hive.ql.TestTxnNoBuckets-1713961246971/warehouse/tmp/.hive-staging_hive_2024-04-24_05-21-17_215_355326586796956150-1/_tmp.-ext-10000/c3=4
2024-04-24T05:21:17,813  INFO [pool-52-thread-1] common.FileUtils: Creating directory if it doesn't exist: file:/home/alex/Repositories/hive/ql/target/tmp/org.apache.hadoop.hive.ql.TestTxnNoBuckets-1713961246971/warehouse/tmp/.hive-staging_hive_2024-04-24_05-21-17_215_355326586796956150-1/_tmp.-ext-10000/c3=3
2024-04-24T05:21:17,834  INFO [pool-52-thread-1] exec.FileSinkOperator: RECORDS_OUT_OPERATOR_FS_4:2, RECORDS_OUT_INTERMEDIATE:0, TOTAL_TABLE_ROWS_WRITTEN:2, RECORDS_OUT_1_default.tmp:2, 
2024-04-24T05:21:17,835  INFO [pool-52-thread-1] mapred.Task: Task:attempt_local1700492914_0010_r_000000_0 is done. And is in the process of committing
2024-04-24T05:21:17,836  INFO [pool-52-thread-1] mapred.LocalJobRunner: reduce > reduce
2024-04-24T05:21:17,836  INFO [pool-52-thread-1] mapred.Task: Task 'attempt_local1700492914_0010_r_000000_0' done.
2024-04-24T05:21:17,836  INFO [pool-52-thread-1] mapred.Task: Final Counters for attempt_local1700492914_0010_r_000000_0: Counters: 31
	File System Counters
		FILE: Number of bytes read=155230
		FILE: Number of bytes written=11778337
		FILE: Number of read operations=0
		FILE: Number of large read operations=0
		FILE: Number of write operations=0
	Map-Reduce Framework
		Combine input records=0
		Combine output records=0
		Reduce input groups=2
		Reduce shuffle bytes=44
		Reduce input records=2
		Reduce output records=0
		Spilled Records=2
		Shuffled Maps =1
		Failed Shuffles=0
		Merged Map outputs=1
		GC time elapsed (ms)=0
		Total committed heap usage (bytes)=1098383360
	HIVE
		CREATED_DYNAMIC_PARTITIONS=1
		CREATED_FILES=2
		RECORDS_OUT_1_default.tmp=2
		RECORDS_OUT_INTERMEDIATE=0
		RECORDS_OUT_OPERATOR_FS_4=2
		RECORDS_OUT_OPERATOR_SEL_6=2
		TOTAL_TABLE_ROWS_WRITTEN=2
	Shuffle Errors
		BAD_ID=0
		CONNECTION=0
		IO_ERROR=0
		WRONG_LENGTH=0
		WRONG_MAP=0
		WRONG_REDUCE=0
	File Output Format Counters 
		Bytes Written=0
2024-04-24T05:21:17,836  INFO [pool-52-thread-1] mapred.LocalJobRunner: Finishing task: attempt_local1700492914_0010_r_000000_0
2024-04-24T05:21:17,837  INFO [Thread-615] mapred.LocalJobRunner: reduce task executor complete.
2024-04-24 05:21:18,676 Stage-1 map = 100%,  reduce = 100%
2024-04-24T05:21:18,677  INFO [main] exec.Task: 2024-04-24 05:21:18,676 Stage-1 map = 100%,  reduce = 100%
Ended Job = job_local1700492914_0010
2024-04-24T05:21:18,679  INFO [main] exec.Task: Ended Job = job_local1700492914_0010
2024-04-24T05:21:18,682  INFO [main] ql.Driver: Starting task [Stage-0:MOVE] in serial mode
Loading data to table default.tmp partition (c3=null)
2024-04-24T05:21:18,682  INFO [main] exec.Task: Loading data to table default.tmp partition (c3=null) from file:/home/alex/Repositories/hive/ql/target/tmp/org.apache.hadoop.hive.ql.TestTxnNoBuckets-1713961246971/warehouse/tmp/.hive-staging_hive_2024-04-24_05-21-17_215_355326586796956150-1/-ext-10000
2024-04-24T05:21:18,682  INFO [main] HiveMetaStore.audit: ugi=alex	ip=unknown-ip-addr	cmd=get_table : tbl=hive.default.tmp	
2024-04-24T05:21:18,692  INFO [main] metastore.HMSHandler: Skipping translation for processor with null
2024-04-24T05:21:18,692  INFO [main] exec.MoveTask: Partition is: {c3=null}


2024-04-24T05:21:18,693  INFO [main] exec.Task: 

2024-04-24T05:21:18,693  INFO [main] HiveMetaStore.audit: ugi=alex	ip=unknown-ip-addr	cmd=get_table : tbl=hive.default.tmp	
2024-04-24T05:21:18,703  INFO [main] metastore.HMSHandler: Skipping translation for processor with null
2024-04-24T05:21:18,703  INFO [main] HiveMetaStore.audit: ugi=alex	ip=unknown-ip-addr	cmd=get_table : tbl=hive.default.tmp	
2024-04-24T05:21:18,712  INFO [main] metastore.HMSHandler: Skipping translation for processor with null
2024-04-24T05:21:18,712  INFO [main] HiveMetaStore.audit: ugi=alex	ip=unknown-ip-addr	cmd=get_table : tbl=hive.default.tmp	
2024-04-24T05:21:18,722  INFO [main] metastore.HMSHandler: Skipping translation for processor with null
2024-04-24T05:21:18,722  INFO [main] HiveMetaStore.audit: ugi=alex	ip=unknown-ip-addr	cmd=get_partitions_names_ps : tbl=hive.default.tmp[]	
2024-04-24T05:21:18,732  INFO [main] HiveMetaStore.audit: ugi=alex	ip=unknown-ip-addr	cmd=get_table : tbl=hive.default.tmp	
2024-04-24T05:21:18,742  INFO [main] metastore.HMSHandler: Skipping translation for processor with null
2024-04-24T05:21:18,742  INFO [main] HiveMetaStore.audit: ugi=alex	ip=unknown-ip-addr	cmd=get_partitions_by_names : tbl=hive.default.tmp	
2024-04-24T05:21:18,774  INFO [main] metastore.HMSHandler: Skipping translation for processor with null
2024-04-24T05:21:18,778  INFO [load-dynamic-partitionsToAdd-0] metadata.Hive: New loading path = file:/home/alex/Repositories/hive/ql/target/tmp/org.apache.hadoop.hive.ql.TestTxnNoBuckets-1713961246971/warehouse/tmp/.hive-staging_hive_2024-04-24_05-21-17_215_355326586796956150-1/-ext-10000/c3=3 withPartSpec {c3=3}
2024-04-24T05:21:18,778  INFO [load-dynamic-partitionsToAdd-1] metadata.Hive: New loading path = file:/home/alex/Repositories/hive/ql/target/tmp/org.apache.hadoop.hive.ql.TestTxnNoBuckets-1713961246971/warehouse/tmp/.hive-staging_hive_2024-04-24_05-21-17_215_355326586796956150-1/-ext-10000/c3=4 withPartSpec {c3=4}
2024-04-24T05:21:18,779  INFO [load-dynamic-partitionsToAdd-1] metastore.HiveMetaStoreClient: HMS client filtering is enabled.
2024-04-24T05:21:18,780  INFO [load-dynamic-partitionsToAdd-1] metastore.HMSHandler: 6: Opening raw store with implementation class:org.apache.hadoop.hive.metastore.ObjectStore
2024-04-24T05:21:18,780  INFO [load-dynamic-partitionsToAdd-1] metastore.PersistenceManagerProvider: Configuration datanucleus.autoStartMechanismMode is not set. Defaulting to 'ignored'
2024-04-24T05:21:18,780  INFO [load-dynamic-partitionsToAdd-1] metastore.ObjectStore: RawStore: org.apache.hadoop.hive.metastore.ObjectStore@3f07b442, with PersistenceManager: null will be shutdown
2024-04-24T05:21:18,781  INFO [load-dynamic-partitionsToAdd-1] metastore.ObjectStore: RawStore: org.apache.hadoop.hive.metastore.ObjectStore@3f07b442, with PersistenceManager: org.datanucleus.api.jdo.JDOPersistenceManager@31487bfb created in the thread with id: 751
2024-04-24T05:21:18,784  INFO [load-dynamic-partitionsToAdd-1] metastore.HMSHandler: Created RawStore: org.apache.hadoop.hive.metastore.ObjectStore@3f07b442 from thread id: 751
2024-04-24T05:21:18,784  INFO [load-dynamic-partitionsToAdd-1] metastore.HMSHandler: HMS server filtering is disabled by configuration
2024-04-24T05:21:18,784  INFO [load-dynamic-partitionsToAdd-1] metastore.RetryingMetaStoreClient: RetryingMetaStoreClient proxy=class org.apache.hadoop.hive.ql.metadata.SessionHiveMetaStoreClient ugi=alex (auth:SIMPLE) retries=1 delay=1 lifetime=0
2024-04-24T05:21:18,784  INFO [load-dynamic-partitionsToAdd-1] HiveMetaStore.audit: ugi=alex	ip=unknown-ip-addr	cmd=get_database: default	
2024-04-24T05:21:18,786  INFO [load-dynamic-partitionsToAdd-1] common.FileUtils: Creating directory if it doesn't exist: file:/home/alex/Repositories/hive/ql/target/tmp/org.apache.hadoop.hive.ql.TestTxnNoBuckets-1713961246971/warehouse/tmp/c3=4
2024-04-24T05:21:18,789  INFO [load-dynamic-partitionsToAdd-1] HiveMetaStore.audit: ugi=alex	ip=unknown-ip-addr	cmd=Cleaning up thread local RawStore...	
2024-04-24T05:21:18,789  INFO [load-dynamic-partitionsToAdd-1] metastore.ObjectStore: RawStore: org.apache.hadoop.hive.metastore.ObjectStore@3f07b442, with PersistenceManager: org.datanucleus.api.jdo.JDOPersistenceManager@31487bfb will be shutdown
2024-04-24T05:21:18,789  INFO [load-dynamic-partitionsToAdd-1] HiveMetaStore.audit: ugi=alex	ip=unknown-ip-addr	cmd=Done cleaning up thread local RawStore	
2024-04-24T05:21:18,789  INFO [load-dynamic-partitionsToAdd-1] metastore.HiveMetaStoreClient: Closed a connection to metastore, current connections: -5
2024-04-24T05:21:18,789  INFO [main] metadata.Hive: Number of partitionsToAdd to be added is 2
2024-04-24T05:21:18,789  INFO [main] HiveMetaStore.audit: ugi=alex	ip=unknown-ip-addr	cmd=add_partitions	
2024-04-24T05:21:18,822  INFO [main] HiveMetaStore.audit: ugi=alex	ip=unknown-ip-addr	cmd=alter_partitions : tbl=hive.default.tmp	
2024-04-24T05:21:18,822  INFO [main] metastore.HMSHandler: New partition values:[3]
2024-04-24T05:21:18,893  INFO [main] metadata.Hive: Loaded 2partitionsToAdd
	 Time taken to load dynamic partitions: 0.2 seconds
2024-04-24T05:21:18,893  INFO [main] exec.Task: 	 Time taken to load dynamic partitions: 0.2 seconds
2024-04-24T05:21:18,893  INFO [main] exec.MoveTask: 	 Time taken to load dynamic partitions: 0.2 seconds
2024-04-24T05:21:18,893  INFO [main] exec.MoveTask: Loading partition {c3=3}
2024-04-24T05:21:18,893  INFO [main] exec.MoveTask: Loading partition {c3=4}
	 Time taken for adding to write entity : 0.0 seconds
2024-04-24T05:21:18,893  INFO [main] exec.Task: 	 Time taken for adding to write entity : 0.0 seconds
2024-04-24T05:21:18,893  INFO [main] ql.Driver: Starting task [Stage-2:STATS] in serial mode
2024-04-24T05:21:18,893  INFO [main] HiveMetaStore.audit: ugi=alex	ip=unknown-ip-addr	cmd=get_table : tbl=hive.default.tmp	
2024-04-24T05:21:18,902  INFO [main] metastore.HMSHandler: Skipping translation for processor with null
2024-04-24T05:21:18,902  INFO [main] stats.BasicStatsTask: Executing stats task
2024-04-24T05:21:18,902  INFO [main] fs.FSStatsPublisher: created : file:/home/alex/Repositories/hive/ql/target/tmp/localscratchdir/d5a4d20d-09e1-4bfd-b1f6-f0e7b6b7b109/hive_2024-04-24_05-21-17_215_355326586796956150-1/-mr-10001
2024-04-24T05:21:18,904  INFO [main] HiveMetaStore.audit: ugi=alex	ip=unknown-ip-addr	cmd=get_table : tbl=hive.default.tmp	
2024-04-24T05:21:18,912  INFO [main] metastore.HMSHandler: Skipping translation for processor with null
2024-04-24T05:21:18,913  INFO [main] FileOperations: Read stats for default.tmp/c3=3/, numRows, true, 1, false: 
2024-04-24T05:21:18,913  INFO [main] FileOperations: Read stats for default.tmp/c3=3/, rawDataSize, true, 8, false: 
2024-04-24T05:21:18,913  INFO [main] stats.BasicStatsTask: Partition {c3=3} stats: [numFiles=2, numRows=2, totalSize=484, rawDataSize=16, numFilesErasureCoded=0]
2024-04-24T05:21:18,913  INFO [main] FileOperations: Read stats for default.tmp/c3=4/, numRows, true, 1, false: 
2024-04-24T05:21:18,913  INFO [main] FileOperations: Read stats for default.tmp/c3=4/, rawDataSize, true, 8, false: 
2024-04-24T05:21:18,914  INFO [main] stats.BasicStatsTask: Partition {c3=4} stats: [numFiles=1, numRows=1, totalSize=242, rawDataSize=8, numFilesErasureCoded=0]
2024-04-24T05:21:18,914  INFO [main] HiveMetaStore.audit: ugi=alex	ip=unknown-ip-addr	cmd=alter_partitions : tbl=hive.default.tmp	
2024-04-24T05:21:18,914  INFO [main] metastore.HMSHandler: New partition values:[3]
2024-04-24T05:21:18,914  INFO [main] metastore.HMSHandler: New partition values:[4]
2024-04-24T05:21:18,978  INFO [main] metadata.Hive: Dumping metastore api call timing information for : execution phase
2024-04-24T05:21:18,978  INFO [main] metadata.Hive: Total time spent in each metastore function (ms): {getTable_(GetTableRequest)=47, listPartitionNamesRequest_(GetPartitionNamesPsRequest)=20, alter_partitions_(String, String, List, EnvironmentContext, String, long)=63, alter_partitions_(String, String, String, List, EnvironmentContext, String, long)=71, add_partitions_(List)=32, isCompatibleWith_(Configuration)=0, getPartitionsByNames_(String, String, List, boolean, String)=45}
MapReduce Jobs Launched: 
2024-04-24T05:21:18,978  INFO [main] ql.Driver: MapReduce Jobs Launched: 
Stage-Stage-1:  HDFS Read: 0 HDFS Write: 0 SUCCESS
2024-04-24T05:21:18,978  INFO [main] ql.Driver: Stage-Stage-1:  HDFS Read: 0 HDFS Write: 0 SUCCESS
Total MapReduce CPU Time Spent: 0 msec
2024-04-24T05:21:18,978  INFO [main] ql.Driver: Total MapReduce CPU Time Spent: 0 msec
2024-04-24T05:21:18,978  INFO [main] ql.Driver: Completed executing command(queryId=alex_20240424052117_a2892f03-e8ad-40af-874b-73675f9d8671); Time taken: 1.577 seconds
2024-04-24T05:21:18,978  INFO [main] lockmgr.DbTxnManager: Stopped heartbeat for query: alex_20240424052117_a2892f03-e8ad-40af-874b-73675f9d8671
2024-04-24T05:21:18,982  INFO [main] txn.TxnHandler: Expected to move at least one record from txn_components to completed_txn_components when committing txn! txnid:17
2024-04-24T05:21:18,988  INFO [main] txn.TxnHandler: Removed transactions: ([17]) from MIN_HISTORY_LEVEL
2024-04-24T05:21:18,990  WARN [main] txn.CompactionTxnHandler: No compaction queue record found for Compaction type transaction commit. txnId:17
2024-04-24T05:21:18,990  INFO [main] ql.TxnCommandsBaseForTests: Running the query: insert into tmp  values(5,5,5),(6,6,6)
2024-04-24T05:21:18,991  INFO [main] ql.Context: Deleting scratch dir: file:/home/alex/Repositories/hive/ql/target/tmp/localscratchdir/d5a4d20d-09e1-4bfd-b1f6-f0e7b6b7b109/hive_2024-04-24_05-21-17_215_355326586796956150-1
2024-04-24T05:21:18,991  INFO [main] cleanup.SyncCleanupService: Deleted directory: file:/home/alex/Repositories/hive/ql/target/tmp/localscratchdir/d5a4d20d-09e1-4bfd-b1f6-f0e7b6b7b109/hive_2024-04-24_05-21-17_215_355326586796956150-1 on fs with scheme file
2024-04-24T05:21:18,991  INFO [main] ql.Context: Deleting scratch dir: file:/home/alex/Repositories/hive/ql/target/tmp/org.apache.hadoop.hive.ql.TestTxnNoBuckets-1713961246971/warehouse/tmp/.hive-staging_hive_2024-04-24_05-21-17_215_355326586796956150-1
2024-04-24T05:21:18,992  INFO [main] cleanup.SyncCleanupService: Deleted directory: file:/home/alex/Repositories/hive/ql/target/tmp/org.apache.hadoop.hive.ql.TestTxnNoBuckets-1713961246971/warehouse/tmp/.hive-staging_hive_2024-04-24_05-21-17_215_355326586796956150-1 on fs with scheme file
2024-04-24T05:21:18,992  INFO [main] ql.Driver: Compiling command(queryId=alex_20240424052118_1e027357-5a74-4c0b-8fae-25e08dff75de): insert into tmp  values(5,5,5),(6,6,6)
2024-04-24T05:21:19,001  INFO [main] txn.TxnHandler: Added entries to MIN_HISTORY_LEVEL for current txns: ([18]) with min_open_txn: 18
2024-04-24T05:21:19,001  INFO [main] lockmgr.DbTxnManager: Opened txnid:18
2024-04-24T05:21:19,003  INFO [main] parse.CalcitePlanner: Starting caching scope for: 
2024-04-24T05:21:19,003  INFO [main] parse.CalcitePlanner: Starting Semantic Analysis
2024-04-24T05:21:19,006  INFO [main] HiveMetaStore.audit: ugi=alex	ip=unknown-ip-addr	cmd=get_table : tbl=hive.default.tmp	
2024-04-24T05:21:19,015  INFO [main] metastore.HMSHandler: Skipping translation for processor with null
2024-04-24T05:21:19,016  INFO [main] parse.CalcitePlanner: Completed phase 1 of Semantic Analysis
2024-04-24T05:21:19,016  INFO [main] parse.CalcitePlanner: Get metadata for source tables
2024-04-24T05:21:19,016  INFO [main] parse.CalcitePlanner: Get metadata for subqueries
2024-04-24T05:21:19,016  INFO [main] parse.CalcitePlanner: Get metadata for destination tables
2024-04-24T05:21:19,016  INFO [main] HiveMetaStore.audit: ugi=alex	ip=unknown-ip-addr	cmd=get_table : tbl=hive.default.tmp	
2024-04-24T05:21:19,027  INFO [main] metastore.HMSHandler: Skipping translation for processor with null
2024-04-24T05:21:19,027  INFO [main] parse.CalcitePlanner: Completed getting MetaData in Semantic Analysis
2024-04-24T05:21:19,027  INFO [main] parse.CalcitePlanner: Disabling LLAP IO encode as ETL query is detected
2024-04-24T05:21:19,047  INFO [main] HiveMetaStore.audit: ugi=alex	ip=unknown-ip-addr	cmd=get_all_table_constraints : tbl=hive._dummy_database._dummy_table	
2024-04-24T05:21:19,119  INFO [main] parse.CalcitePlanner: Get metadata for source tables
2024-04-24T05:21:19,119  INFO [main] parse.CalcitePlanner: Get metadata for subqueries
2024-04-24T05:21:19,119  INFO [main] parse.CalcitePlanner: Get metadata for source tables
2024-04-24T05:21:19,120  INFO [main] HiveMetaStore.audit: ugi=alex	ip=unknown-ip-addr	cmd=get_table : tbl=hive._dummy_database._dummy_table	
2024-04-24T05:21:19,123  INFO [main] parse.CalcitePlanner: Get metadata for subqueries
2024-04-24T05:21:19,123  INFO [main] parse.CalcitePlanner: Get metadata for destination tables
2024-04-24T05:21:19,123  INFO [main] parse.CalcitePlanner: Get metadata for destination tables
2024-04-24T05:21:19,123  INFO [main] HiveMetaStore.audit: ugi=alex	ip=unknown-ip-addr	cmd=get_table : tbl=hive.default.tmp	
2024-04-24T05:21:19,133  INFO [main] metastore.HMSHandler: Skipping translation for processor with null
2024-04-24T05:21:19,135  INFO [main] common.FileUtils: Creating directory if it doesn't exist: file:/home/alex/Repositories/hive/ql/target/tmp/org.apache.hadoop.hive.ql.TestTxnNoBuckets-1713961246971/warehouse/tmp/.hive-staging_hive_2024-04-24_05-21-18_992_7830103949775929282-1
2024-04-24T05:21:19,138  INFO [main] HiveMetaStore.audit: ugi=alex	ip=unknown-ip-addr	cmd=get_not_null_constraints : tbl=hive.default.tmp	
2024-04-24T05:21:19,139  INFO [main] HiveMetaStore.audit: ugi=alex	ip=unknown-ip-addr	cmd=get_check_constraints : tbl=hive.default.tmp	
2024-04-24T05:21:19,140  INFO [main] parse.CalcitePlanner: CBO Succeeded; optimized logical plan.
2024-04-24T05:21:19,143  INFO [main] optimizer.BucketVersionPopulator: not considering bucketingVersion for: TS[0] because it has -1<2 buckets 
2024-04-24T05:21:19,143  INFO [main] optimizer.SortedDynPartitionOptimizer: Sorted dynamic partitioning optimization kicked in..
2024-04-24T05:21:19,144  INFO [main] optimizer.SortedDynPartitionOptimizer: Inserted RS_5 and SEL_6 as parent of FS_4 and child of SEL_3
2024-04-24T05:21:19,153  INFO [main] HiveMetaStore.audit: ugi=alex	ip=unknown-ip-addr	cmd=get_table : tbl=hive.default.tmp	
2024-04-24T05:21:19,163  INFO [main] metastore.HMSHandler: Skipping translation for processor with null
2024-04-24T05:21:19,164  INFO [main] parse.CalcitePlanner: Completed plan generation
2024-04-24T05:21:19,164  INFO [main] parse.CalcitePlanner: Ending caching scope for: 
2024-04-24T05:21:19,164  INFO [main] ql.Driver: Semantic Analysis Completed (retrial = false)
2024-04-24T05:21:19,164  INFO [main] ql.Driver: Created Hive schema: Schema(fieldSchemas:[FieldSchema(name:col1, type:int, comment:null), FieldSchema(name:col2, type:int, comment:null), FieldSchema(name:col3, type:int, comment:null)], properties:null)
2024-04-24T05:21:19,164  INFO [main] metadata.Hive: Dumping metastore api call timing information for : compilation phase
2024-04-24T05:21:19,164  INFO [main] metadata.Hive: Total time spent in each metastore function (ms): {getTable_(GetTableRequest)=42, getValidTxns_(long)=2, flushCache_()=0, commitTxn_(CommitTxnRequest)=11, getCheckConstraints_(CheckConstraintsRequest)=1, getMetaConf_(String)=1, getAllTableConstraints_(AllTableConstraintsRequest)=25, isCompatibleWith_(Configuration)=1, getValidWriteIds_(List, String)=2, getNotNullConstraints_(NotNullConstraintsRequest)=2, openTxn_(String, TxnType)=8}
2024-04-24T05:21:19,165  INFO [main] ql.Driver: Completed compiling command(queryId=alex_20240424052118_1e027357-5a74-4c0b-8fae-25e08dff75de); Time taken: 0.172 seconds
2024-04-24T05:21:19,165  INFO [main] lockmgr.DbTxnManager: Setting lock request transaction to txnid:18 for queryId=alex_20240424052118_1e027357-5a74-4c0b-8fae-25e08dff75de
2024-04-24T05:21:19,165  INFO [main] lockmgr.DbLockManager: Requesting lock for queryId=alex_20240424052118_1e027357-5a74-4c0b-8fae-25e08dff75de
2024-04-24T05:21:19,180  INFO [main] lockmgr.DbLockManager: Response to queryId=alex_20240424052118_1e027357-5a74-4c0b-8fae-25e08dff75de LockResponse(lockid:11, state:ACQUIRED)
2024-04-24T05:21:19,180  INFO [main] ql.Driver: Operation QUERY obtained 1 locks
2024-04-24T05:21:19,180  INFO [main] ql.Driver: Executing command(queryId=alex_20240424052118_1e027357-5a74-4c0b-8fae-25e08dff75de): insert into tmp  values(5,5,5),(6,6,6)
2024-04-24T05:21:19,181  WARN [main] ql.Driver: Hive-on-MR is deprecated in Hive 2 and may not be available in the future versions. Consider using a different execution engine (i.e. tez, spark) or using Hive 1.X releases.
Query ID = alex_20240424052118_1e027357-5a74-4c0b-8fae-25e08dff75de
2024-04-24T05:21:19,181  INFO [main] ql.Driver: Query ID = alex_20240424052118_1e027357-5a74-4c0b-8fae-25e08dff75de
Total jobs = 1
2024-04-24T05:21:19,181  INFO [main] ql.Driver: Total jobs = 1
Launching Job 1 out of 1
2024-04-24T05:21:19,181  INFO [main] ql.Driver: Launching Job 1 out of 1
2024-04-24T05:21:19,306  INFO [main] ql.Driver: Starting task [Stage-1:MAPRED] in serial mode
2024-04-24T05:21:19,306  INFO [main] exec.Utilities: Not using thread pool for getContentSummary
2024-04-24T05:21:19,307  INFO [main] exec.Utilities: BytesPerReducer=256000000 maxReducers=1009 totalInputFileSize=1
Number of reduce tasks not specified. Estimated from input data size: 1
2024-04-24T05:21:19,307  INFO [main] exec.Task: Number of reduce tasks not specified. Estimated from input data size: 1
In order to change the average load for a reducer (in bytes):
2024-04-24T05:21:19,307  INFO [main] exec.Task: In order to change the average load for a reducer (in bytes):
  set hive.exec.reducers.bytes.per.reducer=<number>
2024-04-24T05:21:19,307  INFO [main] exec.Task:   set hive.exec.reducers.bytes.per.reducer=<number>
In order to limit the maximum number of reducers:
2024-04-24T05:21:19,307  INFO [main] exec.Task: In order to limit the maximum number of reducers:
  set hive.exec.reducers.max=<number>
2024-04-24T05:21:19,307  INFO [main] exec.Task:   set hive.exec.reducers.max=<number>
In order to set a constant number of reducers:
2024-04-24T05:21:19,307  INFO [main] exec.Task: In order to set a constant number of reducers:
  set mapreduce.job.reduces=<number>
2024-04-24T05:21:19,307  INFO [main] exec.Task:   set mapreduce.job.reduces=<number>
2024-04-24T05:21:19,314  INFO [main] mr.ExecDriver: Using org.apache.hadoop.hive.ql.io.HiveInputFormat
2024-04-24T05:21:19,314  INFO [main] exec.Utilities: Processing alias $hdt$_0:_dummy_table
2024-04-24T05:21:19,314  INFO [main] exec.Utilities: Adding 1 inputs; the first input is file:/home/alex/Repositories/hive/ql/target/tmp/localscratchdir/d5a4d20d-09e1-4bfd-b1f6-f0e7b6b7b109/hive_2024-04-24_05-21-18_992_7830103949775929282-1/dummy_path
2024-04-24T05:21:19,323  INFO [main] exec.SerializationUtilities: Serializing MapWork using kryo
2024-04-24T05:21:19,324  INFO [main] exec.Utilities: Serialized plan (via FILE) - name: null size: 5,09KB
2024-04-24T05:21:19,329  INFO [main] exec.SerializationUtilities: Serializing ReduceWork using kryo
2024-04-24T05:21:19,330  INFO [main] exec.Utilities: Serialized plan (via FILE) - name: null size: 6,46KB
2024-04-24T05:21:19,331  WARN [main] impl.MetricsSystemImpl: JobTracker metrics system already initialized!
2024-04-24T05:21:19,335  INFO [main] fs.FSStatsPublisher: created : file:/home/alex/Repositories/hive/ql/target/tmp/localscratchdir/d5a4d20d-09e1-4bfd-b1f6-f0e7b6b7b109/hive_2024-04-24_05-21-18_992_7830103949775929282-1/-mr-10001
2024-04-24T05:21:19,339  WARN [main] impl.MetricsSystemImpl: JobTracker metrics system already initialized!
2024-04-24T05:21:19,346  WARN [main] mapreduce.JobResourceUploader: Hadoop command-line option parsing not performed. Implement the Tool interface and execute your application with ToolRunner to remedy this.
2024-04-24T05:21:19,350  WARN [main] mapreduce.JobResourceUploader: No job jar file set.  User classes may not be found. See Job or Job#setJar(String).
2024-04-24T05:21:19,351  INFO [main] io.HiveInputFormat: hive.io.file.readcolumn.ids = 
2024-04-24T05:21:19,351  INFO [main] io.HiveInputFormat: hive.io.file.readcolumn.names = 
2024-04-24T05:21:19,351  INFO [main] io.HiveInputFormat: Generating splits for dirs: file:/home/alex/Repositories/hive/ql/target/tmp/localscratchdir/d5a4d20d-09e1-4bfd-b1f6-f0e7b6b7b109/hive_2024-04-24_05-21-18_992_7830103949775929282-1/dummy_path
2024-04-24T05:21:19,352  INFO [main] io.HiveInputFormat: number of splits 1
2024-04-24T05:21:19,368  INFO [main] mapreduce.JobSubmitter: number of splits:1
2024-04-24T05:21:19,387  INFO [main] mapreduce.JobSubmitter: Submitting tokens for job: job_local1298639467_0011
2024-04-24T05:21:19,387  INFO [main] mapreduce.JobSubmitter: Executing with tokens: []
2024-04-24T05:21:19,448  INFO [main] mapreduce.Job: The url to track the job: http://localhost:8080/
Job running in-process (local Hadoop)
2024-04-24T05:21:19,448  INFO [main] exec.Task: Job running in-process (local Hadoop)
2024-04-24T05:21:19,448  INFO [Thread-676] mapred.LocalJobRunner: OutputCommitter set in config org.apache.hadoop.hive.ql.io.HiveFileFormatUtils$NullOutputCommitter
2024-04-24T05:21:19,448  INFO [Thread-676] mapred.LocalJobRunner: OutputCommitter is org.apache.hadoop.hive.ql.io.HiveFileFormatUtils$NullOutputCommitter
2024-04-24T05:21:19,449  INFO [Thread-676] mapred.LocalJobRunner: Waiting for map tasks
2024-04-24T05:21:19,450  INFO [LocalJobRunner Map Task Executor #0] mapred.LocalJobRunner: Starting task: attempt_local1298639467_0011_m_000000_0
2024-04-24T05:21:19,450  INFO [LocalJobRunner Map Task Executor #0] mapred.Task:  Using ResourceCalculatorProcessTree : [ ]
2024-04-24T05:21:19,451  INFO [LocalJobRunner Map Task Executor #0] mapred.MapTask: Processing split: org.apache.hadoop.hive.ql.io.NullRowsInputFormat:file:/home/alex/Repositories/hive/ql/target/tmp/localscratchdir/d5a4d20d-09e1-4bfd-b1f6-f0e7b6b7b109/hive_2024-04-24_05-21-18_992_7830103949775929282-1/dummy_path/null:0+1
2024-04-24T05:21:19,451  INFO [LocalJobRunner Map Task Executor #0] exec.SerializationUtilities: Deserializing MapWork using kryo
2024-04-24T05:21:19,452  INFO [LocalJobRunner Map Task Executor #0] exec.Utilities: Deserialized plan (via FILE) - name: null size: 5,09KB
2024-04-24T05:21:19,452  INFO [LocalJobRunner Map Task Executor #0] mapred.MapTask: numReduceTasks: 1
2024-04-24T05:21:19,456  INFO [LocalJobRunner Map Task Executor #0] mapred.MapTask: (EQUATOR) 0 kvi 26214396(104857584)
2024-04-24T05:21:19,456  INFO [LocalJobRunner Map Task Executor #0] mapred.MapTask: mapreduce.task.io.sort.mb: 100
2024-04-24T05:21:19,456  INFO [LocalJobRunner Map Task Executor #0] mapred.MapTask: soft limit at 83886080
2024-04-24T05:21:19,456  INFO [LocalJobRunner Map Task Executor #0] mapred.MapTask: bufstart = 0; bufvoid = 104857600
2024-04-24T05:21:19,456  INFO [LocalJobRunner Map Task Executor #0] mapred.MapTask: kvstart = 26214396; length = 6553600
2024-04-24T05:21:19,457  INFO [LocalJobRunner Map Task Executor #0] mapred.MapTask: Map output collector class = org.apache.hadoop.mapred.MapTask$MapOutputBuffer
2024-04-24T05:21:19,457  INFO [LocalJobRunner Map Task Executor #0] exec.MapOperator: Initializing Operator: MAP[0]
2024-04-24T05:21:19,458  INFO [LocalJobRunner Map Task Executor #0] mr.ExecMapper: 
<MAP>Id =0
  <Children>null
  <\Children>
  <Parent><\Parent>
<\MAP>
2024-04-24T05:21:19,459  INFO [LocalJobRunner Map Task Executor #0] exec.TableScanOperator: Initializing Operator: TS[0]
2024-04-24T05:21:19,459  INFO [LocalJobRunner Map Task Executor #0] exec.SelectOperator: Initializing Operator: SEL[1]
2024-04-24T05:21:19,459  INFO [LocalJobRunner Map Task Executor #0] exec.SelectOperator: SELECT null
2024-04-24T05:21:19,459  INFO [LocalJobRunner Map Task Executor #0] exec.UDTFOperator: Initializing Operator: UDTF[2]
2024-04-24T05:21:19,459  INFO [LocalJobRunner Map Task Executor #0] exec.SelectOperator: Initializing Operator: SEL[3]
2024-04-24T05:21:19,459  INFO [LocalJobRunner Map Task Executor #0] exec.SelectOperator: SELECT struct<col1:int,col2:int,col3:int>
2024-04-24T05:21:19,460  INFO [LocalJobRunner Map Task Executor #0] exec.ReduceSinkOperator: Initializing Operator: RS[5]
2024-04-24T05:21:19,460  INFO [LocalJobRunner Map Task Executor #0] exec.ReduceSinkOperator: Using tag = -1
2024-04-24T05:21:19,460  INFO [LocalJobRunner Map Task Executor #0] exec.ReduceSinkOperator: keys are [_col2] num distributions: 1
2024-04-24T05:21:19,461  INFO [LocalJobRunner Map Task Executor #0] exec.ReduceSinkOperator: RS[5]: records written - 1
2024-04-24T05:21:19,461  INFO [LocalJobRunner Map Task Executor #0] exec.MapOperator: MAP[0]: records read - 1
2024-04-24T05:21:19,461  INFO [LocalJobRunner Map Task Executor #0] exec.MapOperator: Closing Operator: MAP[0]
2024-04-24T05:21:19,461  INFO [LocalJobRunner Map Task Executor #0] exec.MapOperator: MAP[0]: Total records read - 3. abort - false
2024-04-24T05:21:19,461  INFO [LocalJobRunner Map Task Executor #0] exec.MapOperator: RECORDS_OUT_INTERMEDIATE:0, RECORDS_OUT_OPERATOR_MAP_0:0, RECORDS_IN:3, DESERIALIZE_ERRORS:0, 
2024-04-24T05:21:19,461  INFO [LocalJobRunner Map Task Executor #0] exec.TableScanOperator: Closing Operator: TS[0]
2024-04-24T05:21:19,461  INFO [LocalJobRunner Map Task Executor #0] exec.TableScanOperator: RECORDS_OUT_OPERATOR_TS_0:1, RECORDS_OUT_INTERMEDIATE:0, 
2024-04-24T05:21:19,462  INFO [LocalJobRunner Map Task Executor #0] exec.SelectOperator: Closing Operator: SEL[1]
2024-04-24T05:21:19,462  INFO [LocalJobRunner Map Task Executor #0] exec.SelectOperator: RECORDS_OUT_OPERATOR_SEL_1:1, RECORDS_OUT_INTERMEDIATE:0, 
2024-04-24T05:21:19,462  INFO [LocalJobRunner Map Task Executor #0] exec.UDTFOperator: Closing Operator: UDTF[2]
2024-04-24T05:21:19,462  INFO [LocalJobRunner Map Task Executor #0] exec.UDTFOperator: RECORDS_OUT_INTERMEDIATE:0, RECORDS_OUT_OPERATOR_UDTF_2:2, 
2024-04-24T05:21:19,462  INFO [LocalJobRunner Map Task Executor #0] exec.SelectOperator: Closing Operator: SEL[3]
2024-04-24T05:21:19,462  INFO [LocalJobRunner Map Task Executor #0] exec.SelectOperator: RECORDS_OUT_OPERATOR_SEL_3:2, RECORDS_OUT_INTERMEDIATE:0, 
2024-04-24T05:21:19,462  INFO [LocalJobRunner Map Task Executor #0] exec.ReduceSinkOperator: Closing Operator: RS[5]
2024-04-24T05:21:19,462  INFO [LocalJobRunner Map Task Executor #0] exec.ReduceSinkOperator: RS[5]: Total records written - 2. abort - false
2024-04-24T05:21:19,462  INFO [LocalJobRunner Map Task Executor #0] exec.ReduceSinkOperator: RECORDS_OUT_OPERATOR_RS_5:2, RECORDS_OUT_INTERMEDIATE:2, 
2024-04-24T05:21:19,463  INFO [LocalJobRunner Map Task Executor #0] mapred.LocalJobRunner: 
2024-04-24T05:21:19,463  INFO [LocalJobRunner Map Task Executor #0] mapred.MapTask: Starting flush of map output
2024-04-24T05:21:19,463  INFO [LocalJobRunner Map Task Executor #0] mapred.MapTask: Spilling map output
2024-04-24T05:21:19,463  INFO [LocalJobRunner Map Task Executor #0] mapred.MapTask: bufstart = 0; bufend = 34; bufvoid = 104857600
2024-04-24T05:21:19,463  INFO [LocalJobRunner Map Task Executor #0] mapred.MapTask: kvstart = 26214396(104857584); kvend = 26214392(104857568); length = 5/6553600
2024-04-24T05:21:19,473  INFO [LocalJobRunner Map Task Executor #0] mapred.MapTask: Finished spill 0
2024-04-24T05:21:19,477  INFO [LocalJobRunner Map Task Executor #0] mapred.Task: Task:attempt_local1298639467_0011_m_000000_0 is done. And is in the process of committing
2024-04-24T05:21:19,477  INFO [LocalJobRunner Map Task Executor #0] mapred.LocalJobRunner: map
2024-04-24T05:21:19,477  INFO [LocalJobRunner Map Task Executor #0] mapred.Task: Task 'attempt_local1298639467_0011_m_000000_0' done.
2024-04-24T05:21:19,478  INFO [LocalJobRunner Map Task Executor #0] mapred.Task: Final Counters for attempt_local1298639467_0011_m_000000_0: Counters: 26
	File System Counters
		FILE: Number of bytes read=160901
		FILE: Number of bytes written=12960174
		FILE: Number of read operations=0
		FILE: Number of large read operations=0
		FILE: Number of write operations=0
	Map-Reduce Framework
		Map input records=4
		Map output records=2
		Map output bytes=34
		Map output materialized bytes=44
		Input split bytes=361
		Combine input records=0
		Spilled Records=2
		Failed Shuffles=0
		Merged Map outputs=0
		GC time elapsed (ms)=0
		Total committed heap usage (bytes)=1120927744
	HIVE
		DESERIALIZE_ERRORS=0
		RECORDS_IN=3
		RECORDS_OUT_INTERMEDIATE=2
		RECORDS_OUT_OPERATOR_MAP_0=0
		RECORDS_OUT_OPERATOR_RS_5=2
		RECORDS_OUT_OPERATOR_SEL_1=1
		RECORDS_OUT_OPERATOR_SEL_3=2
		RECORDS_OUT_OPERATOR_TS_0=1
		RECORDS_OUT_OPERATOR_UDTF_2=2
	File Input Format Counters 
		Bytes Read=5143
2024-04-24T05:21:19,478  INFO [LocalJobRunner Map Task Executor #0] mapred.LocalJobRunner: Finishing task: attempt_local1298639467_0011_m_000000_0
2024-04-24T05:21:19,478  INFO [Thread-676] mapred.LocalJobRunner: map task executor complete.
2024-04-24T05:21:19,479  INFO [Thread-676] mapred.LocalJobRunner: Waiting for reduce tasks
2024-04-24T05:21:19,479  INFO [pool-61-thread-1] mapred.LocalJobRunner: Starting task: attempt_local1298639467_0011_r_000000_0
2024-04-24T05:21:19,480  INFO [pool-61-thread-1] mapred.Task:  Using ResourceCalculatorProcessTree : [ ]
2024-04-24T05:21:19,480  INFO [pool-61-thread-1] mapred.ReduceTask: Using ShuffleConsumerPlugin: org.apache.hadoop.mapreduce.task.reduce.Shuffle@5acfa923
2024-04-24T05:21:19,480  WARN [pool-61-thread-1] impl.MetricsSystemImpl: JobTracker metrics system already initialized!
2024-04-24T05:21:19,481  INFO [pool-61-thread-1] reduce.MergeManagerImpl: MergerManager: memoryLimit=1336252800, maxSingleShuffleLimit=334063200, mergeThreshold=881926912, ioSortFactor=10, memToMemMergeOutputsThreshold=10
2024-04-24T05:21:19,481  INFO [EventFetcher for fetching Map Completion Events] reduce.EventFetcher: attempt_local1298639467_0011_r_000000_0 Thread started: EventFetcher for fetching Map Completion Events
2024-04-24T05:21:19,482  INFO [localfetcher#8] reduce.LocalFetcher: localfetcher#8 about to shuffle output of map attempt_local1298639467_0011_m_000000_0 decomp: 40 len: 44 to MEMORY
2024-04-24T05:21:19,482  INFO [localfetcher#8] reduce.InMemoryMapOutput: Read 40 bytes from map-output for attempt_local1298639467_0011_m_000000_0
2024-04-24T05:21:19,482  INFO [localfetcher#8] reduce.MergeManagerImpl: closeInMemoryFile -> map-output of size: 40, inMemoryMapOutputs.size() -> 1, commitMemory -> 0, usedMemory ->40
2024-04-24T05:21:19,483  INFO [EventFetcher for fetching Map Completion Events] reduce.EventFetcher: EventFetcher is interrupted.. Returning
2024-04-24T05:21:19,483  INFO [pool-61-thread-1] mapred.LocalJobRunner: 1 / 1 copied.
2024-04-24T05:21:19,483  INFO [pool-61-thread-1] reduce.MergeManagerImpl: finalMerge called with 1 in-memory map-outputs and 0 on-disk map-outputs
2024-04-24T05:21:19,489  INFO [pool-61-thread-1] mapred.Merger: Merging 1 sorted segments
2024-04-24T05:21:19,489  INFO [pool-61-thread-1] mapred.Merger: Down to the last merge-pass, with 1 segments left of total size: 28 bytes
2024-04-24T05:21:19,492  INFO [pool-61-thread-1] reduce.MergeManagerImpl: Merged 1 segments, 40 bytes to disk to satisfy reduce memory limit
2024-04-24T05:21:19,492  INFO [pool-61-thread-1] reduce.MergeManagerImpl: Merging 1 files, 44 bytes from disk
2024-04-24T05:21:19,492  INFO [pool-61-thread-1] reduce.MergeManagerImpl: Merging 0 segments, 0 bytes from memory into reduce
2024-04-24T05:21:19,492  INFO [pool-61-thread-1] mapred.Merger: Merging 1 sorted segments
2024-04-24T05:21:19,492  INFO [pool-61-thread-1] mapred.Merger: Down to the last merge-pass, with 1 segments left of total size: 28 bytes
2024-04-24T05:21:19,492  INFO [pool-61-thread-1] mapred.LocalJobRunner: 1 / 1 copied.
2024-04-24T05:21:19,493  INFO [pool-61-thread-1] exec.SerializationUtilities: Deserializing ReduceWork using kryo
2024-04-24T05:21:19,494  INFO [pool-61-thread-1] exec.Utilities: Deserialized plan (via FILE) - name: null size: 6,46KB
2024-04-24T05:21:19,495  INFO [pool-61-thread-1] ExecReducer: 
<SEL>Id =6
  <Children>
    <FS>Id =4
      <Children>
      <\Children>
      <Parent>Id = 6 null<\Parent>
    <\FS>
  <\Children>
  <Parent><\Parent>
<\SEL>
2024-04-24T05:21:19,495  INFO [pool-61-thread-1] exec.SelectOperator: Initializing Operator: SEL[6]
2024-04-24T05:21:19,495  INFO [pool-61-thread-1] exec.SelectOperator: SELECT struct<key:struct<_col2:int>,value:struct<_col0:int,_col1:int>>
2024-04-24T05:21:19,495  INFO [pool-61-thread-1] exec.FileSinkOperator: Initializing Operator: FS[4]
2024-04-24T05:21:19,495  INFO [pool-61-thread-1] exec.FileSinkOperator: Using serializer : AbstractSerDe [log=org.apache.logging.slf4j.Log4jLogger@5c8da227, configuration=Optional[Configuration: core-default.xml, core-site.xml, mapred-default.xml, mapred-site.xml, yarn-default.xml, yarn-site.xml, hdfs-default.xml, hdfs-site.xml, file:/home/alex/Repositories/hive/ql/target/tmp/TestTxnNoBuckets/mapred/local/localRunner/alex/job_local1298639467_0011/job_local1298639467_0011.xml], properties={name=default.tmp, columns.types=int:int, serialization.format=1, columns=c1,c2, columns.comments=&amp#0;, partition_columns.types=int, partition_columns=c3, bucketing_version=2, serialization.lib=org.apache.hadoop.hive.ql.io.orc.OrcSerde, file.inputformat=org.apache.hadoop.hive.ql.io.orc.OrcInputFormat, file.outputformat=org.apache.hadoop.hive.ql.io.orc.OrcOutputFormat, location=file:/home/alex/Repositories/hive/ql/target/tmp/org.apache.hadoop.hive.ql.TestTxnNoBuckets-1713961246971/warehouse/tmp, column.name.delimiter=,}, tableProperties={name=default.tmp, columns.types=int:int, serialization.format=1, columns=c1,c2, columns.comments=&amp#0;, partition_columns.types=int, partition_columns=c3, bucketing_version=2, serialization.lib=org.apache.hadoop.hive.ql.io.orc.OrcSerde, file.inputformat=org.apache.hadoop.hive.ql.io.orc.OrcInputFormat, location=file:/home/alex/Repositories/hive/ql/target/tmp/org.apache.hadoop.hive.ql.TestTxnNoBuckets-1713961246971/warehouse/tmp, file.outputformat=org.apache.hadoop.hive.ql.io.orc.OrcOutputFormat, column.name.delimiter=,}, partitionProperties=Optional.empty, columnNames=[c1, c2], columnTypes=[int, int], getClass()=class org.apache.hadoop.hive.ql.io.orc.OrcSerde] and formatter : org.apache.hadoop.hive.ql.io.orc.OrcOutputFormat@51a5b2de
2024-04-24T05:21:19,496  INFO [pool-61-thread-1] exec.FileSinkOperator: Final Path: FS file:/home/alex/Repositories/hive/ql/target/tmp/org.apache.hadoop.hive.ql.TestTxnNoBuckets-1713961246971/warehouse/tmp/.hive-staging_hive_2024-04-24_05-21-18_992_7830103949775929282-1/_tmp.-ext-10000/c3=5/000000_0
2024-04-24T05:21:19,496  INFO [pool-61-thread-1] exec.FileSinkOperator: Writing to temp file: FS file:/home/alex/Repositories/hive/ql/target/tmp/org.apache.hadoop.hive.ql.TestTxnNoBuckets-1713961246971/warehouse/tmp/.hive-staging_hive_2024-04-24_05-21-18_992_7830103949775929282-1/_task_tmp.-ext-10000/c3=5/_tmp.000000_0
2024-04-24T05:21:19,496  INFO [pool-61-thread-1] exec.FileSinkOperator: New Final Path: FS file:/home/alex/Repositories/hive/ql/target/tmp/org.apache.hadoop.hive.ql.TestTxnNoBuckets-1713961246971/warehouse/tmp/.hive-staging_hive_2024-04-24_05-21-18_992_7830103949775929282-1/_tmp.-ext-10000/c3=5/000000_0
2024-04-24T05:21:19,501  INFO [pool-61-thread-1] exec.FileSinkOperator: FS[4]: records written - 1
2024-04-24T05:21:19,501  INFO [pool-61-thread-1] impl.PhysicalFsWriter: ORC writer created for path: file:/home/alex/Repositories/hive/ql/target/tmp/org.apache.hadoop.hive.ql.TestTxnNoBuckets-1713961246971/warehouse/tmp/.hive-staging_hive_2024-04-24_05-21-18_992_7830103949775929282-1/_task_tmp.-ext-10000/c3=5/_tmp.000000_0 with stripeSize: 67108864 blockSize: 268435456 compression: Compress: ZLIB buffer: 262144
2024-04-24T05:21:19,506  INFO [pool-61-thread-1] impl.WriterImpl: ORC writer created for path: file:/home/alex/Repositories/hive/ql/target/tmp/org.apache.hadoop.hive.ql.TestTxnNoBuckets-1713961246971/warehouse/tmp/.hive-staging_hive_2024-04-24_05-21-18_992_7830103949775929282-1/_task_tmp.-ext-10000/c3=5/_tmp.000000_0 with stripeSize: 67108864 options: Compress: ZLIB buffer: 262144
2024-04-24T05:21:19,509  INFO [pool-61-thread-1] exec.FileSinkOperator: Final Path: FS file:/home/alex/Repositories/hive/ql/target/tmp/org.apache.hadoop.hive.ql.TestTxnNoBuckets-1713961246971/warehouse/tmp/.hive-staging_hive_2024-04-24_05-21-18_992_7830103949775929282-1/_tmp.-ext-10000/c3=6/000000_0
2024-04-24T05:21:19,509  INFO [pool-61-thread-1] exec.FileSinkOperator: Writing to temp file: FS file:/home/alex/Repositories/hive/ql/target/tmp/org.apache.hadoop.hive.ql.TestTxnNoBuckets-1713961246971/warehouse/tmp/.hive-staging_hive_2024-04-24_05-21-18_992_7830103949775929282-1/_task_tmp.-ext-10000/c3=6/_tmp.000000_0
2024-04-24T05:21:19,509  INFO [pool-61-thread-1] exec.FileSinkOperator: New Final Path: FS file:/home/alex/Repositories/hive/ql/target/tmp/org.apache.hadoop.hive.ql.TestTxnNoBuckets-1713961246971/warehouse/tmp/.hive-staging_hive_2024-04-24_05-21-18_992_7830103949775929282-1/_tmp.-ext-10000/c3=6/000000_0
2024-04-24T05:21:19,512  INFO [pool-61-thread-1] impl.PhysicalFsWriter: ORC writer created for path: file:/home/alex/Repositories/hive/ql/target/tmp/org.apache.hadoop.hive.ql.TestTxnNoBuckets-1713961246971/warehouse/tmp/.hive-staging_hive_2024-04-24_05-21-18_992_7830103949775929282-1/_task_tmp.-ext-10000/c3=6/_tmp.000000_0 with stripeSize: 67108864 blockSize: 268435456 compression: Compress: ZLIB buffer: 262144
2024-04-24T05:21:19,516  INFO [pool-61-thread-1] impl.WriterImpl: ORC writer created for path: file:/home/alex/Repositories/hive/ql/target/tmp/org.apache.hadoop.hive.ql.TestTxnNoBuckets-1713961246971/warehouse/tmp/.hive-staging_hive_2024-04-24_05-21-18_992_7830103949775929282-1/_task_tmp.-ext-10000/c3=6/_tmp.000000_0 with stripeSize: 67108864 options: Compress: ZLIB buffer: 262144
2024-04-24T05:21:19,516  INFO [pool-61-thread-1] exec.SelectOperator: Closing Operator: SEL[6]
2024-04-24T05:21:19,516  INFO [pool-61-thread-1] exec.SelectOperator: RECORDS_OUT_OPERATOR_SEL_6:2, RECORDS_OUT_INTERMEDIATE:0, 
2024-04-24T05:21:19,516  INFO [pool-61-thread-1] exec.FileSinkOperator: Closing Operator: FS[4]
2024-04-24T05:21:19,516  INFO [pool-61-thread-1] exec.FileSinkOperator: FS[4]: records written - 2
2024-04-24T05:21:19,519  INFO [pool-61-thread-1] common.FileUtils: Creating directory if it doesn't exist: file:/home/alex/Repositories/hive/ql/target/tmp/org.apache.hadoop.hive.ql.TestTxnNoBuckets-1713961246971/warehouse/tmp/.hive-staging_hive_2024-04-24_05-21-18_992_7830103949775929282-1/_tmp.-ext-10000/c3=6
2024-04-24T05:21:19,521  INFO [pool-61-thread-1] common.FileUtils: Creating directory if it doesn't exist: file:/home/alex/Repositories/hive/ql/target/tmp/org.apache.hadoop.hive.ql.TestTxnNoBuckets-1713961246971/warehouse/tmp/.hive-staging_hive_2024-04-24_05-21-18_992_7830103949775929282-1/_tmp.-ext-10000/c3=5
2024-04-24T05:21:19,529  INFO [pool-61-thread-1] exec.FileSinkOperator: TOTAL_TABLE_ROWS_WRITTEN:2, RECORDS_OUT_OPERATOR_FS_4:2, RECORDS_OUT_INTERMEDIATE:0, RECORDS_OUT_1_default.tmp:2, 
2024-04-24T05:21:19,529  INFO [pool-61-thread-1] mapred.Task: Task:attempt_local1298639467_0011_r_000000_0 is done. And is in the process of committing
2024-04-24T05:21:19,530  INFO [pool-61-thread-1] mapred.LocalJobRunner: reduce > reduce
2024-04-24T05:21:19,530  INFO [pool-61-thread-1] mapred.Task: Task 'attempt_local1298639467_0011_r_000000_0' done.
2024-04-24T05:21:19,530  INFO [pool-61-thread-1] mapred.Task: Final Counters for attempt_local1298639467_0011_r_000000_0: Counters: 31
	File System Counters
		FILE: Number of bytes read=167542
		FILE: Number of bytes written=12960845
		FILE: Number of read operations=0
		FILE: Number of large read operations=0
		FILE: Number of write operations=0
	Map-Reduce Framework
		Combine input records=0
		Combine output records=0
		Reduce input groups=2
		Reduce shuffle bytes=44
		Reduce input records=2
		Reduce output records=0
		Spilled Records=2
		Shuffled Maps =1
		Failed Shuffles=0
		Merged Map outputs=1
		GC time elapsed (ms)=0
		Total committed heap usage (bytes)=1120927744
	HIVE
		CREATED_DYNAMIC_PARTITIONS=2
		CREATED_FILES=2
		RECORDS_OUT_1_default.tmp=2
		RECORDS_OUT_INTERMEDIATE=0
		RECORDS_OUT_OPERATOR_FS_4=2
		RECORDS_OUT_OPERATOR_SEL_6=2
		TOTAL_TABLE_ROWS_WRITTEN=2
	Shuffle Errors
		BAD_ID=0
		CONNECTION=0
		IO_ERROR=0
		WRONG_LENGTH=0
		WRONG_MAP=0
		WRONG_REDUCE=0
	File Output Format Counters 
		Bytes Written=0
2024-04-24T05:21:19,530  INFO [pool-61-thread-1] mapred.LocalJobRunner: Finishing task: attempt_local1298639467_0011_r_000000_0
2024-04-24T05:21:19,530  INFO [Thread-676] mapred.LocalJobRunner: reduce task executor complete.
2024-04-24 05:21:20,451 Stage-1 map = 100%,  reduce = 100%
2024-04-24T05:21:20,451  INFO [main] exec.Task: 2024-04-24 05:21:20,451 Stage-1 map = 100%,  reduce = 100%
Ended Job = job_local1298639467_0011
2024-04-24T05:21:20,454  INFO [main] exec.Task: Ended Job = job_local1298639467_0011
2024-04-24T05:21:20,456  INFO [main] ql.Driver: Starting task [Stage-0:MOVE] in serial mode
Loading data to table default.tmp partition (c3=null)
2024-04-24T05:21:20,457  INFO [main] exec.Task: Loading data to table default.tmp partition (c3=null) from file:/home/alex/Repositories/hive/ql/target/tmp/org.apache.hadoop.hive.ql.TestTxnNoBuckets-1713961246971/warehouse/tmp/.hive-staging_hive_2024-04-24_05-21-18_992_7830103949775929282-1/-ext-10000
2024-04-24T05:21:20,457  INFO [main] HiveMetaStore.audit: ugi=alex	ip=unknown-ip-addr	cmd=get_table : tbl=hive.default.tmp	
2024-04-24T05:21:20,466  INFO [main] metastore.HMSHandler: Skipping translation for processor with null
2024-04-24T05:21:20,466  INFO [main] exec.MoveTask: Partition is: {c3=null}


2024-04-24T05:21:20,467  INFO [main] exec.Task: 

2024-04-24T05:21:20,467  INFO [main] HiveMetaStore.audit: ugi=alex	ip=unknown-ip-addr	cmd=get_table : tbl=hive.default.tmp	
2024-04-24T05:21:20,476  INFO [main] metastore.HMSHandler: Skipping translation for processor with null
2024-04-24T05:21:20,476  INFO [main] HiveMetaStore.audit: ugi=alex	ip=unknown-ip-addr	cmd=get_table : tbl=hive.default.tmp	
2024-04-24T05:21:20,485  INFO [main] metastore.HMSHandler: Skipping translation for processor with null
2024-04-24T05:21:20,485  INFO [main] HiveMetaStore.audit: ugi=alex	ip=unknown-ip-addr	cmd=get_table : tbl=hive.default.tmp	
2024-04-24T05:21:20,495  INFO [main] metastore.HMSHandler: Skipping translation for processor with null
2024-04-24T05:21:20,495  INFO [main] HiveMetaStore.audit: ugi=alex	ip=unknown-ip-addr	cmd=get_partitions_names_ps : tbl=hive.default.tmp[]	
2024-04-24T05:21:20,510  INFO [main] HiveMetaStore.audit: ugi=alex	ip=unknown-ip-addr	cmd=get_table : tbl=hive.default.tmp	
2024-04-24T05:21:20,519  INFO [main] metastore.HMSHandler: Skipping translation for processor with null
2024-04-24T05:21:20,519  INFO [main] HiveMetaStore.audit: ugi=alex	ip=unknown-ip-addr	cmd=get_partitions_by_names : tbl=hive.default.tmp	
2024-04-24T05:21:20,550  INFO [main] metastore.HMSHandler: Skipping translation for processor with null
2024-04-24T05:21:20,555  INFO [load-dynamic-partitionsToAdd-0] metadata.Hive: New loading path = file:/home/alex/Repositories/hive/ql/target/tmp/org.apache.hadoop.hive.ql.TestTxnNoBuckets-1713961246971/warehouse/tmp/.hive-staging_hive_2024-04-24_05-21-18_992_7830103949775929282-1/-ext-10000/c3=5 withPartSpec {c3=5}
2024-04-24T05:21:20,555  INFO [load-dynamic-partitionsToAdd-1] metadata.Hive: New loading path = file:/home/alex/Repositories/hive/ql/target/tmp/org.apache.hadoop.hive.ql.TestTxnNoBuckets-1713961246971/warehouse/tmp/.hive-staging_hive_2024-04-24_05-21-18_992_7830103949775929282-1/-ext-10000/c3=6 withPartSpec {c3=6}
2024-04-24T05:21:20,556  INFO [load-dynamic-partitionsToAdd-1] metastore.HiveMetaStoreClient: HMS client filtering is enabled.
2024-04-24T05:21:20,556  INFO [load-dynamic-partitionsToAdd-0] metastore.HiveMetaStoreClient: HMS client filtering is enabled.
2024-04-24T05:21:20,557  INFO [load-dynamic-partitionsToAdd-0] metastore.HMSHandler: 8: Opening raw store with implementation class:org.apache.hadoop.hive.metastore.ObjectStore
2024-04-24T05:21:20,557  INFO [load-dynamic-partitionsToAdd-0] metastore.PersistenceManagerProvider: Configuration datanucleus.autoStartMechanismMode is not set. Defaulting to 'ignored'
2024-04-24T05:21:20,557  INFO [load-dynamic-partitionsToAdd-0] metastore.ObjectStore: RawStore: org.apache.hadoop.hive.metastore.ObjectStore@281b263, with PersistenceManager: null will be shutdown
2024-04-24T05:21:20,558  INFO [load-dynamic-partitionsToAdd-0] metastore.ObjectStore: RawStore: org.apache.hadoop.hive.metastore.ObjectStore@281b263, with PersistenceManager: org.datanucleus.api.jdo.JDOPersistenceManager@1f4c4f5 created in the thread with id: 824
2024-04-24T05:21:20,558  INFO [load-dynamic-partitionsToAdd-1] metastore.HMSHandler: 7: Opening raw store with implementation class:org.apache.hadoop.hive.metastore.ObjectStore
2024-04-24T05:21:20,558  INFO [load-dynamic-partitionsToAdd-1] metastore.PersistenceManagerProvider: Configuration datanucleus.autoStartMechanismMode is not set. Defaulting to 'ignored'
2024-04-24T05:21:20,558  INFO [load-dynamic-partitionsToAdd-1] metastore.ObjectStore: RawStore: org.apache.hadoop.hive.metastore.ObjectStore@35c74c6e, with PersistenceManager: null will be shutdown
2024-04-24T05:21:20,559  INFO [load-dynamic-partitionsToAdd-1] metastore.ObjectStore: RawStore: org.apache.hadoop.hive.metastore.ObjectStore@35c74c6e, with PersistenceManager: org.datanucleus.api.jdo.JDOPersistenceManager@4b8d9e2 created in the thread with id: 825
2024-04-24T05:21:20,583  INFO [load-dynamic-partitionsToAdd-0] metastore.HMSHandler: Created RawStore: org.apache.hadoop.hive.metastore.ObjectStore@281b263 from thread id: 824
2024-04-24T05:21:20,583  INFO [load-dynamic-partitionsToAdd-1] metastore.HMSHandler: Created RawStore: org.apache.hadoop.hive.metastore.ObjectStore@35c74c6e from thread id: 825
2024-04-24T05:21:20,583  INFO [load-dynamic-partitionsToAdd-1] metastore.HMSHandler: HMS server filtering is disabled by configuration
2024-04-24T05:21:20,583  INFO [load-dynamic-partitionsToAdd-0] metastore.HMSHandler: HMS server filtering is disabled by configuration
2024-04-24T05:21:20,583  INFO [load-dynamic-partitionsToAdd-1] metastore.RetryingMetaStoreClient: RetryingMetaStoreClient proxy=class org.apache.hadoop.hive.ql.metadata.SessionHiveMetaStoreClient ugi=alex (auth:SIMPLE) retries=1 delay=1 lifetime=0
2024-04-24T05:21:20,583  INFO [load-dynamic-partitionsToAdd-0] metastore.RetryingMetaStoreClient: RetryingMetaStoreClient proxy=class org.apache.hadoop.hive.ql.metadata.SessionHiveMetaStoreClient ugi=alex (auth:SIMPLE) retries=1 delay=1 lifetime=0
2024-04-24T05:21:20,583  INFO [load-dynamic-partitionsToAdd-0] HiveMetaStore.audit: ugi=alex	ip=unknown-ip-addr	cmd=get_database: default	
2024-04-24T05:21:20,583  INFO [load-dynamic-partitionsToAdd-1] HiveMetaStore.audit: ugi=alex	ip=unknown-ip-addr	cmd=get_database: default	
2024-04-24T05:21:20,585  INFO [load-dynamic-partitionsToAdd-1] common.FileUtils: Creating directory if it doesn't exist: file:/home/alex/Repositories/hive/ql/target/tmp/org.apache.hadoop.hive.ql.TestTxnNoBuckets-1713961246971/warehouse/tmp/c3=6
2024-04-24T05:21:20,585  INFO [load-dynamic-partitionsToAdd-0] common.FileUtils: Creating directory if it doesn't exist: file:/home/alex/Repositories/hive/ql/target/tmp/org.apache.hadoop.hive.ql.TestTxnNoBuckets-1713961246971/warehouse/tmp/c3=5
2024-04-24T05:21:20,588  INFO [load-dynamic-partitionsToAdd-0] HiveMetaStore.audit: ugi=alex	ip=unknown-ip-addr	cmd=Cleaning up thread local RawStore...	
2024-04-24T05:21:20,588  INFO [load-dynamic-partitionsToAdd-0] metastore.ObjectStore: RawStore: org.apache.hadoop.hive.metastore.ObjectStore@281b263, with PersistenceManager: org.datanucleus.api.jdo.JDOPersistenceManager@1f4c4f5 will be shutdown
2024-04-24T05:21:20,588  INFO [load-dynamic-partitionsToAdd-0] HiveMetaStore.audit: ugi=alex	ip=unknown-ip-addr	cmd=Done cleaning up thread local RawStore	
2024-04-24T05:21:20,588  INFO [load-dynamic-partitionsToAdd-0] metastore.HiveMetaStoreClient: Closed a connection to metastore, current connections: -6
2024-04-24T05:21:20,589  INFO [load-dynamic-partitionsToAdd-1] HiveMetaStore.audit: ugi=alex	ip=unknown-ip-addr	cmd=Cleaning up thread local RawStore...	
2024-04-24T05:21:20,589  INFO [load-dynamic-partitionsToAdd-1] metastore.ObjectStore: RawStore: org.apache.hadoop.hive.metastore.ObjectStore@35c74c6e, with PersistenceManager: org.datanucleus.api.jdo.JDOPersistenceManager@4b8d9e2 will be shutdown
2024-04-24T05:21:20,589  INFO [load-dynamic-partitionsToAdd-1] HiveMetaStore.audit: ugi=alex	ip=unknown-ip-addr	cmd=Done cleaning up thread local RawStore	
2024-04-24T05:21:20,589  INFO [load-dynamic-partitionsToAdd-1] metastore.HiveMetaStoreClient: Closed a connection to metastore, current connections: -7
2024-04-24T05:21:20,589  INFO [main] metadata.Hive: Number of partitionsToAdd to be added is 2
2024-04-24T05:21:20,589  INFO [main] HiveMetaStore.audit: ugi=alex	ip=unknown-ip-addr	cmd=add_partitions	
2024-04-24T05:21:20,642  INFO [main] metadata.Hive: Loaded 2partitionsToAdd
	 Time taken to load dynamic partitions: 0.175 seconds
2024-04-24T05:21:20,642  INFO [main] exec.Task: 	 Time taken to load dynamic partitions: 0.175 seconds
2024-04-24T05:21:20,642  INFO [main] exec.MoveTask: 	 Time taken to load dynamic partitions: 0.175 seconds
2024-04-24T05:21:20,642  INFO [main] exec.MoveTask: Loading partition {c3=5}
2024-04-24T05:21:20,642  INFO [main] exec.MoveTask: Loading partition {c3=6}
	 Time taken for adding to write entity : 0.0 seconds
2024-04-24T05:21:20,642  INFO [main] exec.Task: 	 Time taken for adding to write entity : 0.0 seconds
2024-04-24T05:21:20,642  INFO [main] ql.Driver: Starting task [Stage-2:STATS] in serial mode
2024-04-24T05:21:20,643  INFO [main] HiveMetaStore.audit: ugi=alex	ip=unknown-ip-addr	cmd=get_table : tbl=hive.default.tmp	
2024-04-24T05:21:20,657  INFO [main] metastore.HMSHandler: Skipping translation for processor with null
2024-04-24T05:21:20,657  INFO [main] stats.BasicStatsTask: Executing stats task
2024-04-24T05:21:20,658  INFO [main] fs.FSStatsPublisher: created : file:/home/alex/Repositories/hive/ql/target/tmp/localscratchdir/d5a4d20d-09e1-4bfd-b1f6-f0e7b6b7b109/hive_2024-04-24_05-21-18_992_7830103949775929282-1/-mr-10001
2024-04-24T05:21:20,659  INFO [main] HiveMetaStore.audit: ugi=alex	ip=unknown-ip-addr	cmd=get_table : tbl=hive.default.tmp	
2024-04-24T05:21:20,675  INFO [main] metastore.HMSHandler: Skipping translation for processor with null
2024-04-24T05:21:20,676  INFO [main] FileOperations: Read stats for default.tmp/c3=5/, numRows, true, 1, false: 
2024-04-24T05:21:20,676  INFO [main] FileOperations: Read stats for default.tmp/c3=5/, rawDataSize, true, 8, false: 
2024-04-24T05:21:20,676  INFO [main] stats.BasicStatsTask: Partition {c3=5} stats: [numFiles=1, numRows=1, totalSize=242, rawDataSize=8, numFilesErasureCoded=0]
2024-04-24T05:21:20,677  INFO [main] FileOperations: Read stats for default.tmp/c3=6/, numRows, true, 1, false: 
2024-04-24T05:21:20,677  INFO [main] FileOperations: Read stats for default.tmp/c3=6/, rawDataSize, true, 8, false: 
2024-04-24T05:21:20,677  INFO [main] stats.BasicStatsTask: Partition {c3=6} stats: [numFiles=1, numRows=1, totalSize=242, rawDataSize=8, numFilesErasureCoded=0]
2024-04-24T05:21:20,677  INFO [main] HiveMetaStore.audit: ugi=alex	ip=unknown-ip-addr	cmd=alter_partitions : tbl=hive.default.tmp	
2024-04-24T05:21:20,677  INFO [main] metastore.HMSHandler: New partition values:[5]
2024-04-24T05:21:20,677  INFO [main] metastore.HMSHandler: New partition values:[6]
2024-04-24T05:21:20,769  INFO [main] metadata.Hive: Dumping metastore api call timing information for : execution phase
2024-04-24T05:21:20,770  INFO [main] metadata.Hive: Total time spent in each metastore function (ms): {getPartitionsByNames_(String, String, List, boolean, String)=44, listPartitionNamesRequest_(GetPartitionNamesPsRequest)=24, isCompatibleWith_(Configuration)=2, alter_partitions_(String, String, List, EnvironmentContext, String, long)=92, add_partitions_(List)=53, getTable_(GetTableRequest)=57}
MapReduce Jobs Launched: 
2024-04-24T05:21:20,770  INFO [main] ql.Driver: MapReduce Jobs Launched: 
Stage-Stage-1:  HDFS Read: 0 HDFS Write: 0 SUCCESS
2024-04-24T05:21:20,770  INFO [main] ql.Driver: Stage-Stage-1:  HDFS Read: 0 HDFS Write: 0 SUCCESS
Total MapReduce CPU Time Spent: 0 msec
2024-04-24T05:21:20,770  INFO [main] ql.Driver: Total MapReduce CPU Time Spent: 0 msec
2024-04-24T05:21:20,770  INFO [main] ql.Driver: Completed executing command(queryId=alex_20240424052118_1e027357-5a74-4c0b-8fae-25e08dff75de); Time taken: 1.589 seconds
2024-04-24T05:21:20,770  INFO [main] lockmgr.DbTxnManager: Stopped heartbeat for query: alex_20240424052118_1e027357-5a74-4c0b-8fae-25e08dff75de
2024-04-24T05:21:20,774  INFO [main] txn.TxnHandler: Expected to move at least one record from txn_components to completed_txn_components when committing txn! txnid:18
2024-04-24T05:21:20,780  INFO [main] txn.TxnHandler: Removed transactions: ([18]) from MIN_HISTORY_LEVEL
2024-04-24T05:21:20,780  WARN [main] txn.CompactionTxnHandler: No compaction queue record found for Compaction type transaction commit. txnId:18
2024-04-24T05:21:20,781  INFO [main] ql.TxnCommandsBaseForTests: Running the query: drop table if exists nobuckets
2024-04-24T05:21:20,781  INFO [main] ql.Context: Deleting scratch dir: file:/home/alex/Repositories/hive/ql/target/tmp/org.apache.hadoop.hive.ql.TestTxnNoBuckets-1713961246971/warehouse/tmp/.hive-staging_hive_2024-04-24_05-21-18_992_7830103949775929282-1
2024-04-24T05:21:20,781  INFO [main] cleanup.SyncCleanupService: Deleted directory: file:/home/alex/Repositories/hive/ql/target/tmp/org.apache.hadoop.hive.ql.TestTxnNoBuckets-1713961246971/warehouse/tmp/.hive-staging_hive_2024-04-24_05-21-18_992_7830103949775929282-1 on fs with scheme file
2024-04-24T05:21:20,781  INFO [main] ql.Context: Deleting scratch dir: file:/home/alex/Repositories/hive/ql/target/tmp/localscratchdir/d5a4d20d-09e1-4bfd-b1f6-f0e7b6b7b109/hive_2024-04-24_05-21-18_992_7830103949775929282-1
2024-04-24T05:21:20,782  INFO [main] cleanup.SyncCleanupService: Deleted directory: file:/home/alex/Repositories/hive/ql/target/tmp/localscratchdir/d5a4d20d-09e1-4bfd-b1f6-f0e7b6b7b109/hive_2024-04-24_05-21-18_992_7830103949775929282-1 on fs with scheme file
2024-04-24T05:21:20,782  INFO [main] ql.Driver: Compiling command(queryId=alex_20240424052120_b74f259f-07bb-4914-9471-a67a25958088): drop table if exists nobuckets
2024-04-24T05:21:20,785  INFO [main] txn.TxnHandler: Added entries to MIN_HISTORY_LEVEL for current txns: ([19]) with min_open_txn: 19
2024-04-24T05:21:20,785  INFO [main] lockmgr.DbTxnManager: Opened txnid:19
2024-04-24T05:21:20,786  INFO [main] HiveMetaStore.audit: ugi=alex	ip=unknown-ip-addr	cmd=get_table : tbl=hive.default.nobuckets	
2024-04-24T05:21:20,789  INFO [main] ql.Driver: Semantic Analysis Completed (retrial = false)
2024-04-24T05:21:20,789  INFO [main] ql.Driver: Created Hive schema: Schema(fieldSchemas:null, properties:null)
2024-04-24T05:21:20,789  INFO [main] metadata.Hive: Dumping metastore api call timing information for : compilation phase
2024-04-24T05:21:20,789  INFO [main] metadata.Hive: Total time spent in each metastore function (ms): {getValidTxns_(long)=1, commitTxn_(CommitTxnRequest)=10, openTxn_(String, TxnType)=2, isCompatibleWith_(Configuration)=1, flushCache_()=0}
2024-04-24T05:21:20,789  INFO [main] ql.Driver: Completed compiling command(queryId=alex_20240424052120_b74f259f-07bb-4914-9471-a67a25958088); Time taken: 0.007 seconds
2024-04-24T05:21:20,790  INFO [main] lockmgr.DbTxnManager: Setting lock request transaction to txnid:19 for queryId=alex_20240424052120_b74f259f-07bb-4914-9471-a67a25958088
2024-04-24T05:21:20,790  INFO [main] ql.Driver: Operation DROPTABLE obtained 0 locks
2024-04-24T05:21:20,790  INFO [main] ql.Driver: Executing command(queryId=alex_20240424052120_b74f259f-07bb-4914-9471-a67a25958088): drop table if exists nobuckets
2024-04-24T05:21:20,790  INFO [main] ql.Driver: Starting task [Stage-0:DDL] in serial mode
2024-04-24T05:21:20,790  INFO [main] HiveMetaStore.audit: ugi=alex	ip=unknown-ip-addr	cmd=get_table : tbl=hive.default.nobuckets	
2024-04-24T05:21:20,793  INFO [main] metadata.Hive: Dumping metastore api call timing information for : execution phase
2024-04-24T05:21:20,793  INFO [main] metadata.Hive: Total time spent in each metastore function (ms): {isCompatibleWith_(Configuration)=0}
2024-04-24T05:21:20,794  INFO [main] ql.Driver: Completed executing command(queryId=alex_20240424052120_b74f259f-07bb-4914-9471-a67a25958088); Time taken: 0.003 seconds
2024-04-24T05:21:20,794  INFO [main] lockmgr.DbTxnManager: Stopped heartbeat for query: alex_20240424052120_b74f259f-07bb-4914-9471-a67a25958088
2024-04-24T05:21:20,800  INFO [main] txn.TxnHandler: Expected to move at least one record from txn_components to completed_txn_components when committing txn! txnid:19
2024-04-24T05:21:20,807  INFO [main] txn.TxnHandler: Removed transactions: ([19]) from MIN_HISTORY_LEVEL
2024-04-24T05:21:20,807  WARN [main] txn.CompactionTxnHandler: No compaction queue record found for Compaction type transaction commit. txnId:19
2024-04-24T05:21:20,808  INFO [main] ql.TxnCommandsBaseForTests: Running the query: create table nobuckets (c1 integer, c2 integer) partitioned by (c3 integer) stored as orc tblproperties('transactional'='true', 'transactional_properties'='default')
2024-04-24T05:21:20,808  INFO [main] ql.Driver: Compiling command(queryId=alex_20240424052120_1cfb33f1-34aa-49f7-a5ef-2bc8c5294f0a): create table nobuckets (c1 integer, c2 integer) partitioned by (c3 integer) stored as orc tblproperties('transactional'='true', 'transactional_properties'='default')
2024-04-24T05:21:20,811  INFO [main] txn.TxnHandler: Added entries to MIN_HISTORY_LEVEL for current txns: ([20]) with min_open_txn: 19
2024-04-24T05:21:20,811  INFO [main] lockmgr.DbTxnManager: Opened txnid:20
2024-04-24T05:21:20,812  INFO [main] parse.CalcitePlanner: Starting caching scope for: 
2024-04-24T05:21:20,812  INFO [main] parse.CalcitePlanner: Starting Semantic Analysis
2024-04-24T05:21:20,818  INFO [main] parse.CalcitePlanner: Creating table default.nobuckets position=13
2024-04-24T05:21:20,819  INFO [main] HiveMetaStore.audit: ugi=alex	ip=unknown-ip-addr	cmd=get_database: default	
2024-04-24T05:21:20,820  INFO [main] parse.CalcitePlanner: Ending caching scope for: 
2024-04-24T05:21:20,820  INFO [main] ql.Driver: Semantic Analysis Completed (retrial = false)
2024-04-24T05:21:20,820  INFO [main] ql.Driver: Created Hive schema: Schema(fieldSchemas:null, properties:null)
2024-04-24T05:21:20,820  INFO [main] metadata.Hive: Dumping metastore api call timing information for : compilation phase
2024-04-24T05:21:20,821  INFO [main] metadata.Hive: Total time spent in each metastore function (ms): {commitTxn_(CommitTxnRequest)=14, flushCache_()=0, getValidWriteIds_(List, String)=6, getValidTxns_(long)=1, openTxn_(String, TxnType)=2, getDatabase_(String)=1, isCompatibleWith_(Configuration)=0}
2024-04-24T05:21:20,821  INFO [main] ql.Driver: Completed compiling command(queryId=alex_20240424052120_1cfb33f1-34aa-49f7-a5ef-2bc8c5294f0a); Time taken: 0.012 seconds
2024-04-24T05:21:20,821  INFO [main] lockmgr.DbTxnManager: Setting lock request transaction to txnid:20 for queryId=alex_20240424052120_1cfb33f1-34aa-49f7-a5ef-2bc8c5294f0a
2024-04-24T05:21:20,821  INFO [main] lockmgr.DbLockManager: Requesting lock for queryId=alex_20240424052120_1cfb33f1-34aa-49f7-a5ef-2bc8c5294f0a
2024-04-24T05:21:20,839  INFO [main] lockmgr.DbLockManager: Response to queryId=alex_20240424052120_1cfb33f1-34aa-49f7-a5ef-2bc8c5294f0a LockResponse(lockid:12, state:ACQUIRED)
2024-04-24T05:21:20,839  INFO [main] ql.Driver: Operation CREATETABLE obtained 1 locks
2024-04-24T05:21:20,840  INFO [main] ql.Driver: Executing command(queryId=alex_20240424052120_1cfb33f1-34aa-49f7-a5ef-2bc8c5294f0a): create table nobuckets (c1 integer, c2 integer) partitioned by (c3 integer) stored as orc tblproperties('transactional'='true', 'transactional_properties'='default')
2024-04-24T05:21:20,840  INFO [main] ql.Driver: Starting task [Stage-0:DDL] in serial mode
2024-04-24T05:21:20,842  INFO [main] HiveMetaStore.audit: ugi=alex	ip=unknown-ip-addr	cmd=create_table_req: Table(tableName:nobuckets, dbName:default, owner:alex, createTime:1713961280, lastAccessTime:0, retention:0, sd:StorageDescriptor(cols:[FieldSchema(name:c1, type:int, comment:null), FieldSchema(name:c2, type:int, comment:null)], location:null, inputFormat:org.apache.hadoop.hive.ql.io.orc.OrcInputFormat, outputFormat:org.apache.hadoop.hive.ql.io.orc.OrcOutputFormat, compressed:false, numBuckets:-1, serdeInfo:SerDeInfo(name:null, serializationLib:org.apache.hadoop.hive.ql.io.orc.OrcSerde, parameters:{serialization.format=1}), bucketCols:[], sortCols:[], parameters:{}, skewedInfo:SkewedInfo(skewedColNames:[], skewedColValues:[], skewedColValueLocationMaps:{}), storedAsSubDirectories:false), partitionKeys:[FieldSchema(name:c3, type:int, comment:null)], parameters:{transactional=true, bucketing_version=2, transactional_properties=default}, viewOriginalText:null, viewExpandedText:null, tableType:MANAGED_TABLE, privileges:PrincipalPrivilegeSet(userPrivileges:{alex=[PrivilegeGrantInfo(privilege:INSERT, createTime:-1, grantor:alex, grantorType:USER, grantOption:true), PrivilegeGrantInfo(privilege:SELECT, createTime:-1, grantor:alex, grantorType:USER, grantOption:true), PrivilegeGrantInfo(privilege:UPDATE, createTime:-1, grantor:alex, grantorType:USER, grantOption:true), PrivilegeGrantInfo(privilege:DELETE, createTime:-1, grantor:alex, grantorType:USER, grantOption:true)]}, groupPrivileges:null, rolePrivileges:null), temporary:false, catName:hive, ownerType:USER, writeId:0)	
2024-04-24T05:21:20,850  INFO [main] utils.FileUtils: Creating directory if it doesn't exist: file:/home/alex/Repositories/hive/ql/target/tmp/org.apache.hadoop.hive.ql.TestTxnNoBuckets-1713961246971/warehouse/nobuckets
2024-04-24T05:21:20,883  INFO [main] metadata.Hive: Dumping metastore api call timing information for : execution phase
2024-04-24T05:21:20,883  INFO [main] metadata.Hive: Total time spent in each metastore function (ms): {isCompatibleWith_(Configuration)=0, createTable_(Table)=42}
2024-04-24T05:21:20,883  INFO [main] ql.Driver: Completed executing command(queryId=alex_20240424052120_1cfb33f1-34aa-49f7-a5ef-2bc8c5294f0a); Time taken: 0.043 seconds
2024-04-24T05:21:20,883  INFO [main] lockmgr.DbTxnManager: Stopped heartbeat for query: alex_20240424052120_1cfb33f1-34aa-49f7-a5ef-2bc8c5294f0a
2024-04-24T05:21:20,887  INFO [main] txn.TxnHandler: Expected to move at least one record from txn_components to completed_txn_components when committing txn! txnid:20
2024-04-24T05:21:20,892  INFO [main] txn.TxnHandler: Removed transactions: ([20]) from MIN_HISTORY_LEVEL
2024-04-24T05:21:20,893  WARN [main] txn.CompactionTxnHandler: No compaction queue record found for Compaction type transaction commit. txnId:20
2024-04-24T05:21:20,893  INFO [main] ql.TxnCommandsBaseForTests: Running the query: insert into nobuckets partition(c3) select * from tmp
2024-04-24T05:21:20,894  INFO [main] ql.Driver: Compiling command(queryId=alex_20240424052120_51592f49-5461-424c-9744-f39f39772d8f): insert into nobuckets partition(c3) select * from tmp
2024-04-24T05:21:20,897  INFO [main] txn.TxnHandler: Added entries to MIN_HISTORY_LEVEL for current txns: ([21]) with min_open_txn: 19
2024-04-24T05:21:20,897  INFO [main] lockmgr.DbTxnManager: Opened txnid:21
2024-04-24T05:21:20,898  INFO [main] parse.CalcitePlanner: Starting caching scope for: 
2024-04-24T05:21:20,898  INFO [main] parse.CalcitePlanner: Starting Semantic Analysis
2024-04-24T05:21:20,900  INFO [main] parse.CalcitePlanner: Completed phase 1 of Semantic Analysis
2024-04-24T05:21:20,900  INFO [main] parse.CalcitePlanner: Get metadata for source tables
2024-04-24T05:21:20,901  INFO [main] HiveMetaStore.audit: ugi=alex	ip=unknown-ip-addr	cmd=get_table : tbl=hive.default.tmp	
2024-04-24T05:21:20,922  INFO [main] metastore.HMSHandler: Skipping translation for processor with null
2024-04-24T05:21:20,923  INFO [main] parse.CalcitePlanner: Get metadata for subqueries
2024-04-24T05:21:20,923  INFO [main] parse.CalcitePlanner: Get metadata for destination tables
2024-04-24T05:21:20,923  INFO [main] HiveMetaStore.audit: ugi=alex	ip=unknown-ip-addr	cmd=get_table : tbl=hive.default.nobuckets	
2024-04-24T05:21:20,930  INFO [main] metastore.HMSHandler: Skipping translation for processor with null
2024-04-24T05:21:20,930  WARN [main] parse.BaseSemanticAnalyzer: Dynamic partitioning is used; only validating 0 columns
2024-04-24T05:21:20,930  INFO [main] parse.CalcitePlanner: Completed getting MetaData in Semantic Analysis
2024-04-24T05:21:20,930  INFO [main] parse.CalcitePlanner: Disabling LLAP IO encode as ETL query is detected
2024-04-24T05:21:20,942  INFO [main] HiveMetaStore.audit: ugi=alex	ip=unknown-ip-addr	cmd=get_all_table_constraints : tbl=hive.default.tmp	
2024-04-24T05:21:20,971  INFO [main] calcite.RelOptHiveTable: Calculating column statistics for default.tmp, projIndxSet: [0, 1, 2], allowMissingStats: true
2024-04-24T05:21:20,971  INFO [main] HiveMetaStore.audit: ugi=alex	ip=unknown-ip-addr	cmd=get_partitions : tbl=hive.default.tmp	
2024-04-24T05:21:21,006  INFO [main] HiveMetaStore.audit: ugi=alex	ip=unknown-ip-addr	cmd=get_aggr_stats_for: table=hive.default.tmp	
2024-04-24T05:21:21,029  WARN [main] calcite.RelOptHiveTable: No Stats for default@tmp, Columns: c2, c1
No Stats for default@tmp, Columns: c2, c1
2024-04-24T05:21:21,029  INFO [main] SessionState: No Stats for default@tmp, Columns: c2, c1
2024-04-24T05:21:21,073  INFO [main] parse.CalcitePlanner: Get metadata for source tables
2024-04-24T05:21:21,074  INFO [main] parse.CalcitePlanner: Get metadata for subqueries
2024-04-24T05:21:21,074  INFO [main] parse.CalcitePlanner: Get metadata for destination tables
2024-04-24T05:21:21,074  INFO [main] HiveMetaStore.audit: ugi=alex	ip=unknown-ip-addr	cmd=get_table : tbl=hive.default.nobuckets	
2024-04-24T05:21:21,080  INFO [main] metastore.HMSHandler: Skipping translation for processor with null
2024-04-24T05:21:21,081  WARN [main] parse.BaseSemanticAnalyzer: Dynamic partitioning is used; only validating 0 columns
2024-04-24T05:21:21,082  INFO [main] HiveMetaStore.audit: ugi=alex	ip=unknown-ip-addr	cmd=get_not_null_constraints : tbl=hive.default.nobuckets	
2024-04-24T05:21:21,083  INFO [main] HiveMetaStore.audit: ugi=alex	ip=unknown-ip-addr	cmd=get_check_constraints : tbl=hive.default.nobuckets	
2024-04-24T05:21:21,092  INFO [main] txn.TxnHandler: Allocated writeId: 1 for txnId: 21
2024-04-24T05:21:21,092  INFO [main] txn.TxnHandler: Allocated write ids for dbName=default, tblName=nobuckets (txnIds: [21])
2024-04-24T05:21:21,095  INFO [main] parse.CalcitePlanner: CBO Succeeded; optimized logical plan.
2024-04-24T05:21:21,097  INFO [main] optimizer.BucketVersionPopulator: not considering bucketingVersion for: TS[0] because it has -1<2 buckets 
2024-04-24T05:21:21,098  INFO [main] optimizer.SortedDynPartitionOptimizer: Sorted dynamic partitioning optimization kicked in..
2024-04-24T05:21:21,098  INFO [main] optimizer.SortedDynPartitionOptimizer: Inserted RS_3 and SEL_4 as parent of FS_2 and child of SEL_1
2024-04-24T05:21:21,107  INFO [main] HiveMetaStore.audit: ugi=alex	ip=unknown-ip-addr	cmd=get_table : tbl=hive.default.nobuckets	
2024-04-24T05:21:21,115  INFO [main] metastore.HMSHandler: Skipping translation for processor with null
2024-04-24T05:21:21,115  INFO [main] parse.CalcitePlanner: Completed plan generation
2024-04-24T05:21:21,115  INFO [main] parse.CalcitePlanner: Ending caching scope for: 
2024-04-24T05:21:21,115  INFO [main] ql.Driver: Semantic Analysis Completed (retrial = false)
2024-04-24T05:21:21,115  INFO [main] ql.Driver: Created Hive schema: Schema(fieldSchemas:[FieldSchema(name:tmp.c1, type:int, comment:null), FieldSchema(name:tmp.c2, type:int, comment:null), FieldSchema(name:tmp.c3, type:int, comment:null)], properties:null)
2024-04-24T05:21:21,115  INFO [main] metadata.Hive: Dumping metastore api call timing information for : compilation phase
2024-04-24T05:21:21,116  INFO [main] metadata.Hive: Total time spent in each metastore function (ms): {getTable_(GetTableRequest)=43, allocateTableWriteId_(long, String, String)=8, getValidTxns_(long)=1, getCheckConstraints_(CheckConstraintsRequest)=1, flushCache_()=0, isCompatibleWith_(Configuration)=0, getMetaConf_(String)=0, openTxn_(String, TxnType)=2, getValidWriteIds_(List, String)=4, commitTxn_(CommitTxnRequest)=9, getAggrColStatsFor_(String, String, List, List, String, String)=22, getAllTableConstraints_(AllTableConstraintsRequest)=26, getNotNullConstraints_(NotNullConstraintsRequest)=1, listPartitions_(String, String, short)=34}
2024-04-24T05:21:21,116  INFO [main] ql.Driver: Completed compiling command(queryId=alex_20240424052120_51592f49-5461-424c-9744-f39f39772d8f); Time taken: 0.221 seconds
2024-04-24T05:21:21,116  INFO [main] lockmgr.DbTxnManager: Setting lock request transaction to txnid:21 for queryId=alex_20240424052120_51592f49-5461-424c-9744-f39f39772d8f
2024-04-24T05:21:21,118  INFO [main] lockmgr.DbLockManager: Requesting lock for queryId=alex_20240424052120_51592f49-5461-424c-9744-f39f39772d8f
2024-04-24T05:21:21,150  INFO [main] lockmgr.DbLockManager: Response to queryId=alex_20240424052120_51592f49-5461-424c-9744-f39f39772d8f LockResponse(lockid:13, state:ACQUIRED)
2024-04-24T05:21:21,150  INFO [main] ql.Driver: Operation QUERY obtained 1 locks
2024-04-24T05:21:21,153  INFO [main] ql.Driver: Executing command(queryId=alex_20240424052120_51592f49-5461-424c-9744-f39f39772d8f): insert into nobuckets partition(c3) select * from tmp
2024-04-24T05:21:21,154  WARN [main] ql.Driver: Hive-on-MR is deprecated in Hive 2 and may not be available in the future versions. Consider using a different execution engine (i.e. tez, spark) or using Hive 1.X releases.
Query ID = alex_20240424052120_51592f49-5461-424c-9744-f39f39772d8f
2024-04-24T05:21:21,154  INFO [main] ql.Driver: Query ID = alex_20240424052120_51592f49-5461-424c-9744-f39f39772d8f
Total jobs = 1
2024-04-24T05:21:21,154  INFO [main] ql.Driver: Total jobs = 1
Launching Job 1 out of 1
2024-04-24T05:21:21,154  INFO [main] ql.Driver: Launching Job 1 out of 1
2024-04-24T05:21:21,286  INFO [main] ql.Driver: Starting task [Stage-1:MAPRED] in serial mode
2024-04-24T05:21:21,287  INFO [main] exec.Utilities: Not using thread pool for getContentSummary
2024-04-24T05:21:21,289  INFO [main] exec.Utilities: BytesPerReducer=256000000 maxReducers=1009 totalInputFileSize=1936
Number of reduce tasks not specified. Estimated from input data size: 1
2024-04-24T05:21:21,289  INFO [main] exec.Task: Number of reduce tasks not specified. Estimated from input data size: 1
In order to change the average load for a reducer (in bytes):
2024-04-24T05:21:21,289  INFO [main] exec.Task: In order to change the average load for a reducer (in bytes):
  set hive.exec.reducers.bytes.per.reducer=<number>
2024-04-24T05:21:21,289  INFO [main] exec.Task:   set hive.exec.reducers.bytes.per.reducer=<number>
In order to limit the maximum number of reducers:
2024-04-24T05:21:21,289  INFO [main] exec.Task: In order to limit the maximum number of reducers:
  set hive.exec.reducers.max=<number>
2024-04-24T05:21:21,289  INFO [main] exec.Task:   set hive.exec.reducers.max=<number>
In order to set a constant number of reducers:
2024-04-24T05:21:21,289  INFO [main] exec.Task: In order to set a constant number of reducers:
  set mapreduce.job.reduces=<number>
2024-04-24T05:21:21,289  INFO [main] exec.Task:   set mapreduce.job.reduces=<number>
2024-04-24T05:21:21,292  INFO [main] mr.ExecDriver: Using org.apache.hadoop.hive.ql.io.HiveInputFormat
2024-04-24T05:21:21,292  INFO [main] exec.Utilities: Processing alias tmp
2024-04-24T05:21:21,292  INFO [main] exec.Utilities: Adding 7 inputs; the first input is file:/home/alex/Repositories/hive/ql/target/tmp/org.apache.hadoop.hive.ql.TestTxnNoBuckets-1713961246971/warehouse/tmp/c3=0
2024-04-24T05:21:21,301  INFO [main] exec.SerializationUtilities: Serializing MapWork using kryo
2024-04-24T05:21:21,302  INFO [main] exec.Utilities: Serialized plan (via FILE) - name: null size: 6,77KB
2024-04-24T05:21:21,306  INFO [main] exec.SerializationUtilities: Serializing ReduceWork using kryo
2024-04-24T05:21:21,307  INFO [main] exec.Utilities: Serialized plan (via FILE) - name: null size: 5,32KB
2024-04-24T05:21:21,308  WARN [main] impl.MetricsSystemImpl: JobTracker metrics system already initialized!
2024-04-24T05:21:21,312  INFO [main] fs.FSStatsPublisher: created : file:/home/alex/Repositories/hive/ql/target/tmp/localscratchdir/d5a4d20d-09e1-4bfd-b1f6-f0e7b6b7b109/hive_2024-04-24_05-21-20_893_2332946561243550265-1/-mr-10000
2024-04-24T05:21:21,313  WARN [main] impl.MetricsSystemImpl: JobTracker metrics system already initialized!
2024-04-24T05:21:21,320  WARN [main] mapreduce.JobResourceUploader: Hadoop command-line option parsing not performed. Implement the Tool interface and execute your application with ToolRunner to remedy this.
2024-04-24T05:21:21,325  WARN [main] mapreduce.JobResourceUploader: No job jar file set.  User classes may not be found. See Job or Job#setJar(String).
2024-04-24T05:21:21,326  INFO [main] io.HiveInputFormat: hive.io.file.readcolumn.ids = 0,1
2024-04-24T05:21:21,326  INFO [main] io.HiveInputFormat: hive.io.file.readcolumn.names = c1,c2
2024-04-24T05:21:21,326  INFO [main] io.HiveInputFormat: Generating splits for dirs: file:/home/alex/Repositories/hive/ql/target/tmp/org.apache.hadoop.hive.ql.TestTxnNoBuckets-1713961246971/warehouse/tmp/c3=0
2024-04-24T05:21:21,327  INFO [main] orc.OrcInputFormat: getSplits started
2024-04-24T05:21:21,327  INFO [main] orc.OrcInputFormat: Context:: isAcid: false isVectorMode: false sarg: null minSplitSize: 1 maxSplitSize: 256000000 splitStrategy: HYBRID footerInSplits: false numBuckets: 0 numThreads: 10 cacheMemSize: 268435456 cacheStripeDetails: true useSoftReference: false writeIdList: null:9223372036854775807:9223372036854775807:: isTransactionalTable: true txnProperties: default 
2024-04-24T05:21:21,327  INFO [main] orc.OrcInputFormat: ORC pushdown predicate: null
2024-04-24T05:21:21,338  INFO [main] orc.OrcInputFormat: FooterCacheHitRatio: 0/8
2024-04-24T05:21:21,338  INFO [main] orc.OrcInputFormat: getSplits finished (#splits: 8). duration: 11 ms
2024-04-24T05:21:21,338  INFO [main] io.HiveInputFormat: number of splits 8
2024-04-24T05:21:21,355  INFO [main] mapreduce.JobSubmitter: number of splits:8
2024-04-24T05:21:21,374  INFO [main] mapreduce.JobSubmitter: Submitting tokens for job: job_local583372925_0012
2024-04-24T05:21:21,374  INFO [main] mapreduce.JobSubmitter: Executing with tokens: []
2024-04-24T05:21:21,434  INFO [main] mapreduce.Job: The url to track the job: http://localhost:8080/
Job running in-process (local Hadoop)
2024-04-24T05:21:21,434  INFO [main] exec.Task: Job running in-process (local Hadoop)
2024-04-24T05:21:21,434  INFO [Thread-744] mapred.LocalJobRunner: OutputCommitter set in config org.apache.hadoop.hive.ql.io.HiveFileFormatUtils$NullOutputCommitter
2024-04-24T05:21:21,434  INFO [Thread-744] mapred.LocalJobRunner: OutputCommitter is org.apache.hadoop.hive.ql.io.HiveFileFormatUtils$NullOutputCommitter
2024-04-24T05:21:21,438  INFO [Thread-744] mapred.LocalJobRunner: Waiting for map tasks
2024-04-24T05:21:21,438  INFO [LocalJobRunner Map Task Executor #0] mapred.LocalJobRunner: Starting task: attempt_local583372925_0012_m_000000_0
2024-04-24T05:21:21,439  INFO [LocalJobRunner Map Task Executor #0] mapred.Task:  Using ResourceCalculatorProcessTree : [ ]
2024-04-24T05:21:21,440  INFO [LocalJobRunner Map Task Executor #0] mapred.MapTask: Processing split: org.apache.hadoop.hive.ql.io.orc.OrcInputFormat:OrcSplit [file:/home/alex/Repositories/hive/ql/target/tmp/org.apache.hadoop.hive.ql.TestTxnNoBuckets-1713961246971/warehouse/tmp/c3=0/000000_0, start=3, length=110, isOriginal=true, fileLength=242, hasFooter=false, hasBase=true, deltas=0]
2024-04-24T05:21:21,440  INFO [LocalJobRunner Map Task Executor #0] exec.SerializationUtilities: Deserializing MapWork using kryo
2024-04-24T05:21:21,441  INFO [LocalJobRunner Map Task Executor #0] exec.Utilities: Deserialized plan (via FILE) - name: null size: 6,77KB
2024-04-24T05:21:21,442  INFO [LocalJobRunner Map Task Executor #0] orc.ReaderImpl: Reading ORC rows from file:/home/alex/Repositories/hive/ql/target/tmp/org.apache.hadoop.hive.ql.TestTxnNoBuckets-1713961246971/warehouse/tmp/c3=0/000000_0 with {include: [true, true, true], offset: 3, length: 110, schema: struct<c1:int,c2:int>, includeAcidColumns: true}
2024-04-24T05:21:21,443  INFO [LocalJobRunner Map Task Executor #0] mapred.MapTask: numReduceTasks: 1
2024-04-24T05:21:21,447  INFO [LocalJobRunner Map Task Executor #0] mapred.MapTask: (EQUATOR) 0 kvi 26214396(104857584)
2024-04-24T05:21:21,447  INFO [LocalJobRunner Map Task Executor #0] mapred.MapTask: mapreduce.task.io.sort.mb: 100
2024-04-24T05:21:21,447  INFO [LocalJobRunner Map Task Executor #0] mapred.MapTask: soft limit at 83886080
2024-04-24T05:21:21,447  INFO [LocalJobRunner Map Task Executor #0] mapred.MapTask: bufstart = 0; bufvoid = 104857600
2024-04-24T05:21:21,447  INFO [LocalJobRunner Map Task Executor #0] mapred.MapTask: kvstart = 26214396; length = 6553600
2024-04-24T05:21:21,448  INFO [LocalJobRunner Map Task Executor #0] mapred.MapTask: Map output collector class = org.apache.hadoop.mapred.MapTask$MapOutputBuffer
2024-04-24T05:21:21,448  INFO [LocalJobRunner Map Task Executor #0] exec.MapOperator: Initializing Operator: MAP[0]
2024-04-24T05:21:21,451  INFO [LocalJobRunner Map Task Executor #0] mr.ExecMapper: 
<MAP>Id =0
  <Children>null
  <\Children>
  <Parent><\Parent>
<\MAP>
2024-04-24T05:21:21,452  INFO [LocalJobRunner Map Task Executor #0] exec.TableScanOperator: Initializing Operator: TS[0]
2024-04-24T05:21:21,452  INFO [LocalJobRunner Map Task Executor #0] exec.SelectOperator: Initializing Operator: SEL[1]
2024-04-24T05:21:21,452  INFO [LocalJobRunner Map Task Executor #0] exec.SelectOperator: SELECT struct<c1:int,c2:int,c3:int>
2024-04-24T05:21:21,452  INFO [LocalJobRunner Map Task Executor #0] exec.ReduceSinkOperator: Initializing Operator: RS[3]
2024-04-24T05:21:21,452  INFO [LocalJobRunner Map Task Executor #0] exec.ReduceSinkOperator: Using tag = -1
2024-04-24T05:21:21,453  INFO [LocalJobRunner Map Task Executor #0] exec.ReduceSinkOperator: keys are [_col2] num distributions: 1
2024-04-24T05:21:21,453  INFO [LocalJobRunner Map Task Executor #0] exec.ReduceSinkOperator: RS[3]: records written - 1
2024-04-24T05:21:21,453  INFO [LocalJobRunner Map Task Executor #0] exec.MapOperator: MAP[0]: records read - 1
2024-04-24T05:21:21,453  INFO [LocalJobRunner Map Task Executor #0] exec.MapOperator: Closing Operator: MAP[0]
2024-04-24T05:21:21,453  INFO [LocalJobRunner Map Task Executor #0] exec.MapOperator: MAP[0]: Total records read - 1. abort - false
2024-04-24T05:21:21,453  INFO [LocalJobRunner Map Task Executor #0] exec.MapOperator: RECORDS_IN:1, RECORDS_OUT_INTERMEDIATE:0, RECORDS_OUT_OPERATOR_MAP_0:0, DESERIALIZE_ERRORS:0, 
2024-04-24T05:21:21,453  INFO [LocalJobRunner Map Task Executor #0] exec.TableScanOperator: Closing Operator: TS[0]
2024-04-24T05:21:21,453  INFO [LocalJobRunner Map Task Executor #0] exec.TableScanOperator: RECORDS_OUT_INTERMEDIATE:0, RECORDS_OUT_OPERATOR_TS_0:1, 
2024-04-24T05:21:21,453  INFO [LocalJobRunner Map Task Executor #0] exec.SelectOperator: Closing Operator: SEL[1]
2024-04-24T05:21:21,453  INFO [LocalJobRunner Map Task Executor #0] exec.SelectOperator: RECORDS_OUT_OPERATOR_SEL_1:1, RECORDS_OUT_INTERMEDIATE:0, 
2024-04-24T05:21:21,453  INFO [LocalJobRunner Map Task Executor #0] exec.ReduceSinkOperator: Closing Operator: RS[3]
2024-04-24T05:21:21,453  INFO [LocalJobRunner Map Task Executor #0] exec.ReduceSinkOperator: RS[3]: Total records written - 1. abort - false
2024-04-24T05:21:21,453  INFO [LocalJobRunner Map Task Executor #0] exec.ReduceSinkOperator: RECORDS_OUT_OPERATOR_RS_3:1, RECORDS_OUT_INTERMEDIATE:1, 
2024-04-24T05:21:21,454  INFO [LocalJobRunner Map Task Executor #0] mapred.LocalJobRunner: 
2024-04-24T05:21:21,454  INFO [LocalJobRunner Map Task Executor #0] mapred.MapTask: Starting flush of map output
2024-04-24T05:21:21,454  INFO [LocalJobRunner Map Task Executor #0] mapred.MapTask: Spilling map output
2024-04-24T05:21:21,454  INFO [LocalJobRunner Map Task Executor #0] mapred.MapTask: bufstart = 0; bufend = 17; bufvoid = 104857600
2024-04-24T05:21:21,454  INFO [LocalJobRunner Map Task Executor #0] mapred.MapTask: kvstart = 26214396(104857584); kvend = 26214396(104857584); length = 1/6553600
2024-04-24T05:21:21,464  INFO [LocalJobRunner Map Task Executor #0] mapred.MapTask: Finished spill 0
2024-04-24T05:21:21,467  INFO [LocalJobRunner Map Task Executor #0] mapred.Task: Task:attempt_local583372925_0012_m_000000_0 is done. And is in the process of committing
2024-04-24T05:21:21,468  INFO [LocalJobRunner Map Task Executor #0] mapred.LocalJobRunner: map
2024-04-24T05:21:21,468  INFO [LocalJobRunner Map Task Executor #0] mapred.Task: Task 'attempt_local583372925_0012_m_000000_0' done.
2024-04-24T05:21:21,468  INFO [LocalJobRunner Map Task Executor #0] mapred.Task: Final Counters for attempt_local583372925_0012_m_000000_0: Counters: 24
	File System Counters
		FILE: Number of bytes read=181580
		FILE: Number of bytes written=14144677
		FILE: Number of read operations=0
		FILE: Number of large read operations=0
		FILE: Number of write operations=0
	Map-Reduce Framework
		Map input records=1
		Map output records=1
		Map output bytes=17
		Map output materialized bytes=25
		Input split bytes=466
		Combine input records=0
		Spilled Records=1
		Failed Shuffles=0
		Merged Map outputs=0
		GC time elapsed (ms)=0
		Total committed heap usage (bytes)=1120927744
	HIVE
		DESERIALIZE_ERRORS=0
		RECORDS_IN=1
		RECORDS_OUT_INTERMEDIATE=1
		RECORDS_OUT_OPERATOR_MAP_0=0
		RECORDS_OUT_OPERATOR_RS_3=1
		RECORDS_OUT_OPERATOR_SEL_1=1
		RECORDS_OUT_OPERATOR_TS_0=1
	File Input Format Counters 
		Bytes Read=7865
2024-04-24T05:21:21,468  INFO [LocalJobRunner Map Task Executor #0] mapred.LocalJobRunner: Finishing task: attempt_local583372925_0012_m_000000_0
2024-04-24T05:21:21,468  INFO [LocalJobRunner Map Task Executor #0] mapred.LocalJobRunner: Starting task: attempt_local583372925_0012_m_000001_0
2024-04-24T05:21:21,468  INFO [LocalJobRunner Map Task Executor #0] mapred.Task:  Using ResourceCalculatorProcessTree : [ ]
2024-04-24T05:21:21,469  INFO [LocalJobRunner Map Task Executor #0] mapred.MapTask: Processing split: org.apache.hadoop.hive.ql.io.orc.OrcInputFormat:OrcSplit [file:/home/alex/Repositories/hive/ql/target/tmp/org.apache.hadoop.hive.ql.TestTxnNoBuckets-1713961246971/warehouse/tmp/c3=5/000000_0, start=3, length=110, isOriginal=true, fileLength=242, hasFooter=false, hasBase=true, deltas=0]
2024-04-24T05:21:21,469  INFO [LocalJobRunner Map Task Executor #0] exec.SerializationUtilities: Deserializing MapWork using kryo
2024-04-24T05:21:21,470  INFO [LocalJobRunner Map Task Executor #0] exec.Utilities: Deserialized plan (via FILE) - name: null size: 6,77KB
2024-04-24T05:21:21,471  INFO [LocalJobRunner Map Task Executor #0] orc.ReaderImpl: Reading ORC rows from file:/home/alex/Repositories/hive/ql/target/tmp/org.apache.hadoop.hive.ql.TestTxnNoBuckets-1713961246971/warehouse/tmp/c3=5/000000_0 with {include: [true, true, true], offset: 3, length: 110, schema: struct<c1:int,c2:int>, includeAcidColumns: true}
2024-04-24T05:21:21,472  INFO [LocalJobRunner Map Task Executor #0] mapred.MapTask: numReduceTasks: 1
2024-04-24T05:21:21,484  INFO [LocalJobRunner Map Task Executor #0] mapred.MapTask: (EQUATOR) 0 kvi 26214396(104857584)
2024-04-24T05:21:21,484  INFO [LocalJobRunner Map Task Executor #0] mapred.MapTask: mapreduce.task.io.sort.mb: 100
2024-04-24T05:21:21,484  INFO [LocalJobRunner Map Task Executor #0] mapred.MapTask: soft limit at 83886080
2024-04-24T05:21:21,484  INFO [LocalJobRunner Map Task Executor #0] mapred.MapTask: bufstart = 0; bufvoid = 104857600
2024-04-24T05:21:21,484  INFO [LocalJobRunner Map Task Executor #0] mapred.MapTask: kvstart = 26214396; length = 6553600
2024-04-24T05:21:21,485  INFO [LocalJobRunner Map Task Executor #0] mapred.MapTask: Map output collector class = org.apache.hadoop.mapred.MapTask$MapOutputBuffer
2024-04-24T05:21:21,485  INFO [LocalJobRunner Map Task Executor #0] exec.MapOperator: Initializing Operator: MAP[0]
2024-04-24T05:21:21,488  INFO [LocalJobRunner Map Task Executor #0] mr.ExecMapper: 
<MAP>Id =0
  <Children>null
  <\Children>
  <Parent><\Parent>
<\MAP>
2024-04-24T05:21:21,488  INFO [LocalJobRunner Map Task Executor #0] exec.TableScanOperator: Initializing Operator: TS[0]
2024-04-24T05:21:21,488  INFO [LocalJobRunner Map Task Executor #0] exec.SelectOperator: Initializing Operator: SEL[1]
2024-04-24T05:21:21,488  INFO [LocalJobRunner Map Task Executor #0] exec.SelectOperator: SELECT struct<c1:int,c2:int,c3:int>
2024-04-24T05:21:21,489  INFO [LocalJobRunner Map Task Executor #0] exec.ReduceSinkOperator: Initializing Operator: RS[3]
2024-04-24T05:21:21,489  INFO [LocalJobRunner Map Task Executor #0] exec.ReduceSinkOperator: Using tag = -1
2024-04-24T05:21:21,489  INFO [LocalJobRunner Map Task Executor #0] exec.ReduceSinkOperator: keys are [_col2] num distributions: 1
2024-04-24T05:21:21,489  INFO [LocalJobRunner Map Task Executor #0] exec.ReduceSinkOperator: RS[3]: records written - 1
2024-04-24T05:21:21,489  INFO [LocalJobRunner Map Task Executor #0] exec.MapOperator: MAP[0]: records read - 1
2024-04-24T05:21:21,489  INFO [LocalJobRunner Map Task Executor #0] exec.MapOperator: Closing Operator: MAP[0]
2024-04-24T05:21:21,489  INFO [LocalJobRunner Map Task Executor #0] exec.MapOperator: MAP[0]: Total records read - 1. abort - false
2024-04-24T05:21:21,490  INFO [LocalJobRunner Map Task Executor #0] exec.MapOperator: DESERIALIZE_ERRORS:0, RECORDS_IN:1, RECORDS_OUT_INTERMEDIATE:0, RECORDS_OUT_OPERATOR_MAP_0:0, 
2024-04-24T05:21:21,490  INFO [LocalJobRunner Map Task Executor #0] exec.TableScanOperator: Closing Operator: TS[0]
2024-04-24T05:21:21,490  INFO [LocalJobRunner Map Task Executor #0] exec.TableScanOperator: RECORDS_OUT_OPERATOR_TS_0:1, RECORDS_OUT_INTERMEDIATE:0, 
2024-04-24T05:21:21,490  INFO [LocalJobRunner Map Task Executor #0] exec.SelectOperator: Closing Operator: SEL[1]
2024-04-24T05:21:21,490  INFO [LocalJobRunner Map Task Executor #0] exec.SelectOperator: RECORDS_OUT_OPERATOR_SEL_1:1, RECORDS_OUT_INTERMEDIATE:0, 
2024-04-24T05:21:21,490  INFO [LocalJobRunner Map Task Executor #0] exec.ReduceSinkOperator: Closing Operator: RS[3]
2024-04-24T05:21:21,490  INFO [LocalJobRunner Map Task Executor #0] exec.ReduceSinkOperator: RS[3]: Total records written - 1. abort - false
2024-04-24T05:21:21,490  INFO [LocalJobRunner Map Task Executor #0] exec.ReduceSinkOperator: RECORDS_OUT_OPERATOR_RS_3:1, RECORDS_OUT_INTERMEDIATE:1, 
2024-04-24T05:21:21,490  INFO [LocalJobRunner Map Task Executor #0] mapred.LocalJobRunner: 
2024-04-24T05:21:21,490  INFO [LocalJobRunner Map Task Executor #0] mapred.MapTask: Starting flush of map output
2024-04-24T05:21:21,490  INFO [LocalJobRunner Map Task Executor #0] mapred.MapTask: Spilling map output
2024-04-24T05:21:21,490  INFO [LocalJobRunner Map Task Executor #0] mapred.MapTask: bufstart = 0; bufend = 17; bufvoid = 104857600
2024-04-24T05:21:21,490  INFO [LocalJobRunner Map Task Executor #0] mapred.MapTask: kvstart = 26214396(104857584); kvend = 26214396(104857584); length = 1/6553600
2024-04-24T05:21:21,498  INFO [LocalJobRunner Map Task Executor #0] mapred.MapTask: Finished spill 0
2024-04-24T05:21:21,501  INFO [LocalJobRunner Map Task Executor #0] mapred.Task: Task:attempt_local583372925_0012_m_000001_0 is done. And is in the process of committing
2024-04-24T05:21:21,502  INFO [LocalJobRunner Map Task Executor #0] mapred.LocalJobRunner: map
2024-04-24T05:21:21,502  INFO [LocalJobRunner Map Task Executor #0] mapred.Task: Task 'attempt_local583372925_0012_m_000001_0' done.
2024-04-24T05:21:21,502  INFO [LocalJobRunner Map Task Executor #0] mapred.Task: Final Counters for attempt_local583372925_0012_m_000001_0: Counters: 24
	File System Counters
		FILE: Number of bytes read=193227
		FILE: Number of bytes written=14144734
		FILE: Number of read operations=0
		FILE: Number of large read operations=0
		FILE: Number of write operations=0
	Map-Reduce Framework
		Map input records=1
		Map output records=1
		Map output bytes=17
		Map output materialized bytes=25
		Input split bytes=466
		Combine input records=0
		Spilled Records=1
		Failed Shuffles=0
		Merged Map outputs=0
		GC time elapsed (ms)=6
		Total committed heap usage (bytes)=1099431936
	HIVE
		DESERIALIZE_ERRORS=0
		RECORDS_IN=1
		RECORDS_OUT_INTERMEDIATE=1
		RECORDS_OUT_OPERATOR_MAP_0=0
		RECORDS_OUT_OPERATOR_RS_3=1
		RECORDS_OUT_OPERATOR_SEL_1=1
		RECORDS_OUT_OPERATOR_TS_0=1
	File Input Format Counters 
		Bytes Read=7865
2024-04-24T05:21:21,502  INFO [LocalJobRunner Map Task Executor #0] mapred.LocalJobRunner: Finishing task: attempt_local583372925_0012_m_000001_0
2024-04-24T05:21:21,502  INFO [LocalJobRunner Map Task Executor #0] mapred.LocalJobRunner: Starting task: attempt_local583372925_0012_m_000002_0
2024-04-24T05:21:21,502  INFO [LocalJobRunner Map Task Executor #0] mapred.Task:  Using ResourceCalculatorProcessTree : [ ]
2024-04-24T05:21:21,503  INFO [LocalJobRunner Map Task Executor #0] mapred.MapTask: Processing split: org.apache.hadoop.hive.ql.io.orc.OrcInputFormat:OrcSplit [file:/home/alex/Repositories/hive/ql/target/tmp/org.apache.hadoop.hive.ql.TestTxnNoBuckets-1713961246971/warehouse/tmp/c3=2/000000_0, start=3, length=110, isOriginal=true, fileLength=242, hasFooter=false, hasBase=true, deltas=0]
2024-04-24T05:21:21,503  INFO [LocalJobRunner Map Task Executor #0] exec.SerializationUtilities: Deserializing MapWork using kryo
2024-04-24T05:21:21,504  INFO [LocalJobRunner Map Task Executor #0] exec.Utilities: Deserialized plan (via FILE) - name: null size: 6,77KB
2024-04-24T05:21:21,505  INFO [LocalJobRunner Map Task Executor #0] orc.ReaderImpl: Reading ORC rows from file:/home/alex/Repositories/hive/ql/target/tmp/org.apache.hadoop.hive.ql.TestTxnNoBuckets-1713961246971/warehouse/tmp/c3=2/000000_0 with {include: [true, true, true], offset: 3, length: 110, schema: struct<c1:int,c2:int>, includeAcidColumns: true}
2024-04-24T05:21:21,506  INFO [LocalJobRunner Map Task Executor #0] mapred.MapTask: numReduceTasks: 1
2024-04-24T05:21:21,510  INFO [LocalJobRunner Map Task Executor #0] mapred.MapTask: (EQUATOR) 0 kvi 26214396(104857584)
2024-04-24T05:21:21,510  INFO [LocalJobRunner Map Task Executor #0] mapred.MapTask: mapreduce.task.io.sort.mb: 100
2024-04-24T05:21:21,510  INFO [LocalJobRunner Map Task Executor #0] mapred.MapTask: soft limit at 83886080
2024-04-24T05:21:21,510  INFO [LocalJobRunner Map Task Executor #0] mapred.MapTask: bufstart = 0; bufvoid = 104857600
2024-04-24T05:21:21,510  INFO [LocalJobRunner Map Task Executor #0] mapred.MapTask: kvstart = 26214396; length = 6553600
2024-04-24T05:21:21,510  INFO [LocalJobRunner Map Task Executor #0] mapred.MapTask: Map output collector class = org.apache.hadoop.mapred.MapTask$MapOutputBuffer
2024-04-24T05:21:21,511  INFO [LocalJobRunner Map Task Executor #0] exec.MapOperator: Initializing Operator: MAP[0]
2024-04-24T05:21:21,513  INFO [LocalJobRunner Map Task Executor #0] mr.ExecMapper: 
<MAP>Id =0
  <Children>null
  <\Children>
  <Parent><\Parent>
<\MAP>
2024-04-24T05:21:21,514  INFO [LocalJobRunner Map Task Executor #0] exec.TableScanOperator: Initializing Operator: TS[0]
2024-04-24T05:21:21,514  INFO [LocalJobRunner Map Task Executor #0] exec.SelectOperator: Initializing Operator: SEL[1]
2024-04-24T05:21:21,514  INFO [LocalJobRunner Map Task Executor #0] exec.SelectOperator: SELECT struct<c1:int,c2:int,c3:int>
2024-04-24T05:21:21,514  INFO [LocalJobRunner Map Task Executor #0] exec.ReduceSinkOperator: Initializing Operator: RS[3]
2024-04-24T05:21:21,514  INFO [LocalJobRunner Map Task Executor #0] exec.ReduceSinkOperator: Using tag = -1
2024-04-24T05:21:21,515  INFO [LocalJobRunner Map Task Executor #0] exec.ReduceSinkOperator: keys are [_col2] num distributions: 1
2024-04-24T05:21:21,515  INFO [LocalJobRunner Map Task Executor #0] exec.ReduceSinkOperator: RS[3]: records written - 1
2024-04-24T05:21:21,515  INFO [LocalJobRunner Map Task Executor #0] exec.MapOperator: MAP[0]: records read - 1
2024-04-24T05:21:21,515  INFO [LocalJobRunner Map Task Executor #0] exec.MapOperator: Closing Operator: MAP[0]
2024-04-24T05:21:21,515  INFO [LocalJobRunner Map Task Executor #0] exec.MapOperator: MAP[0]: Total records read - 1. abort - false
2024-04-24T05:21:21,515  INFO [LocalJobRunner Map Task Executor #0] exec.MapOperator: DESERIALIZE_ERRORS:0, RECORDS_IN:1, RECORDS_OUT_OPERATOR_MAP_0:0, RECORDS_OUT_INTERMEDIATE:0, 
2024-04-24T05:21:21,515  INFO [LocalJobRunner Map Task Executor #0] exec.TableScanOperator: Closing Operator: TS[0]
2024-04-24T05:21:21,515  INFO [LocalJobRunner Map Task Executor #0] exec.TableScanOperator: RECORDS_OUT_INTERMEDIATE:0, RECORDS_OUT_OPERATOR_TS_0:1, 
2024-04-24T05:21:21,515  INFO [LocalJobRunner Map Task Executor #0] exec.SelectOperator: Closing Operator: SEL[1]
2024-04-24T05:21:21,515  INFO [LocalJobRunner Map Task Executor #0] exec.SelectOperator: RECORDS_OUT_INTERMEDIATE:0, RECORDS_OUT_OPERATOR_SEL_1:1, 
2024-04-24T05:21:21,515  INFO [LocalJobRunner Map Task Executor #0] exec.ReduceSinkOperator: Closing Operator: RS[3]
2024-04-24T05:21:21,515  INFO [LocalJobRunner Map Task Executor #0] exec.ReduceSinkOperator: RS[3]: Total records written - 1. abort - false
2024-04-24T05:21:21,516  INFO [LocalJobRunner Map Task Executor #0] exec.ReduceSinkOperator: RECORDS_OUT_OPERATOR_RS_3:1, RECORDS_OUT_INTERMEDIATE:1, 
2024-04-24T05:21:21,516  INFO [LocalJobRunner Map Task Executor #0] mapred.LocalJobRunner: 
2024-04-24T05:21:21,516  INFO [LocalJobRunner Map Task Executor #0] mapred.MapTask: Starting flush of map output
2024-04-24T05:21:21,516  INFO [LocalJobRunner Map Task Executor #0] mapred.MapTask: Spilling map output
2024-04-24T05:21:21,516  INFO [LocalJobRunner Map Task Executor #0] mapred.MapTask: bufstart = 0; bufend = 17; bufvoid = 104857600
2024-04-24T05:21:21,516  INFO [LocalJobRunner Map Task Executor #0] mapred.MapTask: kvstart = 26214396(104857584); kvend = 26214396(104857584); length = 1/6553600
2024-04-24T05:21:21,525  INFO [LocalJobRunner Map Task Executor #0] mapred.MapTask: Finished spill 0
2024-04-24T05:21:21,528  INFO [LocalJobRunner Map Task Executor #0] mapred.Task: Task:attempt_local583372925_0012_m_000002_0 is done. And is in the process of committing
2024-04-24T05:21:21,528  INFO [LocalJobRunner Map Task Executor #0] mapred.LocalJobRunner: map
2024-04-24T05:21:21,528  INFO [LocalJobRunner Map Task Executor #0] mapred.Task: Task 'attempt_local583372925_0012_m_000002_0' done.
2024-04-24T05:21:21,529  INFO [LocalJobRunner Map Task Executor #0] mapred.Task: Final Counters for attempt_local583372925_0012_m_000002_0: Counters: 24
	File System Counters
		FILE: Number of bytes read=204362
		FILE: Number of bytes written=14144791
		FILE: Number of read operations=0
		FILE: Number of large read operations=0
		FILE: Number of write operations=0
	Map-Reduce Framework
		Map input records=1
		Map output records=1
		Map output bytes=17
		Map output materialized bytes=25
		Input split bytes=466
		Combine input records=0
		Spilled Records=1
		Failed Shuffles=0
		Merged Map outputs=0
		GC time elapsed (ms)=0
		Total committed heap usage (bytes)=1099431936
	HIVE
		DESERIALIZE_ERRORS=0
		RECORDS_IN=1
		RECORDS_OUT_INTERMEDIATE=1
		RECORDS_OUT_OPERATOR_MAP_0=0
		RECORDS_OUT_OPERATOR_RS_3=1
		RECORDS_OUT_OPERATOR_SEL_1=1
		RECORDS_OUT_OPERATOR_TS_0=1
	File Input Format Counters 
		Bytes Read=7865
2024-04-24T05:21:21,529  INFO [LocalJobRunner Map Task Executor #0] mapred.LocalJobRunner: Finishing task: attempt_local583372925_0012_m_000002_0
2024-04-24T05:21:21,529  INFO [LocalJobRunner Map Task Executor #0] mapred.LocalJobRunner: Starting task: attempt_local583372925_0012_m_000003_0
2024-04-24T05:21:21,529  INFO [LocalJobRunner Map Task Executor #0] mapred.Task:  Using ResourceCalculatorProcessTree : [ ]
2024-04-24T05:21:21,530  INFO [LocalJobRunner Map Task Executor #0] mapred.MapTask: Processing split: org.apache.hadoop.hive.ql.io.orc.OrcInputFormat:OrcSplit [file:/home/alex/Repositories/hive/ql/target/tmp/org.apache.hadoop.hive.ql.TestTxnNoBuckets-1713961246971/warehouse/tmp/c3=4/000000_0, start=3, length=110, isOriginal=true, fileLength=242, hasFooter=false, hasBase=true, deltas=0]
2024-04-24T05:21:21,530  INFO [LocalJobRunner Map Task Executor #0] exec.SerializationUtilities: Deserializing MapWork using kryo
2024-04-24T05:21:21,531  INFO [LocalJobRunner Map Task Executor #0] exec.Utilities: Deserialized plan (via FILE) - name: null size: 6,77KB
2024-04-24T05:21:21,532  INFO [LocalJobRunner Map Task Executor #0] orc.ReaderImpl: Reading ORC rows from file:/home/alex/Repositories/hive/ql/target/tmp/org.apache.hadoop.hive.ql.TestTxnNoBuckets-1713961246971/warehouse/tmp/c3=4/000000_0 with {include: [true, true, true], offset: 3, length: 110, schema: struct<c1:int,c2:int>, includeAcidColumns: true}
2024-04-24T05:21:21,533  INFO [LocalJobRunner Map Task Executor #0] mapred.MapTask: numReduceTasks: 1
2024-04-24T05:21:21,537  INFO [LocalJobRunner Map Task Executor #0] mapred.MapTask: (EQUATOR) 0 kvi 26214396(104857584)
2024-04-24T05:21:21,537  INFO [LocalJobRunner Map Task Executor #0] mapred.MapTask: mapreduce.task.io.sort.mb: 100
2024-04-24T05:21:21,537  INFO [LocalJobRunner Map Task Executor #0] mapred.MapTask: soft limit at 83886080
2024-04-24T05:21:21,537  INFO [LocalJobRunner Map Task Executor #0] mapred.MapTask: bufstart = 0; bufvoid = 104857600
2024-04-24T05:21:21,537  INFO [LocalJobRunner Map Task Executor #0] mapred.MapTask: kvstart = 26214396; length = 6553600
2024-04-24T05:21:21,537  INFO [LocalJobRunner Map Task Executor #0] mapred.MapTask: Map output collector class = org.apache.hadoop.mapred.MapTask$MapOutputBuffer
2024-04-24T05:21:21,538  INFO [LocalJobRunner Map Task Executor #0] exec.MapOperator: Initializing Operator: MAP[0]
2024-04-24T05:21:21,541  INFO [LocalJobRunner Map Task Executor #0] mr.ExecMapper: 
<MAP>Id =0
  <Children>null
  <\Children>
  <Parent><\Parent>
<\MAP>
2024-04-24T05:21:21,541  INFO [LocalJobRunner Map Task Executor #0] exec.TableScanOperator: Initializing Operator: TS[0]
2024-04-24T05:21:21,541  INFO [LocalJobRunner Map Task Executor #0] exec.SelectOperator: Initializing Operator: SEL[1]
2024-04-24T05:21:21,541  INFO [LocalJobRunner Map Task Executor #0] exec.SelectOperator: SELECT struct<c1:int,c2:int,c3:int>
2024-04-24T05:21:21,541  INFO [LocalJobRunner Map Task Executor #0] exec.ReduceSinkOperator: Initializing Operator: RS[3]
2024-04-24T05:21:21,541  INFO [LocalJobRunner Map Task Executor #0] exec.ReduceSinkOperator: Using tag = -1
2024-04-24T05:21:21,542  INFO [LocalJobRunner Map Task Executor #0] exec.ReduceSinkOperator: keys are [_col2] num distributions: 1
2024-04-24T05:21:21,542  INFO [LocalJobRunner Map Task Executor #0] exec.ReduceSinkOperator: RS[3]: records written - 1
2024-04-24T05:21:21,542  INFO [LocalJobRunner Map Task Executor #0] exec.MapOperator: MAP[0]: records read - 1
2024-04-24T05:21:21,542  INFO [LocalJobRunner Map Task Executor #0] exec.MapOperator: Closing Operator: MAP[0]
2024-04-24T05:21:21,542  INFO [LocalJobRunner Map Task Executor #0] exec.MapOperator: MAP[0]: Total records read - 1. abort - false
2024-04-24T05:21:21,542  INFO [LocalJobRunner Map Task Executor #0] exec.MapOperator: RECORDS_OUT_INTERMEDIATE:0, DESERIALIZE_ERRORS:0, RECORDS_IN:1, RECORDS_OUT_OPERATOR_MAP_0:0, 
2024-04-24T05:21:21,542  INFO [LocalJobRunner Map Task Executor #0] exec.TableScanOperator: Closing Operator: TS[0]
2024-04-24T05:21:21,542  INFO [LocalJobRunner Map Task Executor #0] exec.TableScanOperator: RECORDS_OUT_OPERATOR_TS_0:1, RECORDS_OUT_INTERMEDIATE:0, 
2024-04-24T05:21:21,542  INFO [LocalJobRunner Map Task Executor #0] exec.SelectOperator: Closing Operator: SEL[1]
2024-04-24T05:21:21,542  INFO [LocalJobRunner Map Task Executor #0] exec.SelectOperator: RECORDS_OUT_INTERMEDIATE:0, RECORDS_OUT_OPERATOR_SEL_1:1, 
2024-04-24T05:21:21,542  INFO [LocalJobRunner Map Task Executor #0] exec.ReduceSinkOperator: Closing Operator: RS[3]
2024-04-24T05:21:21,542  INFO [LocalJobRunner Map Task Executor #0] exec.ReduceSinkOperator: RS[3]: Total records written - 1. abort - false
2024-04-24T05:21:21,542  INFO [LocalJobRunner Map Task Executor #0] exec.ReduceSinkOperator: RECORDS_OUT_OPERATOR_RS_3:1, RECORDS_OUT_INTERMEDIATE:1, 
2024-04-24T05:21:21,543  INFO [LocalJobRunner Map Task Executor #0] mapred.LocalJobRunner: 
2024-04-24T05:21:21,543  INFO [LocalJobRunner Map Task Executor #0] mapred.MapTask: Starting flush of map output
2024-04-24T05:21:21,543  INFO [LocalJobRunner Map Task Executor #0] mapred.MapTask: Spilling map output
2024-04-24T05:21:21,543  INFO [LocalJobRunner Map Task Executor #0] mapred.MapTask: bufstart = 0; bufend = 17; bufvoid = 104857600
2024-04-24T05:21:21,543  INFO [LocalJobRunner Map Task Executor #0] mapred.MapTask: kvstart = 26214396(104857584); kvend = 26214396(104857584); length = 1/6553600
2024-04-24T05:21:21,553  INFO [LocalJobRunner Map Task Executor #0] mapred.MapTask: Finished spill 0
2024-04-24T05:21:21,556  INFO [LocalJobRunner Map Task Executor #0] mapred.Task: Task:attempt_local583372925_0012_m_000003_0 is done. And is in the process of committing
2024-04-24T05:21:21,556  INFO [LocalJobRunner Map Task Executor #0] mapred.LocalJobRunner: map
2024-04-24T05:21:21,556  INFO [LocalJobRunner Map Task Executor #0] mapred.Task: Task 'attempt_local583372925_0012_m_000003_0' done.
2024-04-24T05:21:21,556  INFO [LocalJobRunner Map Task Executor #0] mapred.Task: Final Counters for attempt_local583372925_0012_m_000003_0: Counters: 24
	File System Counters
		FILE: Number of bytes read=214985
		FILE: Number of bytes written=14144848
		FILE: Number of read operations=0
		FILE: Number of large read operations=0
		FILE: Number of write operations=0
	Map-Reduce Framework
		Map input records=1
		Map output records=1
		Map output bytes=17
		Map output materialized bytes=25
		Input split bytes=466
		Combine input records=0
		Spilled Records=1
		Failed Shuffles=0
		Merged Map outputs=0
		GC time elapsed (ms)=0
		Total committed heap usage (bytes)=1099431936
	HIVE
		DESERIALIZE_ERRORS=0
		RECORDS_IN=1
		RECORDS_OUT_INTERMEDIATE=1
		RECORDS_OUT_OPERATOR_MAP_0=0
		RECORDS_OUT_OPERATOR_RS_3=1
		RECORDS_OUT_OPERATOR_SEL_1=1
		RECORDS_OUT_OPERATOR_TS_0=1
	File Input Format Counters 
		Bytes Read=7865
2024-04-24T05:21:21,556  INFO [LocalJobRunner Map Task Executor #0] mapred.LocalJobRunner: Finishing task: attempt_local583372925_0012_m_000003_0
2024-04-24T05:21:21,556  INFO [LocalJobRunner Map Task Executor #0] mapred.LocalJobRunner: Starting task: attempt_local583372925_0012_m_000004_0
2024-04-24T05:21:21,557  INFO [LocalJobRunner Map Task Executor #0] mapred.Task:  Using ResourceCalculatorProcessTree : [ ]
2024-04-24T05:21:21,557  INFO [LocalJobRunner Map Task Executor #0] mapred.MapTask: Processing split: org.apache.hadoop.hive.ql.io.orc.OrcInputFormat:OrcSplit [file:/home/alex/Repositories/hive/ql/target/tmp/org.apache.hadoop.hive.ql.TestTxnNoBuckets-1713961246971/warehouse/tmp/c3=6/000000_0, start=3, length=110, isOriginal=true, fileLength=242, hasFooter=false, hasBase=true, deltas=0]
2024-04-24T05:21:21,558  INFO [LocalJobRunner Map Task Executor #0] exec.SerializationUtilities: Deserializing MapWork using kryo
2024-04-24T05:21:21,558  INFO [LocalJobRunner Map Task Executor #0] exec.Utilities: Deserialized plan (via FILE) - name: null size: 6,77KB
2024-04-24T05:21:21,560  INFO [LocalJobRunner Map Task Executor #0] orc.ReaderImpl: Reading ORC rows from file:/home/alex/Repositories/hive/ql/target/tmp/org.apache.hadoop.hive.ql.TestTxnNoBuckets-1713961246971/warehouse/tmp/c3=6/000000_0 with {include: [true, true, true], offset: 3, length: 110, schema: struct<c1:int,c2:int>, includeAcidColumns: true}
2024-04-24T05:21:21,560  INFO [LocalJobRunner Map Task Executor #0] mapred.MapTask: numReduceTasks: 1
2024-04-24T05:21:21,565  INFO [LocalJobRunner Map Task Executor #0] mapred.MapTask: (EQUATOR) 0 kvi 26214396(104857584)
2024-04-24T05:21:21,565  INFO [LocalJobRunner Map Task Executor #0] mapred.MapTask: mapreduce.task.io.sort.mb: 100
2024-04-24T05:21:21,565  INFO [LocalJobRunner Map Task Executor #0] mapred.MapTask: soft limit at 83886080
2024-04-24T05:21:21,565  INFO [LocalJobRunner Map Task Executor #0] mapred.MapTask: bufstart = 0; bufvoid = 104857600
2024-04-24T05:21:21,565  INFO [LocalJobRunner Map Task Executor #0] mapred.MapTask: kvstart = 26214396; length = 6553600
2024-04-24T05:21:21,565  INFO [LocalJobRunner Map Task Executor #0] mapred.MapTask: Map output collector class = org.apache.hadoop.mapred.MapTask$MapOutputBuffer
2024-04-24T05:21:21,566  INFO [LocalJobRunner Map Task Executor #0] exec.MapOperator: Initializing Operator: MAP[0]
2024-04-24T05:21:21,568  INFO [LocalJobRunner Map Task Executor #0] mr.ExecMapper: 
<MAP>Id =0
  <Children>null
  <\Children>
  <Parent><\Parent>
<\MAP>
2024-04-24T05:21:21,569  INFO [LocalJobRunner Map Task Executor #0] exec.TableScanOperator: Initializing Operator: TS[0]
2024-04-24T05:21:21,569  INFO [LocalJobRunner Map Task Executor #0] exec.SelectOperator: Initializing Operator: SEL[1]
2024-04-24T05:21:21,569  INFO [LocalJobRunner Map Task Executor #0] exec.SelectOperator: SELECT struct<c1:int,c2:int,c3:int>
2024-04-24T05:21:21,569  INFO [LocalJobRunner Map Task Executor #0] exec.ReduceSinkOperator: Initializing Operator: RS[3]
2024-04-24T05:21:21,569  INFO [LocalJobRunner Map Task Executor #0] exec.ReduceSinkOperator: Using tag = -1
2024-04-24T05:21:21,569  INFO [LocalJobRunner Map Task Executor #0] exec.ReduceSinkOperator: keys are [_col2] num distributions: 1
2024-04-24T05:21:21,569  INFO [LocalJobRunner Map Task Executor #0] exec.ReduceSinkOperator: RS[3]: records written - 1
2024-04-24T05:21:21,569  INFO [LocalJobRunner Map Task Executor #0] exec.MapOperator: MAP[0]: records read - 1
2024-04-24T05:21:21,569  INFO [LocalJobRunner Map Task Executor #0] exec.MapOperator: Closing Operator: MAP[0]
2024-04-24T05:21:21,569  INFO [LocalJobRunner Map Task Executor #0] exec.MapOperator: MAP[0]: Total records read - 1. abort - false
2024-04-24T05:21:21,569  INFO [LocalJobRunner Map Task Executor #0] exec.MapOperator: RECORDS_OUT_INTERMEDIATE:0, RECORDS_OUT_OPERATOR_MAP_0:0, DESERIALIZE_ERRORS:0, RECORDS_IN:1, 
2024-04-24T05:21:21,569  INFO [LocalJobRunner Map Task Executor #0] exec.TableScanOperator: Closing Operator: TS[0]
2024-04-24T05:21:21,569  INFO [LocalJobRunner Map Task Executor #0] exec.TableScanOperator: RECORDS_OUT_OPERATOR_TS_0:1, RECORDS_OUT_INTERMEDIATE:0, 
2024-04-24T05:21:21,570  INFO [LocalJobRunner Map Task Executor #0] exec.SelectOperator: Closing Operator: SEL[1]
2024-04-24T05:21:21,570  INFO [LocalJobRunner Map Task Executor #0] exec.SelectOperator: RECORDS_OUT_OPERATOR_SEL_1:1, RECORDS_OUT_INTERMEDIATE:0, 
2024-04-24T05:21:21,570  INFO [LocalJobRunner Map Task Executor #0] exec.ReduceSinkOperator: Closing Operator: RS[3]
2024-04-24T05:21:21,570  INFO [LocalJobRunner Map Task Executor #0] exec.ReduceSinkOperator: RS[3]: Total records written - 1. abort - false
2024-04-24T05:21:21,570  INFO [LocalJobRunner Map Task Executor #0] exec.ReduceSinkOperator: RECORDS_OUT_INTERMEDIATE:1, RECORDS_OUT_OPERATOR_RS_3:1, 
2024-04-24T05:21:21,570  INFO [LocalJobRunner Map Task Executor #0] mapred.LocalJobRunner: 
2024-04-24T05:21:21,570  INFO [LocalJobRunner Map Task Executor #0] mapred.MapTask: Starting flush of map output
2024-04-24T05:21:21,570  INFO [LocalJobRunner Map Task Executor #0] mapred.MapTask: Spilling map output
2024-04-24T05:21:21,570  INFO [LocalJobRunner Map Task Executor #0] mapred.MapTask: bufstart = 0; bufend = 17; bufvoid = 104857600
2024-04-24T05:21:21,570  INFO [LocalJobRunner Map Task Executor #0] mapred.MapTask: kvstart = 26214396(104857584); kvend = 26214396(104857584); length = 1/6553600
2024-04-24T05:21:21,585  INFO [LocalJobRunner Map Task Executor #0] mapred.MapTask: Finished spill 0
2024-04-24T05:21:21,593  INFO [LocalJobRunner Map Task Executor #0] mapred.Task: Task:attempt_local583372925_0012_m_000004_0 is done. And is in the process of committing
2024-04-24T05:21:21,594  INFO [LocalJobRunner Map Task Executor #0] mapred.LocalJobRunner: map
2024-04-24T05:21:21,594  INFO [LocalJobRunner Map Task Executor #0] mapred.Task: Task 'attempt_local583372925_0012_m_000004_0' done.
2024-04-24T05:21:21,594  INFO [LocalJobRunner Map Task Executor #0] mapred.Task: Final Counters for attempt_local583372925_0012_m_000004_0: Counters: 24
	File System Counters
		FILE: Number of bytes read=225096
		FILE: Number of bytes written=14144905
		FILE: Number of read operations=0
		FILE: Number of large read operations=0
		FILE: Number of write operations=0
	Map-Reduce Framework
		Map input records=1
		Map output records=1
		Map output bytes=17
		Map output materialized bytes=25
		Input split bytes=466
		Combine input records=0
		Spilled Records=1
		Failed Shuffles=0
		Merged Map outputs=0
		GC time elapsed (ms)=0
		Total committed heap usage (bytes)=1099431936
	HIVE
		DESERIALIZE_ERRORS=0
		RECORDS_IN=1
		RECORDS_OUT_INTERMEDIATE=1
		RECORDS_OUT_OPERATOR_MAP_0=0
		RECORDS_OUT_OPERATOR_RS_3=1
		RECORDS_OUT_OPERATOR_SEL_1=1
		RECORDS_OUT_OPERATOR_TS_0=1
	File Input Format Counters 
		Bytes Read=7865
2024-04-24T05:21:21,595  INFO [LocalJobRunner Map Task Executor #0] mapred.LocalJobRunner: Finishing task: attempt_local583372925_0012_m_000004_0
2024-04-24T05:21:21,595  INFO [LocalJobRunner Map Task Executor #0] mapred.LocalJobRunner: Starting task: attempt_local583372925_0012_m_000005_0
2024-04-24T05:21:21,596  INFO [LocalJobRunner Map Task Executor #0] mapred.Task:  Using ResourceCalculatorProcessTree : [ ]
2024-04-24T05:21:21,597  INFO [LocalJobRunner Map Task Executor #0] mapred.MapTask: Processing split: org.apache.hadoop.hive.ql.io.orc.OrcInputFormat:OrcSplit [file:/home/alex/Repositories/hive/ql/target/tmp/org.apache.hadoop.hive.ql.TestTxnNoBuckets-1713961246971/warehouse/tmp/c3=1/000000_0, start=3, length=110, isOriginal=true, fileLength=242, hasFooter=false, hasBase=true, deltas=0]
2024-04-24T05:21:21,598  INFO [LocalJobRunner Map Task Executor #0] exec.SerializationUtilities: Deserializing MapWork using kryo
2024-04-24T05:21:21,600  INFO [LocalJobRunner Map Task Executor #0] exec.Utilities: Deserialized plan (via FILE) - name: null size: 6,77KB
2024-04-24T05:21:21,603  INFO [LocalJobRunner Map Task Executor #0] orc.ReaderImpl: Reading ORC rows from file:/home/alex/Repositories/hive/ql/target/tmp/org.apache.hadoop.hive.ql.TestTxnNoBuckets-1713961246971/warehouse/tmp/c3=1/000000_0 with {include: [true, true, true], offset: 3, length: 110, schema: struct<c1:int,c2:int>, includeAcidColumns: true}
2024-04-24T05:21:21,605  INFO [LocalJobRunner Map Task Executor #0] mapred.MapTask: numReduceTasks: 1
2024-04-24T05:21:21,614  INFO [LocalJobRunner Map Task Executor #0] mapred.MapTask: (EQUATOR) 0 kvi 26214396(104857584)
2024-04-24T05:21:21,614  INFO [LocalJobRunner Map Task Executor #0] mapred.MapTask: mapreduce.task.io.sort.mb: 100
2024-04-24T05:21:21,614  INFO [LocalJobRunner Map Task Executor #0] mapred.MapTask: soft limit at 83886080
2024-04-24T05:21:21,614  INFO [LocalJobRunner Map Task Executor #0] mapred.MapTask: bufstart = 0; bufvoid = 104857600
2024-04-24T05:21:21,614  INFO [LocalJobRunner Map Task Executor #0] mapred.MapTask: kvstart = 26214396; length = 6553600
2024-04-24T05:21:21,614  INFO [LocalJobRunner Map Task Executor #0] mapred.MapTask: Map output collector class = org.apache.hadoop.mapred.MapTask$MapOutputBuffer
2024-04-24T05:21:21,615  INFO [LocalJobRunner Map Task Executor #0] exec.MapOperator: Initializing Operator: MAP[0]
2024-04-24T05:21:21,618  INFO [LocalJobRunner Map Task Executor #0] mr.ExecMapper: 
<MAP>Id =0
  <Children>null
  <\Children>
  <Parent><\Parent>
<\MAP>
2024-04-24T05:21:21,619  INFO [LocalJobRunner Map Task Executor #0] exec.TableScanOperator: Initializing Operator: TS[0]
2024-04-24T05:21:21,619  INFO [LocalJobRunner Map Task Executor #0] exec.SelectOperator: Initializing Operator: SEL[1]
2024-04-24T05:21:21,619  INFO [LocalJobRunner Map Task Executor #0] exec.SelectOperator: SELECT struct<c1:int,c2:int,c3:int>
2024-04-24T05:21:21,619  INFO [LocalJobRunner Map Task Executor #0] exec.ReduceSinkOperator: Initializing Operator: RS[3]
2024-04-24T05:21:21,619  INFO [LocalJobRunner Map Task Executor #0] exec.ReduceSinkOperator: Using tag = -1
2024-04-24T05:21:21,620  INFO [LocalJobRunner Map Task Executor #0] exec.ReduceSinkOperator: keys are [_col2] num distributions: 1
2024-04-24T05:21:21,620  INFO [LocalJobRunner Map Task Executor #0] exec.ReduceSinkOperator: RS[3]: records written - 1
2024-04-24T05:21:21,620  INFO [LocalJobRunner Map Task Executor #0] exec.MapOperator: MAP[0]: records read - 1
2024-04-24T05:21:21,620  INFO [LocalJobRunner Map Task Executor #0] exec.MapOperator: Closing Operator: MAP[0]
2024-04-24T05:21:21,620  INFO [LocalJobRunner Map Task Executor #0] exec.MapOperator: MAP[0]: Total records read - 1. abort - false
2024-04-24T05:21:21,620  INFO [LocalJobRunner Map Task Executor #0] exec.MapOperator: RECORDS_OUT_INTERMEDIATE:0, RECORDS_OUT_OPERATOR_MAP_0:0, RECORDS_IN:1, DESERIALIZE_ERRORS:0, 
2024-04-24T05:21:21,620  INFO [LocalJobRunner Map Task Executor #0] exec.TableScanOperator: Closing Operator: TS[0]
2024-04-24T05:21:21,620  INFO [LocalJobRunner Map Task Executor #0] exec.TableScanOperator: RECORDS_OUT_OPERATOR_TS_0:1, RECORDS_OUT_INTERMEDIATE:0, 
2024-04-24T05:21:21,620  INFO [LocalJobRunner Map Task Executor #0] exec.SelectOperator: Closing Operator: SEL[1]
2024-04-24T05:21:21,620  INFO [LocalJobRunner Map Task Executor #0] exec.SelectOperator: RECORDS_OUT_INTERMEDIATE:0, RECORDS_OUT_OPERATOR_SEL_1:1, 
2024-04-24T05:21:21,620  INFO [LocalJobRunner Map Task Executor #0] exec.ReduceSinkOperator: Closing Operator: RS[3]
2024-04-24T05:21:21,620  INFO [LocalJobRunner Map Task Executor #0] exec.ReduceSinkOperator: RS[3]: Total records written - 1. abort - false
2024-04-24T05:21:21,620  INFO [LocalJobRunner Map Task Executor #0] exec.ReduceSinkOperator: RECORDS_OUT_INTERMEDIATE:1, RECORDS_OUT_OPERATOR_RS_3:1, 
2024-04-24T05:21:21,621  INFO [LocalJobRunner Map Task Executor #0] mapred.LocalJobRunner: 
2024-04-24T05:21:21,621  INFO [LocalJobRunner Map Task Executor #0] mapred.MapTask: Starting flush of map output
2024-04-24T05:21:21,621  INFO [LocalJobRunner Map Task Executor #0] mapred.MapTask: Spilling map output
2024-04-24T05:21:21,621  INFO [LocalJobRunner Map Task Executor #0] mapred.MapTask: bufstart = 0; bufend = 17; bufvoid = 104857600
2024-04-24T05:21:21,621  INFO [LocalJobRunner Map Task Executor #0] mapred.MapTask: kvstart = 26214396(104857584); kvend = 26214396(104857584); length = 1/6553600
2024-04-24T05:21:21,629  INFO [LocalJobRunner Map Task Executor #0] mapred.MapTask: Finished spill 0
2024-04-24T05:21:21,632  INFO [LocalJobRunner Map Task Executor #0] mapred.Task: Task:attempt_local583372925_0012_m_000005_0 is done. And is in the process of committing
2024-04-24T05:21:21,633  INFO [LocalJobRunner Map Task Executor #0] mapred.LocalJobRunner: map
2024-04-24T05:21:21,633  INFO [LocalJobRunner Map Task Executor #0] mapred.Task: Task 'attempt_local583372925_0012_m_000005_0' done.
2024-04-24T05:21:21,633  INFO [LocalJobRunner Map Task Executor #0] mapred.Task: Final Counters for attempt_local583372925_0012_m_000005_0: Counters: 24
	File System Counters
		FILE: Number of bytes read=234695
		FILE: Number of bytes written=14144962
		FILE: Number of read operations=0
		FILE: Number of large read operations=0
		FILE: Number of write operations=0
	Map-Reduce Framework
		Map input records=1
		Map output records=1
		Map output bytes=17
		Map output materialized bytes=25
		Input split bytes=466
		Combine input records=0
		Spilled Records=1
		Failed Shuffles=0
		Merged Map outputs=0
		GC time elapsed (ms)=0
		Total committed heap usage (bytes)=1099431936
	HIVE
		DESERIALIZE_ERRORS=0
		RECORDS_IN=1
		RECORDS_OUT_INTERMEDIATE=1
		RECORDS_OUT_OPERATOR_MAP_0=0
		RECORDS_OUT_OPERATOR_RS_3=1
		RECORDS_OUT_OPERATOR_SEL_1=1
		RECORDS_OUT_OPERATOR_TS_0=1
	File Input Format Counters 
		Bytes Read=7865
2024-04-24T05:21:21,633  INFO [LocalJobRunner Map Task Executor #0] mapred.LocalJobRunner: Finishing task: attempt_local583372925_0012_m_000005_0
2024-04-24T05:21:21,633  INFO [LocalJobRunner Map Task Executor #0] mapred.LocalJobRunner: Starting task: attempt_local583372925_0012_m_000006_0
2024-04-24T05:21:21,633  INFO [LocalJobRunner Map Task Executor #0] mapred.Task:  Using ResourceCalculatorProcessTree : [ ]
2024-04-24T05:21:21,634  INFO [LocalJobRunner Map Task Executor #0] mapred.MapTask: Processing split: org.apache.hadoop.hive.ql.io.orc.OrcInputFormat:OrcSplit [file:/home/alex/Repositories/hive/ql/target/tmp/org.apache.hadoop.hive.ql.TestTxnNoBuckets-1713961246971/warehouse/tmp/c3=3/000000_0, start=3, length=110, isOriginal=true, fileLength=242, hasFooter=false, hasBase=true, deltas=0]
2024-04-24T05:21:21,634  INFO [LocalJobRunner Map Task Executor #0] exec.SerializationUtilities: Deserializing MapWork using kryo
2024-04-24T05:21:21,635  INFO [LocalJobRunner Map Task Executor #0] exec.Utilities: Deserialized plan (via FILE) - name: null size: 6,77KB
2024-04-24T05:21:21,636  INFO [LocalJobRunner Map Task Executor #0] orc.ReaderImpl: Reading ORC rows from file:/home/alex/Repositories/hive/ql/target/tmp/org.apache.hadoop.hive.ql.TestTxnNoBuckets-1713961246971/warehouse/tmp/c3=3/000000_0 with {include: [true, true, true], offset: 3, length: 110, schema: struct<c1:int,c2:int>, includeAcidColumns: true}
2024-04-24T05:21:21,637  INFO [LocalJobRunner Map Task Executor #0] mapred.MapTask: numReduceTasks: 1
2024-04-24T05:21:21,648  INFO [LocalJobRunner Map Task Executor #0] mapred.MapTask: (EQUATOR) 0 kvi 26214396(104857584)
2024-04-24T05:21:21,648  INFO [LocalJobRunner Map Task Executor #0] mapred.MapTask: mapreduce.task.io.sort.mb: 100
2024-04-24T05:21:21,648  INFO [LocalJobRunner Map Task Executor #0] mapred.MapTask: soft limit at 83886080
2024-04-24T05:21:21,648  INFO [LocalJobRunner Map Task Executor #0] mapred.MapTask: bufstart = 0; bufvoid = 104857600
2024-04-24T05:21:21,648  INFO [LocalJobRunner Map Task Executor #0] mapred.MapTask: kvstart = 26214396; length = 6553600
2024-04-24T05:21:21,648  INFO [LocalJobRunner Map Task Executor #0] mapred.MapTask: Map output collector class = org.apache.hadoop.mapred.MapTask$MapOutputBuffer
2024-04-24T05:21:21,648  INFO [LocalJobRunner Map Task Executor #0] exec.MapOperator: Initializing Operator: MAP[0]
2024-04-24T05:21:21,651  INFO [LocalJobRunner Map Task Executor #0] mr.ExecMapper: 
<MAP>Id =0
  <Children>null
  <\Children>
  <Parent><\Parent>
<\MAP>
2024-04-24T05:21:21,652  INFO [LocalJobRunner Map Task Executor #0] exec.TableScanOperator: Initializing Operator: TS[0]
2024-04-24T05:21:21,652  INFO [LocalJobRunner Map Task Executor #0] exec.SelectOperator: Initializing Operator: SEL[1]
2024-04-24T05:21:21,652  INFO [LocalJobRunner Map Task Executor #0] exec.SelectOperator: SELECT struct<c1:int,c2:int,c3:int>
2024-04-24T05:21:21,652  INFO [LocalJobRunner Map Task Executor #0] exec.ReduceSinkOperator: Initializing Operator: RS[3]
2024-04-24T05:21:21,652  INFO [LocalJobRunner Map Task Executor #0] exec.ReduceSinkOperator: Using tag = -1
2024-04-24T05:21:21,653  INFO [LocalJobRunner Map Task Executor #0] exec.ReduceSinkOperator: keys are [_col2] num distributions: 1
2024-04-24T05:21:21,653  INFO [LocalJobRunner Map Task Executor #0] exec.ReduceSinkOperator: RS[3]: records written - 1
2024-04-24T05:21:21,653  INFO [LocalJobRunner Map Task Executor #0] exec.MapOperator: MAP[0]: records read - 1
2024-04-24T05:21:21,653  INFO [LocalJobRunner Map Task Executor #0] exec.MapOperator: Closing Operator: MAP[0]
2024-04-24T05:21:21,653  INFO [LocalJobRunner Map Task Executor #0] exec.MapOperator: MAP[0]: Total records read - 1. abort - false
2024-04-24T05:21:21,653  INFO [LocalJobRunner Map Task Executor #0] exec.MapOperator: RECORDS_IN:1, DESERIALIZE_ERRORS:0, RECORDS_OUT_INTERMEDIATE:0, RECORDS_OUT_OPERATOR_MAP_0:0, 
2024-04-24T05:21:21,653  INFO [LocalJobRunner Map Task Executor #0] exec.TableScanOperator: Closing Operator: TS[0]
2024-04-24T05:21:21,653  INFO [LocalJobRunner Map Task Executor #0] exec.TableScanOperator: RECORDS_OUT_OPERATOR_TS_0:1, RECORDS_OUT_INTERMEDIATE:0, 
2024-04-24T05:21:21,653  INFO [LocalJobRunner Map Task Executor #0] exec.SelectOperator: Closing Operator: SEL[1]
2024-04-24T05:21:21,653  INFO [LocalJobRunner Map Task Executor #0] exec.SelectOperator: RECORDS_OUT_INTERMEDIATE:0, RECORDS_OUT_OPERATOR_SEL_1:1, 
2024-04-24T05:21:21,653  INFO [LocalJobRunner Map Task Executor #0] exec.ReduceSinkOperator: Closing Operator: RS[3]
2024-04-24T05:21:21,653  INFO [LocalJobRunner Map Task Executor #0] exec.ReduceSinkOperator: RS[3]: Total records written - 1. abort - false
2024-04-24T05:21:21,653  INFO [LocalJobRunner Map Task Executor #0] exec.ReduceSinkOperator: RECORDS_OUT_OPERATOR_RS_3:1, RECORDS_OUT_INTERMEDIATE:1, 
2024-04-24T05:21:21,654  INFO [LocalJobRunner Map Task Executor #0] mapred.LocalJobRunner: 
2024-04-24T05:21:21,654  INFO [LocalJobRunner Map Task Executor #0] mapred.MapTask: Starting flush of map output
2024-04-24T05:21:21,654  INFO [LocalJobRunner Map Task Executor #0] mapred.MapTask: Spilling map output
2024-04-24T05:21:21,654  INFO [LocalJobRunner Map Task Executor #0] mapred.MapTask: bufstart = 0; bufend = 17; bufvoid = 104857600
2024-04-24T05:21:21,654  INFO [LocalJobRunner Map Task Executor #0] mapred.MapTask: kvstart = 26214396(104857584); kvend = 26214396(104857584); length = 1/6553600
2024-04-24T05:21:21,663  INFO [LocalJobRunner Map Task Executor #0] mapred.MapTask: Finished spill 0
2024-04-24T05:21:21,666  INFO [LocalJobRunner Map Task Executor #0] mapred.Task: Task:attempt_local583372925_0012_m_000006_0 is done. And is in the process of committing
2024-04-24T05:21:21,666  INFO [LocalJobRunner Map Task Executor #0] mapred.LocalJobRunner: map
2024-04-24T05:21:21,666  INFO [LocalJobRunner Map Task Executor #0] mapred.Task: Task 'attempt_local583372925_0012_m_000006_0' done.
2024-04-24T05:21:21,666  INFO [LocalJobRunner Map Task Executor #0] mapred.Task: Final Counters for attempt_local583372925_0012_m_000006_0: Counters: 24
	File System Counters
		FILE: Number of bytes read=243782
		FILE: Number of bytes written=14145019
		FILE: Number of read operations=0
		FILE: Number of large read operations=0
		FILE: Number of write operations=0
	Map-Reduce Framework
		Map input records=1
		Map output records=1
		Map output bytes=17
		Map output materialized bytes=25
		Input split bytes=466
		Combine input records=0
		Spilled Records=1
		Failed Shuffles=0
		Merged Map outputs=0
		GC time elapsed (ms)=5
		Total committed heap usage (bytes)=1120927744
	HIVE
		DESERIALIZE_ERRORS=0
		RECORDS_IN=1
		RECORDS_OUT_INTERMEDIATE=1
		RECORDS_OUT_OPERATOR_MAP_0=0
		RECORDS_OUT_OPERATOR_RS_3=1
		RECORDS_OUT_OPERATOR_SEL_1=1
		RECORDS_OUT_OPERATOR_TS_0=1
	File Input Format Counters 
		Bytes Read=7865
2024-04-24T05:21:21,666  INFO [LocalJobRunner Map Task Executor #0] mapred.LocalJobRunner: Finishing task: attempt_local583372925_0012_m_000006_0
2024-04-24T05:21:21,666  INFO [LocalJobRunner Map Task Executor #0] mapred.LocalJobRunner: Starting task: attempt_local583372925_0012_m_000007_0
2024-04-24T05:21:21,667  INFO [LocalJobRunner Map Task Executor #0] mapred.Task:  Using ResourceCalculatorProcessTree : [ ]
2024-04-24T05:21:21,668  INFO [LocalJobRunner Map Task Executor #0] mapred.MapTask: Processing split: org.apache.hadoop.hive.ql.io.orc.OrcInputFormat:OrcSplit [file:/home/alex/Repositories/hive/ql/target/tmp/org.apache.hadoop.hive.ql.TestTxnNoBuckets-1713961246971/warehouse/tmp/c3=3/000000_0_copy_1, start=3, length=110, isOriginal=true, fileLength=242, hasFooter=false, hasBase=true, deltas=0]
2024-04-24T05:21:21,668  INFO [LocalJobRunner Map Task Executor #0] exec.SerializationUtilities: Deserializing MapWork using kryo
2024-04-24T05:21:21,669  INFO [LocalJobRunner Map Task Executor #0] exec.Utilities: Deserialized plan (via FILE) - name: null size: 6,77KB
2024-04-24T05:21:21,670  INFO [LocalJobRunner Map Task Executor #0] orc.ReaderImpl: Reading ORC rows from file:/home/alex/Repositories/hive/ql/target/tmp/org.apache.hadoop.hive.ql.TestTxnNoBuckets-1713961246971/warehouse/tmp/c3=3/000000_0_copy_1 with {include: [true, true, true], offset: 3, length: 110, schema: struct<c1:int,c2:int>, includeAcidColumns: true}
2024-04-24T05:21:21,671  INFO [LocalJobRunner Map Task Executor #0] mapred.MapTask: numReduceTasks: 1
2024-04-24T05:21:21,675  INFO [LocalJobRunner Map Task Executor #0] mapred.MapTask: (EQUATOR) 0 kvi 26214396(104857584)
2024-04-24T05:21:21,675  INFO [LocalJobRunner Map Task Executor #0] mapred.MapTask: mapreduce.task.io.sort.mb: 100
2024-04-24T05:21:21,675  INFO [LocalJobRunner Map Task Executor #0] mapred.MapTask: soft limit at 83886080
2024-04-24T05:21:21,675  INFO [LocalJobRunner Map Task Executor #0] mapred.MapTask: bufstart = 0; bufvoid = 104857600
2024-04-24T05:21:21,675  INFO [LocalJobRunner Map Task Executor #0] mapred.MapTask: kvstart = 26214396; length = 6553600
2024-04-24T05:21:21,676  INFO [LocalJobRunner Map Task Executor #0] mapred.MapTask: Map output collector class = org.apache.hadoop.mapred.MapTask$MapOutputBuffer
2024-04-24T05:21:21,676  INFO [LocalJobRunner Map Task Executor #0] exec.MapOperator: Initializing Operator: MAP[0]
2024-04-24T05:21:21,679  INFO [LocalJobRunner Map Task Executor #0] mr.ExecMapper: 
<MAP>Id =0
  <Children>null
  <\Children>
  <Parent><\Parent>
<\MAP>
2024-04-24T05:21:21,679  INFO [LocalJobRunner Map Task Executor #0] exec.TableScanOperator: Initializing Operator: TS[0]
2024-04-24T05:21:21,679  INFO [LocalJobRunner Map Task Executor #0] exec.SelectOperator: Initializing Operator: SEL[1]
2024-04-24T05:21:21,679  INFO [LocalJobRunner Map Task Executor #0] exec.SelectOperator: SELECT struct<c1:int,c2:int,c3:int>
2024-04-24T05:21:21,679  INFO [LocalJobRunner Map Task Executor #0] exec.ReduceSinkOperator: Initializing Operator: RS[3]
2024-04-24T05:21:21,679  INFO [LocalJobRunner Map Task Executor #0] exec.ReduceSinkOperator: Using tag = -1
2024-04-24T05:21:21,680  INFO [LocalJobRunner Map Task Executor #0] exec.ReduceSinkOperator: keys are [_col2] num distributions: 1
2024-04-24T05:21:21,680  INFO [LocalJobRunner Map Task Executor #0] exec.ReduceSinkOperator: RS[3]: records written - 1
2024-04-24T05:21:21,680  INFO [LocalJobRunner Map Task Executor #0] exec.MapOperator: MAP[0]: records read - 1
2024-04-24T05:21:21,680  INFO [LocalJobRunner Map Task Executor #0] exec.MapOperator: Closing Operator: MAP[0]
2024-04-24T05:21:21,680  INFO [LocalJobRunner Map Task Executor #0] exec.MapOperator: MAP[0]: Total records read - 1. abort - false
2024-04-24T05:21:21,680  INFO [LocalJobRunner Map Task Executor #0] exec.MapOperator: RECORDS_OUT_INTERMEDIATE:0, DESERIALIZE_ERRORS:0, RECORDS_IN:1, RECORDS_OUT_OPERATOR_MAP_0:0, 
2024-04-24T05:21:21,680  INFO [LocalJobRunner Map Task Executor #0] exec.TableScanOperator: Closing Operator: TS[0]
2024-04-24T05:21:21,680  INFO [LocalJobRunner Map Task Executor #0] exec.TableScanOperator: RECORDS_OUT_OPERATOR_TS_0:1, RECORDS_OUT_INTERMEDIATE:0, 
2024-04-24T05:21:21,680  INFO [LocalJobRunner Map Task Executor #0] exec.SelectOperator: Closing Operator: SEL[1]
2024-04-24T05:21:21,680  INFO [LocalJobRunner Map Task Executor #0] exec.SelectOperator: RECORDS_OUT_INTERMEDIATE:0, RECORDS_OUT_OPERATOR_SEL_1:1, 
2024-04-24T05:21:21,680  INFO [LocalJobRunner Map Task Executor #0] exec.ReduceSinkOperator: Closing Operator: RS[3]
2024-04-24T05:21:21,680  INFO [LocalJobRunner Map Task Executor #0] exec.ReduceSinkOperator: RS[3]: Total records written - 1. abort - false
2024-04-24T05:21:21,680  INFO [LocalJobRunner Map Task Executor #0] exec.ReduceSinkOperator: RECORDS_OUT_OPERATOR_RS_3:1, RECORDS_OUT_INTERMEDIATE:1, 
2024-04-24T05:21:21,681  INFO [LocalJobRunner Map Task Executor #0] mapred.LocalJobRunner: 
2024-04-24T05:21:21,681  INFO [LocalJobRunner Map Task Executor #0] mapred.MapTask: Starting flush of map output
2024-04-24T05:21:21,681  INFO [LocalJobRunner Map Task Executor #0] mapred.MapTask: Spilling map output
2024-04-24T05:21:21,681  INFO [LocalJobRunner Map Task Executor #0] mapred.MapTask: bufstart = 0; bufend = 17; bufvoid = 104857600
2024-04-24T05:21:21,681  INFO [LocalJobRunner Map Task Executor #0] mapred.MapTask: kvstart = 26214396(104857584); kvend = 26214396(104857584); length = 1/6553600
2024-04-24T05:21:21,693  INFO [LocalJobRunner Map Task Executor #0] mapred.MapTask: Finished spill 0
2024-04-24T05:21:21,701  INFO [LocalJobRunner Map Task Executor #0] mapred.Task: Task:attempt_local583372925_0012_m_000007_0 is done. And is in the process of committing
2024-04-24T05:21:21,702  INFO [LocalJobRunner Map Task Executor #0] mapred.LocalJobRunner: map
2024-04-24T05:21:21,702  INFO [LocalJobRunner Map Task Executor #0] mapred.Task: Task 'attempt_local583372925_0012_m_000007_0' done.
2024-04-24T05:21:21,702  INFO [LocalJobRunner Map Task Executor #0] mapred.Task: Final Counters for attempt_local583372925_0012_m_000007_0: Counters: 24
	File System Counters
		FILE: Number of bytes read=252357
		FILE: Number of bytes written=14145076
		FILE: Number of read operations=0
		FILE: Number of large read operations=0
		FILE: Number of write operations=0
	Map-Reduce Framework
		Map input records=1
		Map output records=1
		Map output bytes=17
		Map output materialized bytes=25
		Input split bytes=473
		Combine input records=0
		Spilled Records=1
		Failed Shuffles=0
		Merged Map outputs=0
		GC time elapsed (ms)=0
		Total committed heap usage (bytes)=1120927744
	HIVE
		DESERIALIZE_ERRORS=0
		RECORDS_IN=1
		RECORDS_OUT_INTERMEDIATE=1
		RECORDS_OUT_OPERATOR_MAP_0=0
		RECORDS_OUT_OPERATOR_RS_3=1
		RECORDS_OUT_OPERATOR_SEL_1=1
		RECORDS_OUT_OPERATOR_TS_0=1
	File Input Format Counters 
		Bytes Read=7865
2024-04-24T05:21:21,702  INFO [LocalJobRunner Map Task Executor #0] mapred.LocalJobRunner: Finishing task: attempt_local583372925_0012_m_000007_0
2024-04-24T05:21:21,703  INFO [Thread-744] mapred.LocalJobRunner: map task executor complete.
2024-04-24T05:21:21,704  INFO [Thread-744] mapred.LocalJobRunner: Waiting for reduce tasks
2024-04-24T05:21:21,705  INFO [pool-70-thread-1] mapred.LocalJobRunner: Starting task: attempt_local583372925_0012_r_000000_0
2024-04-24T05:21:21,706  INFO [pool-70-thread-1] mapred.Task:  Using ResourceCalculatorProcessTree : [ ]
2024-04-24T05:21:21,706  INFO [pool-70-thread-1] mapred.ReduceTask: Using ShuffleConsumerPlugin: org.apache.hadoop.mapreduce.task.reduce.Shuffle@3610bf5
2024-04-24T05:21:21,706  WARN [pool-70-thread-1] impl.MetricsSystemImpl: JobTracker metrics system already initialized!
2024-04-24T05:21:21,708  INFO [pool-70-thread-1] reduce.MergeManagerImpl: MergerManager: memoryLimit=1336252800, maxSingleShuffleLimit=334063200, mergeThreshold=881926912, ioSortFactor=10, memToMemMergeOutputsThreshold=10
2024-04-24T05:21:21,710  INFO [EventFetcher for fetching Map Completion Events] reduce.EventFetcher: attempt_local583372925_0012_r_000000_0 Thread started: EventFetcher for fetching Map Completion Events
2024-04-24T05:21:21,715  INFO [localfetcher#9] reduce.LocalFetcher: localfetcher#9 about to shuffle output of map attempt_local583372925_0012_m_000005_0 decomp: 21 len: 25 to MEMORY
2024-04-24T05:21:21,715  INFO [localfetcher#9] reduce.InMemoryMapOutput: Read 21 bytes from map-output for attempt_local583372925_0012_m_000005_0
2024-04-24T05:21:21,715  INFO [localfetcher#9] reduce.MergeManagerImpl: closeInMemoryFile -> map-output of size: 21, inMemoryMapOutputs.size() -> 1, commitMemory -> 0, usedMemory ->21
2024-04-24T05:21:21,719  INFO [localfetcher#9] reduce.LocalFetcher: localfetcher#9 about to shuffle output of map attempt_local583372925_0012_m_000004_0 decomp: 21 len: 25 to MEMORY
2024-04-24T05:21:21,720  INFO [localfetcher#9] reduce.InMemoryMapOutput: Read 21 bytes from map-output for attempt_local583372925_0012_m_000004_0
2024-04-24T05:21:21,720  INFO [localfetcher#9] reduce.MergeManagerImpl: closeInMemoryFile -> map-output of size: 21, inMemoryMapOutputs.size() -> 2, commitMemory -> 21, usedMemory ->42
2024-04-24T05:21:21,723  INFO [localfetcher#9] reduce.LocalFetcher: localfetcher#9 about to shuffle output of map attempt_local583372925_0012_m_000000_0 decomp: 21 len: 25 to MEMORY
2024-04-24T05:21:21,724  INFO [localfetcher#9] reduce.InMemoryMapOutput: Read 21 bytes from map-output for attempt_local583372925_0012_m_000000_0
2024-04-24T05:21:21,724  INFO [localfetcher#9] reduce.MergeManagerImpl: closeInMemoryFile -> map-output of size: 21, inMemoryMapOutputs.size() -> 3, commitMemory -> 42, usedMemory ->63
2024-04-24T05:21:21,727  INFO [localfetcher#9] reduce.LocalFetcher: localfetcher#9 about to shuffle output of map attempt_local583372925_0012_m_000002_0 decomp: 21 len: 25 to MEMORY
2024-04-24T05:21:21,728  INFO [localfetcher#9] reduce.InMemoryMapOutput: Read 21 bytes from map-output for attempt_local583372925_0012_m_000002_0
2024-04-24T05:21:21,728  INFO [localfetcher#9] reduce.MergeManagerImpl: closeInMemoryFile -> map-output of size: 21, inMemoryMapOutputs.size() -> 4, commitMemory -> 63, usedMemory ->84
2024-04-24T05:21:21,732  INFO [localfetcher#9] reduce.LocalFetcher: localfetcher#9 about to shuffle output of map attempt_local583372925_0012_m_000006_0 decomp: 21 len: 25 to MEMORY
2024-04-24T05:21:21,732  INFO [localfetcher#9] reduce.InMemoryMapOutput: Read 21 bytes from map-output for attempt_local583372925_0012_m_000006_0
2024-04-24T05:21:21,733  INFO [localfetcher#9] reduce.MergeManagerImpl: closeInMemoryFile -> map-output of size: 21, inMemoryMapOutputs.size() -> 5, commitMemory -> 84, usedMemory ->105
2024-04-24T05:21:21,737  INFO [localfetcher#9] reduce.LocalFetcher: localfetcher#9 about to shuffle output of map attempt_local583372925_0012_m_000003_0 decomp: 21 len: 25 to MEMORY
2024-04-24T05:21:21,737  INFO [localfetcher#9] reduce.InMemoryMapOutput: Read 21 bytes from map-output for attempt_local583372925_0012_m_000003_0
2024-04-24T05:21:21,737  INFO [localfetcher#9] reduce.MergeManagerImpl: closeInMemoryFile -> map-output of size: 21, inMemoryMapOutputs.size() -> 6, commitMemory -> 105, usedMemory ->126
2024-04-24T05:21:21,742  INFO [localfetcher#9] reduce.LocalFetcher: localfetcher#9 about to shuffle output of map attempt_local583372925_0012_m_000007_0 decomp: 21 len: 25 to MEMORY
2024-04-24T05:21:21,742  INFO [localfetcher#9] reduce.InMemoryMapOutput: Read 21 bytes from map-output for attempt_local583372925_0012_m_000007_0
2024-04-24T05:21:21,742  INFO [localfetcher#9] reduce.MergeManagerImpl: closeInMemoryFile -> map-output of size: 21, inMemoryMapOutputs.size() -> 7, commitMemory -> 126, usedMemory ->147
2024-04-24T05:21:21,747  INFO [localfetcher#9] reduce.LocalFetcher: localfetcher#9 about to shuffle output of map attempt_local583372925_0012_m_000001_0 decomp: 21 len: 25 to MEMORY
2024-04-24T05:21:21,747  INFO [localfetcher#9] reduce.InMemoryMapOutput: Read 21 bytes from map-output for attempt_local583372925_0012_m_000001_0
2024-04-24T05:21:21,747  INFO [localfetcher#9] reduce.MergeManagerImpl: closeInMemoryFile -> map-output of size: 21, inMemoryMapOutputs.size() -> 8, commitMemory -> 147, usedMemory ->168
2024-04-24T05:21:21,748  INFO [EventFetcher for fetching Map Completion Events] reduce.EventFetcher: EventFetcher is interrupted.. Returning
2024-04-24T05:21:21,748  INFO [pool-70-thread-1] mapred.LocalJobRunner: 8 / 8 copied.
2024-04-24T05:21:21,749  INFO [pool-70-thread-1] reduce.MergeManagerImpl: finalMerge called with 8 in-memory map-outputs and 0 on-disk map-outputs
2024-04-24T05:21:21,760  INFO [pool-70-thread-1] mapred.Merger: Merging 8 sorted segments
2024-04-24T05:21:21,760  INFO [pool-70-thread-1] mapred.Merger: Down to the last merge-pass, with 8 segments left of total size: 72 bytes
2024-04-24T05:21:21,766  INFO [pool-70-thread-1] reduce.MergeManagerImpl: Merged 8 segments, 168 bytes to disk to satisfy reduce memory limit
2024-04-24T05:21:21,767  INFO [pool-70-thread-1] reduce.MergeManagerImpl: Merging 1 files, 158 bytes from disk
2024-04-24T05:21:21,767  INFO [pool-70-thread-1] reduce.MergeManagerImpl: Merging 0 segments, 0 bytes from memory into reduce
2024-04-24T05:21:21,767  INFO [pool-70-thread-1] mapred.Merger: Merging 1 sorted segments
2024-04-24T05:21:21,767  INFO [pool-70-thread-1] mapred.Merger: Down to the last merge-pass, with 1 segments left of total size: 142 bytes
2024-04-24T05:21:21,767  INFO [pool-70-thread-1] mapred.LocalJobRunner: 8 / 8 copied.
2024-04-24T05:21:21,768  INFO [pool-70-thread-1] exec.SerializationUtilities: Deserializing ReduceWork using kryo
2024-04-24T05:21:21,771  INFO [pool-70-thread-1] exec.Utilities: Deserialized plan (via FILE) - name: null size: 5,32KB
2024-04-24T05:21:21,773  INFO [pool-70-thread-1] ExecReducer: 
<SEL>Id =4
  <Children>
    <FS>Id =2
      <Children>
      <\Children>
      <Parent>Id = 4 null<\Parent>
    <\FS>
  <\Children>
  <Parent><\Parent>
<\SEL>
2024-04-24T05:21:21,773  INFO [pool-70-thread-1] exec.SelectOperator: Initializing Operator: SEL[4]
2024-04-24T05:21:21,773  INFO [pool-70-thread-1] exec.SelectOperator: SELECT struct<key:struct<_col2:int>,value:struct<_col0:int,_col1:int>>
2024-04-24T05:21:21,773  INFO [pool-70-thread-1] exec.FileSinkOperator: Initializing Operator: FS[2]
2024-04-24T05:21:21,774  INFO [pool-70-thread-1] exec.FileSinkOperator: Using serializer : AbstractSerDe [log=org.apache.logging.slf4j.Log4jLogger@5c8da227, configuration=Optional[Configuration: core-default.xml, core-site.xml, mapred-default.xml, mapred-site.xml, yarn-default.xml, yarn-site.xml, hdfs-default.xml, hdfs-site.xml, file:/home/alex/Repositories/hive/ql/target/tmp/TestTxnNoBuckets/mapred/local/localRunner/alex/job_local583372925_0012/job_local583372925_0012.xml], properties={transactional_properties=default, name=default.nobuckets, transactional=true, columns.types=int:int, columns=c1,c2, columns.comments=&amp#0;, partition_columns.types=int, partition_columns=c3, bucketing_version=2, serialization.lib=org.apache.hadoop.hive.ql.io.orc.OrcSerde, file.inputformat=org.apache.hadoop.hive.ql.io.orc.OrcInputFormat, file.outputformat=org.apache.hadoop.hive.ql.io.orc.OrcOutputFormat, location=file:/home/alex/Repositories/hive/ql/target/tmp/org.apache.hadoop.hive.ql.TestTxnNoBuckets-1713961246971/warehouse/nobuckets, column.name.delimiter=,}, tableProperties={transactional_properties=default, name=default.nobuckets, transactional=true, columns.types=int:int, columns=c1,c2, columns.comments=&amp#0;, partition_columns.types=int, partition_columns=c3, bucketing_version=2, serialization.lib=org.apache.hadoop.hive.ql.io.orc.OrcSerde, file.inputformat=org.apache.hadoop.hive.ql.io.orc.OrcInputFormat, location=file:/home/alex/Repositories/hive/ql/target/tmp/org.apache.hadoop.hive.ql.TestTxnNoBuckets-1713961246971/warehouse/nobuckets, file.outputformat=org.apache.hadoop.hive.ql.io.orc.OrcOutputFormat, column.name.delimiter=,}, partitionProperties=Optional.empty, columnNames=[c1, c2], columnTypes=[int, int], getClass()=class org.apache.hadoop.hive.ql.io.orc.OrcSerde] and formatter : org.apache.hadoop.hive.ql.io.orc.OrcOutputFormat@24c6046d
2024-04-24T05:21:21,775  INFO [pool-70-thread-1] exec.FileSinkOperator: Final Path: FS file:/home/alex/Repositories/hive/ql/target/tmp/org.apache.hadoop.hive.ql.TestTxnNoBuckets-1713961246971/warehouse/nobuckets/c3=0
2024-04-24T05:21:21,775  INFO [pool-70-thread-1] exec.FileSinkOperator: New Final Path: FS file:/home/alex/Repositories/hive/ql/target/tmp/org.apache.hadoop.hive.ql.TestTxnNoBuckets-1713961246971/warehouse/nobuckets/c3=0
2024-04-24T05:21:21,781  INFO [pool-70-thread-1] common.FileUtils: Creating directory if it doesn't exist: file:/home/alex/Repositories/hive/ql/target/tmp/org.apache.hadoop.hive.ql.TestTxnNoBuckets-1713961246971/warehouse/nobuckets
2024-04-24T05:21:21,782  INFO [pool-70-thread-1] exec.FileSinkOperator: FS[2]: records written - 1
2024-04-24T05:21:21,782  INFO [pool-70-thread-1] impl.PhysicalFsWriter: ORC writer created for path: file:/home/alex/Repositories/hive/ql/target/tmp/org.apache.hadoop.hive.ql.TestTxnNoBuckets-1713961246971/warehouse/nobuckets/c3=0/delta_0000001_0000001_0000/bucket_00000_0 with stripeSize: 8388608 blockSize: 268435456 compression: Compress: ZLIB buffer: 32768
2024-04-24T05:21:21,800  INFO [pool-70-thread-1] impl.WriterImpl: ORC writer created for path: file:/home/alex/Repositories/hive/ql/target/tmp/org.apache.hadoop.hive.ql.TestTxnNoBuckets-1713961246971/warehouse/nobuckets/c3=0/delta_0000001_0000001_0000/bucket_00000_0 with stripeSize: 8388608 options: Compress: ZLIB buffer: 32768
2024-04-24T05:21:21,819  INFO [pool-70-thread-1] exec.FileSinkOperator: Final Path: FS file:/home/alex/Repositories/hive/ql/target/tmp/org.apache.hadoop.hive.ql.TestTxnNoBuckets-1713961246971/warehouse/nobuckets/c3=1
2024-04-24T05:21:21,819  INFO [pool-70-thread-1] exec.FileSinkOperator: New Final Path: FS file:/home/alex/Repositories/hive/ql/target/tmp/org.apache.hadoop.hive.ql.TestTxnNoBuckets-1713961246971/warehouse/nobuckets/c3=1
2024-04-24T05:21:21,825  INFO [pool-70-thread-1] common.FileUtils: Creating directory if it doesn't exist: file:/home/alex/Repositories/hive/ql/target/tmp/org.apache.hadoop.hive.ql.TestTxnNoBuckets-1713961246971/warehouse/nobuckets
2024-04-24T05:21:21,826  INFO [pool-70-thread-1] impl.PhysicalFsWriter: ORC writer created for path: file:/home/alex/Repositories/hive/ql/target/tmp/org.apache.hadoop.hive.ql.TestTxnNoBuckets-1713961246971/warehouse/nobuckets/c3=1/delta_0000001_0000001_0000/bucket_00000_0 with stripeSize: 8388608 blockSize: 268435456 compression: Compress: ZLIB buffer: 32768
2024-04-24T05:21:21,844  INFO [pool-70-thread-1] impl.WriterImpl: ORC writer created for path: file:/home/alex/Repositories/hive/ql/target/tmp/org.apache.hadoop.hive.ql.TestTxnNoBuckets-1713961246971/warehouse/nobuckets/c3=1/delta_0000001_0000001_0000/bucket_00000_0 with stripeSize: 8388608 options: Compress: ZLIB buffer: 32768
2024-04-24T05:21:21,862  INFO [pool-70-thread-1] exec.FileSinkOperator: Final Path: FS file:/home/alex/Repositories/hive/ql/target/tmp/org.apache.hadoop.hive.ql.TestTxnNoBuckets-1713961246971/warehouse/nobuckets/c3=2
2024-04-24T05:21:21,862  INFO [pool-70-thread-1] exec.FileSinkOperator: New Final Path: FS file:/home/alex/Repositories/hive/ql/target/tmp/org.apache.hadoop.hive.ql.TestTxnNoBuckets-1713961246971/warehouse/nobuckets/c3=2
2024-04-24T05:21:21,867  INFO [pool-70-thread-1] common.FileUtils: Creating directory if it doesn't exist: file:/home/alex/Repositories/hive/ql/target/tmp/org.apache.hadoop.hive.ql.TestTxnNoBuckets-1713961246971/warehouse/nobuckets
2024-04-24T05:21:21,869  INFO [pool-70-thread-1] impl.PhysicalFsWriter: ORC writer created for path: file:/home/alex/Repositories/hive/ql/target/tmp/org.apache.hadoop.hive.ql.TestTxnNoBuckets-1713961246971/warehouse/nobuckets/c3=2/delta_0000001_0000001_0000/bucket_00000_0 with stripeSize: 8388608 blockSize: 268435456 compression: Compress: ZLIB buffer: 32768
2024-04-24T05:21:21,887  INFO [pool-70-thread-1] impl.WriterImpl: ORC writer created for path: file:/home/alex/Repositories/hive/ql/target/tmp/org.apache.hadoop.hive.ql.TestTxnNoBuckets-1713961246971/warehouse/nobuckets/c3=2/delta_0000001_0000001_0000/bucket_00000_0 with stripeSize: 8388608 options: Compress: ZLIB buffer: 32768
2024-04-24T05:21:21,905  INFO [pool-70-thread-1] exec.FileSinkOperator: Final Path: FS file:/home/alex/Repositories/hive/ql/target/tmp/org.apache.hadoop.hive.ql.TestTxnNoBuckets-1713961246971/warehouse/nobuckets/c3=3
2024-04-24T05:21:21,905  INFO [pool-70-thread-1] exec.FileSinkOperator: New Final Path: FS file:/home/alex/Repositories/hive/ql/target/tmp/org.apache.hadoop.hive.ql.TestTxnNoBuckets-1713961246971/warehouse/nobuckets/c3=3
2024-04-24T05:21:21,911  INFO [pool-70-thread-1] common.FileUtils: Creating directory if it doesn't exist: file:/home/alex/Repositories/hive/ql/target/tmp/org.apache.hadoop.hive.ql.TestTxnNoBuckets-1713961246971/warehouse/nobuckets
2024-04-24T05:21:21,912  INFO [pool-70-thread-1] impl.PhysicalFsWriter: ORC writer created for path: file:/home/alex/Repositories/hive/ql/target/tmp/org.apache.hadoop.hive.ql.TestTxnNoBuckets-1713961246971/warehouse/nobuckets/c3=3/delta_0000001_0000001_0000/bucket_00000_0 with stripeSize: 8388608 blockSize: 268435456 compression: Compress: ZLIB buffer: 32768
2024-04-24T05:21:21,929  INFO [pool-70-thread-1] impl.WriterImpl: ORC writer created for path: file:/home/alex/Repositories/hive/ql/target/tmp/org.apache.hadoop.hive.ql.TestTxnNoBuckets-1713961246971/warehouse/nobuckets/c3=3/delta_0000001_0000001_0000/bucket_00000_0 with stripeSize: 8388608 options: Compress: ZLIB buffer: 32768
2024-04-24T05:21:21,947  INFO [pool-70-thread-1] exec.FileSinkOperator: Final Path: FS file:/home/alex/Repositories/hive/ql/target/tmp/org.apache.hadoop.hive.ql.TestTxnNoBuckets-1713961246971/warehouse/nobuckets/c3=4
2024-04-24T05:21:21,947  INFO [pool-70-thread-1] exec.FileSinkOperator: New Final Path: FS file:/home/alex/Repositories/hive/ql/target/tmp/org.apache.hadoop.hive.ql.TestTxnNoBuckets-1713961246971/warehouse/nobuckets/c3=4
2024-04-24T05:21:21,952  INFO [pool-70-thread-1] common.FileUtils: Creating directory if it doesn't exist: file:/home/alex/Repositories/hive/ql/target/tmp/org.apache.hadoop.hive.ql.TestTxnNoBuckets-1713961246971/warehouse/nobuckets
2024-04-24T05:21:21,954  INFO [pool-70-thread-1] impl.PhysicalFsWriter: ORC writer created for path: file:/home/alex/Repositories/hive/ql/target/tmp/org.apache.hadoop.hive.ql.TestTxnNoBuckets-1713961246971/warehouse/nobuckets/c3=4/delta_0000001_0000001_0000/bucket_00000_0 with stripeSize: 8388608 blockSize: 268435456 compression: Compress: ZLIB buffer: 32768
2024-04-24T05:21:21,972  INFO [pool-70-thread-1] impl.WriterImpl: ORC writer created for path: file:/home/alex/Repositories/hive/ql/target/tmp/org.apache.hadoop.hive.ql.TestTxnNoBuckets-1713961246971/warehouse/nobuckets/c3=4/delta_0000001_0000001_0000/bucket_00000_0 with stripeSize: 8388608 options: Compress: ZLIB buffer: 32768
2024-04-24T05:21:21,988  INFO [pool-70-thread-1] exec.FileSinkOperator: Final Path: FS file:/home/alex/Repositories/hive/ql/target/tmp/org.apache.hadoop.hive.ql.TestTxnNoBuckets-1713961246971/warehouse/nobuckets/c3=5
2024-04-24T05:21:21,989  INFO [pool-70-thread-1] exec.FileSinkOperator: New Final Path: FS file:/home/alex/Repositories/hive/ql/target/tmp/org.apache.hadoop.hive.ql.TestTxnNoBuckets-1713961246971/warehouse/nobuckets/c3=5
2024-04-24T05:21:21,994  INFO [pool-70-thread-1] common.FileUtils: Creating directory if it doesn't exist: file:/home/alex/Repositories/hive/ql/target/tmp/org.apache.hadoop.hive.ql.TestTxnNoBuckets-1713961246971/warehouse/nobuckets
2024-04-24T05:21:21,996  INFO [pool-70-thread-1] impl.PhysicalFsWriter: ORC writer created for path: file:/home/alex/Repositories/hive/ql/target/tmp/org.apache.hadoop.hive.ql.TestTxnNoBuckets-1713961246971/warehouse/nobuckets/c3=5/delta_0000001_0000001_0000/bucket_00000_0 with stripeSize: 8388608 blockSize: 268435456 compression: Compress: ZLIB buffer: 32768
2024-04-24T05:21:22,013  INFO [pool-70-thread-1] impl.WriterImpl: ORC writer created for path: file:/home/alex/Repositories/hive/ql/target/tmp/org.apache.hadoop.hive.ql.TestTxnNoBuckets-1713961246971/warehouse/nobuckets/c3=5/delta_0000001_0000001_0000/bucket_00000_0 with stripeSize: 8388608 options: Compress: ZLIB buffer: 32768
2024-04-24T05:21:22,030  INFO [pool-70-thread-1] exec.FileSinkOperator: Final Path: FS file:/home/alex/Repositories/hive/ql/target/tmp/org.apache.hadoop.hive.ql.TestTxnNoBuckets-1713961246971/warehouse/nobuckets/c3=6
2024-04-24T05:21:22,031  INFO [pool-70-thread-1] exec.FileSinkOperator: New Final Path: FS file:/home/alex/Repositories/hive/ql/target/tmp/org.apache.hadoop.hive.ql.TestTxnNoBuckets-1713961246971/warehouse/nobuckets/c3=6
2024-04-24T05:21:22,036  INFO [pool-70-thread-1] common.FileUtils: Creating directory if it doesn't exist: file:/home/alex/Repositories/hive/ql/target/tmp/org.apache.hadoop.hive.ql.TestTxnNoBuckets-1713961246971/warehouse/nobuckets
2024-04-24T05:21:22,038  INFO [pool-70-thread-1] impl.PhysicalFsWriter: ORC writer created for path: file:/home/alex/Repositories/hive/ql/target/tmp/org.apache.hadoop.hive.ql.TestTxnNoBuckets-1713961246971/warehouse/nobuckets/c3=6/delta_0000001_0000001_0000/bucket_00000_0 with stripeSize: 8388608 blockSize: 268435456 compression: Compress: ZLIB buffer: 32768
2024-04-24T05:21:22,056  INFO [pool-70-thread-1] impl.WriterImpl: ORC writer created for path: file:/home/alex/Repositories/hive/ql/target/tmp/org.apache.hadoop.hive.ql.TestTxnNoBuckets-1713961246971/warehouse/nobuckets/c3=6/delta_0000001_0000001_0000/bucket_00000_0 with stripeSize: 8388608 options: Compress: ZLIB buffer: 32768
2024-04-24T05:21:22,068  INFO [pool-70-thread-1] exec.SelectOperator: Closing Operator: SEL[4]
2024-04-24T05:21:22,068  INFO [pool-70-thread-1] exec.SelectOperator: RECORDS_OUT_OPERATOR_SEL_4:8, RECORDS_OUT_INTERMEDIATE:0, 
2024-04-24T05:21:22,068  INFO [pool-70-thread-1] exec.FileSinkOperator: Closing Operator: FS[2]
2024-04-24T05:21:22,068  INFO [pool-70-thread-1] exec.FileSinkOperator: FS[2]: records written - 8
2024-04-24T05:21:22,076  INFO [pool-70-thread-1] FileOperations: Writing manifest to file:/home/alex/Repositories/hive/ql/target/tmp/org.apache.hadoop.hive.ql.TestTxnNoBuckets-1713961246971/warehouse/nobuckets/_tmp.delta_0000001_0000001_0000/000000_0.manifest with [file:/home/alex/Repositories/hive/ql/target/tmp/org.apache.hadoop.hive.ql.TestTxnNoBuckets-1713961246971/warehouse/nobuckets/c3=0/delta_0000001_0000001_0000/bucket_00000_0, file:/home/alex/Repositories/hive/ql/target/tmp/org.apache.hadoop.hive.ql.TestTxnNoBuckets-1713961246971/warehouse/nobuckets/c3=2/delta_0000001_0000001_0000/bucket_00000_0, file:/home/alex/Repositories/hive/ql/target/tmp/org.apache.hadoop.hive.ql.TestTxnNoBuckets-1713961246971/warehouse/nobuckets/c3=4/delta_0000001_0000001_0000/bucket_00000_0, file:/home/alex/Repositories/hive/ql/target/tmp/org.apache.hadoop.hive.ql.TestTxnNoBuckets-1713961246971/warehouse/nobuckets/c3=3/delta_0000001_0000001_0000/bucket_00000_0, file:/home/alex/Repositories/hive/ql/target/tmp/org.apache.hadoop.hive.ql.TestTxnNoBuckets-1713961246971/warehouse/nobuckets/c3=1/delta_0000001_0000001_0000/bucket_00000_0, file:/home/alex/Repositories/hive/ql/target/tmp/org.apache.hadoop.hive.ql.TestTxnNoBuckets-1713961246971/warehouse/nobuckets/c3=6/delta_0000001_0000001_0000/bucket_00000_0, file:/home/alex/Repositories/hive/ql/target/tmp/org.apache.hadoop.hive.ql.TestTxnNoBuckets-1713961246971/warehouse/nobuckets/c3=5/delta_0000001_0000001_0000/bucket_00000_0]
2024-04-24T05:21:22,108  INFO [pool-70-thread-1] exec.FileSinkOperator: RECORDS_OUT_OPERATOR_FS_2:8, TOTAL_TABLE_ROWS_WRITTEN:8, RECORDS_OUT_1_default.nobuckets:8, RECORDS_OUT_INTERMEDIATE:0, 
2024-04-24T05:21:22,109  INFO [pool-70-thread-1] mapred.Task: Task:attempt_local583372925_0012_r_000000_0 is done. And is in the process of committing
2024-04-24T05:21:22,110  INFO [pool-70-thread-1] mapred.LocalJobRunner: reduce > reduce
2024-04-24T05:21:22,110  INFO [pool-70-thread-1] mapred.Task: Task 'attempt_local583372925_0012_r_000000_0' done.
2024-04-24T05:21:22,110  INFO [pool-70-thread-1] mapred.Task: Final Counters for attempt_local583372925_0012_r_000000_0: Counters: 31
	File System Counters
		FILE: Number of bytes read=258349
		FILE: Number of bytes written=14151853
		FILE: Number of read operations=0
		FILE: Number of large read operations=0
		FILE: Number of write operations=0
	Map-Reduce Framework
		Combine input records=0
		Combine output records=0
		Reduce input groups=7
		Reduce shuffle bytes=200
		Reduce input records=8
		Reduce output records=0
		Spilled Records=8
		Shuffled Maps =8
		Failed Shuffles=0
		Merged Map outputs=8
		GC time elapsed (ms)=0
		Total committed heap usage (bytes)=1120927744
	HIVE
		CREATED_DYNAMIC_PARTITIONS=7
		CREATED_FILES=7
		RECORDS_OUT_1_default.nobuckets=8
		RECORDS_OUT_INTERMEDIATE=0
		RECORDS_OUT_OPERATOR_FS_2=8
		RECORDS_OUT_OPERATOR_SEL_4=8
		TOTAL_TABLE_ROWS_WRITTEN=8
	Shuffle Errors
		BAD_ID=0
		CONNECTION=0
		IO_ERROR=0
		WRONG_LENGTH=0
		WRONG_MAP=0
		WRONG_REDUCE=0
	File Output Format Counters 
		Bytes Written=0
2024-04-24T05:21:22,110  INFO [pool-70-thread-1] mapred.LocalJobRunner: Finishing task: attempt_local583372925_0012_r_000000_0
2024-04-24T05:21:22,110  INFO [Thread-744] mapred.LocalJobRunner: reduce task executor complete.
2024-04-24 05:21:22,438 Stage-1 map = 100%,  reduce = 100%
2024-04-24T05:21:22,439  INFO [main] exec.Task: 2024-04-24 05:21:22,438 Stage-1 map = 100%,  reduce = 100%
Ended Job = job_local583372925_0012
2024-04-24T05:21:22,440  INFO [main] exec.Task: Ended Job = job_local583372925_0012
2024-04-24T05:21:22,441  INFO [main] FileOperations: Found manifest file file:/home/alex/Repositories/hive/ql/target/tmp/org.apache.hadoop.hive.ql.TestTxnNoBuckets-1713961246971/warehouse/nobuckets/_tmp.delta_0000001_0000001_0000/000000_0.manifest with attemptId 0.
2024-04-24T05:21:22,441  INFO [main] FileOperations: Looking at manifest file: file:/home/alex/Repositories/hive/ql/target/tmp/org.apache.hadoop.hive.ql.TestTxnNoBuckets-1713961246971/warehouse/nobuckets/_tmp.delta_0000001_0000001_0000/000000_0.manifest
2024-04-24T05:21:22,441  INFO [main] FileOperations: Deleting manifest directory file:/home/alex/Repositories/hive/ql/target/tmp/org.apache.hadoop.hive.ql.TestTxnNoBuckets-1713961246971/warehouse/nobuckets/_tmp.delta_0000001_0000001_0000
2024-04-24T05:21:22,443  INFO [main] ql.Driver: Starting task [Stage-0:MOVE] in serial mode
Loading data to table default.nobuckets partition (c3=null)
2024-04-24T05:21:22,443  INFO [main] exec.Task: Loading data to table default.nobuckets partition (c3=null) from file:/home/alex/Repositories/hive/ql/target/tmp/org.apache.hadoop.hive.ql.TestTxnNoBuckets-1713961246971/warehouse/nobuckets
2024-04-24T05:21:22,444  INFO [main] HiveMetaStore.audit: ugi=alex	ip=unknown-ip-addr	cmd=get_table : tbl=hive.default.nobuckets	
2024-04-24T05:21:22,456  INFO [main] metastore.HMSHandler: Skipping translation for processor with null
2024-04-24T05:21:22,457  INFO [main] exec.MoveTask: Partition is: {c3=null}


2024-04-24T05:21:22,458  INFO [main] exec.Task: 

2024-04-24T05:21:22,458  INFO [main] HiveMetaStore.audit: ugi=alex	ip=unknown-ip-addr	cmd=get_table : tbl=hive.default.nobuckets	
2024-04-24T05:21:22,467  INFO [main] metastore.HMSHandler: Skipping translation for processor with null
2024-04-24T05:21:22,467  INFO [main] HiveMetaStore.audit: ugi=alex	ip=unknown-ip-addr	cmd=get_table : tbl=hive.default.nobuckets	
2024-04-24T05:21:22,478  INFO [main] metastore.HMSHandler: Skipping translation for processor with null
2024-04-24T05:21:22,479  INFO [main] HiveMetaStore.audit: ugi=alex	ip=unknown-ip-addr	cmd=get_partitions_names_ps : tbl=hive.default.nobuckets[]	
2024-04-24T05:21:22,492  INFO [load-dynamic-partitionsToAdd-0] metadata.Hive: New loading path = file:/home/alex/Repositories/hive/ql/target/tmp/org.apache.hadoop.hive.ql.TestTxnNoBuckets-1713961246971/warehouse/nobuckets/c3=4 withPartSpec {c3=4}
2024-04-24T05:21:22,492  INFO [load-dynamic-partitionsToAdd-1] metadata.Hive: New loading path = file:/home/alex/Repositories/hive/ql/target/tmp/org.apache.hadoop.hive.ql.TestTxnNoBuckets-1713961246971/warehouse/nobuckets/c3=3 withPartSpec {c3=3}
2024-04-24T05:21:22,492  INFO [load-dynamic-partitionsToAdd-2] metadata.Hive: New loading path = file:/home/alex/Repositories/hive/ql/target/tmp/org.apache.hadoop.hive.ql.TestTxnNoBuckets-1713961246971/warehouse/nobuckets/c3=5 withPartSpec {c3=5}
2024-04-24T05:21:22,492  INFO [load-dynamic-partitionsToAdd-3] metadata.Hive: New loading path = file:/home/alex/Repositories/hive/ql/target/tmp/org.apache.hadoop.hive.ql.TestTxnNoBuckets-1713961246971/warehouse/nobuckets/c3=2 withPartSpec {c3=2}
2024-04-24T05:21:22,492  INFO [load-dynamic-partitionsToAdd-4] metadata.Hive: New loading path = file:/home/alex/Repositories/hive/ql/target/tmp/org.apache.hadoop.hive.ql.TestTxnNoBuckets-1713961246971/warehouse/nobuckets/c3=6 withPartSpec {c3=6}
2024-04-24T05:21:22,493  INFO [load-dynamic-partitionsToAdd-5] metadata.Hive: New loading path = file:/home/alex/Repositories/hive/ql/target/tmp/org.apache.hadoop.hive.ql.TestTxnNoBuckets-1713961246971/warehouse/nobuckets/c3=0 withPartSpec {c3=0}
2024-04-24T05:21:22,493  INFO [load-dynamic-partitionsToAdd-6] metadata.Hive: New loading path = file:/home/alex/Repositories/hive/ql/target/tmp/org.apache.hadoop.hive.ql.TestTxnNoBuckets-1713961246971/warehouse/nobuckets/c3=1 withPartSpec {c3=1}
2024-04-24T05:21:22,493  INFO [main] metadata.Hive: Number of partitionsToAdd to be added is 7
2024-04-24T05:21:22,493  INFO [main] HiveMetaStore.audit: ugi=alex	ip=unknown-ip-addr	cmd=add_partitions	
2024-04-24T05:21:22,580  INFO [main] metadata.Hive: Loaded 7partitionsToAdd
	 Time taken to load dynamic partitions: 0.122 seconds
2024-04-24T05:21:22,580  INFO [main] exec.Task: 	 Time taken to load dynamic partitions: 0.122 seconds
2024-04-24T05:21:22,580  INFO [main] exec.MoveTask: 	 Time taken to load dynamic partitions: 0.122 seconds
2024-04-24T05:21:22,580  INFO [main] exec.MoveTask: Loading partition {c3=4}
2024-04-24T05:21:22,580  INFO [main] exec.MoveTask: Loading partition {c3=3}
2024-04-24T05:21:22,580  INFO [main] exec.MoveTask: Loading partition {c3=5}
2024-04-24T05:21:22,580  INFO [main] exec.MoveTask: Loading partition {c3=2}
2024-04-24T05:21:22,580  INFO [main] exec.MoveTask: Loading partition {c3=6}
2024-04-24T05:21:22,580  INFO [main] exec.MoveTask: Loading partition {c3=0}
2024-04-24T05:21:22,580  INFO [main] exec.MoveTask: Loading partition {c3=1}
	 Time taken for adding to write entity : 0.0 seconds
2024-04-24T05:21:22,580  INFO [main] exec.Task: 	 Time taken for adding to write entity : 0.0 seconds
2024-04-24T05:21:22,580  INFO [main] ql.Driver: Starting task [Stage-2:STATS] in serial mode
2024-04-24T05:21:22,580  INFO [main] HiveMetaStore.audit: ugi=alex	ip=unknown-ip-addr	cmd=get_table : tbl=hive.default.nobuckets	
2024-04-24T05:21:22,589  INFO [main] metastore.HMSHandler: Skipping translation for processor with null
2024-04-24T05:21:22,589  INFO [main] stats.BasicStatsTask: Executing stats task
2024-04-24T05:21:22,589  INFO [main] fs.FSStatsPublisher: created : file:/home/alex/Repositories/hive/ql/target/tmp/localscratchdir/d5a4d20d-09e1-4bfd-b1f6-f0e7b6b7b109/hive_2024-04-24_05-21-20_893_2332946561243550265-1/-mr-10000
2024-04-24T05:21:22,590  INFO [main] HiveMetaStore.audit: ugi=alex	ip=unknown-ip-addr	cmd=get_table : tbl=hive.default.nobuckets	
2024-04-24T05:21:22,597  INFO [main] metastore.HMSHandler: Skipping translation for processor with null
2024-04-24T05:21:22,611  WARN [stats-updater-thread-5] FileOperations: Computing stats for an ACID table; stats may be inaccurate
2024-04-24T05:21:22,611  WARN [stats-updater-thread-2] FileOperations: Computing stats for an ACID table; stats may be inaccurate
2024-04-24T05:21:22,611  WARN [stats-updater-thread-3] FileOperations: Computing stats for an ACID table; stats may be inaccurate
2024-04-24T05:21:22,612  WARN [stats-updater-thread-0] FileOperations: Computing stats for an ACID table; stats may be inaccurate
2024-04-24T05:21:22,612  WARN [stats-updater-thread-1] FileOperations: Computing stats for an ACID table; stats may be inaccurate
2024-04-24T05:21:22,613  WARN [stats-updater-thread-6] FileOperations: Computing stats for an ACID table; stats may be inaccurate
2024-04-24T05:21:22,614  WARN [stats-updater-thread-4] FileOperations: Computing stats for an ACID table; stats may be inaccurate
2024-04-24T05:21:22,614  INFO [main] FileOperations: Read stats for default.nobuckets/c3=4/, numRows, true, 1, false: 
2024-04-24T05:21:22,614  INFO [main] FileOperations: Read stats for default.nobuckets/c3=4/, rawDataSize, true, 0, false: 
2024-04-24T05:21:22,614  INFO [main] stats.BasicStatsTask: Partition {c3=4} stats: [numFiles=1, numRows=1, totalSize=663, rawDataSize=0, numFilesErasureCoded=0]
2024-04-24T05:21:22,614  INFO [main] FileOperations: Read stats for default.nobuckets/c3=3/, numRows, true, 2, false: 
2024-04-24T05:21:22,614  INFO [main] FileOperations: Read stats for default.nobuckets/c3=3/, rawDataSize, true, 0, false: 
2024-04-24T05:21:22,614  INFO [main] stats.BasicStatsTask: Partition {c3=3} stats: [numFiles=1, numRows=2, totalSize=679, rawDataSize=0, numFilesErasureCoded=0]
2024-04-24T05:21:22,615  INFO [main] FileOperations: Read stats for default.nobuckets/c3=5/, numRows, true, 1, false: 
2024-04-24T05:21:22,615  INFO [main] FileOperations: Read stats for default.nobuckets/c3=5/, rawDataSize, true, 0, false: 
2024-04-24T05:21:22,615  INFO [main] stats.BasicStatsTask: Partition {c3=5} stats: [numFiles=1, numRows=1, totalSize=664, rawDataSize=0, numFilesErasureCoded=0]
2024-04-24T05:21:22,615  INFO [main] FileOperations: Read stats for default.nobuckets/c3=2/, numRows, true, 1, false: 
2024-04-24T05:21:22,615  INFO [main] FileOperations: Read stats for default.nobuckets/c3=2/, rawDataSize, true, 0, false: 
2024-04-24T05:21:22,615  INFO [main] stats.BasicStatsTask: Partition {c3=2} stats: [numFiles=1, numRows=1, totalSize=663, rawDataSize=0, numFilesErasureCoded=0]
2024-04-24T05:21:22,615  INFO [main] FileOperations: Read stats for default.nobuckets/c3=6/, numRows, true, 1, false: 
2024-04-24T05:21:22,615  INFO [main] FileOperations: Read stats for default.nobuckets/c3=6/, rawDataSize, true, 0, false: 
2024-04-24T05:21:22,615  INFO [main] stats.BasicStatsTask: Partition {c3=6} stats: [numFiles=1, numRows=1, totalSize=665, rawDataSize=0, numFilesErasureCoded=0]
2024-04-24T05:21:22,615  INFO [main] FileOperations: Read stats for default.nobuckets/c3=0/, numRows, true, 1, false: 
2024-04-24T05:21:22,616  INFO [main] FileOperations: Read stats for default.nobuckets/c3=0/, rawDataSize, true, 0, false: 
2024-04-24T05:21:22,616  INFO [main] stats.BasicStatsTask: Partition {c3=0} stats: [numFiles=1, numRows=1, totalSize=651, rawDataSize=0, numFilesErasureCoded=0]
2024-04-24T05:21:22,616  INFO [main] FileOperations: Read stats for default.nobuckets/c3=1/, numRows, true, 1, false: 
2024-04-24T05:21:22,616  INFO [main] FileOperations: Read stats for default.nobuckets/c3=1/, rawDataSize, true, 0, false: 
2024-04-24T05:21:22,616  INFO [main] stats.BasicStatsTask: Partition {c3=1} stats: [numFiles=1, numRows=1, totalSize=655, rawDataSize=0, numFilesErasureCoded=0]
2024-04-24T05:21:22,616  INFO [main] HiveMetaStore.audit: ugi=alex	ip=unknown-ip-addr	cmd=alter_partitions : tbl=hive.default.nobuckets	
2024-04-24T05:21:22,616  INFO [main] metastore.HMSHandler: New partition values:[4]
2024-04-24T05:21:22,616  INFO [main] metastore.HMSHandler: New partition values:[3]
2024-04-24T05:21:22,616  INFO [main] metastore.HMSHandler: New partition values:[5]
2024-04-24T05:21:22,616  INFO [main] metastore.HMSHandler: New partition values:[2]
2024-04-24T05:21:22,616  INFO [main] metastore.HMSHandler: New partition values:[6]
2024-04-24T05:21:22,616  INFO [main] metastore.HMSHandler: New partition values:[0]
2024-04-24T05:21:22,617  INFO [main] metastore.HMSHandler: New partition values:[1]
2024-04-24T05:21:22,742  INFO [main] FileOperations: Read stats for default.nobuckets/c3=4/, insertCount, true, 1, false: 
2024-04-24T05:21:22,742  INFO [main] FileOperations: Read stats for default.nobuckets/c3=4/, updateCount, true, 0, false: 
2024-04-24T05:21:22,742  INFO [main] FileOperations: Read stats for default.nobuckets/c3=4/, deleteCount, true, 0, false: 
2024-04-24T05:21:22,744  INFO [main] FileOperations: Read stats for default.nobuckets/c3=3/, insertCount, true, 2, false: 
2024-04-24T05:21:22,744  INFO [main] FileOperations: Read stats for default.nobuckets/c3=3/, updateCount, true, 0, false: 
2024-04-24T05:21:22,745  INFO [main] FileOperations: Read stats for default.nobuckets/c3=3/, deleteCount, true, 0, false: 
2024-04-24T05:21:22,745  INFO [main] FileOperations: Read stats for default.nobuckets/c3=5/, insertCount, true, 1, false: 
2024-04-24T05:21:22,745  INFO [main] FileOperations: Read stats for default.nobuckets/c3=5/, updateCount, true, 0, false: 
2024-04-24T05:21:22,745  INFO [main] FileOperations: Read stats for default.nobuckets/c3=5/, deleteCount, true, 0, false: 
2024-04-24T05:21:22,745  INFO [main] FileOperations: Read stats for default.nobuckets/c3=2/, insertCount, true, 1, false: 
2024-04-24T05:21:22,745  INFO [main] FileOperations: Read stats for default.nobuckets/c3=2/, updateCount, true, 0, false: 
2024-04-24T05:21:22,745  INFO [main] FileOperations: Read stats for default.nobuckets/c3=2/, deleteCount, true, 0, false: 
2024-04-24T05:21:22,745  INFO [main] FileOperations: Read stats for default.nobuckets/c3=6/, insertCount, true, 1, false: 
2024-04-24T05:21:22,745  INFO [main] FileOperations: Read stats for default.nobuckets/c3=6/, updateCount, true, 0, false: 
2024-04-24T05:21:22,745  INFO [main] FileOperations: Read stats for default.nobuckets/c3=6/, deleteCount, true, 0, false: 
2024-04-24T05:21:22,746  INFO [main] FileOperations: Read stats for default.nobuckets/c3=0/, insertCount, true, 1, false: 
2024-04-24T05:21:22,746  INFO [main] FileOperations: Read stats for default.nobuckets/c3=0/, updateCount, true, 0, false: 
2024-04-24T05:21:22,746  INFO [main] FileOperations: Read stats for default.nobuckets/c3=0/, deleteCount, true, 0, false: 
2024-04-24T05:21:22,746  INFO [main] FileOperations: Read stats for default.nobuckets/c3=1/, insertCount, true, 1, false: 
2024-04-24T05:21:22,746  INFO [main] FileOperations: Read stats for default.nobuckets/c3=1/, updateCount, true, 0, false: 
2024-04-24T05:21:22,746  INFO [main] FileOperations: Read stats for default.nobuckets/c3=1/, deleteCount, true, 0, false: 
2024-04-24T05:21:22,746  INFO [main] metadata.Hive: Dumping metastore api call timing information for : execution phase
2024-04-24T05:21:22,747  INFO [main] metadata.Hive: Total time spent in each metastore function (ms): {listPartitionNamesRequest_(GetPartitionNamesPsRequest)=12, isCompatibleWith_(Configuration)=1, updateTransactionalStatistics_(UpdateTransactionalStatsRequest)=2, add_partitions_(List)=82, addDynamicPartitions_(long, long, String, String, List, DataOperationType)=4, getTable_(GetTableRequest)=49, getValidWriteIds_(List, String)=1, alter_partitions_(String, String, List, EnvironmentContext, String, long)=126}
MapReduce Jobs Launched: 
2024-04-24T05:21:22,747  INFO [main] ql.Driver: MapReduce Jobs Launched: 
Stage-Stage-1:  HDFS Read: 0 HDFS Write: 0 SUCCESS
2024-04-24T05:21:22,747  INFO [main] ql.Driver: Stage-Stage-1:  HDFS Read: 0 HDFS Write: 0 SUCCESS
Total MapReduce CPU Time Spent: 0 msec
2024-04-24T05:21:22,747  INFO [main] ql.Driver: Total MapReduce CPU Time Spent: 0 msec
2024-04-24T05:21:22,747  INFO [main] ql.Driver: Completed executing command(queryId=alex_20240424052120_51592f49-5461-424c-9744-f39f39772d8f); Time taken: 1.593 seconds
2024-04-24T05:21:22,747  INFO [main] lockmgr.DbTxnManager: Stopped heartbeat for query: alex_20240424052120_51592f49-5461-424c-9744-f39f39772d8f
2024-04-24T05:21:22,756  INFO [main] txn.TxnHandler: Removed transactions: ([21]) from MIN_HISTORY_LEVEL
2024-04-24T05:21:22,758  WARN [main] txn.CompactionTxnHandler: No compaction queue record found for Compaction type transaction commit. txnId:21
2024-04-24T05:21:22,758  INFO [main] ql.TxnCommandsBaseForTests: Running the query: select ROW__ID, c1, c2, c3, INPUT__FILE__NAME from nobuckets order by ROW__ID
2024-04-24T05:21:22,759  INFO [main] ql.Context: Deleting scratch dir: file:/home/alex/Repositories/hive/ql/target/tmp/localscratchdir/d5a4d20d-09e1-4bfd-b1f6-f0e7b6b7b109/hive_2024-04-24_05-21-20_893_2332946561243550265-1
2024-04-24T05:21:22,759  INFO [main] cleanup.SyncCleanupService: Deleted directory: file:/home/alex/Repositories/hive/ql/target/tmp/localscratchdir/d5a4d20d-09e1-4bfd-b1f6-f0e7b6b7b109/hive_2024-04-24_05-21-20_893_2332946561243550265-1 on fs with scheme file
2024-04-24T05:21:22,759  INFO [main] ql.Driver: Compiling command(queryId=alex_20240424052122_895d5a0c-e7f5-490e-a1b9-e2bbfc86a587): select ROW__ID, c1, c2, c3, INPUT__FILE__NAME from nobuckets order by ROW__ID
2024-04-24T05:21:22,771  INFO [main] txn.TxnHandler: Added entries to MIN_HISTORY_LEVEL for current txns: ([22]) with min_open_txn: 22
2024-04-24T05:21:22,772  INFO [main] lockmgr.DbTxnManager: Opened txnid:22
2024-04-24T05:21:22,775  INFO [main] parse.CalcitePlanner: Starting caching scope for: 
2024-04-24T05:21:22,775  INFO [main] parse.CalcitePlanner: Starting Semantic Analysis
2024-04-24T05:21:22,778  INFO [main] parse.CalcitePlanner: Completed phase 1 of Semantic Analysis
2024-04-24T05:21:22,778  INFO [main] parse.CalcitePlanner: Get metadata for source tables
2024-04-24T05:21:22,778  INFO [main] HiveMetaStore.audit: ugi=alex	ip=unknown-ip-addr	cmd=get_table : tbl=hive.default.nobuckets	
2024-04-24T05:21:22,786  INFO [main] metastore.HMSHandler: Skipping translation for processor with null
2024-04-24T05:21:22,786  INFO [main] parse.CalcitePlanner: Get metadata for subqueries
2024-04-24T05:21:22,786  INFO [main] parse.CalcitePlanner: Get metadata for destination tables
2024-04-24T05:21:22,786  INFO [main] parse.CalcitePlanner: Completed getting MetaData in Semantic Analysis
2024-04-24T05:21:22,798  INFO [main] HiveMetaStore.audit: ugi=alex	ip=unknown-ip-addr	cmd=get_all_table_constraints : tbl=hive.default.nobuckets	
2024-04-24T05:21:22,809  INFO [main] calcite.RelOptHiveTable: Calculating column statistics for default.nobuckets, projIndxSet: [0, 1, 2], allowMissingStats: true
2024-04-24T05:21:22,809  INFO [main] HiveMetaStore.audit: ugi=alex	ip=unknown-ip-addr	cmd=get_partitions : tbl=hive.default.nobuckets	
2024-04-24T05:21:22,828  INFO [main] HiveMetaStore.audit: ugi=alex	ip=unknown-ip-addr	cmd=get_aggr_stats_for: table=hive.default.nobuckets	
2024-04-24T05:21:22,837  WARN [main] calcite.RelOptHiveTable: No Stats for default@nobuckets, Columns: c1, c2
No Stats for default@nobuckets, Columns: c1, c2
2024-04-24T05:21:22,837  INFO [main] SessionState: No Stats for default@nobuckets, Columns: c1, c2
2024-04-24T05:21:22,878  INFO [main] parse.CalcitePlanner: Get metadata for source tables
2024-04-24T05:21:22,878  INFO [main] parse.CalcitePlanner: Get metadata for subqueries
2024-04-24T05:21:22,878  INFO [main] parse.CalcitePlanner: Get metadata for destination tables
2024-04-24T05:21:22,880  INFO [main] common.FileUtils: Creating directory if it doesn't exist: file:/home/alex/Repositories/hive/ql/target/tmp/localscratchdir/d5a4d20d-09e1-4bfd-b1f6-f0e7b6b7b109/hive_2024-04-24_05-21-22_759_382704502718597907-1/-mr-10001/.hive-staging_hive_2024-04-24_05-21-22_759_382704502718597907-1
2024-04-24T05:21:22,887  INFO [main] parse.CalcitePlanner: CBO Succeeded; optimized logical plan.
2024-04-24T05:21:22,889  INFO [main] optimizer.ColumnPrunerProcFactory: RS 2 oldColExprMap: {VALUE._col1=Column[_col2], VALUE._col0=Column[_col1], VALUE._col3=Column[_col4], VALUE._col2=Column[_col3], KEY.reducesinkkey0=Column[_col0]}
2024-04-24T05:21:22,890  INFO [main] optimizer.ColumnPrunerProcFactory: RS 2 newColExprMap: {VALUE._col2=Column[_col3], VALUE._col0=Column[_col1], KEY.reducesinkkey0=Column[_col0], VALUE._col1=Column[_col2], VALUE._col3=Column[_col4]}
2024-04-24T05:21:22,890  INFO [main] optimizer.BucketVersionPopulator: not considering bucketingVersion for: TS[0] because it has -1<2 buckets 
2024-04-24T05:21:22,891  INFO [main] optimizer.SortedDynPartitionOptimizer: Sorted dynamic partitioning optimization kicked in..
2024-04-24T05:21:22,900  INFO [main] parse.CalcitePlanner: Completed plan generation
2024-04-24T05:21:22,900  INFO [main] parse.CalcitePlanner: Ending caching scope for: 
2024-04-24T05:21:22,900  INFO [main] ql.Driver: Semantic Analysis Completed (retrial = false)
2024-04-24T05:21:22,900  INFO [main] ql.Driver: Created Hive schema: Schema(fieldSchemas:[FieldSchema(name:row__id, type:struct<writeid:bigint,bucketid:int,rowid:bigint>, comment:null), FieldSchema(name:c1, type:int, comment:null), FieldSchema(name:c2, type:int, comment:null), FieldSchema(name:c3, type:int, comment:null), FieldSchema(name:input__file__name, type:string, comment:null)], properties:null)
2024-04-24T05:21:22,901  INFO [main] exec.ListSinkOperator: Initializing Operator: LIST_SINK[5]
2024-04-24T05:21:22,902  INFO [main] metadata.Hive: Dumping metastore api call timing information for : compilation phase
2024-04-24T05:21:22,902  INFO [main] metadata.Hive: Total time spent in each metastore function (ms): {getAllTableConstraints_(AllTableConstraintsRequest)=5, getValidWriteIds_(List, String)=3, getAggrColStatsFor_(String, String, List, List, String, String)=9, flushCache_()=0, isCompatibleWith_(Configuration)=0, listPartitions_(String, String, short)=18, getValidTxns_(long)=3, getTable_(GetTableRequest)=8, openTxn_(String, TxnType)=12, commitTxn_(CommitTxnRequest)=11}
2024-04-24T05:21:22,902  INFO [main] ql.Driver: Completed compiling command(queryId=alex_20240424052122_895d5a0c-e7f5-490e-a1b9-e2bbfc86a587); Time taken: 0.143 seconds
2024-04-24T05:21:22,902  INFO [main] lockmgr.DbTxnManager: Setting lock request transaction to txnid:22 for queryId=alex_20240424052122_895d5a0c-e7f5-490e-a1b9-e2bbfc86a587
2024-04-24T05:21:22,904  INFO [main] lockmgr.DbLockManager: Requesting lock for queryId=alex_20240424052122_895d5a0c-e7f5-490e-a1b9-e2bbfc86a587
2024-04-24T05:21:22,921  INFO [main] lockmgr.DbLockManager: Response to queryId=alex_20240424052122_895d5a0c-e7f5-490e-a1b9-e2bbfc86a587 LockResponse(lockid:14, state:ACQUIRED)
2024-04-24T05:21:22,921  INFO [main] ql.Driver: Operation QUERY obtained 1 locks
2024-04-24T05:21:22,922  INFO [main] ql.Driver: Executing command(queryId=alex_20240424052122_895d5a0c-e7f5-490e-a1b9-e2bbfc86a587): select ROW__ID, c1, c2, c3, INPUT__FILE__NAME from nobuckets order by ROW__ID
2024-04-24T05:21:22,922  WARN [main] ql.Driver: Hive-on-MR is deprecated in Hive 2 and may not be available in the future versions. Consider using a different execution engine (i.e. spark, tez) or using Hive 1.X releases.
Query ID = alex_20240424052122_895d5a0c-e7f5-490e-a1b9-e2bbfc86a587
2024-04-24T05:21:22,922  INFO [main] ql.Driver: Query ID = alex_20240424052122_895d5a0c-e7f5-490e-a1b9-e2bbfc86a587
Total jobs = 1
2024-04-24T05:21:22,922  INFO [main] ql.Driver: Total jobs = 1
Launching Job 1 out of 1
2024-04-24T05:21:22,922  INFO [main] ql.Driver: Launching Job 1 out of 1
2024-04-24T05:21:23,041  INFO [main] ql.Driver: Starting task [Stage-1:MAPRED] in serial mode
Number of reduce tasks determined at compile time: 1
2024-04-24T05:21:23,041  INFO [main] exec.Task: Number of reduce tasks determined at compile time: 1
In order to change the average load for a reducer (in bytes):
2024-04-24T05:21:23,041  INFO [main] exec.Task: In order to change the average load for a reducer (in bytes):
  set hive.exec.reducers.bytes.per.reducer=<number>
2024-04-24T05:21:23,041  INFO [main] exec.Task:   set hive.exec.reducers.bytes.per.reducer=<number>
In order to limit the maximum number of reducers:
2024-04-24T05:21:23,041  INFO [main] exec.Task: In order to limit the maximum number of reducers:
  set hive.exec.reducers.max=<number>
2024-04-24T05:21:23,042  INFO [main] exec.Task:   set hive.exec.reducers.max=<number>
In order to set a constant number of reducers:
2024-04-24T05:21:23,042  INFO [main] exec.Task: In order to set a constant number of reducers:
  set mapreduce.job.reduces=<number>
2024-04-24T05:21:23,042  INFO [main] exec.Task:   set mapreduce.job.reduces=<number>
2024-04-24T05:21:23,044  INFO [main] mr.ExecDriver: Using org.apache.hadoop.hive.ql.io.HiveInputFormat
2024-04-24T05:21:23,044  INFO [main] exec.Utilities: Processing alias nobuckets
2024-04-24T05:21:23,044  INFO [main] exec.Utilities: Adding 7 inputs; the first input is file:/home/alex/Repositories/hive/ql/target/tmp/org.apache.hadoop.hive.ql.TestTxnNoBuckets-1713961246971/warehouse/nobuckets/c3=0
2024-04-24T05:21:23,054  INFO [main] exec.SerializationUtilities: Serializing MapWork using kryo
2024-04-24T05:21:23,055  INFO [main] exec.Utilities: Serialized plan (via FILE) - name: null size: 7,27KB
2024-04-24T05:21:23,059  INFO [main] exec.SerializationUtilities: Serializing ReduceWork using kryo
2024-04-24T05:21:23,060  INFO [main] exec.Utilities: Serialized plan (via FILE) - name: null size: 6,14KB
2024-04-24T05:21:23,061  WARN [main] impl.MetricsSystemImpl: JobTracker metrics system already initialized!
2024-04-24T05:21:23,067  WARN [main] impl.MetricsSystemImpl: JobTracker metrics system already initialized!
2024-04-24T05:21:23,074  WARN [main] mapreduce.JobResourceUploader: Hadoop command-line option parsing not performed. Implement the Tool interface and execute your application with ToolRunner to remedy this.
2024-04-24T05:21:23,078  WARN [main] mapreduce.JobResourceUploader: No job jar file set.  User classes may not be found. See Job or Job#setJar(String).
2024-04-24T05:21:23,079  INFO [main] io.HiveInputFormat: hive.io.file.readcolumn.ids = 0,1
2024-04-24T05:21:23,079  INFO [main] io.HiveInputFormat: hive.io.file.readcolumn.names = c1,c2
2024-04-24T05:21:23,079  INFO [main] io.HiveInputFormat: Generating splits for dirs: file:/home/alex/Repositories/hive/ql/target/tmp/org.apache.hadoop.hive.ql.TestTxnNoBuckets-1713961246971/warehouse/nobuckets/c3=0
2024-04-24T05:21:23,080  INFO [main] orc.OrcInputFormat: getSplits started
2024-04-24T05:21:23,080  INFO [main] orc.OrcInputFormat: Context:: isAcid: true isVectorMode: false sarg: null minSplitSize: 1 maxSplitSize: 256000000 splitStrategy: HYBRID footerInSplits: false numBuckets: 0 numThreads: 10 cacheMemSize: 268435456 cacheStripeDetails: true useSoftReference: false writeIdList: default.nobuckets:1:9223372036854775807:: isTransactionalTable: true txnProperties: default 
2024-04-24T05:21:23,080  INFO [main] orc.OrcInputFormat: ORC pushdown predicate: null
2024-04-24T05:21:23,096  INFO [main] orc.OrcInputFormat: FooterCacheHitRatio: 0/7
2024-04-24T05:21:23,096  INFO [main] orc.OrcInputFormat: getSplits finished (#splits: 7). duration: 16 ms
2024-04-24T05:21:23,096  INFO [main] io.HiveInputFormat: number of splits 7
2024-04-24T05:21:23,113  INFO [main] mapreduce.JobSubmitter: number of splits:7
2024-04-24T05:21:23,132  INFO [main] mapreduce.JobSubmitter: Submitting tokens for job: job_local1476760035_0013
2024-04-24T05:21:23,132  INFO [main] mapreduce.JobSubmitter: Executing with tokens: []
2024-04-24T05:21:23,190  INFO [main] mapreduce.Job: The url to track the job: http://localhost:8080/
Job running in-process (local Hadoop)
2024-04-24T05:21:23,191  INFO [main] exec.Task: Job running in-process (local Hadoop)
2024-04-24T05:21:23,191  INFO [Thread-907] mapred.LocalJobRunner: OutputCommitter set in config org.apache.hadoop.hive.ql.io.HiveFileFormatUtils$NullOutputCommitter
2024-04-24T05:21:23,191  INFO [Thread-907] mapred.LocalJobRunner: OutputCommitter is org.apache.hadoop.hive.ql.io.HiveFileFormatUtils$NullOutputCommitter
2024-04-24T05:21:23,194  INFO [Thread-907] mapred.LocalJobRunner: Waiting for map tasks
2024-04-24T05:21:23,194  INFO [LocalJobRunner Map Task Executor #0] mapred.LocalJobRunner: Starting task: attempt_local1476760035_0013_m_000000_0
2024-04-24T05:21:23,195  INFO [LocalJobRunner Map Task Executor #0] mapred.Task:  Using ResourceCalculatorProcessTree : [ ]
2024-04-24T05:21:23,196  INFO [LocalJobRunner Map Task Executor #0] mapred.MapTask: Processing split: org.apache.hadoop.hive.ql.io.orc.OrcInputFormat:OrcSplit [file:/home/alex/Repositories/hive/ql/target/tmp/org.apache.hadoop.hive.ql.TestTxnNoBuckets-1713961246971/warehouse/nobuckets/c3=3/delta_0000001_0000001_0000/bucket_00000_0, start=3, length=314, isOriginal=false, fileLength=679, hasFooter=false, hasBase=true, deltas=0]
2024-04-24T05:21:23,196  INFO [LocalJobRunner Map Task Executor #0] exec.SerializationUtilities: Deserializing MapWork using kryo
2024-04-24T05:21:23,197  INFO [LocalJobRunner Map Task Executor #0] exec.Utilities: Deserialized plan (via FILE) - name: null size: 7,27KB
2024-04-24T05:21:23,198  INFO [LocalJobRunner Map Task Executor #0] orc.OrcRawRecordMerger: min key = null, max key = null
2024-04-24T05:21:23,198  INFO [LocalJobRunner Map Task Executor #0] orc.ReaderImpl: Reading ORC rows from file:/home/alex/Repositories/hive/ql/target/tmp/org.apache.hadoop.hive.ql.TestTxnNoBuckets-1713961246971/warehouse/nobuckets/c3=3/delta_0000001_0000001_0000/bucket_00000_0 with {include: [true, true, true], offset: 3, length: 314, schema: struct<c1:int,c2:int>, includeAcidColumns: true}
2024-04-24T05:21:23,199  INFO [LocalJobRunner Map Task Executor #0] orc.OrcRawRecordMerger: updated min key = null, max key = null
2024-04-24T05:21:23,199  INFO [LocalJobRunner Map Task Executor #0] mapred.MapTask: numReduceTasks: 1
2024-04-24T05:21:23,210  INFO [LocalJobRunner Map Task Executor #0] mapred.MapTask: (EQUATOR) 0 kvi 26214396(104857584)
2024-04-24T05:21:23,210  INFO [LocalJobRunner Map Task Executor #0] mapred.MapTask: mapreduce.task.io.sort.mb: 100
2024-04-24T05:21:23,210  INFO [LocalJobRunner Map Task Executor #0] mapred.MapTask: soft limit at 83886080
2024-04-24T05:21:23,210  INFO [LocalJobRunner Map Task Executor #0] mapred.MapTask: bufstart = 0; bufvoid = 104857600
2024-04-24T05:21:23,210  INFO [LocalJobRunner Map Task Executor #0] mapred.MapTask: kvstart = 26214396; length = 6553600
2024-04-24T05:21:23,211  INFO [LocalJobRunner Map Task Executor #0] mapred.MapTask: Map output collector class = org.apache.hadoop.mapred.MapTask$MapOutputBuffer
2024-04-24T05:21:23,211  INFO [LocalJobRunner Map Task Executor #0] exec.MapOperator: Initializing Operator: MAP[0]
2024-04-24T05:21:23,213  INFO [LocalJobRunner Map Task Executor #0] mr.ExecMapper: 
<MAP>Id =0
  <Children>null
  <\Children>
  <Parent><\Parent>
<\MAP>
2024-04-24T05:21:23,214  INFO [LocalJobRunner Map Task Executor #0] exec.TableScanOperator: Initializing Operator: TS[0]
2024-04-24T05:21:23,214  INFO [LocalJobRunner Map Task Executor #0] exec.SelectOperator: Initializing Operator: SEL[1]
2024-04-24T05:21:23,214  INFO [LocalJobRunner Map Task Executor #0] exec.SelectOperator: SELECT struct<c1:int,c2:int,c3:int,row__id:struct<writeid:bigint,bucketid:int,rowid:bigint>,input__file__name:string>
2024-04-24T05:21:23,214  INFO [LocalJobRunner Map Task Executor #0] exec.ReduceSinkOperator: Initializing Operator: RS[2]
2024-04-24T05:21:23,214  INFO [LocalJobRunner Map Task Executor #0] exec.ReduceSinkOperator: Using tag = -1
2024-04-24T05:21:23,215  INFO [LocalJobRunner Map Task Executor #0] exec.ReduceSinkOperator: keys are [reducesinkkey0] num distributions: 1
2024-04-24T05:21:23,215  INFO [LocalJobRunner Map Task Executor #0] exec.ReduceSinkOperator: RS[2]: records written - 1
2024-04-24T05:21:23,215  INFO [LocalJobRunner Map Task Executor #0] exec.MapOperator: MAP[0]: records read - 1
2024-04-24T05:21:23,215  INFO [LocalJobRunner Map Task Executor #0] exec.MapOperator: Closing Operator: MAP[0]
2024-04-24T05:21:23,215  INFO [LocalJobRunner Map Task Executor #0] exec.MapOperator: MAP[0]: Total records read - 2. abort - false
2024-04-24T05:21:23,215  INFO [LocalJobRunner Map Task Executor #0] exec.MapOperator: RECORDS_OUT_INTERMEDIATE:0, RECORDS_IN:2, DESERIALIZE_ERRORS:0, RECORDS_OUT_OPERATOR_MAP_0:0, 
2024-04-24T05:21:23,216  INFO [LocalJobRunner Map Task Executor #0] exec.TableScanOperator: Closing Operator: TS[0]
2024-04-24T05:21:23,216  INFO [LocalJobRunner Map Task Executor #0] exec.TableScanOperator: RECORDS_OUT_OPERATOR_TS_0:2, RECORDS_OUT_INTERMEDIATE:0, 
2024-04-24T05:21:23,216  INFO [LocalJobRunner Map Task Executor #0] exec.SelectOperator: Closing Operator: SEL[1]
2024-04-24T05:21:23,216  INFO [LocalJobRunner Map Task Executor #0] exec.SelectOperator: RECORDS_OUT_OPERATOR_SEL_1:2, RECORDS_OUT_INTERMEDIATE:0, 
2024-04-24T05:21:23,216  INFO [LocalJobRunner Map Task Executor #0] exec.ReduceSinkOperator: Closing Operator: RS[2]
2024-04-24T05:21:23,216  INFO [LocalJobRunner Map Task Executor #0] exec.ReduceSinkOperator: RS[2]: Total records written - 2. abort - false
2024-04-24T05:21:23,216  INFO [LocalJobRunner Map Task Executor #0] exec.ReduceSinkOperator: RECORDS_OUT_OPERATOR_RS_2:2, RECORDS_OUT_INTERMEDIATE:2, 
2024-04-24T05:21:23,216  INFO [LocalJobRunner Map Task Executor #0] mapred.LocalJobRunner: 
2024-04-24T05:21:23,216  INFO [LocalJobRunner Map Task Executor #0] mapred.MapTask: Starting flush of map output
2024-04-24T05:21:23,216  INFO [LocalJobRunner Map Task Executor #0] mapred.MapTask: Spilling map output
2024-04-24T05:21:23,216  INFO [LocalJobRunner Map Task Executor #0] mapred.MapTask: bufstart = 0; bufend = 420; bufvoid = 104857600
2024-04-24T05:21:23,216  INFO [LocalJobRunner Map Task Executor #0] mapred.MapTask: kvstart = 26214396(104857584); kvend = 26214392(104857568); length = 5/6553600
2024-04-24T05:21:23,226  INFO [LocalJobRunner Map Task Executor #0] mapred.MapTask: Finished spill 0
2024-04-24T05:21:23,230  INFO [LocalJobRunner Map Task Executor #0] mapred.Task: Task:attempt_local1476760035_0013_m_000000_0 is done. And is in the process of committing
2024-04-24T05:21:23,230  INFO [LocalJobRunner Map Task Executor #0] mapred.LocalJobRunner: OrcSplit [file:/home/alex/Repositories/hive/ql/target/tmp/org.apache.hadoop.hive.ql.TestTxnNoBuckets-1713961246971/warehouse/nobuckets/c3=3/delta_0000001_0000001_0000/bucket_00000_0, start=3, length=314, isOriginal=false, fileLength=679, hasFooter=false, hasBase=true, deltas=0]
2024-04-24T05:21:23,230  INFO [LocalJobRunner Map Task Executor #0] mapred.Task: Task 'attempt_local1476760035_0013_m_000000_0' done.
2024-04-24T05:21:23,230  INFO [LocalJobRunner Map Task Executor #0] mapred.Task: Final Counters for attempt_local1476760035_0013_m_000000_0: Counters: 24
	File System Counters
		FILE: Number of bytes read=278894
		FILE: Number of bytes written=15339654
		FILE: Number of read operations=0
		FILE: Number of large read operations=0
		FILE: Number of write operations=0
	Map-Reduce Framework
		Map input records=2
		Map output records=2
		Map output bytes=420
		Map output materialized bytes=432
		Input split bytes=511
		Combine input records=0
		Spilled Records=2
		Failed Shuffles=0
		Merged Map outputs=0
		GC time elapsed (ms)=6
		Total committed heap usage (bytes)=1120403456
	HIVE
		DESERIALIZE_ERRORS=0
		RECORDS_IN=2
		RECORDS_OUT_INTERMEDIATE=2
		RECORDS_OUT_OPERATOR_MAP_0=0
		RECORDS_OUT_OPERATOR_RS_2=2
		RECORDS_OUT_OPERATOR_SEL_1=2
		RECORDS_OUT_OPERATOR_TS_0=2
	File Input Format Counters 
		Bytes Read=10142
2024-04-24T05:21:23,230  INFO [LocalJobRunner Map Task Executor #0] mapred.LocalJobRunner: Finishing task: attempt_local1476760035_0013_m_000000_0
2024-04-24T05:21:23,230  INFO [LocalJobRunner Map Task Executor #0] mapred.LocalJobRunner: Starting task: attempt_local1476760035_0013_m_000001_0
2024-04-24T05:21:23,231  INFO [LocalJobRunner Map Task Executor #0] mapred.Task:  Using ResourceCalculatorProcessTree : [ ]
2024-04-24T05:21:23,231  INFO [LocalJobRunner Map Task Executor #0] mapred.MapTask: Processing split: org.apache.hadoop.hive.ql.io.orc.OrcInputFormat:OrcSplit [file:/home/alex/Repositories/hive/ql/target/tmp/org.apache.hadoop.hive.ql.TestTxnNoBuckets-1713961246971/warehouse/nobuckets/c3=6/delta_0000001_0000001_0000/bucket_00000_0, start=3, length=309, isOriginal=false, fileLength=665, hasFooter=false, hasBase=true, deltas=0]
2024-04-24T05:21:23,232  INFO [LocalJobRunner Map Task Executor #0] exec.SerializationUtilities: Deserializing MapWork using kryo
2024-04-24T05:21:23,232  INFO [LocalJobRunner Map Task Executor #0] exec.Utilities: Deserialized plan (via FILE) - name: null size: 7,27KB
2024-04-24T05:21:23,233  INFO [LocalJobRunner Map Task Executor #0] orc.OrcRawRecordMerger: min key = null, max key = null
2024-04-24T05:21:23,233  INFO [LocalJobRunner Map Task Executor #0] orc.ReaderImpl: Reading ORC rows from file:/home/alex/Repositories/hive/ql/target/tmp/org.apache.hadoop.hive.ql.TestTxnNoBuckets-1713961246971/warehouse/nobuckets/c3=6/delta_0000001_0000001_0000/bucket_00000_0 with {include: [true, true, true], offset: 3, length: 309, schema: struct<c1:int,c2:int>, includeAcidColumns: true}
2024-04-24T05:21:23,234  INFO [LocalJobRunner Map Task Executor #0] orc.OrcRawRecordMerger: updated min key = null, max key = null
2024-04-24T05:21:23,234  INFO [LocalJobRunner Map Task Executor #0] mapred.MapTask: numReduceTasks: 1
2024-04-24T05:21:23,239  INFO [LocalJobRunner Map Task Executor #0] mapred.MapTask: (EQUATOR) 0 kvi 26214396(104857584)
2024-04-24T05:21:23,239  INFO [LocalJobRunner Map Task Executor #0] mapred.MapTask: mapreduce.task.io.sort.mb: 100
2024-04-24T05:21:23,239  INFO [LocalJobRunner Map Task Executor #0] mapred.MapTask: soft limit at 83886080
2024-04-24T05:21:23,239  INFO [LocalJobRunner Map Task Executor #0] mapred.MapTask: bufstart = 0; bufvoid = 104857600
2024-04-24T05:21:23,239  INFO [LocalJobRunner Map Task Executor #0] mapred.MapTask: kvstart = 26214396; length = 6553600
2024-04-24T05:21:23,239  INFO [LocalJobRunner Map Task Executor #0] mapred.MapTask: Map output collector class = org.apache.hadoop.mapred.MapTask$MapOutputBuffer
2024-04-24T05:21:23,240  INFO [LocalJobRunner Map Task Executor #0] exec.MapOperator: Initializing Operator: MAP[0]
2024-04-24T05:21:23,242  INFO [LocalJobRunner Map Task Executor #0] mr.ExecMapper: 
<MAP>Id =0
  <Children>null
  <\Children>
  <Parent><\Parent>
<\MAP>
2024-04-24T05:21:23,243  INFO [LocalJobRunner Map Task Executor #0] exec.TableScanOperator: Initializing Operator: TS[0]
2024-04-24T05:21:23,243  INFO [LocalJobRunner Map Task Executor #0] exec.SelectOperator: Initializing Operator: SEL[1]
2024-04-24T05:21:23,243  INFO [LocalJobRunner Map Task Executor #0] exec.SelectOperator: SELECT struct<c1:int,c2:int,c3:int,row__id:struct<writeid:bigint,bucketid:int,rowid:bigint>,input__file__name:string>
2024-04-24T05:21:23,243  INFO [LocalJobRunner Map Task Executor #0] exec.ReduceSinkOperator: Initializing Operator: RS[2]
2024-04-24T05:21:23,243  INFO [LocalJobRunner Map Task Executor #0] exec.ReduceSinkOperator: Using tag = -1
2024-04-24T05:21:23,244  INFO [LocalJobRunner Map Task Executor #0] exec.ReduceSinkOperator: keys are [reducesinkkey0] num distributions: 1
2024-04-24T05:21:23,244  INFO [LocalJobRunner Map Task Executor #0] exec.ReduceSinkOperator: RS[2]: records written - 1
2024-04-24T05:21:23,244  INFO [LocalJobRunner Map Task Executor #0] exec.MapOperator: MAP[0]: records read - 1
2024-04-24T05:21:23,244  INFO [LocalJobRunner Map Task Executor #0] exec.MapOperator: Closing Operator: MAP[0]
2024-04-24T05:21:23,244  INFO [LocalJobRunner Map Task Executor #0] exec.MapOperator: MAP[0]: Total records read - 1. abort - false
2024-04-24T05:21:23,244  INFO [LocalJobRunner Map Task Executor #0] exec.MapOperator: RECORDS_IN:1, RECORDS_OUT_OPERATOR_MAP_0:0, DESERIALIZE_ERRORS:0, RECORDS_OUT_INTERMEDIATE:0, 
2024-04-24T05:21:23,244  INFO [LocalJobRunner Map Task Executor #0] exec.TableScanOperator: Closing Operator: TS[0]
2024-04-24T05:21:23,244  INFO [LocalJobRunner Map Task Executor #0] exec.TableScanOperator: RECORDS_OUT_OPERATOR_TS_0:1, RECORDS_OUT_INTERMEDIATE:0, 
2024-04-24T05:21:23,244  INFO [LocalJobRunner Map Task Executor #0] exec.SelectOperator: Closing Operator: SEL[1]
2024-04-24T05:21:23,244  INFO [LocalJobRunner Map Task Executor #0] exec.SelectOperator: RECORDS_OUT_OPERATOR_SEL_1:1, RECORDS_OUT_INTERMEDIATE:0, 
2024-04-24T05:21:23,244  INFO [LocalJobRunner Map Task Executor #0] exec.ReduceSinkOperator: Closing Operator: RS[2]
2024-04-24T05:21:23,244  INFO [LocalJobRunner Map Task Executor #0] exec.ReduceSinkOperator: RS[2]: Total records written - 1. abort - false
2024-04-24T05:21:23,244  INFO [LocalJobRunner Map Task Executor #0] exec.ReduceSinkOperator: RECORDS_OUT_INTERMEDIATE:1, RECORDS_OUT_OPERATOR_RS_2:1, 
2024-04-24T05:21:23,245  INFO [LocalJobRunner Map Task Executor #0] mapred.LocalJobRunner: 
2024-04-24T05:21:23,245  INFO [LocalJobRunner Map Task Executor #0] mapred.MapTask: Starting flush of map output
2024-04-24T05:21:23,245  INFO [LocalJobRunner Map Task Executor #0] mapred.MapTask: Spilling map output
2024-04-24T05:21:23,245  INFO [LocalJobRunner Map Task Executor #0] mapred.MapTask: bufstart = 0; bufend = 210; bufvoid = 104857600
2024-04-24T05:21:23,245  INFO [LocalJobRunner Map Task Executor #0] mapred.MapTask: kvstart = 26214396(104857584); kvend = 26214396(104857584); length = 1/6553600
2024-04-24T05:21:23,253  INFO [LocalJobRunner Map Task Executor #0] mapred.MapTask: Finished spill 0
2024-04-24T05:21:23,255  INFO [LocalJobRunner Map Task Executor #0] mapred.Task: Task:attempt_local1476760035_0013_m_000001_0 is done. And is in the process of committing
2024-04-24T05:21:23,256  INFO [LocalJobRunner Map Task Executor #0] mapred.LocalJobRunner: OrcSplit [file:/home/alex/Repositories/hive/ql/target/tmp/org.apache.hadoop.hive.ql.TestTxnNoBuckets-1713961246971/warehouse/nobuckets/c3=6/delta_0000001_0000001_0000/bucket_00000_0, start=3, length=309, isOriginal=false, fileLength=665, hasFooter=false, hasBase=true, deltas=0]
2024-04-24T05:21:23,256  INFO [LocalJobRunner Map Task Executor #0] mapred.Task: Task 'attempt_local1476760035_0013_m_000001_0' done.
2024-04-24T05:21:23,256  INFO [LocalJobRunner Map Task Executor #0] mapred.Task: Final Counters for attempt_local1476760035_0013_m_000001_0: Counters: 24
	File System Counters
		FILE: Number of bytes read=292088
		FILE: Number of bytes written=15339905
		FILE: Number of read operations=0
		FILE: Number of large read operations=0
		FILE: Number of write operations=0
	Map-Reduce Framework
		Map input records=1
		Map output records=1
		Map output bytes=210
		Map output materialized bytes=219
		Input split bytes=511
		Combine input records=0
		Spilled Records=1
		Failed Shuffles=0
		Merged Map outputs=0
		GC time elapsed (ms)=0
		Total committed heap usage (bytes)=1120403456
	HIVE
		DESERIALIZE_ERRORS=0
		RECORDS_IN=1
		RECORDS_OUT_INTERMEDIATE=1
		RECORDS_OUT_OPERATOR_MAP_0=0
		RECORDS_OUT_OPERATOR_RS_2=1
		RECORDS_OUT_OPERATOR_SEL_1=1
		RECORDS_OUT_OPERATOR_TS_0=1
	File Input Format Counters 
		Bytes Read=10086
2024-04-24T05:21:23,256  INFO [LocalJobRunner Map Task Executor #0] mapred.LocalJobRunner: Finishing task: attempt_local1476760035_0013_m_000001_0
2024-04-24T05:21:23,256  INFO [LocalJobRunner Map Task Executor #0] mapred.LocalJobRunner: Starting task: attempt_local1476760035_0013_m_000002_0
2024-04-24T05:21:23,257  INFO [LocalJobRunner Map Task Executor #0] mapred.Task:  Using ResourceCalculatorProcessTree : [ ]
2024-04-24T05:21:23,257  INFO [LocalJobRunner Map Task Executor #0] mapred.MapTask: Processing split: org.apache.hadoop.hive.ql.io.orc.OrcInputFormat:OrcSplit [file:/home/alex/Repositories/hive/ql/target/tmp/org.apache.hadoop.hive.ql.TestTxnNoBuckets-1713961246971/warehouse/nobuckets/c3=1/delta_0000001_0000001_0000/bucket_00000_0, start=3, length=309, isOriginal=false, fileLength=655, hasFooter=false, hasBase=true, deltas=0]
2024-04-24T05:21:23,257  INFO [LocalJobRunner Map Task Executor #0] exec.SerializationUtilities: Deserializing MapWork using kryo
2024-04-24T05:21:23,258  INFO [LocalJobRunner Map Task Executor #0] exec.Utilities: Deserialized plan (via FILE) - name: null size: 7,27KB
2024-04-24T05:21:23,259  INFO [LocalJobRunner Map Task Executor #0] orc.OrcRawRecordMerger: min key = null, max key = null
2024-04-24T05:21:23,259  INFO [LocalJobRunner Map Task Executor #0] orc.ReaderImpl: Reading ORC rows from file:/home/alex/Repositories/hive/ql/target/tmp/org.apache.hadoop.hive.ql.TestTxnNoBuckets-1713961246971/warehouse/nobuckets/c3=1/delta_0000001_0000001_0000/bucket_00000_0 with {include: [true, true, true], offset: 3, length: 309, schema: struct<c1:int,c2:int>, includeAcidColumns: true}
2024-04-24T05:21:23,261  INFO [LocalJobRunner Map Task Executor #0] orc.OrcRawRecordMerger: updated min key = null, max key = null
2024-04-24T05:21:23,261  INFO [LocalJobRunner Map Task Executor #0] mapred.MapTask: numReduceTasks: 1
2024-04-24T05:21:23,267  INFO [LocalJobRunner Map Task Executor #0] mapred.MapTask: (EQUATOR) 0 kvi 26214396(104857584)
2024-04-24T05:21:23,267  INFO [LocalJobRunner Map Task Executor #0] mapred.MapTask: mapreduce.task.io.sort.mb: 100
2024-04-24T05:21:23,267  INFO [LocalJobRunner Map Task Executor #0] mapred.MapTask: soft limit at 83886080
2024-04-24T05:21:23,267  INFO [LocalJobRunner Map Task Executor #0] mapred.MapTask: bufstart = 0; bufvoid = 104857600
2024-04-24T05:21:23,267  INFO [LocalJobRunner Map Task Executor #0] mapred.MapTask: kvstart = 26214396; length = 6553600
2024-04-24T05:21:23,268  INFO [LocalJobRunner Map Task Executor #0] mapred.MapTask: Map output collector class = org.apache.hadoop.mapred.MapTask$MapOutputBuffer
2024-04-24T05:21:23,268  INFO [LocalJobRunner Map Task Executor #0] exec.MapOperator: Initializing Operator: MAP[0]
2024-04-24T05:21:23,271  INFO [LocalJobRunner Map Task Executor #0] mr.ExecMapper: 
<MAP>Id =0
  <Children>null
  <\Children>
  <Parent><\Parent>
<\MAP>
2024-04-24T05:21:23,272  INFO [LocalJobRunner Map Task Executor #0] exec.TableScanOperator: Initializing Operator: TS[0]
2024-04-24T05:21:23,272  INFO [LocalJobRunner Map Task Executor #0] exec.SelectOperator: Initializing Operator: SEL[1]
2024-04-24T05:21:23,273  INFO [LocalJobRunner Map Task Executor #0] exec.SelectOperator: SELECT struct<c1:int,c2:int,c3:int,row__id:struct<writeid:bigint,bucketid:int,rowid:bigint>,input__file__name:string>
2024-04-24T05:21:23,273  INFO [LocalJobRunner Map Task Executor #0] exec.ReduceSinkOperator: Initializing Operator: RS[2]
2024-04-24T05:21:23,273  INFO [LocalJobRunner Map Task Executor #0] exec.ReduceSinkOperator: Using tag = -1
2024-04-24T05:21:23,273  INFO [LocalJobRunner Map Task Executor #0] exec.ReduceSinkOperator: keys are [reducesinkkey0] num distributions: 1
2024-04-24T05:21:23,273  INFO [LocalJobRunner Map Task Executor #0] exec.ReduceSinkOperator: RS[2]: records written - 1
2024-04-24T05:21:23,273  INFO [LocalJobRunner Map Task Executor #0] exec.MapOperator: MAP[0]: records read - 1
2024-04-24T05:21:23,274  INFO [LocalJobRunner Map Task Executor #0] exec.MapOperator: Closing Operator: MAP[0]
2024-04-24T05:21:23,274  INFO [LocalJobRunner Map Task Executor #0] exec.MapOperator: MAP[0]: Total records read - 1. abort - false
2024-04-24T05:21:23,274  INFO [LocalJobRunner Map Task Executor #0] exec.MapOperator: DESERIALIZE_ERRORS:0, RECORDS_OUT_INTERMEDIATE:0, RECORDS_OUT_OPERATOR_MAP_0:0, RECORDS_IN:1, 
2024-04-24T05:21:23,274  INFO [LocalJobRunner Map Task Executor #0] exec.TableScanOperator: Closing Operator: TS[0]
2024-04-24T05:21:23,274  INFO [LocalJobRunner Map Task Executor #0] exec.TableScanOperator: RECORDS_OUT_INTERMEDIATE:0, RECORDS_OUT_OPERATOR_TS_0:1, 
2024-04-24T05:21:23,274  INFO [LocalJobRunner Map Task Executor #0] exec.SelectOperator: Closing Operator: SEL[1]
2024-04-24T05:21:23,274  INFO [LocalJobRunner Map Task Executor #0] exec.SelectOperator: RECORDS_OUT_INTERMEDIATE:0, RECORDS_OUT_OPERATOR_SEL_1:1, 
2024-04-24T05:21:23,274  INFO [LocalJobRunner Map Task Executor #0] exec.ReduceSinkOperator: Closing Operator: RS[2]
2024-04-24T05:21:23,274  INFO [LocalJobRunner Map Task Executor #0] exec.ReduceSinkOperator: RS[2]: Total records written - 1. abort - false
2024-04-24T05:21:23,274  INFO [LocalJobRunner Map Task Executor #0] exec.ReduceSinkOperator: RECORDS_OUT_OPERATOR_RS_2:1, RECORDS_OUT_INTERMEDIATE:1, 
2024-04-24T05:21:23,274  INFO [LocalJobRunner Map Task Executor #0] mapred.LocalJobRunner: 
2024-04-24T05:21:23,274  INFO [LocalJobRunner Map Task Executor #0] mapred.MapTask: Starting flush of map output
2024-04-24T05:21:23,274  INFO [LocalJobRunner Map Task Executor #0] mapred.MapTask: Spilling map output
2024-04-24T05:21:23,274  INFO [LocalJobRunner Map Task Executor #0] mapred.MapTask: bufstart = 0; bufend = 210; bufvoid = 104857600
2024-04-24T05:21:23,274  INFO [LocalJobRunner Map Task Executor #0] mapred.MapTask: kvstart = 26214396(104857584); kvend = 26214396(104857584); length = 1/6553600
2024-04-24T05:21:23,282  INFO [LocalJobRunner Map Task Executor #0] mapred.MapTask: Finished spill 0
2024-04-24T05:21:23,285  INFO [LocalJobRunner Map Task Executor #0] mapred.Task: Task:attempt_local1476760035_0013_m_000002_0 is done. And is in the process of committing
2024-04-24T05:21:23,286  INFO [LocalJobRunner Map Task Executor #0] mapred.LocalJobRunner: OrcSplit [file:/home/alex/Repositories/hive/ql/target/tmp/org.apache.hadoop.hive.ql.TestTxnNoBuckets-1713961246971/warehouse/nobuckets/c3=1/delta_0000001_0000001_0000/bucket_00000_0, start=3, length=309, isOriginal=false, fileLength=655, hasFooter=false, hasBase=true, deltas=0]
2024-04-24T05:21:23,286  INFO [LocalJobRunner Map Task Executor #0] mapred.Task: Task 'attempt_local1476760035_0013_m_000002_0' done.
2024-04-24T05:21:23,286  INFO [LocalJobRunner Map Task Executor #0] mapred.Task: Final Counters for attempt_local1476760035_0013_m_000002_0: Counters: 24
	File System Counters
		FILE: Number of bytes read=304730
		FILE: Number of bytes written=15340156
		FILE: Number of read operations=0
		FILE: Number of large read operations=0
		FILE: Number of write operations=0
	Map-Reduce Framework
		Map input records=1
		Map output records=1
		Map output bytes=210
		Map output materialized bytes=219
		Input split bytes=511
		Combine input records=0
		Spilled Records=1
		Failed Shuffles=0
		Merged Map outputs=0
		GC time elapsed (ms)=0
		Total committed heap usage (bytes)=1120403456
	HIVE
		DESERIALIZE_ERRORS=0
		RECORDS_IN=1
		RECORDS_OUT_INTERMEDIATE=1
		RECORDS_OUT_OPERATOR_MAP_0=0
		RECORDS_OUT_OPERATOR_RS_2=1
		RECORDS_OUT_OPERATOR_SEL_1=1
		RECORDS_OUT_OPERATOR_TS_0=1
	File Input Format Counters 
		Bytes Read=10046
2024-04-24T05:21:23,286  INFO [LocalJobRunner Map Task Executor #0] mapred.LocalJobRunner: Finishing task: attempt_local1476760035_0013_m_000002_0
2024-04-24T05:21:23,286  INFO [LocalJobRunner Map Task Executor #0] mapred.LocalJobRunner: Starting task: attempt_local1476760035_0013_m_000003_0
2024-04-24T05:21:23,287  INFO [LocalJobRunner Map Task Executor #0] mapred.Task:  Using ResourceCalculatorProcessTree : [ ]
2024-04-24T05:21:23,287  INFO [LocalJobRunner Map Task Executor #0] mapred.MapTask: Processing split: org.apache.hadoop.hive.ql.io.orc.OrcInputFormat:OrcSplit [file:/home/alex/Repositories/hive/ql/target/tmp/org.apache.hadoop.hive.ql.TestTxnNoBuckets-1713961246971/warehouse/nobuckets/c3=4/delta_0000001_0000001_0000/bucket_00000_0, start=3, length=309, isOriginal=false, fileLength=663, hasFooter=false, hasBase=true, deltas=0]
2024-04-24T05:21:23,288  INFO [LocalJobRunner Map Task Executor #0] exec.SerializationUtilities: Deserializing MapWork using kryo
2024-04-24T05:21:23,289  INFO [LocalJobRunner Map Task Executor #0] exec.Utilities: Deserialized plan (via FILE) - name: null size: 7,27KB
2024-04-24T05:21:23,290  INFO [LocalJobRunner Map Task Executor #0] orc.OrcRawRecordMerger: min key = null, max key = null
2024-04-24T05:21:23,290  INFO [LocalJobRunner Map Task Executor #0] orc.ReaderImpl: Reading ORC rows from file:/home/alex/Repositories/hive/ql/target/tmp/org.apache.hadoop.hive.ql.TestTxnNoBuckets-1713961246971/warehouse/nobuckets/c3=4/delta_0000001_0000001_0000/bucket_00000_0 with {include: [true, true, true], offset: 3, length: 309, schema: struct<c1:int,c2:int>, includeAcidColumns: true}
2024-04-24T05:21:23,291  INFO [LocalJobRunner Map Task Executor #0] orc.OrcRawRecordMerger: updated min key = null, max key = null
2024-04-24T05:21:23,292  INFO [LocalJobRunner Map Task Executor #0] mapred.MapTask: numReduceTasks: 1
2024-04-24T05:21:23,297  INFO [LocalJobRunner Map Task Executor #0] mapred.MapTask: (EQUATOR) 0 kvi 26214396(104857584)
2024-04-24T05:21:23,297  INFO [LocalJobRunner Map Task Executor #0] mapred.MapTask: mapreduce.task.io.sort.mb: 100
2024-04-24T05:21:23,297  INFO [LocalJobRunner Map Task Executor #0] mapred.MapTask: soft limit at 83886080
2024-04-24T05:21:23,297  INFO [LocalJobRunner Map Task Executor #0] mapred.MapTask: bufstart = 0; bufvoid = 104857600
2024-04-24T05:21:23,297  INFO [LocalJobRunner Map Task Executor #0] mapred.MapTask: kvstart = 26214396; length = 6553600
2024-04-24T05:21:23,298  INFO [LocalJobRunner Map Task Executor #0] mapred.MapTask: Map output collector class = org.apache.hadoop.mapred.MapTask$MapOutputBuffer
2024-04-24T05:21:23,298  INFO [LocalJobRunner Map Task Executor #0] exec.MapOperator: Initializing Operator: MAP[0]
2024-04-24T05:21:23,300  INFO [LocalJobRunner Map Task Executor #0] mr.ExecMapper: 
<MAP>Id =0
  <Children>null
  <\Children>
  <Parent><\Parent>
<\MAP>
2024-04-24T05:21:23,301  INFO [LocalJobRunner Map Task Executor #0] exec.TableScanOperator: Initializing Operator: TS[0]
2024-04-24T05:21:23,301  INFO [LocalJobRunner Map Task Executor #0] exec.SelectOperator: Initializing Operator: SEL[1]
2024-04-24T05:21:23,301  INFO [LocalJobRunner Map Task Executor #0] exec.SelectOperator: SELECT struct<c1:int,c2:int,c3:int,row__id:struct<writeid:bigint,bucketid:int,rowid:bigint>,input__file__name:string>
2024-04-24T05:21:23,301  INFO [LocalJobRunner Map Task Executor #0] exec.ReduceSinkOperator: Initializing Operator: RS[2]
2024-04-24T05:21:23,301  INFO [LocalJobRunner Map Task Executor #0] exec.ReduceSinkOperator: Using tag = -1
2024-04-24T05:21:23,302  INFO [LocalJobRunner Map Task Executor #0] exec.ReduceSinkOperator: keys are [reducesinkkey0] num distributions: 1
2024-04-24T05:21:23,302  INFO [LocalJobRunner Map Task Executor #0] exec.ReduceSinkOperator: RS[2]: records written - 1
2024-04-24T05:21:23,302  INFO [LocalJobRunner Map Task Executor #0] exec.MapOperator: MAP[0]: records read - 1
2024-04-24T05:21:23,302  INFO [LocalJobRunner Map Task Executor #0] exec.MapOperator: Closing Operator: MAP[0]
2024-04-24T05:21:23,302  INFO [LocalJobRunner Map Task Executor #0] exec.MapOperator: MAP[0]: Total records read - 1. abort - false
2024-04-24T05:21:23,302  INFO [LocalJobRunner Map Task Executor #0] exec.MapOperator: RECORDS_IN:1, RECORDS_OUT_OPERATOR_MAP_0:0, RECORDS_OUT_INTERMEDIATE:0, DESERIALIZE_ERRORS:0, 
2024-04-24T05:21:23,302  INFO [LocalJobRunner Map Task Executor #0] exec.TableScanOperator: Closing Operator: TS[0]
2024-04-24T05:21:23,302  INFO [LocalJobRunner Map Task Executor #0] exec.TableScanOperator: RECORDS_OUT_OPERATOR_TS_0:1, RECORDS_OUT_INTERMEDIATE:0, 
2024-04-24T05:21:23,302  INFO [LocalJobRunner Map Task Executor #0] exec.SelectOperator: Closing Operator: SEL[1]
2024-04-24T05:21:23,302  INFO [LocalJobRunner Map Task Executor #0] exec.SelectOperator: RECORDS_OUT_OPERATOR_SEL_1:1, RECORDS_OUT_INTERMEDIATE:0, 
2024-04-24T05:21:23,302  INFO [LocalJobRunner Map Task Executor #0] exec.ReduceSinkOperator: Closing Operator: RS[2]
2024-04-24T05:21:23,302  INFO [LocalJobRunner Map Task Executor #0] exec.ReduceSinkOperator: RS[2]: Total records written - 1. abort - false
2024-04-24T05:21:23,302  INFO [LocalJobRunner Map Task Executor #0] exec.ReduceSinkOperator: RECORDS_OUT_OPERATOR_RS_2:1, RECORDS_OUT_INTERMEDIATE:1, 
2024-04-24T05:21:23,303  INFO [LocalJobRunner Map Task Executor #0] mapred.LocalJobRunner: 
2024-04-24T05:21:23,303  INFO [LocalJobRunner Map Task Executor #0] mapred.MapTask: Starting flush of map output
2024-04-24T05:21:23,303  INFO [LocalJobRunner Map Task Executor #0] mapred.MapTask: Spilling map output
2024-04-24T05:21:23,303  INFO [LocalJobRunner Map Task Executor #0] mapred.MapTask: bufstart = 0; bufend = 210; bufvoid = 104857600
2024-04-24T05:21:23,303  INFO [LocalJobRunner Map Task Executor #0] mapred.MapTask: kvstart = 26214396(104857584); kvend = 26214396(104857584); length = 1/6553600
2024-04-24T05:21:23,311  INFO [LocalJobRunner Map Task Executor #0] mapred.MapTask: Finished spill 0
2024-04-24T05:21:23,314  INFO [LocalJobRunner Map Task Executor #0] mapred.Task: Task:attempt_local1476760035_0013_m_000003_0 is done. And is in the process of committing
2024-04-24T05:21:23,314  INFO [LocalJobRunner Map Task Executor #0] mapred.LocalJobRunner: OrcSplit [file:/home/alex/Repositories/hive/ql/target/tmp/org.apache.hadoop.hive.ql.TestTxnNoBuckets-1713961246971/warehouse/nobuckets/c3=4/delta_0000001_0000001_0000/bucket_00000_0, start=3, length=309, isOriginal=false, fileLength=663, hasFooter=false, hasBase=true, deltas=0]
2024-04-24T05:21:23,315  INFO [LocalJobRunner Map Task Executor #0] mapred.Task: Task 'attempt_local1476760035_0013_m_000003_0' done.
2024-04-24T05:21:23,315  INFO [LocalJobRunner Map Task Executor #0] mapred.Task: Final Counters for attempt_local1476760035_0013_m_000003_0: Counters: 24
	File System Counters
		FILE: Number of bytes read=316892
		FILE: Number of bytes written=15340407
		FILE: Number of read operations=0
		FILE: Number of large read operations=0
		FILE: Number of write operations=0
	Map-Reduce Framework
		Map input records=1
		Map output records=1
		Map output bytes=210
		Map output materialized bytes=219
		Input split bytes=511
		Combine input records=0
		Spilled Records=1
		Failed Shuffles=0
		Merged Map outputs=0
		GC time elapsed (ms)=0
		Total committed heap usage (bytes)=1120403456
	HIVE
		DESERIALIZE_ERRORS=0
		RECORDS_IN=1
		RECORDS_OUT_INTERMEDIATE=1
		RECORDS_OUT_OPERATOR_MAP_0=0
		RECORDS_OUT_OPERATOR_RS_2=1
		RECORDS_OUT_OPERATOR_SEL_1=1
		RECORDS_OUT_OPERATOR_TS_0=1
	File Input Format Counters 
		Bytes Read=10078
2024-04-24T05:21:23,315  INFO [LocalJobRunner Map Task Executor #0] mapred.LocalJobRunner: Finishing task: attempt_local1476760035_0013_m_000003_0
2024-04-24T05:21:23,315  INFO [LocalJobRunner Map Task Executor #0] mapred.LocalJobRunner: Starting task: attempt_local1476760035_0013_m_000004_0
2024-04-24T05:21:23,315  INFO [LocalJobRunner Map Task Executor #0] mapred.Task:  Using ResourceCalculatorProcessTree : [ ]
2024-04-24T05:21:23,316  INFO [LocalJobRunner Map Task Executor #0] mapred.MapTask: Processing split: org.apache.hadoop.hive.ql.io.orc.OrcInputFormat:OrcSplit [file:/home/alex/Repositories/hive/ql/target/tmp/org.apache.hadoop.hive.ql.TestTxnNoBuckets-1713961246971/warehouse/nobuckets/c3=0/delta_0000001_0000001_0000/bucket_00000_0, start=3, length=309, isOriginal=false, fileLength=651, hasFooter=false, hasBase=true, deltas=0]
2024-04-24T05:21:23,316  INFO [LocalJobRunner Map Task Executor #0] exec.SerializationUtilities: Deserializing MapWork using kryo
2024-04-24T05:21:23,317  INFO [LocalJobRunner Map Task Executor #0] exec.Utilities: Deserialized plan (via FILE) - name: null size: 7,27KB
2024-04-24T05:21:23,318  INFO [LocalJobRunner Map Task Executor #0] orc.OrcRawRecordMerger: min key = null, max key = null
2024-04-24T05:21:23,318  INFO [LocalJobRunner Map Task Executor #0] orc.ReaderImpl: Reading ORC rows from file:/home/alex/Repositories/hive/ql/target/tmp/org.apache.hadoop.hive.ql.TestTxnNoBuckets-1713961246971/warehouse/nobuckets/c3=0/delta_0000001_0000001_0000/bucket_00000_0 with {include: [true, true, true], offset: 3, length: 309, schema: struct<c1:int,c2:int>, includeAcidColumns: true}
2024-04-24T05:21:23,319  INFO [LocalJobRunner Map Task Executor #0] orc.OrcRawRecordMerger: updated min key = null, max key = null
2024-04-24T05:21:23,320  INFO [LocalJobRunner Map Task Executor #0] mapred.MapTask: numReduceTasks: 1
2024-04-24T05:21:23,324  INFO [LocalJobRunner Map Task Executor #0] mapred.MapTask: (EQUATOR) 0 kvi 26214396(104857584)
2024-04-24T05:21:23,324  INFO [LocalJobRunner Map Task Executor #0] mapred.MapTask: mapreduce.task.io.sort.mb: 100
2024-04-24T05:21:23,325  INFO [LocalJobRunner Map Task Executor #0] mapred.MapTask: soft limit at 83886080
2024-04-24T05:21:23,325  INFO [LocalJobRunner Map Task Executor #0] mapred.MapTask: bufstart = 0; bufvoid = 104857600
2024-04-24T05:21:23,325  INFO [LocalJobRunner Map Task Executor #0] mapred.MapTask: kvstart = 26214396; length = 6553600
2024-04-24T05:21:23,325  INFO [LocalJobRunner Map Task Executor #0] mapred.MapTask: Map output collector class = org.apache.hadoop.mapred.MapTask$MapOutputBuffer
2024-04-24T05:21:23,325  INFO [LocalJobRunner Map Task Executor #0] exec.MapOperator: Initializing Operator: MAP[0]
2024-04-24T05:21:23,328  INFO [LocalJobRunner Map Task Executor #0] mr.ExecMapper: 
<MAP>Id =0
  <Children>null
  <\Children>
  <Parent><\Parent>
<\MAP>
2024-04-24T05:21:23,329  INFO [LocalJobRunner Map Task Executor #0] exec.TableScanOperator: Initializing Operator: TS[0]
2024-04-24T05:21:23,329  INFO [LocalJobRunner Map Task Executor #0] exec.SelectOperator: Initializing Operator: SEL[1]
2024-04-24T05:21:23,329  INFO [LocalJobRunner Map Task Executor #0] exec.SelectOperator: SELECT struct<c1:int,c2:int,c3:int,row__id:struct<writeid:bigint,bucketid:int,rowid:bigint>,input__file__name:string>
2024-04-24T05:21:23,329  INFO [LocalJobRunner Map Task Executor #0] exec.ReduceSinkOperator: Initializing Operator: RS[2]
2024-04-24T05:21:23,329  INFO [LocalJobRunner Map Task Executor #0] exec.ReduceSinkOperator: Using tag = -1
2024-04-24T05:21:23,329  INFO [LocalJobRunner Map Task Executor #0] exec.ReduceSinkOperator: keys are [reducesinkkey0] num distributions: 1
2024-04-24T05:21:23,329  INFO [LocalJobRunner Map Task Executor #0] exec.ReduceSinkOperator: RS[2]: records written - 1
2024-04-24T05:21:23,329  INFO [LocalJobRunner Map Task Executor #0] exec.MapOperator: MAP[0]: records read - 1
2024-04-24T05:21:23,329  INFO [LocalJobRunner Map Task Executor #0] exec.MapOperator: Closing Operator: MAP[0]
2024-04-24T05:21:23,329  INFO [LocalJobRunner Map Task Executor #0] exec.MapOperator: MAP[0]: Total records read - 1. abort - false
2024-04-24T05:21:23,329  INFO [LocalJobRunner Map Task Executor #0] exec.MapOperator: RECORDS_OUT_OPERATOR_MAP_0:0, RECORDS_OUT_INTERMEDIATE:0, DESERIALIZE_ERRORS:0, RECORDS_IN:1, 
2024-04-24T05:21:23,329  INFO [LocalJobRunner Map Task Executor #0] exec.TableScanOperator: Closing Operator: TS[0]
2024-04-24T05:21:23,329  INFO [LocalJobRunner Map Task Executor #0] exec.TableScanOperator: RECORDS_OUT_INTERMEDIATE:0, RECORDS_OUT_OPERATOR_TS_0:1, 
2024-04-24T05:21:23,329  INFO [LocalJobRunner Map Task Executor #0] exec.SelectOperator: Closing Operator: SEL[1]
2024-04-24T05:21:23,329  INFO [LocalJobRunner Map Task Executor #0] exec.SelectOperator: RECORDS_OUT_INTERMEDIATE:0, RECORDS_OUT_OPERATOR_SEL_1:1, 
2024-04-24T05:21:23,329  INFO [LocalJobRunner Map Task Executor #0] exec.ReduceSinkOperator: Closing Operator: RS[2]
2024-04-24T05:21:23,329  INFO [LocalJobRunner Map Task Executor #0] exec.ReduceSinkOperator: RS[2]: Total records written - 1. abort - false
2024-04-24T05:21:23,329  INFO [LocalJobRunner Map Task Executor #0] exec.ReduceSinkOperator: RECORDS_OUT_OPERATOR_RS_2:1, RECORDS_OUT_INTERMEDIATE:1, 
2024-04-24T05:21:23,330  INFO [LocalJobRunner Map Task Executor #0] mapred.LocalJobRunner: 
2024-04-24T05:21:23,330  INFO [LocalJobRunner Map Task Executor #0] mapred.MapTask: Starting flush of map output
2024-04-24T05:21:23,330  INFO [LocalJobRunner Map Task Executor #0] mapred.MapTask: Spilling map output
2024-04-24T05:21:23,330  INFO [LocalJobRunner Map Task Executor #0] mapred.MapTask: bufstart = 0; bufend = 210; bufvoid = 104857600
2024-04-24T05:21:23,330  INFO [LocalJobRunner Map Task Executor #0] mapred.MapTask: kvstart = 26214396(104857584); kvend = 26214396(104857584); length = 1/6553600
2024-04-24T05:21:23,339  INFO [LocalJobRunner Map Task Executor #0] mapred.MapTask: Finished spill 0
2024-04-24T05:21:23,341  INFO [LocalJobRunner Map Task Executor #0] mapred.Task: Task:attempt_local1476760035_0013_m_000004_0 is done. And is in the process of committing
2024-04-24T05:21:23,342  INFO [LocalJobRunner Map Task Executor #0] mapred.LocalJobRunner: OrcSplit [file:/home/alex/Repositories/hive/ql/target/tmp/org.apache.hadoop.hive.ql.TestTxnNoBuckets-1713961246971/warehouse/nobuckets/c3=0/delta_0000001_0000001_0000/bucket_00000_0, start=3, length=309, isOriginal=false, fileLength=651, hasFooter=false, hasBase=true, deltas=0]
2024-04-24T05:21:23,342  INFO [LocalJobRunner Map Task Executor #0] mapred.Task: Task 'attempt_local1476760035_0013_m_000004_0' done.
2024-04-24T05:21:23,342  INFO [LocalJobRunner Map Task Executor #0] mapred.Task: Final Counters for attempt_local1476760035_0013_m_000004_0: Counters: 24
	File System Counters
		FILE: Number of bytes read=328494
		FILE: Number of bytes written=15340658
		FILE: Number of read operations=0
		FILE: Number of large read operations=0
		FILE: Number of write operations=0
	Map-Reduce Framework
		Map input records=1
		Map output records=1
		Map output bytes=210
		Map output materialized bytes=219
		Input split bytes=511
		Combine input records=0
		Spilled Records=1
		Failed Shuffles=0
		Merged Map outputs=0
		GC time elapsed (ms)=0
		Total committed heap usage (bytes)=1120403456
	HIVE
		DESERIALIZE_ERRORS=0
		RECORDS_IN=1
		RECORDS_OUT_INTERMEDIATE=1
		RECORDS_OUT_OPERATOR_MAP_0=0
		RECORDS_OUT_OPERATOR_RS_2=1
		RECORDS_OUT_OPERATOR_SEL_1=1
		RECORDS_OUT_OPERATOR_TS_0=1
	File Input Format Counters 
		Bytes Read=10030
2024-04-24T05:21:23,342  INFO [LocalJobRunner Map Task Executor #0] mapred.LocalJobRunner: Finishing task: attempt_local1476760035_0013_m_000004_0
2024-04-24T05:21:23,342  INFO [LocalJobRunner Map Task Executor #0] mapred.LocalJobRunner: Starting task: attempt_local1476760035_0013_m_000005_0
2024-04-24T05:21:23,343  INFO [LocalJobRunner Map Task Executor #0] mapred.Task:  Using ResourceCalculatorProcessTree : [ ]
2024-04-24T05:21:23,343  INFO [LocalJobRunner Map Task Executor #0] mapred.MapTask: Processing split: org.apache.hadoop.hive.ql.io.orc.OrcInputFormat:OrcSplit [file:/home/alex/Repositories/hive/ql/target/tmp/org.apache.hadoop.hive.ql.TestTxnNoBuckets-1713961246971/warehouse/nobuckets/c3=2/delta_0000001_0000001_0000/bucket_00000_0, start=3, length=309, isOriginal=false, fileLength=663, hasFooter=false, hasBase=true, deltas=0]
2024-04-24T05:21:23,344  INFO [LocalJobRunner Map Task Executor #0] exec.SerializationUtilities: Deserializing MapWork using kryo
2024-04-24T05:21:23,344  INFO [LocalJobRunner Map Task Executor #0] exec.Utilities: Deserialized plan (via FILE) - name: null size: 7,27KB
2024-04-24T05:21:23,346  INFO [LocalJobRunner Map Task Executor #0] orc.OrcRawRecordMerger: min key = null, max key = null
2024-04-24T05:21:23,346  INFO [LocalJobRunner Map Task Executor #0] orc.ReaderImpl: Reading ORC rows from file:/home/alex/Repositories/hive/ql/target/tmp/org.apache.hadoop.hive.ql.TestTxnNoBuckets-1713961246971/warehouse/nobuckets/c3=2/delta_0000001_0000001_0000/bucket_00000_0 with {include: [true, true, true], offset: 3, length: 309, schema: struct<c1:int,c2:int>, includeAcidColumns: true}
2024-04-24T05:21:23,347  INFO [LocalJobRunner Map Task Executor #0] orc.OrcRawRecordMerger: updated min key = null, max key = null
2024-04-24T05:21:23,347  INFO [LocalJobRunner Map Task Executor #0] mapred.MapTask: numReduceTasks: 1
2024-04-24T05:21:23,356  INFO [LocalJobRunner Map Task Executor #0] mapred.MapTask: (EQUATOR) 0 kvi 26214396(104857584)
2024-04-24T05:21:23,356  INFO [LocalJobRunner Map Task Executor #0] mapred.MapTask: mapreduce.task.io.sort.mb: 100
2024-04-24T05:21:23,356  INFO [LocalJobRunner Map Task Executor #0] mapred.MapTask: soft limit at 83886080
2024-04-24T05:21:23,356  INFO [LocalJobRunner Map Task Executor #0] mapred.MapTask: bufstart = 0; bufvoid = 104857600
2024-04-24T05:21:23,357  INFO [LocalJobRunner Map Task Executor #0] mapred.MapTask: kvstart = 26214396; length = 6553600
2024-04-24T05:21:23,357  INFO [LocalJobRunner Map Task Executor #0] mapred.MapTask: Map output collector class = org.apache.hadoop.mapred.MapTask$MapOutputBuffer
2024-04-24T05:21:23,357  INFO [LocalJobRunner Map Task Executor #0] exec.MapOperator: Initializing Operator: MAP[0]
2024-04-24T05:21:23,360  INFO [LocalJobRunner Map Task Executor #0] mr.ExecMapper: 
<MAP>Id =0
  <Children>null
  <\Children>
  <Parent><\Parent>
<\MAP>
2024-04-24T05:21:23,360  INFO [LocalJobRunner Map Task Executor #0] exec.TableScanOperator: Initializing Operator: TS[0]
2024-04-24T05:21:23,360  INFO [LocalJobRunner Map Task Executor #0] exec.SelectOperator: Initializing Operator: SEL[1]
2024-04-24T05:21:23,360  INFO [LocalJobRunner Map Task Executor #0] exec.SelectOperator: SELECT struct<c1:int,c2:int,c3:int,row__id:struct<writeid:bigint,bucketid:int,rowid:bigint>,input__file__name:string>
2024-04-24T05:21:23,361  INFO [LocalJobRunner Map Task Executor #0] exec.ReduceSinkOperator: Initializing Operator: RS[2]
2024-04-24T05:21:23,361  INFO [LocalJobRunner Map Task Executor #0] exec.ReduceSinkOperator: Using tag = -1
2024-04-24T05:21:23,361  INFO [LocalJobRunner Map Task Executor #0] exec.ReduceSinkOperator: keys are [reducesinkkey0] num distributions: 1
2024-04-24T05:21:23,361  INFO [LocalJobRunner Map Task Executor #0] exec.ReduceSinkOperator: RS[2]: records written - 1
2024-04-24T05:21:23,361  INFO [LocalJobRunner Map Task Executor #0] exec.MapOperator: MAP[0]: records read - 1
2024-04-24T05:21:23,361  INFO [LocalJobRunner Map Task Executor #0] exec.MapOperator: Closing Operator: MAP[0]
2024-04-24T05:21:23,361  INFO [LocalJobRunner Map Task Executor #0] exec.MapOperator: MAP[0]: Total records read - 1. abort - false
2024-04-24T05:21:23,361  INFO [LocalJobRunner Map Task Executor #0] exec.MapOperator: RECORDS_IN:1, DESERIALIZE_ERRORS:0, RECORDS_OUT_INTERMEDIATE:0, RECORDS_OUT_OPERATOR_MAP_0:0, 
2024-04-24T05:21:23,362  INFO [LocalJobRunner Map Task Executor #0] exec.TableScanOperator: Closing Operator: TS[0]
2024-04-24T05:21:23,362  INFO [LocalJobRunner Map Task Executor #0] exec.TableScanOperator: RECORDS_OUT_INTERMEDIATE:0, RECORDS_OUT_OPERATOR_TS_0:1, 
2024-04-24T05:21:23,362  INFO [LocalJobRunner Map Task Executor #0] exec.SelectOperator: Closing Operator: SEL[1]
2024-04-24T05:21:23,362  INFO [LocalJobRunner Map Task Executor #0] exec.SelectOperator: RECORDS_OUT_OPERATOR_SEL_1:1, RECORDS_OUT_INTERMEDIATE:0, 
2024-04-24T05:21:23,362  INFO [LocalJobRunner Map Task Executor #0] exec.ReduceSinkOperator: Closing Operator: RS[2]
2024-04-24T05:21:23,362  INFO [LocalJobRunner Map Task Executor #0] exec.ReduceSinkOperator: RS[2]: Total records written - 1. abort - false
2024-04-24T05:21:23,362  INFO [LocalJobRunner Map Task Executor #0] exec.ReduceSinkOperator: RECORDS_OUT_OPERATOR_RS_2:1, RECORDS_OUT_INTERMEDIATE:1, 
2024-04-24T05:21:23,362  INFO [LocalJobRunner Map Task Executor #0] mapred.LocalJobRunner: 
2024-04-24T05:21:23,362  INFO [LocalJobRunner Map Task Executor #0] mapred.MapTask: Starting flush of map output
2024-04-24T05:21:23,362  INFO [LocalJobRunner Map Task Executor #0] mapred.MapTask: Spilling map output
2024-04-24T05:21:23,362  INFO [LocalJobRunner Map Task Executor #0] mapred.MapTask: bufstart = 0; bufend = 210; bufvoid = 104857600
2024-04-24T05:21:23,362  INFO [LocalJobRunner Map Task Executor #0] mapred.MapTask: kvstart = 26214396(104857584); kvend = 26214396(104857584); length = 1/6553600
2024-04-24T05:21:23,375  INFO [LocalJobRunner Map Task Executor #0] mapred.MapTask: Finished spill 0
2024-04-24T05:21:23,383  INFO [LocalJobRunner Map Task Executor #0] mapred.Task: Task:attempt_local1476760035_0013_m_000005_0 is done. And is in the process of committing
2024-04-24T05:21:23,384  INFO [LocalJobRunner Map Task Executor #0] mapred.LocalJobRunner: OrcSplit [file:/home/alex/Repositories/hive/ql/target/tmp/org.apache.hadoop.hive.ql.TestTxnNoBuckets-1713961246971/warehouse/nobuckets/c3=2/delta_0000001_0000001_0000/bucket_00000_0, start=3, length=309, isOriginal=false, fileLength=663, hasFooter=false, hasBase=true, deltas=0]
2024-04-24T05:21:23,384  INFO [LocalJobRunner Map Task Executor #0] mapred.Task: Task 'attempt_local1476760035_0013_m_000005_0' done.
2024-04-24T05:21:23,384  INFO [LocalJobRunner Map Task Executor #0] mapred.Task: Final Counters for attempt_local1476760035_0013_m_000005_0: Counters: 24
	File System Counters
		FILE: Number of bytes read=339632
		FILE: Number of bytes written=15340909
		FILE: Number of read operations=0
		FILE: Number of large read operations=0
		FILE: Number of write operations=0
	Map-Reduce Framework
		Map input records=1
		Map output records=1
		Map output bytes=210
		Map output materialized bytes=219
		Input split bytes=511
		Combine input records=0
		Spilled Records=1
		Failed Shuffles=0
		Merged Map outputs=0
		GC time elapsed (ms)=5
		Total committed heap usage (bytes)=1120927744
	HIVE
		DESERIALIZE_ERRORS=0
		RECORDS_IN=1
		RECORDS_OUT_INTERMEDIATE=1
		RECORDS_OUT_OPERATOR_MAP_0=0
		RECORDS_OUT_OPERATOR_RS_2=1
		RECORDS_OUT_OPERATOR_SEL_1=1
		RECORDS_OUT_OPERATOR_TS_0=1
	File Input Format Counters 
		Bytes Read=10078
2024-04-24T05:21:23,384  INFO [LocalJobRunner Map Task Executor #0] mapred.LocalJobRunner: Finishing task: attempt_local1476760035_0013_m_000005_0
2024-04-24T05:21:23,384  INFO [LocalJobRunner Map Task Executor #0] mapred.LocalJobRunner: Starting task: attempt_local1476760035_0013_m_000006_0
2024-04-24T05:21:23,385  INFO [LocalJobRunner Map Task Executor #0] mapred.Task:  Using ResourceCalculatorProcessTree : [ ]
2024-04-24T05:21:23,386  INFO [LocalJobRunner Map Task Executor #0] mapred.MapTask: Processing split: org.apache.hadoop.hive.ql.io.orc.OrcInputFormat:OrcSplit [file:/home/alex/Repositories/hive/ql/target/tmp/org.apache.hadoop.hive.ql.TestTxnNoBuckets-1713961246971/warehouse/nobuckets/c3=5/delta_0000001_0000001_0000/bucket_00000_0, start=3, length=309, isOriginal=false, fileLength=664, hasFooter=false, hasBase=true, deltas=0]
2024-04-24T05:21:23,387  INFO [LocalJobRunner Map Task Executor #0] exec.SerializationUtilities: Deserializing MapWork using kryo
2024-04-24T05:21:23,389  INFO [LocalJobRunner Map Task Executor #0] exec.Utilities: Deserialized plan (via FILE) - name: null size: 7,27KB
2024-04-24T05:21:23,393  INFO [LocalJobRunner Map Task Executor #0] orc.OrcRawRecordMerger: min key = null, max key = null
2024-04-24T05:21:23,393  INFO [LocalJobRunner Map Task Executor #0] orc.ReaderImpl: Reading ORC rows from file:/home/alex/Repositories/hive/ql/target/tmp/org.apache.hadoop.hive.ql.TestTxnNoBuckets-1713961246971/warehouse/nobuckets/c3=5/delta_0000001_0000001_0000/bucket_00000_0 with {include: [true, true, true], offset: 3, length: 309, schema: struct<c1:int,c2:int>, includeAcidColumns: true}
2024-04-24T05:21:23,396  INFO [LocalJobRunner Map Task Executor #0] orc.OrcRawRecordMerger: updated min key = null, max key = null
2024-04-24T05:21:23,396  INFO [LocalJobRunner Map Task Executor #0] mapred.MapTask: numReduceTasks: 1
2024-04-24T05:21:23,406  INFO [LocalJobRunner Map Task Executor #0] mapred.MapTask: (EQUATOR) 0 kvi 26214396(104857584)
2024-04-24T05:21:23,406  INFO [LocalJobRunner Map Task Executor #0] mapred.MapTask: mapreduce.task.io.sort.mb: 100
2024-04-24T05:21:23,406  INFO [LocalJobRunner Map Task Executor #0] mapred.MapTask: soft limit at 83886080
2024-04-24T05:21:23,406  INFO [LocalJobRunner Map Task Executor #0] mapred.MapTask: bufstart = 0; bufvoid = 104857600
2024-04-24T05:21:23,406  INFO [LocalJobRunner Map Task Executor #0] mapred.MapTask: kvstart = 26214396; length = 6553600
2024-04-24T05:21:23,406  INFO [LocalJobRunner Map Task Executor #0] mapred.MapTask: Map output collector class = org.apache.hadoop.mapred.MapTask$MapOutputBuffer
2024-04-24T05:21:23,407  INFO [LocalJobRunner Map Task Executor #0] exec.MapOperator: Initializing Operator: MAP[0]
2024-04-24T05:21:23,410  INFO [LocalJobRunner Map Task Executor #0] mr.ExecMapper: 
<MAP>Id =0
  <Children>null
  <\Children>
  <Parent><\Parent>
<\MAP>
2024-04-24T05:21:23,411  INFO [LocalJobRunner Map Task Executor #0] exec.TableScanOperator: Initializing Operator: TS[0]
2024-04-24T05:21:23,411  INFO [LocalJobRunner Map Task Executor #0] exec.SelectOperator: Initializing Operator: SEL[1]
2024-04-24T05:21:23,411  INFO [LocalJobRunner Map Task Executor #0] exec.SelectOperator: SELECT struct<c1:int,c2:int,c3:int,row__id:struct<writeid:bigint,bucketid:int,rowid:bigint>,input__file__name:string>
2024-04-24T05:21:23,411  INFO [LocalJobRunner Map Task Executor #0] exec.ReduceSinkOperator: Initializing Operator: RS[2]
2024-04-24T05:21:23,411  INFO [LocalJobRunner Map Task Executor #0] exec.ReduceSinkOperator: Using tag = -1
2024-04-24T05:21:23,412  INFO [LocalJobRunner Map Task Executor #0] exec.ReduceSinkOperator: keys are [reducesinkkey0] num distributions: 1
2024-04-24T05:21:23,412  INFO [LocalJobRunner Map Task Executor #0] exec.ReduceSinkOperator: RS[2]: records written - 1
2024-04-24T05:21:23,412  INFO [LocalJobRunner Map Task Executor #0] exec.MapOperator: MAP[0]: records read - 1
2024-04-24T05:21:23,412  INFO [LocalJobRunner Map Task Executor #0] exec.MapOperator: Closing Operator: MAP[0]
2024-04-24T05:21:23,412  INFO [LocalJobRunner Map Task Executor #0] exec.MapOperator: MAP[0]: Total records read - 1. abort - false
2024-04-24T05:21:23,412  INFO [LocalJobRunner Map Task Executor #0] exec.MapOperator: RECORDS_OUT_INTERMEDIATE:0, RECORDS_IN:1, RECORDS_OUT_OPERATOR_MAP_0:0, DESERIALIZE_ERRORS:0, 
2024-04-24T05:21:23,412  INFO [LocalJobRunner Map Task Executor #0] exec.TableScanOperator: Closing Operator: TS[0]
2024-04-24T05:21:23,412  INFO [LocalJobRunner Map Task Executor #0] exec.TableScanOperator: RECORDS_OUT_INTERMEDIATE:0, RECORDS_OUT_OPERATOR_TS_0:1, 
2024-04-24T05:21:23,412  INFO [LocalJobRunner Map Task Executor #0] exec.SelectOperator: Closing Operator: SEL[1]
2024-04-24T05:21:23,413  INFO [LocalJobRunner Map Task Executor #0] exec.SelectOperator: RECORDS_OUT_OPERATOR_SEL_1:1, RECORDS_OUT_INTERMEDIATE:0, 
2024-04-24T05:21:23,413  INFO [LocalJobRunner Map Task Executor #0] exec.ReduceSinkOperator: Closing Operator: RS[2]
2024-04-24T05:21:23,413  INFO [LocalJobRunner Map Task Executor #0] exec.ReduceSinkOperator: RS[2]: Total records written - 1. abort - false
2024-04-24T05:21:23,413  INFO [LocalJobRunner Map Task Executor #0] exec.ReduceSinkOperator: RECORDS_OUT_OPERATOR_RS_2:1, RECORDS_OUT_INTERMEDIATE:1, 
2024-04-24T05:21:23,413  INFO [LocalJobRunner Map Task Executor #0] mapred.LocalJobRunner: 
2024-04-24T05:21:23,413  INFO [LocalJobRunner Map Task Executor #0] mapred.MapTask: Starting flush of map output
2024-04-24T05:21:23,413  INFO [LocalJobRunner Map Task Executor #0] mapred.MapTask: Spilling map output
2024-04-24T05:21:23,413  INFO [LocalJobRunner Map Task Executor #0] mapred.MapTask: bufstart = 0; bufend = 210; bufvoid = 104857600
2024-04-24T05:21:23,413  INFO [LocalJobRunner Map Task Executor #0] mapred.MapTask: kvstart = 26214396(104857584); kvend = 26214396(104857584); length = 1/6553600
2024-04-24T05:21:23,422  INFO [LocalJobRunner Map Task Executor #0] mapred.MapTask: Finished spill 0
2024-04-24T05:21:23,424  INFO [LocalJobRunner Map Task Executor #0] mapred.Task: Task:attempt_local1476760035_0013_m_000006_0 is done. And is in the process of committing
2024-04-24T05:21:23,425  INFO [LocalJobRunner Map Task Executor #0] mapred.LocalJobRunner: OrcSplit [file:/home/alex/Repositories/hive/ql/target/tmp/org.apache.hadoop.hive.ql.TestTxnNoBuckets-1713961246971/warehouse/nobuckets/c3=5/delta_0000001_0000001_0000/bucket_00000_0, start=3, length=309, isOriginal=false, fileLength=664, hasFooter=false, hasBase=true, deltas=0]
2024-04-24T05:21:23,425  INFO [LocalJobRunner Map Task Executor #0] mapred.Task: Task 'attempt_local1476760035_0013_m_000006_0' done.
2024-04-24T05:21:23,425  INFO [LocalJobRunner Map Task Executor #0] mapred.Task: Final Counters for attempt_local1476760035_0013_m_000006_0: Counters: 24
	File System Counters
		FILE: Number of bytes read=350262
		FILE: Number of bytes written=15341160
		FILE: Number of read operations=0
		FILE: Number of large read operations=0
		FILE: Number of write operations=0
	Map-Reduce Framework
		Map input records=1
		Map output records=1
		Map output bytes=210
		Map output materialized bytes=219
		Input split bytes=511
		Combine input records=0
		Spilled Records=1
		Failed Shuffles=0
		Merged Map outputs=0
		GC time elapsed (ms)=0
		Total committed heap usage (bytes)=1120927744
	HIVE
		DESERIALIZE_ERRORS=0
		RECORDS_IN=1
		RECORDS_OUT_INTERMEDIATE=1
		RECORDS_OUT_OPERATOR_MAP_0=0
		RECORDS_OUT_OPERATOR_RS_2=1
		RECORDS_OUT_OPERATOR_SEL_1=1
		RECORDS_OUT_OPERATOR_TS_0=1
	File Input Format Counters 
		Bytes Read=10082
2024-04-24T05:21:23,425  INFO [LocalJobRunner Map Task Executor #0] mapred.LocalJobRunner: Finishing task: attempt_local1476760035_0013_m_000006_0
2024-04-24T05:21:23,425  INFO [Thread-907] mapred.LocalJobRunner: map task executor complete.
2024-04-24T05:21:23,426  INFO [Thread-907] mapred.LocalJobRunner: Waiting for reduce tasks
2024-04-24T05:21:23,426  INFO [pool-77-thread-1] mapred.LocalJobRunner: Starting task: attempt_local1476760035_0013_r_000000_0
2024-04-24T05:21:23,427  INFO [pool-77-thread-1] mapred.Task:  Using ResourceCalculatorProcessTree : [ ]
2024-04-24T05:21:23,427  INFO [pool-77-thread-1] mapred.ReduceTask: Using ShuffleConsumerPlugin: org.apache.hadoop.mapreduce.task.reduce.Shuffle@58a64bdf
2024-04-24T05:21:23,427  WARN [pool-77-thread-1] impl.MetricsSystemImpl: JobTracker metrics system already initialized!
2024-04-24T05:21:23,428  INFO [pool-77-thread-1] reduce.MergeManagerImpl: MergerManager: memoryLimit=1336252800, maxSingleShuffleLimit=334063200, mergeThreshold=881926912, ioSortFactor=10, memToMemMergeOutputsThreshold=10
2024-04-24T05:21:23,429  INFO [EventFetcher for fetching Map Completion Events] reduce.EventFetcher: attempt_local1476760035_0013_r_000000_0 Thread started: EventFetcher for fetching Map Completion Events
2024-04-24T05:21:23,432  INFO [localfetcher#10] reduce.LocalFetcher: localfetcher#10 about to shuffle output of map attempt_local1476760035_0013_m_000001_0 decomp: 215 len: 219 to MEMORY
2024-04-24T05:21:23,432  INFO [localfetcher#10] reduce.InMemoryMapOutput: Read 215 bytes from map-output for attempt_local1476760035_0013_m_000001_0
2024-04-24T05:21:23,432  INFO [localfetcher#10] reduce.MergeManagerImpl: closeInMemoryFile -> map-output of size: 215, inMemoryMapOutputs.size() -> 1, commitMemory -> 0, usedMemory ->215
2024-04-24T05:21:23,434  INFO [localfetcher#10] reduce.LocalFetcher: localfetcher#10 about to shuffle output of map attempt_local1476760035_0013_m_000006_0 decomp: 215 len: 219 to MEMORY
2024-04-24T05:21:23,434  INFO [localfetcher#10] reduce.InMemoryMapOutput: Read 215 bytes from map-output for attempt_local1476760035_0013_m_000006_0
2024-04-24T05:21:23,434  INFO [localfetcher#10] reduce.MergeManagerImpl: closeInMemoryFile -> map-output of size: 215, inMemoryMapOutputs.size() -> 2, commitMemory -> 215, usedMemory ->430
2024-04-24T05:21:23,437  INFO [localfetcher#10] reduce.LocalFetcher: localfetcher#10 about to shuffle output of map attempt_local1476760035_0013_m_000003_0 decomp: 215 len: 219 to MEMORY
2024-04-24T05:21:23,437  INFO [localfetcher#10] reduce.InMemoryMapOutput: Read 215 bytes from map-output for attempt_local1476760035_0013_m_000003_0
2024-04-24T05:21:23,437  INFO [localfetcher#10] reduce.MergeManagerImpl: closeInMemoryFile -> map-output of size: 215, inMemoryMapOutputs.size() -> 3, commitMemory -> 430, usedMemory ->645
2024-04-24T05:21:23,439  INFO [localfetcher#10] reduce.LocalFetcher: localfetcher#10 about to shuffle output of map attempt_local1476760035_0013_m_000002_0 decomp: 215 len: 219 to MEMORY
2024-04-24T05:21:23,439  INFO [localfetcher#10] reduce.InMemoryMapOutput: Read 215 bytes from map-output for attempt_local1476760035_0013_m_000002_0
2024-04-24T05:21:23,439  INFO [localfetcher#10] reduce.MergeManagerImpl: closeInMemoryFile -> map-output of size: 215, inMemoryMapOutputs.size() -> 4, commitMemory -> 645, usedMemory ->860
2024-04-24T05:21:23,442  INFO [localfetcher#10] reduce.LocalFetcher: localfetcher#10 about to shuffle output of map attempt_local1476760035_0013_m_000000_0 decomp: 428 len: 432 to MEMORY
2024-04-24T05:21:23,443  INFO [localfetcher#10] reduce.InMemoryMapOutput: Read 428 bytes from map-output for attempt_local1476760035_0013_m_000000_0
2024-04-24T05:21:23,443  INFO [localfetcher#10] reduce.MergeManagerImpl: closeInMemoryFile -> map-output of size: 428, inMemoryMapOutputs.size() -> 5, commitMemory -> 860, usedMemory ->1288
2024-04-24T05:21:23,446  INFO [localfetcher#10] reduce.LocalFetcher: localfetcher#10 about to shuffle output of map attempt_local1476760035_0013_m_000005_0 decomp: 215 len: 219 to MEMORY
2024-04-24T05:21:23,447  INFO [localfetcher#10] reduce.InMemoryMapOutput: Read 215 bytes from map-output for attempt_local1476760035_0013_m_000005_0
2024-04-24T05:21:23,447  INFO [localfetcher#10] reduce.MergeManagerImpl: closeInMemoryFile -> map-output of size: 215, inMemoryMapOutputs.size() -> 6, commitMemory -> 1288, usedMemory ->1503
2024-04-24T05:21:23,450  INFO [localfetcher#10] reduce.LocalFetcher: localfetcher#10 about to shuffle output of map attempt_local1476760035_0013_m_000004_0 decomp: 215 len: 219 to MEMORY
2024-04-24T05:21:23,451  INFO [localfetcher#10] reduce.InMemoryMapOutput: Read 215 bytes from map-output for attempt_local1476760035_0013_m_000004_0
2024-04-24T05:21:23,451  INFO [localfetcher#10] reduce.MergeManagerImpl: closeInMemoryFile -> map-output of size: 215, inMemoryMapOutputs.size() -> 7, commitMemory -> 1503, usedMemory ->1718
2024-04-24T05:21:23,452  INFO [EventFetcher for fetching Map Completion Events] reduce.EventFetcher: EventFetcher is interrupted.. Returning
2024-04-24T05:21:23,452  INFO [pool-77-thread-1] mapred.LocalJobRunner: 7 / 7 copied.
2024-04-24T05:21:23,453  INFO [pool-77-thread-1] reduce.MergeManagerImpl: finalMerge called with 7 in-memory map-outputs and 0 on-disk map-outputs
2024-04-24T05:21:23,464  INFO [pool-77-thread-1] mapred.Merger: Merging 7 sorted segments
2024-04-24T05:21:23,464  INFO [pool-77-thread-1] mapred.Merger: Down to the last merge-pass, with 7 segments left of total size: 1494 bytes
2024-04-24T05:21:23,471  INFO [pool-77-thread-1] reduce.MergeManagerImpl: Merged 7 segments, 1718 bytes to disk to satisfy reduce memory limit
2024-04-24T05:21:23,471  INFO [pool-77-thread-1] reduce.MergeManagerImpl: Merging 1 files, 1710 bytes from disk
2024-04-24T05:21:23,471  INFO [pool-77-thread-1] reduce.MergeManagerImpl: Merging 0 segments, 0 bytes from memory into reduce
2024-04-24T05:21:23,471  INFO [pool-77-thread-1] mapred.Merger: Merging 1 sorted segments
2024-04-24T05:21:23,472  INFO [pool-77-thread-1] mapred.Merger: Down to the last merge-pass, with 1 segments left of total size: 1674 bytes
2024-04-24T05:21:23,472  INFO [pool-77-thread-1] mapred.LocalJobRunner: 7 / 7 copied.
2024-04-24T05:21:23,474  INFO [pool-77-thread-1] exec.SerializationUtilities: Deserializing ReduceWork using kryo
2024-04-24T05:21:23,475  INFO [pool-77-thread-1] exec.Utilities: Deserialized plan (via FILE) - name: null size: 6,14KB
2024-04-24T05:21:23,478  INFO [pool-77-thread-1] ExecReducer: 
<SEL>Id =3
  <Children>
    <FS>Id =4
      <Children>
      <\Children>
      <Parent>Id = 3 null<\Parent>
    <\FS>
  <\Children>
  <Parent><\Parent>
<\SEL>
2024-04-24T05:21:23,478  INFO [pool-77-thread-1] exec.SelectOperator: Initializing Operator: SEL[3]
2024-04-24T05:21:23,478  INFO [pool-77-thread-1] exec.SelectOperator: SELECT struct<key:struct<reducesinkkey0:struct<writeid:bigint,bucketid:int,rowid:bigint>>,value:struct<_col0:int,_col1:int,_col2:int,_col3:string>>
2024-04-24T05:21:23,478  INFO [pool-77-thread-1] exec.FileSinkOperator: Initializing Operator: FS[4]
2024-04-24T05:21:23,479  INFO [pool-77-thread-1] exec.FileSinkOperator: Using serializer : class org.apache.hadoop.hive.serde2.lazy.LazySimpleSerDe [serdeParams=org.apache.hadoop.hive.serde2.lazy.LazySerDeParameters@77d10827, cachedObjectInspector=org.apache.hadoop.hive.serde2.lazy.objectinspector.LazySimpleStructObjectInspector<org.apache.hadoop.hive.serde2.lazy.objectinspector.LazySimpleStructObjectInspector<org.apache.hadoop.hive.serde2.lazy.objectinspector.primitive.LazyLongObjectInspector@1201c2f6,org.apache.hadoop.hive.serde2.lazy.objectinspector.primitive.LazyIntObjectInspector@cbf9cc1,org.apache.hadoop.hive.serde2.lazy.objectinspector.primitive.LazyLongObjectInspector@1201c2f6>,org.apache.hadoop.hive.serde2.lazy.objectinspector.primitive.LazyIntObjectInspector@cbf9cc1,org.apache.hadoop.hive.serde2.lazy.objectinspector.primitive.LazyIntObjectInspector@cbf9cc1,org.apache.hadoop.hive.serde2.lazy.objectinspector.primitive.LazyIntObjectInspector@cbf9cc1,org.apache.hadoop.hive.serde2.lazy.objectinspector.primitive.LazyStringObjectInspector@71549247>, serializedSize=0, stats=org.apache.hadoop.hive.serde2.SerDeStats@39f5d755, lastOperationSerialize=false, lastOperationDeserialize=false [1, 2, 3, 4, 5, 6, 7, 8, 11, 14, 15, 16, 17, 18, 19, 20, 21, 22, 23, 24, 25, 26, 28, 29, 30, 31, -128, -127, -126, -125, -124, -123, -122, -121, -120, -119, -118, -117, -116, -115, -114, -113, -112, -111, -110, -109, -108, -107, -106, -105, -104, -103, -102, -101, -100, -99, -98, -97, -96, -95, -94, -93, -92, -91, -90, -89, -88, -87, -86, -85, -84, -83, -82, -81, -80, -79, -78, -77, -76, -75, -74, -73, -72, -71, -70, -69, -68, -67, -66, -65, -64, -63, -62, -61, -60, -59, -58, -57, -56, -55, -54, -53, -52, -51, -50, -49, -48, -47, -46, -45, -44, -43, -42, -41, -40, -39, -38, -37, -36, -35, -34, -33, -32, -31, -30, -29, -28, -27, -26, -25, -24, -23, -22, -21, -20, -19, -18, -17, -16, -15, -14, -13, -12, -11, -10, -9, -8, -7, -6, -5, -4, -3, -2, -1] : [_col0, _col1, _col2, _col3, _col4] : [struct<writeid:bigint,bucketid:int,rowid:bigint>, int, int, int, string]] and formatter : org.apache.hadoop.hive.ql.io.HiveSequenceFileOutputFormat@4d95e9e8
2024-04-24T05:21:23,481  INFO [pool-77-thread-1] exec.FileSinkOperator: Final Path: FS file:/home/alex/Repositories/hive/ql/target/tmp/localscratchdir/d5a4d20d-09e1-4bfd-b1f6-f0e7b6b7b109/hive_2024-04-24_05-21-22_759_382704502718597907-1/-mr-10001/.hive-staging_hive_2024-04-24_05-21-22_759_382704502718597907-1/_tmp.-ext-10002/000000_0
2024-04-24T05:21:23,481  INFO [pool-77-thread-1] exec.FileSinkOperator: Writing to temp file: FS file:/home/alex/Repositories/hive/ql/target/tmp/localscratchdir/d5a4d20d-09e1-4bfd-b1f6-f0e7b6b7b109/hive_2024-04-24_05-21-22_759_382704502718597907-1/-mr-10001/.hive-staging_hive_2024-04-24_05-21-22_759_382704502718597907-1/_task_tmp.-ext-10002/_tmp.000000_0
2024-04-24T05:21:23,481  INFO [pool-77-thread-1] exec.FileSinkOperator: New Final Path: FS file:/home/alex/Repositories/hive/ql/target/tmp/localscratchdir/d5a4d20d-09e1-4bfd-b1f6-f0e7b6b7b109/hive_2024-04-24_05-21-22_759_382704502718597907-1/-mr-10001/.hive-staging_hive_2024-04-24_05-21-22_759_382704502718597907-1/_tmp.-ext-10002/000000_0
2024-04-24T05:21:23,498  INFO [pool-77-thread-1] exec.FileSinkOperator: FS[4]: records written - 1
2024-04-24T05:21:23,500  INFO [pool-77-thread-1] exec.SelectOperator: Closing Operator: SEL[3]
2024-04-24T05:21:23,500  INFO [pool-77-thread-1] exec.SelectOperator: RECORDS_OUT_INTERMEDIATE:0, RECORDS_OUT_OPERATOR_SEL_3:8, 
2024-04-24T05:21:23,500  INFO [pool-77-thread-1] exec.FileSinkOperator: Closing Operator: FS[4]
2024-04-24T05:21:23,500  INFO [pool-77-thread-1] exec.FileSinkOperator: FS[4]: records written - 8
2024-04-24T05:21:23,501  INFO [pool-77-thread-1] exec.FileSinkOperator: RECORDS_OUT_INTERMEDIATE:0, RECORDS_OUT_OPERATOR_FS_4:8, RECORDS_OUT_0:8, 
2024-04-24T05:21:23,501  INFO [pool-77-thread-1] mapred.Task: Task:attempt_local1476760035_0013_r_000000_0 is done. And is in the process of committing
2024-04-24T05:21:23,502  INFO [pool-77-thread-1] mapred.LocalJobRunner: reduce > reduce
2024-04-24T05:21:23,502  INFO [pool-77-thread-1] mapred.Task: Task 'attempt_local1476760035_0013_r_000000_0' done.
2024-04-24T05:21:23,503  INFO [pool-77-thread-1] mapred.Task: Final Counters for attempt_local1476760035_0013_r_000000_0: Counters: 29
	File System Counters
		FILE: Number of bytes read=360142
		FILE: Number of bytes written=15344621
		FILE: Number of read operations=0
		FILE: Number of large read operations=0
		FILE: Number of write operations=0
	Map-Reduce Framework
		Combine input records=0
		Combine output records=0
		Reduce input groups=2
		Reduce shuffle bytes=1746
		Reduce input records=8
		Reduce output records=0
		Spilled Records=8
		Shuffled Maps =7
		Failed Shuffles=0
		Merged Map outputs=7
		GC time elapsed (ms)=0
		Total committed heap usage (bytes)=1120927744
	HIVE
		CREATED_FILES=1
		RECORDS_OUT_0=8
		RECORDS_OUT_INTERMEDIATE=0
		RECORDS_OUT_OPERATOR_FS_4=8
		RECORDS_OUT_OPERATOR_SEL_3=8
	Shuffle Errors
		BAD_ID=0
		CONNECTION=0
		IO_ERROR=0
		WRONG_LENGTH=0
		WRONG_MAP=0
		WRONG_REDUCE=0
	File Output Format Counters 
		Bytes Written=0
2024-04-24T05:21:23,503  INFO [pool-77-thread-1] mapred.LocalJobRunner: Finishing task: attempt_local1476760035_0013_r_000000_0
2024-04-24T05:21:23,503  INFO [Thread-907] mapred.LocalJobRunner: reduce task executor complete.
2024-04-24 05:21:24,196 Stage-1 map = 100%,  reduce = 100%
2024-04-24T05:21:24,196  INFO [main] exec.Task: 2024-04-24 05:21:24,196 Stage-1 map = 100%,  reduce = 100%
Ended Job = job_local1476760035_0013
2024-04-24T05:21:24,198  INFO [main] exec.Task: Ended Job = job_local1476760035_0013
2024-04-24T05:21:24,201  INFO [main] metadata.Hive: Dumping metastore api call timing information for : execution phase
2024-04-24T05:21:24,201  INFO [main] metadata.Hive: Total time spent in each metastore function (ms): {}
MapReduce Jobs Launched: 
2024-04-24T05:21:24,201  INFO [main] ql.Driver: MapReduce Jobs Launched: 
Stage-Stage-1:  HDFS Read: 0 HDFS Write: 0 SUCCESS
2024-04-24T05:21:24,201  INFO [main] ql.Driver: Stage-Stage-1:  HDFS Read: 0 HDFS Write: 0 SUCCESS
Total MapReduce CPU Time Spent: 0 msec
2024-04-24T05:21:24,201  INFO [main] ql.Driver: Total MapReduce CPU Time Spent: 0 msec
2024-04-24T05:21:24,201  INFO [main] ql.Driver: Completed executing command(queryId=alex_20240424052122_895d5a0c-e7f5-490e-a1b9-e2bbfc86a587); Time taken: 1.279 seconds
2024-04-24T05:21:24,201  INFO [main] lockmgr.DbTxnManager: Stopped heartbeat for query: alex_20240424052122_895d5a0c-e7f5-490e-a1b9-e2bbfc86a587
2024-04-24T05:21:24,206  INFO [main] txn.TxnHandler: Expected to move at least one record from txn_components to completed_txn_components when committing txn! txnid:22
2024-04-24T05:21:24,212  INFO [main] txn.TxnHandler: Removed transactions: ([22]) from MIN_HISTORY_LEVEL
2024-04-24T05:21:24,213  WARN [main] txn.CompactionTxnHandler: No compaction queue record found for Compaction type transaction commit. txnId:22
2024-04-24T05:21:24,217  INFO [main] mapred.FileInputFormat: Total input files to process : 1
2024-04-24T05:21:24,218  INFO [main] exec.ListSinkOperator: Closing Operator: LIST_SINK[5]
2024-04-24T05:21:24,219  INFO [main] exec.ListSinkOperator: RECORDS_OUT_INTERMEDIATE:0, RECORDS_OUT_OPERATOR_LIST_SINK_5:8, 
2024-04-24T05:21:24,219  WARN [main] ql.TestTxnNoBuckets: after insert
2024-04-24T05:21:24,219  WARN [main] ql.TestTxnNoBuckets: {"writeid":1,"bucketid":536870912,"rowid":0}	6	6	6	file:/home/alex/Repositories/hive/ql/target/tmp/org.apache.hadoop.hive.ql.TestTxnNoBuckets-1713961246971/warehouse/nobuckets/c3=6/delta_0000001_0000001_0000/bucket_00000_0
2024-04-24T05:21:24,219  WARN [main] ql.TestTxnNoBuckets: {"writeid":1,"bucketid":536870912,"rowid":0}	3	3	3	file:/home/alex/Repositories/hive/ql/target/tmp/org.apache.hadoop.hive.ql.TestTxnNoBuckets-1713961246971/warehouse/nobuckets/c3=3/delta_0000001_0000001_0000/bucket_00000_0
2024-04-24T05:21:24,219  WARN [main] ql.TestTxnNoBuckets: {"writeid":1,"bucketid":536870912,"rowid":0}	5	5	5	file:/home/alex/Repositories/hive/ql/target/tmp/org.apache.hadoop.hive.ql.TestTxnNoBuckets-1713961246971/warehouse/nobuckets/c3=5/delta_0000001_0000001_0000/bucket_00000_0
2024-04-24T05:21:24,219  WARN [main] ql.TestTxnNoBuckets: {"writeid":1,"bucketid":536870912,"rowid":0}	0	0	0	file:/home/alex/Repositories/hive/ql/target/tmp/org.apache.hadoop.hive.ql.TestTxnNoBuckets-1713961246971/warehouse/nobuckets/c3=0/delta_0000001_0000001_0000/bucket_00000_0
2024-04-24T05:21:24,219  WARN [main] ql.TestTxnNoBuckets: {"writeid":1,"bucketid":536870912,"rowid":0}	2	2	2	file:/home/alex/Repositories/hive/ql/target/tmp/org.apache.hadoop.hive.ql.TestTxnNoBuckets-1713961246971/warehouse/nobuckets/c3=2/delta_0000001_0000001_0000/bucket_00000_0
2024-04-24T05:21:24,219  WARN [main] ql.TestTxnNoBuckets: {"writeid":1,"bucketid":536870912,"rowid":0}	1	1	1	file:/home/alex/Repositories/hive/ql/target/tmp/org.apache.hadoop.hive.ql.TestTxnNoBuckets-1713961246971/warehouse/nobuckets/c3=1/delta_0000001_0000001_0000/bucket_00000_0
2024-04-24T05:21:24,219  WARN [main] ql.TestTxnNoBuckets: {"writeid":1,"bucketid":536870912,"rowid":0}	4	4	4	file:/home/alex/Repositories/hive/ql/target/tmp/org.apache.hadoop.hive.ql.TestTxnNoBuckets-1713961246971/warehouse/nobuckets/c3=4/delta_0000001_0000001_0000/bucket_00000_0
2024-04-24T05:21:24,219  WARN [main] ql.TestTxnNoBuckets: {"writeid":1,"bucketid":536870912,"rowid":1}	3	3	3	file:/home/alex/Repositories/hive/ql/target/tmp/org.apache.hadoop.hive.ql.TestTxnNoBuckets-1713961246971/warehouse/nobuckets/c3=3/delta_0000001_0000001_0000/bucket_00000_0
2024-04-24T05:21:24,219  INFO [main] ql.TxnCommandsBaseForTests: Running the query: select * from nobuckets where c2 in (0,3)
2024-04-24T05:21:24,219  INFO [main] ql.Context: Deleting scratch dir: file:/home/alex/Repositories/hive/ql/target/tmp/localscratchdir/d5a4d20d-09e1-4bfd-b1f6-f0e7b6b7b109/hive_2024-04-24_05-21-22_759_382704502718597907-1
2024-04-24T05:21:24,219  INFO [main] cleanup.SyncCleanupService: Deleted directory: file:/home/alex/Repositories/hive/ql/target/tmp/localscratchdir/d5a4d20d-09e1-4bfd-b1f6-f0e7b6b7b109/hive_2024-04-24_05-21-22_759_382704502718597907-1 on fs with scheme file
2024-04-24T05:21:24,220  INFO [main] ql.Driver: Compiling command(queryId=alex_20240424052124_7120cb41-ff41-4c81-9230-a3c53b9fb12d): select * from nobuckets where c2 in (0,3)
2024-04-24T05:21:24,223  INFO [main] txn.TxnHandler: Added entries to MIN_HISTORY_LEVEL for current txns: ([23]) with min_open_txn: 23
2024-04-24T05:21:24,223  INFO [main] lockmgr.DbTxnManager: Opened txnid:23
2024-04-24T05:21:24,224  INFO [main] parse.CalcitePlanner: Starting caching scope for: 
2024-04-24T05:21:24,224  INFO [main] parse.CalcitePlanner: Starting Semantic Analysis
2024-04-24T05:21:24,227  INFO [main] parse.CalcitePlanner: Completed phase 1 of Semantic Analysis
2024-04-24T05:21:24,227  INFO [main] parse.CalcitePlanner: Get metadata for source tables
2024-04-24T05:21:24,228  INFO [main] HiveMetaStore.audit: ugi=alex	ip=unknown-ip-addr	cmd=get_table : tbl=hive.default.nobuckets	
2024-04-24T05:21:24,234  INFO [main] metastore.HMSHandler: Skipping translation for processor with null
2024-04-24T05:21:24,235  INFO [main] parse.CalcitePlanner: Get metadata for subqueries
2024-04-24T05:21:24,235  INFO [main] parse.CalcitePlanner: Get metadata for destination tables
2024-04-24T05:21:24,235  INFO [main] parse.CalcitePlanner: Completed getting MetaData in Semantic Analysis
2024-04-24T05:21:24,247  INFO [main] HiveMetaStore.audit: ugi=alex	ip=unknown-ip-addr	cmd=get_all_table_constraints : tbl=hive.default.nobuckets	
2024-04-24T05:21:24,277  INFO [main] HiveMetaStore.audit: ugi=alex	ip=unknown-ip-addr	cmd=get_partitions : tbl=hive.default.nobuckets	
2024-04-24T05:21:24,296  INFO [main] calcite.RelOptHiveTable: Calculating column statistics for default.nobuckets, projIndxSet: [0, 1, 2], allowMissingStats: true
2024-04-24T05:21:24,297  INFO [main] HiveMetaStore.audit: ugi=alex	ip=unknown-ip-addr	cmd=get_aggr_stats_for: table=hive.default.nobuckets	
2024-04-24T05:21:24,312  WARN [main] calcite.RelOptHiveTable: No Stats for default@nobuckets, Columns: c2, c1
No Stats for default@nobuckets, Columns: c2, c1
2024-04-24T05:21:24,312  INFO [main] SessionState: No Stats for default@nobuckets, Columns: c2, c1
2024-04-24T05:21:24,389  INFO [main] parse.CalcitePlanner: Get metadata for source tables
2024-04-24T05:21:24,390  INFO [main] parse.CalcitePlanner: Get metadata for subqueries
2024-04-24T05:21:24,390  INFO [main] parse.CalcitePlanner: Get metadata for destination tables
2024-04-24T05:21:24,392  INFO [main] common.FileUtils: Creating directory if it doesn't exist: file:/home/alex/Repositories/hive/ql/target/tmp/localscratchdir/d5a4d20d-09e1-4bfd-b1f6-f0e7b6b7b109/hive_2024-04-24_05-21-24_220_346733209129986477-1/-mr-10001/.hive-staging_hive_2024-04-24_05-21-24_220_346733209129986477-1
2024-04-24T05:21:24,399  INFO [main] parse.CalcitePlanner: CBO Succeeded; optimized logical plan.
2024-04-24T05:21:24,406  INFO [main] optimizer.BucketVersionPopulator: not considering bucketingVersion for: TS[0] because it has -1<2 buckets 
2024-04-24T05:21:24,407  INFO [main] optimizer.SortedDynPartitionOptimizer: Sorted dynamic partitioning optimization kicked in..
2024-04-24T05:21:24,417  INFO [main] parse.CalcitePlanner: Completed plan generation
2024-04-24T05:21:24,417  INFO [main] parse.CalcitePlanner: Ending caching scope for: 
2024-04-24T05:21:24,417  INFO [main] ql.Driver: Semantic Analysis Completed (retrial = false)
2024-04-24T05:21:24,417  INFO [main] ql.Driver: Created Hive schema: Schema(fieldSchemas:[FieldSchema(name:nobuckets.c1, type:int, comment:null), FieldSchema(name:nobuckets.c2, type:int, comment:null), FieldSchema(name:nobuckets.c3, type:int, comment:null)], properties:null)
2024-04-24T05:21:24,418  INFO [main] exec.ListSinkOperator: Initializing Operator: LIST_SINK[5]
2024-04-24T05:21:24,419  INFO [main] metadata.Hive: Dumping metastore api call timing information for : compilation phase
2024-04-24T05:21:24,419  INFO [main] metadata.Hive: Total time spent in each metastore function (ms): {commitTxn_(CommitTxnRequest)=11, getValidTxns_(long)=1, getTable_(GetTableRequest)=7, listPartitions_(String, String, short)=16, getValidWriteIds_(List, String)=4, flushCache_()=0, getAllTableConstraints_(AllTableConstraintsRequest)=5, openTxn_(String, TxnType)=2, getAggrColStatsFor_(String, String, List, List, String, String)=14, isCompatibleWith_(Configuration)=2}
2024-04-24T05:21:24,419  INFO [main] ql.Driver: Completed compiling command(queryId=alex_20240424052124_7120cb41-ff41-4c81-9230-a3c53b9fb12d); Time taken: 0.199 seconds
2024-04-24T05:21:24,419  INFO [main] lockmgr.DbTxnManager: Setting lock request transaction to txnid:23 for queryId=alex_20240424052124_7120cb41-ff41-4c81-9230-a3c53b9fb12d
2024-04-24T05:21:24,421  INFO [main] lockmgr.DbLockManager: Requesting lock for queryId=alex_20240424052124_7120cb41-ff41-4c81-9230-a3c53b9fb12d
2024-04-24T05:21:24,438  INFO [main] lockmgr.DbLockManager: Response to queryId=alex_20240424052124_7120cb41-ff41-4c81-9230-a3c53b9fb12d LockResponse(lockid:15, state:ACQUIRED)
2024-04-24T05:21:24,438  INFO [main] ql.Driver: Operation QUERY obtained 1 locks
2024-04-24T05:21:24,438  INFO [main] ql.Driver: Executing command(queryId=alex_20240424052124_7120cb41-ff41-4c81-9230-a3c53b9fb12d): select * from nobuckets where c2 in (0,3)
2024-04-24T05:21:24,439  WARN [main] ql.Driver: Hive-on-MR is deprecated in Hive 2 and may not be available in the future versions. Consider using a different execution engine (i.e. spark, tez) or using Hive 1.X releases.
Query ID = alex_20240424052124_7120cb41-ff41-4c81-9230-a3c53b9fb12d
2024-04-24T05:21:24,439  INFO [main] ql.Driver: Query ID = alex_20240424052124_7120cb41-ff41-4c81-9230-a3c53b9fb12d
Total jobs = 1
2024-04-24T05:21:24,439  INFO [main] ql.Driver: Total jobs = 1
Launching Job 1 out of 1
2024-04-24T05:21:24,439  INFO [main] ql.Driver: Launching Job 1 out of 1
2024-04-24T05:21:24,558  INFO [main] ql.Driver: Starting task [Stage-1:MAPRED] in serial mode
Number of reduce tasks is set to 0 since there's no reduce operator
2024-04-24T05:21:24,558  INFO [main] exec.Task: Number of reduce tasks is set to 0 since there's no reduce operator
2024-04-24T05:21:24,560  INFO [main] mr.ExecDriver: Using org.apache.hadoop.hive.ql.io.HiveInputFormat
2024-04-24T05:21:24,560  INFO [main] exec.Utilities: Processing alias nobuckets
2024-04-24T05:21:24,560  INFO [main] exec.Utilities: Adding 7 inputs; the first input is file:/home/alex/Repositories/hive/ql/target/tmp/org.apache.hadoop.hive.ql.TestTxnNoBuckets-1713961246971/warehouse/nobuckets/c3=0
2024-04-24T05:21:24,570  INFO [main] exec.SerializationUtilities: Serializing MapWork using kryo
2024-04-24T05:21:24,571  INFO [main] exec.Utilities: Serialized plan (via FILE) - name: null size: 7,99KB
2024-04-24T05:21:24,572  WARN [main] impl.MetricsSystemImpl: JobTracker metrics system already initialized!
2024-04-24T05:21:24,577  WARN [main] impl.MetricsSystemImpl: JobTracker metrics system already initialized!
2024-04-24T05:21:24,584  WARN [main] mapreduce.JobResourceUploader: Hadoop command-line option parsing not performed. Implement the Tool interface and execute your application with ToolRunner to remedy this.
2024-04-24T05:21:24,588  WARN [main] mapreduce.JobResourceUploader: No job jar file set.  User classes may not be found. See Job or Job#setJar(String).
2024-04-24T05:21:24,590  INFO [main] io.HiveInputFormat: hive.io.file.readcolumn.ids = 0,1
2024-04-24T05:21:24,590  INFO [main] io.HiveInputFormat: hive.io.file.readcolumn.names = c1,c2
2024-04-24T05:21:24,590  INFO [main] io.HiveInputFormat: Generating splits for dirs: file:/home/alex/Repositories/hive/ql/target/tmp/org.apache.hadoop.hive.ql.TestTxnNoBuckets-1713961246971/warehouse/nobuckets/c3=0
2024-04-24T05:21:24,591  INFO [main] orc.OrcInputFormat: getSplits started
2024-04-24T05:21:24,591  INFO [main] orc.OrcInputFormat: Context:: isAcid: true isVectorMode: false sarg: leaf-(IN c2 0 3) minSplitSize: 1 maxSplitSize: 256000000 splitStrategy: HYBRID footerInSplits: false numBuckets: 0 numThreads: 10 cacheMemSize: 268435456 cacheStripeDetails: true useSoftReference: false writeIdList: default.nobuckets:1:9223372036854775807:: isTransactionalTable: true txnProperties: default 
2024-04-24T05:21:24,591  INFO [main] orc.OrcInputFormat: ORC pushdown predicate: leaf-(IN c2 0 3)
2024-04-24T05:21:24,606  INFO [main] orc.OrcInputFormat: FooterCacheHitRatio: 7/7
2024-04-24T05:21:24,606  INFO [main] orc.OrcInputFormat: getSplits finished (#splits: 2). duration: 15 ms
2024-04-24T05:21:24,606  INFO [main] io.HiveInputFormat: number of splits 2
2024-04-24T05:21:24,624  INFO [main] mapreduce.JobSubmitter: number of splits:2
2024-04-24T05:21:24,643  INFO [main] mapreduce.JobSubmitter: Submitting tokens for job: job_local755606374_0014
2024-04-24T05:21:24,643  INFO [main] mapreduce.JobSubmitter: Executing with tokens: []
2024-04-24T05:21:24,722  INFO [main] mapreduce.Job: The url to track the job: http://localhost:8080/
Job running in-process (local Hadoop)
2024-04-24T05:21:24,722  INFO [main] exec.Task: Job running in-process (local Hadoop)
2024-04-24T05:21:24,722  INFO [Thread-998] mapred.LocalJobRunner: OutputCommitter set in config org.apache.hadoop.hive.ql.io.HiveFileFormatUtils$NullOutputCommitter
2024-04-24T05:21:24,722  INFO [Thread-998] mapred.LocalJobRunner: OutputCommitter is org.apache.hadoop.hive.ql.io.HiveFileFormatUtils$NullOutputCommitter
2024-04-24T05:21:24,724  INFO [Thread-998] mapred.LocalJobRunner: Waiting for map tasks
2024-04-24T05:21:24,724  INFO [LocalJobRunner Map Task Executor #0] mapred.LocalJobRunner: Starting task: attempt_local755606374_0014_m_000000_0
2024-04-24T05:21:24,725  INFO [LocalJobRunner Map Task Executor #0] mapred.Task:  Using ResourceCalculatorProcessTree : [ ]
2024-04-24T05:21:24,726  INFO [LocalJobRunner Map Task Executor #0] mapred.MapTask: Processing split: org.apache.hadoop.hive.ql.io.orc.OrcInputFormat:OrcSplit [file:/home/alex/Repositories/hive/ql/target/tmp/org.apache.hadoop.hive.ql.TestTxnNoBuckets-1713961246971/warehouse/nobuckets/c3=3/delta_0000001_0000001_0000/bucket_00000_0, start=3, length=314, isOriginal=false, fileLength=679, hasFooter=false, hasBase=true, deltas=0]
2024-04-24T05:21:24,726  INFO [LocalJobRunner Map Task Executor #0] exec.SerializationUtilities: Deserializing MapWork using kryo
2024-04-24T05:21:24,727  INFO [LocalJobRunner Map Task Executor #0] exec.Utilities: Deserialized plan (via FILE) - name: null size: 7,99KB
2024-04-24T05:21:24,729  INFO [LocalJobRunner Map Task Executor #0] orc.OrcInputFormat: ORC pushdown predicate: leaf-(IN c2 0 3)
2024-04-24T05:21:24,729  INFO [LocalJobRunner Map Task Executor #0] orc.OrcRawRecordMerger: min key = null, max key = null
2024-04-24T05:21:24,729  INFO [LocalJobRunner Map Task Executor #0] orc.ReaderImpl: Reading ORC rows from file:/home/alex/Repositories/hive/ql/target/tmp/org.apache.hadoop.hive.ql.TestTxnNoBuckets-1713961246971/warehouse/nobuckets/c3=3/delta_0000001_0000001_0000/bucket_00000_0 with {include: [true, true, true], offset: 3, length: 314, sarg: leaf-(IN c2 0 3), schema: struct<c1:int,c2:int>, includeAcidColumns: true}
2024-04-24T05:21:24,730  INFO [LocalJobRunner Map Task Executor #0] orc.OrcRawRecordMerger: updated min key = null, max key = null
2024-04-24T05:21:24,731  INFO [LocalJobRunner Map Task Executor #0] mapred.MapTask: numReduceTasks: 0
2024-04-24T05:21:24,731  INFO [LocalJobRunner Map Task Executor #0] exec.MapOperator: Initializing Operator: MAP[0]
2024-04-24T05:21:24,734  INFO [LocalJobRunner Map Task Executor #0] mr.ExecMapper: 
<MAP>Id =0
  <Children>null
  <\Children>
  <Parent><\Parent>
<\MAP>
2024-04-24T05:21:24,735  INFO [LocalJobRunner Map Task Executor #0] exec.TableScanOperator: Initializing Operator: TS[0]
2024-04-24T05:21:24,735  INFO [LocalJobRunner Map Task Executor #0] exec.FilterOperator: Initializing Operator: FIL[4]
2024-04-24T05:21:24,735  INFO [LocalJobRunner Map Task Executor #0] exec.SelectOperator: Initializing Operator: SEL[2]
2024-04-24T05:21:24,735  INFO [LocalJobRunner Map Task Executor #0] exec.SelectOperator: SELECT struct<c1:int,c2:int,c3:int>
2024-04-24T05:21:24,735  INFO [LocalJobRunner Map Task Executor #0] exec.FileSinkOperator: Initializing Operator: FS[3]
2024-04-24T05:21:24,736  INFO [LocalJobRunner Map Task Executor #0] exec.FileSinkOperator: Using serializer : class org.apache.hadoop.hive.serde2.lazy.LazySimpleSerDe [serdeParams=org.apache.hadoop.hive.serde2.lazy.LazySerDeParameters@a4b3f65, cachedObjectInspector=org.apache.hadoop.hive.serde2.lazy.objectinspector.LazySimpleStructObjectInspector<org.apache.hadoop.hive.serde2.lazy.objectinspector.primitive.LazyIntObjectInspector@cbf9cc1,org.apache.hadoop.hive.serde2.lazy.objectinspector.primitive.LazyIntObjectInspector@cbf9cc1,org.apache.hadoop.hive.serde2.lazy.objectinspector.primitive.LazyIntObjectInspector@cbf9cc1>, serializedSize=0, stats=org.apache.hadoop.hive.serde2.SerDeStats@672f35e7, lastOperationSerialize=false, lastOperationDeserialize=false [1, 2, 3, 4, 5, 6, 7, 8, 11, 14, 15, 16, 17, 18, 19, 20, 21, 22, 23, 24, 25, 26, 28, 29, 30, 31, -128, -127, -126, -125, -124, -123, -122, -121, -120, -119, -118, -117, -116, -115, -114, -113, -112, -111, -110, -109, -108, -107, -106, -105, -104, -103, -102, -101, -100, -99, -98, -97, -96, -95, -94, -93, -92, -91, -90, -89, -88, -87, -86, -85, -84, -83, -82, -81, -80, -79, -78, -77, -76, -75, -74, -73, -72, -71, -70, -69, -68, -67, -66, -65, -64, -63, -62, -61, -60, -59, -58, -57, -56, -55, -54, -53, -52, -51, -50, -49, -48, -47, -46, -45, -44, -43, -42, -41, -40, -39, -38, -37, -36, -35, -34, -33, -32, -31, -30, -29, -28, -27, -26, -25, -24, -23, -22, -21, -20, -19, -18, -17, -16, -15, -14, -13, -12, -11, -10, -9, -8, -7, -6, -5, -4, -3, -2, -1] : [_col0, _col1, _col2] : [int, int, int]] and formatter : org.apache.hadoop.hive.ql.io.HiveSequenceFileOutputFormat@59461cca
2024-04-24T05:21:24,737  INFO [LocalJobRunner Map Task Executor #0] exec.FileSinkOperator: Final Path: FS file:/home/alex/Repositories/hive/ql/target/tmp/localscratchdir/d5a4d20d-09e1-4bfd-b1f6-f0e7b6b7b109/hive_2024-04-24_05-21-24_220_346733209129986477-1/-mr-10001/.hive-staging_hive_2024-04-24_05-21-24_220_346733209129986477-1/_tmp.-ext-10002/000000_0
2024-04-24T05:21:24,737  INFO [LocalJobRunner Map Task Executor #0] exec.FileSinkOperator: Writing to temp file: FS file:/home/alex/Repositories/hive/ql/target/tmp/localscratchdir/d5a4d20d-09e1-4bfd-b1f6-f0e7b6b7b109/hive_2024-04-24_05-21-24_220_346733209129986477-1/-mr-10001/.hive-staging_hive_2024-04-24_05-21-24_220_346733209129986477-1/_task_tmp.-ext-10002/_tmp.000000_0
2024-04-24T05:21:24,737  INFO [LocalJobRunner Map Task Executor #0] exec.FileSinkOperator: New Final Path: FS file:/home/alex/Repositories/hive/ql/target/tmp/localscratchdir/d5a4d20d-09e1-4bfd-b1f6-f0e7b6b7b109/hive_2024-04-24_05-21-24_220_346733209129986477-1/-mr-10001/.hive-staging_hive_2024-04-24_05-21-24_220_346733209129986477-1/_tmp.-ext-10002/000000_0
2024-04-24T05:21:24,744  INFO [LocalJobRunner Map Task Executor #0] exec.FileSinkOperator: FS[3]: records written - 1
2024-04-24T05:21:24,744  INFO [LocalJobRunner Map Task Executor #0] exec.MapOperator: MAP[0]: records read - 1
2024-04-24T05:21:24,744  INFO [LocalJobRunner Map Task Executor #0] exec.MapOperator: Closing Operator: MAP[0]
2024-04-24T05:21:24,744  INFO [LocalJobRunner Map Task Executor #0] exec.MapOperator: MAP[0]: Total records read - 2. abort - false
2024-04-24T05:21:24,744  INFO [LocalJobRunner Map Task Executor #0] exec.MapOperator: DESERIALIZE_ERRORS:0, RECORDS_IN:2, RECORDS_OUT_OPERATOR_MAP_0:0, RECORDS_OUT_INTERMEDIATE:0, 
2024-04-24T05:21:24,744  INFO [LocalJobRunner Map Task Executor #0] exec.TableScanOperator: Closing Operator: TS[0]
2024-04-24T05:21:24,744  INFO [LocalJobRunner Map Task Executor #0] exec.TableScanOperator: RECORDS_OUT_OPERATOR_TS_0:2, RECORDS_OUT_INTERMEDIATE:0, 
2024-04-24T05:21:24,744  INFO [LocalJobRunner Map Task Executor #0] exec.FilterOperator: Closing Operator: FIL[4]
2024-04-24T05:21:24,744  INFO [LocalJobRunner Map Task Executor #0] exec.FilterOperator: RECORDS_OUT_OPERATOR_FIL_4:2, RECORDS_OUT_INTERMEDIATE:0, 
2024-04-24T05:21:24,744  INFO [LocalJobRunner Map Task Executor #0] exec.SelectOperator: Closing Operator: SEL[2]
2024-04-24T05:21:24,744  INFO [LocalJobRunner Map Task Executor #0] exec.SelectOperator: RECORDS_OUT_OPERATOR_SEL_2:2, RECORDS_OUT_INTERMEDIATE:0, 
2024-04-24T05:21:24,744  INFO [LocalJobRunner Map Task Executor #0] exec.FileSinkOperator: Closing Operator: FS[3]
2024-04-24T05:21:24,744  INFO [LocalJobRunner Map Task Executor #0] exec.FileSinkOperator: FS[3]: records written - 2
2024-04-24T05:21:24,744  INFO [LocalJobRunner Map Task Executor #0] exec.FileSinkOperator: RECORDS_OUT_OPERATOR_FS_3:2, RECORDS_OUT_0:2, RECORDS_OUT_INTERMEDIATE:0, 
2024-04-24T05:21:24,745  INFO [LocalJobRunner Map Task Executor #0] mapred.LocalJobRunner: 
2024-04-24T05:21:24,745  INFO [LocalJobRunner Map Task Executor #0] mapred.Task: Task:attempt_local755606374_0014_m_000000_0 is done. And is in the process of committing
2024-04-24T05:21:24,745  INFO [LocalJobRunner Map Task Executor #0] mapred.LocalJobRunner: OrcSplit [file:/home/alex/Repositories/hive/ql/target/tmp/org.apache.hadoop.hive.ql.TestTxnNoBuckets-1713961246971/warehouse/nobuckets/c3=3/delta_0000001_0000001_0000/bucket_00000_0, start=3, length=314, isOriginal=false, fileLength=679, hasFooter=false, hasBase=true, deltas=0]
2024-04-24T05:21:24,745  INFO [LocalJobRunner Map Task Executor #0] mapred.Task: Task 'attempt_local755606374_0014_m_000000_0' done.
2024-04-24T05:21:24,746  INFO [LocalJobRunner Map Task Executor #0] mapred.Task: Final Counters for attempt_local755606374_0014_m_000000_0: Counters: 25
	File System Counters
		FILE: Number of bytes read=374556
		FILE: Number of bytes written=16518517
		FILE: Number of read operations=0
		FILE: Number of large read operations=0
		FILE: Number of write operations=0
	Map-Reduce Framework
		Map input records=2
		Map output records=0
		Input split bytes=511
		Spilled Records=0
		Failed Shuffles=0
		Merged Map outputs=0
		GC time elapsed (ms)=0
		Total committed heap usage (bytes)=1120927744
	HIVE
		CREATED_FILES=1
		DESERIALIZE_ERRORS=0
		RECORDS_IN=2
		RECORDS_OUT_0=2
		RECORDS_OUT_INTERMEDIATE=0
		RECORDS_OUT_OPERATOR_FIL_4=2
		RECORDS_OUT_OPERATOR_FS_3=2
		RECORDS_OUT_OPERATOR_MAP_0=0
		RECORDS_OUT_OPERATOR_SEL_2=2
		RECORDS_OUT_OPERATOR_TS_0=2
	File Input Format Counters 
		Bytes Read=11560
	File Output Format Counters 
		Bytes Written=0
2024-04-24T05:21:24,746  INFO [LocalJobRunner Map Task Executor #0] mapred.LocalJobRunner: Finishing task: attempt_local755606374_0014_m_000000_0
2024-04-24T05:21:24,746  INFO [LocalJobRunner Map Task Executor #0] mapred.LocalJobRunner: Starting task: attempt_local755606374_0014_m_000001_0
2024-04-24T05:21:24,746  INFO [LocalJobRunner Map Task Executor #0] mapred.Task:  Using ResourceCalculatorProcessTree : [ ]
2024-04-24T05:21:24,747  INFO [LocalJobRunner Map Task Executor #0] mapred.MapTask: Processing split: org.apache.hadoop.hive.ql.io.orc.OrcInputFormat:OrcSplit [file:/home/alex/Repositories/hive/ql/target/tmp/org.apache.hadoop.hive.ql.TestTxnNoBuckets-1713961246971/warehouse/nobuckets/c3=0/delta_0000001_0000001_0000/bucket_00000_0, start=3, length=309, isOriginal=false, fileLength=651, hasFooter=false, hasBase=true, deltas=0]
2024-04-24T05:21:24,747  INFO [LocalJobRunner Map Task Executor #0] exec.SerializationUtilities: Deserializing MapWork using kryo
2024-04-24T05:21:24,747  INFO [LocalJobRunner Map Task Executor #0] exec.Utilities: Deserialized plan (via FILE) - name: null size: 7,99KB
2024-04-24T05:21:24,749  INFO [LocalJobRunner Map Task Executor #0] orc.OrcInputFormat: ORC pushdown predicate: leaf-(IN c2 0 3)
2024-04-24T05:21:24,749  INFO [LocalJobRunner Map Task Executor #0] orc.OrcRawRecordMerger: min key = null, max key = null
2024-04-24T05:21:24,749  INFO [LocalJobRunner Map Task Executor #0] orc.ReaderImpl: Reading ORC rows from file:/home/alex/Repositories/hive/ql/target/tmp/org.apache.hadoop.hive.ql.TestTxnNoBuckets-1713961246971/warehouse/nobuckets/c3=0/delta_0000001_0000001_0000/bucket_00000_0 with {include: [true, true, true], offset: 3, length: 309, sarg: leaf-(IN c2 0 3), schema: struct<c1:int,c2:int>, includeAcidColumns: true}
2024-04-24T05:21:24,750  INFO [LocalJobRunner Map Task Executor #0] orc.OrcRawRecordMerger: updated min key = null, max key = null
2024-04-24T05:21:24,750  INFO [LocalJobRunner Map Task Executor #0] mapred.MapTask: numReduceTasks: 0
2024-04-24T05:21:24,751  INFO [LocalJobRunner Map Task Executor #0] exec.MapOperator: Initializing Operator: MAP[0]
2024-04-24T05:21:24,753  INFO [LocalJobRunner Map Task Executor #0] mr.ExecMapper: 
<MAP>Id =0
  <Children>null
  <\Children>
  <Parent><\Parent>
<\MAP>
2024-04-24T05:21:24,754  INFO [LocalJobRunner Map Task Executor #0] exec.TableScanOperator: Initializing Operator: TS[0]
2024-04-24T05:21:24,754  INFO [LocalJobRunner Map Task Executor #0] exec.FilterOperator: Initializing Operator: FIL[4]
2024-04-24T05:21:24,754  INFO [LocalJobRunner Map Task Executor #0] exec.SelectOperator: Initializing Operator: SEL[2]
2024-04-24T05:21:24,754  INFO [LocalJobRunner Map Task Executor #0] exec.SelectOperator: SELECT struct<c1:int,c2:int,c3:int>
2024-04-24T05:21:24,754  INFO [LocalJobRunner Map Task Executor #0] exec.FileSinkOperator: Initializing Operator: FS[3]
2024-04-24T05:21:24,755  INFO [LocalJobRunner Map Task Executor #0] exec.FileSinkOperator: Using serializer : class org.apache.hadoop.hive.serde2.lazy.LazySimpleSerDe [serdeParams=org.apache.hadoop.hive.serde2.lazy.LazySerDeParameters@71bfa928, cachedObjectInspector=org.apache.hadoop.hive.serde2.lazy.objectinspector.LazySimpleStructObjectInspector<org.apache.hadoop.hive.serde2.lazy.objectinspector.primitive.LazyIntObjectInspector@cbf9cc1,org.apache.hadoop.hive.serde2.lazy.objectinspector.primitive.LazyIntObjectInspector@cbf9cc1,org.apache.hadoop.hive.serde2.lazy.objectinspector.primitive.LazyIntObjectInspector@cbf9cc1>, serializedSize=0, stats=org.apache.hadoop.hive.serde2.SerDeStats@49314832, lastOperationSerialize=false, lastOperationDeserialize=false [1, 2, 3, 4, 5, 6, 7, 8, 11, 14, 15, 16, 17, 18, 19, 20, 21, 22, 23, 24, 25, 26, 28, 29, 30, 31, -128, -127, -126, -125, -124, -123, -122, -121, -120, -119, -118, -117, -116, -115, -114, -113, -112, -111, -110, -109, -108, -107, -106, -105, -104, -103, -102, -101, -100, -99, -98, -97, -96, -95, -94, -93, -92, -91, -90, -89, -88, -87, -86, -85, -84, -83, -82, -81, -80, -79, -78, -77, -76, -75, -74, -73, -72, -71, -70, -69, -68, -67, -66, -65, -64, -63, -62, -61, -60, -59, -58, -57, -56, -55, -54, -53, -52, -51, -50, -49, -48, -47, -46, -45, -44, -43, -42, -41, -40, -39, -38, -37, -36, -35, -34, -33, -32, -31, -30, -29, -28, -27, -26, -25, -24, -23, -22, -21, -20, -19, -18, -17, -16, -15, -14, -13, -12, -11, -10, -9, -8, -7, -6, -5, -4, -3, -2, -1] : [_col0, _col1, _col2] : [int, int, int]] and formatter : org.apache.hadoop.hive.ql.io.HiveSequenceFileOutputFormat@1dc9495d
2024-04-24T05:21:24,755  INFO [LocalJobRunner Map Task Executor #0] exec.FileSinkOperator: Final Path: FS file:/home/alex/Repositories/hive/ql/target/tmp/localscratchdir/d5a4d20d-09e1-4bfd-b1f6-f0e7b6b7b109/hive_2024-04-24_05-21-24_220_346733209129986477-1/-mr-10001/.hive-staging_hive_2024-04-24_05-21-24_220_346733209129986477-1/_tmp.-ext-10002/000001_0
2024-04-24T05:21:24,755  INFO [LocalJobRunner Map Task Executor #0] exec.FileSinkOperator: Writing to temp file: FS file:/home/alex/Repositories/hive/ql/target/tmp/localscratchdir/d5a4d20d-09e1-4bfd-b1f6-f0e7b6b7b109/hive_2024-04-24_05-21-24_220_346733209129986477-1/-mr-10001/.hive-staging_hive_2024-04-24_05-21-24_220_346733209129986477-1/_task_tmp.-ext-10002/_tmp.000001_0
2024-04-24T05:21:24,755  INFO [LocalJobRunner Map Task Executor #0] exec.FileSinkOperator: New Final Path: FS file:/home/alex/Repositories/hive/ql/target/tmp/localscratchdir/d5a4d20d-09e1-4bfd-b1f6-f0e7b6b7b109/hive_2024-04-24_05-21-24_220_346733209129986477-1/-mr-10001/.hive-staging_hive_2024-04-24_05-21-24_220_346733209129986477-1/_tmp.-ext-10002/000001_0
2024-04-24T05:21:24,760  INFO [LocalJobRunner Map Task Executor #0] exec.FileSinkOperator: FS[3]: records written - 1
2024-04-24T05:21:24,760  INFO [LocalJobRunner Map Task Executor #0] exec.MapOperator: MAP[0]: records read - 1
2024-04-24T05:21:24,760  INFO [LocalJobRunner Map Task Executor #0] exec.MapOperator: Closing Operator: MAP[0]
2024-04-24T05:21:24,760  INFO [LocalJobRunner Map Task Executor #0] exec.MapOperator: MAP[0]: Total records read - 1. abort - false
2024-04-24T05:21:24,760  INFO [LocalJobRunner Map Task Executor #0] exec.MapOperator: RECORDS_OUT_OPERATOR_MAP_0:0, RECORDS_OUT_INTERMEDIATE:0, DESERIALIZE_ERRORS:0, RECORDS_IN:1, 
2024-04-24T05:21:24,760  INFO [LocalJobRunner Map Task Executor #0] exec.TableScanOperator: Closing Operator: TS[0]
2024-04-24T05:21:24,760  INFO [LocalJobRunner Map Task Executor #0] exec.TableScanOperator: RECORDS_OUT_OPERATOR_TS_0:1, RECORDS_OUT_INTERMEDIATE:0, 
2024-04-24T05:21:24,760  INFO [LocalJobRunner Map Task Executor #0] exec.FilterOperator: Closing Operator: FIL[4]
2024-04-24T05:21:24,760  INFO [LocalJobRunner Map Task Executor #0] exec.FilterOperator: RECORDS_OUT_INTERMEDIATE:0, RECORDS_OUT_OPERATOR_FIL_4:1, 
2024-04-24T05:21:24,760  INFO [LocalJobRunner Map Task Executor #0] exec.SelectOperator: Closing Operator: SEL[2]
2024-04-24T05:21:24,761  INFO [LocalJobRunner Map Task Executor #0] exec.SelectOperator: RECORDS_OUT_OPERATOR_SEL_2:1, RECORDS_OUT_INTERMEDIATE:0, 
2024-04-24T05:21:24,761  INFO [LocalJobRunner Map Task Executor #0] exec.FileSinkOperator: Closing Operator: FS[3]
2024-04-24T05:21:24,761  INFO [LocalJobRunner Map Task Executor #0] exec.FileSinkOperator: FS[3]: records written - 1
2024-04-24T05:21:24,761  INFO [LocalJobRunner Map Task Executor #0] exec.FileSinkOperator: RECORDS_OUT_INTERMEDIATE:0, RECORDS_OUT_OPERATOR_FS_3:1, RECORDS_OUT_0:1, 
2024-04-24T05:21:24,761  INFO [LocalJobRunner Map Task Executor #0] mapred.LocalJobRunner: 
2024-04-24T05:21:24,762  INFO [LocalJobRunner Map Task Executor #0] mapred.Task: Task:attempt_local755606374_0014_m_000001_0 is done. And is in the process of committing
2024-04-24T05:21:24,762  INFO [LocalJobRunner Map Task Executor #0] mapred.LocalJobRunner: OrcSplit [file:/home/alex/Repositories/hive/ql/target/tmp/org.apache.hadoop.hive.ql.TestTxnNoBuckets-1713961246971/warehouse/nobuckets/c3=0/delta_0000001_0000001_0000/bucket_00000_0, start=3, length=309, isOriginal=false, fileLength=651, hasFooter=false, hasBase=true, deltas=0]
2024-04-24T05:21:24,762  INFO [LocalJobRunner Map Task Executor #0] mapred.Task: Task 'attempt_local755606374_0014_m_000001_0' done.
2024-04-24T05:21:24,762  INFO [LocalJobRunner Map Task Executor #0] mapred.Task: Final Counters for attempt_local755606374_0014_m_000001_0: Counters: 25
	File System Counters
		FILE: Number of bytes read=386513
		FILE: Number of bytes written=16518634
		FILE: Number of read operations=0
		FILE: Number of large read operations=0
		FILE: Number of write operations=0
	Map-Reduce Framework
		Map input records=1
		Map output records=0
		Input split bytes=511
		Spilled Records=0
		Failed Shuffles=0
		Merged Map outputs=0
		GC time elapsed (ms)=0
		Total committed heap usage (bytes)=1120927744
	HIVE
		CREATED_FILES=1
		DESERIALIZE_ERRORS=0
		RECORDS_IN=1
		RECORDS_OUT_0=1
		RECORDS_OUT_INTERMEDIATE=0
		RECORDS_OUT_OPERATOR_FIL_4=1
		RECORDS_OUT_OPERATOR_FS_3=1
		RECORDS_OUT_OPERATOR_MAP_0=0
		RECORDS_OUT_OPERATOR_SEL_2=1
		RECORDS_OUT_OPERATOR_TS_0=1
	File Input Format Counters 
		Bytes Read=11420
	File Output Format Counters 
		Bytes Written=0
2024-04-24T05:21:24,762  INFO [LocalJobRunner Map Task Executor #0] mapred.LocalJobRunner: Finishing task: attempt_local755606374_0014_m_000001_0
2024-04-24T05:21:24,762  INFO [Thread-998] mapred.LocalJobRunner: map task executor complete.
2024-04-24 05:21:25,724 Stage-1 map = 100%,  reduce = 0%
2024-04-24T05:21:25,724  INFO [main] exec.Task: 2024-04-24 05:21:25,724 Stage-1 map = 100%,  reduce = 0%
Ended Job = job_local755606374_0014
2024-04-24T05:21:25,726  INFO [main] exec.Task: Ended Job = job_local755606374_0014
2024-04-24T05:21:25,729  INFO [main] metadata.Hive: Dumping metastore api call timing information for : execution phase
2024-04-24T05:21:25,729  INFO [main] metadata.Hive: Total time spent in each metastore function (ms): {}
MapReduce Jobs Launched: 
2024-04-24T05:21:25,729  INFO [main] ql.Driver: MapReduce Jobs Launched: 
Stage-Stage-1:  HDFS Read: 0 HDFS Write: 0 SUCCESS
2024-04-24T05:21:25,729  INFO [main] ql.Driver: Stage-Stage-1:  HDFS Read: 0 HDFS Write: 0 SUCCESS
Total MapReduce CPU Time Spent: 0 msec
2024-04-24T05:21:25,729  INFO [main] ql.Driver: Total MapReduce CPU Time Spent: 0 msec
2024-04-24T05:21:25,729  INFO [main] ql.Driver: Completed executing command(queryId=alex_20240424052124_7120cb41-ff41-4c81-9230-a3c53b9fb12d); Time taken: 1.291 seconds
2024-04-24T05:21:25,729  INFO [main] lockmgr.DbTxnManager: Stopped heartbeat for query: alex_20240424052124_7120cb41-ff41-4c81-9230-a3c53b9fb12d
2024-04-24T05:21:25,734  INFO [main] txn.TxnHandler: Expected to move at least one record from txn_components to completed_txn_components when committing txn! txnid:23
2024-04-24T05:21:25,740  INFO [main] txn.TxnHandler: Removed transactions: ([23]) from MIN_HISTORY_LEVEL
2024-04-24T05:21:25,740  WARN [main] txn.CompactionTxnHandler: No compaction queue record found for Compaction type transaction commit. txnId:23
2024-04-24T05:21:25,747  INFO [main] mapred.FileInputFormat: Total input files to process : 2
2024-04-24T05:21:25,748  INFO [main] exec.ListSinkOperator: Closing Operator: LIST_SINK[5]
2024-04-24T05:21:25,749  INFO [main] exec.ListSinkOperator: RECORDS_OUT_OPERATOR_LIST_SINK_5:3, RECORDS_OUT_INTERMEDIATE:0, 
2024-04-24T05:21:25,749  INFO [main] ql.TxnCommandsBaseForTests: Running the query: update nobuckets set c2 = 17 where c2 in(0,3)
2024-04-24T05:21:25,749  INFO [main] ql.Context: Deleting scratch dir: file:/home/alex/Repositories/hive/ql/target/tmp/localscratchdir/d5a4d20d-09e1-4bfd-b1f6-f0e7b6b7b109/hive_2024-04-24_05-21-24_220_346733209129986477-1
2024-04-24T05:21:25,749  INFO [main] cleanup.SyncCleanupService: Deleted directory: file:/home/alex/Repositories/hive/ql/target/tmp/localscratchdir/d5a4d20d-09e1-4bfd-b1f6-f0e7b6b7b109/hive_2024-04-24_05-21-24_220_346733209129986477-1 on fs with scheme file
2024-04-24T05:21:25,750  INFO [main] ql.Driver: Compiling command(queryId=alex_20240424052125_ff48e613-6454-4c75-811b-595e1425a47d): update nobuckets set c2 = 17 where c2 in(0,3)
2024-04-24T05:21:25,754  INFO [main] txn.TxnHandler: Added entries to MIN_HISTORY_LEVEL for current txns: ([24]) with min_open_txn: 24
2024-04-24T05:21:25,754  INFO [main] lockmgr.DbTxnManager: Opened txnid:24
2024-04-24T05:21:25,755  INFO [main] parse.UpdateDeleteSemanticAnalyzer: Starting caching scope for: 
2024-04-24T05:21:25,755  INFO [main] HiveMetaStore.audit: ugi=alex	ip=unknown-ip-addr	cmd=get_table : tbl=hive.default.nobuckets	
2024-04-24T05:21:25,762  INFO [main] metastore.HMSHandler: Skipping translation for processor with null
2024-04-24T05:21:25,763  INFO [main] parse.RewriteSemanticAnalyzer: Going to reparse <update nobuckets set c2 = 17 where c2 in(0,3)> as 
<insert into table `default`.`nobuckets` partition (`c3`) select ROW__ID,`c1`,`c2`, `c3` from `default`.`nobuckets` sort by ROW__ID >
2024-04-24T05:21:25,764  INFO [main] parse.UpdateDeleteSemanticAnalyzer: Starting Semantic Analysis
2024-04-24T05:21:25,767  INFO [main] HiveMetaStore.audit: ugi=alex	ip=unknown-ip-addr	cmd=get_table : tbl=hive.default.nobuckets	
2024-04-24T05:21:25,774  INFO [main] metastore.HMSHandler: Skipping translation for processor with null
2024-04-24T05:21:25,774  INFO [main] parse.UpdateDeleteSemanticAnalyzer: Completed phase 1 of Semantic Analysis
2024-04-24T05:21:25,774  INFO [main] parse.UpdateDeleteSemanticAnalyzer: Get metadata for source tables
2024-04-24T05:21:25,774  INFO [main] parse.UpdateDeleteSemanticAnalyzer: Get metadata for subqueries
2024-04-24T05:21:25,774  INFO [main] parse.UpdateDeleteSemanticAnalyzer: Get metadata for destination tables
2024-04-24T05:21:25,774  INFO [main] HiveMetaStore.audit: ugi=alex	ip=unknown-ip-addr	cmd=get_table : tbl=hive.default.nobuckets	
2024-04-24T05:21:25,785  INFO [main] metastore.HMSHandler: Skipping translation for processor with null
2024-04-24T05:21:25,785  WARN [main] parse.BaseSemanticAnalyzer: Dynamic partitioning is used; only validating 0 columns
2024-04-24T05:21:25,785  INFO [main] parse.UpdateDeleteSemanticAnalyzer: Completed getting MetaData in Semantic Analysis
2024-04-24T05:21:25,785  INFO [main] parse.UpdateDeleteSemanticAnalyzer: Disabling LLAP IO encode as ETL query is detected
2024-04-24T05:21:25,799  INFO [main] HiveMetaStore.audit: ugi=alex	ip=unknown-ip-addr	cmd=get_all_table_constraints : tbl=hive.default.nobuckets	
2024-04-24T05:21:25,806  INFO [main] HiveMetaStore.audit: ugi=alex	ip=unknown-ip-addr	cmd=get_not_null_constraints : tbl=hive.default.nobuckets	
2024-04-24T05:21:25,808  INFO [main] HiveMetaStore.audit: ugi=alex	ip=unknown-ip-addr	cmd=get_check_constraints : tbl=hive.default.nobuckets	
2024-04-24T05:21:25,890  INFO [main] HiveMetaStore.audit: ugi=alex	ip=unknown-ip-addr	cmd=get_partitions : tbl=hive.default.nobuckets	
2024-04-24T05:21:25,906  INFO [main] calcite.RelOptHiveTable: Calculating column statistics for default.nobuckets, projIndxSet: [0, 1, 2], allowMissingStats: true
2024-04-24T05:21:25,906  INFO [main] HiveMetaStore.audit: ugi=alex	ip=unknown-ip-addr	cmd=get_aggr_stats_for: table=hive.default.nobuckets	
2024-04-24T05:21:25,918  WARN [main] calcite.RelOptHiveTable: No Stats for default@nobuckets, Columns: c2, c1
No Stats for default@nobuckets, Columns: c2, c1
2024-04-24T05:21:25,918  INFO [main] SessionState: No Stats for default@nobuckets, Columns: c2, c1
2024-04-24T05:21:25,994  INFO [main] parse.UpdateDeleteSemanticAnalyzer: Get metadata for source tables
2024-04-24T05:21:25,994  INFO [main] parse.UpdateDeleteSemanticAnalyzer: Get metadata for subqueries
2024-04-24T05:21:25,994  INFO [main] parse.UpdateDeleteSemanticAnalyzer: Get metadata for destination tables
2024-04-24T05:21:25,995  INFO [main] HiveMetaStore.audit: ugi=alex	ip=unknown-ip-addr	cmd=get_table : tbl=hive.default.nobuckets	
2024-04-24T05:21:26,003  INFO [main] metastore.HMSHandler: Skipping translation for processor with null
2024-04-24T05:21:26,003  WARN [main] parse.BaseSemanticAnalyzer: Dynamic partitioning is used; only validating 0 columns
2024-04-24T05:21:26,012 ERROR [main] parse.UpdateDeleteSemanticAnalyzer: CBO failed, skipping CBO. 
org.apache.hadoop.hive.ql.exec.NoMatchingMethodException: No matching method for class org.apache.hadoop.hive.ql.udf.UDFToInteger with (struct<writeid:bigint,bucketid:int,rowid:bigint>). Possible choices: _FUNC_(bigint)  _FUNC_(boolean)  _FUNC_(decimal(38,18))  _FUNC_(double)  _FUNC_(float)  _FUNC_(smallint)  _FUNC_(string)  _FUNC_(struct<bucketid:int,rowid:bigint,writeid:bigint>)  _FUNC_(timestamp)  _FUNC_(tinyint)  _FUNC_(void)  
	at org.apache.hadoop.hive.ql.exec.MethodUtils.getMethodInternal(MethodUtils.java:130) ~[classes/:?]
	at org.apache.hadoop.hive.ql.exec.MethodUtils.getMethodInternal(MethodUtils.java:60) ~[classes/:?]
	at org.apache.hadoop.hive.ql.exec.DefaultUDFMethodResolver.getEvalMethod(DefaultUDFMethodResolver.java:59) ~[classes/:?]
	at org.apache.hadoop.hive.ql.udf.TimestampCastRestrictorResolver.getEvalMethod(TimestampCastRestrictorResolver.java:68) ~[classes/:?]
	at org.apache.hadoop.hive.ql.udf.generic.GenericUDFBridge.initialize(GenericUDFBridge.java:168) ~[classes/:?]
	at org.apache.hadoop.hive.ql.udf.generic.GenericUDF.initializeAndFoldConstants(GenericUDF.java:149) ~[classes/:?]
	at org.apache.hadoop.hive.ql.plan.ExprNodeGenericFuncDesc.newInstance(ExprNodeGenericFuncDesc.java:235) ~[classes/:?]
	at org.apache.hadoop.hive.ql.parse.type.ExprNodeDescExprFactory.createFuncCallExpr(ExprNodeDescExprFactory.java:584) ~[classes/:?]
	at org.apache.hadoop.hive.ql.parse.type.ExprNodeDescExprFactory.createFuncCallExpr(ExprNodeDescExprFactory.java:97) ~[classes/:?]
	at org.apache.hadoop.hive.ql.parse.type.TypeCheckProcFactory$DefaultExprProcessor.getFuncExprNodeDescWithUdfData(TypeCheckProcFactory.java:762) ~[classes/:?]
	at org.apache.hadoop.hive.ql.parse.type.TypeCheckProcFactory$DefaultExprProcessor.createConversionCast(TypeCheckProcFactory.java:783) ~[classes/:?]
	at org.apache.hadoop.hive.ql.parse.SemanticAnalyzer.getPartitionColsFromBucketColsForUpdateDelete(SemanticAnalyzer.java:8725) ~[classes/:?]
	at org.apache.hadoop.hive.ql.parse.SemanticAnalyzer.genBucketingSortingDest(SemanticAnalyzer.java:6914) ~[classes/:?]
	at org.apache.hadoop.hive.ql.parse.SemanticAnalyzer.genFileSinkPlan(SemanticAnalyzer.java:7335) ~[classes/:?]
	at org.apache.hadoop.hive.ql.parse.SemanticAnalyzer.genPostGroupByBodyPlan(SemanticAnalyzer.java:11063) ~[classes/:?]
	at org.apache.hadoop.hive.ql.parse.SemanticAnalyzer.genBodyPlan(SemanticAnalyzer.java:10938) ~[classes/:?]
	at org.apache.hadoop.hive.ql.parse.SemanticAnalyzer.genPlan(SemanticAnalyzer.java:11853) ~[classes/:?]
	at org.apache.hadoop.hive.ql.parse.SemanticAnalyzer.genPlan(SemanticAnalyzer.java:11723) ~[classes/:?]
	at org.apache.hadoop.hive.ql.parse.CalcitePlanner.genOPTree(CalcitePlanner.java:626) ~[classes/:?]
	at org.apache.hadoop.hive.ql.parse.SemanticAnalyzer.analyzeInternal(SemanticAnalyzer.java:12558) ~[classes/:?]
	at org.apache.hadoop.hive.ql.parse.CalcitePlanner.analyzeInternal(CalcitePlanner.java:456) ~[classes/:?]
	at org.apache.hadoop.hive.ql.parse.RewriteSemanticAnalyzer.analyzeInternal(RewriteSemanticAnalyzer.java:67) ~[classes/:?]
	at org.apache.hadoop.hive.ql.parse.BaseSemanticAnalyzer.analyze(BaseSemanticAnalyzer.java:317) ~[classes/:?]
	at org.apache.hadoop.hive.ql.parse.UpdateDeleteSemanticAnalyzer.reparseAndSuperAnalyze(UpdateDeleteSemanticAnalyzer.java:208) ~[classes/:?]
	at org.apache.hadoop.hive.ql.parse.UpdateDeleteSemanticAnalyzer.analyzeUpdate(UpdateDeleteSemanticAnalyzer.java:63) ~[classes/:?]
	at org.apache.hadoop.hive.ql.parse.UpdateDeleteSemanticAnalyzer.analyze(UpdateDeleteSemanticAnalyzer.java:53) ~[classes/:?]
	at org.apache.hadoop.hive.ql.parse.RewriteSemanticAnalyzer.analyzeInternal(RewriteSemanticAnalyzer.java:72) ~[classes/:?]
	at org.apache.hadoop.hive.ql.parse.BaseSemanticAnalyzer.analyze(BaseSemanticAnalyzer.java:317) ~[classes/:?]
	at org.apache.hadoop.hive.ql.Compiler.analyze(Compiler.java:223) ~[classes/:?]
	at org.apache.hadoop.hive.ql.Compiler.compile(Compiler.java:105) ~[classes/:?]
	at org.apache.hadoop.hive.ql.Driver.compile(Driver.java:500) ~[classes/:?]
	at org.apache.hadoop.hive.ql.Driver.compileInternal(Driver.java:453) ~[classes/:?]
	at org.apache.hadoop.hive.ql.Driver.runInternal(Driver.java:181) ~[classes/:?]
	at org.apache.hadoop.hive.ql.Driver.run(Driver.java:153) ~[classes/:?]
	at org.apache.hadoop.hive.ql.Driver.run(Driver.java:140) ~[classes/:?]
	at org.apache.hadoop.hive.ql.TxnCommandsBaseForTests.runStatementOnDriver(TxnCommandsBaseForTests.java:245) ~[test-classes/:?]
	at org.apache.hadoop.hive.ql.TestTxnNoBuckets.testNoBucketsDP(TestTxnNoBuckets.java:233) ~[test-classes/:?]
	at sun.reflect.NativeMethodAccessorImpl.invoke0(Native Method) ~[?:1.8.0_402]
	at sun.reflect.NativeMethodAccessorImpl.invoke(NativeMethodAccessorImpl.java:62) ~[?:1.8.0_402]
	at sun.reflect.DelegatingMethodAccessorImpl.invoke(DelegatingMethodAccessorImpl.java:43) ~[?:1.8.0_402]
	at java.lang.reflect.Method.invoke(Method.java:498) ~[?:1.8.0_402]
	at org.junit.runners.model.FrameworkMethod$1.runReflectiveCall(FrameworkMethod.java:59) ~[junit-4.13.jar:4.13]
	at org.junit.internal.runners.model.ReflectiveCallable.run(ReflectiveCallable.java:12) ~[junit-4.13.jar:4.13]
	at org.junit.runners.model.FrameworkMethod.invokeExplosively(FrameworkMethod.java:56) ~[junit-4.13.jar:4.13]
	at org.junit.internal.runners.statements.InvokeMethod.evaluate(InvokeMethod.java:17) ~[junit-4.13.jar:4.13]
	at org.junit.internal.runners.statements.RunBefores.evaluate(RunBefores.java:26) ~[junit-4.13.jar:4.13]
	at org.junit.internal.runners.statements.RunAfters.evaluate(RunAfters.java:27) ~[junit-4.13.jar:4.13]
	at org.junit.rules.TestWatcher$1.evaluate(TestWatcher.java:61) ~[junit-4.13.jar:4.13]
	at org.junit.runners.ParentRunner$3.evaluate(ParentRunner.java:306) ~[junit-4.13.jar:4.13]
	at org.junit.runners.BlockJUnit4ClassRunner$1.evaluate(BlockJUnit4ClassRunner.java:100) ~[junit-4.13.jar:4.13]
	at org.junit.runners.ParentRunner.runLeaf(ParentRunner.java:366) ~[junit-4.13.jar:4.13]
	at org.junit.runners.BlockJUnit4ClassRunner.runChild(BlockJUnit4ClassRunner.java:103) ~[junit-4.13.jar:4.13]
	at org.junit.runners.BlockJUnit4ClassRunner.runChild(BlockJUnit4ClassRunner.java:63) ~[junit-4.13.jar:4.13]
	at org.junit.runners.ParentRunner$4.run(ParentRunner.java:331) ~[junit-4.13.jar:4.13]
	at org.junit.runners.ParentRunner$1.schedule(ParentRunner.java:79) ~[junit-4.13.jar:4.13]
	at org.junit.runners.ParentRunner.runChildren(ParentRunner.java:329) ~[junit-4.13.jar:4.13]
	at org.junit.runners.ParentRunner.access$100(ParentRunner.java:66) ~[junit-4.13.jar:4.13]
	at org.junit.runners.ParentRunner$2.evaluate(ParentRunner.java:293) ~[junit-4.13.jar:4.13]
	at org.junit.runners.ParentRunner$3.evaluate(ParentRunner.java:306) ~[junit-4.13.jar:4.13]
	at org.junit.runners.ParentRunner.run(ParentRunner.java:413) ~[junit-4.13.jar:4.13]
	at org.junit.runner.JUnitCore.run(JUnitCore.java:137) ~[junit-4.13.jar:4.13]
	at org.junit.runner.JUnitCore.run(JUnitCore.java:115) ~[junit-4.13.jar:4.13]
	at org.junit.vintage.engine.execution.RunnerExecutor.execute(RunnerExecutor.java:43) ~[junit-vintage-engine-5.6.2.jar:5.6.2]
	at java.util.stream.ForEachOps$ForEachOp$OfRef.accept(ForEachOps.java:183) ~[?:1.8.0_402]
	at java.util.stream.ReferencePipeline$3$1.accept(ReferencePipeline.java:193) ~[?:1.8.0_402]
	at java.util.Iterator.forEachRemaining(Iterator.java:116) ~[?:1.8.0_402]
	at java.util.Spliterators$IteratorSpliterator.forEachRemaining(Spliterators.java:1801) ~[?:1.8.0_402]
	at java.util.stream.AbstractPipeline.copyInto(AbstractPipeline.java:482) ~[?:1.8.0_402]
	at java.util.stream.AbstractPipeline.wrapAndCopyInto(AbstractPipeline.java:472) ~[?:1.8.0_402]
	at java.util.stream.ForEachOps$ForEachOp.evaluateSequential(ForEachOps.java:150) ~[?:1.8.0_402]
	at java.util.stream.ForEachOps$ForEachOp$OfRef.evaluateSequential(ForEachOps.java:173) ~[?:1.8.0_402]
	at java.util.stream.AbstractPipeline.evaluate(AbstractPipeline.java:234) ~[?:1.8.0_402]
	at java.util.stream.ReferencePipeline.forEach(ReferencePipeline.java:485) ~[?:1.8.0_402]
	at org.junit.vintage.engine.VintageTestEngine.executeAllChildren(VintageTestEngine.java:82) ~[junit-vintage-engine-5.6.2.jar:5.6.2]
	at org.junit.vintage.engine.VintageTestEngine.execute(VintageTestEngine.java:73) ~[junit-vintage-engine-5.6.2.jar:5.6.2]
	at org.junit.platform.launcher.core.DefaultLauncher.execute(DefaultLauncher.java:248) ~[junit-platform-launcher-1.6.2.jar:1.6.2]
	at org.junit.platform.launcher.core.DefaultLauncher.lambda$execute$5(DefaultLauncher.java:211) ~[junit-platform-launcher-1.6.2.jar:1.6.2]
	at org.junit.platform.launcher.core.DefaultLauncher.withInterceptedStreams(DefaultLauncher.java:226) [junit-platform-launcher-1.6.2.jar:1.6.2]
	at org.junit.platform.launcher.core.DefaultLauncher.execute(DefaultLauncher.java:199) [junit-platform-launcher-1.6.2.jar:1.6.2]
	at org.junit.platform.launcher.core.DefaultLauncher.execute(DefaultLauncher.java:132) [junit-platform-launcher-1.6.2.jar:1.6.2]
	at org.apache.maven.surefire.junitplatform.JUnitPlatformProvider.invokeAllTests(JUnitPlatformProvider.java:154) [surefire-junit-platform-3.0.0-M4.jar:3.0.0-M4]
	at org.apache.maven.surefire.junitplatform.JUnitPlatformProvider.invoke(JUnitPlatformProvider.java:123) [surefire-junit-platform-3.0.0-M4.jar:3.0.0-M4]
	at org.apache.maven.surefire.booter.ForkedBooter.runSuitesInProcess(ForkedBooter.java:377) [surefire-booter-3.0.0-M4.jar:3.0.0-M4]
	at org.apache.maven.surefire.booter.ForkedBooter.execute(ForkedBooter.java:138) [surefire-booter-3.0.0-M4.jar:3.0.0-M4]
	at org.apache.maven.surefire.booter.ForkedBooter.run(ForkedBooter.java:465) [surefire-booter-3.0.0-M4.jar:3.0.0-M4]
	at org.apache.maven.surefire.booter.ForkedBooter.main(ForkedBooter.java:451) [surefire-booter-3.0.0-M4.jar:3.0.0-M4]
2024-04-24T05:21:26,013 ERROR [main] parse.UpdateDeleteSemanticAnalyzer: CBO failed due to missing column stats (see previous errors), skipping CBO
2024-04-24T05:21:26,014  INFO [main] parse.UpdateDeleteSemanticAnalyzer: Ending caching scope for: 
FAILED: NoMatchingMethodException No matching method for class org.apache.hadoop.hive.ql.udf.UDFToInteger with (struct<writeid:bigint,bucketid:int,rowid:bigint>). Possible choices: _FUNC_(bigint)  _FUNC_(boolean)  _FUNC_(decimal(38,18))  _FUNC_(double)  _FUNC_(float)  _FUNC_(smallint)  _FUNC_(string)  _FUNC_(struct<bucketid:int,rowid:bigint,writeid:bigint>)  _FUNC_(timestamp)  _FUNC_(tinyint)  _FUNC_(void)  
2024-04-24T05:21:26,014 ERROR [main] ql.Driver: FAILED: NoMatchingMethodException No matching method for class org.apache.hadoop.hive.ql.udf.UDFToInteger with (struct<writeid:bigint,bucketid:int,rowid:bigint>). Possible choices: _FUNC_(bigint)  _FUNC_(boolean)  _FUNC_(decimal(38,18))  _FUNC_(double)  _FUNC_(float)  _FUNC_(smallint)  _FUNC_(string)  _FUNC_(struct<bucketid:int,rowid:bigint,writeid:bigint>)  _FUNC_(timestamp)  _FUNC_(tinyint)  _FUNC_(void)  
org.apache.hadoop.hive.ql.exec.NoMatchingMethodException: No matching method for class org.apache.hadoop.hive.ql.udf.UDFToInteger with (struct<writeid:bigint,bucketid:int,rowid:bigint>). Possible choices: _FUNC_(bigint)  _FUNC_(boolean)  _FUNC_(decimal(38,18))  _FUNC_(double)  _FUNC_(float)  _FUNC_(smallint)  _FUNC_(string)  _FUNC_(struct<bucketid:int,rowid:bigint,writeid:bigint>)  _FUNC_(timestamp)  _FUNC_(tinyint)  _FUNC_(void)  
	at org.apache.hadoop.hive.ql.exec.MethodUtils.getMethodInternal(MethodUtils.java:130)
	at org.apache.hadoop.hive.ql.exec.MethodUtils.getMethodInternal(MethodUtils.java:60)
	at org.apache.hadoop.hive.ql.exec.DefaultUDFMethodResolver.getEvalMethod(DefaultUDFMethodResolver.java:59)
	at org.apache.hadoop.hive.ql.udf.TimestampCastRestrictorResolver.getEvalMethod(TimestampCastRestrictorResolver.java:68)
	at org.apache.hadoop.hive.ql.udf.generic.GenericUDFBridge.initialize(GenericUDFBridge.java:168)
	at org.apache.hadoop.hive.ql.udf.generic.GenericUDF.initializeAndFoldConstants(GenericUDF.java:149)
	at org.apache.hadoop.hive.ql.plan.ExprNodeGenericFuncDesc.newInstance(ExprNodeGenericFuncDesc.java:235)
	at org.apache.hadoop.hive.ql.parse.type.ExprNodeDescExprFactory.createFuncCallExpr(ExprNodeDescExprFactory.java:584)
	at org.apache.hadoop.hive.ql.parse.type.ExprNodeDescExprFactory.createFuncCallExpr(ExprNodeDescExprFactory.java:97)
	at org.apache.hadoop.hive.ql.parse.type.TypeCheckProcFactory$DefaultExprProcessor.getFuncExprNodeDescWithUdfData(TypeCheckProcFactory.java:762)
	at org.apache.hadoop.hive.ql.parse.type.TypeCheckProcFactory$DefaultExprProcessor.createConversionCast(TypeCheckProcFactory.java:783)
	at org.apache.hadoop.hive.ql.parse.SemanticAnalyzer.getPartitionColsFromBucketColsForUpdateDelete(SemanticAnalyzer.java:8725)
	at org.apache.hadoop.hive.ql.parse.SemanticAnalyzer.genBucketingSortingDest(SemanticAnalyzer.java:6914)
	at org.apache.hadoop.hive.ql.parse.SemanticAnalyzer.genFileSinkPlan(SemanticAnalyzer.java:7335)
	at org.apache.hadoop.hive.ql.parse.SemanticAnalyzer.genPostGroupByBodyPlan(SemanticAnalyzer.java:11063)
	at org.apache.hadoop.hive.ql.parse.SemanticAnalyzer.genBodyPlan(SemanticAnalyzer.java:10938)
	at org.apache.hadoop.hive.ql.parse.SemanticAnalyzer.genPlan(SemanticAnalyzer.java:11853)
	at org.apache.hadoop.hive.ql.parse.SemanticAnalyzer.genPlan(SemanticAnalyzer.java:11723)
	at org.apache.hadoop.hive.ql.parse.CalcitePlanner.genOPTree(CalcitePlanner.java:626)
	at org.apache.hadoop.hive.ql.parse.SemanticAnalyzer.analyzeInternal(SemanticAnalyzer.java:12558)
	at org.apache.hadoop.hive.ql.parse.CalcitePlanner.analyzeInternal(CalcitePlanner.java:456)
	at org.apache.hadoop.hive.ql.parse.RewriteSemanticAnalyzer.analyzeInternal(RewriteSemanticAnalyzer.java:67)
	at org.apache.hadoop.hive.ql.parse.BaseSemanticAnalyzer.analyze(BaseSemanticAnalyzer.java:317)
	at org.apache.hadoop.hive.ql.parse.UpdateDeleteSemanticAnalyzer.reparseAndSuperAnalyze(UpdateDeleteSemanticAnalyzer.java:208)
	at org.apache.hadoop.hive.ql.parse.UpdateDeleteSemanticAnalyzer.analyzeUpdate(UpdateDeleteSemanticAnalyzer.java:63)
	at org.apache.hadoop.hive.ql.parse.UpdateDeleteSemanticAnalyzer.analyze(UpdateDeleteSemanticAnalyzer.java:53)
	at org.apache.hadoop.hive.ql.parse.RewriteSemanticAnalyzer.analyzeInternal(RewriteSemanticAnalyzer.java:72)
	at org.apache.hadoop.hive.ql.parse.BaseSemanticAnalyzer.analyze(BaseSemanticAnalyzer.java:317)
	at org.apache.hadoop.hive.ql.Compiler.analyze(Compiler.java:223)
	at org.apache.hadoop.hive.ql.Compiler.compile(Compiler.java:105)
	at org.apache.hadoop.hive.ql.Driver.compile(Driver.java:500)
	at org.apache.hadoop.hive.ql.Driver.compileInternal(Driver.java:453)
	at org.apache.hadoop.hive.ql.Driver.runInternal(Driver.java:181)
	at org.apache.hadoop.hive.ql.Driver.run(Driver.java:153)
	at org.apache.hadoop.hive.ql.Driver.run(Driver.java:140)
	at org.apache.hadoop.hive.ql.TxnCommandsBaseForTests.runStatementOnDriver(TxnCommandsBaseForTests.java:245)
	at org.apache.hadoop.hive.ql.TestTxnNoBuckets.testNoBucketsDP(TestTxnNoBuckets.java:233)
	at sun.reflect.NativeMethodAccessorImpl.invoke0(Native Method)
	at sun.reflect.NativeMethodAccessorImpl.invoke(NativeMethodAccessorImpl.java:62)
	at sun.reflect.DelegatingMethodAccessorImpl.invoke(DelegatingMethodAccessorImpl.java:43)
	at java.lang.reflect.Method.invoke(Method.java:498)
	at org.junit.runners.model.FrameworkMethod$1.runReflectiveCall(FrameworkMethod.java:59)
	at org.junit.internal.runners.model.ReflectiveCallable.run(ReflectiveCallable.java:12)
	at org.junit.runners.model.FrameworkMethod.invokeExplosively(FrameworkMethod.java:56)
	at org.junit.internal.runners.statements.InvokeMethod.evaluate(InvokeMethod.java:17)
	at org.junit.internal.runners.statements.RunBefores.evaluate(RunBefores.java:26)
	at org.junit.internal.runners.statements.RunAfters.evaluate(RunAfters.java:27)
	at org.junit.rules.TestWatcher$1.evaluate(TestWatcher.java:61)
	at org.junit.runners.ParentRunner$3.evaluate(ParentRunner.java:306)
	at org.junit.runners.BlockJUnit4ClassRunner$1.evaluate(BlockJUnit4ClassRunner.java:100)
	at org.junit.runners.ParentRunner.runLeaf(ParentRunner.java:366)
	at org.junit.runners.BlockJUnit4ClassRunner.runChild(BlockJUnit4ClassRunner.java:103)
	at org.junit.runners.BlockJUnit4ClassRunner.runChild(BlockJUnit4ClassRunner.java:63)
	at org.junit.runners.ParentRunner$4.run(ParentRunner.java:331)
	at org.junit.runners.ParentRunner$1.schedule(ParentRunner.java:79)
	at org.junit.runners.ParentRunner.runChildren(ParentRunner.java:329)
	at org.junit.runners.ParentRunner.access$100(ParentRunner.java:66)
	at org.junit.runners.ParentRunner$2.evaluate(ParentRunner.java:293)
	at org.junit.runners.ParentRunner$3.evaluate(ParentRunner.java:306)
	at org.junit.runners.ParentRunner.run(ParentRunner.java:413)
	at org.junit.runner.JUnitCore.run(JUnitCore.java:137)
	at org.junit.runner.JUnitCore.run(JUnitCore.java:115)
	at org.junit.vintage.engine.execution.RunnerExecutor.execute(RunnerExecutor.java:43)
	at java.util.stream.ForEachOps$ForEachOp$OfRef.accept(ForEachOps.java:183)
	at java.util.stream.ReferencePipeline$3$1.accept(ReferencePipeline.java:193)
	at java.util.Iterator.forEachRemaining(Iterator.java:116)
	at java.util.Spliterators$IteratorSpliterator.forEachRemaining(Spliterators.java:1801)
	at java.util.stream.AbstractPipeline.copyInto(AbstractPipeline.java:482)
	at java.util.stream.AbstractPipeline.wrapAndCopyInto(AbstractPipeline.java:472)
	at java.util.stream.ForEachOps$ForEachOp.evaluateSequential(ForEachOps.java:150)
	at java.util.stream.ForEachOps$ForEachOp$OfRef.evaluateSequential(ForEachOps.java:173)
	at java.util.stream.AbstractPipeline.evaluate(AbstractPipeline.java:234)
	at java.util.stream.ReferencePipeline.forEach(ReferencePipeline.java:485)
	at org.junit.vintage.engine.VintageTestEngine.executeAllChildren(VintageTestEngine.java:82)
	at org.junit.vintage.engine.VintageTestEngine.execute(VintageTestEngine.java:73)
	at org.junit.platform.launcher.core.DefaultLauncher.execute(DefaultLauncher.java:248)
	at org.junit.platform.launcher.core.DefaultLauncher.lambda$execute$5(DefaultLauncher.java:211)
	at org.junit.platform.launcher.core.DefaultLauncher.withInterceptedStreams(DefaultLauncher.java:226)
	at org.junit.platform.launcher.core.DefaultLauncher.execute(DefaultLauncher.java:199)
	at org.junit.platform.launcher.core.DefaultLauncher.execute(DefaultLauncher.java:132)
	at org.apache.maven.surefire.junitplatform.JUnitPlatformProvider.invokeAllTests(JUnitPlatformProvider.java:154)
	at org.apache.maven.surefire.junitplatform.JUnitPlatformProvider.invoke(JUnitPlatformProvider.java:123)
	at org.apache.maven.surefire.booter.ForkedBooter.runSuitesInProcess(ForkedBooter.java:377)
	at org.apache.maven.surefire.booter.ForkedBooter.execute(ForkedBooter.java:138)
	at org.apache.maven.surefire.booter.ForkedBooter.run(ForkedBooter.java:465)
	at org.apache.maven.surefire.booter.ForkedBooter.main(ForkedBooter.java:451)

2024-04-24T05:21:26,015  INFO [main] metadata.Hive: Dumping metastore api call timing information for : compilation phase
2024-04-24T05:21:26,015  INFO [main] metadata.Hive: Total time spent in each metastore function (ms): {flushCache_()=0, getAllTableConstraints_(AllTableConstraintsRequest)=6, getCheckConstraints_(CheckConstraintsRequest)=1, commitTxn_(CommitTxnRequest)=11, isCompatibleWith_(Configuration)=0, getValidTxns_(long)=0, getNotNullConstraints_(NotNullConstraintsRequest)=2, getValidWriteIds_(List, String)=3, listPartitions_(String, String, short)=12, getAggrColStatsFor_(String, String, List, List, String, String)=11, openTxn_(String, TxnType)=2, getMetaConf_(String)=0, getTable_(GetTableRequest)=33}
2024-04-24T05:21:26,016  INFO [main] ql.Driver: Completed compiling command(queryId=alex_20240424052125_ff48e613-6454-4c75-811b-595e1425a47d); Time taken: 0.265 seconds
2024-04-24T05:21:26,016  INFO [main] lockmgr.DbTxnManager: Stopped heartbeat for query: null
2024-04-24T05:21:26,020  INFO [main] txn.TxnHandler: Removed transactions: ([24]) from MIN_HISTORY_LEVEL
2024-04-24T05:21:26,027  INFO [main] ql.TxnCommandsBaseForTests: Running the query: drop table if exists acidTbl
2024-04-24T05:21:26,027  INFO [main] ql.Driver: Compiling command(queryId=alex_20240424052126_fe046799-1e87-47ef-afc4-8910af387901): drop table if exists acidTbl
2024-04-24T05:21:26,030  INFO [main] txn.TxnHandler: Added entries to MIN_HISTORY_LEVEL for current txns: ([25]) with min_open_txn: 24
2024-04-24T05:21:26,030  INFO [main] lockmgr.DbTxnManager: Opened txnid:25
2024-04-24T05:21:26,031  INFO [main] HiveMetaStore.audit: ugi=alex	ip=unknown-ip-addr	cmd=get_table : tbl=hive.default.acidTbl	
2024-04-24T05:21:26,038  INFO [main] metastore.HMSHandler: Skipping translation for processor with null
2024-04-24T05:21:26,038  INFO [main] ql.Driver: Semantic Analysis Completed (retrial = false)
2024-04-24T05:21:26,038  INFO [main] ql.Driver: Created Hive schema: Schema(fieldSchemas:null, properties:null)
2024-04-24T05:21:26,038  INFO [main] metadata.Hive: Dumping metastore api call timing information for : compilation phase
2024-04-24T05:21:26,039  INFO [main] metadata.Hive: Total time spent in each metastore function (ms): {getValidTxns_(long)=0, isCompatibleWith_(Configuration)=1, openTxn_(String, TxnType)=2, getTable_(GetTableRequest)=7, rollbackTxn_(long)=11, flushCache_()=0}
2024-04-24T05:21:26,039  INFO [main] ql.Driver: Completed compiling command(queryId=alex_20240424052126_fe046799-1e87-47ef-afc4-8910af387901); Time taken: 0.011 seconds
2024-04-24T05:21:26,039  INFO [main] lockmgr.DbTxnManager: Setting lock request transaction to txnid:25 for queryId=alex_20240424052126_fe046799-1e87-47ef-afc4-8910af387901
2024-04-24T05:21:26,040  INFO [main] lockmgr.DbLockManager: Requesting lock for queryId=alex_20240424052126_fe046799-1e87-47ef-afc4-8910af387901
2024-04-24T05:21:26,058  INFO [main] lockmgr.DbLockManager: Response to queryId=alex_20240424052126_fe046799-1e87-47ef-afc4-8910af387901 LockResponse(lockid:16, state:ACQUIRED)
2024-04-24T05:21:26,058  INFO [main] ql.Driver: Operation DROPTABLE obtained 1 locks
2024-04-24T05:21:26,058  INFO [main] ql.Driver: Executing command(queryId=alex_20240424052126_fe046799-1e87-47ef-afc4-8910af387901): drop table if exists acidTbl
2024-04-24T05:21:26,058  INFO [main] ql.Driver: Starting task [Stage-0:DDL] in serial mode
2024-04-24T05:21:26,058  INFO [main] HiveMetaStore.audit: ugi=alex	ip=unknown-ip-addr	cmd=get_table : tbl=hive.default.acidTbl	
2024-04-24T05:21:26,066  INFO [main] metastore.HMSHandler: Skipping translation for processor with null
2024-04-24T05:21:26,066  INFO [main] HiveMetaStore.audit: ugi=alex	ip=unknown-ip-addr	cmd=get_table : tbl=hive.default.acidTbl	
2024-04-24T05:21:26,073  INFO [main] metastore.HMSHandler: Skipping translation for processor with null
2024-04-24T05:21:26,073  INFO [main] HiveMetaStore.audit: ugi=alex	ip=unknown-ip-addr	cmd=drop_table : tbl=hive.default.acidTbl	
2024-04-24T05:21:26,195  INFO [main] metadata.Hive: Dumping metastore api call timing information for : execution phase
2024-04-24T05:21:26,195  INFO [main] metadata.Hive: Total time spent in each metastore function (ms): {isCompatibleWith_(Configuration)=0, dropTable_(String, String, boolean, boolean, boolean)=129, getTable_(GetTableRequest)=8}
2024-04-24T05:21:26,196  INFO [main] ql.Driver: Completed executing command(queryId=alex_20240424052126_fe046799-1e87-47ef-afc4-8910af387901); Time taken: 0.137 seconds
2024-04-24T05:21:26,196  INFO [main] lockmgr.DbTxnManager: Stopped heartbeat for query: alex_20240424052126_fe046799-1e87-47ef-afc4-8910af387901
2024-04-24T05:21:26,200  INFO [main] txn.TxnHandler: Expected to move at least one record from txn_components to completed_txn_components when committing txn! txnid:25
2024-04-24T05:21:26,207  INFO [main] txn.TxnHandler: Removed transactions: ([25]) from MIN_HISTORY_LEVEL
2024-04-24T05:21:26,207  WARN [main] txn.CompactionTxnHandler: No compaction queue record found for Compaction type transaction commit. txnId:25
2024-04-24T05:21:26,208  INFO [main] ql.TxnCommandsBaseForTests: Running the query: drop table if exists acidTblPart
2024-04-24T05:21:26,208  INFO [main] ql.Driver: Compiling command(queryId=alex_20240424052126_da6e152f-4666-4df8-82e9-4cd4ea251686): drop table if exists acidTblPart
2024-04-24T05:21:26,211  INFO [main] txn.TxnHandler: Added entries to MIN_HISTORY_LEVEL for current txns: ([26]) with min_open_txn: 24
2024-04-24T05:21:26,211  INFO [main] lockmgr.DbTxnManager: Opened txnid:26
2024-04-24T05:21:26,212  INFO [main] HiveMetaStore.audit: ugi=alex	ip=unknown-ip-addr	cmd=get_table : tbl=hive.default.acidTblPart	
2024-04-24T05:21:26,230  INFO [main] metastore.HMSHandler: Skipping translation for processor with null
2024-04-24T05:21:26,231  INFO [main] ql.Driver: Semantic Analysis Completed (retrial = false)
2024-04-24T05:21:26,231  INFO [main] ql.Driver: Created Hive schema: Schema(fieldSchemas:null, properties:null)
2024-04-24T05:21:26,231  INFO [main] metadata.Hive: Dumping metastore api call timing information for : compilation phase
2024-04-24T05:21:26,231  INFO [main] metadata.Hive: Total time spent in each metastore function (ms): {getValidTxns_(long)=1, getTable_(GetTableRequest)=19, commitTxn_(CommitTxnRequest)=12, isCompatibleWith_(Configuration)=0, openTxn_(String, TxnType)=2, flushCache_()=0}
2024-04-24T05:21:26,231  INFO [main] ql.Driver: Completed compiling command(queryId=alex_20240424052126_da6e152f-4666-4df8-82e9-4cd4ea251686); Time taken: 0.023 seconds
2024-04-24T05:21:26,231  INFO [main] lockmgr.DbTxnManager: Setting lock request transaction to txnid:26 for queryId=alex_20240424052126_da6e152f-4666-4df8-82e9-4cd4ea251686
2024-04-24T05:21:26,232  INFO [main] lockmgr.DbLockManager: Requesting lock for queryId=alex_20240424052126_da6e152f-4666-4df8-82e9-4cd4ea251686
2024-04-24T05:21:26,255  INFO [main] lockmgr.DbLockManager: Response to queryId=alex_20240424052126_da6e152f-4666-4df8-82e9-4cd4ea251686 LockResponse(lockid:17, state:ACQUIRED)
2024-04-24T05:21:26,255  INFO [main] ql.Driver: Operation DROPTABLE obtained 1 locks
2024-04-24T05:21:26,255  INFO [main] ql.Driver: Executing command(queryId=alex_20240424052126_da6e152f-4666-4df8-82e9-4cd4ea251686): drop table if exists acidTblPart
2024-04-24T05:21:26,255  INFO [main] ql.Driver: Starting task [Stage-0:DDL] in serial mode
2024-04-24T05:21:26,255  INFO [main] HiveMetaStore.audit: ugi=alex	ip=unknown-ip-addr	cmd=get_table : tbl=hive.default.acidTblPart	
2024-04-24T05:21:26,263  INFO [main] metastore.HMSHandler: Skipping translation for processor with null
2024-04-24T05:21:26,263  INFO [main] HiveMetaStore.audit: ugi=alex	ip=unknown-ip-addr	cmd=get_table : tbl=hive.default.acidTblPart	
2024-04-24T05:21:26,272  INFO [main] metastore.HMSHandler: Skipping translation for processor with null
2024-04-24T05:21:26,272  INFO [main] HiveMetaStore.audit: ugi=alex	ip=unknown-ip-addr	cmd=drop_table : tbl=hive.default.acidTblPart	
2024-04-24T05:21:26,325  INFO [main] metadata.Hive: Dumping metastore api call timing information for : execution phase
2024-04-24T05:21:26,325  INFO [main] metadata.Hive: Total time spent in each metastore function (ms): {dropTable_(String, String, boolean, boolean, boolean)=62, getTable_(GetTableRequest)=8, isCompatibleWith_(Configuration)=0}
2024-04-24T05:21:26,326  INFO [main] ql.Driver: Completed executing command(queryId=alex_20240424052126_da6e152f-4666-4df8-82e9-4cd4ea251686); Time taken: 0.07 seconds
2024-04-24T05:21:26,326  INFO [main] lockmgr.DbTxnManager: Stopped heartbeat for query: alex_20240424052126_da6e152f-4666-4df8-82e9-4cd4ea251686
2024-04-24T05:21:26,330  INFO [main] txn.TxnHandler: Expected to move at least one record from txn_components to completed_txn_components when committing txn! txnid:26
2024-04-24T05:21:26,337  INFO [main] txn.TxnHandler: Removed transactions: ([26]) from MIN_HISTORY_LEVEL
2024-04-24T05:21:26,337  WARN [main] txn.CompactionTxnHandler: No compaction queue record found for Compaction type transaction commit. txnId:26
2024-04-24T05:21:26,338  INFO [main] ql.TxnCommandsBaseForTests: Running the query: drop table if exists acidTbl2
2024-04-24T05:21:26,338  INFO [main] ql.Driver: Compiling command(queryId=alex_20240424052126_cd16fb68-3832-41aa-87d1-1a8390681811): drop table if exists acidTbl2
2024-04-24T05:21:26,340  INFO [main] txn.TxnHandler: Added entries to MIN_HISTORY_LEVEL for current txns: ([27]) with min_open_txn: 24
2024-04-24T05:21:26,341  INFO [main] lockmgr.DbTxnManager: Opened txnid:27
2024-04-24T05:21:26,342  INFO [main] ql.Driver: Semantic Analysis Completed (retrial = false)
2024-04-24T05:21:26,342  INFO [main] ql.Driver: Created Hive schema: Schema(fieldSchemas:null, properties:null)
2024-04-24T05:21:26,342  INFO [main] metadata.Hive: Dumping metastore api call timing information for : compilation phase
2024-04-24T05:21:26,342  INFO [main] metadata.Hive: Total time spent in each metastore function (ms): {openTxn_(String, TxnType)=3, isCompatibleWith_(Configuration)=0, getTable_(GetTableRequest)=1, commitTxn_(CommitTxnRequest)=11, flushCache_()=0, getValidTxns_(long)=0}
2024-04-24T05:21:26,342  INFO [main] ql.Driver: Completed compiling command(queryId=alex_20240424052126_cd16fb68-3832-41aa-87d1-1a8390681811); Time taken: 0.004 seconds
2024-04-24T05:21:26,342  INFO [main] lockmgr.DbTxnManager: Setting lock request transaction to txnid:27 for queryId=alex_20240424052126_cd16fb68-3832-41aa-87d1-1a8390681811
2024-04-24T05:21:26,342  INFO [main] ql.Driver: Operation DROPTABLE obtained 0 locks
2024-04-24T05:21:26,342  INFO [main] ql.Driver: Executing command(queryId=alex_20240424052126_cd16fb68-3832-41aa-87d1-1a8390681811): drop table if exists acidTbl2
2024-04-24T05:21:26,342  INFO [main] ql.Driver: Starting task [Stage-0:DDL] in serial mode
2024-04-24T05:21:26,343  INFO [main] metadata.SessionHiveMetaStoreClient: Column stats doesn't exist for db=default temp table=acidTbl2
2024-04-24T05:21:26,343  INFO [main] metadata.Hive: Dumping metastore api call timing information for : execution phase
2024-04-24T05:21:26,343  INFO [main] metadata.Hive: Total time spent in each metastore function (ms): {isCompatibleWith_(Configuration)=0, dropTable_(String, String, boolean, boolean, boolean)=0, getTable_(GetTableRequest)=1}
2024-04-24T05:21:26,343  INFO [main] ql.Driver: Completed executing command(queryId=alex_20240424052126_cd16fb68-3832-41aa-87d1-1a8390681811); Time taken: 0.001 seconds
2024-04-24T05:21:26,343  INFO [main] lockmgr.DbTxnManager: Stopped heartbeat for query: alex_20240424052126_cd16fb68-3832-41aa-87d1-1a8390681811
2024-04-24T05:21:26,349  INFO [main] txn.TxnHandler: Expected to move at least one record from txn_components to completed_txn_components when committing txn! txnid:27
2024-04-24T05:21:26,356  INFO [main] txn.TxnHandler: Removed transactions: ([27]) from MIN_HISTORY_LEVEL
2024-04-24T05:21:26,356  WARN [main] txn.CompactionTxnHandler: No compaction queue record found for Compaction type transaction commit. txnId:27
2024-04-24T05:21:26,357  INFO [main] ql.TxnCommandsBaseForTests: Running the query: drop table if exists nonAcidOrcTbl
2024-04-24T05:21:26,357  INFO [main] ql.Driver: Compiling command(queryId=alex_20240424052126_ae1be4c9-a6fe-4f7e-b384-bcca79d78212): drop table if exists nonAcidOrcTbl
2024-04-24T05:21:26,360  INFO [main] txn.TxnHandler: Added entries to MIN_HISTORY_LEVEL for current txns: ([28]) with min_open_txn: 24
2024-04-24T05:21:26,360  INFO [main] lockmgr.DbTxnManager: Opened txnid:28
2024-04-24T05:21:26,361  INFO [main] HiveMetaStore.audit: ugi=alex	ip=unknown-ip-addr	cmd=get_table : tbl=hive.default.nonAcidOrcTbl	
2024-04-24T05:21:26,385  INFO [main] metastore.HMSHandler: Skipping translation for processor with null
2024-04-24T05:21:26,385  INFO [main] ql.Driver: Semantic Analysis Completed (retrial = false)
2024-04-24T05:21:26,385  INFO [main] ql.Driver: Created Hive schema: Schema(fieldSchemas:null, properties:null)
2024-04-24T05:21:26,385  INFO [main] metadata.Hive: Dumping metastore api call timing information for : compilation phase
2024-04-24T05:21:26,385  INFO [main] metadata.Hive: Total time spent in each metastore function (ms): {commitTxn_(CommitTxnRequest)=12, openTxn_(String, TxnType)=3, isCompatibleWith_(Configuration)=1, getTable_(GetTableRequest)=24, getValidTxns_(long)=1, flushCache_()=0}
2024-04-24T05:21:26,385  INFO [main] ql.Driver: Completed compiling command(queryId=alex_20240424052126_ae1be4c9-a6fe-4f7e-b384-bcca79d78212); Time taken: 0.028 seconds
2024-04-24T05:21:26,386  INFO [main] lockmgr.DbTxnManager: Setting lock request transaction to txnid:28 for queryId=alex_20240424052126_ae1be4c9-a6fe-4f7e-b384-bcca79d78212
2024-04-24T05:21:26,386  INFO [main] lockmgr.DbLockManager: Requesting lock for queryId=alex_20240424052126_ae1be4c9-a6fe-4f7e-b384-bcca79d78212
2024-04-24T05:21:26,404  INFO [main] lockmgr.DbLockManager: Response to queryId=alex_20240424052126_ae1be4c9-a6fe-4f7e-b384-bcca79d78212 LockResponse(lockid:18, state:ACQUIRED)
2024-04-24T05:21:26,404  INFO [main] ql.Driver: Operation DROPTABLE obtained 1 locks
2024-04-24T05:21:26,404  INFO [main] ql.Driver: Executing command(queryId=alex_20240424052126_ae1be4c9-a6fe-4f7e-b384-bcca79d78212): drop table if exists nonAcidOrcTbl
2024-04-24T05:21:26,404  INFO [main] ql.Driver: Starting task [Stage-0:DDL] in serial mode
2024-04-24T05:21:26,404  INFO [main] HiveMetaStore.audit: ugi=alex	ip=unknown-ip-addr	cmd=get_table : tbl=hive.default.nonAcidOrcTbl	
2024-04-24T05:21:26,417  INFO [main] metastore.HMSHandler: Skipping translation for processor with null
2024-04-24T05:21:26,418  INFO [main] HiveMetaStore.audit: ugi=alex	ip=unknown-ip-addr	cmd=get_table : tbl=hive.default.nonAcidOrcTbl	
2024-04-24T05:21:26,428  INFO [main] metastore.HMSHandler: Skipping translation for processor with null
2024-04-24T05:21:26,429  INFO [main] HiveMetaStore.audit: ugi=alex	ip=unknown-ip-addr	cmd=drop_table : tbl=hive.default.nonAcidOrcTbl	
2024-04-24T05:21:26,491  INFO [main] metadata.Hive: Dumping metastore api call timing information for : execution phase
2024-04-24T05:21:26,492  INFO [main] metadata.Hive: Total time spent in each metastore function (ms): {isCompatibleWith_(Configuration)=0, getTable_(GetTableRequest)=13, dropTable_(String, String, boolean, boolean, boolean)=74}
2024-04-24T05:21:26,492  INFO [main] ql.Driver: Completed executing command(queryId=alex_20240424052126_ae1be4c9-a6fe-4f7e-b384-bcca79d78212); Time taken: 0.087 seconds
2024-04-24T05:21:26,492  INFO [main] lockmgr.DbTxnManager: Stopped heartbeat for query: alex_20240424052126_ae1be4c9-a6fe-4f7e-b384-bcca79d78212
2024-04-24T05:21:26,497  INFO [main] txn.TxnHandler: Expected to move at least one record from txn_components to completed_txn_components when committing txn! txnid:28
2024-04-24T05:21:26,504  INFO [main] txn.TxnHandler: Removed transactions: ([28]) from MIN_HISTORY_LEVEL
2024-04-24T05:21:26,504  WARN [main] txn.CompactionTxnHandler: No compaction queue record found for Compaction type transaction commit. txnId:28
2024-04-24T05:21:26,505  INFO [main] ql.TxnCommandsBaseForTests: Running the query: drop table if exists nonAcidOrcTbl2
2024-04-24T05:21:26,505  INFO [main] ql.Driver: Compiling command(queryId=alex_20240424052126_ba87a227-2935-4838-85ae-a857d72d3ca2): drop table if exists nonAcidOrcTbl2
2024-04-24T05:21:26,508  INFO [main] txn.TxnHandler: Added entries to MIN_HISTORY_LEVEL for current txns: ([29]) with min_open_txn: 24
2024-04-24T05:21:26,508  INFO [main] lockmgr.DbTxnManager: Opened txnid:29
2024-04-24T05:21:26,509  INFO [main] HiveMetaStore.audit: ugi=alex	ip=unknown-ip-addr	cmd=get_table : tbl=hive.default.nonAcidOrcTbl2	
2024-04-24T05:21:26,519  INFO [main] metastore.HMSHandler: Skipping translation for processor with null
2024-04-24T05:21:26,519  INFO [main] ql.Driver: Semantic Analysis Completed (retrial = false)
2024-04-24T05:21:26,520  INFO [main] ql.Driver: Created Hive schema: Schema(fieldSchemas:null, properties:null)
2024-04-24T05:21:26,520  INFO [main] metadata.Hive: Dumping metastore api call timing information for : compilation phase
2024-04-24T05:21:26,520  INFO [main] metadata.Hive: Total time spent in each metastore function (ms): {getValidTxns_(long)=1, flushCache_()=0, getTable_(GetTableRequest)=10, openTxn_(String, TxnType)=2, isCompatibleWith_(Configuration)=1, commitTxn_(CommitTxnRequest)=13}
2024-04-24T05:21:26,520  INFO [main] ql.Driver: Completed compiling command(queryId=alex_20240424052126_ba87a227-2935-4838-85ae-a857d72d3ca2); Time taken: 0.015 seconds
2024-04-24T05:21:26,520  INFO [main] lockmgr.DbTxnManager: Setting lock request transaction to txnid:29 for queryId=alex_20240424052126_ba87a227-2935-4838-85ae-a857d72d3ca2
2024-04-24T05:21:26,521  INFO [main] lockmgr.DbLockManager: Requesting lock for queryId=alex_20240424052126_ba87a227-2935-4838-85ae-a857d72d3ca2
2024-04-24T05:21:26,537  INFO [main] lockmgr.DbLockManager: Response to queryId=alex_20240424052126_ba87a227-2935-4838-85ae-a857d72d3ca2 LockResponse(lockid:19, state:ACQUIRED)
2024-04-24T05:21:26,537  INFO [main] ql.Driver: Operation DROPTABLE obtained 1 locks
2024-04-24T05:21:26,537  INFO [main] ql.Driver: Executing command(queryId=alex_20240424052126_ba87a227-2935-4838-85ae-a857d72d3ca2): drop table if exists nonAcidOrcTbl2
2024-04-24T05:21:26,537  INFO [main] ql.Driver: Starting task [Stage-0:DDL] in serial mode
2024-04-24T05:21:26,538  INFO [main] HiveMetaStore.audit: ugi=alex	ip=unknown-ip-addr	cmd=get_table : tbl=hive.default.nonAcidOrcTbl2	
2024-04-24T05:21:26,547  INFO [main] metastore.HMSHandler: Skipping translation for processor with null
2024-04-24T05:21:26,548  INFO [main] HiveMetaStore.audit: ugi=alex	ip=unknown-ip-addr	cmd=get_table : tbl=hive.default.nonAcidOrcTbl2	
2024-04-24T05:21:26,558  INFO [main] metastore.HMSHandler: Skipping translation for processor with null
2024-04-24T05:21:26,558  INFO [main] HiveMetaStore.audit: ugi=alex	ip=unknown-ip-addr	cmd=drop_table : tbl=hive.default.nonAcidOrcTbl2	
2024-04-24T05:21:26,597  INFO [main] metadata.Hive: Dumping metastore api call timing information for : execution phase
2024-04-24T05:21:26,598  INFO [main] metadata.Hive: Total time spent in each metastore function (ms): {isCompatibleWith_(Configuration)=0, dropTable_(String, String, boolean, boolean, boolean)=50, getTable_(GetTableRequest)=10}
2024-04-24T05:21:26,598  INFO [main] ql.Driver: Completed executing command(queryId=alex_20240424052126_ba87a227-2935-4838-85ae-a857d72d3ca2); Time taken: 0.06 seconds
2024-04-24T05:21:26,598  INFO [main] lockmgr.DbTxnManager: Stopped heartbeat for query: alex_20240424052126_ba87a227-2935-4838-85ae-a857d72d3ca2
2024-04-24T05:21:26,603  INFO [main] txn.TxnHandler: Expected to move at least one record from txn_components to completed_txn_components when committing txn! txnid:29
2024-04-24T05:21:26,611  INFO [main] txn.TxnHandler: Removed transactions: ([29]) from MIN_HISTORY_LEVEL
2024-04-24T05:21:26,611  WARN [main] txn.CompactionTxnHandler: No compaction queue record found for Compaction type transaction commit. txnId:29
2024-04-24T05:21:26,612  INFO [main] ql.TxnCommandsBaseForTests: Running the query: drop table if exists nonAcidNonBucket
2024-04-24T05:21:26,613  INFO [main] ql.Driver: Compiling command(queryId=alex_20240424052126_2dae004d-d701-4f23-80b0-c9b11c0b1581): drop table if exists nonAcidNonBucket
2024-04-24T05:21:26,616  INFO [main] txn.TxnHandler: Added entries to MIN_HISTORY_LEVEL for current txns: ([30]) with min_open_txn: 24
2024-04-24T05:21:26,617  INFO [main] lockmgr.DbTxnManager: Opened txnid:30
2024-04-24T05:21:26,618  INFO [main] HiveMetaStore.audit: ugi=alex	ip=unknown-ip-addr	cmd=get_table : tbl=hive.default.nonAcidNonBucket	
2024-04-24T05:21:26,629  INFO [main] metastore.HMSHandler: Skipping translation for processor with null
2024-04-24T05:21:26,629  INFO [main] ql.Driver: Semantic Analysis Completed (retrial = false)
2024-04-24T05:21:26,629  INFO [main] ql.Driver: Created Hive schema: Schema(fieldSchemas:null, properties:null)
2024-04-24T05:21:26,629  INFO [main] metadata.Hive: Dumping metastore api call timing information for : compilation phase
2024-04-24T05:21:26,629  INFO [main] metadata.Hive: Total time spent in each metastore function (ms): {flushCache_()=0, commitTxn_(CommitTxnRequest)=14, getTable_(GetTableRequest)=11, getValidTxns_(long)=0, isCompatibleWith_(Configuration)=0, openTxn_(String, TxnType)=4}
2024-04-24T05:21:26,630  INFO [main] ql.Driver: Completed compiling command(queryId=alex_20240424052126_2dae004d-d701-4f23-80b0-c9b11c0b1581); Time taken: 0.016 seconds
2024-04-24T05:21:26,630  INFO [main] lockmgr.DbTxnManager: Setting lock request transaction to txnid:30 for queryId=alex_20240424052126_2dae004d-d701-4f23-80b0-c9b11c0b1581
2024-04-24T05:21:26,631  INFO [main] lockmgr.DbLockManager: Requesting lock for queryId=alex_20240424052126_2dae004d-d701-4f23-80b0-c9b11c0b1581
2024-04-24T05:21:26,649  INFO [main] lockmgr.DbLockManager: Response to queryId=alex_20240424052126_2dae004d-d701-4f23-80b0-c9b11c0b1581 LockResponse(lockid:20, state:ACQUIRED)
2024-04-24T05:21:26,649  INFO [main] ql.Driver: Operation DROPTABLE obtained 1 locks
2024-04-24T05:21:26,649  INFO [main] ql.Driver: Executing command(queryId=alex_20240424052126_2dae004d-d701-4f23-80b0-c9b11c0b1581): drop table if exists nonAcidNonBucket
2024-04-24T05:21:26,649  INFO [main] ql.Driver: Starting task [Stage-0:DDL] in serial mode
2024-04-24T05:21:26,649  INFO [main] HiveMetaStore.audit: ugi=alex	ip=unknown-ip-addr	cmd=get_table : tbl=hive.default.nonAcidNonBucket	
2024-04-24T05:21:26,659  INFO [main] metastore.HMSHandler: Skipping translation for processor with null
2024-04-24T05:21:26,660  INFO [main] HiveMetaStore.audit: ugi=alex	ip=unknown-ip-addr	cmd=get_table : tbl=hive.default.nonAcidNonBucket	
2024-04-24T05:21:26,669  INFO [main] metastore.HMSHandler: Skipping translation for processor with null
2024-04-24T05:21:26,670  INFO [main] HiveMetaStore.audit: ugi=alex	ip=unknown-ip-addr	cmd=drop_table : tbl=hive.default.nonAcidNonBucket	
2024-04-24T05:21:26,709  INFO [main] metadata.Hive: Dumping metastore api call timing information for : execution phase
2024-04-24T05:21:26,709  INFO [main] metadata.Hive: Total time spent in each metastore function (ms): {getTable_(GetTableRequest)=11, isCompatibleWith_(Configuration)=0, dropTable_(String, String, boolean, boolean, boolean)=48}
2024-04-24T05:21:26,709  INFO [main] ql.Driver: Completed executing command(queryId=alex_20240424052126_2dae004d-d701-4f23-80b0-c9b11c0b1581); Time taken: 0.06 seconds
2024-04-24T05:21:26,709  INFO [main] lockmgr.DbTxnManager: Stopped heartbeat for query: alex_20240424052126_2dae004d-d701-4f23-80b0-c9b11c0b1581
2024-04-24T05:21:26,715  INFO [main] txn.TxnHandler: Expected to move at least one record from txn_components to completed_txn_components when committing txn! txnid:30
2024-04-24T05:21:26,721  INFO [main] txn.TxnHandler: Removed transactions: ([30]) from MIN_HISTORY_LEVEL
2024-04-24T05:21:26,722  WARN [main] txn.CompactionTxnHandler: No compaction queue record found for Compaction type transaction commit. txnId:30
2024-04-24T05:21:26,722  INFO [main] utils.TestTxnDbUtil: Cleaning transactional tables
]]></system-err>
  </testcase>
  <testcase name="testEmptyCompactionResult" classname="org.apache.hadoop.hive.ql.TestTxnNoBuckets" time="19.88"/>
  <testcase name="testToAcidConversion02" classname="org.apache.hadoop.hive.ql.TestTxnNoBuckets" time="9.167">
    <error type="java.lang.RuntimeException"><![CDATA[java.lang.RuntimeException: update nonAcidNonBucket set b = 120 where a = 0 and b = 12 failed: (responseCode = 40000, errorMessage = FAILED: NoMatchingMethodException No matching method for class org.apache.hadoop.hive.ql.udf.UDFToInteger with (struct<writeid:bigint,bucketid:int,rowid:bigint>). Possible choices: _FUNC_(bigint)  _FUNC_(boolean)  _FUNC_(decimal(38,18))  _FUNC_(double)  _FUNC_(float)  _FUNC_(smallint)  _FUNC_(string)  _FUNC_(struct<bucketid:int,rowid:bigint,writeid:bigint>)  _FUNC_(timestamp)  _FUNC_(tinyint)  _FUNC_(void)  , hiveErrorCode = 40000, SQLState = 42000, exception = No matching method for class org.apache.hadoop.hive.ql.udf.UDFToInteger with (struct<writeid:bigint,bucketid:int,rowid:bigint>). Possible choices: _FUNC_(bigint)  _FUNC_(boolean)  _FUNC_(decimal(38,18))  _FUNC_(double)  _FUNC_(float)  _FUNC_(smallint)  _FUNC_(string)  _FUNC_(struct<bucketid:int,rowid:bigint,writeid:bigint>)  _FUNC_(timestamp)  _FUNC_(tinyint)  _FUNC_(void)  )
	at org.apache.hadoop.hive.ql.TxnCommandsBaseForTests.runStatementOnDriver(TxnCommandsBaseForTests.java:247)
	at org.apache.hadoop.hive.ql.TestTxnNoBuckets.testToAcidConversion02(TestTxnNoBuckets.java:553)
	at sun.reflect.NativeMethodAccessorImpl.invoke0(Native Method)
	at sun.reflect.NativeMethodAccessorImpl.invoke(NativeMethodAccessorImpl.java:62)
	at sun.reflect.DelegatingMethodAccessorImpl.invoke(DelegatingMethodAccessorImpl.java:43)
	at java.lang.reflect.Method.invoke(Method.java:498)
	at org.junit.runners.model.FrameworkMethod$1.runReflectiveCall(FrameworkMethod.java:59)
	at org.junit.internal.runners.model.ReflectiveCallable.run(ReflectiveCallable.java:12)
	at org.junit.runners.model.FrameworkMethod.invokeExplosively(FrameworkMethod.java:56)
	at org.junit.internal.runners.statements.InvokeMethod.evaluate(InvokeMethod.java:17)
	at org.junit.internal.runners.statements.RunBefores.evaluate(RunBefores.java:26)
	at org.junit.internal.runners.statements.RunAfters.evaluate(RunAfters.java:27)
	at org.junit.rules.TestWatcher$1.evaluate(TestWatcher.java:61)
	at org.junit.runners.ParentRunner$3.evaluate(ParentRunner.java:306)
	at org.junit.runners.BlockJUnit4ClassRunner$1.evaluate(BlockJUnit4ClassRunner.java:100)
	at org.junit.runners.ParentRunner.runLeaf(ParentRunner.java:366)
	at org.junit.runners.BlockJUnit4ClassRunner.runChild(BlockJUnit4ClassRunner.java:103)
	at org.junit.runners.BlockJUnit4ClassRunner.runChild(BlockJUnit4ClassRunner.java:63)
	at org.junit.runners.ParentRunner$4.run(ParentRunner.java:331)
	at org.junit.runners.ParentRunner$1.schedule(ParentRunner.java:79)
	at org.junit.runners.ParentRunner.runChildren(ParentRunner.java:329)
	at org.junit.runners.ParentRunner.access$100(ParentRunner.java:66)
	at org.junit.runners.ParentRunner$2.evaluate(ParentRunner.java:293)
	at org.junit.runners.ParentRunner$3.evaluate(ParentRunner.java:306)
	at org.junit.runners.ParentRunner.run(ParentRunner.java:413)
	at org.junit.runner.JUnitCore.run(JUnitCore.java:137)
	at org.junit.runner.JUnitCore.run(JUnitCore.java:115)
	at org.junit.vintage.engine.execution.RunnerExecutor.execute(RunnerExecutor.java:43)
	at java.util.stream.ForEachOps$ForEachOp$OfRef.accept(ForEachOps.java:183)
	at java.util.stream.ReferencePipeline$3$1.accept(ReferencePipeline.java:193)
	at java.util.Iterator.forEachRemaining(Iterator.java:116)
	at java.util.Spliterators$IteratorSpliterator.forEachRemaining(Spliterators.java:1801)
	at java.util.stream.AbstractPipeline.copyInto(AbstractPipeline.java:482)
	at java.util.stream.AbstractPipeline.wrapAndCopyInto(AbstractPipeline.java:472)
	at java.util.stream.ForEachOps$ForEachOp.evaluateSequential(ForEachOps.java:150)
	at java.util.stream.ForEachOps$ForEachOp$OfRef.evaluateSequential(ForEachOps.java:173)
	at java.util.stream.AbstractPipeline.evaluate(AbstractPipeline.java:234)
	at java.util.stream.ReferencePipeline.forEach(ReferencePipeline.java:485)
	at org.junit.vintage.engine.VintageTestEngine.executeAllChildren(VintageTestEngine.java:82)
	at org.junit.vintage.engine.VintageTestEngine.execute(VintageTestEngine.java:73)
	at org.junit.platform.launcher.core.DefaultLauncher.execute(DefaultLauncher.java:248)
	at org.junit.platform.launcher.core.DefaultLauncher.lambda$execute$5(DefaultLauncher.java:211)
	at org.junit.platform.launcher.core.DefaultLauncher.withInterceptedStreams(DefaultLauncher.java:226)
	at org.junit.platform.launcher.core.DefaultLauncher.execute(DefaultLauncher.java:199)
	at org.junit.platform.launcher.core.DefaultLauncher.execute(DefaultLauncher.java:132)
	at org.apache.maven.surefire.junitplatform.JUnitPlatformProvider.invokeAllTests(JUnitPlatformProvider.java:154)
	at org.apache.maven.surefire.junitplatform.JUnitPlatformProvider.invoke(JUnitPlatformProvider.java:123)
	at org.apache.maven.surefire.booter.ForkedBooter.runSuitesInProcess(ForkedBooter.java:377)
	at org.apache.maven.surefire.booter.ForkedBooter.execute(ForkedBooter.java:138)
	at org.apache.maven.surefire.booter.ForkedBooter.run(ForkedBooter.java:465)
	at org.apache.maven.surefire.booter.ForkedBooter.main(ForkedBooter.java:451)
]]></error>
    <system-err><![CDATA[2024-04-24T05:21:46,680  WARN [main] conf.HiveConf: HiveConf of name hive.llap.io.cache.orc.alloc.min does not exist
2024-04-24T05:21:46,681  WARN [main] conf.HiveConf: HiveConf of name hive.metastore.metadb.dir does not exist
2024-04-24T05:21:46,681  WARN [main] conf.HiveConf: HiveConf of name hive.dummyparam.test.server.specific.config.override does not exist
2024-04-24T05:21:46,681  WARN [main] conf.HiveConf: HiveConf of name hive.llap.io.cache.orc.alloc.max does not exist
2024-04-24T05:21:46,681  WARN [main] conf.HiveConf: HiveConf of name hive.stats.key.prefix.reserve.length does not exist
2024-04-24T05:21:46,681  WARN [main] conf.HiveConf: HiveConf of name hive.llap.io.cache.orc.arena.size does not exist
2024-04-24T05:21:46,681  WARN [main] conf.HiveConf: HiveConf of name hive.metastore.client.cache.maxSize does not exist
2024-04-24T05:21:46,681  WARN [main] conf.HiveConf: HiveConf of name hive.metastore.client.cache.recordStats does not exist
2024-04-24T05:21:46,681  WARN [main] conf.HiveConf: HiveConf of name hive.dummyparam.test.server.specific.config.hivesite does not exist
2024-04-24T05:21:46,681  WARN [main] conf.HiveConf: HiveConf of name hive.llap.io.cache.orc.size does not exist
2024-04-24T05:21:46,681  WARN [main] conf.HiveConf: HiveConf of name hive.dummyparam.test.server.specific.config.metastoresite does not exist
2024-04-24T05:21:46,683  INFO [main] utils.TestTxnDbUtil: Creating transactional tables
Hive Session ID = 805767f7-68f6-4a20-a278-5bece910bf9b
2024-04-24T05:21:46,686  INFO [main] SessionState: Hive Session ID = 805767f7-68f6-4a20-a278-5bece910bf9b
ivysettings.xml file not found in HIVE_HOME or HIVE_CONF_DIR,/home/alex/Repositories/hive/conf/ivysettings.xml will be used
2024-04-24T05:21:46,686  INFO [main] DependencyResolver: ivysettings.xml file not found in HIVE_HOME or HIVE_CONF_DIR,/home/alex/Repositories/hive/conf/ivysettings.xml will be used
2024-04-24T05:21:46,691  INFO [main] session.SessionState: Created HDFS directory: /home/alex/Repositories/hive/ql/target/tmp/scratchdir/alex/805767f7-68f6-4a20-a278-5bece910bf9b
2024-04-24T05:21:46,694  INFO [main] session.SessionState: Created local directory: /home/alex/Repositories/hive/ql/target/tmp/localscratchdir/805767f7-68f6-4a20-a278-5bece910bf9b
2024-04-24T05:21:46,696  INFO [main] session.SessionState: Created HDFS directory: /home/alex/Repositories/hive/ql/target/tmp/scratchdir/alex/805767f7-68f6-4a20-a278-5bece910bf9b/_tmp_space.db
2024-04-24T05:21:46,696  INFO [main] sqlstd.SQLStdHiveAccessController: Created SQLStdHiveAccessController for session context : HiveAuthzSessionContext [sessionString=805767f7-68f6-4a20-a278-5bece910bf9b, clientType=HIVECLI]
2024-04-24T05:21:46,696  INFO [main] ql.TxnCommandsBaseForTests: Running the query: drop table if exists acidTbl
2024-04-24T05:21:46,697  INFO [main] ql.Driver: Compiling command(queryId=alex_20240424052146_5a6ea515-d135-4563-9d6e-0e2f1a5531d0): drop table if exists acidTbl
2024-04-24T05:21:46,706  INFO [main] txn.TxnHandler: Added entries to MIN_HISTORY_LEVEL for current txns: ([1]) with min_open_txn: 1
2024-04-24T05:21:46,706  INFO [main] lockmgr.DbTxnManager: Opened txnid:1
2024-04-24T05:21:46,709  INFO [main] HiveMetaStore.audit: ugi=alex	ip=unknown-ip-addr	cmd=get_table : tbl=hive.default.acidTbl	
2024-04-24T05:21:46,712  INFO [main] ql.Driver: Semantic Analysis Completed (retrial = false)
2024-04-24T05:21:46,712  INFO [main] ql.Driver: Created Hive schema: Schema(fieldSchemas:null, properties:null)
2024-04-24T05:21:46,712  INFO [main] metadata.Hive: Dumping metastore api call timing information for : compilation phase
2024-04-24T05:21:46,712  INFO [main] metadata.Hive: Total time spent in each metastore function (ms): {getValidTxns_(long)=2, isCompatibleWith_(Configuration)=0, flushCache_()=0, commitTxn_(CommitTxnRequest)=10, openTxn_(String, TxnType)=9}
2024-04-24T05:21:46,712  INFO [main] ql.Driver: Completed compiling command(queryId=alex_20240424052146_5a6ea515-d135-4563-9d6e-0e2f1a5531d0); Time taken: 0.015 seconds
2024-04-24T05:21:46,712  INFO [main] lockmgr.DbTxnManager: Setting lock request transaction to txnid:1 for queryId=alex_20240424052146_5a6ea515-d135-4563-9d6e-0e2f1a5531d0
2024-04-24T05:21:46,712  INFO [main] ql.Driver: Operation DROPTABLE obtained 0 locks
2024-04-24T05:21:46,713  INFO [main] ql.Driver: Executing command(queryId=alex_20240424052146_5a6ea515-d135-4563-9d6e-0e2f1a5531d0): drop table if exists acidTbl
2024-04-24T05:21:46,713  INFO [main] ql.Driver: Starting task [Stage-0:DDL] in serial mode
2024-04-24T05:21:46,713  INFO [main] HiveMetaStore.audit: ugi=alex	ip=unknown-ip-addr	cmd=get_table : tbl=hive.default.acidTbl	
2024-04-24T05:21:46,716  INFO [main] metadata.Hive: Dumping metastore api call timing information for : execution phase
2024-04-24T05:21:46,716  INFO [main] metadata.Hive: Total time spent in each metastore function (ms): {isCompatibleWith_(Configuration)=0}
2024-04-24T05:21:46,716  INFO [main] ql.Driver: Completed executing command(queryId=alex_20240424052146_5a6ea515-d135-4563-9d6e-0e2f1a5531d0); Time taken: 0.003 seconds
2024-04-24T05:21:46,716  INFO [main] lockmgr.DbTxnManager: Stopped heartbeat for query: alex_20240424052146_5a6ea515-d135-4563-9d6e-0e2f1a5531d0
2024-04-24T05:21:46,721  INFO [main] txn.TxnHandler: Expected to move at least one record from txn_components to completed_txn_components when committing txn! txnid:1
2024-04-24T05:21:46,727  INFO [main] txn.TxnHandler: Removed transactions: ([1]) from MIN_HISTORY_LEVEL
2024-04-24T05:21:46,727  WARN [main] txn.CompactionTxnHandler: No compaction queue record found for Compaction type transaction commit. txnId:1
2024-04-24T05:21:46,728  INFO [main] ql.TxnCommandsBaseForTests: Running the query: drop table if exists acidTblPart
2024-04-24T05:21:46,728  INFO [main] ql.Driver: Compiling command(queryId=alex_20240424052146_7f4831ef-61cd-4ea1-90a8-23e3690c15e9): drop table if exists acidTblPart
2024-04-24T05:21:46,730  INFO [main] txn.TxnHandler: Added entries to MIN_HISTORY_LEVEL for current txns: ([2]) with min_open_txn: 1
2024-04-24T05:21:46,730  INFO [main] lockmgr.DbTxnManager: Opened txnid:2
2024-04-24T05:21:46,731  INFO [main] HiveMetaStore.audit: ugi=alex	ip=unknown-ip-addr	cmd=get_table : tbl=hive.default.acidTblPart	
2024-04-24T05:21:46,734  INFO [main] ql.Driver: Semantic Analysis Completed (retrial = false)
2024-04-24T05:21:46,734  INFO [main] ql.Driver: Created Hive schema: Schema(fieldSchemas:null, properties:null)
2024-04-24T05:21:46,734  INFO [main] metadata.Hive: Dumping metastore api call timing information for : compilation phase
2024-04-24T05:21:46,734  INFO [main] metadata.Hive: Total time spent in each metastore function (ms): {commitTxn_(CommitTxnRequest)=12, getValidTxns_(long)=0, isCompatibleWith_(Configuration)=0, openTxn_(String, TxnType)=1, flushCache_()=0}
2024-04-24T05:21:46,734  INFO [main] ql.Driver: Completed compiling command(queryId=alex_20240424052146_7f4831ef-61cd-4ea1-90a8-23e3690c15e9); Time taken: 0.006 seconds
2024-04-24T05:21:46,734  INFO [main] lockmgr.DbTxnManager: Setting lock request transaction to txnid:2 for queryId=alex_20240424052146_7f4831ef-61cd-4ea1-90a8-23e3690c15e9
2024-04-24T05:21:46,734  INFO [main] ql.Driver: Operation DROPTABLE obtained 0 locks
2024-04-24T05:21:46,734  INFO [main] ql.Driver: Executing command(queryId=alex_20240424052146_7f4831ef-61cd-4ea1-90a8-23e3690c15e9): drop table if exists acidTblPart
2024-04-24T05:21:46,734  INFO [main] ql.Driver: Starting task [Stage-0:DDL] in serial mode
2024-04-24T05:21:46,735  INFO [main] HiveMetaStore.audit: ugi=alex	ip=unknown-ip-addr	cmd=get_table : tbl=hive.default.acidTblPart	
2024-04-24T05:21:46,737  INFO [main] metadata.Hive: Dumping metastore api call timing information for : execution phase
2024-04-24T05:21:46,737  INFO [main] metadata.Hive: Total time spent in each metastore function (ms): {isCompatibleWith_(Configuration)=1}
2024-04-24T05:21:46,737  INFO [main] ql.Driver: Completed executing command(queryId=alex_20240424052146_7f4831ef-61cd-4ea1-90a8-23e3690c15e9); Time taken: 0.003 seconds
2024-04-24T05:21:46,738  INFO [main] lockmgr.DbTxnManager: Stopped heartbeat for query: alex_20240424052146_7f4831ef-61cd-4ea1-90a8-23e3690c15e9
2024-04-24T05:21:46,742  INFO [main] txn.TxnHandler: Expected to move at least one record from txn_components to completed_txn_components when committing txn! txnid:2
2024-04-24T05:21:46,748  INFO [main] txn.TxnHandler: Removed transactions: ([2]) from MIN_HISTORY_LEVEL
2024-04-24T05:21:46,748  WARN [main] txn.CompactionTxnHandler: No compaction queue record found for Compaction type transaction commit. txnId:2
2024-04-24T05:21:46,748  INFO [main] ql.TxnCommandsBaseForTests: Running the query: drop table if exists acidTbl2
2024-04-24T05:21:46,749  INFO [main] ql.Driver: Compiling command(queryId=alex_20240424052146_090cf9df-8959-4a11-b887-e9d0413ce852): drop table if exists acidTbl2
2024-04-24T05:21:46,751  INFO [main] txn.TxnHandler: Added entries to MIN_HISTORY_LEVEL for current txns: ([3]) with min_open_txn: 1
2024-04-24T05:21:46,751  INFO [main] lockmgr.DbTxnManager: Opened txnid:3
2024-04-24T05:21:46,752  INFO [main] HiveMetaStore.audit: ugi=alex	ip=unknown-ip-addr	cmd=get_table : tbl=hive.default.acidTbl2	
2024-04-24T05:21:46,754  INFO [main] ql.Driver: Semantic Analysis Completed (retrial = false)
2024-04-24T05:21:46,754  INFO [main] ql.Driver: Created Hive schema: Schema(fieldSchemas:null, properties:null)
2024-04-24T05:21:46,754  INFO [main] metadata.Hive: Dumping metastore api call timing information for : compilation phase
2024-04-24T05:21:46,754  INFO [main] metadata.Hive: Total time spent in each metastore function (ms): {commitTxn_(CommitTxnRequest)=10, isCompatibleWith_(Configuration)=0, openTxn_(String, TxnType)=2, getValidTxns_(long)=0, flushCache_()=0}
2024-04-24T05:21:46,755  INFO [main] ql.Driver: Completed compiling command(queryId=alex_20240424052146_090cf9df-8959-4a11-b887-e9d0413ce852); Time taken: 0.005 seconds
2024-04-24T05:21:46,755  INFO [main] lockmgr.DbTxnManager: Setting lock request transaction to txnid:3 for queryId=alex_20240424052146_090cf9df-8959-4a11-b887-e9d0413ce852
2024-04-24T05:21:46,755  INFO [main] ql.Driver: Operation DROPTABLE obtained 0 locks
2024-04-24T05:21:46,755  INFO [main] ql.Driver: Executing command(queryId=alex_20240424052146_090cf9df-8959-4a11-b887-e9d0413ce852): drop table if exists acidTbl2
2024-04-24T05:21:46,755  INFO [main] ql.Driver: Starting task [Stage-0:DDL] in serial mode
2024-04-24T05:21:46,755  INFO [main] HiveMetaStore.audit: ugi=alex	ip=unknown-ip-addr	cmd=get_table : tbl=hive.default.acidTbl2	
2024-04-24T05:21:46,758  INFO [main] metadata.Hive: Dumping metastore api call timing information for : execution phase
2024-04-24T05:21:46,758  INFO [main] metadata.Hive: Total time spent in each metastore function (ms): {isCompatibleWith_(Configuration)=0}
2024-04-24T05:21:46,758  INFO [main] ql.Driver: Completed executing command(queryId=alex_20240424052146_090cf9df-8959-4a11-b887-e9d0413ce852); Time taken: 0.003 seconds
2024-04-24T05:21:46,758  INFO [main] lockmgr.DbTxnManager: Stopped heartbeat for query: alex_20240424052146_090cf9df-8959-4a11-b887-e9d0413ce852
2024-04-24T05:21:46,763  INFO [main] txn.TxnHandler: Expected to move at least one record from txn_components to completed_txn_components when committing txn! txnid:3
2024-04-24T05:21:46,769  INFO [main] txn.TxnHandler: Removed transactions: ([3]) from MIN_HISTORY_LEVEL
2024-04-24T05:21:46,770  WARN [main] txn.CompactionTxnHandler: No compaction queue record found for Compaction type transaction commit. txnId:3
2024-04-24T05:21:46,770  INFO [main] ql.TxnCommandsBaseForTests: Running the query: drop table if exists nonAcidOrcTbl
2024-04-24T05:21:46,770  INFO [main] ql.Driver: Compiling command(queryId=alex_20240424052146_9cbb8c01-4643-4dc3-8500-c7973bd72ad7): drop table if exists nonAcidOrcTbl
2024-04-24T05:21:46,773  INFO [main] txn.TxnHandler: Added entries to MIN_HISTORY_LEVEL for current txns: ([4]) with min_open_txn: 1
2024-04-24T05:21:46,773  INFO [main] lockmgr.DbTxnManager: Opened txnid:4
2024-04-24T05:21:46,774  INFO [main] HiveMetaStore.audit: ugi=alex	ip=unknown-ip-addr	cmd=get_table : tbl=hive.default.nonAcidOrcTbl	
2024-04-24T05:21:46,777  INFO [main] ql.Driver: Semantic Analysis Completed (retrial = false)
2024-04-24T05:21:46,777  INFO [main] ql.Driver: Created Hive schema: Schema(fieldSchemas:null, properties:null)
2024-04-24T05:21:46,777  INFO [main] metadata.Hive: Dumping metastore api call timing information for : compilation phase
2024-04-24T05:21:46,777  INFO [main] metadata.Hive: Total time spent in each metastore function (ms): {isCompatibleWith_(Configuration)=1, openTxn_(String, TxnType)=2, commitTxn_(CommitTxnRequest)=12, getValidTxns_(long)=0, flushCache_()=0}
2024-04-24T05:21:46,777  INFO [main] ql.Driver: Completed compiling command(queryId=alex_20240424052146_9cbb8c01-4643-4dc3-8500-c7973bd72ad7); Time taken: 0.007 seconds
2024-04-24T05:21:46,778  INFO [main] lockmgr.DbTxnManager: Setting lock request transaction to txnid:4 for queryId=alex_20240424052146_9cbb8c01-4643-4dc3-8500-c7973bd72ad7
2024-04-24T05:21:46,778  INFO [main] ql.Driver: Operation DROPTABLE obtained 0 locks
2024-04-24T05:21:46,778  INFO [main] ql.Driver: Executing command(queryId=alex_20240424052146_9cbb8c01-4643-4dc3-8500-c7973bd72ad7): drop table if exists nonAcidOrcTbl
2024-04-24T05:21:46,778  INFO [main] ql.Driver: Starting task [Stage-0:DDL] in serial mode
2024-04-24T05:21:46,778  INFO [main] HiveMetaStore.audit: ugi=alex	ip=unknown-ip-addr	cmd=get_table : tbl=hive.default.nonAcidOrcTbl	
2024-04-24T05:21:46,781  INFO [main] metadata.Hive: Dumping metastore api call timing information for : execution phase
2024-04-24T05:21:46,781  INFO [main] metadata.Hive: Total time spent in each metastore function (ms): {isCompatibleWith_(Configuration)=0}
2024-04-24T05:21:46,781  INFO [main] ql.Driver: Completed executing command(queryId=alex_20240424052146_9cbb8c01-4643-4dc3-8500-c7973bd72ad7); Time taken: 0.003 seconds
2024-04-24T05:21:46,781  INFO [main] lockmgr.DbTxnManager: Stopped heartbeat for query: alex_20240424052146_9cbb8c01-4643-4dc3-8500-c7973bd72ad7
2024-04-24T05:21:46,787  INFO [main] txn.TxnHandler: Expected to move at least one record from txn_components to completed_txn_components when committing txn! txnid:4
2024-04-24T05:21:46,794  INFO [main] txn.TxnHandler: Removed transactions: ([4]) from MIN_HISTORY_LEVEL
2024-04-24T05:21:46,794  WARN [main] txn.CompactionTxnHandler: No compaction queue record found for Compaction type transaction commit. txnId:4
2024-04-24T05:21:46,794  INFO [main] ql.TxnCommandsBaseForTests: Running the query: drop table if exists nonAcidOrcTbl2
2024-04-24T05:21:46,795  INFO [main] ql.Driver: Compiling command(queryId=alex_20240424052146_e319fcc1-68b6-4a8a-85f8-127d0dde1d9c): drop table if exists nonAcidOrcTbl2
2024-04-24T05:21:46,797  INFO [main] txn.TxnHandler: Added entries to MIN_HISTORY_LEVEL for current txns: ([5]) with min_open_txn: 1
2024-04-24T05:21:46,797  INFO [main] lockmgr.DbTxnManager: Opened txnid:5
2024-04-24T05:21:46,798  INFO [main] HiveMetaStore.audit: ugi=alex	ip=unknown-ip-addr	cmd=get_table : tbl=hive.default.nonAcidOrcTbl2	
2024-04-24T05:21:46,801  INFO [main] ql.Driver: Semantic Analysis Completed (retrial = false)
2024-04-24T05:21:46,801  INFO [main] ql.Driver: Created Hive schema: Schema(fieldSchemas:null, properties:null)
2024-04-24T05:21:46,801  INFO [main] metadata.Hive: Dumping metastore api call timing information for : compilation phase
2024-04-24T05:21:46,801  INFO [main] metadata.Hive: Total time spent in each metastore function (ms): {getValidTxns_(long)=0, isCompatibleWith_(Configuration)=1, flushCache_()=0, openTxn_(String, TxnType)=2, commitTxn_(CommitTxnRequest)=13}
2024-04-24T05:21:46,801  INFO [main] ql.Driver: Completed compiling command(queryId=alex_20240424052146_e319fcc1-68b6-4a8a-85f8-127d0dde1d9c); Time taken: 0.006 seconds
2024-04-24T05:21:46,802  INFO [main] lockmgr.DbTxnManager: Setting lock request transaction to txnid:5 for queryId=alex_20240424052146_e319fcc1-68b6-4a8a-85f8-127d0dde1d9c
2024-04-24T05:21:46,802  INFO [main] ql.Driver: Operation DROPTABLE obtained 0 locks
2024-04-24T05:21:46,802  INFO [main] ql.Driver: Executing command(queryId=alex_20240424052146_e319fcc1-68b6-4a8a-85f8-127d0dde1d9c): drop table if exists nonAcidOrcTbl2
2024-04-24T05:21:46,802  INFO [main] ql.Driver: Starting task [Stage-0:DDL] in serial mode
2024-04-24T05:21:46,802  INFO [main] HiveMetaStore.audit: ugi=alex	ip=unknown-ip-addr	cmd=get_table : tbl=hive.default.nonAcidOrcTbl2	
2024-04-24T05:21:46,805  INFO [main] metadata.Hive: Dumping metastore api call timing information for : execution phase
2024-04-24T05:21:46,805  INFO [main] metadata.Hive: Total time spent in each metastore function (ms): {isCompatibleWith_(Configuration)=0}
2024-04-24T05:21:46,805  INFO [main] ql.Driver: Completed executing command(queryId=alex_20240424052146_e319fcc1-68b6-4a8a-85f8-127d0dde1d9c); Time taken: 0.003 seconds
2024-04-24T05:21:46,805  INFO [main] lockmgr.DbTxnManager: Stopped heartbeat for query: alex_20240424052146_e319fcc1-68b6-4a8a-85f8-127d0dde1d9c
2024-04-24T05:21:46,811  INFO [main] txn.TxnHandler: Expected to move at least one record from txn_components to completed_txn_components when committing txn! txnid:5
2024-04-24T05:21:46,817  INFO [main] txn.TxnHandler: Removed transactions: ([5]) from MIN_HISTORY_LEVEL
2024-04-24T05:21:46,817  WARN [main] txn.CompactionTxnHandler: No compaction queue record found for Compaction type transaction commit. txnId:5
2024-04-24T05:21:46,818  INFO [main] ql.TxnCommandsBaseForTests: Running the query: drop table if exists nonAcidNonBucket
2024-04-24T05:21:46,818  INFO [main] ql.Driver: Compiling command(queryId=alex_20240424052146_2ff5642c-5f72-4957-acf8-35ca845a605b): drop table if exists nonAcidNonBucket
2024-04-24T05:21:46,820  INFO [main] txn.TxnHandler: Added entries to MIN_HISTORY_LEVEL for current txns: ([6]) with min_open_txn: 1
2024-04-24T05:21:46,821  INFO [main] lockmgr.DbTxnManager: Opened txnid:6
2024-04-24T05:21:46,821  INFO [main] HiveMetaStore.audit: ugi=alex	ip=unknown-ip-addr	cmd=get_table : tbl=hive.default.nonAcidNonBucket	
2024-04-24T05:21:46,824  INFO [main] ql.Driver: Semantic Analysis Completed (retrial = false)
2024-04-24T05:21:46,824  INFO [main] ql.Driver: Created Hive schema: Schema(fieldSchemas:null, properties:null)
2024-04-24T05:21:46,824  INFO [main] metadata.Hive: Dumping metastore api call timing information for : compilation phase
2024-04-24T05:21:46,824  INFO [main] metadata.Hive: Total time spent in each metastore function (ms): {commitTxn_(CommitTxnRequest)=13, openTxn_(String, TxnType)=2, flushCache_()=0, getValidTxns_(long)=0, isCompatibleWith_(Configuration)=1}
2024-04-24T05:21:46,824  INFO [main] ql.Driver: Completed compiling command(queryId=alex_20240424052146_2ff5642c-5f72-4957-acf8-35ca845a605b); Time taken: 0.006 seconds
2024-04-24T05:21:46,825  INFO [main] lockmgr.DbTxnManager: Setting lock request transaction to txnid:6 for queryId=alex_20240424052146_2ff5642c-5f72-4957-acf8-35ca845a605b
2024-04-24T05:21:46,825  INFO [main] ql.Driver: Operation DROPTABLE obtained 0 locks
2024-04-24T05:21:46,825  INFO [main] ql.Driver: Executing command(queryId=alex_20240424052146_2ff5642c-5f72-4957-acf8-35ca845a605b): drop table if exists nonAcidNonBucket
2024-04-24T05:21:46,825  INFO [main] ql.Driver: Starting task [Stage-0:DDL] in serial mode
2024-04-24T05:21:46,825  INFO [main] HiveMetaStore.audit: ugi=alex	ip=unknown-ip-addr	cmd=get_table : tbl=hive.default.nonAcidNonBucket	
2024-04-24T05:21:46,828  INFO [main] metadata.Hive: Dumping metastore api call timing information for : execution phase
2024-04-24T05:21:46,828  INFO [main] metadata.Hive: Total time spent in each metastore function (ms): {isCompatibleWith_(Configuration)=0}
2024-04-24T05:21:46,828  INFO [main] ql.Driver: Completed executing command(queryId=alex_20240424052146_2ff5642c-5f72-4957-acf8-35ca845a605b); Time taken: 0.003 seconds
2024-04-24T05:21:46,828  INFO [main] lockmgr.DbTxnManager: Stopped heartbeat for query: alex_20240424052146_2ff5642c-5f72-4957-acf8-35ca845a605b
2024-04-24T05:21:46,833  INFO [main] txn.TxnHandler: Expected to move at least one record from txn_components to completed_txn_components when committing txn! txnid:6
2024-04-24T05:21:46,839  INFO [main] txn.TxnHandler: Removed transactions: ([6]) from MIN_HISTORY_LEVEL
2024-04-24T05:21:46,840  WARN [main] txn.CompactionTxnHandler: No compaction queue record found for Compaction type transaction commit. txnId:6
2024-04-24T05:21:46,840  INFO [main] ql.TxnCommandsBaseForTests: Running the query: create table acidTbl(a int, b int) clustered by (a) into 2 buckets stored as orc TBLPROPERTIES ('transactional'='true')
2024-04-24T05:21:46,841  INFO [main] ql.Driver: Compiling command(queryId=alex_20240424052146_87cc73ce-b999-4151-b44f-91c41368f2c0): create table acidTbl(a int, b int) clustered by (a) into 2 buckets stored as orc TBLPROPERTIES ('transactional'='true')
2024-04-24T05:21:46,843  INFO [main] txn.TxnHandler: Added entries to MIN_HISTORY_LEVEL for current txns: ([7]) with min_open_txn: 1
2024-04-24T05:21:46,843  INFO [main] lockmgr.DbTxnManager: Opened txnid:7
2024-04-24T05:21:46,844  INFO [main] parse.CalcitePlanner: Starting caching scope for: 
2024-04-24T05:21:46,844  INFO [main] parse.CalcitePlanner: Starting Semantic Analysis
2024-04-24T05:21:46,850  INFO [main] parse.CalcitePlanner: Creating table default.acidTbl position=13
2024-04-24T05:21:46,850  INFO [main] HiveMetaStore.audit: ugi=alex	ip=unknown-ip-addr	cmd=get_database: default	
2024-04-24T05:21:46,851  INFO [main] parse.CalcitePlanner: Ending caching scope for: 
2024-04-24T05:21:46,851  INFO [main] ql.Driver: Semantic Analysis Completed (retrial = false)
2024-04-24T05:21:46,852  INFO [main] ql.Driver: Created Hive schema: Schema(fieldSchemas:null, properties:null)
2024-04-24T05:21:46,852  INFO [main] metadata.Hive: Dumping metastore api call timing information for : compilation phase
2024-04-24T05:21:46,852  INFO [main] metadata.Hive: Total time spent in each metastore function (ms): {isCompatibleWith_(Configuration)=0, getDatabase_(String)=1, getValidWriteIds_(List, String)=5, openTxn_(String, TxnType)=2, getValidTxns_(long)=1, commitTxn_(CommitTxnRequest)=12, flushCache_()=0}
2024-04-24T05:21:46,852  INFO [main] ql.Driver: Completed compiling command(queryId=alex_20240424052146_87cc73ce-b999-4151-b44f-91c41368f2c0); Time taken: 0.012 seconds
2024-04-24T05:21:46,852  INFO [main] lockmgr.DbTxnManager: Setting lock request transaction to txnid:7 for queryId=alex_20240424052146_87cc73ce-b999-4151-b44f-91c41368f2c0
2024-04-24T05:21:46,852  INFO [main] lockmgr.DbLockManager: Requesting lock for queryId=alex_20240424052146_87cc73ce-b999-4151-b44f-91c41368f2c0
2024-04-24T05:21:46,873  INFO [main] lockmgr.DbLockManager: Response to queryId=alex_20240424052146_87cc73ce-b999-4151-b44f-91c41368f2c0 LockResponse(lockid:1, state:ACQUIRED)
2024-04-24T05:21:46,873  INFO [main] ql.Driver: Operation CREATETABLE obtained 1 locks
2024-04-24T05:21:46,873  INFO [main] ql.Driver: Executing command(queryId=alex_20240424052146_87cc73ce-b999-4151-b44f-91c41368f2c0): create table acidTbl(a int, b int) clustered by (a) into 2 buckets stored as orc TBLPROPERTIES ('transactional'='true')
2024-04-24T05:21:46,874  INFO [main] ql.Driver: Starting task [Stage-0:DDL] in serial mode
2024-04-24T05:21:46,875  INFO [main] HiveMetaStore.audit: ugi=alex	ip=unknown-ip-addr	cmd=create_table_req: Table(tableName:acidTbl, dbName:default, owner:alex, createTime:1713961306, lastAccessTime:0, retention:0, sd:StorageDescriptor(cols:[FieldSchema(name:a, type:int, comment:null), FieldSchema(name:b, type:int, comment:null)], location:null, inputFormat:org.apache.hadoop.hive.ql.io.orc.OrcInputFormat, outputFormat:org.apache.hadoop.hive.ql.io.orc.OrcOutputFormat, compressed:false, numBuckets:2, serdeInfo:SerDeInfo(name:null, serializationLib:org.apache.hadoop.hive.ql.io.orc.OrcSerde, parameters:{serialization.format=1}), bucketCols:[a], sortCols:[], parameters:{}, skewedInfo:SkewedInfo(skewedColNames:[], skewedColValues:[], skewedColValueLocationMaps:{}), storedAsSubDirectories:false), partitionKeys:[], parameters:{numRows=0, numFiles=0, transactional=true, bucketing_version=2, rawDataSize=0, numFilesErasureCoded=0, COLUMN_STATS_ACCURATE={"BASIC_STATS":"true","COLUMN_STATS":{"a":"true","b":"true"}}, totalSize=0}, viewOriginalText:null, viewExpandedText:null, tableType:MANAGED_TABLE, privileges:PrincipalPrivilegeSet(userPrivileges:{alex=[PrivilegeGrantInfo(privilege:INSERT, createTime:-1, grantor:alex, grantorType:USER, grantOption:true), PrivilegeGrantInfo(privilege:SELECT, createTime:-1, grantor:alex, grantorType:USER, grantOption:true), PrivilegeGrantInfo(privilege:UPDATE, createTime:-1, grantor:alex, grantorType:USER, grantOption:true), PrivilegeGrantInfo(privilege:DELETE, createTime:-1, grantor:alex, grantorType:USER, grantOption:true)]}, groupPrivileges:null, rolePrivileges:null), temporary:false, catName:hive, ownerType:USER, writeId:0)	
2024-04-24T05:21:46,881  INFO [main] utils.FileUtils: Creating directory if it doesn't exist: file:/home/alex/Repositories/hive/ql/target/tmp/org.apache.hadoop.hive.ql.TestTxnNoBuckets-1713961246971/warehouse/acidtbl
2024-04-24T05:21:46,920  INFO [main] metadata.Hive: Dumping metastore api call timing information for : execution phase
2024-04-24T05:21:46,920  INFO [main] metadata.Hive: Total time spent in each metastore function (ms): {isCompatibleWith_(Configuration)=0, createTable_(Table)=46}
2024-04-24T05:21:46,920  INFO [main] ql.Driver: Completed executing command(queryId=alex_20240424052146_87cc73ce-b999-4151-b44f-91c41368f2c0); Time taken: 0.047 seconds
2024-04-24T05:21:46,921  INFO [main] lockmgr.DbTxnManager: Stopped heartbeat for query: alex_20240424052146_87cc73ce-b999-4151-b44f-91c41368f2c0
2024-04-24T05:21:46,925  INFO [main] txn.TxnHandler: Expected to move at least one record from txn_components to completed_txn_components when committing txn! txnid:7
2024-04-24T05:21:46,931  INFO [main] txn.TxnHandler: Removed transactions: ([7]) from MIN_HISTORY_LEVEL
2024-04-24T05:21:46,931  WARN [main] txn.CompactionTxnHandler: No compaction queue record found for Compaction type transaction commit. txnId:7
2024-04-24T05:21:46,932  INFO [main] ql.TxnCommandsBaseForTests: Running the query: create table acidTblPart(a int, b int) partitioned by (p string) clustered by (a) into 2 buckets stored as orc TBLPROPERTIES ('transactional'='true')
2024-04-24T05:21:46,932  INFO [main] ql.Driver: Compiling command(queryId=alex_20240424052146_8654c82b-a4a5-41bb-a5a1-cacb2432db2e): create table acidTblPart(a int, b int) partitioned by (p string) clustered by (a) into 2 buckets stored as orc TBLPROPERTIES ('transactional'='true')
2024-04-24T05:21:46,935  INFO [main] txn.TxnHandler: Added entries to MIN_HISTORY_LEVEL for current txns: ([8]) with min_open_txn: 1
2024-04-24T05:21:46,935  INFO [main] lockmgr.DbTxnManager: Opened txnid:8
2024-04-24T05:21:46,937  INFO [main] parse.CalcitePlanner: Starting caching scope for: 
2024-04-24T05:21:46,937  INFO [main] parse.CalcitePlanner: Starting Semantic Analysis
2024-04-24T05:21:46,940  INFO [main] parse.CalcitePlanner: Creating table default.acidTblPart position=13
2024-04-24T05:21:46,940  INFO [main] HiveMetaStore.audit: ugi=alex	ip=unknown-ip-addr	cmd=get_database: default	
2024-04-24T05:21:46,942  INFO [main] parse.CalcitePlanner: Ending caching scope for: 
2024-04-24T05:21:46,942  INFO [main] ql.Driver: Semantic Analysis Completed (retrial = false)
2024-04-24T05:21:46,942  INFO [main] ql.Driver: Created Hive schema: Schema(fieldSchemas:null, properties:null)
2024-04-24T05:21:46,942  INFO [main] metadata.Hive: Dumping metastore api call timing information for : compilation phase
2024-04-24T05:21:46,942  INFO [main] metadata.Hive: Total time spent in each metastore function (ms): {getValidTxns_(long)=2, commitTxn_(CommitTxnRequest)=11, isCompatibleWith_(Configuration)=0, openTxn_(String, TxnType)=2, getValidWriteIds_(List, String)=2, flushCache_()=0, getDatabase_(String)=1}
2024-04-24T05:21:46,942  INFO [main] ql.Driver: Completed compiling command(queryId=alex_20240424052146_8654c82b-a4a5-41bb-a5a1-cacb2432db2e); Time taken: 0.01 seconds
2024-04-24T05:21:46,942  INFO [main] lockmgr.DbTxnManager: Setting lock request transaction to txnid:8 for queryId=alex_20240424052146_8654c82b-a4a5-41bb-a5a1-cacb2432db2e
2024-04-24T05:21:46,942  INFO [main] lockmgr.DbLockManager: Requesting lock for queryId=alex_20240424052146_8654c82b-a4a5-41bb-a5a1-cacb2432db2e
2024-04-24T05:21:46,958  INFO [main] lockmgr.DbLockManager: Response to queryId=alex_20240424052146_8654c82b-a4a5-41bb-a5a1-cacb2432db2e LockResponse(lockid:2, state:ACQUIRED)
2024-04-24T05:21:46,958  INFO [main] ql.Driver: Operation CREATETABLE obtained 1 locks
2024-04-24T05:21:46,958  INFO [main] ql.Driver: Executing command(queryId=alex_20240424052146_8654c82b-a4a5-41bb-a5a1-cacb2432db2e): create table acidTblPart(a int, b int) partitioned by (p string) clustered by (a) into 2 buckets stored as orc TBLPROPERTIES ('transactional'='true')
2024-04-24T05:21:46,959  INFO [main] ql.Driver: Starting task [Stage-0:DDL] in serial mode
2024-04-24T05:21:46,960  INFO [main] HiveMetaStore.audit: ugi=alex	ip=unknown-ip-addr	cmd=create_table_req: Table(tableName:acidTblPart, dbName:default, owner:alex, createTime:1713961306, lastAccessTime:0, retention:0, sd:StorageDescriptor(cols:[FieldSchema(name:a, type:int, comment:null), FieldSchema(name:b, type:int, comment:null)], location:null, inputFormat:org.apache.hadoop.hive.ql.io.orc.OrcInputFormat, outputFormat:org.apache.hadoop.hive.ql.io.orc.OrcOutputFormat, compressed:false, numBuckets:2, serdeInfo:SerDeInfo(name:null, serializationLib:org.apache.hadoop.hive.ql.io.orc.OrcSerde, parameters:{serialization.format=1}), bucketCols:[a], sortCols:[], parameters:{}, skewedInfo:SkewedInfo(skewedColNames:[], skewedColValues:[], skewedColValueLocationMaps:{}), storedAsSubDirectories:false), partitionKeys:[FieldSchema(name:p, type:string, comment:null)], parameters:{transactional=true, bucketing_version=2}, viewOriginalText:null, viewExpandedText:null, tableType:MANAGED_TABLE, privileges:PrincipalPrivilegeSet(userPrivileges:{alex=[PrivilegeGrantInfo(privilege:INSERT, createTime:-1, grantor:alex, grantorType:USER, grantOption:true), PrivilegeGrantInfo(privilege:SELECT, createTime:-1, grantor:alex, grantorType:USER, grantOption:true), PrivilegeGrantInfo(privilege:UPDATE, createTime:-1, grantor:alex, grantorType:USER, grantOption:true), PrivilegeGrantInfo(privilege:DELETE, createTime:-1, grantor:alex, grantorType:USER, grantOption:true)]}, groupPrivileges:null, rolePrivileges:null), temporary:false, catName:hive, ownerType:USER, writeId:0)	
2024-04-24T05:21:46,965  INFO [main] utils.FileUtils: Creating directory if it doesn't exist: file:/home/alex/Repositories/hive/ql/target/tmp/org.apache.hadoop.hive.ql.TestTxnNoBuckets-1713961246971/warehouse/acidtblpart
2024-04-24T05:21:46,986  INFO [main] metadata.Hive: Dumping metastore api call timing information for : execution phase
2024-04-24T05:21:46,986  INFO [main] metadata.Hive: Total time spent in each metastore function (ms): {isCompatibleWith_(Configuration)=0, createTable_(Table)=26}
2024-04-24T05:21:46,986  INFO [main] ql.Driver: Completed executing command(queryId=alex_20240424052146_8654c82b-a4a5-41bb-a5a1-cacb2432db2e); Time taken: 0.028 seconds
2024-04-24T05:21:46,986  INFO [main] lockmgr.DbTxnManager: Stopped heartbeat for query: alex_20240424052146_8654c82b-a4a5-41bb-a5a1-cacb2432db2e
2024-04-24T05:21:46,990  INFO [main] txn.TxnHandler: Expected to move at least one record from txn_components to completed_txn_components when committing txn! txnid:8
2024-04-24T05:21:46,995  INFO [main] txn.TxnHandler: Removed transactions: ([8]) from MIN_HISTORY_LEVEL
2024-04-24T05:21:46,995  WARN [main] txn.CompactionTxnHandler: No compaction queue record found for Compaction type transaction commit. txnId:8
2024-04-24T05:21:46,996  INFO [main] ql.TxnCommandsBaseForTests: Running the query: create table nonAcidOrcTbl(a int, b int) clustered by (a) into 2 buckets stored as orc TBLPROPERTIES ('transactional'='false')
2024-04-24T05:21:46,996  INFO [main] ql.Driver: Compiling command(queryId=alex_20240424052146_e0e64e9b-0fff-4135-9bf0-9e4d318961d8): create table nonAcidOrcTbl(a int, b int) clustered by (a) into 2 buckets stored as orc TBLPROPERTIES ('transactional'='false')
2024-04-24T05:21:46,999  INFO [main] txn.TxnHandler: Added entries to MIN_HISTORY_LEVEL for current txns: ([9]) with min_open_txn: 1
2024-04-24T05:21:46,999  INFO [main] lockmgr.DbTxnManager: Opened txnid:9
2024-04-24T05:21:46,999  INFO [main] parse.CalcitePlanner: Starting caching scope for: 
2024-04-24T05:21:46,999  INFO [main] parse.CalcitePlanner: Starting Semantic Analysis
2024-04-24T05:21:47,002  INFO [main] parse.CalcitePlanner: Creating table default.nonAcidOrcTbl position=13
2024-04-24T05:21:47,002  INFO [main] HiveMetaStore.audit: ugi=alex	ip=unknown-ip-addr	cmd=get_database: default	
2024-04-24T05:21:47,004  INFO [main] parse.CalcitePlanner: Ending caching scope for: 
2024-04-24T05:21:47,004  INFO [main] ql.Driver: Semantic Analysis Completed (retrial = false)
2024-04-24T05:21:47,004  INFO [main] ql.Driver: Created Hive schema: Schema(fieldSchemas:null, properties:null)
2024-04-24T05:21:47,004  INFO [main] metadata.Hive: Dumping metastore api call timing information for : compilation phase
2024-04-24T05:21:47,004  INFO [main] metadata.Hive: Total time spent in each metastore function (ms): {openTxn_(String, TxnType)=2, flushCache_()=0, getValidWriteIds_(List, String)=2, commitTxn_(CommitTxnRequest)=10, isCompatibleWith_(Configuration)=0, getValidTxns_(long)=0, getDatabase_(String)=1}
2024-04-24T05:21:47,004  INFO [main] ql.Driver: Completed compiling command(queryId=alex_20240424052146_e0e64e9b-0fff-4135-9bf0-9e4d318961d8); Time taken: 0.008 seconds
2024-04-24T05:21:47,004  INFO [main] lockmgr.DbTxnManager: Setting lock request transaction to txnid:9 for queryId=alex_20240424052146_e0e64e9b-0fff-4135-9bf0-9e4d318961d8
2024-04-24T05:21:47,004  INFO [main] lockmgr.DbLockManager: Requesting lock for queryId=alex_20240424052146_e0e64e9b-0fff-4135-9bf0-9e4d318961d8
2024-04-24T05:21:47,019  INFO [main] lockmgr.DbLockManager: Response to queryId=alex_20240424052146_e0e64e9b-0fff-4135-9bf0-9e4d318961d8 LockResponse(lockid:3, state:ACQUIRED)
2024-04-24T05:21:47,019  INFO [main] ql.Driver: Operation CREATETABLE obtained 1 locks
2024-04-24T05:21:47,019  INFO [main] ql.Driver: Executing command(queryId=alex_20240424052146_e0e64e9b-0fff-4135-9bf0-9e4d318961d8): create table nonAcidOrcTbl(a int, b int) clustered by (a) into 2 buckets stored as orc TBLPROPERTIES ('transactional'='false')
2024-04-24T05:21:47,019  INFO [main] ql.Driver: Starting task [Stage-0:DDL] in serial mode
2024-04-24T05:21:47,020  INFO [main] HiveMetaStore.audit: ugi=alex	ip=unknown-ip-addr	cmd=create_table_req: Table(tableName:nonAcidOrcTbl, dbName:default, owner:alex, createTime:1713961307, lastAccessTime:0, retention:0, sd:StorageDescriptor(cols:[FieldSchema(name:a, type:int, comment:null), FieldSchema(name:b, type:int, comment:null)], location:null, inputFormat:org.apache.hadoop.hive.ql.io.orc.OrcInputFormat, outputFormat:org.apache.hadoop.hive.ql.io.orc.OrcOutputFormat, compressed:false, numBuckets:2, serdeInfo:SerDeInfo(name:null, serializationLib:org.apache.hadoop.hive.ql.io.orc.OrcSerde, parameters:{serialization.format=1}), bucketCols:[a], sortCols:[], parameters:{}, skewedInfo:SkewedInfo(skewedColNames:[], skewedColValues:[], skewedColValueLocationMaps:{}), storedAsSubDirectories:false), partitionKeys:[], parameters:{totalSize=0, COLUMN_STATS_ACCURATE={"BASIC_STATS":"true","COLUMN_STATS":{"a":"true","b":"true"}}, transactional=false, rawDataSize=0, numRows=0, numFiles=0, bucketing_version=2, numFilesErasureCoded=0}, viewOriginalText:null, viewExpandedText:null, tableType:MANAGED_TABLE, privileges:PrincipalPrivilegeSet(userPrivileges:{alex=[PrivilegeGrantInfo(privilege:INSERT, createTime:-1, grantor:alex, grantorType:USER, grantOption:true), PrivilegeGrantInfo(privilege:SELECT, createTime:-1, grantor:alex, grantorType:USER, grantOption:true), PrivilegeGrantInfo(privilege:UPDATE, createTime:-1, grantor:alex, grantorType:USER, grantOption:true), PrivilegeGrantInfo(privilege:DELETE, createTime:-1, grantor:alex, grantorType:USER, grantOption:true)]}, groupPrivileges:null, rolePrivileges:null), temporary:false, catName:hive, ownerType:USER)	
2024-04-24T05:21:47,025  INFO [main] utils.FileUtils: Creating directory if it doesn't exist: file:/home/alex/Repositories/hive/ql/target/tmp/org.apache.hadoop.hive.ql.TestTxnNoBuckets-1713961246971/warehouse/nonacidorctbl
2024-04-24T05:21:47,040  INFO [main] metadata.Hive: Dumping metastore api call timing information for : execution phase
2024-04-24T05:21:47,040  INFO [main] metadata.Hive: Total time spent in each metastore function (ms): {createTable_(Table)=21, isCompatibleWith_(Configuration)=0}
2024-04-24T05:21:47,040  INFO [main] ql.Driver: Completed executing command(queryId=alex_20240424052146_e0e64e9b-0fff-4135-9bf0-9e4d318961d8); Time taken: 0.021 seconds
2024-04-24T05:21:47,041  INFO [main] lockmgr.DbTxnManager: Stopped heartbeat for query: alex_20240424052146_e0e64e9b-0fff-4135-9bf0-9e4d318961d8
2024-04-24T05:21:47,044  INFO [main] txn.TxnHandler: Expected to move at least one record from txn_components to completed_txn_components when committing txn! txnid:9
2024-04-24T05:21:47,050  INFO [main] txn.TxnHandler: Removed transactions: ([9]) from MIN_HISTORY_LEVEL
2024-04-24T05:21:47,050  WARN [main] txn.CompactionTxnHandler: No compaction queue record found for Compaction type transaction commit. txnId:9
2024-04-24T05:21:47,051  INFO [main] ql.TxnCommandsBaseForTests: Running the query: create table nonAcidOrcTbl2(a int, b int) clustered by (a) into 2 buckets stored as orc TBLPROPERTIES ('transactional'='false')
2024-04-24T05:21:47,051  INFO [main] ql.Driver: Compiling command(queryId=alex_20240424052147_d8af220e-cfec-4b28-816a-5bdc56a56d3a): create table nonAcidOrcTbl2(a int, b int) clustered by (a) into 2 buckets stored as orc TBLPROPERTIES ('transactional'='false')
2024-04-24T05:21:47,053  INFO [main] txn.TxnHandler: Added entries to MIN_HISTORY_LEVEL for current txns: ([10]) with min_open_txn: 1
2024-04-24T05:21:47,054  INFO [main] lockmgr.DbTxnManager: Opened txnid:10
2024-04-24T05:21:47,054  INFO [main] parse.CalcitePlanner: Starting caching scope for: 
2024-04-24T05:21:47,054  INFO [main] parse.CalcitePlanner: Starting Semantic Analysis
2024-04-24T05:21:47,057  INFO [main] parse.CalcitePlanner: Creating table default.nonAcidOrcTbl2 position=13
2024-04-24T05:21:47,057  INFO [main] HiveMetaStore.audit: ugi=alex	ip=unknown-ip-addr	cmd=get_database: default	
2024-04-24T05:21:47,058  INFO [main] parse.CalcitePlanner: Ending caching scope for: 
2024-04-24T05:21:47,058  INFO [main] ql.Driver: Semantic Analysis Completed (retrial = false)
2024-04-24T05:21:47,058  INFO [main] ql.Driver: Created Hive schema: Schema(fieldSchemas:null, properties:null)
2024-04-24T05:21:47,058  INFO [main] metadata.Hive: Dumping metastore api call timing information for : compilation phase
2024-04-24T05:21:47,059  INFO [main] metadata.Hive: Total time spent in each metastore function (ms): {flushCache_()=0, commitTxn_(CommitTxnRequest)=10, getDatabase_(String)=1, getValidWriteIds_(List, String)=2, isCompatibleWith_(Configuration)=2, getValidTxns_(long)=0, openTxn_(String, TxnType)=2}
2024-04-24T05:21:47,059  INFO [main] ql.Driver: Completed compiling command(queryId=alex_20240424052147_d8af220e-cfec-4b28-816a-5bdc56a56d3a); Time taken: 0.007 seconds
2024-04-24T05:21:47,059  INFO [main] lockmgr.DbTxnManager: Setting lock request transaction to txnid:10 for queryId=alex_20240424052147_d8af220e-cfec-4b28-816a-5bdc56a56d3a
2024-04-24T05:21:47,059  INFO [main] lockmgr.DbLockManager: Requesting lock for queryId=alex_20240424052147_d8af220e-cfec-4b28-816a-5bdc56a56d3a
2024-04-24T05:21:47,074  INFO [main] lockmgr.DbLockManager: Response to queryId=alex_20240424052147_d8af220e-cfec-4b28-816a-5bdc56a56d3a LockResponse(lockid:4, state:ACQUIRED)
2024-04-24T05:21:47,074  INFO [main] ql.Driver: Operation CREATETABLE obtained 1 locks
2024-04-24T05:21:47,074  INFO [main] ql.Driver: Executing command(queryId=alex_20240424052147_d8af220e-cfec-4b28-816a-5bdc56a56d3a): create table nonAcidOrcTbl2(a int, b int) clustered by (a) into 2 buckets stored as orc TBLPROPERTIES ('transactional'='false')
2024-04-24T05:21:47,074  INFO [main] ql.Driver: Starting task [Stage-0:DDL] in serial mode
2024-04-24T05:21:47,075  INFO [main] HiveMetaStore.audit: ugi=alex	ip=unknown-ip-addr	cmd=create_table_req: Table(tableName:nonAcidOrcTbl2, dbName:default, owner:alex, createTime:1713961307, lastAccessTime:0, retention:0, sd:StorageDescriptor(cols:[FieldSchema(name:a, type:int, comment:null), FieldSchema(name:b, type:int, comment:null)], location:null, inputFormat:org.apache.hadoop.hive.ql.io.orc.OrcInputFormat, outputFormat:org.apache.hadoop.hive.ql.io.orc.OrcOutputFormat, compressed:false, numBuckets:2, serdeInfo:SerDeInfo(name:null, serializationLib:org.apache.hadoop.hive.ql.io.orc.OrcSerde, parameters:{serialization.format=1}), bucketCols:[a], sortCols:[], parameters:{}, skewedInfo:SkewedInfo(skewedColNames:[], skewedColValues:[], skewedColValueLocationMaps:{}), storedAsSubDirectories:false), partitionKeys:[], parameters:{COLUMN_STATS_ACCURATE={"BASIC_STATS":"true","COLUMN_STATS":{"a":"true","b":"true"}}, totalSize=0, numFiles=0, bucketing_version=2, rawDataSize=0, numRows=0, transactional=false, numFilesErasureCoded=0}, viewOriginalText:null, viewExpandedText:null, tableType:MANAGED_TABLE, privileges:PrincipalPrivilegeSet(userPrivileges:{alex=[PrivilegeGrantInfo(privilege:INSERT, createTime:-1, grantor:alex, grantorType:USER, grantOption:true), PrivilegeGrantInfo(privilege:SELECT, createTime:-1, grantor:alex, grantorType:USER, grantOption:true), PrivilegeGrantInfo(privilege:UPDATE, createTime:-1, grantor:alex, grantorType:USER, grantOption:true), PrivilegeGrantInfo(privilege:DELETE, createTime:-1, grantor:alex, grantorType:USER, grantOption:true)]}, groupPrivileges:null, rolePrivileges:null), temporary:false, catName:hive, ownerType:USER)	
2024-04-24T05:21:47,080  INFO [main] utils.FileUtils: Creating directory if it doesn't exist: file:/home/alex/Repositories/hive/ql/target/tmp/org.apache.hadoop.hive.ql.TestTxnNoBuckets-1713961246971/warehouse/nonacidorctbl2
2024-04-24T05:21:47,096  INFO [main] metadata.Hive: Dumping metastore api call timing information for : execution phase
2024-04-24T05:21:47,096  INFO [main] metadata.Hive: Total time spent in each metastore function (ms): {createTable_(Table)=20, isCompatibleWith_(Configuration)=0}
2024-04-24T05:21:47,096  INFO [main] ql.Driver: Completed executing command(queryId=alex_20240424052147_d8af220e-cfec-4b28-816a-5bdc56a56d3a); Time taken: 0.022 seconds
2024-04-24T05:21:47,096  INFO [main] lockmgr.DbTxnManager: Stopped heartbeat for query: alex_20240424052147_d8af220e-cfec-4b28-816a-5bdc56a56d3a
2024-04-24T05:21:47,100  INFO [main] txn.TxnHandler: Expected to move at least one record from txn_components to completed_txn_components when committing txn! txnid:10
2024-04-24T05:21:47,106  INFO [main] txn.TxnHandler: Removed transactions: ([10]) from MIN_HISTORY_LEVEL
2024-04-24T05:21:47,106  WARN [main] txn.CompactionTxnHandler: No compaction queue record found for Compaction type transaction commit. txnId:10
2024-04-24T05:21:47,107  INFO [main] ql.TxnCommandsBaseForTests: Running the query: create temporary  table acidTbl2(a int, b int, c int) clustered by (c) into 2 buckets stored as orc TBLPROPERTIES ('transactional'='true')
2024-04-24T05:21:47,107  INFO [main] ql.Driver: Compiling command(queryId=alex_20240424052147_139eabbc-fa79-49aa-a5d8-34d6ae50bc97): create temporary  table acidTbl2(a int, b int, c int) clustered by (c) into 2 buckets stored as orc TBLPROPERTIES ('transactional'='true')
2024-04-24T05:21:47,109  INFO [main] txn.TxnHandler: Added entries to MIN_HISTORY_LEVEL for current txns: ([11]) with min_open_txn: 1
2024-04-24T05:21:47,110  INFO [main] lockmgr.DbTxnManager: Opened txnid:11
2024-04-24T05:21:47,110  INFO [main] parse.CalcitePlanner: Starting caching scope for: 
2024-04-24T05:21:47,110  INFO [main] parse.CalcitePlanner: Starting Semantic Analysis
2024-04-24T05:21:47,113  INFO [main] parse.CalcitePlanner: Creating table default.acidTbl2 position=24
2024-04-24T05:21:47,113  INFO [main] HiveMetaStore.audit: ugi=alex	ip=unknown-ip-addr	cmd=get_database: default	
2024-04-24T05:21:47,114  INFO [main] parse.CalcitePlanner: Ending caching scope for: 
2024-04-24T05:21:47,115  INFO [main] ql.Driver: Semantic Analysis Completed (retrial = false)
2024-04-24T05:21:47,115  INFO [main] ql.Driver: Created Hive schema: Schema(fieldSchemas:null, properties:null)
2024-04-24T05:21:47,115  INFO [main] metadata.Hive: Dumping metastore api call timing information for : compilation phase
2024-04-24T05:21:47,115  INFO [main] metadata.Hive: Total time spent in each metastore function (ms): {openTxn_(String, TxnType)=2, getValidTxns_(long)=0, flushCache_()=0, isCompatibleWith_(Configuration)=0, getDatabase_(String)=1, getValidWriteIds_(List, String)=3, commitTxn_(CommitTxnRequest)=11}
2024-04-24T05:21:47,115  INFO [main] ql.Driver: Completed compiling command(queryId=alex_20240424052147_139eabbc-fa79-49aa-a5d8-34d6ae50bc97); Time taken: 0.008 seconds
2024-04-24T05:21:47,115  INFO [main] lockmgr.DbTxnManager: Setting lock request transaction to txnid:11 for queryId=alex_20240424052147_139eabbc-fa79-49aa-a5d8-34d6ae50bc97
2024-04-24T05:21:47,116  INFO [main] lockmgr.DbLockManager: Requesting lock for queryId=alex_20240424052147_139eabbc-fa79-49aa-a5d8-34d6ae50bc97
2024-04-24T05:21:47,129  INFO [main] lockmgr.DbLockManager: Response to queryId=alex_20240424052147_139eabbc-fa79-49aa-a5d8-34d6ae50bc97 LockResponse(lockid:5, state:ACQUIRED)
2024-04-24T05:21:47,129  INFO [main] ql.Driver: Operation CREATETABLE obtained 1 locks
2024-04-24T05:21:47,130  INFO [main] ql.Driver: Executing command(queryId=alex_20240424052147_139eabbc-fa79-49aa-a5d8-34d6ae50bc97): create temporary  table acidTbl2(a int, b int, c int) clustered by (c) into 2 buckets stored as orc TBLPROPERTIES ('transactional'='true')
2024-04-24T05:21:47,130  INFO [main] ql.Driver: Starting task [Stage-0:DDL] in serial mode
2024-04-24T05:21:47,131  INFO [main] utils.FileUtils: Creating directory if it doesn't exist: file:/home/alex/Repositories/hive/ql/target/tmp/scratchdir/alex/805767f7-68f6-4a20-a278-5bece910bf9b/_tmp_space.db/3330f432-5c58-4df7-bcb0-4af18d764af6
2024-04-24T05:21:47,134  INFO [main] metadata.Hive: Dumping metastore api call timing information for : execution phase
2024-04-24T05:21:47,134  INFO [main] metadata.Hive: Total time spent in each metastore function (ms): {isCompatibleWith_(Configuration)=0, createTable_(Table)=3}
2024-04-24T05:21:47,134  INFO [main] ql.Driver: Completed executing command(queryId=alex_20240424052147_139eabbc-fa79-49aa-a5d8-34d6ae50bc97); Time taken: 0.004 seconds
2024-04-24T05:21:47,134  INFO [main] lockmgr.DbTxnManager: Stopped heartbeat for query: alex_20240424052147_139eabbc-fa79-49aa-a5d8-34d6ae50bc97
2024-04-24T05:21:47,138  INFO [main] txn.TxnHandler: Expected to move at least one record from txn_components to completed_txn_components when committing txn! txnid:11
2024-04-24T05:21:47,144  INFO [main] txn.TxnHandler: Removed transactions: ([11]) from MIN_HISTORY_LEVEL
2024-04-24T05:21:47,144  WARN [main] txn.CompactionTxnHandler: No compaction queue record found for Compaction type transaction commit. txnId:11
2024-04-24T05:21:47,144  INFO [main] ql.TxnCommandsBaseForTests: Running the query: create table nonAcidNonBucket(a int, b int) stored as orc TBLPROPERTIES ('transactional'='false')
2024-04-24T05:21:47,145  INFO [main] ql.Driver: Compiling command(queryId=alex_20240424052147_93ea28e5-5d04-4283-9938-5c06f18e0562): create table nonAcidNonBucket(a int, b int) stored as orc TBLPROPERTIES ('transactional'='false')
2024-04-24T05:21:47,147  INFO [main] txn.TxnHandler: Added entries to MIN_HISTORY_LEVEL for current txns: ([12]) with min_open_txn: 1
2024-04-24T05:21:47,147  INFO [main] lockmgr.DbTxnManager: Opened txnid:12
2024-04-24T05:21:47,148  INFO [main] parse.CalcitePlanner: Starting caching scope for: 
2024-04-24T05:21:47,148  INFO [main] parse.CalcitePlanner: Starting Semantic Analysis
2024-04-24T05:21:47,150  INFO [main] parse.CalcitePlanner: Creating table default.nonAcidNonBucket position=13
2024-04-24T05:21:47,150  INFO [main] HiveMetaStore.audit: ugi=alex	ip=unknown-ip-addr	cmd=get_database: default	
2024-04-24T05:21:47,152  INFO [main] parse.CalcitePlanner: Ending caching scope for: 
2024-04-24T05:21:47,152  INFO [main] ql.Driver: Semantic Analysis Completed (retrial = false)
2024-04-24T05:21:47,152  INFO [main] ql.Driver: Created Hive schema: Schema(fieldSchemas:null, properties:null)
2024-04-24T05:21:47,152  INFO [main] metadata.Hive: Dumping metastore api call timing information for : compilation phase
2024-04-24T05:21:47,152  INFO [main] metadata.Hive: Total time spent in each metastore function (ms): {flushCache_()=0, getValidWriteIds_(List, String)=2, isCompatibleWith_(Configuration)=2, getValidTxns_(long)=0, commitTxn_(CommitTxnRequest)=9, openTxn_(String, TxnType)=2, getDatabase_(String)=2}
2024-04-24T05:21:47,152  INFO [main] ql.Driver: Completed compiling command(queryId=alex_20240424052147_93ea28e5-5d04-4283-9938-5c06f18e0562); Time taken: 0.007 seconds
2024-04-24T05:21:47,153  INFO [main] lockmgr.DbTxnManager: Setting lock request transaction to txnid:12 for queryId=alex_20240424052147_93ea28e5-5d04-4283-9938-5c06f18e0562
2024-04-24T05:21:47,153  INFO [main] lockmgr.DbLockManager: Requesting lock for queryId=alex_20240424052147_93ea28e5-5d04-4283-9938-5c06f18e0562
2024-04-24T05:21:47,167  INFO [main] lockmgr.DbLockManager: Response to queryId=alex_20240424052147_93ea28e5-5d04-4283-9938-5c06f18e0562 LockResponse(lockid:6, state:ACQUIRED)
2024-04-24T05:21:47,167  INFO [main] ql.Driver: Operation CREATETABLE obtained 1 locks
2024-04-24T05:21:47,167  INFO [main] ql.Driver: Executing command(queryId=alex_20240424052147_93ea28e5-5d04-4283-9938-5c06f18e0562): create table nonAcidNonBucket(a int, b int) stored as orc TBLPROPERTIES ('transactional'='false')
2024-04-24T05:21:47,167  INFO [main] ql.Driver: Starting task [Stage-0:DDL] in serial mode
2024-04-24T05:21:47,168  INFO [main] HiveMetaStore.audit: ugi=alex	ip=unknown-ip-addr	cmd=create_table_req: Table(tableName:nonAcidNonBucket, dbName:default, owner:alex, createTime:1713961307, lastAccessTime:0, retention:0, sd:StorageDescriptor(cols:[FieldSchema(name:a, type:int, comment:null), FieldSchema(name:b, type:int, comment:null)], location:null, inputFormat:org.apache.hadoop.hive.ql.io.orc.OrcInputFormat, outputFormat:org.apache.hadoop.hive.ql.io.orc.OrcOutputFormat, compressed:false, numBuckets:-1, serdeInfo:SerDeInfo(name:null, serializationLib:org.apache.hadoop.hive.ql.io.orc.OrcSerde, parameters:{serialization.format=1}), bucketCols:[], sortCols:[], parameters:{}, skewedInfo:SkewedInfo(skewedColNames:[], skewedColValues:[], skewedColValueLocationMaps:{}), storedAsSubDirectories:false), partitionKeys:[], parameters:{COLUMN_STATS_ACCURATE={"BASIC_STATS":"true","COLUMN_STATS":{"a":"true","b":"true"}}, numRows=0, bucketing_version=2, totalSize=0, numFilesErasureCoded=0, rawDataSize=0, numFiles=0, transactional=false}, viewOriginalText:null, viewExpandedText:null, tableType:MANAGED_TABLE, privileges:PrincipalPrivilegeSet(userPrivileges:{alex=[PrivilegeGrantInfo(privilege:INSERT, createTime:-1, grantor:alex, grantorType:USER, grantOption:true), PrivilegeGrantInfo(privilege:SELECT, createTime:-1, grantor:alex, grantorType:USER, grantOption:true), PrivilegeGrantInfo(privilege:UPDATE, createTime:-1, grantor:alex, grantorType:USER, grantOption:true), PrivilegeGrantInfo(privilege:DELETE, createTime:-1, grantor:alex, grantorType:USER, grantOption:true)]}, groupPrivileges:null, rolePrivileges:null), temporary:false, catName:hive, ownerType:USER)	
2024-04-24T05:21:47,173  INFO [main] utils.FileUtils: Creating directory if it doesn't exist: file:/home/alex/Repositories/hive/ql/target/tmp/org.apache.hadoop.hive.ql.TestTxnNoBuckets-1713961246971/warehouse/nonacidnonbucket
2024-04-24T05:21:47,188  INFO [main] metadata.Hive: Dumping metastore api call timing information for : execution phase
2024-04-24T05:21:47,188  INFO [main] metadata.Hive: Total time spent in each metastore function (ms): {isCompatibleWith_(Configuration)=0, createTable_(Table)=20}
2024-04-24T05:21:47,188  INFO [main] ql.Driver: Completed executing command(queryId=alex_20240424052147_93ea28e5-5d04-4283-9938-5c06f18e0562); Time taken: 0.021 seconds
2024-04-24T05:21:47,188  INFO [main] lockmgr.DbTxnManager: Stopped heartbeat for query: alex_20240424052147_93ea28e5-5d04-4283-9938-5c06f18e0562
2024-04-24T05:21:47,192  INFO [main] txn.TxnHandler: Expected to move at least one record from txn_components to completed_txn_components when committing txn! txnid:12
2024-04-24T05:21:47,198  INFO [main] txn.TxnHandler: Removed transactions: ([12]) from MIN_HISTORY_LEVEL
2024-04-24T05:21:47,198  WARN [main] txn.CompactionTxnHandler: No compaction queue record found for Compaction type transaction commit. txnId:12
2024-04-24T05:21:47,198  INFO [main] ql.TxnCommandsBaseForTests: Running the query: insert into nonAcidNonBucket(a,b) values(1,2),(1,3)
2024-04-24T05:21:47,199  INFO [main] ql.Driver: Compiling command(queryId=alex_20240424052147_90144a69-be25-4626-9f87-2a3fdcacd032): insert into nonAcidNonBucket(a,b) values(1,2),(1,3)
2024-04-24T05:21:47,202  INFO [main] txn.TxnHandler: Added entries to MIN_HISTORY_LEVEL for current txns: ([13]) with min_open_txn: 1
2024-04-24T05:21:47,202  INFO [main] lockmgr.DbTxnManager: Opened txnid:13
2024-04-24T05:21:47,202  INFO [main] parse.CalcitePlanner: Starting caching scope for: 
2024-04-24T05:21:47,202  INFO [main] parse.CalcitePlanner: Starting Semantic Analysis
2024-04-24T05:21:47,206  INFO [main] HiveMetaStore.audit: ugi=alex	ip=unknown-ip-addr	cmd=get_table : tbl=hive.default.nonAcidNonBucket	
2024-04-24T05:21:47,244  INFO [main] metastore.HMSHandler: Skipping translation for processor with null
2024-04-24T05:21:47,245  INFO [main] parse.CalcitePlanner: Completed phase 1 of Semantic Analysis
2024-04-24T05:21:47,245  INFO [main] parse.CalcitePlanner: Get metadata for source tables
2024-04-24T05:21:47,245  INFO [main] parse.CalcitePlanner: Get metadata for subqueries
2024-04-24T05:21:47,245  INFO [main] parse.CalcitePlanner: Get metadata for destination tables
2024-04-24T05:21:47,245  INFO [main] HiveMetaStore.audit: ugi=alex	ip=unknown-ip-addr	cmd=get_table : tbl=hive.default.nonAcidNonBucket	
2024-04-24T05:21:47,254  INFO [main] metastore.HMSHandler: Skipping translation for processor with null
2024-04-24T05:21:47,254  INFO [main] parse.CalcitePlanner: Completed getting MetaData in Semantic Analysis
2024-04-24T05:21:47,254  INFO [main] parse.CalcitePlanner: Disabling LLAP IO encode as ETL query is detected
2024-04-24T05:21:47,275  INFO [main] HiveMetaStore.audit: ugi=alex	ip=unknown-ip-addr	cmd=get_all_table_constraints : tbl=hive._dummy_database._dummy_table	
2024-04-24T05:21:47,348  INFO [main] parse.CalcitePlanner: Get metadata for source tables
2024-04-24T05:21:47,349  INFO [main] parse.CalcitePlanner: Get metadata for subqueries
2024-04-24T05:21:47,349  INFO [main] parse.CalcitePlanner: Get metadata for source tables
2024-04-24T05:21:47,349  INFO [main] HiveMetaStore.audit: ugi=alex	ip=unknown-ip-addr	cmd=get_table : tbl=hive._dummy_database._dummy_table	
2024-04-24T05:21:47,351  INFO [main] parse.CalcitePlanner: Get metadata for subqueries
2024-04-24T05:21:47,351  INFO [main] parse.CalcitePlanner: Get metadata for destination tables
2024-04-24T05:21:47,351  INFO [main] parse.CalcitePlanner: Get metadata for destination tables
2024-04-24T05:21:47,351  INFO [main] HiveMetaStore.audit: ugi=alex	ip=unknown-ip-addr	cmd=get_table : tbl=hive.default.nonAcidNonBucket	
2024-04-24T05:21:47,360  INFO [main] metastore.HMSHandler: Skipping translation for processor with null
2024-04-24T05:21:47,361  INFO [main] common.FileUtils: Creating directory if it doesn't exist: file:/home/alex/Repositories/hive/ql/target/tmp/org.apache.hadoop.hive.ql.TestTxnNoBuckets-1713961246971/warehouse/nonacidnonbucket/.hive-staging_hive_2024-04-24_05-21-47_198_3669424420881745264-1
2024-04-24T05:21:47,364  INFO [main] HiveMetaStore.audit: ugi=alex	ip=unknown-ip-addr	cmd=get_not_null_constraints : tbl=hive.default.nonacidnonbucket	
2024-04-24T05:21:47,365  INFO [main] HiveMetaStore.audit: ugi=alex	ip=unknown-ip-addr	cmd=get_check_constraints : tbl=hive.default.nonacidnonbucket	
2024-04-24T05:21:47,366  INFO [main] parse.CalcitePlanner: CBO Succeeded; optimized logical plan.
2024-04-24T05:21:47,369  INFO [main] optimizer.BucketVersionPopulator: not considering bucketingVersion for: TS[0] because it has -1<2 buckets 
2024-04-24T05:21:47,369  INFO [main] optimizer.SortedDynPartitionOptimizer: Sorted dynamic partitioning optimization kicked in..
2024-04-24T05:21:47,378  INFO [main] HiveMetaStore.audit: ugi=alex	ip=unknown-ip-addr	cmd=get_table : tbl=hive.default.nonacidnonbucket	
2024-04-24T05:21:47,387  INFO [main] metastore.HMSHandler: Skipping translation for processor with null
2024-04-24T05:21:47,388  INFO [main] optimizer.GenMRFileSink1: using CombineHiveInputformat for the merge job
2024-04-24T05:21:47,388  INFO [main] HiveMetaStore.audit: ugi=alex	ip=unknown-ip-addr	cmd=get_table : tbl=hive.default.nonacidnonbucket	
2024-04-24T05:21:47,397  INFO [main] metastore.HMSHandler: Skipping translation for processor with null
2024-04-24T05:21:47,399  INFO [main] parse.CalcitePlanner: Completed plan generation
2024-04-24T05:21:47,399  INFO [main] parse.CalcitePlanner: Ending caching scope for: 
2024-04-24T05:21:47,399  INFO [main] ql.Driver: Semantic Analysis Completed (retrial = false)
2024-04-24T05:21:47,399  INFO [main] ql.Driver: Created Hive schema: Schema(fieldSchemas:[FieldSchema(name:_col0, type:int, comment:null), FieldSchema(name:_col1, type:int, comment:null)], properties:null)
2024-04-24T05:21:47,399  INFO [main] metadata.Hive: Dumping metastore api call timing information for : compilation phase
2024-04-24T05:21:47,399  INFO [main] metadata.Hive: Total time spent in each metastore function (ms): {getCheckConstraints_(CheckConstraintsRequest)=1, getValidTxns_(long)=0, getTable_(GetTableRequest)=76, openTxn_(String, TxnType)=3, isCompatibleWith_(Configuration)=2, getAllTableConstraints_(AllTableConstraintsRequest)=29, commitTxn_(CommitTxnRequest)=9, flushCache_()=0, getNotNullConstraints_(NotNullConstraintsRequest)=1, getValidWriteIds_(List, String)=2}
2024-04-24T05:21:47,399  INFO [main] ql.Driver: Completed compiling command(queryId=alex_20240424052147_90144a69-be25-4626-9f87-2a3fdcacd032); Time taken: 0.2 seconds
2024-04-24T05:21:47,400  INFO [main] lockmgr.DbTxnManager: Setting lock request transaction to txnid:13 for queryId=alex_20240424052147_90144a69-be25-4626-9f87-2a3fdcacd032
2024-04-24T05:21:47,400  INFO [main] lockmgr.DbLockManager: Requesting lock for queryId=alex_20240424052147_90144a69-be25-4626-9f87-2a3fdcacd032
2024-04-24T05:21:47,420  INFO [main] lockmgr.DbLockManager: Response to queryId=alex_20240424052147_90144a69-be25-4626-9f87-2a3fdcacd032 LockResponse(lockid:7, state:ACQUIRED)
2024-04-24T05:21:47,420  INFO [main] ql.Driver: Operation QUERY obtained 1 locks
2024-04-24T05:21:47,420  INFO [main] ql.Driver: Executing command(queryId=alex_20240424052147_90144a69-be25-4626-9f87-2a3fdcacd032): insert into nonAcidNonBucket(a,b) values(1,2),(1,3)
2024-04-24T05:21:47,421  WARN [main] ql.Driver: Hive-on-MR is deprecated in Hive 2 and may not be available in the future versions. Consider using a different execution engine (i.e. tez, spark) or using Hive 1.X releases.
Query ID = alex_20240424052147_90144a69-be25-4626-9f87-2a3fdcacd032
2024-04-24T05:21:47,421  INFO [main] ql.Driver: Query ID = alex_20240424052147_90144a69-be25-4626-9f87-2a3fdcacd032
Total jobs = 1
2024-04-24T05:21:47,421  INFO [main] ql.Driver: Total jobs = 1
Launching Job 1 out of 1
2024-04-24T05:21:47,421  INFO [main] ql.Driver: Launching Job 1 out of 1
2024-04-24T05:21:47,549  INFO [main] ql.Driver: Starting task [Stage-1:MAPRED] in serial mode
Number of reduce tasks is set to 0 since there's no reduce operator
2024-04-24T05:21:47,549  INFO [main] exec.Task: Number of reduce tasks is set to 0 since there's no reduce operator
2024-04-24T05:21:47,551  INFO [main] mr.ExecDriver: Using org.apache.hadoop.hive.ql.io.HiveInputFormat
2024-04-24T05:21:47,551  INFO [main] exec.Utilities: Processing alias $hdt$_0:_dummy_table
2024-04-24T05:21:47,551  INFO [main] exec.Utilities: Adding 1 inputs; the first input is file:/home/alex/Repositories/hive/ql/target/tmp/localscratchdir/805767f7-68f6-4a20-a278-5bece910bf9b/hive_2024-04-24_05-21-47_198_3669424420881745264-1/dummy_path
2024-04-24T05:21:47,561  INFO [main] exec.SerializationUtilities: Serializing MapWork using kryo
2024-04-24T05:21:47,562  INFO [main] exec.Utilities: Serialized plan (via FILE) - name: null size: 5,82KB
2024-04-24T05:21:47,563  WARN [main] impl.MetricsSystemImpl: JobTracker metrics system already initialized!
2024-04-24T05:21:47,567  INFO [main] fs.FSStatsPublisher: created : file:/home/alex/Repositories/hive/ql/target/tmp/localscratchdir/805767f7-68f6-4a20-a278-5bece910bf9b/hive_2024-04-24_05-21-47_198_3669424420881745264-1/-mr-10001
2024-04-24T05:21:47,571  WARN [main] impl.MetricsSystemImpl: JobTracker metrics system already initialized!
2024-04-24T05:21:47,578  WARN [main] mapreduce.JobResourceUploader: Hadoop command-line option parsing not performed. Implement the Tool interface and execute your application with ToolRunner to remedy this.
2024-04-24T05:21:47,582  WARN [main] mapreduce.JobResourceUploader: No job jar file set.  User classes may not be found. See Job or Job#setJar(String).
2024-04-24T05:21:47,583  INFO [main] io.HiveInputFormat: hive.io.file.readcolumn.ids = 
2024-04-24T05:21:47,583  INFO [main] io.HiveInputFormat: hive.io.file.readcolumn.names = 
2024-04-24T05:21:47,583  INFO [main] io.HiveInputFormat: Generating splits for dirs: file:/home/alex/Repositories/hive/ql/target/tmp/localscratchdir/805767f7-68f6-4a20-a278-5bece910bf9b/hive_2024-04-24_05-21-47_198_3669424420881745264-1/dummy_path
2024-04-24T05:21:47,584  INFO [main] io.HiveInputFormat: number of splits 1
2024-04-24T05:21:47,602  INFO [main] mapreduce.JobSubmitter: number of splits:1
2024-04-24T05:21:47,623  INFO [main] mapreduce.JobSubmitter: Submitting tokens for job: job_local338172281_0022
2024-04-24T05:21:47,623  INFO [main] mapreduce.JobSubmitter: Executing with tokens: []
2024-04-24T05:21:47,683  INFO [main] mapreduce.Job: The url to track the job: http://localhost:8080/
Job running in-process (local Hadoop)
2024-04-24T05:21:47,683  INFO [main] exec.Task: Job running in-process (local Hadoop)
2024-04-24T05:21:47,684  INFO [Thread-1437] mapred.LocalJobRunner: OutputCommitter set in config org.apache.hadoop.hive.ql.io.HiveFileFormatUtils$NullOutputCommitter
2024-04-24T05:21:47,684  INFO [Thread-1437] mapred.LocalJobRunner: OutputCommitter is org.apache.hadoop.hive.ql.io.HiveFileFormatUtils$NullOutputCommitter
2024-04-24T05:21:47,685  INFO [Thread-1437] mapred.LocalJobRunner: Waiting for map tasks
2024-04-24T05:21:47,685  INFO [LocalJobRunner Map Task Executor #0] mapred.LocalJobRunner: Starting task: attempt_local338172281_0022_m_000000_0
2024-04-24T05:21:47,688  INFO [LocalJobRunner Map Task Executor #0] mapred.Task:  Using ResourceCalculatorProcessTree : [ ]
2024-04-24T05:21:47,689  INFO [LocalJobRunner Map Task Executor #0] mapred.MapTask: Processing split: org.apache.hadoop.hive.ql.io.NullRowsInputFormat:file:/home/alex/Repositories/hive/ql/target/tmp/localscratchdir/805767f7-68f6-4a20-a278-5bece910bf9b/hive_2024-04-24_05-21-47_198_3669424420881745264-1/dummy_path/null:0+1
2024-04-24T05:21:47,691  INFO [LocalJobRunner Map Task Executor #0] exec.SerializationUtilities: Deserializing MapWork using kryo
2024-04-24T05:21:47,691  INFO [LocalJobRunner Map Task Executor #0] exec.Utilities: Deserialized plan (via FILE) - name: null size: 5,82KB
2024-04-24T05:21:47,692  INFO [LocalJobRunner Map Task Executor #0] mapred.MapTask: numReduceTasks: 0
2024-04-24T05:21:47,694  INFO [LocalJobRunner Map Task Executor #0] exec.MapOperator: Initializing Operator: MAP[0]
2024-04-24T05:21:47,694  INFO [LocalJobRunner Map Task Executor #0] mr.ExecMapper: 
<MAP>Id =0
  <Children>null
  <\Children>
  <Parent><\Parent>
<\MAP>
2024-04-24T05:21:47,695  INFO [LocalJobRunner Map Task Executor #0] exec.TableScanOperator: Initializing Operator: TS[0]
2024-04-24T05:21:47,695  INFO [LocalJobRunner Map Task Executor #0] exec.SelectOperator: Initializing Operator: SEL[1]
2024-04-24T05:21:47,695  INFO [LocalJobRunner Map Task Executor #0] exec.SelectOperator: SELECT null
2024-04-24T05:21:47,695  INFO [LocalJobRunner Map Task Executor #0] exec.UDTFOperator: Initializing Operator: UDTF[2]
2024-04-24T05:21:47,695  INFO [LocalJobRunner Map Task Executor #0] exec.SelectOperator: Initializing Operator: SEL[3]
2024-04-24T05:21:47,695  INFO [LocalJobRunner Map Task Executor #0] exec.SelectOperator: SELECT struct<col1:int,col2:int>
2024-04-24T05:21:47,695  INFO [LocalJobRunner Map Task Executor #0] exec.FileSinkOperator: Initializing Operator: FS[4]
2024-04-24T05:21:47,696  INFO [LocalJobRunner Map Task Executor #0] exec.FileSinkOperator: Using serializer : AbstractSerDe [log=org.apache.logging.slf4j.Log4jLogger@5c8da227, configuration=Optional[Configuration: core-default.xml, core-site.xml, mapred-default.xml, mapred-site.xml, yarn-default.xml, yarn-site.xml, hdfs-default.xml, hdfs-site.xml, file:/home/alex/Repositories/hive/ql/target/tmp/TestTxnNoBuckets/mapred/local/localRunner/alex/job_local338172281_0022/job_local338172281_0022.xml], properties={name=default.nonacidnonbucket, columns.types=int:int, serialization.format=1, columns=a,b, numFilesErasureCoded=0, columns.comments=&amp#0;, bucketing_version=2, serialization.lib=org.apache.hadoop.hive.ql.io.orc.OrcSerde, file.inputformat=org.apache.hadoop.hive.ql.io.orc.OrcInputFormat, file.outputformat=org.apache.hadoop.hive.ql.io.orc.OrcOutputFormat, location=file:/home/alex/Repositories/hive/ql/target/tmp/org.apache.hadoop.hive.ql.TestTxnNoBuckets-1713961246971/warehouse/nonacidnonbucket, column.name.delimiter=,}, tableProperties={name=default.nonacidnonbucket, columns.types=int:int, serialization.format=1, columns=a,b, numFilesErasureCoded=0, columns.comments=&amp#0;, bucketing_version=2, serialization.lib=org.apache.hadoop.hive.ql.io.orc.OrcSerde, file.inputformat=org.apache.hadoop.hive.ql.io.orc.OrcInputFormat, location=file:/home/alex/Repositories/hive/ql/target/tmp/org.apache.hadoop.hive.ql.TestTxnNoBuckets-1713961246971/warehouse/nonacidnonbucket, file.outputformat=org.apache.hadoop.hive.ql.io.orc.OrcOutputFormat, column.name.delimiter=,}, partitionProperties=Optional.empty, columnNames=[a, b], columnTypes=[int, int], getClass()=class org.apache.hadoop.hive.ql.io.orc.OrcSerde] and formatter : org.apache.hadoop.hive.ql.io.orc.OrcOutputFormat@59248fb8
2024-04-24T05:21:47,696  INFO [LocalJobRunner Map Task Executor #0] exec.FileSinkOperator: Final Path: FS file:/home/alex/Repositories/hive/ql/target/tmp/org.apache.hadoop.hive.ql.TestTxnNoBuckets-1713961246971/warehouse/nonacidnonbucket/.hive-staging_hive_2024-04-24_05-21-47_198_3669424420881745264-1/_tmp.-ext-10002/000000_0
2024-04-24T05:21:47,696  INFO [LocalJobRunner Map Task Executor #0] exec.FileSinkOperator: Writing to temp file: FS file:/home/alex/Repositories/hive/ql/target/tmp/org.apache.hadoop.hive.ql.TestTxnNoBuckets-1713961246971/warehouse/nonacidnonbucket/.hive-staging_hive_2024-04-24_05-21-47_198_3669424420881745264-1/_task_tmp.-ext-10002/_tmp.000000_0
2024-04-24T05:21:47,696  INFO [LocalJobRunner Map Task Executor #0] exec.FileSinkOperator: New Final Path: FS file:/home/alex/Repositories/hive/ql/target/tmp/org.apache.hadoop.hive.ql.TestTxnNoBuckets-1713961246971/warehouse/nonacidnonbucket/.hive-staging_hive_2024-04-24_05-21-47_198_3669424420881745264-1/_tmp.-ext-10002/000000_0
2024-04-24T05:21:47,698  INFO [LocalJobRunner Map Task Executor #0] exec.FileSinkOperator: FS[4]: records written - 1
2024-04-24T05:21:47,698  INFO [LocalJobRunner Map Task Executor #0] impl.PhysicalFsWriter: ORC writer created for path: file:/home/alex/Repositories/hive/ql/target/tmp/org.apache.hadoop.hive.ql.TestTxnNoBuckets-1713961246971/warehouse/nonacidnonbucket/.hive-staging_hive_2024-04-24_05-21-47_198_3669424420881745264-1/_task_tmp.-ext-10002/_tmp.000000_0 with stripeSize: 67108864 blockSize: 268435456 compression: Compress: ZLIB buffer: 262144
2024-04-24T05:21:47,705  INFO [LocalJobRunner Map Task Executor #0] impl.WriterImpl: ORC writer created for path: file:/home/alex/Repositories/hive/ql/target/tmp/org.apache.hadoop.hive.ql.TestTxnNoBuckets-1713961246971/warehouse/nonacidnonbucket/.hive-staging_hive_2024-04-24_05-21-47_198_3669424420881745264-1/_task_tmp.-ext-10002/_tmp.000000_0 with stripeSize: 67108864 options: Compress: ZLIB buffer: 262144
2024-04-24T05:21:47,706  INFO [LocalJobRunner Map Task Executor #0] exec.MapOperator: MAP[0]: records read - 1
2024-04-24T05:21:47,706  INFO [LocalJobRunner Map Task Executor #0] exec.MapOperator: Closing Operator: MAP[0]
2024-04-24T05:21:47,706  INFO [LocalJobRunner Map Task Executor #0] exec.MapOperator: MAP[0]: Total records read - 3. abort - false
2024-04-24T05:21:47,706  INFO [LocalJobRunner Map Task Executor #0] exec.MapOperator: RECORDS_OUT_OPERATOR_MAP_0:0, DESERIALIZE_ERRORS:0, RECORDS_IN:3, RECORDS_OUT_INTERMEDIATE:0, 
2024-04-24T05:21:47,706  INFO [LocalJobRunner Map Task Executor #0] exec.TableScanOperator: Closing Operator: TS[0]
2024-04-24T05:21:47,706  INFO [LocalJobRunner Map Task Executor #0] exec.TableScanOperator: RECORDS_OUT_OPERATOR_TS_0:1, RECORDS_OUT_INTERMEDIATE:0, 
2024-04-24T05:21:47,706  INFO [LocalJobRunner Map Task Executor #0] exec.SelectOperator: Closing Operator: SEL[1]
2024-04-24T05:21:47,706  INFO [LocalJobRunner Map Task Executor #0] exec.SelectOperator: RECORDS_OUT_OPERATOR_SEL_1:1, RECORDS_OUT_INTERMEDIATE:0, 
2024-04-24T05:21:47,707  INFO [LocalJobRunner Map Task Executor #0] exec.UDTFOperator: Closing Operator: UDTF[2]
2024-04-24T05:21:47,707  INFO [LocalJobRunner Map Task Executor #0] exec.UDTFOperator: RECORDS_OUT_OPERATOR_UDTF_2:2, RECORDS_OUT_INTERMEDIATE:0, 
2024-04-24T05:21:47,707  INFO [LocalJobRunner Map Task Executor #0] exec.SelectOperator: Closing Operator: SEL[3]
2024-04-24T05:21:47,707  INFO [LocalJobRunner Map Task Executor #0] exec.SelectOperator: RECORDS_OUT_OPERATOR_SEL_3:2, RECORDS_OUT_INTERMEDIATE:0, 
2024-04-24T05:21:47,707  INFO [LocalJobRunner Map Task Executor #0] exec.FileSinkOperator: Closing Operator: FS[4]
2024-04-24T05:21:47,707  INFO [LocalJobRunner Map Task Executor #0] exec.FileSinkOperator: FS[4]: records written - 2
2024-04-24T05:21:47,714  INFO [LocalJobRunner Map Task Executor #0] exec.FileSinkOperator: RECORDS_OUT_1_default.nonacidnonbucket:2, RECORDS_OUT_OPERATOR_FS_4:2, RECORDS_OUT_INTERMEDIATE:0, TOTAL_TABLE_ROWS_WRITTEN:2, 
2024-04-24T05:21:47,714  INFO [LocalJobRunner Map Task Executor #0] mapred.LocalJobRunner: 
2024-04-24T05:21:47,717  INFO [LocalJobRunner Map Task Executor #0] mapred.Task: Task:attempt_local338172281_0022_m_000000_0 is done. And is in the process of committing
2024-04-24T05:21:47,718  INFO [LocalJobRunner Map Task Executor #0] mapred.LocalJobRunner: map
2024-04-24T05:21:47,718  INFO [LocalJobRunner Map Task Executor #0] mapred.Task: Task 'attempt_local338172281_0022_m_000000_0' done.
2024-04-24T05:21:47,718  INFO [LocalJobRunner Map Task Executor #0] mapred.Task: Final Counters for attempt_local338172281_0022_m_000000_0: Counters: 27
	File System Counters
		FILE: Number of bytes read=452454
		FILE: Number of bytes written=25905041
		FILE: Number of read operations=0
		FILE: Number of large read operations=0
		FILE: Number of write operations=0
	Map-Reduce Framework
		Map input records=4
		Map output records=0
		Input split bytes=361
		Spilled Records=0
		Failed Shuffles=0
		Merged Map outputs=0
		GC time elapsed (ms)=0
		Total committed heap usage (bytes)=1121976320
	HIVE
		CREATED_FILES=1
		DESERIALIZE_ERRORS=0
		RECORDS_IN=3
		RECORDS_OUT_1_default.nonacidnonbucket=2
		RECORDS_OUT_INTERMEDIATE=0
		RECORDS_OUT_OPERATOR_FS_4=2
		RECORDS_OUT_OPERATOR_MAP_0=0
		RECORDS_OUT_OPERATOR_SEL_1=1
		RECORDS_OUT_OPERATOR_SEL_3=2
		RECORDS_OUT_OPERATOR_TS_0=1
		RECORDS_OUT_OPERATOR_UDTF_2=2
		TOTAL_TABLE_ROWS_WRITTEN=2
	File Input Format Counters 
		Bytes Read=5877
	File Output Format Counters 
		Bytes Written=0
2024-04-24T05:21:47,718  INFO [LocalJobRunner Map Task Executor #0] mapred.LocalJobRunner: Finishing task: attempt_local338172281_0022_m_000000_0
2024-04-24T05:21:47,718  INFO [Thread-1437] mapred.LocalJobRunner: map task executor complete.
2024-04-24 05:21:48,685 Stage-1 map = 100%,  reduce = 0%
2024-04-24T05:21:48,685  INFO [main] exec.Task: 2024-04-24 05:21:48,685 Stage-1 map = 100%,  reduce = 0%
Ended Job = job_local338172281_0022
2024-04-24T05:21:48,686  INFO [main] exec.Task: Ended Job = job_local338172281_0022
2024-04-24T05:21:48,689  INFO [main] ql.Driver: Starting task [Stage-7:CONDITIONAL] in serial mode
Stage-4 is selected by condition resolver.
2024-04-24T05:21:48,689  INFO [main] exec.Task: Stage-4 is selected by condition resolver.
Stage-3 is filtered out by condition resolver.
2024-04-24T05:21:48,689  INFO [main] exec.Task: Stage-3 is filtered out by condition resolver.
Stage-5 is filtered out by condition resolver.
2024-04-24T05:21:48,689  INFO [main] exec.Task: Stage-5 is filtered out by condition resolver.
2024-04-24T05:21:48,689  INFO [main] ql.Driver: Starting task [Stage-4:MOVE] in serial mode
Moving data to directory file:/home/alex/Repositories/hive/ql/target/tmp/org.apache.hadoop.hive.ql.TestTxnNoBuckets-1713961246971/warehouse/nonacidnonbucket/.hive-staging_hive_2024-04-24_05-21-47_198_3669424420881745264-1/-ext-10000
2024-04-24T05:21:48,690  INFO [main] exec.Task: Moving data to directory file:/home/alex/Repositories/hive/ql/target/tmp/org.apache.hadoop.hive.ql.TestTxnNoBuckets-1713961246971/warehouse/nonacidnonbucket/.hive-staging_hive_2024-04-24_05-21-47_198_3669424420881745264-1/-ext-10000 from file:/home/alex/Repositories/hive/ql/target/tmp/org.apache.hadoop.hive.ql.TestTxnNoBuckets-1713961246971/warehouse/nonacidnonbucket/.hive-staging_hive_2024-04-24_05-21-47_198_3669424420881745264-1/-ext-10002
2024-04-24T05:21:48,690  INFO [main] ql.Driver: Starting task [Stage-0:MOVE] in serial mode
Loading data to table default.nonacidnonbucket
2024-04-24T05:21:48,690  INFO [main] exec.Task: Loading data to table default.nonacidnonbucket from file:/home/alex/Repositories/hive/ql/target/tmp/org.apache.hadoop.hive.ql.TestTxnNoBuckets-1713961246971/warehouse/nonacidnonbucket/.hive-staging_hive_2024-04-24_05-21-47_198_3669424420881745264-1/-ext-10000
2024-04-24T05:21:48,691  INFO [main] HiveMetaStore.audit: ugi=alex	ip=unknown-ip-addr	cmd=get_table : tbl=hive.default.nonacidnonbucket	
2024-04-24T05:21:48,704  INFO [main] metastore.HMSHandler: Skipping translation for processor with null
2024-04-24T05:21:48,704  INFO [main] HiveMetaStore.audit: ugi=alex	ip=unknown-ip-addr	cmd=get_table : tbl=hive.default.nonacidnonbucket	
2024-04-24T05:21:48,713  INFO [main] metastore.HMSHandler: Skipping translation for processor with null
2024-04-24T05:21:48,715  WARN [main] metadata.Hive: Cannot get a table snapshot for nonacidnonbucket
2024-04-24T05:21:48,715  INFO [main] HiveMetaStore.audit: ugi=alex	ip=unknown-ip-addr	cmd=alter_table: hive.default.nonacidnonbucket newtbl=nonacidnonbucket	
2024-04-24T05:21:48,745  INFO [main] ql.Driver: Starting task [Stage-2:STATS] in serial mode
2024-04-24T05:21:48,746  INFO [main] HiveMetaStore.audit: ugi=alex	ip=unknown-ip-addr	cmd=get_table : tbl=hive.default.nonacidnonbucket	
2024-04-24T05:21:48,754  INFO [main] metastore.HMSHandler: Skipping translation for processor with null
2024-04-24T05:21:48,755  INFO [main] stats.BasicStatsTask: Executing stats task
2024-04-24T05:21:48,755  INFO [main] fs.FSStatsPublisher: created : file:/home/alex/Repositories/hive/ql/target/tmp/localscratchdir/805767f7-68f6-4a20-a278-5bece910bf9b/hive_2024-04-24_05-21-47_198_3669424420881745264-1/-mr-10001
2024-04-24T05:21:48,756  INFO [main] HiveMetaStore.audit: ugi=alex	ip=unknown-ip-addr	cmd=get_table : tbl=hive.default.nonacidnonbucket	
2024-04-24T05:21:48,764  INFO [main] metastore.HMSHandler: Skipping translation for processor with null
2024-04-24T05:21:48,765  INFO [main] FileOperations: Read stats for default.nonacidnonbucket/, numRows, true, 2, false: 
2024-04-24T05:21:48,765  INFO [main] FileOperations: Read stats for default.nonacidnonbucket/, rawDataSize, true, 16, false: 
2024-04-24T05:21:48,765  WARN [main] metadata.Hive: Cannot get a table snapshot for nonacidnonbucket
2024-04-24T05:21:48,765  INFO [main] HiveMetaStore.audit: ugi=alex	ip=unknown-ip-addr	cmd=alter_table: hive.default.nonacidnonbucket newtbl=nonacidnonbucket	
2024-04-24T05:21:48,788  INFO [main] stats.BasicStatsTask: Table default.nonacidnonbucket stats: [numFiles=1, numRows=2, totalSize=254, rawDataSize=16, numFilesErasureCoded=0]
2024-04-24T05:21:48,788  INFO [main] metadata.Hive: Dumping metastore api call timing information for : execution phase
2024-04-24T05:21:48,788  INFO [main] metadata.Hive: Total time spent in each metastore function (ms): {alter_table_(String, String, String, Table, EnvironmentContext, String)=53, isCompatibleWith_(Configuration)=1, getTable_(GetTableRequest)=42}
MapReduce Jobs Launched: 
2024-04-24T05:21:48,788  INFO [main] ql.Driver: MapReduce Jobs Launched: 
Stage-Stage-1:  HDFS Read: 0 HDFS Write: 0 SUCCESS
2024-04-24T05:21:48,788  INFO [main] ql.Driver: Stage-Stage-1:  HDFS Read: 0 HDFS Write: 0 SUCCESS
Total MapReduce CPU Time Spent: 0 msec
2024-04-24T05:21:48,789  INFO [main] ql.Driver: Total MapReduce CPU Time Spent: 0 msec
2024-04-24T05:21:48,789  INFO [main] ql.Driver: Completed executing command(queryId=alex_20240424052147_90144a69-be25-4626-9f87-2a3fdcacd032); Time taken: 1.368 seconds
2024-04-24T05:21:48,789  INFO [main] lockmgr.DbTxnManager: Stopped heartbeat for query: alex_20240424052147_90144a69-be25-4626-9f87-2a3fdcacd032
2024-04-24T05:21:48,792  INFO [main] txn.TxnHandler: Expected to move at least one record from txn_components to completed_txn_components when committing txn! txnid:13
2024-04-24T05:21:48,797  INFO [main] txn.TxnHandler: Removed transactions: ([13]) from MIN_HISTORY_LEVEL
2024-04-24T05:21:48,797  WARN [main] txn.CompactionTxnHandler: No compaction queue record found for Compaction type transaction commit. txnId:13
2024-04-24T05:21:48,798  INFO [main] ql.TxnCommandsBaseForTests: Running the query: insert into nonAcidNonBucket(a,b) values(0,12),(0,13),(1,4),(1,5)
2024-04-24T05:21:48,798  INFO [main] ql.Context: Deleting scratch dir: file:/home/alex/Repositories/hive/ql/target/tmp/org.apache.hadoop.hive.ql.TestTxnNoBuckets-1713961246971/warehouse/nonacidnonbucket/.hive-staging_hive_2024-04-24_05-21-47_198_3669424420881745264-1
2024-04-24T05:21:48,798  INFO [main] cleanup.SyncCleanupService: Deleted directory: file:/home/alex/Repositories/hive/ql/target/tmp/org.apache.hadoop.hive.ql.TestTxnNoBuckets-1713961246971/warehouse/nonacidnonbucket/.hive-staging_hive_2024-04-24_05-21-47_198_3669424420881745264-1 on fs with scheme file
2024-04-24T05:21:48,798  INFO [main] ql.Context: Deleting scratch dir: file:/home/alex/Repositories/hive/ql/target/tmp/localscratchdir/805767f7-68f6-4a20-a278-5bece910bf9b/hive_2024-04-24_05-21-47_198_3669424420881745264-1
2024-04-24T05:21:48,799  INFO [main] cleanup.SyncCleanupService: Deleted directory: file:/home/alex/Repositories/hive/ql/target/tmp/localscratchdir/805767f7-68f6-4a20-a278-5bece910bf9b/hive_2024-04-24_05-21-47_198_3669424420881745264-1 on fs with scheme file
2024-04-24T05:21:48,799  INFO [main] ql.Driver: Compiling command(queryId=alex_20240424052148_30919961-4854-4e03-8748-85b89aa6b54a): insert into nonAcidNonBucket(a,b) values(0,12),(0,13),(1,4),(1,5)
2024-04-24T05:21:48,802  INFO [main] txn.TxnHandler: Added entries to MIN_HISTORY_LEVEL for current txns: ([14]) with min_open_txn: 14
2024-04-24T05:21:48,802  INFO [main] lockmgr.DbTxnManager: Opened txnid:14
2024-04-24T05:21:48,803  INFO [main] parse.CalcitePlanner: Starting caching scope for: 
2024-04-24T05:21:48,803  INFO [main] parse.CalcitePlanner: Starting Semantic Analysis
2024-04-24T05:21:48,806  INFO [main] HiveMetaStore.audit: ugi=alex	ip=unknown-ip-addr	cmd=get_table : tbl=hive.default.nonAcidNonBucket	
2024-04-24T05:21:48,814  INFO [main] metastore.HMSHandler: Skipping translation for processor with null
2024-04-24T05:21:48,814  INFO [main] parse.CalcitePlanner: Completed phase 1 of Semantic Analysis
2024-04-24T05:21:48,814  INFO [main] parse.CalcitePlanner: Get metadata for source tables
2024-04-24T05:21:48,814  INFO [main] parse.CalcitePlanner: Get metadata for subqueries
2024-04-24T05:21:48,814  INFO [main] parse.CalcitePlanner: Get metadata for destination tables
2024-04-24T05:21:48,814  INFO [main] HiveMetaStore.audit: ugi=alex	ip=unknown-ip-addr	cmd=get_table : tbl=hive.default.nonAcidNonBucket	
2024-04-24T05:21:48,822  INFO [main] metastore.HMSHandler: Skipping translation for processor with null
2024-04-24T05:21:48,822  INFO [main] parse.CalcitePlanner: Completed getting MetaData in Semantic Analysis
2024-04-24T05:21:48,822  INFO [main] parse.CalcitePlanner: Disabling LLAP IO encode as ETL query is detected
2024-04-24T05:21:48,842  INFO [main] HiveMetaStore.audit: ugi=alex	ip=unknown-ip-addr	cmd=get_all_table_constraints : tbl=hive._dummy_database._dummy_table	
2024-04-24T05:21:48,892  INFO [main] parse.CalcitePlanner: Get metadata for source tables
2024-04-24T05:21:48,892  INFO [main] parse.CalcitePlanner: Get metadata for subqueries
2024-04-24T05:21:48,892  INFO [main] parse.CalcitePlanner: Get metadata for source tables
2024-04-24T05:21:48,893  INFO [main] HiveMetaStore.audit: ugi=alex	ip=unknown-ip-addr	cmd=get_table : tbl=hive._dummy_database._dummy_table	
2024-04-24T05:21:48,895  INFO [main] parse.CalcitePlanner: Get metadata for subqueries
2024-04-24T05:21:48,895  INFO [main] parse.CalcitePlanner: Get metadata for destination tables
2024-04-24T05:21:48,895  INFO [main] parse.CalcitePlanner: Get metadata for destination tables
2024-04-24T05:21:48,895  INFO [main] HiveMetaStore.audit: ugi=alex	ip=unknown-ip-addr	cmd=get_table : tbl=hive.default.nonAcidNonBucket	
2024-04-24T05:21:48,905  INFO [main] metastore.HMSHandler: Skipping translation for processor with null
2024-04-24T05:21:48,907  INFO [main] common.FileUtils: Creating directory if it doesn't exist: file:/home/alex/Repositories/hive/ql/target/tmp/org.apache.hadoop.hive.ql.TestTxnNoBuckets-1713961246971/warehouse/nonacidnonbucket/.hive-staging_hive_2024-04-24_05-21-48_799_3497089070926452855-1
2024-04-24T05:21:48,910  INFO [main] HiveMetaStore.audit: ugi=alex	ip=unknown-ip-addr	cmd=get_not_null_constraints : tbl=hive.default.nonacidnonbucket	
2024-04-24T05:21:48,911  INFO [main] HiveMetaStore.audit: ugi=alex	ip=unknown-ip-addr	cmd=get_check_constraints : tbl=hive.default.nonacidnonbucket	
2024-04-24T05:21:48,912  INFO [main] parse.CalcitePlanner: CBO Succeeded; optimized logical plan.
2024-04-24T05:21:48,916  INFO [main] optimizer.BucketVersionPopulator: not considering bucketingVersion for: TS[0] because it has -1<2 buckets 
2024-04-24T05:21:48,917  INFO [main] optimizer.SortedDynPartitionOptimizer: Sorted dynamic partitioning optimization kicked in..
2024-04-24T05:21:48,925  INFO [main] HiveMetaStore.audit: ugi=alex	ip=unknown-ip-addr	cmd=get_table : tbl=hive.default.nonacidnonbucket	
2024-04-24T05:21:48,935  INFO [main] metastore.HMSHandler: Skipping translation for processor with null
2024-04-24T05:21:48,935  INFO [main] optimizer.GenMRFileSink1: using CombineHiveInputformat for the merge job
2024-04-24T05:21:48,935  INFO [main] HiveMetaStore.audit: ugi=alex	ip=unknown-ip-addr	cmd=get_table : tbl=hive.default.nonacidnonbucket	
2024-04-24T05:21:48,945  INFO [main] metastore.HMSHandler: Skipping translation for processor with null
2024-04-24T05:21:48,946  INFO [main] parse.CalcitePlanner: Completed plan generation
2024-04-24T05:21:48,946  INFO [main] parse.CalcitePlanner: Ending caching scope for: 
2024-04-24T05:21:48,946  INFO [main] ql.Driver: Semantic Analysis Completed (retrial = false)
2024-04-24T05:21:48,946  INFO [main] ql.Driver: Created Hive schema: Schema(fieldSchemas:[FieldSchema(name:_col0, type:int, comment:null), FieldSchema(name:_col1, type:int, comment:null)], properties:null)
2024-04-24T05:21:48,946  INFO [main] metadata.Hive: Dumping metastore api call timing information for : compilation phase
2024-04-24T05:21:48,946  INFO [main] metadata.Hive: Total time spent in each metastore function (ms): {getCheckConstraints_(CheckConstraintsRequest)=1, getTable_(GetTableRequest)=46, isCompatibleWith_(Configuration)=0, flushCache_()=0, getNotNullConstraints_(NotNullConstraintsRequest)=1, getValidTxns_(long)=1, openTxn_(String, TxnType)=2, commitTxn_(CommitTxnRequest)=9, getAllTableConstraints_(AllTableConstraintsRequest)=4, getValidWriteIds_(List, String)=4}
2024-04-24T05:21:48,946  INFO [main] ql.Driver: Completed compiling command(queryId=alex_20240424052148_30919961-4854-4e03-8748-85b89aa6b54a); Time taken: 0.147 seconds
2024-04-24T05:21:48,947  INFO [main] lockmgr.DbTxnManager: Setting lock request transaction to txnid:14 for queryId=alex_20240424052148_30919961-4854-4e03-8748-85b89aa6b54a
2024-04-24T05:21:48,947  INFO [main] lockmgr.DbLockManager: Requesting lock for queryId=alex_20240424052148_30919961-4854-4e03-8748-85b89aa6b54a
2024-04-24T05:21:48,966  INFO [main] lockmgr.DbLockManager: Response to queryId=alex_20240424052148_30919961-4854-4e03-8748-85b89aa6b54a LockResponse(lockid:8, state:ACQUIRED)
2024-04-24T05:21:48,966  INFO [main] ql.Driver: Operation QUERY obtained 1 locks
2024-04-24T05:21:48,966  INFO [main] ql.Driver: Executing command(queryId=alex_20240424052148_30919961-4854-4e03-8748-85b89aa6b54a): insert into nonAcidNonBucket(a,b) values(0,12),(0,13),(1,4),(1,5)
2024-04-24T05:21:48,967  WARN [main] ql.Driver: Hive-on-MR is deprecated in Hive 2 and may not be available in the future versions. Consider using a different execution engine (i.e. spark, tez) or using Hive 1.X releases.
Query ID = alex_20240424052148_30919961-4854-4e03-8748-85b89aa6b54a
2024-04-24T05:21:48,967  INFO [main] ql.Driver: Query ID = alex_20240424052148_30919961-4854-4e03-8748-85b89aa6b54a
Total jobs = 1
2024-04-24T05:21:48,967  INFO [main] ql.Driver: Total jobs = 1
Launching Job 1 out of 1
2024-04-24T05:21:48,967  INFO [main] ql.Driver: Launching Job 1 out of 1
2024-04-24T05:21:49,087  INFO [main] ql.Driver: Starting task [Stage-1:MAPRED] in serial mode
Number of reduce tasks is set to 0 since there's no reduce operator
2024-04-24T05:21:49,087  INFO [main] exec.Task: Number of reduce tasks is set to 0 since there's no reduce operator
2024-04-24T05:21:49,090  INFO [main] mr.ExecDriver: Using org.apache.hadoop.hive.ql.io.HiveInputFormat
2024-04-24T05:21:49,090  INFO [main] exec.Utilities: Processing alias $hdt$_0:_dummy_table
2024-04-24T05:21:49,090  INFO [main] exec.Utilities: Adding 1 inputs; the first input is file:/home/alex/Repositories/hive/ql/target/tmp/localscratchdir/805767f7-68f6-4a20-a278-5bece910bf9b/hive_2024-04-24_05-21-48_799_3497089070926452855-1/dummy_path
2024-04-24T05:21:49,099  INFO [main] exec.SerializationUtilities: Serializing MapWork using kryo
2024-04-24T05:21:49,100  INFO [main] exec.Utilities: Serialized plan (via FILE) - name: null size: 5,88KB
2024-04-24T05:21:49,100  WARN [main] impl.MetricsSystemImpl: JobTracker metrics system already initialized!
2024-04-24T05:21:49,104  INFO [main] fs.FSStatsPublisher: created : file:/home/alex/Repositories/hive/ql/target/tmp/localscratchdir/805767f7-68f6-4a20-a278-5bece910bf9b/hive_2024-04-24_05-21-48_799_3497089070926452855-1/-mr-10001
2024-04-24T05:21:49,108  WARN [main] impl.MetricsSystemImpl: JobTracker metrics system already initialized!
2024-04-24T05:21:49,114  WARN [main] mapreduce.JobResourceUploader: Hadoop command-line option parsing not performed. Implement the Tool interface and execute your application with ToolRunner to remedy this.
2024-04-24T05:21:49,118  WARN [main] mapreduce.JobResourceUploader: No job jar file set.  User classes may not be found. See Job or Job#setJar(String).
2024-04-24T05:21:49,120  INFO [main] io.HiveInputFormat: hive.io.file.readcolumn.ids = 
2024-04-24T05:21:49,120  INFO [main] io.HiveInputFormat: hive.io.file.readcolumn.names = 
2024-04-24T05:21:49,120  INFO [main] io.HiveInputFormat: Generating splits for dirs: file:/home/alex/Repositories/hive/ql/target/tmp/localscratchdir/805767f7-68f6-4a20-a278-5bece910bf9b/hive_2024-04-24_05-21-48_799_3497089070926452855-1/dummy_path
2024-04-24T05:21:49,120  INFO [main] io.HiveInputFormat: number of splits 1
2024-04-24T05:21:49,137  INFO [main] mapreduce.JobSubmitter: number of splits:1
2024-04-24T05:21:49,155  INFO [main] mapreduce.JobSubmitter: Submitting tokens for job: job_local79652491_0023
2024-04-24T05:21:49,155  INFO [main] mapreduce.JobSubmitter: Executing with tokens: []
2024-04-24T05:21:49,212  INFO [main] mapreduce.Job: The url to track the job: http://localhost:8080/
Job running in-process (local Hadoop)
2024-04-24T05:21:49,212  INFO [main] exec.Task: Job running in-process (local Hadoop)
2024-04-24T05:21:49,212  INFO [Thread-1479] mapred.LocalJobRunner: OutputCommitter set in config org.apache.hadoop.hive.ql.io.HiveFileFormatUtils$NullOutputCommitter
2024-04-24T05:21:49,212  INFO [Thread-1479] mapred.LocalJobRunner: OutputCommitter is org.apache.hadoop.hive.ql.io.HiveFileFormatUtils$NullOutputCommitter
2024-04-24T05:21:49,214  INFO [Thread-1479] mapred.LocalJobRunner: Waiting for map tasks
2024-04-24T05:21:49,214  INFO [LocalJobRunner Map Task Executor #0] mapred.LocalJobRunner: Starting task: attempt_local79652491_0023_m_000000_0
2024-04-24T05:21:49,214  INFO [LocalJobRunner Map Task Executor #0] mapred.Task:  Using ResourceCalculatorProcessTree : [ ]
2024-04-24T05:21:49,215  INFO [LocalJobRunner Map Task Executor #0] mapred.MapTask: Processing split: org.apache.hadoop.hive.ql.io.NullRowsInputFormat:file:/home/alex/Repositories/hive/ql/target/tmp/localscratchdir/805767f7-68f6-4a20-a278-5bece910bf9b/hive_2024-04-24_05-21-48_799_3497089070926452855-1/dummy_path/null:0+1
2024-04-24T05:21:49,215  INFO [LocalJobRunner Map Task Executor #0] exec.SerializationUtilities: Deserializing MapWork using kryo
2024-04-24T05:21:49,215  INFO [LocalJobRunner Map Task Executor #0] exec.Utilities: Deserialized plan (via FILE) - name: null size: 5,88KB
2024-04-24T05:21:49,216  INFO [LocalJobRunner Map Task Executor #0] mapred.MapTask: numReduceTasks: 0
2024-04-24T05:21:49,216  INFO [LocalJobRunner Map Task Executor #0] exec.MapOperator: Initializing Operator: MAP[0]
2024-04-24T05:21:49,216  INFO [LocalJobRunner Map Task Executor #0] mr.ExecMapper: 
<MAP>Id =0
  <Children>null
  <\Children>
  <Parent><\Parent>
<\MAP>
2024-04-24T05:21:49,217  INFO [LocalJobRunner Map Task Executor #0] exec.TableScanOperator: Initializing Operator: TS[0]
2024-04-24T05:21:49,217  INFO [LocalJobRunner Map Task Executor #0] exec.SelectOperator: Initializing Operator: SEL[1]
2024-04-24T05:21:49,217  INFO [LocalJobRunner Map Task Executor #0] exec.SelectOperator: SELECT null
2024-04-24T05:21:49,217  INFO [LocalJobRunner Map Task Executor #0] exec.UDTFOperator: Initializing Operator: UDTF[2]
2024-04-24T05:21:49,217  INFO [LocalJobRunner Map Task Executor #0] exec.SelectOperator: Initializing Operator: SEL[3]
2024-04-24T05:21:49,217  INFO [LocalJobRunner Map Task Executor #0] exec.SelectOperator: SELECT struct<col1:int,col2:int>
2024-04-24T05:21:49,217  INFO [LocalJobRunner Map Task Executor #0] exec.FileSinkOperator: Initializing Operator: FS[4]
2024-04-24T05:21:49,218  INFO [LocalJobRunner Map Task Executor #0] exec.FileSinkOperator: Using serializer : AbstractSerDe [log=org.apache.logging.slf4j.Log4jLogger@5c8da227, configuration=Optional[Configuration: core-default.xml, core-site.xml, mapred-default.xml, mapred-site.xml, yarn-default.xml, yarn-site.xml, hdfs-default.xml, hdfs-site.xml, file:/home/alex/Repositories/hive/ql/target/tmp/TestTxnNoBuckets/mapred/local/localRunner/alex/job_local79652491_0023/job_local79652491_0023.xml], properties={name=default.nonacidnonbucket, columns.types=int:int, serialization.format=1, columns=a,b, numFilesErasureCoded=0, columns.comments=&amp#0;, bucketing_version=2, serialization.lib=org.apache.hadoop.hive.ql.io.orc.OrcSerde, file.inputformat=org.apache.hadoop.hive.ql.io.orc.OrcInputFormat, file.outputformat=org.apache.hadoop.hive.ql.io.orc.OrcOutputFormat, location=file:/home/alex/Repositories/hive/ql/target/tmp/org.apache.hadoop.hive.ql.TestTxnNoBuckets-1713961246971/warehouse/nonacidnonbucket, column.name.delimiter=,}, tableProperties={name=default.nonacidnonbucket, columns.types=int:int, serialization.format=1, columns=a,b, numFilesErasureCoded=0, columns.comments=&amp#0;, bucketing_version=2, serialization.lib=org.apache.hadoop.hive.ql.io.orc.OrcSerde, file.inputformat=org.apache.hadoop.hive.ql.io.orc.OrcInputFormat, location=file:/home/alex/Repositories/hive/ql/target/tmp/org.apache.hadoop.hive.ql.TestTxnNoBuckets-1713961246971/warehouse/nonacidnonbucket, file.outputformat=org.apache.hadoop.hive.ql.io.orc.OrcOutputFormat, column.name.delimiter=,}, partitionProperties=Optional.empty, columnNames=[a, b], columnTypes=[int, int], getClass()=class org.apache.hadoop.hive.ql.io.orc.OrcSerde] and formatter : org.apache.hadoop.hive.ql.io.orc.OrcOutputFormat@63947d8f
2024-04-24T05:21:49,218  INFO [LocalJobRunner Map Task Executor #0] exec.FileSinkOperator: Final Path: FS file:/home/alex/Repositories/hive/ql/target/tmp/org.apache.hadoop.hive.ql.TestTxnNoBuckets-1713961246971/warehouse/nonacidnonbucket/.hive-staging_hive_2024-04-24_05-21-48_799_3497089070926452855-1/_tmp.-ext-10002/000000_0
2024-04-24T05:21:49,218  INFO [LocalJobRunner Map Task Executor #0] exec.FileSinkOperator: Writing to temp file: FS file:/home/alex/Repositories/hive/ql/target/tmp/org.apache.hadoop.hive.ql.TestTxnNoBuckets-1713961246971/warehouse/nonacidnonbucket/.hive-staging_hive_2024-04-24_05-21-48_799_3497089070926452855-1/_task_tmp.-ext-10002/_tmp.000000_0
2024-04-24T05:21:49,218  INFO [LocalJobRunner Map Task Executor #0] exec.FileSinkOperator: New Final Path: FS file:/home/alex/Repositories/hive/ql/target/tmp/org.apache.hadoop.hive.ql.TestTxnNoBuckets-1713961246971/warehouse/nonacidnonbucket/.hive-staging_hive_2024-04-24_05-21-48_799_3497089070926452855-1/_tmp.-ext-10002/000000_0
2024-04-24T05:21:49,218  INFO [LocalJobRunner Map Task Executor #0] exec.FileSinkOperator: FS[4]: records written - 1
2024-04-24T05:21:49,218  INFO [LocalJobRunner Map Task Executor #0] impl.PhysicalFsWriter: ORC writer created for path: file:/home/alex/Repositories/hive/ql/target/tmp/org.apache.hadoop.hive.ql.TestTxnNoBuckets-1713961246971/warehouse/nonacidnonbucket/.hive-staging_hive_2024-04-24_05-21-48_799_3497089070926452855-1/_task_tmp.-ext-10002/_tmp.000000_0 with stripeSize: 67108864 blockSize: 268435456 compression: Compress: ZLIB buffer: 262144
2024-04-24T05:21:49,225  INFO [LocalJobRunner Map Task Executor #0] impl.WriterImpl: ORC writer created for path: file:/home/alex/Repositories/hive/ql/target/tmp/org.apache.hadoop.hive.ql.TestTxnNoBuckets-1713961246971/warehouse/nonacidnonbucket/.hive-staging_hive_2024-04-24_05-21-48_799_3497089070926452855-1/_task_tmp.-ext-10002/_tmp.000000_0 with stripeSize: 67108864 options: Compress: ZLIB buffer: 262144
2024-04-24T05:21:49,225  INFO [LocalJobRunner Map Task Executor #0] exec.MapOperator: MAP[0]: records read - 1
2024-04-24T05:21:49,226  INFO [LocalJobRunner Map Task Executor #0] exec.MapOperator: Closing Operator: MAP[0]
2024-04-24T05:21:49,226  INFO [LocalJobRunner Map Task Executor #0] exec.MapOperator: MAP[0]: Total records read - 3. abort - false
2024-04-24T05:21:49,226  INFO [LocalJobRunner Map Task Executor #0] exec.MapOperator: RECORDS_IN:3, RECORDS_OUT_OPERATOR_MAP_0:0, RECORDS_OUT_INTERMEDIATE:0, DESERIALIZE_ERRORS:0, 
2024-04-24T05:21:49,226  INFO [LocalJobRunner Map Task Executor #0] exec.TableScanOperator: Closing Operator: TS[0]
2024-04-24T05:21:49,226  INFO [LocalJobRunner Map Task Executor #0] exec.TableScanOperator: RECORDS_OUT_OPERATOR_TS_0:1, RECORDS_OUT_INTERMEDIATE:0, 
2024-04-24T05:21:49,226  INFO [LocalJobRunner Map Task Executor #0] exec.SelectOperator: Closing Operator: SEL[1]
2024-04-24T05:21:49,226  INFO [LocalJobRunner Map Task Executor #0] exec.SelectOperator: RECORDS_OUT_INTERMEDIATE:0, RECORDS_OUT_OPERATOR_SEL_1:1, 
2024-04-24T05:21:49,226  INFO [LocalJobRunner Map Task Executor #0] exec.UDTFOperator: Closing Operator: UDTF[2]
2024-04-24T05:21:49,226  INFO [LocalJobRunner Map Task Executor #0] exec.UDTFOperator: RECORDS_OUT_INTERMEDIATE:0, RECORDS_OUT_OPERATOR_UDTF_2:4, 
2024-04-24T05:21:49,226  INFO [LocalJobRunner Map Task Executor #0] exec.SelectOperator: Closing Operator: SEL[3]
2024-04-24T05:21:49,226  INFO [LocalJobRunner Map Task Executor #0] exec.SelectOperator: RECORDS_OUT_OPERATOR_SEL_3:4, RECORDS_OUT_INTERMEDIATE:0, 
2024-04-24T05:21:49,226  INFO [LocalJobRunner Map Task Executor #0] exec.FileSinkOperator: Closing Operator: FS[4]
2024-04-24T05:21:49,226  INFO [LocalJobRunner Map Task Executor #0] exec.FileSinkOperator: FS[4]: records written - 4
2024-04-24T05:21:49,233  INFO [LocalJobRunner Map Task Executor #0] exec.FileSinkOperator: TOTAL_TABLE_ROWS_WRITTEN:4, RECORDS_OUT_1_default.nonacidnonbucket:4, RECORDS_OUT_INTERMEDIATE:0, RECORDS_OUT_OPERATOR_FS_4:4, 
2024-04-24T05:21:49,233  INFO [LocalJobRunner Map Task Executor #0] mapred.LocalJobRunner: 
2024-04-24T05:21:49,233  INFO [LocalJobRunner Map Task Executor #0] mapred.Task: Task:attempt_local79652491_0023_m_000000_0 is done. And is in the process of committing
2024-04-24T05:21:49,234  INFO [LocalJobRunner Map Task Executor #0] mapred.LocalJobRunner: map
2024-04-24T05:21:49,234  INFO [LocalJobRunner Map Task Executor #0] mapred.Task: Task 'attempt_local79652491_0023_m_000000_0' done.
2024-04-24T05:21:49,234  INFO [LocalJobRunner Map Task Executor #0] mapred.Task: Final Counters for attempt_local79652491_0023_m_000000_0: Counters: 27
	File System Counters
		FILE: Number of bytes read=458896
		FILE: Number of bytes written=27070767
		FILE: Number of read operations=0
		FILE: Number of large read operations=0
		FILE: Number of write operations=0
	Map-Reduce Framework
		Map input records=4
		Map output records=0
		Input split bytes=361
		Spilled Records=0
		Failed Shuffles=0
		Merged Map outputs=0
		GC time elapsed (ms)=0
		Total committed heap usage (bytes)=1121976320
	HIVE
		CREATED_FILES=1
		DESERIALIZE_ERRORS=0
		RECORDS_IN=3
		RECORDS_OUT_1_default.nonacidnonbucket=4
		RECORDS_OUT_INTERMEDIATE=0
		RECORDS_OUT_OPERATOR_FS_4=4
		RECORDS_OUT_OPERATOR_MAP_0=0
		RECORDS_OUT_OPERATOR_SEL_1=1
		RECORDS_OUT_OPERATOR_SEL_3=4
		RECORDS_OUT_OPERATOR_TS_0=1
		RECORDS_OUT_OPERATOR_UDTF_2=4
		TOTAL_TABLE_ROWS_WRITTEN=4
	File Input Format Counters 
		Bytes Read=5941
	File Output Format Counters 
		Bytes Written=0
2024-04-24T05:21:49,234  INFO [LocalJobRunner Map Task Executor #0] mapred.LocalJobRunner: Finishing task: attempt_local79652491_0023_m_000000_0
2024-04-24T05:21:49,234  INFO [Thread-1479] mapred.LocalJobRunner: map task executor complete.
2024-04-24 05:21:50,214 Stage-1 map = 100%,  reduce = 0%
2024-04-24T05:21:50,214  INFO [main] exec.Task: 2024-04-24 05:21:50,214 Stage-1 map = 100%,  reduce = 0%
Ended Job = job_local79652491_0023
2024-04-24T05:21:50,215  INFO [main] exec.Task: Ended Job = job_local79652491_0023
2024-04-24T05:21:50,218  INFO [main] ql.Driver: Starting task [Stage-7:CONDITIONAL] in serial mode
Stage-4 is selected by condition resolver.
2024-04-24T05:21:50,219  INFO [main] exec.Task: Stage-4 is selected by condition resolver.
Stage-3 is filtered out by condition resolver.
2024-04-24T05:21:50,219  INFO [main] exec.Task: Stage-3 is filtered out by condition resolver.
Stage-5 is filtered out by condition resolver.
2024-04-24T05:21:50,219  INFO [main] exec.Task: Stage-5 is filtered out by condition resolver.
2024-04-24T05:21:50,219  INFO [main] ql.Driver: Starting task [Stage-4:MOVE] in serial mode
Moving data to directory file:/home/alex/Repositories/hive/ql/target/tmp/org.apache.hadoop.hive.ql.TestTxnNoBuckets-1713961246971/warehouse/nonacidnonbucket/.hive-staging_hive_2024-04-24_05-21-48_799_3497089070926452855-1/-ext-10000
2024-04-24T05:21:50,219  INFO [main] exec.Task: Moving data to directory file:/home/alex/Repositories/hive/ql/target/tmp/org.apache.hadoop.hive.ql.TestTxnNoBuckets-1713961246971/warehouse/nonacidnonbucket/.hive-staging_hive_2024-04-24_05-21-48_799_3497089070926452855-1/-ext-10000 from file:/home/alex/Repositories/hive/ql/target/tmp/org.apache.hadoop.hive.ql.TestTxnNoBuckets-1713961246971/warehouse/nonacidnonbucket/.hive-staging_hive_2024-04-24_05-21-48_799_3497089070926452855-1/-ext-10002
2024-04-24T05:21:50,219  INFO [main] ql.Driver: Starting task [Stage-0:MOVE] in serial mode
Loading data to table default.nonacidnonbucket
2024-04-24T05:21:50,220  INFO [main] exec.Task: Loading data to table default.nonacidnonbucket from file:/home/alex/Repositories/hive/ql/target/tmp/org.apache.hadoop.hive.ql.TestTxnNoBuckets-1713961246971/warehouse/nonacidnonbucket/.hive-staging_hive_2024-04-24_05-21-48_799_3497089070926452855-1/-ext-10000
2024-04-24T05:21:50,220  INFO [main] HiveMetaStore.audit: ugi=alex	ip=unknown-ip-addr	cmd=get_table : tbl=hive.default.nonacidnonbucket	
2024-04-24T05:21:50,228  INFO [main] metastore.HMSHandler: Skipping translation for processor with null
2024-04-24T05:21:50,228  INFO [main] HiveMetaStore.audit: ugi=alex	ip=unknown-ip-addr	cmd=get_table : tbl=hive.default.nonacidnonbucket	
2024-04-24T05:21:50,236  INFO [main] metastore.HMSHandler: Skipping translation for processor with null
2024-04-24T05:21:50,238  WARN [main] metadata.Hive: Cannot get a table snapshot for nonacidnonbucket
2024-04-24T05:21:50,238  INFO [main] HiveMetaStore.audit: ugi=alex	ip=unknown-ip-addr	cmd=alter_table: hive.default.nonacidnonbucket newtbl=nonacidnonbucket	
2024-04-24T05:21:50,261  INFO [main] ql.Driver: Starting task [Stage-2:STATS] in serial mode
2024-04-24T05:21:50,261  INFO [main] HiveMetaStore.audit: ugi=alex	ip=unknown-ip-addr	cmd=get_table : tbl=hive.default.nonacidnonbucket	
2024-04-24T05:21:50,270  INFO [main] metastore.HMSHandler: Skipping translation for processor with null
2024-04-24T05:21:50,270  INFO [main] stats.BasicStatsTask: Executing stats task
2024-04-24T05:21:50,271  INFO [main] fs.FSStatsPublisher: created : file:/home/alex/Repositories/hive/ql/target/tmp/localscratchdir/805767f7-68f6-4a20-a278-5bece910bf9b/hive_2024-04-24_05-21-48_799_3497089070926452855-1/-mr-10001
2024-04-24T05:21:50,272  INFO [main] HiveMetaStore.audit: ugi=alex	ip=unknown-ip-addr	cmd=get_table : tbl=hive.default.nonacidnonbucket	
2024-04-24T05:21:50,281  INFO [main] metastore.HMSHandler: Skipping translation for processor with null
2024-04-24T05:21:50,281  INFO [main] FileOperations: Read stats for default.nonacidnonbucket/, numRows, true, 4, false: 
2024-04-24T05:21:50,282  INFO [main] FileOperations: Read stats for default.nonacidnonbucket/, rawDataSize, true, 32, false: 
2024-04-24T05:21:50,282  WARN [main] metadata.Hive: Cannot get a table snapshot for nonacidnonbucket
2024-04-24T05:21:50,282  INFO [main] HiveMetaStore.audit: ugi=alex	ip=unknown-ip-addr	cmd=alter_table: hive.default.nonacidnonbucket newtbl=nonacidnonbucket	
2024-04-24T05:21:50,305  INFO [main] stats.BasicStatsTask: Table default.nonacidnonbucket stats: [numFiles=2, numRows=6, totalSize=511, rawDataSize=48, numFilesErasureCoded=0]
2024-04-24T05:21:50,306  INFO [main] metadata.Hive: Dumping metastore api call timing information for : execution phase
2024-04-24T05:21:50,306  INFO [main] metadata.Hive: Total time spent in each metastore function (ms): {getTable_(GetTableRequest)=35, alter_table_(String, String, String, Table, EnvironmentContext, String)=46, isCompatibleWith_(Configuration)=0}
MapReduce Jobs Launched: 
2024-04-24T05:21:50,306  INFO [main] ql.Driver: MapReduce Jobs Launched: 
Stage-Stage-1:  HDFS Read: 0 HDFS Write: 0 SUCCESS
2024-04-24T05:21:50,306  INFO [main] ql.Driver: Stage-Stage-1:  HDFS Read: 0 HDFS Write: 0 SUCCESS
Total MapReduce CPU Time Spent: 0 msec
2024-04-24T05:21:50,306  INFO [main] ql.Driver: Total MapReduce CPU Time Spent: 0 msec
2024-04-24T05:21:50,306  INFO [main] ql.Driver: Completed executing command(queryId=alex_20240424052148_30919961-4854-4e03-8748-85b89aa6b54a); Time taken: 1.34 seconds
2024-04-24T05:21:50,306  INFO [main] lockmgr.DbTxnManager: Stopped heartbeat for query: alex_20240424052148_30919961-4854-4e03-8748-85b89aa6b54a
2024-04-24T05:21:50,310  INFO [main] txn.TxnHandler: Expected to move at least one record from txn_components to completed_txn_components when committing txn! txnid:14
2024-04-24T05:21:50,315  INFO [main] txn.TxnHandler: Removed transactions: ([14]) from MIN_HISTORY_LEVEL
2024-04-24T05:21:50,316  WARN [main] txn.CompactionTxnHandler: No compaction queue record found for Compaction type transaction commit. txnId:14
2024-04-24T05:21:50,316  INFO [main] ql.TxnCommandsBaseForTests: Running the query: insert into nonAcidNonBucket(a,b) values(1,6)
2024-04-24T05:21:50,316  INFO [main] ql.Context: Deleting scratch dir: file:/home/alex/Repositories/hive/ql/target/tmp/localscratchdir/805767f7-68f6-4a20-a278-5bece910bf9b/hive_2024-04-24_05-21-48_799_3497089070926452855-1
2024-04-24T05:21:50,317  INFO [main] cleanup.SyncCleanupService: Deleted directory: file:/home/alex/Repositories/hive/ql/target/tmp/localscratchdir/805767f7-68f6-4a20-a278-5bece910bf9b/hive_2024-04-24_05-21-48_799_3497089070926452855-1 on fs with scheme file
2024-04-24T05:21:50,317  INFO [main] ql.Context: Deleting scratch dir: file:/home/alex/Repositories/hive/ql/target/tmp/org.apache.hadoop.hive.ql.TestTxnNoBuckets-1713961246971/warehouse/nonacidnonbucket/.hive-staging_hive_2024-04-24_05-21-48_799_3497089070926452855-1
2024-04-24T05:21:50,317  INFO [main] cleanup.SyncCleanupService: Deleted directory: file:/home/alex/Repositories/hive/ql/target/tmp/org.apache.hadoop.hive.ql.TestTxnNoBuckets-1713961246971/warehouse/nonacidnonbucket/.hive-staging_hive_2024-04-24_05-21-48_799_3497089070926452855-1 on fs with scheme file
2024-04-24T05:21:50,317  INFO [main] ql.Driver: Compiling command(queryId=alex_20240424052150_94151c63-b4d7-4544-a89f-f25eddebe5fc): insert into nonAcidNonBucket(a,b) values(1,6)
2024-04-24T05:21:50,320  INFO [main] txn.TxnHandler: Added entries to MIN_HISTORY_LEVEL for current txns: ([15]) with min_open_txn: 15
2024-04-24T05:21:50,320  INFO [main] lockmgr.DbTxnManager: Opened txnid:15
2024-04-24T05:21:50,320  INFO [main] parse.CalcitePlanner: Starting caching scope for: 
2024-04-24T05:21:50,321  INFO [main] parse.CalcitePlanner: Starting Semantic Analysis
2024-04-24T05:21:50,323  INFO [main] HiveMetaStore.audit: ugi=alex	ip=unknown-ip-addr	cmd=get_table : tbl=hive.default.nonAcidNonBucket	
2024-04-24T05:21:50,332  INFO [main] metastore.HMSHandler: Skipping translation for processor with null
2024-04-24T05:21:50,332  INFO [main] parse.CalcitePlanner: Completed phase 1 of Semantic Analysis
2024-04-24T05:21:50,332  INFO [main] parse.CalcitePlanner: Get metadata for source tables
2024-04-24T05:21:50,332  INFO [main] parse.CalcitePlanner: Get metadata for subqueries
2024-04-24T05:21:50,332  INFO [main] parse.CalcitePlanner: Get metadata for destination tables
2024-04-24T05:21:50,332  INFO [main] HiveMetaStore.audit: ugi=alex	ip=unknown-ip-addr	cmd=get_table : tbl=hive.default.nonAcidNonBucket	
2024-04-24T05:21:50,341  INFO [main] metastore.HMSHandler: Skipping translation for processor with null
2024-04-24T05:21:50,341  INFO [main] parse.CalcitePlanner: Completed getting MetaData in Semantic Analysis
2024-04-24T05:21:50,341  INFO [main] parse.CalcitePlanner: Disabling LLAP IO encode as ETL query is detected
2024-04-24T05:21:50,361  INFO [main] HiveMetaStore.audit: ugi=alex	ip=unknown-ip-addr	cmd=get_all_table_constraints : tbl=hive._dummy_database._dummy_table	
2024-04-24T05:21:50,407  INFO [main] parse.CalcitePlanner: Get metadata for source tables
2024-04-24T05:21:50,407  INFO [main] parse.CalcitePlanner: Get metadata for subqueries
2024-04-24T05:21:50,407  INFO [main] parse.CalcitePlanner: Get metadata for source tables
2024-04-24T05:21:50,408  INFO [main] HiveMetaStore.audit: ugi=alex	ip=unknown-ip-addr	cmd=get_table : tbl=hive._dummy_database._dummy_table	
2024-04-24T05:21:50,410  INFO [main] parse.CalcitePlanner: Get metadata for subqueries
2024-04-24T05:21:50,410  INFO [main] parse.CalcitePlanner: Get metadata for destination tables
2024-04-24T05:21:50,410  INFO [main] parse.CalcitePlanner: Get metadata for destination tables
2024-04-24T05:21:50,410  INFO [main] HiveMetaStore.audit: ugi=alex	ip=unknown-ip-addr	cmd=get_table : tbl=hive.default.nonAcidNonBucket	
2024-04-24T05:21:50,419  INFO [main] metastore.HMSHandler: Skipping translation for processor with null
2024-04-24T05:21:50,421  INFO [main] common.FileUtils: Creating directory if it doesn't exist: file:/home/alex/Repositories/hive/ql/target/tmp/org.apache.hadoop.hive.ql.TestTxnNoBuckets-1713961246971/warehouse/nonacidnonbucket/.hive-staging_hive_2024-04-24_05-21-50_317_8438381196762260477-1
2024-04-24T05:21:50,423  INFO [main] HiveMetaStore.audit: ugi=alex	ip=unknown-ip-addr	cmd=get_not_null_constraints : tbl=hive.default.nonacidnonbucket	
2024-04-24T05:21:50,425  INFO [main] HiveMetaStore.audit: ugi=alex	ip=unknown-ip-addr	cmd=get_check_constraints : tbl=hive.default.nonacidnonbucket	
2024-04-24T05:21:50,426  INFO [main] parse.CalcitePlanner: CBO Succeeded; optimized logical plan.
2024-04-24T05:21:50,428  INFO [main] optimizer.BucketVersionPopulator: not considering bucketingVersion for: TS[0] because it has -1<2 buckets 
2024-04-24T05:21:50,429  INFO [main] optimizer.SortedDynPartitionOptimizer: Sorted dynamic partitioning optimization kicked in..
2024-04-24T05:21:50,437  INFO [main] HiveMetaStore.audit: ugi=alex	ip=unknown-ip-addr	cmd=get_table : tbl=hive.default.nonacidnonbucket	
2024-04-24T05:21:50,446  INFO [main] metastore.HMSHandler: Skipping translation for processor with null
2024-04-24T05:21:50,447  INFO [main] optimizer.GenMRFileSink1: using CombineHiveInputformat for the merge job
2024-04-24T05:21:50,447  INFO [main] HiveMetaStore.audit: ugi=alex	ip=unknown-ip-addr	cmd=get_table : tbl=hive.default.nonacidnonbucket	
2024-04-24T05:21:50,456  INFO [main] metastore.HMSHandler: Skipping translation for processor with null
2024-04-24T05:21:50,458  INFO [main] parse.CalcitePlanner: Completed plan generation
2024-04-24T05:21:50,458  INFO [main] parse.CalcitePlanner: Ending caching scope for: 
2024-04-24T05:21:50,458  INFO [main] ql.Driver: Semantic Analysis Completed (retrial = false)
2024-04-24T05:21:50,458  INFO [main] ql.Driver: Created Hive schema: Schema(fieldSchemas:[FieldSchema(name:_col0, type:int, comment:null), FieldSchema(name:_col1, type:int, comment:null)], properties:null)
2024-04-24T05:21:50,458  INFO [main] metadata.Hive: Dumping metastore api call timing information for : compilation phase
2024-04-24T05:21:50,458  INFO [main] metadata.Hive: Total time spent in each metastore function (ms): {isCompatibleWith_(Configuration)=0, getValidWriteIds_(List, String)=4, getNotNullConstraints_(NotNullConstraintsRequest)=1, getValidTxns_(long)=0, openTxn_(String, TxnType)=2, getAllTableConstraints_(AllTableConstraintsRequest)=4, getTable_(GetTableRequest)=46, flushCache_()=0, commitTxn_(CommitTxnRequest)=10, getCheckConstraints_(CheckConstraintsRequest)=0}
2024-04-24T05:21:50,459  INFO [main] ql.Driver: Completed compiling command(queryId=alex_20240424052150_94151c63-b4d7-4544-a89f-f25eddebe5fc); Time taken: 0.141 seconds
2024-04-24T05:21:50,459  INFO [main] lockmgr.DbTxnManager: Setting lock request transaction to txnid:15 for queryId=alex_20240424052150_94151c63-b4d7-4544-a89f-f25eddebe5fc
2024-04-24T05:21:50,459  INFO [main] lockmgr.DbLockManager: Requesting lock for queryId=alex_20240424052150_94151c63-b4d7-4544-a89f-f25eddebe5fc
2024-04-24T05:21:50,474  INFO [main] lockmgr.DbLockManager: Response to queryId=alex_20240424052150_94151c63-b4d7-4544-a89f-f25eddebe5fc LockResponse(lockid:9, state:ACQUIRED)
2024-04-24T05:21:50,474  INFO [main] ql.Driver: Operation QUERY obtained 1 locks
2024-04-24T05:21:50,474  INFO [main] ql.Driver: Executing command(queryId=alex_20240424052150_94151c63-b4d7-4544-a89f-f25eddebe5fc): insert into nonAcidNonBucket(a,b) values(1,6)
2024-04-24T05:21:50,475  WARN [main] ql.Driver: Hive-on-MR is deprecated in Hive 2 and may not be available in the future versions. Consider using a different execution engine (i.e. spark, tez) or using Hive 1.X releases.
Query ID = alex_20240424052150_94151c63-b4d7-4544-a89f-f25eddebe5fc
2024-04-24T05:21:50,475  INFO [main] ql.Driver: Query ID = alex_20240424052150_94151c63-b4d7-4544-a89f-f25eddebe5fc
Total jobs = 1
2024-04-24T05:21:50,475  INFO [main] ql.Driver: Total jobs = 1
Launching Job 1 out of 1
2024-04-24T05:21:50,475  INFO [main] ql.Driver: Launching Job 1 out of 1
2024-04-24T05:21:50,604  INFO [main] ql.Driver: Starting task [Stage-1:MAPRED] in serial mode
Number of reduce tasks is set to 0 since there's no reduce operator
2024-04-24T05:21:50,604  INFO [main] exec.Task: Number of reduce tasks is set to 0 since there's no reduce operator
2024-04-24T05:21:50,606  INFO [main] mr.ExecDriver: Using org.apache.hadoop.hive.ql.io.HiveInputFormat
2024-04-24T05:21:50,607  INFO [main] exec.Utilities: Processing alias $hdt$_0:_dummy_table
2024-04-24T05:21:50,607  INFO [main] exec.Utilities: Adding 1 inputs; the first input is file:/home/alex/Repositories/hive/ql/target/tmp/localscratchdir/805767f7-68f6-4a20-a278-5bece910bf9b/hive_2024-04-24_05-21-50_317_8438381196762260477-1/dummy_path
2024-04-24T05:21:50,616  INFO [main] exec.SerializationUtilities: Serializing MapWork using kryo
2024-04-24T05:21:50,616  INFO [main] exec.Utilities: Serialized plan (via FILE) - name: null size: 5,82KB
2024-04-24T05:21:50,617  WARN [main] impl.MetricsSystemImpl: JobTracker metrics system already initialized!
2024-04-24T05:21:50,621  INFO [main] fs.FSStatsPublisher: created : file:/home/alex/Repositories/hive/ql/target/tmp/localscratchdir/805767f7-68f6-4a20-a278-5bece910bf9b/hive_2024-04-24_05-21-50_317_8438381196762260477-1/-mr-10001
2024-04-24T05:21:50,625  WARN [main] impl.MetricsSystemImpl: JobTracker metrics system already initialized!
2024-04-24T05:21:50,631  WARN [main] mapreduce.JobResourceUploader: Hadoop command-line option parsing not performed. Implement the Tool interface and execute your application with ToolRunner to remedy this.
2024-04-24T05:21:50,636  WARN [main] mapreduce.JobResourceUploader: No job jar file set.  User classes may not be found. See Job or Job#setJar(String).
2024-04-24T05:21:50,636  INFO [main] io.HiveInputFormat: hive.io.file.readcolumn.ids = 
2024-04-24T05:21:50,636  INFO [main] io.HiveInputFormat: hive.io.file.readcolumn.names = 
2024-04-24T05:21:50,637  INFO [main] io.HiveInputFormat: Generating splits for dirs: file:/home/alex/Repositories/hive/ql/target/tmp/localscratchdir/805767f7-68f6-4a20-a278-5bece910bf9b/hive_2024-04-24_05-21-50_317_8438381196762260477-1/dummy_path
2024-04-24T05:21:50,637  INFO [main] io.HiveInputFormat: number of splits 1
2024-04-24T05:21:50,653  INFO [main] mapreduce.JobSubmitter: number of splits:1
2024-04-24T05:21:50,670  INFO [main] mapreduce.JobSubmitter: Submitting tokens for job: job_local148096415_0024
2024-04-24T05:21:50,671  INFO [main] mapreduce.JobSubmitter: Executing with tokens: []
2024-04-24T05:21:50,726  INFO [main] mapreduce.Job: The url to track the job: http://localhost:8080/
Job running in-process (local Hadoop)
2024-04-24T05:21:50,726  INFO [main] exec.Task: Job running in-process (local Hadoop)
2024-04-24T05:21:50,727  INFO [Thread-1521] mapred.LocalJobRunner: OutputCommitter set in config org.apache.hadoop.hive.ql.io.HiveFileFormatUtils$NullOutputCommitter
2024-04-24T05:21:50,727  INFO [Thread-1521] mapred.LocalJobRunner: OutputCommitter is org.apache.hadoop.hive.ql.io.HiveFileFormatUtils$NullOutputCommitter
2024-04-24T05:21:50,728  INFO [Thread-1521] mapred.LocalJobRunner: Waiting for map tasks
2024-04-24T05:21:50,728  INFO [LocalJobRunner Map Task Executor #0] mapred.LocalJobRunner: Starting task: attempt_local148096415_0024_m_000000_0
2024-04-24T05:21:50,729  INFO [LocalJobRunner Map Task Executor #0] mapred.Task:  Using ResourceCalculatorProcessTree : [ ]
2024-04-24T05:21:50,729  INFO [LocalJobRunner Map Task Executor #0] mapred.MapTask: Processing split: org.apache.hadoop.hive.ql.io.NullRowsInputFormat:file:/home/alex/Repositories/hive/ql/target/tmp/localscratchdir/805767f7-68f6-4a20-a278-5bece910bf9b/hive_2024-04-24_05-21-50_317_8438381196762260477-1/dummy_path/null:0+1
2024-04-24T05:21:50,730  INFO [LocalJobRunner Map Task Executor #0] exec.SerializationUtilities: Deserializing MapWork using kryo
2024-04-24T05:21:50,730  INFO [LocalJobRunner Map Task Executor #0] exec.Utilities: Deserialized plan (via FILE) - name: null size: 5,82KB
2024-04-24T05:21:50,730  INFO [LocalJobRunner Map Task Executor #0] mapred.MapTask: numReduceTasks: 0
2024-04-24T05:21:50,731  INFO [LocalJobRunner Map Task Executor #0] exec.MapOperator: Initializing Operator: MAP[0]
2024-04-24T05:21:50,731  INFO [LocalJobRunner Map Task Executor #0] mr.ExecMapper: 
<MAP>Id =0
  <Children>null
  <\Children>
  <Parent><\Parent>
<\MAP>
2024-04-24T05:21:50,732  INFO [LocalJobRunner Map Task Executor #0] exec.TableScanOperator: Initializing Operator: TS[0]
2024-04-24T05:21:50,732  INFO [LocalJobRunner Map Task Executor #0] exec.SelectOperator: Initializing Operator: SEL[1]
2024-04-24T05:21:50,732  INFO [LocalJobRunner Map Task Executor #0] exec.SelectOperator: SELECT null
2024-04-24T05:21:50,732  INFO [LocalJobRunner Map Task Executor #0] exec.UDTFOperator: Initializing Operator: UDTF[2]
2024-04-24T05:21:50,732  INFO [LocalJobRunner Map Task Executor #0] exec.SelectOperator: Initializing Operator: SEL[3]
2024-04-24T05:21:50,733  INFO [LocalJobRunner Map Task Executor #0] exec.SelectOperator: SELECT struct<col1:int,col2:int>
2024-04-24T05:21:50,733  INFO [LocalJobRunner Map Task Executor #0] exec.FileSinkOperator: Initializing Operator: FS[4]
2024-04-24T05:21:50,733  INFO [LocalJobRunner Map Task Executor #0] exec.FileSinkOperator: Using serializer : AbstractSerDe [log=org.apache.logging.slf4j.Log4jLogger@5c8da227, configuration=Optional[Configuration: core-default.xml, core-site.xml, mapred-default.xml, mapred-site.xml, yarn-default.xml, yarn-site.xml, hdfs-default.xml, hdfs-site.xml, file:/home/alex/Repositories/hive/ql/target/tmp/TestTxnNoBuckets/mapred/local/localRunner/alex/job_local148096415_0024/job_local148096415_0024.xml], properties={name=default.nonacidnonbucket, columns.types=int:int, serialization.format=1, columns=a,b, numFilesErasureCoded=0, columns.comments=&amp#0;, bucketing_version=2, serialization.lib=org.apache.hadoop.hive.ql.io.orc.OrcSerde, file.inputformat=org.apache.hadoop.hive.ql.io.orc.OrcInputFormat, file.outputformat=org.apache.hadoop.hive.ql.io.orc.OrcOutputFormat, location=file:/home/alex/Repositories/hive/ql/target/tmp/org.apache.hadoop.hive.ql.TestTxnNoBuckets-1713961246971/warehouse/nonacidnonbucket, column.name.delimiter=,}, tableProperties={name=default.nonacidnonbucket, columns.types=int:int, serialization.format=1, columns=a,b, numFilesErasureCoded=0, columns.comments=&amp#0;, bucketing_version=2, serialization.lib=org.apache.hadoop.hive.ql.io.orc.OrcSerde, file.inputformat=org.apache.hadoop.hive.ql.io.orc.OrcInputFormat, location=file:/home/alex/Repositories/hive/ql/target/tmp/org.apache.hadoop.hive.ql.TestTxnNoBuckets-1713961246971/warehouse/nonacidnonbucket, file.outputformat=org.apache.hadoop.hive.ql.io.orc.OrcOutputFormat, column.name.delimiter=,}, partitionProperties=Optional.empty, columnNames=[a, b], columnTypes=[int, int], getClass()=class org.apache.hadoop.hive.ql.io.orc.OrcSerde] and formatter : org.apache.hadoop.hive.ql.io.orc.OrcOutputFormat@3ac4d9f2
2024-04-24T05:21:50,733  INFO [LocalJobRunner Map Task Executor #0] exec.FileSinkOperator: Final Path: FS file:/home/alex/Repositories/hive/ql/target/tmp/org.apache.hadoop.hive.ql.TestTxnNoBuckets-1713961246971/warehouse/nonacidnonbucket/.hive-staging_hive_2024-04-24_05-21-50_317_8438381196762260477-1/_tmp.-ext-10002/000000_0
2024-04-24T05:21:50,734  INFO [LocalJobRunner Map Task Executor #0] exec.FileSinkOperator: Writing to temp file: FS file:/home/alex/Repositories/hive/ql/target/tmp/org.apache.hadoop.hive.ql.TestTxnNoBuckets-1713961246971/warehouse/nonacidnonbucket/.hive-staging_hive_2024-04-24_05-21-50_317_8438381196762260477-1/_task_tmp.-ext-10002/_tmp.000000_0
2024-04-24T05:21:50,734  INFO [LocalJobRunner Map Task Executor #0] exec.FileSinkOperator: New Final Path: FS file:/home/alex/Repositories/hive/ql/target/tmp/org.apache.hadoop.hive.ql.TestTxnNoBuckets-1713961246971/warehouse/nonacidnonbucket/.hive-staging_hive_2024-04-24_05-21-50_317_8438381196762260477-1/_tmp.-ext-10002/000000_0
2024-04-24T05:21:50,734  INFO [LocalJobRunner Map Task Executor #0] exec.FileSinkOperator: FS[4]: records written - 1
2024-04-24T05:21:50,734  INFO [LocalJobRunner Map Task Executor #0] impl.PhysicalFsWriter: ORC writer created for path: file:/home/alex/Repositories/hive/ql/target/tmp/org.apache.hadoop.hive.ql.TestTxnNoBuckets-1713961246971/warehouse/nonacidnonbucket/.hive-staging_hive_2024-04-24_05-21-50_317_8438381196762260477-1/_task_tmp.-ext-10002/_tmp.000000_0 with stripeSize: 67108864 blockSize: 268435456 compression: Compress: ZLIB buffer: 262144
2024-04-24T05:21:50,741  INFO [LocalJobRunner Map Task Executor #0] impl.WriterImpl: ORC writer created for path: file:/home/alex/Repositories/hive/ql/target/tmp/org.apache.hadoop.hive.ql.TestTxnNoBuckets-1713961246971/warehouse/nonacidnonbucket/.hive-staging_hive_2024-04-24_05-21-50_317_8438381196762260477-1/_task_tmp.-ext-10002/_tmp.000000_0 with stripeSize: 67108864 options: Compress: ZLIB buffer: 262144
2024-04-24T05:21:50,741  INFO [LocalJobRunner Map Task Executor #0] exec.MapOperator: MAP[0]: records read - 1
2024-04-24T05:21:50,742  INFO [LocalJobRunner Map Task Executor #0] exec.MapOperator: Closing Operator: MAP[0]
2024-04-24T05:21:50,742  INFO [LocalJobRunner Map Task Executor #0] exec.MapOperator: MAP[0]: Total records read - 3. abort - false
2024-04-24T05:21:50,742  INFO [LocalJobRunner Map Task Executor #0] exec.MapOperator: DESERIALIZE_ERRORS:0, RECORDS_OUT_INTERMEDIATE:0, RECORDS_IN:3, RECORDS_OUT_OPERATOR_MAP_0:0, 
2024-04-24T05:21:50,742  INFO [LocalJobRunner Map Task Executor #0] exec.TableScanOperator: Closing Operator: TS[0]
2024-04-24T05:21:50,742  INFO [LocalJobRunner Map Task Executor #0] exec.TableScanOperator: RECORDS_OUT_OPERATOR_TS_0:1, RECORDS_OUT_INTERMEDIATE:0, 
2024-04-24T05:21:50,742  INFO [LocalJobRunner Map Task Executor #0] exec.SelectOperator: Closing Operator: SEL[1]
2024-04-24T05:21:50,742  INFO [LocalJobRunner Map Task Executor #0] exec.SelectOperator: RECORDS_OUT_OPERATOR_SEL_1:1, RECORDS_OUT_INTERMEDIATE:0, 
2024-04-24T05:21:50,742  INFO [LocalJobRunner Map Task Executor #0] exec.UDTFOperator: Closing Operator: UDTF[2]
2024-04-24T05:21:50,742  INFO [LocalJobRunner Map Task Executor #0] exec.UDTFOperator: RECORDS_OUT_OPERATOR_UDTF_2:1, RECORDS_OUT_INTERMEDIATE:0, 
2024-04-24T05:21:50,742  INFO [LocalJobRunner Map Task Executor #0] exec.SelectOperator: Closing Operator: SEL[3]
2024-04-24T05:21:50,742  INFO [LocalJobRunner Map Task Executor #0] exec.SelectOperator: RECORDS_OUT_INTERMEDIATE:0, RECORDS_OUT_OPERATOR_SEL_3:1, 
2024-04-24T05:21:50,742  INFO [LocalJobRunner Map Task Executor #0] exec.FileSinkOperator: Closing Operator: FS[4]
2024-04-24T05:21:50,742  INFO [LocalJobRunner Map Task Executor #0] exec.FileSinkOperator: FS[4]: records written - 1
2024-04-24T05:21:50,749  INFO [LocalJobRunner Map Task Executor #0] exec.FileSinkOperator: TOTAL_TABLE_ROWS_WRITTEN:1, RECORDS_OUT_INTERMEDIATE:0, RECORDS_OUT_OPERATOR_FS_4:1, RECORDS_OUT_1_default.nonacidnonbucket:1, 
2024-04-24T05:21:50,750  INFO [LocalJobRunner Map Task Executor #0] mapred.LocalJobRunner: 
2024-04-24T05:21:50,750  INFO [LocalJobRunner Map Task Executor #0] mapred.Task: Task:attempt_local148096415_0024_m_000000_0 is done. And is in the process of committing
2024-04-24T05:21:50,750  INFO [LocalJobRunner Map Task Executor #0] mapred.LocalJobRunner: map
2024-04-24T05:21:50,750  INFO [LocalJobRunner Map Task Executor #0] mapred.Task: Task 'attempt_local148096415_0024_m_000000_0' done.
2024-04-24T05:21:50,750  INFO [LocalJobRunner Map Task Executor #0] mapred.Task: Final Counters for attempt_local148096415_0024_m_000000_0: Counters: 27
	File System Counters
		FILE: Number of bytes read=465272
		FILE: Number of bytes written=28241146
		FILE: Number of read operations=0
		FILE: Number of large read operations=0
		FILE: Number of write operations=0
	Map-Reduce Framework
		Map input records=4
		Map output records=0
		Input split bytes=361
		Spilled Records=0
		Failed Shuffles=0
		Merged Map outputs=0
		GC time elapsed (ms)=0
		Total committed heap usage (bytes)=1123549184
	HIVE
		CREATED_FILES=1
		DESERIALIZE_ERRORS=0
		RECORDS_IN=3
		RECORDS_OUT_1_default.nonacidnonbucket=1
		RECORDS_OUT_INTERMEDIATE=0
		RECORDS_OUT_OPERATOR_FS_4=1
		RECORDS_OUT_OPERATOR_MAP_0=0
		RECORDS_OUT_OPERATOR_SEL_1=1
		RECORDS_OUT_OPERATOR_SEL_3=1
		RECORDS_OUT_OPERATOR_TS_0=1
		RECORDS_OUT_OPERATOR_UDTF_2=1
		TOTAL_TABLE_ROWS_WRITTEN=1
	File Input Format Counters 
		Bytes Read=5875
	File Output Format Counters 
		Bytes Written=0
2024-04-24T05:21:50,750  INFO [LocalJobRunner Map Task Executor #0] mapred.LocalJobRunner: Finishing task: attempt_local148096415_0024_m_000000_0
2024-04-24T05:21:50,751  INFO [Thread-1521] mapred.LocalJobRunner: map task executor complete.
2024-04-24 05:21:51,728 Stage-1 map = 100%,  reduce = 0%
2024-04-24T05:21:51,729  INFO [main] exec.Task: 2024-04-24 05:21:51,728 Stage-1 map = 100%,  reduce = 0%
Ended Job = job_local148096415_0024
2024-04-24T05:21:51,730  INFO [main] exec.Task: Ended Job = job_local148096415_0024
2024-04-24T05:21:51,734  INFO [main] ql.Driver: Starting task [Stage-7:CONDITIONAL] in serial mode
Stage-4 is selected by condition resolver.
2024-04-24T05:21:51,735  INFO [main] exec.Task: Stage-4 is selected by condition resolver.
Stage-3 is filtered out by condition resolver.
2024-04-24T05:21:51,735  INFO [main] exec.Task: Stage-3 is filtered out by condition resolver.
Stage-5 is filtered out by condition resolver.
2024-04-24T05:21:51,735  INFO [main] exec.Task: Stage-5 is filtered out by condition resolver.
2024-04-24T05:21:51,735  INFO [main] ql.Driver: Starting task [Stage-4:MOVE] in serial mode
Moving data to directory file:/home/alex/Repositories/hive/ql/target/tmp/org.apache.hadoop.hive.ql.TestTxnNoBuckets-1713961246971/warehouse/nonacidnonbucket/.hive-staging_hive_2024-04-24_05-21-50_317_8438381196762260477-1/-ext-10000
2024-04-24T05:21:51,735  INFO [main] exec.Task: Moving data to directory file:/home/alex/Repositories/hive/ql/target/tmp/org.apache.hadoop.hive.ql.TestTxnNoBuckets-1713961246971/warehouse/nonacidnonbucket/.hive-staging_hive_2024-04-24_05-21-50_317_8438381196762260477-1/-ext-10000 from file:/home/alex/Repositories/hive/ql/target/tmp/org.apache.hadoop.hive.ql.TestTxnNoBuckets-1713961246971/warehouse/nonacidnonbucket/.hive-staging_hive_2024-04-24_05-21-50_317_8438381196762260477-1/-ext-10002
2024-04-24T05:21:51,735  INFO [main] ql.Driver: Starting task [Stage-0:MOVE] in serial mode
Loading data to table default.nonacidnonbucket
2024-04-24T05:21:51,735  INFO [main] exec.Task: Loading data to table default.nonacidnonbucket from file:/home/alex/Repositories/hive/ql/target/tmp/org.apache.hadoop.hive.ql.TestTxnNoBuckets-1713961246971/warehouse/nonacidnonbucket/.hive-staging_hive_2024-04-24_05-21-50_317_8438381196762260477-1/-ext-10000
2024-04-24T05:21:51,736  INFO [main] HiveMetaStore.audit: ugi=alex	ip=unknown-ip-addr	cmd=get_table : tbl=hive.default.nonacidnonbucket	
2024-04-24T05:21:51,745  INFO [main] metastore.HMSHandler: Skipping translation for processor with null
2024-04-24T05:21:51,745  INFO [main] HiveMetaStore.audit: ugi=alex	ip=unknown-ip-addr	cmd=get_table : tbl=hive.default.nonacidnonbucket	
2024-04-24T05:21:51,754  INFO [main] metastore.HMSHandler: Skipping translation for processor with null
2024-04-24T05:21:51,756  WARN [main] metadata.Hive: Cannot get a table snapshot for nonacidnonbucket
2024-04-24T05:21:51,756  INFO [main] HiveMetaStore.audit: ugi=alex	ip=unknown-ip-addr	cmd=alter_table: hive.default.nonacidnonbucket newtbl=nonacidnonbucket	
2024-04-24T05:21:51,779  INFO [main] ql.Driver: Starting task [Stage-2:STATS] in serial mode
2024-04-24T05:21:51,780  INFO [main] HiveMetaStore.audit: ugi=alex	ip=unknown-ip-addr	cmd=get_table : tbl=hive.default.nonacidnonbucket	
2024-04-24T05:21:51,788  INFO [main] metastore.HMSHandler: Skipping translation for processor with null
2024-04-24T05:21:51,788  INFO [main] stats.BasicStatsTask: Executing stats task
2024-04-24T05:21:51,788  INFO [main] fs.FSStatsPublisher: created : file:/home/alex/Repositories/hive/ql/target/tmp/localscratchdir/805767f7-68f6-4a20-a278-5bece910bf9b/hive_2024-04-24_05-21-50_317_8438381196762260477-1/-mr-10001
2024-04-24T05:21:51,790  INFO [main] HiveMetaStore.audit: ugi=alex	ip=unknown-ip-addr	cmd=get_table : tbl=hive.default.nonacidnonbucket	
2024-04-24T05:21:51,798  INFO [main] metastore.HMSHandler: Skipping translation for processor with null
2024-04-24T05:21:51,799  INFO [main] FileOperations: Read stats for default.nonacidnonbucket/, numRows, true, 1, false: 
2024-04-24T05:21:51,799  INFO [main] FileOperations: Read stats for default.nonacidnonbucket/, rawDataSize, true, 8, false: 
2024-04-24T05:21:51,799  WARN [main] metadata.Hive: Cannot get a table snapshot for nonacidnonbucket
2024-04-24T05:21:51,799  INFO [main] HiveMetaStore.audit: ugi=alex	ip=unknown-ip-addr	cmd=alter_table: hive.default.nonacidnonbucket newtbl=nonacidnonbucket	
2024-04-24T05:21:51,826  INFO [main] stats.BasicStatsTask: Table default.nonacidnonbucket stats: [numFiles=3, numRows=7, totalSize=765, rawDataSize=56, numFilesErasureCoded=0]
2024-04-24T05:21:51,826  INFO [main] metadata.Hive: Dumping metastore api call timing information for : execution phase
2024-04-24T05:21:51,827  INFO [main] metadata.Hive: Total time spent in each metastore function (ms): {isCompatibleWith_(Configuration)=0, getTable_(GetTableRequest)=37, alter_table_(String, String, String, Table, EnvironmentContext, String)=50}
MapReduce Jobs Launched: 
2024-04-24T05:21:51,827  INFO [main] ql.Driver: MapReduce Jobs Launched: 
Stage-Stage-1:  HDFS Read: 0 HDFS Write: 0 SUCCESS
2024-04-24T05:21:51,827  INFO [main] ql.Driver: Stage-Stage-1:  HDFS Read: 0 HDFS Write: 0 SUCCESS
Total MapReduce CPU Time Spent: 0 msec
2024-04-24T05:21:51,827  INFO [main] ql.Driver: Total MapReduce CPU Time Spent: 0 msec
2024-04-24T05:21:51,827  INFO [main] ql.Driver: Completed executing command(queryId=alex_20240424052150_94151c63-b4d7-4544-a89f-f25eddebe5fc); Time taken: 1.352 seconds
2024-04-24T05:21:51,827  INFO [main] lockmgr.DbTxnManager: Stopped heartbeat for query: alex_20240424052150_94151c63-b4d7-4544-a89f-f25eddebe5fc
2024-04-24T05:21:51,831  INFO [main] txn.TxnHandler: Expected to move at least one record from txn_components to completed_txn_components when committing txn! txnid:15
2024-04-24T05:21:51,837  INFO [main] txn.TxnHandler: Removed transactions: ([15]) from MIN_HISTORY_LEVEL
2024-04-24T05:21:51,837  WARN [main] txn.CompactionTxnHandler: No compaction queue record found for Compaction type transaction commit. txnId:15
2024-04-24T05:21:51,837  INFO [main] ql.TxnCommandsBaseForTests: Running the query: alter table nonAcidNonBucket SET TBLPROPERTIES ('transactional'='true', 'transactional_properties'='default')
2024-04-24T05:21:51,838  INFO [main] ql.Context: Deleting scratch dir: file:/home/alex/Repositories/hive/ql/target/tmp/localscratchdir/805767f7-68f6-4a20-a278-5bece910bf9b/hive_2024-04-24_05-21-50_317_8438381196762260477-1
2024-04-24T05:21:51,839  INFO [main] cleanup.SyncCleanupService: Deleted directory: file:/home/alex/Repositories/hive/ql/target/tmp/localscratchdir/805767f7-68f6-4a20-a278-5bece910bf9b/hive_2024-04-24_05-21-50_317_8438381196762260477-1 on fs with scheme file
2024-04-24T05:21:51,839  INFO [main] ql.Context: Deleting scratch dir: file:/home/alex/Repositories/hive/ql/target/tmp/org.apache.hadoop.hive.ql.TestTxnNoBuckets-1713961246971/warehouse/nonacidnonbucket/.hive-staging_hive_2024-04-24_05-21-50_317_8438381196762260477-1
2024-04-24T05:21:51,839  INFO [main] cleanup.SyncCleanupService: Deleted directory: file:/home/alex/Repositories/hive/ql/target/tmp/org.apache.hadoop.hive.ql.TestTxnNoBuckets-1713961246971/warehouse/nonacidnonbucket/.hive-staging_hive_2024-04-24_05-21-50_317_8438381196762260477-1 on fs with scheme file
2024-04-24T05:21:51,839  INFO [main] ql.Driver: Compiling command(queryId=alex_20240424052151_a6708b54-5b7b-4fec-a5fc-3232ce9e9fe6): alter table nonAcidNonBucket SET TBLPROPERTIES ('transactional'='true', 'transactional_properties'='default')
2024-04-24T05:21:51,844  INFO [main] txn.TxnHandler: Added entries to MIN_HISTORY_LEVEL for current txns: ([16]) with min_open_txn: 16
2024-04-24T05:21:51,844  INFO [main] lockmgr.DbTxnManager: Opened txnid:16
2024-04-24T05:21:51,845  INFO [main] HiveMetaStore.audit: ugi=alex	ip=unknown-ip-addr	cmd=get_table : tbl=hive.default.nonAcidNonBucket	
2024-04-24T05:21:51,855  INFO [main] metastore.HMSHandler: Skipping translation for processor with null
2024-04-24T05:21:51,856  INFO [main] HiveMetaStore.audit: ugi=alex	ip=unknown-ip-addr	cmd=get_table : tbl=hive.default.nonAcidNonBucket	
2024-04-24T05:21:51,864  INFO [main] metastore.HMSHandler: Skipping translation for processor with null
2024-04-24T05:21:51,865  INFO [main] ql.Driver: Semantic Analysis Completed (retrial = false)
2024-04-24T05:21:51,865  INFO [main] ql.Driver: Created Hive schema: Schema(fieldSchemas:null, properties:null)
2024-04-24T05:21:51,865  INFO [main] metadata.Hive: Dumping metastore api call timing information for : compilation phase
2024-04-24T05:21:51,865  INFO [main] metadata.Hive: Total time spent in each metastore function (ms): {isCompatibleWith_(Configuration)=2, getValidTxns_(long)=0, commitTxn_(CommitTxnRequest)=10, getTable_(GetTableRequest)=18, flushCache_()=0, openTxn_(String, TxnType)=3}
2024-04-24T05:21:51,865  INFO [main] ql.Driver: Completed compiling command(queryId=alex_20240424052151_a6708b54-5b7b-4fec-a5fc-3232ce9e9fe6); Time taken: 0.026 seconds
2024-04-24T05:21:51,866  INFO [main] lockmgr.DbTxnManager: Setting lock request transaction to txnid:16 for queryId=alex_20240424052151_a6708b54-5b7b-4fec-a5fc-3232ce9e9fe6
2024-04-24T05:21:51,866  INFO [main] lockmgr.DbLockManager: Requesting lock for queryId=alex_20240424052151_a6708b54-5b7b-4fec-a5fc-3232ce9e9fe6
2024-04-24T05:21:51,889  INFO [main] lockmgr.DbLockManager: Response to queryId=alex_20240424052151_a6708b54-5b7b-4fec-a5fc-3232ce9e9fe6 LockResponse(lockid:10, state:ACQUIRED)
2024-04-24T05:21:51,889  INFO [main] ql.Driver: Operation ALTERTABLE_PROPERTIES obtained 1 locks
2024-04-24T05:21:51,889  INFO [main] ql.Driver: Executing command(queryId=alex_20240424052151_a6708b54-5b7b-4fec-a5fc-3232ce9e9fe6): alter table nonAcidNonBucket SET TBLPROPERTIES ('transactional'='true', 'transactional_properties'='default')
2024-04-24T05:21:51,889  INFO [main] ql.Driver: Starting task [Stage-0:DDL] in serial mode
2024-04-24T05:21:51,891  INFO [main] HiveMetaStore.audit: ugi=alex	ip=unknown-ip-addr	cmd=get_table : tbl=hive.default.nonAcidNonBucket	
2024-04-24T05:21:51,903  INFO [main] metastore.HMSHandler: Skipping translation for processor with null
2024-04-24T05:21:51,908  INFO [main] HiveMetaStore.audit: ugi=alex	ip=unknown-ip-addr	cmd=alter_table: hive.default.nonAcidNonBucket newtbl=nonacidnonbucket	
2024-04-24T05:21:51,947  INFO [main] metadata.Hive: Dumping metastore api call timing information for : execution phase
2024-04-24T05:21:51,947  INFO [main] metadata.Hive: Total time spent in each metastore function (ms): {isCompatibleWith_(Configuration)=0, getTable_(GetTableRequest)=12, getValidWriteIds_(List, String)=3, alter_table_(String, String, String, Table, EnvironmentContext, String)=38}
2024-04-24T05:21:51,947  INFO [main] ql.Driver: Completed executing command(queryId=alex_20240424052151_a6708b54-5b7b-4fec-a5fc-3232ce9e9fe6); Time taken: 0.058 seconds
2024-04-24T05:21:51,947  INFO [main] lockmgr.DbTxnManager: Stopped heartbeat for query: alex_20240424052151_a6708b54-5b7b-4fec-a5fc-3232ce9e9fe6
2024-04-24T05:21:51,951  INFO [main] txn.TxnHandler: Expected to move at least one record from txn_components to completed_txn_components when committing txn! txnid:16
2024-04-24T05:21:51,956  INFO [main] txn.TxnHandler: Removed transactions: ([16]) from MIN_HISTORY_LEVEL
2024-04-24T05:21:51,956  WARN [main] txn.CompactionTxnHandler: No compaction queue record found for Compaction type transaction commit. txnId:16
2024-04-24T05:21:51,957  INFO [main] ql.TxnCommandsBaseForTests: Running the query: select ROW__ID, a, b, INPUT__FILE__NAME from nonAcidNonBucket order by ROW__ID
2024-04-24T05:21:51,957  INFO [main] ql.Driver: Compiling command(queryId=alex_20240424052151_9e8082a8-2442-487d-bf42-574ddc41a802): select ROW__ID, a, b, INPUT__FILE__NAME from nonAcidNonBucket order by ROW__ID
2024-04-24T05:21:51,960  INFO [main] txn.TxnHandler: Added entries to MIN_HISTORY_LEVEL for current txns: ([17]) with min_open_txn: 16
2024-04-24T05:21:51,961  INFO [main] lockmgr.DbTxnManager: Opened txnid:17
2024-04-24T05:21:51,961  INFO [main] parse.CalcitePlanner: Starting caching scope for: 
2024-04-24T05:21:51,961  INFO [main] parse.CalcitePlanner: Starting Semantic Analysis
2024-04-24T05:21:51,964  INFO [main] parse.CalcitePlanner: Completed phase 1 of Semantic Analysis
2024-04-24T05:21:51,964  INFO [main] parse.CalcitePlanner: Get metadata for source tables
2024-04-24T05:21:51,967  INFO [main] HiveMetaStore.audit: ugi=alex	ip=unknown-ip-addr	cmd=get_table : tbl=hive.default.nonacidnonbucket	
2024-04-24T05:21:51,974  INFO [main] metastore.HMSHandler: Skipping translation for processor with null
2024-04-24T05:21:51,975  INFO [main] parse.CalcitePlanner: Get metadata for subqueries
2024-04-24T05:21:51,975  INFO [main] parse.CalcitePlanner: Get metadata for destination tables
2024-04-24T05:21:51,975  INFO [main] parse.CalcitePlanner: Completed getting MetaData in Semantic Analysis
2024-04-24T05:21:51,987  INFO [main] HiveMetaStore.audit: ugi=alex	ip=unknown-ip-addr	cmd=get_all_table_constraints : tbl=hive.default.nonacidnonbucket	
2024-04-24T05:21:51,996  INFO [main] calcite.RelOptHiveTable: Calculating column statistics for default.nonacidnonbucket, projIndxSet: [0, 1], allowMissingStats: true
2024-04-24T05:21:51,997  INFO [main] HiveMetaStore.audit: ugi=alex	ip=unknown-ip-addr	cmd=get_table_statistics_req: table=hive.default.nonacidnonbucket	
2024-04-24T05:21:52,008  WARN [main] calcite.RelOptHiveTable: No Stats for default@nonacidnonbucket, Columns: a, b
No Stats for default@nonacidnonbucket, Columns: a, b
2024-04-24T05:21:52,008  INFO [main] SessionState: No Stats for default@nonacidnonbucket, Columns: a, b
2024-04-24T05:21:52,050  INFO [main] parse.CalcitePlanner: Get metadata for source tables
2024-04-24T05:21:52,051  INFO [main] parse.CalcitePlanner: Get metadata for subqueries
2024-04-24T05:21:52,051  INFO [main] parse.CalcitePlanner: Get metadata for destination tables
2024-04-24T05:21:52,052  INFO [main] common.FileUtils: Creating directory if it doesn't exist: file:/home/alex/Repositories/hive/ql/target/tmp/localscratchdir/805767f7-68f6-4a20-a278-5bece910bf9b/hive_2024-04-24_05-21-51_957_1159647067640413124-1/-mr-10001/.hive-staging_hive_2024-04-24_05-21-51_957_1159647067640413124-1
2024-04-24T05:21:52,059  INFO [main] parse.CalcitePlanner: CBO Succeeded; optimized logical plan.
2024-04-24T05:21:52,062  INFO [main] optimizer.ColumnPrunerProcFactory: RS 2 oldColExprMap: {VALUE._col0=Column[_col1], VALUE._col1=Column[_col2], VALUE._col2=Column[_col3], KEY.reducesinkkey0=Column[_col0]}
2024-04-24T05:21:52,062  INFO [main] optimizer.ColumnPrunerProcFactory: RS 2 newColExprMap: {VALUE._col1=Column[_col2], KEY.reducesinkkey0=Column[_col0], VALUE._col0=Column[_col1], VALUE._col2=Column[_col3]}
2024-04-24T05:21:52,063  INFO [main] optimizer.BucketVersionPopulator: not considering bucketingVersion for: TS[0] because it has -1<2 buckets 
2024-04-24T05:21:52,064  INFO [main] optimizer.SortedDynPartitionOptimizer: Sorted dynamic partitioning optimization kicked in..
2024-04-24T05:21:52,072  INFO [main] parse.CalcitePlanner: Completed plan generation
2024-04-24T05:21:52,072  INFO [main] parse.CalcitePlanner: Ending caching scope for: 
2024-04-24T05:21:52,072  INFO [main] ql.Driver: Semantic Analysis Completed (retrial = false)
2024-04-24T05:21:52,072  INFO [main] ql.Driver: Created Hive schema: Schema(fieldSchemas:[FieldSchema(name:row__id, type:struct<writeid:bigint,bucketid:int,rowid:bigint>, comment:null), FieldSchema(name:a, type:int, comment:null), FieldSchema(name:b, type:int, comment:null), FieldSchema(name:input__file__name, type:string, comment:null)], properties:null)
2024-04-24T05:21:52,073  INFO [main] exec.ListSinkOperator: Initializing Operator: LIST_SINK[5]
2024-04-24T05:21:52,073  INFO [main] metadata.Hive: Dumping metastore api call timing information for : compilation phase
2024-04-24T05:21:52,073  INFO [main] metadata.Hive: Total time spent in each metastore function (ms): {getTableColumnStatistics_(String, String, List, String)=11, getValidTxns_(long)=0, openTxn_(String, TxnType)=3, isCompatibleWith_(Configuration)=0, getAllTableConstraints_(AllTableConstraintsRequest)=5, flushCache_()=0, getTable_(GetTableRequest)=8, getValidWriteIds_(List, String)=5, commitTxn_(CommitTxnRequest)=10}
2024-04-24T05:21:52,074  INFO [main] ql.Driver: Completed compiling command(queryId=alex_20240424052151_9e8082a8-2442-487d-bf42-574ddc41a802); Time taken: 0.116 seconds
2024-04-24T05:21:52,074  INFO [main] lockmgr.DbTxnManager: Setting lock request transaction to txnid:17 for queryId=alex_20240424052151_9e8082a8-2442-487d-bf42-574ddc41a802
2024-04-24T05:21:52,074  INFO [main] lockmgr.DbLockManager: Requesting lock for queryId=alex_20240424052151_9e8082a8-2442-487d-bf42-574ddc41a802
2024-04-24T05:21:52,088  INFO [main] lockmgr.DbLockManager: Response to queryId=alex_20240424052151_9e8082a8-2442-487d-bf42-574ddc41a802 LockResponse(lockid:11, state:ACQUIRED)
2024-04-24T05:21:52,088  INFO [main] ql.Driver: Operation QUERY obtained 1 locks
2024-04-24T05:21:52,089  INFO [main] ql.Driver: Executing command(queryId=alex_20240424052151_9e8082a8-2442-487d-bf42-574ddc41a802): select ROW__ID, a, b, INPUT__FILE__NAME from nonAcidNonBucket order by ROW__ID
2024-04-24T05:21:52,089  WARN [main] ql.Driver: Hive-on-MR is deprecated in Hive 2 and may not be available in the future versions. Consider using a different execution engine (i.e. spark, tez) or using Hive 1.X releases.
Query ID = alex_20240424052151_9e8082a8-2442-487d-bf42-574ddc41a802
2024-04-24T05:21:52,089  INFO [main] ql.Driver: Query ID = alex_20240424052151_9e8082a8-2442-487d-bf42-574ddc41a802
Total jobs = 1
2024-04-24T05:21:52,089  INFO [main] ql.Driver: Total jobs = 1
Launching Job 1 out of 1
2024-04-24T05:21:52,089  INFO [main] ql.Driver: Launching Job 1 out of 1
2024-04-24T05:21:52,216  INFO [main] ql.Driver: Starting task [Stage-1:MAPRED] in serial mode
Number of reduce tasks determined at compile time: 1
2024-04-24T05:21:52,216  INFO [main] exec.Task: Number of reduce tasks determined at compile time: 1
In order to change the average load for a reducer (in bytes):
2024-04-24T05:21:52,216  INFO [main] exec.Task: In order to change the average load for a reducer (in bytes):
  set hive.exec.reducers.bytes.per.reducer=<number>
2024-04-24T05:21:52,216  INFO [main] exec.Task:   set hive.exec.reducers.bytes.per.reducer=<number>
In order to limit the maximum number of reducers:
2024-04-24T05:21:52,216  INFO [main] exec.Task: In order to limit the maximum number of reducers:
  set hive.exec.reducers.max=<number>
2024-04-24T05:21:52,216  INFO [main] exec.Task:   set hive.exec.reducers.max=<number>
In order to set a constant number of reducers:
2024-04-24T05:21:52,216  INFO [main] exec.Task: In order to set a constant number of reducers:
  set mapreduce.job.reduces=<number>
2024-04-24T05:21:52,216  INFO [main] exec.Task:   set mapreduce.job.reduces=<number>
2024-04-24T05:21:52,219  INFO [main] mr.ExecDriver: Using org.apache.hadoop.hive.ql.io.HiveInputFormat
2024-04-24T05:21:52,219  INFO [main] exec.Utilities: Processing alias nonacidnonbucket
2024-04-24T05:21:52,219  INFO [main] exec.Utilities: Adding 1 inputs; the first input is file:/home/alex/Repositories/hive/ql/target/tmp/org.apache.hadoop.hive.ql.TestTxnNoBuckets-1713961246971/warehouse/nonacidnonbucket
2024-04-24T05:21:52,228  INFO [main] exec.SerializationUtilities: Serializing MapWork using kryo
2024-04-24T05:21:52,229  INFO [main] exec.Utilities: Serialized plan (via FILE) - name: null size: 4,98KB
2024-04-24T05:21:52,234  INFO [main] exec.SerializationUtilities: Serializing ReduceWork using kryo
2024-04-24T05:21:52,235  INFO [main] exec.Utilities: Serialized plan (via FILE) - name: null size: 6,10KB
2024-04-24T05:21:52,236  WARN [main] impl.MetricsSystemImpl: JobTracker metrics system already initialized!
2024-04-24T05:21:52,241  WARN [main] impl.MetricsSystemImpl: JobTracker metrics system already initialized!
2024-04-24T05:21:52,249  WARN [main] mapreduce.JobResourceUploader: Hadoop command-line option parsing not performed. Implement the Tool interface and execute your application with ToolRunner to remedy this.
2024-04-24T05:21:52,253  WARN [main] mapreduce.JobResourceUploader: No job jar file set.  User classes may not be found. See Job or Job#setJar(String).
2024-04-24T05:21:52,254  INFO [main] io.HiveInputFormat: hive.io.file.readcolumn.ids = 0,1
2024-04-24T05:21:52,254  INFO [main] io.HiveInputFormat: hive.io.file.readcolumn.names = a,b
2024-04-24T05:21:52,254  INFO [main] io.HiveInputFormat: Generating splits for dirs: file:/home/alex/Repositories/hive/ql/target/tmp/org.apache.hadoop.hive.ql.TestTxnNoBuckets-1713961246971/warehouse/nonacidnonbucket
2024-04-24T05:21:52,255  INFO [main] orc.OrcInputFormat: getSplits started
2024-04-24T05:21:52,255  INFO [main] orc.OrcInputFormat: Context:: isAcid: true isVectorMode: false sarg: null minSplitSize: 1 maxSplitSize: 256000000 splitStrategy: HYBRID footerInSplits: false numBuckets: 0 numThreads: 10 cacheMemSize: 268435456 cacheStripeDetails: true useSoftReference: false writeIdList: default.nonacidnonbucket:10000000:9223372036854775807:: isTransactionalTable: true txnProperties: default 
2024-04-24T05:21:52,255  INFO [main] orc.OrcInputFormat: ORC pushdown predicate: null
2024-04-24T05:21:52,263  INFO [main] orc.OrcInputFormat: FooterCacheHitRatio: 0/3
2024-04-24T05:21:52,263  INFO [main] orc.OrcInputFormat: getSplits finished (#splits: 3). duration: 8 ms
2024-04-24T05:21:52,263  INFO [main] io.HiveInputFormat: number of splits 3
2024-04-24T05:21:52,282  INFO [main] mapreduce.JobSubmitter: number of splits:3
2024-04-24T05:21:52,301  INFO [main] mapreduce.JobSubmitter: Submitting tokens for job: job_local2017609180_0025
2024-04-24T05:21:52,301  INFO [main] mapreduce.JobSubmitter: Executing with tokens: []
2024-04-24T05:21:52,360  INFO [main] mapreduce.Job: The url to track the job: http://localhost:8080/
Job running in-process (local Hadoop)
2024-04-24T05:21:52,360  INFO [main] exec.Task: Job running in-process (local Hadoop)
2024-04-24T05:21:52,361  INFO [Thread-1569] mapred.LocalJobRunner: OutputCommitter set in config org.apache.hadoop.hive.ql.io.HiveFileFormatUtils$NullOutputCommitter
2024-04-24T05:21:52,361  INFO [Thread-1569] mapred.LocalJobRunner: OutputCommitter is org.apache.hadoop.hive.ql.io.HiveFileFormatUtils$NullOutputCommitter
2024-04-24T05:21:52,363  INFO [Thread-1569] mapred.LocalJobRunner: Waiting for map tasks
2024-04-24T05:21:52,363  INFO [LocalJobRunner Map Task Executor #0] mapred.LocalJobRunner: Starting task: attempt_local2017609180_0025_m_000000_0
2024-04-24T05:21:52,364  INFO [LocalJobRunner Map Task Executor #0] mapred.Task:  Using ResourceCalculatorProcessTree : [ ]
2024-04-24T05:21:52,364  INFO [LocalJobRunner Map Task Executor #0] mapred.MapTask: Processing split: org.apache.hadoop.hive.ql.io.orc.OrcInputFormat:OrcSplit [file:/home/alex/Repositories/hive/ql/target/tmp/org.apache.hadoop.hive.ql.TestTxnNoBuckets-1713961246971/warehouse/nonacidnonbucket/000000_0_copy_1, start=0, length=257, isOriginal=true, fileLength=257, hasFooter=false, hasBase=true, deltas=0]
2024-04-24T05:21:52,365  INFO [LocalJobRunner Map Task Executor #0] exec.SerializationUtilities: Deserializing MapWork using kryo
2024-04-24T05:21:52,365  INFO [LocalJobRunner Map Task Executor #0] exec.Utilities: Deserialized plan (via FILE) - name: null size: 4,98KB
2024-04-24T05:21:52,367  INFO [LocalJobRunner Map Task Executor #0] orc.OrcRawRecordMerger: min key = null, max key = null
2024-04-24T05:21:52,368  INFO [LocalJobRunner Map Task Executor #0] orc.ReaderImpl: Reading ORC rows from file:/home/alex/Repositories/hive/ql/target/tmp/org.apache.hadoop.hive.ql.TestTxnNoBuckets-1713961246971/warehouse/nonacidnonbucket/000000_0_copy_1 with {include: [true, true, true], offset: 0, length: 257, schema: struct<a:int,b:int>, includeAcidColumns: true}
2024-04-24T05:21:52,378  INFO [LocalJobRunner Map Task Executor #0] orc.OrcRawRecordMerger: updated min key = null, max key = null
2024-04-24T05:21:52,378  INFO [LocalJobRunner Map Task Executor #0] mapred.MapTask: numReduceTasks: 1
2024-04-24T05:21:52,383  INFO [LocalJobRunner Map Task Executor #0] mapred.MapTask: (EQUATOR) 0 kvi 26214396(104857584)
2024-04-24T05:21:52,383  INFO [LocalJobRunner Map Task Executor #0] mapred.MapTask: mapreduce.task.io.sort.mb: 100
2024-04-24T05:21:52,383  INFO [LocalJobRunner Map Task Executor #0] mapred.MapTask: soft limit at 83886080
2024-04-24T05:21:52,383  INFO [LocalJobRunner Map Task Executor #0] mapred.MapTask: bufstart = 0; bufvoid = 104857600
2024-04-24T05:21:52,383  INFO [LocalJobRunner Map Task Executor #0] mapred.MapTask: kvstart = 26214396; length = 6553600
2024-04-24T05:21:52,383  INFO [LocalJobRunner Map Task Executor #0] mapred.MapTask: Map output collector class = org.apache.hadoop.mapred.MapTask$MapOutputBuffer
2024-04-24T05:21:52,384  INFO [LocalJobRunner Map Task Executor #0] exec.MapOperator: Initializing Operator: MAP[0]
2024-04-24T05:21:52,385  INFO [LocalJobRunner Map Task Executor #0] mr.ExecMapper: 
<MAP>Id =0
  <Children>null
  <\Children>
  <Parent><\Parent>
<\MAP>
2024-04-24T05:21:52,385  INFO [LocalJobRunner Map Task Executor #0] exec.TableScanOperator: Initializing Operator: TS[0]
2024-04-24T05:21:52,385  INFO [LocalJobRunner Map Task Executor #0] exec.SelectOperator: Initializing Operator: SEL[1]
2024-04-24T05:21:52,385  INFO [LocalJobRunner Map Task Executor #0] exec.SelectOperator: SELECT struct<a:int,b:int,row__id:struct<writeid:bigint,bucketid:int,rowid:bigint>,input__file__name:string>
2024-04-24T05:21:52,385  INFO [LocalJobRunner Map Task Executor #0] exec.ReduceSinkOperator: Initializing Operator: RS[2]
2024-04-24T05:21:52,385  INFO [LocalJobRunner Map Task Executor #0] exec.ReduceSinkOperator: Using tag = -1
2024-04-24T05:21:52,386  INFO [LocalJobRunner Map Task Executor #0] exec.ReduceSinkOperator: keys are [reducesinkkey0] num distributions: 1
2024-04-24T05:21:52,386  INFO [LocalJobRunner Map Task Executor #0] exec.ReduceSinkOperator: RS[2]: records written - 1
2024-04-24T05:21:52,386  INFO [LocalJobRunner Map Task Executor #0] exec.MapOperator: MAP[0]: records read - 1
2024-04-24T05:21:52,386  INFO [LocalJobRunner Map Task Executor #0] exec.MapOperator: Closing Operator: MAP[0]
2024-04-24T05:21:52,386  INFO [LocalJobRunner Map Task Executor #0] exec.MapOperator: MAP[0]: Total records read - 4. abort - false
2024-04-24T05:21:52,386  INFO [LocalJobRunner Map Task Executor #0] exec.MapOperator: RECORDS_IN:4, RECORDS_OUT_INTERMEDIATE:0, DESERIALIZE_ERRORS:0, RECORDS_OUT_OPERATOR_MAP_0:0, 
2024-04-24T05:21:52,386  INFO [LocalJobRunner Map Task Executor #0] exec.TableScanOperator: Closing Operator: TS[0]
2024-04-24T05:21:52,386  INFO [LocalJobRunner Map Task Executor #0] exec.TableScanOperator: RECORDS_OUT_INTERMEDIATE:0, RECORDS_OUT_OPERATOR_TS_0:4, 
2024-04-24T05:21:52,387  INFO [LocalJobRunner Map Task Executor #0] exec.SelectOperator: Closing Operator: SEL[1]
2024-04-24T05:21:52,387  INFO [LocalJobRunner Map Task Executor #0] exec.SelectOperator: RECORDS_OUT_INTERMEDIATE:0, RECORDS_OUT_OPERATOR_SEL_1:4, 
2024-04-24T05:21:52,387  INFO [LocalJobRunner Map Task Executor #0] exec.ReduceSinkOperator: Closing Operator: RS[2]
2024-04-24T05:21:52,387  INFO [LocalJobRunner Map Task Executor #0] exec.ReduceSinkOperator: RS[2]: Total records written - 4. abort - false
2024-04-24T05:21:52,387  INFO [LocalJobRunner Map Task Executor #0] exec.ReduceSinkOperator: RECORDS_OUT_OPERATOR_RS_2:4, RECORDS_OUT_INTERMEDIATE:4, 
2024-04-24T05:21:52,387  INFO [LocalJobRunner Map Task Executor #0] mapred.LocalJobRunner: 
2024-04-24T05:21:52,387  INFO [LocalJobRunner Map Task Executor #0] mapred.MapTask: Starting flush of map output
2024-04-24T05:21:52,387  INFO [LocalJobRunner Map Task Executor #0] mapred.MapTask: Spilling map output
2024-04-24T05:21:52,387  INFO [LocalJobRunner Map Task Executor #0] mapred.MapTask: bufstart = 0; bufend = 740; bufvoid = 104857600
2024-04-24T05:21:52,387  INFO [LocalJobRunner Map Task Executor #0] mapred.MapTask: kvstart = 26214396(104857584); kvend = 26214384(104857536); length = 13/6553600
2024-04-24T05:21:52,398  INFO [LocalJobRunner Map Task Executor #0] mapred.MapTask: Finished spill 0
2024-04-24T05:21:52,401  INFO [LocalJobRunner Map Task Executor #0] mapred.Task: Task:attempt_local2017609180_0025_m_000000_0 is done. And is in the process of committing
2024-04-24T05:21:52,401  INFO [LocalJobRunner Map Task Executor #0] mapred.LocalJobRunner: OrcSplit [file:/home/alex/Repositories/hive/ql/target/tmp/org.apache.hadoop.hive.ql.TestTxnNoBuckets-1713961246971/warehouse/nonacidnonbucket/000000_0_copy_1, start=0, length=257, isOriginal=true, fileLength=257, hasFooter=false, hasBase=true, deltas=0]
2024-04-24T05:21:52,401  INFO [LocalJobRunner Map Task Executor #0] mapred.Task: Task 'attempt_local2017609180_0025_m_000000_0' done.
2024-04-24T05:21:52,401  INFO [LocalJobRunner Map Task Executor #0] mapred.Task: Final Counters for attempt_local2017609180_0025_m_000000_0: Counters: 24
	File System Counters
		FILE: Number of bytes read=473325
		FILE: Number of bytes written=29422356
		FILE: Number of read operations=0
		FILE: Number of large read operations=0
		FILE: Number of write operations=0
	Map-Reduce Framework
		Map input records=4
		Map output records=4
		Map output bytes=740
		Map output materialized bytes=758
		Input split bytes=489
		Combine input records=0
		Spilled Records=4
		Failed Shuffles=0
		Merged Map outputs=0
		GC time elapsed (ms)=0
		Total committed heap usage (bytes)=1123549184
	HIVE
		DESERIALIZE_ERRORS=0
		RECORDS_IN=4
		RECORDS_OUT_INTERMEDIATE=4
		RECORDS_OUT_OPERATOR_MAP_0=0
		RECORDS_OUT_OPERATOR_RS_2=4
		RECORDS_OUT_OPERATOR_SEL_1=4
		RECORDS_OUT_OPERATOR_TS_0=4
	File Input Format Counters 
		Bytes Read=6401
2024-04-24T05:21:52,401  INFO [LocalJobRunner Map Task Executor #0] mapred.LocalJobRunner: Finishing task: attempt_local2017609180_0025_m_000000_0
2024-04-24T05:21:52,402  INFO [LocalJobRunner Map Task Executor #0] mapred.LocalJobRunner: Starting task: attempt_local2017609180_0025_m_000001_0
2024-04-24T05:21:52,402  INFO [LocalJobRunner Map Task Executor #0] mapred.Task:  Using ResourceCalculatorProcessTree : [ ]
2024-04-24T05:21:52,402  INFO [LocalJobRunner Map Task Executor #0] mapred.MapTask: Processing split: org.apache.hadoop.hive.ql.io.orc.OrcInputFormat:OrcSplit [file:/home/alex/Repositories/hive/ql/target/tmp/org.apache.hadoop.hive.ql.TestTxnNoBuckets-1713961246971/warehouse/nonacidnonbucket/000000_0, start=0, length=254, isOriginal=true, fileLength=254, hasFooter=false, hasBase=true, deltas=0]
2024-04-24T05:21:52,403  INFO [LocalJobRunner Map Task Executor #0] exec.SerializationUtilities: Deserializing MapWork using kryo
2024-04-24T05:21:52,404  INFO [LocalJobRunner Map Task Executor #0] exec.Utilities: Deserialized plan (via FILE) - name: null size: 4,98KB
2024-04-24T05:21:52,405  INFO [LocalJobRunner Map Task Executor #0] orc.OrcRawRecordMerger: min key = null, max key = null
2024-04-24T05:21:52,405  INFO [LocalJobRunner Map Task Executor #0] orc.ReaderImpl: Reading ORC rows from file:/home/alex/Repositories/hive/ql/target/tmp/org.apache.hadoop.hive.ql.TestTxnNoBuckets-1713961246971/warehouse/nonacidnonbucket/000000_0 with {include: [true, true, true], offset: 0, length: 254, schema: struct<a:int,b:int>, includeAcidColumns: true}
2024-04-24T05:21:52,415  INFO [LocalJobRunner Map Task Executor #0] orc.OrcRawRecordMerger: updated min key = null, max key = null
2024-04-24T05:21:52,415  INFO [LocalJobRunner Map Task Executor #0] mapred.MapTask: numReduceTasks: 1
2024-04-24T05:21:52,419  INFO [LocalJobRunner Map Task Executor #0] mapred.MapTask: (EQUATOR) 0 kvi 26214396(104857584)
2024-04-24T05:21:52,419  INFO [LocalJobRunner Map Task Executor #0] mapred.MapTask: mapreduce.task.io.sort.mb: 100
2024-04-24T05:21:52,419  INFO [LocalJobRunner Map Task Executor #0] mapred.MapTask: soft limit at 83886080
2024-04-24T05:21:52,419  INFO [LocalJobRunner Map Task Executor #0] mapred.MapTask: bufstart = 0; bufvoid = 104857600
2024-04-24T05:21:52,419  INFO [LocalJobRunner Map Task Executor #0] mapred.MapTask: kvstart = 26214396; length = 6553600
2024-04-24T05:21:52,420  INFO [LocalJobRunner Map Task Executor #0] mapred.MapTask: Map output collector class = org.apache.hadoop.mapred.MapTask$MapOutputBuffer
2024-04-24T05:21:52,420  INFO [LocalJobRunner Map Task Executor #0] exec.MapOperator: Initializing Operator: MAP[0]
2024-04-24T05:21:52,421  INFO [LocalJobRunner Map Task Executor #0] mr.ExecMapper: 
<MAP>Id =0
  <Children>null
  <\Children>
  <Parent><\Parent>
<\MAP>
2024-04-24T05:21:52,421  INFO [LocalJobRunner Map Task Executor #0] exec.TableScanOperator: Initializing Operator: TS[0]
2024-04-24T05:21:52,421  INFO [LocalJobRunner Map Task Executor #0] exec.SelectOperator: Initializing Operator: SEL[1]
2024-04-24T05:21:52,421  INFO [LocalJobRunner Map Task Executor #0] exec.SelectOperator: SELECT struct<a:int,b:int,row__id:struct<writeid:bigint,bucketid:int,rowid:bigint>,input__file__name:string>
2024-04-24T05:21:52,421  INFO [LocalJobRunner Map Task Executor #0] exec.ReduceSinkOperator: Initializing Operator: RS[2]
2024-04-24T05:21:52,422  INFO [LocalJobRunner Map Task Executor #0] exec.ReduceSinkOperator: Using tag = -1
2024-04-24T05:21:52,422  INFO [LocalJobRunner Map Task Executor #0] exec.ReduceSinkOperator: keys are [reducesinkkey0] num distributions: 1
2024-04-24T05:21:52,422  INFO [LocalJobRunner Map Task Executor #0] exec.ReduceSinkOperator: RS[2]: records written - 1
2024-04-24T05:21:52,422  INFO [LocalJobRunner Map Task Executor #0] exec.MapOperator: MAP[0]: records read - 1
2024-04-24T05:21:52,422  INFO [LocalJobRunner Map Task Executor #0] exec.MapOperator: Closing Operator: MAP[0]
2024-04-24T05:21:52,422  INFO [LocalJobRunner Map Task Executor #0] exec.MapOperator: MAP[0]: Total records read - 2. abort - false
2024-04-24T05:21:52,422  INFO [LocalJobRunner Map Task Executor #0] exec.MapOperator: RECORDS_IN:2, RECORDS_OUT_INTERMEDIATE:0, RECORDS_OUT_OPERATOR_MAP_0:0, DESERIALIZE_ERRORS:0, 
2024-04-24T05:21:52,422  INFO [LocalJobRunner Map Task Executor #0] exec.TableScanOperator: Closing Operator: TS[0]
2024-04-24T05:21:52,423  INFO [LocalJobRunner Map Task Executor #0] exec.TableScanOperator: RECORDS_OUT_INTERMEDIATE:0, RECORDS_OUT_OPERATOR_TS_0:2, 
2024-04-24T05:21:52,423  INFO [LocalJobRunner Map Task Executor #0] exec.SelectOperator: Closing Operator: SEL[1]
2024-04-24T05:21:52,423  INFO [LocalJobRunner Map Task Executor #0] exec.SelectOperator: RECORDS_OUT_OPERATOR_SEL_1:2, RECORDS_OUT_INTERMEDIATE:0, 
2024-04-24T05:21:52,423  INFO [LocalJobRunner Map Task Executor #0] exec.ReduceSinkOperator: Closing Operator: RS[2]
2024-04-24T05:21:52,423  INFO [LocalJobRunner Map Task Executor #0] exec.ReduceSinkOperator: RS[2]: Total records written - 2. abort - false
2024-04-24T05:21:52,423  INFO [LocalJobRunner Map Task Executor #0] exec.ReduceSinkOperator: RECORDS_OUT_OPERATOR_RS_2:2, RECORDS_OUT_INTERMEDIATE:2, 
2024-04-24T05:21:52,423  INFO [LocalJobRunner Map Task Executor #0] mapred.LocalJobRunner: 
2024-04-24T05:21:52,423  INFO [LocalJobRunner Map Task Executor #0] mapred.MapTask: Starting flush of map output
2024-04-24T05:21:52,423  INFO [LocalJobRunner Map Task Executor #0] mapred.MapTask: Spilling map output
2024-04-24T05:21:52,423  INFO [LocalJobRunner Map Task Executor #0] mapred.MapTask: bufstart = 0; bufend = 356; bufvoid = 104857600
2024-04-24T05:21:52,423  INFO [LocalJobRunner Map Task Executor #0] mapred.MapTask: kvstart = 26214396(104857584); kvend = 26214392(104857568); length = 5/6553600
2024-04-24T05:21:52,438  INFO [LocalJobRunner Map Task Executor #0] mapred.MapTask: Finished spill 0
2024-04-24T05:21:52,446  INFO [LocalJobRunner Map Task Executor #0] mapred.Task: Task:attempt_local2017609180_0025_m_000001_0 is done. And is in the process of committing
2024-04-24T05:21:52,448  INFO [LocalJobRunner Map Task Executor #0] mapred.LocalJobRunner: OrcSplit [file:/home/alex/Repositories/hive/ql/target/tmp/org.apache.hadoop.hive.ql.TestTxnNoBuckets-1713961246971/warehouse/nonacidnonbucket/000000_0, start=0, length=254, isOriginal=true, fileLength=254, hasFooter=false, hasBase=true, deltas=0]
2024-04-24T05:21:52,448  INFO [LocalJobRunner Map Task Executor #0] mapred.Task: Task 'attempt_local2017609180_0025_m_000001_0' done.
2024-04-24T05:21:52,448  INFO [LocalJobRunner Map Task Executor #0] mapred.Task: Final Counters for attempt_local2017609180_0025_m_000001_0: Counters: 24
	File System Counters
		FILE: Number of bytes read=480923
		FILE: Number of bytes written=29422756
		FILE: Number of read operations=0
		FILE: Number of large read operations=0
		FILE: Number of write operations=0
	Map-Reduce Framework
		Map input records=2
		Map output records=2
		Map output bytes=356
		Map output materialized bytes=368
		Input split bytes=482
		Combine input records=0
		Spilled Records=2
		Failed Shuffles=0
		Merged Map outputs=0
		GC time elapsed (ms)=0
		Total committed heap usage (bytes)=1123549184
	HIVE
		DESERIALIZE_ERRORS=0
		RECORDS_IN=2
		RECORDS_OUT_INTERMEDIATE=2
		RECORDS_OUT_OPERATOR_MAP_0=0
		RECORDS_OUT_OPERATOR_RS_2=2
		RECORDS_OUT_OPERATOR_SEL_1=2
		RECORDS_OUT_OPERATOR_TS_0=2
	File Input Format Counters 
		Bytes Read=6111
2024-04-24T05:21:52,448  INFO [LocalJobRunner Map Task Executor #0] mapred.LocalJobRunner: Finishing task: attempt_local2017609180_0025_m_000001_0
2024-04-24T05:21:52,448  INFO [LocalJobRunner Map Task Executor #0] mapred.LocalJobRunner: Starting task: attempt_local2017609180_0025_m_000002_0
2024-04-24T05:21:52,449  INFO [LocalJobRunner Map Task Executor #0] mapred.Task:  Using ResourceCalculatorProcessTree : [ ]
2024-04-24T05:21:52,450  INFO [LocalJobRunner Map Task Executor #0] mapred.MapTask: Processing split: org.apache.hadoop.hive.ql.io.orc.OrcInputFormat:OrcSplit [file:/home/alex/Repositories/hive/ql/target/tmp/org.apache.hadoop.hive.ql.TestTxnNoBuckets-1713961246971/warehouse/nonacidnonbucket/000000_0_copy_2, start=0, length=254, isOriginal=true, fileLength=254, hasFooter=false, hasBase=true, deltas=0]
2024-04-24T05:21:52,452  INFO [LocalJobRunner Map Task Executor #0] exec.SerializationUtilities: Deserializing MapWork using kryo
2024-04-24T05:21:52,453  INFO [LocalJobRunner Map Task Executor #0] exec.Utilities: Deserialized plan (via FILE) - name: null size: 4,98KB
2024-04-24T05:21:52,457  INFO [LocalJobRunner Map Task Executor #0] orc.OrcRawRecordMerger: min key = null, max key = null
2024-04-24T05:21:52,457  INFO [LocalJobRunner Map Task Executor #0] orc.ReaderImpl: Reading ORC rows from file:/home/alex/Repositories/hive/ql/target/tmp/org.apache.hadoop.hive.ql.TestTxnNoBuckets-1713961246971/warehouse/nonacidnonbucket/000000_0_copy_2 with {include: [true, true, true], offset: 0, length: 254, schema: struct<a:int,b:int>, includeAcidColumns: true}
2024-04-24T05:21:52,474  INFO [LocalJobRunner Map Task Executor #0] orc.OrcRawRecordMerger: updated min key = null, max key = null
2024-04-24T05:21:52,474  INFO [LocalJobRunner Map Task Executor #0] mapred.MapTask: numReduceTasks: 1
2024-04-24T05:21:52,479  INFO [LocalJobRunner Map Task Executor #0] mapred.MapTask: (EQUATOR) 0 kvi 26214396(104857584)
2024-04-24T05:21:52,479  INFO [LocalJobRunner Map Task Executor #0] mapred.MapTask: mapreduce.task.io.sort.mb: 100
2024-04-24T05:21:52,479  INFO [LocalJobRunner Map Task Executor #0] mapred.MapTask: soft limit at 83886080
2024-04-24T05:21:52,479  INFO [LocalJobRunner Map Task Executor #0] mapred.MapTask: bufstart = 0; bufvoid = 104857600
2024-04-24T05:21:52,479  INFO [LocalJobRunner Map Task Executor #0] mapred.MapTask: kvstart = 26214396; length = 6553600
2024-04-24T05:21:52,480  INFO [LocalJobRunner Map Task Executor #0] mapred.MapTask: Map output collector class = org.apache.hadoop.mapred.MapTask$MapOutputBuffer
2024-04-24T05:21:52,480  INFO [LocalJobRunner Map Task Executor #0] exec.MapOperator: Initializing Operator: MAP[0]
2024-04-24T05:21:52,481  INFO [LocalJobRunner Map Task Executor #0] mr.ExecMapper: 
<MAP>Id =0
  <Children>null
  <\Children>
  <Parent><\Parent>
<\MAP>
2024-04-24T05:21:52,482  INFO [LocalJobRunner Map Task Executor #0] exec.TableScanOperator: Initializing Operator: TS[0]
2024-04-24T05:21:52,482  INFO [LocalJobRunner Map Task Executor #0] exec.SelectOperator: Initializing Operator: SEL[1]
2024-04-24T05:21:52,482  INFO [LocalJobRunner Map Task Executor #0] exec.SelectOperator: SELECT struct<a:int,b:int,row__id:struct<writeid:bigint,bucketid:int,rowid:bigint>,input__file__name:string>
2024-04-24T05:21:52,482  INFO [LocalJobRunner Map Task Executor #0] exec.ReduceSinkOperator: Initializing Operator: RS[2]
2024-04-24T05:21:52,482  INFO [LocalJobRunner Map Task Executor #0] exec.ReduceSinkOperator: Using tag = -1
2024-04-24T05:21:52,483  INFO [LocalJobRunner Map Task Executor #0] exec.ReduceSinkOperator: keys are [reducesinkkey0] num distributions: 1
2024-04-24T05:21:52,483  INFO [LocalJobRunner Map Task Executor #0] exec.ReduceSinkOperator: RS[2]: records written - 1
2024-04-24T05:21:52,483  INFO [LocalJobRunner Map Task Executor #0] exec.MapOperator: MAP[0]: records read - 1
2024-04-24T05:21:52,483  INFO [LocalJobRunner Map Task Executor #0] exec.MapOperator: Closing Operator: MAP[0]
2024-04-24T05:21:52,483  INFO [LocalJobRunner Map Task Executor #0] exec.MapOperator: MAP[0]: Total records read - 1. abort - false
2024-04-24T05:21:52,483  INFO [LocalJobRunner Map Task Executor #0] exec.MapOperator: DESERIALIZE_ERRORS:0, RECORDS_IN:1, RECORDS_OUT_INTERMEDIATE:0, RECORDS_OUT_OPERATOR_MAP_0:0, 
2024-04-24T05:21:52,483  INFO [LocalJobRunner Map Task Executor #0] exec.TableScanOperator: Closing Operator: TS[0]
2024-04-24T05:21:52,483  INFO [LocalJobRunner Map Task Executor #0] exec.TableScanOperator: RECORDS_OUT_INTERMEDIATE:0, RECORDS_OUT_OPERATOR_TS_0:1, 
2024-04-24T05:21:52,483  INFO [LocalJobRunner Map Task Executor #0] exec.SelectOperator: Closing Operator: SEL[1]
2024-04-24T05:21:52,483  INFO [LocalJobRunner Map Task Executor #0] exec.SelectOperator: RECORDS_OUT_INTERMEDIATE:0, RECORDS_OUT_OPERATOR_SEL_1:1, 
2024-04-24T05:21:52,484  INFO [LocalJobRunner Map Task Executor #0] exec.ReduceSinkOperator: Closing Operator: RS[2]
2024-04-24T05:21:52,484  INFO [LocalJobRunner Map Task Executor #0] exec.ReduceSinkOperator: RS[2]: Total records written - 1. abort - false
2024-04-24T05:21:52,484  INFO [LocalJobRunner Map Task Executor #0] exec.ReduceSinkOperator: RECORDS_OUT_OPERATOR_RS_2:1, RECORDS_OUT_INTERMEDIATE:1, 
2024-04-24T05:21:52,484  INFO [LocalJobRunner Map Task Executor #0] mapred.LocalJobRunner: 
2024-04-24T05:21:52,484  INFO [LocalJobRunner Map Task Executor #0] mapred.MapTask: Starting flush of map output
2024-04-24T05:21:52,484  INFO [LocalJobRunner Map Task Executor #0] mapred.MapTask: Spilling map output
2024-04-24T05:21:52,484  INFO [LocalJobRunner Map Task Executor #0] mapred.MapTask: bufstart = 0; bufend = 185; bufvoid = 104857600
2024-04-24T05:21:52,484  INFO [LocalJobRunner Map Task Executor #0] mapred.MapTask: kvstart = 26214396(104857584); kvend = 26214396(104857584); length = 1/6553600
2024-04-24T05:21:52,493  INFO [LocalJobRunner Map Task Executor #0] mapred.MapTask: Finished spill 0
2024-04-24T05:21:52,496  INFO [LocalJobRunner Map Task Executor #0] mapred.Task: Task:attempt_local2017609180_0025_m_000002_0 is done. And is in the process of committing
2024-04-24T05:21:52,497  INFO [LocalJobRunner Map Task Executor #0] mapred.LocalJobRunner: OrcSplit [file:/home/alex/Repositories/hive/ql/target/tmp/org.apache.hadoop.hive.ql.TestTxnNoBuckets-1713961246971/warehouse/nonacidnonbucket/000000_0_copy_2, start=0, length=254, isOriginal=true, fileLength=254, hasFooter=false, hasBase=true, deltas=0]
2024-04-24T05:21:52,497  INFO [LocalJobRunner Map Task Executor #0] mapred.Task: Task 'attempt_local2017609180_0025_m_000002_0' done.
2024-04-24T05:21:52,497  INFO [LocalJobRunner Map Task Executor #0] mapred.Task: Final Counters for attempt_local2017609180_0025_m_000002_0: Counters: 24
	File System Counters
		FILE: Number of bytes read=488568
		FILE: Number of bytes written=29422982
		FILE: Number of read operations=0
		FILE: Number of large read operations=0
		FILE: Number of write operations=0
	Map-Reduce Framework
		Map input records=1
		Map output records=1
		Map output bytes=185
		Map output materialized bytes=194
		Input split bytes=489
		Combine input records=0
		Spilled Records=1
		Failed Shuffles=0
		Merged Map outputs=0
		GC time elapsed (ms)=0
		Total committed heap usage (bytes)=1123549184
	HIVE
		DESERIALIZE_ERRORS=0
		RECORDS_IN=1
		RECORDS_OUT_INTERMEDIATE=1
		RECORDS_OUT_OPERATOR_MAP_0=0
		RECORDS_OUT_OPERATOR_RS_2=1
		RECORDS_OUT_OPERATOR_SEL_1=1
		RECORDS_OUT_OPERATOR_TS_0=1
	File Input Format Counters 
		Bytes Read=6670
2024-04-24T05:21:52,497  INFO [LocalJobRunner Map Task Executor #0] mapred.LocalJobRunner: Finishing task: attempt_local2017609180_0025_m_000002_0
2024-04-24T05:21:52,497  INFO [Thread-1569] mapred.LocalJobRunner: map task executor complete.
2024-04-24T05:21:52,498  INFO [Thread-1569] mapred.LocalJobRunner: Waiting for reduce tasks
2024-04-24T05:21:52,498  INFO [pool-120-thread-1] mapred.LocalJobRunner: Starting task: attempt_local2017609180_0025_r_000000_0
2024-04-24T05:21:52,498  INFO [pool-120-thread-1] mapred.Task:  Using ResourceCalculatorProcessTree : [ ]
2024-04-24T05:21:52,498  INFO [pool-120-thread-1] mapred.ReduceTask: Using ShuffleConsumerPlugin: org.apache.hadoop.mapreduce.task.reduce.Shuffle@285342e
2024-04-24T05:21:52,498  WARN [pool-120-thread-1] impl.MetricsSystemImpl: JobTracker metrics system already initialized!
2024-04-24T05:21:52,499  INFO [pool-120-thread-1] reduce.MergeManagerImpl: MergerManager: memoryLimit=1336252800, maxSingleShuffleLimit=334063200, mergeThreshold=881926912, ioSortFactor=10, memToMemMergeOutputsThreshold=10
2024-04-24T05:21:52,500  INFO [EventFetcher for fetching Map Completion Events] reduce.EventFetcher: attempt_local2017609180_0025_r_000000_0 Thread started: EventFetcher for fetching Map Completion Events
2024-04-24T05:21:52,505  INFO [localfetcher#13] reduce.LocalFetcher: localfetcher#13 about to shuffle output of map attempt_local2017609180_0025_m_000001_0 decomp: 364 len: 368 to MEMORY
2024-04-24T05:21:52,505  INFO [localfetcher#13] reduce.InMemoryMapOutput: Read 364 bytes from map-output for attempt_local2017609180_0025_m_000001_0
2024-04-24T05:21:52,505  INFO [localfetcher#13] reduce.MergeManagerImpl: closeInMemoryFile -> map-output of size: 364, inMemoryMapOutputs.size() -> 1, commitMemory -> 0, usedMemory ->364
2024-04-24T05:21:52,509  INFO [localfetcher#13] reduce.LocalFetcher: localfetcher#13 about to shuffle output of map attempt_local2017609180_0025_m_000000_0 decomp: 754 len: 758 to MEMORY
2024-04-24T05:21:52,509  INFO [localfetcher#13] reduce.InMemoryMapOutput: Read 754 bytes from map-output for attempt_local2017609180_0025_m_000000_0
2024-04-24T05:21:52,509  INFO [localfetcher#13] reduce.MergeManagerImpl: closeInMemoryFile -> map-output of size: 754, inMemoryMapOutputs.size() -> 2, commitMemory -> 364, usedMemory ->1118
2024-04-24T05:21:52,514  INFO [localfetcher#13] reduce.LocalFetcher: localfetcher#13 about to shuffle output of map attempt_local2017609180_0025_m_000002_0 decomp: 190 len: 194 to MEMORY
2024-04-24T05:21:52,514  INFO [localfetcher#13] reduce.InMemoryMapOutput: Read 190 bytes from map-output for attempt_local2017609180_0025_m_000002_0
2024-04-24T05:21:52,514  INFO [localfetcher#13] reduce.MergeManagerImpl: closeInMemoryFile -> map-output of size: 190, inMemoryMapOutputs.size() -> 3, commitMemory -> 1118, usedMemory ->1308
2024-04-24T05:21:52,515  INFO [EventFetcher for fetching Map Completion Events] reduce.EventFetcher: EventFetcher is interrupted.. Returning
2024-04-24T05:21:52,516  INFO [pool-120-thread-1] mapred.LocalJobRunner: 3 / 3 copied.
2024-04-24T05:21:52,516  INFO [pool-120-thread-1] reduce.MergeManagerImpl: finalMerge called with 3 in-memory map-outputs and 0 on-disk map-outputs
2024-04-24T05:21:52,528  INFO [pool-120-thread-1] mapred.Merger: Merging 3 sorted segments
2024-04-24T05:21:52,529  INFO [pool-120-thread-1] mapred.Merger: Down to the last merge-pass, with 3 segments left of total size: 1212 bytes
2024-04-24T05:21:52,536  INFO [pool-120-thread-1] reduce.MergeManagerImpl: Merged 3 segments, 1308 bytes to disk to satisfy reduce memory limit
2024-04-24T05:21:52,536  INFO [pool-120-thread-1] reduce.MergeManagerImpl: Merging 1 files, 1308 bytes from disk
2024-04-24T05:21:52,536  INFO [pool-120-thread-1] reduce.MergeManagerImpl: Merging 0 segments, 0 bytes from memory into reduce
2024-04-24T05:21:52,536  INFO [pool-120-thread-1] mapred.Merger: Merging 1 sorted segments
2024-04-24T05:21:52,537  INFO [pool-120-thread-1] mapred.Merger: Down to the last merge-pass, with 1 segments left of total size: 1272 bytes
2024-04-24T05:21:52,537  INFO [pool-120-thread-1] mapred.LocalJobRunner: 3 / 3 copied.
2024-04-24T05:21:52,539  INFO [pool-120-thread-1] exec.SerializationUtilities: Deserializing ReduceWork using kryo
2024-04-24T05:21:52,540  INFO [pool-120-thread-1] exec.Utilities: Deserialized plan (via FILE) - name: null size: 6,10KB
2024-04-24T05:21:52,543  INFO [pool-120-thread-1] ExecReducer: 
<SEL>Id =3
  <Children>
    <FS>Id =4
      <Children>
      <\Children>
      <Parent>Id = 3 null<\Parent>
    <\FS>
  <\Children>
  <Parent><\Parent>
<\SEL>
2024-04-24T05:21:52,543  INFO [pool-120-thread-1] exec.SelectOperator: Initializing Operator: SEL[3]
2024-04-24T05:21:52,544  INFO [pool-120-thread-1] exec.SelectOperator: SELECT struct<key:struct<reducesinkkey0:struct<writeid:bigint,bucketid:int,rowid:bigint>>,value:struct<_col0:int,_col1:int,_col2:string>>
2024-04-24T05:21:52,544  INFO [pool-120-thread-1] exec.FileSinkOperator: Initializing Operator: FS[4]
2024-04-24T05:21:52,545  INFO [pool-120-thread-1] exec.FileSinkOperator: Using serializer : class org.apache.hadoop.hive.serde2.lazy.LazySimpleSerDe [serdeParams=org.apache.hadoop.hive.serde2.lazy.LazySerDeParameters@291e6693, cachedObjectInspector=org.apache.hadoop.hive.serde2.lazy.objectinspector.LazySimpleStructObjectInspector<org.apache.hadoop.hive.serde2.lazy.objectinspector.LazySimpleStructObjectInspector<org.apache.hadoop.hive.serde2.lazy.objectinspector.primitive.LazyLongObjectInspector@1201c2f6,org.apache.hadoop.hive.serde2.lazy.objectinspector.primitive.LazyIntObjectInspector@cbf9cc1,org.apache.hadoop.hive.serde2.lazy.objectinspector.primitive.LazyLongObjectInspector@1201c2f6>,org.apache.hadoop.hive.serde2.lazy.objectinspector.primitive.LazyIntObjectInspector@cbf9cc1,org.apache.hadoop.hive.serde2.lazy.objectinspector.primitive.LazyIntObjectInspector@cbf9cc1,org.apache.hadoop.hive.serde2.lazy.objectinspector.primitive.LazyStringObjectInspector@71549247>, serializedSize=0, stats=org.apache.hadoop.hive.serde2.SerDeStats@2596bdd, lastOperationSerialize=false, lastOperationDeserialize=false [1, 2, 3, 4, 5, 6, 7, 8, 11, 14, 15, 16, 17, 18, 19, 20, 21, 22, 23, 24, 25, 26, 28, 29, 30, 31, -128, -127, -126, -125, -124, -123, -122, -121, -120, -119, -118, -117, -116, -115, -114, -113, -112, -111, -110, -109, -108, -107, -106, -105, -104, -103, -102, -101, -100, -99, -98, -97, -96, -95, -94, -93, -92, -91, -90, -89, -88, -87, -86, -85, -84, -83, -82, -81, -80, -79, -78, -77, -76, -75, -74, -73, -72, -71, -70, -69, -68, -67, -66, -65, -64, -63, -62, -61, -60, -59, -58, -57, -56, -55, -54, -53, -52, -51, -50, -49, -48, -47, -46, -45, -44, -43, -42, -41, -40, -39, -38, -37, -36, -35, -34, -33, -32, -31, -30, -29, -28, -27, -26, -25, -24, -23, -22, -21, -20, -19, -18, -17, -16, -15, -14, -13, -12, -11, -10, -9, -8, -7, -6, -5, -4, -3, -2, -1] : [_col0, _col1, _col2, _col3] : [struct<writeid:bigint,bucketid:int,rowid:bigint>, int, int, string]] and formatter : org.apache.hadoop.hive.ql.io.HiveSequenceFileOutputFormat@53ccbb0d
2024-04-24T05:21:52,546  INFO [pool-120-thread-1] exec.FileSinkOperator: Final Path: FS file:/home/alex/Repositories/hive/ql/target/tmp/localscratchdir/805767f7-68f6-4a20-a278-5bece910bf9b/hive_2024-04-24_05-21-51_957_1159647067640413124-1/-mr-10001/.hive-staging_hive_2024-04-24_05-21-51_957_1159647067640413124-1/_tmp.-ext-10002/000000_0
2024-04-24T05:21:52,546  INFO [pool-120-thread-1] exec.FileSinkOperator: Writing to temp file: FS file:/home/alex/Repositories/hive/ql/target/tmp/localscratchdir/805767f7-68f6-4a20-a278-5bece910bf9b/hive_2024-04-24_05-21-51_957_1159647067640413124-1/-mr-10001/.hive-staging_hive_2024-04-24_05-21-51_957_1159647067640413124-1/_task_tmp.-ext-10002/_tmp.000000_0
2024-04-24T05:21:52,546  INFO [pool-120-thread-1] exec.FileSinkOperator: New Final Path: FS file:/home/alex/Repositories/hive/ql/target/tmp/localscratchdir/805767f7-68f6-4a20-a278-5bece910bf9b/hive_2024-04-24_05-21-51_957_1159647067640413124-1/-mr-10001/.hive-staging_hive_2024-04-24_05-21-51_957_1159647067640413124-1/_tmp.-ext-10002/000000_0
2024-04-24T05:21:52,567  INFO [pool-120-thread-1] exec.FileSinkOperator: FS[4]: records written - 1
2024-04-24T05:21:52,569  INFO [pool-120-thread-1] exec.SelectOperator: Closing Operator: SEL[3]
2024-04-24T05:21:52,569  INFO [pool-120-thread-1] exec.SelectOperator: RECORDS_OUT_OPERATOR_SEL_3:7, RECORDS_OUT_INTERMEDIATE:0, 
2024-04-24T05:21:52,569  INFO [pool-120-thread-1] exec.FileSinkOperator: Closing Operator: FS[4]
2024-04-24T05:21:52,569  INFO [pool-120-thread-1] exec.FileSinkOperator: FS[4]: records written - 7
2024-04-24T05:21:52,571  INFO [pool-120-thread-1] exec.FileSinkOperator: RECORDS_OUT_0:7, RECORDS_OUT_INTERMEDIATE:0, RECORDS_OUT_OPERATOR_FS_4:7, 
2024-04-24T05:21:52,572  INFO [pool-120-thread-1] mapred.Task: Task:attempt_local2017609180_0025_r_000000_0 is done. And is in the process of committing
2024-04-24T05:21:52,574  INFO [pool-120-thread-1] mapred.LocalJobRunner: reduce > reduce
2024-04-24T05:21:52,574  INFO [pool-120-thread-1] mapred.Task: Task 'attempt_local2017609180_0025_r_000000_0' done.
2024-04-24T05:21:52,574  INFO [pool-120-thread-1] mapred.Task: Final Counters for attempt_local2017609180_0025_r_000000_0: Counters: 29
	File System Counters
		FILE: Number of bytes read=497447
		FILE: Number of bytes written=29425638
		FILE: Number of read operations=0
		FILE: Number of large read operations=0
		FILE: Number of write operations=0
	Map-Reduce Framework
		Combine input records=0
		Combine output records=0
		Reduce input groups=7
		Reduce shuffle bytes=1320
		Reduce input records=7
		Reduce output records=0
		Spilled Records=7
		Shuffled Maps =3
		Failed Shuffles=0
		Merged Map outputs=3
		GC time elapsed (ms)=0
		Total committed heap usage (bytes)=1123549184
	HIVE
		CREATED_FILES=1
		RECORDS_OUT_0=7
		RECORDS_OUT_INTERMEDIATE=0
		RECORDS_OUT_OPERATOR_FS_4=7
		RECORDS_OUT_OPERATOR_SEL_3=7
	Shuffle Errors
		BAD_ID=0
		CONNECTION=0
		IO_ERROR=0
		WRONG_LENGTH=0
		WRONG_MAP=0
		WRONG_REDUCE=0
	File Output Format Counters 
		Bytes Written=0
2024-04-24T05:21:52,574  INFO [pool-120-thread-1] mapred.LocalJobRunner: Finishing task: attempt_local2017609180_0025_r_000000_0
2024-04-24T05:21:52,575  INFO [Thread-1569] mapred.LocalJobRunner: reduce task executor complete.
2024-04-24T05:21:52,679  INFO [Metastore Scheduled Worker 0] metastore.HMSHandler: 11: Opening raw store with implementation class:org.apache.hadoop.hive.metastore.ObjectStore
2024-04-24T05:21:52,680  INFO [Metastore Scheduled Worker 0] metastore.ObjectStore: RawStore: org.apache.hadoop.hive.metastore.ObjectStore@25e71bd2, with PersistenceManager: null will be shutdown
2024-04-24T05:21:52,681  INFO [Metastore Scheduled Worker 0] metastore.ObjectStore: RawStore: org.apache.hadoop.hive.metastore.ObjectStore@25e71bd2, with PersistenceManager: org.datanucleus.api.jdo.JDOPersistenceManager@48d0fb64 created in the thread with id: 44
2024-04-24T05:21:52,728  INFO [Metastore Scheduled Worker 0] metastore.HMSHandler: Created RawStore: org.apache.hadoop.hive.metastore.ObjectStore@25e71bd2 from thread id: 44
2024-04-24 05:21:53,364 Stage-1 map = 100%,  reduce = 100%
2024-04-24T05:21:53,364  INFO [main] exec.Task: 2024-04-24 05:21:53,364 Stage-1 map = 100%,  reduce = 100%
Ended Job = job_local2017609180_0025
2024-04-24T05:21:53,366  INFO [main] exec.Task: Ended Job = job_local2017609180_0025
2024-04-24T05:21:53,368  INFO [main] metadata.Hive: Dumping metastore api call timing information for : execution phase
2024-04-24T05:21:53,368  INFO [main] metadata.Hive: Total time spent in each metastore function (ms): {}
MapReduce Jobs Launched: 
2024-04-24T05:21:53,368  INFO [main] ql.Driver: MapReduce Jobs Launched: 
Stage-Stage-1:  HDFS Read: 0 HDFS Write: 0 SUCCESS
2024-04-24T05:21:53,368  INFO [main] ql.Driver: Stage-Stage-1:  HDFS Read: 0 HDFS Write: 0 SUCCESS
Total MapReduce CPU Time Spent: 0 msec
2024-04-24T05:21:53,368  INFO [main] ql.Driver: Total MapReduce CPU Time Spent: 0 msec
2024-04-24T05:21:53,368  INFO [main] ql.Driver: Completed executing command(queryId=alex_20240424052151_9e8082a8-2442-487d-bf42-574ddc41a802); Time taken: 1.279 seconds
2024-04-24T05:21:53,368  INFO [main] lockmgr.DbTxnManager: Stopped heartbeat for query: alex_20240424052151_9e8082a8-2442-487d-bf42-574ddc41a802
2024-04-24T05:21:53,372  INFO [main] txn.TxnHandler: Expected to move at least one record from txn_components to completed_txn_components when committing txn! txnid:17
2024-04-24T05:21:53,378  INFO [main] txn.TxnHandler: Removed transactions: ([17]) from MIN_HISTORY_LEVEL
2024-04-24T05:21:53,378  WARN [main] txn.CompactionTxnHandler: No compaction queue record found for Compaction type transaction commit. txnId:17
2024-04-24T05:21:53,382  INFO [main] mapred.FileInputFormat: Total input files to process : 1
2024-04-24T05:21:53,383  INFO [main] exec.ListSinkOperator: Closing Operator: LIST_SINK[5]
2024-04-24T05:21:53,383  INFO [main] exec.ListSinkOperator: RECORDS_OUT_INTERMEDIATE:0, RECORDS_OUT_OPERATOR_LIST_SINK_5:7, 
2024-04-24T05:21:53,383  WARN [main] ql.TestTxnNoBuckets: before acid ops (after convert)
2024-04-24T05:21:53,383  WARN [main] ql.TestTxnNoBuckets: {"writeid":0,"bucketid":536870912,"rowid":0}	1	2	file:/home/alex/Repositories/hive/ql/target/tmp/org.apache.hadoop.hive.ql.TestTxnNoBuckets-1713961246971/warehouse/nonacidnonbucket/000000_0
2024-04-24T05:21:53,383  WARN [main] ql.TestTxnNoBuckets: {"writeid":0,"bucketid":536870912,"rowid":1}	1	3	file:/home/alex/Repositories/hive/ql/target/tmp/org.apache.hadoop.hive.ql.TestTxnNoBuckets-1713961246971/warehouse/nonacidnonbucket/000000_0
2024-04-24T05:21:53,384  WARN [main] ql.TestTxnNoBuckets: {"writeid":0,"bucketid":536870912,"rowid":2}	0	12	file:/home/alex/Repositories/hive/ql/target/tmp/org.apache.hadoop.hive.ql.TestTxnNoBuckets-1713961246971/warehouse/nonacidnonbucket/000000_0_copy_1
2024-04-24T05:21:53,384  WARN [main] ql.TestTxnNoBuckets: {"writeid":0,"bucketid":536870912,"rowid":3}	0	13	file:/home/alex/Repositories/hive/ql/target/tmp/org.apache.hadoop.hive.ql.TestTxnNoBuckets-1713961246971/warehouse/nonacidnonbucket/000000_0_copy_1
2024-04-24T05:21:53,384  WARN [main] ql.TestTxnNoBuckets: {"writeid":0,"bucketid":536870912,"rowid":4}	1	4	file:/home/alex/Repositories/hive/ql/target/tmp/org.apache.hadoop.hive.ql.TestTxnNoBuckets-1713961246971/warehouse/nonacidnonbucket/000000_0_copy_1
2024-04-24T05:21:53,384  WARN [main] ql.TestTxnNoBuckets: {"writeid":0,"bucketid":536870912,"rowid":5}	1	5	file:/home/alex/Repositories/hive/ql/target/tmp/org.apache.hadoop.hive.ql.TestTxnNoBuckets-1713961246971/warehouse/nonacidnonbucket/000000_0_copy_1
2024-04-24T05:21:53,384  WARN [main] ql.TestTxnNoBuckets: {"writeid":0,"bucketid":536870912,"rowid":6}	1	6	file:/home/alex/Repositories/hive/ql/target/tmp/org.apache.hadoop.hive.ql.TestTxnNoBuckets-1713961246971/warehouse/nonacidnonbucket/000000_0_copy_2
2024-04-24T05:21:53,384  INFO [main] ql.TxnCommandsBaseForTests: Running the query: insert into nonAcidNonBucket(a,b) values(0,15),(1,16)
2024-04-24T05:21:53,384  INFO [main] ql.Context: Deleting scratch dir: file:/home/alex/Repositories/hive/ql/target/tmp/localscratchdir/805767f7-68f6-4a20-a278-5bece910bf9b/hive_2024-04-24_05-21-51_957_1159647067640413124-1
2024-04-24T05:21:53,384  INFO [main] cleanup.SyncCleanupService: Deleted directory: file:/home/alex/Repositories/hive/ql/target/tmp/localscratchdir/805767f7-68f6-4a20-a278-5bece910bf9b/hive_2024-04-24_05-21-51_957_1159647067640413124-1 on fs with scheme file
2024-04-24T05:21:53,385  INFO [main] ql.Driver: Compiling command(queryId=alex_20240424052153_6610052d-dde5-460d-9bee-e6373921fa18): insert into nonAcidNonBucket(a,b) values(0,15),(1,16)
2024-04-24T05:21:53,388  INFO [main] txn.TxnHandler: Added entries to MIN_HISTORY_LEVEL for current txns: ([18]) with min_open_txn: 18
2024-04-24T05:21:53,388  INFO [main] lockmgr.DbTxnManager: Opened txnid:18
2024-04-24T05:21:53,396  INFO [main] parse.CalcitePlanner: Starting caching scope for: 
2024-04-24T05:21:53,396  INFO [main] parse.CalcitePlanner: Starting Semantic Analysis
2024-04-24T05:21:53,399  INFO [main] HiveMetaStore.audit: ugi=alex	ip=unknown-ip-addr	cmd=get_table : tbl=hive.default.nonAcidNonBucket	
2024-04-24T05:21:53,417  INFO [main] metastore.HMSHandler: Skipping translation for processor with null
2024-04-24T05:21:53,417  INFO [main] parse.CalcitePlanner: Completed phase 1 of Semantic Analysis
2024-04-24T05:21:53,417  INFO [main] parse.CalcitePlanner: Get metadata for source tables
2024-04-24T05:21:53,417  INFO [main] parse.CalcitePlanner: Get metadata for subqueries
2024-04-24T05:21:53,417  INFO [main] parse.CalcitePlanner: Get metadata for destination tables
2024-04-24T05:21:53,417  INFO [main] HiveMetaStore.audit: ugi=alex	ip=unknown-ip-addr	cmd=get_table : tbl=hive.default.nonAcidNonBucket	
2024-04-24T05:21:53,423  INFO [main] metastore.HMSHandler: Skipping translation for processor with null
2024-04-24T05:21:53,424  INFO [main] parse.CalcitePlanner: Completed getting MetaData in Semantic Analysis
2024-04-24T05:21:53,424  INFO [main] parse.CalcitePlanner: Disabling LLAP IO encode as ETL query is detected
2024-04-24T05:21:53,443  INFO [main] HiveMetaStore.audit: ugi=alex	ip=unknown-ip-addr	cmd=get_all_table_constraints : tbl=hive._dummy_database._dummy_table	
2024-04-24T05:21:53,502  INFO [main] parse.CalcitePlanner: Get metadata for source tables
2024-04-24T05:21:53,502  INFO [main] parse.CalcitePlanner: Get metadata for subqueries
2024-04-24T05:21:53,502  INFO [main] parse.CalcitePlanner: Get metadata for source tables
2024-04-24T05:21:53,503  INFO [main] HiveMetaStore.audit: ugi=alex	ip=unknown-ip-addr	cmd=get_table : tbl=hive._dummy_database._dummy_table	
2024-04-24T05:21:53,505  INFO [main] parse.CalcitePlanner: Get metadata for subqueries
2024-04-24T05:21:53,505  INFO [main] parse.CalcitePlanner: Get metadata for destination tables
2024-04-24T05:21:53,505  INFO [main] parse.CalcitePlanner: Get metadata for destination tables
2024-04-24T05:21:53,505  INFO [main] HiveMetaStore.audit: ugi=alex	ip=unknown-ip-addr	cmd=get_table : tbl=hive.default.nonAcidNonBucket	
2024-04-24T05:21:53,511  INFO [main] metastore.HMSHandler: Skipping translation for processor with null
2024-04-24T05:21:53,514  INFO [main] HiveMetaStore.audit: ugi=alex	ip=unknown-ip-addr	cmd=get_not_null_constraints : tbl=hive.default.nonacidnonbucket	
2024-04-24T05:21:53,516  INFO [main] HiveMetaStore.audit: ugi=alex	ip=unknown-ip-addr	cmd=get_check_constraints : tbl=hive.default.nonacidnonbucket	
2024-04-24T05:21:53,525  INFO [main] txn.TxnHandler: Allocated writeId: 10000001 for txnId: 18
2024-04-24T05:21:53,525  INFO [main] txn.TxnHandler: Allocated write ids for dbName=default, tblName=nonacidnonbucket (txnIds: [18])
2024-04-24T05:21:53,525  INFO [main] parse.CalcitePlanner: CBO Succeeded; optimized logical plan.
2024-04-24T05:21:53,528  INFO [main] optimizer.BucketVersionPopulator: not considering bucketingVersion for: TS[0] because it has -1<2 buckets 
2024-04-24T05:21:53,529  INFO [main] optimizer.SortedDynPartitionOptimizer: Sorted dynamic partitioning optimization kicked in..
2024-04-24T05:21:53,536  INFO [main] HiveMetaStore.audit: ugi=alex	ip=unknown-ip-addr	cmd=get_table : tbl=hive.default.nonacidnonbucket	
2024-04-24T05:21:53,543  INFO [main] metastore.HMSHandler: Skipping translation for processor with null
2024-04-24T05:21:53,544  INFO [main] parse.CalcitePlanner: Completed plan generation
2024-04-24T05:21:53,544  INFO [main] parse.CalcitePlanner: Ending caching scope for: 
2024-04-24T05:21:53,544  INFO [main] ql.Driver: Semantic Analysis Completed (retrial = false)
2024-04-24T05:21:53,544  INFO [main] ql.Driver: Created Hive schema: Schema(fieldSchemas:[FieldSchema(name:_col0, type:int, comment:null), FieldSchema(name:_col1, type:int, comment:null)], properties:null)
2024-04-24T05:21:53,544  INFO [main] metadata.Hive: Dumping metastore api call timing information for : compilation phase
2024-04-24T05:21:53,544  INFO [main] metadata.Hive: Total time spent in each metastore function (ms): {flushCache_()=0, allocateTableWriteId_(long, String, String)=8, getValidWriteIds_(List, String)=4, getValidTxns_(long)=1, isCompatibleWith_(Configuration)=7, getTable_(GetTableRequest)=38, getCheckConstraints_(CheckConstraintsRequest)=1, openTxn_(String, TxnType)=2, commitTxn_(CommitTxnRequest)=11, getNotNullConstraints_(NotNullConstraintsRequest)=2, getAllTableConstraints_(AllTableConstraintsRequest)=6}
2024-04-24T05:21:53,545  INFO [main] ql.Driver: Completed compiling command(queryId=alex_20240424052153_6610052d-dde5-460d-9bee-e6373921fa18); Time taken: 0.159 seconds
2024-04-24T05:21:53,545  INFO [main] lockmgr.DbTxnManager: Setting lock request transaction to txnid:18 for queryId=alex_20240424052153_6610052d-dde5-460d-9bee-e6373921fa18
2024-04-24T05:21:53,545  INFO [main] lockmgr.DbLockManager: Requesting lock for queryId=alex_20240424052153_6610052d-dde5-460d-9bee-e6373921fa18
2024-04-24T05:21:53,563  INFO [main] lockmgr.DbLockManager: Response to queryId=alex_20240424052153_6610052d-dde5-460d-9bee-e6373921fa18 LockResponse(lockid:12, state:ACQUIRED)
2024-04-24T05:21:53,563  INFO [main] ql.Driver: Operation QUERY obtained 1 locks
2024-04-24T05:21:53,565  INFO [main] ql.Driver: Executing command(queryId=alex_20240424052153_6610052d-dde5-460d-9bee-e6373921fa18): insert into nonAcidNonBucket(a,b) values(0,15),(1,16)
2024-04-24T05:21:53,566  WARN [main] ql.Driver: Hive-on-MR is deprecated in Hive 2 and may not be available in the future versions. Consider using a different execution engine (i.e. spark, tez) or using Hive 1.X releases.
Query ID = alex_20240424052153_6610052d-dde5-460d-9bee-e6373921fa18
2024-04-24T05:21:53,566  INFO [main] ql.Driver: Query ID = alex_20240424052153_6610052d-dde5-460d-9bee-e6373921fa18
Total jobs = 1
2024-04-24T05:21:53,566  INFO [main] ql.Driver: Total jobs = 1
Launching Job 1 out of 1
2024-04-24T05:21:53,566  INFO [main] ql.Driver: Launching Job 1 out of 1
2024-04-24T05:21:53,685  INFO [main] ql.Driver: Starting task [Stage-1:MAPRED] in serial mode
Number of reduce tasks is set to 0 since there's no reduce operator
2024-04-24T05:21:53,685  INFO [main] exec.Task: Number of reduce tasks is set to 0 since there's no reduce operator
2024-04-24T05:21:53,688  INFO [main] mr.ExecDriver: Using org.apache.hadoop.hive.ql.io.HiveInputFormat
2024-04-24T05:21:53,688  INFO [main] exec.Utilities: Processing alias $hdt$_0:_dummy_table
2024-04-24T05:21:53,688  INFO [main] exec.Utilities: Adding 1 inputs; the first input is file:/home/alex/Repositories/hive/ql/target/tmp/localscratchdir/805767f7-68f6-4a20-a278-5bece910bf9b/hive_2024-04-24_05-21-53_384_448635099008964063-1/dummy_path
2024-04-24T05:21:53,697  INFO [main] exec.SerializationUtilities: Serializing MapWork using kryo
2024-04-24T05:21:53,698  INFO [main] exec.Utilities: Serialized plan (via FILE) - name: null size: 5,50KB
2024-04-24T05:21:53,699  WARN [main] impl.MetricsSystemImpl: JobTracker metrics system already initialized!
2024-04-24T05:21:53,702  INFO [main] fs.FSStatsPublisher: created : file:/home/alex/Repositories/hive/ql/target/tmp/localscratchdir/805767f7-68f6-4a20-a278-5bece910bf9b/hive_2024-04-24_05-21-53_384_448635099008964063-1/-mr-10000
2024-04-24T05:21:53,704  WARN [main] impl.MetricsSystemImpl: JobTracker metrics system already initialized!
2024-04-24T05:21:53,711  WARN [main] mapreduce.JobResourceUploader: Hadoop command-line option parsing not performed. Implement the Tool interface and execute your application with ToolRunner to remedy this.
2024-04-24T05:21:53,715  WARN [main] mapreduce.JobResourceUploader: No job jar file set.  User classes may not be found. See Job or Job#setJar(String).
2024-04-24T05:21:53,716  INFO [main] io.HiveInputFormat: hive.io.file.readcolumn.ids = 
2024-04-24T05:21:53,716  INFO [main] io.HiveInputFormat: hive.io.file.readcolumn.names = 
2024-04-24T05:21:53,716  INFO [main] io.HiveInputFormat: Generating splits for dirs: file:/home/alex/Repositories/hive/ql/target/tmp/localscratchdir/805767f7-68f6-4a20-a278-5bece910bf9b/hive_2024-04-24_05-21-53_384_448635099008964063-1/dummy_path
2024-04-24T05:21:53,716  INFO [main] io.HiveInputFormat: number of splits 1
2024-04-24T05:21:53,734  INFO [main] mapreduce.JobSubmitter: number of splits:1
2024-04-24T05:21:53,761  INFO [main] mapreduce.JobSubmitter: Submitting tokens for job: job_local481067325_0026
2024-04-24T05:21:53,761  INFO [main] mapreduce.JobSubmitter: Executing with tokens: []
2024-04-24T05:21:53,838  INFO [main] mapreduce.Job: The url to track the job: http://localhost:8080/
Job running in-process (local Hadoop)
2024-04-24T05:21:53,839  INFO [main] exec.Task: Job running in-process (local Hadoop)
2024-04-24T05:21:53,839  INFO [Thread-1633] mapred.LocalJobRunner: OutputCommitter set in config org.apache.hadoop.hive.ql.io.HiveFileFormatUtils$NullOutputCommitter
2024-04-24T05:21:53,839  INFO [Thread-1633] mapred.LocalJobRunner: OutputCommitter is org.apache.hadoop.hive.ql.io.HiveFileFormatUtils$NullOutputCommitter
2024-04-24T05:21:53,840  INFO [Thread-1633] mapred.LocalJobRunner: Waiting for map tasks
2024-04-24T05:21:53,840  INFO [LocalJobRunner Map Task Executor #0] mapred.LocalJobRunner: Starting task: attempt_local481067325_0026_m_000000_0
2024-04-24T05:21:53,841  INFO [LocalJobRunner Map Task Executor #0] mapred.Task:  Using ResourceCalculatorProcessTree : [ ]
2024-04-24T05:21:53,841  INFO [LocalJobRunner Map Task Executor #0] mapred.MapTask: Processing split: org.apache.hadoop.hive.ql.io.NullRowsInputFormat:file:/home/alex/Repositories/hive/ql/target/tmp/localscratchdir/805767f7-68f6-4a20-a278-5bece910bf9b/hive_2024-04-24_05-21-53_384_448635099008964063-1/dummy_path/null:0+1
2024-04-24T05:21:53,842  INFO [LocalJobRunner Map Task Executor #0] exec.SerializationUtilities: Deserializing MapWork using kryo
2024-04-24T05:21:53,842  INFO [LocalJobRunner Map Task Executor #0] exec.Utilities: Deserialized plan (via FILE) - name: null size: 5,50KB
2024-04-24T05:21:53,843  INFO [LocalJobRunner Map Task Executor #0] mapred.MapTask: numReduceTasks: 0
2024-04-24T05:21:53,843  INFO [LocalJobRunner Map Task Executor #0] exec.MapOperator: Initializing Operator: MAP[0]
2024-04-24T05:21:53,843  INFO [LocalJobRunner Map Task Executor #0] mr.ExecMapper: 
<MAP>Id =0
  <Children>null
  <\Children>
  <Parent><\Parent>
<\MAP>
2024-04-24T05:21:53,844  INFO [LocalJobRunner Map Task Executor #0] exec.TableScanOperator: Initializing Operator: TS[0]
2024-04-24T05:21:53,844  INFO [LocalJobRunner Map Task Executor #0] exec.SelectOperator: Initializing Operator: SEL[1]
2024-04-24T05:21:53,844  INFO [LocalJobRunner Map Task Executor #0] exec.SelectOperator: SELECT null
2024-04-24T05:21:53,844  INFO [LocalJobRunner Map Task Executor #0] exec.UDTFOperator: Initializing Operator: UDTF[2]
2024-04-24T05:21:53,844  INFO [LocalJobRunner Map Task Executor #0] exec.SelectOperator: Initializing Operator: SEL[3]
2024-04-24T05:21:53,844  INFO [LocalJobRunner Map Task Executor #0] exec.SelectOperator: SELECT struct<col1:int,col2:int>
2024-04-24T05:21:53,844  INFO [LocalJobRunner Map Task Executor #0] exec.FileSinkOperator: Initializing Operator: FS[4]
2024-04-24T05:21:53,845  INFO [LocalJobRunner Map Task Executor #0] exec.FileSinkOperator: Using serializer : AbstractSerDe [log=org.apache.logging.slf4j.Log4jLogger@5c8da227, configuration=Optional[Configuration: core-default.xml, core-site.xml, mapred-default.xml, mapred-site.xml, yarn-default.xml, yarn-site.xml, hdfs-default.xml, hdfs-site.xml, file:/home/alex/Repositories/hive/ql/target/tmp/TestTxnNoBuckets/mapred/local/localRunner/alex/job_local481067325_0026/job_local481067325_0026.xml], properties={transactional_properties=default, name=default.nonacidnonbucket, transactional=true, columns.types=int:int, columns=a,b, numFilesErasureCoded=0, columns.comments=&amp#0;, last_modified_time=1713961311, bucketing_version=2, serialization.lib=org.apache.hadoop.hive.ql.io.orc.OrcSerde, file.inputformat=org.apache.hadoop.hive.ql.io.orc.OrcInputFormat, file.outputformat=org.apache.hadoop.hive.ql.io.orc.OrcOutputFormat, location=file:/home/alex/Repositories/hive/ql/target/tmp/org.apache.hadoop.hive.ql.TestTxnNoBuckets-1713961246971/warehouse/nonacidnonbucket, column.name.delimiter=,, last_modified_by=alex}, tableProperties={transactional_properties=default, name=default.nonacidnonbucket, transactional=true, columns.types=int:int, columns=a,b, numFilesErasureCoded=0, columns.comments=&amp#0;, last_modified_time=1713961311, bucketing_version=2, serialization.lib=org.apache.hadoop.hive.ql.io.orc.OrcSerde, file.inputformat=org.apache.hadoop.hive.ql.io.orc.OrcInputFormat, location=file:/home/alex/Repositories/hive/ql/target/tmp/org.apache.hadoop.hive.ql.TestTxnNoBuckets-1713961246971/warehouse/nonacidnonbucket, file.outputformat=org.apache.hadoop.hive.ql.io.orc.OrcOutputFormat, last_modified_by=alex, column.name.delimiter=,}, partitionProperties=Optional.empty, columnNames=[a, b], columnTypes=[int, int], getClass()=class org.apache.hadoop.hive.ql.io.orc.OrcSerde] and formatter : org.apache.hadoop.hive.ql.io.orc.OrcOutputFormat@599fd303
2024-04-24T05:21:53,845  INFO [LocalJobRunner Map Task Executor #0] exec.FileSinkOperator: Final Path: FS file:/home/alex/Repositories/hive/ql/target/tmp/org.apache.hadoop.hive.ql.TestTxnNoBuckets-1713961246971/warehouse/nonacidnonbucket
2024-04-24T05:21:53,845  INFO [LocalJobRunner Map Task Executor #0] exec.FileSinkOperator: New Final Path: FS file:/home/alex/Repositories/hive/ql/target/tmp/org.apache.hadoop.hive.ql.TestTxnNoBuckets-1713961246971/warehouse/nonacidnonbucket
2024-04-24T05:21:53,845  INFO [LocalJobRunner Map Task Executor #0] common.FileUtils: Creating directory if it doesn't exist: file:/home/alex/Repositories/hive/ql/target/tmp/org.apache.hadoop.hive.ql.TestTxnNoBuckets-1713961246971/warehouse
2024-04-24T05:21:53,846  INFO [LocalJobRunner Map Task Executor #0] exec.FileSinkOperator: FS[4]: records written - 1
2024-04-24T05:21:53,846  INFO [LocalJobRunner Map Task Executor #0] impl.PhysicalFsWriter: ORC writer created for path: file:/home/alex/Repositories/hive/ql/target/tmp/org.apache.hadoop.hive.ql.TestTxnNoBuckets-1713961246971/warehouse/nonacidnonbucket/delta_10000001_10000001_0000/bucket_00000_0 with stripeSize: 8388608 blockSize: 268435456 compression: Compress: ZLIB buffer: 32768
2024-04-24T05:21:53,852  INFO [LocalJobRunner Map Task Executor #0] impl.WriterImpl: ORC writer created for path: file:/home/alex/Repositories/hive/ql/target/tmp/org.apache.hadoop.hive.ql.TestTxnNoBuckets-1713961246971/warehouse/nonacidnonbucket/delta_10000001_10000001_0000/bucket_00000_0 with stripeSize: 8388608 options: Compress: ZLIB buffer: 32768
2024-04-24T05:21:53,857  INFO [LocalJobRunner Map Task Executor #0] exec.MapOperator: MAP[0]: records read - 1
2024-04-24T05:21:53,857  INFO [LocalJobRunner Map Task Executor #0] exec.MapOperator: Closing Operator: MAP[0]
2024-04-24T05:21:53,857  INFO [LocalJobRunner Map Task Executor #0] exec.MapOperator: MAP[0]: Total records read - 3. abort - false
2024-04-24T05:21:53,858  INFO [LocalJobRunner Map Task Executor #0] exec.MapOperator: RECORDS_IN:3, RECORDS_OUT_OPERATOR_MAP_0:0, DESERIALIZE_ERRORS:0, RECORDS_OUT_INTERMEDIATE:0, 
2024-04-24T05:21:53,858  INFO [LocalJobRunner Map Task Executor #0] exec.TableScanOperator: Closing Operator: TS[0]
2024-04-24T05:21:53,858  INFO [LocalJobRunner Map Task Executor #0] exec.TableScanOperator: RECORDS_OUT_INTERMEDIATE:0, RECORDS_OUT_OPERATOR_TS_0:1, 
2024-04-24T05:21:53,858  INFO [LocalJobRunner Map Task Executor #0] exec.SelectOperator: Closing Operator: SEL[1]
2024-04-24T05:21:53,858  INFO [LocalJobRunner Map Task Executor #0] exec.SelectOperator: RECORDS_OUT_OPERATOR_SEL_1:1, RECORDS_OUT_INTERMEDIATE:0, 
2024-04-24T05:21:53,858  INFO [LocalJobRunner Map Task Executor #0] exec.UDTFOperator: Closing Operator: UDTF[2]
2024-04-24T05:21:53,858  INFO [LocalJobRunner Map Task Executor #0] exec.UDTFOperator: RECORDS_OUT_INTERMEDIATE:0, RECORDS_OUT_OPERATOR_UDTF_2:2, 
2024-04-24T05:21:53,858  INFO [LocalJobRunner Map Task Executor #0] exec.SelectOperator: Closing Operator: SEL[3]
2024-04-24T05:21:53,858  INFO [LocalJobRunner Map Task Executor #0] exec.SelectOperator: RECORDS_OUT_OPERATOR_SEL_3:2, RECORDS_OUT_INTERMEDIATE:0, 
2024-04-24T05:21:53,858  INFO [LocalJobRunner Map Task Executor #0] exec.FileSinkOperator: Closing Operator: FS[4]
2024-04-24T05:21:53,858  INFO [LocalJobRunner Map Task Executor #0] exec.FileSinkOperator: FS[4]: records written - 2
2024-04-24T05:21:53,860  INFO [LocalJobRunner Map Task Executor #0] FileOperations: Writing manifest to file:/home/alex/Repositories/hive/ql/target/tmp/org.apache.hadoop.hive.ql.TestTxnNoBuckets-1713961246971/warehouse/nonacidnonbucket/_tmp.delta_10000001_10000001_0000/000000_0.manifest with [file:/home/alex/Repositories/hive/ql/target/tmp/org.apache.hadoop.hive.ql.TestTxnNoBuckets-1713961246971/warehouse/nonacidnonbucket/delta_10000001_10000001_0000/bucket_00000_0]
2024-04-24T05:21:53,871  INFO [LocalJobRunner Map Task Executor #0] exec.FileSinkOperator: TOTAL_TABLE_ROWS_WRITTEN:2, RECORDS_OUT_1_default.nonacidnonbucket:2, RECORDS_OUT_OPERATOR_FS_4:2, RECORDS_OUT_INTERMEDIATE:0, 
2024-04-24T05:21:53,871  INFO [LocalJobRunner Map Task Executor #0] mapred.LocalJobRunner: 
2024-04-24T05:21:53,871  INFO [LocalJobRunner Map Task Executor #0] mapred.Task: Task:attempt_local481067325_0026_m_000000_0 is done. And is in the process of committing
2024-04-24T05:21:53,872  INFO [LocalJobRunner Map Task Executor #0] mapred.LocalJobRunner: map
2024-04-24T05:21:53,872  INFO [LocalJobRunner Map Task Executor #0] mapred.Task: Task 'attempt_local481067325_0026_m_000000_0' done.
2024-04-24T05:21:53,872  INFO [LocalJobRunner Map Task Executor #0] mapred.Task: Final Counters for attempt_local481067325_0026_m_000000_0: Counters: 27
	File System Counters
		FILE: Number of bytes read=504758
		FILE: Number of bytes written=30598648
		FILE: Number of read operations=0
		FILE: Number of large read operations=0
		FILE: Number of write operations=0
	Map-Reduce Framework
		Map input records=4
		Map output records=0
		Input split bytes=360
		Spilled Records=0
		Failed Shuffles=0
		Merged Map outputs=0
		GC time elapsed (ms)=0
		Total committed heap usage (bytes)=1124597760
	HIVE
		CREATED_FILES=1
		DESERIALIZE_ERRORS=0
		RECORDS_IN=3
		RECORDS_OUT_1_default.nonacidnonbucket=2
		RECORDS_OUT_INTERMEDIATE=0
		RECORDS_OUT_OPERATOR_FS_4=2
		RECORDS_OUT_OPERATOR_MAP_0=0
		RECORDS_OUT_OPERATOR_SEL_1=1
		RECORDS_OUT_OPERATOR_SEL_3=2
		RECORDS_OUT_OPERATOR_TS_0=1
		RECORDS_OUT_OPERATOR_UDTF_2=2
		TOTAL_TABLE_ROWS_WRITTEN=2
	File Input Format Counters 
		Bytes Read=5559
	File Output Format Counters 
		Bytes Written=0
2024-04-24T05:21:53,872  INFO [LocalJobRunner Map Task Executor #0] mapred.LocalJobRunner: Finishing task: attempt_local481067325_0026_m_000000_0
2024-04-24T05:21:53,872  INFO [Thread-1633] mapred.LocalJobRunner: map task executor complete.
2024-04-24 05:21:54,841 Stage-1 map = 100%,  reduce = 0%
2024-04-24T05:21:54,841  INFO [main] exec.Task: 2024-04-24 05:21:54,841 Stage-1 map = 100%,  reduce = 0%
Ended Job = job_local481067325_0026
2024-04-24T05:21:54,842  INFO [main] exec.Task: Ended Job = job_local481067325_0026
2024-04-24T05:21:54,844  INFO [main] FileOperations: Found manifest file file:/home/alex/Repositories/hive/ql/target/tmp/org.apache.hadoop.hive.ql.TestTxnNoBuckets-1713961246971/warehouse/nonacidnonbucket/_tmp.delta_10000001_10000001_0000/000000_0.manifest with attemptId 0.
2024-04-24T05:21:54,844  INFO [main] FileOperations: Looking at manifest file: file:/home/alex/Repositories/hive/ql/target/tmp/org.apache.hadoop.hive.ql.TestTxnNoBuckets-1713961246971/warehouse/nonacidnonbucket/_tmp.delta_10000001_10000001_0000/000000_0.manifest
2024-04-24T05:21:54,844  INFO [main] FileOperations: Deleting manifest directory file:/home/alex/Repositories/hive/ql/target/tmp/org.apache.hadoop.hive.ql.TestTxnNoBuckets-1713961246971/warehouse/nonacidnonbucket/_tmp.delta_10000001_10000001_0000
2024-04-24T05:21:54,846  INFO [main] ql.Driver: Starting task [Stage-0:MOVE] in serial mode
Loading data to table default.nonacidnonbucket
2024-04-24T05:21:54,846  INFO [main] exec.Task: Loading data to table default.nonacidnonbucket from file:/home/alex/Repositories/hive/ql/target/tmp/org.apache.hadoop.hive.ql.TestTxnNoBuckets-1713961246971/warehouse/nonacidnonbucket
2024-04-24T05:21:54,846  INFO [main] HiveMetaStore.audit: ugi=alex	ip=unknown-ip-addr	cmd=get_table : tbl=hive.default.nonacidnonbucket	
2024-04-24T05:21:54,853  INFO [main] metastore.HMSHandler: Skipping translation for processor with null
2024-04-24T05:21:54,853  INFO [main] HiveMetaStore.audit: ugi=alex	ip=unknown-ip-addr	cmd=get_table : tbl=hive.default.nonacidnonbucket	
2024-04-24T05:21:54,860  INFO [main] metastore.HMSHandler: Skipping translation for processor with null
2024-04-24T05:21:54,861  INFO [main] HiveMetaStore.audit: ugi=alex	ip=unknown-ip-addr	cmd=alter_table: hive.default.nonacidnonbucket newtbl=nonacidnonbucket	
2024-04-24T05:21:54,904  INFO [main] ql.Driver: Starting task [Stage-2:STATS] in serial mode
2024-04-24T05:21:54,904  INFO [main] HiveMetaStore.audit: ugi=alex	ip=unknown-ip-addr	cmd=get_table : tbl=hive.default.nonacidnonbucket	
2024-04-24T05:21:54,910  INFO [main] metastore.HMSHandler: Skipping translation for processor with null
2024-04-24T05:21:54,910  INFO [main] stats.BasicStatsTask: Executing stats task
2024-04-24T05:21:54,910  INFO [main] fs.FSStatsPublisher: created : file:/home/alex/Repositories/hive/ql/target/tmp/localscratchdir/805767f7-68f6-4a20-a278-5bece910bf9b/hive_2024-04-24_05-21-53_384_448635099008964063-1/-mr-10000
2024-04-24T05:21:54,911  INFO [main] HiveMetaStore.audit: ugi=alex	ip=unknown-ip-addr	cmd=get_table : tbl=hive.default.nonacidnonbucket	
2024-04-24T05:21:54,918  INFO [main] metastore.HMSHandler: Skipping translation for processor with null
2024-04-24T05:21:54,933  WARN [main] FileOperations: Computing stats for an ACID table; stats may be inaccurate
2024-04-24T05:21:54,934  INFO [main] FileOperations: Read stats for default.nonacidnonbucket/, numRows, true, 2, false: 
2024-04-24T05:21:54,934  INFO [main] FileOperations: Read stats for default.nonacidnonbucket/, rawDataSize, true, 0, false: 
2024-04-24T05:21:54,934  INFO [main] HiveMetaStore.audit: ugi=alex	ip=unknown-ip-addr	cmd=alter_table: hive.default.nonacidnonbucket newtbl=nonacidnonbucket	
2024-04-24T05:21:54,956  INFO [main] FileOperations: Read stats for default.nonacidnonbucket/, insertCount, true, 2, false: 
2024-04-24T05:21:54,956  INFO [main] FileOperations: Read stats for default.nonacidnonbucket/, updateCount, true, 0, false: 
2024-04-24T05:21:54,956  INFO [main] FileOperations: Read stats for default.nonacidnonbucket/, deleteCount, true, 0, false: 
2024-04-24T05:21:54,958  INFO [main] stats.BasicStatsTask: Table default.nonacidnonbucket stats: [numFiles=4, numRows=9, totalSize=1515, rawDataSize=56, numFilesErasureCoded=0]
2024-04-24T05:21:54,959  INFO [main] metadata.Hive: Dumping metastore api call timing information for : execution phase
2024-04-24T05:21:54,959  INFO [main] metadata.Hive: Total time spent in each metastore function (ms): {getTable_(GetTableRequest)=27, updateTransactionalStatistics_(UpdateTransactionalStatsRequest)=2, alter_table_(String, String, String, Table, EnvironmentContext, String)=65, isCompatibleWith_(Configuration)=0}
MapReduce Jobs Launched: 
2024-04-24T05:21:54,959  INFO [main] ql.Driver: MapReduce Jobs Launched: 
Stage-Stage-1:  HDFS Read: 0 HDFS Write: 0 SUCCESS
2024-04-24T05:21:54,959  INFO [main] ql.Driver: Stage-Stage-1:  HDFS Read: 0 HDFS Write: 0 SUCCESS
Total MapReduce CPU Time Spent: 0 msec
2024-04-24T05:21:54,959  INFO [main] ql.Driver: Total MapReduce CPU Time Spent: 0 msec
2024-04-24T05:21:54,959  INFO [main] ql.Driver: Completed executing command(queryId=alex_20240424052153_6610052d-dde5-460d-9bee-e6373921fa18); Time taken: 1.394 seconds
2024-04-24T05:21:54,959  INFO [main] lockmgr.DbTxnManager: Stopped heartbeat for query: alex_20240424052153_6610052d-dde5-460d-9bee-e6373921fa18
2024-04-24T05:21:54,969  INFO [main] txn.TxnHandler: Removed transactions: ([18]) from MIN_HISTORY_LEVEL
2024-04-24T05:21:54,969  WARN [main] txn.CompactionTxnHandler: No compaction queue record found for Compaction type transaction commit. txnId:18
2024-04-24T05:21:54,969  INFO [main] ql.TxnCommandsBaseForTests: Running the query: update nonAcidNonBucket set b = 120 where a = 0 and b = 12
2024-04-24T05:21:54,970  INFO [main] ql.Context: Deleting scratch dir: file:/home/alex/Repositories/hive/ql/target/tmp/localscratchdir/805767f7-68f6-4a20-a278-5bece910bf9b/hive_2024-04-24_05-21-53_384_448635099008964063-1
2024-04-24T05:21:54,970  INFO [main] cleanup.SyncCleanupService: Deleted directory: file:/home/alex/Repositories/hive/ql/target/tmp/localscratchdir/805767f7-68f6-4a20-a278-5bece910bf9b/hive_2024-04-24_05-21-53_384_448635099008964063-1 on fs with scheme file
2024-04-24T05:21:54,970  INFO [main] ql.Driver: Compiling command(queryId=alex_20240424052154_fce2e97f-6ef2-4ff9-87ee-98ec9f5ee533): update nonAcidNonBucket set b = 120 where a = 0 and b = 12
2024-04-24T05:21:54,973  INFO [main] txn.TxnHandler: Added entries to MIN_HISTORY_LEVEL for current txns: ([19]) with min_open_txn: 19
2024-04-24T05:21:54,973  INFO [main] lockmgr.DbTxnManager: Opened txnid:19
2024-04-24T05:21:54,974  INFO [main] parse.UpdateDeleteSemanticAnalyzer: Starting caching scope for: 
2024-04-24T05:21:54,974  INFO [main] HiveMetaStore.audit: ugi=alex	ip=unknown-ip-addr	cmd=get_table : tbl=hive.default.nonAcidNonBucket	
2024-04-24T05:21:54,981  INFO [main] metastore.HMSHandler: Skipping translation for processor with null
2024-04-24T05:21:54,981  INFO [main] parse.RewriteSemanticAnalyzer: Going to reparse <update nonAcidNonBucket set b = 120 where a = 0 and b = 12> as 
<insert into table `default`.`nonAcidNonBucket` select ROW__ID,`a`,`b` from `default`.`nonAcidNonBucket` sort by ROW__ID >
2024-04-24T05:21:54,981  INFO [main] parse.UpdateDeleteSemanticAnalyzer: Starting Semantic Analysis
2024-04-24T05:21:54,984  INFO [main] HiveMetaStore.audit: ugi=alex	ip=unknown-ip-addr	cmd=get_table : tbl=hive.default.nonAcidNonBucket	
2024-04-24T05:21:54,989  INFO [main] metastore.ObjectStore: Removed COLUMN_STATS_ACCURATE from Table's parameters.
2024-04-24T05:21:54,991  INFO [main] metastore.HMSHandler: Skipping translation for processor with null
2024-04-24T05:21:54,991  INFO [main] parse.UpdateDeleteSemanticAnalyzer: Completed phase 1 of Semantic Analysis
2024-04-24T05:21:54,991  INFO [main] parse.UpdateDeleteSemanticAnalyzer: Get metadata for source tables
2024-04-24T05:21:54,992  INFO [main] HiveMetaStore.audit: ugi=alex	ip=unknown-ip-addr	cmd=get_table : tbl=hive.default.nonacidnonbucket	
2024-04-24T05:21:54,998  INFO [main] metastore.ObjectStore: Removed COLUMN_STATS_ACCURATE from Table's parameters.
2024-04-24T05:21:55,001  INFO [main] metastore.HMSHandler: Skipping translation for processor with null
2024-04-24T05:21:55,001  INFO [main] parse.UpdateDeleteSemanticAnalyzer: Get metadata for subqueries
2024-04-24T05:21:55,001  INFO [main] parse.UpdateDeleteSemanticAnalyzer: Get metadata for destination tables
2024-04-24T05:21:55,001  INFO [main] HiveMetaStore.audit: ugi=alex	ip=unknown-ip-addr	cmd=get_table : tbl=hive.default.nonAcidNonBucket	
2024-04-24T05:21:55,012  INFO [main] metastore.HMSHandler: Skipping translation for processor with null
2024-04-24T05:21:55,012  INFO [main] parse.UpdateDeleteSemanticAnalyzer: Completed getting MetaData in Semantic Analysis
2024-04-24T05:21:55,012  INFO [main] parse.UpdateDeleteSemanticAnalyzer: Disabling LLAP IO encode as ETL query is detected
2024-04-24T05:21:55,024  INFO [main] HiveMetaStore.audit: ugi=alex	ip=unknown-ip-addr	cmd=get_all_table_constraints : tbl=hive.default.nonacidnonbucket	
2024-04-24T05:21:55,031  INFO [main] HiveMetaStore.audit: ugi=alex	ip=unknown-ip-addr	cmd=get_not_null_constraints : tbl=hive.default.nonacidnonbucket	
2024-04-24T05:21:55,032  INFO [main] HiveMetaStore.audit: ugi=alex	ip=unknown-ip-addr	cmd=get_check_constraints : tbl=hive.default.nonacidnonbucket	
2024-04-24T05:21:55,062  INFO [main] calcite.RelOptHiveTable: Calculating column statistics for default.nonacidnonbucket, projIndxSet: [0, 1], allowMissingStats: true
2024-04-24T05:21:55,063  INFO [main] HiveMetaStore.audit: ugi=alex	ip=unknown-ip-addr	cmd=get_table_statistics_req: table=hive.default.nonacidnonbucket	
2024-04-24T05:21:55,072  WARN [main] calcite.RelOptHiveTable: No Stats for default@nonacidnonbucket, Columns: a, b
No Stats for default@nonacidnonbucket, Columns: a, b
2024-04-24T05:21:55,072  INFO [main] SessionState: No Stats for default@nonacidnonbucket, Columns: a, b
2024-04-24T05:21:55,152  INFO [main] parse.UpdateDeleteSemanticAnalyzer: Get metadata for source tables
2024-04-24T05:21:55,152  INFO [main] parse.UpdateDeleteSemanticAnalyzer: Get metadata for subqueries
2024-04-24T05:21:55,152  INFO [main] parse.UpdateDeleteSemanticAnalyzer: Get metadata for destination tables
2024-04-24T05:21:55,153  INFO [main] HiveMetaStore.audit: ugi=alex	ip=unknown-ip-addr	cmd=get_table : tbl=hive.default.nonAcidNonBucket	
2024-04-24T05:21:55,160  INFO [main] metastore.HMSHandler: Skipping translation for processor with null
2024-04-24T05:21:55,163 ERROR [main] parse.UpdateDeleteSemanticAnalyzer: CBO failed, skipping CBO. 
org.apache.hadoop.hive.ql.exec.NoMatchingMethodException: No matching method for class org.apache.hadoop.hive.ql.udf.UDFToInteger with (struct<writeid:bigint,bucketid:int,rowid:bigint>). Possible choices: _FUNC_(bigint)  _FUNC_(boolean)  _FUNC_(decimal(38,18))  _FUNC_(double)  _FUNC_(float)  _FUNC_(smallint)  _FUNC_(string)  _FUNC_(struct<bucketid:int,rowid:bigint,writeid:bigint>)  _FUNC_(timestamp)  _FUNC_(tinyint)  _FUNC_(void)  
	at org.apache.hadoop.hive.ql.exec.MethodUtils.getMethodInternal(MethodUtils.java:130) ~[classes/:?]
	at org.apache.hadoop.hive.ql.exec.MethodUtils.getMethodInternal(MethodUtils.java:60) ~[classes/:?]
	at org.apache.hadoop.hive.ql.exec.DefaultUDFMethodResolver.getEvalMethod(DefaultUDFMethodResolver.java:59) ~[classes/:?]
	at org.apache.hadoop.hive.ql.udf.TimestampCastRestrictorResolver.getEvalMethod(TimestampCastRestrictorResolver.java:68) ~[classes/:?]
	at org.apache.hadoop.hive.ql.udf.generic.GenericUDFBridge.initialize(GenericUDFBridge.java:168) ~[classes/:?]
	at org.apache.hadoop.hive.ql.udf.generic.GenericUDF.initializeAndFoldConstants(GenericUDF.java:149) ~[classes/:?]
	at org.apache.hadoop.hive.ql.plan.ExprNodeGenericFuncDesc.newInstance(ExprNodeGenericFuncDesc.java:235) ~[classes/:?]
	at org.apache.hadoop.hive.ql.parse.type.ExprNodeDescExprFactory.createFuncCallExpr(ExprNodeDescExprFactory.java:584) ~[classes/:?]
	at org.apache.hadoop.hive.ql.parse.type.ExprNodeDescExprFactory.createFuncCallExpr(ExprNodeDescExprFactory.java:97) ~[classes/:?]
	at org.apache.hadoop.hive.ql.parse.type.TypeCheckProcFactory$DefaultExprProcessor.getFuncExprNodeDescWithUdfData(TypeCheckProcFactory.java:762) ~[classes/:?]
	at org.apache.hadoop.hive.ql.parse.type.TypeCheckProcFactory$DefaultExprProcessor.createConversionCast(TypeCheckProcFactory.java:783) ~[classes/:?]
	at org.apache.hadoop.hive.ql.parse.SemanticAnalyzer.getPartitionColsFromBucketColsForUpdateDelete(SemanticAnalyzer.java:8725) ~[classes/:?]
	at org.apache.hadoop.hive.ql.parse.SemanticAnalyzer.genBucketingSortingDest(SemanticAnalyzer.java:6914) ~[classes/:?]
	at org.apache.hadoop.hive.ql.parse.SemanticAnalyzer.genFileSinkPlan(SemanticAnalyzer.java:7335) ~[classes/:?]
	at org.apache.hadoop.hive.ql.parse.SemanticAnalyzer.genPostGroupByBodyPlan(SemanticAnalyzer.java:11063) ~[classes/:?]
	at org.apache.hadoop.hive.ql.parse.SemanticAnalyzer.genBodyPlan(SemanticAnalyzer.java:10938) ~[classes/:?]
	at org.apache.hadoop.hive.ql.parse.SemanticAnalyzer.genPlan(SemanticAnalyzer.java:11853) ~[classes/:?]
	at org.apache.hadoop.hive.ql.parse.SemanticAnalyzer.genPlan(SemanticAnalyzer.java:11723) ~[classes/:?]
	at org.apache.hadoop.hive.ql.parse.CalcitePlanner.genOPTree(CalcitePlanner.java:626) ~[classes/:?]
	at org.apache.hadoop.hive.ql.parse.SemanticAnalyzer.analyzeInternal(SemanticAnalyzer.java:12558) ~[classes/:?]
	at org.apache.hadoop.hive.ql.parse.CalcitePlanner.analyzeInternal(CalcitePlanner.java:456) ~[classes/:?]
	at org.apache.hadoop.hive.ql.parse.RewriteSemanticAnalyzer.analyzeInternal(RewriteSemanticAnalyzer.java:67) ~[classes/:?]
	at org.apache.hadoop.hive.ql.parse.BaseSemanticAnalyzer.analyze(BaseSemanticAnalyzer.java:317) ~[classes/:?]
	at org.apache.hadoop.hive.ql.parse.UpdateDeleteSemanticAnalyzer.reparseAndSuperAnalyze(UpdateDeleteSemanticAnalyzer.java:208) ~[classes/:?]
	at org.apache.hadoop.hive.ql.parse.UpdateDeleteSemanticAnalyzer.analyzeUpdate(UpdateDeleteSemanticAnalyzer.java:63) ~[classes/:?]
	at org.apache.hadoop.hive.ql.parse.UpdateDeleteSemanticAnalyzer.analyze(UpdateDeleteSemanticAnalyzer.java:53) ~[classes/:?]
	at org.apache.hadoop.hive.ql.parse.RewriteSemanticAnalyzer.analyzeInternal(RewriteSemanticAnalyzer.java:72) ~[classes/:?]
	at org.apache.hadoop.hive.ql.parse.BaseSemanticAnalyzer.analyze(BaseSemanticAnalyzer.java:317) ~[classes/:?]
	at org.apache.hadoop.hive.ql.Compiler.analyze(Compiler.java:223) ~[classes/:?]
	at org.apache.hadoop.hive.ql.Compiler.compile(Compiler.java:105) ~[classes/:?]
	at org.apache.hadoop.hive.ql.Driver.compile(Driver.java:500) ~[classes/:?]
	at org.apache.hadoop.hive.ql.Driver.compileInternal(Driver.java:453) ~[classes/:?]
	at org.apache.hadoop.hive.ql.Driver.runInternal(Driver.java:181) ~[classes/:?]
	at org.apache.hadoop.hive.ql.Driver.run(Driver.java:153) ~[classes/:?]
	at org.apache.hadoop.hive.ql.Driver.run(Driver.java:140) ~[classes/:?]
	at org.apache.hadoop.hive.ql.TxnCommandsBaseForTests.runStatementOnDriver(TxnCommandsBaseForTests.java:245) ~[test-classes/:?]
	at org.apache.hadoop.hive.ql.TestTxnNoBuckets.testToAcidConversion02(TestTxnNoBuckets.java:553) ~[test-classes/:?]
	at sun.reflect.NativeMethodAccessorImpl.invoke0(Native Method) ~[?:1.8.0_402]
	at sun.reflect.NativeMethodAccessorImpl.invoke(NativeMethodAccessorImpl.java:62) ~[?:1.8.0_402]
	at sun.reflect.DelegatingMethodAccessorImpl.invoke(DelegatingMethodAccessorImpl.java:43) ~[?:1.8.0_402]
	at java.lang.reflect.Method.invoke(Method.java:498) ~[?:1.8.0_402]
	at org.junit.runners.model.FrameworkMethod$1.runReflectiveCall(FrameworkMethod.java:59) ~[junit-4.13.jar:4.13]
	at org.junit.internal.runners.model.ReflectiveCallable.run(ReflectiveCallable.java:12) ~[junit-4.13.jar:4.13]
	at org.junit.runners.model.FrameworkMethod.invokeExplosively(FrameworkMethod.java:56) ~[junit-4.13.jar:4.13]
	at org.junit.internal.runners.statements.InvokeMethod.evaluate(InvokeMethod.java:17) ~[junit-4.13.jar:4.13]
	at org.junit.internal.runners.statements.RunBefores.evaluate(RunBefores.java:26) ~[junit-4.13.jar:4.13]
	at org.junit.internal.runners.statements.RunAfters.evaluate(RunAfters.java:27) ~[junit-4.13.jar:4.13]
	at org.junit.rules.TestWatcher$1.evaluate(TestWatcher.java:61) ~[junit-4.13.jar:4.13]
	at org.junit.runners.ParentRunner$3.evaluate(ParentRunner.java:306) ~[junit-4.13.jar:4.13]
	at org.junit.runners.BlockJUnit4ClassRunner$1.evaluate(BlockJUnit4ClassRunner.java:100) ~[junit-4.13.jar:4.13]
	at org.junit.runners.ParentRunner.runLeaf(ParentRunner.java:366) ~[junit-4.13.jar:4.13]
	at org.junit.runners.BlockJUnit4ClassRunner.runChild(BlockJUnit4ClassRunner.java:103) ~[junit-4.13.jar:4.13]
	at org.junit.runners.BlockJUnit4ClassRunner.runChild(BlockJUnit4ClassRunner.java:63) ~[junit-4.13.jar:4.13]
	at org.junit.runners.ParentRunner$4.run(ParentRunner.java:331) ~[junit-4.13.jar:4.13]
	at org.junit.runners.ParentRunner$1.schedule(ParentRunner.java:79) ~[junit-4.13.jar:4.13]
	at org.junit.runners.ParentRunner.runChildren(ParentRunner.java:329) ~[junit-4.13.jar:4.13]
	at org.junit.runners.ParentRunner.access$100(ParentRunner.java:66) ~[junit-4.13.jar:4.13]
	at org.junit.runners.ParentRunner$2.evaluate(ParentRunner.java:293) ~[junit-4.13.jar:4.13]
	at org.junit.runners.ParentRunner$3.evaluate(ParentRunner.java:306) ~[junit-4.13.jar:4.13]
	at org.junit.runners.ParentRunner.run(ParentRunner.java:413) ~[junit-4.13.jar:4.13]
	at org.junit.runner.JUnitCore.run(JUnitCore.java:137) ~[junit-4.13.jar:4.13]
	at org.junit.runner.JUnitCore.run(JUnitCore.java:115) ~[junit-4.13.jar:4.13]
	at org.junit.vintage.engine.execution.RunnerExecutor.execute(RunnerExecutor.java:43) ~[junit-vintage-engine-5.6.2.jar:5.6.2]
	at java.util.stream.ForEachOps$ForEachOp$OfRef.accept(ForEachOps.java:183) ~[?:1.8.0_402]
	at java.util.stream.ReferencePipeline$3$1.accept(ReferencePipeline.java:193) ~[?:1.8.0_402]
	at java.util.Iterator.forEachRemaining(Iterator.java:116) ~[?:1.8.0_402]
	at java.util.Spliterators$IteratorSpliterator.forEachRemaining(Spliterators.java:1801) ~[?:1.8.0_402]
	at java.util.stream.AbstractPipeline.copyInto(AbstractPipeline.java:482) ~[?:1.8.0_402]
	at java.util.stream.AbstractPipeline.wrapAndCopyInto(AbstractPipeline.java:472) ~[?:1.8.0_402]
	at java.util.stream.ForEachOps$ForEachOp.evaluateSequential(ForEachOps.java:150) ~[?:1.8.0_402]
	at java.util.stream.ForEachOps$ForEachOp$OfRef.evaluateSequential(ForEachOps.java:173) ~[?:1.8.0_402]
	at java.util.stream.AbstractPipeline.evaluate(AbstractPipeline.java:234) ~[?:1.8.0_402]
	at java.util.stream.ReferencePipeline.forEach(ReferencePipeline.java:485) ~[?:1.8.0_402]
	at org.junit.vintage.engine.VintageTestEngine.executeAllChildren(VintageTestEngine.java:82) ~[junit-vintage-engine-5.6.2.jar:5.6.2]
	at org.junit.vintage.engine.VintageTestEngine.execute(VintageTestEngine.java:73) ~[junit-vintage-engine-5.6.2.jar:5.6.2]
	at org.junit.platform.launcher.core.DefaultLauncher.execute(DefaultLauncher.java:248) ~[junit-platform-launcher-1.6.2.jar:1.6.2]
	at org.junit.platform.launcher.core.DefaultLauncher.lambda$execute$5(DefaultLauncher.java:211) ~[junit-platform-launcher-1.6.2.jar:1.6.2]
	at org.junit.platform.launcher.core.DefaultLauncher.withInterceptedStreams(DefaultLauncher.java:226) [junit-platform-launcher-1.6.2.jar:1.6.2]
	at org.junit.platform.launcher.core.DefaultLauncher.execute(DefaultLauncher.java:199) [junit-platform-launcher-1.6.2.jar:1.6.2]
	at org.junit.platform.launcher.core.DefaultLauncher.execute(DefaultLauncher.java:132) [junit-platform-launcher-1.6.2.jar:1.6.2]
	at org.apache.maven.surefire.junitplatform.JUnitPlatformProvider.invokeAllTests(JUnitPlatformProvider.java:154) [surefire-junit-platform-3.0.0-M4.jar:3.0.0-M4]
	at org.apache.maven.surefire.junitplatform.JUnitPlatformProvider.invoke(JUnitPlatformProvider.java:123) [surefire-junit-platform-3.0.0-M4.jar:3.0.0-M4]
	at org.apache.maven.surefire.booter.ForkedBooter.runSuitesInProcess(ForkedBooter.java:377) [surefire-booter-3.0.0-M4.jar:3.0.0-M4]
	at org.apache.maven.surefire.booter.ForkedBooter.execute(ForkedBooter.java:138) [surefire-booter-3.0.0-M4.jar:3.0.0-M4]
	at org.apache.maven.surefire.booter.ForkedBooter.run(ForkedBooter.java:465) [surefire-booter-3.0.0-M4.jar:3.0.0-M4]
	at org.apache.maven.surefire.booter.ForkedBooter.main(ForkedBooter.java:451) [surefire-booter-3.0.0-M4.jar:3.0.0-M4]
2024-04-24T05:21:55,164 ERROR [main] parse.UpdateDeleteSemanticAnalyzer: CBO failed due to missing column stats (see previous errors), skipping CBO
2024-04-24T05:21:55,164  INFO [main] parse.UpdateDeleteSemanticAnalyzer: Ending caching scope for: 
FAILED: NoMatchingMethodException No matching method for class org.apache.hadoop.hive.ql.udf.UDFToInteger with (struct<writeid:bigint,bucketid:int,rowid:bigint>). Possible choices: _FUNC_(bigint)  _FUNC_(boolean)  _FUNC_(decimal(38,18))  _FUNC_(double)  _FUNC_(float)  _FUNC_(smallint)  _FUNC_(string)  _FUNC_(struct<bucketid:int,rowid:bigint,writeid:bigint>)  _FUNC_(timestamp)  _FUNC_(tinyint)  _FUNC_(void)  
2024-04-24T05:21:55,165 ERROR [main] ql.Driver: FAILED: NoMatchingMethodException No matching method for class org.apache.hadoop.hive.ql.udf.UDFToInteger with (struct<writeid:bigint,bucketid:int,rowid:bigint>). Possible choices: _FUNC_(bigint)  _FUNC_(boolean)  _FUNC_(decimal(38,18))  _FUNC_(double)  _FUNC_(float)  _FUNC_(smallint)  _FUNC_(string)  _FUNC_(struct<bucketid:int,rowid:bigint,writeid:bigint>)  _FUNC_(timestamp)  _FUNC_(tinyint)  _FUNC_(void)  
org.apache.hadoop.hive.ql.exec.NoMatchingMethodException: No matching method for class org.apache.hadoop.hive.ql.udf.UDFToInteger with (struct<writeid:bigint,bucketid:int,rowid:bigint>). Possible choices: _FUNC_(bigint)  _FUNC_(boolean)  _FUNC_(decimal(38,18))  _FUNC_(double)  _FUNC_(float)  _FUNC_(smallint)  _FUNC_(string)  _FUNC_(struct<bucketid:int,rowid:bigint,writeid:bigint>)  _FUNC_(timestamp)  _FUNC_(tinyint)  _FUNC_(void)  
	at org.apache.hadoop.hive.ql.exec.MethodUtils.getMethodInternal(MethodUtils.java:130)
	at org.apache.hadoop.hive.ql.exec.MethodUtils.getMethodInternal(MethodUtils.java:60)
	at org.apache.hadoop.hive.ql.exec.DefaultUDFMethodResolver.getEvalMethod(DefaultUDFMethodResolver.java:59)
	at org.apache.hadoop.hive.ql.udf.TimestampCastRestrictorResolver.getEvalMethod(TimestampCastRestrictorResolver.java:68)
	at org.apache.hadoop.hive.ql.udf.generic.GenericUDFBridge.initialize(GenericUDFBridge.java:168)
	at org.apache.hadoop.hive.ql.udf.generic.GenericUDF.initializeAndFoldConstants(GenericUDF.java:149)
	at org.apache.hadoop.hive.ql.plan.ExprNodeGenericFuncDesc.newInstance(ExprNodeGenericFuncDesc.java:235)
	at org.apache.hadoop.hive.ql.parse.type.ExprNodeDescExprFactory.createFuncCallExpr(ExprNodeDescExprFactory.java:584)
	at org.apache.hadoop.hive.ql.parse.type.ExprNodeDescExprFactory.createFuncCallExpr(ExprNodeDescExprFactory.java:97)
	at org.apache.hadoop.hive.ql.parse.type.TypeCheckProcFactory$DefaultExprProcessor.getFuncExprNodeDescWithUdfData(TypeCheckProcFactory.java:762)
	at org.apache.hadoop.hive.ql.parse.type.TypeCheckProcFactory$DefaultExprProcessor.createConversionCast(TypeCheckProcFactory.java:783)
	at org.apache.hadoop.hive.ql.parse.SemanticAnalyzer.getPartitionColsFromBucketColsForUpdateDelete(SemanticAnalyzer.java:8725)
	at org.apache.hadoop.hive.ql.parse.SemanticAnalyzer.genBucketingSortingDest(SemanticAnalyzer.java:6914)
	at org.apache.hadoop.hive.ql.parse.SemanticAnalyzer.genFileSinkPlan(SemanticAnalyzer.java:7335)
	at org.apache.hadoop.hive.ql.parse.SemanticAnalyzer.genPostGroupByBodyPlan(SemanticAnalyzer.java:11063)
	at org.apache.hadoop.hive.ql.parse.SemanticAnalyzer.genBodyPlan(SemanticAnalyzer.java:10938)
	at org.apache.hadoop.hive.ql.parse.SemanticAnalyzer.genPlan(SemanticAnalyzer.java:11853)
	at org.apache.hadoop.hive.ql.parse.SemanticAnalyzer.genPlan(SemanticAnalyzer.java:11723)
	at org.apache.hadoop.hive.ql.parse.CalcitePlanner.genOPTree(CalcitePlanner.java:626)
	at org.apache.hadoop.hive.ql.parse.SemanticAnalyzer.analyzeInternal(SemanticAnalyzer.java:12558)
	at org.apache.hadoop.hive.ql.parse.CalcitePlanner.analyzeInternal(CalcitePlanner.java:456)
	at org.apache.hadoop.hive.ql.parse.RewriteSemanticAnalyzer.analyzeInternal(RewriteSemanticAnalyzer.java:67)
	at org.apache.hadoop.hive.ql.parse.BaseSemanticAnalyzer.analyze(BaseSemanticAnalyzer.java:317)
	at org.apache.hadoop.hive.ql.parse.UpdateDeleteSemanticAnalyzer.reparseAndSuperAnalyze(UpdateDeleteSemanticAnalyzer.java:208)
	at org.apache.hadoop.hive.ql.parse.UpdateDeleteSemanticAnalyzer.analyzeUpdate(UpdateDeleteSemanticAnalyzer.java:63)
	at org.apache.hadoop.hive.ql.parse.UpdateDeleteSemanticAnalyzer.analyze(UpdateDeleteSemanticAnalyzer.java:53)
	at org.apache.hadoop.hive.ql.parse.RewriteSemanticAnalyzer.analyzeInternal(RewriteSemanticAnalyzer.java:72)
	at org.apache.hadoop.hive.ql.parse.BaseSemanticAnalyzer.analyze(BaseSemanticAnalyzer.java:317)
	at org.apache.hadoop.hive.ql.Compiler.analyze(Compiler.java:223)
	at org.apache.hadoop.hive.ql.Compiler.compile(Compiler.java:105)
	at org.apache.hadoop.hive.ql.Driver.compile(Driver.java:500)
	at org.apache.hadoop.hive.ql.Driver.compileInternal(Driver.java:453)
	at org.apache.hadoop.hive.ql.Driver.runInternal(Driver.java:181)
	at org.apache.hadoop.hive.ql.Driver.run(Driver.java:153)
	at org.apache.hadoop.hive.ql.Driver.run(Driver.java:140)
	at org.apache.hadoop.hive.ql.TxnCommandsBaseForTests.runStatementOnDriver(TxnCommandsBaseForTests.java:245)
	at org.apache.hadoop.hive.ql.TestTxnNoBuckets.testToAcidConversion02(TestTxnNoBuckets.java:553)
	at sun.reflect.NativeMethodAccessorImpl.invoke0(Native Method)
	at sun.reflect.NativeMethodAccessorImpl.invoke(NativeMethodAccessorImpl.java:62)
	at sun.reflect.DelegatingMethodAccessorImpl.invoke(DelegatingMethodAccessorImpl.java:43)
	at java.lang.reflect.Method.invoke(Method.java:498)
	at org.junit.runners.model.FrameworkMethod$1.runReflectiveCall(FrameworkMethod.java:59)
	at org.junit.internal.runners.model.ReflectiveCallable.run(ReflectiveCallable.java:12)
	at org.junit.runners.model.FrameworkMethod.invokeExplosively(FrameworkMethod.java:56)
	at org.junit.internal.runners.statements.InvokeMethod.evaluate(InvokeMethod.java:17)
	at org.junit.internal.runners.statements.RunBefores.evaluate(RunBefores.java:26)
	at org.junit.internal.runners.statements.RunAfters.evaluate(RunAfters.java:27)
	at org.junit.rules.TestWatcher$1.evaluate(TestWatcher.java:61)
	at org.junit.runners.ParentRunner$3.evaluate(ParentRunner.java:306)
	at org.junit.runners.BlockJUnit4ClassRunner$1.evaluate(BlockJUnit4ClassRunner.java:100)
	at org.junit.runners.ParentRunner.runLeaf(ParentRunner.java:366)
	at org.junit.runners.BlockJUnit4ClassRunner.runChild(BlockJUnit4ClassRunner.java:103)
	at org.junit.runners.BlockJUnit4ClassRunner.runChild(BlockJUnit4ClassRunner.java:63)
	at org.junit.runners.ParentRunner$4.run(ParentRunner.java:331)
	at org.junit.runners.ParentRunner$1.schedule(ParentRunner.java:79)
	at org.junit.runners.ParentRunner.runChildren(ParentRunner.java:329)
	at org.junit.runners.ParentRunner.access$100(ParentRunner.java:66)
	at org.junit.runners.ParentRunner$2.evaluate(ParentRunner.java:293)
	at org.junit.runners.ParentRunner$3.evaluate(ParentRunner.java:306)
	at org.junit.runners.ParentRunner.run(ParentRunner.java:413)
	at org.junit.runner.JUnitCore.run(JUnitCore.java:137)
	at org.junit.runner.JUnitCore.run(JUnitCore.java:115)
	at org.junit.vintage.engine.execution.RunnerExecutor.execute(RunnerExecutor.java:43)
	at java.util.stream.ForEachOps$ForEachOp$OfRef.accept(ForEachOps.java:183)
	at java.util.stream.ReferencePipeline$3$1.accept(ReferencePipeline.java:193)
	at java.util.Iterator.forEachRemaining(Iterator.java:116)
	at java.util.Spliterators$IteratorSpliterator.forEachRemaining(Spliterators.java:1801)
	at java.util.stream.AbstractPipeline.copyInto(AbstractPipeline.java:482)
	at java.util.stream.AbstractPipeline.wrapAndCopyInto(AbstractPipeline.java:472)
	at java.util.stream.ForEachOps$ForEachOp.evaluateSequential(ForEachOps.java:150)
	at java.util.stream.ForEachOps$ForEachOp$OfRef.evaluateSequential(ForEachOps.java:173)
	at java.util.stream.AbstractPipeline.evaluate(AbstractPipeline.java:234)
	at java.util.stream.ReferencePipeline.forEach(ReferencePipeline.java:485)
	at org.junit.vintage.engine.VintageTestEngine.executeAllChildren(VintageTestEngine.java:82)
	at org.junit.vintage.engine.VintageTestEngine.execute(VintageTestEngine.java:73)
	at org.junit.platform.launcher.core.DefaultLauncher.execute(DefaultLauncher.java:248)
	at org.junit.platform.launcher.core.DefaultLauncher.lambda$execute$5(DefaultLauncher.java:211)
	at org.junit.platform.launcher.core.DefaultLauncher.withInterceptedStreams(DefaultLauncher.java:226)
	at org.junit.platform.launcher.core.DefaultLauncher.execute(DefaultLauncher.java:199)
	at org.junit.platform.launcher.core.DefaultLauncher.execute(DefaultLauncher.java:132)
	at org.apache.maven.surefire.junitplatform.JUnitPlatformProvider.invokeAllTests(JUnitPlatformProvider.java:154)
	at org.apache.maven.surefire.junitplatform.JUnitPlatformProvider.invoke(JUnitPlatformProvider.java:123)
	at org.apache.maven.surefire.booter.ForkedBooter.runSuitesInProcess(ForkedBooter.java:377)
	at org.apache.maven.surefire.booter.ForkedBooter.execute(ForkedBooter.java:138)
	at org.apache.maven.surefire.booter.ForkedBooter.run(ForkedBooter.java:465)
	at org.apache.maven.surefire.booter.ForkedBooter.main(ForkedBooter.java:451)

2024-04-24T05:21:55,165  INFO [main] metadata.Hive: Dumping metastore api call timing information for : compilation phase
2024-04-24T05:21:55,165  INFO [main] metadata.Hive: Total time spent in each metastore function (ms): {getTable_(GetTableRequest)=42, openTxn_(String, TxnType)=2, getCheckConstraints_(CheckConstraintsRequest)=1, commitTxn_(CommitTxnRequest)=9, getValidWriteIds_(List, String)=5, flushCache_()=0, getNotNullConstraints_(NotNullConstraintsRequest)=1, getValidTxns_(long)=0, isCompatibleWith_(Configuration)=0, getTableColumnStatistics_(String, String, List, String)=8, getAllTableConstraints_(AllTableConstraintsRequest)=4}
2024-04-24T05:21:55,165  INFO [main] ql.Driver: Completed compiling command(queryId=alex_20240424052154_fce2e97f-6ef2-4ff9-87ee-98ec9f5ee533); Time taken: 0.195 seconds
2024-04-24T05:21:55,165  INFO [main] lockmgr.DbTxnManager: Stopped heartbeat for query: null
2024-04-24T05:21:55,168  INFO [main] txn.TxnHandler: Removed transactions: ([19]) from MIN_HISTORY_LEVEL
2024-04-24T05:21:55,174  INFO [main] ql.TxnCommandsBaseForTests: Running the query: drop table if exists acidTbl
2024-04-24T05:21:55,175  INFO [main] ql.Driver: Compiling command(queryId=alex_20240424052155_2dd2469f-70cb-4aab-b2d4-4f19cb07745e): drop table if exists acidTbl
2024-04-24T05:21:55,177  INFO [main] txn.TxnHandler: Added entries to MIN_HISTORY_LEVEL for current txns: ([20]) with min_open_txn: 19
2024-04-24T05:21:55,177  INFO [main] lockmgr.DbTxnManager: Opened txnid:20
2024-04-24T05:21:55,178  INFO [main] HiveMetaStore.audit: ugi=alex	ip=unknown-ip-addr	cmd=get_table : tbl=hive.default.acidTbl	
2024-04-24T05:21:55,184  INFO [main] metastore.HMSHandler: Skipping translation for processor with null
2024-04-24T05:21:55,184  INFO [main] ql.Driver: Semantic Analysis Completed (retrial = false)
2024-04-24T05:21:55,184  INFO [main] ql.Driver: Created Hive schema: Schema(fieldSchemas:null, properties:null)
2024-04-24T05:21:55,184  INFO [main] metadata.Hive: Dumping metastore api call timing information for : compilation phase
2024-04-24T05:21:55,185  INFO [main] metadata.Hive: Total time spent in each metastore function (ms): {rollbackTxn_(long)=9, getTable_(GetTableRequest)=6, openTxn_(String, TxnType)=2, isCompatibleWith_(Configuration)=0, flushCache_()=0, getValidTxns_(long)=1}
2024-04-24T05:21:55,185  INFO [main] ql.Driver: Completed compiling command(queryId=alex_20240424052155_2dd2469f-70cb-4aab-b2d4-4f19cb07745e); Time taken: 0.009 seconds
2024-04-24T05:21:55,185  INFO [main] lockmgr.DbTxnManager: Setting lock request transaction to txnid:20 for queryId=alex_20240424052155_2dd2469f-70cb-4aab-b2d4-4f19cb07745e
2024-04-24T05:21:55,185  INFO [main] lockmgr.DbLockManager: Requesting lock for queryId=alex_20240424052155_2dd2469f-70cb-4aab-b2d4-4f19cb07745e
2024-04-24T05:21:55,200  INFO [main] lockmgr.DbLockManager: Response to queryId=alex_20240424052155_2dd2469f-70cb-4aab-b2d4-4f19cb07745e LockResponse(lockid:13, state:ACQUIRED)
2024-04-24T05:21:55,200  INFO [main] ql.Driver: Operation DROPTABLE obtained 1 locks
2024-04-24T05:21:55,200  INFO [main] ql.Driver: Executing command(queryId=alex_20240424052155_2dd2469f-70cb-4aab-b2d4-4f19cb07745e): drop table if exists acidTbl
2024-04-24T05:21:55,200  INFO [main] ql.Driver: Starting task [Stage-0:DDL] in serial mode
2024-04-24T05:21:55,200  INFO [main] HiveMetaStore.audit: ugi=alex	ip=unknown-ip-addr	cmd=get_table : tbl=hive.default.acidTbl	
2024-04-24T05:21:55,206  INFO [main] metastore.HMSHandler: Skipping translation for processor with null
2024-04-24T05:21:55,206  INFO [main] HiveMetaStore.audit: ugi=alex	ip=unknown-ip-addr	cmd=get_table : tbl=hive.default.acidTbl	
2024-04-24T05:21:55,212  INFO [main] metastore.HMSHandler: Skipping translation for processor with null
2024-04-24T05:21:55,212  INFO [main] HiveMetaStore.audit: ugi=alex	ip=unknown-ip-addr	cmd=drop_table : tbl=hive.default.acidTbl	
2024-04-24T05:21:55,320  INFO [main] metadata.Hive: Dumping metastore api call timing information for : execution phase
2024-04-24T05:21:55,320  INFO [main] metadata.Hive: Total time spent in each metastore function (ms): {dropTable_(String, String, boolean, boolean, boolean)=114, isCompatibleWith_(Configuration)=0, getTable_(GetTableRequest)=6}
2024-04-24T05:21:55,320  INFO [main] ql.Driver: Completed executing command(queryId=alex_20240424052155_2dd2469f-70cb-4aab-b2d4-4f19cb07745e); Time taken: 0.12 seconds
2024-04-24T05:21:55,320  INFO [main] lockmgr.DbTxnManager: Stopped heartbeat for query: alex_20240424052155_2dd2469f-70cb-4aab-b2d4-4f19cb07745e
2024-04-24T05:21:55,324  INFO [main] txn.TxnHandler: Expected to move at least one record from txn_components to completed_txn_components when committing txn! txnid:20
2024-04-24T05:21:55,332  INFO [main] txn.TxnHandler: Removed transactions: ([20]) from MIN_HISTORY_LEVEL
2024-04-24T05:21:55,333  WARN [main] txn.CompactionTxnHandler: No compaction queue record found for Compaction type transaction commit. txnId:20
2024-04-24T05:21:55,334  INFO [main] ql.TxnCommandsBaseForTests: Running the query: drop table if exists acidTblPart
2024-04-24T05:21:55,334  INFO [main] ql.Driver: Compiling command(queryId=alex_20240424052155_88d65237-362b-4091-a415-37e01bf689fa): drop table if exists acidTblPart
2024-04-24T05:21:55,337  INFO [main] txn.TxnHandler: Added entries to MIN_HISTORY_LEVEL for current txns: ([21]) with min_open_txn: 19
2024-04-24T05:21:55,337  INFO [main] lockmgr.DbTxnManager: Opened txnid:21
2024-04-24T05:21:55,338  INFO [main] HiveMetaStore.audit: ugi=alex	ip=unknown-ip-addr	cmd=get_table : tbl=hive.default.acidTblPart	
2024-04-24T05:21:55,351  INFO [main] metastore.HMSHandler: Skipping translation for processor with null
2024-04-24T05:21:55,352  INFO [main] ql.Driver: Semantic Analysis Completed (retrial = false)
2024-04-24T05:21:55,352  INFO [main] ql.Driver: Created Hive schema: Schema(fieldSchemas:null, properties:null)
2024-04-24T05:21:55,352  INFO [main] metadata.Hive: Dumping metastore api call timing information for : compilation phase
2024-04-24T05:21:55,352  INFO [main] metadata.Hive: Total time spent in each metastore function (ms): {openTxn_(String, TxnType)=2, getTable_(GetTableRequest)=14, commitTxn_(CommitTxnRequest)=14, flushCache_()=0, isCompatibleWith_(Configuration)=1, getValidTxns_(long)=1}
2024-04-24T05:21:55,352  INFO [main] ql.Driver: Completed compiling command(queryId=alex_20240424052155_88d65237-362b-4091-a415-37e01bf689fa); Time taken: 0.018 seconds
2024-04-24T05:21:55,352  INFO [main] lockmgr.DbTxnManager: Setting lock request transaction to txnid:21 for queryId=alex_20240424052155_88d65237-362b-4091-a415-37e01bf689fa
2024-04-24T05:21:55,353  INFO [main] lockmgr.DbLockManager: Requesting lock for queryId=alex_20240424052155_88d65237-362b-4091-a415-37e01bf689fa
2024-04-24T05:21:55,373  INFO [main] lockmgr.DbLockManager: Response to queryId=alex_20240424052155_88d65237-362b-4091-a415-37e01bf689fa LockResponse(lockid:14, state:ACQUIRED)
2024-04-24T05:21:55,373  INFO [main] ql.Driver: Operation DROPTABLE obtained 1 locks
2024-04-24T05:21:55,373  INFO [main] ql.Driver: Executing command(queryId=alex_20240424052155_88d65237-362b-4091-a415-37e01bf689fa): drop table if exists acidTblPart
2024-04-24T05:21:55,373  INFO [main] ql.Driver: Starting task [Stage-0:DDL] in serial mode
2024-04-24T05:21:55,374  INFO [main] HiveMetaStore.audit: ugi=alex	ip=unknown-ip-addr	cmd=get_table : tbl=hive.default.acidTblPart	
2024-04-24T05:21:55,380  INFO [main] metastore.HMSHandler: Skipping translation for processor with null
2024-04-24T05:21:55,381  INFO [main] HiveMetaStore.audit: ugi=alex	ip=unknown-ip-addr	cmd=get_table : tbl=hive.default.acidTblPart	
2024-04-24T05:21:55,387  INFO [main] metastore.HMSHandler: Skipping translation for processor with null
2024-04-24T05:21:55,387  INFO [main] HiveMetaStore.audit: ugi=alex	ip=unknown-ip-addr	cmd=drop_table : tbl=hive.default.acidTblPart	
2024-04-24T05:21:55,428  INFO [main] metadata.Hive: Dumping metastore api call timing information for : execution phase
2024-04-24T05:21:55,428  INFO [main] metadata.Hive: Total time spent in each metastore function (ms): {dropTable_(String, String, boolean, boolean, boolean)=48, getTable_(GetTableRequest)=7, isCompatibleWith_(Configuration)=0}
2024-04-24T05:21:55,428  INFO [main] ql.Driver: Completed executing command(queryId=alex_20240424052155_88d65237-362b-4091-a415-37e01bf689fa); Time taken: 0.055 seconds
2024-04-24T05:21:55,429  INFO [main] lockmgr.DbTxnManager: Stopped heartbeat for query: alex_20240424052155_88d65237-362b-4091-a415-37e01bf689fa
2024-04-24T05:21:55,433  INFO [main] txn.TxnHandler: Expected to move at least one record from txn_components to completed_txn_components when committing txn! txnid:21
2024-04-24T05:21:55,439  INFO [main] txn.TxnHandler: Removed transactions: ([21]) from MIN_HISTORY_LEVEL
2024-04-24T05:21:55,439  WARN [main] txn.CompactionTxnHandler: No compaction queue record found for Compaction type transaction commit. txnId:21
2024-04-24T05:21:55,440  INFO [main] ql.TxnCommandsBaseForTests: Running the query: drop table if exists acidTbl2
2024-04-24T05:21:55,440  INFO [main] ql.Driver: Compiling command(queryId=alex_20240424052155_5a1676df-ba0b-4ed9-8237-432fe146c82d): drop table if exists acidTbl2
2024-04-24T05:21:55,442  INFO [main] txn.TxnHandler: Added entries to MIN_HISTORY_LEVEL for current txns: ([22]) with min_open_txn: 19
2024-04-24T05:21:55,442  INFO [main] lockmgr.DbTxnManager: Opened txnid:22
2024-04-24T05:21:55,443  INFO [main] ql.Driver: Semantic Analysis Completed (retrial = false)
2024-04-24T05:21:55,443  INFO [main] ql.Driver: Created Hive schema: Schema(fieldSchemas:null, properties:null)
2024-04-24T05:21:55,443  INFO [main] metadata.Hive: Dumping metastore api call timing information for : compilation phase
2024-04-24T05:21:55,443  INFO [main] metadata.Hive: Total time spent in each metastore function (ms): {getTable_(GetTableRequest)=0, openTxn_(String, TxnType)=2, isCompatibleWith_(Configuration)=1, flushCache_()=0, getValidTxns_(long)=0, commitTxn_(CommitTxnRequest)=10}
2024-04-24T05:21:55,444  INFO [main] ql.Driver: Completed compiling command(queryId=alex_20240424052155_5a1676df-ba0b-4ed9-8237-432fe146c82d); Time taken: 0.003 seconds
2024-04-24T05:21:55,444  INFO [main] lockmgr.DbTxnManager: Setting lock request transaction to txnid:22 for queryId=alex_20240424052155_5a1676df-ba0b-4ed9-8237-432fe146c82d
2024-04-24T05:21:55,444  INFO [main] ql.Driver: Operation DROPTABLE obtained 0 locks
2024-04-24T05:21:55,444  INFO [main] ql.Driver: Executing command(queryId=alex_20240424052155_5a1676df-ba0b-4ed9-8237-432fe146c82d): drop table if exists acidTbl2
2024-04-24T05:21:55,444  INFO [main] ql.Driver: Starting task [Stage-0:DDL] in serial mode
2024-04-24T05:21:55,444  INFO [main] metadata.SessionHiveMetaStoreClient: Column stats doesn't exist for db=default temp table=acidTbl2
2024-04-24T05:21:55,445  INFO [main] metadata.Hive: Dumping metastore api call timing information for : execution phase
2024-04-24T05:21:55,445  INFO [main] metadata.Hive: Total time spent in each metastore function (ms): {isCompatibleWith_(Configuration)=0, getTable_(GetTableRequest)=0, dropTable_(String, String, boolean, boolean, boolean)=1}
2024-04-24T05:21:55,445  INFO [main] ql.Driver: Completed executing command(queryId=alex_20240424052155_5a1676df-ba0b-4ed9-8237-432fe146c82d); Time taken: 0.001 seconds
2024-04-24T05:21:55,445  INFO [main] lockmgr.DbTxnManager: Stopped heartbeat for query: alex_20240424052155_5a1676df-ba0b-4ed9-8237-432fe146c82d
2024-04-24T05:21:55,451  INFO [main] txn.TxnHandler: Expected to move at least one record from txn_components to completed_txn_components when committing txn! txnid:22
2024-04-24T05:21:55,457  INFO [main] txn.TxnHandler: Removed transactions: ([22]) from MIN_HISTORY_LEVEL
2024-04-24T05:21:55,457  WARN [main] txn.CompactionTxnHandler: No compaction queue record found for Compaction type transaction commit. txnId:22
2024-04-24T05:21:55,458  INFO [main] ql.TxnCommandsBaseForTests: Running the query: drop table if exists nonAcidOrcTbl
2024-04-24T05:21:55,458  INFO [main] ql.Driver: Compiling command(queryId=alex_20240424052155_3fff22fb-869a-41be-80f2-8d4e0ed497ad): drop table if exists nonAcidOrcTbl
2024-04-24T05:21:55,461  INFO [main] txn.TxnHandler: Added entries to MIN_HISTORY_LEVEL for current txns: ([23]) with min_open_txn: 19
2024-04-24T05:21:55,461  INFO [main] lockmgr.DbTxnManager: Opened txnid:23
2024-04-24T05:21:55,462  INFO [main] HiveMetaStore.audit: ugi=alex	ip=unknown-ip-addr	cmd=get_table : tbl=hive.default.nonAcidOrcTbl	
2024-04-24T05:21:55,485  INFO [main] metastore.HMSHandler: Skipping translation for processor with null
2024-04-24T05:21:55,485  INFO [main] ql.Driver: Semantic Analysis Completed (retrial = false)
2024-04-24T05:21:55,485  INFO [main] ql.Driver: Created Hive schema: Schema(fieldSchemas:null, properties:null)
2024-04-24T05:21:55,485  INFO [main] metadata.Hive: Dumping metastore api call timing information for : compilation phase
2024-04-24T05:21:55,485  INFO [main] metadata.Hive: Total time spent in each metastore function (ms): {openTxn_(String, TxnType)=3, flushCache_()=0, commitTxn_(CommitTxnRequest)=12, getTable_(GetTableRequest)=23, isCompatibleWith_(Configuration)=0, getValidTxns_(long)=1}
2024-04-24T05:21:55,485  INFO [main] ql.Driver: Completed compiling command(queryId=alex_20240424052155_3fff22fb-869a-41be-80f2-8d4e0ed497ad); Time taken: 0.027 seconds
2024-04-24T05:21:55,485  INFO [main] lockmgr.DbTxnManager: Setting lock request transaction to txnid:23 for queryId=alex_20240424052155_3fff22fb-869a-41be-80f2-8d4e0ed497ad
2024-04-24T05:21:55,486  INFO [main] lockmgr.DbLockManager: Requesting lock for queryId=alex_20240424052155_3fff22fb-869a-41be-80f2-8d4e0ed497ad
2024-04-24T05:21:55,502  INFO [main] lockmgr.DbLockManager: Response to queryId=alex_20240424052155_3fff22fb-869a-41be-80f2-8d4e0ed497ad LockResponse(lockid:15, state:ACQUIRED)
2024-04-24T05:21:55,502  INFO [main] ql.Driver: Operation DROPTABLE obtained 1 locks
2024-04-24T05:21:55,502  INFO [main] ql.Driver: Executing command(queryId=alex_20240424052155_3fff22fb-869a-41be-80f2-8d4e0ed497ad): drop table if exists nonAcidOrcTbl
2024-04-24T05:21:55,502  INFO [main] ql.Driver: Starting task [Stage-0:DDL] in serial mode
2024-04-24T05:21:55,502  INFO [main] HiveMetaStore.audit: ugi=alex	ip=unknown-ip-addr	cmd=get_table : tbl=hive.default.nonAcidOrcTbl	
2024-04-24T05:21:55,511  INFO [main] metastore.HMSHandler: Skipping translation for processor with null
2024-04-24T05:21:55,511  INFO [main] HiveMetaStore.audit: ugi=alex	ip=unknown-ip-addr	cmd=get_table : tbl=hive.default.nonAcidOrcTbl	
2024-04-24T05:21:55,519  INFO [main] metastore.HMSHandler: Skipping translation for processor with null
2024-04-24T05:21:55,520  INFO [main] HiveMetaStore.audit: ugi=alex	ip=unknown-ip-addr	cmd=drop_table : tbl=hive.default.nonAcidOrcTbl	
2024-04-24T05:21:55,603  INFO [main] metadata.Hive: Dumping metastore api call timing information for : execution phase
2024-04-24T05:21:55,603  INFO [main] metadata.Hive: Total time spent in each metastore function (ms): {getTable_(GetTableRequest)=9, dropTable_(String, String, boolean, boolean, boolean)=92, isCompatibleWith_(Configuration)=0}
2024-04-24T05:21:55,603  INFO [main] ql.Driver: Completed executing command(queryId=alex_20240424052155_3fff22fb-869a-41be-80f2-8d4e0ed497ad); Time taken: 0.101 seconds
2024-04-24T05:21:55,603  INFO [main] lockmgr.DbTxnManager: Stopped heartbeat for query: alex_20240424052155_3fff22fb-869a-41be-80f2-8d4e0ed497ad
2024-04-24T05:21:55,607  INFO [main] txn.TxnHandler: Expected to move at least one record from txn_components to completed_txn_components when committing txn! txnid:23
2024-04-24T05:21:55,613  INFO [main] txn.TxnHandler: Removed transactions: ([23]) from MIN_HISTORY_LEVEL
2024-04-24T05:21:55,613  WARN [main] txn.CompactionTxnHandler: No compaction queue record found for Compaction type transaction commit. txnId:23
2024-04-24T05:21:55,613  INFO [main] ql.TxnCommandsBaseForTests: Running the query: drop table if exists nonAcidOrcTbl2
2024-04-24T05:21:55,614  INFO [main] ql.Driver: Compiling command(queryId=alex_20240424052155_83a2d1e4-4c84-419d-a9de-0cb6fa3bdca8): drop table if exists nonAcidOrcTbl2
2024-04-24T05:21:55,616  INFO [main] txn.TxnHandler: Added entries to MIN_HISTORY_LEVEL for current txns: ([24]) with min_open_txn: 19
2024-04-24T05:21:55,617  INFO [main] lockmgr.DbTxnManager: Opened txnid:24
2024-04-24T05:21:55,619  INFO [main] HiveMetaStore.audit: ugi=alex	ip=unknown-ip-addr	cmd=get_table : tbl=hive.default.nonAcidOrcTbl2	
2024-04-24T05:21:55,627  INFO [main] metastore.HMSHandler: Skipping translation for processor with null
2024-04-24T05:21:55,628  INFO [main] ql.Driver: Semantic Analysis Completed (retrial = false)
2024-04-24T05:21:55,628  INFO [main] ql.Driver: Created Hive schema: Schema(fieldSchemas:null, properties:null)
2024-04-24T05:21:55,628  INFO [main] metadata.Hive: Dumping metastore api call timing information for : compilation phase
2024-04-24T05:21:55,628  INFO [main] metadata.Hive: Total time spent in each metastore function (ms): {flushCache_()=0, isCompatibleWith_(Configuration)=0, commitTxn_(CommitTxnRequest)=10, getValidTxns_(long)=2, getTable_(GetTableRequest)=9, openTxn_(String, TxnType)=3}
2024-04-24T05:21:55,628  INFO [main] ql.Driver: Completed compiling command(queryId=alex_20240424052155_83a2d1e4-4c84-419d-a9de-0cb6fa3bdca8); Time taken: 0.014 seconds
2024-04-24T05:21:55,628  INFO [main] lockmgr.DbTxnManager: Setting lock request transaction to txnid:24 for queryId=alex_20240424052155_83a2d1e4-4c84-419d-a9de-0cb6fa3bdca8
2024-04-24T05:21:55,629  INFO [main] lockmgr.DbLockManager: Requesting lock for queryId=alex_20240424052155_83a2d1e4-4c84-419d-a9de-0cb6fa3bdca8
2024-04-24T05:21:55,643  INFO [main] lockmgr.DbLockManager: Response to queryId=alex_20240424052155_83a2d1e4-4c84-419d-a9de-0cb6fa3bdca8 LockResponse(lockid:16, state:ACQUIRED)
2024-04-24T05:21:55,643  INFO [main] ql.Driver: Operation DROPTABLE obtained 1 locks
2024-04-24T05:21:55,643  INFO [main] ql.Driver: Executing command(queryId=alex_20240424052155_83a2d1e4-4c84-419d-a9de-0cb6fa3bdca8): drop table if exists nonAcidOrcTbl2
2024-04-24T05:21:55,644  INFO [main] ql.Driver: Starting task [Stage-0:DDL] in serial mode
2024-04-24T05:21:55,644  INFO [main] HiveMetaStore.audit: ugi=alex	ip=unknown-ip-addr	cmd=get_table : tbl=hive.default.nonAcidOrcTbl2	
2024-04-24T05:21:55,652  INFO [main] metastore.HMSHandler: Skipping translation for processor with null
2024-04-24T05:21:55,653  INFO [main] HiveMetaStore.audit: ugi=alex	ip=unknown-ip-addr	cmd=get_table : tbl=hive.default.nonAcidOrcTbl2	
2024-04-24T05:21:55,662  INFO [main] metastore.HMSHandler: Skipping translation for processor with null
2024-04-24T05:21:55,662  INFO [main] HiveMetaStore.audit: ugi=alex	ip=unknown-ip-addr	cmd=drop_table : tbl=hive.default.nonAcidOrcTbl2	
2024-04-24T05:21:55,693  INFO [main] metadata.Hive: Dumping metastore api call timing information for : execution phase
2024-04-24T05:21:55,693  INFO [main] metadata.Hive: Total time spent in each metastore function (ms): {dropTable_(String, String, boolean, boolean, boolean)=40, getTable_(GetTableRequest)=9, isCompatibleWith_(Configuration)=0}
2024-04-24T05:21:55,693  INFO [main] ql.Driver: Completed executing command(queryId=alex_20240424052155_83a2d1e4-4c84-419d-a9de-0cb6fa3bdca8); Time taken: 0.05 seconds
2024-04-24T05:21:55,693  INFO [main] lockmgr.DbTxnManager: Stopped heartbeat for query: alex_20240424052155_83a2d1e4-4c84-419d-a9de-0cb6fa3bdca8
2024-04-24T05:21:55,697  INFO [main] txn.TxnHandler: Expected to move at least one record from txn_components to completed_txn_components when committing txn! txnid:24
2024-04-24T05:21:55,702  INFO [main] txn.TxnHandler: Removed transactions: ([24]) from MIN_HISTORY_LEVEL
2024-04-24T05:21:55,702  WARN [main] txn.CompactionTxnHandler: No compaction queue record found for Compaction type transaction commit. txnId:24
2024-04-24T05:21:55,703  INFO [main] ql.TxnCommandsBaseForTests: Running the query: drop table if exists nonAcidNonBucket
2024-04-24T05:21:55,703  INFO [main] ql.Driver: Compiling command(queryId=alex_20240424052155_bcde6b73-757e-403b-94fc-6059b4f196a3): drop table if exists nonAcidNonBucket
2024-04-24T05:21:55,705  INFO [main] txn.TxnHandler: Added entries to MIN_HISTORY_LEVEL for current txns: ([25]) with min_open_txn: 19
2024-04-24T05:21:55,706  INFO [main] lockmgr.DbTxnManager: Opened txnid:25
2024-04-24T05:21:55,706  INFO [main] HiveMetaStore.audit: ugi=alex	ip=unknown-ip-addr	cmd=get_table : tbl=hive.default.nonAcidNonBucket	
2024-04-24T05:21:55,712  INFO [main] metastore.HMSHandler: Skipping translation for processor with null
2024-04-24T05:21:55,712  INFO [main] ql.Driver: Semantic Analysis Completed (retrial = false)
2024-04-24T05:21:55,712  INFO [main] ql.Driver: Created Hive schema: Schema(fieldSchemas:null, properties:null)
2024-04-24T05:21:55,712  INFO [main] metadata.Hive: Dumping metastore api call timing information for : compilation phase
2024-04-24T05:21:55,713  INFO [main] metadata.Hive: Total time spent in each metastore function (ms): {flushCache_()=0, getTable_(GetTableRequest)=6, commitTxn_(CommitTxnRequest)=8, getValidTxns_(long)=0, isCompatibleWith_(Configuration)=1, openTxn_(String, TxnType)=2}
2024-04-24T05:21:55,713  INFO [main] ql.Driver: Completed compiling command(queryId=alex_20240424052155_bcde6b73-757e-403b-94fc-6059b4f196a3); Time taken: 0.009 seconds
2024-04-24T05:21:55,713  INFO [main] lockmgr.DbTxnManager: Setting lock request transaction to txnid:25 for queryId=alex_20240424052155_bcde6b73-757e-403b-94fc-6059b4f196a3
2024-04-24T05:21:55,714  INFO [main] lockmgr.DbLockManager: Requesting lock for queryId=alex_20240424052155_bcde6b73-757e-403b-94fc-6059b4f196a3
2024-04-24T05:21:55,728  INFO [main] lockmgr.DbLockManager: Response to queryId=alex_20240424052155_bcde6b73-757e-403b-94fc-6059b4f196a3 LockResponse(lockid:17, state:ACQUIRED)
2024-04-24T05:21:55,728  INFO [main] ql.Driver: Operation DROPTABLE obtained 1 locks
2024-04-24T05:21:55,728  INFO [main] ql.Driver: Executing command(queryId=alex_20240424052155_bcde6b73-757e-403b-94fc-6059b4f196a3): drop table if exists nonAcidNonBucket
2024-04-24T05:21:55,728  INFO [main] ql.Driver: Starting task [Stage-0:DDL] in serial mode
2024-04-24T05:21:55,729  INFO [main] HiveMetaStore.audit: ugi=alex	ip=unknown-ip-addr	cmd=get_table : tbl=hive.default.nonAcidNonBucket	
2024-04-24T05:21:55,735  INFO [main] metastore.HMSHandler: Skipping translation for processor with null
2024-04-24T05:21:55,735  INFO [main] HiveMetaStore.audit: ugi=alex	ip=unknown-ip-addr	cmd=get_table : tbl=hive.default.nonAcidNonBucket	
2024-04-24T05:21:55,740  INFO [main] metastore.HMSHandler: Skipping translation for processor with null
2024-04-24T05:21:55,741  INFO [main] HiveMetaStore.audit: ugi=alex	ip=unknown-ip-addr	cmd=drop_table : tbl=hive.default.nonAcidNonBucket	
2024-04-24T05:21:55,780  INFO [main] metadata.Hive: Dumping metastore api call timing information for : execution phase
2024-04-24T05:21:55,780  INFO [main] metadata.Hive: Total time spent in each metastore function (ms): {isCompatibleWith_(Configuration)=1, dropTable_(String, String, boolean, boolean, boolean)=45, getTable_(GetTableRequest)=6}
2024-04-24T05:21:55,781  INFO [main] ql.Driver: Completed executing command(queryId=alex_20240424052155_bcde6b73-757e-403b-94fc-6059b4f196a3); Time taken: 0.052 seconds
2024-04-24T05:21:55,781  INFO [main] lockmgr.DbTxnManager: Stopped heartbeat for query: alex_20240424052155_bcde6b73-757e-403b-94fc-6059b4f196a3
2024-04-24T05:21:55,784  INFO [main] txn.TxnHandler: Expected to move at least one record from txn_components to completed_txn_components when committing txn! txnid:25
2024-04-24T05:21:55,790  INFO [main] txn.TxnHandler: Removed transactions: ([25]) from MIN_HISTORY_LEVEL
2024-04-24T05:21:55,790  WARN [main] txn.CompactionTxnHandler: No compaction queue record found for Compaction type transaction commit. txnId:25
2024-04-24T05:21:55,790  INFO [main] utils.TestTxnDbUtil: Cleaning transactional tables
]]></system-err>
  </testcase>
  <testcase name="testCompactStatsGather" classname="org.apache.hadoop.hive.ql.TestTxnNoBuckets" time="16.332"/>
  <testcase name="testCTAS" classname="org.apache.hadoop.hive.ql.TestTxnNoBuckets" time="16.438"/>
  <testcase name="testToAcidConversionMultiBucket" classname="org.apache.hadoop.hive.ql.TestTxnNoBuckets" time="14.981">
    <error type="java.lang.RuntimeException"><![CDATA[java.lang.RuntimeException: EXPLAIN VECTORIZATION DETAIL update T set b = 88 where b = 80 failed: (responseCode = 40000, errorMessage = FAILED: NoMatchingMethodException No matching method for class org.apache.hadoop.hive.ql.udf.UDFToInteger with (struct<writeid:bigint,bucketid:int,rowid:bigint>). Possible choices: _FUNC_(bigint)  _FUNC_(boolean)  _FUNC_(decimal(38,18))  _FUNC_(double)  _FUNC_(float)  _FUNC_(smallint)  _FUNC_(string)  _FUNC_(struct<bucketid:int,rowid:bigint,writeid:bigint>)  _FUNC_(timestamp)  _FUNC_(tinyint)  _FUNC_(void)  , hiveErrorCode = 40000, SQLState = 42000, exception = No matching method for class org.apache.hadoop.hive.ql.udf.UDFToInteger with (struct<writeid:bigint,bucketid:int,rowid:bigint>). Possible choices: _FUNC_(bigint)  _FUNC_(boolean)  _FUNC_(decimal(38,18))  _FUNC_(double)  _FUNC_(float)  _FUNC_(smallint)  _FUNC_(string)  _FUNC_(struct<bucketid:int,rowid:bigint,writeid:bigint>)  _FUNC_(timestamp)  _FUNC_(tinyint)  _FUNC_(void)  )
	at org.apache.hadoop.hive.ql.TxnCommandsBaseForTests.runStatementOnDriver(TxnCommandsBaseForTests.java:247)
	at org.apache.hadoop.hive.ql.TxnCommandsBaseForTests.assertVectorized(TxnCommandsBaseForTests.java:268)
	at org.apache.hadoop.hive.ql.TestTxnNoBuckets.testToAcidConversionMultiBucket(TestTxnNoBuckets.java:454)
	at sun.reflect.NativeMethodAccessorImpl.invoke0(Native Method)
	at sun.reflect.NativeMethodAccessorImpl.invoke(NativeMethodAccessorImpl.java:62)
	at sun.reflect.DelegatingMethodAccessorImpl.invoke(DelegatingMethodAccessorImpl.java:43)
	at java.lang.reflect.Method.invoke(Method.java:498)
	at org.junit.runners.model.FrameworkMethod$1.runReflectiveCall(FrameworkMethod.java:59)
	at org.junit.internal.runners.model.ReflectiveCallable.run(ReflectiveCallable.java:12)
	at org.junit.runners.model.FrameworkMethod.invokeExplosively(FrameworkMethod.java:56)
	at org.junit.internal.runners.statements.InvokeMethod.evaluate(InvokeMethod.java:17)
	at org.junit.internal.runners.statements.RunBefores.evaluate(RunBefores.java:26)
	at org.junit.internal.runners.statements.RunAfters.evaluate(RunAfters.java:27)
	at org.junit.rules.TestWatcher$1.evaluate(TestWatcher.java:61)
	at org.junit.runners.ParentRunner$3.evaluate(ParentRunner.java:306)
	at org.junit.runners.BlockJUnit4ClassRunner$1.evaluate(BlockJUnit4ClassRunner.java:100)
	at org.junit.runners.ParentRunner.runLeaf(ParentRunner.java:366)
	at org.junit.runners.BlockJUnit4ClassRunner.runChild(BlockJUnit4ClassRunner.java:103)
	at org.junit.runners.BlockJUnit4ClassRunner.runChild(BlockJUnit4ClassRunner.java:63)
	at org.junit.runners.ParentRunner$4.run(ParentRunner.java:331)
	at org.junit.runners.ParentRunner$1.schedule(ParentRunner.java:79)
	at org.junit.runners.ParentRunner.runChildren(ParentRunner.java:329)
	at org.junit.runners.ParentRunner.access$100(ParentRunner.java:66)
	at org.junit.runners.ParentRunner$2.evaluate(ParentRunner.java:293)
	at org.junit.runners.ParentRunner$3.evaluate(ParentRunner.java:306)
	at org.junit.runners.ParentRunner.run(ParentRunner.java:413)
	at org.junit.runner.JUnitCore.run(JUnitCore.java:137)
	at org.junit.runner.JUnitCore.run(JUnitCore.java:115)
	at org.junit.vintage.engine.execution.RunnerExecutor.execute(RunnerExecutor.java:43)
	at java.util.stream.ForEachOps$ForEachOp$OfRef.accept(ForEachOps.java:183)
	at java.util.stream.ReferencePipeline$3$1.accept(ReferencePipeline.java:193)
	at java.util.Iterator.forEachRemaining(Iterator.java:116)
	at java.util.Spliterators$IteratorSpliterator.forEachRemaining(Spliterators.java:1801)
	at java.util.stream.AbstractPipeline.copyInto(AbstractPipeline.java:482)
	at java.util.stream.AbstractPipeline.wrapAndCopyInto(AbstractPipeline.java:472)
	at java.util.stream.ForEachOps$ForEachOp.evaluateSequential(ForEachOps.java:150)
	at java.util.stream.ForEachOps$ForEachOp$OfRef.evaluateSequential(ForEachOps.java:173)
	at java.util.stream.AbstractPipeline.evaluate(AbstractPipeline.java:234)
	at java.util.stream.ReferencePipeline.forEach(ReferencePipeline.java:485)
	at org.junit.vintage.engine.VintageTestEngine.executeAllChildren(VintageTestEngine.java:82)
	at org.junit.vintage.engine.VintageTestEngine.execute(VintageTestEngine.java:73)
	at org.junit.platform.launcher.core.DefaultLauncher.execute(DefaultLauncher.java:248)
	at org.junit.platform.launcher.core.DefaultLauncher.lambda$execute$5(DefaultLauncher.java:211)
	at org.junit.platform.launcher.core.DefaultLauncher.withInterceptedStreams(DefaultLauncher.java:226)
	at org.junit.platform.launcher.core.DefaultLauncher.execute(DefaultLauncher.java:199)
	at org.junit.platform.launcher.core.DefaultLauncher.execute(DefaultLauncher.java:132)
	at org.apache.maven.surefire.junitplatform.JUnitPlatformProvider.invokeAllTests(JUnitPlatformProvider.java:154)
	at org.apache.maven.surefire.junitplatform.JUnitPlatformProvider.invoke(JUnitPlatformProvider.java:123)
	at org.apache.maven.surefire.booter.ForkedBooter.runSuitesInProcess(ForkedBooter.java:377)
	at org.apache.maven.surefire.booter.ForkedBooter.execute(ForkedBooter.java:138)
	at org.apache.maven.surefire.booter.ForkedBooter.run(ForkedBooter.java:465)
	at org.apache.maven.surefire.booter.ForkedBooter.main(ForkedBooter.java:451)
]]></error>
    <system-err><![CDATA[2024-04-24T05:22:28,625  WARN [main] conf.HiveConf: HiveConf of name hive.stats.key.prefix.reserve.length does not exist
2024-04-24T05:22:28,625  WARN [main] conf.HiveConf: HiveConf of name hive.llap.io.cache.orc.alloc.min does not exist
2024-04-24T05:22:28,625  WARN [main] conf.HiveConf: HiveConf of name hive.metastore.metadb.dir does not exist
2024-04-24T05:22:28,625  WARN [main] conf.HiveConf: HiveConf of name hive.metastore.client.cache.maxSize does not exist
2024-04-24T05:22:28,625  WARN [main] conf.HiveConf: HiveConf of name hive.dummyparam.test.server.specific.config.hivesite does not exist
2024-04-24T05:22:28,625  WARN [main] conf.HiveConf: HiveConf of name hive.dummyparam.test.server.specific.config.override does not exist
2024-04-24T05:22:28,625  WARN [main] conf.HiveConf: HiveConf of name hive.llap.io.cache.orc.size does not exist
2024-04-24T05:22:28,625  WARN [main] conf.HiveConf: HiveConf of name hive.llap.io.cache.orc.alloc.max does not exist
2024-04-24T05:22:28,625  WARN [main] conf.HiveConf: HiveConf of name hive.dummyparam.test.server.specific.config.metastoresite does not exist
2024-04-24T05:22:28,626  WARN [main] conf.HiveConf: HiveConf of name hive.metastore.client.cache.recordStats does not exist
2024-04-24T05:22:28,626  WARN [main] conf.HiveConf: HiveConf of name hive.llap.io.cache.orc.arena.size does not exist
2024-04-24T05:22:28,628  INFO [main] utils.TestTxnDbUtil: Creating transactional tables
Hive Session ID = 60b21767-3741-46b4-add5-ecda5376357f
2024-04-24T05:22:28,631  INFO [main] SessionState: Hive Session ID = 60b21767-3741-46b4-add5-ecda5376357f
ivysettings.xml file not found in HIVE_HOME or HIVE_CONF_DIR,/home/alex/Repositories/hive/conf/ivysettings.xml will be used
2024-04-24T05:22:28,631  INFO [main] DependencyResolver: ivysettings.xml file not found in HIVE_HOME or HIVE_CONF_DIR,/home/alex/Repositories/hive/conf/ivysettings.xml will be used
2024-04-24T05:22:28,636  INFO [main] session.SessionState: Created HDFS directory: /home/alex/Repositories/hive/ql/target/tmp/scratchdir/alex/60b21767-3741-46b4-add5-ecda5376357f
2024-04-24T05:22:28,639  INFO [main] session.SessionState: Created local directory: /home/alex/Repositories/hive/ql/target/tmp/localscratchdir/60b21767-3741-46b4-add5-ecda5376357f
2024-04-24T05:22:28,641  INFO [main] session.SessionState: Created HDFS directory: /home/alex/Repositories/hive/ql/target/tmp/scratchdir/alex/60b21767-3741-46b4-add5-ecda5376357f/_tmp_space.db
2024-04-24T05:22:28,642  INFO [main] sqlstd.SQLStdHiveAccessController: Created SQLStdHiveAccessController for session context : HiveAuthzSessionContext [sessionString=60b21767-3741-46b4-add5-ecda5376357f, clientType=HIVECLI]
2024-04-24T05:22:28,642  INFO [main] ql.TxnCommandsBaseForTests: Running the query: drop table if exists acidTbl
2024-04-24T05:22:28,642  INFO [main] ql.Driver: Compiling command(queryId=alex_20240424052228_dad79778-d4f5-426b-9777-29bb3838e419): drop table if exists acidTbl
2024-04-24T05:22:28,651  INFO [main] txn.TxnHandler: Added entries to MIN_HISTORY_LEVEL for current txns: ([1]) with min_open_txn: 1
2024-04-24T05:22:28,651  INFO [main] lockmgr.DbTxnManager: Opened txnid:1
2024-04-24T05:22:28,654  INFO [main] HiveMetaStore.audit: ugi=alex	ip=unknown-ip-addr	cmd=get_table : tbl=hive.default.acidTbl	
2024-04-24T05:22:28,659  INFO [main] ql.Driver: Semantic Analysis Completed (retrial = false)
2024-04-24T05:22:28,659  INFO [main] ql.Driver: Created Hive schema: Schema(fieldSchemas:null, properties:null)
2024-04-24T05:22:28,660  INFO [main] metadata.Hive: Dumping metastore api call timing information for : compilation phase
2024-04-24T05:22:28,660  INFO [main] metadata.Hive: Total time spent in each metastore function (ms): {openTxn_(String, TxnType)=8, commitTxn_(CommitTxnRequest)=17, flushCache_()=0, isCompatibleWith_(Configuration)=0, getValidTxns_(long)=3}
2024-04-24T05:22:28,660  INFO [main] ql.Driver: Completed compiling command(queryId=alex_20240424052228_dad79778-d4f5-426b-9777-29bb3838e419); Time taken: 0.017 seconds
2024-04-24T05:22:28,660  INFO [main] lockmgr.DbTxnManager: Setting lock request transaction to txnid:1 for queryId=alex_20240424052228_dad79778-d4f5-426b-9777-29bb3838e419
2024-04-24T05:22:28,660  INFO [main] ql.Driver: Operation DROPTABLE obtained 0 locks
2024-04-24T05:22:28,660  INFO [main] ql.Driver: Executing command(queryId=alex_20240424052228_dad79778-d4f5-426b-9777-29bb3838e419): drop table if exists acidTbl
2024-04-24T05:22:28,660  INFO [main] ql.Driver: Starting task [Stage-0:DDL] in serial mode
2024-04-24T05:22:28,660  INFO [main] HiveMetaStore.audit: ugi=alex	ip=unknown-ip-addr	cmd=get_table : tbl=hive.default.acidTbl	
2024-04-24T05:22:28,663  INFO [main] metadata.Hive: Dumping metastore api call timing information for : execution phase
2024-04-24T05:22:28,664  INFO [main] metadata.Hive: Total time spent in each metastore function (ms): {isCompatibleWith_(Configuration)=0}
2024-04-24T05:22:28,664  INFO [main] ql.Driver: Completed executing command(queryId=alex_20240424052228_dad79778-d4f5-426b-9777-29bb3838e419); Time taken: 0.003 seconds
2024-04-24T05:22:28,664  INFO [main] lockmgr.DbTxnManager: Stopped heartbeat for query: alex_20240424052228_dad79778-d4f5-426b-9777-29bb3838e419
2024-04-24T05:22:28,670  INFO [main] txn.TxnHandler: Expected to move at least one record from txn_components to completed_txn_components when committing txn! txnid:1
2024-04-24T05:22:28,678  INFO [main] txn.TxnHandler: Removed transactions: ([1]) from MIN_HISTORY_LEVEL
2024-04-24T05:22:28,678  WARN [main] txn.CompactionTxnHandler: No compaction queue record found for Compaction type transaction commit. txnId:1
2024-04-24T05:22:28,679  INFO [main] ql.TxnCommandsBaseForTests: Running the query: drop table if exists acidTblPart
2024-04-24T05:22:28,679  INFO [main] ql.Driver: Compiling command(queryId=alex_20240424052228_1c1e0d50-b4fc-4387-9df4-489e44f56176): drop table if exists acidTblPart
2024-04-24T05:22:28,681  INFO [main] txn.TxnHandler: Added entries to MIN_HISTORY_LEVEL for current txns: ([2]) with min_open_txn: 1
2024-04-24T05:22:28,681  INFO [main] lockmgr.DbTxnManager: Opened txnid:2
2024-04-24T05:22:28,682  INFO [main] HiveMetaStore.audit: ugi=alex	ip=unknown-ip-addr	cmd=get_table : tbl=hive.default.acidTblPart	
2024-04-24T05:22:28,685  INFO [main] ql.Driver: Semantic Analysis Completed (retrial = false)
2024-04-24T05:22:28,685  INFO [main] ql.Driver: Created Hive schema: Schema(fieldSchemas:null, properties:null)
2024-04-24T05:22:28,685  INFO [main] metadata.Hive: Dumping metastore api call timing information for : compilation phase
2024-04-24T05:22:28,685  INFO [main] metadata.Hive: Total time spent in each metastore function (ms): {getValidTxns_(long)=0, isCompatibleWith_(Configuration)=0, openTxn_(String, TxnType)=2, flushCache_()=0, commitTxn_(CommitTxnRequest)=14}
2024-04-24T05:22:28,685  INFO [main] ql.Driver: Completed compiling command(queryId=alex_20240424052228_1c1e0d50-b4fc-4387-9df4-489e44f56176); Time taken: 0.006 seconds
2024-04-24T05:22:28,686  INFO [main] lockmgr.DbTxnManager: Setting lock request transaction to txnid:2 for queryId=alex_20240424052228_1c1e0d50-b4fc-4387-9df4-489e44f56176
2024-04-24T05:22:28,686  INFO [main] ql.Driver: Operation DROPTABLE obtained 0 locks
2024-04-24T05:22:28,686  INFO [main] ql.Driver: Executing command(queryId=alex_20240424052228_1c1e0d50-b4fc-4387-9df4-489e44f56176): drop table if exists acidTblPart
2024-04-24T05:22:28,686  INFO [main] ql.Driver: Starting task [Stage-0:DDL] in serial mode
2024-04-24T05:22:28,686  INFO [main] HiveMetaStore.audit: ugi=alex	ip=unknown-ip-addr	cmd=get_table : tbl=hive.default.acidTblPart	
2024-04-24T05:22:28,689  INFO [main] metadata.Hive: Dumping metastore api call timing information for : execution phase
2024-04-24T05:22:28,689  INFO [main] metadata.Hive: Total time spent in each metastore function (ms): {isCompatibleWith_(Configuration)=0}
2024-04-24T05:22:28,689  INFO [main] ql.Driver: Completed executing command(queryId=alex_20240424052228_1c1e0d50-b4fc-4387-9df4-489e44f56176); Time taken: 0.003 seconds
2024-04-24T05:22:28,689  INFO [main] lockmgr.DbTxnManager: Stopped heartbeat for query: alex_20240424052228_1c1e0d50-b4fc-4387-9df4-489e44f56176
2024-04-24T05:22:28,695  INFO [main] txn.TxnHandler: Expected to move at least one record from txn_components to completed_txn_components when committing txn! txnid:2
2024-04-24T05:22:28,703  INFO [main] txn.TxnHandler: Removed transactions: ([2]) from MIN_HISTORY_LEVEL
2024-04-24T05:22:28,703  WARN [main] txn.CompactionTxnHandler: No compaction queue record found for Compaction type transaction commit. txnId:2
2024-04-24T05:22:28,704  INFO [main] ql.TxnCommandsBaseForTests: Running the query: drop table if exists acidTbl2
2024-04-24T05:22:28,704  INFO [main] ql.Driver: Compiling command(queryId=alex_20240424052228_2394d2af-5b51-49e5-a979-48a76f00c387): drop table if exists acidTbl2
2024-04-24T05:22:28,706  INFO [main] txn.TxnHandler: Added entries to MIN_HISTORY_LEVEL for current txns: ([3]) with min_open_txn: 1
2024-04-24T05:22:28,707  INFO [main] lockmgr.DbTxnManager: Opened txnid:3
2024-04-24T05:22:28,707  INFO [main] HiveMetaStore.audit: ugi=alex	ip=unknown-ip-addr	cmd=get_table : tbl=hive.default.acidTbl2	
2024-04-24T05:22:28,710  INFO [main] ql.Driver: Semantic Analysis Completed (retrial = false)
2024-04-24T05:22:28,710  INFO [main] ql.Driver: Created Hive schema: Schema(fieldSchemas:null, properties:null)
2024-04-24T05:22:28,710  INFO [main] metadata.Hive: Dumping metastore api call timing information for : compilation phase
2024-04-24T05:22:28,710  INFO [main] metadata.Hive: Total time spent in each metastore function (ms): {openTxn_(String, TxnType)=3, getValidTxns_(long)=0, flushCache_()=0, isCompatibleWith_(Configuration)=0, commitTxn_(CommitTxnRequest)=14}
2024-04-24T05:22:28,710  INFO [main] ql.Driver: Completed compiling command(queryId=alex_20240424052228_2394d2af-5b51-49e5-a979-48a76f00c387); Time taken: 0.006 seconds
2024-04-24T05:22:28,710  INFO [main] lockmgr.DbTxnManager: Setting lock request transaction to txnid:3 for queryId=alex_20240424052228_2394d2af-5b51-49e5-a979-48a76f00c387
2024-04-24T05:22:28,710  INFO [main] ql.Driver: Operation DROPTABLE obtained 0 locks
2024-04-24T05:22:28,710  INFO [main] ql.Driver: Executing command(queryId=alex_20240424052228_2394d2af-5b51-49e5-a979-48a76f00c387): drop table if exists acidTbl2
2024-04-24T05:22:28,711  INFO [main] ql.Driver: Starting task [Stage-0:DDL] in serial mode
2024-04-24T05:22:28,711  INFO [main] HiveMetaStore.audit: ugi=alex	ip=unknown-ip-addr	cmd=get_table : tbl=hive.default.acidTbl2	
2024-04-24T05:22:28,713  INFO [main] metadata.Hive: Dumping metastore api call timing information for : execution phase
2024-04-24T05:22:28,714  INFO [main] metadata.Hive: Total time spent in each metastore function (ms): {isCompatibleWith_(Configuration)=0}
2024-04-24T05:22:28,714  INFO [main] ql.Driver: Completed executing command(queryId=alex_20240424052228_2394d2af-5b51-49e5-a979-48a76f00c387); Time taken: 0.003 seconds
2024-04-24T05:22:28,714  INFO [main] lockmgr.DbTxnManager: Stopped heartbeat for query: alex_20240424052228_2394d2af-5b51-49e5-a979-48a76f00c387
2024-04-24T05:22:28,719  INFO [main] txn.TxnHandler: Expected to move at least one record from txn_components to completed_txn_components when committing txn! txnid:3
2024-04-24T05:22:28,726  INFO [main] txn.TxnHandler: Removed transactions: ([3]) from MIN_HISTORY_LEVEL
2024-04-24T05:22:28,726  WARN [main] txn.CompactionTxnHandler: No compaction queue record found for Compaction type transaction commit. txnId:3
2024-04-24T05:22:28,727  INFO [main] ql.TxnCommandsBaseForTests: Running the query: drop table if exists nonAcidOrcTbl
2024-04-24T05:22:28,727  INFO [main] ql.Driver: Compiling command(queryId=alex_20240424052228_9865f95e-25f1-428d-bb4b-bf68451790ec): drop table if exists nonAcidOrcTbl
2024-04-24T05:22:28,729  INFO [main] txn.TxnHandler: Added entries to MIN_HISTORY_LEVEL for current txns: ([4]) with min_open_txn: 1
2024-04-24T05:22:28,729  INFO [main] lockmgr.DbTxnManager: Opened txnid:4
2024-04-24T05:22:28,730  INFO [main] HiveMetaStore.audit: ugi=alex	ip=unknown-ip-addr	cmd=get_table : tbl=hive.default.nonAcidOrcTbl	
2024-04-24T05:22:28,733  INFO [main] ql.Driver: Semantic Analysis Completed (retrial = false)
2024-04-24T05:22:28,733  INFO [main] ql.Driver: Created Hive schema: Schema(fieldSchemas:null, properties:null)
2024-04-24T05:22:28,733  INFO [main] metadata.Hive: Dumping metastore api call timing information for : compilation phase
2024-04-24T05:22:28,733  INFO [main] metadata.Hive: Total time spent in each metastore function (ms): {commitTxn_(CommitTxnRequest)=12, getValidTxns_(long)=1, isCompatibleWith_(Configuration)=0, flushCache_()=0, openTxn_(String, TxnType)=2}
2024-04-24T05:22:28,733  INFO [main] ql.Driver: Completed compiling command(queryId=alex_20240424052228_9865f95e-25f1-428d-bb4b-bf68451790ec); Time taken: 0.006 seconds
2024-04-24T05:22:28,733  INFO [main] lockmgr.DbTxnManager: Setting lock request transaction to txnid:4 for queryId=alex_20240424052228_9865f95e-25f1-428d-bb4b-bf68451790ec
2024-04-24T05:22:28,733  INFO [main] ql.Driver: Operation DROPTABLE obtained 0 locks
2024-04-24T05:22:28,733  INFO [main] ql.Driver: Executing command(queryId=alex_20240424052228_9865f95e-25f1-428d-bb4b-bf68451790ec): drop table if exists nonAcidOrcTbl
2024-04-24T05:22:28,733  INFO [main] ql.Driver: Starting task [Stage-0:DDL] in serial mode
2024-04-24T05:22:28,733  INFO [main] HiveMetaStore.audit: ugi=alex	ip=unknown-ip-addr	cmd=get_table : tbl=hive.default.nonAcidOrcTbl	
2024-04-24T05:22:28,736  INFO [main] metadata.Hive: Dumping metastore api call timing information for : execution phase
2024-04-24T05:22:28,736  INFO [main] metadata.Hive: Total time spent in each metastore function (ms): {isCompatibleWith_(Configuration)=0}
2024-04-24T05:22:28,736  INFO [main] ql.Driver: Completed executing command(queryId=alex_20240424052228_9865f95e-25f1-428d-bb4b-bf68451790ec); Time taken: 0.003 seconds
2024-04-24T05:22:28,736  INFO [main] lockmgr.DbTxnManager: Stopped heartbeat for query: alex_20240424052228_9865f95e-25f1-428d-bb4b-bf68451790ec
2024-04-24T05:22:28,742  INFO [main] txn.TxnHandler: Expected to move at least one record from txn_components to completed_txn_components when committing txn! txnid:4
2024-04-24T05:22:28,749  INFO [main] txn.TxnHandler: Removed transactions: ([4]) from MIN_HISTORY_LEVEL
2024-04-24T05:22:28,749  WARN [main] txn.CompactionTxnHandler: No compaction queue record found for Compaction type transaction commit. txnId:4
2024-04-24T05:22:28,750  INFO [main] ql.TxnCommandsBaseForTests: Running the query: drop table if exists nonAcidOrcTbl2
2024-04-24T05:22:28,750  INFO [main] ql.Driver: Compiling command(queryId=alex_20240424052228_6b9968f1-d6d1-445b-ad8f-2283e1214631): drop table if exists nonAcidOrcTbl2
2024-04-24T05:22:28,752  INFO [main] txn.TxnHandler: Added entries to MIN_HISTORY_LEVEL for current txns: ([5]) with min_open_txn: 1
2024-04-24T05:22:28,753  INFO [main] lockmgr.DbTxnManager: Opened txnid:5
2024-04-24T05:22:28,753  INFO [main] HiveMetaStore.audit: ugi=alex	ip=unknown-ip-addr	cmd=get_table : tbl=hive.default.nonAcidOrcTbl2	
2024-04-24T05:22:28,756  INFO [main] ql.Driver: Semantic Analysis Completed (retrial = false)
2024-04-24T05:22:28,756  INFO [main] ql.Driver: Created Hive schema: Schema(fieldSchemas:null, properties:null)
2024-04-24T05:22:28,756  INFO [main] metadata.Hive: Dumping metastore api call timing information for : compilation phase
2024-04-24T05:22:28,756  INFO [main] metadata.Hive: Total time spent in each metastore function (ms): {flushCache_()=0, commitTxn_(CommitTxnRequest)=13, getValidTxns_(long)=0, isCompatibleWith_(Configuration)=2, openTxn_(String, TxnType)=2}
2024-04-24T05:22:28,756  INFO [main] ql.Driver: Completed compiling command(queryId=alex_20240424052228_6b9968f1-d6d1-445b-ad8f-2283e1214631); Time taken: 0.006 seconds
2024-04-24T05:22:28,756  INFO [main] lockmgr.DbTxnManager: Setting lock request transaction to txnid:5 for queryId=alex_20240424052228_6b9968f1-d6d1-445b-ad8f-2283e1214631
2024-04-24T05:22:28,756  INFO [main] ql.Driver: Operation DROPTABLE obtained 0 locks
2024-04-24T05:22:28,757  INFO [main] ql.Driver: Executing command(queryId=alex_20240424052228_6b9968f1-d6d1-445b-ad8f-2283e1214631): drop table if exists nonAcidOrcTbl2
2024-04-24T05:22:28,757  INFO [main] ql.Driver: Starting task [Stage-0:DDL] in serial mode
2024-04-24T05:22:28,757  INFO [main] HiveMetaStore.audit: ugi=alex	ip=unknown-ip-addr	cmd=get_table : tbl=hive.default.nonAcidOrcTbl2	
2024-04-24T05:22:28,760  INFO [main] metadata.Hive: Dumping metastore api call timing information for : execution phase
2024-04-24T05:22:28,760  INFO [main] metadata.Hive: Total time spent in each metastore function (ms): {isCompatibleWith_(Configuration)=0}
2024-04-24T05:22:28,760  INFO [main] ql.Driver: Completed executing command(queryId=alex_20240424052228_6b9968f1-d6d1-445b-ad8f-2283e1214631); Time taken: 0.003 seconds
2024-04-24T05:22:28,760  INFO [main] lockmgr.DbTxnManager: Stopped heartbeat for query: alex_20240424052228_6b9968f1-d6d1-445b-ad8f-2283e1214631
2024-04-24T05:22:28,765  INFO [main] txn.TxnHandler: Expected to move at least one record from txn_components to completed_txn_components when committing txn! txnid:5
2024-04-24T05:22:28,772  INFO [main] txn.TxnHandler: Removed transactions: ([5]) from MIN_HISTORY_LEVEL
2024-04-24T05:22:28,772  WARN [main] txn.CompactionTxnHandler: No compaction queue record found for Compaction type transaction commit. txnId:5
2024-04-24T05:22:28,772  INFO [main] ql.TxnCommandsBaseForTests: Running the query: drop table if exists nonAcidNonBucket
2024-04-24T05:22:28,772  INFO [main] ql.Driver: Compiling command(queryId=alex_20240424052228_ebddf180-8d63-4232-b982-5fad82220f28): drop table if exists nonAcidNonBucket
2024-04-24T05:22:28,775  INFO [main] txn.TxnHandler: Added entries to MIN_HISTORY_LEVEL for current txns: ([6]) with min_open_txn: 1
2024-04-24T05:22:28,775  INFO [main] lockmgr.DbTxnManager: Opened txnid:6
2024-04-24T05:22:28,775  INFO [main] HiveMetaStore.audit: ugi=alex	ip=unknown-ip-addr	cmd=get_table : tbl=hive.default.nonAcidNonBucket	
2024-04-24T05:22:28,778  INFO [main] ql.Driver: Semantic Analysis Completed (retrial = false)
2024-04-24T05:22:28,778  INFO [main] ql.Driver: Created Hive schema: Schema(fieldSchemas:null, properties:null)
2024-04-24T05:22:28,778  INFO [main] metadata.Hive: Dumping metastore api call timing information for : compilation phase
2024-04-24T05:22:28,778  INFO [main] metadata.Hive: Total time spent in each metastore function (ms): {flushCache_()=0, getValidTxns_(long)=0, isCompatibleWith_(Configuration)=0, commitTxn_(CommitTxnRequest)=12, openTxn_(String, TxnType)=2}
2024-04-24T05:22:28,778  INFO [main] ql.Driver: Completed compiling command(queryId=alex_20240424052228_ebddf180-8d63-4232-b982-5fad82220f28); Time taken: 0.006 seconds
2024-04-24T05:22:28,779  INFO [main] lockmgr.DbTxnManager: Setting lock request transaction to txnid:6 for queryId=alex_20240424052228_ebddf180-8d63-4232-b982-5fad82220f28
2024-04-24T05:22:28,779  INFO [main] ql.Driver: Operation DROPTABLE obtained 0 locks
2024-04-24T05:22:28,779  INFO [main] ql.Driver: Executing command(queryId=alex_20240424052228_ebddf180-8d63-4232-b982-5fad82220f28): drop table if exists nonAcidNonBucket
2024-04-24T05:22:28,779  INFO [main] ql.Driver: Starting task [Stage-0:DDL] in serial mode
2024-04-24T05:22:28,779  INFO [main] HiveMetaStore.audit: ugi=alex	ip=unknown-ip-addr	cmd=get_table : tbl=hive.default.nonAcidNonBucket	
2024-04-24T05:22:28,782  INFO [main] metadata.Hive: Dumping metastore api call timing information for : execution phase
2024-04-24T05:22:28,782  INFO [main] metadata.Hive: Total time spent in each metastore function (ms): {isCompatibleWith_(Configuration)=0}
2024-04-24T05:22:28,782  INFO [main] ql.Driver: Completed executing command(queryId=alex_20240424052228_ebddf180-8d63-4232-b982-5fad82220f28); Time taken: 0.003 seconds
2024-04-24T05:22:28,782  INFO [main] lockmgr.DbTxnManager: Stopped heartbeat for query: alex_20240424052228_ebddf180-8d63-4232-b982-5fad82220f28
2024-04-24T05:22:28,788  INFO [main] txn.TxnHandler: Expected to move at least one record from txn_components to completed_txn_components when committing txn! txnid:6
2024-04-24T05:22:28,795  INFO [main] txn.TxnHandler: Removed transactions: ([6]) from MIN_HISTORY_LEVEL
2024-04-24T05:22:28,795  WARN [main] txn.CompactionTxnHandler: No compaction queue record found for Compaction type transaction commit. txnId:6
2024-04-24T05:22:28,796  INFO [main] ql.TxnCommandsBaseForTests: Running the query: create table acidTbl(a int, b int) clustered by (a) into 2 buckets stored as orc TBLPROPERTIES ('transactional'='true')
2024-04-24T05:22:28,796  INFO [main] ql.Driver: Compiling command(queryId=alex_20240424052228_a70c1fc4-974e-484c-974e-86d9789c063b): create table acidTbl(a int, b int) clustered by (a) into 2 buckets stored as orc TBLPROPERTIES ('transactional'='true')
2024-04-24T05:22:28,798  INFO [main] txn.TxnHandler: Added entries to MIN_HISTORY_LEVEL for current txns: ([7]) with min_open_txn: 1
2024-04-24T05:22:28,799  INFO [main] lockmgr.DbTxnManager: Opened txnid:7
2024-04-24T05:22:28,799  INFO [main] parse.CalcitePlanner: Starting caching scope for: 
2024-04-24T05:22:28,799  INFO [main] parse.CalcitePlanner: Starting Semantic Analysis
2024-04-24T05:22:28,806  INFO [main] parse.CalcitePlanner: Creating table default.acidTbl position=13
2024-04-24T05:22:28,806  INFO [main] HiveMetaStore.audit: ugi=alex	ip=unknown-ip-addr	cmd=get_database: default	
2024-04-24T05:22:28,807  INFO [main] parse.CalcitePlanner: Ending caching scope for: 
2024-04-24T05:22:28,807  INFO [main] ql.Driver: Semantic Analysis Completed (retrial = false)
2024-04-24T05:22:28,807  INFO [main] ql.Driver: Created Hive schema: Schema(fieldSchemas:null, properties:null)
2024-04-24T05:22:28,808  INFO [main] metadata.Hive: Dumping metastore api call timing information for : compilation phase
2024-04-24T05:22:28,808  INFO [main] metadata.Hive: Total time spent in each metastore function (ms): {getValidWriteIds_(List, String)=7, getDatabase_(String)=1, isCompatibleWith_(Configuration)=0, openTxn_(String, TxnType)=3, getValidTxns_(long)=0, flushCache_()=0, commitTxn_(CommitTxnRequest)=13}
2024-04-24T05:22:28,808  INFO [main] ql.Driver: Completed compiling command(queryId=alex_20240424052228_a70c1fc4-974e-484c-974e-86d9789c063b); Time taken: 0.012 seconds
2024-04-24T05:22:28,808  INFO [main] lockmgr.DbTxnManager: Setting lock request transaction to txnid:7 for queryId=alex_20240424052228_a70c1fc4-974e-484c-974e-86d9789c063b
2024-04-24T05:22:28,808  INFO [main] lockmgr.DbLockManager: Requesting lock for queryId=alex_20240424052228_a70c1fc4-974e-484c-974e-86d9789c063b
2024-04-24T05:22:28,827  INFO [main] lockmgr.DbLockManager: Response to queryId=alex_20240424052228_a70c1fc4-974e-484c-974e-86d9789c063b LockResponse(lockid:1, state:ACQUIRED)
2024-04-24T05:22:28,827  INFO [main] ql.Driver: Operation CREATETABLE obtained 1 locks
2024-04-24T05:22:28,828  INFO [main] ql.Driver: Executing command(queryId=alex_20240424052228_a70c1fc4-974e-484c-974e-86d9789c063b): create table acidTbl(a int, b int) clustered by (a) into 2 buckets stored as orc TBLPROPERTIES ('transactional'='true')
2024-04-24T05:22:28,828  INFO [main] ql.Driver: Starting task [Stage-0:DDL] in serial mode
2024-04-24T05:22:28,829  INFO [main] HiveMetaStore.audit: ugi=alex	ip=unknown-ip-addr	cmd=create_table_req: Table(tableName:acidTbl, dbName:default, owner:alex, createTime:1713961348, lastAccessTime:0, retention:0, sd:StorageDescriptor(cols:[FieldSchema(name:a, type:int, comment:null), FieldSchema(name:b, type:int, comment:null)], location:null, inputFormat:org.apache.hadoop.hive.ql.io.orc.OrcInputFormat, outputFormat:org.apache.hadoop.hive.ql.io.orc.OrcOutputFormat, compressed:false, numBuckets:2, serdeInfo:SerDeInfo(name:null, serializationLib:org.apache.hadoop.hive.ql.io.orc.OrcSerde, parameters:{serialization.format=1}), bucketCols:[a], sortCols:[], parameters:{}, skewedInfo:SkewedInfo(skewedColNames:[], skewedColValues:[], skewedColValueLocationMaps:{}), storedAsSubDirectories:false), partitionKeys:[], parameters:{numFiles=0, totalSize=0, transactional=true, COLUMN_STATS_ACCURATE={"BASIC_STATS":"true","COLUMN_STATS":{"a":"true","b":"true"}}, numFilesErasureCoded=0, numRows=0, bucketing_version=2, rawDataSize=0}, viewOriginalText:null, viewExpandedText:null, tableType:MANAGED_TABLE, privileges:PrincipalPrivilegeSet(userPrivileges:{alex=[PrivilegeGrantInfo(privilege:INSERT, createTime:-1, grantor:alex, grantorType:USER, grantOption:true), PrivilegeGrantInfo(privilege:SELECT, createTime:-1, grantor:alex, grantorType:USER, grantOption:true), PrivilegeGrantInfo(privilege:UPDATE, createTime:-1, grantor:alex, grantorType:USER, grantOption:true), PrivilegeGrantInfo(privilege:DELETE, createTime:-1, grantor:alex, grantorType:USER, grantOption:true)]}, groupPrivileges:null, rolePrivileges:null), temporary:false, catName:hive, ownerType:USER, writeId:0)	
2024-04-24T05:22:28,835  INFO [main] utils.FileUtils: Creating directory if it doesn't exist: file:/home/alex/Repositories/hive/ql/target/tmp/org.apache.hadoop.hive.ql.TestTxnNoBuckets-1713961246971/warehouse/acidtbl
2024-04-24T05:22:28,878  INFO [main] metadata.Hive: Dumping metastore api call timing information for : execution phase
2024-04-24T05:22:28,878  INFO [main] metadata.Hive: Total time spent in each metastore function (ms): {createTable_(Table)=49, isCompatibleWith_(Configuration)=0}
2024-04-24T05:22:28,879  INFO [main] ql.Driver: Completed executing command(queryId=alex_20240424052228_a70c1fc4-974e-484c-974e-86d9789c063b); Time taken: 0.05 seconds
2024-04-24T05:22:28,879  INFO [main] lockmgr.DbTxnManager: Stopped heartbeat for query: alex_20240424052228_a70c1fc4-974e-484c-974e-86d9789c063b
2024-04-24T05:22:28,883  INFO [main] txn.TxnHandler: Expected to move at least one record from txn_components to completed_txn_components when committing txn! txnid:7
2024-04-24T05:22:28,891  INFO [main] txn.TxnHandler: Removed transactions: ([7]) from MIN_HISTORY_LEVEL
2024-04-24T05:22:28,891  WARN [main] txn.CompactionTxnHandler: No compaction queue record found for Compaction type transaction commit. txnId:7
2024-04-24T05:22:28,891  INFO [main] ql.TxnCommandsBaseForTests: Running the query: create table acidTblPart(a int, b int) partitioned by (p string) clustered by (a) into 2 buckets stored as orc TBLPROPERTIES ('transactional'='true')
2024-04-24T05:22:28,891  INFO [main] ql.Driver: Compiling command(queryId=alex_20240424052228_345909d0-bdd0-4e27-99c7-f9132d637a16): create table acidTblPart(a int, b int) partitioned by (p string) clustered by (a) into 2 buckets stored as orc TBLPROPERTIES ('transactional'='true')
2024-04-24T05:22:28,894  INFO [main] txn.TxnHandler: Added entries to MIN_HISTORY_LEVEL for current txns: ([8]) with min_open_txn: 1
2024-04-24T05:22:28,894  INFO [main] lockmgr.DbTxnManager: Opened txnid:8
2024-04-24T05:22:28,895  INFO [main] parse.CalcitePlanner: Starting caching scope for: 
2024-04-24T05:22:28,895  INFO [main] parse.CalcitePlanner: Starting Semantic Analysis
2024-04-24T05:22:28,897  INFO [main] parse.CalcitePlanner: Creating table default.acidTblPart position=13
2024-04-24T05:22:28,897  INFO [main] HiveMetaStore.audit: ugi=alex	ip=unknown-ip-addr	cmd=get_database: default	
2024-04-24T05:22:28,899  INFO [main] parse.CalcitePlanner: Ending caching scope for: 
2024-04-24T05:22:28,899  INFO [main] ql.Driver: Semantic Analysis Completed (retrial = false)
2024-04-24T05:22:28,899  INFO [main] ql.Driver: Created Hive schema: Schema(fieldSchemas:null, properties:null)
2024-04-24T05:22:28,899  INFO [main] metadata.Hive: Dumping metastore api call timing information for : compilation phase
2024-04-24T05:22:28,899  INFO [main] metadata.Hive: Total time spent in each metastore function (ms): {flushCache_()=0, getValidTxns_(long)=1, getDatabase_(String)=2, isCompatibleWith_(Configuration)=0, openTxn_(String, TxnType)=2, commitTxn_(CommitTxnRequest)=12, getValidWriteIds_(List, String)=2}
2024-04-24T05:22:28,899  INFO [main] ql.Driver: Completed compiling command(queryId=alex_20240424052228_345909d0-bdd0-4e27-99c7-f9132d637a16); Time taken: 0.008 seconds
2024-04-24T05:22:28,900  INFO [main] lockmgr.DbTxnManager: Setting lock request transaction to txnid:8 for queryId=alex_20240424052228_345909d0-bdd0-4e27-99c7-f9132d637a16
2024-04-24T05:22:28,900  INFO [main] lockmgr.DbLockManager: Requesting lock for queryId=alex_20240424052228_345909d0-bdd0-4e27-99c7-f9132d637a16
2024-04-24T05:22:28,916  INFO [main] lockmgr.DbLockManager: Response to queryId=alex_20240424052228_345909d0-bdd0-4e27-99c7-f9132d637a16 LockResponse(lockid:2, state:ACQUIRED)
2024-04-24T05:22:28,917  INFO [main] ql.Driver: Operation CREATETABLE obtained 1 locks
2024-04-24T05:22:28,917  INFO [main] ql.Driver: Executing command(queryId=alex_20240424052228_345909d0-bdd0-4e27-99c7-f9132d637a16): create table acidTblPart(a int, b int) partitioned by (p string) clustered by (a) into 2 buckets stored as orc TBLPROPERTIES ('transactional'='true')
2024-04-24T05:22:28,917  INFO [main] ql.Driver: Starting task [Stage-0:DDL] in serial mode
2024-04-24T05:22:28,918  INFO [main] HiveMetaStore.audit: ugi=alex	ip=unknown-ip-addr	cmd=create_table_req: Table(tableName:acidTblPart, dbName:default, owner:alex, createTime:1713961348, lastAccessTime:0, retention:0, sd:StorageDescriptor(cols:[FieldSchema(name:a, type:int, comment:null), FieldSchema(name:b, type:int, comment:null)], location:null, inputFormat:org.apache.hadoop.hive.ql.io.orc.OrcInputFormat, outputFormat:org.apache.hadoop.hive.ql.io.orc.OrcOutputFormat, compressed:false, numBuckets:2, serdeInfo:SerDeInfo(name:null, serializationLib:org.apache.hadoop.hive.ql.io.orc.OrcSerde, parameters:{serialization.format=1}), bucketCols:[a], sortCols:[], parameters:{}, skewedInfo:SkewedInfo(skewedColNames:[], skewedColValues:[], skewedColValueLocationMaps:{}), storedAsSubDirectories:false), partitionKeys:[FieldSchema(name:p, type:string, comment:null)], parameters:{bucketing_version=2, transactional=true}, viewOriginalText:null, viewExpandedText:null, tableType:MANAGED_TABLE, privileges:PrincipalPrivilegeSet(userPrivileges:{alex=[PrivilegeGrantInfo(privilege:INSERT, createTime:-1, grantor:alex, grantorType:USER, grantOption:true), PrivilegeGrantInfo(privilege:SELECT, createTime:-1, grantor:alex, grantorType:USER, grantOption:true), PrivilegeGrantInfo(privilege:UPDATE, createTime:-1, grantor:alex, grantorType:USER, grantOption:true), PrivilegeGrantInfo(privilege:DELETE, createTime:-1, grantor:alex, grantorType:USER, grantOption:true)]}, groupPrivileges:null, rolePrivileges:null), temporary:false, catName:hive, ownerType:USER, writeId:0)	
2024-04-24T05:22:28,925  INFO [main] utils.FileUtils: Creating directory if it doesn't exist: file:/home/alex/Repositories/hive/ql/target/tmp/org.apache.hadoop.hive.ql.TestTxnNoBuckets-1713961246971/warehouse/acidtblpart
2024-04-24T05:22:28,943  INFO [main] metadata.Hive: Dumping metastore api call timing information for : execution phase
2024-04-24T05:22:28,944  INFO [main] metadata.Hive: Total time spent in each metastore function (ms): {createTable_(Table)=25, isCompatibleWith_(Configuration)=0}
2024-04-24T05:22:28,944  INFO [main] ql.Driver: Completed executing command(queryId=alex_20240424052228_345909d0-bdd0-4e27-99c7-f9132d637a16); Time taken: 0.026 seconds
2024-04-24T05:22:28,944  INFO [main] lockmgr.DbTxnManager: Stopped heartbeat for query: alex_20240424052228_345909d0-bdd0-4e27-99c7-f9132d637a16
2024-04-24T05:22:28,948  INFO [main] txn.TxnHandler: Expected to move at least one record from txn_components to completed_txn_components when committing txn! txnid:8
2024-04-24T05:22:28,957  INFO [main] txn.TxnHandler: Removed transactions: ([8]) from MIN_HISTORY_LEVEL
2024-04-24T05:22:28,957  WARN [main] txn.CompactionTxnHandler: No compaction queue record found for Compaction type transaction commit. txnId:8
2024-04-24T05:22:28,958  INFO [main] ql.TxnCommandsBaseForTests: Running the query: create table nonAcidOrcTbl(a int, b int) clustered by (a) into 2 buckets stored as orc TBLPROPERTIES ('transactional'='false')
2024-04-24T05:22:28,958  INFO [main] ql.Driver: Compiling command(queryId=alex_20240424052228_f4adee8f-eab1-4c4b-abdf-9bdf38faefbd): create table nonAcidOrcTbl(a int, b int) clustered by (a) into 2 buckets stored as orc TBLPROPERTIES ('transactional'='false')
2024-04-24T05:22:28,961  INFO [main] txn.TxnHandler: Added entries to MIN_HISTORY_LEVEL for current txns: ([9]) with min_open_txn: 1
2024-04-24T05:22:28,961  INFO [main] lockmgr.DbTxnManager: Opened txnid:9
2024-04-24T05:22:28,962  INFO [main] parse.CalcitePlanner: Starting caching scope for: 
2024-04-24T05:22:28,962  INFO [main] parse.CalcitePlanner: Starting Semantic Analysis
2024-04-24T05:22:28,965  INFO [main] parse.CalcitePlanner: Creating table default.nonAcidOrcTbl position=13
2024-04-24T05:22:28,965  INFO [main] HiveMetaStore.audit: ugi=alex	ip=unknown-ip-addr	cmd=get_database: default	
2024-04-24T05:22:28,967  INFO [main] parse.CalcitePlanner: Ending caching scope for: 
2024-04-24T05:22:28,967  INFO [main] ql.Driver: Semantic Analysis Completed (retrial = false)
2024-04-24T05:22:28,967  INFO [main] ql.Driver: Created Hive schema: Schema(fieldSchemas:null, properties:null)
2024-04-24T05:22:28,967  INFO [main] metadata.Hive: Dumping metastore api call timing information for : compilation phase
2024-04-24T05:22:28,967  INFO [main] metadata.Hive: Total time spent in each metastore function (ms): {flushCache_()=0, getDatabase_(String)=2, openTxn_(String, TxnType)=2, getValidTxns_(long)=0, getValidWriteIds_(List, String)=3, isCompatibleWith_(Configuration)=1, commitTxn_(CommitTxnRequest)=13}
2024-04-24T05:22:28,967  INFO [main] ql.Driver: Completed compiling command(queryId=alex_20240424052228_f4adee8f-eab1-4c4b-abdf-9bdf38faefbd); Time taken: 0.009 seconds
2024-04-24T05:22:28,968  INFO [main] lockmgr.DbTxnManager: Setting lock request transaction to txnid:9 for queryId=alex_20240424052228_f4adee8f-eab1-4c4b-abdf-9bdf38faefbd
2024-04-24T05:22:28,968  INFO [main] lockmgr.DbLockManager: Requesting lock for queryId=alex_20240424052228_f4adee8f-eab1-4c4b-abdf-9bdf38faefbd
2024-04-24T05:22:28,985  INFO [main] lockmgr.DbLockManager: Response to queryId=alex_20240424052228_f4adee8f-eab1-4c4b-abdf-9bdf38faefbd LockResponse(lockid:3, state:ACQUIRED)
2024-04-24T05:22:28,985  INFO [main] ql.Driver: Operation CREATETABLE obtained 1 locks
2024-04-24T05:22:28,985  INFO [main] ql.Driver: Executing command(queryId=alex_20240424052228_f4adee8f-eab1-4c4b-abdf-9bdf38faefbd): create table nonAcidOrcTbl(a int, b int) clustered by (a) into 2 buckets stored as orc TBLPROPERTIES ('transactional'='false')
2024-04-24T05:22:28,985  INFO [main] ql.Driver: Starting task [Stage-0:DDL] in serial mode
2024-04-24T05:22:28,986  INFO [main] HiveMetaStore.audit: ugi=alex	ip=unknown-ip-addr	cmd=create_table_req: Table(tableName:nonAcidOrcTbl, dbName:default, owner:alex, createTime:1713961348, lastAccessTime:0, retention:0, sd:StorageDescriptor(cols:[FieldSchema(name:a, type:int, comment:null), FieldSchema(name:b, type:int, comment:null)], location:null, inputFormat:org.apache.hadoop.hive.ql.io.orc.OrcInputFormat, outputFormat:org.apache.hadoop.hive.ql.io.orc.OrcOutputFormat, compressed:false, numBuckets:2, serdeInfo:SerDeInfo(name:null, serializationLib:org.apache.hadoop.hive.ql.io.orc.OrcSerde, parameters:{serialization.format=1}), bucketCols:[a], sortCols:[], parameters:{}, skewedInfo:SkewedInfo(skewedColNames:[], skewedColValues:[], skewedColValueLocationMaps:{}), storedAsSubDirectories:false), partitionKeys:[], parameters:{numFilesErasureCoded=0, numFiles=0, transactional=false, bucketing_version=2, numRows=0, COLUMN_STATS_ACCURATE={"BASIC_STATS":"true","COLUMN_STATS":{"a":"true","b":"true"}}, totalSize=0, rawDataSize=0}, viewOriginalText:null, viewExpandedText:null, tableType:MANAGED_TABLE, privileges:PrincipalPrivilegeSet(userPrivileges:{alex=[PrivilegeGrantInfo(privilege:INSERT, createTime:-1, grantor:alex, grantorType:USER, grantOption:true), PrivilegeGrantInfo(privilege:SELECT, createTime:-1, grantor:alex, grantorType:USER, grantOption:true), PrivilegeGrantInfo(privilege:UPDATE, createTime:-1, grantor:alex, grantorType:USER, grantOption:true), PrivilegeGrantInfo(privilege:DELETE, createTime:-1, grantor:alex, grantorType:USER, grantOption:true)]}, groupPrivileges:null, rolePrivileges:null), temporary:false, catName:hive, ownerType:USER)	
2024-04-24T05:22:28,992  INFO [main] utils.FileUtils: Creating directory if it doesn't exist: file:/home/alex/Repositories/hive/ql/target/tmp/org.apache.hadoop.hive.ql.TestTxnNoBuckets-1713961246971/warehouse/nonacidorctbl
2024-04-24T05:22:29,008  INFO [main] metadata.Hive: Dumping metastore api call timing information for : execution phase
2024-04-24T05:22:29,008  INFO [main] metadata.Hive: Total time spent in each metastore function (ms): {createTable_(Table)=23, isCompatibleWith_(Configuration)=0}
2024-04-24T05:22:29,008  INFO [main] ql.Driver: Completed executing command(queryId=alex_20240424052228_f4adee8f-eab1-4c4b-abdf-9bdf38faefbd); Time taken: 0.023 seconds
2024-04-24T05:22:29,008  INFO [main] lockmgr.DbTxnManager: Stopped heartbeat for query: alex_20240424052228_f4adee8f-eab1-4c4b-abdf-9bdf38faefbd
2024-04-24T05:22:29,013  INFO [main] txn.TxnHandler: Expected to move at least one record from txn_components to completed_txn_components when committing txn! txnid:9
2024-04-24T05:22:29,022  INFO [main] txn.TxnHandler: Removed transactions: ([9]) from MIN_HISTORY_LEVEL
2024-04-24T05:22:29,022  WARN [main] txn.CompactionTxnHandler: No compaction queue record found for Compaction type transaction commit. txnId:9
2024-04-24T05:22:29,022  INFO [main] ql.TxnCommandsBaseForTests: Running the query: create table nonAcidOrcTbl2(a int, b int) clustered by (a) into 2 buckets stored as orc TBLPROPERTIES ('transactional'='false')
2024-04-24T05:22:29,023  INFO [main] ql.Driver: Compiling command(queryId=alex_20240424052229_9c1a915b-9575-40ff-b5db-1168a1fc8e74): create table nonAcidOrcTbl2(a int, b int) clustered by (a) into 2 buckets stored as orc TBLPROPERTIES ('transactional'='false')
2024-04-24T05:22:29,025  INFO [main] txn.TxnHandler: Added entries to MIN_HISTORY_LEVEL for current txns: ([10]) with min_open_txn: 1
2024-04-24T05:22:29,025  INFO [main] lockmgr.DbTxnManager: Opened txnid:10
2024-04-24T05:22:29,026  INFO [main] parse.CalcitePlanner: Starting caching scope for: 
2024-04-24T05:22:29,026  INFO [main] parse.CalcitePlanner: Starting Semantic Analysis
2024-04-24T05:22:29,029  INFO [main] parse.CalcitePlanner: Creating table default.nonAcidOrcTbl2 position=13
2024-04-24T05:22:29,029  INFO [main] HiveMetaStore.audit: ugi=alex	ip=unknown-ip-addr	cmd=get_database: default	
2024-04-24T05:22:29,030  INFO [main] parse.CalcitePlanner: Ending caching scope for: 
2024-04-24T05:22:29,030  INFO [main] ql.Driver: Semantic Analysis Completed (retrial = false)
2024-04-24T05:22:29,030  INFO [main] ql.Driver: Created Hive schema: Schema(fieldSchemas:null, properties:null)
2024-04-24T05:22:29,031  INFO [main] metadata.Hive: Dumping metastore api call timing information for : compilation phase
2024-04-24T05:22:29,031  INFO [main] metadata.Hive: Total time spent in each metastore function (ms): {getDatabase_(String)=1, isCompatibleWith_(Configuration)=1, flushCache_()=0, getValidTxns_(long)=0, commitTxn_(CommitTxnRequest)=14, openTxn_(String, TxnType)=2, getValidWriteIds_(List, String)=3}
2024-04-24T05:22:29,031  INFO [main] ql.Driver: Completed compiling command(queryId=alex_20240424052229_9c1a915b-9575-40ff-b5db-1168a1fc8e74); Time taken: 0.009 seconds
2024-04-24T05:22:29,031  INFO [main] lockmgr.DbTxnManager: Setting lock request transaction to txnid:10 for queryId=alex_20240424052229_9c1a915b-9575-40ff-b5db-1168a1fc8e74
2024-04-24T05:22:29,031  INFO [main] lockmgr.DbLockManager: Requesting lock for queryId=alex_20240424052229_9c1a915b-9575-40ff-b5db-1168a1fc8e74
2024-04-24T05:22:29,047  INFO [main] lockmgr.DbLockManager: Response to queryId=alex_20240424052229_9c1a915b-9575-40ff-b5db-1168a1fc8e74 LockResponse(lockid:4, state:ACQUIRED)
2024-04-24T05:22:29,047  INFO [main] ql.Driver: Operation CREATETABLE obtained 1 locks
2024-04-24T05:22:29,047  INFO [main] ql.Driver: Executing command(queryId=alex_20240424052229_9c1a915b-9575-40ff-b5db-1168a1fc8e74): create table nonAcidOrcTbl2(a int, b int) clustered by (a) into 2 buckets stored as orc TBLPROPERTIES ('transactional'='false')
2024-04-24T05:22:29,047  INFO [main] ql.Driver: Starting task [Stage-0:DDL] in serial mode
2024-04-24T05:22:29,048  INFO [main] HiveMetaStore.audit: ugi=alex	ip=unknown-ip-addr	cmd=create_table_req: Table(tableName:nonAcidOrcTbl2, dbName:default, owner:alex, createTime:1713961349, lastAccessTime:0, retention:0, sd:StorageDescriptor(cols:[FieldSchema(name:a, type:int, comment:null), FieldSchema(name:b, type:int, comment:null)], location:null, inputFormat:org.apache.hadoop.hive.ql.io.orc.OrcInputFormat, outputFormat:org.apache.hadoop.hive.ql.io.orc.OrcOutputFormat, compressed:false, numBuckets:2, serdeInfo:SerDeInfo(name:null, serializationLib:org.apache.hadoop.hive.ql.io.orc.OrcSerde, parameters:{serialization.format=1}), bucketCols:[a], sortCols:[], parameters:{}, skewedInfo:SkewedInfo(skewedColNames:[], skewedColValues:[], skewedColValueLocationMaps:{}), storedAsSubDirectories:false), partitionKeys:[], parameters:{COLUMN_STATS_ACCURATE={"BASIC_STATS":"true","COLUMN_STATS":{"a":"true","b":"true"}}, rawDataSize=0, bucketing_version=2, numFiles=0, numFilesErasureCoded=0, totalSize=0, numRows=0, transactional=false}, viewOriginalText:null, viewExpandedText:null, tableType:MANAGED_TABLE, privileges:PrincipalPrivilegeSet(userPrivileges:{alex=[PrivilegeGrantInfo(privilege:INSERT, createTime:-1, grantor:alex, grantorType:USER, grantOption:true), PrivilegeGrantInfo(privilege:SELECT, createTime:-1, grantor:alex, grantorType:USER, grantOption:true), PrivilegeGrantInfo(privilege:UPDATE, createTime:-1, grantor:alex, grantorType:USER, grantOption:true), PrivilegeGrantInfo(privilege:DELETE, createTime:-1, grantor:alex, grantorType:USER, grantOption:true)]}, groupPrivileges:null, rolePrivileges:null), temporary:false, catName:hive, ownerType:USER)	
2024-04-24T05:22:29,054  INFO [main] utils.FileUtils: Creating directory if it doesn't exist: file:/home/alex/Repositories/hive/ql/target/tmp/org.apache.hadoop.hive.ql.TestTxnNoBuckets-1713961246971/warehouse/nonacidorctbl2
2024-04-24T05:22:29,071  INFO [main] metadata.Hive: Dumping metastore api call timing information for : execution phase
2024-04-24T05:22:29,072  INFO [main] metadata.Hive: Total time spent in each metastore function (ms): {isCompatibleWith_(Configuration)=0, createTable_(Table)=23}
2024-04-24T05:22:29,072  INFO [main] ql.Driver: Completed executing command(queryId=alex_20240424052229_9c1a915b-9575-40ff-b5db-1168a1fc8e74); Time taken: 0.024 seconds
2024-04-24T05:22:29,072  INFO [main] lockmgr.DbTxnManager: Stopped heartbeat for query: alex_20240424052229_9c1a915b-9575-40ff-b5db-1168a1fc8e74
2024-04-24T05:22:29,077  INFO [main] txn.TxnHandler: Expected to move at least one record from txn_components to completed_txn_components when committing txn! txnid:10
2024-04-24T05:22:29,085  INFO [main] txn.TxnHandler: Removed transactions: ([10]) from MIN_HISTORY_LEVEL
2024-04-24T05:22:29,085  WARN [main] txn.CompactionTxnHandler: No compaction queue record found for Compaction type transaction commit. txnId:10
2024-04-24T05:22:29,086  INFO [main] ql.TxnCommandsBaseForTests: Running the query: create temporary  table acidTbl2(a int, b int, c int) clustered by (c) into 2 buckets stored as orc TBLPROPERTIES ('transactional'='true')
2024-04-24T05:22:29,086  INFO [main] ql.Driver: Compiling command(queryId=alex_20240424052229_e429c6de-586c-4260-9dff-198b654ff45b): create temporary  table acidTbl2(a int, b int, c int) clustered by (c) into 2 buckets stored as orc TBLPROPERTIES ('transactional'='true')
2024-04-24T05:22:29,089  INFO [main] txn.TxnHandler: Added entries to MIN_HISTORY_LEVEL for current txns: ([11]) with min_open_txn: 1
2024-04-24T05:22:29,089  INFO [main] lockmgr.DbTxnManager: Opened txnid:11
2024-04-24T05:22:29,090  INFO [main] parse.CalcitePlanner: Starting caching scope for: 
2024-04-24T05:22:29,090  INFO [main] parse.CalcitePlanner: Starting Semantic Analysis
2024-04-24T05:22:29,093  INFO [main] parse.CalcitePlanner: Creating table default.acidTbl2 position=24
2024-04-24T05:22:29,093  INFO [main] HiveMetaStore.audit: ugi=alex	ip=unknown-ip-addr	cmd=get_database: default	
2024-04-24T05:22:29,095  INFO [main] parse.CalcitePlanner: Ending caching scope for: 
2024-04-24T05:22:29,095  INFO [main] ql.Driver: Semantic Analysis Completed (retrial = false)
2024-04-24T05:22:29,095  INFO [main] ql.Driver: Created Hive schema: Schema(fieldSchemas:null, properties:null)
2024-04-24T05:22:29,095  INFO [main] metadata.Hive: Dumping metastore api call timing information for : compilation phase
2024-04-24T05:22:29,095  INFO [main] metadata.Hive: Total time spent in each metastore function (ms): {getValidWriteIds_(List, String)=3, flushCache_()=0, getDatabase_(String)=2, openTxn_(String, TxnType)=2, commitTxn_(CommitTxnRequest)=14, isCompatibleWith_(Configuration)=1, getValidTxns_(long)=0}
2024-04-24T05:22:29,095  INFO [main] ql.Driver: Completed compiling command(queryId=alex_20240424052229_e429c6de-586c-4260-9dff-198b654ff45b); Time taken: 0.009 seconds
2024-04-24T05:22:29,095  INFO [main] lockmgr.DbTxnManager: Setting lock request transaction to txnid:11 for queryId=alex_20240424052229_e429c6de-586c-4260-9dff-198b654ff45b
2024-04-24T05:22:29,096  INFO [main] lockmgr.DbLockManager: Requesting lock for queryId=alex_20240424052229_e429c6de-586c-4260-9dff-198b654ff45b
2024-04-24T05:22:29,113  INFO [main] lockmgr.DbLockManager: Response to queryId=alex_20240424052229_e429c6de-586c-4260-9dff-198b654ff45b LockResponse(lockid:5, state:ACQUIRED)
2024-04-24T05:22:29,113  INFO [main] ql.Driver: Operation CREATETABLE obtained 1 locks
2024-04-24T05:22:29,114  INFO [main] ql.Driver: Executing command(queryId=alex_20240424052229_e429c6de-586c-4260-9dff-198b654ff45b): create temporary  table acidTbl2(a int, b int, c int) clustered by (c) into 2 buckets stored as orc TBLPROPERTIES ('transactional'='true')
2024-04-24T05:22:29,114  INFO [main] ql.Driver: Starting task [Stage-0:DDL] in serial mode
2024-04-24T05:22:29,115  INFO [main] utils.FileUtils: Creating directory if it doesn't exist: file:/home/alex/Repositories/hive/ql/target/tmp/scratchdir/alex/60b21767-3741-46b4-add5-ecda5376357f/_tmp_space.db/e1281f38-8a56-497e-853e-3b0596f06d48
2024-04-24T05:22:29,118  INFO [main] metadata.Hive: Dumping metastore api call timing information for : execution phase
2024-04-24T05:22:29,118  INFO [main] metadata.Hive: Total time spent in each metastore function (ms): {createTable_(Table)=3, isCompatibleWith_(Configuration)=0}
2024-04-24T05:22:29,118  INFO [main] ql.Driver: Completed executing command(queryId=alex_20240424052229_e429c6de-586c-4260-9dff-198b654ff45b); Time taken: 0.004 seconds
2024-04-24T05:22:29,118  INFO [main] lockmgr.DbTxnManager: Stopped heartbeat for query: alex_20240424052229_e429c6de-586c-4260-9dff-198b654ff45b
2024-04-24T05:22:29,123  INFO [main] txn.TxnHandler: Expected to move at least one record from txn_components to completed_txn_components when committing txn! txnid:11
2024-04-24T05:22:29,130  INFO [main] txn.TxnHandler: Removed transactions: ([11]) from MIN_HISTORY_LEVEL
2024-04-24T05:22:29,130  WARN [main] txn.CompactionTxnHandler: No compaction queue record found for Compaction type transaction commit. txnId:11
2024-04-24T05:22:29,131  INFO [main] ql.TxnCommandsBaseForTests: Running the query: create table nonAcidNonBucket(a int, b int) stored as orc TBLPROPERTIES ('transactional'='false')
2024-04-24T05:22:29,131  INFO [main] ql.Driver: Compiling command(queryId=alex_20240424052229_77af46aa-b03d-4261-8225-47efeb608f81): create table nonAcidNonBucket(a int, b int) stored as orc TBLPROPERTIES ('transactional'='false')
2024-04-24T05:22:29,134  INFO [main] txn.TxnHandler: Added entries to MIN_HISTORY_LEVEL for current txns: ([12]) with min_open_txn: 1
2024-04-24T05:22:29,134  INFO [main] lockmgr.DbTxnManager: Opened txnid:12
2024-04-24T05:22:29,135  INFO [main] parse.CalcitePlanner: Starting caching scope for: 
2024-04-24T05:22:29,135  INFO [main] parse.CalcitePlanner: Starting Semantic Analysis
2024-04-24T05:22:29,138  INFO [main] parse.CalcitePlanner: Creating table default.nonAcidNonBucket position=13
2024-04-24T05:22:29,138  INFO [main] HiveMetaStore.audit: ugi=alex	ip=unknown-ip-addr	cmd=get_database: default	
2024-04-24T05:22:29,140  INFO [main] parse.CalcitePlanner: Ending caching scope for: 
2024-04-24T05:22:29,140  INFO [main] ql.Driver: Semantic Analysis Completed (retrial = false)
2024-04-24T05:22:29,140  INFO [main] ql.Driver: Created Hive schema: Schema(fieldSchemas:null, properties:null)
2024-04-24T05:22:29,140  INFO [main] metadata.Hive: Dumping metastore api call timing information for : compilation phase
2024-04-24T05:22:29,140  INFO [main] metadata.Hive: Total time spent in each metastore function (ms): {isCompatibleWith_(Configuration)=1, commitTxn_(CommitTxnRequest)=13, flushCache_()=1, getValidTxns_(long)=0, getDatabase_(String)=2, openTxn_(String, TxnType)=2, getValidWriteIds_(List, String)=3}
2024-04-24T05:22:29,140  INFO [main] ql.Driver: Completed compiling command(queryId=alex_20240424052229_77af46aa-b03d-4261-8225-47efeb608f81); Time taken: 0.009 seconds
2024-04-24T05:22:29,140  INFO [main] lockmgr.DbTxnManager: Setting lock request transaction to txnid:12 for queryId=alex_20240424052229_77af46aa-b03d-4261-8225-47efeb608f81
2024-04-24T05:22:29,141  INFO [main] lockmgr.DbLockManager: Requesting lock for queryId=alex_20240424052229_77af46aa-b03d-4261-8225-47efeb608f81
2024-04-24T05:22:29,157  INFO [main] lockmgr.DbLockManager: Response to queryId=alex_20240424052229_77af46aa-b03d-4261-8225-47efeb608f81 LockResponse(lockid:6, state:ACQUIRED)
2024-04-24T05:22:29,157  INFO [main] ql.Driver: Operation CREATETABLE obtained 1 locks
2024-04-24T05:22:29,157  INFO [main] ql.Driver: Executing command(queryId=alex_20240424052229_77af46aa-b03d-4261-8225-47efeb608f81): create table nonAcidNonBucket(a int, b int) stored as orc TBLPROPERTIES ('transactional'='false')
2024-04-24T05:22:29,157  INFO [main] ql.Driver: Starting task [Stage-0:DDL] in serial mode
2024-04-24T05:22:29,158  INFO [main] HiveMetaStore.audit: ugi=alex	ip=unknown-ip-addr	cmd=create_table_req: Table(tableName:nonAcidNonBucket, dbName:default, owner:alex, createTime:1713961349, lastAccessTime:0, retention:0, sd:StorageDescriptor(cols:[FieldSchema(name:a, type:int, comment:null), FieldSchema(name:b, type:int, comment:null)], location:null, inputFormat:org.apache.hadoop.hive.ql.io.orc.OrcInputFormat, outputFormat:org.apache.hadoop.hive.ql.io.orc.OrcOutputFormat, compressed:false, numBuckets:-1, serdeInfo:SerDeInfo(name:null, serializationLib:org.apache.hadoop.hive.ql.io.orc.OrcSerde, parameters:{serialization.format=1}), bucketCols:[], sortCols:[], parameters:{}, skewedInfo:SkewedInfo(skewedColNames:[], skewedColValues:[], skewedColValueLocationMaps:{}), storedAsSubDirectories:false), partitionKeys:[], parameters:{numRows=0, numFilesErasureCoded=0, bucketing_version=2, totalSize=0, rawDataSize=0, numFiles=0, transactional=false, COLUMN_STATS_ACCURATE={"BASIC_STATS":"true","COLUMN_STATS":{"a":"true","b":"true"}}}, viewOriginalText:null, viewExpandedText:null, tableType:MANAGED_TABLE, privileges:PrincipalPrivilegeSet(userPrivileges:{alex=[PrivilegeGrantInfo(privilege:INSERT, createTime:-1, grantor:alex, grantorType:USER, grantOption:true), PrivilegeGrantInfo(privilege:SELECT, createTime:-1, grantor:alex, grantorType:USER, grantOption:true), PrivilegeGrantInfo(privilege:UPDATE, createTime:-1, grantor:alex, grantorType:USER, grantOption:true), PrivilegeGrantInfo(privilege:DELETE, createTime:-1, grantor:alex, grantorType:USER, grantOption:true)]}, groupPrivileges:null, rolePrivileges:null), temporary:false, catName:hive, ownerType:USER)	
2024-04-24T05:22:29,163  INFO [main] utils.FileUtils: Creating directory if it doesn't exist: file:/home/alex/Repositories/hive/ql/target/tmp/org.apache.hadoop.hive.ql.TestTxnNoBuckets-1713961246971/warehouse/nonacidnonbucket
2024-04-24T05:22:29,179  INFO [main] metadata.Hive: Dumping metastore api call timing information for : execution phase
2024-04-24T05:22:29,179  INFO [main] metadata.Hive: Total time spent in each metastore function (ms): {createTable_(Table)=22, isCompatibleWith_(Configuration)=0}
2024-04-24T05:22:29,179  INFO [main] ql.Driver: Completed executing command(queryId=alex_20240424052229_77af46aa-b03d-4261-8225-47efeb608f81); Time taken: 0.022 seconds
2024-04-24T05:22:29,179  INFO [main] lockmgr.DbTxnManager: Stopped heartbeat for query: alex_20240424052229_77af46aa-b03d-4261-8225-47efeb608f81
2024-04-24T05:22:29,184  INFO [main] txn.TxnHandler: Expected to move at least one record from txn_components to completed_txn_components when committing txn! txnid:12
2024-04-24T05:22:29,191  INFO [main] txn.TxnHandler: Removed transactions: ([12]) from MIN_HISTORY_LEVEL
2024-04-24T05:22:29,191  WARN [main] txn.CompactionTxnHandler: No compaction queue record found for Compaction type transaction commit. txnId:12
2024-04-24T05:22:29,193  INFO [main] ql.TxnCommandsBaseForTests: Running the query: insert into acidTbl values(1,2),(2,4),(5,6),(6,8),(9,10)
2024-04-24T05:22:29,193  INFO [main] ql.Driver: Compiling command(queryId=alex_20240424052229_bd13e6f4-e483-4617-92a0-acbec06aec17): insert into acidTbl values(1,2),(2,4),(5,6),(6,8),(9,10)
2024-04-24T05:22:29,196  INFO [main] txn.TxnHandler: Added entries to MIN_HISTORY_LEVEL for current txns: ([13]) with min_open_txn: 1
2024-04-24T05:22:29,196  INFO [main] lockmgr.DbTxnManager: Opened txnid:13
2024-04-24T05:22:29,197  INFO [main] parse.CalcitePlanner: Starting caching scope for: alex_20240424052229_bd13e6f4-e483-4617-92a0-acbec06aec17
2024-04-24T05:22:29,197  INFO [main] parse.CalcitePlanner: Starting Semantic Analysis
2024-04-24T05:22:29,205  INFO [main] HiveMetaStore.audit: ugi=alex	ip=unknown-ip-addr	cmd=get_table : tbl=hive.default.acidTbl	
2024-04-24T05:22:29,226  INFO [main] metastore.HMSHandler: Skipping translation for processor with null
2024-04-24T05:22:29,226  INFO [main] parse.CalcitePlanner: Completed phase 1 of Semantic Analysis
2024-04-24T05:22:29,226  INFO [main] parse.CalcitePlanner: Get metadata for source tables
2024-04-24T05:22:29,226  INFO [main] parse.CalcitePlanner: Get metadata for subqueries
2024-04-24T05:22:29,226  INFO [main] parse.CalcitePlanner: Get metadata for destination tables
2024-04-24T05:22:29,226  INFO [main] HiveMetaStore.audit: ugi=alex	ip=unknown-ip-addr	cmd=get_table : tbl=hive.default.acidTbl	
2024-04-24T05:22:29,233  INFO [main] metastore.HMSHandler: Skipping translation for processor with null
2024-04-24T05:22:29,233  INFO [main] parse.CalcitePlanner: Completed getting MetaData in Semantic Analysis
2024-04-24T05:22:29,233  INFO [main] parse.CalcitePlanner: Disabling LLAP IO encode as ETL query is detected
2024-04-24T05:22:29,254  INFO [main] HiveMetaStore.audit: ugi=alex	ip=unknown-ip-addr	cmd=get_all_table_constraints : tbl=hive._dummy_database._dummy_table	
2024-04-24T05:22:29,327  INFO [main] parse.CalcitePlanner: Get metadata for source tables
2024-04-24T05:22:29,327  INFO [main] parse.CalcitePlanner: Get metadata for subqueries
2024-04-24T05:22:29,327  INFO [main] parse.CalcitePlanner: Get metadata for source tables
2024-04-24T05:22:29,327  INFO [main] HiveMetaStore.audit: ugi=alex	ip=unknown-ip-addr	cmd=get_table : tbl=hive._dummy_database._dummy_table	
2024-04-24T05:22:29,329  INFO [main] parse.CalcitePlanner: Get metadata for subqueries
2024-04-24T05:22:29,329  INFO [main] parse.CalcitePlanner: Get metadata for destination tables
2024-04-24T05:22:29,329  INFO [main] parse.CalcitePlanner: Get metadata for destination tables
2024-04-24T05:22:29,331  INFO [main] HiveMetaStore.audit: ugi=alex	ip=unknown-ip-addr	cmd=get_not_null_constraints : tbl=hive.default.acidtbl	
2024-04-24T05:22:29,333  INFO [main] HiveMetaStore.audit: ugi=alex	ip=unknown-ip-addr	cmd=get_check_constraints : tbl=hive.default.acidtbl	
2024-04-24T05:22:29,342  INFO [main] txn.TxnHandler: Allocated writeId: 1 for txnId: 13
2024-04-24T05:22:29,342  INFO [main] txn.TxnHandler: Allocated write ids for dbName=default, tblName=acidtbl (txnIds: [13])
2024-04-24T05:22:29,343  INFO [main] parse.CalcitePlanner: CBO Succeeded; optimized logical plan.
2024-04-24T05:22:29,346  INFO [main] optimizer.ColumnPrunerProcFactory: RS 4 oldColExprMap: {KEY.reducesinkkey0=Column[_col0], VALUE._col0=Column[_col1]}
2024-04-24T05:22:29,346  INFO [main] optimizer.ColumnPrunerProcFactory: RS 4 newColExprMap: {VALUE._col0=Column[_col1], KEY.reducesinkkey0=Column[_col0]}
2024-04-24T05:22:29,347  INFO [main] optimizer.BucketVersionPopulator: not considering bucketingVersion for: TS[0] because it has -1<2 buckets 
2024-04-24T05:22:29,347  INFO [main] optimizer.SortedDynPartitionOptimizer: Sorted dynamic partitioning optimization kicked in..
2024-04-24T05:22:29,356  INFO [main] HiveMetaStore.audit: ugi=alex	ip=unknown-ip-addr	cmd=get_table : tbl=hive.default.acidtbl	
2024-04-24T05:22:29,363  INFO [main] metastore.HMSHandler: Skipping translation for processor with null
2024-04-24T05:22:29,363  INFO [main] parse.CalcitePlanner: Completed plan generation
2024-04-24T05:22:29,363  INFO [main] parse.CalcitePlanner: Ending caching scope for: alex_20240424052229_bd13e6f4-e483-4617-92a0-acbec06aec17
2024-04-24T05:22:29,363  INFO [main] ql.Driver: Semantic Analysis Completed (retrial = false)
2024-04-24T05:22:29,363  INFO [main] ql.Driver: Created Hive schema: Schema(fieldSchemas:[FieldSchema(name:col1, type:int, comment:null), FieldSchema(name:col2, type:int, comment:null)], properties:null)
2024-04-24T05:22:29,364  INFO [main] metadata.Hive: Dumping metastore api call timing information for : compilation phase
2024-04-24T05:22:29,364  INFO [main] metadata.Hive: Total time spent in each metastore function (ms): {flushCache_()=0, commitTxn_(CommitTxnRequest)=13, allocateTableWriteId_(long, String, String)=8, isCompatibleWith_(Configuration)=0, openTxn_(String, TxnType)=2, getNotNullConstraints_(NotNullConstraintsRequest)=1, getValidTxns_(long)=0, getCheckConstraints_(CheckConstraintsRequest)=1, getTable_(GetTableRequest)=37, getAllTableConstraints_(AllTableConstraintsRequest)=28, getValidWriteIds_(List, String)=8}
2024-04-24T05:22:29,364  INFO [main] ql.Driver: Completed compiling command(queryId=alex_20240424052229_bd13e6f4-e483-4617-92a0-acbec06aec17); Time taken: 0.171 seconds
2024-04-24T05:22:29,364  INFO [main] lockmgr.DbTxnManager: Setting lock request transaction to txnid:13 for queryId=alex_20240424052229_bd13e6f4-e483-4617-92a0-acbec06aec17
2024-04-24T05:22:29,364  INFO [main] lockmgr.DbLockManager: Requesting lock for queryId=alex_20240424052229_bd13e6f4-e483-4617-92a0-acbec06aec17
2024-04-24T05:22:29,553  INFO [main] lockmgr.DbLockManager: Response to queryId=alex_20240424052229_bd13e6f4-e483-4617-92a0-acbec06aec17 LockResponse(lockid:7, state:ACQUIRED)
2024-04-24T05:22:29,553  INFO [main] ql.Driver: Operation QUERY obtained 1 locks
2024-04-24T05:22:29,555  INFO [main] ql.Driver: Executing command(queryId=alex_20240424052229_bd13e6f4-e483-4617-92a0-acbec06aec17): insert into acidTbl values(1,2),(2,4),(5,6),(6,8),(9,10)
2024-04-24T05:22:29,555  WARN [main] ql.Driver: Hive-on-MR is deprecated in Hive 2 and may not be available in the future versions. Consider using a different execution engine (i.e. tez, spark) or using Hive 1.X releases.
Query ID = alex_20240424052229_bd13e6f4-e483-4617-92a0-acbec06aec17
2024-04-24T05:22:29,555  INFO [main] ql.Driver: Query ID = alex_20240424052229_bd13e6f4-e483-4617-92a0-acbec06aec17
Total jobs = 1
2024-04-24T05:22:29,555  INFO [main] ql.Driver: Total jobs = 1
Launching Job 1 out of 1
2024-04-24T05:22:29,555  INFO [main] ql.Driver: Launching Job 1 out of 1
2024-04-24T05:22:29,677  INFO [main] ql.Driver: Starting task [Stage-1:MAPRED] in serial mode
Number of reduce tasks determined at compile time: 2
2024-04-24T05:22:29,677  INFO [main] exec.Task: Number of reduce tasks determined at compile time: 2
In order to change the average load for a reducer (in bytes):
2024-04-24T05:22:29,677  INFO [main] exec.Task: In order to change the average load for a reducer (in bytes):
  set hive.exec.reducers.bytes.per.reducer=<number>
2024-04-24T05:22:29,677  INFO [main] exec.Task:   set hive.exec.reducers.bytes.per.reducer=<number>
In order to limit the maximum number of reducers:
2024-04-24T05:22:29,678  INFO [main] exec.Task: In order to limit the maximum number of reducers:
  set hive.exec.reducers.max=<number>
2024-04-24T05:22:29,678  INFO [main] exec.Task:   set hive.exec.reducers.max=<number>
In order to set a constant number of reducers:
2024-04-24T05:22:29,678  INFO [main] exec.Task: In order to set a constant number of reducers:
  set mapreduce.job.reduces=<number>
2024-04-24T05:22:29,678  INFO [main] exec.Task:   set mapreduce.job.reduces=<number>
2024-04-24T05:22:29,680  INFO [main] mr.ExecDriver: Using org.apache.hadoop.hive.ql.io.HiveInputFormat
2024-04-24T05:22:29,680  INFO [main] exec.Utilities: Processing alias $hdt$_0:_dummy_table
2024-04-24T05:22:29,680  INFO [main] exec.Utilities: Adding 1 inputs; the first input is file:/home/alex/Repositories/hive/ql/target/tmp/localscratchdir/60b21767-3741-46b4-add5-ecda5376357f/hive_2024-04-24_05-22-29_193_9186749870237461901-1/dummy_path
2024-04-24T05:22:29,689  INFO [main] exec.SerializationUtilities: Serializing MapWork using kryo
2024-04-24T05:22:29,690  INFO [main] exec.Utilities: Serialized plan (via FILE) - name: null size: 5,03KB
2024-04-24T05:22:29,694  INFO [main] exec.SerializationUtilities: Serializing ReduceWork using kryo
2024-04-24T05:22:29,695  INFO [main] exec.Utilities: Serialized plan (via FILE) - name: null size: 5,99KB
2024-04-24T05:22:29,696  WARN [main] impl.MetricsSystemImpl: JobTracker metrics system already initialized!
2024-04-24T05:22:29,699  INFO [main] fs.FSStatsPublisher: created : file:/home/alex/Repositories/hive/ql/target/tmp/localscratchdir/60b21767-3741-46b4-add5-ecda5376357f/hive_2024-04-24_05-22-29_193_9186749870237461901-1/-mr-10000
2024-04-24T05:22:29,701  WARN [main] impl.MetricsSystemImpl: JobTracker metrics system already initialized!
2024-04-24T05:22:29,708  WARN [main] mapreduce.JobResourceUploader: Hadoop command-line option parsing not performed. Implement the Tool interface and execute your application with ToolRunner to remedy this.
2024-04-24T05:22:29,712  WARN [main] mapreduce.JobResourceUploader: No job jar file set.  User classes may not be found. See Job or Job#setJar(String).
2024-04-24T05:22:29,713  INFO [main] io.HiveInputFormat: hive.io.file.readcolumn.ids = 
2024-04-24T05:22:29,713  INFO [main] io.HiveInputFormat: hive.io.file.readcolumn.names = 
2024-04-24T05:22:29,713  INFO [main] io.HiveInputFormat: Generating splits for dirs: file:/home/alex/Repositories/hive/ql/target/tmp/localscratchdir/60b21767-3741-46b4-add5-ecda5376357f/hive_2024-04-24_05-22-29_193_9186749870237461901-1/dummy_path
2024-04-24T05:22:29,714  INFO [main] io.HiveInputFormat: number of splits 1
2024-04-24T05:22:29,730  INFO [main] mapreduce.JobSubmitter: number of splits:1
2024-04-24T05:22:29,747  INFO [main] mapreduce.JobSubmitter: Submitting tokens for job: job_local1239124315_0044
2024-04-24T05:22:29,747  INFO [main] mapreduce.JobSubmitter: Executing with tokens: []
2024-04-24T05:22:29,805  INFO [main] mapreduce.Job: The url to track the job: http://localhost:8080/
Job running in-process (local Hadoop)
2024-04-24T05:22:29,805  INFO [main] exec.Task: Job running in-process (local Hadoop)
2024-04-24T05:22:29,805  INFO [Thread-2887] mapred.LocalJobRunner: OutputCommitter set in config org.apache.hadoop.hive.ql.io.HiveFileFormatUtils$NullOutputCommitter
2024-04-24T05:22:29,806  INFO [Thread-2887] mapred.LocalJobRunner: OutputCommitter is org.apache.hadoop.hive.ql.io.HiveFileFormatUtils$NullOutputCommitter
2024-04-24T05:22:29,808  INFO [Thread-2887] mapred.LocalJobRunner: Waiting for map tasks
2024-04-24T05:22:29,808  INFO [LocalJobRunner Map Task Executor #0] mapred.LocalJobRunner: Starting task: attempt_local1239124315_0044_m_000000_0
2024-04-24T05:22:29,810  INFO [LocalJobRunner Map Task Executor #0] mapred.Task:  Using ResourceCalculatorProcessTree : [ ]
2024-04-24T05:22:29,811  INFO [LocalJobRunner Map Task Executor #0] mapred.MapTask: Processing split: org.apache.hadoop.hive.ql.io.NullRowsInputFormat:file:/home/alex/Repositories/hive/ql/target/tmp/localscratchdir/60b21767-3741-46b4-add5-ecda5376357f/hive_2024-04-24_05-22-29_193_9186749870237461901-1/dummy_path/null:0+1
2024-04-24T05:22:29,813  INFO [LocalJobRunner Map Task Executor #0] exec.SerializationUtilities: Deserializing MapWork using kryo
2024-04-24T05:22:29,813  INFO [LocalJobRunner Map Task Executor #0] exec.Utilities: Deserialized plan (via FILE) - name: null size: 5,03KB
2024-04-24T05:22:29,814  INFO [LocalJobRunner Map Task Executor #0] mapred.MapTask: numReduceTasks: 2
2024-04-24T05:22:29,818  INFO [LocalJobRunner Map Task Executor #0] mapred.MapTask: (EQUATOR) 0 kvi 26214396(104857584)
2024-04-24T05:22:29,818  INFO [LocalJobRunner Map Task Executor #0] mapred.MapTask: mapreduce.task.io.sort.mb: 100
2024-04-24T05:22:29,818  INFO [LocalJobRunner Map Task Executor #0] mapred.MapTask: soft limit at 83886080
2024-04-24T05:22:29,818  INFO [LocalJobRunner Map Task Executor #0] mapred.MapTask: bufstart = 0; bufvoid = 104857600
2024-04-24T05:22:29,818  INFO [LocalJobRunner Map Task Executor #0] mapred.MapTask: kvstart = 26214396; length = 6553600
2024-04-24T05:22:29,819  INFO [LocalJobRunner Map Task Executor #0] mapred.MapTask: Map output collector class = org.apache.hadoop.mapred.MapTask$MapOutputBuffer
2024-04-24T05:22:29,819  INFO [LocalJobRunner Map Task Executor #0] exec.MapOperator: Initializing Operator: MAP[0]
2024-04-24T05:22:29,819  INFO [LocalJobRunner Map Task Executor #0] mr.ExecMapper: 
<MAP>Id =0
  <Children>null
  <\Children>
  <Parent><\Parent>
<\MAP>
2024-04-24T05:22:29,820  INFO [LocalJobRunner Map Task Executor #0] exec.TableScanOperator: Initializing Operator: TS[0]
2024-04-24T05:22:29,820  INFO [LocalJobRunner Map Task Executor #0] exec.SelectOperator: Initializing Operator: SEL[1]
2024-04-24T05:22:29,820  INFO [LocalJobRunner Map Task Executor #0] exec.SelectOperator: SELECT null
2024-04-24T05:22:29,820  INFO [LocalJobRunner Map Task Executor #0] exec.UDTFOperator: Initializing Operator: UDTF[2]
2024-04-24T05:22:29,820  INFO [LocalJobRunner Map Task Executor #0] exec.SelectOperator: Initializing Operator: SEL[3]
2024-04-24T05:22:29,820  INFO [LocalJobRunner Map Task Executor #0] exec.SelectOperator: SELECT struct<col1:int,col2:int>
2024-04-24T05:22:29,821  INFO [LocalJobRunner Map Task Executor #0] exec.ReduceSinkOperator: Initializing Operator: RS[4]
2024-04-24T05:22:29,821  INFO [LocalJobRunner Map Task Executor #0] exec.ReduceSinkOperator: Using tag = -1
2024-04-24T05:22:29,821  INFO [LocalJobRunner Map Task Executor #0] exec.ReduceSinkOperator: keys are [reducesinkkey0] num distributions: 1
2024-04-24T05:22:29,821  INFO [LocalJobRunner Map Task Executor #0] exec.ReduceSinkOperator: RS[4]: records written - 1
2024-04-24T05:22:29,821  INFO [LocalJobRunner Map Task Executor #0] exec.MapOperator: MAP[0]: records read - 1
2024-04-24T05:22:29,822  INFO [LocalJobRunner Map Task Executor #0] exec.MapOperator: Closing Operator: MAP[0]
2024-04-24T05:22:29,822  INFO [LocalJobRunner Map Task Executor #0] exec.MapOperator: MAP[0]: Total records read - 3. abort - false
2024-04-24T05:22:29,822  INFO [LocalJobRunner Map Task Executor #0] exec.MapOperator: RECORDS_OUT_OPERATOR_MAP_0:0, RECORDS_IN:3, DESERIALIZE_ERRORS:0, RECORDS_OUT_INTERMEDIATE:0, 
2024-04-24T05:22:29,822  INFO [LocalJobRunner Map Task Executor #0] exec.TableScanOperator: Closing Operator: TS[0]
2024-04-24T05:22:29,822  INFO [LocalJobRunner Map Task Executor #0] exec.TableScanOperator: RECORDS_OUT_INTERMEDIATE:0, RECORDS_OUT_OPERATOR_TS_0:1, 
2024-04-24T05:22:29,822  INFO [LocalJobRunner Map Task Executor #0] exec.SelectOperator: Closing Operator: SEL[1]
2024-04-24T05:22:29,822  INFO [LocalJobRunner Map Task Executor #0] exec.SelectOperator: RECORDS_OUT_INTERMEDIATE:0, RECORDS_OUT_OPERATOR_SEL_1:1, 
2024-04-24T05:22:29,822  INFO [LocalJobRunner Map Task Executor #0] exec.UDTFOperator: Closing Operator: UDTF[2]
2024-04-24T05:22:29,822  INFO [LocalJobRunner Map Task Executor #0] exec.UDTFOperator: RECORDS_OUT_INTERMEDIATE:0, RECORDS_OUT_OPERATOR_UDTF_2:5, 
2024-04-24T05:22:29,822  INFO [LocalJobRunner Map Task Executor #0] exec.SelectOperator: Closing Operator: SEL[3]
2024-04-24T05:22:29,822  INFO [LocalJobRunner Map Task Executor #0] exec.SelectOperator: RECORDS_OUT_INTERMEDIATE:0, RECORDS_OUT_OPERATOR_SEL_3:5, 
2024-04-24T05:22:29,822  INFO [LocalJobRunner Map Task Executor #0] exec.ReduceSinkOperator: Closing Operator: RS[4]
2024-04-24T05:22:29,822  INFO [LocalJobRunner Map Task Executor #0] exec.ReduceSinkOperator: RS[4]: Total records written - 5. abort - false
2024-04-24T05:22:29,822  INFO [LocalJobRunner Map Task Executor #0] exec.ReduceSinkOperator: RECORDS_OUT_INTERMEDIATE:5, RECORDS_OUT_OPERATOR_RS_4:5, 
2024-04-24T05:22:29,825  INFO [LocalJobRunner Map Task Executor #0] mapred.LocalJobRunner: 
2024-04-24T05:22:29,825  INFO [LocalJobRunner Map Task Executor #0] mapred.MapTask: Starting flush of map output
2024-04-24T05:22:29,825  INFO [LocalJobRunner Map Task Executor #0] mapred.MapTask: Spilling map output
2024-04-24T05:22:29,825  INFO [LocalJobRunner Map Task Executor #0] mapred.MapTask: bufstart = 0; bufend = 80; bufvoid = 104857600
2024-04-24T05:22:29,825  INFO [LocalJobRunner Map Task Executor #0] mapred.MapTask: kvstart = 26214396(104857584); kvend = 26214380(104857520); length = 17/6553600
2024-04-24T05:22:29,835  INFO [LocalJobRunner Map Task Executor #0] mapred.MapTask: Finished spill 0
2024-04-24T05:22:29,840  INFO [LocalJobRunner Map Task Executor #0] mapred.Task: Task:attempt_local1239124315_0044_m_000000_0 is done. And is in the process of committing
2024-04-24T05:22:29,841  INFO [LocalJobRunner Map Task Executor #0] mapred.LocalJobRunner: map
2024-04-24T05:22:29,841  INFO [LocalJobRunner Map Task Executor #0] mapred.Task: Task 'attempt_local1239124315_0044_m_000000_0' done.
2024-04-24T05:22:29,841  INFO [LocalJobRunner Map Task Executor #0] mapred.Task: Final Counters for attempt_local1239124315_0044_m_000000_0: Counters: 26
	File System Counters
		FILE: Number of bytes read=976751
		FILE: Number of bytes written=51826875
		FILE: Number of read operations=0
		FILE: Number of large read operations=0
		FILE: Number of write operations=0
	Map-Reduce Framework
		Map input records=4
		Map output records=5
		Map output bytes=80
		Map output materialized bytes=102
		Input split bytes=361
		Combine input records=0
		Spilled Records=5
		Failed Shuffles=0
		Merged Map outputs=0
		GC time elapsed (ms)=0
		Total committed heap usage (bytes)=1247281152
	HIVE
		DESERIALIZE_ERRORS=0
		RECORDS_IN=3
		RECORDS_OUT_INTERMEDIATE=5
		RECORDS_OUT_OPERATOR_MAP_0=0
		RECORDS_OUT_OPERATOR_RS_4=5
		RECORDS_OUT_OPERATOR_SEL_1=1
		RECORDS_OUT_OPERATOR_SEL_3=5
		RECORDS_OUT_OPERATOR_TS_0=1
		RECORDS_OUT_OPERATOR_UDTF_2=5
	File Input Format Counters 
		Bytes Read=5080
2024-04-24T05:22:29,841  INFO [LocalJobRunner Map Task Executor #0] mapred.LocalJobRunner: Finishing task: attempt_local1239124315_0044_m_000000_0
2024-04-24T05:22:29,841  INFO [Thread-2887] mapred.LocalJobRunner: map task executor complete.
2024-04-24T05:22:29,842  INFO [Thread-2887] mapred.LocalJobRunner: Waiting for reduce tasks
2024-04-24T05:22:29,842  INFO [pool-196-thread-1] mapred.LocalJobRunner: Starting task: attempt_local1239124315_0044_r_000000_0
2024-04-24T05:22:29,845  INFO [pool-196-thread-1] mapred.Task:  Using ResourceCalculatorProcessTree : [ ]
2024-04-24T05:22:29,845  INFO [pool-196-thread-1] mapred.ReduceTask: Using ShuffleConsumerPlugin: org.apache.hadoop.mapreduce.task.reduce.Shuffle@50d471c9
2024-04-24T05:22:29,845  WARN [pool-196-thread-1] impl.MetricsSystemImpl: JobTracker metrics system already initialized!
2024-04-24T05:22:29,846  INFO [pool-196-thread-1] reduce.MergeManagerImpl: MergerManager: memoryLimit=1336252800, maxSingleShuffleLimit=334063200, mergeThreshold=881926912, ioSortFactor=10, memToMemMergeOutputsThreshold=10
2024-04-24T05:22:29,846  INFO [EventFetcher for fetching Map Completion Events] reduce.EventFetcher: attempt_local1239124315_0044_r_000000_0 Thread started: EventFetcher for fetching Map Completion Events
2024-04-24T05:22:29,849  INFO [localfetcher#27] reduce.LocalFetcher: localfetcher#27 about to shuffle output of map attempt_local1239124315_0044_m_000000_0 decomp: 38 len: 42 to MEMORY
2024-04-24T05:22:29,849  INFO [localfetcher#27] reduce.InMemoryMapOutput: Read 38 bytes from map-output for attempt_local1239124315_0044_m_000000_0
2024-04-24T05:22:29,849  INFO [localfetcher#27] reduce.MergeManagerImpl: closeInMemoryFile -> map-output of size: 38, inMemoryMapOutputs.size() -> 1, commitMemory -> 0, usedMemory ->38
2024-04-24T05:22:29,849  INFO [EventFetcher for fetching Map Completion Events] reduce.EventFetcher: EventFetcher is interrupted.. Returning
2024-04-24T05:22:29,850  INFO [pool-196-thread-1] mapred.LocalJobRunner: 1 / 1 copied.
2024-04-24T05:22:29,850  INFO [pool-196-thread-1] reduce.MergeManagerImpl: finalMerge called with 1 in-memory map-outputs and 0 on-disk map-outputs
2024-04-24T05:22:29,856  INFO [pool-196-thread-1] mapred.Merger: Merging 1 sorted segments
2024-04-24T05:22:29,856  INFO [pool-196-thread-1] mapred.Merger: Down to the last merge-pass, with 1 segments left of total size: 26 bytes
2024-04-24T05:22:29,858  INFO [pool-196-thread-1] reduce.MergeManagerImpl: Merged 1 segments, 38 bytes to disk to satisfy reduce memory limit
2024-04-24T05:22:29,859  INFO [pool-196-thread-1] reduce.MergeManagerImpl: Merging 1 files, 42 bytes from disk
2024-04-24T05:22:29,859  INFO [pool-196-thread-1] reduce.MergeManagerImpl: Merging 0 segments, 0 bytes from memory into reduce
2024-04-24T05:22:29,859  INFO [pool-196-thread-1] mapred.Merger: Merging 1 sorted segments
2024-04-24T05:22:29,859  INFO [pool-196-thread-1] mapred.Merger: Down to the last merge-pass, with 1 segments left of total size: 26 bytes
2024-04-24T05:22:29,859  INFO [pool-196-thread-1] mapred.LocalJobRunner: 1 / 1 copied.
2024-04-24T05:22:29,859  INFO [pool-196-thread-1] exec.SerializationUtilities: Deserializing ReduceWork using kryo
2024-04-24T05:22:29,860  INFO [pool-196-thread-1] exec.Utilities: Deserialized plan (via FILE) - name: null size: 5,99KB
2024-04-24T05:22:29,860  INFO [pool-196-thread-1] ExecReducer: 
<SEL>Id =5
  <Children>
    <FS>Id =6
      <Children>
      <\Children>
      <Parent>Id = 5 null<\Parent>
    <\FS>
  <\Children>
  <Parent><\Parent>
<\SEL>
2024-04-24T05:22:29,860  INFO [pool-196-thread-1] exec.SelectOperator: Initializing Operator: SEL[5]
2024-04-24T05:22:29,860  INFO [pool-196-thread-1] exec.SelectOperator: SELECT struct<key:struct<reducesinkkey0:int>,value:struct<_col0:int>>
2024-04-24T05:22:29,861  INFO [pool-196-thread-1] exec.FileSinkOperator: Initializing Operator: FS[6]
2024-04-24T05:22:29,861  INFO [pool-196-thread-1] exec.FileSinkOperator: Using serializer : AbstractSerDe [log=org.apache.logging.slf4j.Log4jLogger@5c8da227, configuration=Optional[Configuration: core-default.xml, core-site.xml, mapred-default.xml, mapred-site.xml, yarn-default.xml, yarn-site.xml, hdfs-default.xml, hdfs-site.xml, file:/home/alex/Repositories/hive/ql/target/tmp/TestTxnNoBuckets/mapred/local/localRunner/alex/job_local1239124315_0044/job_local1239124315_0044.xml], properties={transactional_properties=default, name=default.acidtbl, transactional=true, columns.types=int:int, bucket_field_name=a, columns=a,b, numFilesErasureCoded=0, columns.comments=&amp#0;, bucketing_version=2, bucket_count=2, serialization.lib=org.apache.hadoop.hive.ql.io.orc.OrcSerde, file.inputformat=org.apache.hadoop.hive.ql.io.orc.OrcInputFormat, file.outputformat=org.apache.hadoop.hive.ql.io.orc.OrcOutputFormat, location=file:/home/alex/Repositories/hive/ql/target/tmp/org.apache.hadoop.hive.ql.TestTxnNoBuckets-1713961246971/warehouse/acidtbl, column.name.delimiter=,}, tableProperties={transactional_properties=default, name=default.acidtbl, transactional=true, columns.types=int:int, bucket_field_name=a, columns=a,b, numFilesErasureCoded=0, columns.comments=&amp#0;, bucketing_version=2, bucket_count=2, serialization.lib=org.apache.hadoop.hive.ql.io.orc.OrcSerde, file.inputformat=org.apache.hadoop.hive.ql.io.orc.OrcInputFormat, location=file:/home/alex/Repositories/hive/ql/target/tmp/org.apache.hadoop.hive.ql.TestTxnNoBuckets-1713961246971/warehouse/acidtbl, file.outputformat=org.apache.hadoop.hive.ql.io.orc.OrcOutputFormat, column.name.delimiter=,}, partitionProperties=Optional.empty, columnNames=[a, b], columnTypes=[int, int], getClass()=class org.apache.hadoop.hive.ql.io.orc.OrcSerde] and formatter : org.apache.hadoop.hive.ql.io.orc.OrcOutputFormat@75cb0335
2024-04-24T05:22:29,861  INFO [pool-196-thread-1] exec.FileSinkOperator: Final Path: FS file:/home/alex/Repositories/hive/ql/target/tmp/org.apache.hadoop.hive.ql.TestTxnNoBuckets-1713961246971/warehouse/acidtbl
2024-04-24T05:22:29,861  INFO [pool-196-thread-1] exec.FileSinkOperator: New Final Path: FS file:/home/alex/Repositories/hive/ql/target/tmp/org.apache.hadoop.hive.ql.TestTxnNoBuckets-1713961246971/warehouse/acidtbl
2024-04-24T05:22:29,861  INFO [pool-196-thread-1] common.FileUtils: Creating directory if it doesn't exist: file:/home/alex/Repositories/hive/ql/target/tmp/org.apache.hadoop.hive.ql.TestTxnNoBuckets-1713961246971/warehouse
2024-04-24T05:22:29,862  INFO [pool-196-thread-1] exec.FileSinkOperator: FS[6]: records written - 1
2024-04-24T05:22:29,862  INFO [pool-196-thread-1] impl.PhysicalFsWriter: ORC writer created for path: file:/home/alex/Repositories/hive/ql/target/tmp/org.apache.hadoop.hive.ql.TestTxnNoBuckets-1713961246971/warehouse/acidtbl/delta_0000001_0000001_0000/bucket_00000_0 with stripeSize: 8388608 blockSize: 268435456 compression: Compress: ZLIB buffer: 32768
2024-04-24T05:22:29,869  INFO [pool-196-thread-1] impl.WriterImpl: ORC writer created for path: file:/home/alex/Repositories/hive/ql/target/tmp/org.apache.hadoop.hive.ql.TestTxnNoBuckets-1713961246971/warehouse/acidtbl/delta_0000001_0000001_0000/bucket_00000_0 with stripeSize: 8388608 options: Compress: ZLIB buffer: 32768
2024-04-24T05:22:29,874  INFO [pool-196-thread-1] exec.SelectOperator: Closing Operator: SEL[5]
2024-04-24T05:22:29,874  INFO [pool-196-thread-1] exec.SelectOperator: RECORDS_OUT_INTERMEDIATE:0, RECORDS_OUT_OPERATOR_SEL_5:2, 
2024-04-24T05:22:29,874  INFO [pool-196-thread-1] exec.FileSinkOperator: Closing Operator: FS[6]
2024-04-24T05:22:29,874  INFO [pool-196-thread-1] exec.FileSinkOperator: FS[6]: records written - 2
2024-04-24T05:22:29,876  INFO [pool-196-thread-1] FileOperations: Writing manifest to file:/home/alex/Repositories/hive/ql/target/tmp/org.apache.hadoop.hive.ql.TestTxnNoBuckets-1713961246971/warehouse/acidtbl/_tmp.delta_0000001_0000001_0000/000000_0.manifest with [file:/home/alex/Repositories/hive/ql/target/tmp/org.apache.hadoop.hive.ql.TestTxnNoBuckets-1713961246971/warehouse/acidtbl/delta_0000001_0000001_0000/bucket_00000_0]
2024-04-24T05:22:29,888  INFO [pool-196-thread-1] exec.FileSinkOperator: TOTAL_TABLE_ROWS_WRITTEN:2, RECORDS_OUT_INTERMEDIATE:0, RECORDS_OUT_1_default.acidtbl:2, RECORDS_OUT_OPERATOR_FS_6:2, 
2024-04-24T05:22:29,888  INFO [pool-196-thread-1] mapred.Task: Task:attempt_local1239124315_0044_r_000000_0 is done. And is in the process of committing
2024-04-24T05:22:29,888  INFO [pool-196-thread-1] mapred.LocalJobRunner: reduce > reduce
2024-04-24T05:22:29,888  INFO [pool-196-thread-1] mapred.Task: Task 'attempt_local1239124315_0044_r_000000_0' done.
2024-04-24T05:22:29,888  INFO [pool-196-thread-1] mapred.Task: Final Counters for attempt_local1239124315_0044_r_000000_0: Counters: 30
	File System Counters
		FILE: Number of bytes read=982996
		FILE: Number of bytes written=51827950
		FILE: Number of read operations=0
		FILE: Number of large read operations=0
		FILE: Number of write operations=0
	Map-Reduce Framework
		Combine input records=0
		Combine output records=0
		Reduce input groups=2
		Reduce shuffle bytes=42
		Reduce input records=2
		Reduce output records=0
		Spilled Records=2
		Shuffled Maps =1
		Failed Shuffles=0
		Merged Map outputs=1
		GC time elapsed (ms)=0
		Total committed heap usage (bytes)=1247281152
	HIVE
		CREATED_FILES=1
		RECORDS_OUT_1_default.acidtbl=2
		RECORDS_OUT_INTERMEDIATE=0
		RECORDS_OUT_OPERATOR_FS_6=2
		RECORDS_OUT_OPERATOR_SEL_5=2
		TOTAL_TABLE_ROWS_WRITTEN=2
	Shuffle Errors
		BAD_ID=0
		CONNECTION=0
		IO_ERROR=0
		WRONG_LENGTH=0
		WRONG_MAP=0
		WRONG_REDUCE=0
	File Output Format Counters 
		Bytes Written=0
2024-04-24T05:22:29,888  INFO [pool-196-thread-1] mapred.LocalJobRunner: Finishing task: attempt_local1239124315_0044_r_000000_0
2024-04-24T05:22:29,888  INFO [pool-196-thread-1] mapred.LocalJobRunner: Starting task: attempt_local1239124315_0044_r_000001_0
2024-04-24T05:22:29,889  INFO [pool-196-thread-1] mapred.Task:  Using ResourceCalculatorProcessTree : [ ]
2024-04-24T05:22:29,889  INFO [pool-196-thread-1] mapred.ReduceTask: Using ShuffleConsumerPlugin: org.apache.hadoop.mapreduce.task.reduce.Shuffle@6ff1852f
2024-04-24T05:22:29,889  WARN [pool-196-thread-1] impl.MetricsSystemImpl: JobTracker metrics system already initialized!
2024-04-24T05:22:29,890  INFO [pool-196-thread-1] reduce.MergeManagerImpl: MergerManager: memoryLimit=1336252800, maxSingleShuffleLimit=334063200, mergeThreshold=881926912, ioSortFactor=10, memToMemMergeOutputsThreshold=10
2024-04-24T05:22:29,890  INFO [EventFetcher for fetching Map Completion Events] reduce.EventFetcher: attempt_local1239124315_0044_r_000001_0 Thread started: EventFetcher for fetching Map Completion Events
2024-04-24T05:22:29,893  INFO [localfetcher#28] reduce.LocalFetcher: localfetcher#28 about to shuffle output of map attempt_local1239124315_0044_m_000000_0 decomp: 56 len: 60 to MEMORY
2024-04-24T05:22:29,893  INFO [localfetcher#28] reduce.InMemoryMapOutput: Read 56 bytes from map-output for attempt_local1239124315_0044_m_000000_0
2024-04-24T05:22:29,893  INFO [localfetcher#28] reduce.MergeManagerImpl: closeInMemoryFile -> map-output of size: 56, inMemoryMapOutputs.size() -> 1, commitMemory -> 0, usedMemory ->56
2024-04-24T05:22:29,894  INFO [EventFetcher for fetching Map Completion Events] reduce.EventFetcher: EventFetcher is interrupted.. Returning
2024-04-24T05:22:29,894  INFO [pool-196-thread-1] mapred.LocalJobRunner: 1 / 1 copied.
2024-04-24T05:22:29,894  INFO [pool-196-thread-1] reduce.MergeManagerImpl: finalMerge called with 1 in-memory map-outputs and 0 on-disk map-outputs
2024-04-24T05:22:29,900  INFO [pool-196-thread-1] mapred.Merger: Merging 1 sorted segments
2024-04-24T05:22:29,900  INFO [pool-196-thread-1] mapred.Merger: Down to the last merge-pass, with 1 segments left of total size: 44 bytes
2024-04-24T05:22:29,902  INFO [pool-196-thread-1] reduce.MergeManagerImpl: Merged 1 segments, 56 bytes to disk to satisfy reduce memory limit
2024-04-24T05:22:29,903  INFO [pool-196-thread-1] reduce.MergeManagerImpl: Merging 1 files, 60 bytes from disk
2024-04-24T05:22:29,903  INFO [pool-196-thread-1] reduce.MergeManagerImpl: Merging 0 segments, 0 bytes from memory into reduce
2024-04-24T05:22:29,903  INFO [pool-196-thread-1] mapred.Merger: Merging 1 sorted segments
2024-04-24T05:22:29,903  INFO [pool-196-thread-1] mapred.Merger: Down to the last merge-pass, with 1 segments left of total size: 44 bytes
2024-04-24T05:22:29,903  INFO [pool-196-thread-1] mapred.LocalJobRunner: 1 / 1 copied.
2024-04-24T05:22:29,903  INFO [pool-196-thread-1] exec.SerializationUtilities: Deserializing ReduceWork using kryo
2024-04-24T05:22:29,904  INFO [pool-196-thread-1] exec.Utilities: Deserialized plan (via FILE) - name: null size: 5,99KB
2024-04-24T05:22:29,905  INFO [pool-196-thread-1] ExecReducer: 
<SEL>Id =5
  <Children>
    <FS>Id =6
      <Children>
      <\Children>
      <Parent>Id = 5 null<\Parent>
    <\FS>
  <\Children>
  <Parent><\Parent>
<\SEL>
2024-04-24T05:22:29,905  INFO [pool-196-thread-1] exec.SelectOperator: Initializing Operator: SEL[5]
2024-04-24T05:22:29,905  INFO [pool-196-thread-1] exec.SelectOperator: SELECT struct<key:struct<reducesinkkey0:int>,value:struct<_col0:int>>
2024-04-24T05:22:29,905  INFO [pool-196-thread-1] exec.FileSinkOperator: Initializing Operator: FS[6]
2024-04-24T05:22:29,905  INFO [pool-196-thread-1] exec.FileSinkOperator: Using serializer : AbstractSerDe [log=org.apache.logging.slf4j.Log4jLogger@5c8da227, configuration=Optional[Configuration: core-default.xml, core-site.xml, mapred-default.xml, mapred-site.xml, yarn-default.xml, yarn-site.xml, hdfs-default.xml, hdfs-site.xml, file:/home/alex/Repositories/hive/ql/target/tmp/TestTxnNoBuckets/mapred/local/localRunner/alex/job_local1239124315_0044/job_local1239124315_0044.xml], properties={transactional_properties=default, name=default.acidtbl, transactional=true, columns.types=int:int, bucket_field_name=a, columns=a,b, numFilesErasureCoded=0, columns.comments=&amp#0;, bucketing_version=2, bucket_count=2, serialization.lib=org.apache.hadoop.hive.ql.io.orc.OrcSerde, file.inputformat=org.apache.hadoop.hive.ql.io.orc.OrcInputFormat, file.outputformat=org.apache.hadoop.hive.ql.io.orc.OrcOutputFormat, location=file:/home/alex/Repositories/hive/ql/target/tmp/org.apache.hadoop.hive.ql.TestTxnNoBuckets-1713961246971/warehouse/acidtbl, column.name.delimiter=,}, tableProperties={transactional_properties=default, name=default.acidtbl, transactional=true, columns.types=int:int, bucket_field_name=a, columns=a,b, numFilesErasureCoded=0, columns.comments=&amp#0;, bucketing_version=2, bucket_count=2, serialization.lib=org.apache.hadoop.hive.ql.io.orc.OrcSerde, file.inputformat=org.apache.hadoop.hive.ql.io.orc.OrcInputFormat, location=file:/home/alex/Repositories/hive/ql/target/tmp/org.apache.hadoop.hive.ql.TestTxnNoBuckets-1713961246971/warehouse/acidtbl, file.outputformat=org.apache.hadoop.hive.ql.io.orc.OrcOutputFormat, column.name.delimiter=,}, partitionProperties=Optional.empty, columnNames=[a, b], columnTypes=[int, int], getClass()=class org.apache.hadoop.hive.ql.io.orc.OrcSerde] and formatter : org.apache.hadoop.hive.ql.io.orc.OrcOutputFormat@4cb4d594
2024-04-24T05:22:29,906  INFO [pool-196-thread-1] exec.FileSinkOperator: Final Path: FS file:/home/alex/Repositories/hive/ql/target/tmp/org.apache.hadoop.hive.ql.TestTxnNoBuckets-1713961246971/warehouse/acidtbl
2024-04-24T05:22:29,906  INFO [pool-196-thread-1] exec.FileSinkOperator: New Final Path: FS file:/home/alex/Repositories/hive/ql/target/tmp/org.apache.hadoop.hive.ql.TestTxnNoBuckets-1713961246971/warehouse/acidtbl
2024-04-24T05:22:29,906  INFO [pool-196-thread-1] common.FileUtils: Creating directory if it doesn't exist: file:/home/alex/Repositories/hive/ql/target/tmp/org.apache.hadoop.hive.ql.TestTxnNoBuckets-1713961246971/warehouse
2024-04-24T05:22:29,906  INFO [pool-196-thread-1] exec.FileSinkOperator: FS[6]: records written - 1
2024-04-24T05:22:29,906  INFO [pool-196-thread-1] impl.PhysicalFsWriter: ORC writer created for path: file:/home/alex/Repositories/hive/ql/target/tmp/org.apache.hadoop.hive.ql.TestTxnNoBuckets-1713961246971/warehouse/acidtbl/delta_0000001_0000001_0000/bucket_00001_0 with stripeSize: 8388608 blockSize: 268435456 compression: Compress: ZLIB buffer: 32768
2024-04-24T05:22:29,911  INFO [pool-196-thread-1] impl.WriterImpl: ORC writer created for path: file:/home/alex/Repositories/hive/ql/target/tmp/org.apache.hadoop.hive.ql.TestTxnNoBuckets-1713961246971/warehouse/acidtbl/delta_0000001_0000001_0000/bucket_00001_0 with stripeSize: 8388608 options: Compress: ZLIB buffer: 32768
2024-04-24T05:22:29,911  INFO [pool-196-thread-1] exec.SelectOperator: Closing Operator: SEL[5]
2024-04-24T05:22:29,912  INFO [pool-196-thread-1] exec.SelectOperator: RECORDS_OUT_INTERMEDIATE:0, RECORDS_OUT_OPERATOR_SEL_5:3, 
2024-04-24T05:22:29,912  INFO [pool-196-thread-1] exec.FileSinkOperator: Closing Operator: FS[6]
2024-04-24T05:22:29,912  INFO [pool-196-thread-1] exec.FileSinkOperator: FS[6]: records written - 3
2024-04-24T05:22:29,913  INFO [pool-196-thread-1] FileOperations: Writing manifest to file:/home/alex/Repositories/hive/ql/target/tmp/org.apache.hadoop.hive.ql.TestTxnNoBuckets-1713961246971/warehouse/acidtbl/_tmp.delta_0000001_0000001_0000/000001_0.manifest with [file:/home/alex/Repositories/hive/ql/target/tmp/org.apache.hadoop.hive.ql.TestTxnNoBuckets-1713961246971/warehouse/acidtbl/delta_0000001_0000001_0000/bucket_00001_0]
2024-04-24T05:22:29,923  INFO [pool-196-thread-1] exec.FileSinkOperator: RECORDS_OUT_1_default.acidtbl:3, TOTAL_TABLE_ROWS_WRITTEN:3, RECORDS_OUT_INTERMEDIATE:0, RECORDS_OUT_OPERATOR_FS_6:3, 
2024-04-24T05:22:29,923  INFO [pool-196-thread-1] mapred.Task: Task:attempt_local1239124315_0044_r_000001_0 is done. And is in the process of committing
2024-04-24T05:22:29,923  INFO [pool-196-thread-1] mapred.LocalJobRunner: reduce > reduce
2024-04-24T05:22:29,923  INFO [pool-196-thread-1] mapred.Task: Task 'attempt_local1239124315_0044_r_000001_0' done.
2024-04-24T05:22:29,923  INFO [pool-196-thread-1] mapred.Task: Final Counters for attempt_local1239124315_0044_r_000001_0: Counters: 30
	File System Counters
		FILE: Number of bytes read=989217
		FILE: Number of bytes written=51829046
		FILE: Number of read operations=0
		FILE: Number of large read operations=0
		FILE: Number of write operations=0
	Map-Reduce Framework
		Combine input records=0
		Combine output records=0
		Reduce input groups=3
		Reduce shuffle bytes=60
		Reduce input records=3
		Reduce output records=0
		Spilled Records=3
		Shuffled Maps =1
		Failed Shuffles=0
		Merged Map outputs=1
		GC time elapsed (ms)=0
		Total committed heap usage (bytes)=1247281152
	HIVE
		CREATED_FILES=1
		RECORDS_OUT_1_default.acidtbl=3
		RECORDS_OUT_INTERMEDIATE=0
		RECORDS_OUT_OPERATOR_FS_6=3
		RECORDS_OUT_OPERATOR_SEL_5=3
		TOTAL_TABLE_ROWS_WRITTEN=3
	Shuffle Errors
		BAD_ID=0
		CONNECTION=0
		IO_ERROR=0
		WRONG_LENGTH=0
		WRONG_MAP=0
		WRONG_REDUCE=0
	File Output Format Counters 
		Bytes Written=0
2024-04-24T05:22:29,923  INFO [pool-196-thread-1] mapred.LocalJobRunner: Finishing task: attempt_local1239124315_0044_r_000001_0
2024-04-24T05:22:29,923  INFO [Thread-2887] mapred.LocalJobRunner: reduce task executor complete.
2024-04-24 05:22:30,808 Stage-1 map = 100%,  reduce = 100%
2024-04-24T05:22:30,808  INFO [main] exec.Task: 2024-04-24 05:22:30,808 Stage-1 map = 100%,  reduce = 100%
Ended Job = job_local1239124315_0044
2024-04-24T05:22:30,810  INFO [main] exec.Task: Ended Job = job_local1239124315_0044
2024-04-24T05:22:30,811  INFO [main] FileOperations: Found manifest file file:/home/alex/Repositories/hive/ql/target/tmp/org.apache.hadoop.hive.ql.TestTxnNoBuckets-1713961246971/warehouse/acidtbl/_tmp.delta_0000001_0000001_0000/000000_0.manifest with attemptId 0.
2024-04-24T05:22:30,811  INFO [main] FileOperations: Found manifest file file:/home/alex/Repositories/hive/ql/target/tmp/org.apache.hadoop.hive.ql.TestTxnNoBuckets-1713961246971/warehouse/acidtbl/_tmp.delta_0000001_0000001_0000/000001_0.manifest with attemptId 0.
2024-04-24T05:22:30,811  INFO [main] FileOperations: Looking at manifest file: file:/home/alex/Repositories/hive/ql/target/tmp/org.apache.hadoop.hive.ql.TestTxnNoBuckets-1713961246971/warehouse/acidtbl/_tmp.delta_0000001_0000001_0000/000001_0.manifest
2024-04-24T05:22:30,811  INFO [main] FileOperations: Looking at manifest file: file:/home/alex/Repositories/hive/ql/target/tmp/org.apache.hadoop.hive.ql.TestTxnNoBuckets-1713961246971/warehouse/acidtbl/_tmp.delta_0000001_0000001_0000/000000_0.manifest
2024-04-24T05:22:30,812  INFO [main] FileOperations: Deleting manifest directory file:/home/alex/Repositories/hive/ql/target/tmp/org.apache.hadoop.hive.ql.TestTxnNoBuckets-1713961246971/warehouse/acidtbl/_tmp.delta_0000001_0000001_0000
2024-04-24T05:22:30,813  INFO [main] ql.Driver: Starting task [Stage-0:MOVE] in serial mode
Loading data to table default.acidtbl
2024-04-24T05:22:30,813  INFO [main] exec.Task: Loading data to table default.acidtbl from file:/home/alex/Repositories/hive/ql/target/tmp/org.apache.hadoop.hive.ql.TestTxnNoBuckets-1713961246971/warehouse/acidtbl
2024-04-24T05:22:30,813  INFO [main] HiveMetaStore.audit: ugi=alex	ip=unknown-ip-addr	cmd=get_table : tbl=hive.default.acidtbl	
2024-04-24T05:22:30,821  INFO [main] metastore.HMSHandler: Skipping translation for processor with null
2024-04-24T05:22:30,821  INFO [main] HiveMetaStore.audit: ugi=alex	ip=unknown-ip-addr	cmd=get_table : tbl=hive.default.acidtbl	
2024-04-24T05:22:30,828  INFO [main] metastore.HMSHandler: Skipping translation for processor with null
2024-04-24T05:22:30,828  INFO [main] HiveMetaStore.audit: ugi=alex	ip=unknown-ip-addr	cmd=alter_table: hive.default.acidtbl newtbl=acidtbl	
2024-04-24T05:22:30,860  INFO [main] ql.Driver: Starting task [Stage-2:STATS] in serial mode
2024-04-24T05:22:30,860  INFO [main] HiveMetaStore.audit: ugi=alex	ip=unknown-ip-addr	cmd=get_table : tbl=hive.default.acidtbl	
2024-04-24T05:22:30,867  INFO [main] metastore.HMSHandler: Skipping translation for processor with null
2024-04-24T05:22:30,867  INFO [main] stats.BasicStatsTask: Executing stats task
2024-04-24T05:22:30,868  INFO [main] fs.FSStatsPublisher: created : file:/home/alex/Repositories/hive/ql/target/tmp/localscratchdir/60b21767-3741-46b4-add5-ecda5376357f/hive_2024-04-24_05-22-29_193_9186749870237461901-1/-mr-10000
2024-04-24T05:22:30,869  INFO [main] HiveMetaStore.audit: ugi=alex	ip=unknown-ip-addr	cmd=get_table : tbl=hive.default.acidtbl	
2024-04-24T05:22:30,876  INFO [main] metastore.HMSHandler: Skipping translation for processor with null
2024-04-24T05:22:30,887  WARN [main] FileOperations: Computing stats for an ACID table; stats may be inaccurate
2024-04-24T05:22:30,888  INFO [main] FileOperations: Read stats for default.acidtbl/, numRows, true, 5, false: 
2024-04-24T05:22:30,888  INFO [main] FileOperations: Read stats for default.acidtbl/, rawDataSize, true, 0, false: 
2024-04-24T05:22:30,888  INFO [main] HiveMetaStore.audit: ugi=alex	ip=unknown-ip-addr	cmd=alter_table: hive.default.acidtbl newtbl=acidtbl	
2024-04-24T05:22:30,911  INFO [main] FileOperations: Read stats for default.acidtbl/, insertCount, true, 5, false: 
2024-04-24T05:22:30,911  INFO [main] FileOperations: Read stats for default.acidtbl/, updateCount, true, 0, false: 
2024-04-24T05:22:30,911  INFO [main] FileOperations: Read stats for default.acidtbl/, deleteCount, true, 0, false: 
2024-04-24T05:22:30,913  INFO [main] stats.BasicStatsTask: Table default.acidtbl stats: [numFiles=2, numRows=5, totalSize=1392, rawDataSize=0, numFilesErasureCoded=0]
2024-04-24T05:22:30,914  INFO [main] metadata.Hive: Dumping metastore api call timing information for : execution phase
2024-04-24T05:22:30,914  INFO [main] metadata.Hive: Total time spent in each metastore function (ms): {alter_table_(String, String, String, Table, EnvironmentContext, String)=55, getTable_(GetTableRequest)=29, updateTransactionalStatistics_(UpdateTransactionalStatsRequest)=2, isCompatibleWith_(Configuration)=0}
MapReduce Jobs Launched: 
2024-04-24T05:22:30,914  INFO [main] ql.Driver: MapReduce Jobs Launched: 
Stage-Stage-1:  HDFS Read: 0 HDFS Write: 0 SUCCESS
2024-04-24T05:22:30,914  INFO [main] ql.Driver: Stage-Stage-1:  HDFS Read: 0 HDFS Write: 0 SUCCESS
Total MapReduce CPU Time Spent: 0 msec
2024-04-24T05:22:30,914  INFO [main] ql.Driver: Total MapReduce CPU Time Spent: 0 msec
2024-04-24T05:22:30,914  INFO [main] ql.Driver: Completed executing command(queryId=alex_20240424052229_bd13e6f4-e483-4617-92a0-acbec06aec17); Time taken: 1.359 seconds
2024-04-24T05:22:30,914  INFO [main] lockmgr.DbTxnManager: Stopped heartbeat for query: alex_20240424052229_bd13e6f4-e483-4617-92a0-acbec06aec17
2024-04-24T05:22:30,924  INFO [main] txn.TxnHandler: Removed transactions: ([13]) from MIN_HISTORY_LEVEL
2024-04-24T05:22:30,924  WARN [main] txn.CompactionTxnHandler: No compaction queue record found for Compaction type transaction commit. txnId:13
2024-04-24T05:22:30,924  INFO [main] ql.TxnCommandsBaseForTests: Running the query: drop table if exists T
2024-04-24T05:22:30,924  INFO [main] ql.Context: Deleting scratch dir: file:/home/alex/Repositories/hive/ql/target/tmp/localscratchdir/60b21767-3741-46b4-add5-ecda5376357f/hive_2024-04-24_05-22-29_193_9186749870237461901-1
2024-04-24T05:22:30,925  INFO [main] cleanup.SyncCleanupService: Deleted directory: file:/home/alex/Repositories/hive/ql/target/tmp/localscratchdir/60b21767-3741-46b4-add5-ecda5376357f/hive_2024-04-24_05-22-29_193_9186749870237461901-1 on fs with scheme file
2024-04-24T05:22:30,925  INFO [main] ql.Driver: Compiling command(queryId=alex_20240424052229_bd13e6f4-e483-4617-92a0-acbec06aec17): drop table if exists T
2024-04-24T05:22:30,927  INFO [main] txn.TxnHandler: Added entries to MIN_HISTORY_LEVEL for current txns: ([14]) with min_open_txn: 14
2024-04-24T05:22:30,928  INFO [main] lockmgr.DbTxnManager: Opened txnid:14
2024-04-24T05:22:30,928  INFO [main] HiveMetaStore.audit: ugi=alex	ip=unknown-ip-addr	cmd=get_table : tbl=hive.default.T	
2024-04-24T05:22:30,934  INFO [main] metastore.HMSHandler: Skipping translation for processor with null
2024-04-24T05:22:30,934  INFO [main] ql.Driver: Semantic Analysis Completed (retrial = false)
2024-04-24T05:22:30,934  INFO [main] ql.Driver: Created Hive schema: Schema(fieldSchemas:null, properties:null)
2024-04-24T05:22:30,934  INFO [main] metadata.Hive: Dumping metastore api call timing information for : compilation phase
2024-04-24T05:22:30,935  INFO [main] metadata.Hive: Total time spent in each metastore function (ms): {commitTxn_(CommitTxnRequest)=10, openTxn_(String, TxnType)=2, getTable_(GetTableRequest)=6, flushCache_()=0, getValidTxns_(long)=0, isCompatibleWith_(Configuration)=1}
2024-04-24T05:22:30,935  INFO [main] ql.Driver: Completed compiling command(queryId=alex_20240424052229_bd13e6f4-e483-4617-92a0-acbec06aec17); Time taken: 0.009 seconds
2024-04-24T05:22:30,935  INFO [main] lockmgr.DbTxnManager: Setting lock request transaction to txnid:14 for queryId=alex_20240424052229_bd13e6f4-e483-4617-92a0-acbec06aec17
2024-04-24T05:22:30,936  INFO [main] lockmgr.DbLockManager: Requesting lock for queryId=alex_20240424052229_bd13e6f4-e483-4617-92a0-acbec06aec17
2024-04-24T05:22:30,947  INFO [main] lockmgr.DbLockManager: Response to queryId=alex_20240424052229_bd13e6f4-e483-4617-92a0-acbec06aec17 LockResponse(lockid:8, state:ACQUIRED)
2024-04-24T05:22:30,947  INFO [main] ql.Driver: Operation DROPTABLE obtained 1 locks
2024-04-24T05:22:30,947  INFO [main] ql.Driver: Executing command(queryId=alex_20240424052229_bd13e6f4-e483-4617-92a0-acbec06aec17): drop table if exists T
2024-04-24T05:22:30,948  INFO [main] ql.Driver: Starting task [Stage-0:DDL] in serial mode
2024-04-24T05:22:30,948  INFO [main] HiveMetaStore.audit: ugi=alex	ip=unknown-ip-addr	cmd=get_table : tbl=hive.default.T	
2024-04-24T05:22:30,954  INFO [main] metastore.HMSHandler: Skipping translation for processor with null
2024-04-24T05:22:30,954  INFO [main] HiveMetaStore.audit: ugi=alex	ip=unknown-ip-addr	cmd=get_table : tbl=hive.default.T	
2024-04-24T05:22:30,960  INFO [main] metastore.HMSHandler: Skipping translation for processor with null
2024-04-24T05:22:30,960  INFO [main] HiveMetaStore.audit: ugi=alex	ip=unknown-ip-addr	cmd=drop_table : tbl=hive.default.T	
2024-04-24T05:22:31,072  WARN [main] utils.FileUtils: File file:/home/alex/Repositories/hive/ql/target/tmp/org.apache.hadoop.hive.ql.TestTxnNoBuckets-1713961246971/warehouse/t does not exist; Force to delete it.
2024-04-24T05:22:31,072 ERROR [main] utils.FileUtils: Failed to delete file:/home/alex/Repositories/hive/ql/target/tmp/org.apache.hadoop.hive.ql.TestTxnNoBuckets-1713961246971/warehouse/t
2024-04-24T05:22:31,072  INFO [main] metadata.Hive: Dumping metastore api call timing information for : execution phase
2024-04-24T05:22:31,072  INFO [main] metadata.Hive: Total time spent in each metastore function (ms): {dropTable_(String, String, boolean, boolean, boolean)=118, isCompatibleWith_(Configuration)=0, getTable_(GetTableRequest)=6}
2024-04-24T05:22:31,073  INFO [main] ql.Driver: Completed executing command(queryId=alex_20240424052229_bd13e6f4-e483-4617-92a0-acbec06aec17); Time taken: 0.125 seconds
2024-04-24T05:22:31,073  INFO [main] lockmgr.DbTxnManager: Stopped heartbeat for query: alex_20240424052229_bd13e6f4-e483-4617-92a0-acbec06aec17
2024-04-24T05:22:31,076  INFO [main] txn.TxnHandler: Expected to move at least one record from txn_components to completed_txn_components when committing txn! txnid:14
2024-04-24T05:22:31,081  INFO [main] txn.TxnHandler: Removed transactions: ([14]) from MIN_HISTORY_LEVEL
2024-04-24T05:22:31,082  WARN [main] txn.CompactionTxnHandler: No compaction queue record found for Compaction type transaction commit. txnId:14
2024-04-24T05:22:31,083  INFO [main] ql.TxnCommandsBaseForTests: Running the query: create table T (a int, b int) stored as ORC  TBLPROPERTIES ('transactional'='false')
2024-04-24T05:22:31,083  INFO [main] ql.Driver: Compiling command(queryId=alex_20240424052229_bd13e6f4-e483-4617-92a0-acbec06aec17): create table T (a int, b int) stored as ORC  TBLPROPERTIES ('transactional'='false')
2024-04-24T05:22:31,085  INFO [main] txn.TxnHandler: Added entries to MIN_HISTORY_LEVEL for current txns: ([15]) with min_open_txn: 14
2024-04-24T05:22:31,085  INFO [main] lockmgr.DbTxnManager: Opened txnid:15
2024-04-24T05:22:31,086  INFO [main] parse.CalcitePlanner: Starting caching scope for: alex_20240424052229_bd13e6f4-e483-4617-92a0-acbec06aec17
2024-04-24T05:22:31,086  INFO [main] parse.CalcitePlanner: Starting Semantic Analysis
2024-04-24T05:22:31,090  INFO [main] parse.CalcitePlanner: Creating table default.T position=13
2024-04-24T05:22:31,091  INFO [main] HiveMetaStore.audit: ugi=alex	ip=unknown-ip-addr	cmd=get_database: default	
2024-04-24T05:22:31,095  INFO [main] parse.CalcitePlanner: Ending caching scope for: alex_20240424052229_bd13e6f4-e483-4617-92a0-acbec06aec17
2024-04-24T05:22:31,095  INFO [main] ql.Driver: Semantic Analysis Completed (retrial = false)
2024-04-24T05:22:31,095  INFO [main] ql.Driver: Created Hive schema: Schema(fieldSchemas:null, properties:null)
2024-04-24T05:22:31,095  INFO [main] metadata.Hive: Dumping metastore api call timing information for : compilation phase
2024-04-24T05:22:31,095  INFO [main] metadata.Hive: Total time spent in each metastore function (ms): {flushCache_()=0, getValidWriteIds_(List, String)=4, commitTxn_(CommitTxnRequest)=10, openTxn_(String, TxnType)=1, getValidTxns_(long)=0, getDatabase_(String)=4, isCompatibleWith_(Configuration)=0}
2024-04-24T05:22:31,096  INFO [main] ql.Driver: Completed compiling command(queryId=alex_20240424052229_bd13e6f4-e483-4617-92a0-acbec06aec17); Time taken: 0.012 seconds
2024-04-24T05:22:31,096  INFO [main] lockmgr.DbTxnManager: Setting lock request transaction to txnid:15 for queryId=alex_20240424052229_bd13e6f4-e483-4617-92a0-acbec06aec17
2024-04-24T05:22:31,096  INFO [main] lockmgr.DbLockManager: Requesting lock for queryId=alex_20240424052229_bd13e6f4-e483-4617-92a0-acbec06aec17
2024-04-24T05:22:31,110  INFO [main] lockmgr.DbLockManager: Response to queryId=alex_20240424052229_bd13e6f4-e483-4617-92a0-acbec06aec17 LockResponse(lockid:9, state:ACQUIRED)
2024-04-24T05:22:31,110  INFO [main] ql.Driver: Operation CREATETABLE obtained 1 locks
2024-04-24T05:22:31,110  INFO [main] ql.Driver: Executing command(queryId=alex_20240424052229_bd13e6f4-e483-4617-92a0-acbec06aec17): create table T (a int, b int) stored as ORC  TBLPROPERTIES ('transactional'='false')
2024-04-24T05:22:31,110  INFO [main] ql.Driver: Starting task [Stage-0:DDL] in serial mode
2024-04-24T05:22:31,111  INFO [main] HiveMetaStore.audit: ugi=alex	ip=unknown-ip-addr	cmd=create_table_req: Table(tableName:T, dbName:default, owner:alex, createTime:1713961351, lastAccessTime:0, retention:0, sd:StorageDescriptor(cols:[FieldSchema(name:a, type:int, comment:null), FieldSchema(name:b, type:int, comment:null)], location:null, inputFormat:org.apache.hadoop.hive.ql.io.orc.OrcInputFormat, outputFormat:org.apache.hadoop.hive.ql.io.orc.OrcOutputFormat, compressed:false, numBuckets:-1, serdeInfo:SerDeInfo(name:null, serializationLib:org.apache.hadoop.hive.ql.io.orc.OrcSerde, parameters:{serialization.format=1}), bucketCols:[], sortCols:[], parameters:{}, skewedInfo:SkewedInfo(skewedColNames:[], skewedColValues:[], skewedColValueLocationMaps:{}), storedAsSubDirectories:false), partitionKeys:[], parameters:{numRows=0, rawDataSize=0, numFiles=0, transactional=false, bucketing_version=2, COLUMN_STATS_ACCURATE={"BASIC_STATS":"true","COLUMN_STATS":{"a":"true","b":"true"}}, totalSize=0, numFilesErasureCoded=0}, viewOriginalText:null, viewExpandedText:null, tableType:MANAGED_TABLE, privileges:PrincipalPrivilegeSet(userPrivileges:{alex=[PrivilegeGrantInfo(privilege:INSERT, createTime:-1, grantor:alex, grantorType:USER, grantOption:true), PrivilegeGrantInfo(privilege:SELECT, createTime:-1, grantor:alex, grantorType:USER, grantOption:true), PrivilegeGrantInfo(privilege:UPDATE, createTime:-1, grantor:alex, grantorType:USER, grantOption:true), PrivilegeGrantInfo(privilege:DELETE, createTime:-1, grantor:alex, grantorType:USER, grantOption:true)]}, groupPrivileges:null, rolePrivileges:null), temporary:false, catName:hive, ownerType:USER)	
2024-04-24T05:22:31,118  INFO [main] utils.FileUtils: Creating directory if it doesn't exist: file:/home/alex/Repositories/hive/ql/target/tmp/org.apache.hadoop.hive.ql.TestTxnNoBuckets-1713961246971/warehouse/t
2024-04-24T05:22:31,145  INFO [main] metadata.Hive: Dumping metastore api call timing information for : execution phase
2024-04-24T05:22:31,145  INFO [main] metadata.Hive: Total time spent in each metastore function (ms): {createTable_(Table)=34, isCompatibleWith_(Configuration)=0}
2024-04-24T05:22:31,146  INFO [main] ql.Driver: Completed executing command(queryId=alex_20240424052229_bd13e6f4-e483-4617-92a0-acbec06aec17); Time taken: 0.035 seconds
2024-04-24T05:22:31,146  INFO [main] lockmgr.DbTxnManager: Stopped heartbeat for query: alex_20240424052229_bd13e6f4-e483-4617-92a0-acbec06aec17
2024-04-24T05:22:31,149  INFO [main] txn.TxnHandler: Expected to move at least one record from txn_components to completed_txn_components when committing txn! txnid:15
2024-04-24T05:22:31,153  INFO [main] txn.TxnHandler: Removed transactions: ([15]) from MIN_HISTORY_LEVEL
2024-04-24T05:22:31,153  WARN [main] txn.CompactionTxnHandler: No compaction queue record found for Compaction type transaction commit. txnId:15
2024-04-24T05:22:31,154  INFO [main] ql.TxnCommandsBaseForTests: Running the query: insert into T(a,b) select a, b from acidTbl where a between 1 and 3 group by a, b union all select a, b from acidTbl where a between 5 and 7 union all select a, b from acidTbl where a >= 9
2024-04-24T05:22:31,154  INFO [main] ql.Driver: Compiling command(queryId=alex_20240424052229_bd13e6f4-e483-4617-92a0-acbec06aec17): insert into T(a,b) select a, b from acidTbl where a between 1 and 3 group by a, b union all select a, b from acidTbl where a between 5 and 7 union all select a, b from acidTbl where a >= 9
2024-04-24T05:22:31,157  INFO [main] txn.TxnHandler: Added entries to MIN_HISTORY_LEVEL for current txns: ([16]) with min_open_txn: 14
2024-04-24T05:22:31,157  INFO [main] lockmgr.DbTxnManager: Opened txnid:16
2024-04-24T05:22:31,157  INFO [main] parse.CalcitePlanner: Starting caching scope for: alex_20240424052229_bd13e6f4-e483-4617-92a0-acbec06aec17
2024-04-24T05:22:31,158  INFO [main] parse.CalcitePlanner: Starting Semantic Analysis
2024-04-24T05:22:31,160  INFO [main] HiveMetaStore.audit: ugi=alex	ip=unknown-ip-addr	cmd=get_table : tbl=hive.default.T	
2024-04-24T05:22:31,198  INFO [main] metastore.HMSHandler: Skipping translation for processor with null
2024-04-24T05:22:31,198  INFO [main] parse.CalcitePlanner: Completed phase 1 of Semantic Analysis
2024-04-24T05:22:31,198  INFO [main] parse.CalcitePlanner: Get metadata for source tables
2024-04-24T05:22:31,198  INFO [main] parse.CalcitePlanner: Get metadata for subqueries
2024-04-24T05:22:31,198  INFO [main] parse.CalcitePlanner: Get metadata for source tables
2024-04-24T05:22:31,201  INFO [main] HiveMetaStore.audit: ugi=alex	ip=unknown-ip-addr	cmd=get_table : tbl=hive.default.acidtbl	
2024-04-24T05:22:31,209  INFO [main] metastore.HMSHandler: Skipping translation for processor with null
2024-04-24T05:22:31,209  INFO [main] parse.CalcitePlanner: Get metadata for subqueries
2024-04-24T05:22:31,209  INFO [main] parse.CalcitePlanner: Get metadata for destination tables
2024-04-24T05:22:31,209  INFO [main] parse.CalcitePlanner: Get metadata for source tables
2024-04-24T05:22:31,209  INFO [main] parse.CalcitePlanner: Get metadata for subqueries
2024-04-24T05:22:31,209  INFO [main] parse.CalcitePlanner: Get metadata for destination tables
2024-04-24T05:22:31,209  INFO [main] parse.CalcitePlanner: Get metadata for source tables
2024-04-24T05:22:31,210  INFO [main] parse.CalcitePlanner: Get metadata for subqueries
2024-04-24T05:22:31,210  INFO [main] parse.CalcitePlanner: Get metadata for destination tables
2024-04-24T05:22:31,210  INFO [main] parse.CalcitePlanner: Get metadata for destination tables
2024-04-24T05:22:31,210  INFO [main] HiveMetaStore.audit: ugi=alex	ip=unknown-ip-addr	cmd=get_table : tbl=hive.default.T	
2024-04-24T05:22:31,223  INFO [main] metastore.HMSHandler: Skipping translation for processor with null
2024-04-24T05:22:31,223  INFO [main] parse.CalcitePlanner: Completed getting MetaData in Semantic Analysis
2024-04-24T05:22:31,224  INFO [main] parse.CalcitePlanner: Disabling LLAP IO encode as ETL query is detected
2024-04-24T05:22:31,235  INFO [main] HiveMetaStore.audit: ugi=alex	ip=unknown-ip-addr	cmd=get_all_table_constraints : tbl=hive.default.acidtbl	
2024-04-24T05:22:31,270  INFO [main] HiveMetaStore.audit: ugi=alex	ip=unknown-ip-addr	cmd=get_all_table_constraints : tbl=hive.default.acidtbl	
2024-04-24T05:22:31,281  INFO [main] HiveMetaStore.audit: ugi=alex	ip=unknown-ip-addr	cmd=get_all_table_constraints : tbl=hive.default.acidtbl	
2024-04-24T05:22:31,323  INFO [main] calcite.RelOptHiveTable: Calculating column statistics for default.acidtbl, projIndxSet: [0, 1], allowMissingStats: true
2024-04-24T05:22:31,324  INFO [main] HiveMetaStore.audit: ugi=alex	ip=unknown-ip-addr	cmd=get_table_statistics_req: table=hive.default.acidtbl	
2024-04-24T05:22:31,335  WARN [main] calcite.RelOptHiveTable: No Stats for default@acidtbl, Columns: b, a
No Stats for default@acidtbl, Columns: b, a
2024-04-24T05:22:31,335  INFO [main] SessionState: No Stats for default@acidtbl, Columns: b, a
2024-04-24T05:22:31,411  INFO [main] parse.CalcitePlanner: Get metadata for source tables
2024-04-24T05:22:31,411  INFO [main] parse.CalcitePlanner: Get metadata for subqueries
2024-04-24T05:22:31,411  INFO [main] parse.CalcitePlanner: Get metadata for source tables
2024-04-24T05:22:31,411  INFO [main] parse.CalcitePlanner: Get metadata for subqueries
2024-04-24T05:22:31,411  INFO [main] parse.CalcitePlanner: Get metadata for destination tables
2024-04-24T05:22:31,411  INFO [main] parse.CalcitePlanner: Get metadata for source tables
2024-04-24T05:22:31,411  INFO [main] parse.CalcitePlanner: Get metadata for subqueries
2024-04-24T05:22:31,411  INFO [main] parse.CalcitePlanner: Get metadata for destination tables
2024-04-24T05:22:31,411  INFO [main] parse.CalcitePlanner: Get metadata for source tables
2024-04-24T05:22:31,412  INFO [main] parse.CalcitePlanner: Get metadata for subqueries
2024-04-24T05:22:31,412  INFO [main] parse.CalcitePlanner: Get metadata for destination tables
2024-04-24T05:22:31,412  INFO [main] parse.CalcitePlanner: Get metadata for destination tables
2024-04-24T05:22:31,417  INFO [main] common.FileUtils: Creating directory if it doesn't exist: file:/home/alex/Repositories/hive/ql/target/tmp/org.apache.hadoop.hive.ql.TestTxnNoBuckets-1713961246971/warehouse/t/.hive-staging_hive_2024-04-24_05-22-31_154_5711673218230182481-1
2024-04-24T05:22:31,419  INFO [main] HiveMetaStore.audit: ugi=alex	ip=unknown-ip-addr	cmd=get_not_null_constraints : tbl=hive.default.t	
2024-04-24T05:22:31,420  INFO [main] HiveMetaStore.audit: ugi=alex	ip=unknown-ip-addr	cmd=get_check_constraints : tbl=hive.default.t	
2024-04-24T05:22:31,424  INFO [main] parse.CalcitePlanner: CBO Succeeded; optimized logical plan.
2024-04-24T05:22:31,429  INFO [main] optimizer.ColumnPrunerProcFactory: RS 4 oldColExprMap: {KEY._col0=Column[_col0], KEY._col1=Column[_col1]}
2024-04-24T05:22:31,429  INFO [main] optimizer.ColumnPrunerProcFactory: RS 4 newColExprMap: {KEY._col0=Column[_col0], KEY._col1=Column[_col1]}
2024-04-24T05:22:31,431  INFO [main] optimizer.SortedDynPartitionOptimizer: Sorted dynamic partitioning optimization kicked in..
2024-04-24T05:22:31,448  INFO [main] HiveMetaStore.audit: ugi=alex	ip=unknown-ip-addr	cmd=get_table : tbl=hive.default.t	
2024-04-24T05:22:31,457  INFO [main] metastore.HMSHandler: Skipping translation for processor with null
2024-04-24T05:22:31,475  INFO [main] parse.CalcitePlanner: Completed plan generation
2024-04-24T05:22:31,475  INFO [main] parse.CalcitePlanner: Ending caching scope for: alex_20240424052229_bd13e6f4-e483-4617-92a0-acbec06aec17
2024-04-24T05:22:31,475  INFO [main] ql.Driver: Semantic Analysis Completed (retrial = false)
2024-04-24T05:22:31,475  INFO [main] ql.Driver: Created Hive schema: Schema(fieldSchemas:[FieldSchema(name:_col0, type:int, comment:null), FieldSchema(name:_col1, type:int, comment:null)], properties:null)
2024-04-24T05:22:31,475  INFO [main] metadata.Hive: Dumping metastore api call timing information for : compilation phase
2024-04-24T05:22:31,475  INFO [main] metadata.Hive: Total time spent in each metastore function (ms): {getTableColumnStatistics_(String, String, List, String)=11, isCompatibleWith_(Configuration)=2, getValidWriteIds_(List, String)=4, openTxn_(String, TxnType)=2, commitTxn_(CommitTxnRequest)=7, getAllTableConstraints_(AllTableConstraintsRequest)=47, getNotNullConstraints_(NotNullConstraintsRequest)=1, getValidTxns_(long)=0, flushCache_()=0, getCheckConstraints_(CheckConstraintsRequest)=1, getTable_(GetTableRequest)=69}
2024-04-24T05:22:31,475  INFO [main] ql.Driver: Completed compiling command(queryId=alex_20240424052229_bd13e6f4-e483-4617-92a0-acbec06aec17); Time taken: 0.321 seconds
2024-04-24T05:22:31,476  INFO [main] lockmgr.DbTxnManager: Setting lock request transaction to txnid:16 for queryId=alex_20240424052229_bd13e6f4-e483-4617-92a0-acbec06aec17
2024-04-24T05:22:31,476  INFO [main] lockmgr.DbLockManager: Requesting lock for queryId=alex_20240424052229_bd13e6f4-e483-4617-92a0-acbec06aec17
2024-04-24T05:22:31,488  INFO [main] lockmgr.DbLockManager: Response to queryId=alex_20240424052229_bd13e6f4-e483-4617-92a0-acbec06aec17 LockResponse(lockid:10, state:ACQUIRED)
2024-04-24T05:22:31,488  INFO [main] ql.Driver: Operation QUERY obtained 1 locks
2024-04-24T05:22:31,491  INFO [main] ql.Driver: Executing command(queryId=alex_20240424052229_bd13e6f4-e483-4617-92a0-acbec06aec17): insert into T(a,b) select a, b from acidTbl where a between 1 and 3 group by a, b union all select a, b from acidTbl where a between 5 and 7 union all select a, b from acidTbl where a >= 9
2024-04-24T05:22:31,491  WARN [main] ql.Driver: Hive-on-MR is deprecated in Hive 2 and may not be available in the future versions. Consider using a different execution engine (i.e. tez, spark) or using Hive 1.X releases.
Query ID = alex_20240424052229_bd13e6f4-e483-4617-92a0-acbec06aec17
2024-04-24T05:22:31,491  INFO [main] ql.Driver: Query ID = alex_20240424052229_bd13e6f4-e483-4617-92a0-acbec06aec17
Total jobs = 2
2024-04-24T05:22:31,491  INFO [main] ql.Driver: Total jobs = 2
Launching Job 1 out of 2
2024-04-24T05:22:31,491  INFO [main] ql.Driver: Launching Job 1 out of 2
2024-04-24T05:22:31,612  INFO [main] ql.Driver: Starting task [Stage-1:MAPRED] in serial mode
2024-04-24T05:22:31,612  INFO [main] exec.Utilities: Not using thread pool for getContentSummary
2024-04-24T05:22:31,613  INFO [main] exec.Utilities: BytesPerReducer=256000000 maxReducers=1009 totalInputFileSize=1393
Number of reduce tasks not specified. Estimated from input data size: 1
2024-04-24T05:22:31,614  INFO [main] exec.Task: Number of reduce tasks not specified. Estimated from input data size: 1
In order to change the average load for a reducer (in bytes):
2024-04-24T05:22:31,614  INFO [main] exec.Task: In order to change the average load for a reducer (in bytes):
  set hive.exec.reducers.bytes.per.reducer=<number>
2024-04-24T05:22:31,614  INFO [main] exec.Task:   set hive.exec.reducers.bytes.per.reducer=<number>
In order to limit the maximum number of reducers:
2024-04-24T05:22:31,614  INFO [main] exec.Task: In order to limit the maximum number of reducers:
  set hive.exec.reducers.max=<number>
2024-04-24T05:22:31,614  INFO [main] exec.Task:   set hive.exec.reducers.max=<number>
In order to set a constant number of reducers:
2024-04-24T05:22:31,614  INFO [main] exec.Task: In order to set a constant number of reducers:
  set mapreduce.job.reduces=<number>
2024-04-24T05:22:31,614  INFO [main] exec.Task:   set mapreduce.job.reduces=<number>
2024-04-24T05:22:31,616  INFO [main] mr.ExecDriver: Using org.apache.hadoop.hive.ql.io.HiveInputFormat
2024-04-24T05:22:31,616  INFO [main] exec.Utilities: Processing alias $hdt$_1-subquery1-subquery1:acidtbl
2024-04-24T05:22:31,616  INFO [main] exec.Utilities: Adding 1 inputs; the first input is file:/home/alex/Repositories/hive/ql/target/tmp/org.apache.hadoop.hive.ql.TestTxnNoBuckets-1713961246971/warehouse/acidtbl
2024-04-24T05:22:31,625  INFO [main] exec.SerializationUtilities: Serializing MapWork using kryo
2024-04-24T05:22:31,625  INFO [main] exec.Utilities: Serialized plan (via FILE) - name: null size: 5,29KB
2024-04-24T05:22:31,630  INFO [main] exec.SerializationUtilities: Serializing ReduceWork using kryo
2024-04-24T05:22:31,631  INFO [main] exec.Utilities: Serialized plan (via FILE) - name: null size: 5,30KB
2024-04-24T05:22:31,632  WARN [main] impl.MetricsSystemImpl: JobTracker metrics system already initialized!
2024-04-24T05:22:31,637  WARN [main] impl.MetricsSystemImpl: JobTracker metrics system already initialized!
2024-04-24T05:22:31,644  WARN [main] mapreduce.JobResourceUploader: Hadoop command-line option parsing not performed. Implement the Tool interface and execute your application with ToolRunner to remedy this.
2024-04-24T05:22:31,648  WARN [main] mapreduce.JobResourceUploader: No job jar file set.  User classes may not be found. See Job or Job#setJar(String).
2024-04-24T05:22:31,649  INFO [main] io.HiveInputFormat: hive.io.file.readcolumn.ids = 0,1
2024-04-24T05:22:31,649  INFO [main] io.HiveInputFormat: hive.io.file.readcolumn.names = a,b
2024-04-24T05:22:31,649  INFO [main] io.HiveInputFormat: Generating splits for dirs: file:/home/alex/Repositories/hive/ql/target/tmp/org.apache.hadoop.hive.ql.TestTxnNoBuckets-1713961246971/warehouse/acidtbl
2024-04-24T05:22:31,649  INFO [main] orc.OrcInputFormat: getSplits started
2024-04-24T05:22:31,650  INFO [main] orc.OrcInputFormat: Context:: isAcid: true isVectorMode: false sarg: leaf-(BETWEEN a 1 3) minSplitSize: 1 maxSplitSize: 256000000 splitStrategy: HYBRID footerInSplits: false numBuckets: 2 numThreads: 10 cacheMemSize: 268435456 cacheStripeDetails: true useSoftReference: false writeIdList: default.acidtbl:1:9223372036854775807:: isTransactionalTable: true txnProperties: default 
2024-04-24T05:22:31,650  INFO [main] orc.OrcInputFormat: ORC pushdown predicate: leaf-(BETWEEN a 1 3)
2024-04-24T05:22:31,662  INFO [main] orc.OrcInputFormat: FooterCacheHitRatio: 0/2
2024-04-24T05:22:31,662  INFO [main] orc.OrcInputFormat: getSplits finished (#splits: 2). duration: 13 ms
2024-04-24T05:22:31,662  INFO [main] io.HiveInputFormat: number of splits 2
2024-04-24T05:22:31,679  INFO [main] mapreduce.JobSubmitter: number of splits:2
2024-04-24T05:22:31,697  INFO [main] mapreduce.JobSubmitter: Submitting tokens for job: job_local1432103223_0045
2024-04-24T05:22:31,697  INFO [main] mapreduce.JobSubmitter: Executing with tokens: []
2024-04-24T05:22:31,755  INFO [main] mapreduce.Job: The url to track the job: http://localhost:8080/
Job running in-process (local Hadoop)
2024-04-24T05:22:31,755  INFO [main] exec.Task: Job running in-process (local Hadoop)
2024-04-24T05:22:31,755  INFO [Thread-2966] mapred.LocalJobRunner: OutputCommitter set in config org.apache.hadoop.hive.ql.io.HiveFileFormatUtils$NullOutputCommitter
2024-04-24T05:22:31,755  INFO [Thread-2966] mapred.LocalJobRunner: OutputCommitter is org.apache.hadoop.hive.ql.io.HiveFileFormatUtils$NullOutputCommitter
2024-04-24T05:22:31,757  INFO [Thread-2966] mapred.LocalJobRunner: Waiting for map tasks
2024-04-24T05:22:31,757  INFO [LocalJobRunner Map Task Executor #0] mapred.LocalJobRunner: Starting task: attempt_local1432103223_0045_m_000000_0
2024-04-24T05:22:31,757  INFO [LocalJobRunner Map Task Executor #0] mapred.Task:  Using ResourceCalculatorProcessTree : [ ]
2024-04-24T05:22:31,758  INFO [LocalJobRunner Map Task Executor #0] mapred.MapTask: Processing split: org.apache.hadoop.hive.ql.io.orc.OrcInputFormat:OrcSplit [file:/home/alex/Repositories/hive/ql/target/tmp/org.apache.hadoop.hive.ql.TestTxnNoBuckets-1713961246971/warehouse/acidtbl/delta_0000001_0000001_0000/bucket_00001_0, start=0, length=704, isOriginal=false, fileLength=704, hasFooter=false, hasBase=true, deltas=0]
2024-04-24T05:22:31,758  INFO [LocalJobRunner Map Task Executor #0] exec.SerializationUtilities: Deserializing MapWork using kryo
2024-04-24T05:22:31,759  INFO [LocalJobRunner Map Task Executor #0] exec.Utilities: Deserialized plan (via FILE) - name: null size: 5,29KB
2024-04-24T05:22:31,760  INFO [LocalJobRunner Map Task Executor #0] orc.OrcInputFormat: ORC pushdown predicate: leaf-(BETWEEN a 1 3)
2024-04-24T05:22:31,760  INFO [LocalJobRunner Map Task Executor #0] orc.OrcRawRecordMerger: min key = null, max key = null
2024-04-24T05:22:31,760  INFO [LocalJobRunner Map Task Executor #0] orc.ReaderImpl: Reading ORC rows from file:/home/alex/Repositories/hive/ql/target/tmp/org.apache.hadoop.hive.ql.TestTxnNoBuckets-1713961246971/warehouse/acidtbl/delta_0000001_0000001_0000/bucket_00001_0 with {include: [true, true, true], offset: 0, length: 704, sarg: leaf-(BETWEEN a 1 3), schema: struct<a:int,b:int>, includeAcidColumns: true}
2024-04-24T05:22:31,761  INFO [LocalJobRunner Map Task Executor #0] orc.OrcRawRecordMerger: updated min key = null, max key = null
2024-04-24T05:22:31,761  INFO [LocalJobRunner Map Task Executor #0] mapred.MapTask: numReduceTasks: 1
2024-04-24T05:22:31,765  INFO [LocalJobRunner Map Task Executor #0] mapred.MapTask: (EQUATOR) 0 kvi 26214396(104857584)
2024-04-24T05:22:31,765  INFO [LocalJobRunner Map Task Executor #0] mapred.MapTask: mapreduce.task.io.sort.mb: 100
2024-04-24T05:22:31,765  INFO [LocalJobRunner Map Task Executor #0] mapred.MapTask: soft limit at 83886080
2024-04-24T05:22:31,765  INFO [LocalJobRunner Map Task Executor #0] mapred.MapTask: bufstart = 0; bufvoid = 104857600
2024-04-24T05:22:31,765  INFO [LocalJobRunner Map Task Executor #0] mapred.MapTask: kvstart = 26214396; length = 6553600
2024-04-24T05:22:31,765  INFO [LocalJobRunner Map Task Executor #0] mapred.MapTask: Map output collector class = org.apache.hadoop.mapred.MapTask$MapOutputBuffer
2024-04-24T05:22:31,766  INFO [LocalJobRunner Map Task Executor #0] exec.MapOperator: Initializing Operator: MAP[0]
2024-04-24T05:22:31,767  INFO [LocalJobRunner Map Task Executor #0] mr.ExecMapper: 
<MAP>Id =0
  <Children>null
  <\Children>
  <Parent><\Parent>
<\MAP>
2024-04-24T05:22:31,767  INFO [LocalJobRunner Map Task Executor #0] exec.TableScanOperator: Initializing Operator: TS[0]
2024-04-24T05:22:31,767  INFO [LocalJobRunner Map Task Executor #0] exec.FilterOperator: Initializing Operator: FIL[16]
2024-04-24T05:22:31,767  INFO [LocalJobRunner Map Task Executor #0] exec.GroupByOperator: Initializing Operator: GBY[3]
2024-04-24T05:22:31,767  INFO [LocalJobRunner Map Task Executor #0] exec.GroupByOperator: Max hash table memory: 954466304 bytes
2024-04-24T05:22:31,767  INFO [LocalJobRunner Map Task Executor #0] exec.GroupByOperator: isTez: false isLlap: false numExecutors: 1 maxMemory: 1908932608
2024-04-24T05:22:31,767  INFO [LocalJobRunner Map Task Executor #0] exec.ReduceSinkOperator: Initializing Operator: RS[4]
2024-04-24T05:22:31,767  INFO [LocalJobRunner Map Task Executor #0] exec.ReduceSinkOperator: Using tag = -1
2024-04-24T05:22:31,768  INFO [LocalJobRunner Map Task Executor #0] exec.MapOperator: MAP[0]: records read - 1
2024-04-24T05:22:31,768  INFO [LocalJobRunner Map Task Executor #0] exec.MapOperator: Closing Operator: MAP[0]
2024-04-24T05:22:31,768  INFO [LocalJobRunner Map Task Executor #0] exec.MapOperator: MAP[0]: Total records read - 3. abort - false
2024-04-24T05:22:31,768  INFO [LocalJobRunner Map Task Executor #0] exec.MapOperator: RECORDS_OUT_INTERMEDIATE:0, RECORDS_OUT_OPERATOR_MAP_0:0, RECORDS_IN:3, DESERIALIZE_ERRORS:0, 
2024-04-24T05:22:31,768  INFO [LocalJobRunner Map Task Executor #0] exec.TableScanOperator: Closing Operator: TS[0]
2024-04-24T05:22:31,768  INFO [LocalJobRunner Map Task Executor #0] exec.TableScanOperator: RECORDS_OUT_INTERMEDIATE:0, RECORDS_OUT_OPERATOR_TS_0:3, 
2024-04-24T05:22:31,768  INFO [LocalJobRunner Map Task Executor #0] exec.FilterOperator: Closing Operator: FIL[16]
2024-04-24T05:22:31,768  INFO [LocalJobRunner Map Task Executor #0] exec.FilterOperator: RECORDS_OUT_INTERMEDIATE:0, RECORDS_OUT_OPERATOR_FIL_16:1, 
2024-04-24T05:22:31,768  INFO [LocalJobRunner Map Task Executor #0] exec.GroupByOperator: Closing Operator: GBY[3]
2024-04-24T05:22:31,769  INFO [LocalJobRunner Map Task Executor #0] exec.GroupByOperator: Begin Hash Table flush: size = 1
2024-04-24T05:22:31,769  INFO [LocalJobRunner Map Task Executor #0] exec.ReduceSinkOperator: keys are [_col0, _col1] num distributions: 2
2024-04-24T05:22:31,769  INFO [LocalJobRunner Map Task Executor #0] exec.ReduceSinkOperator: RS[4]: records written - 1
2024-04-24T05:22:31,769  INFO [LocalJobRunner Map Task Executor #0] exec.GroupByOperator: RECORDS_OUT_INTERMEDIATE:0, RECORDS_OUT_OPERATOR_GBY_3:1, 
2024-04-24T05:22:31,769  INFO [LocalJobRunner Map Task Executor #0] exec.ReduceSinkOperator: Closing Operator: RS[4]
2024-04-24T05:22:31,769  INFO [LocalJobRunner Map Task Executor #0] exec.ReduceSinkOperator: RS[4]: Total records written - 1. abort - false
2024-04-24T05:22:31,769  INFO [LocalJobRunner Map Task Executor #0] exec.ReduceSinkOperator: RECORDS_OUT_OPERATOR_RS_4:1, RECORDS_OUT_INTERMEDIATE:1, 
2024-04-24T05:22:31,769  INFO [LocalJobRunner Map Task Executor #0] mapred.LocalJobRunner: 
2024-04-24T05:22:31,769  INFO [LocalJobRunner Map Task Executor #0] mapred.MapTask: Starting flush of map output
2024-04-24T05:22:31,769  INFO [LocalJobRunner Map Task Executor #0] mapred.MapTask: Spilling map output
2024-04-24T05:22:31,769  INFO [LocalJobRunner Map Task Executor #0] mapred.MapTask: bufstart = 0; bufend = 19; bufvoid = 104857600
2024-04-24T05:22:31,769  INFO [LocalJobRunner Map Task Executor #0] mapred.MapTask: kvstart = 26214396(104857584); kvend = 26214396(104857584); length = 1/6553600
2024-04-24T05:22:31,783  INFO [LocalJobRunner Map Task Executor #0] mapred.MapTask: Finished spill 0
2024-04-24T05:22:31,790  INFO [LocalJobRunner Map Task Executor #0] mapred.Task: Task:attempt_local1432103223_0045_m_000000_0 is done. And is in the process of committing
2024-04-24T05:22:31,792  INFO [LocalJobRunner Map Task Executor #0] mapred.LocalJobRunner: OrcSplit [file:/home/alex/Repositories/hive/ql/target/tmp/org.apache.hadoop.hive.ql.TestTxnNoBuckets-1713961246971/warehouse/acidtbl/delta_0000001_0000001_0000/bucket_00001_0, start=0, length=704, isOriginal=false, fileLength=704, hasFooter=false, hasBase=true, deltas=0]
2024-04-24T05:22:31,792  INFO [LocalJobRunner Map Task Executor #0] mapred.Task: Task 'attempt_local1432103223_0045_m_000000_0' done.
2024-04-24T05:22:31,792  INFO [LocalJobRunner Map Task Executor #0] mapred.Task: Final Counters for attempt_local1432103223_0045_m_000000_0: Counters: 25
	File System Counters
		FILE: Number of bytes read=999886
		FILE: Number of bytes written=53009093
		FILE: Number of read operations=0
		FILE: Number of large read operations=0
		FILE: Number of write operations=0
	Map-Reduce Framework
		Map input records=3
		Map output records=1
		Map output bytes=19
		Map output materialized bytes=27
		Input split bytes=497
		Combine input records=0
		Spilled Records=1
		Failed Shuffles=0
		Merged Map outputs=0
		GC time elapsed (ms)=0
		Total committed heap usage (bytes)=1247281152
	HIVE
		DESERIALIZE_ERRORS=0
		RECORDS_IN=3
		RECORDS_OUT_INTERMEDIATE=1
		RECORDS_OUT_OPERATOR_FIL_16=1
		RECORDS_OUT_OPERATOR_GBY_3=1
		RECORDS_OUT_OPERATOR_MAP_0=0
		RECORDS_OUT_OPERATOR_RS_4=1
		RECORDS_OUT_OPERATOR_TS_0=3
	File Input Format Counters 
		Bytes Read=8958
2024-04-24T05:22:31,792  INFO [LocalJobRunner Map Task Executor #0] mapred.LocalJobRunner: Finishing task: attempt_local1432103223_0045_m_000000_0
2024-04-24T05:22:31,792  INFO [LocalJobRunner Map Task Executor #0] mapred.LocalJobRunner: Starting task: attempt_local1432103223_0045_m_000001_0
2024-04-24T05:22:31,793  INFO [LocalJobRunner Map Task Executor #0] mapred.Task:  Using ResourceCalculatorProcessTree : [ ]
2024-04-24T05:22:31,794  INFO [LocalJobRunner Map Task Executor #0] mapred.MapTask: Processing split: org.apache.hadoop.hive.ql.io.orc.OrcInputFormat:OrcSplit [file:/home/alex/Repositories/hive/ql/target/tmp/org.apache.hadoop.hive.ql.TestTxnNoBuckets-1713961246971/warehouse/acidtbl/delta_0000001_0000001_0000/bucket_00000_0, start=0, length=688, isOriginal=false, fileLength=688, hasFooter=false, hasBase=true, deltas=0]
2024-04-24T05:22:31,795  INFO [LocalJobRunner Map Task Executor #0] exec.SerializationUtilities: Deserializing MapWork using kryo
2024-04-24T05:22:31,796  INFO [LocalJobRunner Map Task Executor #0] exec.Utilities: Deserialized plan (via FILE) - name: null size: 5,29KB
2024-04-24T05:22:31,799  INFO [LocalJobRunner Map Task Executor #0] orc.OrcInputFormat: ORC pushdown predicate: leaf-(BETWEEN a 1 3)
2024-04-24T05:22:31,800  INFO [LocalJobRunner Map Task Executor #0] orc.OrcRawRecordMerger: min key = null, max key = null
2024-04-24T05:22:31,800  INFO [LocalJobRunner Map Task Executor #0] orc.ReaderImpl: Reading ORC rows from file:/home/alex/Repositories/hive/ql/target/tmp/org.apache.hadoop.hive.ql.TestTxnNoBuckets-1713961246971/warehouse/acidtbl/delta_0000001_0000001_0000/bucket_00000_0 with {include: [true, true, true], offset: 0, length: 688, sarg: leaf-(BETWEEN a 1 3), schema: struct<a:int,b:int>, includeAcidColumns: true}
2024-04-24T05:22:31,802  INFO [LocalJobRunner Map Task Executor #0] orc.OrcRawRecordMerger: updated min key = null, max key = null
2024-04-24T05:22:31,803  INFO [LocalJobRunner Map Task Executor #0] mapred.MapTask: numReduceTasks: 1
2024-04-24T05:22:31,826  INFO [LocalJobRunner Map Task Executor #0] mapred.MapTask: (EQUATOR) 0 kvi 26214396(104857584)
2024-04-24T05:22:31,826  INFO [LocalJobRunner Map Task Executor #0] mapred.MapTask: mapreduce.task.io.sort.mb: 100
2024-04-24T05:22:31,826  INFO [LocalJobRunner Map Task Executor #0] mapred.MapTask: soft limit at 83886080
2024-04-24T05:22:31,826  INFO [LocalJobRunner Map Task Executor #0] mapred.MapTask: bufstart = 0; bufvoid = 104857600
2024-04-24T05:22:31,826  INFO [LocalJobRunner Map Task Executor #0] mapred.MapTask: kvstart = 26214396; length = 6553600
2024-04-24T05:22:31,827  INFO [LocalJobRunner Map Task Executor #0] mapred.MapTask: Map output collector class = org.apache.hadoop.mapred.MapTask$MapOutputBuffer
2024-04-24T05:22:31,828  INFO [LocalJobRunner Map Task Executor #0] exec.MapOperator: Initializing Operator: MAP[0]
2024-04-24T05:22:31,829  INFO [LocalJobRunner Map Task Executor #0] mr.ExecMapper: 
<MAP>Id =0
  <Children>null
  <\Children>
  <Parent><\Parent>
<\MAP>
2024-04-24T05:22:31,830  INFO [LocalJobRunner Map Task Executor #0] exec.TableScanOperator: Initializing Operator: TS[0]
2024-04-24T05:22:31,830  INFO [LocalJobRunner Map Task Executor #0] exec.FilterOperator: Initializing Operator: FIL[16]
2024-04-24T05:22:31,830  INFO [LocalJobRunner Map Task Executor #0] exec.GroupByOperator: Initializing Operator: GBY[3]
2024-04-24T05:22:31,830  INFO [LocalJobRunner Map Task Executor #0] exec.GroupByOperator: Max hash table memory: 954466304 bytes
2024-04-24T05:22:31,830  INFO [LocalJobRunner Map Task Executor #0] exec.GroupByOperator: isTez: false isLlap: false numExecutors: 1 maxMemory: 1908932608
2024-04-24T05:22:31,830  INFO [LocalJobRunner Map Task Executor #0] exec.ReduceSinkOperator: Initializing Operator: RS[4]
2024-04-24T05:22:31,830  INFO [LocalJobRunner Map Task Executor #0] exec.ReduceSinkOperator: Using tag = -1
2024-04-24T05:22:31,831  INFO [LocalJobRunner Map Task Executor #0] exec.MapOperator: MAP[0]: records read - 1
2024-04-24T05:22:31,831  INFO [LocalJobRunner Map Task Executor #0] exec.MapOperator: Closing Operator: MAP[0]
2024-04-24T05:22:31,831  INFO [LocalJobRunner Map Task Executor #0] exec.MapOperator: MAP[0]: Total records read - 2. abort - false
2024-04-24T05:22:31,831  INFO [LocalJobRunner Map Task Executor #0] exec.MapOperator: RECORDS_OUT_OPERATOR_MAP_0:0, DESERIALIZE_ERRORS:0, RECORDS_IN:2, RECORDS_OUT_INTERMEDIATE:0, 
2024-04-24T05:22:31,831  INFO [LocalJobRunner Map Task Executor #0] exec.TableScanOperator: Closing Operator: TS[0]
2024-04-24T05:22:31,831  INFO [LocalJobRunner Map Task Executor #0] exec.TableScanOperator: RECORDS_OUT_OPERATOR_TS_0:2, RECORDS_OUT_INTERMEDIATE:0, 
2024-04-24T05:22:31,831  INFO [LocalJobRunner Map Task Executor #0] exec.FilterOperator: Closing Operator: FIL[16]
2024-04-24T05:22:31,831  INFO [LocalJobRunner Map Task Executor #0] exec.FilterOperator: RECORDS_OUT_INTERMEDIATE:0, RECORDS_OUT_OPERATOR_FIL_16:1, 
2024-04-24T05:22:31,832  INFO [LocalJobRunner Map Task Executor #0] exec.GroupByOperator: Closing Operator: GBY[3]
2024-04-24T05:22:31,832  INFO [LocalJobRunner Map Task Executor #0] exec.GroupByOperator: Begin Hash Table flush: size = 1
2024-04-24T05:22:31,832  INFO [LocalJobRunner Map Task Executor #0] exec.ReduceSinkOperator: keys are [_col0, _col1] num distributions: 2
2024-04-24T05:22:31,832  INFO [LocalJobRunner Map Task Executor #0] exec.ReduceSinkOperator: RS[4]: records written - 1
2024-04-24T05:22:31,832  INFO [LocalJobRunner Map Task Executor #0] exec.GroupByOperator: RECORDS_OUT_OPERATOR_GBY_3:1, RECORDS_OUT_INTERMEDIATE:0, 
2024-04-24T05:22:31,832  INFO [LocalJobRunner Map Task Executor #0] exec.ReduceSinkOperator: Closing Operator: RS[4]
2024-04-24T05:22:31,832  INFO [LocalJobRunner Map Task Executor #0] exec.ReduceSinkOperator: RS[4]: Total records written - 1. abort - false
2024-04-24T05:22:31,832  INFO [LocalJobRunner Map Task Executor #0] exec.ReduceSinkOperator: RECORDS_OUT_OPERATOR_RS_4:1, RECORDS_OUT_INTERMEDIATE:1, 
2024-04-24T05:22:31,833  INFO [LocalJobRunner Map Task Executor #0] mapred.LocalJobRunner: 
2024-04-24T05:22:31,833  INFO [LocalJobRunner Map Task Executor #0] mapred.MapTask: Starting flush of map output
2024-04-24T05:22:31,833  INFO [LocalJobRunner Map Task Executor #0] mapred.MapTask: Spilling map output
2024-04-24T05:22:31,833  INFO [LocalJobRunner Map Task Executor #0] mapred.MapTask: bufstart = 0; bufend = 19; bufvoid = 104857600
2024-04-24T05:22:31,833  INFO [LocalJobRunner Map Task Executor #0] mapred.MapTask: kvstart = 26214396(104857584); kvend = 26214396(104857584); length = 1/6553600
2024-04-24T05:22:31,842  INFO [LocalJobRunner Map Task Executor #0] mapred.MapTask: Finished spill 0
2024-04-24T05:22:31,846  INFO [LocalJobRunner Map Task Executor #0] mapred.Task: Task:attempt_local1432103223_0045_m_000001_0 is done. And is in the process of committing
2024-04-24T05:22:31,846  INFO [LocalJobRunner Map Task Executor #0] mapred.LocalJobRunner: OrcSplit [file:/home/alex/Repositories/hive/ql/target/tmp/org.apache.hadoop.hive.ql.TestTxnNoBuckets-1713961246971/warehouse/acidtbl/delta_0000001_0000001_0000/bucket_00000_0, start=0, length=688, isOriginal=false, fileLength=688, hasFooter=false, hasBase=true, deltas=0]
2024-04-24T05:22:31,846  INFO [LocalJobRunner Map Task Executor #0] mapred.Task: Task 'attempt_local1432103223_0045_m_000001_0' done.
2024-04-24T05:22:31,846  INFO [LocalJobRunner Map Task Executor #0] mapred.Task: Final Counters for attempt_local1432103223_0045_m_000001_0: Counters: 25
	File System Counters
		FILE: Number of bytes read=1009781
		FILE: Number of bytes written=53009152
		FILE: Number of read operations=0
		FILE: Number of large read operations=0
		FILE: Number of write operations=0
	Map-Reduce Framework
		Map input records=2
		Map output records=1
		Map output bytes=19
		Map output materialized bytes=27
		Input split bytes=497
		Combine input records=0
		Spilled Records=1
		Failed Shuffles=0
		Merged Map outputs=0
		GC time elapsed (ms)=11
		Total committed heap usage (bytes)=1246232576
	HIVE
		DESERIALIZE_ERRORS=0
		RECORDS_IN=2
		RECORDS_OUT_INTERMEDIATE=1
		RECORDS_OUT_OPERATOR_FIL_16=1
		RECORDS_OUT_OPERATOR_GBY_3=1
		RECORDS_OUT_OPERATOR_MAP_0=0
		RECORDS_OUT_OPERATOR_RS_4=1
		RECORDS_OUT_OPERATOR_TS_0=2
	File Input Format Counters 
		Bytes Read=8878
2024-04-24T05:22:31,846  INFO [LocalJobRunner Map Task Executor #0] mapred.LocalJobRunner: Finishing task: attempt_local1432103223_0045_m_000001_0
2024-04-24T05:22:31,846  INFO [Thread-2966] mapred.LocalJobRunner: map task executor complete.
2024-04-24T05:22:31,847  INFO [Thread-2966] mapred.LocalJobRunner: Waiting for reduce tasks
2024-04-24T05:22:31,847  INFO [pool-201-thread-1] mapred.LocalJobRunner: Starting task: attempt_local1432103223_0045_r_000000_0
2024-04-24T05:22:31,848  INFO [pool-201-thread-1] mapred.Task:  Using ResourceCalculatorProcessTree : [ ]
2024-04-24T05:22:31,848  INFO [pool-201-thread-1] mapred.ReduceTask: Using ShuffleConsumerPlugin: org.apache.hadoop.mapreduce.task.reduce.Shuffle@6b065a19
2024-04-24T05:22:31,848  WARN [pool-201-thread-1] impl.MetricsSystemImpl: JobTracker metrics system already initialized!
2024-04-24T05:22:31,849  INFO [pool-201-thread-1] reduce.MergeManagerImpl: MergerManager: memoryLimit=1336252800, maxSingleShuffleLimit=334063200, mergeThreshold=881926912, ioSortFactor=10, memToMemMergeOutputsThreshold=10
2024-04-24T05:22:31,850  INFO [EventFetcher for fetching Map Completion Events] reduce.EventFetcher: attempt_local1432103223_0045_r_000000_0 Thread started: EventFetcher for fetching Map Completion Events
2024-04-24T05:22:31,852  INFO [localfetcher#29] reduce.LocalFetcher: localfetcher#29 about to shuffle output of map attempt_local1432103223_0045_m_000000_0 decomp: 23 len: 27 to MEMORY
2024-04-24T05:22:31,853  INFO [localfetcher#29] reduce.InMemoryMapOutput: Read 23 bytes from map-output for attempt_local1432103223_0045_m_000000_0
2024-04-24T05:22:31,853  INFO [localfetcher#29] reduce.MergeManagerImpl: closeInMemoryFile -> map-output of size: 23, inMemoryMapOutputs.size() -> 1, commitMemory -> 0, usedMemory ->23
2024-04-24T05:22:31,855  INFO [localfetcher#29] reduce.LocalFetcher: localfetcher#29 about to shuffle output of map attempt_local1432103223_0045_m_000001_0 decomp: 23 len: 27 to MEMORY
2024-04-24T05:22:31,855  INFO [localfetcher#29] reduce.InMemoryMapOutput: Read 23 bytes from map-output for attempt_local1432103223_0045_m_000001_0
2024-04-24T05:22:31,855  INFO [localfetcher#29] reduce.MergeManagerImpl: closeInMemoryFile -> map-output of size: 23, inMemoryMapOutputs.size() -> 2, commitMemory -> 23, usedMemory ->46
2024-04-24T05:22:31,855  INFO [EventFetcher for fetching Map Completion Events] reduce.EventFetcher: EventFetcher is interrupted.. Returning
2024-04-24T05:22:31,855  INFO [pool-201-thread-1] mapred.LocalJobRunner: 2 / 2 copied.
2024-04-24T05:22:31,855  INFO [pool-201-thread-1] reduce.MergeManagerImpl: finalMerge called with 2 in-memory map-outputs and 0 on-disk map-outputs
2024-04-24T05:22:31,861  INFO [pool-201-thread-1] mapred.Merger: Merging 2 sorted segments
2024-04-24T05:22:31,861  INFO [pool-201-thread-1] mapred.Merger: Down to the last merge-pass, with 2 segments left of total size: 12 bytes
2024-04-24T05:22:31,864  INFO [pool-201-thread-1] reduce.MergeManagerImpl: Merged 2 segments, 46 bytes to disk to satisfy reduce memory limit
2024-04-24T05:22:31,864  INFO [pool-201-thread-1] reduce.MergeManagerImpl: Merging 1 files, 48 bytes from disk
2024-04-24T05:22:31,864  INFO [pool-201-thread-1] reduce.MergeManagerImpl: Merging 0 segments, 0 bytes from memory into reduce
2024-04-24T05:22:31,864  INFO [pool-201-thread-1] mapred.Merger: Merging 1 sorted segments
2024-04-24T05:22:31,864  INFO [pool-201-thread-1] mapred.Merger: Down to the last merge-pass, with 1 segments left of total size: 27 bytes
2024-04-24T05:22:31,864  INFO [pool-201-thread-1] mapred.LocalJobRunner: 2 / 2 copied.
2024-04-24T05:22:31,864  INFO [pool-201-thread-1] exec.SerializationUtilities: Deserializing ReduceWork using kryo
2024-04-24T05:22:31,865  INFO [pool-201-thread-1] exec.Utilities: Deserialized plan (via FILE) - name: null size: 5,30KB
2024-04-24T05:22:31,866  INFO [pool-201-thread-1] ExecReducer: 
<GBY>Id =5
  <Children>
    <FS>Id =19
      <Children>
      <\Children>
      <Parent>Id = 5 null<\Parent>
    <\FS>
  <\Children>
  <Parent><\Parent>
<\GBY>
2024-04-24T05:22:31,866  INFO [pool-201-thread-1] exec.GroupByOperator: Initializing Operator: GBY[5]
2024-04-24T05:22:31,866  INFO [pool-201-thread-1] exec.GroupByOperator: isTez: false isLlap: false numExecutors: 1 maxMemory: 1908932608
2024-04-24T05:22:31,866  INFO [pool-201-thread-1] exec.FileSinkOperator: Initializing Operator: FS[19]
2024-04-24T05:22:31,866  INFO [pool-201-thread-1] exec.FileSinkOperator: Using serializer : AbstractSerDe [log=org.apache.logging.slf4j.Log4jLogger@922168a, configuration=Optional[Configuration: core-default.xml, core-site.xml, mapred-default.xml, mapred-site.xml, yarn-default.xml, yarn-site.xml, hdfs-default.xml, hdfs-site.xml, file:/home/alex/Repositories/hive/ql/target/tmp/TestTxnNoBuckets/mapred/local/localRunner/alex/job_local1432103223_0045/job_local1432103223_0045.xml], properties={columns=_col0,_col1, serialization.lib=org.apache.hadoop.hive.serde2.lazybinary.LazyBinarySerDe, columns.types=int,int, escape.delim=\, column.name.delimiter=,}, tableProperties={columns=_col0,_col1, serialization.lib=org.apache.hadoop.hive.serde2.lazybinary.LazyBinarySerDe, columns.types=int,int, column.name.delimiter=,, escape.delim=\}, partitionProperties=Optional.empty, columnNames=[_col0, _col1], columnTypes=[int, int], getClass()=class org.apache.hadoop.hive.serde2.lazybinary.LazyBinarySerDe] and formatter : org.apache.hadoop.hive.ql.io.HiveSequenceFileOutputFormat@1e73e318
2024-04-24T05:22:31,866  INFO [pool-201-thread-1] exec.FileSinkOperator: Final Path: FS file:/home/alex/Repositories/hive/ql/target/tmp/localscratchdir/60b21767-3741-46b4-add5-ecda5376357f/hive_2024-04-24_05-22-31_154_5711673218230182481-1/_tmp.-mr-10002/000000_0
2024-04-24T05:22:31,866  INFO [pool-201-thread-1] exec.FileSinkOperator: Writing to temp file: FS file:/home/alex/Repositories/hive/ql/target/tmp/localscratchdir/60b21767-3741-46b4-add5-ecda5376357f/hive_2024-04-24_05-22-31_154_5711673218230182481-1/_task_tmp.-mr-10002/_tmp.000000_0
2024-04-24T05:22:31,866  INFO [pool-201-thread-1] exec.FileSinkOperator: New Final Path: FS file:/home/alex/Repositories/hive/ql/target/tmp/localscratchdir/60b21767-3741-46b4-add5-ecda5376357f/hive_2024-04-24_05-22-31_154_5711673218230182481-1/_tmp.-mr-10002/000000_0
2024-04-24T05:22:31,873  INFO [pool-201-thread-1] exec.FileSinkOperator: FS[19]: records written - 1
2024-04-24T05:22:31,873  INFO [pool-201-thread-1] exec.GroupByOperator: Closing Operator: GBY[5]
2024-04-24T05:22:31,873  INFO [pool-201-thread-1] exec.GroupByOperator: RECORDS_OUT_OPERATOR_GBY_5:2, RECORDS_OUT_INTERMEDIATE:0, 
2024-04-24T05:22:31,873  INFO [pool-201-thread-1] exec.FileSinkOperator: Closing Operator: FS[19]
2024-04-24T05:22:31,874  INFO [pool-201-thread-1] exec.FileSinkOperator: FS[19]: records written - 2
2024-04-24T05:22:31,874  INFO [pool-201-thread-1] exec.FileSinkOperator: RECORDS_OUT_INTERMEDIATE:0, RECORDS_OUT_OPERATOR_FS_19:2, RECORDS_OUT_0:2, 
2024-04-24T05:22:31,874  INFO [pool-201-thread-1] mapred.Task: Task:attempt_local1432103223_0045_r_000000_0 is done. And is in the process of committing
2024-04-24T05:22:31,875  INFO [pool-201-thread-1] mapred.LocalJobRunner: reduce > reduce
2024-04-24T05:22:31,875  INFO [pool-201-thread-1] mapred.Task: Task 'attempt_local1432103223_0045_r_000000_0' done.
2024-04-24T05:22:31,875  INFO [pool-201-thread-1] mapred.Task: Final Counters for attempt_local1432103223_0045_r_000000_0: Counters: 29
	File System Counters
		FILE: Number of bytes read=1015299
		FILE: Number of bytes written=53009346
		FILE: Number of read operations=0
		FILE: Number of large read operations=0
		FILE: Number of write operations=0
	Map-Reduce Framework
		Combine input records=0
		Combine output records=0
		Reduce input groups=2
		Reduce shuffle bytes=54
		Reduce input records=2
		Reduce output records=0
		Spilled Records=2
		Shuffled Maps =2
		Failed Shuffles=0
		Merged Map outputs=2
		GC time elapsed (ms)=0
		Total committed heap usage (bytes)=1246232576
	HIVE
		CREATED_FILES=1
		RECORDS_OUT_0=2
		RECORDS_OUT_INTERMEDIATE=0
		RECORDS_OUT_OPERATOR_FS_19=2
		RECORDS_OUT_OPERATOR_GBY_5=2
	Shuffle Errors
		BAD_ID=0
		CONNECTION=0
		IO_ERROR=0
		WRONG_LENGTH=0
		WRONG_MAP=0
		WRONG_REDUCE=0
	File Output Format Counters 
		Bytes Written=0
2024-04-24T05:22:31,875  INFO [pool-201-thread-1] mapred.LocalJobRunner: Finishing task: attempt_local1432103223_0045_r_000000_0
2024-04-24T05:22:31,875  INFO [Thread-2966] mapred.LocalJobRunner: reduce task executor complete.
2024-04-24 05:22:32,757 Stage-1 map = 100%,  reduce = 100%
2024-04-24T05:22:32,757  INFO [main] exec.Task: 2024-04-24 05:22:32,757 Stage-1 map = 100%,  reduce = 100%
Ended Job = job_local1432103223_0045
2024-04-24T05:22:32,759  INFO [main] exec.Task: Ended Job = job_local1432103223_0045
Launching Job 2 out of 2
2024-04-24T05:22:32,761  INFO [main] ql.Driver: Launching Job 2 out of 2
2024-04-24T05:22:32,886  INFO [main] ql.Driver: Starting task [Stage-2:MAPRED] in serial mode
Number of reduce tasks is set to 0 since there's no reduce operator
2024-04-24T05:22:32,886  INFO [main] exec.Task: Number of reduce tasks is set to 0 since there's no reduce operator
2024-04-24T05:22:32,889  INFO [main] mr.ExecDriver: Using org.apache.hadoop.hive.ql.io.HiveInputFormat
2024-04-24T05:22:32,889  INFO [main] exec.Utilities: Processing alias file:/home/alex/Repositories/hive/ql/target/tmp/localscratchdir/60b21767-3741-46b4-add5-ecda5376357f/hive_2024-04-24_05-22-31_154_5711673218230182481-1/-mr-10002
2024-04-24T05:22:32,889  INFO [main] exec.Utilities: Adding 2 inputs; the first input is file:/home/alex/Repositories/hive/ql/target/tmp/localscratchdir/60b21767-3741-46b4-add5-ecda5376357f/hive_2024-04-24_05-22-31_154_5711673218230182481-1/-mr-10002
2024-04-24T05:22:32,889  INFO [main] exec.Utilities: Processing alias $hdt$_1-subquery1-subquery2:acidtbl
2024-04-24T05:22:32,889  INFO [main] exec.Utilities: Adding 2 inputs; the first input is file:/home/alex/Repositories/hive/ql/target/tmp/org.apache.hadoop.hive.ql.TestTxnNoBuckets-1713961246971/warehouse/acidtbl
2024-04-24T05:22:32,889  INFO [main] exec.Utilities: Processing alias $hdt$_1-subquery2:acidtbl
2024-04-24T05:22:32,898  INFO [main] exec.SerializationUtilities: Serializing MapWork using kryo
2024-04-24T05:22:32,898  INFO [main] exec.Utilities: Serialized plan (via FILE) - name: null size: 7,60KB
2024-04-24T05:22:32,899  WARN [main] impl.MetricsSystemImpl: JobTracker metrics system already initialized!
2024-04-24T05:22:32,903  INFO [main] fs.FSStatsPublisher: created : file:/home/alex/Repositories/hive/ql/target/tmp/localscratchdir/60b21767-3741-46b4-add5-ecda5376357f/hive_2024-04-24_05-22-31_154_5711673218230182481-1/-mr-10001
2024-04-24T05:22:32,907  WARN [main] impl.MetricsSystemImpl: JobTracker metrics system already initialized!
2024-04-24T05:22:32,913  WARN [main] mapreduce.JobResourceUploader: Hadoop command-line option parsing not performed. Implement the Tool interface and execute your application with ToolRunner to remedy this.
2024-04-24T05:22:32,917  WARN [main] mapreduce.JobResourceUploader: No job jar file set.  User classes may not be found. See Job or Job#setJar(String).
2024-04-24T05:22:32,918  INFO [main] exec.Utilities: schema.evolution.columns and schema.evolution.columns.types not available
2024-04-24T05:22:32,919  INFO [main] io.HiveInputFormat: Generating splits as currentDirs is not empty. currentDirs: [file:/home/alex/Repositories/hive/ql/target/tmp/localscratchdir/60b21767-3741-46b4-add5-ecda5376357f/hive_2024-04-24_05-22-31_154_5711673218230182481-1/-mr-10002]
2024-04-24T05:22:32,919  INFO [main] io.HiveInputFormat: hive.io.file.readcolumn.ids = 0,1
2024-04-24T05:22:32,919  INFO [main] io.HiveInputFormat: hive.io.file.readcolumn.names = _col0,_col1
2024-04-24T05:22:32,919  INFO [main] exec.Utilities: schema.evolution.columns and schema.evolution.columns.types not available
2024-04-24T05:22:32,922  INFO [main] mapred.FileInputFormat: Total input files to process : 1
2024-04-24T05:22:32,922  INFO [main] io.HiveInputFormat: hive.io.file.readcolumn.ids = 0,1
2024-04-24T05:22:32,922  INFO [main] io.HiveInputFormat: hive.io.file.readcolumn.names = _col0,_col1
2024-04-24T05:22:32,922  INFO [main] io.HiveInputFormat: Generating splits for dirs: file:/home/alex/Repositories/hive/ql/target/tmp/localscratchdir/60b21767-3741-46b4-add5-ecda5376357f/hive_2024-04-24_05-22-31_154_5711673218230182481-1/-mr-10002
2024-04-24T05:22:32,922  INFO [main] orc.OrcInputFormat: getSplits started
2024-04-24T05:22:32,922  INFO [main] orc.OrcInputFormat: Context:: isAcid: false isVectorMode: false sarg: null minSplitSize: 1 maxSplitSize: 256000000 splitStrategy: HYBRID footerInSplits: false numBuckets: 2 numThreads: 10 cacheMemSize: 268435456 cacheStripeDetails: true useSoftReference: false writeIdList: null:9223372036854775807:9223372036854775807:: isTransactionalTable: true txnProperties: default 
2024-04-24T05:22:32,922  INFO [main] orc.OrcInputFormat: ORC pushdown predicate: null
2024-04-24T05:22:32,935  INFO [main] orc.OrcInputFormat: FooterCacheHitRatio: 0/2
2024-04-24T05:22:32,935  INFO [main] orc.OrcInputFormat: getSplits finished (#splits: 2). duration: 13 ms
2024-04-24T05:22:32,935  INFO [main] io.HiveInputFormat: number of splits 3
2024-04-24T05:22:32,952  INFO [main] mapreduce.JobSubmitter: number of splits:3
2024-04-24T05:22:32,970  INFO [main] mapreduce.JobSubmitter: Submitting tokens for job: job_local880483755_0046
2024-04-24T05:22:32,970  INFO [main] mapreduce.JobSubmitter: Executing with tokens: []
2024-04-24T05:22:33,027  INFO [main] mapreduce.Job: The url to track the job: http://localhost:8080/
Job running in-process (local Hadoop)
2024-04-24T05:22:33,028  INFO [main] exec.Task: Job running in-process (local Hadoop)
2024-04-24T05:22:33,028  INFO [Thread-3018] mapred.LocalJobRunner: OutputCommitter set in config org.apache.hadoop.hive.ql.io.HiveFileFormatUtils$NullOutputCommitter
2024-04-24T05:22:33,028  INFO [Thread-3018] mapred.LocalJobRunner: OutputCommitter is org.apache.hadoop.hive.ql.io.HiveFileFormatUtils$NullOutputCommitter
2024-04-24T05:22:33,030  INFO [Thread-3018] mapred.LocalJobRunner: Waiting for map tasks
2024-04-24T05:22:33,030  INFO [LocalJobRunner Map Task Executor #0] mapred.LocalJobRunner: Starting task: attempt_local880483755_0046_m_000000_0
2024-04-24T05:22:33,030  INFO [LocalJobRunner Map Task Executor #0] mapred.Task:  Using ResourceCalculatorProcessTree : [ ]
2024-04-24T05:22:33,031  INFO [LocalJobRunner Map Task Executor #0] mapred.MapTask: Processing split: org.apache.hadoop.hive.ql.io.orc.OrcInputFormat:OrcSplit [file:/home/alex/Repositories/hive/ql/target/tmp/org.apache.hadoop.hive.ql.TestTxnNoBuckets-1713961246971/warehouse/acidtbl/delta_0000001_0000001_0000/bucket_00001_0, start=3, length=317, isOriginal=false, fileLength=704, hasFooter=false, hasBase=true, deltas=0]
2024-04-24T05:22:33,031  INFO [LocalJobRunner Map Task Executor #0] exec.SerializationUtilities: Deserializing MapWork using kryo
2024-04-24T05:22:33,032  INFO [LocalJobRunner Map Task Executor #0] exec.Utilities: Deserialized plan (via FILE) - name: null size: 7,60KB
2024-04-24T05:22:33,033  INFO [LocalJobRunner Map Task Executor #0] orc.OrcRawRecordMerger: min key = null, max key = null
2024-04-24T05:22:33,033  INFO [LocalJobRunner Map Task Executor #0] orc.ReaderImpl: Reading ORC rows from file:/home/alex/Repositories/hive/ql/target/tmp/org.apache.hadoop.hive.ql.TestTxnNoBuckets-1713961246971/warehouse/acidtbl/delta_0000001_0000001_0000/bucket_00001_0 with {include: [true, true, true], offset: 3, length: 317, schema: struct<a:int,b:int>, includeAcidColumns: true}
2024-04-24T05:22:33,033  INFO [LocalJobRunner Map Task Executor #0] orc.OrcRawRecordMerger: updated min key = null, max key = null
2024-04-24T05:22:33,034  INFO [LocalJobRunner Map Task Executor #0] mapred.MapTask: numReduceTasks: 0
2024-04-24T05:22:33,034  INFO [LocalJobRunner Map Task Executor #0] exec.MapOperator: Initializing Operator: MAP[0]
2024-04-24T05:22:33,036  INFO [LocalJobRunner Map Task Executor #0] mr.ExecMapper: 
<MAP>Id =0
  <Children>
    <TS>Id =20
      <Children>
        <UNION>Id =10
          <Children>
            <FS>Id =15
              <Children>
              <\Children>
              <Parent>Id = 10 null<\Parent>
            <\FS>
          <\Children>
          <Parent>Id = 20 nullId = 9 
        <SEL>Id =9
          <Children>null
          <\Children>
          <Parent>Id = 17 
        <FIL>Id =17
          <Children>null
          <\Children>
          <Parent>Id = 7 
        <TS>Id =7
          <Children>null
          <\Children>
          <Parent>Id = 0 null<\Parent>
        <\TS><\Parent>
        <\FIL><\Parent>
        <\SEL>Id = 13 
        <SEL>Id =13
          <Children>null
          <\Children>
          <Parent>Id = 18 
        <FIL>Id =18
          <Children>null
          <\Children>
          <Parent>Id = 11 
        <TS>Id =11
          <Children>null
          <\Children>
          <Parent>Id = 0 null<\Parent>
        <\TS><\Parent>
        <\FIL><\Parent>
        <\SEL><\Parent>
        <\UNION>
      <\Children>
      <Parent>Id = 0 null<\Parent>
    <\TS>nullnull
  <\Children>
  <Parent><\Parent>
<\MAP>
2024-04-24T05:22:33,036  INFO [LocalJobRunner Map Task Executor #0] exec.TableScanOperator: Initializing Operator: TS[7]
2024-04-24T05:22:33,036  INFO [LocalJobRunner Map Task Executor #0] exec.FilterOperator: Initializing Operator: FIL[17]
2024-04-24T05:22:33,036  INFO [LocalJobRunner Map Task Executor #0] exec.SelectOperator: Initializing Operator: SEL[9]
2024-04-24T05:22:33,036  INFO [LocalJobRunner Map Task Executor #0] exec.SelectOperator: SELECT struct<a:int,b:int>
2024-04-24T05:22:33,037  INFO [LocalJobRunner Map Task Executor #0] exec.TableScanOperator: Initializing Operator: TS[20]
2024-04-24T05:22:33,037  INFO [LocalJobRunner Map Task Executor #0] exec.TableScanOperator: Initializing Operator: TS[11]
2024-04-24T05:22:33,037  INFO [LocalJobRunner Map Task Executor #0] exec.FilterOperator: Initializing Operator: FIL[18]
2024-04-24T05:22:33,037  INFO [LocalJobRunner Map Task Executor #0] exec.SelectOperator: Initializing Operator: SEL[13]
2024-04-24T05:22:33,037  INFO [LocalJobRunner Map Task Executor #0] exec.SelectOperator: SELECT struct<a:int,b:int>
2024-04-24T05:22:33,037  INFO [LocalJobRunner Map Task Executor #0] exec.UnionOperator: Initializing Operator: UNION[10]
2024-04-24T05:22:33,037  INFO [LocalJobRunner Map Task Executor #0] exec.UnionOperator: Union Operator needs to transform row from parent[0] from org.apache.hadoop.hive.serde2.lazybinary.objectinspector.LazyBinaryStructObjectInspector<org.apache.hadoop.hive.serde2.objectinspector.primitive.WritableIntObjectInspector@603faaad,org.apache.hadoop.hive.serde2.objectinspector.primitive.WritableIntObjectInspector@603faaad> to org.apache.hadoop.hive.serde2.objectinspector.StandardStructObjectInspector<org.apache.hadoop.hive.serde2.objectinspector.primitive.WritableIntObjectInspector@603faaad,org.apache.hadoop.hive.serde2.objectinspector.primitive.WritableIntObjectInspector@603faaad>
2024-04-24T05:22:33,037  INFO [LocalJobRunner Map Task Executor #0] exec.FileSinkOperator: Initializing Operator: FS[15]
2024-04-24T05:22:33,038  INFO [LocalJobRunner Map Task Executor #0] exec.FileSinkOperator: Using serializer : AbstractSerDe [log=org.apache.logging.slf4j.Log4jLogger@5c8da227, configuration=Optional[Configuration: core-default.xml, core-site.xml, mapred-default.xml, mapred-site.xml, yarn-default.xml, yarn-site.xml, hdfs-default.xml, hdfs-site.xml, file:/home/alex/Repositories/hive/ql/target/tmp/TestTxnNoBuckets/mapred/local/localRunner/alex/job_local880483755_0046/job_local880483755_0046.xml], properties={name=default.t, columns.types=int:int, serialization.format=1, columns=a,b, numFilesErasureCoded=0, columns.comments=&amp#0;, bucketing_version=2, serialization.lib=org.apache.hadoop.hive.ql.io.orc.OrcSerde, file.inputformat=org.apache.hadoop.hive.ql.io.orc.OrcInputFormat, file.outputformat=org.apache.hadoop.hive.ql.io.orc.OrcOutputFormat, location=file:/home/alex/Repositories/hive/ql/target/tmp/org.apache.hadoop.hive.ql.TestTxnNoBuckets-1713961246971/warehouse/t, column.name.delimiter=,}, tableProperties={name=default.t, columns.types=int:int, serialization.format=1, columns=a,b, numFilesErasureCoded=0, columns.comments=&amp#0;, bucketing_version=2, serialization.lib=org.apache.hadoop.hive.ql.io.orc.OrcSerde, file.inputformat=org.apache.hadoop.hive.ql.io.orc.OrcInputFormat, location=file:/home/alex/Repositories/hive/ql/target/tmp/org.apache.hadoop.hive.ql.TestTxnNoBuckets-1713961246971/warehouse/t, file.outputformat=org.apache.hadoop.hive.ql.io.orc.OrcOutputFormat, column.name.delimiter=,}, partitionProperties=Optional.empty, columnNames=[a, b], columnTypes=[int, int], getClass()=class org.apache.hadoop.hive.ql.io.orc.OrcSerde] and formatter : org.apache.hadoop.hive.ql.io.orc.OrcOutputFormat@3f562032
2024-04-24T05:22:33,038  INFO [LocalJobRunner Map Task Executor #0] exec.MapOperator: MAP[0]: records read - 1
2024-04-24T05:22:33,038  INFO [LocalJobRunner Map Task Executor #0] exec.FileSinkOperator: Final Path: FS file:/home/alex/Repositories/hive/ql/target/tmp/org.apache.hadoop.hive.ql.TestTxnNoBuckets-1713961246971/warehouse/t/.hive-staging_hive_2024-04-24_05-22-31_154_5711673218230182481-1/_tmp.-ext-10000/000000_0
2024-04-24T05:22:33,038  INFO [LocalJobRunner Map Task Executor #0] exec.FileSinkOperator: Writing to temp file: FS file:/home/alex/Repositories/hive/ql/target/tmp/org.apache.hadoop.hive.ql.TestTxnNoBuckets-1713961246971/warehouse/t/.hive-staging_hive_2024-04-24_05-22-31_154_5711673218230182481-1/_task_tmp.-ext-10000/_tmp.000000_0
2024-04-24T05:22:33,038  INFO [LocalJobRunner Map Task Executor #0] exec.FileSinkOperator: New Final Path: FS file:/home/alex/Repositories/hive/ql/target/tmp/org.apache.hadoop.hive.ql.TestTxnNoBuckets-1713961246971/warehouse/t/.hive-staging_hive_2024-04-24_05-22-31_154_5711673218230182481-1/_tmp.-ext-10000/000000_0
2024-04-24T05:22:33,038  INFO [LocalJobRunner Map Task Executor #0] exec.FileSinkOperator: FS[15]: records written - 1
2024-04-24T05:22:33,038  INFO [LocalJobRunner Map Task Executor #0] impl.PhysicalFsWriter: ORC writer created for path: file:/home/alex/Repositories/hive/ql/target/tmp/org.apache.hadoop.hive.ql.TestTxnNoBuckets-1713961246971/warehouse/t/.hive-staging_hive_2024-04-24_05-22-31_154_5711673218230182481-1/_task_tmp.-ext-10000/_tmp.000000_0 with stripeSize: 67108864 blockSize: 268435456 compression: Compress: ZLIB buffer: 262144
2024-04-24T05:22:33,045  INFO [LocalJobRunner Map Task Executor #0] impl.WriterImpl: ORC writer created for path: file:/home/alex/Repositories/hive/ql/target/tmp/org.apache.hadoop.hive.ql.TestTxnNoBuckets-1713961246971/warehouse/t/.hive-staging_hive_2024-04-24_05-22-31_154_5711673218230182481-1/_task_tmp.-ext-10000/_tmp.000000_0 with stripeSize: 67108864 options: Compress: ZLIB buffer: 262144
2024-04-24T05:22:33,045  INFO [LocalJobRunner Map Task Executor #0] exec.MapOperator: Closing Operator: MAP[0]
2024-04-24T05:22:33,045  INFO [LocalJobRunner Map Task Executor #0] exec.MapOperator: MAP[0]: Total records read - 3. abort - false
2024-04-24T05:22:33,045  INFO [LocalJobRunner Map Task Executor #0] exec.MapOperator: RECORDS_OUT_INTERMEDIATE:0, RECORDS_IN:3, DESERIALIZE_ERRORS:0, RECORDS_OUT_OPERATOR_MAP_0:0, 
2024-04-24T05:22:33,045  INFO [LocalJobRunner Map Task Executor #0] exec.TableScanOperator: Closing Operator: TS[20]
2024-04-24T05:22:33,045  INFO [LocalJobRunner Map Task Executor #0] exec.TableScanOperator: RECORDS_OUT_INTERMEDIATE:0, RECORDS_OUT_OPERATOR_TS_20:0, 
2024-04-24T05:22:33,046  INFO [LocalJobRunner Map Task Executor #0] exec.TableScanOperator: Closing Operator: TS[7]
2024-04-24T05:22:33,046  INFO [LocalJobRunner Map Task Executor #0] exec.TableScanOperator: RECORDS_OUT_INTERMEDIATE:0, RECORDS_OUT_OPERATOR_TS_7:3, 
2024-04-24T05:22:33,046  INFO [LocalJobRunner Map Task Executor #0] exec.FilterOperator: Closing Operator: FIL[17]
2024-04-24T05:22:33,046  INFO [LocalJobRunner Map Task Executor #0] exec.FilterOperator: RECORDS_OUT_OPERATOR_FIL_17:1, RECORDS_OUT_INTERMEDIATE:0, 
2024-04-24T05:22:33,046  INFO [LocalJobRunner Map Task Executor #0] exec.SelectOperator: Closing Operator: SEL[9]
2024-04-24T05:22:33,046  INFO [LocalJobRunner Map Task Executor #0] exec.SelectOperator: RECORDS_OUT_OPERATOR_SEL_9:1, RECORDS_OUT_INTERMEDIATE:0, 
2024-04-24T05:22:33,046  INFO [LocalJobRunner Map Task Executor #0] exec.TableScanOperator: Closing Operator: TS[11]
2024-04-24T05:22:33,046  INFO [LocalJobRunner Map Task Executor #0] exec.TableScanOperator: RECORDS_OUT_INTERMEDIATE:0, RECORDS_OUT_OPERATOR_TS_11:3, 
2024-04-24T05:22:33,046  INFO [LocalJobRunner Map Task Executor #0] exec.FilterOperator: Closing Operator: FIL[18]
2024-04-24T05:22:33,046  INFO [LocalJobRunner Map Task Executor #0] exec.FilterOperator: RECORDS_OUT_OPERATOR_FIL_18:1, RECORDS_OUT_INTERMEDIATE:0, 
2024-04-24T05:22:33,046  INFO [LocalJobRunner Map Task Executor #0] exec.SelectOperator: Closing Operator: SEL[13]
2024-04-24T05:22:33,046  INFO [LocalJobRunner Map Task Executor #0] exec.SelectOperator: RECORDS_OUT_OPERATOR_SEL_13:1, RECORDS_OUT_INTERMEDIATE:0, 
2024-04-24T05:22:33,046  INFO [LocalJobRunner Map Task Executor #0] exec.UnionOperator: Closing Operator: UNION[10]
2024-04-24T05:22:33,046  INFO [LocalJobRunner Map Task Executor #0] exec.UnionOperator: RECORDS_OUT_INTERMEDIATE:0, RECORDS_OUT_OPERATOR_UNION_10:2, 
2024-04-24T05:22:33,046  INFO [LocalJobRunner Map Task Executor #0] exec.FileSinkOperator: Closing Operator: FS[15]
2024-04-24T05:22:33,046  INFO [LocalJobRunner Map Task Executor #0] exec.FileSinkOperator: FS[15]: records written - 2
2024-04-24T05:22:33,052  INFO [LocalJobRunner Map Task Executor #0] exec.FileSinkOperator: RECORDS_OUT_INTERMEDIATE:0, TOTAL_TABLE_ROWS_WRITTEN:2, RECORDS_OUT_OPERATOR_FS_15:2, RECORDS_OUT_1_default.t:2, 
2024-04-24T05:22:33,053  INFO [LocalJobRunner Map Task Executor #0] mapred.LocalJobRunner: 
2024-04-24T05:22:33,053  INFO [LocalJobRunner Map Task Executor #0] mapred.Task: Task:attempt_local880483755_0046_m_000000_0 is done. And is in the process of committing
2024-04-24T05:22:33,054  INFO [LocalJobRunner Map Task Executor #0] mapred.LocalJobRunner: OrcSplit [file:/home/alex/Repositories/hive/ql/target/tmp/org.apache.hadoop.hive.ql.TestTxnNoBuckets-1713961246971/warehouse/acidtbl/delta_0000001_0000001_0000/bucket_00001_0, start=3, length=317, isOriginal=false, fileLength=704, hasFooter=false, hasBase=true, deltas=0]
2024-04-24T05:22:33,054  INFO [LocalJobRunner Map Task Executor #0] mapred.Task: Task 'attempt_local880483755_0046_m_000000_0' done.
2024-04-24T05:22:33,054  INFO [LocalJobRunner Map Task Executor #0] mapred.Task: Final Counters for attempt_local880483755_0046_m_000000_0: Counters: 31
	File System Counters
		FILE: Number of bytes read=1028748
		FILE: Number of bytes written=54185275
		FILE: Number of read operations=0
		FILE: Number of large read operations=0
		FILE: Number of write operations=0
	Map-Reduce Framework
		Map input records=3
		Map output records=0
		Input split bytes=497
		Spilled Records=0
		Failed Shuffles=0
		Merged Map outputs=0
		GC time elapsed (ms)=0
		Total committed heap usage (bytes)=1246232576
	HIVE
		CREATED_FILES=1
		DESERIALIZE_ERRORS=0
		RECORDS_IN=3
		RECORDS_OUT_1_default.t=6
		RECORDS_OUT_INTERMEDIATE=0
		RECORDS_OUT_OPERATOR_FIL_17=1
		RECORDS_OUT_OPERATOR_FIL_18=1
		RECORDS_OUT_OPERATOR_FS_15=6
		RECORDS_OUT_OPERATOR_MAP_0=0
		RECORDS_OUT_OPERATOR_SEL_13=1
		RECORDS_OUT_OPERATOR_SEL_9=1
		RECORDS_OUT_OPERATOR_TS_11=3
		RECORDS_OUT_OPERATOR_TS_20=0
		RECORDS_OUT_OPERATOR_TS_7=3
		RECORDS_OUT_OPERATOR_UNION_10=6
		TOTAL_TABLE_ROWS_WRITTEN=6
	File Input Format Counters 
		Bytes Read=10568
	File Output Format Counters 
		Bytes Written=0
2024-04-24T05:22:33,054  INFO [LocalJobRunner Map Task Executor #0] mapred.LocalJobRunner: Finishing task: attempt_local880483755_0046_m_000000_0
2024-04-24T05:22:33,054  INFO [LocalJobRunner Map Task Executor #0] mapred.LocalJobRunner: Starting task: attempt_local880483755_0046_m_000001_0
2024-04-24T05:22:33,054  INFO [LocalJobRunner Map Task Executor #0] mapred.Task:  Using ResourceCalculatorProcessTree : [ ]
2024-04-24T05:22:33,054  INFO [LocalJobRunner Map Task Executor #0] mapred.MapTask: Processing split: org.apache.hadoop.hive.ql.io.orc.OrcInputFormat:OrcSplit [file:/home/alex/Repositories/hive/ql/target/tmp/org.apache.hadoop.hive.ql.TestTxnNoBuckets-1713961246971/warehouse/acidtbl/delta_0000001_0000001_0000/bucket_00000_0, start=3, length=315, isOriginal=false, fileLength=688, hasFooter=false, hasBase=true, deltas=0]
2024-04-24T05:22:33,055  INFO [LocalJobRunner Map Task Executor #0] exec.SerializationUtilities: Deserializing MapWork using kryo
2024-04-24T05:22:33,055  INFO [LocalJobRunner Map Task Executor #0] exec.Utilities: Deserialized plan (via FILE) - name: null size: 7,60KB
2024-04-24T05:22:33,056  INFO [LocalJobRunner Map Task Executor #0] orc.OrcRawRecordMerger: min key = null, max key = null
2024-04-24T05:22:33,056  INFO [LocalJobRunner Map Task Executor #0] orc.ReaderImpl: Reading ORC rows from file:/home/alex/Repositories/hive/ql/target/tmp/org.apache.hadoop.hive.ql.TestTxnNoBuckets-1713961246971/warehouse/acidtbl/delta_0000001_0000001_0000/bucket_00000_0 with {include: [true, true, true], offset: 3, length: 315, schema: struct<a:int,b:int>, includeAcidColumns: true}
2024-04-24T05:22:33,057  INFO [LocalJobRunner Map Task Executor #0] orc.OrcRawRecordMerger: updated min key = null, max key = null
2024-04-24T05:22:33,057  INFO [LocalJobRunner Map Task Executor #0] mapred.MapTask: numReduceTasks: 0
2024-04-24T05:22:33,057  INFO [LocalJobRunner Map Task Executor #0] exec.MapOperator: Initializing Operator: MAP[0]
2024-04-24T05:22:33,058  INFO [LocalJobRunner Map Task Executor #0] mr.ExecMapper: 
<MAP>Id =0
  <Children>
    <TS>Id =20
      <Children>
        <UNION>Id =10
          <Children>
            <FS>Id =15
              <Children>
              <\Children>
              <Parent>Id = 10 null<\Parent>
            <\FS>
          <\Children>
          <Parent>Id = 20 nullId = 9 
        <SEL>Id =9
          <Children>null
          <\Children>
          <Parent>Id = 17 
        <FIL>Id =17
          <Children>null
          <\Children>
          <Parent>Id = 7 
        <TS>Id =7
          <Children>null
          <\Children>
          <Parent>Id = 0 null<\Parent>
        <\TS><\Parent>
        <\FIL><\Parent>
        <\SEL>Id = 13 
        <SEL>Id =13
          <Children>null
          <\Children>
          <Parent>Id = 18 
        <FIL>Id =18
          <Children>null
          <\Children>
          <Parent>Id = 11 
        <TS>Id =11
          <Children>null
          <\Children>
          <Parent>Id = 0 null<\Parent>
        <\TS><\Parent>
        <\FIL><\Parent>
        <\SEL><\Parent>
        <\UNION>
      <\Children>
      <Parent>Id = 0 null<\Parent>
    <\TS>nullnull
  <\Children>
  <Parent><\Parent>
<\MAP>
2024-04-24T05:22:33,059  INFO [LocalJobRunner Map Task Executor #0] exec.TableScanOperator: Initializing Operator: TS[20]
2024-04-24T05:22:33,059  INFO [LocalJobRunner Map Task Executor #0] exec.TableScanOperator: Initializing Operator: TS[11]
2024-04-24T05:22:33,059  INFO [LocalJobRunner Map Task Executor #0] exec.FilterOperator: Initializing Operator: FIL[18]
2024-04-24T05:22:33,059  INFO [LocalJobRunner Map Task Executor #0] exec.SelectOperator: Initializing Operator: SEL[13]
2024-04-24T05:22:33,059  INFO [LocalJobRunner Map Task Executor #0] exec.SelectOperator: SELECT struct<a:int,b:int>
2024-04-24T05:22:33,059  INFO [LocalJobRunner Map Task Executor #0] exec.TableScanOperator: Initializing Operator: TS[7]
2024-04-24T05:22:33,059  INFO [LocalJobRunner Map Task Executor #0] exec.FilterOperator: Initializing Operator: FIL[17]
2024-04-24T05:22:33,059  INFO [LocalJobRunner Map Task Executor #0] exec.SelectOperator: Initializing Operator: SEL[9]
2024-04-24T05:22:33,059  INFO [LocalJobRunner Map Task Executor #0] exec.SelectOperator: SELECT struct<a:int,b:int>
2024-04-24T05:22:33,059  INFO [LocalJobRunner Map Task Executor #0] exec.UnionOperator: Initializing Operator: UNION[10]
2024-04-24T05:22:33,059  INFO [LocalJobRunner Map Task Executor #0] exec.UnionOperator: Union Operator needs to transform row from parent[0] from org.apache.hadoop.hive.serde2.lazybinary.objectinspector.LazyBinaryStructObjectInspector<org.apache.hadoop.hive.serde2.objectinspector.primitive.WritableIntObjectInspector@603faaad,org.apache.hadoop.hive.serde2.objectinspector.primitive.WritableIntObjectInspector@603faaad> to org.apache.hadoop.hive.serde2.objectinspector.StandardStructObjectInspector<org.apache.hadoop.hive.serde2.objectinspector.primitive.WritableIntObjectInspector@603faaad,org.apache.hadoop.hive.serde2.objectinspector.primitive.WritableIntObjectInspector@603faaad>
2024-04-24T05:22:33,059  INFO [LocalJobRunner Map Task Executor #0] exec.FileSinkOperator: Initializing Operator: FS[15]
2024-04-24T05:22:33,060  INFO [LocalJobRunner Map Task Executor #0] exec.FileSinkOperator: Using serializer : AbstractSerDe [log=org.apache.logging.slf4j.Log4jLogger@5c8da227, configuration=Optional[Configuration: core-default.xml, core-site.xml, mapred-default.xml, mapred-site.xml, yarn-default.xml, yarn-site.xml, hdfs-default.xml, hdfs-site.xml, file:/home/alex/Repositories/hive/ql/target/tmp/TestTxnNoBuckets/mapred/local/localRunner/alex/job_local880483755_0046/job_local880483755_0046.xml], properties={name=default.t, columns.types=int:int, serialization.format=1, columns=a,b, numFilesErasureCoded=0, columns.comments=&amp#0;, bucketing_version=2, serialization.lib=org.apache.hadoop.hive.ql.io.orc.OrcSerde, file.inputformat=org.apache.hadoop.hive.ql.io.orc.OrcInputFormat, file.outputformat=org.apache.hadoop.hive.ql.io.orc.OrcOutputFormat, location=file:/home/alex/Repositories/hive/ql/target/tmp/org.apache.hadoop.hive.ql.TestTxnNoBuckets-1713961246971/warehouse/t, column.name.delimiter=,}, tableProperties={name=default.t, columns.types=int:int, serialization.format=1, columns=a,b, numFilesErasureCoded=0, columns.comments=&amp#0;, bucketing_version=2, serialization.lib=org.apache.hadoop.hive.ql.io.orc.OrcSerde, file.inputformat=org.apache.hadoop.hive.ql.io.orc.OrcInputFormat, location=file:/home/alex/Repositories/hive/ql/target/tmp/org.apache.hadoop.hive.ql.TestTxnNoBuckets-1713961246971/warehouse/t, file.outputformat=org.apache.hadoop.hive.ql.io.orc.OrcOutputFormat, column.name.delimiter=,}, partitionProperties=Optional.empty, columnNames=[a, b], columnTypes=[int, int], getClass()=class org.apache.hadoop.hive.ql.io.orc.OrcSerde] and formatter : org.apache.hadoop.hive.ql.io.orc.OrcOutputFormat@65dee84e
2024-04-24T05:22:33,060  INFO [LocalJobRunner Map Task Executor #0] exec.MapOperator: MAP[0]: records read - 1
2024-04-24T05:22:33,060  INFO [LocalJobRunner Map Task Executor #0] exec.FileSinkOperator: Final Path: FS file:/home/alex/Repositories/hive/ql/target/tmp/org.apache.hadoop.hive.ql.TestTxnNoBuckets-1713961246971/warehouse/t/.hive-staging_hive_2024-04-24_05-22-31_154_5711673218230182481-1/_tmp.-ext-10000/000001_0
2024-04-24T05:22:33,060  INFO [LocalJobRunner Map Task Executor #0] exec.FileSinkOperator: Writing to temp file: FS file:/home/alex/Repositories/hive/ql/target/tmp/org.apache.hadoop.hive.ql.TestTxnNoBuckets-1713961246971/warehouse/t/.hive-staging_hive_2024-04-24_05-22-31_154_5711673218230182481-1/_task_tmp.-ext-10000/_tmp.000001_0
2024-04-24T05:22:33,060  INFO [LocalJobRunner Map Task Executor #0] exec.FileSinkOperator: New Final Path: FS file:/home/alex/Repositories/hive/ql/target/tmp/org.apache.hadoop.hive.ql.TestTxnNoBuckets-1713961246971/warehouse/t/.hive-staging_hive_2024-04-24_05-22-31_154_5711673218230182481-1/_tmp.-ext-10000/000001_0
2024-04-24T05:22:33,061  INFO [LocalJobRunner Map Task Executor #0] exec.FileSinkOperator: FS[15]: records written - 1
2024-04-24T05:22:33,061  INFO [LocalJobRunner Map Task Executor #0] impl.PhysicalFsWriter: ORC writer created for path: file:/home/alex/Repositories/hive/ql/target/tmp/org.apache.hadoop.hive.ql.TestTxnNoBuckets-1713961246971/warehouse/t/.hive-staging_hive_2024-04-24_05-22-31_154_5711673218230182481-1/_task_tmp.-ext-10000/_tmp.000001_0 with stripeSize: 67108864 blockSize: 268435456 compression: Compress: ZLIB buffer: 262144
2024-04-24T05:22:33,065  INFO [LocalJobRunner Map Task Executor #0] impl.WriterImpl: ORC writer created for path: file:/home/alex/Repositories/hive/ql/target/tmp/org.apache.hadoop.hive.ql.TestTxnNoBuckets-1713961246971/warehouse/t/.hive-staging_hive_2024-04-24_05-22-31_154_5711673218230182481-1/_task_tmp.-ext-10000/_tmp.000001_0 with stripeSize: 67108864 options: Compress: ZLIB buffer: 262144
2024-04-24T05:22:33,065  INFO [LocalJobRunner Map Task Executor #0] exec.MapOperator: Closing Operator: MAP[0]
2024-04-24T05:22:33,065  INFO [LocalJobRunner Map Task Executor #0] exec.MapOperator: MAP[0]: Total records read - 2. abort - false
2024-04-24T05:22:33,066  INFO [LocalJobRunner Map Task Executor #0] exec.MapOperator: RECORDS_OUT_OPERATOR_MAP_0:0, RECORDS_OUT_INTERMEDIATE:0, DESERIALIZE_ERRORS:0, RECORDS_IN:2, 
2024-04-24T05:22:33,066  INFO [LocalJobRunner Map Task Executor #0] exec.TableScanOperator: Closing Operator: TS[20]
2024-04-24T05:22:33,066  INFO [LocalJobRunner Map Task Executor #0] exec.TableScanOperator: RECORDS_OUT_OPERATOR_TS_20:0, RECORDS_OUT_INTERMEDIATE:0, 
2024-04-24T05:22:33,066  INFO [LocalJobRunner Map Task Executor #0] exec.TableScanOperator: Closing Operator: TS[7]
2024-04-24T05:22:33,066  INFO [LocalJobRunner Map Task Executor #0] exec.TableScanOperator: RECORDS_OUT_INTERMEDIATE:0, RECORDS_OUT_OPERATOR_TS_7:2, 
2024-04-24T05:22:33,066  INFO [LocalJobRunner Map Task Executor #0] exec.FilterOperator: Closing Operator: FIL[17]
2024-04-24T05:22:33,066  INFO [LocalJobRunner Map Task Executor #0] exec.FilterOperator: RECORDS_OUT_OPERATOR_FIL_17:1, RECORDS_OUT_INTERMEDIATE:0, 
2024-04-24T05:22:33,066  INFO [LocalJobRunner Map Task Executor #0] exec.SelectOperator: Closing Operator: SEL[9]
2024-04-24T05:22:33,066  INFO [LocalJobRunner Map Task Executor #0] exec.SelectOperator: RECORDS_OUT_INTERMEDIATE:0, RECORDS_OUT_OPERATOR_SEL_9:1, 
2024-04-24T05:22:33,066  INFO [LocalJobRunner Map Task Executor #0] exec.TableScanOperator: Closing Operator: TS[11]
2024-04-24T05:22:33,066  INFO [LocalJobRunner Map Task Executor #0] exec.TableScanOperator: RECORDS_OUT_OPERATOR_TS_11:2, RECORDS_OUT_INTERMEDIATE:0, 
2024-04-24T05:22:33,066  INFO [LocalJobRunner Map Task Executor #0] exec.FilterOperator: Closing Operator: FIL[18]
2024-04-24T05:22:33,066  INFO [LocalJobRunner Map Task Executor #0] exec.FilterOperator: RECORDS_OUT_INTERMEDIATE:0, RECORDS_OUT_OPERATOR_FIL_18:0, 
2024-04-24T05:22:33,066  INFO [LocalJobRunner Map Task Executor #0] exec.SelectOperator: Closing Operator: SEL[13]
2024-04-24T05:22:33,066  INFO [LocalJobRunner Map Task Executor #0] exec.SelectOperator: RECORDS_OUT_INTERMEDIATE:0, RECORDS_OUT_OPERATOR_SEL_13:0, 
2024-04-24T05:22:33,066  INFO [LocalJobRunner Map Task Executor #0] exec.UnionOperator: Closing Operator: UNION[10]
2024-04-24T05:22:33,066  INFO [LocalJobRunner Map Task Executor #0] exec.UnionOperator: RECORDS_OUT_INTERMEDIATE:0, RECORDS_OUT_OPERATOR_UNION_10:1, 
2024-04-24T05:22:33,066  INFO [LocalJobRunner Map Task Executor #0] exec.FileSinkOperator: Closing Operator: FS[15]
2024-04-24T05:22:33,066  INFO [LocalJobRunner Map Task Executor #0] exec.FileSinkOperator: FS[15]: records written - 1
2024-04-24T05:22:33,072  INFO [LocalJobRunner Map Task Executor #0] exec.FileSinkOperator: RECORDS_OUT_INTERMEDIATE:0, RECORDS_OUT_OPERATOR_FS_15:1, TOTAL_TABLE_ROWS_WRITTEN:1, RECORDS_OUT_1_default.t:1, 
2024-04-24T05:22:33,073  INFO [LocalJobRunner Map Task Executor #0] mapred.LocalJobRunner: 
2024-04-24T05:22:33,073  INFO [LocalJobRunner Map Task Executor #0] mapred.Task: Task:attempt_local880483755_0046_m_000001_0 is done. And is in the process of committing
2024-04-24T05:22:33,074  INFO [LocalJobRunner Map Task Executor #0] mapred.LocalJobRunner: OrcSplit [file:/home/alex/Repositories/hive/ql/target/tmp/org.apache.hadoop.hive.ql.TestTxnNoBuckets-1713961246971/warehouse/acidtbl/delta_0000001_0000001_0000/bucket_00000_0, start=3, length=315, isOriginal=false, fileLength=688, hasFooter=false, hasBase=true, deltas=0]
2024-04-24T05:22:33,074  INFO [LocalJobRunner Map Task Executor #0] mapred.Task: Task 'attempt_local880483755_0046_m_000001_0' done.
2024-04-24T05:22:33,074  INFO [LocalJobRunner Map Task Executor #0] mapred.Task: Final Counters for attempt_local880483755_0046_m_000001_0: Counters: 31
	File System Counters
		FILE: Number of bytes read=1040607
		FILE: Number of bytes written=54185618
		FILE: Number of read operations=0
		FILE: Number of large read operations=0
		FILE: Number of write operations=0
	Map-Reduce Framework
		Map input records=2
		Map output records=0
		Input split bytes=497
		Spilled Records=0
		Failed Shuffles=0
		Merged Map outputs=0
		GC time elapsed (ms)=0
		Total committed heap usage (bytes)=1246232576
	HIVE
		CREATED_FILES=1
		DESERIALIZE_ERRORS=0
		RECORDS_IN=2
		RECORDS_OUT_1_default.t=3
		RECORDS_OUT_INTERMEDIATE=0
		RECORDS_OUT_OPERATOR_FIL_17=1
		RECORDS_OUT_OPERATOR_FIL_18=0
		RECORDS_OUT_OPERATOR_FS_15=3
		RECORDS_OUT_OPERATOR_MAP_0=0
		RECORDS_OUT_OPERATOR_SEL_13=0
		RECORDS_OUT_OPERATOR_SEL_9=1
		RECORDS_OUT_OPERATOR_TS_11=2
		RECORDS_OUT_OPERATOR_TS_20=0
		RECORDS_OUT_OPERATOR_TS_7=2
		RECORDS_OUT_OPERATOR_UNION_10=3
		TOTAL_TABLE_ROWS_WRITTEN=3
	File Input Format Counters 
		Bytes Read=10504
	File Output Format Counters 
		Bytes Written=0
2024-04-24T05:22:33,074  INFO [LocalJobRunner Map Task Executor #0] mapred.LocalJobRunner: Finishing task: attempt_local880483755_0046_m_000001_0
2024-04-24T05:22:33,074  INFO [LocalJobRunner Map Task Executor #0] mapred.LocalJobRunner: Starting task: attempt_local880483755_0046_m_000002_0
2024-04-24T05:22:33,074  INFO [LocalJobRunner Map Task Executor #0] mapred.Task:  Using ResourceCalculatorProcessTree : [ ]
2024-04-24T05:22:33,074  INFO [LocalJobRunner Map Task Executor #0] mapred.MapTask: Processing split: org.apache.hadoop.mapred.SequenceFileInputFormat:file:/home/alex/Repositories/hive/ql/target/tmp/localscratchdir/60b21767-3741-46b4-add5-ecda5376357f/hive_2024-04-24_05-22-31_154_5711673218230182481-1/-mr-10002/000000_0:0+134
2024-04-24T05:22:33,075  INFO [LocalJobRunner Map Task Executor #0] exec.SerializationUtilities: Deserializing MapWork using kryo
2024-04-24T05:22:33,075  INFO [LocalJobRunner Map Task Executor #0] exec.Utilities: Deserialized plan (via FILE) - name: null size: 7,60KB
2024-04-24T05:22:33,075  INFO [LocalJobRunner Map Task Executor #0] exec.Utilities: schema.evolution.columns and schema.evolution.columns.types not available
2024-04-24T05:22:33,076  INFO [LocalJobRunner Map Task Executor #0] mapred.MapTask: numReduceTasks: 0
2024-04-24T05:22:33,076  INFO [LocalJobRunner Map Task Executor #0] exec.MapOperator: Initializing Operator: MAP[0]
2024-04-24T05:22:33,078  INFO [LocalJobRunner Map Task Executor #0] mr.ExecMapper: 
<MAP>Id =0
  <Children>
    <TS>Id =20
      <Children>
        <UNION>Id =10
          <Children>
            <FS>Id =15
              <Children>
              <\Children>
              <Parent>Id = 10 null<\Parent>
            <\FS>
          <\Children>
          <Parent>Id = 20 nullId = 9 
        <SEL>Id =9
          <Children>null
          <\Children>
          <Parent>Id = 17 
        <FIL>Id =17
          <Children>null
          <\Children>
          <Parent>Id = 7 
        <TS>Id =7
          <Children>null
          <\Children>
          <Parent>Id = 0 null<\Parent>
        <\TS><\Parent>
        <\FIL><\Parent>
        <\SEL>Id = 13 
        <SEL>Id =13
          <Children>null
          <\Children>
          <Parent>Id = 18 
        <FIL>Id =18
          <Children>null
          <\Children>
          <Parent>Id = 11 
        <TS>Id =11
          <Children>null
          <\Children>
          <Parent>Id = 0 null<\Parent>
        <\TS><\Parent>
        <\FIL><\Parent>
        <\SEL><\Parent>
        <\UNION>
      <\Children>
      <Parent>Id = 0 null<\Parent>
    <\TS>nullnull
  <\Children>
  <Parent><\Parent>
<\MAP>
2024-04-24T05:22:33,078  INFO [LocalJobRunner Map Task Executor #0] exec.TableScanOperator: Initializing Operator: TS[7]
2024-04-24T05:22:33,078  INFO [LocalJobRunner Map Task Executor #0] exec.FilterOperator: Initializing Operator: FIL[17]
2024-04-24T05:22:33,078  INFO [LocalJobRunner Map Task Executor #0] exec.SelectOperator: Initializing Operator: SEL[9]
2024-04-24T05:22:33,078  INFO [LocalJobRunner Map Task Executor #0] exec.SelectOperator: SELECT struct<a:int,b:int>
2024-04-24T05:22:33,078  INFO [LocalJobRunner Map Task Executor #0] exec.TableScanOperator: Initializing Operator: TS[20]
2024-04-24T05:22:33,078  INFO [LocalJobRunner Map Task Executor #0] exec.TableScanOperator: Initializing Operator: TS[11]
2024-04-24T05:22:33,078  INFO [LocalJobRunner Map Task Executor #0] exec.FilterOperator: Initializing Operator: FIL[18]
2024-04-24T05:22:33,079  INFO [LocalJobRunner Map Task Executor #0] exec.SelectOperator: Initializing Operator: SEL[13]
2024-04-24T05:22:33,079  INFO [LocalJobRunner Map Task Executor #0] exec.SelectOperator: SELECT struct<a:int,b:int>
2024-04-24T05:22:33,079  INFO [LocalJobRunner Map Task Executor #0] exec.UnionOperator: Initializing Operator: UNION[10]
2024-04-24T05:22:33,079  INFO [LocalJobRunner Map Task Executor #0] exec.UnionOperator: Union Operator needs to transform row from parent[0] from org.apache.hadoop.hive.serde2.lazybinary.objectinspector.LazyBinaryStructObjectInspector<org.apache.hadoop.hive.serde2.objectinspector.primitive.WritableIntObjectInspector@603faaad,org.apache.hadoop.hive.serde2.objectinspector.primitive.WritableIntObjectInspector@603faaad> to org.apache.hadoop.hive.serde2.objectinspector.StandardStructObjectInspector<org.apache.hadoop.hive.serde2.objectinspector.primitive.WritableIntObjectInspector@603faaad,org.apache.hadoop.hive.serde2.objectinspector.primitive.WritableIntObjectInspector@603faaad>
2024-04-24T05:22:33,079  INFO [LocalJobRunner Map Task Executor #0] exec.FileSinkOperator: Initializing Operator: FS[15]
2024-04-24T05:22:33,079  INFO [LocalJobRunner Map Task Executor #0] exec.FileSinkOperator: Using serializer : AbstractSerDe [log=org.apache.logging.slf4j.Log4jLogger@5c8da227, configuration=Optional[Configuration: core-default.xml, core-site.xml, mapred-default.xml, mapred-site.xml, yarn-default.xml, yarn-site.xml, hdfs-default.xml, hdfs-site.xml, file:/home/alex/Repositories/hive/ql/target/tmp/TestTxnNoBuckets/mapred/local/localRunner/alex/job_local880483755_0046/job_local880483755_0046.xml], properties={name=default.t, columns.types=int:int, serialization.format=1, columns=a,b, numFilesErasureCoded=0, columns.comments=&amp#0;, bucketing_version=2, serialization.lib=org.apache.hadoop.hive.ql.io.orc.OrcSerde, file.inputformat=org.apache.hadoop.hive.ql.io.orc.OrcInputFormat, file.outputformat=org.apache.hadoop.hive.ql.io.orc.OrcOutputFormat, location=file:/home/alex/Repositories/hive/ql/target/tmp/org.apache.hadoop.hive.ql.TestTxnNoBuckets-1713961246971/warehouse/t, column.name.delimiter=,}, tableProperties={name=default.t, columns.types=int:int, serialization.format=1, columns=a,b, numFilesErasureCoded=0, columns.comments=&amp#0;, bucketing_version=2, serialization.lib=org.apache.hadoop.hive.ql.io.orc.OrcSerde, file.inputformat=org.apache.hadoop.hive.ql.io.orc.OrcInputFormat, location=file:/home/alex/Repositories/hive/ql/target/tmp/org.apache.hadoop.hive.ql.TestTxnNoBuckets-1713961246971/warehouse/t, file.outputformat=org.apache.hadoop.hive.ql.io.orc.OrcOutputFormat, column.name.delimiter=,}, partitionProperties=Optional.empty, columnNames=[a, b], columnTypes=[int, int], getClass()=class org.apache.hadoop.hive.ql.io.orc.OrcSerde] and formatter : org.apache.hadoop.hive.ql.io.orc.OrcOutputFormat@76bf5374
2024-04-24T05:22:33,079  INFO [LocalJobRunner Map Task Executor #0] exec.FileSinkOperator: Final Path: FS file:/home/alex/Repositories/hive/ql/target/tmp/org.apache.hadoop.hive.ql.TestTxnNoBuckets-1713961246971/warehouse/t/.hive-staging_hive_2024-04-24_05-22-31_154_5711673218230182481-1/_tmp.-ext-10000/000002_0
2024-04-24T05:22:33,079  INFO [LocalJobRunner Map Task Executor #0] exec.FileSinkOperator: Writing to temp file: FS file:/home/alex/Repositories/hive/ql/target/tmp/org.apache.hadoop.hive.ql.TestTxnNoBuckets-1713961246971/warehouse/t/.hive-staging_hive_2024-04-24_05-22-31_154_5711673218230182481-1/_task_tmp.-ext-10000/_tmp.000002_0
2024-04-24T05:22:33,079  INFO [LocalJobRunner Map Task Executor #0] exec.FileSinkOperator: New Final Path: FS file:/home/alex/Repositories/hive/ql/target/tmp/org.apache.hadoop.hive.ql.TestTxnNoBuckets-1713961246971/warehouse/t/.hive-staging_hive_2024-04-24_05-22-31_154_5711673218230182481-1/_tmp.-ext-10000/000002_0
2024-04-24T05:22:33,079  INFO [LocalJobRunner Map Task Executor #0] exec.FileSinkOperator: FS[15]: records written - 1
2024-04-24T05:22:33,080  INFO [LocalJobRunner Map Task Executor #0] impl.PhysicalFsWriter: ORC writer created for path: file:/home/alex/Repositories/hive/ql/target/tmp/org.apache.hadoop.hive.ql.TestTxnNoBuckets-1713961246971/warehouse/t/.hive-staging_hive_2024-04-24_05-22-31_154_5711673218230182481-1/_task_tmp.-ext-10000/_tmp.000002_0 with stripeSize: 67108864 blockSize: 268435456 compression: Compress: ZLIB buffer: 262144
2024-04-24T05:22:33,084  INFO [LocalJobRunner Map Task Executor #0] impl.WriterImpl: ORC writer created for path: file:/home/alex/Repositories/hive/ql/target/tmp/org.apache.hadoop.hive.ql.TestTxnNoBuckets-1713961246971/warehouse/t/.hive-staging_hive_2024-04-24_05-22-31_154_5711673218230182481-1/_task_tmp.-ext-10000/_tmp.000002_0 with stripeSize: 67108864 options: Compress: ZLIB buffer: 262144
2024-04-24T05:22:33,084  INFO [LocalJobRunner Map Task Executor #0] exec.MapOperator: MAP[0]: records read - 1
2024-04-24T05:22:33,085  INFO [LocalJobRunner Map Task Executor #0] exec.MapOperator: Closing Operator: MAP[0]
2024-04-24T05:22:33,085  INFO [LocalJobRunner Map Task Executor #0] exec.MapOperator: MAP[0]: Total records read - 2. abort - false
2024-04-24T05:22:33,085  INFO [LocalJobRunner Map Task Executor #0] exec.MapOperator: RECORDS_IN:2, RECORDS_OUT_INTERMEDIATE:0, RECORDS_OUT_OPERATOR_MAP_0:0, DESERIALIZE_ERRORS:0, 
2024-04-24T05:22:33,085  INFO [LocalJobRunner Map Task Executor #0] exec.TableScanOperator: Closing Operator: TS[20]
2024-04-24T05:22:33,085  INFO [LocalJobRunner Map Task Executor #0] exec.TableScanOperator: RECORDS_OUT_OPERATOR_TS_20:2, RECORDS_OUT_INTERMEDIATE:0, 
2024-04-24T05:22:33,085  INFO [LocalJobRunner Map Task Executor #0] exec.TableScanOperator: Closing Operator: TS[7]
2024-04-24T05:22:33,085  INFO [LocalJobRunner Map Task Executor #0] exec.TableScanOperator: RECORDS_OUT_OPERATOR_TS_7:0, RECORDS_OUT_INTERMEDIATE:0, 
2024-04-24T05:22:33,085  INFO [LocalJobRunner Map Task Executor #0] exec.FilterOperator: Closing Operator: FIL[17]
2024-04-24T05:22:33,085  INFO [LocalJobRunner Map Task Executor #0] exec.FilterOperator: RECORDS_OUT_INTERMEDIATE:0, RECORDS_OUT_OPERATOR_FIL_17:0, 
2024-04-24T05:22:33,085  INFO [LocalJobRunner Map Task Executor #0] exec.SelectOperator: Closing Operator: SEL[9]
2024-04-24T05:22:33,085  INFO [LocalJobRunner Map Task Executor #0] exec.SelectOperator: RECORDS_OUT_OPERATOR_SEL_9:0, RECORDS_OUT_INTERMEDIATE:0, 
2024-04-24T05:22:33,085  INFO [LocalJobRunner Map Task Executor #0] exec.TableScanOperator: Closing Operator: TS[11]
2024-04-24T05:22:33,085  INFO [LocalJobRunner Map Task Executor #0] exec.TableScanOperator: RECORDS_OUT_OPERATOR_TS_11:0, RECORDS_OUT_INTERMEDIATE:0, 
2024-04-24T05:22:33,085  INFO [LocalJobRunner Map Task Executor #0] exec.FilterOperator: Closing Operator: FIL[18]
2024-04-24T05:22:33,085  INFO [LocalJobRunner Map Task Executor #0] exec.FilterOperator: RECORDS_OUT_INTERMEDIATE:0, RECORDS_OUT_OPERATOR_FIL_18:0, 
2024-04-24T05:22:33,085  INFO [LocalJobRunner Map Task Executor #0] exec.SelectOperator: Closing Operator: SEL[13]
2024-04-24T05:22:33,085  INFO [LocalJobRunner Map Task Executor #0] exec.SelectOperator: RECORDS_OUT_OPERATOR_SEL_13:0, RECORDS_OUT_INTERMEDIATE:0, 
2024-04-24T05:22:33,085  INFO [LocalJobRunner Map Task Executor #0] exec.UnionOperator: Closing Operator: UNION[10]
2024-04-24T05:22:33,085  INFO [LocalJobRunner Map Task Executor #0] exec.UnionOperator: RECORDS_OUT_OPERATOR_UNION_10:2, RECORDS_OUT_INTERMEDIATE:0, 
2024-04-24T05:22:33,085  INFO [LocalJobRunner Map Task Executor #0] exec.FileSinkOperator: Closing Operator: FS[15]
2024-04-24T05:22:33,085  INFO [LocalJobRunner Map Task Executor #0] exec.FileSinkOperator: FS[15]: records written - 2
2024-04-24T05:22:33,091  INFO [LocalJobRunner Map Task Executor #0] exec.FileSinkOperator: RECORDS_OUT_1_default.t:2, RECORDS_OUT_INTERMEDIATE:0, TOTAL_TABLE_ROWS_WRITTEN:2, RECORDS_OUT_OPERATOR_FS_15:2, 
2024-04-24T05:22:33,092  INFO [LocalJobRunner Map Task Executor #0] mapred.LocalJobRunner: 
2024-04-24T05:22:33,092  INFO [LocalJobRunner Map Task Executor #0] mapred.Task: Task:attempt_local880483755_0046_m_000002_0 is done. And is in the process of committing
2024-04-24T05:22:33,093  INFO [LocalJobRunner Map Task Executor #0] mapred.LocalJobRunner: file:/home/alex/Repositories/hive/ql/target/tmp/localscratchdir/60b21767-3741-46b4-add5-ecda5376357f/hive_2024-04-24_05-22-31_154_5711673218230182481-1/-mr-10002/000000_0:0+134
2024-04-24T05:22:33,093  INFO [LocalJobRunner Map Task Executor #0] mapred.Task: Task 'attempt_local880483755_0046_m_000002_0' done.
2024-04-24T05:22:33,093  INFO [LocalJobRunner Map Task Executor #0] mapred.Task: Final Counters for attempt_local880483755_0046_m_000002_0: Counters: 31
	File System Counters
		FILE: Number of bytes read=1049414
		FILE: Number of bytes written=54185961
		FILE: Number of read operations=0
		FILE: Number of large read operations=0
		FILE: Number of write operations=0
	Map-Reduce Framework
		Map input records=2
		Map output records=0
		Input split bytes=334
		Spilled Records=0
		Failed Shuffles=0
		Merged Map outputs=0
		GC time elapsed (ms)=0
		Total committed heap usage (bytes)=1246232576
	HIVE
		CREATED_FILES=1
		DESERIALIZE_ERRORS=0
		RECORDS_IN=2
		RECORDS_OUT_1_default.t=6
		RECORDS_OUT_INTERMEDIATE=0
		RECORDS_OUT_OPERATOR_FIL_17=0
		RECORDS_OUT_OPERATOR_FIL_18=0
		RECORDS_OUT_OPERATOR_FS_15=6
		RECORDS_OUT_OPERATOR_MAP_0=0
		RECORDS_OUT_OPERATOR_SEL_13=0
		RECORDS_OUT_OPERATOR_SEL_9=0
		RECORDS_OUT_OPERATOR_TS_11=0
		RECORDS_OUT_OPERATOR_TS_20=2
		RECORDS_OUT_OPERATOR_TS_7=0
		RECORDS_OUT_OPERATOR_UNION_10=6
		TOTAL_TABLE_ROWS_WRITTEN=6
	File Input Format Counters 
		Bytes Read=7964
	File Output Format Counters 
		Bytes Written=0
2024-04-24T05:22:33,093  INFO [LocalJobRunner Map Task Executor #0] mapred.LocalJobRunner: Finishing task: attempt_local880483755_0046_m_000002_0
2024-04-24T05:22:33,093  INFO [Thread-3018] mapred.LocalJobRunner: map task executor complete.
2024-04-24 05:22:34,031 Stage-2 map = 100%,  reduce = 0%
2024-04-24T05:22:34,031  INFO [main] exec.Task: 2024-04-24 05:22:34,031 Stage-2 map = 100%,  reduce = 0%
Ended Job = job_local880483755_0046
2024-04-24T05:22:34,033  INFO [main] exec.Task: Ended Job = job_local880483755_0046
2024-04-24T05:22:34,034  INFO [main] ql.Driver: Starting task [Stage-0:MOVE] in serial mode
Loading data to table default.t
2024-04-24T05:22:34,034  INFO [main] exec.Task: Loading data to table default.t from file:/home/alex/Repositories/hive/ql/target/tmp/org.apache.hadoop.hive.ql.TestTxnNoBuckets-1713961246971/warehouse/t/.hive-staging_hive_2024-04-24_05-22-31_154_5711673218230182481-1/-ext-10000
2024-04-24T05:22:34,034  INFO [main] HiveMetaStore.audit: ugi=alex	ip=unknown-ip-addr	cmd=get_table : tbl=hive.default.t	
2024-04-24T05:22:34,043  INFO [main] metastore.HMSHandler: Skipping translation for processor with null
2024-04-24T05:22:34,043  INFO [main] HiveMetaStore.audit: ugi=alex	ip=unknown-ip-addr	cmd=get_table : tbl=hive.default.t	
2024-04-24T05:22:34,052  INFO [main] metastore.HMSHandler: Skipping translation for processor with null
2024-04-24T05:22:34,054  WARN [main] metadata.Hive: Cannot get a table snapshot for t
2024-04-24T05:22:34,054  INFO [main] HiveMetaStore.audit: ugi=alex	ip=unknown-ip-addr	cmd=alter_table: hive.default.t newtbl=t	
2024-04-24T05:22:34,078  INFO [main] ql.Driver: Starting task [Stage-3:STATS] in serial mode
2024-04-24T05:22:34,078  INFO [main] HiveMetaStore.audit: ugi=alex	ip=unknown-ip-addr	cmd=get_table : tbl=hive.default.t	
2024-04-24T05:22:34,086  INFO [main] metastore.HMSHandler: Skipping translation for processor with null
2024-04-24T05:22:34,086  INFO [main] stats.BasicStatsTask: Executing stats task
2024-04-24T05:22:34,086  INFO [main] fs.FSStatsPublisher: created : file:/home/alex/Repositories/hive/ql/target/tmp/localscratchdir/60b21767-3741-46b4-add5-ecda5376357f/hive_2024-04-24_05-22-31_154_5711673218230182481-1/-mr-10001
2024-04-24T05:22:34,088  INFO [main] HiveMetaStore.audit: ugi=alex	ip=unknown-ip-addr	cmd=get_table : tbl=hive.default.t	
2024-04-24T05:22:34,099  INFO [main] metastore.HMSHandler: Skipping translation for processor with null
2024-04-24T05:22:34,100  INFO [main] FileOperations: Read stats for default.t/, numRows, true, 5, false: 
2024-04-24T05:22:34,100  INFO [main] FileOperations: Read stats for default.t/, rawDataSize, true, 40, false: 
2024-04-24T05:22:34,101  WARN [main] metadata.Hive: Cannot get a table snapshot for t
2024-04-24T05:22:34,101  INFO [main] HiveMetaStore.audit: ugi=alex	ip=unknown-ip-addr	cmd=alter_table: hive.default.t newtbl=t	
2024-04-24T05:22:34,126  INFO [main] stats.BasicStatsTask: Table default.t stats: [numFiles=3, numRows=5, totalSize=764, rawDataSize=40, numFilesErasureCoded=0]
2024-04-24T05:22:34,126  INFO [main] metadata.Hive: Dumping metastore api call timing information for : execution phase
2024-04-24T05:22:34,126  INFO [main] metadata.Hive: Total time spent in each metastore function (ms): {alter_table_(String, String, String, Table, EnvironmentContext, String)=49, getTable_(GetTableRequest)=38, isCompatibleWith_(Configuration)=0}
MapReduce Jobs Launched: 
2024-04-24T05:22:34,126  INFO [main] ql.Driver: MapReduce Jobs Launched: 
Stage-Stage-1:  HDFS Read: 0 HDFS Write: 0 SUCCESS
2024-04-24T05:22:34,127  INFO [main] ql.Driver: Stage-Stage-1:  HDFS Read: 0 HDFS Write: 0 SUCCESS
Stage-Stage-2:  HDFS Read: 0 HDFS Write: 0 SUCCESS
2024-04-24T05:22:34,127  INFO [main] ql.Driver: Stage-Stage-2:  HDFS Read: 0 HDFS Write: 0 SUCCESS
Total MapReduce CPU Time Spent: 0 msec
2024-04-24T05:22:34,127  INFO [main] ql.Driver: Total MapReduce CPU Time Spent: 0 msec
2024-04-24T05:22:34,127  INFO [main] ql.Driver: Completed executing command(queryId=alex_20240424052229_bd13e6f4-e483-4617-92a0-acbec06aec17); Time taken: 2.635 seconds
2024-04-24T05:22:34,127  INFO [main] lockmgr.DbTxnManager: Stopped heartbeat for query: alex_20240424052229_bd13e6f4-e483-4617-92a0-acbec06aec17
2024-04-24T05:22:34,130  INFO [main] txn.TxnHandler: Expected to move at least one record from txn_components to completed_txn_components when committing txn! txnid:16
2024-04-24T05:22:34,134  INFO [main] txn.TxnHandler: Removed transactions: ([16]) from MIN_HISTORY_LEVEL
2024-04-24T05:22:34,134  WARN [main] txn.CompactionTxnHandler: No compaction queue record found for Compaction type transaction commit. txnId:16
2024-04-24T05:22:34,135  INFO [main] ql.TxnCommandsBaseForTests: Running the query: insert into T values(12,12)
2024-04-24T05:22:34,135  INFO [main] ql.Context: Deleting scratch dir: file:/home/alex/Repositories/hive/ql/target/tmp/localscratchdir/60b21767-3741-46b4-add5-ecda5376357f/hive_2024-04-24_05-22-31_154_5711673218230182481-1
2024-04-24T05:22:34,136  INFO [main] cleanup.SyncCleanupService: Deleted directory: file:/home/alex/Repositories/hive/ql/target/tmp/localscratchdir/60b21767-3741-46b4-add5-ecda5376357f/hive_2024-04-24_05-22-31_154_5711673218230182481-1 on fs with scheme file
2024-04-24T05:22:34,136  INFO [main] ql.Context: Deleting scratch dir: file:/home/alex/Repositories/hive/ql/target/tmp/org.apache.hadoop.hive.ql.TestTxnNoBuckets-1713961246971/warehouse/t/.hive-staging_hive_2024-04-24_05-22-31_154_5711673218230182481-1
2024-04-24T05:22:34,136  INFO [main] cleanup.SyncCleanupService: Deleted directory: file:/home/alex/Repositories/hive/ql/target/tmp/org.apache.hadoop.hive.ql.TestTxnNoBuckets-1713961246971/warehouse/t/.hive-staging_hive_2024-04-24_05-22-31_154_5711673218230182481-1 on fs with scheme file
2024-04-24T05:22:34,136  INFO [main] ql.Driver: Compiling command(queryId=alex_20240424052229_bd13e6f4-e483-4617-92a0-acbec06aec17): insert into T values(12,12)
2024-04-24T05:22:34,138  INFO [main] txn.TxnHandler: Added entries to MIN_HISTORY_LEVEL for current txns: ([17]) with min_open_txn: 17
2024-04-24T05:22:34,138  INFO [main] lockmgr.DbTxnManager: Opened txnid:17
2024-04-24T05:22:34,139  INFO [main] parse.CalcitePlanner: Starting caching scope for: alex_20240424052229_bd13e6f4-e483-4617-92a0-acbec06aec17
2024-04-24T05:22:34,139  INFO [main] parse.CalcitePlanner: Starting Semantic Analysis
2024-04-24T05:22:34,141  INFO [main] HiveMetaStore.audit: ugi=alex	ip=unknown-ip-addr	cmd=get_table : tbl=hive.default.T	
2024-04-24T05:22:34,149  INFO [main] metastore.HMSHandler: Skipping translation for processor with null
2024-04-24T05:22:34,149  INFO [main] parse.CalcitePlanner: Completed phase 1 of Semantic Analysis
2024-04-24T05:22:34,149  INFO [main] parse.CalcitePlanner: Get metadata for source tables
2024-04-24T05:22:34,149  INFO [main] parse.CalcitePlanner: Get metadata for subqueries
2024-04-24T05:22:34,149  INFO [main] parse.CalcitePlanner: Get metadata for destination tables
2024-04-24T05:22:34,150  INFO [main] HiveMetaStore.audit: ugi=alex	ip=unknown-ip-addr	cmd=get_table : tbl=hive.default.T	
2024-04-24T05:22:34,158  INFO [main] metastore.HMSHandler: Skipping translation for processor with null
2024-04-24T05:22:34,158  INFO [main] parse.CalcitePlanner: Completed getting MetaData in Semantic Analysis
2024-04-24T05:22:34,158  INFO [main] parse.CalcitePlanner: Disabling LLAP IO encode as ETL query is detected
2024-04-24T05:22:34,178  INFO [main] HiveMetaStore.audit: ugi=alex	ip=unknown-ip-addr	cmd=get_all_table_constraints : tbl=hive._dummy_database._dummy_table	
2024-04-24T05:22:34,227  INFO [main] parse.CalcitePlanner: Get metadata for source tables
2024-04-24T05:22:34,227  INFO [main] parse.CalcitePlanner: Get metadata for subqueries
2024-04-24T05:22:34,227  INFO [main] parse.CalcitePlanner: Get metadata for source tables
2024-04-24T05:22:34,227  INFO [main] HiveMetaStore.audit: ugi=alex	ip=unknown-ip-addr	cmd=get_table : tbl=hive._dummy_database._dummy_table	
2024-04-24T05:22:34,229  INFO [main] parse.CalcitePlanner: Get metadata for subqueries
2024-04-24T05:22:34,229  INFO [main] parse.CalcitePlanner: Get metadata for destination tables
2024-04-24T05:22:34,229  INFO [main] parse.CalcitePlanner: Get metadata for destination tables
2024-04-24T05:22:34,230  INFO [main] common.FileUtils: Creating directory if it doesn't exist: file:/home/alex/Repositories/hive/ql/target/tmp/org.apache.hadoop.hive.ql.TestTxnNoBuckets-1713961246971/warehouse/t/.hive-staging_hive_2024-04-24_05-22-34_136_2062789666379482651-1
2024-04-24T05:22:34,233  INFO [main] HiveMetaStore.audit: ugi=alex	ip=unknown-ip-addr	cmd=get_not_null_constraints : tbl=hive.default.t	
2024-04-24T05:22:34,234  INFO [main] HiveMetaStore.audit: ugi=alex	ip=unknown-ip-addr	cmd=get_check_constraints : tbl=hive.default.t	
2024-04-24T05:22:34,235  INFO [main] parse.CalcitePlanner: CBO Succeeded; optimized logical plan.
2024-04-24T05:22:34,237  INFO [main] optimizer.BucketVersionPopulator: not considering bucketingVersion for: TS[0] because it has -1<2 buckets 
2024-04-24T05:22:34,238  INFO [main] optimizer.SortedDynPartitionOptimizer: Sorted dynamic partitioning optimization kicked in..
2024-04-24T05:22:34,245  INFO [main] HiveMetaStore.audit: ugi=alex	ip=unknown-ip-addr	cmd=get_table : tbl=hive.default.t	
2024-04-24T05:22:34,254  INFO [main] metastore.HMSHandler: Skipping translation for processor with null
2024-04-24T05:22:34,255  INFO [main] parse.CalcitePlanner: Completed plan generation
2024-04-24T05:22:34,255  INFO [main] parse.CalcitePlanner: Ending caching scope for: alex_20240424052229_bd13e6f4-e483-4617-92a0-acbec06aec17
2024-04-24T05:22:34,255  INFO [main] ql.Driver: Semantic Analysis Completed (retrial = false)
2024-04-24T05:22:34,255  INFO [main] ql.Driver: Created Hive schema: Schema(fieldSchemas:[FieldSchema(name:col1, type:int, comment:null), FieldSchema(name:col2, type:int, comment:null)], properties:null)
2024-04-24T05:22:34,255  INFO [main] metadata.Hive: Dumping metastore api call timing information for : compilation phase
2024-04-24T05:22:34,255  INFO [main] metadata.Hive: Total time spent in each metastore function (ms): {openTxn_(String, TxnType)=1, getValidWriteIds_(List, String)=2, isCompatibleWith_(Configuration)=1, getValidTxns_(long)=0, getAllTableConstraints_(AllTableConstraintsRequest)=7, getCheckConstraints_(CheckConstraintsRequest)=1, commitTxn_(CommitTxnRequest)=8, getTable_(GetTableRequest)=26, getNotNullConstraints_(NotNullConstraintsRequest)=1, flushCache_()=0}
2024-04-24T05:22:34,255  INFO [main] ql.Driver: Completed compiling command(queryId=alex_20240424052229_bd13e6f4-e483-4617-92a0-acbec06aec17); Time taken: 0.119 seconds
2024-04-24T05:22:34,256  INFO [main] lockmgr.DbTxnManager: Setting lock request transaction to txnid:17 for queryId=alex_20240424052229_bd13e6f4-e483-4617-92a0-acbec06aec17
2024-04-24T05:22:34,256  INFO [main] lockmgr.DbLockManager: Requesting lock for queryId=alex_20240424052229_bd13e6f4-e483-4617-92a0-acbec06aec17
2024-04-24T05:22:34,269  INFO [main] lockmgr.DbLockManager: Response to queryId=alex_20240424052229_bd13e6f4-e483-4617-92a0-acbec06aec17 LockResponse(lockid:11, state:ACQUIRED)
2024-04-24T05:22:34,269  INFO [main] ql.Driver: Operation QUERY obtained 1 locks
2024-04-24T05:22:34,269  INFO [main] ql.Driver: Executing command(queryId=alex_20240424052229_bd13e6f4-e483-4617-92a0-acbec06aec17): insert into T values(12,12)
2024-04-24T05:22:34,270  WARN [main] ql.Driver: Hive-on-MR is deprecated in Hive 2 and may not be available in the future versions. Consider using a different execution engine (i.e. tez, spark) or using Hive 1.X releases.
Query ID = alex_20240424052229_bd13e6f4-e483-4617-92a0-acbec06aec17
2024-04-24T05:22:34,270  INFO [main] ql.Driver: Query ID = alex_20240424052229_bd13e6f4-e483-4617-92a0-acbec06aec17
Total jobs = 1
2024-04-24T05:22:34,270  INFO [main] ql.Driver: Total jobs = 1
Launching Job 1 out of 1
2024-04-24T05:22:34,270  INFO [main] ql.Driver: Launching Job 1 out of 1
2024-04-24T05:22:34,397  INFO [main] ql.Driver: Starting task [Stage-1:MAPRED] in serial mode
Number of reduce tasks is set to 0 since there's no reduce operator
2024-04-24T05:22:34,397  INFO [main] exec.Task: Number of reduce tasks is set to 0 since there's no reduce operator
2024-04-24T05:22:34,400  INFO [main] mr.ExecDriver: Using org.apache.hadoop.hive.ql.io.HiveInputFormat
2024-04-24T05:22:34,400  INFO [main] exec.Utilities: Processing alias $hdt$_0:_dummy_table
2024-04-24T05:22:34,400  INFO [main] exec.Utilities: Adding 1 inputs; the first input is file:/home/alex/Repositories/hive/ql/target/tmp/localscratchdir/60b21767-3741-46b4-add5-ecda5376357f/hive_2024-04-24_05-22-34_136_2062789666379482651-1/dummy_path
2024-04-24T05:22:34,410  INFO [main] exec.SerializationUtilities: Serializing MapWork using kryo
2024-04-24T05:22:34,410  INFO [main] exec.Utilities: Serialized plan (via FILE) - name: null size: 5,73KB
2024-04-24T05:22:34,411  WARN [main] impl.MetricsSystemImpl: JobTracker metrics system already initialized!
2024-04-24T05:22:34,415  INFO [main] fs.FSStatsPublisher: created : file:/home/alex/Repositories/hive/ql/target/tmp/localscratchdir/60b21767-3741-46b4-add5-ecda5376357f/hive_2024-04-24_05-22-34_136_2062789666379482651-1/-mr-10001
2024-04-24T05:22:34,419  WARN [main] impl.MetricsSystemImpl: JobTracker metrics system already initialized!
2024-04-24T05:22:34,426  WARN [main] mapreduce.JobResourceUploader: Hadoop command-line option parsing not performed. Implement the Tool interface and execute your application with ToolRunner to remedy this.
2024-04-24T05:22:34,431  WARN [main] mapreduce.JobResourceUploader: No job jar file set.  User classes may not be found. See Job or Job#setJar(String).
2024-04-24T05:22:34,432  INFO [main] io.HiveInputFormat: hive.io.file.readcolumn.ids = 
2024-04-24T05:22:34,432  INFO [main] io.HiveInputFormat: hive.io.file.readcolumn.names = 
2024-04-24T05:22:34,432  INFO [main] io.HiveInputFormat: Generating splits for dirs: file:/home/alex/Repositories/hive/ql/target/tmp/localscratchdir/60b21767-3741-46b4-add5-ecda5376357f/hive_2024-04-24_05-22-34_136_2062789666379482651-1/dummy_path
2024-04-24T05:22:34,432  INFO [main] io.HiveInputFormat: number of splits 1
2024-04-24T05:22:34,451  INFO [main] mapreduce.JobSubmitter: number of splits:1
2024-04-24T05:22:34,469  INFO [main] mapreduce.JobSubmitter: Submitting tokens for job: job_local640894472_0047
2024-04-24T05:22:34,469  INFO [main] mapreduce.JobSubmitter: Executing with tokens: []
2024-04-24T05:22:34,529  INFO [main] mapreduce.Job: The url to track the job: http://localhost:8080/
Job running in-process (local Hadoop)
2024-04-24T05:22:34,529  INFO [main] exec.Task: Job running in-process (local Hadoop)
2024-04-24T05:22:34,530  INFO [Thread-3066] mapred.LocalJobRunner: OutputCommitter set in config org.apache.hadoop.hive.ql.io.HiveFileFormatUtils$NullOutputCommitter
2024-04-24T05:22:34,530  INFO [Thread-3066] mapred.LocalJobRunner: OutputCommitter is org.apache.hadoop.hive.ql.io.HiveFileFormatUtils$NullOutputCommitter
2024-04-24T05:22:34,531  INFO [Thread-3066] mapred.LocalJobRunner: Waiting for map tasks
2024-04-24T05:22:34,532  INFO [LocalJobRunner Map Task Executor #0] mapred.LocalJobRunner: Starting task: attempt_local640894472_0047_m_000000_0
2024-04-24T05:22:34,532  INFO [LocalJobRunner Map Task Executor #0] mapred.Task:  Using ResourceCalculatorProcessTree : [ ]
2024-04-24T05:22:34,533  INFO [LocalJobRunner Map Task Executor #0] mapred.MapTask: Processing split: org.apache.hadoop.hive.ql.io.NullRowsInputFormat:file:/home/alex/Repositories/hive/ql/target/tmp/localscratchdir/60b21767-3741-46b4-add5-ecda5376357f/hive_2024-04-24_05-22-34_136_2062789666379482651-1/dummy_path/null:0+1
2024-04-24T05:22:34,533  INFO [LocalJobRunner Map Task Executor #0] exec.SerializationUtilities: Deserializing MapWork using kryo
2024-04-24T05:22:34,534  INFO [LocalJobRunner Map Task Executor #0] exec.Utilities: Deserialized plan (via FILE) - name: null size: 5,73KB
2024-04-24T05:22:34,534  INFO [LocalJobRunner Map Task Executor #0] mapred.MapTask: numReduceTasks: 0
2024-04-24T05:22:34,534  INFO [LocalJobRunner Map Task Executor #0] exec.MapOperator: Initializing Operator: MAP[0]
2024-04-24T05:22:34,534  INFO [LocalJobRunner Map Task Executor #0] mr.ExecMapper: 
<MAP>Id =0
  <Children>null
  <\Children>
  <Parent><\Parent>
<\MAP>
2024-04-24T05:22:34,535  INFO [LocalJobRunner Map Task Executor #0] exec.TableScanOperator: Initializing Operator: TS[0]
2024-04-24T05:22:34,535  INFO [LocalJobRunner Map Task Executor #0] exec.SelectOperator: Initializing Operator: SEL[1]
2024-04-24T05:22:34,535  INFO [LocalJobRunner Map Task Executor #0] exec.SelectOperator: SELECT null
2024-04-24T05:22:34,535  INFO [LocalJobRunner Map Task Executor #0] exec.UDTFOperator: Initializing Operator: UDTF[2]
2024-04-24T05:22:34,535  INFO [LocalJobRunner Map Task Executor #0] exec.SelectOperator: Initializing Operator: SEL[3]
2024-04-24T05:22:34,535  INFO [LocalJobRunner Map Task Executor #0] exec.SelectOperator: SELECT struct<col1:int,col2:int>
2024-04-24T05:22:34,536  INFO [LocalJobRunner Map Task Executor #0] exec.FileSinkOperator: Initializing Operator: FS[4]
2024-04-24T05:22:34,536  INFO [LocalJobRunner Map Task Executor #0] exec.FileSinkOperator: Using serializer : AbstractSerDe [log=org.apache.logging.slf4j.Log4jLogger@5c8da227, configuration=Optional[Configuration: core-default.xml, core-site.xml, mapred-default.xml, mapred-site.xml, yarn-default.xml, yarn-site.xml, hdfs-default.xml, hdfs-site.xml, file:/home/alex/Repositories/hive/ql/target/tmp/TestTxnNoBuckets/mapred/local/localRunner/alex/job_local640894472_0047/job_local640894472_0047.xml], properties={name=default.t, columns.types=int:int, serialization.format=1, columns=a,b, numFilesErasureCoded=0, columns.comments=&amp#0;, bucketing_version=2, serialization.lib=org.apache.hadoop.hive.ql.io.orc.OrcSerde, file.inputformat=org.apache.hadoop.hive.ql.io.orc.OrcInputFormat, file.outputformat=org.apache.hadoop.hive.ql.io.orc.OrcOutputFormat, location=file:/home/alex/Repositories/hive/ql/target/tmp/org.apache.hadoop.hive.ql.TestTxnNoBuckets-1713961246971/warehouse/t, column.name.delimiter=,}, tableProperties={name=default.t, columns.types=int:int, serialization.format=1, columns=a,b, numFilesErasureCoded=0, columns.comments=&amp#0;, bucketing_version=2, serialization.lib=org.apache.hadoop.hive.ql.io.orc.OrcSerde, file.inputformat=org.apache.hadoop.hive.ql.io.orc.OrcInputFormat, location=file:/home/alex/Repositories/hive/ql/target/tmp/org.apache.hadoop.hive.ql.TestTxnNoBuckets-1713961246971/warehouse/t, file.outputformat=org.apache.hadoop.hive.ql.io.orc.OrcOutputFormat, column.name.delimiter=,}, partitionProperties=Optional.empty, columnNames=[a, b], columnTypes=[int, int], getClass()=class org.apache.hadoop.hive.ql.io.orc.OrcSerde] and formatter : org.apache.hadoop.hive.ql.io.orc.OrcOutputFormat@4b3f0ee
2024-04-24T05:22:34,536  INFO [LocalJobRunner Map Task Executor #0] exec.FileSinkOperator: Final Path: FS file:/home/alex/Repositories/hive/ql/target/tmp/org.apache.hadoop.hive.ql.TestTxnNoBuckets-1713961246971/warehouse/t/.hive-staging_hive_2024-04-24_05-22-34_136_2062789666379482651-1/_tmp.-ext-10000/000000_0
2024-04-24T05:22:34,536  INFO [LocalJobRunner Map Task Executor #0] exec.FileSinkOperator: Writing to temp file: FS file:/home/alex/Repositories/hive/ql/target/tmp/org.apache.hadoop.hive.ql.TestTxnNoBuckets-1713961246971/warehouse/t/.hive-staging_hive_2024-04-24_05-22-34_136_2062789666379482651-1/_task_tmp.-ext-10000/_tmp.000000_0
2024-04-24T05:22:34,536  INFO [LocalJobRunner Map Task Executor #0] exec.FileSinkOperator: New Final Path: FS file:/home/alex/Repositories/hive/ql/target/tmp/org.apache.hadoop.hive.ql.TestTxnNoBuckets-1713961246971/warehouse/t/.hive-staging_hive_2024-04-24_05-22-34_136_2062789666379482651-1/_tmp.-ext-10000/000000_0
2024-04-24T05:22:34,537  INFO [LocalJobRunner Map Task Executor #0] exec.FileSinkOperator: FS[4]: records written - 1
2024-04-24T05:22:34,537  INFO [LocalJobRunner Map Task Executor #0] impl.PhysicalFsWriter: ORC writer created for path: file:/home/alex/Repositories/hive/ql/target/tmp/org.apache.hadoop.hive.ql.TestTxnNoBuckets-1713961246971/warehouse/t/.hive-staging_hive_2024-04-24_05-22-34_136_2062789666379482651-1/_task_tmp.-ext-10000/_tmp.000000_0 with stripeSize: 67108864 blockSize: 268435456 compression: Compress: ZLIB buffer: 262144
2024-04-24T05:22:34,544  INFO [LocalJobRunner Map Task Executor #0] impl.WriterImpl: ORC writer created for path: file:/home/alex/Repositories/hive/ql/target/tmp/org.apache.hadoop.hive.ql.TestTxnNoBuckets-1713961246971/warehouse/t/.hive-staging_hive_2024-04-24_05-22-34_136_2062789666379482651-1/_task_tmp.-ext-10000/_tmp.000000_0 with stripeSize: 67108864 options: Compress: ZLIB buffer: 262144
2024-04-24T05:22:34,544  INFO [LocalJobRunner Map Task Executor #0] exec.MapOperator: MAP[0]: records read - 1
2024-04-24T05:22:34,544  INFO [LocalJobRunner Map Task Executor #0] exec.MapOperator: Closing Operator: MAP[0]
2024-04-24T05:22:34,544  INFO [LocalJobRunner Map Task Executor #0] exec.MapOperator: MAP[0]: Total records read - 3. abort - false
2024-04-24T05:22:34,544  INFO [LocalJobRunner Map Task Executor #0] exec.MapOperator: RECORDS_IN:3, DESERIALIZE_ERRORS:0, RECORDS_OUT_OPERATOR_MAP_0:0, RECORDS_OUT_INTERMEDIATE:0, 
2024-04-24T05:22:34,545  INFO [LocalJobRunner Map Task Executor #0] exec.TableScanOperator: Closing Operator: TS[0]
2024-04-24T05:22:34,545  INFO [LocalJobRunner Map Task Executor #0] exec.TableScanOperator: RECORDS_OUT_INTERMEDIATE:0, RECORDS_OUT_OPERATOR_TS_0:1, 
2024-04-24T05:22:34,545  INFO [LocalJobRunner Map Task Executor #0] exec.SelectOperator: Closing Operator: SEL[1]
2024-04-24T05:22:34,545  INFO [LocalJobRunner Map Task Executor #0] exec.SelectOperator: RECORDS_OUT_OPERATOR_SEL_1:1, RECORDS_OUT_INTERMEDIATE:0, 
2024-04-24T05:22:34,545  INFO [LocalJobRunner Map Task Executor #0] exec.UDTFOperator: Closing Operator: UDTF[2]
2024-04-24T05:22:34,545  INFO [LocalJobRunner Map Task Executor #0] exec.UDTFOperator: RECORDS_OUT_INTERMEDIATE:0, RECORDS_OUT_OPERATOR_UDTF_2:1, 
2024-04-24T05:22:34,545  INFO [LocalJobRunner Map Task Executor #0] exec.SelectOperator: Closing Operator: SEL[3]
2024-04-24T05:22:34,545  INFO [LocalJobRunner Map Task Executor #0] exec.SelectOperator: RECORDS_OUT_INTERMEDIATE:0, RECORDS_OUT_OPERATOR_SEL_3:1, 
2024-04-24T05:22:34,545  INFO [LocalJobRunner Map Task Executor #0] exec.FileSinkOperator: Closing Operator: FS[4]
2024-04-24T05:22:34,545  INFO [LocalJobRunner Map Task Executor #0] exec.FileSinkOperator: FS[4]: records written - 1
2024-04-24T05:22:34,552  INFO [LocalJobRunner Map Task Executor #0] exec.FileSinkOperator: TOTAL_TABLE_ROWS_WRITTEN:1, RECORDS_OUT_INTERMEDIATE:0, RECORDS_OUT_1_default.t:1, RECORDS_OUT_OPERATOR_FS_4:1, 
2024-04-24T05:22:34,552  INFO [LocalJobRunner Map Task Executor #0] mapred.LocalJobRunner: 
2024-04-24T05:22:34,552  INFO [LocalJobRunner Map Task Executor #0] mapred.Task: Task:attempt_local640894472_0047_m_000000_0 is done. And is in the process of committing
2024-04-24T05:22:34,553  INFO [LocalJobRunner Map Task Executor #0] mapred.LocalJobRunner: map
2024-04-24T05:22:34,553  INFO [LocalJobRunner Map Task Executor #0] mapred.Task: Task 'attempt_local640894472_0047_m_000000_0' done.
2024-04-24T05:22:34,553  INFO [LocalJobRunner Map Task Executor #0] mapred.Task: Final Counters for attempt_local640894472_0047_m_000000_0: Counters: 27
	File System Counters
		FILE: Number of bytes read=1055852
		FILE: Number of bytes written=55357847
		FILE: Number of read operations=0
		FILE: Number of large read operations=0
		FILE: Number of write operations=0
	Map-Reduce Framework
		Map input records=4
		Map output records=0
		Input split bytes=361
		Spilled Records=0
		Failed Shuffles=0
		Merged Map outputs=0
		GC time elapsed (ms)=0
		Total committed heap usage (bytes)=1246232576
	HIVE
		CREATED_FILES=1
		DESERIALIZE_ERRORS=0
		RECORDS_IN=3
		RECORDS_OUT_1_default.t=1
		RECORDS_OUT_INTERMEDIATE=0
		RECORDS_OUT_OPERATOR_FS_4=1
		RECORDS_OUT_OPERATOR_MAP_0=0
		RECORDS_OUT_OPERATOR_SEL_1=1
		RECORDS_OUT_OPERATOR_SEL_3=1
		RECORDS_OUT_OPERATOR_TS_0=1
		RECORDS_OUT_OPERATOR_UDTF_2=1
		TOTAL_TABLE_ROWS_WRITTEN=1
	File Input Format Counters 
		Bytes Read=5790
	File Output Format Counters 
		Bytes Written=0
2024-04-24T05:22:34,553  INFO [LocalJobRunner Map Task Executor #0] mapred.LocalJobRunner: Finishing task: attempt_local640894472_0047_m_000000_0
2024-04-24T05:22:34,553  INFO [Thread-3066] mapred.LocalJobRunner: map task executor complete.
2024-04-24 05:22:35,531 Stage-1 map = 100%,  reduce = 0%
2024-04-24T05:22:35,531  INFO [main] exec.Task: 2024-04-24 05:22:35,531 Stage-1 map = 100%,  reduce = 0%
Ended Job = job_local640894472_0047
2024-04-24T05:22:35,531  INFO [main] exec.Task: Ended Job = job_local640894472_0047
2024-04-24T05:22:35,533  INFO [main] ql.Driver: Starting task [Stage-0:MOVE] in serial mode
Loading data to table default.t
2024-04-24T05:22:35,533  INFO [main] exec.Task: Loading data to table default.t from file:/home/alex/Repositories/hive/ql/target/tmp/org.apache.hadoop.hive.ql.TestTxnNoBuckets-1713961246971/warehouse/t/.hive-staging_hive_2024-04-24_05-22-34_136_2062789666379482651-1/-ext-10000
2024-04-24T05:22:35,533  INFO [main] HiveMetaStore.audit: ugi=alex	ip=unknown-ip-addr	cmd=get_table : tbl=hive.default.t	
2024-04-24T05:22:35,541  INFO [main] metastore.HMSHandler: Skipping translation for processor with null
2024-04-24T05:22:35,541  INFO [main] HiveMetaStore.audit: ugi=alex	ip=unknown-ip-addr	cmd=get_table : tbl=hive.default.t	
2024-04-24T05:22:35,550  INFO [main] metastore.HMSHandler: Skipping translation for processor with null
2024-04-24T05:22:35,551  WARN [main] metadata.Hive: Cannot get a table snapshot for t
2024-04-24T05:22:35,551  INFO [main] HiveMetaStore.audit: ugi=alex	ip=unknown-ip-addr	cmd=alter_table: hive.default.t newtbl=t	
2024-04-24T05:22:35,571  INFO [main] ql.Driver: Starting task [Stage-2:STATS] in serial mode
2024-04-24T05:22:35,571  INFO [main] HiveMetaStore.audit: ugi=alex	ip=unknown-ip-addr	cmd=get_table : tbl=hive.default.t	
2024-04-24T05:22:35,579  INFO [main] metastore.HMSHandler: Skipping translation for processor with null
2024-04-24T05:22:35,579  INFO [main] stats.BasicStatsTask: Executing stats task
2024-04-24T05:22:35,580  INFO [main] fs.FSStatsPublisher: created : file:/home/alex/Repositories/hive/ql/target/tmp/localscratchdir/60b21767-3741-46b4-add5-ecda5376357f/hive_2024-04-24_05-22-34_136_2062789666379482651-1/-mr-10001
2024-04-24T05:22:35,581  INFO [main] HiveMetaStore.audit: ugi=alex	ip=unknown-ip-addr	cmd=get_table : tbl=hive.default.t	
2024-04-24T05:22:35,589  INFO [main] metastore.HMSHandler: Skipping translation for processor with null
2024-04-24T05:22:35,590  INFO [main] FileOperations: Read stats for default.t/, numRows, true, 1, false: 
2024-04-24T05:22:35,590  INFO [main] FileOperations: Read stats for default.t/, rawDataSize, true, 8, false: 
2024-04-24T05:22:35,590  WARN [main] metadata.Hive: Cannot get a table snapshot for t
2024-04-24T05:22:35,590  INFO [main] HiveMetaStore.audit: ugi=alex	ip=unknown-ip-addr	cmd=alter_table: hive.default.t newtbl=t	
2024-04-24T05:22:35,612  INFO [main] stats.BasicStatsTask: Table default.t stats: [numFiles=4, numRows=6, totalSize=1005, rawDataSize=48, numFilesErasureCoded=0]
2024-04-24T05:22:35,612  INFO [main] metadata.Hive: Dumping metastore api call timing information for : execution phase
2024-04-24T05:22:35,612  INFO [main] metadata.Hive: Total time spent in each metastore function (ms): {alter_table_(String, String, String, Table, EnvironmentContext, String)=42, getTable_(GetTableRequest)=33, isCompatibleWith_(Configuration)=0}
MapReduce Jobs Launched: 
2024-04-24T05:22:35,612  INFO [main] ql.Driver: MapReduce Jobs Launched: 
Stage-Stage-1:  HDFS Read: 0 HDFS Write: 0 SUCCESS
2024-04-24T05:22:35,612  INFO [main] ql.Driver: Stage-Stage-1:  HDFS Read: 0 HDFS Write: 0 SUCCESS
Total MapReduce CPU Time Spent: 0 msec
2024-04-24T05:22:35,612  INFO [main] ql.Driver: Total MapReduce CPU Time Spent: 0 msec
2024-04-24T05:22:35,612  INFO [main] ql.Driver: Completed executing command(queryId=alex_20240424052229_bd13e6f4-e483-4617-92a0-acbec06aec17); Time taken: 1.343 seconds
2024-04-24T05:22:35,612  INFO [main] lockmgr.DbTxnManager: Stopped heartbeat for query: alex_20240424052229_bd13e6f4-e483-4617-92a0-acbec06aec17
2024-04-24T05:22:35,616  INFO [main] txn.TxnHandler: Expected to move at least one record from txn_components to completed_txn_components when committing txn! txnid:17
2024-04-24T05:22:35,620  INFO [main] txn.TxnHandler: Removed transactions: ([17]) from MIN_HISTORY_LEVEL
2024-04-24T05:22:35,620  WARN [main] txn.CompactionTxnHandler: No compaction queue record found for Compaction type transaction commit. txnId:17
2024-04-24T05:22:35,621  INFO [main] ql.TxnCommandsBaseForTests: Running the query: select a, b, INPUT__FILE__NAME from T order by a, b, INPUT__FILE__NAME
2024-04-24T05:22:35,621  INFO [main] ql.Context: Deleting scratch dir: file:/home/alex/Repositories/hive/ql/target/tmp/localscratchdir/60b21767-3741-46b4-add5-ecda5376357f/hive_2024-04-24_05-22-34_136_2062789666379482651-1
2024-04-24T05:22:35,621  INFO [main] cleanup.SyncCleanupService: Deleted directory: file:/home/alex/Repositories/hive/ql/target/tmp/localscratchdir/60b21767-3741-46b4-add5-ecda5376357f/hive_2024-04-24_05-22-34_136_2062789666379482651-1 on fs with scheme file
2024-04-24T05:22:35,622  INFO [main] ql.Context: Deleting scratch dir: file:/home/alex/Repositories/hive/ql/target/tmp/org.apache.hadoop.hive.ql.TestTxnNoBuckets-1713961246971/warehouse/t/.hive-staging_hive_2024-04-24_05-22-34_136_2062789666379482651-1
2024-04-24T05:22:35,622  INFO [main] cleanup.SyncCleanupService: Deleted directory: file:/home/alex/Repositories/hive/ql/target/tmp/org.apache.hadoop.hive.ql.TestTxnNoBuckets-1713961246971/warehouse/t/.hive-staging_hive_2024-04-24_05-22-34_136_2062789666379482651-1 on fs with scheme file
2024-04-24T05:22:35,622  INFO [main] ql.Driver: Compiling command(queryId=alex_20240424052229_bd13e6f4-e483-4617-92a0-acbec06aec17): select a, b, INPUT__FILE__NAME from T order by a, b, INPUT__FILE__NAME
2024-04-24T05:22:35,624  INFO [main] txn.TxnHandler: Added entries to MIN_HISTORY_LEVEL for current txns: ([18]) with min_open_txn: 18
2024-04-24T05:22:35,624  INFO [main] lockmgr.DbTxnManager: Opened txnid:18
2024-04-24T05:22:35,625  INFO [main] parse.CalcitePlanner: Starting caching scope for: alex_20240424052229_bd13e6f4-e483-4617-92a0-acbec06aec17
2024-04-24T05:22:35,625  INFO [main] parse.CalcitePlanner: Starting Semantic Analysis
2024-04-24T05:22:35,626  INFO [main] parse.CalcitePlanner: Completed phase 1 of Semantic Analysis
2024-04-24T05:22:35,626  INFO [main] parse.CalcitePlanner: Get metadata for source tables
2024-04-24T05:22:35,627  INFO [main] HiveMetaStore.audit: ugi=alex	ip=unknown-ip-addr	cmd=get_table : tbl=hive.default.t	
2024-04-24T05:22:35,635  INFO [main] metastore.HMSHandler: Skipping translation for processor with null
2024-04-24T05:22:35,635  INFO [main] parse.CalcitePlanner: Get metadata for subqueries
2024-04-24T05:22:35,635  INFO [main] parse.CalcitePlanner: Get metadata for destination tables
2024-04-24T05:22:35,635  INFO [main] parse.CalcitePlanner: Completed getting MetaData in Semantic Analysis
2024-04-24T05:22:35,645  INFO [main] HiveMetaStore.audit: ugi=alex	ip=unknown-ip-addr	cmd=get_all_table_constraints : tbl=hive.default.t	
2024-04-24T05:22:35,654  INFO [main] calcite.RelOptHiveTable: Calculating column statistics for default.t, projIndxSet: [0, 1], allowMissingStats: true
2024-04-24T05:22:35,654  INFO [main] HiveMetaStore.audit: ugi=alex	ip=unknown-ip-addr	cmd=get_table_statistics_req: table=hive.default.t	
2024-04-24T05:22:35,664  WARN [main] calcite.RelOptHiveTable: No Stats for default@t, Columns: a, b
No Stats for default@t, Columns: a, b
2024-04-24T05:22:35,664  INFO [main] SessionState: No Stats for default@t, Columns: a, b
2024-04-24T05:22:35,702  INFO [main] parse.CalcitePlanner: Get metadata for source tables
2024-04-24T05:22:35,702  INFO [main] parse.CalcitePlanner: Get metadata for subqueries
2024-04-24T05:22:35,702  INFO [main] parse.CalcitePlanner: Get metadata for destination tables
2024-04-24T05:22:35,703  INFO [main] common.FileUtils: Creating directory if it doesn't exist: file:/home/alex/Repositories/hive/ql/target/tmp/localscratchdir/60b21767-3741-46b4-add5-ecda5376357f/hive_2024-04-24_05-22-35_622_3792426976009068040-1/-mr-10001/.hive-staging_hive_2024-04-24_05-22-35_622_3792426976009068040-1
2024-04-24T05:22:35,710  INFO [main] parse.CalcitePlanner: CBO Succeeded; optimized logical plan.
2024-04-24T05:22:35,712  INFO [main] optimizer.ColumnPrunerProcFactory: RS 2 oldColExprMap: {KEY.reducesinkkey2=Column[_col2], KEY.reducesinkkey1=Column[_col1], KEY.reducesinkkey0=Column[_col0]}
2024-04-24T05:22:35,712  INFO [main] optimizer.ColumnPrunerProcFactory: RS 2 newColExprMap: {KEY.reducesinkkey1=Column[_col1], KEY.reducesinkkey0=Column[_col0], KEY.reducesinkkey2=Column[_col2]}
2024-04-24T05:22:35,713  INFO [main] optimizer.BucketVersionPopulator: not considering bucketingVersion for: TS[0] because it has -1<2 buckets 
2024-04-24T05:22:35,714  INFO [main] optimizer.SortedDynPartitionOptimizer: Sorted dynamic partitioning optimization kicked in..
2024-04-24T05:22:35,722  INFO [main] parse.CalcitePlanner: Completed plan generation
2024-04-24T05:22:35,722  INFO [main] parse.CalcitePlanner: Ending caching scope for: alex_20240424052229_bd13e6f4-e483-4617-92a0-acbec06aec17
2024-04-24T05:22:35,722  INFO [main] ql.Driver: Semantic Analysis Completed (retrial = false)
2024-04-24T05:22:35,722  INFO [main] ql.Driver: Created Hive schema: Schema(fieldSchemas:[FieldSchema(name:a, type:int, comment:null), FieldSchema(name:b, type:int, comment:null), FieldSchema(name:input__file__name, type:string, comment:null)], properties:null)
2024-04-24T05:22:35,723  INFO [main] exec.ListSinkOperator: Initializing Operator: LIST_SINK[5]
2024-04-24T05:22:35,723  INFO [main] metadata.Hive: Dumping metastore api call timing information for : compilation phase
2024-04-24T05:22:35,723  INFO [main] metadata.Hive: Total time spent in each metastore function (ms): {commitTxn_(CommitTxnRequest)=8, isCompatibleWith_(Configuration)=0, getAllTableConstraints_(AllTableConstraintsRequest)=5, flushCache_()=0, getTable_(GetTableRequest)=8, getValidTxns_(long)=1, openTxn_(String, TxnType)=2, getValidWriteIds_(List, String)=1, getTableColumnStatistics_(String, String, List, String)=9}
2024-04-24T05:22:35,724  INFO [main] ql.Driver: Completed compiling command(queryId=alex_20240424052229_bd13e6f4-e483-4617-92a0-acbec06aec17); Time taken: 0.101 seconds
2024-04-24T05:22:35,724  INFO [main] lockmgr.DbTxnManager: Setting lock request transaction to txnid:18 for queryId=alex_20240424052229_bd13e6f4-e483-4617-92a0-acbec06aec17
2024-04-24T05:22:35,724  INFO [main] lockmgr.DbLockManager: Requesting lock for queryId=alex_20240424052229_bd13e6f4-e483-4617-92a0-acbec06aec17
2024-04-24T05:22:35,736  INFO [main] lockmgr.DbLockManager: Response to queryId=alex_20240424052229_bd13e6f4-e483-4617-92a0-acbec06aec17 LockResponse(lockid:12, state:ACQUIRED)
2024-04-24T05:22:35,736  INFO [main] ql.Driver: Operation QUERY obtained 1 locks
2024-04-24T05:22:35,736  INFO [main] ql.Driver: Executing command(queryId=alex_20240424052229_bd13e6f4-e483-4617-92a0-acbec06aec17): select a, b, INPUT__FILE__NAME from T order by a, b, INPUT__FILE__NAME
2024-04-24T05:22:35,736  WARN [main] ql.Driver: Hive-on-MR is deprecated in Hive 2 and may not be available in the future versions. Consider using a different execution engine (i.e. tez, spark) or using Hive 1.X releases.
Query ID = alex_20240424052229_bd13e6f4-e483-4617-92a0-acbec06aec17
2024-04-24T05:22:35,736  INFO [main] ql.Driver: Query ID = alex_20240424052229_bd13e6f4-e483-4617-92a0-acbec06aec17
Total jobs = 1
2024-04-24T05:22:35,736  INFO [main] ql.Driver: Total jobs = 1
Launching Job 1 out of 1
2024-04-24T05:22:35,736  INFO [main] ql.Driver: Launching Job 1 out of 1
2024-04-24T05:22:35,856  INFO [main] ql.Driver: Starting task [Stage-1:MAPRED] in serial mode
Number of reduce tasks determined at compile time: 1
2024-04-24T05:22:35,856  INFO [main] exec.Task: Number of reduce tasks determined at compile time: 1
In order to change the average load for a reducer (in bytes):
2024-04-24T05:22:35,856  INFO [main] exec.Task: In order to change the average load for a reducer (in bytes):
  set hive.exec.reducers.bytes.per.reducer=<number>
2024-04-24T05:22:35,856  INFO [main] exec.Task:   set hive.exec.reducers.bytes.per.reducer=<number>
In order to limit the maximum number of reducers:
2024-04-24T05:22:35,856  INFO [main] exec.Task: In order to limit the maximum number of reducers:
  set hive.exec.reducers.max=<number>
2024-04-24T05:22:35,856  INFO [main] exec.Task:   set hive.exec.reducers.max=<number>
In order to set a constant number of reducers:
2024-04-24T05:22:35,856  INFO [main] exec.Task: In order to set a constant number of reducers:
  set mapreduce.job.reduces=<number>
2024-04-24T05:22:35,856  INFO [main] exec.Task:   set mapreduce.job.reduces=<number>
2024-04-24T05:22:35,859  INFO [main] mr.ExecDriver: Using org.apache.hadoop.hive.ql.io.HiveInputFormat
2024-04-24T05:22:35,859  INFO [main] exec.Utilities: Processing alias t
2024-04-24T05:22:35,859  INFO [main] exec.Utilities: Adding 1 inputs; the first input is file:/home/alex/Repositories/hive/ql/target/tmp/org.apache.hadoop.hive.ql.TestTxnNoBuckets-1713961246971/warehouse/t
2024-04-24T05:22:35,868  INFO [main] exec.SerializationUtilities: Serializing MapWork using kryo
2024-04-24T05:22:35,869  INFO [main] exec.Utilities: Serialized plan (via FILE) - name: null size: 4,60KB
2024-04-24T05:22:35,873  INFO [main] exec.SerializationUtilities: Serializing ReduceWork using kryo
2024-04-24T05:22:35,874  INFO [main] exec.Utilities: Serialized plan (via FILE) - name: null size: 5,69KB
2024-04-24T05:22:35,875  WARN [main] impl.MetricsSystemImpl: JobTracker metrics system already initialized!
2024-04-24T05:22:35,881  WARN [main] impl.MetricsSystemImpl: JobTracker metrics system already initialized!
2024-04-24T05:22:35,887  WARN [main] mapreduce.JobResourceUploader: Hadoop command-line option parsing not performed. Implement the Tool interface and execute your application with ToolRunner to remedy this.
2024-04-24T05:22:35,892  WARN [main] mapreduce.JobResourceUploader: No job jar file set.  User classes may not be found. See Job or Job#setJar(String).
2024-04-24T05:22:35,892  INFO [main] io.HiveInputFormat: hive.io.file.readcolumn.ids = 0,1
2024-04-24T05:22:35,892  INFO [main] io.HiveInputFormat: hive.io.file.readcolumn.names = a,b
2024-04-24T05:22:35,892  INFO [main] io.HiveInputFormat: Generating splits for dirs: file:/home/alex/Repositories/hive/ql/target/tmp/org.apache.hadoop.hive.ql.TestTxnNoBuckets-1713961246971/warehouse/t
2024-04-24T05:22:35,893  INFO [main] orc.OrcInputFormat: getSplits started
2024-04-24T05:22:35,893  INFO [main] orc.OrcInputFormat: Context:: isAcid: false isVectorMode: false sarg: null minSplitSize: 1 maxSplitSize: 256000000 splitStrategy: HYBRID footerInSplits: false numBuckets: 0 numThreads: 10 cacheMemSize: 268435456 cacheStripeDetails: true useSoftReference: false writeIdList: null:9223372036854775807:9223372036854775807:: isTransactionalTable: false txnProperties: null 
2024-04-24T05:22:35,893  INFO [main] orc.OrcInputFormat: ORC pushdown predicate: null
2024-04-24T05:22:35,904  INFO [main] orc.OrcInputFormat: FooterCacheHitRatio: 0/4
2024-04-24T05:22:35,904  INFO [main] orc.OrcInputFormat: getSplits finished (#splits: 4). duration: 11 ms
2024-04-24T05:22:35,904  INFO [main] io.HiveInputFormat: number of splits 4
2024-04-24T05:22:35,921  INFO [main] mapreduce.JobSubmitter: number of splits:4
2024-04-24T05:22:35,939  INFO [main] mapreduce.JobSubmitter: Submitting tokens for job: job_local2080235075_0048
2024-04-24T05:22:35,939  INFO [main] mapreduce.JobSubmitter: Executing with tokens: []
2024-04-24T05:22:36,000  INFO [main] mapreduce.Job: The url to track the job: http://localhost:8080/
Job running in-process (local Hadoop)
2024-04-24T05:22:36,000  INFO [main] exec.Task: Job running in-process (local Hadoop)
2024-04-24T05:22:36,000  INFO [Thread-3109] mapred.LocalJobRunner: OutputCommitter set in config org.apache.hadoop.hive.ql.io.HiveFileFormatUtils$NullOutputCommitter
2024-04-24T05:22:36,000  INFO [Thread-3109] mapred.LocalJobRunner: OutputCommitter is org.apache.hadoop.hive.ql.io.HiveFileFormatUtils$NullOutputCommitter
2024-04-24T05:22:36,003  INFO [Thread-3109] mapred.LocalJobRunner: Waiting for map tasks
2024-04-24T05:22:36,003  INFO [LocalJobRunner Map Task Executor #0] mapred.LocalJobRunner: Starting task: attempt_local2080235075_0048_m_000000_0
2024-04-24T05:22:36,004  INFO [LocalJobRunner Map Task Executor #0] mapred.Task:  Using ResourceCalculatorProcessTree : [ ]
2024-04-24T05:22:36,004  INFO [LocalJobRunner Map Task Executor #0] mapred.MapTask: Processing split: org.apache.hadoop.hive.ql.io.orc.OrcInputFormat:OrcSplit [file:/home/alex/Repositories/hive/ql/target/tmp/org.apache.hadoop.hive.ql.TestTxnNoBuckets-1713961246971/warehouse/t/000000_0, start=0, length=256, isOriginal=true, fileLength=256, hasFooter=false, hasBase=true, deltas=0]
2024-04-24T05:22:36,004  INFO [LocalJobRunner Map Task Executor #0] exec.SerializationUtilities: Deserializing MapWork using kryo
2024-04-24T05:22:36,005  INFO [LocalJobRunner Map Task Executor #0] exec.Utilities: Deserialized plan (via FILE) - name: null size: 4,60KB
2024-04-24T05:22:36,006  INFO [LocalJobRunner Map Task Executor #0] orc.ReaderImpl: Reading ORC rows from file:/home/alex/Repositories/hive/ql/target/tmp/org.apache.hadoop.hive.ql.TestTxnNoBuckets-1713961246971/warehouse/t/000000_0 with {include: [true, true, true], offset: 0, length: 256, schema: struct<a:int,b:int>, includeAcidColumns: true}
2024-04-24T05:22:36,006  INFO [LocalJobRunner Map Task Executor #0] mapred.MapTask: numReduceTasks: 1
2024-04-24T05:22:36,016  INFO [LocalJobRunner Map Task Executor #0] mapred.MapTask: (EQUATOR) 0 kvi 26214396(104857584)
2024-04-24T05:22:36,016  INFO [LocalJobRunner Map Task Executor #0] mapred.MapTask: mapreduce.task.io.sort.mb: 100
2024-04-24T05:22:36,016  INFO [LocalJobRunner Map Task Executor #0] mapred.MapTask: soft limit at 83886080
2024-04-24T05:22:36,016  INFO [LocalJobRunner Map Task Executor #0] mapred.MapTask: bufstart = 0; bufvoid = 104857600
2024-04-24T05:22:36,016  INFO [LocalJobRunner Map Task Executor #0] mapred.MapTask: kvstart = 26214396; length = 6553600
2024-04-24T05:22:36,017  INFO [LocalJobRunner Map Task Executor #0] mapred.MapTask: Map output collector class = org.apache.hadoop.mapred.MapTask$MapOutputBuffer
2024-04-24T05:22:36,017  INFO [LocalJobRunner Map Task Executor #0] exec.MapOperator: Initializing Operator: MAP[0]
2024-04-24T05:22:36,018  INFO [LocalJobRunner Map Task Executor #0] mr.ExecMapper: 
<MAP>Id =0
  <Children>null
  <\Children>
  <Parent><\Parent>
<\MAP>
2024-04-24T05:22:36,019  INFO [LocalJobRunner Map Task Executor #0] exec.TableScanOperator: Initializing Operator: TS[0]
2024-04-24T05:22:36,019  INFO [LocalJobRunner Map Task Executor #0] exec.SelectOperator: Initializing Operator: SEL[1]
2024-04-24T05:22:36,019  INFO [LocalJobRunner Map Task Executor #0] exec.SelectOperator: SELECT struct<a:int,b:int,input__file__name:string>
2024-04-24T05:22:36,019  INFO [LocalJobRunner Map Task Executor #0] exec.ReduceSinkOperator: Initializing Operator: RS[2]
2024-04-24T05:22:36,019  INFO [LocalJobRunner Map Task Executor #0] exec.ReduceSinkOperator: Using tag = -1
2024-04-24T05:22:36,019  INFO [LocalJobRunner Map Task Executor #0] exec.ReduceSinkOperator: keys are [reducesinkkey0, reducesinkkey1, reducesinkkey2] num distributions: 3
2024-04-24T05:22:36,019  INFO [LocalJobRunner Map Task Executor #0] exec.ReduceSinkOperator: RS[2]: records written - 1
2024-04-24T05:22:36,019  INFO [LocalJobRunner Map Task Executor #0] exec.MapOperator: MAP[0]: records read - 1
2024-04-24T05:22:36,019  INFO [LocalJobRunner Map Task Executor #0] exec.MapOperator: Closing Operator: MAP[0]
2024-04-24T05:22:36,019  INFO [LocalJobRunner Map Task Executor #0] exec.MapOperator: MAP[0]: Total records read - 2. abort - false
2024-04-24T05:22:36,019  INFO [LocalJobRunner Map Task Executor #0] exec.MapOperator: RECORDS_OUT_INTERMEDIATE:0, RECORDS_IN:2, DESERIALIZE_ERRORS:0, RECORDS_OUT_OPERATOR_MAP_0:0, 
2024-04-24T05:22:36,019  INFO [LocalJobRunner Map Task Executor #0] exec.TableScanOperator: Closing Operator: TS[0]
2024-04-24T05:22:36,020  INFO [LocalJobRunner Map Task Executor #0] exec.TableScanOperator: RECORDS_OUT_OPERATOR_TS_0:2, RECORDS_OUT_INTERMEDIATE:0, 
2024-04-24T05:22:36,020  INFO [LocalJobRunner Map Task Executor #0] exec.SelectOperator: Closing Operator: SEL[1]
2024-04-24T05:22:36,020  INFO [LocalJobRunner Map Task Executor #0] exec.SelectOperator: RECORDS_OUT_INTERMEDIATE:0, RECORDS_OUT_OPERATOR_SEL_1:2, 
2024-04-24T05:22:36,020  INFO [LocalJobRunner Map Task Executor #0] exec.ReduceSinkOperator: Closing Operator: RS[2]
2024-04-24T05:22:36,020  INFO [LocalJobRunner Map Task Executor #0] exec.ReduceSinkOperator: RS[2]: Total records written - 2. abort - false
2024-04-24T05:22:36,020  INFO [LocalJobRunner Map Task Executor #0] exec.ReduceSinkOperator: RECORDS_OUT_OPERATOR_RS_2:2, RECORDS_OUT_INTERMEDIATE:2, 
2024-04-24T05:22:36,020  INFO [LocalJobRunner Map Task Executor #0] mapred.LocalJobRunner: 
2024-04-24T05:22:36,020  INFO [LocalJobRunner Map Task Executor #0] mapred.MapTask: Starting flush of map output
2024-04-24T05:22:36,020  INFO [LocalJobRunner Map Task Executor #0] mapred.MapTask: Spilling map output
2024-04-24T05:22:36,020  INFO [LocalJobRunner Map Task Executor #0] mapred.MapTask: bufstart = 0; bufend = 292; bufvoid = 104857600
2024-04-24T05:22:36,020  INFO [LocalJobRunner Map Task Executor #0] mapred.MapTask: kvstart = 26214396(104857584); kvend = 26214392(104857568); length = 5/6553600
2024-04-24T05:22:36,030  INFO [LocalJobRunner Map Task Executor #0] mapred.MapTask: Finished spill 0
2024-04-24T05:22:36,033  INFO [LocalJobRunner Map Task Executor #0] mapred.Task: Task:attempt_local2080235075_0048_m_000000_0 is done. And is in the process of committing
2024-04-24T05:22:36,034  INFO [LocalJobRunner Map Task Executor #0] mapred.LocalJobRunner: map
2024-04-24T05:22:36,034  INFO [LocalJobRunner Map Task Executor #0] mapred.Task: Task 'attempt_local2080235075_0048_m_000000_0' done.
2024-04-24T05:22:36,034  INFO [LocalJobRunner Map Task Executor #0] mapred.Task: Final Counters for attempt_local2080235075_0048_m_000000_0: Counters: 24
	File System Counters
		FILE: Number of bytes read=1063592
		FILE: Number of bytes written=56539255
		FILE: Number of read operations=0
		FILE: Number of large read operations=0
		FILE: Number of write operations=0
	Map-Reduce Framework
		Map input records=2
		Map output records=2
		Map output bytes=292
		Map output materialized bytes=304
		Input split bytes=451
		Combine input records=0
		Spilled Records=2
		Failed Shuffles=0
		Merged Map outputs=0
		GC time elapsed (ms)=5
		Total committed heap usage (bytes)=1247805440
	HIVE
		DESERIALIZE_ERRORS=0
		RECORDS_IN=2
		RECORDS_OUT_INTERMEDIATE=2
		RECORDS_OUT_OPERATOR_MAP_0=0
		RECORDS_OUT_OPERATOR_RS_2=2
		RECORDS_OUT_OPERATOR_SEL_1=2
		RECORDS_OUT_OPERATOR_TS_0=2
	File Input Format Counters 
		Bytes Read=5731
2024-04-24T05:22:36,034  INFO [LocalJobRunner Map Task Executor #0] mapred.LocalJobRunner: Finishing task: attempt_local2080235075_0048_m_000000_0
2024-04-24T05:22:36,034  INFO [LocalJobRunner Map Task Executor #0] mapred.LocalJobRunner: Starting task: attempt_local2080235075_0048_m_000001_0
2024-04-24T05:22:36,034  INFO [LocalJobRunner Map Task Executor #0] mapred.Task:  Using ResourceCalculatorProcessTree : [ ]
2024-04-24T05:22:36,035  INFO [LocalJobRunner Map Task Executor #0] mapred.MapTask: Processing split: org.apache.hadoop.hive.ql.io.orc.OrcInputFormat:OrcSplit [file:/home/alex/Repositories/hive/ql/target/tmp/org.apache.hadoop.hive.ql.TestTxnNoBuckets-1713961246971/warehouse/t/000001_0, start=0, length=254, isOriginal=true, fileLength=254, hasFooter=false, hasBase=true, deltas=0]
2024-04-24T05:22:36,035  INFO [LocalJobRunner Map Task Executor #0] exec.SerializationUtilities: Deserializing MapWork using kryo
2024-04-24T05:22:36,035  INFO [LocalJobRunner Map Task Executor #0] exec.Utilities: Deserialized plan (via FILE) - name: null size: 4,60KB
2024-04-24T05:22:36,036  INFO [LocalJobRunner Map Task Executor #0] orc.ReaderImpl: Reading ORC rows from file:/home/alex/Repositories/hive/ql/target/tmp/org.apache.hadoop.hive.ql.TestTxnNoBuckets-1713961246971/warehouse/t/000001_0 with {include: [true, true, true], offset: 0, length: 254, schema: struct<a:int,b:int>, includeAcidColumns: true}
2024-04-24T05:22:36,036  INFO [LocalJobRunner Map Task Executor #0] mapred.MapTask: numReduceTasks: 1
2024-04-24T05:22:36,040  INFO [LocalJobRunner Map Task Executor #0] mapred.MapTask: (EQUATOR) 0 kvi 26214396(104857584)
2024-04-24T05:22:36,040  INFO [LocalJobRunner Map Task Executor #0] mapred.MapTask: mapreduce.task.io.sort.mb: 100
2024-04-24T05:22:36,040  INFO [LocalJobRunner Map Task Executor #0] mapred.MapTask: soft limit at 83886080
2024-04-24T05:22:36,040  INFO [LocalJobRunner Map Task Executor #0] mapred.MapTask: bufstart = 0; bufvoid = 104857600
2024-04-24T05:22:36,040  INFO [LocalJobRunner Map Task Executor #0] mapred.MapTask: kvstart = 26214396; length = 6553600
2024-04-24T05:22:36,041  INFO [LocalJobRunner Map Task Executor #0] mapred.MapTask: Map output collector class = org.apache.hadoop.mapred.MapTask$MapOutputBuffer
2024-04-24T05:22:36,041  INFO [LocalJobRunner Map Task Executor #0] exec.MapOperator: Initializing Operator: MAP[0]
2024-04-24T05:22:36,042  INFO [LocalJobRunner Map Task Executor #0] mr.ExecMapper: 
<MAP>Id =0
  <Children>null
  <\Children>
  <Parent><\Parent>
<\MAP>
2024-04-24T05:22:36,043  INFO [LocalJobRunner Map Task Executor #0] exec.TableScanOperator: Initializing Operator: TS[0]
2024-04-24T05:22:36,043  INFO [LocalJobRunner Map Task Executor #0] exec.SelectOperator: Initializing Operator: SEL[1]
2024-04-24T05:22:36,043  INFO [LocalJobRunner Map Task Executor #0] exec.SelectOperator: SELECT struct<a:int,b:int,input__file__name:string>
2024-04-24T05:22:36,043  INFO [LocalJobRunner Map Task Executor #0] exec.ReduceSinkOperator: Initializing Operator: RS[2]
2024-04-24T05:22:36,043  INFO [LocalJobRunner Map Task Executor #0] exec.ReduceSinkOperator: Using tag = -1
2024-04-24T05:22:36,043  INFO [LocalJobRunner Map Task Executor #0] exec.ReduceSinkOperator: keys are [reducesinkkey0, reducesinkkey1, reducesinkkey2] num distributions: 3
2024-04-24T05:22:36,043  INFO [LocalJobRunner Map Task Executor #0] exec.ReduceSinkOperator: RS[2]: records written - 1
2024-04-24T05:22:36,043  INFO [LocalJobRunner Map Task Executor #0] exec.MapOperator: MAP[0]: records read - 1
2024-04-24T05:22:36,043  INFO [LocalJobRunner Map Task Executor #0] exec.MapOperator: Closing Operator: MAP[0]
2024-04-24T05:22:36,043  INFO [LocalJobRunner Map Task Executor #0] exec.MapOperator: MAP[0]: Total records read - 1. abort - false
2024-04-24T05:22:36,043  INFO [LocalJobRunner Map Task Executor #0] exec.MapOperator: RECORDS_OUT_OPERATOR_MAP_0:0, DESERIALIZE_ERRORS:0, RECORDS_OUT_INTERMEDIATE:0, RECORDS_IN:1, 
2024-04-24T05:22:36,043  INFO [LocalJobRunner Map Task Executor #0] exec.TableScanOperator: Closing Operator: TS[0]
2024-04-24T05:22:36,044  INFO [LocalJobRunner Map Task Executor #0] exec.TableScanOperator: RECORDS_OUT_OPERATOR_TS_0:1, RECORDS_OUT_INTERMEDIATE:0, 
2024-04-24T05:22:36,044  INFO [LocalJobRunner Map Task Executor #0] exec.SelectOperator: Closing Operator: SEL[1]
2024-04-24T05:22:36,044  INFO [LocalJobRunner Map Task Executor #0] exec.SelectOperator: RECORDS_OUT_INTERMEDIATE:0, RECORDS_OUT_OPERATOR_SEL_1:1, 
2024-04-24T05:22:36,044  INFO [LocalJobRunner Map Task Executor #0] exec.ReduceSinkOperator: Closing Operator: RS[2]
2024-04-24T05:22:36,044  INFO [LocalJobRunner Map Task Executor #0] exec.ReduceSinkOperator: RS[2]: Total records written - 1. abort - false
2024-04-24T05:22:36,044  INFO [LocalJobRunner Map Task Executor #0] exec.ReduceSinkOperator: RECORDS_OUT_INTERMEDIATE:1, RECORDS_OUT_OPERATOR_RS_2:1, 
2024-04-24T05:22:36,044  INFO [LocalJobRunner Map Task Executor #0] mapred.LocalJobRunner: 
2024-04-24T05:22:36,044  INFO [LocalJobRunner Map Task Executor #0] mapred.MapTask: Starting flush of map output
2024-04-24T05:22:36,044  INFO [LocalJobRunner Map Task Executor #0] mapred.MapTask: Spilling map output
2024-04-24T05:22:36,044  INFO [LocalJobRunner Map Task Executor #0] mapred.MapTask: bufstart = 0; bufend = 146; bufvoid = 104857600
2024-04-24T05:22:36,044  INFO [LocalJobRunner Map Task Executor #0] mapred.MapTask: kvstart = 26214396(104857584); kvend = 26214396(104857584); length = 1/6553600
2024-04-24T05:22:36,052  INFO [LocalJobRunner Map Task Executor #0] mapred.MapTask: Finished spill 0
2024-04-24T05:22:36,055  INFO [LocalJobRunner Map Task Executor #0] mapred.Task: Task:attempt_local2080235075_0048_m_000001_0 is done. And is in the process of committing
2024-04-24T05:22:36,055  INFO [LocalJobRunner Map Task Executor #0] mapred.LocalJobRunner: map
2024-04-24T05:22:36,055  INFO [LocalJobRunner Map Task Executor #0] mapred.Task: Task 'attempt_local2080235075_0048_m_000001_0' done.
2024-04-24T05:22:36,055  INFO [LocalJobRunner Map Task Executor #0] mapred.Task: Final Counters for attempt_local2080235075_0048_m_000001_0: Counters: 24
	File System Counters
		FILE: Number of bytes read=1071158
		FILE: Number of bytes written=56539442
		FILE: Number of read operations=0
		FILE: Number of large read operations=0
		FILE: Number of write operations=0
	Map-Reduce Framework
		Map input records=1
		Map output records=1
		Map output bytes=146
		Map output materialized bytes=155
		Input split bytes=451
		Combine input records=0
		Spilled Records=1
		Failed Shuffles=0
		Merged Map outputs=0
		GC time elapsed (ms)=0
		Total committed heap usage (bytes)=1247805440
	HIVE
		DESERIALIZE_ERRORS=0
		RECORDS_IN=1
		RECORDS_OUT_INTERMEDIATE=1
		RECORDS_OUT_OPERATOR_MAP_0=0
		RECORDS_OUT_OPERATOR_RS_2=1
		RECORDS_OUT_OPERATOR_SEL_1=1
		RECORDS_OUT_OPERATOR_TS_0=1
	File Input Format Counters 
		Bytes Read=5723
2024-04-24T05:22:36,055  INFO [LocalJobRunner Map Task Executor #0] mapred.LocalJobRunner: Finishing task: attempt_local2080235075_0048_m_000001_0
2024-04-24T05:22:36,055  INFO [LocalJobRunner Map Task Executor #0] mapred.LocalJobRunner: Starting task: attempt_local2080235075_0048_m_000002_0
2024-04-24T05:22:36,056  INFO [LocalJobRunner Map Task Executor #0] mapred.Task:  Using ResourceCalculatorProcessTree : [ ]
2024-04-24T05:22:36,056  INFO [LocalJobRunner Map Task Executor #0] mapred.MapTask: Processing split: org.apache.hadoop.hive.ql.io.orc.OrcInputFormat:OrcSplit [file:/home/alex/Repositories/hive/ql/target/tmp/org.apache.hadoop.hive.ql.TestTxnNoBuckets-1713961246971/warehouse/t/000002_0, start=0, length=254, isOriginal=true, fileLength=254, hasFooter=false, hasBase=true, deltas=0]
2024-04-24T05:22:36,056  INFO [LocalJobRunner Map Task Executor #0] exec.SerializationUtilities: Deserializing MapWork using kryo
2024-04-24T05:22:36,057  INFO [LocalJobRunner Map Task Executor #0] exec.Utilities: Deserialized plan (via FILE) - name: null size: 4,60KB
2024-04-24T05:22:36,057  INFO [LocalJobRunner Map Task Executor #0] orc.ReaderImpl: Reading ORC rows from file:/home/alex/Repositories/hive/ql/target/tmp/org.apache.hadoop.hive.ql.TestTxnNoBuckets-1713961246971/warehouse/t/000002_0 with {include: [true, true, true], offset: 0, length: 254, schema: struct<a:int,b:int>, includeAcidColumns: true}
2024-04-24T05:22:36,058  INFO [LocalJobRunner Map Task Executor #0] mapred.MapTask: numReduceTasks: 1
2024-04-24T05:22:36,062  INFO [LocalJobRunner Map Task Executor #0] mapred.MapTask: (EQUATOR) 0 kvi 26214396(104857584)
2024-04-24T05:22:36,062  INFO [LocalJobRunner Map Task Executor #0] mapred.MapTask: mapreduce.task.io.sort.mb: 100
2024-04-24T05:22:36,062  INFO [LocalJobRunner Map Task Executor #0] mapred.MapTask: soft limit at 83886080
2024-04-24T05:22:36,062  INFO [LocalJobRunner Map Task Executor #0] mapred.MapTask: bufstart = 0; bufvoid = 104857600
2024-04-24T05:22:36,062  INFO [LocalJobRunner Map Task Executor #0] mapred.MapTask: kvstart = 26214396; length = 6553600
2024-04-24T05:22:36,062  INFO [LocalJobRunner Map Task Executor #0] mapred.MapTask: Map output collector class = org.apache.hadoop.mapred.MapTask$MapOutputBuffer
2024-04-24T05:22:36,063  INFO [LocalJobRunner Map Task Executor #0] exec.MapOperator: Initializing Operator: MAP[0]
2024-04-24T05:22:36,063  INFO [LocalJobRunner Map Task Executor #0] mr.ExecMapper: 
<MAP>Id =0
  <Children>null
  <\Children>
  <Parent><\Parent>
<\MAP>
2024-04-24T05:22:36,064  INFO [LocalJobRunner Map Task Executor #0] exec.TableScanOperator: Initializing Operator: TS[0]
2024-04-24T05:22:36,064  INFO [LocalJobRunner Map Task Executor #0] exec.SelectOperator: Initializing Operator: SEL[1]
2024-04-24T05:22:36,064  INFO [LocalJobRunner Map Task Executor #0] exec.SelectOperator: SELECT struct<a:int,b:int,input__file__name:string>
2024-04-24T05:22:36,064  INFO [LocalJobRunner Map Task Executor #0] exec.ReduceSinkOperator: Initializing Operator: RS[2]
2024-04-24T05:22:36,064  INFO [LocalJobRunner Map Task Executor #0] exec.ReduceSinkOperator: Using tag = -1
2024-04-24T05:22:36,065  INFO [LocalJobRunner Map Task Executor #0] exec.ReduceSinkOperator: keys are [reducesinkkey0, reducesinkkey1, reducesinkkey2] num distributions: 3
2024-04-24T05:22:36,065  INFO [LocalJobRunner Map Task Executor #0] exec.ReduceSinkOperator: RS[2]: records written - 1
2024-04-24T05:22:36,065  INFO [LocalJobRunner Map Task Executor #0] exec.MapOperator: MAP[0]: records read - 1
2024-04-24T05:22:36,065  INFO [LocalJobRunner Map Task Executor #0] exec.MapOperator: Closing Operator: MAP[0]
2024-04-24T05:22:36,065  INFO [LocalJobRunner Map Task Executor #0] exec.MapOperator: MAP[0]: Total records read - 2. abort - false
2024-04-24T05:22:36,065  INFO [LocalJobRunner Map Task Executor #0] exec.MapOperator: RECORDS_OUT_INTERMEDIATE:0, RECORDS_IN:2, RECORDS_OUT_OPERATOR_MAP_0:0, DESERIALIZE_ERRORS:0, 
2024-04-24T05:22:36,065  INFO [LocalJobRunner Map Task Executor #0] exec.TableScanOperator: Closing Operator: TS[0]
2024-04-24T05:22:36,065  INFO [LocalJobRunner Map Task Executor #0] exec.TableScanOperator: RECORDS_OUT_OPERATOR_TS_0:2, RECORDS_OUT_INTERMEDIATE:0, 
2024-04-24T05:22:36,065  INFO [LocalJobRunner Map Task Executor #0] exec.SelectOperator: Closing Operator: SEL[1]
2024-04-24T05:22:36,065  INFO [LocalJobRunner Map Task Executor #0] exec.SelectOperator: RECORDS_OUT_OPERATOR_SEL_1:2, RECORDS_OUT_INTERMEDIATE:0, 
2024-04-24T05:22:36,065  INFO [LocalJobRunner Map Task Executor #0] exec.ReduceSinkOperator: Closing Operator: RS[2]
2024-04-24T05:22:36,065  INFO [LocalJobRunner Map Task Executor #0] exec.ReduceSinkOperator: RS[2]: Total records written - 2. abort - false
2024-04-24T05:22:36,065  INFO [LocalJobRunner Map Task Executor #0] exec.ReduceSinkOperator: RECORDS_OUT_INTERMEDIATE:2, RECORDS_OUT_OPERATOR_RS_2:2, 
2024-04-24T05:22:36,066  INFO [LocalJobRunner Map Task Executor #0] mapred.LocalJobRunner: 
2024-04-24T05:22:36,066  INFO [LocalJobRunner Map Task Executor #0] mapred.MapTask: Starting flush of map output
2024-04-24T05:22:36,066  INFO [LocalJobRunner Map Task Executor #0] mapred.MapTask: Spilling map output
2024-04-24T05:22:36,066  INFO [LocalJobRunner Map Task Executor #0] mapred.MapTask: bufstart = 0; bufend = 292; bufvoid = 104857600
2024-04-24T05:22:36,066  INFO [LocalJobRunner Map Task Executor #0] mapred.MapTask: kvstart = 26214396(104857584); kvend = 26214392(104857568); length = 5/6553600
2024-04-24T05:22:36,074  INFO [LocalJobRunner Map Task Executor #0] mapred.MapTask: Finished spill 0
2024-04-24T05:22:36,077  INFO [LocalJobRunner Map Task Executor #0] mapred.Task: Task:attempt_local2080235075_0048_m_000002_0 is done. And is in the process of committing
2024-04-24T05:22:36,077  INFO [LocalJobRunner Map Task Executor #0] mapred.LocalJobRunner: map
2024-04-24T05:22:36,077  INFO [LocalJobRunner Map Task Executor #0] mapred.Task: Task 'attempt_local2080235075_0048_m_000002_0' done.
2024-04-24T05:22:36,077  INFO [LocalJobRunner Map Task Executor #0] mapred.Task: Final Counters for attempt_local2080235075_0048_m_000002_0: Counters: 24
	File System Counters
		FILE: Number of bytes read=1078212
		FILE: Number of bytes written=56539778
		FILE: Number of read operations=0
		FILE: Number of large read operations=0
		FILE: Number of write operations=0
	Map-Reduce Framework
		Map input records=2
		Map output records=2
		Map output bytes=292
		Map output materialized bytes=304
		Input split bytes=451
		Combine input records=0
		Spilled Records=2
		Failed Shuffles=0
		Merged Map outputs=0
		GC time elapsed (ms)=0
		Total committed heap usage (bytes)=1247805440
	HIVE
		DESERIALIZE_ERRORS=0
		RECORDS_IN=2
		RECORDS_OUT_INTERMEDIATE=2
		RECORDS_OUT_OPERATOR_MAP_0=0
		RECORDS_OUT_OPERATOR_RS_2=2
		RECORDS_OUT_OPERATOR_SEL_1=2
		RECORDS_OUT_OPERATOR_TS_0=2
	File Input Format Counters 
		Bytes Read=5723
2024-04-24T05:22:36,078  INFO [LocalJobRunner Map Task Executor #0] mapred.LocalJobRunner: Finishing task: attempt_local2080235075_0048_m_000002_0
2024-04-24T05:22:36,078  INFO [LocalJobRunner Map Task Executor #0] mapred.LocalJobRunner: Starting task: attempt_local2080235075_0048_m_000003_0
2024-04-24T05:22:36,078  INFO [LocalJobRunner Map Task Executor #0] mapred.Task:  Using ResourceCalculatorProcessTree : [ ]
2024-04-24T05:22:36,078  INFO [LocalJobRunner Map Task Executor #0] mapred.MapTask: Processing split: org.apache.hadoop.hive.ql.io.orc.OrcInputFormat:OrcSplit [file:/home/alex/Repositories/hive/ql/target/tmp/org.apache.hadoop.hive.ql.TestTxnNoBuckets-1713961246971/warehouse/t/000000_0_copy_1, start=0, length=241, isOriginal=true, fileLength=241, hasFooter=false, hasBase=true, deltas=0]
2024-04-24T05:22:36,079  INFO [LocalJobRunner Map Task Executor #0] exec.SerializationUtilities: Deserializing MapWork using kryo
2024-04-24T05:22:36,079  INFO [LocalJobRunner Map Task Executor #0] exec.Utilities: Deserialized plan (via FILE) - name: null size: 4,60KB
2024-04-24T05:22:36,080  INFO [LocalJobRunner Map Task Executor #0] orc.ReaderImpl: Reading ORC rows from file:/home/alex/Repositories/hive/ql/target/tmp/org.apache.hadoop.hive.ql.TestTxnNoBuckets-1713961246971/warehouse/t/000000_0_copy_1 with {include: [true, true, true], offset: 0, length: 241, schema: struct<a:int,b:int>, includeAcidColumns: true}
2024-04-24T05:22:36,080  INFO [LocalJobRunner Map Task Executor #0] mapred.MapTask: numReduceTasks: 1
2024-04-24T05:22:36,084  INFO [LocalJobRunner Map Task Executor #0] mapred.MapTask: (EQUATOR) 0 kvi 26214396(104857584)
2024-04-24T05:22:36,084  INFO [LocalJobRunner Map Task Executor #0] mapred.MapTask: mapreduce.task.io.sort.mb: 100
2024-04-24T05:22:36,084  INFO [LocalJobRunner Map Task Executor #0] mapred.MapTask: soft limit at 83886080
2024-04-24T05:22:36,084  INFO [LocalJobRunner Map Task Executor #0] mapred.MapTask: bufstart = 0; bufvoid = 104857600
2024-04-24T05:22:36,084  INFO [LocalJobRunner Map Task Executor #0] mapred.MapTask: kvstart = 26214396; length = 6553600
2024-04-24T05:22:36,085  INFO [LocalJobRunner Map Task Executor #0] mapred.MapTask: Map output collector class = org.apache.hadoop.mapred.MapTask$MapOutputBuffer
2024-04-24T05:22:36,085  INFO [LocalJobRunner Map Task Executor #0] exec.MapOperator: Initializing Operator: MAP[0]
2024-04-24T05:22:36,086  INFO [LocalJobRunner Map Task Executor #0] mr.ExecMapper: 
<MAP>Id =0
  <Children>null
  <\Children>
  <Parent><\Parent>
<\MAP>
2024-04-24T05:22:36,086  INFO [LocalJobRunner Map Task Executor #0] exec.TableScanOperator: Initializing Operator: TS[0]
2024-04-24T05:22:36,086  INFO [LocalJobRunner Map Task Executor #0] exec.SelectOperator: Initializing Operator: SEL[1]
2024-04-24T05:22:36,086  INFO [LocalJobRunner Map Task Executor #0] exec.SelectOperator: SELECT struct<a:int,b:int,input__file__name:string>
2024-04-24T05:22:36,086  INFO [LocalJobRunner Map Task Executor #0] exec.ReduceSinkOperator: Initializing Operator: RS[2]
2024-04-24T05:22:36,086  INFO [LocalJobRunner Map Task Executor #0] exec.ReduceSinkOperator: Using tag = -1
2024-04-24T05:22:36,087  INFO [LocalJobRunner Map Task Executor #0] exec.ReduceSinkOperator: keys are [reducesinkkey0, reducesinkkey1, reducesinkkey2] num distributions: 3
2024-04-24T05:22:36,087  INFO [LocalJobRunner Map Task Executor #0] exec.ReduceSinkOperator: RS[2]: records written - 1
2024-04-24T05:22:36,087  INFO [LocalJobRunner Map Task Executor #0] exec.MapOperator: MAP[0]: records read - 1
2024-04-24T05:22:36,087  INFO [LocalJobRunner Map Task Executor #0] exec.MapOperator: Closing Operator: MAP[0]
2024-04-24T05:22:36,087  INFO [LocalJobRunner Map Task Executor #0] exec.MapOperator: MAP[0]: Total records read - 1. abort - false
2024-04-24T05:22:36,087  INFO [LocalJobRunner Map Task Executor #0] exec.MapOperator: RECORDS_OUT_OPERATOR_MAP_0:0, RECORDS_OUT_INTERMEDIATE:0, RECORDS_IN:1, DESERIALIZE_ERRORS:0, 
2024-04-24T05:22:36,087  INFO [LocalJobRunner Map Task Executor #0] exec.TableScanOperator: Closing Operator: TS[0]
2024-04-24T05:22:36,087  INFO [LocalJobRunner Map Task Executor #0] exec.TableScanOperator: RECORDS_OUT_OPERATOR_TS_0:1, RECORDS_OUT_INTERMEDIATE:0, 
2024-04-24T05:22:36,087  INFO [LocalJobRunner Map Task Executor #0] exec.SelectOperator: Closing Operator: SEL[1]
2024-04-24T05:22:36,087  INFO [LocalJobRunner Map Task Executor #0] exec.SelectOperator: RECORDS_OUT_OPERATOR_SEL_1:1, RECORDS_OUT_INTERMEDIATE:0, 
2024-04-24T05:22:36,087  INFO [LocalJobRunner Map Task Executor #0] exec.ReduceSinkOperator: Closing Operator: RS[2]
2024-04-24T05:22:36,087  INFO [LocalJobRunner Map Task Executor #0] exec.ReduceSinkOperator: RS[2]: Total records written - 1. abort - false
2024-04-24T05:22:36,087  INFO [LocalJobRunner Map Task Executor #0] exec.ReduceSinkOperator: RECORDS_OUT_INTERMEDIATE:1, RECORDS_OUT_OPERATOR_RS_2:1, 
2024-04-24T05:22:36,088  INFO [LocalJobRunner Map Task Executor #0] mapred.LocalJobRunner: 
2024-04-24T05:22:36,088  INFO [LocalJobRunner Map Task Executor #0] mapred.MapTask: Starting flush of map output
2024-04-24T05:22:36,088  INFO [LocalJobRunner Map Task Executor #0] mapred.MapTask: Spilling map output
2024-04-24T05:22:36,088  INFO [LocalJobRunner Map Task Executor #0] mapred.MapTask: bufstart = 0; bufend = 153; bufvoid = 104857600
2024-04-24T05:22:36,088  INFO [LocalJobRunner Map Task Executor #0] mapred.MapTask: kvstart = 26214396(104857584); kvend = 26214396(104857584); length = 1/6553600
2024-04-24T05:22:36,095  INFO [LocalJobRunner Map Task Executor #0] mapred.MapTask: Finished spill 0
2024-04-24T05:22:36,098  INFO [LocalJobRunner Map Task Executor #0] mapred.Task: Task:attempt_local2080235075_0048_m_000003_0 is done. And is in the process of committing
2024-04-24T05:22:36,098  INFO [LocalJobRunner Map Task Executor #0] mapred.LocalJobRunner: map
2024-04-24T05:22:36,098  INFO [LocalJobRunner Map Task Executor #0] mapred.Task: Task 'attempt_local2080235075_0048_m_000003_0' done.
2024-04-24T05:22:36,098  INFO [LocalJobRunner Map Task Executor #0] mapred.Task: Final Counters for attempt_local2080235075_0048_m_000003_0: Counters: 24
	File System Counters
		FILE: Number of bytes read=1084702
		FILE: Number of bytes written=56539972
		FILE: Number of read operations=0
		FILE: Number of large read operations=0
		FILE: Number of write operations=0
	Map-Reduce Framework
		Map input records=1
		Map output records=1
		Map output bytes=153
		Map output materialized bytes=162
		Input split bytes=459
		Combine input records=0
		Spilled Records=1
		Failed Shuffles=0
		Merged Map outputs=0
		GC time elapsed (ms)=0
		Total committed heap usage (bytes)=1247805440
	HIVE
		DESERIALIZE_ERRORS=0
		RECORDS_IN=1
		RECORDS_OUT_INTERMEDIATE=1
		RECORDS_OUT_OPERATOR_MAP_0=0
		RECORDS_OUT_OPERATOR_RS_2=1
		RECORDS_OUT_OPERATOR_SEL_1=1
		RECORDS_OUT_OPERATOR_TS_0=1
	File Input Format Counters 
		Bytes Read=5671
2024-04-24T05:22:36,099  INFO [LocalJobRunner Map Task Executor #0] mapred.LocalJobRunner: Finishing task: attempt_local2080235075_0048_m_000003_0
2024-04-24T05:22:36,099  INFO [Thread-3109] mapred.LocalJobRunner: map task executor complete.
2024-04-24T05:22:36,099  INFO [Thread-3109] mapred.LocalJobRunner: Waiting for reduce tasks
2024-04-24T05:22:36,100  INFO [pool-212-thread-1] mapred.LocalJobRunner: Starting task: attempt_local2080235075_0048_r_000000_0
2024-04-24T05:22:36,100  INFO [pool-212-thread-1] mapred.Task:  Using ResourceCalculatorProcessTree : [ ]
2024-04-24T05:22:36,100  INFO [pool-212-thread-1] mapred.ReduceTask: Using ShuffleConsumerPlugin: org.apache.hadoop.mapreduce.task.reduce.Shuffle@64d4e9e3
2024-04-24T05:22:36,100  WARN [pool-212-thread-1] impl.MetricsSystemImpl: JobTracker metrics system already initialized!
2024-04-24T05:22:36,101  INFO [pool-212-thread-1] reduce.MergeManagerImpl: MergerManager: memoryLimit=1336252800, maxSingleShuffleLimit=334063200, mergeThreshold=881926912, ioSortFactor=10, memToMemMergeOutputsThreshold=10
2024-04-24T05:22:36,102  INFO [EventFetcher for fetching Map Completion Events] reduce.EventFetcher: attempt_local2080235075_0048_r_000000_0 Thread started: EventFetcher for fetching Map Completion Events
2024-04-24T05:22:36,104  INFO [localfetcher#30] reduce.LocalFetcher: localfetcher#30 about to shuffle output of map attempt_local2080235075_0048_m_000000_0 decomp: 300 len: 304 to MEMORY
2024-04-24T05:22:36,104  INFO [localfetcher#30] reduce.InMemoryMapOutput: Read 300 bytes from map-output for attempt_local2080235075_0048_m_000000_0
2024-04-24T05:22:36,104  INFO [localfetcher#30] reduce.MergeManagerImpl: closeInMemoryFile -> map-output of size: 300, inMemoryMapOutputs.size() -> 1, commitMemory -> 0, usedMemory ->300
2024-04-24T05:22:36,107  INFO [localfetcher#30] reduce.LocalFetcher: localfetcher#30 about to shuffle output of map attempt_local2080235075_0048_m_000002_0 decomp: 300 len: 304 to MEMORY
2024-04-24T05:22:36,107  INFO [localfetcher#30] reduce.InMemoryMapOutput: Read 300 bytes from map-output for attempt_local2080235075_0048_m_000002_0
2024-04-24T05:22:36,107  INFO [localfetcher#30] reduce.MergeManagerImpl: closeInMemoryFile -> map-output of size: 300, inMemoryMapOutputs.size() -> 2, commitMemory -> 300, usedMemory ->600
2024-04-24T05:22:36,110  INFO [localfetcher#30] reduce.LocalFetcher: localfetcher#30 about to shuffle output of map attempt_local2080235075_0048_m_000003_0 decomp: 158 len: 162 to MEMORY
2024-04-24T05:22:36,110  INFO [localfetcher#30] reduce.InMemoryMapOutput: Read 158 bytes from map-output for attempt_local2080235075_0048_m_000003_0
2024-04-24T05:22:36,110  INFO [localfetcher#30] reduce.MergeManagerImpl: closeInMemoryFile -> map-output of size: 158, inMemoryMapOutputs.size() -> 3, commitMemory -> 600, usedMemory ->758
2024-04-24T05:22:36,112  INFO [localfetcher#30] reduce.LocalFetcher: localfetcher#30 about to shuffle output of map attempt_local2080235075_0048_m_000001_0 decomp: 151 len: 155 to MEMORY
2024-04-24T05:22:36,112  INFO [localfetcher#30] reduce.InMemoryMapOutput: Read 151 bytes from map-output for attempt_local2080235075_0048_m_000001_0
2024-04-24T05:22:36,112  INFO [localfetcher#30] reduce.MergeManagerImpl: closeInMemoryFile -> map-output of size: 151, inMemoryMapOutputs.size() -> 4, commitMemory -> 758, usedMemory ->909
2024-04-24T05:22:36,113  INFO [EventFetcher for fetching Map Completion Events] reduce.EventFetcher: EventFetcher is interrupted.. Returning
2024-04-24T05:22:36,113  INFO [pool-212-thread-1] mapred.LocalJobRunner: 4 / 4 copied.
2024-04-24T05:22:36,113  INFO [pool-212-thread-1] reduce.MergeManagerImpl: finalMerge called with 4 in-memory map-outputs and 0 on-disk map-outputs
2024-04-24T05:22:36,120  INFO [pool-212-thread-1] mapred.Merger: Merging 4 sorted segments
2024-04-24T05:22:36,120  INFO [pool-212-thread-1] mapred.Merger: Down to the last merge-pass, with 4 segments left of total size: 322 bytes
2024-04-24T05:22:36,122  INFO [pool-212-thread-1] reduce.MergeManagerImpl: Merged 4 segments, 909 bytes to disk to satisfy reduce memory limit
2024-04-24T05:22:36,122  INFO [pool-212-thread-1] reduce.MergeManagerImpl: Merging 1 files, 907 bytes from disk
2024-04-24T05:22:36,122  INFO [pool-212-thread-1] reduce.MergeManagerImpl: Merging 0 segments, 0 bytes from memory into reduce
2024-04-24T05:22:36,122  INFO [pool-212-thread-1] mapred.Merger: Merging 1 sorted segments
2024-04-24T05:22:36,122  INFO [pool-212-thread-1] mapred.Merger: Down to the last merge-pass, with 1 segments left of total size: 758 bytes
2024-04-24T05:22:36,122  INFO [pool-212-thread-1] mapred.LocalJobRunner: 4 / 4 copied.
2024-04-24T05:22:36,123  INFO [pool-212-thread-1] exec.SerializationUtilities: Deserializing ReduceWork using kryo
2024-04-24T05:22:36,123  INFO [pool-212-thread-1] exec.Utilities: Deserialized plan (via FILE) - name: null size: 5,69KB
2024-04-24T05:22:36,124  INFO [pool-212-thread-1] ExecReducer: 
<SEL>Id =3
  <Children>
    <FS>Id =4
      <Children>
      <\Children>
      <Parent>Id = 3 null<\Parent>
    <\FS>
  <\Children>
  <Parent><\Parent>
<\SEL>
2024-04-24T05:22:36,124  INFO [pool-212-thread-1] exec.SelectOperator: Initializing Operator: SEL[3]
2024-04-24T05:22:36,124  INFO [pool-212-thread-1] exec.SelectOperator: SELECT struct<key:struct<reducesinkkey0:int,reducesinkkey1:int,reducesinkkey2:string>,value:struct<>>
2024-04-24T05:22:36,124  INFO [pool-212-thread-1] exec.FileSinkOperator: Initializing Operator: FS[4]
2024-04-24T05:22:36,125  INFO [pool-212-thread-1] exec.FileSinkOperator: Using serializer : class org.apache.hadoop.hive.serde2.lazy.LazySimpleSerDe [serdeParams=org.apache.hadoop.hive.serde2.lazy.LazySerDeParameters@10dea51e, cachedObjectInspector=org.apache.hadoop.hive.serde2.lazy.objectinspector.LazySimpleStructObjectInspector<org.apache.hadoop.hive.serde2.lazy.objectinspector.primitive.LazyIntObjectInspector@cbf9cc1,org.apache.hadoop.hive.serde2.lazy.objectinspector.primitive.LazyIntObjectInspector@cbf9cc1,org.apache.hadoop.hive.serde2.lazy.objectinspector.primitive.LazyStringObjectInspector@71549247>, serializedSize=0, stats=org.apache.hadoop.hive.serde2.SerDeStats@75acd367, lastOperationSerialize=false, lastOperationDeserialize=false [1, 2, 3, 4, 5, 6, 7, 8, 11, 14, 15, 16, 17, 18, 19, 20, 21, 22, 23, 24, 25, 26, 28, 29, 30, 31, -128, -127, -126, -125, -124, -123, -122, -121, -120, -119, -118, -117, -116, -115, -114, -113, -112, -111, -110, -109, -108, -107, -106, -105, -104, -103, -102, -101, -100, -99, -98, -97, -96, -95, -94, -93, -92, -91, -90, -89, -88, -87, -86, -85, -84, -83, -82, -81, -80, -79, -78, -77, -76, -75, -74, -73, -72, -71, -70, -69, -68, -67, -66, -65, -64, -63, -62, -61, -60, -59, -58, -57, -56, -55, -54, -53, -52, -51, -50, -49, -48, -47, -46, -45, -44, -43, -42, -41, -40, -39, -38, -37, -36, -35, -34, -33, -32, -31, -30, -29, -28, -27, -26, -25, -24, -23, -22, -21, -20, -19, -18, -17, -16, -15, -14, -13, -12, -11, -10, -9, -8, -7, -6, -5, -4, -3, -2, -1] : [_col0, _col1, _col2] : [int, int, string]] and formatter : org.apache.hadoop.hive.ql.io.HiveSequenceFileOutputFormat@b79b4c1
2024-04-24T05:22:36,125  INFO [pool-212-thread-1] exec.FileSinkOperator: Final Path: FS file:/home/alex/Repositories/hive/ql/target/tmp/localscratchdir/60b21767-3741-46b4-add5-ecda5376357f/hive_2024-04-24_05-22-35_622_3792426976009068040-1/-mr-10001/.hive-staging_hive_2024-04-24_05-22-35_622_3792426976009068040-1/_tmp.-ext-10002/000000_0
2024-04-24T05:22:36,125  INFO [pool-212-thread-1] exec.FileSinkOperator: Writing to temp file: FS file:/home/alex/Repositories/hive/ql/target/tmp/localscratchdir/60b21767-3741-46b4-add5-ecda5376357f/hive_2024-04-24_05-22-35_622_3792426976009068040-1/-mr-10001/.hive-staging_hive_2024-04-24_05-22-35_622_3792426976009068040-1/_task_tmp.-ext-10002/_tmp.000000_0
2024-04-24T05:22:36,125  INFO [pool-212-thread-1] exec.FileSinkOperator: New Final Path: FS file:/home/alex/Repositories/hive/ql/target/tmp/localscratchdir/60b21767-3741-46b4-add5-ecda5376357f/hive_2024-04-24_05-22-35_622_3792426976009068040-1/-mr-10001/.hive-staging_hive_2024-04-24_05-22-35_622_3792426976009068040-1/_tmp.-ext-10002/000000_0
2024-04-24T05:22:36,132  INFO [pool-212-thread-1] exec.FileSinkOperator: FS[4]: records written - 1
2024-04-24T05:22:36,133  INFO [pool-212-thread-1] exec.SelectOperator: Closing Operator: SEL[3]
2024-04-24T05:22:36,133  INFO [pool-212-thread-1] exec.SelectOperator: RECORDS_OUT_OPERATOR_SEL_3:6, RECORDS_OUT_INTERMEDIATE:0, 
2024-04-24T05:22:36,133  INFO [pool-212-thread-1] exec.FileSinkOperator: Closing Operator: FS[4]
2024-04-24T05:22:36,133  INFO [pool-212-thread-1] exec.FileSinkOperator: FS[4]: records written - 6
2024-04-24T05:22:36,133  INFO [pool-212-thread-1] exec.FileSinkOperator: RECORDS_OUT_0:6, RECORDS_OUT_INTERMEDIATE:0, RECORDS_OUT_OPERATOR_FS_4:6, 
2024-04-24T05:22:36,133  INFO [pool-212-thread-1] mapred.Task: Task:attempt_local2080235075_0048_r_000000_0 is done. And is in the process of committing
2024-04-24T05:22:36,134  INFO [pool-212-thread-1] mapred.LocalJobRunner: reduce > reduce
2024-04-24T05:22:36,134  INFO [pool-212-thread-1] mapred.Task: Task 'attempt_local2080235075_0048_r_000000_0' done.
2024-04-24T05:22:36,134  INFO [pool-212-thread-1] mapred.Task: Final Counters for attempt_local2080235075_0048_r_000000_0: Counters: 29
	File System Counters
		FILE: Number of bytes read=1092414
		FILE: Number of bytes written=56541850
		FILE: Number of read operations=0
		FILE: Number of large read operations=0
		FILE: Number of write operations=0
	Map-Reduce Framework
		Combine input records=0
		Combine output records=0
		Reduce input groups=6
		Reduce shuffle bytes=925
		Reduce input records=6
		Reduce output records=0
		Spilled Records=6
		Shuffled Maps =4
		Failed Shuffles=0
		Merged Map outputs=4
		GC time elapsed (ms)=0
		Total committed heap usage (bytes)=1247805440
	HIVE
		CREATED_FILES=1
		RECORDS_OUT_0=6
		RECORDS_OUT_INTERMEDIATE=0
		RECORDS_OUT_OPERATOR_FS_4=6
		RECORDS_OUT_OPERATOR_SEL_3=6
	Shuffle Errors
		BAD_ID=0
		CONNECTION=0
		IO_ERROR=0
		WRONG_LENGTH=0
		WRONG_MAP=0
		WRONG_REDUCE=0
	File Output Format Counters 
		Bytes Written=0
2024-04-24T05:22:36,134  INFO [pool-212-thread-1] mapred.LocalJobRunner: Finishing task: attempt_local2080235075_0048_r_000000_0
2024-04-24T05:22:36,134  INFO [Thread-3109] mapred.LocalJobRunner: reduce task executor complete.
2024-04-24 05:22:37,003 Stage-1 map = 100%,  reduce = 100%
2024-04-24T05:22:37,003  INFO [main] exec.Task: 2024-04-24 05:22:37,003 Stage-1 map = 100%,  reduce = 100%
Ended Job = job_local2080235075_0048
2024-04-24T05:22:37,006  INFO [main] exec.Task: Ended Job = job_local2080235075_0048
2024-04-24T05:22:37,008  INFO [main] metadata.Hive: Dumping metastore api call timing information for : execution phase
2024-04-24T05:22:37,008  INFO [main] metadata.Hive: Total time spent in each metastore function (ms): {}
MapReduce Jobs Launched: 
2024-04-24T05:22:37,008  INFO [main] ql.Driver: MapReduce Jobs Launched: 
Stage-Stage-1:  HDFS Read: 0 HDFS Write: 0 SUCCESS
2024-04-24T05:22:37,008  INFO [main] ql.Driver: Stage-Stage-1:  HDFS Read: 0 HDFS Write: 0 SUCCESS
Total MapReduce CPU Time Spent: 0 msec
2024-04-24T05:22:37,008  INFO [main] ql.Driver: Total MapReduce CPU Time Spent: 0 msec
2024-04-24T05:22:37,008  INFO [main] ql.Driver: Completed executing command(queryId=alex_20240424052229_bd13e6f4-e483-4617-92a0-acbec06aec17); Time taken: 1.272 seconds
2024-04-24T05:22:37,009  INFO [main] lockmgr.DbTxnManager: Stopped heartbeat for query: alex_20240424052229_bd13e6f4-e483-4617-92a0-acbec06aec17
2024-04-24T05:22:37,012  INFO [main] txn.TxnHandler: Expected to move at least one record from txn_components to completed_txn_components when committing txn! txnid:18
2024-04-24T05:22:37,016  INFO [main] txn.TxnHandler: Removed transactions: ([18]) from MIN_HISTORY_LEVEL
2024-04-24T05:22:37,016  WARN [main] txn.CompactionTxnHandler: No compaction queue record found for Compaction type transaction commit. txnId:18
2024-04-24T05:22:37,020  INFO [main] mapred.FileInputFormat: Total input files to process : 1
2024-04-24T05:22:37,020  INFO [main] exec.ListSinkOperator: Closing Operator: LIST_SINK[5]
2024-04-24T05:22:37,020  INFO [main] exec.ListSinkOperator: RECORDS_OUT_INTERMEDIATE:0, RECORDS_OUT_OPERATOR_LIST_SINK_5:6, 
2024-04-24T05:22:37,020  WARN [main] ql.TestTxnNoBuckets: null: read data(before converting to acid): 
2024-04-24T05:22:37,020  INFO [main] ql.TestTxnNoBuckets: 1	2	file:/home/alex/Repositories/hive/ql/target/tmp/org.apache.hadoop.hive.ql.TestTxnNoBuckets-1713961246971/warehouse/t/000002_0
2	4	file:/home/alex/Repositories/hive/ql/target/tmp/org.apache.hadoop.hive.ql.TestTxnNoBuckets-1713961246971/warehouse/t/000002_0
5	6	file:/home/alex/Repositories/hive/ql/target/tmp/org.apache.hadoop.hive.ql.TestTxnNoBuckets-1713961246971/warehouse/t/000000_0
6	8	file:/home/alex/Repositories/hive/ql/target/tmp/org.apache.hadoop.hive.ql.TestTxnNoBuckets-1713961246971/warehouse/t/000001_0
9	10	file:/home/alex/Repositories/hive/ql/target/tmp/org.apache.hadoop.hive.ql.TestTxnNoBuckets-1713961246971/warehouse/t/000000_0
12	12	file:/home/alex/Repositories/hive/ql/target/tmp/org.apache.hadoop.hive.ql.TestTxnNoBuckets-1713961246971/warehouse/t/000000_0_copy_1

2024-04-24T05:22:37,021  INFO [main] ql.Context: Deleting scratch dir: file:/home/alex/Repositories/hive/ql/target/tmp/localscratchdir/60b21767-3741-46b4-add5-ecda5376357f/hive_2024-04-24_05-22-35_622_3792426976009068040-1
2024-04-24T05:22:37,021  INFO [main] cleanup.SyncCleanupService: Deleted directory: file:/home/alex/Repositories/hive/ql/target/tmp/localscratchdir/60b21767-3741-46b4-add5-ecda5376357f/hive_2024-04-24_05-22-35_622_3792426976009068040-1 on fs with scheme file
2024-04-24T05:22:37,022  INFO [main] ql.TxnCommandsBaseForTests: Running the query: insert into T(a,b) select a * 10, b * 10 from acidTbl where a between 1 and 3 group by a, b union all select a * 10, b * 10 from acidTbl where a between 5 and 7
2024-04-24T05:22:37,022  INFO [main] ql.Driver: Compiling command(queryId=alex_20240424052237_f4520b97-d540-4fab-802e-cbe8a67fabe3): insert into T(a,b) select a * 10, b * 10 from acidTbl where a between 1 and 3 group by a, b union all select a * 10, b * 10 from acidTbl where a between 5 and 7
2024-04-24T05:22:37,025  INFO [main] txn.TxnHandler: Added entries to MIN_HISTORY_LEVEL for current txns: ([19]) with min_open_txn: 19
2024-04-24T05:22:37,025  INFO [main] lockmgr.DbTxnManager: Opened txnid:19
2024-04-24T05:22:37,025  INFO [main] parse.CalcitePlanner: Starting caching scope for: alex_20240424052237_f4520b97-d540-4fab-802e-cbe8a67fabe3
2024-04-24T05:22:37,025  INFO [main] parse.CalcitePlanner: Starting Semantic Analysis
2024-04-24T05:22:37,028  INFO [main] HiveMetaStore.audit: ugi=alex	ip=unknown-ip-addr	cmd=get_table : tbl=hive.default.T	
2024-04-24T05:22:37,037  INFO [main] metastore.HMSHandler: Skipping translation for processor with null
2024-04-24T05:22:37,037  INFO [main] parse.CalcitePlanner: Completed phase 1 of Semantic Analysis
2024-04-24T05:22:37,037  INFO [main] parse.CalcitePlanner: Get metadata for source tables
2024-04-24T05:22:37,037  INFO [main] parse.CalcitePlanner: Get metadata for subqueries
2024-04-24T05:22:37,037  INFO [main] parse.CalcitePlanner: Get metadata for source tables
2024-04-24T05:22:37,038  INFO [main] HiveMetaStore.audit: ugi=alex	ip=unknown-ip-addr	cmd=get_table : tbl=hive.default.acidtbl	
2024-04-24T05:22:37,044  INFO [main] metastore.HMSHandler: Skipping translation for processor with null
2024-04-24T05:22:37,045  INFO [main] parse.CalcitePlanner: Get metadata for subqueries
2024-04-24T05:22:37,045  INFO [main] parse.CalcitePlanner: Get metadata for destination tables
2024-04-24T05:22:37,045  INFO [main] parse.CalcitePlanner: Get metadata for source tables
2024-04-24T05:22:37,045  INFO [main] parse.CalcitePlanner: Get metadata for subqueries
2024-04-24T05:22:37,045  INFO [main] parse.CalcitePlanner: Get metadata for destination tables
2024-04-24T05:22:37,045  INFO [main] parse.CalcitePlanner: Get metadata for destination tables
2024-04-24T05:22:37,045  INFO [main] HiveMetaStore.audit: ugi=alex	ip=unknown-ip-addr	cmd=get_table : tbl=hive.default.T	
2024-04-24T05:22:37,054  INFO [main] metastore.HMSHandler: Skipping translation for processor with null
2024-04-24T05:22:37,054  INFO [main] parse.CalcitePlanner: Completed getting MetaData in Semantic Analysis
2024-04-24T05:22:37,054  INFO [main] parse.CalcitePlanner: Disabling LLAP IO encode as ETL query is detected
2024-04-24T05:22:37,064  INFO [main] HiveMetaStore.audit: ugi=alex	ip=unknown-ip-addr	cmd=get_all_table_constraints : tbl=hive.default.acidtbl	
2024-04-24T05:22:37,072  INFO [main] HiveMetaStore.audit: ugi=alex	ip=unknown-ip-addr	cmd=get_all_table_constraints : tbl=hive.default.acidtbl	
2024-04-24T05:22:37,098  INFO [main] calcite.RelOptHiveTable: Calculating column statistics for default.acidtbl, projIndxSet: [0, 1], allowMissingStats: true
2024-04-24T05:22:37,099  INFO [main] HiveMetaStore.audit: ugi=alex	ip=unknown-ip-addr	cmd=get_table_statistics_req: table=hive.default.acidtbl	
2024-04-24T05:22:37,107  WARN [main] calcite.RelOptHiveTable: No Stats for default@acidtbl, Columns: b, a
No Stats for default@acidtbl, Columns: b, a
2024-04-24T05:22:37,107  INFO [main] SessionState: No Stats for default@acidtbl, Columns: b, a
2024-04-24T05:22:37,181  INFO [main] parse.CalcitePlanner: Get metadata for source tables
2024-04-24T05:22:37,182  INFO [main] parse.CalcitePlanner: Get metadata for subqueries
2024-04-24T05:22:37,182  INFO [main] parse.CalcitePlanner: Get metadata for source tables
2024-04-24T05:22:37,182  INFO [main] parse.CalcitePlanner: Get metadata for subqueries
2024-04-24T05:22:37,182  INFO [main] parse.CalcitePlanner: Get metadata for destination tables
2024-04-24T05:22:37,182  INFO [main] parse.CalcitePlanner: Get metadata for source tables
2024-04-24T05:22:37,182  INFO [main] parse.CalcitePlanner: Get metadata for subqueries
2024-04-24T05:22:37,182  INFO [main] parse.CalcitePlanner: Get metadata for destination tables
2024-04-24T05:22:37,182  INFO [main] parse.CalcitePlanner: Get metadata for destination tables
2024-04-24T05:22:37,186  INFO [main] common.FileUtils: Creating directory if it doesn't exist: file:/home/alex/Repositories/hive/ql/target/tmp/org.apache.hadoop.hive.ql.TestTxnNoBuckets-1713961246971/warehouse/t/.hive-staging_hive_2024-04-24_05-22-37_022_2565653809055380422-1
2024-04-24T05:22:37,188  INFO [main] HiveMetaStore.audit: ugi=alex	ip=unknown-ip-addr	cmd=get_not_null_constraints : tbl=hive.default.t	
2024-04-24T05:22:37,189  INFO [main] HiveMetaStore.audit: ugi=alex	ip=unknown-ip-addr	cmd=get_check_constraints : tbl=hive.default.t	
2024-04-24T05:22:37,193  INFO [main] parse.CalcitePlanner: CBO Succeeded; optimized logical plan.
2024-04-24T05:22:37,197  INFO [main] optimizer.ColumnPrunerProcFactory: RS 4 oldColExprMap: {KEY._col1=Column[_col1], KEY._col0=Column[_col0]}
2024-04-24T05:22:37,198  INFO [main] optimizer.ColumnPrunerProcFactory: RS 4 newColExprMap: {KEY._col1=Column[_col1], KEY._col0=Column[_col0]}
2024-04-24T05:22:37,201  INFO [main] optimizer.SortedDynPartitionOptimizer: Sorted dynamic partitioning optimization kicked in..
2024-04-24T05:22:37,201  INFO [main] optimizer.SortedDynPartitionOptimizer: Sorted dynamic partitioning optimization kicked in..
2024-04-24T05:22:37,209  INFO [main] HiveMetaStore.audit: ugi=alex	ip=unknown-ip-addr	cmd=get_table : tbl=hive.default.t	
2024-04-24T05:22:37,217  INFO [main] metastore.HMSHandler: Skipping translation for processor with null
2024-04-24T05:22:37,226  INFO [main] parse.CalcitePlanner: Completed plan generation
2024-04-24T05:22:37,226  INFO [main] parse.CalcitePlanner: Ending caching scope for: alex_20240424052237_f4520b97-d540-4fab-802e-cbe8a67fabe3
2024-04-24T05:22:37,226  INFO [main] ql.Driver: Semantic Analysis Completed (retrial = false)
2024-04-24T05:22:37,226  INFO [main] ql.Driver: Created Hive schema: Schema(fieldSchemas:[FieldSchema(name:_col0, type:int, comment:null), FieldSchema(name:_col1, type:int, comment:null)], properties:null)
2024-04-24T05:22:37,226  INFO [main] metadata.Hive: Dumping metastore api call timing information for : compilation phase
2024-04-24T05:22:37,226  INFO [main] metadata.Hive: Total time spent in each metastore function (ms): {openTxn_(String, TxnType)=2, getNotNullConstraints_(NotNullConstraintsRequest)=1, getTable_(GetTableRequest)=33, flushCache_()=0, getTableColumnStatistics_(String, String, List, String)=8, getValidWriteIds_(List, String)=3, getAllTableConstraints_(AllTableConstraintsRequest)=10, commitTxn_(CommitTxnRequest)=7, isCompatibleWith_(Configuration)=0, getValidTxns_(long)=0, getCheckConstraints_(CheckConstraintsRequest)=1}
2024-04-24T05:22:37,227  INFO [main] ql.Driver: Completed compiling command(queryId=alex_20240424052237_f4520b97-d540-4fab-802e-cbe8a67fabe3); Time taken: 0.204 seconds
2024-04-24T05:22:37,227  INFO [main] lockmgr.DbTxnManager: Setting lock request transaction to txnid:19 for queryId=alex_20240424052237_f4520b97-d540-4fab-802e-cbe8a67fabe3
2024-04-24T05:22:37,227  INFO [main] lockmgr.DbLockManager: Requesting lock for queryId=alex_20240424052237_f4520b97-d540-4fab-802e-cbe8a67fabe3
2024-04-24T05:22:37,239  INFO [main] lockmgr.DbLockManager: Response to queryId=alex_20240424052237_f4520b97-d540-4fab-802e-cbe8a67fabe3 LockResponse(lockid:13, state:ACQUIRED)
2024-04-24T05:22:37,239  INFO [main] ql.Driver: Operation QUERY obtained 1 locks
2024-04-24T05:22:37,242  INFO [main] ql.Driver: Executing command(queryId=alex_20240424052237_f4520b97-d540-4fab-802e-cbe8a67fabe3): insert into T(a,b) select a * 10, b * 10 from acidTbl where a between 1 and 3 group by a, b union all select a * 10, b * 10 from acidTbl where a between 5 and 7
2024-04-24T05:22:37,242  WARN [main] ql.Driver: Hive-on-MR is deprecated in Hive 2 and may not be available in the future versions. Consider using a different execution engine (i.e. tez, spark) or using Hive 1.X releases.
Query ID = alex_20240424052237_f4520b97-d540-4fab-802e-cbe8a67fabe3
2024-04-24T05:22:37,242  INFO [main] ql.Driver: Query ID = alex_20240424052237_f4520b97-d540-4fab-802e-cbe8a67fabe3
Total jobs = 2
2024-04-24T05:22:37,242  INFO [main] ql.Driver: Total jobs = 2
Launching Job 1 out of 2
2024-04-24T05:22:37,242  INFO [main] ql.Driver: Launching Job 1 out of 2
2024-04-24T05:22:37,364  INFO [main] ql.Driver: Starting task [Stage-1:MAPRED] in serial mode
2024-04-24T05:22:37,364  INFO [main] exec.Utilities: Not using thread pool for getContentSummary
2024-04-24T05:22:37,365  INFO [main] exec.Utilities: BytesPerReducer=256000000 maxReducers=1009 totalInputFileSize=1393
Number of reduce tasks not specified. Estimated from input data size: 1
2024-04-24T05:22:37,365  INFO [main] exec.Task: Number of reduce tasks not specified. Estimated from input data size: 1
In order to change the average load for a reducer (in bytes):
2024-04-24T05:22:37,365  INFO [main] exec.Task: In order to change the average load for a reducer (in bytes):
  set hive.exec.reducers.bytes.per.reducer=<number>
2024-04-24T05:22:37,365  INFO [main] exec.Task:   set hive.exec.reducers.bytes.per.reducer=<number>
In order to limit the maximum number of reducers:
2024-04-24T05:22:37,365  INFO [main] exec.Task: In order to limit the maximum number of reducers:
  set hive.exec.reducers.max=<number>
2024-04-24T05:22:37,365  INFO [main] exec.Task:   set hive.exec.reducers.max=<number>
In order to set a constant number of reducers:
2024-04-24T05:22:37,365  INFO [main] exec.Task: In order to set a constant number of reducers:
  set mapreduce.job.reduces=<number>
2024-04-24T05:22:37,365  INFO [main] exec.Task:   set mapreduce.job.reduces=<number>
2024-04-24T05:22:37,368  INFO [main] mr.ExecDriver: Using org.apache.hadoop.hive.ql.io.HiveInputFormat
2024-04-24T05:22:37,368  INFO [main] exec.Utilities: Processing alias $hdt$_0-subquery1:acidtbl
2024-04-24T05:22:37,368  INFO [main] exec.Utilities: Adding 1 inputs; the first input is file:/home/alex/Repositories/hive/ql/target/tmp/org.apache.hadoop.hive.ql.TestTxnNoBuckets-1713961246971/warehouse/acidtbl
2024-04-24T05:22:37,376  INFO [main] exec.SerializationUtilities: Serializing MapWork using kryo
2024-04-24T05:22:37,377  INFO [main] exec.Utilities: Serialized plan (via FILE) - name: null size: 5,28KB
2024-04-24T05:22:37,382  INFO [main] exec.SerializationUtilities: Serializing ReduceWork using kryo
2024-04-24T05:22:37,383  INFO [main] exec.Utilities: Serialized plan (via FILE) - name: null size: 6,89KB
2024-04-24T05:22:37,384  WARN [main] impl.MetricsSystemImpl: JobTracker metrics system already initialized!
2024-04-24T05:22:37,388  INFO [main] fs.FSStatsPublisher: created : file:/home/alex/Repositories/hive/ql/target/tmp/localscratchdir/60b21767-3741-46b4-add5-ecda5376357f/hive_2024-04-24_05-22-37_022_2565653809055380422-1/-mr-10001
2024-04-24T05:22:37,395  WARN [main] impl.MetricsSystemImpl: JobTracker metrics system already initialized!
2024-04-24T05:22:37,401  WARN [main] mapreduce.JobResourceUploader: Hadoop command-line option parsing not performed. Implement the Tool interface and execute your application with ToolRunner to remedy this.
2024-04-24T05:22:37,406  WARN [main] mapreduce.JobResourceUploader: No job jar file set.  User classes may not be found. See Job or Job#setJar(String).
2024-04-24T05:22:37,406  INFO [main] io.HiveInputFormat: hive.io.file.readcolumn.ids = 0,1
2024-04-24T05:22:37,407  INFO [main] io.HiveInputFormat: hive.io.file.readcolumn.names = a,b
2024-04-24T05:22:37,407  INFO [main] io.HiveInputFormat: Generating splits for dirs: file:/home/alex/Repositories/hive/ql/target/tmp/org.apache.hadoop.hive.ql.TestTxnNoBuckets-1713961246971/warehouse/acidtbl
2024-04-24T05:22:37,407  INFO [main] orc.OrcInputFormat: getSplits started
2024-04-24T05:22:37,407  INFO [main] orc.OrcInputFormat: Context:: isAcid: true isVectorMode: false sarg: leaf-(BETWEEN a 1 3) minSplitSize: 1 maxSplitSize: 256000000 splitStrategy: HYBRID footerInSplits: false numBuckets: 2 numThreads: 10 cacheMemSize: 268435456 cacheStripeDetails: true useSoftReference: false writeIdList: default.acidtbl:1:9223372036854775807:: isTransactionalTable: true txnProperties: default 
2024-04-24T05:22:37,407  INFO [main] orc.OrcInputFormat: ORC pushdown predicate: leaf-(BETWEEN a 1 3)
2024-04-24T05:22:37,418  INFO [main] orc.OrcInputFormat: FooterCacheHitRatio: 0/2
2024-04-24T05:22:37,418  INFO [main] orc.OrcInputFormat: getSplits finished (#splits: 2). duration: 11 ms
2024-04-24T05:22:37,418  INFO [main] io.HiveInputFormat: number of splits 2
2024-04-24T05:22:37,434  INFO [main] mapreduce.JobSubmitter: number of splits:2
2024-04-24T05:22:37,451  INFO [main] mapreduce.JobSubmitter: Submitting tokens for job: job_local192518116_0049
2024-04-24T05:22:37,451  INFO [main] mapreduce.JobSubmitter: Executing with tokens: []
2024-04-24T05:22:37,510  INFO [main] mapreduce.Job: The url to track the job: http://localhost:8080/
Job running in-process (local Hadoop)
2024-04-24T05:22:37,510  INFO [main] exec.Task: Job running in-process (local Hadoop)
2024-04-24T05:22:37,511  INFO [Thread-3174] mapred.LocalJobRunner: OutputCommitter set in config org.apache.hadoop.hive.ql.io.HiveFileFormatUtils$NullOutputCommitter
2024-04-24T05:22:37,511  INFO [Thread-3174] mapred.LocalJobRunner: OutputCommitter is org.apache.hadoop.hive.ql.io.HiveFileFormatUtils$NullOutputCommitter
2024-04-24T05:22:37,512  INFO [Thread-3174] mapred.LocalJobRunner: Waiting for map tasks
2024-04-24T05:22:37,512  INFO [LocalJobRunner Map Task Executor #0] mapred.LocalJobRunner: Starting task: attempt_local192518116_0049_m_000000_0
2024-04-24T05:22:37,513  INFO [LocalJobRunner Map Task Executor #0] mapred.Task:  Using ResourceCalculatorProcessTree : [ ]
2024-04-24T05:22:37,513  INFO [LocalJobRunner Map Task Executor #0] mapred.MapTask: Processing split: org.apache.hadoop.hive.ql.io.orc.OrcInputFormat:OrcSplit [file:/home/alex/Repositories/hive/ql/target/tmp/org.apache.hadoop.hive.ql.TestTxnNoBuckets-1713961246971/warehouse/acidtbl/delta_0000001_0000001_0000/bucket_00001_0, start=0, length=704, isOriginal=false, fileLength=704, hasFooter=false, hasBase=true, deltas=0]
2024-04-24T05:22:37,514  INFO [LocalJobRunner Map Task Executor #0] exec.SerializationUtilities: Deserializing MapWork using kryo
2024-04-24T05:22:37,514  INFO [LocalJobRunner Map Task Executor #0] exec.Utilities: Deserialized plan (via FILE) - name: null size: 5,28KB
2024-04-24T05:22:37,515  INFO [LocalJobRunner Map Task Executor #0] orc.OrcInputFormat: ORC pushdown predicate: leaf-(BETWEEN a 1 3)
2024-04-24T05:22:37,515  INFO [LocalJobRunner Map Task Executor #0] orc.OrcRawRecordMerger: min key = null, max key = null
2024-04-24T05:22:37,515  INFO [LocalJobRunner Map Task Executor #0] orc.ReaderImpl: Reading ORC rows from file:/home/alex/Repositories/hive/ql/target/tmp/org.apache.hadoop.hive.ql.TestTxnNoBuckets-1713961246971/warehouse/acidtbl/delta_0000001_0000001_0000/bucket_00001_0 with {include: [true, true, true], offset: 0, length: 704, sarg: leaf-(BETWEEN a 1 3), schema: struct<a:int,b:int>, includeAcidColumns: true}
2024-04-24T05:22:37,516  INFO [LocalJobRunner Map Task Executor #0] orc.OrcRawRecordMerger: updated min key = null, max key = null
2024-04-24T05:22:37,516  INFO [LocalJobRunner Map Task Executor #0] mapred.MapTask: numReduceTasks: 1
2024-04-24T05:22:37,525  INFO [LocalJobRunner Map Task Executor #0] mapred.MapTask: (EQUATOR) 0 kvi 26214396(104857584)
2024-04-24T05:22:37,525  INFO [LocalJobRunner Map Task Executor #0] mapred.MapTask: mapreduce.task.io.sort.mb: 100
2024-04-24T05:22:37,525  INFO [LocalJobRunner Map Task Executor #0] mapred.MapTask: soft limit at 83886080
2024-04-24T05:22:37,525  INFO [LocalJobRunner Map Task Executor #0] mapred.MapTask: bufstart = 0; bufvoid = 104857600
2024-04-24T05:22:37,525  INFO [LocalJobRunner Map Task Executor #0] mapred.MapTask: kvstart = 26214396; length = 6553600
2024-04-24T05:22:37,526  INFO [LocalJobRunner Map Task Executor #0] mapred.MapTask: Map output collector class = org.apache.hadoop.mapred.MapTask$MapOutputBuffer
2024-04-24T05:22:37,526  INFO [LocalJobRunner Map Task Executor #0] exec.MapOperator: Initializing Operator: MAP[0]
2024-04-24T05:22:37,527  INFO [LocalJobRunner Map Task Executor #0] mr.ExecMapper: 
<MAP>Id =0
  <Children>null
  <\Children>
  <Parent><\Parent>
<\MAP>
2024-04-24T05:22:37,528  INFO [LocalJobRunner Map Task Executor #0] exec.TableScanOperator: Initializing Operator: TS[0]
2024-04-24T05:22:37,528  INFO [LocalJobRunner Map Task Executor #0] exec.FilterOperator: Initializing Operator: FIL[13]
2024-04-24T05:22:37,528  INFO [LocalJobRunner Map Task Executor #0] exec.GroupByOperator: Initializing Operator: GBY[3]
2024-04-24T05:22:37,528  INFO [LocalJobRunner Map Task Executor #0] exec.GroupByOperator: Max hash table memory: 954466304 bytes
2024-04-24T05:22:37,528  INFO [LocalJobRunner Map Task Executor #0] exec.GroupByOperator: isTez: false isLlap: false numExecutors: 1 maxMemory: 1908932608
2024-04-24T05:22:37,528  INFO [LocalJobRunner Map Task Executor #0] exec.ReduceSinkOperator: Initializing Operator: RS[4]
2024-04-24T05:22:37,528  INFO [LocalJobRunner Map Task Executor #0] exec.ReduceSinkOperator: Using tag = -1
2024-04-24T05:22:37,528  INFO [LocalJobRunner Map Task Executor #0] exec.MapOperator: MAP[0]: records read - 1
2024-04-24T05:22:37,529  INFO [LocalJobRunner Map Task Executor #0] exec.MapOperator: Closing Operator: MAP[0]
2024-04-24T05:22:37,529  INFO [LocalJobRunner Map Task Executor #0] exec.MapOperator: MAP[0]: Total records read - 3. abort - false
2024-04-24T05:22:37,529  INFO [LocalJobRunner Map Task Executor #0] exec.MapOperator: RECORDS_OUT_INTERMEDIATE:0, RECORDS_IN:3, RECORDS_OUT_OPERATOR_MAP_0:0, DESERIALIZE_ERRORS:0, 
2024-04-24T05:22:37,529  INFO [LocalJobRunner Map Task Executor #0] exec.TableScanOperator: Closing Operator: TS[0]
2024-04-24T05:22:37,529  INFO [LocalJobRunner Map Task Executor #0] exec.TableScanOperator: RECORDS_OUT_OPERATOR_TS_0:3, RECORDS_OUT_INTERMEDIATE:0, 
2024-04-24T05:22:37,529  INFO [LocalJobRunner Map Task Executor #0] exec.FilterOperator: Closing Operator: FIL[13]
2024-04-24T05:22:37,529  INFO [LocalJobRunner Map Task Executor #0] exec.FilterOperator: RECORDS_OUT_INTERMEDIATE:0, RECORDS_OUT_OPERATOR_FIL_13:1, 
2024-04-24T05:22:37,529  INFO [LocalJobRunner Map Task Executor #0] exec.GroupByOperator: Closing Operator: GBY[3]
2024-04-24T05:22:37,529  INFO [LocalJobRunner Map Task Executor #0] exec.GroupByOperator: Begin Hash Table flush: size = 1
2024-04-24T05:22:37,529  INFO [LocalJobRunner Map Task Executor #0] exec.ReduceSinkOperator: keys are [_col0, _col1] num distributions: 2
2024-04-24T05:22:37,529  INFO [LocalJobRunner Map Task Executor #0] exec.ReduceSinkOperator: RS[4]: records written - 1
2024-04-24T05:22:37,529  INFO [LocalJobRunner Map Task Executor #0] exec.GroupByOperator: RECORDS_OUT_INTERMEDIATE:0, RECORDS_OUT_OPERATOR_GBY_3:1, 
2024-04-24T05:22:37,529  INFO [LocalJobRunner Map Task Executor #0] exec.ReduceSinkOperator: Closing Operator: RS[4]
2024-04-24T05:22:37,529  INFO [LocalJobRunner Map Task Executor #0] exec.ReduceSinkOperator: RS[4]: Total records written - 1. abort - false
2024-04-24T05:22:37,529  INFO [LocalJobRunner Map Task Executor #0] exec.ReduceSinkOperator: RECORDS_OUT_INTERMEDIATE:1, RECORDS_OUT_OPERATOR_RS_4:1, 
2024-04-24T05:22:37,529  INFO [LocalJobRunner Map Task Executor #0] mapred.LocalJobRunner: 
2024-04-24T05:22:37,529  INFO [LocalJobRunner Map Task Executor #0] mapred.MapTask: Starting flush of map output
2024-04-24T05:22:37,529  INFO [LocalJobRunner Map Task Executor #0] mapred.MapTask: Spilling map output
2024-04-24T05:22:37,529  INFO [LocalJobRunner Map Task Executor #0] mapred.MapTask: bufstart = 0; bufend = 19; bufvoid = 104857600
2024-04-24T05:22:37,529  INFO [LocalJobRunner Map Task Executor #0] mapred.MapTask: kvstart = 26214396(104857584); kvend = 26214396(104857584); length = 1/6553600
2024-04-24T05:22:37,539  INFO [LocalJobRunner Map Task Executor #0] mapred.MapTask: Finished spill 0
2024-04-24T05:22:37,542  INFO [LocalJobRunner Map Task Executor #0] mapred.Task: Task:attempt_local192518116_0049_m_000000_0 is done. And is in the process of committing
2024-04-24T05:22:37,543  INFO [LocalJobRunner Map Task Executor #0] mapred.LocalJobRunner: OrcSplit [file:/home/alex/Repositories/hive/ql/target/tmp/org.apache.hadoop.hive.ql.TestTxnNoBuckets-1713961246971/warehouse/acidtbl/delta_0000001_0000001_0000/bucket_00001_0, start=0, length=704, isOriginal=false, fileLength=704, hasFooter=false, hasBase=true, deltas=0]
2024-04-24T05:22:37,543  INFO [LocalJobRunner Map Task Executor #0] mapred.Task: Task 'attempt_local192518116_0049_m_000000_0' done.
2024-04-24T05:22:37,543  INFO [LocalJobRunner Map Task Executor #0] mapred.Task: Final Counters for attempt_local192518116_0049_m_000000_0: Counters: 25
	File System Counters
		FILE: Number of bytes read=1103410
		FILE: Number of bytes written=57721565
		FILE: Number of read operations=0
		FILE: Number of large read operations=0
		FILE: Number of write operations=0
	Map-Reduce Framework
		Map input records=3
		Map output records=1
		Map output bytes=19
		Map output materialized bytes=27
		Input split bytes=497
		Combine input records=0
		Spilled Records=1
		Failed Shuffles=0
		Merged Map outputs=0
		GC time elapsed (ms)=4
		Total committed heap usage (bytes)=1247805440
	HIVE
		DESERIALIZE_ERRORS=0
		RECORDS_IN=3
		RECORDS_OUT_INTERMEDIATE=1
		RECORDS_OUT_OPERATOR_FIL_13=1
		RECORDS_OUT_OPERATOR_GBY_3=1
		RECORDS_OUT_OPERATOR_MAP_0=0
		RECORDS_OUT_OPERATOR_RS_4=1
		RECORDS_OUT_OPERATOR_TS_0=3
	File Input Format Counters 
		Bytes Read=8954
2024-04-24T05:22:37,543  INFO [LocalJobRunner Map Task Executor #0] mapred.LocalJobRunner: Finishing task: attempt_local192518116_0049_m_000000_0
2024-04-24T05:22:37,543  INFO [LocalJobRunner Map Task Executor #0] mapred.LocalJobRunner: Starting task: attempt_local192518116_0049_m_000001_0
2024-04-24T05:22:37,543  INFO [LocalJobRunner Map Task Executor #0] mapred.Task:  Using ResourceCalculatorProcessTree : [ ]
2024-04-24T05:22:37,543  INFO [LocalJobRunner Map Task Executor #0] mapred.MapTask: Processing split: org.apache.hadoop.hive.ql.io.orc.OrcInputFormat:OrcSplit [file:/home/alex/Repositories/hive/ql/target/tmp/org.apache.hadoop.hive.ql.TestTxnNoBuckets-1713961246971/warehouse/acidtbl/delta_0000001_0000001_0000/bucket_00000_0, start=0, length=688, isOriginal=false, fileLength=688, hasFooter=false, hasBase=true, deltas=0]
2024-04-24T05:22:37,544  INFO [LocalJobRunner Map Task Executor #0] exec.SerializationUtilities: Deserializing MapWork using kryo
2024-04-24T05:22:37,544  INFO [LocalJobRunner Map Task Executor #0] exec.Utilities: Deserialized plan (via FILE) - name: null size: 5,28KB
2024-04-24T05:22:37,545  INFO [LocalJobRunner Map Task Executor #0] orc.OrcInputFormat: ORC pushdown predicate: leaf-(BETWEEN a 1 3)
2024-04-24T05:22:37,545  INFO [LocalJobRunner Map Task Executor #0] orc.OrcRawRecordMerger: min key = null, max key = null
2024-04-24T05:22:37,545  INFO [LocalJobRunner Map Task Executor #0] orc.ReaderImpl: Reading ORC rows from file:/home/alex/Repositories/hive/ql/target/tmp/org.apache.hadoop.hive.ql.TestTxnNoBuckets-1713961246971/warehouse/acidtbl/delta_0000001_0000001_0000/bucket_00000_0 with {include: [true, true, true], offset: 0, length: 688, sarg: leaf-(BETWEEN a 1 3), schema: struct<a:int,b:int>, includeAcidColumns: true}
2024-04-24T05:22:37,546  INFO [LocalJobRunner Map Task Executor #0] orc.OrcRawRecordMerger: updated min key = null, max key = null
2024-04-24T05:22:37,546  INFO [LocalJobRunner Map Task Executor #0] mapred.MapTask: numReduceTasks: 1
2024-04-24T05:22:37,550  INFO [LocalJobRunner Map Task Executor #0] mapred.MapTask: (EQUATOR) 0 kvi 26214396(104857584)
2024-04-24T05:22:37,550  INFO [LocalJobRunner Map Task Executor #0] mapred.MapTask: mapreduce.task.io.sort.mb: 100
2024-04-24T05:22:37,550  INFO [LocalJobRunner Map Task Executor #0] mapred.MapTask: soft limit at 83886080
2024-04-24T05:22:37,550  INFO [LocalJobRunner Map Task Executor #0] mapred.MapTask: bufstart = 0; bufvoid = 104857600
2024-04-24T05:22:37,550  INFO [LocalJobRunner Map Task Executor #0] mapred.MapTask: kvstart = 26214396; length = 6553600
2024-04-24T05:22:37,550  INFO [LocalJobRunner Map Task Executor #0] mapred.MapTask: Map output collector class = org.apache.hadoop.mapred.MapTask$MapOutputBuffer
2024-04-24T05:22:37,551  INFO [LocalJobRunner Map Task Executor #0] exec.MapOperator: Initializing Operator: MAP[0]
2024-04-24T05:22:37,552  INFO [LocalJobRunner Map Task Executor #0] mr.ExecMapper: 
<MAP>Id =0
  <Children>null
  <\Children>
  <Parent><\Parent>
<\MAP>
2024-04-24T05:22:37,552  INFO [LocalJobRunner Map Task Executor #0] exec.TableScanOperator: Initializing Operator: TS[0]
2024-04-24T05:22:37,552  INFO [LocalJobRunner Map Task Executor #0] exec.FilterOperator: Initializing Operator: FIL[13]
2024-04-24T05:22:37,552  INFO [LocalJobRunner Map Task Executor #0] exec.GroupByOperator: Initializing Operator: GBY[3]
2024-04-24T05:22:37,552  INFO [LocalJobRunner Map Task Executor #0] exec.GroupByOperator: Max hash table memory: 954466304 bytes
2024-04-24T05:22:37,552  INFO [LocalJobRunner Map Task Executor #0] exec.GroupByOperator: isTez: false isLlap: false numExecutors: 1 maxMemory: 1908932608
2024-04-24T05:22:37,552  INFO [LocalJobRunner Map Task Executor #0] exec.ReduceSinkOperator: Initializing Operator: RS[4]
2024-04-24T05:22:37,552  INFO [LocalJobRunner Map Task Executor #0] exec.ReduceSinkOperator: Using tag = -1
2024-04-24T05:22:37,553  INFO [LocalJobRunner Map Task Executor #0] exec.MapOperator: MAP[0]: records read - 1
2024-04-24T05:22:37,553  INFO [LocalJobRunner Map Task Executor #0] exec.MapOperator: Closing Operator: MAP[0]
2024-04-24T05:22:37,553  INFO [LocalJobRunner Map Task Executor #0] exec.MapOperator: MAP[0]: Total records read - 2. abort - false
2024-04-24T05:22:37,553  INFO [LocalJobRunner Map Task Executor #0] exec.MapOperator: DESERIALIZE_ERRORS:0, RECORDS_IN:2, RECORDS_OUT_OPERATOR_MAP_0:0, RECORDS_OUT_INTERMEDIATE:0, 
2024-04-24T05:22:37,553  INFO [LocalJobRunner Map Task Executor #0] exec.TableScanOperator: Closing Operator: TS[0]
2024-04-24T05:22:37,553  INFO [LocalJobRunner Map Task Executor #0] exec.TableScanOperator: RECORDS_OUT_OPERATOR_TS_0:2, RECORDS_OUT_INTERMEDIATE:0, 
2024-04-24T05:22:37,553  INFO [LocalJobRunner Map Task Executor #0] exec.FilterOperator: Closing Operator: FIL[13]
2024-04-24T05:22:37,553  INFO [LocalJobRunner Map Task Executor #0] exec.FilterOperator: RECORDS_OUT_OPERATOR_FIL_13:1, RECORDS_OUT_INTERMEDIATE:0, 
2024-04-24T05:22:37,553  INFO [LocalJobRunner Map Task Executor #0] exec.GroupByOperator: Closing Operator: GBY[3]
2024-04-24T05:22:37,553  INFO [LocalJobRunner Map Task Executor #0] exec.GroupByOperator: Begin Hash Table flush: size = 1
2024-04-24T05:22:37,553  INFO [LocalJobRunner Map Task Executor #0] exec.ReduceSinkOperator: keys are [_col0, _col1] num distributions: 2
2024-04-24T05:22:37,553  INFO [LocalJobRunner Map Task Executor #0] exec.ReduceSinkOperator: RS[4]: records written - 1
2024-04-24T05:22:37,553  INFO [LocalJobRunner Map Task Executor #0] exec.GroupByOperator: RECORDS_OUT_INTERMEDIATE:0, RECORDS_OUT_OPERATOR_GBY_3:1, 
2024-04-24T05:22:37,553  INFO [LocalJobRunner Map Task Executor #0] exec.ReduceSinkOperator: Closing Operator: RS[4]
2024-04-24T05:22:37,553  INFO [LocalJobRunner Map Task Executor #0] exec.ReduceSinkOperator: RS[4]: Total records written - 1. abort - false
2024-04-24T05:22:37,553  INFO [LocalJobRunner Map Task Executor #0] exec.ReduceSinkOperator: RECORDS_OUT_OPERATOR_RS_4:1, RECORDS_OUT_INTERMEDIATE:1, 
2024-04-24T05:22:37,554  INFO [LocalJobRunner Map Task Executor #0] mapred.LocalJobRunner: 
2024-04-24T05:22:37,554  INFO [LocalJobRunner Map Task Executor #0] mapred.MapTask: Starting flush of map output
2024-04-24T05:22:37,554  INFO [LocalJobRunner Map Task Executor #0] mapred.MapTask: Spilling map output
2024-04-24T05:22:37,554  INFO [LocalJobRunner Map Task Executor #0] mapred.MapTask: bufstart = 0; bufend = 19; bufvoid = 104857600
2024-04-24T05:22:37,554  INFO [LocalJobRunner Map Task Executor #0] mapred.MapTask: kvstart = 26214396(104857584); kvend = 26214396(104857584); length = 1/6553600
2024-04-24T05:22:37,566  INFO [LocalJobRunner Map Task Executor #0] mapred.MapTask: Finished spill 0
2024-04-24T05:22:37,574  INFO [LocalJobRunner Map Task Executor #0] mapred.Task: Task:attempt_local192518116_0049_m_000001_0 is done. And is in the process of committing
2024-04-24T05:22:37,576  INFO [LocalJobRunner Map Task Executor #0] mapred.LocalJobRunner: OrcSplit [file:/home/alex/Repositories/hive/ql/target/tmp/org.apache.hadoop.hive.ql.TestTxnNoBuckets-1713961246971/warehouse/acidtbl/delta_0000001_0000001_0000/bucket_00000_0, start=0, length=688, isOriginal=false, fileLength=688, hasFooter=false, hasBase=true, deltas=0]
2024-04-24T05:22:37,576  INFO [LocalJobRunner Map Task Executor #0] mapred.Task: Task 'attempt_local192518116_0049_m_000001_0' done.
2024-04-24T05:22:37,576  INFO [LocalJobRunner Map Task Executor #0] mapred.Task: Final Counters for attempt_local192518116_0049_m_000001_0: Counters: 25
	File System Counters
		FILE: Number of bytes read=1113301
		FILE: Number of bytes written=57721624
		FILE: Number of read operations=0
		FILE: Number of large read operations=0
		FILE: Number of write operations=0
	Map-Reduce Framework
		Map input records=2
		Map output records=1
		Map output bytes=19
		Map output materialized bytes=27
		Input split bytes=497
		Combine input records=0
		Spilled Records=1
		Failed Shuffles=0
		Merged Map outputs=0
		GC time elapsed (ms)=0
		Total committed heap usage (bytes)=1247805440
	HIVE
		DESERIALIZE_ERRORS=0
		RECORDS_IN=2
		RECORDS_OUT_INTERMEDIATE=1
		RECORDS_OUT_OPERATOR_FIL_13=1
		RECORDS_OUT_OPERATOR_GBY_3=1
		RECORDS_OUT_OPERATOR_MAP_0=0
		RECORDS_OUT_OPERATOR_RS_4=1
		RECORDS_OUT_OPERATOR_TS_0=2
	File Input Format Counters 
		Bytes Read=8874
2024-04-24T05:22:37,576  INFO [LocalJobRunner Map Task Executor #0] mapred.LocalJobRunner: Finishing task: attempt_local192518116_0049_m_000001_0
2024-04-24T05:22:37,576  INFO [Thread-3174] mapred.LocalJobRunner: map task executor complete.
2024-04-24T05:22:37,578  INFO [Thread-3174] mapred.LocalJobRunner: Waiting for reduce tasks
2024-04-24T05:22:37,579  INFO [pool-215-thread-1] mapred.LocalJobRunner: Starting task: attempt_local192518116_0049_r_000000_0
2024-04-24T05:22:37,580  INFO [pool-215-thread-1] mapred.Task:  Using ResourceCalculatorProcessTree : [ ]
2024-04-24T05:22:37,580  INFO [pool-215-thread-1] mapred.ReduceTask: Using ShuffleConsumerPlugin: org.apache.hadoop.mapreduce.task.reduce.Shuffle@2b2173a
2024-04-24T05:22:37,580  WARN [pool-215-thread-1] impl.MetricsSystemImpl: JobTracker metrics system already initialized!
2024-04-24T05:22:37,582  INFO [pool-215-thread-1] reduce.MergeManagerImpl: MergerManager: memoryLimit=1336252800, maxSingleShuffleLimit=334063200, mergeThreshold=881926912, ioSortFactor=10, memToMemMergeOutputsThreshold=10
2024-04-24T05:22:37,584  INFO [EventFetcher for fetching Map Completion Events] reduce.EventFetcher: attempt_local192518116_0049_r_000000_0 Thread started: EventFetcher for fetching Map Completion Events
2024-04-24T05:22:37,589  INFO [localfetcher#31] reduce.LocalFetcher: localfetcher#31 about to shuffle output of map attempt_local192518116_0049_m_000000_0 decomp: 23 len: 27 to MEMORY
2024-04-24T05:22:37,589  INFO [localfetcher#31] reduce.InMemoryMapOutput: Read 23 bytes from map-output for attempt_local192518116_0049_m_000000_0
2024-04-24T05:22:37,589  INFO [localfetcher#31] reduce.MergeManagerImpl: closeInMemoryFile -> map-output of size: 23, inMemoryMapOutputs.size() -> 1, commitMemory -> 0, usedMemory ->23
2024-04-24T05:22:37,593  INFO [localfetcher#31] reduce.LocalFetcher: localfetcher#31 about to shuffle output of map attempt_local192518116_0049_m_000001_0 decomp: 23 len: 27 to MEMORY
2024-04-24T05:22:37,594  INFO [localfetcher#31] reduce.InMemoryMapOutput: Read 23 bytes from map-output for attempt_local192518116_0049_m_000001_0
2024-04-24T05:22:37,594  INFO [localfetcher#31] reduce.MergeManagerImpl: closeInMemoryFile -> map-output of size: 23, inMemoryMapOutputs.size() -> 2, commitMemory -> 23, usedMemory ->46
2024-04-24T05:22:37,595  INFO [EventFetcher for fetching Map Completion Events] reduce.EventFetcher: EventFetcher is interrupted.. Returning
2024-04-24T05:22:37,595  INFO [pool-215-thread-1] mapred.LocalJobRunner: 2 / 2 copied.
2024-04-24T05:22:37,595  INFO [pool-215-thread-1] reduce.MergeManagerImpl: finalMerge called with 2 in-memory map-outputs and 0 on-disk map-outputs
2024-04-24T05:22:37,609  INFO [pool-215-thread-1] mapred.Merger: Merging 2 sorted segments
2024-04-24T05:22:37,609  INFO [pool-215-thread-1] mapred.Merger: Down to the last merge-pass, with 2 segments left of total size: 12 bytes
2024-04-24T05:22:37,617  INFO [pool-215-thread-1] reduce.MergeManagerImpl: Merged 2 segments, 46 bytes to disk to satisfy reduce memory limit
2024-04-24T05:22:37,617  INFO [pool-215-thread-1] reduce.MergeManagerImpl: Merging 1 files, 48 bytes from disk
2024-04-24T05:22:37,617  INFO [pool-215-thread-1] reduce.MergeManagerImpl: Merging 0 segments, 0 bytes from memory into reduce
2024-04-24T05:22:37,617  INFO [pool-215-thread-1] mapred.Merger: Merging 1 sorted segments
2024-04-24T05:22:37,617  INFO [pool-215-thread-1] mapred.Merger: Down to the last merge-pass, with 1 segments left of total size: 27 bytes
2024-04-24T05:22:37,618  INFO [pool-215-thread-1] mapred.LocalJobRunner: 2 / 2 copied.
2024-04-24T05:22:37,619  INFO [pool-215-thread-1] exec.SerializationUtilities: Deserializing ReduceWork using kryo
2024-04-24T05:22:37,621  INFO [pool-215-thread-1] exec.Utilities: Deserialized plan (via FILE) - name: null size: 6,89KB
2024-04-24T05:22:37,623  INFO [pool-215-thread-1] ExecReducer: 
<GBY>Id =5
  <Children>
    <SEL>Id =6
      <Children>
        <FS>Id =17
          <Children>
          <\Children>
          <Parent>Id = 6 null<\Parent>
        <\FS>
      <\Children>
      <Parent>Id = 5 null<\Parent>
    <\SEL>
  <\Children>
  <Parent><\Parent>
<\GBY>
2024-04-24T05:22:37,623  INFO [pool-215-thread-1] exec.GroupByOperator: Initializing Operator: GBY[5]
2024-04-24T05:22:37,623  INFO [pool-215-thread-1] exec.GroupByOperator: isTez: false isLlap: false numExecutors: 1 maxMemory: 1908932608
2024-04-24T05:22:37,623  INFO [pool-215-thread-1] exec.SelectOperator: Initializing Operator: SEL[6]
2024-04-24T05:22:37,624  INFO [pool-215-thread-1] exec.SelectOperator: SELECT struct<_col0:int,_col1:int>
2024-04-24T05:22:37,624  INFO [pool-215-thread-1] exec.FileSinkOperator: Initializing Operator: FS[17]
2024-04-24T05:22:37,625  INFO [pool-215-thread-1] exec.FileSinkOperator: Using serializer : AbstractSerDe [log=org.apache.logging.slf4j.Log4jLogger@5c8da227, configuration=Optional[Configuration: core-default.xml, core-site.xml, mapred-default.xml, mapred-site.xml, yarn-default.xml, yarn-site.xml, hdfs-default.xml, hdfs-site.xml, file:/home/alex/Repositories/hive/ql/target/tmp/TestTxnNoBuckets/mapred/local/localRunner/alex/job_local192518116_0049/job_local192518116_0049.xml], properties={name=default.t, columns.types=int:int, serialization.format=1, columns=a,b, numFilesErasureCoded=0, columns.comments=&amp#0;, bucketing_version=2, serialization.lib=org.apache.hadoop.hive.ql.io.orc.OrcSerde, file.inputformat=org.apache.hadoop.hive.ql.io.orc.OrcInputFormat, file.outputformat=org.apache.hadoop.hive.ql.io.orc.OrcOutputFormat, location=file:/home/alex/Repositories/hive/ql/target/tmp/org.apache.hadoop.hive.ql.TestTxnNoBuckets-1713961246971/warehouse/t, column.name.delimiter=,}, tableProperties={name=default.t, columns.types=int:int, serialization.format=1, columns=a,b, numFilesErasureCoded=0, columns.comments=&amp#0;, bucketing_version=2, serialization.lib=org.apache.hadoop.hive.ql.io.orc.OrcSerde, file.inputformat=org.apache.hadoop.hive.ql.io.orc.OrcInputFormat, location=file:/home/alex/Repositories/hive/ql/target/tmp/org.apache.hadoop.hive.ql.TestTxnNoBuckets-1713961246971/warehouse/t, file.outputformat=org.apache.hadoop.hive.ql.io.orc.OrcOutputFormat, column.name.delimiter=,}, partitionProperties=Optional.empty, columnNames=[a, b], columnTypes=[int, int], getClass()=class org.apache.hadoop.hive.ql.io.orc.OrcSerde] and formatter : org.apache.hadoop.hive.ql.io.orc.OrcOutputFormat@7b535519
2024-04-24T05:22:37,626  INFO [pool-215-thread-1] exec.FileSinkOperator: Final Path: FS file:/home/alex/Repositories/hive/ql/target/tmp/org.apache.hadoop.hive.ql.TestTxnNoBuckets-1713961246971/warehouse/t/.hive-staging_hive_2024-04-24_05-22-37_022_2565653809055380422-1/-ext-10000/_tmp.HIVE_UNION_SUBDIR_15/000000_0
2024-04-24T05:22:37,626  INFO [pool-215-thread-1] exec.FileSinkOperator: Writing to temp file: FS file:/home/alex/Repositories/hive/ql/target/tmp/org.apache.hadoop.hive.ql.TestTxnNoBuckets-1713961246971/warehouse/t/.hive-staging_hive_2024-04-24_05-22-37_022_2565653809055380422-1/-ext-10000/_task_tmp.HIVE_UNION_SUBDIR_15/_tmp.000000_0
2024-04-24T05:22:37,626  INFO [pool-215-thread-1] exec.FileSinkOperator: New Final Path: FS file:/home/alex/Repositories/hive/ql/target/tmp/org.apache.hadoop.hive.ql.TestTxnNoBuckets-1713961246971/warehouse/t/.hive-staging_hive_2024-04-24_05-22-37_022_2565653809055380422-1/-ext-10000/_tmp.HIVE_UNION_SUBDIR_15/000000_0
2024-04-24T05:22:37,626  INFO [pool-215-thread-1] exec.FileSinkOperator: FS[17]: records written - 1
2024-04-24T05:22:37,627  INFO [pool-215-thread-1] impl.PhysicalFsWriter: ORC writer created for path: file:/home/alex/Repositories/hive/ql/target/tmp/org.apache.hadoop.hive.ql.TestTxnNoBuckets-1713961246971/warehouse/t/.hive-staging_hive_2024-04-24_05-22-37_022_2565653809055380422-1/-ext-10000/_task_tmp.HIVE_UNION_SUBDIR_15/_tmp.000000_0 with stripeSize: 67108864 blockSize: 268435456 compression: Compress: ZLIB buffer: 262144
2024-04-24T05:22:37,647  INFO [pool-215-thread-1] impl.WriterImpl: ORC writer created for path: file:/home/alex/Repositories/hive/ql/target/tmp/org.apache.hadoop.hive.ql.TestTxnNoBuckets-1713961246971/warehouse/t/.hive-staging_hive_2024-04-24_05-22-37_022_2565653809055380422-1/-ext-10000/_task_tmp.HIVE_UNION_SUBDIR_15/_tmp.000000_0 with stripeSize: 67108864 options: Compress: ZLIB buffer: 262144
2024-04-24T05:22:37,647  INFO [pool-215-thread-1] exec.GroupByOperator: Closing Operator: GBY[5]
2024-04-24T05:22:37,647  INFO [pool-215-thread-1] exec.GroupByOperator: RECORDS_OUT_OPERATOR_GBY_5:2, RECORDS_OUT_INTERMEDIATE:0, 
2024-04-24T05:22:37,647  INFO [pool-215-thread-1] exec.SelectOperator: Closing Operator: SEL[6]
2024-04-24T05:22:37,648  INFO [pool-215-thread-1] exec.SelectOperator: RECORDS_OUT_INTERMEDIATE:0, RECORDS_OUT_OPERATOR_SEL_6:2, 
2024-04-24T05:22:37,648  INFO [pool-215-thread-1] exec.FileSinkOperator: Closing Operator: FS[17]
2024-04-24T05:22:37,648  INFO [pool-215-thread-1] exec.FileSinkOperator: FS[17]: records written - 2
2024-04-24T05:22:37,666  INFO [pool-215-thread-1] exec.FileSinkOperator: RECORDS_OUT_OPERATOR_FS_17:2, RECORDS_OUT_INTERMEDIATE:0, TOTAL_TABLE_ROWS_WRITTEN:2, RECORDS_OUT_1_default.t:2, 
2024-04-24T05:22:37,667  INFO [pool-215-thread-1] mapred.Task: Task:attempt_local192518116_0049_r_000000_0 is done. And is in the process of committing
2024-04-24T05:22:37,668  INFO [pool-215-thread-1] mapred.LocalJobRunner: reduce > reduce
2024-04-24T05:22:37,668  INFO [pool-215-thread-1] mapred.Task: Task 'attempt_local192518116_0049_r_000000_0' done.
2024-04-24T05:22:37,668  INFO [pool-215-thread-1] mapred.Task: Final Counters for attempt_local192518116_0049_r_000000_0: Counters: 31
	File System Counters
		FILE: Number of bytes read=1120422
		FILE: Number of bytes written=57722017
		FILE: Number of read operations=0
		FILE: Number of large read operations=0
		FILE: Number of write operations=0
	Map-Reduce Framework
		Combine input records=0
		Combine output records=0
		Reduce input groups=2
		Reduce shuffle bytes=54
		Reduce input records=2
		Reduce output records=0
		Spilled Records=2
		Shuffled Maps =2
		Failed Shuffles=0
		Merged Map outputs=2
		GC time elapsed (ms)=0
		Total committed heap usage (bytes)=1247805440
	HIVE
		CREATED_FILES=1
		RECORDS_OUT_1_default.t=2
		RECORDS_OUT_INTERMEDIATE=0
		RECORDS_OUT_OPERATOR_FS_17=2
		RECORDS_OUT_OPERATOR_GBY_5=2
		RECORDS_OUT_OPERATOR_SEL_6=2
		TOTAL_TABLE_ROWS_WRITTEN=2
	Shuffle Errors
		BAD_ID=0
		CONNECTION=0
		IO_ERROR=0
		WRONG_LENGTH=0
		WRONG_MAP=0
		WRONG_REDUCE=0
	File Output Format Counters 
		Bytes Written=0
2024-04-24T05:22:37,668  INFO [pool-215-thread-1] mapred.LocalJobRunner: Finishing task: attempt_local192518116_0049_r_000000_0
2024-04-24T05:22:37,668  INFO [Thread-3174] mapred.LocalJobRunner: reduce task executor complete.
2024-04-24 05:22:38,513 Stage-1 map = 100%,  reduce = 100%
2024-04-24T05:22:38,513  INFO [main] exec.Task: 2024-04-24 05:22:38,513 Stage-1 map = 100%,  reduce = 100%
Ended Job = job_local192518116_0049
2024-04-24T05:22:38,514  INFO [main] exec.Task: Ended Job = job_local192518116_0049
Launching Job 2 out of 2
2024-04-24T05:22:38,515  INFO [main] ql.Driver: Launching Job 2 out of 2
2024-04-24T05:22:38,639  INFO [main] ql.Driver: Starting task [Stage-3:MAPRED] in serial mode
Number of reduce tasks is set to 0 since there's no reduce operator
2024-04-24T05:22:38,639  INFO [main] exec.Task: Number of reduce tasks is set to 0 since there's no reduce operator
2024-04-24T05:22:38,642  INFO [main] mr.ExecDriver: Using org.apache.hadoop.hive.ql.io.HiveInputFormat
2024-04-24T05:22:38,642  INFO [main] exec.Utilities: Processing alias $hdt$_0-subquery2:acidtbl
2024-04-24T05:22:38,642  INFO [main] exec.Utilities: Adding 1 inputs; the first input is file:/home/alex/Repositories/hive/ql/target/tmp/org.apache.hadoop.hive.ql.TestTxnNoBuckets-1713961246971/warehouse/acidtbl
2024-04-24T05:22:38,651  INFO [main] exec.SerializationUtilities: Serializing MapWork using kryo
2024-04-24T05:22:38,652  INFO [main] exec.Utilities: Serialized plan (via FILE) - name: null size: 6,14KB
2024-04-24T05:22:38,652  WARN [main] impl.MetricsSystemImpl: JobTracker metrics system already initialized!
2024-04-24T05:22:38,658  WARN [main] impl.MetricsSystemImpl: JobTracker metrics system already initialized!
2024-04-24T05:22:38,664  WARN [main] mapreduce.JobResourceUploader: Hadoop command-line option parsing not performed. Implement the Tool interface and execute your application with ToolRunner to remedy this.
2024-04-24T05:22:38,668  WARN [main] mapreduce.JobResourceUploader: No job jar file set.  User classes may not be found. See Job or Job#setJar(String).
2024-04-24T05:22:38,669  INFO [main] io.HiveInputFormat: hive.io.file.readcolumn.ids = 0,1
2024-04-24T05:22:38,669  INFO [main] io.HiveInputFormat: hive.io.file.readcolumn.names = a,b
2024-04-24T05:22:38,669  INFO [main] io.HiveInputFormat: Generating splits for dirs: file:/home/alex/Repositories/hive/ql/target/tmp/org.apache.hadoop.hive.ql.TestTxnNoBuckets-1713961246971/warehouse/acidtbl
2024-04-24T05:22:38,670  INFO [main] orc.OrcInputFormat: getSplits started
2024-04-24T05:22:38,670  INFO [main] orc.OrcInputFormat: Context:: isAcid: true isVectorMode: false sarg: leaf-(BETWEEN a 5 7) minSplitSize: 1 maxSplitSize: 256000000 splitStrategy: HYBRID footerInSplits: false numBuckets: 2 numThreads: 10 cacheMemSize: 268435456 cacheStripeDetails: true useSoftReference: false writeIdList: default.acidtbl:1:9223372036854775807:: isTransactionalTable: true txnProperties: default 
2024-04-24T05:22:38,670  INFO [main] orc.OrcInputFormat: ORC pushdown predicate: leaf-(BETWEEN a 5 7)
2024-04-24T05:22:38,682  INFO [main] orc.OrcInputFormat: FooterCacheHitRatio: 0/2
2024-04-24T05:22:38,682  INFO [main] orc.OrcInputFormat: getSplits finished (#splits: 2). duration: 12 ms
2024-04-24T05:22:38,682  INFO [main] io.HiveInputFormat: number of splits 2
2024-04-24T05:22:38,699  INFO [main] mapreduce.JobSubmitter: number of splits:2
2024-04-24T05:22:38,717  INFO [main] mapreduce.JobSubmitter: Submitting tokens for job: job_local677670424_0050
2024-04-24T05:22:38,717  INFO [main] mapreduce.JobSubmitter: Executing with tokens: []
2024-04-24T05:22:38,774  INFO [main] mapreduce.Job: The url to track the job: http://localhost:8080/
Job running in-process (local Hadoop)
2024-04-24T05:22:38,774  INFO [main] exec.Task: Job running in-process (local Hadoop)
2024-04-24T05:22:38,774  INFO [Thread-3226] mapred.LocalJobRunner: OutputCommitter set in config org.apache.hadoop.hive.ql.io.HiveFileFormatUtils$NullOutputCommitter
2024-04-24T05:22:38,774  INFO [Thread-3226] mapred.LocalJobRunner: OutputCommitter is org.apache.hadoop.hive.ql.io.HiveFileFormatUtils$NullOutputCommitter
2024-04-24T05:22:38,776  INFO [Thread-3226] mapred.LocalJobRunner: Waiting for map tasks
2024-04-24T05:22:38,776  INFO [LocalJobRunner Map Task Executor #0] mapred.LocalJobRunner: Starting task: attempt_local677670424_0050_m_000000_0
2024-04-24T05:22:38,777  INFO [LocalJobRunner Map Task Executor #0] mapred.Task:  Using ResourceCalculatorProcessTree : [ ]
2024-04-24T05:22:38,778  INFO [LocalJobRunner Map Task Executor #0] mapred.MapTask: Processing split: org.apache.hadoop.hive.ql.io.orc.OrcInputFormat:OrcSplit [file:/home/alex/Repositories/hive/ql/target/tmp/org.apache.hadoop.hive.ql.TestTxnNoBuckets-1713961246971/warehouse/acidtbl/delta_0000001_0000001_0000/bucket_00001_0, start=0, length=704, isOriginal=false, fileLength=704, hasFooter=false, hasBase=true, deltas=0]
2024-04-24T05:22:38,778  INFO [LocalJobRunner Map Task Executor #0] exec.SerializationUtilities: Deserializing MapWork using kryo
2024-04-24T05:22:38,778  INFO [LocalJobRunner Map Task Executor #0] exec.Utilities: Deserialized plan (via FILE) - name: null size: 6,14KB
2024-04-24T05:22:38,779  INFO [LocalJobRunner Map Task Executor #0] orc.OrcInputFormat: ORC pushdown predicate: leaf-(BETWEEN a 5 7)
2024-04-24T05:22:38,779  INFO [LocalJobRunner Map Task Executor #0] orc.OrcRawRecordMerger: min key = null, max key = null
2024-04-24T05:22:38,779  INFO [LocalJobRunner Map Task Executor #0] orc.ReaderImpl: Reading ORC rows from file:/home/alex/Repositories/hive/ql/target/tmp/org.apache.hadoop.hive.ql.TestTxnNoBuckets-1713961246971/warehouse/acidtbl/delta_0000001_0000001_0000/bucket_00001_0 with {include: [true, true, true], offset: 0, length: 704, sarg: leaf-(BETWEEN a 5 7), schema: struct<a:int,b:int>, includeAcidColumns: true}
2024-04-24T05:22:38,780  INFO [LocalJobRunner Map Task Executor #0] orc.OrcRawRecordMerger: updated min key = null, max key = null
2024-04-24T05:22:38,780  INFO [LocalJobRunner Map Task Executor #0] mapred.MapTask: numReduceTasks: 0
2024-04-24T05:22:38,781  INFO [LocalJobRunner Map Task Executor #0] exec.MapOperator: Initializing Operator: MAP[0]
2024-04-24T05:22:38,782  INFO [LocalJobRunner Map Task Executor #0] mr.ExecMapper: 
<MAP>Id =0
  <Children>
    <TS>Id =7
      <Children>
        <FIL>Id =14
          <Children>
            <SEL>Id =9
              <Children>
                <FS>Id =18
                  <Children>
                  <\Children>
                  <Parent>Id = 9 null<\Parent>
                <\FS>
              <\Children>
              <Parent>Id = 14 null<\Parent>
            <\SEL>
          <\Children>
          <Parent>Id = 7 null<\Parent>
        <\FIL>
      <\Children>
      <Parent>Id = 0 null<\Parent>
    <\TS>
  <\Children>
  <Parent><\Parent>
<\MAP>
2024-04-24T05:22:38,782  INFO [LocalJobRunner Map Task Executor #0] exec.TableScanOperator: Initializing Operator: TS[7]
2024-04-24T05:22:38,782  INFO [LocalJobRunner Map Task Executor #0] exec.FilterOperator: Initializing Operator: FIL[14]
2024-04-24T05:22:38,782  INFO [LocalJobRunner Map Task Executor #0] exec.SelectOperator: Initializing Operator: SEL[9]
2024-04-24T05:22:38,782  INFO [LocalJobRunner Map Task Executor #0] exec.SelectOperator: SELECT struct<a:int,b:int>
2024-04-24T05:22:38,783  INFO [LocalJobRunner Map Task Executor #0] exec.FileSinkOperator: Initializing Operator: FS[18]
2024-04-24T05:22:38,783  INFO [LocalJobRunner Map Task Executor #0] exec.FileSinkOperator: Using serializer : AbstractSerDe [log=org.apache.logging.slf4j.Log4jLogger@5c8da227, configuration=Optional[Configuration: core-default.xml, core-site.xml, mapred-default.xml, mapred-site.xml, yarn-default.xml, yarn-site.xml, hdfs-default.xml, hdfs-site.xml, file:/home/alex/Repositories/hive/ql/target/tmp/TestTxnNoBuckets/mapred/local/localRunner/alex/job_local677670424_0050/job_local677670424_0050.xml], properties={name=default.t, columns.types=int:int, serialization.format=1, columns=a,b, numFilesErasureCoded=0, columns.comments=&amp#0;, bucketing_version=2, serialization.lib=org.apache.hadoop.hive.ql.io.orc.OrcSerde, file.inputformat=org.apache.hadoop.hive.ql.io.orc.OrcInputFormat, file.outputformat=org.apache.hadoop.hive.ql.io.orc.OrcOutputFormat, location=file:/home/alex/Repositories/hive/ql/target/tmp/org.apache.hadoop.hive.ql.TestTxnNoBuckets-1713961246971/warehouse/t, column.name.delimiter=,}, tableProperties={name=default.t, columns.types=int:int, serialization.format=1, columns=a,b, numFilesErasureCoded=0, columns.comments=&amp#0;, bucketing_version=2, serialization.lib=org.apache.hadoop.hive.ql.io.orc.OrcSerde, file.inputformat=org.apache.hadoop.hive.ql.io.orc.OrcInputFormat, location=file:/home/alex/Repositories/hive/ql/target/tmp/org.apache.hadoop.hive.ql.TestTxnNoBuckets-1713961246971/warehouse/t, file.outputformat=org.apache.hadoop.hive.ql.io.orc.OrcOutputFormat, column.name.delimiter=,}, partitionProperties=Optional.empty, columnNames=[a, b], columnTypes=[int, int], getClass()=class org.apache.hadoop.hive.ql.io.orc.OrcSerde] and formatter : org.apache.hadoop.hive.ql.io.orc.OrcOutputFormat@6477cf71
2024-04-24T05:22:38,784  INFO [LocalJobRunner Map Task Executor #0] exec.MapOperator: MAP[0]: records read - 1
2024-04-24T05:22:38,784  INFO [LocalJobRunner Map Task Executor #0] exec.FileSinkOperator: Final Path: FS file:/home/alex/Repositories/hive/ql/target/tmp/org.apache.hadoop.hive.ql.TestTxnNoBuckets-1713961246971/warehouse/t/.hive-staging_hive_2024-04-24_05-22-37_022_2565653809055380422-1/-ext-10000/_tmp.HIVE_UNION_SUBDIR_16/000000_0
2024-04-24T05:22:38,784  INFO [LocalJobRunner Map Task Executor #0] exec.FileSinkOperator: Writing to temp file: FS file:/home/alex/Repositories/hive/ql/target/tmp/org.apache.hadoop.hive.ql.TestTxnNoBuckets-1713961246971/warehouse/t/.hive-staging_hive_2024-04-24_05-22-37_022_2565653809055380422-1/-ext-10000/_task_tmp.HIVE_UNION_SUBDIR_16/_tmp.000000_0
2024-04-24T05:22:38,784  INFO [LocalJobRunner Map Task Executor #0] exec.FileSinkOperator: New Final Path: FS file:/home/alex/Repositories/hive/ql/target/tmp/org.apache.hadoop.hive.ql.TestTxnNoBuckets-1713961246971/warehouse/t/.hive-staging_hive_2024-04-24_05-22-37_022_2565653809055380422-1/-ext-10000/_tmp.HIVE_UNION_SUBDIR_16/000000_0
2024-04-24T05:22:38,784  INFO [LocalJobRunner Map Task Executor #0] exec.FileSinkOperator: FS[18]: records written - 1
2024-04-24T05:22:38,784  INFO [LocalJobRunner Map Task Executor #0] impl.PhysicalFsWriter: ORC writer created for path: file:/home/alex/Repositories/hive/ql/target/tmp/org.apache.hadoop.hive.ql.TestTxnNoBuckets-1713961246971/warehouse/t/.hive-staging_hive_2024-04-24_05-22-37_022_2565653809055380422-1/-ext-10000/_task_tmp.HIVE_UNION_SUBDIR_16/_tmp.000000_0 with stripeSize: 67108864 blockSize: 268435456 compression: Compress: ZLIB buffer: 262144
2024-04-24T05:22:38,791  INFO [LocalJobRunner Map Task Executor #0] impl.WriterImpl: ORC writer created for path: file:/home/alex/Repositories/hive/ql/target/tmp/org.apache.hadoop.hive.ql.TestTxnNoBuckets-1713961246971/warehouse/t/.hive-staging_hive_2024-04-24_05-22-37_022_2565653809055380422-1/-ext-10000/_task_tmp.HIVE_UNION_SUBDIR_16/_tmp.000000_0 with stripeSize: 67108864 options: Compress: ZLIB buffer: 262144
2024-04-24T05:22:38,792  INFO [LocalJobRunner Map Task Executor #0] exec.MapOperator: Closing Operator: MAP[0]
2024-04-24T05:22:38,792  INFO [LocalJobRunner Map Task Executor #0] exec.MapOperator: MAP[0]: Total records read - 3. abort - false
2024-04-24T05:22:38,792  INFO [LocalJobRunner Map Task Executor #0] exec.MapOperator: DESERIALIZE_ERRORS:0, RECORDS_IN:3, RECORDS_OUT_INTERMEDIATE:0, RECORDS_OUT_OPERATOR_MAP_0:0, 
2024-04-24T05:22:38,792  INFO [LocalJobRunner Map Task Executor #0] exec.TableScanOperator: Closing Operator: TS[7]
2024-04-24T05:22:38,792  INFO [LocalJobRunner Map Task Executor #0] exec.TableScanOperator: RECORDS_OUT_INTERMEDIATE:0, RECORDS_OUT_OPERATOR_TS_7:3, 
2024-04-24T05:22:38,792  INFO [LocalJobRunner Map Task Executor #0] exec.FilterOperator: Closing Operator: FIL[14]
2024-04-24T05:22:38,792  INFO [LocalJobRunner Map Task Executor #0] exec.FilterOperator: RECORDS_OUT_INTERMEDIATE:0, RECORDS_OUT_OPERATOR_FIL_14:1, 
2024-04-24T05:22:38,792  INFO [LocalJobRunner Map Task Executor #0] exec.SelectOperator: Closing Operator: SEL[9]
2024-04-24T05:22:38,792  INFO [LocalJobRunner Map Task Executor #0] exec.SelectOperator: RECORDS_OUT_OPERATOR_SEL_9:1, RECORDS_OUT_INTERMEDIATE:0, 
2024-04-24T05:22:38,792  INFO [LocalJobRunner Map Task Executor #0] exec.FileSinkOperator: Closing Operator: FS[18]
2024-04-24T05:22:38,792  INFO [LocalJobRunner Map Task Executor #0] exec.FileSinkOperator: FS[18]: records written - 1
2024-04-24T05:22:38,794  INFO [LocalJobRunner Map Task Executor #0] exec.FileSinkOperator: TOTAL_TABLE_ROWS_WRITTEN:1, RECORDS_OUT_1_default.t:1, RECORDS_OUT_OPERATOR_FS_18:1, RECORDS_OUT_INTERMEDIATE:0, 
2024-04-24T05:22:38,794  INFO [LocalJobRunner Map Task Executor #0] mapred.LocalJobRunner: 
2024-04-24T05:22:38,794  INFO [LocalJobRunner Map Task Executor #0] mapred.Task: Task:attempt_local677670424_0050_m_000000_0 is done. And is in the process of committing
2024-04-24T05:22:38,795  INFO [LocalJobRunner Map Task Executor #0] mapred.LocalJobRunner: OrcSplit [file:/home/alex/Repositories/hive/ql/target/tmp/org.apache.hadoop.hive.ql.TestTxnNoBuckets-1713961246971/warehouse/acidtbl/delta_0000001_0000001_0000/bucket_00001_0, start=0, length=704, isOriginal=false, fileLength=704, hasFooter=false, hasBase=true, deltas=0]
2024-04-24T05:22:38,795  INFO [LocalJobRunner Map Task Executor #0] mapred.Task: Task 'attempt_local677670424_0050_m_000000_0' done.
2024-04-24T05:22:38,795  INFO [LocalJobRunner Map Task Executor #0] mapred.Task: Final Counters for attempt_local677670424_0050_m_000000_0: Counters: 26
	File System Counters
		FILE: Number of bytes read=1131311
		FILE: Number of bytes written=58895457
		FILE: Number of read operations=0
		FILE: Number of large read operations=0
		FILE: Number of write operations=0
	Map-Reduce Framework
		Map input records=3
		Map output records=0
		Input split bytes=497
		Spilled Records=0
		Failed Shuffles=0
		Merged Map outputs=0
		GC time elapsed (ms)=0
		Total committed heap usage (bytes)=1247805440
	HIVE
		CREATED_FILES=1
		DESERIALIZE_ERRORS=0
		RECORDS_IN=3
		RECORDS_OUT_1_default.t=1
		RECORDS_OUT_INTERMEDIATE=0
		RECORDS_OUT_OPERATOR_FIL_14=1
		RECORDS_OUT_OPERATOR_FS_18=1
		RECORDS_OUT_OPERATOR_MAP_0=0
		RECORDS_OUT_OPERATOR_SEL_9=1
		RECORDS_OUT_OPERATOR_TS_7=3
		TOTAL_TABLE_ROWS_WRITTEN=1
	File Input Format Counters 
		Bytes Read=9818
	File Output Format Counters 
		Bytes Written=0
2024-04-24T05:22:38,795  INFO [LocalJobRunner Map Task Executor #0] mapred.LocalJobRunner: Finishing task: attempt_local677670424_0050_m_000000_0
2024-04-24T05:22:38,795  INFO [LocalJobRunner Map Task Executor #0] mapred.LocalJobRunner: Starting task: attempt_local677670424_0050_m_000001_0
2024-04-24T05:22:38,795  INFO [LocalJobRunner Map Task Executor #0] mapred.Task:  Using ResourceCalculatorProcessTree : [ ]
2024-04-24T05:22:38,796  INFO [LocalJobRunner Map Task Executor #0] mapred.MapTask: Processing split: org.apache.hadoop.hive.ql.io.orc.OrcInputFormat:OrcSplit [file:/home/alex/Repositories/hive/ql/target/tmp/org.apache.hadoop.hive.ql.TestTxnNoBuckets-1713961246971/warehouse/acidtbl/delta_0000001_0000001_0000/bucket_00000_0, start=0, length=688, isOriginal=false, fileLength=688, hasFooter=false, hasBase=true, deltas=0]
2024-04-24T05:22:38,796  INFO [LocalJobRunner Map Task Executor #0] exec.SerializationUtilities: Deserializing MapWork using kryo
2024-04-24T05:22:38,797  INFO [LocalJobRunner Map Task Executor #0] exec.Utilities: Deserialized plan (via FILE) - name: null size: 6,14KB
2024-04-24T05:22:38,797  INFO [LocalJobRunner Map Task Executor #0] orc.OrcInputFormat: ORC pushdown predicate: leaf-(BETWEEN a 5 7)
2024-04-24T05:22:38,798  INFO [LocalJobRunner Map Task Executor #0] orc.OrcRawRecordMerger: min key = null, max key = null
2024-04-24T05:22:38,798  INFO [LocalJobRunner Map Task Executor #0] orc.ReaderImpl: Reading ORC rows from file:/home/alex/Repositories/hive/ql/target/tmp/org.apache.hadoop.hive.ql.TestTxnNoBuckets-1713961246971/warehouse/acidtbl/delta_0000001_0000001_0000/bucket_00000_0 with {include: [true, true, true], offset: 0, length: 688, sarg: leaf-(BETWEEN a 5 7), schema: struct<a:int,b:int>, includeAcidColumns: true}
2024-04-24T05:22:38,798  INFO [LocalJobRunner Map Task Executor #0] orc.OrcRawRecordMerger: updated min key = null, max key = null
2024-04-24T05:22:38,799  INFO [LocalJobRunner Map Task Executor #0] mapred.MapTask: numReduceTasks: 0
2024-04-24T05:22:38,799  INFO [LocalJobRunner Map Task Executor #0] exec.MapOperator: Initializing Operator: MAP[0]
2024-04-24T05:22:38,800  INFO [LocalJobRunner Map Task Executor #0] mr.ExecMapper: 
<MAP>Id =0
  <Children>
    <TS>Id =7
      <Children>
        <FIL>Id =14
          <Children>
            <SEL>Id =9
              <Children>
                <FS>Id =18
                  <Children>
                  <\Children>
                  <Parent>Id = 9 null<\Parent>
                <\FS>
              <\Children>
              <Parent>Id = 14 null<\Parent>
            <\SEL>
          <\Children>
          <Parent>Id = 7 null<\Parent>
        <\FIL>
      <\Children>
      <Parent>Id = 0 null<\Parent>
    <\TS>
  <\Children>
  <Parent><\Parent>
<\MAP>
2024-04-24T05:22:38,800  INFO [LocalJobRunner Map Task Executor #0] exec.TableScanOperator: Initializing Operator: TS[7]
2024-04-24T05:22:38,800  INFO [LocalJobRunner Map Task Executor #0] exec.FilterOperator: Initializing Operator: FIL[14]
2024-04-24T05:22:38,801  INFO [LocalJobRunner Map Task Executor #0] exec.SelectOperator: Initializing Operator: SEL[9]
2024-04-24T05:22:38,801  INFO [LocalJobRunner Map Task Executor #0] exec.SelectOperator: SELECT struct<a:int,b:int>
2024-04-24T05:22:38,801  INFO [LocalJobRunner Map Task Executor #0] exec.FileSinkOperator: Initializing Operator: FS[18]
2024-04-24T05:22:38,802  INFO [LocalJobRunner Map Task Executor #0] exec.FileSinkOperator: Using serializer : AbstractSerDe [log=org.apache.logging.slf4j.Log4jLogger@5c8da227, configuration=Optional[Configuration: core-default.xml, core-site.xml, mapred-default.xml, mapred-site.xml, yarn-default.xml, yarn-site.xml, hdfs-default.xml, hdfs-site.xml, file:/home/alex/Repositories/hive/ql/target/tmp/TestTxnNoBuckets/mapred/local/localRunner/alex/job_local677670424_0050/job_local677670424_0050.xml], properties={name=default.t, columns.types=int:int, serialization.format=1, columns=a,b, numFilesErasureCoded=0, columns.comments=&amp#0;, bucketing_version=2, serialization.lib=org.apache.hadoop.hive.ql.io.orc.OrcSerde, file.inputformat=org.apache.hadoop.hive.ql.io.orc.OrcInputFormat, file.outputformat=org.apache.hadoop.hive.ql.io.orc.OrcOutputFormat, location=file:/home/alex/Repositories/hive/ql/target/tmp/org.apache.hadoop.hive.ql.TestTxnNoBuckets-1713961246971/warehouse/t, column.name.delimiter=,}, tableProperties={name=default.t, columns.types=int:int, serialization.format=1, columns=a,b, numFilesErasureCoded=0, columns.comments=&amp#0;, bucketing_version=2, serialization.lib=org.apache.hadoop.hive.ql.io.orc.OrcSerde, file.inputformat=org.apache.hadoop.hive.ql.io.orc.OrcInputFormat, location=file:/home/alex/Repositories/hive/ql/target/tmp/org.apache.hadoop.hive.ql.TestTxnNoBuckets-1713961246971/warehouse/t, file.outputformat=org.apache.hadoop.hive.ql.io.orc.OrcOutputFormat, column.name.delimiter=,}, partitionProperties=Optional.empty, columnNames=[a, b], columnTypes=[int, int], getClass()=class org.apache.hadoop.hive.ql.io.orc.OrcSerde] and formatter : org.apache.hadoop.hive.ql.io.orc.OrcOutputFormat@7d5c454b
2024-04-24T05:22:38,802  INFO [LocalJobRunner Map Task Executor #0] exec.MapOperator: MAP[0]: records read - 1
2024-04-24T05:22:38,802  INFO [LocalJobRunner Map Task Executor #0] exec.FileSinkOperator: Final Path: FS file:/home/alex/Repositories/hive/ql/target/tmp/org.apache.hadoop.hive.ql.TestTxnNoBuckets-1713961246971/warehouse/t/.hive-staging_hive_2024-04-24_05-22-37_022_2565653809055380422-1/-ext-10000/_tmp.HIVE_UNION_SUBDIR_16/000001_0
2024-04-24T05:22:38,802  INFO [LocalJobRunner Map Task Executor #0] exec.FileSinkOperator: Writing to temp file: FS file:/home/alex/Repositories/hive/ql/target/tmp/org.apache.hadoop.hive.ql.TestTxnNoBuckets-1713961246971/warehouse/t/.hive-staging_hive_2024-04-24_05-22-37_022_2565653809055380422-1/-ext-10000/_task_tmp.HIVE_UNION_SUBDIR_16/_tmp.000001_0
2024-04-24T05:22:38,802  INFO [LocalJobRunner Map Task Executor #0] exec.FileSinkOperator: New Final Path: FS file:/home/alex/Repositories/hive/ql/target/tmp/org.apache.hadoop.hive.ql.TestTxnNoBuckets-1713961246971/warehouse/t/.hive-staging_hive_2024-04-24_05-22-37_022_2565653809055380422-1/-ext-10000/_tmp.HIVE_UNION_SUBDIR_16/000001_0
2024-04-24T05:22:38,802  INFO [LocalJobRunner Map Task Executor #0] exec.FileSinkOperator: FS[18]: records written - 1
2024-04-24T05:22:38,802  INFO [LocalJobRunner Map Task Executor #0] impl.PhysicalFsWriter: ORC writer created for path: file:/home/alex/Repositories/hive/ql/target/tmp/org.apache.hadoop.hive.ql.TestTxnNoBuckets-1713961246971/warehouse/t/.hive-staging_hive_2024-04-24_05-22-37_022_2565653809055380422-1/-ext-10000/_task_tmp.HIVE_UNION_SUBDIR_16/_tmp.000001_0 with stripeSize: 67108864 blockSize: 268435456 compression: Compress: ZLIB buffer: 262144
2024-04-24T05:22:38,807  INFO [LocalJobRunner Map Task Executor #0] impl.WriterImpl: ORC writer created for path: file:/home/alex/Repositories/hive/ql/target/tmp/org.apache.hadoop.hive.ql.TestTxnNoBuckets-1713961246971/warehouse/t/.hive-staging_hive_2024-04-24_05-22-37_022_2565653809055380422-1/-ext-10000/_task_tmp.HIVE_UNION_SUBDIR_16/_tmp.000001_0 with stripeSize: 67108864 options: Compress: ZLIB buffer: 262144
2024-04-24T05:22:38,807  INFO [LocalJobRunner Map Task Executor #0] exec.MapOperator: Closing Operator: MAP[0]
2024-04-24T05:22:38,807  INFO [LocalJobRunner Map Task Executor #0] exec.MapOperator: MAP[0]: Total records read - 2. abort - false
2024-04-24T05:22:38,807  INFO [LocalJobRunner Map Task Executor #0] exec.MapOperator: RECORDS_OUT_INTERMEDIATE:0, RECORDS_OUT_OPERATOR_MAP_0:0, RECORDS_IN:2, DESERIALIZE_ERRORS:0, 
2024-04-24T05:22:38,807  INFO [LocalJobRunner Map Task Executor #0] exec.TableScanOperator: Closing Operator: TS[7]
2024-04-24T05:22:38,807  INFO [LocalJobRunner Map Task Executor #0] exec.TableScanOperator: RECORDS_OUT_INTERMEDIATE:0, RECORDS_OUT_OPERATOR_TS_7:2, 
2024-04-24T05:22:38,807  INFO [LocalJobRunner Map Task Executor #0] exec.FilterOperator: Closing Operator: FIL[14]
2024-04-24T05:22:38,807  INFO [LocalJobRunner Map Task Executor #0] exec.FilterOperator: RECORDS_OUT_OPERATOR_FIL_14:1, RECORDS_OUT_INTERMEDIATE:0, 
2024-04-24T05:22:38,807  INFO [LocalJobRunner Map Task Executor #0] exec.SelectOperator: Closing Operator: SEL[9]
2024-04-24T05:22:38,807  INFO [LocalJobRunner Map Task Executor #0] exec.SelectOperator: RECORDS_OUT_OPERATOR_SEL_9:1, RECORDS_OUT_INTERMEDIATE:0, 
2024-04-24T05:22:38,807  INFO [LocalJobRunner Map Task Executor #0] exec.FileSinkOperator: Closing Operator: FS[18]
2024-04-24T05:22:38,807  INFO [LocalJobRunner Map Task Executor #0] exec.FileSinkOperator: FS[18]: records written - 1
2024-04-24T05:22:38,809  INFO [LocalJobRunner Map Task Executor #0] exec.FileSinkOperator: RECORDS_OUT_INTERMEDIATE:0, RECORDS_OUT_1_default.t:1, TOTAL_TABLE_ROWS_WRITTEN:1, RECORDS_OUT_OPERATOR_FS_18:1, 
2024-04-24T05:22:38,809  INFO [LocalJobRunner Map Task Executor #0] mapred.LocalJobRunner: 
2024-04-24T05:22:38,810  INFO [LocalJobRunner Map Task Executor #0] mapred.Task: Task:attempt_local677670424_0050_m_000001_0 is done. And is in the process of committing
2024-04-24T05:22:38,810  INFO [LocalJobRunner Map Task Executor #0] mapred.LocalJobRunner: OrcSplit [file:/home/alex/Repositories/hive/ql/target/tmp/org.apache.hadoop.hive.ql.TestTxnNoBuckets-1713961246971/warehouse/acidtbl/delta_0000001_0000001_0000/bucket_00000_0, start=0, length=688, isOriginal=false, fileLength=688, hasFooter=false, hasBase=true, deltas=0]
2024-04-24T05:22:38,810  INFO [LocalJobRunner Map Task Executor #0] mapred.Task: Task 'attempt_local677670424_0050_m_000001_0' done.
2024-04-24T05:22:38,810  INFO [LocalJobRunner Map Task Executor #0] mapred.Task: Final Counters for attempt_local677670424_0050_m_000001_0: Counters: 26
	File System Counters
		FILE: Number of bytes read=1142066
		FILE: Number of bytes written=58895743
		FILE: Number of read operations=0
		FILE: Number of large read operations=0
		FILE: Number of write operations=0
	Map-Reduce Framework
		Map input records=2
		Map output records=0
		Input split bytes=497
		Spilled Records=0
		Failed Shuffles=0
		Merged Map outputs=0
		GC time elapsed (ms)=0
		Total committed heap usage (bytes)=1247805440
	HIVE
		CREATED_FILES=1
		DESERIALIZE_ERRORS=0
		RECORDS_IN=2
		RECORDS_OUT_1_default.t=1
		RECORDS_OUT_INTERMEDIATE=0
		RECORDS_OUT_OPERATOR_FIL_14=1
		RECORDS_OUT_OPERATOR_FS_18=1
		RECORDS_OUT_OPERATOR_MAP_0=0
		RECORDS_OUT_OPERATOR_SEL_9=1
		RECORDS_OUT_OPERATOR_TS_7=2
		TOTAL_TABLE_ROWS_WRITTEN=1
	File Input Format Counters 
		Bytes Read=9738
	File Output Format Counters 
		Bytes Written=0
2024-04-24T05:22:38,810  INFO [LocalJobRunner Map Task Executor #0] mapred.LocalJobRunner: Finishing task: attempt_local677670424_0050_m_000001_0
2024-04-24T05:22:38,810  INFO [Thread-3226] mapred.LocalJobRunner: map task executor complete.
2024-04-24 05:22:39,776 Stage-3 map = 100%,  reduce = 0%
2024-04-24T05:22:39,776  INFO [main] exec.Task: 2024-04-24 05:22:39,776 Stage-3 map = 100%,  reduce = 0%
Ended Job = job_local677670424_0050
2024-04-24T05:22:39,778  INFO [main] exec.Task: Ended Job = job_local677670424_0050
2024-04-24T05:22:39,782  INFO [main] ql.Driver: Starting task [Stage-0:MOVE] in serial mode
Loading data to table default.t
2024-04-24T05:22:39,783  INFO [main] exec.Task: Loading data to table default.t from file:/home/alex/Repositories/hive/ql/target/tmp/org.apache.hadoop.hive.ql.TestTxnNoBuckets-1713961246971/warehouse/t/.hive-staging_hive_2024-04-24_05-22-37_022_2565653809055380422-1/-ext-10000
2024-04-24T05:22:39,783  INFO [main] HiveMetaStore.audit: ugi=alex	ip=unknown-ip-addr	cmd=get_table : tbl=hive.default.t	
2024-04-24T05:22:39,812  INFO [main] metastore.HMSHandler: Skipping translation for processor with null
2024-04-24T05:22:39,812  INFO [main] HiveMetaStore.audit: ugi=alex	ip=unknown-ip-addr	cmd=get_table : tbl=hive.default.t	
2024-04-24T05:22:39,827  INFO [main] metastore.HMSHandler: Skipping translation for processor with null
2024-04-24T05:22:39,829  WARN [main] metadata.Hive: Cannot get a table snapshot for t
2024-04-24T05:22:39,829  INFO [main] HiveMetaStore.audit: ugi=alex	ip=unknown-ip-addr	cmd=alter_table: hive.default.t newtbl=t	
2024-04-24T05:22:39,851  INFO [main] ql.Driver: Starting task [Stage-2:STATS] in serial mode
2024-04-24T05:22:39,851  INFO [main] HiveMetaStore.audit: ugi=alex	ip=unknown-ip-addr	cmd=get_table : tbl=hive.default.t	
2024-04-24T05:22:39,858  INFO [main] metastore.HMSHandler: Skipping translation for processor with null
2024-04-24T05:22:39,858  INFO [main] stats.BasicStatsTask: Executing stats task
2024-04-24T05:22:39,858  INFO [main] fs.FSStatsPublisher: created : file:/home/alex/Repositories/hive/ql/target/tmp/localscratchdir/60b21767-3741-46b4-add5-ecda5376357f/hive_2024-04-24_05-22-37_022_2565653809055380422-1/-mr-10001
2024-04-24T05:22:39,859  INFO [main] HiveMetaStore.audit: ugi=alex	ip=unknown-ip-addr	cmd=get_table : tbl=hive.default.t	
2024-04-24T05:22:39,868  INFO [main] metastore.HMSHandler: Skipping translation for processor with null
2024-04-24T05:22:39,869  INFO [main] FileOperations: Read stats for default.t/, numRows, true, 2, false: 
2024-04-24T05:22:39,869  INFO [main] FileOperations: Read stats for default.t/, rawDataSize, true, 16, false: 
2024-04-24T05:22:39,869  WARN [main] metadata.Hive: Cannot get a table snapshot for t
2024-04-24T05:22:39,869  INFO [main] HiveMetaStore.audit: ugi=alex	ip=unknown-ip-addr	cmd=alter_table: hive.default.t newtbl=t	
2024-04-24T05:22:39,892  INFO [main] stats.BasicStatsTask: Table default.t stats: [numFiles=7, numRows=8, totalSize=1789, rawDataSize=64, numFilesErasureCoded=0]
2024-04-24T05:22:39,892  INFO [main] metadata.Hive: Dumping metastore api call timing information for : execution phase
2024-04-24T05:22:39,892  INFO [main] metadata.Hive: Total time spent in each metastore function (ms): {getTable_(GetTableRequest)=60, alter_table_(String, String, String, Table, EnvironmentContext, String)=43, isCompatibleWith_(Configuration)=1}
MapReduce Jobs Launched: 
2024-04-24T05:22:39,892  INFO [main] ql.Driver: MapReduce Jobs Launched: 
Stage-Stage-1:  HDFS Read: 0 HDFS Write: 0 SUCCESS
2024-04-24T05:22:39,892  INFO [main] ql.Driver: Stage-Stage-1:  HDFS Read: 0 HDFS Write: 0 SUCCESS
Stage-Stage-3:  HDFS Read: 0 HDFS Write: 0 SUCCESS
2024-04-24T05:22:39,892  INFO [main] ql.Driver: Stage-Stage-3:  HDFS Read: 0 HDFS Write: 0 SUCCESS
Total MapReduce CPU Time Spent: 0 msec
2024-04-24T05:22:39,892  INFO [main] ql.Driver: Total MapReduce CPU Time Spent: 0 msec
2024-04-24T05:22:39,892  INFO [main] ql.Driver: Completed executing command(queryId=alex_20240424052237_f4520b97-d540-4fab-802e-cbe8a67fabe3); Time taken: 2.65 seconds
2024-04-24T05:22:39,892  INFO [main] lockmgr.DbTxnManager: Stopped heartbeat for query: alex_20240424052237_f4520b97-d540-4fab-802e-cbe8a67fabe3
2024-04-24T05:22:39,896  INFO [main] txn.TxnHandler: Expected to move at least one record from txn_components to completed_txn_components when committing txn! txnid:19
2024-04-24T05:22:39,901  INFO [main] txn.TxnHandler: Removed transactions: ([19]) from MIN_HISTORY_LEVEL
2024-04-24T05:22:39,901  WARN [main] txn.CompactionTxnHandler: No compaction queue record found for Compaction type transaction commit. txnId:19
2024-04-24T05:22:39,901  INFO [main] ql.TxnCommandsBaseForTests: Running the query: select a, b, INPUT__FILE__NAME from T order by a, b, INPUT__FILE__NAME
2024-04-24T05:22:39,901  INFO [main] ql.Context: Deleting scratch dir: file:/home/alex/Repositories/hive/ql/target/tmp/org.apache.hadoop.hive.ql.TestTxnNoBuckets-1713961246971/warehouse/t/.hive-staging_hive_2024-04-24_05-22-37_022_2565653809055380422-1
2024-04-24T05:22:39,902  INFO [main] cleanup.SyncCleanupService: Deleted directory: file:/home/alex/Repositories/hive/ql/target/tmp/org.apache.hadoop.hive.ql.TestTxnNoBuckets-1713961246971/warehouse/t/.hive-staging_hive_2024-04-24_05-22-37_022_2565653809055380422-1 on fs with scheme file
2024-04-24T05:22:39,902  INFO [main] ql.Context: Deleting scratch dir: file:/home/alex/Repositories/hive/ql/target/tmp/localscratchdir/60b21767-3741-46b4-add5-ecda5376357f/hive_2024-04-24_05-22-37_022_2565653809055380422-1
2024-04-24T05:22:39,902  INFO [main] cleanup.SyncCleanupService: Deleted directory: file:/home/alex/Repositories/hive/ql/target/tmp/localscratchdir/60b21767-3741-46b4-add5-ecda5376357f/hive_2024-04-24_05-22-37_022_2565653809055380422-1 on fs with scheme file
2024-04-24T05:22:39,902  INFO [main] ql.Driver: Compiling command(queryId=alex_20240424052237_f4520b97-d540-4fab-802e-cbe8a67fabe3): select a, b, INPUT__FILE__NAME from T order by a, b, INPUT__FILE__NAME
2024-04-24T05:22:39,905  INFO [main] txn.TxnHandler: Added entries to MIN_HISTORY_LEVEL for current txns: ([20]) with min_open_txn: 20
2024-04-24T05:22:39,905  INFO [main] lockmgr.DbTxnManager: Opened txnid:20
2024-04-24T05:22:39,906  INFO [main] parse.CalcitePlanner: Starting caching scope for: alex_20240424052237_f4520b97-d540-4fab-802e-cbe8a67fabe3
2024-04-24T05:22:39,906  INFO [main] parse.CalcitePlanner: Starting Semantic Analysis
2024-04-24T05:22:39,908  INFO [main] parse.CalcitePlanner: Completed phase 1 of Semantic Analysis
2024-04-24T05:22:39,908  INFO [main] parse.CalcitePlanner: Get metadata for source tables
2024-04-24T05:22:39,908  INFO [main] HiveMetaStore.audit: ugi=alex	ip=unknown-ip-addr	cmd=get_table : tbl=hive.default.t	
2024-04-24T05:22:39,916  INFO [main] metastore.HMSHandler: Skipping translation for processor with null
2024-04-24T05:22:39,916  INFO [main] parse.CalcitePlanner: Get metadata for subqueries
2024-04-24T05:22:39,917  INFO [main] parse.CalcitePlanner: Get metadata for destination tables
2024-04-24T05:22:39,917  INFO [main] parse.CalcitePlanner: Completed getting MetaData in Semantic Analysis
2024-04-24T05:22:39,927  INFO [main] HiveMetaStore.audit: ugi=alex	ip=unknown-ip-addr	cmd=get_all_table_constraints : tbl=hive.default.t	
2024-04-24T05:22:39,935  INFO [main] calcite.RelOptHiveTable: Calculating column statistics for default.t, projIndxSet: [0, 1], allowMissingStats: true
2024-04-24T05:22:39,935  INFO [main] HiveMetaStore.audit: ugi=alex	ip=unknown-ip-addr	cmd=get_table_statistics_req: table=hive.default.t	
2024-04-24T05:22:39,945  WARN [main] calcite.RelOptHiveTable: No Stats for default@t, Columns: a, b
No Stats for default@t, Columns: a, b
2024-04-24T05:22:39,945  INFO [main] SessionState: No Stats for default@t, Columns: a, b
2024-04-24T05:22:39,982  INFO [main] parse.CalcitePlanner: Get metadata for source tables
2024-04-24T05:22:39,983  INFO [main] parse.CalcitePlanner: Get metadata for subqueries
2024-04-24T05:22:39,983  INFO [main] parse.CalcitePlanner: Get metadata for destination tables
2024-04-24T05:22:39,984  INFO [main] common.FileUtils: Creating directory if it doesn't exist: file:/home/alex/Repositories/hive/ql/target/tmp/localscratchdir/60b21767-3741-46b4-add5-ecda5376357f/hive_2024-04-24_05-22-39_902_988590716674162708-1/-mr-10001/.hive-staging_hive_2024-04-24_05-22-39_902_988590716674162708-1
2024-04-24T05:22:39,992  INFO [main] parse.CalcitePlanner: CBO Succeeded; optimized logical plan.
2024-04-24T05:22:39,994  INFO [main] optimizer.ColumnPrunerProcFactory: RS 2 oldColExprMap: {KEY.reducesinkkey2=Column[_col2], KEY.reducesinkkey0=Column[_col0], KEY.reducesinkkey1=Column[_col1]}
2024-04-24T05:22:39,994  INFO [main] optimizer.ColumnPrunerProcFactory: RS 2 newColExprMap: {KEY.reducesinkkey1=Column[_col1], KEY.reducesinkkey0=Column[_col0], KEY.reducesinkkey2=Column[_col2]}
2024-04-24T05:22:39,995  INFO [main] optimizer.BucketVersionPopulator: not considering bucketingVersion for: TS[0] because it has -1<2 buckets 
2024-04-24T05:22:39,995  INFO [main] optimizer.SortedDynPartitionOptimizer: Sorted dynamic partitioning optimization kicked in..
2024-04-24T05:22:40,004  INFO [main] parse.CalcitePlanner: Completed plan generation
2024-04-24T05:22:40,004  INFO [main] parse.CalcitePlanner: Ending caching scope for: alex_20240424052237_f4520b97-d540-4fab-802e-cbe8a67fabe3
2024-04-24T05:22:40,004  INFO [main] ql.Driver: Semantic Analysis Completed (retrial = false)
2024-04-24T05:22:40,004  INFO [main] ql.Driver: Created Hive schema: Schema(fieldSchemas:[FieldSchema(name:a, type:int, comment:null), FieldSchema(name:b, type:int, comment:null), FieldSchema(name:input__file__name, type:string, comment:null)], properties:null)
2024-04-24T05:22:40,005  INFO [main] exec.ListSinkOperator: Initializing Operator: LIST_SINK[5]
2024-04-24T05:22:40,005  INFO [main] metadata.Hive: Dumping metastore api call timing information for : compilation phase
2024-04-24T05:22:40,005  INFO [main] metadata.Hive: Total time spent in each metastore function (ms): {getValidWriteIds_(List, String)=1, getTableColumnStatistics_(String, String, List, String)=10, flushCache_()=0, openTxn_(String, TxnType)=2, getValidTxns_(long)=1, isCompatibleWith_(Configuration)=0, commitTxn_(CommitTxnRequest)=8, getTable_(GetTableRequest)=8, getAllTableConstraints_(AllTableConstraintsRequest)=4}
2024-04-24T05:22:40,006  INFO [main] ql.Driver: Completed compiling command(queryId=alex_20240424052237_f4520b97-d540-4fab-802e-cbe8a67fabe3); Time taken: 0.103 seconds
2024-04-24T05:22:40,006  INFO [main] lockmgr.DbTxnManager: Setting lock request transaction to txnid:20 for queryId=alex_20240424052237_f4520b97-d540-4fab-802e-cbe8a67fabe3
2024-04-24T05:22:40,006  INFO [main] lockmgr.DbLockManager: Requesting lock for queryId=alex_20240424052237_f4520b97-d540-4fab-802e-cbe8a67fabe3
2024-04-24T05:22:40,019  INFO [main] lockmgr.DbLockManager: Response to queryId=alex_20240424052237_f4520b97-d540-4fab-802e-cbe8a67fabe3 LockResponse(lockid:14, state:ACQUIRED)
2024-04-24T05:22:40,019  INFO [main] ql.Driver: Operation QUERY obtained 1 locks
2024-04-24T05:22:40,019  INFO [main] ql.Driver: Executing command(queryId=alex_20240424052237_f4520b97-d540-4fab-802e-cbe8a67fabe3): select a, b, INPUT__FILE__NAME from T order by a, b, INPUT__FILE__NAME
2024-04-24T05:22:40,019  WARN [main] ql.Driver: Hive-on-MR is deprecated in Hive 2 and may not be available in the future versions. Consider using a different execution engine (i.e. spark, tez) or using Hive 1.X releases.
Query ID = alex_20240424052237_f4520b97-d540-4fab-802e-cbe8a67fabe3
2024-04-24T05:22:40,019  INFO [main] ql.Driver: Query ID = alex_20240424052237_f4520b97-d540-4fab-802e-cbe8a67fabe3
Total jobs = 1
2024-04-24T05:22:40,019  INFO [main] ql.Driver: Total jobs = 1
Launching Job 1 out of 1
2024-04-24T05:22:40,019  INFO [main] ql.Driver: Launching Job 1 out of 1
2024-04-24T05:22:40,139  INFO [main] ql.Driver: Starting task [Stage-1:MAPRED] in serial mode
Number of reduce tasks determined at compile time: 1
2024-04-24T05:22:40,139  INFO [main] exec.Task: Number of reduce tasks determined at compile time: 1
In order to change the average load for a reducer (in bytes):
2024-04-24T05:22:40,139  INFO [main] exec.Task: In order to change the average load for a reducer (in bytes):
  set hive.exec.reducers.bytes.per.reducer=<number>
2024-04-24T05:22:40,139  INFO [main] exec.Task:   set hive.exec.reducers.bytes.per.reducer=<number>
In order to limit the maximum number of reducers:
2024-04-24T05:22:40,139  INFO [main] exec.Task: In order to limit the maximum number of reducers:
  set hive.exec.reducers.max=<number>
2024-04-24T05:22:40,139  INFO [main] exec.Task:   set hive.exec.reducers.max=<number>
In order to set a constant number of reducers:
2024-04-24T05:22:40,139  INFO [main] exec.Task: In order to set a constant number of reducers:
  set mapreduce.job.reduces=<number>
2024-04-24T05:22:40,139  INFO [main] exec.Task:   set mapreduce.job.reduces=<number>
2024-04-24T05:22:40,141  INFO [main] mr.ExecDriver: Using org.apache.hadoop.hive.ql.io.HiveInputFormat
2024-04-24T05:22:40,141  INFO [main] exec.Utilities: Processing alias t
2024-04-24T05:22:40,141  INFO [main] exec.Utilities: Adding 1 inputs; the first input is file:/home/alex/Repositories/hive/ql/target/tmp/org.apache.hadoop.hive.ql.TestTxnNoBuckets-1713961246971/warehouse/t
2024-04-24T05:22:40,150  INFO [main] exec.SerializationUtilities: Serializing MapWork using kryo
2024-04-24T05:22:40,151  INFO [main] exec.Utilities: Serialized plan (via FILE) - name: null size: 4,60KB
2024-04-24T05:22:40,156  INFO [main] exec.SerializationUtilities: Serializing ReduceWork using kryo
2024-04-24T05:22:40,157  INFO [main] exec.Utilities: Serialized plan (via FILE) - name: null size: 5,69KB
2024-04-24T05:22:40,157  WARN [main] impl.MetricsSystemImpl: JobTracker metrics system already initialized!
2024-04-24T05:22:40,163  WARN [main] impl.MetricsSystemImpl: JobTracker metrics system already initialized!
2024-04-24T05:22:40,170  WARN [main] mapreduce.JobResourceUploader: Hadoop command-line option parsing not performed. Implement the Tool interface and execute your application with ToolRunner to remedy this.
2024-04-24T05:22:40,174  WARN [main] mapreduce.JobResourceUploader: No job jar file set.  User classes may not be found. See Job or Job#setJar(String).
2024-04-24T05:22:40,175  INFO [main] io.HiveInputFormat: hive.io.file.readcolumn.ids = 0,1
2024-04-24T05:22:40,175  INFO [main] io.HiveInputFormat: hive.io.file.readcolumn.names = a,b
2024-04-24T05:22:40,175  INFO [main] io.HiveInputFormat: Generating splits for dirs: file:/home/alex/Repositories/hive/ql/target/tmp/org.apache.hadoop.hive.ql.TestTxnNoBuckets-1713961246971/warehouse/t
2024-04-24T05:22:40,175  INFO [main] orc.OrcInputFormat: getSplits started
2024-04-24T05:22:40,175  INFO [main] orc.OrcInputFormat: Context:: isAcid: false isVectorMode: false sarg: null minSplitSize: 1 maxSplitSize: 256000000 splitStrategy: HYBRID footerInSplits: false numBuckets: 0 numThreads: 10 cacheMemSize: 268435456 cacheStripeDetails: true useSoftReference: false writeIdList: null:9223372036854775807:9223372036854775807:: isTransactionalTable: false txnProperties: null 
2024-04-24T05:22:40,175  INFO [main] orc.OrcInputFormat: ORC pushdown predicate: null
2024-04-24T05:22:40,200  INFO [main] orc.OrcInputFormat: FooterCacheHitRatio: 0/7
2024-04-24T05:22:40,200  INFO [main] orc.OrcInputFormat: getSplits finished (#splits: 7). duration: 25 ms
2024-04-24T05:22:40,200  INFO [main] io.HiveInputFormat: number of splits 7
2024-04-24T05:22:40,216  INFO [main] mapreduce.JobSubmitter: number of splits:7
2024-04-24T05:22:40,233  INFO [main] mapreduce.JobSubmitter: Submitting tokens for job: job_local38273801_0051
2024-04-24T05:22:40,233  INFO [main] mapreduce.JobSubmitter: Executing with tokens: []
2024-04-24T05:22:40,290  INFO [main] mapreduce.Job: The url to track the job: http://localhost:8080/
Job running in-process (local Hadoop)
2024-04-24T05:22:40,290  INFO [main] exec.Task: Job running in-process (local Hadoop)
2024-04-24T05:22:40,291  INFO [Thread-3274] mapred.LocalJobRunner: OutputCommitter set in config org.apache.hadoop.hive.ql.io.HiveFileFormatUtils$NullOutputCommitter
2024-04-24T05:22:40,291  INFO [Thread-3274] mapred.LocalJobRunner: OutputCommitter is org.apache.hadoop.hive.ql.io.HiveFileFormatUtils$NullOutputCommitter
2024-04-24T05:22:40,294  INFO [Thread-3274] mapred.LocalJobRunner: Waiting for map tasks
2024-04-24T05:22:40,294  INFO [LocalJobRunner Map Task Executor #0] mapred.LocalJobRunner: Starting task: attempt_local38273801_0051_m_000000_0
2024-04-24T05:22:40,295  INFO [LocalJobRunner Map Task Executor #0] mapred.Task:  Using ResourceCalculatorProcessTree : [ ]
2024-04-24T05:22:40,295  INFO [LocalJobRunner Map Task Executor #0] mapred.MapTask: Processing split: org.apache.hadoop.hive.ql.io.orc.OrcInputFormat:OrcSplit [file:/home/alex/Repositories/hive/ql/target/tmp/org.apache.hadoop.hive.ql.TestTxnNoBuckets-1713961246971/warehouse/t/HIVE_UNION_SUBDIR_16/000001_0, start=0, length=274, isOriginal=true, fileLength=274, hasFooter=false, hasBase=true, deltas=0]
2024-04-24T05:22:40,295  INFO [LocalJobRunner Map Task Executor #0] exec.SerializationUtilities: Deserializing MapWork using kryo
2024-04-24T05:22:40,296  INFO [LocalJobRunner Map Task Executor #0] exec.Utilities: Deserialized plan (via FILE) - name: null size: 4,60KB
2024-04-24T05:22:40,296  INFO [LocalJobRunner Map Task Executor #0] orc.ReaderImpl: Reading ORC rows from file:/home/alex/Repositories/hive/ql/target/tmp/org.apache.hadoop.hive.ql.TestTxnNoBuckets-1713961246971/warehouse/t/HIVE_UNION_SUBDIR_16/000001_0 with {include: [true, true, true], offset: 0, length: 274, schema: struct<a:int,b:int>, includeAcidColumns: true}
2024-04-24T05:22:40,297  INFO [LocalJobRunner Map Task Executor #0] mapred.MapTask: numReduceTasks: 1
2024-04-24T05:22:40,301  INFO [LocalJobRunner Map Task Executor #0] mapred.MapTask: (EQUATOR) 0 kvi 26214396(104857584)
2024-04-24T05:22:40,301  INFO [LocalJobRunner Map Task Executor #0] mapred.MapTask: mapreduce.task.io.sort.mb: 100
2024-04-24T05:22:40,301  INFO [LocalJobRunner Map Task Executor #0] mapred.MapTask: soft limit at 83886080
2024-04-24T05:22:40,301  INFO [LocalJobRunner Map Task Executor #0] mapred.MapTask: bufstart = 0; bufvoid = 104857600
2024-04-24T05:22:40,301  INFO [LocalJobRunner Map Task Executor #0] mapred.MapTask: kvstart = 26214396; length = 6553600
2024-04-24T05:22:40,301  INFO [LocalJobRunner Map Task Executor #0] mapred.MapTask: Map output collector class = org.apache.hadoop.mapred.MapTask$MapOutputBuffer
2024-04-24T05:22:40,302  INFO [LocalJobRunner Map Task Executor #0] exec.MapOperator: Initializing Operator: MAP[0]
2024-04-24T05:22:40,303  INFO [LocalJobRunner Map Task Executor #0] mr.ExecMapper: 
<MAP>Id =0
  <Children>null
  <\Children>
  <Parent><\Parent>
<\MAP>
2024-04-24T05:22:40,304  INFO [LocalJobRunner Map Task Executor #0] exec.TableScanOperator: Initializing Operator: TS[0]
2024-04-24T05:22:40,304  INFO [LocalJobRunner Map Task Executor #0] exec.SelectOperator: Initializing Operator: SEL[1]
2024-04-24T05:22:40,304  INFO [LocalJobRunner Map Task Executor #0] exec.SelectOperator: SELECT struct<a:int,b:int,input__file__name:string>
2024-04-24T05:22:40,304  INFO [LocalJobRunner Map Task Executor #0] exec.ReduceSinkOperator: Initializing Operator: RS[2]
2024-04-24T05:22:40,304  INFO [LocalJobRunner Map Task Executor #0] exec.ReduceSinkOperator: Using tag = -1
2024-04-24T05:22:40,304  INFO [LocalJobRunner Map Task Executor #0] exec.ReduceSinkOperator: keys are [reducesinkkey0, reducesinkkey1, reducesinkkey2] num distributions: 3
2024-04-24T05:22:40,304  INFO [LocalJobRunner Map Task Executor #0] exec.ReduceSinkOperator: RS[2]: records written - 1
2024-04-24T05:22:40,304  INFO [LocalJobRunner Map Task Executor #0] exec.MapOperator: MAP[0]: records read - 1
2024-04-24T05:22:40,304  INFO [LocalJobRunner Map Task Executor #0] exec.MapOperator: Closing Operator: MAP[0]
2024-04-24T05:22:40,305  INFO [LocalJobRunner Map Task Executor #0] exec.MapOperator: MAP[0]: Total records read - 1. abort - false
2024-04-24T05:22:40,305  INFO [LocalJobRunner Map Task Executor #0] exec.MapOperator: RECORDS_OUT_INTERMEDIATE:0, DESERIALIZE_ERRORS:0, RECORDS_OUT_OPERATOR_MAP_0:0, RECORDS_IN:1, 
2024-04-24T05:22:40,305  INFO [LocalJobRunner Map Task Executor #0] exec.TableScanOperator: Closing Operator: TS[0]
2024-04-24T05:22:40,305  INFO [LocalJobRunner Map Task Executor #0] exec.TableScanOperator: RECORDS_OUT_INTERMEDIATE:0, RECORDS_OUT_OPERATOR_TS_0:1, 
2024-04-24T05:22:40,305  INFO [LocalJobRunner Map Task Executor #0] exec.SelectOperator: Closing Operator: SEL[1]
2024-04-24T05:22:40,305  INFO [LocalJobRunner Map Task Executor #0] exec.SelectOperator: RECORDS_OUT_OPERATOR_SEL_1:1, RECORDS_OUT_INTERMEDIATE:0, 
2024-04-24T05:22:40,305  INFO [LocalJobRunner Map Task Executor #0] exec.ReduceSinkOperator: Closing Operator: RS[2]
2024-04-24T05:22:40,305  INFO [LocalJobRunner Map Task Executor #0] exec.ReduceSinkOperator: RS[2]: Total records written - 1. abort - false
2024-04-24T05:22:40,305  INFO [LocalJobRunner Map Task Executor #0] exec.ReduceSinkOperator: RECORDS_OUT_OPERATOR_RS_2:1, RECORDS_OUT_INTERMEDIATE:1, 
2024-04-24T05:22:40,305  INFO [LocalJobRunner Map Task Executor #0] mapred.LocalJobRunner: 
2024-04-24T05:22:40,306  INFO [LocalJobRunner Map Task Executor #0] mapred.MapTask: Starting flush of map output
2024-04-24T05:22:40,306  INFO [LocalJobRunner Map Task Executor #0] mapred.MapTask: Spilling map output
2024-04-24T05:22:40,306  INFO [LocalJobRunner Map Task Executor #0] mapred.MapTask: bufstart = 0; bufend = 167; bufvoid = 104857600
2024-04-24T05:22:40,306  INFO [LocalJobRunner Map Task Executor #0] mapred.MapTask: kvstart = 26214396(104857584); kvend = 26214396(104857584); length = 1/6553600
2024-04-24T05:22:40,316  INFO [LocalJobRunner Map Task Executor #0] mapred.MapTask: Finished spill 0
2024-04-24T05:22:40,319  INFO [LocalJobRunner Map Task Executor #0] mapred.Task: Task:attempt_local38273801_0051_m_000000_0 is done. And is in the process of committing
2024-04-24T05:22:40,319  INFO [LocalJobRunner Map Task Executor #0] mapred.LocalJobRunner: map
2024-04-24T05:22:40,319  INFO [LocalJobRunner Map Task Executor #0] mapred.Task: Task 'attempt_local38273801_0051_m_000000_0' done.
2024-04-24T05:22:40,319  INFO [LocalJobRunner Map Task Executor #0] mapred.Task: Final Counters for attempt_local38273801_0051_m_000000_0: Counters: 24
	File System Counters
		FILE: Number of bytes read=1151362
		FILE: Number of bytes written=60068681
		FILE: Number of read operations=0
		FILE: Number of large read operations=0
		FILE: Number of write operations=0
	Map-Reduce Framework
		Map input records=1
		Map output records=1
		Map output bytes=167
		Map output materialized bytes=176
		Input split bytes=473
		Combine input records=0
		Spilled Records=1
		Failed Shuffles=0
		Merged Map outputs=0
		GC time elapsed (ms)=0
		Total committed heap usage (bytes)=1247805440
	HIVE
		DESERIALIZE_ERRORS=0
		RECORDS_IN=1
		RECORDS_OUT_INTERMEDIATE=1
		RECORDS_OUT_OPERATOR_MAP_0=0
		RECORDS_OUT_OPERATOR_RS_2=1
		RECORDS_OUT_OPERATOR_SEL_1=1
		RECORDS_OUT_OPERATOR_TS_0=1
	File Input Format Counters 
		Bytes Read=5806
2024-04-24T05:22:40,319  INFO [LocalJobRunner Map Task Executor #0] mapred.LocalJobRunner: Finishing task: attempt_local38273801_0051_m_000000_0
2024-04-24T05:22:40,319  INFO [LocalJobRunner Map Task Executor #0] mapred.LocalJobRunner: Starting task: attempt_local38273801_0051_m_000001_0
2024-04-24T05:22:40,320  INFO [LocalJobRunner Map Task Executor #0] mapred.Task:  Using ResourceCalculatorProcessTree : [ ]
2024-04-24T05:22:40,320  INFO [LocalJobRunner Map Task Executor #0] mapred.MapTask: Processing split: org.apache.hadoop.hive.ql.io.orc.OrcInputFormat:OrcSplit [file:/home/alex/Repositories/hive/ql/target/tmp/org.apache.hadoop.hive.ql.TestTxnNoBuckets-1713961246971/warehouse/t/000000_0, start=0, length=256, isOriginal=true, fileLength=256, hasFooter=false, hasBase=true, deltas=0]
2024-04-24T05:22:40,320  INFO [LocalJobRunner Map Task Executor #0] exec.SerializationUtilities: Deserializing MapWork using kryo
2024-04-24T05:22:40,321  INFO [LocalJobRunner Map Task Executor #0] exec.Utilities: Deserialized plan (via FILE) - name: null size: 4,60KB
2024-04-24T05:22:40,322  INFO [LocalJobRunner Map Task Executor #0] orc.ReaderImpl: Reading ORC rows from file:/home/alex/Repositories/hive/ql/target/tmp/org.apache.hadoop.hive.ql.TestTxnNoBuckets-1713961246971/warehouse/t/000000_0 with {include: [true, true, true], offset: 0, length: 256, schema: struct<a:int,b:int>, includeAcidColumns: true}
2024-04-24T05:22:40,322  INFO [LocalJobRunner Map Task Executor #0] mapred.MapTask: numReduceTasks: 1
2024-04-24T05:22:40,332  INFO [LocalJobRunner Map Task Executor #0] mapred.MapTask: (EQUATOR) 0 kvi 26214396(104857584)
2024-04-24T05:22:40,332  INFO [LocalJobRunner Map Task Executor #0] mapred.MapTask: mapreduce.task.io.sort.mb: 100
2024-04-24T05:22:40,332  INFO [LocalJobRunner Map Task Executor #0] mapred.MapTask: soft limit at 83886080
2024-04-24T05:22:40,332  INFO [LocalJobRunner Map Task Executor #0] mapred.MapTask: bufstart = 0; bufvoid = 104857600
2024-04-24T05:22:40,332  INFO [LocalJobRunner Map Task Executor #0] mapred.MapTask: kvstart = 26214396; length = 6553600
2024-04-24T05:22:40,333  INFO [LocalJobRunner Map Task Executor #0] mapred.MapTask: Map output collector class = org.apache.hadoop.mapred.MapTask$MapOutputBuffer
2024-04-24T05:22:40,333  INFO [LocalJobRunner Map Task Executor #0] exec.MapOperator: Initializing Operator: MAP[0]
2024-04-24T05:22:40,334  INFO [LocalJobRunner Map Task Executor #0] mr.ExecMapper: 
<MAP>Id =0
  <Children>null
  <\Children>
  <Parent><\Parent>
<\MAP>
2024-04-24T05:22:40,335  INFO [LocalJobRunner Map Task Executor #0] exec.TableScanOperator: Initializing Operator: TS[0]
2024-04-24T05:22:40,335  INFO [LocalJobRunner Map Task Executor #0] exec.SelectOperator: Initializing Operator: SEL[1]
2024-04-24T05:22:40,335  INFO [LocalJobRunner Map Task Executor #0] exec.SelectOperator: SELECT struct<a:int,b:int,input__file__name:string>
2024-04-24T05:22:40,335  INFO [LocalJobRunner Map Task Executor #0] exec.ReduceSinkOperator: Initializing Operator: RS[2]
2024-04-24T05:22:40,335  INFO [LocalJobRunner Map Task Executor #0] exec.ReduceSinkOperator: Using tag = -1
2024-04-24T05:22:40,335  INFO [LocalJobRunner Map Task Executor #0] exec.ReduceSinkOperator: keys are [reducesinkkey0, reducesinkkey1, reducesinkkey2] num distributions: 3
2024-04-24T05:22:40,335  INFO [LocalJobRunner Map Task Executor #0] exec.ReduceSinkOperator: RS[2]: records written - 1
2024-04-24T05:22:40,335  INFO [LocalJobRunner Map Task Executor #0] exec.MapOperator: MAP[0]: records read - 1
2024-04-24T05:22:40,336  INFO [LocalJobRunner Map Task Executor #0] exec.MapOperator: Closing Operator: MAP[0]
2024-04-24T05:22:40,336  INFO [LocalJobRunner Map Task Executor #0] exec.MapOperator: MAP[0]: Total records read - 2. abort - false
2024-04-24T05:22:40,336  INFO [LocalJobRunner Map Task Executor #0] exec.MapOperator: RECORDS_OUT_INTERMEDIATE:0, RECORDS_OUT_OPERATOR_MAP_0:0, DESERIALIZE_ERRORS:0, RECORDS_IN:2, 
2024-04-24T05:22:40,336  INFO [LocalJobRunner Map Task Executor #0] exec.TableScanOperator: Closing Operator: TS[0]
2024-04-24T05:22:40,336  INFO [LocalJobRunner Map Task Executor #0] exec.TableScanOperator: RECORDS_OUT_OPERATOR_TS_0:2, RECORDS_OUT_INTERMEDIATE:0, 
2024-04-24T05:22:40,336  INFO [LocalJobRunner Map Task Executor #0] exec.SelectOperator: Closing Operator: SEL[1]
2024-04-24T05:22:40,336  INFO [LocalJobRunner Map Task Executor #0] exec.SelectOperator: RECORDS_OUT_INTERMEDIATE:0, RECORDS_OUT_OPERATOR_SEL_1:2, 
2024-04-24T05:22:40,336  INFO [LocalJobRunner Map Task Executor #0] exec.ReduceSinkOperator: Closing Operator: RS[2]
2024-04-24T05:22:40,336  INFO [LocalJobRunner Map Task Executor #0] exec.ReduceSinkOperator: RS[2]: Total records written - 2. abort - false
2024-04-24T05:22:40,336  INFO [LocalJobRunner Map Task Executor #0] exec.ReduceSinkOperator: RECORDS_OUT_INTERMEDIATE:2, RECORDS_OUT_OPERATOR_RS_2:2, 
2024-04-24T05:22:40,336  INFO [LocalJobRunner Map Task Executor #0] mapred.LocalJobRunner: 
2024-04-24T05:22:40,336  INFO [LocalJobRunner Map Task Executor #0] mapred.MapTask: Starting flush of map output
2024-04-24T05:22:40,336  INFO [LocalJobRunner Map Task Executor #0] mapred.MapTask: Spilling map output
2024-04-24T05:22:40,336  INFO [LocalJobRunner Map Task Executor #0] mapred.MapTask: bufstart = 0; bufend = 292; bufvoid = 104857600
2024-04-24T05:22:40,336  INFO [LocalJobRunner Map Task Executor #0] mapred.MapTask: kvstart = 26214396(104857584); kvend = 26214392(104857568); length = 5/6553600
2024-04-24T05:22:40,349  INFO [LocalJobRunner Map Task Executor #0] mapred.MapTask: Finished spill 0
2024-04-24T05:22:40,359  INFO [LocalJobRunner Map Task Executor #0] mapred.Task: Task:attempt_local38273801_0051_m_000001_0 is done. And is in the process of committing
2024-04-24T05:22:40,360  INFO [LocalJobRunner Map Task Executor #0] mapred.LocalJobRunner: map
2024-04-24T05:22:40,360  INFO [LocalJobRunner Map Task Executor #0] mapred.Task: Task 'attempt_local38273801_0051_m_000001_0' done.
2024-04-24T05:22:40,360  INFO [LocalJobRunner Map Task Executor #0] mapred.Task: Final Counters for attempt_local38273801_0051_m_000001_0: Counters: 24
	File System Counters
		FILE: Number of bytes read=1160370
		FILE: Number of bytes written=60069017
		FILE: Number of read operations=0
		FILE: Number of large read operations=0
		FILE: Number of write operations=0
	Map-Reduce Framework
		Map input records=2
		Map output records=2
		Map output bytes=292
		Map output materialized bytes=304
		Input split bytes=451
		Combine input records=0
		Spilled Records=2
		Failed Shuffles=0
		Merged Map outputs=0
		GC time elapsed (ms)=5
		Total committed heap usage (bytes)=1246756864
	HIVE
		DESERIALIZE_ERRORS=0
		RECORDS_IN=2
		RECORDS_OUT_INTERMEDIATE=2
		RECORDS_OUT_OPERATOR_MAP_0=0
		RECORDS_OUT_OPERATOR_RS_2=2
		RECORDS_OUT_OPERATOR_SEL_1=2
		RECORDS_OUT_OPERATOR_TS_0=2
	File Input Format Counters 
		Bytes Read=5734
2024-04-24T05:22:40,360  INFO [LocalJobRunner Map Task Executor #0] mapred.LocalJobRunner: Finishing task: attempt_local38273801_0051_m_000001_0
2024-04-24T05:22:40,360  INFO [LocalJobRunner Map Task Executor #0] mapred.LocalJobRunner: Starting task: attempt_local38273801_0051_m_000002_0
2024-04-24T05:22:40,362  INFO [LocalJobRunner Map Task Executor #0] mapred.Task:  Using ResourceCalculatorProcessTree : [ ]
2024-04-24T05:22:40,363  INFO [LocalJobRunner Map Task Executor #0] mapred.MapTask: Processing split: org.apache.hadoop.hive.ql.io.orc.OrcInputFormat:OrcSplit [file:/home/alex/Repositories/hive/ql/target/tmp/org.apache.hadoop.hive.ql.TestTxnNoBuckets-1713961246971/warehouse/t/HIVE_UNION_SUBDIR_15/000000_0, start=0, length=256, isOriginal=true, fileLength=256, hasFooter=false, hasBase=true, deltas=0]
2024-04-24T05:22:40,364  INFO [LocalJobRunner Map Task Executor #0] exec.SerializationUtilities: Deserializing MapWork using kryo
2024-04-24T05:22:40,365  INFO [LocalJobRunner Map Task Executor #0] exec.Utilities: Deserialized plan (via FILE) - name: null size: 4,60KB
2024-04-24T05:22:40,367  INFO [LocalJobRunner Map Task Executor #0] orc.ReaderImpl: Reading ORC rows from file:/home/alex/Repositories/hive/ql/target/tmp/org.apache.hadoop.hive.ql.TestTxnNoBuckets-1713961246971/warehouse/t/HIVE_UNION_SUBDIR_15/000000_0 with {include: [true, true, true], offset: 0, length: 256, schema: struct<a:int,b:int>, includeAcidColumns: true}
2024-04-24T05:22:40,369  INFO [LocalJobRunner Map Task Executor #0] mapred.MapTask: numReduceTasks: 1
2024-04-24T05:22:40,382  INFO [LocalJobRunner Map Task Executor #0] mapred.MapTask: (EQUATOR) 0 kvi 26214396(104857584)
2024-04-24T05:22:40,383  INFO [LocalJobRunner Map Task Executor #0] mapred.MapTask: mapreduce.task.io.sort.mb: 100
2024-04-24T05:22:40,383  INFO [LocalJobRunner Map Task Executor #0] mapred.MapTask: soft limit at 83886080
2024-04-24T05:22:40,383  INFO [LocalJobRunner Map Task Executor #0] mapred.MapTask: bufstart = 0; bufvoid = 104857600
2024-04-24T05:22:40,383  INFO [LocalJobRunner Map Task Executor #0] mapred.MapTask: kvstart = 26214396; length = 6553600
2024-04-24T05:22:40,383  INFO [LocalJobRunner Map Task Executor #0] mapred.MapTask: Map output collector class = org.apache.hadoop.mapred.MapTask$MapOutputBuffer
2024-04-24T05:22:40,384  INFO [LocalJobRunner Map Task Executor #0] exec.MapOperator: Initializing Operator: MAP[0]
2024-04-24T05:22:40,386  INFO [LocalJobRunner Map Task Executor #0] mr.ExecMapper: 
<MAP>Id =0
  <Children>null
  <\Children>
  <Parent><\Parent>
<\MAP>
2024-04-24T05:22:40,387  INFO [LocalJobRunner Map Task Executor #0] exec.TableScanOperator: Initializing Operator: TS[0]
2024-04-24T05:22:40,387  INFO [LocalJobRunner Map Task Executor #0] exec.SelectOperator: Initializing Operator: SEL[1]
2024-04-24T05:22:40,387  INFO [LocalJobRunner Map Task Executor #0] exec.SelectOperator: SELECT struct<a:int,b:int,input__file__name:string>
2024-04-24T05:22:40,387  INFO [LocalJobRunner Map Task Executor #0] exec.ReduceSinkOperator: Initializing Operator: RS[2]
2024-04-24T05:22:40,387  INFO [LocalJobRunner Map Task Executor #0] exec.ReduceSinkOperator: Using tag = -1
2024-04-24T05:22:40,388  INFO [LocalJobRunner Map Task Executor #0] exec.ReduceSinkOperator: keys are [reducesinkkey0, reducesinkkey1, reducesinkkey2] num distributions: 3
2024-04-24T05:22:40,388  INFO [LocalJobRunner Map Task Executor #0] exec.ReduceSinkOperator: RS[2]: records written - 1
2024-04-24T05:22:40,388  INFO [LocalJobRunner Map Task Executor #0] exec.MapOperator: MAP[0]: records read - 1
2024-04-24T05:22:40,388  INFO [LocalJobRunner Map Task Executor #0] exec.MapOperator: Closing Operator: MAP[0]
2024-04-24T05:22:40,388  INFO [LocalJobRunner Map Task Executor #0] exec.MapOperator: MAP[0]: Total records read - 2. abort - false
2024-04-24T05:22:40,388  INFO [LocalJobRunner Map Task Executor #0] exec.MapOperator: RECORDS_OUT_OPERATOR_MAP_0:0, RECORDS_OUT_INTERMEDIATE:0, RECORDS_IN:2, DESERIALIZE_ERRORS:0, 
2024-04-24T05:22:40,388  INFO [LocalJobRunner Map Task Executor #0] exec.TableScanOperator: Closing Operator: TS[0]
2024-04-24T05:22:40,389  INFO [LocalJobRunner Map Task Executor #0] exec.TableScanOperator: RECORDS_OUT_INTERMEDIATE:0, RECORDS_OUT_OPERATOR_TS_0:2, 
2024-04-24T05:22:40,389  INFO [LocalJobRunner Map Task Executor #0] exec.SelectOperator: Closing Operator: SEL[1]
2024-04-24T05:22:40,389  INFO [LocalJobRunner Map Task Executor #0] exec.SelectOperator: RECORDS_OUT_INTERMEDIATE:0, RECORDS_OUT_OPERATOR_SEL_1:2, 
2024-04-24T05:22:40,389  INFO [LocalJobRunner Map Task Executor #0] exec.ReduceSinkOperator: Closing Operator: RS[2]
2024-04-24T05:22:40,389  INFO [LocalJobRunner Map Task Executor #0] exec.ReduceSinkOperator: RS[2]: Total records written - 2. abort - false
2024-04-24T05:22:40,389  INFO [LocalJobRunner Map Task Executor #0] exec.ReduceSinkOperator: RECORDS_OUT_OPERATOR_RS_2:2, RECORDS_OUT_INTERMEDIATE:2, 
2024-04-24T05:22:40,389  INFO [LocalJobRunner Map Task Executor #0] mapred.LocalJobRunner: 
2024-04-24T05:22:40,389  INFO [LocalJobRunner Map Task Executor #0] mapred.MapTask: Starting flush of map output
2024-04-24T05:22:40,389  INFO [LocalJobRunner Map Task Executor #0] mapred.MapTask: Spilling map output
2024-04-24T05:22:40,390  INFO [LocalJobRunner Map Task Executor #0] mapred.MapTask: bufstart = 0; bufend = 334; bufvoid = 104857600
2024-04-24T05:22:40,390  INFO [LocalJobRunner Map Task Executor #0] mapred.MapTask: kvstart = 26214396(104857584); kvend = 26214392(104857568); length = 5/6553600
2024-04-24T05:22:40,399  INFO [LocalJobRunner Map Task Executor #0] mapred.MapTask: Finished spill 0
2024-04-24T05:22:40,403  INFO [LocalJobRunner Map Task Executor #0] mapred.Task: Task:attempt_local38273801_0051_m_000002_0 is done. And is in the process of committing
2024-04-24T05:22:40,403  INFO [LocalJobRunner Map Task Executor #0] mapred.LocalJobRunner: map
2024-04-24T05:22:40,403  INFO [LocalJobRunner Map Task Executor #0] mapred.Task: Task 'attempt_local38273801_0051_m_000002_0' done.
2024-04-24T05:22:40,403  INFO [LocalJobRunner Map Task Executor #0] mapred.Task: Final Counters for attempt_local38273801_0051_m_000002_0: Counters: 24
	File System Counters
		FILE: Number of bytes read=1168866
		FILE: Number of bytes written=60069395
		FILE: Number of read operations=0
		FILE: Number of large read operations=0
		FILE: Number of write operations=0
	Map-Reduce Framework
		Map input records=2
		Map output records=2
		Map output bytes=334
		Map output materialized bytes=346
		Input split bytes=473
		Combine input records=0
		Spilled Records=2
		Failed Shuffles=0
		Merged Map outputs=0
		GC time elapsed (ms)=0
		Total committed heap usage (bytes)=1246756864
	HIVE
		DESERIALIZE_ERRORS=0
		RECORDS_IN=2
		RECORDS_OUT_INTERMEDIATE=2
		RECORDS_OUT_OPERATOR_MAP_0=0
		RECORDS_OUT_OPERATOR_RS_2=2
		RECORDS_OUT_OPERATOR_SEL_1=2
		RECORDS_OUT_OPERATOR_TS_0=2
	File Input Format Counters 
		Bytes Read=5734
2024-04-24T05:22:40,403  INFO [LocalJobRunner Map Task Executor #0] mapred.LocalJobRunner: Finishing task: attempt_local38273801_0051_m_000002_0
2024-04-24T05:22:40,403  INFO [LocalJobRunner Map Task Executor #0] mapred.LocalJobRunner: Starting task: attempt_local38273801_0051_m_000003_0
2024-04-24T05:22:40,404  INFO [LocalJobRunner Map Task Executor #0] mapred.Task:  Using ResourceCalculatorProcessTree : [ ]
2024-04-24T05:22:40,404  INFO [LocalJobRunner Map Task Executor #0] mapred.MapTask: Processing split: org.apache.hadoop.hive.ql.io.orc.OrcInputFormat:OrcSplit [file:/home/alex/Repositories/hive/ql/target/tmp/org.apache.hadoop.hive.ql.TestTxnNoBuckets-1713961246971/warehouse/t/HIVE_UNION_SUBDIR_16/000000_0, start=0, length=254, isOriginal=true, fileLength=254, hasFooter=false, hasBase=true, deltas=0]
2024-04-24T05:22:40,405  INFO [LocalJobRunner Map Task Executor #0] exec.SerializationUtilities: Deserializing MapWork using kryo
2024-04-24T05:22:40,405  INFO [LocalJobRunner Map Task Executor #0] exec.Utilities: Deserialized plan (via FILE) - name: null size: 4,60KB
2024-04-24T05:22:40,406  INFO [LocalJobRunner Map Task Executor #0] orc.ReaderImpl: Reading ORC rows from file:/home/alex/Repositories/hive/ql/target/tmp/org.apache.hadoop.hive.ql.TestTxnNoBuckets-1713961246971/warehouse/t/HIVE_UNION_SUBDIR_16/000000_0 with {include: [true, true, true], offset: 0, length: 254, schema: struct<a:int,b:int>, includeAcidColumns: true}
2024-04-24T05:22:40,407  INFO [LocalJobRunner Map Task Executor #0] mapred.MapTask: numReduceTasks: 1
2024-04-24T05:22:40,412  INFO [LocalJobRunner Map Task Executor #0] mapred.MapTask: (EQUATOR) 0 kvi 26214396(104857584)
2024-04-24T05:22:40,412  INFO [LocalJobRunner Map Task Executor #0] mapred.MapTask: mapreduce.task.io.sort.mb: 100
2024-04-24T05:22:40,412  INFO [LocalJobRunner Map Task Executor #0] mapred.MapTask: soft limit at 83886080
2024-04-24T05:22:40,412  INFO [LocalJobRunner Map Task Executor #0] mapred.MapTask: bufstart = 0; bufvoid = 104857600
2024-04-24T05:22:40,412  INFO [LocalJobRunner Map Task Executor #0] mapred.MapTask: kvstart = 26214396; length = 6553600
2024-04-24T05:22:40,413  INFO [LocalJobRunner Map Task Executor #0] mapred.MapTask: Map output collector class = org.apache.hadoop.mapred.MapTask$MapOutputBuffer
2024-04-24T05:22:40,413  INFO [LocalJobRunner Map Task Executor #0] exec.MapOperator: Initializing Operator: MAP[0]
2024-04-24T05:22:40,414  INFO [LocalJobRunner Map Task Executor #0] mr.ExecMapper: 
<MAP>Id =0
  <Children>null
  <\Children>
  <Parent><\Parent>
<\MAP>
2024-04-24T05:22:40,415  INFO [LocalJobRunner Map Task Executor #0] exec.TableScanOperator: Initializing Operator: TS[0]
2024-04-24T05:22:40,415  INFO [LocalJobRunner Map Task Executor #0] exec.SelectOperator: Initializing Operator: SEL[1]
2024-04-24T05:22:40,415  INFO [LocalJobRunner Map Task Executor #0] exec.SelectOperator: SELECT struct<a:int,b:int,input__file__name:string>
2024-04-24T05:22:40,415  INFO [LocalJobRunner Map Task Executor #0] exec.ReduceSinkOperator: Initializing Operator: RS[2]
2024-04-24T05:22:40,415  INFO [LocalJobRunner Map Task Executor #0] exec.ReduceSinkOperator: Using tag = -1
2024-04-24T05:22:40,415  INFO [LocalJobRunner Map Task Executor #0] exec.ReduceSinkOperator: keys are [reducesinkkey0, reducesinkkey1, reducesinkkey2] num distributions: 3
2024-04-24T05:22:40,415  INFO [LocalJobRunner Map Task Executor #0] exec.ReduceSinkOperator: RS[2]: records written - 1
2024-04-24T05:22:40,415  INFO [LocalJobRunner Map Task Executor #0] exec.MapOperator: MAP[0]: records read - 1
2024-04-24T05:22:40,415  INFO [LocalJobRunner Map Task Executor #0] exec.MapOperator: Closing Operator: MAP[0]
2024-04-24T05:22:40,415  INFO [LocalJobRunner Map Task Executor #0] exec.MapOperator: MAP[0]: Total records read - 1. abort - false
2024-04-24T05:22:40,415  INFO [LocalJobRunner Map Task Executor #0] exec.MapOperator: RECORDS_OUT_OPERATOR_MAP_0:0, RECORDS_IN:1, RECORDS_OUT_INTERMEDIATE:0, DESERIALIZE_ERRORS:0, 
2024-04-24T05:22:40,415  INFO [LocalJobRunner Map Task Executor #0] exec.TableScanOperator: Closing Operator: TS[0]
2024-04-24T05:22:40,415  INFO [LocalJobRunner Map Task Executor #0] exec.TableScanOperator: RECORDS_OUT_OPERATOR_TS_0:1, RECORDS_OUT_INTERMEDIATE:0, 
2024-04-24T05:22:40,415  INFO [LocalJobRunner Map Task Executor #0] exec.SelectOperator: Closing Operator: SEL[1]
2024-04-24T05:22:40,415  INFO [LocalJobRunner Map Task Executor #0] exec.SelectOperator: RECORDS_OUT_OPERATOR_SEL_1:1, RECORDS_OUT_INTERMEDIATE:0, 
2024-04-24T05:22:40,415  INFO [LocalJobRunner Map Task Executor #0] exec.ReduceSinkOperator: Closing Operator: RS[2]
2024-04-24T05:22:40,415  INFO [LocalJobRunner Map Task Executor #0] exec.ReduceSinkOperator: RS[2]: Total records written - 1. abort - false
2024-04-24T05:22:40,415  INFO [LocalJobRunner Map Task Executor #0] exec.ReduceSinkOperator: RECORDS_OUT_INTERMEDIATE:1, RECORDS_OUT_OPERATOR_RS_2:1, 
2024-04-24T05:22:40,416  INFO [LocalJobRunner Map Task Executor #0] mapred.LocalJobRunner: 
2024-04-24T05:22:40,416  INFO [LocalJobRunner Map Task Executor #0] mapred.MapTask: Starting flush of map output
2024-04-24T05:22:40,416  INFO [LocalJobRunner Map Task Executor #0] mapred.MapTask: Spilling map output
2024-04-24T05:22:40,416  INFO [LocalJobRunner Map Task Executor #0] mapred.MapTask: bufstart = 0; bufend = 167; bufvoid = 104857600
2024-04-24T05:22:40,416  INFO [LocalJobRunner Map Task Executor #0] mapred.MapTask: kvstart = 26214396(104857584); kvend = 26214396(104857584); length = 1/6553600
2024-04-24T05:22:40,424  INFO [LocalJobRunner Map Task Executor #0] mapred.MapTask: Finished spill 0
2024-04-24T05:22:40,426  INFO [LocalJobRunner Map Task Executor #0] mapred.Task: Task:attempt_local38273801_0051_m_000003_0 is done. And is in the process of committing
2024-04-24T05:22:40,427  INFO [LocalJobRunner Map Task Executor #0] mapred.LocalJobRunner: map
2024-04-24T05:22:40,427  INFO [LocalJobRunner Map Task Executor #0] mapred.Task: Task 'attempt_local38273801_0051_m_000003_0' done.
2024-04-24T05:22:40,427  INFO [LocalJobRunner Map Task Executor #0] mapred.Task: Final Counters for attempt_local38273801_0051_m_000003_0: Counters: 24
	File System Counters
		FILE: Number of bytes read=1176842
		FILE: Number of bytes written=60069603
		FILE: Number of read operations=0
		FILE: Number of large read operations=0
		FILE: Number of write operations=0
	Map-Reduce Framework
		Map input records=1
		Map output records=1
		Map output bytes=167
		Map output materialized bytes=176
		Input split bytes=473
		Combine input records=0
		Spilled Records=1
		Failed Shuffles=0
		Merged Map outputs=0
		GC time elapsed (ms)=0
		Total committed heap usage (bytes)=1246756864
	HIVE
		DESERIALIZE_ERRORS=0
		RECORDS_IN=1
		RECORDS_OUT_INTERMEDIATE=1
		RECORDS_OUT_OPERATOR_MAP_0=0
		RECORDS_OUT_OPERATOR_RS_2=1
		RECORDS_OUT_OPERATOR_SEL_1=1
		RECORDS_OUT_OPERATOR_TS_0=1
	File Input Format Counters 
		Bytes Read=5726
2024-04-24T05:22:40,427  INFO [LocalJobRunner Map Task Executor #0] mapred.LocalJobRunner: Finishing task: attempt_local38273801_0051_m_000003_0
2024-04-24T05:22:40,427  INFO [LocalJobRunner Map Task Executor #0] mapred.LocalJobRunner: Starting task: attempt_local38273801_0051_m_000004_0
2024-04-24T05:22:40,428  INFO [LocalJobRunner Map Task Executor #0] mapred.Task:  Using ResourceCalculatorProcessTree : [ ]
2024-04-24T05:22:40,428  INFO [LocalJobRunner Map Task Executor #0] mapred.MapTask: Processing split: org.apache.hadoop.hive.ql.io.orc.OrcInputFormat:OrcSplit [file:/home/alex/Repositories/hive/ql/target/tmp/org.apache.hadoop.hive.ql.TestTxnNoBuckets-1713961246971/warehouse/t/000001_0, start=0, length=254, isOriginal=true, fileLength=254, hasFooter=false, hasBase=true, deltas=0]
2024-04-24T05:22:40,428  INFO [LocalJobRunner Map Task Executor #0] exec.SerializationUtilities: Deserializing MapWork using kryo
2024-04-24T05:22:40,429  INFO [LocalJobRunner Map Task Executor #0] exec.Utilities: Deserialized plan (via FILE) - name: null size: 4,60KB
2024-04-24T05:22:40,429  INFO [LocalJobRunner Map Task Executor #0] orc.ReaderImpl: Reading ORC rows from file:/home/alex/Repositories/hive/ql/target/tmp/org.apache.hadoop.hive.ql.TestTxnNoBuckets-1713961246971/warehouse/t/000001_0 with {include: [true, true, true], offset: 0, length: 254, schema: struct<a:int,b:int>, includeAcidColumns: true}
2024-04-24T05:22:40,430  INFO [LocalJobRunner Map Task Executor #0] mapred.MapTask: numReduceTasks: 1
2024-04-24T05:22:40,434  INFO [LocalJobRunner Map Task Executor #0] mapred.MapTask: (EQUATOR) 0 kvi 26214396(104857584)
2024-04-24T05:22:40,434  INFO [LocalJobRunner Map Task Executor #0] mapred.MapTask: mapreduce.task.io.sort.mb: 100
2024-04-24T05:22:40,434  INFO [LocalJobRunner Map Task Executor #0] mapred.MapTask: soft limit at 83886080
2024-04-24T05:22:40,434  INFO [LocalJobRunner Map Task Executor #0] mapred.MapTask: bufstart = 0; bufvoid = 104857600
2024-04-24T05:22:40,434  INFO [LocalJobRunner Map Task Executor #0] mapred.MapTask: kvstart = 26214396; length = 6553600
2024-04-24T05:22:40,434  INFO [LocalJobRunner Map Task Executor #0] mapred.MapTask: Map output collector class = org.apache.hadoop.mapred.MapTask$MapOutputBuffer
2024-04-24T05:22:40,435  INFO [LocalJobRunner Map Task Executor #0] exec.MapOperator: Initializing Operator: MAP[0]
2024-04-24T05:22:40,436  INFO [LocalJobRunner Map Task Executor #0] mr.ExecMapper: 
<MAP>Id =0
  <Children>null
  <\Children>
  <Parent><\Parent>
<\MAP>
2024-04-24T05:22:40,436  INFO [LocalJobRunner Map Task Executor #0] exec.TableScanOperator: Initializing Operator: TS[0]
2024-04-24T05:22:40,436  INFO [LocalJobRunner Map Task Executor #0] exec.SelectOperator: Initializing Operator: SEL[1]
2024-04-24T05:22:40,436  INFO [LocalJobRunner Map Task Executor #0] exec.SelectOperator: SELECT struct<a:int,b:int,input__file__name:string>
2024-04-24T05:22:40,436  INFO [LocalJobRunner Map Task Executor #0] exec.ReduceSinkOperator: Initializing Operator: RS[2]
2024-04-24T05:22:40,436  INFO [LocalJobRunner Map Task Executor #0] exec.ReduceSinkOperator: Using tag = -1
2024-04-24T05:22:40,437  INFO [LocalJobRunner Map Task Executor #0] exec.ReduceSinkOperator: keys are [reducesinkkey0, reducesinkkey1, reducesinkkey2] num distributions: 3
2024-04-24T05:22:40,437  INFO [LocalJobRunner Map Task Executor #0] exec.ReduceSinkOperator: RS[2]: records written - 1
2024-04-24T05:22:40,437  INFO [LocalJobRunner Map Task Executor #0] exec.MapOperator: MAP[0]: records read - 1
2024-04-24T05:22:40,437  INFO [LocalJobRunner Map Task Executor #0] exec.MapOperator: Closing Operator: MAP[0]
2024-04-24T05:22:40,437  INFO [LocalJobRunner Map Task Executor #0] exec.MapOperator: MAP[0]: Total records read - 1. abort - false
2024-04-24T05:22:40,437  INFO [LocalJobRunner Map Task Executor #0] exec.MapOperator: DESERIALIZE_ERRORS:0, RECORDS_IN:1, RECORDS_OUT_INTERMEDIATE:0, RECORDS_OUT_OPERATOR_MAP_0:0, 
2024-04-24T05:22:40,437  INFO [LocalJobRunner Map Task Executor #0] exec.TableScanOperator: Closing Operator: TS[0]
2024-04-24T05:22:40,437  INFO [LocalJobRunner Map Task Executor #0] exec.TableScanOperator: RECORDS_OUT_OPERATOR_TS_0:1, RECORDS_OUT_INTERMEDIATE:0, 
2024-04-24T05:22:40,437  INFO [LocalJobRunner Map Task Executor #0] exec.SelectOperator: Closing Operator: SEL[1]
2024-04-24T05:22:40,437  INFO [LocalJobRunner Map Task Executor #0] exec.SelectOperator: RECORDS_OUT_INTERMEDIATE:0, RECORDS_OUT_OPERATOR_SEL_1:1, 
2024-04-24T05:22:40,437  INFO [LocalJobRunner Map Task Executor #0] exec.ReduceSinkOperator: Closing Operator: RS[2]
2024-04-24T05:22:40,437  INFO [LocalJobRunner Map Task Executor #0] exec.ReduceSinkOperator: RS[2]: Total records written - 1. abort - false
2024-04-24T05:22:40,437  INFO [LocalJobRunner Map Task Executor #0] exec.ReduceSinkOperator: RECORDS_OUT_OPERATOR_RS_2:1, RECORDS_OUT_INTERMEDIATE:1, 
2024-04-24T05:22:40,437  INFO [LocalJobRunner Map Task Executor #0] mapred.LocalJobRunner: 
2024-04-24T05:22:40,437  INFO [LocalJobRunner Map Task Executor #0] mapred.MapTask: Starting flush of map output
2024-04-24T05:22:40,437  INFO [LocalJobRunner Map Task Executor #0] mapred.MapTask: Spilling map output
2024-04-24T05:22:40,437  INFO [LocalJobRunner Map Task Executor #0] mapred.MapTask: bufstart = 0; bufend = 146; bufvoid = 104857600
2024-04-24T05:22:40,437  INFO [LocalJobRunner Map Task Executor #0] mapred.MapTask: kvstart = 26214396(104857584); kvend = 26214396(104857584); length = 1/6553600
2024-04-24T05:22:40,445  INFO [LocalJobRunner Map Task Executor #0] mapred.MapTask: Finished spill 0
2024-04-24T05:22:40,448  INFO [LocalJobRunner Map Task Executor #0] mapred.Task: Task:attempt_local38273801_0051_m_000004_0 is done. And is in the process of committing
2024-04-24T05:22:40,449  INFO [LocalJobRunner Map Task Executor #0] mapred.LocalJobRunner: map
2024-04-24T05:22:40,449  INFO [LocalJobRunner Map Task Executor #0] mapred.Task: Task 'attempt_local38273801_0051_m_000004_0' done.
2024-04-24T05:22:40,449  INFO [LocalJobRunner Map Task Executor #0] mapred.Task: Final Counters for attempt_local38273801_0051_m_000004_0: Counters: 24
	File System Counters
		FILE: Number of bytes read=1184306
		FILE: Number of bytes written=60069790
		FILE: Number of read operations=0
		FILE: Number of large read operations=0
		FILE: Number of write operations=0
	Map-Reduce Framework
		Map input records=1
		Map output records=1
		Map output bytes=146
		Map output materialized bytes=155
		Input split bytes=451
		Combine input records=0
		Spilled Records=1
		Failed Shuffles=0
		Merged Map outputs=0
		GC time elapsed (ms)=0
		Total committed heap usage (bytes)=1246756864
	HIVE
		DESERIALIZE_ERRORS=0
		RECORDS_IN=1
		RECORDS_OUT_INTERMEDIATE=1
		RECORDS_OUT_OPERATOR_MAP_0=0
		RECORDS_OUT_OPERATOR_RS_2=1
		RECORDS_OUT_OPERATOR_SEL_1=1
		RECORDS_OUT_OPERATOR_TS_0=1
	File Input Format Counters 
		Bytes Read=5726
2024-04-24T05:22:40,449  INFO [LocalJobRunner Map Task Executor #0] mapred.LocalJobRunner: Finishing task: attempt_local38273801_0051_m_000004_0
2024-04-24T05:22:40,449  INFO [LocalJobRunner Map Task Executor #0] mapred.LocalJobRunner: Starting task: attempt_local38273801_0051_m_000005_0
2024-04-24T05:22:40,449  INFO [LocalJobRunner Map Task Executor #0] mapred.Task:  Using ResourceCalculatorProcessTree : [ ]
2024-04-24T05:22:40,449  INFO [LocalJobRunner Map Task Executor #0] mapred.MapTask: Processing split: org.apache.hadoop.hive.ql.io.orc.OrcInputFormat:OrcSplit [file:/home/alex/Repositories/hive/ql/target/tmp/org.apache.hadoop.hive.ql.TestTxnNoBuckets-1713961246971/warehouse/t/000002_0, start=0, length=254, isOriginal=true, fileLength=254, hasFooter=false, hasBase=true, deltas=0]
2024-04-24T05:22:40,450  INFO [LocalJobRunner Map Task Executor #0] exec.SerializationUtilities: Deserializing MapWork using kryo
2024-04-24T05:22:40,450  INFO [LocalJobRunner Map Task Executor #0] exec.Utilities: Deserialized plan (via FILE) - name: null size: 4,60KB
2024-04-24T05:22:40,451  INFO [LocalJobRunner Map Task Executor #0] orc.ReaderImpl: Reading ORC rows from file:/home/alex/Repositories/hive/ql/target/tmp/org.apache.hadoop.hive.ql.TestTxnNoBuckets-1713961246971/warehouse/t/000002_0 with {include: [true, true, true], offset: 0, length: 254, schema: struct<a:int,b:int>, includeAcidColumns: true}
2024-04-24T05:22:40,452  INFO [LocalJobRunner Map Task Executor #0] mapred.MapTask: numReduceTasks: 1
2024-04-24T05:22:40,456  INFO [LocalJobRunner Map Task Executor #0] mapred.MapTask: (EQUATOR) 0 kvi 26214396(104857584)
2024-04-24T05:22:40,456  INFO [LocalJobRunner Map Task Executor #0] mapred.MapTask: mapreduce.task.io.sort.mb: 100
2024-04-24T05:22:40,456  INFO [LocalJobRunner Map Task Executor #0] mapred.MapTask: soft limit at 83886080
2024-04-24T05:22:40,456  INFO [LocalJobRunner Map Task Executor #0] mapred.MapTask: bufstart = 0; bufvoid = 104857600
2024-04-24T05:22:40,456  INFO [LocalJobRunner Map Task Executor #0] mapred.MapTask: kvstart = 26214396; length = 6553600
2024-04-24T05:22:40,456  INFO [LocalJobRunner Map Task Executor #0] mapred.MapTask: Map output collector class = org.apache.hadoop.mapred.MapTask$MapOutputBuffer
2024-04-24T05:22:40,456  INFO [LocalJobRunner Map Task Executor #0] exec.MapOperator: Initializing Operator: MAP[0]
2024-04-24T05:22:40,457  INFO [LocalJobRunner Map Task Executor #0] mr.ExecMapper: 
<MAP>Id =0
  <Children>null
  <\Children>
  <Parent><\Parent>
<\MAP>
2024-04-24T05:22:40,458  INFO [LocalJobRunner Map Task Executor #0] exec.TableScanOperator: Initializing Operator: TS[0]
2024-04-24T05:22:40,458  INFO [LocalJobRunner Map Task Executor #0] exec.SelectOperator: Initializing Operator: SEL[1]
2024-04-24T05:22:40,458  INFO [LocalJobRunner Map Task Executor #0] exec.SelectOperator: SELECT struct<a:int,b:int,input__file__name:string>
2024-04-24T05:22:40,458  INFO [LocalJobRunner Map Task Executor #0] exec.ReduceSinkOperator: Initializing Operator: RS[2]
2024-04-24T05:22:40,458  INFO [LocalJobRunner Map Task Executor #0] exec.ReduceSinkOperator: Using tag = -1
2024-04-24T05:22:40,458  INFO [LocalJobRunner Map Task Executor #0] exec.ReduceSinkOperator: keys are [reducesinkkey0, reducesinkkey1, reducesinkkey2] num distributions: 3
2024-04-24T05:22:40,458  INFO [LocalJobRunner Map Task Executor #0] exec.ReduceSinkOperator: RS[2]: records written - 1
2024-04-24T05:22:40,458  INFO [LocalJobRunner Map Task Executor #0] exec.MapOperator: MAP[0]: records read - 1
2024-04-24T05:22:40,459  INFO [LocalJobRunner Map Task Executor #0] exec.MapOperator: Closing Operator: MAP[0]
2024-04-24T05:22:40,459  INFO [LocalJobRunner Map Task Executor #0] exec.MapOperator: MAP[0]: Total records read - 2. abort - false
2024-04-24T05:22:40,459  INFO [LocalJobRunner Map Task Executor #0] exec.MapOperator: RECORDS_OUT_INTERMEDIATE:0, RECORDS_IN:2, RECORDS_OUT_OPERATOR_MAP_0:0, DESERIALIZE_ERRORS:0, 
2024-04-24T05:22:40,459  INFO [LocalJobRunner Map Task Executor #0] exec.TableScanOperator: Closing Operator: TS[0]
2024-04-24T05:22:40,459  INFO [LocalJobRunner Map Task Executor #0] exec.TableScanOperator: RECORDS_OUT_INTERMEDIATE:0, RECORDS_OUT_OPERATOR_TS_0:2, 
2024-04-24T05:22:40,459  INFO [LocalJobRunner Map Task Executor #0] exec.SelectOperator: Closing Operator: SEL[1]
2024-04-24T05:22:40,459  INFO [LocalJobRunner Map Task Executor #0] exec.SelectOperator: RECORDS_OUT_INTERMEDIATE:0, RECORDS_OUT_OPERATOR_SEL_1:2, 
2024-04-24T05:22:40,459  INFO [LocalJobRunner Map Task Executor #0] exec.ReduceSinkOperator: Closing Operator: RS[2]
2024-04-24T05:22:40,459  INFO [LocalJobRunner Map Task Executor #0] exec.ReduceSinkOperator: RS[2]: Total records written - 2. abort - false
2024-04-24T05:22:40,459  INFO [LocalJobRunner Map Task Executor #0] exec.ReduceSinkOperator: RECORDS_OUT_OPERATOR_RS_2:2, RECORDS_OUT_INTERMEDIATE:2, 
2024-04-24T05:22:40,459  INFO [LocalJobRunner Map Task Executor #0] mapred.LocalJobRunner: 
2024-04-24T05:22:40,459  INFO [LocalJobRunner Map Task Executor #0] mapred.MapTask: Starting flush of map output
2024-04-24T05:22:40,459  INFO [LocalJobRunner Map Task Executor #0] mapred.MapTask: Spilling map output
2024-04-24T05:22:40,459  INFO [LocalJobRunner Map Task Executor #0] mapred.MapTask: bufstart = 0; bufend = 292; bufvoid = 104857600
2024-04-24T05:22:40,459  INFO [LocalJobRunner Map Task Executor #0] mapred.MapTask: kvstart = 26214396(104857584); kvend = 26214392(104857568); length = 5/6553600
2024-04-24T05:22:40,473  INFO [LocalJobRunner Map Task Executor #0] mapred.MapTask: Finished spill 0
2024-04-24T05:22:40,481  INFO [LocalJobRunner Map Task Executor #0] mapred.Task: Task:attempt_local38273801_0051_m_000005_0 is done. And is in the process of committing
2024-04-24T05:22:40,483  INFO [LocalJobRunner Map Task Executor #0] mapred.LocalJobRunner: map
2024-04-24T05:22:40,483  INFO [LocalJobRunner Map Task Executor #0] mapred.Task: Task 'attempt_local38273801_0051_m_000005_0' done.
2024-04-24T05:22:40,483  INFO [LocalJobRunner Map Task Executor #0] mapred.Task: Final Counters for attempt_local38273801_0051_m_000005_0: Counters: 24
	File System Counters
		FILE: Number of bytes read=1191258
		FILE: Number of bytes written=60070126
		FILE: Number of read operations=0
		FILE: Number of large read operations=0
		FILE: Number of write operations=0
	Map-Reduce Framework
		Map input records=2
		Map output records=2
		Map output bytes=292
		Map output materialized bytes=304
		Input split bytes=451
		Combine input records=0
		Spilled Records=2
		Failed Shuffles=0
		Merged Map outputs=0
		GC time elapsed (ms)=0
		Total committed heap usage (bytes)=1246756864
	HIVE
		DESERIALIZE_ERRORS=0
		RECORDS_IN=2
		RECORDS_OUT_INTERMEDIATE=2
		RECORDS_OUT_OPERATOR_MAP_0=0
		RECORDS_OUT_OPERATOR_RS_2=2
		RECORDS_OUT_OPERATOR_SEL_1=2
		RECORDS_OUT_OPERATOR_TS_0=2
	File Input Format Counters 
		Bytes Read=5726
2024-04-24T05:22:40,483  INFO [LocalJobRunner Map Task Executor #0] mapred.LocalJobRunner: Finishing task: attempt_local38273801_0051_m_000005_0
2024-04-24T05:22:40,483  INFO [LocalJobRunner Map Task Executor #0] mapred.LocalJobRunner: Starting task: attempt_local38273801_0051_m_000006_0
2024-04-24T05:22:40,484  INFO [LocalJobRunner Map Task Executor #0] mapred.Task:  Using ResourceCalculatorProcessTree : [ ]
2024-04-24T05:22:40,485  INFO [LocalJobRunner Map Task Executor #0] mapred.MapTask: Processing split: org.apache.hadoop.hive.ql.io.orc.OrcInputFormat:OrcSplit [file:/home/alex/Repositories/hive/ql/target/tmp/org.apache.hadoop.hive.ql.TestTxnNoBuckets-1713961246971/warehouse/t/000000_0_copy_1, start=0, length=241, isOriginal=true, fileLength=241, hasFooter=false, hasBase=true, deltas=0]
2024-04-24T05:22:40,486  INFO [LocalJobRunner Map Task Executor #0] exec.SerializationUtilities: Deserializing MapWork using kryo
2024-04-24T05:22:40,487  INFO [LocalJobRunner Map Task Executor #0] exec.Utilities: Deserialized plan (via FILE) - name: null size: 4,60KB
2024-04-24T05:22:40,489  INFO [LocalJobRunner Map Task Executor #0] orc.ReaderImpl: Reading ORC rows from file:/home/alex/Repositories/hive/ql/target/tmp/org.apache.hadoop.hive.ql.TestTxnNoBuckets-1713961246971/warehouse/t/000000_0_copy_1 with {include: [true, true, true], offset: 0, length: 241, schema: struct<a:int,b:int>, includeAcidColumns: true}
2024-04-24T05:22:40,491  INFO [LocalJobRunner Map Task Executor #0] mapred.MapTask: numReduceTasks: 1
2024-04-24T05:22:40,509  INFO [LocalJobRunner Map Task Executor #0] mapred.MapTask: (EQUATOR) 0 kvi 26214396(104857584)
2024-04-24T05:22:40,509  INFO [LocalJobRunner Map Task Executor #0] mapred.MapTask: mapreduce.task.io.sort.mb: 100
2024-04-24T05:22:40,509  INFO [LocalJobRunner Map Task Executor #0] mapred.MapTask: soft limit at 83886080
2024-04-24T05:22:40,509  INFO [LocalJobRunner Map Task Executor #0] mapred.MapTask: bufstart = 0; bufvoid = 104857600
2024-04-24T05:22:40,509  INFO [LocalJobRunner Map Task Executor #0] mapred.MapTask: kvstart = 26214396; length = 6553600
2024-04-24T05:22:40,510  INFO [LocalJobRunner Map Task Executor #0] mapred.MapTask: Map output collector class = org.apache.hadoop.mapred.MapTask$MapOutputBuffer
2024-04-24T05:22:40,510  INFO [LocalJobRunner Map Task Executor #0] exec.MapOperator: Initializing Operator: MAP[0]
2024-04-24T05:22:40,512  INFO [LocalJobRunner Map Task Executor #0] mr.ExecMapper: 
<MAP>Id =0
  <Children>null
  <\Children>
  <Parent><\Parent>
<\MAP>
2024-04-24T05:22:40,513  INFO [LocalJobRunner Map Task Executor #0] exec.TableScanOperator: Initializing Operator: TS[0]
2024-04-24T05:22:40,513  INFO [LocalJobRunner Map Task Executor #0] exec.SelectOperator: Initializing Operator: SEL[1]
2024-04-24T05:22:40,513  INFO [LocalJobRunner Map Task Executor #0] exec.SelectOperator: SELECT struct<a:int,b:int,input__file__name:string>
2024-04-24T05:22:40,513  INFO [LocalJobRunner Map Task Executor #0] exec.ReduceSinkOperator: Initializing Operator: RS[2]
2024-04-24T05:22:40,513  INFO [LocalJobRunner Map Task Executor #0] exec.ReduceSinkOperator: Using tag = -1
2024-04-24T05:22:40,514  INFO [LocalJobRunner Map Task Executor #0] exec.ReduceSinkOperator: keys are [reducesinkkey0, reducesinkkey1, reducesinkkey2] num distributions: 3
2024-04-24T05:22:40,514  INFO [LocalJobRunner Map Task Executor #0] exec.ReduceSinkOperator: RS[2]: records written - 1
2024-04-24T05:22:40,514  INFO [LocalJobRunner Map Task Executor #0] exec.MapOperator: MAP[0]: records read - 1
2024-04-24T05:22:40,514  INFO [LocalJobRunner Map Task Executor #0] exec.MapOperator: Closing Operator: MAP[0]
2024-04-24T05:22:40,514  INFO [LocalJobRunner Map Task Executor #0] exec.MapOperator: MAP[0]: Total records read - 1. abort - false
2024-04-24T05:22:40,514  INFO [LocalJobRunner Map Task Executor #0] exec.MapOperator: RECORDS_OUT_OPERATOR_MAP_0:0, RECORDS_IN:1, DESERIALIZE_ERRORS:0, RECORDS_OUT_INTERMEDIATE:0, 
2024-04-24T05:22:40,514  INFO [LocalJobRunner Map Task Executor #0] exec.TableScanOperator: Closing Operator: TS[0]
2024-04-24T05:22:40,514  INFO [LocalJobRunner Map Task Executor #0] exec.TableScanOperator: RECORDS_OUT_INTERMEDIATE:0, RECORDS_OUT_OPERATOR_TS_0:1, 
2024-04-24T05:22:40,515  INFO [LocalJobRunner Map Task Executor #0] exec.SelectOperator: Closing Operator: SEL[1]
2024-04-24T05:22:40,515  INFO [LocalJobRunner Map Task Executor #0] exec.SelectOperator: RECORDS_OUT_INTERMEDIATE:0, RECORDS_OUT_OPERATOR_SEL_1:1, 
2024-04-24T05:22:40,515  INFO [LocalJobRunner Map Task Executor #0] exec.ReduceSinkOperator: Closing Operator: RS[2]
2024-04-24T05:22:40,515  INFO [LocalJobRunner Map Task Executor #0] exec.ReduceSinkOperator: RS[2]: Total records written - 1. abort - false
2024-04-24T05:22:40,515  INFO [LocalJobRunner Map Task Executor #0] exec.ReduceSinkOperator: RECORDS_OUT_INTERMEDIATE:1, RECORDS_OUT_OPERATOR_RS_2:1, 
2024-04-24T05:22:40,516  INFO [LocalJobRunner Map Task Executor #0] mapred.LocalJobRunner: 
2024-04-24T05:22:40,516  INFO [LocalJobRunner Map Task Executor #0] mapred.MapTask: Starting flush of map output
2024-04-24T05:22:40,516  INFO [LocalJobRunner Map Task Executor #0] mapred.MapTask: Spilling map output
2024-04-24T05:22:40,516  INFO [LocalJobRunner Map Task Executor #0] mapred.MapTask: bufstart = 0; bufend = 153; bufvoid = 104857600
2024-04-24T05:22:40,516  INFO [LocalJobRunner Map Task Executor #0] mapred.MapTask: kvstart = 26214396(104857584); kvend = 26214396(104857584); length = 1/6553600
2024-04-24T05:22:40,527  INFO [LocalJobRunner Map Task Executor #0] mapred.MapTask: Finished spill 0
2024-04-24T05:22:40,532  INFO [LocalJobRunner Map Task Executor #0] mapred.Task: Task:attempt_local38273801_0051_m_000006_0 is done. And is in the process of committing
2024-04-24T05:22:40,533  INFO [LocalJobRunner Map Task Executor #0] mapred.LocalJobRunner: map
2024-04-24T05:22:40,533  INFO [LocalJobRunner Map Task Executor #0] mapred.Task: Task 'attempt_local38273801_0051_m_000006_0' done.
2024-04-24T05:22:40,533  INFO [LocalJobRunner Map Task Executor #0] mapred.Task: Final Counters for attempt_local38273801_0051_m_000006_0: Counters: 24
	File System Counters
		FILE: Number of bytes read=1197646
		FILE: Number of bytes written=60070320
		FILE: Number of read operations=0
		FILE: Number of large read operations=0
		FILE: Number of write operations=0
	Map-Reduce Framework
		Map input records=1
		Map output records=1
		Map output bytes=153
		Map output materialized bytes=162
		Input split bytes=459
		Combine input records=0
		Spilled Records=1
		Failed Shuffles=0
		Merged Map outputs=0
		GC time elapsed (ms)=9
		Total committed heap usage (bytes)=1247281152
	HIVE
		DESERIALIZE_ERRORS=0
		RECORDS_IN=1
		RECORDS_OUT_INTERMEDIATE=1
		RECORDS_OUT_OPERATOR_MAP_0=0
		RECORDS_OUT_OPERATOR_RS_2=1
		RECORDS_OUT_OPERATOR_SEL_1=1
		RECORDS_OUT_OPERATOR_TS_0=1
	File Input Format Counters 
		Bytes Read=5674
2024-04-24T05:22:40,533  INFO [LocalJobRunner Map Task Executor #0] mapred.LocalJobRunner: Finishing task: attempt_local38273801_0051_m_000006_0
2024-04-24T05:22:40,533  INFO [Thread-3274] mapred.LocalJobRunner: map task executor complete.
2024-04-24T05:22:40,534  INFO [Thread-3274] mapred.LocalJobRunner: Waiting for reduce tasks
2024-04-24T05:22:40,534  INFO [pool-222-thread-1] mapred.LocalJobRunner: Starting task: attempt_local38273801_0051_r_000000_0
2024-04-24T05:22:40,535  INFO [pool-222-thread-1] mapred.Task:  Using ResourceCalculatorProcessTree : [ ]
2024-04-24T05:22:40,535  INFO [pool-222-thread-1] mapred.ReduceTask: Using ShuffleConsumerPlugin: org.apache.hadoop.mapreduce.task.reduce.Shuffle@13a51982
2024-04-24T05:22:40,535  WARN [pool-222-thread-1] impl.MetricsSystemImpl: JobTracker metrics system already initialized!
2024-04-24T05:22:40,537  INFO [pool-222-thread-1] reduce.MergeManagerImpl: MergerManager: memoryLimit=1336252800, maxSingleShuffleLimit=334063200, mergeThreshold=881926912, ioSortFactor=10, memToMemMergeOutputsThreshold=10
2024-04-24T05:22:40,538  INFO [EventFetcher for fetching Map Completion Events] reduce.EventFetcher: attempt_local38273801_0051_r_000000_0 Thread started: EventFetcher for fetching Map Completion Events
2024-04-24T05:22:40,542  INFO [localfetcher#32] reduce.LocalFetcher: localfetcher#32 about to shuffle output of map attempt_local38273801_0051_m_000005_0 decomp: 300 len: 304 to MEMORY
2024-04-24T05:22:40,542  INFO [localfetcher#32] reduce.InMemoryMapOutput: Read 300 bytes from map-output for attempt_local38273801_0051_m_000005_0
2024-04-24T05:22:40,542  INFO [localfetcher#32] reduce.MergeManagerImpl: closeInMemoryFile -> map-output of size: 300, inMemoryMapOutputs.size() -> 1, commitMemory -> 0, usedMemory ->300
2024-04-24T05:22:40,545  INFO [localfetcher#32] reduce.LocalFetcher: localfetcher#32 about to shuffle output of map attempt_local38273801_0051_m_000002_0 decomp: 342 len: 346 to MEMORY
2024-04-24T05:22:40,545  INFO [localfetcher#32] reduce.InMemoryMapOutput: Read 342 bytes from map-output for attempt_local38273801_0051_m_000002_0
2024-04-24T05:22:40,545  INFO [localfetcher#32] reduce.MergeManagerImpl: closeInMemoryFile -> map-output of size: 342, inMemoryMapOutputs.size() -> 2, commitMemory -> 300, usedMemory ->642
2024-04-24T05:22:40,548  INFO [localfetcher#32] reduce.LocalFetcher: localfetcher#32 about to shuffle output of map attempt_local38273801_0051_m_000001_0 decomp: 300 len: 304 to MEMORY
2024-04-24T05:22:40,548  INFO [localfetcher#32] reduce.InMemoryMapOutput: Read 300 bytes from map-output for attempt_local38273801_0051_m_000001_0
2024-04-24T05:22:40,548  INFO [localfetcher#32] reduce.MergeManagerImpl: closeInMemoryFile -> map-output of size: 300, inMemoryMapOutputs.size() -> 3, commitMemory -> 642, usedMemory ->942
2024-04-24T05:22:40,551  INFO [localfetcher#32] reduce.LocalFetcher: localfetcher#32 about to shuffle output of map attempt_local38273801_0051_m_000003_0 decomp: 172 len: 176 to MEMORY
2024-04-24T05:22:40,552  INFO [localfetcher#32] reduce.InMemoryMapOutput: Read 172 bytes from map-output for attempt_local38273801_0051_m_000003_0
2024-04-24T05:22:40,552  INFO [localfetcher#32] reduce.MergeManagerImpl: closeInMemoryFile -> map-output of size: 172, inMemoryMapOutputs.size() -> 4, commitMemory -> 942, usedMemory ->1114
2024-04-24T05:22:40,556  INFO [localfetcher#32] reduce.LocalFetcher: localfetcher#32 about to shuffle output of map attempt_local38273801_0051_m_000006_0 decomp: 158 len: 162 to MEMORY
2024-04-24T05:22:40,556  INFO [localfetcher#32] reduce.InMemoryMapOutput: Read 158 bytes from map-output for attempt_local38273801_0051_m_000006_0
2024-04-24T05:22:40,556  INFO [localfetcher#32] reduce.MergeManagerImpl: closeInMemoryFile -> map-output of size: 158, inMemoryMapOutputs.size() -> 5, commitMemory -> 1114, usedMemory ->1272
2024-04-24T05:22:40,560  INFO [localfetcher#32] reduce.LocalFetcher: localfetcher#32 about to shuffle output of map attempt_local38273801_0051_m_000004_0 decomp: 151 len: 155 to MEMORY
2024-04-24T05:22:40,560  INFO [localfetcher#32] reduce.InMemoryMapOutput: Read 151 bytes from map-output for attempt_local38273801_0051_m_000004_0
2024-04-24T05:22:40,560  INFO [localfetcher#32] reduce.MergeManagerImpl: closeInMemoryFile -> map-output of size: 151, inMemoryMapOutputs.size() -> 6, commitMemory -> 1272, usedMemory ->1423
2024-04-24T05:22:40,564  INFO [localfetcher#32] reduce.LocalFetcher: localfetcher#32 about to shuffle output of map attempt_local38273801_0051_m_000000_0 decomp: 172 len: 176 to MEMORY
2024-04-24T05:22:40,564  INFO [localfetcher#32] reduce.InMemoryMapOutput: Read 172 bytes from map-output for attempt_local38273801_0051_m_000000_0
2024-04-24T05:22:40,565  INFO [localfetcher#32] reduce.MergeManagerImpl: closeInMemoryFile -> map-output of size: 172, inMemoryMapOutputs.size() -> 7, commitMemory -> 1423, usedMemory ->1595
2024-04-24T05:22:40,565  INFO [EventFetcher for fetching Map Completion Events] reduce.EventFetcher: EventFetcher is interrupted.. Returning
2024-04-24T05:22:40,566  INFO [pool-222-thread-1] mapred.LocalJobRunner: 7 / 7 copied.
2024-04-24T05:22:40,566  INFO [pool-222-thread-1] reduce.MergeManagerImpl: finalMerge called with 7 in-memory map-outputs and 0 on-disk map-outputs
2024-04-24T05:22:40,579  INFO [pool-222-thread-1] mapred.Merger: Merging 7 sorted segments
2024-04-24T05:22:40,579  INFO [pool-222-thread-1] mapred.Merger: Down to the last merge-pass, with 7 segments left of total size: 510 bytes
2024-04-24T05:22:40,586  INFO [pool-222-thread-1] reduce.MergeManagerImpl: Merged 7 segments, 1595 bytes to disk to satisfy reduce memory limit
2024-04-24T05:22:40,587  INFO [pool-222-thread-1] reduce.MergeManagerImpl: Merging 1 files, 1587 bytes from disk
2024-04-24T05:22:40,587  INFO [pool-222-thread-1] reduce.MergeManagerImpl: Merging 0 segments, 0 bytes from memory into reduce
2024-04-24T05:22:40,587  INFO [pool-222-thread-1] mapred.Merger: Merging 1 sorted segments
2024-04-24T05:22:40,587  INFO [pool-222-thread-1] mapred.Merger: Down to the last merge-pass, with 1 segments left of total size: 1438 bytes
2024-04-24T05:22:40,587  INFO [pool-222-thread-1] mapred.LocalJobRunner: 7 / 7 copied.
2024-04-24T05:22:40,588  INFO [pool-222-thread-1] exec.SerializationUtilities: Deserializing ReduceWork using kryo
2024-04-24T05:22:40,589  INFO [pool-222-thread-1] exec.Utilities: Deserialized plan (via FILE) - name: null size: 5,69KB
2024-04-24T05:22:40,592  INFO [pool-222-thread-1] ExecReducer: 
<SEL>Id =3
  <Children>
    <FS>Id =4
      <Children>
      <\Children>
      <Parent>Id = 3 null<\Parent>
    <\FS>
  <\Children>
  <Parent><\Parent>
<\SEL>
2024-04-24T05:22:40,592  INFO [pool-222-thread-1] exec.SelectOperator: Initializing Operator: SEL[3]
2024-04-24T05:22:40,592  INFO [pool-222-thread-1] exec.SelectOperator: SELECT struct<key:struct<reducesinkkey0:int,reducesinkkey1:int,reducesinkkey2:string>,value:struct<>>
2024-04-24T05:22:40,592  INFO [pool-222-thread-1] exec.FileSinkOperator: Initializing Operator: FS[4]
2024-04-24T05:22:40,593  INFO [pool-222-thread-1] exec.FileSinkOperator: Using serializer : class org.apache.hadoop.hive.serde2.lazy.LazySimpleSerDe [serdeParams=org.apache.hadoop.hive.serde2.lazy.LazySerDeParameters@37d343bd, cachedObjectInspector=org.apache.hadoop.hive.serde2.lazy.objectinspector.LazySimpleStructObjectInspector<org.apache.hadoop.hive.serde2.lazy.objectinspector.primitive.LazyIntObjectInspector@cbf9cc1,org.apache.hadoop.hive.serde2.lazy.objectinspector.primitive.LazyIntObjectInspector@cbf9cc1,org.apache.hadoop.hive.serde2.lazy.objectinspector.primitive.LazyStringObjectInspector@71549247>, serializedSize=0, stats=org.apache.hadoop.hive.serde2.SerDeStats@1623efb3, lastOperationSerialize=false, lastOperationDeserialize=false [1, 2, 3, 4, 5, 6, 7, 8, 11, 14, 15, 16, 17, 18, 19, 20, 21, 22, 23, 24, 25, 26, 28, 29, 30, 31, -128, -127, -126, -125, -124, -123, -122, -121, -120, -119, -118, -117, -116, -115, -114, -113, -112, -111, -110, -109, -108, -107, -106, -105, -104, -103, -102, -101, -100, -99, -98, -97, -96, -95, -94, -93, -92, -91, -90, -89, -88, -87, -86, -85, -84, -83, -82, -81, -80, -79, -78, -77, -76, -75, -74, -73, -72, -71, -70, -69, -68, -67, -66, -65, -64, -63, -62, -61, -60, -59, -58, -57, -56, -55, -54, -53, -52, -51, -50, -49, -48, -47, -46, -45, -44, -43, -42, -41, -40, -39, -38, -37, -36, -35, -34, -33, -32, -31, -30, -29, -28, -27, -26, -25, -24, -23, -22, -21, -20, -19, -18, -17, -16, -15, -14, -13, -12, -11, -10, -9, -8, -7, -6, -5, -4, -3, -2, -1] : [_col0, _col1, _col2] : [int, int, string]] and formatter : org.apache.hadoop.hive.ql.io.HiveSequenceFileOutputFormat@4753fc7
2024-04-24T05:22:40,594  INFO [pool-222-thread-1] exec.FileSinkOperator: Final Path: FS file:/home/alex/Repositories/hive/ql/target/tmp/localscratchdir/60b21767-3741-46b4-add5-ecda5376357f/hive_2024-04-24_05-22-39_902_988590716674162708-1/-mr-10001/.hive-staging_hive_2024-04-24_05-22-39_902_988590716674162708-1/_tmp.-ext-10002/000000_0
2024-04-24T05:22:40,594  INFO [pool-222-thread-1] exec.FileSinkOperator: Writing to temp file: FS file:/home/alex/Repositories/hive/ql/target/tmp/localscratchdir/60b21767-3741-46b4-add5-ecda5376357f/hive_2024-04-24_05-22-39_902_988590716674162708-1/-mr-10001/.hive-staging_hive_2024-04-24_05-22-39_902_988590716674162708-1/_task_tmp.-ext-10002/_tmp.000000_0
2024-04-24T05:22:40,594  INFO [pool-222-thread-1] exec.FileSinkOperator: New Final Path: FS file:/home/alex/Repositories/hive/ql/target/tmp/localscratchdir/60b21767-3741-46b4-add5-ecda5376357f/hive_2024-04-24_05-22-39_902_988590716674162708-1/-mr-10001/.hive-staging_hive_2024-04-24_05-22-39_902_988590716674162708-1/_tmp.-ext-10002/000000_0
2024-04-24T05:22:40,616  INFO [pool-222-thread-1] exec.FileSinkOperator: FS[4]: records written - 1
2024-04-24T05:22:40,618  INFO [pool-222-thread-1] exec.FileSinkOperator: FS[4]: records written - 10
2024-04-24T05:22:40,618  INFO [pool-222-thread-1] exec.SelectOperator: Closing Operator: SEL[3]
2024-04-24T05:22:40,618  INFO [pool-222-thread-1] exec.SelectOperator: RECORDS_OUT_OPERATOR_SEL_3:10, RECORDS_OUT_INTERMEDIATE:0, 
2024-04-24T05:22:40,618  INFO [pool-222-thread-1] exec.FileSinkOperator: Closing Operator: FS[4]
2024-04-24T05:22:40,618  INFO [pool-222-thread-1] exec.FileSinkOperator: FS[4]: records written - 10
2024-04-24T05:22:40,619  INFO [pool-222-thread-1] exec.FileSinkOperator: RECORDS_OUT_INTERMEDIATE:0, RECORDS_OUT_OPERATOR_FS_4:10, RECORDS_OUT_0:10, 
2024-04-24T05:22:40,620  INFO [pool-222-thread-1] mapred.Task: Task:attempt_local38273801_0051_r_000000_0 is done. And is in the process of committing
2024-04-24T05:22:40,621  INFO [pool-222-thread-1] mapred.LocalJobRunner: reduce > reduce
2024-04-24T05:22:40,621  INFO [pool-222-thread-1] mapred.Task: Task 'attempt_local38273801_0051_r_000000_0' done.
2024-04-24T05:22:40,621  INFO [pool-222-thread-1] mapred.Task: Final Counters for attempt_local38273801_0051_r_000000_0: Counters: 29
	File System Counters
		FILE: Number of bytes read=1206826
		FILE: Number of bytes written=60073550
		FILE: Number of read operations=0
		FILE: Number of large read operations=0
		FILE: Number of write operations=0
	Map-Reduce Framework
		Combine input records=0
		Combine output records=0
		Reduce input groups=10
		Reduce shuffle bytes=1623
		Reduce input records=10
		Reduce output records=0
		Spilled Records=10
		Shuffled Maps =7
		Failed Shuffles=0
		Merged Map outputs=7
		GC time elapsed (ms)=0
		Total committed heap usage (bytes)=1247281152
	HIVE
		CREATED_FILES=1
		RECORDS_OUT_0=10
		RECORDS_OUT_INTERMEDIATE=0
		RECORDS_OUT_OPERATOR_FS_4=10
		RECORDS_OUT_OPERATOR_SEL_3=10
	Shuffle Errors
		BAD_ID=0
		CONNECTION=0
		IO_ERROR=0
		WRONG_LENGTH=0
		WRONG_MAP=0
		WRONG_REDUCE=0
	File Output Format Counters 
		Bytes Written=0
2024-04-24T05:22:40,621  INFO [pool-222-thread-1] mapred.LocalJobRunner: Finishing task: attempt_local38273801_0051_r_000000_0
2024-04-24T05:22:40,621  INFO [Thread-3274] mapred.LocalJobRunner: reduce task executor complete.
2024-04-24 05:22:41,295 Stage-1 map = 100%,  reduce = 100%
2024-04-24T05:22:41,295  INFO [main] exec.Task: 2024-04-24 05:22:41,295 Stage-1 map = 100%,  reduce = 100%
Ended Job = job_local38273801_0051
2024-04-24T05:22:41,297  INFO [main] exec.Task: Ended Job = job_local38273801_0051
2024-04-24T05:22:41,298  INFO [main] metadata.Hive: Dumping metastore api call timing information for : execution phase
2024-04-24T05:22:41,298  INFO [main] metadata.Hive: Total time spent in each metastore function (ms): {}
MapReduce Jobs Launched: 
2024-04-24T05:22:41,298  INFO [main] ql.Driver: MapReduce Jobs Launched: 
Stage-Stage-1:  HDFS Read: 0 HDFS Write: 0 SUCCESS
2024-04-24T05:22:41,298  INFO [main] ql.Driver: Stage-Stage-1:  HDFS Read: 0 HDFS Write: 0 SUCCESS
Total MapReduce CPU Time Spent: 0 msec
2024-04-24T05:22:41,298  INFO [main] ql.Driver: Total MapReduce CPU Time Spent: 0 msec
2024-04-24T05:22:41,298  INFO [main] ql.Driver: Completed executing command(queryId=alex_20240424052237_f4520b97-d540-4fab-802e-cbe8a67fabe3); Time taken: 1.279 seconds
2024-04-24T05:22:41,298  INFO [main] lockmgr.DbTxnManager: Stopped heartbeat for query: alex_20240424052237_f4520b97-d540-4fab-802e-cbe8a67fabe3
2024-04-24T05:22:41,301  INFO [main] txn.TxnHandler: Expected to move at least one record from txn_components to completed_txn_components when committing txn! txnid:20
2024-04-24T05:22:41,306  INFO [main] txn.TxnHandler: Removed transactions: ([20]) from MIN_HISTORY_LEVEL
2024-04-24T05:22:41,306  WARN [main] txn.CompactionTxnHandler: No compaction queue record found for Compaction type transaction commit. txnId:20
2024-04-24T05:22:41,309  INFO [main] mapred.FileInputFormat: Total input files to process : 1
2024-04-24T05:22:41,310  INFO [main] exec.ListSinkOperator: Closing Operator: LIST_SINK[5]
2024-04-24T05:22:41,310  INFO [main] exec.ListSinkOperator: RECORDS_OUT_OPERATOR_LIST_SINK_5:10, RECORDS_OUT_INTERMEDIATE:0, 
2024-04-24T05:22:41,310  WARN [main] ql.TestTxnNoBuckets: null: read data(before converting to acid (with multi level data layout)): 
2024-04-24T05:22:41,310  INFO [main] ql.TestTxnNoBuckets: 1	2	file:/home/alex/Repositories/hive/ql/target/tmp/org.apache.hadoop.hive.ql.TestTxnNoBuckets-1713961246971/warehouse/t/000002_0
2	4	file:/home/alex/Repositories/hive/ql/target/tmp/org.apache.hadoop.hive.ql.TestTxnNoBuckets-1713961246971/warehouse/t/000002_0
5	6	file:/home/alex/Repositories/hive/ql/target/tmp/org.apache.hadoop.hive.ql.TestTxnNoBuckets-1713961246971/warehouse/t/000000_0
6	8	file:/home/alex/Repositories/hive/ql/target/tmp/org.apache.hadoop.hive.ql.TestTxnNoBuckets-1713961246971/warehouse/t/000001_0
9	10	file:/home/alex/Repositories/hive/ql/target/tmp/org.apache.hadoop.hive.ql.TestTxnNoBuckets-1713961246971/warehouse/t/000000_0
10	20	file:/home/alex/Repositories/hive/ql/target/tmp/org.apache.hadoop.hive.ql.TestTxnNoBuckets-1713961246971/warehouse/t/HIVE_UNION_SUBDIR_15/000000_0
12	12	file:/home/alex/Repositories/hive/ql/target/tmp/org.apache.hadoop.hive.ql.TestTxnNoBuckets-1713961246971/warehouse/t/000000_0_copy_1
20	40	file:/home/alex/Repositories/hive/ql/target/tmp/org.apache.hadoop.hive.ql.TestTxnNoBuckets-1713961246971/warehouse/t/HIVE_UNION_SUBDIR_15/000000_0
50	60	file:/home/alex/Repositories/hive/ql/target/tmp/org.apache.hadoop.hive.ql.TestTxnNoBuckets-1713961246971/warehouse/t/HIVE_UNION_SUBDIR_16/000000_0
60	80	file:/home/alex/Repositories/hive/ql/target/tmp/org.apache.hadoop.hive.ql.TestTxnNoBuckets-1713961246971/warehouse/t/HIVE_UNION_SUBDIR_16/000001_0

2024-04-24T05:22:41,310  INFO [main] ql.TxnCommandsBaseForTests: Running the query: alter table T SET TBLPROPERTIES ('transactional'='true')
2024-04-24T05:22:41,311  INFO [main] ql.Context: Deleting scratch dir: file:/home/alex/Repositories/hive/ql/target/tmp/localscratchdir/60b21767-3741-46b4-add5-ecda5376357f/hive_2024-04-24_05-22-39_902_988590716674162708-1
2024-04-24T05:22:41,311  INFO [main] cleanup.SyncCleanupService: Deleted directory: file:/home/alex/Repositories/hive/ql/target/tmp/localscratchdir/60b21767-3741-46b4-add5-ecda5376357f/hive_2024-04-24_05-22-39_902_988590716674162708-1 on fs with scheme file
2024-04-24T05:22:41,311  INFO [main] ql.Driver: Compiling command(queryId=alex_20240424052237_f4520b97-d540-4fab-802e-cbe8a67fabe3): alter table T SET TBLPROPERTIES ('transactional'='true')
2024-04-24T05:22:41,314  INFO [main] txn.TxnHandler: Added entries to MIN_HISTORY_LEVEL for current txns: ([21]) with min_open_txn: 21
2024-04-24T05:22:41,314  INFO [main] lockmgr.DbTxnManager: Opened txnid:21
2024-04-24T05:22:41,314  INFO [main] HiveMetaStore.audit: ugi=alex	ip=unknown-ip-addr	cmd=get_table : tbl=hive.default.T	
2024-04-24T05:22:41,322  INFO [main] metastore.HMSHandler: Skipping translation for processor with null
2024-04-24T05:22:41,322  INFO [main] HiveMetaStore.audit: ugi=alex	ip=unknown-ip-addr	cmd=get_table : tbl=hive.default.T	
2024-04-24T05:22:41,330  INFO [main] metastore.HMSHandler: Skipping translation for processor with null
2024-04-24T05:22:41,330  INFO [main] ql.Driver: Semantic Analysis Completed (retrial = false)
2024-04-24T05:22:41,330  INFO [main] ql.Driver: Created Hive schema: Schema(fieldSchemas:null, properties:null)
2024-04-24T05:22:41,330  INFO [main] metadata.Hive: Dumping metastore api call timing information for : compilation phase
2024-04-24T05:22:41,330  INFO [main] metadata.Hive: Total time spent in each metastore function (ms): {getTable_(GetTableRequest)=16, commitTxn_(CommitTxnRequest)=7, getValidTxns_(long)=0, flushCache_()=0, openTxn_(String, TxnType)=2, isCompatibleWith_(Configuration)=1}
2024-04-24T05:22:41,330  INFO [main] ql.Driver: Completed compiling command(queryId=alex_20240424052237_f4520b97-d540-4fab-802e-cbe8a67fabe3); Time taken: 0.019 seconds
2024-04-24T05:22:41,331  INFO [main] lockmgr.DbTxnManager: Setting lock request transaction to txnid:21 for queryId=alex_20240424052237_f4520b97-d540-4fab-802e-cbe8a67fabe3
2024-04-24T05:22:41,331  INFO [main] lockmgr.DbLockManager: Requesting lock for queryId=alex_20240424052237_f4520b97-d540-4fab-802e-cbe8a67fabe3
2024-04-24T05:22:41,343  INFO [main] lockmgr.DbLockManager: Response to queryId=alex_20240424052237_f4520b97-d540-4fab-802e-cbe8a67fabe3 LockResponse(lockid:15, state:ACQUIRED)
2024-04-24T05:22:41,343  INFO [main] ql.Driver: Operation ALTERTABLE_PROPERTIES obtained 1 locks
2024-04-24T05:22:41,343  INFO [main] ql.Driver: Executing command(queryId=alex_20240424052237_f4520b97-d540-4fab-802e-cbe8a67fabe3): alter table T SET TBLPROPERTIES ('transactional'='true')
2024-04-24T05:22:41,343  INFO [main] ql.Driver: Starting task [Stage-0:DDL] in serial mode
2024-04-24T05:22:41,344  INFO [main] HiveMetaStore.audit: ugi=alex	ip=unknown-ip-addr	cmd=get_table : tbl=hive.default.T	
2024-04-24T05:22:41,351  INFO [main] metastore.HMSHandler: Skipping translation for processor with null
2024-04-24T05:22:41,354  INFO [main] HiveMetaStore.audit: ugi=alex	ip=unknown-ip-addr	cmd=alter_table: hive.default.T newtbl=t	
2024-04-24T05:22:41,405  INFO [main] metadata.Hive: Dumping metastore api call timing information for : execution phase
2024-04-24T05:22:41,406  INFO [main] metadata.Hive: Total time spent in each metastore function (ms): {getValidWriteIds_(List, String)=1, alter_table_(String, String, String, Table, EnvironmentContext, String)=52, getTable_(GetTableRequest)=8, isCompatibleWith_(Configuration)=1}
2024-04-24T05:22:41,406  INFO [main] ql.Driver: Completed executing command(queryId=alex_20240424052237_f4520b97-d540-4fab-802e-cbe8a67fabe3); Time taken: 0.062 seconds
2024-04-24T05:22:41,406  INFO [main] lockmgr.DbTxnManager: Stopped heartbeat for query: alex_20240424052237_f4520b97-d540-4fab-802e-cbe8a67fabe3
2024-04-24T05:22:41,409  INFO [main] txn.TxnHandler: Expected to move at least one record from txn_components to completed_txn_components when committing txn! txnid:21
2024-04-24T05:22:41,413  INFO [main] txn.TxnHandler: Removed transactions: ([21]) from MIN_HISTORY_LEVEL
2024-04-24T05:22:41,413  WARN [main] txn.CompactionTxnHandler: No compaction queue record found for Compaction type transaction commit. txnId:21
2024-04-24T05:22:41,414  INFO [main] ql.TxnCommandsBaseForTests: Running the query: select ROW__ID, a, b, INPUT__FILE__NAME from T order by a, b, INPUT__FILE__NAME
2024-04-24T05:22:41,414  INFO [main] ql.Driver: Compiling command(queryId=alex_20240424052237_f4520b97-d540-4fab-802e-cbe8a67fabe3): select ROW__ID, a, b, INPUT__FILE__NAME from T order by a, b, INPUT__FILE__NAME
2024-04-24T05:22:41,417  INFO [main] txn.TxnHandler: Added entries to MIN_HISTORY_LEVEL for current txns: ([22]) with min_open_txn: 21
2024-04-24T05:22:41,418  INFO [main] lockmgr.DbTxnManager: Opened txnid:22
2024-04-24T05:22:41,418  INFO [main] parse.CalcitePlanner: Starting caching scope for: alex_20240424052237_f4520b97-d540-4fab-802e-cbe8a67fabe3
2024-04-24T05:22:41,418  INFO [main] parse.CalcitePlanner: Starting Semantic Analysis
2024-04-24T05:22:41,421  INFO [main] parse.CalcitePlanner: Completed phase 1 of Semantic Analysis
2024-04-24T05:22:41,421  INFO [main] parse.CalcitePlanner: Get metadata for source tables
2024-04-24T05:22:41,423  INFO [main] HiveMetaStore.audit: ugi=alex	ip=unknown-ip-addr	cmd=get_table : tbl=hive.default.t	
2024-04-24T05:22:41,429  INFO [main] metastore.HMSHandler: Skipping translation for processor with null
2024-04-24T05:22:41,429  INFO [main] parse.CalcitePlanner: Get metadata for subqueries
2024-04-24T05:22:41,429  INFO [main] parse.CalcitePlanner: Get metadata for destination tables
2024-04-24T05:22:41,429  INFO [main] parse.CalcitePlanner: Completed getting MetaData in Semantic Analysis
2024-04-24T05:22:41,439  INFO [main] HiveMetaStore.audit: ugi=alex	ip=unknown-ip-addr	cmd=get_all_table_constraints : tbl=hive.default.t	
2024-04-24T05:22:41,465  INFO [main] calcite.RelOptHiveTable: Calculating column statistics for default.t, projIndxSet: [0, 1], allowMissingStats: true
2024-04-24T05:22:41,465  INFO [main] HiveMetaStore.audit: ugi=alex	ip=unknown-ip-addr	cmd=get_table_statistics_req: table=hive.default.t	
2024-04-24T05:22:41,474  WARN [main] calcite.RelOptHiveTable: No Stats for default@t, Columns: a, b
No Stats for default@t, Columns: a, b
2024-04-24T05:22:41,474  INFO [main] SessionState: No Stats for default@t, Columns: a, b
2024-04-24T05:22:41,510  INFO [main] parse.CalcitePlanner: Get metadata for source tables
2024-04-24T05:22:41,510  INFO [main] parse.CalcitePlanner: Get metadata for subqueries
2024-04-24T05:22:41,510  INFO [main] parse.CalcitePlanner: Get metadata for destination tables
2024-04-24T05:22:41,511  INFO [main] common.FileUtils: Creating directory if it doesn't exist: file:/home/alex/Repositories/hive/ql/target/tmp/localscratchdir/60b21767-3741-46b4-add5-ecda5376357f/hive_2024-04-24_05-22-41_414_1606780185763542875-1/-mr-10001/.hive-staging_hive_2024-04-24_05-22-41_414_1606780185763542875-1
2024-04-24T05:22:41,517  INFO [main] parse.CalcitePlanner: CBO Succeeded; optimized logical plan.
2024-04-24T05:22:41,520  INFO [main] optimizer.ColumnPrunerProcFactory: RS 2 oldColExprMap: {KEY.reducesinkkey0=Column[_col1], KEY.reducesinkkey2=Column[_col3], VALUE._col0=Column[_col0], KEY.reducesinkkey1=Column[_col2]}
2024-04-24T05:22:41,520  INFO [main] optimizer.ColumnPrunerProcFactory: RS 2 newColExprMap: {KEY.reducesinkkey1=Column[_col2], KEY.reducesinkkey2=Column[_col3], KEY.reducesinkkey0=Column[_col1], VALUE._col0=Column[_col0]}
2024-04-24T05:22:41,521  INFO [main] optimizer.BucketVersionPopulator: not considering bucketingVersion for: TS[0] because it has -1<2 buckets 
2024-04-24T05:22:41,521  INFO [main] optimizer.SortedDynPartitionOptimizer: Sorted dynamic partitioning optimization kicked in..
2024-04-24T05:22:41,529  INFO [main] parse.CalcitePlanner: Completed plan generation
2024-04-24T05:22:41,529  INFO [main] parse.CalcitePlanner: Ending caching scope for: alex_20240424052237_f4520b97-d540-4fab-802e-cbe8a67fabe3
2024-04-24T05:22:41,529  INFO [main] ql.Driver: Semantic Analysis Completed (retrial = false)
2024-04-24T05:22:41,529  INFO [main] ql.Driver: Created Hive schema: Schema(fieldSchemas:[FieldSchema(name:row__id, type:struct<writeid:bigint,bucketid:int,rowid:bigint>, comment:null), FieldSchema(name:a, type:int, comment:null), FieldSchema(name:b, type:int, comment:null), FieldSchema(name:input__file__name, type:string, comment:null)], properties:null)
2024-04-24T05:22:41,530  INFO [main] exec.ListSinkOperator: Initializing Operator: LIST_SINK[5]
2024-04-24T05:22:41,530  INFO [main] metadata.Hive: Dumping metastore api call timing information for : compilation phase
2024-04-24T05:22:41,530  INFO [main] metadata.Hive: Total time spent in each metastore function (ms): {getValidWriteIds_(List, String)=4, flushCache_()=0, getTable_(GetTableRequest)=6, getAllTableConstraints_(AllTableConstraintsRequest)=22, isCompatibleWith_(Configuration)=1, commitTxn_(CommitTxnRequest)=8, getTableColumnStatistics_(String, String, List, String)=8, getValidTxns_(long)=0, openTxn_(String, TxnType)=3}
2024-04-24T05:22:41,530  INFO [main] ql.Driver: Completed compiling command(queryId=alex_20240424052237_f4520b97-d540-4fab-802e-cbe8a67fabe3); Time taken: 0.116 seconds
2024-04-24T05:22:41,531  INFO [main] lockmgr.DbTxnManager: Setting lock request transaction to txnid:22 for queryId=alex_20240424052237_f4520b97-d540-4fab-802e-cbe8a67fabe3
2024-04-24T05:22:41,531  INFO [main] lockmgr.DbLockManager: Requesting lock for queryId=alex_20240424052237_f4520b97-d540-4fab-802e-cbe8a67fabe3
2024-04-24T05:22:41,543  INFO [main] lockmgr.DbLockManager: Response to queryId=alex_20240424052237_f4520b97-d540-4fab-802e-cbe8a67fabe3 LockResponse(lockid:16, state:ACQUIRED)
2024-04-24T05:22:41,544  INFO [main] ql.Driver: Operation QUERY obtained 1 locks
2024-04-24T05:22:41,544  INFO [main] ql.Driver: Executing command(queryId=alex_20240424052237_f4520b97-d540-4fab-802e-cbe8a67fabe3): select ROW__ID, a, b, INPUT__FILE__NAME from T order by a, b, INPUT__FILE__NAME
2024-04-24T05:22:41,544  WARN [main] ql.Driver: Hive-on-MR is deprecated in Hive 2 and may not be available in the future versions. Consider using a different execution engine (i.e. tez, spark) or using Hive 1.X releases.
Query ID = alex_20240424052237_f4520b97-d540-4fab-802e-cbe8a67fabe3
2024-04-24T05:22:41,544  INFO [main] ql.Driver: Query ID = alex_20240424052237_f4520b97-d540-4fab-802e-cbe8a67fabe3
Total jobs = 1
2024-04-24T05:22:41,544  INFO [main] ql.Driver: Total jobs = 1
Launching Job 1 out of 1
2024-04-24T05:22:41,544  INFO [main] ql.Driver: Launching Job 1 out of 1
2024-04-24T05:22:41,664  INFO [main] ql.Driver: Starting task [Stage-1:MAPRED] in serial mode
Number of reduce tasks determined at compile time: 1
2024-04-24T05:22:41,664  INFO [main] exec.Task: Number of reduce tasks determined at compile time: 1
In order to change the average load for a reducer (in bytes):
2024-04-24T05:22:41,664  INFO [main] exec.Task: In order to change the average load for a reducer (in bytes):
  set hive.exec.reducers.bytes.per.reducer=<number>
2024-04-24T05:22:41,664  INFO [main] exec.Task:   set hive.exec.reducers.bytes.per.reducer=<number>
In order to limit the maximum number of reducers:
2024-04-24T05:22:41,664  INFO [main] exec.Task: In order to limit the maximum number of reducers:
  set hive.exec.reducers.max=<number>
2024-04-24T05:22:41,664  INFO [main] exec.Task:   set hive.exec.reducers.max=<number>
In order to set a constant number of reducers:
2024-04-24T05:22:41,664  INFO [main] exec.Task: In order to set a constant number of reducers:
  set mapreduce.job.reduces=<number>
2024-04-24T05:22:41,664  INFO [main] exec.Task:   set mapreduce.job.reduces=<number>
2024-04-24T05:22:41,666  INFO [main] mr.ExecDriver: Using org.apache.hadoop.hive.ql.io.HiveInputFormat
2024-04-24T05:22:41,666  INFO [main] exec.Utilities: Processing alias t
2024-04-24T05:22:41,666  INFO [main] exec.Utilities: Adding 1 inputs; the first input is file:/home/alex/Repositories/hive/ql/target/tmp/org.apache.hadoop.hive.ql.TestTxnNoBuckets-1713961246971/warehouse/t
2024-04-24T05:22:41,675  INFO [main] exec.SerializationUtilities: Serializing MapWork using kryo
2024-04-24T05:22:41,676  INFO [main] exec.Utilities: Serialized plan (via FILE) - name: null size: 4,98KB
2024-04-24T05:22:41,681  INFO [main] exec.SerializationUtilities: Serializing ReduceWork using kryo
2024-04-24T05:22:41,682  INFO [main] exec.Utilities: Serialized plan (via FILE) - name: null size: 6,14KB
2024-04-24T05:22:41,682  WARN [main] impl.MetricsSystemImpl: JobTracker metrics system already initialized!
2024-04-24T05:22:41,688  WARN [main] impl.MetricsSystemImpl: JobTracker metrics system already initialized!
2024-04-24T05:22:41,694  WARN [main] mapreduce.JobResourceUploader: Hadoop command-line option parsing not performed. Implement the Tool interface and execute your application with ToolRunner to remedy this.
2024-04-24T05:22:41,699  WARN [main] mapreduce.JobResourceUploader: No job jar file set.  User classes may not be found. See Job or Job#setJar(String).
2024-04-24T05:22:41,700  INFO [main] io.HiveInputFormat: hive.io.file.readcolumn.ids = 0,1
2024-04-24T05:22:41,700  INFO [main] io.HiveInputFormat: hive.io.file.readcolumn.names = a,b
2024-04-24T05:22:41,700  INFO [main] io.HiveInputFormat: Generating splits for dirs: file:/home/alex/Repositories/hive/ql/target/tmp/org.apache.hadoop.hive.ql.TestTxnNoBuckets-1713961246971/warehouse/t
2024-04-24T05:22:41,700  INFO [main] orc.OrcInputFormat: getSplits started
2024-04-24T05:22:41,700  INFO [main] orc.OrcInputFormat: Context:: isAcid: true isVectorMode: false sarg: null minSplitSize: 1 maxSplitSize: 256000000 splitStrategy: HYBRID footerInSplits: false numBuckets: 0 numThreads: 10 cacheMemSize: 268435456 cacheStripeDetails: true useSoftReference: false writeIdList: default.t:10000000:9223372036854775807:: isTransactionalTable: true txnProperties: default 
2024-04-24T05:22:41,700  INFO [main] orc.OrcInputFormat: ORC pushdown predicate: null
2024-04-24T05:22:41,724  INFO [main] orc.OrcInputFormat: FooterCacheHitRatio: 0/7
2024-04-24T05:22:41,724  INFO [main] orc.OrcInputFormat: getSplits finished (#splits: 7). duration: 24 ms
2024-04-24T05:22:41,724  INFO [main] io.HiveInputFormat: number of splits 7
2024-04-24T05:22:41,740  INFO [main] mapreduce.JobSubmitter: number of splits:7
2024-04-24T05:22:41,757  INFO [main] mapreduce.JobSubmitter: Submitting tokens for job: job_local910643325_0052
2024-04-24T05:22:41,757  INFO [main] mapreduce.JobSubmitter: Executing with tokens: []
2024-04-24T05:22:41,814  INFO [main] mapreduce.Job: The url to track the job: http://localhost:8080/
Job running in-process (local Hadoop)
2024-04-24T05:22:41,814  INFO [main] exec.Task: Job running in-process (local Hadoop)
2024-04-24T05:22:41,814  INFO [Thread-3365] mapred.LocalJobRunner: OutputCommitter set in config org.apache.hadoop.hive.ql.io.HiveFileFormatUtils$NullOutputCommitter
2024-04-24T05:22:41,814  INFO [Thread-3365] mapred.LocalJobRunner: OutputCommitter is org.apache.hadoop.hive.ql.io.HiveFileFormatUtils$NullOutputCommitter
2024-04-24T05:22:41,818  INFO [Thread-3365] mapred.LocalJobRunner: Waiting for map tasks
2024-04-24T05:22:41,818  INFO [LocalJobRunner Map Task Executor #0] mapred.LocalJobRunner: Starting task: attempt_local910643325_0052_m_000000_0
2024-04-24T05:22:41,818  INFO [LocalJobRunner Map Task Executor #0] mapred.Task:  Using ResourceCalculatorProcessTree : [ ]
2024-04-24T05:22:41,819  INFO [LocalJobRunner Map Task Executor #0] mapred.MapTask: Processing split: org.apache.hadoop.hive.ql.io.orc.OrcInputFormat:OrcSplit [file:/home/alex/Repositories/hive/ql/target/tmp/org.apache.hadoop.hive.ql.TestTxnNoBuckets-1713961246971/warehouse/t/HIVE_UNION_SUBDIR_16/000001_0, start=0, length=274, isOriginal=true, fileLength=274, hasFooter=false, hasBase=true, deltas=0]
2024-04-24T05:22:41,819  INFO [LocalJobRunner Map Task Executor #0] exec.SerializationUtilities: Deserializing MapWork using kryo
2024-04-24T05:22:41,819  INFO [LocalJobRunner Map Task Executor #0] exec.Utilities: Deserialized plan (via FILE) - name: null size: 4,98KB
2024-04-24T05:22:41,820  INFO [LocalJobRunner Map Task Executor #0] orc.OrcRawRecordMerger: min key = null, max key = null
2024-04-24T05:22:41,820  INFO [LocalJobRunner Map Task Executor #0] orc.ReaderImpl: Reading ORC rows from file:/home/alex/Repositories/hive/ql/target/tmp/org.apache.hadoop.hive.ql.TestTxnNoBuckets-1713961246971/warehouse/t/HIVE_UNION_SUBDIR_16/000001_0 with {include: [true, true, true], offset: 0, length: 274, schema: struct<a:int,b:int>, includeAcidColumns: true}
2024-04-24T05:22:41,845  INFO [LocalJobRunner Map Task Executor #0] orc.OrcRawRecordMerger: updated min key = null, max key = null
2024-04-24T05:22:41,845  INFO [LocalJobRunner Map Task Executor #0] mapred.MapTask: numReduceTasks: 1
2024-04-24T05:22:41,849  INFO [LocalJobRunner Map Task Executor #0] mapred.MapTask: (EQUATOR) 0 kvi 26214396(104857584)
2024-04-24T05:22:41,850  INFO [LocalJobRunner Map Task Executor #0] mapred.MapTask: mapreduce.task.io.sort.mb: 100
2024-04-24T05:22:41,850  INFO [LocalJobRunner Map Task Executor #0] mapred.MapTask: soft limit at 83886080
2024-04-24T05:22:41,850  INFO [LocalJobRunner Map Task Executor #0] mapred.MapTask: bufstart = 0; bufvoid = 104857600
2024-04-24T05:22:41,850  INFO [LocalJobRunner Map Task Executor #0] mapred.MapTask: kvstart = 26214396; length = 6553600
2024-04-24T05:22:41,850  INFO [LocalJobRunner Map Task Executor #0] mapred.MapTask: Map output collector class = org.apache.hadoop.mapred.MapTask$MapOutputBuffer
2024-04-24T05:22:41,850  INFO [LocalJobRunner Map Task Executor #0] exec.MapOperator: Initializing Operator: MAP[0]
2024-04-24T05:22:41,851  INFO [LocalJobRunner Map Task Executor #0] mr.ExecMapper: 
<MAP>Id =0
  <Children>null
  <\Children>
  <Parent><\Parent>
<\MAP>
2024-04-24T05:22:41,852  INFO [LocalJobRunner Map Task Executor #0] exec.TableScanOperator: Initializing Operator: TS[0]
2024-04-24T05:22:41,852  INFO [LocalJobRunner Map Task Executor #0] exec.SelectOperator: Initializing Operator: SEL[1]
2024-04-24T05:22:41,852  INFO [LocalJobRunner Map Task Executor #0] exec.SelectOperator: SELECT struct<a:int,b:int,row__id:struct<writeid:bigint,bucketid:int,rowid:bigint>,input__file__name:string>
2024-04-24T05:22:41,852  INFO [LocalJobRunner Map Task Executor #0] exec.ReduceSinkOperator: Initializing Operator: RS[2]
2024-04-24T05:22:41,852  INFO [LocalJobRunner Map Task Executor #0] exec.ReduceSinkOperator: Using tag = -1
2024-04-24T05:22:41,852  INFO [LocalJobRunner Map Task Executor #0] exec.ReduceSinkOperator: keys are [reducesinkkey0, reducesinkkey1, reducesinkkey2] num distributions: 3
2024-04-24T05:22:41,852  INFO [LocalJobRunner Map Task Executor #0] exec.ReduceSinkOperator: RS[2]: records written - 1
2024-04-24T05:22:41,852  INFO [LocalJobRunner Map Task Executor #0] exec.MapOperator: MAP[0]: records read - 1
2024-04-24T05:22:41,853  INFO [LocalJobRunner Map Task Executor #0] exec.MapOperator: Closing Operator: MAP[0]
2024-04-24T05:22:41,853  INFO [LocalJobRunner Map Task Executor #0] exec.MapOperator: MAP[0]: Total records read - 1. abort - false
2024-04-24T05:22:41,853  INFO [LocalJobRunner Map Task Executor #0] exec.MapOperator: RECORDS_OUT_INTERMEDIATE:0, DESERIALIZE_ERRORS:0, RECORDS_OUT_OPERATOR_MAP_0:0, RECORDS_IN:1, 
2024-04-24T05:22:41,853  INFO [LocalJobRunner Map Task Executor #0] exec.TableScanOperator: Closing Operator: TS[0]
2024-04-24T05:22:41,853  INFO [LocalJobRunner Map Task Executor #0] exec.TableScanOperator: RECORDS_OUT_INTERMEDIATE:0, RECORDS_OUT_OPERATOR_TS_0:1, 
2024-04-24T05:22:41,853  INFO [LocalJobRunner Map Task Executor #0] exec.SelectOperator: Closing Operator: SEL[1]
2024-04-24T05:22:41,853  INFO [LocalJobRunner Map Task Executor #0] exec.SelectOperator: RECORDS_OUT_OPERATOR_SEL_1:1, RECORDS_OUT_INTERMEDIATE:0, 
2024-04-24T05:22:41,853  INFO [LocalJobRunner Map Task Executor #0] exec.ReduceSinkOperator: Closing Operator: RS[2]
2024-04-24T05:22:41,853  INFO [LocalJobRunner Map Task Executor #0] exec.ReduceSinkOperator: RS[2]: Total records written - 1. abort - false
2024-04-24T05:22:41,853  INFO [LocalJobRunner Map Task Executor #0] exec.ReduceSinkOperator: RECORDS_OUT_OPERATOR_RS_2:1, RECORDS_OUT_INTERMEDIATE:1, 
2024-04-24T05:22:41,853  INFO [LocalJobRunner Map Task Executor #0] mapred.LocalJobRunner: 
2024-04-24T05:22:41,853  INFO [LocalJobRunner Map Task Executor #0] mapred.MapTask: Starting flush of map output
2024-04-24T05:22:41,853  INFO [LocalJobRunner Map Task Executor #0] mapred.MapTask: Spilling map output
2024-04-24T05:22:41,853  INFO [LocalJobRunner Map Task Executor #0] mapred.MapTask: bufstart = 0; bufend = 180; bufvoid = 104857600
2024-04-24T05:22:41,853  INFO [LocalJobRunner Map Task Executor #0] mapred.MapTask: kvstart = 26214396(104857584); kvend = 26214396(104857584); length = 1/6553600
2024-04-24T05:22:41,864  INFO [LocalJobRunner Map Task Executor #0] mapred.MapTask: Finished spill 0
2024-04-24T05:22:41,867  INFO [LocalJobRunner Map Task Executor #0] mapred.Task: Task:attempt_local910643325_0052_m_000000_0 is done. And is in the process of committing
2024-04-24T05:22:41,867  INFO [LocalJobRunner Map Task Executor #0] mapred.LocalJobRunner: OrcSplit [file:/home/alex/Repositories/hive/ql/target/tmp/org.apache.hadoop.hive.ql.TestTxnNoBuckets-1713961246971/warehouse/t/HIVE_UNION_SUBDIR_16/000001_0, start=0, length=274, isOriginal=true, fileLength=274, hasFooter=false, hasBase=true, deltas=0]
2024-04-24T05:22:41,867  INFO [LocalJobRunner Map Task Executor #0] mapred.Task: Task 'attempt_local910643325_0052_m_000000_0' done.
2024-04-24T05:22:41,867  INFO [LocalJobRunner Map Task Executor #0] mapred.Task: Final Counters for attempt_local910643325_0052_m_000000_0: Counters: 24
	File System Counters
		FILE: Number of bytes read=1218347
		FILE: Number of bytes written=61252806
		FILE: Number of read operations=0
		FILE: Number of large read operations=0
		FILE: Number of write operations=0
	Map-Reduce Framework
		Map input records=1
		Map output records=1
		Map output bytes=180
		Map output materialized bytes=189
		Input split bytes=473
		Combine input records=0
		Spilled Records=1
		Failed Shuffles=0
		Merged Map outputs=0
		GC time elapsed (ms)=0
		Total committed heap usage (bytes)=1247281152
	HIVE
		DESERIALIZE_ERRORS=0
		RECORDS_IN=1
		RECORDS_OUT_INTERMEDIATE=1
		RECORDS_OUT_OPERATOR_MAP_0=0
		RECORDS_OUT_OPERATOR_RS_2=1
		RECORDS_OUT_OPERATOR_SEL_1=1
		RECORDS_OUT_OPERATOR_TS_0=1
	File Input Format Counters 
		Bytes Read=6469
2024-04-24T05:22:41,868  INFO [LocalJobRunner Map Task Executor #0] mapred.LocalJobRunner: Finishing task: attempt_local910643325_0052_m_000000_0
2024-04-24T05:22:41,868  INFO [LocalJobRunner Map Task Executor #0] mapred.LocalJobRunner: Starting task: attempt_local910643325_0052_m_000001_0
2024-04-24T05:22:41,868  INFO [LocalJobRunner Map Task Executor #0] mapred.Task:  Using ResourceCalculatorProcessTree : [ ]
2024-04-24T05:22:41,868  INFO [LocalJobRunner Map Task Executor #0] mapred.MapTask: Processing split: org.apache.hadoop.hive.ql.io.orc.OrcInputFormat:OrcSplit [file:/home/alex/Repositories/hive/ql/target/tmp/org.apache.hadoop.hive.ql.TestTxnNoBuckets-1713961246971/warehouse/t/000000_0, start=0, length=256, isOriginal=true, fileLength=256, hasFooter=false, hasBase=true, deltas=0]
2024-04-24T05:22:41,869  INFO [LocalJobRunner Map Task Executor #0] exec.SerializationUtilities: Deserializing MapWork using kryo
2024-04-24T05:22:41,869  INFO [LocalJobRunner Map Task Executor #0] exec.Utilities: Deserialized plan (via FILE) - name: null size: 4,98KB
2024-04-24T05:22:41,870  INFO [LocalJobRunner Map Task Executor #0] orc.OrcRawRecordMerger: min key = null, max key = null
2024-04-24T05:22:41,870  INFO [LocalJobRunner Map Task Executor #0] orc.ReaderImpl: Reading ORC rows from file:/home/alex/Repositories/hive/ql/target/tmp/org.apache.hadoop.hive.ql.TestTxnNoBuckets-1713961246971/warehouse/t/000000_0 with {include: [true, true, true], offset: 0, length: 256, schema: struct<a:int,b:int>, includeAcidColumns: true}
2024-04-24T05:22:41,893  INFO [LocalJobRunner Map Task Executor #0] orc.OrcRawRecordMerger: updated min key = null, max key = null
2024-04-24T05:22:41,893  INFO [LocalJobRunner Map Task Executor #0] mapred.MapTask: numReduceTasks: 1
2024-04-24T05:22:41,897  INFO [LocalJobRunner Map Task Executor #0] mapred.MapTask: (EQUATOR) 0 kvi 26214396(104857584)
2024-04-24T05:22:41,897  INFO [LocalJobRunner Map Task Executor #0] mapred.MapTask: mapreduce.task.io.sort.mb: 100
2024-04-24T05:22:41,897  INFO [LocalJobRunner Map Task Executor #0] mapred.MapTask: soft limit at 83886080
2024-04-24T05:22:41,897  INFO [LocalJobRunner Map Task Executor #0] mapred.MapTask: bufstart = 0; bufvoid = 104857600
2024-04-24T05:22:41,897  INFO [LocalJobRunner Map Task Executor #0] mapred.MapTask: kvstart = 26214396; length = 6553600
2024-04-24T05:22:41,898  INFO [LocalJobRunner Map Task Executor #0] mapred.MapTask: Map output collector class = org.apache.hadoop.mapred.MapTask$MapOutputBuffer
2024-04-24T05:22:41,898  INFO [LocalJobRunner Map Task Executor #0] exec.MapOperator: Initializing Operator: MAP[0]
2024-04-24T05:22:41,899  INFO [LocalJobRunner Map Task Executor #0] mr.ExecMapper: 
<MAP>Id =0
  <Children>null
  <\Children>
  <Parent><\Parent>
<\MAP>
2024-04-24T05:22:41,900  INFO [LocalJobRunner Map Task Executor #0] exec.TableScanOperator: Initializing Operator: TS[0]
2024-04-24T05:22:41,900  INFO [LocalJobRunner Map Task Executor #0] exec.SelectOperator: Initializing Operator: SEL[1]
2024-04-24T05:22:41,900  INFO [LocalJobRunner Map Task Executor #0] exec.SelectOperator: SELECT struct<a:int,b:int,row__id:struct<writeid:bigint,bucketid:int,rowid:bigint>,input__file__name:string>
2024-04-24T05:22:41,900  INFO [LocalJobRunner Map Task Executor #0] exec.ReduceSinkOperator: Initializing Operator: RS[2]
2024-04-24T05:22:41,900  INFO [LocalJobRunner Map Task Executor #0] exec.ReduceSinkOperator: Using tag = -1
2024-04-24T05:22:41,900  INFO [LocalJobRunner Map Task Executor #0] exec.ReduceSinkOperator: keys are [reducesinkkey0, reducesinkkey1, reducesinkkey2] num distributions: 3
2024-04-24T05:22:41,900  INFO [LocalJobRunner Map Task Executor #0] exec.ReduceSinkOperator: RS[2]: records written - 1
2024-04-24T05:22:41,900  INFO [LocalJobRunner Map Task Executor #0] exec.MapOperator: MAP[0]: records read - 1
2024-04-24T05:22:41,900  INFO [LocalJobRunner Map Task Executor #0] exec.MapOperator: Closing Operator: MAP[0]
2024-04-24T05:22:41,900  INFO [LocalJobRunner Map Task Executor #0] exec.MapOperator: MAP[0]: Total records read - 2. abort - false
2024-04-24T05:22:41,900  INFO [LocalJobRunner Map Task Executor #0] exec.MapOperator: RECORDS_OUT_OPERATOR_MAP_0:0, RECORDS_OUT_INTERMEDIATE:0, RECORDS_IN:2, DESERIALIZE_ERRORS:0, 
2024-04-24T05:22:41,900  INFO [LocalJobRunner Map Task Executor #0] exec.TableScanOperator: Closing Operator: TS[0]
2024-04-24T05:22:41,900  INFO [LocalJobRunner Map Task Executor #0] exec.TableScanOperator: RECORDS_OUT_INTERMEDIATE:0, RECORDS_OUT_OPERATOR_TS_0:2, 
2024-04-24T05:22:41,900  INFO [LocalJobRunner Map Task Executor #0] exec.SelectOperator: Closing Operator: SEL[1]
2024-04-24T05:22:41,900  INFO [LocalJobRunner Map Task Executor #0] exec.SelectOperator: RECORDS_OUT_INTERMEDIATE:0, RECORDS_OUT_OPERATOR_SEL_1:2, 
2024-04-24T05:22:41,900  INFO [LocalJobRunner Map Task Executor #0] exec.ReduceSinkOperator: Closing Operator: RS[2]
2024-04-24T05:22:41,901  INFO [LocalJobRunner Map Task Executor #0] exec.ReduceSinkOperator: RS[2]: Total records written - 2. abort - false
2024-04-24T05:22:41,901  INFO [LocalJobRunner Map Task Executor #0] exec.ReduceSinkOperator: RECORDS_OUT_OPERATOR_RS_2:2, RECORDS_OUT_INTERMEDIATE:2, 
2024-04-24T05:22:41,901  INFO [LocalJobRunner Map Task Executor #0] mapred.LocalJobRunner: 
2024-04-24T05:22:41,901  INFO [LocalJobRunner Map Task Executor #0] mapred.MapTask: Starting flush of map output
2024-04-24T05:22:41,901  INFO [LocalJobRunner Map Task Executor #0] mapred.MapTask: Spilling map output
2024-04-24T05:22:41,901  INFO [LocalJobRunner Map Task Executor #0] mapred.MapTask: bufstart = 0; bufend = 318; bufvoid = 104857600
2024-04-24T05:22:41,901  INFO [LocalJobRunner Map Task Executor #0] mapred.MapTask: kvstart = 26214396(104857584); kvend = 26214392(104857568); length = 5/6553600
2024-04-24T05:22:41,909  INFO [LocalJobRunner Map Task Executor #0] mapred.MapTask: Finished spill 0
2024-04-24T05:22:41,911  INFO [LocalJobRunner Map Task Executor #0] mapred.Task: Task:attempt_local910643325_0052_m_000001_0 is done. And is in the process of committing
2024-04-24T05:22:41,912  INFO [LocalJobRunner Map Task Executor #0] mapred.LocalJobRunner: OrcSplit [file:/home/alex/Repositories/hive/ql/target/tmp/org.apache.hadoop.hive.ql.TestTxnNoBuckets-1713961246971/warehouse/t/000000_0, start=0, length=256, isOriginal=true, fileLength=256, hasFooter=false, hasBase=true, deltas=0]
2024-04-24T05:22:41,912  INFO [LocalJobRunner Map Task Executor #0] mapred.Task: Task 'attempt_local910643325_0052_m_000001_0' done.
2024-04-24T05:22:41,912  INFO [LocalJobRunner Map Task Executor #0] mapred.Task: Final Counters for attempt_local910643325_0052_m_000001_0: Counters: 24
	File System Counters
		FILE: Number of bytes read=1227740
		FILE: Number of bytes written=61253168
		FILE: Number of read operations=0
		FILE: Number of large read operations=0
		FILE: Number of write operations=0
	Map-Reduce Framework
		Map input records=2
		Map output records=2
		Map output bytes=318
		Map output materialized bytes=330
		Input split bytes=451
		Combine input records=0
		Spilled Records=2
		Failed Shuffles=0
		Merged Map outputs=0
		GC time elapsed (ms)=0
		Total committed heap usage (bytes)=1247281152
	HIVE
		DESERIALIZE_ERRORS=0
		RECORDS_IN=2
		RECORDS_OUT_INTERMEDIATE=2
		RECORDS_OUT_OPERATOR_MAP_0=0
		RECORDS_OUT_OPERATOR_RS_2=2
		RECORDS_OUT_OPERATOR_SEL_1=2
		RECORDS_OUT_OPERATOR_TS_0=2
	File Input Format Counters 
		Bytes Read=6119
2024-04-24T05:22:41,912  INFO [LocalJobRunner Map Task Executor #0] mapred.LocalJobRunner: Finishing task: attempt_local910643325_0052_m_000001_0
2024-04-24T05:22:41,912  INFO [LocalJobRunner Map Task Executor #0] mapred.LocalJobRunner: Starting task: attempt_local910643325_0052_m_000002_0
2024-04-24T05:22:41,912  INFO [LocalJobRunner Map Task Executor #0] mapred.Task:  Using ResourceCalculatorProcessTree : [ ]
2024-04-24T05:22:41,913  INFO [LocalJobRunner Map Task Executor #0] mapred.MapTask: Processing split: org.apache.hadoop.hive.ql.io.orc.OrcInputFormat:OrcSplit [file:/home/alex/Repositories/hive/ql/target/tmp/org.apache.hadoop.hive.ql.TestTxnNoBuckets-1713961246971/warehouse/t/HIVE_UNION_SUBDIR_15/000000_0, start=0, length=256, isOriginal=true, fileLength=256, hasFooter=false, hasBase=true, deltas=0]
2024-04-24T05:22:41,913  INFO [LocalJobRunner Map Task Executor #0] exec.SerializationUtilities: Deserializing MapWork using kryo
2024-04-24T05:22:41,913  INFO [LocalJobRunner Map Task Executor #0] exec.Utilities: Deserialized plan (via FILE) - name: null size: 4,98KB
2024-04-24T05:22:41,914  INFO [LocalJobRunner Map Task Executor #0] orc.OrcRawRecordMerger: min key = null, max key = null
2024-04-24T05:22:41,914  INFO [LocalJobRunner Map Task Executor #0] orc.ReaderImpl: Reading ORC rows from file:/home/alex/Repositories/hive/ql/target/tmp/org.apache.hadoop.hive.ql.TestTxnNoBuckets-1713961246971/warehouse/t/HIVE_UNION_SUBDIR_15/000000_0 with {include: [true, true, true], offset: 0, length: 256, schema: struct<a:int,b:int>, includeAcidColumns: true}
2024-04-24T05:22:41,938  INFO [LocalJobRunner Map Task Executor #0] orc.OrcRawRecordMerger: updated min key = null, max key = null
2024-04-24T05:22:41,938  INFO [LocalJobRunner Map Task Executor #0] mapred.MapTask: numReduceTasks: 1
2024-04-24T05:22:41,947  INFO [LocalJobRunner Map Task Executor #0] mapred.MapTask: (EQUATOR) 0 kvi 26214396(104857584)
2024-04-24T05:22:41,948  INFO [LocalJobRunner Map Task Executor #0] mapred.MapTask: mapreduce.task.io.sort.mb: 100
2024-04-24T05:22:41,948  INFO [LocalJobRunner Map Task Executor #0] mapred.MapTask: soft limit at 83886080
2024-04-24T05:22:41,948  INFO [LocalJobRunner Map Task Executor #0] mapred.MapTask: bufstart = 0; bufvoid = 104857600
2024-04-24T05:22:41,948  INFO [LocalJobRunner Map Task Executor #0] mapred.MapTask: kvstart = 26214396; length = 6553600
2024-04-24T05:22:41,948  INFO [LocalJobRunner Map Task Executor #0] mapred.MapTask: Map output collector class = org.apache.hadoop.mapred.MapTask$MapOutputBuffer
2024-04-24T05:22:41,948  INFO [LocalJobRunner Map Task Executor #0] exec.MapOperator: Initializing Operator: MAP[0]
2024-04-24T05:22:41,949  INFO [LocalJobRunner Map Task Executor #0] mr.ExecMapper: 
<MAP>Id =0
  <Children>null
  <\Children>
  <Parent><\Parent>
<\MAP>
2024-04-24T05:22:41,950  INFO [LocalJobRunner Map Task Executor #0] exec.TableScanOperator: Initializing Operator: TS[0]
2024-04-24T05:22:41,950  INFO [LocalJobRunner Map Task Executor #0] exec.SelectOperator: Initializing Operator: SEL[1]
2024-04-24T05:22:41,950  INFO [LocalJobRunner Map Task Executor #0] exec.SelectOperator: SELECT struct<a:int,b:int,row__id:struct<writeid:bigint,bucketid:int,rowid:bigint>,input__file__name:string>
2024-04-24T05:22:41,950  INFO [LocalJobRunner Map Task Executor #0] exec.ReduceSinkOperator: Initializing Operator: RS[2]
2024-04-24T05:22:41,950  INFO [LocalJobRunner Map Task Executor #0] exec.ReduceSinkOperator: Using tag = -1
2024-04-24T05:22:41,950  INFO [LocalJobRunner Map Task Executor #0] exec.ReduceSinkOperator: keys are [reducesinkkey0, reducesinkkey1, reducesinkkey2] num distributions: 3
2024-04-24T05:22:41,950  INFO [LocalJobRunner Map Task Executor #0] exec.ReduceSinkOperator: RS[2]: records written - 1
2024-04-24T05:22:41,950  INFO [LocalJobRunner Map Task Executor #0] exec.MapOperator: MAP[0]: records read - 1
2024-04-24T05:22:41,951  INFO [LocalJobRunner Map Task Executor #0] exec.MapOperator: Closing Operator: MAP[0]
2024-04-24T05:22:41,951  INFO [LocalJobRunner Map Task Executor #0] exec.MapOperator: MAP[0]: Total records read - 2. abort - false
2024-04-24T05:22:41,951  INFO [LocalJobRunner Map Task Executor #0] exec.MapOperator: RECORDS_IN:2, DESERIALIZE_ERRORS:0, RECORDS_OUT_OPERATOR_MAP_0:0, RECORDS_OUT_INTERMEDIATE:0, 
2024-04-24T05:22:41,951  INFO [LocalJobRunner Map Task Executor #0] exec.TableScanOperator: Closing Operator: TS[0]
2024-04-24T05:22:41,951  INFO [LocalJobRunner Map Task Executor #0] exec.TableScanOperator: RECORDS_OUT_OPERATOR_TS_0:2, RECORDS_OUT_INTERMEDIATE:0, 
2024-04-24T05:22:41,951  INFO [LocalJobRunner Map Task Executor #0] exec.SelectOperator: Closing Operator: SEL[1]
2024-04-24T05:22:41,951  INFO [LocalJobRunner Map Task Executor #0] exec.SelectOperator: RECORDS_OUT_INTERMEDIATE:0, RECORDS_OUT_OPERATOR_SEL_1:2, 
2024-04-24T05:22:41,951  INFO [LocalJobRunner Map Task Executor #0] exec.ReduceSinkOperator: Closing Operator: RS[2]
2024-04-24T05:22:41,951  INFO [LocalJobRunner Map Task Executor #0] exec.ReduceSinkOperator: RS[2]: Total records written - 2. abort - false
2024-04-24T05:22:41,951  INFO [LocalJobRunner Map Task Executor #0] exec.ReduceSinkOperator: RECORDS_OUT_OPERATOR_RS_2:2, RECORDS_OUT_INTERMEDIATE:2, 
2024-04-24T05:22:41,951  INFO [LocalJobRunner Map Task Executor #0] mapred.LocalJobRunner: 
2024-04-24T05:22:41,951  INFO [LocalJobRunner Map Task Executor #0] mapred.MapTask: Starting flush of map output
2024-04-24T05:22:41,951  INFO [LocalJobRunner Map Task Executor #0] mapred.MapTask: Spilling map output
2024-04-24T05:22:41,951  INFO [LocalJobRunner Map Task Executor #0] mapred.MapTask: bufstart = 0; bufend = 360; bufvoid = 104857600
2024-04-24T05:22:41,951  INFO [LocalJobRunner Map Task Executor #0] mapred.MapTask: kvstart = 26214396(104857584); kvend = 26214392(104857568); length = 5/6553600
2024-04-24T05:22:41,959  INFO [LocalJobRunner Map Task Executor #0] mapred.MapTask: Finished spill 0
2024-04-24T05:22:41,962  INFO [LocalJobRunner Map Task Executor #0] mapred.Task: Task:attempt_local910643325_0052_m_000002_0 is done. And is in the process of committing
2024-04-24T05:22:41,962  INFO [LocalJobRunner Map Task Executor #0] mapred.LocalJobRunner: OrcSplit [file:/home/alex/Repositories/hive/ql/target/tmp/org.apache.hadoop.hive.ql.TestTxnNoBuckets-1713961246971/warehouse/t/HIVE_UNION_SUBDIR_15/000000_0, start=0, length=256, isOriginal=true, fileLength=256, hasFooter=false, hasBase=true, deltas=0]
2024-04-24T05:22:41,962  INFO [LocalJobRunner Map Task Executor #0] mapred.Task: Task 'attempt_local910643325_0052_m_000002_0' done.
2024-04-24T05:22:41,962  INFO [LocalJobRunner Map Task Executor #0] mapred.Task: Final Counters for attempt_local910643325_0052_m_000002_0: Counters: 24
	File System Counters
		FILE: Number of bytes read=1237166
		FILE: Number of bytes written=61253572
		FILE: Number of read operations=0
		FILE: Number of large read operations=0
		FILE: Number of write operations=0
	Map-Reduce Framework
		Map input records=2
		Map output records=2
		Map output bytes=360
		Map output materialized bytes=372
		Input split bytes=473
		Combine input records=0
		Spilled Records=2
		Failed Shuffles=0
		Merged Map outputs=0
		GC time elapsed (ms)=5
		Total committed heap usage (bytes)=1247281152
	HIVE
		DESERIALIZE_ERRORS=0
		RECORDS_IN=2
		RECORDS_OUT_INTERMEDIATE=2
		RECORDS_OUT_OPERATOR_MAP_0=0
		RECORDS_OUT_OPERATOR_RS_2=2
		RECORDS_OUT_OPERATOR_SEL_1=2
		RECORDS_OUT_OPERATOR_TS_0=2
	File Input Format Counters 
		Bytes Read=6664
2024-04-24T05:22:41,962  INFO [LocalJobRunner Map Task Executor #0] mapred.LocalJobRunner: Finishing task: attempt_local910643325_0052_m_000002_0
2024-04-24T05:22:41,962  INFO [LocalJobRunner Map Task Executor #0] mapred.LocalJobRunner: Starting task: attempt_local910643325_0052_m_000003_0
2024-04-24T05:22:41,963  INFO [LocalJobRunner Map Task Executor #0] mapred.Task:  Using ResourceCalculatorProcessTree : [ ]
2024-04-24T05:22:41,963  INFO [LocalJobRunner Map Task Executor #0] mapred.MapTask: Processing split: org.apache.hadoop.hive.ql.io.orc.OrcInputFormat:OrcSplit [file:/home/alex/Repositories/hive/ql/target/tmp/org.apache.hadoop.hive.ql.TestTxnNoBuckets-1713961246971/warehouse/t/000001_0, start=0, length=254, isOriginal=true, fileLength=254, hasFooter=false, hasBase=true, deltas=0]
2024-04-24T05:22:41,964  INFO [LocalJobRunner Map Task Executor #0] exec.SerializationUtilities: Deserializing MapWork using kryo
2024-04-24T05:22:41,964  INFO [LocalJobRunner Map Task Executor #0] exec.Utilities: Deserialized plan (via FILE) - name: null size: 4,98KB
2024-04-24T05:22:41,965  INFO [LocalJobRunner Map Task Executor #0] orc.OrcRawRecordMerger: min key = null, max key = null
2024-04-24T05:22:41,965  INFO [LocalJobRunner Map Task Executor #0] orc.ReaderImpl: Reading ORC rows from file:/home/alex/Repositories/hive/ql/target/tmp/org.apache.hadoop.hive.ql.TestTxnNoBuckets-1713961246971/warehouse/t/000001_0 with {include: [true, true, true], offset: 0, length: 254, schema: struct<a:int,b:int>, includeAcidColumns: true}
2024-04-24T05:22:41,989  INFO [LocalJobRunner Map Task Executor #0] orc.OrcRawRecordMerger: updated min key = null, max key = null
2024-04-24T05:22:41,989  INFO [LocalJobRunner Map Task Executor #0] mapred.MapTask: numReduceTasks: 1
2024-04-24T05:22:41,993  INFO [LocalJobRunner Map Task Executor #0] mapred.MapTask: (EQUATOR) 0 kvi 26214396(104857584)
2024-04-24T05:22:41,993  INFO [LocalJobRunner Map Task Executor #0] mapred.MapTask: mapreduce.task.io.sort.mb: 100
2024-04-24T05:22:41,993  INFO [LocalJobRunner Map Task Executor #0] mapred.MapTask: soft limit at 83886080
2024-04-24T05:22:41,993  INFO [LocalJobRunner Map Task Executor #0] mapred.MapTask: bufstart = 0; bufvoid = 104857600
2024-04-24T05:22:41,993  INFO [LocalJobRunner Map Task Executor #0] mapred.MapTask: kvstart = 26214396; length = 6553600
2024-04-24T05:22:41,993  INFO [LocalJobRunner Map Task Executor #0] mapred.MapTask: Map output collector class = org.apache.hadoop.mapred.MapTask$MapOutputBuffer
2024-04-24T05:22:41,994  INFO [LocalJobRunner Map Task Executor #0] exec.MapOperator: Initializing Operator: MAP[0]
2024-04-24T05:22:41,995  INFO [LocalJobRunner Map Task Executor #0] mr.ExecMapper: 
<MAP>Id =0
  <Children>null
  <\Children>
  <Parent><\Parent>
<\MAP>
2024-04-24T05:22:41,995  INFO [LocalJobRunner Map Task Executor #0] exec.TableScanOperator: Initializing Operator: TS[0]
2024-04-24T05:22:41,995  INFO [LocalJobRunner Map Task Executor #0] exec.SelectOperator: Initializing Operator: SEL[1]
2024-04-24T05:22:41,995  INFO [LocalJobRunner Map Task Executor #0] exec.SelectOperator: SELECT struct<a:int,b:int,row__id:struct<writeid:bigint,bucketid:int,rowid:bigint>,input__file__name:string>
2024-04-24T05:22:41,995  INFO [LocalJobRunner Map Task Executor #0] exec.ReduceSinkOperator: Initializing Operator: RS[2]
2024-04-24T05:22:41,995  INFO [LocalJobRunner Map Task Executor #0] exec.ReduceSinkOperator: Using tag = -1
2024-04-24T05:22:41,996  INFO [LocalJobRunner Map Task Executor #0] exec.ReduceSinkOperator: keys are [reducesinkkey0, reducesinkkey1, reducesinkkey2] num distributions: 3
2024-04-24T05:22:41,996  INFO [LocalJobRunner Map Task Executor #0] exec.ReduceSinkOperator: RS[2]: records written - 1
2024-04-24T05:22:41,996  INFO [LocalJobRunner Map Task Executor #0] exec.MapOperator: MAP[0]: records read - 1
2024-04-24T05:22:41,996  INFO [LocalJobRunner Map Task Executor #0] exec.MapOperator: Closing Operator: MAP[0]
2024-04-24T05:22:41,996  INFO [LocalJobRunner Map Task Executor #0] exec.MapOperator: MAP[0]: Total records read - 1. abort - false
2024-04-24T05:22:41,996  INFO [LocalJobRunner Map Task Executor #0] exec.MapOperator: RECORDS_OUT_INTERMEDIATE:0, RECORDS_IN:1, DESERIALIZE_ERRORS:0, RECORDS_OUT_OPERATOR_MAP_0:0, 
2024-04-24T05:22:41,996  INFO [LocalJobRunner Map Task Executor #0] exec.TableScanOperator: Closing Operator: TS[0]
2024-04-24T05:22:41,996  INFO [LocalJobRunner Map Task Executor #0] exec.TableScanOperator: RECORDS_OUT_OPERATOR_TS_0:1, RECORDS_OUT_INTERMEDIATE:0, 
2024-04-24T05:22:41,996  INFO [LocalJobRunner Map Task Executor #0] exec.SelectOperator: Closing Operator: SEL[1]
2024-04-24T05:22:41,996  INFO [LocalJobRunner Map Task Executor #0] exec.SelectOperator: RECORDS_OUT_INTERMEDIATE:0, RECORDS_OUT_OPERATOR_SEL_1:1, 
2024-04-24T05:22:41,996  INFO [LocalJobRunner Map Task Executor #0] exec.ReduceSinkOperator: Closing Operator: RS[2]
2024-04-24T05:22:41,996  INFO [LocalJobRunner Map Task Executor #0] exec.ReduceSinkOperator: RS[2]: Total records written - 1. abort - false
2024-04-24T05:22:41,996  INFO [LocalJobRunner Map Task Executor #0] exec.ReduceSinkOperator: RECORDS_OUT_INTERMEDIATE:1, RECORDS_OUT_OPERATOR_RS_2:1, 
2024-04-24T05:22:41,997  INFO [LocalJobRunner Map Task Executor #0] mapred.LocalJobRunner: 
2024-04-24T05:22:41,997  INFO [LocalJobRunner Map Task Executor #0] mapred.MapTask: Starting flush of map output
2024-04-24T05:22:41,997  INFO [LocalJobRunner Map Task Executor #0] mapred.MapTask: Spilling map output
2024-04-24T05:22:41,997  INFO [LocalJobRunner Map Task Executor #0] mapred.MapTask: bufstart = 0; bufend = 159; bufvoid = 104857600
2024-04-24T05:22:41,997  INFO [LocalJobRunner Map Task Executor #0] mapred.MapTask: kvstart = 26214396(104857584); kvend = 26214396(104857584); length = 1/6553600
2024-04-24T05:22:42,005  INFO [LocalJobRunner Map Task Executor #0] mapred.MapTask: Finished spill 0
2024-04-24T05:22:42,007  INFO [LocalJobRunner Map Task Executor #0] mapred.Task: Task:attempt_local910643325_0052_m_000003_0 is done. And is in the process of committing
2024-04-24T05:22:42,008  INFO [LocalJobRunner Map Task Executor #0] mapred.LocalJobRunner: OrcSplit [file:/home/alex/Repositories/hive/ql/target/tmp/org.apache.hadoop.hive.ql.TestTxnNoBuckets-1713961246971/warehouse/t/000001_0, start=0, length=254, isOriginal=true, fileLength=254, hasFooter=false, hasBase=true, deltas=0]
2024-04-24T05:22:42,008  INFO [LocalJobRunner Map Task Executor #0] mapred.Task: Task 'attempt_local910643325_0052_m_000003_0' done.
2024-04-24T05:22:42,008  INFO [LocalJobRunner Map Task Executor #0] mapred.Task: Final Counters for attempt_local910643325_0052_m_000003_0: Counters: 24
	File System Counters
		FILE: Number of bytes read=1245527
		FILE: Number of bytes written=61253772
		FILE: Number of read operations=0
		FILE: Number of large read operations=0
		FILE: Number of write operations=0
	Map-Reduce Framework
		Map input records=1
		Map output records=1
		Map output bytes=159
		Map output materialized bytes=168
		Input split bytes=451
		Combine input records=0
		Spilled Records=1
		Failed Shuffles=0
		Merged Map outputs=0
		GC time elapsed (ms)=0
		Total committed heap usage (bytes)=1247281152
	HIVE
		DESERIALIZE_ERRORS=0
		RECORDS_IN=1
		RECORDS_OUT_INTERMEDIATE=1
		RECORDS_OUT_OPERATOR_MAP_0=0
		RECORDS_OUT_OPERATOR_RS_2=1
		RECORDS_OUT_OPERATOR_SEL_1=1
		RECORDS_OUT_OPERATOR_TS_0=1
	File Input Format Counters 
		Bytes Read=6111
2024-04-24T05:22:42,008  INFO [LocalJobRunner Map Task Executor #0] mapred.LocalJobRunner: Finishing task: attempt_local910643325_0052_m_000003_0
2024-04-24T05:22:42,008  INFO [LocalJobRunner Map Task Executor #0] mapred.LocalJobRunner: Starting task: attempt_local910643325_0052_m_000004_0
2024-04-24T05:22:42,008  INFO [LocalJobRunner Map Task Executor #0] mapred.Task:  Using ResourceCalculatorProcessTree : [ ]
2024-04-24T05:22:42,009  INFO [LocalJobRunner Map Task Executor #0] mapred.MapTask: Processing split: org.apache.hadoop.hive.ql.io.orc.OrcInputFormat:OrcSplit [file:/home/alex/Repositories/hive/ql/target/tmp/org.apache.hadoop.hive.ql.TestTxnNoBuckets-1713961246971/warehouse/t/000002_0, start=0, length=254, isOriginal=true, fileLength=254, hasFooter=false, hasBase=true, deltas=0]
2024-04-24T05:22:42,009  INFO [LocalJobRunner Map Task Executor #0] exec.SerializationUtilities: Deserializing MapWork using kryo
2024-04-24T05:22:42,009  INFO [LocalJobRunner Map Task Executor #0] exec.Utilities: Deserialized plan (via FILE) - name: null size: 4,98KB
2024-04-24T05:22:42,010  INFO [LocalJobRunner Map Task Executor #0] orc.OrcRawRecordMerger: min key = null, max key = null
2024-04-24T05:22:42,010  INFO [LocalJobRunner Map Task Executor #0] orc.ReaderImpl: Reading ORC rows from file:/home/alex/Repositories/hive/ql/target/tmp/org.apache.hadoop.hive.ql.TestTxnNoBuckets-1713961246971/warehouse/t/000002_0 with {include: [true, true, true], offset: 0, length: 254, schema: struct<a:int,b:int>, includeAcidColumns: true}
2024-04-24T05:22:42,034  INFO [LocalJobRunner Map Task Executor #0] orc.OrcRawRecordMerger: updated min key = null, max key = null
2024-04-24T05:22:42,034  INFO [LocalJobRunner Map Task Executor #0] mapred.MapTask: numReduceTasks: 1
2024-04-24T05:22:42,038  INFO [LocalJobRunner Map Task Executor #0] mapred.MapTask: (EQUATOR) 0 kvi 26214396(104857584)
2024-04-24T05:22:42,038  INFO [LocalJobRunner Map Task Executor #0] mapred.MapTask: mapreduce.task.io.sort.mb: 100
2024-04-24T05:22:42,038  INFO [LocalJobRunner Map Task Executor #0] mapred.MapTask: soft limit at 83886080
2024-04-24T05:22:42,038  INFO [LocalJobRunner Map Task Executor #0] mapred.MapTask: bufstart = 0; bufvoid = 104857600
2024-04-24T05:22:42,038  INFO [LocalJobRunner Map Task Executor #0] mapred.MapTask: kvstart = 26214396; length = 6553600
2024-04-24T05:22:42,038  INFO [LocalJobRunner Map Task Executor #0] mapred.MapTask: Map output collector class = org.apache.hadoop.mapred.MapTask$MapOutputBuffer
2024-04-24T05:22:42,038  INFO [LocalJobRunner Map Task Executor #0] exec.MapOperator: Initializing Operator: MAP[0]
2024-04-24T05:22:42,040  INFO [LocalJobRunner Map Task Executor #0] mr.ExecMapper: 
<MAP>Id =0
  <Children>null
  <\Children>
  <Parent><\Parent>
<\MAP>
2024-04-24T05:22:42,040  INFO [LocalJobRunner Map Task Executor #0] exec.TableScanOperator: Initializing Operator: TS[0]
2024-04-24T05:22:42,040  INFO [LocalJobRunner Map Task Executor #0] exec.SelectOperator: Initializing Operator: SEL[1]
2024-04-24T05:22:42,040  INFO [LocalJobRunner Map Task Executor #0] exec.SelectOperator: SELECT struct<a:int,b:int,row__id:struct<writeid:bigint,bucketid:int,rowid:bigint>,input__file__name:string>
2024-04-24T05:22:42,040  INFO [LocalJobRunner Map Task Executor #0] exec.ReduceSinkOperator: Initializing Operator: RS[2]
2024-04-24T05:22:42,040  INFO [LocalJobRunner Map Task Executor #0] exec.ReduceSinkOperator: Using tag = -1
2024-04-24T05:22:42,040  INFO [LocalJobRunner Map Task Executor #0] exec.ReduceSinkOperator: keys are [reducesinkkey0, reducesinkkey1, reducesinkkey2] num distributions: 3
2024-04-24T05:22:42,041  INFO [LocalJobRunner Map Task Executor #0] exec.ReduceSinkOperator: RS[2]: records written - 1
2024-04-24T05:22:42,041  INFO [LocalJobRunner Map Task Executor #0] exec.MapOperator: MAP[0]: records read - 1
2024-04-24T05:22:42,041  INFO [LocalJobRunner Map Task Executor #0] exec.MapOperator: Closing Operator: MAP[0]
2024-04-24T05:22:42,041  INFO [LocalJobRunner Map Task Executor #0] exec.MapOperator: MAP[0]: Total records read - 2. abort - false
2024-04-24T05:22:42,041  INFO [LocalJobRunner Map Task Executor #0] exec.MapOperator: DESERIALIZE_ERRORS:0, RECORDS_OUT_INTERMEDIATE:0, RECORDS_IN:2, RECORDS_OUT_OPERATOR_MAP_0:0, 
2024-04-24T05:22:42,041  INFO [LocalJobRunner Map Task Executor #0] exec.TableScanOperator: Closing Operator: TS[0]
2024-04-24T05:22:42,041  INFO [LocalJobRunner Map Task Executor #0] exec.TableScanOperator: RECORDS_OUT_OPERATOR_TS_0:2, RECORDS_OUT_INTERMEDIATE:0, 
2024-04-24T05:22:42,041  INFO [LocalJobRunner Map Task Executor #0] exec.SelectOperator: Closing Operator: SEL[1]
2024-04-24T05:22:42,041  INFO [LocalJobRunner Map Task Executor #0] exec.SelectOperator: RECORDS_OUT_INTERMEDIATE:0, RECORDS_OUT_OPERATOR_SEL_1:2, 
2024-04-24T05:22:42,041  INFO [LocalJobRunner Map Task Executor #0] exec.ReduceSinkOperator: Closing Operator: RS[2]
2024-04-24T05:22:42,041  INFO [LocalJobRunner Map Task Executor #0] exec.ReduceSinkOperator: RS[2]: Total records written - 2. abort - false
2024-04-24T05:22:42,041  INFO [LocalJobRunner Map Task Executor #0] exec.ReduceSinkOperator: RECORDS_OUT_INTERMEDIATE:2, RECORDS_OUT_OPERATOR_RS_2:2, 
2024-04-24T05:22:42,041  INFO [LocalJobRunner Map Task Executor #0] mapred.LocalJobRunner: 
2024-04-24T05:22:42,041  INFO [LocalJobRunner Map Task Executor #0] mapred.MapTask: Starting flush of map output
2024-04-24T05:22:42,041  INFO [LocalJobRunner Map Task Executor #0] mapred.MapTask: Spilling map output
2024-04-24T05:22:42,041  INFO [LocalJobRunner Map Task Executor #0] mapred.MapTask: bufstart = 0; bufend = 318; bufvoid = 104857600
2024-04-24T05:22:42,041  INFO [LocalJobRunner Map Task Executor #0] mapred.MapTask: kvstart = 26214396(104857584); kvend = 26214392(104857568); length = 5/6553600
2024-04-24T05:22:42,049  INFO [LocalJobRunner Map Task Executor #0] mapred.MapTask: Finished spill 0
2024-04-24T05:22:42,052  INFO [LocalJobRunner Map Task Executor #0] mapred.Task: Task:attempt_local910643325_0052_m_000004_0 is done. And is in the process of committing
2024-04-24T05:22:42,053  INFO [LocalJobRunner Map Task Executor #0] mapred.LocalJobRunner: OrcSplit [file:/home/alex/Repositories/hive/ql/target/tmp/org.apache.hadoop.hive.ql.TestTxnNoBuckets-1713961246971/warehouse/t/000002_0, start=0, length=254, isOriginal=true, fileLength=254, hasFooter=false, hasBase=true, deltas=0]
2024-04-24T05:22:42,053  INFO [LocalJobRunner Map Task Executor #0] mapred.Task: Task 'attempt_local910643325_0052_m_000004_0' done.
2024-04-24T05:22:42,053  INFO [LocalJobRunner Map Task Executor #0] mapred.Task: Final Counters for attempt_local910643325_0052_m_000004_0: Counters: 24
	File System Counters
		FILE: Number of bytes read=1253376
		FILE: Number of bytes written=61254134
		FILE: Number of read operations=0
		FILE: Number of large read operations=0
		FILE: Number of write operations=0
	Map-Reduce Framework
		Map input records=2
		Map output records=2
		Map output bytes=318
		Map output materialized bytes=330
		Input split bytes=451
		Combine input records=0
		Spilled Records=2
		Failed Shuffles=0
		Merged Map outputs=0
		GC time elapsed (ms)=0
		Total committed heap usage (bytes)=1247281152
	HIVE
		DESERIALIZE_ERRORS=0
		RECORDS_IN=2
		RECORDS_OUT_INTERMEDIATE=2
		RECORDS_OUT_OPERATOR_MAP_0=0
		RECORDS_OUT_OPERATOR_RS_2=2
		RECORDS_OUT_OPERATOR_SEL_1=2
		RECORDS_OUT_OPERATOR_TS_0=2
	File Input Format Counters 
		Bytes Read=6111
2024-04-24T05:22:42,053  INFO [LocalJobRunner Map Task Executor #0] mapred.LocalJobRunner: Finishing task: attempt_local910643325_0052_m_000004_0
2024-04-24T05:22:42,053  INFO [LocalJobRunner Map Task Executor #0] mapred.LocalJobRunner: Starting task: attempt_local910643325_0052_m_000005_0
2024-04-24T05:22:42,053  INFO [LocalJobRunner Map Task Executor #0] mapred.Task:  Using ResourceCalculatorProcessTree : [ ]
2024-04-24T05:22:42,054  INFO [LocalJobRunner Map Task Executor #0] mapred.MapTask: Processing split: org.apache.hadoop.hive.ql.io.orc.OrcInputFormat:OrcSplit [file:/home/alex/Repositories/hive/ql/target/tmp/org.apache.hadoop.hive.ql.TestTxnNoBuckets-1713961246971/warehouse/t/HIVE_UNION_SUBDIR_16/000000_0, start=0, length=254, isOriginal=true, fileLength=254, hasFooter=false, hasBase=true, deltas=0]
2024-04-24T05:22:42,054  INFO [LocalJobRunner Map Task Executor #0] exec.SerializationUtilities: Deserializing MapWork using kryo
2024-04-24T05:22:42,054  INFO [LocalJobRunner Map Task Executor #0] exec.Utilities: Deserialized plan (via FILE) - name: null size: 4,98KB
2024-04-24T05:22:42,055  INFO [LocalJobRunner Map Task Executor #0] orc.OrcRawRecordMerger: min key = null, max key = null
2024-04-24T05:22:42,055  INFO [LocalJobRunner Map Task Executor #0] orc.ReaderImpl: Reading ORC rows from file:/home/alex/Repositories/hive/ql/target/tmp/org.apache.hadoop.hive.ql.TestTxnNoBuckets-1713961246971/warehouse/t/HIVE_UNION_SUBDIR_16/000000_0 with {include: [true, true, true], offset: 0, length: 254, schema: struct<a:int,b:int>, includeAcidColumns: true}
2024-04-24T05:22:42,080  INFO [LocalJobRunner Map Task Executor #0] orc.OrcRawRecordMerger: updated min key = null, max key = null
2024-04-24T05:22:42,080  INFO [LocalJobRunner Map Task Executor #0] mapred.MapTask: numReduceTasks: 1
2024-04-24T05:22:42,084  INFO [LocalJobRunner Map Task Executor #0] mapred.MapTask: (EQUATOR) 0 kvi 26214396(104857584)
2024-04-24T05:22:42,084  INFO [LocalJobRunner Map Task Executor #0] mapred.MapTask: mapreduce.task.io.sort.mb: 100
2024-04-24T05:22:42,084  INFO [LocalJobRunner Map Task Executor #0] mapred.MapTask: soft limit at 83886080
2024-04-24T05:22:42,084  INFO [LocalJobRunner Map Task Executor #0] mapred.MapTask: bufstart = 0; bufvoid = 104857600
2024-04-24T05:22:42,084  INFO [LocalJobRunner Map Task Executor #0] mapred.MapTask: kvstart = 26214396; length = 6553600
2024-04-24T05:22:42,085  INFO [LocalJobRunner Map Task Executor #0] mapred.MapTask: Map output collector class = org.apache.hadoop.mapred.MapTask$MapOutputBuffer
2024-04-24T05:22:42,085  INFO [LocalJobRunner Map Task Executor #0] exec.MapOperator: Initializing Operator: MAP[0]
2024-04-24T05:22:42,086  INFO [LocalJobRunner Map Task Executor #0] mr.ExecMapper: 
<MAP>Id =0
  <Children>null
  <\Children>
  <Parent><\Parent>
<\MAP>
2024-04-24T05:22:42,087  INFO [LocalJobRunner Map Task Executor #0] exec.TableScanOperator: Initializing Operator: TS[0]
2024-04-24T05:22:42,087  INFO [LocalJobRunner Map Task Executor #0] exec.SelectOperator: Initializing Operator: SEL[1]
2024-04-24T05:22:42,087  INFO [LocalJobRunner Map Task Executor #0] exec.SelectOperator: SELECT struct<a:int,b:int,row__id:struct<writeid:bigint,bucketid:int,rowid:bigint>,input__file__name:string>
2024-04-24T05:22:42,087  INFO [LocalJobRunner Map Task Executor #0] exec.ReduceSinkOperator: Initializing Operator: RS[2]
2024-04-24T05:22:42,087  INFO [LocalJobRunner Map Task Executor #0] exec.ReduceSinkOperator: Using tag = -1
2024-04-24T05:22:42,087  INFO [LocalJobRunner Map Task Executor #0] exec.ReduceSinkOperator: keys are [reducesinkkey0, reducesinkkey1, reducesinkkey2] num distributions: 3
2024-04-24T05:22:42,088  INFO [LocalJobRunner Map Task Executor #0] exec.ReduceSinkOperator: RS[2]: records written - 1
2024-04-24T05:22:42,088  INFO [LocalJobRunner Map Task Executor #0] exec.MapOperator: MAP[0]: records read - 1
2024-04-24T05:22:42,088  INFO [LocalJobRunner Map Task Executor #0] exec.MapOperator: Closing Operator: MAP[0]
2024-04-24T05:22:42,088  INFO [LocalJobRunner Map Task Executor #0] exec.MapOperator: MAP[0]: Total records read - 1. abort - false
2024-04-24T05:22:42,088  INFO [LocalJobRunner Map Task Executor #0] exec.MapOperator: RECORDS_OUT_OPERATOR_MAP_0:0, RECORDS_IN:1, RECORDS_OUT_INTERMEDIATE:0, DESERIALIZE_ERRORS:0, 
2024-04-24T05:22:42,088  INFO [LocalJobRunner Map Task Executor #0] exec.TableScanOperator: Closing Operator: TS[0]
2024-04-24T05:22:42,088  INFO [LocalJobRunner Map Task Executor #0] exec.TableScanOperator: RECORDS_OUT_INTERMEDIATE:0, RECORDS_OUT_OPERATOR_TS_0:1, 
2024-04-24T05:22:42,088  INFO [LocalJobRunner Map Task Executor #0] exec.SelectOperator: Closing Operator: SEL[1]
2024-04-24T05:22:42,088  INFO [LocalJobRunner Map Task Executor #0] exec.SelectOperator: RECORDS_OUT_OPERATOR_SEL_1:1, RECORDS_OUT_INTERMEDIATE:0, 
2024-04-24T05:22:42,088  INFO [LocalJobRunner Map Task Executor #0] exec.ReduceSinkOperator: Closing Operator: RS[2]
2024-04-24T05:22:42,088  INFO [LocalJobRunner Map Task Executor #0] exec.ReduceSinkOperator: RS[2]: Total records written - 1. abort - false
2024-04-24T05:22:42,088  INFO [LocalJobRunner Map Task Executor #0] exec.ReduceSinkOperator: RECORDS_OUT_OPERATOR_RS_2:1, RECORDS_OUT_INTERMEDIATE:1, 
2024-04-24T05:22:42,088  INFO [LocalJobRunner Map Task Executor #0] mapred.LocalJobRunner: 
2024-04-24T05:22:42,088  INFO [LocalJobRunner Map Task Executor #0] mapred.MapTask: Starting flush of map output
2024-04-24T05:22:42,088  INFO [LocalJobRunner Map Task Executor #0] mapred.MapTask: Spilling map output
2024-04-24T05:22:42,088  INFO [LocalJobRunner Map Task Executor #0] mapred.MapTask: bufstart = 0; bufend = 180; bufvoid = 104857600
2024-04-24T05:22:42,088  INFO [LocalJobRunner Map Task Executor #0] mapred.MapTask: kvstart = 26214396(104857584); kvend = 26214396(104857584); length = 1/6553600
2024-04-24T05:22:42,096  INFO [LocalJobRunner Map Task Executor #0] mapred.MapTask: Finished spill 0
2024-04-24T05:22:42,098  INFO [LocalJobRunner Map Task Executor #0] mapred.Task: Task:attempt_local910643325_0052_m_000005_0 is done. And is in the process of committing
2024-04-24T05:22:42,099  INFO [LocalJobRunner Map Task Executor #0] mapred.LocalJobRunner: OrcSplit [file:/home/alex/Repositories/hive/ql/target/tmp/org.apache.hadoop.hive.ql.TestTxnNoBuckets-1713961246971/warehouse/t/HIVE_UNION_SUBDIR_16/000000_0, start=0, length=254, isOriginal=true, fileLength=254, hasFooter=false, hasBase=true, deltas=0]
2024-04-24T05:22:42,099  INFO [LocalJobRunner Map Task Executor #0] mapred.Task: Task 'attempt_local910643325_0052_m_000005_0' done.
2024-04-24T05:22:42,099  INFO [LocalJobRunner Map Task Executor #0] mapred.Task: Final Counters for attempt_local910643325_0052_m_000005_0: Counters: 24
	File System Counters
		FILE: Number of bytes read=1261538
		FILE: Number of bytes written=61254355
		FILE: Number of read operations=0
		FILE: Number of large read operations=0
		FILE: Number of write operations=0
	Map-Reduce Framework
		Map input records=1
		Map output records=1
		Map output bytes=180
		Map output materialized bytes=189
		Input split bytes=473
		Combine input records=0
		Spilled Records=1
		Failed Shuffles=0
		Merged Map outputs=0
		GC time elapsed (ms)=0
		Total committed heap usage (bytes)=1247281152
	HIVE
		DESERIALIZE_ERRORS=0
		RECORDS_IN=1
		RECORDS_OUT_INTERMEDIATE=1
		RECORDS_OUT_OPERATOR_MAP_0=0
		RECORDS_OUT_OPERATOR_RS_2=1
		RECORDS_OUT_OPERATOR_SEL_1=1
		RECORDS_OUT_OPERATOR_TS_0=1
	File Input Format Counters 
		Bytes Read=6936
2024-04-24T05:22:42,099  INFO [LocalJobRunner Map Task Executor #0] mapred.LocalJobRunner: Finishing task: attempt_local910643325_0052_m_000005_0
2024-04-24T05:22:42,099  INFO [LocalJobRunner Map Task Executor #0] mapred.LocalJobRunner: Starting task: attempt_local910643325_0052_m_000006_0
2024-04-24T05:22:42,100  INFO [LocalJobRunner Map Task Executor #0] mapred.Task:  Using ResourceCalculatorProcessTree : [ ]
2024-04-24T05:22:42,100  INFO [LocalJobRunner Map Task Executor #0] mapred.MapTask: Processing split: org.apache.hadoop.hive.ql.io.orc.OrcInputFormat:OrcSplit [file:/home/alex/Repositories/hive/ql/target/tmp/org.apache.hadoop.hive.ql.TestTxnNoBuckets-1713961246971/warehouse/t/000000_0_copy_1, start=0, length=241, isOriginal=true, fileLength=241, hasFooter=false, hasBase=true, deltas=0]
2024-04-24T05:22:42,100  INFO [LocalJobRunner Map Task Executor #0] exec.SerializationUtilities: Deserializing MapWork using kryo
2024-04-24T05:22:42,101  INFO [LocalJobRunner Map Task Executor #0] exec.Utilities: Deserialized plan (via FILE) - name: null size: 4,98KB
2024-04-24T05:22:42,102  INFO [LocalJobRunner Map Task Executor #0] orc.OrcRawRecordMerger: min key = null, max key = null
2024-04-24T05:22:42,102  INFO [LocalJobRunner Map Task Executor #0] orc.ReaderImpl: Reading ORC rows from file:/home/alex/Repositories/hive/ql/target/tmp/org.apache.hadoop.hive.ql.TestTxnNoBuckets-1713961246971/warehouse/t/000000_0_copy_1 with {include: [true, true, true], offset: 0, length: 241, schema: struct<a:int,b:int>, includeAcidColumns: true}
2024-04-24T05:22:42,125  INFO [LocalJobRunner Map Task Executor #0] orc.OrcRawRecordMerger: updated min key = null, max key = null
2024-04-24T05:22:42,126  INFO [LocalJobRunner Map Task Executor #0] mapred.MapTask: numReduceTasks: 1
2024-04-24T05:22:42,130  INFO [LocalJobRunner Map Task Executor #0] mapred.MapTask: (EQUATOR) 0 kvi 26214396(104857584)
2024-04-24T05:22:42,130  INFO [LocalJobRunner Map Task Executor #0] mapred.MapTask: mapreduce.task.io.sort.mb: 100
2024-04-24T05:22:42,130  INFO [LocalJobRunner Map Task Executor #0] mapred.MapTask: soft limit at 83886080
2024-04-24T05:22:42,130  INFO [LocalJobRunner Map Task Executor #0] mapred.MapTask: bufstart = 0; bufvoid = 104857600
2024-04-24T05:22:42,130  INFO [LocalJobRunner Map Task Executor #0] mapred.MapTask: kvstart = 26214396; length = 6553600
2024-04-24T05:22:42,130  INFO [LocalJobRunner Map Task Executor #0] mapred.MapTask: Map output collector class = org.apache.hadoop.mapred.MapTask$MapOutputBuffer
2024-04-24T05:22:42,131  INFO [LocalJobRunner Map Task Executor #0] exec.MapOperator: Initializing Operator: MAP[0]
2024-04-24T05:22:42,132  INFO [LocalJobRunner Map Task Executor #0] mr.ExecMapper: 
<MAP>Id =0
  <Children>null
  <\Children>
  <Parent><\Parent>
<\MAP>
2024-04-24T05:22:42,132  INFO [LocalJobRunner Map Task Executor #0] exec.TableScanOperator: Initializing Operator: TS[0]
2024-04-24T05:22:42,132  INFO [LocalJobRunner Map Task Executor #0] exec.SelectOperator: Initializing Operator: SEL[1]
2024-04-24T05:22:42,132  INFO [LocalJobRunner Map Task Executor #0] exec.SelectOperator: SELECT struct<a:int,b:int,row__id:struct<writeid:bigint,bucketid:int,rowid:bigint>,input__file__name:string>
2024-04-24T05:22:42,132  INFO [LocalJobRunner Map Task Executor #0] exec.ReduceSinkOperator: Initializing Operator: RS[2]
2024-04-24T05:22:42,132  INFO [LocalJobRunner Map Task Executor #0] exec.ReduceSinkOperator: Using tag = -1
2024-04-24T05:22:42,133  INFO [LocalJobRunner Map Task Executor #0] exec.ReduceSinkOperator: keys are [reducesinkkey0, reducesinkkey1, reducesinkkey2] num distributions: 3
2024-04-24T05:22:42,133  INFO [LocalJobRunner Map Task Executor #0] exec.ReduceSinkOperator: RS[2]: records written - 1
2024-04-24T05:22:42,133  INFO [LocalJobRunner Map Task Executor #0] exec.MapOperator: MAP[0]: records read - 1
2024-04-24T05:22:42,133  INFO [LocalJobRunner Map Task Executor #0] exec.MapOperator: Closing Operator: MAP[0]
2024-04-24T05:22:42,133  INFO [LocalJobRunner Map Task Executor #0] exec.MapOperator: MAP[0]: Total records read - 1. abort - false
2024-04-24T05:22:42,133  INFO [LocalJobRunner Map Task Executor #0] exec.MapOperator: DESERIALIZE_ERRORS:0, RECORDS_OUT_INTERMEDIATE:0, RECORDS_OUT_OPERATOR_MAP_0:0, RECORDS_IN:1, 
2024-04-24T05:22:42,133  INFO [LocalJobRunner Map Task Executor #0] exec.TableScanOperator: Closing Operator: TS[0]
2024-04-24T05:22:42,133  INFO [LocalJobRunner Map Task Executor #0] exec.TableScanOperator: RECORDS_OUT_OPERATOR_TS_0:1, RECORDS_OUT_INTERMEDIATE:0, 
2024-04-24T05:22:42,133  INFO [LocalJobRunner Map Task Executor #0] exec.SelectOperator: Closing Operator: SEL[1]
2024-04-24T05:22:42,133  INFO [LocalJobRunner Map Task Executor #0] exec.SelectOperator: RECORDS_OUT_OPERATOR_SEL_1:1, RECORDS_OUT_INTERMEDIATE:0, 
2024-04-24T05:22:42,133  INFO [LocalJobRunner Map Task Executor #0] exec.ReduceSinkOperator: Closing Operator: RS[2]
2024-04-24T05:22:42,133  INFO [LocalJobRunner Map Task Executor #0] exec.ReduceSinkOperator: RS[2]: Total records written - 1. abort - false
2024-04-24T05:22:42,133  INFO [LocalJobRunner Map Task Executor #0] exec.ReduceSinkOperator: RECORDS_OUT_INTERMEDIATE:1, RECORDS_OUT_OPERATOR_RS_2:1, 
2024-04-24T05:22:42,133  INFO [LocalJobRunner Map Task Executor #0] mapred.LocalJobRunner: 
2024-04-24T05:22:42,133  INFO [LocalJobRunner Map Task Executor #0] mapred.MapTask: Starting flush of map output
2024-04-24T05:22:42,133  INFO [LocalJobRunner Map Task Executor #0] mapred.MapTask: Spilling map output
2024-04-24T05:22:42,133  INFO [LocalJobRunner Map Task Executor #0] mapred.MapTask: bufstart = 0; bufend = 166; bufvoid = 104857600
2024-04-24T05:22:42,134  INFO [LocalJobRunner Map Task Executor #0] mapred.MapTask: kvstart = 26214396(104857584); kvend = 26214396(104857584); length = 1/6553600
2024-04-24T05:22:42,141  INFO [LocalJobRunner Map Task Executor #0] mapred.MapTask: Finished spill 0
2024-04-24T05:22:42,144  INFO [LocalJobRunner Map Task Executor #0] mapred.Task: Task:attempt_local910643325_0052_m_000006_0 is done. And is in the process of committing
2024-04-24T05:22:42,144  INFO [LocalJobRunner Map Task Executor #0] mapred.LocalJobRunner: OrcSplit [file:/home/alex/Repositories/hive/ql/target/tmp/org.apache.hadoop.hive.ql.TestTxnNoBuckets-1713961246971/warehouse/t/000000_0_copy_1, start=0, length=241, isOriginal=true, fileLength=241, hasFooter=false, hasBase=true, deltas=0]
2024-04-24T05:22:42,144  INFO [LocalJobRunner Map Task Executor #0] mapred.Task: Task 'attempt_local910643325_0052_m_000006_0' done.
2024-04-24T05:22:42,144  INFO [LocalJobRunner Map Task Executor #0] mapred.Task: Final Counters for attempt_local910643325_0052_m_000006_0: Counters: 24
	File System Counters
		FILE: Number of bytes read=1268591
		FILE: Number of bytes written=61254562
		FILE: Number of read operations=0
		FILE: Number of large read operations=0
		FILE: Number of write operations=0
	Map-Reduce Framework
		Map input records=1
		Map output records=1
		Map output bytes=166
		Map output materialized bytes=175
		Input split bytes=459
		Combine input records=0
		Spilled Records=1
		Failed Shuffles=0
		Merged Map outputs=0
		GC time elapsed (ms)=0
		Total committed heap usage (bytes)=1247281152
	HIVE
		DESERIALIZE_ERRORS=0
		RECORDS_IN=1
		RECORDS_OUT_INTERMEDIATE=1
		RECORDS_OUT_OPERATOR_MAP_0=0
		RECORDS_OUT_OPERATOR_RS_2=1
		RECORDS_OUT_OPERATOR_SEL_1=1
		RECORDS_OUT_OPERATOR_TS_0=1
	File Input Format Counters 
		Bytes Read=6339
2024-04-24T05:22:42,144  INFO [LocalJobRunner Map Task Executor #0] mapred.LocalJobRunner: Finishing task: attempt_local910643325_0052_m_000006_0
2024-04-24T05:22:42,144  INFO [Thread-3365] mapred.LocalJobRunner: map task executor complete.
2024-04-24T05:22:42,145  INFO [Thread-3365] mapred.LocalJobRunner: Waiting for reduce tasks
2024-04-24T05:22:42,145  INFO [pool-225-thread-1] mapred.LocalJobRunner: Starting task: attempt_local910643325_0052_r_000000_0
2024-04-24T05:22:42,146  INFO [pool-225-thread-1] mapred.Task:  Using ResourceCalculatorProcessTree : [ ]
2024-04-24T05:22:42,146  INFO [pool-225-thread-1] mapred.ReduceTask: Using ShuffleConsumerPlugin: org.apache.hadoop.mapreduce.task.reduce.Shuffle@13350dde
2024-04-24T05:22:42,146  WARN [pool-225-thread-1] impl.MetricsSystemImpl: JobTracker metrics system already initialized!
2024-04-24T05:22:42,146  INFO [pool-225-thread-1] reduce.MergeManagerImpl: MergerManager: memoryLimit=1336252800, maxSingleShuffleLimit=334063200, mergeThreshold=881926912, ioSortFactor=10, memToMemMergeOutputsThreshold=10
2024-04-24T05:22:42,147  INFO [EventFetcher for fetching Map Completion Events] reduce.EventFetcher: attempt_local910643325_0052_r_000000_0 Thread started: EventFetcher for fetching Map Completion Events
2024-04-24T05:22:42,150  INFO [localfetcher#33] reduce.LocalFetcher: localfetcher#33 about to shuffle output of map attempt_local910643325_0052_m_000000_0 decomp: 185 len: 189 to MEMORY
2024-04-24T05:22:42,150  INFO [localfetcher#33] reduce.InMemoryMapOutput: Read 185 bytes from map-output for attempt_local910643325_0052_m_000000_0
2024-04-24T05:22:42,150  INFO [localfetcher#33] reduce.MergeManagerImpl: closeInMemoryFile -> map-output of size: 185, inMemoryMapOutputs.size() -> 1, commitMemory -> 0, usedMemory ->185
2024-04-24T05:22:42,152  INFO [localfetcher#33] reduce.LocalFetcher: localfetcher#33 about to shuffle output of map attempt_local910643325_0052_m_000002_0 decomp: 368 len: 372 to MEMORY
2024-04-24T05:22:42,152  INFO [localfetcher#33] reduce.InMemoryMapOutput: Read 368 bytes from map-output for attempt_local910643325_0052_m_000002_0
2024-04-24T05:22:42,152  INFO [localfetcher#33] reduce.MergeManagerImpl: closeInMemoryFile -> map-output of size: 368, inMemoryMapOutputs.size() -> 2, commitMemory -> 185, usedMemory ->553
2024-04-24T05:22:42,154  INFO [localfetcher#33] reduce.LocalFetcher: localfetcher#33 about to shuffle output of map attempt_local910643325_0052_m_000003_0 decomp: 164 len: 168 to MEMORY
2024-04-24T05:22:42,154  INFO [localfetcher#33] reduce.InMemoryMapOutput: Read 164 bytes from map-output for attempt_local910643325_0052_m_000003_0
2024-04-24T05:22:42,154  INFO [localfetcher#33] reduce.MergeManagerImpl: closeInMemoryFile -> map-output of size: 164, inMemoryMapOutputs.size() -> 3, commitMemory -> 553, usedMemory ->717
2024-04-24T05:22:42,157  INFO [localfetcher#33] reduce.LocalFetcher: localfetcher#33 about to shuffle output of map attempt_local910643325_0052_m_000006_0 decomp: 171 len: 175 to MEMORY
2024-04-24T05:22:42,157  INFO [localfetcher#33] reduce.InMemoryMapOutput: Read 171 bytes from map-output for attempt_local910643325_0052_m_000006_0
2024-04-24T05:22:42,157  INFO [localfetcher#33] reduce.MergeManagerImpl: closeInMemoryFile -> map-output of size: 171, inMemoryMapOutputs.size() -> 4, commitMemory -> 717, usedMemory ->888
2024-04-24T05:22:42,161  INFO [localfetcher#33] reduce.LocalFetcher: localfetcher#33 about to shuffle output of map attempt_local910643325_0052_m_000004_0 decomp: 326 len: 330 to MEMORY
2024-04-24T05:22:42,161  INFO [localfetcher#33] reduce.InMemoryMapOutput: Read 326 bytes from map-output for attempt_local910643325_0052_m_000004_0
2024-04-24T05:22:42,161  INFO [localfetcher#33] reduce.MergeManagerImpl: closeInMemoryFile -> map-output of size: 326, inMemoryMapOutputs.size() -> 5, commitMemory -> 888, usedMemory ->1214
2024-04-24T05:22:42,165  INFO [localfetcher#33] reduce.LocalFetcher: localfetcher#33 about to shuffle output of map attempt_local910643325_0052_m_000005_0 decomp: 185 len: 189 to MEMORY
2024-04-24T05:22:42,165  INFO [localfetcher#33] reduce.InMemoryMapOutput: Read 185 bytes from map-output for attempt_local910643325_0052_m_000005_0
2024-04-24T05:22:42,165  INFO [localfetcher#33] reduce.MergeManagerImpl: closeInMemoryFile -> map-output of size: 185, inMemoryMapOutputs.size() -> 6, commitMemory -> 1214, usedMemory ->1399
2024-04-24T05:22:42,168  INFO [localfetcher#33] reduce.LocalFetcher: localfetcher#33 about to shuffle output of map attempt_local910643325_0052_m_000001_0 decomp: 326 len: 330 to MEMORY
2024-04-24T05:22:42,169  INFO [localfetcher#33] reduce.InMemoryMapOutput: Read 326 bytes from map-output for attempt_local910643325_0052_m_000001_0
2024-04-24T05:22:42,169  INFO [localfetcher#33] reduce.MergeManagerImpl: closeInMemoryFile -> map-output of size: 326, inMemoryMapOutputs.size() -> 7, commitMemory -> 1399, usedMemory ->1725
2024-04-24T05:22:42,169  INFO [EventFetcher for fetching Map Completion Events] reduce.EventFetcher: EventFetcher is interrupted.. Returning
2024-04-24T05:22:42,170  INFO [pool-225-thread-1] mapred.LocalJobRunner: 7 / 7 copied.
2024-04-24T05:22:42,170  INFO [pool-225-thread-1] reduce.MergeManagerImpl: finalMerge called with 7 in-memory map-outputs and 0 on-disk map-outputs
2024-04-24T05:22:42,182  INFO [pool-225-thread-1] mapred.Merger: Merging 7 sorted segments
2024-04-24T05:22:42,182  INFO [pool-225-thread-1] mapred.Merger: Down to the last merge-pass, with 7 segments left of total size: 640 bytes
2024-04-24T05:22:42,189  INFO [pool-225-thread-1] reduce.MergeManagerImpl: Merged 7 segments, 1725 bytes to disk to satisfy reduce memory limit
2024-04-24T05:22:42,190  INFO [pool-225-thread-1] reduce.MergeManagerImpl: Merging 1 files, 1717 bytes from disk
2024-04-24T05:22:42,190  INFO [pool-225-thread-1] reduce.MergeManagerImpl: Merging 0 segments, 0 bytes from memory into reduce
2024-04-24T05:22:42,190  INFO [pool-225-thread-1] mapred.Merger: Merging 1 sorted segments
2024-04-24T05:22:42,190  INFO [pool-225-thread-1] mapred.Merger: Down to the last merge-pass, with 1 segments left of total size: 1568 bytes
2024-04-24T05:22:42,190  INFO [pool-225-thread-1] mapred.LocalJobRunner: 7 / 7 copied.
2024-04-24T05:22:42,191  INFO [pool-225-thread-1] exec.SerializationUtilities: Deserializing ReduceWork using kryo
2024-04-24T05:22:42,192  INFO [pool-225-thread-1] exec.Utilities: Deserialized plan (via FILE) - name: null size: 6,14KB
2024-04-24T05:22:42,195  INFO [pool-225-thread-1] ExecReducer: 
<SEL>Id =3
  <Children>
    <FS>Id =4
      <Children>
      <\Children>
      <Parent>Id = 3 null<\Parent>
    <\FS>
  <\Children>
  <Parent><\Parent>
<\SEL>
2024-04-24T05:22:42,195  INFO [pool-225-thread-1] exec.SelectOperator: Initializing Operator: SEL[3]
2024-04-24T05:22:42,195  INFO [pool-225-thread-1] exec.SelectOperator: SELECT struct<key:struct<reducesinkkey0:int,reducesinkkey1:int,reducesinkkey2:string>,value:struct<_col0:struct<writeid:bigint,bucketid:int,rowid:bigint>>>
2024-04-24T05:22:42,195  INFO [pool-225-thread-1] exec.FileSinkOperator: Initializing Operator: FS[4]
2024-04-24T05:22:42,196  INFO [pool-225-thread-1] exec.FileSinkOperator: Using serializer : class org.apache.hadoop.hive.serde2.lazy.LazySimpleSerDe [serdeParams=org.apache.hadoop.hive.serde2.lazy.LazySerDeParameters@4576d37, cachedObjectInspector=org.apache.hadoop.hive.serde2.lazy.objectinspector.LazySimpleStructObjectInspector<org.apache.hadoop.hive.serde2.lazy.objectinspector.LazySimpleStructObjectInspector<org.apache.hadoop.hive.serde2.lazy.objectinspector.primitive.LazyLongObjectInspector@1201c2f6,org.apache.hadoop.hive.serde2.lazy.objectinspector.primitive.LazyIntObjectInspector@cbf9cc1,org.apache.hadoop.hive.serde2.lazy.objectinspector.primitive.LazyLongObjectInspector@1201c2f6>,org.apache.hadoop.hive.serde2.lazy.objectinspector.primitive.LazyIntObjectInspector@cbf9cc1,org.apache.hadoop.hive.serde2.lazy.objectinspector.primitive.LazyIntObjectInspector@cbf9cc1,org.apache.hadoop.hive.serde2.lazy.objectinspector.primitive.LazyStringObjectInspector@71549247>, serializedSize=0, stats=org.apache.hadoop.hive.serde2.SerDeStats@38ae5ce5, lastOperationSerialize=false, lastOperationDeserialize=false [1, 2, 3, 4, 5, 6, 7, 8, 11, 14, 15, 16, 17, 18, 19, 20, 21, 22, 23, 24, 25, 26, 28, 29, 30, 31, -128, -127, -126, -125, -124, -123, -122, -121, -120, -119, -118, -117, -116, -115, -114, -113, -112, -111, -110, -109, -108, -107, -106, -105, -104, -103, -102, -101, -100, -99, -98, -97, -96, -95, -94, -93, -92, -91, -90, -89, -88, -87, -86, -85, -84, -83, -82, -81, -80, -79, -78, -77, -76, -75, -74, -73, -72, -71, -70, -69, -68, -67, -66, -65, -64, -63, -62, -61, -60, -59, -58, -57, -56, -55, -54, -53, -52, -51, -50, -49, -48, -47, -46, -45, -44, -43, -42, -41, -40, -39, -38, -37, -36, -35, -34, -33, -32, -31, -30, -29, -28, -27, -26, -25, -24, -23, -22, -21, -20, -19, -18, -17, -16, -15, -14, -13, -12, -11, -10, -9, -8, -7, -6, -5, -4, -3, -2, -1] : [_col0, _col1, _col2, _col3] : [struct<writeid:bigint,bucketid:int,rowid:bigint>, int, int, string]] and formatter : org.apache.hadoop.hive.ql.io.HiveSequenceFileOutputFormat@19ec00bf
2024-04-24T05:22:42,197  INFO [pool-225-thread-1] exec.FileSinkOperator: Final Path: FS file:/home/alex/Repositories/hive/ql/target/tmp/localscratchdir/60b21767-3741-46b4-add5-ecda5376357f/hive_2024-04-24_05-22-41_414_1606780185763542875-1/-mr-10001/.hive-staging_hive_2024-04-24_05-22-41_414_1606780185763542875-1/_tmp.-ext-10002/000000_0
2024-04-24T05:22:42,197  INFO [pool-225-thread-1] exec.FileSinkOperator: Writing to temp file: FS file:/home/alex/Repositories/hive/ql/target/tmp/localscratchdir/60b21767-3741-46b4-add5-ecda5376357f/hive_2024-04-24_05-22-41_414_1606780185763542875-1/-mr-10001/.hive-staging_hive_2024-04-24_05-22-41_414_1606780185763542875-1/_task_tmp.-ext-10002/_tmp.000000_0
2024-04-24T05:22:42,197  INFO [pool-225-thread-1] exec.FileSinkOperator: New Final Path: FS file:/home/alex/Repositories/hive/ql/target/tmp/localscratchdir/60b21767-3741-46b4-add5-ecda5376357f/hive_2024-04-24_05-22-41_414_1606780185763542875-1/-mr-10001/.hive-staging_hive_2024-04-24_05-22-41_414_1606780185763542875-1/_tmp.-ext-10002/000000_0
2024-04-24T05:22:42,218  INFO [pool-225-thread-1] exec.FileSinkOperator: FS[4]: records written - 1
2024-04-24T05:22:42,219  INFO [pool-225-thread-1] exec.FileSinkOperator: FS[4]: records written - 10
2024-04-24T05:22:42,220  INFO [pool-225-thread-1] exec.SelectOperator: Closing Operator: SEL[3]
2024-04-24T05:22:42,220  INFO [pool-225-thread-1] exec.SelectOperator: RECORDS_OUT_OPERATOR_SEL_3:10, RECORDS_OUT_INTERMEDIATE:0, 
2024-04-24T05:22:42,220  INFO [pool-225-thread-1] exec.FileSinkOperator: Closing Operator: FS[4]
2024-04-24T05:22:42,220  INFO [pool-225-thread-1] exec.FileSinkOperator: FS[4]: records written - 10
2024-04-24T05:22:42,221  INFO [pool-225-thread-1] exec.FileSinkOperator: RECORDS_OUT_0:10, RECORDS_OUT_OPERATOR_FS_4:10, RECORDS_OUT_INTERMEDIATE:0, 
2024-04-24T05:22:42,221  INFO [pool-225-thread-1] mapred.Task: Task:attempt_local910643325_0052_r_000000_0 is done. And is in the process of committing
2024-04-24T05:22:42,222  INFO [pool-225-thread-1] mapred.LocalJobRunner: reduce > reduce
2024-04-24T05:22:42,223  INFO [pool-225-thread-1] mapred.Task: Task 'attempt_local910643325_0052_r_000000_0' done.
2024-04-24T05:22:42,223  INFO [pool-225-thread-1] mapred.Task: Final Counters for attempt_local910643325_0052_r_000000_0: Counters: 29
	File System Counters
		FILE: Number of bytes read=1278480
		FILE: Number of bytes written=61258062
		FILE: Number of read operations=0
		FILE: Number of large read operations=0
		FILE: Number of write operations=0
	Map-Reduce Framework
		Combine input records=0
		Combine output records=0
		Reduce input groups=10
		Reduce shuffle bytes=1753
		Reduce input records=10
		Reduce output records=0
		Spilled Records=10
		Shuffled Maps =7
		Failed Shuffles=0
		Merged Map outputs=7
		GC time elapsed (ms)=0
		Total committed heap usage (bytes)=1247281152
	HIVE
		CREATED_FILES=1
		RECORDS_OUT_0=10
		RECORDS_OUT_INTERMEDIATE=0
		RECORDS_OUT_OPERATOR_FS_4=10
		RECORDS_OUT_OPERATOR_SEL_3=10
	Shuffle Errors
		BAD_ID=0
		CONNECTION=0
		IO_ERROR=0
		WRONG_LENGTH=0
		WRONG_MAP=0
		WRONG_REDUCE=0
	File Output Format Counters 
		Bytes Written=0
2024-04-24T05:22:42,223  INFO [pool-225-thread-1] mapred.LocalJobRunner: Finishing task: attempt_local910643325_0052_r_000000_0
2024-04-24T05:22:42,223  INFO [Thread-3365] mapred.LocalJobRunner: reduce task executor complete.
2024-04-24 05:22:42,818 Stage-1 map = 100%,  reduce = 100%
2024-04-24T05:22:42,818  INFO [main] exec.Task: 2024-04-24 05:22:42,818 Stage-1 map = 100%,  reduce = 100%
Ended Job = job_local910643325_0052
2024-04-24T05:22:42,818  INFO [main] exec.Task: Ended Job = job_local910643325_0052
2024-04-24T05:22:42,820  INFO [main] metadata.Hive: Dumping metastore api call timing information for : execution phase
2024-04-24T05:22:42,820  INFO [main] metadata.Hive: Total time spent in each metastore function (ms): {}
MapReduce Jobs Launched: 
2024-04-24T05:22:42,820  INFO [main] ql.Driver: MapReduce Jobs Launched: 
Stage-Stage-1:  HDFS Read: 0 HDFS Write: 0 SUCCESS
2024-04-24T05:22:42,820  INFO [main] ql.Driver: Stage-Stage-1:  HDFS Read: 0 HDFS Write: 0 SUCCESS
Total MapReduce CPU Time Spent: 0 msec
2024-04-24T05:22:42,820  INFO [main] ql.Driver: Total MapReduce CPU Time Spent: 0 msec
2024-04-24T05:22:42,820  INFO [main] ql.Driver: Completed executing command(queryId=alex_20240424052237_f4520b97-d540-4fab-802e-cbe8a67fabe3); Time taken: 1.276 seconds
2024-04-24T05:22:42,820  INFO [main] lockmgr.DbTxnManager: Stopped heartbeat for query: alex_20240424052237_f4520b97-d540-4fab-802e-cbe8a67fabe3
2024-04-24T05:22:42,823  INFO [main] txn.TxnHandler: Expected to move at least one record from txn_components to completed_txn_components when committing txn! txnid:22
2024-04-24T05:22:42,828  INFO [main] txn.TxnHandler: Removed transactions: ([22]) from MIN_HISTORY_LEVEL
2024-04-24T05:22:42,828  WARN [main] txn.CompactionTxnHandler: No compaction queue record found for Compaction type transaction commit. txnId:22
2024-04-24T05:22:42,832  INFO [main] mapred.FileInputFormat: Total input files to process : 1
2024-04-24T05:22:42,833  INFO [main] exec.ListSinkOperator: Closing Operator: LIST_SINK[5]
2024-04-24T05:22:42,833  INFO [main] exec.ListSinkOperator: RECORDS_OUT_INTERMEDIATE:0, RECORDS_OUT_OPERATOR_LIST_SINK_5:10, 
2024-04-24T05:22:42,833  WARN [main] ql.TestTxnNoBuckets: null: read data(after converting to acid (no compaction)): 
2024-04-24T05:22:42,833  INFO [main] ql.TestTxnNoBuckets: {"writeid":0,"bucketid":537001984,"rowid":0}	1	2	file:/home/alex/Repositories/hive/ql/target/tmp/org.apache.hadoop.hive.ql.TestTxnNoBuckets-1713961246971/warehouse/t/000002_0
{"writeid":0,"bucketid":537001984,"rowid":1}	2	4	file:/home/alex/Repositories/hive/ql/target/tmp/org.apache.hadoop.hive.ql.TestTxnNoBuckets-1713961246971/warehouse/t/000002_0
{"writeid":0,"bucketid":536870912,"rowid":0}	5	6	file:/home/alex/Repositories/hive/ql/target/tmp/org.apache.hadoop.hive.ql.TestTxnNoBuckets-1713961246971/warehouse/t/000000_0
{"writeid":0,"bucketid":536936448,"rowid":0}	6	8	file:/home/alex/Repositories/hive/ql/target/tmp/org.apache.hadoop.hive.ql.TestTxnNoBuckets-1713961246971/warehouse/t/000001_0
{"writeid":0,"bucketid":536870912,"rowid":1}	9	10	file:/home/alex/Repositories/hive/ql/target/tmp/org.apache.hadoop.hive.ql.TestTxnNoBuckets-1713961246971/warehouse/t/000000_0
{"writeid":0,"bucketid":536870912,"rowid":3}	10	20	file:/home/alex/Repositories/hive/ql/target/tmp/org.apache.hadoop.hive.ql.TestTxnNoBuckets-1713961246971/warehouse/t/HIVE_UNION_SUBDIR_15/000000_0
{"writeid":0,"bucketid":536870912,"rowid":2}	12	12	file:/home/alex/Repositories/hive/ql/target/tmp/org.apache.hadoop.hive.ql.TestTxnNoBuckets-1713961246971/warehouse/t/000000_0_copy_1
{"writeid":0,"bucketid":536870912,"rowid":4}	20	40	file:/home/alex/Repositories/hive/ql/target/tmp/org.apache.hadoop.hive.ql.TestTxnNoBuckets-1713961246971/warehouse/t/HIVE_UNION_SUBDIR_15/000000_0
{"writeid":0,"bucketid":536870912,"rowid":5}	50	60	file:/home/alex/Repositories/hive/ql/target/tmp/org.apache.hadoop.hive.ql.TestTxnNoBuckets-1713961246971/warehouse/t/HIVE_UNION_SUBDIR_16/000000_0
{"writeid":0,"bucketid":536936448,"rowid":1}	60	80	file:/home/alex/Repositories/hive/ql/target/tmp/org.apache.hadoop.hive.ql.TestTxnNoBuckets-1713961246971/warehouse/t/HIVE_UNION_SUBDIR_16/000001_0

2024-04-24T05:22:42,834  INFO [main] ql.TxnCommandsBaseForTests: Running the query: EXPLAIN VECTORIZATION DETAIL update T set b = 88 where b = 80
2024-04-24T05:22:42,834  INFO [main] ql.Context: Deleting scratch dir: file:/home/alex/Repositories/hive/ql/target/tmp/localscratchdir/60b21767-3741-46b4-add5-ecda5376357f/hive_2024-04-24_05-22-41_414_1606780185763542875-1
2024-04-24T05:22:42,835  INFO [main] cleanup.SyncCleanupService: Deleted directory: file:/home/alex/Repositories/hive/ql/target/tmp/localscratchdir/60b21767-3741-46b4-add5-ecda5376357f/hive_2024-04-24_05-22-41_414_1606780185763542875-1 on fs with scheme file
2024-04-24T05:22:42,835  INFO [main] ql.Driver: Compiling command(queryId=alex_20240424052237_f4520b97-d540-4fab-802e-cbe8a67fabe3): EXPLAIN VECTORIZATION DETAIL update T set b = 88 where b = 80
2024-04-24T05:22:42,839  INFO [main] txn.TxnHandler: Added entries to MIN_HISTORY_LEVEL for current txns: ([23]) with min_open_txn: 23
2024-04-24T05:22:42,839  INFO [main] lockmgr.DbTxnManager: Opened txnid:23
2024-04-24T05:22:42,840  INFO [main] HiveMetaStore.audit: ugi=alex	ip=unknown-ip-addr	cmd=get_table : tbl=hive.default.T	
2024-04-24T05:22:42,846  INFO [main] metastore.HMSHandler: Skipping translation for processor with null
2024-04-24T05:22:42,846  INFO [main] parse.RewriteSemanticAnalyzer: Going to reparse <EXPLAIN VECTORIZATION DETAIL update T set b = 88 where b = 80> as 
<insert into table `default`.`T` select ROW__ID,`a`,`b` from `default`.`T` sort by ROW__ID >
2024-04-24T05:22:42,846  INFO [main] parse.UpdateDeleteSemanticAnalyzer: Starting Semantic Analysis
2024-04-24T05:22:42,849  INFO [main] HiveMetaStore.audit: ugi=alex	ip=unknown-ip-addr	cmd=get_table : tbl=hive.default.T	
2024-04-24T05:22:42,855  INFO [main] metastore.HMSHandler: Skipping translation for processor with null
2024-04-24T05:22:42,855  INFO [main] parse.UpdateDeleteSemanticAnalyzer: Completed phase 1 of Semantic Analysis
2024-04-24T05:22:42,855  INFO [main] parse.UpdateDeleteSemanticAnalyzer: Get metadata for source tables
2024-04-24T05:22:42,856  INFO [main] HiveMetaStore.audit: ugi=alex	ip=unknown-ip-addr	cmd=get_table : tbl=hive.default.t	
2024-04-24T05:22:42,862  INFO [main] metastore.HMSHandler: Skipping translation for processor with null
2024-04-24T05:22:42,863  INFO [main] parse.UpdateDeleteSemanticAnalyzer: Get metadata for subqueries
2024-04-24T05:22:42,863  INFO [main] parse.UpdateDeleteSemanticAnalyzer: Get metadata for destination tables
2024-04-24T05:22:42,863  INFO [main] HiveMetaStore.audit: ugi=alex	ip=unknown-ip-addr	cmd=get_table : tbl=hive.default.T	
2024-04-24T05:22:42,869  INFO [main] metastore.HMSHandler: Skipping translation for processor with null
2024-04-24T05:22:42,869  INFO [main] parse.UpdateDeleteSemanticAnalyzer: Completed getting MetaData in Semantic Analysis
2024-04-24T05:22:42,869  INFO [main] parse.UpdateDeleteSemanticAnalyzer: Disabling LLAP IO encode as ETL query is detected
2024-04-24T05:22:42,881  INFO [main] HiveMetaStore.audit: ugi=alex	ip=unknown-ip-addr	cmd=get_all_table_constraints : tbl=hive.default.t	
2024-04-24T05:22:42,888  INFO [main] HiveMetaStore.audit: ugi=alex	ip=unknown-ip-addr	cmd=get_not_null_constraints : tbl=hive.default.t	
2024-04-24T05:22:42,889  INFO [main] HiveMetaStore.audit: ugi=alex	ip=unknown-ip-addr	cmd=get_check_constraints : tbl=hive.default.t	
2024-04-24T05:22:42,912  INFO [main] calcite.RelOptHiveTable: Calculating column statistics for default.t, projIndxSet: [0, 1], allowMissingStats: true
2024-04-24T05:22:42,913  INFO [main] HiveMetaStore.audit: ugi=alex	ip=unknown-ip-addr	cmd=get_table_statistics_req: table=hive.default.t	
2024-04-24T05:22:42,921  WARN [main] calcite.RelOptHiveTable: No Stats for default@t, Columns: a, b
No Stats for default@t, Columns: a, b
2024-04-24T05:22:42,922  INFO [main] SessionState: No Stats for default@t, Columns: a, b
2024-04-24T05:22:42,981  INFO [main] parse.UpdateDeleteSemanticAnalyzer: Get metadata for source tables
2024-04-24T05:22:42,982  INFO [main] parse.UpdateDeleteSemanticAnalyzer: Get metadata for subqueries
2024-04-24T05:22:42,982  INFO [main] parse.UpdateDeleteSemanticAnalyzer: Get metadata for destination tables
2024-04-24T05:22:42,982  INFO [main] HiveMetaStore.audit: ugi=alex	ip=unknown-ip-addr	cmd=get_table : tbl=hive.default.T	
2024-04-24T05:22:42,988  INFO [main] metastore.HMSHandler: Skipping translation for processor with null
2024-04-24T05:22:42,991 ERROR [main] parse.UpdateDeleteSemanticAnalyzer: CBO failed, skipping CBO. 
org.apache.hadoop.hive.ql.exec.NoMatchingMethodException: No matching method for class org.apache.hadoop.hive.ql.udf.UDFToInteger with (struct<writeid:bigint,bucketid:int,rowid:bigint>). Possible choices: _FUNC_(bigint)  _FUNC_(boolean)  _FUNC_(decimal(38,18))  _FUNC_(double)  _FUNC_(float)  _FUNC_(smallint)  _FUNC_(string)  _FUNC_(struct<bucketid:int,rowid:bigint,writeid:bigint>)  _FUNC_(timestamp)  _FUNC_(tinyint)  _FUNC_(void)  
	at org.apache.hadoop.hive.ql.exec.MethodUtils.getMethodInternal(MethodUtils.java:130) ~[classes/:?]
	at org.apache.hadoop.hive.ql.exec.MethodUtils.getMethodInternal(MethodUtils.java:60) ~[classes/:?]
	at org.apache.hadoop.hive.ql.exec.DefaultUDFMethodResolver.getEvalMethod(DefaultUDFMethodResolver.java:59) ~[classes/:?]
	at org.apache.hadoop.hive.ql.udf.TimestampCastRestrictorResolver.getEvalMethod(TimestampCastRestrictorResolver.java:68) ~[classes/:?]
	at org.apache.hadoop.hive.ql.udf.generic.GenericUDFBridge.initialize(GenericUDFBridge.java:168) ~[classes/:?]
	at org.apache.hadoop.hive.ql.udf.generic.GenericUDF.initializeAndFoldConstants(GenericUDF.java:149) ~[classes/:?]
	at org.apache.hadoop.hive.ql.plan.ExprNodeGenericFuncDesc.newInstance(ExprNodeGenericFuncDesc.java:235) ~[classes/:?]
	at org.apache.hadoop.hive.ql.parse.type.ExprNodeDescExprFactory.createFuncCallExpr(ExprNodeDescExprFactory.java:584) ~[classes/:?]
	at org.apache.hadoop.hive.ql.parse.type.ExprNodeDescExprFactory.createFuncCallExpr(ExprNodeDescExprFactory.java:97) ~[classes/:?]
	at org.apache.hadoop.hive.ql.parse.type.TypeCheckProcFactory$DefaultExprProcessor.getFuncExprNodeDescWithUdfData(TypeCheckProcFactory.java:762) ~[classes/:?]
	at org.apache.hadoop.hive.ql.parse.type.TypeCheckProcFactory$DefaultExprProcessor.createConversionCast(TypeCheckProcFactory.java:783) ~[classes/:?]
	at org.apache.hadoop.hive.ql.parse.SemanticAnalyzer.getPartitionColsFromBucketColsForUpdateDelete(SemanticAnalyzer.java:8725) ~[classes/:?]
	at org.apache.hadoop.hive.ql.parse.SemanticAnalyzer.genBucketingSortingDest(SemanticAnalyzer.java:6914) ~[classes/:?]
	at org.apache.hadoop.hive.ql.parse.SemanticAnalyzer.genFileSinkPlan(SemanticAnalyzer.java:7335) ~[classes/:?]
	at org.apache.hadoop.hive.ql.parse.SemanticAnalyzer.genPostGroupByBodyPlan(SemanticAnalyzer.java:11063) ~[classes/:?]
	at org.apache.hadoop.hive.ql.parse.SemanticAnalyzer.genBodyPlan(SemanticAnalyzer.java:10938) ~[classes/:?]
	at org.apache.hadoop.hive.ql.parse.SemanticAnalyzer.genPlan(SemanticAnalyzer.java:11853) ~[classes/:?]
	at org.apache.hadoop.hive.ql.parse.SemanticAnalyzer.genPlan(SemanticAnalyzer.java:11723) ~[classes/:?]
	at org.apache.hadoop.hive.ql.parse.CalcitePlanner.genOPTree(CalcitePlanner.java:626) ~[classes/:?]
	at org.apache.hadoop.hive.ql.parse.SemanticAnalyzer.analyzeInternal(SemanticAnalyzer.java:12558) ~[classes/:?]
	at org.apache.hadoop.hive.ql.parse.CalcitePlanner.analyzeInternal(CalcitePlanner.java:456) ~[classes/:?]
	at org.apache.hadoop.hive.ql.parse.RewriteSemanticAnalyzer.analyzeInternal(RewriteSemanticAnalyzer.java:67) ~[classes/:?]
	at org.apache.hadoop.hive.ql.parse.BaseSemanticAnalyzer.analyze(BaseSemanticAnalyzer.java:317) ~[classes/:?]
	at org.apache.hadoop.hive.ql.parse.UpdateDeleteSemanticAnalyzer.reparseAndSuperAnalyze(UpdateDeleteSemanticAnalyzer.java:208) ~[classes/:?]
	at org.apache.hadoop.hive.ql.parse.UpdateDeleteSemanticAnalyzer.analyzeUpdate(UpdateDeleteSemanticAnalyzer.java:63) ~[classes/:?]
	at org.apache.hadoop.hive.ql.parse.UpdateDeleteSemanticAnalyzer.analyze(UpdateDeleteSemanticAnalyzer.java:53) ~[classes/:?]
	at org.apache.hadoop.hive.ql.parse.RewriteSemanticAnalyzer.analyzeInternal(RewriteSemanticAnalyzer.java:72) ~[classes/:?]
	at org.apache.hadoop.hive.ql.parse.BaseSemanticAnalyzer.analyze(BaseSemanticAnalyzer.java:317) ~[classes/:?]
	at org.apache.hadoop.hive.ql.parse.ExplainSemanticAnalyzer.analyzeInternal(ExplainSemanticAnalyzer.java:175) ~[classes/:?]
	at org.apache.hadoop.hive.ql.parse.BaseSemanticAnalyzer.analyze(BaseSemanticAnalyzer.java:317) ~[classes/:?]
	at org.apache.hadoop.hive.ql.Compiler.analyze(Compiler.java:223) ~[classes/:?]
	at org.apache.hadoop.hive.ql.Compiler.compile(Compiler.java:105) ~[classes/:?]
	at org.apache.hadoop.hive.ql.Driver.compile(Driver.java:500) ~[classes/:?]
	at org.apache.hadoop.hive.ql.Driver.compileInternal(Driver.java:453) ~[classes/:?]
	at org.apache.hadoop.hive.ql.Driver.runInternal(Driver.java:181) ~[classes/:?]
	at org.apache.hadoop.hive.ql.Driver.run(Driver.java:153) ~[classes/:?]
	at org.apache.hadoop.hive.ql.Driver.run(Driver.java:140) ~[classes/:?]
	at org.apache.hadoop.hive.ql.TxnCommandsBaseForTests.runStatementOnDriver(TxnCommandsBaseForTests.java:245) ~[test-classes/:?]
	at org.apache.hadoop.hive.ql.TxnCommandsBaseForTests.assertVectorized(TxnCommandsBaseForTests.java:268) ~[test-classes/:?]
	at org.apache.hadoop.hive.ql.TestTxnNoBuckets.testToAcidConversionMultiBucket(TestTxnNoBuckets.java:454) ~[test-classes/:?]
	at sun.reflect.NativeMethodAccessorImpl.invoke0(Native Method) ~[?:1.8.0_402]
	at sun.reflect.NativeMethodAccessorImpl.invoke(NativeMethodAccessorImpl.java:62) ~[?:1.8.0_402]
	at sun.reflect.DelegatingMethodAccessorImpl.invoke(DelegatingMethodAccessorImpl.java:43) ~[?:1.8.0_402]
	at java.lang.reflect.Method.invoke(Method.java:498) ~[?:1.8.0_402]
	at org.junit.runners.model.FrameworkMethod$1.runReflectiveCall(FrameworkMethod.java:59) ~[junit-4.13.jar:4.13]
	at org.junit.internal.runners.model.ReflectiveCallable.run(ReflectiveCallable.java:12) ~[junit-4.13.jar:4.13]
	at org.junit.runners.model.FrameworkMethod.invokeExplosively(FrameworkMethod.java:56) ~[junit-4.13.jar:4.13]
	at org.junit.internal.runners.statements.InvokeMethod.evaluate(InvokeMethod.java:17) ~[junit-4.13.jar:4.13]
	at org.junit.internal.runners.statements.RunBefores.evaluate(RunBefores.java:26) ~[junit-4.13.jar:4.13]
	at org.junit.internal.runners.statements.RunAfters.evaluate(RunAfters.java:27) ~[junit-4.13.jar:4.13]
	at org.junit.rules.TestWatcher$1.evaluate(TestWatcher.java:61) ~[junit-4.13.jar:4.13]
	at org.junit.runners.ParentRunner$3.evaluate(ParentRunner.java:306) ~[junit-4.13.jar:4.13]
	at org.junit.runners.BlockJUnit4ClassRunner$1.evaluate(BlockJUnit4ClassRunner.java:100) ~[junit-4.13.jar:4.13]
	at org.junit.runners.ParentRunner.runLeaf(ParentRunner.java:366) ~[junit-4.13.jar:4.13]
	at org.junit.runners.BlockJUnit4ClassRunner.runChild(BlockJUnit4ClassRunner.java:103) ~[junit-4.13.jar:4.13]
	at org.junit.runners.BlockJUnit4ClassRunner.runChild(BlockJUnit4ClassRunner.java:63) ~[junit-4.13.jar:4.13]
	at org.junit.runners.ParentRunner$4.run(ParentRunner.java:331) ~[junit-4.13.jar:4.13]
	at org.junit.runners.ParentRunner$1.schedule(ParentRunner.java:79) ~[junit-4.13.jar:4.13]
	at org.junit.runners.ParentRunner.runChildren(ParentRunner.java:329) ~[junit-4.13.jar:4.13]
	at org.junit.runners.ParentRunner.access$100(ParentRunner.java:66) ~[junit-4.13.jar:4.13]
	at org.junit.runners.ParentRunner$2.evaluate(ParentRunner.java:293) ~[junit-4.13.jar:4.13]
	at org.junit.runners.ParentRunner$3.evaluate(ParentRunner.java:306) ~[junit-4.13.jar:4.13]
	at org.junit.runners.ParentRunner.run(ParentRunner.java:413) ~[junit-4.13.jar:4.13]
	at org.junit.runner.JUnitCore.run(JUnitCore.java:137) ~[junit-4.13.jar:4.13]
	at org.junit.runner.JUnitCore.run(JUnitCore.java:115) ~[junit-4.13.jar:4.13]
	at org.junit.vintage.engine.execution.RunnerExecutor.execute(RunnerExecutor.java:43) ~[junit-vintage-engine-5.6.2.jar:5.6.2]
	at java.util.stream.ForEachOps$ForEachOp$OfRef.accept(ForEachOps.java:183) ~[?:1.8.0_402]
	at java.util.stream.ReferencePipeline$3$1.accept(ReferencePipeline.java:193) ~[?:1.8.0_402]
	at java.util.Iterator.forEachRemaining(Iterator.java:116) ~[?:1.8.0_402]
	at java.util.Spliterators$IteratorSpliterator.forEachRemaining(Spliterators.java:1801) ~[?:1.8.0_402]
	at java.util.stream.AbstractPipeline.copyInto(AbstractPipeline.java:482) ~[?:1.8.0_402]
	at java.util.stream.AbstractPipeline.wrapAndCopyInto(AbstractPipeline.java:472) ~[?:1.8.0_402]
	at java.util.stream.ForEachOps$ForEachOp.evaluateSequential(ForEachOps.java:150) ~[?:1.8.0_402]
	at java.util.stream.ForEachOps$ForEachOp$OfRef.evaluateSequential(ForEachOps.java:173) ~[?:1.8.0_402]
	at java.util.stream.AbstractPipeline.evaluate(AbstractPipeline.java:234) ~[?:1.8.0_402]
	at java.util.stream.ReferencePipeline.forEach(ReferencePipeline.java:485) ~[?:1.8.0_402]
	at org.junit.vintage.engine.VintageTestEngine.executeAllChildren(VintageTestEngine.java:82) ~[junit-vintage-engine-5.6.2.jar:5.6.2]
	at org.junit.vintage.engine.VintageTestEngine.execute(VintageTestEngine.java:73) ~[junit-vintage-engine-5.6.2.jar:5.6.2]
	at org.junit.platform.launcher.core.DefaultLauncher.execute(DefaultLauncher.java:248) ~[junit-platform-launcher-1.6.2.jar:1.6.2]
	at org.junit.platform.launcher.core.DefaultLauncher.lambda$execute$5(DefaultLauncher.java:211) ~[junit-platform-launcher-1.6.2.jar:1.6.2]
	at org.junit.platform.launcher.core.DefaultLauncher.withInterceptedStreams(DefaultLauncher.java:226) [junit-platform-launcher-1.6.2.jar:1.6.2]
	at org.junit.platform.launcher.core.DefaultLauncher.execute(DefaultLauncher.java:199) [junit-platform-launcher-1.6.2.jar:1.6.2]
	at org.junit.platform.launcher.core.DefaultLauncher.execute(DefaultLauncher.java:132) [junit-platform-launcher-1.6.2.jar:1.6.2]
	at org.apache.maven.surefire.junitplatform.JUnitPlatformProvider.invokeAllTests(JUnitPlatformProvider.java:154) [surefire-junit-platform-3.0.0-M4.jar:3.0.0-M4]
	at org.apache.maven.surefire.junitplatform.JUnitPlatformProvider.invoke(JUnitPlatformProvider.java:123) [surefire-junit-platform-3.0.0-M4.jar:3.0.0-M4]
	at org.apache.maven.surefire.booter.ForkedBooter.runSuitesInProcess(ForkedBooter.java:377) [surefire-booter-3.0.0-M4.jar:3.0.0-M4]
	at org.apache.maven.surefire.booter.ForkedBooter.execute(ForkedBooter.java:138) [surefire-booter-3.0.0-M4.jar:3.0.0-M4]
	at org.apache.maven.surefire.booter.ForkedBooter.run(ForkedBooter.java:465) [surefire-booter-3.0.0-M4.jar:3.0.0-M4]
	at org.apache.maven.surefire.booter.ForkedBooter.main(ForkedBooter.java:451) [surefire-booter-3.0.0-M4.jar:3.0.0-M4]
2024-04-24T05:22:42,992 ERROR [main] parse.UpdateDeleteSemanticAnalyzer: CBO failed due to missing column stats (see previous errors), skipping CBO
FAILED: NoMatchingMethodException No matching method for class org.apache.hadoop.hive.ql.udf.UDFToInteger with (struct<writeid:bigint,bucketid:int,rowid:bigint>). Possible choices: _FUNC_(bigint)  _FUNC_(boolean)  _FUNC_(decimal(38,18))  _FUNC_(double)  _FUNC_(float)  _FUNC_(smallint)  _FUNC_(string)  _FUNC_(struct<bucketid:int,rowid:bigint,writeid:bigint>)  _FUNC_(timestamp)  _FUNC_(tinyint)  _FUNC_(void)  
2024-04-24T05:22:42,992 ERROR [main] ql.Driver: FAILED: NoMatchingMethodException No matching method for class org.apache.hadoop.hive.ql.udf.UDFToInteger with (struct<writeid:bigint,bucketid:int,rowid:bigint>). Possible choices: _FUNC_(bigint)  _FUNC_(boolean)  _FUNC_(decimal(38,18))  _FUNC_(double)  _FUNC_(float)  _FUNC_(smallint)  _FUNC_(string)  _FUNC_(struct<bucketid:int,rowid:bigint,writeid:bigint>)  _FUNC_(timestamp)  _FUNC_(tinyint)  _FUNC_(void)  
org.apache.hadoop.hive.ql.exec.NoMatchingMethodException: No matching method for class org.apache.hadoop.hive.ql.udf.UDFToInteger with (struct<writeid:bigint,bucketid:int,rowid:bigint>). Possible choices: _FUNC_(bigint)  _FUNC_(boolean)  _FUNC_(decimal(38,18))  _FUNC_(double)  _FUNC_(float)  _FUNC_(smallint)  _FUNC_(string)  _FUNC_(struct<bucketid:int,rowid:bigint,writeid:bigint>)  _FUNC_(timestamp)  _FUNC_(tinyint)  _FUNC_(void)  
	at org.apache.hadoop.hive.ql.exec.MethodUtils.getMethodInternal(MethodUtils.java:130)
	at org.apache.hadoop.hive.ql.exec.MethodUtils.getMethodInternal(MethodUtils.java:60)
	at org.apache.hadoop.hive.ql.exec.DefaultUDFMethodResolver.getEvalMethod(DefaultUDFMethodResolver.java:59)
	at org.apache.hadoop.hive.ql.udf.TimestampCastRestrictorResolver.getEvalMethod(TimestampCastRestrictorResolver.java:68)
	at org.apache.hadoop.hive.ql.udf.generic.GenericUDFBridge.initialize(GenericUDFBridge.java:168)
	at org.apache.hadoop.hive.ql.udf.generic.GenericUDF.initializeAndFoldConstants(GenericUDF.java:149)
	at org.apache.hadoop.hive.ql.plan.ExprNodeGenericFuncDesc.newInstance(ExprNodeGenericFuncDesc.java:235)
	at org.apache.hadoop.hive.ql.parse.type.ExprNodeDescExprFactory.createFuncCallExpr(ExprNodeDescExprFactory.java:584)
	at org.apache.hadoop.hive.ql.parse.type.ExprNodeDescExprFactory.createFuncCallExpr(ExprNodeDescExprFactory.java:97)
	at org.apache.hadoop.hive.ql.parse.type.TypeCheckProcFactory$DefaultExprProcessor.getFuncExprNodeDescWithUdfData(TypeCheckProcFactory.java:762)
	at org.apache.hadoop.hive.ql.parse.type.TypeCheckProcFactory$DefaultExprProcessor.createConversionCast(TypeCheckProcFactory.java:783)
	at org.apache.hadoop.hive.ql.parse.SemanticAnalyzer.getPartitionColsFromBucketColsForUpdateDelete(SemanticAnalyzer.java:8725)
	at org.apache.hadoop.hive.ql.parse.SemanticAnalyzer.genBucketingSortingDest(SemanticAnalyzer.java:6914)
	at org.apache.hadoop.hive.ql.parse.SemanticAnalyzer.genFileSinkPlan(SemanticAnalyzer.java:7335)
	at org.apache.hadoop.hive.ql.parse.SemanticAnalyzer.genPostGroupByBodyPlan(SemanticAnalyzer.java:11063)
	at org.apache.hadoop.hive.ql.parse.SemanticAnalyzer.genBodyPlan(SemanticAnalyzer.java:10938)
	at org.apache.hadoop.hive.ql.parse.SemanticAnalyzer.genPlan(SemanticAnalyzer.java:11853)
	at org.apache.hadoop.hive.ql.parse.SemanticAnalyzer.genPlan(SemanticAnalyzer.java:11723)
	at org.apache.hadoop.hive.ql.parse.CalcitePlanner.genOPTree(CalcitePlanner.java:626)
	at org.apache.hadoop.hive.ql.parse.SemanticAnalyzer.analyzeInternal(SemanticAnalyzer.java:12558)
	at org.apache.hadoop.hive.ql.parse.CalcitePlanner.analyzeInternal(CalcitePlanner.java:456)
	at org.apache.hadoop.hive.ql.parse.RewriteSemanticAnalyzer.analyzeInternal(RewriteSemanticAnalyzer.java:67)
	at org.apache.hadoop.hive.ql.parse.BaseSemanticAnalyzer.analyze(BaseSemanticAnalyzer.java:317)
	at org.apache.hadoop.hive.ql.parse.UpdateDeleteSemanticAnalyzer.reparseAndSuperAnalyze(UpdateDeleteSemanticAnalyzer.java:208)
	at org.apache.hadoop.hive.ql.parse.UpdateDeleteSemanticAnalyzer.analyzeUpdate(UpdateDeleteSemanticAnalyzer.java:63)
	at org.apache.hadoop.hive.ql.parse.UpdateDeleteSemanticAnalyzer.analyze(UpdateDeleteSemanticAnalyzer.java:53)
	at org.apache.hadoop.hive.ql.parse.RewriteSemanticAnalyzer.analyzeInternal(RewriteSemanticAnalyzer.java:72)
	at org.apache.hadoop.hive.ql.parse.BaseSemanticAnalyzer.analyze(BaseSemanticAnalyzer.java:317)
	at org.apache.hadoop.hive.ql.parse.ExplainSemanticAnalyzer.analyzeInternal(ExplainSemanticAnalyzer.java:175)
	at org.apache.hadoop.hive.ql.parse.BaseSemanticAnalyzer.analyze(BaseSemanticAnalyzer.java:317)
	at org.apache.hadoop.hive.ql.Compiler.analyze(Compiler.java:223)
	at org.apache.hadoop.hive.ql.Compiler.compile(Compiler.java:105)
	at org.apache.hadoop.hive.ql.Driver.compile(Driver.java:500)
	at org.apache.hadoop.hive.ql.Driver.compileInternal(Driver.java:453)
	at org.apache.hadoop.hive.ql.Driver.runInternal(Driver.java:181)
	at org.apache.hadoop.hive.ql.Driver.run(Driver.java:153)
	at org.apache.hadoop.hive.ql.Driver.run(Driver.java:140)
	at org.apache.hadoop.hive.ql.TxnCommandsBaseForTests.runStatementOnDriver(TxnCommandsBaseForTests.java:245)
	at org.apache.hadoop.hive.ql.TxnCommandsBaseForTests.assertVectorized(TxnCommandsBaseForTests.java:268)
	at org.apache.hadoop.hive.ql.TestTxnNoBuckets.testToAcidConversionMultiBucket(TestTxnNoBuckets.java:454)
	at sun.reflect.NativeMethodAccessorImpl.invoke0(Native Method)
	at sun.reflect.NativeMethodAccessorImpl.invoke(NativeMethodAccessorImpl.java:62)
	at sun.reflect.DelegatingMethodAccessorImpl.invoke(DelegatingMethodAccessorImpl.java:43)
	at java.lang.reflect.Method.invoke(Method.java:498)
	at org.junit.runners.model.FrameworkMethod$1.runReflectiveCall(FrameworkMethod.java:59)
	at org.junit.internal.runners.model.ReflectiveCallable.run(ReflectiveCallable.java:12)
	at org.junit.runners.model.FrameworkMethod.invokeExplosively(FrameworkMethod.java:56)
	at org.junit.internal.runners.statements.InvokeMethod.evaluate(InvokeMethod.java:17)
	at org.junit.internal.runners.statements.RunBefores.evaluate(RunBefores.java:26)
	at org.junit.internal.runners.statements.RunAfters.evaluate(RunAfters.java:27)
	at org.junit.rules.TestWatcher$1.evaluate(TestWatcher.java:61)
	at org.junit.runners.ParentRunner$3.evaluate(ParentRunner.java:306)
	at org.junit.runners.BlockJUnit4ClassRunner$1.evaluate(BlockJUnit4ClassRunner.java:100)
	at org.junit.runners.ParentRunner.runLeaf(ParentRunner.java:366)
	at org.junit.runners.BlockJUnit4ClassRunner.runChild(BlockJUnit4ClassRunner.java:103)
	at org.junit.runners.BlockJUnit4ClassRunner.runChild(BlockJUnit4ClassRunner.java:63)
	at org.junit.runners.ParentRunner$4.run(ParentRunner.java:331)
	at org.junit.runners.ParentRunner$1.schedule(ParentRunner.java:79)
	at org.junit.runners.ParentRunner.runChildren(ParentRunner.java:329)
	at org.junit.runners.ParentRunner.access$100(ParentRunner.java:66)
	at org.junit.runners.ParentRunner$2.evaluate(ParentRunner.java:293)
	at org.junit.runners.ParentRunner$3.evaluate(ParentRunner.java:306)
	at org.junit.runners.ParentRunner.run(ParentRunner.java:413)
	at org.junit.runner.JUnitCore.run(JUnitCore.java:137)
	at org.junit.runner.JUnitCore.run(JUnitCore.java:115)
	at org.junit.vintage.engine.execution.RunnerExecutor.execute(RunnerExecutor.java:43)
	at java.util.stream.ForEachOps$ForEachOp$OfRef.accept(ForEachOps.java:183)
	at java.util.stream.ReferencePipeline$3$1.accept(ReferencePipeline.java:193)
	at java.util.Iterator.forEachRemaining(Iterator.java:116)
	at java.util.Spliterators$IteratorSpliterator.forEachRemaining(Spliterators.java:1801)
	at java.util.stream.AbstractPipeline.copyInto(AbstractPipeline.java:482)
	at java.util.stream.AbstractPipeline.wrapAndCopyInto(AbstractPipeline.java:472)
	at java.util.stream.ForEachOps$ForEachOp.evaluateSequential(ForEachOps.java:150)
	at java.util.stream.ForEachOps$ForEachOp$OfRef.evaluateSequential(ForEachOps.java:173)
	at java.util.stream.AbstractPipeline.evaluate(AbstractPipeline.java:234)
	at java.util.stream.ReferencePipeline.forEach(ReferencePipeline.java:485)
	at org.junit.vintage.engine.VintageTestEngine.executeAllChildren(VintageTestEngine.java:82)
	at org.junit.vintage.engine.VintageTestEngine.execute(VintageTestEngine.java:73)
	at org.junit.platform.launcher.core.DefaultLauncher.execute(DefaultLauncher.java:248)
	at org.junit.platform.launcher.core.DefaultLauncher.lambda$execute$5(DefaultLauncher.java:211)
	at org.junit.platform.launcher.core.DefaultLauncher.withInterceptedStreams(DefaultLauncher.java:226)
	at org.junit.platform.launcher.core.DefaultLauncher.execute(DefaultLauncher.java:199)
	at org.junit.platform.launcher.core.DefaultLauncher.execute(DefaultLauncher.java:132)
	at org.apache.maven.surefire.junitplatform.JUnitPlatformProvider.invokeAllTests(JUnitPlatformProvider.java:154)
	at org.apache.maven.surefire.junitplatform.JUnitPlatformProvider.invoke(JUnitPlatformProvider.java:123)
	at org.apache.maven.surefire.booter.ForkedBooter.runSuitesInProcess(ForkedBooter.java:377)
	at org.apache.maven.surefire.booter.ForkedBooter.execute(ForkedBooter.java:138)
	at org.apache.maven.surefire.booter.ForkedBooter.run(ForkedBooter.java:465)
	at org.apache.maven.surefire.booter.ForkedBooter.main(ForkedBooter.java:451)

2024-04-24T05:22:42,992  INFO [main] metadata.Hive: Dumping metastore api call timing information for : compilation phase
2024-04-24T05:22:42,992  INFO [main] metadata.Hive: Total time spent in each metastore function (ms): {isCompatibleWith_(Configuration)=1, getValidWriteIds_(List, String)=4, getAllTableConstraints_(AllTableConstraintsRequest)=5, getValidTxns_(long)=1, getTable_(GetTableRequest)=30, getTableColumnStatistics_(String, String, List, String)=9, getNotNullConstraints_(NotNullConstraintsRequest)=1, openTxn_(String, TxnType)=2, getCheckConstraints_(CheckConstraintsRequest)=1, flushCache_()=0, commitTxn_(CommitTxnRequest)=9}
2024-04-24T05:22:42,993  INFO [main] ql.Driver: Completed compiling command(queryId=alex_20240424052237_f4520b97-d540-4fab-802e-cbe8a67fabe3); Time taken: 0.157 seconds
2024-04-24T05:22:42,993  INFO [main] lockmgr.DbTxnManager: Stopped heartbeat for query: alex_20240424052237_f4520b97-d540-4fab-802e-cbe8a67fabe3
2024-04-24T05:22:42,996  INFO [main] txn.TxnHandler: Removed transactions: ([23]) from MIN_HISTORY_LEVEL
2024-04-24T05:22:43,001  INFO [main] ql.TxnCommandsBaseForTests: Running the query: drop table if exists acidTbl
2024-04-24T05:22:43,001  INFO [main] ql.Driver: Compiling command(queryId=alex_20240424052237_f4520b97-d540-4fab-802e-cbe8a67fabe3): drop table if exists acidTbl
2024-04-24T05:22:43,003  INFO [main] txn.TxnHandler: Added entries to MIN_HISTORY_LEVEL for current txns: ([24]) with min_open_txn: 23
2024-04-24T05:22:43,003  INFO [main] lockmgr.DbTxnManager: Opened txnid:24
2024-04-24T05:22:43,004  INFO [main] HiveMetaStore.audit: ugi=alex	ip=unknown-ip-addr	cmd=get_table : tbl=hive.default.acidTbl	
2024-04-24T05:22:43,009  INFO [main] metastore.HMSHandler: Skipping translation for processor with null
2024-04-24T05:22:43,009  INFO [main] ql.Driver: Semantic Analysis Completed (retrial = false)
2024-04-24T05:22:43,009  INFO [main] ql.Driver: Created Hive schema: Schema(fieldSchemas:null, properties:null)
2024-04-24T05:22:43,009  INFO [main] metadata.Hive: Dumping metastore api call timing information for : compilation phase
2024-04-24T05:22:43,010  INFO [main] metadata.Hive: Total time spent in each metastore function (ms): {isCompatibleWith_(Configuration)=0, flushCache_()=0, rollbackTxn_(long)=8, getTable_(GetTableRequest)=6, openTxn_(String, TxnType)=2, getValidTxns_(long)=0}
2024-04-24T05:22:43,010  INFO [main] ql.Driver: Completed compiling command(queryId=alex_20240424052237_f4520b97-d540-4fab-802e-cbe8a67fabe3); Time taken: 0.008 seconds
2024-04-24T05:22:43,010  INFO [main] lockmgr.DbTxnManager: Setting lock request transaction to txnid:24 for queryId=alex_20240424052237_f4520b97-d540-4fab-802e-cbe8a67fabe3
2024-04-24T05:22:43,011  INFO [main] lockmgr.DbLockManager: Requesting lock for queryId=alex_20240424052237_f4520b97-d540-4fab-802e-cbe8a67fabe3
2024-04-24T05:22:43,022  INFO [main] lockmgr.DbLockManager: Response to queryId=alex_20240424052237_f4520b97-d540-4fab-802e-cbe8a67fabe3 LockResponse(lockid:17, state:ACQUIRED)
2024-04-24T05:22:43,022  INFO [main] ql.Driver: Operation DROPTABLE obtained 1 locks
2024-04-24T05:22:43,022  INFO [main] ql.Driver: Executing command(queryId=alex_20240424052237_f4520b97-d540-4fab-802e-cbe8a67fabe3): drop table if exists acidTbl
2024-04-24T05:22:43,022  INFO [main] ql.Driver: Starting task [Stage-0:DDL] in serial mode
2024-04-24T05:22:43,022  INFO [main] HiveMetaStore.audit: ugi=alex	ip=unknown-ip-addr	cmd=get_table : tbl=hive.default.acidTbl	
2024-04-24T05:22:43,028  INFO [main] metastore.HMSHandler: Skipping translation for processor with null
2024-04-24T05:22:43,028  INFO [main] HiveMetaStore.audit: ugi=alex	ip=unknown-ip-addr	cmd=get_table : tbl=hive.default.acidTbl	
2024-04-24T05:22:43,034  INFO [main] metastore.HMSHandler: Skipping translation for processor with null
2024-04-24T05:22:43,034  INFO [main] HiveMetaStore.audit: ugi=alex	ip=unknown-ip-addr	cmd=drop_table : tbl=hive.default.acidTbl	
2024-04-24T05:22:43,140  INFO [main] metadata.Hive: Dumping metastore api call timing information for : execution phase
2024-04-24T05:22:43,140  INFO [main] metadata.Hive: Total time spent in each metastore function (ms): {isCompatibleWith_(Configuration)=0, getTable_(GetTableRequest)=6, dropTable_(String, String, boolean, boolean, boolean)=112}
2024-04-24T05:22:43,140  INFO [main] ql.Driver: Completed executing command(queryId=alex_20240424052237_f4520b97-d540-4fab-802e-cbe8a67fabe3); Time taken: 0.118 seconds
2024-04-24T05:22:43,140  INFO [main] lockmgr.DbTxnManager: Stopped heartbeat for query: alex_20240424052237_f4520b97-d540-4fab-802e-cbe8a67fabe3
2024-04-24T05:22:43,143  INFO [main] txn.TxnHandler: Expected to move at least one record from txn_components to completed_txn_components when committing txn! txnid:24
2024-04-24T05:22:43,149  INFO [main] txn.TxnHandler: Removed transactions: ([24]) from MIN_HISTORY_LEVEL
2024-04-24T05:22:43,149  WARN [main] txn.CompactionTxnHandler: No compaction queue record found for Compaction type transaction commit. txnId:24
2024-04-24T05:22:43,149  INFO [main] ql.TxnCommandsBaseForTests: Running the query: drop table if exists acidTblPart
2024-04-24T05:22:43,150  INFO [main] ql.Driver: Compiling command(queryId=alex_20240424052237_f4520b97-d540-4fab-802e-cbe8a67fabe3): drop table if exists acidTblPart
2024-04-24T05:22:43,152  INFO [main] txn.TxnHandler: Added entries to MIN_HISTORY_LEVEL for current txns: ([25]) with min_open_txn: 23
2024-04-24T05:22:43,152  INFO [main] lockmgr.DbTxnManager: Opened txnid:25
2024-04-24T05:22:43,152  INFO [main] HiveMetaStore.audit: ugi=alex	ip=unknown-ip-addr	cmd=get_table : tbl=hive.default.acidTblPart	
2024-04-24T05:22:43,166  INFO [main] metastore.HMSHandler: Skipping translation for processor with null
2024-04-24T05:22:43,166  INFO [main] ql.Driver: Semantic Analysis Completed (retrial = false)
2024-04-24T05:22:43,166  INFO [main] ql.Driver: Created Hive schema: Schema(fieldSchemas:null, properties:null)
2024-04-24T05:22:43,166  INFO [main] metadata.Hive: Dumping metastore api call timing information for : compilation phase
2024-04-24T05:22:43,167  INFO [main] metadata.Hive: Total time spent in each metastore function (ms): {flushCache_()=0, getTable_(GetTableRequest)=14, getValidTxns_(long)=0, commitTxn_(CommitTxnRequest)=9, isCompatibleWith_(Configuration)=0, openTxn_(String, TxnType)=2}
2024-04-24T05:22:43,167  INFO [main] ql.Driver: Completed compiling command(queryId=alex_20240424052237_f4520b97-d540-4fab-802e-cbe8a67fabe3); Time taken: 0.016 seconds
2024-04-24T05:22:43,167  INFO [main] lockmgr.DbTxnManager: Setting lock request transaction to txnid:25 for queryId=alex_20240424052237_f4520b97-d540-4fab-802e-cbe8a67fabe3
2024-04-24T05:22:43,167  INFO [main] lockmgr.DbLockManager: Requesting lock for queryId=alex_20240424052237_f4520b97-d540-4fab-802e-cbe8a67fabe3
2024-04-24T05:22:43,181  INFO [main] lockmgr.DbLockManager: Response to queryId=alex_20240424052237_f4520b97-d540-4fab-802e-cbe8a67fabe3 LockResponse(lockid:18, state:ACQUIRED)
2024-04-24T05:22:43,181  INFO [main] ql.Driver: Operation DROPTABLE obtained 1 locks
2024-04-24T05:22:43,181  INFO [main] ql.Driver: Executing command(queryId=alex_20240424052237_f4520b97-d540-4fab-802e-cbe8a67fabe3): drop table if exists acidTblPart
2024-04-24T05:22:43,181  INFO [main] ql.Driver: Starting task [Stage-0:DDL] in serial mode
2024-04-24T05:22:43,181  INFO [main] HiveMetaStore.audit: ugi=alex	ip=unknown-ip-addr	cmd=get_table : tbl=hive.default.acidTblPart	
2024-04-24T05:22:43,189  INFO [main] metastore.HMSHandler: Skipping translation for processor with null
2024-04-24T05:22:43,189  INFO [main] HiveMetaStore.audit: ugi=alex	ip=unknown-ip-addr	cmd=get_table : tbl=hive.default.acidTblPart	
2024-04-24T05:22:43,197  INFO [main] metastore.HMSHandler: Skipping translation for processor with null
2024-04-24T05:22:43,197  INFO [main] HiveMetaStore.audit: ugi=alex	ip=unknown-ip-addr	cmd=drop_table : tbl=hive.default.acidTblPart	
2024-04-24T05:22:43,238  INFO [main] metadata.Hive: Dumping metastore api call timing information for : execution phase
2024-04-24T05:22:43,238  INFO [main] metadata.Hive: Total time spent in each metastore function (ms): {getTable_(GetTableRequest)=8, dropTable_(String, String, boolean, boolean, boolean)=48, isCompatibleWith_(Configuration)=0}
2024-04-24T05:22:43,238  INFO [main] ql.Driver: Completed executing command(queryId=alex_20240424052237_f4520b97-d540-4fab-802e-cbe8a67fabe3); Time taken: 0.057 seconds
2024-04-24T05:22:43,238  INFO [main] lockmgr.DbTxnManager: Stopped heartbeat for query: alex_20240424052237_f4520b97-d540-4fab-802e-cbe8a67fabe3
2024-04-24T05:22:43,241  INFO [main] txn.TxnHandler: Expected to move at least one record from txn_components to completed_txn_components when committing txn! txnid:25
2024-04-24T05:22:43,247  INFO [main] txn.TxnHandler: Removed transactions: ([25]) from MIN_HISTORY_LEVEL
2024-04-24T05:22:43,247  WARN [main] txn.CompactionTxnHandler: No compaction queue record found for Compaction type transaction commit. txnId:25
2024-04-24T05:22:43,247  INFO [main] ql.TxnCommandsBaseForTests: Running the query: drop table if exists acidTbl2
2024-04-24T05:22:43,248  INFO [main] ql.Driver: Compiling command(queryId=alex_20240424052237_f4520b97-d540-4fab-802e-cbe8a67fabe3): drop table if exists acidTbl2
2024-04-24T05:22:43,250  INFO [main] txn.TxnHandler: Added entries to MIN_HISTORY_LEVEL for current txns: ([26]) with min_open_txn: 23
2024-04-24T05:22:43,250  INFO [main] lockmgr.DbTxnManager: Opened txnid:26
2024-04-24T05:22:43,251  INFO [main] ql.Driver: Semantic Analysis Completed (retrial = false)
2024-04-24T05:22:43,251  INFO [main] ql.Driver: Created Hive schema: Schema(fieldSchemas:null, properties:null)
2024-04-24T05:22:43,251  INFO [main] metadata.Hive: Dumping metastore api call timing information for : compilation phase
2024-04-24T05:22:43,251  INFO [main] metadata.Hive: Total time spent in each metastore function (ms): {commitTxn_(CommitTxnRequest)=9, getTable_(GetTableRequest)=0, flushCache_()=0, getValidTxns_(long)=0, openTxn_(String, TxnType)=2, isCompatibleWith_(Configuration)=0}
2024-04-24T05:22:43,251  INFO [main] ql.Driver: Completed compiling command(queryId=alex_20240424052237_f4520b97-d540-4fab-802e-cbe8a67fabe3); Time taken: 0.004 seconds
2024-04-24T05:22:43,251  INFO [main] lockmgr.DbTxnManager: Setting lock request transaction to txnid:26 for queryId=alex_20240424052237_f4520b97-d540-4fab-802e-cbe8a67fabe3
2024-04-24T05:22:43,251  INFO [main] ql.Driver: Operation DROPTABLE obtained 0 locks
2024-04-24T05:22:43,251  INFO [main] ql.Driver: Executing command(queryId=alex_20240424052237_f4520b97-d540-4fab-802e-cbe8a67fabe3): drop table if exists acidTbl2
2024-04-24T05:22:43,252  INFO [main] ql.Driver: Starting task [Stage-0:DDL] in serial mode
2024-04-24T05:22:43,252  INFO [main] metadata.SessionHiveMetaStoreClient: Column stats doesn't exist for db=default temp table=acidTbl2
2024-04-24T05:22:43,252  INFO [main] metadata.Hive: Dumping metastore api call timing information for : execution phase
2024-04-24T05:22:43,252  INFO [main] metadata.Hive: Total time spent in each metastore function (ms): {dropTable_(String, String, boolean, boolean, boolean)=0, getTable_(GetTableRequest)=0, isCompatibleWith_(Configuration)=0}
2024-04-24T05:22:43,253  INFO [main] ql.Driver: Completed executing command(queryId=alex_20240424052237_f4520b97-d540-4fab-802e-cbe8a67fabe3); Time taken: 0.001 seconds
2024-04-24T05:22:43,253  INFO [main] lockmgr.DbTxnManager: Stopped heartbeat for query: alex_20240424052237_f4520b97-d540-4fab-802e-cbe8a67fabe3
2024-04-24T05:22:43,257  INFO [main] txn.TxnHandler: Expected to move at least one record from txn_components to completed_txn_components when committing txn! txnid:26
2024-04-24T05:22:43,262  INFO [main] txn.TxnHandler: Removed transactions: ([26]) from MIN_HISTORY_LEVEL
2024-04-24T05:22:43,262  WARN [main] txn.CompactionTxnHandler: No compaction queue record found for Compaction type transaction commit. txnId:26
2024-04-24T05:22:43,262  INFO [main] ql.TxnCommandsBaseForTests: Running the query: drop table if exists nonAcidOrcTbl
2024-04-24T05:22:43,262  INFO [main] ql.Driver: Compiling command(queryId=alex_20240424052237_f4520b97-d540-4fab-802e-cbe8a67fabe3): drop table if exists nonAcidOrcTbl
2024-04-24T05:22:43,264  INFO [main] txn.TxnHandler: Added entries to MIN_HISTORY_LEVEL for current txns: ([27]) with min_open_txn: 23
2024-04-24T05:22:43,265  INFO [main] lockmgr.DbTxnManager: Opened txnid:27
2024-04-24T05:22:43,265  INFO [main] HiveMetaStore.audit: ugi=alex	ip=unknown-ip-addr	cmd=get_table : tbl=hive.default.nonAcidOrcTbl	
2024-04-24T05:22:43,285  INFO [main] metastore.HMSHandler: Skipping translation for processor with null
2024-04-24T05:22:43,285  INFO [main] ql.Driver: Semantic Analysis Completed (retrial = false)
2024-04-24T05:22:43,285  INFO [main] ql.Driver: Created Hive schema: Schema(fieldSchemas:null, properties:null)
2024-04-24T05:22:43,285  INFO [main] metadata.Hive: Dumping metastore api call timing information for : compilation phase
2024-04-24T05:22:43,285  INFO [main] metadata.Hive: Total time spent in each metastore function (ms): {getTable_(GetTableRequest)=20, commitTxn_(CommitTxnRequest)=9, getValidTxns_(long)=0, flushCache_()=0, openTxn_(String, TxnType)=2, isCompatibleWith_(Configuration)=0}
2024-04-24T05:22:43,285  INFO [main] ql.Driver: Completed compiling command(queryId=alex_20240424052237_f4520b97-d540-4fab-802e-cbe8a67fabe3); Time taken: 0.023 seconds
2024-04-24T05:22:43,285  INFO [main] lockmgr.DbTxnManager: Setting lock request transaction to txnid:27 for queryId=alex_20240424052237_f4520b97-d540-4fab-802e-cbe8a67fabe3
2024-04-24T05:22:43,286  INFO [main] lockmgr.DbLockManager: Requesting lock for queryId=alex_20240424052237_f4520b97-d540-4fab-802e-cbe8a67fabe3
2024-04-24T05:22:43,299  INFO [main] lockmgr.DbLockManager: Response to queryId=alex_20240424052237_f4520b97-d540-4fab-802e-cbe8a67fabe3 LockResponse(lockid:19, state:ACQUIRED)
2024-04-24T05:22:43,299  INFO [main] ql.Driver: Operation DROPTABLE obtained 1 locks
2024-04-24T05:22:43,299  INFO [main] ql.Driver: Executing command(queryId=alex_20240424052237_f4520b97-d540-4fab-802e-cbe8a67fabe3): drop table if exists nonAcidOrcTbl
2024-04-24T05:22:43,299  INFO [main] ql.Driver: Starting task [Stage-0:DDL] in serial mode
2024-04-24T05:22:43,299  INFO [main] HiveMetaStore.audit: ugi=alex	ip=unknown-ip-addr	cmd=get_table : tbl=hive.default.nonAcidOrcTbl	
2024-04-24T05:22:43,308  INFO [main] metastore.HMSHandler: Skipping translation for processor with null
2024-04-24T05:22:43,308  INFO [main] HiveMetaStore.audit: ugi=alex	ip=unknown-ip-addr	cmd=get_table : tbl=hive.default.nonAcidOrcTbl	
2024-04-24T05:22:43,316  INFO [main] metastore.HMSHandler: Skipping translation for processor with null
2024-04-24T05:22:43,316  INFO [main] HiveMetaStore.audit: ugi=alex	ip=unknown-ip-addr	cmd=drop_table : tbl=hive.default.nonAcidOrcTbl	
2024-04-24T05:22:43,369  INFO [main] metadata.Hive: Dumping metastore api call timing information for : execution phase
2024-04-24T05:22:43,369  INFO [main] metadata.Hive: Total time spent in each metastore function (ms): {getTable_(GetTableRequest)=9, isCompatibleWith_(Configuration)=0, dropTable_(String, String, boolean, boolean, boolean)=61}
2024-04-24T05:22:43,369  INFO [main] ql.Driver: Completed executing command(queryId=alex_20240424052237_f4520b97-d540-4fab-802e-cbe8a67fabe3); Time taken: 0.07 seconds
2024-04-24T05:22:43,370  INFO [main] lockmgr.DbTxnManager: Stopped heartbeat for query: alex_20240424052237_f4520b97-d540-4fab-802e-cbe8a67fabe3
2024-04-24T05:22:43,373  INFO [main] txn.TxnHandler: Expected to move at least one record from txn_components to completed_txn_components when committing txn! txnid:27
2024-04-24T05:22:43,378  INFO [main] txn.TxnHandler: Removed transactions: ([27]) from MIN_HISTORY_LEVEL
2024-04-24T05:22:43,378  WARN [main] txn.CompactionTxnHandler: No compaction queue record found for Compaction type transaction commit. txnId:27
2024-04-24T05:22:43,379  INFO [main] ql.TxnCommandsBaseForTests: Running the query: drop table if exists nonAcidOrcTbl2
2024-04-24T05:22:43,379  INFO [main] ql.Driver: Compiling command(queryId=alex_20240424052237_f4520b97-d540-4fab-802e-cbe8a67fabe3): drop table if exists nonAcidOrcTbl2
2024-04-24T05:22:43,381  INFO [main] txn.TxnHandler: Added entries to MIN_HISTORY_LEVEL for current txns: ([28]) with min_open_txn: 23
2024-04-24T05:22:43,381  INFO [main] lockmgr.DbTxnManager: Opened txnid:28
2024-04-24T05:22:43,381  INFO [main] HiveMetaStore.audit: ugi=alex	ip=unknown-ip-addr	cmd=get_table : tbl=hive.default.nonAcidOrcTbl2	
2024-04-24T05:22:43,390  INFO [main] metastore.HMSHandler: Skipping translation for processor with null
2024-04-24T05:22:43,390  INFO [main] ql.Driver: Semantic Analysis Completed (retrial = false)
2024-04-24T05:22:43,390  INFO [main] ql.Driver: Created Hive schema: Schema(fieldSchemas:null, properties:null)
2024-04-24T05:22:43,390  INFO [main] metadata.Hive: Dumping metastore api call timing information for : compilation phase
2024-04-24T05:22:43,390  INFO [main] metadata.Hive: Total time spent in each metastore function (ms): {openTxn_(String, TxnType)=2, isCompatibleWith_(Configuration)=0, flushCache_()=0, commitTxn_(CommitTxnRequest)=8, getTable_(GetTableRequest)=9, getValidTxns_(long)=0}
2024-04-24T05:22:43,390  INFO [main] ql.Driver: Completed compiling command(queryId=alex_20240424052237_f4520b97-d540-4fab-802e-cbe8a67fabe3); Time taken: 0.011 seconds
2024-04-24T05:22:43,390  INFO [main] lockmgr.DbTxnManager: Setting lock request transaction to txnid:28 for queryId=alex_20240424052237_f4520b97-d540-4fab-802e-cbe8a67fabe3
2024-04-24T05:22:43,391  INFO [main] lockmgr.DbLockManager: Requesting lock for queryId=alex_20240424052237_f4520b97-d540-4fab-802e-cbe8a67fabe3
2024-04-24T05:22:43,403  INFO [main] lockmgr.DbLockManager: Response to queryId=alex_20240424052237_f4520b97-d540-4fab-802e-cbe8a67fabe3 LockResponse(lockid:20, state:ACQUIRED)
2024-04-24T05:22:43,403  INFO [main] ql.Driver: Operation DROPTABLE obtained 1 locks
2024-04-24T05:22:43,403  INFO [main] ql.Driver: Executing command(queryId=alex_20240424052237_f4520b97-d540-4fab-802e-cbe8a67fabe3): drop table if exists nonAcidOrcTbl2
2024-04-24T05:22:43,403  INFO [main] ql.Driver: Starting task [Stage-0:DDL] in serial mode
2024-04-24T05:22:43,403  INFO [main] HiveMetaStore.audit: ugi=alex	ip=unknown-ip-addr	cmd=get_table : tbl=hive.default.nonAcidOrcTbl2	
2024-04-24T05:22:43,412  INFO [main] metastore.HMSHandler: Skipping translation for processor with null
2024-04-24T05:22:43,413  INFO [main] HiveMetaStore.audit: ugi=alex	ip=unknown-ip-addr	cmd=get_table : tbl=hive.default.nonAcidOrcTbl2	
2024-04-24T05:22:43,422  INFO [main] metastore.HMSHandler: Skipping translation for processor with null
2024-04-24T05:22:43,422  INFO [main] HiveMetaStore.audit: ugi=alex	ip=unknown-ip-addr	cmd=drop_table : tbl=hive.default.nonAcidOrcTbl2	
2024-04-24T05:22:43,454  INFO [main] metadata.Hive: Dumping metastore api call timing information for : execution phase
2024-04-24T05:22:43,455  INFO [main] metadata.Hive: Total time spent in each metastore function (ms): {isCompatibleWith_(Configuration)=0, getTable_(GetTableRequest)=9, dropTable_(String, String, boolean, boolean, boolean)=42}
2024-04-24T05:22:43,455  INFO [main] ql.Driver: Completed executing command(queryId=alex_20240424052237_f4520b97-d540-4fab-802e-cbe8a67fabe3); Time taken: 0.051 seconds
2024-04-24T05:22:43,455  INFO [main] lockmgr.DbTxnManager: Stopped heartbeat for query: alex_20240424052237_f4520b97-d540-4fab-802e-cbe8a67fabe3
2024-04-24T05:22:43,458  INFO [main] txn.TxnHandler: Expected to move at least one record from txn_components to completed_txn_components when committing txn! txnid:28
2024-04-24T05:22:43,464  INFO [main] txn.TxnHandler: Removed transactions: ([28]) from MIN_HISTORY_LEVEL
2024-04-24T05:22:43,464  WARN [main] txn.CompactionTxnHandler: No compaction queue record found for Compaction type transaction commit. txnId:28
2024-04-24T05:22:43,465  INFO [main] ql.TxnCommandsBaseForTests: Running the query: drop table if exists nonAcidNonBucket
2024-04-24T05:22:43,465  INFO [main] ql.Driver: Compiling command(queryId=alex_20240424052237_f4520b97-d540-4fab-802e-cbe8a67fabe3): drop table if exists nonAcidNonBucket
2024-04-24T05:22:43,467  INFO [main] txn.TxnHandler: Added entries to MIN_HISTORY_LEVEL for current txns: ([29]) with min_open_txn: 23
2024-04-24T05:22:43,467  INFO [main] lockmgr.DbTxnManager: Opened txnid:29
2024-04-24T05:22:43,468  INFO [main] HiveMetaStore.audit: ugi=alex	ip=unknown-ip-addr	cmd=get_table : tbl=hive.default.nonAcidNonBucket	
2024-04-24T05:22:43,476  INFO [main] metastore.HMSHandler: Skipping translation for processor with null
2024-04-24T05:22:43,476  INFO [main] ql.Driver: Semantic Analysis Completed (retrial = false)
2024-04-24T05:22:43,476  INFO [main] ql.Driver: Created Hive schema: Schema(fieldSchemas:null, properties:null)
2024-04-24T05:22:43,477  INFO [main] metadata.Hive: Dumping metastore api call timing information for : compilation phase
2024-04-24T05:22:43,477  INFO [main] metadata.Hive: Total time spent in each metastore function (ms): {commitTxn_(CommitTxnRequest)=10, flushCache_()=0, isCompatibleWith_(Configuration)=1, getTable_(GetTableRequest)=8, openTxn_(String, TxnType)=1, getValidTxns_(long)=0}
2024-04-24T05:22:43,477  INFO [main] ql.Driver: Completed compiling command(queryId=alex_20240424052237_f4520b97-d540-4fab-802e-cbe8a67fabe3); Time taken: 0.012 seconds
2024-04-24T05:22:43,477  INFO [main] lockmgr.DbTxnManager: Setting lock request transaction to txnid:29 for queryId=alex_20240424052237_f4520b97-d540-4fab-802e-cbe8a67fabe3
2024-04-24T05:22:43,478  INFO [main] lockmgr.DbLockManager: Requesting lock for queryId=alex_20240424052237_f4520b97-d540-4fab-802e-cbe8a67fabe3
2024-04-24T05:22:43,490  INFO [main] lockmgr.DbLockManager: Response to queryId=alex_20240424052237_f4520b97-d540-4fab-802e-cbe8a67fabe3 LockResponse(lockid:21, state:ACQUIRED)
2024-04-24T05:22:43,490  INFO [main] ql.Driver: Operation DROPTABLE obtained 1 locks
2024-04-24T05:22:43,490  INFO [main] ql.Driver: Executing command(queryId=alex_20240424052237_f4520b97-d540-4fab-802e-cbe8a67fabe3): drop table if exists nonAcidNonBucket
2024-04-24T05:22:43,490  INFO [main] ql.Driver: Starting task [Stage-0:DDL] in serial mode
2024-04-24T05:22:43,490  INFO [main] HiveMetaStore.audit: ugi=alex	ip=unknown-ip-addr	cmd=get_table : tbl=hive.default.nonAcidNonBucket	
2024-04-24T05:22:43,498  INFO [main] metastore.HMSHandler: Skipping translation for processor with null
2024-04-24T05:22:43,498  INFO [main] HiveMetaStore.audit: ugi=alex	ip=unknown-ip-addr	cmd=get_table : tbl=hive.default.nonAcidNonBucket	
2024-04-24T05:22:43,506  INFO [main] metastore.HMSHandler: Skipping translation for processor with null
2024-04-24T05:22:43,506  INFO [main] HiveMetaStore.audit: ugi=alex	ip=unknown-ip-addr	cmd=drop_table : tbl=hive.default.nonAcidNonBucket	
2024-04-24T05:22:43,536  INFO [main] metadata.Hive: Dumping metastore api call timing information for : execution phase
2024-04-24T05:22:43,536  INFO [main] metadata.Hive: Total time spent in each metastore function (ms): {isCompatibleWith_(Configuration)=0, dropTable_(String, String, boolean, boolean, boolean)=38, getTable_(GetTableRequest)=8}
2024-04-24T05:22:43,536  INFO [main] ql.Driver: Completed executing command(queryId=alex_20240424052237_f4520b97-d540-4fab-802e-cbe8a67fabe3); Time taken: 0.046 seconds
2024-04-24T05:22:43,536  INFO [main] lockmgr.DbTxnManager: Stopped heartbeat for query: alex_20240424052237_f4520b97-d540-4fab-802e-cbe8a67fabe3
2024-04-24T05:22:43,540  INFO [main] txn.TxnHandler: Expected to move at least one record from txn_components to completed_txn_components when committing txn! txnid:29
2024-04-24T05:22:43,544  INFO [main] txn.TxnHandler: Removed transactions: ([29]) from MIN_HISTORY_LEVEL
2024-04-24T05:22:43,544  WARN [main] txn.CompactionTxnHandler: No compaction queue record found for Compaction type transaction commit. txnId:29
2024-04-24T05:22:43,545  INFO [main] utils.TestTxnDbUtil: Cleaning transactional tables
]]></system-err>
  </testcase>
  <testcase name="testDefault" classname="org.apache.hadoop.hive.ql.TestTxnNoBuckets" time="4.227"/>
  <testcase name="testInsertToAcidWithUnionRemove" classname="org.apache.hadoop.hive.ql.TestTxnNoBuckets" time="8.505"/>
  <testcase name="testNoBuckets" classname="org.apache.hadoop.hive.ql.TestTxnNoBuckets" time="7.83">
    <error type="java.lang.RuntimeException"><![CDATA[java.lang.RuntimeException: explain  update nobuckets set c3 = 17 where c3 in(0,1) failed: (responseCode = 40000, errorMessage = FAILED: NoMatchingMethodException No matching method for class org.apache.hadoop.hive.ql.udf.UDFToInteger with (struct<writeid:bigint,bucketid:int,rowid:bigint>). Possible choices: _FUNC_(bigint)  _FUNC_(boolean)  _FUNC_(decimal(38,18))  _FUNC_(double)  _FUNC_(float)  _FUNC_(smallint)  _FUNC_(string)  _FUNC_(struct<bucketid:int,rowid:bigint,writeid:bigint>)  _FUNC_(timestamp)  _FUNC_(tinyint)  _FUNC_(void)  , hiveErrorCode = 40000, SQLState = 42000, exception = No matching method for class org.apache.hadoop.hive.ql.udf.UDFToInteger with (struct<writeid:bigint,bucketid:int,rowid:bigint>). Possible choices: _FUNC_(bigint)  _FUNC_(boolean)  _FUNC_(decimal(38,18))  _FUNC_(double)  _FUNC_(float)  _FUNC_(smallint)  _FUNC_(string)  _FUNC_(struct<bucketid:int,rowid:bigint,writeid:bigint>)  _FUNC_(timestamp)  _FUNC_(tinyint)  _FUNC_(void)  )
	at org.apache.hadoop.hive.ql.TxnCommandsBaseForTests.runStatementOnDriver(TxnCommandsBaseForTests.java:247)
	at org.apache.hadoop.hive.ql.TestTxnNoBuckets.testNoBuckets(TestTxnNoBuckets.java:109)
	at sun.reflect.NativeMethodAccessorImpl.invoke0(Native Method)
	at sun.reflect.NativeMethodAccessorImpl.invoke(NativeMethodAccessorImpl.java:62)
	at sun.reflect.DelegatingMethodAccessorImpl.invoke(DelegatingMethodAccessorImpl.java:43)
	at java.lang.reflect.Method.invoke(Method.java:498)
	at org.junit.runners.model.FrameworkMethod$1.runReflectiveCall(FrameworkMethod.java:59)
	at org.junit.internal.runners.model.ReflectiveCallable.run(ReflectiveCallable.java:12)
	at org.junit.runners.model.FrameworkMethod.invokeExplosively(FrameworkMethod.java:56)
	at org.junit.internal.runners.statements.InvokeMethod.evaluate(InvokeMethod.java:17)
	at org.junit.internal.runners.statements.RunBefores.evaluate(RunBefores.java:26)
	at org.junit.internal.runners.statements.RunAfters.evaluate(RunAfters.java:27)
	at org.junit.rules.TestWatcher$1.evaluate(TestWatcher.java:61)
	at org.junit.runners.ParentRunner$3.evaluate(ParentRunner.java:306)
	at org.junit.runners.BlockJUnit4ClassRunner$1.evaluate(BlockJUnit4ClassRunner.java:100)
	at org.junit.runners.ParentRunner.runLeaf(ParentRunner.java:366)
	at org.junit.runners.BlockJUnit4ClassRunner.runChild(BlockJUnit4ClassRunner.java:103)
	at org.junit.runners.BlockJUnit4ClassRunner.runChild(BlockJUnit4ClassRunner.java:63)
	at org.junit.runners.ParentRunner$4.run(ParentRunner.java:331)
	at org.junit.runners.ParentRunner$1.schedule(ParentRunner.java:79)
	at org.junit.runners.ParentRunner.runChildren(ParentRunner.java:329)
	at org.junit.runners.ParentRunner.access$100(ParentRunner.java:66)
	at org.junit.runners.ParentRunner$2.evaluate(ParentRunner.java:293)
	at org.junit.runners.ParentRunner$3.evaluate(ParentRunner.java:306)
	at org.junit.runners.ParentRunner.run(ParentRunner.java:413)
	at org.junit.runner.JUnitCore.run(JUnitCore.java:137)
	at org.junit.runner.JUnitCore.run(JUnitCore.java:115)
	at org.junit.vintage.engine.execution.RunnerExecutor.execute(RunnerExecutor.java:43)
	at java.util.stream.ForEachOps$ForEachOp$OfRef.accept(ForEachOps.java:183)
	at java.util.stream.ReferencePipeline$3$1.accept(ReferencePipeline.java:193)
	at java.util.Iterator.forEachRemaining(Iterator.java:116)
	at java.util.Spliterators$IteratorSpliterator.forEachRemaining(Spliterators.java:1801)
	at java.util.stream.AbstractPipeline.copyInto(AbstractPipeline.java:482)
	at java.util.stream.AbstractPipeline.wrapAndCopyInto(AbstractPipeline.java:472)
	at java.util.stream.ForEachOps$ForEachOp.evaluateSequential(ForEachOps.java:150)
	at java.util.stream.ForEachOps$ForEachOp$OfRef.evaluateSequential(ForEachOps.java:173)
	at java.util.stream.AbstractPipeline.evaluate(AbstractPipeline.java:234)
	at java.util.stream.ReferencePipeline.forEach(ReferencePipeline.java:485)
	at org.junit.vintage.engine.VintageTestEngine.executeAllChildren(VintageTestEngine.java:82)
	at org.junit.vintage.engine.VintageTestEngine.execute(VintageTestEngine.java:73)
	at org.junit.platform.launcher.core.DefaultLauncher.execute(DefaultLauncher.java:248)
	at org.junit.platform.launcher.core.DefaultLauncher.lambda$execute$5(DefaultLauncher.java:211)
	at org.junit.platform.launcher.core.DefaultLauncher.withInterceptedStreams(DefaultLauncher.java:226)
	at org.junit.platform.launcher.core.DefaultLauncher.execute(DefaultLauncher.java:199)
	at org.junit.platform.launcher.core.DefaultLauncher.execute(DefaultLauncher.java:132)
	at org.apache.maven.surefire.junitplatform.JUnitPlatformProvider.invokeAllTests(JUnitPlatformProvider.java:154)
	at org.apache.maven.surefire.junitplatform.JUnitPlatformProvider.invoke(JUnitPlatformProvider.java:123)
	at org.apache.maven.surefire.booter.ForkedBooter.runSuitesInProcess(ForkedBooter.java:377)
	at org.apache.maven.surefire.booter.ForkedBooter.execute(ForkedBooter.java:138)
	at org.apache.maven.surefire.booter.ForkedBooter.run(ForkedBooter.java:465)
	at org.apache.maven.surefire.booter.ForkedBooter.main(ForkedBooter.java:451)
]]></error>
    <system-err><![CDATA[2024-04-24T05:22:56,330  WARN [main] conf.HiveConf: HiveConf of name hive.llap.io.cache.orc.arena.size does not exist
2024-04-24T05:22:56,331  WARN [main] conf.HiveConf: HiveConf of name hive.llap.io.cache.orc.alloc.min does not exist
2024-04-24T05:22:56,331  WARN [main] conf.HiveConf: HiveConf of name hive.stats.key.prefix.reserve.length does not exist
2024-04-24T05:22:56,331  WARN [main] conf.HiveConf: HiveConf of name hive.llap.io.cache.orc.alloc.max does not exist
2024-04-24T05:22:56,331  WARN [main] conf.HiveConf: HiveConf of name hive.dummyparam.test.server.specific.config.override does not exist
2024-04-24T05:22:56,331  WARN [main] conf.HiveConf: HiveConf of name hive.llap.io.cache.orc.size does not exist
2024-04-24T05:22:56,331  WARN [main] conf.HiveConf: HiveConf of name hive.dummyparam.test.server.specific.config.metastoresite does not exist
2024-04-24T05:22:56,331  WARN [main] conf.HiveConf: HiveConf of name hive.dummyparam.test.server.specific.config.hivesite does not exist
2024-04-24T05:22:56,331  WARN [main] conf.HiveConf: HiveConf of name hive.metastore.client.cache.recordStats does not exist
2024-04-24T05:22:56,331  WARN [main] conf.HiveConf: HiveConf of name hive.metastore.client.cache.maxSize does not exist
2024-04-24T05:22:56,331  WARN [main] conf.HiveConf: HiveConf of name hive.metastore.metadb.dir does not exist
2024-04-24T05:22:56,333  INFO [main] utils.TestTxnDbUtil: Creating transactional tables
Hive Session ID = 6d9c63d3-2d1f-4358-8a15-6e001754314a
2024-04-24T05:22:56,335  INFO [main] SessionState: Hive Session ID = 6d9c63d3-2d1f-4358-8a15-6e001754314a
ivysettings.xml file not found in HIVE_HOME or HIVE_CONF_DIR,/home/alex/Repositories/hive/conf/ivysettings.xml will be used
2024-04-24T05:22:56,335  INFO [main] DependencyResolver: ivysettings.xml file not found in HIVE_HOME or HIVE_CONF_DIR,/home/alex/Repositories/hive/conf/ivysettings.xml will be used
2024-04-24T05:22:56,341  INFO [main] session.SessionState: Created HDFS directory: /home/alex/Repositories/hive/ql/target/tmp/scratchdir/alex/6d9c63d3-2d1f-4358-8a15-6e001754314a
2024-04-24T05:22:56,343  INFO [main] session.SessionState: Created local directory: /home/alex/Repositories/hive/ql/target/tmp/localscratchdir/6d9c63d3-2d1f-4358-8a15-6e001754314a
2024-04-24T05:22:56,345  INFO [main] session.SessionState: Created HDFS directory: /home/alex/Repositories/hive/ql/target/tmp/scratchdir/alex/6d9c63d3-2d1f-4358-8a15-6e001754314a/_tmp_space.db
2024-04-24T05:22:56,345  INFO [main] sqlstd.SQLStdHiveAccessController: Created SQLStdHiveAccessController for session context : HiveAuthzSessionContext [sessionString=6d9c63d3-2d1f-4358-8a15-6e001754314a, clientType=HIVECLI]
2024-04-24T05:22:56,346  INFO [main] ql.TxnCommandsBaseForTests: Running the query: drop table if exists acidTbl
2024-04-24T05:22:56,346  INFO [main] ql.Driver: Compiling command(queryId=alex_20240424052256_fcc70bc7-42a0-4215-8cca-32b412c02d5c): drop table if exists acidTbl
2024-04-24T05:22:56,352  INFO [main] txn.TxnHandler: Added entries to MIN_HISTORY_LEVEL for current txns: ([1]) with min_open_txn: 1
2024-04-24T05:22:56,353  INFO [main] lockmgr.DbTxnManager: Opened txnid:1
2024-04-24T05:22:56,355  INFO [main] HiveMetaStore.audit: ugi=alex	ip=unknown-ip-addr	cmd=get_table : tbl=hive.default.acidTbl	
2024-04-24T05:22:56,362  INFO [main] ql.Driver: Semantic Analysis Completed (retrial = false)
2024-04-24T05:22:56,362  INFO [main] ql.Driver: Created Hive schema: Schema(fieldSchemas:null, properties:null)
2024-04-24T05:22:56,362  INFO [main] metadata.Hive: Dumping metastore api call timing information for : compilation phase
2024-04-24T05:22:56,362  INFO [main] metadata.Hive: Total time spent in each metastore function (ms): {commitTxn_(CommitTxnRequest)=8, getValidTxns_(long)=2, openTxn_(String, TxnType)=7, isCompatibleWith_(Configuration)=1, flushCache_()=0}
2024-04-24T05:22:56,362  INFO [main] ql.Driver: Completed compiling command(queryId=alex_20240424052256_fcc70bc7-42a0-4215-8cca-32b412c02d5c); Time taken: 0.016 seconds
2024-04-24T05:22:56,363  INFO [main] lockmgr.DbTxnManager: Setting lock request transaction to txnid:1 for queryId=alex_20240424052256_fcc70bc7-42a0-4215-8cca-32b412c02d5c
2024-04-24T05:22:56,363  INFO [main] ql.Driver: Operation DROPTABLE obtained 0 locks
2024-04-24T05:22:56,363  INFO [main] ql.Driver: Executing command(queryId=alex_20240424052256_fcc70bc7-42a0-4215-8cca-32b412c02d5c): drop table if exists acidTbl
2024-04-24T05:22:56,363  INFO [main] ql.Driver: Starting task [Stage-0:DDL] in serial mode
2024-04-24T05:22:56,363  INFO [main] HiveMetaStore.audit: ugi=alex	ip=unknown-ip-addr	cmd=get_table : tbl=hive.default.acidTbl	
2024-04-24T05:22:56,366  INFO [main] metadata.Hive: Dumping metastore api call timing information for : execution phase
2024-04-24T05:22:56,366  INFO [main] metadata.Hive: Total time spent in each metastore function (ms): {isCompatibleWith_(Configuration)=0}
2024-04-24T05:22:56,366  INFO [main] ql.Driver: Completed executing command(queryId=alex_20240424052256_fcc70bc7-42a0-4215-8cca-32b412c02d5c); Time taken: 0.003 seconds
2024-04-24T05:22:56,366  INFO [main] lockmgr.DbTxnManager: Stopped heartbeat for query: alex_20240424052256_fcc70bc7-42a0-4215-8cca-32b412c02d5c
2024-04-24T05:22:56,371  INFO [main] txn.TxnHandler: Expected to move at least one record from txn_components to completed_txn_components when committing txn! txnid:1
2024-04-24T05:22:56,376  INFO [main] txn.TxnHandler: Removed transactions: ([1]) from MIN_HISTORY_LEVEL
2024-04-24T05:22:56,376  WARN [main] txn.CompactionTxnHandler: No compaction queue record found for Compaction type transaction commit. txnId:1
2024-04-24T05:22:56,376  INFO [main] ql.TxnCommandsBaseForTests: Running the query: drop table if exists acidTblPart
2024-04-24T05:22:56,376  INFO [main] ql.Driver: Compiling command(queryId=alex_20240424052256_528b56ac-0430-443d-b569-05d0ab75658c): drop table if exists acidTblPart
2024-04-24T05:22:56,379  INFO [main] txn.TxnHandler: Added entries to MIN_HISTORY_LEVEL for current txns: ([2]) with min_open_txn: 1
2024-04-24T05:22:56,379  INFO [main] lockmgr.DbTxnManager: Opened txnid:2
2024-04-24T05:22:56,380  INFO [main] HiveMetaStore.audit: ugi=alex	ip=unknown-ip-addr	cmd=get_table : tbl=hive.default.acidTblPart	
2024-04-24T05:22:56,382  INFO [main] ql.Driver: Semantic Analysis Completed (retrial = false)
2024-04-24T05:22:56,382  INFO [main] ql.Driver: Created Hive schema: Schema(fieldSchemas:null, properties:null)
2024-04-24T05:22:56,382  INFO [main] metadata.Hive: Dumping metastore api call timing information for : compilation phase
2024-04-24T05:22:56,382  INFO [main] metadata.Hive: Total time spent in each metastore function (ms): {getValidTxns_(long)=0, flushCache_()=0, openTxn_(String, TxnType)=2, commitTxn_(CommitTxnRequest)=10, isCompatibleWith_(Configuration)=0}
2024-04-24T05:22:56,383  INFO [main] ql.Driver: Completed compiling command(queryId=alex_20240424052256_528b56ac-0430-443d-b569-05d0ab75658c); Time taken: 0.006 seconds
2024-04-24T05:22:56,383  INFO [main] lockmgr.DbTxnManager: Setting lock request transaction to txnid:2 for queryId=alex_20240424052256_528b56ac-0430-443d-b569-05d0ab75658c
2024-04-24T05:22:56,383  INFO [main] ql.Driver: Operation DROPTABLE obtained 0 locks
2024-04-24T05:22:56,383  INFO [main] ql.Driver: Executing command(queryId=alex_20240424052256_528b56ac-0430-443d-b569-05d0ab75658c): drop table if exists acidTblPart
2024-04-24T05:22:56,383  INFO [main] ql.Driver: Starting task [Stage-0:DDL] in serial mode
2024-04-24T05:22:56,383  INFO [main] HiveMetaStore.audit: ugi=alex	ip=unknown-ip-addr	cmd=get_table : tbl=hive.default.acidTblPart	
2024-04-24T05:22:56,386  INFO [main] metadata.Hive: Dumping metastore api call timing information for : execution phase
2024-04-24T05:22:56,386  INFO [main] metadata.Hive: Total time spent in each metastore function (ms): {isCompatibleWith_(Configuration)=0}
2024-04-24T05:22:56,386  INFO [main] ql.Driver: Completed executing command(queryId=alex_20240424052256_528b56ac-0430-443d-b569-05d0ab75658c); Time taken: 0.003 seconds
2024-04-24T05:22:56,386  INFO [main] lockmgr.DbTxnManager: Stopped heartbeat for query: alex_20240424052256_528b56ac-0430-443d-b569-05d0ab75658c
2024-04-24T05:22:56,391  INFO [main] txn.TxnHandler: Expected to move at least one record from txn_components to completed_txn_components when committing txn! txnid:2
2024-04-24T05:22:56,396  INFO [main] txn.TxnHandler: Removed transactions: ([2]) from MIN_HISTORY_LEVEL
2024-04-24T05:22:56,396  WARN [main] txn.CompactionTxnHandler: No compaction queue record found for Compaction type transaction commit. txnId:2
2024-04-24T05:22:56,396  INFO [main] ql.TxnCommandsBaseForTests: Running the query: drop table if exists acidTbl2
2024-04-24T05:22:56,396  INFO [main] ql.Driver: Compiling command(queryId=alex_20240424052256_cf0e17c1-000c-431d-bc4a-89511e00cdb2): drop table if exists acidTbl2
2024-04-24T05:22:56,398  INFO [main] txn.TxnHandler: Added entries to MIN_HISTORY_LEVEL for current txns: ([3]) with min_open_txn: 1
2024-04-24T05:22:56,399  INFO [main] lockmgr.DbTxnManager: Opened txnid:3
2024-04-24T05:22:56,399  INFO [main] HiveMetaStore.audit: ugi=alex	ip=unknown-ip-addr	cmd=get_table : tbl=hive.default.acidTbl2	
2024-04-24T05:22:56,402  INFO [main] ql.Driver: Semantic Analysis Completed (retrial = false)
2024-04-24T05:22:56,402  INFO [main] ql.Driver: Created Hive schema: Schema(fieldSchemas:null, properties:null)
2024-04-24T05:22:56,402  INFO [main] metadata.Hive: Dumping metastore api call timing information for : compilation phase
2024-04-24T05:22:56,402  INFO [main] metadata.Hive: Total time spent in each metastore function (ms): {getValidTxns_(long)=0, flushCache_()=0, commitTxn_(CommitTxnRequest)=10, isCompatibleWith_(Configuration)=0, openTxn_(String, TxnType)=1}
2024-04-24T05:22:56,402  INFO [main] ql.Driver: Completed compiling command(queryId=alex_20240424052256_cf0e17c1-000c-431d-bc4a-89511e00cdb2); Time taken: 0.006 seconds
2024-04-24T05:22:56,402  INFO [main] lockmgr.DbTxnManager: Setting lock request transaction to txnid:3 for queryId=alex_20240424052256_cf0e17c1-000c-431d-bc4a-89511e00cdb2
2024-04-24T05:22:56,402  INFO [main] ql.Driver: Operation DROPTABLE obtained 0 locks
2024-04-24T05:22:56,402  INFO [main] ql.Driver: Executing command(queryId=alex_20240424052256_cf0e17c1-000c-431d-bc4a-89511e00cdb2): drop table if exists acidTbl2
2024-04-24T05:22:56,403  INFO [main] ql.Driver: Starting task [Stage-0:DDL] in serial mode
2024-04-24T05:22:56,403  INFO [main] HiveMetaStore.audit: ugi=alex	ip=unknown-ip-addr	cmd=get_table : tbl=hive.default.acidTbl2	
2024-04-24T05:22:56,406  INFO [main] metadata.Hive: Dumping metastore api call timing information for : execution phase
2024-04-24T05:22:56,406  INFO [main] metadata.Hive: Total time spent in each metastore function (ms): {isCompatibleWith_(Configuration)=0}
2024-04-24T05:22:56,406  INFO [main] ql.Driver: Completed executing command(queryId=alex_20240424052256_cf0e17c1-000c-431d-bc4a-89511e00cdb2); Time taken: 0.004 seconds
2024-04-24T05:22:56,406  INFO [main] lockmgr.DbTxnManager: Stopped heartbeat for query: alex_20240424052256_cf0e17c1-000c-431d-bc4a-89511e00cdb2
2024-04-24T05:22:56,412  INFO [main] txn.TxnHandler: Expected to move at least one record from txn_components to completed_txn_components when committing txn! txnid:3
2024-04-24T05:22:56,417  INFO [main] txn.TxnHandler: Removed transactions: ([3]) from MIN_HISTORY_LEVEL
2024-04-24T05:22:56,417  WARN [main] txn.CompactionTxnHandler: No compaction queue record found for Compaction type transaction commit. txnId:3
2024-04-24T05:22:56,418  INFO [main] ql.TxnCommandsBaseForTests: Running the query: drop table if exists nonAcidOrcTbl
2024-04-24T05:22:56,418  INFO [main] ql.Driver: Compiling command(queryId=alex_20240424052256_a4aead40-1f9c-49c3-b8e5-0e813fe2eb23): drop table if exists nonAcidOrcTbl
2024-04-24T05:22:56,420  INFO [main] txn.TxnHandler: Added entries to MIN_HISTORY_LEVEL for current txns: ([4]) with min_open_txn: 1
2024-04-24T05:22:56,420  INFO [main] lockmgr.DbTxnManager: Opened txnid:4
2024-04-24T05:22:56,421  INFO [main] HiveMetaStore.audit: ugi=alex	ip=unknown-ip-addr	cmd=get_table : tbl=hive.default.nonAcidOrcTbl	
2024-04-24T05:22:56,423  INFO [main] ql.Driver: Semantic Analysis Completed (retrial = false)
2024-04-24T05:22:56,423  INFO [main] ql.Driver: Created Hive schema: Schema(fieldSchemas:null, properties:null)
2024-04-24T05:22:56,423  INFO [main] metadata.Hive: Dumping metastore api call timing information for : compilation phase
2024-04-24T05:22:56,424  INFO [main] metadata.Hive: Total time spent in each metastore function (ms): {openTxn_(String, TxnType)=1, getValidTxns_(long)=1, commitTxn_(CommitTxnRequest)=12, isCompatibleWith_(Configuration)=1, flushCache_()=0}
2024-04-24T05:22:56,424  INFO [main] ql.Driver: Completed compiling command(queryId=alex_20240424052256_a4aead40-1f9c-49c3-b8e5-0e813fe2eb23); Time taken: 0.005 seconds
2024-04-24T05:22:56,424  INFO [main] lockmgr.DbTxnManager: Setting lock request transaction to txnid:4 for queryId=alex_20240424052256_a4aead40-1f9c-49c3-b8e5-0e813fe2eb23
2024-04-24T05:22:56,424  INFO [main] ql.Driver: Operation DROPTABLE obtained 0 locks
2024-04-24T05:22:56,424  INFO [main] ql.Driver: Executing command(queryId=alex_20240424052256_a4aead40-1f9c-49c3-b8e5-0e813fe2eb23): drop table if exists nonAcidOrcTbl
2024-04-24T05:22:56,424  INFO [main] ql.Driver: Starting task [Stage-0:DDL] in serial mode
2024-04-24T05:22:56,424  INFO [main] HiveMetaStore.audit: ugi=alex	ip=unknown-ip-addr	cmd=get_table : tbl=hive.default.nonAcidOrcTbl	
2024-04-24T05:22:56,427  INFO [main] metadata.Hive: Dumping metastore api call timing information for : execution phase
2024-04-24T05:22:56,427  INFO [main] metadata.Hive: Total time spent in each metastore function (ms): {isCompatibleWith_(Configuration)=0}
2024-04-24T05:22:56,428  INFO [main] ql.Driver: Completed executing command(queryId=alex_20240424052256_a4aead40-1f9c-49c3-b8e5-0e813fe2eb23); Time taken: 0.003 seconds
2024-04-24T05:22:56,428  INFO [main] lockmgr.DbTxnManager: Stopped heartbeat for query: alex_20240424052256_a4aead40-1f9c-49c3-b8e5-0e813fe2eb23
2024-04-24T05:22:56,432  INFO [main] txn.TxnHandler: Expected to move at least one record from txn_components to completed_txn_components when committing txn! txnid:4
2024-04-24T05:22:56,436  INFO [main] txn.TxnHandler: Removed transactions: ([4]) from MIN_HISTORY_LEVEL
2024-04-24T05:22:56,436  WARN [main] txn.CompactionTxnHandler: No compaction queue record found for Compaction type transaction commit. txnId:4
2024-04-24T05:22:56,437  INFO [main] ql.TxnCommandsBaseForTests: Running the query: drop table if exists nonAcidOrcTbl2
2024-04-24T05:22:56,437  INFO [main] ql.Driver: Compiling command(queryId=alex_20240424052256_0209914b-55a1-402d-81a5-b5a585d417c0): drop table if exists nonAcidOrcTbl2
2024-04-24T05:22:56,439  INFO [main] txn.TxnHandler: Added entries to MIN_HISTORY_LEVEL for current txns: ([5]) with min_open_txn: 1
2024-04-24T05:22:56,439  INFO [main] lockmgr.DbTxnManager: Opened txnid:5
2024-04-24T05:22:56,440  INFO [main] HiveMetaStore.audit: ugi=alex	ip=unknown-ip-addr	cmd=get_table : tbl=hive.default.nonAcidOrcTbl2	
2024-04-24T05:22:56,442  INFO [main] ql.Driver: Semantic Analysis Completed (retrial = false)
2024-04-24T05:22:56,443  INFO [main] ql.Driver: Created Hive schema: Schema(fieldSchemas:null, properties:null)
2024-04-24T05:22:56,443  INFO [main] metadata.Hive: Dumping metastore api call timing information for : compilation phase
2024-04-24T05:22:56,443  INFO [main] metadata.Hive: Total time spent in each metastore function (ms): {flushCache_()=0, commitTxn_(CommitTxnRequest)=9, isCompatibleWith_(Configuration)=0, openTxn_(String, TxnType)=1, getValidTxns_(long)=0}
2024-04-24T05:22:56,443  INFO [main] ql.Driver: Completed compiling command(queryId=alex_20240424052256_0209914b-55a1-402d-81a5-b5a585d417c0); Time taken: 0.006 seconds
2024-04-24T05:22:56,443  INFO [main] lockmgr.DbTxnManager: Setting lock request transaction to txnid:5 for queryId=alex_20240424052256_0209914b-55a1-402d-81a5-b5a585d417c0
2024-04-24T05:22:56,443  INFO [main] ql.Driver: Operation DROPTABLE obtained 0 locks
2024-04-24T05:22:56,443  INFO [main] ql.Driver: Executing command(queryId=alex_20240424052256_0209914b-55a1-402d-81a5-b5a585d417c0): drop table if exists nonAcidOrcTbl2
2024-04-24T05:22:56,443  INFO [main] ql.Driver: Starting task [Stage-0:DDL] in serial mode
2024-04-24T05:22:56,444  INFO [main] HiveMetaStore.audit: ugi=alex	ip=unknown-ip-addr	cmd=get_table : tbl=hive.default.nonAcidOrcTbl2	
2024-04-24T05:22:56,446  INFO [main] metadata.Hive: Dumping metastore api call timing information for : execution phase
2024-04-24T05:22:56,446  INFO [main] metadata.Hive: Total time spent in each metastore function (ms): {isCompatibleWith_(Configuration)=1}
2024-04-24T05:22:56,446  INFO [main] ql.Driver: Completed executing command(queryId=alex_20240424052256_0209914b-55a1-402d-81a5-b5a585d417c0); Time taken: 0.003 seconds
2024-04-24T05:22:56,446  INFO [main] lockmgr.DbTxnManager: Stopped heartbeat for query: alex_20240424052256_0209914b-55a1-402d-81a5-b5a585d417c0
2024-04-24T05:22:56,451  INFO [main] txn.TxnHandler: Expected to move at least one record from txn_components to completed_txn_components when committing txn! txnid:5
2024-04-24T05:22:56,455  INFO [main] txn.TxnHandler: Removed transactions: ([5]) from MIN_HISTORY_LEVEL
2024-04-24T05:22:56,455  WARN [main] txn.CompactionTxnHandler: No compaction queue record found for Compaction type transaction commit. txnId:5
2024-04-24T05:22:56,456  INFO [main] ql.TxnCommandsBaseForTests: Running the query: drop table if exists nonAcidNonBucket
2024-04-24T05:22:56,456  INFO [main] ql.Driver: Compiling command(queryId=alex_20240424052256_b324303f-e327-42f3-ae89-7f977171b460): drop table if exists nonAcidNonBucket
2024-04-24T05:22:56,457  INFO [main] txn.TxnHandler: Added entries to MIN_HISTORY_LEVEL for current txns: ([6]) with min_open_txn: 1
2024-04-24T05:22:56,458  INFO [main] lockmgr.DbTxnManager: Opened txnid:6
2024-04-24T05:22:56,458  INFO [main] HiveMetaStore.audit: ugi=alex	ip=unknown-ip-addr	cmd=get_table : tbl=hive.default.nonAcidNonBucket	
2024-04-24T05:22:56,461  INFO [main] ql.Driver: Semantic Analysis Completed (retrial = false)
2024-04-24T05:22:56,461  INFO [main] ql.Driver: Created Hive schema: Schema(fieldSchemas:null, properties:null)
2024-04-24T05:22:56,461  INFO [main] metadata.Hive: Dumping metastore api call timing information for : compilation phase
2024-04-24T05:22:56,461  INFO [main] metadata.Hive: Total time spent in each metastore function (ms): {isCompatibleWith_(Configuration)=0, flushCache_()=0, openTxn_(String, TxnType)=2, getValidTxns_(long)=0, commitTxn_(CommitTxnRequest)=8}
2024-04-24T05:22:56,461  INFO [main] ql.Driver: Completed compiling command(queryId=alex_20240424052256_b324303f-e327-42f3-ae89-7f977171b460); Time taken: 0.005 seconds
2024-04-24T05:22:56,462  INFO [main] lockmgr.DbTxnManager: Setting lock request transaction to txnid:6 for queryId=alex_20240424052256_b324303f-e327-42f3-ae89-7f977171b460
2024-04-24T05:22:56,462  INFO [main] ql.Driver: Operation DROPTABLE obtained 0 locks
2024-04-24T05:22:56,462  INFO [main] ql.Driver: Executing command(queryId=alex_20240424052256_b324303f-e327-42f3-ae89-7f977171b460): drop table if exists nonAcidNonBucket
2024-04-24T05:22:56,462  INFO [main] ql.Driver: Starting task [Stage-0:DDL] in serial mode
2024-04-24T05:22:56,462  INFO [main] HiveMetaStore.audit: ugi=alex	ip=unknown-ip-addr	cmd=get_table : tbl=hive.default.nonAcidNonBucket	
2024-04-24T05:22:56,465  INFO [main] metadata.Hive: Dumping metastore api call timing information for : execution phase
2024-04-24T05:22:56,465  INFO [main] metadata.Hive: Total time spent in each metastore function (ms): {isCompatibleWith_(Configuration)=0}
2024-04-24T05:22:56,465  INFO [main] ql.Driver: Completed executing command(queryId=alex_20240424052256_b324303f-e327-42f3-ae89-7f977171b460); Time taken: 0.003 seconds
2024-04-24T05:22:56,465  INFO [main] lockmgr.DbTxnManager: Stopped heartbeat for query: alex_20240424052256_b324303f-e327-42f3-ae89-7f977171b460
2024-04-24T05:22:56,470  INFO [main] txn.TxnHandler: Expected to move at least one record from txn_components to completed_txn_components when committing txn! txnid:6
2024-04-24T05:22:56,474  INFO [main] txn.TxnHandler: Removed transactions: ([6]) from MIN_HISTORY_LEVEL
2024-04-24T05:22:56,475  WARN [main] txn.CompactionTxnHandler: No compaction queue record found for Compaction type transaction commit. txnId:6
2024-04-24T05:22:56,475  INFO [main] ql.TxnCommandsBaseForTests: Running the query: create table acidTbl(a int, b int) clustered by (a) into 2 buckets stored as orc TBLPROPERTIES ('transactional'='true')
2024-04-24T05:22:56,475  INFO [main] ql.Driver: Compiling command(queryId=alex_20240424052256_cdd9c6c2-8299-4040-b873-45b6e432627c): create table acidTbl(a int, b int) clustered by (a) into 2 buckets stored as orc TBLPROPERTIES ('transactional'='true')
2024-04-24T05:22:56,478  INFO [main] txn.TxnHandler: Added entries to MIN_HISTORY_LEVEL for current txns: ([7]) with min_open_txn: 1
2024-04-24T05:22:56,478  INFO [main] lockmgr.DbTxnManager: Opened txnid:7
2024-04-24T05:22:56,478  INFO [main] parse.CalcitePlanner: Starting caching scope for: 
2024-04-24T05:22:56,478  INFO [main] parse.CalcitePlanner: Starting Semantic Analysis
2024-04-24T05:22:56,483  INFO [main] parse.CalcitePlanner: Creating table default.acidTbl position=13
2024-04-24T05:22:56,483  INFO [main] HiveMetaStore.audit: ugi=alex	ip=unknown-ip-addr	cmd=get_database: default	
2024-04-24T05:22:56,484  INFO [main] parse.CalcitePlanner: Ending caching scope for: 
2024-04-24T05:22:56,484  INFO [main] ql.Driver: Semantic Analysis Completed (retrial = false)
2024-04-24T05:22:56,485  INFO [main] ql.Driver: Created Hive schema: Schema(fieldSchemas:null, properties:null)
2024-04-24T05:22:56,485  INFO [main] metadata.Hive: Dumping metastore api call timing information for : compilation phase
2024-04-24T05:22:56,485  INFO [main] metadata.Hive: Total time spent in each metastore function (ms): {getValidWriteIds_(List, String)=5, getDatabase_(String)=1, commitTxn_(CommitTxnRequest)=9, flushCache_()=0, openTxn_(String, TxnType)=2, getValidTxns_(long)=0, isCompatibleWith_(Configuration)=0}
2024-04-24T05:22:56,485  INFO [main] ql.Driver: Completed compiling command(queryId=alex_20240424052256_cdd9c6c2-8299-4040-b873-45b6e432627c); Time taken: 0.01 seconds
2024-04-24T05:22:56,485  INFO [main] lockmgr.DbTxnManager: Setting lock request transaction to txnid:7 for queryId=alex_20240424052256_cdd9c6c2-8299-4040-b873-45b6e432627c
2024-04-24T05:22:56,485  INFO [main] lockmgr.DbLockManager: Requesting lock for queryId=alex_20240424052256_cdd9c6c2-8299-4040-b873-45b6e432627c
2024-04-24T05:22:56,500  INFO [main] lockmgr.DbLockManager: Response to queryId=alex_20240424052256_cdd9c6c2-8299-4040-b873-45b6e432627c LockResponse(lockid:1, state:ACQUIRED)
2024-04-24T05:22:56,500  INFO [main] ql.Driver: Operation CREATETABLE obtained 1 locks
2024-04-24T05:22:56,500  INFO [main] ql.Driver: Executing command(queryId=alex_20240424052256_cdd9c6c2-8299-4040-b873-45b6e432627c): create table acidTbl(a int, b int) clustered by (a) into 2 buckets stored as orc TBLPROPERTIES ('transactional'='true')
2024-04-24T05:22:56,501  INFO [main] ql.Driver: Starting task [Stage-0:DDL] in serial mode
2024-04-24T05:22:56,501  INFO [main] HiveMetaStore.audit: ugi=alex	ip=unknown-ip-addr	cmd=create_table_req: Table(tableName:acidTbl, dbName:default, owner:alex, createTime:1713961376, lastAccessTime:0, retention:0, sd:StorageDescriptor(cols:[FieldSchema(name:a, type:int, comment:null), FieldSchema(name:b, type:int, comment:null)], location:null, inputFormat:org.apache.hadoop.hive.ql.io.orc.OrcInputFormat, outputFormat:org.apache.hadoop.hive.ql.io.orc.OrcOutputFormat, compressed:false, numBuckets:2, serdeInfo:SerDeInfo(name:null, serializationLib:org.apache.hadoop.hive.ql.io.orc.OrcSerde, parameters:{serialization.format=1}), bucketCols:[a], sortCols:[], parameters:{}, skewedInfo:SkewedInfo(skewedColNames:[], skewedColValues:[], skewedColValueLocationMaps:{}), storedAsSubDirectories:false), partitionKeys:[], parameters:{rawDataSize=0, numFilesErasureCoded=0, bucketing_version=2, numFiles=0, totalSize=0, COLUMN_STATS_ACCURATE={"BASIC_STATS":"true","COLUMN_STATS":{"a":"true","b":"true"}}, transactional=true, numRows=0}, viewOriginalText:null, viewExpandedText:null, tableType:MANAGED_TABLE, privileges:PrincipalPrivilegeSet(userPrivileges:{alex=[PrivilegeGrantInfo(privilege:INSERT, createTime:-1, grantor:alex, grantorType:USER, grantOption:true), PrivilegeGrantInfo(privilege:SELECT, createTime:-1, grantor:alex, grantorType:USER, grantOption:true), PrivilegeGrantInfo(privilege:UPDATE, createTime:-1, grantor:alex, grantorType:USER, grantOption:true), PrivilegeGrantInfo(privilege:DELETE, createTime:-1, grantor:alex, grantorType:USER, grantOption:true)]}, groupPrivileges:null, rolePrivileges:null), temporary:false, catName:hive, ownerType:USER, writeId:0)	
2024-04-24T05:22:56,506  INFO [main] utils.FileUtils: Creating directory if it doesn't exist: file:/home/alex/Repositories/hive/ql/target/tmp/org.apache.hadoop.hive.ql.TestTxnNoBuckets-1713961246971/warehouse/acidtbl
2024-04-24T05:22:56,537  INFO [main] metadata.Hive: Dumping metastore api call timing information for : execution phase
2024-04-24T05:22:56,537  INFO [main] metadata.Hive: Total time spent in each metastore function (ms): {createTable_(Table)=36, isCompatibleWith_(Configuration)=0}
2024-04-24T05:22:56,537  INFO [main] ql.Driver: Completed executing command(queryId=alex_20240424052256_cdd9c6c2-8299-4040-b873-45b6e432627c); Time taken: 0.037 seconds
2024-04-24T05:22:56,537  INFO [main] lockmgr.DbTxnManager: Stopped heartbeat for query: alex_20240424052256_cdd9c6c2-8299-4040-b873-45b6e432627c
2024-04-24T05:22:56,541  INFO [main] txn.TxnHandler: Expected to move at least one record from txn_components to completed_txn_components when committing txn! txnid:7
2024-04-24T05:22:56,545  INFO [main] txn.TxnHandler: Removed transactions: ([7]) from MIN_HISTORY_LEVEL
2024-04-24T05:22:56,545  WARN [main] txn.CompactionTxnHandler: No compaction queue record found for Compaction type transaction commit. txnId:7
2024-04-24T05:22:56,546  INFO [main] ql.TxnCommandsBaseForTests: Running the query: create table acidTblPart(a int, b int) partitioned by (p string) clustered by (a) into 2 buckets stored as orc TBLPROPERTIES ('transactional'='true')
2024-04-24T05:22:56,546  INFO [main] ql.Driver: Compiling command(queryId=alex_20240424052256_c5668bd4-2173-4fd7-bb8e-40448bea73ba): create table acidTblPart(a int, b int) partitioned by (p string) clustered by (a) into 2 buckets stored as orc TBLPROPERTIES ('transactional'='true')
2024-04-24T05:22:56,549  INFO [main] txn.TxnHandler: Added entries to MIN_HISTORY_LEVEL for current txns: ([8]) with min_open_txn: 1
2024-04-24T05:22:56,549  INFO [main] lockmgr.DbTxnManager: Opened txnid:8
2024-04-24T05:22:56,552  INFO [main] parse.CalcitePlanner: Starting caching scope for: 
2024-04-24T05:22:56,552  INFO [main] parse.CalcitePlanner: Starting Semantic Analysis
2024-04-24T05:22:56,554  INFO [main] parse.CalcitePlanner: Creating table default.acidTblPart position=13
2024-04-24T05:22:56,554  INFO [main] HiveMetaStore.audit: ugi=alex	ip=unknown-ip-addr	cmd=get_database: default	
2024-04-24T05:22:56,556  INFO [main] parse.CalcitePlanner: Ending caching scope for: 
2024-04-24T05:22:56,556  INFO [main] ql.Driver: Semantic Analysis Completed (retrial = false)
2024-04-24T05:22:56,556  INFO [main] ql.Driver: Created Hive schema: Schema(fieldSchemas:null, properties:null)
2024-04-24T05:22:56,556  INFO [main] metadata.Hive: Dumping metastore api call timing information for : compilation phase
2024-04-24T05:22:56,556  INFO [main] metadata.Hive: Total time spent in each metastore function (ms): {getDatabase_(String)=2, isCompatibleWith_(Configuration)=0, flushCache_()=0, getValidTxns_(long)=3, openTxn_(String, TxnType)=3, getValidWriteIds_(List, String)=2, commitTxn_(CommitTxnRequest)=7}
2024-04-24T05:22:56,556  INFO [main] ql.Driver: Completed compiling command(queryId=alex_20240424052256_c5668bd4-2173-4fd7-bb8e-40448bea73ba); Time taken: 0.01 seconds
2024-04-24T05:22:56,556  INFO [main] lockmgr.DbTxnManager: Setting lock request transaction to txnid:8 for queryId=alex_20240424052256_c5668bd4-2173-4fd7-bb8e-40448bea73ba
2024-04-24T05:22:56,557  INFO [main] lockmgr.DbLockManager: Requesting lock for queryId=alex_20240424052256_c5668bd4-2173-4fd7-bb8e-40448bea73ba
2024-04-24T05:22:56,568  INFO [main] lockmgr.DbLockManager: Response to queryId=alex_20240424052256_c5668bd4-2173-4fd7-bb8e-40448bea73ba LockResponse(lockid:2, state:ACQUIRED)
2024-04-24T05:22:56,568  INFO [main] ql.Driver: Operation CREATETABLE obtained 1 locks
2024-04-24T05:22:56,569  INFO [main] ql.Driver: Executing command(queryId=alex_20240424052256_c5668bd4-2173-4fd7-bb8e-40448bea73ba): create table acidTblPart(a int, b int) partitioned by (p string) clustered by (a) into 2 buckets stored as orc TBLPROPERTIES ('transactional'='true')
2024-04-24T05:22:56,569  INFO [main] ql.Driver: Starting task [Stage-0:DDL] in serial mode
2024-04-24T05:22:56,570  INFO [main] HiveMetaStore.audit: ugi=alex	ip=unknown-ip-addr	cmd=create_table_req: Table(tableName:acidTblPart, dbName:default, owner:alex, createTime:1713961376, lastAccessTime:0, retention:0, sd:StorageDescriptor(cols:[FieldSchema(name:a, type:int, comment:null), FieldSchema(name:b, type:int, comment:null)], location:null, inputFormat:org.apache.hadoop.hive.ql.io.orc.OrcInputFormat, outputFormat:org.apache.hadoop.hive.ql.io.orc.OrcOutputFormat, compressed:false, numBuckets:2, serdeInfo:SerDeInfo(name:null, serializationLib:org.apache.hadoop.hive.ql.io.orc.OrcSerde, parameters:{serialization.format=1}), bucketCols:[a], sortCols:[], parameters:{}, skewedInfo:SkewedInfo(skewedColNames:[], skewedColValues:[], skewedColValueLocationMaps:{}), storedAsSubDirectories:false), partitionKeys:[FieldSchema(name:p, type:string, comment:null)], parameters:{transactional=true, bucketing_version=2}, viewOriginalText:null, viewExpandedText:null, tableType:MANAGED_TABLE, privileges:PrincipalPrivilegeSet(userPrivileges:{alex=[PrivilegeGrantInfo(privilege:INSERT, createTime:-1, grantor:alex, grantorType:USER, grantOption:true), PrivilegeGrantInfo(privilege:SELECT, createTime:-1, grantor:alex, grantorType:USER, grantOption:true), PrivilegeGrantInfo(privilege:UPDATE, createTime:-1, grantor:alex, grantorType:USER, grantOption:true), PrivilegeGrantInfo(privilege:DELETE, createTime:-1, grantor:alex, grantorType:USER, grantOption:true)]}, groupPrivileges:null, rolePrivileges:null), temporary:false, catName:hive, ownerType:USER, writeId:0)	
2024-04-24T05:22:56,575  INFO [main] utils.FileUtils: Creating directory if it doesn't exist: file:/home/alex/Repositories/hive/ql/target/tmp/org.apache.hadoop.hive.ql.TestTxnNoBuckets-1713961246971/warehouse/acidtblpart
2024-04-24T05:22:56,589  INFO [main] metadata.Hive: Dumping metastore api call timing information for : execution phase
2024-04-24T05:22:56,589  INFO [main] metadata.Hive: Total time spent in each metastore function (ms): {createTable_(Table)=19, isCompatibleWith_(Configuration)=0}
2024-04-24T05:22:56,589  INFO [main] ql.Driver: Completed executing command(queryId=alex_20240424052256_c5668bd4-2173-4fd7-bb8e-40448bea73ba); Time taken: 0.02 seconds
2024-04-24T05:22:56,589  INFO [main] lockmgr.DbTxnManager: Stopped heartbeat for query: alex_20240424052256_c5668bd4-2173-4fd7-bb8e-40448bea73ba
2024-04-24T05:22:56,592  INFO [main] txn.TxnHandler: Expected to move at least one record from txn_components to completed_txn_components when committing txn! txnid:8
2024-04-24T05:22:56,597  INFO [main] txn.TxnHandler: Removed transactions: ([8]) from MIN_HISTORY_LEVEL
2024-04-24T05:22:56,597  WARN [main] txn.CompactionTxnHandler: No compaction queue record found for Compaction type transaction commit. txnId:8
2024-04-24T05:22:56,597  INFO [main] ql.TxnCommandsBaseForTests: Running the query: create table nonAcidOrcTbl(a int, b int) clustered by (a) into 2 buckets stored as orc TBLPROPERTIES ('transactional'='false')
2024-04-24T05:22:56,598  INFO [main] ql.Driver: Compiling command(queryId=alex_20240424052256_4503f88c-4064-4946-8983-ec928079de80): create table nonAcidOrcTbl(a int, b int) clustered by (a) into 2 buckets stored as orc TBLPROPERTIES ('transactional'='false')
2024-04-24T05:22:56,599  INFO [main] txn.TxnHandler: Added entries to MIN_HISTORY_LEVEL for current txns: ([9]) with min_open_txn: 1
2024-04-24T05:22:56,600  INFO [main] lockmgr.DbTxnManager: Opened txnid:9
2024-04-24T05:22:56,600  INFO [main] parse.CalcitePlanner: Starting caching scope for: 
2024-04-24T05:22:56,600  INFO [main] parse.CalcitePlanner: Starting Semantic Analysis
2024-04-24T05:22:56,602  INFO [main] parse.CalcitePlanner: Creating table default.nonAcidOrcTbl position=13
2024-04-24T05:22:56,602  INFO [main] HiveMetaStore.audit: ugi=alex	ip=unknown-ip-addr	cmd=get_database: default	
2024-04-24T05:22:56,604  INFO [main] parse.CalcitePlanner: Ending caching scope for: 
2024-04-24T05:22:56,604  INFO [main] ql.Driver: Semantic Analysis Completed (retrial = false)
2024-04-24T05:22:56,604  INFO [main] ql.Driver: Created Hive schema: Schema(fieldSchemas:null, properties:null)
2024-04-24T05:22:56,604  INFO [main] metadata.Hive: Dumping metastore api call timing information for : compilation phase
2024-04-24T05:22:56,604  INFO [main] metadata.Hive: Total time spent in each metastore function (ms): {getValidTxns_(long)=0, flushCache_()=0, commitTxn_(CommitTxnRequest)=8, getValidWriteIds_(List, String)=2, openTxn_(String, TxnType)=2, getDatabase_(String)=2, isCompatibleWith_(Configuration)=0}
2024-04-24T05:22:56,604  INFO [main] ql.Driver: Completed compiling command(queryId=alex_20240424052256_4503f88c-4064-4946-8983-ec928079de80); Time taken: 0.006 seconds
2024-04-24T05:22:56,604  INFO [main] lockmgr.DbTxnManager: Setting lock request transaction to txnid:9 for queryId=alex_20240424052256_4503f88c-4064-4946-8983-ec928079de80
2024-04-24T05:22:56,605  INFO [main] lockmgr.DbLockManager: Requesting lock for queryId=alex_20240424052256_4503f88c-4064-4946-8983-ec928079de80
2024-04-24T05:22:56,616  INFO [main] lockmgr.DbLockManager: Response to queryId=alex_20240424052256_4503f88c-4064-4946-8983-ec928079de80 LockResponse(lockid:3, state:ACQUIRED)
2024-04-24T05:22:56,616  INFO [main] ql.Driver: Operation CREATETABLE obtained 1 locks
2024-04-24T05:22:56,616  INFO [main] ql.Driver: Executing command(queryId=alex_20240424052256_4503f88c-4064-4946-8983-ec928079de80): create table nonAcidOrcTbl(a int, b int) clustered by (a) into 2 buckets stored as orc TBLPROPERTIES ('transactional'='false')
2024-04-24T05:22:56,616  INFO [main] ql.Driver: Starting task [Stage-0:DDL] in serial mode
2024-04-24T05:22:56,617  INFO [main] HiveMetaStore.audit: ugi=alex	ip=unknown-ip-addr	cmd=create_table_req: Table(tableName:nonAcidOrcTbl, dbName:default, owner:alex, createTime:1713961376, lastAccessTime:0, retention:0, sd:StorageDescriptor(cols:[FieldSchema(name:a, type:int, comment:null), FieldSchema(name:b, type:int, comment:null)], location:null, inputFormat:org.apache.hadoop.hive.ql.io.orc.OrcInputFormat, outputFormat:org.apache.hadoop.hive.ql.io.orc.OrcOutputFormat, compressed:false, numBuckets:2, serdeInfo:SerDeInfo(name:null, serializationLib:org.apache.hadoop.hive.ql.io.orc.OrcSerde, parameters:{serialization.format=1}), bucketCols:[a], sortCols:[], parameters:{}, skewedInfo:SkewedInfo(skewedColNames:[], skewedColValues:[], skewedColValueLocationMaps:{}), storedAsSubDirectories:false), partitionKeys:[], parameters:{bucketing_version=2, COLUMN_STATS_ACCURATE={"BASIC_STATS":"true","COLUMN_STATS":{"a":"true","b":"true"}}, transactional=false, numFiles=0, totalSize=0, numFilesErasureCoded=0, numRows=0, rawDataSize=0}, viewOriginalText:null, viewExpandedText:null, tableType:MANAGED_TABLE, privileges:PrincipalPrivilegeSet(userPrivileges:{alex=[PrivilegeGrantInfo(privilege:INSERT, createTime:-1, grantor:alex, grantorType:USER, grantOption:true), PrivilegeGrantInfo(privilege:SELECT, createTime:-1, grantor:alex, grantorType:USER, grantOption:true), PrivilegeGrantInfo(privilege:UPDATE, createTime:-1, grantor:alex, grantorType:USER, grantOption:true), PrivilegeGrantInfo(privilege:DELETE, createTime:-1, grantor:alex, grantorType:USER, grantOption:true)]}, groupPrivileges:null, rolePrivileges:null), temporary:false, catName:hive, ownerType:USER)	
2024-04-24T05:22:56,622  INFO [main] utils.FileUtils: Creating directory if it doesn't exist: file:/home/alex/Repositories/hive/ql/target/tmp/org.apache.hadoop.hive.ql.TestTxnNoBuckets-1713961246971/warehouse/nonacidorctbl
2024-04-24T05:22:56,636  INFO [main] metadata.Hive: Dumping metastore api call timing information for : execution phase
2024-04-24T05:22:56,636  INFO [main] metadata.Hive: Total time spent in each metastore function (ms): {isCompatibleWith_(Configuration)=1, createTable_(Table)=18}
2024-04-24T05:22:56,636  INFO [main] ql.Driver: Completed executing command(queryId=alex_20240424052256_4503f88c-4064-4946-8983-ec928079de80); Time taken: 0.019 seconds
2024-04-24T05:22:56,636  INFO [main] lockmgr.DbTxnManager: Stopped heartbeat for query: alex_20240424052256_4503f88c-4064-4946-8983-ec928079de80
2024-04-24T05:22:56,639  INFO [main] txn.TxnHandler: Expected to move at least one record from txn_components to completed_txn_components when committing txn! txnid:9
2024-04-24T05:22:56,643  INFO [main] txn.TxnHandler: Removed transactions: ([9]) from MIN_HISTORY_LEVEL
2024-04-24T05:22:56,644  WARN [main] txn.CompactionTxnHandler: No compaction queue record found for Compaction type transaction commit. txnId:9
2024-04-24T05:22:56,644  INFO [main] ql.TxnCommandsBaseForTests: Running the query: create table nonAcidOrcTbl2(a int, b int) clustered by (a) into 2 buckets stored as orc TBLPROPERTIES ('transactional'='false')
2024-04-24T05:22:56,644  INFO [main] ql.Driver: Compiling command(queryId=alex_20240424052256_8e037b9d-1801-4e12-ba46-856eb0ca0abe): create table nonAcidOrcTbl2(a int, b int) clustered by (a) into 2 buckets stored as orc TBLPROPERTIES ('transactional'='false')
2024-04-24T05:22:56,646  INFO [main] txn.TxnHandler: Added entries to MIN_HISTORY_LEVEL for current txns: ([10]) with min_open_txn: 1
2024-04-24T05:22:56,647  INFO [main] lockmgr.DbTxnManager: Opened txnid:10
2024-04-24T05:22:56,647  INFO [main] parse.CalcitePlanner: Starting caching scope for: 
2024-04-24T05:22:56,647  INFO [main] parse.CalcitePlanner: Starting Semantic Analysis
2024-04-24T05:22:56,649  INFO [main] parse.CalcitePlanner: Creating table default.nonAcidOrcTbl2 position=13
2024-04-24T05:22:56,649  INFO [main] HiveMetaStore.audit: ugi=alex	ip=unknown-ip-addr	cmd=get_database: default	
2024-04-24T05:22:56,651  INFO [main] parse.CalcitePlanner: Ending caching scope for: 
2024-04-24T05:22:56,651  INFO [main] ql.Driver: Semantic Analysis Completed (retrial = false)
2024-04-24T05:22:56,651  INFO [main] ql.Driver: Created Hive schema: Schema(fieldSchemas:null, properties:null)
2024-04-24T05:22:56,651  INFO [main] metadata.Hive: Dumping metastore api call timing information for : compilation phase
2024-04-24T05:22:56,651  INFO [main] metadata.Hive: Total time spent in each metastore function (ms): {commitTxn_(CommitTxnRequest)=8, getValidWriteIds_(List, String)=2, flushCache_()=0, getDatabase_(String)=2, openTxn_(String, TxnType)=2, getValidTxns_(long)=0, isCompatibleWith_(Configuration)=0}
2024-04-24T05:22:56,651  INFO [main] ql.Driver: Completed compiling command(queryId=alex_20240424052256_8e037b9d-1801-4e12-ba46-856eb0ca0abe); Time taken: 0.007 seconds
2024-04-24T05:22:56,652  INFO [main] lockmgr.DbTxnManager: Setting lock request transaction to txnid:10 for queryId=alex_20240424052256_8e037b9d-1801-4e12-ba46-856eb0ca0abe
2024-04-24T05:22:56,652  INFO [main] lockmgr.DbLockManager: Requesting lock for queryId=alex_20240424052256_8e037b9d-1801-4e12-ba46-856eb0ca0abe
2024-04-24T05:22:56,663  INFO [main] lockmgr.DbLockManager: Response to queryId=alex_20240424052256_8e037b9d-1801-4e12-ba46-856eb0ca0abe LockResponse(lockid:4, state:ACQUIRED)
2024-04-24T05:22:56,664  INFO [main] ql.Driver: Operation CREATETABLE obtained 1 locks
2024-04-24T05:22:56,664  INFO [main] ql.Driver: Executing command(queryId=alex_20240424052256_8e037b9d-1801-4e12-ba46-856eb0ca0abe): create table nonAcidOrcTbl2(a int, b int) clustered by (a) into 2 buckets stored as orc TBLPROPERTIES ('transactional'='false')
2024-04-24T05:22:56,664  INFO [main] ql.Driver: Starting task [Stage-0:DDL] in serial mode
2024-04-24T05:22:56,665  INFO [main] HiveMetaStore.audit: ugi=alex	ip=unknown-ip-addr	cmd=create_table_req: Table(tableName:nonAcidOrcTbl2, dbName:default, owner:alex, createTime:1713961376, lastAccessTime:0, retention:0, sd:StorageDescriptor(cols:[FieldSchema(name:a, type:int, comment:null), FieldSchema(name:b, type:int, comment:null)], location:null, inputFormat:org.apache.hadoop.hive.ql.io.orc.OrcInputFormat, outputFormat:org.apache.hadoop.hive.ql.io.orc.OrcOutputFormat, compressed:false, numBuckets:2, serdeInfo:SerDeInfo(name:null, serializationLib:org.apache.hadoop.hive.ql.io.orc.OrcSerde, parameters:{serialization.format=1}), bucketCols:[a], sortCols:[], parameters:{}, skewedInfo:SkewedInfo(skewedColNames:[], skewedColValues:[], skewedColValueLocationMaps:{}), storedAsSubDirectories:false), partitionKeys:[], parameters:{COLUMN_STATS_ACCURATE={"BASIC_STATS":"true","COLUMN_STATS":{"a":"true","b":"true"}}, numRows=0, transactional=false, rawDataSize=0, numFilesErasureCoded=0, totalSize=0, bucketing_version=2, numFiles=0}, viewOriginalText:null, viewExpandedText:null, tableType:MANAGED_TABLE, privileges:PrincipalPrivilegeSet(userPrivileges:{alex=[PrivilegeGrantInfo(privilege:INSERT, createTime:-1, grantor:alex, grantorType:USER, grantOption:true), PrivilegeGrantInfo(privilege:SELECT, createTime:-1, grantor:alex, grantorType:USER, grantOption:true), PrivilegeGrantInfo(privilege:UPDATE, createTime:-1, grantor:alex, grantorType:USER, grantOption:true), PrivilegeGrantInfo(privilege:DELETE, createTime:-1, grantor:alex, grantorType:USER, grantOption:true)]}, groupPrivileges:null, rolePrivileges:null), temporary:false, catName:hive, ownerType:USER)	
2024-04-24T05:22:56,669  INFO [main] utils.FileUtils: Creating directory if it doesn't exist: file:/home/alex/Repositories/hive/ql/target/tmp/org.apache.hadoop.hive.ql.TestTxnNoBuckets-1713961246971/warehouse/nonacidorctbl2
2024-04-24T05:22:56,689  INFO [main] metadata.Hive: Dumping metastore api call timing information for : execution phase
2024-04-24T05:22:56,689  INFO [main] metadata.Hive: Total time spent in each metastore function (ms): {createTable_(Table)=25, isCompatibleWith_(Configuration)=0}
2024-04-24T05:22:56,689  INFO [main] ql.Driver: Completed executing command(queryId=alex_20240424052256_8e037b9d-1801-4e12-ba46-856eb0ca0abe); Time taken: 0.025 seconds
2024-04-24T05:22:56,689  INFO [main] lockmgr.DbTxnManager: Stopped heartbeat for query: alex_20240424052256_8e037b9d-1801-4e12-ba46-856eb0ca0abe
2024-04-24T05:22:56,692  INFO [main] txn.TxnHandler: Expected to move at least one record from txn_components to completed_txn_components when committing txn! txnid:10
2024-04-24T05:22:56,697  INFO [main] txn.TxnHandler: Removed transactions: ([10]) from MIN_HISTORY_LEVEL
2024-04-24T05:22:56,697  WARN [main] txn.CompactionTxnHandler: No compaction queue record found for Compaction type transaction commit. txnId:10
2024-04-24T05:22:56,697  INFO [main] ql.TxnCommandsBaseForTests: Running the query: create temporary  table acidTbl2(a int, b int, c int) clustered by (c) into 2 buckets stored as orc TBLPROPERTIES ('transactional'='true')
2024-04-24T05:22:56,698  INFO [main] ql.Driver: Compiling command(queryId=alex_20240424052256_efd7571b-9934-4c1e-bfd1-d2fdf5666e62): create temporary  table acidTbl2(a int, b int, c int) clustered by (c) into 2 buckets stored as orc TBLPROPERTIES ('transactional'='true')
2024-04-24T05:22:56,700  INFO [main] txn.TxnHandler: Added entries to MIN_HISTORY_LEVEL for current txns: ([11]) with min_open_txn: 1
2024-04-24T05:22:56,700  INFO [main] lockmgr.DbTxnManager: Opened txnid:11
2024-04-24T05:22:56,700  INFO [main] parse.CalcitePlanner: Starting caching scope for: 
2024-04-24T05:22:56,700  INFO [main] parse.CalcitePlanner: Starting Semantic Analysis
2024-04-24T05:22:56,702  INFO [main] parse.CalcitePlanner: Creating table default.acidTbl2 position=24
2024-04-24T05:22:56,703  INFO [main] HiveMetaStore.audit: ugi=alex	ip=unknown-ip-addr	cmd=get_database: default	
2024-04-24T05:22:56,704  INFO [main] parse.CalcitePlanner: Ending caching scope for: 
2024-04-24T05:22:56,704  INFO [main] ql.Driver: Semantic Analysis Completed (retrial = false)
2024-04-24T05:22:56,704  INFO [main] ql.Driver: Created Hive schema: Schema(fieldSchemas:null, properties:null)
2024-04-24T05:22:56,704  INFO [main] metadata.Hive: Dumping metastore api call timing information for : compilation phase
2024-04-24T05:22:56,704  INFO [main] metadata.Hive: Total time spent in each metastore function (ms): {getValidWriteIds_(List, String)=1, isCompatibleWith_(Configuration)=0, commitTxn_(CommitTxnRequest)=8, getDatabase_(String)=1, openTxn_(String, TxnType)=2, getValidTxns_(long)=0, flushCache_()=0}
2024-04-24T05:22:56,705  INFO [main] ql.Driver: Completed compiling command(queryId=alex_20240424052256_efd7571b-9934-4c1e-bfd1-d2fdf5666e62); Time taken: 0.006 seconds
2024-04-24T05:22:56,705  INFO [main] lockmgr.DbTxnManager: Setting lock request transaction to txnid:11 for queryId=alex_20240424052256_efd7571b-9934-4c1e-bfd1-d2fdf5666e62
2024-04-24T05:22:56,705  INFO [main] lockmgr.DbLockManager: Requesting lock for queryId=alex_20240424052256_efd7571b-9934-4c1e-bfd1-d2fdf5666e62
2024-04-24T05:22:56,717  INFO [main] lockmgr.DbLockManager: Response to queryId=alex_20240424052256_efd7571b-9934-4c1e-bfd1-d2fdf5666e62 LockResponse(lockid:5, state:ACQUIRED)
2024-04-24T05:22:56,717  INFO [main] ql.Driver: Operation CREATETABLE obtained 1 locks
2024-04-24T05:22:56,718  INFO [main] ql.Driver: Executing command(queryId=alex_20240424052256_efd7571b-9934-4c1e-bfd1-d2fdf5666e62): create temporary  table acidTbl2(a int, b int, c int) clustered by (c) into 2 buckets stored as orc TBLPROPERTIES ('transactional'='true')
2024-04-24T05:22:56,718  INFO [main] ql.Driver: Starting task [Stage-0:DDL] in serial mode
2024-04-24T05:22:56,719  INFO [main] utils.FileUtils: Creating directory if it doesn't exist: file:/home/alex/Repositories/hive/ql/target/tmp/scratchdir/alex/6d9c63d3-2d1f-4358-8a15-6e001754314a/_tmp_space.db/2468e9c4-68c7-4e38-8c03-e4fd082ad94c
2024-04-24T05:22:56,722  INFO [main] metadata.Hive: Dumping metastore api call timing information for : execution phase
2024-04-24T05:22:56,722  INFO [main] metadata.Hive: Total time spent in each metastore function (ms): {createTable_(Table)=3, isCompatibleWith_(Configuration)=0}
2024-04-24T05:22:56,722  INFO [main] ql.Driver: Completed executing command(queryId=alex_20240424052256_efd7571b-9934-4c1e-bfd1-d2fdf5666e62); Time taken: 0.004 seconds
2024-04-24T05:22:56,722  INFO [main] lockmgr.DbTxnManager: Stopped heartbeat for query: alex_20240424052256_efd7571b-9934-4c1e-bfd1-d2fdf5666e62
2024-04-24T05:22:56,726  INFO [main] txn.TxnHandler: Expected to move at least one record from txn_components to completed_txn_components when committing txn! txnid:11
2024-04-24T05:22:56,731  INFO [main] txn.TxnHandler: Removed transactions: ([11]) from MIN_HISTORY_LEVEL
2024-04-24T05:22:56,731  WARN [main] txn.CompactionTxnHandler: No compaction queue record found for Compaction type transaction commit. txnId:11
2024-04-24T05:22:56,732  INFO [main] ql.TxnCommandsBaseForTests: Running the query: create table nonAcidNonBucket(a int, b int) stored as orc TBLPROPERTIES ('transactional'='false')
2024-04-24T05:22:56,732  INFO [main] ql.Driver: Compiling command(queryId=alex_20240424052256_dfd0ee34-c689-4e8d-8724-92d72416546a): create table nonAcidNonBucket(a int, b int) stored as orc TBLPROPERTIES ('transactional'='false')
2024-04-24T05:22:56,734  INFO [main] txn.TxnHandler: Added entries to MIN_HISTORY_LEVEL for current txns: ([12]) with min_open_txn: 1
2024-04-24T05:22:56,734  INFO [main] lockmgr.DbTxnManager: Opened txnid:12
2024-04-24T05:22:56,735  INFO [main] parse.CalcitePlanner: Starting caching scope for: 
2024-04-24T05:22:56,735  INFO [main] parse.CalcitePlanner: Starting Semantic Analysis
2024-04-24T05:22:56,737  INFO [main] parse.CalcitePlanner: Creating table default.nonAcidNonBucket position=13
2024-04-24T05:22:56,737  INFO [main] HiveMetaStore.audit: ugi=alex	ip=unknown-ip-addr	cmd=get_database: default	
2024-04-24T05:22:56,739  INFO [main] parse.CalcitePlanner: Ending caching scope for: 
2024-04-24T05:22:56,739  INFO [main] ql.Driver: Semantic Analysis Completed (retrial = false)
2024-04-24T05:22:56,739  INFO [main] ql.Driver: Created Hive schema: Schema(fieldSchemas:null, properties:null)
2024-04-24T05:22:56,739  INFO [main] metadata.Hive: Dumping metastore api call timing information for : compilation phase
2024-04-24T05:22:56,739  INFO [main] metadata.Hive: Total time spent in each metastore function (ms): {getValidTxns_(long)=1, openTxn_(String, TxnType)=2, isCompatibleWith_(Configuration)=1, commitTxn_(CommitTxnRequest)=8, getDatabase_(String)=1, flushCache_()=0, getValidWriteIds_(List, String)=2}
2024-04-24T05:22:56,739  INFO [main] ql.Driver: Completed compiling command(queryId=alex_20240424052256_dfd0ee34-c689-4e8d-8724-92d72416546a); Time taken: 0.007 seconds
2024-04-24T05:22:56,739  INFO [main] lockmgr.DbTxnManager: Setting lock request transaction to txnid:12 for queryId=alex_20240424052256_dfd0ee34-c689-4e8d-8724-92d72416546a
2024-04-24T05:22:56,739  INFO [main] lockmgr.DbLockManager: Requesting lock for queryId=alex_20240424052256_dfd0ee34-c689-4e8d-8724-92d72416546a
2024-04-24T05:22:56,757  INFO [main] lockmgr.DbLockManager: Response to queryId=alex_20240424052256_dfd0ee34-c689-4e8d-8724-92d72416546a LockResponse(lockid:6, state:ACQUIRED)
2024-04-24T05:22:56,757  INFO [main] ql.Driver: Operation CREATETABLE obtained 1 locks
2024-04-24T05:22:56,757  INFO [main] ql.Driver: Executing command(queryId=alex_20240424052256_dfd0ee34-c689-4e8d-8724-92d72416546a): create table nonAcidNonBucket(a int, b int) stored as orc TBLPROPERTIES ('transactional'='false')
2024-04-24T05:22:56,757  INFO [main] ql.Driver: Starting task [Stage-0:DDL] in serial mode
2024-04-24T05:22:56,759  INFO [main] HiveMetaStore.audit: ugi=alex	ip=unknown-ip-addr	cmd=create_table_req: Table(tableName:nonAcidNonBucket, dbName:default, owner:alex, createTime:1713961376, lastAccessTime:0, retention:0, sd:StorageDescriptor(cols:[FieldSchema(name:a, type:int, comment:null), FieldSchema(name:b, type:int, comment:null)], location:null, inputFormat:org.apache.hadoop.hive.ql.io.orc.OrcInputFormat, outputFormat:org.apache.hadoop.hive.ql.io.orc.OrcOutputFormat, compressed:false, numBuckets:-1, serdeInfo:SerDeInfo(name:null, serializationLib:org.apache.hadoop.hive.ql.io.orc.OrcSerde, parameters:{serialization.format=1}), bucketCols:[], sortCols:[], parameters:{}, skewedInfo:SkewedInfo(skewedColNames:[], skewedColValues:[], skewedColValueLocationMaps:{}), storedAsSubDirectories:false), partitionKeys:[], parameters:{bucketing_version=2, totalSize=0, numRows=0, rawDataSize=0, COLUMN_STATS_ACCURATE={"BASIC_STATS":"true","COLUMN_STATS":{"a":"true","b":"true"}}, numFilesErasureCoded=0, transactional=false, numFiles=0}, viewOriginalText:null, viewExpandedText:null, tableType:MANAGED_TABLE, privileges:PrincipalPrivilegeSet(userPrivileges:{alex=[PrivilegeGrantInfo(privilege:INSERT, createTime:-1, grantor:alex, grantorType:USER, grantOption:true), PrivilegeGrantInfo(privilege:SELECT, createTime:-1, grantor:alex, grantorType:USER, grantOption:true), PrivilegeGrantInfo(privilege:UPDATE, createTime:-1, grantor:alex, grantorType:USER, grantOption:true), PrivilegeGrantInfo(privilege:DELETE, createTime:-1, grantor:alex, grantorType:USER, grantOption:true)]}, groupPrivileges:null, rolePrivileges:null), temporary:false, catName:hive, ownerType:USER)	
2024-04-24T05:22:56,767  INFO [main] utils.FileUtils: Creating directory if it doesn't exist: file:/home/alex/Repositories/hive/ql/target/tmp/org.apache.hadoop.hive.ql.TestTxnNoBuckets-1713961246971/warehouse/nonacidnonbucket
2024-04-24T05:22:56,782  INFO [main] metadata.Hive: Dumping metastore api call timing information for : execution phase
2024-04-24T05:22:56,783  INFO [main] metadata.Hive: Total time spent in each metastore function (ms): {createTable_(Table)=24, isCompatibleWith_(Configuration)=1}
2024-04-24T05:22:56,783  INFO [main] ql.Driver: Completed executing command(queryId=alex_20240424052256_dfd0ee34-c689-4e8d-8724-92d72416546a); Time taken: 0.025 seconds
2024-04-24T05:22:56,783  INFO [main] lockmgr.DbTxnManager: Stopped heartbeat for query: alex_20240424052256_dfd0ee34-c689-4e8d-8724-92d72416546a
2024-04-24T05:22:56,786  INFO [main] txn.TxnHandler: Expected to move at least one record from txn_components to completed_txn_components when committing txn! txnid:12
2024-04-24T05:22:56,791  INFO [main] txn.TxnHandler: Removed transactions: ([12]) from MIN_HISTORY_LEVEL
2024-04-24T05:22:56,791  WARN [main] txn.CompactionTxnHandler: No compaction queue record found for Compaction type transaction commit. txnId:12
2024-04-24T05:22:56,791  INFO [main] ql.TxnCommandsBaseForTests: Running the query: drop table if exists tmp
2024-04-24T05:22:56,792  INFO [main] ql.Driver: Compiling command(queryId=alex_20240424052256_26fd90a4-8c51-4ab5-824d-3ad21d80ec96): drop table if exists tmp
2024-04-24T05:22:56,793  INFO [main] txn.TxnHandler: Added entries to MIN_HISTORY_LEVEL for current txns: ([13]) with min_open_txn: 1
2024-04-24T05:22:56,794  INFO [main] lockmgr.DbTxnManager: Opened txnid:13
2024-04-24T05:22:56,794  INFO [main] HiveMetaStore.audit: ugi=alex	ip=unknown-ip-addr	cmd=get_table : tbl=hive.default.tmp	
2024-04-24T05:22:56,822  INFO [main] metastore.HMSHandler: Skipping translation for processor with null
2024-04-24T05:22:56,822  INFO [main] ql.Driver: Semantic Analysis Completed (retrial = false)
2024-04-24T05:22:56,822  INFO [main] ql.Driver: Created Hive schema: Schema(fieldSchemas:null, properties:null)
2024-04-24T05:22:56,822  INFO [main] metadata.Hive: Dumping metastore api call timing information for : compilation phase
2024-04-24T05:22:56,823  INFO [main] metadata.Hive: Total time spent in each metastore function (ms): {commitTxn_(CommitTxnRequest)=8, isCompatibleWith_(Configuration)=0, flushCache_()=0, getValidTxns_(long)=0, getTable_(GetTableRequest)=28, openTxn_(String, TxnType)=2}
2024-04-24T05:22:56,823  INFO [main] ql.Driver: Completed compiling command(queryId=alex_20240424052256_26fd90a4-8c51-4ab5-824d-3ad21d80ec96); Time taken: 0.03 seconds
2024-04-24T05:22:56,823  INFO [main] lockmgr.DbTxnManager: Setting lock request transaction to txnid:13 for queryId=alex_20240424052256_26fd90a4-8c51-4ab5-824d-3ad21d80ec96
2024-04-24T05:22:56,824  INFO [main] lockmgr.DbLockManager: Requesting lock for queryId=alex_20240424052256_26fd90a4-8c51-4ab5-824d-3ad21d80ec96
2024-04-24T05:22:56,840  INFO [main] lockmgr.DbLockManager: Response to queryId=alex_20240424052256_26fd90a4-8c51-4ab5-824d-3ad21d80ec96 LockResponse(lockid:7, state:ACQUIRED)
2024-04-24T05:22:56,840  INFO [main] ql.Driver: Operation DROPTABLE obtained 1 locks
2024-04-24T05:22:56,840  INFO [main] ql.Driver: Executing command(queryId=alex_20240424052256_26fd90a4-8c51-4ab5-824d-3ad21d80ec96): drop table if exists tmp
2024-04-24T05:22:56,840  INFO [main] ql.Driver: Starting task [Stage-0:DDL] in serial mode
2024-04-24T05:22:56,840  INFO [main] HiveMetaStore.audit: ugi=alex	ip=unknown-ip-addr	cmd=get_table : tbl=hive.default.tmp	
2024-04-24T05:22:56,848  INFO [main] metastore.HMSHandler: Skipping translation for processor with null
2024-04-24T05:22:56,848  INFO [main] HiveMetaStore.audit: ugi=alex	ip=unknown-ip-addr	cmd=get_table : tbl=hive.default.tmp	
2024-04-24T05:22:56,855  INFO [main] metastore.HMSHandler: Skipping translation for processor with null
2024-04-24T05:22:56,855  INFO [main] HiveMetaStore.audit: ugi=alex	ip=unknown-ip-addr	cmd=drop_table : tbl=hive.default.tmp	
2024-04-24T05:22:56,959  WARN [main] utils.FileUtils: File file:/home/alex/Repositories/hive/ql/target/tmp/org.apache.hadoop.hive.ql.TestTxnNoBuckets-1713961246971/warehouse/tmp does not exist; Force to delete it.
2024-04-24T05:22:56,959 ERROR [main] utils.FileUtils: Failed to delete file:/home/alex/Repositories/hive/ql/target/tmp/org.apache.hadoop.hive.ql.TestTxnNoBuckets-1713961246971/warehouse/tmp
2024-04-24T05:22:56,959  INFO [main] metadata.Hive: Dumping metastore api call timing information for : execution phase
2024-04-24T05:22:56,960  INFO [main] metadata.Hive: Total time spent in each metastore function (ms): {getTable_(GetTableRequest)=8, isCompatibleWith_(Configuration)=0, dropTable_(String, String, boolean, boolean, boolean)=111}
2024-04-24T05:22:56,960  INFO [main] ql.Driver: Completed executing command(queryId=alex_20240424052256_26fd90a4-8c51-4ab5-824d-3ad21d80ec96); Time taken: 0.119 seconds
2024-04-24T05:22:56,960  INFO [main] lockmgr.DbTxnManager: Stopped heartbeat for query: alex_20240424052256_26fd90a4-8c51-4ab5-824d-3ad21d80ec96
2024-04-24T05:22:56,963  INFO [main] txn.TxnHandler: Expected to move at least one record from txn_components to completed_txn_components when committing txn! txnid:13
2024-04-24T05:22:56,968  INFO [main] txn.TxnHandler: Removed transactions: ([13]) from MIN_HISTORY_LEVEL
2024-04-24T05:22:56,968  WARN [main] txn.CompactionTxnHandler: No compaction queue record found for Compaction type transaction commit. txnId:13
2024-04-24T05:22:56,968  INFO [main] ql.TxnCommandsBaseForTests: Running the query: create table tmp (c1 integer, c2 integer, c3 integer) stored as orc tblproperties('transactional'='false')
2024-04-24T05:22:56,969  INFO [main] ql.Driver: Compiling command(queryId=alex_20240424052256_a333461f-f9b0-48ce-9e2f-677075996fc8): create table tmp (c1 integer, c2 integer, c3 integer) stored as orc tblproperties('transactional'='false')
2024-04-24T05:22:56,970  INFO [main] txn.TxnHandler: Added entries to MIN_HISTORY_LEVEL for current txns: ([14]) with min_open_txn: 1
2024-04-24T05:22:56,971  INFO [main] lockmgr.DbTxnManager: Opened txnid:14
2024-04-24T05:22:56,971  INFO [main] parse.CalcitePlanner: Starting caching scope for: 
2024-04-24T05:22:56,971  INFO [main] parse.CalcitePlanner: Starting Semantic Analysis
2024-04-24T05:22:56,975  INFO [main] parse.CalcitePlanner: Creating table default.tmp position=13
2024-04-24T05:22:56,976  INFO [main] HiveMetaStore.audit: ugi=alex	ip=unknown-ip-addr	cmd=get_database: default	
2024-04-24T05:22:56,977  INFO [main] parse.CalcitePlanner: Ending caching scope for: 
2024-04-24T05:22:56,977  INFO [main] ql.Driver: Semantic Analysis Completed (retrial = false)
2024-04-24T05:22:56,977  INFO [main] ql.Driver: Created Hive schema: Schema(fieldSchemas:null, properties:null)
2024-04-24T05:22:56,977  INFO [main] metadata.Hive: Dumping metastore api call timing information for : compilation phase
2024-04-24T05:22:56,977  INFO [main] metadata.Hive: Total time spent in each metastore function (ms): {getValidWriteIds_(List, String)=4, openTxn_(String, TxnType)=2, flushCache_()=0, isCompatibleWith_(Configuration)=0, commitTxn_(CommitTxnRequest)=8, getDatabase_(String)=2, getValidTxns_(long)=0}
2024-04-24T05:22:56,977  INFO [main] ql.Driver: Completed compiling command(queryId=alex_20240424052256_a333461f-f9b0-48ce-9e2f-677075996fc8); Time taken: 0.009 seconds
2024-04-24T05:22:56,978  INFO [main] lockmgr.DbTxnManager: Setting lock request transaction to txnid:14 for queryId=alex_20240424052256_a333461f-f9b0-48ce-9e2f-677075996fc8
2024-04-24T05:22:56,978  INFO [main] lockmgr.DbLockManager: Requesting lock for queryId=alex_20240424052256_a333461f-f9b0-48ce-9e2f-677075996fc8
2024-04-24T05:22:56,990  INFO [main] lockmgr.DbLockManager: Response to queryId=alex_20240424052256_a333461f-f9b0-48ce-9e2f-677075996fc8 LockResponse(lockid:8, state:ACQUIRED)
2024-04-24T05:22:56,990  INFO [main] ql.Driver: Operation CREATETABLE obtained 1 locks
2024-04-24T05:22:56,990  INFO [main] ql.Driver: Executing command(queryId=alex_20240424052256_a333461f-f9b0-48ce-9e2f-677075996fc8): create table tmp (c1 integer, c2 integer, c3 integer) stored as orc tblproperties('transactional'='false')
2024-04-24T05:22:56,990  INFO [main] ql.Driver: Starting task [Stage-0:DDL] in serial mode
2024-04-24T05:22:56,991  INFO [main] HiveMetaStore.audit: ugi=alex	ip=unknown-ip-addr	cmd=create_table_req: Table(tableName:tmp, dbName:default, owner:alex, createTime:1713961376, lastAccessTime:0, retention:0, sd:StorageDescriptor(cols:[FieldSchema(name:c1, type:int, comment:null), FieldSchema(name:c2, type:int, comment:null), FieldSchema(name:c3, type:int, comment:null)], location:null, inputFormat:org.apache.hadoop.hive.ql.io.orc.OrcInputFormat, outputFormat:org.apache.hadoop.hive.ql.io.orc.OrcOutputFormat, compressed:false, numBuckets:-1, serdeInfo:SerDeInfo(name:null, serializationLib:org.apache.hadoop.hive.ql.io.orc.OrcSerde, parameters:{serialization.format=1}), bucketCols:[], sortCols:[], parameters:{}, skewedInfo:SkewedInfo(skewedColNames:[], skewedColValues:[], skewedColValueLocationMaps:{}), storedAsSubDirectories:false), partitionKeys:[], parameters:{numRows=0, bucketing_version=2, COLUMN_STATS_ACCURATE={"BASIC_STATS":"true","COLUMN_STATS":{"c1":"true","c2":"true","c3":"true"}}, transactional=false, rawDataSize=0, numFilesErasureCoded=0, totalSize=0, numFiles=0}, viewOriginalText:null, viewExpandedText:null, tableType:MANAGED_TABLE, privileges:PrincipalPrivilegeSet(userPrivileges:{alex=[PrivilegeGrantInfo(privilege:INSERT, createTime:-1, grantor:alex, grantorType:USER, grantOption:true), PrivilegeGrantInfo(privilege:SELECT, createTime:-1, grantor:alex, grantorType:USER, grantOption:true), PrivilegeGrantInfo(privilege:UPDATE, createTime:-1, grantor:alex, grantorType:USER, grantOption:true), PrivilegeGrantInfo(privilege:DELETE, createTime:-1, grantor:alex, grantorType:USER, grantOption:true)]}, groupPrivileges:null, rolePrivileges:null), temporary:false, catName:hive, ownerType:USER)	
2024-04-24T05:22:56,996  INFO [main] utils.FileUtils: Creating directory if it doesn't exist: file:/home/alex/Repositories/hive/ql/target/tmp/org.apache.hadoop.hive.ql.TestTxnNoBuckets-1713961246971/warehouse/tmp
2024-04-24T05:22:57,024  INFO [main] metadata.Hive: Dumping metastore api call timing information for : execution phase
2024-04-24T05:22:57,024  INFO [main] metadata.Hive: Total time spent in each metastore function (ms): {createTable_(Table)=33, isCompatibleWith_(Configuration)=0}
2024-04-24T05:22:57,024  INFO [main] ql.Driver: Completed executing command(queryId=alex_20240424052256_a333461f-f9b0-48ce-9e2f-677075996fc8); Time taken: 0.034 seconds
2024-04-24T05:22:57,024  INFO [main] lockmgr.DbTxnManager: Stopped heartbeat for query: alex_20240424052256_a333461f-f9b0-48ce-9e2f-677075996fc8
2024-04-24T05:22:57,027  INFO [main] txn.TxnHandler: Expected to move at least one record from txn_components to completed_txn_components when committing txn! txnid:14
2024-04-24T05:22:57,032  INFO [main] txn.TxnHandler: Removed transactions: ([14]) from MIN_HISTORY_LEVEL
2024-04-24T05:22:57,032  WARN [main] txn.CompactionTxnHandler: No compaction queue record found for Compaction type transaction commit. txnId:14
2024-04-24T05:22:57,033  INFO [main] ql.TxnCommandsBaseForTests: Running the query: insert into tmp  values(0,0,0),(3,3,3)
2024-04-24T05:22:57,033  INFO [main] ql.Driver: Compiling command(queryId=alex_20240424052257_2a72e84e-dfb3-4a61-b0b4-d868849d31fe): insert into tmp  values(0,0,0),(3,3,3)
2024-04-24T05:22:57,035  INFO [main] txn.TxnHandler: Added entries to MIN_HISTORY_LEVEL for current txns: ([15]) with min_open_txn: 1
2024-04-24T05:22:57,036  INFO [main] lockmgr.DbTxnManager: Opened txnid:15
2024-04-24T05:22:57,036  INFO [main] parse.CalcitePlanner: Starting caching scope for: 
2024-04-24T05:22:57,036  INFO [main] parse.CalcitePlanner: Starting Semantic Analysis
2024-04-24T05:22:57,039  INFO [main] HiveMetaStore.audit: ugi=alex	ip=unknown-ip-addr	cmd=get_table : tbl=hive.default.tmp	
2024-04-24T05:22:57,072  INFO [main] metastore.HMSHandler: Skipping translation for processor with null
2024-04-24T05:22:57,073  INFO [main] parse.CalcitePlanner: Completed phase 1 of Semantic Analysis
2024-04-24T05:22:57,073  INFO [main] parse.CalcitePlanner: Get metadata for source tables
2024-04-24T05:22:57,073  INFO [main] parse.CalcitePlanner: Get metadata for subqueries
2024-04-24T05:22:57,073  INFO [main] parse.CalcitePlanner: Get metadata for destination tables
2024-04-24T05:22:57,073  INFO [main] HiveMetaStore.audit: ugi=alex	ip=unknown-ip-addr	cmd=get_table : tbl=hive.default.tmp	
2024-04-24T05:22:57,083  INFO [main] metastore.HMSHandler: Skipping translation for processor with null
2024-04-24T05:22:57,083  INFO [main] parse.CalcitePlanner: Completed getting MetaData in Semantic Analysis
2024-04-24T05:22:57,083  INFO [main] parse.CalcitePlanner: Disabling LLAP IO encode as ETL query is detected
2024-04-24T05:22:57,102  INFO [main] HiveMetaStore.audit: ugi=alex	ip=unknown-ip-addr	cmd=get_all_table_constraints : tbl=hive._dummy_database._dummy_table	
2024-04-24T05:22:57,167  INFO [main] parse.CalcitePlanner: Get metadata for source tables
2024-04-24T05:22:57,167  INFO [main] parse.CalcitePlanner: Get metadata for subqueries
2024-04-24T05:22:57,167  INFO [main] parse.CalcitePlanner: Get metadata for source tables
2024-04-24T05:22:57,168  INFO [main] HiveMetaStore.audit: ugi=alex	ip=unknown-ip-addr	cmd=get_table : tbl=hive._dummy_database._dummy_table	
2024-04-24T05:22:57,170  INFO [main] parse.CalcitePlanner: Get metadata for subqueries
2024-04-24T05:22:57,170  INFO [main] parse.CalcitePlanner: Get metadata for destination tables
2024-04-24T05:22:57,170  INFO [main] parse.CalcitePlanner: Get metadata for destination tables
2024-04-24T05:22:57,170  INFO [main] HiveMetaStore.audit: ugi=alex	ip=unknown-ip-addr	cmd=get_table : tbl=hive.default.tmp	
2024-04-24T05:22:57,179  INFO [main] metastore.HMSHandler: Skipping translation for processor with null
2024-04-24T05:22:57,180  INFO [main] common.FileUtils: Creating directory if it doesn't exist: file:/home/alex/Repositories/hive/ql/target/tmp/org.apache.hadoop.hive.ql.TestTxnNoBuckets-1713961246971/warehouse/tmp/.hive-staging_hive_2024-04-24_05-22-57_033_230123800514754233-1
2024-04-24T05:22:57,182  INFO [main] HiveMetaStore.audit: ugi=alex	ip=unknown-ip-addr	cmd=get_not_null_constraints : tbl=hive.default.tmp	
2024-04-24T05:22:57,184  INFO [main] HiveMetaStore.audit: ugi=alex	ip=unknown-ip-addr	cmd=get_check_constraints : tbl=hive.default.tmp	
2024-04-24T05:22:57,185  INFO [main] parse.CalcitePlanner: CBO Succeeded; optimized logical plan.
2024-04-24T05:22:57,187  INFO [main] optimizer.BucketVersionPopulator: not considering bucketingVersion for: TS[0] because it has -1<2 buckets 
2024-04-24T05:22:57,188  INFO [main] optimizer.SortedDynPartitionOptimizer: Sorted dynamic partitioning optimization kicked in..
2024-04-24T05:22:57,196  INFO [main] HiveMetaStore.audit: ugi=alex	ip=unknown-ip-addr	cmd=get_table : tbl=hive.default.tmp	
2024-04-24T05:22:57,205  INFO [main] metastore.HMSHandler: Skipping translation for processor with null
2024-04-24T05:22:57,205  INFO [main] optimizer.GenMRFileSink1: using CombineHiveInputformat for the merge job
2024-04-24T05:22:57,206  INFO [main] HiveMetaStore.audit: ugi=alex	ip=unknown-ip-addr	cmd=get_table : tbl=hive.default.tmp	
2024-04-24T05:22:57,215  INFO [main] metastore.HMSHandler: Skipping translation for processor with null
2024-04-24T05:22:57,216  INFO [main] parse.CalcitePlanner: Completed plan generation
2024-04-24T05:22:57,216  INFO [main] parse.CalcitePlanner: Ending caching scope for: 
2024-04-24T05:22:57,216  INFO [main] ql.Driver: Semantic Analysis Completed (retrial = false)
2024-04-24T05:22:57,216  INFO [main] ql.Driver: Created Hive schema: Schema(fieldSchemas:[FieldSchema(name:col1, type:int, comment:null), FieldSchema(name:col2, type:int, comment:null), FieldSchema(name:col3, type:int, comment:null)], properties:null)
2024-04-24T05:22:57,216  INFO [main] metadata.Hive: Dumping metastore api call timing information for : compilation phase
2024-04-24T05:22:57,217  INFO [main] metadata.Hive: Total time spent in each metastore function (ms): {getValidTxns_(long)=0, flushCache_()=0, commitTxn_(CommitTxnRequest)=8, getTable_(GetTableRequest)=70, getValidWriteIds_(List, String)=4, getAllTableConstraints_(AllTableConstraintsRequest)=23, getNotNullConstraints_(NotNullConstraintsRequest)=2, getCheckConstraints_(CheckConstraintsRequest)=1, openTxn_(String, TxnType)=2, isCompatibleWith_(Configuration)=0}
2024-04-24T05:22:57,217  INFO [main] ql.Driver: Completed compiling command(queryId=alex_20240424052257_2a72e84e-dfb3-4a61-b0b4-d868849d31fe); Time taken: 0.183 seconds
2024-04-24T05:22:57,217  INFO [main] lockmgr.DbTxnManager: Setting lock request transaction to txnid:15 for queryId=alex_20240424052257_2a72e84e-dfb3-4a61-b0b4-d868849d31fe
2024-04-24T05:22:57,217  INFO [main] lockmgr.DbLockManager: Requesting lock for queryId=alex_20240424052257_2a72e84e-dfb3-4a61-b0b4-d868849d31fe
2024-04-24T05:22:57,235  INFO [main] lockmgr.DbLockManager: Response to queryId=alex_20240424052257_2a72e84e-dfb3-4a61-b0b4-d868849d31fe LockResponse(lockid:9, state:ACQUIRED)
2024-04-24T05:22:57,235  INFO [main] ql.Driver: Operation QUERY obtained 1 locks
2024-04-24T05:22:57,235  INFO [main] ql.Driver: Executing command(queryId=alex_20240424052257_2a72e84e-dfb3-4a61-b0b4-d868849d31fe): insert into tmp  values(0,0,0),(3,3,3)
2024-04-24T05:22:57,236  WARN [main] ql.Driver: Hive-on-MR is deprecated in Hive 2 and may not be available in the future versions. Consider using a different execution engine (i.e. tez, spark) or using Hive 1.X releases.
Query ID = alex_20240424052257_2a72e84e-dfb3-4a61-b0b4-d868849d31fe
2024-04-24T05:22:57,236  INFO [main] ql.Driver: Query ID = alex_20240424052257_2a72e84e-dfb3-4a61-b0b4-d868849d31fe
Total jobs = 1
2024-04-24T05:22:57,236  INFO [main] ql.Driver: Total jobs = 1
Launching Job 1 out of 1
2024-04-24T05:22:57,236  INFO [main] ql.Driver: Launching Job 1 out of 1
2024-04-24T05:22:57,364  INFO [main] ql.Driver: Starting task [Stage-1:MAPRED] in serial mode
Number of reduce tasks is set to 0 since there's no reduce operator
2024-04-24T05:22:57,364  INFO [main] exec.Task: Number of reduce tasks is set to 0 since there's no reduce operator
2024-04-24T05:22:57,366  INFO [main] mr.ExecDriver: Using org.apache.hadoop.hive.ql.io.HiveInputFormat
2024-04-24T05:22:57,366  INFO [main] exec.Utilities: Processing alias $hdt$_0:_dummy_table
2024-04-24T05:22:57,366  INFO [main] exec.Utilities: Adding 1 inputs; the first input is file:/home/alex/Repositories/hive/ql/target/tmp/localscratchdir/6d9c63d3-2d1f-4358-8a15-6e001754314a/hive_2024-04-24_05-22-57_033_230123800514754233-1/dummy_path
2024-04-24T05:22:57,375  INFO [main] exec.SerializationUtilities: Serializing MapWork using kryo
2024-04-24T05:22:57,376  INFO [main] exec.Utilities: Serialized plan (via FILE) - name: null size: 5,85KB
2024-04-24T05:22:57,376  WARN [main] impl.MetricsSystemImpl: JobTracker metrics system already initialized!
2024-04-24T05:22:57,380  INFO [main] fs.FSStatsPublisher: created : file:/home/alex/Repositories/hive/ql/target/tmp/localscratchdir/6d9c63d3-2d1f-4358-8a15-6e001754314a/hive_2024-04-24_05-22-57_033_230123800514754233-1/-mr-10001
2024-04-24T05:22:57,384  WARN [main] impl.MetricsSystemImpl: JobTracker metrics system already initialized!
2024-04-24T05:22:57,391  WARN [main] mapreduce.JobResourceUploader: Hadoop command-line option parsing not performed. Implement the Tool interface and execute your application with ToolRunner to remedy this.
2024-04-24T05:22:57,395  WARN [main] mapreduce.JobResourceUploader: No job jar file set.  User classes may not be found. See Job or Job#setJar(String).
2024-04-24T05:22:57,396  INFO [main] io.HiveInputFormat: hive.io.file.readcolumn.ids = 
2024-04-24T05:22:57,396  INFO [main] io.HiveInputFormat: hive.io.file.readcolumn.names = 
2024-04-24T05:22:57,396  INFO [main] io.HiveInputFormat: Generating splits for dirs: file:/home/alex/Repositories/hive/ql/target/tmp/localscratchdir/6d9c63d3-2d1f-4358-8a15-6e001754314a/hive_2024-04-24_05-22-57_033_230123800514754233-1/dummy_path
2024-04-24T05:22:57,396  INFO [main] io.HiveInputFormat: number of splits 1
2024-04-24T05:22:57,412  INFO [main] mapreduce.JobSubmitter: number of splits:1
2024-04-24T05:22:57,429  INFO [main] mapreduce.JobSubmitter: Submitting tokens for job: job_local1205727546_0060
2024-04-24T05:22:57,429  INFO [main] mapreduce.JobSubmitter: Executing with tokens: []
2024-04-24T05:22:57,514  INFO [main] mapreduce.Job: The url to track the job: http://localhost:8080/
Job running in-process (local Hadoop)
2024-04-24T05:22:57,514  INFO [main] exec.Task: Job running in-process (local Hadoop)
2024-04-24T05:22:57,514  INFO [Thread-3993] mapred.LocalJobRunner: OutputCommitter set in config org.apache.hadoop.hive.ql.io.HiveFileFormatUtils$NullOutputCommitter
2024-04-24T05:22:57,515  INFO [Thread-3993] mapred.LocalJobRunner: OutputCommitter is org.apache.hadoop.hive.ql.io.HiveFileFormatUtils$NullOutputCommitter
2024-04-24T05:22:57,516  INFO [Thread-3993] mapred.LocalJobRunner: Waiting for map tasks
2024-04-24T05:22:57,516  INFO [LocalJobRunner Map Task Executor #0] mapred.LocalJobRunner: Starting task: attempt_local1205727546_0060_m_000000_0
2024-04-24T05:22:57,519  INFO [LocalJobRunner Map Task Executor #0] mapred.Task:  Using ResourceCalculatorProcessTree : [ ]
2024-04-24T05:22:57,519  INFO [LocalJobRunner Map Task Executor #0] mapred.MapTask: Processing split: org.apache.hadoop.hive.ql.io.NullRowsInputFormat:file:/home/alex/Repositories/hive/ql/target/tmp/localscratchdir/6d9c63d3-2d1f-4358-8a15-6e001754314a/hive_2024-04-24_05-22-57_033_230123800514754233-1/dummy_path/null:0+1
2024-04-24T05:22:57,521  INFO [LocalJobRunner Map Task Executor #0] exec.SerializationUtilities: Deserializing MapWork using kryo
2024-04-24T05:22:57,521  INFO [LocalJobRunner Map Task Executor #0] exec.Utilities: Deserialized plan (via FILE) - name: null size: 5,85KB
2024-04-24T05:22:57,521  INFO [LocalJobRunner Map Task Executor #0] mapred.MapTask: numReduceTasks: 0
2024-04-24T05:22:57,523  INFO [LocalJobRunner Map Task Executor #0] exec.MapOperator: Initializing Operator: MAP[0]
2024-04-24T05:22:57,523  INFO [LocalJobRunner Map Task Executor #0] mr.ExecMapper: 
<MAP>Id =0
  <Children>null
  <\Children>
  <Parent><\Parent>
<\MAP>
2024-04-24T05:22:57,524  INFO [LocalJobRunner Map Task Executor #0] exec.TableScanOperator: Initializing Operator: TS[0]
2024-04-24T05:22:57,524  INFO [LocalJobRunner Map Task Executor #0] exec.SelectOperator: Initializing Operator: SEL[1]
2024-04-24T05:22:57,524  INFO [LocalJobRunner Map Task Executor #0] exec.SelectOperator: SELECT null
2024-04-24T05:22:57,524  INFO [LocalJobRunner Map Task Executor #0] exec.UDTFOperator: Initializing Operator: UDTF[2]
2024-04-24T05:22:57,524  INFO [LocalJobRunner Map Task Executor #0] exec.SelectOperator: Initializing Operator: SEL[3]
2024-04-24T05:22:57,524  INFO [LocalJobRunner Map Task Executor #0] exec.SelectOperator: SELECT struct<col1:int,col2:int,col3:int>
2024-04-24T05:22:57,524  INFO [LocalJobRunner Map Task Executor #0] exec.FileSinkOperator: Initializing Operator: FS[4]
2024-04-24T05:22:57,525  INFO [LocalJobRunner Map Task Executor #0] exec.FileSinkOperator: Using serializer : AbstractSerDe [log=org.apache.logging.slf4j.Log4jLogger@5c8da227, configuration=Optional[Configuration: core-default.xml, core-site.xml, mapred-default.xml, mapred-site.xml, yarn-default.xml, yarn-site.xml, hdfs-default.xml, hdfs-site.xml, file:/home/alex/Repositories/hive/ql/target/tmp/TestTxnNoBuckets/mapred/local/localRunner/alex/job_local1205727546_0060/job_local1205727546_0060.xml], properties={name=default.tmp, columns.types=int:int:int, serialization.format=1, columns=c1,c2,c3, numFilesErasureCoded=0, columns.comments=&amp#0;&amp#0;, bucketing_version=2, serialization.lib=org.apache.hadoop.hive.ql.io.orc.OrcSerde, file.inputformat=org.apache.hadoop.hive.ql.io.orc.OrcInputFormat, file.outputformat=org.apache.hadoop.hive.ql.io.orc.OrcOutputFormat, location=file:/home/alex/Repositories/hive/ql/target/tmp/org.apache.hadoop.hive.ql.TestTxnNoBuckets-1713961246971/warehouse/tmp, column.name.delimiter=,}, tableProperties={name=default.tmp, columns.types=int:int:int, serialization.format=1, columns=c1,c2,c3, numFilesErasureCoded=0, columns.comments=&amp#0;&amp#0;, bucketing_version=2, serialization.lib=org.apache.hadoop.hive.ql.io.orc.OrcSerde, file.inputformat=org.apache.hadoop.hive.ql.io.orc.OrcInputFormat, location=file:/home/alex/Repositories/hive/ql/target/tmp/org.apache.hadoop.hive.ql.TestTxnNoBuckets-1713961246971/warehouse/tmp, file.outputformat=org.apache.hadoop.hive.ql.io.orc.OrcOutputFormat, column.name.delimiter=,}, partitionProperties=Optional.empty, columnNames=[c1, c2, c3], columnTypes=[int, int, int], getClass()=class org.apache.hadoop.hive.ql.io.orc.OrcSerde] and formatter : org.apache.hadoop.hive.ql.io.orc.OrcOutputFormat@469360e1
2024-04-24T05:22:57,525  INFO [LocalJobRunner Map Task Executor #0] exec.FileSinkOperator: Final Path: FS file:/home/alex/Repositories/hive/ql/target/tmp/org.apache.hadoop.hive.ql.TestTxnNoBuckets-1713961246971/warehouse/tmp/.hive-staging_hive_2024-04-24_05-22-57_033_230123800514754233-1/_tmp.-ext-10002/000000_0
2024-04-24T05:22:57,525  INFO [LocalJobRunner Map Task Executor #0] exec.FileSinkOperator: Writing to temp file: FS file:/home/alex/Repositories/hive/ql/target/tmp/org.apache.hadoop.hive.ql.TestTxnNoBuckets-1713961246971/warehouse/tmp/.hive-staging_hive_2024-04-24_05-22-57_033_230123800514754233-1/_task_tmp.-ext-10002/_tmp.000000_0
2024-04-24T05:22:57,525  INFO [LocalJobRunner Map Task Executor #0] exec.FileSinkOperator: New Final Path: FS file:/home/alex/Repositories/hive/ql/target/tmp/org.apache.hadoop.hive.ql.TestTxnNoBuckets-1713961246971/warehouse/tmp/.hive-staging_hive_2024-04-24_05-22-57_033_230123800514754233-1/_tmp.-ext-10002/000000_0
2024-04-24T05:22:57,527  INFO [LocalJobRunner Map Task Executor #0] exec.FileSinkOperator: FS[4]: records written - 1
2024-04-24T05:22:57,527  INFO [LocalJobRunner Map Task Executor #0] impl.PhysicalFsWriter: ORC writer created for path: file:/home/alex/Repositories/hive/ql/target/tmp/org.apache.hadoop.hive.ql.TestTxnNoBuckets-1713961246971/warehouse/tmp/.hive-staging_hive_2024-04-24_05-22-57_033_230123800514754233-1/_task_tmp.-ext-10002/_tmp.000000_0 with stripeSize: 67108864 blockSize: 268435456 compression: Compress: ZLIB buffer: 262144
2024-04-24T05:22:57,534  INFO [LocalJobRunner Map Task Executor #0] impl.WriterImpl: ORC writer created for path: file:/home/alex/Repositories/hive/ql/target/tmp/org.apache.hadoop.hive.ql.TestTxnNoBuckets-1713961246971/warehouse/tmp/.hive-staging_hive_2024-04-24_05-22-57_033_230123800514754233-1/_task_tmp.-ext-10002/_tmp.000000_0 with stripeSize: 67108864 options: Compress: ZLIB buffer: 262144
2024-04-24T05:22:57,534  INFO [LocalJobRunner Map Task Executor #0] exec.MapOperator: MAP[0]: records read - 1
2024-04-24T05:22:57,534  INFO [LocalJobRunner Map Task Executor #0] exec.MapOperator: Closing Operator: MAP[0]
2024-04-24T05:22:57,534  INFO [LocalJobRunner Map Task Executor #0] exec.MapOperator: MAP[0]: Total records read - 3. abort - false
2024-04-24T05:22:57,534  INFO [LocalJobRunner Map Task Executor #0] exec.MapOperator: DESERIALIZE_ERRORS:0, RECORDS_IN:3, RECORDS_OUT_INTERMEDIATE:0, RECORDS_OUT_OPERATOR_MAP_0:0, 
2024-04-24T05:22:57,534  INFO [LocalJobRunner Map Task Executor #0] exec.TableScanOperator: Closing Operator: TS[0]
2024-04-24T05:22:57,534  INFO [LocalJobRunner Map Task Executor #0] exec.TableScanOperator: RECORDS_OUT_OPERATOR_TS_0:1, RECORDS_OUT_INTERMEDIATE:0, 
2024-04-24T05:22:57,534  INFO [LocalJobRunner Map Task Executor #0] exec.SelectOperator: Closing Operator: SEL[1]
2024-04-24T05:22:57,534  INFO [LocalJobRunner Map Task Executor #0] exec.SelectOperator: RECORDS_OUT_OPERATOR_SEL_1:1, RECORDS_OUT_INTERMEDIATE:0, 
2024-04-24T05:22:57,534  INFO [LocalJobRunner Map Task Executor #0] exec.UDTFOperator: Closing Operator: UDTF[2]
2024-04-24T05:22:57,534  INFO [LocalJobRunner Map Task Executor #0] exec.UDTFOperator: RECORDS_OUT_INTERMEDIATE:0, RECORDS_OUT_OPERATOR_UDTF_2:2, 
2024-04-24T05:22:57,535  INFO [LocalJobRunner Map Task Executor #0] exec.SelectOperator: Closing Operator: SEL[3]
2024-04-24T05:22:57,535  INFO [LocalJobRunner Map Task Executor #0] exec.SelectOperator: RECORDS_OUT_OPERATOR_SEL_3:2, RECORDS_OUT_INTERMEDIATE:0, 
2024-04-24T05:22:57,535  INFO [LocalJobRunner Map Task Executor #0] exec.FileSinkOperator: Closing Operator: FS[4]
2024-04-24T05:22:57,535  INFO [LocalJobRunner Map Task Executor #0] exec.FileSinkOperator: FS[4]: records written - 2
2024-04-24T05:22:57,541  INFO [LocalJobRunner Map Task Executor #0] exec.FileSinkOperator: TOTAL_TABLE_ROWS_WRITTEN:2, RECORDS_OUT_INTERMEDIATE:0, RECORDS_OUT_1_default.tmp:2, RECORDS_OUT_OPERATOR_FS_4:2, 
2024-04-24T05:22:57,541  INFO [LocalJobRunner Map Task Executor #0] mapred.LocalJobRunner: 
2024-04-24T05:22:57,543  INFO [LocalJobRunner Map Task Executor #0] mapred.Task: Task:attempt_local1205727546_0060_m_000000_0 is done. And is in the process of committing
2024-04-24T05:22:57,544  INFO [LocalJobRunner Map Task Executor #0] mapred.LocalJobRunner: map
2024-04-24T05:22:57,544  INFO [LocalJobRunner Map Task Executor #0] mapred.Task: Task 'attempt_local1205727546_0060_m_000000_0' done.
2024-04-24T05:22:57,544  INFO [LocalJobRunner Map Task Executor #0] mapred.Task: Final Counters for attempt_local1205727546_0060_m_000000_0: Counters: 27
	File System Counters
		FILE: Number of bytes read=1441488
		FILE: Number of bytes written=70698323
		FILE: Number of read operations=0
		FILE: Number of large read operations=0
		FILE: Number of write operations=0
	Map-Reduce Framework
		Map input records=4
		Map output records=0
		Input split bytes=360
		Spilled Records=0
		Failed Shuffles=0
		Merged Map outputs=0
		GC time elapsed (ms)=0
		Total committed heap usage (bytes)=1249378304
	HIVE
		CREATED_FILES=1
		DESERIALIZE_ERRORS=0
		RECORDS_IN=3
		RECORDS_OUT_1_default.tmp=2
		RECORDS_OUT_INTERMEDIATE=0
		RECORDS_OUT_OPERATOR_FS_4=2
		RECORDS_OUT_OPERATOR_MAP_0=0
		RECORDS_OUT_OPERATOR_SEL_1=1
		RECORDS_OUT_OPERATOR_SEL_3=2
		RECORDS_OUT_OPERATOR_TS_0=1
		RECORDS_OUT_OPERATOR_UDTF_2=2
		TOTAL_TABLE_ROWS_WRITTEN=2
	File Input Format Counters 
		Bytes Read=5912
	File Output Format Counters 
		Bytes Written=0
2024-04-24T05:22:57,544  INFO [LocalJobRunner Map Task Executor #0] mapred.LocalJobRunner: Finishing task: attempt_local1205727546_0060_m_000000_0
2024-04-24T05:22:57,544  INFO [Thread-3993] mapred.LocalJobRunner: map task executor complete.
2024-04-24 05:22:58,516 Stage-1 map = 100%,  reduce = 0%
2024-04-24T05:22:58,516  INFO [main] exec.Task: 2024-04-24 05:22:58,516 Stage-1 map = 100%,  reduce = 0%
Ended Job = job_local1205727546_0060
2024-04-24T05:22:58,517  INFO [main] exec.Task: Ended Job = job_local1205727546_0060
2024-04-24T05:22:58,520  INFO [main] ql.Driver: Starting task [Stage-7:CONDITIONAL] in serial mode
Stage-4 is selected by condition resolver.
2024-04-24T05:22:58,520  INFO [main] exec.Task: Stage-4 is selected by condition resolver.
Stage-3 is filtered out by condition resolver.
2024-04-24T05:22:58,520  INFO [main] exec.Task: Stage-3 is filtered out by condition resolver.
Stage-5 is filtered out by condition resolver.
2024-04-24T05:22:58,520  INFO [main] exec.Task: Stage-5 is filtered out by condition resolver.
2024-04-24T05:22:58,520  INFO [main] ql.Driver: Starting task [Stage-4:MOVE] in serial mode
Moving data to directory file:/home/alex/Repositories/hive/ql/target/tmp/org.apache.hadoop.hive.ql.TestTxnNoBuckets-1713961246971/warehouse/tmp/.hive-staging_hive_2024-04-24_05-22-57_033_230123800514754233-1/-ext-10000
2024-04-24T05:22:58,520  INFO [main] exec.Task: Moving data to directory file:/home/alex/Repositories/hive/ql/target/tmp/org.apache.hadoop.hive.ql.TestTxnNoBuckets-1713961246971/warehouse/tmp/.hive-staging_hive_2024-04-24_05-22-57_033_230123800514754233-1/-ext-10000 from file:/home/alex/Repositories/hive/ql/target/tmp/org.apache.hadoop.hive.ql.TestTxnNoBuckets-1713961246971/warehouse/tmp/.hive-staging_hive_2024-04-24_05-22-57_033_230123800514754233-1/-ext-10002
2024-04-24T05:22:58,521  INFO [main] ql.Driver: Starting task [Stage-0:MOVE] in serial mode
Loading data to table default.tmp
2024-04-24T05:22:58,521  INFO [main] exec.Task: Loading data to table default.tmp from file:/home/alex/Repositories/hive/ql/target/tmp/org.apache.hadoop.hive.ql.TestTxnNoBuckets-1713961246971/warehouse/tmp/.hive-staging_hive_2024-04-24_05-22-57_033_230123800514754233-1/-ext-10000
2024-04-24T05:22:58,521  INFO [main] HiveMetaStore.audit: ugi=alex	ip=unknown-ip-addr	cmd=get_table : tbl=hive.default.tmp	
2024-04-24T05:22:58,534  INFO [main] metastore.HMSHandler: Skipping translation for processor with null
2024-04-24T05:22:58,534  INFO [main] HiveMetaStore.audit: ugi=alex	ip=unknown-ip-addr	cmd=get_table : tbl=hive.default.tmp	
2024-04-24T05:22:58,546  INFO [main] metastore.HMSHandler: Skipping translation for processor with null
2024-04-24T05:22:58,548  WARN [main] metadata.Hive: Cannot get a table snapshot for tmp
2024-04-24T05:22:58,548  INFO [main] HiveMetaStore.audit: ugi=alex	ip=unknown-ip-addr	cmd=alter_table: hive.default.tmp newtbl=tmp	
2024-04-24T05:22:58,573  INFO [main] ql.Driver: Starting task [Stage-2:STATS] in serial mode
2024-04-24T05:22:58,574  INFO [main] HiveMetaStore.audit: ugi=alex	ip=unknown-ip-addr	cmd=get_table : tbl=hive.default.tmp	
2024-04-24T05:22:58,581  INFO [main] metastore.HMSHandler: Skipping translation for processor with null
2024-04-24T05:22:58,581  INFO [main] stats.BasicStatsTask: Executing stats task
2024-04-24T05:22:58,581  INFO [main] fs.FSStatsPublisher: created : file:/home/alex/Repositories/hive/ql/target/tmp/localscratchdir/6d9c63d3-2d1f-4358-8a15-6e001754314a/hive_2024-04-24_05-22-57_033_230123800514754233-1/-mr-10001
2024-04-24T05:22:58,582  INFO [main] HiveMetaStore.audit: ugi=alex	ip=unknown-ip-addr	cmd=get_table : tbl=hive.default.tmp	
2024-04-24T05:22:58,590  INFO [main] metastore.HMSHandler: Skipping translation for processor with null
2024-04-24T05:22:58,591  INFO [main] FileOperations: Read stats for default.tmp/, numRows, true, 2, false: 
2024-04-24T05:22:58,591  INFO [main] FileOperations: Read stats for default.tmp/, rawDataSize, true, 24, false: 
2024-04-24T05:22:58,591  WARN [main] metadata.Hive: Cannot get a table snapshot for tmp
2024-04-24T05:22:58,591  INFO [main] HiveMetaStore.audit: ugi=alex	ip=unknown-ip-addr	cmd=alter_table: hive.default.tmp newtbl=tmp	
2024-04-24T05:22:58,613  INFO [main] stats.BasicStatsTask: Table default.tmp stats: [numFiles=1, numRows=2, totalSize=281, rawDataSize=24, numFilesErasureCoded=0]
2024-04-24T05:22:58,613  INFO [main] metadata.Hive: Dumping metastore api call timing information for : execution phase
2024-04-24T05:22:58,613  INFO [main] metadata.Hive: Total time spent in each metastore function (ms): {alter_table_(String, String, String, Table, EnvironmentContext, String)=47, getTable_(GetTableRequest)=40, isCompatibleWith_(Configuration)=1}
MapReduce Jobs Launched: 
2024-04-24T05:22:58,613  INFO [main] ql.Driver: MapReduce Jobs Launched: 
Stage-Stage-1:  HDFS Read: 0 HDFS Write: 0 SUCCESS
2024-04-24T05:22:58,614  INFO [main] ql.Driver: Stage-Stage-1:  HDFS Read: 0 HDFS Write: 0 SUCCESS
Total MapReduce CPU Time Spent: 0 msec
2024-04-24T05:22:58,614  INFO [main] ql.Driver: Total MapReduce CPU Time Spent: 0 msec
2024-04-24T05:22:58,614  INFO [main] ql.Driver: Completed executing command(queryId=alex_20240424052257_2a72e84e-dfb3-4a61-b0b4-d868849d31fe); Time taken: 1.378 seconds
2024-04-24T05:22:58,614  INFO [main] lockmgr.DbTxnManager: Stopped heartbeat for query: alex_20240424052257_2a72e84e-dfb3-4a61-b0b4-d868849d31fe
2024-04-24T05:22:58,617  INFO [main] txn.TxnHandler: Expected to move at least one record from txn_components to completed_txn_components when committing txn! txnid:15
2024-04-24T05:22:58,622  INFO [main] txn.TxnHandler: Removed transactions: ([15]) from MIN_HISTORY_LEVEL
2024-04-24T05:22:58,622  WARN [main] txn.CompactionTxnHandler: No compaction queue record found for Compaction type transaction commit. txnId:15
2024-04-24T05:22:58,622  INFO [main] ql.TxnCommandsBaseForTests: Running the query: insert into tmp  values(1,1,1),(2,2,2)
2024-04-24T05:22:58,623  INFO [main] ql.Context: Deleting scratch dir: file:/home/alex/Repositories/hive/ql/target/tmp/org.apache.hadoop.hive.ql.TestTxnNoBuckets-1713961246971/warehouse/tmp/.hive-staging_hive_2024-04-24_05-22-57_033_230123800514754233-1
2024-04-24T05:22:58,623  INFO [main] cleanup.SyncCleanupService: Deleted directory: file:/home/alex/Repositories/hive/ql/target/tmp/org.apache.hadoop.hive.ql.TestTxnNoBuckets-1713961246971/warehouse/tmp/.hive-staging_hive_2024-04-24_05-22-57_033_230123800514754233-1 on fs with scheme file
2024-04-24T05:22:58,623  INFO [main] ql.Context: Deleting scratch dir: file:/home/alex/Repositories/hive/ql/target/tmp/localscratchdir/6d9c63d3-2d1f-4358-8a15-6e001754314a/hive_2024-04-24_05-22-57_033_230123800514754233-1
2024-04-24T05:22:58,623  INFO [main] cleanup.SyncCleanupService: Deleted directory: file:/home/alex/Repositories/hive/ql/target/tmp/localscratchdir/6d9c63d3-2d1f-4358-8a15-6e001754314a/hive_2024-04-24_05-22-57_033_230123800514754233-1 on fs with scheme file
2024-04-24T05:22:58,624  INFO [main] ql.Driver: Compiling command(queryId=alex_20240424052258_5c78df00-c36d-4069-95c2-02864d1972df): insert into tmp  values(1,1,1),(2,2,2)
2024-04-24T05:22:58,627  INFO [main] txn.TxnHandler: Added entries to MIN_HISTORY_LEVEL for current txns: ([16]) with min_open_txn: 16
2024-04-24T05:22:58,627  INFO [main] lockmgr.DbTxnManager: Opened txnid:16
2024-04-24T05:22:58,628  INFO [main] parse.CalcitePlanner: Starting caching scope for: 
2024-04-24T05:22:58,628  INFO [main] parse.CalcitePlanner: Starting Semantic Analysis
2024-04-24T05:22:58,630  INFO [main] HiveMetaStore.audit: ugi=alex	ip=unknown-ip-addr	cmd=get_table : tbl=hive.default.tmp	
2024-04-24T05:22:58,642  INFO [main] metastore.HMSHandler: Skipping translation for processor with null
2024-04-24T05:22:58,642  INFO [main] parse.CalcitePlanner: Completed phase 1 of Semantic Analysis
2024-04-24T05:22:58,642  INFO [main] parse.CalcitePlanner: Get metadata for source tables
2024-04-24T05:22:58,642  INFO [main] parse.CalcitePlanner: Get metadata for subqueries
2024-04-24T05:22:58,642  INFO [main] parse.CalcitePlanner: Get metadata for destination tables
2024-04-24T05:22:58,642  INFO [main] HiveMetaStore.audit: ugi=alex	ip=unknown-ip-addr	cmd=get_table : tbl=hive.default.tmp	
2024-04-24T05:22:58,657  INFO [main] metastore.HMSHandler: Skipping translation for processor with null
2024-04-24T05:22:58,657  INFO [main] parse.CalcitePlanner: Completed getting MetaData in Semantic Analysis
2024-04-24T05:22:58,657  INFO [main] parse.CalcitePlanner: Disabling LLAP IO encode as ETL query is detected
2024-04-24T05:22:58,686  INFO [main] HiveMetaStore.audit: ugi=alex	ip=unknown-ip-addr	cmd=get_all_table_constraints : tbl=hive._dummy_database._dummy_table	
2024-04-24T05:22:58,734  INFO [main] parse.CalcitePlanner: Get metadata for source tables
2024-04-24T05:22:58,734  INFO [main] parse.CalcitePlanner: Get metadata for subqueries
2024-04-24T05:22:58,734  INFO [main] parse.CalcitePlanner: Get metadata for source tables
2024-04-24T05:22:58,735  INFO [main] HiveMetaStore.audit: ugi=alex	ip=unknown-ip-addr	cmd=get_table : tbl=hive._dummy_database._dummy_table	
2024-04-24T05:22:58,737  INFO [main] parse.CalcitePlanner: Get metadata for subqueries
2024-04-24T05:22:58,737  INFO [main] parse.CalcitePlanner: Get metadata for destination tables
2024-04-24T05:22:58,737  INFO [main] parse.CalcitePlanner: Get metadata for destination tables
2024-04-24T05:22:58,737  INFO [main] HiveMetaStore.audit: ugi=alex	ip=unknown-ip-addr	cmd=get_table : tbl=hive.default.tmp	
2024-04-24T05:22:58,748  INFO [main] metastore.HMSHandler: Skipping translation for processor with null
2024-04-24T05:22:58,750  INFO [main] common.FileUtils: Creating directory if it doesn't exist: file:/home/alex/Repositories/hive/ql/target/tmp/org.apache.hadoop.hive.ql.TestTxnNoBuckets-1713961246971/warehouse/tmp/.hive-staging_hive_2024-04-24_05-22-58_624_6912483150482100710-1
2024-04-24T05:22:58,752  INFO [main] HiveMetaStore.audit: ugi=alex	ip=unknown-ip-addr	cmd=get_not_null_constraints : tbl=hive.default.tmp	
2024-04-24T05:22:58,753  INFO [main] HiveMetaStore.audit: ugi=alex	ip=unknown-ip-addr	cmd=get_check_constraints : tbl=hive.default.tmp	
2024-04-24T05:22:58,755  INFO [main] parse.CalcitePlanner: CBO Succeeded; optimized logical plan.
2024-04-24T05:22:58,757  INFO [main] optimizer.BucketVersionPopulator: not considering bucketingVersion for: TS[0] because it has -1<2 buckets 
2024-04-24T05:22:58,757  INFO [main] optimizer.SortedDynPartitionOptimizer: Sorted dynamic partitioning optimization kicked in..
2024-04-24T05:22:58,765  INFO [main] HiveMetaStore.audit: ugi=alex	ip=unknown-ip-addr	cmd=get_table : tbl=hive.default.tmp	
2024-04-24T05:22:58,775  INFO [main] metastore.HMSHandler: Skipping translation for processor with null
2024-04-24T05:22:58,775  INFO [main] optimizer.GenMRFileSink1: using CombineHiveInputformat for the merge job
2024-04-24T05:22:58,775  INFO [main] HiveMetaStore.audit: ugi=alex	ip=unknown-ip-addr	cmd=get_table : tbl=hive.default.tmp	
2024-04-24T05:22:58,785  INFO [main] metastore.HMSHandler: Skipping translation for processor with null
2024-04-24T05:22:58,786  INFO [main] parse.CalcitePlanner: Completed plan generation
2024-04-24T05:22:58,786  INFO [main] parse.CalcitePlanner: Ending caching scope for: 
2024-04-24T05:22:58,786  INFO [main] ql.Driver: Semantic Analysis Completed (retrial = false)
2024-04-24T05:22:58,786  INFO [main] ql.Driver: Created Hive schema: Schema(fieldSchemas:[FieldSchema(name:col1, type:int, comment:null), FieldSchema(name:col2, type:int, comment:null), FieldSchema(name:col3, type:int, comment:null)], properties:null)
2024-04-24T05:22:58,786  INFO [main] metadata.Hive: Dumping metastore api call timing information for : compilation phase
2024-04-24T05:22:58,787  INFO [main] metadata.Hive: Total time spent in each metastore function (ms): {getTable_(GetTableRequest)=58, isCompatibleWith_(Configuration)=1, getValidWriteIds_(List, String)=2, openTxn_(String, TxnType)=3, getNotNullConstraints_(NotNullConstraintsRequest)=1, commitTxn_(CommitTxnRequest)=8, getCheckConstraints_(CheckConstraintsRequest)=1, getAllTableConstraints_(AllTableConstraintsRequest)=5, getValidTxns_(long)=1, flushCache_()=0}
2024-04-24T05:22:58,787  INFO [main] ql.Driver: Completed compiling command(queryId=alex_20240424052258_5c78df00-c36d-4069-95c2-02864d1972df); Time taken: 0.162 seconds
2024-04-24T05:22:58,787  INFO [main] lockmgr.DbTxnManager: Setting lock request transaction to txnid:16 for queryId=alex_20240424052258_5c78df00-c36d-4069-95c2-02864d1972df
2024-04-24T05:22:58,787  INFO [main] lockmgr.DbLockManager: Requesting lock for queryId=alex_20240424052258_5c78df00-c36d-4069-95c2-02864d1972df
2024-04-24T05:22:58,802  INFO [main] lockmgr.DbLockManager: Response to queryId=alex_20240424052258_5c78df00-c36d-4069-95c2-02864d1972df LockResponse(lockid:10, state:ACQUIRED)
2024-04-24T05:22:58,802  INFO [main] ql.Driver: Operation QUERY obtained 1 locks
2024-04-24T05:22:58,802  INFO [main] ql.Driver: Executing command(queryId=alex_20240424052258_5c78df00-c36d-4069-95c2-02864d1972df): insert into tmp  values(1,1,1),(2,2,2)
2024-04-24T05:22:58,803  WARN [main] ql.Driver: Hive-on-MR is deprecated in Hive 2 and may not be available in the future versions. Consider using a different execution engine (i.e. tez, spark) or using Hive 1.X releases.
Query ID = alex_20240424052258_5c78df00-c36d-4069-95c2-02864d1972df
2024-04-24T05:22:58,803  INFO [main] ql.Driver: Query ID = alex_20240424052258_5c78df00-c36d-4069-95c2-02864d1972df
Total jobs = 1
2024-04-24T05:22:58,803  INFO [main] ql.Driver: Total jobs = 1
Launching Job 1 out of 1
2024-04-24T05:22:58,803  INFO [main] ql.Driver: Launching Job 1 out of 1
2024-04-24T05:22:58,930  INFO [main] ql.Driver: Starting task [Stage-1:MAPRED] in serial mode
Number of reduce tasks is set to 0 since there's no reduce operator
2024-04-24T05:22:58,930  INFO [main] exec.Task: Number of reduce tasks is set to 0 since there's no reduce operator
2024-04-24T05:22:58,933  INFO [main] mr.ExecDriver: Using org.apache.hadoop.hive.ql.io.HiveInputFormat
2024-04-24T05:22:58,933  INFO [main] exec.Utilities: Processing alias $hdt$_0:_dummy_table
2024-04-24T05:22:58,933  INFO [main] exec.Utilities: Adding 1 inputs; the first input is file:/home/alex/Repositories/hive/ql/target/tmp/localscratchdir/6d9c63d3-2d1f-4358-8a15-6e001754314a/hive_2024-04-24_05-22-58_624_6912483150482100710-1/dummy_path
2024-04-24T05:22:58,943  INFO [main] exec.SerializationUtilities: Serializing MapWork using kryo
2024-04-24T05:22:58,943  INFO [main] exec.Utilities: Serialized plan (via FILE) - name: null size: 5,86KB
2024-04-24T05:22:58,944  WARN [main] impl.MetricsSystemImpl: JobTracker metrics system already initialized!
2024-04-24T05:22:58,947  INFO [main] fs.FSStatsPublisher: created : file:/home/alex/Repositories/hive/ql/target/tmp/localscratchdir/6d9c63d3-2d1f-4358-8a15-6e001754314a/hive_2024-04-24_05-22-58_624_6912483150482100710-1/-mr-10001
2024-04-24T05:22:58,952  WARN [main] impl.MetricsSystemImpl: JobTracker metrics system already initialized!
2024-04-24T05:22:58,958  WARN [main] mapreduce.JobResourceUploader: Hadoop command-line option parsing not performed. Implement the Tool interface and execute your application with ToolRunner to remedy this.
2024-04-24T05:22:58,962  WARN [main] mapreduce.JobResourceUploader: No job jar file set.  User classes may not be found. See Job or Job#setJar(String).
2024-04-24T05:22:58,963  INFO [main] io.HiveInputFormat: hive.io.file.readcolumn.ids = 
2024-04-24T05:22:58,963  INFO [main] io.HiveInputFormat: hive.io.file.readcolumn.names = 
2024-04-24T05:22:58,963  INFO [main] io.HiveInputFormat: Generating splits for dirs: file:/home/alex/Repositories/hive/ql/target/tmp/localscratchdir/6d9c63d3-2d1f-4358-8a15-6e001754314a/hive_2024-04-24_05-22-58_624_6912483150482100710-1/dummy_path
2024-04-24T05:22:58,963  INFO [main] io.HiveInputFormat: number of splits 1
2024-04-24T05:22:58,980  INFO [main] mapreduce.JobSubmitter: number of splits:1
2024-04-24T05:22:58,997  INFO [main] mapreduce.JobSubmitter: Submitting tokens for job: job_local1137845205_0061
2024-04-24T05:22:58,997  INFO [main] mapreduce.JobSubmitter: Executing with tokens: []
2024-04-24T05:22:59,053  INFO [main] mapreduce.Job: The url to track the job: http://localhost:8080/
Job running in-process (local Hadoop)
2024-04-24T05:22:59,053  INFO [main] exec.Task: Job running in-process (local Hadoop)
2024-04-24T05:22:59,053  INFO [Thread-4035] mapred.LocalJobRunner: OutputCommitter set in config org.apache.hadoop.hive.ql.io.HiveFileFormatUtils$NullOutputCommitter
2024-04-24T05:22:59,053  INFO [Thread-4035] mapred.LocalJobRunner: OutputCommitter is org.apache.hadoop.hive.ql.io.HiveFileFormatUtils$NullOutputCommitter
2024-04-24T05:22:59,055  INFO [Thread-4035] mapred.LocalJobRunner: Waiting for map tasks
2024-04-24T05:22:59,055  INFO [LocalJobRunner Map Task Executor #0] mapred.LocalJobRunner: Starting task: attempt_local1137845205_0061_m_000000_0
2024-04-24T05:22:59,055  INFO [LocalJobRunner Map Task Executor #0] mapred.Task:  Using ResourceCalculatorProcessTree : [ ]
2024-04-24T05:22:59,056  INFO [LocalJobRunner Map Task Executor #0] mapred.MapTask: Processing split: org.apache.hadoop.hive.ql.io.NullRowsInputFormat:file:/home/alex/Repositories/hive/ql/target/tmp/localscratchdir/6d9c63d3-2d1f-4358-8a15-6e001754314a/hive_2024-04-24_05-22-58_624_6912483150482100710-1/dummy_path/null:0+1
2024-04-24T05:22:59,056  INFO [LocalJobRunner Map Task Executor #0] exec.SerializationUtilities: Deserializing MapWork using kryo
2024-04-24T05:22:59,057  INFO [LocalJobRunner Map Task Executor #0] exec.Utilities: Deserialized plan (via FILE) - name: null size: 5,86KB
2024-04-24T05:22:59,057  INFO [LocalJobRunner Map Task Executor #0] mapred.MapTask: numReduceTasks: 0
2024-04-24T05:22:59,057  INFO [LocalJobRunner Map Task Executor #0] exec.MapOperator: Initializing Operator: MAP[0]
2024-04-24T05:22:59,057  INFO [LocalJobRunner Map Task Executor #0] mr.ExecMapper: 
<MAP>Id =0
  <Children>null
  <\Children>
  <Parent><\Parent>
<\MAP>
2024-04-24T05:22:59,058  INFO [LocalJobRunner Map Task Executor #0] exec.TableScanOperator: Initializing Operator: TS[0]
2024-04-24T05:22:59,058  INFO [LocalJobRunner Map Task Executor #0] exec.SelectOperator: Initializing Operator: SEL[1]
2024-04-24T05:22:59,058  INFO [LocalJobRunner Map Task Executor #0] exec.SelectOperator: SELECT null
2024-04-24T05:22:59,058  INFO [LocalJobRunner Map Task Executor #0] exec.UDTFOperator: Initializing Operator: UDTF[2]
2024-04-24T05:22:59,058  INFO [LocalJobRunner Map Task Executor #0] exec.SelectOperator: Initializing Operator: SEL[3]
2024-04-24T05:22:59,058  INFO [LocalJobRunner Map Task Executor #0] exec.SelectOperator: SELECT struct<col1:int,col2:int,col3:int>
2024-04-24T05:22:59,058  INFO [LocalJobRunner Map Task Executor #0] exec.FileSinkOperator: Initializing Operator: FS[4]
2024-04-24T05:22:59,059  INFO [LocalJobRunner Map Task Executor #0] exec.FileSinkOperator: Using serializer : AbstractSerDe [log=org.apache.logging.slf4j.Log4jLogger@5c8da227, configuration=Optional[Configuration: core-default.xml, core-site.xml, mapred-default.xml, mapred-site.xml, yarn-default.xml, yarn-site.xml, hdfs-default.xml, hdfs-site.xml, file:/home/alex/Repositories/hive/ql/target/tmp/TestTxnNoBuckets/mapred/local/localRunner/alex/job_local1137845205_0061/job_local1137845205_0061.xml], properties={name=default.tmp, columns.types=int:int:int, serialization.format=1, columns=c1,c2,c3, numFilesErasureCoded=0, columns.comments=&amp#0;&amp#0;, bucketing_version=2, serialization.lib=org.apache.hadoop.hive.ql.io.orc.OrcSerde, file.inputformat=org.apache.hadoop.hive.ql.io.orc.OrcInputFormat, file.outputformat=org.apache.hadoop.hive.ql.io.orc.OrcOutputFormat, location=file:/home/alex/Repositories/hive/ql/target/tmp/org.apache.hadoop.hive.ql.TestTxnNoBuckets-1713961246971/warehouse/tmp, column.name.delimiter=,}, tableProperties={name=default.tmp, columns.types=int:int:int, serialization.format=1, columns=c1,c2,c3, numFilesErasureCoded=0, columns.comments=&amp#0;&amp#0;, bucketing_version=2, serialization.lib=org.apache.hadoop.hive.ql.io.orc.OrcSerde, file.inputformat=org.apache.hadoop.hive.ql.io.orc.OrcInputFormat, location=file:/home/alex/Repositories/hive/ql/target/tmp/org.apache.hadoop.hive.ql.TestTxnNoBuckets-1713961246971/warehouse/tmp, file.outputformat=org.apache.hadoop.hive.ql.io.orc.OrcOutputFormat, column.name.delimiter=,}, partitionProperties=Optional.empty, columnNames=[c1, c2, c3], columnTypes=[int, int, int], getClass()=class org.apache.hadoop.hive.ql.io.orc.OrcSerde] and formatter : org.apache.hadoop.hive.ql.io.orc.OrcOutputFormat@8f89e64
2024-04-24T05:22:59,059  INFO [LocalJobRunner Map Task Executor #0] exec.FileSinkOperator: Final Path: FS file:/home/alex/Repositories/hive/ql/target/tmp/org.apache.hadoop.hive.ql.TestTxnNoBuckets-1713961246971/warehouse/tmp/.hive-staging_hive_2024-04-24_05-22-58_624_6912483150482100710-1/_tmp.-ext-10002/000000_0
2024-04-24T05:22:59,059  INFO [LocalJobRunner Map Task Executor #0] exec.FileSinkOperator: Writing to temp file: FS file:/home/alex/Repositories/hive/ql/target/tmp/org.apache.hadoop.hive.ql.TestTxnNoBuckets-1713961246971/warehouse/tmp/.hive-staging_hive_2024-04-24_05-22-58_624_6912483150482100710-1/_task_tmp.-ext-10002/_tmp.000000_0
2024-04-24T05:22:59,059  INFO [LocalJobRunner Map Task Executor #0] exec.FileSinkOperator: New Final Path: FS file:/home/alex/Repositories/hive/ql/target/tmp/org.apache.hadoop.hive.ql.TestTxnNoBuckets-1713961246971/warehouse/tmp/.hive-staging_hive_2024-04-24_05-22-58_624_6912483150482100710-1/_tmp.-ext-10002/000000_0
2024-04-24T05:22:59,059  INFO [LocalJobRunner Map Task Executor #0] exec.FileSinkOperator: FS[4]: records written - 1
2024-04-24T05:22:59,059  INFO [LocalJobRunner Map Task Executor #0] impl.PhysicalFsWriter: ORC writer created for path: file:/home/alex/Repositories/hive/ql/target/tmp/org.apache.hadoop.hive.ql.TestTxnNoBuckets-1713961246971/warehouse/tmp/.hive-staging_hive_2024-04-24_05-22-58_624_6912483150482100710-1/_task_tmp.-ext-10002/_tmp.000000_0 with stripeSize: 67108864 blockSize: 268435456 compression: Compress: ZLIB buffer: 262144
2024-04-24T05:22:59,066  INFO [LocalJobRunner Map Task Executor #0] impl.WriterImpl: ORC writer created for path: file:/home/alex/Repositories/hive/ql/target/tmp/org.apache.hadoop.hive.ql.TestTxnNoBuckets-1713961246971/warehouse/tmp/.hive-staging_hive_2024-04-24_05-22-58_624_6912483150482100710-1/_task_tmp.-ext-10002/_tmp.000000_0 with stripeSize: 67108864 options: Compress: ZLIB buffer: 262144
2024-04-24T05:22:59,066  INFO [LocalJobRunner Map Task Executor #0] exec.MapOperator: MAP[0]: records read - 1
2024-04-24T05:22:59,066  INFO [LocalJobRunner Map Task Executor #0] exec.MapOperator: Closing Operator: MAP[0]
2024-04-24T05:22:59,066  INFO [LocalJobRunner Map Task Executor #0] exec.MapOperator: MAP[0]: Total records read - 3. abort - false
2024-04-24T05:22:59,067  INFO [LocalJobRunner Map Task Executor #0] exec.MapOperator: RECORDS_OUT_OPERATOR_MAP_0:0, DESERIALIZE_ERRORS:0, RECORDS_IN:3, RECORDS_OUT_INTERMEDIATE:0, 
2024-04-24T05:22:59,067  INFO [LocalJobRunner Map Task Executor #0] exec.TableScanOperator: Closing Operator: TS[0]
2024-04-24T05:22:59,067  INFO [LocalJobRunner Map Task Executor #0] exec.TableScanOperator: RECORDS_OUT_OPERATOR_TS_0:1, RECORDS_OUT_INTERMEDIATE:0, 
2024-04-24T05:22:59,067  INFO [LocalJobRunner Map Task Executor #0] exec.SelectOperator: Closing Operator: SEL[1]
2024-04-24T05:22:59,067  INFO [LocalJobRunner Map Task Executor #0] exec.SelectOperator: RECORDS_OUT_INTERMEDIATE:0, RECORDS_OUT_OPERATOR_SEL_1:1, 
2024-04-24T05:22:59,067  INFO [LocalJobRunner Map Task Executor #0] exec.UDTFOperator: Closing Operator: UDTF[2]
2024-04-24T05:22:59,067  INFO [LocalJobRunner Map Task Executor #0] exec.UDTFOperator: RECORDS_OUT_INTERMEDIATE:0, RECORDS_OUT_OPERATOR_UDTF_2:2, 
2024-04-24T05:22:59,067  INFO [LocalJobRunner Map Task Executor #0] exec.SelectOperator: Closing Operator: SEL[3]
2024-04-24T05:22:59,067  INFO [LocalJobRunner Map Task Executor #0] exec.SelectOperator: RECORDS_OUT_INTERMEDIATE:0, RECORDS_OUT_OPERATOR_SEL_3:2, 
2024-04-24T05:22:59,067  INFO [LocalJobRunner Map Task Executor #0] exec.FileSinkOperator: Closing Operator: FS[4]
2024-04-24T05:22:59,067  INFO [LocalJobRunner Map Task Executor #0] exec.FileSinkOperator: FS[4]: records written - 2
2024-04-24T05:22:59,074  INFO [LocalJobRunner Map Task Executor #0] exec.FileSinkOperator: RECORDS_OUT_1_default.tmp:2, RECORDS_OUT_OPERATOR_FS_4:2, TOTAL_TABLE_ROWS_WRITTEN:2, RECORDS_OUT_INTERMEDIATE:0, 
2024-04-24T05:22:59,074  INFO [LocalJobRunner Map Task Executor #0] mapred.LocalJobRunner: 
2024-04-24T05:22:59,074  INFO [LocalJobRunner Map Task Executor #0] mapred.Task: Task:attempt_local1137845205_0061_m_000000_0 is done. And is in the process of committing
2024-04-24T05:22:59,075  INFO [LocalJobRunner Map Task Executor #0] mapred.LocalJobRunner: map
2024-04-24T05:22:59,075  INFO [LocalJobRunner Map Task Executor #0] mapred.Task: Task 'attempt_local1137845205_0061_m_000000_0' done.
2024-04-24T05:22:59,075  INFO [LocalJobRunner Map Task Executor #0] mapred.Task: Final Counters for attempt_local1137845205_0061_m_000000_0: Counters: 27
	File System Counters
		FILE: Number of bytes read=1447894
		FILE: Number of bytes written=71873529
		FILE: Number of read operations=0
		FILE: Number of large read operations=0
		FILE: Number of write operations=0
	Map-Reduce Framework
		Map input records=4
		Map output records=0
		Input split bytes=361
		Spilled Records=0
		Failed Shuffles=0
		Merged Map outputs=0
		GC time elapsed (ms)=0
		Total committed heap usage (bytes)=1249378304
	HIVE
		CREATED_FILES=1
		DESERIALIZE_ERRORS=0
		RECORDS_IN=3
		RECORDS_OUT_1_default.tmp=2
		RECORDS_OUT_INTERMEDIATE=0
		RECORDS_OUT_OPERATOR_FS_4=2
		RECORDS_OUT_OPERATOR_MAP_0=0
		RECORDS_OUT_OPERATOR_SEL_1=1
		RECORDS_OUT_OPERATOR_SEL_3=2
		RECORDS_OUT_OPERATOR_TS_0=1
		RECORDS_OUT_OPERATOR_UDTF_2=2
		TOTAL_TABLE_ROWS_WRITTEN=2
	File Input Format Counters 
		Bytes Read=5918
	File Output Format Counters 
		Bytes Written=0
2024-04-24T05:22:59,075  INFO [LocalJobRunner Map Task Executor #0] mapred.LocalJobRunner: Finishing task: attempt_local1137845205_0061_m_000000_0
2024-04-24T05:22:59,075  INFO [Thread-4035] mapred.LocalJobRunner: map task executor complete.
2024-04-24 05:23:00,055 Stage-1 map = 100%,  reduce = 0%
2024-04-24T05:23:00,055  INFO [main] exec.Task: 2024-04-24 05:23:00,055 Stage-1 map = 100%,  reduce = 0%
Ended Job = job_local1137845205_0061
2024-04-24T05:23:00,056  INFO [main] exec.Task: Ended Job = job_local1137845205_0061
2024-04-24T05:23:00,058  INFO [main] ql.Driver: Starting task [Stage-7:CONDITIONAL] in serial mode
Stage-4 is selected by condition resolver.
2024-04-24T05:23:00,058  INFO [main] exec.Task: Stage-4 is selected by condition resolver.
Stage-3 is filtered out by condition resolver.
2024-04-24T05:23:00,058  INFO [main] exec.Task: Stage-3 is filtered out by condition resolver.
Stage-5 is filtered out by condition resolver.
2024-04-24T05:23:00,058  INFO [main] exec.Task: Stage-5 is filtered out by condition resolver.
2024-04-24T05:23:00,059  INFO [main] ql.Driver: Starting task [Stage-4:MOVE] in serial mode
Moving data to directory file:/home/alex/Repositories/hive/ql/target/tmp/org.apache.hadoop.hive.ql.TestTxnNoBuckets-1713961246971/warehouse/tmp/.hive-staging_hive_2024-04-24_05-22-58_624_6912483150482100710-1/-ext-10000
2024-04-24T05:23:00,059  INFO [main] exec.Task: Moving data to directory file:/home/alex/Repositories/hive/ql/target/tmp/org.apache.hadoop.hive.ql.TestTxnNoBuckets-1713961246971/warehouse/tmp/.hive-staging_hive_2024-04-24_05-22-58_624_6912483150482100710-1/-ext-10000 from file:/home/alex/Repositories/hive/ql/target/tmp/org.apache.hadoop.hive.ql.TestTxnNoBuckets-1713961246971/warehouse/tmp/.hive-staging_hive_2024-04-24_05-22-58_624_6912483150482100710-1/-ext-10002
2024-04-24T05:23:00,059  INFO [main] ql.Driver: Starting task [Stage-0:MOVE] in serial mode
Loading data to table default.tmp
2024-04-24T05:23:00,059  INFO [main] exec.Task: Loading data to table default.tmp from file:/home/alex/Repositories/hive/ql/target/tmp/org.apache.hadoop.hive.ql.TestTxnNoBuckets-1713961246971/warehouse/tmp/.hive-staging_hive_2024-04-24_05-22-58_624_6912483150482100710-1/-ext-10000
2024-04-24T05:23:00,059  INFO [main] HiveMetaStore.audit: ugi=alex	ip=unknown-ip-addr	cmd=get_table : tbl=hive.default.tmp	
2024-04-24T05:23:00,072  INFO [main] metastore.HMSHandler: Skipping translation for processor with null
2024-04-24T05:23:00,072  INFO [main] HiveMetaStore.audit: ugi=alex	ip=unknown-ip-addr	cmd=get_table : tbl=hive.default.tmp	
2024-04-24T05:23:00,085  INFO [main] metastore.HMSHandler: Skipping translation for processor with null
2024-04-24T05:23:00,087  WARN [main] metadata.Hive: Cannot get a table snapshot for tmp
2024-04-24T05:23:00,087  INFO [main] HiveMetaStore.audit: ugi=alex	ip=unknown-ip-addr	cmd=alter_table: hive.default.tmp newtbl=tmp	
2024-04-24T05:23:00,115  INFO [main] ql.Driver: Starting task [Stage-2:STATS] in serial mode
2024-04-24T05:23:00,115  INFO [main] HiveMetaStore.audit: ugi=alex	ip=unknown-ip-addr	cmd=get_table : tbl=hive.default.tmp	
2024-04-24T05:23:00,127  INFO [main] metastore.HMSHandler: Skipping translation for processor with null
2024-04-24T05:23:00,127  INFO [main] stats.BasicStatsTask: Executing stats task
2024-04-24T05:23:00,127  INFO [main] fs.FSStatsPublisher: created : file:/home/alex/Repositories/hive/ql/target/tmp/localscratchdir/6d9c63d3-2d1f-4358-8a15-6e001754314a/hive_2024-04-24_05-22-58_624_6912483150482100710-1/-mr-10001
2024-04-24T05:23:00,128  INFO [main] HiveMetaStore.audit: ugi=alex	ip=unknown-ip-addr	cmd=get_table : tbl=hive.default.tmp	
2024-04-24T05:23:00,142  INFO [main] metastore.HMSHandler: Skipping translation for processor with null
2024-04-24T05:23:00,143  INFO [main] FileOperations: Read stats for default.tmp/, numRows, true, 2, false: 
2024-04-24T05:23:00,143  INFO [main] FileOperations: Read stats for default.tmp/, rawDataSize, true, 24, false: 
2024-04-24T05:23:00,143  WARN [main] metadata.Hive: Cannot get a table snapshot for tmp
2024-04-24T05:23:00,143  INFO [main] HiveMetaStore.audit: ugi=alex	ip=unknown-ip-addr	cmd=alter_table: hive.default.tmp newtbl=tmp	
2024-04-24T05:23:00,167  INFO [main] stats.BasicStatsTask: Table default.tmp stats: [numFiles=2, numRows=4, totalSize=562, rawDataSize=48, numFilesErasureCoded=0]
2024-04-24T05:23:00,167  INFO [main] metadata.Hive: Dumping metastore api call timing information for : execution phase
2024-04-24T05:23:00,167  INFO [main] metadata.Hive: Total time spent in each metastore function (ms): {getTable_(GetTableRequest)=52, isCompatibleWith_(Configuration)=0, alter_table_(String, String, String, Table, EnvironmentContext, String)=52}
MapReduce Jobs Launched: 
2024-04-24T05:23:00,168  INFO [main] ql.Driver: MapReduce Jobs Launched: 
Stage-Stage-1:  HDFS Read: 0 HDFS Write: 0 SUCCESS
2024-04-24T05:23:00,168  INFO [main] ql.Driver: Stage-Stage-1:  HDFS Read: 0 HDFS Write: 0 SUCCESS
Total MapReduce CPU Time Spent: 0 msec
2024-04-24T05:23:00,168  INFO [main] ql.Driver: Total MapReduce CPU Time Spent: 0 msec
2024-04-24T05:23:00,168  INFO [main] ql.Driver: Completed executing command(queryId=alex_20240424052258_5c78df00-c36d-4069-95c2-02864d1972df); Time taken: 1.365 seconds
2024-04-24T05:23:00,168  INFO [main] lockmgr.DbTxnManager: Stopped heartbeat for query: alex_20240424052258_5c78df00-c36d-4069-95c2-02864d1972df
2024-04-24T05:23:00,171  INFO [main] txn.TxnHandler: Expected to move at least one record from txn_components to completed_txn_components when committing txn! txnid:16
2024-04-24T05:23:00,177  INFO [main] txn.TxnHandler: Removed transactions: ([16]) from MIN_HISTORY_LEVEL
2024-04-24T05:23:00,177  WARN [main] txn.CompactionTxnHandler: No compaction queue record found for Compaction type transaction commit. txnId:16
2024-04-24T05:23:00,177  INFO [main] ql.TxnCommandsBaseForTests: Running the query: drop table if exists nobuckets
2024-04-24T05:23:00,178  INFO [main] ql.Context: Deleting scratch dir: file:/home/alex/Repositories/hive/ql/target/tmp/org.apache.hadoop.hive.ql.TestTxnNoBuckets-1713961246971/warehouse/tmp/.hive-staging_hive_2024-04-24_05-22-58_624_6912483150482100710-1
2024-04-24T05:23:00,178  INFO [main] cleanup.SyncCleanupService: Deleted directory: file:/home/alex/Repositories/hive/ql/target/tmp/org.apache.hadoop.hive.ql.TestTxnNoBuckets-1713961246971/warehouse/tmp/.hive-staging_hive_2024-04-24_05-22-58_624_6912483150482100710-1 on fs with scheme file
2024-04-24T05:23:00,178  INFO [main] ql.Context: Deleting scratch dir: file:/home/alex/Repositories/hive/ql/target/tmp/localscratchdir/6d9c63d3-2d1f-4358-8a15-6e001754314a/hive_2024-04-24_05-22-58_624_6912483150482100710-1
2024-04-24T05:23:00,178  INFO [main] cleanup.SyncCleanupService: Deleted directory: file:/home/alex/Repositories/hive/ql/target/tmp/localscratchdir/6d9c63d3-2d1f-4358-8a15-6e001754314a/hive_2024-04-24_05-22-58_624_6912483150482100710-1 on fs with scheme file
2024-04-24T05:23:00,178  INFO [main] ql.Driver: Compiling command(queryId=alex_20240424052300_4a671142-d048-42c6-8c97-8ef43c0fd9d5): drop table if exists nobuckets
2024-04-24T05:23:00,180  INFO [main] txn.TxnHandler: Added entries to MIN_HISTORY_LEVEL for current txns: ([17]) with min_open_txn: 17
2024-04-24T05:23:00,181  INFO [main] lockmgr.DbTxnManager: Opened txnid:17
2024-04-24T05:23:00,181  INFO [main] HiveMetaStore.audit: ugi=alex	ip=unknown-ip-addr	cmd=get_table : tbl=hive.default.nobuckets	
2024-04-24T05:23:00,188  INFO [main] metastore.HMSHandler: Skipping translation for processor with null
2024-04-24T05:23:00,188  INFO [main] ql.Driver: Semantic Analysis Completed (retrial = false)
2024-04-24T05:23:00,188  INFO [main] ql.Driver: Created Hive schema: Schema(fieldSchemas:null, properties:null)
2024-04-24T05:23:00,188  INFO [main] metadata.Hive: Dumping metastore api call timing information for : compilation phase
2024-04-24T05:23:00,188  INFO [main] metadata.Hive: Total time spent in each metastore function (ms): {commitTxn_(CommitTxnRequest)=9, getTable_(GetTableRequest)=7, openTxn_(String, TxnType)=2, flushCache_()=0, getValidTxns_(long)=0, isCompatibleWith_(Configuration)=0}
2024-04-24T05:23:00,188  INFO [main] ql.Driver: Completed compiling command(queryId=alex_20240424052300_4a671142-d048-42c6-8c97-8ef43c0fd9d5); Time taken: 0.01 seconds
2024-04-24T05:23:00,188  INFO [main] lockmgr.DbTxnManager: Setting lock request transaction to txnid:17 for queryId=alex_20240424052300_4a671142-d048-42c6-8c97-8ef43c0fd9d5
2024-04-24T05:23:00,189  INFO [main] lockmgr.DbLockManager: Requesting lock for queryId=alex_20240424052300_4a671142-d048-42c6-8c97-8ef43c0fd9d5
2024-04-24T05:23:00,203  INFO [main] lockmgr.DbLockManager: Response to queryId=alex_20240424052300_4a671142-d048-42c6-8c97-8ef43c0fd9d5 LockResponse(lockid:11, state:ACQUIRED)
2024-04-24T05:23:00,203  INFO [main] ql.Driver: Operation DROPTABLE obtained 1 locks
2024-04-24T05:23:00,203  INFO [main] ql.Driver: Executing command(queryId=alex_20240424052300_4a671142-d048-42c6-8c97-8ef43c0fd9d5): drop table if exists nobuckets
2024-04-24T05:23:00,203  INFO [main] ql.Driver: Starting task [Stage-0:DDL] in serial mode
2024-04-24T05:23:00,203  INFO [main] HiveMetaStore.audit: ugi=alex	ip=unknown-ip-addr	cmd=get_table : tbl=hive.default.nobuckets	
2024-04-24T05:23:00,209  INFO [main] metastore.HMSHandler: Skipping translation for processor with null
2024-04-24T05:23:00,210  INFO [main] HiveMetaStore.audit: ugi=alex	ip=unknown-ip-addr	cmd=get_table : tbl=hive.default.nobuckets	
2024-04-24T05:23:00,217  INFO [main] metastore.HMSHandler: Skipping translation for processor with null
2024-04-24T05:23:00,217  INFO [main] HiveMetaStore.audit: ugi=alex	ip=unknown-ip-addr	cmd=drop_table : tbl=hive.default.nobuckets	
2024-04-24T05:23:00,359  WARN [main] utils.FileUtils: File file:/home/alex/Repositories/hive/ql/target/tmp/org.apache.hadoop.hive.ql.TestTxnNoBuckets-1713961246971/warehouse/nobuckets does not exist; Force to delete it.
2024-04-24T05:23:00,359 ERROR [main] utils.FileUtils: Failed to delete file:/home/alex/Repositories/hive/ql/target/tmp/org.apache.hadoop.hive.ql.TestTxnNoBuckets-1713961246971/warehouse/nobuckets
2024-04-24T05:23:00,359  INFO [main] metadata.Hive: Dumping metastore api call timing information for : execution phase
2024-04-24T05:23:00,359  INFO [main] metadata.Hive: Total time spent in each metastore function (ms): {dropTable_(String, String, boolean, boolean, boolean)=149, getTable_(GetTableRequest)=6, isCompatibleWith_(Configuration)=0}
2024-04-24T05:23:00,360  INFO [main] ql.Driver: Completed executing command(queryId=alex_20240424052300_4a671142-d048-42c6-8c97-8ef43c0fd9d5); Time taken: 0.156 seconds
2024-04-24T05:23:00,360  INFO [main] lockmgr.DbTxnManager: Stopped heartbeat for query: alex_20240424052300_4a671142-d048-42c6-8c97-8ef43c0fd9d5
2024-04-24T05:23:00,364  INFO [main] txn.TxnHandler: Expected to move at least one record from txn_components to completed_txn_components when committing txn! txnid:17
2024-04-24T05:23:00,369  INFO [main] txn.TxnHandler: Removed transactions: ([17]) from MIN_HISTORY_LEVEL
2024-04-24T05:23:00,369  WARN [main] txn.CompactionTxnHandler: No compaction queue record found for Compaction type transaction commit. txnId:17
2024-04-24T05:23:00,370  INFO [main] ql.TxnCommandsBaseForTests: Running the query: create table nobuckets (c1 integer, c2 integer, c3 integer) stored as orc tblproperties('transactional'='true', 'transactional_properties'='default')
2024-04-24T05:23:00,370  INFO [main] ql.Driver: Compiling command(queryId=alex_20240424052300_b9ee6748-97b6-46bf-b088-97b2d8b041af): create table nobuckets (c1 integer, c2 integer, c3 integer) stored as orc tblproperties('transactional'='true', 'transactional_properties'='default')
2024-04-24T05:23:00,373  INFO [main] txn.TxnHandler: Added entries to MIN_HISTORY_LEVEL for current txns: ([18]) with min_open_txn: 17
2024-04-24T05:23:00,373  INFO [main] lockmgr.DbTxnManager: Opened txnid:18
2024-04-24T05:23:00,375  INFO [main] parse.CalcitePlanner: Starting caching scope for: 
2024-04-24T05:23:00,375  INFO [main] parse.CalcitePlanner: Starting Semantic Analysis
2024-04-24T05:23:00,380  INFO [main] parse.CalcitePlanner: Creating table default.nobuckets position=13
2024-04-24T05:23:00,380  INFO [main] HiveMetaStore.audit: ugi=alex	ip=unknown-ip-addr	cmd=get_database: default	
2024-04-24T05:23:00,387  INFO [main] parse.CalcitePlanner: Ending caching scope for: 
2024-04-24T05:23:00,387  INFO [main] ql.Driver: Semantic Analysis Completed (retrial = false)
2024-04-24T05:23:00,387  INFO [main] ql.Driver: Created Hive schema: Schema(fieldSchemas:null, properties:null)
2024-04-24T05:23:00,387  INFO [main] metadata.Hive: Dumping metastore api call timing information for : compilation phase
2024-04-24T05:23:00,387  INFO [main] metadata.Hive: Total time spent in each metastore function (ms): {getDatabase_(String)=7, openTxn_(String, TxnType)=2, getValidWriteIds_(List, String)=5, commitTxn_(CommitTxnRequest)=10, isCompatibleWith_(Configuration)=0, flushCache_()=1, getValidTxns_(long)=2}
2024-04-24T05:23:00,388  INFO [main] ql.Driver: Completed compiling command(queryId=alex_20240424052300_b9ee6748-97b6-46bf-b088-97b2d8b041af); Time taken: 0.017 seconds
2024-04-24T05:23:00,388  INFO [main] lockmgr.DbTxnManager: Setting lock request transaction to txnid:18 for queryId=alex_20240424052300_b9ee6748-97b6-46bf-b088-97b2d8b041af
2024-04-24T05:23:00,388  INFO [main] lockmgr.DbLockManager: Requesting lock for queryId=alex_20240424052300_b9ee6748-97b6-46bf-b088-97b2d8b041af
2024-04-24T05:23:00,412  INFO [main] lockmgr.DbLockManager: Response to queryId=alex_20240424052300_b9ee6748-97b6-46bf-b088-97b2d8b041af LockResponse(lockid:12, state:ACQUIRED)
2024-04-24T05:23:00,412  INFO [main] ql.Driver: Operation CREATETABLE obtained 1 locks
2024-04-24T05:23:00,413  INFO [main] ql.Driver: Executing command(queryId=alex_20240424052300_b9ee6748-97b6-46bf-b088-97b2d8b041af): create table nobuckets (c1 integer, c2 integer, c3 integer) stored as orc tblproperties('transactional'='true', 'transactional_properties'='default')
2024-04-24T05:23:00,413  INFO [main] ql.Driver: Starting task [Stage-0:DDL] in serial mode
2024-04-24T05:23:00,414  INFO [main] HiveMetaStore.audit: ugi=alex	ip=unknown-ip-addr	cmd=create_table_req: Table(tableName:nobuckets, dbName:default, owner:alex, createTime:1713961380, lastAccessTime:0, retention:0, sd:StorageDescriptor(cols:[FieldSchema(name:c1, type:int, comment:null), FieldSchema(name:c2, type:int, comment:null), FieldSchema(name:c3, type:int, comment:null)], location:null, inputFormat:org.apache.hadoop.hive.ql.io.orc.OrcInputFormat, outputFormat:org.apache.hadoop.hive.ql.io.orc.OrcOutputFormat, compressed:false, numBuckets:-1, serdeInfo:SerDeInfo(name:null, serializationLib:org.apache.hadoop.hive.ql.io.orc.OrcSerde, parameters:{serialization.format=1}), bucketCols:[], sortCols:[], parameters:{}, skewedInfo:SkewedInfo(skewedColNames:[], skewedColValues:[], skewedColValueLocationMaps:{}), storedAsSubDirectories:false), partitionKeys:[], parameters:{transactional_properties=default, numFiles=0, rawDataSize=0, COLUMN_STATS_ACCURATE={"BASIC_STATS":"true","COLUMN_STATS":{"c1":"true","c2":"true","c3":"true"}}, transactional=true, numFilesErasureCoded=0, numRows=0, totalSize=0, bucketing_version=2}, viewOriginalText:null, viewExpandedText:null, tableType:MANAGED_TABLE, privileges:PrincipalPrivilegeSet(userPrivileges:{alex=[PrivilegeGrantInfo(privilege:INSERT, createTime:-1, grantor:alex, grantorType:USER, grantOption:true), PrivilegeGrantInfo(privilege:SELECT, createTime:-1, grantor:alex, grantorType:USER, grantOption:true), PrivilegeGrantInfo(privilege:UPDATE, createTime:-1, grantor:alex, grantorType:USER, grantOption:true), PrivilegeGrantInfo(privilege:DELETE, createTime:-1, grantor:alex, grantorType:USER, grantOption:true)]}, groupPrivileges:null, rolePrivileges:null), temporary:false, catName:hive, ownerType:USER, writeId:0)	
2024-04-24T05:23:00,422  INFO [main] utils.FileUtils: Creating directory if it doesn't exist: file:/home/alex/Repositories/hive/ql/target/tmp/org.apache.hadoop.hive.ql.TestTxnNoBuckets-1713961246971/warehouse/nobuckets
2024-04-24T05:23:00,448  INFO [main] metadata.Hive: Dumping metastore api call timing information for : execution phase
2024-04-24T05:23:00,448  INFO [main] metadata.Hive: Total time spent in each metastore function (ms): {createTable_(Table)=34, isCompatibleWith_(Configuration)=0}
2024-04-24T05:23:00,449  INFO [main] ql.Driver: Completed executing command(queryId=alex_20240424052300_b9ee6748-97b6-46bf-b088-97b2d8b041af); Time taken: 0.035 seconds
2024-04-24T05:23:00,449  INFO [main] lockmgr.DbTxnManager: Stopped heartbeat for query: alex_20240424052300_b9ee6748-97b6-46bf-b088-97b2d8b041af
2024-04-24T05:23:00,452  INFO [main] txn.TxnHandler: Expected to move at least one record from txn_components to completed_txn_components when committing txn! txnid:18
2024-04-24T05:23:00,457  INFO [main] txn.TxnHandler: Removed transactions: ([18]) from MIN_HISTORY_LEVEL
2024-04-24T05:23:00,457  WARN [main] txn.CompactionTxnHandler: No compaction queue record found for Compaction type transaction commit. txnId:18
2024-04-24T05:23:00,458  INFO [main] ql.TxnCommandsBaseForTests: Running the query: insert into nobuckets select * from tmp
2024-04-24T05:23:00,458  INFO [main] ql.Driver: Compiling command(queryId=alex_20240424052300_60cf3dd5-8d75-4da4-9e2d-f8e6b9310598): insert into nobuckets select * from tmp
2024-04-24T05:23:00,460  INFO [main] txn.TxnHandler: Added entries to MIN_HISTORY_LEVEL for current txns: ([19]) with min_open_txn: 17
2024-04-24T05:23:00,460  INFO [main] lockmgr.DbTxnManager: Opened txnid:19
2024-04-24T05:23:00,461  INFO [main] parse.CalcitePlanner: Starting caching scope for: 
2024-04-24T05:23:00,461  INFO [main] parse.CalcitePlanner: Starting Semantic Analysis
2024-04-24T05:23:00,463  INFO [main] parse.CalcitePlanner: Completed phase 1 of Semantic Analysis
2024-04-24T05:23:00,463  INFO [main] parse.CalcitePlanner: Get metadata for source tables
2024-04-24T05:23:00,463  INFO [main] HiveMetaStore.audit: ugi=alex	ip=unknown-ip-addr	cmd=get_table : tbl=hive.default.tmp	
2024-04-24T05:23:00,487  INFO [main] metastore.HMSHandler: Skipping translation for processor with null
2024-04-24T05:23:00,487  INFO [main] parse.CalcitePlanner: Get metadata for subqueries
2024-04-24T05:23:00,487  INFO [main] parse.CalcitePlanner: Get metadata for destination tables
2024-04-24T05:23:00,487  INFO [main] HiveMetaStore.audit: ugi=alex	ip=unknown-ip-addr	cmd=get_table : tbl=hive.default.nobuckets	
2024-04-24T05:23:00,493  INFO [main] metastore.HMSHandler: Skipping translation for processor with null
2024-04-24T05:23:00,493  INFO [main] parse.CalcitePlanner: Completed getting MetaData in Semantic Analysis
2024-04-24T05:23:00,493  INFO [main] parse.CalcitePlanner: Disabling LLAP IO encode as ETL query is detected
2024-04-24T05:23:00,508  INFO [main] HiveMetaStore.audit: ugi=alex	ip=unknown-ip-addr	cmd=get_all_table_constraints : tbl=hive.default.tmp	
2024-04-24T05:23:00,544  INFO [main] calcite.RelOptHiveTable: Calculating column statistics for default.tmp, projIndxSet: [0, 1, 2], allowMissingStats: true
2024-04-24T05:23:00,545  INFO [main] HiveMetaStore.audit: ugi=alex	ip=unknown-ip-addr	cmd=get_table_statistics_req: table=hive.default.tmp	
2024-04-24T05:23:00,556  WARN [main] calcite.RelOptHiveTable: No Stats for default@tmp, Columns: c2, c1, c3
No Stats for default@tmp, Columns: c2, c1, c3
2024-04-24T05:23:00,556  INFO [main] SessionState: No Stats for default@tmp, Columns: c2, c1, c3
2024-04-24T05:23:00,594  INFO [main] parse.CalcitePlanner: Get metadata for source tables
2024-04-24T05:23:00,594  INFO [main] parse.CalcitePlanner: Get metadata for subqueries
2024-04-24T05:23:00,594  INFO [main] parse.CalcitePlanner: Get metadata for destination tables
2024-04-24T05:23:00,594  INFO [main] HiveMetaStore.audit: ugi=alex	ip=unknown-ip-addr	cmd=get_table : tbl=hive.default.nobuckets	
2024-04-24T05:23:00,600  INFO [main] metastore.HMSHandler: Skipping translation for processor with null
2024-04-24T05:23:00,601  INFO [main] HiveMetaStore.audit: ugi=alex	ip=unknown-ip-addr	cmd=get_not_null_constraints : tbl=hive.default.nobuckets	
2024-04-24T05:23:00,602  INFO [main] HiveMetaStore.audit: ugi=alex	ip=unknown-ip-addr	cmd=get_check_constraints : tbl=hive.default.nobuckets	
2024-04-24T05:23:00,610  INFO [main] txn.TxnHandler: Allocated writeId: 1 for txnId: 19
2024-04-24T05:23:00,611  INFO [main] txn.TxnHandler: Allocated write ids for dbName=default, tblName=nobuckets (txnIds: [19])
2024-04-24T05:23:00,613  INFO [main] parse.CalcitePlanner: CBO Succeeded; optimized logical plan.
2024-04-24T05:23:00,615  INFO [main] optimizer.BucketVersionPopulator: not considering bucketingVersion for: TS[0] because it has -1<2 buckets 
2024-04-24T05:23:00,615  INFO [main] optimizer.SortedDynPartitionOptimizer: Sorted dynamic partitioning optimization kicked in..
2024-04-24T05:23:00,623  INFO [main] HiveMetaStore.audit: ugi=alex	ip=unknown-ip-addr	cmd=get_table : tbl=hive.default.nobuckets	
2024-04-24T05:23:00,629  INFO [main] metastore.HMSHandler: Skipping translation for processor with null
2024-04-24T05:23:00,630  INFO [main] parse.CalcitePlanner: Completed plan generation
2024-04-24T05:23:00,630  INFO [main] parse.CalcitePlanner: Ending caching scope for: 
2024-04-24T05:23:00,630  INFO [main] ql.Driver: Semantic Analysis Completed (retrial = false)
2024-04-24T05:23:00,630  INFO [main] ql.Driver: Created Hive schema: Schema(fieldSchemas:[FieldSchema(name:tmp.c1, type:int, comment:null), FieldSchema(name:tmp.c2, type:int, comment:null), FieldSchema(name:tmp.c3, type:int, comment:null)], properties:null)
2024-04-24T05:23:00,630  INFO [main] metadata.Hive: Dumping metastore api call timing information for : compilation phase
2024-04-24T05:23:00,630  INFO [main] metadata.Hive: Total time spent in each metastore function (ms): {getTableColumnStatistics_(String, String, List, String)=11, openTxn_(String, TxnType)=1, flushCache_()=0, getCheckConstraints_(CheckConstraintsRequest)=1, getAllTableConstraints_(AllTableConstraintsRequest)=34, allocateTableWriteId_(long, String, String)=8, getValidWriteIds_(List, String)=2, commitTxn_(CommitTxnRequest)=9, isCompatibleWith_(Configuration)=1, getValidTxns_(long)=0, getNotNullConstraints_(NotNullConstraintsRequest)=1, getTable_(GetTableRequest)=42}
2024-04-24T05:23:00,630  INFO [main] ql.Driver: Completed compiling command(queryId=alex_20240424052300_60cf3dd5-8d75-4da4-9e2d-f8e6b9310598); Time taken: 0.172 seconds
2024-04-24T05:23:00,630  INFO [main] lockmgr.DbTxnManager: Setting lock request transaction to txnid:19 for queryId=alex_20240424052300_60cf3dd5-8d75-4da4-9e2d-f8e6b9310598
2024-04-24T05:23:00,631  INFO [main] lockmgr.DbLockManager: Requesting lock for queryId=alex_20240424052300_60cf3dd5-8d75-4da4-9e2d-f8e6b9310598
2024-04-24T05:23:00,644  INFO [main] lockmgr.DbLockManager: Response to queryId=alex_20240424052300_60cf3dd5-8d75-4da4-9e2d-f8e6b9310598 LockResponse(lockid:13, state:ACQUIRED)
2024-04-24T05:23:00,644  INFO [main] ql.Driver: Operation QUERY obtained 1 locks
2024-04-24T05:23:00,646  INFO [main] ql.Driver: Executing command(queryId=alex_20240424052300_60cf3dd5-8d75-4da4-9e2d-f8e6b9310598): insert into nobuckets select * from tmp
2024-04-24T05:23:00,647  WARN [main] ql.Driver: Hive-on-MR is deprecated in Hive 2 and may not be available in the future versions. Consider using a different execution engine (i.e. spark, tez) or using Hive 1.X releases.
Query ID = alex_20240424052300_60cf3dd5-8d75-4da4-9e2d-f8e6b9310598
2024-04-24T05:23:00,647  INFO [main] ql.Driver: Query ID = alex_20240424052300_60cf3dd5-8d75-4da4-9e2d-f8e6b9310598
Total jobs = 1
2024-04-24T05:23:00,647  INFO [main] ql.Driver: Total jobs = 1
Launching Job 1 out of 1
2024-04-24T05:23:00,647  INFO [main] ql.Driver: Launching Job 1 out of 1
2024-04-24T05:23:00,767  INFO [main] ql.Driver: Starting task [Stage-1:MAPRED] in serial mode
Number of reduce tasks is set to 0 since there's no reduce operator
2024-04-24T05:23:00,767  INFO [main] exec.Task: Number of reduce tasks is set to 0 since there's no reduce operator
2024-04-24T05:23:00,769  INFO [main] mr.ExecDriver: Using org.apache.hadoop.hive.ql.io.HiveInputFormat
2024-04-24T05:23:00,770  INFO [main] exec.Utilities: Processing alias tmp
2024-04-24T05:23:00,770  INFO [main] exec.Utilities: Adding 1 inputs; the first input is file:/home/alex/Repositories/hive/ql/target/tmp/org.apache.hadoop.hive.ql.TestTxnNoBuckets-1713961246971/warehouse/tmp
2024-04-24T05:23:00,778  INFO [main] exec.SerializationUtilities: Serializing MapWork using kryo
2024-04-24T05:23:00,779  INFO [main] exec.Utilities: Serialized plan (via FILE) - name: null size: 4,80KB
2024-04-24T05:23:00,780  WARN [main] impl.MetricsSystemImpl: JobTracker metrics system already initialized!
2024-04-24T05:23:00,783  INFO [main] fs.FSStatsPublisher: created : file:/home/alex/Repositories/hive/ql/target/tmp/localscratchdir/6d9c63d3-2d1f-4358-8a15-6e001754314a/hive_2024-04-24_05-23-00_458_5717760677303467612-1/-mr-10000
2024-04-24T05:23:00,786  WARN [main] impl.MetricsSystemImpl: JobTracker metrics system already initialized!
2024-04-24T05:23:00,792  WARN [main] mapreduce.JobResourceUploader: Hadoop command-line option parsing not performed. Implement the Tool interface and execute your application with ToolRunner to remedy this.
2024-04-24T05:23:00,797  WARN [main] mapreduce.JobResourceUploader: No job jar file set.  User classes may not be found. See Job or Job#setJar(String).
2024-04-24T05:23:00,798  INFO [main] io.HiveInputFormat: hive.io.file.readcolumn.ids = 0,1,2
2024-04-24T05:23:00,798  INFO [main] io.HiveInputFormat: hive.io.file.readcolumn.names = c1,c2,c3
2024-04-24T05:23:00,798  INFO [main] io.HiveInputFormat: Generating splits for dirs: file:/home/alex/Repositories/hive/ql/target/tmp/org.apache.hadoop.hive.ql.TestTxnNoBuckets-1713961246971/warehouse/tmp
2024-04-24T05:23:00,798  INFO [main] orc.OrcInputFormat: getSplits started
2024-04-24T05:23:00,798  INFO [main] orc.OrcInputFormat: Context:: isAcid: false isVectorMode: false sarg: null minSplitSize: 1 maxSplitSize: 256000000 splitStrategy: HYBRID footerInSplits: false numBuckets: 0 numThreads: 10 cacheMemSize: 268435456 cacheStripeDetails: true useSoftReference: false writeIdList: null:9223372036854775807:9223372036854775807:: isTransactionalTable: true txnProperties: default 
2024-04-24T05:23:00,798  INFO [main] orc.OrcInputFormat: ORC pushdown predicate: null
2024-04-24T05:23:00,804  INFO [main] orc.OrcInputFormat: FooterCacheHitRatio: 0/2
2024-04-24T05:23:00,804  INFO [main] orc.OrcInputFormat: getSplits finished (#splits: 2). duration: 6 ms
2024-04-24T05:23:00,804  INFO [main] io.HiveInputFormat: number of splits 2
2024-04-24T05:23:00,820  INFO [main] mapreduce.JobSubmitter: number of splits:2
2024-04-24T05:23:00,837  INFO [main] mapreduce.JobSubmitter: Submitting tokens for job: job_local477478342_0062
2024-04-24T05:23:00,837  INFO [main] mapreduce.JobSubmitter: Executing with tokens: []
2024-04-24T05:23:00,892  INFO [main] mapreduce.Job: The url to track the job: http://localhost:8080/
Job running in-process (local Hadoop)
2024-04-24T05:23:00,893  INFO [main] exec.Task: Job running in-process (local Hadoop)
2024-04-24T05:23:00,893  INFO [Thread-4077] mapred.LocalJobRunner: OutputCommitter set in config org.apache.hadoop.hive.ql.io.HiveFileFormatUtils$NullOutputCommitter
2024-04-24T05:23:00,893  INFO [Thread-4077] mapred.LocalJobRunner: OutputCommitter is org.apache.hadoop.hive.ql.io.HiveFileFormatUtils$NullOutputCommitter
2024-04-24T05:23:00,895  INFO [Thread-4077] mapred.LocalJobRunner: Waiting for map tasks
2024-04-24T05:23:00,895  INFO [LocalJobRunner Map Task Executor #0] mapred.LocalJobRunner: Starting task: attempt_local477478342_0062_m_000000_0
2024-04-24T05:23:00,896  INFO [LocalJobRunner Map Task Executor #0] mapred.Task:  Using ResourceCalculatorProcessTree : [ ]
2024-04-24T05:23:00,896  INFO [LocalJobRunner Map Task Executor #0] mapred.MapTask: Processing split: org.apache.hadoop.hive.ql.io.orc.OrcInputFormat:OrcSplit [file:/home/alex/Repositories/hive/ql/target/tmp/org.apache.hadoop.hive.ql.TestTxnNoBuckets-1713961246971/warehouse/tmp/000000_0, start=0, length=281, isOriginal=true, fileLength=281, hasFooter=false, hasBase=true, deltas=0]
2024-04-24T05:23:00,896  INFO [LocalJobRunner Map Task Executor #0] exec.SerializationUtilities: Deserializing MapWork using kryo
2024-04-24T05:23:00,897  INFO [LocalJobRunner Map Task Executor #0] exec.Utilities: Deserialized plan (via FILE) - name: null size: 4,80KB
2024-04-24T05:23:00,898  INFO [LocalJobRunner Map Task Executor #0] orc.ReaderImpl: Reading ORC rows from file:/home/alex/Repositories/hive/ql/target/tmp/org.apache.hadoop.hive.ql.TestTxnNoBuckets-1713961246971/warehouse/tmp/000000_0 with {include: [true, true, true, true], offset: 0, length: 281, schema: struct<c1:int,c2:int,c3:int>, includeAcidColumns: true}
2024-04-24T05:23:00,898  INFO [LocalJobRunner Map Task Executor #0] mapred.MapTask: numReduceTasks: 0
2024-04-24T05:23:00,898  INFO [LocalJobRunner Map Task Executor #0] exec.MapOperator: Initializing Operator: MAP[0]
2024-04-24T05:23:00,899  INFO [LocalJobRunner Map Task Executor #0] mr.ExecMapper: 
<MAP>Id =0
  <Children>null
  <\Children>
  <Parent><\Parent>
<\MAP>
2024-04-24T05:23:00,900  INFO [LocalJobRunner Map Task Executor #0] exec.TableScanOperator: Initializing Operator: TS[0]
2024-04-24T05:23:00,900  INFO [LocalJobRunner Map Task Executor #0] exec.SelectOperator: Initializing Operator: SEL[1]
2024-04-24T05:23:00,900  INFO [LocalJobRunner Map Task Executor #0] exec.SelectOperator: SELECT struct<c1:int,c2:int,c3:int>
2024-04-24T05:23:00,900  INFO [LocalJobRunner Map Task Executor #0] exec.FileSinkOperator: Initializing Operator: FS[2]
2024-04-24T05:23:00,901  INFO [LocalJobRunner Map Task Executor #0] exec.FileSinkOperator: Using serializer : AbstractSerDe [log=org.apache.logging.slf4j.Log4jLogger@5c8da227, configuration=Optional[Configuration: core-default.xml, core-site.xml, mapred-default.xml, mapred-site.xml, yarn-default.xml, yarn-site.xml, hdfs-default.xml, hdfs-site.xml, file:/home/alex/Repositories/hive/ql/target/tmp/TestTxnNoBuckets/mapred/local/localRunner/alex/job_local477478342_0062/job_local477478342_0062.xml], properties={transactional_properties=default, name=default.nobuckets, transactional=true, columns.types=int:int:int, columns=c1,c2,c3, numFilesErasureCoded=0, columns.comments=&amp#0;&amp#0;, bucketing_version=2, serialization.lib=org.apache.hadoop.hive.ql.io.orc.OrcSerde, file.inputformat=org.apache.hadoop.hive.ql.io.orc.OrcInputFormat, file.outputformat=org.apache.hadoop.hive.ql.io.orc.OrcOutputFormat, location=file:/home/alex/Repositories/hive/ql/target/tmp/org.apache.hadoop.hive.ql.TestTxnNoBuckets-1713961246971/warehouse/nobuckets, column.name.delimiter=,}, tableProperties={transactional_properties=default, name=default.nobuckets, transactional=true, columns.types=int:int:int, columns=c1,c2,c3, numFilesErasureCoded=0, columns.comments=&amp#0;&amp#0;, bucketing_version=2, serialization.lib=org.apache.hadoop.hive.ql.io.orc.OrcSerde, file.inputformat=org.apache.hadoop.hive.ql.io.orc.OrcInputFormat, location=file:/home/alex/Repositories/hive/ql/target/tmp/org.apache.hadoop.hive.ql.TestTxnNoBuckets-1713961246971/warehouse/nobuckets, file.outputformat=org.apache.hadoop.hive.ql.io.orc.OrcOutputFormat, column.name.delimiter=,}, partitionProperties=Optional.empty, columnNames=[c1, c2, c3], columnTypes=[int, int, int], getClass()=class org.apache.hadoop.hive.ql.io.orc.OrcSerde] and formatter : org.apache.hadoop.hive.ql.io.orc.OrcOutputFormat@2104cb71
2024-04-24T05:23:00,901  INFO [LocalJobRunner Map Task Executor #0] exec.FileSinkOperator: Final Path: FS file:/home/alex/Repositories/hive/ql/target/tmp/org.apache.hadoop.hive.ql.TestTxnNoBuckets-1713961246971/warehouse/nobuckets
2024-04-24T05:23:00,901  INFO [LocalJobRunner Map Task Executor #0] exec.FileSinkOperator: New Final Path: FS file:/home/alex/Repositories/hive/ql/target/tmp/org.apache.hadoop.hive.ql.TestTxnNoBuckets-1713961246971/warehouse/nobuckets
2024-04-24T05:23:00,901  INFO [LocalJobRunner Map Task Executor #0] common.FileUtils: Creating directory if it doesn't exist: file:/home/alex/Repositories/hive/ql/target/tmp/org.apache.hadoop.hive.ql.TestTxnNoBuckets-1713961246971/warehouse
2024-04-24T05:23:00,902  INFO [LocalJobRunner Map Task Executor #0] exec.FileSinkOperator: FS[2]: records written - 1
2024-04-24T05:23:00,902  INFO [LocalJobRunner Map Task Executor #0] impl.PhysicalFsWriter: ORC writer created for path: file:/home/alex/Repositories/hive/ql/target/tmp/org.apache.hadoop.hive.ql.TestTxnNoBuckets-1713961246971/warehouse/nobuckets/delta_0000001_0000001_0000/bucket_00000_0 with stripeSize: 8388608 blockSize: 268435456 compression: Compress: ZLIB buffer: 32768
2024-04-24T05:23:00,909  INFO [LocalJobRunner Map Task Executor #0] impl.WriterImpl: ORC writer created for path: file:/home/alex/Repositories/hive/ql/target/tmp/org.apache.hadoop.hive.ql.TestTxnNoBuckets-1713961246971/warehouse/nobuckets/delta_0000001_0000001_0000/bucket_00000_0 with stripeSize: 8388608 options: Compress: ZLIB buffer: 32768
2024-04-24T05:23:00,914  INFO [LocalJobRunner Map Task Executor #0] exec.MapOperator: MAP[0]: records read - 1
2024-04-24T05:23:00,914  INFO [LocalJobRunner Map Task Executor #0] exec.MapOperator: Closing Operator: MAP[0]
2024-04-24T05:23:00,914  INFO [LocalJobRunner Map Task Executor #0] exec.MapOperator: MAP[0]: Total records read - 2. abort - false
2024-04-24T05:23:00,914  INFO [LocalJobRunner Map Task Executor #0] exec.MapOperator: RECORDS_OUT_OPERATOR_MAP_0:0, RECORDS_OUT_INTERMEDIATE:0, RECORDS_IN:2, DESERIALIZE_ERRORS:0, 
2024-04-24T05:23:00,914  INFO [LocalJobRunner Map Task Executor #0] exec.TableScanOperator: Closing Operator: TS[0]
2024-04-24T05:23:00,914  INFO [LocalJobRunner Map Task Executor #0] exec.TableScanOperator: RECORDS_OUT_OPERATOR_TS_0:2, RECORDS_OUT_INTERMEDIATE:0, 
2024-04-24T05:23:00,914  INFO [LocalJobRunner Map Task Executor #0] exec.SelectOperator: Closing Operator: SEL[1]
2024-04-24T05:23:00,914  INFO [LocalJobRunner Map Task Executor #0] exec.SelectOperator: RECORDS_OUT_INTERMEDIATE:0, RECORDS_OUT_OPERATOR_SEL_1:2, 
2024-04-24T05:23:00,914  INFO [LocalJobRunner Map Task Executor #0] exec.FileSinkOperator: Closing Operator: FS[2]
2024-04-24T05:23:00,914  INFO [LocalJobRunner Map Task Executor #0] exec.FileSinkOperator: FS[2]: records written - 2
2024-04-24T05:23:00,916  INFO [LocalJobRunner Map Task Executor #0] FileOperations: Writing manifest to file:/home/alex/Repositories/hive/ql/target/tmp/org.apache.hadoop.hive.ql.TestTxnNoBuckets-1713961246971/warehouse/nobuckets/_tmp.delta_0000001_0000001_0000/000000_0.manifest with [file:/home/alex/Repositories/hive/ql/target/tmp/org.apache.hadoop.hive.ql.TestTxnNoBuckets-1713961246971/warehouse/nobuckets/delta_0000001_0000001_0000/bucket_00000_0]
2024-04-24T05:23:00,928  INFO [LocalJobRunner Map Task Executor #0] exec.FileSinkOperator: RECORDS_OUT_INTERMEDIATE:0, TOTAL_TABLE_ROWS_WRITTEN:2, RECORDS_OUT_1_default.nobuckets:2, RECORDS_OUT_OPERATOR_FS_2:2, 
2024-04-24T05:23:00,928  INFO [LocalJobRunner Map Task Executor #0] mapred.LocalJobRunner: 
2024-04-24T05:23:00,928  INFO [LocalJobRunner Map Task Executor #0] mapred.Task: Task:attempt_local477478342_0062_m_000000_0 is done. And is in the process of committing
2024-04-24T05:23:00,929  INFO [LocalJobRunner Map Task Executor #0] mapred.LocalJobRunner: map
2024-04-24T05:23:00,929  INFO [LocalJobRunner Map Task Executor #0] mapred.Task: Task 'attempt_local477478342_0062_m_000000_0' done.
2024-04-24T05:23:00,929  INFO [LocalJobRunner Map Task Executor #0] mapred.Task: Final Counters for attempt_local477478342_0062_m_000000_0: Counters: 25
	File System Counters
		FILE: Number of bytes read=1455005
		FILE: Number of bytes written=73045347
		FILE: Number of read operations=0
		FILE: Number of large read operations=0
		FILE: Number of write operations=0
	Map-Reduce Framework
		Map input records=2
		Map output records=0
		Input split bytes=455
		Spilled Records=0
		Failed Shuffles=0
		Merged Map outputs=0
		GC time elapsed (ms)=0
		Total committed heap usage (bytes)=1249378304
	HIVE
		CREATED_FILES=1
		DESERIALIZE_ERRORS=0
		RECORDS_IN=2
		RECORDS_OUT_1_default.nobuckets=2
		RECORDS_OUT_INTERMEDIATE=0
		RECORDS_OUT_OPERATOR_FS_2=2
		RECORDS_OUT_OPERATOR_MAP_0=0
		RECORDS_OUT_OPERATOR_SEL_1=2
		RECORDS_OUT_OPERATOR_TS_0=2
		TOTAL_TABLE_ROWS_WRITTEN=2
	File Input Format Counters 
		Bytes Read=6033
	File Output Format Counters 
		Bytes Written=0
2024-04-24T05:23:00,929  INFO [LocalJobRunner Map Task Executor #0] mapred.LocalJobRunner: Finishing task: attempt_local477478342_0062_m_000000_0
2024-04-24T05:23:00,929  INFO [LocalJobRunner Map Task Executor #0] mapred.LocalJobRunner: Starting task: attempt_local477478342_0062_m_000001_0
2024-04-24T05:23:00,930  INFO [LocalJobRunner Map Task Executor #0] mapred.Task:  Using ResourceCalculatorProcessTree : [ ]
2024-04-24T05:23:00,930  INFO [LocalJobRunner Map Task Executor #0] mapred.MapTask: Processing split: org.apache.hadoop.hive.ql.io.orc.OrcInputFormat:OrcSplit [file:/home/alex/Repositories/hive/ql/target/tmp/org.apache.hadoop.hive.ql.TestTxnNoBuckets-1713961246971/warehouse/tmp/000000_0_copy_1, start=0, length=281, isOriginal=true, fileLength=281, hasFooter=false, hasBase=true, deltas=0]
2024-04-24T05:23:00,930  INFO [LocalJobRunner Map Task Executor #0] exec.SerializationUtilities: Deserializing MapWork using kryo
2024-04-24T05:23:00,931  INFO [LocalJobRunner Map Task Executor #0] exec.Utilities: Deserialized plan (via FILE) - name: null size: 4,80KB
2024-04-24T05:23:00,931  INFO [LocalJobRunner Map Task Executor #0] orc.ReaderImpl: Reading ORC rows from file:/home/alex/Repositories/hive/ql/target/tmp/org.apache.hadoop.hive.ql.TestTxnNoBuckets-1713961246971/warehouse/tmp/000000_0_copy_1 with {include: [true, true, true, true], offset: 0, length: 281, schema: struct<c1:int,c2:int,c3:int>, includeAcidColumns: true}
2024-04-24T05:23:00,932  INFO [LocalJobRunner Map Task Executor #0] mapred.MapTask: numReduceTasks: 0
2024-04-24T05:23:00,933  INFO [LocalJobRunner Map Task Executor #0] exec.MapOperator: Initializing Operator: MAP[0]
2024-04-24T05:23:00,934  INFO [LocalJobRunner Map Task Executor #0] mr.ExecMapper: 
<MAP>Id =0
  <Children>null
  <\Children>
  <Parent><\Parent>
<\MAP>
2024-04-24T05:23:00,935  INFO [LocalJobRunner Map Task Executor #0] exec.TableScanOperator: Initializing Operator: TS[0]
2024-04-24T05:23:00,935  INFO [LocalJobRunner Map Task Executor #0] exec.SelectOperator: Initializing Operator: SEL[1]
2024-04-24T05:23:00,935  INFO [LocalJobRunner Map Task Executor #0] exec.SelectOperator: SELECT struct<c1:int,c2:int,c3:int>
2024-04-24T05:23:00,935  INFO [LocalJobRunner Map Task Executor #0] exec.FileSinkOperator: Initializing Operator: FS[2]
2024-04-24T05:23:00,936  INFO [LocalJobRunner Map Task Executor #0] exec.FileSinkOperator: Using serializer : AbstractSerDe [log=org.apache.logging.slf4j.Log4jLogger@5c8da227, configuration=Optional[Configuration: core-default.xml, core-site.xml, mapred-default.xml, mapred-site.xml, yarn-default.xml, yarn-site.xml, hdfs-default.xml, hdfs-site.xml, file:/home/alex/Repositories/hive/ql/target/tmp/TestTxnNoBuckets/mapred/local/localRunner/alex/job_local477478342_0062/job_local477478342_0062.xml], properties={transactional_properties=default, name=default.nobuckets, transactional=true, columns.types=int:int:int, columns=c1,c2,c3, numFilesErasureCoded=0, columns.comments=&amp#0;&amp#0;, bucketing_version=2, serialization.lib=org.apache.hadoop.hive.ql.io.orc.OrcSerde, file.inputformat=org.apache.hadoop.hive.ql.io.orc.OrcInputFormat, file.outputformat=org.apache.hadoop.hive.ql.io.orc.OrcOutputFormat, location=file:/home/alex/Repositories/hive/ql/target/tmp/org.apache.hadoop.hive.ql.TestTxnNoBuckets-1713961246971/warehouse/nobuckets, column.name.delimiter=,}, tableProperties={transactional_properties=default, name=default.nobuckets, transactional=true, columns.types=int:int:int, columns=c1,c2,c3, numFilesErasureCoded=0, columns.comments=&amp#0;&amp#0;, bucketing_version=2, serialization.lib=org.apache.hadoop.hive.ql.io.orc.OrcSerde, file.inputformat=org.apache.hadoop.hive.ql.io.orc.OrcInputFormat, location=file:/home/alex/Repositories/hive/ql/target/tmp/org.apache.hadoop.hive.ql.TestTxnNoBuckets-1713961246971/warehouse/nobuckets, file.outputformat=org.apache.hadoop.hive.ql.io.orc.OrcOutputFormat, column.name.delimiter=,}, partitionProperties=Optional.empty, columnNames=[c1, c2, c3], columnTypes=[int, int, int], getClass()=class org.apache.hadoop.hive.ql.io.orc.OrcSerde] and formatter : org.apache.hadoop.hive.ql.io.orc.OrcOutputFormat@7542d1bf
2024-04-24T05:23:00,936  INFO [LocalJobRunner Map Task Executor #0] exec.FileSinkOperator: Final Path: FS file:/home/alex/Repositories/hive/ql/target/tmp/org.apache.hadoop.hive.ql.TestTxnNoBuckets-1713961246971/warehouse/nobuckets
2024-04-24T05:23:00,936  INFO [LocalJobRunner Map Task Executor #0] exec.FileSinkOperator: New Final Path: FS file:/home/alex/Repositories/hive/ql/target/tmp/org.apache.hadoop.hive.ql.TestTxnNoBuckets-1713961246971/warehouse/nobuckets
2024-04-24T05:23:00,936  INFO [LocalJobRunner Map Task Executor #0] common.FileUtils: Creating directory if it doesn't exist: file:/home/alex/Repositories/hive/ql/target/tmp/org.apache.hadoop.hive.ql.TestTxnNoBuckets-1713961246971/warehouse
2024-04-24T05:23:00,936  INFO [LocalJobRunner Map Task Executor #0] exec.FileSinkOperator: FS[2]: records written - 1
2024-04-24T05:23:00,936  INFO [LocalJobRunner Map Task Executor #0] impl.PhysicalFsWriter: ORC writer created for path: file:/home/alex/Repositories/hive/ql/target/tmp/org.apache.hadoop.hive.ql.TestTxnNoBuckets-1713961246971/warehouse/nobuckets/delta_0000001_0000001_0000/bucket_00001_0 with stripeSize: 8388608 blockSize: 268435456 compression: Compress: ZLIB buffer: 32768
2024-04-24T05:23:00,941  INFO [LocalJobRunner Map Task Executor #0] impl.WriterImpl: ORC writer created for path: file:/home/alex/Repositories/hive/ql/target/tmp/org.apache.hadoop.hive.ql.TestTxnNoBuckets-1713961246971/warehouse/nobuckets/delta_0000001_0000001_0000/bucket_00001_0 with stripeSize: 8388608 options: Compress: ZLIB buffer: 32768
2024-04-24T05:23:00,942  INFO [LocalJobRunner Map Task Executor #0] exec.MapOperator: MAP[0]: records read - 1
2024-04-24T05:23:00,942  INFO [LocalJobRunner Map Task Executor #0] exec.MapOperator: Closing Operator: MAP[0]
2024-04-24T05:23:00,942  INFO [LocalJobRunner Map Task Executor #0] exec.MapOperator: MAP[0]: Total records read - 2. abort - false
2024-04-24T05:23:00,942  INFO [LocalJobRunner Map Task Executor #0] exec.MapOperator: RECORDS_OUT_OPERATOR_MAP_0:0, RECORDS_OUT_INTERMEDIATE:0, RECORDS_IN:2, DESERIALIZE_ERRORS:0, 
2024-04-24T05:23:00,942  INFO [LocalJobRunner Map Task Executor #0] exec.TableScanOperator: Closing Operator: TS[0]
2024-04-24T05:23:00,942  INFO [LocalJobRunner Map Task Executor #0] exec.TableScanOperator: RECORDS_OUT_OPERATOR_TS_0:2, RECORDS_OUT_INTERMEDIATE:0, 
2024-04-24T05:23:00,942  INFO [LocalJobRunner Map Task Executor #0] exec.SelectOperator: Closing Operator: SEL[1]
2024-04-24T05:23:00,942  INFO [LocalJobRunner Map Task Executor #0] exec.SelectOperator: RECORDS_OUT_INTERMEDIATE:0, RECORDS_OUT_OPERATOR_SEL_1:2, 
2024-04-24T05:23:00,942  INFO [LocalJobRunner Map Task Executor #0] exec.FileSinkOperator: Closing Operator: FS[2]
2024-04-24T05:23:00,942  INFO [LocalJobRunner Map Task Executor #0] exec.FileSinkOperator: FS[2]: records written - 2
2024-04-24T05:23:00,943  INFO [LocalJobRunner Map Task Executor #0] FileOperations: Writing manifest to file:/home/alex/Repositories/hive/ql/target/tmp/org.apache.hadoop.hive.ql.TestTxnNoBuckets-1713961246971/warehouse/nobuckets/_tmp.delta_0000001_0000001_0000/000001_0.manifest with [file:/home/alex/Repositories/hive/ql/target/tmp/org.apache.hadoop.hive.ql.TestTxnNoBuckets-1713961246971/warehouse/nobuckets/delta_0000001_0000001_0000/bucket_00001_0]
2024-04-24T05:23:00,953  INFO [LocalJobRunner Map Task Executor #0] exec.FileSinkOperator: RECORDS_OUT_1_default.nobuckets:2, TOTAL_TABLE_ROWS_WRITTEN:2, RECORDS_OUT_INTERMEDIATE:0, RECORDS_OUT_OPERATOR_FS_2:2, 
2024-04-24T05:23:00,953  INFO [LocalJobRunner Map Task Executor #0] mapred.LocalJobRunner: 
2024-04-24T05:23:00,953  INFO [LocalJobRunner Map Task Executor #0] mapred.Task: Task:attempt_local477478342_0062_m_000001_0 is done. And is in the process of committing
2024-04-24T05:23:00,954  INFO [LocalJobRunner Map Task Executor #0] mapred.LocalJobRunner: map
2024-04-24T05:23:00,954  INFO [LocalJobRunner Map Task Executor #0] mapred.Task: Task 'attempt_local477478342_0062_m_000001_0' done.
2024-04-24T05:23:00,954  INFO [LocalJobRunner Map Task Executor #0] mapred.Task: Final Counters for attempt_local477478342_0062_m_000001_0: Counters: 25
	File System Counters
		FILE: Number of bytes read=1461979
		FILE: Number of bytes written=73046412
		FILE: Number of read operations=0
		FILE: Number of large read operations=0
		FILE: Number of write operations=0
	Map-Reduce Framework
		Map input records=2
		Map output records=0
		Input split bytes=463
		Spilled Records=0
		Failed Shuffles=0
		Merged Map outputs=0
		GC time elapsed (ms)=0
		Total committed heap usage (bytes)=1249378304
	HIVE
		CREATED_FILES=1
		DESERIALIZE_ERRORS=0
		RECORDS_IN=2
		RECORDS_OUT_1_default.nobuckets=2
		RECORDS_OUT_INTERMEDIATE=0
		RECORDS_OUT_OPERATOR_FS_2=2
		RECORDS_OUT_OPERATOR_MAP_0=0
		RECORDS_OUT_OPERATOR_SEL_1=2
		RECORDS_OUT_OPERATOR_TS_0=2
		TOTAL_TABLE_ROWS_WRITTEN=2
	File Input Format Counters 
		Bytes Read=6033
	File Output Format Counters 
		Bytes Written=0
2024-04-24T05:23:00,954  INFO [LocalJobRunner Map Task Executor #0] mapred.LocalJobRunner: Finishing task: attempt_local477478342_0062_m_000001_0
2024-04-24T05:23:00,954  INFO [Thread-4077] mapred.LocalJobRunner: map task executor complete.
2024-04-24 05:23:01,895 Stage-1 map = 100%,  reduce = 0%
2024-04-24T05:23:01,895  INFO [main] exec.Task: 2024-04-24 05:23:01,895 Stage-1 map = 100%,  reduce = 0%
Ended Job = job_local477478342_0062
2024-04-24T05:23:01,897  INFO [main] exec.Task: Ended Job = job_local477478342_0062
2024-04-24T05:23:01,898  INFO [main] FileOperations: Found manifest file file:/home/alex/Repositories/hive/ql/target/tmp/org.apache.hadoop.hive.ql.TestTxnNoBuckets-1713961246971/warehouse/nobuckets/_tmp.delta_0000001_0000001_0000/000000_0.manifest with attemptId 0.
2024-04-24T05:23:01,898  INFO [main] FileOperations: Found manifest file file:/home/alex/Repositories/hive/ql/target/tmp/org.apache.hadoop.hive.ql.TestTxnNoBuckets-1713961246971/warehouse/nobuckets/_tmp.delta_0000001_0000001_0000/000001_0.manifest with attemptId 0.
2024-04-24T05:23:01,898  INFO [main] FileOperations: Looking at manifest file: file:/home/alex/Repositories/hive/ql/target/tmp/org.apache.hadoop.hive.ql.TestTxnNoBuckets-1713961246971/warehouse/nobuckets/_tmp.delta_0000001_0000001_0000/000000_0.manifest
2024-04-24T05:23:01,898  INFO [main] FileOperations: Looking at manifest file: file:/home/alex/Repositories/hive/ql/target/tmp/org.apache.hadoop.hive.ql.TestTxnNoBuckets-1713961246971/warehouse/nobuckets/_tmp.delta_0000001_0000001_0000/000001_0.manifest
2024-04-24T05:23:01,899  INFO [main] FileOperations: Deleting manifest directory file:/home/alex/Repositories/hive/ql/target/tmp/org.apache.hadoop.hive.ql.TestTxnNoBuckets-1713961246971/warehouse/nobuckets/_tmp.delta_0000001_0000001_0000
2024-04-24T05:23:01,900  INFO [main] ql.Driver: Starting task [Stage-0:MOVE] in serial mode
Loading data to table default.nobuckets
2024-04-24T05:23:01,900  INFO [main] exec.Task: Loading data to table default.nobuckets from file:/home/alex/Repositories/hive/ql/target/tmp/org.apache.hadoop.hive.ql.TestTxnNoBuckets-1713961246971/warehouse/nobuckets
2024-04-24T05:23:01,900  INFO [main] HiveMetaStore.audit: ugi=alex	ip=unknown-ip-addr	cmd=get_table : tbl=hive.default.nobuckets	
2024-04-24T05:23:01,910  INFO [main] metastore.HMSHandler: Skipping translation for processor with null
2024-04-24T05:23:01,910  INFO [main] HiveMetaStore.audit: ugi=alex	ip=unknown-ip-addr	cmd=get_table : tbl=hive.default.nobuckets	
2024-04-24T05:23:01,917  INFO [main] metastore.HMSHandler: Skipping translation for processor with null
2024-04-24T05:23:01,918  INFO [main] HiveMetaStore.audit: ugi=alex	ip=unknown-ip-addr	cmd=alter_table: hive.default.nobuckets newtbl=nobuckets	
2024-04-24T05:23:01,942  INFO [main] ql.Driver: Starting task [Stage-2:STATS] in serial mode
2024-04-24T05:23:01,942  INFO [main] HiveMetaStore.audit: ugi=alex	ip=unknown-ip-addr	cmd=get_table : tbl=hive.default.nobuckets	
2024-04-24T05:23:01,948  INFO [main] metastore.HMSHandler: Skipping translation for processor with null
2024-04-24T05:23:01,948  INFO [main] stats.BasicStatsTask: Executing stats task
2024-04-24T05:23:01,949  INFO [main] fs.FSStatsPublisher: created : file:/home/alex/Repositories/hive/ql/target/tmp/localscratchdir/6d9c63d3-2d1f-4358-8a15-6e001754314a/hive_2024-04-24_05-23-00_458_5717760677303467612-1/-mr-10000
2024-04-24T05:23:01,950  INFO [main] HiveMetaStore.audit: ugi=alex	ip=unknown-ip-addr	cmd=get_table : tbl=hive.default.nobuckets	
2024-04-24T05:23:01,956  INFO [main] metastore.HMSHandler: Skipping translation for processor with null
2024-04-24T05:23:01,967  WARN [main] FileOperations: Computing stats for an ACID table; stats may be inaccurate
2024-04-24T05:23:01,967  INFO [main] FileOperations: Read stats for default.nobuckets/, numRows, true, 4, false: 
2024-04-24T05:23:01,967  INFO [main] FileOperations: Read stats for default.nobuckets/, rawDataSize, true, 0, false: 
2024-04-24T05:23:01,968  INFO [main] HiveMetaStore.audit: ugi=alex	ip=unknown-ip-addr	cmd=alter_table: hive.default.nobuckets newtbl=nobuckets	
2024-04-24T05:23:01,988  INFO [main] FileOperations: Read stats for default.nobuckets/, insertCount, true, 4, false: 
2024-04-24T05:23:01,988  INFO [main] FileOperations: Read stats for default.nobuckets/, updateCount, true, 0, false: 
2024-04-24T05:23:01,988  INFO [main] FileOperations: Read stats for default.nobuckets/, deleteCount, true, 0, false: 
2024-04-24T05:23:01,989  INFO [main] stats.BasicStatsTask: Table default.nobuckets stats: [numFiles=2, numRows=4, totalSize=1443, rawDataSize=0, numFilesErasureCoded=0]
2024-04-24T05:23:01,990  INFO [main] metadata.Hive: Dumping metastore api call timing information for : execution phase
2024-04-24T05:23:01,990  INFO [main] metadata.Hive: Total time spent in each metastore function (ms): {isCompatibleWith_(Configuration)=0, getTable_(GetTableRequest)=29, updateTransactionalStatistics_(UpdateTransactionalStatsRequest)=1, alter_table_(String, String, String, Table, EnvironmentContext, String)=46}
MapReduce Jobs Launched: 
2024-04-24T05:23:01,990  INFO [main] ql.Driver: MapReduce Jobs Launched: 
Stage-Stage-1:  HDFS Read: 0 HDFS Write: 0 SUCCESS
2024-04-24T05:23:01,991  INFO [main] ql.Driver: Stage-Stage-1:  HDFS Read: 0 HDFS Write: 0 SUCCESS
Total MapReduce CPU Time Spent: 0 msec
2024-04-24T05:23:01,991  INFO [main] ql.Driver: Total MapReduce CPU Time Spent: 0 msec
2024-04-24T05:23:01,991  INFO [main] ql.Driver: Completed executing command(queryId=alex_20240424052300_60cf3dd5-8d75-4da4-9e2d-f8e6b9310598); Time taken: 1.344 seconds
2024-04-24T05:23:01,991  INFO [main] lockmgr.DbTxnManager: Stopped heartbeat for query: alex_20240424052300_60cf3dd5-8d75-4da4-9e2d-f8e6b9310598
2024-04-24T05:23:02,002  INFO [main] txn.TxnHandler: Removed transactions: ([19]) from MIN_HISTORY_LEVEL
2024-04-24T05:23:02,002  WARN [main] txn.CompactionTxnHandler: No compaction queue record found for Compaction type transaction commit. txnId:19
2024-04-24T05:23:02,002  INFO [main] ql.TxnCommandsBaseForTests: Running the query: select ROW__ID, c1, c2, c3, INPUT__FILE__NAME from nobuckets order by ROW__ID
2024-04-24T05:23:02,003  INFO [main] ql.Context: Deleting scratch dir: file:/home/alex/Repositories/hive/ql/target/tmp/localscratchdir/6d9c63d3-2d1f-4358-8a15-6e001754314a/hive_2024-04-24_05-23-00_458_5717760677303467612-1
2024-04-24T05:23:02,003  INFO [main] cleanup.SyncCleanupService: Deleted directory: file:/home/alex/Repositories/hive/ql/target/tmp/localscratchdir/6d9c63d3-2d1f-4358-8a15-6e001754314a/hive_2024-04-24_05-23-00_458_5717760677303467612-1 on fs with scheme file
2024-04-24T05:23:02,003  INFO [main] ql.Driver: Compiling command(queryId=alex_20240424052302_36c0b223-6402-4624-a4cb-ab0fa25ee941): select ROW__ID, c1, c2, c3, INPUT__FILE__NAME from nobuckets order by ROW__ID
2024-04-24T05:23:02,005  INFO [main] txn.TxnHandler: Added entries to MIN_HISTORY_LEVEL for current txns: ([20]) with min_open_txn: 20
2024-04-24T05:23:02,006  INFO [main] lockmgr.DbTxnManager: Opened txnid:20
2024-04-24T05:23:02,006  INFO [main] parse.CalcitePlanner: Starting caching scope for: 
2024-04-24T05:23:02,006  INFO [main] parse.CalcitePlanner: Starting Semantic Analysis
2024-04-24T05:23:02,008  INFO [main] parse.CalcitePlanner: Completed phase 1 of Semantic Analysis
2024-04-24T05:23:02,008  INFO [main] parse.CalcitePlanner: Get metadata for source tables
2024-04-24T05:23:02,009  INFO [main] HiveMetaStore.audit: ugi=alex	ip=unknown-ip-addr	cmd=get_table : tbl=hive.default.nobuckets	
2024-04-24T05:23:02,015  INFO [main] metastore.HMSHandler: Skipping translation for processor with null
2024-04-24T05:23:02,015  INFO [main] parse.CalcitePlanner: Get metadata for subqueries
2024-04-24T05:23:02,015  INFO [main] parse.CalcitePlanner: Get metadata for destination tables
2024-04-24T05:23:02,015  INFO [main] parse.CalcitePlanner: Completed getting MetaData in Semantic Analysis
2024-04-24T05:23:02,026  INFO [main] HiveMetaStore.audit: ugi=alex	ip=unknown-ip-addr	cmd=get_all_table_constraints : tbl=hive.default.nobuckets	
2024-04-24T05:23:02,033  INFO [main] calcite.RelOptHiveTable: Calculating column statistics for default.nobuckets, projIndxSet: [0, 1, 2], allowMissingStats: true
2024-04-24T05:23:02,034  INFO [main] HiveMetaStore.audit: ugi=alex	ip=unknown-ip-addr	cmd=get_table_statistics_req: table=hive.default.nobuckets	
2024-04-24T05:23:02,042  WARN [main] calcite.RelOptHiveTable: No Stats for default@nobuckets, Columns: c3, c1, c2
No Stats for default@nobuckets, Columns: c3, c1, c2
2024-04-24T05:23:02,042  INFO [main] SessionState: No Stats for default@nobuckets, Columns: c3, c1, c2
2024-04-24T05:23:02,093  INFO [main] parse.CalcitePlanner: Get metadata for source tables
2024-04-24T05:23:02,093  INFO [main] parse.CalcitePlanner: Get metadata for subqueries
2024-04-24T05:23:02,093  INFO [main] parse.CalcitePlanner: Get metadata for destination tables
2024-04-24T05:23:02,094  INFO [main] common.FileUtils: Creating directory if it doesn't exist: file:/home/alex/Repositories/hive/ql/target/tmp/localscratchdir/6d9c63d3-2d1f-4358-8a15-6e001754314a/hive_2024-04-24_05-23-02_003_7106194568862369105-1/-mr-10001/.hive-staging_hive_2024-04-24_05-23-02_003_7106194568862369105-1
2024-04-24T05:23:02,101  INFO [main] parse.CalcitePlanner: CBO Succeeded; optimized logical plan.
2024-04-24T05:23:02,103  INFO [main] optimizer.ColumnPrunerProcFactory: RS 2 oldColExprMap: {VALUE._col2=Column[_col3], VALUE._col0=Column[_col1], KEY.reducesinkkey0=Column[_col0], VALUE._col3=Column[_col4], VALUE._col1=Column[_col2]}
2024-04-24T05:23:02,103  INFO [main] optimizer.ColumnPrunerProcFactory: RS 2 newColExprMap: {KEY.reducesinkkey0=Column[_col0], VALUE._col1=Column[_col2], VALUE._col2=Column[_col3], VALUE._col3=Column[_col4], VALUE._col0=Column[_col1]}
2024-04-24T05:23:02,103  INFO [main] optimizer.BucketVersionPopulator: not considering bucketingVersion for: TS[0] because it has -1<2 buckets 
2024-04-24T05:23:02,104  INFO [main] optimizer.SortedDynPartitionOptimizer: Sorted dynamic partitioning optimization kicked in..
2024-04-24T05:23:02,112  INFO [main] parse.CalcitePlanner: Completed plan generation
2024-04-24T05:23:02,112  INFO [main] parse.CalcitePlanner: Ending caching scope for: 
2024-04-24T05:23:02,112  INFO [main] ql.Driver: Semantic Analysis Completed (retrial = false)
2024-04-24T05:23:02,112  INFO [main] ql.Driver: Created Hive schema: Schema(fieldSchemas:[FieldSchema(name:row__id, type:struct<writeid:bigint,bucketid:int,rowid:bigint>, comment:null), FieldSchema(name:c1, type:int, comment:null), FieldSchema(name:c2, type:int, comment:null), FieldSchema(name:c3, type:int, comment:null), FieldSchema(name:input__file__name, type:string, comment:null)], properties:null)
2024-04-24T05:23:02,113  INFO [main] exec.ListSinkOperator: Initializing Operator: LIST_SINK[5]
2024-04-24T05:23:02,113  INFO [main] metadata.Hive: Dumping metastore api call timing information for : compilation phase
2024-04-24T05:23:02,114  INFO [main] metadata.Hive: Total time spent in each metastore function (ms): {getTable_(GetTableRequest)=6, flushCache_()=0, getValidWriteIds_(List, String)=3, isCompatibleWith_(Configuration)=1, openTxn_(String, TxnType)=2, getAllTableConstraints_(AllTableConstraintsRequest)=4, getValidTxns_(long)=0, getTableColumnStatistics_(String, String, List, String)=7, commitTxn_(CommitTxnRequest)=11}
2024-04-24T05:23:02,114  INFO [main] ql.Driver: Completed compiling command(queryId=alex_20240424052302_36c0b223-6402-4624-a4cb-ab0fa25ee941); Time taken: 0.11 seconds
2024-04-24T05:23:02,114  INFO [main] lockmgr.DbTxnManager: Setting lock request transaction to txnid:20 for queryId=alex_20240424052302_36c0b223-6402-4624-a4cb-ab0fa25ee941
2024-04-24T05:23:02,114  INFO [main] lockmgr.DbLockManager: Requesting lock for queryId=alex_20240424052302_36c0b223-6402-4624-a4cb-ab0fa25ee941
2024-04-24T05:23:02,127  INFO [main] lockmgr.DbLockManager: Response to queryId=alex_20240424052302_36c0b223-6402-4624-a4cb-ab0fa25ee941 LockResponse(lockid:14, state:ACQUIRED)
2024-04-24T05:23:02,127  INFO [main] ql.Driver: Operation QUERY obtained 1 locks
2024-04-24T05:23:02,127  INFO [main] ql.Driver: Executing command(queryId=alex_20240424052302_36c0b223-6402-4624-a4cb-ab0fa25ee941): select ROW__ID, c1, c2, c3, INPUT__FILE__NAME from nobuckets order by ROW__ID
2024-04-24T05:23:02,127  WARN [main] ql.Driver: Hive-on-MR is deprecated in Hive 2 and may not be available in the future versions. Consider using a different execution engine (i.e. spark, tez) or using Hive 1.X releases.
Query ID = alex_20240424052302_36c0b223-6402-4624-a4cb-ab0fa25ee941
2024-04-24T05:23:02,127  INFO [main] ql.Driver: Query ID = alex_20240424052302_36c0b223-6402-4624-a4cb-ab0fa25ee941
Total jobs = 1
2024-04-24T05:23:02,128  INFO [main] ql.Driver: Total jobs = 1
Launching Job 1 out of 1
2024-04-24T05:23:02,128  INFO [main] ql.Driver: Launching Job 1 out of 1
2024-04-24T05:23:02,255  INFO [main] ql.Driver: Starting task [Stage-1:MAPRED] in serial mode
Number of reduce tasks determined at compile time: 1
2024-04-24T05:23:02,255  INFO [main] exec.Task: Number of reduce tasks determined at compile time: 1
In order to change the average load for a reducer (in bytes):
2024-04-24T05:23:02,255  INFO [main] exec.Task: In order to change the average load for a reducer (in bytes):
  set hive.exec.reducers.bytes.per.reducer=<number>
2024-04-24T05:23:02,255  INFO [main] exec.Task:   set hive.exec.reducers.bytes.per.reducer=<number>
In order to limit the maximum number of reducers:
2024-04-24T05:23:02,255  INFO [main] exec.Task: In order to limit the maximum number of reducers:
  set hive.exec.reducers.max=<number>
2024-04-24T05:23:02,255  INFO [main] exec.Task:   set hive.exec.reducers.max=<number>
In order to set a constant number of reducers:
2024-04-24T05:23:02,255  INFO [main] exec.Task: In order to set a constant number of reducers:
  set mapreduce.job.reduces=<number>
2024-04-24T05:23:02,255  INFO [main] exec.Task:   set mapreduce.job.reduces=<number>
2024-04-24T05:23:02,258  INFO [main] mr.ExecDriver: Using org.apache.hadoop.hive.ql.io.HiveInputFormat
2024-04-24T05:23:02,258  INFO [main] exec.Utilities: Processing alias nobuckets
2024-04-24T05:23:02,258  INFO [main] exec.Utilities: Adding 1 inputs; the first input is file:/home/alex/Repositories/hive/ql/target/tmp/org.apache.hadoop.hive.ql.TestTxnNoBuckets-1713961246971/warehouse/nobuckets
2024-04-24T05:23:02,266  INFO [main] exec.SerializationUtilities: Serializing MapWork using kryo
2024-04-24T05:23:02,267  INFO [main] exec.Utilities: Serialized plan (via FILE) - name: null size: 5,12KB
2024-04-24T05:23:02,272  INFO [main] exec.SerializationUtilities: Serializing ReduceWork using kryo
2024-04-24T05:23:02,273  INFO [main] exec.Utilities: Serialized plan (via FILE) - name: null size: 6,33KB
2024-04-24T05:23:02,273  WARN [main] impl.MetricsSystemImpl: JobTracker metrics system already initialized!
2024-04-24T05:23:02,279  WARN [main] impl.MetricsSystemImpl: JobTracker metrics system already initialized!
2024-04-24T05:23:02,286  WARN [main] mapreduce.JobResourceUploader: Hadoop command-line option parsing not performed. Implement the Tool interface and execute your application with ToolRunner to remedy this.
2024-04-24T05:23:02,290  WARN [main] mapreduce.JobResourceUploader: No job jar file set.  User classes may not be found. See Job or Job#setJar(String).
2024-04-24T05:23:02,290  INFO [main] io.HiveInputFormat: hive.io.file.readcolumn.ids = 0,1,2
2024-04-24T05:23:02,290  INFO [main] io.HiveInputFormat: hive.io.file.readcolumn.names = c1,c2,c3
2024-04-24T05:23:02,290  INFO [main] io.HiveInputFormat: Generating splits for dirs: file:/home/alex/Repositories/hive/ql/target/tmp/org.apache.hadoop.hive.ql.TestTxnNoBuckets-1713961246971/warehouse/nobuckets
2024-04-24T05:23:02,291  INFO [main] orc.OrcInputFormat: getSplits started
2024-04-24T05:23:02,291  INFO [main] orc.OrcInputFormat: Context:: isAcid: true isVectorMode: false sarg: null minSplitSize: 1 maxSplitSize: 256000000 splitStrategy: HYBRID footerInSplits: false numBuckets: 0 numThreads: 10 cacheMemSize: 268435456 cacheStripeDetails: true useSoftReference: false writeIdList: default.nobuckets:1:9223372036854775807:: isTransactionalTable: true txnProperties: default 
2024-04-24T05:23:02,291  INFO [main] orc.OrcInputFormat: ORC pushdown predicate: null
2024-04-24T05:23:02,303  INFO [main] orc.OrcInputFormat: FooterCacheHitRatio: 0/2
2024-04-24T05:23:02,303  INFO [main] orc.OrcInputFormat: getSplits finished (#splits: 2). duration: 12 ms
2024-04-24T05:23:02,303  INFO [main] io.HiveInputFormat: number of splits 2
2024-04-24T05:23:02,320  INFO [main] mapreduce.JobSubmitter: number of splits:2
2024-04-24T05:23:02,340  INFO [main] mapreduce.JobSubmitter: Submitting tokens for job: job_local1681820177_0063
2024-04-24T05:23:02,340  INFO [main] mapreduce.JobSubmitter: Executing with tokens: []
2024-04-24T05:23:02,395  INFO [main] mapreduce.Job: The url to track the job: http://localhost:8080/
Job running in-process (local Hadoop)
2024-04-24T05:23:02,395  INFO [main] exec.Task: Job running in-process (local Hadoop)
2024-04-24T05:23:02,395  INFO [Thread-4135] mapred.LocalJobRunner: OutputCommitter set in config org.apache.hadoop.hive.ql.io.HiveFileFormatUtils$NullOutputCommitter
2024-04-24T05:23:02,395  INFO [Thread-4135] mapred.LocalJobRunner: OutputCommitter is org.apache.hadoop.hive.ql.io.HiveFileFormatUtils$NullOutputCommitter
2024-04-24T05:23:02,397  INFO [Thread-4135] mapred.LocalJobRunner: Waiting for map tasks
2024-04-24T05:23:02,397  INFO [LocalJobRunner Map Task Executor #0] mapred.LocalJobRunner: Starting task: attempt_local1681820177_0063_m_000000_0
2024-04-24T05:23:02,397  INFO [LocalJobRunner Map Task Executor #0] mapred.Task:  Using ResourceCalculatorProcessTree : [ ]
2024-04-24T05:23:02,398  INFO [LocalJobRunner Map Task Executor #0] mapred.MapTask: Processing split: org.apache.hadoop.hive.ql.io.orc.OrcInputFormat:OrcSplit [file:/home/alex/Repositories/hive/ql/target/tmp/org.apache.hadoop.hive.ql.TestTxnNoBuckets-1713961246971/warehouse/nobuckets/delta_0000001_0000001_0000/bucket_00001_0, start=0, length=729, isOriginal=false, fileLength=729, hasFooter=false, hasBase=true, deltas=0]
2024-04-24T05:23:02,398  INFO [LocalJobRunner Map Task Executor #0] exec.SerializationUtilities: Deserializing MapWork using kryo
2024-04-24T05:23:02,399  INFO [LocalJobRunner Map Task Executor #0] exec.Utilities: Deserialized plan (via FILE) - name: null size: 5,12KB
2024-04-24T05:23:02,400  INFO [LocalJobRunner Map Task Executor #0] orc.OrcRawRecordMerger: min key = null, max key = null
2024-04-24T05:23:02,400  INFO [LocalJobRunner Map Task Executor #0] orc.ReaderImpl: Reading ORC rows from file:/home/alex/Repositories/hive/ql/target/tmp/org.apache.hadoop.hive.ql.TestTxnNoBuckets-1713961246971/warehouse/nobuckets/delta_0000001_0000001_0000/bucket_00001_0 with {include: [true, true, true, true], offset: 0, length: 729, schema: struct<c1:int,c2:int,c3:int>, includeAcidColumns: true}
2024-04-24T05:23:02,400  INFO [LocalJobRunner Map Task Executor #0] orc.OrcRawRecordMerger: updated min key = null, max key = null
2024-04-24T05:23:02,400  INFO [LocalJobRunner Map Task Executor #0] mapred.MapTask: numReduceTasks: 1
2024-04-24T05:23:02,405  INFO [LocalJobRunner Map Task Executor #0] mapred.MapTask: (EQUATOR) 0 kvi 26214396(104857584)
2024-04-24T05:23:02,405  INFO [LocalJobRunner Map Task Executor #0] mapred.MapTask: mapreduce.task.io.sort.mb: 100
2024-04-24T05:23:02,405  INFO [LocalJobRunner Map Task Executor #0] mapred.MapTask: soft limit at 83886080
2024-04-24T05:23:02,405  INFO [LocalJobRunner Map Task Executor #0] mapred.MapTask: bufstart = 0; bufvoid = 104857600
2024-04-24T05:23:02,405  INFO [LocalJobRunner Map Task Executor #0] mapred.MapTask: kvstart = 26214396; length = 6553600
2024-04-24T05:23:02,405  INFO [LocalJobRunner Map Task Executor #0] mapred.MapTask: Map output collector class = org.apache.hadoop.mapred.MapTask$MapOutputBuffer
2024-04-24T05:23:02,405  INFO [LocalJobRunner Map Task Executor #0] exec.MapOperator: Initializing Operator: MAP[0]
2024-04-24T05:23:02,407  INFO [LocalJobRunner Map Task Executor #0] mr.ExecMapper: 
<MAP>Id =0
  <Children>null
  <\Children>
  <Parent><\Parent>
<\MAP>
2024-04-24T05:23:02,407  INFO [LocalJobRunner Map Task Executor #0] exec.TableScanOperator: Initializing Operator: TS[0]
2024-04-24T05:23:02,407  INFO [LocalJobRunner Map Task Executor #0] exec.SelectOperator: Initializing Operator: SEL[1]
2024-04-24T05:23:02,407  INFO [LocalJobRunner Map Task Executor #0] exec.SelectOperator: SELECT struct<c1:int,c2:int,c3:int,row__id:struct<writeid:bigint,bucketid:int,rowid:bigint>,input__file__name:string>
2024-04-24T05:23:02,407  INFO [LocalJobRunner Map Task Executor #0] exec.ReduceSinkOperator: Initializing Operator: RS[2]
2024-04-24T05:23:02,407  INFO [LocalJobRunner Map Task Executor #0] exec.ReduceSinkOperator: Using tag = -1
2024-04-24T05:23:02,408  INFO [LocalJobRunner Map Task Executor #0] exec.ReduceSinkOperator: keys are [reducesinkkey0] num distributions: 1
2024-04-24T05:23:02,408  INFO [LocalJobRunner Map Task Executor #0] exec.ReduceSinkOperator: RS[2]: records written - 1
2024-04-24T05:23:02,408  INFO [LocalJobRunner Map Task Executor #0] exec.MapOperator: MAP[0]: records read - 1
2024-04-24T05:23:02,408  INFO [LocalJobRunner Map Task Executor #0] exec.MapOperator: Closing Operator: MAP[0]
2024-04-24T05:23:02,408  INFO [LocalJobRunner Map Task Executor #0] exec.MapOperator: MAP[0]: Total records read - 2. abort - false
2024-04-24T05:23:02,408  INFO [LocalJobRunner Map Task Executor #0] exec.MapOperator: DESERIALIZE_ERRORS:0, RECORDS_OUT_OPERATOR_MAP_0:0, RECORDS_OUT_INTERMEDIATE:0, RECORDS_IN:2, 
2024-04-24T05:23:02,408  INFO [LocalJobRunner Map Task Executor #0] exec.TableScanOperator: Closing Operator: TS[0]
2024-04-24T05:23:02,408  INFO [LocalJobRunner Map Task Executor #0] exec.TableScanOperator: RECORDS_OUT_OPERATOR_TS_0:2, RECORDS_OUT_INTERMEDIATE:0, 
2024-04-24T05:23:02,408  INFO [LocalJobRunner Map Task Executor #0] exec.SelectOperator: Closing Operator: SEL[1]
2024-04-24T05:23:02,409  INFO [LocalJobRunner Map Task Executor #0] exec.SelectOperator: RECORDS_OUT_OPERATOR_SEL_1:2, RECORDS_OUT_INTERMEDIATE:0, 
2024-04-24T05:23:02,409  INFO [LocalJobRunner Map Task Executor #0] exec.ReduceSinkOperator: Closing Operator: RS[2]
2024-04-24T05:23:02,409  INFO [LocalJobRunner Map Task Executor #0] exec.ReduceSinkOperator: RS[2]: Total records written - 2. abort - false
2024-04-24T05:23:02,409  INFO [LocalJobRunner Map Task Executor #0] exec.ReduceSinkOperator: RECORDS_OUT_OPERATOR_RS_2:2, RECORDS_OUT_INTERMEDIATE:2, 
2024-04-24T05:23:02,409  INFO [LocalJobRunner Map Task Executor #0] mapred.LocalJobRunner: 
2024-04-24T05:23:02,409  INFO [LocalJobRunner Map Task Executor #0] mapred.MapTask: Starting flush of map output
2024-04-24T05:23:02,409  INFO [LocalJobRunner Map Task Executor #0] mapred.MapTask: Spilling map output
2024-04-24T05:23:02,409  INFO [LocalJobRunner Map Task Executor #0] mapred.MapTask: bufstart = 0; bufend = 410; bufvoid = 104857600
2024-04-24T05:23:02,409  INFO [LocalJobRunner Map Task Executor #0] mapred.MapTask: kvstart = 26214396(104857584); kvend = 26214392(104857568); length = 5/6553600
2024-04-24T05:23:02,419  INFO [LocalJobRunner Map Task Executor #0] mapred.MapTask: Finished spill 0
2024-04-24T05:23:02,422  INFO [LocalJobRunner Map Task Executor #0] mapred.Task: Task:attempt_local1681820177_0063_m_000000_0 is done. And is in the process of committing
2024-04-24T05:23:02,423  INFO [LocalJobRunner Map Task Executor #0] mapred.LocalJobRunner: OrcSplit [file:/home/alex/Repositories/hive/ql/target/tmp/org.apache.hadoop.hive.ql.TestTxnNoBuckets-1713961246971/warehouse/nobuckets/delta_0000001_0000001_0000/bucket_00001_0, start=0, length=729, isOriginal=false, fileLength=729, hasFooter=false, hasBase=true, deltas=0]
2024-04-24T05:23:02,423  INFO [LocalJobRunner Map Task Executor #0] mapred.Task: Task 'attempt_local1681820177_0063_m_000000_0' done.
2024-04-24T05:23:02,423  INFO [LocalJobRunner Map Task Executor #0] mapred.Task: Final Counters for attempt_local1681820177_0063_m_000000_0: Counters: 24
	File System Counters
		FILE: Number of bytes read=1471880
		FILE: Number of bytes written=74227565
		FILE: Number of read operations=0
		FILE: Number of large read operations=0
		FILE: Number of write operations=0
	Map-Reduce Framework
		Map input records=2
		Map output records=2
		Map output bytes=410
		Map output materialized bytes=422
		Input split bytes=501
		Combine input records=0
		Spilled Records=2
		Failed Shuffles=0
		Merged Map outputs=0
		GC time elapsed (ms)=0
		Total committed heap usage (bytes)=1251475456
	HIVE
		DESERIALIZE_ERRORS=0
		RECORDS_IN=2
		RECORDS_OUT_INTERMEDIATE=2
		RECORDS_OUT_OPERATOR_MAP_0=0
		RECORDS_OUT_OPERATOR_RS_2=2
		RECORDS_OUT_OPERATOR_SEL_1=2
		RECORDS_OUT_OPERATOR_TS_0=2
	File Input Format Counters 
		Bytes Read=8174
2024-04-24T05:23:02,423  INFO [LocalJobRunner Map Task Executor #0] mapred.LocalJobRunner: Finishing task: attempt_local1681820177_0063_m_000000_0
2024-04-24T05:23:02,423  INFO [LocalJobRunner Map Task Executor #0] mapred.LocalJobRunner: Starting task: attempt_local1681820177_0063_m_000001_0
2024-04-24T05:23:02,423  INFO [LocalJobRunner Map Task Executor #0] mapred.Task:  Using ResourceCalculatorProcessTree : [ ]
2024-04-24T05:23:02,424  INFO [LocalJobRunner Map Task Executor #0] mapred.MapTask: Processing split: org.apache.hadoop.hive.ql.io.orc.OrcInputFormat:OrcSplit [file:/home/alex/Repositories/hive/ql/target/tmp/org.apache.hadoop.hive.ql.TestTxnNoBuckets-1713961246971/warehouse/nobuckets/delta_0000001_0000001_0000/bucket_00000_0, start=0, length=714, isOriginal=false, fileLength=714, hasFooter=false, hasBase=true, deltas=0]
2024-04-24T05:23:02,424  INFO [LocalJobRunner Map Task Executor #0] exec.SerializationUtilities: Deserializing MapWork using kryo
2024-04-24T05:23:02,424  INFO [LocalJobRunner Map Task Executor #0] exec.Utilities: Deserialized plan (via FILE) - name: null size: 5,12KB
2024-04-24T05:23:02,425  INFO [LocalJobRunner Map Task Executor #0] orc.OrcRawRecordMerger: min key = null, max key = null
2024-04-24T05:23:02,425  INFO [LocalJobRunner Map Task Executor #0] orc.ReaderImpl: Reading ORC rows from file:/home/alex/Repositories/hive/ql/target/tmp/org.apache.hadoop.hive.ql.TestTxnNoBuckets-1713961246971/warehouse/nobuckets/delta_0000001_0000001_0000/bucket_00000_0 with {include: [true, true, true, true], offset: 0, length: 714, schema: struct<c1:int,c2:int,c3:int>, includeAcidColumns: true}
2024-04-24T05:23:02,426  INFO [LocalJobRunner Map Task Executor #0] orc.OrcRawRecordMerger: updated min key = null, max key = null
2024-04-24T05:23:02,426  INFO [LocalJobRunner Map Task Executor #0] mapred.MapTask: numReduceTasks: 1
2024-04-24T05:23:02,430  INFO [LocalJobRunner Map Task Executor #0] mapred.MapTask: (EQUATOR) 0 kvi 26214396(104857584)
2024-04-24T05:23:02,430  INFO [LocalJobRunner Map Task Executor #0] mapred.MapTask: mapreduce.task.io.sort.mb: 100
2024-04-24T05:23:02,430  INFO [LocalJobRunner Map Task Executor #0] mapred.MapTask: soft limit at 83886080
2024-04-24T05:23:02,430  INFO [LocalJobRunner Map Task Executor #0] mapred.MapTask: bufstart = 0; bufvoid = 104857600
2024-04-24T05:23:02,431  INFO [LocalJobRunner Map Task Executor #0] mapred.MapTask: kvstart = 26214396; length = 6553600
2024-04-24T05:23:02,431  INFO [LocalJobRunner Map Task Executor #0] mapred.MapTask: Map output collector class = org.apache.hadoop.mapred.MapTask$MapOutputBuffer
2024-04-24T05:23:02,431  INFO [LocalJobRunner Map Task Executor #0] exec.MapOperator: Initializing Operator: MAP[0]
2024-04-24T05:23:02,432  INFO [LocalJobRunner Map Task Executor #0] mr.ExecMapper: 
<MAP>Id =0
  <Children>null
  <\Children>
  <Parent><\Parent>
<\MAP>
2024-04-24T05:23:02,433  INFO [LocalJobRunner Map Task Executor #0] exec.TableScanOperator: Initializing Operator: TS[0]
2024-04-24T05:23:02,433  INFO [LocalJobRunner Map Task Executor #0] exec.SelectOperator: Initializing Operator: SEL[1]
2024-04-24T05:23:02,433  INFO [LocalJobRunner Map Task Executor #0] exec.SelectOperator: SELECT struct<c1:int,c2:int,c3:int,row__id:struct<writeid:bigint,bucketid:int,rowid:bigint>,input__file__name:string>
2024-04-24T05:23:02,433  INFO [LocalJobRunner Map Task Executor #0] exec.ReduceSinkOperator: Initializing Operator: RS[2]
2024-04-24T05:23:02,433  INFO [LocalJobRunner Map Task Executor #0] exec.ReduceSinkOperator: Using tag = -1
2024-04-24T05:23:02,433  INFO [LocalJobRunner Map Task Executor #0] exec.ReduceSinkOperator: keys are [reducesinkkey0] num distributions: 1
2024-04-24T05:23:02,433  INFO [LocalJobRunner Map Task Executor #0] exec.ReduceSinkOperator: RS[2]: records written - 1
2024-04-24T05:23:02,433  INFO [LocalJobRunner Map Task Executor #0] exec.MapOperator: MAP[0]: records read - 1
2024-04-24T05:23:02,433  INFO [LocalJobRunner Map Task Executor #0] exec.MapOperator: Closing Operator: MAP[0]
2024-04-24T05:23:02,433  INFO [LocalJobRunner Map Task Executor #0] exec.MapOperator: MAP[0]: Total records read - 2. abort - false
2024-04-24T05:23:02,433  INFO [LocalJobRunner Map Task Executor #0] exec.MapOperator: DESERIALIZE_ERRORS:0, RECORDS_IN:2, RECORDS_OUT_INTERMEDIATE:0, RECORDS_OUT_OPERATOR_MAP_0:0, 
2024-04-24T05:23:02,433  INFO [LocalJobRunner Map Task Executor #0] exec.TableScanOperator: Closing Operator: TS[0]
2024-04-24T05:23:02,433  INFO [LocalJobRunner Map Task Executor #0] exec.TableScanOperator: RECORDS_OUT_OPERATOR_TS_0:2, RECORDS_OUT_INTERMEDIATE:0, 
2024-04-24T05:23:02,433  INFO [LocalJobRunner Map Task Executor #0] exec.SelectOperator: Closing Operator: SEL[1]
2024-04-24T05:23:02,433  INFO [LocalJobRunner Map Task Executor #0] exec.SelectOperator: RECORDS_OUT_OPERATOR_SEL_1:2, RECORDS_OUT_INTERMEDIATE:0, 
2024-04-24T05:23:02,433  INFO [LocalJobRunner Map Task Executor #0] exec.ReduceSinkOperator: Closing Operator: RS[2]
2024-04-24T05:23:02,433  INFO [LocalJobRunner Map Task Executor #0] exec.ReduceSinkOperator: RS[2]: Total records written - 2. abort - false
2024-04-24T05:23:02,433  INFO [LocalJobRunner Map Task Executor #0] exec.ReduceSinkOperator: RECORDS_OUT_INTERMEDIATE:2, RECORDS_OUT_OPERATOR_RS_2:2, 
2024-04-24T05:23:02,434  INFO [LocalJobRunner Map Task Executor #0] mapred.LocalJobRunner: 
2024-04-24T05:23:02,434  INFO [LocalJobRunner Map Task Executor #0] mapred.MapTask: Starting flush of map output
2024-04-24T05:23:02,434  INFO [LocalJobRunner Map Task Executor #0] mapred.MapTask: Spilling map output
2024-04-24T05:23:02,434  INFO [LocalJobRunner Map Task Executor #0] mapred.MapTask: bufstart = 0; bufend = 410; bufvoid = 104857600
2024-04-24T05:23:02,434  INFO [LocalJobRunner Map Task Executor #0] mapred.MapTask: kvstart = 26214396(104857584); kvend = 26214392(104857568); length = 5/6553600
2024-04-24T05:23:02,442  INFO [LocalJobRunner Map Task Executor #0] mapred.MapTask: Finished spill 0
2024-04-24T05:23:02,445  INFO [LocalJobRunner Map Task Executor #0] mapred.Task: Task:attempt_local1681820177_0063_m_000001_0 is done. And is in the process of committing
2024-04-24T05:23:02,445  INFO [LocalJobRunner Map Task Executor #0] mapred.LocalJobRunner: OrcSplit [file:/home/alex/Repositories/hive/ql/target/tmp/org.apache.hadoop.hive.ql.TestTxnNoBuckets-1713961246971/warehouse/nobuckets/delta_0000001_0000001_0000/bucket_00000_0, start=0, length=714, isOriginal=false, fileLength=714, hasFooter=false, hasBase=true, deltas=0]
2024-04-24T05:23:02,445  INFO [LocalJobRunner Map Task Executor #0] mapred.Task: Task 'attempt_local1681820177_0063_m_000001_0' done.
2024-04-24T05:23:02,445  INFO [LocalJobRunner Map Task Executor #0] mapred.Task: Final Counters for attempt_local1681820177_0063_m_000001_0: Counters: 24
	File System Counters
		FILE: Number of bytes read=1481019
		FILE: Number of bytes written=74228019
		FILE: Number of read operations=0
		FILE: Number of large read operations=0
		FILE: Number of write operations=0
	Map-Reduce Framework
		Map input records=2
		Map output records=2
		Map output bytes=410
		Map output materialized bytes=422
		Input split bytes=501
		Combine input records=0
		Spilled Records=2
		Failed Shuffles=0
		Merged Map outputs=0
		GC time elapsed (ms)=0
		Total committed heap usage (bytes)=1251475456
	HIVE
		DESERIALIZE_ERRORS=0
		RECORDS_IN=2
		RECORDS_OUT_INTERMEDIATE=2
		RECORDS_OUT_OPERATOR_MAP_0=0
		RECORDS_OUT_OPERATOR_RS_2=2
		RECORDS_OUT_OPERATOR_SEL_1=2
		RECORDS_OUT_OPERATOR_TS_0=2
	File Input Format Counters 
		Bytes Read=8114
2024-04-24T05:23:02,445  INFO [LocalJobRunner Map Task Executor #0] mapred.LocalJobRunner: Finishing task: attempt_local1681820177_0063_m_000001_0
2024-04-24T05:23:02,445  INFO [Thread-4135] mapred.LocalJobRunner: map task executor complete.
2024-04-24T05:23:02,446  INFO [Thread-4135] mapred.LocalJobRunner: Waiting for reduce tasks
2024-04-24T05:23:02,446  INFO [pool-267-thread-1] mapred.LocalJobRunner: Starting task: attempt_local1681820177_0063_r_000000_0
2024-04-24T05:23:02,447  INFO [pool-267-thread-1] mapred.Task:  Using ResourceCalculatorProcessTree : [ ]
2024-04-24T05:23:02,447  INFO [pool-267-thread-1] mapred.ReduceTask: Using ShuffleConsumerPlugin: org.apache.hadoop.mapreduce.task.reduce.Shuffle@7206b7f9
2024-04-24T05:23:02,447  WARN [pool-267-thread-1] impl.MetricsSystemImpl: JobTracker metrics system already initialized!
2024-04-24T05:23:02,448  INFO [pool-267-thread-1] reduce.MergeManagerImpl: MergerManager: memoryLimit=1336252800, maxSingleShuffleLimit=334063200, mergeThreshold=881926912, ioSortFactor=10, memToMemMergeOutputsThreshold=10
2024-04-24T05:23:02,448  INFO [EventFetcher for fetching Map Completion Events] reduce.EventFetcher: attempt_local1681820177_0063_r_000000_0 Thread started: EventFetcher for fetching Map Completion Events
2024-04-24T05:23:02,451  INFO [localfetcher#39] reduce.LocalFetcher: localfetcher#39 about to shuffle output of map attempt_local1681820177_0063_m_000001_0 decomp: 418 len: 422 to MEMORY
2024-04-24T05:23:02,451  INFO [localfetcher#39] reduce.InMemoryMapOutput: Read 418 bytes from map-output for attempt_local1681820177_0063_m_000001_0
2024-04-24T05:23:02,451  INFO [localfetcher#39] reduce.MergeManagerImpl: closeInMemoryFile -> map-output of size: 418, inMemoryMapOutputs.size() -> 1, commitMemory -> 0, usedMemory ->418
2024-04-24T05:23:02,453  INFO [localfetcher#39] reduce.LocalFetcher: localfetcher#39 about to shuffle output of map attempt_local1681820177_0063_m_000000_0 decomp: 418 len: 422 to MEMORY
2024-04-24T05:23:02,453  INFO [localfetcher#39] reduce.InMemoryMapOutput: Read 418 bytes from map-output for attempt_local1681820177_0063_m_000000_0
2024-04-24T05:23:02,453  INFO [localfetcher#39] reduce.MergeManagerImpl: closeInMemoryFile -> map-output of size: 418, inMemoryMapOutputs.size() -> 2, commitMemory -> 418, usedMemory ->836
2024-04-24T05:23:02,453  INFO [EventFetcher for fetching Map Completion Events] reduce.EventFetcher: EventFetcher is interrupted.. Returning
2024-04-24T05:23:02,454  INFO [pool-267-thread-1] mapred.LocalJobRunner: 2 / 2 copied.
2024-04-24T05:23:02,454  INFO [pool-267-thread-1] reduce.MergeManagerImpl: finalMerge called with 2 in-memory map-outputs and 0 on-disk map-outputs
2024-04-24T05:23:02,460  INFO [pool-267-thread-1] mapred.Merger: Merging 2 sorted segments
2024-04-24T05:23:02,460  INFO [pool-267-thread-1] mapred.Merger: Down to the last merge-pass, with 2 segments left of total size: 772 bytes
2024-04-24T05:23:02,463  INFO [pool-267-thread-1] reduce.MergeManagerImpl: Merged 2 segments, 836 bytes to disk to satisfy reduce memory limit
2024-04-24T05:23:02,463  INFO [pool-267-thread-1] reduce.MergeManagerImpl: Merging 1 files, 838 bytes from disk
2024-04-24T05:23:02,463  INFO [pool-267-thread-1] reduce.MergeManagerImpl: Merging 0 segments, 0 bytes from memory into reduce
2024-04-24T05:23:02,463  INFO [pool-267-thread-1] mapred.Merger: Merging 1 sorted segments
2024-04-24T05:23:02,463  INFO [pool-267-thread-1] mapred.Merger: Down to the last merge-pass, with 1 segments left of total size: 802 bytes
2024-04-24T05:23:02,463  INFO [pool-267-thread-1] mapred.LocalJobRunner: 2 / 2 copied.
2024-04-24T05:23:02,463  INFO [pool-267-thread-1] exec.SerializationUtilities: Deserializing ReduceWork using kryo
2024-04-24T05:23:02,464  INFO [pool-267-thread-1] exec.Utilities: Deserialized plan (via FILE) - name: null size: 6,33KB
2024-04-24T05:23:02,464  INFO [pool-267-thread-1] ExecReducer: 
<SEL>Id =3
  <Children>
    <FS>Id =4
      <Children>
      <\Children>
      <Parent>Id = 3 null<\Parent>
    <\FS>
  <\Children>
  <Parent><\Parent>
<\SEL>
2024-04-24T05:23:02,464  INFO [pool-267-thread-1] exec.SelectOperator: Initializing Operator: SEL[3]
2024-04-24T05:23:02,464  INFO [pool-267-thread-1] exec.SelectOperator: SELECT struct<key:struct<reducesinkkey0:struct<writeid:bigint,bucketid:int,rowid:bigint>>,value:struct<_col0:int,_col1:int,_col2:int,_col3:string>>
2024-04-24T05:23:02,464  INFO [pool-267-thread-1] exec.FileSinkOperator: Initializing Operator: FS[4]
2024-04-24T05:23:02,465  INFO [pool-267-thread-1] exec.FileSinkOperator: Using serializer : class org.apache.hadoop.hive.serde2.lazy.LazySimpleSerDe [serdeParams=org.apache.hadoop.hive.serde2.lazy.LazySerDeParameters@191b9413, cachedObjectInspector=org.apache.hadoop.hive.serde2.lazy.objectinspector.LazySimpleStructObjectInspector<org.apache.hadoop.hive.serde2.lazy.objectinspector.LazySimpleStructObjectInspector<org.apache.hadoop.hive.serde2.lazy.objectinspector.primitive.LazyLongObjectInspector@1201c2f6,org.apache.hadoop.hive.serde2.lazy.objectinspector.primitive.LazyIntObjectInspector@cbf9cc1,org.apache.hadoop.hive.serde2.lazy.objectinspector.primitive.LazyLongObjectInspector@1201c2f6>,org.apache.hadoop.hive.serde2.lazy.objectinspector.primitive.LazyIntObjectInspector@cbf9cc1,org.apache.hadoop.hive.serde2.lazy.objectinspector.primitive.LazyIntObjectInspector@cbf9cc1,org.apache.hadoop.hive.serde2.lazy.objectinspector.primitive.LazyIntObjectInspector@cbf9cc1,org.apache.hadoop.hive.serde2.lazy.objectinspector.primitive.LazyStringObjectInspector@71549247>, serializedSize=0, stats=org.apache.hadoop.hive.serde2.SerDeStats@599d1bc7, lastOperationSerialize=false, lastOperationDeserialize=false [1, 2, 3, 4, 5, 6, 7, 8, 11, 14, 15, 16, 17, 18, 19, 20, 21, 22, 23, 24, 25, 26, 28, 29, 30, 31, -128, -127, -126, -125, -124, -123, -122, -121, -120, -119, -118, -117, -116, -115, -114, -113, -112, -111, -110, -109, -108, -107, -106, -105, -104, -103, -102, -101, -100, -99, -98, -97, -96, -95, -94, -93, -92, -91, -90, -89, -88, -87, -86, -85, -84, -83, -82, -81, -80, -79, -78, -77, -76, -75, -74, -73, -72, -71, -70, -69, -68, -67, -66, -65, -64, -63, -62, -61, -60, -59, -58, -57, -56, -55, -54, -53, -52, -51, -50, -49, -48, -47, -46, -45, -44, -43, -42, -41, -40, -39, -38, -37, -36, -35, -34, -33, -32, -31, -30, -29, -28, -27, -26, -25, -24, -23, -22, -21, -20, -19, -18, -17, -16, -15, -14, -13, -12, -11, -10, -9, -8, -7, -6, -5, -4, -3, -2, -1] : [_col0, _col1, _col2, _col3, _col4] : [struct<writeid:bigint,bucketid:int,rowid:bigint>, int, int, int, string]] and formatter : org.apache.hadoop.hive.ql.io.HiveSequenceFileOutputFormat@22f7d8a5
2024-04-24T05:23:02,465  INFO [pool-267-thread-1] exec.FileSinkOperator: Final Path: FS file:/home/alex/Repositories/hive/ql/target/tmp/localscratchdir/6d9c63d3-2d1f-4358-8a15-6e001754314a/hive_2024-04-24_05-23-02_003_7106194568862369105-1/-mr-10001/.hive-staging_hive_2024-04-24_05-23-02_003_7106194568862369105-1/_tmp.-ext-10002/000000_0
2024-04-24T05:23:02,465  INFO [pool-267-thread-1] exec.FileSinkOperator: Writing to temp file: FS file:/home/alex/Repositories/hive/ql/target/tmp/localscratchdir/6d9c63d3-2d1f-4358-8a15-6e001754314a/hive_2024-04-24_05-23-02_003_7106194568862369105-1/-mr-10001/.hive-staging_hive_2024-04-24_05-23-02_003_7106194568862369105-1/_task_tmp.-ext-10002/_tmp.000000_0
2024-04-24T05:23:02,465  INFO [pool-267-thread-1] exec.FileSinkOperator: New Final Path: FS file:/home/alex/Repositories/hive/ql/target/tmp/localscratchdir/6d9c63d3-2d1f-4358-8a15-6e001754314a/hive_2024-04-24_05-23-02_003_7106194568862369105-1/-mr-10001/.hive-staging_hive_2024-04-24_05-23-02_003_7106194568862369105-1/_tmp.-ext-10002/000000_0
2024-04-24T05:23:02,472  INFO [pool-267-thread-1] exec.FileSinkOperator: FS[4]: records written - 1
2024-04-24T05:23:02,472  INFO [pool-267-thread-1] exec.SelectOperator: Closing Operator: SEL[3]
2024-04-24T05:23:02,472  INFO [pool-267-thread-1] exec.SelectOperator: RECORDS_OUT_OPERATOR_SEL_3:4, RECORDS_OUT_INTERMEDIATE:0, 
2024-04-24T05:23:02,472  INFO [pool-267-thread-1] exec.FileSinkOperator: Closing Operator: FS[4]
2024-04-24T05:23:02,472  INFO [pool-267-thread-1] exec.FileSinkOperator: FS[4]: records written - 4
2024-04-24T05:23:02,472  INFO [pool-267-thread-1] exec.FileSinkOperator: RECORDS_OUT_OPERATOR_FS_4:4, RECORDS_OUT_0:4, RECORDS_OUT_INTERMEDIATE:0, 
2024-04-24T05:23:02,473  INFO [pool-267-thread-1] mapred.Task: Task:attempt_local1681820177_0063_r_000000_0 is done. And is in the process of committing
2024-04-24T05:23:02,473  INFO [pool-267-thread-1] mapred.LocalJobRunner: reduce > reduce
2024-04-24T05:23:02,473  INFO [pool-267-thread-1] mapred.Task: Task 'attempt_local1681820177_0063_r_000000_0' done.
2024-04-24T05:23:02,473  INFO [pool-267-thread-1] mapred.Task: Final Counters for attempt_local1681820177_0063_r_000000_0: Counters: 29
	File System Counters
		FILE: Number of bytes read=1489156
		FILE: Number of bytes written=74229760
		FILE: Number of read operations=0
		FILE: Number of large read operations=0
		FILE: Number of write operations=0
	Map-Reduce Framework
		Combine input records=0
		Combine output records=0
		Reduce input groups=4
		Reduce shuffle bytes=844
		Reduce input records=4
		Reduce output records=0
		Spilled Records=4
		Shuffled Maps =2
		Failed Shuffles=0
		Merged Map outputs=2
		GC time elapsed (ms)=0
		Total committed heap usage (bytes)=1251475456
	HIVE
		CREATED_FILES=1
		RECORDS_OUT_0=4
		RECORDS_OUT_INTERMEDIATE=0
		RECORDS_OUT_OPERATOR_FS_4=4
		RECORDS_OUT_OPERATOR_SEL_3=4
	Shuffle Errors
		BAD_ID=0
		CONNECTION=0
		IO_ERROR=0
		WRONG_LENGTH=0
		WRONG_MAP=0
		WRONG_REDUCE=0
	File Output Format Counters 
		Bytes Written=0
2024-04-24T05:23:02,473  INFO [pool-267-thread-1] mapred.LocalJobRunner: Finishing task: attempt_local1681820177_0063_r_000000_0
2024-04-24T05:23:02,473  INFO [Thread-4135] mapred.LocalJobRunner: reduce task executor complete.
2024-04-24 05:23:03,397 Stage-1 map = 100%,  reduce = 100%
2024-04-24T05:23:03,398  INFO [main] exec.Task: 2024-04-24 05:23:03,397 Stage-1 map = 100%,  reduce = 100%
Ended Job = job_local1681820177_0063
2024-04-24T05:23:03,399  INFO [main] exec.Task: Ended Job = job_local1681820177_0063
2024-04-24T05:23:03,401  INFO [main] metadata.Hive: Dumping metastore api call timing information for : execution phase
2024-04-24T05:23:03,402  INFO [main] metadata.Hive: Total time spent in each metastore function (ms): {}
MapReduce Jobs Launched: 
2024-04-24T05:23:03,402  INFO [main] ql.Driver: MapReduce Jobs Launched: 
Stage-Stage-1:  HDFS Read: 0 HDFS Write: 0 SUCCESS
2024-04-24T05:23:03,402  INFO [main] ql.Driver: Stage-Stage-1:  HDFS Read: 0 HDFS Write: 0 SUCCESS
Total MapReduce CPU Time Spent: 0 msec
2024-04-24T05:23:03,402  INFO [main] ql.Driver: Total MapReduce CPU Time Spent: 0 msec
2024-04-24T05:23:03,402  INFO [main] ql.Driver: Completed executing command(queryId=alex_20240424052302_36c0b223-6402-4624-a4cb-ab0fa25ee941); Time taken: 1.274 seconds
2024-04-24T05:23:03,402  INFO [main] lockmgr.DbTxnManager: Stopped heartbeat for query: alex_20240424052302_36c0b223-6402-4624-a4cb-ab0fa25ee941
2024-04-24T05:23:03,405  INFO [main] txn.TxnHandler: Expected to move at least one record from txn_components to completed_txn_components when committing txn! txnid:20
2024-04-24T05:23:03,410  INFO [main] txn.TxnHandler: Removed transactions: ([20]) from MIN_HISTORY_LEVEL
2024-04-24T05:23:03,410  WARN [main] txn.CompactionTxnHandler: No compaction queue record found for Compaction type transaction commit. txnId:20
2024-04-24T05:23:03,413  INFO [main] mapred.FileInputFormat: Total input files to process : 1
2024-04-24T05:23:03,414  INFO [main] exec.ListSinkOperator: Closing Operator: LIST_SINK[5]
2024-04-24T05:23:03,414  INFO [main] exec.ListSinkOperator: RECORDS_OUT_OPERATOR_LIST_SINK_5:4, RECORDS_OUT_INTERMEDIATE:0, 
2024-04-24T05:23:03,414  WARN [main] ql.TestTxnNoBuckets: after insert
2024-04-24T05:23:03,414  WARN [main] ql.TestTxnNoBuckets: {"writeid":1,"bucketid":536870912,"rowid":0}	0	0	0	file:/home/alex/Repositories/hive/ql/target/tmp/org.apache.hadoop.hive.ql.TestTxnNoBuckets-1713961246971/warehouse/nobuckets/delta_0000001_0000001_0000/bucket_00000_0
2024-04-24T05:23:03,414  WARN [main] ql.TestTxnNoBuckets: {"writeid":1,"bucketid":536870912,"rowid":1}	3	3	3	file:/home/alex/Repositories/hive/ql/target/tmp/org.apache.hadoop.hive.ql.TestTxnNoBuckets-1713961246971/warehouse/nobuckets/delta_0000001_0000001_0000/bucket_00000_0
2024-04-24T05:23:03,414  WARN [main] ql.TestTxnNoBuckets: {"writeid":1,"bucketid":536936448,"rowid":0}	1	1	1	file:/home/alex/Repositories/hive/ql/target/tmp/org.apache.hadoop.hive.ql.TestTxnNoBuckets-1713961246971/warehouse/nobuckets/delta_0000001_0000001_0000/bucket_00001_0
2024-04-24T05:23:03,414  WARN [main] ql.TestTxnNoBuckets: {"writeid":1,"bucketid":536936448,"rowid":1}	2	2	2	file:/home/alex/Repositories/hive/ql/target/tmp/org.apache.hadoop.hive.ql.TestTxnNoBuckets-1713961246971/warehouse/nobuckets/delta_0000001_0000001_0000/bucket_00001_0
2024-04-24T05:23:03,414  INFO [main] ql.TxnCommandsBaseForTests: Running the query: explain  update nobuckets set c3 = 17 where c3 in(0,1)
2024-04-24T05:23:03,414  INFO [main] ql.Context: Deleting scratch dir: file:/home/alex/Repositories/hive/ql/target/tmp/localscratchdir/6d9c63d3-2d1f-4358-8a15-6e001754314a/hive_2024-04-24_05-23-02_003_7106194568862369105-1
2024-04-24T05:23:03,415  INFO [main] cleanup.SyncCleanupService: Deleted directory: file:/home/alex/Repositories/hive/ql/target/tmp/localscratchdir/6d9c63d3-2d1f-4358-8a15-6e001754314a/hive_2024-04-24_05-23-02_003_7106194568862369105-1 on fs with scheme file
2024-04-24T05:23:03,415  INFO [main] ql.Driver: Compiling command(queryId=alex_20240424052303_55b5bc90-b3f3-4ffb-827e-4460c6adaeaf): explain  update nobuckets set c3 = 17 where c3 in(0,1)
2024-04-24T05:23:03,417  INFO [main] txn.TxnHandler: Added entries to MIN_HISTORY_LEVEL for current txns: ([21]) with min_open_txn: 21
2024-04-24T05:23:03,418  INFO [main] lockmgr.DbTxnManager: Opened txnid:21
2024-04-24T05:23:03,418  INFO [main] HiveMetaStore.audit: ugi=alex	ip=unknown-ip-addr	cmd=get_table : tbl=hive.default.nobuckets	
2024-04-24T05:23:03,425  INFO [main] metastore.HMSHandler: Skipping translation for processor with null
2024-04-24T05:23:03,425  INFO [main] parse.RewriteSemanticAnalyzer: Going to reparse <explain  update nobuckets set c3 = 17 where c3 in(0,1)> as 
<insert into table `default`.`nobuckets` select ROW__ID,`c1`,`c2`,`c3` from `default`.`nobuckets` sort by ROW__ID >
2024-04-24T05:23:03,426  INFO [main] parse.UpdateDeleteSemanticAnalyzer: Starting Semantic Analysis
2024-04-24T05:23:03,429  INFO [main] HiveMetaStore.audit: ugi=alex	ip=unknown-ip-addr	cmd=get_table : tbl=hive.default.nobuckets	
2024-04-24T05:23:03,436  INFO [main] metastore.HMSHandler: Skipping translation for processor with null
2024-04-24T05:23:03,436  INFO [main] parse.UpdateDeleteSemanticAnalyzer: Completed phase 1 of Semantic Analysis
2024-04-24T05:23:03,436  INFO [main] parse.UpdateDeleteSemanticAnalyzer: Get metadata for source tables
2024-04-24T05:23:03,436  INFO [main] parse.UpdateDeleteSemanticAnalyzer: Get metadata for subqueries
2024-04-24T05:23:03,436  INFO [main] parse.UpdateDeleteSemanticAnalyzer: Get metadata for destination tables
2024-04-24T05:23:03,436  INFO [main] HiveMetaStore.audit: ugi=alex	ip=unknown-ip-addr	cmd=get_table : tbl=hive.default.nobuckets	
2024-04-24T05:23:03,442  INFO [main] metastore.HMSHandler: Skipping translation for processor with null
2024-04-24T05:23:03,442  INFO [main] parse.UpdateDeleteSemanticAnalyzer: Completed getting MetaData in Semantic Analysis
2024-04-24T05:23:03,442  INFO [main] parse.UpdateDeleteSemanticAnalyzer: Disabling LLAP IO encode as ETL query is detected
2024-04-24T05:23:03,453  INFO [main] HiveMetaStore.audit: ugi=alex	ip=unknown-ip-addr	cmd=get_all_table_constraints : tbl=hive.default.nobuckets	
2024-04-24T05:23:03,460  INFO [main] HiveMetaStore.audit: ugi=alex	ip=unknown-ip-addr	cmd=get_not_null_constraints : tbl=hive.default.nobuckets	
2024-04-24T05:23:03,461  INFO [main] HiveMetaStore.audit: ugi=alex	ip=unknown-ip-addr	cmd=get_check_constraints : tbl=hive.default.nobuckets	
2024-04-24T05:23:03,481  INFO [main] calcite.RelOptHiveTable: Calculating column statistics for default.nobuckets, projIndxSet: [0, 1, 2], allowMissingStats: true
2024-04-24T05:23:03,481  INFO [main] HiveMetaStore.audit: ugi=alex	ip=unknown-ip-addr	cmd=get_table_statistics_req: table=hive.default.nobuckets	
2024-04-24T05:23:03,489  WARN [main] calcite.RelOptHiveTable: No Stats for default@nobuckets, Columns: c1, c2, c3
No Stats for default@nobuckets, Columns: c1, c2, c3
2024-04-24T05:23:03,489  INFO [main] SessionState: No Stats for default@nobuckets, Columns: c1, c2, c3
2024-04-24T05:23:03,542  INFO [main] parse.UpdateDeleteSemanticAnalyzer: Get metadata for source tables
2024-04-24T05:23:03,542  INFO [main] parse.UpdateDeleteSemanticAnalyzer: Get metadata for subqueries
2024-04-24T05:23:03,542  INFO [main] parse.UpdateDeleteSemanticAnalyzer: Get metadata for destination tables
2024-04-24T05:23:03,542  INFO [main] HiveMetaStore.audit: ugi=alex	ip=unknown-ip-addr	cmd=get_table : tbl=hive.default.nobuckets	
2024-04-24T05:23:03,548  INFO [main] metastore.HMSHandler: Skipping translation for processor with null
2024-04-24T05:23:03,551 ERROR [main] parse.UpdateDeleteSemanticAnalyzer: CBO failed, skipping CBO. 
org.apache.hadoop.hive.ql.exec.NoMatchingMethodException: No matching method for class org.apache.hadoop.hive.ql.udf.UDFToInteger with (struct<writeid:bigint,bucketid:int,rowid:bigint>). Possible choices: _FUNC_(bigint)  _FUNC_(boolean)  _FUNC_(decimal(38,18))  _FUNC_(double)  _FUNC_(float)  _FUNC_(smallint)  _FUNC_(string)  _FUNC_(struct<bucketid:int,rowid:bigint,writeid:bigint>)  _FUNC_(timestamp)  _FUNC_(tinyint)  _FUNC_(void)  
	at org.apache.hadoop.hive.ql.exec.MethodUtils.getMethodInternal(MethodUtils.java:130) ~[classes/:?]
	at org.apache.hadoop.hive.ql.exec.MethodUtils.getMethodInternal(MethodUtils.java:60) ~[classes/:?]
	at org.apache.hadoop.hive.ql.exec.DefaultUDFMethodResolver.getEvalMethod(DefaultUDFMethodResolver.java:59) ~[classes/:?]
	at org.apache.hadoop.hive.ql.udf.TimestampCastRestrictorResolver.getEvalMethod(TimestampCastRestrictorResolver.java:68) ~[classes/:?]
	at org.apache.hadoop.hive.ql.udf.generic.GenericUDFBridge.initialize(GenericUDFBridge.java:168) ~[classes/:?]
	at org.apache.hadoop.hive.ql.udf.generic.GenericUDF.initializeAndFoldConstants(GenericUDF.java:149) ~[classes/:?]
	at org.apache.hadoop.hive.ql.plan.ExprNodeGenericFuncDesc.newInstance(ExprNodeGenericFuncDesc.java:235) ~[classes/:?]
	at org.apache.hadoop.hive.ql.parse.type.ExprNodeDescExprFactory.createFuncCallExpr(ExprNodeDescExprFactory.java:584) ~[classes/:?]
	at org.apache.hadoop.hive.ql.parse.type.ExprNodeDescExprFactory.createFuncCallExpr(ExprNodeDescExprFactory.java:97) ~[classes/:?]
	at org.apache.hadoop.hive.ql.parse.type.TypeCheckProcFactory$DefaultExprProcessor.getFuncExprNodeDescWithUdfData(TypeCheckProcFactory.java:762) ~[classes/:?]
	at org.apache.hadoop.hive.ql.parse.type.TypeCheckProcFactory$DefaultExprProcessor.createConversionCast(TypeCheckProcFactory.java:783) ~[classes/:?]
	at org.apache.hadoop.hive.ql.parse.SemanticAnalyzer.getPartitionColsFromBucketColsForUpdateDelete(SemanticAnalyzer.java:8725) ~[classes/:?]
	at org.apache.hadoop.hive.ql.parse.SemanticAnalyzer.genBucketingSortingDest(SemanticAnalyzer.java:6914) ~[classes/:?]
	at org.apache.hadoop.hive.ql.parse.SemanticAnalyzer.genFileSinkPlan(SemanticAnalyzer.java:7335) ~[classes/:?]
	at org.apache.hadoop.hive.ql.parse.SemanticAnalyzer.genPostGroupByBodyPlan(SemanticAnalyzer.java:11063) ~[classes/:?]
	at org.apache.hadoop.hive.ql.parse.SemanticAnalyzer.genBodyPlan(SemanticAnalyzer.java:10938) ~[classes/:?]
	at org.apache.hadoop.hive.ql.parse.SemanticAnalyzer.genPlan(SemanticAnalyzer.java:11853) ~[classes/:?]
	at org.apache.hadoop.hive.ql.parse.SemanticAnalyzer.genPlan(SemanticAnalyzer.java:11723) ~[classes/:?]
	at org.apache.hadoop.hive.ql.parse.CalcitePlanner.genOPTree(CalcitePlanner.java:626) ~[classes/:?]
	at org.apache.hadoop.hive.ql.parse.SemanticAnalyzer.analyzeInternal(SemanticAnalyzer.java:12558) ~[classes/:?]
	at org.apache.hadoop.hive.ql.parse.CalcitePlanner.analyzeInternal(CalcitePlanner.java:456) ~[classes/:?]
	at org.apache.hadoop.hive.ql.parse.RewriteSemanticAnalyzer.analyzeInternal(RewriteSemanticAnalyzer.java:67) ~[classes/:?]
	at org.apache.hadoop.hive.ql.parse.BaseSemanticAnalyzer.analyze(BaseSemanticAnalyzer.java:317) ~[classes/:?]
	at org.apache.hadoop.hive.ql.parse.UpdateDeleteSemanticAnalyzer.reparseAndSuperAnalyze(UpdateDeleteSemanticAnalyzer.java:208) ~[classes/:?]
	at org.apache.hadoop.hive.ql.parse.UpdateDeleteSemanticAnalyzer.analyzeUpdate(UpdateDeleteSemanticAnalyzer.java:63) ~[classes/:?]
	at org.apache.hadoop.hive.ql.parse.UpdateDeleteSemanticAnalyzer.analyze(UpdateDeleteSemanticAnalyzer.java:53) ~[classes/:?]
	at org.apache.hadoop.hive.ql.parse.RewriteSemanticAnalyzer.analyzeInternal(RewriteSemanticAnalyzer.java:72) ~[classes/:?]
	at org.apache.hadoop.hive.ql.parse.BaseSemanticAnalyzer.analyze(BaseSemanticAnalyzer.java:317) ~[classes/:?]
	at org.apache.hadoop.hive.ql.parse.ExplainSemanticAnalyzer.analyzeInternal(ExplainSemanticAnalyzer.java:175) ~[classes/:?]
	at org.apache.hadoop.hive.ql.parse.BaseSemanticAnalyzer.analyze(BaseSemanticAnalyzer.java:317) ~[classes/:?]
	at org.apache.hadoop.hive.ql.Compiler.analyze(Compiler.java:223) ~[classes/:?]
	at org.apache.hadoop.hive.ql.Compiler.compile(Compiler.java:105) ~[classes/:?]
	at org.apache.hadoop.hive.ql.Driver.compile(Driver.java:500) ~[classes/:?]
	at org.apache.hadoop.hive.ql.Driver.compileInternal(Driver.java:453) ~[classes/:?]
	at org.apache.hadoop.hive.ql.Driver.runInternal(Driver.java:181) ~[classes/:?]
	at org.apache.hadoop.hive.ql.Driver.run(Driver.java:153) ~[classes/:?]
	at org.apache.hadoop.hive.ql.Driver.run(Driver.java:140) ~[classes/:?]
	at org.apache.hadoop.hive.ql.TxnCommandsBaseForTests.runStatementOnDriver(TxnCommandsBaseForTests.java:245) ~[test-classes/:?]
	at org.apache.hadoop.hive.ql.TestTxnNoBuckets.testNoBuckets(TestTxnNoBuckets.java:109) ~[test-classes/:?]
	at sun.reflect.NativeMethodAccessorImpl.invoke0(Native Method) ~[?:1.8.0_402]
	at sun.reflect.NativeMethodAccessorImpl.invoke(NativeMethodAccessorImpl.java:62) ~[?:1.8.0_402]
	at sun.reflect.DelegatingMethodAccessorImpl.invoke(DelegatingMethodAccessorImpl.java:43) ~[?:1.8.0_402]
	at java.lang.reflect.Method.invoke(Method.java:498) ~[?:1.8.0_402]
	at org.junit.runners.model.FrameworkMethod$1.runReflectiveCall(FrameworkMethod.java:59) ~[junit-4.13.jar:4.13]
	at org.junit.internal.runners.model.ReflectiveCallable.run(ReflectiveCallable.java:12) ~[junit-4.13.jar:4.13]
	at org.junit.runners.model.FrameworkMethod.invokeExplosively(FrameworkMethod.java:56) ~[junit-4.13.jar:4.13]
	at org.junit.internal.runners.statements.InvokeMethod.evaluate(InvokeMethod.java:17) ~[junit-4.13.jar:4.13]
	at org.junit.internal.runners.statements.RunBefores.evaluate(RunBefores.java:26) ~[junit-4.13.jar:4.13]
	at org.junit.internal.runners.statements.RunAfters.evaluate(RunAfters.java:27) ~[junit-4.13.jar:4.13]
	at org.junit.rules.TestWatcher$1.evaluate(TestWatcher.java:61) ~[junit-4.13.jar:4.13]
	at org.junit.runners.ParentRunner$3.evaluate(ParentRunner.java:306) ~[junit-4.13.jar:4.13]
	at org.junit.runners.BlockJUnit4ClassRunner$1.evaluate(BlockJUnit4ClassRunner.java:100) ~[junit-4.13.jar:4.13]
	at org.junit.runners.ParentRunner.runLeaf(ParentRunner.java:366) ~[junit-4.13.jar:4.13]
	at org.junit.runners.BlockJUnit4ClassRunner.runChild(BlockJUnit4ClassRunner.java:103) ~[junit-4.13.jar:4.13]
	at org.junit.runners.BlockJUnit4ClassRunner.runChild(BlockJUnit4ClassRunner.java:63) ~[junit-4.13.jar:4.13]
	at org.junit.runners.ParentRunner$4.run(ParentRunner.java:331) ~[junit-4.13.jar:4.13]
	at org.junit.runners.ParentRunner$1.schedule(ParentRunner.java:79) ~[junit-4.13.jar:4.13]
	at org.junit.runners.ParentRunner.runChildren(ParentRunner.java:329) ~[junit-4.13.jar:4.13]
	at org.junit.runners.ParentRunner.access$100(ParentRunner.java:66) ~[junit-4.13.jar:4.13]
	at org.junit.runners.ParentRunner$2.evaluate(ParentRunner.java:293) ~[junit-4.13.jar:4.13]
	at org.junit.runners.ParentRunner$3.evaluate(ParentRunner.java:306) ~[junit-4.13.jar:4.13]
	at org.junit.runners.ParentRunner.run(ParentRunner.java:413) ~[junit-4.13.jar:4.13]
	at org.junit.runner.JUnitCore.run(JUnitCore.java:137) ~[junit-4.13.jar:4.13]
	at org.junit.runner.JUnitCore.run(JUnitCore.java:115) ~[junit-4.13.jar:4.13]
	at org.junit.vintage.engine.execution.RunnerExecutor.execute(RunnerExecutor.java:43) ~[junit-vintage-engine-5.6.2.jar:5.6.2]
	at java.util.stream.ForEachOps$ForEachOp$OfRef.accept(ForEachOps.java:183) ~[?:1.8.0_402]
	at java.util.stream.ReferencePipeline$3$1.accept(ReferencePipeline.java:193) ~[?:1.8.0_402]
	at java.util.Iterator.forEachRemaining(Iterator.java:116) ~[?:1.8.0_402]
	at java.util.Spliterators$IteratorSpliterator.forEachRemaining(Spliterators.java:1801) ~[?:1.8.0_402]
	at java.util.stream.AbstractPipeline.copyInto(AbstractPipeline.java:482) ~[?:1.8.0_402]
	at java.util.stream.AbstractPipeline.wrapAndCopyInto(AbstractPipeline.java:472) ~[?:1.8.0_402]
	at java.util.stream.ForEachOps$ForEachOp.evaluateSequential(ForEachOps.java:150) ~[?:1.8.0_402]
	at java.util.stream.ForEachOps$ForEachOp$OfRef.evaluateSequential(ForEachOps.java:173) ~[?:1.8.0_402]
	at java.util.stream.AbstractPipeline.evaluate(AbstractPipeline.java:234) ~[?:1.8.0_402]
	at java.util.stream.ReferencePipeline.forEach(ReferencePipeline.java:485) ~[?:1.8.0_402]
	at org.junit.vintage.engine.VintageTestEngine.executeAllChildren(VintageTestEngine.java:82) ~[junit-vintage-engine-5.6.2.jar:5.6.2]
	at org.junit.vintage.engine.VintageTestEngine.execute(VintageTestEngine.java:73) ~[junit-vintage-engine-5.6.2.jar:5.6.2]
	at org.junit.platform.launcher.core.DefaultLauncher.execute(DefaultLauncher.java:248) ~[junit-platform-launcher-1.6.2.jar:1.6.2]
	at org.junit.platform.launcher.core.DefaultLauncher.lambda$execute$5(DefaultLauncher.java:211) ~[junit-platform-launcher-1.6.2.jar:1.6.2]
	at org.junit.platform.launcher.core.DefaultLauncher.withInterceptedStreams(DefaultLauncher.java:226) [junit-platform-launcher-1.6.2.jar:1.6.2]
	at org.junit.platform.launcher.core.DefaultLauncher.execute(DefaultLauncher.java:199) [junit-platform-launcher-1.6.2.jar:1.6.2]
	at org.junit.platform.launcher.core.DefaultLauncher.execute(DefaultLauncher.java:132) [junit-platform-launcher-1.6.2.jar:1.6.2]
	at org.apache.maven.surefire.junitplatform.JUnitPlatformProvider.invokeAllTests(JUnitPlatformProvider.java:154) [surefire-junit-platform-3.0.0-M4.jar:3.0.0-M4]
	at org.apache.maven.surefire.junitplatform.JUnitPlatformProvider.invoke(JUnitPlatformProvider.java:123) [surefire-junit-platform-3.0.0-M4.jar:3.0.0-M4]
	at org.apache.maven.surefire.booter.ForkedBooter.runSuitesInProcess(ForkedBooter.java:377) [surefire-booter-3.0.0-M4.jar:3.0.0-M4]
	at org.apache.maven.surefire.booter.ForkedBooter.execute(ForkedBooter.java:138) [surefire-booter-3.0.0-M4.jar:3.0.0-M4]
	at org.apache.maven.surefire.booter.ForkedBooter.run(ForkedBooter.java:465) [surefire-booter-3.0.0-M4.jar:3.0.0-M4]
	at org.apache.maven.surefire.booter.ForkedBooter.main(ForkedBooter.java:451) [surefire-booter-3.0.0-M4.jar:3.0.0-M4]
2024-04-24T05:23:03,552 ERROR [main] parse.UpdateDeleteSemanticAnalyzer: CBO failed due to missing column stats (see previous errors), skipping CBO
FAILED: NoMatchingMethodException No matching method for class org.apache.hadoop.hive.ql.udf.UDFToInteger with (struct<writeid:bigint,bucketid:int,rowid:bigint>). Possible choices: _FUNC_(bigint)  _FUNC_(boolean)  _FUNC_(decimal(38,18))  _FUNC_(double)  _FUNC_(float)  _FUNC_(smallint)  _FUNC_(string)  _FUNC_(struct<bucketid:int,rowid:bigint,writeid:bigint>)  _FUNC_(timestamp)  _FUNC_(tinyint)  _FUNC_(void)  
2024-04-24T05:23:03,552 ERROR [main] ql.Driver: FAILED: NoMatchingMethodException No matching method for class org.apache.hadoop.hive.ql.udf.UDFToInteger with (struct<writeid:bigint,bucketid:int,rowid:bigint>). Possible choices: _FUNC_(bigint)  _FUNC_(boolean)  _FUNC_(decimal(38,18))  _FUNC_(double)  _FUNC_(float)  _FUNC_(smallint)  _FUNC_(string)  _FUNC_(struct<bucketid:int,rowid:bigint,writeid:bigint>)  _FUNC_(timestamp)  _FUNC_(tinyint)  _FUNC_(void)  
org.apache.hadoop.hive.ql.exec.NoMatchingMethodException: No matching method for class org.apache.hadoop.hive.ql.udf.UDFToInteger with (struct<writeid:bigint,bucketid:int,rowid:bigint>). Possible choices: _FUNC_(bigint)  _FUNC_(boolean)  _FUNC_(decimal(38,18))  _FUNC_(double)  _FUNC_(float)  _FUNC_(smallint)  _FUNC_(string)  _FUNC_(struct<bucketid:int,rowid:bigint,writeid:bigint>)  _FUNC_(timestamp)  _FUNC_(tinyint)  _FUNC_(void)  
	at org.apache.hadoop.hive.ql.exec.MethodUtils.getMethodInternal(MethodUtils.java:130)
	at org.apache.hadoop.hive.ql.exec.MethodUtils.getMethodInternal(MethodUtils.java:60)
	at org.apache.hadoop.hive.ql.exec.DefaultUDFMethodResolver.getEvalMethod(DefaultUDFMethodResolver.java:59)
	at org.apache.hadoop.hive.ql.udf.TimestampCastRestrictorResolver.getEvalMethod(TimestampCastRestrictorResolver.java:68)
	at org.apache.hadoop.hive.ql.udf.generic.GenericUDFBridge.initialize(GenericUDFBridge.java:168)
	at org.apache.hadoop.hive.ql.udf.generic.GenericUDF.initializeAndFoldConstants(GenericUDF.java:149)
	at org.apache.hadoop.hive.ql.plan.ExprNodeGenericFuncDesc.newInstance(ExprNodeGenericFuncDesc.java:235)
	at org.apache.hadoop.hive.ql.parse.type.ExprNodeDescExprFactory.createFuncCallExpr(ExprNodeDescExprFactory.java:584)
	at org.apache.hadoop.hive.ql.parse.type.ExprNodeDescExprFactory.createFuncCallExpr(ExprNodeDescExprFactory.java:97)
	at org.apache.hadoop.hive.ql.parse.type.TypeCheckProcFactory$DefaultExprProcessor.getFuncExprNodeDescWithUdfData(TypeCheckProcFactory.java:762)
	at org.apache.hadoop.hive.ql.parse.type.TypeCheckProcFactory$DefaultExprProcessor.createConversionCast(TypeCheckProcFactory.java:783)
	at org.apache.hadoop.hive.ql.parse.SemanticAnalyzer.getPartitionColsFromBucketColsForUpdateDelete(SemanticAnalyzer.java:8725)
	at org.apache.hadoop.hive.ql.parse.SemanticAnalyzer.genBucketingSortingDest(SemanticAnalyzer.java:6914)
	at org.apache.hadoop.hive.ql.parse.SemanticAnalyzer.genFileSinkPlan(SemanticAnalyzer.java:7335)
	at org.apache.hadoop.hive.ql.parse.SemanticAnalyzer.genPostGroupByBodyPlan(SemanticAnalyzer.java:11063)
	at org.apache.hadoop.hive.ql.parse.SemanticAnalyzer.genBodyPlan(SemanticAnalyzer.java:10938)
	at org.apache.hadoop.hive.ql.parse.SemanticAnalyzer.genPlan(SemanticAnalyzer.java:11853)
	at org.apache.hadoop.hive.ql.parse.SemanticAnalyzer.genPlan(SemanticAnalyzer.java:11723)
	at org.apache.hadoop.hive.ql.parse.CalcitePlanner.genOPTree(CalcitePlanner.java:626)
	at org.apache.hadoop.hive.ql.parse.SemanticAnalyzer.analyzeInternal(SemanticAnalyzer.java:12558)
	at org.apache.hadoop.hive.ql.parse.CalcitePlanner.analyzeInternal(CalcitePlanner.java:456)
	at org.apache.hadoop.hive.ql.parse.RewriteSemanticAnalyzer.analyzeInternal(RewriteSemanticAnalyzer.java:67)
	at org.apache.hadoop.hive.ql.parse.BaseSemanticAnalyzer.analyze(BaseSemanticAnalyzer.java:317)
	at org.apache.hadoop.hive.ql.parse.UpdateDeleteSemanticAnalyzer.reparseAndSuperAnalyze(UpdateDeleteSemanticAnalyzer.java:208)
	at org.apache.hadoop.hive.ql.parse.UpdateDeleteSemanticAnalyzer.analyzeUpdate(UpdateDeleteSemanticAnalyzer.java:63)
	at org.apache.hadoop.hive.ql.parse.UpdateDeleteSemanticAnalyzer.analyze(UpdateDeleteSemanticAnalyzer.java:53)
	at org.apache.hadoop.hive.ql.parse.RewriteSemanticAnalyzer.analyzeInternal(RewriteSemanticAnalyzer.java:72)
	at org.apache.hadoop.hive.ql.parse.BaseSemanticAnalyzer.analyze(BaseSemanticAnalyzer.java:317)
	at org.apache.hadoop.hive.ql.parse.ExplainSemanticAnalyzer.analyzeInternal(ExplainSemanticAnalyzer.java:175)
	at org.apache.hadoop.hive.ql.parse.BaseSemanticAnalyzer.analyze(BaseSemanticAnalyzer.java:317)
	at org.apache.hadoop.hive.ql.Compiler.analyze(Compiler.java:223)
	at org.apache.hadoop.hive.ql.Compiler.compile(Compiler.java:105)
	at org.apache.hadoop.hive.ql.Driver.compile(Driver.java:500)
	at org.apache.hadoop.hive.ql.Driver.compileInternal(Driver.java:453)
	at org.apache.hadoop.hive.ql.Driver.runInternal(Driver.java:181)
	at org.apache.hadoop.hive.ql.Driver.run(Driver.java:153)
	at org.apache.hadoop.hive.ql.Driver.run(Driver.java:140)
	at org.apache.hadoop.hive.ql.TxnCommandsBaseForTests.runStatementOnDriver(TxnCommandsBaseForTests.java:245)
	at org.apache.hadoop.hive.ql.TestTxnNoBuckets.testNoBuckets(TestTxnNoBuckets.java:109)
	at sun.reflect.NativeMethodAccessorImpl.invoke0(Native Method)
	at sun.reflect.NativeMethodAccessorImpl.invoke(NativeMethodAccessorImpl.java:62)
	at sun.reflect.DelegatingMethodAccessorImpl.invoke(DelegatingMethodAccessorImpl.java:43)
	at java.lang.reflect.Method.invoke(Method.java:498)
	at org.junit.runners.model.FrameworkMethod$1.runReflectiveCall(FrameworkMethod.java:59)
	at org.junit.internal.runners.model.ReflectiveCallable.run(ReflectiveCallable.java:12)
	at org.junit.runners.model.FrameworkMethod.invokeExplosively(FrameworkMethod.java:56)
	at org.junit.internal.runners.statements.InvokeMethod.evaluate(InvokeMethod.java:17)
	at org.junit.internal.runners.statements.RunBefores.evaluate(RunBefores.java:26)
	at org.junit.internal.runners.statements.RunAfters.evaluate(RunAfters.java:27)
	at org.junit.rules.TestWatcher$1.evaluate(TestWatcher.java:61)
	at org.junit.runners.ParentRunner$3.evaluate(ParentRunner.java:306)
	at org.junit.runners.BlockJUnit4ClassRunner$1.evaluate(BlockJUnit4ClassRunner.java:100)
	at org.junit.runners.ParentRunner.runLeaf(ParentRunner.java:366)
	at org.junit.runners.BlockJUnit4ClassRunner.runChild(BlockJUnit4ClassRunner.java:103)
	at org.junit.runners.BlockJUnit4ClassRunner.runChild(BlockJUnit4ClassRunner.java:63)
	at org.junit.runners.ParentRunner$4.run(ParentRunner.java:331)
	at org.junit.runners.ParentRunner$1.schedule(ParentRunner.java:79)
	at org.junit.runners.ParentRunner.runChildren(ParentRunner.java:329)
	at org.junit.runners.ParentRunner.access$100(ParentRunner.java:66)
	at org.junit.runners.ParentRunner$2.evaluate(ParentRunner.java:293)
	at org.junit.runners.ParentRunner$3.evaluate(ParentRunner.java:306)
	at org.junit.runners.ParentRunner.run(ParentRunner.java:413)
	at org.junit.runner.JUnitCore.run(JUnitCore.java:137)
	at org.junit.runner.JUnitCore.run(JUnitCore.java:115)
	at org.junit.vintage.engine.execution.RunnerExecutor.execute(RunnerExecutor.java:43)
	at java.util.stream.ForEachOps$ForEachOp$OfRef.accept(ForEachOps.java:183)
	at java.util.stream.ReferencePipeline$3$1.accept(ReferencePipeline.java:193)
	at java.util.Iterator.forEachRemaining(Iterator.java:116)
	at java.util.Spliterators$IteratorSpliterator.forEachRemaining(Spliterators.java:1801)
	at java.util.stream.AbstractPipeline.copyInto(AbstractPipeline.java:482)
	at java.util.stream.AbstractPipeline.wrapAndCopyInto(AbstractPipeline.java:472)
	at java.util.stream.ForEachOps$ForEachOp.evaluateSequential(ForEachOps.java:150)
	at java.util.stream.ForEachOps$ForEachOp$OfRef.evaluateSequential(ForEachOps.java:173)
	at java.util.stream.AbstractPipeline.evaluate(AbstractPipeline.java:234)
	at java.util.stream.ReferencePipeline.forEach(ReferencePipeline.java:485)
	at org.junit.vintage.engine.VintageTestEngine.executeAllChildren(VintageTestEngine.java:82)
	at org.junit.vintage.engine.VintageTestEngine.execute(VintageTestEngine.java:73)
	at org.junit.platform.launcher.core.DefaultLauncher.execute(DefaultLauncher.java:248)
	at org.junit.platform.launcher.core.DefaultLauncher.lambda$execute$5(DefaultLauncher.java:211)
	at org.junit.platform.launcher.core.DefaultLauncher.withInterceptedStreams(DefaultLauncher.java:226)
	at org.junit.platform.launcher.core.DefaultLauncher.execute(DefaultLauncher.java:199)
	at org.junit.platform.launcher.core.DefaultLauncher.execute(DefaultLauncher.java:132)
	at org.apache.maven.surefire.junitplatform.JUnitPlatformProvider.invokeAllTests(JUnitPlatformProvider.java:154)
	at org.apache.maven.surefire.junitplatform.JUnitPlatformProvider.invoke(JUnitPlatformProvider.java:123)
	at org.apache.maven.surefire.booter.ForkedBooter.runSuitesInProcess(ForkedBooter.java:377)
	at org.apache.maven.surefire.booter.ForkedBooter.execute(ForkedBooter.java:138)
	at org.apache.maven.surefire.booter.ForkedBooter.run(ForkedBooter.java:465)
	at org.apache.maven.surefire.booter.ForkedBooter.main(ForkedBooter.java:451)

2024-04-24T05:23:03,553  INFO [main] metadata.Hive: Dumping metastore api call timing information for : compilation phase
2024-04-24T05:23:03,553  INFO [main] metadata.Hive: Total time spent in each metastore function (ms): {getTableColumnStatistics_(String, String, List, String)=7, getValidWriteIds_(List, String)=3, commitTxn_(CommitTxnRequest)=8, isCompatibleWith_(Configuration)=0, flushCache_()=0, getValidTxns_(long)=0, getCheckConstraints_(CheckConstraintsRequest)=1, getAllTableConstraints_(AllTableConstraintsRequest)=5, getNotNullConstraints_(NotNullConstraintsRequest)=1, getTable_(GetTableRequest)=26, openTxn_(String, TxnType)=2}
2024-04-24T05:23:03,553  INFO [main] ql.Driver: Completed compiling command(queryId=alex_20240424052303_55b5bc90-b3f3-4ffb-827e-4460c6adaeaf); Time taken: 0.138 seconds
2024-04-24T05:23:03,553  INFO [main] lockmgr.DbTxnManager: Stopped heartbeat for query: null
2024-04-24T05:23:03,556  INFO [main] txn.TxnHandler: Removed transactions: ([21]) from MIN_HISTORY_LEVEL
2024-04-24T05:23:03,561  INFO [main] ql.TxnCommandsBaseForTests: Running the query: drop table if exists acidTbl
2024-04-24T05:23:03,562  INFO [main] ql.Driver: Compiling command(queryId=alex_20240424052303_bf69c7bf-9306-4f03-a945-5cce2bbec543): drop table if exists acidTbl
2024-04-24T05:23:03,564  INFO [main] txn.TxnHandler: Added entries to MIN_HISTORY_LEVEL for current txns: ([22]) with min_open_txn: 21
2024-04-24T05:23:03,564  INFO [main] lockmgr.DbTxnManager: Opened txnid:22
2024-04-24T05:23:03,565  INFO [main] HiveMetaStore.audit: ugi=alex	ip=unknown-ip-addr	cmd=get_table : tbl=hive.default.acidTbl	
2024-04-24T05:23:03,570  INFO [main] metastore.HMSHandler: Skipping translation for processor with null
2024-04-24T05:23:03,570  INFO [main] ql.Driver: Semantic Analysis Completed (retrial = false)
2024-04-24T05:23:03,571  INFO [main] ql.Driver: Created Hive schema: Schema(fieldSchemas:null, properties:null)
2024-04-24T05:23:03,571  INFO [main] metadata.Hive: Dumping metastore api call timing information for : compilation phase
2024-04-24T05:23:03,571  INFO [main] metadata.Hive: Total time spent in each metastore function (ms): {rollbackTxn_(long)=8, getTable_(GetTableRequest)=5, getValidTxns_(long)=0, isCompatibleWith_(Configuration)=0, flushCache_()=0, openTxn_(String, TxnType)=2}
2024-04-24T05:23:03,571  INFO [main] ql.Driver: Completed compiling command(queryId=alex_20240424052303_bf69c7bf-9306-4f03-a945-5cce2bbec543); Time taken: 0.009 seconds
2024-04-24T05:23:03,571  INFO [main] lockmgr.DbTxnManager: Setting lock request transaction to txnid:22 for queryId=alex_20240424052303_bf69c7bf-9306-4f03-a945-5cce2bbec543
2024-04-24T05:23:03,571  INFO [main] lockmgr.DbLockManager: Requesting lock for queryId=alex_20240424052303_bf69c7bf-9306-4f03-a945-5cce2bbec543
2024-04-24T05:23:03,584  INFO [main] lockmgr.DbLockManager: Response to queryId=alex_20240424052303_bf69c7bf-9306-4f03-a945-5cce2bbec543 LockResponse(lockid:15, state:ACQUIRED)
2024-04-24T05:23:03,584  INFO [main] ql.Driver: Operation DROPTABLE obtained 1 locks
2024-04-24T05:23:03,584  INFO [main] ql.Driver: Executing command(queryId=alex_20240424052303_bf69c7bf-9306-4f03-a945-5cce2bbec543): drop table if exists acidTbl
2024-04-24T05:23:03,585  INFO [main] ql.Driver: Starting task [Stage-0:DDL] in serial mode
2024-04-24T05:23:03,585  INFO [main] HiveMetaStore.audit: ugi=alex	ip=unknown-ip-addr	cmd=get_table : tbl=hive.default.acidTbl	
2024-04-24T05:23:03,591  INFO [main] metastore.HMSHandler: Skipping translation for processor with null
2024-04-24T05:23:03,591  INFO [main] HiveMetaStore.audit: ugi=alex	ip=unknown-ip-addr	cmd=get_table : tbl=hive.default.acidTbl	
2024-04-24T05:23:03,597  INFO [main] metastore.HMSHandler: Skipping translation for processor with null
2024-04-24T05:23:03,597  INFO [main] HiveMetaStore.audit: ugi=alex	ip=unknown-ip-addr	cmd=drop_table : tbl=hive.default.acidTbl	
2024-04-24T05:23:03,689  INFO [main] metadata.Hive: Dumping metastore api call timing information for : execution phase
2024-04-24T05:23:03,689  INFO [main] metadata.Hive: Total time spent in each metastore function (ms): {dropTable_(String, String, boolean, boolean, boolean)=98, isCompatibleWith_(Configuration)=0, getTable_(GetTableRequest)=6}
2024-04-24T05:23:03,689  INFO [main] ql.Driver: Completed executing command(queryId=alex_20240424052303_bf69c7bf-9306-4f03-a945-5cce2bbec543); Time taken: 0.105 seconds
2024-04-24T05:23:03,689  INFO [main] lockmgr.DbTxnManager: Stopped heartbeat for query: alex_20240424052303_bf69c7bf-9306-4f03-a945-5cce2bbec543
2024-04-24T05:23:03,692  INFO [main] txn.TxnHandler: Expected to move at least one record from txn_components to completed_txn_components when committing txn! txnid:22
2024-04-24T05:23:03,697  INFO [main] txn.TxnHandler: Removed transactions: ([22]) from MIN_HISTORY_LEVEL
2024-04-24T05:23:03,698  WARN [main] txn.CompactionTxnHandler: No compaction queue record found for Compaction type transaction commit. txnId:22
2024-04-24T05:23:03,698  INFO [main] ql.TxnCommandsBaseForTests: Running the query: drop table if exists acidTblPart
2024-04-24T05:23:03,699  INFO [main] ql.Driver: Compiling command(queryId=alex_20240424052303_d5d17439-420b-428a-a891-d914ab0fd27e): drop table if exists acidTblPart
2024-04-24T05:23:03,701  INFO [main] txn.TxnHandler: Added entries to MIN_HISTORY_LEVEL for current txns: ([23]) with min_open_txn: 21
2024-04-24T05:23:03,701  INFO [main] lockmgr.DbTxnManager: Opened txnid:23
2024-04-24T05:23:03,702  INFO [main] HiveMetaStore.audit: ugi=alex	ip=unknown-ip-addr	cmd=get_table : tbl=hive.default.acidTblPart	
2024-04-24T05:23:03,715  INFO [main] metastore.HMSHandler: Skipping translation for processor with null
2024-04-24T05:23:03,715  INFO [main] ql.Driver: Semantic Analysis Completed (retrial = false)
2024-04-24T05:23:03,715  INFO [main] ql.Driver: Created Hive schema: Schema(fieldSchemas:null, properties:null)
2024-04-24T05:23:03,715  INFO [main] metadata.Hive: Dumping metastore api call timing information for : compilation phase
2024-04-24T05:23:03,715  INFO [main] metadata.Hive: Total time spent in each metastore function (ms): {isCompatibleWith_(Configuration)=0, getValidTxns_(long)=1, flushCache_()=0, commitTxn_(CommitTxnRequest)=9, getTable_(GetTableRequest)=13, openTxn_(String, TxnType)=2}
2024-04-24T05:23:03,715  INFO [main] ql.Driver: Completed compiling command(queryId=alex_20240424052303_d5d17439-420b-428a-a891-d914ab0fd27e); Time taken: 0.016 seconds
2024-04-24T05:23:03,716  INFO [main] lockmgr.DbTxnManager: Setting lock request transaction to txnid:23 for queryId=alex_20240424052303_d5d17439-420b-428a-a891-d914ab0fd27e
2024-04-24T05:23:03,716  INFO [main] lockmgr.DbLockManager: Requesting lock for queryId=alex_20240424052303_d5d17439-420b-428a-a891-d914ab0fd27e
2024-04-24T05:23:03,728  INFO [main] lockmgr.DbLockManager: Response to queryId=alex_20240424052303_d5d17439-420b-428a-a891-d914ab0fd27e LockResponse(lockid:16, state:ACQUIRED)
2024-04-24T05:23:03,728  INFO [main] ql.Driver: Operation DROPTABLE obtained 1 locks
2024-04-24T05:23:03,728  INFO [main] ql.Driver: Executing command(queryId=alex_20240424052303_d5d17439-420b-428a-a891-d914ab0fd27e): drop table if exists acidTblPart
2024-04-24T05:23:03,729  INFO [main] ql.Driver: Starting task [Stage-0:DDL] in serial mode
2024-04-24T05:23:03,729  INFO [main] HiveMetaStore.audit: ugi=alex	ip=unknown-ip-addr	cmd=get_table : tbl=hive.default.acidTblPart	
2024-04-24T05:23:03,735  INFO [main] metastore.HMSHandler: Skipping translation for processor with null
2024-04-24T05:23:03,735  INFO [main] HiveMetaStore.audit: ugi=alex	ip=unknown-ip-addr	cmd=get_table : tbl=hive.default.acidTblPart	
2024-04-24T05:23:03,740  INFO [main] metastore.HMSHandler: Skipping translation for processor with null
2024-04-24T05:23:03,740  INFO [main] HiveMetaStore.audit: ugi=alex	ip=unknown-ip-addr	cmd=drop_table : tbl=hive.default.acidTblPart	
2024-04-24T05:23:03,776  INFO [main] metadata.Hive: Dumping metastore api call timing information for : execution phase
2024-04-24T05:23:03,776  INFO [main] metadata.Hive: Total time spent in each metastore function (ms): {isCompatibleWith_(Configuration)=0, getTable_(GetTableRequest)=6, dropTable_(String, String, boolean, boolean, boolean)=41}
2024-04-24T05:23:03,776  INFO [main] ql.Driver: Completed executing command(queryId=alex_20240424052303_d5d17439-420b-428a-a891-d914ab0fd27e); Time taken: 0.048 seconds
2024-04-24T05:23:03,776  INFO [main] lockmgr.DbTxnManager: Stopped heartbeat for query: alex_20240424052303_d5d17439-420b-428a-a891-d914ab0fd27e
2024-04-24T05:23:03,780  INFO [main] txn.TxnHandler: Expected to move at least one record from txn_components to completed_txn_components when committing txn! txnid:23
2024-04-24T05:23:03,785  INFO [main] txn.TxnHandler: Removed transactions: ([23]) from MIN_HISTORY_LEVEL
2024-04-24T05:23:03,785  WARN [main] txn.CompactionTxnHandler: No compaction queue record found for Compaction type transaction commit. txnId:23
2024-04-24T05:23:03,785  INFO [main] ql.TxnCommandsBaseForTests: Running the query: drop table if exists acidTbl2
2024-04-24T05:23:03,786  INFO [main] ql.Driver: Compiling command(queryId=alex_20240424052303_40d34ac7-e1cc-4043-9c9a-3e4fa6fbe792): drop table if exists acidTbl2
2024-04-24T05:23:03,788  INFO [main] txn.TxnHandler: Added entries to MIN_HISTORY_LEVEL for current txns: ([24]) with min_open_txn: 21
2024-04-24T05:23:03,788  INFO [main] lockmgr.DbTxnManager: Opened txnid:24
2024-04-24T05:23:03,789  INFO [main] ql.Driver: Semantic Analysis Completed (retrial = false)
2024-04-24T05:23:03,789  INFO [main] ql.Driver: Created Hive schema: Schema(fieldSchemas:null, properties:null)
2024-04-24T05:23:03,789  INFO [main] metadata.Hive: Dumping metastore api call timing information for : compilation phase
2024-04-24T05:23:03,789  INFO [main] metadata.Hive: Total time spent in each metastore function (ms): {commitTxn_(CommitTxnRequest)=9, getValidTxns_(long)=0, openTxn_(String, TxnType)=2, flushCache_()=0, getTable_(GetTableRequest)=0, isCompatibleWith_(Configuration)=1}
2024-04-24T05:23:03,789  INFO [main] ql.Driver: Completed compiling command(queryId=alex_20240424052303_40d34ac7-e1cc-4043-9c9a-3e4fa6fbe792); Time taken: 0.003 seconds
2024-04-24T05:23:03,790  INFO [main] lockmgr.DbTxnManager: Setting lock request transaction to txnid:24 for queryId=alex_20240424052303_40d34ac7-e1cc-4043-9c9a-3e4fa6fbe792
2024-04-24T05:23:03,790  INFO [main] ql.Driver: Operation DROPTABLE obtained 0 locks
2024-04-24T05:23:03,790  INFO [main] ql.Driver: Executing command(queryId=alex_20240424052303_40d34ac7-e1cc-4043-9c9a-3e4fa6fbe792): drop table if exists acidTbl2
2024-04-24T05:23:03,790  INFO [main] ql.Driver: Starting task [Stage-0:DDL] in serial mode
2024-04-24T05:23:03,790  INFO [main] metadata.SessionHiveMetaStoreClient: Column stats doesn't exist for db=default temp table=acidTbl2
2024-04-24T05:23:03,791  INFO [main] metadata.Hive: Dumping metastore api call timing information for : execution phase
2024-04-24T05:23:03,791  INFO [main] metadata.Hive: Total time spent in each metastore function (ms): {dropTable_(String, String, boolean, boolean, boolean)=1, isCompatibleWith_(Configuration)=0, getTable_(GetTableRequest)=0}
2024-04-24T05:23:03,791  INFO [main] ql.Driver: Completed executing command(queryId=alex_20240424052303_40d34ac7-e1cc-4043-9c9a-3e4fa6fbe792); Time taken: 0.001 seconds
2024-04-24T05:23:03,791  INFO [main] lockmgr.DbTxnManager: Stopped heartbeat for query: alex_20240424052303_40d34ac7-e1cc-4043-9c9a-3e4fa6fbe792
2024-04-24T05:23:03,796  INFO [main] txn.TxnHandler: Expected to move at least one record from txn_components to completed_txn_components when committing txn! txnid:24
2024-04-24T05:23:03,801  INFO [main] txn.TxnHandler: Removed transactions: ([24]) from MIN_HISTORY_LEVEL
2024-04-24T05:23:03,801  WARN [main] txn.CompactionTxnHandler: No compaction queue record found for Compaction type transaction commit. txnId:24
2024-04-24T05:23:03,802  INFO [main] ql.TxnCommandsBaseForTests: Running the query: drop table if exists nonAcidOrcTbl
2024-04-24T05:23:03,802  INFO [main] ql.Driver: Compiling command(queryId=alex_20240424052303_74bfbff4-ae10-49c5-9297-745ecc6fd1ac): drop table if exists nonAcidOrcTbl
2024-04-24T05:23:03,804  INFO [main] txn.TxnHandler: Added entries to MIN_HISTORY_LEVEL for current txns: ([25]) with min_open_txn: 21
2024-04-24T05:23:03,804  INFO [main] lockmgr.DbTxnManager: Opened txnid:25
2024-04-24T05:23:03,804  INFO [main] HiveMetaStore.audit: ugi=alex	ip=unknown-ip-addr	cmd=get_table : tbl=hive.default.nonAcidOrcTbl	
2024-04-24T05:23:03,821  INFO [main] metastore.HMSHandler: Skipping translation for processor with null
2024-04-24T05:23:03,821  INFO [main] ql.Driver: Semantic Analysis Completed (retrial = false)
2024-04-24T05:23:03,821  INFO [main] ql.Driver: Created Hive schema: Schema(fieldSchemas:null, properties:null)
2024-04-24T05:23:03,821  INFO [main] metadata.Hive: Dumping metastore api call timing information for : compilation phase
2024-04-24T05:23:03,821  INFO [main] metadata.Hive: Total time spent in each metastore function (ms): {openTxn_(String, TxnType)=2, commitTxn_(CommitTxnRequest)=10, flushCache_()=0, isCompatibleWith_(Configuration)=0, getValidTxns_(long)=0, getTable_(GetTableRequest)=17}
2024-04-24T05:23:03,821  INFO [main] ql.Driver: Completed compiling command(queryId=alex_20240424052303_74bfbff4-ae10-49c5-9297-745ecc6fd1ac); Time taken: 0.019 seconds
2024-04-24T05:23:03,822  INFO [main] lockmgr.DbTxnManager: Setting lock request transaction to txnid:25 for queryId=alex_20240424052303_74bfbff4-ae10-49c5-9297-745ecc6fd1ac
2024-04-24T05:23:03,822  INFO [main] lockmgr.DbLockManager: Requesting lock for queryId=alex_20240424052303_74bfbff4-ae10-49c5-9297-745ecc6fd1ac
2024-04-24T05:23:03,835  INFO [main] lockmgr.DbLockManager: Response to queryId=alex_20240424052303_74bfbff4-ae10-49c5-9297-745ecc6fd1ac LockResponse(lockid:17, state:ACQUIRED)
2024-04-24T05:23:03,835  INFO [main] ql.Driver: Operation DROPTABLE obtained 1 locks
2024-04-24T05:23:03,835  INFO [main] ql.Driver: Executing command(queryId=alex_20240424052303_74bfbff4-ae10-49c5-9297-745ecc6fd1ac): drop table if exists nonAcidOrcTbl
2024-04-24T05:23:03,835  INFO [main] ql.Driver: Starting task [Stage-0:DDL] in serial mode
2024-04-24T05:23:03,836  INFO [main] HiveMetaStore.audit: ugi=alex	ip=unknown-ip-addr	cmd=get_table : tbl=hive.default.nonAcidOrcTbl	
2024-04-24T05:23:03,843  INFO [main] metastore.HMSHandler: Skipping translation for processor with null
2024-04-24T05:23:03,843  INFO [main] HiveMetaStore.audit: ugi=alex	ip=unknown-ip-addr	cmd=get_table : tbl=hive.default.nonAcidOrcTbl	
2024-04-24T05:23:03,851  INFO [main] metastore.HMSHandler: Skipping translation for processor with null
2024-04-24T05:23:03,851  INFO [main] HiveMetaStore.audit: ugi=alex	ip=unknown-ip-addr	cmd=drop_table : tbl=hive.default.nonAcidOrcTbl	
2024-04-24T05:23:03,916  INFO [main] metadata.Hive: Dumping metastore api call timing information for : execution phase
2024-04-24T05:23:03,917  INFO [main] metadata.Hive: Total time spent in each metastore function (ms): {isCompatibleWith_(Configuration)=1, getTable_(GetTableRequest)=7, dropTable_(String, String, boolean, boolean, boolean)=73}
2024-04-24T05:23:03,917  INFO [main] ql.Driver: Completed executing command(queryId=alex_20240424052303_74bfbff4-ae10-49c5-9297-745ecc6fd1ac); Time taken: 0.081 seconds
2024-04-24T05:23:03,917  INFO [main] lockmgr.DbTxnManager: Stopped heartbeat for query: alex_20240424052303_74bfbff4-ae10-49c5-9297-745ecc6fd1ac
2024-04-24T05:23:03,920  INFO [main] txn.TxnHandler: Expected to move at least one record from txn_components to completed_txn_components when committing txn! txnid:25
2024-04-24T05:23:03,925  INFO [main] txn.TxnHandler: Removed transactions: ([25]) from MIN_HISTORY_LEVEL
2024-04-24T05:23:03,925  WARN [main] txn.CompactionTxnHandler: No compaction queue record found for Compaction type transaction commit. txnId:25
2024-04-24T05:23:03,925  INFO [main] ql.TxnCommandsBaseForTests: Running the query: drop table if exists nonAcidOrcTbl2
2024-04-24T05:23:03,925  INFO [main] ql.Driver: Compiling command(queryId=alex_20240424052303_52197306-e46d-4077-bcc9-56511676077a): drop table if exists nonAcidOrcTbl2
2024-04-24T05:23:03,932  INFO [main] txn.TxnHandler: Added entries to MIN_HISTORY_LEVEL for current txns: ([26]) with min_open_txn: 21
2024-04-24T05:23:03,932  INFO [main] lockmgr.DbTxnManager: Opened txnid:26
2024-04-24T05:23:03,933  INFO [main] HiveMetaStore.audit: ugi=alex	ip=unknown-ip-addr	cmd=get_table : tbl=hive.default.nonAcidOrcTbl2	
2024-04-24T05:23:03,940  INFO [main] metastore.HMSHandler: Skipping translation for processor with null
2024-04-24T05:23:03,940  INFO [main] ql.Driver: Semantic Analysis Completed (retrial = false)
2024-04-24T05:23:03,940  INFO [main] ql.Driver: Created Hive schema: Schema(fieldSchemas:null, properties:null)
2024-04-24T05:23:03,940  INFO [main] metadata.Hive: Dumping metastore api call timing information for : compilation phase
2024-04-24T05:23:03,941  INFO [main] metadata.Hive: Total time spent in each metastore function (ms): {flushCache_()=0, getTable_(GetTableRequest)=7, openTxn_(String, TxnType)=6, getValidTxns_(long)=1, isCompatibleWith_(Configuration)=0, commitTxn_(CommitTxnRequest)=8}
2024-04-24T05:23:03,941  INFO [main] ql.Driver: Completed compiling command(queryId=alex_20240424052303_52197306-e46d-4077-bcc9-56511676077a); Time taken: 0.015 seconds
2024-04-24T05:23:03,941  INFO [main] lockmgr.DbTxnManager: Setting lock request transaction to txnid:26 for queryId=alex_20240424052303_52197306-e46d-4077-bcc9-56511676077a
2024-04-24T05:23:03,941  INFO [main] lockmgr.DbLockManager: Requesting lock for queryId=alex_20240424052303_52197306-e46d-4077-bcc9-56511676077a
2024-04-24T05:23:03,953  INFO [main] lockmgr.DbLockManager: Response to queryId=alex_20240424052303_52197306-e46d-4077-bcc9-56511676077a LockResponse(lockid:18, state:ACQUIRED)
2024-04-24T05:23:03,953  INFO [main] ql.Driver: Operation DROPTABLE obtained 1 locks
2024-04-24T05:23:03,953  INFO [main] ql.Driver: Executing command(queryId=alex_20240424052303_52197306-e46d-4077-bcc9-56511676077a): drop table if exists nonAcidOrcTbl2
2024-04-24T05:23:03,953  INFO [main] ql.Driver: Starting task [Stage-0:DDL] in serial mode
2024-04-24T05:23:03,954  INFO [main] HiveMetaStore.audit: ugi=alex	ip=unknown-ip-addr	cmd=get_table : tbl=hive.default.nonAcidOrcTbl2	
2024-04-24T05:23:03,962  INFO [main] metastore.HMSHandler: Skipping translation for processor with null
2024-04-24T05:23:03,962  INFO [main] HiveMetaStore.audit: ugi=alex	ip=unknown-ip-addr	cmd=get_table : tbl=hive.default.nonAcidOrcTbl2	
2024-04-24T05:23:03,974  INFO [main] metastore.HMSHandler: Skipping translation for processor with null
2024-04-24T05:23:03,974  INFO [main] HiveMetaStore.audit: ugi=alex	ip=unknown-ip-addr	cmd=drop_table : tbl=hive.default.nonAcidOrcTbl2	
2024-04-24T05:23:04,020  INFO [main] metadata.Hive: Dumping metastore api call timing information for : execution phase
2024-04-24T05:23:04,020  INFO [main] metadata.Hive: Total time spent in each metastore function (ms): {isCompatibleWith_(Configuration)=1, getTable_(GetTableRequest)=8, dropTable_(String, String, boolean, boolean, boolean)=58}
2024-04-24T05:23:04,020  INFO [main] ql.Driver: Completed executing command(queryId=alex_20240424052303_52197306-e46d-4077-bcc9-56511676077a); Time taken: 0.067 seconds
2024-04-24T05:23:04,020  INFO [main] lockmgr.DbTxnManager: Stopped heartbeat for query: alex_20240424052303_52197306-e46d-4077-bcc9-56511676077a
2024-04-24T05:23:04,024  INFO [main] txn.TxnHandler: Expected to move at least one record from txn_components to completed_txn_components when committing txn! txnid:26
2024-04-24T05:23:04,029  INFO [main] txn.TxnHandler: Removed transactions: ([26]) from MIN_HISTORY_LEVEL
2024-04-24T05:23:04,029  WARN [main] txn.CompactionTxnHandler: No compaction queue record found for Compaction type transaction commit. txnId:26
2024-04-24T05:23:04,030  INFO [main] ql.TxnCommandsBaseForTests: Running the query: drop table if exists nonAcidNonBucket
2024-04-24T05:23:04,030  INFO [main] ql.Driver: Compiling command(queryId=alex_20240424052304_d6dfa07e-f3e7-46ae-a52d-8ee8cb79a3be): drop table if exists nonAcidNonBucket
2024-04-24T05:23:04,032  INFO [main] txn.TxnHandler: Added entries to MIN_HISTORY_LEVEL for current txns: ([27]) with min_open_txn: 21
2024-04-24T05:23:04,032  INFO [main] lockmgr.DbTxnManager: Opened txnid:27
2024-04-24T05:23:04,033  INFO [main] HiveMetaStore.audit: ugi=alex	ip=unknown-ip-addr	cmd=get_table : tbl=hive.default.nonAcidNonBucket	
2024-04-24T05:23:04,040  INFO [main] metastore.HMSHandler: Skipping translation for processor with null
2024-04-24T05:23:04,040  INFO [main] ql.Driver: Semantic Analysis Completed (retrial = false)
2024-04-24T05:23:04,040  INFO [main] ql.Driver: Created Hive schema: Schema(fieldSchemas:null, properties:null)
2024-04-24T05:23:04,040  INFO [main] metadata.Hive: Dumping metastore api call timing information for : compilation phase
2024-04-24T05:23:04,041  INFO [main] metadata.Hive: Total time spent in each metastore function (ms): {getTable_(GetTableRequest)=7, getValidTxns_(long)=1, commitTxn_(CommitTxnRequest)=9, flushCache_()=0, openTxn_(String, TxnType)=2, isCompatibleWith_(Configuration)=1}
2024-04-24T05:23:04,041  INFO [main] ql.Driver: Completed compiling command(queryId=alex_20240424052304_d6dfa07e-f3e7-46ae-a52d-8ee8cb79a3be); Time taken: 0.01 seconds
2024-04-24T05:23:04,041  INFO [main] lockmgr.DbTxnManager: Setting lock request transaction to txnid:27 for queryId=alex_20240424052304_d6dfa07e-f3e7-46ae-a52d-8ee8cb79a3be
2024-04-24T05:23:04,041  INFO [main] lockmgr.DbLockManager: Requesting lock for queryId=alex_20240424052304_d6dfa07e-f3e7-46ae-a52d-8ee8cb79a3be
2024-04-24T05:23:04,054  INFO [main] lockmgr.DbLockManager: Response to queryId=alex_20240424052304_d6dfa07e-f3e7-46ae-a52d-8ee8cb79a3be LockResponse(lockid:19, state:ACQUIRED)
2024-04-24T05:23:04,054  INFO [main] ql.Driver: Operation DROPTABLE obtained 1 locks
2024-04-24T05:23:04,054  INFO [main] ql.Driver: Executing command(queryId=alex_20240424052304_d6dfa07e-f3e7-46ae-a52d-8ee8cb79a3be): drop table if exists nonAcidNonBucket
2024-04-24T05:23:04,054  INFO [main] ql.Driver: Starting task [Stage-0:DDL] in serial mode
2024-04-24T05:23:04,055  INFO [main] HiveMetaStore.audit: ugi=alex	ip=unknown-ip-addr	cmd=get_table : tbl=hive.default.nonAcidNonBucket	
2024-04-24T05:23:04,064  INFO [main] metastore.HMSHandler: Skipping translation for processor with null
2024-04-24T05:23:04,064  INFO [main] HiveMetaStore.audit: ugi=alex	ip=unknown-ip-addr	cmd=get_table : tbl=hive.default.nonAcidNonBucket	
2024-04-24T05:23:04,071  INFO [main] metastore.HMSHandler: Skipping translation for processor with null
2024-04-24T05:23:04,071  INFO [main] HiveMetaStore.audit: ugi=alex	ip=unknown-ip-addr	cmd=drop_table : tbl=hive.default.nonAcidNonBucket	
2024-04-24T05:23:04,098  INFO [main] metadata.Hive: Dumping metastore api call timing information for : execution phase
2024-04-24T05:23:04,098  INFO [main] metadata.Hive: Total time spent in each metastore function (ms): {isCompatibleWith_(Configuration)=1, dropTable_(String, String, boolean, boolean, boolean)=34, getTable_(GetTableRequest)=9}
2024-04-24T05:23:04,098  INFO [main] ql.Driver: Completed executing command(queryId=alex_20240424052304_d6dfa07e-f3e7-46ae-a52d-8ee8cb79a3be); Time taken: 0.044 seconds
2024-04-24T05:23:04,099  INFO [main] lockmgr.DbTxnManager: Stopped heartbeat for query: alex_20240424052304_d6dfa07e-f3e7-46ae-a52d-8ee8cb79a3be
2024-04-24T05:23:04,102  INFO [main] txn.TxnHandler: Expected to move at least one record from txn_components to completed_txn_components when committing txn! txnid:27
2024-04-24T05:23:04,106  INFO [main] txn.TxnHandler: Removed transactions: ([27]) from MIN_HISTORY_LEVEL
2024-04-24T05:23:04,106  WARN [main] txn.CompactionTxnHandler: No compaction queue record found for Compaction type transaction commit. txnId:27
2024-04-24T05:23:04,107  INFO [main] utils.TestTxnDbUtil: Cleaning transactional tables
]]></system-err>
  </testcase>
  <testcase name="testCtasEmpty" classname="org.apache.hadoop.hive.ql.TestTxnNoBuckets" time="4.165"/>
  <testcase name="testNonAcidToAcidVectorzied" classname="org.apache.hadoop.hive.ql.TestTxnNoBuckets" time="9.657">
    <error type="java.lang.RuntimeException"><![CDATA[java.lang.RuntimeException: update T set b = 17 where a = 1 failed: (responseCode = 40000, errorMessage = FAILED: NoMatchingMethodException No matching method for class org.apache.hadoop.hive.ql.udf.UDFToInteger with (struct<writeid:bigint,bucketid:int,rowid:bigint>). Possible choices: _FUNC_(bigint)  _FUNC_(boolean)  _FUNC_(decimal(38,18))  _FUNC_(double)  _FUNC_(float)  _FUNC_(smallint)  _FUNC_(string)  _FUNC_(struct<bucketid:int,rowid:bigint,writeid:bigint>)  _FUNC_(timestamp)  _FUNC_(tinyint)  _FUNC_(void)  , hiveErrorCode = 40000, SQLState = 42000, exception = No matching method for class org.apache.hadoop.hive.ql.udf.UDFToInteger with (struct<writeid:bigint,bucketid:int,rowid:bigint>). Possible choices: _FUNC_(bigint)  _FUNC_(boolean)  _FUNC_(decimal(38,18))  _FUNC_(double)  _FUNC_(float)  _FUNC_(smallint)  _FUNC_(string)  _FUNC_(struct<bucketid:int,rowid:bigint,writeid:bigint>)  _FUNC_(timestamp)  _FUNC_(tinyint)  _FUNC_(void)  )
	at org.apache.hadoop.hive.ql.TxnCommandsBaseForTests.runStatementOnDriver(TxnCommandsBaseForTests.java:247)
	at org.apache.hadoop.hive.ql.TestTxnNoBuckets.testNonAcidToAcidVectorzied(TestTxnNoBuckets.java:726)
	at sun.reflect.NativeMethodAccessorImpl.invoke0(Native Method)
	at sun.reflect.NativeMethodAccessorImpl.invoke(NativeMethodAccessorImpl.java:62)
	at sun.reflect.DelegatingMethodAccessorImpl.invoke(DelegatingMethodAccessorImpl.java:43)
	at java.lang.reflect.Method.invoke(Method.java:498)
	at org.junit.runners.model.FrameworkMethod$1.runReflectiveCall(FrameworkMethod.java:59)
	at org.junit.internal.runners.model.ReflectiveCallable.run(ReflectiveCallable.java:12)
	at org.junit.runners.model.FrameworkMethod.invokeExplosively(FrameworkMethod.java:56)
	at org.junit.internal.runners.statements.InvokeMethod.evaluate(InvokeMethod.java:17)
	at org.junit.internal.runners.statements.RunBefores.evaluate(RunBefores.java:26)
	at org.junit.internal.runners.statements.RunAfters.evaluate(RunAfters.java:27)
	at org.junit.rules.TestWatcher$1.evaluate(TestWatcher.java:61)
	at org.junit.runners.ParentRunner$3.evaluate(ParentRunner.java:306)
	at org.junit.runners.BlockJUnit4ClassRunner$1.evaluate(BlockJUnit4ClassRunner.java:100)
	at org.junit.runners.ParentRunner.runLeaf(ParentRunner.java:366)
	at org.junit.runners.BlockJUnit4ClassRunner.runChild(BlockJUnit4ClassRunner.java:103)
	at org.junit.runners.BlockJUnit4ClassRunner.runChild(BlockJUnit4ClassRunner.java:63)
	at org.junit.runners.ParentRunner$4.run(ParentRunner.java:331)
	at org.junit.runners.ParentRunner$1.schedule(ParentRunner.java:79)
	at org.junit.runners.ParentRunner.runChildren(ParentRunner.java:329)
	at org.junit.runners.ParentRunner.access$100(ParentRunner.java:66)
	at org.junit.runners.ParentRunner$2.evaluate(ParentRunner.java:293)
	at org.junit.runners.ParentRunner$3.evaluate(ParentRunner.java:306)
	at org.junit.runners.ParentRunner.run(ParentRunner.java:413)
	at org.junit.runner.JUnitCore.run(JUnitCore.java:137)
	at org.junit.runner.JUnitCore.run(JUnitCore.java:115)
	at org.junit.vintage.engine.execution.RunnerExecutor.execute(RunnerExecutor.java:43)
	at java.util.stream.ForEachOps$ForEachOp$OfRef.accept(ForEachOps.java:183)
	at java.util.stream.ReferencePipeline$3$1.accept(ReferencePipeline.java:193)
	at java.util.Iterator.forEachRemaining(Iterator.java:116)
	at java.util.Spliterators$IteratorSpliterator.forEachRemaining(Spliterators.java:1801)
	at java.util.stream.AbstractPipeline.copyInto(AbstractPipeline.java:482)
	at java.util.stream.AbstractPipeline.wrapAndCopyInto(AbstractPipeline.java:472)
	at java.util.stream.ForEachOps$ForEachOp.evaluateSequential(ForEachOps.java:150)
	at java.util.stream.ForEachOps$ForEachOp$OfRef.evaluateSequential(ForEachOps.java:173)
	at java.util.stream.AbstractPipeline.evaluate(AbstractPipeline.java:234)
	at java.util.stream.ReferencePipeline.forEach(ReferencePipeline.java:485)
	at org.junit.vintage.engine.VintageTestEngine.executeAllChildren(VintageTestEngine.java:82)
	at org.junit.vintage.engine.VintageTestEngine.execute(VintageTestEngine.java:73)
	at org.junit.platform.launcher.core.DefaultLauncher.execute(DefaultLauncher.java:248)
	at org.junit.platform.launcher.core.DefaultLauncher.lambda$execute$5(DefaultLauncher.java:211)
	at org.junit.platform.launcher.core.DefaultLauncher.withInterceptedStreams(DefaultLauncher.java:226)
	at org.junit.platform.launcher.core.DefaultLauncher.execute(DefaultLauncher.java:199)
	at org.junit.platform.launcher.core.DefaultLauncher.execute(DefaultLauncher.java:132)
	at org.apache.maven.surefire.junitplatform.JUnitPlatformProvider.invokeAllTests(JUnitPlatformProvider.java:154)
	at org.apache.maven.surefire.junitplatform.JUnitPlatformProvider.invoke(JUnitPlatformProvider.java:123)
	at org.apache.maven.surefire.booter.ForkedBooter.runSuitesInProcess(ForkedBooter.java:377)
	at org.apache.maven.surefire.booter.ForkedBooter.execute(ForkedBooter.java:138)
	at org.apache.maven.surefire.booter.ForkedBooter.run(ForkedBooter.java:465)
	at org.apache.maven.surefire.booter.ForkedBooter.main(ForkedBooter.java:451)
]]></error>
    <system-err><![CDATA[2024-04-24T05:23:08,326  WARN [main] conf.HiveConf: HiveConf of name hive.llap.io.cache.orc.arena.size does not exist
2024-04-24T05:23:08,326  WARN [main] conf.HiveConf: HiveConf of name hive.llap.io.cache.orc.size does not exist
2024-04-24T05:23:08,326  WARN [main] conf.HiveConf: HiveConf of name hive.llap.io.cache.orc.alloc.max does not exist
2024-04-24T05:23:08,326  WARN [main] conf.HiveConf: HiveConf of name hive.metastore.client.cache.recordStats does not exist
2024-04-24T05:23:08,326  WARN [main] conf.HiveConf: HiveConf of name hive.metastore.metadb.dir does not exist
2024-04-24T05:23:08,326  WARN [main] conf.HiveConf: HiveConf of name hive.dummyparam.test.server.specific.config.override does not exist
2024-04-24T05:23:08,326  WARN [main] conf.HiveConf: HiveConf of name hive.stats.key.prefix.reserve.length does not exist
2024-04-24T05:23:08,326  WARN [main] conf.HiveConf: HiveConf of name hive.llap.io.cache.orc.alloc.min does not exist
2024-04-24T05:23:08,327  WARN [main] conf.HiveConf: HiveConf of name hive.dummyparam.test.server.specific.config.hivesite does not exist
2024-04-24T05:23:08,327  WARN [main] conf.HiveConf: HiveConf of name hive.dummyparam.test.server.specific.config.metastoresite does not exist
2024-04-24T05:23:08,327  WARN [main] conf.HiveConf: HiveConf of name hive.metastore.client.cache.maxSize does not exist
2024-04-24T05:23:08,328  INFO [main] utils.TestTxnDbUtil: Creating transactional tables
Hive Session ID = 5db64f43-30d5-4285-98e3-ffcdca3a2f1d
2024-04-24T05:23:08,330  INFO [main] SessionState: Hive Session ID = 5db64f43-30d5-4285-98e3-ffcdca3a2f1d
ivysettings.xml file not found in HIVE_HOME or HIVE_CONF_DIR,/home/alex/Repositories/hive/conf/ivysettings.xml will be used
2024-04-24T05:23:08,331  INFO [main] DependencyResolver: ivysettings.xml file not found in HIVE_HOME or HIVE_CONF_DIR,/home/alex/Repositories/hive/conf/ivysettings.xml will be used
2024-04-24T05:23:08,336  INFO [main] session.SessionState: Created HDFS directory: /home/alex/Repositories/hive/ql/target/tmp/scratchdir/alex/5db64f43-30d5-4285-98e3-ffcdca3a2f1d
2024-04-24T05:23:08,338  INFO [main] session.SessionState: Created local directory: /home/alex/Repositories/hive/ql/target/tmp/localscratchdir/5db64f43-30d5-4285-98e3-ffcdca3a2f1d
2024-04-24T05:23:08,340  INFO [main] session.SessionState: Created HDFS directory: /home/alex/Repositories/hive/ql/target/tmp/scratchdir/alex/5db64f43-30d5-4285-98e3-ffcdca3a2f1d/_tmp_space.db
2024-04-24T05:23:08,341  INFO [main] sqlstd.SQLStdHiveAccessController: Created SQLStdHiveAccessController for session context : HiveAuthzSessionContext [sessionString=5db64f43-30d5-4285-98e3-ffcdca3a2f1d, clientType=HIVECLI]
2024-04-24T05:23:08,341  INFO [main] ql.TxnCommandsBaseForTests: Running the query: drop table if exists acidTbl
2024-04-24T05:23:08,341  INFO [main] ql.Driver: Compiling command(queryId=alex_20240424052308_33647fd3-1976-455e-8cf1-b68682eb11b8): drop table if exists acidTbl
2024-04-24T05:23:08,349  INFO [main] txn.TxnHandler: Added entries to MIN_HISTORY_LEVEL for current txns: ([1]) with min_open_txn: 1
2024-04-24T05:23:08,349  INFO [main] lockmgr.DbTxnManager: Opened txnid:1
2024-04-24T05:23:08,351  INFO [main] HiveMetaStore.audit: ugi=alex	ip=unknown-ip-addr	cmd=get_table : tbl=hive.default.acidTbl	
2024-04-24T05:23:08,357  INFO [main] ql.Driver: Semantic Analysis Completed (retrial = false)
2024-04-24T05:23:08,357  INFO [main] ql.Driver: Created Hive schema: Schema(fieldSchemas:null, properties:null)
2024-04-24T05:23:08,357  INFO [main] metadata.Hive: Dumping metastore api call timing information for : compilation phase
2024-04-24T05:23:08,357  INFO [main] metadata.Hive: Total time spent in each metastore function (ms): {commitTxn_(CommitTxnRequest)=9, flushCache_()=0, getValidTxns_(long)=1, isCompatibleWith_(Configuration)=1, openTxn_(String, TxnType)=8}
2024-04-24T05:23:08,357  INFO [main] ql.Driver: Completed compiling command(queryId=alex_20240424052308_33647fd3-1976-455e-8cf1-b68682eb11b8); Time taken: 0.016 seconds
2024-04-24T05:23:08,357  INFO [main] lockmgr.DbTxnManager: Setting lock request transaction to txnid:1 for queryId=alex_20240424052308_33647fd3-1976-455e-8cf1-b68682eb11b8
2024-04-24T05:23:08,357  INFO [main] ql.Driver: Operation DROPTABLE obtained 0 locks
2024-04-24T05:23:08,357  INFO [main] ql.Driver: Executing command(queryId=alex_20240424052308_33647fd3-1976-455e-8cf1-b68682eb11b8): drop table if exists acidTbl
2024-04-24T05:23:08,358  INFO [main] ql.Driver: Starting task [Stage-0:DDL] in serial mode
2024-04-24T05:23:08,358  INFO [main] HiveMetaStore.audit: ugi=alex	ip=unknown-ip-addr	cmd=get_table : tbl=hive.default.acidTbl	
2024-04-24T05:23:08,361  INFO [main] metadata.Hive: Dumping metastore api call timing information for : execution phase
2024-04-24T05:23:08,361  INFO [main] metadata.Hive: Total time spent in each metastore function (ms): {isCompatibleWith_(Configuration)=0}
2024-04-24T05:23:08,361  INFO [main] ql.Driver: Completed executing command(queryId=alex_20240424052308_33647fd3-1976-455e-8cf1-b68682eb11b8); Time taken: 0.004 seconds
2024-04-24T05:23:08,361  INFO [main] lockmgr.DbTxnManager: Stopped heartbeat for query: alex_20240424052308_33647fd3-1976-455e-8cf1-b68682eb11b8
2024-04-24T05:23:08,365  INFO [main] txn.TxnHandler: Expected to move at least one record from txn_components to completed_txn_components when committing txn! txnid:1
2024-04-24T05:23:08,370  INFO [main] txn.TxnHandler: Removed transactions: ([1]) from MIN_HISTORY_LEVEL
2024-04-24T05:23:08,370  WARN [main] txn.CompactionTxnHandler: No compaction queue record found for Compaction type transaction commit. txnId:1
2024-04-24T05:23:08,371  INFO [main] ql.TxnCommandsBaseForTests: Running the query: drop table if exists acidTblPart
2024-04-24T05:23:08,371  INFO [main] ql.Driver: Compiling command(queryId=alex_20240424052308_757778e1-608e-41ad-b9a3-869b5a1094b5): drop table if exists acidTblPart
2024-04-24T05:23:08,373  INFO [main] txn.TxnHandler: Added entries to MIN_HISTORY_LEVEL for current txns: ([2]) with min_open_txn: 1
2024-04-24T05:23:08,374  INFO [main] lockmgr.DbTxnManager: Opened txnid:2
2024-04-24T05:23:08,374  INFO [main] HiveMetaStore.audit: ugi=alex	ip=unknown-ip-addr	cmd=get_table : tbl=hive.default.acidTblPart	
2024-04-24T05:23:08,377  INFO [main] ql.Driver: Semantic Analysis Completed (retrial = false)
2024-04-24T05:23:08,377  INFO [main] ql.Driver: Created Hive schema: Schema(fieldSchemas:null, properties:null)
2024-04-24T05:23:08,377  INFO [main] metadata.Hive: Dumping metastore api call timing information for : compilation phase
2024-04-24T05:23:08,377  INFO [main] metadata.Hive: Total time spent in each metastore function (ms): {flushCache_()=0, openTxn_(String, TxnType)=2, commitTxn_(CommitTxnRequest)=10, isCompatibleWith_(Configuration)=0, getValidTxns_(long)=0}
2024-04-24T05:23:08,377  INFO [main] ql.Driver: Completed compiling command(queryId=alex_20240424052308_757778e1-608e-41ad-b9a3-869b5a1094b5); Time taken: 0.006 seconds
2024-04-24T05:23:08,377  INFO [main] lockmgr.DbTxnManager: Setting lock request transaction to txnid:2 for queryId=alex_20240424052308_757778e1-608e-41ad-b9a3-869b5a1094b5
2024-04-24T05:23:08,377  INFO [main] ql.Driver: Operation DROPTABLE obtained 0 locks
2024-04-24T05:23:08,377  INFO [main] ql.Driver: Executing command(queryId=alex_20240424052308_757778e1-608e-41ad-b9a3-869b5a1094b5): drop table if exists acidTblPart
2024-04-24T05:23:08,377  INFO [main] ql.Driver: Starting task [Stage-0:DDL] in serial mode
2024-04-24T05:23:08,378  INFO [main] HiveMetaStore.audit: ugi=alex	ip=unknown-ip-addr	cmd=get_table : tbl=hive.default.acidTblPart	
2024-04-24T05:23:08,380  INFO [main] metadata.Hive: Dumping metastore api call timing information for : execution phase
2024-04-24T05:23:08,380  INFO [main] metadata.Hive: Total time spent in each metastore function (ms): {isCompatibleWith_(Configuration)=0}
2024-04-24T05:23:08,381  INFO [main] ql.Driver: Completed executing command(queryId=alex_20240424052308_757778e1-608e-41ad-b9a3-869b5a1094b5); Time taken: 0.003 seconds
2024-04-24T05:23:08,381  INFO [main] lockmgr.DbTxnManager: Stopped heartbeat for query: alex_20240424052308_757778e1-608e-41ad-b9a3-869b5a1094b5
2024-04-24T05:23:08,385  INFO [main] txn.TxnHandler: Expected to move at least one record from txn_components to completed_txn_components when committing txn! txnid:2
2024-04-24T05:23:08,389  INFO [main] txn.TxnHandler: Removed transactions: ([2]) from MIN_HISTORY_LEVEL
2024-04-24T05:23:08,390  WARN [main] txn.CompactionTxnHandler: No compaction queue record found for Compaction type transaction commit. txnId:2
2024-04-24T05:23:08,390  INFO [main] ql.TxnCommandsBaseForTests: Running the query: drop table if exists acidTbl2
2024-04-24T05:23:08,390  INFO [main] ql.Driver: Compiling command(queryId=alex_20240424052308_7c6bfc06-3efa-4b0c-a35f-4f40c43af88d): drop table if exists acidTbl2
2024-04-24T05:23:08,392  INFO [main] txn.TxnHandler: Added entries to MIN_HISTORY_LEVEL for current txns: ([3]) with min_open_txn: 1
2024-04-24T05:23:08,392  INFO [main] lockmgr.DbTxnManager: Opened txnid:3
2024-04-24T05:23:08,393  INFO [main] HiveMetaStore.audit: ugi=alex	ip=unknown-ip-addr	cmd=get_table : tbl=hive.default.acidTbl2	
2024-04-24T05:23:08,395  INFO [main] ql.Driver: Semantic Analysis Completed (retrial = false)
2024-04-24T05:23:08,395  INFO [main] ql.Driver: Created Hive schema: Schema(fieldSchemas:null, properties:null)
2024-04-24T05:23:08,396  INFO [main] metadata.Hive: Dumping metastore api call timing information for : compilation phase
2024-04-24T05:23:08,396  INFO [main] metadata.Hive: Total time spent in each metastore function (ms): {flushCache_()=0, isCompatibleWith_(Configuration)=0, openTxn_(String, TxnType)=1, getValidTxns_(long)=0, commitTxn_(CommitTxnRequest)=9}
2024-04-24T05:23:08,396  INFO [main] ql.Driver: Completed compiling command(queryId=alex_20240424052308_7c6bfc06-3efa-4b0c-a35f-4f40c43af88d); Time taken: 0.006 seconds
2024-04-24T05:23:08,396  INFO [main] lockmgr.DbTxnManager: Setting lock request transaction to txnid:3 for queryId=alex_20240424052308_7c6bfc06-3efa-4b0c-a35f-4f40c43af88d
2024-04-24T05:23:08,396  INFO [main] ql.Driver: Operation DROPTABLE obtained 0 locks
2024-04-24T05:23:08,396  INFO [main] ql.Driver: Executing command(queryId=alex_20240424052308_7c6bfc06-3efa-4b0c-a35f-4f40c43af88d): drop table if exists acidTbl2
2024-04-24T05:23:08,396  INFO [main] ql.Driver: Starting task [Stage-0:DDL] in serial mode
2024-04-24T05:23:08,396  INFO [main] HiveMetaStore.audit: ugi=alex	ip=unknown-ip-addr	cmd=get_table : tbl=hive.default.acidTbl2	
2024-04-24T05:23:08,399  INFO [main] metadata.Hive: Dumping metastore api call timing information for : execution phase
2024-04-24T05:23:08,399  INFO [main] metadata.Hive: Total time spent in each metastore function (ms): {isCompatibleWith_(Configuration)=0}
2024-04-24T05:23:08,399  INFO [main] ql.Driver: Completed executing command(queryId=alex_20240424052308_7c6bfc06-3efa-4b0c-a35f-4f40c43af88d); Time taken: 0.003 seconds
2024-04-24T05:23:08,399  INFO [main] lockmgr.DbTxnManager: Stopped heartbeat for query: alex_20240424052308_7c6bfc06-3efa-4b0c-a35f-4f40c43af88d
2024-04-24T05:23:08,404  INFO [main] txn.TxnHandler: Expected to move at least one record from txn_components to completed_txn_components when committing txn! txnid:3
2024-04-24T05:23:08,408  INFO [main] txn.TxnHandler: Removed transactions: ([3]) from MIN_HISTORY_LEVEL
2024-04-24T05:23:08,408  WARN [main] txn.CompactionTxnHandler: No compaction queue record found for Compaction type transaction commit. txnId:3
2024-04-24T05:23:08,409  INFO [main] ql.TxnCommandsBaseForTests: Running the query: drop table if exists nonAcidOrcTbl
2024-04-24T05:23:08,409  INFO [main] ql.Driver: Compiling command(queryId=alex_20240424052308_256f07c7-fbfd-4de8-9705-8ba3b49cc40a): drop table if exists nonAcidOrcTbl
2024-04-24T05:23:08,411  INFO [main] txn.TxnHandler: Added entries to MIN_HISTORY_LEVEL for current txns: ([4]) with min_open_txn: 1
2024-04-24T05:23:08,411  INFO [main] lockmgr.DbTxnManager: Opened txnid:4
2024-04-24T05:23:08,411  INFO [main] HiveMetaStore.audit: ugi=alex	ip=unknown-ip-addr	cmd=get_table : tbl=hive.default.nonAcidOrcTbl	
2024-04-24T05:23:08,414  INFO [main] ql.Driver: Semantic Analysis Completed (retrial = false)
2024-04-24T05:23:08,414  INFO [main] ql.Driver: Created Hive schema: Schema(fieldSchemas:null, properties:null)
2024-04-24T05:23:08,414  INFO [main] metadata.Hive: Dumping metastore api call timing information for : compilation phase
2024-04-24T05:23:08,414  INFO [main] metadata.Hive: Total time spent in each metastore function (ms): {getValidTxns_(long)=0, flushCache_()=0, openTxn_(String, TxnType)=2, isCompatibleWith_(Configuration)=1, commitTxn_(CommitTxnRequest)=9}
2024-04-24T05:23:08,414  INFO [main] ql.Driver: Completed compiling command(queryId=alex_20240424052308_256f07c7-fbfd-4de8-9705-8ba3b49cc40a); Time taken: 0.005 seconds
2024-04-24T05:23:08,414  INFO [main] lockmgr.DbTxnManager: Setting lock request transaction to txnid:4 for queryId=alex_20240424052308_256f07c7-fbfd-4de8-9705-8ba3b49cc40a
2024-04-24T05:23:08,414  INFO [main] ql.Driver: Operation DROPTABLE obtained 0 locks
2024-04-24T05:23:08,415  INFO [main] ql.Driver: Executing command(queryId=alex_20240424052308_256f07c7-fbfd-4de8-9705-8ba3b49cc40a): drop table if exists nonAcidOrcTbl
2024-04-24T05:23:08,415  INFO [main] ql.Driver: Starting task [Stage-0:DDL] in serial mode
2024-04-24T05:23:08,415  INFO [main] HiveMetaStore.audit: ugi=alex	ip=unknown-ip-addr	cmd=get_table : tbl=hive.default.nonAcidOrcTbl	
2024-04-24T05:23:08,418  INFO [main] metadata.Hive: Dumping metastore api call timing information for : execution phase
2024-04-24T05:23:08,418  INFO [main] metadata.Hive: Total time spent in each metastore function (ms): {isCompatibleWith_(Configuration)=0}
2024-04-24T05:23:08,418  INFO [main] ql.Driver: Completed executing command(queryId=alex_20240424052308_256f07c7-fbfd-4de8-9705-8ba3b49cc40a); Time taken: 0.004 seconds
2024-04-24T05:23:08,418  INFO [main] lockmgr.DbTxnManager: Stopped heartbeat for query: alex_20240424052308_256f07c7-fbfd-4de8-9705-8ba3b49cc40a
2024-04-24T05:23:08,423  INFO [main] txn.TxnHandler: Expected to move at least one record from txn_components to completed_txn_components when committing txn! txnid:4
2024-04-24T05:23:08,427  INFO [main] txn.TxnHandler: Removed transactions: ([4]) from MIN_HISTORY_LEVEL
2024-04-24T05:23:08,427  WARN [main] txn.CompactionTxnHandler: No compaction queue record found for Compaction type transaction commit. txnId:4
2024-04-24T05:23:08,428  INFO [main] ql.TxnCommandsBaseForTests: Running the query: drop table if exists nonAcidOrcTbl2
2024-04-24T05:23:08,428  INFO [main] ql.Driver: Compiling command(queryId=alex_20240424052308_7ad4668b-b740-40f1-ad9e-95b642604be3): drop table if exists nonAcidOrcTbl2
2024-04-24T05:23:08,430  INFO [main] txn.TxnHandler: Added entries to MIN_HISTORY_LEVEL for current txns: ([5]) with min_open_txn: 1
2024-04-24T05:23:08,431  INFO [main] lockmgr.DbTxnManager: Opened txnid:5
2024-04-24T05:23:08,431  INFO [main] HiveMetaStore.audit: ugi=alex	ip=unknown-ip-addr	cmd=get_table : tbl=hive.default.nonAcidOrcTbl2	
2024-04-24T05:23:08,435  INFO [main] ql.Driver: Semantic Analysis Completed (retrial = false)
2024-04-24T05:23:08,435  INFO [main] ql.Driver: Created Hive schema: Schema(fieldSchemas:null, properties:null)
2024-04-24T05:23:08,435  INFO [main] metadata.Hive: Dumping metastore api call timing information for : compilation phase
2024-04-24T05:23:08,436  INFO [main] metadata.Hive: Total time spent in each metastore function (ms): {isCompatibleWith_(Configuration)=1, openTxn_(String, TxnType)=3, getValidTxns_(long)=0, commitTxn_(CommitTxnRequest)=9, flushCache_()=0}
2024-04-24T05:23:08,436  INFO [main] ql.Driver: Completed compiling command(queryId=alex_20240424052308_7ad4668b-b740-40f1-ad9e-95b642604be3); Time taken: 0.007 seconds
2024-04-24T05:23:08,436  INFO [main] lockmgr.DbTxnManager: Setting lock request transaction to txnid:5 for queryId=alex_20240424052308_7ad4668b-b740-40f1-ad9e-95b642604be3
2024-04-24T05:23:08,436  INFO [main] ql.Driver: Operation DROPTABLE obtained 0 locks
2024-04-24T05:23:08,436  INFO [main] ql.Driver: Executing command(queryId=alex_20240424052308_7ad4668b-b740-40f1-ad9e-95b642604be3): drop table if exists nonAcidOrcTbl2
2024-04-24T05:23:08,436  INFO [main] ql.Driver: Starting task [Stage-0:DDL] in serial mode
2024-04-24T05:23:08,437  INFO [main] HiveMetaStore.audit: ugi=alex	ip=unknown-ip-addr	cmd=get_table : tbl=hive.default.nonAcidOrcTbl2	
2024-04-24T05:23:08,441  INFO [main] metadata.Hive: Dumping metastore api call timing information for : execution phase
2024-04-24T05:23:08,441  INFO [main] metadata.Hive: Total time spent in each metastore function (ms): {isCompatibleWith_(Configuration)=1}
2024-04-24T05:23:08,441  INFO [main] ql.Driver: Completed executing command(queryId=alex_20240424052308_7ad4668b-b740-40f1-ad9e-95b642604be3); Time taken: 0.005 seconds
2024-04-24T05:23:08,441  INFO [main] lockmgr.DbTxnManager: Stopped heartbeat for query: alex_20240424052308_7ad4668b-b740-40f1-ad9e-95b642604be3
2024-04-24T05:23:08,447  INFO [main] txn.TxnHandler: Expected to move at least one record from txn_components to completed_txn_components when committing txn! txnid:5
2024-04-24T05:23:08,453  INFO [main] txn.TxnHandler: Removed transactions: ([5]) from MIN_HISTORY_LEVEL
2024-04-24T05:23:08,454  WARN [main] txn.CompactionTxnHandler: No compaction queue record found for Compaction type transaction commit. txnId:5
2024-04-24T05:23:08,454  INFO [main] ql.TxnCommandsBaseForTests: Running the query: drop table if exists nonAcidNonBucket
2024-04-24T05:23:08,455  INFO [main] ql.Driver: Compiling command(queryId=alex_20240424052308_60204c24-1770-41b9-b07c-d285a412caf6): drop table if exists nonAcidNonBucket
2024-04-24T05:23:08,457  INFO [main] txn.TxnHandler: Added entries to MIN_HISTORY_LEVEL for current txns: ([6]) with min_open_txn: 1
2024-04-24T05:23:08,457  INFO [main] lockmgr.DbTxnManager: Opened txnid:6
2024-04-24T05:23:08,458  INFO [main] HiveMetaStore.audit: ugi=alex	ip=unknown-ip-addr	cmd=get_table : tbl=hive.default.nonAcidNonBucket	
2024-04-24T05:23:08,462  INFO [main] ql.Driver: Semantic Analysis Completed (retrial = false)
2024-04-24T05:23:08,462  INFO [main] ql.Driver: Created Hive schema: Schema(fieldSchemas:null, properties:null)
2024-04-24T05:23:08,462  INFO [main] metadata.Hive: Dumping metastore api call timing information for : compilation phase
2024-04-24T05:23:08,462  INFO [main] metadata.Hive: Total time spent in each metastore function (ms): {getValidTxns_(long)=0, commitTxn_(CommitTxnRequest)=13, isCompatibleWith_(Configuration)=1, openTxn_(String, TxnType)=2, flushCache_()=0}
2024-04-24T05:23:08,463  INFO [main] ql.Driver: Completed compiling command(queryId=alex_20240424052308_60204c24-1770-41b9-b07c-d285a412caf6); Time taken: 0.007 seconds
2024-04-24T05:23:08,463  INFO [main] lockmgr.DbTxnManager: Setting lock request transaction to txnid:6 for queryId=alex_20240424052308_60204c24-1770-41b9-b07c-d285a412caf6
2024-04-24T05:23:08,463  INFO [main] ql.Driver: Operation DROPTABLE obtained 0 locks
2024-04-24T05:23:08,463  INFO [main] ql.Driver: Executing command(queryId=alex_20240424052308_60204c24-1770-41b9-b07c-d285a412caf6): drop table if exists nonAcidNonBucket
2024-04-24T05:23:08,463  INFO [main] ql.Driver: Starting task [Stage-0:DDL] in serial mode
2024-04-24T05:23:08,463  INFO [main] HiveMetaStore.audit: ugi=alex	ip=unknown-ip-addr	cmd=get_table : tbl=hive.default.nonAcidNonBucket	
2024-04-24T05:23:08,466  INFO [main] metadata.Hive: Dumping metastore api call timing information for : execution phase
2024-04-24T05:23:08,466  INFO [main] metadata.Hive: Total time spent in each metastore function (ms): {isCompatibleWith_(Configuration)=0}
2024-04-24T05:23:08,466  INFO [main] ql.Driver: Completed executing command(queryId=alex_20240424052308_60204c24-1770-41b9-b07c-d285a412caf6); Time taken: 0.003 seconds
2024-04-24T05:23:08,467  INFO [main] lockmgr.DbTxnManager: Stopped heartbeat for query: alex_20240424052308_60204c24-1770-41b9-b07c-d285a412caf6
2024-04-24T05:23:08,472  INFO [main] txn.TxnHandler: Expected to move at least one record from txn_components to completed_txn_components when committing txn! txnid:6
2024-04-24T05:23:08,477  INFO [main] txn.TxnHandler: Removed transactions: ([6]) from MIN_HISTORY_LEVEL
2024-04-24T05:23:08,477  WARN [main] txn.CompactionTxnHandler: No compaction queue record found for Compaction type transaction commit. txnId:6
2024-04-24T05:23:08,478  INFO [main] ql.TxnCommandsBaseForTests: Running the query: create table acidTbl(a int, b int) clustered by (a) into 2 buckets stored as orc TBLPROPERTIES ('transactional'='true')
2024-04-24T05:23:08,478  INFO [main] ql.Driver: Compiling command(queryId=alex_20240424052308_fa61df6f-1ba1-4bd3-8db3-a2c92b3570e6): create table acidTbl(a int, b int) clustered by (a) into 2 buckets stored as orc TBLPROPERTIES ('transactional'='true')
2024-04-24T05:23:08,480  INFO [main] txn.TxnHandler: Added entries to MIN_HISTORY_LEVEL for current txns: ([7]) with min_open_txn: 1
2024-04-24T05:23:08,480  INFO [main] lockmgr.DbTxnManager: Opened txnid:7
2024-04-24T05:23:08,481  INFO [main] parse.CalcitePlanner: Starting caching scope for: 
2024-04-24T05:23:08,481  INFO [main] parse.CalcitePlanner: Starting Semantic Analysis
2024-04-24T05:23:08,485  INFO [main] parse.CalcitePlanner: Creating table default.acidTbl position=13
2024-04-24T05:23:08,485  INFO [main] HiveMetaStore.audit: ugi=alex	ip=unknown-ip-addr	cmd=get_database: default	
2024-04-24T05:23:08,487  INFO [main] parse.CalcitePlanner: Ending caching scope for: 
2024-04-24T05:23:08,487  INFO [main] ql.Driver: Semantic Analysis Completed (retrial = false)
2024-04-24T05:23:08,487  INFO [main] ql.Driver: Created Hive schema: Schema(fieldSchemas:null, properties:null)
2024-04-24T05:23:08,487  INFO [main] metadata.Hive: Dumping metastore api call timing information for : compilation phase
2024-04-24T05:23:08,487  INFO [main] metadata.Hive: Total time spent in each metastore function (ms): {getValidTxns_(long)=1, flushCache_()=0, getDatabase_(String)=2, commitTxn_(CommitTxnRequest)=11, getValidWriteIds_(List, String)=4, isCompatibleWith_(Configuration)=0, openTxn_(String, TxnType)=1}
2024-04-24T05:23:08,488  INFO [main] ql.Driver: Completed compiling command(queryId=alex_20240424052308_fa61df6f-1ba1-4bd3-8db3-a2c92b3570e6); Time taken: 0.009 seconds
2024-04-24T05:23:08,488  INFO [main] lockmgr.DbTxnManager: Setting lock request transaction to txnid:7 for queryId=alex_20240424052308_fa61df6f-1ba1-4bd3-8db3-a2c92b3570e6
2024-04-24T05:23:08,488  INFO [main] lockmgr.DbLockManager: Requesting lock for queryId=alex_20240424052308_fa61df6f-1ba1-4bd3-8db3-a2c92b3570e6
2024-04-24T05:23:08,504  INFO [main] lockmgr.DbLockManager: Response to queryId=alex_20240424052308_fa61df6f-1ba1-4bd3-8db3-a2c92b3570e6 LockResponse(lockid:1, state:ACQUIRED)
2024-04-24T05:23:08,504  INFO [main] ql.Driver: Operation CREATETABLE obtained 1 locks
2024-04-24T05:23:08,504  INFO [main] ql.Driver: Executing command(queryId=alex_20240424052308_fa61df6f-1ba1-4bd3-8db3-a2c92b3570e6): create table acidTbl(a int, b int) clustered by (a) into 2 buckets stored as orc TBLPROPERTIES ('transactional'='true')
2024-04-24T05:23:08,504  INFO [main] ql.Driver: Starting task [Stage-0:DDL] in serial mode
2024-04-24T05:23:08,505  INFO [main] HiveMetaStore.audit: ugi=alex	ip=unknown-ip-addr	cmd=create_table_req: Table(tableName:acidTbl, dbName:default, owner:alex, createTime:1713961388, lastAccessTime:0, retention:0, sd:StorageDescriptor(cols:[FieldSchema(name:a, type:int, comment:null), FieldSchema(name:b, type:int, comment:null)], location:null, inputFormat:org.apache.hadoop.hive.ql.io.orc.OrcInputFormat, outputFormat:org.apache.hadoop.hive.ql.io.orc.OrcOutputFormat, compressed:false, numBuckets:2, serdeInfo:SerDeInfo(name:null, serializationLib:org.apache.hadoop.hive.ql.io.orc.OrcSerde, parameters:{serialization.format=1}), bucketCols:[a], sortCols:[], parameters:{}, skewedInfo:SkewedInfo(skewedColNames:[], skewedColValues:[], skewedColValueLocationMaps:{}), storedAsSubDirectories:false), partitionKeys:[], parameters:{totalSize=0, numFilesErasureCoded=0, transactional=true, COLUMN_STATS_ACCURATE={"BASIC_STATS":"true","COLUMN_STATS":{"a":"true","b":"true"}}, bucketing_version=2, numFiles=0, numRows=0, rawDataSize=0}, viewOriginalText:null, viewExpandedText:null, tableType:MANAGED_TABLE, privileges:PrincipalPrivilegeSet(userPrivileges:{alex=[PrivilegeGrantInfo(privilege:INSERT, createTime:-1, grantor:alex, grantorType:USER, grantOption:true), PrivilegeGrantInfo(privilege:SELECT, createTime:-1, grantor:alex, grantorType:USER, grantOption:true), PrivilegeGrantInfo(privilege:UPDATE, createTime:-1, grantor:alex, grantorType:USER, grantOption:true), PrivilegeGrantInfo(privilege:DELETE, createTime:-1, grantor:alex, grantorType:USER, grantOption:true)]}, groupPrivileges:null, rolePrivileges:null), temporary:false, catName:hive, ownerType:USER, writeId:0)	
2024-04-24T05:23:08,510  INFO [main] utils.FileUtils: Creating directory if it doesn't exist: file:/home/alex/Repositories/hive/ql/target/tmp/org.apache.hadoop.hive.ql.TestTxnNoBuckets-1713961246971/warehouse/acidtbl
2024-04-24T05:23:08,542  INFO [main] metadata.Hive: Dumping metastore api call timing information for : execution phase
2024-04-24T05:23:08,542  INFO [main] metadata.Hive: Total time spent in each metastore function (ms): {createTable_(Table)=37, isCompatibleWith_(Configuration)=1}
2024-04-24T05:23:08,543  INFO [main] ql.Driver: Completed executing command(queryId=alex_20240424052308_fa61df6f-1ba1-4bd3-8db3-a2c92b3570e6); Time taken: 0.038 seconds
2024-04-24T05:23:08,543  INFO [main] lockmgr.DbTxnManager: Stopped heartbeat for query: alex_20240424052308_fa61df6f-1ba1-4bd3-8db3-a2c92b3570e6
2024-04-24T05:23:08,546  INFO [main] txn.TxnHandler: Expected to move at least one record from txn_components to completed_txn_components when committing txn! txnid:7
2024-04-24T05:23:08,551  INFO [main] txn.TxnHandler: Removed transactions: ([7]) from MIN_HISTORY_LEVEL
2024-04-24T05:23:08,552  WARN [main] txn.CompactionTxnHandler: No compaction queue record found for Compaction type transaction commit. txnId:7
2024-04-24T05:23:08,552  INFO [main] ql.TxnCommandsBaseForTests: Running the query: create table acidTblPart(a int, b int) partitioned by (p string) clustered by (a) into 2 buckets stored as orc TBLPROPERTIES ('transactional'='true')
2024-04-24T05:23:08,553  INFO [main] ql.Driver: Compiling command(queryId=alex_20240424052308_533f7abf-95f7-4138-8034-71413ad5e1a0): create table acidTblPart(a int, b int) partitioned by (p string) clustered by (a) into 2 buckets stored as orc TBLPROPERTIES ('transactional'='true')
2024-04-24T05:23:08,555  INFO [main] txn.TxnHandler: Added entries to MIN_HISTORY_LEVEL for current txns: ([8]) with min_open_txn: 1
2024-04-24T05:23:08,555  INFO [main] lockmgr.DbTxnManager: Opened txnid:8
2024-04-24T05:23:08,556  INFO [main] parse.CalcitePlanner: Starting caching scope for: 
2024-04-24T05:23:08,556  INFO [main] parse.CalcitePlanner: Starting Semantic Analysis
2024-04-24T05:23:08,558  INFO [main] parse.CalcitePlanner: Creating table default.acidTblPart position=13
2024-04-24T05:23:08,558  INFO [main] HiveMetaStore.audit: ugi=alex	ip=unknown-ip-addr	cmd=get_database: default	
2024-04-24T05:23:08,560  INFO [main] parse.CalcitePlanner: Ending caching scope for: 
2024-04-24T05:23:08,560  INFO [main] ql.Driver: Semantic Analysis Completed (retrial = false)
2024-04-24T05:23:08,560  INFO [main] ql.Driver: Created Hive schema: Schema(fieldSchemas:null, properties:null)
2024-04-24T05:23:08,560  INFO [main] metadata.Hive: Dumping metastore api call timing information for : compilation phase
2024-04-24T05:23:08,560  INFO [main] metadata.Hive: Total time spent in each metastore function (ms): {commitTxn_(CommitTxnRequest)=9, isCompatibleWith_(Configuration)=0, getDatabase_(String)=2, getValidTxns_(long)=1, flushCache_()=0, openTxn_(String, TxnType)=2, getValidWriteIds_(List, String)=2}
2024-04-24T05:23:08,561  INFO [main] ql.Driver: Completed compiling command(queryId=alex_20240424052308_533f7abf-95f7-4138-8034-71413ad5e1a0); Time taken: 0.007 seconds
2024-04-24T05:23:08,561  INFO [main] lockmgr.DbTxnManager: Setting lock request transaction to txnid:8 for queryId=alex_20240424052308_533f7abf-95f7-4138-8034-71413ad5e1a0
2024-04-24T05:23:08,561  INFO [main] lockmgr.DbLockManager: Requesting lock for queryId=alex_20240424052308_533f7abf-95f7-4138-8034-71413ad5e1a0
2024-04-24T05:23:08,573  INFO [main] lockmgr.DbLockManager: Response to queryId=alex_20240424052308_533f7abf-95f7-4138-8034-71413ad5e1a0 LockResponse(lockid:2, state:ACQUIRED)
2024-04-24T05:23:08,573  INFO [main] ql.Driver: Operation CREATETABLE obtained 1 locks
2024-04-24T05:23:08,574  INFO [main] ql.Driver: Executing command(queryId=alex_20240424052308_533f7abf-95f7-4138-8034-71413ad5e1a0): create table acidTblPart(a int, b int) partitioned by (p string) clustered by (a) into 2 buckets stored as orc TBLPROPERTIES ('transactional'='true')
2024-04-24T05:23:08,574  INFO [main] ql.Driver: Starting task [Stage-0:DDL] in serial mode
2024-04-24T05:23:08,575  INFO [main] HiveMetaStore.audit: ugi=alex	ip=unknown-ip-addr	cmd=create_table_req: Table(tableName:acidTblPart, dbName:default, owner:alex, createTime:1713961388, lastAccessTime:0, retention:0, sd:StorageDescriptor(cols:[FieldSchema(name:a, type:int, comment:null), FieldSchema(name:b, type:int, comment:null)], location:null, inputFormat:org.apache.hadoop.hive.ql.io.orc.OrcInputFormat, outputFormat:org.apache.hadoop.hive.ql.io.orc.OrcOutputFormat, compressed:false, numBuckets:2, serdeInfo:SerDeInfo(name:null, serializationLib:org.apache.hadoop.hive.ql.io.orc.OrcSerde, parameters:{serialization.format=1}), bucketCols:[a], sortCols:[], parameters:{}, skewedInfo:SkewedInfo(skewedColNames:[], skewedColValues:[], skewedColValueLocationMaps:{}), storedAsSubDirectories:false), partitionKeys:[FieldSchema(name:p, type:string, comment:null)], parameters:{transactional=true, bucketing_version=2}, viewOriginalText:null, viewExpandedText:null, tableType:MANAGED_TABLE, privileges:PrincipalPrivilegeSet(userPrivileges:{alex=[PrivilegeGrantInfo(privilege:INSERT, createTime:-1, grantor:alex, grantorType:USER, grantOption:true), PrivilegeGrantInfo(privilege:SELECT, createTime:-1, grantor:alex, grantorType:USER, grantOption:true), PrivilegeGrantInfo(privilege:UPDATE, createTime:-1, grantor:alex, grantorType:USER, grantOption:true), PrivilegeGrantInfo(privilege:DELETE, createTime:-1, grantor:alex, grantorType:USER, grantOption:true)]}, groupPrivileges:null, rolePrivileges:null), temporary:false, catName:hive, ownerType:USER, writeId:0)	
2024-04-24T05:23:08,580  INFO [main] utils.FileUtils: Creating directory if it doesn't exist: file:/home/alex/Repositories/hive/ql/target/tmp/org.apache.hadoop.hive.ql.TestTxnNoBuckets-1713961246971/warehouse/acidtblpart
2024-04-24T05:23:08,594  INFO [main] metadata.Hive: Dumping metastore api call timing information for : execution phase
2024-04-24T05:23:08,594  INFO [main] metadata.Hive: Total time spent in each metastore function (ms): {createTable_(Table)=19, isCompatibleWith_(Configuration)=0}
2024-04-24T05:23:08,594  INFO [main] ql.Driver: Completed executing command(queryId=alex_20240424052308_533f7abf-95f7-4138-8034-71413ad5e1a0); Time taken: 0.02 seconds
2024-04-24T05:23:08,594  INFO [main] lockmgr.DbTxnManager: Stopped heartbeat for query: alex_20240424052308_533f7abf-95f7-4138-8034-71413ad5e1a0
2024-04-24T05:23:08,598  INFO [main] txn.TxnHandler: Expected to move at least one record from txn_components to completed_txn_components when committing txn! txnid:8
2024-04-24T05:23:08,604  INFO [main] txn.TxnHandler: Removed transactions: ([8]) from MIN_HISTORY_LEVEL
2024-04-24T05:23:08,604  WARN [main] txn.CompactionTxnHandler: No compaction queue record found for Compaction type transaction commit. txnId:8
2024-04-24T05:23:08,604  INFO [main] ql.TxnCommandsBaseForTests: Running the query: create table nonAcidOrcTbl(a int, b int) clustered by (a) into 2 buckets stored as orc TBLPROPERTIES ('transactional'='false')
2024-04-24T05:23:08,604  INFO [main] ql.Driver: Compiling command(queryId=alex_20240424052308_a431b743-c6c9-480e-9b0f-721b55ed63ac): create table nonAcidOrcTbl(a int, b int) clustered by (a) into 2 buckets stored as orc TBLPROPERTIES ('transactional'='false')
2024-04-24T05:23:08,607  INFO [main] txn.TxnHandler: Added entries to MIN_HISTORY_LEVEL for current txns: ([9]) with min_open_txn: 1
2024-04-24T05:23:08,607  INFO [main] lockmgr.DbTxnManager: Opened txnid:9
2024-04-24T05:23:08,607  INFO [main] parse.CalcitePlanner: Starting caching scope for: 
2024-04-24T05:23:08,607  INFO [main] parse.CalcitePlanner: Starting Semantic Analysis
2024-04-24T05:23:08,610  INFO [main] parse.CalcitePlanner: Creating table default.nonAcidOrcTbl position=13
2024-04-24T05:23:08,610  INFO [main] HiveMetaStore.audit: ugi=alex	ip=unknown-ip-addr	cmd=get_database: default	
2024-04-24T05:23:08,611  INFO [main] parse.CalcitePlanner: Ending caching scope for: 
2024-04-24T05:23:08,611  INFO [main] ql.Driver: Semantic Analysis Completed (retrial = false)
2024-04-24T05:23:08,611  INFO [main] ql.Driver: Created Hive schema: Schema(fieldSchemas:null, properties:null)
2024-04-24T05:23:08,611  INFO [main] metadata.Hive: Dumping metastore api call timing information for : compilation phase
2024-04-24T05:23:08,611  INFO [main] metadata.Hive: Total time spent in each metastore function (ms): {getDatabase_(String)=1, getValidTxns_(long)=0, isCompatibleWith_(Configuration)=2, getValidWriteIds_(List, String)=1, flushCache_()=0, openTxn_(String, TxnType)=2, commitTxn_(CommitTxnRequest)=9}
2024-04-24T05:23:08,612  INFO [main] ql.Driver: Completed compiling command(queryId=alex_20240424052308_a431b743-c6c9-480e-9b0f-721b55ed63ac); Time taken: 0.007 seconds
2024-04-24T05:23:08,612  INFO [main] lockmgr.DbTxnManager: Setting lock request transaction to txnid:9 for queryId=alex_20240424052308_a431b743-c6c9-480e-9b0f-721b55ed63ac
2024-04-24T05:23:08,612  INFO [main] lockmgr.DbLockManager: Requesting lock for queryId=alex_20240424052308_a431b743-c6c9-480e-9b0f-721b55ed63ac
2024-04-24T05:23:08,626  INFO [main] lockmgr.DbLockManager: Response to queryId=alex_20240424052308_a431b743-c6c9-480e-9b0f-721b55ed63ac LockResponse(lockid:3, state:ACQUIRED)
2024-04-24T05:23:08,626  INFO [main] ql.Driver: Operation CREATETABLE obtained 1 locks
2024-04-24T05:23:08,626  INFO [main] ql.Driver: Executing command(queryId=alex_20240424052308_a431b743-c6c9-480e-9b0f-721b55ed63ac): create table nonAcidOrcTbl(a int, b int) clustered by (a) into 2 buckets stored as orc TBLPROPERTIES ('transactional'='false')
2024-04-24T05:23:08,626  INFO [main] ql.Driver: Starting task [Stage-0:DDL] in serial mode
2024-04-24T05:23:08,627  INFO [main] HiveMetaStore.audit: ugi=alex	ip=unknown-ip-addr	cmd=create_table_req: Table(tableName:nonAcidOrcTbl, dbName:default, owner:alex, createTime:1713961388, lastAccessTime:0, retention:0, sd:StorageDescriptor(cols:[FieldSchema(name:a, type:int, comment:null), FieldSchema(name:b, type:int, comment:null)], location:null, inputFormat:org.apache.hadoop.hive.ql.io.orc.OrcInputFormat, outputFormat:org.apache.hadoop.hive.ql.io.orc.OrcOutputFormat, compressed:false, numBuckets:2, serdeInfo:SerDeInfo(name:null, serializationLib:org.apache.hadoop.hive.ql.io.orc.OrcSerde, parameters:{serialization.format=1}), bucketCols:[a], sortCols:[], parameters:{}, skewedInfo:SkewedInfo(skewedColNames:[], skewedColValues:[], skewedColValueLocationMaps:{}), storedAsSubDirectories:false), partitionKeys:[], parameters:{numFilesErasureCoded=0, numRows=0, bucketing_version=2, rawDataSize=0, totalSize=0, transactional=false, COLUMN_STATS_ACCURATE={"BASIC_STATS":"true","COLUMN_STATS":{"a":"true","b":"true"}}, numFiles=0}, viewOriginalText:null, viewExpandedText:null, tableType:MANAGED_TABLE, privileges:PrincipalPrivilegeSet(userPrivileges:{alex=[PrivilegeGrantInfo(privilege:INSERT, createTime:-1, grantor:alex, grantorType:USER, grantOption:true), PrivilegeGrantInfo(privilege:SELECT, createTime:-1, grantor:alex, grantorType:USER, grantOption:true), PrivilegeGrantInfo(privilege:UPDATE, createTime:-1, grantor:alex, grantorType:USER, grantOption:true), PrivilegeGrantInfo(privilege:DELETE, createTime:-1, grantor:alex, grantorType:USER, grantOption:true)]}, groupPrivileges:null, rolePrivileges:null), temporary:false, catName:hive, ownerType:USER)	
2024-04-24T05:23:08,632  INFO [main] utils.FileUtils: Creating directory if it doesn't exist: file:/home/alex/Repositories/hive/ql/target/tmp/org.apache.hadoop.hive.ql.TestTxnNoBuckets-1713961246971/warehouse/nonacidorctbl
2024-04-24T05:23:08,645  INFO [main] metadata.Hive: Dumping metastore api call timing information for : execution phase
2024-04-24T05:23:08,645  INFO [main] metadata.Hive: Total time spent in each metastore function (ms): {isCompatibleWith_(Configuration)=1, createTable_(Table)=18}
2024-04-24T05:23:08,646  INFO [main] ql.Driver: Completed executing command(queryId=alex_20240424052308_a431b743-c6c9-480e-9b0f-721b55ed63ac); Time taken: 0.019 seconds
2024-04-24T05:23:08,646  INFO [main] lockmgr.DbTxnManager: Stopped heartbeat for query: alex_20240424052308_a431b743-c6c9-480e-9b0f-721b55ed63ac
2024-04-24T05:23:08,649  INFO [main] txn.TxnHandler: Expected to move at least one record from txn_components to completed_txn_components when committing txn! txnid:9
2024-04-24T05:23:08,654  INFO [main] txn.TxnHandler: Removed transactions: ([9]) from MIN_HISTORY_LEVEL
2024-04-24T05:23:08,654  WARN [main] txn.CompactionTxnHandler: No compaction queue record found for Compaction type transaction commit. txnId:9
2024-04-24T05:23:08,654  INFO [main] ql.TxnCommandsBaseForTests: Running the query: create table nonAcidOrcTbl2(a int, b int) clustered by (a) into 2 buckets stored as orc TBLPROPERTIES ('transactional'='false')
2024-04-24T05:23:08,655  INFO [main] ql.Driver: Compiling command(queryId=alex_20240424052308_feae92bc-1b67-489a-9963-62cdc72ee7ca): create table nonAcidOrcTbl2(a int, b int) clustered by (a) into 2 buckets stored as orc TBLPROPERTIES ('transactional'='false')
2024-04-24T05:23:08,657  INFO [main] txn.TxnHandler: Added entries to MIN_HISTORY_LEVEL for current txns: ([10]) with min_open_txn: 1
2024-04-24T05:23:08,657  INFO [main] lockmgr.DbTxnManager: Opened txnid:10
2024-04-24T05:23:08,657  INFO [main] parse.CalcitePlanner: Starting caching scope for: 
2024-04-24T05:23:08,657  INFO [main] parse.CalcitePlanner: Starting Semantic Analysis
2024-04-24T05:23:08,660  INFO [main] parse.CalcitePlanner: Creating table default.nonAcidOrcTbl2 position=13
2024-04-24T05:23:08,660  INFO [main] HiveMetaStore.audit: ugi=alex	ip=unknown-ip-addr	cmd=get_database: default	
2024-04-24T05:23:08,661  INFO [main] parse.CalcitePlanner: Ending caching scope for: 
2024-04-24T05:23:08,661  INFO [main] ql.Driver: Semantic Analysis Completed (retrial = false)
2024-04-24T05:23:08,661  INFO [main] ql.Driver: Created Hive schema: Schema(fieldSchemas:null, properties:null)
2024-04-24T05:23:08,662  INFO [main] metadata.Hive: Dumping metastore api call timing information for : compilation phase
2024-04-24T05:23:08,662  INFO [main] metadata.Hive: Total time spent in each metastore function (ms): {flushCache_()=0, getValidTxns_(long)=0, isCompatibleWith_(Configuration)=0, commitTxn_(CommitTxnRequest)=8, openTxn_(String, TxnType)=2, getValidWriteIds_(List, String)=2, getDatabase_(String)=1}
2024-04-24T05:23:08,662  INFO [main] ql.Driver: Completed compiling command(queryId=alex_20240424052308_feae92bc-1b67-489a-9963-62cdc72ee7ca); Time taken: 0.006 seconds
2024-04-24T05:23:08,662  INFO [main] lockmgr.DbTxnManager: Setting lock request transaction to txnid:10 for queryId=alex_20240424052308_feae92bc-1b67-489a-9963-62cdc72ee7ca
2024-04-24T05:23:08,662  INFO [main] lockmgr.DbLockManager: Requesting lock for queryId=alex_20240424052308_feae92bc-1b67-489a-9963-62cdc72ee7ca
2024-04-24T05:23:08,675  INFO [main] lockmgr.DbLockManager: Response to queryId=alex_20240424052308_feae92bc-1b67-489a-9963-62cdc72ee7ca LockResponse(lockid:4, state:ACQUIRED)
2024-04-24T05:23:08,675  INFO [main] ql.Driver: Operation CREATETABLE obtained 1 locks
2024-04-24T05:23:08,675  INFO [main] ql.Driver: Executing command(queryId=alex_20240424052308_feae92bc-1b67-489a-9963-62cdc72ee7ca): create table nonAcidOrcTbl2(a int, b int) clustered by (a) into 2 buckets stored as orc TBLPROPERTIES ('transactional'='false')
2024-04-24T05:23:08,675  INFO [main] ql.Driver: Starting task [Stage-0:DDL] in serial mode
2024-04-24T05:23:08,676  INFO [main] HiveMetaStore.audit: ugi=alex	ip=unknown-ip-addr	cmd=create_table_req: Table(tableName:nonAcidOrcTbl2, dbName:default, owner:alex, createTime:1713961388, lastAccessTime:0, retention:0, sd:StorageDescriptor(cols:[FieldSchema(name:a, type:int, comment:null), FieldSchema(name:b, type:int, comment:null)], location:null, inputFormat:org.apache.hadoop.hive.ql.io.orc.OrcInputFormat, outputFormat:org.apache.hadoop.hive.ql.io.orc.OrcOutputFormat, compressed:false, numBuckets:2, serdeInfo:SerDeInfo(name:null, serializationLib:org.apache.hadoop.hive.ql.io.orc.OrcSerde, parameters:{serialization.format=1}), bucketCols:[a], sortCols:[], parameters:{}, skewedInfo:SkewedInfo(skewedColNames:[], skewedColValues:[], skewedColValueLocationMaps:{}), storedAsSubDirectories:false), partitionKeys:[], parameters:{COLUMN_STATS_ACCURATE={"BASIC_STATS":"true","COLUMN_STATS":{"a":"true","b":"true"}}, bucketing_version=2, numFilesErasureCoded=0, transactional=false, totalSize=0, numFiles=0, numRows=0, rawDataSize=0}, viewOriginalText:null, viewExpandedText:null, tableType:MANAGED_TABLE, privileges:PrincipalPrivilegeSet(userPrivileges:{alex=[PrivilegeGrantInfo(privilege:INSERT, createTime:-1, grantor:alex, grantorType:USER, grantOption:true), PrivilegeGrantInfo(privilege:SELECT, createTime:-1, grantor:alex, grantorType:USER, grantOption:true), PrivilegeGrantInfo(privilege:UPDATE, createTime:-1, grantor:alex, grantorType:USER, grantOption:true), PrivilegeGrantInfo(privilege:DELETE, createTime:-1, grantor:alex, grantorType:USER, grantOption:true)]}, groupPrivileges:null, rolePrivileges:null), temporary:false, catName:hive, ownerType:USER)	
2024-04-24T05:23:08,680  INFO [main] utils.FileUtils: Creating directory if it doesn't exist: file:/home/alex/Repositories/hive/ql/target/tmp/org.apache.hadoop.hive.ql.TestTxnNoBuckets-1713961246971/warehouse/nonacidorctbl2
2024-04-24T05:23:08,693  INFO [main] metadata.Hive: Dumping metastore api call timing information for : execution phase
2024-04-24T05:23:08,693  INFO [main] metadata.Hive: Total time spent in each metastore function (ms): {isCompatibleWith_(Configuration)=0, createTable_(Table)=18}
2024-04-24T05:23:08,693  INFO [main] ql.Driver: Completed executing command(queryId=alex_20240424052308_feae92bc-1b67-489a-9963-62cdc72ee7ca); Time taken: 0.018 seconds
2024-04-24T05:23:08,694  INFO [main] lockmgr.DbTxnManager: Stopped heartbeat for query: alex_20240424052308_feae92bc-1b67-489a-9963-62cdc72ee7ca
2024-04-24T05:23:08,697  INFO [main] txn.TxnHandler: Expected to move at least one record from txn_components to completed_txn_components when committing txn! txnid:10
2024-04-24T05:23:08,701  INFO [main] txn.TxnHandler: Removed transactions: ([10]) from MIN_HISTORY_LEVEL
2024-04-24T05:23:08,702  WARN [main] txn.CompactionTxnHandler: No compaction queue record found for Compaction type transaction commit. txnId:10
2024-04-24T05:23:08,702  INFO [main] ql.TxnCommandsBaseForTests: Running the query: create temporary  table acidTbl2(a int, b int, c int) clustered by (c) into 2 buckets stored as orc TBLPROPERTIES ('transactional'='true')
2024-04-24T05:23:08,702  INFO [main] ql.Driver: Compiling command(queryId=alex_20240424052308_999bcd49-19c6-45b9-b3a0-aa44db2f5ba6): create temporary  table acidTbl2(a int, b int, c int) clustered by (c) into 2 buckets stored as orc TBLPROPERTIES ('transactional'='true')
2024-04-24T05:23:08,704  INFO [main] txn.TxnHandler: Added entries to MIN_HISTORY_LEVEL for current txns: ([11]) with min_open_txn: 1
2024-04-24T05:23:08,705  INFO [main] lockmgr.DbTxnManager: Opened txnid:11
2024-04-24T05:23:08,705  INFO [main] parse.CalcitePlanner: Starting caching scope for: 
2024-04-24T05:23:08,705  INFO [main] parse.CalcitePlanner: Starting Semantic Analysis
2024-04-24T05:23:08,707  INFO [main] parse.CalcitePlanner: Creating table default.acidTbl2 position=24
2024-04-24T05:23:08,707  INFO [main] HiveMetaStore.audit: ugi=alex	ip=unknown-ip-addr	cmd=get_database: default	
2024-04-24T05:23:08,709  INFO [main] parse.CalcitePlanner: Ending caching scope for: 
2024-04-24T05:23:08,709  INFO [main] ql.Driver: Semantic Analysis Completed (retrial = false)
2024-04-24T05:23:08,709  INFO [main] ql.Driver: Created Hive schema: Schema(fieldSchemas:null, properties:null)
2024-04-24T05:23:08,709  INFO [main] metadata.Hive: Dumping metastore api call timing information for : compilation phase
2024-04-24T05:23:08,709  INFO [main] metadata.Hive: Total time spent in each metastore function (ms): {getValidWriteIds_(List, String)=2, isCompatibleWith_(Configuration)=0, getValidTxns_(long)=0, flushCache_()=0, commitTxn_(CommitTxnRequest)=8, openTxn_(String, TxnType)=2, getDatabase_(String)=2}
2024-04-24T05:23:08,709  INFO [main] ql.Driver: Completed compiling command(queryId=alex_20240424052308_999bcd49-19c6-45b9-b3a0-aa44db2f5ba6); Time taken: 0.007 seconds
2024-04-24T05:23:08,710  INFO [main] lockmgr.DbTxnManager: Setting lock request transaction to txnid:11 for queryId=alex_20240424052308_999bcd49-19c6-45b9-b3a0-aa44db2f5ba6
2024-04-24T05:23:08,710  INFO [main] lockmgr.DbLockManager: Requesting lock for queryId=alex_20240424052308_999bcd49-19c6-45b9-b3a0-aa44db2f5ba6
2024-04-24T05:23:08,722  INFO [main] lockmgr.DbLockManager: Response to queryId=alex_20240424052308_999bcd49-19c6-45b9-b3a0-aa44db2f5ba6 LockResponse(lockid:5, state:ACQUIRED)
2024-04-24T05:23:08,722  INFO [main] ql.Driver: Operation CREATETABLE obtained 1 locks
2024-04-24T05:23:08,722  INFO [main] ql.Driver: Executing command(queryId=alex_20240424052308_999bcd49-19c6-45b9-b3a0-aa44db2f5ba6): create temporary  table acidTbl2(a int, b int, c int) clustered by (c) into 2 buckets stored as orc TBLPROPERTIES ('transactional'='true')
2024-04-24T05:23:08,723  INFO [main] ql.Driver: Starting task [Stage-0:DDL] in serial mode
2024-04-24T05:23:08,723  INFO [main] utils.FileUtils: Creating directory if it doesn't exist: file:/home/alex/Repositories/hive/ql/target/tmp/scratchdir/alex/5db64f43-30d5-4285-98e3-ffcdca3a2f1d/_tmp_space.db/526f0ddd-8aec-472a-a761-1b2ab58be62c
2024-04-24T05:23:08,726  INFO [main] metadata.Hive: Dumping metastore api call timing information for : execution phase
2024-04-24T05:23:08,726  INFO [main] metadata.Hive: Total time spent in each metastore function (ms): {isCompatibleWith_(Configuration)=0, createTable_(Table)=3}
2024-04-24T05:23:08,726  INFO [main] ql.Driver: Completed executing command(queryId=alex_20240424052308_999bcd49-19c6-45b9-b3a0-aa44db2f5ba6); Time taken: 0.004 seconds
2024-04-24T05:23:08,726  INFO [main] lockmgr.DbTxnManager: Stopped heartbeat for query: alex_20240424052308_999bcd49-19c6-45b9-b3a0-aa44db2f5ba6
2024-04-24T05:23:08,730  INFO [main] txn.TxnHandler: Expected to move at least one record from txn_components to completed_txn_components when committing txn! txnid:11
2024-04-24T05:23:08,734  INFO [main] txn.TxnHandler: Removed transactions: ([11]) from MIN_HISTORY_LEVEL
2024-04-24T05:23:08,735  WARN [main] txn.CompactionTxnHandler: No compaction queue record found for Compaction type transaction commit. txnId:11
2024-04-24T05:23:08,735  INFO [main] ql.TxnCommandsBaseForTests: Running the query: create table nonAcidNonBucket(a int, b int) stored as orc TBLPROPERTIES ('transactional'='false')
2024-04-24T05:23:08,735  INFO [main] ql.Driver: Compiling command(queryId=alex_20240424052308_9292e9aa-6829-42bb-920c-1006bcaa97db): create table nonAcidNonBucket(a int, b int) stored as orc TBLPROPERTIES ('transactional'='false')
2024-04-24T05:23:08,737  INFO [main] txn.TxnHandler: Added entries to MIN_HISTORY_LEVEL for current txns: ([12]) with min_open_txn: 1
2024-04-24T05:23:08,737  INFO [main] lockmgr.DbTxnManager: Opened txnid:12
2024-04-24T05:23:08,738  INFO [main] parse.CalcitePlanner: Starting caching scope for: 
2024-04-24T05:23:08,738  INFO [main] parse.CalcitePlanner: Starting Semantic Analysis
2024-04-24T05:23:08,740  INFO [main] parse.CalcitePlanner: Creating table default.nonAcidNonBucket position=13
2024-04-24T05:23:08,740  INFO [main] HiveMetaStore.audit: ugi=alex	ip=unknown-ip-addr	cmd=get_database: default	
2024-04-24T05:23:08,742  INFO [main] parse.CalcitePlanner: Ending caching scope for: 
2024-04-24T05:23:08,742  INFO [main] ql.Driver: Semantic Analysis Completed (retrial = false)
2024-04-24T05:23:08,742  INFO [main] ql.Driver: Created Hive schema: Schema(fieldSchemas:null, properties:null)
2024-04-24T05:23:08,742  INFO [main] metadata.Hive: Dumping metastore api call timing information for : compilation phase
2024-04-24T05:23:08,742  INFO [main] metadata.Hive: Total time spent in each metastore function (ms): {getValidTxns_(long)=0, commitTxn_(CommitTxnRequest)=8, openTxn_(String, TxnType)=1, getDatabase_(String)=2, isCompatibleWith_(Configuration)=0, getValidWriteIds_(List, String)=2, flushCache_()=0}
2024-04-24T05:23:08,742  INFO [main] ql.Driver: Completed compiling command(queryId=alex_20240424052308_9292e9aa-6829-42bb-920c-1006bcaa97db); Time taken: 0.007 seconds
2024-04-24T05:23:08,743  INFO [main] lockmgr.DbTxnManager: Setting lock request transaction to txnid:12 for queryId=alex_20240424052308_9292e9aa-6829-42bb-920c-1006bcaa97db
2024-04-24T05:23:08,743  INFO [main] lockmgr.DbLockManager: Requesting lock for queryId=alex_20240424052308_9292e9aa-6829-42bb-920c-1006bcaa97db
2024-04-24T05:23:08,755  INFO [main] lockmgr.DbLockManager: Response to queryId=alex_20240424052308_9292e9aa-6829-42bb-920c-1006bcaa97db LockResponse(lockid:6, state:ACQUIRED)
2024-04-24T05:23:08,755  INFO [main] ql.Driver: Operation CREATETABLE obtained 1 locks
2024-04-24T05:23:08,755  INFO [main] ql.Driver: Executing command(queryId=alex_20240424052308_9292e9aa-6829-42bb-920c-1006bcaa97db): create table nonAcidNonBucket(a int, b int) stored as orc TBLPROPERTIES ('transactional'='false')
2024-04-24T05:23:08,756  INFO [main] ql.Driver: Starting task [Stage-0:DDL] in serial mode
2024-04-24T05:23:08,756  INFO [main] HiveMetaStore.audit: ugi=alex	ip=unknown-ip-addr	cmd=create_table_req: Table(tableName:nonAcidNonBucket, dbName:default, owner:alex, createTime:1713961388, lastAccessTime:0, retention:0, sd:StorageDescriptor(cols:[FieldSchema(name:a, type:int, comment:null), FieldSchema(name:b, type:int, comment:null)], location:null, inputFormat:org.apache.hadoop.hive.ql.io.orc.OrcInputFormat, outputFormat:org.apache.hadoop.hive.ql.io.orc.OrcOutputFormat, compressed:false, numBuckets:-1, serdeInfo:SerDeInfo(name:null, serializationLib:org.apache.hadoop.hive.ql.io.orc.OrcSerde, parameters:{serialization.format=1}), bucketCols:[], sortCols:[], parameters:{}, skewedInfo:SkewedInfo(skewedColNames:[], skewedColValues:[], skewedColValueLocationMaps:{}), storedAsSubDirectories:false), partitionKeys:[], parameters:{COLUMN_STATS_ACCURATE={"BASIC_STATS":"true","COLUMN_STATS":{"a":"true","b":"true"}}, totalSize=0, bucketing_version=2, numRows=0, rawDataSize=0, transactional=false, numFiles=0, numFilesErasureCoded=0}, viewOriginalText:null, viewExpandedText:null, tableType:MANAGED_TABLE, privileges:PrincipalPrivilegeSet(userPrivileges:{alex=[PrivilegeGrantInfo(privilege:INSERT, createTime:-1, grantor:alex, grantorType:USER, grantOption:true), PrivilegeGrantInfo(privilege:SELECT, createTime:-1, grantor:alex, grantorType:USER, grantOption:true), PrivilegeGrantInfo(privilege:UPDATE, createTime:-1, grantor:alex, grantorType:USER, grantOption:true), PrivilegeGrantInfo(privilege:DELETE, createTime:-1, grantor:alex, grantorType:USER, grantOption:true)]}, groupPrivileges:null, rolePrivileges:null), temporary:false, catName:hive, ownerType:USER)	
2024-04-24T05:23:08,761  INFO [main] utils.FileUtils: Creating directory if it doesn't exist: file:/home/alex/Repositories/hive/ql/target/tmp/org.apache.hadoop.hive.ql.TestTxnNoBuckets-1713961246971/warehouse/nonacidnonbucket
2024-04-24T05:23:08,774  INFO [main] metadata.Hive: Dumping metastore api call timing information for : execution phase
2024-04-24T05:23:08,774  INFO [main] metadata.Hive: Total time spent in each metastore function (ms): {isCompatibleWith_(Configuration)=0, createTable_(Table)=18}
2024-04-24T05:23:08,774  INFO [main] ql.Driver: Completed executing command(queryId=alex_20240424052308_9292e9aa-6829-42bb-920c-1006bcaa97db); Time taken: 0.019 seconds
2024-04-24T05:23:08,774  INFO [main] lockmgr.DbTxnManager: Stopped heartbeat for query: alex_20240424052308_9292e9aa-6829-42bb-920c-1006bcaa97db
2024-04-24T05:23:08,778  INFO [main] txn.TxnHandler: Expected to move at least one record from txn_components to completed_txn_components when committing txn! txnid:12
2024-04-24T05:23:08,782  INFO [main] txn.TxnHandler: Removed transactions: ([12]) from MIN_HISTORY_LEVEL
2024-04-24T05:23:08,783  WARN [main] txn.CompactionTxnHandler: No compaction queue record found for Compaction type transaction commit. txnId:12
2024-04-24T05:23:08,783  INFO [main] ql.TxnCommandsBaseForTests: Running the query: drop table if exists T
2024-04-24T05:23:08,783  INFO [main] ql.Driver: Compiling command(queryId=alex_20240424052308_e3bdbcd9-797b-4d70-b1fa-9a5fbb50cacd): drop table if exists T
2024-04-24T05:23:08,785  INFO [main] txn.TxnHandler: Added entries to MIN_HISTORY_LEVEL for current txns: ([13]) with min_open_txn: 1
2024-04-24T05:23:08,785  INFO [main] lockmgr.DbTxnManager: Opened txnid:13
2024-04-24T05:23:08,786  INFO [main] HiveMetaStore.audit: ugi=alex	ip=unknown-ip-addr	cmd=get_table : tbl=hive.default.T	
2024-04-24T05:23:08,802  INFO [main] metastore.HMSHandler: Skipping translation for processor with null
2024-04-24T05:23:08,802  INFO [main] ql.Driver: Semantic Analysis Completed (retrial = false)
2024-04-24T05:23:08,802  INFO [main] ql.Driver: Created Hive schema: Schema(fieldSchemas:null, properties:null)
2024-04-24T05:23:08,802  INFO [main] metadata.Hive: Dumping metastore api call timing information for : compilation phase
2024-04-24T05:23:08,802  INFO [main] metadata.Hive: Total time spent in each metastore function (ms): {getTable_(GetTableRequest)=16, isCompatibleWith_(Configuration)=0, openTxn_(String, TxnType)=1, flushCache_()=0, commitTxn_(CommitTxnRequest)=9, getValidTxns_(long)=0}
2024-04-24T05:23:08,802  INFO [main] ql.Driver: Completed compiling command(queryId=alex_20240424052308_e3bdbcd9-797b-4d70-b1fa-9a5fbb50cacd); Time taken: 0.019 seconds
2024-04-24T05:23:08,803  INFO [main] lockmgr.DbTxnManager: Setting lock request transaction to txnid:13 for queryId=alex_20240424052308_e3bdbcd9-797b-4d70-b1fa-9a5fbb50cacd
2024-04-24T05:23:08,803  INFO [main] lockmgr.DbLockManager: Requesting lock for queryId=alex_20240424052308_e3bdbcd9-797b-4d70-b1fa-9a5fbb50cacd
2024-04-24T05:23:08,818  INFO [main] lockmgr.DbLockManager: Response to queryId=alex_20240424052308_e3bdbcd9-797b-4d70-b1fa-9a5fbb50cacd LockResponse(lockid:7, state:ACQUIRED)
2024-04-24T05:23:08,818  INFO [main] ql.Driver: Operation DROPTABLE obtained 1 locks
2024-04-24T05:23:08,818  INFO [main] ql.Driver: Executing command(queryId=alex_20240424052308_e3bdbcd9-797b-4d70-b1fa-9a5fbb50cacd): drop table if exists T
2024-04-24T05:23:08,818  INFO [main] ql.Driver: Starting task [Stage-0:DDL] in serial mode
2024-04-24T05:23:08,819  INFO [main] HiveMetaStore.audit: ugi=alex	ip=unknown-ip-addr	cmd=get_table : tbl=hive.default.T	
2024-04-24T05:23:08,824  INFO [main] metastore.HMSHandler: Skipping translation for processor with null
2024-04-24T05:23:08,824  INFO [main] HiveMetaStore.audit: ugi=alex	ip=unknown-ip-addr	cmd=get_table : tbl=hive.default.T	
2024-04-24T05:23:08,830  INFO [main] metastore.HMSHandler: Skipping translation for processor with null
2024-04-24T05:23:08,830  INFO [main] HiveMetaStore.audit: ugi=alex	ip=unknown-ip-addr	cmd=drop_table : tbl=hive.default.T	
2024-04-24T05:23:08,928  WARN [main] utils.FileUtils: File file:/home/alex/Repositories/hive/ql/target/tmp/org.apache.hadoop.hive.ql.TestTxnNoBuckets-1713961246971/warehouse/t does not exist; Force to delete it.
2024-04-24T05:23:08,928 ERROR [main] utils.FileUtils: Failed to delete file:/home/alex/Repositories/hive/ql/target/tmp/org.apache.hadoop.hive.ql.TestTxnNoBuckets-1713961246971/warehouse/t
2024-04-24T05:23:08,928  INFO [main] metadata.Hive: Dumping metastore api call timing information for : execution phase
2024-04-24T05:23:08,928  INFO [main] metadata.Hive: Total time spent in each metastore function (ms): {getTable_(GetTableRequest)=5, isCompatibleWith_(Configuration)=1, dropTable_(String, String, boolean, boolean, boolean)=104}
2024-04-24T05:23:08,928  INFO [main] ql.Driver: Completed executing command(queryId=alex_20240424052308_e3bdbcd9-797b-4d70-b1fa-9a5fbb50cacd); Time taken: 0.11 seconds
2024-04-24T05:23:08,928  INFO [main] lockmgr.DbTxnManager: Stopped heartbeat for query: alex_20240424052308_e3bdbcd9-797b-4d70-b1fa-9a5fbb50cacd
2024-04-24T05:23:08,932  INFO [main] txn.TxnHandler: Expected to move at least one record from txn_components to completed_txn_components when committing txn! txnid:13
2024-04-24T05:23:08,936  INFO [main] txn.TxnHandler: Removed transactions: ([13]) from MIN_HISTORY_LEVEL
2024-04-24T05:23:08,937  WARN [main] txn.CompactionTxnHandler: No compaction queue record found for Compaction type transaction commit. txnId:13
2024-04-24T05:23:08,937  INFO [main] ql.TxnCommandsBaseForTests: Running the query: create table T(a int, b int) stored as orc tblproperties('transactional'='false')
2024-04-24T05:23:08,937  INFO [main] ql.Driver: Compiling command(queryId=alex_20240424052308_b5f31bda-1c1c-41e3-abc0-c513d787a286): create table T(a int, b int) stored as orc tblproperties('transactional'='false')
2024-04-24T05:23:08,939  INFO [main] txn.TxnHandler: Added entries to MIN_HISTORY_LEVEL for current txns: ([14]) with min_open_txn: 1
2024-04-24T05:23:08,940  INFO [main] lockmgr.DbTxnManager: Opened txnid:14
2024-04-24T05:23:08,940  INFO [main] parse.CalcitePlanner: Starting caching scope for: 
2024-04-24T05:23:08,940  INFO [main] parse.CalcitePlanner: Starting Semantic Analysis
2024-04-24T05:23:08,945  INFO [main] parse.CalcitePlanner: Creating table default.T position=13
2024-04-24T05:23:08,945  INFO [main] HiveMetaStore.audit: ugi=alex	ip=unknown-ip-addr	cmd=get_database: default	
2024-04-24T05:23:08,946  INFO [main] parse.CalcitePlanner: Ending caching scope for: 
2024-04-24T05:23:08,946  INFO [main] ql.Driver: Semantic Analysis Completed (retrial = false)
2024-04-24T05:23:08,946  INFO [main] ql.Driver: Created Hive schema: Schema(fieldSchemas:null, properties:null)
2024-04-24T05:23:08,946  INFO [main] metadata.Hive: Dumping metastore api call timing information for : compilation phase
2024-04-24T05:23:08,946  INFO [main] metadata.Hive: Total time spent in each metastore function (ms): {openTxn_(String, TxnType)=2, commitTxn_(CommitTxnRequest)=8, flushCache_()=0, isCompatibleWith_(Configuration)=0, getDatabase_(String)=1, getValidTxns_(long)=0, getValidWriteIds_(List, String)=5}
2024-04-24T05:23:08,947  INFO [main] ql.Driver: Completed compiling command(queryId=alex_20240424052308_b5f31bda-1c1c-41e3-abc0-c513d787a286); Time taken: 0.009 seconds
2024-04-24T05:23:08,947  INFO [main] lockmgr.DbTxnManager: Setting lock request transaction to txnid:14 for queryId=alex_20240424052308_b5f31bda-1c1c-41e3-abc0-c513d787a286
2024-04-24T05:23:08,947  INFO [main] lockmgr.DbLockManager: Requesting lock for queryId=alex_20240424052308_b5f31bda-1c1c-41e3-abc0-c513d787a286
2024-04-24T05:23:08,960  INFO [main] lockmgr.DbLockManager: Response to queryId=alex_20240424052308_b5f31bda-1c1c-41e3-abc0-c513d787a286 LockResponse(lockid:8, state:ACQUIRED)
2024-04-24T05:23:08,960  INFO [main] ql.Driver: Operation CREATETABLE obtained 1 locks
2024-04-24T05:23:08,960  INFO [main] ql.Driver: Executing command(queryId=alex_20240424052308_b5f31bda-1c1c-41e3-abc0-c513d787a286): create table T(a int, b int) stored as orc tblproperties('transactional'='false')
2024-04-24T05:23:08,960  INFO [main] ql.Driver: Starting task [Stage-0:DDL] in serial mode
2024-04-24T05:23:08,961  INFO [main] HiveMetaStore.audit: ugi=alex	ip=unknown-ip-addr	cmd=create_table_req: Table(tableName:T, dbName:default, owner:alex, createTime:1713961388, lastAccessTime:0, retention:0, sd:StorageDescriptor(cols:[FieldSchema(name:a, type:int, comment:null), FieldSchema(name:b, type:int, comment:null)], location:null, inputFormat:org.apache.hadoop.hive.ql.io.orc.OrcInputFormat, outputFormat:org.apache.hadoop.hive.ql.io.orc.OrcOutputFormat, compressed:false, numBuckets:-1, serdeInfo:SerDeInfo(name:null, serializationLib:org.apache.hadoop.hive.ql.io.orc.OrcSerde, parameters:{serialization.format=1}), bucketCols:[], sortCols:[], parameters:{}, skewedInfo:SkewedInfo(skewedColNames:[], skewedColValues:[], skewedColValueLocationMaps:{}), storedAsSubDirectories:false), partitionKeys:[], parameters:{transactional=false, numFiles=0, bucketing_version=2, numFilesErasureCoded=0, totalSize=0, numRows=0, rawDataSize=0, COLUMN_STATS_ACCURATE={"BASIC_STATS":"true","COLUMN_STATS":{"a":"true","b":"true"}}}, viewOriginalText:null, viewExpandedText:null, tableType:MANAGED_TABLE, privileges:PrincipalPrivilegeSet(userPrivileges:{alex=[PrivilegeGrantInfo(privilege:INSERT, createTime:-1, grantor:alex, grantorType:USER, grantOption:true), PrivilegeGrantInfo(privilege:SELECT, createTime:-1, grantor:alex, grantorType:USER, grantOption:true), PrivilegeGrantInfo(privilege:UPDATE, createTime:-1, grantor:alex, grantorType:USER, grantOption:true), PrivilegeGrantInfo(privilege:DELETE, createTime:-1, grantor:alex, grantorType:USER, grantOption:true)]}, groupPrivileges:null, rolePrivileges:null), temporary:false, catName:hive, ownerType:USER)	
2024-04-24T05:23:08,966  INFO [main] utils.FileUtils: Creating directory if it doesn't exist: file:/home/alex/Repositories/hive/ql/target/tmp/org.apache.hadoop.hive.ql.TestTxnNoBuckets-1713961246971/warehouse/t
2024-04-24T05:23:08,995  INFO [main] metadata.Hive: Dumping metastore api call timing information for : execution phase
2024-04-24T05:23:08,995  INFO [main] metadata.Hive: Total time spent in each metastore function (ms): {createTable_(Table)=34, isCompatibleWith_(Configuration)=1}
2024-04-24T05:23:08,996  INFO [main] ql.Driver: Completed executing command(queryId=alex_20240424052308_b5f31bda-1c1c-41e3-abc0-c513d787a286); Time taken: 0.035 seconds
2024-04-24T05:23:08,996  INFO [main] lockmgr.DbTxnManager: Stopped heartbeat for query: alex_20240424052308_b5f31bda-1c1c-41e3-abc0-c513d787a286
2024-04-24T05:23:08,999  INFO [main] txn.TxnHandler: Expected to move at least one record from txn_components to completed_txn_components when committing txn! txnid:14
2024-04-24T05:23:09,004  INFO [main] txn.TxnHandler: Removed transactions: ([14]) from MIN_HISTORY_LEVEL
2024-04-24T05:23:09,004  WARN [main] txn.CompactionTxnHandler: No compaction queue record found for Compaction type transaction commit. txnId:14
2024-04-24T05:23:09,005  INFO [main] ql.TxnCommandsBaseForTests: Running the query: insert into T(a, b)  values(1,2),(2,4),(5,6),(6,8),(9,10)
2024-04-24T05:23:09,005  INFO [main] ql.Driver: Compiling command(queryId=alex_20240424052309_d2745042-36f8-4e72-88b0-a005d0aeaa03): insert into T(a, b)  values(1,2),(2,4),(5,6),(6,8),(9,10)
2024-04-24T05:23:09,008  INFO [main] txn.TxnHandler: Added entries to MIN_HISTORY_LEVEL for current txns: ([15]) with min_open_txn: 1
2024-04-24T05:23:09,008  INFO [main] lockmgr.DbTxnManager: Opened txnid:15
2024-04-24T05:23:09,008  INFO [main] parse.CalcitePlanner: Starting caching scope for: 
2024-04-24T05:23:09,008  INFO [main] parse.CalcitePlanner: Starting Semantic Analysis
2024-04-24T05:23:09,011  INFO [main] HiveMetaStore.audit: ugi=alex	ip=unknown-ip-addr	cmd=get_table : tbl=hive.default.T	
2024-04-24T05:23:09,031  INFO [main] metastore.HMSHandler: Skipping translation for processor with null
2024-04-24T05:23:09,031  INFO [main] parse.CalcitePlanner: Completed phase 1 of Semantic Analysis
2024-04-24T05:23:09,031  INFO [main] parse.CalcitePlanner: Get metadata for source tables
2024-04-24T05:23:09,031  INFO [main] parse.CalcitePlanner: Get metadata for subqueries
2024-04-24T05:23:09,031  INFO [main] parse.CalcitePlanner: Get metadata for destination tables
2024-04-24T05:23:09,031  INFO [main] HiveMetaStore.audit: ugi=alex	ip=unknown-ip-addr	cmd=get_table : tbl=hive.default.T	
2024-04-24T05:23:09,039  INFO [main] metastore.HMSHandler: Skipping translation for processor with null
2024-04-24T05:23:09,039  INFO [main] parse.CalcitePlanner: Completed getting MetaData in Semantic Analysis
2024-04-24T05:23:09,039  INFO [main] parse.CalcitePlanner: Disabling LLAP IO encode as ETL query is detected
2024-04-24T05:23:09,058  INFO [main] HiveMetaStore.audit: ugi=alex	ip=unknown-ip-addr	cmd=get_all_table_constraints : tbl=hive._dummy_database._dummy_table	
2024-04-24T05:23:09,123  INFO [main] parse.CalcitePlanner: Get metadata for source tables
2024-04-24T05:23:09,123  INFO [main] parse.CalcitePlanner: Get metadata for subqueries
2024-04-24T05:23:09,123  INFO [main] parse.CalcitePlanner: Get metadata for source tables
2024-04-24T05:23:09,124  INFO [main] HiveMetaStore.audit: ugi=alex	ip=unknown-ip-addr	cmd=get_table : tbl=hive._dummy_database._dummy_table	
2024-04-24T05:23:09,126  INFO [main] parse.CalcitePlanner: Get metadata for subqueries
2024-04-24T05:23:09,126  INFO [main] parse.CalcitePlanner: Get metadata for destination tables
2024-04-24T05:23:09,126  INFO [main] parse.CalcitePlanner: Get metadata for destination tables
2024-04-24T05:23:09,126  INFO [main] HiveMetaStore.audit: ugi=alex	ip=unknown-ip-addr	cmd=get_table : tbl=hive.default.T	
2024-04-24T05:23:09,134  INFO [main] metastore.HMSHandler: Skipping translation for processor with null
2024-04-24T05:23:09,136  INFO [main] common.FileUtils: Creating directory if it doesn't exist: file:/home/alex/Repositories/hive/ql/target/tmp/org.apache.hadoop.hive.ql.TestTxnNoBuckets-1713961246971/warehouse/t/.hive-staging_hive_2024-04-24_05-23-09_005_8592726666095702393-1
2024-04-24T05:23:09,138  INFO [main] HiveMetaStore.audit: ugi=alex	ip=unknown-ip-addr	cmd=get_not_null_constraints : tbl=hive.default.t	
2024-04-24T05:23:09,139  INFO [main] HiveMetaStore.audit: ugi=alex	ip=unknown-ip-addr	cmd=get_check_constraints : tbl=hive.default.t	
2024-04-24T05:23:09,140  INFO [main] parse.CalcitePlanner: CBO Succeeded; optimized logical plan.
2024-04-24T05:23:09,143  INFO [main] optimizer.BucketVersionPopulator: not considering bucketingVersion for: TS[0] because it has -1<2 buckets 
2024-04-24T05:23:09,143  INFO [main] optimizer.SortedDynPartitionOptimizer: Sorted dynamic partitioning optimization kicked in..
2024-04-24T05:23:09,151  INFO [main] HiveMetaStore.audit: ugi=alex	ip=unknown-ip-addr	cmd=get_table : tbl=hive.default.t	
2024-04-24T05:23:09,159  INFO [main] metastore.HMSHandler: Skipping translation for processor with null
2024-04-24T05:23:09,160  INFO [main] optimizer.GenMRFileSink1: using CombineHiveInputformat for the merge job
2024-04-24T05:23:09,160  INFO [main] HiveMetaStore.audit: ugi=alex	ip=unknown-ip-addr	cmd=get_table : tbl=hive.default.t	
2024-04-24T05:23:09,168  INFO [main] metastore.HMSHandler: Skipping translation for processor with null
2024-04-24T05:23:09,187  INFO [main] physical.Vectorizer: Examining input format to see if vectorization is enabled.
2024-04-24T05:23:09,189  INFO [main] physical.Vectorizer: Map vectorization enabled: false
2024-04-24T05:23:09,189  INFO [main] physical.Vectorizer: Map vectorized: false
2024-04-24T05:23:09,189  INFO [main] physical.Vectorizer: Map vectorizedVertexNum: 0
2024-04-24T05:23:09,189  INFO [main] physical.Vectorizer: Map enabledConditionsMet: [hive.vectorized.use.vectorized.input.format IS true]
2024-04-24T05:23:09,189  INFO [main] physical.Vectorizer: Map enabledConditionsNotMet: [Could not enable vectorization due to partition column names size 1 is greater than the number of table column names size 0 IS false]
2024-04-24T05:23:09,189  INFO [main] physical.Vectorizer: Map inputFileFormatClassNameSet: [org.apache.hadoop.hive.ql.io.NullRowsInputFormat]
2024-04-24T05:23:09,189  INFO [main] parse.CalcitePlanner: Completed plan generation
2024-04-24T05:23:09,189  INFO [main] parse.CalcitePlanner: Ending caching scope for: 
2024-04-24T05:23:09,190  INFO [main] ql.Driver: Semantic Analysis Completed (retrial = false)
2024-04-24T05:23:09,190  INFO [main] ql.Driver: Created Hive schema: Schema(fieldSchemas:[FieldSchema(name:_col0, type:int, comment:null), FieldSchema(name:_col1, type:int, comment:null)], properties:null)
2024-04-24T05:23:09,190  INFO [main] metadata.Hive: Dumping metastore api call timing information for : compilation phase
2024-04-24T05:23:09,190  INFO [main] metadata.Hive: Total time spent in each metastore function (ms): {openTxn_(String, TxnType)=2, getAllTableConstraints_(AllTableConstraintsRequest)=24, getValidTxns_(long)=0, commitTxn_(CommitTxnRequest)=9, getCheckConstraints_(CheckConstraintsRequest)=1, isCompatibleWith_(Configuration)=1, flushCache_()=0, getValidWriteIds_(List, String)=2, getNotNullConstraints_(NotNullConstraintsRequest)=1, getTable_(GetTableRequest)=53}
2024-04-24T05:23:09,190  INFO [main] ql.Driver: Completed compiling command(queryId=alex_20240424052309_d2745042-36f8-4e72-88b0-a005d0aeaa03); Time taken: 0.185 seconds
2024-04-24T05:23:09,190  INFO [main] lockmgr.DbTxnManager: Setting lock request transaction to txnid:15 for queryId=alex_20240424052309_d2745042-36f8-4e72-88b0-a005d0aeaa03
2024-04-24T05:23:09,190  INFO [main] lockmgr.DbLockManager: Requesting lock for queryId=alex_20240424052309_d2745042-36f8-4e72-88b0-a005d0aeaa03
2024-04-24T05:23:09,208  INFO [main] lockmgr.DbLockManager: Response to queryId=alex_20240424052309_d2745042-36f8-4e72-88b0-a005d0aeaa03 LockResponse(lockid:9, state:ACQUIRED)
2024-04-24T05:23:09,208  INFO [main] ql.Driver: Operation QUERY obtained 1 locks
2024-04-24T05:23:09,208  INFO [main] ql.Driver: Executing command(queryId=alex_20240424052309_d2745042-36f8-4e72-88b0-a005d0aeaa03): insert into T(a, b)  values(1,2),(2,4),(5,6),(6,8),(9,10)
2024-04-24T05:23:09,208  WARN [main] ql.Driver: Hive-on-MR is deprecated in Hive 2 and may not be available in the future versions. Consider using a different execution engine (i.e. tez, spark) or using Hive 1.X releases.
Query ID = alex_20240424052309_d2745042-36f8-4e72-88b0-a005d0aeaa03
2024-04-24T05:23:09,208  INFO [main] ql.Driver: Query ID = alex_20240424052309_d2745042-36f8-4e72-88b0-a005d0aeaa03
Total jobs = 1
2024-04-24T05:23:09,208  INFO [main] ql.Driver: Total jobs = 1
Launching Job 1 out of 1
2024-04-24T05:23:09,209  INFO [main] ql.Driver: Launching Job 1 out of 1
2024-04-24T05:23:09,330  INFO [main] ql.Driver: Starting task [Stage-1:MAPRED] in serial mode
Number of reduce tasks is set to 0 since there's no reduce operator
2024-04-24T05:23:09,330  INFO [main] exec.Task: Number of reduce tasks is set to 0 since there's no reduce operator
2024-04-24T05:23:09,332  INFO [main] mr.ExecDriver: Using org.apache.hadoop.hive.ql.io.HiveInputFormat
2024-04-24T05:23:09,332  INFO [main] exec.Utilities: Processing alias $hdt$_0:_dummy_table
2024-04-24T05:23:09,332  INFO [main] exec.Utilities: Adding 1 inputs; the first input is file:/home/alex/Repositories/hive/ql/target/tmp/localscratchdir/5db64f43-30d5-4285-98e3-ffcdca3a2f1d/hive_2024-04-24_05-23-09_005_8592726666095702393-1/dummy_path
2024-04-24T05:23:09,341  INFO [main] exec.SerializationUtilities: Serializing MapWork using kryo
2024-04-24T05:23:09,343  INFO [main] exec.Utilities: Serialized plan (via FILE) - name: null size: 6,15KB
2024-04-24T05:23:09,343  WARN [main] impl.MetricsSystemImpl: JobTracker metrics system already initialized!
2024-04-24T05:23:09,347  INFO [main] fs.FSStatsPublisher: created : file:/home/alex/Repositories/hive/ql/target/tmp/localscratchdir/5db64f43-30d5-4285-98e3-ffcdca3a2f1d/hive_2024-04-24_05-23-09_005_8592726666095702393-1/-mr-10001
2024-04-24T05:23:09,351  WARN [main] impl.MetricsSystemImpl: JobTracker metrics system already initialized!
2024-04-24T05:23:09,357  WARN [main] mapreduce.JobResourceUploader: Hadoop command-line option parsing not performed. Implement the Tool interface and execute your application with ToolRunner to remedy this.
2024-04-24T05:23:09,361  WARN [main] mapreduce.JobResourceUploader: No job jar file set.  User classes may not be found. See Job or Job#setJar(String).
2024-04-24T05:23:09,362  INFO [main] io.HiveInputFormat: hive.io.file.readcolumn.ids = 
2024-04-24T05:23:09,362  INFO [main] io.HiveInputFormat: hive.io.file.readcolumn.names = 
2024-04-24T05:23:09,362  INFO [main] io.HiveInputFormat: Generating splits for dirs: file:/home/alex/Repositories/hive/ql/target/tmp/localscratchdir/5db64f43-30d5-4285-98e3-ffcdca3a2f1d/hive_2024-04-24_05-23-09_005_8592726666095702393-1/dummy_path
2024-04-24T05:23:09,363  INFO [main] io.HiveInputFormat: number of splits 1
2024-04-24T05:23:09,380  INFO [main] mapreduce.JobSubmitter: number of splits:1
2024-04-24T05:23:09,400  INFO [main] mapreduce.JobSubmitter: Submitting tokens for job: job_local1197585723_0066
2024-04-24T05:23:09,400  INFO [main] mapreduce.JobSubmitter: Executing with tokens: []
2024-04-24T05:23:09,457  INFO [main] mapreduce.Job: The url to track the job: http://localhost:8080/
Job running in-process (local Hadoop)
2024-04-24T05:23:09,457  INFO [main] exec.Task: Job running in-process (local Hadoop)
2024-04-24T05:23:09,457  INFO [Thread-4335] mapred.LocalJobRunner: OutputCommitter set in config org.apache.hadoop.hive.ql.io.HiveFileFormatUtils$NullOutputCommitter
2024-04-24T05:23:09,458  INFO [Thread-4335] mapred.LocalJobRunner: OutputCommitter is org.apache.hadoop.hive.ql.io.HiveFileFormatUtils$NullOutputCommitter
2024-04-24T05:23:09,459  INFO [Thread-4335] mapred.LocalJobRunner: Waiting for map tasks
2024-04-24T05:23:09,459  INFO [LocalJobRunner Map Task Executor #0] mapred.LocalJobRunner: Starting task: attempt_local1197585723_0066_m_000000_0
2024-04-24T05:23:09,462  INFO [LocalJobRunner Map Task Executor #0] mapred.Task:  Using ResourceCalculatorProcessTree : [ ]
2024-04-24T05:23:09,462  INFO [LocalJobRunner Map Task Executor #0] mapred.MapTask: Processing split: org.apache.hadoop.hive.ql.io.NullRowsInputFormat:file:/home/alex/Repositories/hive/ql/target/tmp/localscratchdir/5db64f43-30d5-4285-98e3-ffcdca3a2f1d/hive_2024-04-24_05-23-09_005_8592726666095702393-1/dummy_path/null:0+1
2024-04-24T05:23:09,464  INFO [LocalJobRunner Map Task Executor #0] exec.SerializationUtilities: Deserializing MapWork using kryo
2024-04-24T05:23:09,465  INFO [LocalJobRunner Map Task Executor #0] exec.Utilities: Deserialized plan (via FILE) - name: null size: 6,15KB
2024-04-24T05:23:09,466  INFO [LocalJobRunner Map Task Executor #0] mapred.MapTask: numReduceTasks: 0
2024-04-24T05:23:09,468  INFO [LocalJobRunner Map Task Executor #0] exec.MapOperator: Initializing Operator: MAP[0]
2024-04-24T05:23:09,468  INFO [LocalJobRunner Map Task Executor #0] mr.ExecMapper: 
<MAP>Id =0
  <Children>null
  <\Children>
  <Parent><\Parent>
<\MAP>
2024-04-24T05:23:09,469  INFO [LocalJobRunner Map Task Executor #0] exec.TableScanOperator: Initializing Operator: TS[0]
2024-04-24T05:23:09,469  INFO [LocalJobRunner Map Task Executor #0] exec.SelectOperator: Initializing Operator: SEL[1]
2024-04-24T05:23:09,469  INFO [LocalJobRunner Map Task Executor #0] exec.SelectOperator: SELECT null
2024-04-24T05:23:09,469  INFO [LocalJobRunner Map Task Executor #0] exec.UDTFOperator: Initializing Operator: UDTF[2]
2024-04-24T05:23:09,469  INFO [LocalJobRunner Map Task Executor #0] exec.SelectOperator: Initializing Operator: SEL[3]
2024-04-24T05:23:09,469  INFO [LocalJobRunner Map Task Executor #0] exec.SelectOperator: SELECT struct<col1:int,col2:int>
2024-04-24T05:23:09,469  INFO [LocalJobRunner Map Task Executor #0] exec.FileSinkOperator: Initializing Operator: FS[4]
2024-04-24T05:23:09,470  INFO [LocalJobRunner Map Task Executor #0] exec.FileSinkOperator: Using serializer : AbstractSerDe [log=org.apache.logging.slf4j.Log4jLogger@5c8da227, configuration=Optional[Configuration: core-default.xml, core-site.xml, mapred-default.xml, mapred-site.xml, yarn-default.xml, yarn-site.xml, hdfs-default.xml, hdfs-site.xml, file:/home/alex/Repositories/hive/ql/target/tmp/TestTxnNoBuckets/mapred/local/localRunner/alex/job_local1197585723_0066/job_local1197585723_0066.xml], properties={name=default.t, columns.types=int:int, serialization.format=1, columns=a,b, numFilesErasureCoded=0, columns.comments=&amp#0;, bucketing_version=2, serialization.lib=org.apache.hadoop.hive.ql.io.orc.OrcSerde, file.inputformat=org.apache.hadoop.hive.ql.io.orc.OrcInputFormat, file.outputformat=org.apache.hadoop.hive.ql.io.orc.OrcOutputFormat, location=file:/home/alex/Repositories/hive/ql/target/tmp/org.apache.hadoop.hive.ql.TestTxnNoBuckets-1713961246971/warehouse/t, column.name.delimiter=,}, tableProperties={name=default.t, columns.types=int:int, serialization.format=1, columns=a,b, numFilesErasureCoded=0, columns.comments=&amp#0;, bucketing_version=2, serialization.lib=org.apache.hadoop.hive.ql.io.orc.OrcSerde, file.inputformat=org.apache.hadoop.hive.ql.io.orc.OrcInputFormat, location=file:/home/alex/Repositories/hive/ql/target/tmp/org.apache.hadoop.hive.ql.TestTxnNoBuckets-1713961246971/warehouse/t, file.outputformat=org.apache.hadoop.hive.ql.io.orc.OrcOutputFormat, column.name.delimiter=,}, partitionProperties=Optional.empty, columnNames=[a, b], columnTypes=[int, int], getClass()=class org.apache.hadoop.hive.ql.io.orc.OrcSerde] and formatter : org.apache.hadoop.hive.ql.io.orc.OrcOutputFormat@3efecf64
2024-04-24T05:23:09,470  INFO [LocalJobRunner Map Task Executor #0] exec.FileSinkOperator: Final Path: FS file:/home/alex/Repositories/hive/ql/target/tmp/org.apache.hadoop.hive.ql.TestTxnNoBuckets-1713961246971/warehouse/t/.hive-staging_hive_2024-04-24_05-23-09_005_8592726666095702393-1/_tmp.-ext-10002/000000_0
2024-04-24T05:23:09,470  INFO [LocalJobRunner Map Task Executor #0] exec.FileSinkOperator: Writing to temp file: FS file:/home/alex/Repositories/hive/ql/target/tmp/org.apache.hadoop.hive.ql.TestTxnNoBuckets-1713961246971/warehouse/t/.hive-staging_hive_2024-04-24_05-23-09_005_8592726666095702393-1/_task_tmp.-ext-10002/_tmp.000000_0
2024-04-24T05:23:09,470  INFO [LocalJobRunner Map Task Executor #0] exec.FileSinkOperator: New Final Path: FS file:/home/alex/Repositories/hive/ql/target/tmp/org.apache.hadoop.hive.ql.TestTxnNoBuckets-1713961246971/warehouse/t/.hive-staging_hive_2024-04-24_05-23-09_005_8592726666095702393-1/_tmp.-ext-10002/000000_0
2024-04-24T05:23:09,472  INFO [LocalJobRunner Map Task Executor #0] exec.FileSinkOperator: FS[4]: records written - 1
2024-04-24T05:23:09,472  INFO [LocalJobRunner Map Task Executor #0] impl.PhysicalFsWriter: ORC writer created for path: file:/home/alex/Repositories/hive/ql/target/tmp/org.apache.hadoop.hive.ql.TestTxnNoBuckets-1713961246971/warehouse/t/.hive-staging_hive_2024-04-24_05-23-09_005_8592726666095702393-1/_task_tmp.-ext-10002/_tmp.000000_0 with stripeSize: 67108864 blockSize: 268435456 compression: Compress: ZLIB buffer: 262144
2024-04-24T05:23:09,479  INFO [LocalJobRunner Map Task Executor #0] impl.WriterImpl: ORC writer created for path: file:/home/alex/Repositories/hive/ql/target/tmp/org.apache.hadoop.hive.ql.TestTxnNoBuckets-1713961246971/warehouse/t/.hive-staging_hive_2024-04-24_05-23-09_005_8592726666095702393-1/_task_tmp.-ext-10002/_tmp.000000_0 with stripeSize: 67108864 options: Compress: ZLIB buffer: 262144
2024-04-24T05:23:09,479  INFO [LocalJobRunner Map Task Executor #0] exec.MapOperator: MAP[0]: records read - 1
2024-04-24T05:23:09,479  INFO [LocalJobRunner Map Task Executor #0] exec.MapOperator: Closing Operator: MAP[0]
2024-04-24T05:23:09,479  INFO [LocalJobRunner Map Task Executor #0] exec.MapOperator: MAP[0]: Total records read - 3. abort - false
2024-04-24T05:23:09,479  INFO [LocalJobRunner Map Task Executor #0] exec.MapOperator: DESERIALIZE_ERRORS:0, RECORDS_OUT_INTERMEDIATE:0, RECORDS_OUT_OPERATOR_MAP_0:0, RECORDS_IN:3, 
2024-04-24T05:23:09,479  INFO [LocalJobRunner Map Task Executor #0] exec.TableScanOperator: Closing Operator: TS[0]
2024-04-24T05:23:09,479  INFO [LocalJobRunner Map Task Executor #0] exec.TableScanOperator: RECORDS_OUT_OPERATOR_TS_0:1, RECORDS_OUT_INTERMEDIATE:0, 
2024-04-24T05:23:09,479  INFO [LocalJobRunner Map Task Executor #0] exec.SelectOperator: Closing Operator: SEL[1]
2024-04-24T05:23:09,479  INFO [LocalJobRunner Map Task Executor #0] exec.SelectOperator: RECORDS_OUT_INTERMEDIATE:0, RECORDS_OUT_OPERATOR_SEL_1:1, 
2024-04-24T05:23:09,479  INFO [LocalJobRunner Map Task Executor #0] exec.UDTFOperator: Closing Operator: UDTF[2]
2024-04-24T05:23:09,479  INFO [LocalJobRunner Map Task Executor #0] exec.UDTFOperator: RECORDS_OUT_INTERMEDIATE:0, RECORDS_OUT_OPERATOR_UDTF_2:5, 
2024-04-24T05:23:09,479  INFO [LocalJobRunner Map Task Executor #0] exec.SelectOperator: Closing Operator: SEL[3]
2024-04-24T05:23:09,479  INFO [LocalJobRunner Map Task Executor #0] exec.SelectOperator: RECORDS_OUT_OPERATOR_SEL_3:5, RECORDS_OUT_INTERMEDIATE:0, 
2024-04-24T05:23:09,479  INFO [LocalJobRunner Map Task Executor #0] exec.FileSinkOperator: Closing Operator: FS[4]
2024-04-24T05:23:09,479  INFO [LocalJobRunner Map Task Executor #0] exec.FileSinkOperator: FS[4]: records written - 5
2024-04-24T05:23:09,485  INFO [LocalJobRunner Map Task Executor #0] exec.FileSinkOperator: RECORDS_OUT_OPERATOR_FS_4:5, TOTAL_TABLE_ROWS_WRITTEN:5, RECORDS_OUT_INTERMEDIATE:0, RECORDS_OUT_1_default.t:5, 
2024-04-24T05:23:09,486  INFO [LocalJobRunner Map Task Executor #0] mapred.LocalJobRunner: 
2024-04-24T05:23:09,488  INFO [LocalJobRunner Map Task Executor #0] mapred.Task: Task:attempt_local1197585723_0066_m_000000_0 is done. And is in the process of committing
2024-04-24T05:23:09,488  INFO [LocalJobRunner Map Task Executor #0] mapred.LocalJobRunner: map
2024-04-24T05:23:09,488  INFO [LocalJobRunner Map Task Executor #0] mapred.Task: Task 'attempt_local1197585723_0066_m_000000_0' done.
2024-04-24T05:23:09,488  INFO [LocalJobRunner Map Task Executor #0] mapred.Task: Final Counters for attempt_local1197585723_0066_m_000000_0: Counters: 27
	File System Counters
		FILE: Number of bytes read=1502929
		FILE: Number of bytes written=77747992
		FILE: Number of read operations=0
		FILE: Number of large read operations=0
		FILE: Number of write operations=0
	Map-Reduce Framework
		Map input records=4
		Map output records=0
		Input split bytes=361
		Spilled Records=0
		Failed Shuffles=0
		Merged Map outputs=0
		GC time elapsed (ms)=0
		Total committed heap usage (bytes)=1248854016
	HIVE
		CREATED_FILES=1
		DESERIALIZE_ERRORS=0
		RECORDS_IN=3
		RECORDS_OUT_1_default.t=5
		RECORDS_OUT_INTERMEDIATE=0
		RECORDS_OUT_OPERATOR_FS_4=5
		RECORDS_OUT_OPERATOR_MAP_0=0
		RECORDS_OUT_OPERATOR_SEL_1=1
		RECORDS_OUT_OPERATOR_SEL_3=5
		RECORDS_OUT_OPERATOR_TS_0=1
		RECORDS_OUT_OPERATOR_UDTF_2=5
		TOTAL_TABLE_ROWS_WRITTEN=5
	File Input Format Counters 
		Bytes Read=6211
	File Output Format Counters 
		Bytes Written=0
2024-04-24T05:23:09,488  INFO [LocalJobRunner Map Task Executor #0] mapred.LocalJobRunner: Finishing task: attempt_local1197585723_0066_m_000000_0
2024-04-24T05:23:09,488  INFO [Thread-4335] mapred.LocalJobRunner: map task executor complete.
2024-04-24 05:23:10,458 Stage-1 map = 100%,  reduce = 0%
2024-04-24T05:23:10,458  INFO [main] exec.Task: 2024-04-24 05:23:10,458 Stage-1 map = 100%,  reduce = 0%
Ended Job = job_local1197585723_0066
2024-04-24T05:23:10,459  INFO [main] exec.Task: Ended Job = job_local1197585723_0066
2024-04-24T05:23:10,460  INFO [main] ql.Driver: Starting task [Stage-7:CONDITIONAL] in serial mode
Stage-4 is selected by condition resolver.
2024-04-24T05:23:10,461  INFO [main] exec.Task: Stage-4 is selected by condition resolver.
Stage-3 is filtered out by condition resolver.
2024-04-24T05:23:10,461  INFO [main] exec.Task: Stage-3 is filtered out by condition resolver.
Stage-5 is filtered out by condition resolver.
2024-04-24T05:23:10,461  INFO [main] exec.Task: Stage-5 is filtered out by condition resolver.
2024-04-24T05:23:10,461  INFO [main] ql.Driver: Starting task [Stage-4:MOVE] in serial mode
Moving data to directory file:/home/alex/Repositories/hive/ql/target/tmp/org.apache.hadoop.hive.ql.TestTxnNoBuckets-1713961246971/warehouse/t/.hive-staging_hive_2024-04-24_05-23-09_005_8592726666095702393-1/-ext-10000
2024-04-24T05:23:10,461  INFO [main] exec.Task: Moving data to directory file:/home/alex/Repositories/hive/ql/target/tmp/org.apache.hadoop.hive.ql.TestTxnNoBuckets-1713961246971/warehouse/t/.hive-staging_hive_2024-04-24_05-23-09_005_8592726666095702393-1/-ext-10000 from file:/home/alex/Repositories/hive/ql/target/tmp/org.apache.hadoop.hive.ql.TestTxnNoBuckets-1713961246971/warehouse/t/.hive-staging_hive_2024-04-24_05-23-09_005_8592726666095702393-1/-ext-10002
2024-04-24T05:23:10,461  INFO [main] ql.Driver: Starting task [Stage-0:MOVE] in serial mode
Loading data to table default.t
2024-04-24T05:23:10,461  INFO [main] exec.Task: Loading data to table default.t from file:/home/alex/Repositories/hive/ql/target/tmp/org.apache.hadoop.hive.ql.TestTxnNoBuckets-1713961246971/warehouse/t/.hive-staging_hive_2024-04-24_05-23-09_005_8592726666095702393-1/-ext-10000
2024-04-24T05:23:10,461  INFO [main] HiveMetaStore.audit: ugi=alex	ip=unknown-ip-addr	cmd=get_table : tbl=hive.default.t	
2024-04-24T05:23:10,473  INFO [main] metastore.HMSHandler: Skipping translation for processor with null
2024-04-24T05:23:10,473  INFO [main] HiveMetaStore.audit: ugi=alex	ip=unknown-ip-addr	cmd=get_table : tbl=hive.default.t	
2024-04-24T05:23:10,484  INFO [main] metastore.HMSHandler: Skipping translation for processor with null
2024-04-24T05:23:10,486  WARN [main] metadata.Hive: Cannot get a table snapshot for t
2024-04-24T05:23:10,486  INFO [main] HiveMetaStore.audit: ugi=alex	ip=unknown-ip-addr	cmd=alter_table: hive.default.t newtbl=t	
2024-04-24T05:23:10,514  INFO [main] ql.Driver: Starting task [Stage-2:STATS] in serial mode
2024-04-24T05:23:10,514  INFO [main] HiveMetaStore.audit: ugi=alex	ip=unknown-ip-addr	cmd=get_table : tbl=hive.default.t	
2024-04-24T05:23:10,521  INFO [main] metastore.HMSHandler: Skipping translation for processor with null
2024-04-24T05:23:10,521  INFO [main] stats.BasicStatsTask: Executing stats task
2024-04-24T05:23:10,521  INFO [main] fs.FSStatsPublisher: created : file:/home/alex/Repositories/hive/ql/target/tmp/localscratchdir/5db64f43-30d5-4285-98e3-ffcdca3a2f1d/hive_2024-04-24_05-23-09_005_8592726666095702393-1/-mr-10001
2024-04-24T05:23:10,522  INFO [main] HiveMetaStore.audit: ugi=alex	ip=unknown-ip-addr	cmd=get_table : tbl=hive.default.t	
2024-04-24T05:23:10,530  INFO [main] metastore.HMSHandler: Skipping translation for processor with null
2024-04-24T05:23:10,530  INFO [main] FileOperations: Read stats for default.t/, numRows, true, 5, false: 
2024-04-24T05:23:10,530  INFO [main] FileOperations: Read stats for default.t/, rawDataSize, true, 40, false: 
2024-04-24T05:23:10,531  WARN [main] metadata.Hive: Cannot get a table snapshot for t
2024-04-24T05:23:10,531  INFO [main] HiveMetaStore.audit: ugi=alex	ip=unknown-ip-addr	cmd=alter_table: hive.default.t newtbl=t	
2024-04-24T05:23:10,553  INFO [main] stats.BasicStatsTask: Table default.t stats: [numFiles=1, numRows=5, totalSize=259, rawDataSize=40, numFilesErasureCoded=0]
2024-04-24T05:23:10,554  INFO [main] metadata.Hive: Dumping metastore api call timing information for : execution phase
2024-04-24T05:23:10,554  INFO [main] metadata.Hive: Total time spent in each metastore function (ms): {isCompatibleWith_(Configuration)=0, getTable_(GetTableRequest)=39, alter_table_(String, String, String, Table, EnvironmentContext, String)=49}
MapReduce Jobs Launched: 
2024-04-24T05:23:10,554  INFO [main] ql.Driver: MapReduce Jobs Launched: 
Stage-Stage-1:  HDFS Read: 0 HDFS Write: 0 SUCCESS
2024-04-24T05:23:10,554  INFO [main] ql.Driver: Stage-Stage-1:  HDFS Read: 0 HDFS Write: 0 SUCCESS
Total MapReduce CPU Time Spent: 0 msec
2024-04-24T05:23:10,554  INFO [main] ql.Driver: Total MapReduce CPU Time Spent: 0 msec
2024-04-24T05:23:10,554  INFO [main] ql.Driver: Completed executing command(queryId=alex_20240424052309_d2745042-36f8-4e72-88b0-a005d0aeaa03); Time taken: 1.346 seconds
2024-04-24T05:23:10,554  INFO [main] lockmgr.DbTxnManager: Stopped heartbeat for query: alex_20240424052309_d2745042-36f8-4e72-88b0-a005d0aeaa03
2024-04-24T05:23:10,557  INFO [main] txn.TxnHandler: Expected to move at least one record from txn_components to completed_txn_components when committing txn! txnid:15
2024-04-24T05:23:10,562  INFO [main] txn.TxnHandler: Removed transactions: ([15]) from MIN_HISTORY_LEVEL
2024-04-24T05:23:10,563  WARN [main] txn.CompactionTxnHandler: No compaction queue record found for Compaction type transaction commit. txnId:15
2024-04-24T05:23:10,563  INFO [main] ql.TxnCommandsBaseForTests: Running the query: alter table T SET TBLPROPERTIES ('transactional'='true')
2024-04-24T05:23:10,563  INFO [main] ql.Context: Deleting scratch dir: file:/home/alex/Repositories/hive/ql/target/tmp/org.apache.hadoop.hive.ql.TestTxnNoBuckets-1713961246971/warehouse/t/.hive-staging_hive_2024-04-24_05-23-09_005_8592726666095702393-1
2024-04-24T05:23:10,563  INFO [main] cleanup.SyncCleanupService: Deleted directory: file:/home/alex/Repositories/hive/ql/target/tmp/org.apache.hadoop.hive.ql.TestTxnNoBuckets-1713961246971/warehouse/t/.hive-staging_hive_2024-04-24_05-23-09_005_8592726666095702393-1 on fs with scheme file
2024-04-24T05:23:10,564  INFO [main] ql.Context: Deleting scratch dir: file:/home/alex/Repositories/hive/ql/target/tmp/localscratchdir/5db64f43-30d5-4285-98e3-ffcdca3a2f1d/hive_2024-04-24_05-23-09_005_8592726666095702393-1
2024-04-24T05:23:10,564  INFO [main] cleanup.SyncCleanupService: Deleted directory: file:/home/alex/Repositories/hive/ql/target/tmp/localscratchdir/5db64f43-30d5-4285-98e3-ffcdca3a2f1d/hive_2024-04-24_05-23-09_005_8592726666095702393-1 on fs with scheme file
2024-04-24T05:23:10,564  INFO [main] ql.Driver: Compiling command(queryId=alex_20240424052310_8ac4757c-bcf3-4853-8cf4-1e9eafba5569): alter table T SET TBLPROPERTIES ('transactional'='true')
2024-04-24T05:23:10,567  INFO [main] txn.TxnHandler: Added entries to MIN_HISTORY_LEVEL for current txns: ([16]) with min_open_txn: 16
2024-04-24T05:23:10,567  INFO [main] lockmgr.DbTxnManager: Opened txnid:16
2024-04-24T05:23:10,568  INFO [main] HiveMetaStore.audit: ugi=alex	ip=unknown-ip-addr	cmd=get_table : tbl=hive.default.T	
2024-04-24T05:23:10,576  INFO [main] metastore.HMSHandler: Skipping translation for processor with null
2024-04-24T05:23:10,576  INFO [main] HiveMetaStore.audit: ugi=alex	ip=unknown-ip-addr	cmd=get_table : tbl=hive.default.T	
2024-04-24T05:23:10,583  INFO [main] metastore.HMSHandler: Skipping translation for processor with null
2024-04-24T05:23:10,583  INFO [main] ql.Driver: Semantic Analysis Completed (retrial = false)
2024-04-24T05:23:10,583  INFO [main] ql.Driver: Created Hive schema: Schema(fieldSchemas:null, properties:null)
2024-04-24T05:23:10,583  INFO [main] metadata.Hive: Dumping metastore api call timing information for : compilation phase
2024-04-24T05:23:10,583  INFO [main] metadata.Hive: Total time spent in each metastore function (ms): {openTxn_(String, TxnType)=2, getTable_(GetTableRequest)=15, getValidTxns_(long)=0, commitTxn_(CommitTxnRequest)=9, flushCache_()=0, isCompatibleWith_(Configuration)=0}
2024-04-24T05:23:10,583  INFO [main] ql.Driver: Completed compiling command(queryId=alex_20240424052310_8ac4757c-bcf3-4853-8cf4-1e9eafba5569); Time taken: 0.019 seconds
2024-04-24T05:23:10,584  INFO [main] lockmgr.DbTxnManager: Setting lock request transaction to txnid:16 for queryId=alex_20240424052310_8ac4757c-bcf3-4853-8cf4-1e9eafba5569
2024-04-24T05:23:10,584  INFO [main] lockmgr.DbLockManager: Requesting lock for queryId=alex_20240424052310_8ac4757c-bcf3-4853-8cf4-1e9eafba5569
2024-04-24T05:23:10,597  INFO [main] lockmgr.DbLockManager: Response to queryId=alex_20240424052310_8ac4757c-bcf3-4853-8cf4-1e9eafba5569 LockResponse(lockid:10, state:ACQUIRED)
2024-04-24T05:23:10,597  INFO [main] ql.Driver: Operation ALTERTABLE_PROPERTIES obtained 1 locks
2024-04-24T05:23:10,597  INFO [main] ql.Driver: Executing command(queryId=alex_20240424052310_8ac4757c-bcf3-4853-8cf4-1e9eafba5569): alter table T SET TBLPROPERTIES ('transactional'='true')
2024-04-24T05:23:10,597  INFO [main] ql.Driver: Starting task [Stage-0:DDL] in serial mode
2024-04-24T05:23:10,597  INFO [main] HiveMetaStore.audit: ugi=alex	ip=unknown-ip-addr	cmd=get_table : tbl=hive.default.T	
2024-04-24T05:23:10,607  INFO [main] metastore.HMSHandler: Skipping translation for processor with null
2024-04-24T05:23:10,610  INFO [main] HiveMetaStore.audit: ugi=alex	ip=unknown-ip-addr	cmd=alter_table: hive.default.T newtbl=t	
2024-04-24T05:23:10,637  INFO [main] metadata.Hive: Dumping metastore api call timing information for : execution phase
2024-04-24T05:23:10,637  INFO [main] metadata.Hive: Total time spent in each metastore function (ms): {getValidWriteIds_(List, String)=2, isCompatibleWith_(Configuration)=0, alter_table_(String, String, String, Table, EnvironmentContext, String)=28, getTable_(GetTableRequest)=10}
2024-04-24T05:23:10,637  INFO [main] ql.Driver: Completed executing command(queryId=alex_20240424052310_8ac4757c-bcf3-4853-8cf4-1e9eafba5569); Time taken: 0.04 seconds
2024-04-24T05:23:10,637  INFO [main] lockmgr.DbTxnManager: Stopped heartbeat for query: alex_20240424052310_8ac4757c-bcf3-4853-8cf4-1e9eafba5569
2024-04-24T05:23:10,640  INFO [main] txn.TxnHandler: Expected to move at least one record from txn_components to completed_txn_components when committing txn! txnid:16
2024-04-24T05:23:10,645  INFO [main] txn.TxnHandler: Removed transactions: ([16]) from MIN_HISTORY_LEVEL
2024-04-24T05:23:10,645  WARN [main] txn.CompactionTxnHandler: No compaction queue record found for Compaction type transaction commit. txnId:16
2024-04-24T05:23:10,646  INFO [main] ql.TxnCommandsBaseForTests: Running the query: select a from T where b > 6 order by a
2024-04-24T05:23:10,646  INFO [main] ql.Driver: Compiling command(queryId=alex_20240424052310_780e0584-fdc2-400b-abce-441541dee82f): select a from T where b > 6 order by a
2024-04-24T05:23:10,648  INFO [main] txn.TxnHandler: Added entries to MIN_HISTORY_LEVEL for current txns: ([17]) with min_open_txn: 16
2024-04-24T05:23:10,649  INFO [main] lockmgr.DbTxnManager: Opened txnid:17
2024-04-24T05:23:10,649  INFO [main] parse.CalcitePlanner: Starting caching scope for: 
2024-04-24T05:23:10,649  INFO [main] parse.CalcitePlanner: Starting Semantic Analysis
2024-04-24T05:23:10,652  INFO [main] parse.CalcitePlanner: Completed phase 1 of Semantic Analysis
2024-04-24T05:23:10,652  INFO [main] parse.CalcitePlanner: Get metadata for source tables
2024-04-24T05:23:10,654  INFO [main] HiveMetaStore.audit: ugi=alex	ip=unknown-ip-addr	cmd=get_table : tbl=hive.default.t	
2024-04-24T05:23:10,661  INFO [main] metastore.HMSHandler: Skipping translation for processor with null
2024-04-24T05:23:10,661  INFO [main] parse.CalcitePlanner: Get metadata for subqueries
2024-04-24T05:23:10,661  INFO [main] parse.CalcitePlanner: Get metadata for destination tables
2024-04-24T05:23:10,661  INFO [main] parse.CalcitePlanner: Completed getting MetaData in Semantic Analysis
2024-04-24T05:23:10,672  INFO [main] HiveMetaStore.audit: ugi=alex	ip=unknown-ip-addr	cmd=get_all_table_constraints : tbl=hive.default.t	
2024-04-24T05:23:10,708  INFO [main] calcite.RelOptHiveTable: Calculating column statistics for default.t, projIndxSet: [0, 1], allowMissingStats: true
2024-04-24T05:23:10,709  INFO [main] HiveMetaStore.audit: ugi=alex	ip=unknown-ip-addr	cmd=get_table_statistics_req: table=hive.default.t	
2024-04-24T05:23:10,719  WARN [main] calcite.RelOptHiveTable: No Stats for default@t, Columns: b, a
No Stats for default@t, Columns: b, a
2024-04-24T05:23:10,719  INFO [main] SessionState: No Stats for default@t, Columns: b, a
2024-04-24T05:23:10,775  INFO [main] parse.CalcitePlanner: Get metadata for source tables
2024-04-24T05:23:10,776  INFO [main] parse.CalcitePlanner: Get metadata for subqueries
2024-04-24T05:23:10,776  INFO [main] parse.CalcitePlanner: Get metadata for destination tables
2024-04-24T05:23:10,777  INFO [main] common.FileUtils: Creating directory if it doesn't exist: file:/home/alex/Repositories/hive/ql/target/tmp/localscratchdir/5db64f43-30d5-4285-98e3-ffcdca3a2f1d/hive_2024-04-24_05-23-10_646_7590414902325976639-1/-mr-10001/.hive-staging_hive_2024-04-24_05-23-10_646_7590414902325976639-1
2024-04-24T05:23:10,784  INFO [main] parse.CalcitePlanner: CBO Succeeded; optimized logical plan.
2024-04-24T05:23:10,787  INFO [main] optimizer.ColumnPrunerProcFactory: RS 3 oldColExprMap: {KEY.reducesinkkey0=Column[_col0]}
2024-04-24T05:23:10,787  INFO [main] optimizer.ColumnPrunerProcFactory: RS 3 newColExprMap: {KEY.reducesinkkey0=Column[_col0]}
2024-04-24T05:23:10,787  INFO [main] optimizer.BucketVersionPopulator: not considering bucketingVersion for: TS[0] because it has -1<2 buckets 
2024-04-24T05:23:10,788  INFO [main] optimizer.SortedDynPartitionOptimizer: Sorted dynamic partitioning optimization kicked in..
2024-04-24T05:23:10,797  INFO [main] physical.Vectorizer: Examining input format to see if vectorization is enabled.
2024-04-24T05:23:10,798  INFO [main] physical.Vectorizer: Vectorization is enabled for input format(s) [org.apache.hadoop.hive.ql.io.orc.OrcInputFormat]
2024-04-24T05:23:10,798  INFO [main] physical.Vectorizer: Validating and vectorizing MapWork... (vectorizedVertexNum 0)
2024-04-24T05:23:10,818  INFO [main] physical.Vectorizer: Map vectorization enabled: true
2024-04-24T05:23:10,818  INFO [main] physical.Vectorizer: Map vectorized: true
2024-04-24T05:23:10,818  INFO [main] physical.Vectorizer: Map vectorizedVertexNum: 0
2024-04-24T05:23:10,819  INFO [main] physical.Vectorizer: Map enabledConditionsMet: [hive.vectorized.use.vectorized.input.format IS true]
2024-04-24T05:23:10,819  INFO [main] physical.Vectorizer: Map inputFileFormatClassNameSet: [org.apache.hadoop.hive.ql.io.orc.OrcInputFormat]
2024-04-24T05:23:10,819  INFO [main] physical.Vectorizer: Reduce vectorization enabled: false
2024-04-24T05:23:10,819  INFO [main] physical.Vectorizer: Reduce vectorized: false
2024-04-24T05:23:10,819  INFO [main] physical.Vectorizer: Reduce vectorizedVertexNum: 1
2024-04-24T05:23:10,819  INFO [main] physical.Vectorizer: Reducer hive.vectorized.execution.reduce.enabled: true
2024-04-24T05:23:10,819  INFO [main] physical.Vectorizer: Reducer engine: mr
2024-04-24T05:23:10,819  INFO [main] parse.CalcitePlanner: Completed plan generation
2024-04-24T05:23:10,819  INFO [main] parse.CalcitePlanner: Ending caching scope for: 
2024-04-24T05:23:10,819  INFO [main] ql.Driver: Semantic Analysis Completed (retrial = false)
2024-04-24T05:23:10,819  INFO [main] ql.Driver: Created Hive schema: Schema(fieldSchemas:[FieldSchema(name:a, type:int, comment:null)], properties:null)
2024-04-24T05:23:10,820  INFO [main] exec.ListSinkOperator: Initializing Operator: LIST_SINK[10]
2024-04-24T05:23:10,820  INFO [main] metadata.Hive: Dumping metastore api call timing information for : compilation phase
2024-04-24T05:23:10,821  INFO [main] metadata.Hive: Total time spent in each metastore function (ms): {isCompatibleWith_(Configuration)=0, commitTxn_(CommitTxnRequest)=9, getValidTxns_(long)=0, getTableColumnStatistics_(String, String, List, String)=9, getAllTableConstraints_(AllTableConstraintsRequest)=5, openTxn_(String, TxnType)=2, getValidWriteIds_(List, String)=6, getTable_(GetTableRequest)=7, flushCache_()=0}
2024-04-24T05:23:10,821  INFO [main] ql.Driver: Completed compiling command(queryId=alex_20240424052310_780e0584-fdc2-400b-abce-441541dee82f); Time taken: 0.174 seconds
2024-04-24T05:23:10,821  INFO [main] lockmgr.DbTxnManager: Setting lock request transaction to txnid:17 for queryId=alex_20240424052310_780e0584-fdc2-400b-abce-441541dee82f
2024-04-24T05:23:10,821  INFO [main] lockmgr.DbLockManager: Requesting lock for queryId=alex_20240424052310_780e0584-fdc2-400b-abce-441541dee82f
2024-04-24T05:23:10,834  INFO [main] lockmgr.DbLockManager: Response to queryId=alex_20240424052310_780e0584-fdc2-400b-abce-441541dee82f LockResponse(lockid:11, state:ACQUIRED)
2024-04-24T05:23:10,834  INFO [main] ql.Driver: Operation QUERY obtained 1 locks
2024-04-24T05:23:10,835  INFO [main] ql.Driver: Executing command(queryId=alex_20240424052310_780e0584-fdc2-400b-abce-441541dee82f): select a from T where b > 6 order by a
2024-04-24T05:23:10,835  WARN [main] ql.Driver: Hive-on-MR is deprecated in Hive 2 and may not be available in the future versions. Consider using a different execution engine (i.e. spark, tez) or using Hive 1.X releases.
Query ID = alex_20240424052310_780e0584-fdc2-400b-abce-441541dee82f
2024-04-24T05:23:10,835  INFO [main] ql.Driver: Query ID = alex_20240424052310_780e0584-fdc2-400b-abce-441541dee82f
Total jobs = 1
2024-04-24T05:23:10,835  INFO [main] ql.Driver: Total jobs = 1
Launching Job 1 out of 1
2024-04-24T05:23:10,835  INFO [main] ql.Driver: Launching Job 1 out of 1
2024-04-24T05:23:10,955  INFO [main] ql.Driver: Starting task [Stage-1:MAPRED] in serial mode
Number of reduce tasks determined at compile time: 1
2024-04-24T05:23:10,956  INFO [main] exec.Task: Number of reduce tasks determined at compile time: 1
In order to change the average load for a reducer (in bytes):
2024-04-24T05:23:10,956  INFO [main] exec.Task: In order to change the average load for a reducer (in bytes):
  set hive.exec.reducers.bytes.per.reducer=<number>
2024-04-24T05:23:10,956  INFO [main] exec.Task:   set hive.exec.reducers.bytes.per.reducer=<number>
In order to limit the maximum number of reducers:
2024-04-24T05:23:10,956  INFO [main] exec.Task: In order to limit the maximum number of reducers:
  set hive.exec.reducers.max=<number>
2024-04-24T05:23:10,956  INFO [main] exec.Task:   set hive.exec.reducers.max=<number>
In order to set a constant number of reducers:
2024-04-24T05:23:10,956  INFO [main] exec.Task: In order to set a constant number of reducers:
  set mapreduce.job.reduces=<number>
2024-04-24T05:23:10,956  INFO [main] exec.Task:   set mapreduce.job.reduces=<number>
2024-04-24T05:23:10,958  INFO [main] mr.ExecDriver: Using org.apache.hadoop.hive.ql.io.HiveInputFormat
2024-04-24T05:23:10,958  INFO [main] exec.Utilities: Processing alias t
2024-04-24T05:23:10,958  INFO [main] exec.Utilities: Adding 1 inputs; the first input is file:/home/alex/Repositories/hive/ql/target/tmp/org.apache.hadoop.hive.ql.TestTxnNoBuckets-1713961246971/warehouse/t
2024-04-24T05:23:10,967  INFO [main] exec.SerializationUtilities: Serializing MapWork using kryo
2024-04-24T05:23:10,973  INFO [main] exec.Utilities: Serialized plan (via FILE) - name: null size: 6,49KB
2024-04-24T05:23:10,978  INFO [main] exec.SerializationUtilities: Serializing ReduceWork using kryo
2024-04-24T05:23:10,982  INFO [main] exec.Utilities: Serialized plan (via FILE) - name: null size: 7,44KB
2024-04-24T05:23:10,983  WARN [main] impl.MetricsSystemImpl: JobTracker metrics system already initialized!
2024-04-24T05:23:10,989  WARN [main] impl.MetricsSystemImpl: JobTracker metrics system already initialized!
2024-04-24T05:23:10,995  WARN [main] mapreduce.JobResourceUploader: Hadoop command-line option parsing not performed. Implement the Tool interface and execute your application with ToolRunner to remedy this.
2024-04-24T05:23:11,000  WARN [main] mapreduce.JobResourceUploader: No job jar file set.  User classes may not be found. See Job or Job#setJar(String).
2024-04-24T05:23:11,001  INFO [main] io.HiveInputFormat: hive.io.file.readcolumn.ids = 0,1
2024-04-24T05:23:11,001  INFO [main] io.HiveInputFormat: hive.io.file.readcolumn.names = a,b
2024-04-24T05:23:11,001  INFO [main] io.HiveInputFormat: Generating splits for dirs: file:/home/alex/Repositories/hive/ql/target/tmp/org.apache.hadoop.hive.ql.TestTxnNoBuckets-1713961246971/warehouse/t
2024-04-24T05:23:11,001  INFO [main] orc.OrcInputFormat: getSplits started
2024-04-24T05:23:11,002  INFO [main] orc.OrcInputFormat: Context:: isAcid: true isVectorMode: true sarg: (not leaf-(LESS_THAN_EQUALS b 6)) minSplitSize: 1 maxSplitSize: 256000000 splitStrategy: HYBRID footerInSplits: false numBuckets: 0 numThreads: 10 cacheMemSize: 268435456 cacheStripeDetails: true useSoftReference: false writeIdList: default.t:10000000:9223372036854775807:: isTransactionalTable: true txnProperties: default 
2024-04-24T05:23:11,002  INFO [main] orc.OrcInputFormat: ORC pushdown predicate: (not leaf-(LESS_THAN_EQUALS b 6))
2024-04-24T05:23:11,006  INFO [main] orc.OrcInputFormat: FooterCacheHitRatio: 0/1
2024-04-24T05:23:11,006  INFO [main] orc.OrcInputFormat: getSplits finished (#splits: 1). duration: 5 ms
2024-04-24T05:23:11,006  INFO [main] io.HiveInputFormat: number of splits 1
2024-04-24T05:23:11,023  INFO [main] mapreduce.JobSubmitter: number of splits:1
2024-04-24T05:23:11,052  INFO [main] mapreduce.JobSubmitter: Submitting tokens for job: job_local196596186_0067
2024-04-24T05:23:11,052  INFO [main] mapreduce.JobSubmitter: Executing with tokens: []
2024-04-24T05:23:11,107  INFO [main] mapreduce.Job: The url to track the job: http://localhost:8080/
Job running in-process (local Hadoop)
2024-04-24T05:23:11,107  INFO [main] exec.Task: Job running in-process (local Hadoop)
2024-04-24T05:23:11,108  INFO [Thread-4379] mapred.LocalJobRunner: OutputCommitter set in config org.apache.hadoop.hive.ql.io.HiveFileFormatUtils$NullOutputCommitter
2024-04-24T05:23:11,108  INFO [Thread-4379] mapred.LocalJobRunner: OutputCommitter is org.apache.hadoop.hive.ql.io.HiveFileFormatUtils$NullOutputCommitter
2024-04-24T05:23:11,109  INFO [Thread-4379] mapred.LocalJobRunner: Waiting for map tasks
2024-04-24T05:23:11,109  INFO [LocalJobRunner Map Task Executor #0] mapred.LocalJobRunner: Starting task: attempt_local196596186_0067_m_000000_0
2024-04-24T05:23:11,110  INFO [LocalJobRunner Map Task Executor #0] mapred.Task:  Using ResourceCalculatorProcessTree : [ ]
2024-04-24T05:23:11,110  INFO [LocalJobRunner Map Task Executor #0] mapred.MapTask: Processing split: org.apache.hadoop.hive.ql.io.orc.OrcInputFormat:OrcSplit [file:/home/alex/Repositories/hive/ql/target/tmp/org.apache.hadoop.hive.ql.TestTxnNoBuckets-1713961246971/warehouse/t/000000_0, start=3, length=113, isOriginal=true, fileLength=259, hasFooter=false, hasBase=true, deltas=0]
2024-04-24T05:23:11,111  INFO [LocalJobRunner Map Task Executor #0] exec.SerializationUtilities: Deserializing MapWork using kryo
2024-04-24T05:23:11,116  INFO [LocalJobRunner Map Task Executor #0] exec.Utilities: Deserialized plan (via FILE) - name: null size: 6,49KB
2024-04-24T05:23:11,117  INFO [LocalJobRunner Map Task Executor #0] orc.OrcInputFormat: ORC pushdown predicate: (not leaf-(LESS_THAN_EQUALS b 6))
2024-04-24T05:23:11,117  INFO [LocalJobRunner Map Task Executor #0] orc.VectorizedOrcAcidRowBatchReader: Read ValidWriteIdList: default.t:10000000:9223372036854775807:::OrcSplit [file:/home/alex/Repositories/hive/ql/target/tmp/org.apache.hadoop.hive.ql.TestTxnNoBuckets-1713961246971/warehouse/t/000000_0, start=3, length=113, isOriginal=true, fileLength=259, hasFooter=false, hasBase=true, deltas=0]
2024-04-24T05:23:11,121  INFO [LocalJobRunner Map Task Executor #0] orc.ReaderImpl: Reading ORC rows from file:/home/alex/Repositories/hive/ql/target/tmp/org.apache.hadoop.hive.ql.TestTxnNoBuckets-1713961246971/warehouse/t/000000_0 with {include: [true, true, true], offset: 3, length: 113, sarg: (not leaf-(LESS_THAN_EQUALS b 6)), schema: struct<a:int,b:int>, includeAcidColumns: true}
2024-04-24T05:23:11,122  INFO [LocalJobRunner Map Task Executor #0] mapred.MapTask: numReduceTasks: 1
2024-04-24T05:23:11,127  INFO [LocalJobRunner Map Task Executor #0] mapred.MapTask: (EQUATOR) 0 kvi 26214396(104857584)
2024-04-24T05:23:11,127  INFO [LocalJobRunner Map Task Executor #0] mapred.MapTask: mapreduce.task.io.sort.mb: 100
2024-04-24T05:23:11,127  INFO [LocalJobRunner Map Task Executor #0] mapred.MapTask: soft limit at 83886080
2024-04-24T05:23:11,127  INFO [LocalJobRunner Map Task Executor #0] mapred.MapTask: bufstart = 0; bufvoid = 104857600
2024-04-24T05:23:11,127  INFO [LocalJobRunner Map Task Executor #0] mapred.MapTask: kvstart = 26214396; length = 6553600
2024-04-24T05:23:11,128  INFO [LocalJobRunner Map Task Executor #0] mapred.MapTask: Map output collector class = org.apache.hadoop.mapred.MapTask$MapOutputBuffer
2024-04-24T05:23:11,129  INFO [LocalJobRunner Map Task Executor #0] vector.VectorMapOperator: Initializing Operator: MAP[0]
2024-04-24T05:23:11,133  INFO [LocalJobRunner Map Task Executor #0] mr.ExecMapper: 
<MAP>Id =0
  <Children>null
  <\Children>
  <Parent><\Parent>
<\MAP>
2024-04-24T05:23:11,134  INFO [LocalJobRunner Map Task Executor #0] exec.TableScanOperator: Initializing Operator: TS[0]
2024-04-24T05:23:11,134  INFO [LocalJobRunner Map Task Executor #0] vector.VectorFilterOperator: Initializing Operator: FIL[7]
2024-04-24T05:23:11,134  INFO [LocalJobRunner Map Task Executor #0] vector.VectorSelectOperator: Initializing Operator: SEL[8]
2024-04-24T05:23:11,136  INFO [LocalJobRunner Map Task Executor #0] vector.VectorReduceSinkOperator: Initializing Operator: RS[9]
2024-04-24T05:23:11,136  INFO [LocalJobRunner Map Task Executor #0] vector.VectorReduceSinkOperator: Using tag = -1
2024-04-24T05:23:11,138  INFO [LocalJobRunner Map Task Executor #0] vector.VectorReduceSinkOperator: keys are [reducesinkkey0] num distributions: 1
2024-04-24T05:23:11,138  INFO [LocalJobRunner Map Task Executor #0] vector.VectorReduceSinkOperator: RS[9]: records written - 1
2024-04-24T05:23:11,138  INFO [LocalJobRunner Map Task Executor #0] vector.VectorMapOperator: Closing Operator: MAP[0]
2024-04-24T05:23:11,138  INFO [LocalJobRunner Map Task Executor #0] vector.VectorMapOperator: RECORDS_IN:5, RECORDS_OUT_OPERATOR_MAP_0:0, RECORDS_OUT_INTERMEDIATE:0, DESERIALIZE_ERRORS:0, 
2024-04-24T05:23:11,138  INFO [LocalJobRunner Map Task Executor #0] exec.TableScanOperator: Closing Operator: TS[0]
2024-04-24T05:23:11,138  INFO [LocalJobRunner Map Task Executor #0] exec.TableScanOperator: RECORDS_OUT_OPERATOR_TS_0:5, RECORDS_OUT_INTERMEDIATE:0, 
2024-04-24T05:23:11,138  INFO [LocalJobRunner Map Task Executor #0] vector.VectorFilterOperator: Closing Operator: FIL[7]
2024-04-24T05:23:11,138  INFO [LocalJobRunner Map Task Executor #0] vector.VectorFilterOperator: RECORDS_OUT_INTERMEDIATE:0, RECORDS_OUT_OPERATOR_FIL_7:2, 
2024-04-24T05:23:11,138  INFO [LocalJobRunner Map Task Executor #0] vector.VectorSelectOperator: Closing Operator: SEL[8]
2024-04-24T05:23:11,138  INFO [LocalJobRunner Map Task Executor #0] vector.VectorSelectOperator: RECORDS_OUT_INTERMEDIATE:0, RECORDS_OUT_OPERATOR_SEL_8:2, 
2024-04-24T05:23:11,138  INFO [LocalJobRunner Map Task Executor #0] vector.VectorReduceSinkOperator: Closing Operator: RS[9]
2024-04-24T05:23:11,138  INFO [LocalJobRunner Map Task Executor #0] vector.VectorReduceSinkOperator: RS[9]: Total records written - 2. abort - false
2024-04-24T05:23:11,138  INFO [LocalJobRunner Map Task Executor #0] vector.VectorReduceSinkOperator: RECORDS_OUT_INTERMEDIATE:2, RECORDS_OUT_OPERATOR_RS_9:2, 
2024-04-24T05:23:11,139  INFO [LocalJobRunner Map Task Executor #0] mapred.LocalJobRunner: 
2024-04-24T05:23:11,139  INFO [LocalJobRunner Map Task Executor #0] mapred.MapTask: Starting flush of map output
2024-04-24T05:23:11,139  INFO [LocalJobRunner Map Task Executor #0] mapred.MapTask: Spilling map output
2024-04-24T05:23:11,139  INFO [LocalJobRunner Map Task Executor #0] mapred.MapTask: bufstart = 0; bufend = 28; bufvoid = 104857600
2024-04-24T05:23:11,139  INFO [LocalJobRunner Map Task Executor #0] mapred.MapTask: kvstart = 26214396(104857584); kvend = 26214392(104857568); length = 5/6553600
2024-04-24T05:23:11,149  INFO [LocalJobRunner Map Task Executor #0] mapred.MapTask: Finished spill 0
2024-04-24T05:23:11,152  INFO [LocalJobRunner Map Task Executor #0] mapred.Task: Task:attempt_local196596186_0067_m_000000_0 is done. And is in the process of committing
2024-04-24T05:23:11,153  INFO [LocalJobRunner Map Task Executor #0] mapred.LocalJobRunner: OrcSplit [file:/home/alex/Repositories/hive/ql/target/tmp/org.apache.hadoop.hive.ql.TestTxnNoBuckets-1713961246971/warehouse/t/000000_0, start=3, length=113, isOriginal=true, fileLength=259, hasFooter=false, hasBase=true, deltas=0]
2024-04-24T05:23:11,153  INFO [LocalJobRunner Map Task Executor #0] mapred.Task: Task 'attempt_local196596186_0067_m_000000_0' done.
2024-04-24T05:23:11,153  INFO [LocalJobRunner Map Task Executor #0] mapred.Task: Final Counters for attempt_local196596186_0067_m_000000_0: Counters: 25
	File System Counters
		FILE: Number of bytes read=1511737
		FILE: Number of bytes written=78924999
		FILE: Number of read operations=0
		FILE: Number of large read operations=0
		FILE: Number of write operations=0
	Map-Reduce Framework
		Map input records=1
		Map output records=2
		Map output bytes=28
		Map output materialized bytes=38
		Input split bytes=471
		Combine input records=0
		Spilled Records=2
		Failed Shuffles=0
		Merged Map outputs=0
		GC time elapsed (ms)=0
		Total committed heap usage (bytes)=1247281152
	HIVE
		DESERIALIZE_ERRORS=0
		RECORDS_IN=5
		RECORDS_OUT_INTERMEDIATE=2
		RECORDS_OUT_OPERATOR_FIL_7=2
		RECORDS_OUT_OPERATOR_MAP_0=0
		RECORDS_OUT_OPERATOR_RS_9=2
		RECORDS_OUT_OPERATOR_SEL_8=2
		RECORDS_OUT_OPERATOR_TS_0=5
	File Input Format Counters 
		Bytes Read=7919
2024-04-24T05:23:11,153  INFO [LocalJobRunner Map Task Executor #0] mapred.LocalJobRunner: Finishing task: attempt_local196596186_0067_m_000000_0
2024-04-24T05:23:11,153  INFO [Thread-4379] mapred.LocalJobRunner: map task executor complete.
2024-04-24T05:23:11,154  INFO [Thread-4379] mapred.LocalJobRunner: Waiting for reduce tasks
2024-04-24T05:23:11,154  INFO [pool-280-thread-1] mapred.LocalJobRunner: Starting task: attempt_local196596186_0067_r_000000_0
2024-04-24T05:23:11,154  INFO [pool-280-thread-1] mapred.Task:  Using ResourceCalculatorProcessTree : [ ]
2024-04-24T05:23:11,154  INFO [pool-280-thread-1] mapred.ReduceTask: Using ShuffleConsumerPlugin: org.apache.hadoop.mapreduce.task.reduce.Shuffle@1e600dc3
2024-04-24T05:23:11,154  WARN [pool-280-thread-1] impl.MetricsSystemImpl: JobTracker metrics system already initialized!
2024-04-24T05:23:11,155  INFO [pool-280-thread-1] reduce.MergeManagerImpl: MergerManager: memoryLimit=1336252800, maxSingleShuffleLimit=334063200, mergeThreshold=881926912, ioSortFactor=10, memToMemMergeOutputsThreshold=10
2024-04-24T05:23:11,156  INFO [EventFetcher for fetching Map Completion Events] reduce.EventFetcher: attempt_local196596186_0067_r_000000_0 Thread started: EventFetcher for fetching Map Completion Events
2024-04-24T05:23:11,158  INFO [localfetcher#41] reduce.LocalFetcher: localfetcher#41 about to shuffle output of map attempt_local196596186_0067_m_000000_0 decomp: 34 len: 38 to MEMORY
2024-04-24T05:23:11,158  INFO [localfetcher#41] reduce.InMemoryMapOutput: Read 34 bytes from map-output for attempt_local196596186_0067_m_000000_0
2024-04-24T05:23:11,158  INFO [localfetcher#41] reduce.MergeManagerImpl: closeInMemoryFile -> map-output of size: 34, inMemoryMapOutputs.size() -> 1, commitMemory -> 0, usedMemory ->34
2024-04-24T05:23:11,159  INFO [EventFetcher for fetching Map Completion Events] reduce.EventFetcher: EventFetcher is interrupted.. Returning
2024-04-24T05:23:11,159  INFO [pool-280-thread-1] mapred.LocalJobRunner: 1 / 1 copied.
2024-04-24T05:23:11,159  INFO [pool-280-thread-1] reduce.MergeManagerImpl: finalMerge called with 1 in-memory map-outputs and 0 on-disk map-outputs
2024-04-24T05:23:11,166  INFO [pool-280-thread-1] mapred.Merger: Merging 1 sorted segments
2024-04-24T05:23:11,166  INFO [pool-280-thread-1] mapred.Merger: Down to the last merge-pass, with 1 segments left of total size: 22 bytes
2024-04-24T05:23:11,173  INFO [pool-280-thread-1] reduce.MergeManagerImpl: Merged 1 segments, 34 bytes to disk to satisfy reduce memory limit
2024-04-24T05:23:11,173  INFO [pool-280-thread-1] reduce.MergeManagerImpl: Merging 1 files, 38 bytes from disk
2024-04-24T05:23:11,173  INFO [pool-280-thread-1] reduce.MergeManagerImpl: Merging 0 segments, 0 bytes from memory into reduce
2024-04-24T05:23:11,173  INFO [pool-280-thread-1] mapred.Merger: Merging 1 sorted segments
2024-04-24T05:23:11,174  INFO [pool-280-thread-1] mapred.Merger: Down to the last merge-pass, with 1 segments left of total size: 22 bytes
2024-04-24T05:23:11,174  INFO [pool-280-thread-1] mapred.LocalJobRunner: 1 / 1 copied.
2024-04-24T05:23:11,175  INFO [pool-280-thread-1] exec.SerializationUtilities: Deserializing ReduceWork using kryo
2024-04-24T05:23:11,176  INFO [pool-280-thread-1] exec.Utilities: Deserialized plan (via FILE) - name: null size: 7,44KB
2024-04-24T05:23:11,178  INFO [pool-280-thread-1] ExecReducer: 
<SEL>Id =4
  <Children>
    <FS>Id =5
      <Children>
      <\Children>
      <Parent>Id = 4 null<\Parent>
    <\FS>
  <\Children>
  <Parent><\Parent>
<\SEL>
2024-04-24T05:23:11,178  INFO [pool-280-thread-1] exec.SelectOperator: Initializing Operator: SEL[4]
2024-04-24T05:23:11,179  INFO [pool-280-thread-1] exec.SelectOperator: SELECT struct<key:struct<reducesinkkey0:int>,value:struct<>>
2024-04-24T05:23:11,179  INFO [pool-280-thread-1] exec.FileSinkOperator: Initializing Operator: FS[5]
2024-04-24T05:23:11,179  INFO [pool-280-thread-1] exec.FileSinkOperator: Using serializer : class org.apache.hadoop.hive.serde2.lazy.LazySimpleSerDe [serdeParams=org.apache.hadoop.hive.serde2.lazy.LazySerDeParameters@29fa276f, cachedObjectInspector=org.apache.hadoop.hive.serde2.lazy.objectinspector.LazySimpleStructObjectInspector<org.apache.hadoop.hive.serde2.lazy.objectinspector.primitive.LazyIntObjectInspector@cbf9cc1>, serializedSize=0, stats=org.apache.hadoop.hive.serde2.SerDeStats@43603411, lastOperationSerialize=false, lastOperationDeserialize=false [1, 2, 3, 4, 5, 6, 7, 8, 11, 14, 15, 16, 17, 18, 19, 20, 21, 22, 23, 24, 25, 26, 28, 29, 30, 31, -128, -127, -126, -125, -124, -123, -122, -121, -120, -119, -118, -117, -116, -115, -114, -113, -112, -111, -110, -109, -108, -107, -106, -105, -104, -103, -102, -101, -100, -99, -98, -97, -96, -95, -94, -93, -92, -91, -90, -89, -88, -87, -86, -85, -84, -83, -82, -81, -80, -79, -78, -77, -76, -75, -74, -73, -72, -71, -70, -69, -68, -67, -66, -65, -64, -63, -62, -61, -60, -59, -58, -57, -56, -55, -54, -53, -52, -51, -50, -49, -48, -47, -46, -45, -44, -43, -42, -41, -40, -39, -38, -37, -36, -35, -34, -33, -32, -31, -30, -29, -28, -27, -26, -25, -24, -23, -22, -21, -20, -19, -18, -17, -16, -15, -14, -13, -12, -11, -10, -9, -8, -7, -6, -5, -4, -3, -2, -1] : [_col0] : [int]] and formatter : org.apache.hadoop.hive.ql.io.HiveSequenceFileOutputFormat@2cff9dc6
2024-04-24T05:23:11,180  INFO [pool-280-thread-1] exec.FileSinkOperator: Final Path: FS file:/home/alex/Repositories/hive/ql/target/tmp/localscratchdir/5db64f43-30d5-4285-98e3-ffcdca3a2f1d/hive_2024-04-24_05-23-10_646_7590414902325976639-1/-mr-10001/.hive-staging_hive_2024-04-24_05-23-10_646_7590414902325976639-1/_tmp.-ext-10002/000000_0
2024-04-24T05:23:11,180  INFO [pool-280-thread-1] exec.FileSinkOperator: Writing to temp file: FS file:/home/alex/Repositories/hive/ql/target/tmp/localscratchdir/5db64f43-30d5-4285-98e3-ffcdca3a2f1d/hive_2024-04-24_05-23-10_646_7590414902325976639-1/-mr-10001/.hive-staging_hive_2024-04-24_05-23-10_646_7590414902325976639-1/_task_tmp.-ext-10002/_tmp.000000_0
2024-04-24T05:23:11,180  INFO [pool-280-thread-1] exec.FileSinkOperator: New Final Path: FS file:/home/alex/Repositories/hive/ql/target/tmp/localscratchdir/5db64f43-30d5-4285-98e3-ffcdca3a2f1d/hive_2024-04-24_05-23-10_646_7590414902325976639-1/-mr-10001/.hive-staging_hive_2024-04-24_05-23-10_646_7590414902325976639-1/_tmp.-ext-10002/000000_0
2024-04-24T05:23:11,199  INFO [pool-280-thread-1] exec.FileSinkOperator: FS[5]: records written - 1
2024-04-24T05:23:11,199  INFO [pool-280-thread-1] exec.SelectOperator: Closing Operator: SEL[4]
2024-04-24T05:23:11,199  INFO [pool-280-thread-1] exec.SelectOperator: RECORDS_OUT_OPERATOR_SEL_4:2, RECORDS_OUT_INTERMEDIATE:0, 
2024-04-24T05:23:11,199  INFO [pool-280-thread-1] exec.FileSinkOperator: Closing Operator: FS[5]
2024-04-24T05:23:11,199  INFO [pool-280-thread-1] exec.FileSinkOperator: FS[5]: records written - 2
2024-04-24T05:23:11,200  INFO [pool-280-thread-1] exec.FileSinkOperator: RECORDS_OUT_INTERMEDIATE:0, RECORDS_OUT_OPERATOR_FS_5:2, RECORDS_OUT_0:2, 
2024-04-24T05:23:11,201  INFO [pool-280-thread-1] mapred.Task: Task:attempt_local196596186_0067_r_000000_0 is done. And is in the process of committing
2024-04-24T05:23:11,202  INFO [pool-280-thread-1] mapred.LocalJobRunner: reduce > reduce
2024-04-24T05:23:11,202  INFO [pool-280-thread-1] mapred.Task: Task 'attempt_local196596186_0067_r_000000_0' done.
2024-04-24T05:23:11,202  INFO [pool-280-thread-1] mapred.Task: Final Counters for attempt_local196596186_0067_r_000000_0: Counters: 29
	File System Counters
		FILE: Number of bytes read=1519355
		FILE: Number of bytes written=78925164
		FILE: Number of read operations=0
		FILE: Number of large read operations=0
		FILE: Number of write operations=0
	Map-Reduce Framework
		Combine input records=0
		Combine output records=0
		Reduce input groups=2
		Reduce shuffle bytes=38
		Reduce input records=2
		Reduce output records=0
		Spilled Records=2
		Shuffled Maps =1
		Failed Shuffles=0
		Merged Map outputs=1
		GC time elapsed (ms)=0
		Total committed heap usage (bytes)=1247281152
	HIVE
		CREATED_FILES=1
		RECORDS_OUT_0=2
		RECORDS_OUT_INTERMEDIATE=0
		RECORDS_OUT_OPERATOR_FS_5=2
		RECORDS_OUT_OPERATOR_SEL_4=2
	Shuffle Errors
		BAD_ID=0
		CONNECTION=0
		IO_ERROR=0
		WRONG_LENGTH=0
		WRONG_MAP=0
		WRONG_REDUCE=0
	File Output Format Counters 
		Bytes Written=0
2024-04-24T05:23:11,202  INFO [pool-280-thread-1] mapred.LocalJobRunner: Finishing task: attempt_local196596186_0067_r_000000_0
2024-04-24T05:23:11,202  INFO [Thread-4379] mapred.LocalJobRunner: reduce task executor complete.
2024-04-24 05:23:12,110 Stage-1 map = 100%,  reduce = 100%
2024-04-24T05:23:12,110  INFO [main] exec.Task: 2024-04-24 05:23:12,110 Stage-1 map = 100%,  reduce = 100%
Ended Job = job_local196596186_0067
2024-04-24T05:23:12,111  INFO [main] exec.Task: Ended Job = job_local196596186_0067
2024-04-24T05:23:12,116  INFO [main] metadata.Hive: Dumping metastore api call timing information for : execution phase
2024-04-24T05:23:12,116  INFO [main] metadata.Hive: Total time spent in each metastore function (ms): {}
MapReduce Jobs Launched: 
2024-04-24T05:23:12,117  INFO [main] ql.Driver: MapReduce Jobs Launched: 
Stage-Stage-1:  HDFS Read: 0 HDFS Write: 0 SUCCESS
2024-04-24T05:23:12,117  INFO [main] ql.Driver: Stage-Stage-1:  HDFS Read: 0 HDFS Write: 0 SUCCESS
Total MapReduce CPU Time Spent: 0 msec
2024-04-24T05:23:12,117  INFO [main] ql.Driver: Total MapReduce CPU Time Spent: 0 msec
2024-04-24T05:23:12,117  INFO [main] ql.Driver: Completed executing command(queryId=alex_20240424052310_780e0584-fdc2-400b-abce-441541dee82f); Time taken: 1.281 seconds
2024-04-24T05:23:12,117  INFO [main] lockmgr.DbTxnManager: Stopped heartbeat for query: alex_20240424052310_780e0584-fdc2-400b-abce-441541dee82f
2024-04-24T05:23:12,121  INFO [main] txn.TxnHandler: Expected to move at least one record from txn_components to completed_txn_components when committing txn! txnid:17
2024-04-24T05:23:12,126  INFO [main] txn.TxnHandler: Removed transactions: ([17]) from MIN_HISTORY_LEVEL
2024-04-24T05:23:12,126  WARN [main] txn.CompactionTxnHandler: No compaction queue record found for Compaction type transaction commit. txnId:17
2024-04-24T05:23:12,130  INFO [main] mapred.FileInputFormat: Total input files to process : 1
2024-04-24T05:23:12,130  INFO [main] exec.ListSinkOperator: Closing Operator: LIST_SINK[10]
2024-04-24T05:23:12,130  INFO [main] exec.ListSinkOperator: RECORDS_OUT_OPERATOR_LIST_SINK_10:2, RECORDS_OUT_INTERMEDIATE:0, 
2024-04-24T05:23:12,130  WARN [main] ql.TestTxnNoBuckets: null: read data(After conversion): 
2024-04-24T05:23:12,130  INFO [main] ql.TestTxnNoBuckets: 6
9

2024-04-24T05:23:12,130  INFO [main] ql.TxnCommandsBaseForTests: Running the query: EXPLAIN VECTORIZATION DETAIL select a from T where b > 6 order by a
2024-04-24T05:23:12,131  INFO [main] ql.Context: Deleting scratch dir: file:/home/alex/Repositories/hive/ql/target/tmp/localscratchdir/5db64f43-30d5-4285-98e3-ffcdca3a2f1d/hive_2024-04-24_05-23-10_646_7590414902325976639-1
2024-04-24T05:23:12,131  INFO [main] cleanup.SyncCleanupService: Deleted directory: file:/home/alex/Repositories/hive/ql/target/tmp/localscratchdir/5db64f43-30d5-4285-98e3-ffcdca3a2f1d/hive_2024-04-24_05-23-10_646_7590414902325976639-1 on fs with scheme file
2024-04-24T05:23:12,131  INFO [main] ql.Driver: Compiling command(queryId=alex_20240424052312_bbf671af-d54c-495b-a89f-52fc4afe5ffa): EXPLAIN VECTORIZATION DETAIL select a from T where b > 6 order by a
2024-04-24T05:23:12,134  INFO [main] txn.TxnHandler: Added entries to MIN_HISTORY_LEVEL for current txns: ([18]) with min_open_txn: 18
2024-04-24T05:23:12,134  INFO [main] lockmgr.DbTxnManager: Opened txnid:18
2024-04-24T05:23:12,134  INFO [main] parse.CalcitePlanner: Starting Semantic Analysis
2024-04-24T05:23:12,136  INFO [main] parse.CalcitePlanner: Completed phase 1 of Semantic Analysis
2024-04-24T05:23:12,137  INFO [main] parse.CalcitePlanner: Get metadata for source tables
2024-04-24T05:23:12,137  INFO [main] HiveMetaStore.audit: ugi=alex	ip=unknown-ip-addr	cmd=get_table : tbl=hive.default.t	
2024-04-24T05:23:12,143  INFO [main] metastore.HMSHandler: Skipping translation for processor with null
2024-04-24T05:23:12,144  INFO [main] parse.CalcitePlanner: Get metadata for subqueries
2024-04-24T05:23:12,144  INFO [main] parse.CalcitePlanner: Get metadata for destination tables
2024-04-24T05:23:12,144  INFO [main] parse.CalcitePlanner: Completed getting MetaData in Semantic Analysis
2024-04-24T05:23:12,155  INFO [main] HiveMetaStore.audit: ugi=alex	ip=unknown-ip-addr	cmd=get_all_table_constraints : tbl=hive.default.t	
2024-04-24T05:23:12,190  INFO [main] calcite.RelOptHiveTable: Calculating column statistics for default.t, projIndxSet: [0, 1], allowMissingStats: true
2024-04-24T05:23:12,190  INFO [main] HiveMetaStore.audit: ugi=alex	ip=unknown-ip-addr	cmd=get_table_statistics_req: table=hive.default.t	
2024-04-24T05:23:12,197  WARN [main] calcite.RelOptHiveTable: No Stats for default@t, Columns: a, b
No Stats for default@t, Columns: a, b
2024-04-24T05:23:12,197  INFO [main] SessionState: No Stats for default@t, Columns: a, b
2024-04-24T05:23:12,256  INFO [main] parse.CalcitePlanner: Get metadata for source tables
2024-04-24T05:23:12,256  INFO [main] parse.CalcitePlanner: Get metadata for subqueries
2024-04-24T05:23:12,256  INFO [main] parse.CalcitePlanner: Get metadata for destination tables
2024-04-24T05:23:12,258  INFO [main] parse.CalcitePlanner: CBO Succeeded; optimized logical plan.
2024-04-24T05:23:12,261  INFO [main] optimizer.ColumnPrunerProcFactory: RS 3 oldColExprMap: {KEY.reducesinkkey0=Column[_col0]}
2024-04-24T05:23:12,261  INFO [main] optimizer.ColumnPrunerProcFactory: RS 3 newColExprMap: {KEY.reducesinkkey0=Column[_col0]}
2024-04-24T05:23:12,262  INFO [main] optimizer.BucketVersionPopulator: not considering bucketingVersion for: TS[0] because it has -1<2 buckets 
2024-04-24T05:23:12,278  INFO [main] optimizer.SortedDynPartitionOptimizer: Sorted dynamic partitioning optimization kicked in..
2024-04-24T05:23:12,287  INFO [main] physical.Vectorizer: Examining input format to see if vectorization is enabled.
2024-04-24T05:23:12,287  INFO [main] physical.Vectorizer: Vectorization is enabled for input format(s) [org.apache.hadoop.hive.ql.io.orc.OrcInputFormat]
2024-04-24T05:23:12,288  INFO [main] physical.Vectorizer: Validating and vectorizing MapWork... (vectorizedVertexNum 0)
2024-04-24T05:23:12,289  INFO [main] physical.Vectorizer: Map vectorization enabled: true
2024-04-24T05:23:12,289  INFO [main] physical.Vectorizer: Map vectorized: true
2024-04-24T05:23:12,289  INFO [main] physical.Vectorizer: Map vectorizedVertexNum: 0
2024-04-24T05:23:12,289  INFO [main] physical.Vectorizer: Map enabledConditionsMet: [hive.vectorized.use.vectorized.input.format IS true]
2024-04-24T05:23:12,289  INFO [main] physical.Vectorizer: Map inputFileFormatClassNameSet: [org.apache.hadoop.hive.ql.io.orc.OrcInputFormat]
2024-04-24T05:23:12,289  INFO [main] physical.Vectorizer: Reduce vectorization enabled: false
2024-04-24T05:23:12,289  INFO [main] physical.Vectorizer: Reduce vectorized: false
2024-04-24T05:23:12,289  INFO [main] physical.Vectorizer: Reduce vectorizedVertexNum: 1
2024-04-24T05:23:12,289  INFO [main] physical.Vectorizer: Reducer hive.vectorized.execution.reduce.enabled: true
2024-04-24T05:23:12,289  INFO [main] physical.Vectorizer: Reducer engine: mr
2024-04-24T05:23:12,289  INFO [main] parse.CalcitePlanner: Completed plan generation
2024-04-24T05:23:12,291  INFO [main] ql.Driver: Semantic Analysis Completed (retrial = false)
2024-04-24T05:23:12,291  INFO [main] ql.Driver: Created Hive schema: Schema(fieldSchemas:[FieldSchema(name:Explain, type:string, comment:null)], properties:null)
2024-04-24T05:23:12,292  INFO [main] metadata.Hive: Dumping metastore api call timing information for : compilation phase
2024-04-24T05:23:12,292  INFO [main] metadata.Hive: Total time spent in each metastore function (ms): {commitTxn_(CommitTxnRequest)=9, openTxn_(String, TxnType)=2, getAllTableConstraints_(AllTableConstraintsRequest)=6, flushCache_()=0, getValidWriteIds_(List, String)=3, getValidTxns_(long)=0, isCompatibleWith_(Configuration)=0, getTableColumnStatistics_(String, String, List, String)=7, getTable_(GetTableRequest)=7}
2024-04-24T05:23:12,292  INFO [main] ql.Driver: Completed compiling command(queryId=alex_20240424052312_bbf671af-d54c-495b-a89f-52fc4afe5ffa); Time taken: 0.161 seconds
2024-04-24T05:23:12,292  INFO [main] ql.Driver: Executing command(queryId=alex_20240424052312_bbf671af-d54c-495b-a89f-52fc4afe5ffa): EXPLAIN VECTORIZATION DETAIL select a from T where b > 6 order by a
2024-04-24T05:23:12,292  INFO [main] ql.Driver: Starting task [Stage-2:EXPLAIN] in serial mode
2024-04-24T05:23:12,322  INFO [main] metadata.Hive: Dumping metastore api call timing information for : execution phase
2024-04-24T05:23:12,322  INFO [main] metadata.Hive: Total time spent in each metastore function (ms): {}
2024-04-24T05:23:12,322  INFO [main] ql.Driver: Completed executing command(queryId=alex_20240424052312_bbf671af-d54c-495b-a89f-52fc4afe5ffa); Time taken: 0.03 seconds
2024-04-24T05:23:12,322  INFO [main] lockmgr.DbTxnManager: Stopped heartbeat for query: null
2024-04-24T05:23:12,327  INFO [main] txn.TxnHandler: Expected to move at least one record from txn_components to completed_txn_components when committing txn! txnid:18
2024-04-24T05:23:12,332  INFO [main] txn.TxnHandler: Removed transactions: ([18]) from MIN_HISTORY_LEVEL
2024-04-24T05:23:12,332  WARN [main] txn.CompactionTxnHandler: No compaction queue record found for Compaction type transaction commit. txnId:18
2024-04-24T05:23:12,333  INFO [main] ql.TxnCommandsBaseForTests: Running the query: select ROW__ID, a from T where b > 6 order by a
2024-04-24T05:23:12,334  INFO [main] ql.Context: Deleting scratch dir: file:/home/alex/Repositories/hive/ql/target/tmp/localscratchdir/5db64f43-30d5-4285-98e3-ffcdca3a2f1d/hive_2024-04-24_05-23-12_131_6990240448364415296-1
2024-04-24T05:23:12,334  INFO [main] cleanup.SyncCleanupService: Deleted directory: file:/home/alex/Repositories/hive/ql/target/tmp/localscratchdir/5db64f43-30d5-4285-98e3-ffcdca3a2f1d/hive_2024-04-24_05-23-12_131_6990240448364415296-1 on fs with scheme file
2024-04-24T05:23:12,334  INFO [main] ql.Driver: Compiling command(queryId=alex_20240424052312_93a0b348-2a1d-4abd-a2ee-d9a4c553f810): select ROW__ID, a from T where b > 6 order by a
2024-04-24T05:23:12,337  INFO [main] txn.TxnHandler: Added entries to MIN_HISTORY_LEVEL for current txns: ([19]) with min_open_txn: 18
2024-04-24T05:23:12,337  INFO [main] lockmgr.DbTxnManager: Opened txnid:19
2024-04-24T05:23:12,337  INFO [main] parse.CalcitePlanner: Starting caching scope for: 
2024-04-24T05:23:12,337  INFO [main] parse.CalcitePlanner: Starting Semantic Analysis
2024-04-24T05:23:12,340  INFO [main] parse.CalcitePlanner: Completed phase 1 of Semantic Analysis
2024-04-24T05:23:12,340  INFO [main] parse.CalcitePlanner: Get metadata for source tables
2024-04-24T05:23:12,340  INFO [main] HiveMetaStore.audit: ugi=alex	ip=unknown-ip-addr	cmd=get_table : tbl=hive.default.t	
2024-04-24T05:23:12,346  INFO [main] metastore.HMSHandler: Skipping translation for processor with null
2024-04-24T05:23:12,346  INFO [main] parse.CalcitePlanner: Get metadata for subqueries
2024-04-24T05:23:12,346  INFO [main] parse.CalcitePlanner: Get metadata for destination tables
2024-04-24T05:23:12,346  INFO [main] parse.CalcitePlanner: Completed getting MetaData in Semantic Analysis
2024-04-24T05:23:12,358  INFO [main] HiveMetaStore.audit: ugi=alex	ip=unknown-ip-addr	cmd=get_all_table_constraints : tbl=hive.default.t	
2024-04-24T05:23:12,400  INFO [main] calcite.RelOptHiveTable: Calculating column statistics for default.t, projIndxSet: [0, 1], allowMissingStats: true
2024-04-24T05:23:12,401  INFO [main] HiveMetaStore.audit: ugi=alex	ip=unknown-ip-addr	cmd=get_table_statistics_req: table=hive.default.t	
2024-04-24T05:23:12,409  WARN [main] calcite.RelOptHiveTable: No Stats for default@t, Columns: b, a
No Stats for default@t, Columns: b, a
2024-04-24T05:23:12,409  INFO [main] SessionState: No Stats for default@t, Columns: b, a
2024-04-24T05:23:12,488  INFO [main] parse.CalcitePlanner: Get metadata for source tables
2024-04-24T05:23:12,488  INFO [main] parse.CalcitePlanner: Get metadata for subqueries
2024-04-24T05:23:12,488  INFO [main] parse.CalcitePlanner: Get metadata for destination tables
2024-04-24T05:23:12,489  INFO [main] common.FileUtils: Creating directory if it doesn't exist: file:/home/alex/Repositories/hive/ql/target/tmp/localscratchdir/5db64f43-30d5-4285-98e3-ffcdca3a2f1d/hive_2024-04-24_05-23-12_334_2634224375454310400-1/-mr-10001/.hive-staging_hive_2024-04-24_05-23-12_334_2634224375454310400-1
2024-04-24T05:23:12,497  INFO [main] parse.CalcitePlanner: CBO Succeeded; optimized logical plan.
2024-04-24T05:23:12,500  INFO [main] optimizer.ColumnPrunerProcFactory: RS 3 oldColExprMap: {VALUE._col0=Column[_col0], KEY.reducesinkkey0=Column[_col1]}
2024-04-24T05:23:12,500  INFO [main] optimizer.ColumnPrunerProcFactory: RS 3 newColExprMap: {KEY.reducesinkkey0=Column[_col1], VALUE._col0=Column[_col0]}
2024-04-24T05:23:12,500  INFO [main] optimizer.BucketVersionPopulator: not considering bucketingVersion for: TS[0] because it has -1<2 buckets 
2024-04-24T05:23:12,501  INFO [main] optimizer.SortedDynPartitionOptimizer: Sorted dynamic partitioning optimization kicked in..
2024-04-24T05:23:12,510  INFO [main] physical.Vectorizer: Examining input format to see if vectorization is enabled.
2024-04-24T05:23:12,511  INFO [main] physical.Vectorizer: Vectorization is enabled for input format(s) [org.apache.hadoop.hive.ql.io.orc.OrcInputFormat]
2024-04-24T05:23:12,511  INFO [main] physical.Vectorizer: Validating and vectorizing MapWork... (vectorizedVertexNum 0)
2024-04-24T05:23:12,513  INFO [main] physical.Vectorizer: Map vectorization enabled: true
2024-04-24T05:23:12,513  INFO [main] physical.Vectorizer: Map vectorized: true
2024-04-24T05:23:12,513  INFO [main] physical.Vectorizer: Map vectorizedVertexNum: 0
2024-04-24T05:23:12,513  INFO [main] physical.Vectorizer: Map enabledConditionsMet: [hive.vectorized.use.vectorized.input.format IS true]
2024-04-24T05:23:12,513  INFO [main] physical.Vectorizer: Map inputFileFormatClassNameSet: [org.apache.hadoop.hive.ql.io.orc.OrcInputFormat]
2024-04-24T05:23:12,513  INFO [main] physical.Vectorizer: Reduce vectorization enabled: false
2024-04-24T05:23:12,513  INFO [main] physical.Vectorizer: Reduce vectorized: false
2024-04-24T05:23:12,513  INFO [main] physical.Vectorizer: Reduce vectorizedVertexNum: 1
2024-04-24T05:23:12,513  INFO [main] physical.Vectorizer: Reducer hive.vectorized.execution.reduce.enabled: true
2024-04-24T05:23:12,513  INFO [main] physical.Vectorizer: Reducer engine: mr
2024-04-24T05:23:12,513  INFO [main] parse.CalcitePlanner: Completed plan generation
2024-04-24T05:23:12,513  INFO [main] parse.CalcitePlanner: Ending caching scope for: 
2024-04-24T05:23:12,513  INFO [main] ql.Driver: Semantic Analysis Completed (retrial = false)
2024-04-24T05:23:12,513  INFO [main] ql.Driver: Created Hive schema: Schema(fieldSchemas:[FieldSchema(name:row__id, type:struct<writeid:bigint,bucketid:int,rowid:bigint>, comment:null), FieldSchema(name:a, type:int, comment:null)], properties:null)
2024-04-24T05:23:12,514  INFO [main] exec.ListSinkOperator: Initializing Operator: LIST_SINK[10]
2024-04-24T05:23:12,514  INFO [main] metadata.Hive: Dumping metastore api call timing information for : compilation phase
2024-04-24T05:23:12,514  INFO [main] metadata.Hive: Total time spent in each metastore function (ms): {getTable_(GetTableRequest)=6, getValidWriteIds_(List, String)=4, getValidTxns_(long)=0, getTableColumnStatistics_(String, String, List, String)=8, openTxn_(String, TxnType)=2, getAllTableConstraints_(AllTableConstraintsRequest)=4, commitTxn_(CommitTxnRequest)=10, flushCache_()=0, isCompatibleWith_(Configuration)=0}
2024-04-24T05:23:12,514  INFO [main] ql.Driver: Completed compiling command(queryId=alex_20240424052312_93a0b348-2a1d-4abd-a2ee-d9a4c553f810); Time taken: 0.18 seconds
2024-04-24T05:23:12,515  INFO [main] lockmgr.DbTxnManager: Setting lock request transaction to txnid:19 for queryId=alex_20240424052312_93a0b348-2a1d-4abd-a2ee-d9a4c553f810
2024-04-24T05:23:12,515  INFO [main] lockmgr.DbLockManager: Requesting lock for queryId=alex_20240424052312_93a0b348-2a1d-4abd-a2ee-d9a4c553f810
2024-04-24T05:23:12,530  INFO [main] lockmgr.DbLockManager: Response to queryId=alex_20240424052312_93a0b348-2a1d-4abd-a2ee-d9a4c553f810 LockResponse(lockid:12, state:ACQUIRED)
2024-04-24T05:23:12,530  INFO [main] ql.Driver: Operation QUERY obtained 1 locks
2024-04-24T05:23:12,531  INFO [main] ql.Driver: Executing command(queryId=alex_20240424052312_93a0b348-2a1d-4abd-a2ee-d9a4c553f810): select ROW__ID, a from T where b > 6 order by a
2024-04-24T05:23:12,531  WARN [main] ql.Driver: Hive-on-MR is deprecated in Hive 2 and may not be available in the future versions. Consider using a different execution engine (i.e. spark, tez) or using Hive 1.X releases.
Query ID = alex_20240424052312_93a0b348-2a1d-4abd-a2ee-d9a4c553f810
2024-04-24T05:23:12,531  INFO [main] ql.Driver: Query ID = alex_20240424052312_93a0b348-2a1d-4abd-a2ee-d9a4c553f810
Total jobs = 1
2024-04-24T05:23:12,531  INFO [main] ql.Driver: Total jobs = 1
Launching Job 1 out of 1
2024-04-24T05:23:12,531  INFO [main] ql.Driver: Launching Job 1 out of 1
2024-04-24T05:23:12,658  INFO [main] ql.Driver: Starting task [Stage-1:MAPRED] in serial mode
Number of reduce tasks determined at compile time: 1
2024-04-24T05:23:12,658  INFO [main] exec.Task: Number of reduce tasks determined at compile time: 1
In order to change the average load for a reducer (in bytes):
2024-04-24T05:23:12,658  INFO [main] exec.Task: In order to change the average load for a reducer (in bytes):
  set hive.exec.reducers.bytes.per.reducer=<number>
2024-04-24T05:23:12,658  INFO [main] exec.Task:   set hive.exec.reducers.bytes.per.reducer=<number>
In order to limit the maximum number of reducers:
2024-04-24T05:23:12,658  INFO [main] exec.Task: In order to limit the maximum number of reducers:
  set hive.exec.reducers.max=<number>
2024-04-24T05:23:12,658  INFO [main] exec.Task:   set hive.exec.reducers.max=<number>
In order to set a constant number of reducers:
2024-04-24T05:23:12,659  INFO [main] exec.Task: In order to set a constant number of reducers:
  set mapreduce.job.reduces=<number>
2024-04-24T05:23:12,659  INFO [main] exec.Task:   set mapreduce.job.reduces=<number>
2024-04-24T05:23:12,661  INFO [main] mr.ExecDriver: Using org.apache.hadoop.hive.ql.io.HiveInputFormat
2024-04-24T05:23:12,661  INFO [main] exec.Utilities: Processing alias t
2024-04-24T05:23:12,661  INFO [main] exec.Utilities: Adding 1 inputs; the first input is file:/home/alex/Repositories/hive/ql/target/tmp/org.apache.hadoop.hive.ql.TestTxnNoBuckets-1713961246971/warehouse/t
2024-04-24T05:23:12,671  INFO [main] exec.SerializationUtilities: Serializing MapWork using kryo
2024-04-24T05:23:12,672  INFO [main] exec.Utilities: Serialized plan (via FILE) - name: null size: 6,73KB
2024-04-24T05:23:12,677  INFO [main] exec.SerializationUtilities: Serializing ReduceWork using kryo
2024-04-24T05:23:12,678  INFO [main] exec.Utilities: Serialized plan (via FILE) - name: null size: 7,73KB
2024-04-24T05:23:12,679  WARN [main] impl.MetricsSystemImpl: JobTracker metrics system already initialized!
2024-04-24T05:23:12,685  WARN [main] impl.MetricsSystemImpl: JobTracker metrics system already initialized!
2024-04-24T05:23:12,692  WARN [main] mapreduce.JobResourceUploader: Hadoop command-line option parsing not performed. Implement the Tool interface and execute your application with ToolRunner to remedy this.
2024-04-24T05:23:12,696  WARN [main] mapreduce.JobResourceUploader: No job jar file set.  User classes may not be found. See Job or Job#setJar(String).
2024-04-24T05:23:12,698  INFO [main] io.HiveInputFormat: hive.io.file.readcolumn.ids = 0,1
2024-04-24T05:23:12,698  INFO [main] io.HiveInputFormat: hive.io.file.readcolumn.names = a,b
2024-04-24T05:23:12,698  INFO [main] io.HiveInputFormat: Generating splits for dirs: file:/home/alex/Repositories/hive/ql/target/tmp/org.apache.hadoop.hive.ql.TestTxnNoBuckets-1713961246971/warehouse/t
2024-04-24T05:23:12,698  INFO [main] orc.OrcInputFormat: getSplits started
2024-04-24T05:23:12,699  INFO [main] orc.OrcInputFormat: Context:: isAcid: true isVectorMode: true sarg: (not leaf-(LESS_THAN_EQUALS b 6)) minSplitSize: 1 maxSplitSize: 256000000 splitStrategy: HYBRID footerInSplits: false numBuckets: 0 numThreads: 10 cacheMemSize: 268435456 cacheStripeDetails: true useSoftReference: false writeIdList: default.t:10000000:9223372036854775807:: isTransactionalTable: true txnProperties: default 
2024-04-24T05:23:12,699  INFO [main] orc.OrcInputFormat: ORC pushdown predicate: (not leaf-(LESS_THAN_EQUALS b 6))
2024-04-24T05:23:12,706  INFO [main] orc.OrcInputFormat: FooterCacheHitRatio: 1/1
2024-04-24T05:23:12,706  INFO [main] orc.OrcInputFormat: getSplits finished (#splits: 1). duration: 8 ms
2024-04-24T05:23:12,706  INFO [main] io.HiveInputFormat: number of splits 1
2024-04-24T05:23:12,725  INFO [main] mapreduce.JobSubmitter: number of splits:1
2024-04-24T05:23:12,749  INFO [main] mapreduce.JobSubmitter: Submitting tokens for job: job_local548338393_0068
2024-04-24T05:23:12,749  INFO [main] mapreduce.JobSubmitter: Executing with tokens: []
2024-04-24T05:23:12,818  INFO [main] mapreduce.Job: The url to track the job: http://localhost:8080/
Job running in-process (local Hadoop)
2024-04-24T05:23:12,818  INFO [main] exec.Task: Job running in-process (local Hadoop)
2024-04-24T05:23:12,818  INFO [Thread-4433] mapred.LocalJobRunner: OutputCommitter set in config org.apache.hadoop.hive.ql.io.HiveFileFormatUtils$NullOutputCommitter
2024-04-24T05:23:12,818  INFO [Thread-4433] mapred.LocalJobRunner: OutputCommitter is org.apache.hadoop.hive.ql.io.HiveFileFormatUtils$NullOutputCommitter
2024-04-24T05:23:12,820  INFO [Thread-4433] mapred.LocalJobRunner: Waiting for map tasks
2024-04-24T05:23:12,820  INFO [LocalJobRunner Map Task Executor #0] mapred.LocalJobRunner: Starting task: attempt_local548338393_0068_m_000000_0
2024-04-24T05:23:12,820  INFO [LocalJobRunner Map Task Executor #0] mapred.Task:  Using ResourceCalculatorProcessTree : [ ]
2024-04-24T05:23:12,821  INFO [LocalJobRunner Map Task Executor #0] mapred.MapTask: Processing split: org.apache.hadoop.hive.ql.io.orc.OrcInputFormat:OrcSplit [file:/home/alex/Repositories/hive/ql/target/tmp/org.apache.hadoop.hive.ql.TestTxnNoBuckets-1713961246971/warehouse/t/000000_0, start=3, length=113, isOriginal=true, fileLength=259, hasFooter=false, hasBase=true, deltas=0]
2024-04-24T05:23:12,821  INFO [LocalJobRunner Map Task Executor #0] exec.SerializationUtilities: Deserializing MapWork using kryo
2024-04-24T05:23:12,823  INFO [LocalJobRunner Map Task Executor #0] exec.Utilities: Deserialized plan (via FILE) - name: null size: 6,73KB
2024-04-24T05:23:12,823  INFO [LocalJobRunner Map Task Executor #0] orc.OrcInputFormat: ORC pushdown predicate: (not leaf-(LESS_THAN_EQUALS b 6))
2024-04-24T05:23:12,823  INFO [LocalJobRunner Map Task Executor #0] orc.VectorizedOrcAcidRowBatchReader: Read ValidWriteIdList: default.t:10000000:9223372036854775807:::OrcSplit [file:/home/alex/Repositories/hive/ql/target/tmp/org.apache.hadoop.hive.ql.TestTxnNoBuckets-1713961246971/warehouse/t/000000_0, start=3, length=113, isOriginal=true, fileLength=259, hasFooter=false, hasBase=true, deltas=0]
2024-04-24T05:23:12,824  INFO [LocalJobRunner Map Task Executor #0] orc.ReaderImpl: Reading ORC rows from file:/home/alex/Repositories/hive/ql/target/tmp/org.apache.hadoop.hive.ql.TestTxnNoBuckets-1713961246971/warehouse/t/000000_0 with {include: [true, true, true], offset: 3, length: 113, sarg: (not leaf-(LESS_THAN_EQUALS b 6)), schema: struct<a:int,b:int>, includeAcidColumns: true}
2024-04-24T05:23:12,825  INFO [LocalJobRunner Map Task Executor #0] mapred.MapTask: numReduceTasks: 1
2024-04-24T05:23:12,830  INFO [LocalJobRunner Map Task Executor #0] mapred.MapTask: (EQUATOR) 0 kvi 26214396(104857584)
2024-04-24T05:23:12,830  INFO [LocalJobRunner Map Task Executor #0] mapred.MapTask: mapreduce.task.io.sort.mb: 100
2024-04-24T05:23:12,830  INFO [LocalJobRunner Map Task Executor #0] mapred.MapTask: soft limit at 83886080
2024-04-24T05:23:12,830  INFO [LocalJobRunner Map Task Executor #0] mapred.MapTask: bufstart = 0; bufvoid = 104857600
2024-04-24T05:23:12,830  INFO [LocalJobRunner Map Task Executor #0] mapred.MapTask: kvstart = 26214396; length = 6553600
2024-04-24T05:23:12,830  INFO [LocalJobRunner Map Task Executor #0] mapred.MapTask: Map output collector class = org.apache.hadoop.mapred.MapTask$MapOutputBuffer
2024-04-24T05:23:12,831  INFO [LocalJobRunner Map Task Executor #0] vector.VectorMapOperator: Initializing Operator: MAP[0]
2024-04-24T05:23:12,831  INFO [LocalJobRunner Map Task Executor #0] mr.ExecMapper: 
<MAP>Id =0
  <Children>null
  <\Children>
  <Parent><\Parent>
<\MAP>
2024-04-24T05:23:12,831  INFO [LocalJobRunner Map Task Executor #0] exec.TableScanOperator: Initializing Operator: TS[0]
2024-04-24T05:23:12,831  INFO [LocalJobRunner Map Task Executor #0] vector.VectorFilterOperator: Initializing Operator: FIL[7]
2024-04-24T05:23:12,832  INFO [LocalJobRunner Map Task Executor #0] vector.VectorSelectOperator: Initializing Operator: SEL[8]
2024-04-24T05:23:12,832  INFO [LocalJobRunner Map Task Executor #0] vector.VectorReduceSinkOperator: Initializing Operator: RS[9]
2024-04-24T05:23:12,832  INFO [LocalJobRunner Map Task Executor #0] vector.VectorReduceSinkOperator: Using tag = -1
2024-04-24T05:23:12,833  INFO [LocalJobRunner Map Task Executor #0] vector.VectorReduceSinkOperator: keys are [reducesinkkey0] num distributions: 1
2024-04-24T05:23:12,833  INFO [LocalJobRunner Map Task Executor #0] vector.VectorReduceSinkOperator: RS[9]: records written - 1
2024-04-24T05:23:12,833  INFO [LocalJobRunner Map Task Executor #0] vector.VectorMapOperator: Closing Operator: MAP[0]
2024-04-24T05:23:12,833  INFO [LocalJobRunner Map Task Executor #0] vector.VectorMapOperator: RECORDS_OUT_INTERMEDIATE:0, RECORDS_OUT_OPERATOR_MAP_0:0, RECORDS_IN:5, DESERIALIZE_ERRORS:0, 
2024-04-24T05:23:12,833  INFO [LocalJobRunner Map Task Executor #0] exec.TableScanOperator: Closing Operator: TS[0]
2024-04-24T05:23:12,833  INFO [LocalJobRunner Map Task Executor #0] exec.TableScanOperator: RECORDS_OUT_OPERATOR_TS_0:5, RECORDS_OUT_INTERMEDIATE:0, 
2024-04-24T05:23:12,833  INFO [LocalJobRunner Map Task Executor #0] vector.VectorFilterOperator: Closing Operator: FIL[7]
2024-04-24T05:23:12,833  INFO [LocalJobRunner Map Task Executor #0] vector.VectorFilterOperator: RECORDS_OUT_OPERATOR_FIL_7:2, RECORDS_OUT_INTERMEDIATE:0, 
2024-04-24T05:23:12,833  INFO [LocalJobRunner Map Task Executor #0] vector.VectorSelectOperator: Closing Operator: SEL[8]
2024-04-24T05:23:12,833  INFO [LocalJobRunner Map Task Executor #0] vector.VectorSelectOperator: RECORDS_OUT_OPERATOR_SEL_8:2, RECORDS_OUT_INTERMEDIATE:0, 
2024-04-24T05:23:12,834  INFO [LocalJobRunner Map Task Executor #0] vector.VectorReduceSinkOperator: Closing Operator: RS[9]
2024-04-24T05:23:12,834  INFO [LocalJobRunner Map Task Executor #0] vector.VectorReduceSinkOperator: RS[9]: Total records written - 2. abort - false
2024-04-24T05:23:12,834  INFO [LocalJobRunner Map Task Executor #0] vector.VectorReduceSinkOperator: RECORDS_OUT_OPERATOR_RS_9:2, RECORDS_OUT_INTERMEDIATE:2, 
2024-04-24T05:23:12,834  INFO [LocalJobRunner Map Task Executor #0] mapred.LocalJobRunner: 
2024-04-24T05:23:12,834  INFO [LocalJobRunner Map Task Executor #0] mapred.MapTask: Starting flush of map output
2024-04-24T05:23:12,834  INFO [LocalJobRunner Map Task Executor #0] mapred.MapTask: Spilling map output
2024-04-24T05:23:12,834  INFO [LocalJobRunner Map Task Executor #0] mapred.MapTask: bufstart = 0; bufend = 54; bufvoid = 104857600
2024-04-24T05:23:12,834  INFO [LocalJobRunner Map Task Executor #0] mapred.MapTask: kvstart = 26214396(104857584); kvend = 26214392(104857568); length = 5/6553600
2024-04-24T05:23:12,848  INFO [LocalJobRunner Map Task Executor #0] mapred.MapTask: Finished spill 0
2024-04-24T05:23:12,856  INFO [LocalJobRunner Map Task Executor #0] mapred.Task: Task:attempt_local548338393_0068_m_000000_0 is done. And is in the process of committing
2024-04-24T05:23:12,857  INFO [LocalJobRunner Map Task Executor #0] mapred.LocalJobRunner: OrcSplit [file:/home/alex/Repositories/hive/ql/target/tmp/org.apache.hadoop.hive.ql.TestTxnNoBuckets-1713961246971/warehouse/t/000000_0, start=3, length=113, isOriginal=true, fileLength=259, hasFooter=false, hasBase=true, deltas=0]
2024-04-24T05:23:12,857  INFO [LocalJobRunner Map Task Executor #0] mapred.Task: Task 'attempt_local548338393_0068_m_000000_0' done.
2024-04-24T05:23:12,857  INFO [LocalJobRunner Map Task Executor #0] mapred.Task: Final Counters for attempt_local548338393_0068_m_000000_0: Counters: 25
	File System Counters
		FILE: Number of bytes read=1531938
		FILE: Number of bytes written=80106659
		FILE: Number of read operations=0
		FILE: Number of large read operations=0
		FILE: Number of write operations=0
	Map-Reduce Framework
		Map input records=1
		Map output records=2
		Map output bytes=54
		Map output materialized bytes=64
		Input split bytes=471
		Combine input records=0
		Spilled Records=2
		Failed Shuffles=0
		Merged Map outputs=0
		GC time elapsed (ms)=0
		Total committed heap usage (bytes)=1247281152
	HIVE
		DESERIALIZE_ERRORS=0
		RECORDS_IN=5
		RECORDS_OUT_INTERMEDIATE=2
		RECORDS_OUT_OPERATOR_FIL_7=2
		RECORDS_OUT_OPERATOR_MAP_0=0
		RECORDS_OUT_OPERATOR_RS_9=2
		RECORDS_OUT_OPERATOR_SEL_8=2
		RECORDS_OUT_OPERATOR_TS_0=5
	File Input Format Counters 
		Bytes Read=8164
2024-04-24T05:23:12,857  INFO [LocalJobRunner Map Task Executor #0] mapred.LocalJobRunner: Finishing task: attempt_local548338393_0068_m_000000_0
2024-04-24T05:23:12,857  INFO [Thread-4433] mapred.LocalJobRunner: map task executor complete.
2024-04-24T05:23:12,859  INFO [Thread-4433] mapred.LocalJobRunner: Waiting for reduce tasks
2024-04-24T05:23:12,859  INFO [pool-283-thread-1] mapred.LocalJobRunner: Starting task: attempt_local548338393_0068_r_000000_0
2024-04-24T05:23:12,860  INFO [pool-283-thread-1] mapred.Task:  Using ResourceCalculatorProcessTree : [ ]
2024-04-24T05:23:12,861  INFO [pool-283-thread-1] mapred.ReduceTask: Using ShuffleConsumerPlugin: org.apache.hadoop.mapreduce.task.reduce.Shuffle@505f1794
2024-04-24T05:23:12,861  WARN [pool-283-thread-1] impl.MetricsSystemImpl: JobTracker metrics system already initialized!
2024-04-24T05:23:12,863  INFO [pool-283-thread-1] reduce.MergeManagerImpl: MergerManager: memoryLimit=1336252800, maxSingleShuffleLimit=334063200, mergeThreshold=881926912, ioSortFactor=10, memToMemMergeOutputsThreshold=10
2024-04-24T05:23:12,864  INFO [EventFetcher for fetching Map Completion Events] reduce.EventFetcher: attempt_local548338393_0068_r_000000_0 Thread started: EventFetcher for fetching Map Completion Events
2024-04-24T05:23:12,866  INFO [localfetcher#42] reduce.LocalFetcher: localfetcher#42 about to shuffle output of map attempt_local548338393_0068_m_000000_0 decomp: 60 len: 64 to MEMORY
2024-04-24T05:23:12,866  INFO [localfetcher#42] reduce.InMemoryMapOutput: Read 60 bytes from map-output for attempt_local548338393_0068_m_000000_0
2024-04-24T05:23:12,866  INFO [localfetcher#42] reduce.MergeManagerImpl: closeInMemoryFile -> map-output of size: 60, inMemoryMapOutputs.size() -> 1, commitMemory -> 0, usedMemory ->60
2024-04-24T05:23:12,867  INFO [EventFetcher for fetching Map Completion Events] reduce.EventFetcher: EventFetcher is interrupted.. Returning
2024-04-24T05:23:12,867  INFO [pool-283-thread-1] mapred.LocalJobRunner: 1 / 1 copied.
2024-04-24T05:23:12,868  INFO [pool-283-thread-1] reduce.MergeManagerImpl: finalMerge called with 1 in-memory map-outputs and 0 on-disk map-outputs
2024-04-24T05:23:12,879  INFO [pool-283-thread-1] mapred.Merger: Merging 1 sorted segments
2024-04-24T05:23:12,879  INFO [pool-283-thread-1] mapred.Merger: Down to the last merge-pass, with 1 segments left of total size: 48 bytes
2024-04-24T05:23:12,885  INFO [pool-283-thread-1] reduce.MergeManagerImpl: Merged 1 segments, 60 bytes to disk to satisfy reduce memory limit
2024-04-24T05:23:12,885  INFO [pool-283-thread-1] reduce.MergeManagerImpl: Merging 1 files, 64 bytes from disk
2024-04-24T05:23:12,885  INFO [pool-283-thread-1] reduce.MergeManagerImpl: Merging 0 segments, 0 bytes from memory into reduce
2024-04-24T05:23:12,885  INFO [pool-283-thread-1] mapred.Merger: Merging 1 sorted segments
2024-04-24T05:23:12,886  INFO [pool-283-thread-1] mapred.Merger: Down to the last merge-pass, with 1 segments left of total size: 48 bytes
2024-04-24T05:23:12,886  INFO [pool-283-thread-1] mapred.LocalJobRunner: 1 / 1 copied.
2024-04-24T05:23:12,887  INFO [pool-283-thread-1] exec.SerializationUtilities: Deserializing ReduceWork using kryo
2024-04-24T05:23:12,888  INFO [pool-283-thread-1] exec.Utilities: Deserialized plan (via FILE) - name: null size: 7,73KB
2024-04-24T05:23:12,890  INFO [pool-283-thread-1] ExecReducer: 
<SEL>Id =4
  <Children>
    <FS>Id =5
      <Children>
      <\Children>
      <Parent>Id = 4 null<\Parent>
    <\FS>
  <\Children>
  <Parent><\Parent>
<\SEL>
2024-04-24T05:23:12,890  INFO [pool-283-thread-1] exec.SelectOperator: Initializing Operator: SEL[4]
2024-04-24T05:23:12,890  INFO [pool-283-thread-1] exec.SelectOperator: SELECT struct<key:struct<reducesinkkey0:int>,value:struct<_col0:struct<writeid:bigint,bucketid:int,rowid:bigint>>>
2024-04-24T05:23:12,890  INFO [pool-283-thread-1] exec.FileSinkOperator: Initializing Operator: FS[5]
2024-04-24T05:23:12,891  INFO [pool-283-thread-1] exec.FileSinkOperator: Using serializer : class org.apache.hadoop.hive.serde2.lazy.LazySimpleSerDe [serdeParams=org.apache.hadoop.hive.serde2.lazy.LazySerDeParameters@54d5e77f, cachedObjectInspector=org.apache.hadoop.hive.serde2.lazy.objectinspector.LazySimpleStructObjectInspector<org.apache.hadoop.hive.serde2.lazy.objectinspector.LazySimpleStructObjectInspector<org.apache.hadoop.hive.serde2.lazy.objectinspector.primitive.LazyLongObjectInspector@1201c2f6,org.apache.hadoop.hive.serde2.lazy.objectinspector.primitive.LazyIntObjectInspector@cbf9cc1,org.apache.hadoop.hive.serde2.lazy.objectinspector.primitive.LazyLongObjectInspector@1201c2f6>,org.apache.hadoop.hive.serde2.lazy.objectinspector.primitive.LazyIntObjectInspector@cbf9cc1>, serializedSize=0, stats=org.apache.hadoop.hive.serde2.SerDeStats@7bc49da0, lastOperationSerialize=false, lastOperationDeserialize=false [1, 2, 3, 4, 5, 6, 7, 8, 11, 14, 15, 16, 17, 18, 19, 20, 21, 22, 23, 24, 25, 26, 28, 29, 30, 31, -128, -127, -126, -125, -124, -123, -122, -121, -120, -119, -118, -117, -116, -115, -114, -113, -112, -111, -110, -109, -108, -107, -106, -105, -104, -103, -102, -101, -100, -99, -98, -97, -96, -95, -94, -93, -92, -91, -90, -89, -88, -87, -86, -85, -84, -83, -82, -81, -80, -79, -78, -77, -76, -75, -74, -73, -72, -71, -70, -69, -68, -67, -66, -65, -64, -63, -62, -61, -60, -59, -58, -57, -56, -55, -54, -53, -52, -51, -50, -49, -48, -47, -46, -45, -44, -43, -42, -41, -40, -39, -38, -37, -36, -35, -34, -33, -32, -31, -30, -29, -28, -27, -26, -25, -24, -23, -22, -21, -20, -19, -18, -17, -16, -15, -14, -13, -12, -11, -10, -9, -8, -7, -6, -5, -4, -3, -2, -1] : [_col0, _col1] : [struct<writeid:bigint,bucketid:int,rowid:bigint>, int]] and formatter : org.apache.hadoop.hive.ql.io.HiveSequenceFileOutputFormat@7394834e
2024-04-24T05:23:12,892  INFO [pool-283-thread-1] exec.FileSinkOperator: Final Path: FS file:/home/alex/Repositories/hive/ql/target/tmp/localscratchdir/5db64f43-30d5-4285-98e3-ffcdca3a2f1d/hive_2024-04-24_05-23-12_334_2634224375454310400-1/-mr-10001/.hive-staging_hive_2024-04-24_05-23-12_334_2634224375454310400-1/_tmp.-ext-10002/000000_0
2024-04-24T05:23:12,892  INFO [pool-283-thread-1] exec.FileSinkOperator: Writing to temp file: FS file:/home/alex/Repositories/hive/ql/target/tmp/localscratchdir/5db64f43-30d5-4285-98e3-ffcdca3a2f1d/hive_2024-04-24_05-23-12_334_2634224375454310400-1/-mr-10001/.hive-staging_hive_2024-04-24_05-23-12_334_2634224375454310400-1/_task_tmp.-ext-10002/_tmp.000000_0
2024-04-24T05:23:12,892  INFO [pool-283-thread-1] exec.FileSinkOperator: New Final Path: FS file:/home/alex/Repositories/hive/ql/target/tmp/localscratchdir/5db64f43-30d5-4285-98e3-ffcdca3a2f1d/hive_2024-04-24_05-23-12_334_2634224375454310400-1/-mr-10001/.hive-staging_hive_2024-04-24_05-23-12_334_2634224375454310400-1/_tmp.-ext-10002/000000_0
2024-04-24T05:23:12,909  INFO [pool-283-thread-1] exec.FileSinkOperator: FS[5]: records written - 1
2024-04-24T05:23:12,910  INFO [pool-283-thread-1] exec.SelectOperator: Closing Operator: SEL[4]
2024-04-24T05:23:12,910  INFO [pool-283-thread-1] exec.SelectOperator: RECORDS_OUT_OPERATOR_SEL_4:2, RECORDS_OUT_INTERMEDIATE:0, 
2024-04-24T05:23:12,910  INFO [pool-283-thread-1] exec.FileSinkOperator: Closing Operator: FS[5]
2024-04-24T05:23:12,910  INFO [pool-283-thread-1] exec.FileSinkOperator: FS[5]: records written - 2
2024-04-24T05:23:12,911  INFO [pool-283-thread-1] exec.FileSinkOperator: RECORDS_OUT_INTERMEDIATE:0, RECORDS_OUT_OPERATOR_FS_5:2, RECORDS_OUT_0:2, 
2024-04-24T05:23:12,911  INFO [pool-283-thread-1] mapred.Task: Task:attempt_local548338393_0068_r_000000_0 is done. And is in the process of committing
2024-04-24T05:23:12,912  INFO [pool-283-thread-1] mapred.LocalJobRunner: reduce > reduce
2024-04-24T05:23:12,912  INFO [pool-283-thread-1] mapred.Task: Task 'attempt_local548338393_0068_r_000000_0' done.
2024-04-24T05:23:12,912  INFO [pool-283-thread-1] mapred.Task: Final Counters for attempt_local548338393_0068_r_000000_0: Counters: 29
	File System Counters
		FILE: Number of bytes read=1539902
		FILE: Number of bytes written=80106878
		FILE: Number of read operations=0
		FILE: Number of large read operations=0
		FILE: Number of write operations=0
	Map-Reduce Framework
		Combine input records=0
		Combine output records=0
		Reduce input groups=2
		Reduce shuffle bytes=64
		Reduce input records=2
		Reduce output records=0
		Spilled Records=2
		Shuffled Maps =1
		Failed Shuffles=0
		Merged Map outputs=1
		GC time elapsed (ms)=0
		Total committed heap usage (bytes)=1247281152
	HIVE
		CREATED_FILES=1
		RECORDS_OUT_0=2
		RECORDS_OUT_INTERMEDIATE=0
		RECORDS_OUT_OPERATOR_FS_5=2
		RECORDS_OUT_OPERATOR_SEL_4=2
	Shuffle Errors
		BAD_ID=0
		CONNECTION=0
		IO_ERROR=0
		WRONG_LENGTH=0
		WRONG_MAP=0
		WRONG_REDUCE=0
	File Output Format Counters 
		Bytes Written=0
2024-04-24T05:23:12,912  INFO [pool-283-thread-1] mapred.LocalJobRunner: Finishing task: attempt_local548338393_0068_r_000000_0
2024-04-24T05:23:12,912  INFO [Thread-4433] mapred.LocalJobRunner: reduce task executor complete.
2024-04-24 05:23:13,820 Stage-1 map = 100%,  reduce = 100%
2024-04-24T05:23:13,820  INFO [main] exec.Task: 2024-04-24 05:23:13,820 Stage-1 map = 100%,  reduce = 100%
Ended Job = job_local548338393_0068
2024-04-24T05:23:13,822  INFO [main] exec.Task: Ended Job = job_local548338393_0068
2024-04-24T05:23:13,825  INFO [main] metadata.Hive: Dumping metastore api call timing information for : execution phase
2024-04-24T05:23:13,825  INFO [main] metadata.Hive: Total time spent in each metastore function (ms): {}
MapReduce Jobs Launched: 
2024-04-24T05:23:13,825  INFO [main] ql.Driver: MapReduce Jobs Launched: 
Stage-Stage-1:  HDFS Read: 0 HDFS Write: 0 SUCCESS
2024-04-24T05:23:13,825  INFO [main] ql.Driver: Stage-Stage-1:  HDFS Read: 0 HDFS Write: 0 SUCCESS
Total MapReduce CPU Time Spent: 0 msec
2024-04-24T05:23:13,825  INFO [main] ql.Driver: Total MapReduce CPU Time Spent: 0 msec
2024-04-24T05:23:13,825  INFO [main] ql.Driver: Completed executing command(queryId=alex_20240424052312_93a0b348-2a1d-4abd-a2ee-d9a4c553f810); Time taken: 1.294 seconds
2024-04-24T05:23:13,825  INFO [main] lockmgr.DbTxnManager: Stopped heartbeat for query: alex_20240424052312_93a0b348-2a1d-4abd-a2ee-d9a4c553f810
2024-04-24T05:23:13,829  INFO [main] txn.TxnHandler: Expected to move at least one record from txn_components to completed_txn_components when committing txn! txnid:19
2024-04-24T05:23:13,834  INFO [main] txn.TxnHandler: Removed transactions: ([19]) from MIN_HISTORY_LEVEL
2024-04-24T05:23:13,834  WARN [main] txn.CompactionTxnHandler: No compaction queue record found for Compaction type transaction commit. txnId:19
2024-04-24T05:23:13,837  INFO [main] mapred.FileInputFormat: Total input files to process : 1
2024-04-24T05:23:13,838  INFO [main] exec.ListSinkOperator: Closing Operator: LIST_SINK[10]
2024-04-24T05:23:13,838  INFO [main] exec.ListSinkOperator: RECORDS_OUT_INTERMEDIATE:0, RECORDS_OUT_OPERATOR_LIST_SINK_10:2, 
2024-04-24T05:23:13,838  WARN [main] ql.TestTxnNoBuckets: null: read data(After conversion with VC1): 
2024-04-24T05:23:13,838  INFO [main] ql.TestTxnNoBuckets: {"writeid":0,"bucketid":536870912,"rowid":3}	6
{"writeid":0,"bucketid":536870912,"rowid":4}	9

2024-04-24T05:23:13,838  INFO [main] ql.TxnCommandsBaseForTests: Running the query: EXPLAIN VECTORIZATION DETAIL select ROW__ID, a from T where b > 6 order by a
2024-04-24T05:23:13,839  INFO [main] ql.Context: Deleting scratch dir: file:/home/alex/Repositories/hive/ql/target/tmp/localscratchdir/5db64f43-30d5-4285-98e3-ffcdca3a2f1d/hive_2024-04-24_05-23-12_334_2634224375454310400-1
2024-04-24T05:23:13,839  INFO [main] cleanup.SyncCleanupService: Deleted directory: file:/home/alex/Repositories/hive/ql/target/tmp/localscratchdir/5db64f43-30d5-4285-98e3-ffcdca3a2f1d/hive_2024-04-24_05-23-12_334_2634224375454310400-1 on fs with scheme file
2024-04-24T05:23:13,840  INFO [main] ql.Driver: Compiling command(queryId=alex_20240424052313_58aa24b8-9181-4c08-9fbe-fb9daa6e6701): EXPLAIN VECTORIZATION DETAIL select ROW__ID, a from T where b > 6 order by a
2024-04-24T05:23:13,842  INFO [main] txn.TxnHandler: Added entries to MIN_HISTORY_LEVEL for current txns: ([20]) with min_open_txn: 20
2024-04-24T05:23:13,842  INFO [main] lockmgr.DbTxnManager: Opened txnid:20
2024-04-24T05:23:13,843  INFO [main] parse.CalcitePlanner: Starting Semantic Analysis
2024-04-24T05:23:13,845  INFO [main] parse.CalcitePlanner: Completed phase 1 of Semantic Analysis
2024-04-24T05:23:13,845  INFO [main] parse.CalcitePlanner: Get metadata for source tables
2024-04-24T05:23:13,845  INFO [main] HiveMetaStore.audit: ugi=alex	ip=unknown-ip-addr	cmd=get_table : tbl=hive.default.t	
2024-04-24T05:23:13,856  INFO [main] metastore.HMSHandler: Skipping translation for processor with null
2024-04-24T05:23:13,856  INFO [main] parse.CalcitePlanner: Get metadata for subqueries
2024-04-24T05:23:13,856  INFO [main] parse.CalcitePlanner: Get metadata for destination tables
2024-04-24T05:23:13,856  INFO [main] parse.CalcitePlanner: Completed getting MetaData in Semantic Analysis
2024-04-24T05:23:13,868  INFO [main] HiveMetaStore.audit: ugi=alex	ip=unknown-ip-addr	cmd=get_all_table_constraints : tbl=hive.default.t	
2024-04-24T05:23:13,902  INFO [main] calcite.RelOptHiveTable: Calculating column statistics for default.t, projIndxSet: [0, 1], allowMissingStats: true
2024-04-24T05:23:13,903  INFO [main] HiveMetaStore.audit: ugi=alex	ip=unknown-ip-addr	cmd=get_table_statistics_req: table=hive.default.t	
2024-04-24T05:23:13,910  WARN [main] calcite.RelOptHiveTable: No Stats for default@t, Columns: a, b
No Stats for default@t, Columns: a, b
2024-04-24T05:23:13,910  INFO [main] SessionState: No Stats for default@t, Columns: a, b
2024-04-24T05:23:13,970  INFO [main] parse.CalcitePlanner: Get metadata for source tables
2024-04-24T05:23:13,971  INFO [main] parse.CalcitePlanner: Get metadata for subqueries
2024-04-24T05:23:13,971  INFO [main] parse.CalcitePlanner: Get metadata for destination tables
2024-04-24T05:23:13,972  INFO [main] parse.CalcitePlanner: CBO Succeeded; optimized logical plan.
2024-04-24T05:23:13,975  INFO [main] optimizer.ColumnPrunerProcFactory: RS 3 oldColExprMap: {VALUE._col0=Column[_col0], KEY.reducesinkkey0=Column[_col1]}
2024-04-24T05:23:13,975  INFO [main] optimizer.ColumnPrunerProcFactory: RS 3 newColExprMap: {KEY.reducesinkkey0=Column[_col1], VALUE._col0=Column[_col0]}
2024-04-24T05:23:13,975  INFO [main] optimizer.BucketVersionPopulator: not considering bucketingVersion for: TS[0] because it has -1<2 buckets 
2024-04-24T05:23:13,979  INFO [main] optimizer.SortedDynPartitionOptimizer: Sorted dynamic partitioning optimization kicked in..
2024-04-24T05:23:13,987  INFO [main] physical.Vectorizer: Examining input format to see if vectorization is enabled.
2024-04-24T05:23:13,988  INFO [main] physical.Vectorizer: Vectorization is enabled for input format(s) [org.apache.hadoop.hive.ql.io.orc.OrcInputFormat]
2024-04-24T05:23:13,988  INFO [main] physical.Vectorizer: Validating and vectorizing MapWork... (vectorizedVertexNum 0)
2024-04-24T05:23:13,989  INFO [main] physical.Vectorizer: Map vectorization enabled: true
2024-04-24T05:23:13,989  INFO [main] physical.Vectorizer: Map vectorized: true
2024-04-24T05:23:13,989  INFO [main] physical.Vectorizer: Map vectorizedVertexNum: 0
2024-04-24T05:23:13,989  INFO [main] physical.Vectorizer: Map enabledConditionsMet: [hive.vectorized.use.vectorized.input.format IS true]
2024-04-24T05:23:13,989  INFO [main] physical.Vectorizer: Map inputFileFormatClassNameSet: [org.apache.hadoop.hive.ql.io.orc.OrcInputFormat]
2024-04-24T05:23:13,990  INFO [main] physical.Vectorizer: Reduce vectorization enabled: false
2024-04-24T05:23:13,990  INFO [main] physical.Vectorizer: Reduce vectorized: false
2024-04-24T05:23:13,990  INFO [main] physical.Vectorizer: Reduce vectorizedVertexNum: 1
2024-04-24T05:23:13,990  INFO [main] physical.Vectorizer: Reducer hive.vectorized.execution.reduce.enabled: true
2024-04-24T05:23:13,990  INFO [main] physical.Vectorizer: Reducer engine: mr
2024-04-24T05:23:13,990  INFO [main] parse.CalcitePlanner: Completed plan generation
2024-04-24T05:23:13,990  INFO [main] ql.Driver: Semantic Analysis Completed (retrial = false)
2024-04-24T05:23:13,990  INFO [main] ql.Driver: Created Hive schema: Schema(fieldSchemas:[FieldSchema(name:Explain, type:string, comment:null)], properties:null)
2024-04-24T05:23:13,990  INFO [main] metadata.Hive: Dumping metastore api call timing information for : compilation phase
2024-04-24T05:23:13,990  INFO [main] metadata.Hive: Total time spent in each metastore function (ms): {getTableColumnStatistics_(String, String, List, String)=7, getTable_(GetTableRequest)=11, flushCache_()=0, openTxn_(String, TxnType)=2, getAllTableConstraints_(AllTableConstraintsRequest)=4, getValidTxns_(long)=1, commitTxn_(CommitTxnRequest)=9, getValidWriteIds_(List, String)=2, isCompatibleWith_(Configuration)=1}
2024-04-24T05:23:13,990  INFO [main] ql.Driver: Completed compiling command(queryId=alex_20240424052313_58aa24b8-9181-4c08-9fbe-fb9daa6e6701); Time taken: 0.15 seconds
2024-04-24T05:23:13,991  INFO [main] ql.Driver: Executing command(queryId=alex_20240424052313_58aa24b8-9181-4c08-9fbe-fb9daa6e6701): EXPLAIN VECTORIZATION DETAIL select ROW__ID, a from T where b > 6 order by a
2024-04-24T05:23:13,991  INFO [main] ql.Driver: Starting task [Stage-2:EXPLAIN] in serial mode
2024-04-24T05:23:14,006  INFO [main] metadata.Hive: Dumping metastore api call timing information for : execution phase
2024-04-24T05:23:14,006  INFO [main] metadata.Hive: Total time spent in each metastore function (ms): {}
2024-04-24T05:23:14,006  INFO [main] ql.Driver: Completed executing command(queryId=alex_20240424052313_58aa24b8-9181-4c08-9fbe-fb9daa6e6701); Time taken: 0.015 seconds
2024-04-24T05:23:14,006  INFO [main] lockmgr.DbTxnManager: Stopped heartbeat for query: null
2024-04-24T05:23:14,012  INFO [main] txn.TxnHandler: Expected to move at least one record from txn_components to completed_txn_components when committing txn! txnid:20
2024-04-24T05:23:14,020  INFO [main] txn.TxnHandler: Removed transactions: ([20]) from MIN_HISTORY_LEVEL
2024-04-24T05:23:14,020  WARN [main] txn.CompactionTxnHandler: No compaction queue record found for Compaction type transaction commit. txnId:20
2024-04-24T05:23:14,021  INFO [main] ql.TxnCommandsBaseForTests: Running the query: select ROW__ID, a from T where b > 0 order by a
2024-04-24T05:23:14,022  INFO [main] ql.Context: Deleting scratch dir: file:/home/alex/Repositories/hive/ql/target/tmp/localscratchdir/5db64f43-30d5-4285-98e3-ffcdca3a2f1d/hive_2024-04-24_05-23-13_840_7297750069918563508-1
2024-04-24T05:23:14,022  INFO [main] cleanup.SyncCleanupService: Deleted directory: file:/home/alex/Repositories/hive/ql/target/tmp/localscratchdir/5db64f43-30d5-4285-98e3-ffcdca3a2f1d/hive_2024-04-24_05-23-13_840_7297750069918563508-1 on fs with scheme file
2024-04-24T05:23:14,022  INFO [main] ql.Driver: Compiling command(queryId=alex_20240424052314_31f86e36-3a7c-474f-85db-85176c686b64): select ROW__ID, a from T where b > 0 order by a
2024-04-24T05:23:14,025  INFO [main] txn.TxnHandler: Added entries to MIN_HISTORY_LEVEL for current txns: ([21]) with min_open_txn: 20
2024-04-24T05:23:14,025  INFO [main] lockmgr.DbTxnManager: Opened txnid:21
2024-04-24T05:23:14,025  INFO [main] parse.CalcitePlanner: Starting caching scope for: 
2024-04-24T05:23:14,025  INFO [main] parse.CalcitePlanner: Starting Semantic Analysis
2024-04-24T05:23:14,029  INFO [main] parse.CalcitePlanner: Completed phase 1 of Semantic Analysis
2024-04-24T05:23:14,029  INFO [main] parse.CalcitePlanner: Get metadata for source tables
2024-04-24T05:23:14,030  INFO [main] HiveMetaStore.audit: ugi=alex	ip=unknown-ip-addr	cmd=get_table : tbl=hive.default.t	
2024-04-24T05:23:14,036  INFO [main] metastore.HMSHandler: Skipping translation for processor with null
2024-04-24T05:23:14,037  INFO [main] parse.CalcitePlanner: Get metadata for subqueries
2024-04-24T05:23:14,037  INFO [main] parse.CalcitePlanner: Get metadata for destination tables
2024-04-24T05:23:14,037  INFO [main] parse.CalcitePlanner: Completed getting MetaData in Semantic Analysis
2024-04-24T05:23:14,049  INFO [main] HiveMetaStore.audit: ugi=alex	ip=unknown-ip-addr	cmd=get_all_table_constraints : tbl=hive.default.t	
2024-04-24T05:23:14,086  INFO [main] calcite.RelOptHiveTable: Calculating column statistics for default.t, projIndxSet: [0, 1], allowMissingStats: true
2024-04-24T05:23:14,086  INFO [main] HiveMetaStore.audit: ugi=alex	ip=unknown-ip-addr	cmd=get_table_statistics_req: table=hive.default.t	
2024-04-24T05:23:14,094  WARN [main] calcite.RelOptHiveTable: No Stats for default@t, Columns: a, b
No Stats for default@t, Columns: a, b
2024-04-24T05:23:14,094  INFO [main] SessionState: No Stats for default@t, Columns: a, b
2024-04-24T05:23:14,150  INFO [main] parse.CalcitePlanner: Get metadata for source tables
2024-04-24T05:23:14,150  INFO [main] parse.CalcitePlanner: Get metadata for subqueries
2024-04-24T05:23:14,150  INFO [main] parse.CalcitePlanner: Get metadata for destination tables
2024-04-24T05:23:14,151  INFO [main] common.FileUtils: Creating directory if it doesn't exist: file:/home/alex/Repositories/hive/ql/target/tmp/localscratchdir/5db64f43-30d5-4285-98e3-ffcdca3a2f1d/hive_2024-04-24_05-23-14_022_6592978260021437702-1/-mr-10001/.hive-staging_hive_2024-04-24_05-23-14_022_6592978260021437702-1
2024-04-24T05:23:14,159  INFO [main] parse.CalcitePlanner: CBO Succeeded; optimized logical plan.
2024-04-24T05:23:14,163  INFO [main] optimizer.ColumnPrunerProcFactory: RS 3 oldColExprMap: {VALUE._col0=Column[_col0], KEY.reducesinkkey0=Column[_col1]}
2024-04-24T05:23:14,163  INFO [main] optimizer.ColumnPrunerProcFactory: RS 3 newColExprMap: {KEY.reducesinkkey0=Column[_col1], VALUE._col0=Column[_col0]}
2024-04-24T05:23:14,164  INFO [main] optimizer.BucketVersionPopulator: not considering bucketingVersion for: TS[0] because it has -1<2 buckets 
2024-04-24T05:23:14,164  INFO [main] optimizer.SortedDynPartitionOptimizer: Sorted dynamic partitioning optimization kicked in..
2024-04-24T05:23:14,173  INFO [main] physical.Vectorizer: Examining input format to see if vectorization is enabled.
2024-04-24T05:23:14,173  INFO [main] physical.Vectorizer: Vectorization is enabled for input format(s) [org.apache.hadoop.hive.ql.io.orc.OrcInputFormat]
2024-04-24T05:23:14,173  INFO [main] physical.Vectorizer: Validating and vectorizing MapWork... (vectorizedVertexNum 0)
2024-04-24T05:23:14,175  INFO [main] physical.Vectorizer: Map vectorization enabled: true
2024-04-24T05:23:14,175  INFO [main] physical.Vectorizer: Map vectorized: true
2024-04-24T05:23:14,175  INFO [main] physical.Vectorizer: Map vectorizedVertexNum: 0
2024-04-24T05:23:14,175  INFO [main] physical.Vectorizer: Map enabledConditionsMet: [hive.vectorized.use.vectorized.input.format IS true]
2024-04-24T05:23:14,175  INFO [main] physical.Vectorizer: Map inputFileFormatClassNameSet: [org.apache.hadoop.hive.ql.io.orc.OrcInputFormat]
2024-04-24T05:23:14,175  INFO [main] physical.Vectorizer: Reduce vectorization enabled: false
2024-04-24T05:23:14,175  INFO [main] physical.Vectorizer: Reduce vectorized: false
2024-04-24T05:23:14,175  INFO [main] physical.Vectorizer: Reduce vectorizedVertexNum: 1
2024-04-24T05:23:14,175  INFO [main] physical.Vectorizer: Reducer hive.vectorized.execution.reduce.enabled: true
2024-04-24T05:23:14,175  INFO [main] physical.Vectorizer: Reducer engine: mr
2024-04-24T05:23:14,175  INFO [main] parse.CalcitePlanner: Completed plan generation
2024-04-24T05:23:14,175  INFO [main] parse.CalcitePlanner: Ending caching scope for: 
2024-04-24T05:23:14,175  INFO [main] ql.Driver: Semantic Analysis Completed (retrial = false)
2024-04-24T05:23:14,175  INFO [main] ql.Driver: Created Hive schema: Schema(fieldSchemas:[FieldSchema(name:row__id, type:struct<writeid:bigint,bucketid:int,rowid:bigint>, comment:null), FieldSchema(name:a, type:int, comment:null)], properties:null)
2024-04-24T05:23:14,176  INFO [main] exec.ListSinkOperator: Initializing Operator: LIST_SINK[10]
2024-04-24T05:23:14,176  INFO [main] metadata.Hive: Dumping metastore api call timing information for : compilation phase
2024-04-24T05:23:14,177  INFO [main] metadata.Hive: Total time spent in each metastore function (ms): {openTxn_(String, TxnType)=2, isCompatibleWith_(Configuration)=1, getTable_(GetTableRequest)=7, flushCache_()=0, getValidTxns_(long)=0, commitTxn_(CommitTxnRequest)=14, getValidWriteIds_(List, String)=2, getTableColumnStatistics_(String, String, List, String)=7, getAllTableConstraints_(AllTableConstraintsRequest)=5}
2024-04-24T05:23:14,177  INFO [main] ql.Driver: Completed compiling command(queryId=alex_20240424052314_31f86e36-3a7c-474f-85db-85176c686b64); Time taken: 0.154 seconds
2024-04-24T05:23:14,177  INFO [main] lockmgr.DbTxnManager: Setting lock request transaction to txnid:21 for queryId=alex_20240424052314_31f86e36-3a7c-474f-85db-85176c686b64
2024-04-24T05:23:14,178  INFO [main] lockmgr.DbLockManager: Requesting lock for queryId=alex_20240424052314_31f86e36-3a7c-474f-85db-85176c686b64
2024-04-24T05:23:14,195  INFO [main] lockmgr.DbLockManager: Response to queryId=alex_20240424052314_31f86e36-3a7c-474f-85db-85176c686b64 LockResponse(lockid:13, state:ACQUIRED)
2024-04-24T05:23:14,195  INFO [main] ql.Driver: Operation QUERY obtained 1 locks
2024-04-24T05:23:14,196  INFO [main] ql.Driver: Executing command(queryId=alex_20240424052314_31f86e36-3a7c-474f-85db-85176c686b64): select ROW__ID, a from T where b > 0 order by a
2024-04-24T05:23:14,196  WARN [main] ql.Driver: Hive-on-MR is deprecated in Hive 2 and may not be available in the future versions. Consider using a different execution engine (i.e. spark, tez) or using Hive 1.X releases.
Query ID = alex_20240424052314_31f86e36-3a7c-474f-85db-85176c686b64
2024-04-24T05:23:14,196  INFO [main] ql.Driver: Query ID = alex_20240424052314_31f86e36-3a7c-474f-85db-85176c686b64
Total jobs = 1
2024-04-24T05:23:14,196  INFO [main] ql.Driver: Total jobs = 1
Launching Job 1 out of 1
2024-04-24T05:23:14,196  INFO [main] ql.Driver: Launching Job 1 out of 1
2024-04-24T05:23:14,317  INFO [main] ql.Driver: Starting task [Stage-1:MAPRED] in serial mode
Number of reduce tasks determined at compile time: 1
2024-04-24T05:23:14,317  INFO [main] exec.Task: Number of reduce tasks determined at compile time: 1
In order to change the average load for a reducer (in bytes):
2024-04-24T05:23:14,317  INFO [main] exec.Task: In order to change the average load for a reducer (in bytes):
  set hive.exec.reducers.bytes.per.reducer=<number>
2024-04-24T05:23:14,317  INFO [main] exec.Task:   set hive.exec.reducers.bytes.per.reducer=<number>
In order to limit the maximum number of reducers:
2024-04-24T05:23:14,317  INFO [main] exec.Task: In order to limit the maximum number of reducers:
  set hive.exec.reducers.max=<number>
2024-04-24T05:23:14,317  INFO [main] exec.Task:   set hive.exec.reducers.max=<number>
In order to set a constant number of reducers:
2024-04-24T05:23:14,317  INFO [main] exec.Task: In order to set a constant number of reducers:
  set mapreduce.job.reduces=<number>
2024-04-24T05:23:14,317  INFO [main] exec.Task:   set mapreduce.job.reduces=<number>
2024-04-24T05:23:14,320  INFO [main] mr.ExecDriver: Using org.apache.hadoop.hive.ql.io.HiveInputFormat
2024-04-24T05:23:14,320  INFO [main] exec.Utilities: Processing alias t
2024-04-24T05:23:14,320  INFO [main] exec.Utilities: Adding 1 inputs; the first input is file:/home/alex/Repositories/hive/ql/target/tmp/org.apache.hadoop.hive.ql.TestTxnNoBuckets-1713961246971/warehouse/t
2024-04-24T05:23:14,329  INFO [main] exec.SerializationUtilities: Serializing MapWork using kryo
2024-04-24T05:23:14,330  INFO [main] exec.Utilities: Serialized plan (via FILE) - name: null size: 6,73KB
2024-04-24T05:23:14,335  INFO [main] exec.SerializationUtilities: Serializing ReduceWork using kryo
2024-04-24T05:23:14,336  INFO [main] exec.Utilities: Serialized plan (via FILE) - name: null size: 7,73KB
2024-04-24T05:23:14,337  WARN [main] impl.MetricsSystemImpl: JobTracker metrics system already initialized!
2024-04-24T05:23:14,342  WARN [main] impl.MetricsSystemImpl: JobTracker metrics system already initialized!
2024-04-24T05:23:14,348  WARN [main] mapreduce.JobResourceUploader: Hadoop command-line option parsing not performed. Implement the Tool interface and execute your application with ToolRunner to remedy this.
2024-04-24T05:23:14,353  WARN [main] mapreduce.JobResourceUploader: No job jar file set.  User classes may not be found. See Job or Job#setJar(String).
2024-04-24T05:23:14,354  INFO [main] io.HiveInputFormat: hive.io.file.readcolumn.ids = 0,1
2024-04-24T05:23:14,354  INFO [main] io.HiveInputFormat: hive.io.file.readcolumn.names = a,b
2024-04-24T05:23:14,354  INFO [main] io.HiveInputFormat: Generating splits for dirs: file:/home/alex/Repositories/hive/ql/target/tmp/org.apache.hadoop.hive.ql.TestTxnNoBuckets-1713961246971/warehouse/t
2024-04-24T05:23:14,355  INFO [main] orc.OrcInputFormat: getSplits started
2024-04-24T05:23:14,355  INFO [main] orc.OrcInputFormat: Context:: isAcid: true isVectorMode: true sarg: (not leaf-(LESS_THAN_EQUALS b 0)) minSplitSize: 1 maxSplitSize: 256000000 splitStrategy: HYBRID footerInSplits: false numBuckets: 0 numThreads: 10 cacheMemSize: 268435456 cacheStripeDetails: true useSoftReference: false writeIdList: default.t:10000000:9223372036854775807:: isTransactionalTable: true txnProperties: default 
2024-04-24T05:23:14,355  INFO [main] orc.OrcInputFormat: ORC pushdown predicate: (not leaf-(LESS_THAN_EQUALS b 0))
2024-04-24T05:23:14,362  INFO [main] orc.OrcInputFormat: FooterCacheHitRatio: 1/1
2024-04-24T05:23:14,362  INFO [main] orc.OrcInputFormat: getSplits finished (#splits: 1). duration: 7 ms
2024-04-24T05:23:14,362  INFO [main] io.HiveInputFormat: number of splits 1
2024-04-24T05:23:14,379  INFO [main] mapreduce.JobSubmitter: number of splits:1
2024-04-24T05:23:14,396  INFO [main] mapreduce.JobSubmitter: Submitting tokens for job: job_local702021624_0069
2024-04-24T05:23:14,396  INFO [main] mapreduce.JobSubmitter: Executing with tokens: []
2024-04-24T05:23:14,454  INFO [main] mapreduce.Job: The url to track the job: http://localhost:8080/
Job running in-process (local Hadoop)
2024-04-24T05:23:14,454  INFO [main] exec.Task: Job running in-process (local Hadoop)
2024-04-24T05:23:14,455  INFO [Thread-4487] mapred.LocalJobRunner: OutputCommitter set in config org.apache.hadoop.hive.ql.io.HiveFileFormatUtils$NullOutputCommitter
2024-04-24T05:23:14,455  INFO [Thread-4487] mapred.LocalJobRunner: OutputCommitter is org.apache.hadoop.hive.ql.io.HiveFileFormatUtils$NullOutputCommitter
2024-04-24T05:23:14,456  INFO [Thread-4487] mapred.LocalJobRunner: Waiting for map tasks
2024-04-24T05:23:14,456  INFO [LocalJobRunner Map Task Executor #0] mapred.LocalJobRunner: Starting task: attempt_local702021624_0069_m_000000_0
2024-04-24T05:23:14,457  INFO [LocalJobRunner Map Task Executor #0] mapred.Task:  Using ResourceCalculatorProcessTree : [ ]
2024-04-24T05:23:14,457  INFO [LocalJobRunner Map Task Executor #0] mapred.MapTask: Processing split: org.apache.hadoop.hive.ql.io.orc.OrcInputFormat:OrcSplit [file:/home/alex/Repositories/hive/ql/target/tmp/org.apache.hadoop.hive.ql.TestTxnNoBuckets-1713961246971/warehouse/t/000000_0, start=3, length=113, isOriginal=true, fileLength=259, hasFooter=false, hasBase=true, deltas=0]
2024-04-24T05:23:14,458  INFO [LocalJobRunner Map Task Executor #0] exec.SerializationUtilities: Deserializing MapWork using kryo
2024-04-24T05:23:14,458  INFO [LocalJobRunner Map Task Executor #0] exec.Utilities: Deserialized plan (via FILE) - name: null size: 6,73KB
2024-04-24T05:23:14,459  INFO [LocalJobRunner Map Task Executor #0] orc.OrcInputFormat: ORC pushdown predicate: (not leaf-(LESS_THAN_EQUALS b 0))
2024-04-24T05:23:14,459  INFO [LocalJobRunner Map Task Executor #0] orc.VectorizedOrcAcidRowBatchReader: Read ValidWriteIdList: default.t:10000000:9223372036854775807:::OrcSplit [file:/home/alex/Repositories/hive/ql/target/tmp/org.apache.hadoop.hive.ql.TestTxnNoBuckets-1713961246971/warehouse/t/000000_0, start=3, length=113, isOriginal=true, fileLength=259, hasFooter=false, hasBase=true, deltas=0]
2024-04-24T05:23:14,459  INFO [LocalJobRunner Map Task Executor #0] orc.ReaderImpl: Reading ORC rows from file:/home/alex/Repositories/hive/ql/target/tmp/org.apache.hadoop.hive.ql.TestTxnNoBuckets-1713961246971/warehouse/t/000000_0 with {include: [true, true, true], offset: 3, length: 113, sarg: (not leaf-(LESS_THAN_EQUALS b 0)), schema: struct<a:int,b:int>, includeAcidColumns: true}
2024-04-24T05:23:14,460  INFO [LocalJobRunner Map Task Executor #0] mapred.MapTask: numReduceTasks: 1
2024-04-24T05:23:14,473  INFO [LocalJobRunner Map Task Executor #0] mapred.MapTask: (EQUATOR) 0 kvi 26214396(104857584)
2024-04-24T05:23:14,474  INFO [LocalJobRunner Map Task Executor #0] mapred.MapTask: mapreduce.task.io.sort.mb: 100
2024-04-24T05:23:14,474  INFO [LocalJobRunner Map Task Executor #0] mapred.MapTask: soft limit at 83886080
2024-04-24T05:23:14,474  INFO [LocalJobRunner Map Task Executor #0] mapred.MapTask: bufstart = 0; bufvoid = 104857600
2024-04-24T05:23:14,474  INFO [LocalJobRunner Map Task Executor #0] mapred.MapTask: kvstart = 26214396; length = 6553600
2024-04-24T05:23:14,474  INFO [LocalJobRunner Map Task Executor #0] mapred.MapTask: Map output collector class = org.apache.hadoop.mapred.MapTask$MapOutputBuffer
2024-04-24T05:23:14,475  INFO [LocalJobRunner Map Task Executor #0] vector.VectorMapOperator: Initializing Operator: MAP[0]
2024-04-24T05:23:14,475  INFO [LocalJobRunner Map Task Executor #0] mr.ExecMapper: 
<MAP>Id =0
  <Children>null
  <\Children>
  <Parent><\Parent>
<\MAP>
2024-04-24T05:23:14,475  INFO [LocalJobRunner Map Task Executor #0] exec.TableScanOperator: Initializing Operator: TS[0]
2024-04-24T05:23:14,475  INFO [LocalJobRunner Map Task Executor #0] vector.VectorFilterOperator: Initializing Operator: FIL[7]
2024-04-24T05:23:14,476  INFO [LocalJobRunner Map Task Executor #0] vector.VectorSelectOperator: Initializing Operator: SEL[8]
2024-04-24T05:23:14,476  INFO [LocalJobRunner Map Task Executor #0] vector.VectorReduceSinkOperator: Initializing Operator: RS[9]
2024-04-24T05:23:14,476  INFO [LocalJobRunner Map Task Executor #0] vector.VectorReduceSinkOperator: Using tag = -1
2024-04-24T05:23:14,476  INFO [LocalJobRunner Map Task Executor #0] vector.VectorReduceSinkOperator: keys are [reducesinkkey0] num distributions: 1
2024-04-24T05:23:14,476  INFO [LocalJobRunner Map Task Executor #0] vector.VectorReduceSinkOperator: RS[9]: records written - 1
2024-04-24T05:23:14,476  INFO [LocalJobRunner Map Task Executor #0] vector.VectorMapOperator: Closing Operator: MAP[0]
2024-04-24T05:23:14,476  INFO [LocalJobRunner Map Task Executor #0] vector.VectorMapOperator: RECORDS_OUT_OPERATOR_MAP_0:0, DESERIALIZE_ERRORS:0, RECORDS_OUT_INTERMEDIATE:0, RECORDS_IN:5, 
2024-04-24T05:23:14,476  INFO [LocalJobRunner Map Task Executor #0] exec.TableScanOperator: Closing Operator: TS[0]
2024-04-24T05:23:14,476  INFO [LocalJobRunner Map Task Executor #0] exec.TableScanOperator: RECORDS_OUT_INTERMEDIATE:0, RECORDS_OUT_OPERATOR_TS_0:5, 
2024-04-24T05:23:14,476  INFO [LocalJobRunner Map Task Executor #0] vector.VectorFilterOperator: Closing Operator: FIL[7]
2024-04-24T05:23:14,476  INFO [LocalJobRunner Map Task Executor #0] vector.VectorFilterOperator: RECORDS_OUT_OPERATOR_FIL_7:5, RECORDS_OUT_INTERMEDIATE:0, 
2024-04-24T05:23:14,476  INFO [LocalJobRunner Map Task Executor #0] vector.VectorSelectOperator: Closing Operator: SEL[8]
2024-04-24T05:23:14,476  INFO [LocalJobRunner Map Task Executor #0] vector.VectorSelectOperator: RECORDS_OUT_INTERMEDIATE:0, RECORDS_OUT_OPERATOR_SEL_8:5, 
2024-04-24T05:23:14,476  INFO [LocalJobRunner Map Task Executor #0] vector.VectorReduceSinkOperator: Closing Operator: RS[9]
2024-04-24T05:23:14,477  INFO [LocalJobRunner Map Task Executor #0] vector.VectorReduceSinkOperator: RS[9]: Total records written - 5. abort - false
2024-04-24T05:23:14,477  INFO [LocalJobRunner Map Task Executor #0] vector.VectorReduceSinkOperator: RECORDS_OUT_INTERMEDIATE:5, RECORDS_OUT_OPERATOR_RS_9:5, 
2024-04-24T05:23:14,477  INFO [LocalJobRunner Map Task Executor #0] mapred.LocalJobRunner: 
2024-04-24T05:23:14,477  INFO [LocalJobRunner Map Task Executor #0] mapred.MapTask: Starting flush of map output
2024-04-24T05:23:14,477  INFO [LocalJobRunner Map Task Executor #0] mapred.MapTask: Spilling map output
2024-04-24T05:23:14,477  INFO [LocalJobRunner Map Task Executor #0] mapred.MapTask: bufstart = 0; bufend = 135; bufvoid = 104857600
2024-04-24T05:23:14,477  INFO [LocalJobRunner Map Task Executor #0] mapred.MapTask: kvstart = 26214396(104857584); kvend = 26214380(104857520); length = 17/6553600
2024-04-24T05:23:14,487  INFO [LocalJobRunner Map Task Executor #0] mapred.MapTask: Finished spill 0
2024-04-24T05:23:14,490  INFO [LocalJobRunner Map Task Executor #0] mapred.Task: Task:attempt_local702021624_0069_m_000000_0 is done. And is in the process of committing
2024-04-24T05:23:14,491  INFO [LocalJobRunner Map Task Executor #0] mapred.LocalJobRunner: OrcSplit [file:/home/alex/Repositories/hive/ql/target/tmp/org.apache.hadoop.hive.ql.TestTxnNoBuckets-1713961246971/warehouse/t/000000_0, start=3, length=113, isOriginal=true, fileLength=259, hasFooter=false, hasBase=true, deltas=0]
2024-04-24T05:23:14,491  INFO [LocalJobRunner Map Task Executor #0] mapred.Task: Task 'attempt_local702021624_0069_m_000000_0' done.
2024-04-24T05:23:14,491  INFO [LocalJobRunner Map Task Executor #0] mapred.Task: Final Counters for attempt_local702021624_0069_m_000000_0: Counters: 25
	File System Counters
		FILE: Number of bytes read=1552810
		FILE: Number of bytes written=81288757
		FILE: Number of read operations=0
		FILE: Number of large read operations=0
		FILE: Number of write operations=0
	Map-Reduce Framework
		Map input records=1
		Map output records=5
		Map output bytes=135
		Map output materialized bytes=151
		Input split bytes=471
		Combine input records=0
		Spilled Records=5
		Failed Shuffles=0
		Merged Map outputs=0
		GC time elapsed (ms)=8
		Total committed heap usage (bytes)=1245184000
	HIVE
		DESERIALIZE_ERRORS=0
		RECORDS_IN=5
		RECORDS_OUT_INTERMEDIATE=5
		RECORDS_OUT_OPERATOR_FIL_7=5
		RECORDS_OUT_OPERATOR_MAP_0=0
		RECORDS_OUT_OPERATOR_RS_9=5
		RECORDS_OUT_OPERATOR_SEL_8=5
		RECORDS_OUT_OPERATOR_TS_0=5
	File Input Format Counters 
		Bytes Read=8164
2024-04-24T05:23:14,491  INFO [LocalJobRunner Map Task Executor #0] mapred.LocalJobRunner: Finishing task: attempt_local702021624_0069_m_000000_0
2024-04-24T05:23:14,491  INFO [Thread-4487] mapred.LocalJobRunner: map task executor complete.
2024-04-24T05:23:14,492  INFO [Thread-4487] mapred.LocalJobRunner: Waiting for reduce tasks
2024-04-24T05:23:14,492  INFO [pool-286-thread-1] mapred.LocalJobRunner: Starting task: attempt_local702021624_0069_r_000000_0
2024-04-24T05:23:14,492  INFO [pool-286-thread-1] mapred.Task:  Using ResourceCalculatorProcessTree : [ ]
2024-04-24T05:23:14,492  INFO [pool-286-thread-1] mapred.ReduceTask: Using ShuffleConsumerPlugin: org.apache.hadoop.mapreduce.task.reduce.Shuffle@5def27f3
2024-04-24T05:23:14,492  WARN [pool-286-thread-1] impl.MetricsSystemImpl: JobTracker metrics system already initialized!
2024-04-24T05:23:14,493  INFO [pool-286-thread-1] reduce.MergeManagerImpl: MergerManager: memoryLimit=1336252800, maxSingleShuffleLimit=334063200, mergeThreshold=881926912, ioSortFactor=10, memToMemMergeOutputsThreshold=10
2024-04-24T05:23:14,494  INFO [EventFetcher for fetching Map Completion Events] reduce.EventFetcher: attempt_local702021624_0069_r_000000_0 Thread started: EventFetcher for fetching Map Completion Events
2024-04-24T05:23:14,495  INFO [localfetcher#43] reduce.LocalFetcher: localfetcher#43 about to shuffle output of map attempt_local702021624_0069_m_000000_0 decomp: 147 len: 151 to MEMORY
2024-04-24T05:23:14,495  INFO [localfetcher#43] reduce.InMemoryMapOutput: Read 147 bytes from map-output for attempt_local702021624_0069_m_000000_0
2024-04-24T05:23:14,495  INFO [localfetcher#43] reduce.MergeManagerImpl: closeInMemoryFile -> map-output of size: 147, inMemoryMapOutputs.size() -> 1, commitMemory -> 0, usedMemory ->147
2024-04-24T05:23:14,495  INFO [EventFetcher for fetching Map Completion Events] reduce.EventFetcher: EventFetcher is interrupted.. Returning
2024-04-24T05:23:14,495  INFO [pool-286-thread-1] mapred.LocalJobRunner: 1 / 1 copied.
2024-04-24T05:23:14,496  INFO [pool-286-thread-1] reduce.MergeManagerImpl: finalMerge called with 1 in-memory map-outputs and 0 on-disk map-outputs
2024-04-24T05:23:14,502  INFO [pool-286-thread-1] mapred.Merger: Merging 1 sorted segments
2024-04-24T05:23:14,502  INFO [pool-286-thread-1] mapred.Merger: Down to the last merge-pass, with 1 segments left of total size: 135 bytes
2024-04-24T05:23:14,509  INFO [pool-286-thread-1] reduce.MergeManagerImpl: Merged 1 segments, 147 bytes to disk to satisfy reduce memory limit
2024-04-24T05:23:14,509  INFO [pool-286-thread-1] reduce.MergeManagerImpl: Merging 1 files, 151 bytes from disk
2024-04-24T05:23:14,509  INFO [pool-286-thread-1] reduce.MergeManagerImpl: Merging 0 segments, 0 bytes from memory into reduce
2024-04-24T05:23:14,509  INFO [pool-286-thread-1] mapred.Merger: Merging 1 sorted segments
2024-04-24T05:23:14,509  INFO [pool-286-thread-1] mapred.Merger: Down to the last merge-pass, with 1 segments left of total size: 135 bytes
2024-04-24T05:23:14,510  INFO [pool-286-thread-1] mapred.LocalJobRunner: 1 / 1 copied.
2024-04-24T05:23:14,511  INFO [pool-286-thread-1] exec.SerializationUtilities: Deserializing ReduceWork using kryo
2024-04-24T05:23:14,512  INFO [pool-286-thread-1] exec.Utilities: Deserialized plan (via FILE) - name: null size: 7,73KB
2024-04-24T05:23:14,514  INFO [pool-286-thread-1] ExecReducer: 
<SEL>Id =4
  <Children>
    <FS>Id =5
      <Children>
      <\Children>
      <Parent>Id = 4 null<\Parent>
    <\FS>
  <\Children>
  <Parent><\Parent>
<\SEL>
2024-04-24T05:23:14,514  INFO [pool-286-thread-1] exec.SelectOperator: Initializing Operator: SEL[4]
2024-04-24T05:23:14,514  INFO [pool-286-thread-1] exec.SelectOperator: SELECT struct<key:struct<reducesinkkey0:int>,value:struct<_col0:struct<writeid:bigint,bucketid:int,rowid:bigint>>>
2024-04-24T05:23:14,514  INFO [pool-286-thread-1] exec.FileSinkOperator: Initializing Operator: FS[5]
2024-04-24T05:23:14,516  INFO [pool-286-thread-1] exec.FileSinkOperator: Using serializer : class org.apache.hadoop.hive.serde2.lazy.LazySimpleSerDe [serdeParams=org.apache.hadoop.hive.serde2.lazy.LazySerDeParameters@55d7445e, cachedObjectInspector=org.apache.hadoop.hive.serde2.lazy.objectinspector.LazySimpleStructObjectInspector<org.apache.hadoop.hive.serde2.lazy.objectinspector.LazySimpleStructObjectInspector<org.apache.hadoop.hive.serde2.lazy.objectinspector.primitive.LazyLongObjectInspector@1201c2f6,org.apache.hadoop.hive.serde2.lazy.objectinspector.primitive.LazyIntObjectInspector@cbf9cc1,org.apache.hadoop.hive.serde2.lazy.objectinspector.primitive.LazyLongObjectInspector@1201c2f6>,org.apache.hadoop.hive.serde2.lazy.objectinspector.primitive.LazyIntObjectInspector@cbf9cc1>, serializedSize=0, stats=org.apache.hadoop.hive.serde2.SerDeStats@767439d9, lastOperationSerialize=false, lastOperationDeserialize=false [1, 2, 3, 4, 5, 6, 7, 8, 11, 14, 15, 16, 17, 18, 19, 20, 21, 22, 23, 24, 25, 26, 28, 29, 30, 31, -128, -127, -126, -125, -124, -123, -122, -121, -120, -119, -118, -117, -116, -115, -114, -113, -112, -111, -110, -109, -108, -107, -106, -105, -104, -103, -102, -101, -100, -99, -98, -97, -96, -95, -94, -93, -92, -91, -90, -89, -88, -87, -86, -85, -84, -83, -82, -81, -80, -79, -78, -77, -76, -75, -74, -73, -72, -71, -70, -69, -68, -67, -66, -65, -64, -63, -62, -61, -60, -59, -58, -57, -56, -55, -54, -53, -52, -51, -50, -49, -48, -47, -46, -45, -44, -43, -42, -41, -40, -39, -38, -37, -36, -35, -34, -33, -32, -31, -30, -29, -28, -27, -26, -25, -24, -23, -22, -21, -20, -19, -18, -17, -16, -15, -14, -13, -12, -11, -10, -9, -8, -7, -6, -5, -4, -3, -2, -1] : [_col0, _col1] : [struct<writeid:bigint,bucketid:int,rowid:bigint>, int]] and formatter : org.apache.hadoop.hive.ql.io.HiveSequenceFileOutputFormat@7f5a4529
2024-04-24T05:23:14,517  INFO [pool-286-thread-1] exec.FileSinkOperator: Final Path: FS file:/home/alex/Repositories/hive/ql/target/tmp/localscratchdir/5db64f43-30d5-4285-98e3-ffcdca3a2f1d/hive_2024-04-24_05-23-14_022_6592978260021437702-1/-mr-10001/.hive-staging_hive_2024-04-24_05-23-14_022_6592978260021437702-1/_tmp.-ext-10002/000000_0
2024-04-24T05:23:14,517  INFO [pool-286-thread-1] exec.FileSinkOperator: Writing to temp file: FS file:/home/alex/Repositories/hive/ql/target/tmp/localscratchdir/5db64f43-30d5-4285-98e3-ffcdca3a2f1d/hive_2024-04-24_05-23-14_022_6592978260021437702-1/-mr-10001/.hive-staging_hive_2024-04-24_05-23-14_022_6592978260021437702-1/_task_tmp.-ext-10002/_tmp.000000_0
2024-04-24T05:23:14,517  INFO [pool-286-thread-1] exec.FileSinkOperator: New Final Path: FS file:/home/alex/Repositories/hive/ql/target/tmp/localscratchdir/5db64f43-30d5-4285-98e3-ffcdca3a2f1d/hive_2024-04-24_05-23-14_022_6592978260021437702-1/-mr-10001/.hive-staging_hive_2024-04-24_05-23-14_022_6592978260021437702-1/_tmp.-ext-10002/000000_0
2024-04-24T05:23:14,536  INFO [pool-286-thread-1] exec.FileSinkOperator: FS[5]: records written - 1
2024-04-24T05:23:14,537  INFO [pool-286-thread-1] exec.SelectOperator: Closing Operator: SEL[4]
2024-04-24T05:23:14,537  INFO [pool-286-thread-1] exec.SelectOperator: RECORDS_OUT_INTERMEDIATE:0, RECORDS_OUT_OPERATOR_SEL_4:5, 
2024-04-24T05:23:14,537  INFO [pool-286-thread-1] exec.FileSinkOperator: Closing Operator: FS[5]
2024-04-24T05:23:14,537  INFO [pool-286-thread-1] exec.FileSinkOperator: FS[5]: records written - 5
2024-04-24T05:23:14,538  INFO [pool-286-thread-1] exec.FileSinkOperator: RECORDS_OUT_INTERMEDIATE:0, RECORDS_OUT_0:5, RECORDS_OUT_OPERATOR_FS_5:5, 
2024-04-24T05:23:14,539  INFO [pool-286-thread-1] mapred.Task: Task:attempt_local702021624_0069_r_000000_0 is done. And is in the process of committing
2024-04-24T05:23:14,540  INFO [pool-286-thread-1] mapred.LocalJobRunner: reduce > reduce
2024-04-24T05:23:14,540  INFO [pool-286-thread-1] mapred.Task: Task 'attempt_local702021624_0069_r_000000_0' done.
2024-04-24T05:23:14,540  INFO [pool-286-thread-1] mapred.Task: Final Counters for attempt_local702021624_0069_r_000000_0: Counters: 29
	File System Counters
		FILE: Number of bytes read=1560948
		FILE: Number of bytes written=81289147
		FILE: Number of read operations=0
		FILE: Number of large read operations=0
		FILE: Number of write operations=0
	Map-Reduce Framework
		Combine input records=0
		Combine output records=0
		Reduce input groups=5
		Reduce shuffle bytes=151
		Reduce input records=5
		Reduce output records=0
		Spilled Records=5
		Shuffled Maps =1
		Failed Shuffles=0
		Merged Map outputs=1
		GC time elapsed (ms)=0
		Total committed heap usage (bytes)=1245184000
	HIVE
		CREATED_FILES=1
		RECORDS_OUT_0=5
		RECORDS_OUT_INTERMEDIATE=0
		RECORDS_OUT_OPERATOR_FS_5=5
		RECORDS_OUT_OPERATOR_SEL_4=5
	Shuffle Errors
		BAD_ID=0
		CONNECTION=0
		IO_ERROR=0
		WRONG_LENGTH=0
		WRONG_MAP=0
		WRONG_REDUCE=0
	File Output Format Counters 
		Bytes Written=0
2024-04-24T05:23:14,540  INFO [pool-286-thread-1] mapred.LocalJobRunner: Finishing task: attempt_local702021624_0069_r_000000_0
2024-04-24T05:23:14,540  INFO [Thread-4487] mapred.LocalJobRunner: reduce task executor complete.
2024-04-24 05:23:15,457 Stage-1 map = 100%,  reduce = 100%
2024-04-24T05:23:15,457  INFO [main] exec.Task: 2024-04-24 05:23:15,457 Stage-1 map = 100%,  reduce = 100%
Ended Job = job_local702021624_0069
2024-04-24T05:23:15,459  INFO [main] exec.Task: Ended Job = job_local702021624_0069
2024-04-24T05:23:15,461  INFO [main] metadata.Hive: Dumping metastore api call timing information for : execution phase
2024-04-24T05:23:15,462  INFO [main] metadata.Hive: Total time spent in each metastore function (ms): {}
MapReduce Jobs Launched: 
2024-04-24T05:23:15,462  INFO [main] ql.Driver: MapReduce Jobs Launched: 
Stage-Stage-1:  HDFS Read: 0 HDFS Write: 0 SUCCESS
2024-04-24T05:23:15,462  INFO [main] ql.Driver: Stage-Stage-1:  HDFS Read: 0 HDFS Write: 0 SUCCESS
Total MapReduce CPU Time Spent: 0 msec
2024-04-24T05:23:15,462  INFO [main] ql.Driver: Total MapReduce CPU Time Spent: 0 msec
2024-04-24T05:23:15,462  INFO [main] ql.Driver: Completed executing command(queryId=alex_20240424052314_31f86e36-3a7c-474f-85db-85176c686b64); Time taken: 1.265 seconds
2024-04-24T05:23:15,462  INFO [main] lockmgr.DbTxnManager: Stopped heartbeat for query: alex_20240424052314_31f86e36-3a7c-474f-85db-85176c686b64
2024-04-24T05:23:15,465  INFO [main] txn.TxnHandler: Expected to move at least one record from txn_components to completed_txn_components when committing txn! txnid:21
2024-04-24T05:23:15,470  INFO [main] txn.TxnHandler: Removed transactions: ([21]) from MIN_HISTORY_LEVEL
2024-04-24T05:23:15,470  WARN [main] txn.CompactionTxnHandler: No compaction queue record found for Compaction type transaction commit. txnId:21
2024-04-24T05:23:15,474  INFO [main] mapred.FileInputFormat: Total input files to process : 1
2024-04-24T05:23:15,475  INFO [main] exec.ListSinkOperator: Closing Operator: LIST_SINK[10]
2024-04-24T05:23:15,475  INFO [main] exec.ListSinkOperator: RECORDS_OUT_INTERMEDIATE:0, RECORDS_OUT_OPERATOR_LIST_SINK_10:5, 
2024-04-24T05:23:15,475  WARN [main] ql.TestTxnNoBuckets: null: read data(After conversion with VC2): 
2024-04-24T05:23:15,475  INFO [main] ql.TestTxnNoBuckets: {"writeid":0,"bucketid":536870912,"rowid":0}	1
{"writeid":0,"bucketid":536870912,"rowid":1}	2
{"writeid":0,"bucketid":536870912,"rowid":2}	5
{"writeid":0,"bucketid":536870912,"rowid":3}	6
{"writeid":0,"bucketid":536870912,"rowid":4}	9

2024-04-24T05:23:15,475  INFO [main] ql.TxnCommandsBaseForTests: Running the query: EXPLAIN VECTORIZATION DETAIL select ROW__ID, a from T where b > 0 order by a
2024-04-24T05:23:15,475  INFO [main] ql.Context: Deleting scratch dir: file:/home/alex/Repositories/hive/ql/target/tmp/localscratchdir/5db64f43-30d5-4285-98e3-ffcdca3a2f1d/hive_2024-04-24_05-23-14_022_6592978260021437702-1
2024-04-24T05:23:15,476  INFO [main] cleanup.SyncCleanupService: Deleted directory: file:/home/alex/Repositories/hive/ql/target/tmp/localscratchdir/5db64f43-30d5-4285-98e3-ffcdca3a2f1d/hive_2024-04-24_05-23-14_022_6592978260021437702-1 on fs with scheme file
2024-04-24T05:23:15,476  INFO [main] ql.Driver: Compiling command(queryId=alex_20240424052315_79102a51-329d-4130-9e2d-823be75a9abe): EXPLAIN VECTORIZATION DETAIL select ROW__ID, a from T where b > 0 order by a
2024-04-24T05:23:15,478  INFO [main] txn.TxnHandler: Added entries to MIN_HISTORY_LEVEL for current txns: ([22]) with min_open_txn: 22
2024-04-24T05:23:15,479  INFO [main] lockmgr.DbTxnManager: Opened txnid:22
2024-04-24T05:23:15,479  INFO [main] parse.CalcitePlanner: Starting Semantic Analysis
2024-04-24T05:23:15,482  INFO [main] parse.CalcitePlanner: Completed phase 1 of Semantic Analysis
2024-04-24T05:23:15,482  INFO [main] parse.CalcitePlanner: Get metadata for source tables
2024-04-24T05:23:15,482  INFO [main] HiveMetaStore.audit: ugi=alex	ip=unknown-ip-addr	cmd=get_table : tbl=hive.default.t	
2024-04-24T05:23:15,489  INFO [main] metastore.HMSHandler: Skipping translation for processor with null
2024-04-24T05:23:15,489  INFO [main] parse.CalcitePlanner: Get metadata for subqueries
2024-04-24T05:23:15,489  INFO [main] parse.CalcitePlanner: Get metadata for destination tables
2024-04-24T05:23:15,489  INFO [main] parse.CalcitePlanner: Completed getting MetaData in Semantic Analysis
2024-04-24T05:23:15,500  INFO [main] HiveMetaStore.audit: ugi=alex	ip=unknown-ip-addr	cmd=get_all_table_constraints : tbl=hive.default.t	
2024-04-24T05:23:15,534  INFO [main] calcite.RelOptHiveTable: Calculating column statistics for default.t, projIndxSet: [0, 1], allowMissingStats: true
2024-04-24T05:23:15,534  INFO [main] HiveMetaStore.audit: ugi=alex	ip=unknown-ip-addr	cmd=get_table_statistics_req: table=hive.default.t	
2024-04-24T05:23:15,542  WARN [main] calcite.RelOptHiveTable: No Stats for default@t, Columns: b, a
No Stats for default@t, Columns: b, a
2024-04-24T05:23:15,542  INFO [main] SessionState: No Stats for default@t, Columns: b, a
2024-04-24T05:23:15,594  INFO [main] parse.CalcitePlanner: Get metadata for source tables
2024-04-24T05:23:15,594  INFO [main] parse.CalcitePlanner: Get metadata for subqueries
2024-04-24T05:23:15,594  INFO [main] parse.CalcitePlanner: Get metadata for destination tables
2024-04-24T05:23:15,595  INFO [main] parse.CalcitePlanner: CBO Succeeded; optimized logical plan.
2024-04-24T05:23:15,598  INFO [main] optimizer.ColumnPrunerProcFactory: RS 3 oldColExprMap: {KEY.reducesinkkey0=Column[_col1], VALUE._col0=Column[_col0]}
2024-04-24T05:23:15,598  INFO [main] optimizer.ColumnPrunerProcFactory: RS 3 newColExprMap: {KEY.reducesinkkey0=Column[_col1], VALUE._col0=Column[_col0]}
2024-04-24T05:23:15,599  INFO [main] optimizer.BucketVersionPopulator: not considering bucketingVersion for: TS[0] because it has -1<2 buckets 
2024-04-24T05:23:15,602  INFO [main] optimizer.SortedDynPartitionOptimizer: Sorted dynamic partitioning optimization kicked in..
2024-04-24T05:23:15,610  INFO [main] physical.Vectorizer: Examining input format to see if vectorization is enabled.
2024-04-24T05:23:15,610  INFO [main] physical.Vectorizer: Vectorization is enabled for input format(s) [org.apache.hadoop.hive.ql.io.orc.OrcInputFormat]
2024-04-24T05:23:15,610  INFO [main] physical.Vectorizer: Validating and vectorizing MapWork... (vectorizedVertexNum 0)
2024-04-24T05:23:15,612  INFO [main] physical.Vectorizer: Map vectorization enabled: true
2024-04-24T05:23:15,612  INFO [main] physical.Vectorizer: Map vectorized: true
2024-04-24T05:23:15,612  INFO [main] physical.Vectorizer: Map vectorizedVertexNum: 0
2024-04-24T05:23:15,612  INFO [main] physical.Vectorizer: Map enabledConditionsMet: [hive.vectorized.use.vectorized.input.format IS true]
2024-04-24T05:23:15,612  INFO [main] physical.Vectorizer: Map inputFileFormatClassNameSet: [org.apache.hadoop.hive.ql.io.orc.OrcInputFormat]
2024-04-24T05:23:15,612  INFO [main] physical.Vectorizer: Reduce vectorization enabled: false
2024-04-24T05:23:15,612  INFO [main] physical.Vectorizer: Reduce vectorized: false
2024-04-24T05:23:15,612  INFO [main] physical.Vectorizer: Reduce vectorizedVertexNum: 1
2024-04-24T05:23:15,612  INFO [main] physical.Vectorizer: Reducer hive.vectorized.execution.reduce.enabled: true
2024-04-24T05:23:15,612  INFO [main] physical.Vectorizer: Reducer engine: mr
2024-04-24T05:23:15,612  INFO [main] parse.CalcitePlanner: Completed plan generation
2024-04-24T05:23:15,612  INFO [main] ql.Driver: Semantic Analysis Completed (retrial = false)
2024-04-24T05:23:15,613  INFO [main] ql.Driver: Created Hive schema: Schema(fieldSchemas:[FieldSchema(name:Explain, type:string, comment:null)], properties:null)
2024-04-24T05:23:15,613  INFO [main] metadata.Hive: Dumping metastore api call timing information for : compilation phase
2024-04-24T05:23:15,613  INFO [main] metadata.Hive: Total time spent in each metastore function (ms): {getTable_(GetTableRequest)=7, getTableColumnStatistics_(String, String, List, String)=7, commitTxn_(CommitTxnRequest)=9, isCompatibleWith_(Configuration)=2, flushCache_()=0, openTxn_(String, TxnType)=2, getValidWriteIds_(List, String)=3, getValidTxns_(long)=0, getAllTableConstraints_(AllTableConstraintsRequest)=4}
2024-04-24T05:23:15,613  INFO [main] ql.Driver: Completed compiling command(queryId=alex_20240424052315_79102a51-329d-4130-9e2d-823be75a9abe); Time taken: 0.137 seconds
2024-04-24T05:23:15,613  INFO [main] ql.Driver: Executing command(queryId=alex_20240424052315_79102a51-329d-4130-9e2d-823be75a9abe): EXPLAIN VECTORIZATION DETAIL select ROW__ID, a from T where b > 0 order by a
2024-04-24T05:23:15,613  INFO [main] ql.Driver: Starting task [Stage-2:EXPLAIN] in serial mode
2024-04-24T05:23:15,624  INFO [main] metadata.Hive: Dumping metastore api call timing information for : execution phase
2024-04-24T05:23:15,624  INFO [main] metadata.Hive: Total time spent in each metastore function (ms): {}
2024-04-24T05:23:15,624  INFO [main] ql.Driver: Completed executing command(queryId=alex_20240424052315_79102a51-329d-4130-9e2d-823be75a9abe); Time taken: 0.011 seconds
2024-04-24T05:23:15,624  INFO [main] lockmgr.DbTxnManager: Stopped heartbeat for query: null
2024-04-24T05:23:15,629  INFO [main] txn.TxnHandler: Expected to move at least one record from txn_components to completed_txn_components when committing txn! txnid:22
2024-04-24T05:23:15,634  INFO [main] txn.TxnHandler: Removed transactions: ([22]) from MIN_HISTORY_LEVEL
2024-04-24T05:23:15,634  WARN [main] txn.CompactionTxnHandler: No compaction queue record found for Compaction type transaction commit. txnId:22
2024-04-24T05:23:15,635  INFO [main] ql.TxnCommandsBaseForTests: Running the query: select ROW__ID, a, INPUT__FILE__NAME from T where b > 6 order by a
2024-04-24T05:23:15,635  INFO [main] ql.Context: Deleting scratch dir: file:/home/alex/Repositories/hive/ql/target/tmp/localscratchdir/5db64f43-30d5-4285-98e3-ffcdca3a2f1d/hive_2024-04-24_05-23-15_476_5873897816602299682-1
2024-04-24T05:23:15,635  INFO [main] cleanup.SyncCleanupService: Deleted directory: file:/home/alex/Repositories/hive/ql/target/tmp/localscratchdir/5db64f43-30d5-4285-98e3-ffcdca3a2f1d/hive_2024-04-24_05-23-15_476_5873897816602299682-1 on fs with scheme file
2024-04-24T05:23:15,636  INFO [main] ql.Driver: Compiling command(queryId=alex_20240424052315_c3c69a9c-92f0-4476-afdb-76585e50ac1d): select ROW__ID, a, INPUT__FILE__NAME from T where b > 6 order by a
2024-04-24T05:23:15,638  INFO [main] txn.TxnHandler: Added entries to MIN_HISTORY_LEVEL for current txns: ([23]) with min_open_txn: 22
2024-04-24T05:23:15,638  INFO [main] lockmgr.DbTxnManager: Opened txnid:23
2024-04-24T05:23:15,639  INFO [main] parse.CalcitePlanner: Starting caching scope for: 
2024-04-24T05:23:15,639  INFO [main] parse.CalcitePlanner: Starting Semantic Analysis
2024-04-24T05:23:15,641  INFO [main] parse.CalcitePlanner: Completed phase 1 of Semantic Analysis
2024-04-24T05:23:15,641  INFO [main] parse.CalcitePlanner: Get metadata for source tables
2024-04-24T05:23:15,642  INFO [main] HiveMetaStore.audit: ugi=alex	ip=unknown-ip-addr	cmd=get_table : tbl=hive.default.t	
2024-04-24T05:23:15,648  INFO [main] metastore.HMSHandler: Skipping translation for processor with null
2024-04-24T05:23:15,648  INFO [main] parse.CalcitePlanner: Get metadata for subqueries
2024-04-24T05:23:15,648  INFO [main] parse.CalcitePlanner: Get metadata for destination tables
2024-04-24T05:23:15,648  INFO [main] parse.CalcitePlanner: Completed getting MetaData in Semantic Analysis
2024-04-24T05:23:15,659  INFO [main] HiveMetaStore.audit: ugi=alex	ip=unknown-ip-addr	cmd=get_all_table_constraints : tbl=hive.default.t	
2024-04-24T05:23:15,692  INFO [main] calcite.RelOptHiveTable: Calculating column statistics for default.t, projIndxSet: [0, 1], allowMissingStats: true
2024-04-24T05:23:15,693  INFO [main] HiveMetaStore.audit: ugi=alex	ip=unknown-ip-addr	cmd=get_table_statistics_req: table=hive.default.t	
2024-04-24T05:23:15,700  WARN [main] calcite.RelOptHiveTable: No Stats for default@t, Columns: b, a
No Stats for default@t, Columns: b, a
2024-04-24T05:23:15,700  INFO [main] SessionState: No Stats for default@t, Columns: b, a
2024-04-24T05:23:15,758  INFO [main] parse.CalcitePlanner: Get metadata for source tables
2024-04-24T05:23:15,759  INFO [main] parse.CalcitePlanner: Get metadata for subqueries
2024-04-24T05:23:15,759  INFO [main] parse.CalcitePlanner: Get metadata for destination tables
2024-04-24T05:23:15,760  INFO [main] common.FileUtils: Creating directory if it doesn't exist: file:/home/alex/Repositories/hive/ql/target/tmp/localscratchdir/5db64f43-30d5-4285-98e3-ffcdca3a2f1d/hive_2024-04-24_05-23-15_635_8016374965959801521-1/-mr-10001/.hive-staging_hive_2024-04-24_05-23-15_635_8016374965959801521-1
2024-04-24T05:23:15,767  INFO [main] parse.CalcitePlanner: CBO Succeeded; optimized logical plan.
2024-04-24T05:23:15,769  INFO [main] optimizer.ColumnPrunerProcFactory: RS 3 oldColExprMap: {VALUE._col0=Column[_col0], VALUE._col1=Column[_col2], KEY.reducesinkkey0=Column[_col1]}
2024-04-24T05:23:15,770  INFO [main] optimizer.ColumnPrunerProcFactory: RS 3 newColExprMap: {VALUE._col1=Column[_col2], KEY.reducesinkkey0=Column[_col1], VALUE._col0=Column[_col0]}
2024-04-24T05:23:15,770  INFO [main] optimizer.BucketVersionPopulator: not considering bucketingVersion for: TS[0] because it has -1<2 buckets 
2024-04-24T05:23:15,771  INFO [main] optimizer.SortedDynPartitionOptimizer: Sorted dynamic partitioning optimization kicked in..
2024-04-24T05:23:15,779  INFO [main] physical.Vectorizer: Examining input format to see if vectorization is enabled.
2024-04-24T05:23:15,779  INFO [main] physical.Vectorizer: Vectorization is enabled for input format(s) [org.apache.hadoop.hive.ql.io.orc.OrcInputFormat]
2024-04-24T05:23:15,779  INFO [main] physical.Vectorizer: Validating and vectorizing MapWork... (vectorizedVertexNum 0)
2024-04-24T05:23:15,781  INFO [main] physical.Vectorizer: Map vectorization enabled: true
2024-04-24T05:23:15,781  INFO [main] physical.Vectorizer: Map vectorized: false
2024-04-24T05:23:15,782  INFO [main] physical.Vectorizer: Map notVectorizedReason: Select expression for SELECT operator: Virtual column INPUT__FILE__NAME is not supported
2024-04-24T05:23:15,782  INFO [main] physical.Vectorizer: Map vectorizedVertexNum: 0
2024-04-24T05:23:15,782  INFO [main] physical.Vectorizer: Map enabledConditionsMet: [hive.vectorized.use.vectorized.input.format IS true]
2024-04-24T05:23:15,782  INFO [main] physical.Vectorizer: Map inputFileFormatClassNameSet: [org.apache.hadoop.hive.ql.io.orc.OrcInputFormat]
2024-04-24T05:23:15,782  INFO [main] physical.Vectorizer: Reduce vectorization enabled: false
2024-04-24T05:23:15,782  INFO [main] physical.Vectorizer: Reduce vectorized: false
2024-04-24T05:23:15,782  INFO [main] physical.Vectorizer: Reduce vectorizedVertexNum: 1
2024-04-24T05:23:15,782  INFO [main] physical.Vectorizer: Reducer hive.vectorized.execution.reduce.enabled: true
2024-04-24T05:23:15,782  INFO [main] physical.Vectorizer: Reducer engine: mr
2024-04-24T05:23:15,782  INFO [main] parse.CalcitePlanner: Completed plan generation
2024-04-24T05:23:15,782  INFO [main] parse.CalcitePlanner: Ending caching scope for: 
2024-04-24T05:23:15,782  INFO [main] ql.Driver: Semantic Analysis Completed (retrial = false)
2024-04-24T05:23:15,782  INFO [main] ql.Driver: Created Hive schema: Schema(fieldSchemas:[FieldSchema(name:row__id, type:struct<writeid:bigint,bucketid:int,rowid:bigint>, comment:null), FieldSchema(name:a, type:int, comment:null), FieldSchema(name:input__file__name, type:string, comment:null)], properties:null)
2024-04-24T05:23:15,783  INFO [main] exec.ListSinkOperator: Initializing Operator: LIST_SINK[8]
2024-04-24T05:23:15,783  INFO [main] metadata.Hive: Dumping metastore api call timing information for : compilation phase
2024-04-24T05:23:15,783  INFO [main] metadata.Hive: Total time spent in each metastore function (ms): {flushCache_()=0, isCompatibleWith_(Configuration)=0, openTxn_(String, TxnType)=2, commitTxn_(CommitTxnRequest)=10, getValidWriteIds_(List, String)=3, getValidTxns_(long)=1, getTableColumnStatistics_(String, String, List, String)=8, getTable_(GetTableRequest)=6, getAllTableConstraints_(AllTableConstraintsRequest)=4}
2024-04-24T05:23:15,783  INFO [main] ql.Driver: Completed compiling command(queryId=alex_20240424052315_c3c69a9c-92f0-4476-afdb-76585e50ac1d); Time taken: 0.148 seconds
2024-04-24T05:23:15,784  INFO [main] lockmgr.DbTxnManager: Setting lock request transaction to txnid:23 for queryId=alex_20240424052315_c3c69a9c-92f0-4476-afdb-76585e50ac1d
2024-04-24T05:23:15,784  INFO [main] lockmgr.DbLockManager: Requesting lock for queryId=alex_20240424052315_c3c69a9c-92f0-4476-afdb-76585e50ac1d
2024-04-24T05:23:15,798  INFO [main] lockmgr.DbLockManager: Response to queryId=alex_20240424052315_c3c69a9c-92f0-4476-afdb-76585e50ac1d LockResponse(lockid:14, state:ACQUIRED)
2024-04-24T05:23:15,798  INFO [main] ql.Driver: Operation QUERY obtained 1 locks
2024-04-24T05:23:15,799  INFO [main] ql.Driver: Executing command(queryId=alex_20240424052315_c3c69a9c-92f0-4476-afdb-76585e50ac1d): select ROW__ID, a, INPUT__FILE__NAME from T where b > 6 order by a
2024-04-24T05:23:15,799  WARN [main] ql.Driver: Hive-on-MR is deprecated in Hive 2 and may not be available in the future versions. Consider using a different execution engine (i.e. spark, tez) or using Hive 1.X releases.
Query ID = alex_20240424052315_c3c69a9c-92f0-4476-afdb-76585e50ac1d
2024-04-24T05:23:15,799  INFO [main] ql.Driver: Query ID = alex_20240424052315_c3c69a9c-92f0-4476-afdb-76585e50ac1d
Total jobs = 1
2024-04-24T05:23:15,799  INFO [main] ql.Driver: Total jobs = 1
Launching Job 1 out of 1
2024-04-24T05:23:15,799  INFO [main] ql.Driver: Launching Job 1 out of 1
2024-04-24T05:23:15,930  INFO [main] ql.Driver: Starting task [Stage-1:MAPRED] in serial mode
Number of reduce tasks determined at compile time: 1
2024-04-24T05:23:15,930  INFO [main] exec.Task: Number of reduce tasks determined at compile time: 1
In order to change the average load for a reducer (in bytes):
2024-04-24T05:23:15,930  INFO [main] exec.Task: In order to change the average load for a reducer (in bytes):
  set hive.exec.reducers.bytes.per.reducer=<number>
2024-04-24T05:23:15,930  INFO [main] exec.Task:   set hive.exec.reducers.bytes.per.reducer=<number>
In order to limit the maximum number of reducers:
2024-04-24T05:23:15,930  INFO [main] exec.Task: In order to limit the maximum number of reducers:
  set hive.exec.reducers.max=<number>
2024-04-24T05:23:15,930  INFO [main] exec.Task:   set hive.exec.reducers.max=<number>
In order to set a constant number of reducers:
2024-04-24T05:23:15,930  INFO [main] exec.Task: In order to set a constant number of reducers:
  set mapreduce.job.reduces=<number>
2024-04-24T05:23:15,931  INFO [main] exec.Task:   set mapreduce.job.reduces=<number>
2024-04-24T05:23:15,933  INFO [main] mr.ExecDriver: Using org.apache.hadoop.hive.ql.io.HiveInputFormat
2024-04-24T05:23:15,933  INFO [main] exec.Utilities: Processing alias t
2024-04-24T05:23:15,933  INFO [main] exec.Utilities: Adding 1 inputs; the first input is file:/home/alex/Repositories/hive/ql/target/tmp/org.apache.hadoop.hive.ql.TestTxnNoBuckets-1713961246971/warehouse/t
2024-04-24T05:23:15,943  INFO [main] exec.SerializationUtilities: Serializing MapWork using kryo
2024-04-24T05:23:15,944  INFO [main] exec.Utilities: Serialized plan (via FILE) - name: null size: 5,59KB
2024-04-24T05:23:15,949  INFO [main] exec.SerializationUtilities: Serializing ReduceWork using kryo
2024-04-24T05:23:15,950  INFO [main] exec.Utilities: Serialized plan (via FILE) - name: null size: 6,35KB
2024-04-24T05:23:15,951  WARN [main] impl.MetricsSystemImpl: JobTracker metrics system already initialized!
2024-04-24T05:23:15,956  WARN [main] impl.MetricsSystemImpl: JobTracker metrics system already initialized!
2024-04-24T05:23:15,963  WARN [main] mapreduce.JobResourceUploader: Hadoop command-line option parsing not performed. Implement the Tool interface and execute your application with ToolRunner to remedy this.
2024-04-24T05:23:15,968  WARN [main] mapreduce.JobResourceUploader: No job jar file set.  User classes may not be found. See Job or Job#setJar(String).
2024-04-24T05:23:15,969  INFO [main] io.HiveInputFormat: hive.io.file.readcolumn.ids = 0,1
2024-04-24T05:23:15,969  INFO [main] io.HiveInputFormat: hive.io.file.readcolumn.names = a,b
2024-04-24T05:23:15,969  INFO [main] io.HiveInputFormat: Generating splits for dirs: file:/home/alex/Repositories/hive/ql/target/tmp/org.apache.hadoop.hive.ql.TestTxnNoBuckets-1713961246971/warehouse/t
2024-04-24T05:23:15,969  INFO [main] orc.OrcInputFormat: getSplits started
2024-04-24T05:23:15,970  INFO [main] orc.OrcInputFormat: Context:: isAcid: true isVectorMode: false sarg: (not leaf-(LESS_THAN_EQUALS b 6)) minSplitSize: 1 maxSplitSize: 256000000 splitStrategy: HYBRID footerInSplits: false numBuckets: 0 numThreads: 10 cacheMemSize: 268435456 cacheStripeDetails: true useSoftReference: false writeIdList: default.t:10000000:9223372036854775807:: isTransactionalTable: true txnProperties: default 
2024-04-24T05:23:15,970  INFO [main] orc.OrcInputFormat: ORC pushdown predicate: (not leaf-(LESS_THAN_EQUALS b 6))
2024-04-24T05:23:15,974  INFO [main] orc.OrcInputFormat: FooterCacheHitRatio: 1/1
2024-04-24T05:23:15,974  INFO [main] orc.OrcInputFormat: getSplits finished (#splits: 1). duration: 5 ms
2024-04-24T05:23:15,974  INFO [main] io.HiveInputFormat: number of splits 1
2024-04-24T05:23:15,992  INFO [main] mapreduce.JobSubmitter: number of splits:1
2024-04-24T05:23:16,012  INFO [main] mapreduce.JobSubmitter: Submitting tokens for job: job_local16263042_0070
2024-04-24T05:23:16,012  INFO [main] mapreduce.JobSubmitter: Executing with tokens: []
2024-04-24T05:23:16,073  INFO [main] mapreduce.Job: The url to track the job: http://localhost:8080/
Job running in-process (local Hadoop)
2024-04-24T05:23:16,074  INFO [main] exec.Task: Job running in-process (local Hadoop)
2024-04-24T05:23:16,074  INFO [Thread-4540] mapred.LocalJobRunner: OutputCommitter set in config org.apache.hadoop.hive.ql.io.HiveFileFormatUtils$NullOutputCommitter
2024-04-24T05:23:16,074  INFO [Thread-4540] mapred.LocalJobRunner: OutputCommitter is org.apache.hadoop.hive.ql.io.HiveFileFormatUtils$NullOutputCommitter
2024-04-24T05:23:16,075  INFO [Thread-4540] mapred.LocalJobRunner: Waiting for map tasks
2024-04-24T05:23:16,076  INFO [LocalJobRunner Map Task Executor #0] mapred.LocalJobRunner: Starting task: attempt_local16263042_0070_m_000000_0
2024-04-24T05:23:16,076  INFO [LocalJobRunner Map Task Executor #0] mapred.Task:  Using ResourceCalculatorProcessTree : [ ]
2024-04-24T05:23:16,076  INFO [LocalJobRunner Map Task Executor #0] mapred.MapTask: Processing split: org.apache.hadoop.hive.ql.io.orc.OrcInputFormat:OrcSplit [file:/home/alex/Repositories/hive/ql/target/tmp/org.apache.hadoop.hive.ql.TestTxnNoBuckets-1713961246971/warehouse/t/000000_0, start=3, length=113, isOriginal=true, fileLength=259, hasFooter=false, hasBase=true, deltas=0]
2024-04-24T05:23:16,077  INFO [LocalJobRunner Map Task Executor #0] exec.SerializationUtilities: Deserializing MapWork using kryo
2024-04-24T05:23:16,077  INFO [LocalJobRunner Map Task Executor #0] exec.Utilities: Deserialized plan (via FILE) - name: null size: 5,59KB
2024-04-24T05:23:16,078  INFO [LocalJobRunner Map Task Executor #0] orc.OrcInputFormat: ORC pushdown predicate: (not leaf-(LESS_THAN_EQUALS b 6))
2024-04-24T05:23:16,078  INFO [LocalJobRunner Map Task Executor #0] orc.OrcRawRecordMerger: min key = null, max key = null
2024-04-24T05:23:16,078  INFO [LocalJobRunner Map Task Executor #0] orc.ReaderImpl: Reading ORC rows from file:/home/alex/Repositories/hive/ql/target/tmp/org.apache.hadoop.hive.ql.TestTxnNoBuckets-1713961246971/warehouse/t/000000_0 with {include: [true, true, true], offset: 3, length: 113, sarg: (not leaf-(LESS_THAN_EQUALS b 6)), schema: struct<a:int,b:int>, includeAcidColumns: true}
2024-04-24T05:23:16,082  INFO [LocalJobRunner Map Task Executor #0] orc.OrcRawRecordMerger: updated min key = null, max key = null
2024-04-24T05:23:16,082  INFO [LocalJobRunner Map Task Executor #0] mapred.MapTask: numReduceTasks: 1
2024-04-24T05:23:16,086  INFO [LocalJobRunner Map Task Executor #0] mapred.MapTask: (EQUATOR) 0 kvi 26214396(104857584)
2024-04-24T05:23:16,086  INFO [LocalJobRunner Map Task Executor #0] mapred.MapTask: mapreduce.task.io.sort.mb: 100
2024-04-24T05:23:16,086  INFO [LocalJobRunner Map Task Executor #0] mapred.MapTask: soft limit at 83886080
2024-04-24T05:23:16,086  INFO [LocalJobRunner Map Task Executor #0] mapred.MapTask: bufstart = 0; bufvoid = 104857600
2024-04-24T05:23:16,086  INFO [LocalJobRunner Map Task Executor #0] mapred.MapTask: kvstart = 26214396; length = 6553600
2024-04-24T05:23:16,087  INFO [LocalJobRunner Map Task Executor #0] mapred.MapTask: Map output collector class = org.apache.hadoop.mapred.MapTask$MapOutputBuffer
2024-04-24T05:23:16,087  INFO [LocalJobRunner Map Task Executor #0] exec.MapOperator: Initializing Operator: MAP[0]
2024-04-24T05:23:16,088  INFO [LocalJobRunner Map Task Executor #0] mr.ExecMapper: 
<MAP>Id =0
  <Children>null
  <\Children>
  <Parent><\Parent>
<\MAP>
2024-04-24T05:23:16,088  INFO [LocalJobRunner Map Task Executor #0] exec.TableScanOperator: Initializing Operator: TS[0]
2024-04-24T05:23:16,088  INFO [LocalJobRunner Map Task Executor #0] exec.FilterOperator: Initializing Operator: FIL[6]
2024-04-24T05:23:16,088  INFO [LocalJobRunner Map Task Executor #0] exec.SelectOperator: Initializing Operator: SEL[2]
2024-04-24T05:23:16,088  INFO [LocalJobRunner Map Task Executor #0] exec.SelectOperator: SELECT struct<a:int,b:int,input__file__name:string,row__id:struct<writeid:bigint,bucketid:int,rowid:bigint>>
2024-04-24T05:23:16,088  INFO [LocalJobRunner Map Task Executor #0] exec.ReduceSinkOperator: Initializing Operator: RS[3]
2024-04-24T05:23:16,089  INFO [LocalJobRunner Map Task Executor #0] exec.ReduceSinkOperator: Using tag = -1
2024-04-24T05:23:16,089  INFO [LocalJobRunner Map Task Executor #0] exec.MapOperator: MAP[0]: records read - 1
2024-04-24T05:23:16,089  INFO [LocalJobRunner Map Task Executor #0] exec.ReduceSinkOperator: keys are [reducesinkkey0] num distributions: 1
2024-04-24T05:23:16,089  INFO [LocalJobRunner Map Task Executor #0] exec.ReduceSinkOperator: RS[3]: records written - 1
2024-04-24T05:23:16,090  INFO [LocalJobRunner Map Task Executor #0] exec.MapOperator: Closing Operator: MAP[0]
2024-04-24T05:23:16,090  INFO [LocalJobRunner Map Task Executor #0] exec.MapOperator: MAP[0]: Total records read - 5. abort - false
2024-04-24T05:23:16,090  INFO [LocalJobRunner Map Task Executor #0] exec.MapOperator: DESERIALIZE_ERRORS:0, RECORDS_IN:5, RECORDS_OUT_OPERATOR_MAP_0:0, RECORDS_OUT_INTERMEDIATE:0, 
2024-04-24T05:23:16,090  INFO [LocalJobRunner Map Task Executor #0] exec.TableScanOperator: Closing Operator: TS[0]
2024-04-24T05:23:16,090  INFO [LocalJobRunner Map Task Executor #0] exec.TableScanOperator: RECORDS_OUT_INTERMEDIATE:0, RECORDS_OUT_OPERATOR_TS_0:5, 
2024-04-24T05:23:16,090  INFO [LocalJobRunner Map Task Executor #0] exec.FilterOperator: Closing Operator: FIL[6]
2024-04-24T05:23:16,090  INFO [LocalJobRunner Map Task Executor #0] exec.FilterOperator: RECORDS_OUT_OPERATOR_FIL_6:2, RECORDS_OUT_INTERMEDIATE:0, 
2024-04-24T05:23:16,090  INFO [LocalJobRunner Map Task Executor #0] exec.SelectOperator: Closing Operator: SEL[2]
2024-04-24T05:23:16,090  INFO [LocalJobRunner Map Task Executor #0] exec.SelectOperator: RECORDS_OUT_OPERATOR_SEL_2:2, RECORDS_OUT_INTERMEDIATE:0, 
2024-04-24T05:23:16,090  INFO [LocalJobRunner Map Task Executor #0] exec.ReduceSinkOperator: Closing Operator: RS[3]
2024-04-24T05:23:16,090  INFO [LocalJobRunner Map Task Executor #0] exec.ReduceSinkOperator: RS[3]: Total records written - 2. abort - false
2024-04-24T05:23:16,090  INFO [LocalJobRunner Map Task Executor #0] exec.ReduceSinkOperator: RECORDS_OUT_INTERMEDIATE:2, RECORDS_OUT_OPERATOR_RS_3:2, 
2024-04-24T05:23:16,090  INFO [LocalJobRunner Map Task Executor #0] mapred.LocalJobRunner: 
2024-04-24T05:23:16,090  INFO [LocalJobRunner Map Task Executor #0] mapred.MapTask: Starting flush of map output
2024-04-24T05:23:16,090  INFO [LocalJobRunner Map Task Executor #0] mapred.MapTask: Spilling map output
2024-04-24T05:23:16,090  INFO [LocalJobRunner Map Task Executor #0] mapred.MapTask: bufstart = 0; bufend = 306; bufvoid = 104857600
2024-04-24T05:23:16,091  INFO [LocalJobRunner Map Task Executor #0] mapred.MapTask: kvstart = 26214396(104857584); kvend = 26214392(104857568); length = 5/6553600
2024-04-24T05:23:16,102  INFO [LocalJobRunner Map Task Executor #0] mapred.MapTask: Finished spill 0
2024-04-24T05:23:16,105  INFO [LocalJobRunner Map Task Executor #0] mapred.Task: Task:attempt_local16263042_0070_m_000000_0 is done. And is in the process of committing
2024-04-24T05:23:16,105  INFO [LocalJobRunner Map Task Executor #0] mapred.LocalJobRunner: OrcSplit [file:/home/alex/Repositories/hive/ql/target/tmp/org.apache.hadoop.hive.ql.TestTxnNoBuckets-1713961246971/warehouse/t/000000_0, start=3, length=113, isOriginal=true, fileLength=259, hasFooter=false, hasBase=true, deltas=0]
2024-04-24T05:23:16,105  INFO [LocalJobRunner Map Task Executor #0] mapred.Task: Task 'attempt_local16263042_0070_m_000000_0' done.
2024-04-24T05:23:16,105  INFO [LocalJobRunner Map Task Executor #0] mapred.Task: Final Counters for attempt_local16263042_0070_m_000000_0: Counters: 25
	File System Counters
		FILE: Number of bytes read=1572773
		FILE: Number of bytes written=82463897
		FILE: Number of read operations=0
		FILE: Number of large read operations=0
		FILE: Number of write operations=0
	Map-Reduce Framework
		Map input records=5
		Map output records=2
		Map output bytes=306
		Map output materialized bytes=318
		Input split bytes=451
		Combine input records=0
		Spilled Records=2
		Failed Shuffles=0
		Merged Map outputs=0
		GC time elapsed (ms)=0
		Total committed heap usage (bytes)=1245184000
	HIVE
		DESERIALIZE_ERRORS=0
		RECORDS_IN=5
		RECORDS_OUT_INTERMEDIATE=2
		RECORDS_OUT_OPERATOR_FIL_6=2
		RECORDS_OUT_OPERATOR_MAP_0=0
		RECORDS_OUT_OPERATOR_RS_3=2
		RECORDS_OUT_OPERATOR_SEL_2=2
		RECORDS_OUT_OPERATOR_TS_0=5
	File Input Format Counters 
		Bytes Read=7017
2024-04-24T05:23:16,105  INFO [LocalJobRunner Map Task Executor #0] mapred.LocalJobRunner: Finishing task: attempt_local16263042_0070_m_000000_0
2024-04-24T05:23:16,105  INFO [Thread-4540] mapred.LocalJobRunner: map task executor complete.
2024-04-24T05:23:16,106  INFO [Thread-4540] mapred.LocalJobRunner: Waiting for reduce tasks
2024-04-24T05:23:16,106  INFO [pool-289-thread-1] mapred.LocalJobRunner: Starting task: attempt_local16263042_0070_r_000000_0
2024-04-24T05:23:16,107  INFO [pool-289-thread-1] mapred.Task:  Using ResourceCalculatorProcessTree : [ ]
2024-04-24T05:23:16,107  INFO [pool-289-thread-1] mapred.ReduceTask: Using ShuffleConsumerPlugin: org.apache.hadoop.mapreduce.task.reduce.Shuffle@1413b7ca
2024-04-24T05:23:16,107  WARN [pool-289-thread-1] impl.MetricsSystemImpl: JobTracker metrics system already initialized!
2024-04-24T05:23:16,107  INFO [pool-289-thread-1] reduce.MergeManagerImpl: MergerManager: memoryLimit=1336252800, maxSingleShuffleLimit=334063200, mergeThreshold=881926912, ioSortFactor=10, memToMemMergeOutputsThreshold=10
2024-04-24T05:23:16,108  INFO [EventFetcher for fetching Map Completion Events] reduce.EventFetcher: attempt_local16263042_0070_r_000000_0 Thread started: EventFetcher for fetching Map Completion Events
2024-04-24T05:23:16,109  INFO [localfetcher#44] reduce.LocalFetcher: localfetcher#44 about to shuffle output of map attempt_local16263042_0070_m_000000_0 decomp: 314 len: 318 to MEMORY
2024-04-24T05:23:16,109  INFO [localfetcher#44] reduce.InMemoryMapOutput: Read 314 bytes from map-output for attempt_local16263042_0070_m_000000_0
2024-04-24T05:23:16,109  INFO [localfetcher#44] reduce.MergeManagerImpl: closeInMemoryFile -> map-output of size: 314, inMemoryMapOutputs.size() -> 1, commitMemory -> 0, usedMemory ->314
2024-04-24T05:23:16,110  INFO [EventFetcher for fetching Map Completion Events] reduce.EventFetcher: EventFetcher is interrupted.. Returning
2024-04-24T05:23:16,110  INFO [pool-289-thread-1] mapred.LocalJobRunner: 1 / 1 copied.
2024-04-24T05:23:16,110  INFO [pool-289-thread-1] reduce.MergeManagerImpl: finalMerge called with 1 in-memory map-outputs and 0 on-disk map-outputs
2024-04-24T05:23:16,117  INFO [pool-289-thread-1] mapred.Merger: Merging 1 sorted segments
2024-04-24T05:23:16,117  INFO [pool-289-thread-1] mapred.Merger: Down to the last merge-pass, with 1 segments left of total size: 301 bytes
2024-04-24T05:23:16,119  INFO [pool-289-thread-1] reduce.MergeManagerImpl: Merged 1 segments, 314 bytes to disk to satisfy reduce memory limit
2024-04-24T05:23:16,119  INFO [pool-289-thread-1] reduce.MergeManagerImpl: Merging 1 files, 318 bytes from disk
2024-04-24T05:23:16,119  INFO [pool-289-thread-1] reduce.MergeManagerImpl: Merging 0 segments, 0 bytes from memory into reduce
2024-04-24T05:23:16,119  INFO [pool-289-thread-1] mapred.Merger: Merging 1 sorted segments
2024-04-24T05:23:16,119  INFO [pool-289-thread-1] mapred.Merger: Down to the last merge-pass, with 1 segments left of total size: 301 bytes
2024-04-24T05:23:16,120  INFO [pool-289-thread-1] mapred.LocalJobRunner: 1 / 1 copied.
2024-04-24T05:23:16,120  INFO [pool-289-thread-1] exec.SerializationUtilities: Deserializing ReduceWork using kryo
2024-04-24T05:23:16,120  INFO [pool-289-thread-1] exec.Utilities: Deserialized plan (via FILE) - name: null size: 6,35KB
2024-04-24T05:23:16,121  INFO [pool-289-thread-1] ExecReducer: 
<SEL>Id =4
  <Children>
    <FS>Id =5
      <Children>
      <\Children>
      <Parent>Id = 4 null<\Parent>
    <\FS>
  <\Children>
  <Parent><\Parent>
<\SEL>
2024-04-24T05:23:16,121  INFO [pool-289-thread-1] exec.SelectOperator: Initializing Operator: SEL[4]
2024-04-24T05:23:16,121  INFO [pool-289-thread-1] exec.SelectOperator: SELECT struct<key:struct<reducesinkkey0:int>,value:struct<_col0:struct<writeid:bigint,bucketid:int,rowid:bigint>,_col1:string>>
2024-04-24T05:23:16,121  INFO [pool-289-thread-1] exec.FileSinkOperator: Initializing Operator: FS[5]
2024-04-24T05:23:16,122  INFO [pool-289-thread-1] exec.FileSinkOperator: Using serializer : class org.apache.hadoop.hive.serde2.lazy.LazySimpleSerDe [serdeParams=org.apache.hadoop.hive.serde2.lazy.LazySerDeParameters@31b21d87, cachedObjectInspector=org.apache.hadoop.hive.serde2.lazy.objectinspector.LazySimpleStructObjectInspector<org.apache.hadoop.hive.serde2.lazy.objectinspector.LazySimpleStructObjectInspector<org.apache.hadoop.hive.serde2.lazy.objectinspector.primitive.LazyLongObjectInspector@1201c2f6,org.apache.hadoop.hive.serde2.lazy.objectinspector.primitive.LazyIntObjectInspector@cbf9cc1,org.apache.hadoop.hive.serde2.lazy.objectinspector.primitive.LazyLongObjectInspector@1201c2f6>,org.apache.hadoop.hive.serde2.lazy.objectinspector.primitive.LazyIntObjectInspector@cbf9cc1,org.apache.hadoop.hive.serde2.lazy.objectinspector.primitive.LazyStringObjectInspector@71549247>, serializedSize=0, stats=org.apache.hadoop.hive.serde2.SerDeStats@3f887133, lastOperationSerialize=false, lastOperationDeserialize=false [1, 2, 3, 4, 5, 6, 7, 8, 11, 14, 15, 16, 17, 18, 19, 20, 21, 22, 23, 24, 25, 26, 28, 29, 30, 31, -128, -127, -126, -125, -124, -123, -122, -121, -120, -119, -118, -117, -116, -115, -114, -113, -112, -111, -110, -109, -108, -107, -106, -105, -104, -103, -102, -101, -100, -99, -98, -97, -96, -95, -94, -93, -92, -91, -90, -89, -88, -87, -86, -85, -84, -83, -82, -81, -80, -79, -78, -77, -76, -75, -74, -73, -72, -71, -70, -69, -68, -67, -66, -65, -64, -63, -62, -61, -60, -59, -58, -57, -56, -55, -54, -53, -52, -51, -50, -49, -48, -47, -46, -45, -44, -43, -42, -41, -40, -39, -38, -37, -36, -35, -34, -33, -32, -31, -30, -29, -28, -27, -26, -25, -24, -23, -22, -21, -20, -19, -18, -17, -16, -15, -14, -13, -12, -11, -10, -9, -8, -7, -6, -5, -4, -3, -2, -1] : [_col0, _col1, _col2] : [struct<writeid:bigint,bucketid:int,rowid:bigint>, int, string]] and formatter : org.apache.hadoop.hive.ql.io.HiveSequenceFileOutputFormat@215234ab
2024-04-24T05:23:16,122  INFO [pool-289-thread-1] exec.FileSinkOperator: Final Path: FS file:/home/alex/Repositories/hive/ql/target/tmp/localscratchdir/5db64f43-30d5-4285-98e3-ffcdca3a2f1d/hive_2024-04-24_05-23-15_635_8016374965959801521-1/-mr-10001/.hive-staging_hive_2024-04-24_05-23-15_635_8016374965959801521-1/_tmp.-ext-10002/000000_0
2024-04-24T05:23:16,122  INFO [pool-289-thread-1] exec.FileSinkOperator: Writing to temp file: FS file:/home/alex/Repositories/hive/ql/target/tmp/localscratchdir/5db64f43-30d5-4285-98e3-ffcdca3a2f1d/hive_2024-04-24_05-23-15_635_8016374965959801521-1/-mr-10001/.hive-staging_hive_2024-04-24_05-23-15_635_8016374965959801521-1/_task_tmp.-ext-10002/_tmp.000000_0
2024-04-24T05:23:16,122  INFO [pool-289-thread-1] exec.FileSinkOperator: New Final Path: FS file:/home/alex/Repositories/hive/ql/target/tmp/localscratchdir/5db64f43-30d5-4285-98e3-ffcdca3a2f1d/hive_2024-04-24_05-23-15_635_8016374965959801521-1/-mr-10001/.hive-staging_hive_2024-04-24_05-23-15_635_8016374965959801521-1/_tmp.-ext-10002/000000_0
2024-04-24T05:23:16,129  INFO [pool-289-thread-1] exec.FileSinkOperator: FS[5]: records written - 1
2024-04-24T05:23:16,129  INFO [pool-289-thread-1] exec.SelectOperator: Closing Operator: SEL[4]
2024-04-24T05:23:16,129  INFO [pool-289-thread-1] exec.SelectOperator: RECORDS_OUT_INTERMEDIATE:0, RECORDS_OUT_OPERATOR_SEL_4:2, 
2024-04-24T05:23:16,129  INFO [pool-289-thread-1] exec.FileSinkOperator: Closing Operator: FS[5]
2024-04-24T05:23:16,129  INFO [pool-289-thread-1] exec.FileSinkOperator: FS[5]: records written - 2
2024-04-24T05:23:16,129  INFO [pool-289-thread-1] exec.FileSinkOperator: RECORDS_OUT_OPERATOR_FS_5:2, RECORDS_OUT_0:2, RECORDS_OUT_INTERMEDIATE:0, 
2024-04-24T05:23:16,130  INFO [pool-289-thread-1] mapred.Task: Task:attempt_local16263042_0070_r_000000_0 is done. And is in the process of committing
2024-04-24T05:23:16,130  INFO [pool-289-thread-1] mapred.LocalJobRunner: reduce > reduce
2024-04-24T05:23:16,130  INFO [pool-289-thread-1] mapred.Task: Task 'attempt_local16263042_0070_r_000000_0' done.
2024-04-24T05:23:16,130  INFO [pool-289-thread-1] mapred.Task: Final Counters for attempt_local16263042_0070_r_000000_0: Counters: 29
	File System Counters
		FILE: Number of bytes read=1579854
		FILE: Number of bytes written=82464624
		FILE: Number of read operations=0
		FILE: Number of large read operations=0
		FILE: Number of write operations=0
	Map-Reduce Framework
		Combine input records=0
		Combine output records=0
		Reduce input groups=2
		Reduce shuffle bytes=318
		Reduce input records=2
		Reduce output records=0
		Spilled Records=2
		Shuffled Maps =1
		Failed Shuffles=0
		Merged Map outputs=1
		GC time elapsed (ms)=0
		Total committed heap usage (bytes)=1245184000
	HIVE
		CREATED_FILES=1
		RECORDS_OUT_0=2
		RECORDS_OUT_INTERMEDIATE=0
		RECORDS_OUT_OPERATOR_FS_5=2
		RECORDS_OUT_OPERATOR_SEL_4=2
	Shuffle Errors
		BAD_ID=0
		CONNECTION=0
		IO_ERROR=0
		WRONG_LENGTH=0
		WRONG_MAP=0
		WRONG_REDUCE=0
	File Output Format Counters 
		Bytes Written=0
2024-04-24T05:23:16,130  INFO [pool-289-thread-1] mapred.LocalJobRunner: Finishing task: attempt_local16263042_0070_r_000000_0
2024-04-24T05:23:16,130  INFO [Thread-4540] mapred.LocalJobRunner: reduce task executor complete.
2024-04-24 05:23:17,076 Stage-1 map = 100%,  reduce = 100%
2024-04-24T05:23:17,076  INFO [main] exec.Task: 2024-04-24 05:23:17,076 Stage-1 map = 100%,  reduce = 100%
Ended Job = job_local16263042_0070
2024-04-24T05:23:17,078  INFO [main] exec.Task: Ended Job = job_local16263042_0070
2024-04-24T05:23:17,081  INFO [main] metadata.Hive: Dumping metastore api call timing information for : execution phase
2024-04-24T05:23:17,081  INFO [main] metadata.Hive: Total time spent in each metastore function (ms): {}
MapReduce Jobs Launched: 
2024-04-24T05:23:17,081  INFO [main] ql.Driver: MapReduce Jobs Launched: 
Stage-Stage-1:  HDFS Read: 0 HDFS Write: 0 SUCCESS
2024-04-24T05:23:17,081  INFO [main] ql.Driver: Stage-Stage-1:  HDFS Read: 0 HDFS Write: 0 SUCCESS
Total MapReduce CPU Time Spent: 0 msec
2024-04-24T05:23:17,081  INFO [main] ql.Driver: Total MapReduce CPU Time Spent: 0 msec
2024-04-24T05:23:17,081  INFO [main] ql.Driver: Completed executing command(queryId=alex_20240424052315_c3c69a9c-92f0-4476-afdb-76585e50ac1d); Time taken: 1.282 seconds
2024-04-24T05:23:17,081  INFO [main] lockmgr.DbTxnManager: Stopped heartbeat for query: alex_20240424052315_c3c69a9c-92f0-4476-afdb-76585e50ac1d
2024-04-24T05:23:17,085  INFO [main] txn.TxnHandler: Expected to move at least one record from txn_components to completed_txn_components when committing txn! txnid:23
2024-04-24T05:23:17,089  INFO [main] txn.TxnHandler: Removed transactions: ([23]) from MIN_HISTORY_LEVEL
2024-04-24T05:23:17,090  WARN [main] txn.CompactionTxnHandler: No compaction queue record found for Compaction type transaction commit. txnId:23
2024-04-24T05:23:17,093  INFO [main] mapred.FileInputFormat: Total input files to process : 1
2024-04-24T05:23:17,094  INFO [main] exec.ListSinkOperator: Closing Operator: LIST_SINK[8]
2024-04-24T05:23:17,094  INFO [main] exec.ListSinkOperator: RECORDS_OUT_INTERMEDIATE:0, RECORDS_OUT_OPERATOR_LIST_SINK_8:2, 
2024-04-24T05:23:17,094  WARN [main] ql.TestTxnNoBuckets: null: read data(After non-vectorized read): 
2024-04-24T05:23:17,094  INFO [main] ql.TestTxnNoBuckets: {"writeid":0,"bucketid":536870912,"rowid":3}	6	file:/home/alex/Repositories/hive/ql/target/tmp/org.apache.hadoop.hive.ql.TestTxnNoBuckets-1713961246971/warehouse/t/000000_0
{"writeid":0,"bucketid":536870912,"rowid":4}	9	file:/home/alex/Repositories/hive/ql/target/tmp/org.apache.hadoop.hive.ql.TestTxnNoBuckets-1713961246971/warehouse/t/000000_0

2024-04-24T05:23:17,094  INFO [main] ql.TxnCommandsBaseForTests: Running the query: EXPLAIN VECTORIZATION DETAIL select ROW__ID, a, INPUT__FILE__NAME from T where b > 6 order by a
2024-04-24T05:23:17,094  INFO [main] ql.Context: Deleting scratch dir: file:/home/alex/Repositories/hive/ql/target/tmp/localscratchdir/5db64f43-30d5-4285-98e3-ffcdca3a2f1d/hive_2024-04-24_05-23-15_635_8016374965959801521-1
2024-04-24T05:23:17,095  INFO [main] cleanup.SyncCleanupService: Deleted directory: file:/home/alex/Repositories/hive/ql/target/tmp/localscratchdir/5db64f43-30d5-4285-98e3-ffcdca3a2f1d/hive_2024-04-24_05-23-15_635_8016374965959801521-1 on fs with scheme file
2024-04-24T05:23:17,095  INFO [main] ql.Driver: Compiling command(queryId=alex_20240424052317_6d09c072-3cb9-4c73-9f03-6e6a36b95563): EXPLAIN VECTORIZATION DETAIL select ROW__ID, a, INPUT__FILE__NAME from T where b > 6 order by a
2024-04-24T05:23:17,097  INFO [main] txn.TxnHandler: Added entries to MIN_HISTORY_LEVEL for current txns: ([24]) with min_open_txn: 24
2024-04-24T05:23:17,097  INFO [main] lockmgr.DbTxnManager: Opened txnid:24
2024-04-24T05:23:17,098  INFO [main] parse.CalcitePlanner: Starting Semantic Analysis
2024-04-24T05:23:17,100  INFO [main] parse.CalcitePlanner: Completed phase 1 of Semantic Analysis
2024-04-24T05:23:17,100  INFO [main] parse.CalcitePlanner: Get metadata for source tables
2024-04-24T05:23:17,101  INFO [main] HiveMetaStore.audit: ugi=alex	ip=unknown-ip-addr	cmd=get_table : tbl=hive.default.t	
2024-04-24T05:23:17,107  INFO [main] metastore.HMSHandler: Skipping translation for processor with null
2024-04-24T05:23:17,107  INFO [main] parse.CalcitePlanner: Get metadata for subqueries
2024-04-24T05:23:17,107  INFO [main] parse.CalcitePlanner: Get metadata for destination tables
2024-04-24T05:23:17,107  INFO [main] parse.CalcitePlanner: Completed getting MetaData in Semantic Analysis
2024-04-24T05:23:17,118  INFO [main] HiveMetaStore.audit: ugi=alex	ip=unknown-ip-addr	cmd=get_all_table_constraints : tbl=hive.default.t	
2024-04-24T05:23:17,151  INFO [main] calcite.RelOptHiveTable: Calculating column statistics for default.t, projIndxSet: [0, 1], allowMissingStats: true
2024-04-24T05:23:17,152  INFO [main] HiveMetaStore.audit: ugi=alex	ip=unknown-ip-addr	cmd=get_table_statistics_req: table=hive.default.t	
2024-04-24T05:23:17,159  WARN [main] calcite.RelOptHiveTable: No Stats for default@t, Columns: a, b
No Stats for default@t, Columns: a, b
2024-04-24T05:23:17,159  INFO [main] SessionState: No Stats for default@t, Columns: a, b
2024-04-24T05:23:17,217  INFO [main] parse.CalcitePlanner: Get metadata for source tables
2024-04-24T05:23:17,217  INFO [main] parse.CalcitePlanner: Get metadata for subqueries
2024-04-24T05:23:17,217  INFO [main] parse.CalcitePlanner: Get metadata for destination tables
2024-04-24T05:23:17,219  INFO [main] parse.CalcitePlanner: CBO Succeeded; optimized logical plan.
2024-04-24T05:23:17,221  INFO [main] optimizer.ColumnPrunerProcFactory: RS 3 oldColExprMap: {KEY.reducesinkkey0=Column[_col1], VALUE._col1=Column[_col2], VALUE._col0=Column[_col0]}
2024-04-24T05:23:17,221  INFO [main] optimizer.ColumnPrunerProcFactory: RS 3 newColExprMap: {KEY.reducesinkkey0=Column[_col1], VALUE._col1=Column[_col2], VALUE._col0=Column[_col0]}
2024-04-24T05:23:17,222  INFO [main] optimizer.BucketVersionPopulator: not considering bucketingVersion for: TS[0] because it has -1<2 buckets 
2024-04-24T05:23:17,225  INFO [main] optimizer.SortedDynPartitionOptimizer: Sorted dynamic partitioning optimization kicked in..
2024-04-24T05:23:17,234  INFO [main] physical.Vectorizer: Examining input format to see if vectorization is enabled.
2024-04-24T05:23:17,234  INFO [main] physical.Vectorizer: Vectorization is enabled for input format(s) [org.apache.hadoop.hive.ql.io.orc.OrcInputFormat]
2024-04-24T05:23:17,234  INFO [main] physical.Vectorizer: Validating and vectorizing MapWork... (vectorizedVertexNum 0)
2024-04-24T05:23:17,235  INFO [main] physical.Vectorizer: Map vectorization enabled: true
2024-04-24T05:23:17,235  INFO [main] physical.Vectorizer: Map vectorized: false
2024-04-24T05:23:17,235  INFO [main] physical.Vectorizer: Map notVectorizedReason: Select expression for SELECT operator: Virtual column INPUT__FILE__NAME is not supported
2024-04-24T05:23:17,235  INFO [main] physical.Vectorizer: Map vectorizedVertexNum: 0
2024-04-24T05:23:17,235  INFO [main] physical.Vectorizer: Map enabledConditionsMet: [hive.vectorized.use.vectorized.input.format IS true]
2024-04-24T05:23:17,235  INFO [main] physical.Vectorizer: Map inputFileFormatClassNameSet: [org.apache.hadoop.hive.ql.io.orc.OrcInputFormat]
2024-04-24T05:23:17,235  INFO [main] physical.Vectorizer: Reduce vectorization enabled: false
2024-04-24T05:23:17,235  INFO [main] physical.Vectorizer: Reduce vectorized: false
2024-04-24T05:23:17,235  INFO [main] physical.Vectorizer: Reduce vectorizedVertexNum: 1
2024-04-24T05:23:17,235  INFO [main] physical.Vectorizer: Reducer hive.vectorized.execution.reduce.enabled: true
2024-04-24T05:23:17,235  INFO [main] physical.Vectorizer: Reducer engine: mr
2024-04-24T05:23:17,235  INFO [main] parse.CalcitePlanner: Completed plan generation
2024-04-24T05:23:17,235  INFO [main] ql.Driver: Semantic Analysis Completed (retrial = false)
2024-04-24T05:23:17,235  INFO [main] ql.Driver: Created Hive schema: Schema(fieldSchemas:[FieldSchema(name:Explain, type:string, comment:null)], properties:null)
2024-04-24T05:23:17,235  INFO [main] metadata.Hive: Dumping metastore api call timing information for : compilation phase
2024-04-24T05:23:17,236  INFO [main] metadata.Hive: Total time spent in each metastore function (ms): {openTxn_(String, TxnType)=2, getValidTxns_(long)=0, isCompatibleWith_(Configuration)=1, commitTxn_(CommitTxnRequest)=9, getAllTableConstraints_(AllTableConstraintsRequest)=5, getTableColumnStatistics_(String, String, List, String)=7, flushCache_()=0, getValidWriteIds_(List, String)=3, getTable_(GetTableRequest)=6}
2024-04-24T05:23:17,236  INFO [main] ql.Driver: Completed compiling command(queryId=alex_20240424052317_6d09c072-3cb9-4c73-9f03-6e6a36b95563); Time taken: 0.14 seconds
2024-04-24T05:23:17,236  INFO [main] ql.Driver: Executing command(queryId=alex_20240424052317_6d09c072-3cb9-4c73-9f03-6e6a36b95563): EXPLAIN VECTORIZATION DETAIL select ROW__ID, a, INPUT__FILE__NAME from T where b > 6 order by a
2024-04-24T05:23:17,236  INFO [main] ql.Driver: Starting task [Stage-2:EXPLAIN] in serial mode
2024-04-24T05:23:17,247  INFO [main] metadata.Hive: Dumping metastore api call timing information for : execution phase
2024-04-24T05:23:17,247  INFO [main] metadata.Hive: Total time spent in each metastore function (ms): {}
2024-04-24T05:23:17,247  INFO [main] ql.Driver: Completed executing command(queryId=alex_20240424052317_6d09c072-3cb9-4c73-9f03-6e6a36b95563); Time taken: 0.011 seconds
2024-04-24T05:23:17,247  INFO [main] lockmgr.DbTxnManager: Stopped heartbeat for query: null
2024-04-24T05:23:17,253  INFO [main] txn.TxnHandler: Expected to move at least one record from txn_components to completed_txn_components when committing txn! txnid:24
2024-04-24T05:23:17,259  INFO [main] txn.TxnHandler: Removed transactions: ([24]) from MIN_HISTORY_LEVEL
2024-04-24T05:23:17,259  WARN [main] txn.CompactionTxnHandler: No compaction queue record found for Compaction type transaction commit. txnId:24
2024-04-24T05:23:17,260  INFO [main] ql.TxnCommandsBaseForTests: Running the query: update T set b = 17 where a = 1
2024-04-24T05:23:17,260  INFO [main] ql.Context: Deleting scratch dir: file:/home/alex/Repositories/hive/ql/target/tmp/localscratchdir/5db64f43-30d5-4285-98e3-ffcdca3a2f1d/hive_2024-04-24_05-23-17_095_1652689170523757970-1
2024-04-24T05:23:17,260  INFO [main] cleanup.SyncCleanupService: Deleted directory: file:/home/alex/Repositories/hive/ql/target/tmp/localscratchdir/5db64f43-30d5-4285-98e3-ffcdca3a2f1d/hive_2024-04-24_05-23-17_095_1652689170523757970-1 on fs with scheme file
2024-04-24T05:23:17,260  INFO [main] ql.Driver: Compiling command(queryId=alex_20240424052317_e68876d8-b43c-4093-a06a-7f76882fa446): update T set b = 17 where a = 1
2024-04-24T05:23:17,262  INFO [main] txn.TxnHandler: Added entries to MIN_HISTORY_LEVEL for current txns: ([25]) with min_open_txn: 24
2024-04-24T05:23:17,263  INFO [main] lockmgr.DbTxnManager: Opened txnid:25
2024-04-24T05:23:17,263  INFO [main] parse.UpdateDeleteSemanticAnalyzer: Starting caching scope for: 
2024-04-24T05:23:17,263  INFO [main] HiveMetaStore.audit: ugi=alex	ip=unknown-ip-addr	cmd=get_table : tbl=hive.default.T	
2024-04-24T05:23:17,269  INFO [main] metastore.HMSHandler: Skipping translation for processor with null
2024-04-24T05:23:17,269  INFO [main] parse.RewriteSemanticAnalyzer: Going to reparse <update T set b = 17 where a = 1> as 
<insert into table `default`.`T` select ROW__ID,`a`,`b` from `default`.`T` sort by ROW__ID >
2024-04-24T05:23:17,270  INFO [main] parse.UpdateDeleteSemanticAnalyzer: Starting Semantic Analysis
2024-04-24T05:23:17,272  INFO [main] HiveMetaStore.audit: ugi=alex	ip=unknown-ip-addr	cmd=get_table : tbl=hive.default.T	
2024-04-24T05:23:17,278  INFO [main] metastore.HMSHandler: Skipping translation for processor with null
2024-04-24T05:23:17,279  INFO [main] parse.UpdateDeleteSemanticAnalyzer: Completed phase 1 of Semantic Analysis
2024-04-24T05:23:17,279  INFO [main] parse.UpdateDeleteSemanticAnalyzer: Get metadata for source tables
2024-04-24T05:23:17,279  INFO [main] HiveMetaStore.audit: ugi=alex	ip=unknown-ip-addr	cmd=get_table : tbl=hive.default.t	
2024-04-24T05:23:17,285  INFO [main] metastore.HMSHandler: Skipping translation for processor with null
2024-04-24T05:23:17,285  INFO [main] parse.UpdateDeleteSemanticAnalyzer: Get metadata for subqueries
2024-04-24T05:23:17,285  INFO [main] parse.UpdateDeleteSemanticAnalyzer: Get metadata for destination tables
2024-04-24T05:23:17,285  INFO [main] HiveMetaStore.audit: ugi=alex	ip=unknown-ip-addr	cmd=get_table : tbl=hive.default.T	
2024-04-24T05:23:17,291  INFO [main] metastore.HMSHandler: Skipping translation for processor with null
2024-04-24T05:23:17,291  INFO [main] parse.UpdateDeleteSemanticAnalyzer: Completed getting MetaData in Semantic Analysis
2024-04-24T05:23:17,291  INFO [main] parse.UpdateDeleteSemanticAnalyzer: Disabling LLAP IO encode as ETL query is detected
2024-04-24T05:23:17,303  INFO [main] HiveMetaStore.audit: ugi=alex	ip=unknown-ip-addr	cmd=get_all_table_constraints : tbl=hive.default.t	
2024-04-24T05:23:17,308  INFO [main] HiveMetaStore.audit: ugi=alex	ip=unknown-ip-addr	cmd=get_not_null_constraints : tbl=hive.default.t	
2024-04-24T05:23:17,309  INFO [main] HiveMetaStore.audit: ugi=alex	ip=unknown-ip-addr	cmd=get_check_constraints : tbl=hive.default.t	
2024-04-24T05:23:17,329  INFO [main] calcite.RelOptHiveTable: Calculating column statistics for default.t, projIndxSet: [0], allowMissingStats: true
2024-04-24T05:23:17,329  INFO [main] HiveMetaStore.audit: ugi=alex	ip=unknown-ip-addr	cmd=get_table_statistics_req: table=hive.default.t	
2024-04-24T05:23:17,338  WARN [main] calcite.RelOptHiveTable: No Stats for default@t, Columns: a
No Stats for default@t, Columns: a
2024-04-24T05:23:17,338  INFO [main] SessionState: No Stats for default@t, Columns: a
2024-04-24T05:23:17,392  INFO [main] parse.UpdateDeleteSemanticAnalyzer: Get metadata for source tables
2024-04-24T05:23:17,393  INFO [main] parse.UpdateDeleteSemanticAnalyzer: Get metadata for subqueries
2024-04-24T05:23:17,393  INFO [main] parse.UpdateDeleteSemanticAnalyzer: Get metadata for destination tables
2024-04-24T05:23:17,393  INFO [main] HiveMetaStore.audit: ugi=alex	ip=unknown-ip-addr	cmd=get_table : tbl=hive.default.T	
2024-04-24T05:23:17,400  INFO [main] metastore.HMSHandler: Skipping translation for processor with null
2024-04-24T05:23:17,402 ERROR [main] parse.UpdateDeleteSemanticAnalyzer: CBO failed, skipping CBO. 
org.apache.hadoop.hive.ql.exec.NoMatchingMethodException: No matching method for class org.apache.hadoop.hive.ql.udf.UDFToInteger with (struct<writeid:bigint,bucketid:int,rowid:bigint>). Possible choices: _FUNC_(bigint)  _FUNC_(boolean)  _FUNC_(decimal(38,18))  _FUNC_(double)  _FUNC_(float)  _FUNC_(smallint)  _FUNC_(string)  _FUNC_(struct<bucketid:int,rowid:bigint,writeid:bigint>)  _FUNC_(timestamp)  _FUNC_(tinyint)  _FUNC_(void)  
	at org.apache.hadoop.hive.ql.exec.MethodUtils.getMethodInternal(MethodUtils.java:130) ~[classes/:?]
	at org.apache.hadoop.hive.ql.exec.MethodUtils.getMethodInternal(MethodUtils.java:60) ~[classes/:?]
	at org.apache.hadoop.hive.ql.exec.DefaultUDFMethodResolver.getEvalMethod(DefaultUDFMethodResolver.java:59) ~[classes/:?]
	at org.apache.hadoop.hive.ql.udf.TimestampCastRestrictorResolver.getEvalMethod(TimestampCastRestrictorResolver.java:68) ~[classes/:?]
	at org.apache.hadoop.hive.ql.udf.generic.GenericUDFBridge.initialize(GenericUDFBridge.java:168) ~[classes/:?]
	at org.apache.hadoop.hive.ql.udf.generic.GenericUDF.initializeAndFoldConstants(GenericUDF.java:149) ~[classes/:?]
	at org.apache.hadoop.hive.ql.plan.ExprNodeGenericFuncDesc.newInstance(ExprNodeGenericFuncDesc.java:235) ~[classes/:?]
	at org.apache.hadoop.hive.ql.parse.type.ExprNodeDescExprFactory.createFuncCallExpr(ExprNodeDescExprFactory.java:584) ~[classes/:?]
	at org.apache.hadoop.hive.ql.parse.type.ExprNodeDescExprFactory.createFuncCallExpr(ExprNodeDescExprFactory.java:97) ~[classes/:?]
	at org.apache.hadoop.hive.ql.parse.type.TypeCheckProcFactory$DefaultExprProcessor.getFuncExprNodeDescWithUdfData(TypeCheckProcFactory.java:762) ~[classes/:?]
	at org.apache.hadoop.hive.ql.parse.type.TypeCheckProcFactory$DefaultExprProcessor.createConversionCast(TypeCheckProcFactory.java:783) ~[classes/:?]
	at org.apache.hadoop.hive.ql.parse.SemanticAnalyzer.getPartitionColsFromBucketColsForUpdateDelete(SemanticAnalyzer.java:8725) ~[classes/:?]
	at org.apache.hadoop.hive.ql.parse.SemanticAnalyzer.genBucketingSortingDest(SemanticAnalyzer.java:6914) ~[classes/:?]
	at org.apache.hadoop.hive.ql.parse.SemanticAnalyzer.genFileSinkPlan(SemanticAnalyzer.java:7335) ~[classes/:?]
	at org.apache.hadoop.hive.ql.parse.SemanticAnalyzer.genPostGroupByBodyPlan(SemanticAnalyzer.java:11063) ~[classes/:?]
	at org.apache.hadoop.hive.ql.parse.SemanticAnalyzer.genBodyPlan(SemanticAnalyzer.java:10938) ~[classes/:?]
	at org.apache.hadoop.hive.ql.parse.SemanticAnalyzer.genPlan(SemanticAnalyzer.java:11853) ~[classes/:?]
	at org.apache.hadoop.hive.ql.parse.SemanticAnalyzer.genPlan(SemanticAnalyzer.java:11723) ~[classes/:?]
	at org.apache.hadoop.hive.ql.parse.CalcitePlanner.genOPTree(CalcitePlanner.java:626) ~[classes/:?]
	at org.apache.hadoop.hive.ql.parse.SemanticAnalyzer.analyzeInternal(SemanticAnalyzer.java:12558) ~[classes/:?]
	at org.apache.hadoop.hive.ql.parse.CalcitePlanner.analyzeInternal(CalcitePlanner.java:456) ~[classes/:?]
	at org.apache.hadoop.hive.ql.parse.RewriteSemanticAnalyzer.analyzeInternal(RewriteSemanticAnalyzer.java:67) ~[classes/:?]
	at org.apache.hadoop.hive.ql.parse.BaseSemanticAnalyzer.analyze(BaseSemanticAnalyzer.java:317) ~[classes/:?]
	at org.apache.hadoop.hive.ql.parse.UpdateDeleteSemanticAnalyzer.reparseAndSuperAnalyze(UpdateDeleteSemanticAnalyzer.java:208) ~[classes/:?]
	at org.apache.hadoop.hive.ql.parse.UpdateDeleteSemanticAnalyzer.analyzeUpdate(UpdateDeleteSemanticAnalyzer.java:63) ~[classes/:?]
	at org.apache.hadoop.hive.ql.parse.UpdateDeleteSemanticAnalyzer.analyze(UpdateDeleteSemanticAnalyzer.java:53) ~[classes/:?]
	at org.apache.hadoop.hive.ql.parse.RewriteSemanticAnalyzer.analyzeInternal(RewriteSemanticAnalyzer.java:72) ~[classes/:?]
	at org.apache.hadoop.hive.ql.parse.BaseSemanticAnalyzer.analyze(BaseSemanticAnalyzer.java:317) ~[classes/:?]
	at org.apache.hadoop.hive.ql.Compiler.analyze(Compiler.java:223) ~[classes/:?]
	at org.apache.hadoop.hive.ql.Compiler.compile(Compiler.java:105) ~[classes/:?]
	at org.apache.hadoop.hive.ql.Driver.compile(Driver.java:500) ~[classes/:?]
	at org.apache.hadoop.hive.ql.Driver.compileInternal(Driver.java:453) ~[classes/:?]
	at org.apache.hadoop.hive.ql.Driver.runInternal(Driver.java:181) ~[classes/:?]
	at org.apache.hadoop.hive.ql.Driver.run(Driver.java:153) ~[classes/:?]
	at org.apache.hadoop.hive.ql.Driver.run(Driver.java:140) ~[classes/:?]
	at org.apache.hadoop.hive.ql.TxnCommandsBaseForTests.runStatementOnDriver(TxnCommandsBaseForTests.java:245) ~[test-classes/:?]
	at org.apache.hadoop.hive.ql.TestTxnNoBuckets.testNonAcidToAcidVectorzied(TestTxnNoBuckets.java:726) ~[test-classes/:?]
	at sun.reflect.NativeMethodAccessorImpl.invoke0(Native Method) ~[?:1.8.0_402]
	at sun.reflect.NativeMethodAccessorImpl.invoke(NativeMethodAccessorImpl.java:62) ~[?:1.8.0_402]
	at sun.reflect.DelegatingMethodAccessorImpl.invoke(DelegatingMethodAccessorImpl.java:43) ~[?:1.8.0_402]
	at java.lang.reflect.Method.invoke(Method.java:498) ~[?:1.8.0_402]
	at org.junit.runners.model.FrameworkMethod$1.runReflectiveCall(FrameworkMethod.java:59) ~[junit-4.13.jar:4.13]
	at org.junit.internal.runners.model.ReflectiveCallable.run(ReflectiveCallable.java:12) ~[junit-4.13.jar:4.13]
	at org.junit.runners.model.FrameworkMethod.invokeExplosively(FrameworkMethod.java:56) ~[junit-4.13.jar:4.13]
	at org.junit.internal.runners.statements.InvokeMethod.evaluate(InvokeMethod.java:17) ~[junit-4.13.jar:4.13]
	at org.junit.internal.runners.statements.RunBefores.evaluate(RunBefores.java:26) ~[junit-4.13.jar:4.13]
	at org.junit.internal.runners.statements.RunAfters.evaluate(RunAfters.java:27) ~[junit-4.13.jar:4.13]
	at org.junit.rules.TestWatcher$1.evaluate(TestWatcher.java:61) ~[junit-4.13.jar:4.13]
	at org.junit.runners.ParentRunner$3.evaluate(ParentRunner.java:306) ~[junit-4.13.jar:4.13]
	at org.junit.runners.BlockJUnit4ClassRunner$1.evaluate(BlockJUnit4ClassRunner.java:100) ~[junit-4.13.jar:4.13]
	at org.junit.runners.ParentRunner.runLeaf(ParentRunner.java:366) ~[junit-4.13.jar:4.13]
	at org.junit.runners.BlockJUnit4ClassRunner.runChild(BlockJUnit4ClassRunner.java:103) ~[junit-4.13.jar:4.13]
	at org.junit.runners.BlockJUnit4ClassRunner.runChild(BlockJUnit4ClassRunner.java:63) ~[junit-4.13.jar:4.13]
	at org.junit.runners.ParentRunner$4.run(ParentRunner.java:331) ~[junit-4.13.jar:4.13]
	at org.junit.runners.ParentRunner$1.schedule(ParentRunner.java:79) ~[junit-4.13.jar:4.13]
	at org.junit.runners.ParentRunner.runChildren(ParentRunner.java:329) ~[junit-4.13.jar:4.13]
	at org.junit.runners.ParentRunner.access$100(ParentRunner.java:66) ~[junit-4.13.jar:4.13]
	at org.junit.runners.ParentRunner$2.evaluate(ParentRunner.java:293) ~[junit-4.13.jar:4.13]
	at org.junit.runners.ParentRunner$3.evaluate(ParentRunner.java:306) ~[junit-4.13.jar:4.13]
	at org.junit.runners.ParentRunner.run(ParentRunner.java:413) ~[junit-4.13.jar:4.13]
	at org.junit.runner.JUnitCore.run(JUnitCore.java:137) ~[junit-4.13.jar:4.13]
	at org.junit.runner.JUnitCore.run(JUnitCore.java:115) ~[junit-4.13.jar:4.13]
	at org.junit.vintage.engine.execution.RunnerExecutor.execute(RunnerExecutor.java:43) ~[junit-vintage-engine-5.6.2.jar:5.6.2]
	at java.util.stream.ForEachOps$ForEachOp$OfRef.accept(ForEachOps.java:183) ~[?:1.8.0_402]
	at java.util.stream.ReferencePipeline$3$1.accept(ReferencePipeline.java:193) ~[?:1.8.0_402]
	at java.util.Iterator.forEachRemaining(Iterator.java:116) ~[?:1.8.0_402]
	at java.util.Spliterators$IteratorSpliterator.forEachRemaining(Spliterators.java:1801) ~[?:1.8.0_402]
	at java.util.stream.AbstractPipeline.copyInto(AbstractPipeline.java:482) ~[?:1.8.0_402]
	at java.util.stream.AbstractPipeline.wrapAndCopyInto(AbstractPipeline.java:472) ~[?:1.8.0_402]
	at java.util.stream.ForEachOps$ForEachOp.evaluateSequential(ForEachOps.java:150) ~[?:1.8.0_402]
	at java.util.stream.ForEachOps$ForEachOp$OfRef.evaluateSequential(ForEachOps.java:173) ~[?:1.8.0_402]
	at java.util.stream.AbstractPipeline.evaluate(AbstractPipeline.java:234) ~[?:1.8.0_402]
	at java.util.stream.ReferencePipeline.forEach(ReferencePipeline.java:485) ~[?:1.8.0_402]
	at org.junit.vintage.engine.VintageTestEngine.executeAllChildren(VintageTestEngine.java:82) ~[junit-vintage-engine-5.6.2.jar:5.6.2]
	at org.junit.vintage.engine.VintageTestEngine.execute(VintageTestEngine.java:73) ~[junit-vintage-engine-5.6.2.jar:5.6.2]
	at org.junit.platform.launcher.core.DefaultLauncher.execute(DefaultLauncher.java:248) ~[junit-platform-launcher-1.6.2.jar:1.6.2]
	at org.junit.platform.launcher.core.DefaultLauncher.lambda$execute$5(DefaultLauncher.java:211) ~[junit-platform-launcher-1.6.2.jar:1.6.2]
	at org.junit.platform.launcher.core.DefaultLauncher.withInterceptedStreams(DefaultLauncher.java:226) [junit-platform-launcher-1.6.2.jar:1.6.2]
	at org.junit.platform.launcher.core.DefaultLauncher.execute(DefaultLauncher.java:199) [junit-platform-launcher-1.6.2.jar:1.6.2]
	at org.junit.platform.launcher.core.DefaultLauncher.execute(DefaultLauncher.java:132) [junit-platform-launcher-1.6.2.jar:1.6.2]
	at org.apache.maven.surefire.junitplatform.JUnitPlatformProvider.invokeAllTests(JUnitPlatformProvider.java:154) [surefire-junit-platform-3.0.0-M4.jar:3.0.0-M4]
	at org.apache.maven.surefire.junitplatform.JUnitPlatformProvider.invoke(JUnitPlatformProvider.java:123) [surefire-junit-platform-3.0.0-M4.jar:3.0.0-M4]
	at org.apache.maven.surefire.booter.ForkedBooter.runSuitesInProcess(ForkedBooter.java:377) [surefire-booter-3.0.0-M4.jar:3.0.0-M4]
	at org.apache.maven.surefire.booter.ForkedBooter.execute(ForkedBooter.java:138) [surefire-booter-3.0.0-M4.jar:3.0.0-M4]
	at org.apache.maven.surefire.booter.ForkedBooter.run(ForkedBooter.java:465) [surefire-booter-3.0.0-M4.jar:3.0.0-M4]
	at org.apache.maven.surefire.booter.ForkedBooter.main(ForkedBooter.java:451) [surefire-booter-3.0.0-M4.jar:3.0.0-M4]
2024-04-24T05:23:17,403 ERROR [main] parse.UpdateDeleteSemanticAnalyzer: CBO failed due to missing column stats (see previous errors), skipping CBO
2024-04-24T05:23:17,403  INFO [main] parse.UpdateDeleteSemanticAnalyzer: Ending caching scope for: 
FAILED: NoMatchingMethodException No matching method for class org.apache.hadoop.hive.ql.udf.UDFToInteger with (struct<writeid:bigint,bucketid:int,rowid:bigint>). Possible choices: _FUNC_(bigint)  _FUNC_(boolean)  _FUNC_(decimal(38,18))  _FUNC_(double)  _FUNC_(float)  _FUNC_(smallint)  _FUNC_(string)  _FUNC_(struct<bucketid:int,rowid:bigint,writeid:bigint>)  _FUNC_(timestamp)  _FUNC_(tinyint)  _FUNC_(void)  
2024-04-24T05:23:17,403 ERROR [main] ql.Driver: FAILED: NoMatchingMethodException No matching method for class org.apache.hadoop.hive.ql.udf.UDFToInteger with (struct<writeid:bigint,bucketid:int,rowid:bigint>). Possible choices: _FUNC_(bigint)  _FUNC_(boolean)  _FUNC_(decimal(38,18))  _FUNC_(double)  _FUNC_(float)  _FUNC_(smallint)  _FUNC_(string)  _FUNC_(struct<bucketid:int,rowid:bigint,writeid:bigint>)  _FUNC_(timestamp)  _FUNC_(tinyint)  _FUNC_(void)  
org.apache.hadoop.hive.ql.exec.NoMatchingMethodException: No matching method for class org.apache.hadoop.hive.ql.udf.UDFToInteger with (struct<writeid:bigint,bucketid:int,rowid:bigint>). Possible choices: _FUNC_(bigint)  _FUNC_(boolean)  _FUNC_(decimal(38,18))  _FUNC_(double)  _FUNC_(float)  _FUNC_(smallint)  _FUNC_(string)  _FUNC_(struct<bucketid:int,rowid:bigint,writeid:bigint>)  _FUNC_(timestamp)  _FUNC_(tinyint)  _FUNC_(void)  
	at org.apache.hadoop.hive.ql.exec.MethodUtils.getMethodInternal(MethodUtils.java:130)
	at org.apache.hadoop.hive.ql.exec.MethodUtils.getMethodInternal(MethodUtils.java:60)
	at org.apache.hadoop.hive.ql.exec.DefaultUDFMethodResolver.getEvalMethod(DefaultUDFMethodResolver.java:59)
	at org.apache.hadoop.hive.ql.udf.TimestampCastRestrictorResolver.getEvalMethod(TimestampCastRestrictorResolver.java:68)
	at org.apache.hadoop.hive.ql.udf.generic.GenericUDFBridge.initialize(GenericUDFBridge.java:168)
	at org.apache.hadoop.hive.ql.udf.generic.GenericUDF.initializeAndFoldConstants(GenericUDF.java:149)
	at org.apache.hadoop.hive.ql.plan.ExprNodeGenericFuncDesc.newInstance(ExprNodeGenericFuncDesc.java:235)
	at org.apache.hadoop.hive.ql.parse.type.ExprNodeDescExprFactory.createFuncCallExpr(ExprNodeDescExprFactory.java:584)
	at org.apache.hadoop.hive.ql.parse.type.ExprNodeDescExprFactory.createFuncCallExpr(ExprNodeDescExprFactory.java:97)
	at org.apache.hadoop.hive.ql.parse.type.TypeCheckProcFactory$DefaultExprProcessor.getFuncExprNodeDescWithUdfData(TypeCheckProcFactory.java:762)
	at org.apache.hadoop.hive.ql.parse.type.TypeCheckProcFactory$DefaultExprProcessor.createConversionCast(TypeCheckProcFactory.java:783)
	at org.apache.hadoop.hive.ql.parse.SemanticAnalyzer.getPartitionColsFromBucketColsForUpdateDelete(SemanticAnalyzer.java:8725)
	at org.apache.hadoop.hive.ql.parse.SemanticAnalyzer.genBucketingSortingDest(SemanticAnalyzer.java:6914)
	at org.apache.hadoop.hive.ql.parse.SemanticAnalyzer.genFileSinkPlan(SemanticAnalyzer.java:7335)
	at org.apache.hadoop.hive.ql.parse.SemanticAnalyzer.genPostGroupByBodyPlan(SemanticAnalyzer.java:11063)
	at org.apache.hadoop.hive.ql.parse.SemanticAnalyzer.genBodyPlan(SemanticAnalyzer.java:10938)
	at org.apache.hadoop.hive.ql.parse.SemanticAnalyzer.genPlan(SemanticAnalyzer.java:11853)
	at org.apache.hadoop.hive.ql.parse.SemanticAnalyzer.genPlan(SemanticAnalyzer.java:11723)
	at org.apache.hadoop.hive.ql.parse.CalcitePlanner.genOPTree(CalcitePlanner.java:626)
	at org.apache.hadoop.hive.ql.parse.SemanticAnalyzer.analyzeInternal(SemanticAnalyzer.java:12558)
	at org.apache.hadoop.hive.ql.parse.CalcitePlanner.analyzeInternal(CalcitePlanner.java:456)
	at org.apache.hadoop.hive.ql.parse.RewriteSemanticAnalyzer.analyzeInternal(RewriteSemanticAnalyzer.java:67)
	at org.apache.hadoop.hive.ql.parse.BaseSemanticAnalyzer.analyze(BaseSemanticAnalyzer.java:317)
	at org.apache.hadoop.hive.ql.parse.UpdateDeleteSemanticAnalyzer.reparseAndSuperAnalyze(UpdateDeleteSemanticAnalyzer.java:208)
	at org.apache.hadoop.hive.ql.parse.UpdateDeleteSemanticAnalyzer.analyzeUpdate(UpdateDeleteSemanticAnalyzer.java:63)
	at org.apache.hadoop.hive.ql.parse.UpdateDeleteSemanticAnalyzer.analyze(UpdateDeleteSemanticAnalyzer.java:53)
	at org.apache.hadoop.hive.ql.parse.RewriteSemanticAnalyzer.analyzeInternal(RewriteSemanticAnalyzer.java:72)
	at org.apache.hadoop.hive.ql.parse.BaseSemanticAnalyzer.analyze(BaseSemanticAnalyzer.java:317)
	at org.apache.hadoop.hive.ql.Compiler.analyze(Compiler.java:223)
	at org.apache.hadoop.hive.ql.Compiler.compile(Compiler.java:105)
	at org.apache.hadoop.hive.ql.Driver.compile(Driver.java:500)
	at org.apache.hadoop.hive.ql.Driver.compileInternal(Driver.java:453)
	at org.apache.hadoop.hive.ql.Driver.runInternal(Driver.java:181)
	at org.apache.hadoop.hive.ql.Driver.run(Driver.java:153)
	at org.apache.hadoop.hive.ql.Driver.run(Driver.java:140)
	at org.apache.hadoop.hive.ql.TxnCommandsBaseForTests.runStatementOnDriver(TxnCommandsBaseForTests.java:245)
	at org.apache.hadoop.hive.ql.TestTxnNoBuckets.testNonAcidToAcidVectorzied(TestTxnNoBuckets.java:726)
	at sun.reflect.NativeMethodAccessorImpl.invoke0(Native Method)
	at sun.reflect.NativeMethodAccessorImpl.invoke(NativeMethodAccessorImpl.java:62)
	at sun.reflect.DelegatingMethodAccessorImpl.invoke(DelegatingMethodAccessorImpl.java:43)
	at java.lang.reflect.Method.invoke(Method.java:498)
	at org.junit.runners.model.FrameworkMethod$1.runReflectiveCall(FrameworkMethod.java:59)
	at org.junit.internal.runners.model.ReflectiveCallable.run(ReflectiveCallable.java:12)
	at org.junit.runners.model.FrameworkMethod.invokeExplosively(FrameworkMethod.java:56)
	at org.junit.internal.runners.statements.InvokeMethod.evaluate(InvokeMethod.java:17)
	at org.junit.internal.runners.statements.RunBefores.evaluate(RunBefores.java:26)
	at org.junit.internal.runners.statements.RunAfters.evaluate(RunAfters.java:27)
	at org.junit.rules.TestWatcher$1.evaluate(TestWatcher.java:61)
	at org.junit.runners.ParentRunner$3.evaluate(ParentRunner.java:306)
	at org.junit.runners.BlockJUnit4ClassRunner$1.evaluate(BlockJUnit4ClassRunner.java:100)
	at org.junit.runners.ParentRunner.runLeaf(ParentRunner.java:366)
	at org.junit.runners.BlockJUnit4ClassRunner.runChild(BlockJUnit4ClassRunner.java:103)
	at org.junit.runners.BlockJUnit4ClassRunner.runChild(BlockJUnit4ClassRunner.java:63)
	at org.junit.runners.ParentRunner$4.run(ParentRunner.java:331)
	at org.junit.runners.ParentRunner$1.schedule(ParentRunner.java:79)
	at org.junit.runners.ParentRunner.runChildren(ParentRunner.java:329)
	at org.junit.runners.ParentRunner.access$100(ParentRunner.java:66)
	at org.junit.runners.ParentRunner$2.evaluate(ParentRunner.java:293)
	at org.junit.runners.ParentRunner$3.evaluate(ParentRunner.java:306)
	at org.junit.runners.ParentRunner.run(ParentRunner.java:413)
	at org.junit.runner.JUnitCore.run(JUnitCore.java:137)
	at org.junit.runner.JUnitCore.run(JUnitCore.java:115)
	at org.junit.vintage.engine.execution.RunnerExecutor.execute(RunnerExecutor.java:43)
	at java.util.stream.ForEachOps$ForEachOp$OfRef.accept(ForEachOps.java:183)
	at java.util.stream.ReferencePipeline$3$1.accept(ReferencePipeline.java:193)
	at java.util.Iterator.forEachRemaining(Iterator.java:116)
	at java.util.Spliterators$IteratorSpliterator.forEachRemaining(Spliterators.java:1801)
	at java.util.stream.AbstractPipeline.copyInto(AbstractPipeline.java:482)
	at java.util.stream.AbstractPipeline.wrapAndCopyInto(AbstractPipeline.java:472)
	at java.util.stream.ForEachOps$ForEachOp.evaluateSequential(ForEachOps.java:150)
	at java.util.stream.ForEachOps$ForEachOp$OfRef.evaluateSequential(ForEachOps.java:173)
	at java.util.stream.AbstractPipeline.evaluate(AbstractPipeline.java:234)
	at java.util.stream.ReferencePipeline.forEach(ReferencePipeline.java:485)
	at org.junit.vintage.engine.VintageTestEngine.executeAllChildren(VintageTestEngine.java:82)
	at org.junit.vintage.engine.VintageTestEngine.execute(VintageTestEngine.java:73)
	at org.junit.platform.launcher.core.DefaultLauncher.execute(DefaultLauncher.java:248)
	at org.junit.platform.launcher.core.DefaultLauncher.lambda$execute$5(DefaultLauncher.java:211)
	at org.junit.platform.launcher.core.DefaultLauncher.withInterceptedStreams(DefaultLauncher.java:226)
	at org.junit.platform.launcher.core.DefaultLauncher.execute(DefaultLauncher.java:199)
	at org.junit.platform.launcher.core.DefaultLauncher.execute(DefaultLauncher.java:132)
	at org.apache.maven.surefire.junitplatform.JUnitPlatformProvider.invokeAllTests(JUnitPlatformProvider.java:154)
	at org.apache.maven.surefire.junitplatform.JUnitPlatformProvider.invoke(JUnitPlatformProvider.java:123)
	at org.apache.maven.surefire.booter.ForkedBooter.runSuitesInProcess(ForkedBooter.java:377)
	at org.apache.maven.surefire.booter.ForkedBooter.execute(ForkedBooter.java:138)
	at org.apache.maven.surefire.booter.ForkedBooter.run(ForkedBooter.java:465)
	at org.apache.maven.surefire.booter.ForkedBooter.main(ForkedBooter.java:451)

2024-04-24T05:23:17,404  INFO [main] metadata.Hive: Dumping metastore api call timing information for : compilation phase
2024-04-24T05:23:17,404  INFO [main] metadata.Hive: Total time spent in each metastore function (ms): {getAllTableConstraints_(AllTableConstraintsRequest)=4, openTxn_(String, TxnType)=2, getValidTxns_(long)=0, getValidWriteIds_(List, String)=3, getTable_(GetTableRequest)=32, commitTxn_(CommitTxnRequest)=12, getTableColumnStatistics_(String, String, List, String)=9, isCompatibleWith_(Configuration)=0, flushCache_()=0, getNotNullConstraints_(NotNullConstraintsRequest)=1, getCheckConstraints_(CheckConstraintsRequest)=1}
2024-04-24T05:23:17,404  INFO [main] ql.Driver: Completed compiling command(queryId=alex_20240424052317_e68876d8-b43c-4093-a06a-7f76882fa446); Time taken: 0.144 seconds
2024-04-24T05:23:17,404  INFO [main] lockmgr.DbTxnManager: Stopped heartbeat for query: null
2024-04-24T05:23:17,407  INFO [main] txn.TxnHandler: Removed transactions: ([25]) from MIN_HISTORY_LEVEL
2024-04-24T05:23:17,413  INFO [main] ql.TxnCommandsBaseForTests: Running the query: drop table if exists acidTbl
2024-04-24T05:23:17,413  INFO [main] ql.Driver: Compiling command(queryId=alex_20240424052317_7232a9dc-91e3-42f7-a8b9-3214b6ceec56): drop table if exists acidTbl
2024-04-24T05:23:17,415  INFO [main] txn.TxnHandler: Added entries to MIN_HISTORY_LEVEL for current txns: ([26]) with min_open_txn: 24
2024-04-24T05:23:17,415  INFO [main] lockmgr.DbTxnManager: Opened txnid:26
2024-04-24T05:23:17,415  INFO [main] HiveMetaStore.audit: ugi=alex	ip=unknown-ip-addr	cmd=get_table : tbl=hive.default.acidTbl	
2024-04-24T05:23:17,421  INFO [main] metastore.HMSHandler: Skipping translation for processor with null
2024-04-24T05:23:17,421  INFO [main] ql.Driver: Semantic Analysis Completed (retrial = false)
2024-04-24T05:23:17,421  INFO [main] ql.Driver: Created Hive schema: Schema(fieldSchemas:null, properties:null)
2024-04-24T05:23:17,421  INFO [main] metadata.Hive: Dumping metastore api call timing information for : compilation phase
2024-04-24T05:23:17,421  INFO [main] metadata.Hive: Total time spent in each metastore function (ms): {openTxn_(String, TxnType)=2, rollbackTxn_(long)=8, getValidTxns_(long)=0, flushCache_()=0, getTable_(GetTableRequest)=6, isCompatibleWith_(Configuration)=0}
2024-04-24T05:23:17,422  INFO [main] ql.Driver: Completed compiling command(queryId=alex_20240424052317_7232a9dc-91e3-42f7-a8b9-3214b6ceec56); Time taken: 0.008 seconds
2024-04-24T05:23:17,422  INFO [main] lockmgr.DbTxnManager: Setting lock request transaction to txnid:26 for queryId=alex_20240424052317_7232a9dc-91e3-42f7-a8b9-3214b6ceec56
2024-04-24T05:23:17,422  INFO [main] lockmgr.DbLockManager: Requesting lock for queryId=alex_20240424052317_7232a9dc-91e3-42f7-a8b9-3214b6ceec56
2024-04-24T05:23:17,434  INFO [main] lockmgr.DbLockManager: Response to queryId=alex_20240424052317_7232a9dc-91e3-42f7-a8b9-3214b6ceec56 LockResponse(lockid:15, state:ACQUIRED)
2024-04-24T05:23:17,434  INFO [main] ql.Driver: Operation DROPTABLE obtained 1 locks
2024-04-24T05:23:17,434  INFO [main] ql.Driver: Executing command(queryId=alex_20240424052317_7232a9dc-91e3-42f7-a8b9-3214b6ceec56): drop table if exists acidTbl
2024-04-24T05:23:17,434  INFO [main] ql.Driver: Starting task [Stage-0:DDL] in serial mode
2024-04-24T05:23:17,435  INFO [main] HiveMetaStore.audit: ugi=alex	ip=unknown-ip-addr	cmd=get_table : tbl=hive.default.acidTbl	
2024-04-24T05:23:17,440  INFO [main] metastore.HMSHandler: Skipping translation for processor with null
2024-04-24T05:23:17,441  INFO [main] HiveMetaStore.audit: ugi=alex	ip=unknown-ip-addr	cmd=get_table : tbl=hive.default.acidTbl	
2024-04-24T05:23:17,446  INFO [main] metastore.HMSHandler: Skipping translation for processor with null
2024-04-24T05:23:17,446  INFO [main] HiveMetaStore.audit: ugi=alex	ip=unknown-ip-addr	cmd=drop_table : tbl=hive.default.acidTbl	
2024-04-24T05:23:17,528  INFO [main] metadata.Hive: Dumping metastore api call timing information for : execution phase
2024-04-24T05:23:17,529  INFO [main] metadata.Hive: Total time spent in each metastore function (ms): {isCompatibleWith_(Configuration)=1, dropTable_(String, String, boolean, boolean, boolean)=87, getTable_(GetTableRequest)=6}
2024-04-24T05:23:17,529  INFO [main] ql.Driver: Completed executing command(queryId=alex_20240424052317_7232a9dc-91e3-42f7-a8b9-3214b6ceec56); Time taken: 0.094 seconds
2024-04-24T05:23:17,529  INFO [main] lockmgr.DbTxnManager: Stopped heartbeat for query: alex_20240424052317_7232a9dc-91e3-42f7-a8b9-3214b6ceec56
2024-04-24T05:23:17,532  INFO [main] txn.TxnHandler: Expected to move at least one record from txn_components to completed_txn_components when committing txn! txnid:26
2024-04-24T05:23:17,537  INFO [main] txn.TxnHandler: Removed transactions: ([26]) from MIN_HISTORY_LEVEL
2024-04-24T05:23:17,538  WARN [main] txn.CompactionTxnHandler: No compaction queue record found for Compaction type transaction commit. txnId:26
2024-04-24T05:23:17,538  INFO [main] ql.TxnCommandsBaseForTests: Running the query: drop table if exists acidTblPart
2024-04-24T05:23:17,539  INFO [main] ql.Driver: Compiling command(queryId=alex_20240424052317_6aa72929-d8f8-4d5e-a13b-cbd723843407): drop table if exists acidTblPart
2024-04-24T05:23:17,545  INFO [main] txn.TxnHandler: Added entries to MIN_HISTORY_LEVEL for current txns: ([27]) with min_open_txn: 24
2024-04-24T05:23:17,546  INFO [main] lockmgr.DbTxnManager: Opened txnid:27
2024-04-24T05:23:17,548  INFO [main] HiveMetaStore.audit: ugi=alex	ip=unknown-ip-addr	cmd=get_table : tbl=hive.default.acidTblPart	
2024-04-24T05:23:17,553  INFO [main] metastore.HMSHandler: Skipping translation for processor with null
2024-04-24T05:23:17,554  INFO [main] ql.Driver: Semantic Analysis Completed (retrial = false)
2024-04-24T05:23:17,554  INFO [main] ql.Driver: Created Hive schema: Schema(fieldSchemas:null, properties:null)
2024-04-24T05:23:17,554  INFO [main] metadata.Hive: Dumping metastore api call timing information for : compilation phase
2024-04-24T05:23:17,554  INFO [main] metadata.Hive: Total time spent in each metastore function (ms): {getTable_(GetTableRequest)=6, isCompatibleWith_(Configuration)=0, commitTxn_(CommitTxnRequest)=9, openTxn_(String, TxnType)=7, getValidTxns_(long)=2, flushCache_()=0}
2024-04-24T05:23:17,554  INFO [main] ql.Driver: Completed compiling command(queryId=alex_20240424052317_6aa72929-d8f8-4d5e-a13b-cbd723843407); Time taken: 0.015 seconds
2024-04-24T05:23:17,554  INFO [main] lockmgr.DbTxnManager: Setting lock request transaction to txnid:27 for queryId=alex_20240424052317_6aa72929-d8f8-4d5e-a13b-cbd723843407
2024-04-24T05:23:17,555  INFO [main] lockmgr.DbLockManager: Requesting lock for queryId=alex_20240424052317_6aa72929-d8f8-4d5e-a13b-cbd723843407
2024-04-24T05:23:17,569  INFO [main] lockmgr.DbLockManager: Response to queryId=alex_20240424052317_6aa72929-d8f8-4d5e-a13b-cbd723843407 LockResponse(lockid:16, state:ACQUIRED)
2024-04-24T05:23:17,569  INFO [main] ql.Driver: Operation DROPTABLE obtained 1 locks
2024-04-24T05:23:17,569  INFO [main] ql.Driver: Executing command(queryId=alex_20240424052317_6aa72929-d8f8-4d5e-a13b-cbd723843407): drop table if exists acidTblPart
2024-04-24T05:23:17,569  INFO [main] ql.Driver: Starting task [Stage-0:DDL] in serial mode
2024-04-24T05:23:17,569  INFO [main] HiveMetaStore.audit: ugi=alex	ip=unknown-ip-addr	cmd=get_table : tbl=hive.default.acidTblPart	
2024-04-24T05:23:17,575  INFO [main] metastore.HMSHandler: Skipping translation for processor with null
2024-04-24T05:23:17,575  INFO [main] HiveMetaStore.audit: ugi=alex	ip=unknown-ip-addr	cmd=get_table : tbl=hive.default.acidTblPart	
2024-04-24T05:23:17,580  INFO [main] metastore.HMSHandler: Skipping translation for processor with null
2024-04-24T05:23:17,581  INFO [main] HiveMetaStore.audit: ugi=alex	ip=unknown-ip-addr	cmd=drop_table : tbl=hive.default.acidTblPart	
2024-04-24T05:23:17,616  INFO [main] metadata.Hive: Dumping metastore api call timing information for : execution phase
2024-04-24T05:23:17,616  INFO [main] metadata.Hive: Total time spent in each metastore function (ms): {dropTable_(String, String, boolean, boolean, boolean)=41, getTable_(GetTableRequest)=6, isCompatibleWith_(Configuration)=0}
2024-04-24T05:23:17,616  INFO [main] ql.Driver: Completed executing command(queryId=alex_20240424052317_6aa72929-d8f8-4d5e-a13b-cbd723843407); Time taken: 0.047 seconds
2024-04-24T05:23:17,616  INFO [main] lockmgr.DbTxnManager: Stopped heartbeat for query: alex_20240424052317_6aa72929-d8f8-4d5e-a13b-cbd723843407
2024-04-24T05:23:17,620  INFO [main] txn.TxnHandler: Expected to move at least one record from txn_components to completed_txn_components when committing txn! txnid:27
2024-04-24T05:23:17,624  INFO [main] txn.TxnHandler: Removed transactions: ([27]) from MIN_HISTORY_LEVEL
2024-04-24T05:23:17,625  WARN [main] txn.CompactionTxnHandler: No compaction queue record found for Compaction type transaction commit. txnId:27
2024-04-24T05:23:17,625  INFO [main] ql.TxnCommandsBaseForTests: Running the query: drop table if exists acidTbl2
2024-04-24T05:23:17,625  INFO [main] ql.Driver: Compiling command(queryId=alex_20240424052317_adaa2496-a491-44f2-bb04-7c5ea970964a): drop table if exists acidTbl2
2024-04-24T05:23:17,627  INFO [main] txn.TxnHandler: Added entries to MIN_HISTORY_LEVEL for current txns: ([28]) with min_open_txn: 24
2024-04-24T05:23:17,628  INFO [main] lockmgr.DbTxnManager: Opened txnid:28
2024-04-24T05:23:17,628  INFO [main] ql.Driver: Semantic Analysis Completed (retrial = false)
2024-04-24T05:23:17,628  INFO [main] ql.Driver: Created Hive schema: Schema(fieldSchemas:null, properties:null)
2024-04-24T05:23:17,628  INFO [main] metadata.Hive: Dumping metastore api call timing information for : compilation phase
2024-04-24T05:23:17,629  INFO [main] metadata.Hive: Total time spent in each metastore function (ms): {openTxn_(String, TxnType)=2, getValidTxns_(long)=0, flushCache_()=1, isCompatibleWith_(Configuration)=0, getTable_(GetTableRequest)=0, commitTxn_(CommitTxnRequest)=9}
2024-04-24T05:23:17,629  INFO [main] ql.Driver: Completed compiling command(queryId=alex_20240424052317_adaa2496-a491-44f2-bb04-7c5ea970964a); Time taken: 0.003 seconds
2024-04-24T05:23:17,629  INFO [main] lockmgr.DbTxnManager: Setting lock request transaction to txnid:28 for queryId=alex_20240424052317_adaa2496-a491-44f2-bb04-7c5ea970964a
2024-04-24T05:23:17,629  INFO [main] ql.Driver: Operation DROPTABLE obtained 0 locks
2024-04-24T05:23:17,629  INFO [main] ql.Driver: Executing command(queryId=alex_20240424052317_adaa2496-a491-44f2-bb04-7c5ea970964a): drop table if exists acidTbl2
2024-04-24T05:23:17,629  INFO [main] ql.Driver: Starting task [Stage-0:DDL] in serial mode
2024-04-24T05:23:17,630  INFO [main] metadata.SessionHiveMetaStoreClient: Column stats doesn't exist for db=default temp table=acidTbl2
2024-04-24T05:23:17,630  INFO [main] metadata.Hive: Dumping metastore api call timing information for : execution phase
2024-04-24T05:23:17,630  INFO [main] metadata.Hive: Total time spent in each metastore function (ms): {isCompatibleWith_(Configuration)=0, getTable_(GetTableRequest)=0, dropTable_(String, String, boolean, boolean, boolean)=0}
2024-04-24T05:23:17,630  INFO [main] ql.Driver: Completed executing command(queryId=alex_20240424052317_adaa2496-a491-44f2-bb04-7c5ea970964a); Time taken: 0.001 seconds
2024-04-24T05:23:17,630  INFO [main] lockmgr.DbTxnManager: Stopped heartbeat for query: alex_20240424052317_adaa2496-a491-44f2-bb04-7c5ea970964a
2024-04-24T05:23:17,635  INFO [main] txn.TxnHandler: Expected to move at least one record from txn_components to completed_txn_components when committing txn! txnid:28
2024-04-24T05:23:17,640  INFO [main] txn.TxnHandler: Removed transactions: ([28]) from MIN_HISTORY_LEVEL
2024-04-24T05:23:17,640  WARN [main] txn.CompactionTxnHandler: No compaction queue record found for Compaction type transaction commit. txnId:28
2024-04-24T05:23:17,640  INFO [main] ql.TxnCommandsBaseForTests: Running the query: drop table if exists nonAcidOrcTbl
2024-04-24T05:23:17,640  INFO [main] ql.Driver: Compiling command(queryId=alex_20240424052317_ef56ba98-3206-4648-8f98-bebe93bf84d4): drop table if exists nonAcidOrcTbl
2024-04-24T05:23:17,642  INFO [main] txn.TxnHandler: Added entries to MIN_HISTORY_LEVEL for current txns: ([29]) with min_open_txn: 24
2024-04-24T05:23:17,642  INFO [main] lockmgr.DbTxnManager: Opened txnid:29
2024-04-24T05:23:17,643  INFO [main] HiveMetaStore.audit: ugi=alex	ip=unknown-ip-addr	cmd=get_table : tbl=hive.default.nonAcidOrcTbl	
2024-04-24T05:23:17,660  INFO [main] metastore.HMSHandler: Skipping translation for processor with null
2024-04-24T05:23:17,661  INFO [main] ql.Driver: Semantic Analysis Completed (retrial = false)
2024-04-24T05:23:17,661  INFO [main] ql.Driver: Created Hive schema: Schema(fieldSchemas:null, properties:null)
2024-04-24T05:23:17,661  INFO [main] metadata.Hive: Dumping metastore api call timing information for : compilation phase
2024-04-24T05:23:17,661  INFO [main] metadata.Hive: Total time spent in each metastore function (ms): {getTable_(GetTableRequest)=18, openTxn_(String, TxnType)=1, flushCache_()=0, isCompatibleWith_(Configuration)=0, getValidTxns_(long)=0, commitTxn_(CommitTxnRequest)=10}
2024-04-24T05:23:17,661  INFO [main] ql.Driver: Completed compiling command(queryId=alex_20240424052317_ef56ba98-3206-4648-8f98-bebe93bf84d4); Time taken: 0.021 seconds
2024-04-24T05:23:17,661  INFO [main] lockmgr.DbTxnManager: Setting lock request transaction to txnid:29 for queryId=alex_20240424052317_ef56ba98-3206-4648-8f98-bebe93bf84d4
2024-04-24T05:23:17,662  INFO [main] lockmgr.DbLockManager: Requesting lock for queryId=alex_20240424052317_ef56ba98-3206-4648-8f98-bebe93bf84d4
2024-04-24T05:23:17,675  INFO [main] lockmgr.DbLockManager: Response to queryId=alex_20240424052317_ef56ba98-3206-4648-8f98-bebe93bf84d4 LockResponse(lockid:17, state:ACQUIRED)
2024-04-24T05:23:17,675  INFO [main] ql.Driver: Operation DROPTABLE obtained 1 locks
2024-04-24T05:23:17,675  INFO [main] ql.Driver: Executing command(queryId=alex_20240424052317_ef56ba98-3206-4648-8f98-bebe93bf84d4): drop table if exists nonAcidOrcTbl
2024-04-24T05:23:17,676  INFO [main] ql.Driver: Starting task [Stage-0:DDL] in serial mode
2024-04-24T05:23:17,676  INFO [main] HiveMetaStore.audit: ugi=alex	ip=unknown-ip-addr	cmd=get_table : tbl=hive.default.nonAcidOrcTbl	
2024-04-24T05:23:17,688  INFO [main] metastore.HMSHandler: Skipping translation for processor with null
2024-04-24T05:23:17,688  INFO [main] HiveMetaStore.audit: ugi=alex	ip=unknown-ip-addr	cmd=get_table : tbl=hive.default.nonAcidOrcTbl	
2024-04-24T05:23:17,695  INFO [main] metastore.HMSHandler: Skipping translation for processor with null
2024-04-24T05:23:17,696  INFO [main] HiveMetaStore.audit: ugi=alex	ip=unknown-ip-addr	cmd=drop_table : tbl=hive.default.nonAcidOrcTbl	
2024-04-24T05:23:17,770  INFO [main] metadata.Hive: Dumping metastore api call timing information for : execution phase
2024-04-24T05:23:17,770  INFO [main] metadata.Hive: Total time spent in each metastore function (ms): {isCompatibleWith_(Configuration)=0, getTable_(GetTableRequest)=12, dropTable_(String, String, boolean, boolean, boolean)=82}
2024-04-24T05:23:17,771  INFO [main] ql.Driver: Completed executing command(queryId=alex_20240424052317_ef56ba98-3206-4648-8f98-bebe93bf84d4); Time taken: 0.095 seconds
2024-04-24T05:23:17,771  INFO [main] lockmgr.DbTxnManager: Stopped heartbeat for query: alex_20240424052317_ef56ba98-3206-4648-8f98-bebe93bf84d4
2024-04-24T05:23:17,774  INFO [main] txn.TxnHandler: Expected to move at least one record from txn_components to completed_txn_components when committing txn! txnid:29
2024-04-24T05:23:17,779  INFO [main] txn.TxnHandler: Removed transactions: ([29]) from MIN_HISTORY_LEVEL
2024-04-24T05:23:17,779  WARN [main] txn.CompactionTxnHandler: No compaction queue record found for Compaction type transaction commit. txnId:29
2024-04-24T05:23:17,779  INFO [main] ql.TxnCommandsBaseForTests: Running the query: drop table if exists nonAcidOrcTbl2
2024-04-24T05:23:17,780  INFO [main] ql.Driver: Compiling command(queryId=alex_20240424052317_0e46d936-1439-4c3b-b29c-0a2a4984339d): drop table if exists nonAcidOrcTbl2
2024-04-24T05:23:17,782  INFO [main] txn.TxnHandler: Added entries to MIN_HISTORY_LEVEL for current txns: ([30]) with min_open_txn: 24
2024-04-24T05:23:17,782  INFO [main] lockmgr.DbTxnManager: Opened txnid:30
2024-04-24T05:23:17,782  INFO [main] HiveMetaStore.audit: ugi=alex	ip=unknown-ip-addr	cmd=get_table : tbl=hive.default.nonAcidOrcTbl2	
2024-04-24T05:23:17,790  INFO [main] metastore.HMSHandler: Skipping translation for processor with null
2024-04-24T05:23:17,790  INFO [main] ql.Driver: Semantic Analysis Completed (retrial = false)
2024-04-24T05:23:17,790  INFO [main] ql.Driver: Created Hive schema: Schema(fieldSchemas:null, properties:null)
2024-04-24T05:23:17,790  INFO [main] metadata.Hive: Dumping metastore api call timing information for : compilation phase
2024-04-24T05:23:17,790  INFO [main] metadata.Hive: Total time spent in each metastore function (ms): {getValidTxns_(long)=0, openTxn_(String, TxnType)=2, commitTxn_(CommitTxnRequest)=8, flushCache_()=0, isCompatibleWith_(Configuration)=0, getTable_(GetTableRequest)=8}
2024-04-24T05:23:17,790  INFO [main] ql.Driver: Completed compiling command(queryId=alex_20240424052317_0e46d936-1439-4c3b-b29c-0a2a4984339d); Time taken: 0.01 seconds
2024-04-24T05:23:17,791  INFO [main] lockmgr.DbTxnManager: Setting lock request transaction to txnid:30 for queryId=alex_20240424052317_0e46d936-1439-4c3b-b29c-0a2a4984339d
2024-04-24T05:23:17,791  INFO [main] lockmgr.DbLockManager: Requesting lock for queryId=alex_20240424052317_0e46d936-1439-4c3b-b29c-0a2a4984339d
2024-04-24T05:23:17,804  INFO [main] lockmgr.DbLockManager: Response to queryId=alex_20240424052317_0e46d936-1439-4c3b-b29c-0a2a4984339d LockResponse(lockid:18, state:ACQUIRED)
2024-04-24T05:23:17,804  INFO [main] ql.Driver: Operation DROPTABLE obtained 1 locks
2024-04-24T05:23:17,804  INFO [main] ql.Driver: Executing command(queryId=alex_20240424052317_0e46d936-1439-4c3b-b29c-0a2a4984339d): drop table if exists nonAcidOrcTbl2
2024-04-24T05:23:17,804  INFO [main] ql.Driver: Starting task [Stage-0:DDL] in serial mode
2024-04-24T05:23:17,804  INFO [main] HiveMetaStore.audit: ugi=alex	ip=unknown-ip-addr	cmd=get_table : tbl=hive.default.nonAcidOrcTbl2	
2024-04-24T05:23:17,812  INFO [main] metastore.HMSHandler: Skipping translation for processor with null
2024-04-24T05:23:17,812  INFO [main] HiveMetaStore.audit: ugi=alex	ip=unknown-ip-addr	cmd=get_table : tbl=hive.default.nonAcidOrcTbl2	
2024-04-24T05:23:17,819  INFO [main] metastore.HMSHandler: Skipping translation for processor with null
2024-04-24T05:23:17,819  INFO [main] HiveMetaStore.audit: ugi=alex	ip=unknown-ip-addr	cmd=drop_table : tbl=hive.default.nonAcidOrcTbl2	
2024-04-24T05:23:17,845  INFO [main] metadata.Hive: Dumping metastore api call timing information for : execution phase
2024-04-24T05:23:17,846  INFO [main] metadata.Hive: Total time spent in each metastore function (ms): {getTable_(GetTableRequest)=8, isCompatibleWith_(Configuration)=0, dropTable_(String, String, boolean, boolean, boolean)=33}
2024-04-24T05:23:17,846  INFO [main] ql.Driver: Completed executing command(queryId=alex_20240424052317_0e46d936-1439-4c3b-b29c-0a2a4984339d); Time taken: 0.041 seconds
2024-04-24T05:23:17,846  INFO [main] lockmgr.DbTxnManager: Stopped heartbeat for query: alex_20240424052317_0e46d936-1439-4c3b-b29c-0a2a4984339d
2024-04-24T05:23:17,849  INFO [main] txn.TxnHandler: Expected to move at least one record from txn_components to completed_txn_components when committing txn! txnid:30
2024-04-24T05:23:17,854  INFO [main] txn.TxnHandler: Removed transactions: ([30]) from MIN_HISTORY_LEVEL
2024-04-24T05:23:17,854  WARN [main] txn.CompactionTxnHandler: No compaction queue record found for Compaction type transaction commit. txnId:30
2024-04-24T05:23:17,855  INFO [main] ql.TxnCommandsBaseForTests: Running the query: drop table if exists nonAcidNonBucket
2024-04-24T05:23:17,855  INFO [main] ql.Driver: Compiling command(queryId=alex_20240424052317_e5a026b3-d39b-41ee-8c23-08e3dbab8728): drop table if exists nonAcidNonBucket
2024-04-24T05:23:17,857  INFO [main] txn.TxnHandler: Added entries to MIN_HISTORY_LEVEL for current txns: ([31]) with min_open_txn: 24
2024-04-24T05:23:17,857  INFO [main] lockmgr.DbTxnManager: Opened txnid:31
2024-04-24T05:23:17,857  INFO [main] HiveMetaStore.audit: ugi=alex	ip=unknown-ip-addr	cmd=get_table : tbl=hive.default.nonAcidNonBucket	
2024-04-24T05:23:17,865  INFO [main] metastore.HMSHandler: Skipping translation for processor with null
2024-04-24T05:23:17,865  INFO [main] ql.Driver: Semantic Analysis Completed (retrial = false)
2024-04-24T05:23:17,865  INFO [main] ql.Driver: Created Hive schema: Schema(fieldSchemas:null, properties:null)
2024-04-24T05:23:17,865  INFO [main] metadata.Hive: Dumping metastore api call timing information for : compilation phase
2024-04-24T05:23:17,865  INFO [main] metadata.Hive: Total time spent in each metastore function (ms): {isCompatibleWith_(Configuration)=0, commitTxn_(CommitTxnRequest)=8, getTable_(GetTableRequest)=8, flushCache_()=0, openTxn_(String, TxnType)=2, getValidTxns_(long)=0}
2024-04-24T05:23:17,865  INFO [main] ql.Driver: Completed compiling command(queryId=alex_20240424052317_e5a026b3-d39b-41ee-8c23-08e3dbab8728); Time taken: 0.01 seconds
2024-04-24T05:23:17,866  INFO [main] lockmgr.DbTxnManager: Setting lock request transaction to txnid:31 for queryId=alex_20240424052317_e5a026b3-d39b-41ee-8c23-08e3dbab8728
2024-04-24T05:23:17,866  INFO [main] lockmgr.DbLockManager: Requesting lock for queryId=alex_20240424052317_e5a026b3-d39b-41ee-8c23-08e3dbab8728
2024-04-24T05:23:17,878  INFO [main] lockmgr.DbLockManager: Response to queryId=alex_20240424052317_e5a026b3-d39b-41ee-8c23-08e3dbab8728 LockResponse(lockid:19, state:ACQUIRED)
2024-04-24T05:23:17,878  INFO [main] ql.Driver: Operation DROPTABLE obtained 1 locks
2024-04-24T05:23:17,878  INFO [main] ql.Driver: Executing command(queryId=alex_20240424052317_e5a026b3-d39b-41ee-8c23-08e3dbab8728): drop table if exists nonAcidNonBucket
2024-04-24T05:23:17,878  INFO [main] ql.Driver: Starting task [Stage-0:DDL] in serial mode
2024-04-24T05:23:17,878  INFO [main] HiveMetaStore.audit: ugi=alex	ip=unknown-ip-addr	cmd=get_table : tbl=hive.default.nonAcidNonBucket	
2024-04-24T05:23:17,886  INFO [main] metastore.HMSHandler: Skipping translation for processor with null
2024-04-24T05:23:17,886  INFO [main] HiveMetaStore.audit: ugi=alex	ip=unknown-ip-addr	cmd=get_table : tbl=hive.default.nonAcidNonBucket	
2024-04-24T05:23:17,893  INFO [main] metastore.HMSHandler: Skipping translation for processor with null
2024-04-24T05:23:17,893  INFO [main] HiveMetaStore.audit: ugi=alex	ip=unknown-ip-addr	cmd=drop_table : tbl=hive.default.nonAcidNonBucket	
2024-04-24T05:23:17,921  INFO [main] metadata.Hive: Dumping metastore api call timing information for : execution phase
2024-04-24T05:23:17,921  INFO [main] metadata.Hive: Total time spent in each metastore function (ms): {dropTable_(String, String, boolean, boolean, boolean)=35, isCompatibleWith_(Configuration)=0, getTable_(GetTableRequest)=8}
2024-04-24T05:23:17,921  INFO [main] ql.Driver: Completed executing command(queryId=alex_20240424052317_e5a026b3-d39b-41ee-8c23-08e3dbab8728); Time taken: 0.043 seconds
2024-04-24T05:23:17,921  INFO [main] lockmgr.DbTxnManager: Stopped heartbeat for query: alex_20240424052317_e5a026b3-d39b-41ee-8c23-08e3dbab8728
2024-04-24T05:23:17,924  INFO [main] txn.TxnHandler: Expected to move at least one record from txn_components to completed_txn_components when committing txn! txnid:31
2024-04-24T05:23:17,929  INFO [main] txn.TxnHandler: Removed transactions: ([31]) from MIN_HISTORY_LEVEL
2024-04-24T05:23:17,929  WARN [main] txn.CompactionTxnHandler: No compaction queue record found for Compaction type transaction commit. txnId:31
2024-04-24T05:23:17,930  INFO [main] utils.TestTxnDbUtil: Cleaning transactional tables
]]></system-err>
  </testcase>
  <testcase name="testInsertOverwriteToAcidWithUnionRemove" classname="org.apache.hadoop.hive.ql.TestTxnNoBuckets" time="1.601"/>
  <testcase name="testCtasBucketed" classname="org.apache.hadoop.hive.ql.TestTxnNoBuckets" time="2.609"/>
</testsuite>